DS.d5.s0.i0 -1 2.05513955474
DS.d5.s0.i1 1.0 1.683312795
DS.d5.s0.i2 -1 2.73040149757
DS.d17.s0.i0 -1 -0.782314633357
DS.d17.s0.i1 -1 -0.797936869552
DS.d17.s1.i0 -1 0.293692848174
DS.d18.s0.i0 1.0 1.6645357247
DS.d24.s0.i0 -1 -1.89949134567
DS.d24.s1.i0 1.0 0.664711821638
DS.d58.s0.i0 1.0 0.123454191311
DS.d58.s1.i0 1.0 0.754383999779
DS.d58.s1.i1 1.0 0.933150871431
DS.d58.s2.i0 1.0 3.09228021017
DS.d58.s3.i0 1.0 0.996031892198
DS.d62.s0.i0 -1 1.2566426537
DS.d68.s0.i0 1.0 0.683001598987
DS.d75.s0.i0 -1 -0.130697562621
DS.d76.s0.i0 1.0 0.399914154326
DS.d76.s0.i1 1.0 0.674785937143
DS.d76.s0.i2 1.0 -0.0452540191901
DS.d76.s0.i3 1.0 0.176469203053
DS.d76.s1.i0 1.0 1.50875454672
DS.d76.s1.i1 1.0 0.824384210807
DS.d76.s1.i2 1.0 1.03691181732
DS.d76.s1.i3 1.0 -0.28445179767
DS.d92.s0.i0 1.0 0.866238024664
DS.d92.s1.i0 1.0 0.457109690285
DS.d92.s2.i0 1.0 1.70203645305
DS.d92.s3.i0 1.0 0.971092225637
DS.d106.s0.i0 1.0 0.623683004055
DS.d106.s0.i1 1.0 0.674953462604
DS.d117.s0.i0 1.0 1.41690109824
DS.d117.s1.i0 1.0 1.21568286026
DS.d117.s1.i1 -1 0.589881689873
DS.d117.s2.i0 1.0 0.487160537821
DS.d117.s2.i1 -1 0.642191825157
DS.d117.s2.i2 1.0 1.45257162676
DS.d117.s2.i3 -1 1.70513424489
DS.d117.s3.i0 1.0 -0.4112492054
DS.d117.s3.i1 1.0 -0.589419372885
DS.d117.s3.i2 1.0 -0.319695086908
DS.d117.s3.i3 1.0 -0.727856756328
DS.d126.s0.i0 1.0 0.852746006315
DS.d142.s0.i0 1.0 -0.143837068706
DS.d142.s0.i1 1.0 0.968052228979
DS.d152.s0.i0 1.0 -1.76323464537
DS.d152.s0.i1 1.0 -1.49964719223
DS.d152.s1.i0 1.0 1.47330516667
DS.d165.s0.i0 -1 1.49906175323
DS.d165.s0.i1 -1 1.63431477431
DS.d165.s0.i2 -1 0.0716137785269
DS.d165.s0.i3 -1 0.265768546479
DS.d165.s0.i4 1.0 0.889375264747
DS.d165.s0.i5 1.0 1.82534557774
DS.d165.s3.i0 -1 -0.19715796189
DS.d165.s3.i2 -1 0.117202295567
DS.d165.s6.i1 1.0 0.626065259929
DS.d165.s6.i2 1.0 1.07676741976
DS.d165.s6.i3 1.0 1.06271130989
DS.d165.s6.i5 1.0 1.45126461721
DS.d168.s0.i0 -1 -0.295403689075
DS.d173.s0.i0 1.0 0.470791313688
DS.d193.s0.i0 1.0 0.311252707391
DS.d193.s1.i0 1.0 1.56231953946
DS.d200.s0.i0 1.0 1.33319656583
DS.d200.s0.i1 -1 -0.43523711032
DS.d207.s0.i0 1.0 -0.337632954492
DS.d225.s0.i0 1.0 1.33056214593
DS.d225.s1.i0 1.0 -0.183517133531
DS.d227.s0.i0 1.0 0.56724851436
DS.d227.s0.i1 1.0 0.56724851436
DS.d231.s0.i0 -1 1.32421015184
DS.d252.s0.i0 1.0 0.110474387722
DS.d252.s1.i0 1.0 0.87263862164
DS.d252.s1.i1 1.0 1.02747792919
DS.d252.s1.i2 1.0 0.306043023048
DS.d252.s2.i0 -1 -0.542391012746
DS.d252.s2.i1 -1 -0.611652847766
DS.d252.s2.i2 -1 -0.217226438338
DS.d254.s0.i0 1.0 1.45380551186
DS.d254.s0.i1 1.0 1.52151780849
DS.d254.s1.i0 1.0 0.316761623496
DS.d254.s1.i1 1.0 0.382824387147
DS.d254.s2.i0 1.0 0.478565290969
DS.d254.s2.i1 1.0 0.118068219642
DS.d262.s0.i0 -1 1.39697168828
DS.d281.s0.i0 1.0 0.768041716892
DS.d281.s1.i0 1.0 0.967800824288
DS.d281.s1.i1 1.0 1.10995832126
DS.d298.s0.i0 1.0 2.32854807392
DS.d318.s0.i0 1.0 0.804277191877
DS.d318.s0.i1 1.0 1.01267721626
DS.d340.s0.i0 -1 0.495451380745
DS.d355.s0.i0 -1 -1.0156544121
DS.d358.s0.i0 1.0 1.55795952379
DS.d358.s1.i0 -1 1.05236222344
DS.d371.s0.i0 1.0 1.09719986291
DS.d371.s0.i2 1.0 1.36924842154
DS.d372.s0.i0 1.0 0.816884681648
DS.d372.s0.i1 1.0 0.172302643221
DS.d372.s1.i0 1.0 0.791785881867
DS.d372.s1.i1 -1 1.41611822814
DS.d372.s1.i2 1.0 0.0792239860367
DS.d372.s1.i3 -1 0.242530675764
DS.d392.s0.i0 1.0 2.77802802314
DS.d401.s0.i0 -1 -1.21080020714
DS.d401.s0.i1 -1 -0.262339799347
DS.d413.s0.i3 1.0 1.68292038083
DS.d419.s0.i0 -1 0.930346932822
DS.d450.s0.i0 1.0 0.92290649832
DS.d450.s1.i0 1.0 1.50941046919
DS.d450.s1.i1 -1 0.451863574922
DS.d454.s0.i0 -1 -0.6644649134
DS.d454.s0.i1 1.0 0.40574064224
DS.d454.s0.i2 -1 -0.200400544151
DS.d460.s0.i0 -1 0.939495487335
DS.d460.s1.i0 1.0 1.77462486152
DS.d463.s0.i0 -1 0.687014504781
DS.d470.s0.i0 1.0 -0.0799967841308
DS.d472.s0.i0 1.0 1.05896069299
DS.d472.s0.i1 1.0 1.20349383195
DS.d478.s0.i0 1.0 2.19286908877
DS.d499.s0.i0 1.0 2.82994486558
DS.d500.s0.i0 1.0 2.11797269064
DS.d517.s0.i0 1.0 0.339689957482
DS.d517.s0.i1 1.0 1.00761965162
DS.d527.s0.i0 1.0 -0.0857753278438
DS.d527.s0.i1 1.0 1.33281111533
DS.d527.s0.i2 1.0 0.263953522837
DS.d527.s0.i3 1.0 0.693189581064
DS.d527.s1.i0 1.0 0.792798678712
DS.d527.s1.i1 1.0 -0.541744895403
DS.d530.s0.i0 -1 0.384161419375
DS.d543.s0.i0 1.0 -0.170008207568
DS.d543.s0.i1 1.0 -0.625467665302
DS.d543.s0.i2 -1 -2.31024297322
DS.d609.s0.i0 -1 0.118176089793
DS.d609.s0.i1 -1 0.0897079096537
DS.d609.s1.i0 -1 0.0418052840154
DS.d609.s1.i1 -1 0.380376233283
DS.d609.s1.i2 1.0 1.58397425843
DS.d614.s0.i0 1.0 1.05105035931
DS.d614.s0.i1 1.0 1.37090945156
DS.d614.s0.i2 1.0 1.39474790746
DS.d614.s0.i3 1.0 0.886890135158
DS.d614.s0.i4 -1 1.20360350619
DS.d614.s0.i5 1.0 -0.214817630103
DS.d616.s0.i0 -1 -1.41808090293
DS.d616.s0.i1 -1 -1.57821764093
DS.d616.s0.i2 -1 -1.64394326546
DS.d616.s0.i3 -1 -1.06278795144
DS.d616.s0.i4 -1 -1.12733425302
DS.d616.s0.i5 -1 -1.69547830561
DS.d616.s0.i6 -1 -1.64394326546
DS.d616.s0.i7 -1 -1.28942816028
DS.d616.s0.i8 -1 -0.97695618551
DS.d616.s0.i9 -1 -1.1721674956
DS.d616.s0.i10 -1 -0.831941410165
DS.d616.s0.i11 -1 -2.04999341079
DS.d616.s0.i12 -1 -1.28371679736
DS.d616.s0.i13 -1 -1.13905009278
DS.d616.s0.i14 -1 -1.1721674956
DS.d616.s0.i15 -1 -1.54510023811
DS.d616.s0.i16 -1 -1.19974588085
DS.d616.s0.i17 -1 -1.35181318576
DS.d616.s0.i18 -1 -1.12490826713
DS.d616.s0.i19 -1 -1.48184935819
DS.d616.s1.i0 1.0 -0.249371345085
DS.d616.s1.i1 -1 -0.336843073636
DS.d616.s2.i0 1.0 0.383325197533
DS.d616.s2.i1 1.0 -0.0886844681289
DS.d627.s0.i0 1.0 0.266647659029
DS.d640.s0.i0 -1 0.551948384631
DS.d641.s0.i0 1.0 1.26475159915
DS.d641.s0.i1 1.0 0.689054748671
DS.d646.s0.i0 1.0 -0.0646553769432
DS.d646.s0.i1 1.0 -0.0646553769432
DS.d646.s0.i2 1.0 -0.034927692369
DS.d646.s0.i3 1.0 0.205068909034
DS.d646.s0.i4 1.0 0.157862763725
DS.d646.s0.i5 1.0 -0.0646553769432
DS.d657.s0.i0 1.0 -0.316811040253
DS.d660.s0.i0 1.0 0.378661698914
DS.d660.s0.i1 1.0 -0.162388874425
DS.d667.s0.i0 1.0 -0.360151386997
DS.d670.s0.i0 1.0 0.691443518165
DS.d670.s0.i1 1.0 0.761799737836
DS.d671.s0.i0 1.0 3.95829394356
DS.d671.s0.i1 1.0 2.27554835734
DS.d671.s0.i2 1.0 1.97512099269
DS.d675.s0.i0 1.0 2.10567819362
DS.d692.s0.i0 1.0 1.10284620575
DS.d692.s0.i1 1.0 1.01942135161
DS.d710.s0.i0 -1 -0.617130694447
DS.d721.s0.i0 -1 0.818929952523
DS.d721.s0.i1 -1 1.20739814383
DS.d721.s0.i2 -1 1.00704113341
DS.d721.s0.i3 1.0 0.0544903200716
DS.d721.s0.i4 -1 1.52788684819
DS.d721.s0.i5 -1 0.603123796397
DS.d731.s0.i0 -1 0.947726651557
DS.d731.s1.i0 -1 0.890875481546
DS.d731.s1.i1 -1 0.890875481546
DS.d731.s1.i2 1.0 1.42508251995
DS.d732.s0.i0 -1 0.977068668043
DS.d732.s0.i1 1.0 1.19071736475
DS.d732.s0.i2 1.0 0.648923283661
DS.d733.s0.i0 1.0 0.216910963913
DS.d733.s0.i1 1.0 1.10689970513
DS.d733.s0.i2 1.0 0.720091487829
DS.d733.s0.i3 1.0 0.466000481062
DS.d763.s0.i0 1.0 1.79462637102
DS.d763.s0.i1 1.0 1.50998759137
DS.d763.s2.i0 1.0 2.38652314428
DS.d766.s0.i0 -1 1.44767203387
DS.d766.s0.i1 -1 0.640784275812
DS.d766.s0.i2 -1 1.81492561453
DS.d766.s0.i3 -1 1.10089522427
DS.d770.s0.i0 1.0 0.122626841967
DS.d770.s0.i1 1.0 0.359054917423
DS.d778.s0.i0 1.0 1.21148080352
DS.d778.s1.i0 -1 0.523790136695
DS.d778.s1.i1 1.0 1.79233685259
DS.d778.s2.i0 1.0 1.43494944731
DS.d778.s2.i1 1.0 1.10954531837
DS.d783.s0.i0 1.0 0.828525723513
DS.d784.s0.i0 1.0 0.169009494975
DS.d784.s1.i0 1.0 1.83724638448
DS.d799.s0.i0 1.0 1.12541645817
DS.d799.s0.i1 1.0 1.05910125257
DS.d799.s0.i3 1.0 1.12541645817
DS.d807.s0.i0 1.0 -0.0277744229052
DS.d807.s0.i1 1.0 0.512511099562
DS.d807.s1.i0 1.0 0.318377567668
DS.d818.s0.i0 1.0 0.300268769146
DS.d818.s0.i1 1.0 0.300268769146
DS.d818.s0.i2 1.0 0.537608154715
DS.d818.s0.i3 1.0 0.236957768969
DS.d818.s1.i0 1.0 0.667560550539
DS.d818.s1.i1 1.0 1.56089337371
DS.d818.s1.i2 1.0 0.667560550539
DS.d818.s1.i3 1.0 0.667560550539
DS.d818.s1.i4 1.0 1.56089337371
DS.d818.s1.i5 1.0 1.56089337371
DS.d818.s2.i0 1.0 1.89949791849
DS.d818.s2.i1 1.0 0.434305407839
DS.d818.s2.i2 1.0 0.434305407839
DS.d818.s2.i3 1.0 1.89949791849
DS.d818.s2.i4 1.0 1.89949791849
DS.d818.s2.i5 1.0 0.434305407839
DS.d826.s0.i0 1.0 0.112373844443
DS.d826.s0.i1 1.0 0.579604244778
DS.d826.s0.i2 1.0 0.352690454043
DS.d826.s0.i3 1.0 0.00124005677583
DS.d826.s0.i4 1.0 0.0668504237162
DS.d826.s0.i5 1.0 0.425909223484
DS.d826.s0.i6 1.0 0.128199567351
DS.d826.s0.i7 1.0 0.0391550750027
DS.d826.s1.i0 1.0 -0.769703804027
DS.d826.s1.i1 1.0 -0.602549421393
DS.d826.s1.i2 1.0 -0.254466007581
DS.d826.s2.i0 1.0 1.26853369304
DS.d826.s2.i1 1.0 1.30285129587
DS.d826.s2.i2 1.0 1.77819869208
DS.d826.s2.i3 1.0 1.73488781048
DS.d826.s3.i0 1.0 0.20271516023
DS.d826.s3.i1 1.0 0.20271516023
DS.d826.s3.i2 1.0 0.868034289354
DS.d826.s3.i3 1.0 0.868034289354
