DS.d5.s0.i0 -1 1.97257539586
DS.d5.s0.i1 1.0 1.21483768645
DS.d5.s0.i2 -1 2.15677044709
DS.d17.s0.i0 -1 -0.628428239632
DS.d17.s0.i1 -1 -0.742714709898
DS.d17.s1.i0 -1 -0.145192329125
DS.d18.s0.i0 1.0 1.42988994618
DS.d24.s0.i0 -1 -1.60497795208
DS.d24.s1.i0 1.0 0.470480823825
DS.d58.s0.i0 1.0 0.586792984381
DS.d58.s1.i0 1.0 0.647461491256
DS.d58.s1.i1 1.0 0.707884186882
DS.d58.s2.i0 1.0 2.11065804581
DS.d58.s3.i0 1.0 1.22934963155
DS.d62.s0.i0 -1 0.888989050753
DS.d68.s0.i0 1.0 0.758053827935
DS.d75.s0.i0 -1 -0.902700482269
DS.d76.s0.i0 1.0 0.355499161202
DS.d76.s0.i1 1.0 0.657710044661
DS.d76.s0.i2 1.0 -0.130936064438
DS.d76.s0.i3 1.0 -0.0418202958193
DS.d76.s1.i0 1.0 1.37234782114
DS.d76.s1.i1 1.0 0.760521907922
DS.d76.s1.i2 1.0 0.915356472741
DS.d76.s1.i3 1.0 -0.00700892290396
DS.d92.s0.i0 1.0 0.941635644369
DS.d92.s1.i0 1.0 0.297746758129
DS.d92.s2.i0 1.0 1.15067570281
DS.d92.s3.i0 1.0 0.865271473558
DS.d106.s0.i0 1.0 0.0927029030851
DS.d106.s0.i1 1.0 0.15187582582
DS.d117.s0.i0 1.0 1.06942349941
DS.d117.s1.i0 1.0 0.996003302118
DS.d117.s1.i1 -1 0.395987064275
DS.d117.s2.i0 1.0 0.464591597898
DS.d117.s2.i1 -1 0.600234320647
DS.d117.s2.i2 1.0 1.22933748024
DS.d117.s2.i3 -1 1.35722553911
DS.d117.s3.i0 1.0 0.162951469327
DS.d117.s3.i1 1.0 0.295703810174
DS.d117.s3.i2 1.0 0.316649134205
DS.d117.s3.i3 1.0 0.224718008798
DS.d126.s0.i0 1.0 0.788184598279
DS.d142.s0.i0 1.0 -0.459285548662
DS.d142.s0.i1 1.0 1.28689850632
DS.d152.s0.i0 1.0 -1.71863850077
DS.d152.s0.i1 1.0 -1.71021151045
DS.d152.s1.i0 1.0 1.53967792702
DS.d165.s0.i0 -1 0.681609472819
DS.d165.s0.i1 -1 0.941838816327
DS.d165.s0.i2 -1 -0.470417363827
DS.d165.s0.i3 -1 -0.196719720072
DS.d165.s0.i4 1.0 0.662908252966
DS.d165.s0.i5 1.0 1.29487922205
DS.d165.s3.i0 -1 -0.173218536562
DS.d165.s3.i2 -1 -0.00483709795586
DS.d165.s6.i1 1.0 0.114528469389
DS.d165.s6.i2 1.0 0.378145495745
DS.d165.s6.i3 1.0 0.702419736621
DS.d165.s6.i5 1.0 1.05284262584
DS.d168.s0.i0 -1 -0.448859242128
DS.d173.s0.i0 1.0 0.0326184849279
DS.d193.s0.i0 1.0 0.959164566703
DS.d193.s1.i0 1.0 1.6584713555
DS.d200.s0.i0 1.0 1.09329257026
DS.d200.s0.i1 -1 -0.702627958878
DS.d207.s0.i0 1.0 -0.228993300353
DS.d225.s0.i0 1.0 1.31814753971
DS.d225.s1.i0 1.0 0.360737138732
DS.d227.s0.i0 1.0 0.219252450933
DS.d227.s0.i1 1.0 0.219252450933
DS.d231.s0.i0 -1 0.598230790294
DS.d252.s0.i0 1.0 -0.083375593376
DS.d252.s1.i0 1.0 0.969959307694
DS.d252.s1.i1 1.0 0.948353726359
DS.d252.s1.i2 1.0 0.615086489884
DS.d252.s2.i0 -1 -0.55193391133
DS.d252.s2.i1 -1 -0.352387910057
DS.d252.s2.i2 -1 -0.269412451519
DS.d254.s0.i0 1.0 0.907189322036
DS.d254.s0.i1 1.0 1.14200865511
DS.d254.s1.i0 1.0 0.0143651977121
DS.d254.s1.i1 1.0 0.140563268198
DS.d254.s2.i0 1.0 0.595749343682
DS.d254.s2.i1 1.0 0.317426321578
DS.d262.s0.i0 -1 0.676621584594
DS.d281.s0.i0 1.0 0.42622805854
DS.d281.s1.i0 1.0 0.106988340144
DS.d281.s1.i1 1.0 0.348066839188
DS.d298.s0.i0 1.0 1.2526700091
DS.d318.s0.i0 1.0 0.490721189674
DS.d318.s0.i1 1.0 0.546590540232
DS.d340.s0.i0 -1 0.392368855403
DS.d355.s0.i0 -1 -0.515107497273
DS.d358.s0.i0 1.0 1.01455790427
DS.d358.s1.i0 -1 0.452675891796
DS.d371.s0.i0 1.0 0.69158213245
DS.d371.s0.i2 1.0 0.71273140873
DS.d372.s0.i0 1.0 0.964571796823
DS.d372.s0.i1 1.0 0.559194721665
DS.d372.s1.i0 1.0 -0.184963058094
DS.d372.s1.i1 -1 0.911075266952
DS.d372.s1.i2 1.0 -0.354949468598
DS.d372.s1.i3 -1 0.2775937325
DS.d392.s0.i0 1.0 2.11272501865
DS.d401.s0.i0 -1 -0.666878014791
DS.d401.s0.i1 -1 -0.179376278252
DS.d413.s0.i3 1.0 1.64310216211
DS.d419.s0.i0 -1 0.332077792983
DS.d450.s0.i0 1.0 0.242698901774
DS.d450.s1.i0 1.0 1.27282242659
DS.d450.s1.i1 -1 0.128432635501
DS.d454.s0.i0 -1 -0.350714592926
DS.d454.s0.i1 1.0 0.453522915899
DS.d454.s0.i2 -1 0.334587085861
DS.d460.s0.i0 -1 0.481815480333
DS.d460.s1.i0 1.0 1.51224734768
DS.d463.s0.i0 -1 0.904395289816
DS.d470.s0.i0 1.0 0.250536991768
DS.d472.s0.i0 1.0 1.00867021496
DS.d472.s0.i1 1.0 1.33637354094
DS.d478.s0.i0 1.0 2.07874264196
DS.d499.s0.i0 1.0 1.99430864084
DS.d500.s0.i0 1.0 1.75515997839
DS.d517.s0.i0 1.0 0.0257665946649
DS.d517.s0.i1 1.0 0.706226292055
DS.d527.s0.i0 1.0 0.230421013348
DS.d527.s0.i1 1.0 1.5136141644
DS.d527.s0.i2 1.0 0.0874235630515
DS.d527.s0.i3 1.0 0.825652398083
DS.d527.s1.i0 1.0 -0.0307877119376
DS.d527.s1.i1 1.0 -0.416166778294
DS.d530.s0.i0 -1 0.424492090064
DS.d543.s0.i0 1.0 0.0341012475028
DS.d543.s0.i1 1.0 -0.146429951476
DS.d543.s0.i2 -1 -1.24172619073
DS.d609.s0.i0 -1 -0.345072578948
DS.d609.s0.i1 -1 0.372215302036
DS.d609.s1.i0 -1 -0.356082085382
DS.d609.s1.i1 -1 -0.335149515996
DS.d609.s1.i2 1.0 1.28341612071
DS.d614.s0.i0 1.0 0.974301592484
DS.d614.s0.i1 1.0 1.00207140905
DS.d614.s0.i2 1.0 0.869753772032
DS.d614.s0.i3 1.0 0.598577221906
DS.d614.s0.i4 -1 0.998274088372
DS.d614.s0.i5 1.0 0.134261456368
DS.d616.s0.i0 -1 -1.04747010246
DS.d616.s0.i1 -1 -1.53348935784
DS.d616.s0.i2 -1 -0.941132555057
DS.d616.s0.i3 -1 -0.992721768773
DS.d616.s0.i4 -1 -0.728599792615
DS.d616.s0.i5 -1 -0.995845362848
DS.d616.s0.i6 -1 -0.831880684153
DS.d616.s0.i7 -1 -0.818234156596
DS.d616.s0.i8 -1 -0.82035923156
DS.d616.s0.i9 -1 -1.20014328954
DS.d616.s0.i10 -1 -1.03306555559
DS.d616.s0.i11 -1 -1.00252221544
DS.d616.s0.i12 -1 -1.0711391805
DS.d616.s0.i13 -1 -0.922138387475
DS.d616.s0.i14 -1 -1.24419459011
DS.d616.s0.i15 -1 -1.1794108635
DS.d616.s0.i16 -1 -1.25005096315
DS.d616.s0.i17 -1 -0.774186361449
DS.d616.s0.i18 -1 -0.948733442285
DS.d616.s0.i19 -1 -0.741242058131
DS.d616.s1.i0 1.0 -0.785630801184
DS.d616.s1.i1 -1 -0.883588990675
DS.d616.s2.i0 1.0 0.356785909868
DS.d616.s2.i1 1.0 0.0765971434034
DS.d627.s0.i0 1.0 0.376728235051
DS.d640.s0.i0 -1 0.592079097337
DS.d641.s0.i0 1.0 1.32182336462
DS.d641.s0.i1 1.0 0.951980580015
DS.d646.s0.i0 1.0 -0.0590755599429
DS.d646.s0.i1 1.0 -0.205794805553
DS.d646.s0.i2 1.0 0.0228043112908
DS.d646.s0.i3 1.0 -0.0354508417059
DS.d646.s0.i4 1.0 -0.135903192604
DS.d646.s0.i5 1.0 -0.231189539263
DS.d657.s0.i0 1.0 0.000551124853517
DS.d660.s0.i0 1.0 0.117382181069
DS.d660.s0.i1 1.0 -0.315155597158
DS.d667.s0.i0 1.0 0.0233773330624
DS.d670.s0.i0 1.0 0.0259031331701
DS.d670.s0.i1 1.0 0.619526269773
DS.d671.s0.i0 1.0 3.07181609971
DS.d671.s0.i1 1.0 1.56392037537
DS.d671.s0.i2 1.0 1.48235959968
DS.d675.s0.i0 1.0 1.45086287863
DS.d692.s0.i0 1.0 1.45566932115
DS.d692.s0.i1 1.0 1.26253131228
DS.d710.s0.i0 -1 -0.156851882477
DS.d721.s0.i0 -1 0.904149027253
DS.d721.s0.i1 -1 0.741355423558
DS.d721.s0.i2 -1 1.0244951457
DS.d721.s0.i3 1.0 0.184371742249
DS.d721.s0.i4 -1 1.27702315319
DS.d721.s0.i5 -1 0.48724061655
DS.d731.s0.i0 -1 0.813011558969
DS.d731.s1.i0 -1 -0.361146839916
DS.d731.s1.i1 -1 -0.361146839916
DS.d731.s1.i2 1.0 1.11904032172
DS.d732.s0.i0 -1 0.145696769843
DS.d732.s0.i1 1.0 0.432361875013
DS.d732.s0.i2 1.0 0.440276550483
DS.d733.s0.i0 1.0 0.0152110979999
DS.d733.s0.i1 1.0 1.02500516329
DS.d733.s0.i2 1.0 0.703070989545
DS.d733.s0.i3 1.0 0.0571808954106
DS.d763.s0.i0 1.0 1.36960583684
DS.d763.s0.i1 1.0 1.06854167694
DS.d763.s2.i0 1.0 2.02789569122
DS.d766.s0.i0 -1 1.15738777174
DS.d766.s0.i1 -1 0.235366351704
DS.d766.s0.i2 -1 1.40064044871
DS.d766.s0.i3 -1 0.504488323785
DS.d770.s0.i0 1.0 -0.0470309968486
DS.d770.s0.i1 1.0 -0.0520884147774
DS.d778.s0.i0 1.0 1.29391658708
DS.d778.s1.i0 -1 0.271949545857
DS.d778.s1.i1 1.0 1.71032403331
DS.d778.s2.i0 1.0 1.84615303587
DS.d778.s2.i1 1.0 1.56994138505
DS.d783.s0.i0 1.0 0.688379920532
DS.d784.s0.i0 1.0 -0.357417062521
DS.d784.s1.i0 1.0 1.6779756864
DS.d799.s0.i0 1.0 0.720448761592
DS.d799.s0.i1 1.0 0.791686572634
DS.d799.s0.i3 1.0 0.720448761592
DS.d807.s0.i0 1.0 -0.123027846298
DS.d807.s0.i1 1.0 -0.181383804132
DS.d807.s1.i0 1.0 0.36299833229
DS.d818.s0.i0 1.0 0.0932696528049
DS.d818.s0.i1 1.0 0.0932696528049
DS.d818.s0.i2 1.0 0.137041570439
DS.d818.s0.i3 1.0 -0.13556448353
DS.d818.s1.i0 1.0 0.2922022705
DS.d818.s1.i1 1.0 0.981415158429
DS.d818.s1.i2 1.0 0.2922022705
DS.d818.s1.i3 1.0 0.2922022705
DS.d818.s1.i4 1.0 0.981415158429
DS.d818.s1.i5 1.0 0.981415158429
DS.d818.s2.i0 1.0 1.71763045375
DS.d818.s2.i1 1.0 0.718038176722
DS.d818.s2.i2 1.0 0.718038176722
DS.d818.s2.i3 1.0 1.71763045375
DS.d818.s2.i4 1.0 1.71763045375
DS.d818.s2.i5 1.0 0.718038176722
DS.d826.s0.i0 1.0 0.221928667041
DS.d826.s0.i1 1.0 0.636407921942
DS.d826.s0.i2 1.0 0.348076782081
DS.d826.s0.i3 1.0 -0.0255672095396
DS.d826.s0.i4 1.0 0.163625187725
DS.d826.s0.i5 1.0 0.489380025838
DS.d826.s0.i6 1.0 0.287187696389
DS.d826.s0.i7 1.0 0.222312727902
DS.d826.s1.i0 1.0 -1.12417100285
DS.d826.s1.i1 1.0 -1.22198064117
DS.d826.s1.i2 1.0 -0.908284438503
DS.d826.s2.i0 1.0 1.69402659946
DS.d826.s2.i1 1.0 1.53758640397
DS.d826.s2.i2 1.0 1.68231595882
DS.d826.s2.i3 1.0 1.70087328046
DS.d826.s3.i0 1.0 0.109607495719
DS.d826.s3.i1 1.0 0.109607495719
DS.d826.s3.i2 1.0 0.763608205704
DS.d826.s3.i3 1.0 0.763608205704
