DS.d543.s0.i0 1.000000 -0.010620
DS.d543.s0.i1 1.000000 -0.152322
DS.d543.s0.i2 -1.000000 -0.014997
DS.d231.s0.i0 -1.000000 0.055605
DS.d146.s0.i1 1.000000 0.855729
DS.d146.s0.i0 1.000000 0.864748
DS.d284.s0.i0 -1.000000 0.093497
DS.d487.s0.i1 1.000000 0.342540
DS.d487.s0.i0 1.000000 0.363059
DS.d487.s0.i2 -1.000000 0.480317
DS.d331.s0.i1 1.000000 -0.007941
DS.d331.s0.i0 -1.000000 0.081544
DS.d331.s0.i3 -1.000000 0.133036
DS.d331.s0.i2 1.000000 -0.040535
DS.d185.s0.i0 1.000000 0.504685
DS.d185.s0.i1 1.000000 0.516604
DS.d185.s1.i0 1.000000 0.516364
DS.d598.s0.i0 1.000000 1.203934
DS.d598.s0.i1 1.000000 1.203934
DS.d334.s0.i0 1.000000 0.866465
DS.d334.s1.i0 -1.000000 0.159846
DS.d126.s0.i0 1.000000 0.873155
DS.d291.s0.i0 -1.000000 0.188542
DS.d550.s0.i0 -1.000000 -0.207584
DS.d550.s0.i1 -1.000000 -0.208563
DS.d550.s0.i2 -1.000000 -0.257143
DS.d550.s0.i3 -1.000000 -0.220509
DS.d550.s0.i4 -1.000000 -0.232966
DS.d550.s0.i5 -1.000000 -0.194149
DS.d550.s0.i6 -1.000000 -0.233501
DS.d550.s0.i7 -1.000000 -0.227303
DS.d550.s0.i8 -1.000000 -0.253811
DS.d514.s0.i0 1.000000 0.702971
DS.d514.s1.i0 -1.000000 0.505873
DS.d163.s0.i2 1.000000 0.389249
DS.d163.s0.i0 1.000000 0.389666
DS.d163.s0.i1 1.000000 0.506637
DS.d416.s0.i0 1.000000 -0.057236
DS.d252.s1.i2 1.000000 0.660301
DS.d252.s1.i0 1.000000 0.605134
DS.d252.s1.i1 1.000000 0.502603
DS.d252.s0.i0 1.000000 0.652918
DS.d252.s2.i2 1.000000 0.546786
DS.d252.s2.i1 1.000000 0.539326
DS.d252.s2.i0 1.000000 0.495927
DS.d412.s0.i0 1.000000 0.434037
DS.d257.s2.i0 1.000000 0.454344
DS.d257.s3.i0 1.000000 0.446040
DS.d257.s0.i0 1.000000 0.775788
DS.d257.s0.i1 -1.000000 0.542804
DS.d257.s0.i2 -1.000000 0.650575
DS.d257.s1.i0 1.000000 0.324370
DS.d164.s0.i1 -1.000000 -0.309548
DS.d164.s0.i0 -1.000000 0.308054
DS.d164.s0.i2 -1.000000 -0.230037
DS.d637.s0.i0 1.000000 0.855303
DS.d636.s0.i1 1.000000 0.028744
DS.d636.s0.i0 -1.000000 -0.317786
DS.d716.s0.i0 1.000000 1.009986
DS.d716.s0.i1 -1.000000 -0.027907
DS.d716.s0.i2 1.000000 0.977354
DS.d716.s0.i3 1.000000 1.000443
DS.d797.s1.i2 1.000000 0.104947
DS.d797.s1.i0 1.000000 0.341282
DS.d797.s1.i1 1.000000 0.191800
DS.d797.s0.i0 1.000000 0.672556
DS.d633.s0.i2 1.000000 0.581020
DS.d633.s0.i3 1.000000 0.560209
DS.d633.s0.i0 1.000000 0.619405
DS.d633.s0.i1 1.000000 0.458843
DS.d633.s1.i1 1.000000 0.905198
DS.d633.s1.i0 1.000000 0.845145
DS.d633.s1.i3 1.000000 0.836795
DS.d633.s1.i2 1.000000 0.887829
DS.d633.s2.i0 1.000000 0.880410
DS.d633.s2.i1 1.000000 0.782837
DS.d633.s3.i1 1.000000 0.944060
DS.d633.s3.i0 1.000000 1.042696
DS.d617.s0.i0 1.000000 0.770595
DS.d617.s1.i9 -1.000000 -0.244567
DS.d617.s1.i8 -1.000000 -0.232043
DS.d617.s1.i3 -1.000000 -0.252377
DS.d617.s1.i2 -1.000000 -0.232982
DS.d617.s1.i1 -1.000000 -0.051918
DS.d617.s1.i0 -1.000000 -0.221199
DS.d617.s1.i7 -1.000000 -0.255283
DS.d617.s1.i6 -1.000000 -0.272529
DS.d617.s1.i5 -1.000000 -0.247562
DS.d617.s1.i4 -1.000000 -0.246836
DS.d490.s0.i1 1.000000 0.453447
DS.d490.s0.i0 1.000000 0.453447
DS.d822.s0.i0 -1.000000 0.598432
DS.d532.s0.i0 -1.000000 -0.035246
DS.d730.s0.i0 1.000000 0.367212
DS.d694.s0.i2 1.000000 0.506334
DS.d694.s0.i1 -1.000000 0.291805
DS.d694.s0.i0 1.000000 0.421704
DS.d65.s0.i0 -1.000000 0.339587
DS.d674.s0.i1 1.000000 0.273365
DS.d674.s0.i0 1.000000 0.326956
DS.d115.s0.i1 1.000000 0.221823
DS.d115.s0.i0 -1.000000 -0.363132
DS.d20.s0.i1 -1.000000 -0.409583
DS.d20.s0.i0 -1.000000 0.280486
DS.d45.s0.i0 -1.000000 -0.085035
DS.d45.s0.i1 -1.000000 -0.085035
DS.d270.s0.i0 1.000000 0.435910
DS.d26.s0.i1 -1.000000 -0.335249
DS.d26.s0.i0 -1.000000 -0.151963
DS.d26.s0.i3 -1.000000 -0.302538
DS.d26.s0.i2 -1.000000 -0.088560
DS.d26.s0.i5 -1.000000 -0.186639
DS.d26.s0.i4 -1.000000 -0.251373
DS.d303.s0.i0 1.000000 0.695150
DS.d303.s0.i1 -1.000000 0.085473
DS.d687.s1.i0 -1.000000 0.338519
DS.d687.s0.i0 1.000000 0.539029
DS.d684.s0.i0 -1.000000 -0.179809
DS.d684.s0.i1 1.000000 -0.007948
DS.d684.s0.i2 -1.000000 -0.021669
DS.d684.s0.i3 1.000000 0.198754
DS.d476.s0.i1 1.000000 1.228230
DS.d476.s0.i0 1.000000 1.247330
DS.d422.s0.i2 1.000000 0.605445
DS.d422.s0.i0 1.000000 0.598432
DS.d422.s0.i1 1.000000 0.407979
DS.d422.s1.i1 1.000000 0.572337
DS.d422.s1.i0 1.000000 0.508869
DS.d422.s1.i2 1.000000 0.434083
DS.d680.s0.i0 1.000000 0.717801
DS.d680.s0.i1 1.000000 0.713268
DS.d680.s0.i2 1.000000 0.835503
DS.d680.s1.i0 1.000000 0.065323
DS.d585.s0.i2 -1.000000 0.398132
DS.d585.s0.i0 -1.000000 0.385458
DS.d585.s0.i1 -1.000000 0.326765
DS.d201.s0.i5 1.000000 0.344749
DS.d201.s0.i4 1.000000 0.360682
DS.d201.s0.i7 1.000000 0.394896
DS.d201.s0.i6 1.000000 0.382929
DS.d201.s0.i1 1.000000 0.382683
DS.d201.s0.i0 1.000000 0.361390
DS.d201.s0.i3 1.000000 0.427079
DS.d201.s0.i2 1.000000 0.313741
DS.d201.s0.i8 1.000000 0.560532
DS.d207.s0.i0 1.000000 0.254709
DS.d320.s0.i1 1.000000 1.270703
DS.d320.s0.i0 -1.000000 0.789885
DS.d134.s0.i0 1.000000 0.597240
DS.d134.s0.i1 1.000000 0.596318
DS.d159.s0.i5 -1.000000 -0.607061
DS.d159.s0.i4 -1.000000 -0.379758
DS.d159.s0.i1 -1.000000 -0.465175
DS.d159.s0.i0 -1.000000 -0.364761
DS.d159.s0.i3 -1.000000 -0.590080
DS.d159.s0.i2 -1.000000 -0.395259
DS.d767.s0.i0 1.000000 0.508509
DS.d829.s0.i0 1.000000 0.843009
DS.d268.s0.i0 1.000000 0.103106
DS.d268.s0.i1 1.000000 0.092888
DS.d644.s0.i0 -1.000000 0.072562
DS.d59.s0.i39 -1.000000 -0.244257
DS.d59.s0.i28 -1.000000 -0.299684
DS.d59.s0.i29 -1.000000 -0.186642
DS.d59.s0.i40 -1.000000 -0.102260
DS.d59.s0.i38 -1.000000 -0.322496
DS.d59.s0.i22 -1.000000 -0.308390
DS.d59.s0.i23 -1.000000 -0.262638
DS.d59.s0.i20 -1.000000 -0.276743
DS.d59.s0.i21 -1.000000 -0.289617
DS.d59.s0.i26 -1.000000 -0.260777
DS.d59.s0.i27 -1.000000 -0.183039
DS.d59.s0.i24 -1.000000 -0.199136
DS.d59.s0.i25 -1.000000 -0.120561
DS.d59.s0.i43 -1.000000 -0.132887
DS.d59.s0.i44 -1.000000 -0.265290
DS.d59.s0.i42 -1.000000 -0.124743
DS.d59.s0.i17 -1.000000 -0.099721
DS.d59.s0.i16 -1.000000 -0.178062
DS.d59.s0.i15 -1.000000 -0.107729
DS.d59.s0.i14 -1.000000 -0.231661
DS.d59.s0.i13 -1.000000 -0.193575
DS.d59.s0.i12 -1.000000 -0.086935
DS.d59.s0.i11 -1.000000 -0.114683
DS.d59.s0.i10 -1.000000 -0.243401
DS.d59.s0.i31 -1.000000 -0.237780
DS.d59.s0.i30 -1.000000 -0.284017
DS.d59.s0.i33 -1.000000 -0.312315
DS.d59.s0.i32 -1.000000 -0.254425
DS.d59.s0.i35 -1.000000 -0.300132
DS.d59.s0.i34 -1.000000 -0.154345
DS.d59.s0.i19 -1.000000 -0.064453
DS.d59.s0.i18 -1.000000 -0.216070
DS.d59.s0.i37 -1.000000 -0.269271
DS.d59.s0.i36 -1.000000 -0.300008
DS.d59.s0.i41 -1.000000 -0.266971
DS.d59.s0.i3 -1.000000 -0.167457
DS.d59.s0.i2 -1.000000 -0.138156
DS.d59.s0.i1 -1.000000 -0.195089
DS.d59.s0.i0 -1.000000 -0.277432
DS.d59.s0.i7 -1.000000 -0.330709
DS.d59.s0.i6 -1.000000 -0.231103
DS.d59.s0.i5 -1.000000 -0.070352
DS.d59.s0.i4 -1.000000 -0.315152
DS.d59.s0.i9 -1.000000 -0.139475
DS.d59.s0.i8 -1.000000 -0.337336
DS.d10.s0.i0 -1.000000 -0.216816
DS.d173.s0.i0 1.000000 0.493678
DS.d267.s0.i0 1.000000 0.702910
DS.d782.s0.i0 1.000000 0.964215
DS.d367.s0.i0 1.000000 0.412119
DS.d367.s0.i1 -1.000000 0.243635
DS.d367.s0.i2 -1.000000 0.482091
DS.d536.s0.i0 1.000000 0.496145
DS.d536.s0.i1 1.000000 0.479245
DS.d536.s0.i2 1.000000 0.501197
DS.d536.s0.i3 1.000000 0.520201
DS.d536.s1.i1 1.000000 0.668951
DS.d536.s1.i0 -1.000000 -0.100339
DS.d567.s0.i0 1.000000 0.222811
DS.d567.s0.i1 1.000000 0.932117
DS.d567.s1.i1 -1.000000 0.086026
DS.d567.s1.i0 1.000000 0.388632
DS.d567.s1.i2 1.000000 0.260722
DS.d720.s3.i0 1.000000 0.577408
DS.d720.s3.i1 1.000000 -0.285814
DS.d720.s2.i0 1.000000 1.085821
DS.d720.s1.i0 -1.000000 -0.605813
DS.d720.s1.i1 -1.000000 -0.605813
DS.d720.s1.i2 1.000000 -0.384468
DS.d720.s1.i3 1.000000 0.106519
DS.d720.s0.i1 -1.000000 -0.318358
DS.d720.s0.i0 1.000000 -0.054101
DS.d366.s0.i1 1.000000 0.508015
DS.d366.s0.i0 1.000000 0.579487
DS.d748.s0.i0 -1.000000 0.603238
DS.d480.s0.i0 -1.000000 0.850710
DS.d702.s0.i2 1.000000 0.616396
DS.d702.s0.i1 1.000000 0.673695
DS.d702.s0.i0 1.000000 0.404592
DS.d368.s0.i0 -1.000000 0.083868
DS.d568.s1.i0 1.000000 0.750788
DS.d568.s0.i1 1.000000 -0.061668
DS.d568.s0.i0 1.000000 -0.077099
DS.d568.s0.i3 1.000000 -0.018565
DS.d568.s0.i2 1.000000 -0.043277
DS.d568.s0.i4 1.000000 -0.073170
DS.d568.s2.i0 1.000000 -0.227984
DS.d98.s0.i4 1.000000 0.487459
DS.d98.s0.i5 1.000000 0.515172
DS.d98.s0.i2 1.000000 0.614573
DS.d98.s0.i3 1.000000 0.471703
DS.d98.s0.i0 1.000000 0.536437
DS.d98.s0.i1 1.000000 0.561194
DS.d98.s1.i1 -1.000000 -0.467164
DS.d98.s1.i0 -1.000000 -0.590330
DS.d98.s1.i2 -1.000000 -0.639948
DS.d362.s0.i1 1.000000 0.537227
DS.d362.s0.i0 1.000000 0.568224
DS.d665.s0.i0 1.000000 1.186256
DS.d745.s0.i0 -1.000000 -0.007454
DS.d745.s0.i1 -1.000000 -0.039697
DS.d601.s0.i0 1.000000 0.263863
DS.d76.s0.i2 1.000000 -0.110516
DS.d76.s0.i3 1.000000 -0.156286
DS.d76.s0.i0 1.000000 -0.160524
DS.d76.s0.i1 1.000000 -0.137087
DS.d76.s1.i1 1.000000 -0.040973
DS.d76.s1.i0 1.000000 0.045103
DS.d76.s1.i3 1.000000 -0.018764
DS.d76.s1.i2 1.000000 0.011285
DS.d653.s0.i0 1.000000 0.163529
DS.d653.s0.i1 1.000000 0.265596
DS.d653.s0.i2 1.000000 0.244781
DS.d74.s0.i0 1.000000 0.456088
DS.d541.s0.i0 -1.000000 0.565294
DS.d541.s1.i0 -1.000000 -0.029183
DS.d258.s0.i0 1.000000 -0.017752
DS.d563.s0.i6 1.000000 0.295903
DS.d563.s0.i7 1.000000 0.267750
DS.d563.s0.i4 1.000000 0.350270
DS.d563.s0.i5 1.000000 0.386068
DS.d563.s0.i2 1.000000 0.308136
DS.d563.s0.i3 1.000000 0.254600
DS.d563.s0.i0 1.000000 0.275800
DS.d563.s0.i1 1.000000 0.291112
DS.d58.s0.i0 -1.000000 0.627486
DS.d58.s1.i1 1.000000 -0.045992
DS.d58.s1.i0 1.000000 -0.371704
DS.d58.s2.i0 1.000000 1.118411
DS.d58.s3.i0 1.000000 0.731754
DS.d130.s0.i8 1.000000 0.857482
DS.d130.s0.i9 1.000000 0.827965
DS.d130.s0.i6 1.000000 0.799324
DS.d130.s0.i7 1.000000 0.915426
DS.d130.s0.i4 1.000000 0.659308
DS.d130.s0.i5 1.000000 0.546345
DS.d130.s0.i2 1.000000 0.629978
DS.d130.s0.i3 1.000000 0.587031
DS.d130.s0.i0 1.000000 0.610781
DS.d130.s0.i1 1.000000 0.778031
DS.d793.s1.i0 1.000000 0.289853
DS.d793.s1.i1 1.000000 0.067463
DS.d793.s0.i1 1.000000 0.598961
DS.d793.s0.i0 1.000000 0.765682
DS.d37.s2.i1 1.000000 -0.201529
DS.d37.s2.i0 -1.000000 -0.886822
DS.d37.s2.i2 -1.000000 -1.097536
DS.d37.s1.i0 -1.000000 -0.158362
DS.d37.s0.i0 1.000000 -0.096289
