DS.d2.s0.i0 1.000000 -0.381149
DS.d452.s0.i3 1.000000 0.759957
DS.d452.s0.i2 -1.000000 0.138309
DS.d452.s0.i1 -1.000000 0.377425
DS.d452.s0.i0 1.000000 0.438119
DS.d452.s0.i5 1.000000 0.488714
DS.d452.s0.i4 -1.000000 0.099720
DS.d740.s0.i1 1.000000 0.951920
DS.d740.s0.i0 1.000000 0.913313
DS.d237.s0.i8 1.000000 -0.180234
DS.d237.s0.i9 1.000000 -0.364042
DS.d237.s0.i6 1.000000 -0.206286
DS.d237.s0.i7 1.000000 -0.163909
DS.d237.s0.i4 1.000000 -0.364668
DS.d237.s0.i5 1.000000 -0.429802
DS.d237.s0.i2 1.000000 -0.343062
DS.d237.s0.i3 1.000000 -0.208158
DS.d237.s0.i0 1.000000 -0.145040
DS.d237.s0.i1 1.000000 -0.200611
DS.d237.s0.i10 1.000000 -0.360414
DS.d237.s0.i11 1.000000 -0.400912
DS.d237.s0.i12 1.000000 -0.311686
DS.d237.s0.i13 1.000000 -0.328705
DS.d456.s0.i5 1.000000 0.389240
DS.d456.s0.i4 -1.000000 0.503698
DS.d456.s0.i3 -1.000000 0.453055
DS.d456.s0.i2 1.000000 0.591325
DS.d456.s0.i1 -1.000000 0.492831
DS.d456.s0.i0 1.000000 0.579896
DS.d455.s0.i0 1.000000 -0.384046
DS.d455.s0.i1 1.000000 -0.424018
DS.d180.s2.i1 1.000000 0.571594
DS.d180.s2.i0 1.000000 0.632552
DS.d180.s1.i0 1.000000 1.538262
DS.d180.s0.i1 1.000000 0.483198
DS.d180.s0.i0 1.000000 0.514608
DS.d458.s4.i0 1.000000 0.063890
DS.d458.s1.i0 1.000000 0.735026
DS.d458.s0.i0 1.000000 0.915364
DS.d458.s3.i0 1.000000 0.718622
DS.d458.s2.i0 -1.000000 -0.329355
DS.d336.s0.i0 1.000000 0.981754
DS.d335.s0.i0 1.000000 0.406814
DS.d178.s0.i0 1.000000 0.414666
DS.d178.s1.i1 -1.000000 0.067098
DS.d178.s1.i0 -1.000000 -0.259146
DS.d654.s1.i0 1.000000 1.033854
DS.d654.s0.i0 1.000000 0.920809
DS.d125.s0.i0 -1.000000 0.909184
DS.d125.s0.i1 1.000000 0.900065
DS.d469.s0.i5 1.000000 0.586727
DS.d469.s0.i4 1.000000 0.791605
DS.d469.s0.i1 1.000000 0.655295
DS.d469.s0.i0 1.000000 0.760091
DS.d469.s0.i3 1.000000 0.699998
DS.d469.s0.i2 1.000000 0.837677
DS.d104.s0.i0 1.000000 1.221958
DS.d652.s1.i5 -1.000000 0.593940
DS.d652.s1.i2 -1.000000 0.366807
DS.d652.s1.i3 -1.000000 0.633007
DS.d652.s1.i0 1.000000 0.353603
DS.d652.s1.i1 -1.000000 0.350154
DS.d652.s0.i1 -1.000000 0.861469
DS.d652.s0.i0 1.000000 1.346687
DS.d652.s2.i1 -1.000000 -0.705301
DS.d109.s0.i2 -1.000000 -0.425312
DS.d109.s0.i3 -1.000000 -0.568690
DS.d109.s0.i0 -1.000000 -0.463685
DS.d109.s0.i1 -1.000000 -0.575958
DS.d109.s0.i4 -1.000000 -0.536425
DS.d109.s0.i5 -1.000000 -0.531961
DS.d415.s0.i0 -1.000000 0.104826
DS.d674.s0.i1 1.000000 0.264222
DS.d674.s0.i0 1.000000 0.521773
DS.d167.s0.i0 -1.000000 -0.007337
DS.d434.s0.i0 1.000000 0.636592
DS.d129.s0.i0 1.000000 0.623476
DS.d410.s0.i0 1.000000 0.149624
DS.d758.s0.i0 1.000000 0.452558
DS.d628.s0.i0 -1.000000 -0.748477
DS.d628.s0.i1 -1.000000 -0.950193
DS.d736.s0.i0 1.000000 0.722910
DS.d90.s0.i0 -1.000000 -0.801637
DS.d90.s0.i1 -1.000000 -0.800372
DS.d90.s1.i5 1.000000 0.636194
DS.d90.s1.i4 1.000000 0.604640
DS.d90.s1.i1 1.000000 0.990250
DS.d90.s1.i0 1.000000 0.865307
DS.d90.s1.i3 1.000000 0.561792
DS.d90.s1.i2 1.000000 0.743018
DS.d821.s0.i1 -1.000000 0.009152
DS.d821.s0.i0 -1.000000 -0.120026
DS.d754.s0.i2 1.000000 0.868883
DS.d754.s0.i0 1.000000 0.664689
DS.d754.s0.i1 1.000000 0.655014
DS.d638.s0.i1 1.000000 0.698671
DS.d638.s0.i0 1.000000 0.184452
DS.d638.s0.i3 1.000000 0.104243
DS.d638.s0.i2 1.000000 0.141747
DS.d60.s0.i0 1.000000 1.524284
DS.d229.s0.i0 1.000000 1.008512
DS.d43.s0.i0 1.000000 0.947674
DS.d37.s2.i1 1.000000 -0.220920
DS.d37.s2.i0 -1.000000 -0.857298
DS.d37.s2.i2 -1.000000 -0.976799
DS.d37.s1.i0 -1.000000 -0.018796
DS.d37.s0.i0 -1.000000 0.128241
DS.d440.s0.i0 1.000000 -0.105065
DS.d427.s0.i1 1.000000 0.088308
DS.d468.s0.i0 1.000000 0.603828
DS.d468.s0.i1 -1.000000 0.321069
DS.d443.s1.i2 1.000000 0.793890
DS.d443.s1.i0 1.000000 0.522163
DS.d443.s1.i1 1.000000 0.377575
DS.d443.s0.i1 1.000000 0.638259
DS.d443.s0.i0 1.000000 0.601535
DS.d443.s2.i2 1.000000 0.613924
DS.d443.s2.i1 -1.000000 0.180882
DS.d443.s2.i0 1.000000 0.270664
DS.d242.s0.i2 1.000000 0.670603
DS.d242.s0.i3 1.000000 0.797506
DS.d242.s0.i0 1.000000 0.835602
DS.d242.s0.i1 1.000000 0.820660
DS.d155.s0.i1 1.000000 0.567287
DS.d155.s0.i0 1.000000 0.533313
DS.d155.s0.i2 1.000000 0.650914
DS.d228.s0.i0 1.000000 0.875822
DS.d228.s1.i1 1.000000 0.552245
DS.d228.s1.i0 1.000000 0.374186
DS.d471.s0.i4 1.000000 -0.092208
DS.d471.s0.i5 1.000000 -0.144303
DS.d471.s0.i2 1.000000 0.055458
DS.d471.s0.i3 1.000000 -0.056604
DS.d471.s0.i0 1.000000 0.101256
DS.d471.s0.i1 1.000000 -0.083520
DS.d9.s0.i0 1.000000 1.478047
DS.d308.s5.i0 1.000000 1.084417
DS.d308.s5.i1 1.000000 1.084417
DS.d308.s4.i1 1.000000 1.090272
DS.d308.s4.i0 1.000000 1.090272
DS.d308.s1.i2 1.000000 0.193029
DS.d308.s1.i0 1.000000 0.228082
DS.d308.s1.i1 1.000000 0.339061
DS.d308.s0.i1 -1.000000 1.143207
DS.d308.s0.i0 -1.000000 1.290101
DS.d308.s3.i0 1.000000 0.848263
DS.d308.s3.i1 1.000000 1.005064
DS.d308.s2.i0 1.000000 0.419638
DS.d620.s0.i8 -1.000000 -0.890796
DS.d620.s0.i9 -1.000000 -1.248734
DS.d620.s0.i6 -1.000000 -1.207313
DS.d620.s0.i7 -1.000000 -1.173212
DS.d620.s0.i4 -1.000000 -1.229322
DS.d620.s0.i5 -1.000000 -0.822947
DS.d620.s0.i2 -1.000000 -1.186970
DS.d620.s0.i3 -1.000000 -1.241702
DS.d620.s0.i0 -1.000000 -0.902357
DS.d620.s0.i1 -1.000000 -1.226945
DS.d620.s0.i18 -1.000000 -0.894001
DS.d620.s0.i19 -1.000000 -1.202073
DS.d620.s0.i20 -1.000000 -1.225704
DS.d620.s0.i10 -1.000000 -0.866948
DS.d620.s0.i11 -1.000000 -1.218691
DS.d620.s0.i12 -1.000000 -1.227942
DS.d620.s0.i13 -1.000000 -0.899109
DS.d620.s0.i14 -1.000000 -1.229579
DS.d620.s0.i15 -1.000000 -1.225353
DS.d620.s0.i16 -1.000000 -1.206777
DS.d620.s0.i17 -1.000000 -0.918617
DS.d620.s1.i0 -1.000000 0.304227
DS.d486.s0.i16 -1.000000 -1.032816
DS.d486.s0.i17 -1.000000 -0.974001
DS.d486.s0.i14 -1.000000 -0.931613
DS.d486.s0.i15 -1.000000 -1.129730
DS.d486.s0.i12 -1.000000 -1.034817
DS.d486.s0.i13 -1.000000 -0.815299
DS.d486.s0.i10 -1.000000 -1.174809
DS.d486.s0.i11 -1.000000 -1.143898
DS.d486.s0.i18 -1.000000 -1.074027
DS.d486.s0.i19 -1.000000 -1.110899
DS.d486.s0.i4 -1.000000 -0.955608
DS.d486.s0.i5 -1.000000 -1.172431
DS.d486.s0.i6 -1.000000 -1.138773
DS.d486.s0.i7 -1.000000 -1.006056
DS.d486.s0.i0 -1.000000 -1.007949
DS.d486.s0.i1 -1.000000 -0.856743
DS.d486.s0.i2 -1.000000 -0.763735
DS.d486.s0.i3 -1.000000 -1.110156
DS.d486.s0.i8 -1.000000 -1.086752
DS.d486.s0.i9 -1.000000 -1.200245
DS.d486.s0.i29 -1.000000 -0.934959
DS.d486.s0.i28 -1.000000 -1.053655
DS.d486.s0.i27 -1.000000 -0.698159
DS.d486.s0.i26 -1.000000 -0.905859
DS.d486.s0.i25 -1.000000 -0.930874
DS.d486.s0.i24 -1.000000 -0.853876
DS.d486.s0.i23 -1.000000 -0.968906
DS.d486.s0.i22 -1.000000 -1.134231
DS.d486.s0.i21 -1.000000 -0.929952
DS.d486.s0.i20 -1.000000 -1.181726
DS.d486.s0.i30 -1.000000 -1.162663
DS.d486.s0.i31 -1.000000 -1.139800
DS.d486.s0.i32 -1.000000 -1.042893
DS.d486.s0.i33 -1.000000 -0.964399
DS.d486.s0.i34 -1.000000 -1.118589
DS.d486.s0.i35 -1.000000 -1.119567
DS.d486.s1.i1 1.000000 0.291383
DS.d486.s1.i0 1.000000 0.183465
DS.d688.s0.i0 1.000000 1.287202
DS.d688.s1.i0 -1.000000 1.021444
DS.d134.s0.i0 1.000000 0.638203
DS.d134.s0.i1 1.000000 0.451024
DS.d764.s0.i3 -1.000000 0.430633
DS.d764.s0.i2 -1.000000 0.624948
DS.d764.s0.i1 -1.000000 0.557320
DS.d764.s0.i0 -1.000000 0.415676
DS.d764.s0.i5 -1.000000 0.772774
DS.d764.s0.i4 -1.000000 0.575811
DS.d506.s0.i1 1.000000 0.485906
DS.d506.s0.i0 1.000000 0.307245
DS.d130.s0.i8 1.000000 0.656484
DS.d130.s0.i9 1.000000 0.551568
DS.d130.s0.i6 1.000000 0.550854
DS.d130.s0.i7 1.000000 0.717661
DS.d130.s0.i4 1.000000 0.422159
DS.d130.s0.i5 1.000000 0.169803
DS.d130.s0.i2 1.000000 0.278548
DS.d130.s0.i3 1.000000 0.348881
DS.d130.s0.i0 1.000000 0.386987
DS.d130.s0.i1 1.000000 0.557486
DS.d269.s2.i1 -1.000000 -0.461264
DS.d269.s2.i0 -1.000000 -0.266845
DS.d269.s2.i3 -1.000000 -0.514575
DS.d269.s2.i2 1.000000 0.160984
DS.d269.s2.i5 -1.000000 -0.094177
DS.d269.s2.i4 1.000000 0.111463
DS.d269.s2.i7 -1.000000 -0.363989
DS.d269.s2.i6 -1.000000 -0.363240
DS.d269.s1.i0 1.000000 0.003081
DS.d269.s1.i1 1.000000 -0.201153
DS.d269.s1.i2 -1.000000 -0.501585
DS.d269.s0.i0 1.000000 1.150000
DS.d284.s0.i0 -1.000000 -0.221700
DS.d94.s0.i0 -1.000000 -0.307419
DS.d94.s1.i1 1.000000 0.150643
DS.d94.s1.i0 1.000000 0.160255
DS.d94.s1.i2 1.000000 0.363298
DS.d94.s2.i0 -1.000000 -0.555443
DS.d703.s0.i0 1.000000 1.457962
DS.d363.s0.i0 1.000000 0.723434
DS.d363.s0.i1 -1.000000 0.360347
DS.d775.s0.i0 1.000000 0.951028
DS.d112.s0.i0 -1.000000 0.095276
DS.d261.s0.i0 1.000000 0.581729
DS.d110.s0.i0 1.000000 0.998338
DS.d632.s1.i0 1.000000 0.880737
DS.d632.s1.i1 1.000000 0.865077
DS.d632.s0.i1 -1.000000 0.515194
DS.d632.s0.i0 -1.000000 0.385966
DS.d669.s0.i0 -1.000000 0.605227
DS.d723.s0.i0 1.000000 0.723798
DS.d748.s0.i0 -1.000000 0.819935
DS.d817.s0.i0 1.000000 0.731022
DS.d817.s0.i1 1.000000 0.815435
DS.d817.s1.i1 1.000000 0.400807
DS.d817.s1.i0 1.000000 0.427104
DS.d817.s1.i3 1.000000 0.583441
DS.d817.s1.i2 1.000000 0.399524
DS.d817.s1.i4 1.000000 0.566032
DS.d773.s0.i1 -1.000000 -0.740476
DS.d773.s0.i0 -1.000000 -0.720209
DS.d522.s0.i1 -1.000000 0.021258
DS.d522.s0.i0 -1.000000 -0.054620
DS.d411.s0.i0 1.000000 1.310974
DS.d13.s4.i1 -1.000000 0.506983
DS.d13.s4.i0 1.000000 0.528431
DS.d13.s1.i0 1.000000 0.661008
DS.d13.s0.i1 1.000000 1.539207
DS.d13.s0.i0 1.000000 1.465223
DS.d13.s3.i0 1.000000 -0.170060
DS.d13.s3.i1 1.000000 -0.089722
DS.d13.s2.i2 1.000000 0.754805
DS.d13.s2.i1 1.000000 0.457259
DS.d13.s2.i0 1.000000 0.515385
DS.d488.s0.i10 1.000000 0.205107
DS.d488.s0.i11 -1.000000 0.097980
DS.d488.s0.i12 -1.000000 0.117191
DS.d488.s0.i6 1.000000 0.220052
DS.d488.s0.i7 1.000000 0.127618
DS.d488.s0.i4 1.000000 0.030356
DS.d488.s0.i5 1.000000 0.240113
DS.d488.s0.i2 1.000000 0.346999
DS.d488.s0.i3 1.000000 0.195597
DS.d488.s0.i0 1.000000 0.298434
DS.d488.s0.i1 1.000000 0.327461
DS.d488.s0.i14 -1.000000 0.089828
DS.d488.s0.i13 -1.000000 0.082702
DS.d488.s0.i8 -1.000000 0.120726
DS.d488.s0.i9 1.000000 0.430560
DS.d489.s0.i1 -1.000000 -0.189432
DS.d489.s0.i0 -1.000000 -0.117306
DS.d744.s0.i1 -1.000000 0.086097
DS.d744.s0.i0 -1.000000 0.031832
DS.d77.s0.i1 -1.000000 0.636902
DS.d77.s0.i0 1.000000 0.780245
DS.d54.s0.i0 1.000000 -0.196259
DS.d89.s0.i0 1.000000 1.038150
DS.d749.s2.i2 1.000000 0.763620
DS.d749.s2.i0 1.000000 -0.017948
DS.d749.s2.i1 1.000000 0.503187
DS.d749.s3.i0 -1.000000 -0.203273
DS.d749.s0.i0 1.000000 0.781093
DS.d749.s0.i1 1.000000 0.763300
DS.d749.s1.i1 1.000000 0.683896
DS.d749.s1.i0 1.000000 0.924256
DS.d402.s2.i2 -1.000000 0.210063
DS.d402.s2.i3 1.000000 0.247845
DS.d402.s2.i0 1.000000 0.171352
DS.d402.s2.i1 1.000000 0.348786
DS.d402.s3.i1 -1.000000 0.098843
DS.d402.s3.i0 1.000000 0.784358
DS.d402.s3.i2 1.000000 0.913108
DS.d402.s0.i0 -1.000000 0.203199
DS.d402.s0.i1 1.000000 0.936742
DS.d402.s0.i2 1.000000 1.190433
DS.d402.s1.i1 -1.000000 0.050634
DS.d402.s1.i0 -1.000000 -0.064462
DS.d387.s0.i0 1.000000 0.264602
DS.d387.s0.i1 1.000000 0.147964
DS.d78.s0.i0 -1.000000 0.099502
DS.d78.s1.i0 -1.000000 0.312752
DS.d650.s3.i0 1.000000 0.449710
DS.d650.s3.i1 1.000000 0.509083
DS.d650.s2.i1 1.000000 0.819625
DS.d650.s2.i0 1.000000 0.748011
DS.d650.s1.i0 1.000000 0.676461
DS.d650.s1.i1 1.000000 0.768723
DS.d650.s0.i0 1.000000 1.185678
