DS.d170.s0.i0 1.000000 0.752709
DS.d170.s0.i1 1.000000 0.716128
DS.d95.s0.i3 -1.000000 -0.790934
DS.d95.s0.i2 -1.000000 -0.551499
DS.d95.s0.i1 -1.000000 -0.761010
DS.d95.s0.i0 -1.000000 -0.761163
DS.d172.s0.i0 1.000000 0.591644
DS.d172.s0.i1 1.000000 0.824275
DS.d714.s0.i0 -1.000000 -0.697886
DS.d714.s0.i1 -1.000000 -0.836152
DS.d714.s1.i0 -1.000000 -0.058528
DS.d714.s2.i0 -1.000000 -0.577151
DS.d715.s0.i0 -1.000000 0.460741
DS.d802.s0.i0 1.000000 0.473890
DS.d717.s0.i0 -1.000000 0.022634
DS.d710.s0.i0 -1.000000 0.319116
DS.d711.s0.i0 -1.000000 0.105150
DS.d712.s2.i0 1.000000 0.641856
DS.d712.s2.i1 1.000000 0.599041
DS.d712.s0.i0 1.000000 0.825024
DS.d712.s0.i1 1.000000 0.769565
DS.d712.s0.i2 1.000000 0.695319
DS.d712.s0.i3 1.000000 0.645845
DS.d712.s1.i0 1.000000 0.836390
DS.d713.s1.i0 1.000000 0.605046
DS.d713.s1.i1 1.000000 0.678299
DS.d713.s0.i1 1.000000 0.479493
DS.d713.s0.i0 1.000000 0.717740
DS.d808.s0.i0 -1.000000 -0.109831
DS.d808.s1.i1 1.000000 0.307182
DS.d808.s1.i0 -1.000000 0.055117
DS.d808.s2.i0 1.000000 0.846644
DS.d808.s2.i1 1.000000 0.888308
DS.d809.s1.i0 1.000000 0.544436
DS.d809.s1.i1 1.000000 0.580322
DS.d809.s0.i0 1.000000 1.003532
DS.d718.s0.i0 -1.000000 -0.918088
DS.d718.s0.i1 -1.000000 -0.662407
DS.d718.s1.i19 -1.000000 -1.046231
DS.d718.s1.i18 -1.000000 -0.894932
DS.d718.s1.i11 -1.000000 -0.989289
DS.d718.s1.i10 -1.000000 -0.976546
DS.d718.s1.i13 -1.000000 -0.990742
DS.d718.s1.i12 -1.000000 -0.945831
DS.d718.s1.i15 -1.000000 -1.011673
DS.d718.s1.i14 -1.000000 -0.964960
DS.d718.s1.i17 -1.000000 -1.014861
DS.d718.s1.i16 -1.000000 -1.061908
DS.d718.s1.i1 -1.000000 -0.972345
DS.d718.s1.i0 -1.000000 -0.946337
DS.d718.s1.i3 -1.000000 -1.025321
DS.d718.s1.i2 -1.000000 -0.988888
DS.d718.s1.i5 -1.000000 -1.065194
DS.d718.s1.i4 -1.000000 -1.009796
DS.d718.s1.i7 -1.000000 -0.960110
DS.d718.s1.i6 -1.000000 -0.969550
DS.d718.s1.i9 -1.000000 -0.921003
DS.d718.s1.i8 -1.000000 -1.045886
DS.d718.s2.i0 -1.000000 -0.601106
DS.d718.s2.i1 1.000000 -0.119031
DS.d718.s2.i2 -1.000000 -0.656079
DS.d718.s2.i3 -1.000000 -0.666668
DS.d719.s0.i1 -1.000000 0.239470
DS.d719.s0.i0 1.000000 0.123982
DS.d175.s1.i0 1.000000 0.755233
DS.d175.s0.i1 1.000000 0.642848
DS.d175.s0.i0 1.000000 0.714255
DS.d65.s0.i0 -1.000000 -0.172792
DS.d64.s0.i0 -1.000000 -0.237122
DS.d67.s0.i0 -1.000000 -0.565162
DS.d67.s0.i1 -1.000000 -0.562881
DS.d66.s0.i1 1.000000 0.573975
DS.d66.s0.i0 1.000000 0.674221
DS.d66.s0.i3 1.000000 0.392602
DS.d66.s0.i2 1.000000 0.839280
DS.d61.s0.i6 -1.000000 -0.813593
DS.d61.s0.i7 -1.000000 -0.809204
DS.d61.s0.i4 -1.000000 -0.830603
DS.d61.s0.i5 -1.000000 -0.824256
DS.d61.s0.i2 -1.000000 -0.789395
DS.d61.s0.i3 -1.000000 -0.863125
DS.d61.s0.i0 -1.000000 -0.893951
DS.d61.s0.i1 -1.000000 -0.930834
DS.d61.s0.i8 -1.000000 -0.909447
DS.d176.s0.i0 -1.000000 -0.988086
DS.d176.s0.i1 -1.000000 -0.941191
DS.d176.s0.i2 -1.000000 -0.970388
DS.d63.s0.i0 1.000000 0.954062
DS.d63.s0.i1 1.000000 0.964854
DS.d62.s0.i0 -1.000000 0.174251
DS.d177.s0.i1 1.000000 0.011516
DS.d177.s0.i0 -1.000000 -0.553199
DS.d177.s0.i3 -1.000000 -0.474386
DS.d177.s0.i2 1.000000 0.163072
DS.d177.s0.i5 -1.000000 -0.772104
DS.d177.s0.i4 -1.000000 -0.721412
DS.d177.s0.i7 -1.000000 -0.420166
DS.d177.s0.i6 -1.000000 -0.337320
DS.d69.s0.i0 1.000000 0.756478
DS.d69.s0.i1 1.000000 0.623948
DS.d68.s0.i0 1.000000 0.644504
DS.d246.s0.i0 1.000000 0.975284
DS.d246.s1.i0 1.000000 0.812331
DS.d246.s2.i0 -1.000000 0.023870
DS.d246.s2.i1 1.000000 0.419457
DS.d247.s0.i3 -1.000000 -0.710202
DS.d247.s0.i2 1.000000 0.353900
DS.d247.s0.i1 1.000000 0.365708
DS.d247.s0.i0 -1.000000 -0.664407
DS.d247.s0.i7 -1.000000 -0.680034
DS.d247.s0.i6 -1.000000 -0.793467
DS.d247.s0.i5 -1.000000 -0.650426
DS.d247.s0.i4 1.000000 0.381018
DS.d247.s0.i9 -1.000000 -0.762818
DS.d247.s0.i8 -1.000000 -0.745992
DS.d247.s0.i22 1.000000 0.368165
DS.d247.s0.i23 -1.000000 -0.655281
DS.d247.s0.i20 1.000000 0.366139
DS.d247.s0.i21 -1.000000 -0.722965
DS.d247.s0.i13 1.000000 0.402172
DS.d247.s0.i12 -1.000000 -0.641733
DS.d247.s0.i11 -1.000000 -0.674185
DS.d247.s0.i10 -1.000000 -0.782821
DS.d247.s0.i17 -1.000000 -0.794952
DS.d247.s0.i16 -1.000000 -0.663312
DS.d247.s0.i15 1.000000 0.352033
DS.d247.s0.i14 -1.000000 -0.769545
DS.d247.s0.i19 -1.000000 -0.752210
DS.d247.s0.i18 1.000000 0.326209
DS.d244.s0.i0 1.000000 0.793741
DS.d244.s0.i1 1.000000 0.642119
DS.d244.s1.i0 1.000000 0.968475
DS.d245.s0.i1 1.000000 0.875861
DS.d245.s0.i0 1.000000 0.957140
DS.d245.s0.i2 1.000000 0.845638
DS.d243.s0.i2 1.000000 0.940376
DS.d243.s0.i1 1.000000 0.940376
DS.d243.s0.i0 1.000000 0.940376
DS.d240.s0.i0 1.000000 0.921545
DS.d241.s1.i0 1.000000 0.672279
DS.d241.s0.i0 1.000000 0.660003
DS.d325.s0.i0 1.000000 0.931591
DS.d325.s0.i1 1.000000 0.482365
DS.d324.s0.i0 -1.000000 -0.033023
DS.d327.s0.i0 1.000000 1.069878
DS.d326.s0.i1 -1.000000 -0.015760
DS.d326.s0.i0 1.000000 0.216827
DS.d321.s0.i4 -1.000000 -0.830276
DS.d321.s0.i2 -1.000000 -0.873793
DS.d321.s0.i0 -1.000000 -0.945084
DS.d321.s0.i1 -1.000000 -0.921456
DS.d320.s0.i1 1.000000 0.854277
DS.d320.s0.i0 -1.000000 0.123478
DS.d248.s0.i0 1.000000 0.559535
DS.d248.s0.i1 1.000000 0.628421
DS.d249.s0.i0 1.000000 0.811742
DS.d731.s1.i2 1.000000 0.098676
DS.d731.s1.i0 -1.000000 -0.259758
DS.d731.s1.i1 -1.000000 -0.259758
DS.d731.s0.i0 -1.000000 0.520523
DS.d189.s0.i0 -1.000000 -0.066712
DS.d188.s0.i1 -1.000000 -0.719769
DS.d188.s0.i0 -1.000000 -0.697318
DS.d181.s0.i0 1.000000 0.610879
DS.d183.s0.i0 1.000000 0.789757
DS.d183.s0.i1 1.000000 0.838015
DS.d183.s0.i2 1.000000 0.782499
DS.d182.s1.i0 1.000000 0.289104
DS.d182.s0.i0 -1.000000 -0.717819
DS.d185.s0.i0 1.000000 0.860007
DS.d185.s0.i1 1.000000 0.803242
DS.d185.s1.i0 1.000000 0.724649
DS.d184.s2.i1 1.000000 0.766095
DS.d184.s2.i0 1.000000 0.701938
DS.d184.s1.i0 1.000000 0.699456
DS.d184.s0.i5 1.000000 0.758258
DS.d184.s0.i4 1.000000 0.733969
DS.d184.s0.i3 1.000000 0.759243
DS.d184.s0.i2 1.000000 0.826406
DS.d184.s0.i1 1.000000 0.831838
DS.d184.s0.i0 1.000000 0.876421
DS.d187.s0.i0 1.000000 0.470861
DS.d186.s0.i1 -1.000000 -0.568271
DS.d186.s0.i0 -1.000000 -0.601852
DS.d186.s0.i2 -1.000000 -0.490802
DS.d439.s0.i0 1.000000 0.522495
DS.d438.s0.i0 1.000000 0.811094
DS.d583.s0.i0 1.000000 0.810327
DS.d351.s0.i3 -1.000000 -1.005454
DS.d351.s0.i2 -1.000000 -1.115245
DS.d351.s0.i1 -1.000000 -0.883429
DS.d351.s0.i0 -1.000000 -1.002455
DS.d431.s0.i2 1.000000 0.555796
DS.d431.s0.i3 1.000000 0.662911
DS.d431.s0.i0 1.000000 0.658436
DS.d431.s0.i1 -1.000000 0.601135
DS.d431.s0.i4 1.000000 0.743050
DS.d431.s0.i5 1.000000 0.754812
DS.d430.s0.i3 1.000000 0.681510
DS.d430.s0.i2 1.000000 0.763641
DS.d430.s0.i1 1.000000 0.685595
DS.d430.s0.i0 1.000000 0.758936
DS.d433.s2.i0 1.000000 0.779152
DS.d433.s3.i0 1.000000 0.850700
DS.d433.s0.i0 1.000000 0.871788
DS.d433.s1.i2 1.000000 0.630561
DS.d433.s1.i1 1.000000 0.753069
DS.d433.s1.i0 1.000000 0.680656
DS.d432.s1.i0 1.000000 1.055295
DS.d432.s0.i1 -1.000000 -0.172320
DS.d432.s0.i0 -1.000000 0.266217
DS.d432.s0.i3 1.000000 -0.126210
DS.d432.s0.i2 1.000000 0.253886
DS.d435.s0.i1 1.000000 0.485790
DS.d437.s0.i0 -1.000000 -0.273263
DS.d437.s0.i1 -1.000000 -0.142755
DS.d437.s0.i2 1.000000 0.256741
DS.d436.s0.i0 1.000000 0.534885
DS.d800.s0.i0 1.000000 0.694126
DS.d801.s0.i0 1.000000 0.841646
DS.d716.s0.i0 1.000000 0.835064
DS.d716.s0.i1 -1.000000 -0.265069
DS.d716.s0.i2 1.000000 0.825262
DS.d716.s0.i3 1.000000 0.799359
DS.d505.s0.i0 -1.000000 -0.123098
DS.d504.s1.i0 1.000000 0.959324
DS.d504.s1.i1 1.000000 1.050143
DS.d504.s0.i0 1.000000 0.772929
DS.d507.s0.i0 1.000000 -0.088714
DS.d507.s0.i1 -1.000000 0.136267
DS.d501.s0.i0 1.000000 0.708547
DS.d501.s0.i1 1.000000 0.730209
DS.d500.s0.i0 1.000000 0.647376
DS.d118.s2.i0 1.000000 0.908365
DS.d118.s0.i0 -1.000000 -0.104827
DS.d118.s1.i0 1.000000 0.534455
DS.d119.s0.i1 -1.000000 -0.851557
DS.d119.s0.i0 -1.000000 -0.808175
DS.d119.s0.i2 -1.000000 -0.685382
DS.d116.s0.i2 1.000000 0.927132
DS.d116.s0.i0 1.000000 0.755416
DS.d116.s0.i1 1.000000 0.819176
DS.d117.s3.i2 1.000000 0.783591
DS.d117.s3.i3 1.000000 0.861602
DS.d117.s3.i0 1.000000 0.810540
DS.d117.s3.i1 1.000000 0.794972
DS.d117.s2.i1 -1.000000 -0.337547
DS.d117.s2.i0 1.000000 -0.068989
DS.d117.s2.i3 -1.000000 0.003993
DS.d117.s2.i2 1.000000 0.195866
DS.d117.s1.i0 1.000000 -0.041741
DS.d117.s1.i1 -1.000000 -0.142411
DS.d117.s0.i0 1.000000 0.449075
DS.d114.s0.i0 1.000000 0.367838
DS.d115.s0.i1 1.000000 0.141306
DS.d115.s0.i0 -1.000000 -0.419169
DS.d509.s0.i2 -1.000000 -0.753321
DS.d509.s0.i0 -1.000000 -0.735920
DS.d509.s0.i1 -1.000000 -0.704930
DS.d113.s0.i1 -1.000000 -0.437761
DS.d113.s0.i0 -1.000000 -0.437761
DS.d429.s0.i1 -1.000000 0.306650
DS.d429.s0.i0 -1.000000 0.523398
DS.d111.s0.i1 -1.000000 -0.425096
DS.d111.s0.i0 1.000000 0.374055
DS.d111.s0.i3 1.000000 0.360593
DS.d111.s0.i2 1.000000 0.719812
DS.d111.s0.i5 1.000000 0.730731
DS.d111.s0.i4 -1.000000 0.150176
DS.d806.s0.i0 -1.000000 -0.490840
DS.d806.s0.i1 -1.000000 -0.448657
DS.d806.s0.i2 -1.000000 -0.465311
DS.d807.s1.i0 1.000000 0.562870
DS.d807.s0.i1 1.000000 0.931740
DS.d807.s0.i0 1.000000 1.012677
DS.d44.s0.i9 -1.000000 -0.838249
DS.d44.s0.i8 -1.000000 -0.830095
DS.d44.s0.i5 -1.000000 -0.907645
DS.d44.s0.i4 -1.000000 -1.148384
DS.d44.s0.i7 -1.000000 -0.916129
DS.d44.s0.i6 -1.000000 -0.957093
DS.d44.s0.i1 -1.000000 -0.945888
DS.d44.s0.i0 -1.000000 -1.072583
DS.d44.s0.i3 -1.000000 -1.046267
DS.d44.s0.i2 -1.000000 -0.944286
DS.d44.s0.i15 -1.000000 -0.991444
DS.d44.s0.i14 -1.000000 -1.018171
DS.d44.s0.i17 -1.000000 -1.109372
DS.d44.s0.i16 -1.000000 -0.940922
DS.d44.s0.i11 -1.000000 -1.022502
DS.d44.s0.i10 -1.000000 -0.905719
DS.d44.s0.i13 -1.000000 -1.055476
DS.d44.s0.i12 -1.000000 -1.143079
DS.d479.s0.i0 1.000000 0.648641
DS.d478.s0.i0 1.000000 1.067609
DS.d611.s0.i0 1.000000 0.887402
DS.d610.s0.i0 1.000000 0.831586
DS.d613.s0.i0 1.000000 0.754595
DS.d612.s0.i1 1.000000 0.656106
DS.d612.s0.i0 1.000000 0.648590
DS.d615.s0.i0 1.000000 0.729293
DS.d614.s0.i5 1.000000 0.454889
DS.d614.s0.i4 -1.000000 0.636690
DS.d614.s0.i3 1.000000 0.709582
DS.d614.s0.i2 1.000000 0.802067
DS.d614.s0.i1 1.000000 0.734445
DS.d614.s0.i0 1.000000 0.620136
DS.d617.s0.i0 1.000000 0.729237
DS.d617.s1.i9 -1.000000 -0.992168
DS.d617.s1.i8 -1.000000 -1.008976
DS.d617.s1.i3 -1.000000 -1.003865
DS.d617.s1.i2 -1.000000 -1.034094
DS.d617.s1.i1 -1.000000 -0.775707
DS.d617.s1.i0 -1.000000 -0.981753
DS.d617.s1.i7 -1.000000 -0.989662
DS.d617.s1.i6 -1.000000 -1.034490
DS.d617.s1.i5 -1.000000 -1.007423
DS.d617.s1.i4 -1.000000 -0.974618
DS.d616.s1.i0 1.000000 -0.164731
DS.d616.s1.i1 -1.000000 -0.212781
DS.d616.s0.i1 -1.000000 -1.060264
DS.d616.s0.i0 -1.000000 -1.001044
DS.d616.s0.i3 -1.000000 -0.847264
DS.d616.s0.i2 -1.000000 -1.000586
DS.d616.s0.i5 -1.000000 -0.976521
DS.d616.s0.i4 -1.000000 -1.002538
DS.d616.s0.i7 -1.000000 -0.998359
DS.d616.s0.i6 -1.000000 -1.001676
DS.d616.s0.i9 -1.000000 -1.084526
DS.d616.s0.i8 -1.000000 -0.938558
DS.d616.s0.i19 -1.000000 -1.006734
DS.d616.s0.i18 -1.000000 -0.925912
DS.d616.s0.i11 -1.000000 -0.979407
DS.d616.s0.i10 -1.000000 -1.008016
DS.d616.s0.i13 -1.000000 -0.922719
DS.d616.s0.i12 -1.000000 -0.922135
DS.d616.s0.i15 -1.000000 -0.899603
DS.d616.s0.i14 -1.000000 -1.081556
DS.d616.s0.i17 -1.000000 -0.931583
DS.d616.s0.i16 -1.000000 -1.099790
DS.d616.s2.i1 1.000000 0.725047
DS.d616.s2.i0 1.000000 0.696864
DS.d619.s0.i0 1.000000 0.774900
DS.d618.s1.i0 -1.000000 -0.172249
DS.d618.s0.i1 1.000000 0.787537
DS.d618.s0.i0 1.000000 0.593686
DS.d752.s0.i0 1.000000 0.299274
DS.d753.s1.i0 1.000000 0.530656
DS.d753.s1.i1 1.000000 0.578141
DS.d753.s0.i0 1.000000 0.272628
DS.d753.s2.i1 -1.000000 -0.550367
DS.d753.s2.i0 -1.000000 -0.460525
DS.d756.s0.i0 1.000000 0.813531
DS.d756.s0.i1 1.000000 0.661366
DS.d757.s1.i0 1.000000 0.740609
DS.d757.s0.i0 1.000000 0.421602
DS.d29.s0.i10 -1.000000 -0.808562
DS.d29.s0.i11 -1.000000 -0.857677
DS.d29.s0.i2 -1.000000 -1.037896
DS.d29.s0.i3 -1.000000 -0.903591
DS.d29.s0.i0 -1.000000 -0.845953
DS.d29.s0.i1 -1.000000 -0.887575
DS.d29.s0.i6 -1.000000 -0.910242
DS.d29.s0.i7 -1.000000 -0.898785
DS.d29.s0.i4 -1.000000 -0.889051
DS.d29.s0.i5 -1.000000 -0.866065
DS.d29.s0.i8 -1.000000 -0.941991
DS.d29.s0.i9 -1.000000 -1.028834
DS.d28.s1.i0 1.000000 1.016917
DS.d28.s1.i1 1.000000 1.156155
DS.d28.s0.i2 1.000000 0.856043
DS.d28.s0.i1 1.000000 0.925239
DS.d28.s0.i0 1.000000 0.762561
DS.d21.s0.i0 1.000000 0.397541
DS.d20.s0.i0 -1.000000 -0.222303
DS.d23.s0.i10 -1.000000 -1.009220
DS.d23.s0.i11 -1.000000 -0.922265
DS.d23.s0.i4 -1.000000 -1.026403
DS.d23.s0.i5 -1.000000 -0.885342
DS.d23.s0.i6 -1.000000 -0.796549
DS.d23.s0.i7 -1.000000 -0.903193
DS.d23.s0.i0 -1.000000 -0.847245
DS.d23.s0.i1 -1.000000 -1.006901
DS.d23.s0.i2 -1.000000 -0.880617
DS.d23.s0.i3 -1.000000 -0.837519
DS.d23.s0.i12 -1.000000 -0.934560
DS.d23.s0.i8 -1.000000 -1.022432
DS.d23.s0.i9 -1.000000 -1.018246
DS.d23.s0.i13 -1.000000 -0.902680
DS.d22.s1.i0 -1.000000 -0.221693
DS.d22.s0.i1 -1.000000 -0.653954
DS.d22.s0.i0 -1.000000 -0.677090
DS.d22.s0.i2 -1.000000 -0.707039
DS.d25.s0.i0 1.000000 0.827271
DS.d25.s1.i0 1.000000 1.045135
DS.d24.s1.i0 1.000000 0.584329
DS.d24.s0.i0 -1.000000 -0.542238
DS.d27.s2.i0 1.000000 0.474094
DS.d27.s0.i0 -1.000000 -0.981155
DS.d27.s0.i1 -1.000000 -0.962037
DS.d27.s0.i2 -1.000000 -0.997464
DS.d27.s1.i1 1.000000 0.754788
DS.d27.s1.i0 1.000000 0.723162
DS.d26.s0.i1 1.000000 0.682812
DS.d26.s0.i0 1.000000 0.693481
DS.d26.s0.i3 1.000000 0.663048
DS.d26.s0.i2 1.000000 0.727511
DS.d26.s0.i5 1.000000 0.660974
DS.d26.s0.i4 1.000000 0.655169
DS.d208.s0.i0 -1.000000 -0.374044
DS.d208.s0.i1 -1.000000 -0.312757
DS.d209.s1.i0 -1.000000 -0.082902
DS.d209.s1.i1 1.000000 -0.168193
DS.d209.s0.i1 -1.000000 -0.807408
DS.d209.s0.i0 -1.000000 -0.710879
DS.d209.s0.i2 -1.000000 -0.895829
DS.d202.s0.i0 1.000000 0.409167
DS.d203.s0.i1 1.000000 0.758195
DS.d203.s0.i0 1.000000 0.699537
DS.d200.s0.i0 1.000000 0.275641
DS.d200.s0.i1 -1.000000 -0.083434
DS.d201.s0.i5 1.000000 0.822224
DS.d201.s0.i4 1.000000 0.866630
DS.d201.s0.i7 1.000000 0.867633
DS.d201.s0.i6 1.000000 0.891812
DS.d201.s0.i1 1.000000 0.904420
DS.d201.s0.i0 1.000000 0.863390
DS.d201.s0.i3 1.000000 0.893050
DS.d201.s0.i2 1.000000 0.812945
DS.d201.s0.i8 1.000000 1.038922
DS.d206.s0.i6 1.000000 0.795595
DS.d206.s0.i7 1.000000 0.766655
DS.d206.s0.i4 1.000000 0.794900
DS.d206.s0.i5 1.000000 0.814324
DS.d206.s0.i2 1.000000 0.804059
DS.d206.s0.i3 1.000000 0.827716
DS.d206.s0.i0 1.000000 0.776085
DS.d206.s0.i1 1.000000 0.797706
DS.d207.s0.i0 1.000000 0.300740
DS.d204.s0.i0 1.000000 1.109139
DS.d204.s0.i1 1.000000 0.345407
DS.d205.s0.i1 -1.000000 -0.896866
DS.d205.s0.i0 -1.000000 -0.878403
DS.d205.s0.i2 -1.000000 -0.886521
DS.d472.s0.i1 1.000000 1.011746
DS.d472.s0.i0 1.000000 1.004043
DS.d376.s0.i0 -1.000000 -0.136252
DS.d376.s0.i1 1.000000 0.528722
DS.d376.s1.i1 -1.000000 -0.661530
DS.d376.s1.i2 -1.000000 -0.831912
DS.d377.s1.i0 1.000000 0.651872
DS.d377.s1.i1 1.000000 0.647994
DS.d377.s0.i2 1.000000 0.784346
DS.d377.s0.i1 1.000000 0.823721
DS.d377.s0.i0 1.000000 0.752665
DS.d374.s0.i0 1.000000 0.986778
DS.d374.s1.i1 1.000000 1.109309
DS.d374.s1.i0 1.000000 1.153704
DS.d375.s5.i2 1.000000 0.568637
DS.d375.s5.i3 1.000000 0.622190
DS.d375.s5.i0 1.000000 0.634963
DS.d375.s5.i1 -1.000000 0.670018
DS.d375.s4.i1 1.000000 0.864955
DS.d375.s4.i0 1.000000 0.919207
DS.d375.s1.i0 1.000000 0.310899
DS.d375.s0.i1 1.000000 0.889774
DS.d375.s0.i0 1.000000 0.940254
DS.d375.s0.i2 1.000000 0.983171
DS.d375.s3.i0 1.000000 1.228797
DS.d375.s3.i1 1.000000 0.713595
DS.d375.s3.i2 1.000000 0.713595
DS.d375.s3.i3 1.000000 1.228797
DS.d375.s2.i0 1.000000 1.252439
DS.d372.s0.i0 1.000000 0.755452
DS.d372.s0.i1 1.000000 0.756923
DS.d372.s1.i1 -1.000000 -0.195071
DS.d372.s1.i0 1.000000 0.225580
DS.d372.s1.i3 -1.000000 -0.201935
DS.d372.s1.i2 1.000000 0.218159
DS.d373.s0.i0 1.000000 0.372194
DS.d370.s0.i0 1.000000 0.534816
DS.d371.s0.i0 1.000000 0.894243
DS.d371.s0.i2 1.000000 0.929719
DS.d474.s0.i0 -1.000000 -0.149560
DS.d477.s0.i0 1.000000 0.700684
DS.d476.s0.i1 1.000000 1.009352
DS.d476.s0.i0 1.000000 1.033964
DS.d470.s0.i0 1.000000 0.700379
DS.d378.s0.i0 -1.000000 -0.840291
DS.d378.s0.i1 -1.000000 -0.737546
DS.d378.s0.i2 -1.000000 -0.832424
DS.d378.s0.i3 -1.000000 -0.848258
DS.d378.s1.i0 -1.000000 -0.321294
DS.d379.s0.i1 -1.000000 -0.702497
DS.d379.s0.i0 -1.000000 -0.674174
DS.d279.s6.i2 -1.000000 -0.791370
DS.d279.s6.i0 -1.000000 -0.671139
DS.d279.s6.i1 -1.000000 -0.671139
DS.d279.s7.i1 -1.000000 -0.433952
DS.d279.s7.i0 1.000000 0.129242
DS.d279.s7.i2 -1.000000 -0.471295
DS.d279.s4.i0 1.000000 0.716342
DS.d279.s5.i0 1.000000 0.665133
DS.d279.s2.i0 1.000000 0.766422
DS.d279.s2.i1 -1.000000 0.389817
DS.d279.s3.i1 -1.000000 -0.274178
DS.d279.s3.i0 1.000000 0.567956
DS.d279.s0.i0 1.000000 1.175709
DS.d279.s1.i1 -1.000000 -0.088585
DS.d279.s1.i0 1.000000 0.150246
DS.d279.s8.i0 -1.000000 -0.583309
DS.d279.s8.i1 -1.000000 -0.550739
DS.d279.s9.i1 1.000000 0.467248
DS.d279.s9.i0 1.000000 1.312682
DS.d278.s0.i3 -1.000000 -0.809411
DS.d278.s0.i2 -1.000000 -0.766902
DS.d277.s0.i0 1.000000 0.766830
DS.d276.s0.i2 -1.000000 -0.501751
DS.d276.s0.i1 -1.000000 -0.494835
DS.d275.s0.i0 1.000000 0.215656
DS.d275.s0.i1 -1.000000 0.043757
DS.d274.s0.i0 1.000000 0.337598
DS.d273.s0.i0 -1.000000 0.169977
DS.d273.s1.i1 1.000000 0.175163
DS.d273.s1.i0 -1.000000 -0.243739
DS.d272.s3.i0 1.000000 1.049549
DS.d272.s2.i0 1.000000 0.968026
DS.d272.s1.i0 1.000000 0.432522
DS.d272.s1.i1 1.000000 0.555870
DS.d272.s1.i2 1.000000 0.497641
DS.d272.s0.i2 1.000000 0.634896
DS.d272.s0.i1 1.000000 0.713367
DS.d272.s0.i0 1.000000 0.610249
DS.d272.s4.i0 -1.000000 -0.210510
DS.d271.s0.i0 -1.000000 0.402198
DS.d328.s1.i0 1.000000 0.817411
DS.d328.s1.i1 1.000000 0.888584
DS.d328.s0.i0 -1.000000 -0.716703
DS.d270.s0.i0 1.000000 0.514376
DS.d152.s0.i0 1.000000 0.613675
DS.d152.s0.i1 1.000000 0.457952
DS.d152.s1.i0 1.000000 0.638533
DS.d153.s0.i1 1.000000 0.061566
DS.d153.s0.i0 -1.000000 -0.007916
DS.d150.s0.i0 -1.000000 -0.280996
DS.d150.s0.i1 -1.000000 -0.280996
DS.d151.s0.i0 -1.000000 -0.061685
DS.d156.s0.i0 -1.000000 -0.552240
DS.d156.s0.i1 -1.000000 -0.525173
DS.d157.s0.i0 1.000000 0.921680
DS.d154.s0.i0 -1.000000 -0.589620
DS.d154.s0.i1 -1.000000 -0.685888
DS.d158.s0.i0 1.000000 0.664250
DS.d158.s0.i1 1.000000 0.652644
DS.d159.s0.i5 1.000000 -0.566712
DS.d159.s0.i4 -1.000000 -0.648870
DS.d159.s0.i1 -1.000000 -0.669024
DS.d159.s0.i0 -1.000000 -0.571624
DS.d159.s0.i3 -1.000000 -0.541194
DS.d159.s0.i2 -1.000000 -0.662408
DS.d576.s2.i0 1.000000 0.445934
DS.d576.s2.i1 1.000000 0.634261
DS.d576.s0.i0 -1.000000 -0.060863
DS.d576.s0.i1 1.000000 -0.215536
DS.d576.s0.i2 -1.000000 -0.040500
DS.d576.s1.i1 1.000000 0.606506
DS.d577.s0.i1 -1.000000 -0.777614
DS.d577.s0.i0 -1.000000 -0.763807
DS.d577.s0.i2 -1.000000 -0.789724
DS.d323.s0.i0 1.000000 0.428150
DS.d322.s1.i0 -1.000000 -0.434673
DS.d322.s1.i1 -1.000000 -0.397660
DS.d322.s0.i0 1.000000 0.919299
DS.d389.s0.i0 1.000000 0.631959
DS.d388.s0.i1 -1.000000 -0.483544
DS.d388.s0.i0 -1.000000 -0.481297
DS.d135.s1.i0 1.000000 -0.203778
DS.d135.s1.i1 -1.000000 -0.146604
DS.d135.s1.i2 -1.000000 -0.428214
DS.d135.s0.i1 -1.000000 -0.727808
DS.d135.s0.i0 -1.000000 -0.735292
DS.d383.s0.i2 1.000000 0.883929
DS.d383.s0.i1 1.000000 0.883929
DS.d382.s0.i0 1.000000 0.949510
DS.d381.s0.i4 -1.000000 -0.510665
DS.d381.s0.i5 -1.000000 -0.525624
DS.d381.s0.i0 -1.000000 -0.506698
DS.d381.s0.i2 1.000000 0.550543
DS.d381.s0.i3 1.000000 0.544462
DS.d381.s1.i0 1.000000 0.453794
DS.d380.s1.i8 -1.000000 -0.883548
DS.d380.s1.i3 -1.000000 -0.895864
DS.d380.s1.i1 -1.000000 -0.903179
DS.d380.s1.i6 -1.000000 -0.926045
DS.d380.s1.i4 -1.000000 -0.905324
DS.d380.s1.i5 -1.000000 -0.932503
DS.d380.s0.i4 -1.000000 -0.940590
DS.d380.s0.i6 -1.000000 -0.842470
DS.d380.s0.i9 -1.000000 -0.787628
DS.d380.s0.i0 -1.000000 -0.908059
DS.d380.s0.i3 -1.000000 -0.836858
DS.d380.s2.i2 1.000000 0.772682
DS.d380.s2.i0 1.000000 0.764918
DS.d380.s2.i5 1.000000 0.831823
DS.d386.s2.i1 1.000000 0.852582
DS.d386.s2.i0 1.000000 0.880362
DS.d386.s1.i0 1.000000 0.878006
DS.d386.s1.i1 1.000000 0.853079
DS.d386.s0.i0 1.000000 0.726441
DS.d385.s2.i0 -1.000000 -0.572822
DS.d385.s0.i0 1.000000 0.760684
DS.d385.s0.i1 1.000000 0.482096
DS.d385.s1.i0 1.000000 0.860525
DS.d384.s0.i1 -1.000000 0.089676
DS.d384.s0.i0 1.000000 0.420607
DS.d384.s0.i2 1.000000 0.420607
DS.d137.s1.i0 -1.000000 0.389108
DS.d137.s0.i0 -1.000000 -0.067547
DS.d131.s0.i0 1.000000 0.615260
DS.d132.s0.i0 -1.000000 -0.614941
DS.d133.s1.i0 -1.000000 -0.088937
DS.d133.s0.i0 1.000000 0.446964
DS.d133.s3.i0 1.000000 0.876369
DS.d133.s2.i0 1.000000 0.513858
DS.d579.s0.i3 -1.000000 -0.970250
DS.d579.s0.i2 -1.000000 -0.926303
DS.d579.s0.i1 -1.000000 -0.951216
DS.d579.s0.i0 -1.000000 -0.881620
DS.d127.s0.i0 -1.000000 0.449898
DS.d126.s0.i0 1.000000 0.814109
DS.d657.s0.i0 1.000000 0.688696
DS.d124.s0.i5 1.000000 0.865145
DS.d124.s0.i4 1.000000 0.743436
DS.d124.s0.i1 1.000000 0.926903
DS.d124.s0.i0 1.000000 0.821079
DS.d124.s0.i3 1.000000 0.841095
DS.d124.s0.i2 1.000000 0.775261
DS.d123.s0.i0 -1.000000 -0.172266
DS.d122.s0.i0 1.000000 0.858867
DS.d121.s2.i0 1.000000 0.561798
DS.d121.s0.i0 1.000000 1.151266
DS.d121.s0.i1 1.000000 0.367431
DS.d121.s1.i3 -1.000000 -0.757892
DS.d121.s1.i2 -1.000000 -0.670554
DS.d121.s1.i1 -1.000000 -0.814693
DS.d121.s1.i0 -1.000000 -0.707032
DS.d120.s0.i1 -1.000000 -0.818905
DS.d120.s0.i0 -1.000000 -0.847936
DS.d120.s0.i3 -1.000000 -0.985895
DS.d120.s0.i2 -1.000000 -0.895341
DS.d120.s0.i5 -1.000000 -0.932113
DS.d120.s0.i4 -1.000000 -0.945003
DS.d796.s0.i4 -1.000000 -0.697516
DS.d796.s0.i5 -1.000000 -0.846776
DS.d796.s0.i0 -1.000000 -0.846776
DS.d796.s0.i1 -1.000000 -0.697516
DS.d796.s0.i2 -1.000000 -0.846776
DS.d796.s0.i3 -1.000000 -0.846776
DS.d796.s1.i2 1.000000 0.503040
DS.d796.s1.i1 1.000000 0.490616
DS.d796.s1.i0 1.000000 0.704901
DS.d797.s1.i1 1.000000 0.409365
DS.d797.s0.i0 1.000000 0.741631
DS.d659.s0.i0 1.000000 0.944953
DS.d658.s0.i0 1.000000 0.743420
DS.d792.s0.i0 1.000000 0.224931
DS.d792.s0.i1 -1.000000 0.008510
DS.d128.s0.i0 1.000000 0.477486
DS.d497.s0.i0 1.000000 0.786077
DS.d497.s1.i1 1.000000 0.596563
DS.d497.s1.i0 1.000000 0.580162
DS.d496.s1.i0 1.000000 1.109128
DS.d496.s0.i1 -1.000000 -0.389246
DS.d496.s0.i0 -1.000000 -0.471685
DS.d495.s0.i0 1.000000 0.639434
DS.d494.s0.i1 1.000000 1.079026
DS.d494.s0.i0 1.000000 1.043217
DS.d493.s1.i0 1.000000 0.957069
DS.d492.s3.i0 1.000000 0.121344
DS.d492.s2.i0 1.000000 0.698750
DS.d492.s1.i0 1.000000 0.728808
DS.d492.s1.i1 1.000000 0.904263
DS.d492.s1.i2 1.000000 0.871066
DS.d492.s0.i1 -1.000000 0.040581
DS.d492.s0.i0 1.000000 0.271160
DS.d491.s0.i0 1.000000 0.505277
DS.d491.s0.i1 1.000000 0.603383
DS.d491.s1.i0 -1.000000 -0.401228
DS.d559.s0.i1 -1.000000 -0.890830
DS.d559.s0.i0 -1.000000 -1.003037
DS.d559.s0.i3 -1.000000 -1.000561
DS.d559.s0.i2 -1.000000 -1.017954
DS.d556.s0.i0 -1.000000 -0.038319
DS.d557.s0.i0 1.000000 1.017909
DS.d554.s0.i0 -1.000000 -0.706827
DS.d554.s0.i1 -1.000000 -0.820413
DS.d554.s0.i2 -1.000000 -0.728742
DS.d555.s1.i0 -1.000000 -0.050603
DS.d555.s0.i0 1.000000 0.768397
DS.d552.s0.i2 1.000000 0.905137
DS.d552.s0.i3 1.000000 0.788339
DS.d552.s0.i0 1.000000 0.813639
DS.d552.s0.i1 1.000000 0.922413
DS.d553.s0.i1 1.000000 0.750805
DS.d553.s0.i0 1.000000 0.845064
DS.d499.s0.i0 1.000000 0.404008
DS.d498.s0.i1 1.000000 0.735760
DS.d498.s0.i0 1.000000 0.735760
DS.d629.s1.i0 -1.000000 -0.603340
DS.d629.s1.i1 -1.000000 -0.593326
DS.d629.s0.i1 1.000000 0.791007
DS.d629.s0.i0 1.000000 0.817997
DS.d692.s0.i1 1.000000 0.773064
DS.d692.s0.i0 1.000000 0.769338
DS.d704.s0.i5 -1.000000 -0.143975
DS.d704.s0.i4 1.000000 0.357482
DS.d704.s0.i1 1.000000 0.445712
DS.d704.s0.i0 -1.000000 -0.127059
DS.d704.s0.i3 1.000000 0.375741
DS.d704.s0.i2 1.000000 0.467668
DS.d487.s0.i1 1.000000 0.799978
DS.d487.s0.i0 1.000000 0.786242
DS.d487.s0.i2 1.000000 0.834588
DS.d481.s0.i1 1.000000 0.768590
DS.d481.s0.i0 1.000000 0.817397
DS.d721.s0.i2 -1.000000 -0.482941
DS.d721.s0.i3 1.000000 -0.524021
DS.d721.s0.i0 -1.000000 -0.578732
DS.d721.s0.i1 -1.000000 -0.441793
DS.d721.s0.i4 -1.000000 -0.347927
DS.d721.s0.i5 -1.000000 -0.656648
DS.d699.s0.i0 1.000000 0.920050
DS.d699.s0.i1 1.000000 0.920050
DS.d699.s1.i1 -1.000000 -0.447014
DS.d699.s1.i0 1.000000 -0.218164
DS.d699.s1.i2 -1.000000 -0.464216
DS.d699.s2.i0 1.000000 0.340042
DS.d722.s0.i1 1.000000 -0.364859
DS.d722.s0.i0 -1.000000 -0.060761
DS.d725.s0.i0 1.000000 0.720962
DS.d725.s1.i1 1.000000 1.058435
DS.d725.s1.i0 1.000000 1.058435
DS.d725.s1.i2 1.000000 0.957338
DS.d724.s0.i2 1.000000 -0.034858
DS.d724.s0.i1 1.000000 0.606504
DS.d724.s0.i0 -1.000000 0.364343
DS.d727.s0.i0 1.000000 0.547887
DS.d698.s1.i0 1.000000 0.543119
DS.d698.s0.i0 1.000000 0.855569
DS.d729.s0.i0 1.000000 0.331861
DS.d728.s0.i0 1.000000 0.688629
DS.d510.s2.i0 1.000000 0.767617
DS.d510.s0.i0 1.000000 0.888779
DS.d510.s0.i1 1.000000 0.916816
DS.d510.s1.i0 1.000000 0.633286
DS.d50.s0.i0 1.000000 1.026332
DS.d51.s0.i2 -1.000000 -0.759097
DS.d51.s0.i1 -1.000000 -0.608608
DS.d51.s0.i0 -1.000000 -0.775188
DS.d52.s2.i0 1.000000 0.882345
DS.d52.s0.i0 1.000000 -0.180359
DS.d52.s1.i0 1.000000 0.777808
DS.d53.s0.i0 1.000000 0.478772
DS.d55.s0.i0 1.000000 0.755512
DS.d56.s0.i0 1.000000 0.507013
DS.d57.s0.i0 1.000000 0.529370
DS.d58.s0.i0 1.000000 0.709307
DS.d58.s1.i1 1.000000 0.616987
DS.d58.s1.i0 1.000000 0.405341
DS.d58.s2.i0 1.000000 0.730345
DS.d58.s3.i0 1.000000 0.903500
DS.d59.s0.i39 -1.000000 -0.980218
DS.d59.s0.i28 -1.000000 -1.017372
DS.d59.s0.i29 -1.000000 -0.963699
DS.d59.s0.i40 -1.000000 -1.003707
DS.d59.s0.i38 -1.000000 -1.036152
DS.d59.s0.i22 -1.000000 -1.061763
DS.d59.s0.i23 -1.000000 -0.995158
DS.d59.s0.i20 -1.000000 -1.035633
DS.d59.s0.i21 -1.000000 -1.046393
DS.d59.s0.i26 -1.000000 -1.022045
DS.d59.s0.i27 -1.000000 -0.948136
DS.d59.s0.i24 -1.000000 -0.940135
DS.d59.s0.i25 -1.000000 -0.905808
DS.d59.s0.i43 -1.000000 -1.029003
DS.d59.s0.i44 -1.000000 -0.899861
DS.d59.s0.i42 -1.000000 -1.022394
DS.d59.s0.i17 -1.000000 -1.009472
DS.d59.s0.i16 -1.000000 -0.956722
DS.d59.s0.i15 -1.000000 -0.805065
DS.d59.s0.i14 -1.000000 -0.969771
DS.d59.s0.i13 -1.000000 -0.969290
DS.d59.s0.i12 -1.000000 -0.990585
DS.d59.s0.i11 -1.000000 -1.014119
DS.d59.s0.i10 -1.000000 -1.005033
DS.d59.s0.i31 -1.000000 -0.914624
DS.d59.s0.i30 -1.000000 -1.004173
DS.d59.s0.i33 -1.000000 -1.027839
DS.d59.s0.i32 -1.000000 -0.988530
DS.d59.s0.i35 -1.000000 -1.023416
DS.d59.s0.i34 -1.000000 -0.936980
DS.d59.s0.i19 -1.000000 -0.886004
DS.d59.s0.i18 -1.000000 -0.956621
DS.d59.s0.i37 -1.000000 -1.000459
DS.d59.s0.i36 -1.000000 -1.054956
DS.d59.s0.i41 -1.000000 -0.987630
DS.d59.s0.i3 -1.000000 -0.947971
DS.d59.s0.i2 -1.000000 -0.923147
DS.d59.s0.i1 -1.000000 -0.851015
DS.d59.s0.i0 -1.000000 -1.042593
DS.d59.s0.i7 -1.000000 -1.042785
DS.d59.s0.i6 -1.000000 -0.975365
DS.d59.s0.i5 -1.000000 -0.974133
DS.d59.s0.i4 -1.000000 -1.067217
DS.d59.s0.i9 -1.000000 -1.034273
DS.d59.s0.i8 -1.000000 -1.048090
DS.d233.s0.i0 1.000000 0.573886
DS.d232.s2.i0 -1.000000 -0.494634
DS.d232.s1.i0 1.000000 0.732584
DS.d232.s1.i1 1.000000 0.845429
DS.d232.s1.i2 1.000000 0.868554
DS.d232.s1.i3 1.000000 0.887806
DS.d232.s0.i3 -1.000000 -0.915981
DS.d232.s0.i2 -1.000000 -0.871335
DS.d232.s0.i1 -1.000000 -0.867262
DS.d232.s0.i0 -1.000000 -0.868290
DS.d232.s0.i5 -1.000000 -0.814820
DS.d232.s0.i4 -1.000000 -0.828119
DS.d231.s0.i0 -1.000000 -0.252557
DS.d230.s0.i1 1.000000 0.972654
DS.d230.s0.i0 1.000000 0.961105
DS.d230.s0.i3 1.000000 0.934203
DS.d230.s0.i2 1.000000 0.943593
DS.d236.s0.i2 -1.000000 -0.871203
DS.d236.s0.i1 -1.000000 -0.785129
DS.d236.s0.i0 -1.000000 -0.427393
DS.d235.s0.i0 1.000000 0.771375
DS.d235.s1.i1 -1.000000 -0.580964
DS.d235.s1.i0 -1.000000 -0.664606
DS.d234.s0.i0 1.000000 1.130580
DS.d332.s0.i0 1.000000 0.674925
DS.d333.s0.i0 1.000000 0.799248
DS.d239.s2.i2 1.000000 1.046896
DS.d239.s2.i0 1.000000 0.887154
DS.d239.s2.i1 1.000000 0.896895
DS.d239.s0.i0 1.000000 1.012930
DS.d239.s0.i1 1.000000 1.113323
DS.d239.s1.i0 1.000000 0.627436
DS.d238.s0.i0 -1.000000 -0.104110
DS.d337.s0.i0 1.000000 0.841026
DS.d334.s0.i0 1.000000 0.854844
DS.d334.s1.i0 -1.000000 0.037777
DS.d691.s0.i0 1.000000 0.544964
DS.d690.s6.i0 -1.000000 -0.038473
DS.d690.s5.i0 1.000000 0.786514
DS.d690.s5.i1 1.000000 0.831328
DS.d690.s5.i2 1.000000 1.047103
DS.d690.s5.i3 1.000000 0.896986
DS.d690.s4.i0 -1.000000 -0.830828
DS.d690.s3.i0 1.000000 1.052140
DS.d690.s2.i0 1.000000 0.717304
DS.d690.s1.i0 1.000000 0.672342
DS.d690.s0.i0 1.000000 0.655423
DS.d518.s0.i0 1.000000 0.894084
DS.d160.s0.i5 -1.000000 -0.822264
DS.d160.s0.i4 -1.000000 -0.872281
DS.d160.s0.i1 -1.000000 -1.034782
DS.d160.s0.i0 -1.000000 -0.686537
DS.d160.s0.i3 -1.000000 -1.011024
DS.d160.s0.i2 -1.000000 -0.856007
DS.d694.s0.i2 -1.000000 -0.400000
DS.d694.s0.i1 -1.000000 -0.462252
DS.d694.s0.i0 -1.000000 -0.370952
DS.d697.s0.i0 1.000000 0.401546
DS.d697.s0.i1 1.000000 0.499342
DS.d697.s0.i2 1.000000 0.388582
DS.d697.s0.i3 -1.000000 0.324190
DS.d696.s1.i0 1.000000 0.261528
DS.d696.s1.i1 -1.000000 0.143278
DS.d696.s0.i1 -1.000000 -0.022337
DS.d696.s0.i0 -1.000000 -0.279214
DS.d696.s0.i3 1.000000 -0.183652
DS.d696.s0.i2 -1.000000 -0.162904
DS.d696.s0.i5 -1.000000 -0.270856
DS.d696.s0.i4 1.000000 0.100198
DS.d696.s3.i0 1.000000 0.612713
DS.d696.s3.i1 1.000000 0.700972
DS.d696.s3.i2 -1.000000 0.530629
DS.d696.s2.i0 1.000000 1.018058
DS.d696.s5.i2 -1.000000 0.375866
DS.d696.s5.i0 1.000000 0.657369
DS.d696.s5.i1 1.000000 0.383201
DS.d696.s4.i0 1.000000 1.100101
DS.d426.s0.i0 1.000000 0.928112
DS.d424.s0.i0 1.000000 0.896213
DS.d425.s0.i1 -1.000000 -0.627120
DS.d425.s0.i0 -1.000000 -0.846671
DS.d422.s0.i2 1.000000 0.846810
DS.d422.s0.i0 1.000000 0.913650
DS.d422.s0.i1 1.000000 0.707938
DS.d422.s1.i1 1.000000 0.525925
DS.d422.s1.i0 1.000000 0.469386
DS.d422.s1.i2 -1.000000 0.265045
DS.d423.s1.i0 1.000000 1.042704
DS.d423.s1.i1 1.000000 1.110697
DS.d423.s0.i1 1.000000 0.876762
DS.d423.s0.i0 1.000000 0.858261
DS.d420.s0.i0 1.000000 0.784034
DS.d420.s1.i0 1.000000 0.592584
DS.d421.s1.i0 1.000000 0.613460
DS.d421.s0.i0 -1.000000 0.132446
DS.d585.s0.i2 -1.000000 -0.637987
DS.d585.s0.i0 -1.000000 -0.641119
DS.d585.s0.i1 -1.000000 -0.682189
DS.d584.s0.i0 1.000000 0.472801
DS.d587.s0.i0 1.000000 0.949696
DS.d586.s0.i0 1.000000 0.654655
DS.d581.s0.i2 1.000000 0.445139
DS.d581.s0.i0 1.000000 0.692582
DS.d581.s0.i1 1.000000 0.682990
DS.d581.s1.i1 1.000000 0.338811
DS.d581.s1.i0 -1.000000 0.022731
DS.d581.s1.i2 -1.000000 -0.205534
DS.d581.s2.i0 1.000000 0.744091
DS.d581.s2.i1 1.000000 0.859772
DS.d580.s0.i1 -1.000000 -0.020366
DS.d580.s0.i0 1.000000 -0.088537
DS.d428.s2.i0 -1.000000 0.092414
DS.d428.s2.i1 1.000000 0.152652
DS.d428.s0.i1 1.000000 0.545067
DS.d428.s0.i2 1.000000 0.600171
DS.d428.s1.i3 -1.000000 -0.012255
DS.d428.s1.i2 1.000000 0.334394
DS.d428.s1.i1 -1.000000 0.139393
DS.d428.s1.i0 1.000000 0.175755
DS.d582.s0.i0 1.000000 0.557054
DS.d349.s0.i0 -1.000000 -0.180790
DS.d348.s0.i0 -1.000000 -0.112718
DS.d347.s0.i0 -1.000000 -0.339381
DS.d347.s1.i5 -1.000000 -0.822443
DS.d347.s1.i4 -1.000000 -0.880504
DS.d347.s1.i1 -1.000000 -0.870216
DS.d347.s1.i0 -1.000000 -0.835009
DS.d347.s1.i3 -1.000000 -0.874697
DS.d347.s1.i2 -1.000000 -0.777069
DS.d346.s1.i1 1.000000 0.480690
DS.d346.s0.i0 1.000000 0.827984
DS.d345.s2.i2 1.000000 1.018715
DS.d345.s2.i3 1.000000 0.979833
DS.d345.s2.i0 1.000000 0.981948
DS.d345.s2.i1 1.000000 0.912882
DS.d345.s3.i1 1.000000 0.900006
DS.d345.s3.i0 1.000000 0.711064
DS.d345.s3.i2 1.000000 0.849808
DS.d345.s0.i0 1.000000 0.869184
DS.d345.s1.i1 1.000000 0.801142
DS.d345.s1.i0 1.000000 0.811599
DS.d344.s0.i0 -1.000000 -0.231871
DS.d343.s0.i0 1.000000 0.795864
DS.d343.s0.i1 1.000000 0.795864
DS.d342.s0.i1 -1.000000 -0.541139
DS.d342.s0.i0 -1.000000 -0.541139
DS.d341.s2.i0 1.000000 0.407798
DS.d341.s2.i1 -1.000000 -0.327045
DS.d341.s0.i1 1.000000 0.863439
DS.d341.s1.i1 -1.000000 -0.127593
DS.d341.s1.i0 -1.000000 -0.316161
DS.d340.s0.i0 -1.000000 -0.476687
DS.d512.s0.i0 -1.000000 -0.718820
DS.d512.s0.i1 -1.000000 -0.701235
DS.d512.s1.i0 -1.000000 -0.669104
DS.d512.s2.i0 1.000000 0.761181
DS.d512.s2.i1 1.000000 0.833339
DS.d513.s0.i0 1.000000 0.728334
DS.d169.s0.i0 1.000000 0.997839
DS.d169.s0.i1 1.000000 0.936595
DS.d169.s1.i5 1.000000 0.813148
DS.d169.s1.i4 1.000000 0.832377
DS.d169.s1.i3 1.000000 0.764608
DS.d169.s1.i2 1.000000 0.743342
DS.d169.s1.i1 1.000000 0.839402
DS.d169.s1.i0 1.000000 0.772475
DS.d511.s0.i1 -1.000000 -0.552087
DS.d511.s0.i0 -1.000000 -0.445120
DS.d516.s0.i0 -1.000000 -0.812646
DS.d516.s0.i1 -1.000000 -0.832987
DS.d517.s0.i1 1.000000 0.488591
DS.d517.s0.i0 1.000000 0.607714
DS.d514.s0.i0 1.000000 0.781251
DS.d514.s1.i0 -1.000000 0.362095
DS.d515.s1.i0 -1.000000 -0.242397
DS.d515.s1.i1 -1.000000 -0.324845
DS.d515.s0.i1 -1.000000 -0.462350
DS.d515.s0.i0 -1.000000 -0.516118
DS.d163.s0.i2 1.000000 0.691246
DS.d163.s0.i0 1.000000 0.646898
DS.d163.s0.i1 1.000000 0.738883
DS.d162.s1.i0 1.000000 0.376749
DS.d162.s0.i0 1.000000 0.227759
DS.d161.s0.i4 -1.000000 -0.823399
DS.d161.s0.i5 -1.000000 -0.958864
DS.d161.s0.i0 -1.000000 -0.862986
DS.d161.s0.i1 -1.000000 -0.866608
DS.d161.s0.i2 -1.000000 -0.897422
DS.d161.s0.i3 -1.000000 -0.906784
DS.d519.s1.i0 1.000000 0.709843
DS.d519.s0.i1 -1.000000 -0.698527
DS.d519.s0.i0 -1.000000 -0.706665
DS.d519.s0.i3 -1.000000 -0.639209
DS.d519.s0.i2 -1.000000 -0.697548
DS.d519.s2.i1 -1.000000 0.211289
DS.d519.s2.i0 1.000000 0.100078
DS.d695.s0.i0 1.000000 0.799767
DS.d695.s0.i1 1.000000 0.755510
DS.d695.s1.i1 1.000000 0.248148
DS.d695.s1.i0 1.000000 0.518376
DS.d695.s1.i2 -1.000000 -0.235368
DS.d695.s2.i0 1.000000 0.786222
DS.d695.s2.i1 1.000000 0.635214
DS.d166.s0.i0 1.000000 -0.020925
DS.d165.s6.i5 1.000000 0.937202
DS.d165.s6.i2 1.000000 0.889570
DS.d165.s6.i3 1.000000 0.822109
DS.d165.s6.i1 1.000000 0.842984
DS.d165.s3.i0 -1.000000 -0.443477
DS.d165.s3.i2 -1.000000 -0.680173
DS.d165.s0.i0 -1.000000 -0.317595
DS.d165.s0.i1 -1.000000 -0.241621
DS.d165.s0.i2 -1.000000 -0.623025
DS.d165.s0.i3 -1.000000 -0.535248
DS.d165.s0.i4 1.000000 -0.027388
DS.d165.s0.i5 1.000000 0.328865
DS.d164.s0.i1 -1.000000 -0.748886
DS.d164.s0.i0 -1.000000 -0.347585
DS.d164.s0.i2 -1.000000 -0.600716
DS.d651.s0.i0 -1.000000 -0.558077
DS.d196.s0.i2 1.000000 0.847051
DS.d196.s0.i3 1.000000 0.850867
DS.d196.s0.i0 1.000000 0.706330
DS.d196.s0.i1 1.000000 0.880258
DS.d196.s1.i0 1.000000 0.917517
DS.d197.s0.i1 1.000000 0.759775
DS.d197.s0.i0 1.000000 0.950497
DS.d194.s0.i0 1.000000 1.039796
DS.d194.s0.i1 1.000000 0.866656
DS.d195.s0.i0 1.000000 0.440726
DS.d192.s0.i0 1.000000 0.678918
DS.d193.s1.i0 1.000000 0.290799
DS.d193.s0.i0 1.000000 0.552018
DS.d190.s0.i0 1.000000 0.844849
DS.d191.s0.i0 -1.000000 -0.439543
DS.d198.s0.i0 1.000000 0.589319
DS.d198.s0.i1 1.000000 0.631082
DS.d198.s1.i3 1.000000 0.622130
DS.d198.s1.i2 1.000000 0.594635
DS.d198.s1.i1 1.000000 0.648202
DS.d198.s1.i0 1.000000 0.556579
DS.d199.s0.i1 1.000000 0.719589
DS.d199.s0.i0 1.000000 0.697088
DS.d706.s0.i0 1.000000 0.551472
DS.d705.s0.i0 1.000000 0.454460
DS.d765.s0.i2 -1.000000 -0.704160
DS.d765.s0.i3 -1.000000 -0.456894
DS.d765.s0.i0 -1.000000 -0.735972
DS.d765.s0.i1 -1.000000 -0.437750
DS.d765.s1.i1 -1.000000 -0.806229
DS.d765.s1.i0 -1.000000 -0.792231
DS.d765.s1.i3 -1.000000 -0.806229
DS.d765.s1.i2 -1.000000 -0.792231
DS.d767.s0.i0 1.000000 0.519519
DS.d766.s0.i1 -1.000000 -0.653445
DS.d766.s0.i0 -1.000000 -0.817279
DS.d766.s0.i3 -1.000000 -0.502471
DS.d766.s0.i2 -1.000000 -0.592266
DS.d761.s0.i2 -1.000000 -0.720656
DS.d761.s0.i0 -1.000000 -0.709959
DS.d761.s0.i1 -1.000000 -0.769810
DS.d760.s1.i0 1.000000 0.783424
DS.d760.s0.i0 1.000000 0.538206
DS.d763.s2.i0 1.000000 0.642378
DS.d763.s0.i0 1.000000 0.927388
DS.d763.s0.i1 1.000000 0.897016
DS.d762.s1.i0 1.000000 0.638245
DS.d762.s0.i1 1.000000 0.569136
DS.d762.s0.i0 1.000000 0.663279
DS.d762.s3.i7 -1.000000 -0.129544
DS.d762.s3.i1 1.000000 0.313415
DS.d762.s3.i2 1.000000 0.244470
DS.d762.s3.i3 -1.000000 -0.149548
DS.d762.s2.i1 1.000000 0.662445
DS.d762.s2.i0 1.000000 0.653017
DS.d762.s4.i1 1.000000 0.818841
DS.d762.s4.i0 1.000000 0.844445
DS.d762.s4.i3 1.000000 0.872387
DS.d762.s4.i2 1.000000 0.794595
DS.d769.s0.i0 1.000000 0.680035
DS.d768.s0.i1 1.000000 0.700996
DS.d768.s0.i0 1.000000 0.620290
DS.d702.s0.i2 1.000000 0.788246
DS.d702.s0.i1 1.000000 0.825437
DS.d702.s0.i0 1.000000 0.743561
DS.d14.s0.i2 -1.000000 -0.836886
DS.d14.s0.i3 -1.000000 -0.766574
DS.d14.s0.i0 -1.000000 -0.721033
DS.d14.s0.i1 -1.000000 -0.652583
DS.d14.s1.i1 -1.000000 -0.578789
DS.d14.s1.i0 -1.000000 -0.584342
DS.d15.s0.i2 1.000000 0.742570
DS.d15.s0.i1 1.000000 0.804445
DS.d15.s0.i0 1.000000 1.212804
DS.d16.s0.i0 1.000000 0.933402
DS.d17.s1.i0 -1.000000 -0.096730
DS.d17.s0.i1 -1.000000 -0.610842
DS.d17.s0.i0 -1.000000 -0.763521
DS.d10.s0.i0 1.000000 0.288716
DS.d11.s0.i1 1.000000 0.836803
DS.d11.s0.i0 1.000000 0.618723
DS.d12.s0.i0 -1.000000 -0.345853
DS.d560.s0.i1 1.000000 0.866815
DS.d560.s0.i0 1.000000 0.897833
DS.d560.s0.i3 1.000000 0.876900
DS.d560.s0.i2 1.000000 0.885639
DS.d606.s0.i0 -1.000000 -0.172749
DS.d607.s0.i2 -1.000000 0.248971
DS.d607.s0.i1 1.000000 0.397788
DS.d607.s0.i0 1.000000 0.446165
DS.d604.s0.i0 1.000000 1.030439
DS.d605.s1.i2 1.000000 0.395616
DS.d605.s1.i0 -1.000000 -0.251111
DS.d605.s1.i1 1.000000 0.260214
DS.d605.s0.i4 1.000000 0.938852
DS.d605.s0.i1 1.000000 0.878886
DS.d605.s0.i0 1.000000 1.001687
DS.d605.s0.i3 1.000000 0.919512
DS.d605.s0.i2 1.000000 1.025845
DS.d18.s0.i0 1.000000 0.546784
DS.d19.s0.i1 1.000000 0.989827
DS.d19.s0.i0 1.000000 0.912877
DS.d569.s0.i0 -1.000000 0.171129
DS.d569.s0.i1 1.000000 -0.036012
DS.d568.s1.i0 1.000000 0.616313
DS.d568.s0.i1 -1.000000 -0.862049
DS.d568.s0.i0 -1.000000 -0.887640
DS.d568.s0.i3 -1.000000 -0.778721
DS.d568.s0.i2 -1.000000 -0.829668
DS.d568.s0.i4 -1.000000 -0.866789
DS.d568.s2.i0 1.000000 0.257563
DS.d3.s1.i0 -1.000000 -0.545684
DS.d3.s1.i1 -1.000000 -0.399355
DS.d3.s0.i2 1.000000 1.086631
DS.d3.s0.i1 1.000000 1.086631
DS.d3.s0.i0 1.000000 0.774221
DS.d0.s0.i0 1.000000 1.257857
DS.d0.s1.i1 -1.000000 -0.512269
DS.d0.s1.i0 -1.000000 -0.440950
DS.d6.s0.i0 1.000000 0.831074
DS.d7.s2.i1 -1.000000 -0.231094
DS.d7.s2.i0 -1.000000 -0.270025
DS.d7.s1.i0 -1.000000 0.103186
DS.d7.s1.i1 1.000000 0.379756
DS.d7.s0.i2 1.000000 1.010207
DS.d7.s0.i1 1.000000 0.920904
DS.d4.s0.i0 -1.000000 -0.485074
DS.d4.s0.i1 -1.000000 -0.441539
DS.d737.s1.i0 -1.000000 -0.271509
DS.d737.s1.i1 1.000000 0.347462
DS.d737.s0.i2 -1.000000 -0.574363
DS.d737.s0.i1 -1.000000 -0.330537
DS.d737.s0.i0 -1.000000 -0.488247
DS.d303.s0.i0 1.000000 0.306774
DS.d303.s0.i1 -1.000000 -0.366949
DS.d302.s0.i0 -1.000000 -0.274026
DS.d301.s0.i0 1.000000 0.401644
DS.d300.s0.i0 1.000000 0.397531
DS.d307.s0.i0 1.000000 0.811641
DS.d307.s1.i0 1.000000 0.833240
DS.d306.s3.i0 -1.000000 -0.746896
DS.d306.s2.i0 -1.000000 -0.484877
DS.d306.s1.i4 1.000000 0.783828
DS.d306.s1.i5 1.000000 0.804527
DS.d306.s1.i0 1.000000 0.770808
DS.d306.s1.i1 1.000000 0.816785
DS.d306.s1.i2 1.000000 0.846880
DS.d306.s1.i3 1.000000 0.792984
DS.d306.s0.i1 -1.000000 -0.492213
DS.d306.s0.i0 1.000000 0.227792
DS.d306.s4.i1 1.000000 0.507547
DS.d306.s4.i0 1.000000 0.474567
DS.d305.s0.i0 1.000000 0.883832
DS.d305.s0.i1 1.000000 0.636721
DS.d305.s0.i2 1.000000 0.950161
DS.d305.s0.i3 1.000000 0.609589
DS.d463.s0.i0 -1.000000 -0.263974
DS.d309.s2.i0 1.000000 0.704095
DS.d309.s2.i1 1.000000 0.651045
DS.d309.s0.i0 1.000000 0.865763
DS.d461.s0.i1 -1.000000 -0.696034
DS.d461.s0.i0 -1.000000 -0.681712
DS.d461.s0.i3 -1.000000 -0.705345
DS.d461.s0.i2 -1.000000 -0.691529
DS.d635.s0.i0 1.000000 1.002926
DS.d635.s0.i1 1.000000 0.704077
DS.d464.s0.i0 1.000000 0.759235
DS.d464.s0.i1 1.000000 0.738090
DS.d464.s1.i0 1.000000 0.406469
DS.d465.s0.i1 1.000000 0.818942
DS.d465.s0.i0 1.000000 0.748108
DS.d465.s0.i2 1.000000 0.843596
DS.d634.s0.i5 1.000000 0.915361
DS.d634.s0.i4 1.000000 0.977757
DS.d634.s0.i7 1.000000 0.846981
DS.d634.s0.i6 1.000000 0.897967
DS.d634.s0.i1 1.000000 0.926934
DS.d634.s0.i0 1.000000 0.915114
DS.d634.s0.i3 1.000000 0.987505
DS.d634.s0.i2 1.000000 0.894757
DS.d268.s0.i0 1.000000 0.078587
DS.d268.s0.i1 1.000000 0.099632
DS.d264.s0.i0 1.000000 0.274967
DS.d264.s0.i1 1.000000 0.642316
DS.d264.s1.i0 1.000000 0.567358
DS.d265.s1.i0 1.000000 0.873986
DS.d265.s1.i1 1.000000 0.808345
DS.d265.s1.i2 1.000000 0.830367
DS.d265.s1.i3 1.000000 0.884288
DS.d265.s0.i1 -1.000000 -0.597526
DS.d265.s0.i0 1.000000 0.865557
DS.d173.s0.i0 1.000000 0.636949
DS.d260.s0.i2 -1.000000 -0.057258
DS.d260.s0.i0 1.000000 0.238822
DS.d260.s0.i1 1.000000 0.283706
DS.d260.s1.i1 1.000000 0.702823
DS.d260.s1.i0 1.000000 0.702823
DS.d262.s0.i0 -1.000000 -0.415928
DS.d263.s1.i0 1.000000 1.447840
DS.d263.s0.i10 1.000000 0.735005
DS.d263.s0.i13 1.000000 0.840211
DS.d263.s0.i9 1.000000 0.844908
DS.d263.s0.i0 1.000000 0.849380
DS.d263.s0.i3 1.000000 0.961627
DS.d263.s0.i2 1.000000 0.846274
DS.d263.s0.i7 1.000000 0.842103
DS.d282.s1.i0 1.000000 0.634583
DS.d564.s0.i1 -1.000000 -0.705442
DS.d564.s0.i0 -1.000000 -0.727701
DS.d631.s0.i0 1.000000 0.622901
DS.d631.s0.i1 1.000000 0.777494
DS.d368.s0.i0 1.000000 0.493688
DS.d630.s0.i1 -1.000000 -0.862330
DS.d630.s0.i0 -1.000000 -0.685136
DS.d823.s0.i0 -1.000000 -0.245180
DS.d734.s0.i0 1.000000 0.943620
DS.d734.s0.i1 1.000000 0.914153
DS.d734.s0.i2 1.000000 0.978230
DS.d734.s0.i3 1.000000 1.006398
DS.d732.s0.i2 1.000000 0.271677
DS.d732.s0.i0 -1.000000 0.510236
DS.d732.s0.i1 1.000000 0.311433
DS.d733.s0.i3 1.000000 0.755164
DS.d733.s0.i2 1.000000 0.613004
DS.d733.s0.i1 1.000000 0.639062
DS.d733.s0.i0 1.000000 0.744223
DS.d639.s0.i0 -1.000000 -0.498959
DS.d419.s0.i0 -1.000000 -0.227684
DS.d418.s0.i1 1.000000 0.920445
DS.d417.s0.i0 1.000000 0.812693
DS.d416.s0.i0 1.000000 0.385369
DS.d414.s0.i1 1.000000 1.032427
DS.d414.s0.i0 1.000000 0.959987
DS.d413.s0.i3 1.000000 0.643360
DS.d412.s0.i0 1.000000 0.487573
DS.d398.s0.i0 1.000000 0.934977
DS.d399.s0.i0 1.000000 0.870179
DS.d289.s0.i1 -1.000000 -0.429477
DS.d289.s0.i0 1.000000 0.262601
DS.d289.s0.i2 -1.000000 -0.365286
DS.d390.s0.i2 -1.000000 -0.897144
DS.d390.s0.i3 -1.000000 -0.910950
DS.d390.s0.i0 -1.000000 -0.842465
DS.d390.s0.i1 -1.000000 -0.816869
DS.d390.s0.i4 -1.000000 -0.876328
DS.d390.s0.i5 -1.000000 -0.805234
DS.d392.s0.i0 1.000000 1.063928
DS.d393.s1.i2 -1.000000 -0.813653
DS.d393.s1.i3 -1.000000 -0.821854
DS.d393.s1.i0 -1.000000 -0.702868
DS.d393.s1.i1 -1.000000 -0.643337
DS.d393.s0.i1 -1.000000 -0.804181
DS.d393.s0.i0 -1.000000 -0.758400
DS.d393.s0.i3 -1.000000 -0.698196
DS.d393.s0.i2 -1.000000 -0.736548
DS.d394.s0.i0 1.000000 0.646686
DS.d394.s0.i1 1.000000 0.739338
DS.d395.s1.i0 1.000000 0.786686
DS.d395.s0.i1 1.000000 0.526313
DS.d395.s0.i0 1.000000 0.504281
DS.d396.s0.i0 1.000000 0.861051
DS.d397.s0.i1 -1.000000 -0.391241
DS.d397.s0.i0 -1.000000 -0.217916
DS.d397.s0.i2 1.000000 -0.264734
DS.d567.s0.i0 1.000000 0.477156
DS.d567.s0.i1 1.000000 1.058894
DS.d567.s1.i1 -1.000000 -0.222162
DS.d567.s1.i0 -1.000000 -0.026004
DS.d567.s1.i2 1.000000 -0.078177
DS.d566.s0.i1 1.000000 -0.001570
DS.d566.s0.i0 1.000000 -0.012054
DS.d565.s0.i0 1.000000 0.878270
DS.d642.s0.i0 -1.000000 -0.426109
DS.d643.s0.i3 1.000000 0.449021
DS.d643.s0.i1 -1.000000 -0.217459
DS.d643.s0.i5 1.000000 0.283747
DS.d643.s0.i4 -1.000000 -0.328014
DS.d640.s0.i0 -1.000000 -0.348616
DS.d641.s0.i1 1.000000 0.894952
DS.d641.s0.i0 1.000000 0.935254
DS.d646.s0.i4 1.000000 0.751938
DS.d646.s0.i5 1.000000 0.720679
DS.d646.s0.i2 1.000000 0.782478
DS.d646.s0.i3 1.000000 0.802333
DS.d646.s0.i0 1.000000 0.724915
DS.d646.s0.i1 1.000000 0.723225
DS.d647.s0.i0 -1.000000 -0.171195
DS.d644.s0.i0 -1.000000 -0.311920
DS.d645.s0.i0 1.000000 0.981221
DS.d563.s0.i6 -1.000000 -0.846543
DS.d563.s0.i7 -1.000000 -0.932852
DS.d563.s0.i4 -1.000000 -0.691912
DS.d563.s0.i5 -1.000000 -0.683781
DS.d563.s0.i2 -1.000000 -0.860550
DS.d563.s0.i3 -1.000000 -0.934185
DS.d563.s0.i0 -1.000000 -0.947912
DS.d563.s0.i1 -1.000000 -0.944961
DS.d648.s0.i0 1.000000 0.677090
DS.d648.s0.i1 1.000000 0.634497
DS.d648.s0.i2 1.000000 0.740143
DS.d649.s0.i5 -1.000000 -0.229178
DS.d649.s0.i4 -1.000000 -0.289490
DS.d649.s0.i7 1.000000 0.229198
DS.d649.s0.i6 1.000000 0.225710
DS.d649.s0.i1 1.000000 0.152215
DS.d649.s0.i0 -1.000000 -0.276603
DS.d649.s0.i3 1.000000 0.149937
DS.d649.s0.i2 -1.000000 -0.219521
DS.d138.s0.i0 1.000000 0.957630
DS.d138.s1.i0 1.000000 0.572907
DS.d138.s2.i0 1.000000 0.809355
DS.d138.s3.i0 1.000000 0.884256
DS.d139.s2.i1 1.000000 0.805035
DS.d139.s2.i0 1.000000 0.805035
DS.d139.s2.i2 1.000000 0.819707
DS.d139.s1.i0 1.000000 0.917928
DS.d139.s1.i1 1.000000 0.810464
DS.d139.s1.i2 1.000000 0.872938
DS.d139.s1.i3 1.000000 0.793451
DS.d139.s0.i1 1.000000 0.880768
DS.d139.s0.i0 1.000000 0.852220
DS.d562.s1.i0 1.000000 0.594873
DS.d562.s0.i0 -1.000000 -0.205117
DS.d484.s0.i0 1.000000 0.904214
DS.d484.s0.i1 1.000000 0.705960
DS.d484.s1.i1 -1.000000 -0.481656
DS.d484.s1.i0 -1.000000 -0.597057
DS.d655.s0.i0 1.000000 0.705566
DS.d655.s0.i1 1.000000 0.411032
DS.d655.s1.i1 1.000000 -0.128739
DS.d655.s1.i0 -1.000000 -0.291174
DS.d655.s1.i2 -1.000000 -0.268339
DS.d529.s0.i0 -1.000000 -0.631078
DS.d528.s0.i1 1.000000 -0.361974
DS.d528.s0.i0 1.000000 -0.356172
DS.d480.s0.i0 -1.000000 0.187291
DS.d561.s0.i0 -1.000000 -0.552382
DS.d482.s0.i0 -1.000000 -0.676445
DS.d482.s0.i1 -1.000000 -0.726395
DS.d483.s1.i0 1.000000 0.526422
DS.d483.s0.i0 -1.000000 -0.434083
DS.d523.s0.i0 -1.000000 -0.125840
DS.d523.s1.i1 1.000000 0.893991
DS.d523.s1.i0 1.000000 0.738042
DS.d521.s0.i0 1.000000 0.961769
DS.d521.s0.i1 1.000000 0.908035
DS.d520.s1.i2 -1.000000 0.061100
DS.d520.s1.i0 1.000000 0.340462
DS.d520.s1.i1 1.000000 0.172269
DS.d527.s0.i2 1.000000 0.535084
DS.d527.s0.i3 1.000000 0.574866
DS.d527.s0.i0 1.000000 0.661981
DS.d527.s0.i1 1.000000 0.879015
DS.d527.s1.i1 1.000000 0.284624
DS.d527.s1.i0 1.000000 0.376736
DS.d526.s2.i1 -1.000000 0.207594
DS.d526.s2.i0 -1.000000 0.177913
DS.d526.s0.i3 -1.000000 0.108876
DS.d526.s0.i2 1.000000 0.654398
DS.d526.s0.i1 1.000000 0.196553
DS.d526.s0.i0 1.000000 0.765034
DS.d525.s0.i0 1.000000 0.534321
DS.d525.s0.i1 1.000000 0.528771
DS.d524.s0.i0 1.000000 0.251120
DS.d656.s0.i1 -1.000000 -0.285216
DS.d656.s0.i0 -1.000000 -0.354876
DS.d656.s0.i2 -1.000000 -0.865289
DS.d798.s0.i0 -1.000000 -0.190514
DS.d693.s0.i0 -1.000000 -0.873965
DS.d693.s0.i1 -1.000000 -0.900899
DS.d693.s0.i2 -1.000000 -0.914431
DS.d693.s0.i3 -1.000000 -0.852291
DS.d799.s0.i3 1.000000 0.755008
DS.d799.s0.i1 1.000000 0.807952
DS.d799.s0.i0 1.000000 0.755008
DS.d136.s0.i0 1.000000 0.811567
DS.d136.s0.i1 1.000000 0.901432
DS.d653.s0.i0 1.000000 0.654873
DS.d653.s0.i1 1.000000 0.704050
DS.d653.s0.i2 1.000000 0.730352
DS.d602.s0.i0 -1.000000 -0.451555
DS.d603.s0.i1 1.000000 0.237203
DS.d603.s0.i0 -1.000000 0.102819
DS.d600.s0.i0 1.000000 0.600548
DS.d601.s0.i0 1.000000 0.698897
DS.d636.s0.i1 1.000000 0.116171
DS.d636.s0.i0 -1.000000 -0.297961
DS.d828.s0.i0 1.000000 0.786713
DS.d829.s0.i0 1.000000 0.690793
DS.d633.s0.i2 1.000000 0.774300
DS.d633.s0.i3 1.000000 0.707523
DS.d633.s0.i0 1.000000 0.741032
DS.d633.s0.i1 1.000000 0.628675
DS.d633.s1.i1 1.000000 0.962303
DS.d633.s1.i0 1.000000 0.920547
DS.d633.s1.i3 1.000000 0.923184
DS.d633.s1.i2 1.000000 0.897352
DS.d633.s2.i0 1.000000 0.927792
DS.d633.s2.i1 1.000000 0.830161
DS.d633.s3.i1 1.000000 0.895784
DS.d633.s3.i0 1.000000 0.950146
DS.d738.s0.i0 1.000000 0.764114
DS.d738.s0.i1 1.000000 0.765762
DS.d738.s1.i0 -1.000000 -0.342103
DS.d739.s1.i7 1.000000 0.740184
DS.d739.s1.i5 1.000000 0.821270
DS.d739.s1.i3 1.000000 0.841366
DS.d739.s1.i1 1.000000 0.774755
DS.d739.s0.i1 1.000000 0.442411
DS.d739.s0.i3 1.000000 0.457174
DS.d739.s0.i2 -1.000000 -0.275186
DS.d822.s0.i0 -1.000000 -0.181904
DS.d790.s0.i0 -1.000000 -0.625055
DS.d790.s0.i1 -1.000000 -0.647838
DS.d820.s2.i0 -1.000000 -0.160357
DS.d820.s2.i1 -1.000000 -0.573485
DS.d820.s3.i0 -1.000000 -0.411087
DS.d820.s0.i0 -1.000000 -0.559935
DS.d820.s0.i1 -1.000000 -0.513270
DS.d820.s0.i2 -1.000000 -0.161389
DS.d820.s1.i0 1.000000 0.216281
DS.d735.s1.i0 -1.000000 -0.424583
DS.d735.s1.i1 -1.000000 -0.419870
DS.d735.s0.i0 1.000000 1.282280
DS.d735.s3.i0 -1.000000 0.013394
DS.d735.s2.i1 -1.000000 -0.117478
DS.d735.s2.i0 1.000000 0.449198
DS.d826.s0.i6 1.000000 0.911232
DS.d826.s0.i7 1.000000 0.919208
DS.d826.s0.i4 1.000000 1.033051
DS.d826.s0.i5 1.000000 0.810890
DS.d826.s0.i2 1.000000 0.948813
DS.d826.s0.i3 1.000000 1.052695
DS.d826.s0.i0 1.000000 0.781736
DS.d826.s0.i1 1.000000 0.910386
DS.d826.s1.i1 1.000000 0.604534
DS.d826.s1.i0 1.000000 0.596885
DS.d826.s1.i2 1.000000 0.586346
DS.d826.s2.i0 1.000000 0.884803
DS.d826.s2.i1 1.000000 0.908372
DS.d826.s2.i2 1.000000 0.962857
DS.d826.s2.i3 1.000000 0.936747
DS.d826.s3.i3 1.000000 1.093534
DS.d826.s3.i2 1.000000 1.093534
DS.d826.s3.i1 1.000000 1.000273
DS.d826.s3.i0 1.000000 1.000273
DS.d827.s0.i2 -1.000000 -0.822310
DS.d827.s0.i1 -1.000000 -0.539414
DS.d827.s0.i0 -1.000000 -0.710573
DS.d730.s0.i0 1.000000 0.489382
DS.d791.s0.i0 1.000000 0.530716
DS.d609.s1.i2 1.000000 0.236064
DS.d609.s1.i0 -1.000000 -0.288455
DS.d609.s1.i1 -1.000000 -0.293608
DS.d609.s0.i1 -1.000000 -0.041321
DS.d609.s0.i0 -1.000000 -0.613532
DS.d49.s2.i0 1.000000 0.861941
DS.d49.s2.i1 1.000000 0.894616
DS.d49.s0.i0 1.000000 0.692088
DS.d49.s0.i1 1.000000 0.691155
DS.d49.s0.i2 1.000000 0.684699
DS.d49.s0.i3 1.000000 0.629614
DS.d49.s1.i3 1.000000 0.390679
DS.d49.s1.i2 -1.000000 0.350643
DS.d49.s1.i1 1.000000 0.430762
DS.d49.s1.i0 1.000000 0.369745
DS.d48.s0.i1 -1.000000 -0.115049
DS.d48.s0.i0 -1.000000 -0.115049
DS.d48.s0.i3 1.000000 0.455098
DS.d48.s0.i2 1.000000 0.455098
DS.d48.s0.i5 1.000000 0.509312
DS.d48.s0.i4 1.000000 0.509312
DS.d47.s0.i0 1.000000 0.774832
DS.d47.s0.i1 1.000000 0.725955
DS.d46.s0.i3 -1.000000 -0.816417
DS.d46.s0.i2 -1.000000 -0.944042
DS.d46.s0.i1 -1.000000 -0.837199
DS.d46.s0.i0 -1.000000 -0.934535
DS.d46.s0.i7 -1.000000 -0.818009
DS.d46.s0.i6 -1.000000 -0.940761
DS.d46.s0.i5 -1.000000 -0.931532
DS.d46.s0.i4 -1.000000 -0.804518
DS.d45.s0.i0 -1.000000 -0.677648
DS.d45.s0.i1 -1.000000 -0.677648
DS.d793.s1.i0 1.000000 0.465963
DS.d793.s1.i1 1.000000 0.258388
DS.d793.s0.i1 1.000000 0.552386
DS.d793.s0.i0 1.000000 0.584809
DS.d42.s0.i0 1.000000 0.643487
DS.d41.s0.i0 -1.000000 -0.500281
DS.d41.s0.i1 -1.000000 -0.580113
DS.d40.s0.i0 1.000000 0.755694
DS.d220.s0.i0 -1.000000 -0.323190
DS.d220.s0.i1 -1.000000 -0.724164
DS.d220.s1.i1 1.000000 0.021869
DS.d220.s1.i0 -1.000000 -0.320330
DS.d221.s0.i0 1.000000 0.749245
DS.d222.s0.i0 1.000000 0.490853
DS.d223.s1.i0 1.000000 0.719742
DS.d223.s1.i1 1.000000 0.753806
DS.d223.s0.i1 -1.000000 -0.392945
DS.d223.s0.i0 1.000000 0.427997
DS.d224.s0.i0 1.000000 0.773283
DS.d224.s1.i0 1.000000 0.642506
DS.d225.s1.i0 1.000000 0.750614
DS.d225.s0.i0 1.000000 0.512185
DS.d226.s0.i0 1.000000 0.767575
DS.d227.s0.i1 1.000000 0.726572
DS.d227.s0.i0 1.000000 0.726572
DS.d558.s0.i0 -1.000000 -0.154336
DS.d558.s1.i1 -1.000000 -0.274316
DS.d558.s1.i0 1.000000 -0.083534
DS.d453.s0.i0 -1.000000 -0.501133
DS.d598.s0.i0 1.000000 0.972770
DS.d598.s0.i1 1.000000 0.972770
DS.d450.s1.i0 1.000000 0.375705
DS.d450.s1.i1 -1.000000 -0.307729
DS.d450.s0.i0 1.000000 0.682973
DS.d457.s0.i0 1.000000 0.706568
DS.d457.s1.i1 1.000000 0.245413
DS.d457.s1.i0 -1.000000 -0.256815
DS.d457.s1.i3 -1.000000 -0.303076
DS.d457.s1.i2 1.000000 0.235588
DS.d503.s0.i0 1.000000 0.943275
DS.d454.s0.i1 1.000000 0.062892
DS.d454.s0.i0 -1.000000 -0.491774
DS.d454.s0.i2 -1.000000 -0.363813
DS.d593.s0.i0 1.000000 0.756399
DS.d459.s0.i0 -1.000000 -0.734155
DS.d459.s0.i1 -1.000000 -0.993145
DS.d459.s0.i2 -1.000000 -0.814770
DS.d459.s0.i3 -1.000000 -0.806316
DS.d502.s1.i2 -1.000000 -0.565203
DS.d502.s1.i0 -1.000000 -0.771723
DS.d502.s1.i1 -1.000000 -0.612510
DS.d502.s0.i1 -1.000000 -0.417915
DS.d502.s0.i0 -1.000000 -0.706899
DS.d502.s0.i2 -1.000000 -0.867140
DS.d596.s0.i0 1.000000 0.574251
DS.d596.s0.i1 1.000000 0.797628
DS.d597.s0.i5 -1.000000 -0.855509
DS.d597.s0.i4 -1.000000 -0.865111
DS.d597.s0.i3 -1.000000 -0.869351
DS.d597.s0.i2 -1.000000 -0.921942
DS.d597.s0.i1 -1.000000 -0.876197
DS.d597.s0.i0 -1.000000 -0.892556
DS.d594.s0.i0 1.000000 0.796345
DS.d594.s0.i1 1.000000 0.819755
DS.d594.s0.i2 1.000000 0.874962
DS.d595.s0.i1 -1.000000 -0.466953
DS.d595.s0.i0 -1.000000 -0.585898
DS.d595.s0.i2 -1.000000 -0.492495
DS.d295.s0.i0 1.000000 0.959672
DS.d295.s1.i0 -1.000000 -0.471915
DS.d294.s0.i2 1.000000 0.978384
DS.d294.s0.i1 1.000000 0.910778
DS.d294.s0.i0 1.000000 0.881836
DS.d297.s0.i0 1.000000 0.873386
DS.d296.s0.i0 1.000000 0.912400
DS.d291.s0.i0 -1.000000 -0.028840
DS.d359.s0.i1 -1.000000 -0.341096
DS.d359.s0.i0 -1.000000 -0.447608
DS.d293.s0.i0 1.000000 0.680491
DS.d293.s0.i1 1.000000 0.944334
DS.d292.s0.i0 -1.000000 -1.111726
DS.d292.s0.i3 -1.000000 -0.807743
DS.d354.s0.i0 -1.000000 -0.214004
DS.d355.s0.i0 -1.000000 -0.647854
DS.d356.s0.i0 -1.000000 0.012119
DS.d357.s0.i1 1.000000 1.123486
DS.d350.s0.i2 1.000000 0.758189
DS.d350.s0.i3 1.000000 0.706086
DS.d350.s0.i0 1.000000 0.631383
DS.d350.s0.i1 1.000000 0.686389
DS.d350.s1.i1 -1.000000 -0.706615
DS.d350.s1.i0 -1.000000 -0.685991
DS.d350.s1.i3 -1.000000 -0.729992
DS.d350.s1.i2 -1.000000 -0.503790
DS.d298.s0.i0 1.000000 0.588488
DS.d352.s0.i0 1.000000 1.041374
DS.d352.s0.i1 1.000000 1.078138
DS.d353.s0.i1 1.000000 0.955074
DS.d353.s0.i0 1.000000 0.972754
DS.d508.s0.i0 1.000000 0.450668
DS.d804.s0.i0 1.000000 0.604527
DS.d686.s0.i0 1.000000 0.554505
DS.d686.s0.i1 1.000000 0.486214
DS.d687.s1.i0 -1.000000 -0.302947
DS.d687.s0.i0 1.000000 0.606742
DS.d684.s0.i0 -1.000000 -0.259131
DS.d684.s0.i1 1.000000 0.170225
DS.d684.s0.i2 -1.000000 -0.103401
DS.d684.s0.i3 1.000000 0.399360
DS.d685.s1.i1 1.000000 0.938130
DS.d685.s0.i1 1.000000 0.779959
DS.d685.s0.i0 1.000000 0.840790
DS.d685.s0.i2 1.000000 0.832239
DS.d682.s0.i2 1.000000 0.551001
DS.d682.s0.i0 1.000000 0.607452
DS.d682.s0.i1 1.000000 0.579782
DS.d683.s0.i5 -1.000000 -0.830836
DS.d683.s0.i4 -1.000000 -0.875867
DS.d683.s0.i3 -1.000000 -0.844861
DS.d683.s0.i2 -1.000000 -0.871925
DS.d683.s0.i1 -1.000000 -0.851223
DS.d683.s0.i0 -1.000000 -0.841930
DS.d680.s0.i0 1.000000 0.875008
DS.d680.s0.i1 1.000000 0.874069
DS.d680.s0.i2 1.000000 0.981665
DS.d680.s1.i0 1.000000 0.575005
DS.d681.s1.i6 1.000000 0.102902
DS.d681.s1.i7 -1.000000 -0.526685
DS.d681.s1.i4 1.000000 0.225258
DS.d681.s1.i5 -1.000000 -0.614098
DS.d681.s1.i2 -1.000000 -0.598432
DS.d681.s1.i3 -1.000000 -0.610735
DS.d681.s1.i0 -1.000000 -0.579947
DS.d681.s1.i1 -1.000000 -0.560789
DS.d681.s1.i8 1.000000 0.208308
DS.d681.s0.i1 1.000000 0.570747
DS.d681.s0.i0 1.000000 0.783344
DS.d689.s0.i1 -1.000000 -0.670447
DS.d689.s0.i0 -1.000000 -0.606716
DS.d179.s2.i0 1.000000 0.727655
DS.d179.s1.i0 1.000000 0.035145
DS.d179.s1.i1 -1.000000 -0.146191
DS.d179.s0.i28 -1.000000 -1.017194
DS.d179.s0.i29 -1.000000 -0.986743
DS.d179.s0.i22 -1.000000 -0.957007
DS.d179.s0.i23 -1.000000 -0.964462
DS.d179.s0.i20 -1.000000 -0.998005
DS.d179.s0.i21 -1.000000 -0.942913
DS.d179.s0.i26 -1.000000 -0.933918
DS.d179.s0.i27 -1.000000 -0.944909
DS.d179.s0.i24 -1.000000 -0.854678
DS.d179.s0.i25 -1.000000 -0.830799
DS.d179.s0.i3 -1.000000 -1.052179
DS.d179.s0.i2 -1.000000 -0.964535
DS.d179.s0.i1 -1.000000 -0.935849
DS.d179.s0.i0 -1.000000 -0.984382
DS.d179.s0.i7 -1.000000 -0.961903
DS.d179.s0.i6 -1.000000 -0.971648
DS.d179.s0.i5 -1.000000 -1.000271
DS.d179.s0.i4 -1.000000 -0.979151
DS.d179.s0.i9 -1.000000 -0.996799
DS.d179.s0.i8 -1.000000 -1.011697
DS.d179.s0.i13 -1.000000 -0.984194
DS.d179.s0.i12 -1.000000 -0.973217
DS.d179.s0.i11 -1.000000 -1.000925
DS.d179.s0.i10 -1.000000 -1.002520
DS.d179.s0.i17 -1.000000 -0.910840
DS.d179.s0.i16 -1.000000 -1.023401
DS.d179.s0.i15 -1.000000 -0.865529
DS.d179.s0.i14 -1.000000 -0.962248
DS.d179.s0.i19 -1.000000 -1.055006
DS.d179.s0.i18 -1.000000 -0.915220
DS.d98.s0.i4 1.000000 0.873234
DS.d98.s0.i5 1.000000 0.821049
DS.d98.s0.i2 1.000000 0.937867
DS.d98.s0.i3 1.000000 0.810245
DS.d98.s0.i0 1.000000 0.885582
DS.d98.s0.i1 1.000000 0.913290
DS.d98.s1.i1 -1.000000 -0.735759
DS.d98.s1.i0 -1.000000 -0.812262
DS.d98.s1.i2 -1.000000 -0.813359
DS.d99.s0.i0 1.000000 0.749002
DS.d168.s0.i0 -1.000000 -0.337474
DS.d171.s1.i0 1.000000 0.906070
DS.d171.s0.i0 1.000000 -0.291884
DS.d96.s0.i0 -1.000000 -0.267638
DS.d96.s0.i1 1.000000 0.226321
DS.d96.s0.i2 -1.000000 -0.299430
DS.d96.s0.i3 1.000000 0.200959
DS.d96.s1.i1 1.000000 0.656929
DS.d96.s1.i0 1.000000 0.984013
DS.d97.s0.i0 1.000000 0.705505
DS.d174.s0.i2 -1.000000 -0.974142
DS.d174.s0.i3 -1.000000 -0.911760
DS.d174.s0.i0 -1.000000 -1.028418
DS.d174.s0.i1 -1.000000 -0.588008
DS.d91.s0.i5 1.000000 -0.336010
DS.d91.s0.i4 -1.000000 -0.504564
DS.d91.s0.i3 -1.000000 -0.613116
DS.d91.s0.i2 -1.000000 -0.653866
DS.d91.s0.i1 -1.000000 -0.651516
DS.d91.s0.i0 -1.000000 -0.622017
DS.d92.s2.i0 1.000000 0.117354
DS.d92.s3.i0 1.000000 0.606334
DS.d92.s0.i0 1.000000 0.677820
DS.d92.s1.i0 1.000000 0.435253
DS.d93.s0.i0 1.000000 0.613017
DS.d772.s0.i0 -1.000000 -0.259364
DS.d772.s0.i1 -1.000000 -0.341476
DS.d770.s0.i0 1.000000 0.514578
DS.d770.s0.i1 1.000000 0.532481
DS.d771.s0.i0 1.000000 0.857562
DS.d776.s0.i0 1.000000 0.700334
DS.d776.s0.i1 1.000000 0.700334
DS.d777.s0.i0 -1.000000 -0.386598
DS.d774.s0.i0 -1.000000 -0.215479
DS.d774.s0.i1 1.000000 0.584643
DS.d774.s1.i1 1.000000 0.486205
DS.d774.s1.i0 -1.000000 -0.190936
DS.d778.s2.i0 1.000000 0.912088
DS.d778.s2.i1 1.000000 0.883518
DS.d778.s0.i0 1.000000 1.034741
DS.d778.s1.i1 1.000000 0.730998
DS.d778.s1.i0 -1.000000 0.101829
DS.d779.s0.i0 -1.000000 -0.270087
DS.d574.s0.i2 -1.000000 -0.710794
DS.d574.s0.i3 -1.000000 -0.682802
DS.d574.s0.i0 -1.000000 -0.818499
DS.d574.s0.i1 -1.000000 -0.840283
DS.d575.s2.i0 -1.000000 -0.231675
DS.d575.s1.i0 1.000000 0.721318
DS.d575.s1.i1 1.000000 0.672942
DS.d575.s0.i0 1.000000 0.992092
DS.d679.s0.i0 -1.000000 -0.286591
DS.d678.s0.i1 -1.000000 -0.831621
DS.d678.s0.i0 -1.000000 -0.767611
DS.d678.s0.i3 -1.000000 -0.830424
DS.d678.s0.i2 -1.000000 -0.775894
DS.d570.s0.i0 1.000000 0.905639
DS.d570.s1.i0 1.000000 0.651986
DS.d570.s2.i0 1.000000 1.056853
DS.d570.s3.i0 1.000000 0.637120
DS.d571.s0.i0 -1.000000 -0.505759
DS.d572.s0.i0 -1.000000 -0.493763
DS.d572.s0.i1 -1.000000 -0.514908
DS.d573.s0.i1 1.000000 0.834531
DS.d573.s0.i0 1.000000 0.945053
DS.d573.s0.i3 1.000000 0.854506
DS.d573.s0.i2 1.000000 0.935626
DS.d673.s0.i0 1.000000 1.165313
DS.d672.s0.i8 1.000000 0.120523
DS.d672.s0.i2 1.000000 0.136154
DS.d672.s0.i1 -1.000000 -0.282151
DS.d672.s0.i0 1.000000 0.037303
DS.d672.s0.i6 -1.000000 0.051536
DS.d672.s0.i5 -1.000000 -0.288824
DS.d672.s0.i4 1.000000 0.046178
DS.d672.s0.i10 -1.000000 -0.164844
DS.d672.s0.i11 -1.000000 -0.272123
DS.d671.s0.i0 1.000000 0.838642
DS.d671.s0.i1 1.000000 0.967211
DS.d671.s0.i2 1.000000 0.846137
DS.d670.s0.i1 1.000000 0.928405
DS.d670.s0.i0 1.000000 0.794773
DS.d578.s0.i2 -1.000000 -0.694001
DS.d578.s0.i0 -1.000000 -0.598075
DS.d578.s0.i1 -1.000000 -0.659124
DS.d676.s0.i0 1.000000 0.438963
DS.d675.s0.i0 1.000000 0.928947
DS.d805.s0.i2 -1.000000 -0.990907
DS.d805.s0.i1 -1.000000 -0.686527
DS.d805.s0.i0 -1.000000 -0.639748
DS.d608.s0.i0 1.000000 0.847555
DS.d608.s1.i1 1.000000 0.812740
DS.d608.s1.i0 1.000000 0.771368
DS.d707.s0.i0 1.000000 0.715109
DS.d707.s0.i1 1.000000 0.608738
DS.d707.s1.i0 1.000000 0.444142
DS.d812.s0.i2 -1.000000 -0.902138
DS.d812.s0.i1 -1.000000 -0.654965
DS.d812.s0.i0 -1.000000 -0.908527
DS.d811.s0.i0 1.000000 0.953011
DS.d811.s1.i1 1.000000 1.005221
DS.d811.s1.i0 1.000000 1.058560
DS.d810.s1.i2 1.000000 0.308896
DS.d810.s1.i3 1.000000 0.076393
DS.d810.s1.i0 -1.000000 0.485624
DS.d810.s1.i1 1.000000 0.931704
DS.d810.s0.i5 1.000000 0.756297
DS.d810.s0.i4 1.000000 0.802311
DS.d810.s0.i1 1.000000 0.768164
DS.d810.s0.i0 1.000000 0.911539
DS.d810.s0.i3 1.000000 0.767406
DS.d810.s0.i2 1.000000 0.776439
DS.d810.s3.i0 1.000000 0.854280
DS.d810.s2.i1 1.000000 0.705830
DS.d810.s2.i0 1.000000 1.001643
DS.d816.s0.i5 1.000000 0.354008
DS.d816.s0.i4 -1.000000 -0.227847
DS.d816.s0.i3 1.000000 0.259631
DS.d816.s0.i2 -1.000000 0.121887
DS.d816.s0.i1 -1.000000 -0.363600
DS.d816.s0.i0 1.000000 0.110063
DS.d701.s0.i0 -1.000000 -0.904880
DS.d701.s0.i1 -1.000000 -0.948565
DS.d700.s0.i0 1.000000 0.384760
DS.d815.s0.i0 1.000000 0.778051
DS.d815.s0.i1 1.000000 0.919235
DS.d815.s0.i2 1.000000 0.857272
DS.d819.s0.i0 1.000000 0.129477
DS.d819.s0.i1 -1.000000 -0.177827
DS.d818.s1.i2 1.000000 0.817310
DS.d818.s1.i3 1.000000 0.817310
DS.d818.s1.i0 1.000000 0.817310
DS.d818.s1.i1 1.000000 0.726299
DS.d818.s1.i4 1.000000 0.726299
DS.d818.s1.i5 1.000000 0.726299
DS.d818.s0.i1 1.000000 0.845846
DS.d818.s0.i0 1.000000 0.845846
DS.d818.s0.i3 1.000000 0.795480
DS.d818.s0.i2 1.000000 0.772244
DS.d818.s2.i3 1.000000 0.992731
DS.d818.s2.i2 1.000000 0.788891
DS.d818.s2.i1 1.000000 0.788891
DS.d818.s2.i0 1.000000 0.992731
DS.d818.s2.i5 1.000000 0.788891
DS.d818.s2.i4 1.000000 0.992731
DS.d709.s0.i0 1.000000 0.841533
DS.d708.s0.i0 -1.000000 -0.499262
DS.d76.s0.i2 1.000000 0.642414
DS.d76.s0.i3 1.000000 0.602610
DS.d76.s0.i0 1.000000 0.641831
DS.d76.s0.i1 1.000000 0.652128
DS.d76.s1.i1 1.000000 0.747225
DS.d76.s1.i0 1.000000 0.788758
DS.d76.s1.i3 1.000000 0.802565
DS.d76.s1.i2 1.000000 0.736614
DS.d74.s0.i0 1.000000 0.649207
DS.d75.s0.i0 -1.000000 -0.545594
DS.d72.s0.i0 -1.000000 -0.639923
DS.d72.s0.i1 -1.000000 -0.504907
DS.d73.s0.i1 -1.000000 -1.067491
DS.d73.s0.i0 -1.000000 -0.908824
DS.d70.s0.i0 1.000000 0.617872
DS.d70.s0.i1 1.000000 0.724644
DS.d70.s1.i3 1.000000 0.687973
DS.d70.s1.i2 1.000000 0.583270
DS.d70.s1.i1 1.000000 0.572916
DS.d70.s1.i0 1.000000 0.666619
DS.d71.s0.i0 1.000000 0.619040
DS.d79.s0.i0 -1.000000 -0.179396
DS.d310.s0.i2 1.000000 0.324954
DS.d310.s0.i0 1.000000 0.182293
DS.d310.s0.i1 -1.000000 -0.050410
DS.d310.s1.i1 -1.000000 -0.962531
DS.d310.s1.i0 -1.000000 -0.858462
DS.d310.s1.i3 -1.000000 -0.689828
DS.d310.s1.i2 -1.000000 -0.659067
DS.d312.s0.i10 1.000000 0.830883
DS.d312.s0.i4 1.000000 0.865677
DS.d312.s0.i5 1.000000 0.851305
DS.d312.s0.i6 1.000000 0.736394
DS.d312.s0.i7 1.000000 0.857643
DS.d312.s0.i0 1.000000 0.811050
DS.d312.s0.i1 1.000000 0.871098
DS.d312.s0.i2 1.000000 0.880201
DS.d312.s0.i3 1.000000 0.874205
DS.d312.s0.i8 1.000000 0.898780
DS.d312.s0.i9 1.000000 0.701985
DS.d313.s5.i0 1.000000 0.750100
DS.d313.s4.i0 1.000000 0.707039
DS.d313.s1.i0 -1.000000 -0.649860
DS.d313.s1.i1 -1.000000 -0.697864
DS.d313.s0.i0 1.000000 0.929930
DS.d313.s3.i0 1.000000 0.656891
DS.d313.s2.i0 1.000000 0.769897
DS.d314.s0.i0 1.000000 0.171639
DS.d314.s0.i1 -1.000000 -0.204859
DS.d315.s0.i3 -1.000000 -0.878151
DS.d315.s0.i2 -1.000000 -0.905898
DS.d315.s0.i1 -1.000000 -0.872969
DS.d315.s0.i0 -1.000000 -0.899240
DS.d316.s2.i0 1.000000 0.794274
DS.d316.s2.i1 1.000000 0.794274
DS.d316.s0.i0 1.000000 0.628626
DS.d316.s0.i1 1.000000 0.567969
DS.d316.s1.i1 1.000000 0.557159
DS.d316.s1.i0 1.000000 0.548163
DS.d317.s0.i1 1.000000 0.922498
DS.d317.s0.i0 1.000000 0.769115
DS.d317.s0.i3 1.000000 0.839672
DS.d317.s0.i2 1.000000 0.886860
DS.d317.s0.i5 1.000000 0.971286
DS.d317.s0.i4 1.000000 0.815424
DS.d317.s0.i7 1.000000 1.026946
DS.d317.s0.i6 1.000000 0.977853
DS.d317.s0.i9 1.000000 0.891913
DS.d317.s0.i8 1.000000 0.887231
DS.d317.s0.i11 1.000000 0.815118
DS.d317.s0.i10 1.000000 0.821320
DS.d318.s0.i0 1.000000 0.685115
DS.d318.s0.i1 1.000000 0.622289
DS.d319.s0.i1 -1.000000 -0.759531
DS.d319.s0.i0 -1.000000 -0.797695
DS.d259.s0.i0 -1.000000 -0.729630
DS.d258.s0.i0 -1.000000 -0.503758
DS.d599.s1.i0 -1.000000 0.060696
DS.d251.s0.i2 -1.000000 -0.885837
DS.d251.s0.i3 -1.000000 -0.893483
DS.d251.s0.i0 -1.000000 -0.911017
DS.d251.s0.i1 -1.000000 -1.038710
DS.d251.s0.i6 -1.000000 -0.969095
DS.d251.s0.i7 -1.000000 -0.893937
DS.d251.s0.i4 -1.000000 -0.960555
DS.d251.s0.i5 -1.000000 -0.981401
DS.d251.s0.i8 -1.000000 -0.959996
DS.d250.s1.i0 1.000000 0.749356
DS.d250.s0.i1 1.000000 0.793449
DS.d250.s0.i0 1.000000 0.939203
DS.d253.s2.i0 1.000000 0.892644
DS.d253.s0.i0 -1.000000 0.327078
DS.d253.s1.i7 -1.000000 0.039593
DS.d253.s1.i6 -1.000000 -0.095119
DS.d253.s1.i5 1.000000 0.011774
DS.d253.s1.i4 -1.000000 0.012935
DS.d253.s1.i3 1.000000 0.120493
DS.d253.s1.i2 -1.000000 -0.052766
DS.d253.s1.i1 1.000000 0.147685
DS.d253.s1.i0 1.000000 0.054700
DS.d252.s1.i2 1.000000 0.820854
DS.d252.s1.i0 1.000000 0.831439
DS.d252.s1.i1 1.000000 0.713255
DS.d252.s0.i0 1.000000 0.801893
DS.d252.s2.i2 -1.000000 -0.765538
DS.d252.s2.i1 -1.000000 -0.711701
DS.d252.s2.i0 -1.000000 -0.725670
DS.d255.s0.i0 -1.000000 -0.721213
DS.d255.s0.i1 -1.000000 -0.754683
DS.d254.s2.i1 1.000000 0.771672
DS.d254.s2.i0 1.000000 0.796647
DS.d254.s1.i0 1.000000 0.134090
DS.d254.s1.i1 1.000000 0.119223
DS.d254.s0.i1 1.000000 1.075928
DS.d254.s0.i0 1.000000 0.927267
DS.d257.s2.i0 1.000000 0.703702
DS.d257.s3.i0 1.000000 0.757023
DS.d257.s0.i0 1.000000 0.150845
DS.d257.s0.i1 -1.000000 -0.173908
DS.d257.s0.i2 -1.000000 -0.064964
DS.d257.s1.i0 1.000000 0.697459
DS.d256.s0.i1 -1.000000 -0.279317
DS.d256.s0.i0 -1.000000 -0.408161
DS.d256.s0.i3 -1.000000 -0.445016
DS.d256.s0.i2 1.000000 -0.390858
DS.d590.s0.i0 1.000000 0.856849
DS.d591.s0.i1 1.000000 0.828304
DS.d591.s0.i0 1.000000 0.857251
DS.d591.s0.i3 1.000000 0.574401
DS.d591.s0.i2 1.000000 0.667820
DS.d720.s3.i0 1.000000 0.896107
DS.d720.s3.i1 1.000000 0.313029
DS.d720.s2.i0 1.000000 0.847876
DS.d720.s1.i0 -1.000000 -0.417218
DS.d720.s1.i1 -1.000000 -0.417218
DS.d720.s1.i2 1.000000 0.054047
DS.d720.s1.i3 1.000000 0.293244
DS.d720.s0.i1 -1.000000 -0.417802
DS.d720.s0.i0 1.000000 0.000645
DS.d408.s0.i0 1.000000 0.938427
DS.d408.s0.i1 1.000000 0.938652
DS.d409.s0.i0 1.000000 0.472734
DS.d404.s0.i2 -1.000000 -0.855941
DS.d404.s0.i3 -1.000000 -0.875264
DS.d404.s0.i0 -1.000000 -0.808938
DS.d404.s0.i1 -1.000000 -0.803043
DS.d405.s4.i2 1.000000 1.041893
DS.d405.s4.i1 1.000000 0.995893
DS.d405.s4.i0 1.000000 1.041893
DS.d405.s3.i0 1.000000 0.694491
DS.d405.s3.i1 1.000000 0.779204
DS.d405.s2.i1 1.000000 1.093011
DS.d405.s2.i0 1.000000 0.825854
DS.d405.s1.i0 -1.000000 -0.916893
DS.d405.s1.i1 -1.000000 -0.497391
DS.d405.s1.i2 -1.000000 -0.904737
DS.d405.s1.i3 -1.000000 -0.576385
DS.d405.s0.i1 1.000000 0.887117
DS.d405.s0.i0 1.000000 0.869315
DS.d406.s0.i0 -1.000000 -0.757508
DS.d407.s0.i0 -1.000000 0.875024
DS.d400.s0.i0 1.000000 0.185261
DS.d400.s0.i1 -1.000000 -0.039746
DS.d401.s0.i1 -1.000000 -0.649753
DS.d401.s0.i0 -1.000000 -0.668614
DS.d403.s0.i0 -1.000000 -0.359758
DS.d726.s0.i0 1.000000 0.767220
DS.d358.s0.i0 1.000000 0.611021
DS.d358.s1.i0 -1.000000 -0.135575
DS.d290.s0.i1 -1.000000 -0.836350
DS.d290.s0.i0 -1.000000 -0.916839
DS.d101.s0.i0 -1.000000 -0.182064
DS.d100.s1.i0 1.000000 0.488687
DS.d100.s1.i1 1.000000 0.538908
DS.d100.s0.i0 1.000000 1.024188
DS.d103.s0.i0 1.000000 0.379813
DS.d102.s0.i1 -1.000000 -0.622217
DS.d102.s0.i0 -1.000000 -0.710009
DS.d102.s0.i2 -1.000000 -0.733670
DS.d105.s0.i0 -1.000000 -0.560147
DS.d105.s0.i1 -1.000000 -0.560147
DS.d107.s0.i0 -1.000000 -0.974276
DS.d107.s0.i1 -1.000000 -0.941974
DS.d107.s0.i2 -1.000000 -0.649515
DS.d106.s0.i1 1.000000 0.646376
DS.d106.s0.i0 1.000000 0.638458
DS.d108.s3.i0 -1.000000 -0.637243
DS.d108.s3.i1 -1.000000 -0.658072
DS.d108.s2.i0 -1.000000 -0.499051
DS.d108.s1.i0 -1.000000 -0.733331
DS.d108.s1.i1 -1.000000 -0.739681
DS.d108.s0.i3 -1.000000 -0.865777
DS.d108.s0.i2 -1.000000 -0.770183
DS.d108.s0.i1 -1.000000 -0.853264
DS.d108.s0.i0 -1.000000 -0.915628
DS.d108.s0.i7 -1.000000 -0.911759
DS.d108.s0.i6 -1.000000 -0.944980
DS.d108.s0.i5 -1.000000 -0.932651
DS.d108.s0.i4 -1.000000 -0.877027
DS.d538.s0.i0 1.000000 0.691912
DS.d538.s1.i0 -1.000000 -0.589129
DS.d539.s0.i1 -1.000000 -0.528008
DS.d539.s0.i0 1.000000 0.414060
DS.d530.s0.i0 -1.000000 -0.173786
DS.d299.s0.i0 -1.000000 -0.461211
DS.d299.s0.i1 -1.000000 -0.462479
DS.d532.s0.i0 1.000000 0.663397
DS.d533.s0.i1 1.000000 0.311860
DS.d533.s0.i0 1.000000 0.461924
DS.d534.s0.i4 1.000000 0.793936
DS.d534.s0.i5 1.000000 0.715559
DS.d534.s0.i2 1.000000 0.863416
DS.d534.s0.i3 1.000000 0.700161
DS.d534.s0.i0 1.000000 0.734952
DS.d534.s0.i1 1.000000 0.812889
DS.d534.s1.i0 1.000000 0.829600
DS.d534.s2.i0 1.000000 1.015598
DS.d535.s0.i1 -1.000000 -0.672302
DS.d535.s0.i0 -1.000000 -0.737631
DS.d536.s0.i0 1.000000 0.851477
DS.d536.s0.i1 1.000000 0.868523
DS.d536.s0.i2 1.000000 0.854985
DS.d536.s0.i3 1.000000 0.909665
DS.d536.s1.i1 1.000000 0.319610
DS.d536.s1.i0 -1.000000 -0.284180
DS.d537.s0.i1 1.000000 0.634330
DS.d537.s0.i0 1.000000 0.496628
DS.d537.s0.i2 1.000000 0.692657
DS.d550.s0.i0 -1.000000 -0.950003
DS.d550.s0.i1 -1.000000 -0.930889
DS.d550.s0.i2 -1.000000 -0.976124
DS.d550.s0.i3 -1.000000 -0.953053
DS.d550.s0.i4 -1.000000 -0.954278
DS.d550.s0.i5 -1.000000 -0.951564
DS.d550.s0.i6 -1.000000 -0.973381
DS.d550.s0.i7 -1.000000 -0.977731
DS.d550.s0.i8 -1.000000 -0.982185
DS.d460.s0.i0 -1.000000 0.595139
DS.d460.s1.i0 1.000000 0.841284
DS.d759.s0.i1 1.000000 0.639668
DS.d759.s0.i0 1.000000 0.639668
DS.d338.s0.i0 1.000000 0.766829
DS.d338.s0.i1 1.000000 0.812656
DS.d551.s0.i0 1.000000 0.697224
DS.d624.s4.i2 1.000000 0.796063
DS.d624.s4.i0 1.000000 0.729571
DS.d624.s4.i1 1.000000 0.845857
DS.d624.s0.i2 1.000000 0.914736
DS.d624.s0.i3 1.000000 0.889575
DS.d624.s0.i0 1.000000 0.912328
DS.d624.s0.i1 1.000000 0.673655
DS.d624.s1.i5 1.000000 -0.016828
DS.d624.s1.i4 -1.000000 -0.543436
DS.d624.s1.i7 -1.000000 -0.452038
DS.d624.s1.i6 -1.000000 -0.456183
DS.d624.s1.i0 1.000000 -0.136470
DS.d624.s1.i2 -1.000000 -0.351082
DS.d624.s2.i1 1.000000 0.754071
DS.d624.s2.i2 1.000000 0.886868
DS.d624.s3.i3 1.000000 0.683826
DS.d624.s3.i2 -1.000000 0.030586
DS.d624.s3.i1 1.000000 0.433304
DS.d624.s3.i0 1.000000 0.427087
DS.d625.s1.i0 1.000000 0.628084
DS.d625.s1.i1 1.000000 0.685757
DS.d625.s0.i3 -1.000000 -0.504435
DS.d625.s0.i2 -1.000000 -0.772995
DS.d625.s0.i1 -1.000000 -0.800688
DS.d625.s0.i0 -1.000000 -0.485838
DS.d626.s2.i0 1.000000 1.057274
DS.d626.s3.i0 1.000000 0.993325
DS.d626.s0.i0 1.000000 1.349072
DS.d626.s1.i0 1.000000 0.900655
DS.d627.s0.i0 1.000000 0.632087
DS.d621.s3.i0 1.000000 0.461536
DS.d621.s2.i1 1.000000 0.497545
DS.d621.s2.i0 -1.000000 0.454170
DS.d621.s1.i0 1.000000 0.828312
DS.d621.s0.i1 1.000000 0.862161
DS.d621.s0.i0 1.000000 0.697403
DS.d621.s4.i1 1.000000 0.127516
DS.d621.s4.i0 -1.000000 -0.046865
DS.d622.s0.i0 1.000000 0.955582
DS.d622.s1.i0 1.000000 0.971441
DS.d623.s1.i0 1.000000 1.026762
DS.d623.s1.i1 1.000000 0.972878
DS.d623.s0.i1 1.000000 1.140495
DS.d623.s0.i0 1.000000 1.080874
DS.d623.s3.i0 1.000000 0.483033
DS.d623.s3.i1 1.000000 0.879141
DS.d623.s2.i3 1.000000 0.931043
DS.d623.s2.i2 1.000000 0.816173
DS.d623.s2.i1 1.000000 0.947516
DS.d623.s2.i0 1.000000 0.959213
DS.d623.s4.i1 -1.000000 0.654561
DS.d623.s4.i0 1.000000 0.302213
DS.d623.s4.i3 1.000000 0.156138
DS.d623.s4.i2 1.000000 0.429189
DS.d743.s0.i0 1.000000 0.913274
DS.d742.s0.i1 1.000000 1.009923
DS.d742.s0.i0 1.000000 1.065913
DS.d741.s0.i0 1.000000 0.881197
DS.d747.s0.i2 1.000000 0.831647
DS.d747.s0.i3 1.000000 0.722765
DS.d747.s0.i0 1.000000 0.831647
DS.d747.s0.i1 1.000000 0.722765
DS.d746.s0.i0 1.000000 0.894392
DS.d745.s0.i0 -1.000000 -0.379304
DS.d745.s0.i1 -1.000000 -0.460050
DS.d750.s0.i0 1.000000 1.030498
DS.d38.s2.i0 1.000000 1.075103
DS.d38.s3.i0 -1.000000 -0.552813
DS.d38.s0.i0 1.000000 0.913499
DS.d38.s1.i1 1.000000 0.808091
DS.d38.s1.i0 1.000000 0.920836
DS.d39.s0.i0 -1.000000 -0.429853
DS.d751.s0.i0 1.000000 0.523684
DS.d32.s0.i0 1.000000 0.588674
DS.d33.s0.i1 1.000000 0.631650
DS.d33.s0.i0 1.000000 0.915491
DS.d30.s0.i0 -1.000000 -0.417523
DS.d30.s0.i1 -1.000000 -0.634398
DS.d30.s0.i2 -1.000000 -0.634398
DS.d31.s0.i0 1.000000 1.185387
DS.d36.s0.i0 1.000000 1.135174
DS.d36.s1.i0 1.000000 0.698584
DS.d36.s2.i0 1.000000 0.722427
DS.d36.s2.i1 1.000000 0.968538
DS.d34.s0.i0 1.000000 0.677770
DS.d34.s0.i1 1.000000 0.781668
DS.d35.s0.i0 1.000000 1.012766
DS.d219.s0.i0 -1.000000 0.408131
DS.d219.s0.i1 1.000000 0.270592
DS.d219.s1.i1 -1.000000 -0.755904
DS.d219.s1.i0 -1.000000 -0.694688
DS.d219.s1.i2 -1.000000 -0.837673
DS.d218.s1.i0 -1.000000 -0.895675
DS.d218.s1.i1 -1.000000 -0.873970
DS.d218.s1.i2 -1.000000 -0.796362
DS.d218.s1.i3 -1.000000 -0.933158
DS.d218.s0.i1 1.000000 1.005418
DS.d218.s0.i0 1.000000 1.116325
DS.d215.s0.i2 -1.000000 -0.886237
DS.d215.s0.i3 -1.000000 -0.836567
DS.d215.s0.i0 -1.000000 -0.878019
DS.d215.s0.i1 -1.000000 -0.889776
DS.d215.s1.i0 -1.000000 -0.719280
DS.d214.s0.i1 1.000000 0.717871
DS.d214.s0.i0 1.000000 0.702709
DS.d217.s0.i0 1.000000 0.798226
DS.d217.s1.i1 -1.000000 -0.262806
DS.d217.s1.i0 -1.000000 -0.201593
DS.d216.s1.i0 1.000000 0.422403
DS.d216.s0.i1 1.000000 0.211382
DS.d216.s0.i0 -1.000000 0.274373
DS.d216.s3.i0 1.000000 0.666115
DS.d216.s3.i1 1.000000 0.753116
DS.d216.s2.i0 1.000000 0.245539
DS.d211.s0.i0 1.000000 1.061453
DS.d210.s0.i1 1.000000 0.767044
DS.d210.s0.i0 1.000000 0.833321
DS.d213.s0.i0 1.000000 0.746087
DS.d213.s1.i0 1.000000 0.710882
DS.d212.s0.i0 -1.000000 -0.228157
DS.d339.s0.i1 -1.000000 -0.677380
DS.d339.s0.i0 -1.000000 -0.653496
DS.d589.s0.i2 1.000000 0.661532
DS.d589.s0.i3 1.000000 1.061186
DS.d589.s0.i0 1.000000 1.061186
DS.d589.s0.i1 1.000000 0.661532
DS.d588.s0.i0 1.000000 0.804366
DS.d330.s0.i0 -1.000000 -0.372675
DS.d330.s0.i1 -1.000000 -0.372675
DS.d441.s2.i0 1.000000 0.819898
DS.d441.s1.i0 1.000000 0.311255
DS.d441.s0.i0 1.000000 0.841113
DS.d442.s0.i0 1.000000 0.757960
DS.d1.s0.i0 1.000000 0.859025
DS.d444.s0.i2 -1.000000 -0.360970
DS.d444.s0.i0 -1.000000 -0.455679
DS.d444.s0.i1 1.000000 0.665071
DS.d445.s0.i0 1.000000 0.879678
DS.d446.s0.i0 1.000000 0.790781
DS.d446.s0.i2 1.000000 0.825640
DS.d446.s1.i0 1.000000 0.723214
DS.d5.s0.i1 1.000000 -0.008706
DS.d5.s0.i0 -1.000000 -0.070006
DS.d5.s0.i2 -1.000000 -0.031429
DS.d448.s0.i0 -1.000000 -0.638987
DS.d448.s0.i1 -1.000000 -0.625479
DS.d448.s1.i1 1.000000 0.966266
DS.d448.s1.i0 1.000000 0.990829
DS.d448.s1.i3 1.000000 1.104079
DS.d448.s1.i2 1.000000 1.115406
DS.d448.s2.i0 1.000000 0.696758
DS.d448.s2.i1 1.000000 0.594537
DS.d448.s3.i1 1.000000 0.548351
DS.d448.s3.i0 1.000000 0.969545
DS.d8.s0.i0 1.000000 0.783685
DS.d814.s1.i0 -1.000000 -0.688879
DS.d814.s1.i1 -1.000000 -0.770283
DS.d814.s0.i1 -1.000000 -0.828934
DS.d814.s0.i0 -1.000000 -0.638397
DS.d814.s0.i2 -1.000000 -0.807647
DS.d369.s0.i0 1.000000 0.571029
DS.d369.s1.i0 1.000000 0.659912
DS.d283.s0.i3 1.000000 0.801237
DS.d283.s0.i0 1.000000 0.804685
DS.d280.s0.i0 1.000000 0.987793
DS.d281.s1.i0 1.000000 0.729890
DS.d281.s1.i1 1.000000 0.754357
DS.d281.s0.i0 1.000000 0.672601
DS.d286.s0.i2 1.000000 0.334404
DS.d286.s0.i0 -1.000000 0.072152
DS.d286.s0.i1 1.000000 0.842016
DS.d287.s3.i0 1.000000 0.570943
DS.d287.s2.i1 1.000000 0.775089
DS.d287.s2.i0 1.000000 0.884896
DS.d287.s1.i0 -1.000000 -0.633974
DS.d287.s1.i1 -1.000000 -0.724637
DS.d287.s0.i1 1.000000 0.680323
DS.d287.s0.i0 1.000000 0.627296
DS.d285.s1.i0 1.000000 1.003359
DS.d285.s1.i1 1.000000 1.036068
DS.d285.s0.i1 1.000000 1.089866
DS.d285.s0.i0 1.000000 1.054101
DS.d285.s0.i2 1.000000 1.223571
DS.d285.s3.i4 -1.000000 -0.593150
DS.d285.s3.i0 -1.000000 -0.579131
DS.d285.s3.i1 -1.000000 -0.773419
DS.d285.s3.i2 -1.000000 -0.843832
DS.d285.s3.i3 -1.000000 -0.828102
DS.d285.s2.i1 1.000000 0.708120
DS.d285.s2.i0 1.000000 0.702050
DS.d361.s0.i0 -1.000000 0.210593
DS.d361.s1.i1 -1.000000 -0.169800
DS.d361.s1.i0 1.000000 0.430156
DS.d361.s2.i0 1.000000 0.097468
DS.d361.s2.i1 -1.000000 0.296226
DS.d360.s1.i0 -1.000000 -0.246214
DS.d360.s0.i1 -1.000000 -0.370013
DS.d360.s0.i0 -1.000000 -0.361723
DS.d288.s0.i8 -1.000000 -1.027433
DS.d288.s0.i4 -1.000000 -1.062428
DS.d288.s0.i5 -1.000000 -0.937819
DS.d288.s0.i6 -1.000000 -0.950695
DS.d288.s0.i7 -1.000000 -0.862415
DS.d288.s0.i0 -1.000000 -0.916990
DS.d288.s0.i1 -1.000000 -1.008052
DS.d288.s0.i2 -1.000000 -0.959654
DS.d288.s0.i3 -1.000000 -0.985013
DS.d288.s1.i3 -1.000000 -0.257106
DS.d288.s1.i2 1.000000 0.242492
DS.d288.s1.i1 1.000000 0.350092
DS.d288.s1.i0 -1.000000 -0.216730
DS.d362.s0.i1 1.000000 0.891426
DS.d362.s0.i0 1.000000 0.838186
DS.d365.s0.i0 -1.000000 0.285816
DS.d365.s0.i1 1.000000 0.098100
DS.d365.s1.i1 -1.000000 -0.561244
DS.d365.s1.i0 -1.000000 -0.582210
DS.d365.s1.i2 -1.000000 -0.567801
DS.d364.s2.i0 -1.000000 -0.123453
DS.d364.s1.i0 1.000000 1.021356
DS.d364.s0.i1 -1.000000 -0.589588
DS.d364.s0.i0 -1.000000 -0.544721
DS.d367.s0.i2 -1.000000 -0.373637
DS.d366.s0.i1 1.000000 0.569010
DS.d366.s0.i0 1.000000 0.568037
DS.d549.s0.i2 -1.000000 -0.752957
DS.d549.s0.i0 -1.000000 -0.786129
DS.d549.s0.i1 -1.000000 -0.755079
DS.d549.s1.i1 -1.000000 -0.325032
DS.d549.s1.i0 1.000000 0.042867
DS.d549.s2.i0 1.000000 0.439055
DS.d549.s2.i1 1.000000 0.901442
DS.d549.s3.i2 -1.000000 -0.361184
DS.d549.s3.i1 1.000000 -0.031245
DS.d549.s3.i0 -1.000000 -0.560916
DS.d548.s0.i1 -1.000000 -0.492255
DS.d548.s0.i0 -1.000000 -0.646688
DS.d145.s0.i0 1.000000 0.596579
DS.d145.s1.i0 1.000000 0.989844
DS.d144.s0.i0 -1.000000 0.175480
DS.d147.s0.i0 -1.000000 -0.843547
DS.d147.s0.i1 -1.000000 -0.554272
DS.d147.s0.i2 -1.000000 -0.833645
DS.d147.s0.i3 -1.000000 -0.541713
DS.d146.s0.i1 1.000000 0.881549
DS.d146.s0.i0 1.000000 0.881586
DS.d141.s0.i0 1.000000 0.606553
DS.d141.s1.i1 1.000000 0.702705
DS.d141.s1.i0 1.000000 0.625008
DS.d141.s2.i0 1.000000 0.488425
DS.d140.s0.i2 1.000000 0.380204
DS.d140.s0.i1 -1.000000 0.157849
DS.d140.s0.i0 1.000000 0.360344
DS.d143.s0.i0 1.000000 0.620072
DS.d143.s0.i1 1.000000 0.371889
DS.d143.s0.i2 1.000000 0.571625
DS.d143.s0.i3 -1.000000 0.365166
DS.d142.s0.i1 1.000000 0.658757
DS.d142.s0.i0 1.000000 0.788065
DS.d149.s0.i0 -1.000000 -0.154761
DS.d148.s1.i4 1.000000 -0.173815
DS.d148.s1.i5 -1.000000 -0.587039
DS.d148.s1.i6 -1.000000 -0.526111
DS.d148.s1.i7 -1.000000 -0.650853
DS.d148.s1.i0 -1.000000 -0.507345
DS.d148.s1.i1 1.000000 -0.066696
DS.d148.s1.i2 -1.000000 -0.594163
DS.d148.s1.i3 -1.000000 -0.632653
DS.d148.s0.i17 1.000000 0.480166
DS.d148.s0.i16 -1.000000 -0.791187
DS.d148.s0.i15 -1.000000 -0.682831
DS.d148.s0.i14 -1.000000 -0.764022
DS.d148.s0.i13 1.000000 0.533560
DS.d148.s0.i12 -1.000000 -0.738856
DS.d148.s0.i11 1.000000 0.554974
DS.d148.s0.i10 -1.000000 -0.790601
DS.d148.s0.i19 1.000000 0.429465
DS.d148.s0.i18 -1.000000 -0.770152
DS.d148.s0.i9 1.000000 0.453555
DS.d148.s0.i8 -1.000000 -0.759744
DS.d148.s0.i7 -1.000000 -0.761636
DS.d148.s0.i6 -1.000000 -0.747636
DS.d148.s0.i5 -1.000000 -0.797527
DS.d148.s0.i4 -1.000000 -0.747802
DS.d148.s0.i3 -1.000000 -0.752802
DS.d148.s0.i2 1.000000 0.507807
DS.d148.s0.i1 -1.000000 -0.795033
DS.d148.s0.i0 -1.000000 -0.757340
DS.d148.s0.i26 -1.000000 -0.680716
DS.d148.s0.i24 1.000000 0.451384
DS.d148.s0.i25 -1.000000 -0.740647
DS.d148.s0.i22 1.000000 0.508307
DS.d148.s0.i23 -1.000000 -0.796964
DS.d148.s0.i20 1.000000 0.454386
DS.d148.s0.i21 -1.000000 -0.740899
DS.d824.s0.i0 1.000000 0.520384
DS.d824.s0.i1 1.000000 0.441183
DS.d88.s0.i1 -1.000000 -0.845011
DS.d88.s0.i0 -1.000000 -0.725879
DS.d83.s0.i0 1.000000 0.416227
DS.d82.s0.i0 1.000000 0.729010
DS.d81.s0.i0 1.000000 0.607627
DS.d81.s0.i1 1.000000 0.610103
DS.d80.s0.i0 -1.000000 -0.241611
DS.d87.s0.i0 -1.000000 -0.205969
DS.d86.s1.i0 1.000000 0.064587
DS.d86.s1.i1 -1.000000 -0.081839
DS.d86.s1.i2 -1.000000 -0.068279
DS.d86.s0.i1 1.000000 0.721152
DS.d86.s0.i0 1.000000 0.764155
DS.d85.s0.i0 1.000000 0.626212
DS.d84.s0.i1 -1.000000 -0.704458
DS.d84.s0.i0 -1.000000 -0.628825
DS.d825.s1.i4 1.000000 -0.088549
DS.d825.s1.i5 1.000000 -0.088549
DS.d825.s1.i2 -1.000000 -0.401501
DS.d825.s1.i3 -1.000000 -0.509200
DS.d825.s1.i0 -1.000000 -0.401501
DS.d825.s1.i1 -1.000000 -0.180382
DS.d825.s0.i1 1.000000 0.695811
DS.d825.s0.i0 1.000000 0.912712
DS.d825.s0.i3 1.000000 0.849097
DS.d825.s0.i2 1.000000 0.879941
DS.d825.s0.i5 1.000000 0.670333
DS.d825.s0.i4 1.000000 0.841269
DS.d825.s0.i7 1.000000 0.872938
DS.d825.s0.i6 1.000000 0.851869
DS.d825.s2.i1 -1.000000 -0.599802
DS.d825.s2.i0 -1.000000 -0.599802
DS.d789.s0.i0 1.000000 0.798389
DS.d789.s0.i1 1.000000 0.798389
DS.d788.s0.i24 -1.000000 -0.961123
DS.d788.s0.i25 -1.000000 -1.072127
DS.d788.s0.i26 -1.000000 -1.061719
DS.d788.s0.i27 -1.000000 -0.800714
DS.d788.s0.i20 -1.000000 -1.011742
DS.d788.s0.i21 -1.000000 -0.971211
DS.d788.s0.i22 -1.000000 -0.893031
DS.d788.s0.i23 -1.000000 -0.946039
DS.d788.s0.i32 -1.000000 -0.867045
DS.d788.s0.i28 -1.000000 -0.958151
DS.d788.s0.i29 -1.000000 -0.957827
DS.d788.s0.i38 -1.000000 -0.984910
DS.d788.s0.i1 -1.000000 -0.963324
DS.d788.s0.i0 -1.000000 -0.959264
DS.d788.s0.i3 -1.000000 -1.061770
DS.d788.s0.i2 -1.000000 -1.014646
DS.d788.s0.i5 -1.000000 -0.830993
DS.d788.s0.i4 -1.000000 -0.917027
DS.d788.s0.i7 -1.000000 -0.938653
DS.d788.s0.i6 -1.000000 -1.028974
DS.d788.s0.i9 -1.000000 -1.088447
DS.d788.s0.i8 -1.000000 -1.049640
DS.d788.s0.i39 -1.000000 -0.894358
DS.d788.s0.i19 -1.000000 -0.987917
DS.d788.s0.i18 -1.000000 -1.006442
DS.d788.s0.i31 -1.000000 -0.955441
DS.d788.s0.i30 -1.000000 -0.937913
DS.d788.s0.i37 -1.000000 -1.046811
DS.d788.s0.i36 -1.000000 -0.961444
DS.d788.s0.i35 -1.000000 -0.872130
DS.d788.s0.i34 -1.000000 -1.045676
DS.d788.s0.i11 -1.000000 -1.073887
DS.d788.s0.i10 -1.000000 -0.950663
DS.d788.s0.i13 -1.000000 -0.949301
DS.d788.s0.i12 -1.000000 -1.056027
DS.d788.s0.i15 -1.000000 -0.975671
DS.d788.s0.i14 -1.000000 -1.038017
DS.d788.s0.i17 -1.000000 -1.032773
DS.d788.s0.i16 -1.000000 -0.963925
DS.d788.s0.i33 -1.000000 -1.034395
DS.d787.s0.i0 1.000000 0.801386
DS.d787.s0.i1 1.000000 0.748878
DS.d787.s1.i0 1.000000 0.920687
DS.d786.s1.i0 1.000000 0.652536
DS.d786.s0.i0 1.000000 0.686597
DS.d785.s0.i1 1.000000 0.529694
DS.d784.s1.i0 1.000000 0.663499
DS.d784.s0.i0 1.000000 0.657484
DS.d783.s0.i0 1.000000 0.469615
DS.d782.s0.i0 1.000000 0.826629
DS.d781.s0.i0 1.000000 0.787223
DS.d781.s1.i1 1.000000 0.645899
DS.d781.s1.i0 1.000000 0.533504
DS.d780.s0.i1 -1.000000 -0.710122
DS.d780.s0.i0 -1.000000 -0.701953
DS.d780.s0.i2 -1.000000 -0.563181
DS.d668.s0.i0 -1.000000 -0.356755
DS.d540.s1.i0 -1.000000 -0.331037
DS.d540.s0.i0 1.000000 0.991028
DS.d543.s0.i0 1.000000 0.335067
DS.d543.s0.i1 1.000000 0.087740
DS.d543.s0.i2 -1.000000 0.027925
DS.d542.s1.i0 1.000000 0.668034
DS.d542.s0.i1 -1.000000 0.149845
DS.d542.s0.i0 1.000000 0.447821
DS.d331.s0.i1 1.000000 0.342249
DS.d331.s0.i0 -1.000000 -0.230882
DS.d331.s0.i3 -1.000000 -0.137133
DS.d331.s0.i2 1.000000 0.243796
DS.d544.s0.i3 1.000000 0.219936
DS.d544.s0.i1 -1.000000 -0.043792
DS.d547.s0.i0 -1.000000 -0.841723
DS.d547.s0.i1 -1.000000 -0.721956
DS.d547.s1.i3 1.000000 1.149508
DS.d547.s1.i2 1.000000 0.638412
DS.d547.s1.i1 1.000000 0.638412
DS.d547.s1.i0 1.000000 0.754224
DS.d660.s0.i0 1.000000 0.704199
DS.d660.s0.i1 1.000000 0.727257
DS.d661.s0.i0 1.000000 0.694217
DS.d662.s0.i0 1.000000 0.978714
DS.d662.s0.i1 1.000000 0.491395
DS.d662.s0.i2 1.000000 0.910873
DS.d662.s0.i3 1.000000 1.008747
DS.d663.s0.i1 -1.000000 -0.785727
DS.d663.s0.i0 -1.000000 -0.753213
DS.d664.s0.i2 -1.000000 -0.462858
DS.d664.s0.i3 -1.000000 -0.391936
DS.d664.s0.i0 -1.000000 -0.379670
DS.d664.s0.i1 -1.000000 -0.522595
DS.d665.s0.i0 1.000000 0.840877
DS.d666.s0.i0 1.000000 0.651081
DS.d666.s0.i1 1.000000 0.840187
DS.d666.s0.i2 1.000000 0.679749
DS.d667.s0.i0 1.000000 0.607059
DS.d531.s0.i3 1.000000 0.581440
DS.d531.s0.i2 -1.000000 0.172918
DS.d531.s0.i1 1.000000 0.537113
DS.d531.s0.i0 1.000000 0.379060
DS.d531.s0.i4 1.000000 0.528378
DS.d545.s0.i0 1.000000 0.367157
DS.d545.s1.i0 1.000000 0.806496
