DS1.d18.s0.i0 1.000000 0.602319
DS1.d19.s0.i1 1.000000 1.076179
DS1.d19.s0.i0 1.000000 1.082241
DS1.d52.s0.i0 1.000000 -0.088299
DS1.d52.s1.i0 1.000000 0.391614
DS1.d52.s2.i0 1.000000 0.517967
DS1.d394.s0.i0 1.000000 0.420268
DS1.d394.s0.i1 1.000000 0.607125
DS1.d818.s3.i2 1.000000 0.090155
DS1.d818.s3.i0 1.000000 0.090155
DS1.d818.s3.i1 1.000000 0.090155
DS1.d818.s2.i1 1.000000 0.143290
DS1.d818.s2.i0 1.000000 0.406225
DS1.d818.s2.i3 1.000000 0.406225
DS1.d818.s2.i2 1.000000 0.143290
DS1.d818.s2.i5 1.000000 0.143290
DS1.d818.s2.i4 1.000000 0.406225
DS1.d818.s1.i0 1.000000 -0.417243
DS1.d818.s1.i1 1.000000 0.002734
DS1.d818.s1.i2 1.000000 -0.417243
DS1.d818.s1.i3 1.000000 -0.417243
DS1.d818.s1.i4 1.000000 0.002734
DS1.d818.s1.i5 1.000000 0.002734
DS1.d818.s0.i3 1.000000 0.371656
DS1.d818.s0.i2 1.000000 0.287366
DS1.d818.s0.i1 1.000000 0.336586
DS1.d818.s0.i0 1.000000 0.336586
DS1.d519.s2.i1 -1.000000 0.336515
DS1.d519.s2.i0 1.000000 0.085511
DS1.d519.s1.i0 1.000000 0.642463
DS1.d519.s0.i3 1.000000 0.525314
DS1.d519.s0.i2 1.000000 0.442512
DS1.d519.s0.i1 1.000000 0.475563
DS1.d519.s0.i0 1.000000 0.454213
DS1.d790.s0.i0 -1.000000 0.251551
DS1.d790.s0.i1 -1.000000 0.485710
DS1.d392.s0.i0 1.000000 0.542509
DS1.d262.s0.i0 -1.000000 0.565527
DS1.d812.s0.i1 -1.000000 0.014924
DS1.d812.s0.i0 -1.000000 -0.403609
DS1.d812.s0.i2 -1.000000 -0.490482
DS1.d96.s0.i2 -1.000000 -0.255371
DS1.d96.s0.i3 1.000000 0.117758
DS1.d96.s0.i0 -1.000000 -0.127207
DS1.d96.s0.i1 1.000000 0.275321
DS1.d96.s1.i1 1.000000 0.492833
DS1.d96.s1.i0 1.000000 0.782075
DS1.d97.s0.i0 1.000000 0.030862
DS1.d94.s2.i0 -1.000000 -0.184140
DS1.d94.s0.i0 -1.000000 0.288638
DS1.d94.s1.i2 -1.000000 0.562910
DS1.d94.s1.i1 -1.000000 0.528188
DS1.d94.s1.i0 -1.000000 0.594807
DS1.d439.s0.i0 1.000000 0.978979
DS1.d116.s0.i0 1.000000 0.592473
DS1.d116.s0.i1 1.000000 0.677871
DS1.d116.s0.i2 1.000000 0.589076
DS1.d77.s0.i1 -1.000000 0.730155
DS1.d77.s0.i0 1.000000 0.800829
DS1.d293.s0.i0 1.000000 0.196336
DS1.d293.s0.i1 1.000000 0.781189
DS1.d73.s0.i1 -1.000000 -1.071516
DS1.d73.s0.i0 -1.000000 -1.066085
DS1.d204.s0.i0 1.000000 0.504801
DS1.d204.s0.i1 1.000000 0.523353
DS1.d319.s0.i1 -1.000000 -0.377345
DS1.d319.s0.i0 -1.000000 -0.396435
DS1.d429.s0.i1 -1.000000 0.211025
DS1.d429.s0.i0 -1.000000 0.470750
DS1.d743.s0.i0 1.000000 1.094510
DS1.d768.s0.i1 1.000000 0.540512
DS1.d768.s0.i0 1.000000 0.419274
DS1.d363.s0.i0 1.000000 0.718038
DS1.d363.s0.i1 1.000000 0.593061
DS1.d766.s0.i3 -1.000000 0.949900
DS1.d766.s0.i2 -1.000000 0.325184
DS1.d766.s0.i1 -1.000000 0.722618
DS1.d766.s0.i0 -1.000000 0.068926
DS1.d702.s0.i1 1.000000 1.009890
DS1.d702.s0.i0 1.000000 0.655951
DS1.d702.s0.i2 1.000000 1.092721
DS1.d705.s0.i0 1.000000 0.473959
DS1.d433.s0.i0 1.000000 0.532898
DS1.d433.s1.i1 1.000000 0.231776
DS1.d433.s1.i0 1.000000 0.348554
DS1.d433.s1.i3 1.000000 0.475576
DS1.d433.s1.i2 1.000000 0.542354
DS1.d433.s2.i0 1.000000 1.326452
DS1.d433.s3.i0 1.000000 0.849259
DS1.d707.s0.i0 1.000000 0.156855
DS1.d707.s0.i1 1.000000 0.134849
DS1.d707.s1.i0 1.000000 0.185921
DS1.d706.s0.i0 1.000000 0.292938
DS1.d379.s0.i1 -1.000000 -0.439900
DS1.d379.s0.i0 -1.000000 -0.253450
DS1.d462.s0.i0 1.000000 0.548793
DS1.d462.s0.i1 1.000000 0.272156
DS1.d470.s0.i0 1.000000 0.809115
DS1.d604.s0.i0 1.000000 1.062779
DS1.d212.s0.i0 -1.000000 0.278155
DS1.d276.s0.i1 -1.000000 0.234000
DS1.d276.s0.i0 -1.000000 0.050258
DS1.d276.s0.i2 -1.000000 0.096882
DS1.d253.s0.i0 1.000000 0.932111
DS1.d253.s1.i5 1.000000 0.164595
DS1.d253.s1.i4 1.000000 0.406176
DS1.d253.s1.i7 1.000000 0.302703
DS1.d253.s1.i6 1.000000 0.110680
DS1.d253.s1.i1 1.000000 0.336945
DS1.d253.s1.i0 1.000000 0.273535
DS1.d253.s1.i3 1.000000 0.439380
DS1.d253.s1.i2 1.000000 0.222518
DS1.d253.s2.i0 1.000000 0.834145
DS1.d442.s0.i0 -1.000000 0.409137
DS1.d244.s0.i0 1.000000 0.855414
DS1.d244.s0.i1 1.000000 0.593986
DS1.d244.s1.i0 1.000000 1.266889
DS1.d374.s0.i0 1.000000 0.465212
DS1.d374.s1.i1 1.000000 1.553835
DS1.d374.s1.i0 1.000000 1.521050
DS1.d185.s0.i0 1.000000 0.328822
DS1.d185.s0.i1 1.000000 0.436161
DS1.d185.s1.i0 1.000000 0.752681
DS1.d448.s2.i0 1.000000 -0.027954
DS1.d448.s2.i1 1.000000 0.055537
DS1.d448.s3.i1 1.000000 0.532948
DS1.d448.s3.i0 1.000000 1.141681
DS1.d448.s0.i0 1.000000 0.968727
DS1.d448.s0.i1 1.000000 0.924481
DS1.d448.s1.i3 1.000000 1.099695
DS1.d448.s1.i2 1.000000 1.039376
DS1.d448.s1.i1 1.000000 1.212934
DS1.d448.s1.i0 1.000000 1.156256
DS1.d143.s0.i2 1.000000 -0.117637
DS1.d143.s0.i3 1.000000 -0.096206
DS1.d143.s0.i0 1.000000 -0.109235
DS1.d143.s0.i1 1.000000 -0.153313
DS1.d24.s1.i0 1.000000 0.928157
DS1.d24.s0.i0 -1.000000 -0.543561
DS1.d607.s0.i1 1.000000 0.538478
DS1.d607.s0.i0 1.000000 0.561231
DS1.d607.s0.i2 -1.000000 0.490570
DS1.d566.s0.i1 1.000000 -0.464538
DS1.d566.s0.i0 1.000000 -0.239074
DS1.d241.s1.i0 1.000000 0.872993
DS1.d241.s0.i0 1.000000 0.823390
DS1.d608.s0.i0 1.000000 0.950747
DS1.d608.s0.i1 1.000000 0.662781
DS1.d608.s1.i1 1.000000 0.204588
DS1.d608.s1.i0 1.000000 0.236013
DS1.d288.s0.i6 -1.000000 -0.193323
DS1.d288.s0.i7 -1.000000 -0.311780
DS1.d288.s0.i4 -1.000000 -0.273263
DS1.d288.s0.i5 -1.000000 -0.433870
DS1.d288.s0.i2 -1.000000 -0.419472
DS1.d288.s0.i3 -1.000000 -0.320195
DS1.d288.s0.i0 -1.000000 -0.217509
DS1.d288.s0.i1 -1.000000 -0.293064
DS1.d288.s0.i8 -1.000000 -0.272406
DS1.d288.s1.i1 1.000000 0.581129
DS1.d288.s1.i0 -1.000000 -0.052119
DS1.d288.s1.i3 -1.000000 -0.152123
DS1.d288.s1.i2 1.000000 0.485808
DS1.d264.s0.i0 1.000000 -0.335802
DS1.d264.s0.i1 1.000000 0.299058
DS1.d264.s1.i0 1.000000 0.345246
DS1.d83.s0.i0 1.000000 0.125544
DS1.d483.s1.i0 1.000000 0.469508
DS1.d483.s0.i0 -1.000000 0.204660
DS1.d671.s0.i2 1.000000 1.403796
DS1.d671.s0.i0 1.000000 1.124389
DS1.d671.s0.i1 1.000000 1.405682
DS1.d342.s0.i1 -1.000000 0.123279
DS1.d342.s0.i0 -1.000000 0.123279
DS1.d129.s0.i0 1.000000 0.826450
DS1.d479.s0.i0 1.000000 0.564419
DS1.d667.s0.i0 1.000000 0.768775
DS1.d752.s0.i0 1.000000 -0.078843
DS1.d414.s0.i1 1.000000 1.127964
DS1.d414.s0.i0 1.000000 0.914180
DS1.d756.s0.i0 1.000000 0.281892
DS1.d756.s0.i1 1.000000 0.284864
DS1.d596.s0.i0 1.000000 0.495606
DS1.d596.s0.i1 1.000000 0.981124
DS1.d673.s0.i0 1.000000 0.778212
DS1.d148.s1.i2 -1.000000 -0.220221
DS1.d148.s1.i3 -1.000000 -0.268129
DS1.d148.s1.i0 -1.000000 -0.216335
DS1.d148.s1.i1 1.000000 0.210433
DS1.d148.s1.i6 -1.000000 -0.245635
DS1.d148.s1.i7 -1.000000 -0.125060
DS1.d148.s1.i4 1.000000 0.180200
DS1.d148.s1.i5 -1.000000 -0.158663
DS1.d148.s0.i24 1.000000 0.587358
DS1.d148.s0.i25 -1.000000 0.138377
DS1.d148.s0.i26 -1.000000 0.336361
DS1.d148.s0.i20 1.000000 0.482757
DS1.d148.s0.i21 -1.000000 0.113242
DS1.d148.s0.i22 1.000000 0.529545
DS1.d148.s0.i23 -1.000000 0.079428
DS1.d148.s0.i9 1.000000 0.592536
DS1.d148.s0.i8 -1.000000 0.153512
DS1.d148.s0.i5 -1.000000 0.178359
DS1.d148.s0.i4 -1.000000 0.128441
DS1.d148.s0.i7 -1.000000 0.231577
DS1.d148.s0.i6 -1.000000 0.137786
DS1.d148.s0.i1 -1.000000 0.202131
DS1.d148.s0.i0 -1.000000 0.186145
DS1.d148.s0.i3 -1.000000 0.204405
DS1.d148.s0.i2 1.000000 0.552852
DS1.d148.s0.i19 1.000000 0.477292
DS1.d148.s0.i18 -1.000000 0.073893
DS1.d148.s0.i11 1.000000 0.797603
DS1.d148.s0.i10 -1.000000 0.077494
DS1.d148.s0.i13 1.000000 0.580401
DS1.d148.s0.i12 -1.000000 0.161223
DS1.d148.s0.i15 -1.000000 0.417309
DS1.d148.s0.i14 -1.000000 0.071468
DS1.d148.s0.i17 1.000000 0.599373
DS1.d148.s0.i16 -1.000000 0.213101
DS1.d367.s0.i2 -1.000000 0.447273
DS1.d367.s0.i0 1.000000 0.398971
DS1.d367.s0.i1 -1.000000 0.261726
DS1.d405.s4.i1 1.000000 0.710280
DS1.d405.s4.i0 1.000000 0.667521
DS1.d405.s4.i2 1.000000 0.667521
DS1.d405.s1.i2 -1.000000 0.065208
DS1.d405.s1.i3 1.000000 0.604498
DS1.d405.s1.i0 -1.000000 0.034237
DS1.d405.s1.i1 1.000000 0.676806
DS1.d405.s0.i1 1.000000 1.022061
DS1.d405.s0.i0 1.000000 1.059462
DS1.d405.s3.i0 1.000000 0.495185
DS1.d405.s3.i1 1.000000 0.434575
DS1.d405.s2.i1 1.000000 1.119421
DS1.d405.s2.i0 1.000000 0.699807
DS1.d419.s0.i0 -1.000000 0.885154
DS1.d678.s0.i3 -1.000000 -0.487225
DS1.d678.s0.i2 -1.000000 -0.219211
DS1.d678.s0.i1 -1.000000 -0.313324
DS1.d678.s0.i0 -1.000000 -0.243226
DS1.d302.s0.i0 1.000000 0.244943
DS1.d327.s0.i0 1.000000 1.465598
DS1.d341.s0.i0 1.000000 1.125924
DS1.d341.s0.i1 1.000000 1.006429
DS1.d341.s1.i1 1.000000 0.230463
DS1.d341.s1.i0 1.000000 0.479209
DS1.d341.s2.i0 1.000000 0.365788
DS1.d341.s2.i1 1.000000 -0.186350
DS1.d611.s0.i0 1.000000 1.012134
DS1.d715.s0.i0 1.000000 0.756310
DS1.d524.s0.i0 -1.000000 0.498653
DS1.d710.s0.i0 -1.000000 0.021893
DS1.d630.s0.i1 -1.000000 -0.327160
DS1.d630.s0.i0 -1.000000 -0.142615
DS1.d495.s0.i0 1.000000 0.616799
DS1.d1.s0.i0 1.000000 0.725787
DS1.d619.s0.i0 1.000000 0.829589
DS1.d226.s0.i0 1.000000 0.790035
DS1.d455.s0.i0 1.000000 -0.706672
DS1.d455.s0.i1 1.000000 -0.789244
DS1.d209.s1.i0 -1.000000 0.180632
DS1.d209.s1.i1 -1.000000 -0.083023
DS1.d209.s1.i2 -1.000000 -0.270600
DS1.d209.s0.i2 -1.000000 0.003139
DS1.d209.s0.i1 -1.000000 0.008884
DS1.d209.s0.i0 -1.000000 0.210682
DS1.d549.s2.i0 1.000000 1.125294
DS1.d549.s2.i1 1.000000 1.322062
DS1.d549.s3.i1 1.000000 0.296560
DS1.d549.s3.i0 -1.000000 -0.294851
DS1.d549.s3.i2 -1.000000 0.118691
DS1.d549.s0.i0 -1.000000 -0.287218
DS1.d549.s0.i1 -1.000000 -0.327302
DS1.d549.s0.i2 -1.000000 -0.276137
DS1.d549.s1.i1 -1.000000 -0.895702
DS1.d549.s1.i0 1.000000 -0.398115
DS1.d261.s0.i0 1.000000 0.993895
