DS1.d18.s0.i0 1.000000 0.525625
DS1.d19.s0.i1 1.000000 1.022291
DS1.d19.s0.i0 1.000000 1.008397
DS1.d52.s0.i0 1.000000 0.084425
DS1.d52.s1.i0 1.000000 0.445695
DS1.d52.s2.i0 1.000000 0.632036
DS1.d394.s0.i0 1.000000 0.356880
DS1.d394.s0.i1 1.000000 0.567692
DS1.d818.s3.i2 1.000000 0.303312
DS1.d818.s3.i0 1.000000 0.303312
DS1.d818.s3.i1 1.000000 0.303312
DS1.d818.s2.i1 1.000000 0.162096
DS1.d818.s2.i0 1.000000 0.316104
DS1.d818.s2.i3 1.000000 0.316104
DS1.d818.s2.i2 1.000000 0.162096
DS1.d818.s2.i5 1.000000 0.162096
DS1.d818.s2.i4 1.000000 0.316104
DS1.d818.s1.i0 1.000000 -0.278947
DS1.d818.s1.i1 1.000000 -0.063915
DS1.d818.s1.i2 1.000000 -0.278947
DS1.d818.s1.i3 1.000000 -0.278947
DS1.d818.s1.i4 1.000000 -0.063915
DS1.d818.s1.i5 1.000000 -0.063915
DS1.d818.s0.i3 1.000000 0.374603
DS1.d818.s0.i2 1.000000 0.339140
DS1.d818.s0.i1 1.000000 0.345068
DS1.d818.s0.i0 1.000000 0.345068
DS1.d519.s2.i1 -1.000000 0.415244
DS1.d519.s2.i0 1.000000 0.172056
DS1.d519.s1.i0 1.000000 0.736346
DS1.d519.s0.i3 1.000000 0.488426
DS1.d519.s0.i2 1.000000 0.441105
DS1.d519.s0.i1 1.000000 0.499624
DS1.d519.s0.i0 1.000000 0.422324
DS1.d790.s0.i0 -1.000000 0.311957
DS1.d790.s0.i1 -1.000000 0.455139
DS1.d392.s0.i0 1.000000 0.608925
DS1.d262.s0.i0 -1.000000 0.556547
DS1.d812.s0.i1 -1.000000 -0.037982
DS1.d812.s0.i0 -1.000000 -0.361751
DS1.d812.s0.i2 -1.000000 -0.413564
DS1.d96.s0.i2 -1.000000 -0.120337
DS1.d96.s0.i3 1.000000 0.163550
DS1.d96.s0.i0 -1.000000 -0.060016
DS1.d96.s0.i1 1.000000 0.240779
DS1.d96.s1.i1 1.000000 0.554918
DS1.d96.s1.i0 1.000000 0.751772
DS1.d97.s0.i0 1.000000 0.203996
DS1.d94.s2.i0 -1.000000 -0.140520
DS1.d94.s0.i0 -1.000000 0.221866
DS1.d94.s1.i2 -1.000000 0.492015
DS1.d94.s1.i1 -1.000000 0.282844
DS1.d94.s1.i0 -1.000000 0.394991
DS1.d439.s0.i0 1.000000 0.826870
DS1.d116.s0.i0 1.000000 0.667862
DS1.d116.s0.i1 1.000000 0.657349
DS1.d116.s0.i2 1.000000 0.698209
DS1.d77.s0.i1 -1.000000 0.665894
DS1.d77.s0.i0 1.000000 0.604908
DS1.d293.s0.i0 1.000000 0.244242
DS1.d293.s0.i1 1.000000 0.657485
DS1.d73.s0.i1 -1.000000 -0.812908
DS1.d73.s0.i0 -1.000000 -0.775102
DS1.d204.s0.i0 1.000000 0.615452
DS1.d204.s0.i1 1.000000 0.332148
DS1.d319.s0.i1 -1.000000 -0.269870
DS1.d319.s0.i0 -1.000000 -0.245690
DS1.d429.s0.i1 -1.000000 0.296135
DS1.d429.s0.i0 -1.000000 0.552210
DS1.d743.s0.i0 1.000000 1.140651
DS1.d768.s0.i1 1.000000 0.495468
DS1.d768.s0.i0 1.000000 0.395800
DS1.d363.s0.i0 1.000000 0.615478
DS1.d363.s0.i1 1.000000 0.603071
DS1.d766.s0.i3 -1.000000 0.795741
DS1.d766.s0.i2 -1.000000 0.302476
DS1.d766.s0.i1 -1.000000 0.630758
DS1.d766.s0.i0 -1.000000 0.105641
DS1.d702.s0.i1 1.000000 0.839962
DS1.d702.s0.i0 1.000000 0.638172
DS1.d702.s0.i2 1.000000 0.903575
DS1.d705.s0.i0 1.000000 0.448190
DS1.d433.s0.i0 1.000000 0.573789
DS1.d433.s1.i1 1.000000 0.324174
DS1.d433.s1.i0 1.000000 0.479281
DS1.d433.s1.i3 1.000000 0.478605
DS1.d433.s1.i2 1.000000 0.543601
DS1.d433.s2.i0 1.000000 1.085868
DS1.d433.s3.i0 1.000000 0.790194
DS1.d707.s0.i0 1.000000 0.301155
DS1.d707.s0.i1 1.000000 0.309517
DS1.d707.s1.i0 1.000000 0.201368
DS1.d706.s0.i0 1.000000 0.279201
DS1.d379.s0.i1 -1.000000 -0.268498
DS1.d379.s0.i0 -1.000000 -0.174465
DS1.d462.s0.i0 1.000000 0.403085
DS1.d462.s0.i1 1.000000 0.247823
DS1.d470.s0.i0 1.000000 0.614053
DS1.d604.s0.i0 1.000000 0.906098
DS1.d212.s0.i0 -1.000000 0.378248
DS1.d276.s0.i1 -1.000000 0.285555
DS1.d276.s0.i0 -1.000000 0.023581
DS1.d276.s0.i2 -1.000000 0.194130
DS1.d253.s0.i0 1.000000 0.889279
DS1.d253.s1.i5 1.000000 0.254172
DS1.d253.s1.i4 1.000000 0.412806
DS1.d253.s1.i7 1.000000 0.353070
DS1.d253.s1.i6 1.000000 0.210335
DS1.d253.s1.i1 1.000000 0.380347
DS1.d253.s1.i0 1.000000 0.329830
DS1.d253.s1.i3 1.000000 0.441142
DS1.d253.s1.i2 1.000000 0.290884
DS1.d253.s2.i0 1.000000 0.806063
DS1.d442.s0.i0 -1.000000 0.498829
DS1.d244.s0.i0 1.000000 0.675485
DS1.d244.s0.i1 1.000000 0.499356
DS1.d244.s1.i0 1.000000 0.996762
DS1.d374.s0.i0 1.000000 0.595693
DS1.d374.s1.i1 1.000000 1.357990
DS1.d374.s1.i0 1.000000 1.379330
DS1.d185.s0.i0 1.000000 0.372825
DS1.d185.s0.i1 1.000000 0.447194
DS1.d185.s1.i0 1.000000 0.602560
DS1.d448.s2.i0 1.000000 0.107364
DS1.d448.s2.i1 1.000000 0.080034
DS1.d448.s3.i1 1.000000 0.523230
DS1.d448.s3.i0 1.000000 1.071531
DS1.d448.s0.i0 1.000000 0.889234
DS1.d448.s0.i1 1.000000 0.878935
DS1.d448.s1.i3 1.000000 1.065924
DS1.d448.s1.i2 1.000000 1.086479
DS1.d448.s1.i1 1.000000 1.101305
DS1.d448.s1.i0 1.000000 1.117458
DS1.d143.s0.i2 1.000000 -0.002775
DS1.d143.s0.i3 1.000000 0.055412
DS1.d143.s0.i0 1.000000 -0.000955
DS1.d143.s0.i1 1.000000 -0.006064
DS1.d24.s1.i0 1.000000 0.711317
DS1.d24.s0.i0 -1.000000 -0.501907
DS1.d607.s0.i1 1.000000 0.425768
DS1.d607.s0.i0 1.000000 0.430976
DS1.d607.s0.i2 -1.000000 0.438007
DS1.d566.s0.i1 1.000000 -0.349165
DS1.d566.s0.i0 1.000000 -0.078125
DS1.d241.s1.i0 1.000000 0.782306
DS1.d241.s0.i0 1.000000 0.658038
DS1.d608.s0.i0 1.000000 0.930274
DS1.d608.s0.i1 1.000000 0.725270
DS1.d608.s1.i1 1.000000 0.221074
DS1.d608.s1.i0 1.000000 0.263308
DS1.d288.s0.i6 -1.000000 -0.282926
DS1.d288.s0.i7 -1.000000 -0.283811
DS1.d288.s0.i4 -1.000000 -0.338854
DS1.d288.s0.i5 -1.000000 -0.351206
DS1.d288.s0.i2 -1.000000 -0.385966
DS1.d288.s0.i3 -1.000000 -0.374794
DS1.d288.s0.i0 -1.000000 -0.308235
DS1.d288.s0.i1 -1.000000 -0.362070
DS1.d288.s0.i8 -1.000000 -0.315182
DS1.d288.s1.i1 1.000000 0.499904
DS1.d288.s1.i0 -1.000000 0.102218
DS1.d288.s1.i3 -1.000000 -0.026637
DS1.d288.s1.i2 1.000000 0.392106
DS1.d264.s0.i0 1.000000 -0.292048
DS1.d264.s0.i1 1.000000 0.096186
DS1.d264.s1.i0 1.000000 0.360666
DS1.d83.s0.i0 1.000000 0.202483
DS1.d483.s1.i0 1.000000 0.444292
DS1.d483.s0.i0 -1.000000 0.124862
DS1.d671.s0.i2 1.000000 1.199170
DS1.d671.s0.i0 1.000000 0.949426
DS1.d671.s0.i1 1.000000 1.232475
DS1.d342.s0.i1 -1.000000 0.260000
DS1.d342.s0.i0 -1.000000 0.260000
DS1.d129.s0.i0 1.000000 0.789402
DS1.d479.s0.i0 1.000000 0.461630
DS1.d667.s0.i0 1.000000 0.606587
DS1.d752.s0.i0 1.000000 0.058983
DS1.d414.s0.i1 1.000000 1.128003
DS1.d414.s0.i0 1.000000 0.901778
DS1.d756.s0.i0 1.000000 0.374816
DS1.d756.s0.i1 1.000000 0.350178
DS1.d596.s0.i0 1.000000 0.523804
DS1.d596.s0.i1 1.000000 0.784118
DS1.d673.s0.i0 1.000000 0.791611
DS1.d148.s1.i2 -1.000000 -0.134377
DS1.d148.s1.i3 -1.000000 -0.148764
DS1.d148.s1.i0 -1.000000 -0.122287
DS1.d148.s1.i1 1.000000 0.139595
DS1.d148.s1.i6 -1.000000 -0.104688
DS1.d148.s1.i7 -1.000000 -0.059935
DS1.d148.s1.i4 1.000000 0.087745
DS1.d148.s1.i5 -1.000000 -0.069470
DS1.d148.s0.i24 1.000000 0.483176
DS1.d148.s0.i25 -1.000000 0.077465
DS1.d148.s0.i26 -1.000000 0.185178
DS1.d148.s0.i20 1.000000 0.375106
DS1.d148.s0.i21 -1.000000 0.020742
DS1.d148.s0.i22 1.000000 0.389007
DS1.d148.s0.i23 -1.000000 -0.025675
DS1.d148.s0.i9 1.000000 0.434098
DS1.d148.s0.i8 -1.000000 0.091856
DS1.d148.s0.i5 -1.000000 0.081973
DS1.d148.s0.i4 -1.000000 -0.004476
DS1.d148.s0.i7 -1.000000 0.165973
DS1.d148.s0.i6 -1.000000 0.031363
DS1.d148.s0.i1 -1.000000 0.046612
DS1.d148.s0.i0 -1.000000 0.071422
DS1.d148.s0.i3 -1.000000 0.154288
DS1.d148.s0.i2 1.000000 0.438748
DS1.d148.s0.i19 1.000000 0.364777
DS1.d148.s0.i18 -1.000000 -0.020860
DS1.d148.s0.i11 1.000000 0.591313
DS1.d148.s0.i10 -1.000000 0.001426
DS1.d148.s0.i13 1.000000 0.511593
DS1.d148.s0.i12 -1.000000 0.141575
DS1.d148.s0.i15 -1.000000 0.213035
DS1.d148.s0.i14 -1.000000 0.005930
DS1.d148.s0.i17 1.000000 0.509784
DS1.d148.s0.i16 -1.000000 0.128522
DS1.d367.s0.i2 -1.000000 0.495336
DS1.d367.s0.i0 1.000000 0.338410
DS1.d367.s0.i1 -1.000000 0.250543
DS1.d405.s4.i1 1.000000 0.629594
DS1.d405.s4.i0 1.000000 0.611936
DS1.d405.s4.i2 1.000000 0.611936
DS1.d405.s1.i2 -1.000000 0.034850
DS1.d405.s1.i3 1.000000 0.412238
DS1.d405.s1.i0 -1.000000 0.022039
DS1.d405.s1.i1 1.000000 0.480821
DS1.d405.s0.i1 1.000000 0.982555
DS1.d405.s0.i0 1.000000 0.993355
DS1.d405.s3.i0 1.000000 0.439169
DS1.d405.s3.i1 1.000000 0.414033
DS1.d405.s2.i1 1.000000 0.982161
DS1.d405.s2.i0 1.000000 0.681371
DS1.d419.s0.i0 -1.000000 0.782156
DS1.d678.s0.i3 -1.000000 -0.285561
DS1.d678.s0.i2 -1.000000 -0.057026
DS1.d678.s0.i1 -1.000000 -0.183730
DS1.d678.s0.i0 -1.000000 -0.081873
DS1.d302.s0.i0 1.000000 0.416204
DS1.d327.s0.i0 1.000000 1.351747
DS1.d341.s0.i0 1.000000 1.066520
DS1.d341.s0.i1 1.000000 0.989295
DS1.d341.s1.i1 1.000000 0.447813
DS1.d341.s1.i0 1.000000 0.530891
DS1.d341.s2.i0 1.000000 0.305770
DS1.d341.s2.i1 1.000000 0.008105
DS1.d611.s0.i0 1.000000 0.842961
DS1.d715.s0.i0 1.000000 0.715854
DS1.d524.s0.i0 -1.000000 0.437923
DS1.d710.s0.i0 -1.000000 0.092855
DS1.d630.s0.i1 -1.000000 -0.243275
DS1.d630.s0.i0 -1.000000 -0.063250
DS1.d495.s0.i0 1.000000 0.653813
DS1.d1.s0.i0 1.000000 0.770348
DS1.d619.s0.i0 1.000000 0.663067
DS1.d226.s0.i0 1.000000 0.700156
DS1.d455.s0.i0 1.000000 -0.628098
DS1.d455.s0.i1 1.000000 -0.642759
DS1.d209.s1.i0 -1.000000 0.250873
DS1.d209.s1.i1 -1.000000 0.023732
DS1.d209.s1.i2 -1.000000 -0.102933
DS1.d209.s0.i2 -1.000000 0.059017
DS1.d209.s0.i1 -1.000000 0.074649
DS1.d209.s0.i0 -1.000000 0.230956
DS1.d549.s2.i0 1.000000 1.011998
DS1.d549.s2.i1 1.000000 1.203170
DS1.d549.s3.i1 1.000000 0.390121
DS1.d549.s3.i0 -1.000000 -0.070089
DS1.d549.s3.i2 -1.000000 0.206922
DS1.d549.s0.i0 -1.000000 -0.237139
DS1.d549.s0.i1 -1.000000 -0.302087
DS1.d549.s0.i2 -1.000000 -0.263886
DS1.d549.s1.i1 -1.000000 -0.575152
DS1.d549.s1.i0 1.000000 -0.305456
DS1.d261.s0.i0 1.000000 0.924331
