DS.d57.s0.i0 1.000000 0.780870
DS.d599.s1.i0 -1.000000 0.216009
DS.d599.s0.i0 1.000000 0.303977
DS.d340.s0.i0 -1.000000 -0.077321
DS.d370.s0.i0 1.000000 0.320200
DS.d3.s1.i0 1.000000 0.305482
DS.d3.s1.i1 1.000000 0.336884
DS.d3.s0.i2 1.000000 1.325827
DS.d3.s0.i1 1.000000 1.325827
DS.d3.s0.i0 1.000000 0.911446
DS.d214.s0.i1 1.000000 0.603104
DS.d214.s0.i0 1.000000 0.505217
DS.d182.s1.i0 -1.000000 0.067819
DS.d182.s0.i0 -1.000000 -0.454622
DS.d597.s0.i5 -1.000000 -0.063552
DS.d597.s0.i4 -1.000000 -0.100799
DS.d597.s0.i3 -1.000000 -0.134995
DS.d597.s0.i2 -1.000000 -0.147588
DS.d597.s0.i1 -1.000000 -0.122524
DS.d597.s0.i0 -1.000000 -0.158108
DS.d213.s0.i0 -1.000000 0.808908
DS.d213.s1.i0 1.000000 0.277360
DS.d212.s0.i0 -1.000000 0.059608
DS.d101.s0.i0 1.000000 -0.215769
DS.d431.s0.i2 1.000000 0.765850
DS.d431.s0.i3 1.000000 0.980946
DS.d431.s0.i0 1.000000 0.872537
DS.d431.s0.i1 1.000000 1.066386
DS.d431.s0.i4 1.000000 0.984979
DS.d431.s0.i5 1.000000 1.120603
DS.d151.s0.i0 -1.000000 0.910461
DS.d358.s0.i0 1.000000 0.705911
DS.d358.s1.i0 1.000000 0.770671
DS.d238.s0.i0 -1.000000 0.734212
DS.d251.s0.i2 1.000000 -0.419498
DS.d251.s0.i3 1.000000 -0.474306
DS.d251.s0.i0 1.000000 -0.344664
DS.d251.s0.i1 1.000000 -0.602453
DS.d251.s0.i6 1.000000 -0.524604
DS.d251.s0.i7 1.000000 -0.412384
DS.d251.s0.i4 1.000000 -0.558738
DS.d251.s0.i5 1.000000 -0.496256
DS.d251.s0.i8 1.000000 -0.446638
DS.d1.s0.i0 1.000000 0.904344
DS.d625.s1.i0 1.000000 0.319497
DS.d625.s1.i1 1.000000 0.297108
DS.d625.s0.i3 -1.000000 0.594303
DS.d625.s0.i2 -1.000000 0.281122
DS.d625.s0.i1 -1.000000 0.091648
DS.d625.s0.i0 -1.000000 0.654517
DS.d167.s0.i0 1.000000 0.790558
DS.d272.s3.i0 1.000000 0.681029
DS.d272.s2.i0 1.000000 0.863972
DS.d272.s1.i0 1.000000 -0.299592
DS.d272.s1.i1 1.000000 -0.205457
DS.d272.s1.i2 1.000000 -0.241084
DS.d272.s0.i2 1.000000 -0.195757
DS.d272.s0.i1 1.000000 -0.148784
DS.d272.s0.i0 1.000000 -0.234782
DS.d272.s4.i0 -1.000000 -0.074881
DS.d165.s6.i4 1.000000 0.728785
DS.d165.s6.i5 1.000000 0.711786
DS.d165.s6.i2 1.000000 0.713943
DS.d165.s6.i3 1.000000 0.598404
DS.d165.s6.i0 1.000000 0.737093
DS.d165.s6.i1 1.000000 0.652857
DS.d165.s4.i0 1.000000 0.687977
DS.d165.s4.i1 1.000000 0.642409
DS.d165.s5.i3 1.000000 -0.094364
DS.d165.s5.i2 -1.000000 -0.306398
DS.d165.s5.i1 1.000000 0.112103
DS.d165.s5.i0 -1.000000 -0.087970
DS.d165.s2.i2 1.000000 0.397391
DS.d165.s2.i3 1.000000 0.371147
DS.d165.s2.i0 1.000000 0.238038
DS.d165.s2.i1 1.000000 0.380402
DS.d165.s3.i1 -1.000000 0.879708
DS.d165.s3.i0 -1.000000 0.643159
DS.d165.s3.i2 -1.000000 0.463684
DS.d165.s0.i0 -1.000000 0.219313
DS.d165.s0.i1 -1.000000 0.350688
DS.d165.s0.i2 -1.000000 -0.136865
DS.d165.s0.i3 -1.000000 -0.001496
DS.d165.s0.i4 1.000000 0.211579
DS.d165.s0.i5 1.000000 0.699704
DS.d165.s1.i3 1.000000 0.359357
DS.d165.s1.i2 1.000000 0.299306
DS.d165.s1.i1 1.000000 0.295509
DS.d165.s1.i0 1.000000 0.282650
DS.d165.s1.i5 1.000000 0.291130
DS.d165.s1.i4 1.000000 0.333241
DS.d758.s0.i0 1.000000 0.766434
DS.d97.s0.i0 1.000000 0.597370
DS.d614.s0.i5 1.000000 0.696373
DS.d614.s0.i4 -1.000000 0.969357
DS.d614.s0.i3 1.000000 0.783720
DS.d614.s0.i2 1.000000 1.114255
DS.d614.s0.i1 1.000000 1.035820
DS.d614.s0.i0 1.000000 0.716764
DS.d572.s0.i0 -1.000000 0.361933
DS.d572.s0.i1 -1.000000 0.349544
DS.d390.s0.i2 -1.000000 -0.150367
DS.d390.s0.i3 -1.000000 -0.172212
DS.d390.s0.i0 -1.000000 -0.225739
DS.d390.s0.i1 -1.000000 -0.131148
DS.d390.s0.i4 -1.000000 -0.173630
DS.d390.s0.i5 -1.000000 -0.000131
DS.d557.s0.i0 1.000000 0.902961
DS.d671.s0.i0 1.000000 0.759770
DS.d671.s0.i1 1.000000 0.847127
DS.d671.s0.i2 1.000000 0.885991
DS.d756.s0.i0 1.000000 0.341212
DS.d756.s0.i1 1.000000 0.404806
DS.d757.s1.i0 1.000000 0.395039
DS.d757.s0.i0 1.000000 0.284272
DS.d196.s0.i2 1.000000 0.634456
DS.d196.s0.i3 1.000000 0.598348
DS.d196.s0.i0 1.000000 0.303339
DS.d196.s0.i1 1.000000 0.645359
DS.d196.s1.i0 -1.000000 0.945441
DS.d28.s1.i0 1.000000 1.080625
DS.d28.s1.i1 1.000000 1.301684
DS.d28.s0.i2 1.000000 1.332619
DS.d28.s0.i1 1.000000 1.215798
DS.d28.s0.i0 1.000000 1.192749
DS.d61.s0.i6 1.000000 0.587161
DS.d61.s0.i7 1.000000 0.561503
DS.d61.s0.i4 1.000000 0.601898
DS.d61.s0.i5 1.000000 0.616591
DS.d61.s0.i2 1.000000 0.722831
DS.d61.s0.i3 1.000000 0.610009
DS.d61.s0.i0 1.000000 0.482606
DS.d61.s0.i1 1.000000 0.512960
DS.d61.s0.i8 1.000000 0.539039
DS.d271.s2.i0 -1.000000 -0.106113
DS.d271.s0.i0 1.000000 0.401770
DS.d271.s1.i0 1.000000 -0.066019
DS.d63.s0.i0 1.000000 0.972158
DS.d63.s0.i1 1.000000 0.998744
DS.d333.s0.i0 1.000000 0.746905
DS.d47.s0.i0 1.000000 0.570855
DS.d47.s0.i1 1.000000 0.569773
DS.d192.s0.i0 1.000000 0.421241
DS.d44.s0.i9 1.000000 -0.327736
DS.d44.s0.i8 1.000000 -0.392393
DS.d44.s0.i5 1.000000 -0.369132
DS.d44.s0.i4 -1.000000 -0.728838
DS.d44.s0.i7 -1.000000 -0.572867
DS.d44.s0.i6 -1.000000 -0.596458
DS.d44.s0.i1 1.000000 -0.376131
DS.d44.s0.i0 -1.000000 -0.739529
DS.d44.s0.i3 -1.000000 -0.607679
DS.d44.s0.i2 -1.000000 -0.625628
DS.d44.s0.i15 -1.000000 -0.579878
DS.d44.s0.i14 -1.000000 -0.668451
DS.d44.s0.i17 -1.000000 -0.735438
DS.d44.s0.i16 1.000000 -0.411363
DS.d44.s0.i11 -1.000000 -0.646930
DS.d44.s0.i10 1.000000 -0.388014
DS.d44.s0.i13 -1.000000 -0.755572
DS.d44.s0.i12 -1.000000 -0.672710
DS.d25.s0.i0 1.000000 0.806724
DS.d25.s1.i0 -1.000000 0.803406
DS.d8.s0.i0 1.000000 1.026807
DS.d41.s0.i0 1.000000 0.355536
DS.d41.s0.i1 1.000000 0.383101
DS.d484.s0.i0 1.000000 0.848445
DS.d484.s0.i1 1.000000 0.834062
DS.d484.s1.i1 1.000000 0.262857
DS.d484.s1.i0 -1.000000 0.173996
DS.d685.s1.i2 1.000000 1.467611
DS.d685.s1.i0 1.000000 1.216415
DS.d685.s1.i1 1.000000 0.994120
DS.d685.s0.i1 1.000000 0.726895
DS.d685.s0.i0 1.000000 0.747527
DS.d685.s0.i2 1.000000 0.791428
DS.d224.s0.i0 1.000000 0.715488
DS.d224.s1.i0 1.000000 0.434393
DS.d306.s3.i0 1.000000 -0.098810
DS.d306.s2.i0 -1.000000 0.567777
DS.d306.s1.i4 1.000000 0.461478
DS.d306.s1.i5 1.000000 0.416913
DS.d306.s1.i0 1.000000 0.478097
DS.d306.s1.i1 1.000000 0.471611
DS.d306.s1.i2 1.000000 0.444453
DS.d306.s1.i3 1.000000 0.439598
DS.d306.s0.i1 -1.000000 -0.333337
DS.d306.s0.i0 1.000000 0.241020
DS.d306.s4.i1 1.000000 0.080041
DS.d306.s4.i0 1.000000 -0.053061
DS.d812.s0.i2 -1.000000 -0.450757
DS.d812.s0.i1 -1.000000 -0.106236
DS.d812.s0.i0 -1.000000 -0.440984
DS.d87.s0.i0 1.000000 0.887306
DS.d586.s0.i0 1.000000 1.243074
DS.d581.s0.i2 1.000000 0.090719
DS.d581.s0.i0 -1.000000 0.406451
DS.d581.s0.i1 -1.000000 0.424513
DS.d581.s1.i1 -1.000000 0.447721
DS.d581.s1.i0 -1.000000 0.101093
DS.d581.s1.i2 -1.000000 -0.017634
DS.d581.s2.i0 1.000000 0.335160
DS.d581.s2.i1 1.000000 0.357013
DS.d369.s0.i0 1.000000 0.124571
DS.d369.s1.i0 1.000000 0.245995
DS.d21.s0.i0 1.000000 0.062604
DS.d640.s0.i0 -1.000000 0.142892
DS.d646.s0.i4 1.000000 -0.532510
DS.d646.s0.i5 1.000000 -0.452757
DS.d646.s0.i2 1.000000 -0.343797
DS.d646.s0.i3 1.000000 -0.428569
DS.d646.s0.i0 1.000000 -0.446831
DS.d646.s0.i1 1.000000 -0.449461
DS.d809.s1.i0 1.000000 0.542597
DS.d809.s1.i1 1.000000 0.638472
DS.d809.s0.i0 1.000000 1.025016
DS.d763.s2.i0 1.000000 0.495899
DS.d763.s0.i0 -1.000000 0.862639
DS.d763.s0.i1 1.000000 1.187872
DS.d763.s1.i1 1.000000 -0.006803
DS.d763.s1.i0 1.000000 0.311658
DS.d823.s0.i0 -1.000000 0.376084
DS.d413.s0.i2 1.000000 0.567653
DS.d413.s0.i3 1.000000 0.306837
DS.d413.s0.i0 -1.000000 0.471504
DS.d413.s0.i1 -1.000000 0.600839
DS.d784.s1.i0 1.000000 0.145596
DS.d784.s0.i0 1.000000 0.725313
DS.d769.s0.i0 1.000000 0.349680
DS.d508.s0.i0 1.000000 0.298527
DS.d408.s0.i0 1.000000 1.137149
DS.d408.s0.i1 1.000000 1.178627
DS.d403.s0.i0 -1.000000 -0.054233
DS.d668.s0.i0 1.000000 0.636450
DS.d772.s0.i0 -1.000000 0.706312
DS.d772.s0.i1 -1.000000 0.639565
DS.d542.s1.i0 -1.000000 0.619296
DS.d542.s0.i1 -1.000000 0.170870
DS.d542.s0.i0 1.000000 0.496738
DS.d817.s0.i0 1.000000 0.407408
DS.d817.s0.i1 1.000000 0.500460
DS.d817.s1.i1 1.000000 0.635213
DS.d817.s1.i0 1.000000 0.682699
DS.d817.s1.i3 1.000000 0.611741
DS.d817.s1.i2 1.000000 0.633545
DS.d817.s1.i4 1.000000 0.661753
DS.d608.s0.i0 1.000000 0.773947
DS.d608.s0.i1 1.000000 0.803214
DS.d608.s1.i1 1.000000 0.675179
DS.d608.s1.i0 1.000000 0.684753
DS.d474.s0.i0 -1.000000 0.464118
DS.d549.s0.i2 -1.000000 -0.183405
DS.d549.s0.i0 -1.000000 -0.193203
DS.d549.s0.i1 -1.000000 -0.213975
DS.d549.s1.i1 -1.000000 -0.492429
DS.d549.s1.i0 1.000000 -0.324750
DS.d549.s2.i0 1.000000 -0.167745
DS.d549.s2.i1 1.000000 0.596745
DS.d549.s3.i2 -1.000000 -0.169895
DS.d549.s3.i1 1.000000 0.031871
DS.d549.s3.i0 -1.000000 -0.499387
DS.d661.s0.i0 1.000000 0.979603
DS.d663.s0.i1 -1.000000 -0.434498
DS.d663.s0.i0 -1.000000 -0.319508
DS.d488.s0.i10 -1.000000 0.047210
DS.d488.s0.i11 -1.000000 -0.181414
DS.d488.s0.i12 -1.000000 -0.145088
DS.d488.s0.i6 -1.000000 0.030944
DS.d488.s0.i7 -1.000000 0.082392
DS.d488.s0.i4 -1.000000 0.069137
DS.d488.s0.i5 1.000000 0.071431
DS.d488.s0.i2 1.000000 0.023740
DS.d488.s0.i3 -1.000000 0.081215
DS.d488.s0.i0 -1.000000 0.067699
DS.d488.s0.i1 -1.000000 0.034142
DS.d488.s0.i14 -1.000000 -0.105020
DS.d488.s0.i13 -1.000000 -0.179048
DS.d488.s0.i8 -1.000000 -0.109485
DS.d488.s0.i9 1.000000 0.071682
DS.d603.s0.i1 1.000000 0.626240
DS.d603.s0.i0 1.000000 0.459189
DS.d22.s1.i0 1.000000 0.186687
DS.d22.s0.i1 1.000000 0.455179
DS.d22.s0.i0 1.000000 0.459232
DS.d22.s0.i2 1.000000 0.431060
DS.d556.s0.i0 -1.000000 0.442281
DS.d124.s0.i5 1.000000 0.198436
DS.d124.s0.i4 1.000000 0.107461
DS.d124.s0.i1 1.000000 0.218406
DS.d124.s0.i0 1.000000 0.152771
DS.d124.s0.i3 1.000000 0.177715
DS.d124.s0.i2 1.000000 0.140953
DS.d72.s0.i0 -1.000000 -0.378948
DS.d72.s0.i1 -1.000000 -0.256447
DS.d56.s0.i0 1.000000 0.430441
DS.d737.s1.i0 -1.000000 -0.109175
DS.d737.s1.i1 1.000000 0.421818
DS.d737.s0.i2 -1.000000 0.408334
DS.d737.s0.i1 -1.000000 0.516215
DS.d737.s0.i0 -1.000000 0.343624
DS.d286.s0.i2 1.000000 0.759964
DS.d286.s0.i0 -1.000000 0.291154
DS.d286.s0.i1 1.000000 0.864840
DS.d659.s0.i0 1.000000 1.084720
DS.d600.s0.i0 1.000000 0.866141
