DS.d170.s0.i0 1.000000 0.920971
DS.d170.s0.i1 1.000000 0.832647
DS.d95.s0.i3 -1.000000 -0.950890
DS.d95.s0.i2 -1.000000 -0.757485
DS.d95.s0.i1 -1.000000 -0.928987
DS.d95.s0.i0 -1.000000 -0.982564
DS.d172.s0.i0 1.000000 0.766424
DS.d172.s0.i1 1.000000 1.036890
DS.d714.s0.i0 -1.000000 -0.817559
DS.d714.s0.i1 -1.000000 -0.941391
DS.d714.s1.i0 -1.000000 -0.789745
DS.d714.s2.i0 -1.000000 -0.265777
DS.d715.s0.i0 -1.000000 -0.352486
DS.d716.s0.i0 1.000000 0.895589
DS.d716.s0.i1 -1.000000 -0.661447
DS.d716.s0.i2 1.000000 0.871103
DS.d716.s0.i3 1.000000 0.875521
DS.d717.s0.i0 -1.000000 -0.475647
DS.d710.s0.i0 -1.000000 0.379290
DS.d711.s0.i0 -1.000000 -0.072673
DS.d712.s2.i0 1.000000 0.944282
DS.d712.s2.i1 1.000000 0.803227
DS.d712.s0.i0 1.000000 0.991785
DS.d712.s0.i1 1.000000 0.889096
DS.d712.s0.i2 1.000000 0.904594
DS.d712.s0.i3 1.000000 0.823505
DS.d712.s1.i0 1.000000 0.995664
DS.d713.s1.i0 1.000000 0.778850
DS.d713.s1.i1 1.000000 0.949371
DS.d713.s0.i1 1.000000 0.658477
DS.d713.s0.i0 1.000000 1.045881
DS.d808.s0.i0 -1.000000 -0.429472
DS.d808.s1.i1 1.000000 0.505133
DS.d808.s1.i0 -1.000000 -0.296985
DS.d808.s2.i0 1.000000 0.890503
DS.d808.s2.i1 1.000000 0.828668
DS.d809.s1.i0 1.000000 0.802246
DS.d809.s1.i1 1.000000 0.869602
DS.d809.s0.i0 1.000000 0.956420
DS.d489.s0.i1 -1.000000 -0.886723
DS.d489.s0.i0 -1.000000 -0.842309
DS.d718.s0.i0 -1.000000 -1.054788
DS.d718.s0.i1 -1.000000 -0.787450
DS.d718.s1.i19 -1.000000 -1.042363
DS.d718.s1.i18 -1.000000 -0.981208
DS.d718.s1.i11 -1.000000 -0.970276
DS.d718.s1.i10 -1.000000 -0.968912
DS.d718.s1.i13 -1.000000 -1.002097
DS.d718.s1.i12 -1.000000 -0.958152
DS.d718.s1.i15 -1.000000 -1.003538
DS.d718.s1.i14 -1.000000 -1.005739
DS.d718.s1.i17 -1.000000 -1.073868
DS.d718.s1.i16 -1.000000 -1.050883
DS.d718.s1.i1 -1.000000 -1.025478
DS.d718.s1.i0 -1.000000 -0.961851
DS.d718.s1.i3 -1.000000 -1.104321
DS.d718.s1.i2 -1.000000 -0.966637
DS.d718.s1.i5 -1.000000 -1.085386
DS.d718.s1.i4 -1.000000 -1.008186
DS.d718.s1.i7 -1.000000 -0.942171
DS.d718.s1.i6 -1.000000 -0.998111
DS.d718.s1.i9 -1.000000 -0.941616
DS.d718.s1.i8 -1.000000 -1.039203
DS.d718.s2.i0 -1.000000 -0.607608
DS.d718.s2.i1 1.000000 0.030834
DS.d718.s2.i2 -1.000000 -0.749876
DS.d718.s2.i3 -1.000000 -0.757347
DS.d719.s0.i1 -1.000000 0.073762
DS.d719.s0.i0 1.000000 0.115205
DS.d175.s1.i0 1.000000 1.021066
DS.d175.s0.i1 1.000000 0.842156
DS.d175.s0.i0 1.000000 0.933180
DS.d65.s0.i0 -1.000000 -0.515629
DS.d64.s0.i0 -1.000000 -0.721271
DS.d67.s0.i0 -1.000000 -0.848741
DS.d67.s0.i1 -1.000000 -0.805664
DS.d66.s0.i1 1.000000 0.772321
DS.d66.s0.i0 1.000000 0.962562
DS.d66.s0.i3 1.000000 0.616328
DS.d66.s0.i2 1.000000 1.062129
DS.d61.s0.i6 -1.000000 -0.954240
DS.d61.s0.i7 -1.000000 -0.882562
DS.d61.s0.i4 -1.000000 -0.904093
DS.d61.s0.i5 -1.000000 -0.869474
DS.d61.s0.i2 -1.000000 -0.896402
DS.d61.s0.i3 -1.000000 -0.994388
DS.d61.s0.i0 -1.000000 -1.025992
DS.d61.s0.i1 -1.000000 -1.052071
DS.d61.s0.i8 -1.000000 -1.019429
DS.d60.s0.i0 1.000000 1.262057
DS.d63.s0.i0 1.000000 1.001968
DS.d63.s0.i1 1.000000 1.005114
DS.d62.s0.i0 -1.000000 0.848837
DS.d69.s0.i0 1.000000 0.965464
DS.d69.s0.i1 1.000000 0.805941
DS.d68.s0.i0 1.000000 0.943921
DS.d246.s0.i0 1.000000 0.804768
DS.d246.s1.i0 1.000000 0.868658
DS.d246.s2.i0 -1.000000 -0.267706
DS.d246.s2.i1 1.000000 0.416870
DS.d247.s0.i3 -1.000000 -0.906548
DS.d247.s0.i2 1.000000 0.712990
DS.d247.s0.i1 1.000000 0.725537
DS.d247.s0.i0 -1.000000 -0.816870
DS.d247.s0.i7 -1.000000 -0.809478
DS.d247.s0.i6 -1.000000 -0.946181
DS.d247.s0.i5 -1.000000 -0.777540
DS.d247.s0.i4 1.000000 0.713935
DS.d247.s0.i9 -1.000000 -0.907109
DS.d247.s0.i8 -1.000000 -0.902136
DS.d247.s0.i22 1.000000 0.721582
DS.d247.s0.i23 -1.000000 -0.794718
DS.d247.s0.i20 1.000000 0.740552
DS.d247.s0.i21 -1.000000 -0.900676
DS.d247.s0.i13 1.000000 0.754569
DS.d247.s0.i12 -1.000000 -0.813040
DS.d247.s0.i11 -1.000000 -0.827546
DS.d247.s0.i10 -1.000000 -0.934083
DS.d247.s0.i17 -1.000000 -1.000332
DS.d247.s0.i16 -1.000000 -0.792708
DS.d247.s0.i15 1.000000 0.727635
DS.d247.s0.i14 -1.000000 -0.915292
DS.d247.s0.i19 -1.000000 -0.897331
DS.d247.s0.i18 1.000000 0.635435
DS.d244.s0.i0 1.000000 1.031059
DS.d244.s0.i1 1.000000 0.892961
DS.d244.s1.i0 1.000000 1.092355
DS.d242.s0.i2 1.000000 0.911883
DS.d242.s0.i3 1.000000 0.932353
DS.d242.s0.i0 1.000000 0.954754
DS.d242.s0.i1 1.000000 1.017208
DS.d243.s0.i2 1.000000 0.971202
DS.d243.s0.i1 1.000000 0.971202
DS.d243.s0.i0 1.000000 0.971202
DS.d240.s0.i0 1.000000 0.741050
DS.d241.s1.i0 1.000000 0.923116
DS.d241.s0.i0 1.000000 0.680453
DS.d325.s0.i0 1.000000 1.016255
DS.d325.s0.i1 1.000000 0.662336
DS.d324.s0.i0 -1.000000 -0.594616
DS.d321.s0.i4 -1.000000 -0.828437
DS.d321.s0.i2 -1.000000 -0.895274
DS.d321.s0.i0 -1.000000 -0.935542
DS.d321.s0.i1 -1.000000 -0.901434
DS.d248.s0.i0 1.000000 0.844559
DS.d248.s0.i1 1.000000 0.905155
DS.d249.s0.i0 1.000000 0.860420
DS.d189.s0.i0 -1.000000 -0.582452
DS.d181.s0.i0 1.000000 0.334926
DS.d180.s2.i1 1.000000 0.913391
DS.d180.s2.i0 1.000000 0.960954
DS.d180.s1.i0 1.000000 1.210335
DS.d180.s0.i1 1.000000 0.935543
DS.d180.s0.i0 1.000000 0.925782
DS.d183.s0.i0 1.000000 0.972329
DS.d183.s0.i1 1.000000 1.029085
DS.d183.s0.i2 1.000000 0.982360
DS.d182.s1.i0 1.000000 0.665141
DS.d182.s0.i0 -1.000000 -0.904328
DS.d185.s0.i0 1.000000 0.946128
DS.d185.s0.i1 1.000000 0.906690
DS.d185.s1.i0 1.000000 0.922637
DS.d184.s2.i1 1.000000 0.928876
DS.d184.s2.i0 1.000000 0.927240
DS.d184.s1.i0 1.000000 0.962410
DS.d184.s0.i5 1.000000 0.927993
DS.d184.s0.i4 1.000000 0.854069
DS.d184.s0.i3 1.000000 0.779782
DS.d184.s0.i2 1.000000 1.059666
DS.d184.s0.i1 1.000000 1.050741
DS.d184.s0.i0 1.000000 1.011277
DS.d187.s0.i0 1.000000 0.571250
DS.d186.s0.i1 -1.000000 -0.877111
DS.d186.s0.i0 -1.000000 -0.872645
DS.d186.s0.i2 -1.000000 -0.783123
DS.d439.s0.i0 1.000000 0.816935
DS.d438.s0.i0 1.000000 0.683025
DS.d583.s0.i0 1.000000 0.971693
DS.d351.s0.i3 -1.000000 -0.977951
DS.d351.s0.i2 -1.000000 -1.222523
DS.d351.s0.i1 -1.000000 -0.915134
DS.d351.s0.i0 -1.000000 -0.987693
DS.d431.s0.i2 1.000000 0.588581
DS.d431.s0.i3 1.000000 0.653799
DS.d431.s0.i0 1.000000 0.914727
DS.d431.s0.i1 -1.000000 0.288372
DS.d431.s0.i4 1.000000 0.848393
DS.d431.s0.i5 1.000000 0.804817
DS.d430.s0.i3 1.000000 0.856956
DS.d430.s0.i2 1.000000 0.938954
DS.d430.s0.i1 1.000000 0.847402
DS.d430.s0.i0 1.000000 0.954465
DS.d433.s2.i0 1.000000 0.815376
DS.d433.s3.i0 1.000000 0.980502
DS.d433.s0.i0 1.000000 0.977075
DS.d433.s1.i2 1.000000 0.914257
DS.d433.s1.i1 1.000000 0.915118
DS.d433.s1.i0 1.000000 0.887390
DS.d435.s0.i1 1.000000 0.829298
DS.d434.s0.i0 1.000000 0.776680
DS.d437.s0.i0 -1.000000 -0.648827
DS.d437.s0.i1 -1.000000 -0.427222
DS.d437.s0.i2 1.000000 0.417784
DS.d436.s0.i0 1.000000 0.866449
DS.d800.s0.i0 1.000000 0.559455
DS.d802.s0.i0 1.000000 0.584687
DS.d505.s0.i0 -1.000000 -0.652453
DS.d504.s1.i0 1.000000 1.043539
DS.d504.s1.i1 1.000000 1.078242
DS.d504.s0.i0 1.000000 0.859990
DS.d507.s0.i0 1.000000 -0.101838
DS.d507.s0.i1 -1.000000 0.200540
DS.d506.s0.i1 1.000000 0.847943
DS.d506.s0.i0 1.000000 0.849300
DS.d501.s0.i0 1.000000 0.914019
DS.d501.s0.i1 1.000000 0.931945
DS.d500.s0.i0 1.000000 0.742111
DS.d118.s2.i0 1.000000 0.985663
DS.d118.s0.i0 -1.000000 -0.745677
DS.d118.s1.i0 1.000000 0.352186
DS.d119.s0.i1 -1.000000 -0.994641
DS.d119.s0.i0 -1.000000 -0.990865
DS.d119.s0.i2 -1.000000 -0.776351
DS.d116.s0.i2 1.000000 0.909559
DS.d116.s0.i0 1.000000 0.766404
DS.d116.s0.i1 1.000000 0.862487
DS.d117.s3.i2 1.000000 0.983967
DS.d117.s3.i3 1.000000 1.056324
DS.d117.s3.i0 1.000000 0.952725
DS.d117.s3.i1 1.000000 1.009296
DS.d117.s2.i1 -1.000000 -0.566971
DS.d117.s2.i0 1.000000 0.172248
DS.d117.s2.i3 -1.000000 -0.142934
DS.d117.s2.i2 1.000000 0.408815
DS.d117.s1.i0 1.000000 0.318468
DS.d117.s1.i1 -1.000000 -0.384983
DS.d117.s0.i0 1.000000 0.700015
DS.d114.s0.i0 1.000000 0.735001
DS.d582.s0.i0 1.000000 0.369337
DS.d112.s0.i0 -1.000000 -0.731692
DS.d113.s0.i1 -1.000000 0.132209
DS.d113.s0.i0 -1.000000 0.132209
DS.d110.s0.i0 1.000000 0.966064
DS.d111.s0.i1 -1.000000 -0.630740
DS.d111.s0.i0 1.000000 0.573649
DS.d111.s0.i3 1.000000 0.612679
DS.d111.s0.i2 1.000000 0.807429
DS.d111.s0.i5 1.000000 0.824348
DS.d111.s0.i4 -1.000000 -0.121730
DS.d806.s0.i0 -1.000000 -0.778863
DS.d806.s0.i1 -1.000000 -0.761773
DS.d806.s0.i2 -1.000000 -0.753159
DS.d807.s1.i0 1.000000 0.835936
DS.d807.s0.i1 1.000000 0.999310
DS.d807.s0.i0 1.000000 1.001982
DS.d626.s2.i0 1.000000 1.354429
DS.d626.s3.i0 1.000000 0.900245
DS.d626.s0.i0 1.000000 1.325950
DS.d626.s1.i0 1.000000 0.792951
DS.d44.s0.i9 -1.000000 -0.901853
DS.d44.s0.i8 -1.000000 -0.871225
DS.d44.s0.i5 -1.000000 -1.000346
DS.d44.s0.i4 -1.000000 -1.135771
DS.d44.s0.i7 -1.000000 -0.911297
DS.d44.s0.i6 -1.000000 -0.937960
DS.d44.s0.i1 -1.000000 -1.000593
DS.d44.s0.i0 -1.000000 -1.029406
DS.d44.s0.i3 -1.000000 -1.072441
DS.d44.s0.i2 -1.000000 -0.917515
DS.d44.s0.i15 -1.000000 -1.050452
DS.d44.s0.i14 -1.000000 -1.009807
DS.d44.s0.i17 -1.000000 -1.071063
DS.d44.s0.i16 -1.000000 -0.972606
DS.d44.s0.i11 -1.000000 -1.021965
DS.d44.s0.i10 -1.000000 -0.913915
DS.d44.s0.i13 -1.000000 -1.104957
DS.d44.s0.i12 -1.000000 -1.138849
DS.d479.s0.i0 1.000000 0.921240
DS.d397.s0.i1 -1.000000 -0.474884
DS.d397.s0.i0 -1.000000 -0.264564
DS.d397.s0.i2 1.000000 -0.196063
DS.d478.s0.i0 1.000000 1.082154
DS.d611.s0.i0 1.000000 1.024175
DS.d610.s0.i0 1.000000 0.949953
DS.d613.s0.i0 1.000000 0.830024
DS.d612.s0.i1 1.000000 0.937994
DS.d612.s0.i0 1.000000 0.844780
DS.d615.s0.i0 1.000000 0.870858
DS.d614.s0.i5 1.000000 0.398703
DS.d614.s0.i4 -1.000000 0.583879
DS.d614.s0.i3 1.000000 0.674476
DS.d614.s0.i2 1.000000 0.849554
DS.d614.s0.i1 1.000000 0.811811
DS.d614.s0.i0 1.000000 0.646618
DS.d617.s0.i0 1.000000 0.895445
DS.d617.s1.i9 -1.000000 -1.064642
DS.d617.s1.i8 -1.000000 -1.093778
DS.d617.s1.i3 -1.000000 -1.063717
DS.d617.s1.i2 -1.000000 -1.048917
DS.d617.s1.i1 -1.000000 -0.766878
DS.d617.s1.i0 -1.000000 -0.955389
DS.d617.s1.i7 -1.000000 -0.991567
DS.d617.s1.i6 -1.000000 -1.119550
DS.d617.s1.i5 -1.000000 -1.031796
DS.d617.s1.i4 -1.000000 -1.089300
DS.d616.s1.i0 1.000000 -0.047787
DS.d616.s1.i1 -1.000000 -0.118758
DS.d616.s0.i1 -1.000000 -1.079840
DS.d616.s0.i0 -1.000000 -0.959859
DS.d616.s0.i3 -1.000000 -0.838091
DS.d616.s0.i2 -1.000000 -1.002003
DS.d616.s0.i5 -1.000000 -0.916342
DS.d616.s0.i4 -1.000000 -0.993096
DS.d616.s0.i7 -1.000000 -0.976744
DS.d616.s0.i6 -1.000000 -1.030919
DS.d616.s0.i9 -1.000000 -1.144196
DS.d616.s0.i8 -1.000000 -0.970187
DS.d616.s0.i19 -1.000000 -1.048487
DS.d616.s0.i18 -1.000000 -0.903592
DS.d616.s0.i11 -1.000000 -0.970779
DS.d616.s0.i10 -1.000000 -1.051077
DS.d616.s0.i13 -1.000000 -0.923629
DS.d616.s0.i12 -1.000000 -0.886567
DS.d616.s0.i15 -1.000000 -0.861518
DS.d616.s0.i14 -1.000000 -1.102498
DS.d616.s0.i17 -1.000000 -0.958602
DS.d616.s0.i16 -1.000000 -1.203216
DS.d616.s2.i1 1.000000 0.795676
DS.d616.s2.i0 1.000000 0.836692
DS.d619.s0.i0 1.000000 1.007182
DS.d618.s1.i0 -1.000000 0.428827
DS.d618.s0.i1 1.000000 0.495583
DS.d618.s0.i0 1.000000 0.312783
DS.d752.s0.i0 1.000000 0.749843
DS.d753.s1.i0 1.000000 0.856823
DS.d753.s1.i1 1.000000 0.806690
DS.d753.s0.i0 1.000000 0.663354
DS.d753.s2.i1 -1.000000 -0.986016
DS.d753.s2.i0 -1.000000 -0.682678
DS.d754.s0.i2 1.000000 1.103243
DS.d754.s0.i0 1.000000 0.877575
DS.d754.s0.i1 1.000000 0.949000
DS.d756.s0.i0 1.000000 1.024722
DS.d756.s0.i1 1.000000 0.780966
DS.d757.s1.i0 1.000000 0.868575
DS.d757.s0.i0 1.000000 0.461878
DS.d29.s0.i10 -1.000000 -0.906999
DS.d29.s0.i11 -1.000000 -0.933605
DS.d29.s0.i2 -1.000000 -1.078420
DS.d29.s0.i3 -1.000000 -1.050763
DS.d29.s0.i0 -1.000000 -0.920488
DS.d29.s0.i1 -1.000000 -0.898213
DS.d29.s0.i6 -1.000000 -0.964013
DS.d29.s0.i7 -1.000000 -0.982539
DS.d29.s0.i4 -1.000000 -0.927767
DS.d29.s0.i5 -1.000000 -0.861415
DS.d29.s0.i8 -1.000000 -1.092108
DS.d29.s0.i9 -1.000000 -1.052196
DS.d28.s1.i0 1.000000 1.020615
DS.d28.s1.i1 1.000000 1.158026
DS.d28.s0.i2 1.000000 0.810262
DS.d28.s0.i1 1.000000 1.034630
DS.d28.s0.i0 1.000000 0.793279
DS.d21.s0.i0 1.000000 0.158252
DS.d20.s0.i0 -1.000000 -0.662054
DS.d23.s0.i10 -1.000000 -1.068938
DS.d23.s0.i11 -1.000000 -0.899643
DS.d23.s0.i4 -1.000000 -1.062187
DS.d23.s0.i5 -1.000000 -0.968300
DS.d23.s0.i6 -1.000000 -0.815216
DS.d23.s0.i7 -1.000000 -0.960964
DS.d23.s0.i0 -1.000000 -0.889418
DS.d23.s0.i1 -1.000000 -1.037915
DS.d23.s0.i2 -1.000000 -0.906386
DS.d23.s0.i3 -1.000000 -0.837190
DS.d23.s0.i12 -1.000000 -1.073428
DS.d23.s0.i8 -1.000000 -1.160299
DS.d23.s0.i9 -1.000000 -1.074990
DS.d23.s0.i13 -1.000000 -0.955874
DS.d22.s1.i0 -1.000000 -0.590207
DS.d22.s0.i1 -1.000000 -0.881877
DS.d22.s0.i0 -1.000000 -0.810331
DS.d22.s0.i2 -1.000000 -0.879987
DS.d25.s0.i0 1.000000 0.875150
DS.d25.s1.i0 1.000000 1.122381
DS.d24.s1.i0 1.000000 0.752575
DS.d24.s0.i0 -1.000000 -0.852318
DS.d27.s2.i0 1.000000 0.815983
DS.d27.s0.i0 -1.000000 -1.022612
DS.d27.s0.i1 -1.000000 -1.020328
DS.d27.s0.i2 -1.000000 -1.098179
DS.d27.s1.i1 1.000000 0.913690
DS.d27.s1.i0 1.000000 0.880706
DS.d26.s0.i1 1.000000 0.781363
DS.d26.s0.i0 1.000000 0.948632
DS.d26.s0.i3 1.000000 0.762443
DS.d26.s0.i2 1.000000 1.041730
DS.d26.s0.i5 1.000000 0.875628
DS.d26.s0.i4 1.000000 0.859051
DS.d209.s1.i0 -1.000000 -0.246040
DS.d209.s1.i1 1.000000 0.030220
DS.d209.s0.i1 -1.000000 -0.920106
DS.d209.s0.i0 -1.000000 -0.932061
DS.d209.s0.i2 -1.000000 -0.963077
DS.d202.s0.i0 1.000000 0.570315
DS.d203.s0.i1 1.000000 0.966315
DS.d203.s0.i0 1.000000 0.862823
DS.d200.s0.i0 1.000000 0.445557
DS.d200.s0.i1 -1.000000 -0.434169
DS.d201.s0.i5 1.000000 0.912849
DS.d201.s0.i4 1.000000 0.900312
DS.d201.s0.i7 1.000000 0.941618
DS.d201.s0.i6 1.000000 1.001698
DS.d201.s0.i1 1.000000 1.043118
DS.d201.s0.i0 1.000000 0.969056
DS.d201.s0.i3 1.000000 0.987890
DS.d201.s0.i2 1.000000 0.870490
DS.d201.s0.i8 1.000000 1.174282
DS.d206.s0.i6 1.000000 1.017741
DS.d206.s0.i7 1.000000 0.898143
DS.d206.s0.i4 1.000000 0.969846
DS.d206.s0.i5 1.000000 0.999525
DS.d206.s0.i2 1.000000 0.981979
DS.d206.s0.i3 1.000000 0.988044
DS.d206.s0.i0 1.000000 0.976533
DS.d206.s0.i1 1.000000 0.909607
DS.d207.s0.i0 1.000000 0.651675
DS.d204.s0.i0 1.000000 1.095725
DS.d204.s0.i1 1.000000 0.622055
DS.d205.s0.i1 -1.000000 -0.985059
DS.d205.s0.i0 -1.000000 -0.946729
DS.d205.s0.i2 -1.000000 -0.979832
DS.d627.s0.i0 1.000000 0.616942
DS.d472.s0.i1 1.000000 0.998668
DS.d472.s0.i0 1.000000 1.031089
DS.d376.s0.i0 -1.000000 -0.681957
DS.d376.s0.i1 1.000000 0.799608
DS.d376.s1.i1 -1.000000 -0.882286
DS.d376.s1.i2 -1.000000 -0.999985
DS.d377.s1.i0 1.000000 0.867902
DS.d377.s1.i1 1.000000 0.896385
DS.d377.s0.i2 1.000000 0.966743
DS.d377.s0.i1 1.000000 0.956321
DS.d377.s0.i0 1.000000 0.965229
DS.d374.s0.i0 1.000000 0.935388
DS.d374.s1.i1 1.000000 1.121143
DS.d374.s1.i0 1.000000 1.045026
DS.d375.s5.i2 1.000000 0.531547
DS.d375.s5.i3 1.000000 0.692444
DS.d375.s5.i0 1.000000 0.655643
DS.d375.s5.i1 -1.000000 0.480108
DS.d375.s4.i1 1.000000 0.894355
DS.d375.s4.i0 1.000000 1.002147
DS.d375.s1.i0 1.000000 0.672653
DS.d375.s0.i1 1.000000 1.016505
DS.d375.s0.i0 1.000000 1.061923
DS.d375.s0.i2 1.000000 0.982389
DS.d375.s3.i0 1.000000 1.178944
DS.d375.s3.i1 1.000000 0.881946
DS.d375.s3.i2 1.000000 0.881946
DS.d375.s3.i3 1.000000 1.178944
DS.d375.s2.i0 1.000000 1.437541
DS.d372.s0.i0 1.000000 0.883253
DS.d372.s0.i1 1.000000 0.964857
DS.d372.s1.i1 -1.000000 -0.475585
DS.d372.s1.i0 1.000000 0.461055
DS.d372.s1.i3 -1.000000 -0.467928
DS.d372.s1.i2 1.000000 0.458984
DS.d373.s0.i0 1.000000 0.770689
DS.d370.s0.i0 1.000000 0.808052
DS.d371.s0.i0 1.000000 0.965454
DS.d371.s0.i2 1.000000 1.012192
DS.d474.s0.i0 -1.000000 -0.556038
DS.d477.s0.i0 1.000000 0.802593
DS.d476.s0.i1 1.000000 0.971547
DS.d476.s0.i0 1.000000 1.018694
DS.d471.s0.i4 1.000000 0.932797
DS.d471.s0.i5 1.000000 0.928476
DS.d471.s0.i2 1.000000 0.972649
DS.d471.s0.i3 1.000000 0.972211
DS.d471.s0.i0 1.000000 1.028585
DS.d471.s0.i1 1.000000 0.950114
DS.d470.s0.i0 1.000000 0.827255
DS.d378.s0.i0 -1.000000 -0.962639
DS.d378.s0.i1 -1.000000 -0.799393
DS.d378.s0.i2 -1.000000 -1.060086
DS.d378.s0.i3 -1.000000 -0.949590
DS.d378.s1.i0 -1.000000 0.013523
DS.d379.s0.i1 -1.000000 -0.931204
DS.d379.s0.i0 -1.000000 -0.865824
DS.d279.s6.i2 -1.000000 -0.953339
DS.d279.s6.i0 -1.000000 -0.850377
DS.d279.s6.i1 -1.000000 -0.850377
DS.d279.s7.i1 -1.000000 -0.653922
DS.d279.s7.i0 1.000000 0.320876
DS.d279.s7.i2 -1.000000 -0.664062
DS.d279.s4.i0 1.000000 0.803201
DS.d279.s5.i0 1.000000 0.934267
DS.d279.s2.i0 1.000000 0.592848
DS.d279.s2.i1 -1.000000 0.047530
DS.d279.s3.i1 -1.000000 -0.777361
DS.d279.s3.i0 1.000000 0.761774
DS.d279.s0.i0 1.000000 1.063535
DS.d279.s1.i1 -1.000000 -0.477652
DS.d279.s1.i0 1.000000 0.431825
DS.d279.s8.i0 -1.000000 -0.899418
DS.d279.s8.i1 -1.000000 -0.861685
DS.d279.s9.i1 1.000000 0.304396
DS.d279.s9.i0 1.000000 1.450756
DS.d278.s0.i3 -1.000000 -0.956453
DS.d278.s0.i2 -1.000000 -0.924417
DS.d277.s0.i0 1.000000 0.875678
DS.d276.s0.i2 -1.000000 -0.791590
DS.d276.s0.i1 -1.000000 -0.790392
DS.d274.s0.i0 1.000000 0.628489
DS.d273.s0.i0 -1.000000 -0.108932
DS.d273.s1.i1 1.000000 0.116492
DS.d273.s1.i0 -1.000000 -0.348938
DS.d272.s3.i0 1.000000 0.776896
DS.d272.s2.i0 1.000000 1.019615
DS.d272.s1.i0 1.000000 0.709766
DS.d272.s1.i1 1.000000 0.742255
DS.d272.s1.i2 1.000000 0.797994
DS.d272.s0.i2 1.000000 0.842456
DS.d272.s0.i1 1.000000 0.853481
DS.d272.s0.i0 1.000000 0.813991
DS.d272.s4.i0 -1.000000 -0.860040
DS.d271.s0.i0 -1.000000 -0.670098
DS.d328.s1.i0 1.000000 0.952389
DS.d328.s1.i1 1.000000 1.000036
DS.d328.s0.i0 -1.000000 -0.917972
DS.d270.s0.i0 1.000000 0.870631
DS.d152.s0.i0 1.000000 0.983050
DS.d152.s0.i1 1.000000 0.724593
DS.d152.s1.i0 1.000000 0.936639
DS.d153.s0.i1 1.000000 0.065083
DS.d153.s0.i0 -1.000000 -0.222951
DS.d156.s0.i0 -1.000000 -0.786633
DS.d156.s0.i1 -1.000000 -0.808533
DS.d154.s0.i0 -1.000000 -0.884625
DS.d154.s0.i1 -1.000000 -0.936436
DS.d155.s0.i1 1.000000 0.875052
DS.d155.s0.i0 1.000000 0.857983
DS.d155.s0.i2 1.000000 0.935587
DS.d158.s0.i0 1.000000 0.891849
DS.d158.s0.i1 1.000000 0.849736
DS.d159.s0.i5 1.000000 -0.549310
DS.d159.s0.i4 -1.000000 -0.730021
DS.d159.s0.i1 -1.000000 -0.755801
DS.d159.s0.i0 -1.000000 -0.667638
DS.d159.s0.i3 -1.000000 -0.523694
DS.d159.s0.i2 -1.000000 -0.732401
DS.d576.s2.i0 1.000000 0.763504
DS.d576.s2.i1 1.000000 0.905341
DS.d576.s0.i0 -1.000000 -0.245977
DS.d576.s0.i1 1.000000 -0.127709
DS.d576.s0.i2 -1.000000 -0.225519
DS.d576.s1.i1 1.000000 0.475792
DS.d577.s0.i1 -1.000000 -0.941594
DS.d577.s0.i0 -1.000000 -0.962293
DS.d577.s0.i2 -1.000000 -0.981170
DS.d323.s0.i0 1.000000 0.714527
DS.d134.s0.i0 1.000000 0.973344
DS.d134.s0.i1 1.000000 0.829529
DS.d388.s0.i1 -1.000000 -0.760900
DS.d388.s0.i0 -1.000000 -0.785380
DS.d135.s1.i0 1.000000 -0.094798
DS.d135.s1.i1 -1.000000 -0.232779
DS.d135.s1.i2 -1.000000 -0.569442
DS.d135.s0.i1 -1.000000 -0.833626
DS.d135.s0.i0 -1.000000 -0.868564
DS.d382.s0.i0 1.000000 0.920292
DS.d381.s0.i4 -1.000000 -0.791037
DS.d381.s0.i5 -1.000000 -0.747462
DS.d381.s0.i0 -1.000000 -0.776292
DS.d381.s0.i2 1.000000 0.778191
DS.d381.s0.i3 1.000000 0.723213
DS.d381.s1.i0 1.000000 0.713404
DS.d380.s1.i8 -1.000000 -0.922013
DS.d380.s1.i3 -1.000000 -0.938480
DS.d380.s1.i1 -1.000000 -0.966308
DS.d380.s1.i6 -1.000000 -1.061195
DS.d380.s1.i4 -1.000000 -1.015713
DS.d380.s1.i5 -1.000000 -1.048969
DS.d380.s0.i4 -1.000000 -1.049124
DS.d380.s0.i6 -1.000000 -0.870793
DS.d380.s0.i9 -1.000000 -0.902167
DS.d380.s0.i0 -1.000000 -1.069122
DS.d380.s0.i3 -1.000000 -0.867662
DS.d380.s2.i2 1.000000 0.860342
DS.d380.s2.i0 1.000000 0.861599
DS.d380.s2.i5 1.000000 0.929603
DS.d387.s0.i0 1.000000 0.894143
DS.d387.s0.i1 1.000000 0.852660
DS.d386.s2.i1 1.000000 0.771571
DS.d386.s2.i0 1.000000 1.043116
DS.d386.s1.i0 1.000000 1.042333
DS.d386.s1.i1 1.000000 0.966077
DS.d386.s0.i0 1.000000 0.657198
DS.d385.s2.i0 -1.000000 -0.251244
DS.d385.s0.i0 1.000000 1.039195
DS.d385.s0.i1 1.000000 0.732929
DS.d385.s1.i0 1.000000 0.906584
DS.d384.s0.i1 -1.000000 -0.484931
DS.d384.s0.i0 1.000000 0.712470
DS.d384.s0.i2 1.000000 0.712470
DS.d137.s1.i0 -1.000000 0.192289
DS.d137.s0.i0 -1.000000 -0.548021
DS.d130.s0.i8 1.000000 1.083230
DS.d130.s0.i9 1.000000 1.010877
DS.d130.s0.i6 1.000000 0.997986
DS.d130.s0.i7 1.000000 1.086528
DS.d130.s0.i4 1.000000 1.014483
DS.d130.s0.i5 1.000000 0.748566
DS.d130.s0.i2 1.000000 0.817109
DS.d130.s0.i3 1.000000 0.975015
DS.d130.s0.i0 1.000000 0.939655
DS.d130.s0.i1 1.000000 1.020982
DS.d131.s0.i0 1.000000 0.727006
DS.d132.s0.i0 -1.000000 -0.953786
DS.d133.s1.i0 -1.000000 -0.391091
DS.d133.s0.i0 1.000000 0.163161
DS.d133.s3.i0 1.000000 1.035661
DS.d133.s2.i0 1.000000 1.029320
DS.d127.s0.i0 -1.000000 -0.508668
DS.d126.s0.i0 1.000000 0.796813
DS.d125.s0.i0 -1.000000 -0.051260
DS.d125.s0.i1 1.000000 0.593668
DS.d124.s0.i5 1.000000 0.967025
DS.d124.s0.i4 1.000000 0.866799
DS.d124.s0.i1 1.000000 1.050575
DS.d124.s0.i0 1.000000 0.951907
DS.d124.s0.i3 1.000000 0.978724
DS.d124.s0.i2 1.000000 0.871479
DS.d123.s0.i0 -1.000000 -0.822430
DS.d122.s0.i0 1.000000 0.926466
DS.d121.s2.i0 1.000000 0.822586
DS.d121.s0.i0 1.000000 1.202662
DS.d121.s0.i1 1.000000 0.496884
DS.d121.s1.i3 -1.000000 -0.905552
DS.d121.s1.i2 -1.000000 -0.906286
DS.d121.s1.i1 -1.000000 -0.872786
DS.d121.s1.i0 -1.000000 -0.955276
DS.d120.s0.i1 -1.000000 -0.886923
DS.d120.s0.i0 -1.000000 -0.912462
DS.d120.s0.i3 -1.000000 -1.067524
DS.d120.s0.i2 -1.000000 -0.935516
DS.d120.s0.i5 -1.000000 -0.969925
DS.d120.s0.i4 -1.000000 -1.031870
DS.d796.s0.i4 -1.000000 -0.870012
DS.d796.s0.i5 -1.000000 -0.973638
DS.d796.s0.i0 -1.000000 -0.973638
DS.d796.s0.i1 -1.000000 -0.870012
DS.d796.s0.i2 -1.000000 -0.973638
DS.d796.s0.i3 -1.000000 -0.973638
DS.d796.s1.i2 1.000000 0.712130
DS.d796.s1.i1 1.000000 0.933098
DS.d796.s1.i0 1.000000 0.960052
DS.d797.s1.i1 1.000000 0.926136
DS.d797.s0.i0 1.000000 0.918002
DS.d659.s0.i0 1.000000 1.056961
DS.d658.s0.i0 1.000000 0.952253
DS.d129.s0.i0 1.000000 0.862340
DS.d128.s0.i0 1.000000 0.734984
DS.d497.s0.i0 1.000000 0.884125
DS.d497.s1.i1 1.000000 0.825446
DS.d497.s1.i0 1.000000 0.866309
DS.d496.s1.i0 1.000000 1.126702
DS.d496.s0.i1 -1.000000 -0.735209
DS.d496.s0.i0 -1.000000 -0.841974
DS.d495.s0.i0 1.000000 0.805576
DS.d494.s0.i1 1.000000 1.111309
DS.d494.s0.i0 1.000000 1.202928
DS.d493.s1.i0 1.000000 0.974013
DS.d492.s3.i0 1.000000 0.145836
DS.d492.s2.i0 1.000000 0.941307
DS.d492.s1.i0 1.000000 0.816893
DS.d492.s1.i1 1.000000 1.036816
DS.d492.s1.i2 1.000000 0.995752
DS.d492.s0.i1 -1.000000 -0.060795
DS.d492.s0.i0 1.000000 0.196987
DS.d491.s0.i0 1.000000 0.885977
DS.d491.s0.i1 1.000000 0.759728
DS.d491.s1.i0 -1.000000 -0.707335
DS.d559.s0.i1 -1.000000 -0.898395
DS.d559.s0.i0 -1.000000 -1.025260
DS.d559.s0.i3 -1.000000 -1.052582
DS.d559.s0.i2 -1.000000 -0.984747
DS.d557.s0.i0 1.000000 1.053743
DS.d554.s0.i0 -1.000000 -0.804713
DS.d554.s0.i1 -1.000000 -1.039061
DS.d554.s0.i2 -1.000000 -0.840990
DS.d555.s1.i0 -1.000000 -0.565307
DS.d555.s0.i0 1.000000 0.859136
DS.d552.s0.i2 1.000000 1.004624
DS.d552.s0.i3 1.000000 0.898668
DS.d552.s0.i0 1.000000 0.948037
DS.d552.s0.i1 1.000000 1.050792
DS.d553.s0.i1 1.000000 0.902259
DS.d553.s0.i0 1.000000 0.987665
DS.d499.s0.i0 1.000000 0.673798
DS.d498.s0.i1 1.000000 0.469827
DS.d498.s0.i0 1.000000 0.469827
DS.d692.s0.i1 1.000000 0.974585
DS.d692.s0.i0 1.000000 0.970046
DS.d486.s0.i16 -1.000000 -0.984589
DS.d486.s0.i17 -1.000000 -0.943812
DS.d486.s0.i14 -1.000000 -0.930087
DS.d486.s0.i15 -1.000000 -1.045763
DS.d486.s0.i12 -1.000000 -1.020804
DS.d486.s0.i13 -1.000000 -0.911133
DS.d486.s0.i10 -1.000000 -1.045088
DS.d486.s0.i11 -1.000000 -0.998867
DS.d486.s0.i18 -1.000000 -1.047504
DS.d486.s0.i19 -1.000000 -1.025764
DS.d486.s0.i4 -1.000000 -0.943462
DS.d486.s0.i5 -1.000000 -1.067031
DS.d486.s0.i6 -1.000000 -1.021926
DS.d486.s0.i7 -1.000000 -1.000663
DS.d486.s0.i0 -1.000000 -1.027574
DS.d486.s0.i1 -1.000000 -0.952608
DS.d486.s0.i2 -1.000000 -0.929526
DS.d486.s0.i3 -1.000000 -1.050081
DS.d486.s0.i8 -1.000000 -1.045618
DS.d486.s0.i9 -1.000000 -1.038321
DS.d486.s0.i29 -1.000000 -0.994135
DS.d486.s0.i28 -1.000000 -1.005133
DS.d486.s0.i27 -1.000000 -0.846187
DS.d486.s0.i26 -1.000000 -0.983835
DS.d486.s0.i25 -1.000000 -0.906174
DS.d486.s0.i24 -1.000000 -0.978887
DS.d486.s0.i23 -1.000000 -1.001830
DS.d486.s0.i22 -1.000000 -1.041409
DS.d486.s0.i21 -1.000000 -0.975238
DS.d486.s0.i20 -1.000000 -1.027201
DS.d486.s0.i30 -1.000000 -1.013619
DS.d486.s0.i31 -1.000000 -1.022884
DS.d486.s0.i32 -1.000000 -1.006034
DS.d486.s0.i33 -1.000000 -0.933700
DS.d486.s0.i34 -1.000000 -1.046658
DS.d486.s0.i35 -1.000000 -1.010399
DS.d486.s1.i1 1.000000 0.870818
DS.d486.s1.i0 1.000000 0.800300
DS.d704.s0.i5 -1.000000 -0.455198
DS.d704.s0.i4 1.000000 0.579990
DS.d704.s0.i1 1.000000 0.702444
DS.d704.s0.i0 -1.000000 -0.427350
DS.d704.s0.i3 1.000000 0.597318
DS.d704.s0.i2 1.000000 0.721021
DS.d481.s0.i1 1.000000 0.920310
DS.d481.s0.i0 1.000000 0.932142
DS.d721.s0.i2 -1.000000 -0.699568
DS.d721.s0.i3 1.000000 -0.423371
DS.d721.s0.i0 -1.000000 -0.752332
DS.d721.s0.i1 -1.000000 -0.617545
DS.d721.s0.i4 -1.000000 -0.587946
DS.d721.s0.i5 -1.000000 -0.685387
DS.d699.s0.i0 1.000000 1.002129
DS.d699.s0.i1 1.000000 1.002129
DS.d699.s1.i1 -1.000000 -0.560422
DS.d699.s1.i0 1.000000 -0.129968
DS.d699.s1.i2 -1.000000 -0.525294
DS.d699.s2.i0 1.000000 0.481647
DS.d723.s0.i0 1.000000 0.908082
DS.d722.s0.i1 1.000000 -0.036434
DS.d722.s0.i0 -1.000000 -0.136124
DS.d725.s0.i0 1.000000 1.015255
DS.d725.s1.i1 1.000000 1.049920
DS.d725.s1.i0 1.000000 1.049920
DS.d725.s1.i2 1.000000 1.101031
DS.d724.s0.i2 1.000000 0.111125
DS.d724.s0.i1 1.000000 0.623129
DS.d724.s0.i0 -1.000000 0.128168
DS.d698.s1.i0 1.000000 0.786177
DS.d698.s0.i0 1.000000 0.915264
DS.d729.s0.i0 1.000000 0.428173
DS.d728.s0.i0 1.000000 0.797475
DS.d483.s1.i0 1.000000 0.766649
DS.d483.s0.i0 -1.000000 -0.744176
DS.d169.s0.i0 1.000000 1.101530
DS.d169.s0.i1 1.000000 1.025471
DS.d169.s1.i5 1.000000 0.973785
DS.d169.s1.i4 1.000000 1.006190
DS.d169.s1.i3 1.000000 0.909228
DS.d169.s1.i2 1.000000 0.875923
DS.d169.s1.i1 1.000000 0.979924
DS.d169.s1.i0 1.000000 0.898819
DS.d50.s0.i0 1.000000 0.991795
DS.d51.s0.i2 -1.000000 -0.874391
DS.d51.s0.i1 -1.000000 -0.849968
DS.d51.s0.i0 -1.000000 -1.024650
DS.d52.s2.i0 1.000000 0.747806
DS.d52.s0.i0 1.000000 0.584995
DS.d52.s1.i0 1.000000 0.924857
DS.d511.s0.i1 -1.000000 -0.901765
DS.d511.s0.i0 -1.000000 -0.702657
DS.d54.s0.i0 1.000000 0.623174
DS.d55.s0.i0 1.000000 0.930000
DS.d56.s0.i0 1.000000 0.919459
DS.d57.s0.i0 1.000000 0.820323
DS.d58.s0.i0 1.000000 0.919523
DS.d58.s1.i1 1.000000 0.955398
DS.d58.s1.i0 1.000000 0.598496
DS.d58.s2.i0 1.000000 1.061804
DS.d58.s3.i0 1.000000 1.113284
DS.d59.s0.i39 -1.000000 -0.964407
DS.d59.s0.i28 -1.000000 -1.023021
DS.d59.s0.i29 -1.000000 -0.979584
DS.d59.s0.i40 -1.000000 -1.023515
DS.d59.s0.i38 -1.000000 -1.031281
DS.d59.s0.i22 -1.000000 -1.056088
DS.d59.s0.i23 -1.000000 -0.970740
DS.d59.s0.i20 -1.000000 -1.044346
DS.d59.s0.i21 -1.000000 -1.049284
DS.d59.s0.i26 -1.000000 -1.037928
DS.d59.s0.i27 -1.000000 -0.989061
DS.d59.s0.i24 -1.000000 -0.945765
DS.d59.s0.i25 -1.000000 -0.951479
DS.d59.s0.i43 -1.000000 -1.034398
DS.d59.s0.i44 -1.000000 -0.950237
DS.d59.s0.i42 -1.000000 -1.031630
DS.d59.s0.i17 -1.000000 -1.029803
DS.d59.s0.i16 -1.000000 -0.976443
DS.d59.s0.i15 -1.000000 -0.879438
DS.d59.s0.i14 -1.000000 -0.959825
DS.d59.s0.i13 -1.000000 -0.982060
DS.d59.s0.i12 -1.000000 -1.017569
DS.d59.s0.i11 -1.000000 -1.028091
DS.d59.s0.i10 -1.000000 -1.029196
DS.d59.s0.i31 -1.000000 -0.966696
DS.d59.s0.i30 -1.000000 -1.016971
DS.d59.s0.i33 -1.000000 -1.027682
DS.d59.s0.i32 -1.000000 -0.967966
DS.d59.s0.i35 -1.000000 -1.029592
DS.d59.s0.i34 -1.000000 -0.967249
DS.d59.s0.i19 -1.000000 -0.950669
DS.d59.s0.i18 -1.000000 -0.953895
DS.d59.s0.i37 -1.000000 -0.972915
DS.d59.s0.i36 -1.000000 -1.053117
DS.d59.s0.i41 -1.000000 -1.008695
DS.d59.s0.i3 -1.000000 -0.972422
DS.d59.s0.i2 -1.000000 -0.960572
DS.d59.s0.i1 -1.000000 -0.885815
DS.d59.s0.i0 -1.000000 -1.052150
DS.d59.s0.i7 -1.000000 -1.034094
DS.d59.s0.i6 -1.000000 -0.965738
DS.d59.s0.i5 -1.000000 -1.009419
DS.d59.s0.i4 -1.000000 -1.058434
DS.d59.s0.i9 -1.000000 -1.036550
DS.d59.s0.i8 -1.000000 -1.036301
DS.d232.s2.i0 -1.000000 -0.755093
DS.d232.s1.i0 1.000000 0.783863
DS.d232.s1.i1 1.000000 0.976460
DS.d232.s1.i2 1.000000 0.986334
DS.d232.s1.i3 1.000000 1.090312
DS.d232.s0.i3 -1.000000 -0.989171
DS.d232.s0.i2 -1.000000 -0.999714
DS.d232.s0.i1 -1.000000 -0.910909
DS.d232.s0.i0 -1.000000 -1.022892
DS.d232.s0.i5 -1.000000 -0.860040
DS.d232.s0.i4 -1.000000 -0.875384
DS.d231.s0.i0 -1.000000 -0.683851
DS.d230.s0.i1 1.000000 0.998014
DS.d230.s0.i0 1.000000 1.009210
DS.d230.s0.i3 1.000000 0.963297
DS.d230.s0.i2 1.000000 0.978050
DS.d237.s0.i8 1.000000 1.070442
DS.d237.s0.i9 1.000000 0.908091
DS.d237.s0.i6 1.000000 1.065124
DS.d237.s0.i7 1.000000 1.042944
DS.d237.s0.i4 1.000000 0.930169
DS.d237.s0.i5 1.000000 0.848069
DS.d237.s0.i2 1.000000 0.876290
DS.d237.s0.i3 1.000000 1.116668
DS.d237.s0.i0 1.000000 1.063559
DS.d237.s0.i1 1.000000 1.109532
DS.d237.s0.i10 1.000000 0.937678
DS.d237.s0.i11 1.000000 0.813410
DS.d237.s0.i12 1.000000 0.842096
DS.d237.s0.i13 1.000000 0.903078
DS.d236.s0.i2 -1.000000 -1.096416
DS.d236.s0.i1 -1.000000 -0.979511
DS.d236.s0.i0 -1.000000 -0.575024
DS.d235.s0.i0 1.000000 0.903688
DS.d235.s1.i1 -1.000000 -0.808679
DS.d235.s1.i0 -1.000000 -0.770342
DS.d234.s0.i0 1.000000 1.288632
DS.d332.s0.i0 1.000000 0.724825
DS.d333.s0.i0 1.000000 0.990214
DS.d239.s2.i2 1.000000 1.094340
DS.d239.s2.i0 1.000000 0.907499
DS.d239.s2.i1 1.000000 0.917106
DS.d239.s0.i0 1.000000 1.028276
DS.d239.s0.i1 1.000000 0.927244
DS.d239.s1.i0 1.000000 0.830430
DS.d238.s0.i0 -1.000000 -0.568986
DS.d336.s0.i0 1.000000 0.969166
DS.d337.s0.i0 1.000000 0.916513
DS.d334.s0.i0 1.000000 0.937514
DS.d334.s1.i0 -1.000000 -0.790628
DS.d335.s0.i0 1.000000 0.785533
DS.d691.s0.i0 1.000000 0.773496
DS.d690.s6.i0 -1.000000 -0.489594
DS.d690.s5.i0 1.000000 0.865216
DS.d690.s5.i1 1.000000 0.900288
DS.d690.s5.i2 1.000000 1.141904
DS.d690.s5.i3 1.000000 0.989878
DS.d690.s4.i0 -1.000000 -0.955983
DS.d690.s3.i0 1.000000 1.049567
DS.d690.s2.i0 1.000000 0.905411
DS.d690.s1.i0 1.000000 0.790639
DS.d690.s0.i0 1.000000 0.611603
DS.d518.s0.i0 1.000000 1.106020
DS.d160.s0.i5 -1.000000 -0.957534
DS.d160.s0.i4 -1.000000 -0.878403
DS.d160.s0.i1 -1.000000 -1.071800
DS.d160.s0.i0 -1.000000 -0.833931
DS.d160.s0.i3 -1.000000 -1.007329
DS.d160.s0.i2 -1.000000 -1.023231
DS.d695.s0.i0 1.000000 0.618455
DS.d695.s0.i1 1.000000 0.554232
DS.d695.s1.i1 1.000000 0.580972
DS.d695.s1.i0 1.000000 0.812118
DS.d695.s1.i2 -1.000000 -0.550597
DS.d695.s2.i0 1.000000 0.951597
DS.d695.s2.i1 1.000000 0.832889
DS.d166.s0.i0 1.000000 0.597169
DS.d427.s0.i1 1.000000 0.807632
DS.d425.s0.i1 -1.000000 -0.762448
DS.d425.s0.i0 -1.000000 -1.089763
DS.d422.s0.i2 1.000000 0.987171
DS.d422.s0.i0 1.000000 0.941774
DS.d422.s0.i1 1.000000 0.753628
DS.d422.s1.i1 1.000000 0.494678
DS.d422.s1.i0 1.000000 0.455679
DS.d422.s1.i2 -1.000000 0.255296
DS.d423.s1.i0 1.000000 1.047198
DS.d423.s1.i1 1.000000 1.039198
DS.d423.s0.i1 1.000000 0.987485
DS.d423.s0.i0 1.000000 1.036034
DS.d420.s0.i0 1.000000 0.797984
DS.d420.s1.i0 1.000000 0.884138
DS.d421.s1.i0 1.000000 0.662946
DS.d421.s0.i0 -1.000000 -0.361063
DS.d585.s0.i2 -1.000000 -0.791856
DS.d585.s0.i0 -1.000000 -0.887263
DS.d585.s0.i1 -1.000000 -0.918593
DS.d584.s0.i0 1.000000 0.746974
DS.d587.s0.i0 1.000000 0.979836
DS.d586.s0.i0 1.000000 0.915394
DS.d581.s0.i2 1.000000 0.684382
DS.d581.s0.i0 1.000000 0.879808
DS.d581.s0.i1 1.000000 0.929233
DS.d581.s1.i1 1.000000 0.381380
DS.d581.s1.i0 -1.000000 -0.161431
DS.d581.s1.i2 -1.000000 -0.688461
DS.d581.s2.i0 1.000000 0.865661
DS.d581.s2.i1 1.000000 0.994179
DS.d580.s0.i1 -1.000000 -0.071496
DS.d580.s0.i0 1.000000 0.163828
DS.d428.s2.i0 -1.000000 -0.004877
DS.d428.s2.i1 1.000000 0.083382
DS.d428.s0.i1 1.000000 0.762930
DS.d428.s0.i2 1.000000 0.868667
DS.d428.s1.i3 -1.000000 -0.274679
DS.d428.s1.i2 1.000000 0.366944
DS.d428.s1.i1 -1.000000 -0.184205
DS.d428.s1.i0 1.000000 0.268591
DS.d429.s0.i1 -1.000000 -0.907739
DS.d429.s0.i0 -1.000000 -0.698786
DS.d348.s0.i0 -1.000000 -0.603596
DS.d346.s1.i1 1.000000 0.306967
DS.d346.s0.i0 1.000000 0.875177
DS.d345.s2.i2 1.000000 0.984946
DS.d345.s2.i3 1.000000 1.008654
DS.d345.s2.i0 1.000000 1.040326
DS.d345.s2.i1 1.000000 1.056593
DS.d345.s3.i1 1.000000 0.957240
DS.d345.s3.i0 1.000000 0.831242
DS.d345.s3.i2 1.000000 0.880222
DS.d345.s0.i0 1.000000 0.925103
DS.d345.s1.i1 1.000000 0.962671
DS.d345.s1.i0 1.000000 0.952512
DS.d344.s0.i0 -1.000000 -0.654565
DS.d343.s0.i0 1.000000 0.970252
DS.d343.s0.i1 1.000000 0.970252
DS.d342.s0.i1 -1.000000 -0.833243
DS.d342.s0.i0 -1.000000 -0.833243
DS.d341.s2.i0 1.000000 0.522381
DS.d341.s2.i1 -1.000000 -0.282561
DS.d341.s0.i1 1.000000 0.967123
DS.d341.s1.i1 -1.000000 -0.407690
DS.d341.s1.i0 -1.000000 -0.838667
DS.d340.s0.i0 -1.000000 -0.842374
DS.d512.s0.i0 -1.000000 -0.868915
DS.d512.s0.i1 -1.000000 -0.790204
DS.d512.s1.i0 -1.000000 -0.821392
DS.d512.s2.i0 1.000000 0.957445
DS.d512.s2.i1 1.000000 0.961947
DS.d513.s0.i0 1.000000 0.904584
DS.d510.s2.i0 1.000000 0.857847
DS.d510.s0.i0 1.000000 1.063640
DS.d510.s0.i1 1.000000 1.104053
DS.d510.s1.i0 1.000000 0.859156
DS.d168.s0.i0 -1.000000 -0.780144
DS.d516.s0.i0 -1.000000 -0.854663
DS.d516.s0.i1 -1.000000 -0.885129
DS.d517.s0.i1 1.000000 0.760181
DS.d517.s0.i0 1.000000 1.049323
DS.d514.s0.i0 1.000000 0.738004
DS.d514.s1.i0 -1.000000 -0.566354
DS.d163.s0.i2 1.000000 0.786793
DS.d163.s0.i0 1.000000 0.859518
DS.d163.s0.i1 1.000000 1.014341
DS.d162.s1.i0 1.000000 0.678533
DS.d162.s0.i0 1.000000 0.852008
DS.d161.s0.i4 -1.000000 -0.918816
DS.d161.s0.i5 -1.000000 -1.019475
DS.d161.s0.i0 -1.000000 -0.951161
DS.d161.s0.i1 -1.000000 -0.973223
DS.d161.s0.i2 -1.000000 -0.987534
DS.d161.s0.i3 -1.000000 -0.969592
DS.d519.s1.i0 1.000000 1.026501
DS.d519.s0.i1 -1.000000 -0.866040
DS.d519.s0.i0 -1.000000 -0.890827
DS.d519.s0.i3 -1.000000 -0.794960
DS.d519.s0.i2 -1.000000 -0.874372
DS.d519.s2.i1 -1.000000 -0.049977
DS.d519.s2.i0 1.000000 0.245379
DS.d167.s0.i0 -1.000000 -0.648858
DS.d694.s0.i2 -1.000000 -0.736929
DS.d694.s0.i1 -1.000000 -0.858793
DS.d694.s0.i0 -1.000000 -0.664502
DS.d165.s6.i5 1.000000 0.822441
DS.d165.s6.i2 1.000000 0.809571
DS.d165.s6.i3 1.000000 0.735753
DS.d165.s6.i1 1.000000 0.822555
DS.d165.s3.i0 -1.000000 -0.628443
DS.d165.s3.i2 -1.000000 -0.878262
DS.d165.s0.i0 -1.000000 -0.494938
DS.d165.s0.i1 -1.000000 -0.404079
DS.d165.s0.i2 -1.000000 -0.926498
DS.d165.s0.i3 -1.000000 -0.821674
DS.d165.s0.i4 1.000000 -0.015907
DS.d165.s0.i5 1.000000 0.719841
DS.d164.s0.i1 -1.000000 -0.633376
DS.d164.s0.i0 -1.000000 0.069538
DS.d164.s0.i2 -1.000000 -0.367960
DS.d651.s0.i0 -1.000000 -0.909231
DS.d196.s0.i2 1.000000 1.101032
DS.d196.s0.i3 1.000000 1.040851
DS.d196.s0.i0 1.000000 0.708180
DS.d196.s0.i1 1.000000 1.092593
DS.d196.s1.i0 1.000000 0.999712
DS.d194.s0.i0 1.000000 1.115486
DS.d194.s0.i1 1.000000 0.958815
DS.d195.s0.i0 1.000000 0.723182
DS.d192.s0.i0 1.000000 0.752157
DS.d193.s1.i0 1.000000 0.356309
DS.d193.s0.i0 1.000000 0.827877
DS.d190.s0.i0 1.000000 1.027642
DS.d191.s0.i0 -1.000000 -0.803717
DS.d198.s0.i0 1.000000 0.381977
DS.d198.s0.i1 1.000000 0.380144
DS.d198.s1.i3 1.000000 0.948017
DS.d198.s1.i2 1.000000 0.857322
DS.d198.s1.i1 1.000000 0.866056
DS.d198.s1.i0 1.000000 0.855982
DS.d199.s0.i1 1.000000 0.857773
DS.d199.s0.i0 1.000000 0.840249
DS.d706.s0.i0 1.000000 0.812408
DS.d705.s0.i0 1.000000 0.780550
DS.d765.s0.i2 -1.000000 -0.890307
DS.d765.s0.i3 -1.000000 -0.714194
DS.d765.s0.i0 -1.000000 -0.939642
DS.d765.s0.i1 -1.000000 -0.677524
DS.d765.s1.i1 -1.000000 -0.946871
DS.d765.s1.i0 -1.000000 -0.878100
DS.d765.s1.i3 -1.000000 -0.946871
DS.d765.s1.i2 -1.000000 -0.878100
DS.d764.s0.i3 -1.000000 -0.954539
DS.d764.s0.i2 -1.000000 -0.898652
DS.d764.s0.i1 -1.000000 -0.897559
DS.d764.s0.i0 -1.000000 -0.972332
DS.d764.s0.i5 -1.000000 -0.810161
DS.d764.s0.i4 -1.000000 -0.879114
DS.d767.s0.i0 1.000000 0.831041
DS.d766.s0.i1 -1.000000 -0.763153
DS.d766.s0.i0 -1.000000 -1.162026
DS.d766.s0.i3 -1.000000 -0.532412
DS.d766.s0.i2 -1.000000 -0.910865
DS.d760.s1.i0 1.000000 0.918728
DS.d760.s0.i0 1.000000 0.879534
DS.d763.s2.i0 1.000000 0.643492
DS.d763.s0.i0 1.000000 0.863444
DS.d763.s0.i1 1.000000 1.064926
DS.d762.s1.i0 1.000000 0.884905
DS.d762.s0.i1 1.000000 0.844043
DS.d762.s0.i0 1.000000 0.862658
DS.d762.s3.i7 -1.000000 -0.151424
DS.d762.s3.i1 1.000000 0.250389
DS.d762.s3.i2 1.000000 0.191500
DS.d762.s3.i3 -1.000000 -0.159678
DS.d762.s2.i1 1.000000 0.913793
DS.d762.s2.i0 1.000000 0.943139
DS.d762.s4.i1 1.000000 0.906599
DS.d762.s4.i0 1.000000 0.967194
DS.d762.s4.i3 1.000000 0.957120
DS.d762.s4.i2 1.000000 0.924078
DS.d703.s0.i0 1.000000 1.081733
DS.d769.s0.i0 1.000000 0.760141
DS.d768.s0.i1 1.000000 1.012498
DS.d768.s0.i0 1.000000 0.872668
DS.d702.s0.i2 1.000000 1.050710
DS.d702.s0.i1 1.000000 1.082698
DS.d702.s0.i0 1.000000 0.903879
DS.d14.s0.i2 -1.000000 -1.019502
DS.d14.s0.i3 -1.000000 -0.982914
DS.d14.s0.i0 -1.000000 -0.908551
DS.d14.s0.i1 -1.000000 -0.871217
DS.d14.s1.i1 -1.000000 -0.583315
DS.d14.s1.i0 -1.000000 -0.543117
DS.d566.s0.i1 1.000000 0.876308
DS.d566.s0.i0 1.000000 0.730687
DS.d16.s0.i0 1.000000 0.953088
DS.d17.s1.i0 -1.000000 -0.507481
DS.d17.s0.i1 -1.000000 -0.711574
DS.d17.s0.i0 -1.000000 -1.023614
DS.d10.s0.i0 1.000000 0.652091
DS.d11.s0.i1 1.000000 0.955894
DS.d11.s0.i0 1.000000 0.806373
DS.d12.s0.i0 -1.000000 -0.765290
DS.d13.s4.i1 -1.000000 0.039878
DS.d13.s4.i0 1.000000 0.131461
DS.d13.s1.i0 1.000000 0.825906
DS.d13.s0.i1 1.000000 1.151035
DS.d13.s0.i0 1.000000 1.091206
DS.d13.s3.i0 1.000000 0.800425
DS.d13.s3.i1 1.000000 0.871634
DS.d13.s2.i2 1.000000 1.081062
DS.d13.s2.i1 1.000000 0.862649
DS.d13.s2.i0 1.000000 0.881717
DS.d606.s0.i0 -1.000000 -0.758932
DS.d607.s0.i2 -1.000000 0.309427
DS.d607.s0.i1 1.000000 0.377865
DS.d607.s0.i0 1.000000 0.490856
DS.d605.s1.i2 1.000000 0.541069
DS.d605.s1.i0 -1.000000 -0.251083
DS.d605.s1.i1 1.000000 0.555083
DS.d605.s0.i4 1.000000 0.971306
DS.d605.s0.i1 1.000000 0.956136
DS.d605.s0.i0 1.000000 0.994303
DS.d605.s0.i3 1.000000 0.991053
DS.d605.s0.i2 1.000000 1.038636
DS.d18.s0.i0 1.000000 0.257078
DS.d19.s0.i1 1.000000 1.076806
DS.d19.s0.i0 1.000000 0.978019
DS.d569.s0.i0 -1.000000 0.033469
DS.d569.s0.i1 1.000000 0.065090
DS.d568.s1.i0 1.000000 0.831751
DS.d568.s0.i1 -1.000000 -0.965988
DS.d568.s0.i0 -1.000000 -0.985210
DS.d568.s0.i3 -1.000000 -0.872505
DS.d568.s0.i2 -1.000000 -0.934246
DS.d568.s0.i4 -1.000000 -0.933490
DS.d568.s2.i0 1.000000 -0.226911
DS.d2.s0.i0 1.000000 0.622166
DS.d0.s0.i0 1.000000 1.131839
DS.d0.s1.i1 -1.000000 -0.839562
DS.d0.s1.i0 -1.000000 -0.829406
DS.d443.s1.i2 1.000000 1.064701
DS.d443.s1.i0 1.000000 0.982826
DS.d443.s1.i1 1.000000 0.829768
DS.d443.s0.i1 1.000000 0.899169
DS.d443.s0.i0 1.000000 0.996225
DS.d443.s2.i2 1.000000 0.748709
DS.d443.s2.i1 -1.000000 0.194335
DS.d443.s2.i0 1.000000 0.385060
DS.d6.s0.i0 1.000000 0.815947
DS.d7.s2.i1 -1.000000 -0.624807
DS.d7.s2.i0 -1.000000 -0.736441
DS.d7.s1.i0 -1.000000 -0.143585
DS.d7.s1.i1 1.000000 0.316885
DS.d7.s0.i2 1.000000 1.061536
DS.d7.s0.i1 1.000000 1.015865
DS.d4.s0.i0 -1.000000 -0.833421
DS.d4.s0.i1 -1.000000 -0.744176
DS.d737.s1.i0 -1.000000 -0.468979
DS.d737.s1.i1 1.000000 0.601731
DS.d737.s0.i2 -1.000000 -1.029104
DS.d737.s0.i1 -1.000000 -0.365426
DS.d737.s0.i0 -1.000000 -0.927753
DS.d303.s0.i0 1.000000 0.284675
DS.d303.s0.i1 -1.000000 -0.360692
DS.d302.s0.i0 -1.000000 0.096236
DS.d301.s0.i0 1.000000 0.724656
DS.d300.s0.i0 1.000000 0.269111
DS.d307.s0.i0 1.000000 0.965411
DS.d307.s1.i0 1.000000 0.972512
DS.d306.s3.i0 -1.000000 -0.977623
DS.d306.s2.i0 -1.000000 -0.786472
DS.d306.s1.i4 1.000000 0.930733
DS.d306.s1.i5 1.000000 1.004875
DS.d306.s1.i0 1.000000 0.840674
DS.d306.s1.i1 1.000000 0.940445
DS.d306.s1.i2 1.000000 1.028058
DS.d306.s1.i3 1.000000 0.913026
DS.d306.s0.i1 -1.000000 -0.677610
DS.d306.s0.i0 1.000000 0.078855
DS.d306.s4.i1 1.000000 0.824175
DS.d306.s4.i0 1.000000 0.710821
DS.d463.s0.i0 -1.000000 -0.726246
DS.d309.s2.i0 1.000000 1.043458
DS.d309.s2.i1 1.000000 0.823819
DS.d309.s0.i0 1.000000 0.999965
DS.d308.s5.i0 1.000000 0.969771
DS.d308.s5.i1 1.000000 0.969771
DS.d308.s4.i1 1.000000 0.992714
DS.d308.s4.i0 1.000000 0.992714
DS.d308.s1.i2 1.000000 0.853694
DS.d308.s1.i0 1.000000 0.923619
DS.d308.s1.i1 1.000000 1.010780
DS.d308.s0.i1 -1.000000 -0.703712
DS.d308.s0.i0 -1.000000 -0.574185
DS.d308.s3.i0 1.000000 0.925219
DS.d308.s3.i1 1.000000 1.034778
DS.d308.s2.i0 1.000000 0.746572
DS.d635.s0.i0 1.000000 1.150922
DS.d635.s0.i1 1.000000 0.622186
DS.d464.s0.i0 1.000000 1.029992
DS.d464.s0.i1 1.000000 0.947415
DS.d464.s1.i0 1.000000 0.773119
DS.d465.s0.i1 1.000000 0.956414
DS.d465.s0.i0 1.000000 0.934008
DS.d465.s0.i2 1.000000 1.003254
DS.d634.s0.i5 1.000000 0.970226
DS.d634.s0.i4 1.000000 1.081312
DS.d634.s0.i7 1.000000 0.912890
DS.d634.s0.i6 1.000000 0.972825
DS.d634.s0.i1 1.000000 1.022360
DS.d634.s0.i0 1.000000 0.976467
DS.d634.s0.i3 1.000000 1.076682
DS.d634.s0.i2 1.000000 0.864509
DS.d268.s0.i0 1.000000 0.849152
DS.d268.s0.i1 1.000000 0.818653
DS.d269.s2.i1 -1.000000 -0.821741
DS.d269.s2.i0 -1.000000 -0.685324
DS.d269.s2.i3 -1.000000 -0.986714
DS.d269.s2.i2 1.000000 0.425807
DS.d269.s2.i5 -1.000000 -0.576825
DS.d269.s2.i4 1.000000 0.432413
DS.d269.s2.i7 -1.000000 -0.787905
DS.d269.s2.i6 -1.000000 -0.930363
DS.d269.s1.i0 1.000000 0.665263
DS.d269.s1.i1 1.000000 0.323928
DS.d269.s1.i2 -1.000000 -0.240986
DS.d269.s0.i0 1.000000 0.933727
DS.d265.s1.i0 1.000000 1.026503
DS.d265.s1.i1 1.000000 0.805119
DS.d265.s1.i2 1.000000 0.883841
DS.d265.s1.i3 1.000000 1.072850
DS.d265.s0.i1 -1.000000 -0.823186
DS.d265.s0.i0 1.000000 0.907603
DS.d173.s0.i0 1.000000 0.758359
DS.d260.s0.i2 -1.000000 0.026512
DS.d260.s0.i0 1.000000 0.460084
DS.d260.s0.i1 1.000000 0.402551
DS.d260.s1.i1 1.000000 0.874697
DS.d260.s1.i0 1.000000 0.874697
DS.d261.s0.i0 1.000000 0.886105
DS.d262.s0.i0 -1.000000 -0.754878
DS.d263.s1.i0 1.000000 1.393803
DS.d263.s0.i10 1.000000 0.850366
DS.d263.s0.i13 1.000000 0.931989
DS.d263.s0.i9 1.000000 0.950896
DS.d263.s0.i0 1.000000 0.967187
DS.d263.s0.i3 1.000000 1.023371
DS.d263.s0.i2 1.000000 0.959911
DS.d263.s0.i7 1.000000 0.941303
DS.d369.s0.i0 1.000000 0.820738
DS.d369.s1.i0 1.000000 0.875482
DS.d631.s0.i0 1.000000 0.719262
DS.d631.s0.i1 1.000000 0.859649
DS.d368.s0.i0 1.000000 0.792680
DS.d630.s0.i1 -1.000000 -0.934250
DS.d630.s0.i0 -1.000000 -0.801043
DS.d736.s0.i0 1.000000 0.637143
DS.d823.s0.i0 -1.000000 -0.784133
DS.d174.s0.i2 -1.000000 -1.086715
DS.d174.s0.i3 -1.000000 -0.953908
DS.d174.s0.i0 -1.000000 -1.100099
DS.d174.s0.i1 -1.000000 -0.760691
DS.d734.s0.i0 1.000000 1.042004
DS.d734.s0.i1 1.000000 0.888940
DS.d734.s0.i2 1.000000 1.003757
DS.d734.s0.i3 1.000000 1.111095
DS.d732.s0.i2 1.000000 0.296583
DS.d732.s0.i0 -1.000000 0.610846
DS.d732.s0.i1 1.000000 0.369967
DS.d733.s0.i3 1.000000 0.956691
DS.d733.s0.i2 1.000000 0.763386
DS.d733.s0.i1 1.000000 0.813744
DS.d733.s0.i0 1.000000 0.937598
DS.d730.s0.i0 1.000000 0.803907
DS.d419.s0.i0 -1.000000 -0.561848
DS.d418.s0.i1 1.000000 0.945859
DS.d417.s0.i0 1.000000 0.886451
DS.d416.s0.i0 1.000000 0.702763
DS.d415.s0.i0 -1.000000 -0.700501
DS.d731.s1.i2 1.000000 0.048406
DS.d731.s1.i0 -1.000000 -0.425746
DS.d731.s1.i1 -1.000000 -0.425746
DS.d731.s0.i0 -1.000000 -0.573030
DS.d413.s0.i3 1.000000 0.930328
DS.d412.s0.i0 1.000000 0.474882
DS.d411.s0.i0 1.000000 1.325057
DS.d410.s0.i0 1.000000 0.684970
DS.d398.s0.i0 1.000000 1.008727
DS.d399.s0.i0 1.000000 0.958160
DS.d390.s0.i2 -1.000000 -0.967596
DS.d390.s0.i3 -1.000000 -1.016127
DS.d390.s0.i0 -1.000000 -0.931231
DS.d390.s0.i1 -1.000000 -0.923219
DS.d390.s0.i4 -1.000000 -0.916476
DS.d390.s0.i5 -1.000000 -0.950928
DS.d392.s0.i0 1.000000 1.072770
DS.d393.s1.i2 -1.000000 -0.971768
DS.d393.s1.i3 -1.000000 -1.002676
DS.d393.s1.i0 -1.000000 -0.818346
DS.d393.s1.i1 -1.000000 -0.779887
DS.d393.s0.i1 -1.000000 -0.980183
DS.d393.s0.i0 -1.000000 -0.931058
DS.d393.s0.i3 -1.000000 -0.875265
DS.d393.s0.i2 -1.000000 -0.913112
DS.d394.s0.i0 1.000000 0.922549
DS.d394.s0.i1 1.000000 0.921988
DS.d396.s0.i0 1.000000 0.976517
DS.d526.s2.i1 -1.000000 -0.809038
DS.d526.s2.i0 -1.000000 -0.842448
DS.d526.s0.i3 -1.000000 0.168865
DS.d526.s0.i2 1.000000 0.767482
DS.d526.s0.i1 1.000000 0.155328
DS.d526.s0.i0 1.000000 0.925877
DS.d176.s0.i0 -1.000000 -1.030325
DS.d176.s0.i1 -1.000000 -0.925544
DS.d176.s0.i2 -1.000000 -1.007811
DS.d567.s0.i0 1.000000 0.562641
DS.d567.s0.i1 1.000000 1.279148
DS.d567.s1.i1 -1.000000 -0.304952
DS.d567.s1.i0 -1.000000 -0.146966
DS.d567.s1.i2 1.000000 -0.084616
DS.d565.s0.i0 1.000000 0.845424
DS.d642.s0.i0 -1.000000 -0.635099
DS.d643.s0.i3 1.000000 0.690200
DS.d643.s0.i1 -1.000000 -0.601631
DS.d643.s0.i5 1.000000 0.573848
DS.d643.s0.i4 -1.000000 -0.649451
DS.d640.s0.i0 -1.000000 -0.721973
DS.d641.s0.i1 1.000000 0.898069
DS.d641.s0.i0 1.000000 0.934553
DS.d646.s0.i4 1.000000 0.861983
DS.d646.s0.i5 1.000000 0.889071
DS.d646.s0.i2 1.000000 0.964791
DS.d646.s0.i3 1.000000 0.958795
DS.d646.s0.i0 1.000000 0.899152
DS.d646.s0.i1 1.000000 0.895428
DS.d647.s0.i0 -1.000000 0.130090
DS.d644.s0.i0 -1.000000 -0.035850
DS.d645.s0.i0 1.000000 0.945062
DS.d563.s0.i6 -1.000000 -1.031053
DS.d563.s0.i7 -1.000000 -1.027765
DS.d563.s0.i4 -1.000000 -0.808623
DS.d563.s0.i5 -1.000000 -0.777472
DS.d563.s0.i2 -1.000000 -1.017305
DS.d563.s0.i3 -1.000000 -1.042862
DS.d563.s0.i0 -1.000000 -1.041081
DS.d563.s0.i1 -1.000000 -1.022554
DS.d648.s0.i0 1.000000 0.850624
DS.d648.s0.i1 1.000000 0.917071
DS.d648.s0.i2 1.000000 0.862916
DS.d138.s0.i0 1.000000 1.077609
DS.d138.s1.i0 1.000000 0.754363
DS.d138.s2.i0 1.000000 0.694023
DS.d138.s3.i0 1.000000 1.008247
DS.d562.s1.i0 1.000000 0.283659
DS.d562.s0.i0 -1.000000 -0.700625
DS.d484.s0.i0 1.000000 0.789126
DS.d484.s0.i1 1.000000 0.553847
DS.d484.s1.i1 -1.000000 -0.750666
DS.d484.s1.i0 -1.000000 -0.915146
DS.d655.s0.i0 1.000000 0.992170
DS.d655.s0.i1 1.000000 0.819481
DS.d655.s1.i1 1.000000 0.077148
DS.d655.s1.i0 -1.000000 -0.530393
DS.d655.s1.i2 -1.000000 -0.514496
DS.d529.s0.i0 -1.000000 -0.485550
DS.d487.s0.i1 1.000000 0.947884
DS.d487.s0.i0 1.000000 0.904439
DS.d487.s0.i2 1.000000 1.000296
DS.d480.s0.i0 -1.000000 -0.416269
DS.d561.s0.i0 -1.000000 -0.929998
DS.d482.s0.i0 -1.000000 -0.803378
DS.d482.s0.i1 -1.000000 -0.887945
DS.d654.s1.i0 1.000000 0.818068
DS.d654.s0.i0 1.000000 0.803257
DS.d522.s0.i1 -1.000000 -0.795615
DS.d522.s0.i0 -1.000000 -0.868613
DS.d521.s0.i0 1.000000 1.033319
DS.d521.s0.i1 1.000000 0.985475
DS.d520.s1.i2 -1.000000 0.176193
DS.d520.s1.i0 1.000000 0.437846
DS.d520.s1.i1 1.000000 0.289273
DS.d527.s0.i2 1.000000 0.647637
DS.d527.s0.i3 1.000000 0.623076
DS.d527.s0.i0 1.000000 0.911943
DS.d527.s0.i1 1.000000 1.120571
DS.d527.s1.i1 1.000000 0.648767
DS.d527.s1.i0 1.000000 0.793458
DS.d657.s0.i0 1.000000 0.964920
DS.d525.s0.i0 1.000000 0.035294
DS.d525.s0.i1 1.000000 -0.022493
DS.d524.s0.i0 1.000000 0.827360
DS.d656.s0.i1 -1.000000 -0.622316
DS.d656.s0.i0 -1.000000 -0.806937
DS.d656.s0.i2 -1.000000 -1.161405
DS.d798.s0.i0 -1.000000 -0.670800
DS.d693.s0.i0 -1.000000 -1.013559
DS.d693.s0.i1 -1.000000 -1.000476
DS.d693.s0.i2 -1.000000 -1.041825
DS.d693.s0.i3 -1.000000 -0.950311
DS.d650.s3.i0 1.000000 0.840682
DS.d650.s3.i1 1.000000 0.957974
DS.d650.s2.i1 1.000000 0.991591
DS.d650.s2.i0 1.000000 0.882530
DS.d650.s1.i0 1.000000 0.953985
DS.d650.s1.i1 1.000000 0.987349
DS.d650.s0.i0 1.000000 1.008558
DS.d602.s0.i0 -1.000000 -0.804723
DS.d652.s1.i5 -1.000000 -0.619514
DS.d652.s1.i2 -1.000000 -0.727466
DS.d652.s1.i3 -1.000000 -0.246784
DS.d652.s1.i0 1.000000 -0.311267
DS.d652.s1.i1 -1.000000 -0.802168
DS.d652.s0.i1 -1.000000 -0.306072
DS.d652.s0.i0 1.000000 0.731150
DS.d652.s2.i1 -1.000000 -0.810131
DS.d603.s0.i1 1.000000 0.097718
DS.d603.s0.i0 -1.000000 0.224684
DS.d488.s0.i10 1.000000 0.705623
DS.d488.s0.i11 -1.000000 -0.485879
DS.d488.s0.i12 -1.000000 -0.481340
DS.d488.s0.i6 1.000000 0.653996
DS.d488.s0.i7 1.000000 0.771383
DS.d488.s0.i4 1.000000 0.685973
DS.d488.s0.i5 1.000000 0.844637
DS.d488.s0.i2 1.000000 0.739498
DS.d488.s0.i3 1.000000 0.782729
DS.d488.s0.i0 1.000000 0.636215
DS.d488.s0.i1 1.000000 0.791592
DS.d488.s0.i14 -1.000000 -0.491505
DS.d488.s0.i13 -1.000000 -0.460039
DS.d488.s0.i8 -1.000000 -0.447044
DS.d488.s0.i9 1.000000 0.733171
DS.d600.s0.i0 1.000000 0.893582
DS.d601.s0.i0 1.000000 0.740977
DS.d636.s0.i1 1.000000 0.188187
DS.d636.s0.i0 -1.000000 -0.381547
DS.d828.s0.i0 1.000000 0.898807
DS.d829.s0.i0 1.000000 0.421985
DS.d633.s0.i2 1.000000 0.952773
DS.d633.s0.i3 1.000000 0.905017
DS.d633.s0.i0 1.000000 0.954236
DS.d633.s0.i1 1.000000 0.687373
DS.d633.s1.i1 1.000000 1.024699
DS.d633.s1.i0 1.000000 0.962162
DS.d633.s1.i3 1.000000 0.948726
DS.d633.s1.i2 1.000000 0.974476
DS.d633.s2.i0 1.000000 1.099052
DS.d633.s2.i1 1.000000 0.984441
DS.d633.s3.i1 1.000000 1.040614
DS.d633.s3.i0 1.000000 1.067609
DS.d632.s1.i0 1.000000 0.933823
DS.d632.s1.i1 1.000000 0.979471
DS.d632.s0.i1 -1.000000 -0.605088
DS.d632.s0.i0 -1.000000 -0.793957
DS.d738.s0.i0 1.000000 0.865084
DS.d738.s0.i1 1.000000 1.025662
DS.d738.s1.i0 -1.000000 -0.682944
DS.d739.s1.i7 1.000000 0.912113
DS.d739.s1.i5 1.000000 1.010246
DS.d739.s1.i3 1.000000 1.016044
DS.d739.s1.i1 1.000000 0.951604
DS.d739.s0.i1 1.000000 0.632704
DS.d739.s0.i3 1.000000 0.625792
DS.d739.s0.i2 -1.000000 -0.401341
DS.d822.s0.i0 -1.000000 -0.626847
DS.d790.s0.i0 -1.000000 -0.900163
DS.d790.s0.i1 -1.000000 -0.912836
DS.d820.s2.i0 -1.000000 -0.687223
DS.d820.s2.i1 -1.000000 -1.158132
DS.d820.s3.i0 -1.000000 -0.602326
DS.d820.s0.i0 -1.000000 -0.877041
DS.d820.s0.i1 -1.000000 -0.881770
DS.d820.s0.i2 -1.000000 -0.466234
DS.d820.s1.i0 1.000000 -0.258632
DS.d821.s0.i1 -1.000000 -0.728913
DS.d821.s0.i0 -1.000000 -0.842029
DS.d826.s0.i6 1.000000 0.993397
DS.d826.s0.i7 1.000000 0.895441
DS.d826.s0.i4 1.000000 1.045306
DS.d826.s0.i5 1.000000 0.870082
DS.d826.s0.i2 1.000000 0.936068
DS.d826.s0.i3 1.000000 1.067567
DS.d826.s0.i0 1.000000 0.829475
DS.d826.s0.i1 1.000000 0.990056
DS.d826.s1.i1 1.000000 0.877903
DS.d826.s1.i0 1.000000 0.846957
DS.d826.s1.i2 1.000000 0.861344
DS.d826.s2.i0 1.000000 1.002272
DS.d826.s2.i1 1.000000 1.046416
DS.d826.s2.i2 1.000000 1.085462
DS.d826.s2.i3 1.000000 1.090107
DS.d826.s3.i3 1.000000 1.098993
DS.d826.s3.i2 1.000000 1.098993
DS.d826.s3.i1 1.000000 0.991442
DS.d826.s3.i0 1.000000 0.991442
DS.d827.s0.i2 -1.000000 -1.058561
DS.d827.s0.i1 -1.000000 -0.660752
DS.d827.s0.i0 -1.000000 -1.019607
DS.d824.s0.i0 1.000000 0.821777
DS.d824.s0.i1 1.000000 0.719208
DS.d791.s0.i0 1.000000 0.787601
DS.d700.s0.i0 1.000000 0.644955
DS.d609.s1.i2 1.000000 0.288408
DS.d609.s1.i0 -1.000000 -0.365669
DS.d609.s1.i1 -1.000000 -0.536202
DS.d609.s0.i1 -1.000000 -0.517044
DS.d609.s0.i0 -1.000000 -1.078188
DS.d792.s0.i0 1.000000 0.287683
DS.d792.s0.i1 -1.000000 -0.206054
DS.d49.s2.i0 1.000000 0.974811
DS.d49.s2.i1 1.000000 0.944113
DS.d49.s0.i0 1.000000 0.945488
DS.d49.s0.i1 1.000000 0.893500
DS.d49.s0.i2 1.000000 0.875529
DS.d49.s0.i3 1.000000 0.840307
DS.d49.s1.i3 1.000000 0.494342
DS.d49.s1.i2 -1.000000 0.458640
DS.d49.s1.i1 1.000000 0.440716
DS.d49.s1.i0 1.000000 0.507478
DS.d48.s0.i1 -1.000000 -0.403530
DS.d48.s0.i0 -1.000000 -0.403530
DS.d48.s0.i3 1.000000 0.675745
DS.d48.s0.i2 1.000000 0.675745
DS.d48.s0.i5 1.000000 0.671229
DS.d48.s0.i4 1.000000 0.671229
DS.d47.s0.i0 1.000000 0.923846
DS.d47.s0.i1 1.000000 0.894444
DS.d46.s0.i3 -1.000000 -0.907838
DS.d46.s0.i2 -1.000000 -1.034563
DS.d46.s0.i1 -1.000000 -0.898796
DS.d46.s0.i0 -1.000000 -1.020438
DS.d46.s0.i7 -1.000000 -0.879202
DS.d46.s0.i6 -1.000000 -1.001440
DS.d46.s0.i5 -1.000000 -0.987868
DS.d46.s0.i4 -1.000000 -0.889659
DS.d45.s0.i0 -1.000000 -0.899113
DS.d45.s0.i1 -1.000000 -0.899113
DS.d793.s1.i0 1.000000 0.811250
DS.d793.s1.i1 1.000000 0.570635
DS.d793.s0.i1 1.000000 0.922861
DS.d793.s0.i0 1.000000 0.976991
DS.d43.s0.i0 1.000000 0.991951
DS.d42.s0.i0 1.000000 0.814646
DS.d41.s0.i0 -1.000000 -0.724667
DS.d41.s0.i1 -1.000000 -0.822913
DS.d40.s0.i0 1.000000 0.847806
DS.d220.s0.i0 -1.000000 -0.593277
DS.d220.s0.i1 -1.000000 -0.919596
DS.d220.s1.i1 1.000000 0.222283
DS.d220.s1.i0 -1.000000 -0.202032
DS.d221.s0.i0 1.000000 0.761488
DS.d222.s0.i0 1.000000 0.834316
DS.d223.s1.i0 1.000000 0.889075
DS.d223.s1.i1 1.000000 0.977666
DS.d223.s0.i1 -1.000000 -0.545356
DS.d223.s0.i0 1.000000 0.531911
DS.d224.s0.i0 1.000000 0.718892
DS.d224.s1.i0 1.000000 0.773342
DS.d225.s1.i0 1.000000 0.988888
DS.d225.s0.i0 1.000000 0.536508
DS.d226.s0.i0 1.000000 0.838750
DS.d227.s0.i1 1.000000 0.947748
DS.d227.s0.i0 1.000000 0.947748
DS.d228.s0.i0 1.000000 0.898172
DS.d228.s1.i1 1.000000 0.906154
DS.d228.s1.i0 1.000000 0.771214
DS.d229.s0.i0 1.000000 0.986640
DS.d638.s0.i1 1.000000 0.950670
DS.d638.s0.i0 1.000000 0.927512
DS.d638.s0.i3 1.000000 0.898599
DS.d638.s0.i2 1.000000 0.915575
DS.d452.s0.i3 1.000000 0.689516
DS.d452.s0.i2 -1.000000 -0.467114
DS.d452.s0.i1 -1.000000 -0.291346
DS.d452.s0.i0 1.000000 0.422263
DS.d452.s0.i5 1.000000 0.441641
DS.d452.s0.i4 -1.000000 -0.474268
DS.d598.s0.i0 1.000000 1.019721
DS.d598.s0.i1 1.000000 1.019721
DS.d450.s1.i0 1.000000 0.541356
DS.d450.s1.i1 -1.000000 -0.516135
DS.d450.s0.i0 1.000000 0.783773
DS.d457.s0.i0 1.000000 0.683112
DS.d457.s1.i1 1.000000 0.166028
DS.d457.s1.i0 -1.000000 -0.188009
DS.d457.s1.i3 -1.000000 -0.281190
DS.d457.s1.i2 1.000000 0.157590
DS.d503.s0.i0 1.000000 1.013217
DS.d455.s0.i0 1.000000 0.746935
DS.d455.s0.i1 1.000000 0.741271
DS.d454.s0.i1 1.000000 0.215766
DS.d454.s0.i0 -1.000000 -0.690414
DS.d454.s0.i2 -1.000000 -0.467685
DS.d459.s0.i0 -1.000000 -0.892294
DS.d459.s0.i1 -1.000000 -1.040121
DS.d459.s0.i2 -1.000000 -0.926966
DS.d459.s0.i3 -1.000000 -0.934565
DS.d458.s4.i0 1.000000 0.728009
DS.d458.s1.i0 1.000000 0.854820
DS.d458.s0.i0 1.000000 0.918774
DS.d458.s3.i0 1.000000 0.818837
DS.d458.s2.i0 -1.000000 -0.706332
DS.d596.s0.i0 1.000000 0.284843
DS.d596.s0.i1 1.000000 0.576246
DS.d597.s0.i5 -1.000000 -0.907393
DS.d597.s0.i4 -1.000000 -0.957463
DS.d597.s0.i3 -1.000000 -0.938462
DS.d597.s0.i2 -1.000000 -1.028441
DS.d597.s0.i1 -1.000000 -0.932878
DS.d597.s0.i0 -1.000000 -0.994630
DS.d594.s0.i0 1.000000 0.911679
DS.d594.s0.i1 1.000000 0.924828
DS.d594.s0.i2 1.000000 0.964517
DS.d595.s0.i1 -1.000000 -0.780563
DS.d595.s0.i0 -1.000000 -0.995064
DS.d595.s0.i2 -1.000000 -0.768586
DS.d295.s0.i0 1.000000 0.980460
DS.d295.s1.i0 -1.000000 -0.161542
DS.d294.s0.i2 1.000000 1.042347
DS.d294.s0.i1 1.000000 0.925513
DS.d294.s0.i0 1.000000 0.939675
DS.d297.s0.i0 1.000000 1.011029
DS.d296.s0.i0 1.000000 0.859629
DS.d291.s0.i0 -1.000000 -0.721055
DS.d359.s0.i1 -1.000000 -0.731334
DS.d359.s0.i0 -1.000000 -0.601026
DS.d293.s0.i0 1.000000 0.748340
DS.d293.s0.i1 1.000000 1.101671
DS.d292.s0.i0 -1.000000 -1.204599
DS.d292.s0.i3 -1.000000 -0.825344
DS.d354.s0.i0 -1.000000 -0.621217
DS.d355.s0.i0 -1.000000 -0.575255
DS.d356.s0.i0 -1.000000 -0.626297
DS.d357.s0.i1 1.000000 1.179650
DS.d299.s0.i0 -1.000000 -0.786200
DS.d299.s0.i1 -1.000000 -0.814108
DS.d298.s0.i0 1.000000 0.877565
DS.d352.s0.i0 1.000000 0.967792
DS.d352.s0.i1 1.000000 1.068707
DS.d353.s0.i1 1.000000 0.905775
DS.d353.s0.i0 1.000000 1.008303
DS.d115.s0.i1 1.000000 0.444650
DS.d115.s0.i0 -1.000000 -0.583961
DS.d509.s0.i2 -1.000000 -0.845668
DS.d509.s0.i0 -1.000000 -1.002837
DS.d509.s0.i1 -1.000000 -0.767837
DS.d508.s0.i0 1.000000 0.792437
DS.d560.s0.i1 1.000000 0.986311
DS.d560.s0.i0 1.000000 0.972094
DS.d560.s0.i3 1.000000 0.968692
DS.d560.s0.i2 1.000000 0.943354
DS.d804.s0.i0 1.000000 0.930937
DS.d686.s0.i0 1.000000 0.772118
DS.d686.s0.i1 1.000000 0.834983
DS.d687.s1.i0 -1.000000 -0.780415
DS.d687.s0.i0 1.000000 0.875009
DS.d684.s0.i0 -1.000000 -0.492823
DS.d684.s0.i1 1.000000 0.404486
DS.d684.s0.i2 -1.000000 -0.386243
DS.d684.s0.i3 1.000000 0.639063
DS.d685.s1.i1 1.000000 0.995309
DS.d685.s0.i1 1.000000 0.932790
DS.d685.s0.i0 1.000000 0.955908
DS.d685.s0.i2 1.000000 0.994725
DS.d680.s0.i0 1.000000 0.923516
DS.d680.s0.i1 1.000000 0.905200
DS.d680.s0.i2 1.000000 1.052175
DS.d680.s1.i0 1.000000 0.873046
DS.d681.s1.i6 1.000000 0.400239
DS.d681.s1.i7 -1.000000 -0.672760
DS.d681.s1.i4 1.000000 0.504103
DS.d681.s1.i5 -1.000000 -0.711625
DS.d681.s1.i2 -1.000000 -0.735174
DS.d681.s1.i3 -1.000000 -0.727500
DS.d681.s1.i0 -1.000000 -0.734702
DS.d681.s1.i1 -1.000000 -0.691100
DS.d681.s1.i8 1.000000 0.499014
DS.d681.s0.i1 1.000000 0.686938
DS.d681.s0.i0 1.000000 1.127614
DS.d688.s0.i0 1.000000 1.048069
DS.d688.s1.i0 -1.000000 0.564240
DS.d689.s0.i1 -1.000000 -0.771505
DS.d689.s0.i0 -1.000000 -0.736581
DS.d178.s0.i0 1.000000 0.801820
DS.d178.s1.i1 -1.000000 -0.813376
DS.d178.s1.i0 -1.000000 -1.003053
DS.d179.s2.i0 1.000000 0.933733
DS.d179.s1.i0 1.000000 0.200615
DS.d179.s1.i1 -1.000000 -0.219227
DS.d179.s0.i28 -1.000000 -1.031211
DS.d179.s0.i29 -1.000000 -1.040977
DS.d179.s0.i22 -1.000000 -0.969239
DS.d179.s0.i23 -1.000000 -1.007592
DS.d179.s0.i20 -1.000000 -0.957145
DS.d179.s0.i21 -1.000000 -0.964976
DS.d179.s0.i26 -1.000000 -0.911942
DS.d179.s0.i27 -1.000000 -0.987997
DS.d179.s0.i24 -1.000000 -0.821594
DS.d179.s0.i25 -1.000000 -0.841752
DS.d179.s0.i3 -1.000000 -1.086375
DS.d179.s0.i2 -1.000000 -0.968450
DS.d179.s0.i1 -1.000000 -0.940507
DS.d179.s0.i0 -1.000000 -1.010936
DS.d179.s0.i7 -1.000000 -0.982972
DS.d179.s0.i6 -1.000000 -1.020158
DS.d179.s0.i5 -1.000000 -1.011282
DS.d179.s0.i4 -1.000000 -1.104814
DS.d179.s0.i9 -1.000000 -1.068023
DS.d179.s0.i8 -1.000000 -1.064657
DS.d179.s0.i13 -1.000000 -0.941412
DS.d179.s0.i12 -1.000000 -1.010094
DS.d179.s0.i11 -1.000000 -1.026308
DS.d179.s0.i10 -1.000000 -0.970294
DS.d179.s0.i17 -1.000000 -0.887820
DS.d179.s0.i16 -1.000000 -1.056276
DS.d179.s0.i15 -1.000000 -0.916940
DS.d179.s0.i14 -1.000000 -0.983899
DS.d179.s0.i19 -1.000000 -1.079360
DS.d179.s0.i18 -1.000000 -0.983646
DS.d98.s0.i4 1.000000 0.941749
DS.d98.s0.i5 1.000000 0.961795
DS.d98.s0.i2 1.000000 1.046354
DS.d98.s0.i3 1.000000 0.917143
DS.d98.s0.i0 1.000000 0.954047
DS.d98.s0.i1 1.000000 1.020238
DS.d98.s1.i1 -1.000000 -0.945513
DS.d98.s1.i0 -1.000000 -0.960278
DS.d98.s1.i2 -1.000000 -0.911362
DS.d94.s0.i0 -1.000000 -0.807951
DS.d94.s1.i1 1.000000 0.881837
DS.d94.s1.i0 1.000000 0.876116
DS.d94.s1.i2 1.000000 0.951637
DS.d94.s2.i0 -1.000000 -0.825732
DS.d171.s1.i0 1.000000 0.899308
DS.d171.s0.i0 1.000000 0.603842
DS.d96.s0.i0 -1.000000 -0.432638
DS.d96.s0.i1 1.000000 0.447695
DS.d96.s0.i2 -1.000000 -0.518844
DS.d96.s0.i3 1.000000 0.382406
DS.d96.s1.i1 1.000000 0.808688
DS.d96.s1.i0 1.000000 1.075113
DS.d97.s0.i0 1.000000 0.770705
DS.d90.s0.i0 -1.000000 -0.919611
DS.d90.s0.i1 -1.000000 -0.934029
DS.d90.s1.i5 1.000000 0.875264
DS.d90.s1.i4 1.000000 0.862700
DS.d90.s1.i1 1.000000 1.271122
DS.d90.s1.i0 1.000000 1.187652
DS.d90.s1.i3 1.000000 0.796227
DS.d90.s1.i2 1.000000 0.937121
DS.d91.s0.i5 1.000000 -0.110059
DS.d91.s0.i4 -1.000000 -0.605895
DS.d91.s0.i3 -1.000000 -0.730266
DS.d91.s0.i2 -1.000000 -0.812722
DS.d91.s0.i1 -1.000000 -0.755846
DS.d91.s0.i0 -1.000000 -0.713588
DS.d92.s2.i0 1.000000 0.748777
DS.d92.s3.i0 1.000000 0.724294
DS.d92.s0.i0 1.000000 0.908311
DS.d92.s1.i0 1.000000 0.720595
DS.d177.s0.i1 1.000000 0.144655
DS.d177.s0.i0 -1.000000 -0.742022
DS.d177.s0.i3 -1.000000 -0.676287
DS.d177.s0.i2 1.000000 0.308654
DS.d177.s0.i5 -1.000000 -0.873846
DS.d177.s0.i4 -1.000000 -0.785001
DS.d177.s0.i7 -1.000000 -0.627198
DS.d177.s0.i6 -1.000000 -0.534959
DS.d773.s0.i1 -1.000000 -0.961453
DS.d773.s0.i0 -1.000000 -0.887570
DS.d770.s0.i0 1.000000 0.820003
DS.d770.s0.i1 1.000000 0.805278
DS.d771.s0.i0 1.000000 0.964710
DS.d776.s0.i0 1.000000 0.847730
DS.d776.s0.i1 1.000000 0.847730
DS.d777.s0.i0 -1.000000 -0.096900
DS.d775.s0.i0 1.000000 0.956723
DS.d778.s2.i0 1.000000 0.934206
DS.d778.s2.i1 1.000000 0.913410
DS.d778.s0.i0 1.000000 1.083081
DS.d778.s1.i1 1.000000 1.033574
DS.d778.s1.i0 -1.000000 0.175868
DS.d779.s0.i0 -1.000000 -0.272267
DS.d574.s0.i2 -1.000000 -0.829758
DS.d574.s0.i3 -1.000000 -0.788995
DS.d574.s0.i0 -1.000000 -0.946723
DS.d574.s0.i1 -1.000000 -0.979509
DS.d575.s2.i0 -1.000000 0.203251
DS.d575.s1.i0 1.000000 0.889224
DS.d575.s1.i1 1.000000 0.890277
DS.d575.s0.i0 1.000000 0.983230
DS.d679.s0.i0 -1.000000 -0.467680
DS.d678.s0.i1 -1.000000 -0.980712
DS.d678.s0.i0 -1.000000 -0.889459
DS.d678.s0.i3 -1.000000 -0.986549
DS.d678.s0.i2 -1.000000 -0.869821
DS.d570.s0.i0 1.000000 1.069449
DS.d570.s1.i0 1.000000 0.968290
DS.d570.s2.i0 1.000000 1.086498
DS.d570.s3.i0 1.000000 0.844168
DS.d571.s0.i0 -1.000000 -0.877700
DS.d572.s0.i0 -1.000000 -0.785502
DS.d572.s0.i1 -1.000000 -0.814500
DS.d573.s0.i1 1.000000 0.917081
DS.d573.s0.i0 1.000000 1.014252
DS.d573.s0.i3 1.000000 0.901300
DS.d573.s0.i2 1.000000 1.044042
DS.d673.s0.i0 1.000000 1.111777
DS.d672.s0.i8 1.000000 0.388132
DS.d672.s0.i2 1.000000 0.298448
DS.d672.s0.i1 -1.000000 -0.522559
DS.d672.s0.i0 1.000000 0.086004
DS.d672.s0.i6 -1.000000 0.048771
DS.d672.s0.i5 -1.000000 -0.390798
DS.d672.s0.i4 1.000000 0.139394
DS.d672.s0.i10 -1.000000 -0.279787
DS.d672.s0.i11 -1.000000 -0.433637
DS.d671.s0.i0 1.000000 0.856443
DS.d671.s0.i1 1.000000 1.101593
DS.d671.s0.i2 1.000000 0.838971
DS.d670.s0.i1 1.000000 1.039015
DS.d670.s0.i0 1.000000 0.941210
DS.d578.s0.i2 -1.000000 -0.909621
DS.d578.s0.i0 -1.000000 -0.849778
DS.d578.s0.i1 -1.000000 -0.858456
DS.d579.s0.i3 -1.000000 -1.023581
DS.d579.s0.i2 -1.000000 -0.934871
DS.d579.s0.i1 -1.000000 -1.026187
DS.d579.s0.i0 -1.000000 -0.903031
DS.d675.s0.i0 1.000000 1.022680
DS.d674.s0.i1 1.000000 0.817084
DS.d674.s0.i0 1.000000 0.937264
DS.d805.s0.i2 -1.000000 -1.074946
DS.d805.s0.i1 -1.000000 -0.789592
DS.d805.s0.i0 -1.000000 -0.847372
DS.d707.s0.i0 1.000000 0.969607
DS.d707.s0.i1 1.000000 0.843061
DS.d707.s1.i0 1.000000 0.680187
DS.d812.s0.i2 -1.000000 -0.886909
DS.d812.s0.i1 -1.000000 -0.843306
DS.d812.s0.i0 -1.000000 -0.910387
DS.d811.s0.i0 1.000000 0.960246
DS.d811.s1.i1 1.000000 1.039686
DS.d811.s1.i0 1.000000 1.070299
DS.d810.s1.i2 1.000000 0.215204
DS.d810.s1.i3 1.000000 -0.043290
DS.d810.s1.i0 -1.000000 0.484855
DS.d810.s1.i1 1.000000 0.999415
DS.d810.s0.i5 1.000000 0.893945
DS.d810.s0.i4 1.000000 0.942338
DS.d810.s0.i1 1.000000 0.938867
DS.d810.s0.i0 1.000000 1.074617
DS.d810.s0.i3 1.000000 0.935722
DS.d810.s0.i2 1.000000 0.920660
DS.d810.s3.i0 1.000000 0.855004
DS.d810.s2.i1 1.000000 0.774478
DS.d810.s2.i0 1.000000 1.144429
DS.d817.s0.i0 1.000000 0.864606
DS.d817.s0.i1 1.000000 0.965729
DS.d817.s1.i1 1.000000 0.897552
DS.d817.s1.i0 1.000000 0.869722
DS.d817.s1.i3 1.000000 1.052961
DS.d817.s1.i2 1.000000 0.910237
DS.d817.s1.i4 1.000000 0.950698
DS.d816.s0.i5 1.000000 0.644430
DS.d816.s0.i4 -1.000000 -0.594985
DS.d816.s0.i3 1.000000 0.575182
DS.d816.s0.i2 -1.000000 -0.141600
DS.d816.s0.i1 -1.000000 -0.720130
DS.d816.s0.i0 1.000000 0.438291
DS.d815.s0.i0 1.000000 0.900487
DS.d815.s0.i1 1.000000 1.015295
DS.d815.s0.i2 1.000000 0.977277
DS.d814.s1.i0 -1.000000 -0.864712
DS.d814.s1.i1 -1.000000 -1.040954
DS.d814.s0.i1 -1.000000 -1.091490
DS.d814.s0.i0 -1.000000 -0.842014
DS.d814.s0.i2 -1.000000 -0.983052
DS.d819.s0.i0 1.000000 0.033180
DS.d819.s0.i1 -1.000000 -0.346750
DS.d818.s1.i2 1.000000 0.890973
DS.d818.s1.i3 1.000000 0.890973
DS.d818.s1.i0 1.000000 0.890973
DS.d818.s1.i1 1.000000 0.937436
DS.d818.s1.i4 1.000000 0.937436
DS.d818.s1.i5 1.000000 0.937436
DS.d818.s0.i1 1.000000 1.025940
DS.d818.s0.i0 1.000000 1.025940
DS.d818.s0.i3 1.000000 0.929446
DS.d818.s0.i2 1.000000 0.904912
DS.d818.s2.i3 1.000000 1.059231
DS.d818.s2.i2 1.000000 0.899416
DS.d818.s2.i1 1.000000 0.899416
DS.d818.s2.i0 1.000000 1.059231
DS.d818.s2.i5 1.000000 0.899416
DS.d818.s2.i4 1.000000 1.059231
DS.d709.s0.i0 1.000000 0.959083
DS.d708.s0.i0 -1.000000 -0.879774
DS.d76.s0.i2 1.000000 0.840719
DS.d76.s0.i3 1.000000 0.919497
DS.d76.s0.i0 1.000000 0.732790
DS.d76.s0.i1 1.000000 0.919506
DS.d76.s1.i1 1.000000 0.867020
DS.d76.s1.i0 1.000000 1.001428
DS.d76.s1.i3 1.000000 0.910761
DS.d76.s1.i2 1.000000 0.964195
DS.d77.s0.i1 -1.000000 0.109843
DS.d77.s0.i0 1.000000 0.241094
DS.d74.s0.i0 1.000000 0.428375
DS.d75.s0.i0 -1.000000 -0.847758
DS.d72.s0.i0 -1.000000 -0.968477
DS.d72.s0.i1 -1.000000 -0.745556
DS.d73.s0.i1 -1.000000 -1.063035
DS.d73.s0.i0 -1.000000 -0.999562
DS.d70.s0.i0 1.000000 0.707649
DS.d70.s0.i1 1.000000 0.913825
DS.d70.s1.i3 1.000000 0.909868
DS.d70.s1.i2 1.000000 0.850499
DS.d70.s1.i1 1.000000 0.846423
DS.d70.s1.i0 1.000000 0.875068
DS.d71.s0.i0 1.000000 0.846826
DS.d78.s0.i0 -1.000000 0.029975
DS.d78.s1.i0 -1.000000 0.201221
DS.d79.s0.i0 -1.000000 -0.625507
DS.d312.s0.i10 1.000000 0.955565
DS.d312.s0.i4 1.000000 0.976728
DS.d312.s0.i5 1.000000 0.976148
DS.d312.s0.i6 1.000000 0.854031
DS.d312.s0.i7 1.000000 0.961402
DS.d312.s0.i0 1.000000 0.941248
DS.d312.s0.i1 1.000000 0.987480
DS.d312.s0.i2 1.000000 1.006357
DS.d312.s0.i3 1.000000 0.994190
DS.d312.s0.i8 1.000000 0.960974
DS.d312.s0.i9 1.000000 0.833714
DS.d313.s5.i0 1.000000 0.909947
DS.d313.s4.i0 1.000000 0.785579
DS.d313.s1.i0 -1.000000 -0.879307
DS.d313.s1.i1 -1.000000 -0.904467
DS.d313.s0.i0 1.000000 0.986114
DS.d313.s3.i0 1.000000 0.858093
DS.d313.s2.i0 1.000000 0.893442
DS.d314.s0.i0 1.000000 0.150332
DS.d314.s0.i1 -1.000000 -0.238924
DS.d315.s0.i3 -1.000000 -0.972878
DS.d315.s0.i2 -1.000000 -0.968328
DS.d315.s0.i1 -1.000000 -0.953103
DS.d315.s0.i0 -1.000000 -0.920210
DS.d316.s2.i0 1.000000 0.931203
DS.d316.s2.i1 1.000000 0.931203
DS.d316.s0.i0 1.000000 0.923154
DS.d316.s0.i1 1.000000 0.835848
DS.d316.s1.i1 1.000000 0.808173
DS.d316.s1.i0 1.000000 0.803285
DS.d317.s0.i1 1.000000 1.051426
DS.d317.s0.i0 1.000000 0.886578
DS.d317.s0.i3 1.000000 1.001904
DS.d317.s0.i2 1.000000 1.009609
DS.d317.s0.i5 1.000000 1.014253
DS.d317.s0.i4 1.000000 0.851059
DS.d317.s0.i7 1.000000 1.106070
DS.d317.s0.i6 1.000000 1.043849
DS.d317.s0.i9 1.000000 0.991846
DS.d317.s0.i8 1.000000 0.964798
DS.d317.s0.i11 1.000000 0.897180
DS.d317.s0.i10 1.000000 0.879744
DS.d318.s0.i0 1.000000 0.590234
DS.d318.s0.i1 1.000000 0.526943
DS.d319.s0.i1 -1.000000 -0.934169
DS.d319.s0.i0 -1.000000 -1.001432
DS.d259.s0.i0 -1.000000 -0.905524
DS.d258.s0.i0 -1.000000 -0.480555
DS.d253.s2.i0 1.000000 1.032599
DS.d253.s0.i0 -1.000000 0.857302
DS.d253.s1.i7 -1.000000 -0.065608
DS.d253.s1.i6 -1.000000 -0.250421
DS.d253.s1.i5 1.000000 0.077450
DS.d253.s1.i4 -1.000000 -0.070316
DS.d253.s1.i3 1.000000 0.259745
DS.d253.s1.i2 -1.000000 -0.208114
DS.d253.s1.i1 1.000000 0.264659
DS.d253.s1.i0 1.000000 0.121398
DS.d252.s1.i2 1.000000 0.945517
DS.d252.s1.i0 1.000000 0.992250
DS.d252.s1.i1 1.000000 0.761217
DS.d252.s0.i0 1.000000 0.936180
DS.d252.s2.i2 -1.000000 -0.916149
DS.d252.s2.i1 -1.000000 -0.798666
DS.d252.s2.i0 -1.000000 -0.894033
DS.d255.s0.i0 -1.000000 -0.837735
DS.d255.s0.i1 -1.000000 -0.910700
DS.d254.s2.i1 1.000000 0.952654
DS.d254.s2.i0 1.000000 0.911543
DS.d254.s1.i0 1.000000 0.860117
DS.d254.s1.i1 1.000000 0.759511
DS.d254.s0.i1 1.000000 1.094275
DS.d254.s0.i0 1.000000 0.946518
DS.d257.s2.i0 1.000000 0.785723
DS.d257.s3.i0 1.000000 0.955983
DS.d257.s0.i0 1.000000 0.107847
DS.d257.s0.i1 -1.000000 -0.413677
DS.d257.s0.i2 -1.000000 -0.254438
DS.d257.s1.i0 1.000000 0.602811
DS.d456.s0.i5 1.000000 -0.004935
DS.d456.s0.i4 -1.000000 -0.043642
DS.d456.s0.i3 -1.000000 -0.128997
DS.d456.s0.i2 1.000000 0.188227
DS.d456.s0.i1 -1.000000 -0.074143
DS.d456.s0.i0 1.000000 0.207213
DS.d590.s0.i0 1.000000 0.890737
DS.d720.s3.i0 1.000000 0.992086
DS.d720.s3.i1 1.000000 0.479926
DS.d720.s2.i0 1.000000 0.837956
DS.d720.s1.i0 -1.000000 -0.515634
DS.d720.s1.i1 -1.000000 -0.515634
DS.d720.s1.i2 1.000000 0.432106
DS.d720.s1.i3 1.000000 0.274637
DS.d720.s0.i1 -1.000000 -0.418225
DS.d720.s0.i0 1.000000 0.255637
DS.d288.s0.i8 -1.000000 -1.095393
DS.d288.s0.i4 -1.000000 -1.144875
DS.d288.s0.i5 -1.000000 -0.954504
DS.d288.s0.i6 -1.000000 -0.955475
DS.d288.s0.i7 -1.000000 -0.811942
DS.d288.s0.i0 -1.000000 -0.938892
DS.d288.s0.i1 -1.000000 -1.099149
DS.d288.s0.i2 -1.000000 -0.980814
DS.d288.s0.i3 -1.000000 -1.059080
DS.d288.s1.i3 -1.000000 -0.489884
DS.d288.s1.i2 1.000000 0.307807
DS.d288.s1.i1 1.000000 0.536693
DS.d288.s1.i0 -1.000000 -0.233308
DS.d408.s0.i0 1.000000 1.006147
DS.d408.s0.i1 1.000000 1.007121
DS.d409.s0.i0 1.000000 0.134578
DS.d405.s4.i2 1.000000 1.055814
DS.d405.s4.i1 1.000000 0.999828
DS.d405.s4.i0 1.000000 1.055814
DS.d405.s3.i0 1.000000 0.789618
DS.d405.s3.i1 1.000000 0.939617
DS.d405.s2.i1 1.000000 1.079210
DS.d405.s2.i0 1.000000 0.880750
DS.d405.s1.i0 -1.000000 -1.129666
DS.d405.s1.i1 -1.000000 -0.680873
DS.d405.s1.i2 -1.000000 -1.130508
DS.d405.s1.i3 -1.000000 -0.708752
DS.d405.s0.i1 1.000000 0.999769
DS.d405.s0.i0 1.000000 1.093668
DS.d406.s0.i0 -1.000000 -0.886118
DS.d407.s0.i0 -1.000000 -0.498267
DS.d401.s0.i1 -1.000000 -0.803034
DS.d401.s0.i0 -1.000000 -0.912548
DS.d402.s2.i2 -1.000000 -0.134451
DS.d402.s2.i3 1.000000 0.722828
DS.d402.s2.i0 1.000000 0.635493
DS.d402.s2.i1 1.000000 0.833426
DS.d402.s3.i1 -1.000000 -0.507664
DS.d402.s3.i0 1.000000 0.806439
DS.d402.s3.i2 1.000000 0.925012
DS.d402.s0.i0 -1.000000 -0.520090
DS.d402.s0.i1 1.000000 0.836000
DS.d402.s0.i2 1.000000 0.883775
DS.d402.s1.i1 -1.000000 -0.819117
DS.d402.s1.i0 -1.000000 -0.945340
DS.d726.s0.i0 1.000000 0.865843
DS.d358.s0.i0 1.000000 0.803894
DS.d358.s1.i0 -1.000000 -0.616313
DS.d290.s0.i1 -1.000000 -0.976135
DS.d290.s0.i0 -1.000000 -1.036819
DS.d468.s0.i0 1.000000 0.183789
DS.d468.s0.i1 -1.000000 0.015404
DS.d101.s0.i0 -1.000000 -0.788045
DS.d100.s1.i0 1.000000 0.852177
DS.d100.s1.i1 1.000000 1.015062
DS.d100.s0.i0 1.000000 0.977949
DS.d103.s0.i0 1.000000 0.708539
DS.d469.s0.i5 1.000000 0.902462
DS.d469.s0.i4 1.000000 1.009527
DS.d469.s0.i1 1.000000 0.980361
DS.d469.s0.i0 1.000000 1.015039
DS.d469.s0.i3 1.000000 0.942353
DS.d469.s0.i2 1.000000 1.066401
DS.d105.s0.i0 -1.000000 -0.926852
DS.d105.s0.i1 -1.000000 -0.926852
DS.d104.s0.i0 1.000000 0.980668
DS.d107.s0.i0 -1.000000 -1.077195
DS.d107.s0.i1 -1.000000 -1.030014
DS.d107.s0.i2 -1.000000 -0.675453
DS.d106.s0.i1 1.000000 0.843975
DS.d106.s0.i0 1.000000 0.886691
DS.d109.s0.i2 -1.000000 -0.906783
DS.d109.s0.i3 -1.000000 -0.995005
DS.d109.s0.i0 -1.000000 -0.933449
DS.d109.s0.i1 -1.000000 -0.967031
DS.d109.s0.i4 -1.000000 -0.940218
DS.d109.s0.i5 -1.000000 -0.970072
DS.d108.s3.i0 -1.000000 -0.510348
DS.d108.s3.i1 -1.000000 -0.561619
DS.d108.s2.i0 -1.000000 -1.020421
DS.d108.s1.i0 -1.000000 -0.853929
DS.d108.s1.i1 -1.000000 -0.919598
DS.d108.s0.i3 -1.000000 -0.975658
DS.d108.s0.i2 -1.000000 -0.800725
DS.d108.s0.i1 -1.000000 -1.011857
DS.d108.s0.i0 -1.000000 -1.025860
DS.d108.s0.i7 -1.000000 -0.972556
DS.d108.s0.i6 -1.000000 -0.979742
DS.d108.s0.i5 -1.000000 -0.996928
DS.d108.s0.i4 -1.000000 -0.921607
DS.d538.s0.i0 1.000000 0.735261
DS.d538.s1.i0 -1.000000 -0.815167
DS.d530.s0.i0 -1.000000 -0.654677
DS.d350.s0.i2 1.000000 0.964076
DS.d350.s0.i3 1.000000 0.964741
DS.d350.s0.i0 1.000000 0.849509
DS.d350.s0.i1 1.000000 0.909059
DS.d350.s1.i1 -1.000000 -0.941845
DS.d350.s1.i0 -1.000000 -0.943894
DS.d350.s1.i3 -1.000000 -0.957391
DS.d350.s1.i2 -1.000000 -0.784997
DS.d532.s0.i0 1.000000 0.462599
DS.d533.s0.i1 1.000000 0.795990
DS.d533.s0.i0 1.000000 0.987498
DS.d534.s0.i4 1.000000 0.951495
DS.d534.s0.i5 1.000000 0.859710
DS.d534.s0.i2 1.000000 0.983519
DS.d534.s0.i3 1.000000 0.845345
DS.d534.s0.i0 1.000000 0.879027
DS.d534.s0.i1 1.000000 0.947895
DS.d534.s1.i0 1.000000 0.898097
DS.d534.s2.i0 1.000000 1.147791
DS.d535.s0.i1 -1.000000 -0.849018
DS.d535.s0.i0 -1.000000 -0.968946
DS.d536.s0.i0 1.000000 0.946874
DS.d536.s0.i1 1.000000 0.929525
DS.d536.s0.i2 1.000000 0.936800
DS.d536.s0.i3 1.000000 0.968031
DS.d536.s1.i1 1.000000 0.559689
DS.d536.s1.i0 -1.000000 -0.680424
DS.d537.s0.i1 1.000000 0.812614
DS.d537.s0.i0 1.000000 0.638117
DS.d537.s0.i2 1.000000 0.830985
DS.d550.s0.i0 -1.000000 -1.036249
DS.d550.s0.i1 -1.000000 -0.986794
DS.d550.s0.i2 -1.000000 -1.007073
DS.d550.s0.i3 -1.000000 -0.932940
DS.d550.s0.i4 -1.000000 -0.988745
DS.d550.s0.i5 -1.000000 -1.041544
DS.d550.s0.i6 -1.000000 -1.036989
DS.d550.s0.i7 -1.000000 -0.991688
DS.d550.s0.i8 -1.000000 -0.963763
DS.d460.s0.i0 -1.000000 -0.250606
DS.d460.s1.i0 1.000000 0.900389
DS.d758.s0.i0 1.000000 0.792913
DS.d461.s0.i1 -1.000000 -0.913078
DS.d461.s0.i0 -1.000000 -0.919265
DS.d461.s0.i3 -1.000000 -0.924420
DS.d461.s0.i2 -1.000000 -0.931427
DS.d759.s0.i1 1.000000 0.751810
DS.d759.s0.i0 1.000000 0.751810
DS.d338.s0.i0 1.000000 0.945373
DS.d338.s0.i1 1.000000 1.002114
DS.d551.s0.i0 1.000000 0.826772
DS.d624.s4.i2 1.000000 0.923767
DS.d624.s4.i0 1.000000 0.924057
DS.d624.s4.i1 1.000000 1.047171
DS.d624.s0.i2 1.000000 1.009280
DS.d624.s0.i3 1.000000 1.008270
DS.d624.s0.i0 1.000000 0.997532
DS.d624.s0.i1 1.000000 0.700053
DS.d624.s1.i5 1.000000 0.375054
DS.d624.s1.i4 -1.000000 -0.641904
DS.d624.s1.i7 -1.000000 -0.592745
DS.d624.s1.i6 -1.000000 -0.531836
DS.d624.s1.i0 1.000000 -0.180705
DS.d624.s1.i2 -1.000000 -0.467906
DS.d624.s2.i1 1.000000 0.817273
DS.d624.s2.i2 1.000000 0.998850
DS.d624.s3.i3 1.000000 0.804282
DS.d624.s3.i2 -1.000000 -0.041265
DS.d624.s3.i1 1.000000 0.613309
DS.d624.s3.i0 1.000000 0.554011
DS.d625.s1.i0 1.000000 0.815875
DS.d625.s1.i1 1.000000 0.887881
DS.d625.s0.i3 -1.000000 -0.745091
DS.d625.s0.i2 -1.000000 -0.878583
DS.d625.s0.i1 -1.000000 -1.071515
DS.d625.s0.i0 -1.000000 -0.733426
DS.d749.s2.i2 1.000000 1.229897
DS.d749.s2.i0 1.000000 0.517626
DS.d749.s2.i1 1.000000 1.037241
DS.d749.s3.i0 -1.000000 -0.790141
DS.d749.s0.i0 1.000000 0.941924
DS.d749.s0.i1 1.000000 0.981283
DS.d749.s1.i1 1.000000 0.848838
DS.d749.s1.i0 1.000000 0.984751
DS.d748.s0.i0 -1.000000 -0.295728
DS.d620.s0.i8 -1.000000 -0.943019
DS.d620.s0.i9 -1.000000 -1.040897
DS.d620.s0.i6 -1.000000 -1.016021
DS.d620.s0.i7 -1.000000 -0.992083
DS.d620.s0.i4 -1.000000 -1.019925
DS.d620.s0.i5 -1.000000 -0.899565
DS.d620.s0.i2 -1.000000 -0.982946
DS.d620.s0.i3 -1.000000 -1.046722
DS.d620.s0.i0 -1.000000 -0.972623
DS.d620.s0.i1 -1.000000 -1.032826
DS.d620.s0.i18 -1.000000 -0.980216
DS.d620.s0.i19 -1.000000 -1.026440
DS.d620.s0.i20 -1.000000 -1.036141
DS.d620.s0.i10 -1.000000 -0.970774
DS.d620.s0.i11 -1.000000 -1.019983
DS.d620.s0.i12 -1.000000 -1.016414
DS.d620.s0.i13 -1.000000 -0.951816
DS.d620.s0.i14 -1.000000 -1.023690
DS.d620.s0.i15 -1.000000 -0.996677
DS.d620.s0.i16 -1.000000 -1.031022
DS.d620.s0.i17 -1.000000 -0.976344
DS.d620.s1.i0 -1.000000 -0.577078
DS.d621.s3.i0 1.000000 0.751463
DS.d621.s2.i1 1.000000 0.114450
DS.d621.s2.i0 -1.000000 0.080507
DS.d621.s1.i0 1.000000 0.837767
DS.d621.s0.i1 1.000000 0.954927
DS.d621.s0.i0 1.000000 0.866603
DS.d621.s4.i1 1.000000 0.105458
DS.d621.s4.i0 -1.000000 -0.076023
DS.d622.s0.i0 1.000000 1.128802
DS.d622.s1.i0 1.000000 1.002735
DS.d623.s1.i0 1.000000 1.055589
DS.d623.s1.i1 1.000000 0.988751
DS.d623.s0.i1 1.000000 1.178206
DS.d623.s0.i0 1.000000 1.085293
DS.d623.s3.i0 1.000000 0.750390
DS.d623.s3.i1 1.000000 1.058042
DS.d623.s2.i3 1.000000 1.010444
DS.d623.s2.i2 1.000000 0.844046
DS.d623.s2.i1 1.000000 0.980231
DS.d623.s2.i0 1.000000 1.017895
DS.d623.s4.i1 -1.000000 0.635850
DS.d623.s4.i0 1.000000 0.418293
DS.d623.s4.i3 1.000000 0.310234
DS.d623.s4.i2 1.000000 0.503691
DS.d743.s0.i0 1.000000 0.922196
DS.d742.s0.i1 1.000000 1.076728
DS.d742.s0.i0 1.000000 1.123081
DS.d741.s0.i0 1.000000 0.913537
DS.d740.s0.i1 1.000000 0.812575
DS.d740.s0.i0 1.000000 0.780647
DS.d628.s0.i0 -1.000000 -0.945177
DS.d628.s0.i1 -1.000000 -1.033048
DS.d629.s1.i0 -1.000000 -0.838377
DS.d629.s1.i1 -1.000000 -0.927083
DS.d629.s0.i1 1.000000 0.863956
DS.d629.s0.i0 1.000000 0.986708
DS.d745.s0.i0 -1.000000 -0.597982
DS.d745.s0.i1 -1.000000 -0.816479
DS.d744.s0.i1 -1.000000 -0.714805
DS.d744.s0.i0 -1.000000 -0.776686
DS.d750.s0.i0 1.000000 1.067162
DS.d38.s2.i0 1.000000 1.046250
DS.d38.s3.i0 -1.000000 -0.823497
DS.d38.s0.i0 1.000000 1.036576
DS.d38.s1.i1 1.000000 0.891616
DS.d38.s1.i0 1.000000 1.003524
DS.d39.s0.i0 -1.000000 -0.788536
DS.d751.s0.i0 1.000000 0.890439
DS.d32.s0.i0 1.000000 0.810692
DS.d33.s0.i1 1.000000 0.736658
DS.d33.s0.i0 1.000000 1.201024
DS.d31.s0.i0 1.000000 1.233591
DS.d36.s0.i0 1.000000 1.193875
DS.d36.s1.i0 1.000000 0.788531
DS.d36.s2.i0 1.000000 0.797335
DS.d36.s2.i1 1.000000 1.074899
DS.d37.s2.i1 1.000000 0.205272
DS.d37.s2.i0 -1.000000 -0.650143
DS.d37.s2.i2 -1.000000 -0.801346
DS.d37.s1.i0 -1.000000 -0.827207
DS.d37.s0.i0 -1.000000 -0.672222
DS.d34.s0.i0 1.000000 0.702213
DS.d34.s0.i1 1.000000 1.081206
DS.d219.s0.i0 -1.000000 -0.150440
DS.d219.s0.i1 1.000000 0.313665
DS.d219.s1.i1 -1.000000 -0.890117
DS.d219.s1.i0 -1.000000 -0.823203
DS.d219.s1.i2 -1.000000 -1.028097
DS.d218.s1.i0 -1.000000 -0.916093
DS.d218.s1.i1 -1.000000 -0.924650
DS.d218.s1.i2 -1.000000 -0.906881
DS.d218.s1.i3 -1.000000 -0.990089
DS.d218.s0.i1 1.000000 0.979566
DS.d218.s0.i0 1.000000 1.088604
DS.d215.s0.i2 -1.000000 -0.958413
DS.d215.s0.i3 -1.000000 -0.926920
DS.d215.s0.i0 -1.000000 -0.942066
DS.d215.s0.i1 -1.000000 -0.948572
DS.d215.s1.i0 -1.000000 -0.697223
DS.d214.s0.i1 1.000000 0.897161
DS.d214.s0.i0 1.000000 0.867418
DS.d217.s0.i0 1.000000 0.881361
DS.d217.s1.i1 -1.000000 -0.786701
DS.d217.s1.i0 -1.000000 -0.689096
DS.d216.s1.i0 1.000000 0.656356
DS.d216.s0.i1 1.000000 0.228017
DS.d216.s0.i0 -1.000000 -0.020761
DS.d216.s3.i0 1.000000 0.889042
DS.d216.s3.i1 1.000000 0.979608
DS.d216.s2.i0 1.000000 -0.396596
DS.d210.s0.i1 1.000000 0.829482
DS.d210.s0.i0 1.000000 1.004691
DS.d213.s0.i0 1.000000 0.950274
DS.d213.s1.i0 1.000000 0.802865
DS.d212.s0.i0 -1.000000 0.010638
DS.d339.s0.i1 -1.000000 -0.938637
DS.d339.s0.i0 -1.000000 -0.896571
DS.d589.s0.i2 1.000000 0.781041
DS.d589.s0.i3 1.000000 1.075476
DS.d589.s0.i0 1.000000 1.075476
DS.d589.s0.i1 1.000000 0.781041
DS.d799.s0.i3 1.000000 0.890843
DS.d799.s0.i1 1.000000 0.889339
DS.d799.s0.i0 1.000000 0.890843
DS.d588.s0.i0 1.000000 1.019223
DS.d330.s0.i0 -1.000000 -0.745584
DS.d330.s0.i1 -1.000000 -0.745584
DS.d440.s0.i0 1.000000 0.679421
DS.d3.s1.i0 -1.000000 -0.815278
DS.d3.s1.i1 -1.000000 -0.814030
DS.d3.s0.i2 1.000000 1.143144
DS.d3.s0.i1 1.000000 1.143144
DS.d3.s0.i0 1.000000 0.744753
DS.d442.s0.i0 1.000000 0.883029
DS.d1.s0.i0 1.000000 0.924059
DS.d444.s0.i2 -1.000000 -0.656319
DS.d444.s0.i0 -1.000000 -0.651959
DS.d444.s0.i1 1.000000 0.756052
DS.d445.s0.i0 1.000000 0.906383
DS.d446.s0.i0 1.000000 0.910174
DS.d446.s0.i2 1.000000 0.942392
DS.d446.s1.i0 1.000000 0.558031
DS.d5.s0.i1 1.000000 0.132658
DS.d5.s0.i0 -1.000000 -0.427515
DS.d5.s0.i2 -1.000000 -0.339942
DS.d448.s0.i0 -1.000000 -0.786918
DS.d448.s0.i1 -1.000000 -0.807568
DS.d448.s1.i1 1.000000 0.963635
DS.d448.s1.i0 1.000000 0.941454
DS.d448.s1.i3 1.000000 1.084084
DS.d448.s1.i2 1.000000 1.031674
DS.d448.s2.i0 1.000000 0.854001
DS.d448.s2.i1 1.000000 0.845371
DS.d448.s3.i1 1.000000 0.642336
DS.d448.s3.i0 1.000000 1.185127
DS.d8.s0.i0 1.000000 0.808424
DS.d9.s0.i0 1.000000 1.344384
DS.d282.s1.i0 1.000000 0.803556
DS.d283.s0.i3 1.000000 0.881649
DS.d283.s0.i0 1.000000 0.846414
DS.d281.s1.i0 1.000000 0.871838
DS.d281.s1.i1 1.000000 0.965821
DS.d281.s0.i0 1.000000 0.785014
DS.d287.s3.i0 1.000000 0.807313
DS.d287.s2.i1 1.000000 0.945760
DS.d287.s2.i0 1.000000 1.066246
DS.d287.s1.i0 -1.000000 -0.886979
DS.d287.s1.i1 -1.000000 -0.860366
DS.d287.s0.i1 1.000000 0.930318
DS.d287.s0.i0 1.000000 0.837516
DS.d284.s0.i0 -1.000000 -0.730554
DS.d285.s1.i0 1.000000 1.162080
DS.d285.s1.i1 1.000000 1.102778
DS.d285.s0.i1 1.000000 1.005595
DS.d285.s0.i0 1.000000 1.028451
DS.d285.s0.i2 1.000000 1.123214
DS.d285.s3.i4 -1.000000 -0.742920
DS.d285.s3.i0 -1.000000 -0.771542
DS.d285.s3.i1 -1.000000 -0.910818
DS.d285.s3.i2 -1.000000 -1.176859
DS.d285.s3.i3 -1.000000 -0.960412
DS.d285.s2.i1 1.000000 0.958301
DS.d285.s2.i0 1.000000 0.962978
DS.d361.s0.i0 -1.000000 -0.685777
DS.d361.s1.i1 -1.000000 -0.229222
DS.d361.s1.i0 1.000000 0.384365
DS.d361.s2.i0 1.000000 0.190968
DS.d361.s2.i1 -1.000000 -0.037096
DS.d360.s1.i0 -1.000000 -0.664662
DS.d360.s0.i1 -1.000000 -0.748820
DS.d360.s0.i0 -1.000000 -0.701553
DS.d363.s0.i0 1.000000 0.336284
DS.d363.s0.i1 -1.000000 -0.223116
DS.d362.s0.i1 1.000000 0.954694
DS.d362.s0.i0 1.000000 0.980807
DS.d365.s0.i0 -1.000000 0.142803
DS.d365.s0.i1 1.000000 -0.032601
DS.d365.s1.i1 -1.000000 -0.821835
DS.d365.s1.i0 -1.000000 -0.747421
DS.d365.s1.i2 -1.000000 -0.867634
DS.d364.s2.i0 -1.000000 -0.504426
DS.d364.s1.i0 1.000000 1.008823
DS.d364.s0.i1 -1.000000 -0.919680
DS.d364.s0.i0 -1.000000 -0.807806
DS.d367.s0.i2 -1.000000 -0.801167
DS.d366.s0.i1 1.000000 0.746648
DS.d366.s0.i0 1.000000 0.756037
DS.d549.s0.i2 -1.000000 -0.880896
DS.d549.s0.i0 -1.000000 -0.948110
DS.d549.s0.i1 -1.000000 -0.903164
DS.d549.s1.i1 -1.000000 -0.527903
DS.d549.s1.i0 1.000000 0.363562
DS.d549.s2.i0 1.000000 0.607272
DS.d549.s2.i1 1.000000 1.068086
DS.d549.s3.i2 -1.000000 -0.312999
DS.d549.s3.i1 1.000000 0.137587
DS.d549.s3.i0 -1.000000 -0.744042
DS.d102.s0.i1 -1.000000 -0.815376
DS.d102.s0.i0 -1.000000 -0.952235
DS.d102.s0.i2 -1.000000 -0.959478
DS.d548.s0.i1 -1.000000 -0.770871
DS.d548.s0.i0 -1.000000 -0.885484
DS.d145.s0.i0 1.000000 0.839243
DS.d145.s1.i0 1.000000 1.060959
DS.d144.s0.i0 -1.000000 -0.717507
DS.d147.s0.i0 -1.000000 -1.063212
DS.d147.s0.i1 -1.000000 -0.793787
DS.d147.s0.i2 -1.000000 -1.043539
DS.d147.s0.i3 -1.000000 -0.780274
DS.d146.s0.i1 1.000000 0.911950
DS.d146.s0.i0 1.000000 0.971375
DS.d141.s0.i0 1.000000 0.812693
DS.d141.s1.i1 1.000000 0.928686
DS.d141.s1.i0 1.000000 0.789057
DS.d141.s2.i0 1.000000 0.558378
DS.d140.s0.i2 1.000000 0.421835
DS.d140.s0.i1 -1.000000 0.059971
DS.d140.s0.i0 1.000000 0.427727
DS.d143.s0.i0 1.000000 0.716394
DS.d143.s0.i1 1.000000 0.215069
DS.d143.s0.i2 1.000000 0.688605
DS.d143.s0.i3 -1.000000 0.262151
DS.d142.s0.i1 1.000000 0.820740
DS.d142.s0.i0 1.000000 0.981784
DS.d149.s0.i0 -1.000000 -0.181824
DS.d148.s1.i4 1.000000 0.160915
DS.d148.s1.i5 -1.000000 -0.731297
DS.d148.s1.i6 -1.000000 -0.685743
DS.d148.s1.i7 -1.000000 -0.770742
DS.d148.s1.i0 -1.000000 -0.651636
DS.d148.s1.i1 1.000000 0.242320
DS.d148.s1.i2 -1.000000 -0.708248
DS.d148.s1.i3 -1.000000 -0.761744
DS.d148.s0.i17 1.000000 0.769868
DS.d148.s0.i16 -1.000000 -0.954431
DS.d148.s0.i15 -1.000000 -0.893604
DS.d148.s0.i14 -1.000000 -0.898038
DS.d148.s0.i13 1.000000 0.850530
DS.d148.s0.i12 -1.000000 -0.835051
DS.d148.s0.i11 1.000000 0.821942
DS.d148.s0.i10 -1.000000 -0.915895
DS.d148.s0.i19 1.000000 0.764321
DS.d148.s0.i18 -1.000000 -0.943697
DS.d148.s0.i9 1.000000 0.766847
DS.d148.s0.i8 -1.000000 -0.867790
DS.d148.s0.i7 -1.000000 -0.909501
DS.d148.s0.i6 -1.000000 -0.897370
DS.d148.s0.i5 -1.000000 -0.958292
DS.d148.s0.i4 -1.000000 -0.907773
DS.d148.s0.i3 -1.000000 -0.858659
DS.d148.s0.i2 1.000000 0.849392
DS.d148.s0.i1 -1.000000 -0.965561
DS.d148.s0.i0 -1.000000 -0.875391
DS.d148.s0.i26 -1.000000 -0.859145
DS.d148.s0.i24 1.000000 0.773545
DS.d148.s0.i25 -1.000000 -0.849521
DS.d148.s0.i22 1.000000 0.841295
DS.d148.s0.i23 -1.000000 -0.962207
DS.d148.s0.i20 1.000000 0.780131
DS.d148.s0.i21 -1.000000 -0.860127
DS.d89.s0.i0 1.000000 0.956066
DS.d88.s0.i1 -1.000000 -1.051627
DS.d88.s0.i0 -1.000000 -0.806144
DS.d256.s0.i1 -1.000000 -0.509394
DS.d256.s0.i0 -1.000000 -0.613267
DS.d256.s0.i3 -1.000000 -0.642253
DS.d256.s0.i2 1.000000 -0.258980
DS.d82.s0.i0 1.000000 0.809279
DS.d80.s0.i0 -1.000000 0.149181
DS.d87.s0.i0 -1.000000 -0.582153
DS.d85.s0.i0 1.000000 0.822573
DS.d540.s1.i0 -1.000000 -0.702726
DS.d540.s0.i0 1.000000 0.985293
DS.d825.s1.i4 1.000000 0.001243
DS.d825.s1.i5 1.000000 0.001243
DS.d825.s1.i2 -1.000000 -0.504993
DS.d825.s1.i3 -1.000000 -0.727311
DS.d825.s1.i0 -1.000000 -0.504993
DS.d825.s1.i1 -1.000000 -0.169332
DS.d825.s0.i1 1.000000 0.747802
DS.d825.s0.i0 1.000000 1.027314
DS.d825.s0.i3 1.000000 0.949331
DS.d825.s0.i2 1.000000 1.035082
DS.d825.s0.i5 1.000000 0.781110
DS.d825.s0.i4 1.000000 1.028684
DS.d825.s0.i7 1.000000 0.932158
DS.d825.s0.i6 1.000000 0.988645
DS.d825.s2.i1 -1.000000 -0.858128
DS.d825.s2.i0 -1.000000 -0.858128
DS.d789.s0.i0 1.000000 0.883676
DS.d789.s0.i1 1.000000 0.883676
DS.d788.s0.i24 -1.000000 -0.971198
DS.d788.s0.i25 -1.000000 -1.080724
DS.d788.s0.i26 -1.000000 -1.065015
DS.d788.s0.i27 -1.000000 -0.888756
DS.d788.s0.i20 -1.000000 -1.024315
DS.d788.s0.i21 -1.000000 -0.985332
DS.d788.s0.i22 -1.000000 -0.968011
DS.d788.s0.i23 -1.000000 -0.970945
DS.d788.s0.i32 -1.000000 -0.924983
DS.d788.s0.i28 -1.000000 -0.993014
DS.d788.s0.i29 -1.000000 -0.965763
DS.d788.s0.i38 -1.000000 -1.090602
DS.d788.s0.i1 -1.000000 -0.967538
DS.d788.s0.i0 -1.000000 -0.940081
DS.d788.s0.i3 -1.000000 -1.025273
DS.d788.s0.i2 -1.000000 -1.004387
DS.d788.s0.i5 -1.000000 -0.932878
DS.d788.s0.i4 -1.000000 -0.972597
DS.d788.s0.i7 -1.000000 -1.011599
DS.d788.s0.i6 -1.000000 -0.978092
DS.d788.s0.i9 -1.000000 -1.071818
DS.d788.s0.i8 -1.000000 -1.062653
DS.d788.s0.i39 -1.000000 -0.940922
DS.d788.s0.i19 -1.000000 -1.009698
DS.d788.s0.i18 -1.000000 -1.065944
DS.d788.s0.i31 -1.000000 -0.930774
DS.d788.s0.i30 -1.000000 -0.920753
DS.d788.s0.i37 -1.000000 -1.001431
DS.d788.s0.i36 -1.000000 -0.963693
DS.d788.s0.i35 -1.000000 -0.900322
DS.d788.s0.i34 -1.000000 -1.034681
DS.d788.s0.i11 -1.000000 -1.048721
DS.d788.s0.i10 -1.000000 -0.980288
DS.d788.s0.i13 -1.000000 -1.055913
DS.d788.s0.i12 -1.000000 -1.025306
DS.d788.s0.i15 -1.000000 -0.963135
DS.d788.s0.i14 -1.000000 -1.070022
DS.d788.s0.i17 -1.000000 -1.111661
DS.d788.s0.i16 -1.000000 -0.949941
DS.d788.s0.i33 -1.000000 -1.017358
DS.d787.s0.i0 1.000000 1.046692
DS.d787.s0.i1 1.000000 0.904363
DS.d787.s1.i0 1.000000 1.088133
DS.d786.s1.i0 1.000000 0.762848
DS.d786.s0.i0 1.000000 0.875968
DS.d785.s0.i1 1.000000 0.116320
DS.d784.s1.i0 1.000000 0.612889
DS.d784.s0.i0 1.000000 0.912620
DS.d783.s0.i0 1.000000 0.157655
DS.d782.s0.i0 1.000000 0.949788
DS.d781.s0.i0 1.000000 1.068525
DS.d781.s1.i1 1.000000 1.029260
DS.d781.s1.i0 1.000000 0.878114
DS.d780.s0.i1 -1.000000 -1.016996
DS.d780.s0.i0 -1.000000 -0.903615
DS.d780.s0.i2 -1.000000 -0.833295
DS.d564.s0.i1 -1.000000 -1.005890
DS.d564.s0.i0 -1.000000 -0.801159
DS.d669.s0.i0 -1.000000 -0.543329
DS.d543.s0.i0 1.000000 0.627156
DS.d543.s0.i1 1.000000 0.335082
DS.d543.s0.i2 -1.000000 -0.083435
DS.d331.s0.i1 1.000000 0.627976
DS.d331.s0.i0 -1.000000 -0.665579
DS.d331.s0.i3 -1.000000 -0.555967
DS.d331.s0.i2 1.000000 0.496449
DS.d544.s0.i3 1.000000 0.198980
DS.d544.s0.i1 -1.000000 -0.094960
DS.d547.s0.i0 -1.000000 -1.050793
DS.d547.s0.i1 -1.000000 -0.907621
DS.d547.s1.i3 1.000000 1.230099
DS.d547.s1.i2 1.000000 0.792504
DS.d547.s1.i1 1.000000 0.792504
DS.d547.s1.i0 1.000000 0.905097
DS.d660.s0.i0 1.000000 0.890633
DS.d660.s0.i1 1.000000 0.875233
DS.d661.s0.i0 1.000000 0.919717
DS.d662.s0.i0 1.000000 1.079686
DS.d662.s0.i1 1.000000 0.772017
DS.d662.s0.i2 1.000000 0.892338
DS.d662.s0.i3 1.000000 1.109375
DS.d664.s0.i2 -1.000000 -0.939248
DS.d664.s0.i3 -1.000000 -0.863420
DS.d664.s0.i0 -1.000000 -0.879004
DS.d664.s0.i1 -1.000000 -1.026037
DS.d665.s0.i0 1.000000 0.944726
DS.d666.s0.i0 1.000000 0.802870
DS.d666.s0.i1 1.000000 1.005829
DS.d666.s0.i2 1.000000 0.886006
DS.d667.s0.i0 1.000000 0.842215
DS.d531.s0.i3 1.000000 0.736940
DS.d531.s0.i2 -1.000000 0.055792
DS.d531.s0.i1 1.000000 0.765289
DS.d531.s0.i0 1.000000 0.488235
DS.d531.s0.i4 1.000000 0.730180
DS.d545.s0.i0 1.000000 0.656357
DS.d545.s1.i0 1.000000 1.091020
