DS.d3.s0.i0 1.0 1.47055354086
DS.d3.s0.i1 1.0 2.50203159038
DS.d3.s0.i2 1.0 2.50203159038
DS.d3.s1.i0 1.0 0.492398578534
DS.d3.s1.i1 1.0 0.497399048052
DS.d22.s0.i0 1.0 0.670280704388
DS.d22.s0.i1 1.0 0.31938626291
DS.d22.s0.i2 1.0 0.564724565021
DS.d22.s1.i0 1.0 0.675369494904
DS.d26.s0.i0 -1 -0.702465928337
DS.d26.s0.i1 -1 -0.446267215976
DS.d26.s0.i2 -1 -0.421912052898
DS.d26.s0.i3 -1 -0.319187116781
DS.d26.s0.i4 -1 -0.14459991479
DS.d26.s0.i5 -1 -0.660308652627
DS.d39.s0.i0 -1 -0.0141072187824
DS.d45.s0.i0 -1 -0.329096416624
DS.d45.s0.i1 -1 -0.329096416624
DS.d47.s0.i0 1.0 0.544639211315
DS.d47.s0.i1 1.0 0.666240749062
DS.d69.s0.i0 1.0 0.938283043262
DS.d69.s0.i1 1.0 1.37331925288
DS.d72.s0.i0 -1 -0.766113484789
DS.d72.s0.i1 -1 -0.985793746632
DS.d77.s0.i0 1.0 0.743563161751
DS.d77.s0.i1 -1 0.521219875047
DS.d79.s0.i0 -1 0.717494594949
DS.d93.s0.i0 1.0 0.249564670291
DS.d109.s0.i0 1.0 -0.494931587481
DS.d109.s0.i1 1.0 -0.491984812741
DS.d109.s0.i2 -1 -0.264834969809
DS.d109.s0.i3 1.0 -0.452118075494
DS.d109.s0.i4 -1 -0.199778405757
DS.d109.s0.i5 -1 -0.305744584938
DS.d111.s0.i0 1.0 0.435761353797
DS.d111.s0.i1 -1 -1.2272019478
DS.d111.s0.i2 1.0 0.456572209439
DS.d111.s0.i3 1.0 0.318636186314
DS.d111.s0.i4 -1 0.267454160273
DS.d111.s0.i5 1.0 0.451031261228
DS.d136.s0.i0 1.0 1.06450126353
DS.d136.s0.i1 1.0 1.49451875235
DS.d147.s0.i0 -1 -0.759819351449
DS.d147.s0.i1 -1 0.25888804029
DS.d147.s0.i2 -1 -1.27742144538
DS.d147.s0.i3 -1 0.274228693884
DS.d162.s0.i0 1.0 1.0390527013
DS.d162.s1.i0 1.0 0.814803576459
DS.d175.s0.i0 1.0 0.569554086638
DS.d175.s0.i1 1.0 0.921477404175
DS.d175.s1.i0 1.0 0.484274661101
DS.d178.s0.i0 1.0 1.55005610322
DS.d178.s1.i0 -1 0.0208264037328
DS.d178.s1.i1 -1 0.0254929759365
DS.d183.s0.i0 -1 0.773829818913
DS.d183.s0.i1 -1 0.466067618005
DS.d183.s0.i2 -1 0.913827765892
DS.d199.s0.i0 1.0 1.28653309012
DS.d199.s0.i1 1.0 1.27962670463
DS.d212.s0.i0 -1 -0.922392066946
DS.d216.s0.i0 -1 1.69014627163
DS.d216.s0.i1 1.0 1.96678739899
DS.d216.s1.i0 1.0 0.470599500256
DS.d216.s2.i0 1.0 -0.459638466078
DS.d216.s3.i0 1.0 1.46396093179
DS.d216.s3.i1 1.0 1.62340882986
DS.d224.s0.i0 1.0 0.682143780985
DS.d224.s1.i0 1.0 0.468557357086
DS.d232.s0.i0 1.0 0.704599752554
DS.d232.s0.i1 1.0 -0.0277271821209
DS.d232.s0.i2 1.0 0.515520538332
DS.d232.s0.i3 1.0 0.00204702855905
DS.d232.s0.i4 1.0 0.285169426518
DS.d232.s0.i5 1.0 0.372778334253
DS.d232.s1.i0 1.0 1.338570874
DS.d232.s1.i1 1.0 0.969953321446
DS.d232.s1.i2 1.0 1.37151675383
DS.d232.s1.i3 1.0 1.14724201868
DS.d232.s2.i0 -1 -1.57711638495
DS.d242.s0.i0 1.0 0.726055878749
DS.d242.s0.i1 1.0 0.601566531022
DS.d242.s0.i2 1.0 0.569606336532
DS.d242.s0.i3 1.0 0.537757258871
DS.d264.s0.i0 1.0 -0.557701242056
DS.d264.s0.i1 1.0 -0.343309816204
DS.d264.s1.i0 1.0 1.33180886518
DS.d295.s0.i0 1.0 0.178673773198
DS.d295.s1.i0 -1 0.728278102367
DS.d299.s0.i0 -1 1.37164396881
DS.d299.s0.i1 -1 1.20408539486
DS.d309.s0.i0 1.0 0.56402817604
DS.d309.s1.i0 -1 -0.176686236597
DS.d309.s1.i1 -1 0.436107392835
DS.d309.s1.i2 -1 0.689921801404
DS.d309.s2.i0 1.0 1.0977895376
DS.d309.s2.i1 1.0 0.688447185729
DS.d326.s0.i0 1.0 0.581565802992
DS.d326.s0.i1 -1 -0.0200591502538
DS.d345.s0.i0 1.0 0.677742364221
DS.d345.s1.i0 1.0 0.386910907426
DS.d345.s1.i1 1.0 -0.0922110947253
DS.d345.s2.i0 1.0 0.882294825114
DS.d345.s2.i1 1.0 0.755037206998
DS.d345.s2.i2 1.0 2.28245074252
DS.d345.s2.i3 1.0 1.97482335679
DS.d345.s3.i0 1.0 0.982632530441
DS.d345.s3.i1 1.0 1.68799323158
DS.d345.s3.i2 1.0 1.35272484488
DS.d352.s0.i0 1.0 1.77571777248
DS.d352.s0.i1 1.0 1.71963459438
DS.d354.s0.i0 1.0 -0.0493267289776
DS.d357.s0.i0 1.0 0.738987089987
DS.d357.s0.i1 1.0 0.791293365059
DS.d364.s0.i0 -1 -0.0293382183394
DS.d364.s0.i1 -1 -0.159800152475
DS.d364.s1.i0 1.0 0.963341270974
DS.d364.s2.i0 1.0 0.257014630248
DS.d379.s0.i0 -1 -0.649939759112
DS.d379.s0.i1 -1 -0.949883139382
DS.d382.s0.i0 1.0 0.952302333689
DS.d392.s0.i0 1.0 2.46917736958
DS.d403.s0.i0 -1 -0.489849931922
DS.d414.s0.i0 1.0 1.02484516508
DS.d414.s0.i1 1.0 1.11247167827
DS.d421.s0.i0 -1 0.312643565294
DS.d421.s1.i0 1.0 1.36661600316
DS.d432.s0.i0 1.0 0.258176200109
DS.d432.s0.i1 1.0 0.271573497115
DS.d432.s0.i2 1.0 0.935109389115
DS.d432.s0.i3 1.0 0.237881304408
DS.d432.s1.i0 1.0 1.28948524598
DS.d432.s1.i1 1.0 1.57865554124
DS.d434.s0.i0 1.0 1.59241187753
DS.d439.s0.i0 1.0 0.531555716827
DS.d446.s0.i0 1.0 1.16989420756
DS.d446.s0.i1 1.0 0.517000379957
DS.d446.s0.i2 1.0 0.756846800504
DS.d446.s0.i3 1.0 1.06204865301
DS.d446.s1.i0 1.0 0.308924835836
DS.d448.s0.i0 1.0 1.25006049722
DS.d448.s0.i1 1.0 1.48970498092
DS.d448.s1.i0 1.0 1.14100069389
DS.d448.s1.i1 1.0 1.31056267459
DS.d448.s1.i2 1.0 1.30611379094
DS.d448.s1.i3 1.0 1.45165571512
DS.d448.s2.i0 1.0 -0.573684173568
DS.d448.s2.i1 1.0 -0.273260215484
DS.d448.s3.i0 1.0 1.25880147298
DS.d448.s3.i1 1.0 0.372982661543
DS.d456.s0.i0 1.0 -0.243554801633
DS.d456.s0.i1 1.0 0.0726492352421
DS.d456.s0.i2 1.0 -0.365421639276
DS.d456.s0.i3 1.0 0.496336102949
DS.d456.s0.i4 1.0 0.18213908564
DS.d456.s0.i5 1.0 0.522005642836
DS.d474.s0.i0 -1 1.4747791696
DS.d490.s0.i0 1.0 1.52344431875
DS.d490.s0.i1 1.0 1.52344431875
DS.d493.s0.i0 1.0 0.585823859559
DS.d493.s0.i1 1.0 0.776001597079
DS.d493.s0.i2 1.0 1.21196674779
DS.d493.s1.i0 1.0 1.24959914712
DS.d495.s0.i0 1.0 0.672272228482
DS.d519.s0.i0 1.0 -0.344028055879
DS.d519.s0.i1 1.0 -0.0174737248442
DS.d519.s0.i2 1.0 -0.28220084771
DS.d519.s0.i3 1.0 -0.045151392934
DS.d519.s1.i0 1.0 0.858877556371
DS.d519.s2.i0 1.0 0.417287352733
DS.d519.s2.i1 -1 -0.241285638913
DS.d520.s0.i0 1.0 -0.484361214719
DS.d520.s0.i1 -1 -0.436936736161
DS.d520.s1.i0 1.0 -0.522874155922
DS.d520.s1.i1 1.0 -0.414662918371
DS.d520.s1.i2 1.0 0.100080127102
DS.d539.s0.i0 1.0 0.0534330879517
DS.d539.s0.i1 -1 -1.2690040766
DS.d543.s0.i0 1.0 -0.220839527769
DS.d543.s0.i1 1.0 -0.32608384544
DS.d543.s0.i2 -1 -1.51456400814
DS.d554.s0.i0 1.0 -0.623690339441
DS.d554.s0.i1 1.0 -0.518481414799
DS.d554.s0.i2 1.0 -0.34100822932
DS.d571.s0.i0 -1 -0.792225461717
DS.d598.s0.i0 1.0 1.0051786468
DS.d598.s0.i1 1.0 1.0051786468
DS.d600.s0.i0 1.0 1.37917134885
DS.d613.s0.i0 1.0 0.88437691385
DS.d618.s0.i0 1.0 1.33749057114
DS.d618.s0.i1 1.0 1.44109394126
DS.d618.s1.i0 1.0 0.958459394268
DS.d639.s0.i0 -1 -0.391590899846
DS.d647.s0.i0 -1 0.0785061561154
DS.d656.s0.i0 -1 -0.028531719628
DS.d656.s0.i1 -1 0.08200979365
DS.d656.s0.i2 -1 -0.145329608122
DS.d665.s0.i0 1.0 0.337246827163
DS.d688.s0.i0 1.0 1.51359758766
DS.d688.s1.i0 -1 0.0810796621173
DS.d701.s0.i0 -1 -0.721297530225
DS.d701.s0.i1 -1 -0.292949916858
DS.d703.s0.i0 1.0 2.07193833345
DS.d715.s0.i0 1.0 1.01395806215
DS.d739.s0.i0 1.0 -0.819271684286
DS.d739.s0.i1 1.0 -0.0666345546194
DS.d739.s0.i2 1.0 -0.71786847443
DS.d739.s0.i3 1.0 -0.458850926312
DS.d739.s1.i0 1.0 0.117726925472
DS.d739.s1.i1 1.0 0.40104430145
DS.d739.s1.i2 1.0 -0.13382189047
DS.d739.s1.i3 1.0 0.194571661544
DS.d739.s1.i4 1.0 0.576863028557
DS.d739.s1.i5 1.0 0.474110806681
DS.d739.s1.i6 1.0 1.16729672247
DS.d739.s1.i7 1.0 0.689838727278
DS.d750.s0.i0 1.0 1.60019256827
DS.d756.s0.i0 1.0 0.297187708535
DS.d756.s0.i1 1.0 0.0240441697233
DS.d765.s0.i0 -1 -0.1086193718
DS.d765.s0.i1 -1 1.27145325268
DS.d765.s0.i2 -1 -0.1086193718
DS.d765.s0.i3 -1 1.27145325268
DS.d765.s1.i0 -1 -0.122929637225
DS.d765.s1.i1 -1 -0.363401891777
DS.d765.s1.i2 -1 -0.122929637225
DS.d765.s1.i3 -1 -0.363401891777
DS.d773.s0.i0 -1 -0.0427379239854
DS.d773.s0.i1 -1 0.0111223487103
DS.d774.s0.i0 -1 0.355508158123
DS.d774.s0.i1 1.0 0.685988439281
DS.d774.s1.i0 -1 -0.346332620011
DS.d774.s1.i1 1.0 0.550664099622
DS.d829.s0.i0 1.0 1.13651368398
DS.d844.s0.i0 1.0 1.36750979626
DS.d851.s0.i0 -1 0.601076650206
DS.d856.s0.i0 -1 -0.00811778658532
DS.d856.s0.i1 -1 -0.124134143882
DS.d856.s0.i2 -1 -0.0432431689974
DS.d856.s0.i3 -1 -0.162166531235
DS.d856.s0.i4 -1 -0.123507101934
DS.d856.s0.i5 -1 -0.00250932369532
DS.d856.s0.i6 -1 -0.463260606141
DS.d856.s0.i7 -1 -0.373157845513
DS.d888.s0.i0 1.0 0.920114077833
DS.d888.s0.i1 1.0 1.07147451983
DS.d888.s0.i2 1.0 0.397391666108
DS.d888.s0.i3 1.0 0.583068442786
DS.d888.s0.i4 1.0 1.18874154703
DS.d888.s0.i5 1.0 0.699222104147
DS.d898.s0.i0 1.0 1.15615486616
DS.d898.s1.i0 1.0 0.819462479516
DS.d898.s2.i0 1.0 1.28056878941
DS.d898.s2.i1 1.0 1.0980804292
DS.d898.s2.i2 1.0 1.28056878941
DS.d927.s0.i0 -1 0.162741598836
DS.d927.s0.i1 -1 0.211512136246
DS.d927.s0.i2 -1 0.420480641395
DS.d932.s0.i0 1.0 1.57427945719
DS.d941.s0.i0 -1 1.19195048415
DS.d941.s0.i1 -1 1.03643330262
DS.d941.s0.i2 -1 -0.694480506457
DS.d943.s0.i0 1.0 0.767960424076
DS.d943.s0.i1 1.0 0.881874692445
DS.d943.s1.i0 1.0 0.972053063284
DS.d947.s0.i0 1.0 1.03689554396
DS.d947.s0.i1 1.0 1.03689554396
DS.d967.s0.i0 1.0 -0.918608093521
DS.d967.s0.i1 1.0 -0.703484425043
DS.d967.s0.i2 -1 -0.968352024907
DS.d971.s0.i0 -1 -1.40405592385
DS.d971.s1.i0 -1 -0.828207753347
DS.d987.s0.i0 -1 0.0816313819589
DS.d987.s0.i1 -1 0.325942208251
DS.d987.s0.i2 -1 -1.04917496885
DS.d987.s0.i3 -1 -1.04917496885
DS.d987.s0.i4 -1 -0.384080734513
DS.d987.s0.i5 -1 -0.59571518926
DS.d987.s0.i6 -1 -0.482361133338
DS.d987.s0.i7 -1 0.406978491898
DS.d987.s0.i8 -1 -0.974161297239
DS.d987.s0.i9 -1 0.298107090682
DS.d989.s0.i0 -1 -0.91779740658
DS.d989.s0.i1 -1 -0.605271647107
DS.d989.s0.i2 -1 -0.555822212202
DS.d989.s0.i3 -1 -1.38073774539
DS.d1001.s0.i0 1.0 0.855299570669
DS.d1001.s0.i1 1.0 1.20077946301
DS.d1001.s1.i0 1.0 0.848644013654
DS.d1014.s0.i0 1.0 0.725962356981
DS.d1019.s0.i0 -1 -0.934416550581
DS.d1019.s0.i1 -1 -1.24384736736
DS.d1019.s1.i0 -1 -1.21007007468
DS.d1023.s0.i0 1.0 0.0178308650486
DS.d1023.s0.i1 1.0 0.262692517715
DS.d1025.s0.i0 1.0 1.17224232057
DS.d1025.s0.i1 -1 0.2862269447
DS.d1028.s0.i0 1.0 1.50170496467
DS.d1028.s0.i1 1.0 -0.0827382649707
DS.d1061.s0.i0 -1 -0.635130773811
DS.d1061.s0.i1 -1 -0.988619614887
DS.d1061.s0.i2 -1 -0.209407059858
DS.d1061.s0.i3 -1 -1.11687391929
DS.d1061.s0.i4 -1 -1.22809534472
DS.d1061.s0.i5 -1 -0.366445705972
DS.d1061.s0.i6 -1 -1.1237688435
DS.d1061.s0.i7 -1 -1.27958840616
DS.d1061.s0.i8 -1 -1.20908867444
DS.d1061.s0.i9 -1 -1.02092033255
DS.d1061.s0.i10 -1 -0.45154732635
DS.d1061.s0.i11 -1 -1.2127931419
DS.d1061.s0.i12 -1 -0.704895297122
DS.d1061.s0.i13 -1 -0.638583623058
DS.d1061.s0.i14 -1 -0.768396825004
DS.d1061.s0.i15 -1 -1.00522492876
DS.d1061.s0.i16 -1 -1.08133379646
DS.d1061.s0.i17 -1 -0.798002692839
DS.d1061.s0.i18 -1 -1.46676102853
DS.d1061.s0.i19 -1 -0.95551249227
DS.d1061.s0.i20 -1 -0.859681494331
DS.d1061.s0.i21 -1 -0.831718704202
DS.d1061.s0.i22 -1 -0.526754059714
DS.d1061.s0.i23 -1 -0.99450826486
DS.d1072.s0.i0 -1 -0.0990925320025
DS.d1075.s0.i0 -1 0.139846512342
DS.d1075.s0.i1 -1 0.208078876175
DS.d1077.s0.i0 -1 0.208396622924
DS.d1095.s0.i0 1.0 0.68146834834
DS.d1095.s0.i1 1.0 1.20206790043
DS.d1095.s0.i2 1.0 0.739515482322
DS.d1112.s0.i0 -1 -0.872151301336
DS.d1126.s0.i0 -1 -0.677503488343
DS.d1126.s0.i1 -1 -0.695215414131
DS.d1128.s0.i0 1.0 -0.0354375677073
DS.d1143.s0.i0 -1 0.412974512609
DS.d1143.s0.i1 -1 -0.0350732297237
DS.d1160.s0.i0 1.0 -0.280724655357
DS.d1176.s0.i0 1.0 0.656199186537
DS.d1176.s1.i0 -1 -0.153726669851
DS.d1176.s1.i1 -1 -0.654361899258
DS.d1184.s0.i0 -1 -1.38152696208
DS.d1184.s1.i0 -1 -1.11850057612
DS.d1186.s0.i0 1.0 1.38069545343
DS.d1186.s1.i0 1.0 1.73214774007
DS.d1193.s0.i0 -1 0.371680233436
DS.d1193.s0.i1 -1 0.204169467042
DS.d1199.s0.i0 -1 -1.2162594886
DS.d1199.s1.i0 -1 -1.50873916402
DS.d1199.s2.i0 -1 -0.956577482998
DS.d1208.s0.i0 1.0 1.00132810337
DS.d1214.s0.i0 -1 -0.56431542499
DS.d1214.s1.i0 1.0 1.66235117868
DS.d1236.s0.i0 -1 -0.467396330088
DS.d1236.s1.i0 -1 -1.71719662863
DS.d1236.s2.i0 -1 -1.16981910472
DS.d1238.s0.i0 -1 -0.767195947471
DS.d1238.s0.i1 -1 -0.876002240995
DS.d1238.s0.i2 -1 -0.441081821969
DS.d1238.s0.i3 -1 -0.927828269396
DS.d1240.s0.i0 -1 -0.557049027511
DS.d1253.s0.i0 1.0 0.144821741208
DS.d1253.s0.i1 1.0 0.354046128657
DS.d1261.s0.i0 1.0 0.431734459697
DS.d1269.s0.i0 -1 0.442507108394
DS.d1278.s0.i0 1.0 1.10720862535
DS.d1287.s0.i0 -1 -0.429396597256
DS.d1308.s0.i0 1.0 0.465422288385
DS.d1323.s0.i0 1.0 -0.282830576217
DS.d1327.s0.i0 -1 0.666086567296
DS.d1327.s0.i1 -1 0.446885661239
DS.d1348.s0.i0 -1 -0.179540524503
DS.d1348.s1.i0 1.0 1.04432763599
DS.d1349.s0.i0 -1 -0.151662066653
DS.d1367.s0.i0 1.0 1.70239261037
DS.d1377.s0.i0 1.0 0.260323349044
DS.d1377.s1.i0 -1 -0.708007124213
DS.d1395.s0.i0 1.0 0.943233921471
DS.d1396.s0.i0 -1 -0.285670837535
DS.d1396.s0.i1 -1 -0.13132317148
DS.d1396.s0.i2 -1 -0.110873872979
DS.d1396.s0.i3 -1 -0.209641759974
DS.d1406.s0.i0 1.0 0.399872226576
DS.d1406.s1.i0 1.0 -0.392762351245
DS.d1406.s2.i0 1.0 0.774727576803
DS.d1411.s0.i0 -1 -0.529285502646
DS.d1423.s0.i0 -1 0.499455774522
DS.d1423.s1.i0 1.0 0.444514452267
DS.d1426.s0.i0 1.0 0.855348591439
DS.d1426.s0.i1 1.0 1.23414206881
DS.d1448.s0.i0 1.0 1.45821557612
DS.d1462.s0.i0 1.0 0.494108115568
DS.d1464.s0.i0 -1 0.55713426249
DS.d1468.s0.i0 1.0 1.32811672882
DS.d1468.s0.i1 1.0 1.48374605736
DS.d1468.s0.i2 1.0 0.447357918047
DS.d1468.s0.i3 1.0 0.434936034508
DS.d1468.s1.i0 -1 -0.25866467247
DS.d1468.s1.i1 -1 -0.0713122708457
DS.d1468.s2.i0 1.0 -0.351853841515
DS.d1468.s2.i1 1.0 -0.425928627446
DS.d1468.s3.i0 1.0 0.895070220233
DS.d1468.s3.i1 1.0 1.60668686766
DS.d1468.s3.i2 1.0 1.19156856801
DS.d1471.s0.i0 1.0 0.6478625063
DS.d1471.s1.i0 -1 1.02845412036
DS.d1471.s1.i1 1.0 1.07872671507
DS.d1471.s2.i0 1.0 0.45917639071
DS.d1471.s3.i0 1.0 0.221694488585
DS.d1471.s3.i1 1.0 0.328054544885
DS.d1492.s0.i0 1.0 0.906844229526
DS.d1492.s0.i1 1.0 0.234504287244
DS.d1493.s0.i0 1.0 0.84193819755
DS.d1493.s1.i0 1.0 1.1608151829
DS.d1493.s1.i1 1.0 0.945358477417
DS.d1493.s1.i2 1.0 0.945358477417
DS.d1511.s0.i0 -1 -1.23354186179
DS.d1511.s0.i1 -1 -1.0299890901
DS.d1511.s0.i2 -1 -1.0299890901
DS.d1511.s0.i3 -1 -1.23354186179
DS.d1517.s0.i0 1.0 0.656948487473
DS.d1521.s0.i0 1.0 1.08564258396
DS.d1521.s0.i1 1.0 0.973619452227
DS.d1523.s0.i0 -1 0.0350404975881
DS.d1523.s0.i1 -1 -0.613937160573
DS.d1523.s0.i2 -1 -0.774660176178
DS.d1524.s0.i0 -1 1.0292358688
DS.d1524.s0.i1 -1 1.00692598779
DS.d1524.s0.i2 1.0 1.16007539345
DS.d1524.s0.i3 -1 0.884164408305
DS.d1524.s0.i4 -1 0.892956183524
DS.d1524.s0.i5 1.0 1.35396688412
DS.d1528.s0.i0 1.0 1.06327664383
DS.d1530.s0.i0 1.0 -0.186710849747
DS.d1537.s0.i0 1.0 1.7098695268
DS.d1551.s0.i0 -1 1.61274436324
DS.d1577.s0.i0 1.0 0.292173372298
DS.d1577.s0.i1 1.0 0.76952135359
DS.d1589.s0.i0 1.0 0.650369413775
DS.d1589.s0.i1 1.0 -0.163236425364
DS.d1593.s0.i0 1.0 0.048687731359
DS.d1604.s0.i0 -1 -0.0187976888847
DS.d1604.s0.i1 -1 -1.49269063152
DS.d1604.s1.i0 -1 0.289352795495
DS.d1604.s1.i1 -1 -1.21020704881
DS.d1604.s1.i2 -1 -0.526034889234
DS.d1604.s2.i0 -1 0.569962174473
DS.d1604.s2.i1 -1 -1.40584395345
DS.d1614.s0.i0 1.0 -1.04562570695
DS.d1614.s0.i1 1.0 0.112903169359
DS.d1614.s0.i2 1.0 0.983047708771
DS.d1628.s0.i0 1.0 0.744811314982
DS.d1637.s0.i0 -1 -0.750469357264
DS.d1637.s0.i1 -1 -0.413806380577
DS.d1637.s1.i0 -1 -0.866484839953
DS.d1637.s1.i1 -1 -0.907931019965
DS.d1639.s0.i0 1.0 0.041133435465
DS.d1641.s0.i0 1.0 1.82493242159
DS.d1641.s0.i1 1.0 0.62799043178
DS.d1664.s0.i0 -1 0.14666668575
DS.d1664.s0.i1 -1 -0.173047735658
DS.d1664.s1.i0 -1 -0.816009680806
DS.d1664.s2.i0 -1 -0.929457900235
DS.d1664.s3.i0 -1 0.53427361574
DS.d1665.s0.i0 1.0 1.50976083484
DS.d1668.s0.i0 1.0 1.94624748576
DS.d1669.s0.i0 -1 -0.156573500858
DS.d1669.s1.i0 -1 -0.389026779844
DS.d1669.s1.i1 -1 -0.345885771226
DS.d1680.s0.i0 1.0 1.40137768157
DS.d1680.s0.i1 -1 0.47724564191
DS.d1681.s0.i0 1.0 1.38745753589
DS.d1681.s0.i1 1.0 1.31635987789
DS.d1681.s1.i0 1.0 1.09291570044
DS.d1688.s0.i0 1.0 -1.14845823041
DS.d1688.s1.i0 1.0 1.77524755873
DS.d1703.s0.i0 1.0 1.46836862064
DS.d1712.s0.i0 1.0 1.45416233568
DS.d1712.s1.i0 -1 -1.41685712717
DS.d1712.s1.i1 -1 0.127865998196
DS.d1729.s0.i0 1.0 0.531616076383
DS.d1735.s0.i0 1.0 0.788434810359
DS.d1735.s0.i1 1.0 0.567498966792
DS.d1735.s1.i0 1.0 -0.501796250596
DS.d1751.s0.i0 1.0 1.22974820429
DS.d1756.s0.i0 -1 -0.00365304814081
DS.d1756.s0.i1 -1 -0.00365304814081
DS.d1757.s0.i0 1.0 1.99764359455
DS.d1757.s1.i0 1.0 0.166424622084
DS.d1769.s0.i0 1.0 0.630054891311
DS.d1770.s0.i0 1.0 1.14712312182
DS.d1772.s0.i0 1.0 0.0141091094915
DS.d1775.s0.i0 -1 -1.51059006456
DS.d1775.s0.i1 -1 -0.906786592525
DS.d1785.s0.i0 1.0 1.29407656263
DS.d1800.s0.i0 -1 -0.125139360372
DS.d1800.s0.i1 1.0 0.590390233426
DS.d1800.s0.i2 1.0 0.0567216832709
DS.d1802.s0.i0 -1 0.0856526749992
DS.d1810.s0.i0 -1 -0.783890455011
DS.d1810.s0.i1 -1 -1.40533283882
DS.d1810.s1.i0 -1 -1.12554912391
DS.d1815.s0.i0 -1 -1.29307046883
DS.d1815.s0.i1 -1 2.27581347965
DS.d1836.s0.i0 1.0 0.0820678730036
DS.d1836.s0.i1 1.0 0.164003563148
DS.d1836.s0.i2 1.0 0.312640955704
DS.d1836.s0.i3 1.0 -0.255610954825
DS.d1836.s0.i4 1.0 -0.264729112899
DS.d1836.s0.i5 1.0 0.113647557212
DS.d1837.s0.i0 1.0 1.19654869142
DS.d1837.s0.i1 1.0 0.927911295772
DS.d1837.s1.i0 1.0 0.14905924412
DS.d1837.s1.i1 1.0 0.14905924412
DS.d1846.s0.i0 1.0 1.12277614542
DS.d1851.s0.i0 1.0 -0.969110712489
DS.d1851.s0.i1 -1 -0.0968540379039
DS.d1851.s0.i2 -1 -1.6126760904
DS.d1851.s0.i3 1.0 0.0626327087692
DS.d1851.s0.i4 -1 -0.0930624459007
DS.d1851.s0.i5 -1 -0.31802661575
DS.d1853.s0.i0 1.0 -0.681871670606
DS.d1881.s0.i0 1.0 0.966088113059
DS.d1892.s0.i0 -1 -0.2507979247
