DS.d3.s0.i0 1.0 1.68814479506
DS.d3.s0.i1 1.0 2.60579560522
DS.d3.s0.i2 1.0 2.60579560522
DS.d3.s1.i0 1.0 0.466694687432
DS.d3.s1.i1 1.0 0.526390592644
DS.d22.s0.i0 1.0 0.664985049851
DS.d22.s0.i1 1.0 0.124803432263
DS.d22.s0.i2 1.0 0.557477736159
DS.d22.s1.i0 1.0 0.337305586209
DS.d26.s0.i0 -1 -0.422134268507
DS.d26.s0.i1 -1 -0.724784734206
DS.d26.s0.i2 -1 -0.796520633548
DS.d26.s0.i3 -1 -0.11162069832
DS.d26.s0.i4 -1 -0.311582287076
DS.d26.s0.i5 -1 -0.485732756247
DS.d39.s0.i0 -1 -0.254626561912
DS.d45.s0.i0 -1 -1.24589216649
DS.d45.s0.i1 -1 -1.24589216649
DS.d47.s0.i0 1.0 0.349127650815
DS.d47.s0.i1 1.0 0.600468373774
DS.d69.s0.i0 1.0 0.351727633808
DS.d69.s0.i1 1.0 1.02500432218
DS.d72.s0.i0 -1 -0.975769404251
DS.d72.s0.i1 -1 -1.24121632805
DS.d77.s0.i0 1.0 1.05003484834
DS.d77.s0.i1 -1 0.599047138741
DS.d79.s0.i0 -1 0.625623075624
DS.d93.s0.i0 1.0 0.230333787085
DS.d109.s0.i0 1.0 -0.598773952061
DS.d109.s0.i1 1.0 -0.685874737031
DS.d109.s0.i2 -1 -0.344042349354
DS.d109.s0.i3 1.0 -0.648419122458
DS.d109.s0.i4 -1 -0.327767740299
DS.d109.s0.i5 -1 -0.578094578542
DS.d111.s0.i0 1.0 0.633898264043
DS.d111.s0.i1 -1 -1.36364495936
DS.d111.s0.i2 1.0 0.774222306054
DS.d111.s0.i3 1.0 0.445143638151
DS.d111.s0.i4 -1 0.352481252034
DS.d111.s0.i5 1.0 0.486481782304
DS.d136.s0.i0 1.0 1.00725678077
DS.d136.s0.i1 1.0 1.22582850038
DS.d147.s0.i0 -1 -0.878989528557
DS.d147.s0.i1 -1 0.0650599052138
DS.d147.s0.i2 -1 -1.38563975094
DS.d147.s0.i3 -1 0.252186518166
DS.d162.s0.i0 1.0 0.849933368686
DS.d162.s1.i0 1.0 0.66940762163
DS.d175.s0.i0 1.0 0.629819761673
DS.d175.s0.i1 1.0 0.883800597818
DS.d175.s1.i0 1.0 0.377906771488
DS.d178.s0.i0 1.0 1.55644339844
DS.d178.s1.i0 -1 -0.512645417907
DS.d178.s1.i1 -1 -0.605461072977
DS.d183.s0.i0 -1 0.746410219455
DS.d183.s0.i1 -1 0.690691216922
DS.d183.s0.i2 -1 0.898242187738
DS.d199.s0.i0 1.0 1.40083399491
DS.d199.s0.i1 1.0 1.25520783363
DS.d212.s0.i0 -1 -0.878096077173
DS.d216.s0.i0 -1 1.47649875609
DS.d216.s0.i1 1.0 1.87663619496
DS.d216.s1.i0 1.0 0.386218621581
DS.d216.s2.i0 1.0 -0.41828969389
DS.d216.s3.i0 1.0 1.46384000318
DS.d216.s3.i1 1.0 1.76506170542
DS.d224.s0.i0 1.0 0.900279625917
DS.d224.s1.i0 1.0 0.820852678112
DS.d232.s0.i0 1.0 0.796254734168
DS.d232.s0.i1 1.0 0.307603690685
DS.d232.s0.i2 1.0 0.780786901404
DS.d232.s0.i3 1.0 0.283261649065
DS.d232.s0.i4 1.0 0.614914299289
DS.d232.s0.i5 1.0 0.705217506499
DS.d232.s1.i0 1.0 1.27508723199
DS.d232.s1.i1 1.0 1.19445000183
DS.d232.s1.i2 1.0 1.45102659767
DS.d232.s1.i3 1.0 1.19103962217
DS.d232.s2.i0 -1 -1.80071579981
DS.d242.s0.i0 1.0 0.835358624441
DS.d242.s0.i1 1.0 0.737198391741
DS.d242.s0.i2 1.0 0.82711991912
DS.d242.s0.i3 1.0 0.830608661128
DS.d264.s0.i0 1.0 -0.830318934996
DS.d264.s0.i1 1.0 -0.889240260105
DS.d264.s1.i0 1.0 1.49804158533
DS.d295.s0.i0 1.0 -0.187774019009
DS.d295.s1.i0 -1 0.233643083371
DS.d299.s0.i0 -1 1.36710641221
DS.d299.s0.i1 -1 1.12754730835
DS.d309.s0.i0 1.0 0.805627737721
DS.d309.s1.i0 -1 -0.326863911413
DS.d309.s1.i1 -1 0.0691265837379
DS.d309.s1.i2 -1 0.347494004896
DS.d309.s2.i0 1.0 1.39582562445
DS.d309.s2.i1 1.0 0.706957128811
DS.d326.s0.i0 1.0 0.308150749907
DS.d326.s0.i1 -1 -0.190507048735
DS.d345.s0.i0 1.0 0.902019492968
DS.d345.s1.i0 1.0 0.426387581613
DS.d345.s1.i1 1.0 0.0351611589769
DS.d345.s2.i0 1.0 0.56847581511
DS.d345.s2.i1 1.0 0.845254518175
DS.d345.s2.i2 1.0 2.36657459652
DS.d345.s2.i3 1.0 2.22401826186
DS.d345.s3.i0 1.0 1.60318850698
DS.d345.s3.i1 1.0 2.16121484427
DS.d345.s3.i2 1.0 1.76799726467
DS.d352.s0.i0 1.0 1.69122331908
DS.d352.s0.i1 1.0 1.83589485718
DS.d354.s0.i0 1.0 -0.577956920845
DS.d357.s0.i0 1.0 0.165352301265
DS.d357.s0.i1 1.0 0.2520178665
DS.d364.s0.i0 -1 -0.156070371652
DS.d364.s0.i1 -1 -0.421774391085
DS.d364.s1.i0 1.0 1.04194668138
DS.d364.s2.i0 1.0 0.107936340336
DS.d379.s0.i0 -1 -0.890294639255
DS.d379.s0.i1 -1 -0.987591564153
DS.d382.s0.i0 1.0 0.743361123081
DS.d392.s0.i0 1.0 2.81667518228
DS.d403.s0.i0 -1 -0.557650371375
DS.d414.s0.i0 1.0 0.584658884576
DS.d414.s0.i1 1.0 0.602131953365
DS.d421.s0.i0 -1 -0.38709948931
DS.d421.s1.i0 1.0 1.26326204299
DS.d432.s0.i0 1.0 0.124750869724
DS.d432.s0.i1 1.0 0.508273006032
DS.d432.s0.i2 1.0 0.90980434169
DS.d432.s0.i3 1.0 0.570704800571
DS.d432.s1.i0 1.0 1.08256688265
DS.d432.s1.i1 1.0 1.42998101748
DS.d434.s0.i0 1.0 1.31228865174
DS.d439.s0.i0 1.0 0.0575678121971
DS.d446.s0.i0 1.0 0.829501717457
DS.d446.s0.i1 1.0 0.0479196997817
DS.d446.s0.i2 1.0 0.215812367418
DS.d446.s0.i3 1.0 0.83321256178
DS.d446.s1.i0 1.0 0.472251230534
DS.d448.s0.i0 1.0 1.25997334361
DS.d448.s0.i1 1.0 1.39461271668
DS.d448.s1.i0 1.0 1.24313857138
DS.d448.s1.i1 1.0 1.28623302242
DS.d448.s1.i2 1.0 1.27306915196
DS.d448.s1.i3 1.0 1.28631379474
DS.d448.s2.i0 1.0 -0.75656570446
DS.d448.s2.i1 1.0 -0.243711916351
DS.d448.s3.i0 1.0 1.06893116591
DS.d448.s3.i1 1.0 0.398099100773
DS.d456.s0.i0 1.0 -0.307645909998
DS.d456.s0.i1 1.0 -0.282548269065
DS.d456.s0.i2 1.0 -0.456112445524
DS.d456.s0.i3 1.0 0.541501355169
DS.d456.s0.i4 1.0 -0.304920242933
DS.d456.s0.i5 1.0 0.350207845832
DS.d474.s0.i0 -1 1.42385946375
DS.d490.s0.i0 1.0 1.65751065575
DS.d490.s0.i1 1.0 1.65751065575
DS.d493.s0.i0 1.0 0.321960864762
DS.d493.s0.i1 1.0 0.409439973298
DS.d493.s0.i2 1.0 1.22983362105
DS.d493.s1.i0 1.0 0.835002746631
DS.d495.s0.i0 1.0 0.80664489771
DS.d519.s0.i0 1.0 -0.772402569619
DS.d519.s0.i1 1.0 -0.288841560106
DS.d519.s0.i2 1.0 -0.566405102338
DS.d519.s0.i3 1.0 -0.449554165004
DS.d519.s1.i0 1.0 1.35809677675
DS.d519.s2.i0 1.0 0.177827871813
DS.d519.s2.i1 -1 -0.215448711966
DS.d520.s0.i0 1.0 -0.439334465193
DS.d520.s0.i1 -1 -0.417842252108
DS.d520.s1.i0 1.0 -0.521803039769
DS.d520.s1.i1 1.0 -0.23578291575
DS.d520.s1.i2 1.0 0.460527160818
DS.d539.s0.i0 1.0 0.0776286835168
DS.d539.s0.i1 -1 -1.44538985563
DS.d543.s0.i0 1.0 -0.371146571616
DS.d543.s0.i1 1.0 -0.37600188054
DS.d543.s0.i2 -1 -1.57860540438
DS.d554.s0.i0 1.0 -0.944167173674
DS.d554.s0.i1 1.0 -0.799838284606
DS.d554.s0.i2 1.0 -0.893202490218
DS.d571.s0.i0 -1 -0.820071418652
DS.d598.s0.i0 1.0 0.78526147657
DS.d598.s0.i1 1.0 0.78526147657
DS.d600.s0.i0 1.0 1.55674210521
DS.d613.s0.i0 1.0 0.698255098403
DS.d618.s0.i0 1.0 1.37475410746
DS.d618.s0.i1 1.0 1.55349145773
DS.d618.s1.i0 1.0 1.1686191626
DS.d639.s0.i0 -1 -0.813214495764
DS.d647.s0.i0 -1 0.308809258193
DS.d656.s0.i0 -1 0.214964993338
DS.d656.s0.i1 -1 0.264759779113
DS.d656.s0.i2 -1 -0.187048927941
DS.d665.s0.i0 1.0 0.161988287877
DS.d688.s0.i0 1.0 1.6484250083
DS.d688.s1.i0 -1 -0.282355460181
DS.d701.s0.i0 -1 -0.716745450954
DS.d701.s0.i1 -1 -0.488560249754
DS.d703.s0.i0 1.0 1.99601322655
DS.d715.s0.i0 1.0 0.921708185036
DS.d739.s0.i0 1.0 -1.09073511575
DS.d739.s0.i1 1.0 -0.545428118229
DS.d739.s0.i2 1.0 -1.3324769756
DS.d739.s0.i3 1.0 -1.06440720453
DS.d739.s1.i0 1.0 -0.141832891104
DS.d739.s1.i1 1.0 0.0663103800895
DS.d739.s1.i2 1.0 -0.696427038545
DS.d739.s1.i3 1.0 -0.356256142031
DS.d739.s1.i4 1.0 0.243200826414
DS.d739.s1.i5 1.0 -0.0347282034001
DS.d739.s1.i6 1.0 0.553751441088
DS.d739.s1.i7 1.0 0.287609159919
DS.d750.s0.i0 1.0 1.81286732295
DS.d756.s0.i0 1.0 0.199051448644
DS.d756.s0.i1 1.0 0.0737247121427
DS.d765.s0.i0 -1 0.277587700128
DS.d765.s0.i1 -1 1.6172188564
DS.d765.s0.i2 -1 0.277587700128
DS.d765.s0.i3 -1 1.6172188564
DS.d765.s1.i0 -1 -0.0390873418478
DS.d765.s1.i1 -1 -0.368819003838
DS.d765.s1.i2 -1 -0.0390873418478
DS.d765.s1.i3 -1 -0.368819003838
DS.d773.s0.i0 -1 0.292793083744
DS.d773.s0.i1 -1 0.149826406104
DS.d774.s0.i0 -1 0.251281957189
DS.d774.s0.i1 1.0 0.69533752802
DS.d774.s1.i0 -1 -0.405159672577
DS.d774.s1.i1 1.0 0.467957453475
DS.d829.s0.i0 1.0 0.9887001105
DS.d844.s0.i0 1.0 1.23968692688
DS.d851.s0.i0 -1 0.337020127034
DS.d856.s0.i0 -1 -0.230363908444
DS.d856.s0.i1 -1 -0.434847428566
DS.d856.s0.i2 -1 -0.188904856139
DS.d856.s0.i3 -1 -0.352315465185
DS.d856.s0.i4 -1 -0.168421227333
DS.d856.s0.i5 -1 -0.115665174886
DS.d856.s0.i6 -1 -0.82793373161
DS.d856.s0.i7 -1 -0.785446075803
DS.d888.s0.i0 1.0 0.705549369937
DS.d888.s0.i1 1.0 1.06949434006
DS.d888.s0.i2 1.0 0.0276692719306
DS.d888.s0.i3 1.0 0.336002039082
DS.d888.s0.i4 1.0 1.12028598865
DS.d888.s0.i5 1.0 0.384215330686
DS.d898.s0.i0 1.0 0.678545810007
DS.d898.s1.i0 1.0 0.75719930328
DS.d898.s2.i0 1.0 1.13608527606
DS.d898.s2.i1 1.0 1.07225155471
DS.d898.s2.i2 1.0 1.13608527606
DS.d927.s0.i0 -1 -0.0316628587113
DS.d927.s0.i1 -1 -0.170744449976
DS.d927.s0.i2 -1 0.0327808490098
DS.d932.s0.i0 1.0 1.50809048479
DS.d941.s0.i0 -1 0.883030527616
DS.d941.s0.i1 -1 0.870965066622
DS.d941.s0.i2 -1 -0.88024991919
DS.d943.s0.i0 1.0 0.575659616108
DS.d943.s0.i1 1.0 0.511833041974
DS.d943.s1.i0 1.0 1.06600577615
DS.d947.s0.i0 1.0 1.18318518711
DS.d947.s0.i1 1.0 1.18318518711
DS.d967.s0.i0 1.0 -1.23439675839
DS.d967.s0.i1 1.0 -0.96111804442
DS.d967.s0.i2 -1 -0.911711976734
DS.d971.s0.i0 -1 -1.47911981171
DS.d971.s1.i0 -1 -0.863539877071
DS.d987.s0.i0 -1 0.0643059250804
DS.d987.s0.i1 -1 0.292827308231
DS.d987.s0.i2 -1 -1.11189378242
DS.d987.s0.i3 -1 -1.11189378242
DS.d987.s0.i4 -1 -0.539917449342
DS.d987.s0.i5 -1 -0.859651998408
DS.d987.s0.i6 -1 -0.882429095884
DS.d987.s0.i7 -1 0.0855035439758
DS.d987.s0.i8 -1 -1.03634319214
DS.d987.s0.i9 -1 0.311959127802
DS.d989.s0.i0 -1 -1.09692021138
DS.d989.s0.i1 -1 -0.729403278198
DS.d989.s0.i2 -1 -0.653020036772
DS.d989.s0.i3 -1 -1.47566421358
DS.d1001.s0.i0 1.0 0.675430685475
DS.d1001.s0.i1 1.0 0.978948486271
DS.d1001.s1.i0 1.0 0.629137534236
DS.d1014.s0.i0 1.0 0.335980169483
DS.d1019.s0.i0 -1 -1.12803401282
DS.d1019.s0.i1 -1 -1.46573689174
DS.d1019.s1.i0 -1 -1.11297496692
DS.d1023.s0.i0 1.0 -0.17352715038
DS.d1023.s0.i1 1.0 0.366545773214
DS.d1025.s0.i0 1.0 0.91592309434
DS.d1025.s0.i1 -1 0.0197293946115
DS.d1028.s0.i0 1.0 1.48724643434
DS.d1028.s0.i1 1.0 0.111530338043
DS.d1061.s0.i0 -1 -0.939605305772
DS.d1061.s0.i1 -1 -1.25690010304
DS.d1061.s0.i2 -1 -0.290137764311
DS.d1061.s0.i3 -1 -1.44246232206
DS.d1061.s0.i4 -1 -1.53879788592
DS.d1061.s0.i5 -1 -0.486555739539
DS.d1061.s0.i6 -1 -1.30597911655
DS.d1061.s0.i7 -1 -1.63746954846
DS.d1061.s0.i8 -1 -1.60573586959
DS.d1061.s0.i9 -1 -1.29956376056
DS.d1061.s0.i10 -1 -0.915523458285
DS.d1061.s0.i11 -1 -1.49666487656
DS.d1061.s0.i12 -1 -1.09067404391
DS.d1061.s0.i13 -1 -0.777593724095
DS.d1061.s0.i14 -1 -1.0421061289
DS.d1061.s0.i15 -1 -1.35944063319
DS.d1061.s0.i16 -1 -1.30925041694
DS.d1061.s0.i17 -1 -1.02689460969
DS.d1061.s0.i18 -1 -1.38309774828
DS.d1061.s0.i19 -1 -1.2981785174
DS.d1061.s0.i20 -1 -1.22672917587
DS.d1061.s0.i21 -1 -1.03528576231
DS.d1061.s0.i22 -1 -0.690766427994
DS.d1061.s0.i23 -1 -1.12023060191
DS.d1072.s0.i0 -1 -0.165478660771
DS.d1075.s0.i0 -1 -0.357341974528
DS.d1075.s0.i1 -1 -0.0496154495231
DS.d1077.s0.i0 -1 0.234856979589
DS.d1095.s0.i0 1.0 0.57026387264
DS.d1095.s0.i1 1.0 1.11072025224
DS.d1095.s0.i2 1.0 0.839342734165
DS.d1112.s0.i0 -1 -0.898046701282
DS.d1126.s0.i0 -1 -1.01867755348
DS.d1126.s0.i1 -1 -0.897418673839
DS.d1128.s0.i0 1.0 -0.524141248472
DS.d1143.s0.i0 -1 0.109162179517
DS.d1143.s0.i1 -1 -0.273384197327
DS.d1160.s0.i0 1.0 -0.161073976309
DS.d1176.s0.i0 1.0 0.656050669766
DS.d1176.s1.i0 -1 -0.359389581336
DS.d1176.s1.i1 -1 -1.20834514458
DS.d1184.s0.i0 -1 -1.62769679581
DS.d1184.s1.i0 -1 -1.46867445387
DS.d1186.s0.i0 1.0 1.56862400817
DS.d1186.s1.i0 1.0 1.94836231151
DS.d1193.s0.i0 -1 -0.0202405270511
DS.d1193.s0.i1 -1 0.0156969648776
DS.d1199.s0.i0 -1 -1.1648348179
DS.d1199.s1.i0 -1 -1.42966690186
DS.d1199.s2.i0 -1 -0.986602564175
DS.d1208.s0.i0 1.0 0.917142923847
DS.d1214.s0.i0 -1 -1.19115406628
DS.d1214.s1.i0 1.0 1.66993400528
DS.d1236.s0.i0 -1 -0.811613004934
DS.d1236.s1.i0 -1 -1.56289327989
DS.d1236.s2.i0 -1 -1.56932714291
DS.d1238.s0.i0 -1 -0.821288518006
DS.d1238.s0.i1 -1 -0.968231076291
DS.d1238.s0.i2 -1 -0.397064379241
DS.d1238.s0.i3 -1 -1.06169867991
DS.d1240.s0.i0 -1 -0.754512061177
DS.d1253.s0.i0 1.0 0.232950390207
DS.d1253.s0.i1 1.0 0.520690224137
DS.d1261.s0.i0 1.0 0.676768888152
DS.d1269.s0.i0 -1 0.224493096991
DS.d1278.s0.i0 1.0 0.994115604557
DS.d1287.s0.i0 -1 -0.436666913509
DS.d1308.s0.i0 1.0 0.324874271779
DS.d1323.s0.i0 1.0 -0.452643912728
DS.d1327.s0.i0 -1 0.720503188037
DS.d1327.s0.i1 -1 0.317724073931
DS.d1348.s0.i0 -1 -0.288863387732
DS.d1348.s1.i0 1.0 0.823091870144
DS.d1349.s0.i0 -1 -0.221159435068
DS.d1367.s0.i0 1.0 1.56084089811
DS.d1377.s0.i0 1.0 -0.147249838912
DS.d1377.s1.i0 -1 -0.675606511397
DS.d1395.s0.i0 1.0 0.602387633955
DS.d1396.s0.i0 -1 -0.0558702124514
DS.d1396.s0.i1 -1 -0.0197573910906
DS.d1396.s0.i2 -1 -0.0556052906734
DS.d1396.s0.i3 -1 -0.00198733264924
DS.d1406.s0.i0 1.0 0.00496064680337
DS.d1406.s1.i0 1.0 -0.418151743061
DS.d1406.s2.i0 1.0 0.695393531602
DS.d1411.s0.i0 -1 -0.647794571628
DS.d1423.s0.i0 -1 0.176111318637
DS.d1423.s1.i0 1.0 0.0771479122642
DS.d1426.s0.i0 1.0 0.911374630541
DS.d1426.s0.i1 1.0 1.10059988523
DS.d1448.s0.i0 1.0 1.40931511787
DS.d1462.s0.i0 1.0 0.183635706674
DS.d1464.s0.i0 -1 0.283838672877
DS.d1468.s0.i0 1.0 1.1850298207
DS.d1468.s0.i1 1.0 1.15608914292
DS.d1468.s0.i2 1.0 0.269482513006
DS.d1468.s0.i3 1.0 0.496987813434
DS.d1468.s1.i0 -1 -0.684977827958
DS.d1468.s1.i1 -1 -0.321727280981
DS.d1468.s2.i0 1.0 -0.782013739016
DS.d1468.s2.i1 1.0 -0.801011232608
DS.d1468.s3.i0 1.0 0.737545657662
DS.d1468.s3.i1 1.0 1.54243511922
DS.d1468.s3.i2 1.0 1.05353692728
DS.d1471.s0.i0 1.0 0.790461270515
DS.d1471.s1.i0 -1 1.30536289161
DS.d1471.s1.i1 1.0 1.43047884424
DS.d1471.s2.i0 1.0 0.228090227821
DS.d1471.s3.i0 1.0 0.10749973655
DS.d1471.s3.i1 1.0 0.00617229383466
DS.d1492.s0.i0 1.0 -0.231006753035
DS.d1492.s0.i1 1.0 0.237794277765
DS.d1493.s0.i0 1.0 1.16687498134
DS.d1493.s1.i0 1.0 0.981674421183
DS.d1493.s1.i1 1.0 0.731747064832
DS.d1493.s1.i2 1.0 0.731747064832
DS.d1511.s0.i0 -1 -1.02945093776
DS.d1511.s0.i1 -1 -0.967917082594
DS.d1511.s0.i2 -1 -0.967917082594
DS.d1511.s0.i3 -1 -1.02945093776
DS.d1517.s0.i0 1.0 0.818054999977
DS.d1521.s0.i0 1.0 0.98822324326
DS.d1521.s0.i1 1.0 0.982979624092
DS.d1523.s0.i0 -1 -0.370172950008
DS.d1523.s0.i1 -1 -0.8073139646
DS.d1523.s0.i2 -1 -1.04717650653
DS.d1524.s0.i0 -1 0.85312699449
DS.d1524.s0.i1 -1 0.994581428128
DS.d1524.s0.i2 1.0 0.952929314435
DS.d1524.s0.i3 -1 0.886197655334
DS.d1524.s0.i4 -1 0.732618503441
DS.d1524.s0.i5 1.0 1.13461515453
DS.d1528.s0.i0 1.0 0.842977745735
DS.d1530.s0.i0 1.0 -0.318066323722
DS.d1537.s0.i0 1.0 1.57922747707
DS.d1551.s0.i0 -1 1.34232565077
DS.d1577.s0.i0 1.0 -0.0602452886884
DS.d1577.s0.i1 1.0 0.612423078315
DS.d1589.s0.i0 1.0 0.656090741523
DS.d1589.s0.i1 1.0 -0.308271447905
DS.d1593.s0.i0 1.0 -0.116424051928
DS.d1604.s0.i0 -1 -1.20056983287
DS.d1604.s0.i1 -1 -1.66211815877
DS.d1604.s1.i0 -1 -0.651778242941
DS.d1604.s1.i1 -1 -1.54406670754
DS.d1604.s1.i2 -1 -0.807815751622
DS.d1604.s2.i0 -1 -0.522315305155
DS.d1604.s2.i1 -1 -1.46771371355
DS.d1614.s0.i0 1.0 -0.858962287041
DS.d1614.s0.i1 1.0 -0.860888688066
DS.d1614.s0.i2 1.0 0.936069094228
DS.d1628.s0.i0 1.0 0.503966552781
DS.d1637.s0.i0 -1 -1.07128647859
DS.d1637.s0.i1 -1 -0.428124110901
DS.d1637.s1.i0 -1 -1.19614146782
DS.d1637.s1.i1 -1 -0.973308482183
DS.d1639.s0.i0 1.0 0.119020414367
DS.d1641.s0.i0 1.0 1.84912788424
DS.d1641.s0.i1 1.0 0.692992083329
DS.d1664.s0.i0 -1 0.0213842989567
DS.d1664.s0.i1 -1 -0.295676776158
DS.d1664.s1.i0 -1 -0.955903468812
DS.d1664.s2.i0 -1 -0.528688435938
DS.d1664.s3.i0 -1 0.264073997996
DS.d1665.s0.i0 1.0 1.56899462636
DS.d1668.s0.i0 1.0 2.22221056868
DS.d1669.s0.i0 -1 -0.0411799985893
DS.d1669.s1.i0 -1 -0.494921537976
DS.d1669.s1.i1 -1 -0.516349710486
DS.d1680.s0.i0 1.0 0.764341584512
DS.d1680.s0.i1 -1 0.0783687701999
DS.d1681.s0.i0 1.0 1.42974836956
DS.d1681.s0.i1 1.0 1.48706481309
DS.d1681.s1.i0 1.0 0.818493178742
DS.d1688.s0.i0 1.0 -1.72220816458
DS.d1688.s1.i0 1.0 1.66819389456
DS.d1703.s0.i0 1.0 1.48908806257
DS.d1712.s0.i0 1.0 1.65752493083
DS.d1712.s1.i0 -1 -1.46832845245
DS.d1712.s1.i1 -1 0.0354582176196
DS.d1729.s0.i0 1.0 0.627056153537
DS.d1735.s0.i0 1.0 1.14648426923
DS.d1735.s0.i1 1.0 0.981718420213
DS.d1735.s1.i0 1.0 -0.848657589916
DS.d1751.s0.i0 1.0 1.2460305297
DS.d1756.s0.i0 -1 -0.0424487386195
DS.d1756.s0.i1 -1 -0.0424487386195
DS.d1757.s0.i0 1.0 1.92735037557
DS.d1757.s1.i0 1.0 0.209211076594
DS.d1769.s0.i0 1.0 0.209026772344
DS.d1770.s0.i0 1.0 0.929998479782
DS.d1772.s0.i0 1.0 -0.309631406865
DS.d1775.s0.i0 -1 -1.63155392254
DS.d1775.s0.i1 -1 -0.911694519407
DS.d1785.s0.i0 1.0 1.24543582037
DS.d1800.s0.i0 -1 -0.147181602644
DS.d1800.s0.i1 1.0 0.61631622605
DS.d1800.s0.i2 1.0 0.00587802505999
DS.d1802.s0.i0 -1 -0.398534495624
DS.d1810.s0.i0 -1 -0.93035713792
DS.d1810.s0.i1 -1 -1.23956477663
DS.d1810.s1.i0 -1 -1.04207097991
DS.d1815.s0.i0 -1 -1.40800366
DS.d1815.s0.i1 -1 2.01028017816
DS.d1836.s0.i0 1.0 -0.228284931965
DS.d1836.s0.i1 1.0 -0.351262197617
DS.d1836.s0.i2 1.0 -0.0688308660578
DS.d1836.s0.i3 1.0 -0.447092912031
DS.d1836.s0.i4 1.0 -0.502136578699
DS.d1836.s0.i5 1.0 -0.308025695713
DS.d1837.s0.i0 1.0 1.49472443978
DS.d1837.s0.i1 1.0 0.854000134616
DS.d1837.s1.i0 1.0 0.0353830874909
DS.d1837.s1.i1 1.0 0.0353830874909
DS.d1846.s0.i0 1.0 1.0533333093
DS.d1851.s0.i0 1.0 -1.20877243738
DS.d1851.s0.i1 -1 -0.736492259617
DS.d1851.s0.i2 -1 -2.02569201146
DS.d1851.s0.i3 1.0 -0.224562693705
DS.d1851.s0.i4 -1 0.000761842727795
DS.d1851.s0.i5 -1 -0.273730451425
DS.d1853.s0.i0 1.0 -0.707451915881
DS.d1881.s0.i0 1.0 1.65570795591
DS.d1892.s0.i0 -1 -0.307217347568
