DS.d20.s0.i0 -1 -0.511069091165
DS.d20.s0.i1 -1 -0.925275809334
DS.d55.s0.i0 1.0 1.06598560017
DS.d66.s0.i0 1.0 0.769141756013
DS.d66.s0.i1 1.0 -0.244577436414
DS.d66.s0.i2 1.0 0.283219208277
DS.d66.s0.i3 1.0 0.0755844052168
DS.d80.s0.i0 -1 -1.9749979963
DS.d90.s0.i0 -1 0.643375299658
DS.d90.s0.i1 -1 -0.173787194873
DS.d90.s1.i0 1.0 0.715083611951
DS.d90.s1.i1 1.0 0.658435020197
DS.d90.s1.i2 1.0 -0.11369101424
DS.d90.s1.i3 1.0 -0.668212226175
DS.d90.s1.i4 1.0 -0.343769610995
DS.d90.s1.i5 1.0 -0.246053074243
DS.d91.s0.i0 -1 0.146206652748
DS.d91.s0.i1 -1 0.0779998549494
DS.d91.s0.i2 -1 0.0171678125382
DS.d91.s0.i3 -1 -0.040642664289
DS.d91.s0.i4 -1 0.070874013794
DS.d91.s0.i5 1.0 -0.449930529371
DS.d104.s0.i0 -1 1.759517378
DS.d105.s0.i0 -1 0.349322498092
DS.d105.s0.i1 -1 0.349322498092
DS.d106.s0.i0 1.0 -0.462224401718
DS.d106.s0.i1 1.0 -0.30964691665
DS.d112.s0.i0 -1 -0.282255943306
DS.d115.s0.i0 -1 -0.766471311948
DS.d115.s0.i1 1.0 -0.952268938853
DS.d127.s0.i0 -1 -1.09014081549
DS.d137.s0.i0 -1 0.782919740067
DS.d137.s1.i0 -1 0.706150187389
DS.d170.s0.i0 1.0 1.38807879869
DS.d170.s0.i1 1.0 1.10523348474
DS.d176.s0.i0 1.0 -0.21828829331
DS.d176.s0.i1 1.0 -0.423145220366
DS.d176.s0.i2 1.0 -0.200973767793
DS.d187.s0.i0 1.0 0.248667468411
DS.d193.s0.i0 1.0 0.452013000012
DS.d193.s1.i0 1.0 1.55427169206
DS.d208.s0.i0 1.0 0.325447088578
DS.d208.s0.i1 1.0 0.315721844157
DS.d211.s0.i0 1.0 1.83854970613
DS.d221.s0.i0 1.0 0.837110741091
DS.d222.s0.i0 1.0 -0.211530247202
DS.d228.s0.i0 1.0 1.0419396769
DS.d228.s1.i0 1.0 -0.146268343795
DS.d228.s1.i1 1.0 0.625588445906
DS.d229.s0.i0 1.0 0.474877537932
DS.d235.s0.i0 1.0 0.759669876738
DS.d235.s1.i0 1.0 0.287583828377
DS.d235.s1.i1 1.0 -0.000392367485577
DS.d238.s0.i0 -1 1.42628726184
DS.d246.s0.i0 1.0 1.50700195339
DS.d246.s1.i0 1.0 0.51171714316
DS.d246.s2.i0 1.0 0.722201394398
DS.d246.s2.i1 1.0 1.39536865106
DS.d263.s0.i0 1.0 0.2964576766
DS.d263.s0.i1 -1 0.233255696872
DS.d263.s0.i2 1.0 0.335845096295
DS.d263.s0.i3 1.0 1.18578470727
DS.d263.s0.i4 -1 0.240536473225
DS.d263.s0.i5 -1 1.00437807933
DS.d263.s0.i6 -1 0.14939771927
DS.d263.s0.i7 1.0 0.393763835018
DS.d263.s0.i8 -1 0.327692611819
DS.d263.s0.i9 1.0 0.251987118693
DS.d263.s0.i10 1.0 0.343125872649
DS.d263.s0.i11 -1 0.290484417414
DS.d263.s0.i12 -1 0.193868277177
DS.d263.s0.i13 1.0 0.431746595035
DS.d263.s1.i0 1.0 1.47788357381
DS.d271.s0.i0 1.0 0.777795325911
DS.d281.s0.i0 1.0 0.818172787251
DS.d281.s1.i0 1.0 -0.385077185138
DS.d281.s1.i1 1.0 -0.532254031655
DS.d291.s0.i0 -1 -0.465481487387
DS.d306.s0.i0 1.0 1.7844431553
DS.d306.s0.i1 -1 -0.451730295642
DS.d306.s1.i0 1.0 1.71042830471
DS.d306.s1.i1 1.0 1.6438701463
DS.d306.s1.i2 1.0 1.54438127372
DS.d306.s1.i3 1.0 1.42196623717
DS.d306.s1.i4 1.0 1.79651428667
DS.d306.s1.i5 1.0 1.47545988083
DS.d306.s2.i0 -1 -0.171388200975
DS.d306.s3.i0 1.0 0.239454125437
DS.d306.s4.i0 1.0 -0.482220051729
DS.d306.s4.i1 1.0 -0.227538797592
DS.d310.s0.i0 1.0 -0.0334936470214
DS.d310.s0.i1 -1 -1.87760256208
DS.d310.s0.i2 1.0 -1.50194739655
DS.d310.s1.i0 1.0 -1.17194973255
DS.d310.s1.i1 -1 -1.41149362077
DS.d310.s1.i2 1.0 -1.44545018087
DS.d310.s1.i3 -1 -0.79970502236
DS.d319.s0.i0 -1 -0.0206672508995
DS.d319.s0.i1 -1 0.356746418399
DS.d337.s0.i0 1.0 1.00533971859
DS.d337.s0.i1 1.0 1.10463086731
DS.d339.s0.i0 -1 -0.376057407087
DS.d339.s0.i1 -1 -0.45432007773
DS.d366.s0.i0 1.0 0.447673272703
DS.d366.s0.i1 1.0 1.31129955684
DS.d367.s0.i0 1.0 0.542381443338
DS.d367.s0.i1 -1 0.363952169774
DS.d367.s0.i2 -1 0.627969011479
DS.d369.s0.i0 1.0 -1.73222763225
DS.d369.s1.i0 1.0 0.028836677606
DS.d372.s0.i0 1.0 0.374050710318
DS.d372.s0.i1 1.0 0.128767382177
DS.d372.s1.i0 1.0 -0.0123834863467
DS.d372.s1.i1 -1 1.13871781577
DS.d372.s1.i2 1.0 0.0870424659053
DS.d372.s1.i3 -1 0.477337270254
DS.d384.s0.i0 1.0 0.37082408754
DS.d384.s0.i1 -1 0.140162682015
DS.d384.s0.i2 1.0 0.37082408754
DS.d388.s0.i0 -1 0.362125660261
DS.d388.s0.i1 -1 0.4044030037
DS.d396.s0.i0 -1 0.983184309509
DS.d402.s0.i0 -1 -0.76472631731
DS.d402.s0.i1 1.0 1.35279768784
DS.d402.s0.i2 1.0 0.658239045089
DS.d402.s1.i0 -1 0.105511768138
DS.d402.s1.i1 -1 -0.0189537019349
DS.d402.s2.i0 1.0 0.705220476753
DS.d402.s2.i1 1.0 0.765406540393
DS.d402.s2.i2 -1 -0.545939200648
DS.d402.s2.i3 1.0 0.75783130252
DS.d402.s3.i0 1.0 0.462294963052
DS.d402.s3.i1 -1 -1.36037317898
DS.d402.s3.i2 1.0 0.157737857112
DS.d412.s0.i0 1.0 0.927911416362
DS.d417.s0.i0 1.0 0.15450840459
DS.d472.s0.i0 1.0 1.57829723182
DS.d472.s0.i1 1.0 1.23486932465
DS.d477.s0.i0 1.0 1.22706377082
DS.d478.s0.i0 1.0 0.901368332373
DS.d498.s0.i0 1.0 0.656091573137
DS.d498.s0.i1 1.0 0.656091573137
DS.d499.s0.i0 1.0 1.15598065508
DS.d499.s0.i1 1.0 0.661699119924
DS.d501.s0.i0 1.0 0.792503798414
DS.d501.s0.i1 1.0 0.471200450697
DS.d522.s0.i0 -1 -0.678850436056
DS.d522.s0.i1 -1 -0.69341308598
DS.d544.s0.i0 -1 -0.894116544347
DS.d544.s0.i1 -1 -0.745777823238
DS.d544.s0.i2 -1 -0.486578793575
DS.d544.s0.i3 -1 -0.265294737339
DS.d568.s0.i0 1.0 -0.935193960366
DS.d568.s0.i1 1.0 -0.244680425888
DS.d568.s0.i2 1.0 -0.505142806864
DS.d568.s0.i3 1.0 -0.407211705125
DS.d568.s0.i4 1.0 -0.339556839717
DS.d568.s1.i0 1.0 -0.0705680981462
DS.d568.s2.i0 1.0 -0.734779485592
DS.d569.s0.i0 1.0 2.04953418313
DS.d569.s0.i1 -1 1.07295622038
DS.d574.s0.i0 -1 -1.19319718602
DS.d574.s0.i1 -1 -1.04190713598
DS.d574.s0.i2 -1 -0.91243499892
DS.d574.s0.i3 -1 -0.989809323264
DS.d576.s0.i0 1.0 1.19743960703
DS.d576.s0.i1 -1 0.440993239381
DS.d576.s0.i2 1.0 1.32032576164
DS.d576.s1.i0 -1 1.10132645428
DS.d576.s1.i1 1.0 1.04798632187
DS.d576.s2.i0 1.0 0.498456945334
DS.d576.s2.i1 1.0 0.47140382445
DS.d590.s0.i0 1.0 0.335569985099
DS.d595.s0.i0 1.0 0.420456147032
DS.d595.s0.i1 1.0 0.935514233775
DS.d595.s0.i2 1.0 0.853124977381
DS.d596.s0.i0 1.0 2.34933615921
DS.d596.s0.i1 1.0 2.2457070828
DS.d601.s0.i0 1.0 0.488194121822
DS.d603.s0.i0 1.0 0.409554485883
DS.d603.s0.i1 1.0 1.47262604692
DS.d604.s0.i0 1.0 0.550998584694
DS.d607.s0.i0 1.0 0.827604516879
DS.d607.s0.i1 1.0 0.842905316674
DS.d607.s0.i2 -1 0.986848546177
DS.d610.s0.i0 1.0 1.10951489068
DS.d612.s0.i0 1.0 0.350925293504
DS.d612.s0.i1 -1 -0.0533831113949
DS.d620.s0.i0 -1 -0.629784337948
DS.d620.s0.i1 -1 -0.81229759253
DS.d620.s0.i2 -1 -1.30316639618
DS.d620.s0.i3 -1 -1.13902547809
DS.d620.s0.i4 -1 -0.961087087297
DS.d620.s0.i5 -1 0.119298038742
DS.d620.s0.i6 -1 -1.18151285911
DS.d620.s0.i7 -1 -1.55016170471
DS.d620.s0.i8 -1 -0.21225070441
DS.d620.s0.i9 -1 -1.07556520944
DS.d620.s0.i10 -1 -0.548199806903
DS.d620.s0.i11 -1 -1.35109010808
DS.d620.s0.i12 -1 -1.18110289109
DS.d620.s0.i13 -1 -0.410610774291
DS.d620.s0.i14 -1 -1.38862072747
DS.d620.s0.i15 -1 -1.08502836929
DS.d620.s0.i16 -1 -1.06419116422
DS.d620.s0.i17 -1 -0.416184957738
DS.d620.s0.i18 -1 -0.526920109372
DS.d620.s0.i19 -1 -1.1958494721
DS.d620.s0.i20 -1 -1.28762983943
DS.d620.s1.i0 -1 0.961596712407
DS.d626.s0.i0 1.0 2.19427052869
DS.d626.s1.i0 1.0 2.12853174307
DS.d626.s2.i0 1.0 0.717020867988
DS.d626.s3.i0 1.0 1.94900675831
DS.d627.s0.i0 1.0 0.299032923276
DS.d635.s0.i0 1.0 2.16519872804
DS.d635.s0.i1 1.0 1.70939203773
DS.d646.s0.i0 1.0 0.325370827979
DS.d646.s0.i1 1.0 0.266732376734
DS.d646.s0.i2 1.0 0.650205581258
DS.d646.s0.i3 1.0 0.357079020885
DS.d646.s0.i4 1.0 0.446007871747
DS.d646.s0.i5 1.0 0.218107457484
DS.d652.s0.i0 1.0 1.34563573657
DS.d652.s0.i1 -1 0.457660733578
DS.d652.s1.i0 1.0 0.956091868075
DS.d652.s1.i1 -1 -1.14021447504
DS.d652.s1.i2 -1 -1.23351429288
DS.d652.s1.i3 1.0 0.410828001792
DS.d652.s1.i4 -1 -1.07584868364
DS.d652.s1.i5 -1 -1.17453591796
DS.d652.s1.i6 1.0 0.472397397984
DS.d652.s1.i7 1.0 0.328277776728
DS.d652.s2.i0 -1 -1.03736907516
DS.d652.s2.i1 -1 -1.17196600292
DS.d655.s0.i0 1.0 0.832657498543
DS.d655.s0.i1 1.0 0.397881263218
DS.d655.s1.i0 -1 0.57341276072
DS.d655.s1.i1 1.0 1.45042582283
DS.d655.s1.i2 -1 0.0972611349354
DS.d681.s0.i0 1.0 0.946343321246
DS.d681.s0.i1 1.0 -0.0165640730095
DS.d681.s1.i0 -1 0.0495380387046
DS.d681.s1.i1 -1 0.268068172934
DS.d681.s1.i2 -1 0.385708097957
DS.d681.s1.i3 -1 0.59668623796
DS.d681.s1.i4 1.0 0.887774549314
DS.d681.s1.i5 -1 0.755587784429
DS.d681.s1.i6 1.0 1.46606691322
DS.d681.s1.i7 -1 0.230402262682
DS.d681.s1.i8 1.0 0.899404516152
DS.d682.s0.i0 1.0 -0.887853824725
DS.d682.s0.i1 1.0 -0.750139528072
DS.d682.s0.i2 1.0 -0.599528028775
DS.d696.s0.i0 1.0 0.210177366744
DS.d696.s0.i1 1.0 1.23747986719
DS.d696.s0.i2 -1 0.837428406708
DS.d696.s0.i3 1.0 0.900315268903
DS.d696.s0.i4 1.0 1.45170121616
DS.d696.s0.i5 -1 0.391775077078
DS.d696.s1.i0 1.0 1.55307168668
DS.d696.s1.i1 -1 0.354188515272
DS.d696.s2.i0 1.0 1.35884841302
DS.d696.s3.i0 1.0 1.400412902
DS.d696.s3.i1 1.0 1.18624791537
DS.d696.s3.i2 -1 1.21772339409
DS.d696.s4.i0 1.0 2.46025137556
DS.d696.s5.i0 1.0 0.857257080409
DS.d696.s5.i1 1.0 1.19549297246
DS.d696.s5.i2 -1 1.16872457532
DS.d702.s0.i0 1.0 1.07312597341
DS.d702.s0.i1 1.0 1.09487575701
DS.d702.s0.i2 1.0 1.02821393521
DS.d724.s0.i0 1.0 2.15615397656
DS.d724.s0.i1 1.0 1.54301702725
DS.d724.s0.i2 1.0 -0.125645788443
DS.d738.s0.i0 1.0 0.870610297737
DS.d738.s0.i1 1.0 0.27772543341
DS.d738.s1.i0 1.0 0.995609270762
DS.d740.s0.i0 1.0 0.389658728249
DS.d740.s0.i1 1.0 0.391255422795
DS.d753.s0.i0 1.0 -1.09269630128
DS.d753.s1.i0 1.0 -0.166135977232
DS.d753.s1.i1 1.0 -0.343898800205
DS.d753.s2.i0 -1 -1.01160029251
DS.d753.s2.i1 -1 -0.760433442808
DS.d758.s0.i0 1.0 0.449687797129
DS.d785.s0.i0 1.0 0.743594590684
DS.d785.s0.i1 1.0 -0.237884124882
DS.d796.s0.i0 -1 -0.452936238199
DS.d796.s0.i1 -1 0.497985658369
DS.d796.s0.i2 -1 -0.452936238199
DS.d796.s0.i3 -1 -0.452936238199
DS.d796.s0.i4 -1 0.497985658369
DS.d796.s0.i5 -1 -0.452936238199
DS.d796.s1.i0 1.0 0.989569440315
DS.d796.s1.i1 1.0 0.463774006274
DS.d796.s1.i2 1.0 0.671527732924
DS.d800.s0.i0 1.0 1.31035569509
DS.d816.s0.i0 1.0 0.0353030525245
DS.d816.s0.i1 -1 -0.307847387021
DS.d816.s0.i2 -1 0.448264030087
DS.d816.s0.i3 1.0 -0.242627234127
DS.d816.s0.i4 -1 -0.497115033194
DS.d816.s0.i5 1.0 1.07225438629
DS.d823.s0.i0 -1 0.841231337395
DS.d833.s0.i0 1.0 1.65400344335
DS.d840.s0.i0 1.0 0.71181125326
DS.d840.s0.i1 1.0 0.831769107101
DS.d845.s0.i0 -1 -0.160449243299
DS.d845.s1.i0 1.0 -0.0385577886906
DS.d845.s2.i0 -1 -1.24478485442
DS.d857.s0.i0 -1 -1.5073281521
DS.d857.s0.i1 -1 -0.872852553896
DS.d859.s0.i0 1.0 0.884586905077
DS.d870.s0.i0 -1 -0.298469574613
DS.d890.s0.i0 1.0 0.944473950501
DS.d902.s0.i0 -1 -0.846138145997
DS.d902.s0.i1 -1 0.0900279458583
DS.d902.s0.i2 -1 -0.660648623155
DS.d917.s0.i0 1.0 1.35063137424
DS.d917.s1.i0 -1 0.585991970832
DS.d917.s2.i0 1.0 1.30194189664
DS.d918.s0.i0 -1 -1.09810414277
DS.d918.s0.i1 -1 -0.349970446761
DS.d918.s0.i2 -1 -0.395511009539
DS.d918.s0.i3 -1 -1.41746034092
DS.d951.s0.i0 -1 -1.25556431613
DS.d951.s0.i1 -1 -0.679103816295
DS.d951.s0.i2 -1 -1.0602445267
DS.d974.s0.i0 1.0 1.35620446876
DS.d1021.s0.i0 -1 -0.898693243916
DS.d1043.s0.i0 -1 -0.224046325695
DS.d1043.s0.i1 -1 -0.356407552338
DS.d1043.s0.i2 -1 -0.560405752069
DS.d1043.s0.i3 -1 -0.719414161277
DS.d1055.s0.i0 -1 -0.862164444713
DS.d1057.s0.i0 -1 -0.277666954056
DS.d1057.s1.i0 -1 -0.545156273934
DS.d1065.s0.i0 -1 -0.0121019999171
DS.d1065.s0.i1 1.0 1.56521533051
DS.d1065.s1.i0 -1 0.184718791873
DS.d1065.s2.i0 -1 -0.0527604543683
DS.d1074.s0.i0 -1 0.201397537647
DS.d1074.s1.i0 -1 0.762625966714
DS.d1088.s0.i0 1.0 0.794466067413
DS.d1101.s0.i0 1.0 -0.207078166254
DS.d1101.s0.i1 1.0 0.0696432362829
DS.d1110.s0.i0 1.0 0.63116449247
DS.d1110.s0.i1 1.0 0.63116449247
DS.d1113.s0.i0 -1 -0.0674153424801
DS.d1117.s0.i0 1.0 1.03709950027
DS.d1120.s0.i0 1.0 -0.092085275347
DS.d1120.s0.i1 -1 -1.54379969356
DS.d1120.s0.i2 -1 -1.01281411089
DS.d1120.s0.i3 -1 -1.00563772362
DS.d1120.s0.i4 1.0 -0.0235071135398
DS.d1120.s0.i5 1.0 -0.0275882212386
DS.d1120.s0.i6 -1 -1.67234234592
DS.d1120.s0.i7 1.0 -0.16526992085
DS.d1132.s0.i0 1.0 0.767100582305
DS.d1132.s0.i1 1.0 0.0746223701568
DS.d1139.s0.i0 1.0 0.327625664007
DS.d1153.s0.i0 -1 1.03247596952
DS.d1168.s0.i0 1.0 0.995950446791
DS.d1189.s0.i0 1.0 0.905893012094
DS.d1192.s0.i0 1.0 0.59121668835
DS.d1200.s0.i0 -1 0.867109389812
DS.d1207.s0.i0 1.0 0.573585717313
DS.d1207.s1.i0 1.0 0.0243213658665
DS.d1213.s0.i0 -1 -1.0933434894
DS.d1219.s0.i0 1.0 0.933284535523
DS.d1219.s0.i1 1.0 0.418281579468
DS.d1228.s0.i0 -1 -0.871913878542
DS.d1228.s1.i0 -1 -0.375675342911
DS.d1263.s0.i0 -1 -0.711934436844
DS.d1263.s0.i1 -1 1.26118248164
DS.d1272.s0.i0 -1 -0.137193906279
DS.d1272.s1.i0 1.0 0.47037523444
DS.d1293.s0.i0 1.0 -0.328001360034
DS.d1310.s0.i0 1.0 0.358384404197
DS.d1321.s0.i0 1.0 -0.0279172889173
DS.d1321.s0.i1 1.0 -0.285556294565
DS.d1321.s0.i2 1.0 -0.31662735592
DS.d1340.s0.i0 1.0 1.14671820619
DS.d1354.s0.i0 -1 -0.316635956217
DS.d1354.s0.i1 -1 0.258753762703
DS.d1355.s0.i0 1.0 0.912157475821
DS.d1366.s0.i0 1.0 1.71020659562
DS.d1372.s0.i0 1.0 0.284585393697
DS.d1379.s0.i0 1.0 0.64238606663
DS.d1379.s1.i0 1.0 1.07994592652
DS.d1379.s1.i1 1.0 0.938361059038
DS.d1379.s1.i2 1.0 -0.355473282183
DS.d1379.s1.i3 1.0 -1.01016062328
DS.d1402.s0.i0 1.0 1.69605892831
DS.d1420.s0.i0 -1 -0.585576866313
DS.d1420.s0.i1 -1 -0.951412725025
DS.d1420.s0.i2 1.0 -0.440417212317
DS.d1420.s0.i3 -1 -0.303131135479
DS.d1420.s0.i4 1.0 -0.323279700069
DS.d1420.s0.i5 -1 -1.34661496093
DS.d1433.s0.i0 1.0 -0.362963360426
DS.d1433.s0.i1 1.0 -0.15653683267
DS.d1433.s0.i2 1.0 -0.444882490518
DS.d1437.s0.i0 1.0 0.952995498336
DS.d1450.s0.i0 -1 -0.186369151085
DS.d1450.s0.i1 1.0 -0.375576193648
DS.d1461.s0.i0 1.0 1.9784463261
DS.d1461.s1.i0 1.0 1.09191453297
DS.d1470.s0.i0 1.0 0.295465635621
DS.d1470.s0.i1 1.0 -0.474484575337
DS.d1482.s0.i0 -1 -1.21241084213
DS.d1482.s0.i1 -1 -0.572891101175
DS.d1482.s0.i2 -1 -1.21241084213
DS.d1483.s0.i0 1.0 1.00596133596
DS.d1487.s0.i0 1.0 1.42441970858
DS.d1487.s0.i1 1.0 1.15437583449
DS.d1487.s1.i0 1.0 0.38434454872
DS.d1487.s1.i1 1.0 0.786873269407
DS.d1487.s2.i0 1.0 1.82867629122
DS.d1487.s3.i0 1.0 0.787106555849
DS.d1490.s0.i0 -1 -0.411892997185
DS.d1498.s0.i0 1.0 1.17785635237
DS.d1503.s0.i0 1.0 1.75428404868
DS.d1503.s1.i0 1.0 -0.38241310421
DS.d1505.s0.i0 -1 -0.301628417703
DS.d1505.s1.i0 -1 -1.39080965254
DS.d1522.s0.i0 1.0 0.922536223234
DS.d1522.s0.i1 1.0 1.03639137634
DS.d1522.s1.i0 -1 0.567056425996
DS.d1522.s2.i0 -1 -0.453009359074
DS.d1522.s3.i0 1.0 0.763159664359
DS.d1535.s0.i0 -1 -0.0575560086418
DS.d1536.s0.i0 1.0 0.196062963006
DS.d1539.s0.i0 1.0 1.24127776017
DS.d1539.s1.i0 1.0 1.04828380721
DS.d1555.s0.i0 -1 -0.625021023252
DS.d1555.s0.i1 -1 -0.669942093544
DS.d1575.s0.i0 1.0 0.792189596502
DS.d1575.s0.i1 1.0 0.030834775716
DS.d1575.s0.i2 1.0 0.581776827248
DS.d1609.s0.i0 1.0 -0.261493548604
DS.d1618.s0.i0 -1 -0.15354005953
DS.d1618.s0.i1 -1 -0.439009331058
DS.d1618.s1.i0 -1 -0.046993245944
DS.d1621.s0.i0 1.0 1.45815299193
DS.d1621.s1.i0 1.0 0.24710291675
DS.d1623.s0.i0 1.0 0.497358417667
DS.d1626.s0.i0 1.0 1.3992081442
DS.d1627.s0.i0 -1 0.442659624086
DS.d1627.s1.i0 -1 1.0678324355
DS.d1632.s0.i0 1.0 0.327728485695
DS.d1632.s0.i1 -1 -0.266131202677
DS.d1632.s0.i2 1.0 1.25591897992
DS.d1632.s0.i3 -1 -0.830351965777
DS.d1646.s0.i0 1.0 0.251624730699
DS.d1647.s0.i0 -1 -1.20176552313
DS.d1675.s0.i0 -1 1.14051294287
DS.d1675.s0.i1 -1 1.18871951171
DS.d1675.s0.i2 -1 1.24399743644
DS.d1675.s0.i3 -1 1.11588195367
DS.d1676.s0.i0 1.0 -0.34795689539
DS.d1676.s0.i1 1.0 0.0005943897829
DS.d1676.s0.i2 1.0 -0.852287785632
DS.d1676.s0.i3 1.0 0.0320873681512
DS.d1676.s0.i4 1.0 0.289848539811
DS.d1676.s0.i5 1.0 0.626728286985
DS.d1676.s0.i6 1.0 0.0438623121836
DS.d1676.s0.i7 1.0 -0.0650360104615
DS.d1676.s0.i8 1.0 -0.397068691362
DS.d1676.s0.i9 1.0 0.394565655555
DS.d1676.s0.i10 1.0 -0.849806516914
DS.d1676.s0.i11 1.0 -0.163436108602
DS.d1676.s1.i0 -1 0.265799604168
DS.d1676.s1.i1 -1 0.354804122841
DS.d1689.s0.i0 1.0 0.584075376941
DS.d1698.s0.i0 1.0 -0.208439033267
DS.d1709.s0.i0 1.0 0.853331347902
DS.d1727.s0.i0 1.0 0.0492008206195
DS.d1748.s0.i0 1.0 0.938093230375
DS.d1748.s0.i1 1.0 -0.402900773699
DS.d1748.s1.i0 1.0 1.22002441879
DS.d1760.s0.i0 1.0 1.86671082112
DS.d1764.s0.i0 -1 -1.00990771475
DS.d1768.s0.i0 1.0 0.630881425357
DS.d1768.s1.i0 1.0 -0.706004871475
DS.d1768.s2.i0 -1 -0.301555885946
DS.d1771.s0.i0 1.0 0.385605501902
DS.d1771.s1.i0 1.0 0.933900895238
DS.d1771.s1.i1 1.0 -0.26940814146
DS.d1771.s1.i2 1.0 0.875285524453
DS.d1771.s2.i0 1.0 -0.0402837655401
DS.d1771.s2.i1 1.0 -0.451626937368
DS.d1771.s3.i0 1.0 0.134566964625
DS.d1788.s0.i0 1.0 1.89762759109
DS.d1788.s0.i1 1.0 1.93102882782
DS.d1825.s0.i0 -1 -0.344217913295
DS.d1826.s0.i0 -1 -1.51912853549
DS.d1826.s1.i0 -1 -0.559350421347
DS.d1826.s2.i0 -1 -0.875349900847
DS.d1826.s3.i0 -1 -1.06452375872
DS.d1828.s0.i0 1.0 0.703305687846
DS.d1828.s0.i1 1.0 0.808820932489
DS.d1833.s0.i0 1.0 0.288485272955
DS.d1833.s0.i1 1.0 0.123416055586
DS.d1833.s0.i2 1.0 0.0852941131832
DS.d1833.s1.i0 1.0 1.13545483754
DS.d1833.s1.i1 1.0 1.25522198581
DS.d1833.s1.i2 1.0 0.875602090769
DS.d1833.s1.i3 1.0 1.10889549834
DS.d1833.s1.i4 1.0 1.0239687546
DS.d1835.s0.i0 1.0 1.96580014944
DS.d1838.s0.i0 1.0 1.17850382677
DS.d1848.s0.i0 1.0 1.28618699933
DS.d1850.s0.i0 1.0 0.571230042563
DS.d1852.s0.i0 1.0 0.0959296955768
DS.d1852.s0.i1 1.0 0.487308313369
DS.d1852.s0.i2 1.0 0.74888948398
DS.d1859.s0.i0 -1 -0.619002716861
DS.d1859.s0.i1 -1 -0.846302702729
DS.d1859.s0.i2 -1 -0.608577176892
DS.d1859.s0.i3 -1 -0.742681325683
DS.d1859.s0.i4 -1 -0.298727846282
DS.d1859.s0.i5 -1 -0.355999476593
DS.d1861.s0.i0 1.0 0.980136641871
DS.d1861.s0.i1 1.0 0.980136641871
DS.d1865.s0.i0 1.0 1.15436915161
DS.d1867.s0.i0 1.0 -0.0696211408507
DS.d1867.s0.i1 1.0 -0.2587173837
DS.d1867.s0.i2 1.0 -0.18900237399
DS.d1867.s0.i3 1.0 -0.0855615644995
DS.d1868.s0.i0 1.0 1.29333543801
DS.d1876.s0.i0 1.0 1.68094866339
DS.d1876.s0.i1 -1 1.36946885919
DS.d1895.s0.i0 1.0 0.933399732576
DS.d1895.s0.i1 1.0 0.914321607131
DS.d1895.s0.i2 1.0 0.882950361267
DS.d1895.s0.i3 1.0 0.849312041313
DS.d1895.s0.i4 1.0 0.99120596301
