DS2.d65.s0.i0 -1.000000 -0.264490
DS2.d66.s0.i0 1.000000 0.655079
DS2.d66.s0.i1 1.000000 0.584941
DS2.d67.s0.i1 -1.000000 -0.739456
DS2.d67.s0.i0 -1.000000 -0.784703
DS2.d60.s0.i0 1.000000 0.967563
DS2.d61.s3.i0 1.000000 0.545327
DS2.d61.s2.i1 1.000000 0.682131
DS2.d61.s2.i0 1.000000 0.648359
DS2.d61.s1.i0 -1.000000 -0.110779
DS2.d61.s0.i1 1.000000 0.669707
DS2.d61.s0.i0 1.000000 0.625957
DS2.d62.s0.i0 -1.000000 -0.489116
DS2.d62.s0.i1 -1.000000 -0.683121
DS2.d62.s1.i0 -1.000000 -0.606803
DS2.d63.s0.i1 1.000000 -0.387988
DS2.d63.s0.i0 -1.000000 -0.693335
DS2.d68.s0.i0 1.000000 0.555212
DS2.d68.s1.i0 1.000000 0.706651
DS2.d68.s2.i0 1.000000 0.725327
DS2.d68.s2.i1 1.000000 0.564260
DS2.d68.s2.i2 1.000000 0.725327
DS2.d69.s0.i2 -1.000000 -0.382999
DS2.d69.s0.i1 -1.000000 -0.516293
DS2.d69.s0.i0 -1.000000 -0.375441
DS2.d513.s0.i0 1.000000 0.263566
DS2.d233.s0.i1 1.000000 0.284078
DS2.d233.s0.i0 1.000000 0.188470
DS2.d512.s0.i0 -1.000000 -0.243332
DS2.d164.s0.i0 1.000000 0.054842
DS2.d165.s3.i0 1.000000 0.706459
DS2.d165.s2.i0 1.000000 0.615574
DS2.d165.s1.i0 1.000000 0.582735
DS2.d165.s1.i1 1.000000 0.454871
DS2.d165.s0.i0 -1.000000 -0.057562
DS2.d166.s0.i0 -1.000000 -0.504744
DS2.d166.s0.i1 -1.000000 -0.444957
DS2.d166.s0.i2 -1.000000 -0.441567
DS2.d167.s0.i1 1.000000 0.452619
DS2.d167.s0.i0 1.000000 0.838659
DS2.d167.s0.i2 1.000000 0.803832
DS2.d160.s0.i2 -1.000000 -0.700083
DS2.d160.s0.i3 -1.000000 -0.701615
DS2.d160.s0.i0 -1.000000 -0.647930
DS2.d160.s0.i1 -1.000000 -0.671560
DS2.d161.s0.i0 -1.000000 -0.691625
DS2.d162.s0.i0 -1.000000 0.101005
DS2.d163.s0.i1 1.000000 0.851554
DS2.d163.s0.i0 1.000000 1.007733
DS2.d168.s0.i0 1.000000 0.305388
DS2.d168.s0.i1 -1.000000 0.036800
DS2.d169.s0.i1 -1.000000 -0.696578
DS2.d169.s0.i0 -1.000000 -0.741568
DS2.d638.s0.i2 1.000000 0.847427
DS2.d638.s0.i3 1.000000 0.875124
DS2.d638.s0.i0 1.000000 0.860594
DS2.d638.s0.i1 1.000000 0.855345
DS2.d638.s1.i1 -1.000000 -0.405959
DS2.d638.s1.i0 -1.000000 -0.438372
DS2.d638.s2.i0 1.000000 0.254254
DS2.d638.s2.i1 1.000000 0.173130
DS2.d638.s3.i2 1.000000 0.811825
DS2.d638.s3.i1 1.000000 0.838077
DS2.d638.s3.i0 1.000000 0.688339
DS2.d639.s1.i0 -1.000000 0.020715
DS2.d639.s1.i1 1.000000 0.462754
DS2.d639.s1.i2 1.000000 0.402799
DS2.d639.s1.i3 1.000000 0.425780
DS2.d639.s1.i4 -1.000000 -0.021354
DS2.d639.s1.i5 1.000000 0.368685
DS2.d639.s0.i0 -1.000000 -0.497698
DS2.d733.s0.i0 1.000000 0.824338
DS2.d733.s0.i1 1.000000 0.722598
DS2.d732.s0.i0 1.000000 0.605657
DS2.d735.s0.i4 1.000000 0.801929
DS2.d735.s0.i5 1.000000 0.850687
DS2.d735.s0.i2 1.000000 0.850687
DS2.d735.s0.i3 1.000000 0.761724
DS2.d735.s0.i0 1.000000 0.761724
DS2.d735.s0.i1 1.000000 0.801929
DS2.d735.s1.i1 -1.000000 0.015093
DS2.d735.s1.i0 -1.000000 0.048967
DS2.d735.s1.i2 1.000000 0.230232
DS2.d735.s2.i0 1.000000 0.640431
DS2.d735.s2.i1 1.000000 0.590599
DS2.d735.s3.i1 1.000000 0.647928
DS2.d735.s3.i0 1.000000 0.556195
DS2.d734.s0.i0 -1.000000 0.041724
DS2.d737.s0.i0 1.000000 0.667130
DS2.d736.s0.i0 -1.000000 0.117968
DS2.d630.s0.i0 -1.000000 0.295363
DS2.d631.s1.i0 1.000000 0.664782
DS2.d631.s0.i0 1.000000 0.979054
DS2.d632.s0.i0 1.000000 0.362249
DS2.d633.s1.i0 1.000000 0.713107
DS2.d633.s1.i1 1.000000 0.600575
DS2.d633.s0.i0 1.000000 0.517106
DS2.d634.s0.i0 -1.000000 0.030312
DS2.d635.s0.i5 1.000000 0.785155
DS2.d635.s0.i4 1.000000 0.679039
DS2.d635.s0.i3 1.000000 0.697749
DS2.d635.s0.i2 1.000000 0.641890
DS2.d635.s0.i1 1.000000 0.754814
DS2.d635.s0.i0 1.000000 0.785155
DS2.d636.s0.i0 1.000000 0.593315
DS2.d637.s0.i0 -1.000000 0.091372
DS2.d1009.s4.i0 -1.000000 0.537763
DS2.d1009.s2.i0 1.000000 0.721598
DS2.d1009.s3.i0 1.000000 0.488727
DS2.d1009.s0.i0 1.000000 1.108590
DS2.d1009.s0.i1 1.000000 1.148421
DS2.d1009.s0.i2 1.000000 0.955331
DS2.d1009.s0.i3 1.000000 0.915391
DS2.d1009.s1.i1 1.000000 0.747395
DS2.d1009.s1.i0 1.000000 0.795470
DS2.d1008.s0.i0 1.000000 0.535880
DS2.d1003.s0.i2 1.000000 0.786281
DS2.d1003.s0.i0 1.000000 0.689372
DS2.d1003.s0.i1 1.000000 0.866175
DS2.d1003.s1.i1 1.000000 0.761623
DS2.d1003.s1.i0 1.000000 0.782616
DS2.d1003.s1.i3 1.000000 0.728565
DS2.d1003.s1.i2 1.000000 0.651052
DS2.d1003.s1.i4 1.000000 0.768583
DS2.d1002.s0.i1 -1.000000 -0.417015
DS2.d1002.s0.i0 -1.000000 -0.169229
DS2.d1001.s0.i0 1.000000 0.141172
DS2.d1001.s0.i1 1.000000 0.301526
DS2.d1006.s0.i5 1.000000 0.564950
DS2.d1006.s0.i4 1.000000 0.631650
DS2.d1006.s0.i3 1.000000 0.547523
DS2.d1006.s0.i2 1.000000 0.582632
DS2.d1006.s0.i1 1.000000 0.658052
DS2.d1006.s0.i0 1.000000 0.489209
DS2.d1005.s0.i0 1.000000 0.922612
DS2.d1004.s0.i0 -1.000000 0.081885
DS2.d229.s0.i0 1.000000 0.092185
DS2.d228.s1.i0 1.000000 0.265387
DS2.d228.s1.i1 1.000000 0.083809
DS2.d228.s0.i0 1.000000 0.295991
DS2.d227.s0.i0 -1.000000 -0.374514
DS2.d227.s1.i0 -1.000000 -0.218895
DS2.d226.s0.i0 -1.000000 0.655656
DS2.d225.s0.i0 -1.000000 -0.240266
DS2.d224.s1.i0 1.000000 0.288288
DS2.d224.s0.i1 1.000000 0.398369
DS2.d224.s0.i0 1.000000 0.430246
DS2.d224.s2.i1 -1.000000 -0.637157
DS2.d224.s2.i0 -1.000000 -0.649440
DS2.d223.s0.i0 1.000000 0.822903
DS2.d222.s1.i0 -1.000000 -0.456200
DS2.d222.s0.i0 -1.000000 -0.413974
DS2.d221.s0.i0 -1.000000 -0.500051
DS2.d221.s0.i1 1.000000 -0.278244
DS2.d221.s0.i2 -1.000000 -0.612507
DS2.d595.s0.i0 1.000000 0.904643
DS2.d595.s1.i0 1.000000 0.584032
DS2.d594.s0.i0 -1.000000 0.175518
DS2.d597.s0.i0 -1.000000 0.278811
DS2.d597.s0.i1 -1.000000 0.003703
DS2.d897.s0.i0 1.000000 0.559045
DS2.d890.s0.i0 1.000000 0.651065
DS2.d459.s0.i0 -1.000000 0.005764
DS2.d593.s0.i0 -1.000000 -0.110426
DS2.d593.s1.i0 1.000000 0.323992
DS2.d592.s0.i0 1.000000 0.433881
DS2.d454.s0.i0 1.000000 1.104835
DS2.d454.s1.i0 1.000000 0.633315
DS2.d455.s0.i1 -1.000000 0.072283
DS2.d455.s0.i0 -1.000000 -0.012874
DS2.d456.s0.i0 -1.000000 -0.802006
DS2.d456.s1.i0 -1.000000 -0.466912
DS2.d457.s0.i0 -1.000000 -0.007292
DS2.d450.s0.i0 1.000000 0.085103
DS2.d451.s1.i0 -1.000000 -0.628545
DS2.d451.s1.i1 1.000000 0.032276
DS2.d451.s0.i2 1.000000 0.475196
DS2.d451.s0.i1 1.000000 0.214313
DS2.d451.s0.i0 -1.000000 0.149314
DS2.d452.s0.i0 -1.000000 -0.768472
DS2.d453.s0.i0 -1.000000 -0.322523
DS2.d353.s0.i0 -1.000000 -0.525954
DS2.d353.s1.i0 -1.000000 -0.355128
DS2.d352.s0.i1 -1.000000 -0.659945
DS2.d352.s0.i0 -1.000000 -0.692793
DS2.d351.s0.i0 -1.000000 -0.159654
DS2.d351.s1.i0 -1.000000 0.247602
DS2.d350.s0.i0 1.000000 0.679250
DS2.d357.s0.i2 -1.000000 -0.606128
DS2.d357.s0.i3 -1.000000 -0.665508
DS2.d357.s0.i0 -1.000000 -0.582469
DS2.d357.s0.i1 -1.000000 -0.652618
DS2.d357.s1.i0 1.000000 0.438455
DS2.d356.s1.i0 1.000000 0.800039
DS2.d356.s0.i0 1.000000 0.323446
DS2.d355.s0.i0 1.000000 0.934880
DS2.d355.s0.i1 1.000000 1.068813
DS2.d354.s1.i0 -1.000000 -0.599624
DS2.d354.s0.i0 -1.000000 -0.268580
DS2.d292.s0.i0 1.000000 0.845256
DS2.d293.s1.i0 1.000000 0.237931
DS2.d293.s1.i1 1.000000 0.570832
DS2.d293.s0.i0 1.000000 0.262487
DS2.d291.s0.i0 1.000000 0.647670
DS2.d296.s0.i0 -1.000000 -0.287815
DS2.d296.s0.i1 -1.000000 -0.313314
DS2.d297.s1.i0 1.000000 0.422543
DS2.d297.s0.i0 1.000000 0.792840
DS2.d294.s0.i0 1.000000 0.028945
DS2.d869.s0.i0 1.000000 0.670654
DS2.d869.s0.i1 1.000000 0.670654
DS2.d868.s0.i0 1.000000 0.525100
DS2.d940.s0.i0 1.000000 0.888644
DS2.d941.s1.i2 1.000000 0.770457
DS2.d941.s1.i0 1.000000 0.713669
DS2.d941.s1.i1 1.000000 0.763755
DS2.d941.s0.i0 1.000000 0.555244
DS2.d941.s3.i0 1.000000 0.587902
DS2.d941.s2.i1 1.000000 0.510223
DS2.d941.s2.i0 1.000000 0.445812
DS2.d946.s0.i0 1.000000 0.525611
DS2.d946.s0.i1 1.000000 0.525609
DS2.d945.s0.i1 -1.000000 -0.312393
DS2.d945.s0.i0 -1.000000 -0.323279
DS2.d861.s0.i0 -1.000000 0.272707
DS2.d860.s0.i1 1.000000 0.381810
DS2.d860.s0.i0 -1.000000 0.123485
DS2.d948.s0.i0 1.000000 0.704177
DS2.d862.s0.i0 -1.000000 -0.029098
DS2.d865.s0.i0 1.000000 0.532459
DS2.d864.s1.i0 1.000000 0.607315
DS2.d864.s1.i1 1.000000 0.706581
DS2.d864.s0.i0 1.000000 0.699919
DS2.d867.s0.i0 1.000000 0.747882
DS2.d867.s0.i1 1.000000 0.776165
DS2.d866.s0.i0 1.000000 0.235897
DS2.d249.s0.i0 1.000000 0.525766
DS2.d249.s1.i0 -1.000000 0.355734
DS2.d689.s0.i0 -1.000000 -0.091871
DS2.d688.s0.i0 1.000000 0.451695
DS2.d35.s0.i0 1.000000 0.873791
DS2.d35.s0.i1 1.000000 0.887058
DS2.d681.s0.i2 -1.000000 -0.610078
DS2.d681.s0.i3 -1.000000 -0.712925
DS2.d681.s0.i0 -1.000000 -0.712925
DS2.d681.s0.i1 -1.000000 -0.610078
DS2.d680.s0.i0 1.000000 0.046755
DS2.d683.s0.i0 1.000000 0.905653
DS2.d683.s0.i1 1.000000 0.814318
DS2.d683.s0.i2 1.000000 0.746299
DS2.d682.s0.i0 1.000000 0.775254
DS2.d685.s0.i0 1.000000 0.491687
DS2.d685.s0.i1 1.000000 0.510626
DS2.d684.s1.i0 -1.000000 0.138091
DS2.d684.s1.i1 -1.000000 0.066588
DS2.d684.s1.i2 1.000000 0.044191
DS2.d684.s1.i3 1.000000 0.072158
DS2.d684.s0.i1 1.000000 0.561788
DS2.d684.s0.i0 -1.000000 0.656891
DS2.d687.s0.i0 1.000000 0.425353
DS2.d686.s1.i0 1.000000 0.475187
DS2.d686.s1.i1 1.000000 0.338552
DS2.d686.s0.i1 1.000000 0.686563
DS2.d686.s0.i0 1.000000 0.424936
DS2.d748.s0.i0 1.000000 0.778395
DS2.d248.s0.i0 1.000000 0.729244
DS2.d28.s0.i2 1.000000 0.426850
DS2.d28.s0.i0 1.000000 0.476795
DS2.d28.s0.i1 1.000000 0.583169
DS2.d29.s0.i0 1.000000 0.581435
DS2.d449.s0.i0 1.000000 0.712340
DS2.d449.s0.i1 1.000000 0.692807
DS2.d20.s0.i0 -1.000000 0.469789
DS2.d20.s1.i0 -1.000000 -0.057520
DS2.d21.s0.i0 -1.000000 -0.163738
DS2.d22.s0.i0 1.000000 1.024436
DS2.d23.s0.i0 1.000000 0.077626
DS2.d24.s0.i0 1.000000 0.662613
DS2.d24.s0.i1 -1.000000 0.194816
DS2.d24.s1.i0 1.000000 0.620782
DS2.d24.s2.i0 -1.000000 0.166210
DS2.d24.s3.i1 -1.000000 -0.031735
DS2.d24.s3.i0 1.000000 0.074138
DS2.d25.s0.i1 1.000000 0.555516
DS2.d25.s0.i0 1.000000 0.618498
DS2.d26.s0.i0 -1.000000 -0.813238
DS2.d26.s0.i1 -1.000000 -1.042944
DS2.d26.s0.i2 -1.000000 -0.875703
DS2.d26.s0.i3 -1.000000 -0.996989
DS2.d26.s0.i4 -1.000000 -0.943918
DS2.d26.s0.i5 -1.000000 -0.918690
DS2.d26.s0.i6 -1.000000 -0.886863
DS2.d26.s0.i7 -1.000000 -0.977300
DS2.d27.s0.i1 -1.000000 -0.458596
DS2.d27.s0.i0 -1.000000 -0.620410
DS2.d1061.s0.i0 1.000000 0.766266
DS2.d446.s1.i0 1.000000 0.163735
DS2.d446.s0.i3 1.000000 0.514801
DS2.d446.s0.i2 1.000000 0.522320
DS2.d446.s0.i1 1.000000 0.484033
DS2.d446.s0.i0 1.000000 0.461157
DS2.d1063.s0.i0 1.000000 0.572614
DS2.d1063.s0.i1 1.000000 0.606203
DS2.d97.s0.i0 -1.000000 -0.427034
DS2.d97.s0.i1 -1.000000 -0.442822
DS2.d97.s0.i2 -1.000000 -0.236238
DS2.d731.s0.i0 1.000000 0.672048
DS2.d779.s0.i0 1.000000 0.261980
DS2.d775.s0.i0 1.000000 0.589773
DS2.d775.s1.i0 1.000000 0.418834
DS2.d774.s2.i1 -1.000000 -0.660348
DS2.d774.s2.i0 -1.000000 -0.583801
DS2.d774.s1.i0 -1.000000 -0.527395
DS2.d774.s1.i1 -1.000000 -0.748455
DS2.d774.s1.i2 -1.000000 -0.568611
DS2.d774.s0.i1 -1.000000 -1.197322
DS2.d774.s0.i0 -1.000000 -1.089863
DS2.d777.s0.i0 1.000000 0.554076
DS2.d776.s0.i1 -1.000000 -0.853975
DS2.d776.s0.i0 -1.000000 -0.913089
DS2.d776.s0.i3 -1.000000 -0.865023
DS2.d776.s0.i2 -1.000000 -0.939080
DS2.d771.s0.i2 -1.000000 -0.358553
DS2.d771.s0.i3 -1.000000 -0.369173
DS2.d771.s0.i0 -1.000000 -0.216752
DS2.d771.s0.i1 -1.000000 -0.227072
DS2.d770.s1.i0 1.000000 0.484484
DS2.d770.s0.i0 1.000000 0.685745
DS2.d773.s0.i0 -1.000000 -0.683449
DS2.d773.s0.i1 -1.000000 -0.664024
DS2.d772.s1.i0 -1.000000 -0.501970
DS2.d772.s1.i1 -1.000000 -0.489094
DS2.d772.s0.i0 1.000000 0.723101
DS2.d674.s0.i2 -1.000000 -0.445773
DS2.d674.s0.i3 -1.000000 -0.627583
DS2.d674.s0.i0 -1.000000 -0.348070
DS2.d674.s0.i1 -1.000000 -0.572508
DS2.d675.s1.i0 -1.000000 -0.490724
DS2.d675.s0.i0 -1.000000 -0.677376
DS2.d578.s0.i1 1.000000 0.490008
DS2.d578.s0.i0 1.000000 0.699882
DS2.d670.s0.i0 -1.000000 0.067553
DS2.d670.s0.i1 -1.000000 -0.311332
DS2.d671.s1.i4 -1.000000 -0.682752
DS2.d671.s1.i5 -1.000000 -0.781082
DS2.d671.s1.i0 -1.000000 -0.961906
DS2.d671.s1.i1 -1.000000 -0.718912
DS2.d671.s1.i2 -1.000000 -0.731512
DS2.d671.s1.i3 1.000000 -0.497749
DS2.d671.s0.i0 1.000000 0.432960
DS2.d672.s0.i0 1.000000 0.473489
DS2.d672.s0.i1 1.000000 0.569044
DS2.d672.s0.i2 1.000000 0.516021
DS2.d672.s0.i3 1.000000 0.504426
DS2.d673.s1.i0 1.000000 0.275023
DS2.d673.s0.i0 1.000000 0.882541
DS2.d573.s0.i0 1.000000 1.154331
DS2.d573.s1.i0 1.000000 0.772797
DS2.d572.s0.i0 1.000000 1.232264
DS2.d571.s0.i0 1.000000 0.914777
DS2.d571.s1.i1 1.000000 0.708229
DS2.d571.s1.i0 1.000000 0.819114
DS2.d570.s0.i0 -1.000000 -0.097261
DS2.d577.s0.i2 1.000000 0.726757
DS2.d577.s0.i0 1.000000 0.636127
DS2.d577.s0.i1 1.000000 0.609111
DS2.d576.s2.i0 1.000000 0.566154
DS2.d576.s1.i0 1.000000 0.477276
DS2.d576.s0.i0 1.000000 0.430554
DS2.d575.s0.i0 1.000000 0.431156
DS2.d575.s0.i1 1.000000 0.539590
DS2.d575.s0.i2 1.000000 0.446347
DS2.d575.s0.i3 1.000000 0.436889
DS2.d574.s0.i0 1.000000 0.358380
DS2.d739.s0.i0 1.000000 0.275878
DS2.d738.s0.i0 1.000000 0.054467
DS2.d363.s0.i1 -1.000000 -0.178386
DS2.d363.s0.i0 -1.000000 -0.341297
DS2.d139.s0.i0 1.000000 0.269583
DS2.d139.s0.i1 -1.000000 -0.128237
DS2.d138.s0.i1 1.000000 0.767576
DS2.d138.s0.i0 1.000000 0.761913
DS2.d133.s0.i0 1.000000 0.923232
DS2.d133.s1.i0 1.000000 0.672150
DS2.d131.s0.i0 1.000000 0.349088
DS2.d130.s0.i1 -1.000000 0.019026
DS2.d130.s0.i0 -1.000000 0.154070
DS2.d137.s0.i2 -1.000000 -0.096748
DS2.d137.s0.i0 1.000000 0.177119
DS2.d137.s0.i1 1.000000 0.069993
DS2.d136.s0.i0 -1.000000 -0.504011
DS2.d135.s0.i0 1.000000 0.670515
DS2.d134.s1.i0 -1.000000 0.112949
DS2.d134.s1.i1 1.000000 0.073751
DS2.d134.s0.i0 -1.000000 0.045302
DS2.d134.s2.i0 -1.000000 0.140624
DS2.d708.s0.i0 1.000000 0.629718
DS2.d708.s0.i1 1.000000 0.592090
DS2.d709.s1.i0 1.000000 0.668468
DS2.d709.s0.i0 1.000000 0.975697
DS2.d700.s0.i0 1.000000 0.442823
DS2.d701.s0.i0 1.000000 0.263730
DS2.d702.s0.i0 1.000000 0.394115
DS2.d703.s0.i0 -1.000000 0.429407
DS2.d704.s0.i2 -1.000000 -0.876587
DS2.d704.s0.i0 -1.000000 -0.772278
DS2.d704.s0.i1 -1.000000 -0.831204
DS2.d706.s0.i0 1.000000 0.590354
DS2.d707.s0.i0 1.000000 0.627406
DS2.d850.s0.i0 1.000000 0.284819
DS2.d850.s0.i1 -1.000000 0.247805
DS2.d851.s1.i0 1.000000 0.529478
DS2.d851.s0.i1 1.000000 0.798652
DS2.d851.s0.i0 1.000000 0.717321
DS2.d852.s0.i0 1.000000 0.213097
DS2.d852.s0.i1 1.000000 0.423574
DS2.d854.s0.i0 -1.000000 -0.368744
DS2.d855.s1.i0 1.000000 0.740361
DS2.d855.s0.i0 1.000000 0.476113
DS2.d856.s0.i0 1.000000 0.715221
DS2.d857.s1.i0 1.000000 0.924074
DS2.d857.s0.i0 1.000000 0.312468
DS2.d858.s0.i0 1.000000 0.132563
DS2.d858.s1.i0 1.000000 0.689899
DS2.d859.s0.i0 1.000000 0.735935
DS2.d1057.s0.i0 1.000000 0.869212
DS2.d767.s0.i0 -1.000000 -0.167622
DS2.d1050.s0.i0 1.000000 0.058155
DS2.d1050.s1.i0 -1.000000 -0.276394
DS2.d1051.s0.i0 1.000000 0.962142
DS2.d1052.s0.i0 1.000000 0.537331
DS2.d1054.s0.i0 -1.000000 -0.284366
DS2.d283.s0.i0 -1.000000 -0.242383
DS2.d319.s0.i0 1.000000 0.309087
DS2.d318.s0.i1 -1.000000 -0.799619
DS2.d318.s0.i0 -1.000000 -0.789536
DS2.d318.s0.i3 -1.000000 -0.789536
DS2.d318.s0.i2 -1.000000 -0.799619
DS2.d1058.s0.i0 -1.000000 -0.208439
DS2.d1058.s0.i1 -1.000000 -0.221466
DS2.d316.s0.i0 -1.000000 0.287192
DS2.d315.s0.i0 1.000000 0.971762
DS2.d314.s1.i0 -1.000000 -0.224133
DS2.d314.s0.i1 -1.000000 -0.129727
DS2.d314.s0.i0 -1.000000 -0.127907
DS2.d313.s0.i0 -1.000000 -0.220286
DS2.d313.s0.i1 -1.000000 -0.242352
DS2.d312.s0.i2 -1.000000 -0.753682
DS2.d312.s0.i1 -1.000000 -0.749634
DS2.d312.s0.i0 -1.000000 -0.730813
DS2.d311.s0.i0 -1.000000 0.069983
DS2.d311.s0.i1 1.000000 0.198263
DS2.d256.s0.i0 1.000000 0.492861
DS2.d256.s0.i1 1.000000 0.590020
DS2.d257.s0.i3 1.000000 0.612393
DS2.d257.s0.i2 1.000000 0.648343
DS2.d257.s0.i1 1.000000 0.593431
DS2.d257.s0.i0 1.000000 0.555837
DS2.d254.s0.i0 -1.000000 -0.914021
DS2.d255.s0.i1 1.000000 0.289342
DS2.d255.s0.i0 1.000000 0.280321
DS2.d252.s0.i0 1.000000 0.660717
DS2.d252.s1.i0 1.000000 0.347564
DS2.d253.s0.i0 -1.000000 -0.257972
DS2.d250.s0.i0 1.000000 0.377767
DS2.d251.s0.i1 -1.000000 -0.250564
DS2.d251.s0.i0 -1.000000 -0.286619
DS2.d258.s0.i0 1.000000 0.892162
DS2.d259.s1.i2 1.000000 0.824250
DS2.d259.s1.i3 1.000000 0.885405
DS2.d259.s1.i0 1.000000 0.661531
DS2.d259.s1.i1 1.000000 0.788673
DS2.d259.s0.i0 1.000000 0.843574
DS2.d825.s0.i0 1.000000 0.756538
DS2.d825.s1.i1 -1.000000 -0.418604
DS2.d825.s1.i0 -1.000000 -0.402352
DS2.d825.s1.i2 -1.000000 -0.366167
DS2.d824.s0.i0 -1.000000 0.249550
DS2.d827.s0.i0 1.000000 0.632986
DS2.d826.s0.i5 -1.000000 -0.918275
DS2.d826.s0.i4 -1.000000 -0.852132
DS2.d826.s0.i7 -1.000000 -0.963758
DS2.d826.s0.i6 -1.000000 -0.811900
DS2.d826.s0.i1 -1.000000 -0.873238
DS2.d826.s0.i0 -1.000000 -0.933239
DS2.d826.s0.i3 -1.000000 -0.858581
DS2.d826.s0.i2 -1.000000 -0.877241
DS2.d826.s0.i10 -1.000000 -0.940763
DS2.d826.s0.i9 -1.000000 -0.960184
DS2.d826.s0.i8 -1.000000 -0.894210
DS2.d826.s0.i11 -1.000000 -0.961279
DS2.d826.s0.i12 -1.000000 -0.873928
DS2.d826.s0.i13 -1.000000 -0.913109
DS2.d821.s0.i0 1.000000 1.025670
DS2.d820.s0.i2 1.000000 0.564806
DS2.d820.s0.i1 1.000000 0.420626
DS2.d820.s0.i0 1.000000 0.451612
DS2.d823.s4.i0 -1.000000 0.036455
DS2.d823.s4.i1 -1.000000 0.042137
DS2.d823.s2.i0 1.000000 0.545312
DS2.d823.s3.i0 -1.000000 0.055745
DS2.d823.s0.i0 1.000000 1.043253
DS2.d823.s0.i1 1.000000 1.071547
DS2.d823.s1.i1 1.000000 0.846582
DS2.d823.s1.i0 1.000000 0.801277
DS2.d822.s1.i0 1.000000 0.293182
DS2.d822.s0.i0 1.000000 0.274911
DS2.d818.s0.i0 1.000000 0.501062
DS2.d818.s0.i1 1.000000 0.637649
DS2.d829.s0.i0 1.000000 0.823459
DS2.d829.s0.i1 1.000000 1.105439
DS2.d828.s0.i1 -1.000000 -0.788616
DS2.d828.s0.i0 -1.000000 -0.859738
DS2.d819.s0.i1 1.000000 0.608549
DS2.d819.s0.i0 1.000000 0.677066
DS2.d658.s0.i0 1.000000 0.323978
DS2.d560.s0.i0 -1.000000 -0.100251
DS2.d659.s0.i0 -1.000000 -0.173742
DS2.d561.s3.i0 -1.000000 -0.570680
DS2.d561.s3.i1 -1.000000 -0.568398
DS2.d561.s2.i0 -1.000000 -0.383854
DS2.d561.s1.i0 -1.000000 -0.494923
DS2.d561.s0.i0 -1.000000 -0.268212
DS2.d99.s0.i6 -1.000000 0.115887
DS2.d99.s0.i4 1.000000 0.095274
DS2.d99.s0.i5 -1.000000 0.133285
DS2.d99.s0.i2 1.000000 0.236943
DS2.d99.s0.i3 1.000000 0.242332
DS2.d99.s0.i0 1.000000 0.120447
DS2.d99.s0.i1 1.000000 0.085343
DS2.d403.s0.i0 -1.000000 0.132448
DS2.d402.s0.i0 -1.000000 0.056511
DS2.d401.s0.i0 -1.000000 -0.702326
DS2.d401.s1.i0 1.000000 0.187921
DS2.d400.s0.i5 -1.000000 -0.922851
DS2.d400.s0.i4 -1.000000 -0.942813
DS2.d400.s0.i7 -1.000000 -0.957966
DS2.d400.s0.i6 -1.000000 -0.908200
DS2.d400.s0.i1 -1.000000 -0.829030
DS2.d400.s0.i0 -1.000000 -0.948430
DS2.d400.s0.i3 -1.000000 -0.815455
DS2.d400.s0.i2 -1.000000 -0.931229
DS2.d407.s0.i0 1.000000 0.522572
DS2.d406.s2.i0 -1.000000 -0.381536
DS2.d406.s1.i0 -1.000000 -0.508524
DS2.d406.s0.i0 -1.000000 -0.418260
DS2.d405.s0.i0 1.000000 0.172717
DS2.d405.s0.i1 -1.000000 0.296640
DS2.d405.s0.i2 -1.000000 -0.022896
DS2.d405.s0.i3 1.000000 0.251175
DS2.d404.s1.i0 1.000000 0.774554
DS2.d404.s0.i1 1.000000 -0.050277
DS2.d404.s0.i0 -1.000000 0.188176
DS2.d810.s0.i0 -1.000000 -0.308714
DS2.d409.s0.i0 1.000000 0.663532
DS2.d408.s0.i1 -1.000000 -0.284710
DS2.d408.s0.i0 -1.000000 -0.422828
DS2.d408.s0.i3 -1.000000 -0.360537
DS2.d408.s0.i2 -1.000000 -0.342795
DS2.d919.s0.i0 1.000000 0.800238
DS2.d95.s0.i0 -1.000000 -0.744140
DS2.d94.s0.i1 1.000000 0.636959
DS2.d94.s0.i0 1.000000 0.545156
DS2.d911.s0.i0 -1.000000 -0.769745
DS2.d910.s0.i1 1.000000 0.551986
DS2.d910.s0.i0 1.000000 0.438348
DS2.d913.s2.i0 1.000000 0.573813
DS2.d913.s0.i0 1.000000 0.688944
DS2.d913.s1.i0 1.000000 0.857821
DS2.d912.s0.i0 1.000000 0.185658
DS2.d915.s0.i0 1.000000 0.974509
DS2.d915.s0.i1 1.000000 1.003479
DS2.d915.s1.i0 1.000000 0.758243
DS2.d799.s0.i0 -1.000000 -0.478115
DS2.d799.s1.i0 -1.000000 -0.483811
DS2.d917.s0.i0 1.000000 0.723609
DS2.d917.s0.i1 1.000000 0.684686
DS2.d917.s0.i2 1.000000 0.748768
DS2.d916.s0.i0 1.000000 0.721845
DS2.d651.s0.i1 1.000000 0.488755
DS2.d651.s0.i0 1.000000 0.479521
DS2.d651.s0.i3 1.000000 0.477041
DS2.d651.s0.i2 1.000000 0.437239
DS2.d668.s0.i0 1.000000 0.914637
DS2.d91.s0.i0 1.000000 0.588906
DS2.d91.s1.i1 1.000000 0.539950
DS2.d91.s1.i0 1.000000 0.514714
DS2.d91.s2.i4 1.000000 0.689500
DS2.d91.s2.i0 1.000000 0.645091
DS2.d91.s2.i1 1.000000 0.598692
DS2.d91.s2.i2 1.000000 0.597247
DS2.d91.s2.i3 1.000000 0.634786
DS2.d90.s0.i2 1.000000 0.112964
DS2.d90.s0.i1 -1.000000 0.081236
DS2.d90.s0.i0 1.000000 0.191247
DS2.d93.s0.i0 1.000000 0.687557
DS2.d92.s0.i0 1.000000 0.728815
DS2.d498.s0.i0 -1.000000 -0.225098
DS2.d498.s0.i1 -1.000000 -0.588722
DS2.d498.s1.i1 -1.000000 -0.670326
DS2.d498.s1.i0 -1.000000 -0.656949
DS2.d766.s0.i0 1.000000 0.480101
DS2.d766.s1.i1 1.000000 0.705177
DS2.d766.s1.i0 1.000000 0.633176
DS2.d499.s0.i3 -1.000000 -0.890011
DS2.d499.s0.i2 -1.000000 -0.829963
DS2.d499.s0.i1 -1.000000 -0.926722
DS2.d499.s0.i0 -1.000000 -0.860463
DS2.d537.s0.i0 1.000000 0.459500
DS2.d536.s0.i0 1.000000 0.865004
DS2.d535.s0.i0 -1.000000 -0.758691
DS2.d535.s0.i1 -1.000000 -0.656540
DS2.d534.s0.i0 -1.000000 -0.713124
DS2.d533.s0.i6 -1.000000 -0.796991
DS2.d533.s0.i7 -1.000000 -0.852384
DS2.d533.s0.i4 -1.000000 -0.730667
DS2.d533.s0.i5 -1.000000 -0.809833
DS2.d533.s0.i2 -1.000000 -0.909913
DS2.d533.s0.i3 -1.000000 -0.891800
DS2.d533.s0.i0 -1.000000 -0.832800
DS2.d533.s0.i1 -1.000000 -0.745092
DS2.d531.s0.i0 1.000000 0.564137
DS2.d531.s1.i0 1.000000 0.523145
DS2.d530.s1.i0 1.000000 0.648652
DS2.d530.s1.i1 1.000000 0.672955
DS2.d530.s0.i0 1.000000 0.634708
DS2.d530.s2.i1 1.000000 0.872606
DS2.d530.s2.i0 1.000000 0.907681
DS2.d539.s0.i0 1.000000 0.636338
DS2.d539.s0.i1 1.000000 0.637568
DS2.d538.s0.i0 -1.000000 0.064348
DS2.d51.s0.i0 1.000000 0.551934
DS2.d51.s0.i1 1.000000 0.605089
DS2.d50.s0.i0 -1.000000 -0.271733
DS2.d53.s0.i0 1.000000 0.838920
DS2.d53.s0.i1 1.000000 0.634604
DS2.d53.s0.i2 1.000000 0.766093
DS2.d52.s1.i0 1.000000 0.453494
DS2.d52.s0.i1 -1.000000 -0.602256
DS2.d52.s0.i0 -1.000000 -0.568937
DS2.d55.s0.i0 -1.000000 -0.780300
DS2.d59.s0.i0 1.000000 0.722566
DS2.d59.s0.i1 1.000000 0.722566
DS2.d58.s0.i3 1.000000 0.822889
DS2.d58.s0.i2 1.000000 0.584245
DS2.d58.s0.i1 1.000000 0.807903
DS2.d58.s0.i0 1.000000 0.571108
DS2.d58.s0.i5 1.000000 0.798410
DS2.d58.s0.i4 1.000000 0.738626
DS2.d448.s0.i0 1.000000 0.496588
DS2.d491.s0.i2 1.000000 0.298250
DS2.d491.s0.i1 1.000000 0.248168
DS2.d491.s0.i0 1.000000 0.528665
DS2.d177.s0.i0 1.000000 0.740994
DS2.d177.s1.i5 1.000000 0.018931
DS2.d177.s1.i4 -1.000000 -0.018711
DS2.d177.s1.i1 -1.000000 -0.081623
DS2.d177.s1.i0 -1.000000 -0.082471
DS2.d177.s1.i3 1.000000 -0.023230
DS2.d177.s1.i2 -1.000000 -0.034199
DS2.d177.s2.i0 -1.000000 -0.091142
DS2.d177.s3.i0 1.000000 0.518619
DS2.d177.s4.i0 1.000000 0.807855
DS2.d177.s4.i1 1.000000 0.678214
DS2.d176.s0.i0 -1.000000 -0.701279
DS2.d175.s0.i0 1.000000 0.519519
DS2.d174.s1.i2 1.000000 0.619275
DS2.d174.s1.i3 1.000000 0.608049
DS2.d174.s1.i0 1.000000 0.628746
DS2.d174.s1.i1 1.000000 0.600909
DS2.d174.s0.i1 1.000000 0.957002
DS2.d174.s0.i0 1.000000 0.818254
DS2.d173.s0.i0 -1.000000 -0.573253
DS2.d173.s0.i1 -1.000000 -0.640940
DS2.d172.s0.i0 -1.000000 -0.340006
DS2.d171.s0.i0 1.000000 0.972740
DS2.d171.s0.i1 1.000000 1.010710
DS2.d171.s1.i0 1.000000 0.459625
DS2.d170.s0.i1 1.000000 0.636907
DS2.d170.s0.i0 1.000000 0.589024
DS2.d179.s0.i0 -1.000000 0.072255
DS2.d179.s1.i1 -1.000000 -0.508668
DS2.d179.s1.i0 -1.000000 -0.527759
DS2.d744.s0.i0 1.000000 0.354862
DS2.d629.s0.i0 1.000000 0.560232
DS2.d629.s0.i1 1.000000 0.650457
DS2.d628.s0.i0 1.000000 0.485287
DS2.d740.s0.i0 1.000000 -0.232626
DS2.d741.s0.i0 1.000000 0.575606
DS2.d743.s0.i0 1.000000 0.148310
DS2.d623.s0.i0 1.000000 0.731069
DS2.d622.s4.i0 1.000000 0.580299
DS2.d622.s3.i0 1.000000 0.690887
DS2.d622.s2.i0 1.000000 0.268384
DS2.d622.s1.i0 1.000000 0.644599
DS2.d622.s1.i1 1.000000 0.587140
DS2.d622.s0.i0 1.000000 0.478235
DS2.d621.s0.i0 -1.000000 -0.482117
DS2.d621.s0.i1 -1.000000 -0.490205
DS2.d621.s0.i2 -1.000000 -0.557439
DS2.d621.s0.i3 -1.000000 -0.482117
DS2.d621.s1.i1 -1.000000 -0.446264
DS2.d621.s1.i0 -1.000000 -0.453450
DS2.d620.s0.i1 1.000000 0.316348
DS2.d620.s0.i0 -1.000000 0.033457
DS2.d627.s0.i0 -1.000000 -0.176267
DS2.d627.s0.i1 -1.000000 -0.194680
DS2.d626.s0.i0 1.000000 0.589585
DS2.d625.s0.i0 1.000000 0.392616
DS2.d624.s0.i1 1.000000 0.301328
DS2.d624.s0.i0 -1.000000 0.207785
DS2.d624.s0.i2 1.000000 0.366057
DS2.d501.s1.i0 -1.000000 -0.473211
DS2.d501.s1.i1 -1.000000 -0.685354
DS2.d501.s0.i1 -1.000000 -0.957926
DS2.d501.s0.i0 -1.000000 -0.918441
DS2.d1018.s0.i0 1.000000 0.932215
DS2.d1014.s0.i0 -1.000000 0.344092
DS2.d1014.s1.i0 1.000000 0.447530
DS2.d1014.s2.i0 1.000000 0.498776
DS2.d1015.s0.i3 1.000000 0.738036
DS2.d1015.s0.i2 1.000000 0.637709
DS2.d1015.s0.i1 1.000000 0.738036
DS2.d1015.s0.i0 1.000000 0.637709
DS2.d1015.s0.i5 1.000000 0.797022
DS2.d1015.s0.i4 1.000000 0.797022
DS2.d1016.s0.i0 1.000000 0.600786
DS2.d1017.s0.i0 1.000000 0.864457
DS2.d1010.s0.i0 -1.000000 0.043299
DS2.d1011.s1.i0 1.000000 0.403690
DS2.d1011.s0.i0 1.000000 0.748311
DS2.d1012.s0.i0 1.000000 0.854625
DS2.d1012.s0.i1 1.000000 0.805796
DS2.d1013.s1.i0 1.000000 0.128441
DS2.d1013.s0.i0 1.000000 0.552534
DS2.d212.s0.i2 -1.000000 -0.255418
DS2.d212.s0.i0 -1.000000 -0.231129
DS2.d212.s0.i1 1.000000 0.166232
DS2.d212.s1.i1 1.000000 0.678231
DS2.d212.s1.i0 1.000000 0.501722
DS2.d212.s1.i3 1.000000 0.686812
DS2.d212.s1.i2 1.000000 0.692588
DS2.d213.s0.i3 -1.000000 -0.788599
DS2.d213.s0.i2 -1.000000 -0.805749
DS2.d213.s0.i1 -1.000000 -0.694287
DS2.d213.s0.i0 -1.000000 -0.684253
DS2.d210.s2.i0 1.000000 0.364816
DS2.d210.s0.i0 1.000000 0.585903
DS2.d210.s0.i1 1.000000 0.571290
DS2.d210.s1.i0 1.000000 0.270093
DS2.d211.s0.i0 1.000000 0.733281
DS2.d217.s0.i5 -1.000000 -0.471065
DS2.d217.s0.i4 -1.000000 -0.526759
DS2.d217.s0.i3 -1.000000 -0.609982
DS2.d217.s0.i2 -1.000000 -0.644401
DS2.d217.s0.i1 -1.000000 -0.557954
DS2.d217.s0.i0 -1.000000 -0.610084
DS2.d214.s0.i0 1.000000 0.400782
DS2.d215.s0.i0 1.000000 0.530305
DS2.d218.s0.i0 -1.000000 -0.432004
DS2.d567.s0.i0 -1.000000 0.173281
DS2.d488.s0.i0 1.000000 1.054494
DS2.d920.s0.i0 -1.000000 -0.424649
DS2.d920.s0.i1 -1.000000 -0.555861
DS2.d921.s0.i0 1.000000 0.628225
DS2.d922.s0.i0 1.000000 0.408596
DS2.d923.s1.i0 -1.000000 -0.634807
DS2.d923.s0.i0 -1.000000 0.004431
DS2.d924.s0.i0 -1.000000 -0.161079
DS2.d924.s0.i1 -1.000000 -0.240527
DS2.d925.s0.i1 -1.000000 -0.341011
DS2.d925.s0.i0 -1.000000 -0.382816
DS2.d926.s0.i0 -1.000000 -0.222370
DS2.d926.s0.i1 -1.000000 -0.222370
DS2.d927.s1.i0 1.000000 0.425869
DS2.d927.s0.i0 1.000000 0.542158
DS2.d928.s0.i0 -1.000000 0.181764
DS2.d929.s0.i8 -1.000000 -0.635269
DS2.d929.s0.i3 -1.000000 -0.651967
DS2.d929.s0.i2 -1.000000 -0.761086
DS2.d929.s0.i1 -1.000000 -0.729301
DS2.d929.s0.i0 -1.000000 -0.668802
DS2.d929.s0.i7 -1.000000 -0.670338
DS2.d929.s0.i6 -1.000000 -0.752542
DS2.d929.s0.i5 -1.000000 -0.770731
DS2.d929.s0.i4 -1.000000 -0.737922
DS2.d887.s0.i2 -1.000000 -0.571367
DS2.d887.s0.i0 -1.000000 -0.557044
DS2.d887.s0.i1 -1.000000 -0.630630
DS2.d886.s0.i0 1.000000 0.568641
DS2.d885.s0.i0 -1.000000 0.166672
DS2.d885.s1.i3 -1.000000 -0.512021
DS2.d885.s1.i2 -1.000000 -0.489497
DS2.d885.s1.i1 -1.000000 -0.489148
DS2.d885.s1.i0 -1.000000 -0.456615
DS2.d884.s1.i0 1.000000 0.400447
DS2.d884.s0.i1 1.000000 0.948100
DS2.d884.s0.i0 1.000000 0.950003
DS2.d884.s2.i1 1.000000 0.623120
DS2.d884.s2.i0 1.000000 0.556640
DS2.d882.s1.i0 -1.000000 -0.685403
DS2.d882.s1.i1 -1.000000 -0.705216
DS2.d882.s0.i0 1.000000 1.029575
DS2.d881.s0.i0 1.000000 0.395292
DS2.d881.s0.i1 1.000000 0.555748
DS2.d881.s0.i2 1.000000 0.311625
DS2.d881.s0.i3 -1.000000 0.353928
DS2.d880.s1.i0 -1.000000 -0.596976
DS2.d880.s0.i1 -1.000000 -0.868723
DS2.d880.s0.i0 -1.000000 -0.699556
DS2.d447.s0.i0 1.000000 0.459289
DS2.d447.s1.i0 1.000000 1.036880
DS2.d1060.s0.i0 1.000000 0.899265
DS2.d445.s0.i0 1.000000 0.316482
DS2.d1062.s0.i0 -1.000000 -0.104210
DS2.d443.s0.i2 1.000000 0.525550
DS2.d443.s0.i0 1.000000 0.454322
DS2.d443.s0.i1 1.000000 0.447875
DS2.d442.s1.i0 1.000000 0.493040
DS2.d442.s0.i0 -1.000000 -0.512785
DS2.d441.s0.i0 1.000000 0.544844
DS2.d441.s1.i0 1.000000 0.480425
DS2.d888.s0.i0 1.000000 0.355599
DS2.d366.s0.i0 1.000000 0.397597
DS2.d366.s1.i0 1.000000 0.354230
DS2.d366.s2.i0 1.000000 0.121567
DS2.d366.s2.i1 1.000000 0.154418
DS2.d366.s3.i0 1.000000 0.765577
DS2.d367.s0.i0 -1.000000 -0.140311
DS2.d364.s0.i0 -1.000000 -0.502707
DS2.d362.s0.i0 1.000000 0.853858
DS2.d288.s0.i0 1.000000 0.853266
DS2.d360.s0.i0 1.000000 0.412599
DS2.d361.s0.i0 1.000000 0.712714
DS2.d284.s0.i0 1.000000 0.789052
DS2.d287.s0.i0 1.000000 0.895142
DS2.d286.s1.i0 1.000000 0.463289
DS2.d286.s1.i1 1.000000 0.579345
DS2.d286.s0.i0 1.000000 0.435751
DS2.d281.s0.i0 -1.000000 -0.086402
DS2.d280.s0.i1 1.000000 0.648224
DS2.d280.s0.i0 1.000000 0.648224
DS2.d368.s0.i0 -1.000000 -0.052768
DS2.d369.s1.i0 -1.000000 -0.413585
DS2.d369.s0.i0 -1.000000 -0.431859
DS2.d369.s2.i0 -1.000000 -0.560701
DS2.d955.s0.i0 1.000000 0.581902
DS2.d957.s0.i0 1.000000 0.751030
DS2.d957.s0.i1 1.000000 0.882160
DS2.d956.s0.i1 1.000000 0.846595
DS2.d956.s0.i0 1.000000 0.801557
DS2.d951.s0.i6 -1.000000 -0.989728
DS2.d951.s0.i7 -1.000000 -0.965559
DS2.d951.s0.i4 -1.000000 -0.963746
DS2.d951.s0.i5 -1.000000 -1.047420
DS2.d951.s0.i2 -1.000000 -1.015389
DS2.d951.s0.i3 -1.000000 -0.929025
DS2.d951.s0.i0 -1.000000 -1.035450
DS2.d951.s0.i1 -1.000000 -1.072919
DS2.d951.s0.i8 -1.000000 -1.038979
DS2.d951.s0.i9 -1.000000 -1.064224
DS2.d951.s1.i0 1.000000 0.255785
DS2.d950.s0.i1 -1.000000 -0.161720
DS2.d950.s0.i0 -1.000000 -0.200203
DS2.d953.s0.i0 -1.000000 -0.119875
DS2.d952.s0.i1 1.000000 0.682279
DS2.d952.s0.i0 1.000000 0.675822
DS2.d952.s0.i3 1.000000 0.534867
DS2.d952.s0.i2 1.000000 0.513048
DS2.d814.s0.i0 -1.000000 -0.452225
DS2.d814.s0.i1 -1.000000 -0.685338
DS2.d814.s1.i1 -1.000000 -1.037277
DS2.d814.s1.i0 -1.000000 -0.993390
DS2.d814.s1.i2 -1.000000 -1.043019
DS2.d814.s2.i0 -1.000000 -0.668041
DS2.d815.s0.i0 1.000000 0.736558
DS2.d817.s0.i0 -1.000000 -0.357474
DS2.d959.s0.i0 -1.000000 -0.517433
DS2.d959.s0.i1 -1.000000 -0.557772
DS2.d811.s0.i1 1.000000 0.572473
DS2.d811.s0.i0 1.000000 0.475677
DS2.d812.s0.i0 -1.000000 -0.026493
DS2.d812.s0.i1 -1.000000 -0.161335
DS2.d812.s1.i3 1.000000 0.656309
DS2.d812.s1.i2 1.000000 0.646532
DS2.d812.s1.i1 1.000000 0.646560
DS2.d812.s1.i0 1.000000 0.663679
DS2.d813.s1.i0 -1.000000 -0.539344
DS2.d813.s0.i1 -1.000000 -0.558571
DS2.d813.s0.i0 -1.000000 -0.909924
DS2.d813.s0.i3 -1.000000 -0.791144
DS2.d813.s0.i2 -1.000000 -0.925636
DS2.d813.s2.i0 -1.000000 -0.559307
DS2.d282.s0.i0 -1.000000 -0.464117
DS2.d127.s0.i0 1.000000 0.826178
DS2.d440.s0.i1 -1.000000 -0.863451
DS2.d440.s0.i0 -1.000000 -0.876868
DS2.d440.s0.i3 -1.000000 -0.802310
DS2.d440.s0.i2 -1.000000 -0.882014
DS2.d1.s0.i0 1.000000 0.840861
DS2.d0.s1.i0 1.000000 0.796999
DS2.d0.s0.i0 1.000000 0.863072
DS2.d3.s0.i0 1.000000 0.457908
DS2.d2.s1.i0 1.000000 0.194961
DS2.d2.s0.i0 1.000000 0.678995
DS2.d5.s0.i0 1.000000 0.207082
DS2.d4.s0.i3 -1.000000 -0.887586
DS2.d4.s0.i2 -1.000000 -0.867295
DS2.d4.s0.i1 -1.000000 -0.872502
DS2.d4.s0.i0 -1.000000 -0.912341
DS2.d7.s0.i0 -1.000000 -0.289861
DS2.d6.s0.i9 -1.000000 -0.950816
DS2.d6.s0.i8 -1.000000 -0.962267
DS2.d6.s0.i1 -1.000000 -0.919633
DS2.d6.s0.i0 -1.000000 -1.033011
DS2.d6.s0.i3 -1.000000 -0.995211
DS2.d6.s0.i2 -1.000000 -0.983491
DS2.d6.s0.i5 -1.000000 -0.934375
DS2.d6.s0.i4 -1.000000 -1.054808
DS2.d6.s0.i7 -1.000000 -0.968478
DS2.d6.s0.i6 -1.000000 -1.012798
DS2.d9.s0.i0 1.000000 0.462867
DS2.d9.s0.i1 1.000000 0.395266
DS2.d8.s0.i2 1.000000 0.232774
DS2.d8.s0.i1 1.000000 0.633409
DS2.d8.s0.i0 -1.000000 -0.070885
DS2.d780.s0.i0 1.000000 0.611963
DS2.d894.s0.i0 1.000000 0.155527
DS2.d782.s0.i0 -1.000000 -0.554358
DS2.d783.s1.i0 1.000000 0.277710
DS2.d783.s0.i0 1.000000 -0.224335
DS2.d784.s0.i2 1.000000 0.546848
DS2.d784.s0.i0 1.000000 0.358202
DS2.d784.s0.i1 1.000000 0.575947
DS2.d785.s0.i0 1.000000 0.440312
DS2.d786.s0.i0 1.000000 0.770463
DS2.d786.s1.i0 1.000000 0.521760
DS2.d895.s0.i0 1.000000 0.980684
DS2.d788.s0.i0 -1.000000 -0.704443
DS2.d788.s0.i1 -1.000000 -0.734859
DS2.d788.s1.i0 -1.000000 -0.496899
DS2.d602.s0.i1 1.000000 0.491026
DS2.d602.s0.i0 1.000000 0.337521
DS2.d667.s0.i0 1.000000 0.906524
DS2.d667.s0.i1 1.000000 0.786789
DS2.d666.s0.i1 -1.000000 -0.126793
DS2.d666.s0.i0 -1.000000 -0.166601
DS2.d665.s0.i0 1.000000 0.417906
DS2.d665.s1.i0 1.000000 1.246772
DS2.d664.s1.i0 1.000000 0.516849
DS2.d664.s0.i0 1.000000 0.700760
DS2.d662.s0.i1 1.000000 0.259274
DS2.d662.s0.i0 1.000000 0.324868
DS2.d548.s0.i0 1.000000 0.579613
DS2.d548.s0.i1 1.000000 0.802919
DS2.d548.s0.i2 1.000000 0.670167
DS2.d548.s0.i3 1.000000 0.719494
DS2.d548.s0.i4 1.000000 0.657666
DS2.d548.s0.i5 1.000000 0.842014
DS2.d548.s0.i6 1.000000 0.758819
DS2.d548.s0.i7 1.000000 0.590440
DS2.d549.s1.i2 1.000000 0.759664
DS2.d549.s1.i3 1.000000 0.751196
DS2.d549.s1.i0 1.000000 1.043430
DS2.d549.s1.i1 1.000000 1.032932
DS2.d549.s0.i0 1.000000 0.430019
DS2.d546.s0.i10 -1.000000 -0.799387
DS2.d546.s0.i11 -1.000000 -0.940978
DS2.d546.s0.i2 -1.000000 -0.816867
DS2.d546.s0.i3 -1.000000 -0.877398
DS2.d546.s0.i0 -1.000000 -0.889957
DS2.d546.s0.i1 -1.000000 -0.778842
DS2.d546.s0.i6 -1.000000 -0.875411
DS2.d546.s0.i7 -1.000000 -0.927608
DS2.d546.s0.i4 -1.000000 -0.933183
DS2.d546.s0.i5 -1.000000 -0.891631
DS2.d546.s0.i8 -1.000000 -0.828232
DS2.d546.s0.i9 -1.000000 -0.753315
DS2.d546.s1.i1 -1.000000 -0.663541
DS2.d546.s1.i0 -1.000000 -0.617155
DS2.d547.s1.i0 -1.000000 -0.558631
DS2.d547.s0.i0 1.000000 0.676462
DS2.d544.s0.i0 -1.000000 -0.320611
DS2.d544.s0.i1 -1.000000 -0.414615
DS2.d545.s0.i1 -1.000000 -0.206650
DS2.d545.s0.i0 -1.000000 -0.161454
DS2.d542.s0.i0 1.000000 0.468575
DS2.d540.s0.i0 1.000000 0.814813
DS2.d891.s1.i0 -1.000000 -0.182213
DS2.d891.s1.i1 -1.000000 -0.343151
DS2.d891.s0.i1 1.000000 0.570008
DS2.d891.s0.i0 1.000000 0.531296
DS2.d892.s0.i0 -1.000000 -0.976485
DS2.d892.s0.i1 -1.000000 -0.790831
DS2.d892.s0.i2 -1.000000 -0.849007
DS2.d892.s0.i3 -1.000000 -0.800702
DS2.d892.s0.i4 -1.000000 -0.760496
DS2.d892.s0.i5 -1.000000 -0.886987
DS2.d892.s0.i6 -1.000000 -0.733107
DS2.d892.s0.i7 -1.000000 -0.970770
DS2.d892.s1.i2 -1.000000 -0.751048
DS2.d892.s1.i1 -1.000000 -0.629832
DS2.d892.s1.i0 -1.000000 -0.682834
DS2.d893.s0.i0 -1.000000 -0.410701
DS2.d568.s0.i0 1.000000 0.447748
DS2.d317.s0.i0 1.000000 0.351801
DS2.d317.s0.i1 -1.000000 0.177189
DS2.d108.s0.i0 1.000000 0.624397
DS2.d109.s0.i0 -1.000000 -0.086956
DS2.d599.s0.i2 -1.000000 -0.646661
DS2.d599.s0.i0 -1.000000 -0.576291
DS2.d599.s0.i1 -1.000000 -0.611451
DS2.d104.s0.i4 -1.000000 -0.827562
DS2.d104.s0.i5 -1.000000 -0.765843
DS2.d104.s0.i0 -1.000000 -0.866097
DS2.d104.s0.i1 -1.000000 -0.911804
DS2.d104.s0.i2 -1.000000 -0.909388
DS2.d104.s0.i3 -1.000000 -0.820558
DS2.d104.s1.i7 -1.000000 -0.957256
DS2.d104.s1.i6 -1.000000 -0.928917
DS2.d104.s1.i5 -1.000000 -1.056521
DS2.d104.s1.i4 -1.000000 -1.037524
DS2.d104.s1.i3 -1.000000 -0.937000
DS2.d104.s1.i2 -1.000000 -0.866456
DS2.d104.s1.i1 -1.000000 -1.032257
DS2.d104.s1.i0 -1.000000 -0.961746
DS2.d105.s0.i1 -1.000000 -0.428489
DS2.d105.s0.i0 -1.000000 -0.405263
DS2.d102.s0.i0 1.000000 0.936569
DS2.d103.s0.i1 -1.000000 -0.446307
DS2.d103.s0.i0 -1.000000 -0.451416
DS2.d101.s1.i0 1.000000 0.540444
DS2.d101.s0.i0 1.000000 0.831184
DS2.d15.s0.i0 -1.000000 -0.248610
DS2.d15.s1.i0 1.000000 0.092580
DS2.d15.s2.i0 -1.000000 -0.501267
DS2.d14.s0.i0 1.000000 0.807786
DS2.d17.s0.i0 -1.000000 -0.280589
DS2.d17.s0.i1 1.000000 0.238710
DS2.d17.s0.i2 1.000000 0.238710
DS2.d17.s0.i3 -1.000000 -0.280589
DS2.d16.s1.i2 1.000000 0.601887
DS2.d16.s1.i0 1.000000 0.503745
DS2.d16.s1.i1 1.000000 0.638849
DS2.d16.s0.i0 -1.000000 -0.124145
DS2.d11.s0.i0 1.000000 -0.093488
DS2.d11.s1.i0 1.000000 0.941626
DS2.d13.s0.i0 -1.000000 0.183466
DS2.d13.s0.i1 1.000000 0.365114
DS2.d13.s0.i2 -1.000000 0.411866
DS2.d13.s0.i3 1.000000 0.395993
DS2.d13.s1.i0 -1.000000 -0.159388
DS2.d12.s1.i2 -1.000000 -0.658436
DS2.d12.s1.i3 -1.000000 -0.610357
DS2.d12.s1.i0 -1.000000 -0.749095
DS2.d12.s1.i1 -1.000000 -0.761492
DS2.d12.s0.i1 -1.000000 -0.766760
DS2.d12.s0.i0 -1.000000 -0.945272
DS2.d12.s0.i3 -1.000000 -0.990030
DS2.d12.s0.i2 -1.000000 -0.953411
DS2.d713.s0.i0 1.000000 0.495211
DS2.d713.s0.i1 -1.000000 0.360315
DS2.d713.s1.i0 -1.000000 0.055221
DS2.d712.s0.i9 1.000000 0.598033
DS2.d712.s0.i8 1.000000 0.664461
DS2.d712.s0.i3 1.000000 0.604028
DS2.d712.s0.i2 1.000000 0.662162
DS2.d712.s0.i1 1.000000 0.752492
DS2.d712.s0.i0 1.000000 0.600592
DS2.d712.s0.i7 1.000000 0.602984
DS2.d712.s0.i6 1.000000 0.688954
DS2.d712.s0.i5 1.000000 0.534865
DS2.d712.s0.i4 1.000000 0.658712
DS2.d711.s0.i0 1.000000 0.652203
DS2.d711.s0.i1 1.000000 0.592713
DS2.d710.s0.i1 1.000000 0.566775
DS2.d710.s0.i0 1.000000 0.571125
DS2.d717.s0.i0 1.000000 0.435231
DS2.d717.s0.i1 1.000000 0.498361
DS2.d18.s0.i2 1.000000 0.649934
DS2.d18.s0.i1 1.000000 0.672031
DS2.d18.s0.i0 1.000000 0.534898
DS2.d714.s1.i0 1.000000 0.505184
DS2.d714.s0.i0 1.000000 0.228101
DS2.d843.s0.i0 -1.000000 -0.702704
DS2.d843.s1.i0 -1.000000 -0.725393
DS2.d842.s0.i1 -1.000000 -0.543851
DS2.d842.s0.i0 -1.000000 -0.494061
DS2.d840.s0.i1 -1.000000 -0.982551
DS2.d840.s0.i0 -1.000000 -0.968628
DS2.d847.s0.i0 1.000000 -0.111233
DS2.d847.s0.i1 -1.000000 -0.322819
DS2.d846.s1.i0 -1.000000 -0.305883
DS2.d846.s1.i1 -1.000000 -0.341732
DS2.d846.s0.i11 1.000000 0.831761
DS2.d846.s0.i10 1.000000 0.729370
DS2.d846.s0.i9 1.000000 0.788637
DS2.d846.s0.i8 1.000000 0.729066
DS2.d846.s0.i7 1.000000 0.631331
DS2.d846.s0.i6 1.000000 0.800241
DS2.d846.s0.i5 1.000000 0.680926
DS2.d846.s0.i4 1.000000 0.695997
DS2.d846.s0.i3 1.000000 0.815273
DS2.d846.s0.i2 1.000000 0.766389
DS2.d846.s0.i1 1.000000 0.783043
DS2.d846.s0.i0 1.000000 0.789305
DS2.d844.s0.i1 -1.000000 -0.249677
DS2.d844.s0.i0 -1.000000 -0.251981
DS2.d849.s0.i0 -1.000000 -0.508475
DS2.d298.s0.i0 1.000000 0.199844
DS2.d1025.s0.i0 1.000000 0.595111
DS2.d1025.s0.i1 1.000000 0.618834
DS2.d1025.s1.i1 1.000000 0.438981
DS2.d1025.s1.i0 1.000000 0.419574
DS2.d1024.s0.i0 1.000000 1.036681
DS2.d320.s0.i0 1.000000 0.291275
DS2.d1026.s0.i1 1.000000 0.972522
DS2.d1026.s0.i0 1.000000 0.955913
DS2.d326.s0.i0 1.000000 0.244210
DS2.d326.s1.i1 1.000000 0.567587
DS2.d326.s1.i0 1.000000 0.565014
DS2.d1020.s0.i0 1.000000 0.481859
DS2.d324.s0.i0 1.000000 0.531362
DS2.d324.s0.i1 1.000000 0.785436
DS2.d324.s0.i2 1.000000 0.692619
DS2.d325.s1.i0 -1.000000 -0.622642
DS2.d325.s1.i1 -1.000000 -0.613910
DS2.d325.s0.i1 -1.000000 -0.171898
DS2.d325.s0.i0 -1.000000 -0.243427
DS2.d325.s0.i3 1.000000 0.109130
DS2.d325.s0.i2 1.000000 0.103085
DS2.d325.s2.i2 -1.000000 -0.754104
DS2.d325.s2.i1 -1.000000 -0.517335
DS2.d325.s2.i0 -1.000000 -0.675433
DS2.d241.s0.i0 1.000000 0.827377
DS2.d241.s1.i0 1.000000 0.618858
DS2.d240.s0.i3 -1.000000 -0.701257
DS2.d240.s0.i2 -1.000000 -0.783651
DS2.d240.s0.i1 -1.000000 -0.763481
DS2.d240.s0.i0 -1.000000 -0.783527
DS2.d328.s0.i0 1.000000 0.482941
DS2.d329.s0.i1 1.000000 0.446587
DS2.d329.s0.i0 1.000000 0.563962
DS2.d329.s0.i2 1.000000 0.516437
DS2.d245.s0.i0 -1.000000 -0.324175
DS2.d245.s0.i1 -1.000000 -0.476066
DS2.d244.s1.i0 -1.000000 -0.066972
DS2.d244.s0.i0 -1.000000 0.261525
DS2.d247.s0.i0 -1.000000 0.120395
DS2.d246.s0.i1 -1.000000 -0.175393
DS2.d246.s0.i0 -1.000000 -0.191097
DS2.d486.s0.i0 -1.000000 -0.514011
DS2.d914.s0.i0 -1.000000 0.058470
DS2.d308.s0.i0 1.000000 0.445090
DS2.d308.s0.i1 1.000000 0.438980
DS2.d308.s1.i0 1.000000 0.625469
DS2.d309.s0.i0 1.000000 0.247957
DS2.d590.s0.i5 -1.000000 -0.548778
DS2.d590.s0.i4 1.000000 -0.039921
DS2.d590.s0.i3 -1.000000 -0.559950
DS2.d590.s0.i2 1.000000 0.000920
DS2.d590.s0.i1 -1.000000 -0.557434
DS2.d590.s0.i0 -1.000000 -0.514302
DS2.d358.s0.i0 1.000000 0.819656
DS2.d463.s0.i0 1.000000 0.450460
DS2.d462.s0.i1 1.000000 0.923023
DS2.d462.s0.i0 1.000000 1.006177
DS2.d462.s0.i3 1.000000 1.026125
DS2.d462.s0.i2 1.000000 0.975908
DS2.d301.s0.i0 -1.000000 -0.353344
DS2.d304.s0.i0 -1.000000 0.093036
DS2.d898.s0.i0 1.000000 0.533233
DS2.d898.s0.i1 1.000000 0.741936
DS2.d305.s2.i1 1.000000 0.429018
DS2.d305.s2.i0 1.000000 0.322188
DS2.d305.s1.i0 -1.000000 -0.020581
DS2.d305.s0.i3 1.000000 0.412317
DS2.d305.s0.i2 1.000000 0.460631
DS2.d305.s0.i1 1.000000 0.428515
DS2.d305.s0.i0 1.000000 0.478211
DS2.d306.s0.i0 -1.000000 0.388658
DS2.d436.s0.i0 -1.000000 -0.574005
DS2.d436.s0.i1 -1.000000 -0.523889
DS2.d436.s1.i0 -1.000000 -0.368395
DS2.d437.s1.i0 1.000000 0.756795
DS2.d437.s0.i0 1.000000 0.782763
DS2.d434.s0.i0 1.000000 0.410356
DS2.d434.s0.i1 1.000000 0.436807
DS2.d434.s0.i2 -1.000000 0.402175
DS2.d434.s0.i3 1.000000 0.373496
DS2.d435.s0.i11 1.000000 0.782400
DS2.d435.s0.i10 1.000000 0.791911
DS2.d435.s0.i12 1.000000 0.814916
DS2.d435.s0.i13 1.000000 0.790618
DS2.d435.s0.i5 1.000000 0.776016
DS2.d435.s0.i4 1.000000 0.783908
DS2.d435.s0.i7 1.000000 0.823407
DS2.d435.s0.i6 1.000000 0.798890
DS2.d435.s0.i1 1.000000 0.889660
DS2.d435.s0.i0 1.000000 0.767826
DS2.d435.s0.i3 1.000000 0.806870
DS2.d435.s0.i2 1.000000 0.805310
DS2.d435.s0.i15 1.000000 0.800345
DS2.d435.s0.i9 1.000000 0.908155
DS2.d435.s0.i8 1.000000 0.833628
DS2.d435.s0.i14 1.000000 0.812543
DS2.d430.s0.i0 -1.000000 0.197482
DS2.d431.s0.i0 1.000000 0.652833
DS2.d469.s0.i4 -1.000000 -0.381969
DS2.d469.s0.i2 1.000000 -0.037386
DS2.d469.s0.i3 1.000000 -0.037386
DS2.d469.s0.i0 -1.000000 -0.381969
DS2.d469.s0.i1 -1.000000 -0.381969
DS2.d438.s0.i0 -1.000000 -0.196535
DS2.d439.s0.i0 -1.000000 -0.447155
DS2.d899.s0.i0 1.000000 0.317080
DS2.d968.s0.i0 1.000000 0.138302
DS2.d969.s0.i1 -1.000000 -0.204633
DS2.d969.s0.i0 -1.000000 -0.257198
DS2.d964.s0.i2 1.000000 0.720572
DS2.d964.s0.i3 1.000000 0.624915
DS2.d964.s0.i0 1.000000 0.609579
DS2.d964.s0.i1 1.000000 0.700343
DS2.d964.s1.i1 1.000000 0.498812
DS2.d964.s1.i0 1.000000 0.612820
DS2.d965.s0.i0 -1.000000 0.303862
DS2.d966.s0.i0 1.000000 0.383021
DS2.d303.s0.i1 -1.000000 0.110579
DS2.d303.s0.i0 1.000000 0.185361
DS2.d960.s0.i0 -1.000000 -0.566697
DS2.d961.s0.i1 -1.000000 -0.500498
DS2.d961.s0.i0 -1.000000 -0.502313
DS2.d962.s0.i0 -1.000000 -0.120739
DS2.d963.s0.i1 -1.000000 -0.752086
DS2.d963.s0.i0 -1.000000 -0.753899
DS2.d618.s0.i0 1.000000 1.054329
DS2.d781.s0.i1 1.000000 0.439141
DS2.d781.s0.i0 1.000000 0.545392
DS2.d335.s0.i0 1.000000 0.535437
DS2.d508.s0.i4 1.000000 0.762562
DS2.d508.s0.i5 1.000000 0.712834
DS2.d508.s0.i0 1.000000 0.726757
DS2.d508.s0.i1 1.000000 0.795170
DS2.d508.s0.i2 1.000000 0.770483
DS2.d508.s0.i3 1.000000 0.731616
DS2.d508.s1.i1 -1.000000 -0.381020
DS2.d508.s1.i0 -1.000000 -0.460003
DS2.d949.s1.i2 1.000000 0.336881
DS2.d949.s1.i0 -1.000000 0.117220
DS2.d949.s1.i1 1.000000 0.226007
DS2.d949.s0.i1 1.000000 0.343108
DS2.d949.s0.i0 -1.000000 0.212297
DS2.d949.s0.i2 1.000000 0.424555
DS2.d949.s3.i0 -1.000000 0.169699
DS2.d949.s2.i0 1.000000 0.526222
DS2.d334.s0.i0 -1.000000 -0.142013
DS2.d503.s0.i0 1.000000 1.103396
DS2.d500.s0.i0 -1.000000 -0.694010
DS2.d500.s0.i1 -1.000000 -0.600100
DS2.d500.s0.i2 -1.000000 -0.586766
DS2.d787.s1.i0 1.000000 0.370123
DS2.d787.s0.i1 1.000000 0.919472
DS2.d787.s0.i0 1.000000 1.025812
DS2.d787.s0.i3 1.000000 0.807189
DS2.d787.s0.i2 1.000000 1.127593
DS2.d507.s0.i0 -1.000000 -0.076672
DS2.d504.s0.i0 -1.000000 0.087867
DS2.d505.s4.i0 1.000000 0.629943
DS2.d505.s1.i0 1.000000 0.899474
DS2.d505.s0.i0 1.000000 0.319335
DS2.d505.s3.i0 1.000000 0.851835
DS2.d505.s2.i0 1.000000 1.063598
DS2.d1021.s0.i4 -1.000000 -0.546692
DS2.d1021.s0.i5 -1.000000 -0.566870
DS2.d1021.s0.i2 -1.000000 -0.518424
DS2.d1021.s0.i3 1.000000 0.009375
DS2.d1021.s0.i0 1.000000 0.029471
DS2.d1021.s0.i1 -1.000000 0.045693
DS2.d610.s0.i0 1.000000 0.435300
DS2.d610.s1.i1 1.000000 0.777967
DS2.d610.s1.i0 1.000000 0.565730
DS2.d331.s0.i0 1.000000 0.782174
DS2.d331.s0.i1 1.000000 0.651403
DS2.d611.s0.i0 1.000000 0.761215
DS2.d330.s0.i0 1.000000 0.391825
DS2.d49.s1.i0 1.000000 0.364738
DS2.d49.s0.i0 1.000000 0.529093
DS2.d46.s0.i2 -1.000000 -0.583497
DS2.d46.s0.i0 -1.000000 -0.575771
DS2.d46.s0.i1 -1.000000 -0.671802
DS2.d47.s0.i2 -1.000000 -0.542862
DS2.d47.s0.i1 -1.000000 -0.412591
DS2.d47.s0.i0 -1.000000 -0.500605
DS2.d44.s0.i0 -1.000000 0.106631
DS2.d44.s1.i0 -1.000000 -0.186729
DS2.d45.s0.i1 -1.000000 -0.413987
DS2.d45.s0.i0 -1.000000 -0.271529
DS2.d45.s0.i3 -1.000000 -0.313815
DS2.d45.s0.i2 -1.000000 -0.368010
DS2.d42.s0.i10 -1.000000 -0.770805
DS2.d42.s0.i11 -1.000000 -0.666992
DS2.d42.s0.i6 -1.000000 -0.736339
DS2.d42.s0.i7 -1.000000 -0.764277
DS2.d42.s0.i4 -1.000000 -0.828562
DS2.d42.s0.i5 -1.000000 -0.735030
DS2.d42.s0.i2 -1.000000 -0.573472
DS2.d42.s0.i3 -1.000000 -0.765957
DS2.d42.s0.i0 -1.000000 -0.821933
DS2.d42.s0.i1 -1.000000 -0.673390
DS2.d42.s0.i8 -1.000000 -0.807850
DS2.d42.s0.i9 -1.000000 -0.824689
DS2.d43.s2.i0 1.000000 0.976877
DS2.d43.s1.i0 1.000000 0.832441
DS2.d43.s0.i1 1.000000 1.141282
DS2.d43.s0.i0 1.000000 0.989547
DS2.d40.s0.i0 -1.000000 -0.334893
DS2.d41.s1.i0 1.000000 0.687367
DS2.d41.s0.i0 1.000000 0.794355
DS2.d41.s2.i0 1.000000 0.801560
DS2.d148.s0.i0 -1.000000 -0.565010
DS2.d148.s0.i1 -1.000000 -0.504239
DS2.d149.s0.i0 1.000000 0.729572
DS2.d142.s0.i2 1.000000 0.809875
DS2.d142.s0.i3 1.000000 0.996021
DS2.d142.s0.i0 1.000000 0.881049
DS2.d142.s0.i1 1.000000 0.988291
DS2.d142.s1.i0 1.000000 0.503917
DS2.d143.s0.i0 1.000000 0.215299
DS2.d140.s2.i0 1.000000 0.675676
DS2.d140.s3.i1 1.000000 0.785114
DS2.d140.s3.i0 1.000000 0.763877
DS2.d140.s0.i4 1.000000 0.948144
DS2.d140.s0.i5 1.000000 1.038941
DS2.d140.s0.i0 1.000000 0.734792
DS2.d140.s0.i1 1.000000 0.826987
DS2.d140.s0.i2 1.000000 0.734792
DS2.d140.s0.i3 1.000000 0.826987
DS2.d140.s1.i1 1.000000 0.873425
DS2.d140.s1.i0 1.000000 0.952944
DS2.d140.s4.i0 1.000000 0.841227
DS2.d140.s4.i1 1.000000 1.062214
DS2.d140.s4.i2 1.000000 0.891961
DS2.d140.s4.i3 1.000000 0.871658
DS2.d140.s4.i4 1.000000 1.019451
DS2.d140.s4.i5 1.000000 0.500720
DS2.d140.s4.i6 1.000000 1.046224
DS2.d140.s4.i7 1.000000 0.889281
DS2.d141.s1.i0 -1.000000 -0.370743
DS2.d141.s0.i0 -1.000000 0.135820
DS2.d146.s0.i0 -1.000000 -0.370573
DS2.d146.s0.i1 -1.000000 -0.389622
DS2.d147.s0.i0 1.000000 0.361405
DS2.d144.s0.i0 1.000000 0.954295
DS2.d145.s1.i2 -1.000000 -0.471423
DS2.d145.s1.i0 -1.000000 -0.625906
DS2.d145.s1.i1 -1.000000 -0.575785
DS2.d145.s0.i1 -1.000000 0.155459
DS2.d145.s0.i0 1.000000 0.144153
DS2.d145.s0.i2 1.000000 0.170860
DS2.d230.s0.i0 1.000000 0.766690
DS2.d231.s0.i22 -1.000000 -0.964775
DS2.d231.s0.i23 -1.000000 -0.961242
DS2.d231.s0.i20 -1.000000 -1.002723
DS2.d231.s0.i21 -1.000000 -1.111715
DS2.d231.s0.i7 -1.000000 -1.007734
DS2.d231.s0.i6 -1.000000 -0.983560
DS2.d231.s0.i5 -1.000000 -0.909471
DS2.d231.s0.i4 -1.000000 -0.993661
DS2.d231.s0.i3 -1.000000 -0.916411
DS2.d231.s0.i2 -1.000000 -0.876806
DS2.d231.s0.i1 -1.000000 -0.902642
DS2.d231.s0.i0 -1.000000 -0.976643
DS2.d231.s0.i9 -1.000000 -1.009585
DS2.d231.s0.i8 -1.000000 -0.941551
DS2.d231.s0.i17 -1.000000 -0.747970
DS2.d231.s0.i16 -1.000000 -0.939979
DS2.d231.s0.i15 -1.000000 -0.947520
DS2.d231.s0.i14 -1.000000 -0.879820
DS2.d231.s0.i13 -1.000000 -1.079688
DS2.d231.s0.i12 -1.000000 -0.758155
DS2.d231.s0.i11 -1.000000 -0.995069
DS2.d231.s0.i10 -1.000000 -0.829391
DS2.d231.s0.i19 -1.000000 -0.931797
DS2.d231.s0.i18 -1.000000 -1.137697
DS2.d757.s0.i0 -1.000000 -0.886258
DS2.d757.s0.i1 -1.000000 -0.885914
DS2.d757.s1.i1 -1.000000 -0.653789
DS2.d757.s1.i0 -1.000000 -0.719402
DS2.d757.s2.i0 -1.000000 -1.075439
DS2.d757.s2.i1 -1.000000 -1.017071
DS2.d757.s3.i1 -1.000000 -0.773860
DS2.d757.s3.i0 -1.000000 -0.789238
DS2.d756.s0.i2 -1.000000 -0.943542
DS2.d756.s0.i1 -1.000000 -0.879632
DS2.d756.s0.i0 -1.000000 -0.924373
DS2.d755.s0.i0 1.000000 0.690171
DS2.d755.s0.i1 1.000000 0.895444
DS2.d754.s1.i0 1.000000 0.481519
DS2.d754.s0.i1 1.000000 0.638078
DS2.d754.s0.i0 1.000000 0.638078
DS2.d753.s0.i0 1.000000 0.505019
DS2.d752.s0.i1 1.000000 0.474246
DS2.d752.s0.i0 1.000000 0.533921
DS2.d751.s0.i0 1.000000 0.773730
DS2.d751.s0.i1 1.000000 0.750097
DS2.d751.s0.i2 1.000000 0.744091
DS2.d751.s0.i3 1.000000 0.871094
DS2.d751.s0.i4 1.000000 0.688690
DS2.d751.s0.i5 1.000000 0.820914
DS2.d751.s0.i6 1.000000 0.713220
DS2.d751.s0.i7 1.000000 0.682427
DS2.d750.s1.i0 1.000000 0.744478
DS2.d750.s0.i1 1.000000 0.906185
DS2.d750.s0.i0 1.000000 1.019460
DS2.d750.s2.i1 1.000000 0.477115
DS2.d750.s2.i0 1.000000 0.630079
DS2.d616.s0.i0 1.000000 0.365149
DS2.d616.s0.i1 1.000000 0.410258
DS2.d617.s0.i1 1.000000 0.901246
DS2.d617.s0.i0 1.000000 1.012856
DS2.d614.s0.i0 -1.000000 -0.340579
DS2.d614.s0.i1 -1.000000 -0.181578
DS2.d615.s0.i0 1.000000 0.017805
DS2.d612.s0.i0 -1.000000 -0.574692
DS2.d612.s0.i1 -1.000000 -0.485777
DS2.d613.s0.i1 -1.000000 0.281657
DS2.d613.s0.i0 1.000000 0.434076
DS2.d759.s0.i0 1.000000 0.711517
DS2.d759.s0.i1 1.000000 0.542634
DS2.d758.s0.i0 -1.000000 -0.351268
DS2.d661.s0.i0 -1.000000 -0.465332
DS2.d660.s0.i0 -1.000000 0.063102
DS2.d205.s0.i0 1.000000 0.491330
DS2.d205.s1.i0 1.000000 0.008673
DS2.d205.s2.i0 -1.000000 -0.510524
DS2.d204.s1.i0 -1.000000 -0.157197
DS2.d204.s0.i0 -1.000000 -0.101765
DS2.d207.s0.i0 1.000000 0.815789
DS2.d206.s0.i1 1.000000 0.652131
DS2.d206.s0.i0 1.000000 0.403164
DS2.d201.s0.i11 -1.000000 -0.204873
DS2.d201.s0.i6 1.000000 0.248670
DS2.d201.s0.i7 -1.000000 -0.240455
DS2.d201.s0.i4 1.000000 0.074371
DS2.d201.s0.i5 -1.000000 -0.256417
DS2.d201.s0.i2 -1.000000 -0.303836
DS2.d201.s0.i3 1.000000 0.298222
DS2.d201.s0.i0 1.000000 -0.009953
DS2.d201.s0.i1 -1.000000 -0.154633
DS2.d201.s0.i10 -1.000000 -0.355996
DS2.d201.s0.i8 1.000000 0.041860
DS2.d201.s0.i9 1.000000 0.295198
DS2.d201.s1.i1 1.000000 0.480839
DS2.d201.s1.i0 1.000000 0.534829
DS2.d201.s1.i2 -1.000000 0.080782
DS2.d200.s1.i0 -1.000000 -0.107883
DS2.d200.s0.i0 1.000000 1.100748
DS2.d203.s0.i0 1.000000 0.799980
DS2.d203.s0.i1 1.000000 0.742195
DS2.d202.s0.i0 1.000000 -0.081961
DS2.d209.s0.i0 -1.000000 0.258834
DS2.d208.s0.i0 1.000000 0.537634
DS2.d525.s0.i0 1.000000 1.034096
DS2.d598.s0.i0 1.000000 0.557871
DS2.d541.s0.i0 1.000000 0.469700
DS2.d933.s0.i0 1.000000 0.947604
DS2.d932.s0.i2 -1.000000 -0.635432
DS2.d932.s0.i1 -1.000000 -0.530387
DS2.d932.s0.i0 -1.000000 -0.670463
DS2.d931.s0.i0 -1.000000 -0.595875
DS2.d931.s0.i1 -1.000000 -0.630073
DS2.d931.s0.i2 -1.000000 -0.645662
DS2.d931.s0.i3 -1.000000 -0.695192
DS2.d930.s0.i0 1.000000 0.780425
DS2.d937.s0.i0 1.000000 0.731750
DS2.d937.s0.i1 1.000000 0.731750
DS2.d936.s1.i0 1.000000 -0.100449
DS2.d936.s0.i0 1.000000 0.686251
DS2.d934.s0.i0 -1.000000 -0.293783
DS2.d939.s0.i0 1.000000 0.534548
DS2.d938.s1.i0 1.000000 0.285134
DS2.d938.s0.i0 1.000000 0.906245
DS2.d938.s2.i0 -1.000000 0.005065
DS2.d121.s0.i2 -1.000000 -0.812520
DS2.d121.s0.i1 -1.000000 -0.864280
DS2.d121.s0.i0 -1.000000 -0.876798
DS2.d379.s0.i2 1.000000 0.680471
DS2.d379.s0.i0 1.000000 0.765205
DS2.d379.s0.i1 1.000000 0.765205
DS2.d379.s1.i5 1.000000 0.938915
DS2.d379.s1.i4 1.000000 0.859191
DS2.d379.s1.i1 1.000000 0.871059
DS2.d379.s1.i0 1.000000 0.871059
DS2.d379.s1.i3 1.000000 0.859191
DS2.d379.s1.i2 1.000000 0.924758
DS2.d378.s0.i0 1.000000 0.873005
DS2.d470.s0.i0 1.000000 0.787187
DS2.d476.s0.i0 -1.000000 -0.419998
DS2.d476.s0.i1 -1.000000 -0.537556
DS2.d477.s0.i3 -1.000000 -0.466073
DS2.d477.s0.i2 -1.000000 -0.489052
DS2.d477.s0.i1 -1.000000 -0.539063
DS2.d477.s0.i0 -1.000000 -0.498112
DS2.d474.s0.i0 1.000000 0.413242
DS2.d475.s1.i0 1.000000 0.478115
DS2.d475.s1.i1 1.000000 0.275339
DS2.d475.s0.i0 1.000000 0.685618
DS2.d371.s0.i0 -1.000000 0.665953
DS2.d373.s0.i0 1.000000 0.871655
DS2.d373.s1.i0 1.000000 0.169845
DS2.d372.s0.i0 1.000000 0.802289
DS2.d375.s0.i8 -1.000000 -0.106066
DS2.d375.s0.i6 -1.000000 -0.183956
DS2.d375.s0.i7 -1.000000 -0.273781
DS2.d375.s0.i4 -1.000000 -0.123163
DS2.d375.s0.i5 -1.000000 -0.070340
DS2.d375.s0.i2 1.000000 -0.144564
DS2.d375.s0.i3 1.000000 -0.081151
DS2.d375.s0.i0 -1.000000 -0.341166
DS2.d375.s0.i1 1.000000 -0.016469
DS2.d374.s2.i0 -1.000000 -0.218985
DS2.d374.s1.i0 1.000000 0.568269
DS2.d374.s1.i1 1.000000 0.351622
DS2.d374.s0.i1 1.000000 0.670490
DS2.d374.s0.i0 1.000000 0.676262
DS2.d376.s1.i0 -1.000000 0.196205
DS2.d376.s0.i0 -1.000000 -0.349588
DS2.d271.s0.i1 1.000000 0.338271
DS2.d271.s0.i0 1.000000 0.363563
DS2.d272.s0.i0 -1.000000 -0.184985
DS2.d273.s1.i0 1.000000 0.139689
DS2.d273.s0.i1 -1.000000 -0.455628
DS2.d273.s0.i0 -1.000000 -0.308765
DS2.d274.s0.i0 1.000000 0.192583
DS2.d274.s1.i0 -1.000000 -0.298687
DS2.d275.s0.i0 1.000000 0.436543
DS2.d276.s0.i0 -1.000000 -0.477717
DS2.d276.s1.i0 -1.000000 -0.208353
DS2.d277.s0.i0 -1.000000 -0.160954
DS2.d278.s0.i0 1.000000 0.629797
DS2.d279.s0.i3 1.000000 0.459456
DS2.d279.s0.i2 1.000000 0.775329
DS2.d279.s0.i1 1.000000 0.900327
DS2.d279.s0.i0 1.000000 0.736825
DS2.d279.s0.i7 1.000000 0.762930
DS2.d279.s0.i6 1.000000 0.886276
DS2.d279.s0.i5 1.000000 0.885596
DS2.d279.s0.i4 1.000000 0.604039
DS2.d809.s0.i0 1.000000 0.338889
DS2.d808.s0.i1 -1.000000 -0.898830
DS2.d808.s0.i0 -1.000000 -0.712917
DS2.d808.s0.i3 -1.000000 -0.793382
DS2.d808.s0.i2 -1.000000 -0.953640
DS2.d808.s0.i5 -1.000000 -0.917993
DS2.d808.s0.i4 -1.000000 -0.934832
DS2.d808.s0.i6 -1.000000 -0.969218
DS2.d806.s1.i0 1.000000 0.992058
DS2.d806.s1.i1 1.000000 0.965476
DS2.d806.s0.i0 1.000000 0.943514
DS2.d805.s0.i0 -1.000000 -0.672108
DS2.d805.s0.i1 -1.000000 -0.667063
DS2.d804.s1.i2 -1.000000 -0.705933
DS2.d804.s1.i3 -1.000000 -0.673696
DS2.d804.s1.i0 -1.000000 -0.729435
DS2.d804.s1.i1 -1.000000 -0.696206
DS2.d804.s0.i9 -1.000000 -0.844126
DS2.d804.s0.i8 -1.000000 -0.927621
DS2.d804.s0.i5 -1.000000 -0.908565
DS2.d804.s0.i4 -1.000000 -0.899118
DS2.d804.s0.i7 -1.000000 -0.865961
DS2.d804.s0.i6 -1.000000 -0.848109
DS2.d804.s0.i1 -1.000000 -0.829388
DS2.d804.s0.i0 -1.000000 -0.829671
DS2.d804.s0.i3 -1.000000 -0.897576
DS2.d804.s0.i2 -1.000000 -0.821114
DS2.d803.s0.i0 -1.000000 -0.801958
DS2.d803.s0.i1 -1.000000 -0.858463
DS2.d803.s1.i0 -1.000000 -0.859279
DS2.d802.s0.i3 -1.000000 0.057890
DS2.d802.s0.i2 1.000000 0.116095
DS2.d802.s0.i1 -1.000000 0.014375
DS2.d802.s0.i0 1.000000 0.252015
DS2.d801.s0.i0 1.000000 0.892551
DS2.d800.s0.i1 1.000000 0.641337
DS2.d800.s0.i0 1.000000 0.667698
DS2.d889.s0.i0 1.000000 0.737673
DS2.d889.s1.i0 1.000000 0.872045
DS2.d988.s0.i0 -1.000000 0.020291
DS2.d989.s1.i0 1.000000 0.482127
DS2.d989.s0.i1 1.000000 0.515225
DS2.d989.s0.i0 1.000000 0.512906
DS2.d989.s0.i3 1.000000 0.499596
DS2.d989.s0.i2 1.000000 0.451450
DS2.d989.s0.i4 1.000000 0.453862
DS2.d986.s0.i0 1.000000 0.352953
DS2.d984.s0.i0 1.000000 0.276275
DS2.d984.s0.i1 1.000000 0.276275
DS2.d985.s0.i1 -1.000000 -0.408192
DS2.d985.s0.i0 -1.000000 -0.437862
DS2.d982.s0.i0 -1.000000 0.238537
DS2.d980.s0.i0 -1.000000 -0.731713
DS2.d980.s0.i1 -1.000000 -0.802512
DS2.d980.s1.i0 -1.000000 -0.559488
DS2.d981.s0.i0 1.000000 0.418108
DS2.d384.s0.i0 -1.000000 -0.217163
DS2.d384.s1.i0 1.000000 1.038122
DS2.d385.s1.i0 -1.000000 -0.236688
DS2.d385.s1.i1 -1.000000 -0.315767
DS2.d385.s1.i2 -1.000000 -0.456716
DS2.d385.s1.i3 -1.000000 -0.380873
DS2.d385.s0.i1 1.000000 0.577725
DS2.d385.s0.i0 1.000000 0.327329
DS2.d386.s0.i0 1.000000 0.910738
DS2.d387.s1.i0 1.000000 0.160007
DS2.d387.s0.i1 1.000000 0.233411
DS2.d387.s0.i0 1.000000 0.461522
DS2.d380.s0.i0 -1.000000 0.287337
DS2.d380.s0.i1 1.000000 0.290891
DS2.d380.s1.i0 1.000000 0.155374
DS2.d381.s1.i0 -1.000000 -0.202289
DS2.d381.s0.i0 -1.000000 0.006932
DS2.d382.s2.i0 -1.000000 -0.590216
DS2.d382.s2.i1 -1.000000 -0.948495
DS2.d382.s0.i11 -1.000000 -0.945827
DS2.d382.s0.i10 -1.000000 -0.818557
DS2.d382.s0.i8 -1.000000 -0.936391
DS2.d382.s0.i9 -1.000000 -0.820822
DS2.d382.s0.i0 -1.000000 -0.859485
DS2.d382.s0.i1 -1.000000 -0.916978
DS2.d382.s0.i2 -1.000000 -0.772926
DS2.d382.s0.i3 -1.000000 -0.908960
DS2.d382.s0.i4 -1.000000 -0.928428
DS2.d382.s0.i5 -1.000000 -0.954521
DS2.d382.s0.i6 -1.000000 -0.756826
DS2.d382.s0.i7 -1.000000 -0.794677
DS2.d382.s1.i3 -1.000000 -0.834469
DS2.d382.s1.i2 -1.000000 -0.707693
DS2.d382.s1.i1 -1.000000 -0.861374
DS2.d382.s1.i0 -1.000000 -1.062230
DS2.d382.s1.i5 -1.000000 -0.834455
DS2.d382.s1.i4 -1.000000 -1.137690
DS2.d383.s0.i0 -1.000000 -0.151005
DS2.d388.s0.i0 -1.000000 -0.422092
DS2.d388.s1.i0 -1.000000 -0.564114
DS2.d388.s2.i0 -1.000000 -0.671317
DS2.d388.s2.i1 -1.000000 -0.448282
DS2.d389.s0.i1 1.000000 0.768914
DS2.d389.s0.i0 1.000000 0.629196
DS2.d186.s0.i0 1.000000 0.690191
DS2.d186.s0.i1 1.000000 0.707366
DS2.d187.s0.i3 -1.000000 -1.092428
DS2.d187.s0.i2 -1.000000 -0.990795
DS2.d187.s0.i1 -1.000000 -0.854651
DS2.d187.s0.i0 -1.000000 -0.904990
DS2.d184.s0.i0 1.000000 0.770210
DS2.d185.s0.i1 -1.000000 -0.210952
DS2.d185.s0.i0 -1.000000 -0.210952
DS2.d182.s0.i0 -1.000000 0.201768
DS2.d183.s1.i0 1.000000 0.879915
DS2.d183.s1.i1 1.000000 0.857405
DS2.d183.s1.i2 1.000000 0.879915
DS2.d183.s0.i1 -1.000000 -0.074473
DS2.d183.s0.i0 1.000000 0.710451
DS2.d180.s0.i0 1.000000 0.821615
DS2.d180.s0.i1 1.000000 0.888594
DS2.d180.s0.i2 1.000000 0.798147
DS2.d180.s0.i3 1.000000 0.905641
DS2.d181.s0.i1 -1.000000 -0.486473
DS2.d181.s0.i0 -1.000000 -0.466844
DS2.d181.s0.i3 -1.000000 -0.484981
DS2.d181.s0.i2 1.000000 -0.243770
DS2.d181.s0.i4 -1.000000 -0.351043
DS2.d188.s0.i0 1.000000 0.687825
DS2.d188.s0.i1 1.000000 0.864688
DS2.d188.s0.i2 1.000000 0.827373
DS2.d188.s0.i3 1.000000 0.738461
DS2.d188.s1.i0 -1.000000 -0.057992
DS2.d189.s1.i0 -1.000000 -0.387345
DS2.d189.s0.i1 -1.000000 -0.721248
DS2.d189.s0.i0 -1.000000 -0.610792
DS2.d793.s0.i0 1.000000 0.331545
DS2.d792.s0.i1 1.000000 0.231577
DS2.d792.s0.i0 1.000000 0.153849
DS2.d791.s0.i0 1.000000 0.900281
DS2.d791.s1.i0 1.000000 0.473417
DS2.d790.s1.i0 -1.000000 -0.099381
DS2.d790.s0.i0 1.000000 0.619373
DS2.d797.s0.i0 -1.000000 -0.558951
DS2.d797.s1.i0 -1.000000 0.340383
DS2.d98.s1.i0 1.000000 0.724337
DS2.d98.s0.i2 1.000000 0.692206
DS2.d98.s0.i1 1.000000 0.741688
DS2.d98.s0.i0 1.000000 0.484753
DS2.d795.s0.i0 1.000000 0.564956
DS2.d794.s0.i1 -1.000000 -0.842908
DS2.d794.s0.i0 -1.000000 -0.864448
DS2.d794.s0.i3 -1.000000 -0.850402
DS2.d794.s0.i2 -1.000000 -0.934419
DS2.d652.s0.i2 -1.000000 -0.833988
DS2.d652.s0.i0 -1.000000 -0.833988
DS2.d652.s0.i1 -1.000000 -0.892002
DS2.d653.s0.i0 1.000000 0.505792
DS2.d650.s0.i0 1.000000 0.693037
DS2.d650.s0.i1 1.000000 0.617508
DS2.d650.s0.i2 1.000000 0.601170
DS2.d650.s0.i3 1.000000 0.518070
DS2.d798.s0.i0 1.000000 0.764854
DS2.d656.s0.i0 1.000000 0.156780
DS2.d657.s3.i0 1.000000 0.759425
DS2.d657.s2.i0 1.000000 0.667297
DS2.d657.s1.i0 1.000000 0.669232
DS2.d657.s1.i1 1.000000 0.500805
DS2.d657.s0.i1 1.000000 0.880150
DS2.d657.s0.i0 1.000000 1.144130
DS2.d654.s0.i0 -1.000000 0.467059
DS2.d654.s1.i0 1.000000 0.594164
DS2.d655.s0.i0 -1.000000 -0.377113
DS2.d551.s0.i2 1.000000 0.704819
DS2.d551.s0.i3 1.000000 0.671730
DS2.d551.s0.i0 1.000000 0.662407
DS2.d551.s0.i1 1.000000 0.630865
DS2.d550.s1.i0 1.000000 0.659797
DS2.d550.s1.i1 1.000000 0.828763
DS2.d550.s1.i2 1.000000 0.828763
DS2.d550.s1.i3 1.000000 0.659797
DS2.d550.s0.i13 1.000000 0.729858
DS2.d550.s0.i12 1.000000 0.882513
DS2.d550.s0.i11 1.000000 0.514188
DS2.d550.s0.i10 1.000000 0.745909
DS2.d550.s0.i14 1.000000 0.619473
DS2.d550.s0.i3 1.000000 0.567782
DS2.d550.s0.i2 1.000000 0.672448
DS2.d550.s0.i1 1.000000 0.461954
DS2.d550.s0.i0 1.000000 0.882513
DS2.d550.s0.i7 1.000000 0.619473
DS2.d550.s0.i6 1.000000 0.672448
DS2.d550.s0.i5 1.000000 0.934000
DS2.d550.s0.i4 1.000000 0.787899
DS2.d550.s0.i9 1.000000 0.934000
DS2.d550.s0.i8 1.000000 0.729858
DS2.d553.s0.i0 1.000000 0.512385
DS2.d552.s0.i0 1.000000 -0.202782
DS2.d555.s0.i0 1.000000 0.723581
DS2.d555.s1.i1 1.000000 0.671040
DS2.d555.s1.i0 1.000000 0.583276
DS2.d554.s0.i0 1.000000 0.779628
DS2.d557.s0.i0 1.000000 0.278574
DS2.d556.s1.i2 1.000000 0.228403
DS2.d556.s1.i0 -1.000000 0.023387
DS2.d556.s1.i1 -1.000000 -0.161345
DS2.d556.s0.i1 1.000000 0.239046
DS2.d556.s0.i0 1.000000 0.407836
DS2.d556.s0.i2 1.000000 0.423154
DS2.d490.s0.i0 1.000000 0.430211
DS2.d490.s0.i1 1.000000 0.294467
DS2.d558.s0.i0 1.000000 0.650258
DS2.d492.s2.i0 1.000000 0.561263
DS2.d492.s0.i0 -1.000000 0.007924
DS2.d492.s1.i0 1.000000 -0.193258
DS2.d493.s0.i0 1.000000 0.829317
DS2.d495.s0.i1 1.000000 0.348060
DS2.d495.s0.i0 1.000000 0.567381
DS2.d496.s0.i0 -1.000000 -0.599470
DS2.d496.s0.i1 -1.000000 -0.642217
DS2.d496.s0.i2 -1.000000 -0.616939
DS2.d496.s0.i3 -1.000000 -0.550600
DS2.d497.s0.i1 -1.000000 -0.413633
DS2.d497.s0.i0 -1.000000 -0.505430
DS2.d77.s0.i2 1.000000 0.585714
DS2.d77.s0.i0 1.000000 0.508471
DS2.d77.s0.i1 1.000000 0.592548
DS2.d76.s1.i0 1.000000 0.903954
DS2.d76.s1.i1 1.000000 0.903954
DS2.d76.s1.i2 1.000000 0.591241
DS2.d76.s1.i3 1.000000 0.827068
DS2.d76.s1.i4 1.000000 0.827068
DS2.d76.s1.i5 1.000000 0.682630
DS2.d76.s0.i1 1.000000 0.778123
DS2.d76.s0.i0 1.000000 0.778123
DS2.d75.s0.i0 1.000000 0.442095
DS2.d75.s0.i1 -1.000000 0.376463
DS2.d74.s0.i1 1.000000 0.514866
DS2.d74.s0.i0 1.000000 0.500482
DS2.d74.s0.i2 -1.000000 0.277990
DS2.d73.s0.i0 1.000000 0.700922
DS2.d73.s0.i1 1.000000 0.664851
DS2.d72.s0.i2 -1.000000 -0.699311
DS2.d72.s0.i1 -1.000000 -0.728709
DS2.d72.s0.i0 -1.000000 -0.690639
DS2.d71.s2.i0 1.000000 0.400032
DS2.d71.s0.i0 1.000000 0.770906
DS2.d71.s1.i0 1.000000 0.577001
DS2.d70.s0.i1 1.000000 0.346815
DS2.d70.s0.i0 1.000000 0.335305
DS2.d79.s0.i0 -1.000000 -0.889333
DS2.d79.s0.i1 -1.000000 -0.886674
DS2.d79.s0.i2 -1.000000 -0.805671
DS2.d79.s0.i3 -1.000000 -0.813149
DS2.d79.s0.i4 -1.000000 -0.802244
DS2.d79.s0.i5 -1.000000 -0.663685
DS2.d79.s0.i6 -1.000000 -0.872136
DS2.d79.s0.i7 -1.000000 -0.670270
DS2.d942.s0.i0 1.000000 0.104330
DS2.d111.s0.i2 -1.000000 -0.643299
DS2.d111.s0.i0 -1.000000 0.032889
DS2.d111.s0.i1 -1.000000 -0.170286
DS2.d110.s0.i1 1.000000 0.730960
DS2.d110.s0.i0 1.000000 0.730960
DS2.d113.s0.i0 1.000000 0.967687
DS2.d113.s0.i1 1.000000 1.029218
DS2.d113.s1.i0 1.000000 0.584989
DS2.d112.s0.i1 -1.000000 -0.523189
DS2.d112.s0.i0 -1.000000 -0.432986
DS2.d115.s0.i0 1.000000 0.351137
DS2.d115.s0.i1 1.000000 0.436805
DS2.d115.s1.i0 1.000000 0.620771
DS2.d114.s0.i7 1.000000 0.731802
DS2.d114.s0.i6 1.000000 0.774795
DS2.d114.s0.i5 1.000000 0.558855
DS2.d114.s0.i4 1.000000 0.701158
DS2.d114.s0.i3 1.000000 0.680357
DS2.d114.s0.i2 1.000000 0.811406
DS2.d114.s0.i1 1.000000 0.897649
DS2.d114.s0.i0 1.000000 0.958031
DS2.d117.s0.i0 1.000000 0.719858
DS2.d117.s0.i1 1.000000 0.736676
DS2.d116.s1.i2 -1.000000 0.053113
DS2.d116.s1.i0 -1.000000 -0.243597
DS2.d116.s1.i1 1.000000 0.102255
DS2.d116.s0.i1 1.000000 0.632890
DS2.d116.s0.i0 1.000000 0.688948
DS2.d119.s0.i0 1.000000 0.564704
DS2.d96.s1.i0 -1.000000 -0.247412
DS2.d96.s1.i1 -1.000000 -0.175827
DS2.d96.s0.i0 -1.000000 -0.230672
DS2.d728.s0.i0 -1.000000 -0.370535
DS2.d729.s1.i0 -1.000000 -0.376917
DS2.d729.s0.i0 -1.000000 -0.290229
DS2.d726.s0.i2 1.000000 0.679746
DS2.d726.s0.i0 1.000000 0.679746
DS2.d726.s0.i1 1.000000 0.742563
DS2.d727.s0.i1 -1.000000 -0.331691
DS2.d727.s0.i0 -1.000000 -0.494884
DS2.d724.s0.i10 -1.000000 -0.870237
DS2.d724.s0.i11 -1.000000 -0.891551
DS2.d724.s0.i4 -1.000000 -0.880109
DS2.d724.s0.i5 -1.000000 -0.892282
DS2.d724.s0.i6 -1.000000 -0.884997
DS2.d724.s0.i7 -1.000000 -0.894051
DS2.d724.s0.i0 -1.000000 -0.889416
DS2.d724.s0.i1 -1.000000 -0.873749
DS2.d724.s0.i2 -1.000000 -0.892721
DS2.d724.s0.i3 -1.000000 -0.890227
DS2.d724.s0.i8 -1.000000 -0.900899
DS2.d724.s0.i9 -1.000000 -0.888551
DS2.d725.s0.i1 -1.000000 -0.861506
DS2.d725.s0.i0 -1.000000 -0.783779
DS2.d722.s0.i0 1.000000 0.616024
DS2.d723.s0.i0 -1.000000 0.359595
DS2.d721.s0.i0 -1.000000 0.794747
DS2.d876.s0.i0 -1.000000 0.381130
DS2.d876.s0.i1 1.000000 0.231117
DS2.d874.s0.i0 1.000000 0.515276
DS2.d874.s0.i1 1.000000 0.464995
DS2.d872.s0.i0 1.000000 0.448735
DS2.d873.s0.i0 1.000000 1.085773
DS2.d870.s0.i0 1.000000 0.538284
DS2.d870.s1.i0 1.000000 0.350076
DS2.d871.s1.i0 1.000000 0.898028
DS2.d871.s1.i1 1.000000 0.898028
DS2.d871.s0.i1 1.000000 0.227550
DS2.d871.s0.i0 -1.000000 0.292575
DS2.d1055.s1.i0 1.000000 0.635551
DS2.d1055.s1.i1 1.000000 0.544748
DS2.d1055.s0.i0 1.000000 0.588933
DS2.d878.s0.i0 -1.000000 -0.010905
DS2.d879.s0.i0 1.000000 0.468341
DS2.d1036.s0.i2 1.000000 0.434305
DS2.d1036.s0.i3 1.000000 0.479143
DS2.d1036.s0.i0 1.000000 0.517059
DS2.d1036.s0.i1 1.000000 0.453275
DS2.d1036.s1.i1 1.000000 0.469682
DS2.d1036.s1.i0 1.000000 0.539110
DS2.d1036.s1.i3 1.000000 0.595142
DS2.d1036.s1.i2 1.000000 0.628240
DS2.d1036.s2.i0 1.000000 0.764861
DS2.d1036.s2.i1 1.000000 0.764861
DS2.d1037.s0.i3 1.000000 0.460436
DS2.d1037.s0.i2 1.000000 0.584204
DS2.d1037.s0.i1 1.000000 0.587680
DS2.d1037.s0.i0 1.000000 0.446210
DS2.d1034.s0.i0 1.000000 0.734229
DS2.d1034.s0.i1 1.000000 0.719710
DS2.d1034.s1.i0 -1.000000 -0.248613
DS2.d336.s0.i1 -1.000000 -0.845437
DS2.d336.s0.i0 -1.000000 -0.834099
DS2.d336.s0.i3 -1.000000 -0.870524
DS2.d336.s0.i2 -1.000000 -0.868581
DS2.d1032.s0.i0 1.000000 0.009051
DS2.d1033.s0.i0 1.000000 0.317007
DS2.d1031.s0.i1 1.000000 0.880065
DS2.d1031.s0.i0 1.000000 0.880065
DS2.d234.s0.i0 1.000000 0.423815
DS2.d234.s0.i1 -1.000000 0.073266
DS2.d235.s2.i0 -1.000000 -0.078897
DS2.d235.s1.i0 -1.000000 -0.035587
DS2.d235.s0.i1 1.000000 0.236779
DS2.d235.s0.i0 -1.000000 -0.095376
DS2.d236.s0.i0 1.000000 0.892584
DS2.d236.s0.i1 1.000000 0.892584
DS2.d237.s0.i0 1.000000 0.376427
DS2.d339.s0.i0 -1.000000 -0.133820
DS2.d339.s1.i0 -1.000000 -0.206095
DS2.d338.s0.i0 1.000000 0.569430
DS2.d1038.s0.i0 1.000000 0.284843
DS2.d1039.s0.i1 -1.000000 -0.728081
DS2.d1039.s0.i0 -1.000000 -0.867330
DS2.d1039.s0.i3 -1.000000 -0.648945
DS2.d1039.s0.i2 -1.000000 -0.863552
DS2.d422.s1.i0 1.000000 0.376739
DS2.d422.s1.i1 1.000000 0.514032
DS2.d422.s0.i0 1.000000 0.730895
DS2.d1065.s0.i4 1.000000 0.542699
DS2.d1065.s0.i2 1.000000 0.439277
DS2.d1065.s0.i3 1.000000 0.497863
DS2.d1065.s0.i0 1.000000 0.469147
DS2.d1065.s0.i1 1.000000 0.463975
DS2.d1056.s0.i0 1.000000 0.786799
DS2.d719.s0.i0 1.000000 0.799072
DS2.d719.s1.i0 -1.000000 0.256492
DS2.d392.s2.i1 1.000000 0.674523
DS2.d392.s2.i0 1.000000 0.601998
DS2.d392.s1.i0 1.000000 0.947754
DS2.d392.s1.i1 1.000000 1.014984
DS2.d392.s0.i1 1.000000 0.634684
DS2.d392.s0.i0 1.000000 0.518504
DS2.d1064.s0.i1 -1.000000 -0.444929
DS2.d1064.s0.i0 -1.000000 -0.454736
DS2.d569.s0.i1 1.000000 0.717237
DS2.d569.s0.i0 1.000000 0.679826
DS2.d429.s0.i0 1.000000 0.558151
DS2.d429.s1.i0 1.000000 0.654665
DS2.d583.s0.i3 1.000000 0.823033
DS2.d583.s0.i2 1.000000 0.823033
DS2.d583.s0.i1 1.000000 0.759916
DS2.d583.s0.i0 1.000000 0.759916
DS2.d580.s0.i16 -1.000000 -1.008124
DS2.d580.s0.i17 -1.000000 -0.915829
DS2.d580.s0.i14 -1.000000 -1.005885
DS2.d580.s0.i15 -1.000000 -1.065229
DS2.d580.s0.i12 -1.000000 -0.911677
DS2.d580.s0.i13 -1.000000 -0.951566
DS2.d580.s0.i10 -1.000000 -0.859159
DS2.d580.s0.i11 -1.000000 -1.001888
DS2.d580.s0.i18 -1.000000 -0.911677
DS2.d580.s0.i19 -1.000000 -0.976327
DS2.d580.s0.i8 -1.000000 -1.006218
DS2.d580.s0.i9 -1.000000 -0.951075
DS2.d580.s0.i4 -1.000000 -1.051591
DS2.d580.s0.i5 -1.000000 -1.001888
DS2.d580.s0.i6 -1.000000 -1.051591
DS2.d580.s0.i7 -1.000000 -0.949622
DS2.d580.s0.i0 -1.000000 -0.999414
DS2.d580.s0.i1 -1.000000 -1.075340
DS2.d580.s0.i2 -1.000000 -0.999156
DS2.d580.s0.i3 -1.000000 -0.915829
DS2.d581.s0.i0 -1.000000 -0.170269
DS2.d586.s0.i0 -1.000000 -0.380999
DS2.d586.s0.i1 -1.000000 -0.429026
DS2.d587.s0.i0 1.000000 0.722592
DS2.d584.s0.i0 -1.000000 -0.663060
DS2.d584.s0.i1 -1.000000 -0.245949
DS2.d585.s0.i1 1.000000 0.857826
DS2.d585.s0.i0 1.000000 0.833039
DS2.d420.s0.i3 -1.000000 -0.498824
DS2.d420.s0.i2 -1.000000 -0.526519
DS2.d420.s0.i1 -1.000000 -0.472194
DS2.d420.s0.i0 -1.000000 -0.313040
DS2.d423.s0.i0 1.000000 0.896415
DS2.d423.s0.i1 1.000000 0.869915
DS2.d589.s0.i1 1.000000 0.637841
DS2.d589.s0.i0 1.000000 0.533616
DS2.d425.s0.i0 1.000000 0.424294
DS2.d425.s1.i1 1.000000 0.541362
DS2.d425.s1.i0 1.000000 0.579190
DS2.d425.s2.i0 -1.000000 -0.556516
DS2.d425.s3.i0 1.000000 0.657506
DS2.d424.s1.i0 1.000000 0.605663
DS2.d424.s1.i1 1.000000 0.722344
DS2.d424.s0.i0 1.000000 0.803147
DS2.d427.s0.i0 1.000000 0.517125
DS2.d426.s0.i1 1.000000 0.613679
DS2.d426.s0.i0 1.000000 0.696208
DS2.d340.s0.i2 -1.000000 -0.567143
DS2.d340.s0.i3 -1.000000 -0.427890
DS2.d340.s0.i0 -1.000000 -0.605538
DS2.d340.s0.i1 -1.000000 -0.639234
DS2.d340.s0.i4 -1.000000 -0.424762
DS2.d341.s0.i1 1.000000 0.483777
DS2.d341.s0.i0 1.000000 0.385650
DS2.d342.s0.i0 -1.000000 -0.654765
DS2.d342.s0.i1 -1.000000 -0.452319
DS2.d343.s0.i0 -1.000000 -0.360012
DS2.d344.s0.i0 -1.000000 0.023364
DS2.d345.s0.i0 1.000000 0.550758
DS2.d346.s0.i0 1.000000 0.447385
DS2.d346.s1.i1 -1.000000 -0.412951
DS2.d346.s1.i0 -1.000000 -0.373956
DS2.d473.s3.i2 1.000000 0.851784
DS2.d473.s3.i0 1.000000 0.455802
DS2.d473.s3.i1 1.000000 0.345895
DS2.d473.s2.i0 1.000000 0.608517
DS2.d473.s1.i0 1.000000 1.058889
DS2.d473.s0.i3 1.000000 0.878253
DS2.d473.s0.i2 1.000000 0.869818
DS2.d473.s0.i1 1.000000 0.885433
DS2.d473.s0.i0 1.000000 1.037177
DS2.d348.s0.i0 1.000000 0.453249
DS2.d348.s1.i0 -1.000000 -0.568415
DS2.d19.s0.i0 -1.000000 0.204039
DS2.d19.s1.i0 1.000000 0.199121
DS2.d307.s0.i0 -1.000000 -0.114112
DS2.d347.s0.i1 1.000000 0.313188
DS2.d347.s0.i0 1.000000 -0.003662
DS2.d347.s0.i3 1.000000 0.229174
DS2.d347.s0.i2 1.000000 0.355134
DS2.d943.s0.i3 1.000000 0.616248
DS2.d943.s0.i2 1.000000 0.691536
DS2.d943.s0.i1 1.000000 0.660819
DS2.d943.s0.i0 1.000000 0.653125
DS2.d716.s1.i0 -1.000000 -0.475510
DS2.d716.s1.i1 1.000000 -0.242215
DS2.d716.s1.i2 -1.000000 -0.499531
DS2.d716.s0.i0 -1.000000 -0.349208
DS2.d337.s0.i0 1.000000 0.549832
DS2.d337.s1.i1 1.000000 0.294502
DS2.d337.s1.i0 1.000000 0.360201
DS2.d428.s0.i0 1.000000 0.470176
DS2.d349.s0.i2 1.000000 0.675589
DS2.d349.s0.i1 1.000000 0.683838
DS2.d349.s0.i0 1.000000 0.745466
DS2.d977.s0.i0 -1.000000 -0.607197
DS2.d977.s0.i1 -1.000000 -0.643231
DS2.d976.s1.i0 1.000000 0.607563
DS2.d976.s0.i0 1.000000 0.485498
DS2.d975.s0.i0 1.000000 0.919470
DS2.d975.s0.i1 1.000000 0.548625
DS2.d975.s0.i2 1.000000 0.622847
DS2.d975.s0.i3 1.000000 0.545308
DS2.d974.s1.i0 1.000000 0.409155
DS2.d974.s0.i0 1.000000 0.409476
DS2.d974.s2.i1 1.000000 0.435429
DS2.d974.s2.i0 1.000000 0.344930
DS2.d973.s0.i0 1.000000 0.847337
DS2.d973.s1.i1 1.000000 0.252818
DS2.d973.s1.i0 -1.000000 0.367016
DS2.d973.s1.i3 1.000000 0.346731
DS2.d973.s1.i2 -1.000000 0.628174
DS2.d973.s1.i5 1.000000 0.626096
DS2.d973.s1.i4 1.000000 0.532623
DS2.d973.s2.i0 1.000000 0.357067
DS2.d973.s3.i1 -1.000000 0.535189
DS2.d973.s3.i0 1.000000 0.668704
DS2.d972.s0.i0 -1.000000 -0.646236
DS2.d1059.s0.i0 1.000000 0.848564
DS2.d300.s0.i0 -1.000000 -0.149808
DS2.d300.s0.i1 -1.000000 -0.035155
DS2.d83.s0.i0 -1.000000 0.231493
DS2.d478.s0.i0 1.000000 0.570191
DS2.d696.s0.i0 1.000000 0.574406
DS2.d696.s0.i1 1.000000 0.574406
DS2.d697.s0.i0 1.000000 -0.158150
DS2.d694.s0.i4 -1.000000 -0.053859
DS2.d694.s0.i5 1.000000 0.029124
DS2.d694.s0.i0 -1.000000 -0.163757
DS2.d694.s0.i1 -1.000000 -0.237977
DS2.d694.s0.i2 1.000000 0.128474
DS2.d694.s0.i3 -1.000000 -0.128094
DS2.d479.s0.i0 1.000000 0.687614
DS2.d519.s0.i0 -1.000000 -0.344233
DS2.d518.s1.i0 1.000000 0.586133
DS2.d518.s0.i0 -1.000000 -0.186666
DS2.d690.s0.i0 1.000000 0.562999
DS2.d691.s0.i1 1.000000 0.787014
DS2.d691.s0.i0 1.000000 0.599996
DS2.d332.s0.i0 1.000000 0.897081
DS2.d514.s0.i3 -1.000000 -0.998747
DS2.d514.s0.i2 -1.000000 -0.868157
DS2.d514.s0.i1 -1.000000 -0.915688
DS2.d514.s0.i0 -1.000000 -0.879469
DS2.d514.s0.i7 -1.000000 -0.859941
DS2.d514.s0.i6 -1.000000 -1.033454
DS2.d514.s0.i5 -1.000000 -0.858404
DS2.d514.s0.i4 -1.000000 -0.655418
DS2.d517.s0.i0 1.000000 1.118866
DS2.d516.s1.i0 1.000000 0.514763
DS2.d516.s0.i1 -1.000000 0.336280
DS2.d516.s0.i0 1.000000 0.576981
DS2.d511.s0.i2 1.000000 0.406006
DS2.d511.s0.i0 -1.000000 0.354034
DS2.d511.s0.i1 1.000000 0.374172
DS2.d510.s0.i0 1.000000 1.029171
DS2.d698.s0.i0 1.000000 0.584785
DS2.d699.s0.i0 1.000000 0.803073
DS2.d747.s0.i1 1.000000 0.557062
DS2.d747.s0.i0 1.000000 0.418902
DS2.d39.s2.i0 1.000000 0.366110
DS2.d39.s0.i0 1.000000 0.389896
DS2.d39.s1.i0 1.000000 0.318993
DS2.d38.s0.i1 -1.000000 -0.411493
DS2.d38.s0.i0 -1.000000 -0.350791
DS2.d33.s0.i0 -1.000000 -0.407725
DS2.d33.s1.i1 -1.000000 -0.480488
DS2.d33.s1.i0 -1.000000 -0.524281
DS2.d33.s2.i0 1.000000 0.394790
DS2.d32.s0.i0 1.000000 0.816014
DS2.d31.s0.i0 1.000000 0.452389
DS2.d30.s1.i0 1.000000 0.880701
DS2.d30.s1.i1 1.000000 0.557430
DS2.d30.s0.i0 1.000000 0.927214
DS2.d37.s0.i0 1.000000 0.481918
DS2.d36.s1.i0 -1.000000 -0.168332
DS2.d36.s0.i0 -1.000000 -0.230487
DS2.d238.s0.i12 -1.000000 -0.928255
DS2.d238.s0.i13 -1.000000 -0.832339
DS2.d238.s0.i11 -1.000000 -0.834108
DS2.d238.s0.i6 -1.000000 -0.890129
DS2.d238.s0.i7 -1.000000 -0.870158
DS2.d238.s0.i4 -1.000000 -0.879472
DS2.d238.s0.i5 -1.000000 -0.814216
DS2.d238.s0.i2 -1.000000 -0.803652
DS2.d238.s0.i3 -1.000000 -0.839834
DS2.d238.s0.i0 -1.000000 -0.869295
DS2.d238.s0.i1 -1.000000 -0.839891
DS2.d238.s0.i10 -1.000000 -0.860586
DS2.d238.s0.i8 -1.000000 -0.895179
DS2.d238.s0.i9 -1.000000 -0.850484
DS2.d238.s1.i1 1.000000 0.314744
DS2.d238.s1.i0 1.000000 0.302953
DS2.d34.s1.i2 -1.000000 -0.095815
DS2.d34.s1.i3 1.000000 0.354594
DS2.d34.s1.i0 -1.000000 -0.193595
DS2.d34.s1.i1 1.000000 0.193920
DS2.d34.s0.i0 1.000000 0.970281
DS2.d159.s0.i2 -1.000000 -0.845464
DS2.d159.s0.i3 -1.000000 -0.891496
DS2.d159.s0.i0 -1.000000 -0.802674
DS2.d159.s0.i1 -1.000000 -0.771425
DS2.d155.s0.i0 1.000000 0.617890
DS2.d154.s0.i1 1.000000 0.752632
DS2.d154.s0.i0 1.000000 0.930686
DS2.d157.s0.i4 -1.000000 -0.653343
DS2.d157.s0.i5 -1.000000 -0.724662
DS2.d157.s0.i6 -1.000000 -0.721652
DS2.d157.s0.i7 -1.000000 -0.739898
DS2.d157.s0.i0 -1.000000 -0.752003
DS2.d157.s0.i1 -1.000000 -0.796165
DS2.d157.s0.i2 -1.000000 -0.876918
DS2.d157.s0.i3 -1.000000 -0.905365
DS2.d157.s0.i8 -1.000000 -0.860180
DS2.d157.s0.i9 -1.000000 -0.747943
DS2.d156.s0.i0 1.000000 0.663321
DS2.d151.s0.i0 1.000000 0.758878
DS2.d150.s0.i0 1.000000 0.609384
DS2.d153.s0.i0 -1.000000 -0.160365
DS2.d153.s1.i1 -1.000000 -0.705040
DS2.d153.s1.i0 -1.000000 -0.377070
DS2.d152.s1.i0 -1.000000 -0.253791
DS2.d152.s0.i0 -1.000000 -0.658158
DS2.d322.s0.i0 -1.000000 -0.422387
DS2.d322.s0.i1 -1.000000 -0.407072
DS2.d768.s0.i0 1.000000 0.786122
DS2.d768.s1.i0 1.000000 0.340334
DS2.d769.s1.i0 1.000000 0.761543
DS2.d769.s0.i0 1.000000 0.518130
DS2.d323.s0.i0 -1.000000 0.013880
DS2.d762.s0.i0 -1.000000 -0.350915
DS2.d763.s0.i0 1.000000 0.845528
DS2.d760.s0.i4 -1.000000 -0.771050
DS2.d760.s0.i0 -1.000000 -0.782261
DS2.d760.s0.i1 -1.000000 -0.722098
DS2.d760.s0.i2 -1.000000 -0.766726
DS2.d760.s0.i3 -1.000000 -0.675256
DS2.d761.s0.i0 1.000000 0.174305
DS2.d239.s0.i0 1.000000 0.619643
DS2.d1027.s0.i0 1.000000 -0.107007
DS2.d1027.s1.i1 1.000000 0.468324
DS2.d1027.s1.i0 1.000000 0.543371
DS2.d764.s0.i0 1.000000 0.348566
DS2.d765.s0.i0 -1.000000 -0.184823
DS2.d601.s0.i2 1.000000 0.823568
DS2.d601.s0.i0 1.000000 0.935238
DS2.d601.s0.i1 1.000000 0.857182
DS2.d600.s2.i0 1.000000 0.506233
DS2.d600.s1.i0 1.000000 0.506252
DS2.d600.s1.i1 1.000000 0.567820
DS2.d600.s1.i2 1.000000 0.336598
DS2.d600.s1.i3 1.000000 0.363951
DS2.d600.s0.i0 1.000000 0.651874
DS2.d603.s0.i0 1.000000 0.294388
DS2.d603.s0.i1 1.000000 0.334227
DS2.d603.s0.i2 1.000000 0.531846
DS2.d321.s0.i0 1.000000 -0.187481
DS2.d605.s0.i0 1.000000 0.749093
DS2.d605.s1.i0 1.000000 0.555390
DS2.d604.s1.i0 1.000000 0.493499
DS2.d604.s0.i0 1.000000 0.982242
DS2.d607.s0.i0 1.000000 -0.018983
DS2.d606.s0.i1 1.000000 0.792307
DS2.d606.s0.i0 1.000000 0.789965
DS2.d609.s0.i2 -1.000000 -0.884726
DS2.d609.s0.i3 -1.000000 -0.722737
DS2.d609.s0.i0 -1.000000 -0.742613
DS2.d609.s0.i1 -1.000000 -0.721780
DS2.d609.s0.i6 -1.000000 -0.886317
DS2.d609.s0.i7 -1.000000 -0.777478
DS2.d609.s0.i4 -1.000000 -0.899755
DS2.d609.s0.i5 -1.000000 -0.855730
DS2.d608.s0.i0 -1.000000 -0.326537
DS2.d563.s0.i0 -1.000000 -0.020991
DS2.d565.s0.i0 1.000000 0.799167
DS2.d566.s0.i0 -1.000000 -0.580547
DS2.d566.s0.i1 -1.000000 -0.623642
DS2.d566.s0.i2 -1.000000 -0.692772
DS2.d566.s0.i3 -1.000000 -0.709854
DS2.d327.s0.i2 -1.000000 -0.524641
DS2.d327.s0.i1 -1.000000 -0.554561
DS2.d327.s0.i0 -1.000000 -0.587539
DS2.d588.s0.i0 -1.000000 -0.267658
DS2.d1023.s0.i0 1.000000 0.529732
DS2.d1022.s0.i1 1.000000 0.704065
DS2.d1022.s0.i0 1.000000 0.696231
DS2.d1022.s0.i2 1.000000 0.882721
DS2.d472.s0.i0 -1.000000 -0.180711
DS2.d472.s0.i1 -1.000000 -0.256583
DS2.d472.s1.i0 -1.000000 -0.038670
DS2.d243.s0.i0 1.000000 0.569821
DS2.d128.s0.i2 1.000000 0.038083
DS2.d128.s0.i3 -1.000000 -0.542133
DS2.d128.s0.i0 -1.000000 -0.335121
DS2.d128.s0.i1 -1.000000 -0.289892
DS2.d128.s0.i4 -1.000000 -0.266880
DS2.d242.s0.i0 -1.000000 -0.380514
DS2.d299.s1.i0 1.000000 0.358924
DS2.d299.s1.i1 1.000000 0.545950
DS2.d299.s0.i0 1.000000 0.921488
DS2.d299.s2.i0 1.000000 0.635201
DS2.d120.s0.i0 1.000000 -0.030961
DS2.d1029.s0.i4 -1.000000 -0.686342
DS2.d1029.s0.i5 -1.000000 -0.615759
DS2.d1029.s0.i2 -1.000000 -0.667802
DS2.d1029.s0.i3 -1.000000 -0.635716
DS2.d1029.s0.i0 -1.000000 -0.681858
DS2.d1029.s0.i1 -1.000000 -0.613236
DS2.d122.s2.i0 -1.000000 -0.502298
DS2.d122.s3.i1 -1.000000 -0.605396
DS2.d122.s3.i0 -1.000000 -0.625278
DS2.d122.s3.i2 -1.000000 -0.670181
DS2.d122.s0.i0 -1.000000 -0.506968
DS2.d122.s0.i1 -1.000000 -0.510745
DS2.d122.s1.i3 -1.000000 -0.760995
DS2.d122.s1.i2 -1.000000 -0.528425
DS2.d122.s1.i1 -1.000000 -0.691610
DS2.d122.s1.i0 -1.000000 -0.764777
DS2.d123.s0.i0 1.000000 0.455285
DS2.d124.s0.i0 -1.000000 -0.920264
DS2.d126.s0.i0 1.000000 0.535341
DS2.d126.s1.i0 1.000000 0.504933
DS2.d1028.s0.i0 1.000000 0.576496
DS2.d677.s0.i5 -1.000000 -0.696839
DS2.d677.s0.i4 -1.000000 -1.017420
DS2.d677.s0.i7 -1.000000 -0.779526
DS2.d677.s0.i6 -1.000000 -0.827013
DS2.d677.s0.i1 -1.000000 -0.745726
DS2.d677.s0.i0 -1.000000 -1.050851
DS2.d677.s0.i3 -1.000000 -0.803423
DS2.d677.s0.i2 -1.000000 -0.716846
DS2.d677.s0.i19 -1.000000 -1.046342
DS2.d677.s0.i18 -1.000000 -0.960235
DS2.d677.s0.i16 -1.000000 -0.974407
DS2.d677.s0.i9 -1.000000 -0.819039
DS2.d677.s0.i8 -1.000000 -1.111790
DS2.d677.s0.i17 -1.000000 -0.786062
DS2.d677.s0.i12 -1.000000 -0.796566
DS2.d677.s0.i15 -1.000000 -1.030048
DS2.d677.s0.i13 -1.000000 -0.702469
DS2.d677.s0.i10 -1.000000 -0.998749
DS2.d677.s0.i11 -1.000000 -1.068938
DS2.d677.s0.i14 -1.000000 -0.902102
DS2.d468.s2.i0 -1.000000 0.262377
DS2.d468.s1.i0 1.000000 0.366960
DS2.d468.s1.i1 1.000000 0.442610
DS2.d468.s0.i1 -1.000000 0.270721
DS2.d468.s0.i0 1.000000 0.425238
DS2.d906.s0.i0 1.000000 0.543909
DS2.d906.s0.i1 1.000000 0.489770
DS2.d906.s1.i0 1.000000 0.078313
DS2.d904.s0.i0 -1.000000 -0.790738
DS2.d904.s0.i1 -1.000000 -1.207076
DS2.d904.s1.i0 -1.000000 -0.177205
DS2.d905.s1.i0 1.000000 0.011610
DS2.d905.s0.i1 1.000000 0.739185
DS2.d905.s0.i0 1.000000 0.723246
DS2.d902.s0.i2 -1.000000 -0.685288
DS2.d902.s0.i3 -1.000000 -0.713014
DS2.d902.s0.i0 -1.000000 -0.638184
DS2.d902.s0.i1 -1.000000 -0.612066
DS2.d903.s0.i0 1.000000 0.409973
DS2.d900.s0.i0 1.000000 0.540876
DS2.d901.s0.i1 -1.000000 -1.094107
DS2.d901.s0.i0 -1.000000 -0.993162
DS2.d901.s0.i3 -1.000000 -1.108140
DS2.d901.s0.i2 -1.000000 -0.979124
DS2.d908.s0.i0 1.000000 0.615113
DS2.d908.s0.i1 1.000000 0.615113
DS2.d909.s1.i0 -1.000000 -0.476825
DS2.d909.s0.i0 -1.000000 -0.207810
DS2.d465.s0.i0 1.000000 0.637844
DS2.d466.s0.i0 -1.000000 -0.248679
DS2.d461.s0.i0 1.000000 0.841195
DS2.d460.s0.i9 -1.000000 -0.947643
DS2.d460.s0.i8 -1.000000 -0.991066
DS2.d460.s0.i7 -1.000000 -1.150909
DS2.d460.s0.i6 -1.000000 -1.066116
DS2.d460.s0.i5 -1.000000 -1.052396
DS2.d460.s0.i4 -1.000000 -0.933898
DS2.d460.s0.i3 -1.000000 -0.876513
DS2.d460.s0.i2 -1.000000 -1.000999
DS2.d460.s0.i1 -1.000000 -1.084245
DS2.d460.s0.i0 -1.000000 -0.947643
DS2.d460.s0.i19 -1.000000 -0.871169
DS2.d460.s0.i18 -1.000000 -0.876513
DS2.d460.s0.i17 -1.000000 -1.066116
DS2.d460.s0.i16 -1.000000 -0.871169
DS2.d460.s0.i15 -1.000000 -1.138578
DS2.d460.s0.i14 -1.000000 -0.995052
DS2.d460.s0.i13 -1.000000 -0.857564
DS2.d460.s0.i12 -1.000000 -1.088899
DS2.d460.s0.i11 -1.000000 -1.143028
DS2.d460.s0.i10 -1.000000 -0.862890
DS2.d460.s0.i22 -1.000000 -0.996942
DS2.d460.s0.i23 -1.000000 -0.992088
DS2.d460.s0.i20 -1.000000 -0.986232
DS2.d460.s0.i21 -1.000000 -1.092936
DS2.d1049.s0.i0 1.000000 0.390092
DS2.d1049.s0.i1 1.000000 0.565718
DS2.d1048.s1.i0 1.000000 0.673181
DS2.d1048.s0.i1 1.000000 1.065056
DS2.d1048.s0.i0 1.000000 1.326467
DS2.d1048.s2.i1 1.000000 0.637875
DS2.d1048.s2.i0 1.000000 0.534336
DS2.d1047.s0.i0 1.000000 0.598336
DS2.d1047.s1.i1 1.000000 0.811439
DS2.d1047.s1.i0 1.000000 0.811439
DS2.d1046.s0.i1 -1.000000 0.253135
DS2.d1046.s0.i0 1.000000 0.412412
DS2.d1045.s0.i0 1.000000 0.837125
DS2.d1045.s0.i1 1.000000 0.977727
DS2.d1044.s0.i1 1.000000 0.722880
DS2.d1044.s0.i0 1.000000 0.781960
DS2.d1043.s0.i0 -1.000000 -0.221892
DS2.d1042.s2.i0 1.000000 0.468322
DS2.d1042.s1.i0 1.000000 0.656673
DS2.d1042.s0.i0 1.000000 0.622017
DS2.d302.s0.i0 1.000000 0.403790
DS2.d302.s0.i1 1.000000 0.598250
DS2.d1040.s0.i0 1.000000 0.715156
DS2.d263.s0.i0 -1.000000 -1.054385
DS2.d263.s0.i1 -1.000000 -0.930007
DS2.d262.s0.i1 1.000000 0.354900
DS2.d262.s0.i0 1.000000 0.495128
DS2.d261.s0.i0 1.000000 0.533989
DS2.d261.s0.i1 1.000000 0.487896
DS2.d261.s0.i2 1.000000 0.422251
DS2.d260.s0.i1 1.000000 0.414033
DS2.d260.s0.i0 1.000000 0.444782
DS2.d267.s0.i0 -1.000000 0.282024
DS2.d267.s1.i1 1.000000 0.677740
DS2.d267.s1.i0 1.000000 0.652687
DS2.d267.s1.i3 1.000000 0.752125
DS2.d267.s1.i2 1.000000 0.727363
DS2.d266.s0.i0 1.000000 0.987167
DS2.d265.s0.i0 1.000000 0.658494
DS2.d265.s0.i1 1.000000 0.688309
DS2.d265.s0.i2 1.000000 0.690055
DS2.d264.s0.i0 -1.000000 0.064288
DS2.d678.s0.i0 1.000000 0.807598
DS2.d268.s0.i0 1.000000 0.629050
DS2.d918.s1.i0 1.000000 0.427558
DS2.d918.s0.i1 1.000000 0.216107
DS2.d918.s0.i0 1.000000 0.367801
DS2.d679.s1.i0 -1.000000 -0.650739
DS2.d679.s1.i1 -1.000000 -0.618192
DS2.d679.s1.i2 -1.000000 -0.590418
DS2.d679.s1.i3 -1.000000 -0.555101
DS2.d679.s0.i2 -1.000000 -0.542354
DS2.d679.s0.i1 -1.000000 -0.676652
DS2.d679.s0.i0 -1.000000 -0.657565
DS2.d833.s1.i0 1.000000 0.776786
DS2.d833.s0.i1 1.000000 0.536823
DS2.d833.s0.i0 1.000000 0.673301
DS2.d830.s0.i0 1.000000 0.478606
DS2.d836.s0.i0 1.000000 0.342542
DS2.d836.s0.i1 1.000000 0.319123
DS2.d837.s0.i0 1.000000 0.823399
DS2.d834.s2.i0 -1.000000 -0.376025
DS2.d834.s3.i0 -1.000000 0.109610
DS2.d834.s0.i0 -1.000000 -0.721921
DS2.d834.s0.i1 -1.000000 -0.724654
DS2.d834.s1.i0 -1.000000 -0.413571
DS2.d835.s0.i0 1.000000 0.167926
DS2.d838.s0.i0 1.000000 0.799586
DS2.d839.s1.i0 -1.000000 -0.451065
DS2.d839.s1.i1 -1.000000 -0.409370
DS2.d839.s0.i0 -1.000000 -0.643202
DS2.d80.s0.i0 1.000000 0.384298
DS2.d80.s1.i0 -1.000000 0.202337
DS2.d87.s2.i0 1.000000 0.899942
DS2.d87.s1.i0 -1.000000 -0.251513
DS2.d87.s0.i0 1.000000 0.939815
DS2.d991.s0.i0 1.000000 0.589097
DS2.d990.s0.i0 1.000000 0.711962
DS2.d993.s2.i0 1.000000 0.398915
DS2.d993.s2.i1 1.000000 0.268745
DS2.d993.s0.i0 1.000000 0.692864
DS2.d993.s0.i1 1.000000 0.773657
DS2.d993.s1.i0 -1.000000 -0.475072
DS2.d992.s0.i0 1.000000 0.767649
DS2.d995.s0.i0 -1.000000 -0.268287
DS2.d84.s0.i0 -1.000000 -0.155273
DS2.d997.s0.i0 1.000000 0.308126
DS2.d997.s0.i1 -1.000000 0.027100
DS2.d997.s0.i2 -1.000000 -0.006169
DS2.d997.s0.i3 1.000000 0.265801
DS2.d997.s1.i1 -1.000000 -0.112437
DS2.d997.s1.i0 1.000000 0.030721
DS2.d996.s1.i0 -1.000000 -0.659883
DS2.d996.s0.i0 -1.000000 0.091056
DS2.d996.s3.i0 -1.000000 -0.533649
DS2.d996.s2.i0 -1.000000 -0.581784
DS2.d999.s0.i0 1.000000 0.372313
DS2.d999.s1.i1 1.000000 0.795283
DS2.d999.s1.i0 1.000000 0.778444
DS2.d999.s2.i0 1.000000 0.076175
DS2.d998.s0.i1 1.000000 0.462678
DS2.d998.s0.i0 1.000000 0.367249
DS2.d85.s1.i4 -1.000000 -0.652699
DS2.d85.s1.i2 -1.000000 -0.698837
DS2.d85.s1.i3 -1.000000 -0.638959
DS2.d85.s1.i0 -1.000000 -0.557616
DS2.d85.s1.i1 -1.000000 -0.624959
DS2.d85.s0.i1 1.000000 0.066339
DS2.d85.s0.i0 1.000000 0.023819
DS2.d85.s0.i2 1.000000 -0.068086
DS2.d410.s0.i0 -1.000000 -0.126544
DS2.d411.s0.i0 1.000000 0.567755
DS2.d412.s0.i0 1.000000 0.391300
DS2.d412.s0.i1 1.000000 0.616347
DS2.d413.s0.i0 -1.000000 0.320790
DS2.d414.s0.i0 -1.000000 0.045553
DS2.d415.s0.i1 -1.000000 -0.605138
DS2.d415.s0.i0 -1.000000 -0.533352
DS2.d416.s0.i0 1.000000 0.742930
DS2.d417.s0.i0 -1.000000 0.049001
DS2.d418.s0.i0 -1.000000 -0.995384
DS2.d418.s0.i1 -1.000000 -0.849033
DS2.d419.s0.i1 -1.000000 -0.373220
DS2.d419.s0.i0 -1.000000 -0.484674
DS2.d489.s0.i0 1.000000 1.033815
DS2.d489.s0.i1 1.000000 1.006785
DS2.d397.s0.i8 -1.000000 -0.710241
DS2.d397.s0.i9 -1.000000 -0.826464
DS2.d397.s0.i2 -1.000000 -0.819651
DS2.d397.s0.i3 -1.000000 -0.768855
DS2.d397.s0.i0 -1.000000 -0.840491
DS2.d397.s0.i1 -1.000000 -0.842804
DS2.d397.s0.i6 -1.000000 -0.735944
DS2.d397.s0.i7 -1.000000 -0.768026
DS2.d397.s0.i4 -1.000000 -0.920317
DS2.d397.s0.i5 -1.000000 -0.758630
DS2.d397.s1.i0 1.000000 0.794466
DS2.d396.s0.i3 -1.000000 0.097785
DS2.d396.s0.i2 1.000000 0.329049
DS2.d396.s0.i1 1.000000 0.167524
DS2.d396.s0.i0 -1.000000 -0.064622
DS2.d395.s0.i0 1.000000 0.378423
DS2.d395.s0.i1 1.000000 0.366540
DS2.d394.s0.i1 1.000000 0.983912
DS2.d394.s0.i0 1.000000 0.858200
DS2.d393.s0.i14 1.000000 0.731049
DS2.d393.s0.i11 1.000000 0.780828
DS2.d393.s0.i12 1.000000 0.793191
DS2.d393.s0.i13 1.000000 0.914342
DS2.d393.s0.i6 1.000000 0.995990
DS2.d393.s0.i7 1.000000 0.922271
DS2.d393.s0.i4 1.000000 0.836823
DS2.d393.s0.i5 1.000000 0.845237
DS2.d393.s0.i2 1.000000 0.997803
DS2.d393.s0.i3 1.000000 0.782427
DS2.d393.s0.i0 1.000000 0.791579
DS2.d393.s0.i1 1.000000 0.912613
DS2.d393.s0.i10 1.000000 0.741719
DS2.d393.s0.i8 1.000000 0.920824
DS2.d393.s0.i9 1.000000 0.919056
DS2.d393.s1.i1 -1.000000 0.058049
DS2.d393.s1.i0 1.000000 0.480111
DS2.d393.s2.i0 1.000000 0.720147
DS2.d393.s2.i1 1.000000 0.649549
DS2.d393.s3.i0 1.000000 0.404508
DS2.d746.s2.i0 1.000000 0.095063
DS2.d746.s0.i0 -1.000000 0.291041
DS2.d746.s1.i0 1.000000 0.201335
DS2.d391.s0.i0 1.000000 0.678962
DS2.d391.s0.i1 1.000000 0.703908
DS2.d390.s1.i0 1.000000 -0.142933
DS2.d390.s0.i1 1.000000 0.403855
DS2.d390.s0.i0 1.000000 0.392017
DS2.d1041.s0.i0 -1.000000 -0.503252
DS2.d1041.s0.i1 -1.000000 -0.507737
DS2.d1041.s0.i2 -1.000000 -0.469948
DS2.d1041.s1.i0 1.000000 -0.000230
DS2.d399.s0.i0 -1.000000 -0.599294
DS2.d399.s0.i1 -1.000000 -0.634537
DS2.d399.s0.i2 -1.000000 -0.599218
DS2.d399.s0.i3 -1.000000 -0.621316
DS2.d399.s1.i3 1.000000 -0.371895
DS2.d399.s1.i2 -1.000000 -0.316584
DS2.d399.s1.i1 1.000000 -0.443414
DS2.d399.s1.i0 -1.000000 -0.314484
DS2.d398.s1.i0 -1.000000 0.262201
DS2.d398.s0.i0 -1.000000 -0.500860
DS2.d199.s0.i2 1.000000 0.656557
DS2.d199.s0.i0 1.000000 0.369203
DS2.d199.s0.i1 1.000000 0.587201
DS2.d198.s0.i1 1.000000 0.572871
DS2.d198.s0.i0 1.000000 0.989312
DS2.d191.s0.i0 -1.000000 -0.557014
DS2.d190.s1.i0 -1.000000 -0.662586
DS2.d190.s0.i0 -1.000000 -0.394229
DS2.d193.s0.i0 1.000000 0.079032
DS2.d193.s0.i1 1.000000 0.049235
DS2.d192.s0.i0 -1.000000 0.097048
DS2.d194.s2.i1 -1.000000 -0.477807
DS2.d194.s2.i0 -1.000000 -0.571854
DS2.d194.s1.i0 -1.000000 -0.359089
DS2.d194.s1.i1 -1.000000 -0.535082
DS2.d194.s0.i7 -1.000000 -0.929994
DS2.d194.s0.i6 -1.000000 -0.720538
DS2.d194.s0.i5 -1.000000 -0.773535
DS2.d194.s0.i4 -1.000000 -0.858674
DS2.d194.s0.i3 -1.000000 -0.845726
DS2.d194.s0.i2 -1.000000 -0.889871
DS2.d194.s0.i1 -1.000000 -0.819921
DS2.d194.s0.i0 -1.000000 -0.799659
DS2.d194.s0.i9 -1.000000 -0.842891
DS2.d194.s0.i8 -1.000000 -0.864463
DS2.d197.s0.i0 -1.000000 -0.401527
DS2.d197.s0.i1 -1.000000 -0.401527
DS2.d196.s1.i0 1.000000 0.830240
DS2.d196.s0.i0 1.000000 0.552567
DS2.d487.s0.i2 1.000000 0.650508
DS2.d487.s0.i0 1.000000 0.715826
DS2.d487.s0.i1 1.000000 0.445024
DS2.d695.s1.i0 -1.000000 -0.259080
DS2.d695.s0.i0 -1.000000 -0.322369
DS2.d695.s3.i0 -1.000000 -0.140122
DS2.d695.s2.i0 -1.000000 -0.063540
DS2.d692.s0.i0 1.000000 0.718938
DS2.d692.s0.i1 1.000000 0.803686
DS2.d692.s1.i0 -1.000000 -0.062335
DS2.d692.s2.i0 -1.000000 -0.381127
DS2.d692.s3.i0 1.000000 0.638998
DS2.d481.s0.i0 -1.000000 -0.138396
DS2.d693.s0.i2 -1.000000 -0.638357
DS2.d693.s0.i1 -1.000000 -0.728535
DS2.d693.s0.i0 -1.000000 -0.684747
DS2.d88.s0.i0 -1.000000 -0.980130
DS2.d88.s0.i1 -1.000000 -0.696544
DS2.d88.s0.i2 -1.000000 -0.742668
DS2.d88.s0.i3 -1.000000 -0.946307
DS2.d89.s1.i0 -1.000000 -0.092708
DS2.d89.s1.i1 -1.000000 -0.143442
DS2.d89.s0.i1 -1.000000 -0.530890
DS2.d89.s0.i0 -1.000000 -0.619277
DS2.d89.s0.i2 -1.000000 -0.544206
DS2.d649.s0.i0 1.000000 0.769967
DS2.d648.s1.i4 1.000000 0.721586
DS2.d648.s1.i5 1.000000 0.744392
DS2.d648.s1.i0 1.000000 0.706858
DS2.d648.s1.i1 1.000000 0.751978
DS2.d648.s1.i2 1.000000 0.758859
DS2.d648.s1.i3 1.000000 0.740544
DS2.d648.s0.i2 -1.000000 -0.611633
DS2.d648.s0.i1 -1.000000 -0.530893
DS2.d648.s0.i0 -1.000000 -0.716801
DS2.d82.s0.i0 -1.000000 0.714432
DS2.d82.s1.i0 1.000000 0.660201
DS2.d644.s0.i0 -1.000000 -0.346778
DS2.d647.s0.i0 -1.000000 -0.257998
DS2.d647.s0.i1 -1.000000 -0.256636
DS2.d81.s0.i1 1.000000 0.834015
DS2.d81.s0.i0 1.000000 0.892111
DS2.d641.s0.i0 1.000000 0.739006
DS2.d641.s1.i1 1.000000 0.552266
DS2.d641.s1.i0 -1.000000 0.595447
DS2.d641.s2.i0 1.000000 0.853956
DS2.d641.s3.i1 1.000000 0.607139
DS2.d641.s3.i0 1.000000 0.745540
DS2.d640.s0.i1 1.000000 0.254301
DS2.d640.s0.i0 1.000000 0.391199
DS2.d643.s2.i0 1.000000 0.583009
DS2.d643.s3.i0 1.000000 0.740505
DS2.d643.s0.i0 1.000000 0.606859
DS2.d643.s1.i0 1.000000 0.657305
DS2.d642.s0.i1 1.000000 0.317849
DS2.d642.s0.i0 1.000000 0.375049
DS2.d524.s0.i0 -1.000000 -0.270142
DS2.d524.s0.i1 -1.000000 -0.211130
DS2.d515.s0.i0 -1.000000 -0.316663
DS2.d526.s2.i0 1.000000 0.435297
DS2.d526.s3.i0 1.000000 0.621086
DS2.d526.s0.i0 1.000000 0.862178
DS2.d526.s0.i1 1.000000 0.753130
DS2.d526.s1.i0 1.000000 0.793867
DS2.d526.s4.i0 1.000000 0.636103
DS2.d526.s4.i1 1.000000 0.535439
DS2.d526.s4.i2 1.000000 0.678240
DS2.d527.s0.i1 -1.000000 -0.288459
DS2.d527.s0.i0 -1.000000 -0.100083
DS2.d520.s0.i0 1.000000 0.808489
DS2.d520.s0.i1 1.000000 0.789810
DS2.d521.s0.i0 1.000000 0.745734
DS2.d522.s0.i0 1.000000 0.730082
DS2.d482.s0.i1 1.000000 0.525302
DS2.d482.s0.i0 1.000000 0.433740
DS2.d232.s0.i0 -1.000000 -0.989556
DS2.d232.s0.i1 -1.000000 -1.085581
DS2.d480.s0.i0 1.000000 0.043046
DS2.d528.s0.i0 1.000000 0.586811
DS2.d529.s1.i0 -1.000000 -0.243587
DS2.d529.s0.i0 1.000000 0.602956
DS2.d485.s0.i0 -1.000000 0.378527
DS2.d485.s1.i0 -1.000000 0.040839
DS2.d484.s0.i0 1.000000 0.325930
