DS.d0.s0.i0 1.0 1.86995549476
DS.d0.s1.i0 -1 0.0309023710108
DS.d0.s1.i1 -1 0.807614114148
DS.d5.s0.i0 -1 1.11002637444
DS.d5.s0.i1 1.0 0.328885689864
DS.d5.s0.i2 -1 1.35256391242
DS.d9.s0.i0 1.0 2.56340870827
DS.d12.s0.i0 -1 -0.215520945756
DS.d16.s0.i0 1.0 0.844893789345
DS.d24.s0.i0 -1 -2.13140848734
DS.d24.s1.i0 1.0 -0.417717732893
DS.d40.s0.i0 1.0 1.31267684427
DS.d45.s0.i0 -1 -1.0503433407
DS.d45.s0.i1 -1 -1.0503433407
DS.d55.s0.i0 1.0 0.869007833727
DS.d58.s0.i0 1.0 1.19342386269
DS.d58.s1.i0 1.0 0.455692663648
DS.d58.s1.i1 1.0 0.857190558766
DS.d58.s2.i0 1.0 2.43492063707
DS.d58.s3.i0 1.0 0.689047768466
DS.d60.s0.i0 1.0 0.684541124116
DS.d67.s0.i0 -1 1.35664265208
DS.d67.s0.i1 -1 1.58610040758
DS.d89.s0.i0 1.0 0.810991209196
DS.d92.s0.i0 1.0 1.32027527027
DS.d92.s1.i0 1.0 -0.237311088559
DS.d92.s2.i0 1.0 1.34211586197
DS.d92.s3.i0 1.0 1.779559085
DS.d137.s0.i0 -1 0.347149207264
DS.d137.s1.i0 -1 -0.24224048771
DS.d144.s0.i0 -1 -0.400241238892
DS.d160.s0.i0 -1 0.305416147548
DS.d160.s0.i1 -1 0.133963359368
DS.d160.s0.i2 -1 -1.75529083204
DS.d160.s0.i3 -1 0.243908990388
DS.d160.s0.i4 -1 0.505953837227
DS.d160.s0.i5 -1 -0.547598440122
DS.d170.s0.i0 1.0 2.38591389599
DS.d170.s0.i1 1.0 1.46333186697
DS.d177.s0.i0 -1 -0.667656949856
DS.d177.s0.i1 1.0 0.85059539135
DS.d177.s0.i2 1.0 1.48344611794
DS.d177.s0.i3 -1 -0.207724484266
DS.d177.s0.i4 -1 -1.50506308209
DS.d177.s0.i5 -1 -1.75299311222
DS.d177.s0.i6 -1 0.439141275279
DS.d177.s0.i7 -1 -0.0168126382425
DS.d179.s0.i0 -1 -0.652921799237
DS.d179.s0.i1 -1 -1.32245924576
DS.d179.s0.i2 -1 -1.42464895247
DS.d179.s0.i3 -1 -1.18293644553
DS.d179.s0.i4 -1 -1.62602553451
DS.d179.s0.i5 -1 -0.734138686108
DS.d179.s0.i6 -1 -1.48510434345
DS.d179.s0.i7 -1 -0.771159025129
DS.d179.s0.i8 -1 -0.718908253559
DS.d179.s0.i9 -1 -0.669385921239
DS.d179.s0.i10 -1 -0.656392809985
DS.d179.s0.i11 -1 -1.08425257973
DS.d179.s0.i12 -1 -1.05007955571
DS.d179.s0.i13 -1 -0.429500468327
DS.d179.s0.i14 -1 -1.75542758386
DS.d179.s0.i15 -1 -0.735312455721
DS.d179.s0.i16 -1 -1.08825452128
DS.d179.s0.i17 -1 -0.800167197227
DS.d179.s0.i18 -1 -0.324054041416
DS.d179.s0.i19 -1 -0.749622715403
DS.d179.s0.i20 -1 -0.828780713871
DS.d179.s0.i21 -1 -0.577626618574
DS.d179.s0.i22 -1 -0.707090577731
DS.d179.s0.i23 -1 -0.735688578013
DS.d179.s0.i24 -1 -0.867923098629
DS.d179.s0.i25 -1 -0.832848509464
DS.d179.s0.i26 -1 -1.60540931079
DS.d179.s0.i27 -1 -1.14140009745
DS.d179.s0.i28 -1 -1.44499040953
DS.d179.s0.i29 -1 -0.622207337395
DS.d179.s1.i0 1.0 0.84732264666
DS.d179.s1.i1 -1 -0.771798149251
DS.d179.s2.i0 1.0 1.34613521224
DS.d190.s0.i0 1.0 -0.826649515771
DS.d202.s0.i0 1.0 -0.217781292323
DS.d223.s0.i0 1.0 0.301514113407
DS.d223.s0.i1 -1 -1.32907921951
DS.d223.s1.i0 1.0 0.871425843468
DS.d223.s1.i1 1.0 -0.0293166124119
DS.d244.s0.i0 1.0 -0.310646969806
DS.d244.s0.i1 1.0 0.626849562989
DS.d244.s1.i0 1.0 1.42830743762
DS.d263.s0.i0 1.0 0.63421514719
DS.d263.s0.i2 1.0 0.707734886819
DS.d263.s0.i3 1.0 1.15157267715
DS.d263.s0.i7 1.0 0.61865994711
DS.d263.s0.i9 1.0 0.61865994711
DS.d263.s0.i10 1.0 0.753088729276
DS.d263.s0.i13 1.0 0.632329318885
DS.d263.s1.i0 1.0 1.75987670674
DS.d265.s0.i0 1.0 3.23718425651
DS.d265.s0.i1 -1 0.134769095589
DS.d265.s1.i0 1.0 1.14902881737
DS.d265.s1.i1 1.0 1.35889279916
DS.d265.s1.i2 1.0 1.1056124998
DS.d265.s1.i3 1.0 1.35167317912
DS.d271.s0.i0 -1 0.433475825759
DS.d277.s0.i0 1.0 2.62129007886
DS.d279.s0.i0 1.0 2.36606201258
DS.d279.s1.i0 1.0 0.722187244422
DS.d279.s1.i1 -1 -1.17814006443
DS.d279.s2.i0 1.0 2.79853788978
DS.d279.s2.i1 -1 1.72685980083
DS.d279.s3.i0 1.0 2.58012787269
DS.d279.s3.i1 -1 1.50248700579
DS.d279.s4.i0 1.0 0.527207078247
DS.d279.s5.i0 1.0 2.80626134828
DS.d279.s6.i0 -1 -2.18488816991
DS.d279.s6.i1 -1 -2.18488816991
DS.d279.s6.i2 -1 -2.2007024997
DS.d279.s7.i0 1.0 1.30694197199
DS.d279.s7.i1 -1 -0.313284185241
DS.d279.s7.i2 -1 -0.381451066553
DS.d279.s8.i0 -1 0.711259434358
DS.d279.s8.i1 -1 -0.0407655209579
DS.d279.s9.i0 1.0 3.38664539089
DS.d279.s9.i1 1.0 1.04736054585
DS.d280.s0.i0 1.0 1.08695971634
DS.d281.s0.i0 1.0 0.181002479106
DS.d281.s1.i0 1.0 0.990075932944
DS.d281.s1.i1 1.0 1.00355892914
DS.d305.s0.i0 1.0 2.99088884126
DS.d305.s0.i1 1.0 1.45736591621
DS.d305.s0.i2 1.0 2.96126224848
DS.d305.s0.i3 1.0 1.55760673834
DS.d312.s0.i0 1.0 -0.714907090662
DS.d312.s0.i1 1.0 -0.765741494401
DS.d312.s0.i2 1.0 -0.655411456402
DS.d312.s0.i3 1.0 -0.765741494401
DS.d312.s0.i4 1.0 -0.553205865087
DS.d312.s0.i5 1.0 -0.828195298286
DS.d312.s0.i6 1.0 -0.59966344609
DS.d312.s0.i7 1.0 -0.553205865087
DS.d312.s0.i8 1.0 -0.423869354855
DS.d312.s0.i9 1.0 -0.428026723763
DS.d312.s0.i10 1.0 -0.496043904959
DS.d318.s0.i0 1.0 0.91272610861
DS.d318.s0.i1 1.0 0.927562924552
DS.d327.s0.i0 1.0 1.52906642552
DS.d328.s0.i0 -1 -1.30522941121
DS.d328.s1.i0 1.0 1.14027713637
DS.d328.s1.i1 1.0 1.67024719221
DS.d336.s0.i0 1.0 1.59749881509
DS.d340.s0.i0 -1 0.16261682111
DS.d372.s0.i0 1.0 0.805501874838
DS.d372.s0.i1 1.0 0.847554894417
DS.d372.s1.i0 1.0 0.549461314009
DS.d372.s1.i1 -1 1.33722633516
DS.d372.s1.i2 1.0 0.359322744992
DS.d372.s1.i3 -1 0.456627879341
DS.d373.s0.i0 1.0 0.346514515781
DS.d374.s0.i0 1.0 1.45520182344
DS.d374.s1.i0 1.0 1.08013788274
DS.d374.s1.i1 1.0 0.895890564562
DS.d376.s0.i0 -1 0.576872177252
DS.d376.s0.i1 1.0 1.17016663057
DS.d376.s1.i1 -1 0.158415847987
DS.d376.s1.i2 -1 -0.213934822179
DS.d401.s0.i0 -1 -0.642556289528
DS.d401.s0.i1 -1 -0.215387271772
DS.d407.s0.i0 -1 1.46147938586
DS.d423.s0.i0 1.0 1.68965770414
DS.d423.s0.i1 1.0 1.68965770414
DS.d423.s1.i0 1.0 1.93719022801
DS.d423.s1.i1 1.0 1.93719022801
DS.d426.s0.i0 1.0 0.587765222298
DS.d444.s0.i0 -1 -0.389688180041
DS.d444.s0.i1 1.0 2.27281104149
DS.d444.s0.i2 -1 -0.400599942899
DS.d465.s0.i0 1.0 0.140374209037
DS.d465.s0.i1 1.0 -0.0195098163937
DS.d465.s0.i2 1.0 -0.200507342201
DS.d479.s0.i0 1.0 -0.943818372365
DS.d487.s0.i0 1.0 1.87693555103
DS.d487.s0.i1 1.0 2.32404042535
DS.d487.s0.i2 1.0 1.90405515915
DS.d500.s0.i0 1.0 2.03293631243
DS.d509.s0.i0 -1 -0.320901392704
DS.d509.s0.i1 -1 -0.323554736435
DS.d509.s0.i2 -1 -0.514785488409
DS.d528.s0.i0 1.0 0.806491411719
DS.d528.s0.i1 1.0 0.852621492524
DS.d532.s0.i0 1.0 0.209243439603
DS.d544.s0.i1 -1 -0.441341809626
DS.d544.s0.i3 1.0 0.110898476787
DS.d558.s0.i0 -1 0.181539575144
DS.d558.s1.i0 1.0 -1.59540415856
DS.d558.s1.i1 -1 -1.56017129332
DS.d571.s0.i0 -1 -0.942231610052
DS.d582.s0.i0 1.0 -0.598298106835
DS.d584.s0.i0 1.0 -0.291267044079
DS.d593.s0.i0 1.0 0.758019691159
DS.d597.s0.i0 -1 -1.32728975102
DS.d597.s0.i1 -1 -0.813024363617
DS.d597.s0.i2 -1 -1.10826822568
DS.d597.s0.i3 -1 -0.935607922346
DS.d597.s0.i4 -1 -1.19352059706
DS.d597.s0.i5 -1 -1.27614923667
DS.d613.s0.i0 1.0 0.3404478273
DS.d621.s0.i0 1.0 2.11487276618
DS.d621.s0.i1 1.0 1.28157810558
DS.d621.s1.i0 1.0 1.31326256362
DS.d621.s2.i0 -1 -1.18117921427
DS.d621.s2.i1 1.0 -0.655241798246
DS.d621.s3.i0 1.0 -0.562281180678
DS.d621.s4.i0 -1 -0.529282689749
DS.d621.s4.i1 1.0 1.21229820103
DS.d623.s0.i0 1.0 2.00558606926
DS.d623.s0.i1 1.0 2.00160896481
DS.d623.s1.i0 1.0 0.360917971869
DS.d623.s1.i1 1.0 0.337739117646
DS.d623.s2.i0 1.0 1.6185844561
DS.d623.s2.i1 1.0 0.975724670907
DS.d623.s2.i2 1.0 1.5405221391
DS.d623.s2.i3 1.0 1.70663059771
DS.d623.s3.i0 1.0 1.14015184557
DS.d623.s3.i1 1.0 1.32755205095
DS.d623.s4.i0 1.0 0.960896924684
DS.d623.s4.i1 -1 0.913610216086
DS.d623.s4.i2 1.0 0.696471591861
DS.d623.s4.i3 1.0 0.0217369306539
DS.d630.s0.i0 -1 -0.587574559901
DS.d630.s0.i1 -1 -0.79057846426
DS.d633.s0.i0 1.0 1.58427741764
DS.d633.s0.i1 1.0 1.62511938341
DS.d633.s0.i2 1.0 1.85791432286
DS.d633.s0.i3 1.0 1.57087253148
DS.d633.s1.i0 1.0 1.15000835275
DS.d633.s1.i1 1.0 1.20979221268
DS.d633.s1.i2 1.0 1.07724925881
DS.d633.s1.i3 1.0 1.28117517105
DS.d633.s2.i0 1.0 1.42179541068
DS.d633.s2.i1 1.0 1.07090406441
DS.d633.s3.i0 1.0 2.30214986186
DS.d633.s3.i1 1.0 2.12743059235
DS.d641.s0.i0 1.0 1.37224360152
DS.d641.s0.i1 1.0 1.00605142614
DS.d646.s0.i0 1.0 0.176420991851
DS.d646.s0.i1 1.0 0.176420991851
DS.d646.s0.i2 1.0 0.164446796584
DS.d646.s0.i3 1.0 0.30896394572
DS.d646.s0.i4 1.0 -0.300186316512
DS.d646.s0.i5 1.0 0.176420991851
DS.d662.s0.i0 1.0 -0.117970823983
DS.d662.s0.i1 1.0 0.266473590837
DS.d662.s0.i2 1.0 -0.564224166583
DS.d662.s0.i3 1.0 0.110361681403
DS.d688.s0.i0 1.0 1.71662975164
DS.d688.s1.i0 -1 0.293817269484
DS.d699.s0.i0 1.0 2.19439570645
DS.d699.s0.i1 1.0 2.19439570645
DS.d699.s1.i0 1.0 -1.31544500716
DS.d699.s1.i1 -1 -2.31057672835
DS.d699.s1.i2 -1 -2.36412257535
DS.d699.s2.i0 1.0 -0.549041591431
DS.d701.s0.i0 -1 -1.55906603216
DS.d701.s0.i1 -1 -0.73084937391
DS.d708.s0.i0 -1 -0.306246694137
DS.d723.s0.i0 1.0 0.0818716860619
DS.d735.s0.i0 1.0 1.66779045375
DS.d735.s1.i0 -1 0.281702820488
DS.d735.s1.i1 -1 0.187880867963
DS.d735.s2.i0 1.0 1.12328636486
DS.d735.s2.i1 -1 1.18734301969
DS.d735.s3.i0 -1 0.84624576421
DS.d744.s0.i0 -1 -1.44588062056
DS.d744.s0.i1 -1 -1.17620950523
DS.d776.s0.i0 1.0 0.100207892836
DS.d776.s0.i1 1.0 0.100207892836
DS.d789.s0.i0 1.0 -0.475689773207
DS.d789.s0.i1 1.0 -0.475689773207
DS.d796.s0.i0 -1 -0.162761881176
DS.d796.s0.i1 -1 0.401481057453
DS.d796.s0.i2 -1 -0.162761881176
DS.d796.s0.i3 -1 -0.162761881176
DS.d796.s0.i4 -1 0.401481057453
DS.d796.s0.i5 -1 -0.162761881176
DS.d796.s1.i0 1.0 0.618190006858
DS.d796.s1.i1 1.0 0.917154171602
DS.d796.s1.i2 1.0 -0.143184224327
DS.d814.s0.i0 -1 -0.695551620417
DS.d814.s0.i1 -1 0.469395108995
DS.d814.s0.i2 -1 0.065947666701
DS.d814.s1.i0 -1 -1.49915477699
DS.d814.s1.i1 -1 -1.42323488486
DS.d815.s0.i0 1.0 -0.222709588963
DS.d815.s0.i1 1.0 -0.325036596492
DS.d815.s0.i2 1.0 -0.131750360512
DS.d825.s0.i0 1.0 0.28629956097
DS.d825.s0.i1 1.0 0.225331452196
DS.d825.s0.i2 1.0 0.640328726319
DS.d825.s0.i3 1.0 0.318523967651
DS.d825.s0.i4 1.0 0.701296992305
DS.d825.s0.i5 1.0 0.406907387329
DS.d825.s0.i6 1.0 0.360015097514
DS.d825.s0.i7 1.0 0.107841432639
DS.d825.s1.i0 -1 0.981342541698
DS.d825.s1.i1 -1 1.11162535401
DS.d825.s1.i2 -1 0.981342541698
DS.d825.s1.i3 -1 -0.407414976566
DS.d825.s1.i4 1.0 1.00100052838
DS.d825.s1.i5 1.0 1.00100052838
DS.d825.s2.i0 -1 -0.773707181697
DS.d825.s2.i1 -1 -0.773707181697
DS.d834.s0.i0 -1 -2.38207508202
DS.d834.s0.i1 -1 -2.0771050939
DS.d834.s0.i2 -1 -2.2345120753
DS.d834.s0.i3 -1 -2.04068049916
DS.d838.s0.i0 -1 0.172991119972
DS.d838.s0.i1 1.0 1.53393930034
DS.d838.s0.i2 1.0 0.169724681374
DS.d853.s0.i0 1.0 0.160819086401
DS.d865.s0.i0 1.0 0.946721139217
DS.d865.s0.i1 1.0 0.933279817683
DS.d881.s0.i0 1.0 0.344149728775
DS.d881.s0.i1 1.0 0.624982505222
DS.d903.s0.i0 1.0 0.291172298122
DS.d903.s0.i1 1.0 -0.0932676187815
DS.d914.s0.i0 -1 -0.226640470135
DS.d916.s0.i0 -1 -0.803166979421
DS.d916.s0.i1 -1 -0.907591403621
DS.d929.s0.i0 1.0 -0.886289292876
DS.d929.s0.i1 1.0 -0.818143115869
DS.d929.s0.i2 1.0 -0.757050969213
DS.d929.s0.i3 1.0 -0.0614321646623
DS.d929.s0.i4 1.0 -0.699676006371
DS.d929.s0.i5 -1 -1.36644479978
DS.d929.s0.i6 -1 -1.56336352542
DS.d950.s0.i0 1.0 -1.39144503632
DS.d952.s0.i0 -1 -0.235269675256
DS.d952.s0.i1 -1 -0.510204575362
DS.d952.s1.i0 -1 -1.36407535415
DS.d952.s1.i1 -1 -1.5860232695
DS.d952.s1.i2 -1 -1.17993318784
DS.d952.s1.i3 -1 -1.1793695687
DS.d952.s2.i0 -1 0.900268359365
DS.d952.s3.i0 -1 -1.21653652403
DS.d952.s3.i1 -1 -0.859336744766
DS.d952.s3.i2 -1 -1.6508584705
DS.d954.s0.i0 -1 -0.389253899165
DS.d964.s0.i0 -1 0.636554287488
DS.d964.s1.i0 -1 -0.62668931695
DS.d964.s1.i1 1.0 -0.111615925286
DS.d964.s2.i0 -1 0.798523897211
DS.d995.s0.i0 -1 -0.761550402539
DS.d995.s1.i0 1.0 0.618745698863
DS.d995.s1.i1 1.0 1.18546686474
DS.d995.s2.i0 1.0 0.306625870148
DS.d995.s3.i0 1.0 0.732006486885
DS.d1013.s0.i0 1.0 -0.226326182443
DS.d1013.s0.i1 -1 0.127781490573
DS.d1013.s1.i0 1.0 1.39207805945
DS.d1013.s1.i1 1.0 1.66380937694
DS.d1013.s1.i2 1.0 1.39207805945
DS.d1024.s0.i0 -1 -0.99303497067
DS.d1024.s0.i1 -1 -1.79218606139
DS.d1024.s0.i2 -1 -1.0919601704
DS.d1024.s0.i3 -1 -0.304008792769
DS.d1024.s0.i4 -1 -0.870741387272
DS.d1024.s0.i5 -1 -0.324159625124
DS.d1024.s0.i6 -1 -1.27644142264
DS.d1024.s0.i7 -1 -1.01555701349
DS.d1024.s0.i8 -1 -1.32216278286
DS.d1024.s0.i9 -1 -1.52796066149
DS.d1024.s1.i0 -1 -0.28277973799
DS.d1024.s1.i1 -1 -1.3386997867
DS.d1024.s2.i0 -1 -1.84235539144
DS.d1024.s2.i1 -1 -2.29054580057
DS.d1026.s0.i0 1.0 0.39519351625
DS.d1026.s1.i0 1.0 1.144003355
DS.d1029.s0.i0 1.0 -0.227076035413
DS.d1029.s0.i1 1.0 -0.698272579338
DS.d1029.s0.i2 1.0 0.304684865757
DS.d1034.s0.i0 -1 0.127870368086
DS.d1034.s1.i0 -1 -0.942862458006
DS.d1063.s0.i0 1.0 1.0034721142
DS.d1063.s0.i1 1.0 0.861761794072
DS.d1074.s0.i0 -1 0.491011645782
DS.d1074.s1.i0 -1 1.63283885717
DS.d1078.s0.i0 1.0 0.248708260721
DS.d1079.s0.i0 1.0 1.35527077087
DS.d1079.s1.i0 -1 -0.978621556447
DS.d1099.s0.i0 1.0 0.187422858205
DS.d1106.s0.i0 -1 -1.40215288554
DS.d1106.s1.i0 -1 -1.04575421147
DS.d1115.s0.i0 1.0 -0.493475766067
DS.d1115.s1.i0 -1 -1.54341884168
DS.d1115.s1.i1 -1 -1.69950159427
DS.d1115.s1.i2 -1 -1.60533930434
DS.d1115.s1.i3 -1 -1.71540333056
DS.d1139.s0.i0 1.0 -0.0657969087448
DS.d1149.s0.i0 1.0 0.181048736484
DS.d1153.s0.i0 -1 1.51389835474
DS.d1157.s0.i0 -1 0.299867428846
DS.d1157.s0.i1 -1 -0.484171116888
DS.d1157.s0.i2 -1 0.206668065916
DS.d1177.s0.i0 -1 -0.834946765259
DS.d1177.s0.i1 -1 -1.61555586581
DS.d1177.s0.i2 -1 -1.18620831031
DS.d1177.s0.i3 -1 0.374069770463
DS.d1186.s0.i0 1.0 0.590985425622
DS.d1186.s1.i0 1.0 1.41608701442
DS.d1187.s0.i0 -1 -0.883130420211
DS.d1187.s0.i1 -1 -1.48697943451
DS.d1187.s0.i2 -1 -0.0105604054336
DS.d1187.s0.i3 -1 -0.502028613989
DS.d1187.s1.i0 1.0 0.0789868033657
DS.d1197.s0.i0 -1 -0.1471786167
DS.d1204.s0.i0 -1 0.845769223989
DS.d1204.s0.i1 -1 1.94997280191
DS.d1204.s1.i0 1.0 1.17912813403
DS.d1204.s1.i1 -1 1.05735932424
DS.d1204.s2.i0 -1 -0.758063264995
DS.d1212.s0.i0 -1 -0.576766637855
DS.d1212.s0.i1 -1 -0.760339093261
DS.d1212.s0.i2 -1 -0.561271150842
DS.d1212.s0.i3 -1 -0.681156184933
DS.d1212.s0.i4 -1 -0.378530060011
DS.d1212.s0.i5 -1 -1.06582026436
DS.d1212.s0.i6 -1 -1.01457072282
DS.d1212.s0.i7 -1 -0.534515022207
DS.d1212.s0.i8 -1 -0.458243757118
DS.d1212.s0.i9 -1 -0.920328539081
DS.d1212.s0.i10 -1 -0.207464441907
DS.d1212.s0.i11 -1 -0.765639646065
DS.d1212.s1.i0 -1 -2.30064191584
DS.d1212.s1.i1 -1 -1.41125777666
DS.d1212.s1.i2 -1 -1.71543017167
DS.d1212.s1.i3 -1 -1.22805489813
DS.d1212.s1.i4 -1 -2.39451086878
DS.d1212.s1.i5 -1 -1.89863305021
DS.d1212.s2.i0 -1 -1.18515877556
DS.d1212.s2.i1 -1 -1.93592061225
DS.d1228.s0.i0 1.0 -0.766454571065
DS.d1228.s1.i0 -1 -0.141164707927
DS.d1239.s0.i0 -1 -1.00995943973
DS.d1242.s0.i0 1.0 -1.41629219936
DS.d1242.s0.i1 -1 1.00278548259
DS.d1253.s0.i0 1.0 -0.317255478979
DS.d1253.s0.i1 1.0 -0.00471061880209
DS.d1273.s0.i0 1.0 0.590711084866
DS.d1273.s0.i1 1.0 0.939977399025
DS.d1273.s0.i2 1.0 0.967787691278
DS.d1278.s0.i0 1.0 1.10139000837
DS.d1300.s0.i0 1.0 2.22414858313
DS.d1309.s0.i0 1.0 1.03667900438
DS.d1312.s0.i0 1.0 0.145858864874
DS.d1312.s0.i1 1.0 0.565495308142
DS.d1354.s0.i0 -1 -0.723703125195
DS.d1354.s0.i1 -1 -0.350149334743
DS.d1373.s0.i0 1.0 1.09798125038
DS.d1373.s1.i1 1.0 1.49084886206
DS.d1375.s0.i0 -1 -0.061535001706
DS.d1375.s0.i1 -1 -0.0209350431987
DS.d1380.s0.i1 1.0 -1.1816241772
DS.d1380.s0.i3 1.0 -0.997594126813
DS.d1380.s0.i4 1.0 -0.693689413079
DS.d1380.s0.i5 1.0 0.806516826839
DS.d1380.s0.i6 1.0 0.572850218999
DS.d1380.s0.i7 1.0 0.301543495667
DS.d1380.s0.i10 1.0 -0.521144677585
DS.d1380.s0.i11 1.0 -0.922296662398
DS.d1380.s0.i12 1.0 0.925444644798
DS.d1380.s0.i13 1.0 0.497552754577
DS.d1380.s1.i1 1.0 0.683969554923
DS.d1380.s1.i3 1.0 0.627079511718
DS.d1382.s0.i0 -1 -0.677527442381
DS.d1390.s0.i0 -1 -0.557144684944
DS.d1392.s0.i0 -1 -0.060678062583
DS.d1396.s0.i0 -1 0.0875735490472
DS.d1396.s0.i1 -1 -0.897122248865
DS.d1396.s0.i2 -1 -0.72806987094
DS.d1396.s0.i3 -1 -0.798734350189
DS.d1397.s0.i0 -1 0.741228943133
DS.d1399.s0.i0 1.0 -1.05407821399
DS.d1399.s0.i1 1.0 -1.2575469264
DS.d1408.s0.i0 1.0 0.614826405911
DS.d1408.s0.i1 1.0 0.576530676341
DS.d1431.s0.i0 1.0 0.303213744198
DS.d1431.s0.i1 1.0 -0.200823517202
DS.d1431.s0.i2 1.0 0.248941864583
DS.d1440.s0.i0 1.0 0.385415315956
DS.d1440.s1.i0 1.0 0.446355905142
DS.d1440.s1.i1 1.0 0.891941935058
DS.d1442.s0.i0 -1 -0.572193558321
DS.d1442.s0.i1 -1 0.410365758193
DS.d1444.s0.i0 -1 -1.54446641714
DS.d1444.s0.i1 -1 -1.58512410962
DS.d1466.s0.i0 1.0 0.616676390343
DS.d1476.s0.i0 -1 -2.20200933206
DS.d1485.s0.i0 -1 0.234194184322
DS.d1490.s0.i0 -1 0.565247011286
DS.d1511.s0.i0 -1 -1.04986121788
DS.d1511.s0.i1 -1 -1.19235153752
DS.d1511.s0.i2 -1 -1.19235153752
DS.d1511.s0.i3 -1 -1.04986121788
DS.d1523.s0.i0 -1 -0.371468820311
DS.d1523.s0.i1 -1 -0.0826033112578
DS.d1523.s0.i2 -1 -1.3606495095
DS.d1545.s0.i0 1.0 1.26310508945
DS.d1545.s0.i1 1.0 1.39638546925
DS.d1547.s0.i0 1.0 -0.243772252393
DS.d1547.s0.i1 1.0 0.0467422135728
DS.d1559.s0.i0 -1 -0.64538936004
DS.d1559.s1.i0 -1 -2.39056153213
DS.d1583.s0.i0 1.0 0.674332692477
DS.d1598.s0.i0 1.0 0.772957826857
DS.d1598.s1.i0 1.0 0.201180057315
DS.d1602.s0.i0 1.0 2.01298467831
DS.d1602.s1.i0 -1 -1.1740557928
DS.d1602.s1.i1 -1 -1.58796621426
DS.d1606.s0.i0 -1 -0.609307215683
DS.d1606.s0.i1 -1 -0.403468517636
DS.d1606.s0.i2 -1 -1.43620602414
DS.d1606.s0.i3 -1 -1.88145464826
DS.d1627.s0.i0 -1 0.514789727632
DS.d1631.s0.i0 1.0 1.49102186353
DS.d1648.s0.i1 1.0 1.03928237462
DS.d1650.s0.i1 1.0 -0.773052470136
DS.d1650.s0.i2 1.0 -0.683923814769
DS.d1668.s0.i0 1.0 2.04898834154
DS.d1677.s0.i1 -1 -1.0390459154
DS.d1683.s0.i0 1.0 -1.51437217509
DS.d1683.s0.i1 1.0 -1.21598606433
DS.d1683.s1.i0 1.0 2.1847507159
DS.d1683.s1.i1 1.0 2.1847507159
DS.d1698.s0.i0 1.0 0.503880974853
DS.d1712.s1.i0 -1 -0.932913169616
DS.d1712.s1.i1 -1 0.0715205709946
DS.d1737.s0.i0 1.0 0.677405021436
DS.d1750.s0.i0 -1 1.34604738345
DS.d1750.s0.i1 -1 0.332110580706
DS.d1758.s0.i0 -1 -0.232840973267
DS.d1773.s0.i0 1.0 0.491438881725
DS.d1773.s0.i1 1.0 1.27413242469
DS.d1773.s0.i2 1.0 1.01093305184
DS.d1773.s0.i3 1.0 0.844952255204
DS.d1784.s0.i0 1.0 0.184790947959
DS.d1784.s0.i1 1.0 0.227759400544
DS.d1785.s0.i0 1.0 1.83832163758
DS.d1792.s0.i0 1.0 -0.937589843749
DS.d1802.s0.i0 -1 -0.530558177835
DS.d1811.s0.i0 1.0 1.07662383237
DS.d1813.s0.i0 1.0 1.73024404071
DS.d1813.s1.i0 1.0 1.12402440579
DS.d1813.s2.i0 1.0 1.3963381171
DS.d1834.s0.i0 -1 -0.160955887156
DS.d1851.s0.i0 1.0 -2.00881247703
DS.d1851.s0.i1 -1 -0.875344791388
DS.d1851.s0.i2 -1 -1.78927340792
DS.d1851.s0.i3 1.0 -0.959724174162
DS.d1851.s0.i4 -1 -0.197415927666
DS.d1851.s0.i5 -1 0.216783933894
DS.d1857.s0.i0 1.0 -0.42050505896
DS.d1857.s1.i0 1.0 -1.61795044131
DS.d1857.s1.i1 1.0 -0.926571554084
DS.d1876.s0.i0 1.0 1.9075591049
DS.d1876.s0.i1 1.0 1.49914929533
DS.d1883.s0.i0 1.0 1.0028567191
DS.d1883.s0.i1 1.0 1.15383180571
DS.d1892.s0.i0 -1 0.486483808963
DS.d1893.s0.i0 1.0 0.90618079915
DS.d1893.s0.i1 1.0 1.22702627615
