DS.d0.s0.i0 1.0 1.47590548872
DS.d0.s1.i0 -1 -0.124225624443
DS.d0.s1.i1 -1 0.922764236964
DS.d5.s0.i0 -1 1.22819007543
DS.d5.s0.i1 1.0 0.854392276169
DS.d5.s0.i2 -1 1.75922371143
DS.d9.s0.i0 1.0 1.84700115295
DS.d12.s0.i0 -1 -0.24571048935
DS.d16.s0.i0 1.0 0.947306183233
DS.d24.s0.i0 -1 -1.31426874483
DS.d24.s1.i0 1.0 -0.0797291926153
DS.d40.s0.i0 1.0 0.915510265352
DS.d45.s0.i0 -1 -0.496988427847
DS.d45.s0.i1 -1 -0.496988427847
DS.d55.s0.i0 1.0 1.10051273326
DS.d58.s0.i0 1.0 0.883421479935
DS.d58.s1.i0 1.0 0.140159939091
DS.d58.s1.i1 1.0 0.553244471081
DS.d58.s2.i0 1.0 2.0026328862
DS.d58.s3.i0 1.0 0.655940383764
DS.d60.s0.i0 1.0 0.229629940289
DS.d67.s0.i0 -1 0.789115878004
DS.d67.s0.i1 -1 1.0726102242
DS.d89.s0.i0 1.0 0.986386837166
DS.d92.s0.i0 1.0 1.17639649999
DS.d92.s1.i0 1.0 -0.395881461788
DS.d92.s2.i0 1.0 0.793893102139
DS.d92.s3.i0 1.0 0.73943686232
DS.d137.s0.i0 -1 0.530320196798
DS.d137.s1.i0 -1 -0.00695717061809
DS.d144.s0.i0 -1 -0.459577209975
DS.d160.s0.i0 -1 -0.0875405636347
DS.d160.s0.i1 -1 -0.309652059821
DS.d160.s0.i2 -1 -1.2938605433
DS.d160.s0.i3 -1 -0.306646329423
DS.d160.s0.i4 -1 0.00706566856011
DS.d160.s0.i5 -1 -0.713836608398
DS.d170.s0.i0 1.0 1.12087140205
DS.d170.s0.i1 1.0 0.883702223534
DS.d177.s0.i0 -1 -0.151217974674
DS.d177.s0.i1 1.0 0.528838381845
DS.d177.s0.i2 1.0 0.851467284256
DS.d177.s0.i3 -1 -0.295671612089
DS.d177.s0.i4 -1 -1.30624258136
DS.d177.s0.i5 -1 -0.884159895612
DS.d177.s0.i6 -1 0.0340737196419
DS.d177.s0.i7 -1 0.14171065283
DS.d179.s0.i0 -1 -1.43490026627
DS.d179.s0.i1 -1 -1.75352136331
DS.d179.s0.i2 -1 -1.82412783491
DS.d179.s0.i3 -1 -1.53724055135
DS.d179.s0.i4 -1 -1.50614593647
DS.d179.s0.i5 -1 -1.61724803125
DS.d179.s0.i6 -1 -1.82107557637
DS.d179.s0.i7 -1 -1.78508351338
DS.d179.s0.i8 -1 -1.00815315013
DS.d179.s0.i9 -1 -0.629462041862
DS.d179.s0.i10 -1 -0.688293998094
DS.d179.s0.i11 -1 -1.16536267145
DS.d179.s0.i12 -1 -1.46930010061
DS.d179.s0.i13 -1 -1.1894864192
DS.d179.s0.i14 -1 -2.01928559199
DS.d179.s0.i15 -1 -1.16840397303
DS.d179.s0.i16 -1 -1.97982499516
DS.d179.s0.i17 -1 -1.25304119481
DS.d179.s0.i18 -1 -0.481079228267
DS.d179.s0.i19 -1 -1.53257570768
DS.d179.s0.i20 -1 -1.1535331806
DS.d179.s0.i21 -1 -1.49210636104
DS.d179.s0.i22 -1 -1.16503855594
DS.d179.s0.i23 -1 -1.34527843515
DS.d179.s0.i24 -1 -1.34730654024
DS.d179.s0.i25 -1 -1.40613979284
DS.d179.s0.i26 -1 -1.43224077332
DS.d179.s0.i27 -1 -1.95800344297
DS.d179.s0.i28 -1 -2.25229486312
DS.d179.s0.i29 -1 -0.888393250182
DS.d179.s1.i0 1.0 0.169367917393
DS.d179.s1.i1 -1 -1.09599817817
DS.d179.s2.i0 1.0 1.18464028603
DS.d190.s0.i0 1.0 -0.282933118403
DS.d202.s0.i0 1.0 -0.369137170821
DS.d223.s0.i0 1.0 0.078165130502
DS.d223.s0.i1 -1 -0.944917499531
DS.d223.s1.i0 1.0 0.559799733918
DS.d223.s1.i1 1.0 -0.254870099828
DS.d244.s0.i0 1.0 0.136490832881
DS.d244.s0.i1 1.0 0.846651637024
DS.d244.s1.i0 1.0 1.11711842413
DS.d263.s0.i0 1.0 0.0281861399767
DS.d263.s0.i2 1.0 0.288668404183
DS.d263.s0.i3 1.0 0.812618032432
DS.d263.s0.i7 1.0 0.0793467961043
DS.d263.s0.i9 1.0 -0.088846170369
DS.d263.s0.i10 1.0 0.308258125107
DS.d263.s0.i13 1.0 0.165260704672
DS.d263.s1.i0 1.0 1.56329122125
DS.d265.s0.i0 1.0 2.08330399773
DS.d265.s0.i1 -1 -0.345973789226
DS.d265.s1.i0 1.0 0.870376232867
DS.d265.s1.i1 1.0 1.07975160384
DS.d265.s1.i2 1.0 0.654423987639
DS.d265.s1.i3 1.0 1.11690768319
DS.d271.s0.i0 -1 0.561907251305
DS.d277.s0.i0 1.0 1.69497693233
DS.d279.s0.i0 1.0 2.51140459313
DS.d279.s1.i0 1.0 0.657111212028
DS.d279.s1.i1 -1 -0.603693660605
DS.d279.s2.i0 1.0 2.15316503348
DS.d279.s2.i1 -1 1.12760250718
DS.d279.s3.i0 1.0 1.7864922133
DS.d279.s3.i1 -1 0.823584927837
DS.d279.s4.i0 1.0 1.19043085696
DS.d279.s5.i0 1.0 1.76343964232
DS.d279.s6.i0 -1 -1.29931021454
DS.d279.s6.i1 -1 -1.29931021454
DS.d279.s6.i2 -1 -1.36174220113
DS.d279.s7.i0 1.0 0.86516745234
DS.d279.s7.i1 -1 -0.299417099835
DS.d279.s7.i2 -1 -0.273258643708
DS.d279.s8.i0 -1 0.527279655855
DS.d279.s8.i1 -1 -0.375621264208
DS.d279.s9.i0 1.0 2.52728928769
DS.d279.s9.i1 1.0 0.871269468125
DS.d280.s0.i0 1.0 1.0496272502
DS.d281.s0.i0 1.0 0.184448490369
DS.d281.s1.i0 1.0 0.293534139378
DS.d281.s1.i1 1.0 0.592202437034
DS.d305.s0.i0 1.0 1.93570021291
DS.d305.s0.i1 1.0 0.949304597792
DS.d305.s0.i2 1.0 1.85351234867
DS.d305.s0.i3 1.0 0.964531530939
DS.d312.s0.i0 1.0 -1.39725245248
DS.d312.s0.i1 1.0 -0.799562943126
DS.d312.s0.i2 1.0 -0.803580443688
DS.d312.s0.i3 1.0 -0.89460110715
DS.d312.s0.i4 1.0 -0.552848372215
DS.d312.s0.i5 1.0 -0.798749898311
DS.d312.s0.i6 1.0 -1.00233643834
DS.d312.s0.i7 1.0 -0.450744810566
DS.d312.s0.i8 1.0 -0.417947735075
DS.d312.s0.i9 1.0 -1.08732140071
DS.d312.s0.i10 1.0 -0.93027141556
DS.d318.s0.i0 1.0 0.855902507757
DS.d318.s0.i1 1.0 1.05506113506
DS.d327.s0.i0 1.0 1.08114705151
DS.d328.s0.i0 -1 -1.44874854473
DS.d328.s1.i0 1.0 1.15670211478
DS.d328.s1.i1 1.0 1.46980336885
DS.d336.s0.i0 1.0 1.54484207968
DS.d340.s0.i0 -1 -0.431425147135
DS.d372.s0.i0 1.0 0.149132385852
DS.d372.s0.i1 1.0 0.0790899042884
DS.d372.s1.i0 1.0 0.300728352592
DS.d372.s1.i1 -1 0.724659796628
DS.d372.s1.i2 1.0 0.35371096474
DS.d372.s1.i3 -1 0.141423465754
DS.d373.s0.i0 1.0 1.14446986139
DS.d374.s0.i0 1.0 1.23032522006
DS.d374.s1.i0 1.0 0.654196725352
DS.d374.s1.i1 1.0 0.76259247834
DS.d376.s0.i0 -1 0.26745364784
DS.d376.s0.i1 1.0 1.08667057003
DS.d376.s1.i1 -1 0.598953374639
DS.d376.s1.i2 -1 0.22027891159
DS.d401.s0.i0 -1 -0.292949640214
DS.d401.s0.i1 -1 0.251220766983
DS.d407.s0.i0 -1 1.02660818614
DS.d423.s0.i0 1.0 1.0747643791
DS.d423.s0.i1 1.0 1.0747643791
DS.d423.s1.i0 1.0 2.07510248694
DS.d423.s1.i1 1.0 2.07510248694
DS.d426.s0.i0 1.0 0.430548684218
DS.d444.s0.i0 -1 -0.503216459998
DS.d444.s0.i1 1.0 1.2745811406
DS.d444.s0.i2 -1 -0.734402892832
DS.d465.s0.i0 1.0 0.560283382716
DS.d465.s0.i1 1.0 0.410134747135
DS.d465.s0.i2 1.0 0.415824178734
DS.d479.s0.i0 1.0 -0.375150252008
DS.d487.s0.i0 1.0 1.62285300225
DS.d487.s0.i1 1.0 1.84485825806
DS.d487.s0.i2 1.0 1.91891364554
DS.d500.s0.i0 1.0 1.64553676299
DS.d509.s0.i0 -1 -0.196977706343
DS.d509.s0.i1 -1 -0.368994272344
DS.d509.s0.i2 -1 -0.171991593936
DS.d528.s0.i0 1.0 -0.000150917580199
DS.d528.s0.i1 1.0 0.17308169685
DS.d532.s0.i0 1.0 0.161333405141
DS.d544.s0.i1 -1 -0.407057808547
DS.d544.s0.i3 1.0 0.358774746081
DS.d558.s0.i0 -1 0.208662104251
DS.d558.s1.i0 1.0 -0.875679878066
DS.d558.s1.i1 -1 -1.0758094443
DS.d571.s0.i0 -1 -1.13114846603
DS.d582.s0.i0 1.0 0.00720908628174
DS.d584.s0.i0 1.0 0.428708014432
DS.d593.s0.i0 1.0 0.783177695451
DS.d597.s0.i0 -1 -1.64528413829
DS.d597.s0.i1 -1 -1.0161832032
DS.d597.s0.i2 -1 -1.09622404746
DS.d597.s0.i3 -1 -0.895040329449
DS.d597.s0.i4 -1 -1.12071898575
DS.d597.s0.i5 -1 -1.19826779289
DS.d613.s0.i0 1.0 0.53078918778
DS.d621.s0.i0 1.0 1.24761579182
DS.d621.s0.i1 1.0 1.26875708765
DS.d621.s1.i0 1.0 0.744036473146
DS.d621.s2.i0 -1 -0.783584688968
DS.d621.s2.i1 1.0 -0.530050586425
DS.d621.s3.i0 1.0 -0.963629839714
DS.d621.s4.i0 -1 -0.898798337567
DS.d621.s4.i1 1.0 1.09272335967
DS.d623.s0.i0 1.0 1.67412058391
DS.d623.s0.i1 1.0 1.56432247854
DS.d623.s1.i0 1.0 0.561719969157
DS.d623.s1.i1 1.0 0.732335675294
DS.d623.s2.i0 1.0 1.48277588793
DS.d623.s2.i1 1.0 0.855276231586
DS.d623.s2.i2 1.0 1.49819067007
DS.d623.s2.i3 1.0 1.43878444929
DS.d623.s3.i0 1.0 0.757863310791
DS.d623.s3.i1 1.0 1.0609278686
DS.d623.s4.i0 1.0 0.936839573104
DS.d623.s4.i1 -1 1.13516775119
DS.d623.s4.i2 1.0 0.788194334188
DS.d623.s4.i3 1.0 0.250464323113
DS.d630.s0.i0 -1 -0.626779968248
DS.d630.s0.i1 -1 -0.978388974697
DS.d633.s0.i0 1.0 0.574070992196
DS.d633.s0.i1 1.0 0.327115626802
DS.d633.s0.i2 1.0 0.344883913767
DS.d633.s0.i3 1.0 0.448854791179
DS.d633.s1.i0 1.0 0.585488328777
DS.d633.s1.i1 1.0 0.503843429321
DS.d633.s1.i2 1.0 0.554959043021
DS.d633.s1.i3 1.0 0.600006833198
DS.d633.s2.i0 1.0 1.36082251348
DS.d633.s2.i1 1.0 1.2477182991
DS.d633.s3.i0 1.0 1.47830952034
DS.d633.s3.i1 1.0 1.4691349537
DS.d641.s0.i0 1.0 1.35920612962
DS.d641.s0.i1 1.0 1.21312754743
DS.d646.s0.i0 1.0 0.35706301574
DS.d646.s0.i1 1.0 0.14826516258
DS.d646.s0.i2 1.0 0.573137147172
DS.d646.s0.i3 1.0 0.0236137130174
DS.d646.s0.i4 1.0 -0.184792439605
DS.d646.s0.i5 1.0 0.12345121714
DS.d662.s0.i0 1.0 0.544529940604
DS.d662.s0.i1 1.0 0.359893882816
DS.d662.s0.i2 1.0 0.0782047695494
DS.d662.s0.i3 1.0 0.54691780596
DS.d688.s0.i0 1.0 1.2066634905
DS.d688.s1.i0 -1 0.290896645837
DS.d699.s0.i0 1.0 1.72101738718
DS.d699.s0.i1 1.0 1.72101738718
DS.d699.s1.i0 1.0 -1.48304706341
DS.d699.s1.i1 -1 -2.32779313638
DS.d699.s1.i2 -1 -2.27746457144
DS.d699.s2.i0 1.0 -0.53231506362
DS.d701.s0.i0 -1 -1.2359427309
DS.d701.s0.i1 -1 -0.726396814729
DS.d708.s0.i0 -1 -0.465099384431
DS.d723.s0.i0 1.0 0.460180420737
DS.d735.s0.i0 1.0 2.00487574523
DS.d735.s1.i0 -1 0.28255158538
DS.d735.s1.i1 -1 0.303796239371
DS.d735.s2.i0 1.0 1.31623855204
DS.d735.s2.i1 -1 1.21968499776
DS.d735.s3.i0 -1 0.67971797273
DS.d744.s0.i0 -1 -1.61982966873
DS.d744.s0.i1 -1 -1.51018556227
DS.d776.s0.i0 1.0 0.159185874003
DS.d776.s0.i1 1.0 0.159185874003
DS.d789.s0.i0 1.0 -0.310593651133
DS.d789.s0.i1 1.0 -0.310593651133
DS.d796.s0.i0 -1 -0.0643488768885
DS.d796.s0.i1 -1 -0.0376159338632
DS.d796.s0.i2 -1 -0.0643488768885
DS.d796.s0.i3 -1 -0.0643488768885
DS.d796.s0.i4 -1 -0.0376159338632
DS.d796.s0.i5 -1 -0.0643488768885
DS.d796.s1.i0 1.0 0.776128382736
DS.d796.s1.i1 1.0 0.821170743506
DS.d796.s1.i2 1.0 0.271743391305
DS.d814.s0.i0 -1 -0.36747668473
DS.d814.s0.i1 -1 0.359281946343
DS.d814.s0.i2 -1 0.312282631606
DS.d814.s1.i0 -1 -1.44612477173
DS.d814.s1.i1 -1 -1.36442554982
DS.d815.s0.i0 1.0 -0.0359450607945
DS.d815.s0.i1 1.0 0.104132705767
DS.d815.s0.i2 1.0 0.753102177829
DS.d825.s0.i0 1.0 0.353811296464
DS.d825.s0.i1 1.0 -0.0276301268212
DS.d825.s0.i2 1.0 0.674827414335
DS.d825.s0.i3 1.0 0.575174652613
DS.d825.s0.i4 1.0 0.741649003904
DS.d825.s0.i5 1.0 0.226124232243
DS.d825.s0.i6 1.0 0.341525088646
DS.d825.s0.i7 1.0 0.337891400341
DS.d825.s1.i0 -1 0.683681936768
DS.d825.s1.i1 -1 0.40964802393
DS.d825.s1.i2 -1 0.683681936768
DS.d825.s1.i3 -1 -0.679381236087
DS.d825.s1.i4 1.0 0.635052096827
DS.d825.s1.i5 1.0 0.635052096827
DS.d825.s2.i0 -1 -1.03049198059
DS.d825.s2.i1 -1 -1.03049198059
DS.d834.s0.i0 -1 -1.29185016059
DS.d834.s0.i1 -1 -1.19949148146
DS.d834.s0.i2 -1 -1.1006133964
DS.d834.s0.i3 -1 -1.15328195799
DS.d838.s0.i0 -1 0.0400494496193
DS.d838.s0.i1 1.0 1.47355457239
DS.d838.s0.i2 1.0 0.540661033572
DS.d853.s0.i0 1.0 -0.0511332468381
DS.d865.s0.i0 1.0 0.476589653519
DS.d865.s0.i1 1.0 0.574591078989
DS.d881.s0.i0 1.0 1.07640217221
DS.d881.s0.i1 1.0 1.01063211814
DS.d903.s0.i0 1.0 0.316409006283
DS.d903.s0.i1 1.0 -0.0209740871304
DS.d914.s0.i0 -1 0.197315516465
DS.d916.s0.i0 -1 -0.68081348999
DS.d916.s0.i1 -1 -0.322600677651
DS.d929.s0.i0 1.0 -0.936242751047
DS.d929.s0.i1 1.0 -0.735708704519
DS.d929.s0.i2 1.0 -0.82660982864
DS.d929.s0.i3 1.0 -0.306257284034
DS.d929.s0.i4 1.0 -0.73073698243
DS.d929.s0.i5 -1 -1.22661960233
DS.d929.s0.i6 -1 -1.1267035696
DS.d950.s0.i0 1.0 -0.285639816165
DS.d952.s0.i0 -1 0.01996163972
DS.d952.s0.i1 -1 -0.180522782006
DS.d952.s1.i0 -1 -1.20389640184
DS.d952.s1.i1 -1 -1.36666936968
DS.d952.s1.i2 -1 -1.10031294882
DS.d952.s1.i3 -1 -0.97701471726
DS.d952.s2.i0 -1 0.414555120944
DS.d952.s3.i0 -1 -0.847200550971
DS.d952.s3.i1 -1 -1.28686280389
DS.d952.s3.i2 -1 -1.83833223919
DS.d954.s0.i0 -1 -0.914744240806
DS.d964.s0.i0 -1 0.570609376501
DS.d964.s1.i0 -1 -0.194755597695
DS.d964.s1.i1 1.0 0.31650863448
DS.d964.s2.i0 -1 0.490902458805
DS.d995.s0.i0 -1 -0.408538309089
DS.d995.s1.i0 1.0 0.150674143599
DS.d995.s1.i1 1.0 0.575816055877
DS.d995.s2.i0 1.0 0.604732033288
DS.d995.s3.i0 1.0 0.526758345442
DS.d1013.s0.i0 1.0 0.647686012174
DS.d1013.s0.i1 -1 0.0526139663058
DS.d1013.s1.i0 1.0 1.59100499483
DS.d1013.s1.i1 1.0 1.29753969486
DS.d1013.s1.i2 1.0 1.59100499483
DS.d1024.s0.i0 -1 -1.00817480042
DS.d1024.s0.i1 -1 -1.66770498639
DS.d1024.s0.i2 -1 -1.15307704596
DS.d1024.s0.i3 -1 -0.727616032093
DS.d1024.s0.i4 -1 -1.11399169047
DS.d1024.s0.i5 -1 -0.571213912883
DS.d1024.s0.i6 -1 -1.32809263108
DS.d1024.s0.i7 -1 -0.893748902737
DS.d1024.s0.i8 -1 -1.16539107347
DS.d1024.s0.i9 -1 -1.53429784299
DS.d1024.s1.i0 -1 -0.25727799303
DS.d1024.s1.i1 -1 -1.3210400265
DS.d1024.s2.i0 -1 -1.79585639871
DS.d1024.s2.i1 -1 -2.05792305108
DS.d1026.s0.i0 1.0 0.0780645848599
DS.d1026.s1.i0 1.0 0.858423366581
DS.d1029.s0.i0 1.0 0.0227244720683
DS.d1029.s0.i1 1.0 -0.277983015042
DS.d1029.s0.i2 1.0 0.370876402275
DS.d1034.s0.i0 -1 -0.569626424431
DS.d1034.s1.i0 -1 -0.87062570065
DS.d1063.s0.i0 1.0 0.760996520545
DS.d1063.s0.i1 1.0 0.40293681366
DS.d1074.s0.i0 -1 0.4279119608
DS.d1074.s1.i0 -1 1.18730258249
DS.d1078.s0.i0 1.0 0.20460534748
DS.d1079.s0.i0 1.0 1.6488969389
DS.d1079.s1.i0 -1 -0.426915479751
DS.d1099.s0.i0 1.0 0.45426016013
DS.d1106.s0.i0 -1 -1.38677445381
DS.d1106.s1.i0 -1 -1.20669152381
DS.d1115.s0.i0 1.0 -0.629165410902
DS.d1115.s1.i0 -1 -0.890417302036
DS.d1115.s1.i1 -1 -1.2377049954
DS.d1115.s1.i2 -1 -0.90165110173
DS.d1115.s1.i3 -1 -0.90111497009
DS.d1139.s0.i0 1.0 -0.111047899914
DS.d1149.s0.i0 1.0 0.411021322049
DS.d1153.s0.i0 -1 0.874724197617
DS.d1157.s0.i0 -1 0.128421070819
DS.d1157.s0.i1 -1 -0.860096529597
DS.d1157.s0.i2 -1 -0.0386640662426
DS.d1177.s0.i0 -1 -0.838756900777
DS.d1177.s0.i1 -1 -1.69900211731
DS.d1177.s0.i2 -1 -1.36954302475
DS.d1177.s0.i3 -1 0.0574214162306
DS.d1186.s0.i0 1.0 0.758490576715
DS.d1186.s1.i0 1.0 1.13864119095
DS.d1187.s0.i0 -1 -0.406328971361
DS.d1187.s0.i1 -1 -0.605081335052
DS.d1187.s0.i2 -1 0.260715471875
DS.d1187.s0.i3 -1 0.174855502114
DS.d1187.s1.i0 1.0 0.0785641847034
DS.d1197.s0.i0 -1 0.321512223338
DS.d1204.s0.i0 -1 1.19149633068
DS.d1204.s0.i1 -1 1.4532782235
DS.d1204.s1.i0 1.0 0.904339149395
DS.d1204.s1.i1 -1 0.959416468821
DS.d1204.s2.i0 -1 -0.210596633239
DS.d1212.s0.i0 -1 -1.4418260728
DS.d1212.s0.i1 -1 -1.30033699225
DS.d1212.s0.i2 -1 -1.48849686078
DS.d1212.s0.i3 -1 -1.21175499732
DS.d1212.s0.i4 -1 -1.13200735647
DS.d1212.s0.i5 -1 -1.13483901556
DS.d1212.s0.i6 -1 -1.7929823654
DS.d1212.s0.i7 -1 -1.32348299945
DS.d1212.s0.i8 -1 -0.951408352535
DS.d1212.s0.i9 -1 -1.72855887553
DS.d1212.s0.i10 -1 -1.31498121201
DS.d1212.s0.i11 -1 -1.46135232184
DS.d1212.s1.i0 -1 -1.6950172377
DS.d1212.s1.i1 -1 -1.14439014035
DS.d1212.s1.i2 -1 -0.971723930012
DS.d1212.s1.i3 -1 -0.755195523983
DS.d1212.s1.i4 -1 -2.05467317228
DS.d1212.s1.i5 -1 -1.50104683954
DS.d1212.s2.i0 -1 -0.865532794586
DS.d1212.s2.i1 -1 -1.38966095074
DS.d1228.s0.i0 1.0 -1.01693589056
DS.d1228.s1.i0 -1 -0.587224040015
DS.d1239.s0.i0 -1 -0.25066268436
DS.d1242.s0.i0 1.0 -0.736465672562
DS.d1242.s0.i1 -1 0.59369554622
DS.d1253.s0.i0 1.0 -0.28020112053
DS.d1253.s0.i1 1.0 -0.352127818533
DS.d1273.s0.i0 1.0 0.657554915584
DS.d1273.s0.i1 1.0 0.526728889579
DS.d1273.s0.i2 1.0 0.51742028362
DS.d1278.s0.i0 1.0 0.782503893614
DS.d1300.s0.i0 1.0 1.61275635629
DS.d1309.s0.i0 1.0 1.31531187411
DS.d1312.s0.i0 1.0 0.521965752845
DS.d1312.s0.i1 1.0 0.776977345302
DS.d1354.s0.i0 -1 0.102817482352
DS.d1354.s0.i1 -1 0.304600541087
DS.d1373.s0.i0 1.0 0.975387804665
DS.d1373.s1.i1 1.0 0.966785213625
DS.d1375.s0.i0 -1 0.378147264494
DS.d1375.s0.i1 -1 0.32441026482
DS.d1380.s0.i1 1.0 -1.21281811582
DS.d1380.s0.i3 1.0 -0.713676036599
DS.d1380.s0.i4 1.0 -0.646422389411
DS.d1380.s0.i5 1.0 0.215132460062
DS.d1380.s0.i6 1.0 -0.325013701219
DS.d1380.s0.i7 1.0 -0.492195213638
DS.d1380.s0.i10 1.0 -0.384395969043
DS.d1380.s0.i11 1.0 -1.04195513347
DS.d1380.s0.i12 1.0 0.234019855571
DS.d1380.s0.i13 1.0 -0.0368340536407
DS.d1380.s1.i1 1.0 0.774859529149
DS.d1380.s1.i3 1.0 1.01713095928
DS.d1382.s0.i0 -1 -0.225599394879
DS.d1390.s0.i0 -1 -0.332067043876
DS.d1392.s0.i0 -1 0.302269709016
DS.d1396.s0.i0 -1 -0.100775301831
DS.d1396.s0.i1 -1 -0.132955744905
DS.d1396.s0.i2 -1 -0.665597703084
DS.d1396.s0.i3 -1 -0.44940503681
DS.d1397.s0.i0 -1 0.715552900103
DS.d1399.s0.i0 1.0 -0.256585312108
DS.d1399.s0.i1 1.0 -0.188025103749
DS.d1408.s0.i0 1.0 0.354914649742
DS.d1408.s0.i1 1.0 0.179812846868
DS.d1431.s0.i0 1.0 0.499175400088
DS.d1431.s0.i1 1.0 0.674875087258
DS.d1431.s0.i2 1.0 0.680389158459
DS.d1440.s0.i0 1.0 0.504205037543
DS.d1440.s1.i0 1.0 0.26818636754
DS.d1440.s1.i1 1.0 0.506750405849
DS.d1442.s0.i0 -1 -0.771176097855
DS.d1442.s0.i1 -1 0.0142760811087
DS.d1444.s0.i0 -1 -1.99752998465
DS.d1444.s0.i1 -1 -1.98988212589
DS.d1466.s0.i0 1.0 0.830489296362
DS.d1476.s0.i0 -1 -1.70726297292
DS.d1485.s0.i0 -1 -0.00334157641817
DS.d1490.s0.i0 -1 0.758935670323
DS.d1511.s0.i0 -1 -0.772783284565
DS.d1511.s0.i1 -1 -1.05394136191
DS.d1511.s0.i2 -1 -1.05394136191
DS.d1511.s0.i3 -1 -0.772783284565
DS.d1523.s0.i0 -1 -0.745115725071
DS.d1523.s0.i1 -1 -0.497451699548
DS.d1523.s0.i2 -1 -1.05297488412
DS.d1545.s0.i0 1.0 0.992502715763
DS.d1545.s0.i1 1.0 1.04041595331
DS.d1547.s0.i0 1.0 -0.517198961874
DS.d1547.s0.i1 1.0 -0.795087315257
DS.d1559.s0.i0 -1 -0.822842268432
DS.d1559.s1.i0 -1 -1.96925535337
DS.d1583.s0.i0 1.0 0.734331340591
DS.d1598.s0.i0 1.0 0.747906821994
DS.d1598.s1.i0 1.0 0.208436219781
DS.d1602.s0.i0 1.0 1.33164361642
DS.d1602.s1.i0 -1 -0.706903079007
DS.d1602.s1.i1 -1 -0.830254589282
DS.d1606.s0.i0 -1 -0.977097448633
DS.d1606.s0.i1 -1 -0.653428611959
DS.d1606.s0.i2 -1 -1.19404333454
DS.d1606.s0.i3 -1 -1.71568151508
DS.d1627.s0.i0 -1 0.386077648536
DS.d1631.s0.i0 1.0 1.12757867303
DS.d1648.s0.i1 1.0 1.21691398634
DS.d1650.s0.i1 1.0 -0.209161430405
DS.d1650.s0.i2 1.0 -0.639968357374
DS.d1668.s0.i0 1.0 2.164199829
DS.d1677.s0.i1 -1 -1.54889411449
DS.d1683.s0.i0 1.0 -0.775257888155
DS.d1683.s0.i1 1.0 -0.544120611962
DS.d1683.s1.i0 1.0 1.25066356825
DS.d1683.s1.i1 1.0 1.25066356825
DS.d1698.s0.i0 1.0 0.552556096913
DS.d1712.s1.i0 -1 -0.955473890003
DS.d1712.s1.i1 -1 0.135267880352
DS.d1737.s0.i0 1.0 0.771135209007
DS.d1750.s0.i0 -1 0.872055186651
DS.d1750.s0.i1 -1 -0.0365792849664
DS.d1758.s0.i0 -1 0.1543908055
DS.d1773.s0.i0 1.0 0.910397003935
DS.d1773.s0.i1 1.0 0.686402637355
DS.d1773.s0.i2 1.0 0.788368791703
DS.d1773.s0.i3 1.0 0.855837075001
DS.d1784.s0.i0 1.0 -0.207703152064
DS.d1784.s0.i1 1.0 -0.296897394076
DS.d1785.s0.i0 1.0 1.55775356372
DS.d1792.s0.i0 1.0 -0.529937308639
DS.d1802.s0.i0 -1 -0.66142592115
DS.d1811.s0.i0 1.0 0.845740767479
DS.d1813.s0.i0 1.0 1.73812934437
DS.d1813.s1.i0 1.0 1.17630567652
DS.d1813.s2.i0 1.0 1.22334752746
DS.d1834.s0.i0 -1 -0.128287446108
DS.d1851.s0.i0 1.0 -1.3418808837
DS.d1851.s0.i1 -1 -0.681796058726
DS.d1851.s0.i2 -1 -2.38388142105
DS.d1851.s0.i3 1.0 -0.149556876324
DS.d1851.s0.i4 -1 -1.10432016486
DS.d1851.s0.i5 -1 -0.54255433629
DS.d1857.s0.i0 1.0 -0.762276862123
DS.d1857.s1.i0 1.0 -0.770623270826
DS.d1857.s1.i1 1.0 0.220780392194
DS.d1876.s0.i0 1.0 1.73209195323
DS.d1876.s0.i1 1.0 1.30620890632
DS.d1883.s0.i0 1.0 1.32542245706
DS.d1883.s0.i1 1.0 1.29162993221
DS.d1892.s0.i0 -1 0.474185123797
DS.d1893.s0.i0 1.0 0.7848495865
DS.d1893.s0.i1 1.0 0.547934291335
