DS.d0.s0.i0 1.0 1.99526694948
DS.d0.s1.i0 -1 0.357166536736
DS.d0.s1.i1 -1 1.04486642847
DS.d5.s0.i0 -1 1.80363902911
DS.d5.s0.i1 1.0 1.124835855
DS.d5.s0.i2 -1 2.03485558929
DS.d9.s0.i0 1.0 2.22576427133
DS.d12.s0.i0 -1 0.0653449372607
DS.d16.s0.i0 1.0 0.882401295809
DS.d24.s0.i0 -1 -1.54876910895
DS.d24.s1.i0 1.0 -0.29353336123
DS.d40.s0.i0 1.0 1.40393813263
DS.d45.s0.i0 -1 0.0369441815138
DS.d45.s0.i1 -1 0.0369441815138
DS.d55.s0.i0 1.0 1.68720059147
DS.d58.s0.i0 1.0 1.37499029362
DS.d58.s1.i0 1.0 0.440614605833
DS.d58.s1.i1 1.0 0.817451706878
DS.d58.s2.i0 1.0 2.55137768078
DS.d58.s3.i0 1.0 0.758160068433
DS.d60.s0.i0 1.0 0.751051680225
DS.d67.s0.i0 -1 1.45573968118
DS.d67.s0.i1 -1 1.400625777
DS.d89.s0.i0 1.0 0.98960995552
DS.d92.s0.i0 1.0 1.5181940654
DS.d92.s1.i0 1.0 0.0928482340064
DS.d92.s2.i0 1.0 1.62771081512
DS.d92.s3.i0 1.0 1.45384954546
DS.d137.s0.i0 -1 0.462905087207
DS.d137.s1.i0 -1 0.467754064564
DS.d144.s0.i0 -1 -0.327482808706
DS.d160.s0.i0 -1 0.538557967503
DS.d160.s0.i1 -1 0.0685866264285
DS.d160.s0.i2 -1 -1.01562219141
DS.d160.s0.i3 -1 0.438001085509
DS.d160.s0.i4 -1 0.778093230617
DS.d160.s0.i5 -1 -0.0509663428175
DS.d170.s0.i0 1.0 1.98109422736
DS.d170.s0.i1 1.0 1.42205430125
DS.d177.s0.i0 -1 -0.266670930131
DS.d177.s0.i1 1.0 1.19588267846
DS.d177.s0.i2 1.0 2.1014958646
DS.d177.s0.i3 -1 0.224154613464
DS.d177.s0.i4 -1 -0.8203381504
DS.d177.s0.i5 -1 -1.21342376022
DS.d177.s0.i6 -1 1.13924719919
DS.d177.s0.i7 -1 0.621902906376
DS.d179.s0.i0 -1 -0.533244620348
DS.d179.s0.i1 -1 -1.0507493316
DS.d179.s0.i2 -1 -1.0278879566
DS.d179.s0.i3 -1 -0.785514492831
DS.d179.s0.i4 -1 -1.07524170866
DS.d179.s0.i5 -1 -0.545699324996
DS.d179.s0.i6 -1 -1.19742997998
DS.d179.s0.i7 -1 -0.63733362536
DS.d179.s0.i8 -1 -0.477678288614
DS.d179.s0.i9 -1 -0.477260606312
DS.d179.s0.i10 -1 -0.134955206166
DS.d179.s0.i11 -1 -0.485630729719
DS.d179.s0.i12 -1 -0.784637151432
DS.d179.s0.i13 -1 0.261763722944
DS.d179.s0.i14 -1 -1.37562498838
DS.d179.s0.i15 -1 -0.380410122203
DS.d179.s0.i16 -1 -1.01002455792
DS.d179.s0.i17 -1 -0.324801792837
DS.d179.s0.i18 -1 -0.163915298653
DS.d179.s0.i19 -1 -0.697072007933
DS.d179.s0.i20 -1 -0.110910444635
DS.d179.s0.i21 -1 0.0829802135373
DS.d179.s0.i22 -1 -0.307862974229
DS.d179.s0.i23 -1 -0.393628115332
DS.d179.s0.i24 -1 -0.944971192903
DS.d179.s0.i25 -1 -0.838265233449
DS.d179.s0.i26 -1 -1.25692858344
DS.d179.s0.i27 -1 -0.648341679509
DS.d179.s0.i28 -1 -1.25816990012
DS.d179.s0.i29 -1 -0.313850901029
DS.d179.s1.i0 1.0 0.759815874236
DS.d179.s1.i1 -1 -0.520335086578
DS.d179.s2.i0 1.0 1.2262275519
DS.d190.s0.i0 1.0 -0.165142804163
DS.d202.s0.i0 1.0 0.206712465791
DS.d223.s0.i0 1.0 0.312754831437
DS.d223.s0.i1 -1 -0.751288816968
DS.d223.s1.i0 1.0 1.16024079307
DS.d223.s1.i1 1.0 0.36117093861
DS.d244.s0.i0 1.0 0.108862934155
DS.d244.s0.i1 1.0 1.00210979403
DS.d244.s1.i0 1.0 1.532332069
DS.d263.s0.i0 1.0 0.370186885811
DS.d263.s0.i2 1.0 0.783160859951
DS.d263.s0.i3 1.0 1.16277473894
DS.d263.s0.i7 1.0 0.50471842062
DS.d263.s0.i9 1.0 0.50471842062
DS.d263.s0.i10 1.0 0.69704224452
DS.d263.s0.i13 1.0 0.375464377161
DS.d263.s1.i0 1.0 1.67910606398
DS.d265.s0.i0 1.0 3.52903624258
DS.d265.s0.i1 -1 0.332883819894
DS.d265.s1.i0 1.0 0.979630265827
DS.d265.s1.i1 1.0 1.33375993261
DS.d265.s1.i2 1.0 1.03512528085
DS.d265.s1.i3 1.0 1.37289243607
DS.d271.s0.i0 -1 1.07319347326
DS.d277.s0.i0 1.0 2.4633725792
DS.d279.s0.i0 1.0 2.44016445963
DS.d279.s1.i0 1.0 0.989926366059
DS.d279.s1.i1 -1 -0.414415890974
DS.d279.s2.i0 1.0 2.89823764303
DS.d279.s2.i1 -1 1.89922558283
DS.d279.s3.i0 1.0 2.31475523881
DS.d279.s3.i1 -1 1.44337490539
DS.d279.s4.i0 1.0 0.739787003931
DS.d279.s5.i0 1.0 2.39721665125
DS.d279.s6.i0 -1 -1.68859791771
DS.d279.s6.i1 -1 -1.68859791771
DS.d279.s6.i2 -1 -1.78220138857
DS.d279.s7.i0 1.0 1.59441365194
DS.d279.s7.i1 -1 0.28715221144
DS.d279.s7.i2 -1 0.418338100184
DS.d279.s8.i0 -1 0.778165244704
DS.d279.s8.i1 -1 -0.0156047369139
DS.d279.s9.i0 1.0 2.98048520526
DS.d279.s9.i1 1.0 0.989378012595
DS.d280.s0.i0 1.0 1.2118889538
DS.d281.s0.i0 1.0 0.424767381107
DS.d281.s1.i0 1.0 1.28644306751
DS.d281.s1.i1 1.0 1.41524335964
DS.d305.s0.i0 1.0 2.78263702049
DS.d305.s0.i1 1.0 1.39613230307
DS.d305.s0.i2 1.0 2.72169126074
DS.d305.s0.i3 1.0 1.51880977204
DS.d312.s0.i0 1.0 -0.388434858642
DS.d312.s0.i1 1.0 -0.513028222812
DS.d312.s0.i2 1.0 -0.181027750616
DS.d312.s0.i3 1.0 -0.513028222812
DS.d312.s0.i4 1.0 -0.346578385689
DS.d312.s0.i5 1.0 -0.451599977649
DS.d312.s0.i6 1.0 -0.311889137491
DS.d312.s0.i7 1.0 -0.346578385689
DS.d312.s0.i8 1.0 -0.306797989869
DS.d312.s0.i9 1.0 -0.140599644014
DS.d312.s0.i10 1.0 -0.0381747410804
DS.d318.s0.i0 1.0 1.23515437989
DS.d318.s0.i1 1.0 1.41598433158
DS.d327.s0.i0 1.0 1.78338497904
DS.d328.s0.i0 -1 -1.11830563952
DS.d328.s1.i0 1.0 1.38260269211
DS.d328.s1.i1 1.0 1.79321573532
DS.d336.s0.i0 1.0 1.62653703773
DS.d340.s0.i0 -1 0.135201261146
DS.d372.s0.i0 1.0 1.03498832867
DS.d372.s0.i1 1.0 0.914052853124
DS.d372.s1.i0 1.0 0.900612456874
DS.d372.s1.i1 -1 1.40876481463
DS.d372.s1.i2 1.0 0.506532161318
DS.d372.s1.i3 -1 0.683394024587
DS.d373.s0.i0 1.0 0.419036873058
DS.d374.s0.i0 1.0 1.72167813298
DS.d374.s1.i0 1.0 1.29391325337
DS.d374.s1.i1 1.0 1.17514883497
DS.d376.s0.i0 -1 1.08476540197
DS.d376.s0.i1 1.0 1.73449910008
DS.d376.s1.i1 -1 0.558849043459
DS.d376.s1.i2 -1 -0.15822408486
DS.d401.s0.i0 -1 -0.132629051562
DS.d401.s0.i1 -1 0.368891132166
DS.d407.s0.i0 -1 1.51080844738
DS.d423.s0.i0 1.0 2.1184486651
DS.d423.s0.i1 1.0 2.1184486651
DS.d423.s1.i0 1.0 2.03999105173
DS.d423.s1.i1 1.0 2.03999105173
DS.d426.s0.i0 1.0 0.632786722611
DS.d444.s0.i0 -1 -0.0365358292193
DS.d444.s0.i1 1.0 2.58995494948
DS.d444.s0.i2 -1 -0.26184834539
DS.d465.s0.i0 1.0 0.17420575962
DS.d465.s0.i1 1.0 -0.030621858143
DS.d465.s0.i2 1.0 -0.181020903875
DS.d479.s0.i0 1.0 -0.472995393081
DS.d487.s0.i0 1.0 1.86975752296
DS.d487.s0.i1 1.0 2.34632717378
DS.d487.s0.i2 1.0 1.99847179382
DS.d500.s0.i0 1.0 2.58166995519
DS.d509.s0.i0 -1 -0.0489218321612
DS.d509.s0.i1 -1 -0.00881081575137
DS.d509.s0.i2 -1 -0.32244535201
DS.d528.s0.i0 1.0 1.1740143335
DS.d528.s0.i1 1.0 1.47754144616
DS.d532.s0.i0 1.0 0.384036895141
DS.d544.s0.i1 -1 -0.0750705564101
DS.d544.s0.i3 1.0 0.419438224604
DS.d558.s0.i0 -1 0.778016855501
DS.d558.s1.i0 1.0 -0.850390297116
DS.d558.s1.i1 -1 -0.706296997382
DS.d571.s0.i0 -1 -0.596659323321
DS.d582.s0.i0 1.0 0.105735135068
DS.d584.s0.i0 1.0 0.129980497728
DS.d593.s0.i0 1.0 0.830397736665
DS.d597.s0.i0 -1 -1.1679190562
DS.d597.s0.i1 -1 -1.02870745941
DS.d597.s0.i2 -1 -1.07241086111
DS.d597.s0.i3 -1 -0.539652335161
DS.d597.s0.i4 -1 -0.884114384857
DS.d597.s0.i5 -1 -0.579065285535
DS.d613.s0.i0 1.0 0.649981182596
DS.d621.s0.i0 1.0 2.58679605542
DS.d621.s0.i1 1.0 1.32828532237
DS.d621.s1.i0 1.0 1.21543711047
DS.d621.s2.i0 -1 -0.949983711688
DS.d621.s2.i1 1.0 -0.618840642995
DS.d621.s3.i0 1.0 -0.627060031648
DS.d621.s4.i0 -1 -0.204093365127
DS.d621.s4.i1 1.0 1.3379646235
DS.d623.s0.i0 1.0 1.78549508884
DS.d623.s0.i1 1.0 1.77850523932
DS.d623.s1.i0 1.0 0.883219912298
DS.d623.s1.i1 1.0 0.785047602539
DS.d623.s2.i0 1.0 1.29716291656
DS.d623.s2.i1 1.0 0.92388651521
DS.d623.s2.i2 1.0 1.45330805803
DS.d623.s2.i3 1.0 1.71454310898
DS.d623.s3.i0 1.0 1.42442870984
DS.d623.s3.i1 1.0 1.6340047777
DS.d623.s4.i0 1.0 0.802130051154
DS.d623.s4.i1 -1 1.05439832597
DS.d623.s4.i2 1.0 1.07653691805
DS.d623.s4.i3 1.0 -0.100761799935
DS.d630.s0.i0 -1 -0.303242081047
DS.d630.s0.i1 -1 -0.424018285525
DS.d633.s0.i0 1.0 1.53277416773
DS.d633.s0.i1 1.0 1.56968820103
DS.d633.s0.i2 1.0 1.76997287368
DS.d633.s0.i3 1.0 1.4250118015
DS.d633.s1.i0 1.0 1.44975334596
DS.d633.s1.i1 1.0 1.42990258697
DS.d633.s1.i2 1.0 1.23230127172
DS.d633.s1.i3 1.0 1.60715167545
DS.d633.s2.i0 1.0 1.34448467497
DS.d633.s2.i1 1.0 1.24483104102
DS.d633.s3.i0 1.0 2.20434002595
DS.d633.s3.i1 1.0 2.26141538714
DS.d641.s0.i0 1.0 1.5734248324
DS.d641.s0.i1 1.0 1.04760946666
DS.d646.s0.i0 1.0 0.332073483223
DS.d646.s0.i1 1.0 0.332073483223
DS.d646.s0.i2 1.0 0.419587892548
DS.d646.s0.i3 1.0 0.529674798471
DS.d646.s0.i4 1.0 0.140831876278
DS.d646.s0.i5 1.0 0.332073483223
DS.d662.s0.i0 1.0 0.134607762619
DS.d662.s0.i1 1.0 0.984437414269
DS.d662.s0.i2 1.0 -0.45195483411
DS.d662.s0.i3 1.0 0.20867540815
DS.d688.s0.i0 1.0 1.59743216939
DS.d688.s1.i0 -1 0.521087925084
DS.d699.s0.i0 1.0 2.41897195478
DS.d699.s0.i1 1.0 2.41897195478
DS.d699.s1.i0 1.0 -1.23583581045
DS.d699.s1.i1 -1 -1.84392905804
DS.d699.s1.i2 -1 -1.92733659728
DS.d699.s2.i0 1.0 -0.00826278347835
DS.d701.s0.i0 -1 -1.75923028498
DS.d701.s0.i1 -1 -0.693522311173
DS.d708.s0.i0 -1 0.239608411538
DS.d723.s0.i0 1.0 0.616516272245
DS.d735.s0.i0 1.0 1.5636318732
DS.d735.s1.i0 -1 0.354074895663
DS.d735.s1.i1 -1 0.278044900011
DS.d735.s2.i0 1.0 1.30666644836
DS.d735.s2.i1 -1 1.22308541278
DS.d735.s3.i0 -1 0.857332695491
DS.d744.s0.i0 -1 -1.18797657196
DS.d744.s0.i1 -1 -1.03961443077
DS.d776.s0.i0 1.0 0.182037124299
DS.d776.s0.i1 1.0 0.182037124299
DS.d789.s0.i0 1.0 0.169300049668
DS.d789.s0.i1 1.0 0.169300049668
DS.d796.s0.i0 -1 -0.304783331339
DS.d796.s0.i1 -1 0.679728581663
DS.d796.s0.i2 -1 -0.304783331339
DS.d796.s0.i3 -1 -0.304783331339
DS.d796.s0.i4 -1 0.679728581663
DS.d796.s0.i5 -1 -0.304783331339
DS.d796.s1.i0 1.0 1.00537087827
DS.d796.s1.i1 1.0 1.10343904316
DS.d796.s1.i2 1.0 -0.0884679104087
DS.d814.s0.i0 -1 -0.312337319445
DS.d814.s0.i1 -1 0.657799386545
DS.d814.s0.i2 -1 0.233857241887
DS.d814.s1.i0 -1 -0.998904500018
DS.d814.s1.i1 -1 -1.08127163529
DS.d815.s0.i0 1.0 0.0239906702502
DS.d815.s0.i1 1.0 0.305465585249
DS.d815.s0.i2 1.0 0.278804711683
DS.d825.s0.i0 1.0 0.114268191305
DS.d825.s0.i1 1.0 0.421760116591
DS.d825.s0.i2 1.0 0.597593256009
DS.d825.s0.i3 1.0 0.420543666848
DS.d825.s0.i4 1.0 0.802290289713
DS.d825.s0.i5 1.0 0.736462153898
DS.d825.s0.i6 1.0 0.338069412519
DS.d825.s0.i7 1.0 0.0728385973119
DS.d825.s1.i0 -1 1.41936871797
DS.d825.s1.i1 -1 0.788176854634
DS.d825.s1.i2 -1 1.41936871797
DS.d825.s1.i3 -1 -0.0710756426837
DS.d825.s1.i4 1.0 0.850929072709
DS.d825.s1.i5 1.0 0.850929072709
DS.d825.s2.i0 -1 -0.0401499781345
DS.d825.s2.i1 -1 -0.0401499781345
DS.d834.s0.i0 -1 -1.90158764701
DS.d834.s0.i1 -1 -1.45687907781
DS.d834.s0.i2 -1 -1.71673411934
DS.d834.s0.i3 -1 -1.39317099367
DS.d838.s0.i0 -1 0.563393368111
DS.d838.s0.i1 1.0 1.71428250751
DS.d838.s0.i2 1.0 0.561407374701
DS.d853.s0.i0 1.0 -0.322617542428
DS.d865.s0.i0 1.0 1.14260480752
DS.d865.s0.i1 1.0 1.02811389817
DS.d881.s0.i0 1.0 1.02656489207
DS.d881.s0.i1 1.0 1.32198223305
DS.d903.s0.i0 1.0 0.41292010478
DS.d903.s0.i1 1.0 0.00213467370859
DS.d914.s0.i0 -1 0.162477414658
DS.d916.s0.i0 -1 -0.74364748066
DS.d916.s0.i1 -1 -0.675772244241
DS.d929.s0.i0 1.0 -1.0421552308
DS.d929.s0.i1 1.0 -0.806567666562
DS.d929.s0.i2 1.0 -0.842604586531
DS.d929.s0.i3 1.0 0.197300461939
DS.d929.s0.i4 1.0 -0.701286095335
DS.d929.s0.i5 -1 -0.914406975055
DS.d929.s0.i6 -1 -1.0149449752
DS.d950.s0.i0 1.0 -1.08962407084
DS.d952.s0.i0 -1 0.838382275818
DS.d952.s0.i1 -1 -0.235422650219
DS.d952.s1.i0 -1 -0.981892111751
DS.d952.s1.i1 -1 -1.37158612848
DS.d952.s1.i2 -1 -0.967288764546
DS.d952.s1.i3 -1 -1.08708845433
DS.d952.s2.i0 -1 1.54619013722
DS.d952.s3.i0 -1 -0.986822458424
DS.d952.s3.i1 -1 -0.757031645275
DS.d952.s3.i2 -1 -1.34298962713
DS.d954.s0.i0 -1 -0.292318282283
DS.d964.s0.i0 -1 0.764636981844
DS.d964.s1.i0 -1 -0.428132492961
DS.d964.s1.i1 1.0 -0.0777782947403
DS.d964.s2.i0 -1 1.03252736776
DS.d995.s0.i0 -1 -0.686248665863
DS.d995.s1.i0 1.0 0.86478731465
DS.d995.s1.i1 1.0 1.27387931224
DS.d995.s2.i0 1.0 0.82294349473
DS.d995.s3.i0 1.0 1.00328306754
DS.d1013.s0.i0 1.0 0.397306868356
DS.d1013.s0.i1 -1 0.372985661386
DS.d1013.s1.i0 1.0 1.38334168262
DS.d1013.s1.i1 1.0 1.76239170203
DS.d1013.s1.i2 1.0 1.38334168262
DS.d1024.s0.i0 -1 -0.62591529492
DS.d1024.s0.i1 -1 -1.3330209767
DS.d1024.s0.i2 -1 -0.822803533226
DS.d1024.s0.i3 -1 -0.067146233293
DS.d1024.s0.i4 -1 -0.509806442155
DS.d1024.s0.i5 -1 0.0345423034154
DS.d1024.s0.i6 -1 -0.900268116875
DS.d1024.s0.i7 -1 -0.733182941766
DS.d1024.s0.i8 -1 -0.938093714546
DS.d1024.s0.i9 -1 -1.21630284889
DS.d1024.s1.i0 -1 0.301813407994
DS.d1024.s1.i1 -1 -1.17353210542
DS.d1024.s2.i0 -1 -1.52236372879
DS.d1024.s2.i1 -1 -1.96246986236
DS.d1026.s0.i0 1.0 1.12012234451
DS.d1026.s1.i0 1.0 1.46399952991
DS.d1029.s0.i0 1.0 0.499166555038
DS.d1029.s0.i1 1.0 -0.148746738539
DS.d1029.s0.i2 1.0 0.865112046778
DS.d1034.s0.i0 -1 0.642320713107
DS.d1034.s1.i0 -1 -0.635132301701
DS.d1063.s0.i0 1.0 1.04934188312
DS.d1063.s0.i1 1.0 1.02292508051
DS.d1074.s0.i0 -1 1.3496468454
DS.d1074.s1.i0 -1 1.74936049376
DS.d1078.s0.i0 1.0 -0.0989270597169
DS.d1079.s0.i0 1.0 1.68597662137
DS.d1079.s1.i0 -1 -0.736332323922
DS.d1099.s0.i0 1.0 0.438096997165
DS.d1106.s0.i0 -1 -1.23955405569
DS.d1106.s1.i0 -1 -0.974379164375
DS.d1115.s0.i0 1.0 -0.516050215509
DS.d1115.s1.i0 -1 -1.10864203366
DS.d1115.s1.i1 -1 -1.36252579143
DS.d1115.s1.i2 -1 -1.43070346671
DS.d1115.s1.i3 -1 -1.58710063955
DS.d1139.s0.i0 1.0 0.368280097209
DS.d1149.s0.i0 1.0 0.0881843309584
DS.d1153.s0.i0 -1 1.68839804273
DS.d1157.s0.i0 -1 0.581619236886
DS.d1157.s0.i1 -1 -0.0687631405076
DS.d1157.s0.i2 -1 0.323443879141
DS.d1177.s0.i0 -1 -0.239401819429
DS.d1177.s0.i1 -1 -1.02701298027
DS.d1177.s0.i2 -1 -0.71481969417
DS.d1177.s0.i3 -1 0.928290455089
DS.d1186.s0.i0 1.0 0.601532665141
DS.d1186.s1.i0 1.0 1.71738626093
DS.d1187.s0.i0 -1 -0.799956730385
DS.d1187.s0.i1 -1 -1.01746440959
DS.d1187.s0.i2 -1 -0.0535441269302
DS.d1187.s0.i3 -1 -0.204922498938
DS.d1187.s1.i0 1.0 0.273923185571
DS.d1197.s0.i0 -1 0.240767697262
DS.d1204.s0.i0 -1 1.25104978681
DS.d1204.s0.i1 -1 2.43183307609
DS.d1204.s1.i0 1.0 1.88183589437
DS.d1204.s1.i1 -1 1.78654914687
DS.d1204.s2.i0 -1 -0.729005381664
DS.d1212.s0.i0 -1 -0.452728053767
DS.d1212.s0.i1 -1 -0.615241950345
DS.d1212.s0.i2 -1 -0.108752399663
DS.d1212.s0.i3 -1 -0.198745366089
DS.d1212.s0.i4 -1 0.0221934803111
DS.d1212.s0.i5 -1 -1.01332803228
DS.d1212.s0.i6 -1 -0.468398732104
DS.d1212.s0.i7 -1 -0.268180512755
DS.d1212.s0.i8 -1 -0.396287241596
DS.d1212.s0.i9 -1 -0.531140564645
DS.d1212.s0.i10 -1 -0.0212885673991
DS.d1212.s0.i11 -1 -0.423942010676
DS.d1212.s1.i0 -1 -1.89427849553
DS.d1212.s1.i1 -1 -1.02025428924
DS.d1212.s1.i2 -1 -1.13407883485
DS.d1212.s1.i3 -1 -0.854905644907
DS.d1212.s1.i4 -1 -2.12697168747
DS.d1212.s1.i5 -1 -1.29942747918
DS.d1212.s2.i0 -1 -0.538423927762
DS.d1212.s2.i1 -1 -1.62880862853
DS.d1228.s0.i0 1.0 -0.207268786161
DS.d1228.s1.i0 -1 0.156114529426
DS.d1239.s0.i0 -1 -0.691202841137
DS.d1242.s0.i0 1.0 -0.833663962185
DS.d1242.s0.i1 -1 1.24610548569
DS.d1253.s0.i0 1.0 -0.0998230497629
DS.d1253.s0.i1 1.0 0.169551777558
DS.d1273.s0.i0 1.0 1.0303659955
DS.d1273.s0.i1 1.0 1.36766295444
DS.d1273.s0.i2 1.0 1.04169594542
DS.d1278.s0.i0 1.0 1.31631405177
DS.d1300.s0.i0 1.0 2.20267387318
DS.d1309.s0.i0 1.0 1.26993188002
DS.d1312.s0.i0 1.0 0.26255945147
DS.d1312.s0.i1 1.0 0.744269884524
DS.d1354.s0.i0 -1 -0.170009607339
DS.d1354.s0.i1 -1 0.276488774382
DS.d1373.s0.i0 1.0 0.947319425013
DS.d1373.s1.i1 1.0 1.38618122827
DS.d1375.s0.i0 -1 0.396802230789
DS.d1375.s0.i1 -1 0.392947310001
DS.d1380.s0.i1 1.0 -0.459028580497
DS.d1380.s0.i3 1.0 -0.530598862505
DS.d1380.s0.i4 1.0 -0.104478274009
DS.d1380.s0.i5 1.0 1.36524418544
DS.d1380.s0.i6 1.0 0.825940276376
DS.d1380.s0.i7 1.0 0.898790936338
DS.d1380.s0.i10 1.0 -0.161675161401
DS.d1380.s0.i11 1.0 -0.554743726683
DS.d1380.s0.i12 1.0 1.19140781189
DS.d1380.s0.i13 1.0 0.850085140555
DS.d1380.s1.i1 1.0 1.02899081703
DS.d1380.s1.i3 1.0 1.12167645109
DS.d1382.s0.i0 -1 -0.507289216287
DS.d1390.s0.i0 -1 -0.509082833898
DS.d1392.s0.i0 -1 -0.197047177701
DS.d1396.s0.i0 -1 0.16469890291
DS.d1396.s0.i1 -1 -0.179762721429
DS.d1396.s0.i2 -1 -0.383329552466
DS.d1396.s0.i3 -1 -0.340688273002
DS.d1397.s0.i0 -1 0.873665657321
DS.d1399.s0.i0 1.0 -0.466727705519
DS.d1399.s0.i1 1.0 -0.820950087324
DS.d1408.s0.i0 1.0 0.726959774916
DS.d1408.s0.i1 1.0 0.729240664043
DS.d1431.s0.i0 1.0 0.844900691071
DS.d1431.s0.i1 1.0 0.208959734463
DS.d1431.s0.i2 1.0 0.711841469692
DS.d1440.s0.i0 1.0 0.707457062951
DS.d1440.s1.i0 1.0 0.867173736563
DS.d1440.s1.i1 1.0 1.16138305789
DS.d1442.s0.i0 -1 -0.227205680648
DS.d1442.s0.i1 -1 0.709662573127
DS.d1444.s0.i0 -1 -1.28375100651
DS.d1444.s0.i1 -1 -1.06348970624
DS.d1466.s0.i0 1.0 0.800041653383
DS.d1476.s0.i0 -1 -1.82228294827
DS.d1485.s0.i0 -1 0.863071930731
DS.d1490.s0.i0 -1 0.84372600457
DS.d1511.s0.i0 -1 -0.669935959244
DS.d1511.s0.i1 -1 -0.558085188017
DS.d1511.s0.i2 -1 -0.558085188017
DS.d1511.s0.i3 -1 -0.669935959244
DS.d1523.s0.i0 -1 0.0318214991994
DS.d1523.s0.i1 -1 0.141099139704
DS.d1523.s0.i2 -1 -0.907318112014
DS.d1545.s0.i0 1.0 1.99775997754
DS.d1545.s0.i1 1.0 1.37405249277
DS.d1547.s0.i0 1.0 -0.165094046232
DS.d1547.s0.i1 1.0 0.385959817457
DS.d1559.s0.i0 -1 -0.324258506166
DS.d1559.s1.i0 -1 -1.72655150752
DS.d1583.s0.i0 1.0 0.740651781636
DS.d1598.s0.i0 1.0 0.59531497731
DS.d1598.s1.i0 1.0 0.491169680773
DS.d1602.s0.i0 1.0 2.25000048853
DS.d1602.s1.i0 -1 -0.914594287458
DS.d1602.s1.i1 -1 -1.2081776858
DS.d1606.s0.i0 -1 0.0759883490986
DS.d1606.s0.i1 -1 -0.0633458189919
DS.d1606.s0.i2 -1 -1.16390310266
DS.d1606.s0.i3 -1 -1.32616289044
DS.d1627.s0.i0 -1 0.602141852804
DS.d1631.s0.i0 1.0 1.46892164353
DS.d1648.s0.i1 1.0 1.22365458997
DS.d1650.s0.i1 1.0 -0.215398690238
DS.d1650.s0.i2 1.0 -0.310047550457
DS.d1668.s0.i0 1.0 1.73545316983
DS.d1677.s0.i1 -1 -0.748494770617
DS.d1683.s0.i0 1.0 -1.00987369658
DS.d1683.s0.i1 1.0 -0.819571139037
DS.d1683.s1.i0 1.0 2.41900354706
DS.d1683.s1.i1 1.0 2.41900354706
DS.d1698.s0.i0 1.0 0.823087281326
DS.d1712.s1.i0 -1 -0.603818166226
DS.d1712.s1.i1 -1 -0.0658086166387
DS.d1737.s0.i0 1.0 0.930267666224
DS.d1750.s0.i0 -1 1.63855601469
DS.d1750.s0.i1 -1 0.505021728392
DS.d1758.s0.i0 -1 0.380136993787
DS.d1773.s0.i0 1.0 0.536117670029
DS.d1773.s0.i1 1.0 1.7008260089
DS.d1773.s0.i2 1.0 1.35315133584
DS.d1773.s0.i3 1.0 0.915187609139
DS.d1784.s0.i0 1.0 0.470407122998
DS.d1784.s0.i1 1.0 0.51182519666
DS.d1785.s0.i0 1.0 2.07930489038
DS.d1792.s0.i0 1.0 -0.577804675982
DS.d1802.s0.i0 -1 0.102940009312
DS.d1811.s0.i0 1.0 0.972146626156
DS.d1813.s0.i0 1.0 2.31268120324
DS.d1813.s1.i0 1.0 0.92429783612
DS.d1813.s2.i0 1.0 1.7654918029
DS.d1834.s0.i0 -1 -0.0625892278929
DS.d1851.s0.i0 1.0 -1.03894652619
DS.d1851.s0.i1 -1 0.262214686736
DS.d1851.s0.i2 -1 -1.29692873546
DS.d1851.s0.i3 1.0 -0.108460066178
DS.d1851.s0.i4 -1 -0.0907427417634
DS.d1851.s0.i5 -1 0.251994551646
DS.d1857.s0.i0 1.0 -0.0682536076571
DS.d1857.s1.i0 1.0 -0.91604381997
DS.d1857.s1.i1 1.0 -0.58065206155
DS.d1876.s0.i0 1.0 2.30181191603
DS.d1876.s0.i1 1.0 1.8676951023
DS.d1883.s0.i0 1.0 1.15084412905
DS.d1883.s0.i1 1.0 1.17588519839
DS.d1892.s0.i0 -1 0.872769545281
DS.d1893.s0.i0 1.0 1.03892624745
DS.d1893.s0.i1 1.0 1.40805760505
