DS2.d61.s3.i0 1.000000 0.230688
DS2.d61.s2.i1 1.000000 0.459042
DS2.d61.s2.i0 1.000000 0.465099
DS2.d61.s1.i0 -1.000000 0.150877
DS2.d61.s0.i1 1.000000 0.281947
DS2.d61.s0.i0 1.000000 0.345348
DS2.d63.s0.i1 1.000000 -0.184024
DS2.d63.s0.i0 -1.000000 -1.024014
DS2.d335.s0.i0 1.000000 0.522791
DS2.d304.s0.i0 -1.000000 0.089485
DS2.d336.s0.i1 -1.000000 -0.635544
DS2.d336.s0.i0 -1.000000 -0.540267
DS2.d336.s0.i3 -1.000000 -0.568490
DS2.d336.s0.i2 -1.000000 -0.495207
DS2.d234.s0.i0 1.000000 0.627331
DS2.d234.s0.i1 -1.000000 0.162583
DS2.d873.s0.i0 1.000000 1.417630
DS2.d167.s0.i1 1.000000 0.147652
DS2.d167.s0.i0 1.000000 0.710455
DS2.d167.s0.i2 1.000000 0.737081
DS2.d940.s0.i0 1.000000 1.128205
DS2.d638.s0.i2 1.000000 0.714227
DS2.d638.s0.i3 1.000000 0.754487
DS2.d638.s0.i0 1.000000 0.758652
DS2.d638.s0.i1 1.000000 0.784221
DS2.d638.s1.i1 -1.000000 -0.135081
DS2.d638.s1.i0 -1.000000 -0.133001
DS2.d638.s2.i0 1.000000 -0.406078
DS2.d638.s2.i1 1.000000 -0.570367
DS2.d638.s3.i2 1.000000 0.734672
DS2.d638.s3.i1 1.000000 1.035086
DS2.d638.s3.i0 1.000000 0.693668
DS2.d16.s1.i2 1.000000 0.330187
DS2.d16.s1.i0 1.000000 0.238758
DS2.d16.s1.i1 1.000000 0.404110
DS2.d16.s0.i0 -1.000000 -0.251036
DS2.d734.s0.i0 -1.000000 -0.073862
DS2.d531.s0.i0 1.000000 0.220136
DS2.d531.s1.i0 1.000000 0.608637
DS2.d11.s0.i0 1.000000 -0.040186
DS2.d11.s1.i0 1.000000 1.470902
DS2.d960.s0.i0 -1.000000 -0.660074
DS2.d51.s0.i0 1.000000 0.337426
DS2.d51.s0.i1 1.000000 0.422450
DS2.d12.s1.i2 -1.000000 -0.648517
DS2.d12.s1.i3 -1.000000 -0.544811
DS2.d12.s1.i0 -1.000000 -0.752295
DS2.d12.s1.i1 -1.000000 -0.836779
DS2.d12.s0.i1 -1.000000 -1.158017
DS2.d12.s0.i0 -1.000000 -1.314117
DS2.d12.s0.i3 -1.000000 -1.443021
DS2.d12.s0.i2 -1.000000 -1.318532
DS2.d583.s0.i3 1.000000 0.821101
DS2.d583.s0.i2 1.000000 0.821101
DS2.d583.s0.i1 1.000000 0.808379
DS2.d583.s0.i0 1.000000 0.808379
DS2.d581.s0.i0 -1.000000 -0.166979
DS2.d228.s1.i0 1.000000 -0.159723
DS2.d228.s1.i1 1.000000 -0.439033
DS2.d228.s0.i0 1.000000 0.244202
DS2.d227.s0.i0 -1.000000 -0.114532
DS2.d227.s1.i0 -1.000000 -0.065851
DS2.d170.s0.i1 1.000000 0.428541
DS2.d170.s0.i0 1.000000 0.425586
DS2.d507.s0.i0 -1.000000 0.026846
DS2.d179.s0.i0 -1.000000 0.731818
DS2.d179.s1.i1 -1.000000 -0.287202
DS2.d179.s1.i0 -1.000000 -0.323061
DS2.d741.s0.i0 1.000000 0.678565
DS2.d198.s0.i1 1.000000 0.405587
DS2.d198.s0.i0 1.000000 1.234105
DS2.d47.s0.i2 -1.000000 -0.190372
DS2.d47.s0.i1 -1.000000 0.083433
DS2.d47.s0.i0 -1.000000 -0.007897
DS2.d45.s0.i1 -1.000000 0.501026
DS2.d45.s0.i0 -1.000000 0.670211
DS2.d45.s0.i3 -1.000000 0.562896
DS2.d45.s0.i2 -1.000000 0.579296
DS2.d595.s0.i0 1.000000 1.117818
DS2.d595.s1.i0 1.000000 0.551396
DS2.d895.s0.i0 1.000000 0.993092
DS2.d890.s0.i0 1.000000 0.344248
DS2.d217.s0.i5 -1.000000 0.425370
DS2.d217.s0.i4 -1.000000 0.388215
DS2.d217.s0.i3 -1.000000 0.221396
DS2.d217.s0.i2 -1.000000 0.268177
DS2.d217.s0.i1 -1.000000 0.350788
DS2.d217.s0.i0 -1.000000 0.347132
DS2.d214.s0.i0 1.000000 0.110919
DS2.d592.s0.i0 1.000000 0.360780
DS2.d757.s0.i0 -1.000000 -1.072282
DS2.d757.s0.i1 -1.000000 -1.142258
DS2.d757.s1.i1 -1.000000 -0.773873
DS2.d757.s1.i0 -1.000000 -0.902206
DS2.d757.s2.i0 -1.000000 -1.262131
DS2.d757.s2.i1 -1.000000 -1.152053
DS2.d757.s3.i1 -1.000000 -0.741386
DS2.d757.s3.i0 -1.000000 -0.754390
DS2.d868.s0.i0 1.000000 0.724228
DS2.d755.s0.i0 1.000000 0.872055
DS2.d755.s0.i1 1.000000 1.109857
DS2.d618.s0.i0 1.000000 1.066625
DS2.d945.s0.i1 -1.000000 0.471179
DS2.d945.s0.i0 -1.000000 0.511750
DS2.d614.s0.i0 -1.000000 -0.544018
DS2.d614.s0.i1 -1.000000 -0.312066
DS2.d867.s0.i0 1.000000 0.974802
DS2.d867.s0.i1 1.000000 1.120201
DS2.d866.s0.i0 1.000000 -0.152841
DS2.d927.s1.i0 1.000000 0.248680
DS2.d927.s0.i0 1.000000 0.370920
DS2.d37.s0.i0 1.000000 0.435943
DS2.d1047.s0.i0 1.000000 0.819633
DS2.d1047.s1.i1 1.000000 0.469621
DS2.d1047.s1.i0 1.000000 0.469621
DS2.d204.s1.i0 -1.000000 0.155578
DS2.d204.s0.i0 -1.000000 -0.274358
DS2.d274.s0.i0 1.000000 -0.511815
DS2.d274.s1.i0 -1.000000 -0.117184
DS2.d361.s0.i0 1.000000 0.801741
DS2.d765.s0.i0 -1.000000 -0.319703
DS2.d540.s0.i0 1.000000 0.976876
DS2.d777.s0.i0 1.000000 0.435708
DS2.d21.s0.i0 -1.000000 0.278025
DS2.d938.s1.i0 1.000000 0.003518
DS2.d938.s0.i0 1.000000 1.323461
DS2.d938.s2.i0 -1.000000 0.179834
DS2.d373.s0.i0 1.000000 0.986629
DS2.d373.s1.i0 1.000000 0.051521
DS2.d779.s0.i0 1.000000 -0.030385
DS2.d277.s0.i0 -1.000000 -0.008484
DS2.d774.s2.i1 -1.000000 -0.545517
DS2.d774.s2.i0 -1.000000 -0.508214
DS2.d774.s1.i0 -1.000000 -0.042933
DS2.d774.s1.i1 -1.000000 -0.417969
DS2.d774.s1.i2 -1.000000 -0.048841
DS2.d774.s0.i1 -1.000000 -1.762701
DS2.d774.s0.i0 -1.000000 -1.772704
DS2.d122.s2.i0 -1.000000 -0.409969
DS2.d122.s3.i1 -1.000000 -0.276696
DS2.d122.s3.i0 -1.000000 -0.291725
DS2.d122.s3.i2 -1.000000 -0.411848
DS2.d122.s0.i0 -1.000000 -0.731191
DS2.d122.s0.i1 -1.000000 -0.616914
DS2.d122.s1.i3 -1.000000 -0.296545
DS2.d122.s1.i2 -1.000000 0.142347
DS2.d122.s1.i1 -1.000000 -0.111402
DS2.d122.s1.i0 -1.000000 -0.308508
DS2.d127.s0.i0 1.000000 0.809338
DS2.d809.s0.i0 1.000000 0.047730
DS2.d806.s1.i0 1.000000 0.784087
DS2.d806.s1.i1 1.000000 0.948187
DS2.d806.s0.i0 1.000000 0.708649
DS2.d905.s1.i0 1.000000 -0.677995
DS2.d905.s0.i1 1.000000 0.634381
DS2.d905.s0.i0 1.000000 0.598729
DS2.d3.s0.i0 1.000000 0.768578
DS2.d989.s1.i0 1.000000 0.254803
DS2.d989.s0.i1 1.000000 -0.469487
DS2.d989.s0.i0 1.000000 -0.401434
DS2.d989.s0.i3 1.000000 -0.471189
DS2.d989.s0.i2 1.000000 -0.499130
DS2.d989.s0.i4 1.000000 -0.471761
DS2.d986.s0.i0 1.000000 0.492785
DS2.d261.s0.i0 1.000000 -0.233301
DS2.d261.s0.i1 1.000000 -0.208665
DS2.d261.s0.i2 1.000000 -0.283969
DS2.d785.s0.i0 1.000000 0.362649
DS2.d131.s0.i0 1.000000 0.100291
DS2.d134.s1.i0 -1.000000 0.151711
DS2.d134.s1.i1 1.000000 0.246076
DS2.d134.s0.i0 -1.000000 0.775450
DS2.d134.s2.i0 -1.000000 0.877485
DS2.d708.s0.i0 1.000000 0.231192
DS2.d708.s0.i1 1.000000 0.109365
DS2.d387.s1.i0 1.000000 -0.181541
DS2.d387.s0.i1 1.000000 -0.020762
DS2.d387.s0.i0 1.000000 0.237790
DS2.d703.s0.i0 -1.000000 0.888251
DS2.d542.s0.i0 1.000000 0.565658
DS2.d706.s0.i0 1.000000 0.755084
DS2.d859.s0.i0 1.000000 0.688627
DS2.d215.s0.i0 1.000000 0.437957
DS2.d184.s0.i0 1.000000 0.738497
DS2.d315.s0.i0 1.000000 1.111915
DS2.d312.s0.i2 -1.000000 -0.817735
DS2.d312.s0.i1 -1.000000 -0.796374
DS2.d312.s0.i0 -1.000000 -0.834396
DS2.d524.s0.i0 -1.000000 0.355074
DS2.d524.s0.i1 -1.000000 0.356134
DS2.d254.s0.i0 -1.000000 -1.143247
DS2.d250.s0.i0 1.000000 0.852254
DS2.d418.s0.i0 -1.000000 -1.585173
DS2.d418.s0.i1 -1.000000 -1.248695
DS2.d96.s1.i0 -1.000000 0.604008
DS2.d96.s1.i1 -1.000000 0.522740
DS2.d96.s0.i0 -1.000000 0.263170
DS2.d102.s0.i0 1.000000 1.282847
DS2.d826.s0.i5 -1.000000 -0.650028
DS2.d826.s0.i4 -1.000000 -0.524906
DS2.d826.s0.i7 -1.000000 -0.691593
DS2.d826.s0.i6 -1.000000 -0.426698
DS2.d826.s0.i1 -1.000000 -0.529538
DS2.d826.s0.i0 -1.000000 -0.638545
DS2.d826.s0.i3 -1.000000 -0.592996
DS2.d826.s0.i2 -1.000000 -0.566935
DS2.d826.s0.i10 -1.000000 -0.628346
DS2.d826.s0.i9 -1.000000 -0.715519
DS2.d826.s0.i8 -1.000000 -0.614139
DS2.d826.s0.i11 -1.000000 -0.703478
DS2.d826.s0.i12 -1.000000 -0.601608
DS2.d826.s0.i13 -1.000000 -0.583364
DS2.d555.s0.i0 1.000000 0.402673
DS2.d555.s1.i1 1.000000 0.671208
DS2.d555.s1.i0 1.000000 0.682181
DS2.d557.s0.i0 1.000000 0.112881
DS2.d556.s1.i2 1.000000 0.392706
DS2.d556.s1.i0 -1.000000 0.070686
DS2.d556.s1.i1 -1.000000 -0.163694
DS2.d556.s0.i1 1.000000 -0.581866
DS2.d556.s0.i0 1.000000 -0.449965
DS2.d556.s0.i2 1.000000 -0.309991
DS2.d558.s0.i0 1.000000 0.858170
DS2.d18.s0.i2 1.000000 0.167736
DS2.d18.s0.i1 1.000000 0.180842
DS2.d18.s0.i0 1.000000 -0.167761
DS2.d76.s1.i0 1.000000 0.586159
DS2.d76.s1.i1 1.000000 0.586159
DS2.d76.s1.i2 1.000000 0.297677
DS2.d76.s1.i3 1.000000 0.494368
DS2.d76.s1.i4 1.000000 0.494368
DS2.d76.s1.i5 1.000000 0.378399
DS2.d76.s0.i1 1.000000 0.743318
DS2.d76.s0.i0 1.000000 0.743318
DS2.d75.s0.i0 1.000000 0.869456
DS2.d75.s0.i1 -1.000000 0.969904
DS2.d405.s0.i0 1.000000 0.305021
DS2.d405.s0.i1 -1.000000 0.517220
DS2.d405.s0.i2 -1.000000 0.084306
DS2.d405.s0.i3 1.000000 0.498787
DS2.d196.s1.i0 1.000000 0.990063
DS2.d196.s0.i0 1.000000 0.288016
DS2.d326.s0.i0 1.000000 0.058721
DS2.d326.s1.i1 1.000000 0.592172
DS2.d326.s1.i0 1.000000 0.291347
DS2.d481.s0.i0 -1.000000 -0.004096
DS2.d246.s0.i1 -1.000000 0.210081
DS2.d246.s0.i0 -1.000000 0.261498
DS2.d117.s0.i0 1.000000 0.580036
DS2.d117.s0.i1 1.000000 0.682870
DS2.d119.s0.i0 1.000000 0.595306
DS2.d409.s0.i0 1.000000 0.593331
DS2.d642.s0.i1 1.000000 0.208875
DS2.d642.s0.i0 1.000000 0.253426
DS2.d919.s0.i0 1.000000 0.854148
DS2.d527.s0.i1 -1.000000 0.558485
DS2.d527.s0.i0 -1.000000 0.820896
DS2.d726.s0.i2 1.000000 0.727113
DS2.d726.s0.i0 1.000000 0.727113
DS2.d726.s0.i1 1.000000 0.721803
DS2.d913.s2.i0 1.000000 0.531612
DS2.d913.s0.i0 1.000000 0.700306
DS2.d913.s1.i0 1.000000 0.813639
DS2.d721.s0.i0 -1.000000 1.306648
