DS2.d61.s3.i0 1.000000 0.367713
DS2.d61.s2.i1 1.000000 0.447801
DS2.d61.s2.i0 1.000000 0.431537
DS2.d61.s1.i0 -1.000000 0.172333
DS2.d61.s0.i1 1.000000 0.370024
DS2.d61.s0.i0 1.000000 0.346376
DS2.d63.s0.i1 1.000000 -0.417975
DS2.d63.s0.i0 -1.000000 -0.943433
DS2.d335.s0.i0 1.000000 0.495616
DS2.d304.s0.i0 -1.000000 0.089779
DS2.d336.s0.i1 -1.000000 -0.608743
DS2.d336.s0.i0 -1.000000 -0.579218
DS2.d336.s0.i3 -1.000000 -0.597412
DS2.d336.s0.i2 -1.000000 -0.580222
DS2.d234.s0.i0 1.000000 0.555346
DS2.d234.s0.i1 -1.000000 0.175582
DS2.d873.s0.i0 1.000000 1.241914
DS2.d167.s0.i1 1.000000 0.173216
DS2.d167.s0.i0 1.000000 0.649959
DS2.d167.s0.i2 1.000000 0.636497
DS2.d940.s0.i0 1.000000 1.002961
DS2.d638.s0.i2 1.000000 0.705214
DS2.d638.s0.i3 1.000000 0.728533
DS2.d638.s0.i0 1.000000 0.750732
DS2.d638.s0.i1 1.000000 0.758290
DS2.d638.s1.i1 -1.000000 -0.079309
DS2.d638.s1.i0 -1.000000 -0.072423
DS2.d638.s2.i0 1.000000 -0.266261
DS2.d638.s2.i1 1.000000 -0.377752
DS2.d638.s3.i2 1.000000 0.748387
DS2.d638.s3.i1 1.000000 0.830471
DS2.d638.s3.i0 1.000000 0.601692
DS2.d16.s1.i2 1.000000 0.267145
DS2.d16.s1.i0 1.000000 0.165211
DS2.d16.s1.i1 1.000000 0.314688
DS2.d16.s0.i0 -1.000000 -0.122422
DS2.d734.s0.i0 -1.000000 0.032318
DS2.d531.s0.i0 1.000000 0.243168
DS2.d531.s1.i0 1.000000 0.539527
DS2.d11.s0.i0 1.000000 -0.158558
DS2.d11.s1.i0 1.000000 1.116368
DS2.d960.s0.i0 -1.000000 -0.546106
DS2.d51.s0.i0 1.000000 0.334914
DS2.d51.s0.i1 1.000000 0.412990
DS2.d12.s1.i2 -1.000000 -0.512390
DS2.d12.s1.i3 -1.000000 -0.450338
DS2.d12.s1.i0 -1.000000 -0.616248
DS2.d12.s1.i1 -1.000000 -0.653749
DS2.d12.s0.i1 -1.000000 -1.035689
DS2.d12.s0.i0 -1.000000 -1.206158
DS2.d12.s0.i3 -1.000000 -1.303919
DS2.d12.s0.i2 -1.000000 -1.231920
DS2.d583.s0.i3 1.000000 0.615216
DS2.d583.s0.i2 1.000000 0.615216
DS2.d583.s0.i1 1.000000 0.541955
DS2.d583.s0.i0 1.000000 0.541955
DS2.d581.s0.i0 -1.000000 -0.185640
DS2.d228.s1.i0 1.000000 -0.249141
DS2.d228.s1.i1 1.000000 -0.508891
DS2.d228.s0.i0 1.000000 0.140954
DS2.d227.s0.i0 -1.000000 -0.068259
DS2.d227.s1.i0 -1.000000 0.003298
DS2.d170.s0.i1 1.000000 0.418716
DS2.d170.s0.i0 1.000000 0.400194
DS2.d507.s0.i0 -1.000000 0.195358
DS2.d179.s0.i0 -1.000000 0.646200
DS2.d179.s1.i1 -1.000000 -0.195706
DS2.d179.s1.i0 -1.000000 -0.231658
DS2.d741.s0.i0 1.000000 0.535740
DS2.d198.s0.i1 1.000000 0.469891
DS2.d198.s0.i0 1.000000 1.111103
DS2.d47.s0.i2 -1.000000 -0.047026
DS2.d47.s0.i1 -1.000000 0.155286
DS2.d47.s0.i0 -1.000000 0.053067
DS2.d45.s0.i1 -1.000000 0.564671
DS2.d45.s0.i0 -1.000000 0.726139
DS2.d45.s0.i3 -1.000000 0.666971
DS2.d45.s0.i2 -1.000000 0.624489
DS2.d595.s0.i0 1.000000 0.978224
DS2.d595.s1.i0 1.000000 0.555867
DS2.d895.s0.i0 1.000000 1.134395
DS2.d890.s0.i0 1.000000 0.486406
DS2.d217.s0.i5 -1.000000 0.247435
DS2.d217.s0.i4 -1.000000 0.183931
DS2.d217.s0.i3 -1.000000 0.201472
DS2.d217.s0.i2 -1.000000 0.172852
DS2.d217.s0.i1 -1.000000 0.268783
DS2.d217.s0.i0 -1.000000 0.212612
DS2.d214.s0.i0 1.000000 0.262571
DS2.d592.s0.i0 1.000000 0.279720
DS2.d757.s0.i0 -1.000000 -1.000003
DS2.d757.s0.i1 -1.000000 -0.997699
DS2.d757.s1.i1 -1.000000 -0.623179
DS2.d757.s1.i0 -1.000000 -0.727440
DS2.d757.s2.i0 -1.000000 -1.155352
DS2.d757.s2.i1 -1.000000 -1.057070
DS2.d757.s3.i1 -1.000000 -0.688074
DS2.d757.s3.i0 -1.000000 -0.688036
DS2.d868.s0.i0 1.000000 0.576435
DS2.d755.s0.i0 1.000000 0.716085
DS2.d755.s0.i1 1.000000 0.996948
DS2.d618.s0.i0 1.000000 1.045068
DS2.d945.s0.i1 -1.000000 0.437098
DS2.d945.s0.i0 -1.000000 0.432225
DS2.d614.s0.i0 -1.000000 -0.451105
DS2.d614.s0.i1 -1.000000 -0.238170
DS2.d867.s0.i0 1.000000 0.830381
DS2.d867.s0.i1 1.000000 0.887330
DS2.d866.s0.i0 1.000000 -0.066301
DS2.d927.s1.i0 1.000000 0.394032
DS2.d927.s0.i0 1.000000 0.469524
DS2.d37.s0.i0 1.000000 0.427428
DS2.d1047.s0.i0 1.000000 0.626378
DS2.d1047.s1.i1 1.000000 0.509999
DS2.d1047.s1.i0 1.000000 0.509999
DS2.d204.s1.i0 -1.000000 0.170042
DS2.d204.s0.i0 -1.000000 -0.155140
DS2.d274.s0.i0 1.000000 -0.204859
DS2.d274.s1.i0 -1.000000 -0.173913
DS2.d361.s0.i0 1.000000 0.708304
DS2.d765.s0.i0 -1.000000 -0.239913
DS2.d540.s0.i0 1.000000 0.863524
DS2.d777.s0.i0 1.000000 0.498803
DS2.d21.s0.i0 -1.000000 0.199568
DS2.d938.s1.i0 1.000000 0.069469
DS2.d938.s0.i0 1.000000 1.117747
DS2.d938.s2.i0 -1.000000 0.386685
DS2.d373.s0.i0 1.000000 0.886517
DS2.d373.s1.i0 1.000000 0.029115
DS2.d779.s0.i0 1.000000 -0.050172
DS2.d277.s0.i0 -1.000000 0.196362
DS2.d774.s2.i1 -1.000000 -0.551821
DS2.d774.s2.i0 -1.000000 -0.443422
DS2.d774.s1.i0 -1.000000 -0.143876
DS2.d774.s1.i1 -1.000000 -0.448636
DS2.d774.s1.i2 -1.000000 -0.184749
DS2.d774.s0.i1 -1.000000 -1.664743
DS2.d774.s0.i0 -1.000000 -1.560287
DS2.d122.s2.i0 -1.000000 -0.285143
DS2.d122.s3.i1 -1.000000 -0.283951
DS2.d122.s3.i0 -1.000000 -0.301244
DS2.d122.s3.i2 -1.000000 -0.372615
DS2.d122.s0.i0 -1.000000 -0.585186
DS2.d122.s0.i1 -1.000000 -0.577256
DS2.d122.s1.i3 -1.000000 -0.311163
DS2.d122.s1.i2 -1.000000 0.013808
DS2.d122.s1.i1 -1.000000 -0.196199
DS2.d122.s1.i0 -1.000000 -0.336130
DS2.d127.s0.i0 1.000000 0.735129
DS2.d809.s0.i0 1.000000 0.052923
DS2.d806.s1.i0 1.000000 0.922624
DS2.d806.s1.i1 1.000000 0.907038
DS2.d806.s0.i0 1.000000 0.889774
DS2.d905.s1.i0 1.000000 -0.544754
DS2.d905.s0.i1 1.000000 0.686042
DS2.d905.s0.i0 1.000000 0.640686
DS2.d3.s0.i0 1.000000 0.623530
DS2.d989.s1.i0 1.000000 0.237240
DS2.d989.s0.i1 1.000000 -0.390399
DS2.d989.s0.i0 1.000000 -0.385114
DS2.d989.s0.i3 1.000000 -0.356119
DS2.d989.s0.i2 1.000000 -0.454703
DS2.d989.s0.i4 1.000000 -0.437331
DS2.d986.s0.i0 1.000000 0.437818
DS2.d261.s0.i0 1.000000 -0.031201
DS2.d261.s0.i1 1.000000 -0.065136
DS2.d261.s0.i2 1.000000 -0.162829
DS2.d785.s0.i0 1.000000 0.415899
DS2.d131.s0.i0 1.000000 0.226200
DS2.d134.s1.i0 -1.000000 0.325814
DS2.d134.s1.i1 1.000000 0.273944
DS2.d134.s0.i0 -1.000000 0.765616
DS2.d134.s2.i0 -1.000000 0.798483
DS2.d708.s0.i0 1.000000 0.375042
DS2.d708.s0.i1 1.000000 0.279795
DS2.d387.s1.i0 1.000000 -0.080424
DS2.d387.s0.i1 1.000000 -0.042544
DS2.d387.s0.i0 1.000000 0.189875
DS2.d703.s0.i0 -1.000000 0.746604
DS2.d542.s0.i0 1.000000 0.525279
DS2.d706.s0.i0 1.000000 0.778109
DS2.d859.s0.i0 1.000000 0.700047
DS2.d215.s0.i0 1.000000 0.382651
DS2.d184.s0.i0 1.000000 0.846387
DS2.d315.s0.i0 1.000000 1.034054
DS2.d312.s0.i2 -1.000000 -0.653103
DS2.d312.s0.i1 -1.000000 -0.625803
DS2.d312.s0.i0 -1.000000 -0.618776
DS2.d524.s0.i0 -1.000000 0.411425
DS2.d524.s0.i1 -1.000000 0.446908
DS2.d254.s0.i0 -1.000000 -1.034693
DS2.d250.s0.i0 1.000000 0.638255
DS2.d418.s0.i0 -1.000000 -1.246440
DS2.d418.s0.i1 -1.000000 -1.020884
DS2.d96.s1.i0 -1.000000 0.442655
DS2.d96.s1.i1 -1.000000 0.516432
DS2.d96.s0.i0 -1.000000 0.241867
DS2.d102.s0.i0 1.000000 1.106340
DS2.d826.s0.i5 -1.000000 -0.636281
DS2.d826.s0.i4 -1.000000 -0.542913
DS2.d826.s0.i7 -1.000000 -0.686307
DS2.d826.s0.i6 -1.000000 -0.463601
DS2.d826.s0.i1 -1.000000 -0.551210
DS2.d826.s0.i0 -1.000000 -0.637333
DS2.d826.s0.i3 -1.000000 -0.562488
DS2.d826.s0.i2 -1.000000 -0.585317
DS2.d826.s0.i10 -1.000000 -0.644938
DS2.d826.s0.i9 -1.000000 -0.694014
DS2.d826.s0.i8 -1.000000 -0.595242
DS2.d826.s0.i11 -1.000000 -0.698722
DS2.d826.s0.i12 -1.000000 -0.588322
DS2.d826.s0.i13 -1.000000 -0.600119
DS2.d555.s0.i0 1.000000 0.532666
DS2.d555.s1.i1 1.000000 0.602013
DS2.d555.s1.i0 1.000000 0.541781
DS2.d557.s0.i0 1.000000 0.106024
DS2.d556.s1.i2 1.000000 0.385071
DS2.d556.s1.i0 -1.000000 0.153470
DS2.d556.s1.i1 -1.000000 -0.083348
DS2.d556.s0.i1 1.000000 -0.472226
DS2.d556.s0.i0 1.000000 -0.297810
DS2.d556.s0.i2 1.000000 -0.232059
DS2.d558.s0.i0 1.000000 0.720777
DS2.d18.s0.i2 1.000000 0.120652
DS2.d18.s0.i1 1.000000 0.154115
DS2.d18.s0.i0 1.000000 -0.058566
DS2.d76.s1.i0 1.000000 0.577977
DS2.d76.s1.i1 1.000000 0.577977
DS2.d76.s1.i2 1.000000 0.275114
DS2.d76.s1.i3 1.000000 0.480304
DS2.d76.s1.i4 1.000000 0.480304
DS2.d76.s1.i5 1.000000 0.367430
DS2.d76.s0.i1 1.000000 0.629543
DS2.d76.s0.i0 1.000000 0.629543
DS2.d75.s0.i0 1.000000 0.804246
DS2.d75.s0.i1 -1.000000 0.960094
DS2.d405.s0.i0 1.000000 0.346150
DS2.d405.s0.i1 -1.000000 0.638114
DS2.d405.s0.i2 -1.000000 0.129390
DS2.d405.s0.i3 1.000000 0.450731
DS2.d196.s1.i0 1.000000 0.885377
DS2.d196.s0.i0 1.000000 0.225249
DS2.d326.s0.i0 1.000000 0.017279
DS2.d326.s1.i1 1.000000 0.493556
DS2.d326.s1.i0 1.000000 0.418323
DS2.d481.s0.i0 -1.000000 0.032957
DS2.d246.s0.i1 -1.000000 0.349105
DS2.d246.s0.i0 -1.000000 0.394520
DS2.d117.s0.i0 1.000000 0.569392
DS2.d117.s0.i1 1.000000 0.627211
DS2.d119.s0.i0 1.000000 0.589445
DS2.d409.s0.i0 1.000000 0.545450
DS2.d642.s0.i1 1.000000 0.052963
DS2.d642.s0.i0 1.000000 0.111415
DS2.d919.s0.i0 1.000000 0.815953
DS2.d527.s0.i1 -1.000000 0.440041
DS2.d527.s0.i0 -1.000000 0.679737
DS2.d726.s0.i2 1.000000 0.660839
DS2.d726.s0.i0 1.000000 0.660839
DS2.d726.s0.i1 1.000000 0.731916
DS2.d913.s2.i0 1.000000 0.657145
DS2.d913.s0.i0 1.000000 0.702193
DS2.d913.s1.i0 1.000000 0.872501
DS2.d721.s0.i0 -1.000000 1.198374
