DS.d170.s0.i0 1.000000 0.752387
DS.d170.s0.i1 1.000000 0.767073
DS.d95.s0.i0 -1.000000 -0.884712
DS.d172.s0.i0 -1.000000 -0.523398
DS.d714.s0.i0 1.000000 0.387101
DS.d714.s1.i0 1.000000 0.319166
DS.d715.s0.i1 1.000000 0.930648
DS.d715.s0.i0 1.000000 0.954599
DS.d716.s0.i0 -1.000000 -0.493110
DS.d716.s1.i2 -1.000000 -0.435658
DS.d716.s1.i1 1.000000 -0.163903
DS.d716.s1.i0 -1.000000 -0.448668
DS.d803.s1.i0 -1.000000 -0.803280
DS.d803.s0.i1 -1.000000 -0.890627
DS.d803.s0.i0 -1.000000 -0.900744
DS.d710.s0.i0 1.000000 0.346499
DS.d710.s0.i1 1.000000 0.356530
DS.d711.s0.i1 1.000000 0.712148
DS.d711.s0.i0 1.000000 0.780273
DS.d712.s0.i8 1.000000 0.835290
DS.d712.s0.i9 1.000000 0.716315
DS.d712.s0.i0 1.000000 0.813098
DS.d712.s0.i1 1.000000 0.869728
DS.d712.s0.i2 1.000000 0.911175
DS.d712.s0.i3 1.000000 0.725479
DS.d712.s0.i4 1.000000 0.823684
DS.d712.s0.i5 1.000000 0.719089
DS.d712.s0.i6 1.000000 0.759069
DS.d712.s0.i7 1.000000 0.811389
DS.d713.s1.i0 -1.000000 0.545837
DS.d713.s0.i1 -1.000000 0.097109
DS.d713.s0.i0 1.000000 0.330105
DS.d808.s0.i2 -1.000000 -1.076669
DS.d808.s0.i3 -1.000000 -0.814271
DS.d808.s0.i0 -1.000000 -0.728137
DS.d808.s0.i1 -1.000000 -1.030168
DS.d808.s0.i6 -1.000000 -1.020254
DS.d808.s0.i4 -1.000000 -1.049437
DS.d808.s0.i5 -1.000000 -1.012443
DS.d809.s0.i0 1.000000 0.471630
DS.d489.s0.i1 1.000000 0.848666
DS.d489.s0.i0 1.000000 0.936674
DS.d719.s1.i0 -1.000000 0.180841
DS.d719.s0.i0 1.000000 0.852637
DS.d175.s0.i0 1.000000 0.652429
DS.d65.s0.i0 -1.000000 -0.325841
DS.d64.s0.i1 1.000000 0.525121
DS.d64.s0.i0 1.000000 0.501775
DS.d67.s0.i0 -1.000000 -0.842495
DS.d67.s0.i1 -1.000000 -0.841642
DS.d66.s0.i1 1.000000 0.676218
DS.d66.s0.i0 1.000000 0.707374
DS.d61.s0.i0 1.000000 0.762112
DS.d61.s0.i1 1.000000 0.900027
DS.d61.s1.i0 -1.000000 -0.046041
DS.d61.s2.i0 1.000000 0.353407
DS.d61.s2.i1 1.000000 0.463207
DS.d61.s3.i0 1.000000 0.541510
DS.d60.s0.i0 1.000000 0.954998
DS.d63.s0.i0 -1.000000 -0.721949
DS.d63.s0.i1 1.000000 -0.317755
DS.d62.s1.i0 -1.000000 -0.844236
DS.d62.s0.i1 -1.000000 -0.625840
DS.d62.s0.i0 -1.000000 -0.768366
DS.d177.s1.i4 -1.000000 -0.184860
DS.d177.s1.i5 1.000000 -0.039018
DS.d177.s1.i2 -1.000000 -0.165937
DS.d177.s1.i3 1.000000 0.028578
DS.d177.s1.i0 -1.000000 -0.103801
DS.d177.s1.i1 -1.000000 -0.131867
DS.d177.s0.i0 1.000000 0.589735
DS.d177.s3.i0 1.000000 0.615274
DS.d177.s2.i0 -1.000000 -0.339394
DS.d177.s4.i1 1.000000 0.850747
DS.d177.s4.i0 1.000000 1.127803
DS.d69.s0.i2 -1.000000 -0.667478
DS.d69.s0.i0 -1.000000 -0.742193
DS.d69.s0.i1 -1.000000 -0.704814
DS.d68.s2.i1 1.000000 0.643617
DS.d68.s2.i0 1.000000 0.811831
DS.d68.s2.i2 1.000000 0.811831
DS.d68.s1.i0 1.000000 0.697977
DS.d68.s0.i0 1.000000 0.728726
DS.d246.s0.i0 -1.000000 -0.376541
DS.d246.s0.i1 -1.000000 -0.391427
DS.d247.s0.i0 -1.000000 -0.069975
DS.d244.s0.i0 -1.000000 0.229536
DS.d244.s1.i0 -1.000000 -0.189769
DS.d245.s0.i1 -1.000000 -0.029307
DS.d245.s0.i0 -1.000000 -0.078293
DS.d329.s0.i2 1.000000 0.617298
DS.d329.s0.i0 1.000000 0.762738
DS.d329.s0.i1 1.000000 0.676228
DS.d243.s0.i0 1.000000 0.667042
DS.d240.s0.i0 -1.000000 -0.815679
DS.d240.s0.i1 -1.000000 -0.817317
DS.d240.s0.i2 -1.000000 -0.824577
DS.d240.s0.i3 -1.000000 -0.707729
DS.d241.s1.i0 1.000000 0.793773
DS.d241.s0.i0 1.000000 0.905268
DS.d325.s0.i2 1.000000 0.235819
DS.d325.s0.i3 1.000000 0.169590
DS.d325.s0.i0 -1.000000 -0.354792
DS.d325.s0.i1 -1.000000 -0.336374
DS.d325.s1.i1 -1.000000 -0.485134
DS.d325.s1.i0 -1.000000 -0.599193
DS.d325.s2.i0 -1.000000 -0.861045
DS.d325.s2.i1 -1.000000 -0.647737
DS.d325.s2.i2 -1.000000 -0.847492
DS.d324.s0.i2 1.000000 0.809246
DS.d324.s0.i1 1.000000 0.870300
DS.d324.s0.i0 1.000000 0.833485
DS.d327.s0.i0 -1.000000 -0.757528
DS.d327.s0.i1 -1.000000 -0.757945
DS.d327.s0.i2 -1.000000 -0.824231
DS.d326.s1.i0 1.000000 0.817305
DS.d326.s1.i1 1.000000 0.583136
DS.d326.s0.i0 1.000000 0.322330
DS.d321.s0.i0 1.000000 -0.090913
DS.d320.s0.i0 1.000000 0.614317
DS.d248.s0.i0 1.000000 0.689773
DS.d249.s1.i0 -1.000000 -0.010561
DS.d249.s0.i0 1.000000 0.657145
DS.d938.s0.i0 1.000000 1.111848
DS.d938.s1.i0 1.000000 0.136774
DS.d938.s2.i0 -1.000000 -0.270884
DS.d939.s0.i0 1.000000 0.236434
DS.d934.s0.i0 -1.000000 -0.649837
DS.d935.s0.i1 1.000000 0.775377
DS.d935.s0.i0 1.000000 0.785635
DS.d937.s0.i1 1.000000 0.859251
DS.d937.s0.i0 1.000000 0.859251
DS.d930.s0.i0 1.000000 0.750319
DS.d931.s0.i3 -1.000000 -0.865946
DS.d931.s0.i2 -1.000000 -0.728777
DS.d931.s0.i1 -1.000000 -0.769782
DS.d931.s0.i0 -1.000000 -0.685532
DS.d932.s0.i0 -1.000000 -0.841050
DS.d932.s0.i1 -1.000000 -0.642323
DS.d932.s0.i2 -1.000000 -0.737655
DS.d933.s0.i0 1.000000 0.989838
DS.d189.s0.i0 -1.000000 -0.344867
DS.d189.s0.i1 -1.000000 -0.368470
DS.d189.s1.i0 -1.000000 -0.768924
DS.d188.s1.i0 -1.000000 -0.459828
DS.d188.s0.i3 1.000000 0.844187
DS.d188.s0.i2 1.000000 0.826734
DS.d188.s0.i1 1.000000 0.889445
DS.d188.s0.i0 1.000000 0.783506
DS.d1026.s0.i0 1.000000 1.030471
DS.d1026.s0.i1 1.000000 1.144636
DS.d1027.s1.i0 1.000000 0.661603
DS.d1027.s1.i1 1.000000 0.695146
DS.d1027.s0.i0 1.000000 0.441763
DS.d1021.s0.i5 -1.000000 -0.457388
DS.d1021.s0.i4 -1.000000 -0.507345
DS.d1021.s0.i3 1.000000 -0.174503
DS.d1021.s0.i2 -1.000000 -0.572998
DS.d1021.s0.i1 -1.000000 -0.236385
DS.d1021.s0.i0 1.000000 -0.167891
DS.d1022.s0.i0 1.000000 0.799174
DS.d1022.s0.i1 1.000000 0.764289
DS.d1022.s0.i2 1.000000 0.941987
DS.d1023.s0.i0 1.000000 0.648914
DS.d181.s0.i2 1.000000 -0.230270
DS.d181.s0.i3 -1.000000 -0.559897
DS.d181.s0.i0 -1.000000 -0.540591
DS.d181.s0.i1 -1.000000 -0.555104
DS.d181.s0.i4 -1.000000 -0.417381
DS.d180.s0.i3 1.000000 0.909158
DS.d180.s0.i2 1.000000 0.947939
DS.d180.s0.i1 1.000000 0.917216
DS.d180.s0.i0 1.000000 0.952221
DS.d183.s0.i0 1.000000 0.567657
DS.d183.s0.i1 -1.000000 -0.277877
DS.d183.s1.i2 1.000000 0.937554
DS.d183.s1.i1 1.000000 0.974630
DS.d183.s1.i0 1.000000 0.937554
DS.d182.s0.i0 -1.000000 -0.090512
DS.d1028.s0.i0 1.000000 0.740770
DS.d184.s0.i0 1.000000 0.938346
DS.d187.s0.i0 -1.000000 -1.164747
DS.d187.s0.i1 -1.000000 -0.815764
DS.d187.s0.i2 -1.000000 -0.915484
DS.d187.s0.i3 -1.000000 -1.008034
DS.d186.s0.i1 1.000000 0.786733
DS.d186.s0.i0 1.000000 0.770198
DS.d439.s0.i0 -1.000000 -0.532774
DS.d438.s0.i0 -1.000000 -0.422327
DS.d1034.s1.i0 -1.000000 -0.261651
DS.d1034.s0.i1 1.000000 0.784356
DS.d1034.s0.i0 1.000000 0.769710
DS.d351.s1.i0 -1.000000 -0.246996
DS.d351.s0.i0 -1.000000 -0.394831
DS.d431.s0.i0 1.000000 0.853885
DS.d430.s0.i0 -1.000000 0.131012
DS.d433.s0.i0 -1.000000 -0.553361
DS.d433.s0.i1 -1.000000 -0.436317
DS.d432.s1.i0 1.000000 0.444653
DS.d432.s1.i1 1.000000 0.788502
DS.d432.s0.i1 1.000000 0.333066
DS.d432.s0.i0 -1.000000 -0.032991
DS.d435.s0.i6 1.000000 0.916099
DS.d435.s0.i7 1.000000 0.934332
DS.d435.s0.i4 1.000000 0.906301
DS.d435.s0.i5 1.000000 0.899705
DS.d435.s0.i2 1.000000 0.930897
DS.d435.s0.i3 1.000000 0.922712
DS.d435.s0.i0 1.000000 0.892158
DS.d435.s0.i1 1.000000 0.977404
DS.d435.s0.i12 1.000000 0.928712
DS.d435.s0.i8 1.000000 0.973613
DS.d435.s0.i9 1.000000 0.984712
DS.d435.s0.i13 1.000000 0.908529
DS.d435.s0.i11 1.000000 0.914356
DS.d435.s0.i10 1.000000 0.912292
DS.d435.s0.i14 1.000000 0.957567
DS.d435.s0.i15 1.000000 0.917920
DS.d434.s0.i3 1.000000 0.444223
DS.d434.s0.i2 -1.000000 0.559671
DS.d434.s0.i1 1.000000 0.394166
DS.d434.s0.i0 1.000000 0.441516
DS.d437.s0.i0 1.000000 0.824662
DS.d437.s1.i0 1.000000 0.865615
DS.d436.s1.i0 -1.000000 -0.397461
DS.d436.s0.i1 -1.000000 -0.649517
DS.d436.s0.i0 -1.000000 -0.675410
DS.d1031.s0.i0 1.000000 0.920584
DS.d1031.s0.i1 1.000000 0.920584
DS.d421.s0.i0 1.000000 0.897683
DS.d801.s0.i0 1.000000 0.822086
DS.d505.s4.i0 1.000000 0.693812
DS.d505.s0.i0 1.000000 0.319515
DS.d505.s1.i0 1.000000 0.907242
DS.d505.s2.i0 1.000000 0.974912
DS.d505.s3.i0 1.000000 0.959717
DS.d504.s0.i0 -1.000000 -0.096898
DS.d507.s0.i0 -1.000000 -0.376296
DS.d506.s0.i0 -1.000000 -0.339276
DS.d501.s0.i0 -1.000000 -0.851909
DS.d501.s0.i1 -1.000000 -0.924262
DS.d501.s1.i1 -1.000000 -0.937139
DS.d501.s1.i0 -1.000000 -0.697766
DS.d500.s0.i2 -1.000000 -0.870005
DS.d500.s0.i1 -1.000000 -0.800342
DS.d500.s0.i0 -1.000000 -0.673219
DS.d118.s0.i0 1.000000 0.822684
DS.d118.s0.i1 1.000000 0.727934
DS.d118.s0.i2 1.000000 0.817933
DS.d118.s0.i3 1.000000 0.747007
DS.d118.s0.i4 1.000000 0.822684
DS.d118.s0.i5 1.000000 0.747007
DS.d119.s0.i0 1.000000 0.611271
DS.d116.s0.i0 1.000000 0.725031
DS.d116.s0.i1 1.000000 0.544487
DS.d116.s1.i1 1.000000 -0.043099
DS.d116.s1.i0 -1.000000 -0.307934
DS.d116.s1.i2 -1.000000 -0.093367
DS.d117.s0.i1 1.000000 0.880894
DS.d117.s0.i0 1.000000 0.818776
DS.d114.s0.i4 1.000000 0.887977
DS.d114.s0.i5 1.000000 0.780129
DS.d114.s0.i6 1.000000 0.950053
DS.d114.s0.i7 1.000000 0.930730
DS.d114.s0.i0 1.000000 1.163381
DS.d114.s0.i1 1.000000 1.111051
DS.d114.s0.i2 1.000000 0.966677
DS.d114.s0.i3 1.000000 0.822829
DS.d582.s1.i0 1.000000 0.898917
DS.d582.s0.i0 1.000000 0.770431
DS.d112.s0.i0 -1.000000 -0.736955
DS.d112.s0.i1 -1.000000 -0.688171
DS.d113.s1.i0 1.000000 0.609555
DS.d113.s0.i1 1.000000 0.926360
DS.d113.s0.i0 1.000000 0.865749
DS.d110.s0.i0 1.000000 0.644643
DS.d110.s0.i1 1.000000 0.644643
DS.d111.s0.i1 -1.000000 -0.100136
DS.d111.s0.i0 -1.000000 -0.092159
DS.d111.s0.i2 -1.000000 -1.114012
DS.d806.s0.i0 1.000000 0.866078
DS.d806.s1.i1 1.000000 0.807672
DS.d806.s1.i0 1.000000 0.972425
DS.d807.s1.i0 -1.000000 -0.969391
DS.d807.s1.i1 -1.000000 -0.658122
DS.d807.s0.i1 -1.000000 -0.725131
DS.d807.s0.i0 -1.000000 -0.750217
DS.d626.s0.i0 1.000000 0.650924
DS.d994.s0.i0 1.000000 0.780268
DS.d994.s0.i1 1.000000 0.962437
DS.d981.s0.i0 1.000000 0.625362
DS.d479.s0.i0 1.000000 0.633104
DS.d611.s0.i0 1.000000 0.916641
DS.d759.s0.i1 1.000000 0.619171
DS.d759.s0.i0 1.000000 0.873400
DS.d612.s0.i1 -1.000000 -0.719538
DS.d612.s0.i0 -1.000000 -0.720128
DS.d615.s0.i0 1.000000 0.159036
DS.d614.s0.i1 -1.000000 -0.697720
DS.d614.s0.i0 -1.000000 -0.773260
DS.d617.s0.i0 1.000000 1.084073
DS.d617.s0.i1 1.000000 0.987601
DS.d750.s0.i0 1.000000 1.095281
DS.d750.s0.i1 1.000000 0.925063
DS.d750.s1.i0 1.000000 0.793202
DS.d750.s2.i0 1.000000 0.861205
DS.d750.s2.i1 1.000000 0.638671
DS.d618.s0.i0 1.000000 1.064584
DS.d752.s0.i0 1.000000 0.810803
DS.d752.s0.i1 1.000000 0.720519
DS.d753.s0.i0 1.000000 0.545595
DS.d754.s0.i0 1.000000 0.795138
DS.d754.s0.i1 1.000000 0.795138
DS.d754.s1.i0 1.000000 0.545193
DS.d755.s0.i1 1.000000 1.030383
DS.d755.s0.i0 1.000000 0.757040
DS.d756.s0.i0 -1.000000 -0.869120
DS.d756.s0.i1 -1.000000 -0.801800
DS.d756.s0.i2 -1.000000 -0.880952
DS.d757.s1.i0 -1.000000 -0.843302
DS.d757.s1.i1 -1.000000 -0.786541
DS.d757.s0.i1 -1.000000 -0.850351
DS.d757.s0.i0 -1.000000 -0.867421
DS.d757.s3.i0 -1.000000 -0.919661
DS.d757.s3.i1 -1.000000 -0.931575
DS.d757.s2.i1 -1.000000 -1.009928
DS.d757.s2.i0 -1.000000 -0.985927
DS.d29.s0.i0 1.000000 0.797675
DS.d21.s0.i0 -1.000000 -0.114322
DS.d20.s1.i0 -1.000000 -0.381313
DS.d20.s0.i0 -1.000000 0.420180
DS.d23.s0.i0 1.000000 0.362591
DS.d22.s0.i0 1.000000 0.965357
DS.d25.s0.i0 1.000000 0.760897
DS.d25.s0.i1 1.000000 0.700093
DS.d24.s3.i0 1.000000 0.171639
DS.d24.s3.i1 -1.000000 0.026633
DS.d24.s2.i0 -1.000000 -0.132362
DS.d24.s1.i0 1.000000 0.676098
DS.d24.s0.i1 -1.000000 0.165482
DS.d24.s0.i0 1.000000 0.579097
DS.d27.s0.i0 -1.000000 -0.716785
DS.d27.s0.i1 -1.000000 -0.565115
DS.d208.s0.i0 1.000000 0.968779
DS.d209.s0.i0 -1.000000 0.070885
DS.d983.s2.i0 1.000000 0.843053
DS.d983.s0.i0 1.000000 0.765926
DS.d983.s1.i0 1.000000 0.617630
DS.d202.s0.i0 1.000000 0.245144
DS.d203.s0.i1 1.000000 1.010162
DS.d203.s0.i0 1.000000 1.051911
DS.d200.s0.i0 1.000000 1.119162
DS.d200.s1.i0 -1.000000 -0.437842
DS.d201.s1.i2 -1.000000 0.108967
DS.d201.s1.i0 1.000000 0.725538
DS.d201.s1.i1 1.000000 0.742185
DS.d201.s0.i5 -1.000000 -0.309291
DS.d201.s0.i4 1.000000 0.145585
DS.d201.s0.i7 -1.000000 -0.382759
DS.d201.s0.i6 1.000000 0.566870
DS.d201.s0.i1 -1.000000 -0.276186
DS.d201.s0.i0 1.000000 0.126881
DS.d201.s0.i3 1.000000 0.493488
DS.d201.s0.i2 -1.000000 -0.377155
DS.d201.s0.i9 1.000000 0.595268
DS.d201.s0.i8 1.000000 0.163568
DS.d201.s0.i11 -1.000000 -0.271813
DS.d201.s0.i10 -1.000000 -0.416164
DS.d207.s0.i0 1.000000 1.030243
DS.d204.s0.i0 -1.000000 -0.596170
DS.d204.s1.i0 -1.000000 0.214359
DS.d205.s1.i0 1.000000 -0.266346
DS.d205.s0.i0 1.000000 0.592922
DS.d205.s2.i0 -1.000000 -0.794434
DS.d627.s0.i1 -1.000000 -0.384522
DS.d627.s0.i0 -1.000000 -0.379699
DS.d378.s0.i0 1.000000 0.952803
DS.d472.s1.i0 -1.000000 -0.177399
DS.d472.s0.i1 -1.000000 -0.376263
DS.d472.s0.i0 -1.000000 -0.314058
DS.d970.s0.i2 1.000000 0.223120
DS.d970.s0.i0 -1.000000 -0.059044
DS.d970.s0.i1 1.000000 0.289523
DS.d971.s0.i0 1.000000 0.655892
DS.d972.s0.i0 -1.000000 -0.643630
DS.d973.s1.i2 -1.000000 0.608177
DS.d973.s1.i3 1.000000 0.245578
DS.d973.s1.i0 -1.000000 0.191961
DS.d973.s1.i1 1.000000 0.166161
DS.d973.s1.i4 1.000000 0.607335
DS.d973.s1.i5 1.000000 0.656465
DS.d973.s0.i0 1.000000 0.924141
DS.d973.s3.i0 1.000000 0.475908
DS.d973.s3.i1 -1.000000 0.232283
DS.d973.s2.i0 1.000000 0.608420
DS.d974.s0.i0 1.000000 0.493980
DS.d974.s1.i0 1.000000 0.598156
DS.d974.s2.i0 1.000000 0.510521
DS.d974.s2.i1 1.000000 0.610109
DS.d975.s0.i3 1.000000 0.516652
DS.d975.s0.i2 1.000000 0.681238
DS.d975.s0.i1 1.000000 0.478236
DS.d975.s0.i0 1.000000 1.210403
DS.d976.s0.i0 1.000000 0.918419
DS.d976.s1.i0 1.000000 0.745319
DS.d977.s0.i1 -1.000000 -0.816147
DS.d977.s0.i0 -1.000000 -0.791319
DS.d978.s0.i0 1.000000 0.836091
DS.d978.s0.i1 1.000000 0.836091
DS.d978.s1.i5 1.000000 0.902269
DS.d978.s1.i4 1.000000 0.902269
DS.d978.s1.i1 1.000000 0.683688
DS.d978.s1.i0 1.000000 0.581481
DS.d978.s1.i3 1.000000 0.967157
DS.d978.s1.i2 1.000000 0.967157
DS.d979.s0.i1 1.000000 0.783128
DS.d979.s0.i0 1.000000 0.523861
DS.d879.s0.i0 1.000000 0.541553
DS.d878.s0.i0 -1.000000 0.111447
DS.d870.s1.i0 1.000000 0.427840
DS.d870.s0.i0 1.000000 0.616373
DS.d873.s0.i0 1.000000 1.050016
DS.d872.s0.i0 1.000000 0.633280
DS.d875.s0.i0 -1.000000 -0.529194
DS.d875.s0.i1 -1.000000 -0.559293
DS.d874.s0.i1 1.000000 0.566826
DS.d874.s0.i0 1.000000 0.634795
DS.d877.s0.i0 -1.000000 0.058306
DS.d876.s0.i1 1.000000 0.278785
DS.d876.s0.i0 -1.000000 0.135961
DS.d376.s0.i0 -1.000000 -0.533923
DS.d376.s1.i0 -1.000000 0.170039
DS.d377.s1.i0 1.000000 0.637916
DS.d377.s0.i0 1.000000 0.899422
DS.d374.s2.i0 -1.000000 -0.079197
DS.d374.s0.i0 1.000000 0.794317
DS.d374.s0.i1 1.000000 0.684174
DS.d374.s1.i1 1.000000 0.396136
DS.d374.s1.i0 1.000000 0.955238
DS.d375.s0.i8 -1.000000 -0.274177
DS.d375.s0.i5 -1.000000 -0.292600
DS.d375.s0.i4 -1.000000 -0.300810
DS.d375.s0.i7 -1.000000 -0.313243
DS.d375.s0.i6 -1.000000 -0.327223
DS.d375.s0.i1 1.000000 -0.023323
DS.d375.s0.i0 -1.000000 -0.329668
DS.d375.s0.i3 1.000000 -0.003239
DS.d375.s0.i2 1.000000 -0.025040
DS.d372.s0.i0 1.000000 0.636716
DS.d373.s1.i0 1.000000 0.499881
DS.d373.s0.i0 1.000000 0.921154
DS.d370.s0.i0 -1.000000 0.194440
DS.d371.s0.i0 -1.000000 0.590647
DS.d475.s0.i0 1.000000 0.693942
DS.d475.s1.i1 1.000000 0.506530
DS.d475.s1.i0 1.000000 0.667926
DS.d474.s0.i0 1.000000 0.061670
DS.d477.s0.i0 -1.000000 -0.610358
DS.d477.s0.i1 -1.000000 -0.670502
DS.d477.s0.i2 -1.000000 -0.618430
DS.d477.s0.i3 -1.000000 -0.583058
DS.d476.s0.i1 -1.000000 -0.674833
DS.d476.s0.i0 -1.000000 -0.641915
DS.d471.s0.i4 1.000000 0.839378
DS.d471.s0.i5 1.000000 0.946077
DS.d471.s0.i2 1.000000 0.987766
DS.d471.s0.i3 1.000000 0.722369
DS.d471.s0.i0 1.000000 0.885907
DS.d471.s0.i1 1.000000 0.799814
DS.d470.s0.i0 1.000000 0.847821
DS.d473.s2.i0 1.000000 0.872387
DS.d473.s3.i1 1.000000 0.341616
DS.d473.s3.i0 1.000000 0.694876
DS.d473.s3.i2 1.000000 0.904999
DS.d473.s0.i0 1.000000 0.993164
DS.d473.s0.i1 1.000000 0.917989
DS.d473.s0.i2 1.000000 1.015656
DS.d473.s0.i3 1.000000 0.887511
DS.d473.s1.i0 1.000000 1.078061
DS.d379.s1.i4 1.000000 0.928251
DS.d379.s1.i5 1.000000 1.134202
DS.d379.s1.i2 1.000000 1.110647
DS.d379.s1.i3 1.000000 0.928251
DS.d379.s1.i0 1.000000 0.951013
DS.d379.s1.i1 1.000000 0.951013
DS.d379.s0.i1 1.000000 0.987873
DS.d379.s0.i0 1.000000 0.987873
DS.d379.s0.i2 1.000000 0.699527
DS.d982.s0.i0 -1.000000 -0.119876
DS.d278.s0.i0 1.000000 0.682735
DS.d277.s0.i0 -1.000000 -0.061026
DS.d242.s0.i0 -1.000000 -0.697302
DS.d275.s0.i0 1.000000 0.253853
DS.d273.s0.i0 -1.000000 -0.370412
DS.d273.s0.i1 -1.000000 -0.511787
DS.d273.s1.i0 1.000000 0.519509
DS.d272.s0.i0 -1.000000 -0.367727
DS.d271.s0.i0 1.000000 0.539314
DS.d271.s0.i1 1.000000 0.519340
DS.d328.s0.i0 1.000000 0.499225
DS.d987.s2.i0 1.000000 1.236627
DS.d987.s0.i0 1.000000 0.951583
DS.d987.s1.i0 1.000000 0.802155
DS.d989.s0.i2 1.000000 0.636292
DS.d989.s0.i3 1.000000 0.461813
DS.d989.s0.i0 1.000000 0.707286
DS.d989.s0.i1 1.000000 0.786091
DS.d989.s0.i4 1.000000 0.718017
DS.d989.s1.i0 1.000000 0.579892
DS.d270.s0.i0 1.000000 -0.262696
DS.d152.s0.i0 -1.000000 -0.778602
DS.d152.s1.i0 -1.000000 -0.516402
DS.d153.s1.i0 -1.000000 -0.647783
DS.d153.s1.i1 -1.000000 -0.710051
DS.d153.s0.i0 -1.000000 -0.429584
DS.d150.s0.i0 1.000000 0.669802
DS.d151.s0.i0 1.000000 0.721660
DS.d156.s0.i0 1.000000 0.133587
DS.d157.s0.i7 -1.000000 -0.999575
DS.d157.s0.i6 -1.000000 -0.963350
DS.d157.s0.i5 -1.000000 -0.960930
DS.d157.s0.i4 -1.000000 -0.770583
DS.d157.s0.i3 -1.000000 -0.877424
DS.d157.s0.i2 -1.000000 -0.850735
DS.d157.s0.i1 -1.000000 -0.606939
DS.d157.s0.i0 -1.000000 -0.815527
DS.d157.s0.i9 -1.000000 -0.971063
DS.d157.s0.i8 -1.000000 -0.851410
DS.d154.s0.i0 1.000000 0.871514
DS.d154.s0.i1 1.000000 0.748720
DS.d155.s0.i0 1.000000 0.766678
DS.d158.s0.i0 -1.000000 -0.644078
DS.d576.s2.i0 1.000000 0.604456
DS.d576.s0.i0 1.000000 0.266947
DS.d576.s1.i0 1.000000 0.663014
DS.d583.s0.i0 1.000000 0.701238
DS.d583.s0.i1 1.000000 0.701238
DS.d583.s0.i2 1.000000 0.926675
DS.d583.s0.i3 1.000000 0.926675
DS.d577.s0.i1 1.000000 0.731118
DS.d577.s0.i0 1.000000 0.871946
DS.d577.s0.i2 1.000000 1.001558
DS.d323.s0.i0 -1.000000 -0.347198
DS.d322.s0.i1 -1.000000 -0.503504
DS.d322.s0.i0 -1.000000 -0.573143
DS.d389.s0.i0 1.000000 0.803149
DS.d389.s0.i1 1.000000 1.025227
DS.d388.s1.i0 -1.000000 -0.666663
DS.d388.s0.i0 -1.000000 -0.558060
DS.d388.s2.i1 -1.000000 -0.470976
DS.d388.s2.i0 -1.000000 -0.808889
DS.d135.s0.i0 1.000000 0.796492
DS.d383.s0.i0 -1.000000 -0.114838
DS.d382.s2.i1 -1.000000 -0.937895
DS.d382.s2.i0 -1.000000 -0.611727
DS.d382.s1.i0 -1.000000 -1.136846
DS.d382.s1.i1 -1.000000 -0.885995
DS.d382.s1.i2 -1.000000 -0.737963
DS.d382.s1.i3 -1.000000 -0.856904
DS.d382.s1.i4 -1.000000 -1.101151
DS.d382.s1.i5 -1.000000 -0.813928
DS.d382.s0.i9 -1.000000 -0.977163
DS.d382.s0.i8 -1.000000 -0.908018
DS.d382.s0.i3 -1.000000 -0.920507
DS.d382.s0.i2 -1.000000 -0.905593
DS.d382.s0.i1 -1.000000 -0.926023
DS.d382.s0.i0 -1.000000 -0.974034
DS.d382.s0.i7 -1.000000 -0.917710
DS.d382.s0.i6 -1.000000 -0.923899
DS.d382.s0.i5 -1.000000 -0.979675
DS.d382.s0.i4 -1.000000 -0.902023
DS.d382.s0.i10 -1.000000 -0.909016
DS.d382.s0.i11 -1.000000 -0.972889
DS.d381.s0.i0 -1.000000 -0.465000
DS.d381.s1.i0 -1.000000 -0.748644
DS.d380.s1.i0 1.000000 0.474220
DS.d380.s0.i1 1.000000 0.183480
DS.d380.s0.i0 -1.000000 0.194805
DS.d387.s0.i0 1.000000 0.517720
DS.d387.s0.i1 1.000000 0.383773
DS.d387.s1.i0 1.000000 0.123843
DS.d386.s0.i0 1.000000 0.907390
DS.d385.s0.i0 1.000000 0.475100
DS.d385.s0.i1 1.000000 0.791779
DS.d385.s1.i3 -1.000000 -0.588707
DS.d385.s1.i2 -1.000000 -0.655726
DS.d385.s1.i1 -1.000000 -0.485029
DS.d385.s1.i0 -1.000000 -0.331244
DS.d384.s1.i0 1.000000 1.124613
DS.d384.s0.i0 -1.000000 -0.354443
DS.d137.s0.i1 1.000000 0.130826
DS.d137.s0.i0 1.000000 0.281329
DS.d137.s0.i2 -1.000000 -0.215293
DS.d130.s0.i0 -1.000000 -0.035434
DS.d130.s0.i1 -1.000000 -0.154240
DS.d131.s0.i0 1.000000 0.636433
DS.d132.s0.i0 1.000000 0.773790
DS.d132.s0.i1 1.000000 0.687926
DS.d132.s0.i2 1.000000 0.827975
DS.d132.s0.i3 1.000000 0.695095
DS.d578.s0.i0 1.000000 0.814008
DS.d578.s0.i1 1.000000 0.657315
DS.d133.s1.i0 1.000000 0.628886
DS.d133.s0.i0 1.000000 0.923634
DS.d628.s0.i0 1.000000 0.561393
DS.d579.s0.i3 -1.000000 -0.533081
DS.d579.s0.i2 -1.000000 -0.771393
DS.d579.s0.i1 -1.000000 -0.392927
DS.d579.s0.i0 -1.000000 -0.676505
DS.d126.s1.i0 1.000000 0.593375
DS.d126.s0.i0 1.000000 0.732899
DS.d125.s0.i0 -1.000000 -0.852044
DS.d125.s0.i1 -1.000000 -0.817602
DS.d125.s1.i1 -1.000000 -0.724764
DS.d125.s1.i0 -1.000000 -0.791100
DS.d124.s0.i0 -1.000000 -1.094533
DS.d123.s0.i0 1.000000 0.732770
DS.d122.s3.i2 -1.000000 -0.699068
DS.d122.s3.i0 -1.000000 -0.697805
DS.d122.s3.i1 -1.000000 -0.699450
DS.d122.s2.i0 -1.000000 -0.693762
DS.d122.s1.i0 -1.000000 -0.854635
DS.d122.s1.i1 -1.000000 -0.833256
DS.d122.s1.i2 -1.000000 -0.866139
DS.d122.s1.i3 -1.000000 -0.873936
DS.d122.s0.i1 -1.000000 -0.758798
DS.d122.s0.i0 -1.000000 -0.842238
DS.d121.s0.i0 -1.000000 -0.946432
DS.d121.s0.i1 -1.000000 -0.942478
DS.d121.s0.i2 -1.000000 -0.812611
DS.d120.s0.i0 1.000000 0.372478
DS.d795.s0.i0 1.000000 0.598738
DS.d796.s0.i0 1.000000 0.899006
DS.d659.s0.i0 -1.000000 -0.530219
DS.d658.s0.i0 1.000000 0.734165
DS.d128.s0.i1 -1.000000 -0.669840
DS.d128.s0.i0 -1.000000 -0.587127
DS.d128.s0.i3 -1.000000 -0.736414
DS.d128.s0.i2 1.000000 0.179333
DS.d128.s0.i4 -1.000000 -0.631544
DS.d497.s0.i0 -1.000000 -0.566849
DS.d497.s0.i1 -1.000000 -0.450595
DS.d496.s0.i3 -1.000000 -0.656935
DS.d496.s0.i2 -1.000000 -0.739133
DS.d496.s0.i1 -1.000000 -0.793517
DS.d496.s0.i0 -1.000000 -0.721670
DS.d495.s0.i0 1.000000 0.799023
DS.d495.s0.i1 1.000000 0.476955
DS.d494.s1.i0 1.000000 0.387027
DS.d494.s1.i1 1.000000 0.373618
DS.d494.s0.i0 -1.000000 -0.480578
DS.d494.s2.i0 -1.000000 -0.750207
DS.d493.s0.i0 1.000000 0.716100
DS.d492.s2.i0 1.000000 0.663376
DS.d492.s1.i0 1.000000 -0.209461
DS.d492.s0.i0 -1.000000 0.101864
DS.d491.s0.i0 1.000000 0.496301
DS.d491.s0.i1 1.000000 0.400327
DS.d491.s0.i2 1.000000 0.617069
DS.d490.s0.i1 1.000000 0.599890
DS.d490.s0.i0 1.000000 0.592288
DS.d556.s0.i2 1.000000 0.587738
DS.d556.s0.i0 1.000000 0.685755
DS.d556.s0.i1 1.000000 0.469882
DS.d556.s1.i1 -1.000000 -0.297668
DS.d556.s1.i0 -1.000000 -0.131208
DS.d556.s1.i2 1.000000 0.238929
DS.d557.s0.i0 1.000000 0.447165
DS.d554.s0.i0 1.000000 0.971668
DS.d555.s1.i0 1.000000 0.722670
DS.d555.s1.i1 1.000000 0.750936
DS.d555.s0.i0 1.000000 0.786808
DS.d552.s0.i0 1.000000 0.032221
DS.d553.s0.i0 1.000000 0.648829
DS.d499.s0.i0 -1.000000 -1.056254
DS.d499.s0.i1 -1.000000 -0.932633
DS.d499.s0.i2 -1.000000 -0.982770
DS.d499.s0.i3 -1.000000 -0.910418
DS.d498.s1.i0 -1.000000 -0.691850
DS.d498.s1.i1 -1.000000 -0.720583
DS.d498.s0.i1 -1.000000 -0.590071
DS.d498.s0.i0 -1.000000 -0.369647
DS.d629.s0.i1 1.000000 0.821574
DS.d629.s0.i0 1.000000 0.753934
DS.d486.s0.i0 -1.000000 -0.671456
DS.d704.s0.i1 -1.000000 -0.948200
DS.d704.s0.i0 -1.000000 -0.915058
DS.d704.s0.i2 -1.000000 -0.989652
DS.d331.s0.i1 1.000000 0.360221
DS.d331.s0.i0 1.000000 0.392389
DS.d487.s0.i1 1.000000 0.705500
DS.d487.s0.i0 1.000000 0.943440
DS.d487.s0.i2 1.000000 0.895999
DS.d721.s0.i0 -1.000000 0.256032
DS.d512.s0.i0 -1.000000 -0.343055
DS.d723.s0.i0 -1.000000 0.184317
DS.d722.s0.i0 1.000000 0.616746
DS.d725.s0.i0 -1.000000 -0.825772
DS.d725.s0.i1 -1.000000 -0.881556
DS.d724.s0.i7 -1.000000 -1.066517
DS.d724.s0.i6 -1.000000 -0.767462
DS.d724.s0.i5 -1.000000 -0.906938
DS.d724.s0.i4 -1.000000 -0.988257
DS.d724.s0.i3 -1.000000 -1.005482
DS.d724.s0.i2 -1.000000 -1.026585
DS.d724.s0.i1 -1.000000 -0.990874
DS.d724.s0.i0 -1.000000 -1.045064
DS.d724.s0.i9 -1.000000 -0.956654
DS.d724.s0.i8 -1.000000 -0.975303
DS.d724.s0.i11 -1.000000 -0.929850
DS.d724.s0.i10 -1.000000 -0.855129
DS.d727.s0.i0 -1.000000 -0.739611
DS.d727.s0.i1 -1.000000 -0.616832
DS.d513.s0.i0 1.000000 0.500199
DS.d729.s0.i0 -1.000000 -0.576305
DS.d729.s1.i0 -1.000000 -0.598514
DS.d728.s0.i0 -1.000000 -0.545749
DS.d831.s0.i0 1.000000 0.720731
DS.d831.s0.i1 1.000000 0.720731
DS.d169.s0.i0 -1.000000 -0.773281
DS.d169.s0.i1 -1.000000 -0.761529
DS.d833.s0.i0 1.000000 0.914110
DS.d833.s0.i1 1.000000 0.706331
DS.d833.s1.i0 1.000000 0.978191
DS.d832.s0.i1 1.000000 0.671732
DS.d832.s0.i0 1.000000 0.647814
DS.d50.s0.i0 -1.000000 -0.105909
DS.d51.s0.i1 1.000000 0.766405
DS.d51.s0.i0 1.000000 0.730762
DS.d53.s0.i1 1.000000 0.635730
DS.d53.s0.i0 1.000000 0.840260
DS.d53.s0.i2 1.000000 0.782661
DS.d54.s0.i0 1.000000 0.703333
DS.d54.s1.i0 1.000000 0.652149
DS.d55.s0.i0 -1.000000 -0.851705
DS.d56.s0.i0 -1.000000 -0.000737
DS.d56.s0.i1 1.000000 0.148991
DS.d56.s0.i2 1.000000 0.208463
DS.d56.s0.i3 -1.000000 0.070840
DS.d56.s0.i4 1.000000 0.077339
DS.d57.s0.i1 1.000000 0.658616
DS.d57.s0.i0 1.000000 0.557168
DS.d58.s0.i2 1.000000 0.777656
DS.d58.s0.i3 1.000000 0.889419
DS.d58.s0.i0 1.000000 0.819945
DS.d58.s0.i1 1.000000 0.939829
DS.d58.s0.i4 1.000000 1.007672
DS.d58.s0.i5 1.000000 0.961918
DS.d59.s0.i1 1.000000 0.795727
DS.d59.s0.i0 1.000000 0.795727
DS.d233.s0.i0 1.000000 -0.127390
DS.d233.s0.i1 1.000000 0.053790
DS.d232.s0.i1 -1.000000 -0.985263
DS.d232.s0.i0 -1.000000 -0.866843
DS.d231.s0.i16 -1.000000 -0.960037
DS.d231.s0.i17 -1.000000 -0.972218
DS.d231.s0.i14 -1.000000 -0.903451
DS.d231.s0.i15 -1.000000 -0.924612
DS.d231.s0.i12 -1.000000 -0.991232
DS.d231.s0.i13 -1.000000 -1.031451
DS.d231.s0.i10 -1.000000 -0.958658
DS.d231.s0.i11 -1.000000 -1.013186
DS.d231.s0.i18 -1.000000 -1.016699
DS.d231.s0.i19 -1.000000 -0.955228
DS.d231.s0.i4 -1.000000 -0.997869
DS.d231.s0.i5 -1.000000 -0.911606
DS.d231.s0.i6 -1.000000 -1.029237
DS.d231.s0.i7 -1.000000 -0.982582
DS.d231.s0.i0 -1.000000 -0.952403
DS.d231.s0.i1 -1.000000 -0.966746
DS.d231.s0.i2 -1.000000 -0.952116
DS.d231.s0.i3 -1.000000 -1.020376
DS.d231.s0.i8 -1.000000 -0.989335
DS.d231.s0.i9 -1.000000 -1.004000
DS.d231.s0.i23 -1.000000 -0.975197
DS.d231.s0.i22 -1.000000 -0.964177
DS.d231.s0.i21 -1.000000 -1.066033
DS.d231.s0.i20 -1.000000 -1.023062
DS.d230.s0.i0 1.000000 0.853101
DS.d237.s0.i0 1.000000 0.526115
DS.d236.s0.i1 1.000000 0.896532
DS.d236.s0.i0 1.000000 0.896532
DS.d998.s0.i0 1.000000 0.550929
DS.d998.s0.i1 1.000000 0.642776
DS.d234.s0.i1 -1.000000 -0.058892
DS.d234.s0.i0 1.000000 0.462590
DS.d332.s0.i0 1.000000 0.960758
DS.d488.s0.i0 1.000000 0.761509
DS.d239.s0.i0 1.000000 0.451036
DS.d238.s1.i0 1.000000 0.521892
DS.d238.s1.i1 1.000000 0.597988
DS.d238.s0.i5 -1.000000 -0.872165
DS.d238.s0.i4 -1.000000 -0.917319
DS.d238.s0.i7 -1.000000 -0.949277
DS.d238.s0.i6 -1.000000 -0.922531
DS.d238.s0.i1 -1.000000 -0.933823
DS.d238.s0.i0 -1.000000 -0.929787
DS.d238.s0.i3 -1.000000 -0.949607
DS.d238.s0.i2 -1.000000 -0.909559
DS.d238.s0.i12 -1.000000 -0.971350
DS.d238.s0.i9 -1.000000 -0.902233
DS.d238.s0.i8 -1.000000 -0.977449
DS.d238.s0.i13 -1.000000 -0.905233
DS.d238.s0.i11 -1.000000 -0.889368
DS.d238.s0.i10 -1.000000 -0.926557
DS.d336.s0.i2 -1.000000 -0.881716
DS.d336.s0.i3 -1.000000 -0.932726
DS.d336.s0.i0 -1.000000 -0.936412
DS.d336.s0.i1 -1.000000 -0.961718
DS.d337.s1.i0 1.000000 0.707714
DS.d337.s1.i1 1.000000 0.606458
DS.d337.s0.i0 1.000000 0.679410
DS.d334.s0.i0 -1.000000 -0.320741
DS.d335.s0.i0 1.000000 0.485523
DS.d163.s0.i0 1.000000 1.014022
DS.d163.s0.i1 1.000000 0.966470
DS.d162.s0.i0 -1.000000 0.444757
DS.d161.s0.i0 -1.000000 -0.539420
DS.d692.s1.i0 -1.000000 -0.210335
DS.d692.s0.i1 1.000000 0.787937
DS.d692.s0.i0 1.000000 0.865551
DS.d692.s3.i0 1.000000 0.582302
DS.d692.s2.i0 -1.000000 -0.450954
DS.d167.s0.i2 1.000000 1.021332
DS.d167.s0.i0 1.000000 0.644862
DS.d167.s0.i1 1.000000 0.752158
DS.d166.s0.i2 -1.000000 -0.854966
DS.d166.s0.i1 -1.000000 -0.703408
DS.d166.s0.i0 -1.000000 -0.608405
DS.d909.s0.i0 -1.000000 -0.266845
DS.d909.s1.i0 -1.000000 -0.692439
DS.d908.s0.i1 1.000000 0.767868
DS.d908.s0.i0 1.000000 0.767868
DS.d901.s0.i2 -1.000000 -0.900402
DS.d901.s0.i3 -1.000000 -1.086800
DS.d901.s0.i0 -1.000000 -0.908881
DS.d901.s0.i1 -1.000000 -1.083865
DS.d903.s0.i0 1.000000 0.555614
DS.d902.s0.i1 -1.000000 -0.707667
DS.d902.s0.i0 -1.000000 -0.760939
DS.d902.s0.i3 -1.000000 -0.861272
DS.d902.s0.i2 -1.000000 -0.800118
DS.d905.s0.i0 1.000000 0.895716
DS.d905.s0.i1 1.000000 0.943368
DS.d905.s1.i0 1.000000 0.154454
DS.d904.s1.i0 -1.000000 -0.439035
DS.d904.s0.i1 -1.000000 -1.045301
DS.d904.s0.i0 -1.000000 -0.936471
DS.d907.s0.i0 1.000000 0.689556
DS.d906.s1.i0 1.000000 -0.218646
DS.d906.s0.i1 1.000000 0.720176
DS.d906.s0.i0 1.000000 0.730611
DS.d1037.s0.i2 1.000000 0.608840
DS.d1037.s0.i3 1.000000 0.759953
DS.d1037.s0.i0 1.000000 0.725889
DS.d1037.s0.i1 1.000000 0.720393
DS.d1036.s2.i1 1.000000 0.686363
DS.d1036.s2.i0 1.000000 0.686363
DS.d1036.s1.i0 1.000000 0.783575
DS.d1036.s1.i1 1.000000 0.753770
DS.d1036.s1.i2 1.000000 0.912597
DS.d1036.s1.i3 1.000000 0.945505
DS.d1036.s0.i3 1.000000 0.699994
DS.d1036.s0.i2 1.000000 0.561291
DS.d1036.s0.i1 1.000000 0.667607
DS.d1036.s0.i0 1.000000 0.797490
DS.d1035.s0.i0 1.000000 0.760947
DS.d425.s1.i0 1.000000 0.704051
DS.d425.s1.i1 1.000000 0.645779
DS.d425.s0.i0 1.000000 0.374393
DS.d425.s3.i0 1.000000 0.766860
DS.d425.s2.i0 -1.000000 -0.662252
DS.d1033.s0.i0 1.000000 0.486989
DS.d1032.s0.i0 1.000000 0.186160
DS.d420.s0.i0 -1.000000 -0.543539
DS.d420.s0.i1 -1.000000 -0.657193
DS.d420.s0.i2 -1.000000 -0.683555
DS.d420.s0.i3 -1.000000 -0.637118
DS.d1030.s0.i0 -1.000000 -0.592012
DS.d585.s0.i0 1.000000 0.872004
DS.d585.s0.i1 1.000000 0.949888
DS.d584.s0.i1 -1.000000 -0.723449
DS.d584.s0.i0 -1.000000 -0.858448
DS.d587.s0.i0 1.000000 0.763636
DS.d586.s0.i1 -1.000000 -0.683236
DS.d586.s0.i0 -1.000000 -0.768040
DS.d581.s0.i0 -1.000000 -0.274811
DS.d580.s0.i9 -1.000000 -0.868603
DS.d580.s0.i8 -1.000000 -1.004642
DS.d580.s0.i7 -1.000000 -0.927621
DS.d580.s0.i6 -1.000000 -1.123722
DS.d580.s0.i5 -1.000000 -1.033153
DS.d580.s0.i4 -1.000000 -1.123722
DS.d580.s0.i3 -1.000000 -0.963960
DS.d580.s0.i2 -1.000000 -1.052990
DS.d580.s0.i1 -1.000000 -1.089413
DS.d580.s0.i0 -1.000000 -0.997687
DS.d580.s0.i17 -1.000000 -0.963960
DS.d580.s0.i16 -1.000000 -1.098939
DS.d580.s0.i15 -1.000000 -1.094227
DS.d580.s0.i14 -1.000000 -1.039513
DS.d580.s0.i13 -1.000000 -0.927061
DS.d580.s0.i12 -1.000000 -0.906728
DS.d580.s0.i11 -1.000000 -1.033153
DS.d580.s0.i10 -1.000000 -0.817834
DS.d580.s0.i19 -1.000000 -0.998191
DS.d580.s0.i18 -1.000000 -0.906728
DS.d428.s0.i0 1.000000 0.576947
DS.d429.s1.i0 1.000000 0.569922
DS.d429.s0.i0 1.000000 0.704164
DS.d349.s0.i0 1.000000 0.797770
DS.d349.s0.i1 1.000000 0.688088
DS.d349.s0.i2 1.000000 0.631292
DS.d348.s1.i0 -1.000000 -0.652865
DS.d348.s0.i0 1.000000 0.634783
DS.d347.s0.i2 1.000000 0.713519
DS.d347.s0.i3 1.000000 0.465709
DS.d347.s0.i0 1.000000 0.370337
DS.d347.s0.i1 1.000000 0.484765
DS.d346.s1.i0 -1.000000 0.364056
DS.d346.s1.i1 -1.000000 0.384020
DS.d346.s0.i0 1.000000 0.632478
DS.d345.s0.i0 1.000000 0.569302
DS.d344.s0.i0 -1.000000 -0.125174
DS.d343.s0.i0 -1.000000 -0.411770
DS.d342.s0.i1 -1.000000 -0.666365
DS.d342.s0.i0 -1.000000 -0.799327
DS.d341.s0.i0 1.000000 0.611254
DS.d341.s0.i1 1.000000 0.590633
DS.d340.s0.i1 -1.000000 -0.717626
DS.d340.s0.i0 -1.000000 -0.658032
DS.d340.s0.i3 -1.000000 -0.576568
DS.d340.s0.i2 -1.000000 -0.754597
DS.d340.s0.i4 -1.000000 -0.702702
DS.d526.s3.i0 1.000000 0.814555
DS.d526.s2.i0 1.000000 0.489387
DS.d526.s1.i0 1.000000 1.073766
DS.d526.s0.i1 1.000000 0.681588
DS.d526.s0.i0 1.000000 0.736695
DS.d526.s4.i2 1.000000 0.757753
DS.d526.s4.i1 1.000000 0.703044
DS.d526.s4.i0 1.000000 0.779913
DS.d1024.s0.i0 1.000000 1.240919
DS.d1025.s1.i0 1.000000 0.730335
DS.d1025.s1.i1 1.000000 0.646210
DS.d1025.s0.i1 1.000000 0.730644
DS.d1025.s0.i0 1.000000 0.664711
DS.d699.s0.i0 1.000000 0.796054
DS.d698.s0.i0 1.000000 0.578242
DS.d510.s0.i0 1.000000 1.092640
DS.d511.s0.i1 1.000000 0.424370
DS.d511.s0.i0 -1.000000 0.337211
DS.d511.s0.i2 1.000000 0.487125
DS.d517.s0.i0 1.000000 1.066493
DS.d514.s0.i0 -1.000000 -0.963203
DS.d514.s0.i1 -1.000000 -0.963654
DS.d514.s0.i2 -1.000000 -0.978194
DS.d514.s0.i3 -1.000000 -0.952472
DS.d514.s0.i4 -1.000000 -0.978335
DS.d514.s0.i5 -1.000000 -0.974531
DS.d514.s0.i6 -1.000000 -0.966820
DS.d514.s0.i7 -1.000000 -0.927835
DS.d515.s0.i0 -1.000000 -0.706887
DS.d691.s0.i0 1.000000 0.808582
DS.d691.s0.i1 1.000000 0.862881
DS.d690.s0.i0 1.000000 0.576776
DS.d518.s0.i0 -1.000000 -0.269279
DS.d518.s1.i0 1.000000 0.660028
DS.d519.s0.i0 -1.000000 -0.390987
DS.d695.s0.i0 -1.000000 -0.746179
DS.d695.s1.i0 -1.000000 -0.463116
DS.d695.s2.i0 -1.000000 0.034716
DS.d695.s3.i0 -1.000000 -0.462767
DS.d694.s0.i5 1.000000 0.083594
DS.d694.s0.i4 -1.000000 -0.224420
DS.d694.s0.i3 -1.000000 -0.314678
DS.d694.s0.i2 1.000000 0.151921
DS.d694.s0.i1 -1.000000 -0.383880
DS.d694.s0.i0 -1.000000 -0.283752
DS.d165.s2.i0 1.000000 0.658606
DS.d165.s3.i0 1.000000 0.707031
DS.d165.s0.i0 -1.000000 -0.253558
DS.d165.s1.i1 1.000000 0.645264
DS.d165.s1.i0 1.000000 0.771954
DS.d696.s0.i1 1.000000 0.619595
DS.d696.s0.i0 1.000000 0.619595
DS.d651.s0.i2 1.000000 0.656740
DS.d651.s0.i3 1.000000 0.749727
DS.d651.s0.i0 1.000000 0.618401
DS.d651.s0.i1 1.000000 0.689264
DS.d196.s0.i0 1.000000 0.702782
DS.d196.s1.i0 1.000000 0.971921
DS.d197.s0.i1 -1.000000 -0.558167
DS.d197.s0.i0 -1.000000 -0.558167
DS.d195.s0.i1 -1.000000 0.028487
DS.d195.s0.i0 1.000000 0.135884
DS.d192.s0.i0 -1.000000 -0.428294
DS.d193.s0.i1 1.000000 0.506253
DS.d193.s0.i0 1.000000 0.577980
DS.d190.s0.i0 -1.000000 -0.474042
DS.d190.s1.i0 -1.000000 -0.435139
DS.d191.s0.i0 -1.000000 -0.754699
DS.d198.s0.i0 1.000000 1.184808
DS.d198.s0.i1 1.000000 0.642020
DS.d199.s0.i1 1.000000 0.772959
DS.d199.s0.i0 1.000000 0.527801
DS.d199.s0.i2 1.000000 0.818684
DS.d707.s0.i0 1.000000 0.547989
DS.d706.s0.i0 1.000000 0.767036
DS.d1029.s0.i5 -1.000000 -0.854213
DS.d1029.s0.i4 -1.000000 -0.886573
DS.d1029.s0.i3 -1.000000 -0.711297
DS.d1029.s0.i2 -1.000000 -0.741973
DS.d1029.s0.i1 -1.000000 -0.757787
DS.d1029.s0.i0 -1.000000 -0.816470
DS.d765.s0.i0 -1.000000 -0.461796
DS.d764.s0.i0 1.000000 0.708316
DS.d767.s0.i0 -1.000000 -0.328950
DS.d766.s1.i0 1.000000 0.804587
DS.d766.s1.i1 1.000000 0.745277
DS.d766.s0.i0 1.000000 0.546639
DS.d760.s0.i4 -1.000000 -0.783969
DS.d760.s0.i3 -1.000000 -0.704112
DS.d760.s0.i2 -1.000000 -0.786007
DS.d760.s0.i1 -1.000000 -0.951671
DS.d760.s0.i0 -1.000000 -0.852527
DS.d763.s0.i0 1.000000 0.825069
DS.d762.s0.i0 -1.000000 -0.544124
DS.d769.s0.i0 1.000000 0.695181
DS.d769.s1.i0 1.000000 0.745451
DS.d805.s0.i1 -1.000000 -0.787110
DS.d805.s0.i0 -1.000000 -0.734030
DS.d702.s0.i0 1.000000 0.701308
DS.d14.s0.i0 1.000000 0.896203
DS.d15.s2.i0 -1.000000 -0.403301
DS.d15.s1.i0 1.000000 -0.322455
DS.d15.s0.i0 -1.000000 -0.335520
DS.d16.s0.i0 -1.000000 -0.169710
DS.d16.s1.i2 1.000000 0.736731
DS.d16.s1.i1 1.000000 0.761117
DS.d16.s1.i0 1.000000 0.749441
DS.d17.s0.i1 1.000000 0.162737
DS.d17.s0.i0 -1.000000 -0.050225
DS.d17.s0.i3 -1.000000 -0.050225
DS.d17.s0.i2 1.000000 0.162737
DS.d10.s0.i0 1.000000 0.197114
DS.d10.s0.i1 1.000000 0.148099
DS.d11.s1.i0 1.000000 0.768151
DS.d11.s0.i0 1.000000 0.393447
DS.d12.s0.i0 -1.000000 -0.973468
DS.d12.s0.i1 -1.000000 -0.836364
DS.d12.s0.i2 -1.000000 -0.961226
DS.d12.s0.i3 -1.000000 -1.002637
DS.d12.s1.i3 -1.000000 -0.777787
DS.d12.s1.i2 -1.000000 -0.855186
DS.d12.s1.i1 -1.000000 -0.843481
DS.d12.s1.i0 -1.000000 -0.845011
DS.d13.s1.i0 -1.000000 -0.078116
DS.d13.s0.i1 1.000000 0.537883
DS.d13.s0.i0 -1.000000 0.060088
DS.d13.s0.i3 1.000000 0.513302
DS.d13.s0.i2 -1.000000 0.041128
DS.d606.s0.i0 1.000000 0.604630
DS.d606.s0.i1 1.000000 0.800377
DS.d604.s0.i0 1.000000 0.838975
DS.d604.s1.i0 1.000000 0.649987
DS.d605.s1.i0 1.000000 0.632258
DS.d605.s0.i0 1.000000 0.656413
DS.d18.s0.i2 1.000000 0.703163
DS.d18.s0.i0 1.000000 0.589513
DS.d18.s0.i1 1.000000 0.756058
DS.d603.s0.i2 1.000000 0.765167
DS.d603.s0.i1 1.000000 0.490397
DS.d603.s0.i0 1.000000 0.475283
DS.d569.s0.i0 1.000000 0.689365
DS.d569.s0.i1 1.000000 0.839661
DS.d568.s0.i0 1.000000 0.669264
DS.d1039.s0.i0 -1.000000 -0.872807
DS.d1039.s0.i1 -1.000000 -0.946816
DS.d1039.s0.i2 -1.000000 -0.830096
DS.d1039.s0.i3 -1.000000 -0.897002
DS.d2.s0.i0 1.000000 0.535595
DS.d2.s1.i0 1.000000 -0.043999
DS.d899.s0.i0 1.000000 0.565496
DS.d898.s0.i1 1.000000 0.905913
DS.d898.s0.i0 1.000000 0.692361
DS.d3.s0.i0 1.000000 0.809250
DS.d893.s0.i0 -1.000000 0.088309
DS.d892.s1.i0 -1.000000 -0.886126
DS.d892.s1.i1 -1.000000 -0.832078
DS.d892.s1.i2 -1.000000 -0.878709
DS.d892.s0.i3 -1.000000 -0.847346
DS.d892.s0.i2 -1.000000 -0.932883
DS.d892.s0.i1 -1.000000 -0.869229
DS.d892.s0.i0 -1.000000 -0.955138
DS.d892.s0.i7 -1.000000 -1.017219
DS.d892.s0.i6 -1.000000 -0.821328
DS.d892.s0.i5 -1.000000 -0.979941
DS.d892.s0.i4 -1.000000 -0.933532
DS.d891.s0.i0 1.000000 0.657784
DS.d891.s0.i1 1.000000 0.679674
DS.d891.s1.i1 -1.000000 -0.589095
DS.d891.s1.i0 -1.000000 -0.540186
DS.d890.s0.i0 1.000000 0.592715
DS.d897.s0.i0 1.000000 0.567967
DS.d896.s2.i1 1.000000 0.765317
DS.d896.s2.i0 1.000000 0.765317
DS.d896.s1.i0 1.000000 0.695362
DS.d896.s1.i1 1.000000 0.491299
DS.d896.s0.i7 1.000000 0.859251
DS.d896.s0.i6 1.000000 0.949930
DS.d896.s0.i5 1.000000 0.992135
DS.d896.s0.i4 1.000000 0.865508
DS.d896.s0.i3 1.000000 0.779095
DS.d896.s0.i2 1.000000 0.782160
DS.d896.s0.i1 1.000000 1.005264
DS.d896.s0.i0 1.000000 0.944338
DS.d895.s0.i0 1.000000 0.954698
DS.d894.s0.i0 1.000000 0.340020
DS.d1.s0.i0 1.000000 0.723533
DS.d6.s0.i8 -1.000000 -0.953795
DS.d6.s0.i9 -1.000000 -0.970066
DS.d6.s0.i6 -1.000000 -1.001972
DS.d6.s0.i7 -1.000000 -1.005252
DS.d6.s0.i4 -1.000000 -1.079124
DS.d6.s0.i5 -1.000000 -0.998848
DS.d6.s0.i2 -1.000000 -0.998196
DS.d6.s0.i3 -1.000000 -0.960527
DS.d6.s0.i0 -1.000000 -1.067587
DS.d6.s0.i1 -1.000000 -0.965777
DS.d708.s0.i1 1.000000 0.705699
DS.d708.s0.i0 1.000000 0.662318
DS.d1038.s0.i0 1.000000 0.629593
DS.d7.s0.i0 -1.000000 -0.194564
DS.d866.s0.i0 1.000000 0.420369
DS.d864.s0.i0 1.000000 0.691842
DS.d864.s1.i1 1.000000 0.718279
DS.d864.s1.i0 1.000000 0.655973
DS.d865.s0.i0 1.000000 0.515912
DS.d862.s0.i0 -1.000000 0.157295
DS.d863.s0.i0 1.000000 0.947552
DS.d860.s0.i0 -1.000000 0.026349
DS.d860.s0.i1 1.000000 0.430799
DS.d861.s0.i0 -1.000000 0.317436
DS.d945.s0.i0 -1.000000 -0.586563
DS.d945.s0.i1 -1.000000 -0.565953
DS.d944.s0.i0 1.000000 0.776186
DS.d947.s0.i0 -1.000000 -0.482487
DS.d946.s0.i1 1.000000 0.715665
DS.d946.s0.i0 1.000000 0.726217
DS.d941.s0.i0 1.000000 0.768320
DS.d941.s1.i1 1.000000 0.926660
DS.d941.s1.i0 1.000000 0.792457
DS.d941.s1.i2 1.000000 0.832368
DS.d941.s2.i0 1.000000 0.520323
DS.d941.s2.i1 1.000000 0.793939
DS.d941.s3.i0 1.000000 0.638789
DS.d940.s0.i0 1.000000 0.989049
DS.d868.s0.i0 1.000000 0.667776
DS.d869.s0.i1 1.000000 0.744674
DS.d869.s0.i0 1.000000 0.744674
DS.d737.s0.i0 1.000000 0.714403
DS.d791.s1.i0 1.000000 0.613535
DS.d791.s0.i0 1.000000 0.903676
DS.d276.s1.i0 -1.000000 -0.312137
DS.d276.s0.i0 -1.000000 -0.460789
DS.d302.s0.i1 1.000000 0.575914
DS.d302.s0.i0 1.000000 0.518385
DS.d301.s0.i0 -1.000000 -0.638305
DS.d300.s0.i1 -1.000000 -0.225134
DS.d300.s0.i0 -1.000000 -0.387273
DS.d307.s0.i0 -1.000000 0.115722
DS.d306.s0.i0 -1.000000 -0.181803
DS.d305.s2.i0 1.000000 0.602535
DS.d305.s2.i1 1.000000 0.579575
DS.d305.s0.i0 1.000000 0.615874
DS.d305.s0.i1 1.000000 0.616807
DS.d305.s0.i2 1.000000 0.679258
DS.d305.s0.i3 1.000000 0.625641
DS.d305.s1.i0 -1.000000 -0.198753
DS.d304.s0.i0 -1.000000 -0.100916
DS.d462.s0.i2 1.000000 0.995849
DS.d462.s0.i3 1.000000 1.112525
DS.d462.s0.i0 1.000000 0.958710
DS.d462.s0.i1 1.000000 0.925662
DS.d463.s0.i0 1.000000 0.559987
DS.d309.s0.i0 1.000000 0.404556
DS.d461.s0.i0 1.000000 0.927520
DS.d466.s0.i0 -1.000000 -0.685746
DS.d467.s0.i0 1.000000 0.842917
DS.d464.s0.i0 -1.000000 -0.578819
DS.d464.s0.i1 -1.000000 -0.895895
DS.d465.s0.i0 1.000000 0.405203
DS.d268.s0.i0 1.000000 0.712782
DS.d269.s0.i0 1.000000 0.480080
DS.d264.s0.i0 -1.000000 -0.365457
DS.d265.s0.i2 1.000000 0.798028
DS.d265.s0.i1 1.000000 0.847010
DS.d265.s0.i0 1.000000 0.781458
DS.d266.s0.i0 1.000000 0.904283
DS.d267.s1.i2 1.000000 0.798360
DS.d267.s1.i3 1.000000 0.888896
DS.d267.s1.i0 1.000000 0.685259
DS.d267.s1.i1 1.000000 0.840410
DS.d267.s0.i0 -1.000000 -0.112614
DS.d260.s0.i0 1.000000 0.520662
DS.d260.s0.i1 1.000000 0.462542
DS.d261.s0.i2 1.000000 0.656866
DS.d261.s0.i1 1.000000 0.692234
DS.d261.s0.i0 1.000000 0.820404
DS.d262.s0.i0 1.000000 0.554930
DS.d262.s0.i1 1.000000 0.648469
DS.d263.s0.i1 -1.000000 -0.920656
DS.d263.s0.i0 -1.000000 -1.090326
DS.d369.s0.i0 -1.000000 -0.759128
DS.d369.s1.i0 -1.000000 -0.771641
DS.d369.s2.i0 -1.000000 -0.791895
DS.d564.s0.i0 -1.000000 -0.651920
DS.d631.s0.i0 1.000000 1.091837
DS.d631.s1.i0 1.000000 0.637917
DS.d368.s0.i0 -1.000000 -0.156985
DS.d630.s0.i0 -1.000000 0.089969
DS.d736.s0.i0 -1.000000 -0.485608
DS.d823.s4.i1 -1.000000 -0.290564
DS.d823.s4.i0 -1.000000 -0.358524
DS.d823.s3.i0 -1.000000 -0.165405
DS.d823.s2.i0 1.000000 0.577828
DS.d823.s1.i0 1.000000 0.818848
DS.d823.s1.i1 1.000000 0.909082
DS.d823.s0.i1 1.000000 1.133779
DS.d823.s0.i0 1.000000 1.170081
DS.d174.s0.i0 1.000000 0.664313
DS.d174.s0.i1 1.000000 1.026615
DS.d174.s1.i1 1.000000 0.827288
DS.d174.s1.i0 1.000000 0.604922
DS.d174.s1.i3 1.000000 0.681144
DS.d174.s1.i2 1.000000 0.777134
DS.d287.s0.i0 1.000000 0.757277
DS.d735.s1.i2 1.000000 0.125190
DS.d735.s1.i0 -1.000000 -0.067284
DS.d735.s1.i1 -1.000000 -0.170429
DS.d735.s0.i5 1.000000 1.031698
DS.d735.s0.i4 1.000000 0.970731
DS.d735.s0.i1 1.000000 0.970731
DS.d735.s0.i0 1.000000 0.711722
DS.d735.s0.i3 1.000000 0.711722
DS.d735.s0.i2 1.000000 1.031698
DS.d735.s3.i0 1.000000 0.716704
DS.d735.s3.i1 1.000000 0.816302
DS.d735.s2.i1 1.000000 0.684774
DS.d735.s2.i0 1.000000 0.712260
DS.d1048.s2.i0 1.000000 0.669917
DS.d1048.s2.i1 1.000000 0.805643
DS.d1048.s0.i0 1.000000 1.121201
DS.d1048.s0.i1 1.000000 0.963474
DS.d1048.s1.i0 1.000000 0.775634
DS.d1049.s0.i1 1.000000 0.367441
DS.d1049.s0.i0 1.000000 0.237464
DS.d1046.s0.i0 1.000000 0.455412
DS.d1046.s0.i1 -1.000000 0.184842
DS.d1047.s1.i0 1.000000 0.887278
DS.d1047.s1.i1 1.000000 0.887278
DS.d1047.s0.i0 1.000000 0.811980
DS.d1044.s0.i0 1.000000 0.891899
DS.d1044.s0.i1 1.000000 0.800048
DS.d1045.s0.i1 1.000000 1.143352
DS.d1045.s0.i0 1.000000 0.918583
DS.d1042.s0.i0 1.000000 0.667620
DS.d1042.s1.i0 1.000000 1.072275
DS.d1042.s2.i0 1.000000 0.714194
DS.d1040.s0.i0 1.000000 0.976526
DS.d1041.s1.i0 1.000000 -0.391203
DS.d1041.s0.i1 -1.000000 -0.626811
DS.d1041.s0.i0 -1.000000 -0.615514
DS.d1041.s0.i2 -1.000000 -0.544914
DS.d361.s0.i0 1.000000 0.678371
DS.d732.s0.i0 1.000000 0.658291
DS.d639.s0.i0 -1.000000 -0.328624
DS.d639.s1.i3 1.000000 0.598186
DS.d639.s1.i2 1.000000 0.514584
DS.d639.s1.i1 1.000000 0.636031
DS.d639.s1.i0 -1.000000 -0.140274
DS.d639.s1.i5 1.000000 0.487560
DS.d639.s1.i4 -1.000000 -0.195358
DS.d419.s0.i0 -1.000000 -0.816653
DS.d419.s0.i1 -1.000000 -0.491467
DS.d418.s0.i1 -1.000000 -0.832419
DS.d418.s0.i0 -1.000000 -0.972392
DS.d417.s0.i0 -1.000000 -0.242184
DS.d416.s0.i0 1.000000 0.613226
DS.d415.s0.i0 -1.000000 -0.603823
DS.d415.s0.i1 -1.000000 -0.709400
DS.d414.s0.i0 -1.000000 0.443215
DS.d413.s0.i0 -1.000000 -0.240624
DS.d412.s0.i1 1.000000 0.860606
DS.d412.s0.i0 1.000000 0.685507
DS.d411.s0.i0 1.000000 0.399020
DS.d410.s0.i0 -1.000000 -0.065519
DS.d398.s0.i0 -1.000000 -0.783429
DS.d398.s1.i0 -1.000000 -0.298731
DS.d399.s1.i0 -1.000000 -0.214920
DS.d399.s1.i1 1.000000 -0.282664
DS.d399.s1.i2 -1.000000 -0.156658
DS.d399.s1.i3 1.000000 -0.276701
DS.d399.s0.i3 -1.000000 -0.786095
DS.d399.s0.i2 -1.000000 -0.769387
DS.d399.s0.i1 -1.000000 -0.812391
DS.d399.s0.i0 -1.000000 -0.773822
DS.d289.s0.i0 1.000000 0.640750
DS.d391.s0.i1 1.000000 0.732166
DS.d391.s0.i0 1.000000 0.705715
DS.d392.s2.i0 1.000000 0.805924
DS.d392.s2.i1 1.000000 0.934892
DS.d392.s0.i0 1.000000 0.652235
DS.d392.s0.i1 1.000000 0.661065
DS.d392.s1.i1 1.000000 1.112071
DS.d392.s1.i0 1.000000 1.008717
DS.d393.s1.i0 1.000000 0.463413
DS.d393.s1.i1 -1.000000 -0.193442
DS.d393.s0.i5 1.000000 0.878877
DS.d393.s0.i4 1.000000 0.942594
DS.d393.s0.i7 1.000000 0.982654
DS.d393.s0.i6 1.000000 1.076537
DS.d393.s0.i1 1.000000 1.034747
DS.d393.s0.i0 1.000000 0.858186
DS.d393.s0.i3 1.000000 0.799170
DS.d393.s0.i2 1.000000 1.087867
DS.d393.s0.i12 1.000000 0.869287
DS.d393.s0.i9 1.000000 0.973926
DS.d393.s0.i8 1.000000 0.985375
DS.d393.s0.i13 1.000000 1.045889
DS.d393.s0.i14 1.000000 0.775735
DS.d393.s0.i11 1.000000 0.789887
DS.d393.s0.i10 1.000000 0.730843
DS.d393.s3.i0 1.000000 0.450767
DS.d393.s2.i1 1.000000 0.712729
DS.d393.s2.i0 1.000000 0.764392
DS.d394.s0.i0 1.000000 0.777012
DS.d394.s0.i1 1.000000 0.920130
DS.d395.s0.i1 1.000000 0.537851
DS.d395.s0.i0 1.000000 0.625577
DS.d396.s0.i0 -1.000000 -0.098791
DS.d396.s0.i1 1.000000 0.145561
DS.d396.s0.i2 1.000000 0.310766
DS.d396.s0.i3 -1.000000 0.060226
DS.d397.s1.i0 1.000000 0.797776
DS.d397.s0.i9 -1.000000 -0.868570
DS.d397.s0.i8 -1.000000 -0.856116
DS.d397.s0.i1 -1.000000 -0.871840
DS.d397.s0.i0 -1.000000 -0.905379
DS.d397.s0.i3 -1.000000 -0.890128
DS.d397.s0.i2 -1.000000 -0.909601
DS.d397.s0.i5 -1.000000 -0.901336
DS.d397.s0.i4 -1.000000 -0.870172
DS.d397.s0.i7 -1.000000 -0.904607
DS.d397.s0.i6 -1.000000 -0.856080
DS.d733.s0.i1 1.000000 0.966301
DS.d733.s0.i0 1.000000 1.061971
DS.d176.s0.i0 -1.000000 -0.857184
DS.d567.s0.i0 -1.000000 -0.107709
DS.d566.s0.i3 -1.000000 -0.860109
DS.d566.s0.i2 -1.000000 -0.845111
DS.d566.s0.i1 -1.000000 -0.612677
DS.d566.s0.i0 -1.000000 -0.774314
DS.d565.s0.i0 1.000000 0.919423
DS.d642.s0.i0 1.000000 0.112627
DS.d642.s0.i1 1.000000 -0.047060
DS.d643.s3.i0 1.000000 0.798217
DS.d643.s2.i0 1.000000 0.561499
DS.d643.s1.i0 1.000000 0.818457
DS.d643.s0.i0 1.000000 0.594218
DS.d640.s0.i0 1.000000 0.837161
DS.d640.s0.i1 1.000000 0.610211
DS.d641.s1.i0 -1.000000 0.397006
DS.d641.s1.i1 1.000000 0.358638
DS.d641.s0.i0 1.000000 0.721408
DS.d641.s3.i0 1.000000 0.869537
DS.d641.s3.i1 1.000000 0.695927
DS.d641.s2.i0 1.000000 0.870601
DS.d646.s0.i0 -1.000000 -0.653603
DS.d647.s0.i1 -1.000000 -0.419930
DS.d647.s0.i0 -1.000000 -0.420435
DS.d644.s0.i0 -1.000000 -0.544662
DS.d645.s0.i0 -1.000000 -0.436612
DS.d563.s0.i0 -1.000000 0.244580
DS.d648.s0.i0 -1.000000 -0.695924
DS.d648.s0.i1 -1.000000 -0.575146
DS.d648.s0.i2 -1.000000 -0.615367
DS.d648.s1.i5 1.000000 0.834333
DS.d648.s1.i4 1.000000 0.806760
DS.d648.s1.i3 1.000000 0.812039
DS.d648.s1.i2 1.000000 0.854032
DS.d648.s1.i1 1.000000 0.825743
DS.d648.s1.i0 1.000000 0.736477
DS.d649.s0.i0 1.000000 0.862183
DS.d138.s0.i0 1.000000 0.908330
DS.d138.s0.i1 1.000000 0.946329
DS.d139.s0.i1 -1.000000 -0.437986
DS.d139.s0.i0 1.000000 0.255626
DS.d562.s0.i0 -1.000000 -0.270468
DS.d484.s0.i0 1.000000 0.370209
DS.d485.s1.i0 -1.000000 -0.385401
DS.d485.s0.i0 -1.000000 0.084098
DS.d529.s0.i0 1.000000 0.620516
DS.d529.s1.i0 -1.000000 0.161959
DS.d528.s0.i0 1.000000 0.587121
DS.d480.s0.i0 1.000000 0.161851
DS.d481.s0.i0 -1.000000 -0.339936
DS.d482.s0.i0 1.000000 0.607270
DS.d482.s0.i1 1.000000 0.671252
DS.d654.s1.i0 1.000000 0.847751
DS.d654.s0.i0 -1.000000 -0.022693
DS.d523.s0.i0 1.000000 0.866759
DS.d522.s0.i0 1.000000 0.885453
DS.d521.s0.i0 1.000000 0.824534
DS.d520.s0.i1 1.000000 0.988339
DS.d520.s0.i0 1.000000 1.076099
DS.d527.s0.i0 -1.000000 -0.302259
DS.d527.s0.i1 -1.000000 -0.451430
DS.d657.s2.i0 1.000000 0.677240
DS.d657.s3.i0 1.000000 0.784016
DS.d657.s0.i0 1.000000 1.255371
DS.d657.s0.i1 1.000000 0.831729
DS.d657.s1.i1 1.000000 0.699362
DS.d657.s1.i0 1.000000 0.763603
DS.d525.s0.i0 1.000000 1.083222
DS.d524.s0.i1 -1.000000 -0.487094
DS.d524.s0.i0 -1.000000 -0.520415
DS.d656.s0.i0 1.000000 0.306208
DS.d798.s0.i0 1.000000 0.964616
DS.d885.s1.i0 -1.000000 -0.560748
DS.d885.s1.i1 -1.000000 -0.628538
DS.d885.s1.i2 -1.000000 -0.635945
DS.d885.s1.i3 -1.000000 -0.699659
DS.d885.s0.i0 -1.000000 -0.036703
DS.d693.s0.i0 -1.000000 -0.854570
DS.d693.s0.i1 -1.000000 -0.858069
DS.d693.s0.i2 -1.000000 -0.761574
DS.d650.s0.i3 1.000000 0.810458
DS.d650.s0.i2 1.000000 0.768126
DS.d650.s0.i1 1.000000 0.791364
DS.d650.s0.i0 1.000000 0.850632
DS.d136.s0.i0 -1.000000 -0.631417
DS.d653.s0.i0 1.000000 0.561075
DS.d602.s0.i0 1.000000 0.706778
DS.d602.s0.i1 1.000000 0.699039
DS.d652.s0.i1 -1.000000 -0.921231
DS.d652.s0.i0 -1.000000 -0.983030
DS.d652.s0.i2 -1.000000 -0.983030
DS.d600.s2.i0 1.000000 0.841292
DS.d600.s0.i0 1.000000 0.985614
DS.d600.s1.i3 1.000000 0.527264
DS.d600.s1.i2 1.000000 0.555806
DS.d600.s1.i1 1.000000 0.793083
DS.d600.s1.i0 1.000000 0.754280
DS.d601.s0.i1 1.000000 0.868162
DS.d601.s0.i0 1.000000 0.879550
DS.d601.s0.i2 1.000000 0.772878
DS.d637.s0.i0 -1.000000 -0.276122
DS.d635.s0.i4 1.000000 0.775094
DS.d635.s0.i5 1.000000 0.937250
DS.d635.s0.i0 1.000000 0.937250
DS.d635.s0.i1 1.000000 0.674072
DS.d635.s0.i2 1.000000 0.743795
DS.d635.s0.i3 1.000000 0.632963
DS.d633.s0.i0 1.000000 0.333018
DS.d633.s1.i1 1.000000 0.784906
DS.d633.s1.i0 1.000000 0.824740
DS.d632.s0.i0 1.000000 0.119896
DS.d738.s0.i0 1.000000 0.110455
DS.d739.s0.i0 1.000000 0.676294
DS.d822.s0.i0 1.000000 0.722014
DS.d822.s1.i0 1.000000 0.130177
DS.d790.s0.i0 1.000000 0.769377
DS.d790.s1.i0 -1.000000 0.274033
DS.d734.s0.i0 -1.000000 -0.399043
DS.d821.s0.i0 1.000000 1.082070
DS.d826.s0.i10 -1.000000 -0.857124
DS.d826.s0.i11 -1.000000 -0.860350
DS.d826.s0.i12 -1.000000 -0.887544
DS.d826.s0.i6 -1.000000 -0.846859
DS.d826.s0.i7 -1.000000 -0.897480
DS.d826.s0.i4 -1.000000 -1.030690
DS.d826.s0.i5 -1.000000 -0.821390
DS.d826.s0.i2 -1.000000 -0.840627
DS.d826.s0.i3 -1.000000 -0.900006
DS.d826.s0.i0 -1.000000 -1.069571
DS.d826.s0.i1 -1.000000 -0.886792
DS.d826.s0.i13 -1.000000 -1.056125
DS.d826.s0.i8 -1.000000 -1.121151
DS.d826.s0.i9 -1.000000 -1.077686
DS.d827.s0.i0 1.000000 0.952976
DS.d730.s0.i0 1.000000 0.509945
DS.d730.s0.i1 1.000000 0.528544
DS.d731.s0.i0 1.000000 0.731066
DS.d700.s0.i0 1.000000 0.405591
DS.d609.s0.i1 -1.000000 -0.844045
DS.d609.s0.i0 -1.000000 -0.811728
DS.d609.s0.i3 -1.000000 -0.842548
DS.d609.s0.i2 -1.000000 -0.896827
DS.d609.s0.i5 -1.000000 -0.823122
DS.d609.s0.i4 -1.000000 -0.898888
DS.d609.s0.i7 -1.000000 -0.873565
DS.d609.s0.i6 -1.000000 -0.900950
DS.d48.s1.i0 1.000000 0.917867
DS.d48.s0.i0 1.000000 0.676825
DS.d47.s0.i2 -1.000000 -0.579259
DS.d47.s0.i0 -1.000000 -0.591750
DS.d47.s0.i1 -1.000000 -0.518194
DS.d46.s0.i2 -1.000000 -0.779528
DS.d46.s0.i1 -1.000000 -0.831457
DS.d46.s0.i0 -1.000000 -0.809336
DS.d45.s0.i0 -1.000000 -0.532197
DS.d45.s0.i1 -1.000000 -0.679875
DS.d45.s0.i2 -1.000000 -0.585540
DS.d45.s0.i3 -1.000000 -0.619281
DS.d44.s1.i0 -1.000000 -0.055673
DS.d44.s0.i0 -1.000000 0.061369
DS.d43.s0.i0 1.000000 0.978025
DS.d43.s0.i1 1.000000 1.141696
DS.d43.s1.i0 1.000000 0.969263
DS.d43.s2.i0 1.000000 0.836675
DS.d42.s0.i7 -1.000000 -0.844708
DS.d42.s0.i6 -1.000000 -0.934281
DS.d42.s0.i5 -1.000000 -0.869333
DS.d42.s0.i4 -1.000000 -0.915942
DS.d42.s0.i3 -1.000000 -0.820838
DS.d42.s0.i2 -1.000000 -0.677598
DS.d42.s0.i1 -1.000000 -0.722021
DS.d42.s0.i0 -1.000000 -0.903025
DS.d42.s0.i11 -1.000000 -0.798799
DS.d42.s0.i9 -1.000000 -0.988191
DS.d42.s0.i8 -1.000000 -0.895944
DS.d42.s0.i10 -1.000000 -0.844420
DS.d41.s2.i0 1.000000 0.884184
DS.d41.s0.i0 1.000000 0.836089
DS.d41.s1.i0 1.000000 0.835437
DS.d40.s0.i0 -1.000000 -0.437490
DS.d220.s0.i0 1.000000 0.677455
DS.d220.s0.i1 1.000000 0.656821
DS.d221.s0.i2 -1.000000 -0.284106
DS.d221.s0.i1 1.000000 -0.306138
DS.d221.s0.i0 -1.000000 -0.438553
DS.d222.s0.i0 -1.000000 -0.626020
DS.d222.s1.i0 -1.000000 -0.214645
DS.d223.s0.i0 1.000000 0.668721
DS.d224.s0.i0 1.000000 0.218084
DS.d224.s0.i1 1.000000 0.325228
DS.d224.s1.i0 1.000000 0.481075
DS.d224.s2.i0 -1.000000 -0.647792
DS.d224.s2.i1 -1.000000 -0.567475
DS.d225.s0.i0 -1.000000 -0.541135
DS.d226.s0.i0 -1.000000 0.082155
DS.d227.s1.i0 -1.000000 -0.542829
DS.d227.s0.i0 -1.000000 -0.505403
DS.d228.s0.i0 1.000000 0.390880
DS.d228.s1.i1 1.000000 0.308296
DS.d228.s1.i0 1.000000 0.621069
DS.d229.s0.i0 1.000000 0.416032
DS.d916.s0.i0 1.000000 0.729093
DS.d917.s0.i2 1.000000 0.318165
DS.d917.s0.i1 1.000000 0.373468
DS.d917.s0.i0 1.000000 0.343194
DS.d914.s0.i0 -1.000000 -0.218334
DS.d915.s1.i0 1.000000 0.684651
DS.d915.s0.i1 1.000000 0.992957
DS.d915.s0.i0 1.000000 0.868671
DS.d558.s0.i0 1.000000 0.722792
DS.d910.s0.i0 1.000000 0.490820
DS.d910.s0.i1 1.000000 0.669411
DS.d559.s0.i1 1.000000 1.081196
DS.d559.s0.i0 1.000000 1.035140
DS.d638.s1.i0 -1.000000 -0.685876
DS.d638.s1.i1 -1.000000 -0.610064
DS.d638.s0.i1 1.000000 1.040921
DS.d638.s0.i0 1.000000 1.103434
DS.d638.s0.i3 1.000000 1.023961
DS.d638.s0.i2 1.000000 0.951939
DS.d638.s3.i0 1.000000 0.655506
DS.d638.s3.i1 1.000000 0.921780
DS.d638.s3.i2 1.000000 0.784423
DS.d638.s2.i1 1.000000 0.291329
DS.d638.s2.i0 1.000000 0.374877
DS.d918.s0.i0 1.000000 0.842971
DS.d918.s0.i1 1.000000 0.481507
DS.d918.s1.i0 1.000000 0.602187
DS.d919.s0.i0 1.000000 0.692828
DS.d859.s0.i0 1.000000 0.593157
DS.d858.s1.i0 1.000000 0.804649
DS.d858.s0.i0 1.000000 0.045033
DS.d857.s0.i0 1.000000 0.299491
DS.d857.s1.i0 1.000000 0.849832
DS.d855.s0.i0 1.000000 0.486312
DS.d855.s1.i0 1.000000 0.775425
DS.d854.s0.i0 -1.000000 -0.632672
DS.d853.s0.i0 1.000000 0.603620
DS.d853.s0.i1 1.000000 0.577358
DS.d853.s1.i1 1.000000 0.909203
DS.d853.s1.i0 1.000000 0.909203
DS.d852.s0.i1 1.000000 0.738175
DS.d852.s0.i0 1.000000 0.441831
DS.d851.s0.i0 1.000000 0.943720
DS.d851.s0.i1 1.000000 0.961018
DS.d851.s1.i0 1.000000 0.678826
DS.d850.s0.i1 -1.000000 0.138747
DS.d850.s0.i0 1.000000 0.248820
DS.d453.s0.i0 -1.000000 -0.486104
DS.d452.s0.i0 -1.000000 -0.836959
DS.d451.s0.i0 -1.000000 0.240031
DS.d451.s0.i1 1.000000 0.221748
DS.d451.s0.i2 1.000000 0.556192
DS.d451.s1.i1 1.000000 0.245670
DS.d451.s1.i0 -1.000000 -0.564882
DS.d450.s0.i0 1.000000 -0.140323
DS.d457.s0.i0 -1.000000 -0.078127
DS.d503.s0.i0 1.000000 0.872701
DS.d455.s0.i0 -1.000000 -0.219900
DS.d455.s0.i1 -1.000000 -0.197014
DS.d454.s1.i0 1.000000 0.615341
DS.d454.s0.i0 1.000000 1.009160
DS.d592.s0.i0 1.000000 0.264607
DS.d459.s0.i0 -1.000000 -0.299125
DS.d458.s0.i1 -1.000000 -0.546029
DS.d458.s0.i0 -1.000000 -0.724067
DS.d458.s0.i3 -1.000000 -0.757107
DS.d458.s0.i2 -1.000000 -0.774615
DS.d596.s0.i0 1.000000 0.815046
DS.d596.s0.i1 1.000000 0.745805
DS.d597.s0.i1 -1.000000 -0.259911
DS.d597.s0.i0 -1.000000 0.028619
DS.d594.s0.i0 -1.000000 0.474843
DS.d595.s1.i0 1.000000 0.610937
DS.d595.s0.i0 1.000000 0.963392
DS.d295.s0.i0 -1.000000 -0.239158
DS.d295.s1.i0 1.000000 0.111327
DS.d294.s0.i0 1.000000 0.324901
DS.d297.s0.i0 1.000000 0.872179
DS.d297.s1.i0 1.000000 0.317782
DS.d296.s0.i1 -1.000000 -0.527496
DS.d296.s0.i0 -1.000000 -0.514108
DS.d291.s0.i0 1.000000 0.530455
DS.d290.s0.i7 1.000000 0.335077
DS.d290.s0.i6 -1.000000 -0.500535
DS.d290.s0.i5 1.000000 0.254084
DS.d290.s0.i4 1.000000 0.370076
DS.d290.s0.i3 -1.000000 -0.376889
DS.d290.s0.i2 -1.000000 -0.415261
DS.d290.s0.i1 -1.000000 -0.420654
DS.d290.s0.i0 1.000000 0.149869
DS.d293.s0.i0 1.000000 0.587564
DS.d293.s1.i1 1.000000 0.723888
DS.d293.s1.i0 1.000000 0.505223
DS.d292.s0.i0 1.000000 0.615873
DS.d354.s0.i0 -1.000000 -0.436709
DS.d354.s1.i0 -1.000000 -0.617507
DS.d355.s0.i1 1.000000 1.102481
DS.d355.s0.i0 1.000000 1.074202
DS.d356.s0.i0 1.000000 0.353377
DS.d356.s1.i0 1.000000 0.800365
DS.d357.s1.i0 1.000000 0.564651
DS.d357.s0.i1 -1.000000 -0.854309
DS.d357.s0.i0 -1.000000 -0.777857
DS.d357.s0.i3 -1.000000 -0.837239
DS.d357.s0.i2 -1.000000 -0.754897
DS.d299.s0.i0 1.000000 0.924654
DS.d299.s1.i1 1.000000 0.585969
DS.d299.s1.i0 1.000000 0.488402
DS.d299.s2.i0 1.000000 0.719898
DS.d298.s0.i0 1.000000 0.501616
DS.d352.s0.i0 -1.000000 -0.717202
DS.d352.s0.i1 -1.000000 -0.435270
DS.d353.s1.i0 -1.000000 -0.546362
DS.d353.s0.i0 -1.000000 -0.791448
DS.d115.s1.i0 1.000000 0.733995
DS.d115.s0.i1 1.000000 0.554370
DS.d115.s0.i0 1.000000 0.579723
DS.d509.s0.i0 1.000000 0.516172
DS.d508.s1.i0 -1.000000 -0.622316
DS.d508.s1.i1 -1.000000 -0.371668
DS.d508.s0.i5 1.000000 0.855389
DS.d508.s0.i4 1.000000 0.861753
DS.d508.s0.i3 1.000000 0.865876
DS.d508.s0.i2 1.000000 0.869886
DS.d508.s0.i1 1.000000 0.868908
DS.d508.s0.i0 1.000000 0.851475
DS.d1060.s0.i0 1.000000 1.016650
DS.d560.s0.i0 -1.000000 -0.294484
DS.d804.s0.i8 -1.000000 -0.984079
DS.d804.s0.i9 -1.000000 -0.903690
DS.d804.s0.i6 -1.000000 -0.928738
DS.d804.s0.i7 -1.000000 -0.892765
DS.d804.s0.i4 -1.000000 -0.947865
DS.d804.s0.i5 -1.000000 -0.956346
DS.d804.s0.i2 -1.000000 -0.838058
DS.d804.s0.i3 -1.000000 -0.953505
DS.d804.s0.i0 -1.000000 -0.891855
DS.d804.s0.i1 -1.000000 -0.901491
DS.d804.s1.i1 -1.000000 -0.840170
DS.d804.s1.i0 -1.000000 -0.848996
DS.d804.s1.i3 -1.000000 -0.827455
DS.d804.s1.i2 -1.000000 -0.868659
DS.d686.s0.i0 1.000000 0.603021
DS.d686.s0.i1 1.000000 0.941796
DS.d686.s1.i1 1.000000 0.609969
DS.d686.s1.i0 1.000000 0.764451
DS.d687.s0.i0 1.000000 0.482152
DS.d684.s0.i0 -1.000000 0.209923
DS.d684.s0.i1 1.000000 0.388303
DS.d684.s1.i3 1.000000 0.135394
DS.d684.s1.i2 1.000000 0.032831
DS.d684.s1.i1 -1.000000 -0.039086
DS.d684.s1.i0 -1.000000 0.030872
DS.d685.s0.i1 1.000000 0.604760
DS.d685.s0.i0 1.000000 0.472252
DS.d682.s0.i0 1.000000 0.980242
DS.d683.s0.i2 1.000000 0.815272
DS.d683.s0.i1 1.000000 0.824189
DS.d683.s0.i0 1.000000 0.892168
DS.d680.s0.i0 1.000000 0.222487
DS.d681.s0.i1 -1.000000 -0.793467
DS.d681.s0.i0 -1.000000 -0.808423
DS.d681.s0.i3 -1.000000 -0.808423
DS.d681.s0.i2 -1.000000 -0.793467
DS.d149.s0.i0 1.000000 0.782896
DS.d1056.s0.i0 1.000000 0.821844
DS.d688.s0.i0 1.000000 0.649922
DS.d689.s0.i0 -1.000000 -0.087659
DS.d178.s0.i0 -1.000000 -0.680040
DS.d178.s0.i1 -1.000000 -0.638835
DS.d178.s1.i0 -1.000000 -0.439989
DS.d179.s1.i0 -1.000000 -0.681170
DS.d179.s1.i1 -1.000000 -0.659189
DS.d179.s0.i0 -1.000000 -0.037514
DS.d98.s0.i2 1.000000 0.690935
DS.d98.s0.i0 1.000000 0.644407
DS.d98.s0.i1 1.000000 0.909262
DS.d98.s1.i0 1.000000 0.764220
DS.d99.s0.i6 -1.000000 -0.129840
DS.d99.s0.i5 -1.000000 -0.127242
DS.d99.s0.i4 1.000000 0.545657
DS.d99.s0.i3 1.000000 0.476279
DS.d99.s0.i2 1.000000 0.589849
DS.d99.s0.i1 1.000000 0.364032
DS.d99.s0.i0 1.000000 0.554719
DS.d168.s0.i1 -1.000000 -0.120740
DS.d168.s0.i0 1.000000 0.356758
DS.d171.s1.i0 1.000000 0.488864
DS.d171.s0.i1 1.000000 1.038062
DS.d171.s0.i0 1.000000 0.986952
DS.d96.s0.i0 -1.000000 -0.298845
DS.d96.s1.i1 -1.000000 -0.415131
DS.d96.s1.i0 -1.000000 -0.357782
DS.d90.s0.i2 1.000000 0.238777
DS.d90.s0.i0 1.000000 0.259053
DS.d90.s0.i1 -1.000000 0.121823
DS.d91.s2.i4 1.000000 0.805691
DS.d91.s2.i1 1.000000 0.749636
DS.d91.s2.i0 1.000000 0.806734
DS.d91.s2.i3 1.000000 0.774173
DS.d91.s2.i2 1.000000 0.743479
DS.d91.s1.i0 1.000000 0.680026
DS.d91.s1.i1 1.000000 0.770056
DS.d91.s0.i0 1.000000 0.614004
DS.d92.s0.i0 1.000000 0.880063
DS.d93.s0.i0 1.000000 0.844358
DS.d1008.s0.i0 1.000000 0.648540
DS.d1009.s1.i0 1.000000 0.994033
DS.d1009.s1.i1 1.000000 0.859382
DS.d1009.s0.i1 1.000000 1.162165
DS.d1009.s0.i0 1.000000 1.009818
DS.d1009.s0.i3 1.000000 0.994974
DS.d1009.s0.i2 1.000000 1.170614
DS.d1009.s3.i0 1.000000 0.750972
DS.d1009.s2.i0 1.000000 0.814066
DS.d1009.s4.i0 -1.000000 0.029050
DS.d1002.s0.i0 -1.000000 -0.421310
DS.d1002.s0.i1 -1.000000 -0.711590
DS.d1003.s1.i0 1.000000 0.892504
DS.d1003.s1.i1 1.000000 0.844675
DS.d1003.s1.i2 1.000000 0.776182
DS.d1003.s1.i3 1.000000 0.770683
DS.d1003.s1.i4 1.000000 0.834954
DS.d1003.s0.i2 1.000000 0.781625
DS.d1003.s0.i1 1.000000 0.913689
DS.d1003.s0.i0 1.000000 0.849378
DS.d1000.s0.i0 -1.000000 0.174151
DS.d1001.s0.i1 1.000000 0.403215
DS.d1001.s0.i0 1.000000 0.351911
DS.d1006.s0.i4 1.000000 0.829944
DS.d1006.s0.i5 1.000000 0.774624
DS.d1006.s0.i2 1.000000 0.832334
DS.d1006.s0.i3 1.000000 0.772728
DS.d1006.s0.i0 1.000000 0.735849
DS.d1006.s0.i1 1.000000 0.872336
DS.d1007.s1.i0 1.000000 0.817112
DS.d1007.s1.i1 1.000000 0.817112
DS.d1007.s0.i1 1.000000 0.540006
DS.d1007.s0.i0 1.000000 0.926507
DS.d1004.s0.i0 -1.000000 -0.256028
DS.d1005.s0.i0 1.000000 1.039141
DS.d810.s0.i0 -1.000000 -0.577097
DS.d772.s0.i0 1.000000 0.798975
DS.d772.s1.i1 -1.000000 -0.638626
DS.d772.s1.i0 -1.000000 -0.755697
DS.d773.s0.i1 -1.000000 -0.761620
DS.d773.s0.i0 -1.000000 -0.720377
DS.d770.s0.i0 1.000000 0.640600
DS.d770.s1.i0 1.000000 0.932711
DS.d771.s0.i1 -1.000000 -0.666443
DS.d771.s0.i0 -1.000000 -0.547905
DS.d771.s0.i3 -1.000000 -0.708344
DS.d771.s0.i2 -1.000000 -0.509986
DS.d777.s0.i0 1.000000 0.337737
DS.d774.s2.i0 -1.000000 -0.703054
DS.d774.s2.i1 -1.000000 -0.729597
DS.d774.s0.i0 -1.000000 -1.126006
DS.d774.s0.i1 -1.000000 -1.111197
DS.d774.s1.i2 -1.000000 -0.672889
DS.d774.s1.i1 -1.000000 -0.759612
DS.d774.s1.i0 -1.000000 -0.808184
DS.d775.s1.i0 1.000000 0.654330
DS.d775.s0.i0 1.000000 0.712320
DS.d778.s2.i0 -1.000000 -0.280119
DS.d778.s2.i1 -1.000000 -0.194133
DS.d778.s3.i0 1.000000 0.471898
DS.d778.s0.i0 1.000000 0.279976
DS.d778.s1.i0 -1.000000 -0.821773
DS.d779.s0.i0 1.000000 0.478417
DS.d81.s0.i0 1.000000 0.876494
DS.d81.s0.i1 1.000000 0.765943
DS.d574.s0.i0 1.000000 0.528544
DS.d575.s0.i3 1.000000 0.753092
DS.d575.s0.i2 1.000000 0.510142
DS.d575.s0.i1 1.000000 0.793035
DS.d575.s0.i0 1.000000 0.483289
DS.d679.s0.i0 -1.000000 -0.781953
DS.d679.s0.i1 -1.000000 -0.749794
DS.d679.s0.i2 -1.000000 -0.647502
DS.d679.s1.i3 -1.000000 -0.890796
DS.d679.s1.i2 -1.000000 -0.866956
DS.d679.s1.i1 -1.000000 -0.824789
DS.d679.s1.i0 -1.000000 -0.854650
DS.d678.s0.i0 1.000000 0.861163
DS.d570.s0.i0 -1.000000 0.033170
DS.d571.s1.i0 1.000000 0.870635
DS.d571.s1.i1 1.000000 0.851493
DS.d571.s0.i0 1.000000 1.228700
DS.d572.s0.i0 1.000000 1.243623
DS.d573.s1.i0 1.000000 0.866004
DS.d573.s0.i0 1.000000 1.290799
DS.d673.s0.i0 1.000000 0.919999
DS.d673.s1.i0 1.000000 0.664245
DS.d672.s0.i3 1.000000 0.655790
DS.d672.s0.i2 1.000000 0.651526
DS.d672.s0.i1 1.000000 0.769985
DS.d672.s0.i0 1.000000 0.609269
DS.d671.s0.i0 1.000000 0.770212
DS.d671.s1.i5 -1.000000 -0.852652
DS.d671.s1.i4 -1.000000 -0.585696
DS.d671.s1.i3 1.000000 -0.425254
DS.d671.s1.i2 -1.000000 -0.742207
DS.d671.s1.i1 -1.000000 -0.790193
DS.d671.s1.i0 -1.000000 -0.884659
DS.d670.s0.i1 -1.000000 -0.602680
DS.d670.s0.i0 -1.000000 -0.322359
DS.d677.s0.i15 -1.000000 -0.887819
DS.d677.s0.i10 -1.000000 -0.995732
DS.d677.s0.i16 -1.000000 -0.947020
DS.d677.s0.i11 -1.000000 -0.992951
DS.d677.s0.i13 -1.000000 -0.932866
DS.d677.s0.i17 -1.000000 -0.949338
DS.d677.s0.i12 -1.000000 -0.947808
DS.d677.s0.i6 -1.000000 -0.987912
DS.d677.s0.i7 -1.000000 -0.945136
DS.d677.s0.i4 -1.000000 -0.987319
DS.d677.s0.i5 -1.000000 -0.905961
DS.d677.s0.i2 -1.000000 -0.929925
DS.d677.s0.i3 -1.000000 -0.960798
DS.d677.s0.i0 -1.000000 -0.915699
DS.d677.s0.i1 -1.000000 -0.957578
DS.d677.s0.i18 -1.000000 -0.885131
DS.d677.s0.i14 -1.000000 -0.994846
DS.d677.s0.i19 -1.000000 -0.940317
DS.d677.s0.i8 -1.000000 -0.981800
DS.d677.s0.i9 -1.000000 -0.930887
DS.d676.s3.i0 1.000000 0.615744
DS.d676.s2.i0 1.000000 0.911932
DS.d676.s1.i0 1.000000 0.736468
DS.d676.s0.i0 1.000000 0.266390
DS.d676.s4.i0 1.000000 0.766216
DS.d675.s0.i0 -1.000000 -0.604584
DS.d675.s1.i0 -1.000000 -0.741653
DS.d674.s0.i1 -1.000000 -0.561298
DS.d674.s0.i0 -1.000000 -0.306201
DS.d674.s0.i3 -1.000000 -0.683982
DS.d674.s0.i2 -1.000000 -0.711489
DS.d1059.s0.i0 1.000000 0.839288
DS.d4.s0.i0 -1.000000 -0.940060
DS.d4.s0.i1 -1.000000 -0.838733
DS.d4.s0.i2 -1.000000 -0.896893
DS.d4.s0.i3 -1.000000 -0.897119
DS.d888.s0.i0 1.000000 0.502647
DS.d889.s1.i0 1.000000 0.918575
DS.d889.s0.i0 1.000000 0.835009
DS.d880.s0.i0 -1.000000 -0.796451
DS.d880.s0.i1 -1.000000 -0.961861
DS.d880.s1.i0 -1.000000 -0.777078
DS.d881.s0.i3 -1.000000 0.379174
DS.d881.s0.i2 1.000000 0.443933
DS.d881.s0.i1 1.000000 0.698413
DS.d881.s0.i0 1.000000 0.436763
DS.d882.s0.i0 1.000000 0.981290
DS.d882.s1.i1 -1.000000 -0.842286
DS.d882.s1.i0 -1.000000 -0.760366
DS.d883.s0.i1 1.000000 0.668423
DS.d883.s0.i0 -1.000000 -0.042905
DS.d884.s0.i0 1.000000 0.911179
DS.d884.s0.i1 1.000000 0.882949
DS.d884.s1.i0 1.000000 0.509121
DS.d884.s2.i0 1.000000 0.702127
DS.d884.s2.i1 1.000000 0.766413
DS.d985.s0.i0 -1.000000 -0.630670
DS.d985.s0.i1 -1.000000 -0.544481
DS.d886.s0.i0 1.000000 0.576443
DS.d5.s0.i0 1.000000 0.303968
DS.d949.s0.i2 1.000000 0.426540
DS.d949.s0.i0 -1.000000 0.195807
DS.d949.s0.i1 1.000000 0.397633
DS.d949.s1.i1 1.000000 0.360815
DS.d949.s1.i0 -1.000000 0.133021
DS.d949.s1.i2 1.000000 0.380539
DS.d949.s2.i0 1.000000 0.187067
DS.d949.s3.i0 -1.000000 -0.062285
DS.d608.s0.i0 -1.000000 -0.518518
DS.d948.s0.i0 1.000000 0.722559
DS.d813.s0.i2 -1.000000 -0.910774
DS.d813.s0.i3 -1.000000 -0.911839
DS.d813.s0.i0 -1.000000 -0.962751
DS.d813.s0.i1 -1.000000 -0.826855
DS.d813.s1.i0 -1.000000 -0.581245
DS.d813.s2.i0 -1.000000 -0.775122
DS.d812.s1.i0 1.000000 0.788678
DS.d812.s1.i1 1.000000 0.876457
DS.d812.s1.i2 1.000000 0.803823
DS.d812.s1.i3 1.000000 0.802426
DS.d812.s0.i1 -1.000000 -0.460258
DS.d812.s0.i0 -1.000000 -0.228438
DS.d958.s0.i0 1.000000 0.896233
DS.d958.s0.i1 1.000000 0.908535
DS.d959.s0.i1 -1.000000 -0.583427
DS.d959.s0.i0 -1.000000 -0.581126
DS.d703.s0.i0 -1.000000 -0.014014
DS.d816.s0.i0 1.000000 0.596837
DS.d815.s0.i0 1.000000 0.897464
DS.d814.s1.i2 -1.000000 -0.980600
DS.d814.s1.i0 -1.000000 -0.919415
DS.d814.s1.i1 -1.000000 -0.990078
DS.d814.s0.i1 -1.000000 -0.918240
DS.d814.s0.i0 -1.000000 -0.631433
DS.d814.s2.i0 -1.000000 -0.688505
DS.d952.s0.i2 1.000000 0.807906
DS.d952.s0.i3 1.000000 0.770225
DS.d952.s0.i0 1.000000 0.698610
DS.d952.s0.i1 1.000000 0.658238
DS.d953.s0.i0 -1.000000 -0.332951
DS.d950.s0.i0 -1.000000 -0.439201
DS.d950.s0.i1 -1.000000 -0.455539
DS.d951.s1.i0 1.000000 0.346595
DS.d951.s0.i5 -1.000000 -1.000354
DS.d951.s0.i4 -1.000000 -1.071531
DS.d951.s0.i7 -1.000000 -0.932516
DS.d951.s0.i6 -1.000000 -0.959036
DS.d951.s0.i1 -1.000000 -1.028772
DS.d951.s0.i0 -1.000000 -1.006351
DS.d951.s0.i3 -1.000000 -1.028325
DS.d951.s0.i2 -1.000000 -0.980412
DS.d951.s0.i9 -1.000000 -1.069878
DS.d951.s0.i8 -1.000000 -1.042873
DS.d956.s0.i0 1.000000 0.700617
DS.d956.s0.i1 1.000000 0.944257
DS.d957.s0.i1 1.000000 1.046994
DS.d957.s0.i0 1.000000 0.876357
DS.d955.s0.i0 1.000000 0.514542
DS.d76.s0.i0 1.000000 0.766426
DS.d76.s0.i1 1.000000 0.766426
DS.d76.s1.i1 1.000000 0.788034
DS.d76.s1.i0 1.000000 0.788034
DS.d76.s1.i3 1.000000 0.807399
DS.d76.s1.i2 1.000000 0.949407
DS.d76.s1.i5 1.000000 0.932360
DS.d76.s1.i4 1.000000 0.807399
DS.d77.s0.i2 1.000000 0.784938
DS.d77.s0.i1 1.000000 0.847447
DS.d77.s0.i0 1.000000 0.788689
DS.d75.s0.i1 -1.000000 0.107221
DS.d75.s0.i0 1.000000 0.479772
DS.d72.s0.i2 -1.000000 -0.850386
DS.d72.s0.i0 -1.000000 -0.804874
DS.d72.s0.i1 -1.000000 -0.846772
DS.d73.s0.i1 1.000000 0.851477
DS.d73.s0.i0 1.000000 0.829321
DS.d71.s1.i0 1.000000 0.881347
DS.d71.s0.i0 1.000000 0.851135
DS.d71.s2.i0 1.000000 0.600448
DS.d79.s0.i1 -1.000000 -0.904253
DS.d79.s0.i0 -1.000000 -0.917683
DS.d79.s0.i3 -1.000000 -0.942676
DS.d79.s0.i2 -1.000000 -1.059521
DS.d79.s0.i5 -1.000000 -0.603206
DS.d79.s0.i4 -1.000000 -1.061665
DS.d79.s0.i7 -1.000000 -0.581580
DS.d79.s0.i6 -1.000000 -1.009029
DS.d311.s0.i1 1.000000 0.345272
DS.d311.s0.i0 -1.000000 0.045563
DS.d313.s0.i1 -1.000000 -0.417785
DS.d313.s0.i0 -1.000000 -0.405871
DS.d315.s0.i0 1.000000 1.008555
DS.d316.s0.i0 -1.000000 0.089044
DS.d317.s0.i1 -1.000000 -0.013981
DS.d317.s0.i0 1.000000 0.438911
DS.d319.s0.i0 1.000000 0.350018
DS.d598.s0.i0 1.000000 0.901279
DS.d259.s0.i0 1.000000 0.951752
DS.d259.s1.i1 1.000000 0.810796
DS.d259.s1.i0 1.000000 0.763193
DS.d259.s1.i3 1.000000 0.899743
DS.d259.s1.i2 1.000000 0.869871
DS.d258.s0.i0 1.000000 0.992471
DS.d599.s0.i1 -1.000000 -0.773074
DS.d599.s0.i0 -1.000000 -0.743713
DS.d599.s0.i2 -1.000000 -0.737279
DS.d943.s0.i0 1.000000 0.592442
DS.d943.s0.i1 1.000000 0.820135
DS.d943.s0.i2 1.000000 0.816966
DS.d943.s0.i3 1.000000 0.617323
DS.d405.s0.i3 1.000000 0.309780
DS.d405.s0.i2 -1.000000 -0.009812
DS.d405.s0.i1 -1.000000 0.222218
DS.d405.s0.i0 1.000000 0.212871
DS.d251.s0.i0 -1.000000 0.157797
DS.d251.s0.i1 -1.000000 0.235442
DS.d250.s0.i0 1.000000 0.918162
DS.d252.s1.i0 1.000000 0.701499
DS.d252.s0.i0 1.000000 0.637783
DS.d255.s0.i0 1.000000 0.545450
DS.d255.s0.i1 1.000000 0.646319
DS.d254.s0.i0 -1.000000 -0.844313
DS.d257.s0.i0 1.000000 0.775621
DS.d257.s0.i1 1.000000 0.753424
DS.d257.s0.i2 1.000000 0.756233
DS.d257.s0.i3 1.000000 0.677384
DS.d456.s1.i0 -1.000000 -0.539387
DS.d456.s0.i0 -1.000000 -0.781182
DS.d828.s0.i0 -1.000000 -1.004942
DS.d828.s0.i1 -1.000000 -0.948896
DS.d928.s0.i0 -1.000000 -0.036630
DS.d927.s0.i0 1.000000 0.532181
DS.d927.s1.i0 1.000000 0.529985
DS.d926.s0.i1 -1.000000 -0.422616
DS.d926.s0.i0 -1.000000 -0.422616
DS.d925.s0.i0 -1.000000 -0.768201
DS.d925.s0.i1 -1.000000 -0.730588
DS.d924.s0.i1 -1.000000 -0.452637
DS.d924.s0.i0 -1.000000 -0.419523
DS.d923.s0.i0 -1.000000 -0.251042
DS.d923.s1.i0 -1.000000 -0.593722
DS.d922.s0.i0 1.000000 0.433138
DS.d921.s0.i0 1.000000 0.550550
DS.d920.s0.i1 -1.000000 -0.268082
DS.d920.s0.i0 -1.000000 -0.169551
DS.d1051.s0.i0 1.000000 0.909151
DS.d1050.s1.i0 -1.000000 -0.310488
DS.d1050.s0.i0 1.000000 0.473407
DS.d1053.s0.i0 1.000000 0.938523
DS.d1053.s0.i1 1.000000 1.027074
DS.d591.s1.i0 1.000000 0.749518
DS.d591.s0.i0 1.000000 0.870945
DS.d1055.s0.i0 1.000000 0.730478
DS.d1055.s1.i1 1.000000 0.676348
DS.d1055.s1.i0 1.000000 0.725751
DS.d1057.s0.i0 1.000000 0.853365
DS.d720.s1.i0 1.000000 0.244758
DS.d720.s1.i1 -1.000000 -0.398590
DS.d720.s0.i3 1.000000 0.645322
DS.d720.s0.i2 1.000000 0.551820
DS.d720.s0.i1 1.000000 0.880610
DS.d720.s0.i0 1.000000 0.620988
DS.d720.s0.i4 1.000000 0.966227
DS.d160.s0.i1 -1.000000 -0.861926
DS.d160.s0.i0 -1.000000 -0.811982
DS.d160.s0.i3 -1.000000 -0.861310
DS.d160.s0.i2 -1.000000 -0.797255
DS.d1058.s0.i1 -1.000000 -0.655014
DS.d1058.s0.i0 -1.000000 -0.686292
DS.d288.s0.i0 1.000000 0.989379
DS.d409.s0.i0 1.000000 0.691158
DS.d404.s0.i0 -1.000000 0.227701
DS.d404.s0.i1 1.000000 -0.048361
DS.d404.s1.i0 1.000000 0.832377
DS.d839.s0.i0 -1.000000 -0.900685
DS.d839.s1.i1 -1.000000 -0.748835
DS.d839.s1.i0 -1.000000 -0.755090
DS.d406.s2.i0 -1.000000 -0.524443
DS.d406.s0.i0 -1.000000 -0.607918
DS.d406.s1.i0 -1.000000 -0.654929
DS.d407.s0.i0 1.000000 0.743729
DS.d400.s0.i6 -1.000000 -0.883921
DS.d400.s0.i7 -1.000000 -0.935687
DS.d400.s0.i4 -1.000000 -0.917770
DS.d400.s0.i5 -1.000000 -0.905833
DS.d400.s0.i2 -1.000000 -0.913562
DS.d400.s0.i3 -1.000000 -1.004376
DS.d400.s0.i0 -1.000000 -0.932644
DS.d400.s0.i1 -1.000000 -1.037608
DS.d401.s1.i0 1.000000 0.368428
DS.d401.s0.i0 -1.000000 -0.842315
DS.d402.s0.i0 -1.000000 0.000680
DS.d838.s0.i0 1.000000 0.907952
DS.d984.s0.i1 1.000000 0.647952
DS.d984.s0.i0 1.000000 0.647952
DS.d726.s0.i1 1.000000 0.937247
DS.d726.s0.i0 1.000000 0.827225
DS.d726.s0.i2 1.000000 0.827225
DS.d835.s0.i0 1.000000 0.298157
DS.d834.s3.i0 -1.000000 0.547002
DS.d834.s2.i0 -1.000000 -0.590263
DS.d834.s1.i0 -1.000000 -0.617917
DS.d834.s0.i1 -1.000000 -0.495678
DS.d834.s0.i0 -1.000000 -0.572661
DS.d818.s0.i1 1.000000 0.741132
DS.d818.s0.i0 1.000000 0.639775
DS.d303.s0.i0 1.000000 0.339751
DS.d303.s0.i1 -1.000000 0.164970
DS.d468.s2.i0 -1.000000 0.135261
DS.d468.s0.i0 1.000000 0.288222
DS.d468.s0.i1 -1.000000 0.106798
DS.d468.s1.i1 1.000000 0.091178
DS.d468.s1.i0 1.000000 0.073814
DS.d830.s0.i0 1.000000 0.693242
DS.d101.s0.i0 1.000000 1.006364
DS.d101.s1.i0 1.000000 0.680276
DS.d100.s0.i2 -1.000000 -0.953467
DS.d100.s0.i1 -1.000000 -0.999756
DS.d100.s0.i0 -1.000000 -0.665366
DS.d103.s0.i0 -1.000000 -0.575585
DS.d103.s0.i1 -1.000000 -0.596237
DS.d469.s0.i4 -1.000000 -0.478149
DS.d469.s0.i1 -1.000000 -0.478149
DS.d469.s0.i0 -1.000000 -0.478149
DS.d469.s0.i3 1.000000 0.173028
DS.d469.s0.i2 1.000000 0.173028
DS.d105.s0.i0 -1.000000 -0.510674
DS.d105.s0.i1 -1.000000 -0.599038
DS.d104.s1.i4 -1.000000 -1.028322
DS.d104.s1.i5 -1.000000 -1.001773
DS.d104.s1.i6 -1.000000 -1.046864
DS.d104.s1.i7 -1.000000 -0.995589
DS.d104.s1.i0 -1.000000 -1.025144
DS.d104.s1.i1 -1.000000 -1.015439
DS.d104.s1.i2 -1.000000 -0.936508
DS.d104.s1.i3 -1.000000 -1.056841
DS.d104.s0.i5 -1.000000 -0.887724
DS.d104.s0.i4 -1.000000 -0.920749
DS.d104.s0.i3 -1.000000 -0.765394
DS.d104.s0.i2 -1.000000 -0.944963
DS.d104.s0.i1 -1.000000 -0.810361
DS.d104.s0.i0 -1.000000 -0.888413
DS.d107.s0.i0 1.000000 0.362414
DS.d107.s0.i1 1.000000 0.372443
DS.d106.s0.i0 1.000000 0.344533
DS.d108.s0.i0 1.000000 0.961529
DS.d538.s0.i0 -1.000000 -0.165960
DS.d350.s0.i0 1.000000 0.785021
DS.d532.s0.i0 1.000000 0.586444
DS.d532.s1.i0 -1.000000 -0.358445
DS.d533.s0.i5 -1.000000 -0.885745
DS.d533.s0.i4 -1.000000 -0.830737
DS.d533.s0.i7 -1.000000 -0.909845
DS.d533.s0.i6 -1.000000 -0.837254
DS.d533.s0.i1 -1.000000 -0.862084
DS.d533.s0.i0 -1.000000 -0.848556
DS.d533.s0.i3 -1.000000 -0.901686
DS.d533.s0.i2 -1.000000 -0.960495
DS.d534.s0.i0 -1.000000 -0.687942
DS.d535.s0.i1 -1.000000 -0.782986
DS.d535.s0.i0 -1.000000 -0.804719
DS.d536.s0.i0 1.000000 0.940723
DS.d537.s0.i0 1.000000 0.668998
DS.d550.s0.i0 1.000000 1.106218
DS.d550.s0.i1 1.000000 0.612222
DS.d550.s0.i2 1.000000 0.901532
DS.d550.s0.i3 1.000000 0.752778
DS.d550.s0.i4 1.000000 0.840887
DS.d550.s0.i5 1.000000 1.132473
DS.d550.s0.i6 1.000000 0.901532
DS.d550.s0.i7 1.000000 0.870727
DS.d550.s0.i8 1.000000 0.970515
DS.d550.s0.i9 1.000000 1.132473
DS.d550.s0.i12 1.000000 1.106218
DS.d550.s0.i13 1.000000 0.970515
DS.d550.s0.i10 1.000000 0.885524
DS.d550.s0.i11 1.000000 0.689474
DS.d550.s0.i14 1.000000 0.870727
DS.d550.s1.i3 1.000000 0.767182
DS.d550.s1.i2 1.000000 0.875691
DS.d550.s1.i1 1.000000 0.875691
DS.d550.s1.i0 1.000000 0.767182
DS.d460.s0.i23 -1.000000 -1.039158
DS.d460.s0.i22 -1.000000 -1.039978
DS.d460.s0.i21 -1.000000 -1.021775
DS.d460.s0.i20 -1.000000 -1.019195
DS.d460.s0.i18 -1.000000 -1.041037
DS.d460.s0.i19 -1.000000 -1.022483
DS.d460.s0.i16 -1.000000 -1.022483
DS.d460.s0.i17 -1.000000 -1.027217
DS.d460.s0.i14 -1.000000 -1.020291
DS.d460.s0.i15 -1.000000 -1.021452
DS.d460.s0.i12 -1.000000 -1.021808
DS.d460.s0.i13 -1.000000 -0.870032
DS.d460.s0.i10 -1.000000 -0.887604
DS.d460.s0.i11 -1.000000 -1.020936
DS.d460.s0.i8 -1.000000 -1.019730
DS.d460.s0.i9 -1.000000 -1.026036
DS.d460.s0.i4 -1.000000 -0.873032
DS.d460.s0.i5 -1.000000 -0.873997
DS.d460.s0.i6 -1.000000 -1.027217
DS.d460.s0.i7 -1.000000 -1.024748
DS.d460.s0.i0 -1.000000 -1.026036
DS.d460.s0.i1 -1.000000 -1.021726
DS.d460.s0.i2 -1.000000 -1.040989
DS.d460.s0.i3 -1.000000 -1.041037
DS.d164.s0.i0 1.000000 0.142722
DS.d758.s0.i0 -1.000000 -0.476228
DS.d502.s1.i0 -1.000000 -0.710935
DS.d502.s1.i1 -1.000000 -0.657570
DS.d502.s0.i1 1.000000 0.405650
DS.d502.s0.i0 1.000000 0.426854
DS.d551.s0.i1 1.000000 0.760214
DS.d551.s0.i0 1.000000 0.772193
DS.d551.s0.i3 1.000000 0.808382
DS.d551.s0.i2 1.000000 0.821794
DS.d624.s0.i2 1.000000 0.315905
DS.d624.s0.i0 -1.000000 0.081296
DS.d624.s0.i1 1.000000 0.311924
DS.d625.s0.i0 1.000000 0.351351
DS.d749.s0.i0 -1.000000 -0.784925
DS.d749.s0.i1 -1.000000 -0.766272
DS.d749.s0.i2 -1.000000 -0.816638
DS.d749.s0.i3 -1.000000 -0.844750
DS.d748.s0.i0 1.000000 0.806597
DS.d620.s0.i0 -1.000000 -0.037807
DS.d620.s0.i1 1.000000 0.275750
DS.d621.s1.i0 -1.000000 -0.565611
DS.d621.s1.i1 -1.000000 -0.642791
DS.d621.s0.i3 -1.000000 -0.637033
DS.d621.s0.i2 -1.000000 -0.718034
DS.d621.s0.i1 -1.000000 -0.733219
DS.d621.s0.i0 -1.000000 -0.637033
DS.d622.s4.i0 1.000000 0.500459
DS.d622.s2.i0 1.000000 0.423604
DS.d622.s3.i0 1.000000 0.732148
DS.d622.s0.i0 1.000000 0.639355
DS.d622.s1.i1 1.000000 0.747259
DS.d622.s1.i0 1.000000 0.877826
DS.d623.s0.i0 1.000000 0.884969
DS.d743.s0.i0 1.000000 0.533104
DS.d742.s0.i1 1.000000 0.831429
DS.d742.s0.i0 1.000000 0.667362
DS.d741.s0.i0 1.000000 0.776340
DS.d740.s0.i0 1.000000 -0.074216
DS.d747.s0.i0 1.000000 0.539688
DS.d747.s0.i1 1.000000 0.710757
DS.d746.s2.i0 1.000000 0.542119
DS.d746.s1.i0 1.000000 0.582698
DS.d746.s0.i0 -1.000000 0.060195
DS.d745.s0.i0 1.000000 1.158874
DS.d745.s0.i1 1.000000 0.586174
DS.d745.s0.i2 1.000000 0.794512
DS.d744.s0.i0 1.000000 0.583377
DS.d39.s1.i0 1.000000 0.284745
DS.d39.s0.i0 1.000000 0.457930
DS.d39.s2.i0 1.000000 0.598390
DS.d751.s0.i3 1.000000 0.983778
DS.d751.s0.i2 1.000000 0.846580
DS.d751.s0.i1 1.000000 0.761145
DS.d751.s0.i0 1.000000 0.877754
DS.d751.s0.i7 1.000000 0.806331
DS.d751.s0.i6 1.000000 0.841009
DS.d751.s0.i5 1.000000 0.961680
DS.d751.s0.i4 1.000000 0.769526
DS.d32.s0.i0 1.000000 0.884251
DS.d33.s2.i0 1.000000 0.549108
DS.d33.s1.i0 -1.000000 -0.672247
DS.d33.s1.i1 -1.000000 -0.651514
DS.d33.s0.i0 -1.000000 -0.487337
DS.d30.s0.i0 1.000000 0.701234
DS.d30.s1.i1 1.000000 0.776245
DS.d30.s1.i0 1.000000 0.929301
DS.d31.s0.i0 1.000000 0.487269
DS.d36.s0.i0 -1.000000 -0.197528
DS.d36.s1.i0 -1.000000 -0.491156
DS.d34.s0.i0 1.000000 0.953121
DS.d34.s1.i3 1.000000 0.432311
DS.d34.s1.i2 -1.000000 -0.367591
DS.d34.s1.i1 1.000000 0.406289
DS.d34.s1.i0 -1.000000 -0.414322
DS.d35.s0.i1 1.000000 0.944534
DS.d35.s0.i0 1.000000 0.979757
DS.d913.s2.i0 1.000000 0.671528
DS.d913.s1.i0 1.000000 0.784648
DS.d913.s0.i0 1.000000 0.888750
DS.d219.s0.i0 -1.000000 -0.692321
DS.d218.s0.i0 -1.000000 -0.703726
DS.d215.s0.i0 1.000000 0.628456
DS.d217.s0.i4 -1.000000 -0.788825
DS.d217.s0.i5 -1.000000 -0.760265
DS.d217.s0.i0 -1.000000 -0.752763
DS.d217.s0.i1 -1.000000 -0.802838
DS.d217.s0.i2 -1.000000 -0.710472
DS.d217.s0.i3 -1.000000 -0.764101
DS.d216.s0.i0 -1.000000 -0.131459
DS.d211.s0.i0 1.000000 0.904582
DS.d210.s2.i0 1.000000 0.386528
DS.d210.s1.i0 1.000000 0.385580
DS.d210.s0.i1 1.000000 0.865569
DS.d210.s0.i0 1.000000 0.856013
DS.d213.s0.i0 -1.000000 -0.857586
DS.d213.s0.i1 -1.000000 -0.818966
DS.d213.s0.i2 -1.000000 -0.849464
DS.d213.s0.i3 -1.000000 -0.866518
DS.d212.s1.i2 1.000000 0.795530
DS.d212.s1.i3 1.000000 0.717104
DS.d212.s1.i0 1.000000 0.525941
DS.d212.s1.i1 1.000000 0.732978
DS.d212.s0.i1 1.000000 0.299974
DS.d212.s0.i0 -1.000000 -0.370329
DS.d212.s0.i2 -1.000000 -0.398683
DS.d1052.s0.i0 1.000000 0.679513
DS.d339.s1.i0 -1.000000 -0.356432
DS.d339.s0.i0 -1.000000 0.127307
DS.d589.s0.i0 1.000000 0.603953
DS.d589.s0.i1 1.000000 0.802010
DS.d426.s0.i0 1.000000 0.884238
DS.d426.s0.i1 1.000000 0.696813
DS.d799.s1.i0 -1.000000 -0.618509
DS.d799.s0.i0 -1.000000 -0.605182
DS.d963.s0.i0 -1.000000 -0.844532
DS.d963.s0.i1 -1.000000 -0.713966
DS.d961.s0.i0 -1.000000 -0.599342
DS.d961.s0.i1 -1.000000 -0.589547
DS.d960.s0.i0 -1.000000 -0.417086
DS.d966.s0.i0 1.000000 0.805110
DS.d965.s0.i0 -1.000000 0.351645
DS.d964.s1.i0 1.000000 0.913973
DS.d964.s1.i1 1.000000 0.535217
DS.d964.s0.i1 1.000000 0.692456
DS.d964.s0.i0 1.000000 0.707802
DS.d964.s0.i3 1.000000 0.772521
DS.d964.s0.i2 1.000000 0.766629
DS.d969.s0.i0 -1.000000 -0.435063
DS.d969.s0.i1 -1.000000 -0.412759
DS.d968.s0.i0 1.000000 0.388156
DS.d996.s0.i0 -1.000000 -0.001943
DS.d996.s1.i0 -1.000000 -0.828506
DS.d996.s2.i0 -1.000000 -0.673490
DS.d996.s3.i0 -1.000000 -0.699663
DS.d849.s0.i0 -1.000000 -0.639123
DS.d844.s0.i0 -1.000000 -0.534312
DS.d844.s0.i1 -1.000000 -0.421221
DS.d845.s0.i3 -1.000000 -0.296413
DS.d845.s0.i2 -1.000000 -0.603758
DS.d845.s0.i1 -1.000000 -0.503979
DS.d845.s0.i0 -1.000000 -0.363952
DS.d427.s0.i0 1.000000 0.686813
DS.d847.s0.i1 -1.000000 -0.326928
DS.d847.s0.i0 1.000000 0.133333
DS.d840.s0.i0 -1.000000 -1.114863
DS.d840.s0.i1 -1.000000 -1.014744
DS.d841.s0.i0 1.000000 0.663403
DS.d842.s0.i0 -1.000000 -0.780949
DS.d842.s0.i1 -1.000000 -0.786200
DS.d843.s1.i0 -1.000000 -0.778151
DS.d843.s0.i0 -1.000000 -0.960369
DS.d440.s0.i2 -1.000000 -0.868792
DS.d440.s0.i3 -1.000000 -0.924667
DS.d440.s0.i0 -1.000000 -0.914510
DS.d440.s0.i1 -1.000000 -1.002148
DS.d441.s1.i0 1.000000 0.346668
DS.d441.s0.i0 1.000000 0.780893
DS.d0.s0.i0 1.000000 0.896875
DS.d0.s1.i0 1.000000 0.914669
DS.d443.s0.i1 1.000000 0.626073
DS.d443.s0.i0 1.000000 0.591135
DS.d443.s0.i2 1.000000 0.784749
DS.d444.s0.i0 1.000000 0.828593
DS.d444.s0.i1 1.000000 0.683884
DS.d444.s1.i1 1.000000 0.708019
DS.d444.s1.i0 1.000000 0.795974
DS.d445.s0.i0 1.000000 0.534224
DS.d446.s0.i0 1.000000 0.647731
DS.d446.s0.i1 1.000000 0.675203
DS.d446.s0.i2 1.000000 0.711226
DS.d446.s0.i3 1.000000 0.715086
DS.d446.s1.i0 1.000000 -0.121649
DS.d447.s1.i0 1.000000 1.039912
DS.d447.s0.i0 1.000000 0.640389
DS.d448.s0.i0 1.000000 0.734644
DS.d449.s0.i1 1.000000 0.873222
DS.d449.s0.i0 1.000000 0.968664
DS.d9.s0.i1 1.000000 0.813854
DS.d9.s0.i0 1.000000 0.880722
DS.d1063.s0.i1 1.000000 0.651669
DS.d1063.s0.i0 1.000000 0.660188
DS.d993.s2.i1 1.000000 0.353300
DS.d993.s2.i0 1.000000 0.605495
DS.d993.s1.i0 -1.000000 -0.527993
DS.d993.s0.i1 1.000000 0.986195
DS.d993.s0.i0 1.000000 0.966624
DS.d282.s0.i0 -1.000000 -0.603079
DS.d283.s0.i0 -1.000000 -0.479700
DS.d281.s0.i0 -1.000000 -0.279915
DS.d286.s0.i0 1.000000 0.282835
DS.d286.s1.i1 1.000000 0.747032
DS.d286.s1.i0 1.000000 0.814153
DS.d990.s0.i0 1.000000 0.777343
DS.d284.s0.i0 1.000000 0.753625
DS.d285.s1.i2 -1.000000 -0.994964
DS.d285.s1.i3 -1.000000 -0.889170
DS.d285.s1.i0 -1.000000 -1.032180
DS.d285.s1.i1 -1.000000 -1.107515
DS.d285.s0.i0 1.000000 0.072359
DS.d424.s0.i0 1.000000 1.015777
DS.d424.s1.i1 1.000000 0.917734
DS.d424.s1.i0 1.000000 0.776974
DS.d360.s0.i0 1.000000 0.418859
DS.d363.s0.i0 -1.000000 -0.263040
DS.d363.s0.i1 -1.000000 -0.483887
DS.d991.s0.i0 1.000000 0.702350
DS.d365.s0.i0 -1.000000 0.687624
DS.d364.s0.i0 -1.000000 -0.633267
DS.d367.s0.i0 -1.000000 -0.266493
DS.d999.s1.i0 1.000000 0.821696
DS.d999.s1.i1 1.000000 0.865417
DS.d999.s0.i0 1.000000 0.658684
DS.d999.s2.i0 1.000000 0.670784
DS.d102.s0.i0 1.000000 1.049968
DS.d548.s0.i3 1.000000 0.833781
DS.d548.s0.i2 1.000000 0.802923
DS.d548.s0.i1 1.000000 0.957757
DS.d548.s0.i0 1.000000 0.623626
DS.d548.s0.i7 1.000000 0.689074
DS.d548.s0.i6 1.000000 0.853473
DS.d548.s0.i5 1.000000 0.982888
DS.d548.s0.i4 1.000000 0.732693
DS.d145.s0.i2 1.000000 0.160535
DS.d145.s0.i0 1.000000 0.099186
DS.d145.s0.i1 -1.000000 -0.009641
DS.d145.s1.i1 -1.000000 -0.747866
DS.d145.s1.i0 -1.000000 -0.723531
DS.d145.s1.i2 -1.000000 -0.650276
DS.d144.s0.i0 1.000000 1.147024
DS.d147.s0.i0 1.000000 0.377500
DS.d590.s0.i4 1.000000 -0.047941
DS.d590.s0.i5 -1.000000 -0.590771
DS.d590.s0.i0 -1.000000 -0.664307
DS.d590.s0.i1 -1.000000 -0.618546
DS.d590.s0.i2 1.000000 0.023215
DS.d590.s0.i3 -1.000000 -0.699083
DS.d141.s0.i0 -1.000000 -0.140705
DS.d141.s1.i0 -1.000000 -0.425978
DS.d140.s3.i0 1.000000 0.820444
DS.d140.s3.i1 1.000000 0.944079
DS.d140.s2.i0 1.000000 0.723769
DS.d140.s1.i0 1.000000 0.988265
DS.d140.s1.i1 1.000000 0.899289
DS.d140.s0.i5 1.000000 0.945614
DS.d140.s0.i4 1.000000 0.930545
DS.d140.s0.i3 1.000000 0.921192
DS.d140.s0.i2 1.000000 0.905180
DS.d140.s0.i1 1.000000 0.921192
DS.d140.s0.i0 1.000000 0.905180
DS.d140.s4.i3 1.000000 0.950264
DS.d140.s4.i2 1.000000 1.019736
DS.d140.s4.i1 1.000000 1.050588
DS.d140.s4.i0 1.000000 0.871288
DS.d140.s4.i7 1.000000 1.011241
DS.d140.s4.i6 1.000000 1.307408
DS.d140.s4.i5 1.000000 0.348944
DS.d140.s4.i4 1.000000 1.128807
DS.d143.s0.i0 1.000000 0.578156
DS.d142.s1.i0 1.000000 0.673168
DS.d142.s0.i1 1.000000 0.930196
DS.d142.s0.i0 1.000000 0.965146
DS.d142.s0.i3 1.000000 0.984258
DS.d142.s0.i2 1.000000 0.872657
DS.d362.s0.i0 1.000000 0.783521
DS.d1061.s0.i0 1.000000 0.907893
DS.d1062.s0.i0 -1.000000 -0.017371
DS.d846.s0.i8 1.000000 0.851033
DS.d846.s0.i9 1.000000 0.916418
DS.d846.s0.i4 1.000000 0.792288
DS.d846.s0.i5 1.000000 0.831002
DS.d846.s0.i6 1.000000 0.919744
DS.d846.s0.i7 1.000000 0.785069
DS.d846.s0.i0 1.000000 0.871140
DS.d846.s0.i1 1.000000 0.906321
DS.d846.s0.i2 1.000000 0.839598
DS.d846.s0.i3 1.000000 0.927173
DS.d846.s0.i10 1.000000 0.835952
DS.d846.s0.i11 1.000000 0.893670
DS.d846.s1.i1 -1.000000 -0.534193
DS.d846.s1.i0 -1.000000 -0.415469
DS.d1064.s0.i0 -1.000000 -0.578395
DS.d1064.s0.i1 -1.000000 -0.630830
DS.d1065.s0.i4 1.000000 0.796563
DS.d1065.s0.i3 1.000000 0.847255
DS.d1065.s0.i2 1.000000 0.824024
DS.d1065.s0.i1 1.000000 0.705372
DS.d1065.s0.i0 1.000000 0.705717
DS.d824.s0.i0 -1.000000 -0.125331
DS.d89.s0.i0 -1.000000 -0.794154
DS.d89.s0.i1 -1.000000 -0.720629
DS.d89.s0.i2 -1.000000 -0.780121
DS.d89.s1.i1 -1.000000 0.233569
DS.d89.s1.i0 -1.000000 0.324483
DS.d88.s0.i1 -1.000000 -1.069810
DS.d88.s0.i0 -1.000000 -1.089335
DS.d88.s0.i3 -1.000000 -1.113123
DS.d88.s0.i2 -1.000000 -1.067141
DS.d422.s0.i0 1.000000 0.695873
DS.d422.s1.i1 1.000000 0.760282
DS.d422.s1.i0 1.000000 0.552641
DS.d256.s0.i1 1.000000 0.725136
DS.d256.s0.i0 1.000000 0.636347
DS.d82.s1.i0 1.000000 0.500736
DS.d82.s0.i0 -1.000000 0.624846
DS.d403.s0.i0 -1.000000 -0.087727
DS.d80.s1.i0 -1.000000 -0.006849
DS.d80.s0.i0 1.000000 0.520653
DS.d87.s0.i0 1.000000 0.783234
DS.d87.s1.i0 -1.000000 0.064673
DS.d87.s2.i0 1.000000 0.939304
DS.d86.s0.i1 -1.000000 -0.313638
DS.d86.s0.i0 -1.000000 -0.649716
DS.d84.s0.i0 -1.000000 -0.403192
DS.d359.s0.i0 1.000000 0.544228
DS.d423.s0.i1 1.000000 1.018056
DS.d423.s0.i0 1.000000 1.010300
DS.d1019.s0.i0 1.000000 0.705470
DS.d1015.s0.i2 1.000000 0.774493
DS.d1015.s0.i3 1.000000 0.701601
DS.d1015.s0.i0 1.000000 0.774493
DS.d1015.s0.i1 1.000000 0.701601
DS.d1015.s0.i4 1.000000 0.932966
DS.d1015.s0.i5 1.000000 0.932966
DS.d1014.s2.i0 1.000000 0.474049
DS.d1014.s1.i0 1.000000 0.477932
DS.d1014.s0.i0 -1.000000 0.537740
DS.d1017.s0.i0 1.000000 0.919056
DS.d1016.s0.i0 1.000000 0.750177
DS.d1011.s0.i0 1.000000 0.706430
DS.d1011.s1.i0 1.000000 0.403708
DS.d1010.s0.i0 -1.000000 -0.253028
DS.d1013.s0.i0 1.000000 0.462681
DS.d1013.s1.i0 1.000000 0.589686
DS.d1012.s0.i1 1.000000 0.911269
DS.d1012.s0.i0 1.000000 0.965016
DS.d330.s0.i0 1.000000 0.600407
DS.d148.s0.i1 -1.000000 -0.528843
DS.d148.s0.i0 -1.000000 -0.604593
DS.d83.s0.i0 -1.000000 -0.062026
DS.d789.s0.i0 -1.000000 -0.033295
DS.d788.s1.i0 -1.000000 -0.653404
DS.d788.s0.i1 -1.000000 -0.770614
DS.d788.s0.i0 -1.000000 -0.739241
DS.d787.s0.i2 1.000000 1.216430
DS.d787.s0.i3 1.000000 0.738059
DS.d787.s0.i0 1.000000 0.999856
DS.d787.s0.i1 1.000000 0.963159
DS.d787.s1.i0 1.000000 0.595255
DS.d786.s1.i0 1.000000 0.832696
DS.d786.s0.i0 1.000000 0.908373
DS.d785.s0.i0 1.000000 0.483041
DS.d784.s0.i1 1.000000 0.812093
DS.d784.s0.i0 1.000000 0.519040
DS.d784.s0.i2 1.000000 0.847465
DS.d783.s0.i0 1.000000 -0.232946
DS.d783.s1.i0 1.000000 0.581257
DS.d782.s0.i0 -1.000000 -0.709258
DS.d781.s0.i0 1.000000 0.726320
DS.d781.s0.i1 1.000000 0.713644
DS.d780.s0.i0 1.000000 0.717513
DS.d668.s0.i0 1.000000 0.949057
DS.d669.s1.i0 1.000000 0.646043
DS.d669.s0.i0 -1.000000 -0.255789
DS.d543.s0.i0 1.000000 0.923899
DS.d543.s1.i1 1.000000 0.867616
DS.d543.s1.i0 1.000000 0.867616
DS.d542.s0.i0 1.000000 0.660168
DS.d995.s0.i0 -1.000000 -0.533599
DS.d544.s0.i1 -1.000000 -0.422444
DS.d544.s0.i0 -1.000000 -0.583604
DS.d547.s0.i0 1.000000 0.687847
DS.d547.s1.i0 -1.000000 -0.666007
DS.d546.s1.i0 -1.000000 -0.845199
DS.d546.s1.i1 -1.000000 -0.832991
DS.d546.s0.i1 -1.000000 -0.806043
DS.d546.s0.i0 -1.000000 -0.971793
DS.d546.s0.i3 -1.000000 -0.952457
DS.d546.s0.i2 -1.000000 -0.800324
DS.d546.s0.i5 -1.000000 -0.954542
DS.d546.s0.i4 -1.000000 -1.019700
DS.d546.s0.i7 -1.000000 -0.946755
DS.d546.s0.i6 -1.000000 -0.978358
DS.d546.s0.i9 -1.000000 -0.896093
DS.d546.s0.i8 -1.000000 -0.781907
DS.d546.s0.i11 -1.000000 -0.927935
DS.d546.s0.i10 -1.000000 -0.971272
DS.d660.s0.i0 -1.000000 -0.347274
DS.d661.s0.i0 -1.000000 -0.587738
DS.d662.s0.i0 1.000000 0.560901
DS.d662.s0.i1 1.000000 0.512394
DS.d663.s1.i2 1.000000 0.815667
DS.d663.s1.i0 1.000000 0.789616
DS.d663.s1.i1 1.000000 0.840695
DS.d663.s0.i0 1.000000 0.981386
DS.d664.s0.i0 1.000000 0.815834
DS.d664.s1.i0 1.000000 0.560270
DS.d665.s1.i0 1.000000 1.237117
DS.d665.s0.i0 1.000000 0.313102
DS.d666.s0.i0 -1.000000 -0.491806
DS.d666.s0.i1 -1.000000 -0.349688
DS.d667.s0.i1 1.000000 0.869535
DS.d667.s0.i0 1.000000 0.950880
DS.d531.s1.i0 1.000000 0.593469
DS.d531.s0.i0 1.000000 0.745809
DS.d545.s0.i0 -1.000000 -0.440968
DS.d545.s0.i1 -1.000000 -0.464514
