DS2.d1.s0.i0 1.0 1.28045774018
DS2.d28.s0.i0 1.0 -0.0743569551786
DS2.d28.s0.i1 1.0 -0.234670407466
DS2.d28.s0.i2 1.0 -0.538204870887
DS2.d35.s0.i0 1.0 0.652910533609
DS2.d35.s0.i1 1.0 0.357598120743
DS2.d53.s0.i0 1.0 0.794124544888
DS2.d53.s0.i1 1.0 0.803114461265
DS2.d53.s0.i2 1.0 1.40155731712
DS2.d58.s0.i0 1.0 1.5293421241
DS2.d58.s0.i1 1.0 1.92413527317
DS2.d58.s0.i2 1.0 1.01386555284
DS2.d58.s0.i3 1.0 1.23451615037
DS2.d58.s0.i4 1.0 1.86089583356
DS2.d58.s0.i5 1.0 1.17181766242
DS2.d69.s0.i0 -1 0.442651748939
DS2.d69.s0.i1 -1 0.33494134176
DS2.d69.s0.i2 -1 0.537554086476
DS2.d72.s0.i0 -1 -0.828921201466
DS2.d72.s0.i1 -1 -0.530286266915
DS2.d72.s0.i2 -1 -0.508553858294
DS2.d80.s0.i0 1.0 0.817777248524
DS2.d80.s1.i0 -1 1.8027101345
DS2.d105.s0.i0 -1 -0.102853061456
DS2.d105.s0.i1 -1 -0.0661135688887
DS2.d108.s0.i0 1.0 1.8023151488
DS2.d113.s0.i0 1.0 1.47359476088
DS2.d113.s0.i1 1.0 1.84539495814
DS2.d113.s1.i0 1.0 0.846738625049
DS2.d115.s0.i0 1.0 0.0908894950512
DS2.d115.s0.i1 1.0 0.0815700941213
DS2.d115.s1.i0 1.0 1.37620354448
DS2.d147.s0.i0 1.0 0.334146326812
DS2.d169.s0.i0 -1 0.572592494206
DS2.d169.s0.i1 -1 -0.501747333187
DS2.d174.s0.i0 1.0 0.0927767823321
DS2.d174.s0.i1 1.0 1.12984357105
DS2.d174.s1.i0 1.0 0.408387415164
DS2.d174.s1.i1 1.0 0.694099086125
DS2.d174.s1.i2 1.0 0.73367821217
DS2.d174.s1.i3 1.0 0.628378633464
DS2.d181.s0.i0 -1 0.932279352584
DS2.d181.s0.i1 -1 0.384773418726
DS2.d181.s0.i2 1.0 0.254118651681
DS2.d181.s0.i3 -1 -0.217012113998
DS2.d181.s0.i4 -1 0.0537060131839
DS2.d192.s0.i0 -1 -0.199236964601
DS2.d199.s0.i0 1.0 -0.427147764151
DS2.d199.s0.i1 1.0 -0.710909181438
DS2.d199.s0.i2 1.0 -0.568685897848
DS2.d243.s0.i0 1.0 0.395080337892
DS2.d251.s0.i0 -1 0.692097122015
DS2.d251.s0.i1 -1 0.62480295699
DS2.d256.s0.i0 1.0 0.678850154352
DS2.d256.s0.i1 1.0 0.927824970764
DS2.d279.s0.i0 1.0 0.994988838225
DS2.d279.s0.i1 1.0 0.857575100357
DS2.d279.s0.i2 1.0 0.63005754703
DS2.d279.s0.i3 1.0 -0.880725775308
DS2.d279.s0.i4 1.0 -0.690617564283
DS2.d279.s0.i5 1.0 1.43516525674
DS2.d279.s0.i6 1.0 0.857575100357
DS2.d279.s0.i7 1.0 0.63005754703
DS2.d287.s0.i0 1.0 0.879252488551
DS2.d294.s0.i0 1.0 0.115780369739
DS2.d300.s0.i0 -1 0.513846539132
DS2.d300.s0.i1 -1 1.49682886512
DS2.d301.s0.i0 -1 -2.61122758875
DS2.d321.s0.i0 1.0 -0.169438112357
DS2.d327.s0.i0 -1 -0.527676644135
DS2.d327.s0.i1 -1 -0.418299771608
DS2.d327.s0.i2 -1 -0.166580172
DS2.d343.s0.i0 -1 0.324708324468
DS2.d346.s0.i0 1.0 0.717636213727
DS2.d346.s1.i0 -1 -0.903029161528
DS2.d346.s1.i1 -1 -0.945378130635
DS2.d354.s0.i0 -1 -1.11652253804
DS2.d354.s1.i0 -1 -1.8126781854
DS2.d376.s0.i0 -1 -2.53270201281
DS2.d376.s1.i0 -1 0.738231740571
DS2.d379.s0.i0 1.0 1.43615808009
DS2.d379.s0.i1 1.0 1.43615808009
DS2.d379.s0.i2 1.0 1.88346639735
DS2.d379.s1.i0 1.0 1.7330386021
DS2.d379.s1.i1 1.0 1.7330386021
DS2.d379.s1.i2 1.0 1.59198557049
DS2.d379.s1.i3 1.0 1.54704558671
DS2.d379.s1.i4 1.0 1.54704558671
DS2.d379.s1.i5 1.0 1.56643175656
DS2.d382.s0.i0 -1 -1.09913730624
DS2.d382.s0.i1 -1 -0.709490165022
DS2.d382.s0.i2 -1 -0.895778020176
DS2.d382.s0.i3 -1 -0.860417299276
DS2.d382.s0.i4 -1 -0.731031991868
DS2.d382.s0.i5 -1 -1.18860723046
DS2.d382.s0.i6 -1 -0.65554371472
DS2.d382.s0.i7 -1 -0.87036890629
DS2.d382.s0.i8 -1 -0.639425179369
DS2.d382.s0.i9 -1 -1.22895192363
DS2.d382.s0.i10 -1 -0.740159563148
DS2.d382.s0.i11 -1 -1.11639160296
DS2.d382.s1.i0 -1 -1.91096929258
DS2.d382.s1.i1 -1 -1.42963605146
DS2.d382.s1.i2 -1 -1.71329879113
DS2.d382.s1.i3 -1 -1.471823496
DS2.d382.s1.i4 -1 -2.37154683205
DS2.d382.s1.i5 -1 -1.67111134658
DS2.d382.s2.i0 -1 -1.58101420858
DS2.d382.s2.i1 -1 -2.02785790912
DS2.d390.s0.i0 1.0 0.238934808532
DS2.d390.s0.i1 1.0 -0.693852235231
DS2.d390.s1.i0 1.0 -0.315601978029
DS2.d412.s0.i0 1.0 -0.544960057148
DS2.d412.s0.i1 1.0 0.413862823679
DS2.d423.s0.i0 1.0 0.225163146352
DS2.d423.s0.i1 1.0 0.737983764196
DS2.d425.s0.i0 1.0 -1.01854728431
DS2.d425.s1.i0 1.0 -0.405947495041
DS2.d425.s1.i1 1.0 -1.28034542747
DS2.d425.s2.i0 -1 -0.677686900158
DS2.d425.s3.i0 1.0 1.01326093002
DS2.d435.s0.i0 1.0 -0.414343900185
DS2.d435.s0.i1 1.0 0.488955292014
DS2.d435.s0.i2 1.0 0.0919751927071
DS2.d435.s0.i3 1.0 0.0632631998987
DS2.d435.s0.i4 1.0 0.147813785311
DS2.d435.s0.i5 1.0 -0.251888934825
DS2.d435.s0.i6 1.0 -0.336439520238
DS2.d435.s0.i7 1.0 -0.397657722715
DS2.d435.s0.i8 1.0 0.0264002536324
DS2.d435.s0.i9 1.0 0.404404706601
DS2.d435.s0.i10 1.0 -0.0774027106008
DS2.d435.s0.i11 1.0 0.176525778118
DS2.d435.s0.i12 1.0 -0.161953296014
DS2.d435.s0.i13 1.0 -0.498894485598
DS2.d435.s0.i14 1.0 0.272844489644
DS2.d435.s0.i15 1.0 -0.313107137302
DS2.d438.s0.i0 -1 -0.0585419942262
DS2.d441.s0.i0 1.0 1.18434395186
DS2.d441.s1.i0 1.0 -0.415059656552
DS2.d449.s0.i0 1.0 2.27242221415
DS2.d449.s0.i1 1.0 1.97537169028
DS2.d455.s0.i0 -1 1.33375570272
DS2.d455.s0.i1 -1 1.47368309657
DS2.d505.s0.i0 1.0 -0.722186575034
DS2.d505.s1.i0 1.0 1.10723822367
DS2.d505.s2.i0 1.0 0.511171986722
DS2.d505.s3.i0 1.0 1.72360249554
DS2.d505.s4.i0 1.0 1.007720764
DS2.d510.s0.i0 1.0 1.94839834331
DS2.d512.s0.i0 -1 -0.708011964457
DS2.d519.s0.i0 -1 -0.827974059067
DS2.d525.s0.i0 1.0 1.45125578744
DS2.d538.s0.i0 -1 -0.885443848666
DS2.d570.s0.i0 -1 -0.204659268815
DS2.d590.s0.i0 -1 -0.709765753695
DS2.d590.s0.i1 -1 -1.16275945804
DS2.d590.s0.i2 1.0 -0.0173828004516
DS2.d590.s0.i3 -1 -0.671494357904
DS2.d590.s0.i4 1.0 -0.0754855011812
DS2.d590.s0.i5 -1 -1.62110490976
DS2.d606.s0.i0 1.0 1.28057525473
DS2.d606.s0.i1 1.0 0.979099223967
DS2.d615.s0.i0 1.0 -1.2016058755
DS2.d637.s0.i0 -1 -0.663707567361
DS2.d640.s0.i0 1.0 0.328483132963
DS2.d640.s0.i1 1.0 -0.251439159925
DS2.d644.s0.i0 -1 -0.985258899691
DS2.d651.s0.i0 1.0 0.497791592487
DS2.d651.s0.i1 1.0 -0.290491393054
DS2.d651.s0.i2 1.0 0.574218749375
DS2.d651.s0.i3 1.0 -0.417879542382
DS2.d658.s0.i0 1.0 0.183034536872
DS2.d661.s0.i0 -1 -1.34246435086
DS2.d668.s0.i0 1.0 0.468365474957
DS2.d671.s0.i0 1.0 0.469678147546
DS2.d671.s1.i0 -1 -1.33710320932
DS2.d671.s1.i1 -1 -1.16458127892
DS2.d671.s1.i2 -1 -1.60757012937
DS2.d671.s1.i3 1.0 0.291310781833
DS2.d671.s1.i4 -1 -0.929871529232
DS2.d671.s1.i5 -1 0.326210006093
DS2.d673.s0.i0 1.0 1.36437523096
DS2.d673.s1.i0 1.0 1.00095518261
DS2.d680.s0.i0 1.0 -0.175530949136
DS2.d686.s0.i0 1.0 1.391975564
DS2.d686.s0.i1 1.0 1.29998639907
DS2.d686.s1.i0 1.0 0.877761345755
DS2.d686.s1.i1 1.0 1.11913028112
DS2.d687.s0.i0 1.0 0.2600131838
DS2.d704.s0.i0 -1 -1.3528618564
DS2.d704.s0.i1 -1 -0.99143772245
DS2.d704.s0.i2 -1 -1.5855827389
DS2.d713.s0.i0 1.0 -0.4083271893
DS2.d713.s0.i1 -1 -0.39459326313
DS2.d713.s1.i0 -1 0.395478797412
DS2.d724.s0.i0 -1 0.21270324603
DS2.d724.s0.i1 -1 -0.106362536589
DS2.d724.s0.i2 -1 0.274917937658
DS2.d724.s0.i3 -1 -0.00754314726491
DS2.d724.s0.i4 -1 -0.044147844963
DS2.d724.s0.i5 -1 0.352192765176
DS2.d724.s0.i6 -1 -0.00901515487163
DS2.d724.s0.i7 -1 0.557199543064
DS2.d724.s0.i8 -1 0.195991623017
DS2.d724.s0.i9 -1 -0.148504674016
DS2.d724.s0.i10 -1 0.0331269825559
DS2.d724.s0.i11 -1 -0.086289982388
DS2.d737.s0.i0 1.0 0.455698192232
DS2.d752.s0.i0 1.0 1.08278241945
DS2.d752.s0.i1 1.0 0.887328161969
DS2.d754.s0.i0 1.0 0.391081229245
DS2.d754.s1.i0 1.0 -0.545625088859
DS2.d759.s0.i0 1.0 0.587820338663
DS2.d759.s0.i1 1.0 -0.113365359658
DS2.d768.s0.i0 1.0 -0.0604646560063
DS2.d768.s1.i0 1.0 -0.57515332724
DS2.d775.s0.i0 1.0 0.990416900861
DS2.d775.s1.i0 1.0 -0.600821133124
DS2.d781.s0.i0 1.0 0.0972413372321
DS2.d781.s0.i1 1.0 0.396005294879
DS2.d787.s0.i0 1.0 1.39752043788
DS2.d787.s0.i1 1.0 1.36859400078
DS2.d787.s0.i2 1.0 1.14413095521
DS2.d787.s0.i3 1.0 1.58497037734
DS2.d787.s1.i0 1.0 1.18697990325
DS2.d795.s0.i0 1.0 1.07472319072
DS2.d802.s0.i0 1.0 0.329070650828
DS2.d802.s0.i1 -1 -0.118458973629
DS2.d802.s0.i2 1.0 1.44606226614
DS2.d802.s0.i3 -1 -0.664261687018
DS2.d814.s0.i0 -1 -0.264020125386
DS2.d814.s0.i1 -1 -2.12584063497
DS2.d814.s1.i0 -1 -1.51898460415
DS2.d814.s1.i1 -1 -0.285055286435
DS2.d814.s1.i2 -1 0.169073262882
DS2.d814.s2.i0 -1 -0.864557811948
DS2.d821.s0.i0 1.0 1.77516520939
DS2.d822.s0.i0 1.0 0.984076762113
DS2.d822.s1.i0 1.0 1.30662485855
DS2.d825.s0.i0 1.0 1.62089647982
DS2.d825.s1.i0 -1 -0.955704418859
DS2.d825.s1.i1 -1 -0.955704418859
DS2.d825.s1.i2 -1 -0.272126955372
DS2.d830.s0.i0 1.0 -0.139552466366
DS2.d833.s0.i0 1.0 0.786511716115
DS2.d833.s0.i1 1.0 -0.0378477411489
DS2.d833.s1.i0 1.0 0.49696595403
DS2.d836.s0.i0 1.0 0.354579004534
DS2.d836.s0.i1 1.0 0.500004653124
DS2.d837.s0.i0 1.0 0.201622843119
DS2.d844.s0.i0 -1 -0.668359579656
DS2.d844.s0.i1 -1 -0.681814407049
DS2.d852.s0.i0 1.0 -0.0163096550469
DS2.d852.s0.i1 1.0 -0.0835556737095
DS2.d857.s0.i0 1.0 -0.603515032089
DS2.d857.s1.i0 1.0 0.109607047606
DS2.d858.s0.i0 1.0 -1.55791835533
DS2.d858.s1.i0 1.0 1.43542269936
DS2.d881.s0.i0 1.0 0.289679317085
DS2.d881.s0.i1 1.0 1.61015230088
DS2.d881.s0.i2 1.0 0.358062303461
DS2.d881.s0.i3 -1 0.239981310473
DS2.d884.s0.i0 1.0 0.744947351412
DS2.d884.s0.i1 1.0 0.674284497631
DS2.d884.s1.i0 1.0 0.787065205821
DS2.d884.s2.i0 1.0 1.19471071835
DS2.d884.s2.i1 1.0 1.49824389711
DS2.d891.s0.i0 1.0 1.29567009243
DS2.d891.s0.i1 1.0 1.06134563586
DS2.d891.s1.i0 -1 -1.02287460033
DS2.d891.s1.i1 -1 -1.4321130649
DS2.d909.s0.i0 -1 -1.10638654522
DS2.d909.s1.i0 -1 -0.770386267597
DS2.d918.s0.i0 1.0 0.799431801478
DS2.d918.s0.i1 1.0 -0.923380721522
DS2.d918.s1.i0 1.0 1.40604611113
DS2.d953.s0.i0 -1 1.1820162034
DS2.d975.s0.i0 1.0 1.36571861007
DS2.d975.s0.i1 1.0 0.811424759087
DS2.d975.s0.i2 1.0 0.88736832765
DS2.d975.s0.i3 1.0 0.285318362526
DS2.d985.s0.i0 -1 -0.859467212103
DS2.d985.s0.i1 -1 1.64010962266
DS2.d992.s0.i0 1.0 0.501970647274
DS2.d999.s0.i0 1.0 1.46152332909
DS2.d999.s1.i0 1.0 1.14084214833
DS2.d999.s1.i1 1.0 0.782667614828
DS2.d999.s2.i0 1.0 1.34004373154
DS2.d1008.s0.i0 1.0 -0.238132874584
DS2.d1015.s0.i0 1.0 0.732816880968
DS2.d1015.s0.i1 1.0 0.289087609031
DS2.d1015.s0.i2 1.0 0.732816880968
DS2.d1015.s0.i3 1.0 0.289087609031
DS2.d1015.s0.i4 1.0 0.16284495805
DS2.d1015.s0.i5 1.0 0.16284495805
DS2.d1024.s0.i0 1.0 1.15621439629
DS2.d1032.s0.i0 1.0 1.21238098676
DS2.d1034.s0.i0 1.0 0.0914871577528
DS2.d1034.s0.i1 1.0 -0.119529968388
DS2.d1034.s1.i0 -1 -0.755335121433
DS2.d1043.s0.i0 -1 -1.65122843169
