DS1.d7.s0.i0 1.0 0.899780820766
DS1.d7.s0.i1 1.0 1.01872750238
DS1.d7.s0.i2 1.0 1.26123995675
DS1.d7.s0.i3 1.0 1.18642925207
DS1.d7.s1.i0 1.0 1.20762000975
DS1.d7.s1.i1 1.0 1.1493819083
DS1.d7.s2.i0 -1 -0.0710080078931
DS1.d7.s2.i1 -1 0.0529761124929
DS1.d16.s0.i0 1.0 1.50106593453
DS1.d28.s0.i0 1.0 1.15520943845
DS1.d28.s0.i1 1.0 1.55241873679
DS1.d28.s0.i2 1.0 1.82953280747
DS1.d28.s1.i0 1.0 1.25885427484
DS1.d28.s1.i1 1.0 1.56280373464
DS1.d39.s0.i0 -1 0.460262528477
DS1.d72.s0.i0 -1 -0.715374290092
DS1.d72.s0.i1 -1 -0.996458254039
DS1.d87.s0.i0 1.0 1.12669588604
DS1.d91.s0.i0 -1 -0.422262152534
DS1.d91.s0.i1 -1 -0.579577955304
DS1.d91.s0.i2 -1 -1.13305034914
DS1.d91.s0.i3 -1 -0.557745013586
DS1.d91.s0.i4 -1 -0.870539549161
DS1.d91.s0.i5 1.0 0.431405917636
DS1.d109.s0.i0 1.0 -1.18241938572
DS1.d109.s0.i1 1.0 -0.853591047353
DS1.d109.s0.i2 -1 -0.495326571413
DS1.d109.s0.i3 1.0 -0.358539116042
DS1.d109.s0.i4 -1 -0.260122915745
DS1.d109.s0.i5 -1 0.114689739818
DS1.d134.s0.i0 1.0 0.719769647289
DS1.d134.s0.i1 1.0 0.153940563969
DS1.d151.s0.i0 -1 1.05007971437
DS1.d155.s0.i0 1.0 1.16647696372
DS1.d155.s0.i1 1.0 0.018268521913
DS1.d155.s0.i2 1.0 1.53443243859
DS1.d161.s0.i0 1.0 0.160801568735
DS1.d161.s0.i1 1.0 -0.458824869707
DS1.d161.s0.i2 1.0 -0.272565428806
DS1.d161.s0.i3 1.0 0.0431219404098
DS1.d161.s0.i4 1.0 0.232001251803
DS1.d161.s0.i5 1.0 -0.388721748765
DS1.d169.s0.i0 1.0 -0.00138421986343
DS1.d169.s0.i1 1.0 -0.244105859381
DS1.d169.s1.i0 1.0 -0.503177608295
DS1.d169.s1.i1 1.0 -0.614308395482
DS1.d169.s1.i2 1.0 -0.984126972372
DS1.d169.s1.i3 1.0 -0.838650809372
DS1.d169.s1.i4 1.0 -0.987155884509
DS1.d169.s1.i5 1.0 -1.36849155341
DS1.d180.s0.i0 1.0 0.822220064232
DS1.d180.s0.i1 1.0 1.12653901227
DS1.d180.s1.i0 1.0 2.71467767543
DS1.d180.s2.i0 1.0 2.90844803649
DS1.d180.s2.i1 1.0 2.09011839842
DS1.d210.s0.i0 1.0 1.41398973548
DS1.d210.s0.i1 1.0 1.63646827689
DS1.d218.s0.i0 1.0 1.452212433
DS1.d218.s0.i1 1.0 1.3398621376
DS1.d218.s1.i0 -1 -0.819609576099
DS1.d218.s1.i1 -1 -0.949890089093
DS1.d218.s1.i2 -1 -0.891676225371
DS1.d218.s1.i3 -1 -0.737299841899
DS1.d263.s0.i0 1.0 0.394161995847
DS1.d263.s0.i1 -1 0.730157330798
DS1.d263.s0.i2 1.0 0.809802441967
DS1.d263.s0.i3 1.0 1.18828758662
DS1.d263.s0.i4 -1 0.64854622333
DS1.d263.s0.i5 -1 1.03856959511
DS1.d263.s0.i6 -1 0.392044752651
DS1.d263.s0.i7 1.0 0.471689863819
DS1.d263.s0.i8 -1 0.310359516764
DS1.d263.s0.i9 1.0 0.471689863819
DS1.d263.s0.i10 1.0 0.7281913345
DS1.d263.s0.i11 -1 0.392044752651
DS1.d263.s0.i12 -1 0.314516884678
DS1.d263.s0.i13 1.0 0.390004627933
DS1.d263.s1.i0 1.0 0.899073021789
DS1.d265.s0.i0 1.0 2.04723014557
DS1.d265.s0.i1 -1 0.140266063419
DS1.d265.s1.i0 1.0 1.71172070854
DS1.d265.s1.i1 1.0 1.70837124998
DS1.d265.s1.i2 1.0 1.35193093976
DS1.d265.s1.i3 1.0 1.75137210214
DS1.d268.s0.i0 1.0 -0.172440333976
DS1.d268.s0.i1 1.0 -0.593920961678
DS1.d313.s0.i0 1.0 -0.639509948551
DS1.d313.s1.i0 1.0 1.32283226329
DS1.d313.s1.i1 1.0 0.221948087273
DS1.d313.s2.i0 1.0 2.11070188848
DS1.d313.s3.i0 1.0 0.993007102239
DS1.d313.s4.i0 1.0 1.32072254966
DS1.d313.s5.i0 1.0 1.22647195839
DS1.d314.s0.i0 1.0 -0.22329488518
DS1.d314.s0.i1 -1 0.389020156317
DS1.d331.s0.i0 -1 1.90599016503
DS1.d331.s0.i1 1.0 1.62771513462
DS1.d331.s0.i2 1.0 1.18949210158
DS1.d331.s0.i3 -1 1.95434604039
DS1.d332.s0.i0 1.0 -0.213661317102
DS1.d334.s0.i0 1.0 1.65674264136
DS1.d334.s1.i0 -1 0.490184226794
DS1.d345.s0.i0 1.0 0.560669692046
DS1.d345.s1.i0 1.0 -0.369044187212
DS1.d345.s1.i1 1.0 -0.745454823268
DS1.d345.s2.i0 1.0 0.878933526438
DS1.d345.s2.i1 1.0 0.868315333184
DS1.d345.s2.i2 1.0 1.81840470077
DS1.d345.s2.i3 1.0 1.77446678423
DS1.d345.s3.i0 1.0 0.327946901553
DS1.d345.s3.i1 1.0 0.977223195574
DS1.d345.s3.i2 1.0 0.526666148349
DS1.d351.s0.i0 -1 -1.095402801
DS1.d351.s0.i1 -1 -0.299946009082
DS1.d351.s0.i2 -1 -1.09381871786
DS1.d351.s0.i3 -1 -1.12384145715
DS1.d352.s0.i0 1.0 2.18669188969
DS1.d352.s0.i1 1.0 2.25398254502
DS1.d353.s0.i0 1.0 -0.0371693951096
DS1.d353.s0.i1 1.0 0.203891091231
DS1.d354.s0.i0 1.0 -0.366635285596
DS1.d366.s0.i0 1.0 -0.249353178537
DS1.d366.s0.i1 1.0 1.20859493863
DS1.d370.s0.i0 1.0 0.747094451991
DS1.d386.s0.i0 1.0 1.37652375968
DS1.d386.s1.i0 1.0 1.07044967835
DS1.d386.s1.i1 1.0 1.34070276637
DS1.d386.s2.i0 1.0 2.35339223245
DS1.d386.s2.i1 1.0 3.18721722769
DS1.d398.s0.i0 1.0 0.978800220787
DS1.d402.s0.i0 -1 -0.626939252837
DS1.d402.s0.i1 1.0 0.73112989504
DS1.d402.s0.i2 1.0 0.457588866021
DS1.d402.s1.i0 -1 0.699526730606
DS1.d402.s1.i1 -1 0.0905483289532
DS1.d402.s2.i0 1.0 -0.167830410331
DS1.d402.s2.i1 1.0 -0.320375634594
DS1.d402.s2.i2 -1 -0.176598680781
DS1.d402.s2.i3 1.0 -0.220774356016
DS1.d402.s3.i0 1.0 0.340578710796
DS1.d402.s3.i1 -1 -0.980260233116
DS1.d402.s3.i2 1.0 -0.25682686724
DS1.d403.s0.i0 -1 0.0236583393854
DS1.d435.s0.i0 1.0 0.84244018895
DS1.d435.s0.i1 1.0 0.870162777974
DS1.d438.s0.i0 1.0 1.41397435997
DS1.d449.s0.i0 1.0 -0.551426429384
DS1.d452.s0.i0 1.0 1.70732770221
DS1.d452.s0.i1 -1 1.66246302433
DS1.d452.s0.i2 -1 1.06272632912
DS1.d452.s0.i3 1.0 2.13504277269
DS1.d452.s0.i4 -1 0.9362117297
DS1.d452.s0.i5 1.0 1.78204149253
DS1.d452.s1.i0 1.0 0.487301894809
DS1.d454.s0.i0 -1 -0.419127353164
DS1.d454.s0.i1 1.0 1.46471738348
DS1.d454.s0.i2 -1 -0.343263887141
DS1.d454.s0.i3 -1 -0.487063299659
DS1.d464.s0.i0 1.0 0.704070303531
DS1.d464.s0.i1 1.0 0.353145246484
DS1.d464.s0.i2 1.0 0.573965041941
DS1.d464.s0.i3 1.0 0.529017159661
DS1.d464.s1.i0 1.0 0.457132798087
DS1.d465.s0.i0 1.0 -0.244036427566
DS1.d465.s0.i1 1.0 -0.296929243523
DS1.d465.s0.i2 1.0 -0.411567237879
DS1.d472.s0.i0 1.0 1.50104577365
DS1.d472.s0.i1 1.0 1.69270732946
DS1.d477.s0.i0 1.0 1.17458608563
DS1.d481.s0.i0 1.0 0.0252406734786
DS1.d481.s0.i1 1.0 0.528969066211
DS1.d491.s0.i0 1.0 0.660752499362
DS1.d491.s0.i1 1.0 1.23451044507
DS1.d491.s1.i0 -1 -0.670514990543
DS1.d493.s0.i0 1.0 -1.13454428116
DS1.d493.s0.i1 1.0 -1.23695960801
DS1.d493.s0.i2 1.0 0.768838176963
DS1.d493.s1.i0 1.0 2.09474311664
DS1.d496.s0.i0 -1 -0.757521570401
DS1.d496.s0.i1 -1 -1.03506457673
DS1.d496.s1.i0 1.0 0.871128501904
DS1.d510.s0.i0 1.0 1.87473055196
DS1.d510.s0.i1 1.0 1.98757013137
DS1.d510.s1.i0 1.0 0.616065118002
DS1.d510.s2.i0 1.0 1.43937201419
DS1.d521.s0.i0 1.0 0.501917585123
DS1.d521.s0.i1 1.0 1.63667576008
DS1.d522.s0.i0 -1 -0.150482933566
DS1.d522.s0.i1 -1 -0.0856219669857
DS1.d530.s0.i0 -1 0.292228968415
DS1.d534.s0.i0 1.0 0.0264770602993
DS1.d534.s0.i1 1.0 0.322576964121
DS1.d534.s0.i2 1.0 0.996528140549
DS1.d534.s0.i3 1.0 0.0086115048707
DS1.d534.s0.i4 1.0 0.426888291263
DS1.d534.s0.i5 1.0 0.0086115048707
DS1.d534.s1.i0 1.0 2.14682455908
DS1.d534.s2.i0 1.0 1.54219702294
DS1.d536.s0.i0 1.0 0.497204601573
DS1.d536.s0.i1 1.0 0.802492650024
DS1.d536.s0.i2 1.0 0.749548704338
DS1.d536.s0.i3 1.0 0.76148654776
DS1.d536.s1.i0 -1 0.120874175655
DS1.d536.s1.i1 1.0 1.03005968115
DS1.d542.s0.i0 1.0 1.19215050968
DS1.d542.s0.i1 -1 0.238835242667
DS1.d542.s1.i0 -1 2.85324304443
DS1.d543.s0.i0 1.0 -0.218388678745
DS1.d543.s0.i1 1.0 -0.454466671656
DS1.d543.s0.i2 -1 -1.75531651546
DS1.d553.s0.i0 1.0 1.47608086494
DS1.d553.s0.i1 1.0 1.0942247706
DS1.d555.s0.i0 1.0 0.92613137979
DS1.d555.s1.i0 -1 0.909317247036
DS1.d577.s0.i0 -1 -0.987957653839
DS1.d577.s0.i1 -1 0.0906202110362
DS1.d577.s0.i2 -1 0.0906202110362
DS1.d597.s0.i0 -1 -0.472510112883
DS1.d597.s0.i1 -1 -0.135194282574
DS1.d597.s0.i2 -1 0.62135395476
DS1.d597.s0.i3 -1 -0.664971879943
DS1.d597.s0.i4 -1 -0.306878084743
DS1.d597.s0.i5 -1 0.55039902615
DS1.d610.s0.i0 1.0 0.54337666698
DS1.d625.s0.i0 -1 0.470031219573
DS1.d625.s0.i1 -1 0.228353282071
DS1.d625.s0.i2 -1 1.2624322437
DS1.d625.s0.i3 -1 0.608514936224
DS1.d625.s1.i0 1.0 0.617041523838
DS1.d625.s1.i1 1.0 0.3490027611
DS1.d649.s0.i0 -1 0.770078350123
DS1.d649.s0.i1 1.0 0.470796995495
DS1.d649.s0.i2 -1 0.701429873106
DS1.d649.s0.i3 1.0 0.452026977543
DS1.d649.s0.i4 -1 0.104755151445
DS1.d649.s0.i5 -1 -0.00326428616379
DS1.d649.s0.i6 1.0 0.6890281939
DS1.d649.s0.i7 1.0 0.886287132981
DS1.d650.s0.i0 1.0 1.25355663432
DS1.d650.s1.i0 1.0 0.687285366115
DS1.d650.s1.i1 1.0 0.923168944931
DS1.d650.s2.i0 1.0 2.06547452474
DS1.d650.s2.i1 1.0 2.7109357128
DS1.d650.s3.i0 1.0 0.36812503203
DS1.d650.s3.i1 1.0 0.328990121335
DS1.d655.s0.i0 1.0 0.724069504052
DS1.d655.s0.i1 1.0 0.942677128124
DS1.d655.s1.i0 -1 -0.0701058682032
DS1.d655.s1.i1 1.0 0.676285639498
DS1.d655.s1.i2 -1 -0.377348552526
DS1.d658.s0.i0 1.0 0.665275255067
DS1.d666.s0.i0 1.0 0.657443501582
DS1.d666.s0.i1 1.0 0.624020261364
DS1.d666.s0.i2 1.0 0.782693659001
DS1.d669.s0.i0 -1 0.527121072023
DS1.d676.s0.i0 1.0 0.421497396449
DS1.d689.s0.i0 -1 0.287143838256
DS1.d689.s0.i1 -1 0.384889986041
DS1.d699.s0.i0 1.0 2.33563461778
DS1.d699.s0.i1 1.0 2.33563461778
DS1.d699.s1.i0 1.0 -0.708477657491
DS1.d699.s1.i1 -1 -1.63315198362
DS1.d699.s1.i2 -1 -1.59117533865
DS1.d699.s2.i0 1.0 -0.276095999868
DS1.d704.s0.i0 -1 -1.12540681525
DS1.d704.s0.i1 1.0 0.209390478291
DS1.d704.s0.i2 1.0 0.209390478291
DS1.d704.s0.i3 1.0 -0.422391940958
DS1.d704.s0.i4 1.0 -0.422391940958
DS1.d704.s0.i5 -1 -1.12540681525
DS1.d721.s0.i0 -1 1.5300534469
DS1.d721.s0.i1 -1 0.922941861862
DS1.d721.s0.i2 -1 1.21884465901
DS1.d721.s0.i3 1.0 1.12602111993
DS1.d721.s0.i4 -1 1.10416655013
DS1.d721.s0.i5 1.0 0.964589124187
DS1.d734.s0.i0 1.0 0.594961546956
DS1.d734.s0.i1 1.0 0.246811079069
DS1.d734.s0.i2 1.0 -0.0666350268582
DS1.d734.s0.i3 1.0 0.311308305638
DS1.d759.s0.i0 -1 1.23779860877
DS1.d759.s0.i1 -1 1.23779860877
DS1.d773.s0.i0 -1 0.273739983208
DS1.d773.s0.i1 -1 -0.106224438585
DS1.d774.s0.i0 -1 0.77561972651
DS1.d774.s0.i1 1.0 1.26646780977
DS1.d774.s1.i0 -1 0.387049157923
DS1.d774.s1.i1 1.0 0.912605748462
DS1.d775.s0.i0 1.0 1.82811009705
DS1.d784.s0.i0 1.0 0.708109985042
DS1.d784.s1.i0 1.0 1.56521317804
DS1.d803.s0.i0 1.0 -0.393125252154
DS1.d803.s0.i1 1.0 -0.299287082034
DS1.d803.s0.i2 1.0 -0.72016272921
DS1.d803.s0.i3 1.0 0.027750395023
DS1.d803.s1.i0 1.0 -0.307862354999
DS1.d803.s1.i1 1.0 -0.589226280544
DS1.d803.s2.i0 1.0 1.28990660369
DS1.d803.s2.i1 1.0 1.66564865594
DS1.d813.s0.i0 -1 1.36983229993
DS1.d820.s0.i0 -1 -0.0490262667089
DS1.d820.s0.i1 -1 -0.411868104599
DS1.d820.s0.i2 -1 1.65790359283
DS1.d820.s1.i0 1.0 1.59535409878
DS1.d820.s2.i0 -1 -0.398662357181
DS1.d820.s2.i1 -1 -1.51549981035
DS1.d820.s3.i0 -1 0.156367665491
DS1.d821.s0.i0 -1 -0.264024145144
DS1.d821.s0.i1 -1 -0.35018910403
