DS1.d7.s0.i0 1.0 1.16071825534
DS1.d7.s0.i1 1.0 1.13665399334
DS1.d7.s0.i2 1.0 1.38451394589
DS1.d7.s0.i3 1.0 1.4040941771
DS1.d7.s1.i0 1.0 0.989619998139
DS1.d7.s1.i1 1.0 1.11773582441
DS1.d7.s2.i0 -1 0.117835271307
DS1.d7.s2.i1 -1 0.209040634514
DS1.d16.s0.i0 1.0 1.38419377891
DS1.d28.s0.i0 1.0 1.45355224475
DS1.d28.s0.i1 1.0 1.48115308959
DS1.d28.s0.i2 1.0 2.17719616935
DS1.d28.s1.i0 1.0 1.40773194694
DS1.d28.s1.i1 1.0 1.70706488254
DS1.d39.s0.i0 -1 0.119131527014
DS1.d72.s0.i0 -1 -0.621553830993
DS1.d72.s0.i1 -1 -0.987981179323
DS1.d87.s0.i0 1.0 0.997129292465
DS1.d91.s0.i0 -1 -0.963023740447
DS1.d91.s0.i1 -1 -0.977951231667
DS1.d91.s0.i2 -1 -1.23941486097
DS1.d91.s0.i3 -1 -1.07354360996
DS1.d91.s0.i4 -1 -1.0970710868
DS1.d91.s0.i5 1.0 0.701636310877
DS1.d109.s0.i0 1.0 -0.996875789368
DS1.d109.s0.i1 1.0 -0.787920287764
DS1.d109.s0.i2 -1 -0.441214501939
DS1.d109.s0.i3 1.0 -0.6133264564
DS1.d109.s0.i4 -1 -0.382758010251
DS1.d109.s0.i5 -1 -0.34942844234
DS1.d134.s0.i0 1.0 0.966078098147
DS1.d134.s0.i1 1.0 0.396772653689
DS1.d151.s0.i0 -1 0.851485569774
DS1.d155.s0.i0 1.0 0.923377516684
DS1.d155.s0.i1 1.0 0.0185959561918
DS1.d155.s0.i2 1.0 1.41455666697
DS1.d161.s0.i0 1.0 -0.00363826124809
DS1.d161.s0.i1 1.0 -0.363203830683
DS1.d161.s0.i2 1.0 -0.344731204707
DS1.d161.s0.i3 1.0 0.0290033292823
DS1.d161.s0.i4 1.0 0.274321528693
DS1.d161.s0.i5 1.0 -0.309456534409
DS1.d169.s0.i0 1.0 0.0618652199674
DS1.d169.s0.i1 1.0 -0.103549193946
DS1.d169.s1.i0 1.0 -0.48469758455
DS1.d169.s1.i1 1.0 -0.69348752588
DS1.d169.s1.i2 1.0 -0.808632507006
DS1.d169.s1.i3 1.0 -0.493588256608
DS1.d169.s1.i4 1.0 -0.667082540195
DS1.d169.s1.i5 1.0 -1.21937135417
DS1.d180.s0.i0 1.0 0.754268800432
DS1.d180.s0.i1 1.0 0.957456918017
DS1.d180.s1.i0 1.0 2.73272629223
DS1.d180.s2.i0 1.0 2.41420950595
DS1.d180.s2.i1 1.0 1.98296687911
DS1.d210.s0.i0 1.0 1.44934120182
DS1.d210.s0.i1 1.0 1.5605971728
DS1.d218.s0.i0 1.0 1.25559476437
DS1.d218.s0.i1 1.0 1.14910288254
DS1.d218.s1.i0 -1 -1.32161002925
DS1.d218.s1.i1 -1 -1.48957025063
DS1.d218.s1.i2 -1 -1.37934706967
DS1.d218.s1.i3 -1 -0.959010333582
DS1.d263.s0.i0 1.0 0.758972553373
DS1.d263.s0.i1 -1 0.614825381286
DS1.d263.s0.i2 1.0 0.914320029015
DS1.d263.s0.i3 1.0 1.50589110619
DS1.d263.s0.i4 -1 0.557764688283
DS1.d263.s0.i5 -1 1.13869902376
DS1.d263.s0.i6 -1 0.393218516876
DS1.d263.s0.i7 1.0 0.692713164606
DS1.d263.s0.i8 -1 0.439580912643
DS1.d263.s0.i9 1.0 0.692713164606
DS1.d263.s0.i10 1.0 0.857259336014
DS1.d263.s0.i11 -1 0.393218516876
DS1.d263.s0.i12 -1 0.459477905642
DS1.d263.s0.i13 1.0 0.739075560376
DS1.d263.s1.i0 1.0 1.05340280598
DS1.d265.s0.i0 1.0 2.09356068014
DS1.d265.s0.i1 -1 0.167850929093
DS1.d265.s1.i0 1.0 1.83717731498
DS1.d265.s1.i1 1.0 1.86744177402
DS1.d265.s1.i2 1.0 1.40736214474
DS1.d265.s1.i3 1.0 1.83653695463
DS1.d268.s0.i0 1.0 -0.410539201144
DS1.d268.s0.i1 1.0 -0.670798104862
DS1.d313.s0.i0 1.0 -0.675197755931
DS1.d313.s1.i0 1.0 1.04822684224
DS1.d313.s1.i1 1.0 -0.151862766951
DS1.d313.s2.i0 1.0 2.11015806373
DS1.d313.s3.i0 1.0 0.963083612604
DS1.d313.s4.i0 1.0 1.42709173659
DS1.d313.s5.i0 1.0 0.514092211263
DS1.d314.s0.i0 1.0 -0.360482367507
DS1.d314.s0.i1 -1 0.312674199135
DS1.d331.s0.i0 -1 1.89282583268
DS1.d331.s0.i1 1.0 1.45227128754
DS1.d331.s0.i2 1.0 0.950776305747
DS1.d331.s0.i3 -1 1.92640486652
DS1.d332.s0.i0 1.0 0.00188024623667
DS1.d334.s0.i0 1.0 1.70335648518
DS1.d334.s1.i0 -1 -0.163559841889
DS1.d345.s0.i0 1.0 0.478255620188
DS1.d345.s1.i0 1.0 -0.00265700378455
DS1.d345.s1.i1 1.0 -0.500143742304
DS1.d345.s2.i0 1.0 1.08737884094
DS1.d345.s2.i1 1.0 0.996131001644
DS1.d345.s2.i2 1.0 2.0558930179
DS1.d345.s2.i3 1.0 1.81975982032
DS1.d345.s3.i0 1.0 0.487474848222
DS1.d345.s3.i1 1.0 1.42252858019
DS1.d345.s3.i2 1.0 0.810898225478
DS1.d351.s0.i0 -1 -1.3541378638
DS1.d351.s0.i1 -1 -0.857718823652
DS1.d351.s0.i2 -1 -1.44101009769
DS1.d351.s0.i3 -1 -1.40588479584
DS1.d352.s0.i0 1.0 2.20244695161
DS1.d352.s0.i1 1.0 2.2541279427
DS1.d353.s0.i0 1.0 -0.181619024317
DS1.d353.s0.i1 1.0 -0.0963564954787
DS1.d354.s0.i0 1.0 -0.363894141088
DS1.d366.s0.i0 1.0 -0.359755713825
DS1.d366.s0.i1 1.0 1.36810205002
DS1.d370.s0.i0 1.0 0.401269060117
DS1.d386.s0.i0 1.0 1.58764351997
DS1.d386.s1.i0 1.0 1.0620466972
DS1.d386.s1.i1 1.0 1.14336749491
DS1.d386.s2.i0 1.0 2.53093714194
DS1.d386.s2.i1 1.0 3.42271400433
DS1.d398.s0.i0 1.0 1.06982563157
DS1.d402.s0.i0 -1 -0.816800101462
DS1.d402.s0.i1 1.0 0.725352421318
DS1.d402.s0.i2 1.0 0.327851070932
DS1.d402.s1.i0 -1 0.208887701241
DS1.d402.s1.i1 -1 -0.049534092012
DS1.d402.s2.i0 1.0 -0.152419902017
DS1.d402.s2.i1 1.0 -0.277154279587
DS1.d402.s2.i2 -1 -0.449264170375
DS1.d402.s2.i3 1.0 -0.241140931429
DS1.d402.s3.i0 1.0 0.270972591231
DS1.d402.s3.i1 -1 -1.47006670307
DS1.d402.s3.i2 1.0 -0.339546110683
DS1.d403.s0.i0 -1 0.0167651432076
DS1.d435.s0.i0 1.0 0.707599931714
DS1.d435.s0.i1 1.0 0.570757395341
DS1.d438.s0.i0 1.0 1.18867432581
DS1.d449.s0.i0 1.0 -0.626192759816
DS1.d452.s0.i0 1.0 1.75616621673
DS1.d452.s0.i1 -1 1.98196587965
DS1.d452.s0.i2 -1 1.29305412051
DS1.d452.s0.i3 1.0 2.35170057503
DS1.d452.s0.i4 -1 1.01603990387
DS1.d452.s0.i5 1.0 1.95996838606
DS1.d452.s1.i0 1.0 0.639877994342
DS1.d454.s0.i0 -1 -0.644176834216
DS1.d454.s0.i1 1.0 1.52687585056
DS1.d454.s0.i2 -1 -0.461157262276
DS1.d454.s0.i3 -1 -0.585085937329
DS1.d464.s0.i0 1.0 0.68175288199
DS1.d464.s0.i1 1.0 0.320655567721
DS1.d464.s0.i2 1.0 0.0643596734395
DS1.d464.s0.i3 1.0 0.390362639363
DS1.d464.s1.i0 1.0 0.416495780271
DS1.d465.s0.i0 1.0 -0.380602824626
DS1.d465.s0.i1 1.0 -0.350409337756
DS1.d465.s0.i2 1.0 -0.476596711285
DS1.d472.s0.i0 1.0 1.52349341078
DS1.d472.s0.i1 1.0 1.75460164079
DS1.d477.s0.i0 1.0 0.943042431221
DS1.d481.s0.i0 1.0 -0.0556565085144
DS1.d481.s0.i1 1.0 0.364096073766
DS1.d491.s0.i0 1.0 0.65986910142
DS1.d491.s0.i1 1.0 0.837864521155
DS1.d491.s1.i0 -1 -0.779491632995
DS1.d493.s0.i0 1.0 -1.07575137642
DS1.d493.s0.i1 1.0 -1.11060677632
DS1.d493.s0.i2 1.0 0.623616790314
DS1.d493.s1.i0 1.0 1.94751877147
DS1.d496.s0.i0 -1 -0.965862050645
DS1.d496.s0.i1 -1 -1.33946349149
DS1.d496.s1.i0 1.0 0.440428846322
DS1.d510.s0.i0 1.0 2.05684312442
DS1.d510.s0.i1 1.0 2.36510406394
DS1.d510.s1.i0 1.0 1.27706697972
DS1.d510.s2.i0 1.0 1.57238775735
DS1.d521.s0.i0 1.0 0.578722916826
DS1.d521.s0.i1 1.0 1.21829339983
DS1.d522.s0.i0 -1 -0.368181593225
DS1.d522.s0.i1 -1 -0.0520988493164
DS1.d530.s0.i0 -1 -0.0603638869624
DS1.d534.s0.i0 1.0 -0.283405862152
DS1.d534.s0.i1 1.0 0.0363080469736
DS1.d534.s0.i2 1.0 0.813770143247
DS1.d534.s0.i3 1.0 -0.348227781856
DS1.d534.s0.i4 1.0 0.00304304942994
DS1.d534.s0.i5 1.0 -0.348227781856
DS1.d534.s1.i0 1.0 1.72166798113
DS1.d534.s2.i0 1.0 1.30700126419
DS1.d536.s0.i0 1.0 0.580286383447
DS1.d536.s0.i1 1.0 0.813656591268
DS1.d536.s0.i2 1.0 0.724935561855
DS1.d536.s0.i3 1.0 0.70670759048
DS1.d536.s1.i0 -1 -0.115587734187
DS1.d536.s1.i1 1.0 0.847851184738
DS1.d542.s0.i0 1.0 1.46125296667
DS1.d542.s0.i1 -1 -0.0154316252259
DS1.d542.s1.i0 -1 3.01614876394
DS1.d543.s0.i0 1.0 -0.168076409927
DS1.d543.s0.i1 1.0 -0.389504576122
DS1.d543.s0.i2 -1 -2.04267216219
DS1.d553.s0.i0 1.0 1.58253455809
DS1.d553.s0.i1 1.0 1.21093150481
DS1.d555.s0.i0 1.0 0.868686518292
DS1.d555.s1.i0 -1 0.280174644082
DS1.d577.s0.i0 -1 -1.31380714998
DS1.d577.s0.i1 -1 0.0882158011704
DS1.d577.s0.i2 -1 0.0882158011704
DS1.d597.s0.i0 -1 -0.857557086484
DS1.d597.s0.i1 -1 -0.265535612666
DS1.d597.s0.i2 -1 0.338939953601
DS1.d597.s0.i3 -1 -0.682879274741
DS1.d597.s0.i4 -1 -0.69034786633
DS1.d597.s0.i5 -1 0.316836288021
DS1.d610.s0.i0 1.0 0.595229247591
DS1.d625.s0.i0 -1 0.317853667627
DS1.d625.s0.i1 -1 0.0187175196502
DS1.d625.s0.i2 -1 0.790040551718
DS1.d625.s0.i3 -1 0.418053302013
DS1.d625.s1.i0 1.0 0.962584538751
DS1.d625.s1.i1 1.0 0.196049531882
DS1.d649.s0.i0 -1 0.446437888955
DS1.d649.s0.i1 1.0 0.637282903914
DS1.d649.s0.i2 -1 0.496430663392
DS1.d649.s0.i3 1.0 0.288482221923
DS1.d649.s0.i4 -1 0.0995216946394
DS1.d649.s0.i5 -1 -0.109657472878
DS1.d649.s0.i6 1.0 0.345004067008
DS1.d649.s0.i7 1.0 0.861722009318
DS1.d650.s0.i0 1.0 1.50520967065
DS1.d650.s1.i0 1.0 1.11513941775
DS1.d650.s1.i1 1.0 1.33683828255
DS1.d650.s2.i0 1.0 2.15595564216
DS1.d650.s2.i1 1.0 2.76906289698
DS1.d650.s3.i0 1.0 0.752893063766
DS1.d650.s3.i1 1.0 0.762968793403
DS1.d655.s0.i0 1.0 0.637312004381
DS1.d655.s0.i1 1.0 1.08328427535
DS1.d655.s1.i0 -1 -0.268234434493
DS1.d655.s1.i1 1.0 0.808014822963
DS1.d655.s1.i2 -1 -0.670807930309
DS1.d658.s0.i0 1.0 0.59427697088
DS1.d666.s0.i0 1.0 0.928146943085
DS1.d666.s0.i1 1.0 0.836741624159
DS1.d666.s0.i2 1.0 1.09526187866
DS1.d669.s0.i0 -1 0.379527004317
DS1.d676.s0.i0 1.0 0.657911220819
DS1.d689.s0.i0 -1 0.396874636138
DS1.d689.s0.i1 -1 0.421700017587
DS1.d699.s0.i0 1.0 1.99618640711
DS1.d699.s0.i1 1.0 1.99618640711
DS1.d699.s1.i0 1.0 -0.744880409118
DS1.d699.s1.i1 -1 -1.89543443302
DS1.d699.s1.i2 -1 -1.96337537988
DS1.d699.s2.i0 1.0 -0.435059319032
DS1.d704.s0.i0 -1 -1.04679144068
DS1.d704.s0.i1 1.0 0.291307246356
DS1.d704.s0.i2 1.0 0.291307246356
DS1.d704.s0.i3 1.0 -0.206689171991
DS1.d704.s0.i4 1.0 -0.206689171991
DS1.d704.s0.i5 -1 -1.04679144068
DS1.d721.s0.i0 -1 1.09768942487
DS1.d721.s0.i1 -1 0.785088526893
DS1.d721.s0.i2 -1 0.724205295501
DS1.d721.s0.i3 1.0 0.988490795758
DS1.d721.s0.i4 -1 0.72733755492
DS1.d721.s0.i5 1.0 0.654421467897
DS1.d734.s0.i0 1.0 0.679266700946
DS1.d734.s0.i1 1.0 0.228407280426
DS1.d734.s0.i2 1.0 0.00582619979215
DS1.d734.s0.i3 1.0 0.513051611579
DS1.d759.s0.i0 -1 0.874872932037
DS1.d759.s0.i1 -1 0.874872932037
DS1.d773.s0.i0 -1 0.092384350948
DS1.d773.s0.i1 -1 -0.24419116522
DS1.d774.s0.i0 -1 0.532621693488
DS1.d774.s0.i1 1.0 1.15277819327
DS1.d774.s1.i0 -1 0.155568772854
DS1.d774.s1.i1 1.0 0.941689143218
DS1.d775.s0.i0 1.0 1.54619883487
DS1.d784.s0.i0 1.0 -0.00362714154676
DS1.d784.s1.i0 1.0 0.962952764098
DS1.d803.s0.i0 1.0 -0.496006699235
DS1.d803.s0.i1 1.0 -0.403478274114
DS1.d803.s0.i2 1.0 -0.71063252383
DS1.d803.s0.i3 1.0 -0.188852449518
DS1.d803.s1.i0 1.0 -0.716633669565
DS1.d803.s1.i1 1.0 -0.669824979515
DS1.d803.s2.i0 1.0 1.23954791932
DS1.d803.s2.i1 1.0 1.36197511578
DS1.d813.s0.i0 -1 1.67150086273
DS1.d820.s0.i0 -1 -0.412164329835
DS1.d820.s0.i1 -1 -0.779727059331
DS1.d820.s0.i2 -1 1.39771729293
DS1.d820.s1.i0 1.0 1.40096344354
DS1.d820.s2.i0 -1 -0.848577408166
DS1.d820.s2.i1 -1 -2.35596937094
DS1.d820.s3.i0 -1 -0.312422436687
DS1.d821.s0.i0 -1 -0.31186007907
DS1.d821.s0.i1 -1 -0.243553304
