DS1.d7.s0.i0 1.0 0.891844462816
DS1.d7.s0.i1 1.0 1.11511784048
DS1.d7.s0.i2 1.0 1.38682822292
DS1.d7.s0.i3 1.0 1.10781099488
DS1.d7.s1.i0 1.0 1.30635240331
DS1.d7.s1.i1 1.0 0.946217478757
DS1.d7.s2.i0 -1 -0.0416864922014
DS1.d7.s2.i1 -1 0.183266679417
DS1.d16.s0.i0 1.0 1.70331042725
DS1.d28.s0.i0 1.0 1.2977999085
DS1.d28.s0.i1 1.0 1.60607318789
DS1.d28.s0.i2 1.0 1.94578755178
DS1.d28.s1.i0 1.0 1.4813082844
DS1.d28.s1.i1 1.0 1.7746085023
DS1.d39.s0.i0 -1 0.676891350166
DS1.d72.s0.i0 -1 -0.683844517741
DS1.d72.s0.i1 -1 -0.713577389649
DS1.d87.s0.i0 1.0 1.07933781165
DS1.d91.s0.i0 -1 0.112128525304
DS1.d91.s0.i1 -1 -0.0242229520709
DS1.d91.s0.i2 -1 -0.608654385964
DS1.d91.s0.i3 -1 0.00404061740007
DS1.d91.s0.i4 -1 -0.361373351126
DS1.d91.s0.i5 1.0 0.39881218313
DS1.d109.s0.i0 1.0 -0.84377547649
DS1.d109.s0.i1 1.0 -0.63050651669
DS1.d109.s0.i2 -1 -0.178171029193
DS1.d109.s0.i3 1.0 -0.0997123976763
DS1.d109.s0.i4 -1 -0.0216592452771
DS1.d109.s0.i5 -1 0.419041312114
DS1.d134.s0.i0 1.0 0.52517969143
DS1.d134.s0.i1 1.0 0.321591279887
DS1.d151.s0.i0 -1 0.954263659043
DS1.d155.s0.i0 1.0 1.14399262485
DS1.d155.s0.i1 1.0 0.103848830719
DS1.d155.s0.i2 1.0 1.6584071249
DS1.d161.s0.i0 1.0 0.277858798133
DS1.d161.s0.i1 1.0 -0.319372925891
DS1.d161.s0.i2 1.0 -0.0636618042719
DS1.d161.s0.i3 1.0 0.0481315488836
DS1.d161.s0.i4 1.0 0.227043959544
DS1.d161.s0.i5 1.0 -0.292295986012
DS1.d169.s0.i0 1.0 0.167379916164
DS1.d169.s0.i1 1.0 -0.102915460925
DS1.d169.s1.i0 1.0 -0.249742019586
DS1.d169.s1.i1 1.0 -0.328960055134
DS1.d169.s1.i2 1.0 -0.543241100792
DS1.d169.s1.i3 1.0 -0.473899861093
DS1.d169.s1.i4 1.0 -0.629907021018
DS1.d169.s1.i5 1.0 -0.962565736139
DS1.d180.s0.i0 1.0 1.04419568551
DS1.d180.s0.i1 1.0 1.17770053882
DS1.d180.s1.i0 1.0 2.37404438236
DS1.d180.s2.i0 1.0 2.61407409783
DS1.d180.s2.i1 1.0 1.91371347079
DS1.d210.s0.i0 1.0 1.41809308388
DS1.d210.s0.i1 1.0 1.79572912482
DS1.d218.s0.i0 1.0 1.32114559083
DS1.d218.s0.i1 1.0 1.17857365262
DS1.d218.s1.i0 -1 -0.288074660073
DS1.d218.s1.i1 -1 -0.478908525683
DS1.d218.s1.i2 -1 -0.291473348952
DS1.d218.s1.i3 -1 -0.290847242124
DS1.d263.s0.i0 1.0 0.177687437223
DS1.d263.s0.i1 -1 0.945282851385
DS1.d263.s0.i2 1.0 0.925721262808
DS1.d263.s0.i3 1.0 1.05021621959
DS1.d263.s0.i4 -1 0.770587984983
DS1.d263.s0.i5 -1 1.05077328295
DS1.d263.s0.i6 -1 0.463122821289
DS1.d263.s0.i7 1.0 0.443561232712
DS1.d263.s0.i8 -1 0.204632607617
DS1.d263.s0.i9 1.0 0.443561232712
DS1.d263.s0.i10 1.0 0.751026396405
DS1.d263.s0.i11 -1 0.463122821289
DS1.d263.s0.i12 -1 0.197249025801
DS1.d263.s0.i13 1.0 0.18507101904
DS1.d263.s1.i0 1.0 0.984434550712
DS1.d265.s0.i0 1.0 2.19673969754
DS1.d265.s0.i1 -1 0.320865028156
DS1.d265.s1.i0 1.0 1.5371152442
DS1.d265.s1.i1 1.0 1.55598820276
DS1.d265.s1.i2 1.0 1.45842312267
DS1.d265.s1.i3 1.0 1.8383789378
DS1.d268.s0.i0 1.0 -0.233876352071
DS1.d268.s0.i1 1.0 -0.538256359475
DS1.d313.s0.i0 1.0 -0.5954899606
DS1.d313.s1.i0 1.0 1.573573615
DS1.d313.s1.i1 1.0 0.444437581546
DS1.d313.s2.i0 1.0 1.8955346858
DS1.d313.s3.i0 1.0 0.844913503615
DS1.d313.s4.i0 1.0 1.3487753989
DS1.d313.s5.i0 1.0 1.36242586621
DS1.d314.s0.i0 1.0 -0.192352057955
DS1.d314.s0.i1 -1 0.287366482102
DS1.d331.s0.i0 -1 2.26821664445
DS1.d331.s0.i1 1.0 1.70965724378
DS1.d331.s0.i2 1.0 1.43614483365
DS1.d331.s0.i3 -1 2.04124503903
DS1.d332.s0.i0 1.0 0.081062218626
DS1.d334.s0.i0 1.0 1.80832780667
DS1.d334.s1.i0 -1 0.756976405943
DS1.d345.s0.i0 1.0 0.609679473336
DS1.d345.s1.i0 1.0 -0.419785171015
DS1.d345.s1.i1 1.0 -0.772058280971
DS1.d345.s2.i0 1.0 1.02779692659
DS1.d345.s2.i1 1.0 1.06535952945
DS1.d345.s2.i2 1.0 2.03613941239
DS1.d345.s2.i3 1.0 1.94052857776
DS1.d345.s3.i0 1.0 0.358049111707
DS1.d345.s3.i1 1.0 1.06094230269
DS1.d345.s3.i2 1.0 0.499519206194
DS1.d351.s0.i0 -1 -0.701773790578
DS1.d351.s0.i1 -1 0.198428959645
DS1.d351.s0.i2 -1 -0.53340348665
DS1.d351.s0.i3 -1 -0.711607497374
DS1.d352.s0.i0 1.0 2.33737451466
DS1.d352.s0.i1 1.0 2.31130963817
DS1.d353.s0.i0 1.0 0.486201967668
DS1.d353.s0.i1 1.0 0.790206034758
DS1.d354.s0.i0 1.0 -0.629306277381
DS1.d366.s0.i0 1.0 -0.408362460521
DS1.d366.s0.i1 1.0 1.24327742977
DS1.d370.s0.i0 1.0 0.779420475566
DS1.d386.s0.i0 1.0 1.43927811164
DS1.d386.s1.i0 1.0 1.07879725794
DS1.d386.s1.i1 1.0 1.47914404319
DS1.d386.s2.i0 1.0 2.19742117866
DS1.d386.s2.i1 1.0 3.04610733738
DS1.d398.s0.i0 1.0 1.0422084192
DS1.d402.s0.i0 -1 -0.466441229277
DS1.d402.s0.i1 1.0 0.917277528788
DS1.d402.s0.i2 1.0 0.395056736728
DS1.d402.s1.i0 -1 1.05850877833
DS1.d402.s1.i1 -1 0.261181103621
DS1.d402.s2.i0 1.0 0.0318468777417
DS1.d402.s2.i1 1.0 -0.273609656363
DS1.d402.s2.i2 -1 -0.120611592378
DS1.d402.s2.i3 1.0 0.00574331986904
DS1.d402.s3.i0 1.0 0.52255442269
DS1.d402.s3.i1 -1 -0.820049870386
DS1.d402.s3.i2 1.0 -0.186847933105
DS1.d403.s0.i0 -1 0.357393285693
DS1.d435.s0.i0 1.0 0.62512135875
DS1.d435.s0.i1 1.0 0.853529134669
DS1.d438.s0.i0 1.0 1.55308277346
DS1.d449.s0.i0 1.0 -0.449530884083
DS1.d452.s0.i0 1.0 1.81626663028
DS1.d452.s0.i1 -1 1.70703769756
DS1.d452.s0.i2 -1 1.15434174322
DS1.d452.s0.i3 1.0 2.15605882144
DS1.d452.s0.i4 -1 0.971162784777
DS1.d452.s0.i5 1.0 1.95670346994
DS1.d452.s1.i0 1.0 0.683063809844
DS1.d454.s0.i0 -1 -0.585328680199
DS1.d454.s0.i1 1.0 1.29909837758
DS1.d454.s0.i2 -1 -0.233243022174
DS1.d454.s0.i3 -1 -0.500443322529
DS1.d464.s0.i0 1.0 0.700427976385
DS1.d464.s0.i1 1.0 0.449007085629
DS1.d464.s0.i2 1.0 0.8591790539
DS1.d464.s0.i3 1.0 0.582355424324
DS1.d464.s1.i0 1.0 0.260549479229
DS1.d465.s0.i0 1.0 0.258288697775
DS1.d465.s0.i1 1.0 0.0822834880122
DS1.d465.s0.i2 1.0 -0.000646724372378
DS1.d472.s0.i0 1.0 1.63641568291
DS1.d472.s0.i1 1.0 1.76594942706
DS1.d477.s0.i0 1.0 1.18660505156
DS1.d481.s0.i0 1.0 0.249197242961
DS1.d481.s0.i1 1.0 0.931223276328
DS1.d491.s0.i0 1.0 0.691419619073
DS1.d491.s0.i1 1.0 1.10672281283
DS1.d491.s1.i0 -1 -0.534668310758
DS1.d493.s0.i0 1.0 -0.806188753531
DS1.d493.s0.i1 1.0 -0.843337383414
DS1.d493.s0.i2 1.0 0.943710784386
DS1.d493.s1.i0 1.0 2.18020553971
DS1.d496.s0.i0 -1 -0.502049862446
DS1.d496.s0.i1 -1 -0.860442862685
DS1.d496.s1.i0 1.0 0.597737635986
DS1.d510.s0.i0 1.0 1.99852862037
DS1.d510.s0.i1 1.0 2.053681124
DS1.d510.s1.i0 1.0 0.893805002153
DS1.d510.s2.i0 1.0 1.38100146364
DS1.d521.s0.i0 1.0 0.545177156957
DS1.d521.s0.i1 1.0 1.58581772836
DS1.d522.s0.i0 -1 0.300708255135
DS1.d522.s0.i1 -1 0.132383304892
DS1.d530.s0.i0 -1 0.187870755697
DS1.d534.s0.i0 1.0 0.125346818446
DS1.d534.s0.i1 1.0 0.385094216341
DS1.d534.s0.i2 1.0 1.06648330218
DS1.d534.s0.i3 1.0 0.0782655376133
DS1.d534.s0.i4 1.0 0.475257581417
DS1.d534.s0.i5 1.0 0.0782655376133
DS1.d534.s1.i0 1.0 1.86274713985
DS1.d534.s2.i0 1.0 1.58644068015
DS1.d536.s0.i0 1.0 0.769558614967
DS1.d536.s0.i1 1.0 1.11051091835
DS1.d536.s0.i2 1.0 1.08440736048
DS1.d536.s0.i3 1.0 0.911264102455
DS1.d536.s1.i0 -1 0.291866503625
DS1.d536.s1.i1 1.0 1.01716114482
DS1.d542.s0.i0 1.0 1.3851957553
DS1.d542.s0.i1 -1 0.377584705341
DS1.d542.s1.i0 -1 2.64285425367
DS1.d543.s0.i0 1.0 0.0684134021955
DS1.d543.s0.i1 1.0 -0.229980842124
DS1.d543.s0.i2 -1 -1.7483721591
DS1.d553.s0.i0 1.0 1.40884792966
DS1.d553.s0.i1 1.0 1.04576039115
DS1.d555.s0.i0 1.0 0.922455027075
DS1.d555.s1.i0 -1 0.895524939537
DS1.d577.s0.i0 -1 -0.401635690047
DS1.d577.s0.i1 -1 0.264607394431
DS1.d577.s0.i2 -1 0.264607394431
DS1.d597.s0.i0 -1 -0.00904852129305
DS1.d597.s0.i1 -1 0.157378791314
DS1.d597.s0.i2 -1 0.825646282686
DS1.d597.s0.i3 -1 -0.502682348843
DS1.d597.s0.i4 -1 0.0389251045842
DS1.d597.s0.i5 -1 0.719034784834
DS1.d610.s0.i0 1.0 0.588773743084
DS1.d625.s0.i0 -1 0.603648443525
DS1.d625.s0.i1 -1 0.322333385757
DS1.d625.s0.i2 -1 1.40272951155
DS1.d625.s0.i3 -1 0.735203036079
DS1.d625.s1.i0 1.0 0.76872030315
DS1.d625.s1.i1 1.0 0.447718067384
DS1.d649.s0.i0 -1 0.977312321246
DS1.d649.s0.i1 1.0 0.48419688829
DS1.d649.s0.i2 -1 1.04555663396
DS1.d649.s0.i3 1.0 0.67765276249
DS1.d649.s0.i4 -1 0.326865241465
DS1.d649.s0.i5 -1 0.481984409061
DS1.d649.s0.i6 1.0 0.62192691613
DS1.d649.s0.i7 1.0 1.08895529322
DS1.d650.s0.i0 1.0 1.24070448451
DS1.d650.s1.i0 1.0 0.621264636718
DS1.d650.s1.i1 1.0 0.821014154789
DS1.d650.s2.i0 1.0 1.64508015463
DS1.d650.s2.i1 1.0 2.23998624038
DS1.d650.s3.i0 1.0 0.284004050214
DS1.d650.s3.i1 1.0 0.31358198074
DS1.d655.s0.i0 1.0 0.818878334371
DS1.d655.s0.i1 1.0 0.988482445814
DS1.d655.s1.i0 -1 0.186272840172
DS1.d655.s1.i1 1.0 0.595257109375
DS1.d655.s1.i2 -1 -0.025502896343
DS1.d658.s0.i0 1.0 0.989903554292
DS1.d666.s0.i0 1.0 1.03195138999
DS1.d666.s0.i1 1.0 1.02801455505
DS1.d666.s0.i2 1.0 1.23454176198
DS1.d669.s0.i0 -1 0.729049813166
DS1.d676.s0.i0 1.0 0.831184251126
DS1.d689.s0.i0 -1 0.314686119352
DS1.d689.s0.i1 -1 0.357845299054
DS1.d699.s0.i0 1.0 2.3325736624
DS1.d699.s0.i1 1.0 2.3325736624
DS1.d699.s1.i0 1.0 -0.807048927676
DS1.d699.s1.i1 -1 -1.61558712972
DS1.d699.s1.i2 -1 -1.62732850023
DS1.d699.s2.i0 1.0 0.0518403807483
DS1.d704.s0.i0 -1 -0.93677967662
DS1.d704.s0.i1 1.0 0.538840996356
DS1.d704.s0.i2 1.0 0.538840996356
DS1.d704.s0.i3 1.0 -0.190611215909
DS1.d704.s0.i4 1.0 -0.190611215909
DS1.d704.s0.i5 -1 -0.93677967662
DS1.d721.s0.i0 -1 1.59758603775
DS1.d721.s0.i1 -1 1.08320229734
DS1.d721.s0.i2 -1 1.33384345643
DS1.d721.s0.i3 1.0 1.13574303595
DS1.d721.s0.i4 -1 1.22398724476
DS1.d721.s0.i5 1.0 1.02551985971
DS1.d734.s0.i0 1.0 0.663601798995
DS1.d734.s0.i1 1.0 0.514868318881
DS1.d734.s0.i2 1.0 0.146051893431
DS1.d734.s0.i3 1.0 0.380852690187
DS1.d759.s0.i0 -1 1.15479216653
DS1.d759.s0.i1 -1 1.15479216653
DS1.d773.s0.i0 -1 0.531397935632
DS1.d773.s0.i1 -1 0.198341771915
DS1.d774.s0.i0 -1 0.84654060763
DS1.d774.s0.i1 1.0 1.17430377521
DS1.d774.s1.i0 -1 0.724368135463
DS1.d774.s1.i1 1.0 1.29837076897
DS1.d775.s0.i0 1.0 1.55897315883
DS1.d784.s0.i0 1.0 0.851314316437
DS1.d784.s1.i0 1.0 1.46713429145
DS1.d803.s0.i0 1.0 -0.00986463870527
DS1.d803.s0.i1 1.0 0.301463569046
DS1.d803.s0.i2 1.0 -0.146930234569
DS1.d803.s0.i3 1.0 0.438529164909
DS1.d803.s1.i0 1.0 -0.383027791954
DS1.d803.s1.i1 1.0 -0.719765768456
DS1.d803.s2.i0 1.0 1.59970883726
DS1.d803.s2.i1 1.0 1.74835657765
DS1.d813.s0.i0 -1 1.55216132385
DS1.d820.s0.i0 -1 0.347033990998
DS1.d820.s0.i1 -1 0.000459920415539
DS1.d820.s0.i2 -1 2.04536383338
DS1.d820.s1.i0 1.0 1.60367406101
DS1.d820.s2.i0 -1 -0.210315618417
DS1.d820.s2.i1 -1 -1.25676096172
DS1.d820.s3.i0 -1 0.526127454676
DS1.d821.s0.i0 -1 0.0170672103684
DS1.d821.s0.i1 -1 -0.209955418197
