DS1.d7.s0.i0 1.0 0.869235158295
DS1.d7.s0.i1 1.0 0.868786818872
DS1.d7.s0.i2 1.0 1.1074250887
DS1.d7.s0.i3 1.0 0.978227284256
DS1.d7.s1.i0 1.0 0.926439599366
DS1.d7.s1.i1 1.0 0.808580904681
DS1.d7.s2.i0 -1 0.152234972087
DS1.d7.s2.i1 -1 0.218028023499
DS1.d16.s0.i0 1.0 1.25043010803
DS1.d28.s0.i0 1.0 1.25243288881
DS1.d28.s0.i1 1.0 1.26603566682
DS1.d28.s0.i2 1.0 1.58307452854
DS1.d28.s1.i0 1.0 1.08070552254
DS1.d28.s1.i1 1.0 1.32481025527
DS1.d39.s0.i0 -1 0.122718360088
DS1.d72.s0.i0 -1 -0.732285290198
DS1.d72.s0.i1 -1 -0.802649025239
DS1.d87.s0.i0 1.0 0.8540150455
DS1.d91.s0.i0 -1 -0.143899218602
DS1.d91.s0.i1 -1 -0.13698678132
DS1.d91.s0.i2 -1 -0.44924524365
DS1.d91.s0.i3 -1 -0.299728014908
DS1.d91.s0.i4 -1 -0.276929643219
DS1.d91.s0.i5 1.0 0.328252139617
DS1.d109.s0.i0 1.0 -0.822658823272
DS1.d109.s0.i1 1.0 -0.632786412525
DS1.d109.s0.i2 -1 -0.478784082133
DS1.d109.s0.i3 1.0 -0.260616124131
DS1.d109.s0.i4 -1 -0.504467854536
DS1.d109.s0.i5 -1 -0.155236700038
DS1.d134.s0.i0 1.0 0.772866295294
DS1.d134.s0.i1 1.0 0.142325591564
DS1.d151.s0.i0 -1 0.537857219523
DS1.d155.s0.i0 1.0 0.68354090708
DS1.d155.s0.i1 1.0 -0.145019691433
DS1.d155.s0.i2 1.0 1.27141142278
DS1.d161.s0.i0 1.0 -0.337948386664
DS1.d161.s0.i1 1.0 -0.408268184386
DS1.d161.s0.i2 1.0 -0.708738405472
DS1.d161.s0.i3 1.0 -0.266556374939
DS1.d161.s0.i4 1.0 0.199370768488
DS1.d161.s0.i5 1.0 -0.602497877971
DS1.d169.s0.i0 1.0 0.239627707747
DS1.d169.s0.i1 1.0 -0.266177270486
DS1.d169.s1.i0 1.0 0.0814366317197
DS1.d169.s1.i1 1.0 -0.29903312184
DS1.d169.s1.i2 1.0 -0.632257589704
DS1.d169.s1.i3 1.0 -0.089032574344
DS1.d169.s1.i4 1.0 -0.496106275308
DS1.d169.s1.i5 1.0 -1.04567440295
DS1.d180.s0.i0 1.0 0.742165562125
DS1.d180.s0.i1 1.0 0.794337528967
DS1.d180.s1.i0 1.0 2.07609961774
DS1.d180.s2.i0 1.0 1.87067209125
DS1.d180.s2.i1 1.0 1.61286166897
DS1.d210.s0.i0 1.0 1.32462776059
DS1.d210.s0.i1 1.0 1.574702781
DS1.d218.s0.i0 1.0 1.16410781152
DS1.d218.s0.i1 1.0 1.07712108762
DS1.d218.s1.i0 -1 -0.78877302283
DS1.d218.s1.i1 -1 -0.914015845167
DS1.d218.s1.i2 -1 -1.11601503107
DS1.d218.s1.i3 -1 -0.518147001
DS1.d263.s0.i0 1.0 0.252364785815
DS1.d263.s0.i1 -1 0.21620047039
DS1.d263.s0.i2 1.0 0.464749464675
DS1.d263.s0.i3 1.0 1.04866575446
DS1.d263.s0.i4 -1 0.189308909298
DS1.d263.s0.i5 -1 0.745241478116
DS1.d263.s0.i6 -1 -0.00405103754535
DS1.d263.s0.i7 1.0 0.308445324238
DS1.d263.s0.i8 -1 0.291784995476
DS1.d263.s0.i9 1.0 0.244497956739
DS1.d263.s0.i10 1.0 0.437857903582
DS1.d263.s0.i11 -1 0.0601109470534
DS1.d263.s0.i12 -1 0.00381579153042
DS1.d263.s0.i13 1.0 0.540489302706
DS1.d263.s1.i0 1.0 0.839561755124
DS1.d265.s0.i0 1.0 1.66761528385
DS1.d265.s0.i1 -1 -0.197707511671
DS1.d265.s1.i0 1.0 1.60757186808
DS1.d265.s1.i1 1.0 1.5346210905
DS1.d265.s1.i2 1.0 1.27707430079
DS1.d265.s1.i3 1.0 1.52026784536
DS1.d268.s0.i0 1.0 -0.143854872689
DS1.d268.s0.i1 1.0 -0.360280714113
DS1.d313.s0.i0 1.0 -0.231635156871
DS1.d313.s1.i0 1.0 0.667796584518
DS1.d313.s1.i1 1.0 -0.437303305006
DS1.d313.s2.i0 1.0 1.71977250368
DS1.d313.s3.i0 1.0 0.744815266146
DS1.d313.s4.i0 1.0 1.30968115805
DS1.d313.s5.i0 1.0 0.125329731985
DS1.d314.s0.i0 1.0 -0.51212411931
DS1.d314.s0.i1 -1 0.217976408363
DS1.d331.s0.i0 -1 1.23034823586
DS1.d331.s0.i1 1.0 1.33242439396
DS1.d331.s0.i2 1.0 0.968295837735
DS1.d331.s0.i3 -1 1.31875043129
DS1.d332.s0.i0 1.0 0.136937278756
DS1.d334.s0.i0 1.0 0.725613292774
DS1.d334.s1.i0 -1 -0.281565052329
DS1.d345.s0.i0 1.0 0.506887595986
DS1.d345.s1.i0 1.0 0.243402612005
DS1.d345.s1.i1 1.0 -0.0969817587202
DS1.d345.s2.i0 1.0 0.688317762629
DS1.d345.s2.i1 1.0 0.904716416999
DS1.d345.s2.i2 1.0 2.04651524946
DS1.d345.s2.i3 1.0 1.96807816612
DS1.d345.s3.i0 1.0 0.617715376969
DS1.d345.s3.i1 1.0 1.3079191371
DS1.d345.s3.i2 1.0 0.809722847493
DS1.d351.s0.i0 -1 -1.06651104747
DS1.d351.s0.i1 -1 -0.831068497795
DS1.d351.s0.i2 -1 -0.839151988774
DS1.d351.s0.i3 -1 -0.98997182069
DS1.d352.s0.i0 1.0 1.77014195737
DS1.d352.s0.i1 1.0 2.02380936494
DS1.d353.s0.i0 1.0 0.67473379509
DS1.d353.s0.i1 1.0 0.605605802602
DS1.d354.s0.i0 1.0 -0.486984494891
DS1.d366.s0.i0 1.0 0.0270261525033
DS1.d366.s0.i1 1.0 1.17185690765
DS1.d370.s0.i0 1.0 -0.0334715303541
DS1.d386.s0.i0 1.0 1.26181241268
DS1.d386.s1.i0 1.0 0.933585715791
DS1.d386.s1.i1 1.0 1.41191111227
DS1.d386.s2.i0 1.0 2.06643777337
DS1.d386.s2.i1 1.0 2.62319658241
DS1.d398.s0.i0 1.0 1.1022212133
DS1.d402.s0.i0 -1 -0.563136377508
DS1.d402.s0.i1 1.0 0.740510429443
DS1.d402.s0.i2 1.0 0.405420719889
DS1.d402.s1.i0 -1 0.0648349518175
DS1.d402.s1.i1 -1 -0.0268995600894
DS1.d402.s2.i0 1.0 0.397883418312
DS1.d402.s2.i1 1.0 0.252971301484
DS1.d402.s2.i2 -1 -0.480718795422
DS1.d402.s2.i3 1.0 0.418424336303
DS1.d402.s3.i0 1.0 0.369136089086
DS1.d402.s3.i1 -1 -1.18078389052
DS1.d402.s3.i2 1.0 -0.163544534726
DS1.d403.s0.i0 -1 -0.124487659057
DS1.d435.s0.i0 1.0 0.478557560648
DS1.d435.s0.i1 1.0 0.126069515861
DS1.d438.s0.i0 1.0 0.713041178043
DS1.d449.s0.i0 1.0 -0.203623566509
DS1.d452.s0.i0 1.0 1.55370982036
DS1.d452.s0.i1 -1 1.53316341
DS1.d452.s0.i2 -1 1.19411514865
DS1.d452.s0.i3 1.0 1.96457446868
DS1.d452.s0.i4 -1 0.914625163958
DS1.d452.s0.i5 1.0 1.74848318767
DS1.d452.s1.i0 1.0 0.835217088375
DS1.d454.s0.i0 -1 -0.610926711573
DS1.d454.s0.i1 1.0 1.19656256297
DS1.d454.s0.i2 -1 -0.439083762749
DS1.d454.s0.i3 -1 -0.579256589126
DS1.d464.s0.i0 1.0 0.798602473859
DS1.d464.s0.i1 1.0 0.435208193437
DS1.d464.s0.i2 1.0 0.346128066971
DS1.d464.s0.i3 1.0 0.650933785244
DS1.d464.s1.i0 1.0 0.135859666339
DS1.d465.s0.i0 1.0 -0.337863101768
DS1.d465.s0.i1 1.0 -0.405868470556
DS1.d465.s0.i2 1.0 -0.437874468745
DS1.d472.s0.i0 1.0 1.35497867632
DS1.d472.s0.i1 1.0 1.42297127779
DS1.d477.s0.i0 1.0 0.924590241846
DS1.d481.s0.i0 1.0 0.236430619785
DS1.d481.s0.i1 1.0 0.67502432412
DS1.d491.s0.i0 1.0 0.590716569767
DS1.d491.s0.i1 1.0 0.481720255783
DS1.d491.s1.i0 -1 -0.158632946338
DS1.d493.s0.i0 1.0 -0.292073510595
DS1.d493.s0.i1 1.0 -0.282120609582
DS1.d493.s0.i2 1.0 0.758633141553
DS1.d493.s1.i0 1.0 1.38068007629
DS1.d496.s0.i0 -1 -0.935546353944
DS1.d496.s0.i1 -1 -1.07967600877
DS1.d496.s1.i0 1.0 0.0527006601568
DS1.d510.s0.i0 1.0 1.82014534679
DS1.d510.s0.i1 1.0 1.95934035247
DS1.d510.s1.i0 1.0 1.14121705013
DS1.d510.s2.i0 1.0 1.41713122085
DS1.d521.s0.i0 1.0 0.678965983909
DS1.d521.s0.i1 1.0 1.11270389183
DS1.d522.s0.i0 -1 -1.26604186373
DS1.d522.s0.i1 -1 -0.759528649083
DS1.d530.s0.i0 -1 0.0738764128185
DS1.d534.s0.i0 1.0 0.0633005499697
DS1.d534.s0.i1 1.0 0.174694182911
DS1.d534.s0.i2 1.0 0.838986356024
DS1.d534.s0.i3 1.0 0.0943424586528
DS1.d534.s0.i4 1.0 0.274030730204
DS1.d534.s0.i5 1.0 0.0411652319552
DS1.d534.s1.i0 1.0 1.36397511919
DS1.d534.s2.i0 1.0 0.963599182717
DS1.d536.s0.i0 1.0 0.629089197841
DS1.d536.s0.i1 1.0 0.924718288645
DS1.d536.s0.i2 1.0 0.807729756266
DS1.d536.s0.i3 1.0 0.871810238334
DS1.d536.s1.i0 -1 0.148651812901
DS1.d536.s1.i1 1.0 1.07163388951
DS1.d542.s0.i0 1.0 1.61059771465
DS1.d542.s0.i1 -1 0.396350536866
DS1.d542.s1.i0 -1 2.31861829572
DS1.d543.s0.i0 1.0 0.0130607466007
DS1.d543.s0.i1 1.0 0.102521957057
DS1.d543.s0.i2 -1 -1.51177934709
DS1.d553.s0.i0 1.0 1.16729120873
DS1.d553.s0.i1 1.0 0.868505214284
DS1.d555.s0.i0 1.0 1.11119416348
DS1.d555.s1.i0 -1 0.10337336284
DS1.d577.s0.i0 -1 -1.00585396425
DS1.d577.s0.i1 -1 0.210953187609
DS1.d577.s0.i2 -1 0.210953187609
DS1.d597.s0.i0 -1 -1.25089038641
DS1.d597.s0.i1 -1 0.0994669241332
DS1.d597.s0.i2 -1 0.0703267850332
DS1.d597.s0.i3 -1 -0.382190827187
DS1.d597.s0.i4 -1 -0.505020387371
DS1.d597.s0.i5 -1 0.191619918585
DS1.d610.s0.i0 1.0 0.62035077414
DS1.d625.s0.i0 -1 0.294644722092
DS1.d625.s0.i1 -1 -0.348976971758
DS1.d625.s0.i2 -1 0.685031281942
DS1.d625.s0.i3 -1 0.151876565255
DS1.d625.s1.i0 1.0 0.222303034436
DS1.d625.s1.i1 1.0 -0.614203281795
DS1.d649.s0.i0 -1 0.437300275448
DS1.d649.s0.i1 1.0 0.199082115966
DS1.d649.s0.i2 -1 0.516599996151
DS1.d649.s0.i3 1.0 -0.194727742489
DS1.d649.s0.i4 -1 0.248907508834
DS1.d649.s0.i5 -1 0.130346400084
DS1.d649.s0.i6 1.0 -0.0613305591288
DS1.d649.s0.i7 1.0 0.228148129166
DS1.d650.s0.i0 1.0 1.65556152556
DS1.d650.s1.i0 1.0 1.11021395163
DS1.d650.s1.i1 1.0 1.28670221937
DS1.d650.s2.i0 1.0 1.90003103885
DS1.d650.s2.i1 1.0 2.57890285843
DS1.d650.s3.i0 1.0 1.00024305418
DS1.d650.s3.i1 1.0 1.02978927135
DS1.d655.s0.i0 1.0 0.455014041115
DS1.d655.s0.i1 1.0 0.433684350528
DS1.d655.s1.i0 -1 0.00299478841584
DS1.d655.s1.i1 1.0 0.945220764143
DS1.d655.s1.i2 -1 -0.508151392114
DS1.d658.s0.i0 1.0 0.4382203004
DS1.d666.s0.i0 1.0 0.660146498806
DS1.d666.s0.i1 1.0 0.2259813462
DS1.d666.s0.i2 1.0 1.06033467147
DS1.d669.s0.i0 -1 0.51272426121
DS1.d676.s0.i0 1.0 0.411882268013
DS1.d689.s0.i0 -1 0.10985993951
DS1.d689.s0.i1 -1 0.049868107854
DS1.d699.s0.i0 1.0 1.65619156494
DS1.d699.s0.i1 1.0 1.65619156494
DS1.d699.s1.i0 1.0 -0.579701145829
DS1.d699.s1.i1 -1 -1.39652265854
DS1.d699.s1.i2 -1 -1.38288995771
DS1.d699.s2.i0 1.0 -0.304664756526
DS1.d704.s0.i0 -1 -1.1209984218
DS1.d704.s0.i1 1.0 0.115607006931
DS1.d704.s0.i2 1.0 0.115607006931
DS1.d704.s0.i3 1.0 -0.2869743379
DS1.d704.s0.i4 1.0 -0.2869743379
DS1.d704.s0.i5 -1 -1.1209984218
DS1.d721.s0.i0 -1 0.999258950589
DS1.d721.s0.i1 -1 0.81669493717
DS1.d721.s0.i2 -1 0.72676109782
DS1.d721.s0.i3 1.0 0.848174789609
DS1.d721.s0.i4 -1 0.594674359835
DS1.d721.s0.i5 1.0 0.613978794354
DS1.d734.s0.i0 1.0 0.36895483203
DS1.d734.s0.i1 1.0 0.092992732991
DS1.d734.s0.i2 1.0 0.0169006038366
DS1.d734.s0.i3 1.0 0.18513224964
DS1.d759.s0.i0 -1 0.578243149817
DS1.d759.s0.i1 -1 0.578243149817
DS1.d773.s0.i0 -1 -0.326683033966
DS1.d773.s0.i1 -1 -0.722584079234
DS1.d774.s0.i0 -1 0.618062984
DS1.d774.s0.i1 1.0 0.795699286983
DS1.d774.s1.i0 -1 0.274631979733
DS1.d774.s1.i1 1.0 0.491760977656
DS1.d775.s0.i0 1.0 1.48813382522
DS1.d784.s0.i0 1.0 -0.257575461781
DS1.d784.s1.i0 1.0 1.20857043068
DS1.d803.s0.i0 1.0 -0.637913439891
DS1.d803.s0.i1 1.0 -0.70851081581
DS1.d803.s0.i2 1.0 -0.884479613483
DS1.d803.s0.i3 1.0 -0.304281678617
DS1.d803.s1.i0 1.0 -0.317219348983
DS1.d803.s1.i1 1.0 -0.256888113865
DS1.d803.s2.i0 1.0 0.687005227861
DS1.d803.s2.i1 1.0 0.898205039536
DS1.d813.s0.i0 -1 0.824852566818
DS1.d820.s0.i0 -1 -0.435604121478
DS1.d820.s0.i1 -1 -0.946864865559
DS1.d820.s0.i2 -1 1.57006531424
DS1.d820.s1.i0 1.0 1.02443472475
DS1.d820.s2.i0 -1 -0.941614908826
DS1.d820.s2.i1 -1 -2.01915797152
DS1.d820.s3.i0 -1 -0.425212687735
DS1.d821.s0.i0 -1 -0.15835895564
DS1.d821.s0.i1 -1 -0.0244803587463
