DS1.d7.s0.i0 1.0 0.778690078333
DS1.d7.s0.i1 1.0 0.750427132704
DS1.d7.s0.i2 1.0 1.02780868531
DS1.d7.s0.i3 1.0 0.947402988663
DS1.d7.s1.i0 1.0 0.967941012967
DS1.d7.s1.i1 1.0 0.658595540518
DS1.d7.s2.i0 -1 0.1135769727
DS1.d7.s2.i1 -1 0.194667218053
DS1.d16.s0.i0 1.0 1.06730608918
DS1.d28.s0.i0 1.0 0.954780031233
DS1.d28.s0.i1 1.0 1.20922424114
DS1.d28.s0.i2 1.0 1.50671072159
DS1.d28.s1.i0 1.0 0.845387615306
DS1.d28.s1.i1 1.0 1.40405593378
DS1.d39.s0.i0 -1 0.243526683094
DS1.d72.s0.i0 -1 -0.639800536489
DS1.d72.s0.i1 -1 -0.822985700924
DS1.d87.s0.i0 1.0 1.02069994887
DS1.d91.s0.i0 -1 0.250165570535
DS1.d91.s0.i1 -1 0.140033372769
DS1.d91.s0.i2 -1 -0.375338841059
DS1.d91.s0.i3 -1 0.0390277916929
DS1.d91.s0.i4 -1 -0.139667387517
DS1.d91.s0.i5 1.0 -0.0407435817958
DS1.d109.s0.i0 1.0 -0.706585811259
DS1.d109.s0.i1 1.0 -0.463456106017
DS1.d109.s0.i2 -1 -0.425670521599
DS1.d109.s0.i3 1.0 0.0610786276771
DS1.d109.s0.i4 -1 -0.411467559134
DS1.d109.s0.i5 -1 0.0758037472128
DS1.d134.s0.i0 1.0 0.529593348729
DS1.d134.s0.i1 1.0 0.214025531359
DS1.d151.s0.i0 -1 0.703727600406
DS1.d155.s0.i0 1.0 0.752610897958
DS1.d155.s0.i1 1.0 -0.281538331775
DS1.d155.s0.i2 1.0 0.99449809545
DS1.d161.s0.i0 1.0 -0.619186569045
DS1.d161.s0.i1 1.0 -0.657478602652
DS1.d161.s0.i2 1.0 -0.897461572297
DS1.d161.s0.i3 1.0 -0.634099197407
DS1.d161.s0.i4 1.0 -0.124333848849
DS1.d161.s0.i5 1.0 -0.887440421805
DS1.d169.s0.i0 1.0 0.306807581642
DS1.d169.s0.i1 1.0 -0.546731983064
DS1.d169.s1.i0 1.0 0.106450349343
DS1.d169.s1.i1 1.0 -0.25986938448
DS1.d169.s1.i2 1.0 -0.472842267928
DS1.d169.s1.i3 1.0 -0.0107463416593
DS1.d169.s1.i4 1.0 -0.414786280908
DS1.d169.s1.i5 1.0 -0.777449735287
DS1.d180.s0.i0 1.0 0.821721355854
DS1.d180.s0.i1 1.0 0.805831448444
DS1.d180.s1.i0 1.0 1.82836899419
DS1.d180.s2.i0 1.0 1.99498671977
DS1.d180.s2.i1 1.0 1.61777393186
DS1.d210.s0.i0 1.0 1.13628052483
DS1.d210.s0.i1 1.0 1.56366231564
DS1.d218.s0.i0 1.0 1.34042873099
DS1.d218.s0.i1 1.0 1.10313940635
DS1.d218.s1.i0 -1 -0.63406154124
DS1.d218.s1.i1 -1 -0.949031761776
DS1.d218.s1.i2 -1 -1.04339782077
DS1.d218.s1.i3 -1 -0.469254671678
DS1.d263.s0.i0 1.0 -0.0948998606807
DS1.d263.s0.i1 -1 0.247606069817
DS1.d263.s0.i2 1.0 0.31437572613
DS1.d263.s0.i3 1.0 0.923268229031
DS1.d263.s0.i4 -1 0.250249424213
DS1.d263.s0.i5 -1 0.789121662534
DS1.d263.s0.i6 -1 -0.0323049176967
DS1.d263.s0.i7 1.0 0.179150828814
DS1.d263.s0.i8 -1 0.113591533996
DS1.d263.s0.i9 1.0 0.0350787957433
DS1.d263.s0.i10 1.0 0.317019080526
DS1.d263.s0.i11 -1 0.113729993218
DS1.d263.s0.i12 -1 -0.161669516994
DS1.d263.s0.i13 1.0 0.177285733526
DS1.d263.s1.i0 1.0 0.724015502151
DS1.d265.s0.i0 1.0 1.40744878702
DS1.d265.s0.i1 -1 -0.185902872878
DS1.d265.s1.i0 1.0 1.12395592955
DS1.d265.s1.i1 1.0 1.08322026634
DS1.d265.s1.i2 1.0 0.852490451398
DS1.d265.s1.i3 1.0 0.922241806482
DS1.d268.s0.i0 1.0 0.183271953229
DS1.d268.s0.i1 1.0 -0.205675357891
DS1.d313.s0.i0 1.0 0.182367967413
DS1.d313.s1.i0 1.0 0.624266886706
DS1.d313.s1.i1 1.0 -0.238782548562
DS1.d313.s2.i0 1.0 1.24771604856
DS1.d313.s3.i0 1.0 0.376071051162
DS1.d313.s4.i0 1.0 1.10012190102
DS1.d313.s5.i0 1.0 0.709519213136
DS1.d314.s0.i0 1.0 -0.415235051281
DS1.d314.s0.i1 -1 0.331383613891
DS1.d331.s0.i0 -1 1.16490082644
DS1.d331.s0.i1 1.0 1.30429746083
DS1.d331.s0.i2 1.0 1.16036305155
DS1.d331.s0.i3 -1 1.14845897703
DS1.d332.s0.i0 1.0 0.120417656788
DS1.d334.s0.i0 1.0 0.802716452508
DS1.d334.s1.i0 -1 0.127673831747
DS1.d345.s0.i0 1.0 0.669100995589
DS1.d345.s1.i0 1.0 -0.088781201814
DS1.d345.s1.i1 1.0 -0.481464706592
DS1.d345.s2.i0 1.0 0.568844963087
DS1.d345.s2.i1 1.0 0.440867477297
DS1.d345.s2.i2 1.0 2.11496914844
DS1.d345.s2.i3 1.0 1.6610811658
DS1.d345.s3.i0 1.0 0.2686955326
DS1.d345.s3.i1 1.0 1.10019470865
DS1.d345.s3.i2 1.0 0.598920859272
DS1.d351.s0.i0 -1 -0.911979485305
DS1.d351.s0.i1 -1 -0.514721349781
DS1.d351.s0.i2 -1 -0.548778128693
DS1.d351.s0.i3 -1 -0.68780295871
DS1.d352.s0.i0 1.0 1.79853959468
DS1.d352.s0.i1 1.0 1.86604476566
DS1.d353.s0.i0 1.0 0.924984894481
DS1.d353.s0.i1 1.0 0.941174293751
DS1.d354.s0.i0 1.0 -0.102710650581
DS1.d366.s0.i0 1.0 -0.236752783577
DS1.d366.s0.i1 1.0 0.876995791251
DS1.d370.s0.i0 1.0 0.178868514121
DS1.d386.s0.i0 1.0 1.12456577424
DS1.d386.s1.i0 1.0 0.897830130544
DS1.d386.s1.i1 1.0 1.5098935926
DS1.d386.s2.i0 1.0 1.68884548333
DS1.d386.s2.i1 1.0 2.26826492667
DS1.d398.s0.i0 1.0 0.71891398821
DS1.d402.s0.i0 -1 -0.657004099122
DS1.d402.s0.i1 1.0 0.789906884195
DS1.d402.s0.i2 1.0 0.481052326506
DS1.d402.s1.i0 -1 0.400690864282
DS1.d402.s1.i1 -1 -0.000137613873644
DS1.d402.s2.i0 1.0 0.199996060412
DS1.d402.s2.i1 1.0 0.268158852051
DS1.d402.s2.i2 -1 -0.334618551406
DS1.d402.s2.i3 1.0 0.458551127509
DS1.d402.s3.i0 1.0 0.274732986741
DS1.d402.s3.i1 -1 -1.10805331028
DS1.d402.s3.i2 1.0 -0.135899583441
DS1.d403.s0.i0 -1 -0.0495610797801
DS1.d435.s0.i0 1.0 0.532309349704
DS1.d435.s0.i1 1.0 0.202615387663
DS1.d438.s0.i0 1.0 0.853598014756
DS1.d449.s0.i0 1.0 -0.0290157811771
DS1.d452.s0.i0 1.0 1.16379151849
DS1.d452.s0.i1 -1 1.22823760066
DS1.d452.s0.i2 -1 0.730315290196
DS1.d452.s0.i3 1.0 1.52002120804
DS1.d452.s0.i4 -1 0.603575323341
DS1.d452.s0.i5 1.0 1.18800756332
DS1.d452.s1.i0 1.0 0.387384332339
DS1.d454.s0.i0 -1 -0.71027685978
DS1.d454.s0.i1 1.0 1.01444729343
DS1.d454.s0.i2 -1 -0.443741727974
DS1.d454.s0.i3 -1 -0.635222885348
DS1.d464.s0.i0 1.0 0.868328402349
DS1.d464.s0.i1 1.0 0.62015897491
DS1.d464.s0.i2 1.0 0.480801227923
DS1.d464.s0.i3 1.0 0.521593112764
DS1.d464.s1.i0 1.0 0.231237179196
DS1.d465.s0.i0 1.0 -0.132564145824
DS1.d465.s0.i1 1.0 -0.185674750222
DS1.d465.s0.i2 1.0 -0.27339301077
DS1.d472.s0.i0 1.0 1.20906762242
DS1.d472.s0.i1 1.0 1.22109650059
DS1.d477.s0.i0 1.0 1.06315122873
DS1.d481.s0.i0 1.0 0.255811348077
DS1.d481.s0.i1 1.0 0.483066515049
DS1.d491.s0.i0 1.0 0.441395507538
DS1.d491.s0.i1 1.0 0.618204653569
DS1.d491.s1.i0 -1 -0.253474750505
DS1.d493.s0.i0 1.0 -0.237861655095
DS1.d493.s0.i1 1.0 -0.18990401574
DS1.d493.s0.i2 1.0 0.71419017265
DS1.d493.s1.i0 1.0 1.60081218457
DS1.d496.s0.i0 -1 -0.839777588715
DS1.d496.s0.i1 -1 -1.01659503769
DS1.d496.s1.i0 1.0 0.212536558029
DS1.d510.s0.i0 1.0 1.7240443647
DS1.d510.s0.i1 1.0 1.81750215795
DS1.d510.s1.i0 1.0 0.709854973615
DS1.d510.s2.i0 1.0 1.25057907389
DS1.d521.s0.i0 1.0 0.497568278069
DS1.d521.s0.i1 1.0 1.28949374825
DS1.d522.s0.i0 -1 -1.03569228403
DS1.d522.s0.i1 -1 -0.425744273521
DS1.d530.s0.i0 -1 0.159512708029
DS1.d534.s0.i0 1.0 0.22577261005
DS1.d534.s0.i1 1.0 0.343202961127
DS1.d534.s0.i2 1.0 0.802144082721
DS1.d534.s0.i3 1.0 0.244048446332
DS1.d534.s0.i4 1.0 0.565229440416
DS1.d534.s0.i5 1.0 0.151011537849
DS1.d534.s1.i0 1.0 1.43041604529
DS1.d534.s2.i0 1.0 0.934679596575
DS1.d536.s0.i0 1.0 0.402952635423
DS1.d536.s0.i1 1.0 0.583088075494
DS1.d536.s0.i2 1.0 0.644844246871
DS1.d536.s0.i3 1.0 0.68789934227
DS1.d536.s1.i0 -1 0.00330825358169
DS1.d536.s1.i1 1.0 0.686545970294
DS1.d542.s0.i0 1.0 1.33001100981
DS1.d542.s0.i1 -1 0.422351290936
DS1.d542.s1.i0 -1 1.87987984833
DS1.d543.s0.i0 1.0 0.0333024681725
DS1.d543.s0.i1 1.0 0.0197567842493
DS1.d543.s0.i2 -1 -1.20315697514
DS1.d553.s0.i0 1.0 0.99152483121
DS1.d553.s0.i1 1.0 0.672631631014
DS1.d555.s0.i0 1.0 0.885775305549
DS1.d555.s1.i0 -1 0.315032044731
DS1.d577.s0.i0 -1 -0.804379604627
DS1.d577.s0.i1 -1 0.121337311584
DS1.d577.s0.i2 -1 0.121337311584
DS1.d597.s0.i0 -1 -0.94588007443
DS1.d597.s0.i1 -1 0.119044733091
DS1.d597.s0.i2 -1 -0.00870781129839
DS1.d597.s0.i3 -1 -0.489706641334
DS1.d597.s0.i4 -1 -0.365415102653
DS1.d597.s0.i5 -1 0.384851989063
DS1.d610.s0.i0 1.0 0.315354422563
DS1.d625.s0.i0 -1 0.402983840228
DS1.d625.s0.i1 -1 -0.437943761771
DS1.d625.s0.i2 -1 0.854777987848
DS1.d625.s0.i3 -1 0.232149135444
DS1.d625.s1.i0 1.0 0.264405416333
DS1.d625.s1.i1 1.0 -0.228504514803
DS1.d649.s0.i0 -1 0.331855629596
DS1.d649.s0.i1 1.0 0.173473638269
DS1.d649.s0.i2 -1 0.475921729636
DS1.d649.s0.i3 1.0 -0.0312741418298
DS1.d649.s0.i4 -1 0.0490869962125
DS1.d649.s0.i5 -1 0.0978243071596
DS1.d649.s0.i6 1.0 0.217056378529
DS1.d649.s0.i7 1.0 0.233604189905
DS1.d650.s0.i0 1.0 1.40543432482
DS1.d650.s1.i0 1.0 0.572749254095
DS1.d650.s1.i1 1.0 0.772796049113
DS1.d650.s2.i0 1.0 1.72460667374
DS1.d650.s2.i1 1.0 2.2438932582
DS1.d650.s3.i0 1.0 0.757049092289
DS1.d650.s3.i1 1.0 0.726710436001
DS1.d655.s0.i0 1.0 0.316683402119
DS1.d655.s0.i1 1.0 0.402633515078
DS1.d655.s1.i0 -1 0.153842866136
DS1.d655.s1.i1 1.0 0.972287190372
DS1.d655.s1.i2 -1 -0.186111502
DS1.d658.s0.i0 1.0 0.429207185262
DS1.d666.s0.i0 1.0 0.648238117462
DS1.d666.s0.i1 1.0 0.0900358271589
DS1.d666.s0.i2 1.0 0.862851266125
DS1.d669.s0.i0 -1 0.471985807869
DS1.d676.s0.i0 1.0 0.381899592695
DS1.d689.s0.i0 -1 0.0733040451599
DS1.d689.s0.i1 -1 0.183144826438
DS1.d699.s0.i0 1.0 1.80072586386
DS1.d699.s0.i1 1.0 1.80072586386
DS1.d699.s1.i0 1.0 -0.535240807166
DS1.d699.s1.i1 -1 -1.25844333266
DS1.d699.s1.i2 -1 -1.20977627755
DS1.d699.s2.i0 1.0 0.0310646972497
DS1.d704.s0.i0 -1 -1.06069164793
DS1.d704.s0.i1 1.0 -0.0189779033046
DS1.d704.s0.i2 1.0 -0.0189779033046
DS1.d704.s0.i3 1.0 -0.299404268004
DS1.d704.s0.i4 1.0 -0.299404268004
DS1.d704.s0.i5 -1 -1.06069164793
DS1.d721.s0.i0 -1 1.0525885299
DS1.d721.s0.i1 -1 0.642489644353
DS1.d721.s0.i2 -1 0.871975196148
DS1.d721.s0.i3 1.0 0.789463957599
DS1.d721.s0.i4 -1 0.597587376697
DS1.d721.s0.i5 1.0 0.558185573284
DS1.d734.s0.i0 1.0 0.328115603348
DS1.d734.s0.i1 1.0 0.0903958884218
DS1.d734.s0.i2 1.0 -0.0832291678934
DS1.d734.s0.i3 1.0 0.137260912957
DS1.d759.s0.i0 -1 0.543000787198
DS1.d759.s0.i1 -1 0.543000787198
DS1.d773.s0.i0 -1 -0.504057025749
DS1.d773.s0.i1 -1 -0.647184129025
DS1.d774.s0.i0 -1 0.574734967055
DS1.d774.s0.i1 1.0 0.536483070758
DS1.d774.s1.i0 -1 0.370334542929
DS1.d774.s1.i1 1.0 0.549037305322
DS1.d775.s0.i0 1.0 1.50718780459
DS1.d784.s0.i0 1.0 0.273508349664
DS1.d784.s1.i0 1.0 1.55315585043
DS1.d803.s0.i0 1.0 -0.483515833442
DS1.d803.s0.i1 1.0 -0.572206004555
DS1.d803.s0.i2 1.0 -0.688839607089
DS1.d803.s0.i3 1.0 -0.238933138756
DS1.d803.s1.i0 1.0 -0.233570181926
DS1.d803.s1.i1 1.0 -0.384722368303
DS1.d803.s2.i0 1.0 0.818256162836
DS1.d803.s2.i1 1.0 0.931554401089
DS1.d813.s0.i0 -1 0.657253902559
DS1.d820.s0.i0 -1 -0.227495692431
DS1.d820.s0.i1 -1 -0.596027189252
DS1.d820.s0.i2 -1 1.66224396158
DS1.d820.s1.i0 1.0 1.07404209261
DS1.d820.s2.i0 -1 -0.685242822801
DS1.d820.s2.i1 -1 -1.63374489099
DS1.d820.s3.i0 -1 -0.40301280226
DS1.d821.s0.i0 -1 -0.309403984069
DS1.d821.s0.i1 -1 -0.302092391449
