DS1.d7.s0.i0 1.0 0.925375002138
DS1.d7.s0.i1 1.0 0.833125013729
DS1.d7.s0.i2 1.0 1.11781870402
DS1.d7.s0.i3 1.0 1.05063663905
DS1.d7.s1.i0 1.0 0.835193371113
DS1.d7.s1.i1 1.0 0.672984005396
DS1.d7.s2.i0 -1 0.239801484808
DS1.d7.s2.i1 -1 0.267272833895
DS1.d16.s0.i0 1.0 1.09877813025
DS1.d28.s0.i0 1.0 1.20369173809
DS1.d28.s0.i1 1.0 1.17099474237
DS1.d28.s0.i2 1.0 1.6121124315
DS1.d28.s1.i0 1.0 0.904118864175
DS1.d28.s1.i1 1.0 1.44503797383
DS1.d39.s0.i0 -1 0.00612559635207
DS1.d72.s0.i0 -1 -0.754997402425
DS1.d72.s0.i1 -1 -0.944613420494
DS1.d87.s0.i0 1.0 0.946897560111
DS1.d91.s0.i0 -1 -0.0101065133173
DS1.d91.s0.i1 -1 -0.0343989356735
DS1.d91.s0.i2 -1 -0.281200149199
DS1.d91.s0.i3 -1 -0.193459705003
DS1.d91.s0.i4 -1 -0.167512232391
DS1.d91.s0.i5 1.0 0.0761649620206
DS1.d109.s0.i0 1.0 -0.703588559514
DS1.d109.s0.i1 1.0 -0.477397545103
DS1.d109.s0.i2 -1 -0.52804147704
DS1.d109.s0.i3 1.0 -0.131095448216
DS1.d109.s0.i4 -1 -0.508224343561
DS1.d109.s0.i5 -1 -0.176130354617
DS1.d134.s0.i0 1.0 0.698829260865
DS1.d134.s0.i1 1.0 0.323889576027
DS1.d151.s0.i0 -1 0.756769053695
DS1.d155.s0.i0 1.0 0.638891134408
DS1.d155.s0.i1 1.0 -0.121202758209
DS1.d155.s0.i2 1.0 1.10382966013
DS1.d161.s0.i0 1.0 -0.57253834622
DS1.d161.s0.i1 1.0 -0.52318666339
DS1.d161.s0.i2 1.0 -0.89603161833
DS1.d161.s0.i3 1.0 -0.477195228527
DS1.d161.s0.i4 1.0 0.0887820928406
DS1.d161.s0.i5 1.0 -0.750201337488
DS1.d169.s0.i0 1.0 0.347493072078
DS1.d169.s0.i1 1.0 -0.424637577323
DS1.d169.s1.i0 1.0 0.165981248315
DS1.d169.s1.i1 1.0 -0.21537170651
DS1.d169.s1.i2 1.0 -0.393647306511
DS1.d169.s1.i3 1.0 0.16270017909
DS1.d169.s1.i4 1.0 -0.287877586675
DS1.d169.s1.i5 1.0 -0.680102009108
DS1.d180.s0.i0 1.0 0.690862424049
DS1.d180.s0.i1 1.0 0.627497183086
DS1.d180.s1.i0 1.0 1.86877106835
DS1.d180.s2.i0 1.0 1.80431548071
DS1.d180.s2.i1 1.0 1.70080114517
DS1.d210.s0.i0 1.0 1.17669881524
DS1.d210.s0.i1 1.0 1.51455490502
DS1.d218.s0.i0 1.0 1.26090032959
DS1.d218.s0.i1 1.0 1.11225746056
DS1.d218.s1.i0 -1 -0.638913481361
DS1.d218.s1.i1 -1 -1.00045765281
DS1.d218.s1.i2 -1 -1.14845635164
DS1.d218.s1.i3 -1 -0.431706911774
DS1.d263.s0.i0 1.0 0.235945503168
DS1.d263.s0.i1 -1 0.216774788954
DS1.d263.s0.i2 1.0 0.416804087004
DS1.d263.s0.i3 1.0 1.06691178026
DS1.d263.s0.i4 -1 0.187396630147
DS1.d263.s0.i5 -1 0.813686740353
DS1.d263.s0.i6 -1 0.0660475827346
DS1.d263.s0.i7 1.0 0.385692380742
DS1.d263.s0.i8 -1 0.25813971369
DS1.d263.s0.i9 1.0 0.266091630759
DS1.d263.s0.i10 1.0 0.387425928198
DS1.d263.s0.i11 -1 0.186501215201
DS1.d263.s0.i12 -1 0.035916205117
DS1.d263.s0.i13 1.0 0.45560408114
DS1.d263.s1.i0 1.0 0.913577427253
DS1.d265.s0.i0 1.0 1.55621475179
DS1.d265.s0.i1 -1 -0.192716279963
DS1.d265.s1.i0 1.0 1.31525340098
DS1.d265.s1.i1 1.0 1.30057680016
DS1.d265.s1.i2 1.0 0.935509172682
DS1.d265.s1.i3 1.0 1.13419530656
DS1.d268.s0.i0 1.0 0.028134317872
DS1.d268.s0.i1 1.0 -0.094958898742
DS1.d313.s0.i0 1.0 0.19751302405
DS1.d313.s1.i0 1.0 0.544856823023
DS1.d313.s1.i1 1.0 -0.359322193635
DS1.d313.s2.i0 1.0 1.35051335427
DS1.d313.s3.i0 1.0 0.487585863792
DS1.d313.s4.i0 1.0 1.24319119049
DS1.d313.s5.i0 1.0 0.301695617014
DS1.d314.s0.i0 1.0 -0.376035890381
DS1.d314.s0.i1 -1 0.298760269217
DS1.d331.s0.i0 -1 1.12806129446
DS1.d331.s0.i1 1.0 1.27949488309
DS1.d331.s0.i2 1.0 1.03837567818
DS1.d331.s0.i3 -1 1.12937121147
DS1.d332.s0.i0 1.0 0.206114991005
DS1.d334.s0.i0 1.0 0.799834551073
DS1.d334.s1.i0 -1 -0.256182733179
DS1.d345.s0.i0 1.0 0.700916414418
DS1.d345.s1.i0 1.0 0.206087595814
DS1.d345.s1.i1 1.0 -0.254818140281
DS1.d345.s2.i0 1.0 0.590697298468
DS1.d345.s2.i1 1.0 0.639241073234
DS1.d345.s2.i2 1.0 2.13702172367
DS1.d345.s2.i3 1.0 1.69145359347
DS1.d345.s3.i0 1.0 0.38180185803
DS1.d345.s3.i1 1.0 1.29623583881
DS1.d345.s3.i2 1.0 0.77494396714
DS1.d351.s0.i0 -1 -1.07067693263
DS1.d351.s0.i1 -1 -0.83487845743
DS1.d351.s0.i2 -1 -0.727415780007
DS1.d351.s0.i3 -1 -0.877127123528
DS1.d352.s0.i0 1.0 1.76281195253
DS1.d352.s0.i1 1.0 1.95633989611
DS1.d353.s0.i0 1.0 0.952691748757
DS1.d353.s0.i1 1.0 0.836627290361
DS1.d354.s0.i0 1.0 -0.085976289227
DS1.d366.s0.i0 1.0 0.00426407404402
DS1.d366.s0.i1 1.0 1.08031606482
DS1.d370.s0.i0 1.0 0.0812306270374
DS1.d386.s0.i0 1.0 1.24159846391
DS1.d386.s1.i0 1.0 0.986729311025
DS1.d386.s1.i1 1.0 1.40227424743
DS1.d386.s2.i0 1.0 1.88689000432
DS1.d386.s2.i1 1.0 2.37339593137
DS1.d398.s0.i0 1.0 0.933713423518
DS1.d402.s0.i0 -1 -0.6814418795
DS1.d402.s0.i1 1.0 0.849366338969
DS1.d402.s0.i2 1.0 0.457031805062
DS1.d402.s1.i0 -1 0.167180034376
DS1.d402.s1.i1 -1 0.0169432651695
DS1.d402.s2.i0 1.0 0.301094940191
DS1.d402.s2.i1 1.0 0.477641061809
DS1.d402.s2.i2 -1 -0.418860946669
DS1.d402.s2.i3 1.0 0.552866766153
DS1.d402.s3.i0 1.0 0.360242491603
DS1.d402.s3.i1 -1 -1.24319049228
DS1.d402.s3.i2 1.0 -0.167137475949
DS1.d403.s0.i0 -1 -0.0100648246364
DS1.d435.s0.i0 1.0 0.535504209343
DS1.d435.s0.i1 1.0 0.0307300340798
DS1.d438.s0.i0 1.0 0.680856916186
DS1.d449.s0.i0 1.0 0.00888562110326
DS1.d452.s0.i0 1.0 1.28799029095
DS1.d452.s0.i1 -1 1.39386135295
DS1.d452.s0.i2 -1 0.902395090573
DS1.d452.s0.i3 1.0 1.7653170691
DS1.d452.s0.i4 -1 0.660864122191
DS1.d452.s0.i5 1.0 1.40397847073
DS1.d452.s1.i0 1.0 0.668354037426
DS1.d454.s0.i0 -1 -0.704704319223
DS1.d454.s0.i1 1.0 1.21262621333
DS1.d454.s0.i2 -1 -0.42014039079
DS1.d454.s0.i3 -1 -0.580241276092
DS1.d464.s0.i0 1.0 0.822815252984
DS1.d464.s0.i1 1.0 0.527397627555
DS1.d464.s0.i2 1.0 0.3792746734
DS1.d464.s0.i3 1.0 0.577579744299
DS1.d464.s1.i0 1.0 0.146734856382
DS1.d465.s0.i0 1.0 -0.255638520437
DS1.d465.s0.i1 1.0 -0.226639166117
DS1.d465.s0.i2 1.0 -0.257559729584
DS1.d472.s0.i0 1.0 1.30195619508
DS1.d472.s0.i1 1.0 1.29617199667
DS1.d477.s0.i0 1.0 0.947871794945
DS1.d481.s0.i0 1.0 0.352465232634
DS1.d481.s0.i1 1.0 0.633686523922
DS1.d491.s0.i0 1.0 0.417066272068
DS1.d491.s0.i1 1.0 0.275180882502
DS1.d491.s1.i0 -1 -0.193510879527
DS1.d493.s0.i0 1.0 -0.0946028993434
DS1.d493.s0.i1 1.0 -0.0884037764658
DS1.d493.s0.i2 1.0 0.704760564602
DS1.d493.s1.i0 1.0 1.41002080266
DS1.d496.s0.i0 -1 -0.916437176484
DS1.d496.s0.i1 -1 -1.09474889922
DS1.d496.s1.i0 1.0 0.117455886889
DS1.d510.s0.i0 1.0 1.78125815436
DS1.d510.s0.i1 1.0 1.94461326393
DS1.d510.s1.i0 1.0 0.976120406772
DS1.d510.s2.i0 1.0 1.40362292542
DS1.d521.s0.i0 1.0 0.554485041412
DS1.d521.s0.i1 1.0 1.09483997732
DS1.d522.s0.i0 -1 -1.24943785835
DS1.d522.s0.i1 -1 -0.361902335986
DS1.d530.s0.i0 -1 0.0107706713178
DS1.d534.s0.i0 1.0 0.0750347247793
DS1.d534.s0.i1 1.0 0.192835177616
DS1.d534.s0.i2 1.0 0.734724219134
DS1.d534.s0.i3 1.0 0.113420509824
DS1.d534.s0.i4 1.0 0.30436169899
DS1.d534.s0.i5 1.0 0.00910153415226
DS1.d534.s1.i0 1.0 1.26870909237
DS1.d534.s2.i0 1.0 0.801090164799
DS1.d536.s0.i0 1.0 0.717129532012
DS1.d536.s0.i1 1.0 0.80493431302
DS1.d536.s0.i2 1.0 0.817429009693
DS1.d536.s0.i3 1.0 0.909571917263
DS1.d536.s1.i0 -1 -0.0702278629933
DS1.d536.s1.i1 1.0 0.763199124905
DS1.d542.s0.i0 1.0 1.47169244858
DS1.d542.s0.i1 -1 0.360162162304
DS1.d542.s1.i0 -1 1.92618846821
DS1.d543.s0.i0 1.0 -0.00702073735727
DS1.d543.s0.i1 1.0 0.0697168720733
DS1.d543.s0.i2 -1 -1.36718681753
DS1.d553.s0.i0 1.0 1.08541623276
DS1.d553.s0.i1 1.0 0.794606428963
DS1.d555.s0.i0 1.0 0.916525265232
DS1.d555.s1.i0 -1 0.0784376110623
DS1.d577.s0.i0 -1 -0.871478632702
DS1.d577.s0.i1 -1 0.226540213998
DS1.d577.s0.i2 -1 0.226540213998
DS1.d597.s0.i0 -1 -1.16095568017
DS1.d597.s0.i1 -1 0.0205121361372
DS1.d597.s0.i2 -1 -0.253271387694
DS1.d597.s0.i3 -1 -0.523729836226
DS1.d597.s0.i4 -1 -0.662495229649
DS1.d597.s0.i5 -1 0.230934173687
DS1.d610.s0.i0 1.0 0.46723882767
DS1.d625.s0.i0 -1 0.302316267359
DS1.d625.s0.i1 -1 -0.49991972414
DS1.d625.s0.i2 -1 0.573209448331
DS1.d625.s0.i3 -1 0.094687718458
DS1.d625.s1.i0 1.0 0.399697912429
DS1.d625.s1.i1 1.0 -0.349526852302
DS1.d649.s0.i0 -1 0.282174587818
DS1.d649.s0.i1 1.0 0.284829895018
DS1.d649.s0.i2 -1 0.306393360043
DS1.d649.s0.i3 1.0 -0.213577045502
DS1.d649.s0.i4 -1 0.0881098563148
DS1.d649.s0.i5 -1 0.0329725561587
DS1.d649.s0.i6 1.0 0.0235953830261
DS1.d649.s0.i7 1.0 0.266198240121
DS1.d650.s0.i0 1.0 1.542675941
DS1.d650.s1.i0 1.0 0.930418220655
DS1.d650.s1.i1 1.0 1.11810217481
DS1.d650.s2.i0 1.0 1.83048891855
DS1.d650.s2.i1 1.0 2.39934109165
DS1.d650.s3.i0 1.0 1.06297505482
DS1.d650.s3.i1 1.0 1.07743564948
DS1.d655.s0.i0 1.0 0.362105834283
DS1.d655.s0.i1 1.0 0.451393188758
DS1.d655.s1.i0 -1 0.178076160776
DS1.d655.s1.i1 1.0 1.05780223577
DS1.d655.s1.i2 -1 -0.338499506567
DS1.d658.s0.i0 1.0 0.32883504938
DS1.d666.s0.i0 1.0 0.858998134729
DS1.d666.s0.i1 1.0 0.260021702434
DS1.d666.s0.i2 1.0 1.19578911096
DS1.d669.s0.i0 -1 0.520291862806
DS1.d676.s0.i0 1.0 0.407229382002
DS1.d689.s0.i0 -1 0.0761446966048
DS1.d689.s0.i1 -1 0.105465793495
DS1.d699.s0.i0 1.0 1.63687271424
DS1.d699.s0.i1 1.0 1.63687271424
DS1.d699.s1.i0 1.0 -0.498733979462
DS1.d699.s1.i1 -1 -1.39876266527
DS1.d699.s1.i2 -1 -1.38810717954
DS1.d699.s2.i0 1.0 -0.143310616885
DS1.d704.s0.i0 -1 -1.07900082789
DS1.d704.s0.i1 1.0 0.130988388743
DS1.d704.s0.i2 1.0 0.130988388743
DS1.d704.s0.i3 1.0 -0.221184912422
DS1.d704.s0.i4 1.0 -0.221184912422
DS1.d704.s0.i5 -1 -1.07900082789
DS1.d721.s0.i0 -1 0.91654507619
DS1.d721.s0.i1 -1 0.623106555558
DS1.d721.s0.i2 -1 0.663008489067
DS1.d721.s0.i3 1.0 0.778246824582
DS1.d721.s0.i4 -1 0.462639813768
DS1.d721.s0.i5 1.0 0.474495784486
DS1.d734.s0.i0 1.0 0.431856480317
DS1.d734.s0.i1 1.0 0.0930201781001
DS1.d734.s0.i2 1.0 -0.0704679960121
DS1.d734.s0.i3 1.0 0.275847376225
DS1.d759.s0.i0 -1 0.434601944001
DS1.d759.s0.i1 -1 0.434601944001
DS1.d773.s0.i0 -1 -0.569292931149
DS1.d773.s0.i1 -1 -0.856118805263
DS1.d774.s0.i0 -1 0.628437072286
DS1.d774.s0.i1 1.0 0.581328507394
DS1.d774.s1.i0 -1 0.322542426865
DS1.d774.s1.i1 1.0 0.545331263493
DS1.d775.s0.i0 1.0 1.45051077407
DS1.d784.s0.i0 1.0 -0.154043940974
DS1.d784.s1.i0 1.0 1.35477179772
DS1.d803.s0.i0 1.0 -0.509993510312
DS1.d803.s0.i1 1.0 -0.558766875352
DS1.d803.s0.i2 1.0 -0.649573246121
DS1.d803.s0.i3 1.0 -0.296546196916
DS1.d803.s1.i0 1.0 -0.369638210798
DS1.d803.s1.i1 1.0 -0.292623332969
DS1.d803.s2.i0 1.0 0.713360440689
DS1.d803.s2.i1 1.0 0.741103768563
DS1.d813.s0.i0 -1 0.83903154148
DS1.d820.s0.i0 -1 -0.346892807705
DS1.d820.s0.i1 -1 -0.717342241644
DS1.d820.s0.i2 -1 1.64437001157
DS1.d820.s1.i0 1.0 0.928926645489
DS1.d820.s2.i0 -1 -0.838328112421
DS1.d820.s2.i1 -1 -1.93962387856
DS1.d820.s3.i0 -1 -0.625976265338
DS1.d821.s0.i0 -1 -0.225779917472
DS1.d821.s0.i1 -1 -0.155070960093
