DS1.d1.s0.i0 1.0 0.772518372278
DS1.d18.s0.i0 1.0 1.01151075888
DS1.d19.s0.i0 1.0 1.22001111917
DS1.d19.s0.i1 1.0 1.35987668924
DS1.d24.s0.i0 -1 -1.40391109534
DS1.d24.s1.i0 1.0 0.204219045547
DS1.d52.s0.i0 1.0 -0.303525734491
DS1.d52.s1.i0 1.0 1.19977579606
DS1.d52.s2.i0 1.0 1.6894100108
DS1.d73.s0.i0 -1 -0.159110174687
DS1.d73.s0.i1 -1 -0.82504950191
DS1.d77.s0.i0 1.0 0.640811789958
DS1.d77.s0.i1 -1 0.967077160252
DS1.d83.s0.i0 1.0 0.0543953891736
DS1.d94.s0.i0 -1 -0.538532625192
DS1.d94.s1.i0 -1 -0.479497230909
DS1.d94.s1.i1 -1 -0.303336954541
DS1.d94.s1.i2 -1 -0.0491554073954
DS1.d94.s2.i0 -1 -0.0510722616445
DS1.d96.s0.i0 -1 0.469507252221
DS1.d96.s0.i1 1.0 0.129327316411
DS1.d96.s0.i2 -1 0.608194150523
DS1.d96.s0.i3 1.0 0.142759540455
DS1.d96.s1.i0 1.0 1.15490602908
DS1.d96.s1.i1 1.0 0.844177870085
DS1.d97.s0.i0 1.0 1.03911135474
DS1.d116.s0.i0 1.0 1.248533199
DS1.d116.s0.i1 1.0 1.76059723232
DS1.d116.s0.i2 1.0 1.38763309919
DS1.d129.s0.i0 1.0 1.073112689
DS1.d143.s0.i0 1.0 -0.187699904709
DS1.d143.s0.i1 1.0 -0.658012341894
DS1.d143.s0.i2 1.0 -0.430754514852
DS1.d143.s0.i3 1.0 -0.680354796915
DS1.d148.s0.i0 -1 -0.710560951619
DS1.d148.s0.i1 -1 -1.48410118859
DS1.d148.s0.i2 1.0 0.57242383418
DS1.d148.s0.i3 -1 -0.690285006267
DS1.d148.s0.i4 -1 -1.69485763389
DS1.d148.s0.i5 -1 -1.287062463
DS1.d148.s0.i6 -1 -1.3007124182
DS1.d148.s0.i7 -1 -1.60238420975
DS1.d148.s0.i8 -1 -0.304862908794
DS1.d148.s0.i9 1.0 0.888856641921
DS1.d148.s0.i10 -1 -0.90838011528
DS1.d148.s0.i11 1.0 0.527843694138
DS1.d148.s0.i12 -1 -0.620184655543
DS1.d148.s0.i13 1.0 0.80043620445
DS1.d148.s0.i14 -1 -1.41217583287
DS1.d148.s0.i15 -1 -1.42489356232
DS1.d148.s0.i16 -1 -1.67248456047
DS1.d148.s0.i17 1.0 0.888240155207
DS1.d148.s0.i18 -1 -2.07015093128
DS1.d148.s0.i19 1.0 0.680565419197
DS1.d148.s0.i20 1.0 0.29602975697
DS1.d148.s0.i21 -1 -0.950044605731
DS1.d148.s0.i22 1.0 0.522311937497
DS1.d148.s0.i23 -1 -1.6808947762
DS1.d148.s0.i24 1.0 0.775457846313
DS1.d148.s0.i25 -1 -0.318512863993
DS1.d148.s0.i26 -1 -0.868288843584
DS1.d148.s1.i0 -1 -0.874991850485
DS1.d148.s1.i1 1.0 0.710858099208
DS1.d148.s1.i2 -1 -1.08051543799
DS1.d148.s1.i3 -1 -0.688148088465
DS1.d148.s1.i4 1.0 1.09288775893
DS1.d148.s1.i5 -1 0.444966436314
DS1.d148.s1.i6 -1 -0.40257309882
DS1.d148.s1.i7 -1 -0.0619608662715
DS1.d185.s0.i0 1.0 0.132680225941
DS1.d185.s0.i1 1.0 0.886555079805
DS1.d185.s1.i0 1.0 0.924662169751
DS1.d204.s0.i0 1.0 1.52774188419
DS1.d204.s0.i1 1.0 0.268523605744
DS1.d209.s0.i0 -1 1.09171304585
DS1.d209.s0.i1 -1 0.226792737124
DS1.d209.s0.i2 -1 -0.301443705067
DS1.d209.s1.i0 -1 0.23546019656
DS1.d209.s1.i1 -1 0.292069392181
DS1.d209.s1.i2 -1 -0.555037119916
DS1.d212.s0.i0 -1 -0.599489377016
DS1.d226.s0.i0 1.0 0.310060752045
DS1.d241.s0.i0 1.0 0.620831913875
DS1.d241.s1.i0 1.0 0.421232105542
DS1.d244.s0.i0 1.0 0.172110921173
DS1.d244.s0.i1 1.0 -0.0264112492196
DS1.d244.s1.i0 1.0 0.683700604624
DS1.d253.s0.i0 1.0 1.23294835637
DS1.d253.s1.i0 1.0 0.953017581916
DS1.d253.s1.i1 1.0 0.956494277743
DS1.d253.s1.i2 1.0 0.140569209841
DS1.d253.s1.i3 1.0 1.15713786769
DS1.d253.s1.i4 1.0 0.211288513007
DS1.d253.s1.i5 1.0 0.855264078913
DS1.d253.s1.i6 1.0 0.0431343243376
DS1.d253.s1.i7 1.0 0.069365926208
DS1.d253.s2.i0 1.0 1.321382686
DS1.d261.s0.i0 1.0 0.966742589166
DS1.d262.s0.i0 -1 0.502708817894
DS1.d264.s0.i0 1.0 -0.293688063467
DS1.d264.s0.i1 1.0 -0.530701716063
DS1.d264.s1.i0 1.0 1.55146868945
DS1.d276.s0.i0 -1 -0.797089517155
DS1.d276.s0.i1 -1 -0.0243206386229
DS1.d276.s0.i2 -1 -0.345916378333
DS1.d288.s0.i0 -1 -0.147677718529
DS1.d288.s0.i1 -1 0.0876718386592
DS1.d288.s0.i2 -1 -0.397709775946
DS1.d288.s0.i3 -1 -0.263812179097
DS1.d288.s0.i4 -1 0.171884601215
DS1.d288.s0.i5 -1 0.169147220384
DS1.d288.s0.i6 -1 -0.117603561513
DS1.d288.s0.i7 -1 -0.0618145965211
DS1.d288.s0.i8 -1 -0.247891691834
DS1.d288.s1.i0 -1 0.419935301462
DS1.d288.s1.i1 1.0 1.36968999158
DS1.d288.s1.i2 1.0 0.714610723729
DS1.d288.s1.i3 -1 -0.57939875773
DS1.d293.s0.i0 1.0 1.07072365081
DS1.d293.s0.i1 1.0 1.57186504902
DS1.d302.s0.i0 1.0 1.52388953277
DS1.d319.s0.i0 -1 0.06943687995
DS1.d319.s0.i1 -1 0.104555597016
DS1.d327.s0.i0 1.0 1.25465896837
DS1.d341.s0.i0 1.0 2.41364428839
DS1.d341.s0.i1 1.0 2.36961476234
DS1.d341.s1.i0 1.0 0.840031967012
DS1.d341.s1.i1 1.0 -0.568361710565
DS1.d341.s2.i0 1.0 0.454664980544
DS1.d341.s2.i1 1.0 -0.933733987549
DS1.d342.s0.i0 -1 0.491270631714
DS1.d342.s0.i1 -1 0.491270631714
DS1.d363.s0.i0 1.0 0.614710213355
DS1.d363.s0.i1 1.0 0.22626010427
DS1.d367.s0.i0 1.0 0.14892956982
DS1.d367.s0.i1 -1 0.110697156936
DS1.d367.s0.i2 -1 0.214773616584
DS1.d374.s0.i0 1.0 0.525443129349
DS1.d374.s1.i0 1.0 2.02964078291
DS1.d374.s1.i1 1.0 1.53900110981
DS1.d379.s0.i0 -1 -0.535248853129
DS1.d379.s0.i1 -1 -0.988043740671
DS1.d392.s0.i0 1.0 1.51316635544
DS1.d394.s0.i0 1.0 0.776824856839
DS1.d394.s0.i1 1.0 0.419016791347
DS1.d405.s0.i0 1.0 0.904779009069
DS1.d405.s0.i1 1.0 1.03533623135
DS1.d405.s1.i0 -1 -0.700984099541
DS1.d405.s1.i1 1.0 1.46631887903
DS1.d405.s1.i2 -1 -0.0130124727772
DS1.d405.s1.i3 1.0 0.86390488519
DS1.d405.s2.i0 1.0 1.36897065385
DS1.d405.s2.i1 1.0 2.04115093339
DS1.d405.s3.i0 1.0 1.20449238059
DS1.d405.s3.i1 1.0 0.994695136853
DS1.d405.s4.i0 1.0 1.39134574357
DS1.d405.s4.i1 1.0 1.19421290361
DS1.d405.s4.i2 1.0 1.39134574357
DS1.d414.s0.i0 1.0 0.601202789138
DS1.d414.s0.i1 1.0 1.02238959217
DS1.d419.s0.i0 -1 1.5544337504
DS1.d429.s0.i0 -1 0.21723841925
DS1.d429.s0.i1 -1 0.470136467244
DS1.d433.s0.i0 1.0 0.689010554835
DS1.d433.s1.i0 1.0 0.343471132933
DS1.d433.s1.i1 1.0 0.251950873533
DS1.d433.s1.i2 1.0 1.35802120604
DS1.d433.s1.i3 1.0 0.946528811611
DS1.d433.s2.i0 1.0 0.819115674517
DS1.d433.s3.i0 1.0 1.32437899422
DS1.d439.s0.i0 1.0 -0.00790316852837
DS1.d442.s0.i0 -1 0.230856997685
DS1.d448.s0.i0 1.0 0.885476455186
DS1.d448.s0.i1 1.0 0.901758945499
DS1.d448.s1.i0 1.0 0.854488365785
DS1.d448.s1.i1 1.0 1.06805416963
DS1.d448.s1.i2 1.0 1.06338914419
DS1.d448.s1.i3 1.0 1.25428459203
DS1.d448.s2.i0 1.0 -0.757471518577
DS1.d448.s2.i1 1.0 -0.712321877051
DS1.d448.s3.i0 1.0 1.05524298772
DS1.d448.s3.i1 1.0 1.22459106763
DS1.d455.s0.i0 1.0 -1.65472743279
DS1.d455.s0.i1 1.0 -1.73966943907
DS1.d462.s0.i0 1.0 0.495354458362
DS1.d462.s0.i1 1.0 0.589296543774
DS1.d470.s0.i0 1.0 0.783575957563
DS1.d479.s0.i0 1.0 -0.346016358563
DS1.d483.s0.i0 -1 0.00703371785212
DS1.d483.s1.i0 1.0 1.36377546242
DS1.d495.s0.i0 1.0 0.90372212189
DS1.d519.s0.i0 1.0 0.0395976655101
DS1.d519.s0.i1 1.0 0.103491831485
DS1.d519.s0.i2 1.0 0.0127491068135
DS1.d519.s0.i3 1.0 0.2163895929
DS1.d519.s1.i0 1.0 1.22853538843
DS1.d519.s2.i0 1.0 0.273379188924
DS1.d519.s2.i1 -1 0.158007396473
DS1.d524.s0.i0 -1 0.782582782673
DS1.d549.s0.i0 -1 -0.905482377257
DS1.d549.s0.i1 -1 -0.661176446368
DS1.d549.s0.i2 -1 -1.27995394074
DS1.d549.s1.i0 1.0 -0.164652902215
DS1.d549.s1.i1 -1 -0.130915332475
DS1.d549.s2.i0 1.0 0.156794390754
DS1.d549.s2.i1 1.0 0.496677463578
DS1.d549.s3.i0 -1 0.414218582059
DS1.d549.s3.i1 1.0 0.545751929036
DS1.d549.s3.i2 -1 0.227506347248
DS1.d566.s0.i0 1.0 -0.495805927924
DS1.d566.s0.i1 1.0 -0.59236501819
DS1.d596.s0.i0 1.0 1.14332397796
DS1.d596.s0.i1 1.0 1.87799745151
DS1.d604.s0.i0 1.0 0.547833089168
DS1.d607.s0.i0 1.0 0.558259879415
DS1.d607.s0.i1 1.0 1.13707861404
DS1.d607.s0.i2 -1 1.26024548258
DS1.d608.s0.i0 1.0 0.543355075907
DS1.d608.s0.i1 1.0 0.37213148415
DS1.d608.s1.i0 1.0 1.09944645237
DS1.d608.s1.i1 1.0 1.06543944639
DS1.d611.s0.i0 1.0 1.76748532192
DS1.d619.s0.i0 1.0 0.739263402378
DS1.d630.s0.i0 -1 -0.0730730780589
DS1.d630.s0.i1 -1 -0.814770164342
DS1.d667.s0.i0 1.0 0.13839095998
DS1.d671.s0.i0 1.0 2.74454987705
DS1.d671.s0.i1 1.0 1.81248780176
DS1.d671.s0.i2 1.0 1.87387017305
DS1.d673.s0.i0 1.0 2.03499154322
DS1.d678.s0.i0 -1 -0.193992363795
DS1.d678.s0.i1 -1 -0.00503767686398
DS1.d678.s0.i2 -1 -0.235059565146
DS1.d678.s0.i3 -1 -0.231378523497
DS1.d702.s0.i0 1.0 0.660270642396
DS1.d702.s0.i1 1.0 1.25860976249
DS1.d702.s0.i2 1.0 0.962522859192
DS1.d705.s0.i0 1.0 -0.378590962396
DS1.d706.s0.i0 1.0 -0.321616907117
DS1.d707.s0.i0 1.0 -0.495427291697
DS1.d707.s0.i1 1.0 -0.132770396045
DS1.d707.s1.i0 1.0 0.0883837258457
DS1.d710.s0.i0 -1 0.0680386172822
DS1.d715.s0.i0 1.0 0.605744573989
DS1.d743.s0.i0 1.0 1.91195238139
DS1.d752.s0.i0 1.0 0.261329984174
DS1.d756.s0.i0 1.0 0.230586603062
DS1.d756.s0.i1 1.0 0.279811139406
DS1.d766.s0.i0 -1 1.70235396227
DS1.d766.s0.i1 -1 0.778726787748
DS1.d766.s0.i2 -1 1.52396401269
DS1.d766.s0.i3 -1 0.926110480557
DS1.d768.s0.i0 1.0 0.724586224122
DS1.d768.s0.i1 1.0 0.436203964515
DS1.d790.s0.i0 -1 0.317397415285
DS1.d790.s0.i1 -1 0.837989154814
DS1.d812.s0.i0 -1 -0.499751841467
DS1.d812.s0.i1 -1 -0.356071566704
DS1.d812.s0.i2 -1 -0.147514513739
DS1.d818.s0.i0 1.0 -0.279730265309
DS1.d818.s0.i1 1.0 -0.279730265309
DS1.d818.s0.i2 1.0 -0.0679424451856
DS1.d818.s0.i3 1.0 -0.176330147411
DS1.d818.s1.i0 1.0 0.912679467731
DS1.d818.s1.i1 1.0 1.15887872056
DS1.d818.s1.i2 1.0 0.912679467731
DS1.d818.s1.i3 1.0 0.912679467731
DS1.d818.s1.i4 1.0 1.15887872056
DS1.d818.s1.i5 1.0 1.15887872056
DS1.d818.s2.i0 1.0 1.70215250973
DS1.d818.s2.i1 1.0 1.67949892582
DS1.d818.s2.i2 1.0 1.67949892582
DS1.d818.s2.i3 1.0 1.70215250973
DS1.d818.s2.i4 1.0 1.70215250973
DS1.d818.s2.i5 1.0 1.67949892582
DS1.d818.s3.i0 1.0 1.52104014043
DS1.d818.s3.i1 1.0 1.52104014043
DS1.d818.s3.i2 1.0 1.52104014043
