DS.d1208.s0.i0 1.000000 0.879019
DS.d1685.s1.i0 1.000000 0.744151
DS.d1685.s0.i0 1.000000 0.463347
DS.d1360.s1.i0 1.000000 0.761709
DS.d1360.s1.i1 1.000000 0.749323
DS.d1360.s0.i0 1.000000 0.802382
DS.d1360.s2.i1 1.000000 0.865629
DS.d1360.s2.i0 1.000000 0.894003
DS.d365.s0.i0 1.000000 1.359660
DS.d365.s0.i1 1.000000 0.979952
DS.d365.s1.i1 1.000000 -0.009892
DS.d365.s1.i0 1.000000 0.109525
DS.d365.s1.i2 1.000000 0.272591
DS.d1202.s0.i0 1.000000 0.392355
DS.d1204.s0.i0 1.000000 0.856338
DS.d1204.s0.i1 1.000000 0.795023
DS.d1204.s1.i1 1.000000 0.118994
DS.d1204.s1.i0 1.000000 0.570173
DS.d1204.s2.i0 -1.000000 -0.199278
DS.d1207.s1.i0 1.000000 0.598235
DS.d1207.s0.i0 1.000000 0.699901
DS.d259.s0.i0 1.000000 -0.537606
DS.d798.s0.i0 1.000000 0.844070
DS.d121.s2.i0 1.000000 0.496403
DS.d121.s0.i0 1.000000 1.453742
DS.d121.s0.i1 -1.000000 0.544302
DS.d121.s1.i3 1.000000 -0.144282
DS.d121.s1.i2 -1.000000 0.181618
DS.d121.s1.i1 1.000000 -0.038222
DS.d121.s1.i0 -1.000000 0.285444
DS.d791.s0.i0 1.000000 0.842966
DS.d792.s0.i0 1.000000 0.201628
DS.d792.s0.i1 -1.000000 0.041635
DS.d493.s0.i2 1.000000 0.486630
DS.d493.s0.i0 1.000000 0.310643
DS.d493.s0.i1 1.000000 0.463559
DS.d493.s1.i0 1.000000 0.801915
DS.d1443.s0.i1 -1.000000 0.239557
DS.d1443.s0.i0 1.000000 0.380118
DS.d1672.s0.i1 -1.000000 -0.714877
DS.d1672.s0.i0 -1.000000 -0.609349
DS.d552.s0.i2 1.000000 0.633539
DS.d552.s0.i3 1.000000 0.438750
DS.d552.s0.i0 1.000000 0.520837
DS.d552.s0.i1 1.000000 0.724625
DS.d499.s0.i0 1.000000 0.134590
DS.d499.s0.i1 1.000000 -0.025957
DS.d397.s0.i1 -1.000000 -0.586128
DS.d397.s0.i0 -1.000000 -0.193134
DS.d397.s0.i2 1.000000 -0.276937
DS.d1276.s1.i0 1.000000 -0.262266
DS.d1276.s0.i1 1.000000 -0.349074
DS.d1276.s0.i0 1.000000 -0.324256
DS.d1276.s0.i3 1.000000 -0.222444
DS.d1276.s0.i2 1.000000 -0.297206
DS.d923.s0.i0 1.000000 0.747659
DS.d1044.s0.i0 1.000000 0.307690
DS.d1199.s2.i0 -1.000000 -0.788025
DS.d1199.s1.i0 -1.000000 -0.455757
DS.d1199.s0.i0 -1.000000 -0.440473
DS.d983.s0.i0 -1.000000 0.205597
DS.d983.s1.i1 -1.000000 -0.524027
DS.d983.s1.i0 -1.000000 -0.452777
DS.d985.s0.i0 1.000000 0.722735
DS.d328.s1.i0 1.000000 0.663292
DS.d328.s1.i1 1.000000 0.808301
DS.d328.s0.i0 -1.000000 -0.551586
DS.d1691.s0.i0 -1.000000 0.371492
DS.d1192.s0.i0 1.000000 0.537761
DS.d1543.s0.i0 1.000000 0.596345
DS.d1543.s0.i1 -1.000000 0.324452
DS.d1543.s1.i0 -1.000000 0.783595
DS.d640.s0.i0 -1.000000 0.206937
DS.d137.s1.i0 -1.000000 0.545200
DS.d137.s0.i0 -1.000000 0.596200
DS.d646.s0.i4 1.000000 -0.349194
DS.d646.s0.i5 1.000000 -0.330841
DS.d646.s0.i2 1.000000 -0.212271
DS.d646.s0.i3 1.000000 -0.281110
DS.d646.s0.i0 1.000000 -0.326162
DS.d646.s0.i1 1.000000 -0.328130
DS.d133.s1.i0 1.000000 0.570390
DS.d133.s0.i0 1.000000 0.500521
DS.d133.s3.i0 1.000000 0.830506
DS.d133.s2.i0 1.000000 0.780105
DS.d1595.s0.i0 -1.000000 -0.217268
DS.d407.s0.i0 -1.000000 0.716078
DS.d139.s2.i1 1.000000 0.331472
DS.d139.s2.i0 1.000000 0.331472
DS.d139.s2.i2 1.000000 0.388086
DS.d139.s1.i0 1.000000 0.667313
DS.d139.s1.i1 1.000000 0.549066
DS.d139.s1.i2 1.000000 0.603841
DS.d139.s1.i3 1.000000 0.654855
DS.d139.s0.i1 -1.000000 0.589946
DS.d139.s0.i0 -1.000000 0.534213
DS.d722.s0.i1 -1.000000 -0.914811
DS.d722.s0.i0 -1.000000 -0.484482
DS.d726.s0.i0 1.000000 0.877455
DS.d523.s0.i0 -1.000000 0.757613
DS.d523.s1.i1 1.000000 0.540178
DS.d523.s1.i0 1.000000 0.411735
DS.d831.s0.i0 1.000000 0.561289
DS.d830.s1.i0 1.000000 0.516642
DS.d830.s0.i0 1.000000 0.691139
DS.d1763.s0.i0 1.000000 1.271006
DS.d1455.s0.i0 1.000000 0.032116
DS.d1516.s0.i0 1.000000 0.499506
DS.d1516.s0.i1 1.000000 0.994994
DS.d1516.s1.i1 1.000000 0.329921
DS.d1516.s1.i0 1.000000 0.552970
DS.d1517.s0.i0 1.000000 0.513860
DS.d1766.s1.i0 1.000000 -0.080124
DS.d1766.s0.i0 1.000000 0.345086
DS.d1765.s0.i0 1.000000 0.488858
DS.d1765.s0.i1 1.000000 0.481934
DS.d1287.s0.i0 -1.000000 0.029564
DS.d934.s0.i2 -1.000000 -0.775601
DS.d934.s0.i3 -1.000000 -0.587716
DS.d934.s0.i0 -1.000000 -0.769133
DS.d934.s0.i1 -1.000000 -0.626083
DS.d934.s0.i4 -1.000000 -0.768203
DS.d934.s0.i5 -1.000000 -0.746520
DS.d934.s1.i5 -1.000000 -1.143931
DS.d934.s1.i4 -1.000000 -1.050486
DS.d934.s1.i7 -1.000000 -1.081427
DS.d934.s1.i6 -1.000000 -1.114526
DS.d934.s1.i1 -1.000000 -1.017355
DS.d934.s1.i0 -1.000000 -1.185093
DS.d934.s1.i3 -1.000000 -1.157678
DS.d934.s1.i2 -1.000000 -0.994479
DS.d1338.s0.i2 1.000000 0.084272
DS.d1338.s0.i3 1.000000 0.178727
DS.d1338.s0.i0 1.000000 0.060771
DS.d1338.s0.i1 1.000000 0.131936
DS.d1338.s0.i4 1.000000 0.112876
DS.d1338.s0.i5 1.000000 0.163780
DS.d1338.s1.i1 -1.000000 -0.006992
DS.d1338.s1.i0 -1.000000 -0.180073
DS.d1026.s0.i0 1.000000 0.362377
DS.d1026.s1.i0 1.000000 0.939465
DS.d230.s0.i1 1.000000 0.732640
DS.d230.s0.i0 1.000000 0.736219
DS.d230.s0.i3 1.000000 0.696905
DS.d230.s0.i2 1.000000 0.778515
DS.d237.s0.i8 1.000000 0.336124
DS.d237.s0.i9 1.000000 0.097910
DS.d237.s0.i6 1.000000 0.292318
DS.d237.s0.i7 1.000000 0.387005
DS.d237.s0.i4 1.000000 -0.002640
DS.d237.s0.i5 1.000000 0.014949
DS.d237.s0.i2 1.000000 -0.079485
DS.d237.s0.i3 1.000000 0.355676
DS.d237.s0.i0 1.000000 0.454352
DS.d237.s0.i1 1.000000 0.451392
DS.d237.s0.i10 1.000000 0.005339
DS.d237.s0.i11 1.000000 0.115801
DS.d237.s0.i12 1.000000 0.018119
DS.d237.s0.i13 1.000000 0.106321
DS.d236.s0.i2 -1.000000 -0.529107
DS.d236.s0.i1 -1.000000 -0.365236
DS.d236.s0.i0 -1.000000 0.112351
DS.d998.s0.i0 1.000000 0.272503
DS.d998.s0.i1 -1.000000 -0.039310
DS.d997.s0.i2 1.000000 0.802849
DS.d997.s0.i1 1.000000 0.453812
DS.d997.s0.i0 1.000000 0.390095
DS.d182.s1.i0 -1.000000 0.048174
DS.d182.s0.i0 -1.000000 -0.640286
DS.d185.s0.i0 1.000000 0.346404
DS.d185.s0.i1 1.000000 0.319325
DS.d185.s1.i0 1.000000 0.821820
DS.d1186.s1.i0 1.000000 0.911483
DS.d1186.s0.i0 1.000000 0.374497
DS.d1185.s0.i0 1.000000 1.458503
DS.d1185.s0.i1 1.000000 1.442157
DS.d1589.s0.i0 1.000000 0.882469
DS.d1589.s0.i1 1.000000 0.572325
DS.d430.s0.i3 1.000000 0.597332
DS.d430.s0.i2 1.000000 0.604209
DS.d430.s0.i1 1.000000 0.578749
DS.d430.s0.i0 1.000000 0.592708
DS.d434.s0.i0 1.000000 0.717403
DS.d299.s0.i0 -1.000000 0.276289
DS.d299.s0.i1 -1.000000 0.125444
DS.d824.s0.i0 1.000000 -0.141011
DS.d824.s0.i1 1.000000 -0.063392
DS.d731.s1.i2 1.000000 0.680205
DS.d731.s1.i0 -1.000000 0.269814
DS.d731.s1.i1 -1.000000 0.269814
DS.d731.s0.i0 -1.000000 0.580038
DS.d731.s2.i0 1.000000 0.554056
DS.d1507.s0.i10 -1.000000 -0.449826
DS.d1507.s0.i11 -1.000000 -0.467406
DS.d1507.s0.i12 -1.000000 -0.304900
DS.d1507.s0.i13 -1.000000 -0.284551
DS.d1507.s0.i14 -1.000000 -0.481717
DS.d1507.s0.i15 -1.000000 -0.320990
DS.d1507.s0.i16 -1.000000 -0.417312
DS.d1507.s0.i17 -1.000000 -0.333227
DS.d1507.s0.i18 -1.000000 -0.321798
DS.d1507.s0.i19 -1.000000 -0.366973
DS.d1507.s0.i8 -1.000000 -0.448753
DS.d1507.s0.i9 -1.000000 -0.257997
DS.d1507.s0.i2 -1.000000 -0.274882
DS.d1507.s0.i3 -1.000000 -0.417016
DS.d1507.s0.i0 -1.000000 -0.382797
DS.d1507.s0.i1 -1.000000 -0.328154
DS.d1507.s0.i6 -1.000000 -0.466139
DS.d1507.s0.i7 -1.000000 -0.301965
DS.d1507.s0.i4 -1.000000 -0.452681
DS.d1507.s0.i5 -1.000000 -0.249266
DS.d1291.s0.i0 1.000000 1.068464
DS.d1755.s0.i1 -1.000000 -0.202827
DS.d1755.s0.i0 -1.000000 -0.229712
DS.d1751.s0.i0 1.000000 0.303903
DS.d78.s0.i0 -1.000000 0.108056
DS.d78.s1.i0 -1.000000 0.298266
DS.d45.s0.i0 -1.000000 -0.413638
DS.d45.s0.i1 -1.000000 -0.413638
DS.d1354.s0.i0 -1.000000 -0.044618
DS.d1354.s0.i1 -1.000000 -0.085284
DS.d1759.s0.i8 -1.000000 0.314359
DS.d1759.s0.i1 -1.000000 0.393058
DS.d1759.s0.i0 -1.000000 0.345501
DS.d1759.s0.i3 -1.000000 0.420383
DS.d1759.s0.i2 -1.000000 0.448280
DS.d1759.s0.i5 -1.000000 0.383633
DS.d1759.s0.i4 -1.000000 0.406849
DS.d1759.s0.i7 -1.000000 0.473781
DS.d1759.s0.i6 -1.000000 0.313692
DS.d1037.s0.i0 1.000000 1.265363
DS.d1035.s2.i0 -1.000000 -0.798698
DS.d1035.s0.i0 1.000000 0.179745
DS.d1035.s1.i0 1.000000 -0.558035
DS.d1330.s0.i2 -1.000000 -0.518776
DS.d1330.s0.i0 -1.000000 0.003143
DS.d1330.s0.i1 -1.000000 -0.368211
DS.d1331.s1.i0 -1.000000 -0.349615
DS.d1331.s1.i1 -1.000000 -0.846949
DS.d1331.s0.i1 -1.000000 -0.882276
DS.d1331.s0.i0 -1.000000 -0.870308
DS.d1334.s0.i0 -1.000000 0.536061
DS.d1335.s3.i0 1.000000 0.814508
DS.d1335.s2.i0 1.000000 1.103075
DS.d1335.s1.i0 1.000000 1.131757
DS.d1335.s0.i0 1.000000 0.096981
DS.d1335.s4.i0 1.000000 0.292503
DS.d428.s2.i0 -1.000000 0.975604
DS.d428.s2.i1 1.000000 1.027214
DS.d428.s0.i0 1.000000 0.296679
DS.d428.s0.i1 1.000000 0.619701
DS.d428.s0.i2 1.000000 0.744479
DS.d428.s0.i3 1.000000 0.313933
DS.d428.s1.i3 -1.000000 0.629549
DS.d428.s1.i2 1.000000 1.036502
DS.d428.s1.i1 -1.000000 0.866848
DS.d428.s1.i0 1.000000 0.785399
DS.d507.s0.i0 1.000000 0.212008
DS.d507.s0.i1 -1.000000 0.466893
DS.d501.s0.i0 1.000000 0.520933
DS.d501.s0.i1 1.000000 0.591535
DS.d503.s0.i0 1.000000 0.913465
DS.d1837.s0.i0 1.000000 0.851955
DS.d1837.s0.i1 1.000000 0.192687
DS.d1837.s1.i1 1.000000 0.305114
DS.d1837.s1.i0 1.000000 0.305114
DS.d804.s0.i0 -1.000000 0.318341
DS.d115.s0.i1 1.000000 0.412273
DS.d115.s0.i0 -1.000000 -0.420136
DS.d509.s0.i2 -1.000000 -0.734003
DS.d509.s0.i0 -1.000000 -0.679755
DS.d509.s0.i1 -1.000000 -0.636930
DS.d916.s0.i0 -1.000000 -0.014698
DS.d916.s0.i1 -1.000000 0.388623
DS.d749.s2.i2 1.000000 0.667574
DS.d749.s2.i0 1.000000 -0.071239
DS.d749.s2.i1 1.000000 0.358257
DS.d749.s3.i0 -1.000000 0.052756
DS.d749.s0.i0 1.000000 1.193685
DS.d749.s0.i1 1.000000 1.187493
DS.d749.s1.i1 1.000000 0.257389
DS.d749.s1.i0 1.000000 0.545094
DS.d918.s0.i0 -1.000000 -1.475609
DS.d918.s0.i1 -1.000000 -1.301086
DS.d918.s0.i2 -1.000000 -1.331590
DS.d918.s0.i3 -1.000000 -1.468175
DS.d744.s0.i1 -1.000000 -0.247537
DS.d744.s0.i0 -1.000000 -0.290325
DS.d1439.s0.i4 -1.000000 -0.470367
DS.d1439.s0.i5 -1.000000 -0.337310
DS.d1439.s0.i6 -1.000000 -0.363981
DS.d1439.s0.i7 -1.000000 -0.357950
DS.d1439.s0.i0 -1.000000 -0.252775
DS.d1439.s0.i1 -1.000000 -0.254260
DS.d1439.s0.i2 -1.000000 -0.389723
DS.d1439.s0.i3 -1.000000 -0.263149
DS.d1106.s1.i0 -1.000000 -0.087603
DS.d1106.s0.i0 -1.000000 -0.499809
DS.d857.s0.i0 -1.000000 0.210685
DS.d857.s0.i1 -1.000000 0.275771
DS.d419.s0.i0 -1.000000 0.366881
DS.d1346.s1.i0 1.000000 0.431259
DS.d1346.s0.i1 -1.000000 0.634287
DS.d1346.s0.i0 1.000000 0.964492
DS.d850.s1.i0 -1.000000 0.204290
DS.d850.s0.i0 -1.000000 0.546742
DS.d453.s0.i0 1.000000 0.316212
DS.d454.s0.i1 1.000000 0.326649
DS.d454.s0.i0 -1.000000 -0.293376
DS.d454.s0.i3 -1.000000 -0.282354
DS.d454.s0.i2 -1.000000 -0.217903
DS.d213.s0.i0 -1.000000 0.669127
DS.d213.s1.i0 1.000000 0.371342
DS.d1027.s0.i1 -1.000000 0.212582
DS.d1027.s0.i0 -1.000000 0.212582
DS.d346.s1.i0 -1.000000 0.559815
DS.d346.s1.i1 -1.000000 0.611349
DS.d346.s0.i0 1.000000 0.553393
DS.d160.s0.i5 -1.000000 -0.423997
DS.d160.s0.i4 -1.000000 -0.512693
DS.d160.s0.i1 -1.000000 -0.684211
DS.d160.s0.i0 -1.000000 -0.306189
DS.d160.s0.i3 -1.000000 -0.614636
DS.d160.s0.i2 -1.000000 -0.497877
DS.d695.s0.i0 1.000000 0.550748
DS.d695.s0.i1 1.000000 0.617002
DS.d695.s1.i1 -1.000000 0.480006
DS.d695.s1.i0 -1.000000 0.483194
DS.d695.s1.i2 -1.000000 -0.433274
DS.d695.s2.i0 1.000000 0.807558
DS.d695.s2.i1 1.000000 0.579615
DS.d164.s0.i1 -1.000000 -0.671544
DS.d164.s0.i0 -1.000000 0.382266
DS.d164.s0.i2 -1.000000 -0.489998
DS.d961.s0.i0 1.000000 0.558725
DS.d371.s0.i1 1.000000 0.626205
DS.d371.s0.i0 1.000000 0.570539
DS.d371.s0.i3 1.000000 0.687164
DS.d371.s0.i2 1.000000 0.645785
DS.d465.s0.i1 1.000000 0.422068
DS.d465.s0.i0 1.000000 0.306327
DS.d465.s0.i2 1.000000 0.440199
DS.d1525.s0.i0 -1.000000 -0.493472
DS.d1525.s1.i0 -1.000000 -0.091506
DS.d1525.s2.i0 -1.000000 0.612407
DS.d1525.s3.i0 -1.000000 0.385392
DS.d618.s1.i0 1.000000 0.495805
DS.d618.s0.i1 1.000000 0.531944
DS.d618.s0.i0 1.000000 0.237852
DS.d605.s1.i2 1.000000 0.360957
DS.d605.s1.i0 -1.000000 -0.240794
DS.d605.s1.i1 1.000000 -0.050655
DS.d605.s0.i4 -1.000000 0.695869
DS.d605.s0.i1 -1.000000 0.792622
DS.d605.s0.i0 1.000000 0.751597
DS.d605.s0.i3 -1.000000 0.756055
DS.d605.s0.i2 1.000000 0.721987
DS.d28.s1.i0 1.000000 1.078032
DS.d28.s1.i1 1.000000 1.162754
DS.d28.s0.i2 1.000000 1.139225
DS.d28.s0.i1 1.000000 0.959005
DS.d28.s0.i0 1.000000 0.827713
DS.d195.s0.i0 -1.000000 0.244581
DS.d1408.s0.i0 1.000000 0.284109
DS.d1408.s0.i1 1.000000 -0.010193
DS.d1131.s0.i0 -1.000000 -0.643827
DS.d21.s0.i0 1.000000 0.006899
DS.d20.s0.i1 -1.000000 -0.861081
DS.d20.s0.i0 -1.000000 0.148789
DS.d22.s1.i0 1.000000 0.480603
DS.d22.s0.i1 1.000000 0.181868
DS.d22.s0.i0 1.000000 0.450236
DS.d22.s0.i2 1.000000 0.440726
DS.d1139.s0.i0 1.000000 0.130457
DS.d686.s0.i0 1.000000 0.408399
DS.d686.s0.i1 1.000000 0.352976
DS.d624.s4.i2 1.000000 0.891503
DS.d624.s4.i0 1.000000 0.898918
DS.d624.s4.i1 1.000000 1.047416
DS.d624.s0.i2 1.000000 1.057738
DS.d624.s0.i3 1.000000 1.007283
DS.d624.s0.i0 1.000000 1.042171
DS.d624.s0.i1 1.000000 0.700191
DS.d624.s1.i5 1.000000 0.367976
DS.d624.s1.i4 -1.000000 0.181213
DS.d624.s1.i7 -1.000000 0.228446
DS.d624.s1.i6 -1.000000 0.186625
DS.d624.s1.i1 1.000000 0.443744
DS.d624.s1.i0 1.000000 0.232389
DS.d624.s1.i3 1.000000 0.313120
DS.d624.s1.i2 -1.000000 0.249519
DS.d624.s2.i0 1.000000 1.113387
DS.d624.s2.i1 1.000000 1.048930
DS.d624.s2.i2 1.000000 1.155760
DS.d624.s3.i3 1.000000 0.675882
DS.d624.s3.i2 -1.000000 0.165504
DS.d624.s3.i1 1.000000 0.489850
DS.d624.s3.i0 1.000000 0.502529
DS.d684.s0.i0 -1.000000 -0.047184
DS.d684.s0.i1 1.000000 0.042600
DS.d684.s0.i2 -1.000000 0.245510
DS.d684.s0.i3 1.000000 0.337081
DS.d331.s0.i1 1.000000 0.289474
DS.d331.s0.i0 -1.000000 0.376689
DS.d331.s0.i3 -1.000000 0.426882
DS.d331.s0.i2 1.000000 0.264710
DS.d5.s0.i1 1.000000 0.161467
DS.d5.s0.i0 1.000000 0.333893
DS.d5.s0.i2 1.000000 0.372675
DS.d992.s0.i0 -1.000000 0.357079
DS.d1311.s0.i0 -1.000000 0.259724
DS.d1815.s0.i0 -1.000000 -0.259204
DS.d1815.s0.i1 -1.000000 0.084007
DS.d1493.s0.i0 1.000000 0.994916
DS.d1493.s1.i2 1.000000 0.640511
DS.d1493.s1.i1 1.000000 0.656690
DS.d1493.s1.i0 1.000000 0.611476
DS.d1819.s0.i4 1.000000 -0.302953
DS.d1819.s0.i2 1.000000 -0.337573
DS.d1819.s0.i3 1.000000 -0.389662
DS.d1819.s0.i0 1.000000 -0.282216
DS.d1819.s0.i1 1.000000 -0.256870
DS.d1819.s1.i0 1.000000 0.374612
DS.d176.s0.i0 1.000000 -0.266589
DS.d176.s0.i1 1.000000 -0.223922
DS.d176.s0.i2 1.000000 -0.244701
DS.d1083.s0.i0 -1.000000 -0.080306
DS.d564.s0.i1 -1.000000 -0.619246
DS.d564.s0.i0 -1.000000 -0.697454
DS.d560.s0.i1 1.000000 0.918472
DS.d560.s0.i0 1.000000 1.124417
DS.d560.s0.i3 1.000000 0.851193
DS.d560.s0.i2 1.000000 1.062570
DS.d1727.s0.i0 1.000000 0.364216
DS.d1089.s1.i2 1.000000 0.578848
DS.d1089.s1.i3 1.000000 0.561851
DS.d1089.s1.i0 1.000000 0.460912
DS.d1089.s1.i1 1.000000 0.511295
DS.d1089.s0.i0 1.000000 0.664559
DS.d1124.s0.i0 1.000000 -0.116534
DS.d1559.s1.i0 -1.000000 -0.249999
DS.d1559.s0.i0 -1.000000 -0.090542
DS.d1008.s0.i0 -1.000000 -0.317667
DS.d1008.s0.i1 -1.000000 -0.237864
DS.d1008.s1.i0 -1.000000 -0.092932
DS.d1146.s0.i0 -1.000000 0.785633
DS.d381.s0.i4 -1.000000 0.037760
DS.d381.s0.i5 -1.000000 0.085786
DS.d381.s0.i0 -1.000000 0.113133
DS.d381.s0.i1 1.000000 0.382493
DS.d381.s0.i2 1.000000 0.466860
DS.d381.s0.i3 1.000000 0.451915
DS.d381.s1.i0 1.000000 0.135998
DS.d1304.s0.i0 1.000000 0.304882
DS.d1307.s0.i0 -1.000000 0.434197
DS.d1307.s0.i1 -1.000000 0.337650
DS.d1307.s0.i2 -1.000000 0.364382
DS.d1307.s0.i3 -1.000000 0.409582
DS.d441.s2.i0 1.000000 0.778815
DS.d441.s1.i0 1.000000 0.164994
DS.d441.s0.i0 1.000000 1.171231
DS.d1308.s0.i0 1.000000 0.759018
DS.d891.s2.i0 1.000000 -0.013496
DS.d891.s2.i1 1.000000 0.299561
DS.d891.s3.i0 1.000000 -0.362952
DS.d891.s0.i0 1.000000 0.523463
DS.d891.s0.i1 1.000000 0.673847
DS.d891.s1.i0 -1.000000 0.261091
DS.d442.s0.i0 -1.000000 1.030742
DS.d1368.s0.i0 -1.000000 0.252334
DS.d379.s0.i1 -1.000000 -0.356088
DS.d379.s0.i0 -1.000000 -0.299151
DS.d108.s3.i0 -1.000000 -0.229691
DS.d108.s3.i1 -1.000000 -0.390300
DS.d108.s2.i0 -1.000000 -0.136300
DS.d108.s1.i0 -1.000000 -0.255128
DS.d108.s1.i1 -1.000000 -0.129185
DS.d108.s0.i3 1.000000 0.323433
DS.d108.s0.i2 1.000000 0.461514
DS.d108.s0.i1 1.000000 0.407714
DS.d108.s0.i0 1.000000 0.306288
DS.d108.s0.i7 1.000000 0.383284
DS.d108.s0.i6 1.000000 0.368469
DS.d108.s0.i5 1.000000 0.377814
DS.d108.s0.i4 1.000000 0.438014
DS.d80.s0.i0 -1.000000 0.011697
DS.d85.s0.i0 1.000000 0.332910
DS.d1692.s0.i0 -1.000000 1.332265
DS.d1712.s0.i0 1.000000 1.076551
DS.d1712.s1.i1 -1.000000 -0.587071
DS.d1712.s1.i0 -1.000000 -0.563644
DS.d864.s0.i0 1.000000 1.004946
DS.d864.s1.i3 1.000000 0.461277
DS.d864.s1.i2 -1.000000 -0.158357
DS.d864.s1.i1 1.000000 0.404262
DS.d864.s1.i0 -1.000000 -0.169455
DS.d577.s0.i1 -1.000000 -0.092260
DS.d577.s0.i0 -1.000000 -0.012005
DS.d577.s0.i2 -1.000000 -0.098627
DS.d1865.s0.i0 1.000000 0.791815
DS.d860.s0.i0 1.000000 0.491092
DS.d860.s1.i1 1.000000 0.370824
DS.d860.s1.i0 1.000000 0.485053
DS.d946.s1.i2 -1.000000 0.365519
DS.d946.s1.i0 -1.000000 0.099983
DS.d946.s1.i1 1.000000 0.318593
DS.d946.s0.i1 1.000000 0.410742
DS.d946.s0.i0 1.000000 0.669918
DS.d1099.s0.i0 1.000000 0.178561
DS.d1151.s0.i0 1.000000 -0.395969
DS.d674.s0.i1 1.000000 0.519979
DS.d674.s0.i0 1.000000 0.667673
DS.d1461.s1.i0 1.000000 0.596849
DS.d1461.s0.i0 1.000000 0.998387
DS.d1792.s0.i0 -1.000000 0.312157
DS.d1011.s0.i4 -1.000000 -0.179986
DS.d1011.s0.i2 1.000000 -0.091368
DS.d1011.s0.i3 -1.000000 -0.292445
DS.d1011.s0.i0 -1.000000 -0.261668
DS.d1011.s0.i1 -1.000000 -0.275612
DS.d1399.s0.i1 1.000000 0.453239
DS.d1399.s0.i0 1.000000 0.286566
DS.d953.s0.i0 1.000000 0.363813
DS.d156.s0.i0 -1.000000 0.509406
DS.d156.s0.i1 -1.000000 0.523941
DS.d1073.s0.i0 1.000000 0.676889
DS.d881.s0.i1 1.000000 0.593442
DS.d881.s0.i0 1.000000 0.594502
DS.d158.s0.i0 1.000000 0.093887
DS.d158.s0.i1 1.000000 0.110376
DS.d1076.s0.i1 -1.000000 0.085206
DS.d1076.s0.i0 -1.000000 0.145696
DS.d208.s0.i0 1.000000 0.457083
DS.d208.s0.i1 1.000000 0.728282
DS.d789.s0.i0 1.000000 0.292047
DS.d789.s0.i1 1.000000 0.292047
DS.d785.s0.i0 1.000000 0.488227
DS.d785.s0.i1 1.000000 0.163574
DS.d1873.s0.i0 -1.000000 -0.027201
DS.d958.s0.i4 -1.000000 -0.204427
DS.d958.s0.i0 -1.000000 -0.160345
DS.d958.s0.i1 -1.000000 -0.221420
DS.d958.s0.i2 1.000000 0.717496
DS.d958.s0.i3 -1.000000 -0.312831
DS.d544.s0.i3 -1.000000 0.439128
DS.d544.s0.i2 -1.000000 0.340741
DS.d544.s0.i1 -1.000000 0.245559
DS.d544.s0.i0 -1.000000 0.197832
DS.d1703.s0.i0 1.000000 1.032614
DS.d1874.s0.i1 1.000000 0.726981
DS.d1874.s0.i0 1.000000 0.650803
DS.d1380.s1.i0 1.000000 0.636736
DS.d1380.s1.i1 1.000000 0.951596
DS.d1380.s1.i2 1.000000 0.951596
DS.d1380.s1.i3 1.000000 0.636736
DS.d1380.s0.i13 1.000000 0.288579
DS.d1380.s0.i12 1.000000 0.430469
DS.d1380.s0.i11 1.000000 -0.195473
DS.d1380.s0.i10 1.000000 0.015812
DS.d1380.s0.i14 1.000000 0.199097
DS.d1380.s0.i9 1.000000 0.472435
DS.d1380.s0.i8 1.000000 0.288579
DS.d1380.s0.i3 1.000000 -0.125624
DS.d1380.s0.i2 1.000000 0.210459
DS.d1380.s0.i1 1.000000 -0.267019
DS.d1380.s0.i0 1.000000 0.430469
DS.d1380.s0.i7 1.000000 0.199097
DS.d1380.s0.i6 1.000000 0.210459
DS.d1380.s0.i5 1.000000 0.472435
DS.d1380.s0.i4 1.000000 -0.008183
DS.d1383.s0.i0 1.000000 0.362129
DS.d1878.s1.i0 1.000000 0.948555
DS.d1878.s0.i1 1.000000 0.894369
DS.d1878.s0.i0 1.000000 1.337315
DS.d1878.s2.i1 1.000000 0.914915
DS.d1878.s2.i0 1.000000 0.823409
DS.d954.s0.i0 -1.000000 -0.994473
DS.d641.s0.i1 1.000000 1.608142
DS.d641.s0.i0 1.000000 1.483579
DS.d1668.s0.i0 1.000000 1.187228
DS.d70.s0.i0 1.000000 0.384645
DS.d70.s0.i1 1.000000 0.309308
DS.d70.s1.i3 1.000000 0.437015
DS.d70.s1.i2 1.000000 0.595110
DS.d70.s1.i1 1.000000 0.539495
DS.d70.s1.i0 1.000000 0.480568
DS.d1266.s0.i0 -1.000000 -0.144752
DS.d1266.s0.i1 -1.000000 -0.086492
DS.d1266.s1.i0 -1.000000 -0.297973
DS.d1783.s0.i0 -1.000000 -0.071261
DS.d710.s0.i0 -1.000000 0.518927
