DS3.d585.s0.i2 -1.000000 0.056668
DS3.d585.s0.i0 -1.000000 0.130777
DS3.d585.s0.i1 -1.000000 0.194974
DS3.d581.s0.i2 1.000000 0.097460
DS3.d581.s0.i0 -1.000000 0.381608
DS3.d581.s0.i1 -1.000000 0.419100
DS3.d581.s1.i1 -1.000000 0.591875
DS3.d581.s1.i0 -1.000000 0.162116
DS3.d581.s1.i2 -1.000000 0.238848
DS3.d581.s2.i0 1.000000 0.265268
DS3.d581.s2.i1 1.000000 0.441657
DS3.d1702.s0.i0 1.000000 0.671494
DS3.d665.s0.i0 1.000000 1.311537
DS3.d10.s0.i0 -1.000000 -0.711997
DS3.d588.s0.i0 1.000000 1.089402
DS3.d663.s0.i1 -1.000000 -0.415575
DS3.d663.s0.i0 -1.000000 -0.637551
DS3.d746.s0.i0 1.000000 1.129474
DS3.d749.s2.i2 1.000000 0.850474
DS3.d749.s2.i0 1.000000 -0.033646
DS3.d749.s2.i1 1.000000 0.444931
DS3.d749.s3.i0 -1.000000 -0.066815
DS3.d749.s0.i0 1.000000 1.075877
DS3.d749.s0.i1 1.000000 1.053321
DS3.d749.s1.i1 1.000000 0.295158
DS3.d749.s1.i0 1.000000 0.666184
DS3.d130.s0.i8 1.000000 0.956512
DS3.d130.s0.i9 1.000000 1.064598
DS3.d130.s0.i2 1.000000 0.882754
DS3.d130.s0.i3 1.000000 0.796525
DS3.d130.s0.i0 1.000000 0.653469
DS3.d130.s0.i1 1.000000 1.034346
DS3.d130.s0.i6 1.000000 0.817001
DS3.d130.s0.i7 1.000000 0.915307
DS3.d130.s0.i4 1.000000 0.832689
DS3.d130.s0.i5 1.000000 0.841572
DS3.d133.s1.i0 1.000000 0.558942
DS3.d133.s0.i0 1.000000 0.456251
DS3.d133.s3.i0 1.000000 0.593315
DS3.d133.s2.i0 1.000000 0.894240
DS3.d709.s0.i0 1.000000 1.009132
DS3.d1363.s0.i2 -1.000000 -0.433563
DS3.d1363.s0.i3 -1.000000 -0.423918
DS3.d1363.s0.i0 -1.000000 -0.385085
DS3.d1363.s0.i1 -1.000000 -0.306699
DS3.d1363.s0.i6 -1.000000 -0.342109
DS3.d1363.s0.i7 -1.000000 -0.407133
DS3.d1363.s0.i4 -1.000000 -0.304976
DS3.d1363.s0.i5 -1.000000 -0.347028
DS3.d1078.s0.i0 1.000000 0.653105
DS3.d1473.s0.i0 1.000000 0.824250
DS3.d1473.s1.i0 1.000000 0.451716
DS3.d1473.s2.i0 1.000000 0.328952
DS3.d1473.s3.i0 1.000000 0.602256
DS3.d1364.s0.i0 -1.000000 -0.947668
DS3.d1369.s0.i0 1.000000 0.449468
DS3.d1369.s0.i1 1.000000 0.316654
DS3.d1204.s0.i0 1.000000 0.734138
DS3.d1204.s0.i1 1.000000 0.648062
DS3.d1204.s1.i1 1.000000 0.363994
DS3.d1204.s1.i0 1.000000 0.569868
DS3.d1204.s2.i0 -1.000000 -0.370981
DS3.d29.s0.i10 -1.000000 -0.614948
DS3.d29.s0.i11 -1.000000 -0.743416
DS3.d29.s0.i8 -1.000000 -0.753542
DS3.d29.s0.i9 -1.000000 -0.932905
DS3.d29.s0.i2 -1.000000 -0.970254
DS3.d29.s0.i3 -1.000000 -0.745755
DS3.d29.s0.i0 -1.000000 -0.735751
DS3.d29.s0.i1 -1.000000 -0.622600
DS3.d29.s0.i6 -1.000000 -0.775491
DS3.d29.s0.i7 -1.000000 -0.887826
DS3.d29.s0.i4 -1.000000 -0.720803
DS3.d29.s0.i5 -1.000000 -0.540435
DS3.d127.s0.i0 -1.000000 0.517336
DS3.d928.s1.i0 1.000000 0.806219
DS3.d928.s0.i1 1.000000 0.639866
DS3.d928.s0.i0 1.000000 0.285679
DS3.d928.s0.i2 1.000000 0.584675
DS3.d1874.s0.i1 1.000000 0.313971
DS3.d1874.s0.i0 1.000000 0.405995
DS3.d497.s0.i0 1.000000 0.695392
DS3.d497.s1.i1 1.000000 0.015146
DS3.d497.s1.i0 1.000000 -0.082428
DS3.d1149.s0.i0 1.000000 0.087543
DS3.d1148.s0.i1 -1.000000 -0.629373
DS3.d1148.s0.i0 -1.000000 -0.568983
DS3.d1148.s0.i3 -1.000000 -0.568983
DS3.d1148.s0.i2 -1.000000 -0.629373
DS3.d776.s0.i0 1.000000 0.397596
DS3.d776.s0.i1 1.000000 0.397596
DS3.d777.s0.i0 -1.000000 0.299337
DS3.d772.s0.i0 -1.000000 0.876074
DS3.d772.s0.i1 -1.000000 0.919180
DS3.d373.s0.i0 -1.000000 0.661975
DS3.d208.s0.i0 1.000000 0.441217
DS3.d208.s0.i1 1.000000 0.483156
DS3.d371.s0.i1 1.000000 0.641630
DS3.d371.s0.i0 1.000000 0.751969
DS3.d371.s0.i3 1.000000 0.584656
DS3.d371.s0.i2 1.000000 0.713993
DS3.d376.s0.i0 -1.000000 0.552149
DS3.d376.s0.i1 1.000000 1.180630
DS3.d376.s1.i1 -1.000000 0.647320
DS3.d376.s1.i0 -1.000000 0.093460
DS3.d376.s1.i2 -1.000000 -0.142141
DS3.d1469.s1.i4 -1.000000 0.373704
DS3.d1469.s1.i5 1.000000 0.757302
DS3.d1469.s1.i0 -1.000000 0.463007
DS3.d1469.s1.i1 1.000000 0.878506
DS3.d1469.s1.i2 1.000000 0.809051
DS3.d1469.s1.i3 1.000000 0.808325
DS3.d1469.s0.i0 -1.000000 0.129239
DS3.d1540.s0.i1 1.000000 0.422870
DS3.d1540.s0.i0 1.000000 0.519299
DS3.d475.s0.i0 -1.000000 -0.505165
DS3.d475.s0.i1 1.000000 -0.027948
DS3.d475.s1.i0 1.000000 0.052188
DS3.d475.s2.i0 1.000000 1.118829
DS3.d571.s0.i0 -1.000000 -0.298278
DS3.d1781.s0.i6 -1.000000 -1.041850
DS3.d1781.s0.i7 -1.000000 -1.039517
DS3.d1781.s0.i4 -1.000000 -1.111899
DS3.d1781.s0.i5 -1.000000 -1.145471
DS3.d1781.s0.i2 -1.000000 -1.087873
DS3.d1781.s0.i3 -1.000000 -1.104140
DS3.d1781.s0.i0 -1.000000 -1.085362
DS3.d1781.s0.i1 -1.000000 -1.151241
DS3.d1781.s0.i8 -1.000000 -1.158008
DS3.d1781.s0.i9 -1.000000 -1.161833
DS3.d1781.s1.i0 1.000000 0.325476
DS3.d1782.s0.i1 1.000000 0.581506
DS3.d1782.s0.i0 1.000000 0.472005
DS3.d1782.s0.i3 1.000000 0.214222
DS3.d1782.s0.i2 1.000000 0.122271
DS3.d1374.s0.i0 -1.000000 0.347867
DS3.d1374.s0.i1 -1.000000 0.421042
DS3.d380.s1.i2 -1.000000 0.265136
DS3.d380.s1.i3 -1.000000 0.265136
DS3.d380.s1.i0 -1.000000 0.302448
DS3.d380.s1.i1 -1.000000 0.302448
DS3.d380.s1.i6 -1.000000 0.159149
DS3.d380.s1.i7 -1.000000 0.222829
DS3.d380.s1.i4 -1.000000 0.157782
DS3.d380.s1.i5 -1.000000 0.110432
DS3.d380.s1.i8 -1.000000 0.222829
DS3.d380.s0.i5 1.000000 0.827889
DS3.d380.s0.i4 1.000000 0.793213
DS3.d380.s0.i7 1.000000 0.884743
DS3.d380.s0.i6 1.000000 0.884743
DS3.d380.s0.i1 1.000000 0.791707
DS3.d380.s0.i0 1.000000 0.725821
DS3.d380.s0.i3 1.000000 0.791707
DS3.d380.s0.i2 1.000000 0.793213
DS3.d380.s0.i9 1.000000 0.827889
DS3.d380.s0.i8 1.000000 0.725821
DS3.d380.s2.i5 1.000000 0.835909
DS3.d380.s2.i4 1.000000 0.806613
DS3.d380.s2.i3 1.000000 0.835909
DS3.d380.s2.i2 1.000000 0.700601
DS3.d380.s2.i1 1.000000 0.700601
DS3.d380.s2.i0 1.000000 0.806613
DS3.d1069.s0.i0 1.000000 0.595372
DS3.d618.s1.i0 1.000000 0.494547
DS3.d618.s0.i1 1.000000 0.518431
DS3.d618.s0.i0 1.000000 0.301037
DS3.d1642.s0.i0 -1.000000 0.768922
DS3.d1642.s0.i1 -1.000000 0.674444
DS3.d1642.s1.i3 1.000000 0.517134
DS3.d1642.s1.i2 1.000000 0.491713
DS3.d1642.s1.i1 1.000000 0.357121
DS3.d1642.s1.i0 1.000000 0.520762
DS3.d854.s1.i0 1.000000 0.507987
DS3.d854.s0.i1 -1.000000 0.130039
DS3.d854.s0.i0 1.000000 0.846088
DS3.d854.s3.i0 1.000000 0.173908
DS3.d854.s3.i1 -1.000000 0.290349
DS3.d854.s2.i0 -1.000000 0.422561
DS3.d1482.s0.i2 -1.000000 -0.767510
DS3.d1482.s0.i0 -1.000000 -0.767510
DS3.d1482.s0.i1 -1.000000 -0.984655
DS3.d1326.s0.i3 -1.000000 -0.497462
DS3.d1326.s0.i2 -1.000000 -0.563163
DS3.d1326.s0.i1 -1.000000 -0.626961
DS3.d1326.s0.i0 -1.000000 -0.611813
DS3.d1648.s0.i0 1.000000 0.425815
DS3.d1648.s0.i1 1.000000 0.500292
DS3.d485.s0.i1 1.000000 -0.098397
DS3.d485.s0.i0 1.000000 -0.130352
DS3.d763.s2.i0 1.000000 0.534746
DS3.d763.s0.i0 -1.000000 0.895756
DS3.d763.s0.i1 1.000000 1.035131
DS3.d763.s1.i1 1.000000 0.248287
DS3.d763.s1.i0 1.000000 0.492767
DS3.d480.s0.i0 -1.000000 0.501679
DS3.d1007.s3.i0 1.000000 0.134009
DS3.d1007.s2.i0 -1.000000 0.060906
DS3.d1007.s1.i0 -1.000000 0.731798
DS3.d1007.s1.i1 -1.000000 0.655261
DS3.d1007.s1.i2 -1.000000 0.653848
DS3.d1007.s1.i3 1.000000 0.792686
DS3.d1007.s1.i4 -1.000000 0.621667
DS3.d1007.s1.i5 1.000000 0.695779
DS3.d1007.s0.i0 1.000000 1.193176
DS3.d1007.s4.i1 1.000000 0.425724
DS3.d1007.s4.i0 1.000000 1.087481
DS3.d215.s0.i2 -1.000000 -0.029761
DS3.d215.s0.i3 -1.000000 0.032399
DS3.d215.s0.i0 -1.000000 -0.187766
DS3.d215.s0.i1 -1.000000 -0.186140
DS3.d215.s1.i0 -1.000000 -0.580260
DS3.d211.s0.i0 1.000000 1.459750
DS3.d368.s0.i0 -1.000000 -0.256093
DS3.d718.s0.i0 -1.000000 -0.657348
DS3.d718.s0.i1 -1.000000 -0.181519
DS3.d718.s1.i18 -1.000000 -1.267788
DS3.d718.s1.i12 -1.000000 -1.426446
DS3.d718.s1.i15 -1.000000 -1.408409
DS3.d718.s1.i16 -1.000000 -1.134022
DS3.d718.s1.i11 -1.000000 -1.242232
DS3.d718.s1.i10 -1.000000 -1.049799
DS3.d718.s1.i9 -1.000000 -1.401082
DS3.d718.s1.i8 -1.000000 -1.302353
DS3.d718.s1.i17 -1.000000 -1.216222
DS3.d718.s1.i19 -1.000000 -1.308237
DS3.d718.s1.i13 -1.000000 -1.194816
DS3.d718.s1.i14 -1.000000 -1.193924
DS3.d718.s1.i1 -1.000000 -1.189267
DS3.d718.s1.i0 -1.000000 -1.431767
DS3.d718.s1.i3 -1.000000 -1.428370
DS3.d718.s1.i2 -1.000000 -1.237115
DS3.d718.s1.i5 -1.000000 -1.243234
DS3.d718.s1.i4 -1.000000 -1.430696
DS3.d718.s1.i7 -1.000000 -1.241396
DS3.d718.s1.i6 -1.000000 -1.272214
DS3.d718.s2.i0 1.000000 -0.677785
DS3.d718.s2.i1 1.000000 -0.469964
DS3.d718.s2.i2 1.000000 -0.993732
DS3.d718.s2.i3 1.000000 -0.657270
DS3.d1390.s0.i0 -1.000000 0.471959
DS3.d114.s0.i0 1.000000 0.733707
DS3.d1419.s0.i0 1.000000 0.207867
DS3.d1419.s0.i1 1.000000 0.501012
DS3.d406.s0.i0 -1.000000 -0.513745
DS3.d110.s0.i0 1.000000 0.656021
DS3.d294.s0.i2 1.000000 0.968619
DS3.d294.s0.i1 1.000000 0.904052
DS3.d294.s0.i0 1.000000 0.855696
DS3.d297.s0.i0 1.000000 0.984997
DS3.d1792.s0.i0 -1.000000 0.120853
DS3.d1090.s0.i1 1.000000 0.145797
DS3.d1090.s0.i0 1.000000 0.319337
DS3.d900.s0.i1 1.000000 0.728634
DS3.d900.s0.i0 1.000000 0.706292
DS3.d903.s0.i0 1.000000 0.665665
DS3.d903.s0.i1 1.000000 0.789891
DS3.d612.s0.i1 -1.000000 0.257873
DS3.d612.s0.i0 1.000000 0.161244
DS3.d1631.s0.i0 1.000000 1.169719
DS3.d1321.s0.i0 1.000000 -0.016400
DS3.d1321.s0.i1 1.000000 -0.545823
DS3.d1321.s0.i2 1.000000 -0.430100
DS3.d652.s1.i6 1.000000 0.550278
DS3.d652.s1.i7 1.000000 0.573321
DS3.d652.s1.i4 -1.000000 0.539434
DS3.d652.s1.i5 -1.000000 0.534380
DS3.d652.s1.i2 -1.000000 0.482539
DS3.d652.s1.i3 1.000000 0.534746
DS3.d652.s1.i0 1.000000 0.402961
DS3.d652.s1.i1 -1.000000 0.479093
DS3.d652.s0.i1 -1.000000 0.142885
DS3.d652.s0.i0 1.000000 0.478783
DS3.d652.s2.i1 -1.000000 0.050656
DS3.d652.s2.i0 -1.000000 0.183798
DS3.d909.s0.i2 -1.000000 -0.636974
DS3.d909.s0.i3 -1.000000 -0.568704
DS3.d909.s0.i0 -1.000000 -0.730728
DS3.d909.s0.i1 -1.000000 -0.712265
DS3.d909.s0.i6 -1.000000 -0.661983
DS3.d909.s0.i7 -1.000000 -0.214808
DS3.d909.s0.i4 -1.000000 -0.599344
DS3.d909.s0.i5 -1.000000 -0.219410
DS3.d717.s0.i0 1.000000 0.723705
DS3.d1329.s0.i0 -1.000000 -1.222175
DS3.d1329.s0.i1 -1.000000 -1.128193
DS3.d1329.s0.i2 -1.000000 -1.014339
DS3.d1329.s0.i3 -1.000000 -0.903434
DS3.d395.s1.i0 1.000000 0.357966
DS3.d395.s0.i1 1.000000 0.502675
DS3.d395.s0.i0 1.000000 0.769695
DS3.d399.s0.i0 1.000000 0.430303
DS3.d105.s0.i0 -1.000000 -0.288070
DS3.d105.s0.i1 -1.000000 -0.288070
DS3.d796.s0.i4 -1.000000 -0.206035
DS3.d796.s0.i5 -1.000000 -0.288323
DS3.d796.s0.i0 -1.000000 -0.288323
DS3.d796.s0.i1 -1.000000 -0.206035
DS3.d796.s0.i2 -1.000000 -0.288323
DS3.d796.s0.i3 -1.000000 -0.288323
DS3.d796.s1.i2 1.000000 0.234023
DS3.d796.s1.i1 1.000000 0.117013
DS3.d796.s1.i0 1.000000 0.704815
DS3.d266.s0.i0 1.000000 0.341881
DS3.d556.s0.i0 -1.000000 0.210434
DS3.d312.s0.i4 1.000000 -0.085991
DS3.d312.s0.i5 1.000000 0.054901
DS3.d312.s0.i6 1.000000 0.105745
DS3.d312.s0.i7 1.000000 -0.033457
DS3.d312.s0.i0 1.000000 0.125358
DS3.d312.s0.i1 1.000000 0.000797
DS3.d312.s0.i2 1.000000 0.180175
DS3.d312.s0.i3 1.000000 0.013970
DS3.d312.s0.i8 1.000000 0.290219
DS3.d312.s0.i9 1.000000 0.005573
DS3.d312.s0.i10 1.000000 0.258222
DS3.d1405.s0.i1 1.000000 0.172201
DS3.d1405.s0.i0 1.000000 -0.062441
DS3.d1405.s0.i3 1.000000 0.024014
DS3.d1405.s0.i2 1.000000 -0.051234
DS3.d1158.s0.i0 1.000000 -0.024346
DS3.d1252.s1.i0 1.000000 -0.021413
DS3.d1252.s1.i1 1.000000 0.234004
DS3.d1252.s0.i0 1.000000 0.823795
DS3.d182.s1.i0 -1.000000 -0.036724
DS3.d182.s0.i0 -1.000000 -0.407952
DS3.d32.s0.i0 1.000000 0.573893
DS3.d184.s2.i1 1.000000 0.211289
DS3.d184.s2.i0 1.000000 0.103206
DS3.d184.s1.i0 1.000000 0.431949
DS3.d184.s0.i5 1.000000 0.197903
DS3.d184.s0.i4 1.000000 0.034622
DS3.d184.s0.i3 1.000000 0.129015
DS3.d184.s0.i2 1.000000 0.164344
DS3.d184.s0.i1 1.000000 0.080035
DS3.d184.s0.i0 1.000000 0.189321
DS3.d990.s0.i0 -1.000000 -0.427415
DS3.d990.s0.i1 -1.000000 -0.308420
DS3.d990.s0.i2 -1.000000 -0.461829
DS3.d990.s0.i3 -1.000000 -0.428574
DS3.d1154.s0.i2 1.000000 0.610134
DS3.d1154.s0.i0 1.000000 0.365860
DS3.d1154.s0.i1 1.000000 0.832013
DS3.d1021.s0.i0 -1.000000 -0.259220
DS3.d976.s0.i0 -1.000000 -0.055278
DS3.d976.s0.i1 -1.000000 -0.237763
DS3.d1024.s0.i8 -1.000000 -0.063695
DS3.d1024.s0.i9 -1.000000 -0.030991
DS3.d1024.s0.i6 -1.000000 0.050262
DS3.d1024.s0.i7 -1.000000 -0.036763
DS3.d1024.s0.i4 -1.000000 0.083454
DS3.d1024.s0.i5 -1.000000 -0.086850
DS3.d1024.s0.i2 -1.000000 -0.174170
DS3.d1024.s0.i3 -1.000000 -0.022485
DS3.d1024.s0.i0 -1.000000 0.077705
DS3.d1024.s0.i1 -1.000000 0.065825
DS3.d1024.s1.i1 -1.000000 -0.156918
DS3.d1024.s1.i0 -1.000000 0.273063
DS3.d1024.s2.i0 -1.000000 -0.326120
DS3.d1024.s2.i1 -1.000000 -0.131018
DS3.d1234.s1.i0 1.000000 0.587913
DS3.d1234.s0.i1 1.000000 0.003537
DS3.d1234.s0.i0 -1.000000 0.523187
DS3.d972.s0.i0 1.000000 1.042390
DS3.d972.s0.i1 1.000000 1.124462
DS3.d972.s0.i2 1.000000 0.959646
DS3.d972.s0.i3 1.000000 1.087674
DS3.d972.s1.i0 1.000000 0.311906
DS3.d708.s0.i0 -1.000000 -0.198560
DS3.d1586.s0.i2 -1.000000 -0.729564
DS3.d1586.s0.i1 -1.000000 -0.646281
DS3.d1586.s0.i0 -1.000000 -0.741088
DS3.d654.s1.i0 1.000000 0.847575
DS3.d654.s0.i0 1.000000 0.559353
DS3.d1742.s0.i0 1.000000 0.005078
DS3.d1744.s0.i0 -1.000000 0.533215
DS3.d8.s0.i0 1.000000 0.955090
DS3.d1802.s0.i0 -1.000000 -0.711994
DS3.d623.s1.i0 1.000000 1.248441
DS3.d623.s1.i1 1.000000 0.840807
DS3.d623.s0.i1 1.000000 1.122623
DS3.d623.s0.i0 1.000000 1.007372
DS3.d623.s3.i0 1.000000 0.242516
DS3.d623.s3.i1 1.000000 0.822818
DS3.d623.s2.i3 1.000000 0.869782
DS3.d623.s2.i2 1.000000 0.785855
DS3.d623.s2.i1 1.000000 0.856562
DS3.d623.s2.i0 1.000000 0.888065
DS3.d623.s4.i1 1.000000 0.613576
DS3.d623.s4.i0 1.000000 0.329182
DS3.d623.s4.i3 -1.000000 0.137410
DS3.d623.s4.i2 -1.000000 0.204824
DS3.d1806.s0.i0 1.000000 0.857737
DS3.d1806.s1.i0 1.000000 1.164174
DS3.d1804.s2.i0 1.000000 0.107844
DS3.d1804.s2.i1 1.000000 0.075949
DS3.d1804.s0.i0 1.000000 0.397789
DS3.d1804.s1.i0 1.000000 0.196958
DS3.d989.s0.i2 -1.000000 -0.768326
DS3.d989.s0.i3 -1.000000 -0.827961
DS3.d989.s0.i0 -1.000000 -0.727485
DS3.d989.s0.i1 -1.000000 -0.711932
DS3.d1437.s0.i0 1.000000 -0.358104
DS3.d544.s0.i3 -1.000000 0.285058
DS3.d544.s0.i2 -1.000000 0.301164
DS3.d544.s0.i1 -1.000000 0.010862
DS3.d544.s0.i0 -1.000000 0.047590
DS3.d781.s0.i0 1.000000 0.891875
DS3.d781.s1.i1 1.000000 0.771922
DS3.d781.s1.i0 1.000000 0.880621
DS3.d546.s0.i1 1.000000 0.738781
DS3.d546.s0.i0 1.000000 0.579139
DS3.d301.s0.i0 1.000000 0.550500
DS3.d301.s0.i1 1.000000 0.567077
DS3.d1438.s0.i0 -1.000000 -0.318700
DS3.d307.s0.i0 1.000000 0.937229
DS3.d307.s1.i0 1.000000 0.748374
DS3.d986.s0.i0 1.000000 0.159877
DS3.d1532.s0.i0 1.000000 0.699477
DS3.d1241.s0.i0 1.000000 0.537776
DS3.d1649.s0.i1 1.000000 0.219597
DS3.d1649.s0.i0 1.000000 0.308395
DS3.d866.s0.i0 -1.000000 0.150275
DS3.d866.s1.i0 -1.000000 -0.002626
DS3.d1732.s0.i0 -1.000000 -0.278285
DS3.d1732.s0.i1 -1.000000 -0.376891
DS3.d1732.s0.i2 -1.000000 -0.592536
DS3.d1732.s0.i3 -1.000000 -0.521197
DS3.d1733.s0.i0 1.000000 -0.253365
DS3.d732.s0.i2 1.000000 -0.006875
DS3.d732.s0.i0 -1.000000 0.357145
DS3.d732.s0.i1 1.000000 -0.187562
DS3.d733.s0.i3 1.000000 0.509471
DS3.d733.s0.i2 1.000000 0.573579
DS3.d733.s0.i1 1.000000 0.535079
DS3.d733.s0.i0 1.000000 0.540104
DS3.d965.s0.i0 1.000000 0.607142
DS3.d736.s0.i0 1.000000 0.594507
DS3.d800.s0.i0 1.000000 0.192874
DS3.d1006.s0.i0 -1.000000 -0.788485
DS3.d1228.s0.i0 -1.000000 -0.224155
DS3.d1228.s1.i0 -1.000000 0.464816
DS3.d1751.s0.i0 1.000000 0.584379
DS3.d605.s1.i2 1.000000 0.630163
DS3.d605.s1.i0 -1.000000 0.030775
DS3.d605.s1.i1 1.000000 -0.209798
DS3.d605.s0.i4 -1.000000 0.876825
DS3.d605.s0.i1 -1.000000 0.992537
DS3.d605.s0.i0 1.000000 0.921574
DS3.d605.s0.i3 -1.000000 0.872103
DS3.d605.s0.i2 1.000000 0.883543
DS3.d415.s0.i0 -1.000000 -0.197940
DS3.d415.s0.i1 -1.000000 -0.401500
DS3.d415.s0.i2 -1.000000 -0.022190
DS3.d415.s0.i3 -1.000000 0.376764
DS3.d632.s1.i0 1.000000 1.091864
DS3.d632.s1.i1 1.000000 1.012583
DS3.d632.s0.i1 -1.000000 0.325165
DS3.d632.s0.i0 -1.000000 0.277647
DS3.d1834.s0.i0 -1.000000 0.362601
DS3.d1833.s0.i2 1.000000 0.438800
DS3.d1833.s0.i0 1.000000 0.527685
DS3.d1833.s0.i1 1.000000 0.484849
DS3.d1833.s1.i4 1.000000 0.405511
DS3.d1833.s1.i1 1.000000 0.387618
DS3.d1833.s1.i0 1.000000 0.319361
DS3.d1833.s1.i3 1.000000 0.298876
DS3.d1833.s1.i2 1.000000 0.267661
DS3.d636.s0.i1 1.000000 0.076520
DS3.d636.s0.i0 -1.000000 0.083597
DS3.d164.s0.i1 -1.000000 -0.190096
DS3.d164.s0.i0 -1.000000 0.476178
DS3.d164.s0.i2 -1.000000 -0.018630
DS3.d1423.s1.i0 1.000000 0.231410
DS3.d1423.s0.i0 -1.000000 0.296312
DS3.d1121.s0.i0 1.000000 0.475105
DS3.d335.s0.i0 1.000000 0.325800
DS3.d51.s0.i2 -1.000000 0.317359
DS3.d51.s0.i1 -1.000000 0.667990
DS3.d51.s0.i0 -1.000000 0.409140
DS3.d53.s0.i0 1.000000 0.067441
DS3.d1330.s0.i2 -1.000000 -0.159507
DS3.d1330.s0.i0 -1.000000 -0.252563
DS3.d1330.s0.i1 -1.000000 -0.175953
DS3.d1333.s0.i0 1.000000 1.299578
DS3.d871.s0.i0 1.000000 0.849615
DS3.d871.s1.i0 1.000000 0.939101
DS3.d871.s2.i0 1.000000 1.170711
DS3.d1133.s0.i1 -1.000000 -0.017516
DS3.d1133.s0.i0 1.000000 0.158675
DS3.d1590.s0.i2 -1.000000 -0.302616
DS3.d1590.s0.i3 -1.000000 -0.162142
DS3.d1590.s0.i0 -1.000000 -0.326046
DS3.d1590.s0.i1 -1.000000 -0.196522
DS3.d1590.s0.i4 -1.000000 -0.310916
DS3.d1215.s0.i0 1.000000 0.372551
DS3.d1215.s0.i1 1.000000 1.026787
DS3.d1215.s1.i3 -1.000000 0.552057
DS3.d1215.s1.i2 -1.000000 0.338087
DS3.d1215.s1.i1 -1.000000 0.518440
DS3.d1215.s1.i0 -1.000000 0.684885
DS3.d1040.s2.i0 1.000000 0.172816
DS3.d1040.s0.i0 1.000000 0.615420
DS3.d1040.s0.i1 1.000000 0.493731
DS3.d1040.s1.i0 1.000000 0.494174
DS3.d1300.s0.i0 1.000000 0.667852
DS3.d1767.s0.i0 1.000000 0.816986
DS3.d1767.s0.i1 1.000000 0.816986
DS3.d1764.s0.i0 -1.000000 -0.194054
DS3.d606.s0.i0 -1.000000 0.129653
DS3.d1144.s1.i0 -1.000000 -0.198470
DS3.d1144.s0.i1 -1.000000 0.435425
DS3.d1144.s0.i0 -1.000000 0.404446
DS3.d1643.s1.i0 -1.000000 -0.471616
DS3.d1643.s0.i1 -1.000000 -0.438873
DS3.d1643.s0.i0 -1.000000 -1.116713
DS3.d1643.s0.i3 -1.000000 -0.753147
DS3.d1643.s0.i2 -1.000000 -1.121497
DS3.d1643.s2.i0 -1.000000 -0.726172
DS3.d1295.s0.i0 1.000000 0.764452
DS3.d159.s0.i5 -1.000000 -0.550974
DS3.d159.s0.i4 -1.000000 -0.369585
DS3.d159.s0.i1 -1.000000 -0.368095
DS3.d159.s0.i0 -1.000000 -0.405309
DS3.d159.s0.i3 -1.000000 -0.494250
DS3.d159.s0.i2 -1.000000 -0.377550
DS3.d1292.s0.i3 1.000000 1.122713
DS3.d1292.s0.i2 1.000000 1.017076
DS3.d1292.s0.i1 1.000000 0.728652
DS3.d1292.s0.i0 1.000000 1.118527
DS3.d320.s0.i1 1.000000 1.480905
DS3.d320.s0.i0 -1.000000 1.377397
DS3.d323.s0.i0 1.000000 0.773646
DS3.d1520.s0.i0 1.000000 0.453668
DS3.d684.s0.i0 -1.000000 -0.415045
DS3.d684.s0.i1 1.000000 0.032683
DS3.d684.s0.i2 -1.000000 -0.065544
DS3.d684.s0.i3 1.000000 0.421527
DS3.d682.s0.i2 1.000000 -0.056412
DS3.d682.s0.i0 1.000000 -0.006741
DS3.d682.s0.i1 1.000000 -0.208880
DS3.d445.s0.i0 1.000000 0.246252
DS3.d1798.s0.i0 1.000000 0.104171
DS3.d1451.s0.i2 -1.000000 0.005631
DS3.d1451.s0.i3 -1.000000 0.042772
DS3.d1451.s0.i0 -1.000000 0.042772
DS3.d1451.s0.i1 -1.000000 0.030117
DS3.d1451.s1.i1 -1.000000 0.091980
DS3.d1451.s1.i0 -1.000000 0.053479
DS3.d1728.s0.i1 1.000000 0.933911
DS3.d1728.s0.i0 1.000000 0.484169
DS3.d1105.s0.i0 1.000000 0.544916
DS3.d1345.s0.i0 -1.000000 -0.298542
DS3.d889.s0.i1 1.000000 0.491905
DS3.d889.s0.i0 1.000000 0.491905
DS3.d1610.s0.i0 1.000000 0.888557
DS3.d993.s0.i1 1.000000 1.082423
DS3.d993.s0.i0 1.000000 1.170150
DS3.d1771.s3.i0 1.000000 -0.057927
DS3.d1771.s2.i1 1.000000 0.406450
DS3.d1771.s2.i0 1.000000 0.421042
DS3.d1771.s1.i0 1.000000 0.335451
DS3.d1771.s1.i1 1.000000 0.532237
DS3.d1771.s1.i2 1.000000 0.428917
DS3.d1771.s0.i0 1.000000 0.393222
DS3.d1164.s0.i0 -1.000000 0.359021
DS3.d1872.s2.i0 1.000000 0.533272
DS3.d1872.s1.i0 1.000000 0.747218
DS3.d1872.s0.i0 1.000000 0.698980
DS3.d1522.s1.i0 -1.000000 0.408313
DS3.d1522.s0.i1 1.000000 0.790202
DS3.d1522.s0.i0 1.000000 0.582801
DS3.d1522.s3.i0 1.000000 0.060139
DS3.d1522.s2.i0 -1.000000 -0.125591
DS3.d827.s0.i2 -1.000000 -0.358940
DS3.d827.s0.i1 -1.000000 -0.123134
DS3.d827.s0.i0 -1.000000 -0.341778
DS3.d1856.s0.i1 1.000000 0.921064
DS3.d1856.s0.i0 1.000000 0.674174
DS3.d1850.s0.i0 1.000000 -0.147271
DS3.d617.s0.i0 1.000000 0.252080
DS3.d617.s1.i3 -1.000000 -0.316564
DS3.d617.s1.i2 -1.000000 -0.447866
DS3.d617.s1.i1 -1.000000 -0.119369
DS3.d617.s1.i0 -1.000000 -0.353401
DS3.d617.s1.i7 -1.000000 -0.424604
DS3.d617.s1.i6 -1.000000 -0.460071
DS3.d617.s1.i5 -1.000000 -0.468513
DS3.d617.s1.i4 -1.000000 -0.210412
DS3.d617.s1.i9 -1.000000 -0.400779
DS3.d617.s1.i8 -1.000000 -0.422857
DS3.d1281.s1.i0 -1.000000 -0.588140
DS3.d1281.s1.i1 1.000000 0.202012
DS3.d1281.s0.i2 1.000000 0.507215
DS3.d1281.s0.i1 1.000000 0.199578
DS3.d1281.s0.i0 -1.000000 0.256654
DS3.d754.s0.i2 1.000000 0.511266
DS3.d754.s0.i0 1.000000 0.415485
DS3.d754.s0.i1 1.000000 0.374451
DS3.d81.s0.i0 1.000000 0.466559
DS3.d81.s0.i1 1.000000 0.735537
DS3.d1684.s0.i0 -1.000000 -0.049886
DS3.d1789.s0.i0 -1.000000 0.019311
DS3.d1789.s0.i1 -1.000000 -0.081929
DS3.d1680.s0.i0 1.000000 0.410556
DS3.d1680.s0.i1 -1.000000 0.282808
DS3.d1624.s0.i0 -1.000000 -0.831471
DS3.d1624.s0.i1 -1.000000 -0.781005
DS3.d1624.s0.i2 -1.000000 -1.013651
DS3.d1624.s0.i3 -1.000000 -0.555370
DS3.d698.s1.i0 1.000000 0.480099
DS3.d698.s0.i0 1.000000 0.637954
DS3.d1562.s0.i0 1.000000 0.558316
DS3.d1447.s0.i1 1.000000 0.981552
DS3.d1447.s0.i0 1.000000 1.200204
DS3.d1359.s1.i0 -1.000000 0.078490
DS3.d1359.s0.i0 1.000000 0.692171
DS3.d950.s0.i0 1.000000 -0.654297
DS3.d1794.s0.i0 1.000000 0.594612
DS3.d1794.s0.i1 1.000000 0.650703
DS3.d1794.s0.i2 1.000000 0.756859
DS3.d1794.s0.i3 1.000000 0.697307
DS3.d1794.s1.i1 1.000000 0.364156
DS3.d1794.s1.i0 1.000000 0.384198
DS3.d1602.s0.i0 1.000000 0.905920
DS3.d1602.s1.i1 -1.000000 -0.671108
DS3.d1602.s1.i0 -1.000000 -0.639458
