DS.d1.s0.i0 1.0 0.936363073386
DS.d18.s0.i0 1.0 0.639229442124
DS.d23.s0.i0 -1 -0.516062661016
DS.d23.s0.i1 -1 -1.01695286852
DS.d23.s0.i2 -1 -0.541046598785
DS.d23.s0.i3 -1 -0.0346444462893
DS.d23.s0.i4 -1 -0.751743910931
DS.d23.s0.i5 -1 -0.652487751257
DS.d23.s0.i6 -1 -0.451481863439
DS.d23.s0.i7 -1 -0.484643181422
DS.d23.s0.i8 -1 -0.778759173447
DS.d23.s0.i9 -1 -0.747675454583
DS.d23.s0.i10 -1 -0.784495177652
DS.d23.s0.i11 -1 -0.785747829662
DS.d23.s0.i12 -1 -0.647641673371
DS.d23.s0.i13 -1 -0.533474928139
DS.d56.s0.i0 1.0 -0.643801569914
DS.d57.s0.i0 1.0 -0.0314918928841
DS.d60.s0.i0 1.0 0.112886383373
DS.d70.s0.i0 1.0 0.262301830259
DS.d70.s0.i1 1.0 0.300199702116
DS.d70.s1.i0 1.0 0.563230138972
DS.d70.s1.i1 1.0 1.42516839803
DS.d70.s1.i2 1.0 1.62069085703
DS.d70.s1.i3 1.0 0.643212462457
DS.d74.s0.i0 1.0 1.27301568362
DS.d88.s0.i0 -1 -1.19268160251
DS.d88.s0.i1 -1 -1.12536829362
DS.d95.s0.i0 -1 -0.0644097503176
DS.d95.s0.i1 -1 0.487177251855
DS.d95.s0.i2 -1 -0.0719206233465
DS.d95.s0.i3 -1 0.0721719451888
DS.d99.s0.i0 1.0 1.52594895716
DS.d102.s0.i0 1.0 -0.0594340270052
DS.d102.s0.i1 1.0 0.194695849043
DS.d102.s0.i2 1.0 -0.051369867022
DS.d112.s0.i0 -1 0.205874560263
DS.d116.s0.i0 1.0 1.14616400948
DS.d116.s0.i1 1.0 1.92336959811
DS.d116.s0.i2 1.0 1.46553167439
DS.d125.s0.i0 1.0 1.0824652706
DS.d125.s0.i1 1.0 1.71564406001
DS.d151.s0.i0 -1 0.668577424996
DS.d174.s0.i0 -1 -1.61354163286
DS.d174.s0.i1 -1 -0.576749656088
DS.d174.s0.i2 -1 -1.7272066578
DS.d174.s0.i3 -1 -0.246201978977
DS.d216.s0.i0 -1 1.11871550654
DS.d216.s0.i1 1.0 0.998902952114
DS.d216.s1.i0 1.0 0.834697807577
DS.d216.s2.i0 1.0 -0.929045675582
DS.d216.s3.i0 1.0 1.37891928554
DS.d216.s3.i1 1.0 1.39133469786
DS.d219.s0.i0 1.0 0.281775718181
DS.d219.s0.i1 1.0 0.861166300436
DS.d219.s1.i0 -1 0.212947884183
DS.d219.s1.i1 -1 0.147765972432
DS.d219.s1.i2 -1 0.15166220735
DS.d220.s0.i0 -1 -0.100931310053
DS.d220.s0.i1 -1 -0.655007351584
DS.d220.s1.i0 -1 -0.739086765415
DS.d220.s1.i1 1.0 -0.208729480967
DS.d252.s0.i0 1.0 -0.433233107703
DS.d252.s1.i0 1.0 0.868172863348
DS.d252.s1.i1 1.0 0.892666715578
DS.d252.s1.i2 1.0 0.733045517328
DS.d252.s2.i0 1.0 0.0572672805496
DS.d252.s2.i1 1.0 0.371851327971
DS.d252.s2.i2 1.0 0.377692874422
DS.d254.s0.i0 1.0 1.50132125288
DS.d254.s0.i1 1.0 1.90553331756
DS.d254.s1.i0 -1 0.00147803601894
DS.d254.s1.i1 -1 0.0850239174773
DS.d254.s2.i0 -1 0.446257609867
DS.d254.s2.i1 1.0 0.748029151508
DS.d262.s0.i0 -1 0.5587248077
DS.d280.s0.i0 1.0 0.709423566577
DS.d314.s0.i0 1.0 -0.691576023294
DS.d314.s0.i1 -1 -0.282883125555
DS.d339.s0.i0 -1 0.191647318277
DS.d339.s0.i1 -1 0.109244563362
DS.d345.s0.i0 1.0 0.506384882833
DS.d345.s1.i0 1.0 0.192477085107
DS.d345.s1.i1 1.0 -0.16624622477
DS.d345.s2.i0 1.0 0.535664463998
DS.d345.s2.i1 1.0 0.658016102582
DS.d345.s2.i2 1.0 2.38001385441
DS.d345.s2.i3 1.0 2.12962228082
DS.d345.s3.i0 1.0 0.592168746926
DS.d345.s3.i1 1.0 1.5148486966
DS.d345.s3.i2 1.0 0.961374514418
DS.d349.s0.i0 -1 0.370603442361
DS.d353.s0.i0 1.0 0.856085625612
DS.d353.s0.i1 1.0 0.923366054181
DS.d366.s0.i0 1.0 0.376210152303
DS.d366.s0.i1 1.0 1.09128236501
DS.d377.s0.i0 1.0 1.05510027076
DS.d377.s0.i1 1.0 1.3807639383
DS.d377.s0.i2 1.0 0.79588119571
DS.d377.s1.i0 1.0 1.02618039241
DS.d377.s1.i1 1.0 0.557183434659
DS.d379.s0.i0 -1 -0.604643569985
DS.d379.s0.i1 -1 -0.800096885873
DS.d385.s0.i0 1.0 1.27990075687
DS.d385.s0.i1 1.0 1.80864351389
DS.d385.s1.i0 1.0 2.38361690398
DS.d385.s2.i0 -1 -0.791480602229
DS.d398.s0.i0 1.0 1.09059815246
DS.d409.s0.i0 1.0 0.0455874686756
DS.d410.s0.i0 -1 -1.63982772018
DS.d414.s0.i0 1.0 0.538705714807
DS.d414.s0.i1 1.0 0.812580671968
DS.d422.s0.i0 1.0 0.964619386228
DS.d422.s0.i1 1.0 1.08098681599
DS.d422.s0.i2 1.0 0.905780244071
DS.d422.s1.i0 1.0 0.108230599807
DS.d422.s1.i1 1.0 -0.42287125184
DS.d422.s1.i2 1.0 -0.589871635543
DS.d436.s0.i0 1.0 0.658147485409
DS.d440.s0.i0 1.0 -0.180172744113
DS.d447.s0.i0 1.0 1.66434805599
DS.d448.s0.i0 1.0 0.710591419612
DS.d448.s0.i1 1.0 0.673948049926
DS.d448.s1.i0 1.0 1.19455958004
DS.d448.s1.i1 1.0 1.13877826911
DS.d448.s1.i2 1.0 1.31829386455
DS.d448.s1.i3 1.0 1.26497206886
DS.d448.s2.i0 1.0 -0.964951253494
DS.d448.s2.i1 1.0 -0.439996780642
DS.d448.s3.i0 1.0 0.906032794329
DS.d448.s3.i1 1.0 0.43202610386
DS.d450.s0.i0 1.0 -0.0272720121555
DS.d450.s1.i0 1.0 0.974446831257
DS.d450.s1.i1 -1 -0.422959893033
DS.d455.s0.i0 1.0 -2.04990506785
DS.d455.s0.i1 1.0 -2.12216061573
DS.d470.s0.i0 1.0 0.874433682356
DS.d479.s0.i0 1.0 -0.940941784373
DS.d481.s0.i0 1.0 0.0779323406338
DS.d481.s0.i1 1.0 0.457237590938
DS.d502.s0.i0 1.0 0.130399751775
DS.d502.s0.i1 1.0 -0.429806166956
DS.d502.s0.i2 1.0 -0.661525846583
DS.d502.s1.i0 1.0 0.752883408984
DS.d502.s1.i1 -1 0.586851670914
DS.d502.s1.i2 -1 0.510332871032
DS.d512.s0.i0 -1 0.967231546517
DS.d512.s0.i1 -1 0.673720879279
DS.d512.s1.i0 -1 -0.867854544838
DS.d512.s2.i0 1.0 0.832587545108
DS.d512.s2.i1 1.0 0.877334255693
DS.d515.s0.i0 -1 -0.0715982547868
DS.d515.s0.i1 -1 0.163321064567
DS.d515.s1.i0 -1 0.252590619985
DS.d515.s1.i1 -1 0.595553743297
DS.d517.s0.i0 1.0 1.03086100338
DS.d517.s0.i1 1.0 0.629013802541
DS.d522.s0.i0 -1 -1.50955890333
DS.d522.s0.i1 -1 -0.407628669885
DS.d524.s0.i0 -1 0.506857844644
DS.d539.s0.i0 1.0 0.277005874941
DS.d539.s0.i1 -1 -1.14486396218
DS.d541.s0.i0 -1 0.0171854932704
DS.d541.s1.i0 -1 -0.208444696009
DS.d548.s0.i0 -1 -0.946723864843
DS.d548.s0.i1 -1 -0.659015436739
DS.d552.s0.i0 1.0 0.217880216643
DS.d552.s0.i1 1.0 0.284074377524
DS.d552.s0.i2 1.0 1.1116755146
DS.d552.s0.i3 1.0 0.601572172006
DS.d557.s0.i0 1.0 1.63236642485
DS.d558.s0.i0 -1 0.818548613332
DS.d558.s1.i0 1.0 -1.53573661575
DS.d558.s1.i1 -1 -1.25194111139
DS.d559.s0.i0 -1 -0.338240001679
DS.d559.s0.i1 -1 -0.875144171782
DS.d559.s0.i2 -1 -0.320312883687
DS.d559.s0.i3 -1 -0.338240001679
DS.d579.s0.i0 -1 -0.388902733421
DS.d579.s0.i1 -1 -1.01842836128
DS.d579.s0.i2 -1 -0.296540066879
DS.d579.s0.i3 -1 -0.0719819355963
DS.d580.s0.i0 1.0 1.35299514915
DS.d580.s0.i1 1.0 0.458558405087
DS.d581.s0.i0 -1 0.0458536380157
DS.d581.s0.i1 -1 -0.1145817711
DS.d581.s0.i2 1.0 0.512932963933
DS.d581.s1.i0 -1 -1.21382859731
DS.d581.s1.i1 -1 -0.881337236618
DS.d581.s1.i2 -1 -1.75385047039
DS.d581.s2.i0 1.0 0.839329769712
DS.d581.s2.i1 1.0 0.868347781096
DS.d582.s0.i0 1.0 -0.200441536107
DS.d582.s0.i1 1.0 -0.335461879834
DS.d583.s0.i0 1.0 1.4547578266
DS.d586.s0.i0 1.0 0.795884296828
DS.d587.s0.i0 1.0 0.870593197817
DS.d591.s0.i0 1.0 0.491815593842
DS.d591.s0.i1 1.0 0.480468534466
DS.d591.s0.i2 1.0 -0.193849156905
DS.d591.s0.i3 1.0 -0.961261151172
DS.d592.s0.i0 1.0 1.06350092289
DS.d602.s0.i0 -1 -0.209081021639
DS.d629.s0.i0 1.0 0.700870565076
DS.d629.s0.i1 1.0 0.403861347286
DS.d629.s1.i0 1.0 -0.415102678004
DS.d629.s1.i1 1.0 -0.578813866889
DS.d668.s0.i0 1.0 1.36536591485
DS.d694.s0.i0 1.0 1.46131932721
DS.d694.s0.i1 -1 1.49648067465
DS.d694.s0.i2 1.0 1.78811791037
DS.d698.s0.i0 1.0 1.08255496769
DS.d698.s1.i0 1.0 0.66750635695
DS.d704.s0.i0 -1 -1.59633618261
DS.d704.s0.i1 1.0 -0.315673550939
DS.d704.s0.i2 1.0 -0.315673550939
DS.d704.s0.i3 1.0 -0.579173634967
DS.d704.s0.i4 1.0 -0.579173634967
DS.d704.s0.i5 -1 -1.59633618261
DS.d708.s0.i0 -1 0.00999664244082
DS.d719.s0.i0 1.0 0.911501186134
DS.d719.s0.i1 -1 0.320593306435
DS.d770.s0.i0 1.0 0.356436580374
DS.d770.s0.i1 1.0 0.414937683647
DS.d778.s0.i0 1.0 0.656626038539
DS.d778.s1.i0 -1 0.555569137955
DS.d778.s1.i1 1.0 1.41686801584
DS.d778.s2.i0 1.0 1.36089367525
DS.d778.s2.i1 1.0 1.2174172721
DS.d790.s0.i0 -1 0.334597441035
DS.d790.s0.i1 -1 0.490088172294
DS.d806.s0.i0 -1 -0.278058394077
DS.d806.s0.i1 -1 -0.043117766684
DS.d806.s0.i2 -1 0.481279601982
DS.d808.s0.i0 -1 1.03719200321
DS.d808.s1.i0 -1 1.79664980056
DS.d808.s1.i1 1.0 0.220627792324
DS.d808.s2.i0 1.0 0.618822421399
DS.d808.s2.i1 1.0 0.954331138386
