DS.d1.s0.i0 1.0 1.14862510877
DS.d18.s0.i0 1.0 1.00686803493
DS.d23.s0.i0 -1 -0.305663698548
DS.d23.s0.i1 -1 -0.689170087075
DS.d23.s0.i2 -1 -0.339669175243
DS.d23.s0.i3 -1 0.214081916166
DS.d23.s0.i4 -1 -0.397270371766
DS.d23.s0.i5 -1 -0.500350599198
DS.d23.s0.i6 -1 -0.212532855476
DS.d23.s0.i7 -1 -0.25844866991
DS.d23.s0.i8 -1 -0.506724702467
DS.d23.s0.i9 -1 -0.576769542173
DS.d23.s0.i10 -1 -0.580830263376
DS.d23.s0.i11 -1 -0.487970895547
DS.d23.s0.i12 -1 -0.411211581303
DS.d23.s0.i13 -1 -0.509467310387
DS.d56.s0.i0 1.0 -0.304911661622
DS.d57.s0.i0 1.0 0.261574631735
DS.d60.s0.i0 1.0 0.330551448055
DS.d70.s0.i0 1.0 0.512143375574
DS.d70.s0.i1 1.0 0.592823925787
DS.d70.s1.i0 1.0 0.623765165363
DS.d70.s1.i1 1.0 1.28557873492
DS.d70.s1.i2 1.0 1.57414647047
DS.d70.s1.i3 1.0 0.771244610583
DS.d74.s0.i0 1.0 1.49365015939
DS.d88.s0.i0 -1 -1.19387856099
DS.d88.s0.i1 -1 -0.927961646853
DS.d95.s0.i0 -1 0.0329281112831
DS.d95.s0.i1 -1 0.814007501443
DS.d95.s0.i2 -1 0.173388258078
DS.d95.s0.i3 -1 0.24495871347
DS.d99.s0.i0 1.0 1.50266051828
DS.d102.s0.i0 1.0 0.0326255114584
DS.d102.s0.i1 1.0 0.248002437593
DS.d102.s0.i2 1.0 0.0569902125063
DS.d112.s0.i0 -1 0.426369183399
DS.d116.s0.i0 1.0 1.07070925869
DS.d116.s0.i1 1.0 1.59406502271
DS.d116.s0.i2 1.0 1.34733454899
DS.d125.s0.i0 1.0 1.08649398478
DS.d125.s0.i1 1.0 1.89885762697
DS.d151.s0.i0 -1 0.702023822936
DS.d174.s0.i0 -1 -1.3761831487
DS.d174.s0.i1 -1 -0.555582791467
DS.d174.s0.i2 -1 -1.53041468956
DS.d174.s0.i3 -1 -0.432290106214
DS.d216.s0.i0 -1 1.1411985292
DS.d216.s0.i1 1.0 0.967540779544
DS.d216.s1.i0 1.0 0.976120097189
DS.d216.s2.i0 1.0 -0.810896175319
DS.d216.s3.i0 1.0 1.33921083675
DS.d216.s3.i1 1.0 1.37597921583
DS.d219.s0.i0 1.0 0.258240914882
DS.d219.s0.i1 1.0 0.751688581455
DS.d219.s1.i0 -1 0.38853691783
DS.d219.s1.i1 -1 0.210656056415
DS.d219.s1.i2 -1 0.0325016601262
DS.d220.s0.i0 -1 0.221264400176
DS.d220.s0.i1 -1 -0.732553572402
DS.d220.s1.i0 -1 -0.64799855767
DS.d220.s1.i1 1.0 0.0447419129252
DS.d252.s0.i0 1.0 -0.291356000618
DS.d252.s1.i0 1.0 0.927196743366
DS.d252.s1.i1 1.0 0.986731610809
DS.d252.s1.i2 1.0 0.915201140814
DS.d252.s2.i0 1.0 0.0104255124291
DS.d252.s2.i1 1.0 0.309590315384
DS.d252.s2.i2 1.0 0.450864447778
DS.d254.s0.i0 1.0 1.67470158139
DS.d254.s0.i1 1.0 1.93531487295
DS.d254.s1.i0 -1 0.392642408063
DS.d254.s1.i1 -1 0.440441710916
DS.d254.s2.i0 -1 0.479876916155
DS.d254.s2.i1 1.0 1.07577459009
DS.d262.s0.i0 -1 0.705241943425
DS.d280.s0.i0 1.0 0.624035890138
DS.d314.s0.i0 1.0 -0.534352153546
DS.d314.s0.i1 -1 0.00896130464534
DS.d339.s0.i0 -1 0.278667697675
DS.d339.s0.i1 -1 0.114500162695
DS.d345.s0.i0 1.0 0.580117098914
DS.d345.s1.i0 1.0 0.111026633676
DS.d345.s1.i1 1.0 -0.0613745674535
DS.d345.s2.i0 1.0 0.84374130939
DS.d345.s2.i1 1.0 0.730517953683
DS.d345.s2.i2 1.0 2.49028630667
DS.d345.s2.i3 1.0 2.30613167723
DS.d345.s3.i0 1.0 0.560899682979
DS.d345.s3.i1 1.0 1.35175882126
DS.d345.s3.i2 1.0 0.828583047562
DS.d349.s0.i0 -1 0.493106278535
DS.d353.s0.i0 1.0 0.926209993065
DS.d353.s0.i1 1.0 1.13803605469
DS.d366.s0.i0 1.0 0.325818941224
DS.d366.s0.i1 1.0 1.03485979464
DS.d377.s0.i0 1.0 1.23267178081
DS.d377.s0.i1 1.0 1.41164645489
DS.d377.s0.i2 1.0 0.911143867085
DS.d377.s1.i0 1.0 0.98238093881
DS.d377.s1.i1 1.0 0.508682064353
DS.d379.s0.i0 -1 -0.574197595705
DS.d379.s0.i1 -1 -0.996166530658
DS.d385.s0.i0 1.0 1.22053514055
DS.d385.s0.i1 1.0 1.65195575832
DS.d385.s1.i0 1.0 2.56069503911
DS.d385.s2.i0 -1 -0.565761292939
DS.d398.s0.i0 1.0 1.02407319849
DS.d409.s0.i0 1.0 0.155315484607
DS.d410.s0.i0 -1 -1.42506336493
DS.d414.s0.i0 1.0 0.781311876858
DS.d414.s0.i1 1.0 1.17554225335
DS.d422.s0.i0 1.0 1.21097226717
DS.d422.s0.i1 1.0 1.3411049424
DS.d422.s0.i2 1.0 1.1376504077
DS.d422.s1.i0 1.0 0.240403468762
DS.d422.s1.i1 1.0 -0.153894524617
DS.d422.s1.i2 1.0 -0.325818075636
DS.d436.s0.i0 1.0 0.820495117194
DS.d440.s0.i0 1.0 -0.205063431946
DS.d447.s0.i0 1.0 1.54826737318
DS.d448.s0.i0 1.0 0.547637026928
DS.d448.s0.i1 1.0 0.59445137166
DS.d448.s1.i0 1.0 0.95406514659
DS.d448.s1.i1 1.0 1.07859747544
DS.d448.s1.i2 1.0 1.13818861132
DS.d448.s1.i3 1.0 1.21703924652
DS.d448.s2.i0 1.0 -0.84553610028
DS.d448.s2.i1 1.0 -0.553330356019
DS.d448.s3.i0 1.0 1.09888192534
DS.d448.s3.i1 1.0 0.870702774518
DS.d450.s0.i0 1.0 0.174564657499
DS.d450.s1.i0 1.0 1.05088167725
DS.d450.s1.i1 -1 -0.509270491498
DS.d455.s0.i0 1.0 -1.81067299372
DS.d455.s0.i1 1.0 -1.763111084
DS.d470.s0.i0 1.0 0.695758796212
DS.d479.s0.i0 1.0 -0.59534171212
DS.d481.s0.i0 1.0 0.0995882474414
DS.d481.s0.i1 1.0 0.390591257028
DS.d502.s0.i0 1.0 0.393331981662
DS.d502.s0.i1 1.0 -0.0361488819436
DS.d502.s0.i2 1.0 -0.387205459523
DS.d502.s1.i0 1.0 0.905746911251
DS.d502.s1.i1 -1 0.780339159805
DS.d502.s1.i2 -1 0.707577344295
DS.d512.s0.i0 -1 1.1024603006
DS.d512.s0.i1 -1 0.759584524637
DS.d512.s1.i0 -1 -0.699495706395
DS.d512.s2.i0 1.0 0.705567714542
DS.d512.s2.i1 1.0 0.91568714305
DS.d515.s0.i0 -1 0.0430422586429
DS.d515.s0.i1 -1 0.215447856235
DS.d515.s1.i0 -1 0.365649390153
DS.d515.s1.i1 -1 0.809301803784
DS.d517.s0.i0 1.0 1.12059114998
DS.d517.s0.i1 1.0 0.928187531589
DS.d522.s0.i0 -1 -1.35744489708
DS.d522.s0.i1 -1 -0.336486491999
DS.d524.s0.i0 -1 0.741831815398
DS.d539.s0.i0 1.0 0.193574475197
DS.d539.s0.i1 -1 -1.05365087492
DS.d541.s0.i0 -1 0.149062453855
DS.d541.s1.i0 -1 -0.0337039399243
DS.d548.s0.i0 -1 -0.63771599511
DS.d548.s0.i1 -1 -0.275944501119
DS.d552.s0.i0 1.0 0.505681976305
DS.d552.s0.i1 1.0 0.550738434947
DS.d552.s0.i2 1.0 1.25501121504
DS.d552.s0.i3 1.0 0.870832052943
DS.d557.s0.i0 1.0 1.47914511461
DS.d558.s0.i0 -1 1.03467932386
DS.d558.s1.i0 1.0 -1.45415731625
DS.d558.s1.i1 -1 -1.04835795126
DS.d559.s0.i0 -1 -0.376562221688
DS.d559.s0.i1 -1 -0.533122899226
DS.d559.s0.i2 -1 -0.222710869722
DS.d559.s0.i3 -1 -0.376562221688
DS.d579.s0.i0 -1 -0.0220693705836
DS.d579.s0.i1 -1 -0.781500246565
DS.d579.s0.i2 -1 -0.291602921911
DS.d579.s0.i3 -1 0.0341220536748
DS.d580.s0.i0 1.0 1.40428509715
DS.d580.s0.i1 1.0 0.694036792061
DS.d581.s0.i0 -1 0.166065368563
DS.d581.s0.i1 -1 0.163891909774
DS.d581.s0.i2 1.0 0.896652411228
DS.d581.s1.i0 -1 -0.87027017397
DS.d581.s1.i1 -1 -0.636319602101
DS.d581.s1.i2 -1 -1.62418692335
DS.d581.s2.i0 1.0 0.871486276067
DS.d581.s2.i1 1.0 0.962674909648
DS.d582.s0.i0 1.0 -0.173621594909
DS.d582.s0.i1 1.0 -0.286527164965
DS.d583.s0.i0 1.0 1.32684268904
DS.d586.s0.i0 1.0 0.626437070974
DS.d587.s0.i0 1.0 1.07504297116
DS.d591.s0.i0 1.0 0.637873837284
DS.d591.s0.i1 1.0 0.510334611643
DS.d591.s0.i2 1.0 0.033008555951
DS.d591.s0.i3 1.0 -0.728761458861
DS.d592.s0.i0 1.0 0.7114716662
DS.d602.s0.i0 -1 -0.0162785326109
DS.d629.s0.i0 1.0 0.736924542895
DS.d629.s0.i1 1.0 0.402868726028
DS.d629.s1.i0 1.0 -0.405799079215
DS.d629.s1.i1 1.0 -0.605793220505
DS.d668.s0.i0 1.0 1.27595089914
DS.d694.s0.i0 1.0 1.62979394249
DS.d694.s0.i1 -1 1.70786952066
DS.d694.s0.i2 1.0 1.96322757702
DS.d698.s0.i0 1.0 1.17271322439
DS.d698.s1.i0 1.0 0.7707412571
DS.d704.s0.i0 -1 -1.40961534942
DS.d704.s0.i1 1.0 -0.395416051345
DS.d704.s0.i2 1.0 -0.395416051345
DS.d704.s0.i3 1.0 -0.525214973738
DS.d704.s0.i4 1.0 -0.525214973738
DS.d704.s0.i5 -1 -1.40961534942
DS.d708.s0.i0 -1 0.226514827035
DS.d719.s0.i0 1.0 0.847530050398
DS.d719.s0.i1 -1 0.730907026505
DS.d770.s0.i0 1.0 0.676303404471
DS.d770.s0.i1 1.0 0.698818016734
DS.d778.s0.i0 1.0 0.62122356334
DS.d778.s1.i0 -1 0.768897598417
DS.d778.s1.i1 1.0 1.35032328249
DS.d778.s2.i0 1.0 1.48370813554
DS.d778.s2.i1 1.0 1.15458111144
DS.d790.s0.i0 -1 0.365663816231
DS.d790.s0.i1 -1 0.658840607659
DS.d806.s0.i0 -1 -0.229803858456
DS.d806.s0.i1 -1 -0.133402530838
DS.d806.s0.i2 -1 0.58254779707
DS.d808.s0.i0 -1 1.01547096779
DS.d808.s1.i0 -1 1.69484777956
DS.d808.s1.i1 1.0 0.391708032945
DS.d808.s2.i0 1.0 0.716147651496
DS.d808.s2.i1 1.0 1.0689315861
