DS.d189.s0.i0 -1.000000 0.567624
DS.d376.s0.i0 -1.000000 0.644260
DS.d376.s0.i1 1.000000 1.309156
DS.d376.s1.i1 -1.000000 0.304714
DS.d376.s1.i0 -1.000000 0.030734
DS.d376.s1.i2 -1.000000 -0.210898
DS.d338.s0.i0 1.000000 0.676650
DS.d338.s0.i1 1.000000 0.708383
DS.d555.s1.i0 -1.000000 0.210689
DS.d555.s0.i0 1.000000 0.745950
DS.d219.s0.i0 1.000000 0.435456
DS.d219.s0.i1 1.000000 0.255715
DS.d219.s1.i1 -1.000000 -0.142482
DS.d219.s1.i0 -1.000000 -0.074512
DS.d219.s1.i2 -1.000000 -0.193797
DS.d478.s0.i0 1.000000 1.578306
DS.d454.s0.i1 1.000000 0.365613
DS.d454.s0.i0 -1.000000 -0.311525
DS.d454.s0.i3 -1.000000 -0.286996
DS.d454.s0.i2 -1.000000 -0.164824
DS.d475.s0.i0 -1.000000 -0.660257
DS.d475.s0.i1 1.000000 0.087219
DS.d475.s1.i0 1.000000 0.145217
DS.d475.s2.i0 1.000000 0.968802
DS.d180.s2.i1 1.000000 0.465489
DS.d180.s2.i0 1.000000 0.630135
DS.d180.s1.i0 1.000000 1.016993
DS.d180.s0.i1 1.000000 0.235952
DS.d180.s0.i0 1.000000 0.149555
DS.d183.s0.i0 -1.000000 0.449384
DS.d183.s0.i1 -1.000000 0.529910
DS.d183.s0.i2 -1.000000 0.511181
DS.d596.s0.i0 1.000000 0.481497
DS.d596.s0.i1 1.000000 0.909371
DS.d184.s2.i1 1.000000 0.643834
DS.d184.s2.i0 1.000000 0.559213
DS.d184.s1.i0 1.000000 0.191577
DS.d184.s0.i5 1.000000 0.420479
DS.d184.s0.i4 1.000000 0.307898
DS.d184.s0.i3 1.000000 0.342316
DS.d184.s0.i2 1.000000 0.472458
DS.d184.s0.i1 1.000000 0.500533
DS.d184.s0.i0 1.000000 0.578991
DS.d395.s1.i0 1.000000 0.144948
DS.d395.s0.i1 1.000000 0.827206
DS.d395.s0.i0 1.000000 0.710198
DS.d657.s0.i0 -1.000000 0.517748
DS.d209.s1.i2 -1.000000 0.214709
DS.d209.s1.i0 -1.000000 0.506405
DS.d209.s1.i1 -1.000000 0.208525
DS.d209.s0.i1 -1.000000 0.160511
DS.d209.s0.i0 -1.000000 0.279935
DS.d209.s0.i2 -1.000000 0.026373
DS.d651.s0.i0 -1.000000 -0.822260
DS.d799.s0.i3 1.000000 0.615524
DS.d799.s0.i2 1.000000 0.624096
DS.d799.s0.i1 1.000000 0.697139
DS.d799.s0.i0 1.000000 0.615524
DS.d293.s0.i0 1.000000 0.305957
DS.d293.s0.i1 1.000000 0.817864
DS.d627.s0.i0 1.000000 0.811451
DS.d83.s0.i0 1.000000 -0.083613
DS.d415.s0.i0 -1.000000 0.237172
DS.d415.s0.i1 -1.000000 0.092309
DS.d415.s0.i2 -1.000000 0.513590
DS.d415.s0.i3 -1.000000 0.658246
DS.d160.s0.i5 -1.000000 -0.325683
DS.d160.s0.i4 -1.000000 -0.442763
DS.d160.s0.i1 -1.000000 -0.572992
DS.d160.s0.i0 -1.000000 -0.231529
DS.d160.s0.i3 -1.000000 -0.528874
DS.d160.s0.i2 -1.000000 -0.383541
DS.d350.s0.i2 1.000000 0.347485
DS.d350.s0.i3 1.000000 0.247514
DS.d350.s0.i0 1.000000 0.246620
DS.d350.s0.i1 1.000000 0.245311
DS.d350.s1.i1 -1.000000 -0.066609
DS.d350.s1.i0 -1.000000 -0.081464
DS.d350.s1.i3 -1.000000 -0.088096
DS.d350.s1.i2 -1.000000 0.002881
DS.d658.s0.i0 1.000000 0.824534
DS.d410.s0.i0 -1.000000 0.359358
DS.d602.s0.i0 -1.000000 0.043491
DS.d828.s0.i0 -1.000000 0.701228
DS.d414.s0.i1 1.000000 0.977230
DS.d414.s0.i0 1.000000 0.906047
DS.d84.s0.i1 -1.000000 -0.190268
DS.d84.s0.i0 -1.000000 0.078272
DS.d492.s3.i0 -1.000000 -0.261616
DS.d492.s2.i0 1.000000 0.650264
DS.d492.s1.i0 1.000000 0.378052
DS.d492.s1.i1 1.000000 0.655083
DS.d492.s1.i2 1.000000 0.620124
DS.d492.s0.i1 -1.000000 0.170243
DS.d492.s0.i0 1.000000 0.599087
DS.d712.s2.i0 -1.000000 0.366072
DS.d712.s2.i1 -1.000000 0.294016
DS.d712.s0.i0 1.000000 0.534995
DS.d712.s0.i1 1.000000 0.415863
DS.d712.s0.i2 1.000000 0.413393
DS.d712.s0.i3 1.000000 0.288491
DS.d712.s1.i0 1.000000 0.948947
DS.d807.s1.i0 1.000000 0.230339
DS.d807.s0.i1 1.000000 1.090839
DS.d807.s0.i0 1.000000 1.197766
DS.d391.s0.i1 1.000000 0.885438
DS.d391.s0.i0 1.000000 0.627217
DS.d693.s0.i0 -1.000000 -0.661022
DS.d693.s0.i1 -1.000000 -0.729780
DS.d693.s0.i2 -1.000000 -0.759779
DS.d693.s0.i3 -1.000000 -0.645866
DS.d753.s1.i0 1.000000 0.112449
DS.d753.s1.i1 1.000000 0.088714
DS.d753.s0.i0 1.000000 -0.425520
DS.d753.s2.i1 -1.000000 -0.123761
DS.d753.s2.i0 -1.000000 0.088310
DS.d578.s0.i2 1.000000 0.940156
DS.d578.s0.i0 1.000000 1.006608
DS.d578.s0.i1 1.000000 0.950926
DS.d579.s0.i3 -1.000000 0.074083
DS.d579.s0.i2 -1.000000 0.152184
DS.d579.s0.i1 -1.000000 0.160367
DS.d579.s0.i0 -1.000000 0.175397
DS.d498.s0.i1 1.000000 0.477637
DS.d498.s0.i0 1.000000 0.477637
DS.d194.s0.i0 1.000000 1.184675
DS.d194.s0.i1 1.000000 0.827626
DS.d53.s0.i0 1.000000 0.061484
DS.d92.s2.i0 1.000000 0.287112
DS.d92.s3.i0 1.000000 0.621315
DS.d92.s0.i0 1.000000 0.551076
DS.d92.s1.i0 1.000000 -0.035376
DS.d229.s0.i0 1.000000 0.464225
DS.d128.s0.i0 1.000000 0.167509
DS.d43.s0.i0 1.000000 0.767207
DS.d239.s2.i2 1.000000 0.794436
DS.d239.s2.i0 1.000000 0.621434
DS.d239.s2.i1 1.000000 0.640798
DS.d239.s0.i0 1.000000 0.908155
DS.d239.s0.i1 1.000000 1.223118
DS.d239.s1.i0 1.000000 0.892258
DS.d198.s0.i0 1.000000 0.416450
DS.d198.s0.i1 1.000000 0.457163
DS.d198.s1.i3 -1.000000 -0.009074
DS.d198.s1.i2 -1.000000 -0.030155
DS.d198.s1.i1 -1.000000 -0.177842
DS.d198.s1.i0 -1.000000 -0.001020
DS.d40.s0.i0 1.000000 0.625180
DS.d440.s0.i0 1.000000 0.283848
DS.d208.s0.i0 1.000000 0.322250
DS.d208.s0.i1 1.000000 0.470644
DS.d223.s1.i0 1.000000 0.582929
DS.d223.s1.i1 -1.000000 0.660992
DS.d223.s0.i1 -1.000000 -0.459291
DS.d223.s0.i0 1.000000 0.315641
DS.d444.s0.i2 -1.000000 0.090612
DS.d444.s0.i0 -1.000000 0.187536
DS.d444.s0.i1 1.000000 1.033616
DS.d463.s0.i0 -1.000000 0.530413
DS.d322.s1.i0 -1.000000 0.616987
DS.d322.s1.i1 -1.000000 0.615851
DS.d322.s0.i0 1.000000 1.257899
DS.d461.s0.i1 -1.000000 0.392869
DS.d461.s0.i0 -1.000000 0.381703
DS.d461.s0.i3 -1.000000 0.385970
DS.d461.s0.i2 -1.000000 0.374988
DS.d466.s0.i0 1.000000 0.755313
DS.d205.s0.i1 -1.000000 -0.171531
DS.d205.s0.i0 -1.000000 -0.127780
DS.d205.s0.i2 -1.000000 -0.201347
DS.d642.s0.i0 -1.000000 0.338239
DS.d326.s0.i1 -1.000000 0.141174
DS.d326.s0.i0 1.000000 0.427297
DS.d722.s0.i1 -1.000000 -0.695450
DS.d722.s0.i0 -1.000000 -0.299560
DS.d501.s0.i0 1.000000 0.541668
DS.d501.s0.i1 1.000000 0.455280
DS.d349.s0.i0 -1.000000 0.453375
DS.d502.s1.i2 -1.000000 0.461245
DS.d502.s1.i0 1.000000 0.056765
DS.d502.s1.i1 -1.000000 0.399966
DS.d502.s0.i1 1.000000 0.217172
DS.d502.s0.i0 1.000000 -0.179028
DS.d502.s0.i2 1.000000 -0.465277
DS.d470.s0.i0 1.000000 0.783002
DS.d649.s0.i5 -1.000000 -0.047902
DS.d649.s0.i4 -1.000000 -0.061816
DS.d649.s0.i7 1.000000 0.233824
DS.d649.s0.i6 1.000000 0.177960
DS.d649.s0.i1 1.000000 0.171809
DS.d649.s0.i0 -1.000000 -0.080432
DS.d649.s0.i3 1.000000 0.128659
DS.d649.s0.i2 -1.000000 -0.012093
DS.d113.s0.i1 -1.000000 0.583157
DS.d113.s0.i0 -1.000000 0.583157
DS.d262.s0.i0 -1.000000 0.550315
DS.d263.s1.i0 1.000000 1.521127
DS.d263.s0.i11 -1.000000 0.158629
DS.d263.s0.i10 1.000000 0.378147
DS.d263.s0.i13 1.000000 0.331326
DS.d263.s0.i12 -1.000000 0.213790
DS.d263.s0.i9 1.000000 0.350901
DS.d263.s0.i8 -1.000000 0.151579
DS.d263.s0.i1 -1.000000 0.188772
DS.d263.s0.i0 1.000000 0.393678
DS.d263.s0.i3 1.000000 0.394296
DS.d263.s0.i2 1.000000 0.369142
DS.d263.s0.i5 -1.000000 0.180733
DS.d263.s0.i4 -1.000000 0.201796
DS.d263.s0.i7 1.000000 0.338736
DS.d263.s0.i6 -1.000000 0.170609
DS.d565.s0.i0 1.000000 0.674233
DS.d704.s0.i5 -1.000000 -0.018862
DS.d704.s0.i4 1.000000 0.066384
DS.d704.s0.i1 1.000000 0.174577
DS.d704.s0.i0 -1.000000 -0.003975
DS.d704.s0.i3 1.000000 0.092234
DS.d704.s0.i2 1.000000 0.188129
DS.d245.s0.i1 1.000000 0.553029
DS.d245.s0.i0 1.000000 0.619385
DS.d245.s0.i2 1.000000 0.453625
DS.d747.s0.i2 1.000000 0.005752
DS.d747.s0.i3 1.000000 -0.139588
DS.d747.s0.i0 1.000000 0.005752
DS.d747.s0.i1 1.000000 -0.139588
DS.d435.s0.i0 1.000000 0.366566
DS.d435.s0.i1 1.000000 0.499614
DS.d386.s2.i1 1.000000 0.602893
DS.d386.s2.i0 1.000000 0.883352
DS.d386.s1.i0 1.000000 0.370398
DS.d386.s1.i1 1.000000 0.336890
DS.d386.s0.i0 1.000000 0.749388
DS.d384.s0.i1 -1.000000 -0.112522
DS.d384.s0.i0 1.000000 -0.067142
DS.d384.s0.i2 1.000000 -0.067142
DS.d827.s0.i2 -1.000000 -0.168944
DS.d827.s0.i1 -1.000000 -0.154890
DS.d827.s0.i0 -1.000000 -0.045144
DS.d771.s0.i0 1.000000 0.554422
DS.d754.s0.i2 1.000000 0.653974
DS.d754.s0.i0 1.000000 0.488098
DS.d754.s0.i1 1.000000 0.598220
DS.d73.s0.i1 -1.000000 -1.022973
DS.d73.s0.i0 -1.000000 -0.958879
DS.d425.s0.i1 -1.000000 -0.303103
DS.d425.s0.i0 -1.000000 -0.579686
DS.d71.s0.i0 1.000000 0.759435
DS.d761.s0.i2 -1.000000 -0.295673
DS.d761.s0.i0 -1.000000 -0.018475
DS.d761.s0.i1 -1.000000 -0.068616
DS.d776.s0.i0 1.000000 0.147672
DS.d776.s0.i1 1.000000 0.147672
DS.d36.s0.i0 1.000000 1.271403
DS.d36.s1.i0 1.000000 0.538443
DS.d36.s2.i0 1.000000 0.646902
DS.d36.s2.i1 1.000000 0.797788
