DS.d189.s0.i0 -1.000000 0.598745
DS.d376.s0.i0 -1.000000 0.646823
DS.d376.s0.i1 1.000000 1.380576
DS.d376.s1.i1 -1.000000 0.295492
DS.d376.s1.i0 -1.000000 -0.050980
DS.d376.s1.i2 -1.000000 -0.309395
DS.d338.s0.i0 1.000000 0.641751
DS.d338.s0.i1 1.000000 0.669219
DS.d555.s1.i0 -1.000000 0.219115
DS.d555.s0.i0 1.000000 0.799912
DS.d219.s0.i0 1.000000 0.403610
DS.d219.s0.i1 1.000000 0.219574
DS.d219.s1.i1 -1.000000 -0.139500
DS.d219.s1.i0 -1.000000 -0.038213
DS.d219.s1.i2 -1.000000 -0.185764
DS.d478.s0.i0 1.000000 1.702912
DS.d454.s0.i1 1.000000 0.431560
DS.d454.s0.i0 -1.000000 -0.477157
DS.d454.s0.i3 -1.000000 -0.434028
DS.d454.s0.i2 -1.000000 -0.280692
DS.d475.s0.i0 -1.000000 -0.682252
DS.d475.s0.i1 1.000000 0.085807
DS.d475.s1.i0 1.000000 0.161866
DS.d475.s2.i0 1.000000 0.932891
DS.d180.s2.i1 1.000000 0.546791
DS.d180.s2.i0 1.000000 0.675418
DS.d180.s1.i0 1.000000 1.104366
DS.d180.s0.i1 1.000000 0.206003
DS.d180.s0.i0 1.000000 0.110680
DS.d183.s0.i0 -1.000000 0.457466
DS.d183.s0.i1 -1.000000 0.570948
DS.d183.s0.i2 -1.000000 0.530643
DS.d596.s0.i0 1.000000 0.494040
DS.d596.s0.i1 1.000000 1.025358
DS.d184.s2.i1 1.000000 0.641556
DS.d184.s2.i0 1.000000 0.525464
DS.d184.s1.i0 1.000000 0.146915
DS.d184.s0.i5 1.000000 0.415602
DS.d184.s0.i4 1.000000 0.238447
DS.d184.s0.i3 1.000000 0.302343
DS.d184.s0.i2 1.000000 0.471945
DS.d184.s0.i1 1.000000 0.479697
DS.d184.s0.i0 1.000000 0.596625
DS.d395.s1.i0 1.000000 0.140093
DS.d395.s0.i1 1.000000 0.841345
DS.d395.s0.i0 1.000000 0.691361
DS.d657.s0.i0 -1.000000 0.496555
DS.d209.s1.i2 -1.000000 0.169401
DS.d209.s1.i0 -1.000000 0.541914
DS.d209.s1.i1 -1.000000 0.220624
DS.d209.s0.i1 -1.000000 0.138594
DS.d209.s0.i0 -1.000000 0.235787
DS.d209.s0.i2 -1.000000 -0.022375
DS.d651.s0.i0 -1.000000 -0.984888
DS.d799.s0.i3 1.000000 0.648261
DS.d799.s0.i2 1.000000 0.702710
DS.d799.s0.i1 1.000000 0.758650
DS.d799.s0.i0 1.000000 0.648261
DS.d293.s0.i0 1.000000 0.279166
DS.d293.s0.i1 1.000000 0.935030
DS.d627.s0.i0 1.000000 0.889785
DS.d83.s0.i0 1.000000 -0.093986
DS.d415.s0.i0 -1.000000 0.254635
DS.d415.s0.i1 -1.000000 0.086626
DS.d415.s0.i2 -1.000000 0.603850
DS.d415.s0.i3 -1.000000 0.717098
DS.d160.s0.i5 -1.000000 -0.372005
DS.d160.s0.i4 -1.000000 -0.473775
DS.d160.s0.i1 -1.000000 -0.629997
DS.d160.s0.i0 -1.000000 -0.245432
DS.d160.s0.i3 -1.000000 -0.591379
DS.d160.s0.i2 -1.000000 -0.428339
DS.d350.s0.i2 1.000000 0.373094
DS.d350.s0.i3 1.000000 0.248026
DS.d350.s0.i0 1.000000 0.234193
DS.d350.s0.i1 1.000000 0.253030
DS.d350.s1.i1 -1.000000 -0.173423
DS.d350.s1.i0 -1.000000 -0.179488
DS.d350.s1.i3 -1.000000 -0.200987
DS.d350.s1.i2 -1.000000 -0.051805
DS.d658.s0.i0 1.000000 0.868123
DS.d410.s0.i0 -1.000000 0.319564
DS.d602.s0.i0 -1.000000 -0.046753
DS.d828.s0.i0 -1.000000 0.748635
DS.d414.s0.i1 1.000000 0.908922
DS.d414.s0.i0 1.000000 0.875626
DS.d84.s0.i1 -1.000000 -0.280143
DS.d84.s0.i0 -1.000000 0.082671
DS.d492.s3.i0 -1.000000 -0.404410
DS.d492.s2.i0 1.000000 0.667978
DS.d492.s1.i0 1.000000 0.389839
DS.d492.s1.i1 1.000000 0.636555
DS.d492.s1.i2 1.000000 0.604771
DS.d492.s0.i1 -1.000000 0.042115
DS.d492.s0.i0 1.000000 0.620865
DS.d712.s2.i0 -1.000000 0.349705
DS.d712.s2.i1 -1.000000 0.281702
DS.d712.s0.i0 1.000000 0.519756
DS.d712.s0.i1 1.000000 0.399758
DS.d712.s0.i2 1.000000 0.377818
DS.d712.s0.i3 1.000000 0.254200
DS.d712.s1.i0 1.000000 0.977611
DS.d807.s1.i0 1.000000 0.176768
DS.d807.s0.i1 1.000000 1.159435
DS.d807.s0.i0 1.000000 1.262305
DS.d391.s0.i1 1.000000 0.889198
DS.d391.s0.i0 1.000000 0.536867
DS.d693.s0.i0 -1.000000 -0.726648
DS.d693.s0.i1 -1.000000 -0.798491
DS.d693.s0.i2 -1.000000 -0.833652
DS.d693.s0.i3 -1.000000 -0.687493
DS.d753.s1.i0 1.000000 0.134719
DS.d753.s1.i1 1.000000 0.087288
DS.d753.s0.i0 1.000000 -0.499105
DS.d753.s2.i1 -1.000000 -0.172302
DS.d753.s2.i0 -1.000000 0.146920
DS.d578.s0.i2 1.000000 0.943535
DS.d578.s0.i0 1.000000 0.987715
DS.d578.s0.i1 1.000000 0.945458
DS.d579.s0.i3 -1.000000 0.055853
DS.d579.s0.i2 -1.000000 0.152976
DS.d579.s0.i1 -1.000000 0.173324
DS.d579.s0.i0 -1.000000 0.188116
DS.d498.s0.i1 1.000000 0.388467
DS.d498.s0.i0 1.000000 0.388467
DS.d194.s0.i0 1.000000 1.309783
DS.d194.s0.i1 1.000000 0.918951
DS.d53.s0.i0 1.000000 -0.025473
DS.d92.s2.i0 1.000000 0.267452
DS.d92.s3.i0 1.000000 0.621708
DS.d92.s0.i0 1.000000 0.573780
DS.d92.s1.i0 1.000000 -0.124015
DS.d229.s0.i0 1.000000 0.545341
DS.d128.s0.i0 1.000000 0.198347
DS.d43.s0.i0 1.000000 0.822764
DS.d239.s2.i2 1.000000 0.760250
DS.d239.s2.i0 1.000000 0.543229
DS.d239.s2.i1 1.000000 0.578003
DS.d239.s0.i0 1.000000 0.872822
DS.d239.s0.i1 1.000000 1.251164
DS.d239.s1.i0 1.000000 0.973775
DS.d198.s0.i0 1.000000 0.410508
DS.d198.s0.i1 1.000000 0.461889
DS.d198.s1.i3 -1.000000 -0.042729
DS.d198.s1.i2 -1.000000 -0.031864
DS.d198.s1.i1 -1.000000 -0.234046
DS.d198.s1.i0 -1.000000 0.000805
DS.d40.s0.i0 1.000000 0.603160
DS.d440.s0.i0 1.000000 0.346434
DS.d208.s0.i0 1.000000 0.245153
DS.d208.s0.i1 1.000000 0.388253
DS.d223.s1.i0 1.000000 0.573497
DS.d223.s1.i1 -1.000000 0.684180
DS.d223.s0.i1 -1.000000 -0.559306
DS.d223.s0.i0 1.000000 0.314449
DS.d444.s0.i2 -1.000000 0.015569
DS.d444.s0.i0 -1.000000 0.130804
DS.d444.s0.i1 1.000000 1.005546
DS.d463.s0.i0 -1.000000 0.461385
DS.d322.s1.i0 -1.000000 0.613762
DS.d322.s1.i1 -1.000000 0.631334
DS.d322.s0.i0 1.000000 1.257427
DS.d461.s0.i1 -1.000000 0.334595
DS.d461.s0.i0 -1.000000 0.320978
DS.d461.s0.i3 -1.000000 0.336892
DS.d461.s0.i2 -1.000000 0.323710
DS.d466.s0.i0 1.000000 0.780169
DS.d205.s0.i1 -1.000000 -0.200528
DS.d205.s0.i0 -1.000000 -0.162617
DS.d205.s0.i2 -1.000000 -0.222461
DS.d642.s0.i0 -1.000000 0.383171
DS.d326.s0.i1 -1.000000 0.099677
DS.d326.s0.i0 1.000000 0.486012
DS.d722.s0.i1 -1.000000 -0.734560
DS.d722.s0.i0 -1.000000 -0.325949
DS.d501.s0.i0 1.000000 0.597161
DS.d501.s0.i1 1.000000 0.499653
DS.d349.s0.i0 -1.000000 0.466685
DS.d502.s1.i2 -1.000000 0.443969
DS.d502.s1.i0 1.000000 0.038891
DS.d502.s1.i1 -1.000000 0.375990
DS.d502.s0.i1 1.000000 0.227330
DS.d502.s0.i0 1.000000 -0.188667
DS.d502.s0.i2 1.000000 -0.529831
DS.d470.s0.i0 1.000000 0.804346
DS.d649.s0.i5 -1.000000 -0.108519
DS.d649.s0.i4 -1.000000 -0.127829
DS.d649.s0.i7 1.000000 0.198851
DS.d649.s0.i6 1.000000 0.121484
DS.d649.s0.i1 1.000000 0.115284
DS.d649.s0.i0 -1.000000 -0.154292
DS.d649.s0.i3 1.000000 0.067405
DS.d649.s0.i2 -1.000000 -0.058555
DS.d113.s0.i1 -1.000000 0.569286
DS.d113.s0.i0 -1.000000 0.569286
DS.d262.s0.i0 -1.000000 0.505079
DS.d263.s1.i0 1.000000 1.613394
DS.d263.s0.i11 -1.000000 0.119651
DS.d263.s0.i10 1.000000 0.362552
DS.d263.s0.i13 1.000000 0.267304
DS.d263.s0.i12 -1.000000 0.192412
DS.d263.s0.i9 1.000000 0.296595
DS.d263.s0.i8 -1.000000 0.107659
DS.d263.s0.i1 -1.000000 0.161664
DS.d263.s0.i0 1.000000 0.352021
DS.d263.s0.i3 1.000000 0.324947
DS.d263.s0.i2 1.000000 0.321750
DS.d263.s0.i5 -1.000000 0.129154
DS.d263.s0.i4 -1.000000 0.205456
DS.d263.s0.i7 1.000000 0.279584
DS.d263.s0.i6 -1.000000 0.136533
DS.d565.s0.i0 1.000000 0.596414
DS.d704.s0.i5 -1.000000 -0.037289
DS.d704.s0.i4 1.000000 0.046139
DS.d704.s0.i1 1.000000 0.186208
DS.d704.s0.i0 -1.000000 -0.025155
DS.d704.s0.i3 1.000000 0.074616
DS.d704.s0.i2 1.000000 0.197154
DS.d245.s0.i1 1.000000 0.565862
DS.d245.s0.i0 1.000000 0.632367
DS.d245.s0.i2 1.000000 0.431611
DS.d747.s0.i2 1.000000 -0.026016
DS.d747.s0.i3 1.000000 -0.214616
DS.d747.s0.i0 1.000000 -0.026016
DS.d747.s0.i1 1.000000 -0.214616
DS.d435.s0.i0 1.000000 0.361576
DS.d435.s0.i1 1.000000 0.586003
DS.d386.s2.i1 1.000000 0.531237
DS.d386.s2.i0 1.000000 0.969996
DS.d386.s1.i0 1.000000 0.478856
DS.d386.s1.i1 1.000000 0.443605
DS.d386.s0.i0 1.000000 0.742451
DS.d384.s0.i1 -1.000000 -0.156261
DS.d384.s0.i0 1.000000 -0.108273
DS.d384.s0.i2 1.000000 -0.108273
DS.d827.s0.i2 -1.000000 -0.215536
DS.d827.s0.i1 -1.000000 -0.269435
DS.d827.s0.i0 -1.000000 -0.049233
DS.d771.s0.i0 1.000000 0.515538
DS.d754.s0.i2 1.000000 0.745218
DS.d754.s0.i0 1.000000 0.554652
DS.d754.s0.i1 1.000000 0.742884
DS.d73.s0.i1 -1.000000 -1.132430
DS.d73.s0.i0 -1.000000 -1.090634
DS.d425.s0.i1 -1.000000 -0.329778
DS.d425.s0.i0 -1.000000 -0.725474
DS.d71.s0.i0 1.000000 0.841878
DS.d761.s0.i2 -1.000000 -0.429878
DS.d761.s0.i0 -1.000000 -0.035689
DS.d761.s0.i1 -1.000000 -0.094535
DS.d776.s0.i0 1.000000 0.030165
DS.d776.s0.i1 1.000000 0.030165
DS.d36.s0.i0 1.000000 1.290847
DS.d36.s1.i0 1.000000 0.521660
DS.d36.s2.i0 1.000000 0.549893
DS.d36.s2.i1 1.000000 0.691185
