DS.d189.s0.i0 -1.000000 0.552254
DS.d376.s0.i0 -1.000000 0.650130
DS.d376.s0.i1 1.000000 1.233166
DS.d376.s1.i1 -1.000000 0.316859
DS.d376.s1.i0 -1.000000 0.106127
DS.d376.s1.i2 -1.000000 -0.108136
DS.d338.s0.i0 1.000000 0.686775
DS.d338.s0.i1 1.000000 0.725672
DS.d555.s1.i0 -1.000000 0.216648
DS.d555.s0.i0 1.000000 0.706670
DS.d219.s0.i0 1.000000 0.485158
DS.d219.s0.i1 1.000000 0.320855
DS.d219.s1.i1 -1.000000 -0.130420
DS.d219.s1.i0 -1.000000 -0.086321
DS.d219.s1.i2 -1.000000 -0.175023
DS.d478.s0.i0 1.000000 1.430218
DS.d454.s0.i1 1.000000 0.322185
DS.d454.s0.i0 -1.000000 -0.160719
DS.d454.s0.i3 -1.000000 -0.149722
DS.d454.s0.i2 -1.000000 -0.061651
DS.d475.s0.i0 -1.000000 -0.583520
DS.d475.s0.i1 1.000000 0.100372
DS.d475.s1.i0 1.000000 0.163961
DS.d475.s2.i0 1.000000 0.988960
DS.d180.s2.i1 1.000000 0.425243
DS.d180.s2.i0 1.000000 0.602177
DS.d180.s1.i0 1.000000 0.940366
DS.d180.s0.i1 1.000000 0.249139
DS.d180.s0.i0 1.000000 0.171569
DS.d183.s0.i0 -1.000000 0.434202
DS.d183.s0.i1 -1.000000 0.487192
DS.d183.s0.i2 -1.000000 0.487987
DS.d596.s0.i0 1.000000 0.460330
DS.d596.s0.i1 1.000000 0.785981
DS.d184.s2.i1 1.000000 0.644428
DS.d184.s2.i0 1.000000 0.586081
DS.d184.s1.i0 1.000000 0.236093
DS.d184.s0.i5 1.000000 0.417557
DS.d184.s0.i4 1.000000 0.349181
DS.d184.s0.i3 1.000000 0.356926
DS.d184.s0.i2 1.000000 0.457737
DS.d184.s0.i1 1.000000 0.496937
DS.d184.s0.i0 1.000000 0.539805
DS.d395.s1.i0 1.000000 0.179123
DS.d395.s0.i1 1.000000 0.814369
DS.d395.s0.i0 1.000000 0.728355
DS.d657.s0.i0 -1.000000 0.535742
DS.d209.s1.i2 -1.000000 0.254029
DS.d209.s1.i0 -1.000000 0.480913
DS.d209.s1.i1 -1.000000 0.193761
DS.d209.s0.i1 -1.000000 0.170306
DS.d209.s0.i0 -1.000000 0.299374
DS.d209.s0.i2 -1.000000 0.068176
DS.d651.s0.i0 -1.000000 -0.647687
DS.d799.s0.i3 1.000000 0.567359
DS.d799.s0.i2 1.000000 0.552057
DS.d799.s0.i1 1.000000 0.641222
DS.d799.s0.i0 1.000000 0.567359
DS.d293.s0.i0 1.000000 0.316514
DS.d293.s0.i1 1.000000 0.705378
DS.d627.s0.i0 1.000000 0.737563
DS.d83.s0.i0 1.000000 -0.049214
DS.d415.s0.i0 -1.000000 0.183316
DS.d415.s0.i1 -1.000000 0.063602
DS.d415.s0.i2 -1.000000 0.403930
DS.d415.s0.i3 -1.000000 0.577128
DS.d160.s0.i5 -1.000000 -0.271405
DS.d160.s0.i4 -1.000000 -0.404620
DS.d160.s0.i1 -1.000000 -0.509013
DS.d160.s0.i0 -1.000000 -0.208083
DS.d160.s0.i3 -1.000000 -0.461000
DS.d160.s0.i2 -1.000000 -0.329244
DS.d350.s0.i2 1.000000 0.319184
DS.d350.s0.i3 1.000000 0.241074
DS.d350.s0.i0 1.000000 0.247201
DS.d350.s0.i1 1.000000 0.233883
DS.d350.s1.i1 -1.000000 0.022630
DS.d350.s1.i0 -1.000000 0.000172
DS.d350.s1.i3 -1.000000 0.005430
DS.d350.s1.i2 -1.000000 0.051844
DS.d658.s0.i0 1.000000 0.778119
DS.d410.s0.i0 -1.000000 0.382543
DS.d602.s0.i0 -1.000000 0.123361
DS.d828.s0.i0 -1.000000 0.653978
DS.d414.s0.i1 1.000000 1.029806
DS.d414.s0.i0 1.000000 0.942425
DS.d84.s0.i1 -1.000000 -0.103783
DS.d84.s0.i0 -1.000000 0.088165
DS.d492.s3.i0 -1.000000 -0.116341
DS.d492.s2.i0 1.000000 0.639101
DS.d492.s1.i0 1.000000 0.380872
DS.d492.s1.i1 1.000000 0.652367
DS.d492.s1.i2 1.000000 0.624813
DS.d492.s0.i1 -1.000000 0.284818
DS.d492.s0.i0 1.000000 0.588878
DS.d712.s2.i0 -1.000000 0.394786
DS.d712.s2.i1 -1.000000 0.318094
DS.d712.s0.i0 1.000000 0.535820
DS.d712.s0.i1 1.000000 0.427584
DS.d712.s0.i2 1.000000 0.438828
DS.d712.s0.i3 1.000000 0.323462
DS.d712.s1.i0 1.000000 0.910730
DS.d807.s1.i0 1.000000 0.305772
DS.d807.s0.i1 1.000000 1.030722
DS.d807.s0.i0 1.000000 1.147690
DS.d391.s0.i1 1.000000 0.883385
DS.d391.s0.i0 1.000000 0.695989
DS.d693.s0.i0 -1.000000 -0.598220
DS.d693.s0.i1 -1.000000 -0.650283
DS.d693.s0.i2 -1.000000 -0.676927
DS.d693.s0.i3 -1.000000 -0.589010
DS.d753.s1.i0 1.000000 0.130819
DS.d753.s1.i1 1.000000 0.146992
DS.d753.s0.i0 1.000000 -0.323480
DS.d753.s2.i1 -1.000000 -0.072259
DS.d753.s2.i0 -1.000000 0.059057
DS.d578.s0.i2 1.000000 0.922697
DS.d578.s0.i0 1.000000 0.992047
DS.d578.s0.i1 1.000000 0.939886
DS.d579.s0.i3 -1.000000 0.089979
DS.d579.s0.i2 -1.000000 0.145330
DS.d579.s0.i1 -1.000000 0.147429
DS.d579.s0.i0 -1.000000 0.163204
DS.d498.s0.i1 1.000000 0.543027
DS.d498.s0.i0 1.000000 0.543027
DS.d194.s0.i0 1.000000 1.054242
DS.d194.s0.i1 1.000000 0.736325
DS.d53.s0.i0 1.000000 0.150188
DS.d92.s2.i0 1.000000 0.296884
DS.d92.s3.i0 1.000000 0.618039
DS.d92.s0.i0 1.000000 0.544491
DS.d92.s1.i0 1.000000 0.063072
DS.d229.s0.i0 1.000000 0.381915
DS.d128.s0.i0 1.000000 0.169956
DS.d43.s0.i0 1.000000 0.724507
DS.d239.s2.i2 1.000000 0.812738
DS.d239.s2.i0 1.000000 0.688896
DS.d239.s2.i1 1.000000 0.697358
DS.d239.s0.i0 1.000000 0.945262
DS.d239.s0.i1 1.000000 1.213989
DS.d239.s1.i0 1.000000 0.833168
DS.d198.s0.i0 1.000000 0.408310
DS.d198.s0.i1 1.000000 0.444158
DS.d198.s1.i3 -1.000000 0.026778
DS.d198.s1.i2 -1.000000 -0.012176
DS.d198.s1.i1 -1.000000 -0.107475
DS.d198.s1.i0 -1.000000 0.017315
DS.d40.s0.i0 1.000000 0.635984
DS.d440.s0.i0 1.000000 0.208720
DS.d208.s0.i0 1.000000 0.401215
DS.d208.s0.i1 1.000000 0.543966
DS.d223.s1.i0 1.000000 0.597825
DS.d223.s1.i1 -1.000000 0.647231
DS.d223.s0.i1 -1.000000 -0.329978
DS.d223.s0.i0 1.000000 0.329360
DS.d444.s0.i2 -1.000000 0.182270
DS.d444.s0.i0 -1.000000 0.244787
DS.d444.s0.i1 1.000000 1.015245
DS.d463.s0.i0 -1.000000 0.561057
DS.d322.s1.i0 -1.000000 0.605046
DS.d322.s1.i1 -1.000000 0.591112
DS.d322.s0.i0 1.000000 1.227720
DS.d461.s0.i1 -1.000000 0.428854
DS.d461.s0.i0 -1.000000 0.420125
DS.d461.s0.i3 -1.000000 0.417592
DS.d461.s0.i2 -1.000000 0.408944
DS.d466.s0.i0 1.000000 0.696801
DS.d205.s0.i1 -1.000000 -0.154296
DS.d205.s0.i0 -1.000000 -0.113923
DS.d205.s0.i2 -1.000000 -0.190346
DS.d642.s0.i0 -1.000000 0.295101
DS.d326.s0.i1 -1.000000 0.179819
DS.d326.s0.i0 1.000000 0.384581
DS.d722.s0.i1 -1.000000 -0.641623
DS.d722.s0.i0 -1.000000 -0.275242
DS.d501.s0.i0 1.000000 0.506914
DS.d501.s0.i1 1.000000 0.444264
DS.d349.s0.i0 -1.000000 0.446959
DS.d502.s1.i2 -1.000000 0.460524
DS.d502.s1.i0 1.000000 0.085557
DS.d502.s1.i1 -1.000000 0.406138
DS.d502.s0.i1 1.000000 0.203197
DS.d502.s0.i0 1.000000 -0.144300
DS.d502.s0.i2 1.000000 -0.382351
DS.d470.s0.i0 1.000000 0.759119
DS.d649.s0.i5 -1.000000 0.002890
DS.d649.s0.i4 -1.000000 -0.006966
DS.d649.s0.i7 1.000000 0.255678
DS.d649.s0.i6 1.000000 0.220312
DS.d649.s0.i1 1.000000 0.214141
DS.d649.s0.i0 -1.000000 -0.021985
DS.d649.s0.i3 1.000000 0.174898
DS.d649.s0.i2 -1.000000 0.024806
DS.d113.s0.i1 -1.000000 0.575255
DS.d113.s0.i0 -1.000000 0.575255
DS.d262.s0.i0 -1.000000 0.571808
DS.d263.s1.i0 1.000000 1.413272
DS.d263.s0.i11 -1.000000 0.197231
DS.d263.s0.i10 1.000000 0.392550
DS.d263.s0.i13 1.000000 0.374772
DS.d263.s0.i12 -1.000000 0.238089
DS.d263.s0.i9 1.000000 0.387056
DS.d263.s0.i8 -1.000000 0.193656
DS.d263.s0.i1 -1.000000 0.217991
DS.d263.s0.i0 1.000000 0.419445
DS.d263.s0.i3 1.000000 0.432753
DS.d263.s0.i2 1.000000 0.399805
DS.d263.s0.i5 -1.000000 0.222066
DS.d263.s0.i4 -1.000000 0.214936
DS.d263.s0.i7 1.000000 0.378730
DS.d263.s0.i6 -1.000000 0.205350
DS.d565.s0.i0 1.000000 0.735382
DS.d704.s0.i5 -1.000000 0.017786
DS.d704.s0.i4 1.000000 0.095833
DS.d704.s0.i1 1.000000 0.176310
DS.d704.s0.i0 -1.000000 0.033834
DS.d704.s0.i3 1.000000 0.119284
DS.d704.s0.i2 1.000000 0.191366
DS.d245.s0.i1 1.000000 0.530710
DS.d245.s0.i0 1.000000 0.598989
DS.d245.s0.i2 1.000000 0.471512
DS.d747.s0.i2 1.000000 0.061666
DS.d747.s0.i3 1.000000 -0.042409
DS.d747.s0.i0 1.000000 0.061666
DS.d747.s0.i1 1.000000 -0.042409
DS.d435.s0.i0 1.000000 0.353907
DS.d435.s0.i1 1.000000 0.422442
DS.d386.s2.i1 1.000000 0.651945
DS.d386.s2.i0 1.000000 0.793138
DS.d386.s1.i0 1.000000 0.300123
DS.d386.s1.i1 1.000000 0.276717
DS.d386.s0.i0 1.000000 0.736878
DS.d384.s0.i1 -1.000000 -0.056761
DS.d384.s0.i0 1.000000 -0.004852
DS.d384.s0.i2 1.000000 -0.004852
DS.d827.s0.i2 -1.000000 -0.093835
DS.d827.s0.i1 -1.000000 -0.023473
DS.d827.s0.i0 -1.000000 0.004285
DS.d771.s0.i0 1.000000 0.568674
DS.d754.s0.i2 1.000000 0.565954
DS.d754.s0.i0 1.000000 0.428597
DS.d754.s0.i1 1.000000 0.465042
DS.d73.s0.i1 -1.000000 -0.876164
DS.d73.s0.i0 -1.000000 -0.812027
DS.d425.s0.i1 -1.000000 -0.240080
DS.d425.s0.i0 -1.000000 -0.435387
DS.d71.s0.i0 1.000000 0.656886
DS.d761.s0.i2 -1.000000 -0.175920
DS.d761.s0.i0 -1.000000 0.006969
DS.d761.s0.i1 -1.000000 -0.029599
DS.d776.s0.i0 1.000000 0.258770
DS.d776.s0.i1 1.000000 0.258770
DS.d36.s0.i0 1.000000 1.227070
DS.d36.s1.i0 1.000000 0.592337
DS.d36.s2.i0 1.000000 0.685029
DS.d36.s2.i1 1.000000 0.844355
