DS.d170.s0.i0 1.000000 0.864423
DS.d170.s0.i1 1.000000 0.871739
DS.d95.s0.i3 -1.000000 -0.922853
DS.d95.s0.i2 -1.000000 -0.511302
DS.d95.s0.i1 -1.000000 -0.863007
DS.d95.s0.i0 -1.000000 -0.935525
DS.d172.s0.i0 -1.000000 0.083488
DS.d172.s0.i1 1.000000 0.272593
DS.d714.s0.i0 -1.000000 -0.693591
DS.d714.s0.i1 -1.000000 -0.825140
DS.d714.s1.i0 -1.000000 -0.313041
DS.d714.s2.i0 -1.000000 -0.609247
DS.d715.s0.i0 1.000000 0.826723
DS.d802.s0.i0 1.000000 -0.003923
DS.d717.s0.i0 1.000000 0.774017
DS.d710.s0.i0 -1.000000 -0.519255
DS.d711.s0.i0 -1.000000 -0.572850
DS.d806.s0.i0 -1.000000 -0.157199
DS.d806.s0.i1 -1.000000 -0.342586
DS.d806.s0.i2 -1.000000 -0.138293
DS.d713.s1.i0 1.000000 0.630685
DS.d713.s1.i1 1.000000 0.683054
DS.d713.s0.i1 1.000000 0.733637
DS.d713.s0.i0 1.000000 1.015383
DS.d808.s0.i0 -1.000000 -0.270361
DS.d808.s1.i1 1.000000 0.442297
DS.d808.s1.i0 -1.000000 -0.150031
DS.d808.s2.i0 1.000000 0.723943
DS.d808.s2.i1 1.000000 0.757461
DS.d809.s1.i0 1.000000 0.845707
DS.d809.s1.i1 1.000000 0.976639
DS.d809.s0.i0 1.000000 0.997518
DS.d489.s0.i1 1.000000 0.872434
DS.d489.s0.i0 1.000000 0.954353
DS.d718.s0.i0 -1.000000 -0.803925
DS.d718.s0.i1 -1.000000 -0.498230
DS.d718.s1.i19 -1.000000 -1.004293
DS.d718.s1.i18 -1.000000 -0.977917
DS.d718.s1.i11 -1.000000 -0.950121
DS.d718.s1.i10 -1.000000 -0.883832
DS.d718.s1.i13 -1.000000 -0.961273
DS.d718.s1.i12 -1.000000 -0.996518
DS.d718.s1.i15 -1.000000 -1.129128
DS.d718.s1.i14 -1.000000 -1.026545
DS.d718.s1.i17 -1.000000 -0.882047
DS.d718.s1.i16 -1.000000 -0.971228
DS.d718.s1.i1 -1.000000 -0.836462
DS.d718.s1.i0 -1.000000 -1.000018
DS.d718.s1.i3 -1.000000 -1.176795
DS.d718.s1.i2 -1.000000 -0.946470
DS.d718.s1.i5 -1.000000 -1.030567
DS.d718.s1.i4 -1.000000 -1.148462
DS.d718.s1.i7 -1.000000 -1.068139
DS.d718.s1.i6 -1.000000 -0.965240
DS.d718.s1.i9 -1.000000 -0.809050
DS.d718.s1.i8 -1.000000 -1.000646
DS.d718.s2.i0 1.000000 -0.304322
DS.d718.s2.i1 1.000000 0.139318
DS.d718.s2.i2 1.000000 -0.285791
DS.d718.s2.i3 1.000000 -0.305959
DS.d719.s0.i1 -1.000000 0.048046
DS.d719.s0.i0 1.000000 0.121734
DS.d175.s1.i0 1.000000 0.879435
DS.d175.s0.i1 1.000000 0.575586
DS.d175.s0.i0 1.000000 0.636180
DS.d65.s0.i0 -1.000000 0.046441
DS.d64.s0.i0 -1.000000 -0.618139
DS.d67.s0.i0 -1.000000 -0.615268
DS.d67.s0.i1 -1.000000 -0.622855
DS.d66.s0.i1 1.000000 0.687455
DS.d66.s0.i0 1.000000 0.917795
DS.d66.s0.i3 1.000000 0.601033
DS.d66.s0.i2 1.000000 1.013937
DS.d61.s0.i6 1.000000 1.043786
DS.d61.s0.i7 1.000000 0.999072
DS.d61.s0.i4 1.000000 0.966445
DS.d61.s0.i5 1.000000 0.997959
DS.d61.s0.i2 1.000000 1.077438
DS.d61.s0.i3 1.000000 1.011289
DS.d61.s0.i0 1.000000 0.890297
DS.d61.s0.i1 1.000000 0.854604
DS.d61.s0.i8 1.000000 0.895706
DS.d60.s0.i0 1.000000 0.974811
DS.d63.s0.i0 1.000000 0.864488
DS.d63.s0.i1 1.000000 0.863836
DS.d62.s0.i0 -1.000000 0.019087
DS.d177.s0.i1 -1.000000 -0.607648
DS.d177.s0.i0 -1.000000 -1.104542
DS.d177.s0.i3 -1.000000 -0.985386
DS.d177.s0.i2 -1.000000 -0.516220
DS.d177.s0.i5 -1.000000 -1.057926
DS.d177.s0.i4 -1.000000 -0.994298
DS.d177.s0.i7 -1.000000 -1.032501
DS.d177.s0.i6 -1.000000 -0.904244
DS.d69.s0.i0 1.000000 0.828950
DS.d69.s0.i1 1.000000 0.734037
DS.d68.s0.i0 1.000000 0.632290
DS.d246.s0.i0 1.000000 1.158421
DS.d246.s1.i0 1.000000 0.851375
DS.d246.s2.i0 1.000000 0.712453
DS.d246.s2.i1 1.000000 1.019209
DS.d247.s0.i3 -1.000000 -0.838908
DS.d247.s0.i2 1.000000 0.615989
DS.d247.s0.i1 1.000000 0.640140
DS.d247.s0.i0 -1.000000 -0.744260
DS.d247.s0.i7 -1.000000 -0.768210
DS.d247.s0.i6 -1.000000 -0.879524
DS.d247.s0.i5 -1.000000 -0.743722
DS.d247.s0.i4 1.000000 0.673163
DS.d247.s0.i9 -1.000000 -0.854424
DS.d247.s0.i8 -1.000000 -0.862872
DS.d247.s0.i22 1.000000 0.579921
DS.d247.s0.i23 -1.000000 -0.770071
DS.d247.s0.i20 1.000000 0.656672
DS.d247.s0.i21 -1.000000 -0.792982
DS.d247.s0.i13 1.000000 0.622028
DS.d247.s0.i12 -1.000000 -0.718541
DS.d247.s0.i11 -1.000000 -0.767553
DS.d247.s0.i10 -1.000000 -0.855157
DS.d247.s0.i17 -1.000000 -0.890378
DS.d247.s0.i16 -1.000000 -0.743321
DS.d247.s0.i15 1.000000 0.635609
DS.d247.s0.i14 -1.000000 -0.859758
DS.d247.s0.i19 -1.000000 -0.834002
DS.d247.s0.i18 1.000000 0.535842
DS.d244.s0.i0 1.000000 0.885361
DS.d244.s0.i1 1.000000 0.718795
DS.d244.s1.i0 1.000000 1.033480
DS.d329.s0.i0 1.000000 0.741010
DS.d243.s0.i2 1.000000 1.013139
DS.d243.s0.i1 1.000000 1.013139
DS.d243.s0.i0 1.000000 1.013139
DS.d240.s0.i0 1.000000 0.925333
DS.d241.s1.i0 1.000000 1.006562
DS.d241.s0.i0 1.000000 0.768108
DS.d325.s0.i0 1.000000 1.108237
DS.d325.s0.i1 1.000000 0.549628
DS.d324.s0.i0 -1.000000 -0.581329
DS.d327.s0.i0 1.000000 1.201875
DS.d321.s0.i4 1.000000 0.940728
DS.d321.s0.i2 1.000000 0.892736
DS.d321.s0.i3 1.000000 0.885853
DS.d321.s0.i0 1.000000 0.842650
DS.d321.s0.i1 1.000000 0.903777
DS.d320.s0.i1 1.000000 0.742938
DS.d320.s0.i0 -1.000000 0.147184
DS.d248.s0.i0 1.000000 0.606619
DS.d248.s0.i1 1.000000 0.854618
DS.d249.s0.i0 -1.000000 0.354698
DS.d188.s0.i1 -1.000000 -0.690493
DS.d188.s0.i0 -1.000000 -0.718275
DS.d181.s0.i0 1.000000 0.724616
DS.d182.s1.i0 -1.000000 -0.376169
DS.d182.s0.i0 -1.000000 -0.782861
DS.d185.s0.i0 1.000000 0.442591
DS.d185.s0.i1 1.000000 0.446811
DS.d185.s1.i0 1.000000 0.764699
DS.d187.s0.i0 1.000000 0.616968
DS.d186.s0.i1 1.000000 0.824128
DS.d186.s0.i0 1.000000 0.844979
DS.d186.s0.i2 1.000000 0.854183
DS.d439.s0.i0 1.000000 0.739132
DS.d438.s0.i0 1.000000 0.886974
DS.d583.s0.i0 1.000000 0.729197
DS.d351.s0.i3 -1.000000 -0.853587
DS.d351.s0.i2 -1.000000 -0.992008
DS.d351.s0.i1 -1.000000 -0.830739
DS.d351.s0.i0 -1.000000 -0.855359
DS.d431.s0.i2 1.000000 0.832465
DS.d431.s0.i3 1.000000 0.995897
DS.d431.s0.i0 1.000000 0.922707
DS.d431.s0.i1 1.000000 1.087997
DS.d431.s0.i4 1.000000 0.975818
DS.d431.s0.i5 1.000000 1.150536
DS.d430.s0.i3 1.000000 0.884500
DS.d430.s0.i2 1.000000 0.930664
DS.d430.s0.i1 1.000000 0.884431
DS.d430.s0.i0 1.000000 0.941529
DS.d433.s2.i0 1.000000 0.695554
DS.d433.s3.i0 1.000000 0.878880
DS.d433.s0.i0 1.000000 0.818078
DS.d433.s1.i3 1.000000 1.010072
DS.d433.s1.i2 1.000000 0.952860
DS.d433.s1.i1 1.000000 0.969989
DS.d433.s1.i0 1.000000 0.979457
DS.d432.s1.i0 1.000000 1.083266
DS.d432.s1.i1 1.000000 1.015686
DS.d432.s0.i1 1.000000 0.530039
DS.d432.s0.i0 1.000000 1.121237
DS.d432.s0.i3 1.000000 0.518625
DS.d432.s0.i2 1.000000 1.143757
DS.d434.s0.i0 1.000000 0.839788
DS.d437.s0.i0 -1.000000 -0.645915
DS.d437.s0.i1 -1.000000 -0.379205
DS.d437.s0.i2 1.000000 0.375779
DS.d436.s0.i0 1.000000 0.888097
DS.d800.s0.i0 1.000000 0.727182
DS.d801.s0.i0 1.000000 0.951391
DS.d716.s0.i0 1.000000 0.936056
DS.d716.s0.i1 -1.000000 -0.469128
DS.d716.s0.i2 1.000000 0.890790
DS.d716.s0.i3 1.000000 0.977322
DS.d505.s0.i0 1.000000 0.741660
DS.d504.s1.i0 1.000000 0.944269
DS.d504.s1.i1 1.000000 1.060266
DS.d504.s0.i0 1.000000 0.716189
DS.d507.s0.i0 1.000000 -0.077547
DS.d507.s0.i1 -1.000000 0.137856
DS.d803.s1.i0 1.000000 0.654978
DS.d803.s1.i1 1.000000 0.736658
DS.d803.s0.i1 1.000000 0.924859
DS.d803.s0.i0 1.000000 0.818948
DS.d803.s0.i3 1.000000 0.853612
DS.d803.s0.i2 1.000000 0.888683
DS.d803.s2.i1 1.000000 1.001332
DS.d803.s2.i0 1.000000 0.968391
DS.d500.s0.i0 1.000000 0.756322
DS.d118.s2.i0 1.000000 1.040037
DS.d118.s0.i0 1.000000 0.587319
DS.d118.s1.i0 1.000000 0.725154
DS.d119.s0.i1 -1.000000 -0.815728
DS.d119.s0.i0 -1.000000 -0.758307
DS.d119.s0.i2 -1.000000 -0.713914
DS.d116.s0.i2 1.000000 0.988036
DS.d116.s0.i0 1.000000 0.800878
DS.d116.s0.i1 1.000000 0.934696
DS.d117.s3.i2 1.000000 0.920434
DS.d117.s3.i3 1.000000 0.927511
DS.d117.s3.i0 1.000000 0.846723
DS.d117.s3.i1 1.000000 0.920194
DS.d117.s2.i1 1.000000 -0.172467
DS.d117.s2.i0 1.000000 -0.131880
DS.d117.s2.i3 -1.000000 0.278884
DS.d117.s2.i2 -1.000000 0.156007
DS.d117.s1.i0 1.000000 0.219967
DS.d117.s1.i1 -1.000000 -0.270635
DS.d117.s0.i0 1.000000 0.665592
DS.d114.s0.i0 1.000000 0.690493
DS.d582.s0.i1 1.000000 0.841735
DS.d582.s0.i0 1.000000 0.715390
DS.d112.s0.i0 -1.000000 -0.530044
DS.d508.s0.i0 1.000000 0.596066
DS.d110.s0.i0 1.000000 0.922299
DS.d111.s0.i1 -1.000000 -0.568077
DS.d111.s0.i0 1.000000 0.458347
DS.d111.s0.i3 1.000000 0.375315
DS.d111.s0.i2 1.000000 0.829399
DS.d111.s0.i5 1.000000 0.714827
DS.d111.s0.i4 -1.000000 0.208504
DS.d626.s2.i0 1.000000 1.163431
DS.d626.s3.i0 1.000000 0.703566
DS.d626.s0.i0 1.000000 1.323436
DS.d626.s1.i0 1.000000 0.880670
DS.d44.s0.i9 1.000000 0.278511
DS.d44.s0.i8 1.000000 0.297116
DS.d44.s0.i5 1.000000 0.327327
DS.d44.s0.i4 -1.000000 -0.696837
DS.d44.s0.i7 -1.000000 -0.611817
DS.d44.s0.i6 -1.000000 -0.583125
DS.d44.s0.i1 1.000000 0.334646
DS.d44.s0.i0 -1.000000 -0.722035
DS.d44.s0.i3 -1.000000 -0.649673
DS.d44.s0.i2 -1.000000 -0.636028
DS.d44.s0.i15 -1.000000 -0.640827
DS.d44.s0.i14 -1.000000 -0.687966
DS.d44.s0.i17 -1.000000 -0.759166
DS.d44.s0.i16 1.000000 0.319269
DS.d44.s0.i11 -1.000000 -0.684302
DS.d44.s0.i10 1.000000 0.354198
DS.d44.s0.i13 -1.000000 -0.777532
DS.d44.s0.i12 -1.000000 -0.691998
DS.d479.s0.i0 1.000000 0.536719
DS.d611.s0.i0 1.000000 1.043578
DS.d610.s0.i0 1.000000 0.789876
DS.d613.s0.i0 1.000000 0.707507
DS.d612.s0.i1 -1.000000 -0.099576
DS.d612.s0.i0 1.000000 0.109990
DS.d615.s0.i0 1.000000 0.799745
DS.d614.s0.i5 1.000000 0.491372
DS.d614.s0.i4 -1.000000 0.556416
DS.d614.s0.i3 1.000000 0.685153
DS.d614.s0.i2 1.000000 0.893252
DS.d614.s0.i1 1.000000 0.809785
DS.d614.s0.i0 1.000000 0.605876
DS.d617.s0.i0 1.000000 0.933989
DS.d617.s1.i9 -1.000000 -0.925702
DS.d617.s1.i8 -1.000000 -0.941210
DS.d617.s1.i3 -1.000000 -0.928166
DS.d617.s1.i2 -1.000000 -0.913285
DS.d617.s1.i1 -1.000000 -0.680141
DS.d617.s1.i0 -1.000000 -0.854614
DS.d617.s1.i7 -1.000000 -0.895813
DS.d617.s1.i6 -1.000000 -0.949596
DS.d617.s1.i5 -1.000000 -0.894479
DS.d617.s1.i4 -1.000000 -0.940997
DS.d616.s1.i0 1.000000 0.759494
DS.d616.s1.i1 1.000000 0.711221
DS.d616.s0.i1 -1.000000 -0.070755
DS.d616.s0.i0 1.000000 0.719976
DS.d616.s0.i3 1.000000 0.573516
DS.d616.s0.i2 1.000000 0.701855
DS.d616.s0.i5 1.000000 0.747564
DS.d616.s0.i4 1.000000 0.688367
DS.d616.s0.i7 1.000000 0.677023
DS.d616.s0.i6 1.000000 0.650994
DS.d616.s0.i9 -1.000000 -0.141967
DS.d616.s0.i8 1.000000 0.487289
DS.d616.s0.i19 1.000000 0.659954
DS.d616.s0.i18 1.000000 0.758205
DS.d616.s0.i11 1.000000 0.723324
DS.d616.s0.i10 -1.000000 -0.065622
DS.d616.s0.i13 1.000000 0.496779
DS.d616.s0.i12 1.000000 0.557926
DS.d616.s0.i15 1.000000 0.570968
DS.d616.s0.i14 -1.000000 -0.079157
DS.d616.s0.i17 1.000000 0.728155
DS.d616.s0.i16 -1.000000 -0.153801
DS.d616.s2.i1 1.000000 0.628352
DS.d616.s2.i0 1.000000 0.628773
DS.d619.s0.i0 1.000000 0.712778
DS.d618.s1.i0 1.000000 0.821199
DS.d618.s0.i1 1.000000 0.852718
DS.d618.s0.i0 1.000000 0.739095
DS.d752.s0.i0 1.000000 0.626458
DS.d755.s0.i1 1.000000 0.791008
DS.d755.s0.i0 1.000000 0.831494
DS.d756.s0.i0 1.000000 0.747920
DS.d756.s0.i1 1.000000 0.780986
DS.d757.s1.i0 1.000000 0.765554
DS.d757.s0.i0 1.000000 0.657804
DS.d29.s0.i10 -1.000000 -0.930070
DS.d29.s0.i11 -1.000000 -0.946703
DS.d29.s0.i2 -1.000000 -1.118719
DS.d29.s0.i3 -1.000000 -0.924068
DS.d29.s0.i0 -1.000000 -0.903214
DS.d29.s0.i1 -1.000000 -0.924812
DS.d29.s0.i6 -1.000000 -1.017159
DS.d29.s0.i7 -1.000000 -1.017331
DS.d29.s0.i4 -1.000000 -0.984417
DS.d29.s0.i5 -1.000000 -0.891642
DS.d29.s0.i8 -1.000000 -1.026972
DS.d29.s0.i9 -1.000000 -1.036743
DS.d28.s1.i0 1.000000 1.062656
DS.d28.s1.i1 1.000000 1.259489
DS.d28.s0.i2 1.000000 1.082386
DS.d28.s0.i1 1.000000 0.966508
DS.d28.s0.i0 1.000000 0.907514
DS.d21.s0.i0 1.000000 -0.053928
DS.d20.s0.i1 -1.000000 -0.385802
DS.d20.s0.i0 -1.000000 0.241877
DS.d23.s0.i10 -1.000000 -0.986627
DS.d23.s0.i11 -1.000000 -0.924889
DS.d23.s0.i4 -1.000000 -0.992191
DS.d23.s0.i5 -1.000000 -0.921409
DS.d23.s0.i6 -1.000000 -0.869504
DS.d23.s0.i7 -1.000000 -0.926077
DS.d23.s0.i0 -1.000000 -0.867178
DS.d23.s0.i1 -1.000000 -0.955953
DS.d23.s0.i2 -1.000000 -0.871391
DS.d23.s0.i3 -1.000000 -0.918211
DS.d23.s0.i12 -1.000000 -1.022627
DS.d23.s0.i8 -1.000000 -1.064613
DS.d23.s0.i9 -1.000000 -0.974323
DS.d23.s0.i13 -1.000000 -0.926063
DS.d22.s1.i0 1.000000 0.640644
DS.d22.s0.i1 1.000000 0.878360
DS.d22.s0.i0 1.000000 0.913358
DS.d22.s0.i2 1.000000 0.890256
DS.d25.s0.i0 1.000000 0.842861
DS.d25.s1.i0 -1.000000 0.556048
DS.d24.s1.i0 1.000000 0.458553
DS.d24.s0.i0 -1.000000 -0.705611
DS.d27.s2.i0 1.000000 0.608322
DS.d27.s0.i0 1.000000 0.810506
DS.d27.s0.i1 1.000000 0.826026
DS.d27.s0.i2 1.000000 0.736386
DS.d27.s1.i1 1.000000 0.870724
DS.d27.s1.i0 1.000000 0.874770
DS.d26.s0.i1 -1.000000 -1.008024
DS.d26.s0.i0 -1.000000 -0.810739
DS.d26.s0.i3 -1.000000 -0.974884
DS.d26.s0.i2 -1.000000 -0.753397
DS.d26.s0.i5 -1.000000 -0.894862
DS.d26.s0.i4 -1.000000 -0.966264
DS.d202.s0.i0 1.000000 0.662632
DS.d203.s0.i1 1.000000 0.834321
DS.d203.s0.i0 1.000000 0.817974
DS.d200.s0.i0 1.000000 0.461448
DS.d200.s0.i1 -1.000000 -0.156236
DS.d201.s0.i5 1.000000 0.892660
DS.d201.s0.i4 1.000000 0.931977
DS.d201.s0.i7 1.000000 0.952676
DS.d201.s0.i6 1.000000 0.988742
DS.d201.s0.i1 1.000000 0.959469
DS.d201.s0.i0 1.000000 0.924863
DS.d201.s0.i3 1.000000 1.008176
DS.d201.s0.i2 1.000000 0.821088
DS.d201.s0.i8 1.000000 1.108121
DS.d206.s0.i6 1.000000 0.891302
DS.d206.s0.i7 1.000000 0.927282
DS.d206.s0.i4 1.000000 0.914469
DS.d206.s0.i5 1.000000 0.880254
DS.d206.s0.i2 1.000000 0.916814
DS.d206.s0.i3 1.000000 0.912946
DS.d206.s0.i0 1.000000 0.897059
DS.d206.s0.i1 1.000000 0.950757
DS.d207.s0.i0 1.000000 0.246184
DS.d204.s0.i0 1.000000 1.068443
DS.d204.s0.i1 1.000000 0.705787
DS.d473.s0.i0 -1.000000 -0.525778
DS.d473.s0.i1 -1.000000 -0.607051
DS.d472.s0.i1 1.000000 1.046226
DS.d472.s0.i0 1.000000 1.004226
DS.d377.s1.i0 1.000000 0.780367
DS.d377.s1.i1 1.000000 0.837081
DS.d377.s0.i2 1.000000 0.893053
DS.d377.s0.i1 1.000000 0.981880
DS.d377.s0.i0 1.000000 0.892656
DS.d374.s0.i0 1.000000 0.955252
DS.d374.s1.i1 1.000000 1.119830
DS.d374.s1.i0 1.000000 1.104999
DS.d375.s5.i2 1.000000 0.852745
DS.d375.s5.i3 1.000000 0.880143
DS.d375.s5.i0 1.000000 0.890735
DS.d375.s5.i1 1.000000 0.964825
DS.d375.s4.i1 1.000000 0.849638
DS.d375.s4.i0 1.000000 0.968692
DS.d375.s1.i0 1.000000 0.841454
DS.d375.s0.i1 1.000000 1.003865
DS.d375.s0.i0 1.000000 0.977269
DS.d375.s0.i2 1.000000 1.207543
DS.d375.s3.i0 1.000000 1.342690
DS.d375.s3.i1 1.000000 0.721018
DS.d375.s3.i2 1.000000 0.721018
DS.d375.s3.i3 1.000000 1.342690
DS.d375.s2.i0 1.000000 1.194823
DS.d372.s0.i0 1.000000 0.923366
DS.d372.s0.i1 1.000000 0.865738
DS.d372.s1.i1 -1.000000 -0.148163
DS.d372.s1.i0 1.000000 0.369677
DS.d372.s1.i3 -1.000000 -0.191690
DS.d372.s1.i2 1.000000 0.317453
DS.d373.s0.i0 -1.000000 -0.303091
DS.d370.s0.i0 1.000000 0.694339
DS.d371.s0.i1 1.000000 0.917998
DS.d371.s0.i0 1.000000 0.867476
DS.d371.s0.i3 1.000000 0.940709
DS.d371.s0.i2 1.000000 0.906926
DS.d474.s0.i0 -1.000000 -0.613094
DS.d477.s0.i0 1.000000 0.736142
DS.d476.s0.i1 1.000000 0.973901
DS.d476.s0.i0 1.000000 1.023470
DS.d471.s0.i4 1.000000 0.908257
DS.d471.s0.i5 1.000000 0.907562
DS.d471.s0.i2 1.000000 0.956621
DS.d471.s0.i3 1.000000 0.889927
DS.d471.s0.i0 1.000000 0.953013
DS.d471.s0.i1 1.000000 0.881245
DS.d378.s0.i0 -1.000000 -0.563528
DS.d378.s0.i1 1.000000 -0.106678
DS.d378.s0.i2 -1.000000 -0.478133
DS.d378.s0.i3 -1.000000 -0.532696
DS.d378.s1.i0 -1.000000 -0.122856
DS.d379.s0.i1 -1.000000 -0.750654
DS.d379.s0.i0 -1.000000 -0.691688
DS.d279.s6.i2 -1.000000 -1.018306
DS.d279.s6.i0 -1.000000 -0.906947
DS.d279.s6.i1 -1.000000 -0.906947
DS.d279.s7.i1 -1.000000 -0.449137
DS.d279.s7.i0 1.000000 0.340159
DS.d279.s7.i2 -1.000000 -0.417024
DS.d279.s4.i0 1.000000 0.681351
DS.d279.s5.i0 1.000000 0.276355
DS.d279.s2.i0 1.000000 0.675086
DS.d279.s2.i1 -1.000000 0.010722
DS.d279.s3.i1 -1.000000 -0.654498
DS.d279.s3.i0 1.000000 0.758693
DS.d279.s0.i0 1.000000 1.142886
DS.d279.s1.i1 -1.000000 -0.111040
DS.d279.s1.i0 1.000000 0.412665
DS.d279.s8.i0 -1.000000 -0.811518
DS.d279.s8.i1 -1.000000 -0.852692
DS.d279.s9.i1 1.000000 0.384359
DS.d279.s9.i0 1.000000 1.352891
DS.d278.s0.i1 1.000000 0.931712
DS.d278.s0.i0 1.000000 0.903359
DS.d278.s0.i3 1.000000 0.903359
DS.d278.s0.i2 1.000000 0.931712
DS.d277.s0.i0 1.000000 0.777528
DS.d276.s0.i2 -1.000000 -0.565128
DS.d276.s0.i1 -1.000000 -0.548753
DS.d276.s0.i0 -1.000000 -0.884223
DS.d275.s0.i0 1.000000 0.138143
DS.d275.s0.i1 -1.000000 0.054323
DS.d274.s0.i0 1.000000 0.535634
DS.d273.s0.i0 1.000000 0.939399
DS.d273.s1.i1 1.000000 0.790448
DS.d273.s1.i0 1.000000 0.473284
DS.d272.s3.i0 1.000000 0.806344
DS.d272.s2.i0 1.000000 0.971144
DS.d272.s1.i0 1.000000 0.751088
DS.d272.s1.i1 1.000000 0.880661
DS.d272.s1.i2 1.000000 0.813158
DS.d272.s0.i2 1.000000 0.896670
DS.d272.s0.i1 1.000000 0.983932
DS.d272.s0.i0 1.000000 0.854977
DS.d272.s4.i0 -1.000000 -0.729220
DS.d271.s2.i0 -1.000000 0.002030
DS.d271.s0.i0 1.000000 0.732354
DS.d271.s1.i0 1.000000 0.471326
DS.d328.s1.i0 1.000000 0.866084
DS.d328.s1.i1 1.000000 0.880764
DS.d328.s0.i0 -1.000000 -0.385057
DS.d270.s0.i0 1.000000 0.669882
DS.d152.s0.i0 1.000000 0.887379
DS.d152.s0.i1 1.000000 0.524832
DS.d152.s1.i0 1.000000 0.610319
DS.d153.s0.i1 -1.000000 -0.739986
DS.d153.s0.i0 -1.000000 -0.844236
DS.d150.s0.i0 1.000000 0.872341
DS.d150.s0.i1 1.000000 0.872341
DS.d151.s0.i0 -1.000000 -0.255836
DS.d156.s0.i0 -1.000000 -0.576088
DS.d156.s0.i1 -1.000000 -0.563468
DS.d157.s0.i0 1.000000 0.902765
DS.d154.s0.i0 1.000000 0.810998
DS.d154.s0.i1 1.000000 0.696169
DS.d155.s0.i1 1.000000 0.868853
DS.d155.s0.i0 1.000000 0.839337
DS.d155.s0.i2 1.000000 0.955281
DS.d158.s0.i0 1.000000 0.763174
DS.d158.s0.i1 1.000000 0.785189
DS.d159.s0.i5 -1.000000 -1.063095
DS.d159.s0.i4 -1.000000 -0.879802
DS.d159.s0.i1 -1.000000 -0.960132
DS.d159.s0.i0 -1.000000 -0.847485
DS.d159.s0.i3 -1.000000 -1.034433
DS.d159.s0.i2 -1.000000 -0.899158
DS.d576.s2.i0 1.000000 0.130876
DS.d576.s2.i1 1.000000 0.331436
DS.d576.s0.i0 1.000000 0.632996
DS.d576.s0.i1 -1.000000 -0.197442
DS.d576.s0.i2 1.000000 0.689650
DS.d576.s1.i1 1.000000 0.595590
DS.d576.s1.i0 -1.000000 0.434169
DS.d577.s0.i1 -1.000000 -0.795290
DS.d577.s0.i0 -1.000000 -0.792773
DS.d577.s0.i2 -1.000000 -0.825127
DS.d323.s0.i0 1.000000 0.649233
DS.d389.s0.i0 1.000000 0.701500
DS.d388.s0.i1 -1.000000 -0.786794
DS.d388.s0.i0 -1.000000 -0.837244
DS.d135.s1.i0 1.000000 -0.189850
DS.d135.s1.i1 -1.000000 -0.302036
DS.d135.s1.i2 -1.000000 -0.586460
DS.d135.s0.i1 1.000000 0.616663
DS.d135.s0.i0 1.000000 0.635203
DS.d383.s0.i2 1.000000 0.966959
DS.d383.s0.i3 1.000000 0.898990
DS.d383.s0.i0 1.000000 0.898990
DS.d383.s0.i1 1.000000 0.966959
DS.d382.s0.i0 1.000000 0.767315
DS.d381.s0.i4 -1.000000 -0.686781
DS.d381.s0.i5 -1.000000 -0.664009
DS.d381.s0.i0 -1.000000 -0.592517
DS.d381.s0.i1 1.000000 0.634545
DS.d381.s0.i2 1.000000 0.619077
DS.d381.s0.i3 1.000000 0.695782
DS.d381.s1.i0 1.000000 0.624980
DS.d380.s1.i8 -1.000000 -0.900095
DS.d380.s1.i2 -1.000000 -0.887655
DS.d380.s1.i3 -1.000000 -0.887655
DS.d380.s1.i0 -1.000000 -0.933725
DS.d380.s1.i1 -1.000000 -0.933725
DS.d380.s1.i6 -1.000000 -0.932042
DS.d380.s1.i7 -1.000000 -0.900095
DS.d380.s1.i4 -1.000000 -0.858591
DS.d380.s1.i5 -1.000000 -0.885286
DS.d380.s0.i5 1.000000 0.998405
DS.d380.s0.i4 1.000000 0.939733
DS.d380.s0.i7 1.000000 0.945199
DS.d380.s0.i6 1.000000 0.945199
DS.d380.s0.i1 1.000000 0.973082
DS.d380.s0.i0 1.000000 0.920719
DS.d380.s0.i3 1.000000 0.973082
DS.d380.s0.i2 1.000000 0.939733
DS.d380.s0.i9 1.000000 0.998405
DS.d380.s0.i8 1.000000 0.920719
DS.d380.s2.i3 1.000000 1.037620
DS.d380.s2.i2 1.000000 0.987487
DS.d380.s2.i1 1.000000 0.987487
DS.d380.s2.i0 1.000000 0.999971
DS.d380.s2.i5 1.000000 1.037620
DS.d380.s2.i4 1.000000 0.999971
DS.d387.s0.i0 1.000000 0.925323
DS.d387.s0.i1 1.000000 0.818453
DS.d136.s0.i0 1.000000 0.847836
DS.d136.s0.i1 1.000000 0.924258
DS.d385.s2.i0 -1.000000 -0.621178
DS.d385.s0.i0 1.000000 0.990908
DS.d385.s0.i1 1.000000 0.746990
DS.d385.s1.i0 1.000000 0.981029
DS.d137.s1.i0 -1.000000 -0.552969
DS.d137.s0.i0 -1.000000 -0.449239
DS.d130.s0.i8 1.000000 1.112650
DS.d130.s0.i9 1.000000 1.062722
DS.d130.s0.i6 1.000000 1.090246
DS.d130.s0.i7 1.000000 1.163414
DS.d130.s0.i4 1.000000 0.971358
DS.d130.s0.i5 1.000000 0.797607
DS.d130.s0.i2 1.000000 0.891615
DS.d130.s0.i3 1.000000 0.889593
DS.d130.s0.i0 1.000000 0.866483
DS.d130.s0.i1 1.000000 1.048267
DS.d131.s0.i0 1.000000 0.928330
DS.d242.s0.i2 1.000000 0.912639
DS.d242.s0.i3 1.000000 1.001412
DS.d242.s0.i0 1.000000 0.927604
DS.d242.s0.i1 1.000000 1.042174
DS.d132.s0.i0 1.000000 0.294669
DS.d133.s1.i0 1.000000 0.757985
DS.d133.s0.i0 1.000000 0.646729
DS.d133.s3.i0 1.000000 0.884996
DS.d133.s2.i0 1.000000 0.846142
DS.d127.s0.i0 -1.000000 -0.492619
DS.d126.s0.i0 1.000000 0.868815
DS.d125.s0.i0 1.000000 0.905221
DS.d125.s0.i1 1.000000 1.034625
DS.d124.s0.i5 1.000000 1.005047
DS.d124.s0.i4 1.000000 0.825441
DS.d124.s0.i1 1.000000 1.022967
DS.d124.s0.i0 1.000000 0.924935
DS.d124.s0.i3 1.000000 0.921889
DS.d124.s0.i2 1.000000 0.902961
DS.d123.s0.i0 -1.000000 -0.710465
DS.d122.s0.i0 1.000000 0.783139
DS.d121.s2.i0 1.000000 0.756468
DS.d121.s0.i0 1.000000 0.800474
DS.d121.s0.i1 -1.000000 -0.357678
DS.d121.s1.i3 1.000000 0.188670
DS.d121.s1.i2 -1.000000 -0.220201
DS.d121.s1.i1 1.000000 0.273977
DS.d121.s1.i0 -1.000000 -0.209683
DS.d120.s0.i1 -1.000000 -0.802945
DS.d120.s0.i0 -1.000000 -0.842790
DS.d120.s0.i3 -1.000000 -0.947287
DS.d120.s0.i2 -1.000000 -0.782183
DS.d120.s0.i5 -1.000000 -0.813329
DS.d120.s0.i4 -1.000000 -0.893690
DS.d794.s0.i0 1.000000 0.795749
DS.d794.s0.i1 1.000000 0.743582
DS.d795.s0.i0 1.000000 0.823324
DS.d796.s0.i4 -1.000000 -0.898647
DS.d796.s0.i5 -1.000000 -0.956593
DS.d796.s0.i0 -1.000000 -0.956593
DS.d796.s0.i1 -1.000000 -0.898647
DS.d796.s0.i2 -1.000000 -0.956593
DS.d796.s0.i3 -1.000000 -0.956593
DS.d796.s1.i2 1.000000 0.586327
DS.d796.s1.i1 1.000000 0.582236
DS.d796.s1.i0 1.000000 0.829789
DS.d797.s1.i2 1.000000 0.719438
DS.d797.s1.i0 1.000000 0.907410
DS.d797.s1.i1 1.000000 0.800186
DS.d797.s0.i0 1.000000 0.646611
DS.d659.s0.i0 1.000000 1.046299
DS.d791.s0.i0 1.000000 0.705484
DS.d129.s0.i0 1.000000 0.619865
DS.d793.s1.i0 1.000000 0.869407
DS.d793.s1.i1 1.000000 0.630788
DS.d793.s0.i1 1.000000 0.848959
DS.d793.s0.i0 1.000000 0.997218
DS.d497.s0.i0 1.000000 0.822659
DS.d497.s1.i1 1.000000 0.698521
DS.d497.s1.i0 1.000000 0.737152
DS.d496.s1.i0 1.000000 0.944918
DS.d496.s0.i1 -1.000000 -0.671214
DS.d496.s0.i0 -1.000000 -0.721789
DS.d495.s0.i0 1.000000 0.649179
DS.d494.s0.i1 1.000000 1.074502
DS.d494.s0.i0 1.000000 1.068838
DS.d493.s0.i2 1.000000 0.855604
DS.d493.s0.i0 1.000000 0.881254
DS.d493.s0.i1 1.000000 0.960244
DS.d493.s1.i0 1.000000 0.818376
DS.d491.s0.i0 1.000000 0.766044
DS.d491.s0.i1 1.000000 0.901143
DS.d491.s1.i0 -1.000000 0.265234
DS.d490.s0.i1 1.000000 0.729318
DS.d490.s0.i0 1.000000 0.729318
DS.d556.s0.i0 -1.000000 -0.503219
DS.d557.s0.i0 1.000000 0.772741
DS.d554.s0.i0 1.000000 0.756151
DS.d554.s0.i1 1.000000 0.574969
DS.d554.s0.i2 1.000000 0.732225
DS.d552.s0.i2 1.000000 1.022569
DS.d552.s0.i3 1.000000 0.920411
DS.d552.s0.i0 1.000000 0.958881
DS.d552.s0.i1 1.000000 1.044559
DS.d553.s0.i1 1.000000 0.960749
DS.d553.s0.i0 1.000000 1.104919
DS.d499.s0.i0 1.000000 0.755623
DS.d499.s0.i1 1.000000 0.773406
DS.d551.s0.i0 1.000000 0.888226
DS.d629.s1.i0 1.000000 0.765883
DS.d629.s1.i1 1.000000 0.837675
DS.d629.s0.i1 1.000000 0.884491
DS.d629.s0.i0 1.000000 0.761717
DS.d485.s0.i1 1.000000 0.217730
DS.d485.s0.i0 1.000000 0.235376
DS.d486.s0.i16 -1.000000 -1.053668
DS.d486.s0.i17 -1.000000 -0.905192
DS.d486.s0.i14 -1.000000 -0.949953
DS.d486.s0.i15 -1.000000 -1.037865
DS.d486.s0.i12 -1.000000 -0.985139
DS.d486.s0.i13 -1.000000 -0.911224
DS.d486.s0.i10 -1.000000 -1.100574
DS.d486.s0.i11 -1.000000 -0.968075
DS.d486.s0.i18 -1.000000 -1.033041
DS.d486.s0.i19 -1.000000 -1.098072
DS.d486.s0.i4 -1.000000 -0.980509
DS.d486.s0.i5 -1.000000 -1.080367
DS.d486.s0.i6 -1.000000 -1.005757
DS.d486.s0.i7 -1.000000 -0.992199
DS.d486.s0.i0 -1.000000 -1.023575
DS.d486.s0.i1 -1.000000 -0.909061
DS.d486.s0.i2 -1.000000 -0.851220
DS.d486.s0.i3 -1.000000 -1.075154
DS.d486.s0.i8 -1.000000 -1.066830
DS.d486.s0.i9 -1.000000 -1.012421
DS.d486.s0.i29 -1.000000 -0.982873
DS.d486.s0.i28 -1.000000 -0.965593
DS.d486.s0.i27 -1.000000 -0.826392
DS.d486.s0.i26 -1.000000 -0.952316
DS.d486.s0.i25 -1.000000 -0.969266
DS.d486.s0.i24 -1.000000 -0.927653
DS.d486.s0.i23 -1.000000 -0.960155
DS.d486.s0.i22 -1.000000 -1.033181
DS.d486.s0.i21 -1.000000 -0.912513
DS.d486.s0.i20 -1.000000 -1.017800
DS.d486.s0.i30 -1.000000 -0.963767
DS.d486.s0.i31 -1.000000 -1.049997
DS.d486.s0.i32 -1.000000 -0.950098
DS.d486.s0.i33 -1.000000 -0.882275
DS.d486.s0.i34 -1.000000 -1.022443
DS.d486.s0.i35 -1.000000 -1.012533
DS.d486.s1.i1 1.000000 0.272637
DS.d486.s1.i0 1.000000 0.229063
DS.d487.s0.i1 1.000000 0.382112
DS.d487.s0.i0 1.000000 0.332734
DS.d487.s0.i2 -1.000000 0.354785
DS.d481.s0.i1 1.000000 0.801251
DS.d481.s0.i0 1.000000 0.811628
DS.d721.s0.i2 -1.000000 -0.220269
DS.d721.s0.i3 1.000000 -0.269800
DS.d721.s0.i0 -1.000000 -0.297892
DS.d721.s0.i1 -1.000000 -0.306522
DS.d721.s0.i4 -1.000000 -0.237391
DS.d721.s0.i5 1.000000 -0.370783
DS.d512.s0.i0 -1.000000 -0.039259
DS.d512.s0.i1 -1.000000 -0.017203
DS.d512.s1.i0 -1.000000 -0.375597
DS.d512.s2.i0 1.000000 0.729430
DS.d512.s2.i1 1.000000 0.799950
DS.d723.s0.i0 1.000000 0.662338
DS.d725.s0.i0 1.000000 1.096779
DS.d725.s1.i1 1.000000 1.042376
DS.d725.s1.i0 1.000000 1.042376
DS.d725.s1.i2 1.000000 0.938867
DS.d724.s0.i2 1.000000 0.253208
DS.d724.s0.i1 1.000000 1.160403
DS.d724.s0.i0 1.000000 0.972604
DS.d727.s0.i0 1.000000 0.660209
DS.d698.s1.i0 1.000000 0.228426
DS.d698.s0.i0 1.000000 0.856403
DS.d729.s0.i0 -1.000000 0.188715
DS.d728.s0.i0 1.000000 0.769310
DS.d483.s1.i0 1.000000 0.817371
DS.d483.s0.i0 -1.000000 -0.434580
DS.d169.s0.i0 1.000000 1.183960
DS.d169.s0.i1 1.000000 1.056769
DS.d169.s1.i5 1.000000 1.027206
DS.d169.s1.i4 1.000000 0.932282
DS.d169.s1.i3 1.000000 0.850418
DS.d169.s1.i2 1.000000 0.943613
DS.d169.s1.i1 1.000000 1.002189
DS.d169.s1.i0 1.000000 0.913656
DS.d50.s0.i0 1.000000 0.943308
DS.d51.s0.i2 -1.000000 -0.763771
DS.d51.s0.i1 -1.000000 -0.597376
DS.d51.s0.i0 -1.000000 -0.727619
DS.d52.s2.i0 1.000000 0.818543
DS.d52.s0.i0 1.000000 0.500033
DS.d52.s1.i0 1.000000 0.770032
DS.d511.s0.i1 -1.000000 -0.799750
DS.d511.s0.i0 -1.000000 -0.637993
DS.d54.s0.i0 -1.000000 -0.425845
DS.d55.s0.i0 1.000000 0.777491
DS.d56.s0.i0 1.000000 0.610709
DS.d57.s0.i0 1.000000 0.881406
DS.d58.s0.i0 -1.000000 -0.344523
DS.d58.s1.i1 1.000000 0.755982
DS.d58.s1.i0 1.000000 0.391145
DS.d58.s2.i0 1.000000 1.162757
DS.d58.s3.i0 1.000000 0.728110
DS.d59.s0.i39 -1.000000 -1.019224
DS.d59.s0.i28 -1.000000 -1.061058
DS.d59.s0.i29 -1.000000 -0.967277
DS.d59.s0.i40 -1.000000 -0.900498
DS.d59.s0.i38 -1.000000 -1.080816
DS.d59.s0.i22 -1.000000 -1.070717
DS.d59.s0.i23 -1.000000 -1.034928
DS.d59.s0.i20 -1.000000 -1.043227
DS.d59.s0.i21 -1.000000 -1.054537
DS.d59.s0.i26 -1.000000 -1.028957
DS.d59.s0.i27 -1.000000 -0.954622
DS.d59.s0.i24 -1.000000 -0.978351
DS.d59.s0.i25 -1.000000 -0.907522
DS.d59.s0.i43 -1.000000 -0.926738
DS.d59.s0.i44 -1.000000 -1.021694
DS.d59.s0.i42 -1.000000 -0.919864
DS.d59.s0.i17 -1.000000 -0.896345
DS.d59.s0.i16 -1.000000 -0.959903
DS.d59.s0.i15 -1.000000 -0.884956
DS.d59.s0.i14 -1.000000 -1.008240
DS.d59.s0.i13 -1.000000 -0.973191
DS.d59.s0.i12 -1.000000 -0.886961
DS.d59.s0.i11 -1.000000 -0.911278
DS.d59.s0.i10 -1.000000 -1.012367
DS.d59.s0.i31 -1.000000 -0.998396
DS.d59.s0.i30 -1.000000 -1.047174
DS.d59.s0.i33 -1.000000 -1.072066
DS.d59.s0.i32 -1.000000 -1.027957
DS.d59.s0.i35 -1.000000 -1.058692
DS.d59.s0.i34 -1.000000 -0.939070
DS.d59.s0.i19 -1.000000 -0.858058
DS.d59.s0.i18 -1.000000 -0.994424
DS.d59.s0.i37 -1.000000 -1.040502
DS.d59.s0.i36 -1.000000 -1.063548
DS.d59.s0.i41 -1.000000 -1.031022
DS.d59.s0.i3 -1.000000 -0.950666
DS.d59.s0.i2 -1.000000 -0.924493
DS.d59.s0.i1 -1.000000 -0.966612
DS.d59.s0.i0 -1.000000 -1.041388
DS.d59.s0.i7 -1.000000 -1.087798
DS.d59.s0.i6 -1.000000 -1.005314
DS.d59.s0.i5 -1.000000 -0.871245
DS.d59.s0.i4 -1.000000 -1.076461
DS.d59.s0.i9 -1.000000 -0.932230
DS.d59.s0.i8 -1.000000 -1.093378
DS.d233.s0.i0 1.000000 0.737374
DS.d232.s2.i0 -1.000000 -0.749929
DS.d232.s1.i0 1.000000 0.884485
DS.d232.s1.i1 1.000000 0.872836
DS.d232.s1.i2 1.000000 0.841464
DS.d232.s1.i3 1.000000 0.921976
DS.d232.s0.i3 1.000000 0.886044
DS.d232.s0.i2 1.000000 0.809867
DS.d232.s0.i1 1.000000 0.943417
DS.d232.s0.i0 1.000000 0.817573
DS.d232.s0.i5 1.000000 0.965560
DS.d232.s0.i4 1.000000 0.977317
DS.d231.s0.i0 -1.000000 0.035949
DS.d230.s0.i1 1.000000 0.951726
DS.d230.s0.i0 1.000000 0.966647
DS.d230.s0.i3 1.000000 0.945757
DS.d230.s0.i2 1.000000 0.971918
DS.d237.s0.i8 1.000000 1.008343
DS.d237.s0.i9 1.000000 0.901035
DS.d237.s0.i6 1.000000 1.021255
DS.d237.s0.i7 1.000000 1.011213
DS.d237.s0.i4 1.000000 0.921272
DS.d237.s0.i5 1.000000 0.885373
DS.d237.s0.i2 1.000000 0.893091
DS.d237.s0.i3 1.000000 1.062924
DS.d237.s0.i0 1.000000 1.012775
DS.d237.s0.i1 1.000000 1.042051
DS.d237.s0.i10 1.000000 0.905056
DS.d237.s0.i11 1.000000 0.875954
DS.d237.s0.i12 1.000000 0.884734
DS.d237.s0.i13 1.000000 0.897035
DS.d236.s0.i2 -1.000000 -0.920958
DS.d236.s0.i1 -1.000000 -0.849777
DS.d236.s0.i0 -1.000000 -0.489151
DS.d235.s0.i0 1.000000 1.044374
DS.d235.s1.i1 1.000000 0.917770
DS.d235.s1.i0 1.000000 0.794836
DS.d234.s0.i0 1.000000 0.895162
DS.d332.s0.i0 1.000000 0.376716
DS.d333.s0.i0 1.000000 0.715560
DS.d330.s0.i0 1.000000 0.518068
DS.d330.s0.i1 1.000000 0.518068
DS.d238.s0.i0 -1.000000 -0.389811
DS.d336.s0.i0 1.000000 0.759967
DS.d337.s0.i1 1.000000 0.961711
DS.d337.s0.i0 1.000000 0.898756
DS.d334.s0.i0 1.000000 0.853916
DS.d334.s1.i0 -1.000000 -0.541251
DS.d335.s0.i0 1.000000 0.773329
DS.d691.s0.i0 1.000000 0.324921
DS.d690.s6.i0 -1.000000 -0.368900
DS.d690.s5.i0 1.000000 0.872029
DS.d690.s5.i1 1.000000 0.775373
DS.d690.s5.i2 1.000000 1.077834
DS.d690.s5.i3 1.000000 0.880736
DS.d690.s4.i0 -1.000000 -0.737743
DS.d690.s3.i0 1.000000 0.979226
DS.d690.s2.i0 1.000000 0.654075
DS.d690.s1.i0 1.000000 0.994952
DS.d690.s0.i0 1.000000 0.761648
DS.d518.s0.i0 1.000000 1.162491
DS.d692.s0.i1 1.000000 0.811081
DS.d692.s0.i0 1.000000 0.841799
DS.d695.s0.i0 1.000000 0.805781
DS.d695.s0.i1 1.000000 0.836656
DS.d695.s1.i1 -1.000000 -0.602736
DS.d695.s1.i0 -1.000000 -0.390306
DS.d695.s1.i2 -1.000000 -0.941177
DS.d695.s2.i0 1.000000 0.789180
DS.d695.s2.i1 1.000000 0.628039
DS.d166.s0.i0 1.000000 0.637748
DS.d697.s0.i0 1.000000 0.912626
DS.d697.s0.i1 1.000000 0.929455
DS.d697.s0.i2 1.000000 0.806379
DS.d697.s0.i3 1.000000 0.912848
DS.d696.s1.i0 1.000000 0.406944
DS.d696.s1.i1 -1.000000 0.006989
DS.d696.s0.i1 1.000000 0.576732
DS.d696.s0.i0 1.000000 0.117664
DS.d696.s0.i3 1.000000 0.206698
DS.d696.s0.i2 -1.000000 0.182848
DS.d696.s0.i5 -1.000000 0.116443
DS.d696.s0.i4 1.000000 0.673816
DS.d696.s3.i0 1.000000 0.363762
DS.d696.s3.i1 1.000000 0.709949
DS.d696.s3.i2 -1.000000 0.641137
DS.d696.s2.i0 1.000000 1.112207
DS.d696.s5.i2 -1.000000 0.297533
DS.d696.s5.i0 1.000000 0.603811
DS.d696.s5.i1 1.000000 0.317275
DS.d696.s4.i0 1.000000 1.121299
DS.d426.s0.i0 1.000000 0.661737
DS.d427.s0.i1 1.000000 0.345328
DS.d427.s0.i0 1.000000 0.257219
DS.d424.s0.i0 1.000000 0.739110
DS.d422.s0.i2 1.000000 1.044653
DS.d422.s0.i0 1.000000 0.924003
DS.d422.s0.i1 1.000000 0.794993
DS.d422.s1.i1 1.000000 0.924817
DS.d422.s1.i0 1.000000 0.865992
DS.d422.s1.i2 1.000000 0.737812
DS.d423.s1.i0 -1.000000 0.201173
DS.d423.s1.i1 1.000000 0.418743
DS.d423.s0.i1 1.000000 1.001630
DS.d423.s0.i0 1.000000 0.981408
DS.d420.s0.i0 1.000000 0.773461
DS.d420.s1.i0 1.000000 0.682039
DS.d421.s1.i0 1.000000 0.621398
DS.d421.s0.i0 -1.000000 0.316682
DS.d585.s0.i2 -1.000000 -0.751210
DS.d585.s0.i0 -1.000000 -0.763138
DS.d585.s0.i1 -1.000000 -0.832166
DS.d584.s0.i0 -1.000000 0.092926
DS.d587.s0.i0 1.000000 0.885352
DS.d586.s0.i0 1.000000 1.024883
DS.d581.s0.i2 1.000000 -0.161009
DS.d581.s0.i0 -1.000000 -0.230773
DS.d581.s0.i1 -1.000000 -0.247175
DS.d581.s1.i1 -1.000000 -0.389135
DS.d581.s1.i0 -1.000000 -0.882612
DS.d581.s1.i2 -1.000000 -0.893641
DS.d581.s2.i0 1.000000 0.742769
DS.d581.s2.i1 1.000000 0.859604
DS.d580.s0.i1 1.000000 0.774092
DS.d580.s0.i0 1.000000 0.675886
DS.d428.s2.i0 -1.000000 0.070276
DS.d428.s2.i1 1.000000 0.113802
DS.d428.s0.i0 1.000000 0.723495
DS.d428.s0.i1 1.000000 0.812312
DS.d428.s0.i2 1.000000 0.947121
DS.d428.s0.i3 1.000000 0.726797
DS.d428.s1.i3 -1.000000 -0.071661
DS.d428.s1.i2 1.000000 0.353424
DS.d428.s1.i1 -1.000000 0.086240
DS.d428.s1.i0 1.000000 0.208419
DS.d429.s0.i1 -1.000000 -0.585445
DS.d429.s0.i0 -1.000000 -0.429391
DS.d348.s0.i0 -1.000000 -0.450471
DS.d347.s0.i0 1.000000 0.735722
DS.d347.s1.i5 -1.000000 -0.867500
DS.d347.s1.i4 -1.000000 -0.975361
DS.d347.s1.i1 -1.000000 -0.920119
DS.d347.s1.i0 -1.000000 -0.831782
DS.d347.s1.i3 -1.000000 -0.948112
DS.d347.s1.i2 -1.000000 -0.826605
DS.d346.s1.i0 -1.000000 -0.620808
DS.d346.s1.i1 -1.000000 -0.409569
DS.d346.s0.i0 1.000000 0.807924
DS.d345.s2.i2 1.000000 0.924629
DS.d345.s2.i3 1.000000 0.897012
DS.d345.s2.i0 1.000000 0.923024
DS.d345.s2.i1 1.000000 0.947698
DS.d345.s3.i1 1.000000 1.145937
DS.d345.s3.i0 1.000000 0.858977
DS.d345.s3.i2 1.000000 1.006706
DS.d345.s0.i0 1.000000 0.926034
DS.d345.s1.i1 1.000000 0.789271
DS.d345.s1.i0 1.000000 0.815729
DS.d344.s0.i0 -1.000000 -0.580384
DS.d343.s0.i0 1.000000 0.841813
DS.d343.s0.i1 1.000000 0.841813
DS.d342.s0.i1 -1.000000 -0.627249
DS.d342.s0.i0 -1.000000 -0.627249
DS.d341.s2.i0 1.000000 0.957579
DS.d341.s2.i1 1.000000 0.649030
DS.d341.s0.i0 1.000000 1.000919
DS.d341.s0.i1 1.000000 0.928882
DS.d341.s1.i1 1.000000 0.896205
DS.d341.s1.i0 1.000000 0.762509
DS.d340.s0.i0 -1.000000 -0.641510
DS.d699.s0.i0 1.000000 0.911770
DS.d699.s0.i1 1.000000 0.911770
DS.d699.s1.i1 -1.000000 -0.683085
DS.d699.s1.i0 1.000000 0.032642
DS.d699.s1.i2 -1.000000 -0.672293
DS.d699.s2.i0 1.000000 0.500048
DS.d513.s0.i0 1.000000 0.485321
DS.d510.s2.i0 1.000000 0.948285
DS.d510.s0.i0 1.000000 1.027346
DS.d510.s0.i1 1.000000 1.096266
DS.d510.s1.i0 1.000000 0.661450
DS.d168.s0.i0 1.000000 0.962320
DS.d516.s0.i0 1.000000 0.725597
DS.d516.s0.i1 1.000000 0.656704
DS.d517.s0.i1 1.000000 0.794791
DS.d517.s0.i0 1.000000 0.733478
DS.d514.s0.i0 1.000000 0.699730
DS.d514.s1.i0 -1.000000 -0.423530
DS.d515.s1.i0 -1.000000 -0.500899
DS.d515.s1.i1 -1.000000 -0.572433
DS.d515.s0.i1 -1.000000 -0.648914
DS.d515.s0.i0 -1.000000 -0.689648
DS.d163.s0.i2 1.000000 0.817482
DS.d163.s0.i0 1.000000 0.823668
DS.d163.s0.i1 1.000000 0.952911
DS.d162.s1.i0 1.000000 0.593945
DS.d162.s0.i0 1.000000 0.854648
DS.d161.s0.i4 1.000000 0.957761
DS.d161.s0.i5 1.000000 0.836711
DS.d161.s0.i0 1.000000 0.902820
DS.d161.s0.i1 1.000000 0.914389
DS.d161.s0.i2 1.000000 0.871690
DS.d161.s0.i3 1.000000 0.884130
DS.d519.s1.i0 1.000000 0.886601
DS.d519.s0.i1 1.000000 0.868799
DS.d519.s0.i0 1.000000 0.891438
DS.d519.s0.i3 1.000000 0.904367
DS.d519.s0.i2 1.000000 0.908687
DS.d519.s2.i1 -1.000000 0.149607
DS.d519.s2.i0 1.000000 0.058954
DS.d167.s0.i0 1.000000 0.974627
DS.d694.s0.i2 1.000000 0.524618
DS.d694.s0.i1 -1.000000 0.280113
DS.d694.s0.i0 1.000000 0.500478
DS.d165.s6.i4 1.000000 0.984827
DS.d165.s6.i5 1.000000 0.973681
DS.d165.s6.i2 1.000000 0.968904
DS.d165.s6.i3 1.000000 0.894445
DS.d165.s6.i0 1.000000 0.991665
DS.d165.s6.i1 1.000000 0.930669
DS.d165.s4.i0 1.000000 0.885145
DS.d165.s4.i1 1.000000 0.859769
DS.d165.s5.i3 1.000000 0.288942
DS.d165.s5.i2 -1.000000 -0.197512
DS.d165.s5.i1 1.000000 0.299695
DS.d165.s5.i0 -1.000000 -0.189974
DS.d165.s2.i2 1.000000 0.937955
DS.d165.s2.i3 1.000000 0.890498
DS.d165.s2.i0 1.000000 0.880745
DS.d165.s2.i1 1.000000 0.889344
DS.d165.s3.i1 -1.000000 -0.493924
DS.d165.s3.i0 -1.000000 -0.682568
DS.d165.s3.i2 -1.000000 -0.693146
DS.d165.s0.i0 -1.000000 -0.445135
DS.d165.s0.i1 -1.000000 -0.264748
DS.d165.s0.i2 -1.000000 -0.856014
DS.d165.s0.i3 -1.000000 -0.669223
DS.d165.s0.i4 1.000000 0.112726
DS.d165.s0.i5 1.000000 0.596538
DS.d165.s1.i3 1.000000 0.952308
DS.d165.s1.i2 1.000000 0.879887
DS.d165.s1.i1 1.000000 0.889377
DS.d165.s1.i0 1.000000 0.888845
DS.d165.s1.i5 1.000000 0.852968
DS.d165.s1.i4 1.000000 0.903640
DS.d164.s0.i1 -1.000000 -0.945449
DS.d164.s0.i0 -1.000000 -0.239834
DS.d164.s0.i2 -1.000000 -0.842825
DS.d196.s0.i2 1.000000 0.995819
DS.d196.s0.i3 1.000000 0.946567
DS.d196.s0.i0 1.000000 0.684087
DS.d196.s0.i1 1.000000 0.996404
DS.d196.s1.i0 -1.000000 -0.372518
DS.d197.s0.i1 1.000000 0.871096
DS.d197.s0.i0 1.000000 1.097205
DS.d195.s0.i0 -1.000000 -0.482144
DS.d192.s0.i0 1.000000 0.855566
DS.d193.s1.i0 1.000000 0.696945
DS.d193.s0.i0 1.000000 0.717386
DS.d190.s0.i0 1.000000 0.847040
DS.d191.s0.i0 -1.000000 -0.613712
DS.d199.s0.i1 1.000000 0.824147
DS.d199.s0.i0 1.000000 0.803575
DS.d707.s0.i0 1.000000 0.906019
DS.d707.s0.i1 1.000000 0.858110
DS.d707.s1.i0 1.000000 0.567372
DS.d706.s0.i0 1.000000 0.045686
DS.d705.s0.i0 1.000000 0.830915
DS.d765.s0.i2 -1.000000 -0.860056
DS.d765.s0.i3 -1.000000 -0.718731
DS.d765.s0.i0 -1.000000 -0.956419
DS.d765.s0.i1 -1.000000 -0.654451
DS.d765.s1.i1 -1.000000 -0.815401
DS.d765.s1.i0 -1.000000 -0.727343
DS.d765.s1.i3 -1.000000 -0.815401
DS.d765.s1.i2 -1.000000 -0.727343
DS.d764.s0.i3 -1.000000 -0.924836
DS.d764.s0.i2 -1.000000 -0.806499
DS.d764.s0.i1 -1.000000 -0.850656
DS.d764.s0.i0 -1.000000 -0.949784
DS.d764.s0.i5 -1.000000 -0.695661
DS.d764.s0.i4 -1.000000 -0.823166
DS.d767.s0.i0 1.000000 0.801332
DS.d766.s0.i1 -1.000000 -0.763826
DS.d766.s0.i0 -1.000000 -1.093835
DS.d766.s0.i3 -1.000000 -0.442544
DS.d766.s0.i2 -1.000000 -0.757204
DS.d760.s1.i0 1.000000 0.643526
DS.d760.s0.i0 -1.000000 0.286673
DS.d763.s2.i0 1.000000 0.858320
DS.d763.s0.i0 -1.000000 -0.160064
DS.d763.s0.i1 1.000000 0.400469
DS.d763.s1.i1 1.000000 0.704166
DS.d763.s1.i0 1.000000 0.953227
DS.d762.s1.i0 1.000000 0.634374
DS.d762.s0.i1 1.000000 0.708528
DS.d762.s0.i0 1.000000 0.735882
DS.d762.s3.i4 1.000000 0.356125
DS.d762.s3.i5 -1.000000 -0.307022
DS.d762.s3.i6 -1.000000 -0.287264
DS.d762.s3.i7 -1.000000 -0.306432
DS.d762.s3.i0 1.000000 0.257675
DS.d762.s3.i1 1.000000 0.530328
DS.d762.s3.i2 1.000000 0.477358
DS.d762.s3.i3 -1.000000 -0.318043
DS.d762.s2.i1 1.000000 0.739038
DS.d762.s2.i0 1.000000 0.771635
DS.d762.s4.i1 1.000000 0.899214
DS.d762.s4.i0 1.000000 0.895575
DS.d762.s4.i3 1.000000 0.960355
DS.d762.s4.i2 1.000000 0.842103
DS.d703.s0.i0 1.000000 0.983709
DS.d769.s0.i0 1.000000 0.273138
DS.d768.s0.i1 1.000000 0.910748
DS.d768.s0.i0 1.000000 0.795341
DS.d702.s0.i2 1.000000 0.940566
DS.d702.s0.i1 1.000000 0.906238
DS.d702.s0.i0 1.000000 0.742771
DS.d14.s0.i2 -1.000000 -0.867363
DS.d14.s0.i3 -1.000000 -0.838596
DS.d14.s0.i0 -1.000000 -0.691892
DS.d14.s0.i1 -1.000000 -0.636425
DS.d14.s1.i1 -1.000000 -0.834719
DS.d14.s1.i0 -1.000000 -0.771441
DS.d15.s0.i2 1.000000 0.815897
DS.d15.s0.i1 1.000000 0.884233
DS.d15.s0.i0 1.000000 1.385476
DS.d16.s0.i0 1.000000 1.172786
DS.d17.s1.i0 -1.000000 0.375672
DS.d17.s0.i1 -1.000000 -0.542428
DS.d17.s0.i0 -1.000000 -0.826094
DS.d10.s0.i0 -1.000000 -0.627267
DS.d11.s0.i1 1.000000 0.832188
DS.d11.s0.i0 1.000000 0.626435
DS.d12.s0.i0 -1.000000 -0.716502
DS.d13.s4.i1 -1.000000 0.054651
DS.d13.s4.i0 1.000000 0.292190
DS.d13.s1.i0 1.000000 0.756992
DS.d13.s0.i1 1.000000 0.933558
DS.d13.s0.i0 1.000000 0.873519
DS.d13.s3.i0 -1.000000 -0.052856
DS.d13.s3.i1 -1.000000 -0.035543
DS.d13.s2.i2 1.000000 1.031859
DS.d13.s2.i1 1.000000 0.916503
DS.d13.s2.i0 1.000000 0.941939
DS.d606.s0.i0 -1.000000 -0.492457
DS.d607.s0.i2 -1.000000 0.137808
DS.d607.s0.i1 1.000000 0.380523
DS.d607.s0.i0 1.000000 0.410537
DS.d604.s0.i0 1.000000 0.887220
DS.d605.s1.i2 1.000000 0.593775
DS.d605.s1.i0 -1.000000 -0.028307
DS.d605.s1.i1 1.000000 0.253406
DS.d605.s0.i4 -1.000000 -0.518857
DS.d605.s0.i1 -1.000000 -0.500238
DS.d605.s0.i0 1.000000 0.537435
DS.d605.s0.i3 -1.000000 -0.519985
DS.d605.s0.i2 1.000000 0.458399
DS.d18.s0.i0 1.000000 0.827650
DS.d19.s0.i1 1.000000 1.053343
DS.d19.s0.i0 1.000000 1.033820
DS.d569.s0.i0 1.000000 0.528612
DS.d569.s0.i1 -1.000000 -0.139933
DS.d568.s1.i0 1.000000 0.897182
DS.d568.s0.i1 1.000000 0.884733
DS.d568.s0.i0 1.000000 0.851060
DS.d568.s0.i3 1.000000 0.935632
DS.d568.s0.i2 1.000000 0.912462
DS.d568.s0.i4 1.000000 0.899078
DS.d568.s2.i0 1.000000 0.308273
DS.d3.s1.i0 1.000000 0.707297
DS.d3.s1.i1 1.000000 0.793027
DS.d3.s0.i2 1.000000 1.164096
DS.d3.s0.i1 1.000000 1.164096
DS.d3.s0.i0 1.000000 0.772586
DS.d0.s0.i0 1.000000 1.116667
DS.d0.s1.i1 1.000000 0.211809
DS.d0.s1.i0 -1.000000 -0.131372
DS.d443.s1.i2 1.000000 0.201721
DS.d443.s1.i0 -1.000000 0.019007
DS.d443.s1.i1 -1.000000 -0.203133
DS.d443.s0.i1 1.000000 0.689667
DS.d443.s0.i0 1.000000 0.669448
DS.d443.s2.i2 1.000000 1.112416
DS.d443.s2.i1 1.000000 0.670563
DS.d443.s2.i0 1.000000 0.965171
DS.d7.s2.i1 -1.000000 0.471590
DS.d7.s2.i0 -1.000000 0.348077
DS.d7.s1.i0 1.000000 0.660720
DS.d7.s1.i1 1.000000 0.982430
DS.d7.s0.i3 1.000000 0.997339
DS.d7.s0.i2 1.000000 1.062497
DS.d7.s0.i1 1.000000 1.051343
DS.d7.s0.i0 1.000000 1.006535
DS.d4.s0.i0 1.000000 0.803143
DS.d4.s0.i1 1.000000 0.730763
DS.d5.s0.i1 1.000000 0.866704
DS.d5.s0.i0 1.000000 0.852428
DS.d5.s0.i2 1.000000 0.869995
DS.d737.s1.i0 -1.000000 -0.252074
DS.d737.s1.i1 1.000000 0.279080
DS.d737.s0.i2 -1.000000 -0.766183
DS.d737.s0.i1 -1.000000 -0.539078
DS.d737.s0.i0 -1.000000 -0.758460
DS.d303.s0.i0 1.000000 0.456703
DS.d303.s0.i1 -1.000000 -0.245386
DS.d302.s0.i0 1.000000 0.931060
DS.d301.s0.i0 1.000000 0.745942
DS.d301.s0.i1 1.000000 0.674072
DS.d300.s1.i0 -1.000000 -0.119867
DS.d300.s0.i0 1.000000 0.639228
DS.d307.s0.i0 1.000000 0.860689
DS.d307.s1.i0 1.000000 0.794365
DS.d306.s3.i0 1.000000 0.417347
DS.d306.s2.i0 -1.000000 0.357065
DS.d306.s1.i4 1.000000 0.909269
DS.d306.s1.i5 1.000000 0.965211
DS.d306.s1.i0 1.000000 0.892490
DS.d306.s1.i1 1.000000 0.919331
DS.d306.s1.i2 1.000000 0.992907
DS.d306.s1.i3 1.000000 0.952533
DS.d306.s0.i1 -1.000000 -0.399084
DS.d306.s0.i0 1.000000 0.498182
DS.d306.s4.i1 1.000000 0.785078
DS.d306.s4.i0 1.000000 0.686652
DS.d305.s0.i0 1.000000 0.960100
DS.d305.s0.i1 1.000000 0.700586
DS.d305.s0.i2 1.000000 1.018788
DS.d305.s0.i3 1.000000 0.668320
DS.d304.s0.i0 -1.000000 -0.406046
DS.d462.s0.i0 1.000000 0.795583
DS.d462.s0.i1 1.000000 0.732081
DS.d309.s2.i0 1.000000 0.854876
DS.d309.s2.i1 1.000000 0.736734
DS.d309.s0.i0 1.000000 0.877883
DS.d309.s1.i2 -1.000000 -0.675325
DS.d309.s1.i1 -1.000000 -0.755909
DS.d309.s1.i0 -1.000000 -0.756330
DS.d308.s5.i0 1.000000 1.064360
DS.d308.s5.i1 1.000000 1.064360
DS.d308.s4.i1 1.000000 0.894675
DS.d308.s4.i0 1.000000 0.894675
DS.d308.s1.i2 1.000000 0.809137
DS.d308.s1.i0 1.000000 0.887190
DS.d308.s1.i1 1.000000 0.936639
DS.d308.s0.i1 1.000000 0.996318
DS.d308.s0.i0 1.000000 1.035115
DS.d308.s3.i0 1.000000 1.095272
DS.d308.s3.i1 1.000000 1.194270
DS.d308.s2.i0 1.000000 0.691601
DS.d467.s0.i0 1.000000 0.884298
DS.d464.s0.i0 1.000000 0.972185
DS.d464.s0.i1 1.000000 1.037300
DS.d464.s0.i2 1.000000 0.932225
DS.d464.s0.i3 1.000000 0.911615
DS.d464.s1.i0 1.000000 0.759857
DS.d465.s0.i1 1.000000 0.888011
DS.d465.s0.i0 1.000000 0.875371
DS.d465.s0.i2 1.000000 0.937596
DS.d634.s0.i5 1.000000 0.948298
DS.d634.s0.i4 1.000000 1.006425
DS.d634.s0.i7 1.000000 0.931222
DS.d634.s0.i6 1.000000 0.941940
DS.d634.s0.i1 1.000000 0.994274
DS.d634.s0.i0 1.000000 0.930544
DS.d634.s0.i3 1.000000 0.990614
DS.d634.s0.i2 1.000000 0.883072
DS.d268.s0.i0 1.000000 0.823293
DS.d268.s0.i1 1.000000 0.809662
DS.d269.s2.i1 -1.000000 -0.774534
DS.d269.s2.i0 -1.000000 -0.630560
DS.d269.s2.i3 -1.000000 -0.840633
DS.d269.s2.i2 1.000000 0.390576
DS.d269.s2.i5 -1.000000 -0.518861
DS.d269.s2.i4 1.000000 0.355400
DS.d269.s2.i7 -1.000000 -0.751840
DS.d269.s2.i6 -1.000000 -0.797017
DS.d269.s1.i0 1.000000 0.466285
DS.d269.s1.i1 1.000000 0.257817
DS.d269.s1.i2 -1.000000 -0.187686
DS.d269.s0.i0 1.000000 0.829308
DS.d264.s0.i0 1.000000 0.540199
DS.d264.s0.i1 1.000000 1.031035
DS.d264.s1.i0 1.000000 0.400875
DS.d265.s1.i0 1.000000 1.006713
DS.d265.s1.i1 1.000000 0.938680
DS.d265.s1.i2 1.000000 0.929660
DS.d265.s1.i3 1.000000 0.947420
DS.d265.s0.i1 -1.000000 -0.439748
DS.d265.s0.i0 1.000000 0.810790
DS.d266.s0.i0 1.000000 0.572395
DS.d267.s0.i0 1.000000 0.800182
DS.d260.s0.i2 -1.000000 0.112579
DS.d260.s0.i0 1.000000 0.406834
DS.d260.s0.i1 1.000000 0.404511
DS.d260.s1.i1 1.000000 0.140033
DS.d260.s1.i0 -1.000000 0.140033
DS.d261.s0.i0 1.000000 0.944853
DS.d369.s0.i0 1.000000 0.716038
DS.d369.s1.i0 1.000000 0.480463
DS.d631.s0.i0 1.000000 0.662134
DS.d631.s0.i1 1.000000 0.837981
DS.d368.s0.i0 -1.000000 -0.464158
DS.d630.s0.i1 -1.000000 -0.788831
DS.d630.s0.i0 -1.000000 -0.433188
DS.d736.s0.i0 1.000000 0.800340
DS.d823.s0.i0 -1.000000 0.249801
DS.d174.s0.i2 -1.000000 -1.062555
DS.d174.s0.i3 -1.000000 -1.049593
DS.d174.s0.i0 -1.000000 -1.162037
DS.d174.s0.i1 -1.000000 -0.708741
DS.d734.s0.i0 1.000000 0.998434
DS.d734.s0.i1 1.000000 0.882439
DS.d734.s0.i2 1.000000 0.851653
DS.d734.s0.i3 1.000000 0.951788
DS.d735.s1.i0 1.000000 0.973813
DS.d735.s1.i1 1.000000 0.871691
DS.d735.s0.i0 1.000000 1.159730
DS.d735.s3.i0 -1.000000 -0.492032
DS.d735.s2.i1 -1.000000 -0.258220
DS.d735.s2.i0 1.000000 0.576844
DS.d732.s0.i2 1.000000 0.267447
DS.d732.s0.i0 -1.000000 0.466839
DS.d732.s0.i1 1.000000 0.281735
DS.d639.s0.i0 -1.000000 -0.789444
DS.d419.s0.i0 -1.000000 0.394807
DS.d418.s0.i1 1.000000 1.091391
DS.d418.s0.i0 1.000000 0.640720
DS.d417.s0.i0 1.000000 0.479323
DS.d416.s0.i0 1.000000 0.001182
DS.d638.s0.i1 1.000000 0.863389
DS.d638.s0.i0 1.000000 0.864213
DS.d638.s0.i3 1.000000 0.834756
DS.d638.s0.i2 1.000000 0.853983
DS.d413.s0.i2 1.000000 0.270749
DS.d413.s0.i3 1.000000 0.179696
DS.d413.s0.i0 -1.000000 -0.066880
DS.d413.s0.i1 -1.000000 -0.146595
DS.d412.s0.i0 1.000000 0.788812
DS.d411.s0.i0 1.000000 0.966040
DS.d398.s0.i0 1.000000 1.017972
DS.d399.s0.i0 1.000000 0.907094
DS.d289.s0.i1 -1.000000 -0.907546
DS.d289.s0.i0 -1.000000 -0.423176
DS.d289.s0.i2 -1.000000 -0.847197
DS.d390.s0.i2 -1.000000 -0.818771
DS.d390.s0.i3 -1.000000 -0.839962
DS.d390.s0.i0 -1.000000 -0.836603
DS.d390.s0.i1 -1.000000 -0.774334
DS.d390.s0.i4 -1.000000 -0.831078
DS.d390.s0.i5 -1.000000 -0.708764
DS.d392.s0.i0 1.000000 0.781840
DS.d393.s1.i2 -1.000000 -0.937469
DS.d393.s1.i3 -1.000000 -0.957487
DS.d393.s1.i0 -1.000000 -0.806999
DS.d393.s1.i1 -1.000000 -0.844296
DS.d393.s0.i1 -1.000000 -0.830017
DS.d393.s0.i0 -1.000000 -0.819851
DS.d393.s0.i3 -1.000000 -0.734086
DS.d393.s0.i2 -1.000000 -0.743833
DS.d394.s0.i0 1.000000 0.419926
DS.d394.s0.i1 1.000000 0.584720
DS.d396.s0.i0 -1.000000 -0.151233
DS.d397.s0.i1 -1.000000 -0.437521
DS.d397.s0.i0 -1.000000 -0.210640
DS.d397.s0.i2 1.000000 -0.219283
DS.d567.s0.i0 1.000000 0.610383
DS.d567.s0.i1 1.000000 1.230516
DS.d567.s1.i1 -1.000000 0.159239
DS.d567.s1.i0 1.000000 0.545676
DS.d567.s1.i2 1.000000 0.399501
DS.d566.s0.i1 1.000000 0.683320
DS.d566.s0.i0 1.000000 0.675838
DS.d134.s0.i0 1.000000 0.930992
DS.d134.s0.i1 1.000000 0.848259
DS.d643.s0.i3 1.000000 0.174772
DS.d643.s0.i2 -1.000000 -0.110817
DS.d643.s0.i1 -1.000000 -0.687898
DS.d643.s0.i0 -1.000000 -0.151771
DS.d643.s0.i5 1.000000 0.054904
DS.d643.s0.i4 -1.000000 -0.789692
DS.d640.s0.i0 -1.000000 -0.558497
DS.d641.s0.i1 1.000000 1.075939
DS.d641.s0.i0 1.000000 0.994738
DS.d646.s0.i4 1.000000 0.750227
DS.d646.s0.i5 1.000000 0.836504
DS.d646.s0.i2 1.000000 0.919497
DS.d646.s0.i3 1.000000 0.866201
DS.d646.s0.i0 1.000000 0.846067
DS.d646.s0.i1 1.000000 0.841891
DS.d647.s0.i0 -1.000000 0.216345
DS.d644.s0.i0 -1.000000 -0.527609
DS.d645.s0.i0 1.000000 1.056773
DS.d563.s0.i6 1.000000 0.874488
DS.d563.s0.i7 1.000000 0.911949
DS.d563.s0.i4 1.000000 0.930772
DS.d563.s0.i5 1.000000 0.966181
DS.d563.s0.i2 1.000000 0.886946
DS.d563.s0.i3 1.000000 0.877444
DS.d563.s0.i0 1.000000 0.892523
DS.d563.s0.i1 1.000000 0.930284
DS.d648.s0.i0 1.000000 0.785506
DS.d648.s0.i1 1.000000 0.745522
DS.d648.s0.i2 1.000000 0.824266
DS.d138.s0.i0 1.000000 0.842065
DS.d138.s1.i0 1.000000 0.657820
DS.d138.s2.i0 1.000000 0.526456
DS.d138.s3.i0 1.000000 0.868454
DS.d139.s2.i1 1.000000 0.868840
DS.d139.s2.i0 1.000000 0.868840
DS.d139.s2.i2 1.000000 0.931790
DS.d139.s1.i0 1.000000 1.003256
DS.d139.s1.i1 1.000000 0.889274
DS.d139.s1.i2 1.000000 0.973653
DS.d139.s1.i3 1.000000 0.954987
DS.d139.s0.i1 -1.000000 -0.634908
DS.d139.s0.i0 -1.000000 -0.612850
DS.d562.s1.i0 1.000000 0.681144
DS.d562.s0.i0 -1.000000 0.443846
DS.d484.s0.i0 1.000000 0.895362
DS.d484.s0.i1 1.000000 0.842804
DS.d484.s1.i1 1.000000 0.332348
DS.d484.s1.i0 -1.000000 -0.058904
DS.d655.s0.i0 1.000000 0.797195
DS.d655.s0.i1 1.000000 0.641214
DS.d655.s1.i1 1.000000 -0.147026
DS.d655.s1.i0 -1.000000 -0.279908
DS.d655.s1.i2 -1.000000 -0.284718
DS.d529.s0.i0 1.000000 -0.170621
DS.d528.s0.i1 1.000000 0.830115
DS.d528.s0.i0 1.000000 0.866646
DS.d480.s0.i0 -1.000000 0.636265
DS.d561.s0.i0 -1.000000 -0.569193
DS.d482.s0.i0 -1.000000 -0.592972
DS.d482.s0.i1 -1.000000 -0.728613
DS.d482.s0.i2 -1.000000 -0.571772
DS.d654.s1.i0 1.000000 0.870511
DS.d654.s0.i0 1.000000 1.001244
DS.d523.s0.i0 -1.000000 -0.386938
DS.d523.s1.i1 1.000000 0.913005
DS.d523.s1.i0 1.000000 0.816174
DS.d522.s0.i1 -1.000000 -0.740390
DS.d522.s0.i0 -1.000000 -0.661729
DS.d521.s0.i0 1.000000 0.985436
DS.d521.s0.i1 1.000000 0.921210
DS.d520.s1.i2 1.000000 0.718596
DS.d520.s1.i0 1.000000 0.904528
DS.d520.s1.i1 1.000000 0.708279
DS.d520.s0.i1 -1.000000 -0.437280
DS.d520.s0.i0 1.000000 0.290852
DS.d527.s0.i2 1.000000 0.697904
DS.d527.s0.i3 1.000000 0.740876
DS.d527.s0.i0 1.000000 0.925271
DS.d527.s0.i1 1.000000 1.113309
DS.d527.s1.i1 1.000000 0.342224
DS.d527.s1.i0 1.000000 0.552077
DS.d526.s2.i1 -1.000000 -0.563396
DS.d526.s2.i0 -1.000000 -0.622520
DS.d526.s1.i0 1.000000 0.795012
DS.d526.s1.i1 1.000000 0.795012
DS.d526.s0.i3 1.000000 0.579607
DS.d526.s0.i2 1.000000 1.026977
DS.d526.s0.i1 1.000000 0.831047
DS.d526.s0.i0 1.000000 1.228096
DS.d525.s0.i0 1.000000 0.628722
DS.d525.s0.i1 1.000000 0.651790
DS.d524.s0.i0 -1.000000 -0.527000
DS.d656.s0.i1 -1.000000 -0.540838
DS.d656.s0.i0 -1.000000 -0.598358
DS.d656.s0.i2 -1.000000 -0.892152
DS.d798.s0.i0 1.000000 0.717198
DS.d650.s3.i0 1.000000 0.676725
DS.d650.s3.i1 1.000000 0.751072
DS.d650.s2.i1 1.000000 1.029129
DS.d650.s2.i0 1.000000 0.942499
DS.d650.s1.i0 1.000000 0.879075
DS.d650.s1.i1 1.000000 0.921534
DS.d650.s0.i0 1.000000 0.951208
DS.d653.s0.i0 1.000000 0.784490
DS.d653.s0.i1 1.000000 0.855919
DS.d653.s0.i2 1.000000 0.819644
DS.d652.s1.i6 1.000000 0.582879
DS.d652.s1.i7 1.000000 0.294906
DS.d652.s1.i4 -1.000000 -0.273817
DS.d652.s1.i5 -1.000000 -0.321442
DS.d652.s1.i2 -1.000000 -0.378162
DS.d652.s1.i3 1.000000 0.201091
DS.d652.s1.i0 1.000000 0.414858
DS.d652.s1.i1 -1.000000 -0.334637
DS.d652.s0.i1 -1.000000 -0.246009
DS.d652.s0.i0 1.000000 0.619073
DS.d652.s2.i1 -1.000000 -0.955707
DS.d652.s2.i0 -1.000000 -0.496227
DS.d603.s0.i1 1.000000 1.005635
DS.d603.s0.i0 1.000000 0.668653
DS.d488.s0.i10 -1.000000 -0.624586
DS.d488.s0.i11 -1.000000 -0.788769
DS.d488.s0.i12 -1.000000 -0.761923
DS.d488.s0.i6 -1.000000 -0.518106
DS.d488.s0.i7 -1.000000 -0.540937
DS.d488.s0.i4 -1.000000 -0.625310
DS.d488.s0.i5 1.000000 -0.381615
DS.d488.s0.i2 1.000000 -0.352698
DS.d488.s0.i3 -1.000000 -0.450921
DS.d488.s0.i0 -1.000000 -0.488334
DS.d488.s0.i1 -1.000000 -0.453796
DS.d488.s0.i14 -1.000000 -0.753378
DS.d488.s0.i13 -1.000000 -0.821742
DS.d488.s0.i8 -1.000000 -0.733954
DS.d488.s0.i9 1.000000 -0.304529
DS.d600.s0.i0 1.000000 0.775055
DS.d601.s0.i0 1.000000 0.333014
DS.d637.s0.i0 1.000000 0.951449
DS.d636.s0.i1 1.000000 0.204491
DS.d636.s0.i0 -1.000000 -0.303389
DS.d635.s0.i0 1.000000 1.073395
DS.d635.s0.i1 1.000000 0.789451
DS.d829.s0.i0 1.000000 0.782320
DS.d633.s0.i2 1.000000 0.951863
DS.d633.s0.i3 1.000000 0.932262
DS.d633.s0.i0 1.000000 1.015045
DS.d633.s0.i1 1.000000 0.827009
DS.d633.s1.i1 1.000000 1.004298
DS.d633.s1.i0 1.000000 0.915223
DS.d633.s1.i3 1.000000 0.931707
DS.d633.s1.i2 1.000000 0.969903
DS.d633.s2.i0 1.000000 0.979329
DS.d633.s2.i1 1.000000 0.845836
DS.d633.s3.i1 1.000000 1.042861
DS.d633.s3.i0 1.000000 1.134616
DS.d632.s1.i0 1.000000 1.008345
DS.d632.s1.i1 1.000000 1.028181
DS.d632.s0.i1 -1.000000 -0.676496
DS.d632.s0.i0 -1.000000 -0.725347
DS.d738.s0.i0 1.000000 0.763817
DS.d738.s0.i1 1.000000 0.839960
DS.d738.s1.i0 1.000000 0.486063
DS.d739.s1.i6 1.000000 0.845481
DS.d739.s1.i7 1.000000 1.046463
DS.d739.s1.i4 1.000000 0.748775
DS.d739.s1.i5 1.000000 1.123258
DS.d739.s1.i2 1.000000 0.726428
DS.d739.s1.i3 1.000000 1.103030
DS.d739.s1.i0 1.000000 0.679085
DS.d739.s1.i1 1.000000 1.109513
DS.d739.s0.i1 1.000000 1.003145
DS.d739.s0.i0 1.000000 0.672789
DS.d739.s0.i3 1.000000 1.061163
DS.d739.s0.i2 1.000000 0.648887
DS.d822.s0.i0 -1.000000 0.370363
DS.d790.s0.i0 -1.000000 -0.857176
DS.d790.s0.i1 -1.000000 -0.712403
DS.d820.s2.i0 -1.000000 -0.575183
DS.d820.s2.i1 -1.000000 -1.016479
DS.d820.s3.i0 -1.000000 -0.478059
DS.d820.s0.i0 -1.000000 -0.740956
DS.d820.s0.i1 -1.000000 -0.653184
DS.d820.s0.i2 -1.000000 -0.388598
DS.d820.s1.i0 1.000000 0.845350
DS.d821.s0.i1 -1.000000 -0.601876
DS.d821.s0.i0 -1.000000 -0.786938
DS.d826.s0.i6 1.000000 0.066073
DS.d826.s0.i7 -1.000000 0.065384
DS.d826.s0.i4 -1.000000 0.070698
DS.d826.s0.i5 1.000000 0.064104
DS.d826.s0.i2 -1.000000 0.089456
DS.d826.s0.i3 -1.000000 0.098834
DS.d826.s0.i0 1.000000 0.040054
DS.d826.s0.i1 1.000000 0.083657
DS.d826.s1.i1 1.000000 0.951052
DS.d826.s1.i0 1.000000 0.719386
DS.d826.s1.i2 1.000000 0.794740
DS.d826.s2.i0 1.000000 1.016415
DS.d826.s2.i1 1.000000 1.061980
DS.d826.s2.i2 1.000000 1.083079
DS.d826.s2.i3 1.000000 1.107581
DS.d826.s3.i3 1.000000 0.922606
DS.d826.s3.i2 1.000000 0.922606
DS.d826.s3.i1 1.000000 0.743987
DS.d826.s3.i0 1.000000 0.743987
DS.d733.s0.i3 1.000000 0.922235
DS.d733.s0.i2 1.000000 0.798675
DS.d733.s0.i1 1.000000 0.768844
DS.d733.s0.i0 1.000000 0.952200
DS.d730.s0.i0 1.000000 0.777636
DS.d731.s1.i2 1.000000 0.136160
DS.d731.s1.i0 -1.000000 -0.323186
DS.d731.s1.i1 -1.000000 -0.323186
DS.d731.s0.i0 -1.000000 -0.365118
DS.d731.s2.i0 1.000000 0.664520
DS.d700.s0.i0 1.000000 0.573004
DS.d609.s1.i2 1.000000 0.311395
DS.d609.s1.i0 -1.000000 -0.350130
DS.d609.s1.i1 -1.000000 -0.291923
DS.d609.s0.i1 1.000000 0.390097
DS.d609.s0.i0 -1.000000 -0.348016
DS.d792.s0.i0 1.000000 0.178359
DS.d792.s0.i1 -1.000000 -0.232669
DS.d49.s2.i0 1.000000 0.941365
DS.d49.s2.i1 1.000000 0.979010
DS.d49.s0.i0 -1.000000 -0.823974
DS.d49.s0.i1 -1.000000 -0.800221
DS.d49.s0.i2 -1.000000 -0.846197
DS.d49.s0.i3 -1.000000 -0.823315
DS.d49.s1.i3 1.000000 0.320528
DS.d49.s1.i2 -1.000000 0.220375
DS.d49.s1.i1 1.000000 0.340109
DS.d49.s1.i0 1.000000 0.357996
DS.d48.s0.i1 -1.000000 -0.228386
DS.d48.s0.i0 -1.000000 -0.228386
DS.d48.s0.i3 1.000000 0.560001
DS.d48.s0.i2 1.000000 0.560001
DS.d48.s0.i5 1.000000 0.633986
DS.d48.s0.i4 1.000000 0.633986
DS.d47.s0.i0 1.000000 0.873731
DS.d47.s0.i1 1.000000 0.862558
DS.d46.s0.i3 1.000000 0.966272
DS.d46.s0.i2 1.000000 0.889647
DS.d46.s0.i1 1.000000 0.868792
DS.d46.s0.i0 1.000000 0.875840
DS.d46.s0.i7 1.000000 0.885435
DS.d46.s0.i6 1.000000 0.923308
DS.d46.s0.i5 1.000000 0.909029
DS.d46.s0.i4 1.000000 0.955859
DS.d45.s0.i0 -1.000000 -0.753211
DS.d45.s0.i1 -1.000000 -0.753211
DS.d564.s0.i1 -1.000000 -0.606388
DS.d564.s0.i0 -1.000000 -0.943468
DS.d42.s0.i0 1.000000 0.495895
DS.d41.s0.i0 1.000000 0.760819
DS.d41.s0.i1 1.000000 0.747387
DS.d220.s0.i0 -1.000000 -0.220164
DS.d220.s0.i1 -1.000000 -0.761274
DS.d220.s1.i1 1.000000 -0.256599
DS.d220.s1.i0 -1.000000 -0.736310
DS.d221.s0.i0 1.000000 1.035097
DS.d222.s0.i0 1.000000 0.653080
DS.d224.s0.i0 1.000000 0.540414
DS.d224.s1.i0 1.000000 0.794776
DS.d225.s1.i0 1.000000 0.618018
DS.d225.s0.i0 1.000000 0.804216
DS.d226.s0.i0 1.000000 0.944930
DS.d227.s0.i1 1.000000 0.690351
DS.d227.s0.i0 1.000000 0.690351
DS.d228.s0.i0 1.000000 0.906787
DS.d228.s1.i1 1.000000 0.907327
DS.d228.s1.i0 1.000000 0.821242
DS.d558.s0.i0 -1.000000 -0.429780
DS.d558.s1.i1 -1.000000 -0.210794
DS.d558.s1.i0 1.000000 0.015598
DS.d559.s0.i1 -1.000000 -0.866765
DS.d559.s0.i0 -1.000000 -0.861353
DS.d559.s0.i3 -1.000000 -0.849958
DS.d559.s0.i2 -1.000000 -0.849938
DS.d506.s0.i1 1.000000 0.848907
DS.d506.s0.i0 1.000000 0.807879
DS.d453.s0.i0 1.000000 0.789906
DS.d452.s1.i0 1.000000 0.808400
DS.d452.s0.i3 1.000000 0.565516
DS.d452.s0.i2 -1.000000 -0.416742
DS.d452.s0.i1 -1.000000 -0.268802
DS.d452.s0.i0 1.000000 0.377222
DS.d452.s0.i5 1.000000 0.391524
DS.d452.s0.i4 -1.000000 -0.419871
DS.d451.s0.i0 1.000000 0.582461
DS.d451.s1.i0 -1.000000 -0.671641
DS.d450.s1.i0 1.000000 0.459963
DS.d450.s1.i1 -1.000000 -0.406751
DS.d450.s0.i0 1.000000 0.626062
DS.d457.s0.i0 1.000000 1.174450
DS.d457.s1.i1 1.000000 0.942323
DS.d457.s1.i0 1.000000 0.830540
DS.d457.s1.i3 1.000000 0.791993
DS.d457.s1.i2 1.000000 0.924422
DS.d503.s0.i0 1.000000 0.966961
DS.d455.s0.i0 1.000000 0.535756
DS.d455.s0.i1 1.000000 0.539650
DS.d592.s0.i0 1.000000 0.559716
DS.d593.s0.i0 1.000000 0.783389
DS.d459.s0.i0 -1.000000 -0.852542
DS.d459.s0.i1 -1.000000 -0.943160
DS.d459.s0.i2 -1.000000 -0.887824
DS.d459.s0.i3 -1.000000 -0.891602
DS.d458.s4.i0 1.000000 0.648220
DS.d458.s1.i0 1.000000 0.441727
DS.d458.s0.i0 1.000000 0.950273
DS.d458.s3.i0 1.000000 0.888204
DS.d458.s2.i0 -1.000000 -0.640987
DS.d597.s0.i5 -1.000000 -0.895049
DS.d597.s0.i4 -1.000000 -0.890285
DS.d597.s0.i3 -1.000000 -0.901798
DS.d597.s0.i2 -1.000000 -0.882295
DS.d597.s0.i1 -1.000000 -0.824491
DS.d597.s0.i0 -1.000000 -0.887080
DS.d594.s0.i0 1.000000 0.867800
DS.d594.s0.i1 1.000000 0.873041
DS.d594.s0.i2 1.000000 0.832620
DS.d595.s0.i1 1.000000 0.963834
DS.d595.s0.i0 1.000000 0.668893
DS.d595.s0.i2 1.000000 0.970495
DS.d295.s0.i0 1.000000 0.845125
DS.d295.s1.i0 -1.000000 -0.574812
DS.d294.s0.i2 1.000000 1.012798
DS.d294.s0.i1 1.000000 0.927121
DS.d294.s0.i0 1.000000 0.918184
DS.d297.s0.i0 1.000000 1.007984
DS.d296.s0.i0 1.000000 0.875659
DS.d291.s0.i0 -1.000000 0.182798
DS.d290.s0.i1 1.000000 0.790225
DS.d290.s0.i0 1.000000 0.698042
DS.d292.s0.i1 -1.000000 -0.849992
DS.d292.s0.i0 -1.000000 -1.102102
DS.d292.s0.i3 -1.000000 -0.814470
DS.d292.s0.i2 -1.000000 -1.062834
DS.d354.s0.i0 1.000000 0.765090
DS.d355.s0.i0 -1.000000 -0.139930
DS.d356.s0.i0 1.000000 0.756399
DS.d357.s0.i1 1.000000 1.359131
DS.d357.s0.i0 1.000000 0.654315
DS.d299.s0.i0 -1.000000 0.633851
DS.d299.s0.i1 -1.000000 0.530777
DS.d298.s0.i0 1.000000 0.667026
DS.d352.s0.i0 1.000000 0.917022
DS.d352.s0.i1 1.000000 0.971659
DS.d353.s0.i1 1.000000 0.959281
DS.d353.s0.i0 1.000000 1.053721
DS.d115.s0.i1 1.000000 0.400086
DS.d115.s0.i0 -1.000000 -0.432970
DS.d509.s0.i2 -1.000000 -0.825708
DS.d509.s0.i0 -1.000000 -0.789484
DS.d509.s0.i1 -1.000000 -0.751037
DS.d560.s0.i1 1.000000 0.989470
DS.d560.s0.i0 1.000000 1.105766
DS.d560.s0.i3 1.000000 0.910227
DS.d560.s0.i2 1.000000 1.019448
DS.d804.s0.i0 -1.000000 0.122540
DS.d686.s0.i0 1.000000 0.751431
DS.d686.s0.i1 1.000000 0.769986
DS.d687.s1.i0 -1.000000 -0.506293
DS.d687.s0.i0 1.000000 0.674040
DS.d684.s0.i0 -1.000000 -0.368143
DS.d684.s0.i1 1.000000 0.264884
DS.d684.s0.i2 -1.000000 -0.254537
DS.d684.s0.i3 1.000000 0.389778
DS.d685.s1.i2 1.000000 1.281813
DS.d685.s1.i0 1.000000 1.010284
DS.d685.s1.i1 1.000000 0.877592
DS.d685.s0.i1 1.000000 0.881362
DS.d685.s0.i0 1.000000 0.862721
DS.d685.s0.i2 1.000000 0.893922
DS.d682.s0.i2 1.000000 0.776073
DS.d682.s0.i0 1.000000 0.846160
DS.d682.s0.i1 1.000000 0.814439
DS.d683.s0.i5 -1.000000 -0.885610
DS.d683.s0.i4 -1.000000 -0.964996
DS.d683.s0.i3 -1.000000 -0.865273
DS.d683.s0.i2 -1.000000 -0.946160
DS.d683.s0.i1 -1.000000 -0.888734
DS.d683.s0.i0 -1.000000 -0.921321
DS.d680.s0.i0 1.000000 0.855930
DS.d680.s0.i1 1.000000 0.831912
DS.d680.s0.i2 1.000000 0.929738
DS.d680.s1.i0 1.000000 0.690512
DS.d681.s1.i6 1.000000 0.212847
DS.d681.s1.i7 -1.000000 -0.424042
DS.d681.s1.i4 1.000000 0.290832
DS.d681.s1.i5 -1.000000 -0.648724
DS.d681.s1.i2 -1.000000 -0.685960
DS.d681.s1.i3 -1.000000 -0.535817
DS.d681.s1.i0 -1.000000 -0.523044
DS.d681.s1.i1 -1.000000 -0.621501
DS.d681.s1.i8 1.000000 0.347968
DS.d681.s0.i1 1.000000 0.566550
DS.d681.s0.i0 1.000000 1.031028
DS.d688.s0.i0 1.000000 0.875491
DS.d688.s1.i0 -1.000000 -0.187669
DS.d689.s0.i1 -1.000000 -0.686327
DS.d689.s0.i0 -1.000000 -0.657304
DS.d178.s0.i0 1.000000 0.845340
DS.d178.s1.i1 -1.000000 -0.555790
DS.d178.s1.i0 -1.000000 -0.683328
DS.d179.s2.i0 1.000000 0.594047
DS.d179.s1.i0 -1.000000 -0.724521
DS.d179.s1.i1 -1.000000 -0.808355
DS.d179.s0.i28 -1.000000 -1.060076
DS.d179.s0.i29 -1.000000 -0.902252
DS.d179.s0.i22 -1.000000 -0.873092
DS.d179.s0.i23 -1.000000 -0.877331
DS.d179.s0.i20 -1.000000 -1.012786
DS.d179.s0.i21 -1.000000 -0.911793
DS.d179.s0.i26 -1.000000 -0.905436
DS.d179.s0.i27 -1.000000 -0.991227
DS.d179.s0.i24 -1.000000 -0.942803
DS.d179.s0.i25 -1.000000 -0.935110
DS.d179.s0.i3 -1.000000 -1.036409
DS.d179.s0.i2 -1.000000 -0.902200
DS.d179.s0.i1 -1.000000 -0.959367
DS.d179.s0.i0 -1.000000 -1.015425
DS.d179.s0.i7 -1.000000 -0.996538
DS.d179.s0.i6 -1.000000 -1.049708
DS.d179.s0.i5 -1.000000 -1.028966
DS.d179.s0.i4 -1.000000 -1.043550
DS.d179.s0.i9 -1.000000 -0.978468
DS.d179.s0.i8 -1.000000 -0.891696
DS.d179.s0.i13 -1.000000 -1.013651
DS.d179.s0.i12 -1.000000 -0.888359
DS.d179.s0.i11 -1.000000 -0.880214
DS.d179.s0.i10 -1.000000 -1.037490
DS.d179.s0.i17 -1.000000 -0.933026
DS.d179.s0.i16 -1.000000 -1.043518
DS.d179.s0.i15 -1.000000 -0.862611
DS.d179.s0.i14 -1.000000 -1.041773
DS.d179.s0.i19 -1.000000 -1.058310
DS.d179.s0.i18 -1.000000 -0.910767
DS.d98.s0.i4 1.000000 0.907434
DS.d98.s0.i5 1.000000 0.932606
DS.d98.s0.i2 1.000000 1.056218
DS.d98.s0.i3 1.000000 0.873013
DS.d98.s0.i0 1.000000 0.960287
DS.d98.s0.i1 1.000000 1.004004
DS.d98.s1.i1 -1.000000 -0.889211
DS.d98.s1.i0 -1.000000 -0.861319
DS.d98.s1.i2 -1.000000 -0.926745
DS.d99.s0.i0 1.000000 1.059245
DS.d94.s0.i0 -1.000000 -0.547058
DS.d94.s1.i1 -1.000000 -0.561376
DS.d94.s1.i0 -1.000000 -0.577431
DS.d94.s1.i2 -1.000000 -0.531427
DS.d94.s2.i0 -1.000000 -0.606857
DS.d171.s1.i0 1.000000 1.013393
DS.d171.s0.i0 1.000000 0.443443
DS.d96.s0.i0 -1.000000 -0.258906
DS.d96.s0.i1 1.000000 0.269351
DS.d96.s0.i2 -1.000000 -0.274746
DS.d96.s0.i3 1.000000 0.250261
DS.d96.s1.i1 1.000000 0.714132
DS.d96.s1.i0 1.000000 1.044446
DS.d97.s0.i0 1.000000 0.827454
DS.d90.s0.i0 -1.000000 -0.674521
DS.d90.s0.i1 -1.000000 -0.685061
DS.d90.s1.i5 1.000000 0.932871
DS.d90.s1.i4 1.000000 0.915578
DS.d90.s1.i1 1.000000 1.060727
DS.d90.s1.i0 1.000000 1.012452
DS.d90.s1.i3 1.000000 0.863781
DS.d90.s1.i2 1.000000 0.960365
DS.d91.s0.i5 1.000000 -0.316247
DS.d91.s0.i4 -1.000000 -0.602618
DS.d91.s0.i3 -1.000000 -0.670933
DS.d91.s0.i2 -1.000000 -0.692434
DS.d91.s0.i1 -1.000000 -0.676614
DS.d91.s0.i0 -1.000000 -0.659316
DS.d176.s0.i0 1.000000 0.812183
DS.d176.s0.i1 1.000000 0.889571
DS.d176.s0.i2 1.000000 0.763786
DS.d93.s0.i0 1.000000 0.609357
DS.d541.s0.i0 -1.000000 0.455913
DS.d541.s1.i0 -1.000000 -0.617241
DS.d772.s0.i0 -1.000000 -0.506385
DS.d772.s0.i1 -1.000000 -0.545759
DS.d773.s0.i1 -1.000000 -0.736103
DS.d773.s0.i0 -1.000000 -0.694749
DS.d770.s0.i0 1.000000 0.889898
DS.d770.s0.i1 1.000000 0.897511
DS.d777.s0.i0 -1.000000 0.252498
DS.d774.s0.i0 -1.000000 -0.179558
DS.d774.s0.i1 1.000000 0.650130
DS.d774.s1.i1 1.000000 0.527521
DS.d774.s1.i0 -1.000000 -0.323473
DS.d775.s0.i0 1.000000 1.054547
DS.d778.s2.i0 1.000000 1.007037
DS.d778.s2.i1 1.000000 1.043532
DS.d778.s0.i0 1.000000 0.925785
DS.d778.s1.i1 1.000000 0.978613
DS.d778.s1.i0 -1.000000 0.348239
DS.d779.s0.i0 -1.000000 -0.803219
DS.d574.s0.i2 -1.000000 -0.901628
DS.d574.s0.i3 -1.000000 -0.818334
DS.d574.s0.i0 -1.000000 -0.835636
DS.d574.s0.i1 -1.000000 -0.905629
DS.d575.s2.i0 -1.000000 -0.473106
DS.d575.s1.i0 1.000000 0.741997
DS.d575.s1.i1 1.000000 0.921034
DS.d575.s0.i0 1.000000 0.903689
DS.d679.s0.i0 -1.000000 -0.128094
DS.d678.s0.i1 -1.000000 -0.874482
DS.d678.s0.i0 -1.000000 -0.769848
DS.d678.s0.i3 -1.000000 -0.857729
DS.d678.s0.i2 -1.000000 -0.766682
DS.d570.s0.i0 1.000000 1.087224
DS.d570.s1.i0 1.000000 0.786784
DS.d570.s2.i0 1.000000 1.003262
DS.d570.s3.i0 1.000000 0.701707
DS.d571.s0.i0 -1.000000 -0.913882
DS.d572.s0.i0 -1.000000 -0.519292
DS.d572.s0.i1 -1.000000 -0.586998
DS.d573.s0.i1 1.000000 0.849132
DS.d573.s0.i0 1.000000 1.069392
DS.d573.s0.i3 1.000000 0.977291
DS.d573.s0.i2 1.000000 0.968358
DS.d673.s0.i0 1.000000 1.048974
DS.d672.s0.i9 -1.000000 -0.601161
DS.d672.s0.i8 1.000000 -0.076789
DS.d672.s0.i3 -1.000000 -0.626949
DS.d672.s0.i2 1.000000 -0.059224
DS.d672.s0.i1 -1.000000 -0.739282
DS.d672.s0.i0 1.000000 -0.103808
DS.d672.s0.i7 -1.000000 -0.519530
DS.d672.s0.i6 -1.000000 -0.469714
DS.d672.s0.i5 -1.000000 -0.662533
DS.d672.s0.i4 -1.000000 -0.477799
DS.d672.s0.i10 -1.000000 -0.442915
DS.d672.s0.i11 -1.000000 -0.631211
DS.d671.s0.i0 1.000000 0.810168
DS.d671.s0.i1 1.000000 0.993439
DS.d671.s0.i2 1.000000 0.954884
DS.d670.s0.i1 1.000000 0.861961
DS.d670.s0.i0 1.000000 0.734158
DS.d677.s0.i2 1.000000 -0.359462
DS.d677.s0.i3 -1.000000 -0.286708
DS.d677.s0.i0 -1.000000 -0.517949
DS.d677.s0.i1 -1.000000 -0.559379
DS.d676.s0.i0 1.000000 0.565988
DS.d675.s0.i0 1.000000 0.877044
DS.d674.s0.i1 1.000000 0.724862
DS.d674.s0.i0 1.000000 0.784837
DS.d805.s0.i2 -1.000000 -1.123642
DS.d805.s0.i1 -1.000000 -0.650389
DS.d805.s0.i0 -1.000000 -0.650116
DS.d608.s0.i0 1.000000 0.852603
DS.d608.s0.i1 1.000000 0.831599
DS.d608.s1.i1 1.000000 0.914888
DS.d608.s1.i0 1.000000 0.867703
DS.d813.s0.i0 -1.000000 -0.476777
DS.d812.s0.i2 -1.000000 -0.884334
DS.d812.s0.i1 -1.000000 -0.674065
DS.d812.s0.i0 -1.000000 -0.818613
DS.d811.s0.i0 1.000000 0.685956
DS.d811.s1.i1 1.000000 1.003060
DS.d811.s1.i0 1.000000 0.955727
DS.d810.s1.i2 1.000000 0.631660
DS.d810.s1.i3 1.000000 0.492136
DS.d810.s1.i0 1.000000 0.985972
DS.d810.s1.i1 1.000000 1.244314
DS.d810.s0.i5 1.000000 0.870278
DS.d810.s0.i4 1.000000 0.908118
DS.d810.s0.i1 1.000000 0.884933
DS.d810.s0.i0 1.000000 0.955151
DS.d810.s0.i3 1.000000 0.880098
DS.d810.s0.i2 1.000000 0.873412
DS.d810.s3.i0 1.000000 0.989587
DS.d810.s2.i1 1.000000 0.691627
DS.d810.s2.i0 1.000000 0.923384
DS.d817.s0.i0 1.000000 0.402312
DS.d817.s0.i1 1.000000 0.508340
DS.d817.s1.i1 1.000000 0.961504
DS.d817.s1.i0 1.000000 1.010593
DS.d817.s1.i3 1.000000 0.892514
DS.d817.s1.i2 1.000000 0.965025
DS.d817.s1.i4 1.000000 0.953220
DS.d816.s0.i5 1.000000 0.378727
DS.d816.s0.i4 -1.000000 -0.497576
DS.d816.s0.i3 1.000000 0.303563
DS.d816.s0.i2 -1.000000 -0.103379
DS.d816.s0.i1 -1.000000 -0.467007
DS.d816.s0.i0 1.000000 0.356667
DS.d701.s0.i0 -1.000000 -0.770155
DS.d701.s0.i1 -1.000000 -0.764006
DS.d814.s1.i0 -1.000000 -0.541471
DS.d814.s1.i1 -1.000000 -0.616449
DS.d814.s0.i1 -1.000000 -0.919598
DS.d814.s0.i0 -1.000000 -0.725352
DS.d814.s0.i2 -1.000000 -0.889223
DS.d815.s0.i0 1.000000 0.869529
DS.d815.s0.i1 1.000000 0.909599
DS.d815.s0.i2 1.000000 0.942392
DS.d819.s0.i0 -1.000000 -0.590768
DS.d819.s0.i1 -1.000000 -0.908151
DS.d818.s1.i2 1.000000 0.834796
DS.d818.s1.i3 1.000000 0.834796
DS.d818.s1.i0 1.000000 0.834796
DS.d818.s1.i1 1.000000 0.847198
DS.d818.s1.i4 1.000000 0.847198
DS.d818.s1.i5 1.000000 0.847198
DS.d818.s0.i1 1.000000 0.912503
DS.d818.s0.i0 1.000000 0.912503
DS.d818.s0.i3 1.000000 0.877925
DS.d818.s0.i2 1.000000 0.858740
DS.d818.s3.i0 1.000000 0.955091
DS.d818.s3.i1 1.000000 0.955091
DS.d818.s3.i2 1.000000 0.955091
DS.d818.s2.i3 1.000000 1.044667
DS.d818.s2.i2 1.000000 0.891560
DS.d818.s2.i1 1.000000 0.891560
DS.d818.s2.i0 1.000000 1.044667
DS.d818.s2.i5 1.000000 0.891560
DS.d818.s2.i4 1.000000 1.044667
DS.d709.s0.i0 1.000000 0.729610
DS.d708.s0.i0 -1.000000 -0.663275
DS.d76.s0.i2 1.000000 0.808720
DS.d76.s0.i3 1.000000 0.843524
DS.d76.s0.i0 1.000000 0.795899
DS.d76.s0.i1 1.000000 0.884994
DS.d76.s1.i1 1.000000 0.763956
DS.d76.s1.i0 1.000000 0.963304
DS.d76.s1.i3 1.000000 0.810454
DS.d76.s1.i2 1.000000 0.886275
DS.d77.s0.i1 -1.000000 0.043963
DS.d77.s0.i0 1.000000 0.371336
DS.d74.s0.i0 1.000000 0.531233
DS.d75.s0.i0 -1.000000 -0.714869
DS.d72.s0.i0 -1.000000 -0.849985
DS.d72.s0.i1 -1.000000 -0.695951
DS.d70.s0.i0 1.000000 0.758923
DS.d70.s0.i1 1.000000 0.804487
DS.d70.s1.i3 1.000000 0.852489
DS.d70.s1.i2 1.000000 0.792051
DS.d70.s1.i1 1.000000 0.782242
DS.d70.s1.i0 1.000000 0.877570
DS.d78.s0.i0 -1.000000 -0.555316
DS.d78.s1.i0 -1.000000 -0.651749
DS.d79.s0.i0 -1.000000 0.667414
DS.d310.s0.i2 1.000000 0.308944
DS.d310.s0.i0 1.000000 0.489661
DS.d310.s0.i1 -1.000000 -0.066406
DS.d310.s1.i1 -1.000000 -0.367459
DS.d310.s1.i0 1.000000 0.042462
DS.d310.s1.i3 -1.000000 -0.173240
DS.d310.s1.i2 1.000000 0.355844
DS.d311.s0.i0 1.000000 0.914411
DS.d312.s0.i10 1.000000 0.999037
DS.d312.s0.i4 1.000000 0.950504
DS.d312.s0.i5 1.000000 0.970793
DS.d312.s0.i6 1.000000 0.799217
DS.d312.s0.i7 1.000000 0.941933
DS.d312.s0.i0 1.000000 0.995042
DS.d312.s0.i1 1.000000 0.956194
DS.d312.s0.i2 1.000000 0.986079
DS.d312.s0.i3 1.000000 0.959319
DS.d312.s0.i8 1.000000 0.964147
DS.d312.s0.i9 1.000000 0.843766
DS.d313.s5.i0 1.000000 0.729838
DS.d313.s4.i0 1.000000 0.337362
DS.d313.s1.i0 1.000000 0.799300
DS.d313.s1.i1 1.000000 0.867260
DS.d313.s0.i0 1.000000 0.996830
DS.d313.s3.i0 1.000000 0.864443
DS.d313.s2.i0 1.000000 1.145760
DS.d314.s0.i0 1.000000 0.387336
DS.d314.s0.i1 -1.000000 -0.189053
DS.d315.s0.i3 1.000000 0.778358
DS.d315.s0.i2 1.000000 0.785335
DS.d315.s0.i1 1.000000 0.742245
DS.d315.s0.i0 1.000000 0.811161
DS.d316.s2.i0 1.000000 0.877957
DS.d316.s2.i1 1.000000 0.877957
DS.d316.s0.i0 1.000000 0.735818
DS.d316.s0.i1 1.000000 0.655274
DS.d316.s1.i1 1.000000 0.741040
DS.d316.s1.i0 1.000000 0.803016
DS.d317.s0.i1 1.000000 0.973896
DS.d317.s0.i0 1.000000 0.792591
DS.d317.s0.i3 1.000000 0.932067
DS.d317.s0.i2 1.000000 0.954449
DS.d317.s0.i5 1.000000 0.970288
DS.d317.s0.i4 1.000000 0.787374
DS.d317.s0.i7 1.000000 1.001512
DS.d317.s0.i6 1.000000 0.991043
DS.d317.s0.i9 1.000000 0.942646
DS.d317.s0.i8 1.000000 0.927849
DS.d317.s0.i11 1.000000 0.812504
DS.d317.s0.i10 1.000000 0.807248
DS.d318.s0.i0 1.000000 0.846837
DS.d318.s0.i1 1.000000 0.699592
DS.d319.s0.i1 -1.000000 -0.803552
DS.d319.s0.i0 -1.000000 -0.857723
DS.d598.s0.i0 1.000000 1.062916
DS.d598.s0.i1 1.000000 1.062916
DS.d259.s0.i0 1.000000 0.372003
DS.d258.s0.i0 1.000000 0.516926
DS.d599.s1.i0 -1.000000 -0.504289
DS.d599.s0.i0 1.000000 0.824273
DS.d251.s0.i2 1.000000 0.908695
DS.d251.s0.i3 1.000000 0.858790
DS.d251.s0.i0 1.000000 0.981728
DS.d251.s0.i1 1.000000 0.768913
DS.d251.s0.i6 1.000000 0.819582
DS.d251.s0.i7 1.000000 0.922781
DS.d251.s0.i4 1.000000 0.795701
DS.d251.s0.i5 1.000000 0.847617
DS.d251.s0.i8 1.000000 0.906725
DS.d250.s1.i0 1.000000 1.077428
DS.d250.s0.i1 1.000000 0.835794
DS.d250.s0.i0 1.000000 1.059617
DS.d253.s2.i0 1.000000 0.775125
DS.d253.s0.i0 1.000000 0.935607
DS.d253.s1.i7 1.000000 0.969320
DS.d253.s1.i6 1.000000 0.901752
DS.d253.s1.i5 1.000000 0.890893
DS.d253.s1.i4 1.000000 1.025021
DS.d253.s1.i3 1.000000 1.014570
DS.d253.s1.i2 1.000000 0.901623
DS.d253.s1.i1 1.000000 0.956559
DS.d253.s1.i0 1.000000 0.890708
DS.d252.s1.i2 1.000000 1.051448
DS.d252.s1.i0 1.000000 1.004880
DS.d252.s1.i1 1.000000 0.932731
DS.d252.s0.i0 1.000000 0.742748
DS.d252.s2.i2 1.000000 0.855627
DS.d252.s2.i1 1.000000 0.913510
DS.d252.s2.i0 1.000000 0.861890
DS.d255.s0.i0 -1.000000 -0.759850
DS.d255.s0.i1 -1.000000 -0.787583
DS.d254.s2.i1 1.000000 0.272736
DS.d254.s2.i0 -1.000000 0.063426
DS.d254.s1.i0 -1.000000 -0.708985
DS.d254.s1.i1 -1.000000 -0.813710
DS.d254.s0.i1 1.000000 0.829430
DS.d254.s0.i0 1.000000 0.858004
DS.d257.s2.i0 1.000000 0.244986
DS.d257.s3.i0 1.000000 0.774412
DS.d257.s0.i0 1.000000 0.154956
DS.d257.s0.i1 -1.000000 -0.265657
DS.d257.s0.i2 -1.000000 -0.082606
DS.d257.s1.i0 1.000000 0.807438
DS.d456.s0.i5 1.000000 0.970637
DS.d456.s0.i4 1.000000 1.010404
DS.d456.s0.i3 1.000000 0.941347
DS.d456.s0.i2 1.000000 0.940973
DS.d456.s0.i1 1.000000 0.980423
DS.d456.s0.i0 1.000000 0.968051
DS.d590.s0.i0 1.000000 0.603654
DS.d591.s0.i1 1.000000 0.916948
DS.d591.s0.i0 1.000000 0.930088
DS.d591.s0.i3 1.000000 0.621460
DS.d591.s0.i2 1.000000 0.624931
DS.d720.s3.i0 1.000000 0.443890
DS.d720.s3.i1 1.000000 -0.265702
DS.d720.s2.i0 1.000000 0.872485
DS.d720.s1.i0 -1.000000 -0.562552
DS.d720.s1.i1 -1.000000 -0.562552
DS.d720.s1.i2 1.000000 0.087127
DS.d720.s1.i3 1.000000 0.600758
DS.d720.s0.i1 -1.000000 -0.225449
DS.d720.s0.i0 1.000000 0.174292
DS.d288.s0.i8 -1.000000 -0.977658
DS.d288.s0.i4 -1.000000 -1.016445
DS.d288.s0.i5 -1.000000 -0.958803
DS.d288.s0.i6 -1.000000 -0.829806
DS.d288.s0.i7 -1.000000 -0.814955
DS.d288.s0.i0 -1.000000 -0.848031
DS.d288.s0.i1 -1.000000 -0.995916
DS.d288.s0.i2 -1.000000 -0.969225
DS.d288.s0.i3 -1.000000 -0.989272
DS.d288.s1.i3 -1.000000 -0.392342
DS.d288.s1.i2 1.000000 0.278739
DS.d288.s1.i1 1.000000 0.543224
DS.d288.s1.i0 -1.000000 -0.161900
DS.d408.s0.i0 1.000000 0.957729
DS.d408.s0.i1 1.000000 1.018018
DS.d409.s0.i0 1.000000 0.628275
DS.d404.s0.i2 1.000000 0.883352
DS.d404.s0.i3 1.000000 0.826567
DS.d404.s0.i0 1.000000 0.912665
DS.d404.s0.i1 1.000000 0.955381
DS.d405.s4.i2 1.000000 1.025920
DS.d405.s4.i1 1.000000 0.988843
DS.d405.s4.i0 1.000000 1.025920
DS.d405.s3.i0 1.000000 0.762678
DS.d405.s3.i1 1.000000 0.821107
DS.d405.s2.i1 1.000000 1.133773
DS.d405.s2.i0 1.000000 0.765548
DS.d405.s1.i0 -1.000000 -0.173732
DS.d405.s1.i1 1.000000 0.343799
DS.d405.s1.i2 -1.000000 -0.188559
DS.d405.s1.i3 1.000000 0.313053
DS.d405.s0.i1 1.000000 0.904469
DS.d405.s0.i0 1.000000 0.915261
DS.d406.s0.i0 -1.000000 -0.343394
DS.d407.s0.i0 -1.000000 0.483170
DS.d400.s0.i0 1.000000 0.859743
DS.d400.s0.i1 1.000000 0.572890
DS.d401.s0.i1 1.000000 0.867092
DS.d401.s0.i0 1.000000 0.824003
DS.d402.s2.i2 -1.000000 0.079218
DS.d402.s2.i3 1.000000 0.593468
DS.d402.s2.i0 1.000000 0.538218
DS.d402.s2.i1 1.000000 0.605315
DS.d402.s3.i1 -1.000000 -0.114723
DS.d402.s3.i0 1.000000 0.680826
DS.d402.s3.i2 1.000000 0.669960
DS.d402.s0.i0 -1.000000 0.002205
DS.d402.s0.i1 1.000000 0.622336
DS.d402.s0.i2 1.000000 0.703252
DS.d402.s1.i1 -1.000000 -0.662110
DS.d402.s1.i0 -1.000000 -0.718037
DS.d403.s0.i0 -1.000000 -0.616276
DS.d726.s0.i0 1.000000 0.466874
DS.d358.s0.i0 1.000000 0.937328
DS.d358.s1.i0 1.000000 0.853953
DS.d359.s0.i1 -1.000000 0.006747
DS.d359.s0.i0 1.000000 0.368498
DS.d468.s0.i0 1.000000 0.232836
DS.d468.s0.i1 -1.000000 -0.093511
DS.d101.s0.i0 1.000000 -0.117553
DS.d100.s1.i0 1.000000 0.801751
DS.d100.s1.i1 1.000000 0.882565
DS.d100.s0.i0 1.000000 0.955646
DS.d103.s0.i0 -1.000000 -0.712439
DS.d469.s0.i5 1.000000 0.999395
DS.d469.s0.i4 1.000000 1.040846
DS.d469.s0.i1 1.000000 0.985722
DS.d469.s0.i0 1.000000 0.979230
DS.d469.s0.i3 1.000000 0.996017
DS.d469.s0.i2 1.000000 1.014034
DS.d105.s0.i0 -1.000000 -0.687427
DS.d105.s0.i1 -1.000000 -0.687427
DS.d104.s0.i0 -1.000000 -0.153573
DS.d107.s0.i0 -1.000000 -1.044884
DS.d107.s0.i1 -1.000000 -0.983837
DS.d107.s0.i2 -1.000000 -0.482392
DS.d106.s0.i1 1.000000 0.758196
DS.d106.s0.i0 1.000000 0.672968
DS.d109.s0.i2 -1.000000 -0.193512
DS.d109.s0.i3 1.000000 0.165491
DS.d109.s0.i0 1.000000 0.243339
DS.d109.s0.i1 1.000000 0.194922
DS.d109.s0.i4 -1.000000 -0.254849
DS.d109.s0.i5 -1.000000 -0.283615
DS.d108.s3.i0 -1.000000 -0.772773
DS.d108.s3.i1 -1.000000 -0.872905
DS.d108.s2.i0 -1.000000 -0.574802
DS.d108.s1.i0 -1.000000 -0.815809
DS.d108.s1.i1 -1.000000 -0.839154
DS.d108.s0.i3 1.000000 0.947541
DS.d108.s0.i2 1.000000 0.985577
DS.d108.s0.i1 1.000000 0.878760
DS.d108.s0.i0 1.000000 0.915212
DS.d108.s0.i7 1.000000 0.960434
DS.d108.s0.i6 1.000000 0.969557
DS.d108.s0.i5 1.000000 0.958301
DS.d108.s0.i4 1.000000 0.981053
DS.d538.s0.i0 1.000000 1.048631
DS.d538.s1.i0 1.000000 0.447924
DS.d539.s0.i1 -1.000000 -0.499390
DS.d539.s0.i0 1.000000 0.359324
DS.d530.s0.i0 -1.000000 0.034233
DS.d531.s0.i3 1.000000 0.931343
DS.d531.s0.i2 1.000000 0.725483
DS.d531.s0.i1 1.000000 0.993677
DS.d531.s0.i0 1.000000 0.923922
DS.d531.s0.i4 1.000000 0.985144
DS.d532.s0.i0 -1.000000 -0.756726
DS.d533.s0.i1 1.000000 0.615330
DS.d533.s0.i0 1.000000 0.852138
DS.d534.s0.i4 1.000000 0.909530
DS.d534.s0.i5 1.000000 0.905729
DS.d534.s0.i2 1.000000 0.961635
DS.d534.s0.i3 1.000000 0.888364
DS.d534.s0.i0 1.000000 0.925628
DS.d534.s0.i1 1.000000 0.964096
DS.d534.s1.i0 1.000000 0.933002
DS.d534.s2.i0 1.000000 1.101419
DS.d535.s0.i1 -1.000000 -0.659505
DS.d535.s0.i0 -1.000000 -0.769544
DS.d536.s0.i0 1.000000 0.936658
DS.d536.s0.i1 1.000000 0.934784
DS.d536.s0.i2 1.000000 0.957139
DS.d536.s0.i3 1.000000 0.978389
DS.d536.s1.i1 1.000000 0.522413
DS.d536.s1.i0 -1.000000 -0.450748
DS.d537.s0.i1 -1.000000 -0.762059
DS.d537.s0.i0 -1.000000 -0.902259
DS.d537.s0.i2 -1.000000 -0.725486
DS.d550.s0.i0 -1.000000 -0.975003
DS.d550.s0.i1 -1.000000 -0.957719
DS.d550.s0.i2 -1.000000 -0.941208
DS.d550.s0.i3 -1.000000 -0.961247
DS.d550.s0.i4 -1.000000 -0.922730
DS.d550.s0.i5 -1.000000 -0.949598
DS.d550.s0.i6 -1.000000 -0.940644
DS.d550.s0.i7 -1.000000 -0.986510
DS.d550.s0.i8 -1.000000 -0.989524
DS.d460.s0.i0 -1.000000 -0.397821
DS.d460.s1.i0 1.000000 1.066593
DS.d758.s0.i0 1.000000 0.920518
DS.d759.s0.i1 -1.000000 -0.688418
DS.d759.s0.i0 -1.000000 -0.688418
DS.d624.s4.i2 1.000000 0.920684
DS.d624.s4.i0 1.000000 0.934366
DS.d624.s4.i1 1.000000 1.037552
DS.d624.s0.i2 1.000000 0.980607
DS.d624.s0.i3 1.000000 0.896478
DS.d624.s0.i0 1.000000 0.910389
DS.d624.s0.i1 1.000000 0.836017
DS.d624.s1.i5 1.000000 0.433749
DS.d624.s1.i4 -1.000000 -0.366699
DS.d624.s1.i7 -1.000000 -0.281250
DS.d624.s1.i6 -1.000000 -0.317225
DS.d624.s1.i1 1.000000 0.428985
DS.d624.s1.i0 1.000000 0.224738
DS.d624.s1.i3 1.000000 0.243656
DS.d624.s1.i2 -1.000000 -0.207977
DS.d624.s2.i0 1.000000 0.945343
DS.d624.s2.i1 1.000000 0.920656
DS.d624.s2.i2 1.000000 1.099589
DS.d624.s3.i3 1.000000 0.767057
DS.d624.s3.i2 -1.000000 0.040921
DS.d624.s3.i1 1.000000 0.502641
DS.d624.s3.i0 1.000000 0.508294
DS.d625.s1.i0 1.000000 0.765619
DS.d625.s1.i1 1.000000 0.777416
DS.d625.s0.i3 -1.000000 -0.621432
DS.d625.s0.i2 -1.000000 -0.814894
DS.d625.s0.i1 -1.000000 -0.908201
DS.d625.s0.i0 -1.000000 -0.626275
DS.d749.s2.i2 1.000000 1.096626
DS.d749.s2.i0 1.000000 0.585032
DS.d749.s2.i1 1.000000 0.904952
DS.d749.s3.i0 -1.000000 -0.568443
DS.d749.s0.i0 1.000000 0.964146
DS.d749.s0.i1 1.000000 0.982610
DS.d749.s1.i1 1.000000 0.771830
DS.d749.s1.i0 1.000000 0.966826
DS.d748.s0.i0 -1.000000 -0.235597
DS.d620.s0.i8 -1.000000 -0.813441
DS.d620.s0.i9 -1.000000 -1.066103
DS.d620.s0.i6 -1.000000 -1.074351
DS.d620.s0.i7 -1.000000 -1.013602
DS.d620.s0.i4 -1.000000 -1.072567
DS.d620.s0.i5 -1.000000 -0.819454
DS.d620.s0.i2 -1.000000 -1.005882
DS.d620.s0.i3 -1.000000 -1.054162
DS.d620.s0.i0 -1.000000 -0.855624
DS.d620.s0.i1 -1.000000 -1.053489
DS.d620.s0.i18 -1.000000 -0.856259
DS.d620.s0.i19 -1.000000 -1.053409
DS.d620.s0.i20 -1.000000 -1.067275
DS.d620.s0.i10 -1.000000 -0.835364
DS.d620.s0.i11 -1.000000 -1.051576
DS.d620.s0.i12 -1.000000 -1.053807
DS.d620.s0.i13 -1.000000 -0.869335
DS.d620.s0.i14 -1.000000 -1.064604
DS.d620.s0.i15 -1.000000 -1.030067
DS.d620.s0.i16 -1.000000 -1.027867
DS.d620.s0.i17 -1.000000 -0.864618
DS.d620.s1.i0 -1.000000 -0.312712
DS.d621.s3.i0 1.000000 0.653146
DS.d621.s2.i1 1.000000 0.203624
DS.d621.s2.i0 -1.000000 0.121088
DS.d621.s1.i0 1.000000 0.730262
DS.d621.s0.i1 1.000000 1.016625
DS.d621.s0.i0 1.000000 0.812261
DS.d621.s4.i1 1.000000 0.194773
DS.d621.s4.i0 -1.000000 -0.147861
DS.d622.s0.i0 1.000000 0.891751
DS.d622.s1.i0 1.000000 0.917683
DS.d623.s1.i0 1.000000 1.057381
DS.d623.s1.i1 1.000000 0.981321
DS.d623.s0.i1 1.000000 1.184916
DS.d623.s0.i0 1.000000 1.150762
DS.d623.s3.i0 1.000000 0.558289
DS.d623.s3.i1 1.000000 0.912076
DS.d623.s2.i3 1.000000 1.082415
DS.d623.s2.i2 1.000000 1.001882
DS.d623.s2.i1 1.000000 1.054401
DS.d623.s2.i0 1.000000 1.103283
DS.d623.s4.i1 1.000000 0.561765
DS.d623.s4.i0 1.000000 0.148370
DS.d623.s4.i3 -1.000000 -0.137599
DS.d623.s4.i2 -1.000000 -0.277320
DS.d743.s0.i0 1.000000 1.003961
DS.d742.s0.i1 1.000000 0.997438
DS.d742.s0.i0 1.000000 1.175940
DS.d741.s0.i0 1.000000 0.694962
DS.d740.s0.i1 1.000000 0.916460
DS.d740.s0.i0 1.000000 0.964268
DS.d628.s0.i0 -1.000000 -0.633498
DS.d628.s0.i1 -1.000000 -0.768745
DS.d746.s0.i0 1.000000 0.761836
DS.d745.s0.i0 -1.000000 -0.387007
DS.d745.s0.i1 -1.000000 -0.652147
DS.d744.s0.i1 -1.000000 -0.750564
DS.d744.s0.i0 -1.000000 -0.785742
DS.d750.s0.i0 1.000000 0.998443
DS.d38.s2.i0 1.000000 1.144951
DS.d38.s3.i0 -1.000000 -0.674577
DS.d38.s0.i0 1.000000 0.952289
DS.d38.s1.i1 1.000000 1.019087
DS.d38.s1.i0 1.000000 1.120689
DS.d39.s0.i0 -1.000000 0.421351
DS.d751.s0.i0 1.000000 0.544544
DS.d32.s0.i0 1.000000 0.686056
DS.d33.s0.i1 1.000000 0.657270
DS.d33.s0.i0 1.000000 1.022067
DS.d30.s0.i0 -1.000000 -0.452559
DS.d30.s0.i1 -1.000000 -0.815539
DS.d30.s0.i2 -1.000000 -0.815539
DS.d31.s0.i0 1.000000 1.159925
DS.d37.s2.i1 1.000000 0.171481
DS.d37.s2.i0 -1.000000 -0.674687
DS.d37.s2.i2 -1.000000 -0.810866
DS.d37.s1.i0 -1.000000 -0.491444
DS.d37.s0.i0 1.000000 -0.084212
DS.d34.s0.i0 1.000000 0.672985
DS.d34.s0.i1 1.000000 0.851900
DS.d35.s0.i0 1.000000 1.085991
DS.d218.s1.i0 -1.000000 -0.745353
DS.d218.s1.i1 -1.000000 -0.811301
DS.d218.s1.i2 -1.000000 -0.674860
DS.d218.s1.i3 -1.000000 -0.807077
DS.d218.s0.i1 1.000000 0.963792
DS.d218.s0.i0 1.000000 1.092922
DS.d215.s0.i2 -1.000000 -0.874310
DS.d215.s0.i3 -1.000000 -0.806672
DS.d215.s0.i0 -1.000000 -0.919866
DS.d215.s0.i1 -1.000000 -0.928189
DS.d215.s1.i0 -1.000000 -0.741683
DS.d214.s0.i1 1.000000 0.938897
DS.d214.s0.i0 1.000000 0.851504
DS.d217.s0.i0 -1.000000 -0.493674
DS.d217.s1.i1 -1.000000 0.419860
DS.d217.s1.i0 -1.000000 0.462665
DS.d216.s1.i0 1.000000 0.600976
DS.d216.s0.i1 1.000000 0.389369
DS.d216.s0.i0 -1.000000 0.303764
DS.d216.s3.i0 1.000000 0.765141
DS.d216.s3.i1 1.000000 0.831822
DS.d216.s2.i0 1.000000 0.418701
DS.d211.s0.i0 1.000000 1.015500
DS.d210.s0.i1 1.000000 0.754933
DS.d210.s0.i0 1.000000 0.888428
DS.d213.s0.i0 -1.000000 -0.208959
DS.d213.s1.i0 1.000000 0.723156
DS.d212.s0.i0 -1.000000 -0.504990
DS.d339.s0.i1 -1.000000 -0.754814
DS.d339.s0.i0 -1.000000 -0.719195
DS.d589.s0.i2 1.000000 0.756791
DS.d589.s0.i3 1.000000 1.038493
DS.d589.s0.i0 1.000000 1.038493
DS.d589.s0.i1 1.000000 0.756791
DS.d588.s0.i0 1.000000 0.980778
DS.d2.s0.i0 1.000000 -0.073681
DS.d441.s2.i0 1.000000 0.830308
DS.d441.s1.i0 1.000000 0.442903
DS.d441.s0.i0 1.000000 0.915787
DS.d442.s0.i0 -1.000000 -0.349858
DS.d1.s0.i0 1.000000 0.786064
DS.d6.s0.i0 1.000000 0.560753
DS.d445.s0.i0 1.000000 0.936464
DS.d446.s0.i0 1.000000 0.914393
DS.d446.s0.i1 1.000000 0.956599
DS.d446.s0.i2 1.000000 0.916744
DS.d446.s0.i3 1.000000 0.947195
DS.d446.s1.i0 1.000000 0.781975
DS.d447.s0.i0 1.000000 0.951400
DS.d448.s0.i0 1.000000 0.949621
DS.d448.s0.i1 1.000000 0.916994
DS.d448.s1.i1 1.000000 1.067510
DS.d448.s1.i0 1.000000 1.022596
DS.d448.s1.i3 1.000000 1.165899
DS.d448.s1.i2 1.000000 1.110800
DS.d448.s2.i0 1.000000 0.773989
DS.d448.s2.i1 1.000000 0.755421
DS.d448.s3.i1 1.000000 0.589063
DS.d448.s3.i0 1.000000 1.066527
DS.d449.s0.i0 1.000000 0.696797
DS.d8.s0.i0 1.000000 0.878542
DS.d9.s0.i0 1.000000 1.129083
DS.d282.s0.i0 1.000000 0.417893
DS.d282.s1.i1 1.000000 0.832590
DS.d282.s1.i0 1.000000 0.774697
DS.d283.s0.i3 1.000000 0.817782
DS.d283.s0.i2 1.000000 1.003695
DS.d283.s0.i1 1.000000 0.924033
DS.d283.s0.i0 1.000000 0.879391
DS.d280.s0.i0 1.000000 0.750605
DS.d281.s1.i0 1.000000 0.747603
DS.d281.s1.i1 1.000000 0.680614
DS.d281.s0.i0 1.000000 0.744578
DS.d286.s0.i2 1.000000 0.489680
DS.d286.s0.i0 -1.000000 0.052255
DS.d286.s0.i1 1.000000 0.596118
DS.d287.s3.i0 1.000000 0.580528
DS.d287.s2.i1 -1.000000 0.066449
DS.d287.s2.i0 1.000000 0.419260
DS.d287.s1.i0 -1.000000 -0.737101
DS.d287.s1.i1 -1.000000 -0.724632
DS.d287.s0.i1 1.000000 0.970738
DS.d287.s0.i0 1.000000 0.804332
DS.d284.s0.i0 -1.000000 -0.015449
DS.d285.s1.i0 1.000000 0.826942
DS.d285.s1.i1 1.000000 1.013345
DS.d285.s0.i1 1.000000 1.071258
DS.d285.s0.i0 1.000000 1.152509
DS.d285.s0.i2 1.000000 1.262292
DS.d285.s3.i4 -1.000000 -0.616719
DS.d285.s3.i0 -1.000000 -0.629611
DS.d285.s3.i1 -1.000000 -0.953357
DS.d285.s3.i2 -1.000000 -1.119636
DS.d285.s3.i3 -1.000000 -0.938039
DS.d285.s2.i1 1.000000 0.867005
DS.d285.s2.i0 1.000000 0.897037
DS.d361.s0.i0 -1.000000 -0.487479
DS.d361.s1.i1 -1.000000 -0.031625
DS.d361.s1.i0 1.000000 0.453525
DS.d361.s2.i0 1.000000 0.302381
DS.d361.s2.i1 -1.000000 0.504457
DS.d360.s1.i0 -1.000000 -0.617862
DS.d360.s0.i1 -1.000000 -0.471498
DS.d360.s0.i0 -1.000000 -0.407098
DS.d363.s0.i0 1.000000 0.867770
DS.d363.s0.i1 1.000000 0.874743
DS.d362.s0.i1 1.000000 0.840595
DS.d362.s0.i0 1.000000 0.873995
DS.d365.s0.i0 1.000000 1.152146
DS.d365.s0.i1 1.000000 0.743875
DS.d365.s1.i1 1.000000 0.815909
DS.d365.s1.i0 1.000000 0.914224
DS.d365.s1.i2 1.000000 0.774778
DS.d364.s2.i0 1.000000 0.484482
DS.d364.s1.i0 1.000000 0.891569
DS.d364.s0.i1 -1.000000 -0.805442
DS.d364.s0.i0 -1.000000 -0.742286
DS.d367.s0.i0 1.000000 -0.012303
DS.d367.s0.i1 -1.000000 -0.171035
DS.d367.s0.i2 -1.000000 -0.248118
DS.d366.s0.i1 1.000000 0.724782
DS.d366.s0.i0 1.000000 0.664435
DS.d549.s0.i2 -1.000000 -0.752165
DS.d549.s0.i0 -1.000000 -0.779381
DS.d549.s0.i1 -1.000000 -0.755801
DS.d549.s1.i1 -1.000000 -0.463237
DS.d549.s1.i0 1.000000 -0.160399
DS.d549.s2.i0 1.000000 0.498815
DS.d549.s2.i1 1.000000 0.990081
DS.d549.s3.i2 -1.000000 -0.398321
DS.d549.s3.i1 1.000000 -0.123659
DS.d549.s3.i0 -1.000000 -0.722838
DS.d102.s0.i1 1.000000 0.912406
DS.d102.s0.i0 1.000000 0.817972
DS.d102.s0.i2 1.000000 0.785619
DS.d548.s0.i1 -1.000000 -0.742092
DS.d548.s0.i0 -1.000000 -0.784660
DS.d145.s0.i0 1.000000 0.796306
DS.d145.s1.i0 1.000000 0.868898
DS.d144.s0.i0 -1.000000 0.230911
DS.d147.s0.i0 -1.000000 -0.915681
DS.d147.s0.i1 -1.000000 -0.571328
DS.d147.s0.i2 -1.000000 -0.871849
DS.d147.s0.i3 -1.000000 -0.548735
DS.d146.s0.i1 1.000000 0.916552
DS.d146.s0.i0 1.000000 0.975619
DS.d141.s0.i0 -1.000000 0.427941
DS.d141.s1.i1 1.000000 1.017018
DS.d141.s1.i0 1.000000 0.866592
DS.d141.s2.i0 1.000000 0.010302
DS.d140.s0.i2 1.000000 0.923731
DS.d140.s0.i1 1.000000 0.783840
DS.d140.s0.i0 1.000000 0.918621
DS.d143.s0.i0 1.000000 0.957578
DS.d143.s0.i1 1.000000 0.884313
DS.d143.s0.i2 1.000000 0.929794
DS.d143.s0.i3 1.000000 0.887009
DS.d142.s0.i1 1.000000 0.682235
DS.d142.s0.i0 1.000000 0.907916
DS.d149.s0.i0 -1.000000 0.204366
DS.d148.s1.i4 1.000000 -0.213257
DS.d148.s1.i5 -1.000000 -0.511881
DS.d148.s1.i6 -1.000000 -0.581371
DS.d148.s1.i7 -1.000000 -0.538490
DS.d148.s1.i0 -1.000000 -0.528187
DS.d148.s1.i1 1.000000 -0.172615
DS.d148.s1.i2 -1.000000 -0.544113
DS.d148.s1.i3 -1.000000 -0.610758
DS.d148.s0.i17 1.000000 0.555915
DS.d148.s0.i16 -1.000000 -0.843548
DS.d148.s0.i15 -1.000000 -0.735743
DS.d148.s0.i14 -1.000000 -0.751321
DS.d148.s0.i13 1.000000 0.590062
DS.d148.s0.i12 -1.000000 -0.779345
DS.d148.s0.i11 1.000000 0.652512
DS.d148.s0.i10 -1.000000 -0.771201
DS.d148.s0.i19 1.000000 0.607961
DS.d148.s0.i18 -1.000000 -0.772670
DS.d148.s0.i9 1.000000 0.600671
DS.d148.s0.i8 -1.000000 -0.760907
DS.d148.s0.i7 -1.000000 -0.818242
DS.d148.s0.i6 -1.000000 -0.806608
DS.d148.s0.i5 -1.000000 -0.827806
DS.d148.s0.i4 -1.000000 -0.794877
DS.d148.s0.i3 -1.000000 -0.787310
DS.d148.s0.i2 1.000000 0.617113
DS.d148.s0.i1 -1.000000 -0.816931
DS.d148.s0.i0 -1.000000 -0.750068
DS.d148.s0.i26 -1.000000 -0.727947
DS.d148.s0.i24 1.000000 0.590816
DS.d148.s0.i25 -1.000000 -0.784205
DS.d148.s0.i22 1.000000 0.628845
DS.d148.s0.i23 -1.000000 -0.793000
DS.d148.s0.i20 1.000000 0.625460
DS.d148.s0.i21 -1.000000 -0.772520
DS.d824.s0.i0 1.000000 0.569358
DS.d824.s0.i1 1.000000 0.816584
DS.d89.s0.i0 1.000000 0.726173
DS.d88.s0.i1 -1.000000 -0.783454
DS.d88.s0.i0 -1.000000 -0.630554
DS.d173.s0.i0 1.000000 0.752690
DS.d256.s0.i1 -1.000000 -0.368592
DS.d256.s0.i0 -1.000000 -0.566723
DS.d256.s0.i3 -1.000000 -0.570751
DS.d256.s0.i2 1.000000 -0.445015
DS.d82.s0.i0 1.000000 0.886583
DS.d81.s0.i0 1.000000 0.591444
DS.d81.s0.i1 1.000000 0.794350
DS.d80.s0.i0 -1.000000 -0.578775
DS.d87.s0.i0 1.000000 0.918820
DS.d86.s1.i0 1.000000 -0.007901
DS.d86.s1.i1 -1.000000 -0.232215
DS.d86.s1.i2 -1.000000 -0.229799
DS.d86.s0.i1 1.000000 0.743555
DS.d86.s0.i0 1.000000 0.782488
DS.d85.s0.i0 1.000000 0.647224
DS.d540.s1.i0 -1.000000 -0.622847
DS.d540.s0.i0 1.000000 0.910230
DS.d825.s1.i4 -1.000000 -0.739343
DS.d825.s1.i5 -1.000000 -0.739343
DS.d825.s1.i2 -1.000000 -0.983896
DS.d825.s1.i3 -1.000000 -1.007762
DS.d825.s1.i0 -1.000000 -0.983896
DS.d825.s1.i1 -1.000000 -0.739024
DS.d825.s0.i1 1.000000 0.722612
DS.d825.s0.i0 1.000000 1.027619
DS.d825.s0.i3 1.000000 0.897951
DS.d825.s0.i2 1.000000 0.944454
DS.d825.s0.i5 1.000000 0.645385
DS.d825.s0.i4 1.000000 0.925577
DS.d825.s0.i7 1.000000 0.970549
DS.d825.s0.i6 1.000000 1.007934
DS.d825.s2.i1 -1.000000 -0.777265
DS.d825.s2.i0 -1.000000 -0.777265
DS.d789.s0.i0 1.000000 0.785261
DS.d789.s0.i1 1.000000 0.785261
DS.d788.s0.i24 -1.000000 -1.003581
DS.d788.s0.i25 -1.000000 -1.060450
DS.d788.s0.i26 -1.000000 -1.073421
DS.d788.s0.i27 -1.000000 -0.853895
DS.d788.s0.i20 -1.000000 -0.952272
DS.d788.s0.i21 -1.000000 -0.989542
DS.d788.s0.i22 -1.000000 -0.983284
DS.d788.s0.i23 -1.000000 -0.956485
DS.d788.s0.i32 -1.000000 -0.923155
DS.d788.s0.i28 -1.000000 -1.018607
DS.d788.s0.i29 -1.000000 -0.942988
DS.d788.s0.i38 -1.000000 -1.072754
DS.d788.s0.i1 -1.000000 -0.946184
DS.d788.s0.i0 -1.000000 -0.972311
DS.d788.s0.i3 -1.000000 -1.023176
DS.d788.s0.i2 -1.000000 -0.967438
DS.d788.s0.i5 -1.000000 -0.908468
DS.d788.s0.i4 -1.000000 -0.989569
DS.d788.s0.i7 -1.000000 -1.038812
DS.d788.s0.i6 -1.000000 -0.994685
DS.d788.s0.i9 -1.000000 -1.086715
DS.d788.s0.i8 -1.000000 -1.035452
DS.d788.s0.i39 -1.000000 -0.875843
DS.d788.s0.i19 -1.000000 -0.953831
DS.d788.s0.i18 -1.000000 -0.997781
DS.d788.s0.i31 -1.000000 -0.988664
DS.d788.s0.i30 -1.000000 -0.939915
DS.d788.s0.i37 -1.000000 -0.988083
DS.d788.s0.i36 -1.000000 -0.891736
DS.d788.s0.i35 -1.000000 -0.825519
DS.d788.s0.i34 -1.000000 -0.997191
DS.d788.s0.i11 -1.000000 -1.052315
DS.d788.s0.i10 -1.000000 -0.993900
DS.d788.s0.i13 -1.000000 -1.027282
DS.d788.s0.i12 -1.000000 -1.058837
DS.d788.s0.i15 -1.000000 -1.007786
DS.d788.s0.i14 -1.000000 -1.013988
DS.d788.s0.i17 -1.000000 -1.059516
DS.d788.s0.i16 -1.000000 -0.958087
DS.d788.s0.i33 -1.000000 -1.008830
DS.d787.s0.i0 1.000000 0.959894
DS.d787.s0.i1 1.000000 0.808180
DS.d787.s1.i0 1.000000 0.975294
DS.d786.s1.i0 1.000000 0.796632
DS.d786.s0.i0 1.000000 0.759736
DS.d785.s0.i0 1.000000 1.017214
DS.d785.s0.i1 1.000000 0.540819
DS.d784.s1.i0 1.000000 0.546774
DS.d784.s0.i0 1.000000 0.835720
DS.d783.s0.i0 -1.000000 -0.563256
DS.d782.s0.i0 1.000000 0.865034
DS.d781.s0.i0 1.000000 1.073771
DS.d781.s1.i1 1.000000 0.942391
DS.d781.s1.i0 1.000000 0.846163
DS.d780.s0.i1 -1.000000 -0.817092
DS.d780.s0.i0 -1.000000 -0.784822
DS.d780.s0.i2 -1.000000 -0.741656
DS.d668.s0.i0 1.000000 0.733923
DS.d669.s0.i0 -1.000000 0.357306
DS.d543.s0.i0 1.000000 0.388940
DS.d543.s0.i1 1.000000 0.228300
DS.d543.s0.i2 -1.000000 0.063672
DS.d542.s1.i0 -1.000000 -0.538989
DS.d542.s0.i1 -1.000000 -0.178604
DS.d542.s0.i0 1.000000 0.222230
DS.d331.s0.i1 1.000000 0.266100
DS.d331.s0.i0 -1.000000 0.070702
DS.d331.s0.i3 -1.000000 0.146568
DS.d331.s0.i2 1.000000 0.208668
DS.d544.s0.i3 -1.000000 -0.656298
DS.d544.s0.i2 -1.000000 -0.843109
DS.d544.s0.i1 -1.000000 -0.886103
DS.d544.s0.i0 -1.000000 -1.016450
DS.d547.s0.i0 -1.000000 -0.923253
DS.d547.s0.i1 -1.000000 -0.795326
DS.d547.s1.i3 1.000000 1.254364
DS.d547.s1.i2 1.000000 0.679189
DS.d547.s1.i1 1.000000 0.679189
DS.d547.s1.i0 1.000000 0.790467
DS.d546.s0.i1 1.000000 0.867442
DS.d546.s0.i0 1.000000 0.866254
DS.d660.s0.i0 1.000000 0.831247
DS.d660.s0.i1 1.000000 0.784483
DS.d661.s0.i0 1.000000 0.927220
DS.d662.s0.i0 1.000000 0.605022
DS.d662.s0.i1 1.000000 0.419448
DS.d662.s0.i2 -1.000000 0.192901
DS.d662.s0.i3 1.000000 0.640504
DS.d663.s0.i1 -1.000000 -0.816505
DS.d663.s0.i0 -1.000000 -0.767719
DS.d664.s0.i2 -1.000000 -0.747853
DS.d664.s0.i3 -1.000000 -0.833064
DS.d664.s0.i0 -1.000000 -0.826073
DS.d664.s0.i1 -1.000000 -0.789539
DS.d665.s0.i0 1.000000 1.130298
DS.d666.s0.i0 1.000000 0.673076
DS.d666.s0.i1 1.000000 0.878245
DS.d666.s0.i2 1.000000 0.771614
DS.d667.s0.i0 1.000000 0.753313
DS.d545.s0.i0 1.000000 0.669689
DS.d545.s1.i0 1.000000 0.627762
