DS1.d3.s0.i0 1.0 2.16749108039
DS1.d3.s0.i1 1.0 2.96911208496
DS1.d3.s0.i2 1.0 2.96911208496
DS1.d3.s1.i0 1.0 -0.178254138056
DS1.d3.s1.i1 1.0 0.234963890066
DS1.d4.s0.i0 1.0 0.182657296865
DS1.d4.s0.i1 1.0 0.081197873308
DS1.d38.s0.i0 1.0 0.645930026306
DS1.d38.s1.i0 1.0 1.50074968631
DS1.d38.s1.i1 1.0 1.0895047277
DS1.d38.s2.i0 1.0 1.60417859861
DS1.d38.s3.i0 -1 -1.391402318
DS1.d45.s0.i0 -1 -0.641985691221
DS1.d45.s0.i1 -1 -0.641985691221
DS1.d68.s0.i0 1.0 0.838181692502
DS1.d86.s0.i0 1.0 1.08425368655
DS1.d86.s0.i1 1.0 1.44549897294
DS1.d86.s1.i0 1.0 -0.240182667238
DS1.d86.s1.i1 -1 -0.102267773075
DS1.d86.s1.i2 -1 -0.498793178344
DS1.d90.s0.i0 -1 0.277431252315
DS1.d90.s0.i1 -1 -0.487476466309
DS1.d90.s1.i0 1.0 1.95656320616
DS1.d90.s1.i1 1.0 1.87926824694
DS1.d90.s1.i2 1.0 0.254252453148
DS1.d90.s1.i3 1.0 0.266754721402
DS1.d90.s1.i4 1.0 0.229898856001
DS1.d90.s1.i5 1.0 0.471103345168
DS1.d99.s0.i0 1.0 2.14533088794
DS1.d101.s0.i0 1.0 -0.38843430748
DS1.d103.s0.i0 -1 -0.935182403813
DS1.d125.s0.i0 1.0 1.39004015141
DS1.d125.s0.i1 1.0 2.17904811241
DS1.d135.s0.i0 1.0 -1.07202005389
DS1.d135.s0.i1 1.0 -1.18581979112
DS1.d135.s1.i0 1.0 -0.965622947126
DS1.d135.s1.i1 -1 -1.52440595314
DS1.d135.s1.i2 -1 -2.14600712835
DS1.d153.s0.i0 -1 0.607439008544
DS1.d153.s0.i1 -1 0.0535272266944
DS1.d162.s0.i0 1.0 0.955964670947
DS1.d162.s1.i0 1.0 0.831763002943
DS1.d167.s0.i0 1.0 0.751791223451
DS1.d176.s0.i0 1.0 -0.576909499082
DS1.d176.s0.i1 1.0 -0.615994413614
DS1.d176.s0.i2 1.0 -0.506207519697
DS1.d191.s0.i0 -1 0.190688396671
DS1.d220.s0.i0 -1 0.00523467739424
DS1.d220.s0.i1 -1 -0.424026835938
DS1.d220.s1.i0 -1 -0.606981631212
DS1.d220.s1.i1 1.0 0.363666066408
DS1.d225.s0.i0 1.0 0.437890793977
DS1.d225.s1.i0 1.0 0.153676858299
DS1.d229.s0.i0 1.0 0.784762933925
DS1.d243.s0.i0 1.0 1.21413100973
DS1.d243.s0.i1 1.0 1.21413100973
DS1.d243.s0.i2 1.0 1.21413100973
DS1.d254.s0.i0 1.0 2.0120751538
DS1.d254.s0.i1 1.0 2.00959710269
DS1.d254.s1.i0 -1 0.106990663492
DS1.d254.s1.i1 -1 0.29032701066
DS1.d254.s2.i0 -1 0.971489020741
DS1.d254.s2.i1 1.0 0.841527208417
DS1.d258.s0.i0 1.0 0.0354597850839
DS1.d260.s0.i0 1.0 1.14047945133
DS1.d260.s0.i1 1.0 0.145036966721
DS1.d260.s0.i2 -1 0.504922681715
DS1.d260.s1.i0 -1 1.62708761932
DS1.d260.s1.i1 1.0 1.62708761932
DS1.d270.s0.i0 1.0 -0.0436085390314
DS1.d271.s0.i0 1.0 0.499040130632
DS1.d283.s0.i0 1.0 0.273584101965
DS1.d283.s0.i1 1.0 0.67493797633
DS1.d283.s0.i2 1.0 0.782179852732
DS1.d283.s0.i3 1.0 0.119117141919
DS1.d284.s0.i0 -1 -3.08961534394
DS1.d287.s0.i0 1.0 0.800017977445
DS1.d287.s0.i1 1.0 1.59833448954
DS1.d287.s1.i0 -1 -1.27999736484
DS1.d287.s1.i1 -1 -1.13980129445
DS1.d287.s2.i0 1.0 1.51075816541
DS1.d287.s2.i1 -1 1.42601765711
DS1.d287.s3.i0 1.0 -0.236563200639
DS1.d295.s0.i0 1.0 -0.0719233055066
DS1.d295.s1.i0 -1 0.509465736469
DS1.d298.s0.i0 1.0 1.51664092611
DS1.d299.s0.i0 -1 0.787087375932
DS1.d299.s0.i1 -1 0.76528375691
DS1.d308.s0.i0 1.0 1.59034531655
DS1.d308.s0.i1 1.0 2.0736084767
DS1.d308.s1.i0 1.0 0.618024917572
DS1.d308.s1.i1 1.0 0.792630935022
DS1.d308.s1.i2 1.0 0.256944810241
DS1.d308.s2.i0 1.0 1.46285177656
DS1.d308.s3.i0 1.0 1.45248084916
DS1.d308.s3.i1 1.0 1.42147991857
DS1.d308.s4.i0 1.0 2.34478827461
DS1.d308.s4.i1 1.0 2.34478827461
DS1.d308.s5.i0 1.0 1.32043694567
DS1.d308.s5.i1 1.0 1.32043694567
DS1.d322.s0.i0 1.0 1.09851729128
DS1.d322.s1.i0 -1 1.18869736959
DS1.d322.s1.i1 -1 1.07202738864
DS1.d328.s0.i0 -1 -1.37648388207
DS1.d328.s1.i0 1.0 1.701122238
DS1.d328.s1.i1 1.0 1.36904034563
DS1.d333.s0.i0 1.0 1.03072698429
DS1.d339.s0.i0 -1 0.448596154325
DS1.d339.s0.i1 -1 0.0478005490915
DS1.d346.s0.i0 1.0 1.80783170623
DS1.d346.s1.i0 -1 1.53186167179
DS1.d346.s1.i1 -1 1.22856229415
DS1.d356.s0.i0 1.0 0.635235393038
DS1.d378.s0.i0 -1 0.303316803158
DS1.d378.s0.i1 1.0 -0.710424099844
DS1.d378.s0.i2 -1 0.395056895531
DS1.d378.s0.i3 -1 0.499987767376
DS1.d378.s1.i0 -1 -0.544232244855
DS1.d401.s0.i0 1.0 -0.333888984217
DS1.d401.s0.i1 1.0 0.0783948998402
DS1.d436.s0.i0 1.0 0.740163811694
DS1.d441.s0.i0 1.0 1.74979252677
DS1.d441.s1.i0 1.0 0.718070643176
DS1.d441.s2.i0 1.0 0.530420599293
DS1.d443.s0.i0 1.0 1.14130838446
DS1.d443.s0.i1 1.0 0.60409016171
DS1.d443.s1.i0 -1 0.918470902127
DS1.d443.s1.i1 -1 0.458283369638
DS1.d443.s1.i2 1.0 0.0858217819558
DS1.d443.s2.i0 1.0 1.83161519917
DS1.d443.s2.i1 1.0 1.13076157827
DS1.d443.s2.i2 1.0 0.335383720236
DS1.d444.s0.i0 -1 -1.07380247022
DS1.d444.s0.i1 1.0 1.66180840465
DS1.d444.s0.i2 -1 -1.20200275296
DS1.d476.s0.i0 1.0 1.48068664512
DS1.d476.s0.i1 1.0 1.96018967917
DS1.d478.s0.i0 1.0 1.88033573293
DS1.d488.s0.i0 -1 1.66024475603
DS1.d488.s0.i1 -1 0.498278596254
DS1.d488.s0.i2 1.0 0.650079089266
DS1.d488.s0.i3 -1 -0.390335952294
DS1.d488.s0.i4 -1 0.0351549394823
DS1.d488.s0.i5 1.0 0.0826959224998
DS1.d488.s0.i6 -1 0.945046779401
DS1.d488.s0.i7 -1 0.508918933914
DS1.d488.s0.i8 -1 -0.74504045816
DS1.d488.s0.i9 1.0 1.6054454365
DS1.d488.s0.i10 -1 0.860845620105
DS1.d488.s0.i11 -1 -1.33117430554
DS1.d488.s0.i12 -1 -1.08327454613
DS1.d488.s0.i13 -1 -1.89205089703
DS1.d488.s0.i14 -1 -0.678521659418
DS1.d489.s0.i0 1.0 -1.01204101514
DS1.d489.s0.i1 1.0 -1.26236153496
DS1.d499.s0.i0 1.0 2.31624725332
DS1.d499.s0.i1 1.0 1.71472478172
DS1.d500.s0.i0 1.0 1.89151387951
DS1.d506.s0.i0 1.0 -0.656109347922
DS1.d506.s0.i1 1.0 -0.320997462915
DS1.d508.s0.i0 1.0 1.86235731526
DS1.d515.s0.i0 -1 -0.419650306575
DS1.d515.s0.i1 -1 -0.455937457153
DS1.d515.s1.i0 -1 0.07832972401
DS1.d515.s1.i1 -1 0.40859630713
DS1.d517.s0.i0 1.0 1.05030201509
DS1.d517.s0.i1 1.0 0.628169172369
DS1.d527.s0.i0 1.0 0.538076675712
DS1.d527.s0.i1 1.0 1.2025033003
DS1.d527.s0.i2 1.0 0.162308200352
DS1.d527.s0.i3 1.0 0.386896925799
DS1.d527.s1.i0 1.0 0.987935744222
DS1.d527.s1.i1 1.0 -0.0322632221659
DS1.d533.s0.i0 1.0 0.0630305081059
DS1.d533.s0.i1 1.0 0.284620062986
DS1.d537.s0.i0 -1 0.0109294693573
DS1.d537.s0.i1 -1 0.40233825331
DS1.d537.s0.i2 -1 -0.0750084685199
DS1.d545.s0.i0 1.0 0.930433084019
DS1.d545.s1.i0 1.0 0.543343385745
DS1.d559.s0.i0 -1 -0.587683820943
DS1.d559.s0.i1 -1 -0.577311640284
DS1.d559.s0.i2 -1 -0.0961808631746
DS1.d559.s0.i3 -1 -0.587683820943
DS1.d578.s0.i0 1.0 0.120023968226
DS1.d578.s0.i1 1.0 0.396560378762
DS1.d578.s0.i2 1.0 0.298587315162
DS1.d580.s0.i0 1.0 1.55932136114
DS1.d580.s0.i1 1.0 1.04650388843
DS1.d601.s0.i0 1.0 1.13257808736
DS1.d603.s0.i0 1.0 -0.424454020563
DS1.d603.s0.i1 1.0 1.41000382545
DS1.d609.s0.i0 -1 -0.0704799807113
DS1.d609.s0.i1 1.0 0.414522472868
DS1.d609.s1.i0 -1 -0.0353002149556
DS1.d609.s1.i1 -1 0.322685213548
DS1.d609.s1.i2 1.0 1.62714559213
DS1.d613.s0.i0 1.0 0.744576053375
DS1.d634.s0.i0 1.0 1.05675414218
DS1.d634.s0.i1 1.0 1.00903957555
DS1.d634.s0.i2 1.0 0.926577161676
DS1.d634.s0.i3 1.0 1.13827744613
DS1.d634.s0.i4 1.0 0.900929071617
DS1.d634.s0.i5 1.0 0.788395407544
DS1.d634.s0.i6 1.0 0.910895514875
DS1.d634.s0.i7 1.0 0.944622314242
DS1.d647.s0.i0 -1 0.234221921746
DS1.d679.s0.i0 -1 -1.28584340881
DS1.d685.s0.i0 1.0 0.804735228253
DS1.d685.s0.i1 1.0 0.660477507962
DS1.d685.s0.i2 1.0 0.687058837026
DS1.d685.s1.i0 1.0 3.08081439521
DS1.d685.s1.i1 1.0 2.67910205067
DS1.d685.s1.i2 1.0 2.61475487668
DS1.d722.s0.i0 -1 -0.205022627435
DS1.d722.s0.i1 -1 -0.0822765796586
DS1.d723.s0.i0 1.0 1.24739249501
DS1.d730.s0.i0 1.0 -1.02093639419
DS1.d738.s0.i0 1.0 1.12134334234
DS1.d738.s0.i1 1.0 0.877147452153
DS1.d738.s1.i0 1.0 0.0633979651137
DS1.d747.s0.i0 1.0 0.872275571374
DS1.d747.s0.i1 1.0 0.455271700633
DS1.d747.s0.i2 1.0 0.872275571374
DS1.d747.s0.i3 1.0 0.455271700633
DS1.d751.s0.i0 1.0 1.11013021563
DS1.d753.s0.i0 1.0 -1.85341661154
DS1.d753.s1.i0 1.0 -0.328853921939
DS1.d753.s1.i1 1.0 -0.115815325265
DS1.d753.s2.i0 -1 -0.0924467074393
DS1.d753.s2.i1 -1 -0.0638006784062
DS1.d758.s0.i0 1.0 0.655379207172
DS1.d764.s0.i0 -1 -0.452681995488
DS1.d764.s0.i1 -1 -0.447645599793
DS1.d764.s0.i2 -1 -0.429144480023
DS1.d764.s0.i3 -1 -0.682609858817
DS1.d764.s0.i4 -1 -0.661371327124
DS1.d764.s0.i5 -1 -0.424108084327
DS1.d770.s0.i0 1.0 1.22159135477
DS1.d770.s0.i1 1.0 0.917509256095
DS1.d794.s0.i0 1.0 0.285350746941
DS1.d794.s0.i1 1.0 0.7452749061
DS1.d801.s0.i0 1.0 0.0892304639508
DS1.d815.s0.i0 1.0 -0.295031519894
DS1.d815.s0.i1 1.0 -0.293917009287
DS1.d815.s0.i2 1.0 -0.0581384094842
