DS.d963.s0.i0 1.000000 0.749295
DS.d963.s1.i0 1.000000 0.720913
DS.d1411.s0.i0 -1.000000 -0.350387
DS.d1758.s0.i0 -1.000000 -0.210954
DS.d1846.s0.i0 1.000000 0.714472
DS.d1756.s0.i0 -1.000000 -0.345195
DS.d1756.s0.i1 -1.000000 -0.345195
DS.d1844.s2.i0 -1.000000 -0.186498
DS.d1844.s0.i0 1.000000 0.733979
DS.d1844.s1.i0 1.000000 0.569211
DS.d1845.s0.i5 -1.000000 -0.678299
DS.d1845.s0.i4 -1.000000 -0.678299
DS.d1845.s0.i1 -1.000000 -0.842543
DS.d1845.s0.i0 -1.000000 -0.824311
DS.d1845.s0.i3 -1.000000 -0.842543
DS.d1845.s0.i2 -1.000000 -0.824311
DS.d1842.s0.i0 1.000000 0.900675
DS.d1842.s0.i1 1.000000 0.822328
DS.d1843.s1.i0 1.000000 0.376827
DS.d1843.s0.i0 1.000000 0.647751
DS.d1841.s1.i0 1.000000 0.685838
DS.d1841.s0.i0 1.000000 0.781502
DS.d1049.s0.i0 -1.000000 -0.750764
DS.d1849.s0.i0 1.000000 0.586220
DS.d1290.s0.i20 -1.000000 -1.048641
DS.d1290.s0.i21 -1.000000 -1.061161
DS.d1290.s0.i22 -1.000000 -1.063048
DS.d1290.s0.i23 -1.000000 -1.052032
DS.d1290.s0.i5 -1.000000 -0.935720
DS.d1290.s0.i4 -1.000000 -0.931532
DS.d1290.s0.i7 -1.000000 -1.057577
DS.d1290.s0.i6 -1.000000 -1.029468
DS.d1290.s0.i1 -1.000000 -1.054192
DS.d1290.s0.i0 -1.000000 -1.025219
DS.d1290.s0.i3 -1.000000 -1.018768
DS.d1290.s0.i2 -1.000000 -1.062559
DS.d1290.s0.i9 -1.000000 -1.025219
DS.d1290.s0.i8 -1.000000 -1.058946
DS.d1290.s0.i11 -1.000000 -1.063829
DS.d1290.s0.i10 -1.000000 -0.924897
DS.d1290.s0.i13 -1.000000 -0.924218
DS.d1290.s0.i12 -1.000000 -1.063639
DS.d1290.s0.i15 -1.000000 -1.055502
DS.d1290.s0.i14 -1.000000 -1.057596
DS.d1290.s0.i17 -1.000000 -1.029468
DS.d1290.s0.i16 -1.000000 -1.017559
DS.d1290.s0.i19 -1.000000 -1.017559
DS.d1290.s0.i18 -1.000000 -1.018768
DS.d968.s0.i1 1.000000 0.752878
DS.d968.s0.i0 1.000000 0.752355
DS.d981.s0.i0 1.000000 0.826614
DS.d980.s0.i0 1.000000 0.607885
DS.d1695.s0.i0 1.000000 0.504738
DS.d982.s1.i0 -1.000000 -0.198196
DS.d982.s0.i0 -1.000000 -0.852527
DS.d985.s0.i0 1.000000 0.860496
DS.d984.s0.i1 1.000000 0.711219
DS.d984.s0.i0 1.000000 0.829409
DS.d987.s0.i8 -1.000000 -0.926146
DS.d987.s0.i9 -1.000000 -0.989851
DS.d987.s0.i0 -1.000000 -0.859184
DS.d987.s0.i1 -1.000000 -0.704288
DS.d987.s0.i2 -1.000000 -0.932603
DS.d987.s0.i3 -1.000000 -0.941816
DS.d987.s0.i4 -1.000000 -0.819907
DS.d987.s0.i5 -1.000000 -1.004003
DS.d987.s0.i6 -1.000000 -0.989248
DS.d987.s0.i7 -1.000000 -1.015770
DS.d986.s0.i0 1.000000 0.643884
DS.d989.s0.i2 -1.000000 -0.948269
DS.d989.s0.i3 -1.000000 -0.945105
DS.d989.s0.i0 -1.000000 -0.986077
DS.d989.s0.i1 -1.000000 -1.023248
DS.d988.s0.i0 1.000000 0.237874
DS.d929.s0.i0 1.000000 0.448055
DS.d929.s0.i1 1.000000 0.290455
DS.d929.s0.i2 1.000000 0.481066
DS.d929.s0.i3 1.000000 0.415001
DS.d929.s0.i4 1.000000 0.455757
DS.d929.s0.i5 -1.000000 -0.024512
DS.d929.s0.i6 -1.000000 -0.039846
DS.d1698.s0.i0 1.000000 0.755559
DS.d1352.s0.i0 1.000000 0.722658
DS.d1598.s0.i0 1.000000 0.839447
DS.d1598.s1.i0 1.000000 0.523398
DS.d1599.s1.i0 1.000000 0.842357
DS.d1599.s0.i0 1.000000 0.372441
DS.d860.s0.i0 1.000000 0.583516
DS.d860.s1.i1 1.000000 0.845619
DS.d860.s1.i0 1.000000 0.962523
DS.d1594.s0.i0 1.000000 0.492595
DS.d1595.s0.i0 1.000000 0.406398
DS.d1596.s0.i0 1.000000 0.499404
DS.d1596.s1.i1 1.000000 0.838673
DS.d1596.s1.i0 1.000000 0.881976
DS.d1597.s0.i0 -1.000000 -0.318969
DS.d1590.s0.i4 -1.000000 -0.765012
DS.d1590.s0.i2 -1.000000 -0.757162
DS.d1590.s0.i3 -1.000000 -0.688768
DS.d1590.s0.i0 -1.000000 -0.809722
DS.d1590.s0.i1 -1.000000 -0.863635
DS.d1591.s0.i0 1.000000 0.643114
DS.d1592.s0.i0 -1.000000 -0.433710
DS.d1593.s0.i0 1.000000 0.769498
DS.d1165.s0.i0 1.000000 0.549358
DS.d1164.s0.i0 -1.000000 -0.587666
DS.d1167.s0.i0 1.000000 0.755839
DS.d1166.s0.i1 -1.000000 -0.984470
DS.d1166.s0.i0 -1.000000 -0.972532
DS.d1166.s0.i3 -1.000000 -0.920146
DS.d1166.s0.i2 -1.000000 -0.914451
DS.d1161.s0.i0 1.000000 0.730567
DS.d1161.s0.i1 1.000000 0.692957
DS.d1160.s0.i0 1.000000 0.549507
DS.d1163.s0.i0 1.000000 0.395595
DS.d1163.s0.i1 1.000000 0.335269
DS.d1163.s0.i2 -1.000000 -0.016013
DS.d1163.s1.i0 1.000000 0.363723
DS.d1162.s0.i0 1.000000 0.979679
DS.d1604.s0.i0 -1.000000 -1.139036
DS.d1604.s0.i1 -1.000000 -1.117217
DS.d1604.s1.i1 -1.000000 -0.766176
DS.d1604.s1.i0 -1.000000 -0.765795
DS.d1604.s1.i2 -1.000000 -0.822857
DS.d1604.s2.i0 -1.000000 -0.967342
DS.d1604.s2.i1 -1.000000 -0.919273
DS.d1605.s1.i0 1.000000 0.659117
DS.d1605.s0.i0 1.000000 0.465018
DS.d1606.s0.i0 -1.000000 -1.013391
DS.d1606.s0.i1 -1.000000 -0.930553
DS.d1606.s0.i2 -1.000000 -1.005214
DS.d1606.s0.i3 -1.000000 -0.947809
DS.d1607.s0.i0 1.000000 0.671003
DS.d1600.s0.i0 1.000000 0.529659
DS.d1600.s1.i0 -1.000000 0.083521
DS.d1168.s0.i0 1.000000 0.628531
DS.d1602.s0.i0 1.000000 0.791866
DS.d1602.s1.i1 -1.000000 -0.576714
DS.d1602.s1.i0 -1.000000 -0.708440
DS.d1603.s0.i1 -1.000000 -0.958366
DS.d1603.s0.i0 -1.000000 -0.957597
DS.d1727.s0.i0 1.000000 0.642349
DS.d1761.s0.i1 -1.000000 -0.769281
DS.d1761.s0.i2 -1.000000 -0.711564
DS.d1761.s0.i3 -1.000000 -0.829891
DS.d1760.s0.i0 1.000000 0.789168
DS.d938.s0.i0 1.000000 0.917871
DS.d939.s0.i0 -1.000000 -0.426155
DS.d1765.s0.i0 1.000000 0.770523
DS.d1765.s0.i1 1.000000 0.791649
DS.d1726.s2.i1 -1.000000 -0.247967
DS.d1726.s2.i0 -1.000000 -0.247967
DS.d1726.s1.i0 1.000000 0.817416
DS.d1726.s1.i1 1.000000 0.543988
DS.d1726.s0.i3 -1.000000 -0.837047
DS.d1726.s0.i1 -1.000000 -0.526825
DS.d1726.s0.i7 -1.000000 -0.792202
DS.d1726.s0.i6 -1.000000 -0.686426
DS.d934.s0.i2 -1.000000 -1.027729
DS.d934.s0.i3 -1.000000 -0.956579
DS.d934.s0.i0 -1.000000 -0.909722
DS.d934.s0.i1 -1.000000 -0.950901
DS.d934.s0.i4 -1.000000 -1.058779
DS.d934.s0.i5 -1.000000 -0.935735
DS.d934.s1.i5 -1.000000 -1.065483
DS.d934.s1.i4 -1.000000 -1.106280
DS.d934.s1.i7 -1.000000 -1.058503
DS.d934.s1.i6 -1.000000 -1.024477
DS.d934.s1.i1 -1.000000 -1.081994
DS.d934.s1.i0 -1.000000 -1.017035
DS.d934.s1.i3 -1.000000 -1.065764
DS.d934.s1.i2 -1.000000 -1.071412
DS.d935.s0.i1 -1.000000 -0.597679
DS.d935.s0.i0 -1.000000 -0.538754
DS.d936.s0.i0 1.000000 0.407654
DS.d937.s0.i1 1.000000 -0.567456
DS.d937.s0.i0 1.000000 -0.509640
DS.d930.s0.i2 -1.000000 -0.999989
DS.d930.s0.i0 -1.000000 -0.758357
DS.d930.s0.i1 -1.000000 -0.996818
DS.d931.s1.i0 1.000000 0.568303
DS.d931.s0.i0 1.000000 0.805029
DS.d932.s0.i0 1.000000 1.075161
DS.d933.s0.i1 -1.000000 -0.670815
DS.d933.s0.i0 -1.000000 -0.656973
DS.d1024.s0.i8 -1.000000 -0.914966
DS.d1024.s0.i9 -1.000000 -0.930922
DS.d1024.s0.i2 -1.000000 -0.964121
DS.d1024.s0.i3 -1.000000 -0.873795
DS.d1024.s0.i0 -1.000000 -0.947042
DS.d1024.s0.i1 -1.000000 -0.937087
DS.d1024.s0.i6 -1.000000 -0.862196
DS.d1024.s0.i7 -1.000000 -0.879955
DS.d1024.s0.i4 -1.000000 -0.999623
DS.d1024.s0.i5 -1.000000 -0.907297
DS.d1024.s1.i1 -1.000000 -0.888635
DS.d1024.s1.i0 -1.000000 -0.527704
DS.d1024.s2.i0 -1.000000 -0.842031
DS.d1024.s2.i1 -1.000000 -0.878856
DS.d1026.s0.i0 1.000000 0.601743
DS.d1026.s1.i0 1.000000 1.088678
DS.d1027.s0.i1 -1.000000 -0.634533
DS.d1027.s0.i0 -1.000000 -0.634533
DS.d1021.s0.i0 -1.000000 -0.652441
DS.d1022.s0.i0 -1.000000 -0.401010
DS.d1023.s0.i1 1.000000 0.512862
DS.d1023.s0.i0 1.000000 0.548451
DS.d1181.s0.i0 -1.000000 -0.282408
DS.d1181.s1.i0 -1.000000 0.125316
DS.d1187.s0.i2 -1.000000 -0.763119
DS.d1187.s0.i3 -1.000000 -0.818331
DS.d1187.s0.i0 -1.000000 -0.775604
DS.d1187.s0.i1 -1.000000 -0.831897
DS.d1187.s1.i0 1.000000 0.526863
DS.d1186.s1.i0 1.000000 0.737795
DS.d1186.s0.i0 1.000000 0.252546
DS.d1184.s1.i0 -1.000000 -0.723878
DS.d1184.s0.i0 -1.000000 -0.486268
DS.d1720.s0.i0 1.000000 0.546401
DS.d1379.s1.i0 1.000000 0.971284
DS.d1379.s1.i1 1.000000 0.894323
DS.d1379.s1.i2 1.000000 0.762240
DS.d1379.s1.i3 1.000000 0.722052
DS.d1379.s0.i0 1.000000 0.629638
DS.d1410.s0.i19 -1.000000 -0.965830
DS.d1410.s0.i18 -1.000000 -0.922661
DS.d1410.s0.i13 -1.000000 -0.919839
DS.d1410.s0.i12 -1.000000 -0.922661
DS.d1410.s0.i11 -1.000000 -0.988910
DS.d1410.s0.i10 -1.000000 -0.822416
DS.d1410.s0.i17 -1.000000 -0.961123
DS.d1410.s0.i16 -1.000000 -1.095165
DS.d1410.s0.i15 -1.000000 -1.044026
DS.d1410.s0.i14 -1.000000 -1.057774
DS.d1410.s0.i3 -1.000000 -0.961123
DS.d1410.s0.i2 -1.000000 -1.015490
DS.d1410.s0.i1 -1.000000 -1.076024
DS.d1410.s0.i0 -1.000000 -0.983866
DS.d1410.s0.i7 -1.000000 -0.936224
DS.d1410.s0.i6 -1.000000 -1.099631
DS.d1410.s0.i5 -1.000000 -0.988910
DS.d1410.s0.i4 -1.000000 -1.099631
DS.d1410.s0.i9 -1.000000 -0.894799
DS.d1410.s0.i8 -1.000000 -0.969199
DS.d1734.s0.i0 -1.000000 -1.159006
DS.d1734.s0.i1 -1.000000 -1.284277
DS.d1734.s1.i0 -1.000000 -0.444883
DS.d1110.s0.i0 1.000000 0.751012
DS.d1110.s0.i1 1.000000 0.751012
DS.d1111.s0.i0 1.000000 0.499892
DS.d1112.s0.i0 -1.000000 -0.475258
DS.d1113.s0.i0 -1.000000 -0.190125
DS.d1503.s0.i0 1.000000 0.784172
DS.d1503.s1.i0 1.000000 0.730852
DS.d1115.s1.i0 -1.000000 -1.105770
DS.d1115.s1.i1 -1.000000 -1.196710
DS.d1115.s1.i2 -1.000000 -1.038123
DS.d1115.s1.i3 -1.000000 -0.967829
DS.d1115.s0.i0 1.000000 0.119753
DS.d1116.s0.i0 1.000000 0.619277
DS.d1116.s1.i1 1.000000 0.577048
DS.d1116.s1.i0 1.000000 0.634900
DS.d1117.s0.i0 1.000000 0.935756
DS.d1118.s0.i0 1.000000 1.038094
DS.d1119.s0.i0 1.000000 0.563798
DS.d1509.s0.i0 -1.000000 -0.832261
DS.d1509.s0.i1 -1.000000 -0.828728
DS.d1509.s0.i2 -1.000000 -0.767758
DS.d1509.s1.i3 -1.000000 -0.866296
DS.d1509.s1.i2 -1.000000 -0.865497
DS.d1509.s1.i1 -1.000000 -0.832505
DS.d1509.s1.i0 -1.000000 -0.848742
DS.d1508.s0.i0 1.000000 0.778414
DS.d1231.s0.i0 -1.000000 -0.886710
DS.d1231.s1.i0 1.000000 0.159123
DS.d1230.s0.i3 -1.000000 -1.024796
DS.d1230.s0.i2 -1.000000 -0.996961
DS.d1230.s0.i1 -1.000000 -1.015124
DS.d1230.s0.i0 -1.000000 -0.976968
DS.d1230.s0.i7 -1.000000 -0.967352
DS.d1230.s0.i6 -1.000000 -0.967464
DS.d1230.s0.i5 -1.000000 -0.980469
DS.d1230.s0.i4 -1.000000 -0.964571
DS.d1233.s0.i0 -1.000000 -0.096637
DS.d1232.s0.i0 -1.000000 -0.212444
DS.d1235.s0.i2 -1.000000 -0.417783
DS.d1235.s0.i0 1.000000 -0.183495
DS.d1235.s0.i1 -1.000000 -0.027545
DS.d1234.s1.i0 1.000000 0.844997
DS.d1234.s0.i1 1.000000 0.062736
DS.d1234.s0.i0 -1.000000 0.204971
DS.d1237.s0.i0 1.000000 0.562906
DS.d1236.s1.i0 -1.000000 -0.523083
DS.d1236.s0.i0 -1.000000 -0.583570
DS.d1236.s2.i0 -1.000000 -0.264509
DS.d1239.s0.i0 -1.000000 -0.361123
DS.d1238.s0.i3 -1.000000 -0.528458
DS.d1238.s0.i2 -1.000000 -0.519776
DS.d1238.s0.i1 -1.000000 -0.519166
DS.d1238.s0.i0 -1.000000 -0.548976
DS.d1332.s0.i0 1.000000 0.310404
DS.d1332.s0.i1 1.000000 0.289444
DS.d1332.s1.i1 -1.000000 -0.654447
DS.d1332.s1.i0 -1.000000 -0.749183
DS.d1333.s0.i0 1.000000 0.784642
DS.d1334.s0.i0 -1.000000 -0.036675
DS.d1335.s3.i0 1.000000 0.968764
DS.d1335.s2.i0 1.000000 0.843827
DS.d1335.s1.i0 1.000000 0.951352
DS.d1335.s0.i0 1.000000 0.366254
DS.d1335.s4.i0 1.000000 0.692641
DS.d1336.s0.i0 -1.000000 -0.611767
DS.d1337.s0.i0 -1.000000 -0.265381
DS.d1419.s0.i0 1.000000 0.662450
DS.d1419.s0.i1 1.000000 0.861497
DS.d1003.s0.i1 -1.000000 -0.817256
DS.d1003.s0.i0 -1.000000 -0.722036
DS.d1000.s0.i0 1.000000 0.743457
DS.d1000.s0.i1 1.000000 0.705059
DS.d1354.s0.i0 -1.000000 -0.546975
DS.d1354.s0.i1 -1.000000 -0.556692
DS.d1001.s1.i0 1.000000 0.663904
DS.d1001.s0.i1 1.000000 1.030634
DS.d1001.s0.i0 1.000000 0.991928
DS.d1006.s0.i0 -1.000000 -0.842363
DS.d1123.s0.i0 1.000000 0.354961
DS.d1123.s1.i1 1.000000 0.705766
DS.d1123.s1.i0 1.000000 0.501436
DS.d1007.s3.i0 1.000000 0.629592
DS.d1007.s2.i0 -1.000000 -0.484939
DS.d1007.s1.i4 1.000000 0.834543
DS.d1007.s1.i5 1.000000 0.784256
DS.d1007.s1.i0 1.000000 0.860577
DS.d1007.s1.i1 1.000000 0.894556
DS.d1007.s1.i2 1.000000 0.811215
DS.d1007.s1.i3 1.000000 0.853819
DS.d1007.s0.i0 1.000000 0.903663
DS.d1007.s4.i1 1.000000 0.686297
DS.d1007.s4.i0 1.000000 0.932899
DS.d1439.s0.i4 -1.000000 -0.949831
DS.d1439.s0.i5 -1.000000 -0.907188
DS.d1439.s0.i6 -1.000000 -0.941866
DS.d1439.s0.i7 -1.000000 -0.899945
DS.d1439.s0.i0 -1.000000 -0.860734
DS.d1439.s0.i1 -1.000000 -0.861424
DS.d1439.s0.i2 -1.000000 -0.956624
DS.d1439.s0.i3 -1.000000 -0.863834
DS.d1438.s0.i0 -1.000000 -0.595822
DS.d1349.s0.i0 -1.000000 -0.276568
DS.d1348.s1.i0 1.000000 0.566139
DS.d1348.s0.i0 -1.000000 -0.335852
DS.d1345.s0.i0 -1.000000 -0.216240
DS.d1344.s0.i3 -1.000000 -0.962394
DS.d1344.s0.i2 -1.000000 -0.990639
DS.d1344.s0.i1 -1.000000 -0.965518
DS.d1344.s0.i0 -1.000000 -0.982806
DS.d1344.s0.i7 -1.000000 -0.968324
DS.d1344.s0.i6 -1.000000 -0.961016
DS.d1344.s0.i5 -1.000000 -0.989405
DS.d1344.s0.i4 -1.000000 -0.976376
DS.d1347.s0.i0 1.000000 0.999945
DS.d1346.s1.i0 1.000000 0.549899
DS.d1346.s0.i1 -1.000000 0.160869
DS.d1346.s0.i0 1.000000 0.348624
DS.d1437.s0.i0 1.000000 0.174218
DS.d1340.s0.i0 1.000000 1.040711
DS.d1435.s0.i0 1.000000 0.893443
DS.d1435.s1.i0 1.000000 0.565046
DS.d1434.s1.i0 1.000000 0.825321
DS.d1434.s0.i0 1.000000 0.521669
DS.d1299.s0.i4 -1.000000 -0.402910
DS.d1299.s0.i0 -1.000000 -0.402910
DS.d1299.s0.i1 -1.000000 -0.402910
DS.d1299.s0.i2 1.000000 0.072490
DS.d1299.s0.i3 1.000000 0.072490
DS.d1802.s0.i0 -1.000000 -0.530906
DS.d1803.s3.i0 1.000000 0.974234
DS.d1803.s3.i1 1.000000 0.937898
DS.d1803.s2.i0 1.000000 0.451870
DS.d1803.s1.i0 -1.000000 -0.459133
DS.d1803.s1.i1 -1.000000 -0.473385
DS.d1803.s1.i2 -1.000000 0.249160
DS.d1803.s1.i3 -1.000000 -0.439757
DS.d1803.s1.i4 1.000000 0.194280
DS.d1803.s1.i5 1.000000 0.239361
DS.d1803.s0.i0 1.000000 1.022748
DS.d1800.s0.i0 -1.000000 -0.453974
DS.d1800.s0.i1 1.000000 -0.232257
DS.d1800.s0.i2 -1.000000 -0.357111
DS.d1801.s0.i0 1.000000 0.689855
DS.d1806.s0.i0 1.000000 0.830205
DS.d1806.s1.i0 1.000000 0.841938
DS.d1807.s0.i1 -1.000000 -0.834362
DS.d1807.s0.i0 -1.000000 -0.792435
DS.d1804.s2.i0 1.000000 0.396193
DS.d1804.s2.i1 1.000000 0.508693
DS.d1804.s0.i0 1.000000 0.565623
DS.d1804.s1.i0 -1.000000 -0.283428
DS.d1808.s1.i4 1.000000 0.798539
DS.d1808.s1.i2 1.000000 0.857277
DS.d1808.s1.i1 1.000000 0.666418
DS.d1808.s1.i0 1.000000 0.599492
DS.d1809.s0.i1 -1.000000 -0.291259
DS.d1809.s0.i0 -1.000000 -0.547355
DS.d1539.s1.i0 1.000000 0.815945
DS.d1539.s0.i0 1.000000 0.816610
DS.d920.s0.i1 -1.000000 0.102467
DS.d920.s0.i0 1.000000 0.247845
DS.d920.s0.i2 1.000000 0.218963
DS.d970.s4.i6 1.000000 0.914292
DS.d970.s4.i7 -1.000000 0.524727
DS.d970.s4.i4 1.000000 0.729843
DS.d970.s4.i2 1.000000 0.683496
DS.d970.s4.i1 1.000000 0.746952
DS.d970.s0.i2 1.000000 0.923902
DS.d970.s0.i3 1.000000 0.966118
DS.d970.s0.i0 1.000000 0.923902
DS.d970.s0.i1 1.000000 0.966118
DS.d970.s0.i4 1.000000 0.926760
DS.d970.s0.i5 1.000000 0.977070
DS.d970.s1.i1 1.000000 0.840562
DS.d970.s1.i0 1.000000 0.880778
DS.d970.s2.i0 1.000000 0.740158
DS.d970.s3.i1 1.000000 0.964406
DS.d970.s3.i0 1.000000 0.924040
DS.d971.s1.i0 -1.000000 -0.649345
DS.d971.s0.i0 -1.000000 -0.460346
DS.d972.s0.i0 1.000000 0.948811
DS.d972.s0.i1 1.000000 0.954210
DS.d972.s0.i2 1.000000 0.896754
DS.d972.s0.i3 1.000000 1.021317
DS.d972.s1.i0 1.000000 0.660434
DS.d973.s0.i0 1.000000 0.188886
DS.d974.s0.i0 1.000000 1.176996
DS.d975.s1.i0 -1.000000 -0.681799
DS.d975.s1.i1 -1.000000 -0.739061
DS.d975.s1.i2 -1.000000 -0.617082
DS.d975.s0.i2 1.000000 0.399102
DS.d975.s0.i0 1.000000 0.365133
DS.d976.s0.i0 -1.000000 -0.621928
DS.d976.s0.i1 -1.000000 -0.634604
DS.d977.s0.i0 1.000000 0.759429
DS.d978.s0.i0 -1.000000 -0.623156
DS.d978.s0.i1 -1.000000 -0.540865
DS.d979.s0.i0 1.000000 0.882224
DS.d1725.s0.i0 1.000000 1.269709
DS.d1891.s0.i0 1.000000 0.941008
DS.d1722.s1.i0 -1.000000 -0.822985
DS.d1722.s1.i1 -1.000000 -0.784220
DS.d1722.s1.i2 -1.000000 -0.825894
DS.d1722.s0.i7 -1.000000 -1.021112
DS.d1722.s0.i6 -1.000000 -0.852608
DS.d1722.s0.i5 -1.000000 -1.011468
DS.d1722.s0.i4 -1.000000 -0.924850
DS.d1722.s0.i3 -1.000000 -0.891709
DS.d1722.s0.i2 -1.000000 -0.940952
DS.d1722.s0.i1 -1.000000 -0.913196
DS.d1722.s0.i0 -1.000000 -0.983295
DS.d1721.s0.i0 1.000000 0.774201
DS.d1721.s0.i1 1.000000 0.784127
DS.d1721.s1.i1 -1.000000 -0.615849
DS.d1721.s1.i0 -1.000000 -0.514840
DS.d1892.s0.i0 -1.000000 -0.302943
DS.d879.s0.i0 1.000000 0.523778
DS.d879.s1.i0 1.000000 0.043220
DS.d878.s1.i0 1.000000 0.819477
DS.d878.s0.i0 -1.000000 0.013553
DS.d871.s0.i0 1.000000 0.877955
DS.d871.s1.i0 1.000000 0.783449
DS.d871.s2.i0 1.000000 0.692195
DS.d870.s0.i0 -1.000000 -0.103352
DS.d875.s0.i2 1.000000 0.441868
DS.d875.s0.i3 1.000000 0.423809
DS.d875.s0.i0 -1.000000 0.473903
DS.d875.s0.i1 1.000000 0.418672
DS.d874.s1.i0 1.000000 0.326573
DS.d874.s0.i0 1.000000 0.785774
DS.d877.s0.i0 -1.000000 -0.720891
DS.d877.s0.i1 -1.000000 -0.660660
DS.d877.s0.i2 -1.000000 -0.684256
DS.d876.s0.i1 -1.000000 -0.819309
DS.d876.s0.i0 -1.000000 -0.786569
DS.d876.s0.i2 -1.000000 -0.711669
DS.d1697.s0.i0 1.000000 0.650015
DS.d1697.s0.i1 1.000000 0.891920
DS.d1126.s0.i1 -1.000000 -0.430870
DS.d1126.s0.i0 -1.000000 -0.434664
DS.d1696.s0.i0 1.000000 0.409723
DS.d1694.s1.i0 1.000000 0.658003
DS.d1694.s1.i1 1.000000 0.779644
DS.d1694.s0.i0 1.000000 0.592413
DS.d1693.s0.i0 1.000000 0.963316
DS.d1692.s0.i0 -1.000000 -0.027181
DS.d1095.s0.i2 1.000000 0.825210
DS.d1095.s0.i0 1.000000 0.780881
DS.d1095.s0.i1 1.000000 0.815129
DS.d1094.s0.i0 -1.000000 -0.436314
DS.d1097.s0.i0 -1.000000 -0.117650
DS.d1097.s1.i3 1.000000 0.915238
DS.d1097.s1.i2 1.000000 0.811540
DS.d1097.s1.i1 1.000000 0.835269
DS.d1097.s1.i0 1.000000 0.695067
DS.d1096.s0.i0 1.000000 0.629242
DS.d1158.s0.i0 1.000000 0.587525
DS.d1159.s0.i2 1.000000 0.612131
DS.d1159.s0.i1 1.000000 0.741498
DS.d1159.s0.i0 1.000000 0.749922
DS.d1093.s0.i0 -1.000000 -1.215007
DS.d1093.s0.i1 -1.000000 -0.895249
DS.d1092.s0.i1 1.000000 0.572968
DS.d1092.s0.i0 1.000000 0.500669
DS.d1154.s0.i2 1.000000 0.768723
DS.d1154.s0.i0 1.000000 0.783775
DS.d1154.s0.i1 1.000000 0.835516
DS.d1155.s2.i1 1.000000 0.534461
DS.d1155.s2.i0 1.000000 0.430844
DS.d1155.s2.i2 1.000000 0.427743
DS.d1155.s1.i0 -1.000000 -0.499867
DS.d1155.s1.i1 -1.000000 -0.347115
DS.d1155.s0.i3 1.000000 0.294077
DS.d1155.s0.i2 1.000000 0.353953
DS.d1155.s0.i1 -1.000000 -0.197379
DS.d1155.s0.i0 -1.000000 -0.206405
DS.d1156.s0.i0 1.000000 0.259688
DS.d1156.s1.i1 -1.000000 -0.420823
DS.d1156.s1.i0 -1.000000 -0.159944
DS.d1157.s0.i1 -1.000000 -0.644490
DS.d1157.s0.i0 -1.000000 -0.716471
DS.d1157.s0.i2 -1.000000 -0.803181
DS.d1150.s0.i0 1.000000 0.570989
DS.d1098.s0.i0 1.000000 0.563093
DS.d1152.s0.i0 -1.000000 -0.198581
DS.d1152.s0.i1 1.000000 -0.069978
DS.d1653.s0.i0 1.000000 1.122691
DS.d1653.s0.i1 1.000000 1.078937
DS.d1653.s1.i1 1.000000 1.023482
DS.d1653.s1.i0 1.000000 0.824574
DS.d1653.s2.i0 1.000000 0.244689
DS.d1653.s3.i0 -1.000000 -0.137015
DS.d1653.s4.i0 -1.000000 -0.216352
DS.d1653.s4.i1 -1.000000 -0.293144
DS.d1651.s0.i0 1.000000 0.982155
DS.d1799.s0.i1 -1.000000 -0.436545
DS.d1799.s0.i0 -1.000000 -0.491356
DS.d1657.s0.i0 1.000000 0.983563
DS.d1656.s0.i9 -1.000000 -1.026886
DS.d1656.s0.i8 -1.000000 -1.098336
DS.d1656.s0.i7 -1.000000 -0.868270
DS.d1656.s0.i5 -1.000000 -0.785194
DS.d1656.s0.i2 -1.000000 -0.814831
DS.d1656.s0.i1 -1.000000 -0.844368
DS.d1656.s0.i12 -1.000000 -0.846016
DS.d1656.s0.i11 -1.000000 -0.833586
DS.d1656.s0.i10 -1.000000 -0.843167
DS.d1655.s0.i0 -1.000000 0.024536
DS.d1655.s1.i2 1.000000 -0.238780
DS.d1655.s1.i1 -1.000000 -0.303066
DS.d1655.s1.i0 -1.000000 -0.243244
DS.d1654.s0.i0 -1.000000 -0.192415
DS.d1792.s0.i0 1.000000 0.657360
DS.d1793.s0.i1 -1.000000 -0.902510
DS.d1793.s0.i0 -1.000000 -1.063796
DS.d1658.s0.i1 -1.000000 -0.973286
DS.d1658.s0.i0 -1.000000 -1.063958
DS.d1796.s0.i0 1.000000 0.315062
DS.d1797.s0.i1 1.000000 0.483029
DS.d1797.s0.i0 1.000000 0.625050
DS.d1794.s0.i0 1.000000 0.628871
DS.d1794.s0.i1 1.000000 0.694505
DS.d1794.s0.i2 1.000000 0.838314
DS.d1794.s0.i3 1.000000 0.779910
DS.d1795.s0.i0 -1.000000 -0.060742
DS.d1375.s0.i1 -1.000000 -0.450628
DS.d1375.s0.i0 -1.000000 -0.423436
DS.d1079.s0.i0 1.000000 0.661307
DS.d1079.s1.i0 -1.000000 0.025745
DS.d1078.s0.i0 1.000000 0.721657
DS.d1370.s0.i0 1.000000 0.833612
DS.d1371.s0.i0 -1.000000 -0.254189
DS.d1372.s0.i0 1.000000 0.806799
DS.d1373.s1.i1 1.000000 0.882434
DS.d1373.s0.i0 1.000000 0.952187
DS.d1073.s0.i0 1.000000 0.401433
DS.d1072.s0.i0 -1.000000 -0.498739
DS.d1071.s0.i0 1.000000 0.805125
DS.d1071.s1.i0 1.000000 0.865093
DS.d1070.s0.i1 -1.000000 -0.898834
DS.d1070.s0.i0 -1.000000 -0.951338
DS.d1070.s0.i3 -1.000000 -0.844482
DS.d1070.s0.i2 -1.000000 -0.949969
DS.d1077.s0.i0 -1.000000 -0.148378
DS.d1076.s0.i1 -1.000000 -0.482130
DS.d1076.s0.i0 -1.000000 -0.443576
DS.d1075.s0.i0 -1.000000 -0.652041
DS.d1075.s0.i1 -1.000000 -0.705579
DS.d1074.s1.i0 -1.000000 -0.160652
DS.d1074.s0.i0 -1.000000 -0.388243
DS.d1091.s0.i2 1.000000 0.587969
DS.d1091.s0.i0 1.000000 0.749966
DS.d1091.s0.i1 1.000000 0.625501
DS.d1048.s0.i0 -1.000000 -0.656920
DS.d1090.s0.i1 1.000000 0.365187
DS.d1090.s0.i0 1.000000 0.414992
DS.d1389.s0.i0 1.000000 1.108177
DS.d1389.s0.i1 1.000000 1.198517
DS.d1388.s0.i0 1.000000 0.634696
DS.d1381.s0.i2 1.000000 0.144596
DS.d1381.s0.i3 -1.000000 -0.018194
DS.d1381.s0.i0 1.000000 0.110987
DS.d1381.s0.i1 -1.000000 -0.050690
DS.d1380.s1.i1 1.000000 0.774599
DS.d1380.s1.i3 1.000000 0.483099
DS.d1380.s0.i13 1.000000 0.932714
DS.d1380.s0.i12 1.000000 1.070887
DS.d1380.s0.i11 1.000000 0.655704
DS.d1380.s0.i10 1.000000 0.818859
DS.d1380.s0.i3 1.000000 0.682427
DS.d1380.s0.i1 1.000000 0.565571
DS.d1380.s0.i7 1.000000 0.840352
DS.d1380.s0.i6 1.000000 0.901480
DS.d1380.s0.i5 1.000000 1.091056
DS.d1380.s0.i4 1.000000 0.796077
DS.d1383.s0.i0 1.000000 0.628742
DS.d1382.s0.i0 -1.000000 -0.939151
DS.d1385.s0.i0 1.000000 0.871575
DS.d1385.s1.i1 1.000000 0.706863
DS.d1385.s1.i0 1.000000 0.688913
DS.d1384.s0.i0 1.000000 1.012310
DS.d1387.s0.i0 1.000000 0.490682
DS.d1386.s1.i2 1.000000 0.126915
DS.d1386.s1.i0 -1.000000 -0.275249
DS.d1386.s1.i1 -1.000000 -0.503206
DS.d1386.s0.i1 -1.000000 -0.757725
DS.d1386.s0.i0 -1.000000 -0.468312
DS.d1386.s0.i2 -1.000000 -0.660878
DS.d1477.s0.i0 -1.000000 -0.587900
DS.d1477.s0.i1 -1.000000 -0.674317
DS.d1476.s0.i0 -1.000000 -0.673854
DS.d1475.s0.i0 -1.000000 -0.600610
DS.d1474.s0.i0 -1.000000 -0.641370
DS.d1473.s0.i0 1.000000 0.341792
DS.d1473.s1.i0 1.000000 0.780303
DS.d1473.s2.i0 1.000000 0.719567
DS.d1473.s3.i0 1.000000 1.014093
DS.d1471.s2.i0 1.000000 0.978571
DS.d1471.s3.i1 -1.000000 -0.091848
DS.d1471.s3.i0 1.000000 0.258782
DS.d1471.s0.i0 1.000000 0.854781
DS.d1471.s1.i1 1.000000 0.722184
DS.d1471.s1.i0 1.000000 0.797126
DS.d1470.s0.i1 -1.000000 -0.620755
DS.d1470.s0.i0 -1.000000 -0.463194
DS.d1576.s0.i0 -1.000000 0.044989
DS.d1576.s1.i0 1.000000 0.050175
DS.d1576.s2.i0 1.000000 0.460947
DS.d1577.s0.i1 -1.000000 0.024548
DS.d1577.s0.i0 1.000000 -0.077658
DS.d1574.s0.i0 1.000000 0.779143
DS.d1575.s0.i1 1.000000 0.692731
DS.d1575.s0.i0 1.000000 1.000127
DS.d1575.s0.i2 1.000000 0.518287
DS.d1573.s0.i0 1.000000 0.340232
DS.d1479.s0.i0 1.000000 0.791244
DS.d1478.s1.i4 1.000000 0.836220
DS.d1478.s1.i5 1.000000 0.874643
DS.d1478.s1.i2 1.000000 0.884814
DS.d1478.s1.i3 1.000000 0.899378
DS.d1478.s1.i0 1.000000 0.827945
DS.d1478.s1.i1 1.000000 0.910245
DS.d1478.s0.i1 -1.000000 -0.562624
DS.d1478.s0.i0 -1.000000 -0.714525
DS.d1478.s0.i2 -1.000000 -0.589485
DS.d1208.s0.i0 1.000000 0.770120
DS.d1209.s1.i0 -1.000000 -0.583685
DS.d1209.s1.i1 -1.000000 -0.583685
DS.d1209.s1.i2 -1.000000 -0.230457
DS.d1209.s1.i3 -1.000000 -0.644953
DS.d1209.s1.i4 -1.000000 -0.644953
DS.d1209.s1.i5 -1.000000 -0.187563
DS.d1209.s0.i2 1.000000 0.276905
DS.d1209.s0.i1 -1.000000 -0.195688
DS.d1209.s0.i0 -1.000000 -0.195688
DS.d1200.s0.i0 -1.000000 0.032005
DS.d1201.s0.i0 -1.000000 -0.072655
DS.d1202.s0.i0 1.000000 0.769153
DS.d1204.s0.i0 -1.000000 -0.210159
DS.d1204.s0.i1 -1.000000 -0.501213
DS.d1204.s1.i1 -1.000000 -0.338508
DS.d1204.s1.i0 1.000000 0.217626
DS.d1204.s2.i0 -1.000000 -0.242743
DS.d1205.s0.i7 -1.000000 -0.478293
DS.d1205.s0.i6 -1.000000 -0.465522
DS.d1205.s0.i5 -1.000000 -0.453349
DS.d1205.s0.i4 -1.000000 -0.442209
DS.d1205.s0.i3 1.000000 -0.301001
DS.d1205.s0.i8 -1.000000 -0.460904
DS.d1206.s0.i0 -1.000000 -0.784934
DS.d1206.s1.i0 -1.000000 -0.273233
DS.d1207.s1.i0 1.000000 0.659483
DS.d1207.s0.i0 1.000000 0.858124
DS.d1247.s0.i0 -1.000000 -0.241985
DS.d1246.s0.i0 1.000000 0.823126
DS.d1492.s0.i1 1.000000 0.426335
DS.d1492.s0.i0 1.000000 0.519351
DS.d1798.s0.i0 1.000000 0.402210
DS.d1279.s0.i0 1.000000 0.783204
DS.d1279.s0.i1 1.000000 0.621048
DS.d1278.s0.i0 1.000000 0.873429
DS.d1275.s0.i0 1.000000 0.633068
DS.d1274.s1.i0 1.000000 0.717776
DS.d1274.s1.i1 1.000000 0.551489
DS.d1274.s0.i1 1.000000 0.724326
DS.d1274.s0.i0 1.000000 0.865395
DS.d1277.s0.i0 -1.000000 -0.133339
DS.d1277.s1.i0 1.000000 1.063309
DS.d1271.s0.i0 1.000000 0.720805
DS.d1271.s1.i0 1.000000 0.319293
DS.d1270.s0.i3 -1.000000 -0.947081
DS.d1270.s0.i2 -1.000000 -0.871516
DS.d1270.s0.i1 -1.000000 -1.006108
DS.d1270.s0.i0 -1.000000 -0.931327
DS.d1273.s0.i0 1.000000 0.694011
DS.d1273.s0.i1 1.000000 0.693152
DS.d1273.s0.i2 1.000000 0.901710
DS.d1272.s1.i0 1.000000 0.516073
DS.d1272.s0.i0 -1.000000 -0.513200
DS.d1248.s0.i0 -1.000000 -1.037539
DS.d1248.s0.i1 -1.000000 -0.917616
DS.d1326.s0.i3 -1.000000 -0.777244
DS.d1326.s0.i2 -1.000000 -0.818801
DS.d1326.s0.i1 -1.000000 -0.796149
DS.d1326.s0.i0 -1.000000 -0.754711
DS.d1859.s0.i2 -1.000000 -0.800707
DS.d1859.s0.i3 -1.000000 -0.736279
DS.d1859.s0.i0 -1.000000 -0.852362
DS.d1859.s0.i1 -1.000000 -0.785878
DS.d1859.s0.i4 -1.000000 -0.943674
DS.d1859.s0.i5 -1.000000 -0.887169
DS.d1858.s0.i0 1.000000 0.650672
DS.d1390.s0.i0 -1.000000 -0.246806
DS.d1851.s0.i2 -1.000000 -0.588971
DS.d1851.s0.i3 1.000000 -0.236730
DS.d1851.s0.i0 1.000000 -0.239251
DS.d1851.s0.i1 -1.000000 -0.299376
DS.d1851.s0.i4 -1.000000 -0.528267
DS.d1851.s0.i5 -1.000000 -0.492994
DS.d1852.s0.i1 1.000000 0.834675
DS.d1852.s0.i0 1.000000 0.841474
DS.d1855.s0.i0 1.000000 0.549506
DS.d1855.s0.i1 1.000000 0.600248
DS.d1855.s1.i1 1.000000 0.517205
DS.d1855.s1.i0 1.000000 0.617952
DS.d1854.s0.i0 1.000000 1.053845
DS.d1857.s0.i0 1.000000 0.259864
DS.d1857.s1.i1 1.000000 0.596952
DS.d1857.s1.i0 1.000000 0.564762
DS.d1609.s0.i0 1.000000 0.549317
DS.d839.s0.i0 1.000000 0.822932
DS.d839.s0.i1 1.000000 0.730729
DS.d838.s0.i2 1.000000 0.326604
DS.d838.s0.i1 1.000000 0.609103
DS.d838.s0.i0 -1.000000 0.010655
DS.d1017.s0.i0 -1.000000 -1.193553
DS.d1017.s0.i1 -1.000000 -0.922870
DS.d1017.s0.i2 -1.000000 -0.916662
DS.d1017.s0.i3 -1.000000 -1.088322
DS.d835.s0.i0 1.000000 0.268167
DS.d837.s0.i0 1.000000 0.071150
DS.d836.s0.i5 -1.000000 -0.984773
DS.d836.s0.i4 -1.000000 -1.083292
DS.d836.s0.i7 -1.000000 -1.037182
DS.d836.s0.i6 -1.000000 -0.974016
DS.d836.s0.i1 -1.000000 -0.914236
DS.d836.s0.i0 -1.000000 -1.033794
DS.d836.s0.i3 -1.000000 -1.006093
DS.d836.s0.i2 -1.000000 -0.924879
DS.d836.s0.i9 -1.000000 -0.966065
DS.d836.s0.i8 -1.000000 -0.952221
DS.d831.s0.i0 1.000000 0.767014
DS.d830.s1.i0 1.000000 0.901264
DS.d830.s0.i0 1.000000 0.717672
DS.d833.s0.i0 1.000000 0.988394
DS.d832.s1.i0 1.000000 0.154125
DS.d832.s0.i0 1.000000 0.565926
DS.d1395.s0.i0 1.000000 0.791498
DS.d1391.s1.i0 -1.000000 -0.636128
DS.d1391.s0.i0 -1.000000 -0.510843
DS.d1391.s3.i0 -1.000000 -0.737506
DS.d1391.s3.i1 -1.000000 -0.666698
DS.d1391.s2.i0 -1.000000 -0.845039
DS.d998.s0.i0 -1.000000 -0.399704
DS.d998.s0.i1 -1.000000 -0.518413
DS.d999.s0.i1 -1.000000 -0.676214
DS.d999.s0.i0 -1.000000 -0.737303
DS.d996.s0.i2 -1.000000 0.029937
DS.d996.s0.i0 1.000000 0.321267
DS.d996.s0.i1 1.000000 0.217262
DS.d1169.s0.i0 -1.000000 0.154618
DS.d1169.s1.i0 -1.000000 -0.422426
DS.d994.s0.i0 1.000000 0.346486
DS.d995.s1.i0 1.000000 0.699761
DS.d995.s1.i1 1.000000 0.700982
DS.d995.s0.i0 -1.000000 -0.516499
DS.d995.s3.i0 1.000000 0.867969
DS.d995.s2.i0 1.000000 0.585070
DS.d992.s0.i0 -1.000000 0.438282
DS.d993.s0.i1 1.000000 0.988273
DS.d993.s0.i0 1.000000 1.017914
DS.d990.s0.i0 -1.000000 -0.842049
DS.d990.s0.i1 -1.000000 -0.866323
DS.d990.s0.i2 -1.000000 -0.789089
DS.d990.s0.i3 -1.000000 -0.815356
DS.d1601.s0.i3 -1.000000 -0.780074
DS.d1601.s0.i2 -1.000000 -0.683994
DS.d1601.s0.i1 -1.000000 -0.739559
DS.d1601.s0.i0 -1.000000 -0.690242
DS.d1588.s0.i0 -1.000000 -0.429118
DS.d1587.s0.i0 -1.000000 -0.985320
DS.d1587.s0.i1 -1.000000 -1.026809
DS.d1587.s1.i1 -1.000000 -0.775142
DS.d1587.s1.i0 -1.000000 -0.762752
DS.d1587.s2.i0 -1.000000 -0.942872
DS.d1587.s2.i1 -1.000000 -1.113762
DS.d1587.s3.i1 -1.000000 -0.921391
DS.d1587.s3.i0 -1.000000 -0.961436
DS.d1586.s0.i2 -1.000000 -0.946384
DS.d1586.s0.i1 -1.000000 -0.867635
DS.d1586.s0.i0 -1.000000 -0.935488
DS.d1585.s0.i0 1.000000 0.643409
DS.d1585.s0.i1 1.000000 0.944485
DS.d1584.s1.i0 1.000000 0.542351
DS.d1583.s0.i0 1.000000 0.454793
DS.d1582.s0.i1 1.000000 0.593163
DS.d1582.s0.i0 1.000000 0.725674
DS.d1581.s0.i0 1.000000 0.863329
DS.d1581.s0.i1 1.000000 0.772145
DS.d1581.s0.i2 1.000000 0.814046
DS.d1581.s0.i3 1.000000 1.012392
DS.d1581.s0.i4 1.000000 0.747501
DS.d1581.s0.i5 1.000000 0.970585
DS.d1581.s0.i6 1.000000 0.816139
DS.d1581.s0.i7 1.000000 0.767998
DS.d1580.s1.i0 1.000000 0.595228
DS.d1580.s0.i1 1.000000 0.875082
DS.d1580.s0.i0 1.000000 1.097850
DS.d1580.s2.i1 1.000000 0.552350
DS.d1580.s2.i0 1.000000 0.834192
DS.d1618.s1.i0 -1.000000 -0.765010
DS.d1618.s0.i1 -1.000000 -0.758880
DS.d1618.s0.i0 -1.000000 -0.757248
DS.d1617.s0.i3 1.000000 0.775443
DS.d1617.s0.i1 1.000000 0.953524
DS.d1616.s0.i0 1.000000 0.922008
DS.d1615.s0.i0 1.000000 0.525009
DS.d1612.s0.i0 -1.000000 -0.720411
DS.d1611.s0.i1 1.000000 0.465125
DS.d909.s0.i2 -1.000000 -1.129878
DS.d909.s0.i3 -1.000000 -0.984955
DS.d909.s0.i0 -1.000000 -1.005546
DS.d909.s0.i1 -1.000000 -0.998686
DS.d909.s0.i6 -1.000000 -0.995651
DS.d909.s0.i7 -1.000000 -0.750906
DS.d909.s0.i4 -1.000000 -1.136584
DS.d909.s0.i5 -1.000000 -0.749640
DS.d1757.s1.i0 1.000000 0.455913
DS.d1757.s0.i0 1.000000 0.673039
DS.d1754.s0.i0 -1.000000 -0.411246
DS.d1754.s0.i1 -1.000000 -0.401446
DS.d1752.s0.i0 1.000000 0.625939
DS.d1750.s0.i0 -1.000000 -0.643361
DS.d1750.s0.i1 -1.000000 -0.710693
DS.d1751.s0.i0 1.000000 0.569430
DS.d901.s0.i0 -1.000000 -0.037980
DS.d901.s1.i0 -1.000000 -0.229761
DS.d901.s2.i0 1.000000 0.640517
DS.d900.s0.i1 1.000000 0.640113
DS.d900.s0.i0 1.000000 0.509774
DS.d903.s0.i0 1.000000 0.869122
DS.d903.s0.i1 1.000000 0.816700
DS.d902.s0.i1 -1.000000 -0.833948
DS.d902.s0.i0 -1.000000 -0.885744
DS.d902.s0.i2 -1.000000 -0.883542
DS.d905.s0.i1 1.000000 0.831040
DS.d904.s0.i2 1.000000 0.692841
DS.d904.s0.i1 1.000000 0.715406
DS.d904.s0.i0 1.000000 0.690953
DS.d907.s0.i0 1.000000 0.089084
DS.d907.s0.i1 1.000000 0.117442
DS.d907.s0.i2 1.000000 0.071090
DS.d1759.s0.i8 1.000000 0.758954
DS.d1759.s0.i1 1.000000 0.801781
DS.d1759.s0.i0 1.000000 0.798540
DS.d1759.s0.i3 1.000000 0.945148
DS.d1759.s0.i2 1.000000 0.837749
DS.d1759.s0.i7 1.000000 0.896956
DS.d1037.s0.i0 1.000000 0.936429
DS.d1036.s0.i1 1.000000 0.585718
DS.d1036.s0.i0 1.000000 0.496495
DS.d1035.s2.i0 -1.000000 -0.874131
DS.d1035.s0.i0 1.000000 0.500441
DS.d1035.s1.i0 1.000000 0.084455
DS.d1034.s1.i0 -1.000000 -0.342053
DS.d1034.s0.i0 -1.000000 -0.286423
DS.d1033.s0.i0 1.000000 1.002264
DS.d1033.s0.i1 1.000000 0.974412
DS.d1032.s0.i0 1.000000 0.314586
DS.d1031.s0.i8 1.000000 0.138417
DS.d1031.s0.i9 1.000000 0.549923
DS.d1031.s0.i11 -1.000000 -0.271413
DS.d1031.s0.i0 1.000000 0.111126
DS.d1031.s0.i1 -1.000000 -0.275751
DS.d1031.s0.i2 -1.000000 -0.422775
DS.d1031.s0.i3 1.000000 0.502826
DS.d1031.s0.i4 1.000000 0.132406
DS.d1031.s0.i5 -1.000000 -0.299832
DS.d1031.s0.i6 1.000000 0.530787
DS.d1031.s0.i7 -1.000000 -0.424329
DS.d1031.s0.i10 -1.000000 -0.448386
DS.d1031.s1.i2 -1.000000 0.013734
DS.d1031.s1.i1 1.000000 0.675720
DS.d1031.s1.i0 1.000000 0.546407
DS.d1030.s1.i0 -1.000000 -0.369017
DS.d1030.s0.i0 1.000000 1.061639
DS.d1378.s0.i6 -1.000000 -0.819854
DS.d1378.s0.i7 -1.000000 -1.005092
DS.d1378.s0.i4 -1.000000 -0.971005
DS.d1378.s0.i5 -1.000000 -0.712776
DS.d1378.s0.i2 -1.000000 -0.913838
DS.d1378.s0.i3 -1.000000 -0.867514
DS.d1378.s0.i0 -1.000000 -1.061661
DS.d1378.s0.i1 -1.000000 -0.764694
DS.d1040.s2.i0 1.000000 0.352579
DS.d1040.s0.i0 1.000000 0.718347
DS.d1040.s0.i1 1.000000 0.694018
DS.d1040.s1.i0 1.000000 0.197618
DS.d1637.s0.i0 -1.000000 -0.562648
DS.d1637.s0.i1 -1.000000 -0.630401
DS.d1637.s1.i1 -1.000000 -0.561759
DS.d1637.s1.i0 -1.000000 -0.893949
DS.d1039.s0.i0 1.000000 0.693242
DS.d1038.s0.i0 1.000000 0.964376
DS.d960.s0.i1 -1.000000 -0.307018
DS.d960.s0.i0 -1.000000 -0.066577
DS.d1890.s0.i0 1.000000 0.854785
DS.d908.s1.i0 1.000000 0.634442
DS.d908.s1.i1 1.000000 0.652914
DS.d908.s1.i2 1.000000 0.743849
DS.d908.s0.i0 1.000000 0.774406
DS.d1293.s0.i0 1.000000 0.750701
DS.d1630.s0.i1 1.000000 0.744073
DS.d1630.s0.i0 1.000000 0.777995
DS.d1538.s0.i0 1.000000 0.614805
DS.d1538.s0.i1 1.000000 0.595211
DS.d1768.s1.i0 1.000000 0.234988
DS.d1768.s0.i0 1.000000 0.803333
DS.d1768.s2.i0 -1.000000 -0.206935
DS.d965.s0.i0 1.000000 0.890747
DS.d1532.s0.i0 1.000000 0.786981
DS.d1533.s0.i0 -1.000000 -0.046970
DS.d1530.s0.i0 1.000000 0.276429
DS.d1531.s0.i0 1.000000 0.111269
DS.d1536.s0.i0 1.000000 0.895665
DS.d1537.s0.i0 1.000000 0.655941
DS.d1534.s0.i0 -1.000000 -0.890799
DS.d1534.s0.i1 -1.000000 -0.906398
DS.d1534.s0.i2 -1.000000 -0.975526
DS.d1535.s0.i0 -1.000000 -0.435594
DS.d1102.s0.i0 -1.000000 -0.571683
DS.d1101.s0.i0 1.000000 0.539690
DS.d1101.s0.i1 1.000000 0.489207
DS.d1100.s0.i0 1.000000 0.204404
DS.d1107.s0.i0 -1.000000 -0.577305
DS.d1105.s0.i0 1.000000 0.486850
DS.d1104.s1.i0 -1.000000 -0.569369
DS.d1104.s0.i0 1.000000 0.460410
DS.d1109.s0.i4 1.000000 0.592117
DS.d1109.s0.i5 1.000000 0.881495
DS.d1109.s0.i6 1.000000 1.047502
DS.d1109.s0.i7 1.000000 0.819564
DS.d1109.s0.i0 1.000000 0.694785
DS.d1109.s0.i1 1.000000 1.054182
DS.d1109.s0.i2 1.000000 0.824175
DS.d1109.s0.i3 1.000000 0.506726
DS.d1108.s0.i0 1.000000 0.577934
DS.d969.s0.i0 1.000000 0.163469
DS.d969.s0.i1 -1.000000 -0.417975
DS.d1244.s0.i0 -1.000000 -0.375820
DS.d1245.s0.i1 -1.000000 -0.547874
DS.d1245.s0.i0 -1.000000 -0.526310
DS.d1329.s0.i0 -1.000000 -1.052954
DS.d1329.s0.i1 -1.000000 -0.972614
DS.d1329.s0.i2 -1.000000 -0.979889
DS.d1329.s0.i3 -1.000000 -0.951167
DS.d1328.s1.i0 -1.000000 -0.854422
DS.d1328.s1.i1 -1.000000 -0.880630
DS.d1328.s0.i1 -1.000000 -0.550372
DS.d1328.s0.i0 -1.000000 -0.398881
DS.d1240.s0.i0 -1.000000 -0.296151
DS.d1241.s0.i0 1.000000 0.574147
DS.d1242.s0.i0 1.000000 0.123840
DS.d1242.s0.i1 -1.000000 0.226669
DS.d1243.s0.i0 -1.000000 0.398836
DS.d1323.s0.i0 1.000000 0.849050
DS.d1322.s2.i0 1.000000 0.710080
DS.d1322.s1.i0 1.000000 0.347660
DS.d1322.s0.i0 -1.000000 -0.368148
DS.d1321.s0.i0 1.000000 0.502727
DS.d1321.s0.i1 1.000000 0.391539
DS.d1321.s0.i2 1.000000 0.612286
DS.d1320.s0.i1 1.000000 0.580503
DS.d1320.s0.i0 1.000000 0.693729
DS.d1327.s0.i0 -1.000000 -0.694121
DS.d1327.s0.i1 -1.000000 -0.593609
DS.d1249.s0.i1 -1.000000 -0.498649
DS.d1249.s0.i0 -1.000000 -0.815744
DS.d1325.s0.i0 -1.000000 -0.372093
DS.d1325.s0.i1 -1.000000 -0.674874
DS.d1324.s1.i0 1.000000 0.356659
DS.d1324.s1.i1 1.000000 0.389836
DS.d1324.s0.i0 -1.000000 -0.432053
DS.d1324.s2.i0 -1.000000 -0.827163
DS.d1188.s0.i0 1.000000 0.789609
DS.d1733.s0.i0 1.000000 0.503159
DS.d1014.s0.i0 1.000000 0.809542
DS.d1408.s0.i0 1.000000 0.746709
DS.d1408.s0.i1 1.000000 0.583744
DS.d1406.s0.i0 1.000000 0.402934
DS.d1406.s1.i0 1.000000 0.618109
DS.d1406.s2.i0 1.000000 0.680261
DS.d1407.s0.i2 1.000000 0.765995
DS.d1407.s0.i1 1.000000 0.555995
DS.d1407.s0.i0 1.000000 0.642340
DS.d1404.s0.i0 1.000000 0.590539
DS.d1405.s0.i1 1.000000 0.744631
DS.d1405.s0.i0 1.000000 0.502284
DS.d1405.s0.i3 1.000000 0.638688
DS.d1405.s0.i2 1.000000 0.589442
DS.d1402.s0.i0 1.000000 1.398516
DS.d1403.s1.i0 1.000000 0.900585
DS.d1403.s0.i0 1.000000 0.958285
DS.d1400.s0.i0 -1.000000 -0.412543
DS.d1401.s1.i0 1.000000 0.849804
DS.d1401.s1.i1 1.000000 0.854457
DS.d1401.s0.i0 1.000000 0.783751
DS.d1711.s0.i1 1.000000 0.161235
DS.d1711.s0.i0 -1.000000 -0.398346
DS.d1711.s0.i3 -1.000000 -0.345530
DS.d1711.s0.i2 -1.000000 -0.416723
DS.d1705.s0.i0 -1.000000 -0.519615
DS.d1705.s0.i1 -1.000000 -0.566650
DS.d1028.s0.i0 1.000000 1.039173
DS.d1028.s0.i1 1.000000 0.517599
DS.d1707.s0.i0 -1.000000 0.621559
DS.d1029.s0.i2 1.000000 0.728192
DS.d1029.s0.i1 1.000000 0.693476
DS.d1029.s0.i0 1.000000 0.441596
DS.d1376.s0.i8 -1.000000 -0.806680
DS.d1376.s0.i9 -1.000000 -0.930687
DS.d1376.s0.i4 -1.000000 -0.998988
DS.d1376.s0.i5 -1.000000 -0.920938
DS.d1376.s0.i6 -1.000000 -0.949484
DS.d1376.s0.i7 -1.000000 -0.926520
DS.d1376.s0.i0 -1.000000 -0.958188
DS.d1376.s0.i1 -1.000000 -0.780093
DS.d1376.s0.i2 -1.000000 -0.797283
DS.d1376.s0.i3 -1.000000 -0.972995
DS.d1376.s0.i10 -1.000000 -0.970591
DS.d1376.s0.i11 -1.000000 -0.943459
DS.d1376.s1.i1 -1.000000 -0.859812
DS.d1376.s1.i0 -1.000000 -0.938183
DS.d844.s0.i0 1.000000 0.928576
DS.d1817.s2.i0 1.000000 0.970194
DS.d1817.s0.i0 1.000000 0.989928
DS.d1817.s1.i0 1.000000 0.840240
DS.d1816.s0.i0 1.000000 0.598079
DS.d1811.s0.i0 1.000000 0.775312
DS.d1810.s1.i0 -1.000000 -0.684173
DS.d1810.s0.i1 -1.000000 -0.835947
DS.d1810.s0.i0 -1.000000 -0.846948
DS.d1812.s0.i0 1.000000 0.833959
DS.d1819.s0.i4 1.000000 0.674246
DS.d1819.s0.i2 1.000000 0.592587
DS.d1819.s0.i3 1.000000 0.404225
DS.d1819.s0.i0 1.000000 0.669534
DS.d1819.s0.i1 1.000000 0.738170
DS.d1819.s1.i0 1.000000 0.376819
DS.d1700.s1.i0 1.000000 0.088741
DS.d1703.s0.i0 1.000000 0.857745
DS.d841.s1.i0 1.000000 0.907619
DS.d841.s0.i0 1.000000 0.419697
DS.d899.s0.i0 -1.000000 -0.792206
DS.d899.s0.i1 -1.000000 -0.753790
DS.d899.s0.i2 -1.000000 -0.742183
DS.d898.s1.i0 1.000000 0.431280
DS.d898.s0.i0 -1.000000 0.479584
DS.d898.s2.i2 1.000000 0.764711
DS.d898.s2.i1 1.000000 0.547912
DS.d898.s2.i0 1.000000 0.764711
DS.d893.s0.i0 -1.000000 -0.457198
DS.d893.s0.i1 1.000000 -0.112964
DS.d956.s0.i0 1.000000 0.818176
DS.d956.s1.i0 1.000000 0.091753
DS.d891.s2.i0 -1.000000 -0.237230
DS.d891.s2.i1 1.000000 0.237601
DS.d891.s3.i0 -1.000000 -0.505193
DS.d891.s0.i0 1.000000 0.732221
DS.d891.s0.i1 1.000000 0.852505
DS.d891.s1.i0 -1.000000 -0.356136
DS.d890.s0.i0 1.000000 0.896880
DS.d896.s0.i1 1.000000 0.607853
DS.d896.s0.i0 1.000000 0.727813
DS.d894.s0.i1 1.000000 0.564245
DS.d894.s0.i0 1.000000 0.548841
DS.d1011.s0.i4 -1.000000 -0.476866
DS.d1011.s0.i2 1.000000 -0.426905
DS.d1011.s0.i3 -1.000000 -0.590031
DS.d1011.s0.i0 -1.000000 -0.603299
DS.d1011.s0.i1 -1.000000 -0.580275
DS.d1712.s1.i1 -1.000000 -0.806198
DS.d1712.s1.i0 -1.000000 -0.764397
DS.d867.s0.i0 1.000000 0.870510
DS.d1710.s0.i0 -1.000000 -0.880700
DS.d1710.s0.i1 -1.000000 -1.002356
DS.d1710.s1.i0 -1.000000 -0.822046
DS.d1863.s0.i0 1.000000 0.195041
DS.d1864.s0.i0 1.000000 0.755170
DS.d1864.s0.i1 1.000000 0.741878
DS.d1864.s1.i0 -1.000000 -0.173189
DS.d1717.s0.i2 -1.000000 -0.734472
DS.d1717.s0.i1 -1.000000 -0.746356
DS.d1717.s0.i0 -1.000000 -0.601971
DS.d1714.s2.i0 1.000000 0.622701
DS.d1714.s2.i1 1.000000 0.745418
DS.d1714.s0.i0 -1.000000 0.321043
DS.d1714.s0.i1 1.000000 0.296038
DS.d1714.s1.i0 1.000000 0.400131
DS.d1715.s1.i2 -1.000000 -0.743272
DS.d1715.s1.i3 -1.000000 -0.796269
DS.d1715.s1.i0 -1.000000 -0.661299
DS.d1715.s1.i1 -1.000000 -0.660706
DS.d945.s0.i0 1.000000 0.450281
DS.d945.s0.i1 1.000000 0.447630
DS.d945.s1.i0 1.000000 0.758460
DS.d944.s0.i3 1.000000 0.747682
DS.d944.s0.i2 1.000000 0.865111
DS.d944.s0.i1 1.000000 1.011163
DS.d944.s0.i0 1.000000 1.038100
DS.d944.s0.i7 1.000000 0.764503
DS.d944.s0.i6 1.000000 0.892132
DS.d944.s0.i5 1.000000 0.667121
DS.d944.s0.i4 1.000000 0.741036
DS.d947.s0.i0 1.000000 0.691086
DS.d947.s0.i1 1.000000 0.691778
DS.d946.s1.i2 1.000000 0.691456
DS.d946.s1.i0 1.000000 0.528082
DS.d946.s1.i1 1.000000 0.679481
DS.d946.s0.i1 1.000000 0.608050
DS.d946.s0.i0 1.000000 0.747598
DS.d941.s0.i2 -1.000000 -1.119372
DS.d941.s0.i0 -1.000000 -0.264370
DS.d941.s0.i1 -1.000000 -0.224311
DS.d940.s0.i1 1.000000 0.845585
DS.d940.s0.i0 1.000000 0.845585
DS.d943.s0.i0 1.000000 0.858094
DS.d943.s0.i1 1.000000 0.848379
DS.d943.s1.i0 1.000000 0.690094
DS.d942.s0.i1 -1.000000 -0.749491
DS.d942.s0.i0 -1.000000 -0.773132
DS.d1528.s0.i0 1.000000 0.473369
DS.d1578.s0.i0 1.000000 0.962339
DS.d1013.s0.i0 1.000000 0.462441
DS.d1013.s0.i1 -1.000000 -0.166832
DS.d1013.s1.i2 1.000000 0.957590
DS.d1013.s1.i1 1.000000 0.905547
DS.d1013.s1.i0 1.000000 0.957590
DS.d1579.s0.i1 -1.000000 -0.732752
DS.d1579.s0.i0 -1.000000 -0.759096
DS.d1579.s0.i3 -1.000000 -0.802717
DS.d1579.s0.i2 -1.000000 -0.794191
DS.d1010.s0.i3 1.000000 0.858517
DS.d1010.s0.i2 1.000000 0.929133
DS.d1010.s0.i1 1.000000 0.905665
DS.d1010.s0.i0 1.000000 0.877167
DS.d1815.s0.i0 -1.000000 -0.015573
DS.d1815.s0.i1 1.000000 0.238456
DS.d1151.s0.i0 1.000000 -0.151272
DS.d1012.s0.i0 -1.000000 0.019988
DS.d1149.s0.i0 1.000000 0.342956
DS.d1148.s0.i1 -1.000000 -0.897403
DS.d1148.s0.i0 -1.000000 -0.865944
DS.d1148.s0.i3 -1.000000 -0.865944
DS.d1148.s0.i2 -1.000000 -0.897403
DS.d1147.s0.i0 1.000000 0.107139
DS.d1147.s0.i1 -1.000000 -0.206632
DS.d1145.s0.i0 1.000000 0.961290
DS.d1144.s1.i0 -1.000000 -0.403594
DS.d1144.s0.i1 -1.000000 -0.277392
DS.d1144.s0.i0 -1.000000 -0.294093
DS.d1143.s0.i0 -1.000000 -0.541897
DS.d1143.s0.i1 -1.000000 -0.537826
DS.d1142.s0.i2 -1.000000 -0.798840
DS.d1142.s0.i1 -1.000000 -0.828061
DS.d1142.s0.i0 -1.000000 -0.771096
DS.d1141.s0.i0 1.000000 0.157318
DS.d1141.s0.i1 1.000000 0.367786
DS.d1140.s0.i1 -1.000000 -0.836546
DS.d1140.s0.i0 -1.000000 -0.833676
DS.d1140.s0.i3 -1.000000 -0.880953
DS.d1140.s0.i2 -1.000000 -0.860894
DS.d1667.s0.i0 1.000000 0.808213
DS.d1664.s2.i0 -1.000000 -0.315834
DS.d1664.s3.i0 -1.000000 0.074707
DS.d1664.s0.i0 -1.000000 -0.801101
DS.d1664.s0.i1 -1.000000 -0.789776
DS.d1664.s1.i0 -1.000000 -0.772313
DS.d1662.s0.i0 -1.000000 -0.572768
DS.d1662.s0.i1 -1.000000 -0.570415
DS.d1570.s0.i0 1.000000 0.003022
DS.d1660.s0.i0 1.000000 0.307449
DS.d1661.s0.i1 -1.000000 -0.383967
DS.d1661.s0.i0 -1.000000 -0.383967
DS.d1785.s0.i0 1.000000 0.751210
DS.d1784.s0.i1 1.000000 0.639590
DS.d1784.s0.i0 1.000000 0.611625
DS.d1787.s0.i0 1.000000 0.884155
DS.d1787.s0.i1 1.000000 0.944479
DS.d1571.s0.i0 1.000000 0.770578
DS.d1781.s0.i8 -1.000000 -1.013691
DS.d1781.s0.i9 -1.000000 -1.058777
DS.d1781.s0.i6 -1.000000 -0.961118
DS.d1781.s0.i7 -1.000000 -0.916294
DS.d1781.s0.i4 -1.000000 -1.057149
DS.d1781.s0.i5 -1.000000 -1.002864
DS.d1781.s0.i2 -1.000000 -0.947339
DS.d1781.s0.i3 -1.000000 -0.998882
DS.d1781.s0.i0 -1.000000 -0.992241
DS.d1781.s0.i1 -1.000000 -1.048933
DS.d1781.s1.i0 1.000000 0.214125
DS.d1780.s0.i1 -1.000000 -0.549118
DS.d1780.s0.i0 -1.000000 -0.556558
DS.d1668.s0.i0 1.000000 0.916878
DS.d1782.s0.i1 -1.000000 -0.790805
DS.d1782.s0.i0 -1.000000 -0.786284
DS.d1782.s0.i3 -1.000000 -0.626572
DS.d1782.s0.i2 -1.000000 -0.630837
DS.d1367.s0.i0 1.000000 0.857465
DS.d1366.s0.i0 1.000000 0.961797
DS.d1365.s0.i0 -1.000000 -0.863118
DS.d1365.s0.i1 -1.000000 -0.877102
DS.d1364.s0.i0 -1.000000 -0.525203
DS.d1363.s0.i5 -1.000000 -0.812257
DS.d1363.s0.i2 -1.000000 -0.887405
DS.d1363.s0.i3 -1.000000 -0.833436
DS.d1363.s0.i0 -1.000000 -0.811350
DS.d1363.s0.i1 -1.000000 -0.799405
DS.d1361.s0.i0 1.000000 0.666434
DS.d1361.s1.i0 1.000000 0.497743
DS.d1360.s1.i1 1.000000 0.482836
DS.d1360.s0.i0 1.000000 0.992593
DS.d1360.s2.i1 1.000000 0.923458
DS.d1360.s2.i0 1.000000 0.962929
DS.d1046.s0.i0 -1.000000 -0.280716
DS.d1047.s0.i3 -1.000000 -0.806660
DS.d1047.s0.i2 -1.000000 -0.778698
DS.d1047.s0.i1 -1.000000 -0.808210
DS.d1047.s0.i0 -1.000000 -0.782713
DS.d1047.s0.i5 -1.000000 -0.779737
DS.d1047.s0.i4 -1.000000 -0.773262
DS.d1044.s0.i0 1.000000 0.576332
DS.d1045.s0.i0 1.000000 0.333378
DS.d1042.s0.i2 -1.000000 -0.649448
DS.d1042.s0.i0 -1.000000 -0.573790
DS.d1042.s0.i1 1.000000 -0.249688
DS.d1042.s1.i1 1.000000 0.763050
DS.d1042.s1.i0 1.000000 0.628203
DS.d1042.s1.i3 1.000000 0.760377
DS.d1042.s1.i2 1.000000 0.807480
DS.d1043.s0.i3 -1.000000 -0.893747
DS.d1043.s0.i2 -1.000000 -0.896441
DS.d1043.s0.i1 -1.000000 -0.901543
DS.d1043.s0.i0 -1.000000 -0.912563
DS.d1369.s0.i0 -1.000000 -0.503025
DS.d1369.s0.i1 -1.000000 -0.482587
DS.d1368.s0.i0 -1.000000 -0.386261
DS.d962.s0.i3 1.000000 0.701757
DS.d962.s0.i2 1.000000 0.879274
DS.d962.s0.i1 1.000000 0.725244
DS.d962.s0.i0 1.000000 0.756145
DS.d1681.s1.i0 1.000000 0.542141
DS.d1681.s0.i1 1.000000 0.400629
DS.d1507.s0.i10 -1.000000 -1.025348
DS.d1507.s0.i11 -1.000000 -1.017203
DS.d1507.s0.i12 -1.000000 -0.920317
DS.d1507.s0.i13 -1.000000 -0.932568
DS.d1507.s0.i14 -1.000000 -1.033263
DS.d1507.s0.i15 -1.000000 -0.904843
DS.d1507.s0.i16 -1.000000 -0.985374
DS.d1507.s0.i17 -1.000000 -0.937231
DS.d1507.s0.i18 -1.000000 -0.922400
DS.d1507.s0.i19 -1.000000 -0.930525
DS.d1507.s0.i8 -1.000000 -1.000041
DS.d1507.s0.i9 -1.000000 -0.906518
DS.d1507.s0.i2 -1.000000 -0.915914
DS.d1507.s0.i3 -1.000000 -1.016763
DS.d1507.s0.i0 -1.000000 -0.934956
DS.d1507.s0.i1 -1.000000 -0.930238
DS.d1507.s0.i6 -1.000000 -1.026720
DS.d1507.s0.i7 -1.000000 -0.927857
DS.d1507.s0.i4 -1.000000 -1.012844
DS.d1507.s0.i5 -1.000000 -0.920449
DS.d1448.s0.i0 1.000000 0.866605
DS.d1449.s0.i0 1.000000 1.102244
DS.d1506.s4.i0 1.000000 0.698291
DS.d1506.s3.i0 1.000000 0.599793
DS.d1506.s2.i0 1.000000 0.857377
DS.d1506.s1.i0 1.000000 0.561037
DS.d1506.s0.i0 1.000000 0.411428
DS.d1442.s0.i0 -1.000000 -0.732478
DS.d1442.s0.i1 -1.000000 -0.763639
DS.d1443.s0.i1 -1.000000 0.155752
DS.d1443.s0.i0 1.000000 0.216950
DS.d1440.s0.i0 1.000000 0.758526
DS.d1440.s1.i1 1.000000 0.479687
DS.d1440.s1.i0 1.000000 0.239232
DS.d1441.s0.i0 1.000000 0.920826
DS.d1446.s0.i1 1.000000 0.411029
DS.d1447.s0.i1 1.000000 1.076343
DS.d1447.s0.i0 1.000000 1.127127
DS.d1444.s0.i0 -1.000000 -0.712122
DS.d1444.s0.i1 -1.000000 -0.687725
DS.d1445.s0.i0 -1.000000 -0.429981
DS.d1561.s0.i0 1.000000 0.619330
DS.d1560.s0.i1 -1.000000 -0.694557
DS.d1560.s0.i0 -1.000000 -0.681359
DS.d1563.s0.i0 1.000000 0.976670
DS.d1563.s0.i1 1.000000 0.892196
DS.d1562.s0.i0 1.000000 0.598004
DS.d1565.s0.i4 1.000000 0.877989
DS.d1565.s0.i5 1.000000 0.887164
DS.d1565.s0.i0 1.000000 0.652422
DS.d1565.s1.i1 -1.000000 -0.216770
DS.d1565.s1.i0 -1.000000 -0.111881
DS.d1565.s1.i2 1.000000 0.196838
DS.d1565.s2.i0 1.000000 0.783458
DS.d1565.s2.i1 1.000000 0.748099
DS.d1565.s3.i1 1.000000 0.859694
DS.d1565.s3.i0 1.000000 0.728691
DS.d1564.s0.i0 -1.000000 -0.464253
DS.d1567.s0.i0 1.000000 0.766480
DS.d1566.s0.i0 -1.000000 -0.287479
DS.d1569.s0.i0 1.000000 0.666564
DS.d1568.s0.i0 1.000000 -0.135521
DS.d1502.s0.i3 1.000000 0.663280
DS.d1502.s0.i2 1.000000 0.656934
DS.d1502.s0.i1 1.000000 0.744152
DS.d1502.s0.i0 1.000000 0.614709
DS.d1129.s0.i0 1.000000 1.050736
DS.d1129.s1.i1 1.000000 -0.001962
DS.d1129.s1.i0 1.000000 -0.083962
DS.d1129.s2.i0 1.000000 0.733781
DS.d1219.s0.i0 1.000000 0.859483
DS.d1219.s0.i1 1.000000 1.035656
DS.d1218.s1.i0 -1.000000 -0.649296
DS.d1218.s0.i0 -1.000000 -0.527081
DS.d1218.s2.i1 -1.000000 -0.794775
DS.d1218.s2.i0 -1.000000 -0.905521
DS.d1501.s0.i0 1.000000 0.739995
DS.d1501.s1.i3 1.000000 -0.347724
DS.d1501.s1.i2 -1.000000 -0.803475
DS.d1501.s1.i1 -1.000000 -0.866200
DS.d1501.s1.i0 -1.000000 -0.909818
DS.d1501.s1.i5 -1.000000 -0.939143
DS.d1501.s1.i4 -1.000000 -0.718421
DS.d1128.s0.i0 1.000000 0.640716
DS.d1213.s0.i0 -1.000000 -0.142681
DS.d1212.s2.i1 -1.000000 -1.076448
DS.d1212.s2.i0 -1.000000 -0.604600
DS.d1212.s1.i0 -1.000000 -1.114848
DS.d1212.s1.i1 -1.000000 -0.893678
DS.d1212.s1.i2 -1.000000 -0.794671
DS.d1212.s1.i3 -1.000000 -0.879380
DS.d1212.s1.i4 -1.000000 -1.114297
DS.d1212.s1.i5 -1.000000 -0.848467
DS.d1212.s0.i11 -1.000000 -0.955004
DS.d1212.s0.i10 -1.000000 -0.888039
DS.d1212.s0.i9 -1.000000 -0.961374
DS.d1212.s0.i8 -1.000000 -0.923031
DS.d1212.s0.i3 -1.000000 -0.913115
DS.d1212.s0.i2 -1.000000 -0.920972
DS.d1212.s0.i1 -1.000000 -0.921295
DS.d1212.s0.i0 -1.000000 -0.921411
DS.d1212.s0.i7 -1.000000 -0.879096
DS.d1212.s0.i6 -1.000000 -0.917687
DS.d1212.s0.i5 -1.000000 -0.961124
DS.d1212.s0.i4 -1.000000 -0.915625
DS.d1500.s0.i1 -1.000000 -0.655908
DS.d1500.s0.i0 -1.000000 -0.265827
DS.d1217.s0.i0 1.000000 0.374335
DS.d1217.s0.i1 1.000000 0.279457
DS.d1217.s1.i0 1.000000 0.331928
DS.d1216.s0.i0 1.000000 0.939710
DS.d1215.s0.i0 -1.000000 -0.327562
DS.d1215.s0.i1 1.000000 0.243586
DS.d1215.s1.i3 -1.000000 -0.709208
DS.d1215.s1.i2 -1.000000 -0.751453
DS.d1215.s1.i1 -1.000000 -0.491525
DS.d1215.s1.i0 -1.000000 -0.364264
DS.d1214.s1.i0 -1.000000 0.337619
DS.d1214.s0.i0 -1.000000 -0.386787
DS.d1353.s0.i0 1.000000 0.995019
DS.d1018.s1.i0 -1.000000 -0.380742
DS.d1018.s0.i3 1.000000 0.834553
DS.d1018.s0.i2 1.000000 0.811367
DS.d1018.s0.i1 1.000000 0.836554
DS.d1018.s0.i0 1.000000 0.804812
DS.d1280.s0.i0 1.000000 0.258295
DS.d1282.s0.i0 -1.000000 -0.581916
DS.d1283.s0.i0 1.000000 0.317771
DS.d1284.s0.i0 1.000000 1.019371
DS.d1284.s1.i0 1.000000 0.592057
DS.d1285.s0.i1 -1.000000 -0.244861
DS.d1285.s0.i0 -1.000000 -0.225903
DS.d1286.s0.i0 -1.000000 -0.821090
DS.d1286.s1.i0 -1.000000 -0.328823
DS.d1287.s0.i0 -1.000000 -0.334133
DS.d1288.s0.i2 -1.000000 -0.829529
DS.d1288.s0.i3 -1.000000 -0.791822
DS.d1288.s0.i0 -1.000000 -0.794979
DS.d1288.s0.i1 -1.000000 -0.579550
DS.d1289.s0.i0 -1.000000 -0.378474
DS.d885.s0.i0 -1.000000 -0.780612
DS.d906.s1.i5 1.000000 0.791061
DS.d906.s1.i2 1.000000 0.816319
DS.d906.s1.i3 1.000000 0.731609
DS.d906.s1.i0 1.000000 0.709161
DS.d906.s1.i1 1.000000 0.709161
DS.d906.s0.i1 1.000000 0.829556
DS.d906.s0.i0 1.000000 0.829556
DS.d1338.s0.i2 1.000000 0.769348
DS.d1338.s0.i0 1.000000 0.797635
DS.d1338.s0.i1 1.000000 0.771958
DS.d1338.s0.i4 1.000000 0.809272
DS.d1338.s1.i0 -1.000000 -0.347796
DS.d1122.s0.i0 1.000000 0.566446
DS.d1828.s0.i0 1.000000 0.402114
DS.d1828.s0.i1 1.000000 0.611448
DS.d1825.s0.i0 -1.000000 -0.368949
DS.d1826.s2.i0 -1.000000 -0.651216
DS.d1826.s3.i0 -1.000000 -0.636285
DS.d1826.s0.i0 -1.000000 -0.334723
DS.d1826.s1.i0 -1.000000 -0.624579
DS.d1827.s1.i0 -1.000000 -0.645948
DS.d1827.s1.i1 -1.000000 -0.658405
DS.d1827.s0.i1 -1.000000 -0.663440
DS.d1827.s0.i0 -1.000000 -0.616632
DS.d1827.s0.i3 -1.000000 -0.726080
DS.d1827.s0.i2 -1.000000 -0.766601
DS.d1820.s0.i0 1.000000 0.844777
DS.d1821.s0.i0 1.000000 0.624115
DS.d1822.s0.i0 -1.000000 -0.046143
DS.d1823.s2.i1 -1.000000 -0.191607
DS.d1823.s2.i0 1.000000 0.043088
DS.d1351.s0.i0 -1.000000 -0.019918
DS.d1505.s0.i0 -1.000000 -0.660076
DS.d1505.s1.i0 -1.000000 -0.782859
DS.d1330.s0.i2 -1.000000 -0.829871
DS.d1330.s0.i0 -1.000000 -0.643609
DS.d1330.s0.i1 -1.000000 -0.810940
DS.d1331.s1.i0 -1.000000 -0.639262
DS.d1331.s1.i1 -1.000000 -0.957428
DS.d1331.s0.i1 -1.000000 -0.983279
DS.d1331.s0.i0 -1.000000 -0.994884
DS.d1172.s0.i0 -1.000000 -0.830906
DS.d1172.s0.i1 -1.000000 -0.688278
DS.d1356.s4.i2 1.000000 0.817291
DS.d1356.s4.i0 1.000000 0.862083
DS.d1356.s4.i1 1.000000 0.755377
DS.d1356.s0.i0 1.000000 0.934140
DS.d1356.s0.i1 1.000000 0.784692
DS.d1356.s1.i0 -1.000000 0.217012
DS.d1356.s2.i0 -1.000000 -0.498675
DS.d1356.s3.i0 1.000000 0.253362
DS.d1504.s0.i1 -1.000000 -0.733354
DS.d1504.s0.i0 -1.000000 -0.496902
DS.d1504.s0.i3 -1.000000 -0.841423
DS.d1504.s0.i2 -1.000000 -0.861483
DS.d1173.s0.i0 -1.000000 -0.450249
DS.d1394.s0.i0 -1.000000 -0.632273
DS.d1870.s0.i0 -1.000000 0.039264
DS.d1171.s0.i1 1.000000 0.545471
DS.d1171.s0.i0 1.000000 0.591589
DS.d1749.s0.i0 1.000000 0.778103
DS.d1748.s1.i0 -1.000000 -0.297728
DS.d1748.s0.i1 -1.000000 -0.639206
DS.d1748.s0.i0 -1.000000 -0.426204
DS.d1620.s0.i0 1.000000 0.634901
DS.d1620.s1.i0 -1.000000 -0.244880
DS.d915.s1.i2 -1.000000 -0.903110
DS.d915.s1.i3 -1.000000 -0.861945
DS.d915.s1.i0 -1.000000 -0.847801
DS.d915.s1.i1 -1.000000 -0.834548
DS.d915.s1.i4 -1.000000 -0.853291
DS.d912.s0.i0 1.000000 0.623236
DS.d912.s1.i0 1.000000 0.666885
DS.d913.s0.i0 -1.000000 -0.011146
DS.d910.s0.i0 1.000000 0.497864
DS.d910.s1.i0 1.000000 0.770427
DS.d911.s0.i1 1.000000 0.670249
DS.d911.s0.i0 1.000000 0.812013
DS.d1741.s0.i0 -1.000000 -0.783932
DS.d1740.s0.i0 1.000000 -0.223204
DS.d1743.s2.i0 1.000000 0.454073
DS.d1743.s0.i0 1.000000 0.819789
DS.d1743.s1.i0 -1.000000 -0.351595
DS.d1629.s1.i0 -1.000000 -0.892675
DS.d1629.s0.i0 -1.000000 -0.867519
DS.d1745.s1.i0 1.000000 0.762460
DS.d1744.s0.i0 1.000000 0.638641
DS.d918.s0.i0 -1.000000 -1.214508
DS.d918.s0.i1 -1.000000 -1.030047
DS.d918.s0.i2 -1.000000 -1.028992
DS.d918.s0.i3 -1.000000 -1.218307
DS.d958.s0.i4 -1.000000 -0.558793
DS.d958.s0.i0 -1.000000 -0.561978
DS.d958.s0.i1 -1.000000 -0.557943
DS.d958.s0.i2 1.000000 0.151557
DS.d958.s0.i3 -1.000000 -0.622052
DS.d859.s0.i0 1.000000 0.661517
DS.d858.s0.i1 1.000000 0.763315
DS.d858.s0.i0 1.000000 0.649740
DS.d858.s0.i2 1.000000 0.601357
DS.d857.s0.i0 -1.000000 -0.680337
DS.d857.s0.i1 -1.000000 -0.541066
DS.d856.s0.i3 -1.000000 -1.004728
DS.d856.s0.i2 -1.000000 -0.738547
DS.d856.s0.i1 -1.000000 -0.965106
DS.d856.s0.i0 -1.000000 -1.037300
DS.d856.s0.i7 -1.000000 -0.850128
DS.d856.s0.i6 -1.000000 -0.874627
DS.d856.s0.i5 -1.000000 -1.034536
DS.d856.s0.i4 -1.000000 -0.924240
DS.d855.s0.i0 1.000000 0.611594
DS.d855.s0.i1 1.000000 0.615129
DS.d854.s1.i0 1.000000 0.529341
DS.d854.s3.i0 1.000000 0.569688
DS.d854.s3.i1 1.000000 0.638840
DS.d853.s0.i0 1.000000 0.570213
DS.d1178.s0.i0 1.000000 0.574380
DS.d1178.s1.i0 -1.000000 -0.869824
DS.d851.s0.i0 1.000000 0.561590
DS.d850.s1.i0 -1.000000 -0.359540
DS.d850.s0.i0 -1.000000 0.041951
DS.d1189.s0.i0 1.000000 0.545305
DS.d1069.s0.i0 1.000000 0.775993
DS.d1881.s0.i0 1.000000 0.885683
DS.d959.s1.i0 -1.000000 -0.248975
DS.d959.s0.i1 -1.000000 -0.362231
DS.d959.s0.i0 -1.000000 -0.498262
DS.d1690.s0.i1 1.000000 0.840977
DS.d1690.s0.i0 1.000000 0.574900
DS.d1486.s0.i0 1.000000 0.493712
DS.d1487.s3.i0 1.000000 0.921364
DS.d1487.s2.i0 1.000000 0.565015
DS.d1487.s1.i0 1.000000 0.835717
DS.d1487.s1.i1 1.000000 0.750115
DS.d1487.s0.i1 1.000000 0.942360
DS.d1487.s0.i0 1.000000 1.142949
DS.d1484.s0.i0 -1.000000 -0.047206
DS.d1484.s1.i0 1.000000 0.943579
DS.d1485.s0.i0 -1.000000 -0.790432
DS.d1529.s0.i0 1.000000 0.775590
DS.d1483.s0.i0 1.000000 0.584181
DS.d1480.s0.i0 1.000000 0.786053
DS.d1480.s0.i1 1.000000 0.799181
DS.d1480.s0.i2 1.000000 0.733672
DS.d1480.s0.i3 1.000000 0.762310
DS.d1481.s0.i1 1.000000 0.544078
DS.d1481.s0.i3 1.000000 0.583496
DS.d1525.s0.i0 -1.000000 -0.830859
DS.d1525.s1.i0 -1.000000 -0.409739
DS.d1525.s2.i0 -1.000000 -0.209602
DS.d1525.s3.i0 -1.000000 -0.359987
DS.d1524.s0.i3 -1.000000 -0.403160
DS.d1524.s0.i2 1.000000 0.167487
DS.d1524.s0.i1 -1.000000 -0.432328
DS.d1524.s0.i0 -1.000000 -0.259614
DS.d1524.s0.i5 1.000000 0.125013
DS.d1524.s0.i4 -1.000000 -0.228870
DS.d1527.s0.i0 -1.000000 -0.730662
DS.d1526.s0.i1 1.000000 0.642381
DS.d1526.s0.i0 1.000000 0.642381
DS.d1521.s0.i0 1.000000 0.863656
DS.d1521.s0.i1 1.000000 0.880679
DS.d1488.s0.i0 -1.000000 -0.160883
DS.d1489.s0.i0 -1.000000 -0.385392
DS.d1136.s0.i0 -1.000000 -0.278394
DS.d1137.s0.i0 -1.000000 -0.249096
DS.d1135.s1.i0 -1.000000 -0.223400
DS.d1135.s0.i1 1.000000 0.503772
DS.d1135.s0.i0 1.000000 0.562159
DS.d1135.s0.i3 1.000000 0.517843
DS.d1135.s0.i2 1.000000 0.610558
DS.d1135.s2.i1 1.000000 0.492597
DS.d1135.s2.i0 1.000000 0.519210
DS.d1132.s0.i0 1.000000 0.604528
DS.d1132.s0.i1 1.000000 0.644082
DS.d1133.s0.i1 -1.000000 0.008906
DS.d1133.s0.i0 1.000000 0.223343
DS.d1130.s0.i0 -1.000000 -0.353081
DS.d1130.s0.i1 -1.000000 -0.283251
DS.d1138.s0.i0 1.000000 0.734402
DS.d1138.s0.i1 1.000000 0.619390
DS.d1138.s1.i0 1.000000 0.539360
DS.d1139.s0.i0 1.000000 0.327330
DS.d1257.s0.i0 1.000000 0.504151
DS.d916.s0.i0 -1.000000 -0.649511
DS.d916.s0.i1 -1.000000 -0.403435
DS.d1254.s1.i0 1.000000 0.659140
DS.d1254.s1.i1 1.000000 0.819416
DS.d1254.s0.i0 1.000000 0.894604
DS.d1887.s0.i0 1.000000 1.016259
DS.d1251.s0.i0 1.000000 0.992002
DS.d917.s2.i0 1.000000 0.935748
DS.d917.s1.i0 -1.000000 -0.495297
DS.d917.s0.i0 1.000000 0.742171
DS.d1316.s0.i0 -1.000000 -0.742353
DS.d1317.s0.i2 1.000000 0.845217
DS.d1317.s0.i1 1.000000 0.640843
DS.d1317.s0.i0 1.000000 0.879369
DS.d1314.s0.i0 1.000000 0.441977
DS.d1315.s1.i0 -1.000000 -0.313929
DS.d1315.s0.i0 -1.000000 -0.060851
DS.d914.s0.i0 -1.000000 -0.315198
DS.d1259.s0.i0 1.000000 0.561210
DS.d1259.s1.i0 1.000000 0.293065
DS.d1258.s0.i0 1.000000 0.638488
DS.d927.s0.i2 -1.000000 -0.485007
DS.d927.s0.i0 -1.000000 -0.681461
DS.d927.s0.i1 -1.000000 -0.748060
DS.d1041.s0.i0 1.000000 0.889727
DS.d1621.s1.i0 1.000000 0.605839
DS.d1621.s0.i0 1.000000 0.784240
DS.d926.s1.i0 -1.000000 -0.407173
DS.d926.s1.i1 -1.000000 -0.350516
DS.d926.s0.i0 -1.000000 -0.365999
DS.d1627.s0.i0 -1.000000 -0.504871
DS.d924.s0.i1 1.000000 0.888452
DS.d924.s0.i0 1.000000 0.867512
DS.d1624.s0.i0 -1.000000 -0.934691
DS.d1624.s0.i1 -1.000000 -0.857680
DS.d1624.s0.i2 -1.000000 -1.070801
DS.d1624.s0.i3 -1.000000 -0.990560
DS.d1625.s0.i0 1.000000 0.766818
DS.d1558.s0.i0 -1.000000 -0.471941
DS.d1559.s1.i0 -1.000000 -0.586559
DS.d1559.s0.i0 -1.000000 -0.576195
DS.d1413.s0.i0 1.000000 0.631209
DS.d1413.s0.i1 1.000000 0.631209
DS.d1413.s0.i2 1.000000 0.840357
DS.d1413.s0.i3 1.000000 0.840357
DS.d1412.s1.i0 1.000000 0.751398
DS.d1412.s0.i0 1.000000 0.681222
DS.d1416.s0.i1 -1.000000 -0.699101
DS.d1416.s0.i0 -1.000000 -0.766141
DS.d1550.s0.i2 -1.000000 -0.760561
DS.d1550.s0.i3 -1.000000 -0.681305
DS.d1550.s0.i0 -1.000000 -0.794668
DS.d1550.s0.i1 -1.000000 -0.562818
DS.d1550.s0.i4 -1.000000 -0.503081
DS.d1550.s1.i1 -1.000000 -0.882752
DS.d1550.s1.i0 -1.000000 -0.509870
DS.d1551.s0.i0 -1.000000 0.117528
DS.d1552.s0.i0 -1.000000 0.301116
DS.d1553.s0.i0 1.000000 0.811784
DS.d1554.s0.i8 -1.000000 -0.947568
DS.d1554.s0.i9 -1.000000 -0.961939
DS.d1554.s0.i6 -1.000000 -0.766124
DS.d1554.s0.i7 -1.000000 -1.052402
DS.d1554.s0.i4 -1.000000 -0.998156
DS.d1554.s0.i5 -1.000000 -0.925052
DS.d1554.s0.i2 -1.000000 -1.092735
DS.d1554.s0.i3 -1.000000 -0.961225
DS.d1554.s0.i0 -1.000000 -1.066654
DS.d1554.s0.i1 -1.000000 -0.981993
DS.d1554.s0.i10 -1.000000 -0.842860
DS.d1554.s0.i11 -1.000000 -0.989072
DS.d1555.s0.i1 -1.000000 -0.853741
DS.d1555.s0.i0 -1.000000 -0.862309
DS.d1556.s0.i0 1.000000 0.800666
DS.d1556.s0.i1 1.000000 0.911283
DS.d1556.s0.i2 1.000000 0.800666
DS.d1557.s0.i1 -1.000000 -0.703898
DS.d1557.s0.i0 -1.000000 -0.862125
DS.d1002.s0.i0 -1.000000 -0.168280
DS.d1199.s2.i0 -1.000000 -0.737981
DS.d1199.s1.i0 -1.000000 -0.688623
DS.d1199.s0.i0 -1.000000 -0.757653
DS.d1747.s0.i0 1.000000 0.770809
DS.d1747.s0.i1 1.000000 0.798089
DS.d1747.s0.i2 1.000000 0.726689
DS.d1638.s0.i6 -1.000000 -0.884296
DS.d1638.s0.i5 -1.000000 -0.911897
DS.d1638.s0.i4 -1.000000 -0.965639
DS.d1638.s0.i3 -1.000000 -0.839655
DS.d1638.s0.i2 -1.000000 -0.939023
DS.d1638.s0.i1 -1.000000 -0.979552
DS.d1638.s0.i0 -1.000000 -0.792773
DS.d1482.s0.i2 -1.000000 -0.821745
DS.d1482.s0.i0 -1.000000 -0.821745
DS.d1482.s0.i1 -1.000000 -0.808273
DS.d1190.s0.i0 1.000000 0.262426
DS.d1878.s1.i0 1.000000 0.859887
DS.d889.s0.i1 1.000000 0.915754
DS.d889.s0.i0 1.000000 0.915754
DS.d1713.s0.i1 1.000000 0.642912
DS.d1713.s0.i0 -1.000000 -0.058160
DS.d881.s0.i1 1.000000 0.747834
DS.d881.s0.i0 1.000000 0.661644
DS.d882.s0.i0 -1.000000 -0.663409
DS.d882.s0.i1 -1.000000 -0.782736
DS.d882.s1.i0 1.000000 0.623096
DS.d883.s0.i1 1.000000 0.718774
DS.d883.s0.i0 1.000000 0.936551
DS.d883.s0.i2 1.000000 0.907548
DS.d864.s0.i0 1.000000 0.753543
DS.d864.s1.i3 -1.000000 -0.415727
DS.d864.s1.i2 -1.000000 -0.841986
DS.d864.s1.i1 -1.000000 -0.415014
DS.d864.s1.i0 -1.000000 -0.830984
DS.d886.s0.i0 -1.000000 -0.685971
DS.d886.s0.i1 -1.000000 -0.819354
DS.d886.s0.i2 -1.000000 -0.826231
DS.d886.s0.i3 -1.000000 -0.662735
DS.d886.s0.i4 -1.000000 -0.819939
DS.d887.s0.i1 1.000000 0.770107
DS.d887.s0.i0 1.000000 0.676086
DS.d1433.s0.i2 1.000000 0.768659
DS.d1433.s0.i0 1.000000 0.535326
DS.d1433.s0.i1 1.000000 0.491607
DS.d865.s0.i1 1.000000 0.679526
DS.d865.s0.i0 1.000000 0.804822
DS.d1432.s0.i1 1.000000 0.302764
DS.d1432.s0.i0 1.000000 0.296551
DS.d862.s0.i0 1.000000 0.840799
DS.d1431.s0.i0 1.000000 0.967114
DS.d1431.s0.i1 1.000000 0.988780
DS.d1431.s0.i2 1.000000 0.820036
DS.d1319.s0.i1 1.000000 0.980671
DS.d1319.s0.i0 1.000000 1.005894
DS.d863.s2.i0 1.000000 0.343074
DS.d863.s1.i0 -1.000000 -0.713686
DS.d863.s1.i1 -1.000000 -0.710900
DS.d863.s0.i0 -1.000000 -0.462797
DS.d1873.s0.i0 -1.000000 -0.564034
DS.d1704.s0.i1 1.000000 0.565754
DS.d1704.s0.i0 1.000000 0.661011
DS.d1871.s0.i0 -1.000000 -0.667178
DS.d1871.s0.i1 -1.000000 -0.683167
DS.d1871.s1.i0 -1.000000 -0.658100
DS.d1706.s0.i1 1.000000 0.813270
DS.d1706.s0.i0 1.000000 0.723715
DS.d1877.s1.i1 1.000000 0.760559
DS.d1876.s0.i1 1.000000 0.825132
DS.d1876.s0.i0 1.000000 0.846253
DS.d1875.s0.i0 1.000000 0.934168
DS.d1875.s0.i1 1.000000 1.078971
DS.d1702.s0.i0 1.000000 0.407918
DS.d952.s0.i0 -1.000000 -0.875434
DS.d952.s0.i1 -1.000000 -0.882127
DS.d952.s1.i1 -1.000000 -0.838862
DS.d952.s1.i0 -1.000000 -0.807157
DS.d952.s1.i3 -1.000000 -0.827006
DS.d952.s1.i2 -1.000000 -0.883185
DS.d952.s2.i0 -1.000000 -0.296513
DS.d952.s3.i2 -1.000000 -0.801506
DS.d952.s3.i1 -1.000000 -0.804809
DS.d952.s3.i0 -1.000000 -0.823140
DS.d953.s0.i0 1.000000 0.837807
DS.d950.s0.i0 1.000000 0.362524
DS.d1867.s0.i1 -1.000000 -0.797280
DS.d1867.s0.i0 -1.000000 -0.711638
DS.d1867.s0.i3 -1.000000 -0.685148
DS.d1867.s0.i2 -1.000000 -0.886186
DS.d1709.s0.i0 1.000000 0.650349
DS.d957.s0.i0 1.000000 0.444043
DS.d955.s1.i0 -1.000000 -0.822514
DS.d955.s1.i1 -1.000000 -0.835619
DS.d955.s0.i1 -1.000000 -0.837091
DS.d955.s0.i0 -1.000000 -0.810731
DS.d1868.s0.i0 1.000000 0.651038
DS.d1357.s0.i1 -1.000000 -0.526687
DS.d1357.s0.i0 -1.000000 -0.421487
DS.d951.s0.i1 -1.000000 -0.993356
DS.d951.s0.i0 -1.000000 -0.984316
DS.d951.s0.i2 -1.000000 -0.891925
DS.d1685.s1.i0 1.000000 0.753195
DS.d1685.s0.i0 1.000000 0.568071
DS.d1686.s0.i0 1.000000 0.798188
DS.d1687.s1.i0 1.000000 1.115205
DS.d1687.s0.i0 -1.000000 0.159401
DS.d1729.s0.i0 1.000000 0.418798
DS.d1682.s0.i0 -1.000000 -0.642079
DS.d1682.s0.i1 -1.000000 -0.326486
DS.d1683.s1.i0 1.000000 0.928187
DS.d1683.s1.i1 1.000000 0.928187
DS.d1683.s0.i1 1.000000 0.507638
DS.d1683.s0.i0 1.000000 0.564437
DS.d1688.s0.i0 1.000000 0.231162
DS.d1688.s1.i0 1.000000 0.911923
DS.d1689.s0.i0 1.000000 0.790014
DS.d868.s0.i0 -1.000000 -0.502684
DS.d868.s0.i1 -1.000000 -0.586782
DS.d1460.s0.i0 -1.000000 -0.031273
DS.d1679.s0.i0 -1.000000 -0.672406
DS.d1678.s1.i0 1.000000 0.464845
DS.d1678.s1.i1 -1.000000 -0.254205
DS.d1678.s1.i2 -1.000000 -0.135117
DS.d1678.s0.i0 1.000000 0.547201
DS.d1728.s0.i1 1.000000 0.874867
DS.d1728.s0.i0 1.000000 0.717000
DS.d1176.s0.i0 1.000000 0.417335
DS.d1176.s1.i1 -1.000000 -0.361508
DS.d1176.s1.i0 -1.000000 -0.413430
DS.d1177.s0.i3 -1.000000 -0.812565
DS.d1177.s0.i2 -1.000000 -0.668276
DS.d1177.s0.i1 -1.000000 -0.918374
DS.d1177.s0.i0 -1.000000 -0.972775
DS.d1174.s0.i0 -1.000000 0.245014
DS.d1175.s0.i0 1.000000 0.672547
DS.d1671.s0.i0 1.000000 0.749413
DS.d1670.s0.i1 -1.000000 -1.167475
DS.d1670.s0.i0 -1.000000 -1.252916
DS.d1673.s0.i0 -1.000000 -1.020020
DS.d1673.s1.i0 -1.000000 -0.705753
DS.d1179.s0.i1 1.000000 0.697577
DS.d1179.s0.i0 1.000000 0.778677
DS.d1179.s0.i2 1.000000 0.642061
DS.d1675.s0.i2 -1.000000 -0.709646
DS.d1675.s0.i3 -1.000000 -0.373100
DS.d1675.s0.i0 -1.000000 -0.401053
DS.d1675.s0.i1 -1.000000 -0.672289
DS.d1674.s0.i1 -1.000000 -0.478156
DS.d1674.s0.i0 -1.000000 -0.454289
DS.d1677.s0.i1 -1.000000 -0.608006
DS.d1770.s0.i0 1.000000 1.000097
DS.d1771.s3.i0 1.000000 0.448281
DS.d1771.s2.i1 1.000000 0.630111
DS.d1771.s2.i0 1.000000 0.426329
DS.d1771.s1.i0 1.000000 0.734415
DS.d1771.s1.i1 1.000000 0.880444
DS.d1771.s1.i2 1.000000 0.770167
DS.d1771.s0.i0 1.000000 0.672225
DS.d1772.s0.i0 1.000000 0.279979
DS.d1773.s0.i1 1.000000 0.833037
DS.d1773.s0.i0 1.000000 0.617774
DS.d1773.s0.i3 1.000000 0.668594
DS.d1773.s0.i2 1.000000 0.814799
DS.d1774.s0.i0 1.000000 0.502026
DS.d1004.s0.i0 1.000000 0.707549
DS.d1004.s0.i1 1.000000 1.141709
DS.d1004.s1.i3 1.000000 0.739560
DS.d1004.s1.i2 1.000000 0.731783
DS.d1004.s1.i1 1.000000 0.843503
DS.d1004.s1.i0 1.000000 0.586187
DS.d1776.s0.i0 1.000000 0.622821
DS.d1776.s0.i1 1.000000 0.624090
DS.d1777.s0.i0 -1.000000 -0.525633
DS.d1778.s0.i0 1.000000 0.734181
DS.d1779.s3.i0 -1.000000 -0.079001
DS.d1779.s2.i0 -1.000000 -0.363363
DS.d1779.s1.i0 -1.000000 -0.296764
DS.d1779.s1.i1 1.000000 -0.101793
DS.d1779.s1.i2 -1.000000 -0.267380
DS.d1779.s0.i2 -1.000000 -0.272053
DS.d1779.s0.i1 1.000000 -0.039499
DS.d1779.s0.i0 -1.000000 -0.265521
DS.d925.s0.i0 -1.000000 -1.064644
DS.d1099.s0.i0 1.000000 0.622592
DS.d923.s0.i0 1.000000 0.887284
DS.d922.s0.i0 1.000000 0.559391
DS.d921.s2.i2 1.000000 0.728740
DS.d921.s2.i3 1.000000 0.689665
DS.d921.s2.i0 1.000000 0.691534
DS.d921.s2.i1 1.000000 0.796546
DS.d921.s2.i4 1.000000 0.682980
DS.d921.s0.i0 1.000000 0.858872
DS.d921.s1.i1 1.000000 0.647515
DS.d921.s1.i0 1.000000 0.672403
DS.d1393.s0.i0 -1.000000 -0.334547
DS.d1051.s0.i2 -1.000000 -0.442598
DS.d1051.s0.i0 -1.000000 -0.611159
DS.d1051.s0.i1 1.000000 -0.378928
DS.d1050.s0.i1 1.000000 0.650639
DS.d1050.s0.i0 1.000000 0.730515
DS.d1053.s0.i0 1.000000 0.383219
DS.d1052.s1.i0 -1.000000 -0.019387
DS.d1052.s0.i0 -1.000000 -0.634220
DS.d1055.s0.i0 -1.000000 -0.601423
DS.d1054.s2.i1 -1.000000 -0.603900
DS.d1054.s2.i0 -1.000000 -0.721380
DS.d1054.s1.i0 1.000000 0.338445
DS.d1054.s0.i1 1.000000 0.637019
DS.d1054.s0.i0 1.000000 0.511914
DS.d1057.s0.i0 -1.000000 -0.610397
DS.d1057.s1.i0 -1.000000 -0.515339
DS.d1056.s0.i0 1.000000 0.762406
DS.d1059.s0.i0 1.000000 0.387573
DS.d1058.s1.i0 1.000000 0.462172
DS.d1058.s1.i1 1.000000 0.208670
DS.d1058.s0.i0 1.000000 0.501035
DS.d1192.s0.i0 1.000000 0.775144
DS.d1193.s0.i1 -1.000000 -0.556062
DS.d1193.s0.i0 -1.000000 -0.355836
DS.d1194.s0.i0 -1.000000 -0.683173
DS.d1196.s2.i0 -1.000000 -0.840816
DS.d1196.s2.i1 -1.000000 -0.771562
DS.d1196.s3.i0 1.000000 0.832877
DS.d1196.s0.i0 1.000000 0.543033
DS.d1196.s1.i0 -1.000000 -0.495441
DS.d1197.s0.i0 -1.000000 -0.290481
DS.d1015.s0.i0 -1.000000 -0.459764
DS.d1015.s0.i1 -1.000000 -0.459764
DS.d1005.s0.i0 1.000000 0.678511
DS.d1306.s0.i1 -1.000000 -0.661669
DS.d1306.s0.i0 -1.000000 -0.623002
DS.d1542.s0.i9 -1.000000 -0.819276
DS.d1542.s0.i8 -1.000000 -0.680143
DS.d1542.s0.i3 -1.000000 -0.814651
DS.d1542.s0.i2 -1.000000 -0.622840
DS.d1542.s0.i1 1.000000 -0.653418
DS.d1542.s0.i0 -1.000000 -0.691218
DS.d1542.s0.i7 -1.000000 -0.757542
DS.d1542.s0.i6 -1.000000 -0.787619
DS.d1542.s0.i5 -1.000000 -0.827265
DS.d1542.s0.i4 -1.000000 -0.684144
DS.d1788.s0.i1 1.000000 0.874625
DS.d1788.s0.i0 1.000000 0.961678
DS.d1894.s0.i1 -1.000000 -0.654711
DS.d1894.s0.i0 -1.000000 -0.598197
DS.d1622.s0.i0 1.000000 0.593774
DS.d1622.s0.i1 1.000000 0.697718
DS.d1549.s0.i0 1.000000 0.862718
DS.d1549.s1.i0 1.000000 0.860977
DS.d1016.s0.i1 1.000000 0.692601
DS.d1016.s0.i0 1.000000 0.615351
DS.d1459.s0.i0 1.000000 0.844382
DS.d1459.s0.i1 1.000000 0.787405
DS.d1458.s0.i0 1.000000 0.810850
DS.d1455.s0.i0 1.000000 0.270678
DS.d1454.s0.i2 1.000000 0.188074
DS.d1454.s0.i1 1.000000 0.175625
DS.d1454.s0.i0 -1.000000 0.069912
DS.d1457.s0.i0 -1.000000 -0.620236
DS.d1457.s0.i1 -1.000000 -0.618650
DS.d1451.s0.i2 -1.000000 -0.729752
DS.d1451.s0.i3 -1.000000 -0.653337
DS.d1451.s0.i0 -1.000000 -0.653337
DS.d1451.s0.i1 -1.000000 -0.709599
DS.d1451.s1.i1 -1.000000 -0.562736
DS.d1451.s1.i0 -1.000000 -0.568430
DS.d1450.s0.i1 -1.000000 -0.436973
DS.d1450.s0.i0 -1.000000 -0.724538
DS.d1453.s0.i0 1.000000 0.894161
DS.d1452.s4.i0 1.000000 0.359439
DS.d1452.s1.i0 1.000000 0.800449
DS.d1452.s1.i1 1.000000 0.713152
DS.d1452.s0.i0 1.000000 0.453733
DS.d1452.s3.i0 1.000000 0.618879
DS.d1452.s2.i0 1.000000 0.275204
DS.d1514.s0.i0 -1.000000 0.304029
DS.d1514.s0.i1 1.000000 0.510925
DS.d1514.s1.i1 -1.000000 -0.127299
DS.d1514.s1.i0 -1.000000 -0.024152
DS.d1514.s1.i3 1.000000 0.206417
DS.d1514.s1.i2 1.000000 0.087697
DS.d1515.s0.i1 1.000000 0.501622
DS.d1515.s0.i0 1.000000 0.429831
DS.d1516.s0.i0 1.000000 0.606851
DS.d1516.s0.i1 1.000000 0.937232
DS.d1516.s1.i1 1.000000 0.434342
DS.d1516.s1.i0 1.000000 0.601645
DS.d1436.s0.i1 1.000000 0.782043
DS.d1436.s0.i0 1.000000 0.569160
DS.d1510.s0.i0 1.000000 0.357915
DS.d1511.s0.i3 -1.000000 -0.832554
DS.d1511.s0.i2 -1.000000 -0.832194
DS.d1511.s0.i1 -1.000000 -0.832194
DS.d1511.s0.i0 -1.000000 -0.832554
DS.d1513.s0.i1 1.000000 0.892137
DS.d1513.s0.i0 1.000000 0.925727
DS.d1513.s0.i2 1.000000 0.857698
DS.d1399.s0.i1 1.000000 0.798051
DS.d1399.s0.i0 1.000000 0.649656
DS.d1518.s0.i0 -1.000000 -0.157283
DS.d1519.s0.i0 -1.000000 -0.537244
DS.d1767.s0.i1 1.000000 0.642010
DS.d1228.s0.i0 1.000000 -0.185371
DS.d1228.s1.i0 -1.000000 -0.323719
DS.d1229.s1.i2 -1.000000 -0.271336
DS.d1229.s1.i3 1.000000 -0.309792
DS.d1229.s1.i0 -1.000000 -0.292145
DS.d1229.s1.i1 1.000000 -0.345474
DS.d1229.s0.i1 -1.000000 -0.777438
DS.d1229.s0.i0 -1.000000 -0.735984
DS.d1229.s0.i3 -1.000000 -0.745595
DS.d1229.s0.i2 -1.000000 -0.728582
DS.d1226.s0.i2 1.000000 0.136896
DS.d1226.s0.i3 -1.000000 -0.067589
DS.d1226.s0.i0 -1.000000 -0.231050
DS.d1226.s0.i1 1.000000 -0.034816
DS.d1224.s0.i0 1.000000 0.705924
DS.d1224.s0.i1 1.000000 0.857738
DS.d1222.s0.i0 1.000000 0.568182
DS.d1222.s0.i1 1.000000 0.633036
DS.d1222.s1.i1 1.000000 0.993407
DS.d1222.s1.i0 1.000000 0.851352
DS.d1222.s2.i0 -1.000000 -0.374661
DS.d1222.s2.i1 -1.000000 -0.256394
DS.d1223.s3.i0 1.000000 0.391349
DS.d1223.s2.i1 1.000000 0.733065
DS.d1223.s2.i0 1.000000 0.786021
DS.d1223.s1.i0 1.000000 0.195033
DS.d1223.s1.i1 -1.000000 -0.177778
DS.d1223.s0.i4 -1.000000 0.237443
DS.d1223.s0.i7 -1.000000 0.266125
DS.d1223.s0.i5 1.000000 0.281091
DS.d1223.s0.i14 1.000000 0.257783
DS.d1223.s0.i3 1.000000 0.306590
DS.d1223.s0.i10 1.000000 0.243291
DS.d1220.s0.i0 1.000000 0.489947
DS.d1220.s0.i1 1.000000 0.518653
DS.d1220.s1.i0 1.000000 0.351546
DS.d1009.s1.i0 1.000000 0.554387
DS.d1009.s1.i1 1.000000 0.588231
DS.d1009.s0.i0 1.000000 0.850367
DS.d1428.s0.i0 1.000000 0.937040
DS.d1292.s0.i3 1.000000 1.057021
DS.d1292.s0.i2 1.000000 0.731419
DS.d1292.s0.i1 1.000000 0.931101
DS.d1292.s0.i0 1.000000 0.979420
DS.d1291.s0.i0 1.000000 0.906665
DS.d1359.s1.i0 -1.000000 0.093369
DS.d1359.s0.i0 -1.000000 0.426090
DS.d1297.s0.i0 1.000000 0.669646
DS.d1296.s0.i0 -1.000000 -0.635719
DS.d1295.s0.i0 1.000000 0.300711
DS.d1294.s0.i1 -1.000000 -1.053341
DS.d1294.s0.i0 -1.000000 -0.758533
DS.d1420.s0.i2 -1.000000 -0.331700
DS.d1420.s0.i3 -1.000000 -0.940084
DS.d1420.s0.i0 -1.000000 -0.923507
DS.d1420.s0.i1 -1.000000 -0.829567
DS.d1420.s0.i4 1.000000 -0.344500
DS.d1420.s0.i5 -1.000000 -0.836527
DS.d1421.s1.i0 1.000000 0.749611
DS.d1421.s0.i0 1.000000 0.657077
DS.d1422.s0.i0 1.000000 0.327929
DS.d1423.s1.i0 1.000000 0.562478
DS.d1423.s0.i0 -1.000000 -0.275395
DS.d1424.s0.i0 -1.000000 0.123499
DS.d1425.s1.i0 1.000000 0.568574
DS.d1425.s0.i0 1.000000 1.008279
DS.d1426.s0.i0 -1.000000 -0.437038
DS.d1426.s0.i1 -1.000000 -0.505797
DS.d1355.s0.i0 1.000000 0.825830
DS.d1839.s4.i0 -1.000000 -0.087835
DS.d1839.s2.i0 1.000000 0.753809
DS.d1839.s3.i0 1.000000 0.647107
DS.d1839.s0.i0 1.000000 0.855649
DS.d1839.s0.i1 1.000000 1.051617
DS.d1839.s0.i2 1.000000 1.053325
DS.d1839.s0.i3 1.000000 0.849624
DS.d1839.s1.i1 1.000000 0.603928
DS.d1839.s1.i0 1.000000 0.815198
DS.d1838.s0.i0 1.000000 0.602645
DS.d1836.s0.i3 -1.000000 -0.810540
DS.d1836.s0.i0 -1.000000 -0.816177
DS.d1836.s0.i5 -1.000000 -0.788679
DS.d1836.s0.i4 -1.000000 -0.766341
DS.d1835.s0.i0 1.000000 0.941034
DS.d1834.s0.i0 -1.000000 -0.441065
DS.d1833.s0.i2 1.000000 0.702505
DS.d1833.s0.i0 1.000000 0.848952
DS.d1833.s0.i1 1.000000 0.867910
DS.d1833.s1.i1 1.000000 0.723572
DS.d1833.s1.i0 1.000000 0.770137
DS.d1833.s1.i3 1.000000 0.634855
DS.d1833.s1.i2 1.000000 0.702219
DS.d1833.s1.i4 1.000000 0.729023
DS.d1631.s0.i0 1.000000 0.444961
DS.d1830.s0.i0 -1.000000 -0.385139
DS.d1019.s0.i0 -1.000000 -0.834163
DS.d1019.s0.i1 -1.000000 -0.830842
DS.d1019.s1.i0 -1.000000 -0.783740
DS.d1060.s0.i0 1.000000 1.033797
DS.d1623.s0.i0 -1.000000 -0.138757
DS.d1708.s0.i0 -1.000000 -0.360415
DS.d1735.s1.i0 -1.000000 -0.753308
DS.d1735.s0.i1 -1.000000 -0.284071
DS.d1735.s0.i0 -1.000000 -0.325560
DS.d1523.s0.i0 -1.000000 -0.771404
DS.d1523.s0.i1 -1.000000 -0.785054
DS.d1523.s0.i2 -1.000000 -0.703639
DS.d1766.s1.i0 -1.000000 -0.372027
DS.d1766.s0.i0 1.000000 0.412306
DS.d1522.s1.i0 -1.000000 0.151087
DS.d1522.s0.i1 1.000000 0.734811
DS.d1522.s0.i0 1.000000 0.681231
DS.d1522.s3.i0 1.000000 0.599663
DS.d1522.s2.i0 -1.000000 -0.512557
DS.d1862.s0.i0 1.000000 0.150549
DS.d1635.s0.i0 -1.000000 -0.754485
DS.d1635.s0.i1 -1.000000 -0.782237
DS.d1634.s1.i0 -1.000000 -0.924602
DS.d1634.s1.i1 -1.000000 -0.925587
DS.d1634.s1.i2 -1.000000 -0.932677
DS.d1634.s1.i3 -1.000000 -0.865410
DS.d1634.s0.i3 -1.000000 -0.952189
DS.d1634.s0.i2 -1.000000 -0.912013
DS.d1634.s0.i1 -1.000000 -0.900847
DS.d1634.s0.i0 -1.000000 -0.930348
DS.d1634.s0.i7 -1.000000 -0.950406
DS.d1634.s0.i6 -1.000000 -0.945918
DS.d1634.s0.i5 -1.000000 -0.959153
DS.d1634.s0.i4 -1.000000 -0.989804
DS.d1634.s0.i9 -1.000000 -0.899454
DS.d1634.s0.i8 -1.000000 -1.004692
DS.d1888.s0.i0 1.000000 0.480544
DS.d1888.s0.i1 1.000000 0.398981
DS.d1636.s1.i0 1.000000 1.083733
DS.d1636.s1.i1 1.000000 0.952580
DS.d1636.s0.i0 1.000000 1.023438
DS.d1738.s0.i0 1.000000 0.607633
DS.d1738.s0.i1 1.000000 0.607633
DS.d1739.s1.i0 -1.000000 -0.678179
DS.d1739.s0.i0 -1.000000 -0.352142
DS.d1633.s0.i0 -1.000000 -0.884076
DS.d1633.s0.i1 -1.000000 -0.899870
DS.d1633.s1.i0 -1.000000 -0.926013
DS.d1882.s0.i0 1.000000 0.765142
DS.d1883.s0.i1 1.000000 1.115748
DS.d1883.s0.i0 1.000000 1.010158
DS.d1880.s0.i0 -1.000000 -0.422816
DS.d1880.s1.i0 -1.000000 -0.511464
DS.d1737.s0.i0 1.000000 0.573502
DS.d1639.s0.i0 -1.000000 -0.388456
DS.d1731.s0.i3 -1.000000 -1.104157
DS.d1731.s0.i2 -1.000000 -0.979742
DS.d1731.s0.i1 -1.000000 -1.088215
DS.d1731.s0.i0 -1.000000 -0.993209
DS.d1789.s0.i1 -1.000000 -0.562745
DS.d1885.s1.i1 1.000000 -0.079568
DS.d1885.s0.i0 1.000000 0.671629
DS.d1517.s0.i0 1.000000 0.302006
DS.d848.s0.i2 1.000000 0.565214
DS.d1198.s0.i0 -1.000000 -0.054075
DS.d846.s0.i0 -1.000000 0.375503
DS.d846.s1.i2 1.000000 0.779359
DS.d846.s1.i1 1.000000 0.782874
DS.d846.s1.i0 1.000000 0.750019
DS.d847.s0.i1 1.000000 0.112401
DS.d847.s0.i0 -1.000000 -0.206169
DS.d847.s0.i3 -1.000000 -0.206169
DS.d847.s0.i2 1.000000 0.112401
DS.d840.s0.i0 1.000000 0.581429
DS.d840.s0.i1 1.000000 0.521379
DS.d928.s1.i0 1.000000 0.532603
DS.d928.s0.i1 1.000000 0.775625
DS.d928.s0.i0 1.000000 0.609558
DS.d928.s0.i2 1.000000 0.604879
DS.d842.s0.i0 -1.000000 -1.034428
DS.d842.s0.i1 -1.000000 -0.907693
DS.d842.s0.i2 -1.000000 -1.035179
DS.d842.s0.i3 -1.000000 -1.011850
DS.d842.s1.i3 -1.000000 -0.753000
DS.d842.s1.i2 -1.000000 -0.828649
DS.d842.s1.i1 -1.000000 -0.830184
DS.d842.s1.i0 -1.000000 -0.830172
DS.d843.s1.i0 -1.000000 -0.276743
DS.d843.s0.i1 1.000000 0.938726
DS.d843.s0.i0 1.000000 0.880710
DS.d843.s0.i3 1.000000 0.940174
DS.d843.s0.i2 1.000000 0.880299
DS.d1499.s0.i0 -1.000000 0.191600
DS.d1499.s1.i0 -1.000000 -0.156723
DS.d1490.s0.i0 -1.000000 -0.294487
DS.d1493.s0.i0 1.000000 0.857720
DS.d1493.s1.i2 1.000000 0.454221
DS.d991.s0.i0 -1.000000 -0.518035
DS.d1494.s1.i0 1.000000 0.588976
DS.d1494.s0.i0 1.000000 0.638970
DS.d1496.s0.i1 -1.000000 0.012471
DS.d1496.s0.i0 1.000000 0.264410
DS.d1082.s0.i0 1.000000 0.478917
DS.d1082.s1.i0 1.000000 0.592220
DS.d1083.s0.i0 -1.000000 -0.572972
DS.d1081.s0.i1 -1.000000 -0.361202
DS.d1081.s0.i0 -1.000000 -0.434114
DS.d1086.s0.i0 1.000000 0.663901
DS.d1086.s0.i1 1.000000 0.727080
DS.d1087.s0.i3 1.000000 0.692175
DS.d1087.s0.i2 1.000000 0.704492
DS.d1087.s0.i1 1.000000 0.708837
DS.d1087.s0.i0 1.000000 0.745302
DS.d1084.s0.i0 -1.000000 -0.872357
DS.d1121.s0.i0 1.000000 0.654510
DS.d1120.s0.i3 -1.000000 -0.440319
DS.d1120.s0.i2 -1.000000 -0.448083
DS.d1120.s0.i1 -1.000000 -0.402107
DS.d1120.s0.i0 1.000000 0.123120
DS.d1120.s0.i7 1.000000 0.295822
DS.d1120.s0.i6 -1.000000 -0.490379
DS.d1120.s0.i5 1.000000 0.221139
DS.d1120.s0.i4 1.000000 0.290789
DS.d1088.s0.i0 1.000000 0.756825
DS.d1089.s1.i2 1.000000 0.862961
DS.d1089.s1.i3 1.000000 0.880234
DS.d1089.s1.i0 1.000000 0.754053
DS.d1089.s1.i1 1.000000 0.766125
DS.d1089.s0.i0 1.000000 0.716092
DS.d1125.s0.i0 -1.000000 -0.249525
DS.d1125.s1.i0 1.000000 0.501400
DS.d1124.s0.i0 1.000000 0.174161
DS.d1775.s0.i1 -1.000000 -0.720803
DS.d1775.s0.i0 -1.000000 -0.644163
DS.d1640.s0.i0 -1.000000 -0.640728
DS.d1641.s0.i1 1.000000 0.613935
DS.d1641.s0.i0 1.000000 0.608044
DS.d1642.s0.i0 -1.000000 -0.198853
DS.d1642.s0.i1 -1.000000 -0.469208
DS.d1642.s1.i3 -1.000000 -0.729068
DS.d1642.s1.i2 -1.000000 -0.740267
DS.d1642.s1.i1 -1.000000 -0.646821
DS.d1642.s1.i0 -1.000000 -0.748667
DS.d1643.s1.i0 -1.000000 -0.669230
DS.d1643.s0.i1 -1.000000 -0.904545
DS.d1643.s0.i0 -1.000000 -1.144114
DS.d1643.s0.i3 -1.000000 -0.987439
DS.d1643.s0.i2 -1.000000 -1.021643
DS.d1643.s2.i0 -1.000000 -0.749197
DS.d1644.s0.i0 -1.000000 -0.699574
DS.d1644.s0.i1 -1.000000 -0.958950
DS.d1644.s1.i1 -1.000000 -1.009592
DS.d1644.s1.i0 -1.000000 -0.963242
DS.d1644.s1.i2 -1.000000 -1.025528
DS.d1644.s2.i0 -1.000000 -0.625002
DS.d1645.s0.i0 -1.000000 0.014962
DS.d1647.s0.i0 -1.000000 -0.511363
DS.d1648.s0.i1 1.000000 0.659841
DS.d1649.s0.i1 1.000000 0.634613
DS.d1649.s0.i0 1.000000 0.763977
DS.d1301.s0.i2 1.000000 0.905310
DS.d1301.s0.i3 1.000000 0.670285
DS.d1301.s0.i0 1.000000 0.816907
DS.d1301.s0.i1 1.000000 0.740651
DS.d1301.s0.i4 1.000000 0.763601
DS.d1301.s0.i5 1.000000 0.881036
DS.d1300.s0.i0 1.000000 0.654577
DS.d1303.s2.i0 1.000000 0.633764
DS.d1303.s3.i1 1.000000 0.353428
DS.d1303.s3.i0 1.000000 0.620013
DS.d1303.s3.i2 1.000000 0.713721
DS.d1303.s0.i0 1.000000 0.906533
DS.d1303.s0.i1 1.000000 0.818710
DS.d1303.s0.i2 1.000000 0.948847
DS.d1303.s0.i3 1.000000 0.779854
DS.d1303.s1.i0 1.000000 1.029433
DS.d1302.s1.i0 -1.000000 -0.112737
DS.d1302.s0.i1 -1.000000 0.277896
DS.d1302.s0.i0 1.000000 0.313501
DS.d1305.s0.i0 1.000000 0.694865
DS.d1305.s1.i1 1.000000 0.410000
DS.d1305.s1.i0 1.000000 0.630676
DS.d1304.s0.i0 1.000000 0.559651
DS.d1307.s0.i0 -1.000000 0.149147
DS.d1307.s0.i3 1.000000 0.126251
DS.d1256.s0.i1 1.000000 0.676656
DS.d1256.s0.i0 1.000000 0.806343
DS.d1309.s0.i0 1.000000 0.719754
DS.d1061.s0.i22 -1.000000 -0.948825
DS.d1061.s0.i23 -1.000000 -0.985251
DS.d1061.s0.i20 -1.000000 -1.049383
DS.d1061.s0.i21 -1.000000 -1.111700
DS.d1061.s0.i13 -1.000000 -1.113645
DS.d1061.s0.i12 -1.000000 -1.050935
DS.d1061.s0.i11 -1.000000 -0.999596
DS.d1061.s0.i10 -1.000000 -0.955548
DS.d1061.s0.i17 -1.000000 -0.984193
DS.d1061.s0.i16 -1.000000 -0.965488
DS.d1061.s0.i15 -1.000000 -0.959852
DS.d1061.s0.i14 -1.000000 -0.917892
DS.d1061.s0.i19 -1.000000 -0.950705
DS.d1061.s0.i18 -1.000000 -1.104351
DS.d1061.s0.i9 -1.000000 -0.978816
DS.d1061.s0.i8 -1.000000 -1.018783
DS.d1061.s0.i3 -1.000000 -1.010099
DS.d1061.s0.i2 -1.000000 -1.024003
DS.d1061.s0.i1 -1.000000 -0.975534
DS.d1061.s0.i0 -1.000000 -0.977543
DS.d1061.s0.i7 -1.000000 -1.008501
DS.d1061.s0.i6 -1.000000 -1.020194
DS.d1061.s0.i5 -1.000000 -0.917051
DS.d1061.s0.i4 -1.000000 -1.028682
DS.d1547.s0.i0 1.000000 0.599059
DS.d1547.s0.i1 1.000000 0.639007
DS.d1065.s2.i0 1.000000 0.061424
DS.d1065.s1.i0 -1.000000 -0.487905
DS.d1065.s0.i1 1.000000 0.175302
DS.d1065.s0.i0 -1.000000 0.047724
DS.d1066.s0.i0 1.000000 0.786830
DS.d1066.s0.i1 1.000000 0.786830
DS.d1067.s0.i0 1.000000 0.297418
DS.d949.s0.i0 1.000000 0.616892
DS.d1318.s0.i0 1.000000 0.815997
DS.d1546.s1.i0 -1.000000 -0.407915
DS.d1546.s1.i1 1.000000 -0.170622
DS.d1546.s1.i2 -1.000000 -0.393109
DS.d1546.s0.i0 -1.000000 -0.597067
DS.d1250.s0.i1 -1.000000 -0.732379
DS.d1250.s0.i0 -1.000000 -0.596728
DS.d1250.s0.i3 -1.000000 -0.765058
DS.d1250.s0.i2 -1.000000 -0.779007
DS.d1464.s0.i0 -1.000000 -0.295880
DS.d1465.s0.i3 1.000000 0.591350
DS.d1465.s0.i2 1.000000 0.687585
DS.d1465.s0.i1 1.000000 0.651060
DS.d1465.s0.i0 1.000000 1.002141
DS.d1465.s0.i5 1.000000 1.002141
DS.d1465.s0.i4 1.000000 0.723096
DS.d1466.s0.i0 1.000000 0.783487
DS.d1467.s0.i0 -1.000000 -0.268455
DS.d1392.s0.i0 -1.000000 -0.263965
DS.d1461.s1.i0 1.000000 0.507560
DS.d1461.s0.i0 1.000000 0.989003
DS.d1462.s0.i0 1.000000 0.449899
DS.d1463.s1.i0 1.000000 0.884886
DS.d1463.s1.i1 1.000000 0.821038
DS.d1463.s0.i0 1.000000 0.196099
DS.d1543.s0.i0 1.000000 0.811466
DS.d1543.s0.i1 1.000000 0.763813
DS.d1543.s1.i0 1.000000 0.775484
DS.d948.s0.i5 1.000000 0.686728
DS.d948.s0.i4 1.000000 0.781909
DS.d948.s0.i3 1.000000 0.686728
DS.d948.s0.i2 1.000000 0.736436
DS.d948.s0.i1 1.000000 0.637736
DS.d948.s0.i0 1.000000 0.781909
DS.d1541.s0.i0 1.000000 0.726772
DS.d1541.s0.i1 1.000000 0.684891
DS.d1540.s0.i1 1.000000 0.760347
DS.d1540.s0.i0 1.000000 0.748136
DS.d1468.s0.i2 1.000000 0.834643
DS.d1468.s0.i3 1.000000 0.886538
DS.d1468.s0.i0 1.000000 1.055402
DS.d1468.s0.i1 1.000000 1.004275
DS.d1468.s1.i1 -1.000000 -0.580631
DS.d1468.s1.i0 -1.000000 -0.564962
DS.d1468.s2.i0 -1.000000 -0.541611
DS.d1468.s2.i1 -1.000000 -0.620531
DS.d1468.s3.i2 -1.000000 -0.427256
DS.d1468.s3.i1 -1.000000 -0.387453
DS.d1468.s3.i0 -1.000000 -0.637683
DS.d1469.s1.i4 -1.000000 -0.159054
DS.d1469.s1.i5 1.000000 0.410575
DS.d1469.s1.i0 -1.000000 -0.143923
DS.d1469.s1.i1 1.000000 0.605489
DS.d1469.s1.i2 1.000000 0.406093
DS.d1469.s1.i3 1.000000 0.592439
DS.d1469.s0.i0 -1.000000 -0.449778
DS.d1398.s0.i0 1.000000 0.526850
DS.d1663.s1.i0 1.000000 0.869131
DS.d1663.s0.i1 1.000000 0.759936
DS.d1663.s0.i0 1.000000 0.954868
DS.d1545.s0.i0 1.000000 0.958920
DS.d1545.s0.i1 1.000000 0.959574
DS.d1313.s0.i0 -1.000000 -0.181443
DS.d1310.s0.i0 1.000000 0.101825
DS.d1311.s0.i0 -1.000000 -0.360007
DS.d1786.s0.i1 1.000000 0.996783
DS.d1786.s0.i0 1.000000 0.806797
DS.d1544.s1.i0 1.000000 0.676359
DS.d1544.s0.i0 1.000000 0.168207
DS.d1268.s0.i0 -1.000000 -0.382451
DS.d1269.s0.i0 -1.000000 -0.544192
DS.d1396.s0.i2 -1.000000 -0.891710
DS.d1396.s0.i3 -1.000000 -0.942027
DS.d1396.s0.i0 -1.000000 -0.768440
DS.d1396.s0.i1 -1.000000 -0.677869
DS.d1262.s0.i0 -1.000000 0.167870
DS.d1262.s0.i1 1.000000 0.216741
DS.d1262.s1.i1 1.000000 0.639327
DS.d1262.s1.i0 1.000000 0.381410
DS.d1263.s0.i1 -1.000000 -0.425857
DS.d1263.s0.i0 -1.000000 -0.619691
DS.d1260.s0.i0 -1.000000 -0.009518
DS.d1261.s0.i0 1.000000 0.782224
DS.d1266.s0.i0 -1.000000 -0.558684
DS.d1266.s0.i1 -1.000000 -0.551936
DS.d1266.s1.i0 -1.000000 -0.575427
DS.d1267.s0.i0 1.000000 0.872077
DS.d1264.s0.i0 1.000000 0.733100
DS.d1264.s0.i1 1.000000 0.688163
DS.d1264.s0.i2 1.000000 0.858463
DS.d1264.s0.i3 1.000000 0.727009
DS.d1265.s0.i9 -1.000000 -0.843941
DS.d1265.s0.i8 -1.000000 -0.893398
DS.d1265.s0.i1 -1.000000 -0.838427
DS.d1265.s0.i0 -1.000000 -0.949475
DS.d1265.s0.i3 -1.000000 -0.938915
DS.d1265.s0.i2 -1.000000 -0.921329
DS.d1265.s0.i5 -1.000000 -0.943024
DS.d1265.s0.i4 -1.000000 -0.935696
DS.d1265.s0.i7 -1.000000 -0.920538
DS.d1265.s0.i6 -1.000000 -0.946195
DS.d1265.s0.i15 -1.000000 -0.917317
DS.d1265.s0.i13 -1.000000 -0.952579
DS.d1265.s0.i14 -1.000000 -0.890325
DS.d1265.s0.i12 -1.000000 -0.930488
DS.d1265.s0.i10 -1.000000 -0.927258
DS.d1265.s0.i11 -1.000000 -0.918478
