DS.d231.s0.i0 -1.000000 0.345740
DS.d450.s1.i0 1.000000 0.774967
DS.d450.s1.i1 -1.000000 0.004149
DS.d450.s0.i0 1.000000 0.490693
DS.d372.s0.i0 1.000000 0.631857
DS.d372.s0.i1 1.000000 0.558292
DS.d372.s1.i1 -1.000000 -0.052595
DS.d372.s1.i0 1.000000 0.129671
DS.d372.s1.i3 -1.000000 -0.147268
DS.d372.s1.i2 1.000000 0.024904
DS.d478.s0.i0 1.000000 1.891218
DS.d142.s0.i1 1.000000 0.450561
DS.d142.s0.i0 1.000000 0.640371
DS.d318.s0.i0 1.000000 0.603955
DS.d318.s0.i1 1.000000 0.528555
DS.d826.s0.i6 1.000000 0.239401
DS.d826.s0.i7 1.000000 0.156195
DS.d826.s0.i4 1.000000 0.432246
DS.d826.s0.i5 1.000000 0.026091
DS.d826.s0.i2 1.000000 0.224057
DS.d826.s0.i3 1.000000 0.465702
DS.d826.s0.i0 1.000000 -0.041186
DS.d826.s0.i1 1.000000 0.255570
DS.d826.s1.i1 1.000000 0.057896
DS.d826.s1.i0 1.000000 -0.264575
DS.d826.s1.i2 1.000000 -0.151996
DS.d826.s2.i0 1.000000 1.049543
DS.d826.s2.i1 1.000000 1.064170
DS.d826.s2.i2 1.000000 1.169831
DS.d826.s2.i3 1.000000 1.137878
DS.d826.s3.i3 1.000000 1.008579
DS.d826.s3.i2 1.000000 1.008579
DS.d826.s3.i1 1.000000 0.859851
DS.d826.s3.i0 1.000000 0.859851
DS.d470.s0.i0 1.000000 0.672973
DS.d627.s0.i0 1.000000 0.593046
DS.d472.s0.i1 1.000000 0.986809
DS.d472.s0.i0 1.000000 0.929881
DS.d126.s0.i0 1.000000 0.840003
DS.d657.s0.i0 1.000000 0.762697
DS.d168.s0.i0 -1.000000 -0.161724
DS.d358.s0.i0 1.000000 0.385525
DS.d358.s1.i0 -1.000000 0.373266
DS.d517.s0.i1 1.000000 0.374829
DS.d517.s0.i0 1.000000 0.546594
DS.d419.s0.i0 -1.000000 0.640785
DS.d106.s0.i1 1.000000 0.406830
DS.d106.s0.i0 1.000000 0.414645
DS.d355.s0.i0 -1.000000 -0.646035
DS.d778.s2.i0 1.000000 0.820720
DS.d778.s2.i1 1.000000 0.820843
DS.d778.s0.i0 1.000000 1.030772
DS.d778.s1.i1 1.000000 1.030077
DS.d778.s1.i0 -1.000000 0.141150
DS.d252.s1.i2 1.000000 0.550927
DS.d252.s1.i0 1.000000 0.610039
DS.d252.s1.i1 1.000000 0.346302
DS.d252.s0.i0 1.000000 1.094035
DS.d252.s2.i2 -1.000000 -0.354329
DS.d252.s2.i1 -1.000000 -0.234993
DS.d252.s2.i0 -1.000000 -0.333345
DS.d413.s0.i3 1.000000 0.370143
DS.d254.s2.i1 1.000000 0.308638
DS.d254.s2.i0 1.000000 0.371124
DS.d254.s1.i0 1.000000 -0.010229
DS.d254.s1.i1 1.000000 -0.046394
DS.d254.s0.i1 1.000000 0.991191
DS.d254.s0.i0 1.000000 0.844598
DS.d165.s6.i5 1.000000 0.788785
DS.d165.s6.i2 1.000000 0.785559
DS.d165.s6.i3 1.000000 0.655015
DS.d165.s6.i1 1.000000 0.726559
DS.d165.s3.i0 -1.000000 0.299582
DS.d165.s3.i2 -1.000000 -0.077669
DS.d165.s0.i0 -1.000000 0.236733
DS.d165.s0.i1 -1.000000 0.363853
DS.d165.s0.i2 -1.000000 -0.327670
DS.d165.s0.i3 -1.000000 -0.166098
DS.d165.s0.i4 1.000000 -0.054499
DS.d165.s0.i5 1.000000 0.713978
DS.d692.s0.i1 1.000000 0.699065
DS.d692.s0.i0 1.000000 0.679743
DS.d371.s0.i0 1.000000 0.936145
DS.d371.s0.i2 1.000000 0.958086
DS.d614.s0.i5 1.000000 0.344962
DS.d614.s0.i4 -1.000000 0.743084
DS.d614.s0.i3 1.000000 0.591203
DS.d614.s0.i2 1.000000 0.882749
DS.d614.s0.i1 1.000000 0.738255
DS.d614.s0.i0 1.000000 0.511862
DS.d616.s1.i0 1.000000 -0.348079
DS.d616.s1.i1 -1.000000 -0.404261
DS.d616.s0.i1 -1.000000 -0.885956
DS.d616.s0.i0 -1.000000 -0.826627
DS.d616.s0.i3 -1.000000 -0.618723
DS.d616.s0.i2 -1.000000 -0.806655
DS.d616.s0.i5 -1.000000 -0.791276
DS.d616.s0.i4 -1.000000 -0.860752
DS.d616.s0.i7 -1.000000 -0.856725
DS.d616.s0.i6 -1.000000 -0.850828
DS.d616.s0.i9 -1.000000 -0.954553
DS.d616.s0.i8 -1.000000 -0.716961
DS.d616.s0.i19 -1.000000 -0.860057
DS.d616.s0.i18 -1.000000 -0.777730
DS.d616.s0.i11 -1.000000 -0.785085
DS.d616.s0.i10 -1.000000 -0.862506
DS.d616.s0.i13 -1.000000 -0.703518
DS.d616.s0.i12 -1.000000 -0.656920
DS.d616.s0.i15 -1.000000 -0.635981
DS.d616.s0.i14 -1.000000 -0.903524
DS.d616.s0.i17 -1.000000 -0.776443
DS.d616.s0.i16 -1.000000 -0.984970
DS.d616.s2.i1 1.000000 0.340947
DS.d616.s2.i0 1.000000 0.249263
DS.d530.s0.i0 -1.000000 0.583315
DS.d392.s0.i0 1.000000 1.202173
DS.d454.s0.i1 1.000000 0.225023
DS.d454.s0.i0 -1.000000 -0.529598
DS.d454.s0.i2 -1.000000 -0.321691
DS.d732.s0.i2 1.000000 0.729242
DS.d732.s0.i0 -1.000000 0.986312
DS.d732.s0.i1 1.000000 0.813607
DS.d733.s0.i3 1.000000 0.066825
DS.d733.s0.i2 1.000000 -0.214625
DS.d733.s0.i1 1.000000 -0.213181
DS.d733.s0.i0 1.000000 0.068648
DS.d499.s0.i0 1.000000 0.057720
DS.d298.s0.i0 1.000000 0.414366
DS.d75.s0.i0 -1.000000 -0.589848
DS.d193.s1.i0 1.000000 -0.514521
DS.d193.s0.i0 1.000000 -0.472827
DS.d62.s0.i0 -1.000000 1.081841
DS.d18.s0.i0 1.000000 0.178245
DS.d675.s0.i0 1.000000 1.138787
DS.d68.s0.i0 1.000000 0.667924
DS.d152.s0.i0 1.000000 0.166994
DS.d152.s0.i1 1.000000 -0.117014
DS.d152.s1.i0 1.000000 0.916041
DS.d225.s1.i0 1.000000 0.847221
DS.d225.s0.i0 1.000000 0.490191
DS.d227.s0.i1 1.000000 0.496957
DS.d227.s0.i0 1.000000 0.496957
DS.d463.s0.i0 -1.000000 0.481568
DS.d460.s0.i0 -1.000000 0.610321
DS.d460.s1.i0 1.000000 0.827773
DS.d640.s0.i0 -1.000000 -0.042758
DS.d207.s0.i0 1.000000 -0.365255
DS.d5.s0.i1 1.000000 0.663493
DS.d5.s0.i0 -1.000000 0.825813
DS.d5.s0.i2 -1.000000 0.872551
DS.d641.s0.i1 1.000000 0.687843
DS.d641.s0.i0 1.000000 0.740145
DS.d646.s0.i4 1.000000 -0.425595
DS.d646.s0.i5 1.000000 -0.421187
DS.d646.s0.i2 1.000000 -0.346321
DS.d646.s0.i3 1.000000 -0.332478
DS.d646.s0.i0 1.000000 -0.435754
DS.d646.s0.i1 1.000000 -0.427293
DS.d500.s0.i0 1.000000 0.761714
DS.d763.s2.i0 1.000000 0.805528
DS.d763.s0.i0 1.000000 0.961773
DS.d763.s0.i1 1.000000 1.011421
DS.d710.s0.i0 -1.000000 0.433364
DS.d117.s3.i2 1.000000 0.715530
DS.d117.s3.i3 1.000000 0.819135
DS.d117.s3.i0 1.000000 0.713598
DS.d117.s3.i1 1.000000 0.735711
DS.d117.s2.i1 -1.000000 -0.624572
DS.d117.s2.i0 1.000000 -0.292007
DS.d117.s2.i3 -1.000000 -0.017577
DS.d117.s2.i2 1.000000 -0.037296
DS.d117.s1.i0 1.000000 -0.011296
DS.d117.s1.i1 -1.000000 -0.201388
DS.d117.s0.i0 1.000000 0.138524
DS.d766.s0.i1 -1.000000 0.310247
DS.d766.s0.i0 -1.000000 -0.079555
DS.d766.s0.i3 -1.000000 0.688433
DS.d766.s0.i2 -1.000000 0.393227
DS.d173.s0.i0 1.000000 0.376363
DS.d783.s0.i0 1.000000 0.100135
DS.d401.s0.i1 -1.000000 -0.276539
DS.d401.s0.i0 -1.000000 -0.324979
DS.d92.s2.i0 1.000000 -0.013336
DS.d92.s3.i0 1.000000 0.822410
DS.d92.s0.i0 1.000000 0.309041
DS.d92.s1.i0 1.000000 -0.020268
DS.d340.s0.i0 -1.000000 -0.140837
DS.d721.s0.i2 -1.000000 0.173536
DS.d721.s0.i3 1.000000 -0.185358
DS.d721.s0.i0 -1.000000 -0.078940
DS.d721.s0.i1 -1.000000 0.244075
DS.d721.s0.i4 -1.000000 0.483844
DS.d721.s0.i5 -1.000000 -0.237218
DS.d731.s1.i2 1.000000 0.304822
DS.d731.s1.i0 -1.000000 -0.003072
DS.d731.s1.i1 -1.000000 -0.003072
DS.d731.s0.i0 -1.000000 0.461767
DS.d543.s0.i0 1.000000 -0.191792
DS.d543.s0.i1 1.000000 -0.539537
DS.d543.s0.i2 -1.000000 -0.382830
DS.d17.s1.i0 -1.000000 0.831565
DS.d17.s0.i1 -1.000000 -0.062790
DS.d17.s0.i0 -1.000000 -0.363989
DS.d609.s1.i2 1.000000 0.777613
DS.d609.s1.i0 -1.000000 0.206571
DS.d609.s1.i1 -1.000000 0.087995
DS.d609.s0.i1 -1.000000 0.141907
DS.d609.s0.i0 -1.000000 -0.538074
DS.d262.s0.i0 -1.000000 -0.099240
DS.d818.s1.i2 1.000000 -0.161523
DS.d818.s1.i3 1.000000 -0.161523
DS.d818.s1.i0 1.000000 -0.161523
DS.d818.s1.i1 1.000000 -0.175589
DS.d818.s1.i4 1.000000 -0.175589
DS.d818.s1.i5 1.000000 -0.175589
DS.d818.s0.i1 1.000000 0.463934
DS.d818.s0.i0 1.000000 0.463934
DS.d818.s0.i3 1.000000 0.322346
DS.d818.s0.i2 1.000000 0.335636
DS.d818.s2.i3 1.000000 0.740777
DS.d818.s2.i2 1.000000 0.321785
DS.d818.s2.i1 1.000000 0.321785
DS.d818.s2.i0 1.000000 0.740777
DS.d818.s2.i5 1.000000 0.321785
DS.d818.s2.i4 1.000000 0.740777
DS.d527.s0.i2 1.000000 -0.140134
DS.d527.s0.i3 1.000000 -0.108446
DS.d527.s0.i0 1.000000 0.079955
DS.d527.s0.i1 1.000000 0.398805
DS.d527.s1.i1 1.000000 -0.490919
DS.d527.s1.i0 1.000000 -0.282875
DS.d770.s0.i0 1.000000 0.017237
DS.d770.s0.i1 1.000000 -0.014146
DS.d784.s1.i0 1.000000 0.290678
DS.d784.s0.i0 1.000000 0.500926
DS.d24.s1.i0 1.000000 0.575381
DS.d24.s0.i0 -1.000000 -0.374600
DS.d76.s0.i2 1.000000 -0.181859
DS.d76.s0.i3 1.000000 -0.175878
DS.d76.s0.i0 1.000000 -0.279549
DS.d76.s0.i1 1.000000 -0.164875
DS.d76.s1.i1 1.000000 0.231219
DS.d76.s1.i0 1.000000 0.254193
DS.d76.s1.i3 1.000000 0.241917
DS.d76.s1.i2 1.000000 0.220806
DS.d660.s0.i0 1.000000 0.514157
DS.d660.s0.i1 1.000000 0.506073
DS.d281.s1.i0 1.000000 0.483381
DS.d281.s1.i1 1.000000 0.523038
DS.d281.s0.i0 1.000000 0.419789
DS.d807.s1.i0 1.000000 0.301508
DS.d807.s0.i1 1.000000 1.127769
DS.d807.s0.i0 1.000000 1.165412
DS.d670.s0.i1 1.000000 0.944709
DS.d670.s0.i0 1.000000 0.769216
DS.d58.s0.i0 1.000000 0.660286
DS.d58.s1.i1 1.000000 0.085107
DS.d58.s1.i0 1.000000 -0.290595
DS.d58.s2.i0 1.000000 0.961290
DS.d58.s3.i0 1.000000 1.071705
DS.d667.s0.i0 1.000000 0.351917
DS.d200.s0.i0 1.000000 0.411960
DS.d200.s0.i1 -1.000000 -0.137361
DS.d671.s0.i0 1.000000 0.813092
DS.d671.s0.i1 1.000000 0.943553
DS.d671.s0.i2 1.000000 0.723132
DS.d799.s0.i3 1.000000 0.161987
DS.d799.s0.i1 1.000000 0.250845
DS.d799.s0.i0 1.000000 0.161987
