DS.d170.s0.i0 1.000000 0.777782
DS.d170.s0.i1 1.000000 0.736403
DS.d95.s0.i3 -1.000000 -0.766282
DS.d95.s0.i2 -1.000000 -0.508430
DS.d95.s0.i1 -1.000000 -0.728430
DS.d95.s0.i0 -1.000000 -0.735471
DS.d172.s0.i0 1.000000 0.568660
DS.d172.s0.i1 1.000000 0.776389
DS.d714.s0.i0 -1.000000 -0.711510
DS.d714.s0.i1 -1.000000 -0.823769
DS.d714.s1.i0 -1.000000 -0.447165
DS.d714.s2.i0 -1.000000 -0.473992
DS.d715.s0.i0 -1.000000 0.022855
DS.d802.s0.i0 1.000000 0.123539
DS.d717.s0.i0 -1.000000 0.080787
DS.d804.s0.i0 1.000000 0.379667
DS.d711.s0.i0 -1.000000 -0.336159
DS.d712.s2.i0 1.000000 0.264492
DS.d712.s2.i1 1.000000 0.195941
DS.d712.s0.i0 1.000000 0.821534
DS.d712.s0.i1 1.000000 0.726570
DS.d712.s0.i2 1.000000 0.732214
DS.d712.s0.i3 1.000000 0.644606
DS.d712.s1.i0 1.000000 0.801249
DS.d713.s1.i0 1.000000 0.504973
DS.d713.s1.i1 1.000000 0.595788
DS.d713.s0.i1 1.000000 0.443649
DS.d713.s0.i0 1.000000 0.642130
DS.d808.s0.i0 -1.000000 0.495310
DS.d808.s1.i1 1.000000 0.405648
DS.d808.s1.i0 -1.000000 0.048647
DS.d808.s2.i0 1.000000 0.856677
DS.d808.s2.i1 1.000000 0.870989
DS.d809.s1.i0 1.000000 -0.033036
DS.d809.s1.i1 1.000000 0.023224
DS.d809.s0.i0 1.000000 0.935681
DS.d489.s0.i1 -1.000000 -0.686790
DS.d489.s0.i0 -1.000000 -0.642494
DS.d718.s0.i0 -1.000000 -0.956584
DS.d718.s0.i1 -1.000000 -0.651887
DS.d718.s1.i19 -1.000000 -1.031053
DS.d718.s1.i18 -1.000000 -0.927933
DS.d718.s1.i11 -1.000000 -0.969795
DS.d718.s1.i10 -1.000000 -0.943855
DS.d718.s1.i13 -1.000000 -0.995362
DS.d718.s1.i12 -1.000000 -0.921417
DS.d718.s1.i15 -1.000000 -1.035403
DS.d718.s1.i14 -1.000000 -0.970324
DS.d718.s1.i17 -1.000000 -1.021108
DS.d718.s1.i16 -1.000000 -1.027538
DS.d718.s1.i1 -1.000000 -0.965326
DS.d718.s1.i0 -1.000000 -0.932488
DS.d718.s1.i3 -1.000000 -1.071875
DS.d718.s1.i2 -1.000000 -0.958817
DS.d718.s1.i5 -1.000000 -1.068154
DS.d718.s1.i4 -1.000000 -1.047194
DS.d718.s1.i7 -1.000000 -0.971645
DS.d718.s1.i6 -1.000000 -0.943233
DS.d718.s1.i9 -1.000000 -0.872222
DS.d718.s1.i8 -1.000000 -1.020748
DS.d718.s2.i0 -1.000000 -0.631625
DS.d718.s2.i1 1.000000 -0.172939
DS.d718.s2.i2 -1.000000 -0.666405
DS.d718.s2.i3 -1.000000 -0.659461
DS.d719.s0.i1 -1.000000 0.263924
DS.d719.s0.i0 1.000000 0.173284
DS.d175.s1.i0 1.000000 0.746211
DS.d175.s0.i1 1.000000 0.661718
DS.d175.s0.i0 1.000000 0.737823
DS.d65.s0.i0 -1.000000 -0.195426
DS.d64.s0.i0 -1.000000 -0.479336
DS.d67.s0.i0 -1.000000 -0.552674
DS.d67.s0.i1 -1.000000 -0.547643
DS.d66.s0.i1 1.000000 0.536505
DS.d66.s0.i0 1.000000 0.613780
DS.d66.s0.i3 1.000000 0.342266
DS.d66.s0.i2 1.000000 0.794692
DS.d61.s0.i6 -1.000000 -0.799396
DS.d61.s0.i7 -1.000000 -0.790626
DS.d61.s0.i4 -1.000000 -0.840448
DS.d61.s0.i5 -1.000000 -0.819169
DS.d61.s0.i2 -1.000000 -0.797192
DS.d61.s0.i3 -1.000000 -0.862249
DS.d61.s0.i0 -1.000000 -0.892082
DS.d61.s0.i1 -1.000000 -0.954184
DS.d61.s0.i8 -1.000000 -0.908442
DS.d60.s0.i0 1.000000 1.041576
DS.d63.s0.i0 1.000000 0.940604
DS.d63.s0.i1 1.000000 0.948240
DS.d177.s0.i1 1.000000 -0.011846
DS.d177.s0.i0 -1.000000 -0.541403
DS.d177.s0.i3 -1.000000 -0.468842
DS.d177.s0.i2 1.000000 0.129796
DS.d177.s0.i5 -1.000000 -0.774185
DS.d177.s0.i4 -1.000000 -0.733079
DS.d177.s0.i7 -1.000000 -0.414929
DS.d177.s0.i6 -1.000000 -0.340952
DS.d69.s0.i0 1.000000 0.759892
DS.d69.s0.i1 1.000000 0.624374
DS.d246.s0.i0 1.000000 0.939522
DS.d246.s1.i0 1.000000 0.690236
DS.d246.s2.i0 -1.000000 -0.017464
DS.d246.s2.i1 1.000000 0.393785
DS.d247.s0.i3 -1.000000 -0.704463
DS.d247.s0.i2 1.000000 0.359181
DS.d247.s0.i1 1.000000 0.373238
DS.d247.s0.i0 -1.000000 -0.673484
DS.d247.s0.i7 -1.000000 -0.698460
DS.d247.s0.i6 -1.000000 -0.801289
DS.d247.s0.i5 -1.000000 -0.660770
DS.d247.s0.i4 1.000000 0.372282
DS.d247.s0.i9 -1.000000 -0.772169
DS.d247.s0.i8 -1.000000 -0.764859
DS.d247.s0.i22 1.000000 0.369758
DS.d247.s0.i23 -1.000000 -0.665175
DS.d247.s0.i20 1.000000 0.355297
DS.d247.s0.i21 -1.000000 -0.738015
DS.d247.s0.i13 1.000000 0.395311
DS.d247.s0.i12 -1.000000 -0.650999
DS.d247.s0.i11 -1.000000 -0.686420
DS.d247.s0.i10 -1.000000 -0.787214
DS.d247.s0.i17 -1.000000 -0.791366
DS.d247.s0.i16 -1.000000 -0.675698
DS.d247.s0.i15 1.000000 0.336152
DS.d247.s0.i14 -1.000000 -0.796644
DS.d247.s0.i19 -1.000000 -0.772935
DS.d247.s0.i18 1.000000 0.301934
DS.d244.s0.i0 1.000000 0.790033
DS.d244.s0.i1 1.000000 0.617055
DS.d244.s1.i0 1.000000 1.017400
DS.d245.s0.i1 1.000000 0.848336
DS.d245.s0.i0 1.000000 0.900252
DS.d245.s0.i2 1.000000 0.813066
DS.d242.s0.i2 1.000000 0.857467
DS.d242.s0.i3 1.000000 0.879566
DS.d242.s0.i0 1.000000 0.929309
DS.d242.s0.i1 1.000000 0.909732
DS.d243.s0.i2 1.000000 0.903376
DS.d243.s0.i1 1.000000 0.903376
DS.d243.s0.i0 1.000000 0.903376
DS.d240.s0.i0 1.000000 0.869803
DS.d241.s1.i0 1.000000 0.649942
DS.d241.s0.i0 1.000000 0.687452
DS.d325.s0.i0 1.000000 0.874639
DS.d325.s0.i1 1.000000 0.469125
DS.d324.s0.i0 -1.000000 -0.093515
DS.d327.s0.i0 1.000000 1.089577
DS.d326.s0.i1 -1.000000 -0.025501
DS.d326.s0.i0 1.000000 0.202336
DS.d321.s0.i4 -1.000000 -0.837127
DS.d321.s0.i2 -1.000000 -0.826687
DS.d321.s0.i0 -1.000000 -0.937488
DS.d321.s0.i1 -1.000000 -0.908097
DS.d320.s0.i1 1.000000 0.747982
DS.d320.s0.i0 -1.000000 0.009513
DS.d248.s0.i0 1.000000 0.595410
DS.d248.s0.i1 1.000000 0.749896
DS.d249.s0.i0 1.000000 0.741421
DS.d189.s0.i0 -1.000000 -0.068285
DS.d188.s0.i1 -1.000000 -0.752890
DS.d188.s0.i0 -1.000000 -0.726446
DS.d181.s0.i0 1.000000 0.319207
DS.d180.s2.i1 1.000000 0.784327
DS.d180.s2.i0 1.000000 0.782834
DS.d180.s1.i0 1.000000 1.153801
DS.d180.s0.i1 1.000000 0.722721
DS.d180.s0.i0 1.000000 0.721917
DS.d183.s0.i0 1.000000 0.793548
DS.d183.s0.i1 1.000000 0.842928
DS.d183.s0.i2 1.000000 0.801530
DS.d182.s1.i0 1.000000 0.451620
DS.d182.s0.i0 -1.000000 -0.762867
DS.d185.s0.i0 1.000000 0.815791
DS.d185.s0.i1 1.000000 0.774967
DS.d185.s1.i0 1.000000 0.816946
DS.d184.s2.i1 1.000000 0.821351
DS.d184.s2.i0 1.000000 0.798447
DS.d184.s1.i0 1.000000 0.651466
DS.d184.s0.i5 1.000000 0.760434
DS.d184.s0.i4 1.000000 0.726491
DS.d184.s0.i3 1.000000 0.742084
DS.d184.s0.i2 1.000000 0.823531
DS.d184.s0.i1 1.000000 0.821901
DS.d184.s0.i0 1.000000 0.850386
DS.d187.s0.i0 1.000000 0.631143
DS.d186.s0.i1 -1.000000 -0.612087
DS.d186.s0.i0 -1.000000 -0.619458
DS.d186.s0.i2 -1.000000 -0.545497
DS.d439.s0.i0 1.000000 0.400945
DS.d438.s0.i0 1.000000 0.537816
DS.d431.s0.i2 1.000000 0.516612
DS.d431.s0.i3 1.000000 0.641081
DS.d431.s0.i0 1.000000 0.649874
DS.d431.s0.i1 -1.000000 0.580280
DS.d431.s0.i4 1.000000 0.677240
DS.d431.s0.i5 1.000000 0.758005
DS.d430.s0.i3 1.000000 0.685238
DS.d430.s0.i2 1.000000 0.766132
DS.d430.s0.i1 1.000000 0.683549
DS.d430.s0.i0 1.000000 0.754291
DS.d433.s2.i0 1.000000 0.646134
DS.d433.s3.i0 1.000000 0.918836
DS.d433.s0.i0 1.000000 0.751487
DS.d433.s1.i2 1.000000 0.609691
DS.d433.s1.i1 1.000000 0.706181
DS.d433.s1.i0 1.000000 0.668833
DS.d432.s1.i0 1.000000 1.053279
DS.d432.s0.i1 -1.000000 -0.181006
DS.d432.s0.i0 -1.000000 0.269783
DS.d432.s0.i3 1.000000 -0.128306
DS.d432.s0.i2 1.000000 0.238700
DS.d435.s0.i1 1.000000 0.521830
DS.d434.s0.i0 1.000000 0.754224
DS.d437.s0.i0 -1.000000 -0.282940
DS.d437.s0.i1 -1.000000 -0.070947
DS.d437.s0.i2 1.000000 0.255806
DS.d436.s0.i0 1.000000 0.580961
DS.d800.s0.i0 1.000000 0.484578
DS.d801.s0.i0 1.000000 0.842560
DS.d716.s0.i0 1.000000 0.923687
DS.d716.s0.i1 -1.000000 -0.361496
DS.d716.s0.i2 1.000000 0.915684
DS.d716.s0.i3 1.000000 0.902168
DS.d505.s0.i0 -1.000000 -0.056411
DS.d504.s1.i0 1.000000 1.069260
DS.d504.s1.i1 1.000000 1.111843
DS.d504.s0.i0 1.000000 0.517889
DS.d507.s0.i0 1.000000 -0.291176
DS.d507.s0.i1 -1.000000 0.107707
DS.d506.s0.i1 1.000000 0.764225
DS.d506.s0.i0 1.000000 0.696322
DS.d501.s0.i0 1.000000 0.724654
DS.d501.s0.i1 1.000000 0.710238
DS.d428.s2.i0 -1.000000 0.107661
DS.d428.s2.i1 1.000000 0.155393
DS.d428.s0.i1 1.000000 0.571083
DS.d428.s0.i2 1.000000 0.632407
DS.d428.s1.i3 -1.000000 -0.002075
DS.d428.s1.i2 1.000000 0.361166
DS.d428.s1.i1 -1.000000 0.123834
DS.d428.s1.i0 1.000000 0.227120
DS.d118.s2.i0 1.000000 0.873864
DS.d118.s0.i0 -1.000000 -0.546112
DS.d118.s1.i0 1.000000 0.549646
DS.d119.s0.i1 -1.000000 -0.872488
DS.d119.s0.i0 -1.000000 -0.863437
DS.d119.s0.i2 -1.000000 -0.745905
DS.d116.s0.i2 1.000000 0.906320
DS.d116.s0.i0 1.000000 0.750243
DS.d116.s0.i1 1.000000 0.841623
DS.d114.s0.i0 1.000000 0.361037
DS.d582.s0.i0 1.000000 0.331641
DS.d112.s0.i0 -1.000000 -0.406892
DS.d113.s0.i1 -1.000000 -0.497751
DS.d113.s0.i0 -1.000000 -0.497751
DS.d110.s0.i0 1.000000 0.909652
DS.d111.s0.i1 -1.000000 -0.456065
DS.d111.s0.i0 1.000000 0.421047
DS.d111.s0.i3 1.000000 0.412165
DS.d111.s0.i2 1.000000 0.730447
DS.d111.s0.i5 1.000000 0.741390
DS.d111.s0.i4 -1.000000 0.136033
DS.d806.s0.i0 -1.000000 -0.434686
DS.d806.s0.i1 -1.000000 -0.489011
DS.d806.s0.i2 -1.000000 -0.442530
DS.d44.s0.i9 -1.000000 -0.852146
DS.d44.s0.i8 -1.000000 -0.809252
DS.d44.s0.i5 -1.000000 -0.896987
DS.d44.s0.i4 -1.000000 -1.126208
DS.d44.s0.i7 -1.000000 -0.954408
DS.d44.s0.i6 -1.000000 -0.962529
DS.d44.s0.i1 -1.000000 -0.926008
DS.d44.s0.i0 -1.000000 -1.055971
DS.d44.s0.i3 -1.000000 -1.065375
DS.d44.s0.i2 -1.000000 -0.972771
DS.d44.s0.i15 -1.000000 -1.019441
DS.d44.s0.i14 -1.000000 -1.046658
DS.d44.s0.i17 -1.000000 -1.085331
DS.d44.s0.i16 -1.000000 -0.919049
DS.d44.s0.i11 -1.000000 -1.052979
DS.d44.s0.i10 -1.000000 -0.886552
DS.d44.s0.i13 -1.000000 -1.074427
DS.d44.s0.i12 -1.000000 -1.114376
DS.d611.s0.i0 1.000000 0.890999
DS.d610.s0.i0 1.000000 0.825671
DS.d613.s0.i0 1.000000 0.642575
DS.d612.s0.i1 1.000000 0.621315
DS.d612.s0.i0 1.000000 0.663567
DS.d615.s0.i0 1.000000 0.598704
DS.d617.s0.i0 1.000000 0.770429
DS.d617.s1.i9 -1.000000 -1.019676
DS.d617.s1.i8 -1.000000 -1.051338
DS.d617.s1.i3 -1.000000 -1.026357
DS.d617.s1.i2 -1.000000 -1.067869
DS.d617.s1.i1 -1.000000 -0.838386
DS.d617.s1.i0 -1.000000 -1.024374
DS.d617.s1.i7 -1.000000 -1.030211
DS.d617.s1.i6 -1.000000 -1.051303
DS.d617.s1.i5 -1.000000 -1.047032
DS.d617.s1.i4 -1.000000 -1.034962
DS.d619.s0.i0 1.000000 0.742077
DS.d618.s1.i0 -1.000000 -0.219437
DS.d618.s0.i1 1.000000 0.666723
DS.d618.s0.i0 1.000000 0.525051
DS.d752.s0.i0 1.000000 0.420489
DS.d753.s1.i0 1.000000 0.509478
DS.d753.s1.i1 1.000000 0.550231
DS.d753.s0.i0 1.000000 0.241271
DS.d753.s2.i1 -1.000000 -0.630292
DS.d753.s2.i0 -1.000000 -0.475444
DS.d754.s0.i2 1.000000 0.888453
DS.d754.s0.i0 1.000000 0.758165
DS.d754.s0.i1 1.000000 0.729179
DS.d756.s0.i0 1.000000 0.777608
DS.d756.s0.i1 1.000000 0.655229
DS.d757.s1.i0 1.000000 0.481950
DS.d757.s0.i0 1.000000 0.293268
DS.d29.s0.i10 -1.000000 -0.808746
DS.d29.s0.i11 -1.000000 -0.860128
DS.d29.s0.i2 -1.000000 -1.055641
DS.d29.s0.i3 -1.000000 -0.878401
DS.d29.s0.i0 -1.000000 -0.827914
DS.d29.s0.i1 -1.000000 -0.872554
DS.d29.s0.i6 -1.000000 -0.905530
DS.d29.s0.i7 -1.000000 -0.897950
DS.d29.s0.i4 -1.000000 -0.887423
DS.d29.s0.i5 -1.000000 -0.854060
DS.d29.s0.i8 -1.000000 -0.933330
DS.d29.s0.i9 -1.000000 -1.043606
DS.d28.s1.i0 1.000000 0.971714
DS.d28.s1.i1 1.000000 1.102298
DS.d28.s0.i2 1.000000 0.802913
DS.d28.s0.i1 1.000000 0.845286
DS.d28.s0.i0 1.000000 0.669711
DS.d21.s0.i0 1.000000 0.146405
DS.d20.s0.i0 -1.000000 -0.234555
DS.d23.s0.i10 -1.000000 -1.011222
DS.d23.s0.i11 -1.000000 -0.900322
DS.d23.s0.i4 -1.000000 -1.015014
DS.d23.s0.i5 -1.000000 -0.884391
DS.d23.s0.i6 -1.000000 -0.852121
DS.d23.s0.i7 -1.000000 -0.885574
DS.d23.s0.i0 -1.000000 -0.833519
DS.d23.s0.i1 -1.000000 -1.000459
DS.d23.s0.i2 -1.000000 -0.874543
DS.d23.s0.i3 -1.000000 -0.880693
DS.d23.s0.i12 -1.000000 -0.949052
DS.d23.s0.i8 -1.000000 -1.051881
DS.d23.s0.i9 -1.000000 -1.025927
DS.d23.s0.i13 -1.000000 -0.902284
DS.d22.s1.i0 -1.000000 0.361783
DS.d22.s0.i1 -1.000000 -0.652246
DS.d22.s0.i0 -1.000000 -0.633768
DS.d22.s0.i2 -1.000000 -0.673689
DS.d25.s0.i0 1.000000 0.812979
DS.d25.s1.i0 1.000000 1.033347
DS.d27.s2.i0 1.000000 0.522942
DS.d27.s0.i0 -1.000000 -0.948154
DS.d27.s0.i1 -1.000000 -0.939133
DS.d27.s0.i2 -1.000000 -0.971250
DS.d27.s1.i1 1.000000 0.815997
DS.d27.s1.i0 1.000000 0.781732
DS.d26.s0.i1 1.000000 0.652468
DS.d26.s0.i0 1.000000 0.745207
DS.d26.s0.i3 1.000000 0.646302
DS.d26.s0.i2 1.000000 0.781348
DS.d26.s0.i5 1.000000 0.686139
DS.d26.s0.i4 1.000000 0.664520
DS.d208.s0.i0 -1.000000 -0.412985
DS.d208.s0.i1 -1.000000 -0.386519
DS.d209.s1.i0 -1.000000 0.126828
DS.d209.s1.i1 1.000000 -0.200488
DS.d209.s0.i1 -1.000000 -0.806857
DS.d209.s0.i0 -1.000000 -0.647281
DS.d209.s0.i2 -1.000000 -0.870143
DS.d202.s0.i0 1.000000 0.219375
DS.d203.s0.i1 1.000000 0.750984
DS.d203.s0.i0 1.000000 0.670117
DS.d201.s0.i5 1.000000 0.788524
DS.d201.s0.i4 1.000000 0.823851
DS.d201.s0.i7 1.000000 0.832346
DS.d201.s0.i6 1.000000 0.869447
DS.d201.s0.i1 1.000000 0.901033
DS.d201.s0.i0 1.000000 0.825781
DS.d201.s0.i3 1.000000 0.872056
DS.d201.s0.i2 1.000000 0.756317
DS.d201.s0.i8 1.000000 0.994390
DS.d206.s0.i6 1.000000 0.833024
DS.d206.s0.i7 1.000000 0.810853
DS.d206.s0.i4 1.000000 0.826859
DS.d206.s0.i5 1.000000 0.843102
DS.d206.s0.i2 1.000000 0.854988
DS.d206.s0.i3 1.000000 0.859074
DS.d206.s0.i0 1.000000 0.830868
DS.d206.s0.i1 1.000000 0.839276
DS.d626.s2.i0 1.000000 1.126246
DS.d626.s3.i0 1.000000 1.001168
DS.d626.s0.i0 1.000000 1.323138
DS.d626.s1.i0 1.000000 0.890691
DS.d204.s0.i0 1.000000 1.098626
DS.d204.s0.i1 1.000000 0.445193
DS.d205.s0.i1 -1.000000 -0.902827
DS.d205.s0.i0 -1.000000 -0.876932
DS.d205.s0.i2 -1.000000 -0.905466
DS.d376.s0.i0 -1.000000 -0.202930
DS.d376.s0.i1 1.000000 0.532155
DS.d376.s1.i1 -1.000000 -0.704394
DS.d376.s1.i2 -1.000000 -0.840956
DS.d377.s1.i0 1.000000 0.699617
DS.d377.s1.i1 1.000000 0.714449
DS.d377.s0.i2 1.000000 0.752716
DS.d377.s0.i1 1.000000 0.797246
DS.d377.s0.i0 1.000000 0.703171
DS.d374.s0.i0 1.000000 0.899815
DS.d374.s1.i1 1.000000 1.118145
DS.d374.s1.i0 1.000000 1.155584
DS.d375.s5.i2 1.000000 0.569929
DS.d375.s5.i3 1.000000 0.618286
DS.d375.s5.i0 1.000000 0.599968
DS.d375.s5.i1 -1.000000 0.656336
DS.d375.s4.i1 1.000000 0.801576
DS.d375.s4.i0 1.000000 0.944043
DS.d375.s1.i0 1.000000 0.559784
DS.d375.s0.i1 1.000000 0.871027
DS.d375.s0.i0 1.000000 0.926664
DS.d375.s0.i2 1.000000 1.041744
DS.d375.s3.i0 1.000000 1.241694
DS.d375.s3.i1 1.000000 0.761965
DS.d375.s3.i2 1.000000 0.761965
DS.d375.s3.i3 1.000000 1.241694
DS.d375.s2.i0 1.000000 1.347591
DS.d479.s0.i0 1.000000 0.626964
DS.d373.s0.i0 1.000000 0.453144
DS.d370.s0.i0 1.000000 0.515343
DS.d474.s0.i0 -1.000000 -0.135841
DS.d477.s0.i0 1.000000 0.778652
DS.d476.s0.i1 1.000000 1.033289
DS.d476.s0.i0 1.000000 1.047683
DS.d471.s0.i4 1.000000 0.779143
DS.d471.s0.i5 1.000000 0.768875
DS.d471.s0.i2 1.000000 0.835431
DS.d471.s0.i3 1.000000 0.825882
DS.d471.s0.i0 1.000000 0.892019
DS.d471.s0.i1 1.000000 0.808779
DS.d378.s0.i0 -1.000000 -0.820583
DS.d378.s0.i1 -1.000000 -0.704796
DS.d378.s0.i2 -1.000000 -0.857886
DS.d378.s0.i3 -1.000000 -0.806468
DS.d378.s1.i0 -1.000000 -0.324077
DS.d379.s0.i1 -1.000000 -0.737924
DS.d379.s0.i0 -1.000000 -0.682936
DS.d279.s6.i2 -1.000000 -0.832865
DS.d279.s6.i0 -1.000000 -0.730402
DS.d279.s6.i1 -1.000000 -0.730402
DS.d279.s7.i1 -1.000000 -0.436135
DS.d279.s7.i0 1.000000 0.092612
DS.d279.s7.i2 -1.000000 -0.458618
DS.d279.s4.i0 1.000000 0.750828
DS.d279.s5.i0 1.000000 0.739952
DS.d279.s2.i0 1.000000 1.161125
DS.d279.s2.i1 -1.000000 0.853748
DS.d279.s3.i1 -1.000000 -0.290698
DS.d279.s3.i0 1.000000 0.507187
DS.d279.s0.i0 1.000000 1.311582
DS.d279.s1.i1 -1.000000 -0.114685
DS.d279.s1.i0 1.000000 0.344649
DS.d279.s8.i0 -1.000000 -0.669281
DS.d279.s8.i1 -1.000000 -0.637719
DS.d279.s9.i1 1.000000 0.533123
DS.d279.s9.i0 1.000000 1.328258
DS.d278.s0.i3 -1.000000 -0.747629
DS.d278.s0.i2 -1.000000 -0.733611
DS.d277.s0.i0 1.000000 0.816803
DS.d276.s0.i2 -1.000000 -0.461426
DS.d276.s0.i1 -1.000000 -0.464304
DS.d275.s0.i0 1.000000 0.089939
DS.d275.s0.i1 -1.000000 0.078521
DS.d274.s0.i0 1.000000 0.366703
DS.d273.s0.i0 -1.000000 0.281714
DS.d273.s1.i1 1.000000 0.056503
DS.d273.s1.i0 -1.000000 -0.182762
DS.d272.s3.i0 1.000000 1.025445
DS.d272.s2.i0 1.000000 0.885822
DS.d272.s1.i0 1.000000 0.402743
DS.d272.s1.i1 1.000000 0.439102
DS.d272.s1.i2 1.000000 0.422305
DS.d272.s0.i2 1.000000 0.571530
DS.d272.s0.i1 1.000000 0.627329
DS.d272.s0.i0 1.000000 0.585406
DS.d272.s4.i0 -1.000000 -0.022796
DS.d271.s0.i0 -1.000000 -0.068923
DS.d328.s1.i0 1.000000 0.742211
DS.d328.s1.i1 1.000000 0.840595
DS.d328.s0.i0 -1.000000 -0.728824
DS.d270.s0.i0 1.000000 0.502935
DS.d153.s0.i1 1.000000 0.093238
DS.d153.s0.i0 -1.000000 0.008101
DS.d150.s0.i0 -1.000000 -0.256748
DS.d150.s0.i1 -1.000000 -0.256748
DS.d151.s0.i0 -1.000000 0.496496
DS.d156.s0.i0 -1.000000 -0.501581
DS.d156.s0.i1 -1.000000 -0.490877
DS.d157.s0.i0 1.000000 0.986342
DS.d154.s0.i0 -1.000000 -0.178119
DS.d154.s0.i1 -1.000000 -0.280682
DS.d155.s0.i1 1.000000 0.740912
DS.d155.s0.i0 1.000000 0.742567
DS.d155.s0.i2 1.000000 0.786735
DS.d158.s0.i0 1.000000 0.674326
DS.d158.s0.i1 1.000000 0.653894
DS.d159.s0.i5 1.000000 -0.595459
DS.d159.s0.i4 -1.000000 -0.570538
DS.d159.s0.i1 -1.000000 -0.619660
DS.d159.s0.i0 -1.000000 -0.508819
DS.d159.s0.i3 -1.000000 -0.587874
DS.d159.s0.i2 -1.000000 -0.586529
DS.d576.s2.i0 1.000000 0.526272
DS.d576.s2.i1 1.000000 0.677466
DS.d576.s0.i0 -1.000000 -0.061295
DS.d576.s0.i1 1.000000 -0.233858
DS.d576.s0.i2 -1.000000 -0.067314
DS.d576.s1.i1 1.000000 0.718126
DS.d577.s0.i1 -1.000000 -0.818118
DS.d577.s0.i0 -1.000000 -0.817915
DS.d577.s0.i2 -1.000000 -0.825793
DS.d323.s0.i0 1.000000 0.430434
DS.d322.s1.i0 -1.000000 -0.524233
DS.d322.s1.i1 -1.000000 -0.477263
DS.d322.s0.i0 1.000000 0.914422
DS.d134.s0.i0 1.000000 0.547923
DS.d134.s0.i1 1.000000 0.308710
DS.d389.s0.i0 1.000000 0.856244
DS.d388.s0.i1 -1.000000 -0.479213
DS.d388.s0.i0 -1.000000 -0.436779
DS.d135.s1.i0 1.000000 -0.188016
DS.d135.s1.i1 -1.000000 -0.122573
DS.d135.s1.i2 -1.000000 -0.436102
DS.d135.s0.i1 -1.000000 -0.698103
DS.d135.s0.i0 -1.000000 -0.742764
DS.d383.s0.i2 1.000000 0.839538
DS.d383.s0.i1 1.000000 0.839538
DS.d382.s0.i0 1.000000 0.917533
DS.d381.s0.i4 -1.000000 -0.553458
DS.d381.s0.i5 -1.000000 -0.577886
DS.d381.s0.i0 -1.000000 -0.549981
DS.d381.s0.i2 1.000000 0.493839
DS.d381.s0.i3 1.000000 0.496949
DS.d381.s1.i0 1.000000 0.524092
DS.d380.s1.i8 -1.000000 -0.891535
DS.d380.s1.i3 -1.000000 -0.890862
DS.d380.s1.i1 -1.000000 -0.903970
DS.d380.s1.i6 -1.000000 -0.968627
DS.d380.s1.i4 -1.000000 -0.942717
DS.d380.s1.i5 -1.000000 -0.975072
DS.d380.s0.i4 -1.000000 -0.911075
DS.d380.s0.i6 -1.000000 -0.813620
DS.d380.s0.i9 -1.000000 -0.780733
DS.d380.s0.i0 -1.000000 -0.874390
DS.d380.s0.i3 -1.000000 -0.797433
DS.d380.s2.i2 1.000000 0.852152
DS.d380.s2.i0 1.000000 0.862082
DS.d380.s2.i5 1.000000 0.905998
DS.d387.s0.i0 1.000000 0.676631
DS.d387.s0.i1 1.000000 0.629651
DS.d386.s2.i1 1.000000 0.878226
DS.d386.s2.i0 1.000000 0.860679
DS.d386.s1.i0 1.000000 0.791053
DS.d386.s1.i1 1.000000 0.818514
DS.d386.s0.i0 1.000000 0.451020
DS.d385.s2.i0 -1.000000 -0.568149
DS.d385.s0.i0 1.000000 0.770585
DS.d385.s0.i1 1.000000 0.395922
DS.d385.s1.i0 1.000000 0.647677
DS.d384.s0.i1 -1.000000 0.071786
DS.d384.s0.i0 1.000000 0.450476
DS.d384.s0.i2 1.000000 0.450476
DS.d131.s0.i0 1.000000 0.564029
DS.d132.s0.i0 -1.000000 -0.337973
DS.d133.s1.i0 -1.000000 0.102028
DS.d133.s0.i0 1.000000 0.464815
DS.d133.s3.i0 1.000000 0.758388
DS.d133.s2.i0 1.000000 0.770035
DS.d628.s0.i0 -1.000000 -0.882297
DS.d628.s0.i1 -1.000000 -0.996986
DS.d579.s0.i3 -1.000000 -0.989842
DS.d579.s0.i2 -1.000000 -0.967233
DS.d579.s0.i1 -1.000000 -0.975224
DS.d579.s0.i0 -1.000000 -0.910657
DS.d127.s0.i0 -1.000000 0.378396
DS.d654.s1.i0 1.000000 0.918468
DS.d654.s0.i0 1.000000 0.775305
DS.d125.s0.i0 -1.000000 0.819654
DS.d125.s0.i1 1.000000 0.747870
DS.d124.s0.i5 1.000000 0.832313
DS.d124.s0.i4 1.000000 0.718461
DS.d124.s0.i1 1.000000 0.871734
DS.d124.s0.i0 1.000000 0.789221
DS.d124.s0.i3 1.000000 0.803728
DS.d124.s0.i2 1.000000 0.749589
DS.d123.s0.i0 -1.000000 -0.456137
DS.d122.s0.i0 1.000000 0.840835
DS.d121.s2.i0 1.000000 0.479031
DS.d121.s0.i0 1.000000 1.109842
DS.d121.s0.i1 1.000000 0.430197
DS.d121.s1.i3 -1.000000 -0.777647
DS.d121.s1.i2 -1.000000 -0.717669
DS.d121.s1.i1 -1.000000 -0.815041
DS.d121.s1.i0 -1.000000 -0.735229
DS.d120.s0.i1 -1.000000 -0.842951
DS.d120.s0.i0 -1.000000 -0.865095
DS.d120.s0.i3 -1.000000 -0.994832
DS.d120.s0.i2 -1.000000 -0.892059
DS.d120.s0.i5 -1.000000 -0.924057
DS.d120.s0.i4 -1.000000 -0.958505
DS.d796.s0.i4 -1.000000 -0.747419
DS.d796.s0.i5 -1.000000 -0.877586
DS.d796.s0.i0 -1.000000 -0.877586
DS.d796.s0.i1 -1.000000 -0.747419
DS.d796.s0.i2 -1.000000 -0.877586
DS.d796.s0.i3 -1.000000 -0.877586
DS.d796.s1.i2 1.000000 0.452072
DS.d796.s1.i1 1.000000 0.498175
DS.d796.s1.i0 1.000000 0.655960
DS.d797.s1.i1 1.000000 0.591544
DS.d797.s0.i0 1.000000 0.749883
DS.d659.s0.i0 1.000000 0.957276
DS.d658.s0.i0 1.000000 0.667616
DS.d129.s0.i0 1.000000 0.731125
DS.d128.s0.i0 1.000000 0.463826
DS.d497.s0.i0 1.000000 0.820728
DS.d497.s1.i1 1.000000 0.548762
DS.d497.s1.i0 1.000000 0.569656
DS.d496.s1.i0 1.000000 0.892321
DS.d496.s0.i1 -1.000000 -0.345122
DS.d496.s0.i0 -1.000000 -0.426086
DS.d495.s0.i0 1.000000 0.697561
DS.d494.s0.i1 1.000000 1.058273
DS.d494.s0.i0 1.000000 1.031236
DS.d493.s1.i0 1.000000 0.969533
DS.d492.s3.i0 1.000000 0.062647
DS.d492.s2.i0 1.000000 0.681845
DS.d492.s1.i0 1.000000 0.656370
DS.d492.s1.i1 1.000000 0.801118
DS.d492.s1.i2 1.000000 0.798518
DS.d492.s0.i1 -1.000000 0.055330
DS.d492.s0.i0 1.000000 0.227018
DS.d491.s0.i0 1.000000 0.455305
DS.d491.s0.i1 1.000000 0.678555
DS.d491.s1.i0 -1.000000 -0.411514
DS.d559.s0.i1 -1.000000 -0.956752
DS.d559.s0.i0 -1.000000 -1.029554
DS.d559.s0.i3 -1.000000 -1.034081
DS.d559.s0.i2 -1.000000 -1.043801
DS.d556.s0.i0 -1.000000 -0.030537
DS.d557.s0.i0 1.000000 0.966870
DS.d554.s0.i0 -1.000000 -0.694113
DS.d554.s0.i1 -1.000000 -0.797418
DS.d554.s0.i2 -1.000000 -0.695610
DS.d555.s1.i0 -1.000000 0.554784
DS.d555.s0.i0 1.000000 0.607554
DS.d552.s0.i2 1.000000 0.911566
DS.d552.s0.i3 1.000000 0.792357
DS.d552.s0.i0 1.000000 0.829216
DS.d552.s0.i1 1.000000 0.929532
DS.d553.s0.i1 1.000000 0.741183
DS.d553.s0.i0 1.000000 0.829038
DS.d550.s0.i0 -1.000000 -0.980381
DS.d550.s0.i1 -1.000000 -0.958978
DS.d550.s0.i2 -1.000000 -0.955164
DS.d550.s0.i3 -1.000000 -0.964660
DS.d550.s0.i4 -1.000000 -0.933744
DS.d550.s0.i5 -1.000000 -0.990328
DS.d550.s0.i6 -1.000000 -0.954675
DS.d550.s0.i7 -1.000000 -0.992513
DS.d550.s0.i8 -1.000000 -0.995630
DS.d498.s0.i1 1.000000 0.691864
DS.d498.s0.i0 1.000000 0.691864
DS.d629.s1.i0 -1.000000 -0.639920
DS.d629.s1.i1 -1.000000 -0.631028
DS.d629.s0.i1 1.000000 0.761190
DS.d629.s0.i0 1.000000 0.741564
DS.d486.s0.i16 -1.000000 -0.988246
DS.d486.s0.i17 -1.000000 -0.937991
DS.d486.s0.i14 -1.000000 -0.945646
DS.d486.s0.i15 -1.000000 -1.026154
DS.d486.s0.i12 -1.000000 -0.983961
DS.d486.s0.i13 -1.000000 -0.868913
DS.d486.s0.i10 -1.000000 -1.078887
DS.d486.s0.i11 -1.000000 -1.014772
DS.d486.s0.i18 -1.000000 -1.006689
DS.d486.s0.i19 -1.000000 -1.053985
DS.d486.s0.i4 -1.000000 -0.963806
DS.d486.s0.i5 -1.000000 -1.093443
DS.d486.s0.i6 -1.000000 -1.032017
DS.d486.s0.i7 -1.000000 -1.008258
DS.d486.s0.i0 -1.000000 -0.981997
DS.d486.s0.i1 -1.000000 -0.904910
DS.d486.s0.i2 -1.000000 -0.872930
DS.d486.s0.i3 -1.000000 -1.069705
DS.d486.s0.i8 -1.000000 -1.035576
DS.d486.s0.i9 -1.000000 -1.056227
DS.d486.s0.i29 -1.000000 -0.929705
DS.d486.s0.i28 -1.000000 -1.001970
DS.d486.s0.i27 -1.000000 -0.800799
DS.d486.s0.i26 -1.000000 -0.932046
DS.d486.s0.i25 -1.000000 -0.928901
DS.d486.s0.i24 -1.000000 -0.902608
DS.d486.s0.i23 -1.000000 -0.956178
DS.d486.s0.i22 -1.000000 -1.071872
DS.d486.s0.i21 -1.000000 -0.933527
DS.d486.s0.i20 -1.000000 -1.037244
DS.d486.s0.i30 -1.000000 -1.034560
DS.d486.s0.i31 -1.000000 -1.057975
DS.d486.s0.i32 -1.000000 -1.012771
DS.d486.s0.i33 -1.000000 -0.935949
DS.d486.s0.i34 -1.000000 -1.036927
DS.d486.s0.i35 -1.000000 -1.013699
DS.d486.s1.i1 1.000000 0.284361
DS.d486.s1.i0 1.000000 0.201592
DS.d487.s0.i1 1.000000 0.748726
DS.d487.s0.i0 1.000000 0.752132
DS.d487.s0.i2 1.000000 0.832390
DS.d481.s0.i1 1.000000 0.765793
DS.d481.s0.i0 1.000000 0.790453
DS.d699.s0.i0 1.000000 0.919539
DS.d699.s0.i1 1.000000 0.919539
DS.d699.s1.i1 -1.000000 -0.365927
DS.d699.s1.i0 1.000000 -0.186845
DS.d699.s1.i2 -1.000000 -0.326950
DS.d699.s2.i0 1.000000 -0.117378
DS.d723.s0.i0 1.000000 0.785183
DS.d722.s0.i1 1.000000 -0.303323
DS.d722.s0.i0 -1.000000 -0.122632
DS.d725.s0.i0 1.000000 0.692495
DS.d725.s1.i1 1.000000 1.065272
DS.d725.s1.i0 1.000000 1.065272
DS.d725.s1.i2 1.000000 0.954674
DS.d724.s0.i2 1.000000 -0.060562
DS.d724.s0.i1 1.000000 0.566818
DS.d724.s0.i0 -1.000000 0.342108
DS.d727.s0.i0 1.000000 0.485647
DS.d698.s1.i0 1.000000 0.532260
DS.d698.s0.i0 1.000000 0.908610
DS.d729.s0.i0 1.000000 0.560666
DS.d728.s0.i0 1.000000 0.628769
DS.d169.s0.i0 1.000000 0.900240
DS.d169.s0.i1 1.000000 0.832361
DS.d169.s1.i5 1.000000 0.812256
DS.d169.s1.i4 1.000000 0.846005
DS.d169.s1.i3 1.000000 0.768447
DS.d169.s1.i2 1.000000 0.733823
DS.d169.s1.i1 1.000000 0.846618
DS.d169.s1.i0 1.000000 0.773255
DS.d50.s0.i0 1.000000 0.997909
DS.d51.s0.i2 -1.000000 -0.746508
DS.d51.s0.i1 -1.000000 -0.584117
DS.d51.s0.i0 -1.000000 -0.727651
DS.d52.s2.i0 1.000000 0.854288
DS.d52.s0.i0 1.000000 0.249975
DS.d52.s1.i0 1.000000 0.737799
DS.d53.s0.i0 1.000000 0.505194
DS.d54.s0.i0 1.000000 0.302916
DS.d55.s0.i0 1.000000 0.706774
DS.d56.s0.i0 1.000000 0.664267
DS.d57.s0.i0 1.000000 0.637062
DS.d59.s0.i39 -1.000000 -0.968995
DS.d59.s0.i28 -1.000000 -1.025299
DS.d59.s0.i29 -1.000000 -0.972304
DS.d59.s0.i40 -1.000000 -0.981187
DS.d59.s0.i38 -1.000000 -1.046842
DS.d59.s0.i22 -1.000000 -1.073516
DS.d59.s0.i23 -1.000000 -0.986142
DS.d59.s0.i20 -1.000000 -1.043440
DS.d59.s0.i21 -1.000000 -1.055799
DS.d59.s0.i26 -1.000000 -1.027880
DS.d59.s0.i27 -1.000000 -0.962453
DS.d59.s0.i24 -1.000000 -0.923247
DS.d59.s0.i25 -1.000000 -0.905554
DS.d59.s0.i43 -1.000000 -1.010118
DS.d59.s0.i44 -1.000000 -0.925019
DS.d59.s0.i42 -1.000000 -1.002537
DS.d59.s0.i17 -1.000000 -0.989334
DS.d59.s0.i16 -1.000000 -0.964217
DS.d59.s0.i15 -1.000000 -0.827623
DS.d59.s0.i14 -1.000000 -0.957047
DS.d59.s0.i13 -1.000000 -0.978793
DS.d59.s0.i12 -1.000000 -0.966266
DS.d59.s0.i11 -1.000000 -0.993067
DS.d59.s0.i10 -1.000000 -1.008384
DS.d59.s0.i31 -1.000000 -0.939601
DS.d59.s0.i30 -1.000000 -1.010219
DS.d59.s0.i33 -1.000000 -1.037290
DS.d59.s0.i32 -1.000000 -0.978525
DS.d59.s0.i35 -1.000000 -1.034110
DS.d59.s0.i34 -1.000000 -0.941419
DS.d59.s0.i19 -1.000000 -0.880458
DS.d59.s0.i18 -1.000000 -0.942055
DS.d59.s0.i37 -1.000000 -0.992246
DS.d59.s0.i36 -1.000000 -1.065660
DS.d59.s0.i41 -1.000000 -0.991302
DS.d59.s0.i3 -1.000000 -0.954099
DS.d59.s0.i2 -1.000000 -0.925509
DS.d59.s0.i1 -1.000000 -0.855670
DS.d59.s0.i0 -1.000000 -1.053367
DS.d59.s0.i7 -1.000000 -1.054478
DS.d59.s0.i6 -1.000000 -0.965181
DS.d59.s0.i5 -1.000000 -0.947543
DS.d59.s0.i4 -1.000000 -1.079821
DS.d59.s0.i9 -1.000000 -1.016175
DS.d59.s0.i8 -1.000000 -1.060591
DS.d233.s0.i0 1.000000 0.493948
DS.d232.s2.i0 -1.000000 -0.476743
DS.d232.s1.i0 1.000000 0.711974
DS.d232.s1.i1 1.000000 0.850483
DS.d232.s1.i2 1.000000 0.874846
DS.d232.s1.i3 1.000000 0.875776
DS.d232.s0.i3 -1.000000 -0.873945
DS.d232.s0.i2 -1.000000 -0.898059
DS.d232.s0.i1 -1.000000 -0.830235
DS.d232.s0.i0 -1.000000 -0.912176
DS.d232.s0.i5 -1.000000 -0.788952
DS.d232.s0.i4 -1.000000 -0.786270
DS.d338.s0.i0 1.000000 0.796621
DS.d338.s0.i1 1.000000 0.871947
DS.d230.s0.i1 1.000000 1.010111
DS.d230.s0.i0 1.000000 0.999473
DS.d230.s0.i3 1.000000 0.962539
DS.d230.s0.i2 1.000000 0.999102
DS.d237.s0.i8 1.000000 0.952032
DS.d237.s0.i9 1.000000 0.825854
DS.d237.s0.i6 1.000000 0.947517
DS.d237.s0.i7 1.000000 0.936104
DS.d237.s0.i4 1.000000 0.840970
DS.d237.s0.i5 1.000000 0.796582
DS.d237.s0.i2 1.000000 0.826250
DS.d237.s0.i3 1.000000 0.981301
DS.d237.s0.i0 1.000000 0.952106
DS.d237.s0.i1 1.000000 0.972780
DS.d237.s0.i10 1.000000 0.845547
DS.d237.s0.i11 1.000000 0.777887
DS.d237.s0.i12 1.000000 0.809625
DS.d237.s0.i13 1.000000 0.828269
DS.d236.s0.i2 -1.000000 -0.879185
DS.d236.s0.i1 -1.000000 -0.820411
DS.d236.s0.i0 -1.000000 -0.351231
DS.d235.s0.i0 1.000000 0.768257
DS.d235.s1.i1 -1.000000 -0.523637
DS.d235.s1.i0 -1.000000 -0.672454
DS.d234.s0.i0 1.000000 1.107878
DS.d332.s0.i0 1.000000 0.782101
DS.d333.s0.i0 1.000000 0.787689
DS.d239.s2.i2 1.000000 1.006334
DS.d239.s2.i0 1.000000 0.887806
DS.d239.s2.i1 1.000000 0.899121
DS.d239.s0.i0 1.000000 1.014296
DS.d239.s0.i1 1.000000 1.076201
DS.d239.s1.i0 1.000000 0.604046
DS.d238.s0.i0 -1.000000 -0.103210
DS.d336.s0.i0 1.000000 0.822598
DS.d337.s0.i0 1.000000 0.912667
DS.d334.s0.i0 1.000000 0.809858
DS.d334.s1.i0 -1.000000 -0.384619
DS.d335.s0.i0 1.000000 0.723451
DS.d691.s0.i0 1.000000 0.510464
DS.d690.s6.i0 -1.000000 -0.017713
DS.d690.s5.i0 1.000000 0.761630
DS.d690.s5.i1 1.000000 0.807279
DS.d690.s5.i2 1.000000 1.015647
DS.d690.s5.i3 1.000000 0.877090
DS.d690.s4.i0 -1.000000 -0.836674
DS.d690.s3.i0 1.000000 1.089912
DS.d690.s2.i0 1.000000 0.822711
DS.d690.s1.i0 1.000000 0.579620
DS.d690.s0.i0 1.000000 0.731356
DS.d518.s0.i0 1.000000 0.992460
DS.d519.s1.i0 1.000000 0.908959
DS.d519.s0.i1 -1.000000 -0.676386
DS.d519.s0.i0 -1.000000 -0.704668
DS.d519.s0.i3 -1.000000 -0.619167
DS.d519.s0.i2 -1.000000 -0.696352
DS.d519.s2.i1 -1.000000 0.127616
DS.d519.s2.i0 1.000000 0.160260
DS.d695.s0.i0 1.000000 0.806776
DS.d695.s0.i1 1.000000 0.790739
DS.d695.s1.i1 1.000000 0.294535
DS.d695.s1.i0 1.000000 0.564271
DS.d695.s1.i2 -1.000000 -0.317336
DS.d695.s2.i0 1.000000 0.681923
DS.d695.s2.i1 1.000000 0.515947
DS.d166.s0.i0 1.000000 0.152659
DS.d696.s1.i0 1.000000 0.243529
DS.d696.s1.i1 -1.000000 0.095710
DS.d696.s0.i1 -1.000000 -0.028809
DS.d696.s0.i0 -1.000000 -0.269871
DS.d696.s0.i3 1.000000 -0.227343
DS.d696.s0.i2 -1.000000 -0.211724
DS.d696.s0.i5 -1.000000 -0.293095
DS.d696.s0.i4 1.000000 0.042256
DS.d696.s3.i0 1.000000 0.677047
DS.d696.s3.i1 1.000000 0.746956
DS.d696.s3.i2 -1.000000 0.618540
DS.d696.s2.i0 1.000000 1.061008
DS.d696.s5.i2 -1.000000 0.355945
DS.d696.s5.i0 1.000000 0.645361
DS.d696.s5.i1 1.000000 0.352127
DS.d696.s4.i0 1.000000 1.105884
DS.d426.s0.i0 1.000000 0.866934
DS.d427.s0.i1 1.000000 0.310242
DS.d424.s0.i0 1.000000 0.848560
DS.d425.s0.i1 -1.000000 -0.479749
DS.d425.s0.i0 -1.000000 -0.656774
DS.d422.s0.i2 1.000000 0.853393
DS.d422.s0.i0 1.000000 0.834856
DS.d422.s0.i1 1.000000 0.684671
DS.d422.s1.i1 1.000000 0.535268
DS.d422.s1.i0 1.000000 0.439866
DS.d422.s1.i2 -1.000000 0.193592
DS.d423.s1.i0 1.000000 1.130076
DS.d423.s1.i1 1.000000 1.180389
DS.d423.s0.i1 1.000000 0.928613
DS.d423.s0.i0 1.000000 0.895749
DS.d420.s0.i0 1.000000 0.536494
DS.d420.s1.i0 1.000000 0.652187
DS.d421.s1.i0 1.000000 0.606562
DS.d421.s0.i0 -1.000000 0.558076
DS.d585.s0.i2 -1.000000 -0.574870
DS.d585.s0.i0 -1.000000 -0.590200
DS.d585.s0.i1 -1.000000 -0.628071
DS.d584.s0.i0 1.000000 0.246697
DS.d587.s0.i0 1.000000 0.912227
DS.d586.s0.i0 1.000000 0.792047
DS.d581.s0.i2 1.000000 0.386884
DS.d581.s0.i0 1.000000 0.702760
DS.d581.s0.i1 1.000000 0.728830
DS.d581.s1.i1 1.000000 0.203284
DS.d581.s1.i0 -1.000000 -0.069687
DS.d581.s1.i2 -1.000000 -0.136488
DS.d581.s2.i0 1.000000 0.776636
DS.d581.s2.i1 1.000000 0.898824
DS.d580.s0.i1 -1.000000 0.017096
DS.d580.s0.i0 1.000000 0.021996
DS.d583.s0.i0 1.000000 0.760036
DS.d429.s0.i1 -1.000000 -0.406273
DS.d429.s0.i0 -1.000000 -0.218845
DS.d349.s0.i0 -1.000000 -0.246594
DS.d348.s0.i0 -1.000000 -0.140147
DS.d347.s0.i0 -1.000000 -0.308249
DS.d347.s1.i5 -1.000000 -0.839186
DS.d347.s1.i4 -1.000000 -0.886309
DS.d347.s1.i1 -1.000000 -0.856205
DS.d347.s1.i0 -1.000000 -0.846561
DS.d347.s1.i3 -1.000000 -0.874070
DS.d347.s1.i2 -1.000000 -0.791496
DS.d346.s1.i1 1.000000 0.633464
DS.d346.s0.i0 1.000000 0.680880
DS.d345.s2.i2 1.000000 1.108788
DS.d345.s2.i3 1.000000 1.084004
DS.d345.s2.i0 1.000000 1.010411
DS.d345.s2.i1 1.000000 0.968681
DS.d345.s3.i1 1.000000 0.894479
DS.d345.s3.i0 1.000000 0.667971
DS.d345.s3.i2 1.000000 0.837988
DS.d345.s0.i0 1.000000 0.900799
DS.d345.s1.i1 1.000000 0.886294
DS.d345.s1.i0 1.000000 0.889242
DS.d344.s0.i0 -1.000000 -0.224495
DS.d343.s0.i0 1.000000 0.894063
DS.d343.s0.i1 1.000000 0.894063
DS.d342.s0.i1 -1.000000 -0.531942
DS.d342.s0.i0 -1.000000 -0.531942
DS.d341.s2.i0 1.000000 0.483340
DS.d341.s2.i1 -1.000000 -0.296826
DS.d341.s0.i1 1.000000 0.768985
DS.d341.s1.i1 -1.000000 0.353211
DS.d341.s1.i0 -1.000000 0.137894
DS.d512.s0.i0 -1.000000 -0.734439
DS.d512.s0.i1 -1.000000 -0.684618
DS.d512.s1.i0 -1.000000 -0.569147
DS.d512.s2.i0 1.000000 0.765915
DS.d512.s2.i1 1.000000 0.803186
DS.d513.s0.i0 1.000000 0.728625
DS.d510.s2.i0 1.000000 0.782882
DS.d510.s0.i0 1.000000 0.881222
DS.d510.s0.i1 1.000000 0.908251
DS.d510.s1.i0 1.000000 0.721793
DS.d511.s0.i1 -1.000000 -0.580023
DS.d511.s0.i0 -1.000000 -0.449809
DS.d516.s0.i0 -1.000000 -0.745966
DS.d516.s0.i1 -1.000000 -0.753029
DS.d514.s0.i0 1.000000 0.841728
DS.d514.s1.i0 -1.000000 -0.126647
DS.d515.s1.i0 -1.000000 -0.229496
DS.d515.s1.i1 -1.000000 -0.307756
DS.d515.s0.i1 -1.000000 -0.521796
DS.d515.s0.i0 -1.000000 -0.596951
DS.d163.s0.i2 1.000000 0.679216
DS.d163.s0.i0 1.000000 0.627853
DS.d163.s0.i1 1.000000 0.731166
DS.d162.s1.i0 1.000000 0.350027
DS.d162.s0.i0 1.000000 0.256309
DS.d161.s0.i4 -1.000000 -0.822528
DS.d161.s0.i5 -1.000000 -0.931483
DS.d161.s0.i0 -1.000000 -0.846575
DS.d161.s0.i1 -1.000000 -0.868332
DS.d161.s0.i2 -1.000000 -0.878796
DS.d161.s0.i3 -1.000000 -0.883165
DS.d160.s0.i5 -1.000000 -0.799882
DS.d160.s0.i4 -1.000000 -0.861796
DS.d160.s0.i1 -1.000000 -1.012034
DS.d160.s0.i0 -1.000000 -0.693640
DS.d160.s0.i3 -1.000000 -0.971718
DS.d160.s0.i2 -1.000000 -0.844366
DS.d167.s0.i0 -1.000000 0.048648
DS.d694.s0.i2 -1.000000 -0.457810
DS.d694.s0.i1 -1.000000 -0.576162
DS.d694.s0.i0 -1.000000 -0.447420
DS.d697.s0.i0 1.000000 0.386712
DS.d697.s0.i1 1.000000 0.501967
DS.d697.s0.i2 1.000000 0.384675
DS.d697.s0.i3 -1.000000 0.323902
DS.d164.s0.i1 -1.000000 -0.826882
DS.d164.s0.i0 -1.000000 -0.446810
DS.d164.s0.i2 -1.000000 -0.698780
DS.d651.s0.i0 -1.000000 -0.610475
DS.d196.s0.i2 1.000000 0.970809
DS.d196.s0.i3 1.000000 0.934397
DS.d196.s0.i0 1.000000 0.780070
DS.d196.s0.i1 1.000000 0.996251
DS.d196.s1.i0 1.000000 0.891957
DS.d197.s0.i1 1.000000 0.809707
DS.d197.s0.i0 1.000000 0.993856
DS.d194.s0.i0 1.000000 1.022093
DS.d194.s0.i1 1.000000 0.896443
DS.d195.s0.i0 1.000000 0.659628
DS.d192.s0.i0 1.000000 0.557453
DS.d190.s0.i0 1.000000 0.857258
DS.d191.s0.i0 -1.000000 -0.663433
DS.d198.s0.i0 1.000000 0.530385
DS.d198.s0.i1 1.000000 0.582154
DS.d198.s1.i3 1.000000 0.668890
DS.d198.s1.i2 1.000000 0.575980
DS.d198.s1.i1 1.000000 0.610524
DS.d198.s1.i0 1.000000 0.538495
DS.d199.s0.i1 1.000000 0.655861
DS.d199.s0.i0 1.000000 0.651385
DS.d706.s0.i0 1.000000 0.643509
DS.d705.s0.i0 1.000000 0.466447
DS.d765.s0.i2 -1.000000 -0.814161
DS.d765.s0.i3 -1.000000 -0.494316
DS.d765.s0.i0 -1.000000 -0.830747
DS.d765.s0.i1 -1.000000 -0.476632
DS.d765.s1.i1 -1.000000 -0.739751
DS.d765.s1.i0 -1.000000 -0.718329
DS.d765.s1.i3 -1.000000 -0.739751
DS.d765.s1.i2 -1.000000 -0.718329
DS.d764.s0.i3 -1.000000 -0.774627
DS.d764.s0.i2 -1.000000 -0.684030
DS.d764.s0.i1 -1.000000 -0.741481
DS.d764.s0.i0 -1.000000 -0.802610
DS.d764.s0.i5 -1.000000 -0.602997
DS.d764.s0.i4 -1.000000 -0.712644
DS.d767.s0.i0 1.000000 0.586655
DS.d704.s0.i5 -1.000000 -0.177174
DS.d704.s0.i4 1.000000 0.369299
DS.d704.s0.i1 1.000000 0.474087
DS.d704.s0.i0 -1.000000 -0.161503
DS.d704.s0.i3 1.000000 0.385089
DS.d704.s0.i2 1.000000 0.490559
DS.d761.s0.i2 -1.000000 -0.688066
DS.d761.s0.i0 -1.000000 -0.690035
DS.d761.s0.i1 -1.000000 -0.761763
DS.d760.s1.i0 1.000000 0.742252
DS.d760.s0.i0 1.000000 0.533386
DS.d762.s1.i0 1.000000 0.777772
DS.d762.s0.i1 1.000000 0.580180
DS.d762.s0.i0 1.000000 0.661193
DS.d762.s3.i7 -1.000000 -0.151902
DS.d762.s3.i1 1.000000 0.323623
DS.d762.s3.i2 1.000000 0.263738
DS.d762.s3.i3 -1.000000 -0.137177
DS.d762.s2.i1 1.000000 0.696790
DS.d762.s2.i0 1.000000 0.699329
DS.d762.s4.i1 1.000000 0.833302
DS.d762.s4.i0 1.000000 0.843779
DS.d762.s4.i3 1.000000 0.878390
DS.d762.s4.i2 1.000000 0.802588
DS.d703.s0.i0 1.000000 1.096609
DS.d769.s0.i0 1.000000 0.763631
DS.d768.s0.i1 1.000000 0.660365
DS.d768.s0.i0 1.000000 0.572721
DS.d702.s0.i2 1.000000 0.877411
DS.d702.s0.i1 1.000000 0.883431
DS.d702.s0.i0 1.000000 0.817195
DS.d14.s0.i2 -1.000000 -0.837350
DS.d14.s0.i3 -1.000000 -0.786117
DS.d14.s0.i0 -1.000000 -0.731337
DS.d14.s0.i1 -1.000000 -0.673675
DS.d14.s1.i1 -1.000000 -0.842517
DS.d14.s1.i0 -1.000000 -0.820497
DS.d15.s0.i2 1.000000 0.727929
DS.d15.s0.i1 1.000000 0.750454
DS.d15.s0.i0 1.000000 1.102088
DS.d16.s0.i0 1.000000 0.971240
DS.d564.s0.i1 -1.000000 -0.850826
DS.d564.s0.i0 -1.000000 -0.771713
DS.d10.s0.i0 1.000000 0.261470
DS.d11.s0.i1 1.000000 0.837686
DS.d11.s0.i0 1.000000 0.603623
DS.d12.s0.i0 -1.000000 -0.307278
DS.d13.s4.i1 -1.000000 0.118942
DS.d13.s4.i0 1.000000 0.236174
DS.d13.s1.i0 1.000000 0.612689
DS.d13.s0.i1 1.000000 1.096928
DS.d13.s0.i0 1.000000 1.087806
DS.d13.s3.i0 1.000000 0.521315
DS.d13.s3.i1 1.000000 0.505397
DS.d13.s2.i2 1.000000 0.861741
DS.d13.s2.i1 1.000000 0.723876
DS.d13.s2.i0 1.000000 0.734187
DS.d606.s0.i0 -1.000000 -0.553518
DS.d607.s0.i2 -1.000000 0.253681
DS.d607.s0.i1 1.000000 0.375734
DS.d607.s0.i0 1.000000 0.392189
DS.d604.s0.i0 1.000000 1.057743
DS.d605.s1.i2 1.000000 0.493450
DS.d605.s1.i0 -1.000000 -0.207386
DS.d605.s1.i1 1.000000 0.273008
DS.d605.s0.i4 1.000000 0.924871
DS.d605.s0.i1 1.000000 0.878433
DS.d605.s0.i0 1.000000 0.976992
DS.d605.s0.i3 1.000000 0.905171
DS.d605.s0.i2 1.000000 0.997812
DS.d602.s0.i0 -1.000000 -0.512929
DS.d19.s0.i1 1.000000 0.982035
DS.d19.s0.i0 1.000000 0.927410
DS.d569.s0.i0 -1.000000 0.119551
DS.d569.s0.i1 1.000000 -0.063088
DS.d568.s1.i0 1.000000 0.211943
DS.d568.s0.i1 -1.000000 -0.868125
DS.d568.s0.i0 -1.000000 -0.906594
DS.d568.s0.i3 -1.000000 -0.796487
DS.d568.s0.i2 -1.000000 -0.827985
DS.d568.s0.i4 -1.000000 -0.879317
DS.d568.s2.i0 1.000000 -0.154512
DS.d2.s0.i0 1.000000 0.302708
DS.d3.s1.i0 -1.000000 -0.486878
DS.d3.s1.i1 -1.000000 -0.463947
DS.d3.s0.i2 1.000000 1.101429
DS.d3.s0.i1 1.000000 1.101429
DS.d3.s0.i0 1.000000 0.802338
DS.d0.s0.i0 1.000000 1.496079
DS.d0.s1.i1 -1.000000 -0.184662
DS.d0.s1.i0 -1.000000 -0.129127
DS.d1.s0.i0 1.000000 0.842805
DS.d6.s0.i0 1.000000 0.594321
DS.d7.s2.i1 -1.000000 -0.187287
DS.d7.s2.i0 -1.000000 -0.275221
DS.d7.s1.i0 -1.000000 0.126884
DS.d7.s1.i1 1.000000 0.387585
DS.d7.s0.i2 1.000000 1.004574
DS.d7.s0.i1 1.000000 0.942195
DS.d4.s0.i0 -1.000000 0.160879
DS.d4.s0.i1 -1.000000 0.212846
DS.d737.s1.i0 -1.000000 -0.337809
DS.d737.s1.i1 1.000000 0.393551
DS.d737.s0.i2 -1.000000 -0.531717
DS.d737.s0.i1 -1.000000 -0.336986
DS.d737.s0.i0 -1.000000 -0.438702
DS.d303.s0.i0 1.000000 0.328062
DS.d303.s0.i1 -1.000000 -0.330603
DS.d302.s0.i0 -1.000000 -0.217731
DS.d301.s0.i0 1.000000 0.357810
DS.d300.s0.i0 1.000000 0.639956
DS.d307.s0.i0 1.000000 0.684789
DS.d307.s1.i0 1.000000 0.864926
DS.d306.s3.i0 -1.000000 -0.765028
DS.d306.s2.i0 -1.000000 0.038880
DS.d306.s1.i4 1.000000 0.840798
DS.d306.s1.i5 1.000000 0.877756
DS.d306.s1.i0 1.000000 0.830401
DS.d306.s1.i1 1.000000 0.860521
DS.d306.s1.i2 1.000000 0.907559
DS.d306.s1.i3 1.000000 0.867600
DS.d306.s0.i1 -1.000000 -0.292387
DS.d306.s0.i0 1.000000 0.252803
DS.d306.s4.i1 1.000000 0.536294
DS.d306.s4.i0 1.000000 0.444425
DS.d305.s0.i0 1.000000 0.920516
DS.d305.s0.i1 1.000000 0.646062
DS.d305.s0.i2 1.000000 0.988503
DS.d305.s0.i3 1.000000 0.615743
DS.d309.s2.i0 1.000000 0.779340
DS.d309.s2.i1 1.000000 0.686771
DS.d309.s0.i0 1.000000 0.903611
DS.d308.s5.i0 1.000000 0.905143
DS.d308.s5.i1 1.000000 0.905143
DS.d308.s4.i1 1.000000 1.042378
DS.d308.s4.i0 1.000000 1.042378
DS.d308.s1.i2 1.000000 0.660842
DS.d308.s1.i0 1.000000 0.686212
DS.d308.s1.i1 1.000000 0.732945
DS.d308.s0.i1 -1.000000 -0.204665
DS.d308.s0.i0 -1.000000 -0.144528
DS.d308.s3.i0 1.000000 0.941207
DS.d308.s3.i1 1.000000 1.030303
DS.d308.s2.i0 1.000000 0.645959
DS.d635.s0.i0 1.000000 0.969540
DS.d635.s0.i1 1.000000 0.686877
DS.d464.s0.i0 1.000000 0.890068
DS.d464.s0.i1 1.000000 0.884038
DS.d464.s1.i0 1.000000 0.327900
DS.d465.s0.i1 1.000000 0.807616
DS.d465.s0.i0 1.000000 0.813384
DS.d465.s0.i2 1.000000 0.849455
DS.d634.s0.i5 1.000000 0.910978
DS.d634.s0.i4 1.000000 0.974002
DS.d634.s0.i7 1.000000 0.858006
DS.d634.s0.i6 1.000000 0.899059
DS.d634.s0.i1 1.000000 0.933562
DS.d634.s0.i0 1.000000 0.912811
DS.d634.s0.i3 1.000000 0.981893
DS.d634.s0.i2 1.000000 0.890448
DS.d268.s0.i0 1.000000 0.579279
DS.d268.s0.i1 1.000000 0.599737
DS.d269.s2.i1 -1.000000 -0.711405
DS.d269.s2.i0 -1.000000 -0.577678
DS.d269.s2.i3 -1.000000 -0.762495
DS.d269.s2.i2 1.000000 0.040290
DS.d269.s2.i5 -1.000000 -0.483977
DS.d269.s2.i4 1.000000 0.045673
DS.d269.s2.i7 -1.000000 -0.675590
DS.d269.s2.i6 -1.000000 -0.712383
DS.d269.s1.i0 1.000000 0.327898
DS.d269.s1.i1 1.000000 0.283638
DS.d269.s1.i2 -1.000000 -0.262988
DS.d269.s0.i0 1.000000 0.975789
DS.d264.s0.i0 1.000000 0.280948
DS.d264.s0.i1 1.000000 0.593499
DS.d264.s1.i0 1.000000 0.595908
DS.d265.s1.i0 1.000000 0.876814
DS.d265.s1.i1 1.000000 0.817454
DS.d265.s1.i2 1.000000 0.846922
DS.d265.s1.i3 1.000000 0.919647
DS.d265.s0.i1 -1.000000 -0.535867
DS.d265.s0.i0 1.000000 0.903418
DS.d260.s0.i2 -1.000000 -0.032199
DS.d260.s0.i0 1.000000 0.231417
DS.d260.s0.i1 1.000000 0.364371
DS.d260.s1.i1 1.000000 0.703333
DS.d260.s1.i0 1.000000 0.703333
DS.d261.s0.i0 1.000000 0.844862
DS.d263.s1.i0 1.000000 1.297964
DS.d263.s0.i10 1.000000 0.683637
DS.d263.s0.i13 1.000000 0.798476
DS.d263.s0.i9 1.000000 0.803357
DS.d263.s0.i0 1.000000 0.805062
DS.d263.s0.i3 1.000000 0.895865
DS.d263.s0.i2 1.000000 0.805972
DS.d263.s0.i7 1.000000 0.800486
DS.d369.s0.i0 1.000000 0.294843
DS.d369.s1.i0 1.000000 0.652391
DS.d631.s0.i0 1.000000 0.594891
DS.d631.s0.i1 1.000000 0.715152
DS.d368.s0.i0 1.000000 0.451662
DS.d630.s0.i1 -1.000000 -0.815899
DS.d630.s0.i0 -1.000000 -0.687481
DS.d736.s0.i0 1.000000 0.741538
DS.d823.s0.i0 -1.000000 -0.377743
DS.d174.s0.i2 -1.000000 -1.071624
DS.d174.s0.i3 -1.000000 -1.005766
DS.d174.s0.i0 -1.000000 -1.079857
DS.d174.s0.i1 -1.000000 -0.413451
DS.d734.s0.i0 1.000000 0.957253
DS.d734.s0.i1 1.000000 0.900001
DS.d734.s0.i2 1.000000 0.968649
DS.d734.s0.i3 1.000000 1.026095
DS.d735.s1.i0 -1.000000 -0.483554
DS.d735.s1.i1 -1.000000 -0.451659
DS.d735.s0.i0 1.000000 1.199615
DS.d735.s3.i0 -1.000000 -0.417283
DS.d735.s2.i1 -1.000000 -0.285283
DS.d735.s2.i0 1.000000 0.410631
DS.d639.s0.i0 -1.000000 -0.514090
DS.d418.s0.i1 1.000000 0.860593
DS.d417.s0.i0 1.000000 0.762961
DS.d416.s0.i0 1.000000 0.321636
DS.d415.s0.i0 -1.000000 -0.434832
DS.d414.s0.i1 1.000000 0.959325
DS.d414.s0.i0 1.000000 0.894549
DS.d412.s0.i0 1.000000 0.732384
DS.d411.s0.i0 1.000000 1.134874
DS.d410.s0.i0 1.000000 0.623148
DS.d398.s0.i0 1.000000 0.899935
DS.d399.s0.i0 1.000000 0.838895
DS.d289.s0.i1 -1.000000 -0.552137
DS.d289.s0.i0 1.000000 0.317457
DS.d289.s0.i2 -1.000000 -0.522795
DS.d390.s0.i2 -1.000000 -0.899317
DS.d390.s0.i3 -1.000000 -0.926496
DS.d390.s0.i0 -1.000000 -0.839701
DS.d390.s0.i1 -1.000000 -0.835283
DS.d390.s0.i4 -1.000000 -0.889744
DS.d390.s0.i5 -1.000000 -0.875835
DS.d393.s1.i2 -1.000000 -0.807102
DS.d393.s1.i3 -1.000000 -0.821698
DS.d393.s1.i0 -1.000000 -0.675335
DS.d393.s1.i1 -1.000000 -0.634497
DS.d393.s0.i1 -1.000000 -0.800987
DS.d393.s0.i0 -1.000000 -0.789849
DS.d393.s0.i3 -1.000000 -0.752631
DS.d393.s0.i2 -1.000000 -0.760740
DS.d394.s0.i0 1.000000 0.625051
DS.d394.s0.i1 1.000000 0.675863
DS.d395.s1.i0 1.000000 0.753454
DS.d395.s0.i1 1.000000 0.465779
DS.d395.s0.i0 1.000000 0.442901
DS.d396.s0.i0 1.000000 0.825774
DS.d397.s0.i1 -1.000000 -0.423391
DS.d397.s0.i0 -1.000000 -0.241276
DS.d397.s0.i2 1.000000 -0.261851
DS.d567.s0.i0 1.000000 0.499366
DS.d567.s0.i1 1.000000 0.997940
DS.d567.s1.i1 -1.000000 -0.278217
DS.d567.s1.i0 -1.000000 -0.001801
DS.d567.s1.i2 1.000000 -0.093035
DS.d566.s0.i1 1.000000 0.464729
DS.d566.s0.i0 1.000000 0.388679
DS.d565.s0.i0 1.000000 0.762827
DS.d642.s0.i0 -1.000000 0.025472
DS.d643.s0.i3 1.000000 0.421290
DS.d643.s0.i1 -1.000000 -0.351680
DS.d643.s0.i5 1.000000 0.279932
DS.d643.s0.i4 -1.000000 -0.432623
DS.d136.s0.i0 1.000000 0.697896
DS.d136.s0.i1 1.000000 0.787415
DS.d137.s1.i0 -1.000000 0.341081
DS.d137.s0.i0 -1.000000 -0.120302
DS.d130.s0.i8 1.000000 0.996488
DS.d130.s0.i9 1.000000 0.975586
DS.d130.s0.i6 1.000000 0.890486
DS.d130.s0.i7 1.000000 1.032738
DS.d130.s0.i4 1.000000 0.911870
DS.d130.s0.i5 1.000000 0.724715
DS.d130.s0.i2 1.000000 0.792766
DS.d130.s0.i3 1.000000 0.875103
DS.d130.s0.i0 1.000000 0.781506
DS.d130.s0.i1 1.000000 0.931231
DS.d647.s0.i0 -1.000000 -0.215111
DS.d644.s0.i0 -1.000000 -0.374571
DS.d645.s0.i0 1.000000 1.035484
DS.d563.s0.i6 -1.000000 -0.893072
DS.d563.s0.i7 -1.000000 -0.966885
DS.d563.s0.i4 -1.000000 -0.739719
DS.d563.s0.i5 -1.000000 -0.730357
DS.d563.s0.i2 -1.000000 -0.896910
DS.d563.s0.i3 -1.000000 -0.971166
DS.d563.s0.i0 -1.000000 -0.976696
DS.d563.s0.i1 -1.000000 -0.970653
DS.d648.s0.i0 1.000000 0.688743
DS.d648.s0.i1 1.000000 0.629591
DS.d648.s0.i2 1.000000 0.744651
DS.d649.s0.i5 -1.000000 -0.242275
DS.d649.s0.i4 -1.000000 -0.283239
DS.d649.s0.i7 1.000000 0.242407
DS.d649.s0.i6 1.000000 0.230267
DS.d649.s0.i1 1.000000 0.175521
DS.d649.s0.i0 -1.000000 -0.257888
DS.d649.s0.i3 1.000000 0.178117
DS.d649.s0.i2 -1.000000 -0.224257
DS.d138.s0.i0 1.000000 0.930276
DS.d138.s1.i0 1.000000 0.443221
DS.d138.s2.i0 1.000000 0.839786
DS.d138.s3.i0 1.000000 0.915593
DS.d139.s2.i1 1.000000 0.828194
DS.d139.s2.i0 1.000000 0.828194
DS.d139.s2.i2 1.000000 0.876690
DS.d139.s1.i0 1.000000 0.925962
DS.d139.s1.i1 1.000000 0.819688
DS.d139.s1.i2 1.000000 0.880708
DS.d139.s1.i3 1.000000 0.804498
DS.d139.s0.i1 1.000000 0.831553
DS.d139.s0.i0 1.000000 0.790129
DS.d562.s1.i0 1.000000 0.598207
DS.d562.s0.i0 -1.000000 -0.128697
DS.d484.s0.i0 1.000000 0.877739
DS.d484.s0.i1 1.000000 0.655539
DS.d484.s1.i1 -1.000000 -0.570717
DS.d484.s1.i0 -1.000000 -0.682835
DS.d655.s0.i0 1.000000 0.761838
DS.d655.s0.i1 1.000000 0.413668
DS.d655.s1.i1 1.000000 -0.004612
DS.d655.s1.i0 -1.000000 -0.294075
DS.d655.s1.i2 -1.000000 -0.289648
DS.d529.s0.i0 -1.000000 -0.347552
DS.d528.s0.i1 1.000000 0.189514
DS.d528.s0.i0 1.000000 0.198788
DS.d480.s0.i0 -1.000000 0.059806
DS.d561.s0.i0 -1.000000 -0.467542
DS.d482.s0.i0 -1.000000 -0.728433
DS.d482.s0.i1 -1.000000 -0.780877
DS.d483.s1.i0 1.000000 0.559844
DS.d483.s0.i0 -1.000000 -0.442680
DS.d523.s0.i0 -1.000000 -0.245341
DS.d523.s1.i1 1.000000 0.815334
DS.d523.s1.i0 1.000000 0.707307
DS.d522.s0.i1 -1.000000 -0.645343
DS.d522.s0.i0 -1.000000 -0.550699
DS.d521.s0.i0 1.000000 0.917197
DS.d521.s0.i1 1.000000 0.870851
DS.d520.s1.i2 -1.000000 0.060935
DS.d520.s1.i0 1.000000 0.302178
DS.d520.s1.i1 1.000000 0.240100
DS.d488.s0.i10 1.000000 0.527351
DS.d488.s0.i11 -1.000000 -0.132761
DS.d488.s0.i12 -1.000000 -0.105682
DS.d488.s0.i6 1.000000 0.491054
DS.d488.s0.i7 1.000000 0.584067
DS.d488.s0.i4 1.000000 0.527957
DS.d488.s0.i5 1.000000 0.591420
DS.d488.s0.i2 1.000000 0.506877
DS.d488.s0.i3 1.000000 0.554694
DS.d488.s0.i0 1.000000 0.504837
DS.d488.s0.i1 1.000000 0.532915
DS.d488.s0.i14 -1.000000 -0.099895
DS.d488.s0.i13 -1.000000 -0.099845
DS.d488.s0.i8 -1.000000 -0.087624
DS.d488.s0.i9 1.000000 0.526334
DS.d526.s2.i1 -1.000000 -0.394522
DS.d526.s2.i0 -1.000000 -0.435131
DS.d526.s0.i3 -1.000000 0.048744
DS.d526.s0.i2 1.000000 0.731374
DS.d526.s0.i1 1.000000 0.201733
DS.d526.s0.i0 1.000000 0.799302
DS.d525.s0.i0 1.000000 -0.019682
DS.d525.s0.i1 1.000000 -0.045741
DS.d524.s0.i0 1.000000 0.247798
DS.d656.s0.i1 -1.000000 -0.404529
DS.d656.s0.i0 -1.000000 -0.492978
DS.d656.s0.i2 -1.000000 -0.897028
DS.d798.s0.i0 -1.000000 -0.195747
DS.d693.s0.i0 -1.000000 -0.922891
DS.d693.s0.i1 -1.000000 -0.955777
DS.d693.s0.i2 -1.000000 -0.966875
DS.d693.s0.i3 -1.000000 -0.895240
DS.d650.s3.i0 1.000000 0.744152
DS.d650.s3.i1 1.000000 0.790663
DS.d650.s2.i1 1.000000 0.918533
DS.d650.s2.i0 1.000000 0.859206
DS.d650.s1.i0 1.000000 0.847618
DS.d650.s1.i1 1.000000 0.903205
DS.d650.s0.i0 1.000000 1.001935
DS.d653.s0.i0 1.000000 0.676416
DS.d653.s0.i1 1.000000 0.706760
DS.d653.s0.i2 1.000000 0.739866
DS.d652.s1.i5 -1.000000 -0.337765
DS.d652.s1.i2 -1.000000 -0.508306
DS.d652.s1.i3 -1.000000 -0.313342
DS.d652.s1.i0 1.000000 -0.400556
DS.d652.s1.i1 -1.000000 -0.525401
DS.d652.s0.i1 -1.000000 0.131998
DS.d652.s0.i0 1.000000 0.592623
DS.d652.s2.i1 -1.000000 -0.181889
DS.d603.s0.i1 1.000000 0.327096
DS.d603.s0.i0 -1.000000 0.201449
DS.d600.s0.i0 1.000000 0.516646
DS.d601.s0.i0 1.000000 0.622279
DS.d636.s0.i1 1.000000 0.107782
DS.d636.s0.i0 -1.000000 -0.328021
DS.d828.s0.i0 1.000000 0.536731
DS.d829.s0.i0 1.000000 0.706269
DS.d633.s0.i2 1.000000 0.669203
DS.d633.s0.i3 1.000000 0.665320
DS.d633.s0.i0 1.000000 0.701957
DS.d633.s0.i1 1.000000 0.561721
DS.d633.s1.i1 1.000000 1.006430
DS.d633.s1.i0 1.000000 0.954029
DS.d633.s1.i3 1.000000 0.951998
DS.d633.s1.i2 1.000000 0.953179
DS.d633.s2.i0 1.000000 0.961818
DS.d633.s2.i1 1.000000 0.865216
DS.d633.s3.i1 1.000000 0.977497
DS.d633.s3.i0 1.000000 1.033697
DS.d632.s1.i0 1.000000 0.922795
DS.d632.s1.i1 1.000000 0.911435
DS.d632.s0.i1 -1.000000 -0.328514
DS.d632.s0.i0 -1.000000 -0.371983
DS.d738.s0.i0 1.000000 0.778906
DS.d738.s0.i1 1.000000 0.771700
DS.d738.s1.i0 -1.000000 -0.376011
DS.d739.s1.i7 1.000000 0.740357
DS.d739.s1.i5 1.000000 0.828573
DS.d739.s1.i3 1.000000 0.820622
DS.d739.s1.i1 1.000000 0.785470
DS.d739.s0.i1 1.000000 0.490927
DS.d739.s0.i3 1.000000 0.477300
DS.d739.s0.i2 -1.000000 -0.339954
DS.d822.s0.i0 -1.000000 -0.104192
DS.d790.s0.i0 -1.000000 -0.636899
DS.d790.s0.i1 -1.000000 -0.600977
DS.d820.s2.i0 -1.000000 -0.502555
DS.d820.s2.i1 -1.000000 -0.941698
DS.d820.s3.i0 -1.000000 -0.324315
DS.d820.s0.i0 -1.000000 -0.524041
DS.d820.s0.i1 -1.000000 -0.498323
DS.d820.s0.i2 -1.000000 -0.208695
DS.d820.s1.i0 1.000000 0.183524
DS.d821.s0.i1 -1.000000 -0.062647
DS.d821.s0.i0 -1.000000 -0.099736
DS.d827.s0.i2 -1.000000 -0.743908
DS.d827.s0.i1 -1.000000 -0.547449
DS.d827.s0.i0 -1.000000 -0.690459
DS.d730.s0.i0 1.000000 0.515181
DS.d791.s0.i0 1.000000 0.714793
DS.d700.s0.i0 1.000000 0.036699
DS.d792.s0.i0 1.000000 0.213576
DS.d792.s0.i1 -1.000000 -0.071891
DS.d49.s2.i0 1.000000 0.862323
DS.d49.s2.i1 1.000000 0.881757
DS.d49.s0.i0 1.000000 0.687628
DS.d49.s0.i1 1.000000 0.700206
DS.d49.s0.i2 1.000000 0.667125
DS.d49.s0.i3 1.000000 0.646200
DS.d49.s1.i3 1.000000 0.414227
DS.d49.s1.i2 -1.000000 0.326138
DS.d49.s1.i1 1.000000 0.379580
DS.d49.s1.i0 1.000000 0.395519
DS.d48.s0.i1 -1.000000 -0.084158
DS.d48.s0.i0 -1.000000 -0.084158
DS.d48.s0.i3 1.000000 0.438489
DS.d48.s0.i2 1.000000 0.438489
DS.d48.s0.i5 1.000000 0.512330
DS.d48.s0.i4 1.000000 0.512330
DS.d47.s0.i0 1.000000 0.505358
DS.d47.s0.i1 1.000000 0.463159
DS.d46.s0.i3 -1.000000 -0.838212
DS.d46.s0.i2 -1.000000 -0.926750
DS.d46.s0.i1 -1.000000 -0.869035
DS.d46.s0.i0 -1.000000 -0.931119
DS.d46.s0.i7 -1.000000 -0.861780
DS.d46.s0.i6 -1.000000 -0.912475
DS.d46.s0.i5 -1.000000 -0.917341
DS.d46.s0.i4 -1.000000 -0.839566
DS.d45.s0.i0 -1.000000 -0.742025
DS.d45.s0.i1 -1.000000 -0.742025
DS.d793.s1.i0 1.000000 0.399908
DS.d793.s1.i1 1.000000 0.199222
DS.d793.s0.i1 1.000000 0.757643
DS.d793.s0.i0 1.000000 0.793998
DS.d43.s0.i0 1.000000 0.778696
DS.d42.s0.i0 1.000000 0.509131
DS.d41.s0.i0 -1.000000 -0.516107
DS.d41.s0.i1 -1.000000 -0.593903
DS.d40.s0.i0 1.000000 0.798374
DS.d220.s0.i0 -1.000000 -0.374153
DS.d220.s0.i1 -1.000000 -0.678419
DS.d220.s1.i1 1.000000 -0.128490
DS.d220.s1.i0 -1.000000 -0.423247
DS.d221.s0.i0 1.000000 0.763910
DS.d222.s0.i0 1.000000 0.204278
DS.d223.s1.i0 1.000000 0.775723
DS.d223.s1.i1 1.000000 0.816247
DS.d223.s0.i1 -1.000000 -0.475502
DS.d223.s0.i0 1.000000 0.357907
DS.d224.s0.i0 1.000000 0.834410
DS.d224.s1.i0 1.000000 0.646122
DS.d226.s0.i0 1.000000 0.730265
DS.d228.s0.i0 1.000000 0.712111
DS.d228.s1.i1 1.000000 0.727598
DS.d228.s1.i0 1.000000 0.613886
DS.d229.s0.i0 1.000000 0.821832
DS.d558.s0.i0 -1.000000 -0.437697
DS.d558.s1.i1 -1.000000 -0.281030
DS.d558.s1.i0 1.000000 -0.098461
DS.d638.s0.i1 1.000000 0.892240
DS.d638.s0.i0 1.000000 0.758418
DS.d638.s0.i3 1.000000 0.742018
DS.d638.s0.i2 1.000000 0.756062
DS.d453.s0.i0 -1.000000 -0.581892
DS.d452.s0.i3 1.000000 0.574062
DS.d452.s0.i2 -1.000000 -0.254749
DS.d452.s0.i1 -1.000000 -0.078340
DS.d452.s0.i0 1.000000 0.349951
DS.d452.s0.i5 1.000000 0.363067
DS.d452.s0.i4 -1.000000 -0.262573
DS.d598.s0.i0 1.000000 1.001426
DS.d598.s0.i1 1.000000 1.001426
DS.d599.s1.i0 -1.000000 -0.432009
DS.d457.s0.i0 1.000000 0.631279
DS.d457.s1.i1 1.000000 0.093803
DS.d457.s1.i0 -1.000000 -0.182653
DS.d457.s1.i3 -1.000000 -0.210312
DS.d457.s1.i2 1.000000 0.106872
DS.d503.s0.i0 1.000000 0.953046
DS.d455.s0.i0 1.000000 0.303864
DS.d455.s0.i1 1.000000 0.303114
DS.d593.s0.i0 1.000000 0.728308
DS.d459.s0.i0 -1.000000 -0.755817
DS.d459.s0.i1 -1.000000 -0.985112
DS.d459.s0.i2 -1.000000 -0.804532
DS.d459.s0.i3 -1.000000 -0.812814
DS.d458.s4.i0 1.000000 0.171755
DS.d458.s1.i0 1.000000 0.758138
DS.d458.s0.i0 1.000000 0.960538
DS.d458.s3.i0 1.000000 0.796250
DS.d458.s2.i0 -1.000000 -0.076025
DS.d596.s0.i0 1.000000 0.578761
DS.d596.s0.i1 1.000000 0.781799
DS.d597.s0.i5 -1.000000 -0.844206
DS.d597.s0.i4 -1.000000 -0.870932
DS.d597.s0.i3 -1.000000 -0.876604
DS.d597.s0.i2 -1.000000 -0.926437
DS.d597.s0.i1 -1.000000 -0.862436
DS.d597.s0.i0 -1.000000 -0.884147
DS.d594.s0.i0 1.000000 0.787709
DS.d594.s0.i1 1.000000 0.810922
DS.d594.s0.i2 1.000000 0.839316
DS.d595.s0.i1 -1.000000 -0.421575
DS.d595.s0.i0 -1.000000 -0.573464
DS.d595.s0.i2 -1.000000 -0.424398
DS.d295.s0.i0 1.000000 0.968081
DS.d295.s1.i0 -1.000000 -0.417691
DS.d294.s0.i2 1.000000 0.984710
DS.d294.s0.i1 1.000000 0.903884
DS.d294.s0.i0 1.000000 0.889598
DS.d297.s0.i0 1.000000 0.962206
DS.d296.s0.i0 1.000000 0.910168
DS.d291.s0.i0 -1.000000 -0.383506
DS.d290.s0.i1 -1.000000 -0.861018
DS.d290.s0.i0 -1.000000 -0.962950
DS.d293.s0.i0 1.000000 0.599002
DS.d293.s0.i1 1.000000 0.874635
DS.d292.s0.i0 -1.000000 -1.170387
DS.d292.s0.i3 -1.000000 -0.650041
DS.d354.s0.i0 -1.000000 -0.287794
DS.d356.s0.i0 -1.000000 -0.290538
DS.d357.s0.i1 1.000000 1.165353
DS.d299.s0.i0 -1.000000 -0.460988
DS.d299.s0.i1 -1.000000 -0.475899
DS.d351.s0.i3 -1.000000 -1.037652
DS.d351.s0.i2 -1.000000 -1.183054
DS.d351.s0.i1 -1.000000 -0.932509
DS.d351.s0.i0 -1.000000 -1.051582
DS.d352.s0.i0 1.000000 1.048856
DS.d352.s0.i1 1.000000 1.101927
DS.d353.s0.i1 1.000000 0.881167
DS.d353.s0.i0 1.000000 0.910636
DS.d115.s0.i1 1.000000 0.180896
DS.d115.s0.i0 -1.000000 -0.358797
DS.d509.s0.i2 -1.000000 -0.710479
DS.d509.s0.i0 -1.000000 -0.711349
DS.d509.s0.i1 -1.000000 -0.663117
DS.d508.s0.i0 1.000000 0.518022
DS.d560.s0.i1 1.000000 0.904806
DS.d560.s0.i0 1.000000 0.915615
DS.d560.s0.i3 1.000000 0.874869
DS.d560.s0.i2 1.000000 0.875142
DS.d686.s0.i0 1.000000 0.594888
DS.d686.s0.i1 1.000000 0.520550
DS.d687.s1.i0 -1.000000 -0.315636
DS.d687.s0.i0 1.000000 0.389867
DS.d684.s0.i0 -1.000000 -0.238252
DS.d684.s0.i1 1.000000 0.277271
DS.d684.s0.i2 -1.000000 -0.216408
DS.d684.s0.i3 1.000000 0.408443
DS.d685.s1.i1 1.000000 0.954660
DS.d685.s0.i1 1.000000 0.801418
DS.d685.s0.i0 1.000000 0.835092
DS.d685.s0.i2 1.000000 0.839761
DS.d682.s0.i2 1.000000 0.526957
DS.d682.s0.i0 1.000000 0.590194
DS.d682.s0.i1 1.000000 0.567905
DS.d683.s0.i5 -1.000000 -0.852816
DS.d683.s0.i4 -1.000000 -0.891384
DS.d683.s0.i3 -1.000000 -0.871349
DS.d683.s0.i2 -1.000000 -0.880981
DS.d683.s0.i1 -1.000000 -0.884366
DS.d683.s0.i0 -1.000000 -0.879391
DS.d680.s0.i0 1.000000 0.890953
DS.d680.s0.i1 1.000000 0.879716
DS.d680.s0.i2 1.000000 0.944965
DS.d680.s1.i0 1.000000 0.614629
DS.d681.s1.i6 1.000000 0.163782
DS.d681.s1.i7 -1.000000 -0.518232
DS.d681.s1.i4 1.000000 0.302196
DS.d681.s1.i5 -1.000000 -0.601682
DS.d681.s1.i2 -1.000000 -0.572192
DS.d681.s1.i3 -1.000000 -0.609738
DS.d681.s1.i0 -1.000000 -0.570093
DS.d681.s1.i1 -1.000000 -0.547059
DS.d681.s1.i8 1.000000 0.285017
DS.d681.s0.i1 1.000000 0.586171
DS.d681.s0.i0 1.000000 0.786140
DS.d688.s0.i0 1.000000 1.003898
DS.d688.s1.i0 -1.000000 0.575970
DS.d689.s0.i1 -1.000000 -0.635596
DS.d689.s0.i0 -1.000000 -0.589758
DS.d178.s0.i0 1.000000 0.555458
DS.d178.s1.i1 -1.000000 -0.568777
DS.d178.s1.i0 -1.000000 -0.639007
DS.d179.s2.i0 1.000000 0.806203
DS.d179.s1.i0 1.000000 -0.062100
DS.d179.s1.i1 -1.000000 -0.193263
DS.d179.s0.i28 -1.000000 -1.011524
DS.d179.s0.i29 -1.000000 -0.994866
DS.d179.s0.i22 -1.000000 -0.966986
DS.d179.s0.i23 -1.000000 -0.986429
DS.d179.s0.i20 -1.000000 -0.965547
DS.d179.s0.i21 -1.000000 -0.941174
DS.d179.s0.i26 -1.000000 -0.907352
DS.d179.s0.i27 -1.000000 -0.941971
DS.d179.s0.i24 -1.000000 -0.847269
DS.d179.s0.i25 -1.000000 -0.840930
DS.d179.s0.i3 -1.000000 -1.055644
DS.d179.s0.i2 -1.000000 -0.981277
DS.d179.s0.i1 -1.000000 -0.921734
DS.d179.s0.i0 -1.000000 -0.978764
DS.d179.s0.i7 -1.000000 -0.969821
DS.d179.s0.i6 -1.000000 -0.964289
DS.d179.s0.i5 -1.000000 -0.991825
DS.d179.s0.i4 -1.000000 -1.026921
DS.d179.s0.i9 -1.000000 -0.991866
DS.d179.s0.i8 -1.000000 -1.001805
DS.d179.s0.i13 -1.000000 -0.942904
DS.d179.s0.i12 -1.000000 -0.991646
DS.d179.s0.i11 -1.000000 -1.027014
DS.d179.s0.i10 -1.000000 -0.967560
DS.d179.s0.i17 -1.000000 -0.891328
DS.d179.s0.i16 -1.000000 -1.017989
DS.d179.s0.i15 -1.000000 -0.913864
DS.d179.s0.i14 -1.000000 -0.948553
DS.d179.s0.i19 -1.000000 -1.021429
DS.d179.s0.i18 -1.000000 -0.927869
DS.d98.s0.i4 1.000000 0.841663
DS.d98.s0.i5 1.000000 0.794961
DS.d98.s0.i2 1.000000 0.899924
DS.d98.s0.i3 1.000000 0.811329
DS.d98.s0.i0 1.000000 0.858811
DS.d98.s0.i1 1.000000 0.871201
DS.d98.s1.i1 -1.000000 -0.769367
DS.d98.s1.i0 -1.000000 -0.843707
DS.d98.s1.i2 -1.000000 -0.847856
DS.d99.s0.i0 1.000000 0.740286
DS.d94.s0.i0 -1.000000 -0.543105
DS.d94.s1.i1 1.000000 0.783731
DS.d94.s1.i0 1.000000 0.754054
DS.d94.s1.i2 1.000000 0.844272
DS.d94.s2.i0 -1.000000 -0.643806
DS.d171.s1.i0 1.000000 0.936456
DS.d171.s0.i0 1.000000 0.259239
DS.d96.s0.i0 -1.000000 -0.291021
DS.d96.s0.i1 1.000000 0.199617
DS.d96.s0.i2 -1.000000 -0.330458
DS.d96.s0.i3 1.000000 0.167433
DS.d96.s1.i1 1.000000 0.666637
DS.d96.s1.i0 1.000000 0.949182
DS.d97.s0.i0 1.000000 0.701773
DS.d90.s0.i0 -1.000000 -0.841507
DS.d90.s0.i1 -1.000000 -0.834788
DS.d90.s1.i5 1.000000 0.854999
DS.d90.s1.i4 1.000000 0.855054
DS.d90.s1.i1 1.000000 1.106675
DS.d90.s1.i0 1.000000 1.026016
DS.d90.s1.i3 1.000000 0.802635
DS.d90.s1.i2 1.000000 0.917407
DS.d91.s0.i5 1.000000 -0.245967
DS.d91.s0.i4 -1.000000 -0.483075
DS.d91.s0.i3 -1.000000 -0.565548
DS.d91.s0.i2 -1.000000 -0.600537
DS.d91.s0.i1 -1.000000 -0.608732
DS.d91.s0.i0 -1.000000 -0.553470
DS.d176.s0.i0 -1.000000 -1.005533
DS.d176.s0.i1 -1.000000 -0.940231
DS.d176.s0.i2 -1.000000 -0.997972
DS.d93.s0.i0 1.000000 0.610395
DS.d772.s0.i0 -1.000000 -0.230560
DS.d772.s0.i1 -1.000000 -0.350013
DS.d773.s0.i1 -1.000000 -0.841199
DS.d773.s0.i0 -1.000000 -0.777185
DS.d771.s0.i0 1.000000 0.834051
DS.d776.s0.i0 1.000000 0.658059
DS.d776.s0.i1 1.000000 0.658059
DS.d777.s0.i0 -1.000000 -0.341145
DS.d774.s0.i0 -1.000000 -0.324670
DS.d774.s0.i1 1.000000 0.458435
DS.d774.s1.i1 1.000000 0.496478
DS.d774.s1.i0 -1.000000 -0.230830
DS.d775.s0.i0 1.000000 0.784297
DS.d779.s0.i0 -1.000000 -0.519541
DS.d574.s0.i2 -1.000000 -0.666913
DS.d574.s0.i3 -1.000000 -0.626017
DS.d574.s0.i0 -1.000000 -0.793510
DS.d574.s0.i1 -1.000000 -0.830650
DS.d575.s2.i0 -1.000000 -0.273545
DS.d575.s1.i0 1.000000 0.755770
DS.d575.s1.i1 1.000000 0.583992
DS.d575.s0.i0 1.000000 0.944152
DS.d679.s0.i0 -1.000000 -0.496335
DS.d678.s0.i1 -1.000000 -0.850936
DS.d678.s0.i0 -1.000000 -0.787488
DS.d678.s0.i3 -1.000000 -0.852997
DS.d678.s0.i2 -1.000000 -0.798287
DS.d570.s0.i0 1.000000 0.893562
DS.d570.s1.i0 1.000000 0.492026
DS.d570.s2.i0 1.000000 1.017152
DS.d570.s3.i0 1.000000 0.695935
DS.d571.s0.i0 -1.000000 -0.574694
DS.d572.s0.i0 -1.000000 -0.506416
DS.d572.s0.i1 -1.000000 -0.521982
DS.d573.s0.i1 1.000000 0.806845
DS.d573.s0.i0 1.000000 0.965652
DS.d573.s0.i3 1.000000 0.830441
DS.d573.s0.i2 1.000000 0.955317
DS.d673.s0.i0 1.000000 1.266592
DS.d672.s0.i8 1.000000 0.173504
DS.d672.s0.i2 1.000000 0.209900
DS.d672.s0.i1 -1.000000 -0.324603
DS.d672.s0.i0 1.000000 0.062239
DS.d672.s0.i6 -1.000000 0.077942
DS.d672.s0.i5 -1.000000 -0.293262
DS.d672.s0.i4 1.000000 0.048317
DS.d672.s0.i10 -1.000000 -0.229750
DS.d672.s0.i11 -1.000000 -0.247310
DS.d578.s0.i2 -1.000000 -0.636301
DS.d578.s0.i0 -1.000000 -0.542342
DS.d578.s0.i1 -1.000000 -0.611741
DS.d676.s0.i0 1.000000 0.440004
DS.d674.s0.i1 1.000000 0.652200
DS.d674.s0.i0 1.000000 0.771129
DS.d805.s0.i2 -1.000000 -0.997902
DS.d805.s0.i1 -1.000000 -0.703719
DS.d805.s0.i0 -1.000000 -0.672516
DS.d608.s0.i0 1.000000 0.804648
DS.d608.s1.i1 1.000000 0.738213
DS.d608.s1.i0 1.000000 0.688782
DS.d707.s0.i0 1.000000 0.297557
DS.d707.s0.i1 1.000000 0.193379
DS.d707.s1.i0 1.000000 0.043419
DS.d812.s0.i2 -1.000000 -0.908416
DS.d812.s0.i1 -1.000000 -0.670581
DS.d812.s0.i0 -1.000000 -0.917350
DS.d811.s0.i0 1.000000 1.027056
DS.d811.s1.i1 1.000000 0.983648
DS.d811.s1.i0 1.000000 1.026398
DS.d810.s1.i2 1.000000 0.290983
DS.d810.s1.i3 1.000000 0.050107
DS.d810.s1.i0 -1.000000 0.563487
DS.d810.s1.i1 1.000000 1.036639
DS.d810.s0.i5 1.000000 0.756261
DS.d810.s0.i4 1.000000 0.825239
DS.d810.s0.i1 1.000000 0.792266
DS.d810.s0.i0 1.000000 0.905878
DS.d810.s0.i3 1.000000 0.786929
DS.d810.s0.i2 1.000000 0.786108
DS.d810.s3.i0 1.000000 0.914105
DS.d810.s2.i1 1.000000 0.691360
DS.d810.s2.i0 1.000000 0.993263
DS.d817.s0.i0 1.000000 0.768704
DS.d817.s0.i1 1.000000 0.834610
DS.d817.s1.i1 1.000000 0.793695
DS.d817.s1.i0 1.000000 0.795012
DS.d817.s1.i3 1.000000 0.879522
DS.d817.s1.i2 1.000000 0.780293
DS.d817.s1.i4 1.000000 0.915754
DS.d816.s0.i5 1.000000 0.336837
DS.d816.s0.i4 -1.000000 -0.248815
DS.d816.s0.i3 1.000000 0.214178
DS.d816.s0.i2 -1.000000 0.231993
DS.d816.s0.i1 -1.000000 -0.364655
DS.d816.s0.i0 1.000000 0.103077
DS.d701.s0.i0 -1.000000 -0.894249
DS.d701.s0.i1 -1.000000 -0.939788
DS.d814.s1.i0 -1.000000 -0.682339
DS.d814.s1.i1 -1.000000 -0.770273
DS.d814.s0.i1 -1.000000 -0.820966
DS.d814.s0.i0 -1.000000 -0.642074
DS.d814.s0.i2 -1.000000 -0.790138
DS.d815.s0.i0 1.000000 0.833122
DS.d815.s0.i1 1.000000 0.942855
DS.d815.s0.i2 1.000000 0.858658
DS.d819.s0.i0 1.000000 0.083798
DS.d819.s0.i1 -1.000000 -0.215175
DS.d709.s0.i0 1.000000 0.878925
DS.d708.s0.i0 -1.000000 -0.435899
DS.d77.s0.i1 -1.000000 0.119377
DS.d77.s0.i0 1.000000 0.259063
DS.d74.s0.i0 1.000000 0.643370
DS.d72.s0.i0 -1.000000 -0.610872
DS.d72.s0.i1 -1.000000 -0.459712
DS.d73.s0.i1 -1.000000 -1.072761
DS.d73.s0.i0 -1.000000 -0.975888
DS.d70.s0.i0 1.000000 0.402421
DS.d70.s0.i1 1.000000 0.634277
DS.d70.s1.i3 1.000000 0.751800
DS.d70.s1.i2 1.000000 0.545794
DS.d70.s1.i1 1.000000 0.525767
DS.d70.s1.i0 1.000000 0.729380
DS.d71.s0.i0 1.000000 0.588395
DS.d78.s0.i0 -1.000000 -0.406186
DS.d78.s1.i0 -1.000000 -0.331467
DS.d79.s0.i0 -1.000000 -0.166074
DS.d310.s0.i2 1.000000 0.254110
DS.d310.s0.i0 1.000000 0.192717
DS.d310.s0.i1 -1.000000 -0.012423
DS.d310.s1.i1 -1.000000 -0.966770
DS.d310.s1.i0 -1.000000 -0.831985
DS.d310.s1.i3 -1.000000 -0.664687
DS.d310.s1.i2 -1.000000 -0.586156
DS.d312.s0.i10 1.000000 0.851493
DS.d312.s0.i4 1.000000 0.856375
DS.d312.s0.i5 1.000000 0.861142
DS.d312.s0.i6 1.000000 0.714606
DS.d312.s0.i7 1.000000 0.847786
DS.d312.s0.i0 1.000000 0.827635
DS.d312.s0.i1 1.000000 0.861312
DS.d312.s0.i2 1.000000 0.882477
DS.d312.s0.i3 1.000000 0.862878
DS.d312.s0.i8 1.000000 0.851101
DS.d312.s0.i9 1.000000 0.684932
DS.d313.s5.i0 1.000000 0.843594
DS.d313.s4.i0 1.000000 0.589331
DS.d313.s1.i0 -1.000000 -0.637210
DS.d313.s1.i1 -1.000000 -0.695091
DS.d313.s0.i0 1.000000 0.911378
DS.d313.s3.i0 1.000000 0.768164
DS.d313.s2.i0 1.000000 0.756017
DS.d314.s0.i0 1.000000 0.101749
DS.d314.s0.i1 -1.000000 -0.075285
DS.d315.s0.i3 -1.000000 -0.889327
DS.d315.s0.i2 -1.000000 -0.910622
DS.d315.s0.i1 -1.000000 -0.892892
DS.d315.s0.i0 -1.000000 -0.890534
DS.d316.s2.i0 1.000000 0.850958
DS.d316.s2.i1 1.000000 0.850958
DS.d316.s0.i0 1.000000 0.648805
DS.d316.s0.i1 1.000000 0.600031
DS.d316.s1.i1 1.000000 0.547120
DS.d316.s1.i0 1.000000 0.550793
DS.d317.s0.i1 1.000000 0.918118
DS.d317.s0.i0 1.000000 0.769849
DS.d317.s0.i3 1.000000 0.836328
DS.d317.s0.i2 1.000000 0.860871
DS.d317.s0.i5 1.000000 0.952678
DS.d317.s0.i4 1.000000 0.803558
DS.d317.s0.i7 1.000000 0.989986
DS.d317.s0.i6 1.000000 0.974857
DS.d317.s0.i9 1.000000 0.890487
DS.d317.s0.i8 1.000000 0.870212
DS.d317.s0.i11 1.000000 0.794581
DS.d317.s0.i10 1.000000 0.824938
DS.d319.s0.i1 -1.000000 -0.694810
DS.d319.s0.i0 -1.000000 -0.759989
DS.d259.s0.i0 -1.000000 -0.453296
DS.d258.s0.i0 -1.000000 -0.552266
DS.d251.s0.i2 -1.000000 -0.890406
DS.d251.s0.i3 -1.000000 -0.884994
DS.d251.s0.i0 -1.000000 -0.898622
DS.d251.s0.i1 -1.000000 -1.009883
DS.d251.s0.i6 -1.000000 -0.950603
DS.d251.s0.i7 -1.000000 -0.874917
DS.d251.s0.i4 -1.000000 -0.943239
DS.d251.s0.i5 -1.000000 -0.970854
DS.d251.s0.i8 -1.000000 -0.928541
DS.d250.s1.i0 1.000000 0.734715
DS.d250.s0.i1 1.000000 0.808178
DS.d250.s0.i0 1.000000 0.980621
DS.d253.s2.i0 1.000000 0.854651
DS.d253.s0.i0 -1.000000 0.865881
DS.d253.s1.i7 -1.000000 0.038464
DS.d253.s1.i6 -1.000000 -0.077459
DS.d253.s1.i5 1.000000 0.029136
DS.d253.s1.i4 -1.000000 0.038598
DS.d253.s1.i3 1.000000 0.146031
DS.d253.s1.i2 -1.000000 -0.046556
DS.d253.s1.i1 1.000000 0.146587
DS.d253.s1.i0 1.000000 0.060592
DS.d255.s0.i0 -1.000000 -0.770871
DS.d255.s0.i1 -1.000000 -0.851122
DS.d257.s2.i0 1.000000 0.452799
DS.d257.s3.i0 1.000000 0.619987
DS.d257.s0.i0 1.000000 0.164583
DS.d257.s0.i1 -1.000000 -0.176610
DS.d257.s0.i2 -1.000000 -0.049695
DS.d257.s1.i0 1.000000 0.739363
DS.d456.s0.i5 1.000000 0.036878
DS.d456.s0.i4 -1.000000 0.047687
DS.d456.s0.i3 -1.000000 0.007625
DS.d456.s0.i2 1.000000 0.091748
DS.d456.s0.i1 -1.000000 0.045412
DS.d456.s0.i0 1.000000 0.095182
DS.d590.s0.i0 1.000000 0.699532
DS.d591.s0.i1 1.000000 0.774445
DS.d591.s0.i0 1.000000 0.817497
DS.d591.s0.i3 1.000000 0.523747
DS.d591.s0.i2 1.000000 0.608015
DS.d720.s3.i0 1.000000 0.885209
DS.d720.s3.i1 1.000000 0.231189
DS.d720.s2.i0 1.000000 0.731392
DS.d720.s1.i0 -1.000000 -0.468721
DS.d720.s1.i1 -1.000000 -0.468721
DS.d720.s1.i2 1.000000 -0.094822
DS.d720.s1.i3 1.000000 0.204235
DS.d720.s0.i1 -1.000000 -0.434935
DS.d720.s0.i0 1.000000 -0.023777
DS.d288.s0.i8 -1.000000 -1.063312
DS.d288.s0.i4 -1.000000 -1.082979
DS.d288.s0.i5 -1.000000 -0.941546
DS.d288.s0.i6 -1.000000 -0.967710
DS.d288.s0.i7 -1.000000 -0.846170
DS.d288.s0.i0 -1.000000 -0.926875
DS.d288.s0.i1 -1.000000 -1.013416
DS.d288.s0.i2 -1.000000 -0.945110
DS.d288.s0.i3 -1.000000 -1.015434
DS.d288.s1.i3 -1.000000 -0.242137
DS.d288.s1.i2 1.000000 0.309915
DS.d288.s1.i1 1.000000 0.357374
DS.d288.s1.i0 -1.000000 -0.170477
DS.d408.s0.i0 1.000000 1.019873
DS.d408.s0.i1 1.000000 0.991271
DS.d409.s0.i0 1.000000 0.380784
DS.d404.s0.i2 -1.000000 -0.838922
DS.d404.s0.i3 -1.000000 -0.858452
DS.d404.s0.i0 -1.000000 -0.816561
DS.d404.s0.i1 -1.000000 -0.803025
DS.d405.s4.i2 1.000000 1.006428
DS.d405.s4.i1 1.000000 0.977802
DS.d405.s4.i0 1.000000 1.006428
DS.d405.s3.i0 1.000000 0.723823
DS.d405.s3.i1 1.000000 0.776237
DS.d405.s2.i1 1.000000 1.048788
DS.d405.s2.i0 1.000000 0.772142
DS.d405.s1.i0 -1.000000 -0.964622
DS.d405.s1.i1 -1.000000 -0.533329
DS.d405.s1.i2 -1.000000 -0.968261
DS.d405.s1.i3 -1.000000 -0.602269
DS.d405.s0.i1 1.000000 0.917972
DS.d405.s0.i0 1.000000 0.917470
DS.d406.s0.i0 -1.000000 -0.581025
DS.d407.s0.i0 -1.000000 0.104289
DS.d400.s0.i0 1.000000 0.201722
DS.d400.s0.i1 -1.000000 -0.042530
DS.d402.s2.i2 -1.000000 -0.046797
DS.d402.s2.i3 1.000000 0.522219
DS.d402.s2.i0 1.000000 0.426154
DS.d402.s2.i1 1.000000 0.575643
DS.d402.s3.i1 -1.000000 -0.106022
DS.d402.s3.i0 1.000000 0.635751
DS.d402.s3.i2 1.000000 0.743462
DS.d402.s0.i0 -1.000000 -0.190255
DS.d402.s0.i1 1.000000 0.605754
DS.d402.s0.i2 1.000000 0.763255
DS.d402.s1.i1 -1.000000 -0.541283
DS.d402.s1.i0 -1.000000 -0.632792
DS.d403.s0.i0 -1.000000 -0.455341
DS.d726.s0.i0 1.000000 0.685540
DS.d359.s0.i1 -1.000000 -0.317437
DS.d359.s0.i0 -1.000000 -0.423922
DS.d468.s0.i0 1.000000 0.312258
DS.d468.s0.i1 -1.000000 0.061810
DS.d101.s0.i0 -1.000000 -0.381703
DS.d100.s1.i0 1.000000 0.723823
DS.d100.s1.i1 1.000000 0.771973
DS.d100.s0.i0 1.000000 0.963875
DS.d103.s0.i0 1.000000 0.018753
DS.d469.s0.i5 1.000000 0.876877
DS.d469.s0.i4 1.000000 0.886669
DS.d469.s0.i1 1.000000 0.914107
DS.d469.s0.i0 1.000000 0.956412
DS.d469.s0.i3 1.000000 0.911202
DS.d469.s0.i2 1.000000 0.921658
DS.d105.s0.i0 -1.000000 -0.619480
DS.d105.s0.i1 -1.000000 -0.619480
DS.d104.s0.i0 1.000000 0.961402
DS.d107.s0.i0 -1.000000 -1.003187
DS.d107.s0.i1 -1.000000 -0.983178
DS.d107.s0.i2 -1.000000 -0.643926
DS.d109.s0.i2 -1.000000 -0.846244
DS.d109.s0.i3 -1.000000 -0.935770
DS.d109.s0.i0 -1.000000 -0.884075
DS.d109.s0.i1 -1.000000 -0.974476
DS.d109.s0.i4 -1.000000 -0.935978
DS.d109.s0.i5 -1.000000 -0.897957
DS.d108.s3.i0 -1.000000 -0.676413
DS.d108.s3.i1 -1.000000 -0.723974
DS.d108.s2.i0 -1.000000 -0.631954
DS.d108.s1.i0 -1.000000 -0.704495
DS.d108.s1.i1 -1.000000 -0.718889
DS.d108.s0.i3 -1.000000 -0.853700
DS.d108.s0.i2 -1.000000 -0.769524
DS.d108.s0.i1 -1.000000 -0.828326
DS.d108.s0.i0 -1.000000 -0.873494
DS.d108.s0.i7 -1.000000 -0.873367
DS.d108.s0.i6 -1.000000 -0.915954
DS.d108.s0.i5 -1.000000 -0.893041
DS.d108.s0.i4 -1.000000 -0.849893
DS.d538.s0.i0 1.000000 0.762726
DS.d538.s1.i0 -1.000000 -0.565327
DS.d539.s0.i1 -1.000000 -0.578364
DS.d539.s0.i0 1.000000 0.378684
DS.d350.s0.i2 1.000000 0.750343
DS.d350.s0.i3 1.000000 0.709843
DS.d350.s0.i0 1.000000 0.634063
DS.d350.s0.i1 1.000000 0.675492
DS.d350.s1.i1 -1.000000 -0.716818
DS.d350.s1.i0 -1.000000 -0.714972
DS.d350.s1.i3 -1.000000 -0.742248
DS.d350.s1.i2 -1.000000 -0.556281
DS.d532.s0.i0 1.000000 0.594335
DS.d533.s0.i1 1.000000 0.690168
DS.d533.s0.i0 1.000000 0.705288
DS.d534.s0.i4 1.000000 0.767646
DS.d534.s0.i5 1.000000 0.718445
DS.d534.s0.i2 1.000000 0.844136
DS.d534.s0.i3 1.000000 0.702423
DS.d534.s0.i0 1.000000 0.738707
DS.d534.s0.i1 1.000000 0.803769
DS.d534.s1.i0 1.000000 0.849299
DS.d534.s2.i0 1.000000 1.057919
DS.d535.s0.i1 -1.000000 -0.647094
DS.d535.s0.i0 -1.000000 -0.763429
DS.d536.s0.i0 1.000000 0.848139
DS.d536.s0.i1 1.000000 0.825005
DS.d536.s0.i2 1.000000 0.827775
DS.d536.s0.i3 1.000000 0.858280
DS.d536.s1.i1 1.000000 0.413070
DS.d536.s1.i0 -1.000000 -0.312371
DS.d537.s0.i1 1.000000 0.601383
DS.d537.s0.i0 1.000000 0.358710
DS.d537.s0.i2 1.000000 0.640972
DS.d758.s0.i0 1.000000 0.472481
DS.d461.s0.i1 -1.000000 -0.683909
DS.d461.s0.i0 -1.000000 -0.674440
DS.d461.s0.i3 -1.000000 -0.693408
DS.d461.s0.i2 -1.000000 -0.684422
DS.d759.s0.i1 1.000000 0.901813
DS.d759.s0.i0 1.000000 0.901813
DS.d502.s1.i2 -1.000000 -0.557727
DS.d502.s1.i0 -1.000000 -0.869559
DS.d502.s1.i1 -1.000000 -0.581780
DS.d502.s0.i1 -1.000000 -0.469386
DS.d502.s0.i0 -1.000000 -0.780307
DS.d502.s0.i2 -1.000000 -0.951361
DS.d551.s0.i0 1.000000 0.703776
DS.d624.s4.i2 1.000000 0.837203
DS.d624.s4.i0 1.000000 0.773487
DS.d624.s4.i1 1.000000 0.898962
DS.d624.s0.i2 1.000000 0.961647
DS.d624.s0.i3 1.000000 0.942724
DS.d624.s0.i0 1.000000 0.958176
DS.d624.s0.i1 1.000000 0.673472
DS.d624.s1.i5 1.000000 -0.017551
DS.d624.s1.i4 -1.000000 -0.519270
DS.d624.s1.i7 -1.000000 -0.478105
DS.d624.s1.i6 -1.000000 -0.424680
DS.d624.s1.i0 1.000000 -0.188083
DS.d624.s1.i2 -1.000000 -0.368977
DS.d624.s2.i1 1.000000 0.726253
DS.d624.s2.i2 1.000000 0.849653
DS.d624.s3.i3 1.000000 0.705930
DS.d624.s3.i2 -1.000000 0.051901
DS.d624.s3.i1 1.000000 0.495930
DS.d624.s3.i0 1.000000 0.469378
DS.d625.s1.i0 1.000000 0.606005
DS.d625.s1.i1 1.000000 0.635925
DS.d625.s0.i3 -1.000000 -0.486036
DS.d625.s0.i2 -1.000000 -0.794006
DS.d625.s0.i1 -1.000000 -0.816660
DS.d625.s0.i0 -1.000000 -0.476452
DS.d749.s2.i2 1.000000 0.991646
DS.d749.s2.i0 1.000000 0.404098
DS.d749.s2.i1 1.000000 0.894793
DS.d749.s3.i0 -1.000000 -0.368303
DS.d749.s0.i0 1.000000 0.810093
DS.d749.s0.i1 1.000000 0.808884
DS.d749.s1.i1 1.000000 0.816147
DS.d749.s1.i0 1.000000 0.884723
DS.d748.s0.i0 -1.000000 0.399134
DS.d620.s0.i8 -1.000000 -0.875015
DS.d620.s0.i9 -1.000000 -1.065687
DS.d620.s0.i6 -1.000000 -1.063019
DS.d620.s0.i7 -1.000000 -1.021878
DS.d620.s0.i4 -1.000000 -1.064971
DS.d620.s0.i5 -1.000000 -0.853313
DS.d620.s0.i2 -1.000000 -1.040852
DS.d620.s0.i3 -1.000000 -1.070664
DS.d620.s0.i0 -1.000000 -0.869764
DS.d620.s0.i1 -1.000000 -1.048780
DS.d620.s0.i18 -1.000000 -0.880461
DS.d620.s0.i19 -1.000000 -1.044815
DS.d620.s0.i20 -1.000000 -1.063057
DS.d620.s0.i10 -1.000000 -0.858804
DS.d620.s0.i11 -1.000000 -1.057886
DS.d620.s0.i12 -1.000000 -1.073724
DS.d620.s0.i13 -1.000000 -0.879998
DS.d620.s0.i14 -1.000000 -1.077929
DS.d620.s0.i15 -1.000000 -1.050912
DS.d620.s0.i16 -1.000000 -1.043258
DS.d620.s0.i17 -1.000000 -0.882700
DS.d620.s1.i0 -1.000000 -0.035660
DS.d621.s3.i0 1.000000 0.520191
DS.d621.s2.i1 1.000000 0.216713
DS.d621.s2.i0 -1.000000 0.200910
DS.d621.s1.i0 1.000000 0.790889
DS.d621.s0.i1 1.000000 0.644381
DS.d621.s0.i0 1.000000 0.542267
DS.d621.s4.i1 1.000000 0.120690
DS.d621.s4.i0 -1.000000 -0.086321
DS.d622.s0.i0 1.000000 0.977390
DS.d622.s1.i0 1.000000 1.008410
DS.d623.s1.i0 1.000000 1.037369
DS.d623.s1.i1 1.000000 0.988579
DS.d623.s0.i1 1.000000 1.177709
DS.d623.s0.i0 1.000000 1.133063
DS.d623.s3.i0 1.000000 0.278558
DS.d623.s3.i1 1.000000 1.018546
DS.d623.s2.i3 1.000000 0.895874
DS.d623.s2.i2 1.000000 0.763688
DS.d623.s2.i1 1.000000 0.881478
DS.d623.s2.i0 1.000000 0.863122
DS.d623.s4.i1 -1.000000 0.636720
DS.d623.s4.i0 1.000000 0.322368
DS.d623.s4.i3 1.000000 0.183876
DS.d623.s4.i2 1.000000 0.468131
DS.d743.s0.i0 1.000000 1.002383
DS.d742.s0.i1 1.000000 0.975596
DS.d742.s0.i0 1.000000 0.996411
DS.d741.s0.i0 1.000000 0.886644
DS.d740.s0.i1 1.000000 0.816964
DS.d740.s0.i0 1.000000 0.838684
DS.d747.s0.i2 1.000000 0.811063
DS.d747.s0.i3 1.000000 0.700001
DS.d747.s0.i0 1.000000 0.811063
DS.d747.s0.i1 1.000000 0.700001
DS.d746.s0.i0 1.000000 0.900019
DS.d745.s0.i0 -1.000000 -0.362198
DS.d745.s0.i1 -1.000000 -0.407896
DS.d744.s0.i1 -1.000000 -0.443347
DS.d744.s0.i0 -1.000000 -0.482700
DS.d750.s0.i0 1.000000 0.973598
DS.d38.s2.i0 1.000000 1.065608
DS.d38.s3.i0 -1.000000 -0.440207
DS.d38.s0.i0 1.000000 0.862579
DS.d38.s1.i1 1.000000 0.776988
DS.d38.s1.i0 1.000000 0.867028
DS.d39.s0.i0 -1.000000 -0.501149
DS.d751.s0.i0 1.000000 0.623286
DS.d32.s0.i0 1.000000 0.638372
DS.d33.s0.i1 1.000000 0.692742
DS.d33.s0.i0 1.000000 0.918587
DS.d30.s0.i0 -1.000000 -0.407376
DS.d30.s0.i1 -1.000000 -0.609804
DS.d30.s0.i2 -1.000000 -0.609804
DS.d31.s0.i0 1.000000 1.206967
DS.d36.s0.i0 1.000000 1.178597
DS.d36.s1.i0 1.000000 0.709459
DS.d36.s2.i0 1.000000 0.753276
DS.d36.s2.i1 1.000000 0.996524
DS.d37.s2.i1 1.000000 0.128560
DS.d37.s2.i0 -1.000000 -0.692333
DS.d37.s2.i2 -1.000000 -0.787801
DS.d37.s1.i0 -1.000000 -0.473907
DS.d37.s0.i0 -1.000000 0.047049
DS.d34.s0.i0 1.000000 0.657749
DS.d34.s0.i1 1.000000 0.780894
DS.d35.s0.i0 1.000000 1.024465
DS.d219.s0.i0 -1.000000 0.208725
DS.d219.s0.i1 1.000000 0.196468
DS.d219.s1.i1 -1.000000 -0.741108
DS.d219.s1.i0 -1.000000 -0.684825
DS.d219.s1.i2 -1.000000 -0.803126
DS.d218.s1.i0 -1.000000 -0.830251
DS.d218.s1.i1 -1.000000 -0.808201
DS.d218.s1.i2 -1.000000 -0.754328
DS.d218.s1.i3 -1.000000 -0.882831
DS.d218.s0.i1 1.000000 0.981975
DS.d218.s0.i0 1.000000 1.113947
DS.d215.s0.i2 -1.000000 -0.820906
DS.d215.s0.i3 -1.000000 -0.753350
DS.d215.s0.i0 -1.000000 -0.814356
DS.d215.s0.i1 -1.000000 -0.839653
DS.d215.s1.i0 -1.000000 -0.620192
DS.d214.s0.i1 1.000000 0.670399
DS.d214.s0.i0 1.000000 0.654202
DS.d217.s0.i0 1.000000 0.787841
DS.d217.s1.i1 -1.000000 -0.322243
DS.d217.s1.i0 -1.000000 -0.276025
DS.d216.s1.i0 1.000000 0.422513
DS.d216.s0.i1 1.000000 0.220495
DS.d216.s0.i0 -1.000000 0.237839
DS.d216.s3.i0 1.000000 0.636866
DS.d216.s3.i1 1.000000 0.702394
DS.d216.s2.i0 1.000000 -0.156121
DS.d211.s0.i0 1.000000 1.032723
DS.d210.s0.i1 1.000000 0.723052
DS.d210.s0.i0 1.000000 0.816800
DS.d213.s0.i0 1.000000 0.720693
DS.d213.s1.i0 1.000000 0.530681
DS.d212.s0.i0 -1.000000 0.175101
DS.d339.s0.i1 -1.000000 -0.704015
DS.d339.s0.i0 -1.000000 -0.682258
DS.d589.s0.i2 1.000000 0.676372
DS.d589.s0.i3 1.000000 1.034742
DS.d589.s0.i0 1.000000 1.034742
DS.d589.s0.i1 1.000000 0.676372
DS.d588.s0.i0 1.000000 0.842140
DS.d330.s0.i0 -1.000000 -0.347925
DS.d330.s0.i1 -1.000000 -0.347925
DS.d440.s0.i0 1.000000 0.377210
DS.d441.s2.i0 1.000000 0.921172
DS.d441.s1.i0 1.000000 0.367628
DS.d441.s0.i0 1.000000 0.933150
DS.d442.s0.i0 1.000000 0.788591
DS.d443.s1.i2 1.000000 0.898873
DS.d443.s1.i0 1.000000 0.848058
DS.d443.s1.i1 1.000000 0.707222
DS.d443.s0.i1 1.000000 0.742640
DS.d443.s0.i0 1.000000 0.648472
DS.d443.s2.i2 1.000000 0.675837
DS.d443.s2.i1 -1.000000 0.173954
DS.d443.s2.i0 1.000000 0.476487
DS.d444.s0.i2 -1.000000 -0.382690
DS.d444.s0.i0 -1.000000 -0.424344
DS.d444.s0.i1 1.000000 0.573925
DS.d445.s0.i0 1.000000 0.892205
DS.d446.s0.i0 1.000000 0.761589
DS.d446.s0.i2 1.000000 0.791466
DS.d446.s1.i0 1.000000 0.706698
DS.d540.s1.i0 -1.000000 -0.463715
DS.d540.s0.i0 1.000000 0.909793
DS.d448.s0.i0 -1.000000 -0.594118
DS.d448.s0.i1 -1.000000 -0.614241
DS.d448.s1.i1 1.000000 0.975089
DS.d448.s1.i0 1.000000 0.969264
DS.d448.s1.i3 1.000000 1.125794
DS.d448.s1.i2 1.000000 1.102497
DS.d448.s2.i0 1.000000 0.672224
DS.d448.s2.i1 1.000000 0.577732
DS.d448.s3.i1 1.000000 0.515186
DS.d448.s3.i0 1.000000 0.966667
DS.d8.s0.i0 1.000000 0.800722
DS.d9.s0.i0 1.000000 1.092309
DS.d282.s1.i0 1.000000 0.441274
DS.d283.s0.i3 1.000000 0.656722
DS.d283.s0.i0 1.000000 0.664029
DS.d280.s0.i0 1.000000 1.001928
DS.d286.s0.i2 1.000000 0.362366
DS.d286.s0.i0 -1.000000 0.023797
DS.d286.s0.i1 1.000000 0.809290
DS.d287.s3.i0 1.000000 0.651074
DS.d287.s2.i1 1.000000 0.776708
DS.d287.s2.i0 1.000000 0.904286
DS.d287.s1.i0 -1.000000 -0.580413
DS.d287.s1.i1 -1.000000 -0.645373
DS.d287.s0.i1 1.000000 0.731365
DS.d287.s0.i0 1.000000 0.714676
DS.d284.s0.i0 -1.000000 -0.458938
DS.d285.s1.i0 1.000000 1.044244
DS.d285.s1.i1 1.000000 1.015816
DS.d285.s0.i1 1.000000 1.021381
DS.d285.s0.i0 1.000000 1.045769
DS.d285.s0.i2 1.000000 1.165439
DS.d285.s3.i4 -1.000000 -0.566178
DS.d285.s3.i0 -1.000000 -0.559413
DS.d285.s3.i1 -1.000000 -0.697509
DS.d285.s3.i2 -1.000000 -0.853175
DS.d285.s3.i3 -1.000000 -0.737775
DS.d285.s2.i1 1.000000 0.716989
DS.d285.s2.i0 1.000000 0.721153
DS.d361.s0.i0 -1.000000 -0.306218
DS.d361.s1.i1 -1.000000 -0.040139
DS.d361.s1.i0 1.000000 0.343742
DS.d361.s2.i0 1.000000 0.001726
DS.d361.s2.i1 -1.000000 0.264334
DS.d360.s1.i0 -1.000000 -0.286824
DS.d360.s0.i1 -1.000000 -0.436590
DS.d360.s0.i0 -1.000000 -0.415144
DS.d363.s0.i0 1.000000 0.422966
DS.d363.s0.i1 -1.000000 0.039110
DS.d362.s0.i1 1.000000 0.805359
DS.d362.s0.i0 1.000000 0.789234
DS.d365.s0.i0 -1.000000 0.205283
DS.d365.s0.i1 1.000000 -0.006083
DS.d365.s1.i1 -1.000000 -0.616084
DS.d365.s1.i0 -1.000000 -0.604371
DS.d365.s1.i2 -1.000000 -0.586148
DS.d364.s2.i0 -1.000000 0.406705
DS.d364.s1.i0 1.000000 0.902244
DS.d364.s0.i1 -1.000000 -0.594774
DS.d364.s0.i0 -1.000000 -0.540285
DS.d367.s0.i2 -1.000000 -0.348682
DS.d366.s0.i1 1.000000 0.503435
DS.d366.s0.i0 1.000000 0.518165
DS.d102.s0.i1 -1.000000 -0.642605
DS.d102.s0.i0 -1.000000 -0.741077
DS.d102.s0.i2 -1.000000 -0.768944
DS.d548.s0.i1 -1.000000 -0.493305
DS.d548.s0.i0 -1.000000 -0.625254
DS.d145.s0.i0 1.000000 0.401471
DS.d145.s1.i0 1.000000 1.006333
DS.d144.s0.i0 -1.000000 0.072824
DS.d147.s0.i0 -1.000000 -0.656091
DS.d147.s0.i1 -1.000000 -0.631956
DS.d147.s0.i2 -1.000000 -0.644598
DS.d147.s0.i3 -1.000000 -0.620674
DS.d146.s0.i1 1.000000 0.883226
DS.d146.s0.i0 1.000000 0.894616
DS.d141.s0.i0 1.000000 0.665156
DS.d141.s1.i1 1.000000 0.825302
DS.d141.s1.i0 1.000000 0.675637
DS.d141.s2.i0 1.000000 0.112129
DS.d140.s0.i2 1.000000 0.409882
DS.d140.s0.i1 -1.000000 0.075997
DS.d140.s0.i0 1.000000 0.397211
DS.d143.s0.i0 1.000000 0.540279
DS.d143.s0.i1 1.000000 0.291633
DS.d143.s0.i2 1.000000 0.484442
DS.d143.s0.i3 -1.000000 0.288161
DS.d149.s0.i0 -1.000000 -0.390642
DS.d148.s1.i4 1.000000 -0.134460
DS.d148.s1.i5 -1.000000 -0.628054
DS.d148.s1.i6 -1.000000 -0.546804
DS.d148.s1.i7 -1.000000 -0.648615
DS.d148.s1.i0 -1.000000 -0.528537
DS.d148.s1.i1 1.000000 -0.047463
DS.d148.s1.i2 -1.000000 -0.587103
DS.d148.s1.i3 -1.000000 -0.626251
DS.d148.s0.i17 1.000000 0.471815
DS.d148.s0.i16 -1.000000 -0.820052
DS.d148.s0.i15 -1.000000 -0.685260
DS.d148.s0.i14 -1.000000 -0.776106
DS.d148.s0.i13 1.000000 0.546759
DS.d148.s0.i12 -1.000000 -0.760386
DS.d148.s0.i11 1.000000 0.591287
DS.d148.s0.i10 -1.000000 -0.806248
DS.d148.s0.i19 1.000000 0.469357
DS.d148.s0.i18 -1.000000 -0.777341
DS.d148.s0.i9 1.000000 0.499534
DS.d148.s0.i8 -1.000000 -0.764299
DS.d148.s0.i7 -1.000000 -0.771666
DS.d148.s0.i6 -1.000000 -0.756985
DS.d148.s0.i5 -1.000000 -0.795527
DS.d148.s0.i4 -1.000000 -0.753687
DS.d148.s0.i3 -1.000000 -0.778792
DS.d148.s0.i2 1.000000 0.540999
DS.d148.s0.i1 -1.000000 -0.790479
DS.d148.s0.i0 -1.000000 -0.759385
DS.d148.s0.i26 -1.000000 -0.691150
DS.d148.s0.i24 1.000000 0.493717
DS.d148.s0.i25 -1.000000 -0.754572
DS.d148.s0.i22 1.000000 0.546493
DS.d148.s0.i23 -1.000000 -0.807914
DS.d148.s0.i20 1.000000 0.497827
DS.d148.s0.i21 -1.000000 -0.751400
DS.d824.s0.i0 1.000000 0.039620
DS.d824.s0.i1 1.000000 -0.026209
DS.d89.s0.i0 1.000000 0.975197
DS.d88.s0.i1 -1.000000 -0.744381
DS.d88.s0.i0 -1.000000 -0.604235
DS.d256.s0.i1 -1.000000 -0.268203
DS.d256.s0.i0 -1.000000 -0.389024
DS.d256.s0.i3 -1.000000 -0.429349
DS.d256.s0.i2 1.000000 -0.386127
DS.d82.s0.i0 1.000000 0.704052
DS.d81.s0.i0 1.000000 0.613491
DS.d81.s0.i1 1.000000 0.589261
DS.d80.s0.i0 -1.000000 0.209228
DS.d87.s0.i0 -1.000000 -0.149564
DS.d86.s1.i0 1.000000 0.109432
DS.d86.s1.i1 -1.000000 -0.026767
DS.d86.s1.i2 -1.000000 -0.008895
DS.d86.s0.i1 1.000000 0.712147
DS.d86.s0.i0 1.000000 0.756883
DS.d85.s0.i0 1.000000 0.648263
DS.d84.s0.i1 -1.000000 -0.670368
DS.d84.s0.i0 -1.000000 -0.619491
DS.d825.s1.i4 1.000000 -0.072660
DS.d825.s1.i5 1.000000 -0.072660
DS.d825.s1.i2 -1.000000 -0.441258
DS.d825.s1.i3 -1.000000 -0.562204
DS.d825.s1.i0 -1.000000 -0.441258
DS.d825.s1.i1 -1.000000 -0.175812
DS.d825.s0.i1 1.000000 0.679506
DS.d825.s0.i0 1.000000 0.940167
DS.d825.s0.i3 1.000000 0.870465
DS.d825.s0.i2 1.000000 0.892718
DS.d825.s0.i5 1.000000 0.647522
DS.d825.s0.i4 1.000000 0.854500
DS.d825.s0.i7 1.000000 0.910711
DS.d825.s0.i6 1.000000 0.868081
DS.d825.s2.i1 -1.000000 -0.616012
DS.d825.s2.i0 -1.000000 -0.616012
DS.d83.s0.i0 1.000000 0.445861
DS.d789.s0.i0 1.000000 0.795528
DS.d789.s0.i1 1.000000 0.795528
DS.d788.s0.i24 -1.000000 -0.976923
DS.d788.s0.i25 -1.000000 -1.064997
DS.d788.s0.i26 -1.000000 -1.070383
DS.d788.s0.i27 -1.000000 -0.851133
DS.d788.s0.i20 -1.000000 -0.986300
DS.d788.s0.i21 -1.000000 -0.970539
DS.d788.s0.i22 -1.000000 -0.907991
DS.d788.s0.i23 -1.000000 -0.974940
DS.d788.s0.i32 -1.000000 -0.869564
DS.d788.s0.i28 -1.000000 -0.964740
DS.d788.s0.i29 -1.000000 -0.968870
DS.d788.s0.i38 -1.000000 -1.000807
DS.d788.s0.i1 -1.000000 -0.977181
DS.d788.s0.i0 -1.000000 -0.965107
DS.d788.s0.i3 -1.000000 -1.041976
DS.d788.s0.i2 -1.000000 -1.000963
DS.d788.s0.i5 -1.000000 -0.879500
DS.d788.s0.i4 -1.000000 -0.919821
DS.d788.s0.i7 -1.000000 -0.944857
DS.d788.s0.i6 -1.000000 -1.015747
DS.d788.s0.i9 -1.000000 -1.076513
DS.d788.s0.i8 -1.000000 -1.044288
DS.d788.s0.i39 -1.000000 -0.919808
DS.d788.s0.i19 -1.000000 -0.970782
DS.d788.s0.i18 -1.000000 -0.998245
DS.d788.s0.i31 -1.000000 -0.957048
DS.d788.s0.i30 -1.000000 -0.956151
DS.d788.s0.i37 -1.000000 -1.029970
DS.d788.s0.i36 -1.000000 -0.936407
DS.d788.s0.i35 -1.000000 -0.889438
DS.d788.s0.i34 -1.000000 -1.030841
DS.d788.s0.i11 -1.000000 -1.065091
DS.d788.s0.i10 -1.000000 -0.960456
DS.d788.s0.i13 -1.000000 -0.959981
DS.d788.s0.i12 -1.000000 -1.050788
DS.d788.s0.i15 -1.000000 -0.976510
DS.d788.s0.i14 -1.000000 -1.020448
DS.d788.s0.i17 -1.000000 -1.032439
DS.d788.s0.i16 -1.000000 -0.971737
DS.d788.s0.i33 -1.000000 -1.034958
DS.d787.s0.i0 1.000000 0.817750
DS.d787.s0.i1 1.000000 0.747307
DS.d787.s1.i0 1.000000 1.047651
DS.d786.s1.i0 1.000000 0.533325
DS.d786.s0.i0 1.000000 0.444861
DS.d785.s0.i1 1.000000 0.483139
DS.d782.s0.i0 1.000000 0.838528
DS.d781.s0.i0 1.000000 0.950968
DS.d781.s1.i1 1.000000 0.915296
DS.d781.s1.i0 1.000000 0.777456
DS.d780.s0.i1 -1.000000 -0.683604
DS.d780.s0.i0 -1.000000 -0.712387
DS.d780.s0.i2 -1.000000 -0.571700
DS.d668.s0.i0 -1.000000 0.083007
DS.d669.s0.i0 -1.000000 -0.085486
DS.d542.s1.i0 1.000000 0.683620
DS.d542.s0.i1 -1.000000 0.126809
DS.d542.s0.i0 1.000000 0.354937
DS.d331.s0.i1 1.000000 0.263440
DS.d331.s0.i0 -1.000000 -0.209378
DS.d331.s0.i3 -1.000000 -0.101555
DS.d331.s0.i2 1.000000 0.157603
DS.d544.s0.i3 1.000000 0.159846
DS.d544.s0.i1 -1.000000 -0.082818
DS.d547.s0.i0 -1.000000 -0.903761
DS.d547.s0.i1 -1.000000 -0.770745
DS.d547.s1.i3 1.000000 1.178596
DS.d547.s1.i2 1.000000 0.616358
DS.d547.s1.i1 1.000000 0.616358
DS.d547.s1.i0 1.000000 0.760430
DS.d549.s0.i2 -1.000000 -0.822143
DS.d549.s0.i0 -1.000000 -0.872367
DS.d549.s0.i1 -1.000000 -0.823997
DS.d549.s1.i1 -1.000000 -0.391099
DS.d549.s1.i0 1.000000 -0.031204
DS.d549.s2.i0 1.000000 0.353252
DS.d549.s2.i1 1.000000 0.968498
DS.d549.s3.i2 -1.000000 -0.277629
DS.d549.s3.i1 1.000000 0.056679
DS.d549.s3.i0 -1.000000 -0.536305
DS.d661.s0.i0 1.000000 0.650790
DS.d662.s0.i0 1.000000 0.958881
DS.d662.s0.i1 1.000000 0.606754
DS.d662.s0.i2 1.000000 0.886005
DS.d662.s0.i3 1.000000 0.986560
DS.d663.s0.i1 -1.000000 -0.836612
DS.d663.s0.i0 -1.000000 -0.782833
DS.d664.s0.i2 -1.000000 -0.854258
DS.d664.s0.i3 -1.000000 -0.770652
DS.d664.s0.i0 -1.000000 -0.773577
DS.d664.s0.i1 -1.000000 -0.896662
DS.d665.s0.i0 1.000000 0.749403
DS.d666.s0.i0 1.000000 0.673471
DS.d666.s0.i1 1.000000 0.821573
DS.d666.s0.i2 1.000000 0.715657
DS.d531.s0.i3 1.000000 0.577591
DS.d531.s0.i2 -1.000000 0.186557
DS.d531.s0.i1 1.000000 0.523902
DS.d531.s0.i0 1.000000 0.415403
DS.d531.s0.i4 1.000000 0.495836
DS.d545.s0.i0 1.000000 0.324104
DS.d545.s1.i0 1.000000 0.972288
