DS.d170.s0.i0 1.000000 0.863341
DS.d170.s0.i1 1.000000 0.810621
DS.d95.s0.i3 -1.000000 -0.878550
DS.d95.s0.i2 -1.000000 -0.670533
DS.d95.s0.i1 -1.000000 -0.820923
DS.d95.s0.i0 -1.000000 -0.836551
DS.d172.s0.i0 1.000000 0.630988
DS.d172.s0.i1 1.000000 0.901598
DS.d714.s0.i0 -1.000000 -0.796048
DS.d714.s0.i1 -1.000000 -0.933186
DS.d714.s1.i0 -1.000000 -0.595697
DS.d714.s2.i0 -1.000000 -0.598168
DS.d715.s0.i0 -1.000000 -0.212228
DS.d802.s0.i0 1.000000 0.156315
DS.d717.s0.i0 -1.000000 -0.149472
DS.d804.s0.i0 1.000000 0.350550
DS.d711.s0.i0 -1.000000 -0.545138
DS.d712.s2.i0 1.000000 0.282646
DS.d712.s2.i1 1.000000 0.227004
DS.d712.s0.i0 1.000000 0.910342
DS.d712.s0.i1 1.000000 0.814317
DS.d712.s0.i2 1.000000 0.821891
DS.d712.s0.i3 1.000000 0.739838
DS.d712.s1.i0 1.000000 0.846503
DS.d713.s1.i0 1.000000 0.625782
DS.d713.s1.i1 1.000000 0.760592
DS.d713.s0.i1 1.000000 0.570048
DS.d713.s0.i0 1.000000 0.787750
DS.d808.s0.i0 -1.000000 0.486921
DS.d808.s1.i1 1.000000 0.448020
DS.d808.s1.i0 -1.000000 -0.095048
DS.d808.s2.i0 1.000000 0.927454
DS.d808.s2.i1 1.000000 0.861015
DS.d809.s1.i0 1.000000 0.003046
DS.d809.s1.i1 1.000000 0.052550
DS.d809.s0.i0 1.000000 0.923075
DS.d489.s0.i1 -1.000000 -0.784824
DS.d489.s0.i0 -1.000000 -0.754694
DS.d718.s0.i0 -1.000000 -1.072344
DS.d718.s0.i1 -1.000000 -0.716393
DS.d718.s1.i19 -1.000000 -1.049879
DS.d718.s1.i18 -1.000000 -0.923145
DS.d718.s1.i11 -1.000000 -0.984324
DS.d718.s1.i10 -1.000000 -0.964571
DS.d718.s1.i13 -1.000000 -1.013893
DS.d718.s1.i12 -1.000000 -0.917435
DS.d718.s1.i15 -1.000000 -1.038377
DS.d718.s1.i14 -1.000000 -0.973171
DS.d718.s1.i17 -1.000000 -1.034748
DS.d718.s1.i16 -1.000000 -1.057251
DS.d718.s1.i1 -1.000000 -0.983328
DS.d718.s1.i0 -1.000000 -0.933988
DS.d718.s1.i3 -1.000000 -1.091630
DS.d718.s1.i2 -1.000000 -0.967888
DS.d718.s1.i5 -1.000000 -1.088130
DS.d718.s1.i4 -1.000000 -1.056722
DS.d718.s1.i7 -1.000000 -0.966018
DS.d718.s1.i6 -1.000000 -0.954634
DS.d718.s1.i9 -1.000000 -0.867440
DS.d718.s1.i8 -1.000000 -1.034393
DS.d718.s2.i0 -1.000000 -0.620825
DS.d718.s2.i1 1.000000 -0.116719
DS.d718.s2.i2 -1.000000 -0.673129
DS.d718.s2.i3 -1.000000 -0.656718
DS.d719.s0.i1 -1.000000 0.184186
DS.d719.s0.i0 1.000000 0.128774
DS.d175.s1.i0 1.000000 0.867199
DS.d175.s0.i1 1.000000 0.779955
DS.d175.s0.i0 1.000000 0.864363
DS.d65.s0.i0 -1.000000 -0.417246
DS.d64.s0.i0 -1.000000 -0.606877
DS.d67.s0.i0 -1.000000 -0.698236
DS.d67.s0.i1 -1.000000 -0.699261
DS.d66.s0.i1 1.000000 0.677825
DS.d66.s0.i0 1.000000 0.753441
DS.d66.s0.i3 1.000000 0.457540
DS.d66.s0.i2 1.000000 0.957246
DS.d61.s0.i6 -1.000000 -0.848654
DS.d61.s0.i7 -1.000000 -0.825472
DS.d61.s0.i4 -1.000000 -0.882683
DS.d61.s0.i5 -1.000000 -0.856751
DS.d61.s0.i2 -1.000000 -0.847061
DS.d61.s0.i3 -1.000000 -0.923929
DS.d61.s0.i0 -1.000000 -0.970450
DS.d61.s0.i1 -1.000000 -1.047270
DS.d61.s0.i8 -1.000000 -0.997889
DS.d60.s0.i0 1.000000 1.101305
DS.d63.s0.i0 1.000000 0.941399
DS.d63.s0.i1 1.000000 0.944392
DS.d177.s0.i1 1.000000 0.012656
DS.d177.s0.i0 -1.000000 -0.606062
DS.d177.s0.i3 -1.000000 -0.528840
DS.d177.s0.i2 1.000000 0.135859
DS.d177.s0.i5 -1.000000 -0.836697
DS.d177.s0.i4 -1.000000 -0.785809
DS.d177.s0.i7 -1.000000 -0.503427
DS.d177.s0.i6 -1.000000 -0.420923
DS.d69.s0.i0 1.000000 0.879988
DS.d69.s0.i1 1.000000 0.717423
DS.d246.s0.i0 1.000000 0.886679
DS.d246.s1.i0 1.000000 0.704574
DS.d246.s2.i0 -1.000000 -0.170803
DS.d246.s2.i1 1.000000 0.383910
DS.d247.s0.i3 -1.000000 -0.793462
DS.d247.s0.i2 1.000000 0.565302
DS.d247.s0.i1 1.000000 0.578860
DS.d247.s0.i0 -1.000000 -0.743867
DS.d247.s0.i7 -1.000000 -0.767521
DS.d247.s0.i6 -1.000000 -0.891783
DS.d247.s0.i5 -1.000000 -0.723068
DS.d247.s0.i4 1.000000 0.561831
DS.d247.s0.i9 -1.000000 -0.852456
DS.d247.s0.i8 -1.000000 -0.845833
DS.d247.s0.i22 1.000000 0.569248
DS.d247.s0.i23 -1.000000 -0.729544
DS.d247.s0.i20 1.000000 0.556662
DS.d247.s0.i21 -1.000000 -0.827734
DS.d247.s0.i13 1.000000 0.607199
DS.d247.s0.i12 -1.000000 -0.728565
DS.d247.s0.i11 -1.000000 -0.755935
DS.d247.s0.i10 -1.000000 -0.878168
DS.d247.s0.i17 -1.000000 -0.882452
DS.d247.s0.i16 -1.000000 -0.742383
DS.d247.s0.i15 1.000000 0.536055
DS.d247.s0.i14 -1.000000 -0.881948
DS.d247.s0.i19 -1.000000 -0.855486
DS.d247.s0.i18 1.000000 0.487028
DS.d244.s0.i0 1.000000 0.912895
DS.d244.s0.i1 1.000000 0.703462
DS.d244.s1.i0 1.000000 1.046769
DS.d245.s0.i1 1.000000 0.919246
DS.d245.s0.i0 1.000000 0.955143
DS.d245.s0.i2 1.000000 0.855926
DS.d242.s0.i2 1.000000 0.896791
DS.d242.s0.i3 1.000000 0.930560
DS.d242.s0.i0 1.000000 0.978099
DS.d242.s0.i1 1.000000 0.963074
DS.d243.s0.i2 1.000000 0.948085
DS.d243.s0.i1 1.000000 0.948085
DS.d243.s0.i0 1.000000 0.948085
DS.d240.s0.i0 1.000000 0.933540
DS.d241.s1.i0 1.000000 0.745006
DS.d241.s0.i0 1.000000 0.837382
DS.d325.s0.i0 1.000000 0.998512
DS.d325.s0.i1 1.000000 0.599365
DS.d324.s0.i0 -1.000000 -0.364135
DS.d327.s0.i0 1.000000 1.109139
DS.d326.s0.i1 -1.000000 -0.123253
DS.d326.s0.i0 1.000000 0.201300
DS.d321.s0.i4 -1.000000 -0.884628
DS.d321.s0.i2 -1.000000 -0.840603
DS.d321.s0.i0 -1.000000 -0.991548
DS.d321.s0.i1 -1.000000 -0.949317
DS.d320.s0.i1 1.000000 0.713814
DS.d320.s0.i0 -1.000000 -0.243594
DS.d248.s0.i0 1.000000 0.729201
DS.d248.s0.i1 1.000000 0.888929
DS.d249.s0.i0 1.000000 0.780469
DS.d189.s0.i0 -1.000000 -0.323249
DS.d188.s0.i1 -1.000000 -0.856474
DS.d188.s0.i0 -1.000000 -0.815338
DS.d181.s0.i0 1.000000 0.330071
DS.d180.s2.i1 1.000000 0.906519
DS.d180.s2.i0 1.000000 0.854751
DS.d180.s1.i0 1.000000 1.199843
DS.d180.s0.i1 1.000000 0.850798
DS.d180.s0.i0 1.000000 0.848915
DS.d183.s0.i0 1.000000 0.887978
DS.d183.s0.i1 1.000000 0.940610
DS.d183.s0.i2 1.000000 0.888383
DS.d182.s1.i0 1.000000 0.637411
DS.d182.s0.i0 -1.000000 -0.867529
DS.d185.s0.i0 1.000000 0.893041
DS.d185.s0.i1 1.000000 0.851476
DS.d185.s1.i0 1.000000 0.924631
DS.d184.s2.i1 1.000000 0.909993
DS.d184.s2.i0 1.000000 0.878767
DS.d184.s1.i0 1.000000 0.766115
DS.d184.s0.i5 1.000000 0.849373
DS.d184.s0.i4 1.000000 0.800677
DS.d184.s0.i3 1.000000 0.821239
DS.d184.s0.i2 1.000000 0.932850
DS.d184.s0.i1 1.000000 0.920135
DS.d184.s0.i0 1.000000 0.962907
DS.d187.s0.i0 1.000000 0.691469
DS.d186.s0.i1 -1.000000 -0.805461
DS.d186.s0.i0 -1.000000 -0.816089
DS.d186.s0.i2 -1.000000 -0.727069
DS.d439.s0.i0 1.000000 0.382710
DS.d438.s0.i0 1.000000 0.544232
DS.d431.s0.i2 1.000000 0.508641
DS.d431.s0.i3 1.000000 0.681160
DS.d431.s0.i0 1.000000 0.733868
DS.d431.s0.i1 -1.000000 0.482044
DS.d431.s0.i4 1.000000 0.734739
DS.d431.s0.i5 1.000000 0.786540
DS.d430.s0.i3 1.000000 0.782948
DS.d430.s0.i2 1.000000 0.900632
DS.d430.s0.i1 1.000000 0.803322
DS.d430.s0.i0 1.000000 0.869307
DS.d433.s2.i0 1.000000 0.735343
DS.d433.s3.i0 1.000000 0.967050
DS.d433.s0.i0 1.000000 0.788295
DS.d433.s1.i2 1.000000 0.777411
DS.d433.s1.i1 1.000000 0.848137
DS.d433.s1.i0 1.000000 0.833112
DS.d432.s1.i0 1.000000 1.044228
DS.d432.s0.i1 -1.000000 -0.227109
DS.d432.s0.i0 -1.000000 0.274642
DS.d432.s0.i3 1.000000 -0.179630
DS.d432.s0.i2 1.000000 0.236145
DS.d435.s0.i1 1.000000 0.657111
DS.d434.s0.i0 1.000000 0.832001
DS.d437.s0.i0 -1.000000 -0.442262
DS.d437.s0.i1 -1.000000 -0.179532
DS.d437.s0.i2 1.000000 0.155483
DS.d436.s0.i0 1.000000 0.719159
DS.d800.s0.i0 1.000000 0.506409
DS.d801.s0.i0 1.000000 0.919228
DS.d716.s0.i0 1.000000 0.948862
DS.d716.s0.i1 -1.000000 -0.534627
DS.d716.s0.i2 1.000000 0.934865
DS.d716.s0.i3 1.000000 0.920671
DS.d505.s0.i0 -1.000000 -0.326531
DS.d504.s1.i0 1.000000 1.100497
DS.d504.s1.i1 1.000000 1.147895
DS.d504.s0.i0 1.000000 0.486197
DS.d507.s0.i0 1.000000 -0.275095
DS.d507.s0.i1 -1.000000 0.127580
DS.d506.s0.i1 1.000000 0.849011
DS.d506.s0.i0 1.000000 0.805377
DS.d501.s0.i0 1.000000 0.842128
DS.d501.s0.i1 1.000000 0.798324
DS.d428.s2.i0 -1.000000 0.044754
DS.d428.s2.i1 1.000000 0.123321
DS.d428.s0.i1 1.000000 0.719346
DS.d428.s0.i2 1.000000 0.789678
DS.d428.s1.i3 -1.000000 -0.129653
DS.d428.s1.i2 1.000000 0.359295
DS.d428.s1.i1 -1.000000 -0.014615
DS.d428.s1.i0 1.000000 0.232682
DS.d118.s2.i0 1.000000 0.856639
DS.d118.s0.i0 -1.000000 -0.674735
DS.d118.s1.i0 1.000000 0.639476
DS.d119.s0.i1 -1.000000 -0.979289
DS.d119.s0.i0 -1.000000 -0.983845
DS.d119.s0.i2 -1.000000 -0.827616
DS.d116.s0.i2 1.000000 0.941071
DS.d116.s0.i0 1.000000 0.768459
DS.d116.s0.i1 1.000000 0.887170
DS.d114.s0.i0 1.000000 0.534203
DS.d582.s0.i0 1.000000 0.368626
DS.d112.s0.i0 -1.000000 -0.598058
DS.d113.s0.i1 -1.000000 -0.663808
DS.d113.s0.i0 -1.000000 -0.663808
DS.d110.s0.i0 1.000000 0.942863
DS.d111.s0.i1 -1.000000 -0.560219
DS.d111.s0.i0 1.000000 0.474918
DS.d111.s0.i3 1.000000 0.481187
DS.d111.s0.i2 1.000000 0.803589
DS.d111.s0.i5 1.000000 0.824725
DS.d111.s0.i4 -1.000000 0.069237
DS.d806.s0.i0 -1.000000 -0.611116
DS.d806.s0.i1 -1.000000 -0.686003
DS.d806.s0.i2 -1.000000 -0.604019
DS.d44.s0.i9 -1.000000 -0.871973
DS.d44.s0.i8 -1.000000 -0.826658
DS.d44.s0.i5 -1.000000 -0.920074
DS.d44.s0.i4 -1.000000 -1.132547
DS.d44.s0.i7 -1.000000 -0.956516
DS.d44.s0.i6 -1.000000 -0.946194
DS.d44.s0.i1 -1.000000 -0.946257
DS.d44.s0.i0 -1.000000 -1.045264
DS.d44.s0.i3 -1.000000 -1.084613
DS.d44.s0.i2 -1.000000 -0.978351
DS.d44.s0.i15 -1.000000 -1.036252
DS.d44.s0.i14 -1.000000 -1.043543
DS.d44.s0.i17 -1.000000 -1.078754
DS.d44.s0.i16 -1.000000 -0.926429
DS.d44.s0.i11 -1.000000 -1.058222
DS.d44.s0.i10 -1.000000 -0.880143
DS.d44.s0.i13 -1.000000 -1.096137
DS.d44.s0.i12 -1.000000 -1.127960
DS.d611.s0.i0 1.000000 0.928752
DS.d610.s0.i0 1.000000 0.845071
DS.d613.s0.i0 1.000000 0.720204
DS.d612.s0.i1 1.000000 0.755207
DS.d612.s0.i0 1.000000 0.810757
DS.d615.s0.i0 1.000000 0.578825
DS.d617.s0.i0 1.000000 0.835525
DS.d617.s1.i9 -1.000000 -1.032002
DS.d617.s1.i8 -1.000000 -1.070431
DS.d617.s1.i3 -1.000000 -1.042456
DS.d617.s1.i2 -1.000000 -1.070977
DS.d617.s1.i1 -1.000000 -0.789459
DS.d617.s1.i0 -1.000000 -1.005405
DS.d617.s1.i7 -1.000000 -1.017079
DS.d617.s1.i6 -1.000000 -1.073029
DS.d617.s1.i5 -1.000000 -1.039105
DS.d617.s1.i4 -1.000000 -1.056581
DS.d619.s0.i0 1.000000 0.834915
DS.d618.s1.i0 -1.000000 -0.470717
DS.d618.s0.i1 1.000000 0.776174
DS.d618.s0.i0 1.000000 0.592451
DS.d752.s0.i0 1.000000 0.546009
DS.d753.s1.i0 1.000000 0.647179
DS.d753.s1.i1 1.000000 0.654611
DS.d753.s0.i0 1.000000 0.433361
DS.d753.s2.i1 -1.000000 -0.821501
DS.d753.s2.i0 -1.000000 -0.614113
DS.d754.s0.i2 1.000000 0.980573
DS.d754.s0.i0 1.000000 0.849429
DS.d754.s0.i1 1.000000 0.836782
DS.d756.s0.i0 1.000000 0.915924
DS.d756.s0.i1 1.000000 0.759841
DS.d757.s1.i0 1.000000 0.458238
DS.d757.s0.i0 1.000000 0.285134
DS.d29.s0.i10 -1.000000 -0.842266
DS.d29.s0.i11 -1.000000 -0.893416
DS.d29.s0.i2 -1.000000 -1.090346
DS.d29.s0.i3 -1.000000 -0.945624
DS.d29.s0.i0 -1.000000 -0.858664
DS.d29.s0.i1 -1.000000 -0.906008
DS.d29.s0.i6 -1.000000 -0.945712
DS.d29.s0.i7 -1.000000 -0.935639
DS.d29.s0.i4 -1.000000 -0.925024
DS.d29.s0.i5 -1.000000 -0.884815
DS.d29.s0.i8 -1.000000 -1.003422
DS.d29.s0.i9 -1.000000 -1.068998
DS.d28.s1.i0 1.000000 0.925419
DS.d28.s1.i1 1.000000 1.070222
DS.d28.s0.i2 1.000000 0.855692
DS.d28.s0.i1 1.000000 0.947717
DS.d28.s0.i0 1.000000 0.703379
DS.d21.s0.i0 1.000000 0.155323
DS.d20.s0.i0 -1.000000 -0.408364
DS.d23.s0.i10 -1.000000 -1.033067
DS.d23.s0.i11 -1.000000 -0.901728
DS.d23.s0.i4 -1.000000 -1.037649
DS.d23.s0.i5 -1.000000 -0.943984
DS.d23.s0.i6 -1.000000 -0.845917
DS.d23.s0.i7 -1.000000 -0.946058
DS.d23.s0.i0 -1.000000 -0.881456
DS.d23.s0.i1 -1.000000 -1.017853
DS.d23.s0.i2 -1.000000 -0.874778
DS.d23.s0.i3 -1.000000 -0.884659
DS.d23.s0.i12 -1.000000 -1.017889
DS.d23.s0.i8 -1.000000 -1.071921
DS.d23.s0.i9 -1.000000 -1.044794
DS.d23.s0.i13 -1.000000 -0.951814
DS.d22.s1.i0 -1.000000 0.359784
DS.d22.s0.i1 -1.000000 -0.777541
DS.d22.s0.i0 -1.000000 -0.773527
DS.d22.s0.i2 -1.000000 -0.812695
DS.d25.s0.i0 1.000000 0.866871
DS.d25.s1.i0 1.000000 1.096903
DS.d27.s2.i0 1.000000 0.655517
DS.d27.s0.i0 -1.000000 -0.970677
DS.d27.s0.i1 -1.000000 -0.960086
DS.d27.s0.i2 -1.000000 -1.002871
DS.d27.s1.i1 1.000000 0.906083
DS.d27.s1.i0 1.000000 0.884027
DS.d26.s0.i1 1.000000 0.759892
DS.d26.s0.i0 1.000000 0.898348
DS.d26.s0.i3 1.000000 0.745273
DS.d26.s0.i2 1.000000 0.952893
DS.d26.s0.i5 1.000000 0.814565
DS.d26.s0.i4 1.000000 0.793458
DS.d208.s0.i0 -1.000000 -0.605237
DS.d208.s0.i1 -1.000000 -0.579283
DS.d209.s1.i0 -1.000000 0.145652
DS.d209.s1.i1 1.000000 -0.175354
DS.d209.s0.i1 -1.000000 -0.895409
DS.d209.s0.i0 -1.000000 -0.731596
DS.d209.s0.i2 -1.000000 -0.972450
DS.d202.s0.i0 1.000000 0.296826
DS.d203.s0.i1 1.000000 0.880692
DS.d203.s0.i0 1.000000 0.782463
DS.d201.s0.i5 1.000000 0.846091
DS.d201.s0.i4 1.000000 0.875852
DS.d201.s0.i7 1.000000 0.886726
DS.d201.s0.i6 1.000000 0.959935
DS.d201.s0.i1 1.000000 0.993812
DS.d201.s0.i0 1.000000 0.893528
DS.d201.s0.i3 1.000000 0.947704
DS.d201.s0.i2 1.000000 0.823933
DS.d201.s0.i8 1.000000 1.092567
DS.d206.s0.i6 1.000000 0.940836
DS.d206.s0.i7 1.000000 0.896421
DS.d206.s0.i4 1.000000 0.918007
DS.d206.s0.i5 1.000000 0.931870
DS.d206.s0.i2 1.000000 0.941624
DS.d206.s0.i3 1.000000 0.926987
DS.d206.s0.i0 1.000000 0.929542
DS.d206.s0.i1 1.000000 0.914416
DS.d626.s2.i0 1.000000 1.203907
DS.d626.s3.i0 1.000000 1.011433
DS.d626.s0.i0 1.000000 1.291433
DS.d626.s1.i0 1.000000 0.874036
DS.d204.s0.i0 1.000000 1.181098
DS.d204.s0.i1 1.000000 0.571585
DS.d205.s0.i1 -1.000000 -0.957476
DS.d205.s0.i0 -1.000000 -0.930934
DS.d205.s0.i2 -1.000000 -0.956275
DS.d376.s0.i0 -1.000000 -0.349444
DS.d376.s0.i1 1.000000 0.552988
DS.d376.s1.i1 -1.000000 -0.813419
DS.d376.s1.i2 -1.000000 -0.914875
DS.d377.s1.i0 1.000000 0.800988
DS.d377.s1.i1 1.000000 0.830516
DS.d377.s0.i2 1.000000 0.866765
DS.d377.s0.i1 1.000000 0.921465
DS.d377.s0.i0 1.000000 0.803668
DS.d374.s0.i0 1.000000 0.878685
DS.d374.s1.i1 1.000000 1.121208
DS.d374.s1.i0 1.000000 1.144040
DS.d375.s5.i2 1.000000 0.523492
DS.d375.s5.i3 1.000000 0.628610
DS.d375.s5.i0 1.000000 0.576202
DS.d375.s5.i1 -1.000000 0.536036
DS.d375.s4.i1 1.000000 0.796142
DS.d375.s4.i0 1.000000 0.957124
DS.d375.s1.i0 1.000000 0.695530
DS.d375.s0.i1 1.000000 0.878679
DS.d375.s0.i0 1.000000 0.999672
DS.d375.s0.i2 1.000000 1.054809
DS.d375.s3.i0 1.000000 1.219168
DS.d375.s3.i1 1.000000 0.815130
DS.d375.s3.i2 1.000000 0.815130
DS.d375.s3.i3 1.000000 1.219168
DS.d375.s2.i0 1.000000 1.394472
DS.d479.s0.i0 1.000000 0.773870
DS.d373.s0.i0 1.000000 0.501407
DS.d370.s0.i0 1.000000 0.646018
DS.d474.s0.i0 -1.000000 -0.411269
DS.d477.s0.i0 1.000000 0.836525
DS.d476.s0.i1 1.000000 1.034815
DS.d476.s0.i0 1.000000 1.049186
DS.d471.s0.i4 1.000000 0.885495
DS.d471.s0.i5 1.000000 0.875278
DS.d471.s0.i2 1.000000 0.944693
DS.d471.s0.i3 1.000000 0.913860
DS.d471.s0.i0 1.000000 0.987280
DS.d471.s0.i1 1.000000 0.904858
DS.d378.s0.i0 -1.000000 -0.917284
DS.d378.s0.i1 -1.000000 -0.755497
DS.d378.s0.i2 -1.000000 -0.964960
DS.d378.s0.i3 -1.000000 -0.891009
DS.d378.s1.i0 -1.000000 -0.485920
DS.d379.s0.i1 -1.000000 -0.847098
DS.d379.s0.i0 -1.000000 -0.760765
DS.d279.s6.i2 -1.000000 -0.996671
DS.d279.s6.i0 -1.000000 -0.845492
DS.d279.s6.i1 -1.000000 -0.845492
DS.d279.s7.i1 -1.000000 -0.538507
DS.d279.s7.i0 1.000000 0.228016
DS.d279.s7.i2 -1.000000 -0.581656
DS.d279.s4.i0 1.000000 0.828776
DS.d279.s5.i0 1.000000 0.851085
DS.d279.s2.i0 1.000000 1.214796
DS.d279.s2.i1 -1.000000 0.839495
DS.d279.s3.i1 -1.000000 -0.600487
DS.d279.s3.i0 1.000000 0.508137
DS.d279.s0.i0 1.000000 1.253034
DS.d279.s1.i1 -1.000000 -0.255112
DS.d279.s1.i0 1.000000 0.448377
DS.d279.s8.i0 -1.000000 -0.856824
DS.d279.s8.i1 -1.000000 -0.841048
DS.d279.s9.i1 1.000000 0.483730
DS.d279.s9.i0 1.000000 1.375215
DS.d278.s0.i3 -1.000000 -0.864014
DS.d278.s0.i2 -1.000000 -0.831394
DS.d277.s0.i0 1.000000 0.903721
DS.d276.s0.i2 -1.000000 -0.606273
DS.d276.s0.i1 -1.000000 -0.618654
DS.d275.s0.i0 1.000000 0.031060
DS.d275.s0.i1 -1.000000 -0.005856
DS.d274.s0.i0 1.000000 0.514240
DS.d273.s0.i0 -1.000000 0.029811
DS.d273.s1.i1 1.000000 0.065538
DS.d273.s1.i0 -1.000000 -0.237824
DS.d272.s3.i0 1.000000 1.033779
DS.d272.s2.i0 1.000000 0.871437
DS.d272.s1.i0 1.000000 0.593713
DS.d272.s1.i1 1.000000 0.649552
DS.d272.s1.i2 1.000000 0.610813
DS.d272.s0.i2 1.000000 0.709183
DS.d272.s0.i1 1.000000 0.782004
DS.d272.s0.i0 1.000000 0.740857
DS.d272.s4.i0 -1.000000 -0.133206
DS.d271.s0.i0 -1.000000 -0.322165
DS.d328.s1.i0 1.000000 0.837172
DS.d328.s1.i1 1.000000 0.918812
DS.d328.s0.i0 -1.000000 -0.838838
DS.d270.s0.i0 1.000000 0.632856
DS.d153.s0.i1 1.000000 0.084521
DS.d153.s0.i0 -1.000000 -0.010908
DS.d150.s0.i0 -1.000000 -0.486935
DS.d150.s0.i1 -1.000000 -0.486935
DS.d151.s0.i0 -1.000000 0.469778
DS.d156.s0.i0 -1.000000 -0.647481
DS.d156.s0.i1 -1.000000 -0.665814
DS.d157.s0.i0 1.000000 1.038418
DS.d154.s0.i0 -1.000000 -0.245551
DS.d154.s0.i1 -1.000000 -0.350177
DS.d155.s0.i1 1.000000 0.824260
DS.d155.s0.i0 1.000000 0.822597
DS.d155.s0.i2 1.000000 0.900109
DS.d158.s0.i0 1.000000 0.795443
DS.d158.s0.i1 1.000000 0.788399
DS.d159.s0.i5 1.000000 -0.560043
DS.d159.s0.i4 -1.000000 -0.625119
DS.d159.s0.i1 -1.000000 -0.678338
DS.d159.s0.i0 -1.000000 -0.547558
DS.d159.s0.i3 -1.000000 -0.561154
DS.d159.s0.i2 -1.000000 -0.641800
DS.d576.s2.i0 1.000000 0.661780
DS.d576.s2.i1 1.000000 0.816274
DS.d576.s0.i0 -1.000000 -0.159401
DS.d576.s0.i1 1.000000 -0.254899
DS.d576.s0.i2 -1.000000 -0.176626
DS.d576.s1.i1 1.000000 0.826797
DS.d577.s0.i1 -1.000000 -0.894689
DS.d577.s0.i0 -1.000000 -0.896099
DS.d577.s0.i2 -1.000000 -0.904602
DS.d323.s0.i0 1.000000 0.547982
DS.d322.s1.i0 -1.000000 -0.685224
DS.d322.s1.i1 -1.000000 -0.641282
DS.d322.s0.i0 1.000000 0.934951
DS.d134.s0.i0 1.000000 0.648063
DS.d134.s0.i1 1.000000 0.341952
DS.d389.s0.i0 1.000000 0.926139
DS.d388.s0.i1 -1.000000 -0.652748
DS.d388.s0.i0 -1.000000 -0.600742
DS.d135.s1.i0 1.000000 -0.186599
DS.d135.s1.i1 -1.000000 -0.128450
DS.d135.s1.i2 -1.000000 -0.509054
DS.d135.s0.i1 -1.000000 -0.786831
DS.d135.s0.i0 -1.000000 -0.833152
DS.d383.s0.i2 1.000000 0.870913
DS.d383.s0.i1 1.000000 0.870913
DS.d382.s0.i0 1.000000 0.908216
DS.d381.s0.i4 -1.000000 -0.677805
DS.d381.s0.i5 -1.000000 -0.710689
DS.d381.s0.i0 -1.000000 -0.690610
DS.d381.s0.i2 1.000000 0.613077
DS.d381.s0.i3 1.000000 0.605833
DS.d381.s1.i0 1.000000 0.667181
DS.d380.s1.i8 -1.000000 -0.934735
DS.d380.s1.i3 -1.000000 -0.927853
DS.d380.s1.i1 -1.000000 -0.937756
DS.d380.s1.i6 -1.000000 -1.023565
DS.d380.s1.i4 -1.000000 -0.998686
DS.d380.s1.i5 -1.000000 -1.036681
DS.d380.s0.i4 -1.000000 -1.016416
DS.d380.s0.i6 -1.000000 -0.879137
DS.d380.s0.i9 -1.000000 -0.844571
DS.d380.s0.i0 -1.000000 -0.966238
DS.d380.s0.i3 -1.000000 -0.871602
DS.d380.s2.i2 1.000000 0.879055
DS.d380.s2.i0 1.000000 0.896598
DS.d380.s2.i5 1.000000 0.954153
DS.d387.s0.i0 1.000000 0.776063
DS.d387.s0.i1 1.000000 0.732307
DS.d386.s2.i1 1.000000 0.913077
DS.d386.s2.i0 1.000000 0.921090
DS.d386.s1.i0 1.000000 0.881701
DS.d386.s1.i1 1.000000 0.899068
DS.d386.s0.i0 1.000000 0.484354
DS.d385.s2.i0 -1.000000 -0.708916
DS.d385.s0.i0 1.000000 0.932440
DS.d385.s0.i1 1.000000 0.540489
DS.d385.s1.i0 1.000000 0.750470
DS.d384.s0.i1 -1.000000 0.015461
DS.d384.s0.i0 1.000000 0.526594
DS.d384.s0.i2 1.000000 0.526594
DS.d131.s0.i0 1.000000 0.542885
DS.d132.s0.i0 -1.000000 -0.409683
DS.d133.s1.i0 -1.000000 0.078202
DS.d133.s0.i0 1.000000 0.475880
DS.d133.s3.i0 1.000000 0.821928
DS.d133.s2.i0 1.000000 0.842852
DS.d628.s0.i0 -1.000000 -0.924009
DS.d628.s0.i1 -1.000000 -1.042697
DS.d579.s0.i3 -1.000000 -1.007807
DS.d579.s0.i2 -1.000000 -0.973390
DS.d579.s0.i1 -1.000000 -0.996946
DS.d579.s0.i0 -1.000000 -0.922523
DS.d127.s0.i0 -1.000000 0.315599
DS.d654.s1.i0 1.000000 0.987797
DS.d654.s0.i0 1.000000 0.820189
DS.d125.s0.i0 -1.000000 0.748083
DS.d125.s0.i1 1.000000 0.718118
DS.d124.s0.i5 1.000000 0.931256
DS.d124.s0.i4 1.000000 0.787674
DS.d124.s0.i1 1.000000 0.960071
DS.d124.s0.i0 1.000000 0.889996
DS.d124.s0.i3 1.000000 0.852663
DS.d124.s0.i2 1.000000 0.813038
DS.d123.s0.i0 -1.000000 -0.624799
DS.d122.s0.i0 1.000000 0.860566
DS.d121.s2.i0 1.000000 0.621096
DS.d121.s0.i0 1.000000 1.170785
DS.d121.s0.i1 1.000000 0.531445
DS.d121.s1.i3 -1.000000 -0.839877
DS.d121.s1.i2 -1.000000 -0.838329
DS.d121.s1.i1 -1.000000 -0.872340
DS.d121.s1.i0 -1.000000 -0.846525
DS.d120.s0.i1 -1.000000 -0.902120
DS.d120.s0.i0 -1.000000 -0.920954
DS.d120.s0.i3 -1.000000 -1.047954
DS.d120.s0.i2 -1.000000 -0.952123
DS.d120.s0.i5 -1.000000 -0.976705
DS.d120.s0.i4 -1.000000 -1.011116
DS.d796.s0.i4 -1.000000 -0.853057
DS.d796.s0.i5 -1.000000 -0.939332
DS.d796.s0.i0 -1.000000 -0.939332
DS.d796.s0.i1 -1.000000 -0.853057
DS.d796.s0.i2 -1.000000 -0.939332
DS.d796.s0.i3 -1.000000 -0.939332
DS.d796.s1.i2 1.000000 0.607322
DS.d796.s1.i1 1.000000 0.653386
DS.d796.s1.i0 1.000000 0.820520
DS.d797.s1.i1 1.000000 0.687521
DS.d797.s0.i0 1.000000 0.872917
DS.d659.s0.i0 1.000000 1.043538
DS.d658.s0.i0 1.000000 0.740085
DS.d129.s0.i0 1.000000 0.807907
DS.d128.s0.i0 1.000000 0.620555
DS.d497.s0.i0 1.000000 0.874309
DS.d497.s1.i1 1.000000 0.680981
DS.d497.s1.i0 1.000000 0.732167
DS.d496.s1.i0 1.000000 0.932041
DS.d496.s0.i1 -1.000000 -0.512796
DS.d496.s0.i0 -1.000000 -0.603376
DS.d495.s0.i0 1.000000 0.768536
DS.d494.s0.i1 1.000000 1.090377
DS.d494.s0.i0 1.000000 1.096692
DS.d493.s1.i0 1.000000 0.989604
DS.d492.s3.i0 1.000000 -0.020620
DS.d492.s2.i0 1.000000 0.720893
DS.d492.s1.i0 1.000000 0.768216
DS.d492.s1.i1 1.000000 0.870283
DS.d492.s1.i2 1.000000 0.886301
DS.d492.s0.i1 -1.000000 -0.031305
DS.d492.s0.i0 1.000000 0.187641
DS.d491.s0.i0 1.000000 0.625506
DS.d491.s0.i1 1.000000 0.783492
DS.d491.s1.i0 -1.000000 -0.596324
DS.d559.s0.i1 -1.000000 -0.975313
DS.d559.s0.i0 -1.000000 -1.049254
DS.d559.s0.i3 -1.000000 -1.064988
DS.d559.s0.i2 -1.000000 -1.080641
DS.d556.s0.i0 -1.000000 -0.299122
DS.d557.s0.i0 1.000000 0.986496
DS.d554.s0.i0 -1.000000 -0.801993
DS.d554.s0.i1 -1.000000 -0.915920
DS.d554.s0.i2 -1.000000 -0.807738
DS.d555.s1.i0 -1.000000 0.578546
DS.d555.s0.i0 1.000000 0.601259
DS.d552.s0.i2 1.000000 1.031892
DS.d552.s0.i3 1.000000 0.866075
DS.d552.s0.i0 1.000000 0.897012
DS.d552.s0.i1 1.000000 1.050163
DS.d553.s0.i1 1.000000 0.843440
DS.d553.s0.i0 1.000000 0.938873
DS.d550.s0.i0 -1.000000 -1.007291
DS.d550.s0.i1 -1.000000 -0.974019
DS.d550.s0.i2 -1.000000 -0.999600
DS.d550.s0.i3 -1.000000 -0.969912
DS.d550.s0.i4 -1.000000 -0.976491
DS.d550.s0.i5 -1.000000 -1.019252
DS.d550.s0.i6 -1.000000 -1.008942
DS.d550.s0.i7 -1.000000 -1.011928
DS.d550.s0.i8 -1.000000 -1.005828
DS.d498.s0.i1 1.000000 0.745685
DS.d498.s0.i0 1.000000 0.745685
DS.d629.s1.i0 -1.000000 -0.752492
DS.d629.s1.i1 -1.000000 -0.758642
DS.d629.s0.i1 1.000000 0.828230
DS.d629.s0.i0 1.000000 0.820554
DS.d486.s0.i16 -1.000000 -0.990393
DS.d486.s0.i17 -1.000000 -0.940993
DS.d486.s0.i14 -1.000000 -0.948344
DS.d486.s0.i15 -1.000000 -1.043695
DS.d486.s0.i12 -1.000000 -0.983770
DS.d486.s0.i13 -1.000000 -0.881895
DS.d486.s0.i10 -1.000000 -1.077778
DS.d486.s0.i11 -1.000000 -1.009612
DS.d486.s0.i18 -1.000000 -1.016610
DS.d486.s0.i19 -1.000000 -1.044995
DS.d486.s0.i4 -1.000000 -0.947932
DS.d486.s0.i5 -1.000000 -1.099932
DS.d486.s0.i6 -1.000000 -1.041591
DS.d486.s0.i7 -1.000000 -1.007810
DS.d486.s0.i0 -1.000000 -0.984052
DS.d486.s0.i1 -1.000000 -0.906218
DS.d486.s0.i2 -1.000000 -0.879041
DS.d486.s0.i3 -1.000000 -1.068633
DS.d486.s0.i8 -1.000000 -1.053856
DS.d486.s0.i9 -1.000000 -1.073340
DS.d486.s0.i29 -1.000000 -0.949202
DS.d486.s0.i28 -1.000000 -1.001701
DS.d486.s0.i27 -1.000000 -0.816599
DS.d486.s0.i26 -1.000000 -0.942199
DS.d486.s0.i25 -1.000000 -0.923620
DS.d486.s0.i24 -1.000000 -0.928169
DS.d486.s0.i23 -1.000000 -0.974368
DS.d486.s0.i22 -1.000000 -1.068711
DS.d486.s0.i21 -1.000000 -0.941669
DS.d486.s0.i20 -1.000000 -1.041729
DS.d486.s0.i30 -1.000000 -1.042225
DS.d486.s0.i31 -1.000000 -1.048274
DS.d486.s0.i32 -1.000000 -1.019339
DS.d486.s0.i33 -1.000000 -0.942364
DS.d486.s0.i34 -1.000000 -1.061296
DS.d486.s0.i35 -1.000000 -1.010704
DS.d486.s1.i1 1.000000 0.312824
DS.d486.s1.i0 1.000000 0.219643
DS.d487.s0.i1 1.000000 0.843168
DS.d487.s0.i0 1.000000 0.852013
DS.d487.s0.i2 1.000000 0.965478
DS.d481.s0.i1 1.000000 0.886886
DS.d481.s0.i0 1.000000 0.879901
DS.d699.s0.i0 1.000000 0.953911
DS.d699.s0.i1 1.000000 0.953911
DS.d699.s1.i1 -1.000000 -0.407728
DS.d699.s1.i0 1.000000 -0.147966
DS.d699.s1.i2 -1.000000 -0.370287
DS.d699.s2.i0 1.000000 -0.195324
DS.d723.s0.i0 1.000000 0.834557
DS.d722.s0.i1 1.000000 -0.192119
DS.d722.s0.i0 -1.000000 -0.108696
DS.d725.s0.i0 1.000000 0.764116
DS.d725.s1.i1 1.000000 1.054526
DS.d725.s1.i0 1.000000 1.054526
DS.d725.s1.i2 1.000000 0.986862
DS.d724.s0.i2 1.000000 0.001585
DS.d724.s0.i1 1.000000 0.641491
DS.d724.s0.i0 -1.000000 0.292270
DS.d727.s0.i0 1.000000 0.610915
DS.d698.s1.i0 1.000000 0.675831
DS.d698.s0.i0 1.000000 0.985960
DS.d729.s0.i0 1.000000 0.634621
DS.d728.s0.i0 1.000000 0.701562
DS.d169.s0.i0 1.000000 1.020807
DS.d169.s0.i1 1.000000 0.936445
DS.d169.s1.i5 1.000000 0.907996
DS.d169.s1.i4 1.000000 0.934460
DS.d169.s1.i3 1.000000 0.841496
DS.d169.s1.i2 1.000000 0.813602
DS.d169.s1.i1 1.000000 0.947880
DS.d169.s1.i0 1.000000 0.861345
DS.d50.s0.i0 1.000000 1.043236
DS.d51.s0.i2 -1.000000 -0.857032
DS.d51.s0.i1 -1.000000 -0.724024
DS.d51.s0.i0 -1.000000 -0.895005
DS.d52.s2.i0 1.000000 0.839049
DS.d52.s0.i0 1.000000 0.421615
DS.d52.s1.i0 1.000000 0.782324
DS.d53.s0.i0 1.000000 0.594000
DS.d54.s0.i0 1.000000 0.440300
DS.d55.s0.i0 1.000000 0.720747
DS.d56.s0.i0 1.000000 0.791623
DS.d57.s0.i0 1.000000 0.780179
DS.d59.s0.i39 -1.000000 -0.982770
DS.d59.s0.i28 -1.000000 -1.044093
DS.d59.s0.i29 -1.000000 -0.974800
DS.d59.s0.i40 -1.000000 -0.985826
DS.d59.s0.i38 -1.000000 -1.066417
DS.d59.s0.i22 -1.000000 -1.090407
DS.d59.s0.i23 -1.000000 -1.000528
DS.d59.s0.i20 -1.000000 -1.059132
DS.d59.s0.i21 -1.000000 -1.071979
DS.d59.s0.i26 -1.000000 -1.042964
DS.d59.s0.i27 -1.000000 -0.971792
DS.d59.s0.i24 -1.000000 -0.934675
DS.d59.s0.i25 -1.000000 -0.904413
DS.d59.s0.i43 -1.000000 -1.015722
DS.d59.s0.i44 -1.000000 -0.926516
DS.d59.s0.i42 -1.000000 -1.007884
DS.d59.s0.i17 -1.000000 -0.992156
DS.d59.s0.i16 -1.000000 -0.966354
DS.d59.s0.i15 -1.000000 -0.809009
DS.d59.s0.i14 -1.000000 -0.970404
DS.d59.s0.i13 -1.000000 -0.981578
DS.d59.s0.i12 -1.000000 -0.970421
DS.d59.s0.i11 -1.000000 -0.998097
DS.d59.s0.i10 -1.000000 -1.021944
DS.d59.s0.i31 -1.000000 -0.937430
DS.d59.s0.i30 -1.000000 -1.028473
DS.d59.s0.i33 -1.000000 -1.056518
DS.d59.s0.i32 -1.000000 -0.992639
DS.d59.s0.i35 -1.000000 -1.051320
DS.d59.s0.i34 -1.000000 -0.942569
DS.d59.s0.i19 -1.000000 -0.868543
DS.d59.s0.i18 -1.000000 -0.954890
DS.d59.s0.i37 -1.000000 -1.006852
DS.d59.s0.i36 -1.000000 -1.082234
DS.d59.s0.i41 -1.000000 -1.008126
DS.d59.s0.i3 -1.000000 -0.955794
DS.d59.s0.i2 -1.000000 -0.925987
DS.d59.s0.i1 -1.000000 -0.851622
DS.d59.s0.i0 -1.000000 -1.067634
DS.d59.s0.i7 -1.000000 -1.074334
DS.d59.s0.i6 -1.000000 -0.976859
DS.d59.s0.i5 -1.000000 -0.950341
DS.d59.s0.i4 -1.000000 -1.096969
DS.d59.s0.i9 -1.000000 -1.021985
DS.d59.s0.i8 -1.000000 -1.080674
DS.d233.s0.i0 1.000000 0.630257
DS.d232.s2.i0 -1.000000 -0.666593
DS.d232.s1.i0 1.000000 0.735448
DS.d232.s1.i1 1.000000 0.925983
DS.d232.s1.i2 1.000000 0.958617
DS.d232.s1.i3 1.000000 0.974358
DS.d232.s0.i3 -1.000000 -0.918293
DS.d232.s0.i2 -1.000000 -0.983233
DS.d232.s0.i1 -1.000000 -0.859003
DS.d232.s0.i0 -1.000000 -1.013836
DS.d232.s0.i5 -1.000000 -0.822048
DS.d232.s0.i4 -1.000000 -0.826945
DS.d338.s0.i0 1.000000 0.883496
DS.d338.s0.i1 1.000000 0.958038
DS.d230.s0.i1 1.000000 1.014848
DS.d230.s0.i0 1.000000 1.011140
DS.d230.s0.i3 1.000000 0.972427
DS.d230.s0.i2 1.000000 0.990243
DS.d237.s0.i8 1.000000 1.006734
DS.d237.s0.i9 1.000000 0.880245
DS.d237.s0.i6 1.000000 0.987720
DS.d237.s0.i7 1.000000 0.988964
DS.d237.s0.i4 1.000000 0.891999
DS.d237.s0.i5 1.000000 0.831504
DS.d237.s0.i2 1.000000 0.879480
DS.d237.s0.i3 1.000000 1.019938
DS.d237.s0.i0 1.000000 1.014640
DS.d237.s0.i1 1.000000 1.018528
DS.d237.s0.i10 1.000000 0.904533
DS.d237.s0.i11 1.000000 0.820897
DS.d237.s0.i12 1.000000 0.871864
DS.d237.s0.i13 1.000000 0.896160
DS.d236.s0.i2 -1.000000 -0.977809
DS.d236.s0.i1 -1.000000 -0.924212
DS.d236.s0.i0 -1.000000 -0.421920
DS.d235.s0.i0 1.000000 0.827405
DS.d235.s1.i1 -1.000000 -0.654803
DS.d235.s1.i0 -1.000000 -0.835579
DS.d234.s0.i0 1.000000 1.105365
DS.d332.s0.i0 1.000000 0.882314
DS.d333.s0.i0 1.000000 0.844768
DS.d239.s2.i2 1.000000 1.057875
DS.d239.s2.i0 1.000000 0.896622
DS.d239.s2.i1 1.000000 0.911297
DS.d239.s0.i0 1.000000 1.034058
DS.d239.s0.i1 1.000000 1.022819
DS.d239.s1.i0 1.000000 0.727735
DS.d238.s0.i0 -1.000000 -0.359793
DS.d336.s0.i0 1.000000 0.858979
DS.d337.s0.i0 1.000000 0.958953
DS.d334.s0.i0 1.000000 0.863583
DS.d334.s1.i0 -1.000000 -0.562332
DS.d335.s0.i0 1.000000 0.819629
DS.d691.s0.i0 1.000000 0.651551
DS.d690.s6.i0 -1.000000 -0.230433
DS.d690.s5.i0 1.000000 0.784813
DS.d690.s5.i1 1.000000 0.844148
DS.d690.s5.i2 1.000000 1.077321
DS.d690.s5.i3 1.000000 0.919089
DS.d690.s4.i0 -1.000000 -0.939030
DS.d690.s3.i0 1.000000 1.079543
DS.d690.s2.i0 1.000000 0.933287
DS.d690.s1.i0 1.000000 0.726182
DS.d690.s0.i0 1.000000 0.822552
DS.d518.s0.i0 1.000000 1.017037
DS.d519.s1.i0 1.000000 0.935598
DS.d519.s0.i1 -1.000000 -0.783360
DS.d519.s0.i0 -1.000000 -0.817860
DS.d519.s0.i3 -1.000000 -0.716694
DS.d519.s0.i2 -1.000000 -0.811974
DS.d519.s2.i1 -1.000000 0.034937
DS.d519.s2.i0 1.000000 0.167852
DS.d695.s0.i0 1.000000 0.907082
DS.d695.s0.i1 1.000000 0.864968
DS.d695.s1.i1 1.000000 0.373293
DS.d695.s1.i0 1.000000 0.674424
DS.d695.s1.i2 -1.000000 -0.394804
DS.d695.s2.i0 1.000000 0.802316
DS.d695.s2.i1 1.000000 0.631436
DS.d166.s0.i0 1.000000 0.222317
DS.d696.s1.i0 1.000000 0.222150
DS.d696.s1.i1 -1.000000 -0.015944
DS.d696.s0.i1 -1.000000 -0.098416
DS.d696.s0.i0 -1.000000 -0.363128
DS.d696.s0.i3 1.000000 -0.269106
DS.d696.s0.i2 -1.000000 -0.353923
DS.d696.s0.i5 -1.000000 -0.485216
DS.d696.s0.i4 1.000000 0.036208
DS.d696.s3.i0 1.000000 0.625760
DS.d696.s3.i1 1.000000 0.676688
DS.d696.s3.i2 -1.000000 0.441809
DS.d696.s2.i0 1.000000 1.085356
DS.d696.s5.i2 -1.000000 0.267674
DS.d696.s5.i0 1.000000 0.660615
DS.d696.s5.i1 1.000000 0.290820
DS.d696.s4.i0 1.000000 1.069052
DS.d426.s0.i0 1.000000 0.898910
DS.d427.s0.i1 1.000000 0.534437
DS.d424.s0.i0 1.000000 0.865346
DS.d425.s0.i1 -1.000000 -0.627385
DS.d425.s0.i0 -1.000000 -0.824829
DS.d422.s0.i2 1.000000 0.978661
DS.d422.s0.i0 1.000000 0.920760
DS.d422.s0.i1 1.000000 0.772181
DS.d422.s1.i1 1.000000 0.553879
DS.d422.s1.i0 1.000000 0.465049
DS.d422.s1.i2 -1.000000 0.091013
DS.d423.s1.i0 1.000000 1.112436
DS.d423.s1.i1 1.000000 1.153818
DS.d423.s0.i1 1.000000 0.991011
DS.d423.s0.i0 1.000000 0.975913
DS.d420.s0.i0 1.000000 0.614542
DS.d420.s1.i0 1.000000 0.801237
DS.d421.s1.i0 1.000000 0.759879
DS.d421.s0.i0 -1.000000 0.514751
DS.d585.s0.i2 -1.000000 -0.724074
DS.d585.s0.i0 -1.000000 -0.735704
DS.d585.s0.i1 -1.000000 -0.787427
DS.d584.s0.i0 1.000000 0.225982
DS.d587.s0.i0 1.000000 0.967537
DS.d586.s0.i0 1.000000 0.806475
DS.d581.s0.i2 1.000000 0.528965
DS.d581.s0.i0 1.000000 0.857742
DS.d581.s0.i1 1.000000 0.877253
DS.d581.s1.i1 1.000000 0.173389
DS.d581.s1.i0 -1.000000 -0.269427
DS.d581.s1.i2 -1.000000 -0.293857
DS.d581.s2.i0 1.000000 0.852689
DS.d581.s2.i1 1.000000 0.971152
DS.d580.s0.i1 -1.000000 0.019167
DS.d580.s0.i0 1.000000 0.017789
DS.d583.s0.i0 1.000000 0.885110
DS.d429.s0.i1 -1.000000 -0.641847
DS.d429.s0.i0 -1.000000 -0.417784
DS.d349.s0.i0 -1.000000 -0.465450
DS.d348.s0.i0 -1.000000 -0.351278
DS.d347.s0.i0 -1.000000 -0.486178
DS.d347.s1.i5 -1.000000 -0.907486
DS.d347.s1.i4 -1.000000 -0.954063
DS.d347.s1.i1 -1.000000 -0.908896
DS.d347.s1.i0 -1.000000 -0.913493
DS.d347.s1.i3 -1.000000 -0.939052
DS.d347.s1.i2 -1.000000 -0.853998
DS.d346.s1.i1 1.000000 0.745612
DS.d346.s0.i0 1.000000 0.778917
DS.d345.s2.i2 1.000000 1.105852
DS.d345.s2.i3 1.000000 1.080078
DS.d345.s2.i0 1.000000 1.043989
DS.d345.s2.i1 1.000000 1.023471
DS.d345.s3.i1 1.000000 0.928042
DS.d345.s3.i0 1.000000 0.737433
DS.d345.s3.i2 1.000000 0.863228
DS.d345.s0.i0 1.000000 0.987196
DS.d345.s1.i1 1.000000 0.934290
DS.d345.s1.i0 1.000000 0.928788
DS.d344.s0.i0 -1.000000 -0.445506
DS.d343.s0.i0 1.000000 0.930568
DS.d343.s0.i1 1.000000 0.930568
DS.d342.s0.i1 -1.000000 -0.695419
DS.d342.s0.i0 -1.000000 -0.695419
DS.d341.s2.i0 1.000000 0.551839
DS.d341.s2.i1 -1.000000 -0.406345
DS.d341.s0.i1 1.000000 0.770487
DS.d341.s1.i1 -1.000000 0.222656
DS.d341.s1.i0 -1.000000 0.001997
DS.d512.s0.i0 -1.000000 -0.869678
DS.d512.s0.i1 -1.000000 -0.795089
DS.d512.s1.i0 -1.000000 -0.707090
DS.d512.s2.i0 1.000000 0.845659
DS.d512.s2.i1 1.000000 0.855076
DS.d513.s0.i0 1.000000 0.787895
DS.d510.s2.i0 1.000000 0.837704
DS.d510.s0.i0 1.000000 0.926354
DS.d510.s0.i1 1.000000 0.964708
DS.d510.s1.i0 1.000000 0.830661
DS.d511.s0.i1 -1.000000 -0.734266
DS.d511.s0.i0 -1.000000 -0.622496
DS.d516.s0.i0 -1.000000 -0.829329
DS.d516.s0.i1 -1.000000 -0.859497
DS.d514.s0.i0 1.000000 0.860266
DS.d514.s1.i0 -1.000000 -0.356221
DS.d515.s1.i0 -1.000000 -0.437125
DS.d515.s1.i1 -1.000000 -0.521371
DS.d515.s0.i1 -1.000000 -0.682865
DS.d515.s0.i0 -1.000000 -0.765089
DS.d163.s0.i2 1.000000 0.800727
DS.d163.s0.i0 1.000000 0.722579
DS.d163.s0.i1 1.000000 0.827624
DS.d162.s1.i0 1.000000 0.568411
DS.d162.s0.i0 1.000000 0.355009
DS.d161.s0.i4 -1.000000 -0.869942
DS.d161.s0.i5 -1.000000 -0.996976
DS.d161.s0.i0 -1.000000 -0.900987
DS.d161.s0.i1 -1.000000 -0.923266
DS.d161.s0.i2 -1.000000 -0.941196
DS.d161.s0.i3 -1.000000 -0.933460
DS.d160.s0.i5 -1.000000 -0.853683
DS.d160.s0.i4 -1.000000 -0.901629
DS.d160.s0.i1 -1.000000 -1.076723
DS.d160.s0.i0 -1.000000 -0.729794
DS.d160.s0.i3 -1.000000 -1.029944
DS.d160.s0.i2 -1.000000 -0.900918
DS.d167.s0.i0 -1.000000 0.012411
DS.d694.s0.i2 -1.000000 -0.644912
DS.d694.s0.i1 -1.000000 -0.812271
DS.d694.s0.i0 -1.000000 -0.632747
DS.d697.s0.i0 1.000000 0.433952
DS.d697.s0.i1 1.000000 0.595793
DS.d697.s0.i2 1.000000 0.429228
DS.d697.s0.i3 -1.000000 0.332462
DS.d164.s0.i1 -1.000000 -0.962782
DS.d164.s0.i0 -1.000000 -0.502409
DS.d164.s0.i2 -1.000000 -0.767995
DS.d651.s0.i0 -1.000000 -0.746216
DS.d196.s0.i2 1.000000 1.068769
DS.d196.s0.i3 1.000000 1.017577
DS.d196.s0.i0 1.000000 0.813761
DS.d196.s0.i1 1.000000 1.097919
DS.d196.s1.i0 1.000000 0.949919
DS.d197.s0.i1 1.000000 0.881048
DS.d197.s0.i0 1.000000 1.087259
DS.d194.s0.i0 1.000000 1.043144
DS.d194.s0.i1 1.000000 0.970552
DS.d195.s0.i0 1.000000 0.777515
DS.d192.s0.i0 1.000000 0.669575
DS.d190.s0.i0 1.000000 0.959052
DS.d191.s0.i0 -1.000000 -0.757328
DS.d198.s0.i0 1.000000 0.652439
DS.d198.s0.i1 1.000000 0.720754
DS.d198.s1.i3 1.000000 0.842285
DS.d198.s1.i2 1.000000 0.732855
DS.d198.s1.i1 1.000000 0.761527
DS.d198.s1.i0 1.000000 0.686036
DS.d199.s0.i1 1.000000 0.782907
DS.d199.s0.i0 1.000000 0.782104
DS.d706.s0.i0 1.000000 0.782675
DS.d705.s0.i0 1.000000 0.604646
DS.d765.s0.i2 -1.000000 -0.964366
DS.d765.s0.i3 -1.000000 -0.656784
DS.d765.s0.i0 -1.000000 -0.996670
DS.d765.s0.i1 -1.000000 -0.624390
DS.d765.s1.i1 -1.000000 -0.864504
DS.d765.s1.i0 -1.000000 -0.808995
DS.d765.s1.i3 -1.000000 -0.864504
DS.d765.s1.i2 -1.000000 -0.808995
DS.d764.s0.i3 -1.000000 -0.891689
DS.d764.s0.i2 -1.000000 -0.791029
DS.d764.s0.i1 -1.000000 -0.849232
DS.d764.s0.i0 -1.000000 -0.917029
DS.d764.s0.i5 -1.000000 -0.706210
DS.d764.s0.i4 -1.000000 -0.823504
DS.d767.s0.i0 1.000000 0.698913
DS.d704.s0.i5 -1.000000 -0.293353
DS.d704.s0.i4 1.000000 0.476637
DS.d704.s0.i1 1.000000 0.621210
DS.d704.s0.i0 -1.000000 -0.274108
DS.d704.s0.i3 1.000000 0.493588
DS.d704.s0.i2 1.000000 0.637926
DS.d761.s0.i2 -1.000000 -0.781408
DS.d761.s0.i0 -1.000000 -0.784137
DS.d761.s0.i1 -1.000000 -0.891658
DS.d760.s1.i0 1.000000 0.804679
DS.d760.s0.i0 1.000000 0.664820
DS.d762.s1.i0 1.000000 0.830706
DS.d762.s0.i1 1.000000 0.708807
DS.d762.s0.i0 1.000000 0.789514
DS.d762.s3.i7 -1.000000 -0.276531
DS.d762.s3.i1 1.000000 0.399272
DS.d762.s3.i2 1.000000 0.338977
DS.d762.s3.i3 -1.000000 -0.256423
DS.d762.s2.i1 1.000000 0.825702
DS.d762.s2.i0 1.000000 0.849977
DS.d762.s4.i1 1.000000 0.880117
DS.d762.s4.i0 1.000000 0.940814
DS.d762.s4.i3 1.000000 0.956993
DS.d762.s4.i2 1.000000 0.868368
DS.d703.s0.i0 1.000000 1.160545
DS.d769.s0.i0 1.000000 0.865175
DS.d768.s0.i1 1.000000 0.819905
DS.d768.s0.i0 1.000000 0.725506
DS.d702.s0.i2 1.000000 0.973175
DS.d702.s0.i1 1.000000 0.960606
DS.d702.s0.i0 1.000000 0.868137
DS.d14.s0.i2 -1.000000 -0.942371
DS.d14.s0.i3 -1.000000 -0.910154
DS.d14.s0.i0 -1.000000 -0.844648
DS.d14.s0.i1 -1.000000 -0.806856
DS.d14.s1.i1 -1.000000 -0.923550
DS.d14.s1.i0 -1.000000 -0.873988
DS.d15.s0.i2 1.000000 0.809383
DS.d15.s0.i1 1.000000 0.785146
DS.d15.s0.i0 1.000000 1.130950
DS.d16.s0.i0 1.000000 0.993314
DS.d564.s0.i1 -1.000000 -0.954103
DS.d564.s0.i0 -1.000000 -0.787280
DS.d10.s0.i0 1.000000 0.449950
DS.d11.s0.i1 1.000000 0.918641
DS.d11.s0.i0 1.000000 0.658280
DS.d12.s0.i0 -1.000000 -0.509214
DS.d13.s4.i1 -1.000000 0.005628
DS.d13.s4.i0 1.000000 0.216659
DS.d13.s1.i0 1.000000 0.740464
DS.d13.s0.i1 1.000000 1.184686
DS.d13.s0.i0 1.000000 1.131751
DS.d13.s3.i0 1.000000 0.653399
DS.d13.s3.i1 1.000000 0.667079
DS.d13.s2.i2 1.000000 0.965096
DS.d13.s2.i1 1.000000 0.774681
DS.d13.s2.i0 1.000000 0.807716
DS.d606.s0.i0 -1.000000 -0.657411
DS.d607.s0.i2 -1.000000 0.183425
DS.d607.s0.i1 1.000000 0.392032
DS.d607.s0.i0 1.000000 0.434509
DS.d604.s0.i0 1.000000 1.048214
DS.d605.s1.i2 1.000000 0.590099
DS.d605.s1.i0 -1.000000 -0.189845
DS.d605.s1.i1 1.000000 0.395383
DS.d605.s0.i4 1.000000 0.956605
DS.d605.s0.i1 1.000000 0.909605
DS.d605.s0.i0 1.000000 0.968202
DS.d605.s0.i3 1.000000 0.942026
DS.d605.s0.i2 1.000000 1.013796
DS.d602.s0.i0 -1.000000 -0.664742
DS.d19.s0.i1 1.000000 1.026508
DS.d19.s0.i0 1.000000 0.966724
DS.d569.s0.i0 -1.000000 0.071897
DS.d569.s0.i1 1.000000 -0.063980
DS.d568.s1.i0 1.000000 0.213062
DS.d568.s0.i1 -1.000000 -0.919762
DS.d568.s0.i0 -1.000000 -0.967739
DS.d568.s0.i3 -1.000000 -0.839648
DS.d568.s0.i2 -1.000000 -0.877646
DS.d568.s0.i4 -1.000000 -0.930244
DS.d568.s2.i0 1.000000 -0.234713
DS.d2.s0.i0 1.000000 0.469101
DS.d3.s1.i0 -1.000000 -0.629840
DS.d3.s1.i1 -1.000000 -0.620615
DS.d3.s0.i2 1.000000 1.110790
DS.d3.s0.i1 1.000000 1.110790
DS.d3.s0.i0 1.000000 0.798374
DS.d0.s0.i0 1.000000 1.588252
DS.d0.s1.i1 -1.000000 -0.207993
DS.d0.s1.i0 -1.000000 -0.130943
DS.d1.s0.i0 1.000000 0.920551
DS.d6.s0.i0 1.000000 0.693245
DS.d7.s2.i1 -1.000000 -0.435481
DS.d7.s2.i0 -1.000000 -0.567710
DS.d7.s1.i0 -1.000000 -0.019357
DS.d7.s1.i1 1.000000 0.340380
DS.d7.s0.i2 1.000000 1.033944
DS.d7.s0.i1 1.000000 0.999563
DS.d4.s0.i0 -1.000000 0.099293
DS.d4.s0.i1 -1.000000 0.185947
DS.d737.s1.i0 -1.000000 -0.387445
DS.d737.s1.i1 1.000000 0.507796
DS.d737.s0.i2 -1.000000 -0.763545
DS.d737.s0.i1 -1.000000 -0.496529
DS.d737.s0.i0 -1.000000 -0.665383
DS.d303.s0.i0 1.000000 0.406883
DS.d303.s0.i1 -1.000000 -0.404574
DS.d302.s0.i0 -1.000000 -0.472013
DS.d301.s0.i0 1.000000 0.534981
DS.d300.s0.i0 1.000000 0.744745
DS.d307.s0.i0 1.000000 0.736760
DS.d307.s1.i0 1.000000 0.944694
DS.d306.s3.i0 -1.000000 -0.919969
DS.d306.s2.i0 -1.000000 0.019023
DS.d306.s1.i4 1.000000 0.875191
DS.d306.s1.i5 1.000000 0.940031
DS.d306.s1.i0 1.000000 0.877894
DS.d306.s1.i1 1.000000 0.913208
DS.d306.s1.i2 1.000000 0.992558
DS.d306.s1.i3 1.000000 0.944367
DS.d306.s0.i1 -1.000000 -0.355039
DS.d306.s0.i0 1.000000 0.312034
DS.d306.s4.i1 1.000000 0.714174
DS.d306.s4.i0 1.000000 0.581602
DS.d305.s0.i0 1.000000 1.034615
DS.d305.s0.i1 1.000000 0.701696
DS.d305.s0.i2 1.000000 1.110366
DS.d305.s0.i3 1.000000 0.670734
DS.d309.s2.i0 1.000000 0.928164
DS.d309.s2.i1 1.000000 0.764867
DS.d309.s0.i0 1.000000 1.002163
DS.d308.s5.i0 1.000000 0.968526
DS.d308.s5.i1 1.000000 0.968526
DS.d308.s4.i1 1.000000 1.044017
DS.d308.s4.i0 1.000000 1.044017
DS.d308.s1.i2 1.000000 0.761702
DS.d308.s1.i0 1.000000 0.772279
DS.d308.s1.i1 1.000000 0.830117
DS.d308.s0.i1 -1.000000 -0.466494
DS.d308.s0.i0 -1.000000 -0.373031
DS.d308.s3.i0 1.000000 0.912374
DS.d308.s3.i1 1.000000 1.028320
DS.d308.s2.i0 1.000000 0.677742
DS.d635.s0.i0 1.000000 1.045022
DS.d635.s0.i1 1.000000 0.707321
DS.d464.s0.i0 1.000000 0.924274
DS.d464.s0.i1 1.000000 0.918068
DS.d464.s1.i0 1.000000 0.340776
DS.d465.s0.i1 1.000000 0.878786
DS.d465.s0.i0 1.000000 0.898259
DS.d465.s0.i2 1.000000 0.928844
DS.d634.s0.i5 1.000000 0.930910
DS.d634.s0.i4 1.000000 1.020512
DS.d634.s0.i7 1.000000 0.916890
DS.d634.s0.i6 1.000000 0.941992
DS.d634.s0.i1 1.000000 0.995123
DS.d634.s0.i0 1.000000 0.964625
DS.d634.s0.i3 1.000000 1.035337
DS.d634.s0.i2 1.000000 0.894801
DS.d268.s0.i0 1.000000 0.724086
DS.d268.s0.i1 1.000000 0.763775
DS.d269.s2.i1 -1.000000 -0.788217
DS.d269.s2.i0 -1.000000 -0.585756
DS.d269.s2.i3 -1.000000 -0.840330
DS.d269.s2.i2 1.000000 0.132143
DS.d269.s2.i5 -1.000000 -0.483871
DS.d269.s2.i4 1.000000 0.151265
DS.d269.s2.i7 -1.000000 -0.750742
DS.d269.s2.i6 -1.000000 -0.786683
DS.d269.s1.i0 1.000000 0.519271
DS.d269.s1.i1 1.000000 0.349460
DS.d269.s1.i2 -1.000000 -0.273477
DS.d269.s0.i0 1.000000 0.956079
DS.d264.s0.i0 1.000000 0.434230
DS.d264.s0.i1 1.000000 0.793140
DS.d264.s1.i0 1.000000 0.713483
DS.d265.s1.i0 1.000000 0.954809
DS.d265.s1.i1 1.000000 0.850008
DS.d265.s1.i2 1.000000 0.897345
DS.d265.s1.i3 1.000000 1.014976
DS.d265.s0.i1 -1.000000 -0.711560
DS.d265.s0.i0 1.000000 0.919641
DS.d260.s0.i2 -1.000000 0.007898
DS.d260.s0.i0 1.000000 0.330963
DS.d260.s0.i1 1.000000 0.491911
DS.d260.s1.i1 1.000000 0.826022
DS.d260.s1.i0 1.000000 0.826022
DS.d261.s0.i0 1.000000 0.861187
DS.d263.s1.i0 1.000000 1.279202
DS.d263.s0.i10 1.000000 0.714977
DS.d263.s0.i13 1.000000 0.877651
DS.d263.s0.i9 1.000000 0.881330
DS.d263.s0.i0 1.000000 0.877097
DS.d263.s0.i3 1.000000 0.989710
DS.d263.s0.i2 1.000000 0.883437
DS.d263.s0.i7 1.000000 0.879096
DS.d369.s0.i0 1.000000 0.374832
DS.d369.s1.i0 1.000000 0.794406
DS.d631.s0.i0 1.000000 0.749510
DS.d631.s0.i1 1.000000 0.786005
DS.d368.s0.i0 1.000000 0.593887
DS.d630.s0.i1 -1.000000 -0.867461
DS.d630.s0.i0 -1.000000 -0.800214
DS.d736.s0.i0 1.000000 0.810933
DS.d823.s0.i0 -1.000000 -0.575313
DS.d174.s0.i2 -1.000000 -1.131299
DS.d174.s0.i3 -1.000000 -1.041875
DS.d174.s0.i0 -1.000000 -1.150823
DS.d174.s0.i1 -1.000000 -0.479518
DS.d734.s0.i0 1.000000 1.011052
DS.d734.s0.i1 1.000000 0.913723
DS.d734.s0.i2 1.000000 0.991282
DS.d734.s0.i3 1.000000 1.061832
DS.d735.s1.i0 -1.000000 -0.673400
DS.d735.s1.i1 -1.000000 -0.641255
DS.d735.s0.i0 1.000000 1.171820
DS.d735.s3.i0 -1.000000 -0.612384
DS.d735.s2.i1 -1.000000 -0.386277
DS.d735.s2.i0 1.000000 0.412343
DS.d639.s0.i0 -1.000000 -0.701151
DS.d418.s0.i1 1.000000 0.939182
DS.d417.s0.i0 1.000000 0.798727
DS.d416.s0.i0 1.000000 0.505255
DS.d415.s0.i0 -1.000000 -0.564473
DS.d414.s0.i1 1.000000 0.975253
DS.d414.s0.i0 1.000000 0.916778
DS.d412.s0.i0 1.000000 0.805475
DS.d411.s0.i0 1.000000 1.114470
DS.d410.s0.i0 1.000000 0.693210
DS.d398.s0.i0 1.000000 0.941644
DS.d399.s0.i0 1.000000 0.909427
DS.d289.s0.i1 -1.000000 -0.671356
DS.d289.s0.i0 1.000000 0.315919
DS.d289.s0.i2 -1.000000 -0.615167
DS.d390.s0.i2 -1.000000 -0.944772
DS.d390.s0.i3 -1.000000 -0.976616
DS.d390.s0.i0 -1.000000 -0.878835
DS.d390.s0.i1 -1.000000 -0.877725
DS.d390.s0.i4 -1.000000 -0.924130
DS.d390.s0.i5 -1.000000 -0.925729
DS.d393.s1.i2 -1.000000 -0.911245
DS.d393.s1.i3 -1.000000 -0.935571
DS.d393.s1.i0 -1.000000 -0.781986
DS.d393.s1.i1 -1.000000 -0.751681
DS.d393.s0.i1 -1.000000 -0.919774
DS.d393.s0.i0 -1.000000 -0.897448
DS.d393.s0.i3 -1.000000 -0.850527
DS.d393.s0.i2 -1.000000 -0.869248
DS.d394.s0.i0 1.000000 0.724831
DS.d394.s0.i1 1.000000 0.758875
DS.d395.s1.i0 1.000000 0.838700
DS.d395.s0.i1 1.000000 0.614732
DS.d395.s0.i0 1.000000 0.594571
DS.d396.s0.i0 1.000000 0.835447
DS.d397.s0.i1 -1.000000 -0.431440
DS.d397.s0.i0 -1.000000 -0.243863
DS.d397.s0.i2 1.000000 -0.255157
DS.d567.s0.i0 1.000000 0.623203
DS.d567.s0.i1 1.000000 1.075728
DS.d567.s1.i1 -1.000000 -0.400870
DS.d567.s1.i0 -1.000000 -0.064374
DS.d567.s1.i2 1.000000 -0.111990
DS.d566.s0.i1 1.000000 0.668635
DS.d566.s0.i0 1.000000 0.585875
DS.d565.s0.i0 1.000000 0.751677
DS.d642.s0.i0 -1.000000 0.000247
DS.d643.s0.i3 1.000000 0.544169
DS.d643.s0.i1 -1.000000 -0.483087
DS.d643.s0.i5 1.000000 0.401067
DS.d643.s0.i4 -1.000000 -0.563846
DS.d136.s0.i0 1.000000 0.716787
DS.d136.s0.i1 1.000000 0.825369
DS.d137.s1.i0 -1.000000 0.253768
DS.d137.s0.i0 -1.000000 -0.348736
DS.d130.s0.i8 1.000000 1.048683
DS.d130.s0.i9 1.000000 0.991965
DS.d130.s0.i6 1.000000 0.936072
DS.d130.s0.i7 1.000000 1.080341
DS.d130.s0.i4 1.000000 0.994126
DS.d130.s0.i5 1.000000 0.750288
DS.d130.s0.i2 1.000000 0.845976
DS.d130.s0.i3 1.000000 0.944128
DS.d130.s0.i0 1.000000 0.804852
DS.d130.s0.i1 1.000000 0.958780
DS.d647.s0.i0 -1.000000 -0.449830
DS.d644.s0.i0 -1.000000 -0.572508
DS.d645.s0.i0 1.000000 1.036202
DS.d563.s0.i6 -1.000000 -0.959019
DS.d563.s0.i7 -1.000000 -1.004343
DS.d563.s0.i4 -1.000000 -0.738070
DS.d563.s0.i5 -1.000000 -0.734268
DS.d563.s0.i2 -1.000000 -0.966595
DS.d563.s0.i3 -1.000000 -1.024420
DS.d563.s0.i0 -1.000000 -1.036809
DS.d563.s0.i1 -1.000000 -1.014787
DS.d648.s0.i0 1.000000 0.833056
DS.d648.s0.i1 1.000000 0.769011
DS.d648.s0.i2 1.000000 0.857074
DS.d649.s0.i5 -1.000000 -0.323471
DS.d649.s0.i4 -1.000000 -0.379460
DS.d649.s0.i7 1.000000 0.373779
DS.d649.s0.i6 1.000000 0.368538
DS.d649.s0.i1 1.000000 0.293575
DS.d649.s0.i0 -1.000000 -0.340084
DS.d649.s0.i3 1.000000 0.305791
DS.d649.s0.i2 -1.000000 -0.310200
DS.d138.s0.i0 1.000000 0.989275
DS.d138.s1.i0 1.000000 0.448716
DS.d138.s2.i0 1.000000 0.845392
DS.d138.s3.i0 1.000000 1.004190
DS.d139.s2.i1 1.000000 0.915284
DS.d139.s2.i0 1.000000 0.915284
DS.d139.s2.i2 1.000000 0.981898
DS.d139.s1.i0 1.000000 1.029789
DS.d139.s1.i1 1.000000 0.893921
DS.d139.s1.i2 1.000000 0.956286
DS.d139.s1.i3 1.000000 0.844851
DS.d139.s0.i1 1.000000 0.872968
DS.d139.s0.i0 1.000000 0.845261
DS.d562.s1.i0 1.000000 0.673767
DS.d562.s0.i0 -1.000000 -0.368274
DS.d484.s0.i0 1.000000 0.953058
DS.d484.s0.i1 1.000000 0.740019
DS.d484.s1.i1 -1.000000 -0.711845
DS.d484.s1.i0 -1.000000 -0.868927
DS.d655.s0.i0 1.000000 0.910572
DS.d655.s0.i1 1.000000 0.580030
DS.d655.s1.i1 1.000000 0.013637
DS.d655.s1.i0 -1.000000 -0.401212
DS.d655.s1.i2 -1.000000 -0.404953
DS.d529.s0.i0 -1.000000 -0.421663
DS.d528.s0.i1 1.000000 0.429830
DS.d528.s0.i0 1.000000 0.439688
DS.d480.s0.i0 -1.000000 -0.242939
DS.d561.s0.i0 -1.000000 -0.559364
DS.d482.s0.i0 -1.000000 -0.849173
DS.d482.s0.i1 -1.000000 -0.896908
DS.d483.s1.i0 1.000000 0.710790
DS.d483.s0.i0 -1.000000 -0.578818
DS.d523.s0.i0 -1.000000 -0.473752
DS.d523.s1.i1 1.000000 0.906793
DS.d523.s1.i0 1.000000 0.763110
DS.d522.s0.i1 -1.000000 -0.798411
DS.d522.s0.i0 -1.000000 -0.689971
DS.d521.s0.i0 1.000000 0.976325
DS.d521.s0.i1 1.000000 0.914482
DS.d520.s1.i2 -1.000000 -0.000994
DS.d520.s1.i0 1.000000 0.425485
DS.d520.s1.i1 1.000000 0.330653
DS.d488.s0.i10 1.000000 0.629511
DS.d488.s0.i11 -1.000000 -0.315780
DS.d488.s0.i12 -1.000000 -0.281970
DS.d488.s0.i6 1.000000 0.564658
DS.d488.s0.i7 1.000000 0.692883
DS.d488.s0.i4 1.000000 0.623379
DS.d488.s0.i5 1.000000 0.717377
DS.d488.s0.i2 1.000000 0.599916
DS.d488.s0.i3 1.000000 0.675104
DS.d488.s0.i0 1.000000 0.592473
DS.d488.s0.i1 1.000000 0.655191
DS.d488.s0.i14 -1.000000 -0.271294
DS.d488.s0.i13 -1.000000 -0.268281
DS.d488.s0.i8 -1.000000 -0.255167
DS.d488.s0.i9 1.000000 0.636519
DS.d526.s2.i1 -1.000000 -0.577237
DS.d526.s2.i0 -1.000000 -0.644424
DS.d526.s0.i3 -1.000000 0.009149
DS.d526.s0.i2 1.000000 0.811662
DS.d526.s0.i1 1.000000 0.229978
DS.d526.s0.i0 1.000000 0.855476
DS.d525.s0.i0 1.000000 -0.027712
DS.d525.s0.i1 1.000000 -0.053188
DS.d524.s0.i0 1.000000 0.277325
DS.d656.s0.i1 -1.000000 -0.555833
DS.d656.s0.i0 -1.000000 -0.698488
DS.d656.s0.i2 -1.000000 -1.072348
DS.d798.s0.i0 -1.000000 -0.446805
DS.d693.s0.i0 -1.000000 -0.949976
DS.d693.s0.i1 -1.000000 -0.988645
DS.d693.s0.i2 -1.000000 -1.006049
DS.d693.s0.i3 -1.000000 -0.920710
DS.d650.s3.i0 1.000000 0.832181
DS.d650.s3.i1 1.000000 0.890183
DS.d650.s2.i1 1.000000 0.954039
DS.d650.s2.i0 1.000000 0.891666
DS.d650.s1.i0 1.000000 0.903695
DS.d650.s1.i1 1.000000 0.962140
DS.d650.s0.i0 1.000000 0.961506
DS.d653.s0.i0 1.000000 0.819504
DS.d653.s0.i1 1.000000 0.816595
DS.d653.s0.i2 1.000000 0.856270
DS.d652.s1.i5 -1.000000 -0.463542
DS.d652.s1.i2 -1.000000 -0.643325
DS.d652.s1.i3 -1.000000 -0.379232
DS.d652.s1.i0 1.000000 -0.438590
DS.d652.s1.i1 -1.000000 -0.682536
DS.d652.s0.i1 -1.000000 -0.101579
DS.d652.s0.i0 1.000000 0.605511
DS.d652.s2.i1 -1.000000 -0.345729
DS.d603.s0.i1 1.000000 0.353783
DS.d603.s0.i0 -1.000000 0.061794
DS.d600.s0.i0 1.000000 0.518080
DS.d601.s0.i0 1.000000 0.702317
DS.d636.s0.i1 1.000000 0.196148
DS.d636.s0.i0 -1.000000 -0.379989
DS.d828.s0.i0 1.000000 0.516330
DS.d829.s0.i0 1.000000 0.768450
DS.d633.s0.i2 1.000000 0.829623
DS.d633.s0.i3 1.000000 0.812106
DS.d633.s0.i0 1.000000 0.874488
DS.d633.s0.i1 1.000000 0.672828
DS.d633.s1.i1 1.000000 1.031542
DS.d633.s1.i0 1.000000 0.988658
DS.d633.s1.i3 1.000000 0.970017
DS.d633.s1.i2 1.000000 0.974189
DS.d633.s2.i0 1.000000 1.048970
DS.d633.s2.i1 1.000000 0.934678
DS.d633.s3.i1 1.000000 1.025046
DS.d633.s3.i0 1.000000 1.084291
DS.d632.s1.i0 1.000000 0.957103
DS.d632.s1.i1 1.000000 0.939717
DS.d632.s0.i1 -1.000000 -0.546907
DS.d632.s0.i0 -1.000000 -0.616554
DS.d738.s0.i0 1.000000 0.815621
DS.d738.s0.i1 1.000000 0.850488
DS.d738.s1.i0 -1.000000 -0.540257
DS.d739.s1.i7 1.000000 0.791711
DS.d739.s1.i5 1.000000 0.919056
DS.d739.s1.i3 1.000000 0.873818
DS.d739.s1.i1 1.000000 0.865554
DS.d739.s0.i1 1.000000 0.609045
DS.d739.s0.i3 1.000000 0.586900
DS.d739.s0.i2 -1.000000 -0.438714
DS.d822.s0.i0 -1.000000 -0.246654
DS.d790.s0.i0 -1.000000 -0.754293
DS.d790.s0.i1 -1.000000 -0.734844
DS.d820.s2.i0 -1.000000 -0.593771
DS.d820.s2.i1 -1.000000 -1.067777
DS.d820.s3.i0 -1.000000 -0.479230
DS.d820.s0.i0 -1.000000 -0.759481
DS.d820.s0.i1 -1.000000 -0.700595
DS.d820.s0.i2 -1.000000 -0.391815
DS.d820.s1.i0 1.000000 0.378357
DS.d821.s0.i1 -1.000000 -0.085422
DS.d821.s0.i0 -1.000000 -0.117938
DS.d827.s0.i2 -1.000000 -0.872352
DS.d827.s0.i1 -1.000000 -0.655883
DS.d827.s0.i0 -1.000000 -0.837727
DS.d730.s0.i0 1.000000 0.625310
DS.d791.s0.i0 1.000000 0.828847
DS.d700.s0.i0 1.000000 0.029373
DS.d792.s0.i0 1.000000 0.238773
DS.d792.s0.i1 -1.000000 -0.152021
DS.d49.s2.i0 1.000000 0.926912
DS.d49.s2.i1 1.000000 0.934497
DS.d49.s0.i0 1.000000 0.848622
DS.d49.s0.i1 1.000000 0.842549
DS.d49.s0.i2 1.000000 0.796764
DS.d49.s0.i3 1.000000 0.780638
DS.d49.s1.i3 1.000000 0.477339
DS.d49.s1.i2 -1.000000 0.316276
DS.d49.s1.i1 1.000000 0.410793
DS.d49.s1.i0 1.000000 0.456520
DS.d48.s0.i1 -1.000000 -0.200446
DS.d48.s0.i0 -1.000000 -0.200446
DS.d48.s0.i3 1.000000 0.511592
DS.d48.s0.i2 1.000000 0.511592
DS.d48.s0.i5 1.000000 0.594195
DS.d48.s0.i4 1.000000 0.594195
DS.d47.s0.i0 1.000000 0.526638
DS.d47.s0.i1 1.000000 0.497724
DS.d46.s0.i3 -1.000000 -0.890620
DS.d46.s0.i2 -1.000000 -0.998944
DS.d46.s0.i1 -1.000000 -0.938421
DS.d46.s0.i0 -1.000000 -0.986227
DS.d46.s0.i7 -1.000000 -0.918811
DS.d46.s0.i6 -1.000000 -0.965515
DS.d46.s0.i5 -1.000000 -0.953430
DS.d46.s0.i4 -1.000000 -0.873695
DS.d45.s0.i0 -1.000000 -0.871099
DS.d45.s0.i1 -1.000000 -0.871099
DS.d793.s1.i0 1.000000 0.586088
DS.d793.s1.i1 1.000000 0.389096
DS.d793.s0.i1 1.000000 0.849007
DS.d793.s0.i0 1.000000 0.881434
DS.d43.s0.i0 1.000000 0.894261
DS.d42.s0.i0 1.000000 0.602410
DS.d41.s0.i0 -1.000000 -0.662522
DS.d41.s0.i1 -1.000000 -0.745051
DS.d40.s0.i0 1.000000 0.891402
DS.d220.s0.i0 -1.000000 -0.561174
DS.d220.s0.i1 -1.000000 -0.846841
DS.d220.s1.i1 1.000000 -0.044948
DS.d220.s1.i0 -1.000000 -0.351246
DS.d221.s0.i0 1.000000 0.841191
DS.d222.s0.i0 1.000000 0.267774
DS.d223.s1.i0 1.000000 0.850391
DS.d223.s1.i1 1.000000 0.905570
DS.d223.s0.i1 -1.000000 -0.532005
DS.d223.s0.i0 1.000000 0.481220
DS.d224.s0.i0 1.000000 0.893755
DS.d224.s1.i0 1.000000 0.755620
DS.d226.s0.i0 1.000000 0.846213
DS.d228.s0.i0 1.000000 0.667978
DS.d228.s1.i1 1.000000 0.840148
DS.d228.s1.i0 1.000000 0.716705
DS.d229.s0.i0 1.000000 0.917881
DS.d558.s0.i0 -1.000000 -0.564876
DS.d558.s1.i1 -1.000000 -0.288758
DS.d558.s1.i0 1.000000 -0.065658
DS.d638.s0.i1 1.000000 0.930274
DS.d638.s0.i0 1.000000 0.837372
DS.d638.s0.i3 1.000000 0.804688
DS.d638.s0.i2 1.000000 0.830208
DS.d453.s0.i0 -1.000000 -0.767664
DS.d452.s0.i3 1.000000 0.667339
DS.d452.s0.i2 -1.000000 -0.372533
DS.d452.s0.i1 -1.000000 -0.177292
DS.d452.s0.i0 1.000000 0.396676
DS.d452.s0.i5 1.000000 0.428018
DS.d452.s0.i4 -1.000000 -0.396128
DS.d598.s0.i0 1.000000 1.036054
DS.d598.s0.i1 1.000000 1.036054
DS.d599.s1.i0 -1.000000 -0.617791
DS.d457.s0.i0 1.000000 0.729309
DS.d457.s1.i1 1.000000 0.167181
DS.d457.s1.i0 -1.000000 -0.228786
DS.d457.s1.i3 -1.000000 -0.272046
DS.d457.s1.i2 1.000000 0.183405
DS.d503.s0.i0 1.000000 1.033338
DS.d455.s0.i0 1.000000 0.540977
DS.d455.s0.i1 1.000000 0.525116
DS.d593.s0.i0 1.000000 0.746106
DS.d459.s0.i0 -1.000000 -0.832101
DS.d459.s0.i1 -1.000000 -1.034278
DS.d459.s0.i2 -1.000000 -0.852768
DS.d459.s0.i3 -1.000000 -0.873668
DS.d458.s4.i0 1.000000 0.196485
DS.d458.s1.i0 1.000000 0.824216
DS.d458.s0.i0 1.000000 0.945824
DS.d458.s3.i0 1.000000 0.913602
DS.d458.s2.i0 -1.000000 -0.176429
DS.d596.s0.i0 1.000000 0.683162
DS.d596.s0.i1 1.000000 0.896151
DS.d597.s0.i5 -1.000000 -0.894092
DS.d597.s0.i4 -1.000000 -0.921541
DS.d597.s0.i3 -1.000000 -0.936560
DS.d597.s0.i2 -1.000000 -0.995766
DS.d597.s0.i1 -1.000000 -0.901814
DS.d597.s0.i0 -1.000000 -0.939000
DS.d594.s0.i0 1.000000 0.860509
DS.d594.s0.i1 1.000000 0.888980
DS.d594.s0.i2 1.000000 0.929458
DS.d595.s0.i1 -1.000000 -0.572981
DS.d595.s0.i0 -1.000000 -0.770433
DS.d595.s0.i2 -1.000000 -0.584211
DS.d295.s0.i0 1.000000 0.985544
DS.d295.s1.i0 -1.000000 -0.584015
DS.d294.s0.i2 1.000000 1.029278
DS.d294.s0.i1 1.000000 0.951346
DS.d294.s0.i0 1.000000 0.937157
DS.d297.s0.i0 1.000000 0.997116
DS.d296.s0.i0 1.000000 0.913760
DS.d291.s0.i0 -1.000000 -0.540991
DS.d290.s0.i1 -1.000000 -0.910573
DS.d290.s0.i0 -1.000000 -1.047215
DS.d293.s0.i0 1.000000 0.667947
DS.d293.s0.i1 1.000000 1.005099
DS.d292.s0.i0 -1.000000 -1.260981
DS.d292.s0.i3 -1.000000 -0.680109
DS.d354.s0.i0 -1.000000 -0.505334
DS.d356.s0.i0 -1.000000 -0.434117
DS.d357.s0.i1 1.000000 1.149288
DS.d299.s0.i0 -1.000000 -0.655338
DS.d299.s0.i1 -1.000000 -0.672628
DS.d351.s0.i3 -1.000000 -1.038440
DS.d351.s0.i2 -1.000000 -1.231142
DS.d351.s0.i1 -1.000000 -0.918175
DS.d351.s0.i0 -1.000000 -1.072044
DS.d352.s0.i0 1.000000 1.045444
DS.d352.s0.i1 1.000000 1.103437
DS.d353.s0.i1 1.000000 0.843153
DS.d353.s0.i0 1.000000 0.875443
DS.d115.s0.i1 1.000000 0.257342
DS.d115.s0.i0 -1.000000 -0.392909
DS.d509.s0.i2 -1.000000 -0.803122
DS.d509.s0.i0 -1.000000 -0.797778
DS.d509.s0.i1 -1.000000 -0.737914
DS.d508.s0.i0 1.000000 0.666502
DS.d560.s0.i1 1.000000 0.952775
DS.d560.s0.i0 1.000000 0.967195
DS.d560.s0.i3 1.000000 0.935046
DS.d560.s0.i2 1.000000 0.925357
DS.d686.s0.i0 1.000000 0.731759
DS.d686.s0.i1 1.000000 0.689379
DS.d687.s1.i0 -1.000000 -0.528294
DS.d687.s0.i0 1.000000 0.429641
DS.d684.s0.i0 -1.000000 -0.367620
DS.d684.s0.i1 1.000000 0.376104
DS.d684.s0.i2 -1.000000 -0.366285
DS.d684.s0.i3 1.000000 0.510226
DS.d685.s1.i1 1.000000 1.019081
DS.d685.s0.i1 1.000000 0.845711
DS.d685.s0.i0 1.000000 0.900192
DS.d685.s0.i2 1.000000 0.893562
DS.d682.s0.i2 1.000000 0.676437
DS.d682.s0.i0 1.000000 0.745370
DS.d682.s0.i1 1.000000 0.735919
DS.d683.s0.i5 -1.000000 -0.916960
DS.d683.s0.i4 -1.000000 -0.966810
DS.d683.s0.i3 -1.000000 -0.947426
DS.d683.s0.i2 -1.000000 -0.956699
DS.d683.s0.i1 -1.000000 -0.960411
DS.d683.s0.i0 -1.000000 -0.939611
DS.d680.s0.i0 1.000000 0.916555
DS.d680.s0.i1 1.000000 0.896295
DS.d680.s0.i2 1.000000 0.993723
DS.d680.s1.i0 1.000000 0.748733
DS.d681.s1.i6 1.000000 0.297887
DS.d681.s1.i7 -1.000000 -0.624525
DS.d681.s1.i4 1.000000 0.426497
DS.d681.s1.i5 -1.000000 -0.681719
DS.d681.s1.i2 -1.000000 -0.663998
DS.d681.s1.i3 -1.000000 -0.694537
DS.d681.s1.i0 -1.000000 -0.668787
DS.d681.s1.i1 -1.000000 -0.650700
DS.d681.s1.i8 1.000000 0.397885
DS.d681.s0.i1 1.000000 0.664449
DS.d681.s0.i0 1.000000 0.918161
DS.d688.s0.i0 1.000000 1.022781
DS.d688.s1.i0 -1.000000 0.609122
DS.d689.s0.i1 -1.000000 -0.768364
DS.d689.s0.i0 -1.000000 -0.719103
DS.d178.s0.i0 1.000000 0.681095
DS.d178.s1.i1 -1.000000 -0.698907
DS.d178.s1.i0 -1.000000 -0.814080
DS.d179.s2.i0 1.000000 0.886971
DS.d179.s1.i0 1.000000 0.020455
DS.d179.s1.i1 -1.000000 -0.236163
DS.d179.s0.i28 -1.000000 -1.041365
DS.d179.s0.i29 -1.000000 -1.015990
DS.d179.s0.i22 -1.000000 -0.972751
DS.d179.s0.i23 -1.000000 -1.011787
DS.d179.s0.i20 -1.000000 -0.974341
DS.d179.s0.i21 -1.000000 -0.945493
DS.d179.s0.i26 -1.000000 -0.906896
DS.d179.s0.i27 -1.000000 -0.953682
DS.d179.s0.i24 -1.000000 -0.837707
DS.d179.s0.i25 -1.000000 -0.844337
DS.d179.s0.i3 -1.000000 -1.099790
DS.d179.s0.i2 -1.000000 -0.991723
DS.d179.s0.i1 -1.000000 -0.927512
DS.d179.s0.i0 -1.000000 -1.006913
DS.d179.s0.i7 -1.000000 -1.000742
DS.d179.s0.i6 -1.000000 -0.968192
DS.d179.s0.i5 -1.000000 -1.015903
DS.d179.s0.i4 -1.000000 -1.080122
DS.d179.s0.i9 -1.000000 -0.993741
DS.d179.s0.i8 -1.000000 -1.020313
DS.d179.s0.i13 -1.000000 -0.938692
DS.d179.s0.i12 -1.000000 -1.014438
DS.d179.s0.i11 -1.000000 -1.052371
DS.d179.s0.i10 -1.000000 -0.971913
DS.d179.s0.i17 -1.000000 -0.892266
DS.d179.s0.i16 -1.000000 -1.057861
DS.d179.s0.i15 -1.000000 -0.922464
DS.d179.s0.i14 -1.000000 -0.946596
DS.d179.s0.i19 -1.000000 -1.057860
DS.d179.s0.i18 -1.000000 -0.923276
DS.d98.s0.i4 1.000000 0.919842
DS.d98.s0.i5 1.000000 0.871648
DS.d98.s0.i2 1.000000 0.970029
DS.d98.s0.i3 1.000000 0.883149
DS.d98.s0.i0 1.000000 0.933078
DS.d98.s0.i1 1.000000 0.942189
DS.d98.s1.i1 -1.000000 -0.855485
DS.d98.s1.i0 -1.000000 -0.907718
DS.d98.s1.i2 -1.000000 -0.917318
DS.d99.s0.i0 1.000000 0.824250
DS.d94.s0.i0 -1.000000 -0.699154
DS.d94.s1.i1 1.000000 0.878642
DS.d94.s1.i0 1.000000 0.838921
DS.d94.s1.i2 1.000000 0.938304
DS.d94.s2.i0 -1.000000 -0.785750
DS.d171.s1.i0 1.000000 0.975722
DS.d171.s0.i0 1.000000 0.481282
DS.d96.s0.i0 -1.000000 -0.330131
DS.d96.s0.i1 1.000000 0.299593
DS.d96.s0.i2 -1.000000 -0.374853
DS.d96.s0.i3 1.000000 0.266492
DS.d96.s1.i1 1.000000 0.722789
DS.d96.s1.i0 1.000000 1.050129
DS.d97.s0.i0 1.000000 0.740265
DS.d90.s0.i0 -1.000000 -0.915475
DS.d90.s0.i1 -1.000000 -0.892820
DS.d90.s1.i5 1.000000 0.914376
DS.d90.s1.i4 1.000000 0.883433
DS.d90.s1.i1 1.000000 1.184391
DS.d90.s1.i0 1.000000 1.104563
DS.d90.s1.i3 1.000000 0.833792
DS.d90.s1.i2 1.000000 0.972183
DS.d91.s0.i5 1.000000 -0.203007
DS.d91.s0.i4 -1.000000 -0.555461
DS.d91.s0.i3 -1.000000 -0.659666
DS.d91.s0.i2 -1.000000 -0.698632
DS.d91.s0.i1 -1.000000 -0.692987
DS.d91.s0.i0 -1.000000 -0.649510
DS.d176.s0.i0 -1.000000 -1.046068
DS.d176.s0.i1 -1.000000 -0.967619
DS.d176.s0.i2 -1.000000 -1.038357
DS.d93.s0.i0 1.000000 0.690106
DS.d772.s0.i0 -1.000000 -0.480541
DS.d772.s0.i1 -1.000000 -0.591377
DS.d773.s0.i1 -1.000000 -0.928387
DS.d773.s0.i0 -1.000000 -0.868611
DS.d771.s0.i0 1.000000 0.909508
DS.d776.s0.i0 1.000000 0.759919
DS.d776.s0.i1 1.000000 0.759919
DS.d777.s0.i0 -1.000000 -0.534603
DS.d774.s0.i0 -1.000000 -0.444817
DS.d774.s0.i1 1.000000 0.471065
DS.d774.s1.i1 1.000000 0.610384
DS.d774.s1.i0 -1.000000 -0.377823
DS.d775.s0.i0 1.000000 0.905456
DS.d779.s0.i0 -1.000000 -0.659650
DS.d574.s0.i2 -1.000000 -0.747765
DS.d574.s0.i3 -1.000000 -0.685638
DS.d574.s0.i0 -1.000000 -0.870876
DS.d574.s0.i1 -1.000000 -0.931701
DS.d575.s2.i0 -1.000000 -0.469334
DS.d575.s1.i0 1.000000 0.882977
DS.d575.s1.i1 1.000000 0.717279
DS.d575.s0.i0 1.000000 1.008758
DS.d679.s0.i0 -1.000000 -0.655020
DS.d678.s0.i1 -1.000000 -0.934405
DS.d678.s0.i0 -1.000000 -0.850874
DS.d678.s0.i3 -1.000000 -0.932809
DS.d678.s0.i2 -1.000000 -0.868728
DS.d570.s0.i0 1.000000 0.956570
DS.d570.s1.i0 1.000000 0.548915
DS.d570.s2.i0 1.000000 1.020164
DS.d570.s3.i0 1.000000 0.781970
DS.d571.s0.i0 -1.000000 -0.668142
DS.d572.s0.i0 -1.000000 -0.659171
DS.d572.s0.i1 -1.000000 -0.669501
DS.d573.s0.i1 1.000000 0.830829
DS.d573.s0.i0 1.000000 1.019282
DS.d573.s0.i3 1.000000 0.864929
DS.d573.s0.i2 1.000000 1.000655
DS.d673.s0.i0 1.000000 1.296108
DS.d672.s0.i8 1.000000 0.275915
DS.d672.s0.i2 1.000000 0.282551
DS.d672.s0.i1 -1.000000 -0.436107
DS.d672.s0.i0 1.000000 0.141971
DS.d672.s0.i6 -1.000000 0.062766
DS.d672.s0.i5 -1.000000 -0.374465
DS.d672.s0.i4 1.000000 0.056331
DS.d672.s0.i10 -1.000000 -0.304826
DS.d672.s0.i11 -1.000000 -0.353468
DS.d578.s0.i2 -1.000000 -0.771491
DS.d578.s0.i0 -1.000000 -0.671178
DS.d578.s0.i1 -1.000000 -0.756168
DS.d676.s0.i0 1.000000 0.574368
DS.d674.s0.i1 1.000000 0.767815
DS.d674.s0.i0 1.000000 0.913782
DS.d805.s0.i2 -1.000000 -1.081737
DS.d805.s0.i1 -1.000000 -0.780586
DS.d805.s0.i0 -1.000000 -0.792914
DS.d608.s0.i0 1.000000 0.787812
DS.d608.s1.i1 1.000000 0.845556
DS.d608.s1.i0 1.000000 0.769108
DS.d707.s0.i0 1.000000 0.308775
DS.d707.s0.i1 1.000000 0.196048
DS.d707.s1.i0 1.000000 0.047439
DS.d812.s0.i2 -1.000000 -0.956903
DS.d812.s0.i1 -1.000000 -0.733825
DS.d812.s0.i0 -1.000000 -0.944131
DS.d811.s0.i0 1.000000 1.040708
DS.d811.s1.i1 1.000000 1.018151
DS.d811.s1.i0 1.000000 1.062655
DS.d810.s1.i2 1.000000 0.352938
DS.d810.s1.i3 1.000000 0.054886
DS.d810.s1.i0 -1.000000 0.471608
DS.d810.s1.i1 1.000000 1.090840
DS.d810.s0.i5 1.000000 0.831549
DS.d810.s0.i4 1.000000 0.896531
DS.d810.s0.i1 1.000000 0.877262
DS.d810.s0.i0 1.000000 1.013060
DS.d810.s0.i3 1.000000 0.871656
DS.d810.s0.i2 1.000000 0.866933
DS.d810.s3.i0 1.000000 0.946279
DS.d810.s2.i1 1.000000 0.692887
DS.d810.s2.i0 1.000000 1.049632
DS.d817.s0.i0 1.000000 0.816146
DS.d817.s0.i1 1.000000 0.863416
DS.d817.s1.i1 1.000000 0.853761
DS.d817.s1.i0 1.000000 0.844933
DS.d817.s1.i3 1.000000 0.965957
DS.d817.s1.i2 1.000000 0.837818
DS.d817.s1.i4 1.000000 0.991872
DS.d816.s0.i5 1.000000 0.445491
DS.d816.s0.i4 -1.000000 -0.444949
DS.d816.s0.i3 1.000000 0.329542
DS.d816.s0.i2 -1.000000 0.189740
DS.d816.s0.i1 -1.000000 -0.559560
DS.d816.s0.i0 1.000000 0.222351
DS.d701.s0.i0 -1.000000 -0.925572
DS.d701.s0.i1 -1.000000 -0.977095
DS.d814.s1.i0 -1.000000 -0.797575
DS.d814.s1.i1 -1.000000 -0.913723
DS.d814.s0.i1 -1.000000 -0.944504
DS.d814.s0.i0 -1.000000 -0.724827
DS.d814.s0.i2 -1.000000 -0.889676
DS.d815.s0.i0 1.000000 0.860841
DS.d815.s0.i1 1.000000 0.992728
DS.d815.s0.i2 1.000000 0.911849
DS.d819.s0.i0 1.000000 0.082126
DS.d819.s0.i1 -1.000000 -0.237528
DS.d709.s0.i0 1.000000 0.920897
DS.d708.s0.i0 -1.000000 -0.619899
DS.d77.s0.i1 -1.000000 0.027917
DS.d77.s0.i0 1.000000 0.247351
DS.d74.s0.i0 1.000000 0.738392
DS.d72.s0.i0 -1.000000 -0.722925
DS.d72.s0.i1 -1.000000 -0.594197
DS.d73.s0.i1 -1.000000 -1.142851
DS.d73.s0.i0 -1.000000 -1.021386
DS.d70.s0.i0 1.000000 0.502622
DS.d70.s0.i1 1.000000 0.841878
DS.d70.s1.i3 1.000000 0.904946
DS.d70.s1.i2 1.000000 0.693991
DS.d70.s1.i1 1.000000 0.647584
DS.d70.s1.i0 1.000000 0.911494
DS.d71.s0.i0 1.000000 0.739627
DS.d78.s0.i0 -1.000000 -0.581835
DS.d78.s1.i0 -1.000000 -0.551456
DS.d79.s0.i0 -1.000000 -0.347045
DS.d310.s0.i2 1.000000 0.344275
DS.d310.s0.i0 1.000000 0.323110
DS.d310.s0.i1 -1.000000 0.059644
DS.d310.s1.i1 -1.000000 -1.068899
DS.d310.s1.i0 -1.000000 -0.972072
DS.d310.s1.i3 -1.000000 -0.743941
DS.d310.s1.i2 -1.000000 -0.648451
DS.d312.s0.i10 1.000000 0.928558
DS.d312.s0.i4 1.000000 0.934970
DS.d312.s0.i5 1.000000 0.940141
DS.d312.s0.i6 1.000000 0.772066
DS.d312.s0.i7 1.000000 0.924806
DS.d312.s0.i0 1.000000 0.888757
DS.d312.s0.i1 1.000000 0.940571
DS.d312.s0.i2 1.000000 0.967301
DS.d312.s0.i3 1.000000 0.941926
DS.d312.s0.i8 1.000000 0.927301
DS.d312.s0.i9 1.000000 0.741805
DS.d313.s5.i0 1.000000 0.899216
DS.d313.s4.i0 1.000000 0.534069
DS.d313.s1.i0 -1.000000 -0.762839
DS.d313.s1.i1 -1.000000 -0.831958
DS.d313.s0.i0 1.000000 0.858973
DS.d313.s3.i0 1.000000 0.810145
DS.d313.s2.i0 1.000000 0.792992
DS.d314.s0.i0 1.000000 0.148453
DS.d314.s0.i1 -1.000000 -0.095674
DS.d315.s0.i3 -1.000000 -0.973859
DS.d315.s0.i2 -1.000000 -0.973213
DS.d315.s0.i1 -1.000000 -0.975334
DS.d315.s0.i0 -1.000000 -0.943382
DS.d316.s2.i0 1.000000 0.938806
DS.d316.s2.i1 1.000000 0.938806
DS.d316.s0.i0 1.000000 0.756463
DS.d316.s0.i1 1.000000 0.717225
DS.d316.s1.i1 1.000000 0.702562
DS.d316.s1.i0 1.000000 0.700340
DS.d317.s0.i1 1.000000 0.979564
DS.d317.s0.i0 1.000000 0.799731
DS.d317.s0.i3 1.000000 0.895821
DS.d317.s0.i2 1.000000 0.921932
DS.d317.s0.i5 1.000000 1.021430
DS.d317.s0.i4 1.000000 0.842141
DS.d317.s0.i7 1.000000 1.061712
DS.d317.s0.i6 1.000000 1.038386
DS.d317.s0.i9 1.000000 0.951945
DS.d317.s0.i8 1.000000 0.937116
DS.d317.s0.i11 1.000000 0.827769
DS.d317.s0.i10 1.000000 0.858214
DS.d319.s0.i1 -1.000000 -0.790628
DS.d319.s0.i0 -1.000000 -0.890500
DS.d259.s0.i0 -1.000000 -0.546354
DS.d258.s0.i0 -1.000000 -0.686346
DS.d251.s0.i2 -1.000000 -0.915425
DS.d251.s0.i3 -1.000000 -0.912410
DS.d251.s0.i0 -1.000000 -0.919713
DS.d251.s0.i1 -1.000000 -1.071059
DS.d251.s0.i6 -1.000000 -0.994103
DS.d251.s0.i7 -1.000000 -0.895779
DS.d251.s0.i4 -1.000000 -0.989294
DS.d251.s0.i5 -1.000000 -1.017869
DS.d251.s0.i8 -1.000000 -0.960947
DS.d250.s1.i0 1.000000 0.841918
DS.d250.s0.i1 1.000000 0.855817
DS.d250.s0.i0 1.000000 1.056517
DS.d253.s2.i0 1.000000 0.931002
DS.d253.s0.i0 -1.000000 0.819705
DS.d253.s1.i7 -1.000000 0.001641
DS.d253.s1.i6 -1.000000 -0.153974
DS.d253.s1.i5 1.000000 0.026562
DS.d253.s1.i4 -1.000000 0.000989
DS.d253.s1.i3 1.000000 0.182456
DS.d253.s1.i2 -1.000000 -0.110054
DS.d253.s1.i1 1.000000 0.184470
DS.d253.s1.i0 1.000000 0.071410
DS.d255.s0.i0 -1.000000 -0.847302
DS.d255.s0.i1 -1.000000 -0.915857
DS.d257.s2.i0 1.000000 0.422658
DS.d257.s3.i0 1.000000 0.703843
DS.d257.s0.i0 1.000000 0.110564
DS.d257.s0.i1 -1.000000 -0.304669
DS.d257.s0.i2 -1.000000 -0.145057
DS.d257.s1.i0 1.000000 0.864732
DS.d456.s0.i5 1.000000 0.007101
DS.d456.s0.i4 -1.000000 0.010234
DS.d456.s0.i3 -1.000000 -0.007261
DS.d456.s0.i2 1.000000 0.102260
DS.d456.s0.i1 -1.000000 -0.020155
DS.d456.s0.i0 1.000000 0.134057
DS.d590.s0.i0 1.000000 0.792494
DS.d591.s0.i1 1.000000 0.888581
DS.d591.s0.i0 1.000000 0.928389
DS.d591.s0.i3 1.000000 0.635107
DS.d591.s0.i2 1.000000 0.729918
DS.d720.s3.i0 1.000000 0.989691
DS.d720.s3.i1 1.000000 0.341426
DS.d720.s2.i0 1.000000 0.677650
DS.d720.s1.i0 -1.000000 -0.501748
DS.d720.s1.i1 -1.000000 -0.501748
DS.d720.s1.i2 1.000000 0.005379
DS.d720.s1.i3 1.000000 0.317868
DS.d720.s0.i1 -1.000000 -0.412086
DS.d720.s0.i0 1.000000 0.107833
DS.d288.s0.i8 -1.000000 -1.115723
DS.d288.s0.i4 -1.000000 -1.124745
DS.d288.s0.i5 -1.000000 -0.954452
DS.d288.s0.i6 -1.000000 -0.976149
DS.d288.s0.i7 -1.000000 -0.814927
DS.d288.s0.i0 -1.000000 -0.925103
DS.d288.s0.i1 -1.000000 -1.053062
DS.d288.s0.i2 -1.000000 -0.943439
DS.d288.s0.i3 -1.000000 -1.056681
DS.d288.s1.i3 -1.000000 -0.347666
DS.d288.s1.i2 1.000000 0.344778
DS.d288.s1.i1 1.000000 0.408087
DS.d288.s1.i0 -1.000000 -0.263685
DS.d408.s0.i0 1.000000 1.036725
DS.d408.s0.i1 1.000000 0.992421
DS.d409.s0.i0 1.000000 0.461037
DS.d404.s0.i2 -1.000000 -0.900799
DS.d404.s0.i3 -1.000000 -0.936410
DS.d404.s0.i0 -1.000000 -0.893139
DS.d404.s0.i1 -1.000000 -0.855717
DS.d405.s4.i2 1.000000 1.001328
DS.d405.s4.i1 1.000000 0.982068
DS.d405.s4.i0 1.000000 1.001328
DS.d405.s3.i0 1.000000 0.776431
DS.d405.s3.i1 1.000000 0.872034
DS.d405.s2.i1 1.000000 1.100557
DS.d405.s2.i0 1.000000 0.799303
DS.d405.s1.i0 -1.000000 -1.067019
DS.d405.s1.i1 -1.000000 -0.593403
DS.d405.s1.i2 -1.000000 -1.073111
DS.d405.s1.i3 -1.000000 -0.652368
DS.d405.s0.i1 1.000000 0.947651
DS.d405.s0.i0 1.000000 0.973844
DS.d406.s0.i0 -1.000000 -0.660009
DS.d407.s0.i0 -1.000000 -0.208679
DS.d400.s0.i0 1.000000 0.221299
DS.d400.s0.i1 -1.000000 -0.095340
DS.d402.s2.i2 -1.000000 -0.104553
DS.d402.s2.i3 1.000000 0.603479
DS.d402.s2.i0 1.000000 0.486944
DS.d402.s2.i1 1.000000 0.676754
DS.d402.s3.i1 -1.000000 -0.256391
DS.d402.s3.i0 1.000000 0.682706
DS.d402.s3.i2 1.000000 0.822190
DS.d402.s0.i0 -1.000000 -0.351343
DS.d402.s0.i1 1.000000 0.662930
DS.d402.s0.i2 1.000000 0.819019
DS.d402.s1.i1 -1.000000 -0.688217
DS.d402.s1.i0 -1.000000 -0.790475
DS.d403.s0.i0 -1.000000 -0.610686
DS.d726.s0.i0 1.000000 0.744903
DS.d359.s0.i1 -1.000000 -0.577192
DS.d359.s0.i0 -1.000000 -0.631653
DS.d468.s0.i0 1.000000 0.290504
DS.d468.s0.i1 -1.000000 -0.071941
DS.d101.s0.i0 -1.000000 -0.484456
DS.d100.s1.i0 1.000000 0.826309
DS.d100.s1.i1 1.000000 0.883250
DS.d100.s0.i0 1.000000 0.914655
DS.d103.s0.i0 1.000000 -0.052828
DS.d469.s0.i5 1.000000 0.900476
DS.d469.s0.i4 1.000000 0.970484
DS.d469.s0.i1 1.000000 0.940587
DS.d469.s0.i0 1.000000 0.971556
DS.d469.s0.i3 1.000000 0.925259
DS.d469.s0.i2 1.000000 1.004203
DS.d105.s0.i0 -1.000000 -0.740565
DS.d105.s0.i1 -1.000000 -0.740565
DS.d104.s0.i0 1.000000 0.998030
DS.d107.s0.i0 -1.000000 -1.064305
DS.d107.s0.i1 -1.000000 -1.045469
DS.d107.s0.i2 -1.000000 -0.714962
DS.d109.s0.i2 -1.000000 -0.884734
DS.d109.s0.i3 -1.000000 -0.979613
DS.d109.s0.i0 -1.000000 -0.900659
DS.d109.s0.i1 -1.000000 -0.996362
DS.d109.s0.i4 -1.000000 -0.980781
DS.d109.s0.i5 -1.000000 -0.965009
DS.d108.s3.i0 -1.000000 -0.779412
DS.d108.s3.i1 -1.000000 -0.863915
DS.d108.s2.i0 -1.000000 -0.810924
DS.d108.s1.i0 -1.000000 -0.818593
DS.d108.s1.i1 -1.000000 -0.829509
DS.d108.s0.i3 -1.000000 -0.921694
DS.d108.s0.i2 -1.000000 -0.813107
DS.d108.s0.i1 -1.000000 -0.915801
DS.d108.s0.i0 -1.000000 -0.946824
DS.d108.s0.i7 -1.000000 -0.931535
DS.d108.s0.i6 -1.000000 -0.985106
DS.d108.s0.i5 -1.000000 -0.956215
DS.d108.s0.i4 -1.000000 -0.918039
DS.d538.s0.i0 1.000000 0.749294
DS.d538.s1.i0 -1.000000 -0.690989
DS.d539.s0.i1 -1.000000 -0.598537
DS.d539.s0.i0 1.000000 0.438628
DS.d350.s0.i2 1.000000 0.878039
DS.d350.s0.i3 1.000000 0.841654
DS.d350.s0.i0 1.000000 0.743921
DS.d350.s0.i1 1.000000 0.793584
DS.d350.s1.i1 -1.000000 -0.834515
DS.d350.s1.i0 -1.000000 -0.836783
DS.d350.s1.i3 -1.000000 -0.862644
DS.d350.s1.i2 -1.000000 -0.642340
DS.d532.s0.i0 1.000000 0.683302
DS.d533.s0.i1 1.000000 0.737391
DS.d533.s0.i0 1.000000 0.821211
DS.d534.s0.i4 1.000000 0.873057
DS.d534.s0.i5 1.000000 0.812191
DS.d534.s0.i2 1.000000 0.957673
DS.d534.s0.i3 1.000000 0.794537
DS.d534.s0.i0 1.000000 0.834668
DS.d534.s0.i1 1.000000 0.908127
DS.d534.s1.i0 1.000000 0.941439
DS.d534.s2.i0 1.000000 1.109351
DS.d535.s0.i1 -1.000000 -0.730339
DS.d535.s0.i0 -1.000000 -0.894462
DS.d536.s0.i0 1.000000 0.932284
DS.d536.s0.i1 1.000000 0.899509
DS.d536.s0.i2 1.000000 0.901359
DS.d536.s0.i3 1.000000 0.942559
DS.d536.s1.i1 1.000000 0.489074
DS.d536.s1.i0 -1.000000 -0.449038
DS.d537.s0.i1 1.000000 0.759748
DS.d537.s0.i0 1.000000 0.466461
DS.d537.s0.i2 1.000000 0.790515
DS.d758.s0.i0 1.000000 0.620832
DS.d461.s0.i1 -1.000000 -0.804438
DS.d461.s0.i0 -1.000000 -0.788045
DS.d461.s0.i3 -1.000000 -0.814635
DS.d461.s0.i2 -1.000000 -0.799108
DS.d759.s0.i1 1.000000 0.983015
DS.d759.s0.i0 1.000000 0.983015
DS.d502.s1.i2 -1.000000 -0.682069
DS.d502.s1.i0 -1.000000 -1.032437
DS.d502.s1.i1 -1.000000 -0.710384
DS.d502.s0.i1 -1.000000 -0.534625
DS.d502.s0.i0 -1.000000 -0.862420
DS.d502.s0.i2 -1.000000 -1.066948
DS.d551.s0.i0 1.000000 0.764651
DS.d624.s4.i2 1.000000 0.920636
DS.d624.s4.i0 1.000000 0.850508
DS.d624.s4.i1 1.000000 0.985507
DS.d624.s0.i2 1.000000 1.039541
DS.d624.s0.i3 1.000000 1.007680
DS.d624.s0.i0 1.000000 1.038170
DS.d624.s0.i1 1.000000 0.700690
DS.d624.s1.i5 1.000000 0.087092
DS.d624.s1.i4 -1.000000 -0.563715
DS.d624.s1.i7 -1.000000 -0.575440
DS.d624.s1.i6 -1.000000 -0.445274
DS.d624.s1.i0 1.000000 -0.099865
DS.d624.s1.i2 -1.000000 -0.437555
DS.d624.s2.i1 1.000000 0.784906
DS.d624.s2.i2 1.000000 0.917558
DS.d624.s3.i3 1.000000 0.817267
DS.d624.s3.i2 -1.000000 -0.070286
DS.d624.s3.i1 1.000000 0.557615
DS.d624.s3.i0 1.000000 0.536219
DS.d625.s1.i0 1.000000 0.739116
DS.d625.s1.i1 1.000000 0.759571
DS.d625.s0.i3 -1.000000 -0.621634
DS.d625.s0.i2 -1.000000 -0.913967
DS.d625.s0.i1 -1.000000 -0.981838
DS.d625.s0.i0 -1.000000 -0.612099
DS.d749.s2.i2 1.000000 1.113345
DS.d749.s2.i0 1.000000 0.481874
DS.d749.s2.i1 1.000000 0.963232
DS.d749.s3.i0 -1.000000 -0.513650
DS.d749.s0.i0 1.000000 0.876456
DS.d749.s0.i1 1.000000 0.885204
DS.d749.s1.i1 1.000000 0.867110
DS.d749.s1.i0 1.000000 0.956234
DS.d748.s0.i0 -1.000000 0.410265
DS.d620.s0.i8 -1.000000 -0.910645
DS.d620.s0.i9 -1.000000 -1.064373
DS.d620.s0.i6 -1.000000 -1.053594
DS.d620.s0.i7 -1.000000 -1.008680
DS.d620.s0.i4 -1.000000 -1.057374
DS.d620.s0.i5 -1.000000 -0.875813
DS.d620.s0.i2 -1.000000 -1.019886
DS.d620.s0.i3 -1.000000 -1.069983
DS.d620.s0.i0 -1.000000 -0.904784
DS.d620.s0.i1 -1.000000 -1.044936
DS.d620.s0.i18 -1.000000 -0.910594
DS.d620.s0.i19 -1.000000 -1.038381
DS.d620.s0.i20 -1.000000 -1.059644
DS.d620.s0.i10 -1.000000 -0.888731
DS.d620.s0.i11 -1.000000 -1.049658
DS.d620.s0.i12 -1.000000 -1.070479
DS.d620.s0.i13 -1.000000 -0.909296
DS.d620.s0.i14 -1.000000 -1.073580
DS.d620.s0.i15 -1.000000 -1.041343
DS.d620.s0.i16 -1.000000 -1.040550
DS.d620.s0.i17 -1.000000 -0.918898
DS.d620.s1.i0 -1.000000 -0.245733
DS.d621.s3.i0 1.000000 0.639583
DS.d621.s2.i1 1.000000 0.161490
DS.d621.s2.i0 -1.000000 0.106466
DS.d621.s1.i0 1.000000 0.771433
DS.d621.s0.i1 1.000000 0.607902
DS.d621.s0.i0 1.000000 0.539804
DS.d621.s4.i1 1.000000 0.178166
DS.d621.s4.i0 -1.000000 -0.150743
DS.d622.s0.i0 1.000000 1.092971
DS.d622.s1.i0 1.000000 1.054208
DS.d623.s1.i0 1.000000 1.037636
DS.d623.s1.i1 1.000000 0.977627
DS.d623.s0.i1 1.000000 1.180008
DS.d623.s0.i0 1.000000 1.137979
DS.d623.s3.i0 1.000000 0.296383
DS.d623.s3.i1 1.000000 1.099594
DS.d623.s2.i3 1.000000 0.973569
DS.d623.s2.i2 1.000000 0.801377
DS.d623.s2.i1 1.000000 0.959028
DS.d623.s2.i0 1.000000 0.936031
DS.d623.s4.i1 -1.000000 0.560278
DS.d623.s4.i0 1.000000 0.401904
DS.d623.s4.i3 1.000000 0.247565
DS.d623.s4.i2 1.000000 0.493204
DS.d743.s0.i0 1.000000 1.007923
DS.d742.s0.i1 1.000000 1.009803
DS.d742.s0.i0 1.000000 1.010637
DS.d741.s0.i0 1.000000 0.950359
DS.d740.s0.i1 1.000000 0.917658
DS.d740.s0.i0 1.000000 0.897945
DS.d747.s0.i2 1.000000 0.927896
DS.d747.s0.i3 1.000000 0.775204
DS.d747.s0.i0 1.000000 0.927896
DS.d747.s0.i1 1.000000 0.775204
DS.d746.s0.i0 1.000000 0.989517
DS.d745.s0.i0 -1.000000 -0.515060
DS.d745.s0.i1 -1.000000 -0.594056
DS.d744.s0.i1 -1.000000 -0.557627
DS.d744.s0.i0 -1.000000 -0.612001
DS.d750.s0.i0 1.000000 1.015422
DS.d38.s2.i0 1.000000 1.035938
DS.d38.s3.i0 -1.000000 -0.649735
DS.d38.s0.i0 1.000000 0.917318
DS.d38.s1.i1 1.000000 0.823484
DS.d38.s1.i0 1.000000 0.888452
DS.d39.s0.i0 -1.000000 -0.673839
DS.d751.s0.i0 1.000000 0.724669
DS.d32.s0.i0 1.000000 0.740380
DS.d33.s0.i1 1.000000 0.757469
DS.d33.s0.i0 1.000000 0.999278
DS.d30.s0.i0 -1.000000 -0.526071
DS.d30.s0.i1 -1.000000 -0.792820
DS.d30.s0.i2 -1.000000 -0.792820
DS.d31.s0.i0 1.000000 1.220172
DS.d36.s0.i0 1.000000 1.159415
DS.d36.s1.i0 1.000000 0.748215
DS.d36.s2.i0 1.000000 0.792455
DS.d36.s2.i1 1.000000 1.058037
DS.d37.s2.i1 1.000000 0.226396
DS.d37.s2.i0 -1.000000 -0.717695
DS.d37.s2.i2 -1.000000 -0.802367
DS.d37.s1.i0 -1.000000 -0.636375
DS.d37.s0.i0 -1.000000 -0.007437
DS.d34.s0.i0 1.000000 0.716113
DS.d34.s0.i1 1.000000 0.908356
DS.d35.s0.i0 1.000000 1.068423
DS.d219.s0.i0 -1.000000 0.106563
DS.d219.s0.i1 1.000000 0.096934
DS.d219.s1.i1 -1.000000 -0.846363
DS.d219.s1.i0 -1.000000 -0.790884
DS.d219.s1.i2 -1.000000 -0.944517
DS.d218.s1.i0 -1.000000 -0.891956
DS.d218.s1.i1 -1.000000 -0.878469
DS.d218.s1.i2 -1.000000 -0.811072
DS.d218.s1.i3 -1.000000 -0.968521
DS.d218.s0.i1 1.000000 0.990880
DS.d218.s0.i0 1.000000 1.129227
DS.d215.s0.i2 -1.000000 -0.896929
DS.d215.s0.i3 -1.000000 -0.822044
DS.d215.s0.i0 -1.000000 -0.866676
DS.d215.s0.i1 -1.000000 -0.900479
DS.d215.s1.i0 -1.000000 -0.704601
DS.d214.s0.i1 1.000000 0.765972
DS.d214.s0.i0 1.000000 0.754729
DS.d217.s0.i0 1.000000 0.827861
DS.d217.s1.i1 -1.000000 -0.553051
DS.d217.s1.i0 -1.000000 -0.502997
DS.d216.s1.i0 1.000000 0.546187
DS.d216.s0.i1 1.000000 0.177533
DS.d216.s0.i0 -1.000000 0.110380
DS.d216.s3.i0 1.000000 0.755204
DS.d216.s3.i1 1.000000 0.840689
DS.d216.s2.i0 1.000000 -0.167309
DS.d211.s0.i0 1.000000 1.103793
DS.d210.s0.i1 1.000000 0.779822
DS.d210.s0.i0 1.000000 0.922287
DS.d213.s0.i0 1.000000 0.717553
DS.d213.s1.i0 1.000000 0.542720
DS.d212.s0.i0 -1.000000 0.154656
DS.d339.s0.i1 -1.000000 -0.836856
DS.d339.s0.i0 -1.000000 -0.809786
DS.d589.s0.i2 1.000000 0.755713
DS.d589.s0.i3 1.000000 1.069747
DS.d589.s0.i0 1.000000 1.069747
DS.d589.s0.i1 1.000000 0.755713
DS.d588.s0.i0 1.000000 0.889406
DS.d330.s0.i0 -1.000000 -0.580849
DS.d330.s0.i1 -1.000000 -0.580849
DS.d440.s0.i0 1.000000 0.562027
DS.d441.s2.i0 1.000000 0.958019
DS.d441.s1.i0 1.000000 0.559348
DS.d441.s0.i0 1.000000 1.007190
DS.d442.s0.i0 1.000000 0.882156
DS.d443.s1.i2 1.000000 1.012147
DS.d443.s1.i0 1.000000 0.969894
DS.d443.s1.i1 1.000000 0.751396
DS.d443.s0.i1 1.000000 0.854892
DS.d443.s0.i0 1.000000 0.694896
DS.d443.s2.i2 1.000000 0.732617
DS.d443.s2.i1 -1.000000 0.007830
DS.d443.s2.i0 1.000000 0.464302
DS.d444.s0.i2 -1.000000 -0.538313
DS.d444.s0.i0 -1.000000 -0.560313
DS.d444.s0.i1 1.000000 0.593876
DS.d445.s0.i0 1.000000 0.952823
DS.d446.s0.i0 1.000000 0.818572
DS.d446.s0.i2 1.000000 0.856350
DS.d446.s1.i0 1.000000 0.830129
DS.d540.s1.i0 -1.000000 -0.686098
DS.d540.s0.i0 1.000000 0.899590
DS.d448.s0.i0 -1.000000 -0.713276
DS.d448.s0.i1 -1.000000 -0.753147
DS.d448.s1.i1 1.000000 0.989606
DS.d448.s1.i0 1.000000 0.970003
DS.d448.s1.i3 1.000000 1.119191
DS.d448.s1.i2 1.000000 1.090805
DS.d448.s2.i0 1.000000 0.780552
DS.d448.s2.i1 1.000000 0.693964
DS.d448.s3.i1 1.000000 0.598907
DS.d448.s3.i0 1.000000 1.047728
DS.d8.s0.i0 1.000000 0.882833
DS.d9.s0.i0 1.000000 1.047246
DS.d282.s1.i0 1.000000 0.469322
DS.d283.s0.i3 1.000000 0.756256
DS.d283.s0.i0 1.000000 0.760533
DS.d280.s0.i0 1.000000 1.009506
DS.d286.s0.i2 1.000000 0.398571
DS.d286.s0.i0 -1.000000 -0.079160
DS.d286.s0.i1 1.000000 0.854595
DS.d287.s3.i0 1.000000 0.807433
DS.d287.s2.i1 1.000000 0.875634
DS.d287.s2.i0 1.000000 0.998581
DS.d287.s1.i0 -1.000000 -0.743992
DS.d287.s1.i1 -1.000000 -0.789457
DS.d287.s0.i1 1.000000 0.831901
DS.d287.s0.i0 1.000000 0.822710
DS.d284.s0.i0 -1.000000 -0.634346
DS.d285.s1.i0 1.000000 1.109335
DS.d285.s1.i1 1.000000 1.081279
DS.d285.s0.i1 1.000000 0.949162
DS.d285.s0.i0 1.000000 0.969275
DS.d285.s0.i2 1.000000 1.095410
DS.d285.s3.i4 -1.000000 -0.681686
DS.d285.s3.i0 -1.000000 -0.662073
DS.d285.s3.i1 -1.000000 -0.819733
DS.d285.s3.i2 -1.000000 -0.993926
DS.d285.s3.i3 -1.000000 -0.851948
DS.d285.s2.i1 1.000000 0.865452
DS.d285.s2.i0 1.000000 0.872958
DS.d361.s0.i0 -1.000000 -0.546587
DS.d361.s1.i1 -1.000000 -0.115822
DS.d361.s1.i0 1.000000 0.334764
DS.d361.s2.i0 1.000000 -0.082548
DS.d361.s2.i1 -1.000000 0.201473
DS.d360.s1.i0 -1.000000 -0.503527
DS.d360.s0.i1 -1.000000 -0.654107
DS.d360.s0.i0 -1.000000 -0.619212
DS.d363.s0.i0 1.000000 0.441209
DS.d363.s0.i1 -1.000000 -0.136457
DS.d362.s0.i1 1.000000 0.871183
DS.d362.s0.i0 1.000000 0.856797
DS.d365.s0.i0 -1.000000 0.098466
DS.d365.s0.i1 1.000000 -0.111641
DS.d365.s1.i1 -1.000000 -0.793093
DS.d365.s1.i0 -1.000000 -0.723874
DS.d365.s1.i2 -1.000000 -0.728881
DS.d364.s2.i0 -1.000000 0.411226
DS.d364.s1.i0 1.000000 0.911093
DS.d364.s0.i1 -1.000000 -0.807742
DS.d364.s0.i0 -1.000000 -0.710172
DS.d367.s0.i2 -1.000000 -0.544724
DS.d366.s0.i1 1.000000 0.687601
DS.d366.s0.i0 1.000000 0.674183
DS.d102.s0.i1 -1.000000 -0.734713
DS.d102.s0.i0 -1.000000 -0.859113
DS.d102.s0.i2 -1.000000 -0.881947
DS.d548.s0.i1 -1.000000 -0.609629
DS.d548.s0.i0 -1.000000 -0.746612
DS.d145.s0.i0 1.000000 0.466462
DS.d145.s1.i0 1.000000 1.010633
DS.d144.s0.i0 -1.000000 0.028468
DS.d147.s0.i0 -1.000000 -0.776253
DS.d147.s0.i1 -1.000000 -0.728902
DS.d147.s0.i2 -1.000000 -0.771649
DS.d147.s0.i3 -1.000000 -0.705868
DS.d146.s0.i1 1.000000 0.943796
DS.d146.s0.i0 1.000000 0.984368
DS.d141.s0.i0 1.000000 0.812113
DS.d141.s1.i1 1.000000 0.921775
DS.d141.s1.i0 1.000000 0.725510
DS.d141.s2.i0 1.000000 0.056108
DS.d140.s0.i2 1.000000 0.460498
DS.d140.s0.i1 -1.000000 -0.011955
DS.d140.s0.i0 1.000000 0.479864
DS.d143.s0.i0 1.000000 0.667670
DS.d143.s0.i1 1.000000 0.267491
DS.d143.s0.i2 1.000000 0.593020
DS.d143.s0.i3 -1.000000 0.255533
DS.d149.s0.i0 -1.000000 -0.544293
DS.d148.s1.i4 1.000000 0.001658
DS.d148.s1.i5 -1.000000 -0.697489
DS.d148.s1.i6 -1.000000 -0.608053
DS.d148.s1.i7 -1.000000 -0.729633
DS.d148.s1.i0 -1.000000 -0.598062
DS.d148.s1.i1 1.000000 0.107754
DS.d148.s1.i2 -1.000000 -0.662306
DS.d148.s1.i3 -1.000000 -0.698365
DS.d148.s0.i17 1.000000 0.620301
DS.d148.s0.i16 -1.000000 -0.907726
DS.d148.s0.i15 -1.000000 -0.766554
DS.d148.s0.i14 -1.000000 -0.856814
DS.d148.s0.i13 1.000000 0.712712
DS.d148.s0.i12 -1.000000 -0.829324
DS.d148.s0.i11 1.000000 0.760614
DS.d148.s0.i10 -1.000000 -0.886419
DS.d148.s0.i19 1.000000 0.624296
DS.d148.s0.i18 -1.000000 -0.870452
DS.d148.s0.i9 1.000000 0.666203
DS.d148.s0.i8 -1.000000 -0.829825
DS.d148.s0.i7 -1.000000 -0.855029
DS.d148.s0.i6 -1.000000 -0.835321
DS.d148.s0.i5 -1.000000 -0.882882
DS.d148.s0.i4 -1.000000 -0.834980
DS.d148.s0.i3 -1.000000 -0.853698
DS.d148.s0.i2 1.000000 0.719158
DS.d148.s0.i1 -1.000000 -0.880076
DS.d148.s0.i0 -1.000000 -0.827259
DS.d148.s0.i26 -1.000000 -0.762975
DS.d148.s0.i24 1.000000 0.662307
DS.d148.s0.i25 -1.000000 -0.819820
DS.d148.s0.i22 1.000000 0.722411
DS.d148.s0.i23 -1.000000 -0.900732
DS.d148.s0.i20 1.000000 0.651798
DS.d148.s0.i21 -1.000000 -0.819670
DS.d824.s0.i0 1.000000 0.078679
DS.d824.s0.i1 1.000000 -0.010096
DS.d89.s0.i0 1.000000 0.991115
DS.d88.s0.i1 -1.000000 -0.777165
DS.d88.s0.i0 -1.000000 -0.595461
DS.d256.s0.i1 -1.000000 -0.302079
DS.d256.s0.i0 -1.000000 -0.463870
DS.d256.s0.i3 -1.000000 -0.522368
DS.d256.s0.i2 1.000000 -0.374461
DS.d82.s0.i0 1.000000 0.796154
DS.d81.s0.i0 1.000000 0.743475
DS.d81.s0.i1 1.000000 0.722691
DS.d80.s0.i0 -1.000000 0.227591
DS.d87.s0.i0 -1.000000 -0.314080
DS.d86.s1.i0 1.000000 0.055880
DS.d86.s1.i1 -1.000000 -0.150744
DS.d86.s1.i2 -1.000000 -0.186723
DS.d86.s0.i1 1.000000 0.811907
DS.d86.s0.i0 1.000000 0.840466
DS.d85.s0.i0 1.000000 0.794402
DS.d84.s0.i1 -1.000000 -0.797990
DS.d84.s0.i0 -1.000000 -0.741652
DS.d825.s1.i4 1.000000 -0.016719
DS.d825.s1.i5 1.000000 -0.016719
DS.d825.s1.i2 -1.000000 -0.503434
DS.d825.s1.i3 -1.000000 -0.675718
DS.d825.s1.i0 -1.000000 -0.503434
DS.d825.s1.i1 -1.000000 -0.173240
DS.d825.s0.i1 1.000000 0.745865
DS.d825.s0.i0 1.000000 1.007664
DS.d825.s0.i3 1.000000 0.940350
DS.d825.s0.i2 1.000000 0.956179
DS.d825.s0.i5 1.000000 0.705790
DS.d825.s0.i4 1.000000 0.917817
DS.d825.s0.i7 1.000000 0.982688
DS.d825.s0.i6 1.000000 0.936029
DS.d825.s2.i1 -1.000000 -0.784054
DS.d825.s2.i0 -1.000000 -0.784054
DS.d83.s0.i0 1.000000 0.643557
DS.d789.s0.i0 1.000000 0.882668
DS.d789.s0.i1 1.000000 0.882668
DS.d788.s0.i24 -1.000000 -0.993215
DS.d788.s0.i25 -1.000000 -1.070201
DS.d788.s0.i26 -1.000000 -1.090548
DS.d788.s0.i27 -1.000000 -0.872280
DS.d788.s0.i20 -1.000000 -0.991922
DS.d788.s0.i21 -1.000000 -0.971227
DS.d788.s0.i22 -1.000000 -0.925570
DS.d788.s0.i23 -1.000000 -0.984189
DS.d788.s0.i32 -1.000000 -0.890872
DS.d788.s0.i28 -1.000000 -0.989675
DS.d788.s0.i29 -1.000000 -0.971169
DS.d788.s0.i38 -1.000000 -1.041875
DS.d788.s0.i1 -1.000000 -0.986251
DS.d788.s0.i0 -1.000000 -0.966957
DS.d788.s0.i3 -1.000000 -1.019387
DS.d788.s0.i2 -1.000000 -1.013834
DS.d788.s0.i5 -1.000000 -0.901348
DS.d788.s0.i4 -1.000000 -0.942760
DS.d788.s0.i7 -1.000000 -0.967799
DS.d788.s0.i6 -1.000000 -0.987951
DS.d788.s0.i9 -1.000000 -1.074650
DS.d788.s0.i8 -1.000000 -1.079812
DS.d788.s0.i39 -1.000000 -0.942136
DS.d788.s0.i19 -1.000000 -0.992313
DS.d788.s0.i18 -1.000000 -1.024758
DS.d788.s0.i31 -1.000000 -0.946032
DS.d788.s0.i30 -1.000000 -0.947519
DS.d788.s0.i37 -1.000000 -1.015767
DS.d788.s0.i36 -1.000000 -0.937754
DS.d788.s0.i35 -1.000000 -0.891956
DS.d788.s0.i34 -1.000000 -1.015469
DS.d788.s0.i11 -1.000000 -1.071839
DS.d788.s0.i10 -1.000000 -0.987135
DS.d788.s0.i13 -1.000000 -1.001531
DS.d788.s0.i12 -1.000000 -1.043937
DS.d788.s0.i15 -1.000000 -0.968896
DS.d788.s0.i14 -1.000000 -1.046157
DS.d788.s0.i17 -1.000000 -1.079037
DS.d788.s0.i16 -1.000000 -0.962793
DS.d788.s0.i33 -1.000000 -1.034052
DS.d787.s0.i0 1.000000 0.934867
DS.d787.s0.i1 1.000000 0.825799
DS.d787.s1.i0 1.000000 1.102611
DS.d786.s1.i0 1.000000 0.570443
DS.d786.s0.i0 1.000000 0.472757
DS.d785.s0.i1 1.000000 0.537395
DS.d782.s0.i0 1.000000 0.871857
DS.d781.s0.i0 1.000000 1.012729
DS.d781.s1.i1 1.000000 0.995734
DS.d781.s1.i0 1.000000 0.855268
DS.d780.s0.i1 -1.000000 -0.813732
DS.d780.s0.i0 -1.000000 -0.847796
DS.d780.s0.i2 -1.000000 -0.669391
DS.d668.s0.i0 -1.000000 0.061741
DS.d669.s0.i0 -1.000000 -0.287584
DS.d542.s1.i0 1.000000 0.792298
DS.d542.s0.i1 -1.000000 -0.025097
DS.d542.s0.i0 1.000000 0.358185
DS.d331.s0.i1 1.000000 0.412709
DS.d331.s0.i0 -1.000000 -0.385374
DS.d331.s0.i3 -1.000000 -0.257558
DS.d331.s0.i2 1.000000 0.286418
DS.d544.s0.i3 1.000000 0.208046
DS.d544.s0.i1 -1.000000 -0.153767
DS.d547.s0.i0 -1.000000 -1.017114
DS.d547.s0.i1 -1.000000 -0.897807
DS.d547.s1.i3 1.000000 1.320832
DS.d547.s1.i2 1.000000 0.696260
DS.d547.s1.i1 1.000000 0.696260
DS.d547.s1.i0 1.000000 0.847955
DS.d549.s0.i2 -1.000000 -0.863139
DS.d549.s0.i0 -1.000000 -0.949275
DS.d549.s0.i1 -1.000000 -0.876053
DS.d549.s1.i1 -1.000000 -0.515127
DS.d549.s1.i0 1.000000 0.119472
DS.d549.s2.i0 1.000000 0.442964
DS.d549.s2.i1 1.000000 1.118399
DS.d549.s3.i2 -1.000000 -0.339497
DS.d549.s3.i1 1.000000 0.104869
DS.d549.s3.i0 -1.000000 -0.711143
DS.d661.s0.i0 1.000000 0.783889
DS.d662.s0.i0 1.000000 1.002220
DS.d662.s0.i1 1.000000 0.693985
DS.d662.s0.i2 1.000000 0.929262
DS.d662.s0.i3 1.000000 1.015597
DS.d663.s0.i1 -1.000000 -0.942314
DS.d663.s0.i0 -1.000000 -0.867512
DS.d664.s0.i2 -1.000000 -0.918430
DS.d664.s0.i3 -1.000000 -0.837871
DS.d664.s0.i0 -1.000000 -0.836150
DS.d664.s0.i1 -1.000000 -0.973948
DS.d665.s0.i0 1.000000 0.804894
DS.d666.s0.i0 1.000000 0.775963
DS.d666.s0.i1 1.000000 0.943532
DS.d666.s0.i2 1.000000 0.839072
DS.d531.s0.i3 1.000000 0.671893
DS.d531.s0.i2 -1.000000 0.148199
DS.d531.s0.i1 1.000000 0.609451
DS.d531.s0.i0 1.000000 0.495409
DS.d531.s0.i4 1.000000 0.594614
DS.d545.s0.i0 1.000000 0.426735
DS.d545.s1.i0 1.000000 1.053980
