DS.d21.s0.i0 1.0 0.169322842381
DS.d45.s0.i0 -1 -0.138100866932
DS.d45.s0.i1 -1 -0.138100866932
DS.d61.s0.i0 1.0 0.473173990078
DS.d61.s0.i1 1.0 0.702963390888
DS.d61.s0.i2 1.0 0.708211634545
DS.d61.s0.i3 1.0 0.484996663965
DS.d61.s0.i4 1.0 0.84003901535
DS.d61.s0.i5 1.0 0.467862338042
DS.d61.s0.i6 1.0 0.749072183289
DS.d61.s0.i7 1.0 0.642172767836
DS.d61.s0.i8 1.0 0.326889193221
DS.d72.s0.i0 -1 -0.187814642077
DS.d72.s0.i1 -1 -0.288657271477
DS.d105.s0.i0 -1 0.525846319568
DS.d105.s0.i1 -1 0.525846319568
DS.d110.s0.i0 1.0 0.638520400929
DS.d118.s0.i0 1.0 0.319027108273
DS.d118.s1.i0 1.0 -0.0269532393849
DS.d118.s2.i0 1.0 0.864816499964
DS.d122.s0.i0 1.0 0.295705229165
DS.d129.s0.i0 1.0 1.4164307399
DS.d136.s0.i0 1.0 0.554688283008
DS.d136.s0.i1 1.0 0.851583182825
DS.d152.s0.i0 1.0 -1.38833464201
DS.d152.s0.i1 1.0 -0.935996680412
DS.d152.s1.i0 1.0 1.38424693734
DS.d159.s0.i0 -1 -0.831427285482
DS.d159.s0.i1 -1 -0.924810660528
DS.d159.s0.i2 -1 -1.06821614099
DS.d159.s0.i3 -1 0.490015725467
DS.d159.s0.i4 -1 -0.970117754059
DS.d159.s0.i5 -1 -0.0157007285148
DS.d173.s0.i0 1.0 0.247889208656
DS.d184.s0.i0 1.0 0.231537794988
DS.d184.s0.i1 1.0 0.123333539059
DS.d184.s0.i2 1.0 1.70067423837
DS.d184.s0.i3 1.0 0.7693947241
DS.d184.s0.i4 1.0 0.75983341344
DS.d184.s0.i5 1.0 0.0272838801974
DS.d184.s1.i0 1.0 1.10307697521
DS.d184.s2.i0 1.0 0.489067524359
DS.d184.s2.i1 1.0 0.364503820907
DS.d185.s0.i0 1.0 -0.164201322637
DS.d185.s0.i1 1.0 0.525311678809
DS.d185.s1.i0 1.0 1.24734983239
DS.d190.s0.i0 1.0 0.299907567731
DS.d200.s0.i0 1.0 1.5239108458
DS.d200.s0.i1 -1 -0.445897116611
DS.d206.s0.i0 1.0 1.20298096124
DS.d206.s0.i1 1.0 1.2908205114
DS.d206.s0.i2 1.0 1.12608284243
DS.d206.s0.i3 1.0 0.801842504867
DS.d206.s0.i4 1.0 0.966820380364
DS.d206.s0.i5 1.0 0.772573859547
DS.d206.s0.i6 1.0 0.884004006859
DS.d206.s0.i7 1.0 1.22831370407
DS.d209.s0.i0 -1 1.0262286643
DS.d209.s0.i1 -1 0.0735796335576
DS.d209.s0.i2 -1 -0.509636092117
DS.d209.s1.i0 -1 0.0942986629418
DS.d209.s1.i1 -1 0.167029431729
DS.d209.s1.i2 -1 -0.374370738908
DS.d226.s0.i0 1.0 0.102017953398
DS.d231.s0.i0 -1 0.822417898021
DS.d234.s0.i0 1.0 1.43198890322
DS.d253.s0.i0 1.0 1.48801877991
DS.d253.s1.i0 1.0 0.455267524442
DS.d253.s1.i1 1.0 0.242933182646
DS.d253.s1.i2 1.0 -0.0736330251931
DS.d253.s1.i3 1.0 0.590182361418
DS.d253.s1.i4 1.0 -0.0145320409198
DS.d253.s1.i5 1.0 0.488692231706
DS.d253.s1.i6 1.0 -0.0376036159176
DS.d253.s1.i7 1.0 -0.364486817783
DS.d253.s2.i0 1.0 1.27150864043
DS.d260.s0.i0 1.0 1.12469937166
DS.d260.s0.i1 1.0 0.306394613382
DS.d260.s0.i2 -1 0.231725885549
DS.d260.s1.i0 -1 1.51298304438
DS.d260.s1.i1 1.0 1.51298304438
DS.d276.s0.i0 -1 -0.612293673849
DS.d276.s0.i1 -1 -0.301551356187
DS.d276.s0.i2 -1 -0.473270334568
DS.d288.s0.i0 -1 -0.180992653843
DS.d288.s0.i1 -1 -0.153686672563
DS.d288.s0.i2 -1 -0.232238169378
DS.d288.s0.i3 -1 -0.422723985508
DS.d288.s0.i4 -1 -0.140748919436
DS.d288.s0.i5 -1 0.203114150419
DS.d288.s0.i6 -1 -0.107587896623
DS.d288.s0.i7 -1 0.275402168818
DS.d288.s0.i8 -1 -0.381868403022
DS.d288.s1.i0 -1 -0.102611634129
DS.d288.s1.i1 1.0 1.6879652166
DS.d288.s1.i2 1.0 0.957866923652
DS.d288.s1.i3 -1 -0.307249502202
DS.d298.s0.i0 1.0 1.20438324561
DS.d305.s0.i0 1.0 1.27193399705
DS.d305.s0.i1 1.0 0.984927858597
DS.d305.s0.i2 1.0 1.42194490565
DS.d305.s0.i3 1.0 0.800557885947
DS.d331.s0.i0 -1 1.29255507122
DS.d331.s0.i1 1.0 1.36074389246
DS.d331.s0.i2 1.0 1.30569206967
DS.d331.s0.i3 -1 1.25852572335
DS.d336.s0.i0 1.0 0.722327570715
DS.d351.s0.i0 -1 -1.04595078991
DS.d351.s0.i1 -1 -0.533104609263
DS.d351.s0.i2 -1 -0.523797245667
DS.d351.s0.i3 -1 -0.747843150667
DS.d357.s0.i0 1.0 0.424496144505
DS.d357.s0.i1 1.0 0.789206763928
DS.d359.s0.i0 1.0 1.37553931659
DS.d359.s0.i1 -1 0.517469486082
DS.d361.s0.i0 -1 0.807368223518
DS.d361.s1.i0 1.0 1.58777394616
DS.d361.s1.i1 -1 -0.347922010593
DS.d361.s2.i0 1.0 0.500045547623
DS.d361.s2.i1 -1 1.24896096206
DS.d376.s0.i0 -1 0.900641550479
DS.d376.s0.i1 1.0 1.13300443372
DS.d376.s1.i0 -1 0.30234692143
DS.d376.s1.i1 -1 0.701327637029
DS.d376.s1.i2 -1 0.195600012789
DS.d407.s0.i0 -1 0.274687870322
DS.d411.s0.i0 1.0 1.43195050487
DS.d419.s0.i0 -1 0.53556169169
DS.d424.s0.i0 1.0 0.817645675443
DS.d444.s0.i0 -1 -0.448243308863
DS.d444.s0.i1 1.0 0.763257246047
DS.d444.s0.i2 -1 -0.675450267916
DS.d457.s0.i0 1.0 1.45405243046
DS.d457.s1.i0 1.0 1.20078528421
DS.d457.s1.i1 1.0 1.64995939287
DS.d457.s1.i2 1.0 1.60834876502
DS.d457.s1.i3 1.0 1.01998755276
DS.d469.s0.i0 1.0 0.912958057646
DS.d469.s0.i1 1.0 0.785066826349
DS.d469.s0.i2 1.0 0.51837199951
DS.d469.s0.i3 1.0 1.06277862071
DS.d469.s0.i4 1.0 0.588476491248
DS.d469.s0.i5 1.0 0.839910182973
DS.d500.s0.i0 1.0 1.88048075519
DS.d501.s0.i0 1.0 0.340269025488
DS.d501.s0.i1 1.0 0.187310749544
DS.d514.s0.i0 1.0 1.42768241891
DS.d514.s1.i0 -1 0.297858959404
DS.d527.s0.i0 1.0 0.954977828932
DS.d527.s0.i1 1.0 1.48406045823
DS.d527.s0.i2 1.0 0.493672910964
DS.d527.s0.i3 1.0 0.668593181927
DS.d527.s1.i0 1.0 0.423135847162
DS.d527.s1.i1 1.0 -0.303988589733
DS.d528.s0.i0 1.0 1.24478827199
DS.d528.s0.i1 1.0 1.38840309182
DS.d529.s0.i0 1.0 0.0364651774429
DS.d536.s0.i0 1.0 0.399054465626
DS.d536.s0.i1 1.0 0.600882515204
DS.d536.s0.i2 1.0 0.673411467818
DS.d536.s0.i3 1.0 0.531042225486
DS.d536.s1.i0 -1 0.227602639815
DS.d536.s1.i1 1.0 0.742985843169
DS.d568.s0.i0 1.0 -0.0192120857807
DS.d568.s0.i1 1.0 -0.26525501271
DS.d568.s0.i2 1.0 0.185829753663
DS.d568.s0.i3 1.0 0.00706028521951
DS.d568.s0.i4 1.0 -0.0126567637258
DS.d568.s1.i0 1.0 -0.191515277268
DS.d568.s2.i0 1.0 -0.619870992084
DS.d572.s0.i0 -1 0.373775250116
DS.d572.s0.i1 -1 0.297414573376
DS.d574.s0.i0 -1 -0.289382515354
DS.d574.s0.i1 -1 -0.194508471084
DS.d574.s0.i2 -1 -0.134701075654
DS.d574.s0.i3 -1 -0.239062469693
DS.d595.s0.i0 1.0 0.106942682272
DS.d595.s0.i1 1.0 0.676578521906
DS.d595.s0.i2 1.0 1.09047786187
DS.d616.s0.i0 1.0 -0.2126990599
DS.d616.s0.i1 -1 -0.7858076144
DS.d616.s0.i2 1.0 0.227257306522
DS.d616.s0.i3 1.0 -0.204329385134
DS.d616.s0.i4 1.0 -0.0761934618927
DS.d616.s0.i5 1.0 -0.276558042425
DS.d616.s0.i6 1.0 0.161757910508
DS.d616.s0.i7 1.0 -0.188975692358
DS.d616.s0.i8 1.0 -0.0199823975521
DS.d616.s0.i9 -1 -0.321819256743
DS.d616.s0.i10 -1 -0.292018117418
DS.d616.s0.i11 1.0 0.122369369009
DS.d616.s0.i12 1.0 -0.299540072761
DS.d616.s0.i13 1.0 -0.257116678447
DS.d616.s0.i14 -1 -0.546652202365
DS.d616.s0.i15 1.0 -0.558034034074
DS.d616.s0.i16 -1 -0.297437973262
DS.d616.s0.i17 1.0 0.390459567232
DS.d616.s0.i18 1.0 -0.177038432352
DS.d616.s0.i19 1.0 0.189977859812
DS.d616.s1.i0 1.0 -0.315338829713
DS.d616.s1.i1 1.0 -0.417296761584
DS.d616.s2.i0 1.0 0.444243793279
DS.d616.s2.i1 1.0 0.344368889537
DS.d637.s0.i0 1.0 0.80166754293
DS.d639.s0.i0 -1 -0.276743347646
DS.d644.s0.i0 -1 0.269947547257
DS.d645.s0.i0 1.0 0.539861913531
DS.d657.s0.i0 -1 0.092301631201
DS.d660.s0.i0 1.0 0.689951649982
DS.d660.s0.i1 1.0 0.440739278812
DS.d662.s0.i0 1.0 0.177959807308
DS.d662.s0.i1 1.0 0.137223860865
DS.d662.s0.i2 -1 -0.281558952322
DS.d662.s0.i3 1.0 0.0602104531163
DS.d665.s0.i0 1.0 0.634393970182
DS.d667.s0.i0 1.0 0.145514441642
DS.d679.s0.i0 -1 -0.968101357777
DS.d681.s0.i0 1.0 0.371108326849
DS.d681.s0.i1 1.0 -0.414420241135
DS.d681.s1.i0 -1 0.147497025954
DS.d681.s1.i1 -1 0.478431854283
DS.d681.s1.i2 -1 0.54312863713
DS.d681.s1.i3 -1 0.475835926185
DS.d681.s1.i4 1.0 0.655190181756
DS.d681.s1.i5 -1 0.682396110878
DS.d681.s1.i6 1.0 1.0929418457
DS.d681.s1.i7 -1 0.323003516426
DS.d681.s1.i8 1.0 0.866799245205
DS.d689.s0.i0 -1 0.360324824649
DS.d689.s0.i1 -1 0.41151279665
DS.d695.s0.i0 1.0 0.320114321829
DS.d695.s0.i1 1.0 0.83330063781
DS.d695.s1.i0 -1 0.81552052465
DS.d695.s1.i1 -1 0.467152047741
DS.d695.s1.i2 -1 -0.0578919715363
DS.d695.s2.i0 1.0 0.442358309712
DS.d695.s2.i1 1.0 1.246129057
DS.d702.s0.i0 1.0 0.814522115607
DS.d702.s0.i1 1.0 1.35276702113
DS.d702.s0.i2 1.0 1.19066558862
DS.d711.s0.i0 -1 0.132469375364
DS.d712.s0.i0 1.0 0.809859086552
DS.d712.s0.i1 1.0 1.31834757411
DS.d712.s0.i2 1.0 0.845896942995
DS.d712.s0.i3 1.0 1.35106931022
DS.d712.s1.i0 1.0 1.51674411861
DS.d712.s2.i0 -1 0.761596584355
DS.d712.s2.i1 -1 0.472801044579
DS.d714.s0.i0 -1 -0.155510248128
DS.d714.s0.i1 -1 -0.365300194062
DS.d714.s1.i0 -1 -0.0794512072404
DS.d714.s2.i0 -1 -0.703635104612
DS.d717.s0.i0 1.0 1.11699561751
DS.d722.s0.i0 -1 0.251988231468
DS.d722.s0.i1 -1 0.202385858365
DS.d729.s0.i0 -1 0.283320406761
DS.d732.s0.i0 -1 0.550621491953
DS.d732.s0.i1 1.0 1.02384088676
DS.d732.s0.i2 1.0 0.701319079437
DS.d733.s0.i0 1.0 1.01350327812
DS.d733.s0.i1 1.0 1.28974460995
DS.d733.s0.i2 1.0 1.01261953532
DS.d733.s0.i3 1.0 1.16903976153
DS.d736.s0.i0 1.0 0.556514345848
DS.d746.s0.i0 1.0 1.05636982563
DS.d756.s0.i0 1.0 0.401709056449
DS.d756.s0.i1 1.0 0.147676162626
DS.d764.s0.i0 -1 -0.441335690584
DS.d764.s0.i1 -1 -0.335187888672
DS.d764.s0.i2 -1 -0.538619096019
DS.d764.s0.i3 -1 -0.178820851741
DS.d764.s0.i4 -1 -0.0799582784649
DS.d764.s0.i5 -1 -0.419237075003
DS.d794.s0.i0 1.0 0.0410895099507
DS.d794.s0.i1 1.0 0.30646893359
DS.d807.s0.i0 1.0 -0.132890985747
DS.d807.s0.i1 1.0 0.0392062190422
DS.d807.s1.i0 1.0 0.563915798418
DS.d822.s0.i0 -1 0.983909570314
