DS.d1366.s0.i0 1.000000 0.783809
DS.d314.s0.i0 1.000000 0.427622
DS.d314.s0.i1 -1.000000 0.103481
DS.d1048.s0.i0 -1.000000 -0.523025
DS.d317.s0.i1 1.000000 0.158483
DS.d317.s0.i0 1.000000 -0.123484
DS.d317.s0.i3 1.000000 0.018304
DS.d317.s0.i2 1.000000 0.043464
DS.d317.s0.i5 1.000000 0.180905
DS.d317.s0.i4 1.000000 -0.098699
DS.d317.s0.i7 1.000000 0.226719
DS.d317.s0.i6 1.000000 0.221947
DS.d317.s0.i9 1.000000 0.075667
DS.d317.s0.i8 1.000000 0.038824
DS.d317.s0.i11 1.000000 -0.094595
DS.d317.s0.i10 1.000000 -0.059150
DS.d1044.s0.i0 1.000000 0.072288
DS.d1688.s0.i0 1.000000 0.040574
DS.d1688.s1.i0 1.000000 0.841498
DS.d1368.s0.i0 -1.000000 0.106999
DS.d258.s0.i0 -1.000000 -0.379072
DS.d798.s0.i0 -1.000000 1.009438
DS.d418.s0.i1 1.000000 0.929378
DS.d410.s0.i0 1.000000 0.169883
DS.d1173.s0.i0 -1.000000 -0.304055
DS.d556.s0.i0 -1.000000 0.451752
DS.d557.s0.i0 1.000000 0.795231
DS.d555.s1.i0 -1.000000 0.356823
DS.d555.s0.i0 1.000000 0.714972
DS.d550.s0.i0 -1.000000 -0.843650
DS.d550.s0.i1 -1.000000 -0.813889
DS.d550.s0.i2 -1.000000 -0.794703
DS.d550.s0.i3 -1.000000 -0.812402
DS.d550.s0.i4 -1.000000 -0.767699
DS.d550.s0.i5 -1.000000 -0.832630
DS.d550.s0.i6 -1.000000 -0.797956
DS.d550.s0.i7 -1.000000 -0.848243
DS.d550.s0.i8 -1.000000 -0.848276
DS.d498.s0.i1 1.000000 0.357068
DS.d498.s0.i0 1.000000 0.357068
DS.d1776.s0.i0 1.000000 0.138794
DS.d1776.s0.i1 1.000000 0.128114
DS.d1271.s0.i0 1.000000 0.898146
DS.d1271.s1.i0 1.000000 -0.008887
DS.d921.s2.i2 1.000000 0.037492
DS.d921.s2.i3 1.000000 0.060559
DS.d921.s2.i0 1.000000 0.065849
DS.d921.s2.i1 1.000000 0.131961
DS.d921.s2.i4 1.000000 0.012416
DS.d921.s0.i0 1.000000 0.664847
DS.d921.s1.i1 1.000000 0.198698
DS.d921.s1.i0 1.000000 0.226730
DS.d982.s1.i0 -1.000000 -0.290358
DS.d982.s0.i0 -1.000000 -0.815876
DS.d243.s0.i2 1.000000 0.816325
DS.d243.s0.i1 1.000000 0.816325
DS.d243.s0.i0 1.000000 0.816325
DS.d987.s0.i8 -1.000000 -0.504766
DS.d987.s0.i9 -1.000000 -0.572573
DS.d987.s0.i0 -1.000000 -0.335539
DS.d987.s0.i1 -1.000000 -0.195502
DS.d987.s0.i2 -1.000000 -0.428414
DS.d987.s0.i3 -1.000000 -0.450773
DS.d987.s0.i4 -1.000000 -0.347495
DS.d987.s0.i5 -1.000000 -0.532402
DS.d987.s0.i6 -1.000000 -0.440914
DS.d987.s0.i7 -1.000000 -0.585632
DS.d1213.s0.i0 -1.000000 0.658393
DS.d88.s0.i1 -1.000000 -0.888191
DS.d88.s0.i0 -1.000000 -0.783837
DS.d1118.s0.i0 1.000000 1.029668
DS.d138.s0.i0 1.000000 0.809515
DS.d138.s1.i0 1.000000 0.412296
DS.d138.s2.i0 1.000000 0.672000
DS.d138.s3.i0 1.000000 0.716252
DS.d1854.s0.i0 1.000000 0.981825
DS.d1165.s0.i0 1.000000 0.315493
DS.d1164.s0.i0 -1.000000 -0.408219
DS.d839.s0.i0 1.000000 0.455426
DS.d839.s0.i1 1.000000 0.466029
DS.d482.s0.i0 -1.000000 -0.337590
DS.d482.s0.i1 -1.000000 -0.434270
DS.d726.s0.i0 1.000000 1.046265
DS.d1455.s0.i0 1.000000 0.051383
DS.d728.s0.i0 1.000000 0.732466
DS.d488.s0.i10 1.000000 0.518445
DS.d488.s0.i11 -1.000000 0.333013
DS.d488.s0.i12 -1.000000 0.372126
DS.d488.s0.i6 1.000000 0.530652
DS.d488.s0.i7 1.000000 0.517914
DS.d488.s0.i4 1.000000 0.490052
DS.d488.s0.i5 1.000000 0.509477
DS.d488.s0.i2 1.000000 0.529444
DS.d488.s0.i3 1.000000 0.522834
DS.d488.s0.i0 1.000000 0.557750
DS.d488.s0.i1 1.000000 0.499349
DS.d488.s0.i14 -1.000000 0.361361
DS.d488.s0.i13 -1.000000 0.357375
DS.d488.s0.i8 -1.000000 0.410114
DS.d488.s0.i9 1.000000 0.562265
DS.d1546.s1.i0 -1.000000 -0.431463
DS.d1546.s1.i1 1.000000 -0.146073
DS.d1546.s1.i2 -1.000000 -0.389466
DS.d1546.s0.i0 -1.000000 -0.490030
DS.d1514.s0.i0 -1.000000 0.460961
DS.d1514.s0.i1 1.000000 0.616349
DS.d1514.s1.i1 -1.000000 0.052732
DS.d1514.s1.i0 -1.000000 0.122961
DS.d1514.s1.i3 1.000000 0.067518
DS.d1514.s1.i2 1.000000 -0.025172
DS.d52.s2.i0 1.000000 0.902646
DS.d52.s0.i0 1.000000 -0.235716
DS.d52.s1.i0 1.000000 0.327145
DS.d938.s0.i0 1.000000 0.919998
DS.d939.s0.i0 -1.000000 -0.189563
DS.d1513.s0.i1 1.000000 0.607144
DS.d1513.s0.i0 1.000000 0.618077
DS.d1513.s0.i2 1.000000 0.529656
DS.d1288.s0.i2 -1.000000 0.059304
DS.d1288.s0.i3 -1.000000 0.062962
DS.d1288.s0.i0 -1.000000 0.054384
DS.d1288.s0.i1 -1.000000 0.370093
DS.d387.s0.i0 1.000000 0.495217
DS.d387.s0.i1 1.000000 0.471253
DS.d1027.s0.i1 -1.000000 0.045700
DS.d1027.s0.i0 -1.000000 0.045700
DS.d1036.s0.i1 1.000000 -0.188221
DS.d1036.s0.i0 1.000000 -0.282692
DS.d1224.s0.i0 1.000000 0.712290
DS.d1224.s0.i1 1.000000 0.877568
DS.d1222.s0.i0 1.000000 0.698969
DS.d1222.s0.i1 1.000000 0.712231
DS.d1222.s1.i1 1.000000 1.307153
DS.d1222.s1.i0 1.000000 1.204844
DS.d1222.s2.i0 -1.000000 0.864783
DS.d1222.s2.i1 -1.000000 0.895725
DS.d187.s0.i0 1.000000 0.224456
DS.d99.s0.i0 1.000000 0.553707
DS.d439.s0.i0 1.000000 0.184721
DS.d1589.s0.i0 1.000000 0.653689
DS.d1587.s0.i0 -1.000000 -1.096378
DS.d1587.s0.i1 -1.000000 -1.104649
DS.d1587.s1.i1 -1.000000 -0.789476
DS.d1587.s1.i0 -1.000000 -0.828311
DS.d1587.s2.i0 -1.000000 -0.986720
DS.d1587.s2.i1 -1.000000 -1.143746
DS.d1587.s3.i1 -1.000000 -0.837723
DS.d1587.s3.i0 -1.000000 -0.848168
DS.d588.s0.i0 1.000000 0.906904
DS.d1280.s0.i0 1.000000 0.096194
DS.d519.s1.i0 1.000000 0.899934
DS.d519.s0.i1 -1.000000 0.170116
DS.d519.s0.i0 -1.000000 0.140856
DS.d519.s0.i3 -1.000000 0.249823
DS.d519.s0.i2 -1.000000 0.159362
DS.d519.s2.i1 -1.000000 0.426906
DS.d519.s2.i0 1.000000 0.347600
DS.d1639.s0.i0 -1.000000 0.362410
DS.d531.s0.i3 1.000000 0.383701
DS.d531.s0.i2 -1.000000 0.037966
DS.d531.s0.i1 1.000000 0.415085
DS.d531.s0.i0 1.000000 0.269076
DS.d531.s0.i4 1.000000 0.374487
DS.d421.s1.i0 1.000000 0.594268
DS.d421.s0.i0 -1.000000 0.694729
DS.d1757.s1.i0 1.000000 0.158865
DS.d1757.s0.i0 1.000000 0.533455
DS.d1502.s0.i3 1.000000 -0.199370
DS.d1502.s0.i2 1.000000 -0.200479
DS.d1502.s0.i1 1.000000 -0.093390
DS.d1502.s0.i0 1.000000 -0.258611
DS.d1420.s0.i2 -1.000000 -0.265632
DS.d1420.s0.i3 -1.000000 -1.087967
DS.d1420.s0.i0 -1.000000 -1.013723
DS.d1420.s0.i1 -1.000000 -0.965095
DS.d1420.s0.i4 1.000000 -0.342947
DS.d1420.s0.i5 -1.000000 -0.897482
DS.d1767.s0.i1 1.000000 0.343696
DS.d44.s0.i9 -1.000000 -0.422543
DS.d44.s0.i8 -1.000000 -0.426151
DS.d44.s0.i5 -1.000000 -0.584720
DS.d44.s0.i4 -1.000000 -0.998516
DS.d44.s0.i7 -1.000000 -0.710308
DS.d44.s0.i6 -1.000000 -0.758425
DS.d44.s0.i1 -1.000000 -0.605191
DS.d44.s0.i0 -1.000000 -1.009276
DS.d44.s0.i3 -1.000000 -0.898054
DS.d44.s0.i2 -1.000000 -0.771219
DS.d44.s0.i15 -1.000000 -0.858881
DS.d44.s0.i14 -1.000000 -0.829125
DS.d44.s0.i17 -1.000000 -1.115687
DS.d44.s0.i16 -1.000000 -0.553337
DS.d44.s0.i11 -1.000000 -0.856908
DS.d44.s0.i10 -1.000000 -0.490312
DS.d44.s0.i13 -1.000000 -1.055568
DS.d44.s0.i12 -1.000000 -1.042015
DS.d427.s0.i1 1.000000 0.000250
DS.d461.s0.i1 -1.000000 -0.015804
DS.d461.s0.i0 -1.000000 -0.039919
DS.d461.s0.i3 -1.000000 -0.023077
DS.d461.s0.i2 -1.000000 -0.047399
DS.d1032.s0.i0 1.000000 -0.153047
DS.d227.s0.i1 1.000000 0.291717
DS.d227.s0.i0 1.000000 0.291717
DS.d1336.s0.i0 -1.000000 -0.426014
DS.d1038.s0.i0 1.000000 0.601020
DS.d507.s0.i0 1.000000 -0.109426
DS.d507.s0.i1 -1.000000 0.343608
DS.d119.s0.i1 -1.000000 -0.844652
DS.d119.s0.i0 -1.000000 -0.880329
DS.d119.s0.i2 -1.000000 -0.630829
DS.d347.s0.i0 -1.000000 0.375343
DS.d347.s1.i5 -1.000000 -0.083483
DS.d347.s1.i4 -1.000000 -0.173872
DS.d347.s1.i1 -1.000000 -0.150075
DS.d347.s1.i0 -1.000000 -0.043281
DS.d347.s1.i3 -1.000000 -0.258249
DS.d347.s1.i2 -1.000000 -0.052817
DS.d1482.s0.i2 -1.000000 -0.605596
DS.d1482.s0.i0 -1.000000 -0.605596
DS.d1482.s0.i1 -1.000000 -0.713576
DS.d114.s0.i0 1.000000 0.332067
DS.d113.s0.i1 -1.000000 0.360804
DS.d113.s0.i0 -1.000000 0.360804
DS.d111.s0.i1 -1.000000 -0.694452
DS.d111.s0.i0 1.000000 0.052228
DS.d111.s0.i3 1.000000 0.031152
DS.d111.s0.i2 1.000000 0.455143
DS.d111.s0.i5 1.000000 0.478268
DS.d111.s0.i4 -1.000000 -0.016324
DS.d625.s1.i0 1.000000 0.050674
DS.d625.s1.i1 1.000000 0.095871
DS.d625.s0.i3 -1.000000 0.657070
DS.d625.s0.i2 -1.000000 0.349603
DS.d625.s0.i1 -1.000000 -0.000712
DS.d625.s0.i0 -1.000000 0.753091
DS.d620.s0.i8 -1.000000 -0.863019
DS.d620.s0.i9 -1.000000 -1.289991
DS.d620.s0.i6 -1.000000 -1.322483
DS.d620.s0.i7 -1.000000 -1.284311
DS.d620.s0.i4 -1.000000 -1.304472
DS.d620.s0.i5 -1.000000 -0.853277
DS.d620.s0.i2 -1.000000 -1.267541
DS.d620.s0.i3 -1.000000 -1.292796
DS.d620.s0.i0 -1.000000 -0.871838
DS.d620.s0.i1 -1.000000 -1.273290
DS.d620.s0.i18 -1.000000 -0.878304
DS.d620.s0.i19 -1.000000 -1.288704
DS.d620.s0.i20 -1.000000 -1.307141
DS.d620.s0.i10 -1.000000 -0.864123
DS.d620.s0.i11 -1.000000 -1.314058
DS.d620.s0.i12 -1.000000 -1.301771
DS.d620.s0.i13 -1.000000 -0.894556
DS.d620.s0.i14 -1.000000 -1.323759
DS.d620.s0.i15 -1.000000 -1.285939
DS.d620.s0.i16 -1.000000 -1.271706
DS.d620.s0.i17 -1.000000 -0.883512
DS.d620.s1.i0 -1.000000 0.432106
DS.d1741.s0.i0 -1.000000 -0.664861
DS.d741.s0.i0 1.000000 0.804532
DS.d38.s2.i0 1.000000 1.319398
DS.d38.s3.i0 -1.000000 -0.397053
DS.d38.s0.i0 1.000000 0.784858
DS.d38.s1.i1 1.000000 0.713362
DS.d38.s1.i0 1.000000 0.879616
DS.d39.s0.i0 -1.000000 -0.377391
DS.d1348.s1.i0 1.000000 0.353220
DS.d1348.s0.i0 -1.000000 0.427312
DS.d618.s1.i0 -1.000000 0.745771
DS.d618.s0.i1 1.000000 0.541590
DS.d618.s0.i0 1.000000 0.095387
DS.d32.s0.i0 1.000000 0.668319
DS.d1430.s1.i2 1.000000 -0.530491
DS.d1430.s1.i3 1.000000 -0.752884
DS.d1430.s1.i0 1.000000 -0.512443
DS.d1430.s1.i1 1.000000 -0.461925
DS.d1430.s0.i0 1.000000 0.214852
DS.d1430.s2.i0 1.000000 0.513767
DS.d1435.s0.i0 1.000000 0.890795
DS.d1435.s1.i0 1.000000 0.437979
DS.d450.s1.i0 1.000000 0.358989
DS.d450.s1.i1 -1.000000 -0.030669
DS.d450.s0.i0 1.000000 0.607563
DS.d218.s1.i0 -1.000000 -0.227540
DS.d218.s1.i1 -1.000000 -0.300250
DS.d218.s1.i2 -1.000000 -0.234790
DS.d218.s1.i3 -1.000000 -0.310590
DS.d218.s0.i1 1.000000 0.840272
DS.d218.s0.i0 1.000000 1.021864
DS.d455.s0.i0 1.000000 -0.484545
DS.d455.s0.i1 1.000000 -0.509913
DS.d377.s1.i0 1.000000 0.216662
DS.d377.s1.i1 1.000000 0.265515
DS.d377.s0.i2 1.000000 0.295703
DS.d377.s0.i1 1.000000 0.345792
DS.d377.s0.i0 1.000000 0.304958
DS.d1886.s0.i0 1.000000 0.710660
DS.d1321.s0.i0 1.000000 -0.323943
DS.d1321.s0.i1 1.000000 -0.511089
DS.d1321.s0.i2 1.000000 -0.231603
DS.d211.s0.i0 1.000000 1.268357
DS.d295.s0.i0 1.000000 1.091677
DS.d295.s1.i0 -1.000000 0.225060
DS.d513.s0.i0 1.000000 0.482392
DS.d517.s0.i1 1.000000 0.191810
DS.d517.s0.i0 1.000000 0.492843
DS.d1836.s0.i3 -1.000000 -0.458081
DS.d1836.s0.i0 -1.000000 -0.489807
DS.d1836.s0.i5 -1.000000 -0.448786
DS.d1836.s0.i4 -1.000000 -0.413403
DS.d162.s1.i0 1.000000 -0.079103
DS.d162.s0.i0 1.000000 0.444487
DS.d384.s0.i1 -1.000000 -0.101389
DS.d384.s0.i0 1.000000 0.225186
DS.d384.s0.i2 1.000000 0.225186
DS.d1809.s0.i1 -1.000000 0.349540
DS.d1809.s0.i0 -1.000000 0.080903
DS.d350.s0.i2 1.000000 0.037188
DS.d350.s0.i3 1.000000 -0.007582
DS.d350.s0.i0 1.000000 -0.074142
DS.d350.s0.i1 1.000000 -0.009232
DS.d350.s1.i1 -1.000000 -0.101222
DS.d350.s1.i0 -1.000000 -0.068294
DS.d350.s1.i3 -1.000000 -0.121363
DS.d350.s1.i2 -1.000000 0.067886
DS.d962.s0.i3 1.000000 0.261322
DS.d962.s0.i2 1.000000 0.380896
DS.d962.s0.i1 1.000000 0.329538
DS.d962.s0.i0 1.000000 0.301414
DS.d1889.s0.i0 1.000000 1.210162
DS.d1738.s0.i0 1.000000 0.106639
DS.d1738.s0.i1 1.000000 0.106639
DS.d617.s0.i0 1.000000 0.446599
DS.d617.s1.i9 -1.000000 -0.745720
DS.d617.s1.i8 -1.000000 -0.829522
DS.d617.s1.i3 -1.000000 -0.758094
DS.d617.s1.i2 -1.000000 -1.105675
DS.d617.s1.i1 -1.000000 -0.656976
DS.d617.s1.i0 -1.000000 -0.984583
DS.d617.s1.i7 -1.000000 -1.014556
DS.d617.s1.i6 -1.000000 -0.806220
DS.d617.s1.i5 -1.000000 -1.025136
DS.d617.s1.i4 -1.000000 -0.824138
DS.d1734.s0.i0 -1.000000 -1.260450
DS.d1734.s0.i1 -1.000000 -1.456336
DS.d1734.s1.i0 -1.000000 -0.002072
DS.d1735.s1.i0 -1.000000 -0.651083
DS.d1735.s0.i1 -1.000000 0.683078
DS.d1735.s0.i0 -1.000000 0.559288
DS.d969.s0.i0 1.000000 -0.248510
DS.d969.s0.i1 -1.000000 -0.758041
DS.d1730.s0.i0 1.000000 0.549145
DS.d1488.s0.i0 -1.000000 0.611392
DS.d1489.s0.i0 -1.000000 -0.083372
DS.d195.s0.i0 1.000000 0.157759
DS.d1133.s0.i1 -1.000000 0.065770
DS.d1133.s0.i0 1.000000 0.343198
DS.d25.s0.i0 1.000000 0.519785
DS.d25.s1.i0 1.000000 0.979336
DS.d208.s0.i0 -1.000000 0.455577
DS.d208.s0.i1 -1.000000 0.653375
DS.d1254.s1.i0 1.000000 0.475705
DS.d1254.s1.i1 1.000000 0.716363
DS.d1254.s0.i0 1.000000 1.242610
DS.d1318.s0.i0 1.000000 0.652224
DS.d1319.s0.i1 1.000000 1.070274
DS.d1319.s0.i0 1.000000 1.054175
DS.d764.s0.i3 -1.000000 0.203951
DS.d764.s0.i2 -1.000000 0.253871
DS.d764.s0.i1 -1.000000 0.200928
DS.d764.s0.i0 -1.000000 0.050680
DS.d764.s0.i5 -1.000000 0.410923
DS.d764.s0.i4 -1.000000 0.363111
DS.d286.s0.i2 1.000000 0.528103
DS.d286.s0.i0 -1.000000 0.288306
DS.d286.s0.i1 1.000000 0.838996
DS.d760.s1.i0 1.000000 0.623127
DS.d760.s0.i0 1.000000 0.334475
DS.d288.s0.i8 -1.000000 -0.805808
DS.d288.s0.i4 -1.000000 -0.819012
DS.d288.s0.i5 -1.000000 -0.756580
DS.d288.s0.i6 -1.000000 -0.640548
DS.d288.s0.i7 -1.000000 -0.595814
DS.d288.s0.i0 -1.000000 -0.610063
DS.d288.s0.i1 -1.000000 -0.771559
DS.d288.s0.i2 -1.000000 -0.752202
DS.d288.s0.i3 -1.000000 -0.784136
DS.d288.s1.i3 -1.000000 -0.291145
DS.d288.s1.i2 1.000000 0.303721
DS.d288.s1.i1 1.000000 0.506693
DS.d288.s1.i0 -1.000000 -0.046918
DS.d1492.s0.i1 1.000000 -0.068285
DS.d1492.s0.i0 1.000000 -0.075037
DS.d1634.s1.i0 -1.000000 -0.853347
DS.d1634.s1.i1 -1.000000 -0.846402
DS.d1634.s1.i2 -1.000000 -0.841938
DS.d1634.s1.i3 -1.000000 -0.748731
DS.d1634.s0.i3 -1.000000 -0.622730
DS.d1634.s0.i2 -1.000000 -0.528844
DS.d1634.s0.i1 -1.000000 -0.554971
DS.d1634.s0.i0 -1.000000 -0.574263
DS.d1634.s0.i7 -1.000000 -0.619571
DS.d1634.s0.i6 -1.000000 -0.602305
DS.d1634.s0.i5 -1.000000 -0.637503
DS.d1634.s0.i4 -1.000000 -0.658650
DS.d1634.s0.i9 -1.000000 -0.552852
DS.d1634.s0.i8 -1.000000 -0.685570
DS.d367.s0.i2 -1.000000 0.173207
DS.d17.s1.i0 -1.000000 0.698643
DS.d17.s0.i1 -1.000000 0.075263
DS.d17.s0.i0 -1.000000 -0.144587
DS.d974.s0.i0 1.000000 1.379105
DS.d976.s0.i0 -1.000000 0.016689
DS.d976.s0.i1 -1.000000 -0.068559
DS.d1895.s0.i2 1.000000 -0.022202
DS.d1895.s0.i3 1.000000 -0.179738
DS.d1895.s0.i0 1.000000 -0.186928
DS.d1895.s0.i1 1.000000 -0.207604
DS.d1895.s0.i4 1.000000 -0.095795
DS.d979.s0.i0 1.000000 0.632592
DS.d1125.s0.i0 -1.000000 -0.511943
DS.d1125.s1.i0 1.000000 0.199487
DS.d1722.s1.i0 -1.000000 -0.278543
DS.d1722.s1.i1 -1.000000 -0.209406
DS.d1722.s1.i2 -1.000000 -0.276951
DS.d1722.s0.i7 -1.000000 -0.440517
DS.d1722.s0.i6 -1.000000 -0.271679
DS.d1722.s0.i5 -1.000000 -0.388564
DS.d1722.s0.i4 -1.000000 -0.374566
DS.d1722.s0.i3 -1.000000 -0.274621
DS.d1722.s0.i2 -1.000000 -0.361055
DS.d1722.s0.i1 -1.000000 -0.351792
DS.d1722.s0.i0 -1.000000 -0.345359
DS.d756.s0.i0 1.000000 0.479200
DS.d756.s0.i1 1.000000 0.394427
DS.d1644.s0.i0 -1.000000 -0.877101
DS.d1644.s0.i1 -1.000000 -1.218444
DS.d1644.s1.i1 -1.000000 -1.276002
DS.d1644.s1.i0 -1.000000 -1.237107
DS.d1644.s1.i2 -1.000000 -1.308945
DS.d1644.s2.i0 -1.000000 -0.073525
DS.d1417.s0.i0 1.000000 0.860869
DS.d1416.s0.i1 -1.000000 -0.241904
DS.d1416.s0.i0 -1.000000 -0.350077
DS.d1419.s0.i0 1.000000 0.027455
DS.d1419.s0.i1 1.000000 0.241363
DS.d1649.s0.i1 1.000000 0.013738
DS.d1649.s0.i0 1.000000 0.169761
DS.d1069.s0.i0 1.000000 0.606951
DS.d899.s0.i0 -1.000000 -0.858636
DS.d899.s0.i1 -1.000000 -0.816360
DS.d899.s0.i2 -1.000000 -0.806672
DS.d818.s1.i2 1.000000 -0.170399
DS.d818.s1.i3 1.000000 -0.170399
DS.d818.s1.i0 1.000000 -0.170399
DS.d818.s1.i1 1.000000 -0.070148
DS.d818.s1.i4 1.000000 -0.070148
DS.d818.s1.i5 1.000000 -0.070148
DS.d818.s0.i1 1.000000 0.397803
DS.d818.s0.i0 1.000000 0.397803
DS.d818.s0.i3 1.000000 0.378701
DS.d818.s0.i2 1.000000 0.342783
DS.d818.s2.i3 1.000000 0.506384
DS.d818.s2.i2 1.000000 0.188645
DS.d818.s2.i1 1.000000 0.188645
DS.d818.s2.i0 1.000000 0.506384
DS.d818.s2.i5 1.000000 0.188645
DS.d818.s2.i4 1.000000 0.506384
DS.d370.s0.i0 1.000000 0.292636
DS.d1143.s0.i0 -1.000000 -0.157604
DS.d1143.s0.i1 -1.000000 -0.195615
DS.d896.s0.i1 1.000000 0.107595
DS.d896.s0.i0 1.000000 0.224713
DS.d771.s0.i0 1.000000 0.656807
DS.d256.s0.i1 -1.000000 0.147764
DS.d256.s0.i0 -1.000000 -0.034799
DS.d256.s0.i3 -1.000000 -0.076742
DS.d256.s0.i2 1.000000 -0.124202
DS.d778.s2.i0 1.000000 0.955842
DS.d778.s2.i1 1.000000 0.957811
DS.d778.s0.i0 1.000000 0.741078
DS.d778.s1.i1 1.000000 0.964308
DS.d778.s1.i0 -1.000000 0.433796
DS.d779.s0.i0 -1.000000 -0.239688
DS.d272.s3.i0 1.000000 1.359734
DS.d272.s2.i0 1.000000 1.011850
DS.d272.s1.i0 1.000000 -0.808140
DS.d272.s1.i1 1.000000 -0.593067
DS.d272.s1.i2 1.000000 -0.818202
DS.d272.s0.i2 1.000000 -0.585215
DS.d272.s0.i1 1.000000 -0.275613
DS.d272.s0.i0 1.000000 -0.529722
DS.d272.s4.i0 -1.000000 -0.022054
DS.d1097.s0.i0 -1.000000 0.589539
DS.d1097.s1.i3 1.000000 0.474609
DS.d1097.s1.i2 1.000000 0.305013
DS.d1097.s1.i1 1.000000 0.436983
DS.d1097.s1.i0 1.000000 0.193194
DS.d948.s0.i5 1.000000 -0.175051
DS.d948.s0.i4 1.000000 -0.102315
DS.d948.s0.i3 1.000000 -0.175051
DS.d948.s0.i2 1.000000 -0.198430
DS.d948.s0.i1 1.000000 -0.267765
DS.d948.s0.i0 1.000000 -0.102315
DS.d572.s0.i0 -1.000000 0.214687
DS.d572.s0.i1 -1.000000 0.244887
DS.d573.s0.i1 1.000000 0.454672
DS.d573.s0.i0 1.000000 0.605638
DS.d573.s0.i3 1.000000 0.531395
DS.d573.s0.i2 1.000000 0.545160
DS.d947.s0.i0 1.000000 0.431932
DS.d947.s0.i1 1.000000 0.433977
DS.d946.s1.i2 1.000000 0.142759
DS.d946.s1.i0 1.000000 -0.196361
DS.d946.s1.i1 1.000000 0.007774
DS.d946.s0.i1 1.000000 0.396433
DS.d946.s0.i0 1.000000 0.526239
DS.d74.s0.i0 1.000000 0.282783
DS.d967.s0.i2 -1.000000 -0.382361
DS.d967.s0.i0 1.000000 -0.325863
DS.d967.s0.i1 1.000000 -0.487007
DS.d153.s0.i1 1.000000 0.149014
DS.d153.s0.i0 -1.000000 0.163873
DS.d1377.s1.i0 -1.000000 -0.422197
DS.d1377.s0.i0 1.000000 0.611335
DS.d307.s0.i0 1.000000 0.949101
DS.d307.s1.i0 1.000000 0.928992
DS.d154.s0.i0 -1.000000 -0.053954
DS.d154.s0.i1 -1.000000 -0.054443
DS.d159.s0.i5 1.000000 -0.646432
DS.d159.s0.i4 -1.000000 -0.499020
DS.d159.s0.i1 -1.000000 -0.543195
DS.d159.s0.i0 -1.000000 -0.443136
DS.d159.s0.i3 -1.000000 -0.647796
DS.d159.s0.i2 -1.000000 -0.518938
DS.d886.s0.i0 -1.000000 -0.147155
DS.d886.s0.i1 -1.000000 -0.394564
DS.d886.s0.i2 -1.000000 -0.349433
DS.d886.s0.i3 -1.000000 -0.106242
DS.d886.s0.i4 -1.000000 -0.428062
DS.d887.s0.i1 1.000000 0.267838
DS.d887.s0.i0 1.000000 0.259602
DS.d264.s0.i0 1.000000 -0.802364
DS.d264.s0.i1 1.000000 -0.247786
DS.d264.s1.i0 1.000000 0.156176
DS.d261.s0.i0 1.000000 0.831444
DS.d1389.s0.i0 1.000000 1.216266
DS.d1389.s0.i1 1.000000 1.196194
DS.d1866.s2.i0 1.000000 0.606517
DS.d1866.s2.i1 1.000000 0.606517
DS.d1866.s0.i0 1.000000 0.368566
DS.d1866.s0.i1 1.000000 0.355658
DS.d1866.s0.i2 1.000000 0.204411
DS.d1866.s0.i3 1.000000 0.400922
DS.d1866.s1.i3 1.000000 0.075814
DS.d1866.s1.i2 -1.000000 0.298766
DS.d1866.s1.i1 1.000000 0.034715
DS.d1866.s1.i0 -1.000000 0.247471
DS.d547.s0.i0 -1.000000 -0.632002
DS.d547.s0.i1 -1.000000 -0.393233
DS.d547.s1.i3 1.000000 0.555260
DS.d547.s1.i2 1.000000 -0.052767
DS.d547.s1.i1 1.000000 -0.052767
DS.d547.s1.i0 1.000000 0.032135
DS.d1402.s0.i0 1.000000 1.504831
DS.d1147.s0.i0 1.000000 -0.376300
DS.d1147.s0.i1 -1.000000 -0.586559
DS.d1146.s0.i0 -1.000000 0.980645
DS.d380.s1.i8 -1.000000 -0.609235
DS.d380.s1.i3 -1.000000 -0.601417
DS.d380.s1.i1 -1.000000 -0.607234
DS.d380.s1.i6 -1.000000 -0.713681
DS.d380.s1.i4 -1.000000 -0.688275
DS.d380.s1.i5 -1.000000 -0.758201
DS.d380.s0.i4 -1.000000 -0.067291
DS.d380.s0.i6 -1.000000 0.033605
DS.d380.s0.i9 -1.000000 0.038899
DS.d380.s0.i0 -1.000000 -0.050064
DS.d380.s0.i3 -1.000000 0.035527
DS.d380.s2.i2 1.000000 0.478172
DS.d380.s2.i0 1.000000 0.501753
DS.d380.s2.i5 1.000000 0.547964
DS.d1385.s0.i0 1.000000 0.576602
DS.d1385.s1.i1 1.000000 0.371986
DS.d1385.s1.i0 1.000000 0.328706
DS.d1140.s0.i1 -1.000000 -0.187972
DS.d1140.s0.i0 -1.000000 -0.251577
DS.d1140.s0.i3 -1.000000 -0.126088
DS.d1140.s0.i2 -1.000000 -0.119273
DS.d1664.s2.i0 -1.000000 -0.602896
DS.d1664.s3.i0 -1.000000 0.868931
DS.d1664.s0.i0 -1.000000 -0.660117
DS.d1664.s0.i1 -1.000000 -0.638871
DS.d1664.s1.i0 -1.000000 -0.137467
DS.d1789.s0.i1 -1.000000 -0.107217
DS.d1574.s0.i0 1.000000 0.440065
DS.d1782.s0.i1 -1.000000 -0.207262
DS.d1782.s0.i0 -1.000000 -0.219229
DS.d1782.s0.i3 -1.000000 -0.112096
DS.d1782.s0.i2 -1.000000 -0.137389
