DS.d1.s0.i0 1.0 0.744068288927
DS.d13.s0.i0 1.0 1.46835510968
DS.d13.s0.i1 1.0 1.61424711493
DS.d13.s1.i0 1.0 0.088397713839
DS.d13.s2.i0 1.0 0.745339680785
DS.d13.s2.i1 1.0 0.685911999222
DS.d13.s2.i2 1.0 1.0971137419
DS.d13.s3.i0 -1 0.179857108638
DS.d13.s3.i1 -1 -0.0635456369513
DS.d13.s4.i0 1.0 1.21175924747
DS.d13.s4.i1 -1 -0.0107364900855
DS.d28.s0.i0 1.0 0.499953987874
DS.d28.s0.i1 1.0 0.886790386772
DS.d28.s0.i2 1.0 1.22629658613
DS.d28.s1.i0 1.0 1.14772791935
DS.d28.s1.i1 1.0 1.25200584253
DS.d33.s0.i0 1.0 2.18150363357
DS.d33.s0.i1 1.0 1.23202227438
DS.d40.s0.i0 1.0 0.734268692995
DS.d62.s0.i0 -1 1.10990257933
DS.d76.s0.i0 1.0 0.231599399883
DS.d76.s0.i1 1.0 0.90955481901
DS.d76.s0.i2 1.0 0.307586361219
DS.d76.s0.i3 1.0 1.29727043518
DS.d76.s1.i0 1.0 1.37631438529
DS.d76.s1.i1 1.0 0.730962918549
DS.d76.s1.i2 1.0 1.12502894783
DS.d76.s1.i3 1.0 0.424071864155
DS.d83.s0.i0 1.0 -0.130031915302
DS.d85.s0.i0 1.0 0.71477564629
DS.d86.s0.i0 1.0 1.53145910706
DS.d86.s0.i1 1.0 1.34018496075
DS.d86.s1.i0 1.0 1.32290857003
DS.d86.s1.i1 -1 1.0606540538
DS.d86.s1.i2 -1 0.830888501739
DS.d92.s0.i0 1.0 1.32490393488
DS.d92.s1.i0 1.0 -0.566120967803
DS.d92.s2.i0 1.0 0.748885054501
DS.d92.s3.i0 1.0 1.43989232519
DS.d101.s0.i0 1.0 -0.668176739797
DS.d124.s0.i0 1.0 0.884245546353
DS.d124.s0.i1 1.0 0.401566939872
DS.d124.s0.i2 1.0 0.966274450098
DS.d124.s0.i3 1.0 0.579661928896
DS.d124.s0.i4 1.0 0.969321637247
DS.d124.s0.i5 1.0 0.92813984654
DS.d141.s0.i0 -1 0.590121738479
DS.d141.s1.i0 1.0 0.163211686054
DS.d141.s1.i1 1.0 0.999346686098
DS.d141.s2.i0 1.0 0.463402631633
DS.d144.s0.i0 -1 -0.508938860727
DS.d149.s0.i0 -1 0.00918606869756
DS.d151.s0.i0 -1 0.658582361796
DS.d155.s0.i0 1.0 1.26045401338
DS.d155.s0.i1 1.0 0.564531818173
DS.d155.s0.i2 1.0 1.56188529468
DS.d167.s0.i0 1.0 1.28180154244
DS.d196.s0.i0 1.0 1.6721944074
DS.d196.s0.i1 1.0 1.50193365084
DS.d196.s0.i2 1.0 1.72126994255
DS.d196.s0.i3 1.0 1.64296664338
DS.d196.s1.i0 -1 1.18220267669
DS.d203.s0.i0 1.0 0.170125270233
DS.d203.s0.i1 1.0 0.550080733769
DS.d207.s0.i0 1.0 0.475537746526
DS.d217.s0.i0 -1 1.25842099443
DS.d217.s1.i0 -1 -0.105195824836
DS.d217.s1.i1 -1 -0.124922749043
DS.d236.s0.i0 -1 -0.0810475636587
DS.d236.s0.i1 -1 -0.36157908725
DS.d236.s0.i2 -1 -0.708778660342
DS.d257.s0.i0 1.0 1.44520648018
DS.d257.s0.i1 -1 0.52174378546
DS.d257.s0.i2 -1 1.61751371974
DS.d257.s1.i0 1.0 0.199114619054
DS.d257.s2.i0 1.0 0.721075884851
DS.d257.s3.i0 1.0 1.63706383383
DS.d265.s0.i0 1.0 1.89986605828
DS.d265.s0.i1 -1 -0.433783286845
DS.d265.s1.i0 1.0 1.24091433628
DS.d265.s1.i1 1.0 1.35951029949
DS.d265.s1.i2 1.0 1.17208261933
DS.d265.s1.i3 1.0 1.09030921372
DS.d268.s0.i0 1.0 0.531770502421
DS.d268.s0.i1 1.0 0.117729189737
DS.d269.s0.i0 1.0 1.04098417835
DS.d269.s1.i0 1.0 0.085738530855
DS.d269.s1.i1 1.0 -0.561440641464
DS.d269.s1.i2 -1 -1.74747445624
DS.d269.s2.i0 -1 -1.40906244516
DS.d269.s2.i1 -1 -0.637185997895
DS.d269.s2.i2 1.0 -0.152684022878
DS.d269.s2.i3 -1 -0.406436872297
DS.d269.s2.i4 1.0 -0.559037306064
DS.d269.s2.i5 -1 -1.83267421236
DS.d269.s2.i6 -1 -0.303334982815
DS.d269.s2.i7 -1 -0.299591706302
DS.d273.s0.i0 1.0 1.07128161355
DS.d273.s1.i0 1.0 0.591128680831
DS.d273.s1.i1 1.0 0.329758860283
DS.d283.s0.i0 1.0 0.497071466776
DS.d283.s0.i1 1.0 0.623053049951
DS.d283.s0.i2 1.0 0.591438807408
DS.d283.s0.i3 1.0 0.723392858221
DS.d304.s0.i0 -1 -0.541950652577
DS.d308.s0.i0 1.0 0.775688236809
DS.d308.s0.i1 1.0 1.32231109315
DS.d308.s1.i0 1.0 0.41084833977
DS.d308.s1.i1 1.0 0.310956102354
DS.d308.s1.i2 1.0 0.407816875335
DS.d308.s2.i0 1.0 1.0706817973
DS.d308.s3.i0 1.0 1.44745660308
DS.d308.s3.i1 1.0 1.72038446136
DS.d308.s4.i0 1.0 1.22823856627
DS.d308.s4.i1 1.0 1.22823856627
DS.d308.s5.i0 1.0 1.16783904499
DS.d308.s5.i1 1.0 1.16783904499
DS.d313.s0.i0 1.0 -0.00272401038899
DS.d313.s1.i0 1.0 1.05621410293
DS.d313.s1.i1 1.0 0.32844054209
DS.d313.s2.i0 1.0 1.20145052811
DS.d313.s3.i0 1.0 0.340563335757
DS.d313.s4.i0 1.0 0.828927396373
DS.d313.s5.i0 1.0 0.929014323754
DS.d331.s0.i0 -1 0.660832167564
DS.d331.s0.i1 1.0 0.183849907948
DS.d331.s0.i2 1.0 0.161828594418
DS.d331.s0.i3 -1 0.834703279059
DS.d380.s0.i0 1.0 -0.330210866381
DS.d380.s0.i1 1.0 0.337732778143
DS.d380.s0.i2 1.0 -0.0527600051657
DS.d380.s0.i3 1.0 0.337732778143
DS.d380.s0.i4 1.0 -0.0527600051657
DS.d380.s0.i5 1.0 0.115785376009
DS.d380.s0.i6 1.0 0.106729934196
DS.d380.s0.i7 1.0 0.106729934196
DS.d380.s0.i8 1.0 -0.330210866381
DS.d380.s0.i9 1.0 0.115785376009
DS.d380.s1.i0 -1 0.194262746396
DS.d380.s1.i1 -1 0.194262746396
DS.d380.s1.i2 -1 -0.0332692997169
DS.d380.s1.i3 -1 -0.0332692997169
DS.d380.s1.i4 -1 -0.447922482273
DS.d380.s1.i5 -1 -0.751990665024
DS.d380.s1.i6 -1 -0.246447770905
DS.d380.s1.i7 -1 -0.420399768574
DS.d380.s1.i8 -1 -0.420399768574
DS.d380.s2.i0 1.0 1.07860032892
DS.d380.s2.i1 1.0 1.02444642772
DS.d380.s2.i2 1.0 1.02444642772
DS.d380.s2.i3 1.0 1.13148934712
DS.d380.s2.i4 1.0 1.07860032892
DS.d380.s2.i5 1.0 1.13148934712
DS.d387.s0.i0 1.0 0.967188102786
DS.d387.s0.i1 1.0 0.661878299864
DS.d393.s0.i0 -1 0.131036833923
DS.d393.s0.i1 -1 0.188848406903
DS.d393.s0.i2 -1 0.50383811942
DS.d393.s0.i3 -1 0.3852587008
DS.d393.s1.i0 -1 -0.667454753546
DS.d393.s1.i1 -1 -0.676756249128
DS.d393.s1.i2 -1 -0.590292993926
DS.d393.s1.i3 -1 -0.693928937242
DS.d405.s0.i0 1.0 1.23234905679
DS.d405.s0.i1 1.0 1.62110678655
DS.d405.s1.i0 -1 -0.567195220673
DS.d405.s1.i1 1.0 1.76047000175
DS.d405.s1.i2 -1 0.183551925576
DS.d405.s1.i3 1.0 0.64389937432
DS.d405.s2.i0 1.0 1.25512492375
DS.d405.s2.i1 1.0 2.5741286152
DS.d405.s3.i0 1.0 0.886686718419
DS.d405.s3.i1 1.0 0.45545625104
DS.d405.s4.i0 1.0 1.66255157592
DS.d405.s4.i1 1.0 1.5817312462
DS.d405.s4.i2 1.0 1.66255157592
DS.d411.s0.i0 1.0 2.68483279806
DS.d415.s0.i0 -1 -0.150409348447
DS.d415.s0.i1 -1 -0.379230909902
DS.d415.s0.i2 -1 0.759766801241
DS.d415.s0.i3 -1 -0.159518358749
DS.d420.s0.i0 1.0 0.662312509706
DS.d420.s1.i0 1.0 0.457328643916
DS.d447.s0.i0 1.0 1.29915961185
DS.d455.s0.i0 1.0 -1.31605934417
DS.d455.s0.i1 1.0 -1.39753796671
DS.d460.s0.i0 -1 -0.481142475501
DS.d460.s1.i0 1.0 1.36544174727
DS.d494.s0.i0 1.0 1.71556212855
DS.d494.s0.i1 1.0 1.34019742133
DS.d511.s0.i0 -1 0.531406501897
DS.d511.s0.i1 -1 0.937494802742
DS.d518.s0.i0 1.0 1.25944449612
DS.d521.s0.i0 1.0 0.497478474618
DS.d521.s0.i1 1.0 0.725353802025
DS.d525.s0.i0 1.0 -0.304184903203
DS.d525.s0.i1 1.0 0.0062942116133
DS.d528.s0.i0 1.0 0.567524947307
DS.d528.s0.i1 1.0 0.971058423664
DS.d536.s0.i0 1.0 0.0631941585952
DS.d536.s0.i1 1.0 0.266499725815
DS.d536.s0.i2 1.0 0.154681765071
DS.d536.s0.i3 1.0 0.143977731252
DS.d536.s1.i0 -1 0.137956844441
DS.d536.s1.i1 1.0 0.541331388456
DS.d550.s0.i0 -1 -0.707226953947
DS.d550.s0.i1 -1 -0.700529597116
DS.d550.s0.i2 -1 -0.204996834559
DS.d550.s0.i3 -1 -0.679365499174
DS.d550.s0.i4 -1 -0.051298477082
DS.d550.s0.i5 -1 0.019773481289
DS.d550.s0.i6 -1 -0.309103422317
DS.d550.s0.i7 -1 -0.713798777044
DS.d550.s0.i8 -1 -0.58091155714
DS.d553.s0.i0 1.0 0.369609548289
DS.d553.s0.i1 1.0 0.286738351538
DS.d561.s0.i0 -1 -0.685248534802
DS.d565.s0.i0 1.0 1.12146290716
DS.d589.s0.i0 1.0 1.5572515929
DS.d589.s0.i1 1.0 1.02800253226
DS.d589.s0.i2 1.0 1.02800253226
DS.d589.s0.i3 1.0 1.5572515929
DS.d645.s0.i0 1.0 0.391129854192
DS.d664.s0.i0 -1 -0.037917095995
DS.d664.s0.i1 -1 0.28165641116
DS.d664.s0.i2 -1 -0.285233037297
DS.d664.s0.i3 -1 0.163172352792
DS.d684.s0.i0 -1 -0.839084137333
DS.d684.s0.i1 1.0 -0.463539765596
DS.d684.s0.i2 -1 -0.675418933718
DS.d684.s0.i3 1.0 0.109877274867
DS.d692.s0.i0 1.0 1.52995533168
DS.d692.s0.i1 1.0 1.25202436864
DS.d710.s0.i0 -1 -0.708115982695
DS.d713.s0.i0 1.0 1.58840117839
DS.d713.s0.i1 1.0 0.730966236388
DS.d713.s1.i0 1.0 0.461380208817
DS.d713.s1.i1 1.0 0.617930111861
DS.d719.s0.i0 1.0 1.30495481179
DS.d719.s0.i1 -1 0.587816434829
DS.d730.s0.i0 1.0 -0.822317630615
DS.d736.s0.i0 1.0 1.19414779518
DS.d737.s0.i0 -1 -0.86625235887
DS.d737.s0.i1 -1 1.1276858861
DS.d737.s0.i2 -1 0.235073365878
DS.d737.s1.i0 -1 -0.8689059244
DS.d737.s1.i1 1.0 0.795336135547
DS.d743.s0.i0 1.0 0.91856723515
DS.d751.s0.i0 1.0 1.68790658912
DS.d761.s0.i0 -1 0.614911688688
DS.d761.s0.i1 -1 0.407031809541
DS.d761.s0.i2 -1 -0.114714734451
DS.d766.s0.i0 -1 1.82923639648
DS.d766.s0.i1 -1 1.06729457355
DS.d766.s0.i2 -1 2.09729099223
DS.d766.s0.i3 -1 1.51492748756
DS.d781.s0.i0 1.0 1.14843220466
DS.d781.s1.i0 1.0 1.90130099616
DS.d781.s1.i1 1.0 1.86607524087
DS.d789.s0.i0 1.0 0.0294389623627
DS.d789.s0.i1 1.0 0.0294389623627
DS.d795.s0.i0 1.0 1.26517644435
DS.d807.s0.i0 1.0 0.318844656592
DS.d807.s0.i1 1.0 0.233811772237
DS.d807.s1.i0 1.0 0.674075015034
DS.d808.s0.i0 -1 0.748690311041
DS.d808.s1.i0 -1 2.28639643794
DS.d808.s1.i1 1.0 0.514348493222
DS.d808.s2.i0 1.0 1.50886148995
DS.d808.s2.i1 1.0 1.40933519633
DS.d820.s0.i0 -1 0.336123271457
DS.d820.s0.i1 -1 0.134445213775
DS.d820.s0.i2 -1 2.15490640473
DS.d820.s1.i0 1.0 1.56015685758
DS.d820.s2.i0 -1 -0.376793581779
DS.d820.s2.i1 -1 -1.62833934936
DS.d820.s3.i0 -1 0.340273185004
DS.d826.s0.i0 1.0 0.954228579318
DS.d826.s0.i1 1.0 0.376498718244
DS.d826.s0.i2 -1 1.50023834477
DS.d826.s0.i3 -1 0.215632055036
DS.d826.s0.i4 -1 0.623917248049
DS.d826.s0.i5 1.0 1.22170223888
DS.d826.s0.i6 1.0 0.50604387485
DS.d826.s0.i7 -1 1.0359170802
DS.d826.s1.i0 1.0 -0.955362232316
DS.d826.s1.i1 1.0 -0.0552985206673
DS.d826.s1.i2 1.0 -1.0306743954
DS.d826.s2.i0 1.0 2.42982041073
DS.d826.s2.i1 1.0 2.22598056096
DS.d826.s2.i2 1.0 1.97207784559
DS.d826.s2.i3 1.0 1.98129081983
DS.d826.s3.i0 1.0 0.726484733903
DS.d826.s3.i1 1.0 0.726484733903
DS.d826.s3.i2 1.0 1.35632284987
DS.d826.s3.i3 1.0 1.35632284987
DS.d843.s0.i0 -1 0.460552853449
DS.d843.s0.i1 1.0 2.10290184635
DS.d843.s0.i2 -1 -0.00918122085899
DS.d843.s0.i3 1.0 1.50716162865
DS.d843.s1.i0 -1 0.290882671928
DS.d852.s0.i0 1.0 0.701178225655
DS.d854.s0.i0 1.0 1.80874702686
DS.d854.s0.i1 -1 0.674742367232
DS.d854.s1.i0 1.0 1.79356008613
DS.d854.s2.i0 -1 -0.0176910059309
DS.d854.s3.i0 1.0 -0.226452940273
DS.d854.s3.i1 -1 0.246698901492
DS.d865.s0.i0 1.0 0.582238745226
DS.d865.s0.i1 1.0 0.415014770024
DS.d873.s0.i0 1.0 1.91748353407
DS.d873.s0.i1 1.0 1.59978188143
DS.d873.s1.i0 1.0 1.47849717492
DS.d873.s2.i0 1.0 1.54635651473
DS.d876.s0.i0 -1 -0.818365497131
DS.d876.s0.i1 -1 0.224664281072
DS.d876.s0.i2 -1 -0.297418925598
DS.d893.s0.i0 -1 -0.971402497765
DS.d893.s0.i1 1.0 0.0186537322531
DS.d896.s0.i0 1.0 0.702668547758
DS.d896.s0.i1 1.0 0.576914757295
DS.d930.s0.i0 -1 0.0669120050384
DS.d930.s0.i1 -1 -0.693639483609
DS.d930.s0.i2 -1 -0.640669862107
DS.d937.s0.i0 1.0 -0.26000486171
DS.d937.s0.i1 1.0 -0.349395201547
DS.d960.s0.i0 -1 0.698720747664
DS.d960.s0.i1 -1 0.571293461957
DS.d972.s0.i0 1.0 0.670383260673
DS.d972.s0.i1 1.0 0.617325594888
DS.d972.s0.i2 1.0 0.497543981215
DS.d972.s0.i3 1.0 0.71557869994
DS.d972.s1.i0 1.0 1.4328111051
DS.d980.s0.i0 1.0 -0.0425941022254
DS.d986.s0.i0 1.0 -0.709509564876
DS.d1010.s0.i0 1.0 1.1362204609
DS.d1010.s0.i1 1.0 0.134229210349
DS.d1010.s0.i2 1.0 0.934155408756
DS.d1010.s0.i3 1.0 0.384748729347
DS.d1016.s0.i0 1.0 0.876103996676
DS.d1016.s0.i1 1.0 0.659316560911
DS.d1026.s0.i0 1.0 1.04911326036
DS.d1026.s1.i0 1.0 1.01982473044
DS.d1044.s0.i0 1.0 0.782479254312
DS.d1049.s0.i0 -1 -0.266435293399
DS.d1053.s0.i0 1.0 0.553195090531
DS.d1062.s0.i0 -1 -0.356057780149
DS.d1062.s0.i1 -1 -1.3500574605
DS.d1068.s0.i0 -1 -0.440150166623
DS.d1068.s0.i1 -1 -0.416636733585
DS.d1068.s0.i2 -1 -0.614987008465
DS.d1068.s0.i3 -1 -0.496400392528
DS.d1068.s0.i4 -1 -0.53478143055
DS.d1068.s0.i5 -1 -0.168465331259
DS.d1068.s0.i6 -1 -0.624728570427
DS.d1068.s0.i7 -1 -0.495438117962
DS.d1068.s0.i8 -1 -0.219526907084
DS.d1068.s0.i9 -1 -0.52890596249
DS.d1068.s0.i10 -1 -0.609870013221
DS.d1068.s0.i11 -1 -0.199367135355
DS.d1068.s0.i12 -1 -0.225997162419
DS.d1068.s0.i13 -1 -0.53482465623
DS.d1068.s1.i0 1.0 0.608293323075
DS.d1068.s1.i1 1.0 0.42566977382
DS.d1076.s0.i0 -1 0.548991051977
DS.d1076.s0.i1 -1 0.594775425253
DS.d1081.s0.i0 -1 -0.0329800240572
DS.d1081.s0.i1 -1 -0.18965469387
DS.d1103.s0.i0 -1 -0.198343259169
DS.d1103.s0.i1 -1 0.0692957814807
DS.d1103.s1.i0 1.0 -0.115952031143
DS.d1107.s0.i0 -1 0.352354295925
DS.d1133.s0.i0 1.0 1.44378074043
DS.d1133.s0.i1 -1 0.265434513638
DS.d1148.s0.i0 -1 -0.379084166094
DS.d1148.s0.i1 -1 -0.732779231163
DS.d1148.s0.i2 -1 -0.732779231163
DS.d1148.s0.i3 -1 -0.379084166094
DS.d1149.s0.i0 1.0 0.451199060543
DS.d1155.s0.i0 -1 -0.459084260271
DS.d1155.s0.i1 -1 -0.343093892119
DS.d1155.s0.i2 1.0 0.530205390723
DS.d1155.s0.i3 1.0 1.06746530554
DS.d1155.s1.i0 -1 -0.448241415399
DS.d1155.s1.i1 -1 0.14381804704
DS.d1155.s2.i0 -1 -0.540976581445
DS.d1155.s2.i1 -1 0.25142011419
DS.d1155.s2.i2 -1 -1.12095098325
DS.d1156.s0.i0 1.0 0.407571639437
DS.d1156.s1.i0 1.0 1.59848821977
DS.d1156.s1.i1 1.0 1.08256940769
DS.d1175.s0.i0 1.0 0.674194663223
DS.d1187.s0.i0 -1 -0.778334198723
DS.d1187.s0.i1 -1 -0.485186643201
DS.d1187.s0.i2 -1 -0.0546589279017
DS.d1187.s0.i3 -1 -0.0396847429859
DS.d1187.s1.i0 1.0 0.271239671322
DS.d1195.s0.i0 -1 0.00665649983309
DS.d1210.s0.i0 -1 -0.265422840186
DS.d1210.s0.i1 1.0 0.158748294213
DS.d1210.s1.i0 1.0 0.738781579281
DS.d1221.s0.i0 1.0 1.33814755621
DS.d1221.s0.i1 1.0 1.35286536539
DS.d1225.s0.i0 1.0 -0.507307657765
DS.d1225.s0.i1 1.0 -0.545505511693
DS.d1249.s0.i0 -1 -0.84512053211
DS.d1249.s0.i1 -1 -1.1369985312
DS.d1250.s0.i0 -1 0.547342748898
DS.d1250.s0.i1 -1 0.711590401139
DS.d1250.s0.i2 -1 1.25519760533
DS.d1250.s0.i3 -1 0.387241145508
DS.d1258.s0.i0 1.0 0.27475725807
DS.d1277.s0.i0 1.0 0.0637675507125
DS.d1277.s1.i0 1.0 2.03166633081
DS.d1282.s0.i0 -1 -1.32329527933
DS.d1301.s0.i0 1.0 0.355131483082
DS.d1301.s0.i1 1.0 0.191323262348
DS.d1301.s0.i2 1.0 0.304537337634
DS.d1301.s0.i3 1.0 0.433164131679
DS.d1301.s0.i4 1.0 0.191323262348
DS.d1301.s0.i5 1.0 0.304537337634
DS.d1313.s0.i0 -1 0.0602862555651
DS.d1316.s0.i0 -1 -0.786073851272
DS.d1338.s0.i0 1.0 0.962371515344
DS.d1338.s0.i1 1.0 1.27808318521
DS.d1338.s0.i2 1.0 1.4076469601
DS.d1338.s0.i3 1.0 -0.309204436012
DS.d1338.s0.i4 1.0 1.02738282261
DS.d1338.s0.i5 1.0 0.0509093762426
DS.d1338.s1.i0 -1 0.232316817748
DS.d1338.s1.i1 -1 -1.11084519664
DS.d1360.s0.i0 1.0 1.67481919277
DS.d1360.s1.i0 1.0 1.34191010211
DS.d1360.s1.i1 1.0 0.990711697412
DS.d1360.s2.i0 1.0 1.72152555311
DS.d1360.s2.i1 1.0 1.35670313532
DS.d1378.s0.i0 1.0 -0.56010945787
DS.d1378.s0.i1 1.0 -0.764837719909
DS.d1378.s0.i2 1.0 -0.646254548393
DS.d1378.s0.i3 1.0 -0.458679677164
DS.d1378.s0.i4 1.0 -0.438825395034
DS.d1378.s0.i5 1.0 -0.316523163505
DS.d1378.s0.i6 1.0 -0.0109112715984
DS.d1378.s0.i7 1.0 -0.766292075578
DS.d1384.s0.i0 1.0 1.3119556679
DS.d1390.s0.i0 -1 0.0347556265084
DS.d1401.s0.i0 1.0 1.71879140587
DS.d1401.s1.i0 1.0 1.14109104832
DS.d1401.s1.i1 1.0 1.0951131619
DS.d1408.s0.i0 1.0 0.549218278933
DS.d1408.s0.i1 1.0 0.485853499145
DS.d1409.s0.i0 -1 0.783813039582
DS.d1409.s0.i1 -1 0.871360769078
DS.d1409.s0.i2 -1 0.113871756628
DS.d1409.s0.i3 -1 0.462876623508
DS.d1424.s0.i0 -1 -0.116343091425
DS.d1425.s0.i0 1.0 2.15917305943
DS.d1425.s1.i0 1.0 0.684351660115
DS.d1438.s0.i0 -1 0.715513449703
DS.d1440.s0.i0 1.0 0.999504577008
DS.d1440.s1.i0 1.0 0.531016046133
DS.d1440.s1.i1 1.0 0.588041713933
DS.d1453.s0.i0 1.0 0.383935176662
DS.d1459.s0.i0 1.0 0.364472363187
DS.d1459.s0.i1 1.0 0.684750953052
DS.d1485.s0.i0 -1 0.182244121483
DS.d1508.s0.i0 1.0 0.657903068214
DS.d1512.s0.i0 1.0 1.915708902
DS.d1513.s0.i0 1.0 0.477096224481
DS.d1513.s0.i1 1.0 0.677324486989
DS.d1513.s0.i2 1.0 0.462583762595
DS.d1516.s0.i0 1.0 1.79775908685
DS.d1516.s0.i1 1.0 1.17673580691
DS.d1516.s1.i0 1.0 0.6540844454
DS.d1516.s1.i1 1.0 1.46694022178
DS.d1526.s0.i0 1.0 0.571534022234
DS.d1526.s0.i1 1.0 0.571534022234
DS.d1533.s0.i0 -1 1.02834944961
DS.d1534.s0.i0 -1 -1.4673860614
DS.d1534.s0.i1 -1 -1.2575500072
DS.d1534.s0.i2 -1 -1.33559432057
DS.d1546.s0.i0 -1 -0.188118654131
DS.d1546.s1.i0 -1 -0.768591002636
DS.d1546.s1.i1 1.0 0.66582178422
DS.d1546.s1.i2 -1 -1.15143737148
DS.d1548.s0.i0 -1 -0.860198454719
DS.d1548.s0.i1 -1 -1.18588031499
DS.d1552.s0.i0 1.0 0.838243040591
DS.d1554.s0.i0 -1 -1.04786745118
DS.d1554.s0.i1 -1 -1.62946524937
DS.d1554.s0.i2 -1 -1.02425823104
DS.d1554.s0.i3 -1 -2.20188268074
DS.d1554.s0.i4 -1 -1.6012686654
DS.d1554.s0.i5 -1 -1.00483736095
DS.d1554.s0.i6 -1 -1.04564783309
DS.d1554.s0.i7 -1 -1.44613718366
DS.d1554.s0.i8 -1 -1.39312164384
DS.d1554.s0.i9 -1 -1.09978850427
DS.d1554.s0.i10 -1 -1.44383741137
DS.d1554.s0.i11 -1 -1.06506870318
DS.d1561.s0.i0 1.0 0.281789715683
DS.d1563.s0.i0 1.0 1.21657199398
DS.d1563.s0.i1 1.0 1.10330239783
DS.d1567.s0.i0 1.0 0.090871869776
DS.d1571.s0.i0 1.0 0.816048107976
DS.d1572.s0.i0 1.0 0.43170618323
DS.d1572.s0.i1 1.0 0.810454300732
DS.d1599.s0.i0 1.0 0.897818907991
DS.d1599.s1.i0 1.0 0.322409569835
DS.d1603.s0.i0 -1 0.202044027172
DS.d1603.s0.i1 -1 -0.0253857749394
DS.d1605.s0.i0 1.0 1.03868618503
DS.d1605.s1.i0 1.0 0.669451782361
DS.d1607.s0.i0 1.0 1.14228141737
DS.d1611.s0.i0 1.0 0.906392317055
DS.d1611.s0.i1 1.0 0.666940294492
DS.d1630.s0.i0 1.0 1.2499091828
DS.d1630.s0.i1 1.0 1.06203518789
DS.d1650.s0.i0 1.0 -0.0903415299983
DS.d1650.s0.i1 1.0 -0.154918686133
DS.d1650.s0.i2 1.0 -0.416159689334
DS.d1657.s0.i0 1.0 1.69787950283
DS.d1658.s0.i0 -1 -0.591979793929
DS.d1658.s0.i1 -1 -0.960513372817
DS.d1661.s0.i0 1.0 0.370591018682
DS.d1661.s0.i1 1.0 0.370591018682
DS.d1663.s0.i0 1.0 0.872756752964
DS.d1663.s0.i1 1.0 0.342169566386
DS.d1663.s1.i0 1.0 0.175196973992
DS.d1684.s0.i0 -1 0.359505505225
DS.d1685.s0.i0 1.0 0.905513473863
DS.d1685.s1.i0 1.0 0.338197436741
DS.d1686.s0.i0 1.0 0.632236319508
DS.d1717.s0.i0 -1 0.275619988528
DS.d1717.s0.i1 -1 -0.0392560129686
DS.d1717.s0.i2 -1 0.291036924738
DS.d1722.s0.i0 -1 -1.24573569733
DS.d1722.s0.i1 -1 -0.553633102925
DS.d1722.s0.i2 -1 -0.375988708433
DS.d1722.s0.i3 -1 -0.701935117246
DS.d1722.s0.i4 -1 -0.976010724341
DS.d1722.s0.i5 -1 -0.0428119303117
DS.d1722.s0.i6 -1 -0.288483114516
DS.d1722.s0.i7 -1 -1.53425403532
DS.d1722.s1.i0 -1 -0.890018529355
DS.d1722.s1.i1 -1 -0.46546810365
DS.d1722.s1.i2 -1 -0.573617741885
DS.d1724.s0.i0 1.0 0.390624552
DS.d1736.s0.i0 1.0 0.732981322597
DS.d1736.s0.i1 1.0 0.496113650787
DS.d1736.s1.i0 1.0 0.401727760279
DS.d1746.s0.i0 1.0 0.0319991972095
DS.d1755.s0.i0 -1 0.0577674487483
DS.d1755.s0.i1 -1 -0.152355076403
DS.d1767.s0.i0 1.0 0.314916802069
DS.d1767.s0.i1 1.0 0.314916802069
DS.d1776.s0.i0 1.0 0.653637713352
DS.d1776.s0.i1 1.0 0.28724046025
DS.d1786.s0.i0 1.0 2.01118942619
DS.d1786.s0.i1 1.0 1.79808615575
DS.d1787.s0.i0 1.0 0.401188633161
DS.d1787.s0.i1 1.0 0.873680508279
DS.d1795.s0.i0 -1 0.0658670128416
DS.d1805.s0.i0 1.0 1.13972629258
DS.d1805.s0.i1 1.0 1.18295680967
DS.d1805.s0.i2 1.0 1.37155044437
DS.d1805.s0.i3 1.0 0.977311614278
DS.d1808.s0.i0 1.0 1.87505843198
DS.d1808.s0.i1 1.0 1.87505843198
DS.d1808.s1.i0 1.0 -0.519465394449
DS.d1808.s1.i1 1.0 0.410714514265
DS.d1808.s1.i2 1.0 1.06787299145
DS.d1808.s1.i3 1.0 1.06787299145
DS.d1808.s1.i4 1.0 0.805165701311
DS.d1808.s1.i5 1.0 0.805165701311
DS.d1822.s0.i0 1.0 0.404677145004
DS.d1839.s0.i0 1.0 0.870201635341
DS.d1839.s0.i1 1.0 0.944616921301
DS.d1839.s0.i2 1.0 1.16466748038
DS.d1839.s0.i3 1.0 0.894811200455
DS.d1839.s1.i0 1.0 0.937683027191
DS.d1839.s1.i1 1.0 0.948631495468
DS.d1839.s2.i0 1.0 0.946339895208
DS.d1839.s3.i0 1.0 0.564556502072
DS.d1839.s4.i0 -1 -0.169182705776
DS.d1840.s0.i0 -1 0.0649619747657
DS.d1845.s0.i0 1.0 0.346049250992
DS.d1845.s0.i1 1.0 0.11074455703
DS.d1845.s0.i2 1.0 0.346049250992
DS.d1845.s0.i3 1.0 0.11074455703
DS.d1845.s0.i4 1.0 0.21120847447
DS.d1845.s0.i5 1.0 0.21120847447
DS.d1863.s0.i0 1.0 0.102800180408
DS.d1870.s0.i0 1.0 0.872452864694
DS.d1877.s0.i0 1.0 1.24757304239
DS.d1877.s1.i0 1.0 0.827929823749
DS.d1877.s1.i1 1.0 0.827929823749
DS.d1884.s0.i0 -1 0.115865966485
DS.d1890.s0.i0 1.0 1.73562564582
