DS.d1.s0.i0 1.0 0.525061194638
DS.d2.s0.i0 1.0 -0.270566982263
DS.d13.s0.i0 1.0 0.947097672445
DS.d13.s0.i1 1.0 1.02038594623
DS.d13.s1.i0 1.0 -0.590812796304
DS.d13.s2.i0 1.0 1.53842800297
DS.d13.s2.i1 1.0 1.48762148759
DS.d13.s2.i2 1.0 1.27041794606
DS.d13.s3.i0 -1 0.047659059937
DS.d13.s3.i1 -1 -0.109636918644
DS.d13.s4.i0 1.0 1.22477898568
DS.d13.s4.i1 -1 -0.189294197689
DS.d41.s0.i0 1.0 -0.472800441261
DS.d41.s0.i1 1.0 -0.953276637787
DS.d54.s0.i0 -1 -1.32900066905
DS.d97.s0.i0 1.0 2.24849567327
DS.d114.s0.i0 1.0 1.76647574564
DS.d115.s0.i0 -1 -0.783605916414
DS.d115.s0.i1 1.0 -1.09647563377
DS.d120.s0.i0 -1 -0.704629763515
DS.d120.s0.i1 -1 -1.23263189128
DS.d120.s0.i2 -1 0.291482564477
DS.d120.s0.i3 -1 -0.42463993058
DS.d120.s0.i4 -1 -0.52190542583
DS.d120.s0.i5 -1 0.705894982696
DS.d123.s0.i0 -1 -1.28589134775
DS.d131.s0.i0 1.0 1.41423683665
DS.d150.s0.i0 1.0 0.584476273152
DS.d150.s0.i1 1.0 0.584476273152
DS.d153.s0.i0 -1 0.979177527261
DS.d153.s0.i1 -1 -0.746492770214
DS.d158.s0.i0 1.0 -0.480953829235
DS.d158.s0.i1 1.0 -0.384898732965
DS.d163.s0.i0 1.0 2.77982173843
DS.d163.s0.i1 1.0 3.19947652673
DS.d163.s0.i2 1.0 2.516337453
DS.d164.s0.i0 -1 -0.210797461804
DS.d164.s0.i1 -1 -1.20360812871
DS.d164.s0.i2 -1 -1.25783557749
DS.d166.s0.i0 1.0 0.406838860658
DS.d197.s0.i0 1.0 0.872929298921
DS.d197.s0.i1 1.0 0.708838591728
DS.d229.s0.i0 1.0 0.0380121820508
DS.d236.s0.i0 -1 0.452225808774
DS.d236.s0.i1 -1 -0.461640705848
DS.d236.s0.i2 -1 -0.840722269641
DS.d237.s0.i0 1.0 0.76203369458
DS.d237.s0.i1 1.0 1.05844746077
DS.d237.s0.i2 1.0 0.580813282256
DS.d237.s0.i3 1.0 2.00396402218
DS.d237.s0.i4 1.0 0.415072336283
DS.d237.s0.i5 1.0 0.804233698595
DS.d237.s0.i6 1.0 2.00396402218
DS.d237.s0.i7 1.0 1.05844746077
DS.d237.s0.i8 1.0 1.32084991309
DS.d237.s0.i9 1.0 0.47439187701
DS.d237.s0.i10 1.0 0.354971244849
DS.d237.s0.i11 1.0 0.680781377584
DS.d237.s0.i12 1.0 0.26875432551
DS.d237.s0.i13 1.0 0.406679287219
DS.d238.s0.i0 -1 1.65761913034
DS.d243.s0.i0 1.0 1.52052260382
DS.d243.s0.i1 1.0 1.52052260382
DS.d243.s0.i2 1.0 1.52052260382
DS.d249.s0.i0 -1 2.76016184554
DS.d259.s0.i0 1.0 -1.8130326968
DS.d269.s0.i0 1.0 1.47105861814
DS.d269.s1.i0 1.0 -0.0509929352687
DS.d269.s1.i1 1.0 -1.12018284843
DS.d269.s1.i2 -1 -2.33701337805
DS.d269.s2.i0 -1 -1.62358750936
DS.d269.s2.i1 -1 -0.853940061221
DS.d269.s2.i2 1.0 -0.824968150643
DS.d269.s2.i3 -1 -0.607999734967
DS.d269.s2.i4 1.0 -1.01988458982
DS.d269.s2.i5 -1 -2.11648843426
DS.d269.s2.i6 -1 -0.524290948709
DS.d269.s2.i7 -1 -0.467721264613
DS.d286.s0.i0 -1 0.00307429117674
DS.d286.s0.i1 1.0 1.77741023986
DS.d286.s0.i2 1.0 0.9073548517
DS.d313.s0.i0 1.0 -0.048144132211
DS.d313.s1.i0 1.0 1.52053616449
DS.d313.s1.i1 1.0 0.830155795169
DS.d313.s2.i0 1.0 1.6752492274
DS.d313.s3.i0 1.0 0.84233978897
DS.d313.s4.i0 1.0 1.02830308368
DS.d313.s5.i0 1.0 0.745166185183
DS.d323.s0.i0 1.0 1.40124865989
DS.d354.s0.i0 1.0 0.114724305878
DS.d358.s0.i0 1.0 2.06123277022
DS.d358.s1.i0 1.0 1.36985210834
DS.d360.s0.i0 -1 1.02943634194
DS.d360.s0.i1 -1 1.26442970388
DS.d360.s1.i0 -1 0.850651989121
DS.d380.s0.i0 1.0 0.0828791221058
DS.d380.s0.i1 1.0 0.729521075173
DS.d380.s0.i2 1.0 0.294286623936
DS.d380.s0.i3 1.0 0.729521075173
DS.d380.s0.i4 1.0 0.294286623936
DS.d380.s0.i5 1.0 0.482995383805
DS.d380.s0.i6 1.0 0.904029585819
DS.d380.s0.i7 1.0 0.904029585819
DS.d380.s0.i8 1.0 0.0828791221058
DS.d380.s0.i9 1.0 0.482995383805
DS.d380.s1.i0 -1 -0.0212171679016
DS.d380.s1.i1 -1 -0.0212171679016
DS.d380.s1.i2 -1 -0.0666511920734
DS.d380.s1.i3 -1 -0.0666511920734
DS.d380.s1.i4 -1 -0.608819936212
DS.d380.s1.i5 -1 -0.825997458114
DS.d380.s1.i6 -1 -0.563385912036
DS.d380.s1.i7 -1 -0.311607162715
DS.d380.s1.i8 -1 -0.311607162715
DS.d380.s2.i0 1.0 2.05652893018
DS.d380.s2.i1 1.0 2.03670921558
DS.d380.s2.i2 1.0 2.03670921558
DS.d380.s2.i3 1.0 2.17864994929
DS.d380.s2.i4 1.0 2.05652893018
DS.d380.s2.i5 1.0 2.17864994929
DS.d392.s0.i0 1.0 3.32737999315
DS.d404.s0.i0 1.0 -0.0336306797857
DS.d404.s0.i1 1.0 0.38487037978
DS.d404.s0.i2 1.0 0.175567684474
DS.d404.s0.i3 1.0 -0.169807970303
DS.d425.s0.i0 -1 -1.471810423
DS.d425.s0.i1 -1 -1.55230896993
DS.d428.s0.i0 1.0 -0.288243313541
DS.d428.s0.i1 1.0 1.38339335211
DS.d428.s0.i2 1.0 1.46209272831
DS.d428.s0.i3 1.0 -0.0796354086827
DS.d428.s1.i0 1.0 1.91440707393
DS.d428.s1.i1 -1 2.76956618851
DS.d428.s1.i2 1.0 2.53269852931
DS.d428.s1.i3 -1 1.45031672595
DS.d428.s2.i0 -1 0.910393500509
DS.d428.s2.i1 1.0 1.55640399609
DS.d483.s0.i0 -1 1.00730801477
DS.d483.s1.i0 1.0 1.80900797269
DS.d495.s0.i0 1.0 1.03141178711
DS.d498.s0.i0 1.0 0.273897387914
DS.d498.s0.i1 1.0 0.273897387914
DS.d499.s0.i0 1.0 1.87664456567
DS.d499.s0.i1 1.0 1.52550410524
DS.d521.s0.i0 1.0 1.23547168071
DS.d521.s0.i1 1.0 1.10021103502
DS.d528.s0.i0 1.0 0.939410816658
DS.d528.s0.i1 1.0 0.713366886605
DS.d531.s0.i0 1.0 1.03722373221
DS.d531.s0.i1 1.0 0.677530904722
DS.d531.s0.i2 1.0 0.862593992164
DS.d531.s0.i3 1.0 0.221682135159
DS.d531.s0.i4 1.0 0.907643869429
DS.d554.s0.i0 1.0 0.077050795505
DS.d554.s0.i1 1.0 0.179570288726
DS.d554.s0.i2 1.0 -0.0287761793745
DS.d562.s0.i0 -1 -0.0472620063906
DS.d562.s1.i0 1.0 1.5040216172
DS.d567.s0.i0 1.0 0.303738228412
DS.d567.s0.i1 1.0 2.1094706002
DS.d567.s1.i0 1.0 1.61314727471
DS.d567.s1.i1 -1 -1.2045767036
DS.d567.s1.i2 1.0 1.53558592883
DS.d599.s0.i0 1.0 -0.712887541527
DS.d599.s1.i0 -1 -1.04261026196
DS.d605.s0.i0 1.0 -0.347927681521
DS.d605.s0.i1 -1 1.12353386508
DS.d605.s0.i2 1.0 -0.334966882651
DS.d605.s0.i3 -1 0.700539803738
DS.d605.s0.i4 -1 1.20608311107
DS.d605.s1.i0 -1 0.0517652280133
DS.d605.s1.i1 1.0 0.0581955083175
DS.d605.s1.i2 1.0 0.573530814741
DS.d613.s0.i0 1.0 0.277391316241
DS.d623.s0.i0 1.0 1.37302706468
DS.d623.s0.i1 1.0 1.74379697044
DS.d623.s1.i0 1.0 -0.10679447529
DS.d623.s1.i1 1.0 -0.11335781581
DS.d623.s2.i0 1.0 1.131441604
DS.d623.s2.i1 1.0 0.882621849684
DS.d623.s2.i2 1.0 1.05621981374
DS.d623.s2.i3 1.0 0.850891654174
DS.d623.s3.i0 1.0 1.38245641043
DS.d623.s3.i1 1.0 0.0315725500427
DS.d623.s4.i0 1.0 1.01680134763
DS.d623.s4.i1 1.0 1.20600560656
DS.d623.s4.i2 -1 1.19285038212
DS.d623.s4.i3 -1 0.855454997119
DS.d635.s0.i0 1.0 2.09529612403
DS.d635.s0.i1 1.0 1.84630116706
DS.d640.s0.i0 -1 1.9494682464
DS.d641.s0.i0 1.0 1.24000440885
DS.d641.s0.i1 1.0 1.09691278075
DS.d691.s0.i0 1.0 0.879855962267
DS.d699.s0.i0 1.0 2.23435919545
DS.d699.s0.i1 1.0 2.23435919545
DS.d699.s1.i0 1.0 -0.470960338561
DS.d699.s1.i1 -1 -1.49339381503
DS.d699.s1.i2 -1 -1.86821090968
DS.d699.s2.i0 1.0 -0.145628826769
DS.d701.s0.i0 -1 -0.907094290928
DS.d701.s0.i1 -1 -0.355602965452
DS.d703.s0.i0 1.0 2.68909946664
DS.d707.s0.i0 1.0 -1.2603117877
DS.d707.s0.i1 1.0 -0.905383852569
DS.d707.s1.i0 1.0 -1.0458795553
DS.d717.s0.i0 1.0 0.834245159998
DS.d725.s0.i0 1.0 1.14934182043
DS.d725.s1.i0 1.0 0.0474985901867
DS.d725.s1.i1 1.0 0.0474985901867
DS.d725.s1.i2 1.0 0.198175501092
DS.d730.s0.i0 1.0 -0.903012611635
DS.d739.s0.i0 1.0 -1.59691952301
DS.d739.s0.i1 1.0 -2.2404679031
DS.d739.s0.i2 1.0 -1.78172941854
DS.d739.s0.i3 1.0 -2.06293572011
DS.d739.s1.i0 1.0 0.000430631873898
DS.d739.s1.i1 1.0 -0.178961183933
DS.d739.s1.i2 1.0 -1.42391508489
DS.d739.s1.i3 1.0 -0.837705296074
DS.d739.s1.i4 1.0 0.441301530466
DS.d739.s1.i5 1.0 -0.554151645316
DS.d739.s1.i6 1.0 0.463223726019
DS.d739.s1.i7 1.0 -0.893137641161
DS.d744.s0.i0 -1 -1.0172262557
DS.d744.s0.i1 -1 -0.782106703029
DS.d749.s0.i0 1.0 -0.215327381908
DS.d749.s0.i1 1.0 -0.868323552604
DS.d749.s1.i0 1.0 0.524129569733
DS.d749.s1.i1 1.0 0.688293863228
DS.d749.s2.i0 1.0 -0.254168336274
DS.d749.s2.i1 1.0 -0.043080234923
DS.d749.s2.i2 1.0 0.000179713171434
DS.d749.s3.i0 -1 0.637927052503
DS.d765.s0.i0 -1 0.70848210637
DS.d765.s0.i1 -1 2.21559436884
DS.d765.s0.i2 -1 0.70848210637
DS.d765.s0.i3 -1 2.21559436884
DS.d765.s1.i0 -1 -0.480790053242
DS.d765.s1.i1 -1 -0.577332059646
DS.d765.s1.i2 -1 -0.480790053242
DS.d765.s1.i3 -1 -0.577332059646
DS.d788.s0.i0 -1 -1.04150232264
DS.d788.s0.i1 -1 -1.29555715139
DS.d788.s0.i2 -1 0.271892408194
DS.d788.s0.i3 -1 -0.750191788593
DS.d788.s0.i4 -1 0.459651669542
DS.d788.s0.i5 -1 0.10491576381
DS.d788.s0.i6 -1 -0.694488915598
DS.d788.s0.i7 -1 0.205596840793
DS.d788.s0.i8 -1 0.338927901246
DS.d788.s0.i9 -1 -0.683156295544
DS.d788.s0.i10 -1 0.328759649805
DS.d788.s0.i11 -1 -1.0313340712
DS.d788.s0.i12 -1 -0.627453422548
DS.d788.s0.i13 -1 0.152039615399
DS.d788.s0.i14 -1 0.469819920983
DS.d788.s0.i15 -1 -0.693324546985
DS.d788.s0.i16 -1 -0.947379375735
DS.d788.s0.i17 -1 0.162207866839
DS.d788.s0.i18 -1 0.0951723737909
DS.d788.s0.i19 -1 0.36694559697
DS.d788.s0.i20 -1 0.402784427934
DS.d788.s0.i21 -1 -0.720141949881
DS.d788.s0.i22 -1 0.102722516779
DS.d788.s0.i23 -1 -1.39616545432
DS.d788.s0.i24 -1 -1.14211062557
DS.d788.s0.i25 -1 -0.709973698436
DS.d788.s0.i26 -1 -1.13194237413
DS.d788.s0.i27 -1 0.358970592559
DS.d788.s0.i28 -1 0.0747048210524
DS.d788.s0.i29 -1 -1.23289030052
DS.d788.s0.i30 -1 -0.891676502743
DS.d788.s0.i31 -1 -0.637621673995
DS.d788.s0.i32 -1 0.356777345527
DS.d788.s0.i33 -1 -1.19897786718
DS.d788.s0.i34 -1 -0.777009191488
DS.d788.s0.i35 -1 0.302103350952
DS.d788.s0.i36 -1 0.299910103914
DS.d788.s0.i37 -1 -1.09836956425
DS.d788.s0.i38 -1 -0.102015213351
DS.d788.s0.i39 -1 0.369138844001
DS.d797.s0.i0 1.0 1.12098178677
DS.d797.s1.i0 1.0 0.517460052669
DS.d797.s1.i1 1.0 1.47210740373
DS.d797.s1.i2 1.0 1.31322365496
DS.d805.s0.i0 -1 1.10253306168
DS.d805.s0.i1 -1 1.10253306168
DS.d805.s0.i2 -1 -1.75857200945
DS.d806.s0.i0 -1 -0.826065154582
DS.d806.s0.i1 -1 0.22465845094
DS.d806.s0.i2 -1 -0.0586873735543
DS.d818.s0.i0 1.0 0.31503404079
DS.d818.s0.i1 1.0 0.31503404079
DS.d818.s0.i2 1.0 0.52716146857
DS.d818.s0.i3 1.0 0.378265141593
DS.d818.s1.i0 1.0 0.700282404163
DS.d818.s1.i1 1.0 1.07700834202
DS.d818.s1.i2 1.0 0.700282404163
DS.d818.s1.i3 1.0 0.700282404163
DS.d818.s1.i4 1.0 1.07700834202
DS.d818.s1.i5 1.0 1.07700834202
DS.d818.s2.i0 1.0 2.69890775066
DS.d818.s2.i1 1.0 2.33811485083
DS.d818.s2.i2 1.0 2.33811485083
DS.d818.s2.i3 1.0 2.69890775066
DS.d818.s2.i4 1.0 2.69890775066
DS.d818.s2.i5 1.0 2.33811485083
DS.d818.s3.i0 1.0 1.14230941488
DS.d818.s3.i1 1.0 1.14230941488
DS.d818.s3.i2 1.0 1.14230941488
DS.d857.s0.i0 -1 -1.17398783396
DS.d857.s0.i1 -1 -0.550137365237
DS.d884.s0.i0 1.0 1.05192122022
DS.d884.s1.i0 1.0 -0.144230564964
DS.d886.s0.i0 -1 -0.769693310924
DS.d886.s0.i1 1.0 -0.35459799219
DS.d886.s0.i2 1.0 -0.853908565828
DS.d886.s0.i3 -1 -0.729249804101
DS.d886.s0.i4 1.0 -0.623133014331
DS.d888.s0.i0 1.0 1.31367868012
DS.d888.s0.i1 1.0 1.83037660454
DS.d888.s0.i2 1.0 0.911726154368
DS.d888.s0.i3 1.0 0.912451348716
DS.d888.s0.i4 1.0 1.81032630822
DS.d888.s0.i5 1.0 0.929047232857
DS.d889.s0.i0 1.0 1.1925951857
DS.d889.s0.i1 1.0 1.1925951857
DS.d898.s0.i0 1.0 1.09513286887
DS.d898.s1.i0 1.0 1.06620588758
DS.d898.s2.i0 1.0 1.29417316022
DS.d898.s2.i1 1.0 1.30543831683
DS.d898.s2.i2 1.0 1.29417316022
DS.d901.s0.i0 1.0 1.94806086502
DS.d901.s1.i0 1.0 1.81537300345
DS.d901.s2.i0 1.0 1.78578771869
DS.d911.s0.i0 1.0 0.236932713046
DS.d911.s0.i1 1.0 0.573057376242
DS.d950.s0.i0 1.0 -0.991302891255
DS.d980.s0.i0 1.0 -0.0409501379243
DS.d994.s0.i0 1.0 0.0177615805833
DS.d1008.s0.i0 -1 -1.18733205074
DS.d1008.s0.i1 -1 -0.797889866527
DS.d1008.s1.i0 -1 0.300005208235
DS.d1011.s0.i0 -1 0.573082763367
DS.d1011.s0.i1 -1 -0.344547741292
DS.d1011.s0.i2 1.0 1.4274166319
DS.d1011.s0.i3 -1 -0.72174548479
DS.d1011.s0.i4 -1 -0.662712378273
DS.d1019.s0.i0 -1 -1.28151267327
DS.d1019.s0.i1 -1 -1.82180590099
DS.d1019.s1.i0 -1 -1.35602826263
DS.d1021.s0.i0 -1 -0.382344631508
DS.d1030.s0.i0 1.0 3.25811666527
DS.d1030.s1.i0 -1 -0.646998824473
DS.d1035.s0.i0 1.0 -0.248085375871
DS.d1035.s1.i0 1.0 -1.40455158129
DS.d1035.s2.i0 -1 -1.22450540237
DS.d1049.s0.i0 -1 -0.814247399854
DS.d1052.s0.i0 -1 -0.880164305026
DS.d1052.s1.i0 -1 -0.100602953273
DS.d1056.s0.i0 -1 0.930552668088
DS.d1058.s0.i0 1.0 0.623353040173
DS.d1058.s1.i0 1.0 0.567925873321
DS.d1058.s1.i1 1.0 0.802412029156
DS.d1061.s0.i0 -1 -0.708713743789
DS.d1061.s0.i1 -1 -0.981640459776
DS.d1061.s0.i2 -1 -0.693818421952
DS.d1061.s0.i3 -1 -1.19536496089
DS.d1061.s0.i4 -1 -1.36513392097
DS.d1061.s0.i5 -1 -0.0814589007054
DS.d1061.s0.i6 -1 -1.02237208014
DS.d1061.s0.i7 -1 -1.6393981447
DS.d1061.s0.i8 -1 -1.54266201123
DS.d1061.s0.i9 -1 -1.91701515976
DS.d1061.s0.i10 -1 -1.28584855294
DS.d1061.s0.i11 -1 -1.290396049
DS.d1061.s0.i12 -1 -1.90849708248
DS.d1061.s0.i13 -1 -0.83108450219
DS.d1061.s0.i14 -1 -0.648415697672
DS.d1061.s0.i15 -1 -1.23725601157
DS.d1061.s0.i16 -1 -1.07667154789
DS.d1061.s0.i17 -1 -1.65578250065
DS.d1061.s0.i18 -1 -1.59072412141
DS.d1061.s0.i19 -1 -1.00143377896
DS.d1061.s0.i20 -1 -1.82494031312
DS.d1061.s0.i21 -1 -1.12161781329
DS.d1061.s0.i22 -1 -0.295183401822
DS.d1061.s0.i23 -1 -0.808647579023
DS.d1065.s0.i0 -1 -0.473214337141
DS.d1065.s0.i1 1.0 2.29632989795
DS.d1065.s1.i0 -1 0.100017172782
DS.d1065.s2.i0 -1 0.959149358952
DS.d1069.s0.i0 1.0 1.13485304103
DS.d1072.s0.i0 -1 -0.136849372763
DS.d1090.s0.i0 1.0 1.06239218896
DS.d1090.s0.i1 1.0 1.3211289775
DS.d1095.s0.i0 1.0 0.729312729408
DS.d1095.s0.i1 1.0 0.937994704811
DS.d1095.s0.i2 1.0 0.696713830487
DS.d1100.s0.i0 1.0 -0.480679984562
DS.d1103.s0.i0 -1 -0.326104982576
DS.d1103.s0.i1 -1 0.013274893918
DS.d1103.s1.i0 1.0 -1.71564884835
DS.d1123.s0.i0 1.0 0.806035407823
DS.d1123.s1.i0 1.0 1.27449972263
DS.d1123.s1.i1 1.0 0.121761967728
DS.d1125.s0.i0 -1 0.52603044579
DS.d1125.s1.i0 1.0 0.826219000474
DS.d1126.s0.i0 -1 -1.35277858093
DS.d1126.s0.i1 -1 -1.16928985776
DS.d1144.s0.i0 -1 1.69659429953
DS.d1144.s0.i1 -1 1.69659429953
DS.d1144.s1.i0 -1 1.05425817354
DS.d1162.s0.i0 1.0 0.664245487169
DS.d1168.s0.i0 1.0 1.36791406801
DS.d1170.s0.i0 -1 -0.341717991831
DS.d1170.s0.i1 -1 -0.41995684305
DS.d1170.s0.i2 -1 -0.480015672108
DS.d1170.s0.i3 -1 -0.714336783434
DS.d1170.s0.i4 -1 -0.985685571582
DS.d1198.s0.i0 -1 0.187575562362
DS.d1202.s0.i0 1.0 1.3201354439
DS.d1210.s0.i0 -1 -0.273168454337
DS.d1210.s0.i1 1.0 0.0256116867322
DS.d1210.s1.i0 1.0 -0.143972982575
DS.d1226.s0.i0 -1 -0.545066565611
DS.d1226.s0.i1 1.0 1.35312988585
DS.d1226.s0.i2 1.0 1.19662543697
DS.d1226.s0.i3 -1 -0.400784243859
DS.d1240.s0.i0 -1 -0.6999371017
DS.d1249.s0.i0 -1 -1.36356926328
DS.d1249.s0.i1 -1 -2.32964356069
DS.d1254.s0.i0 1.0 1.08222210589
DS.d1254.s1.i0 1.0 0.767612844861
DS.d1254.s1.i1 1.0 0.943005643982
DS.d1259.s0.i0 1.0 0.461965751918
DS.d1259.s1.i0 1.0 0.685288376171
DS.d1272.s0.i0 -1 0.374040571009
DS.d1272.s1.i0 1.0 -0.0769367327511
DS.d1274.s0.i0 1.0 0.078347005326
DS.d1274.s0.i1 1.0 0.453599539596
DS.d1274.s1.i0 1.0 0.941313432588
DS.d1274.s1.i1 1.0 0.754456924043
DS.d1278.s0.i0 1.0 1.64622634248
DS.d1291.s0.i0 1.0 2.26161348161
DS.d1293.s0.i0 1.0 -0.462764798944
DS.d1302.s0.i0 -1 0.503714163819
DS.d1302.s0.i1 -1 0.247199501294
DS.d1302.s1.i0 -1 1.55968959397
DS.d1306.s0.i0 -1 0.785977538345
DS.d1306.s0.i1 -1 0.336905720048
DS.d1327.s0.i0 -1 0.747172734755
DS.d1327.s0.i1 -1 0.347576445049
DS.d1352.s0.i0 1.0 0.963949468364
DS.d1353.s0.i0 1.0 1.78139676392
DS.d1359.s0.i0 1.0 2.17798871708
DS.d1359.s1.i0 -1 -1.41480362402
DS.d1370.s0.i0 1.0 1.76662126948
DS.d1372.s0.i0 1.0 0.687881784365
DS.d1376.s0.i0 -1 -1.82009371151
DS.d1376.s0.i1 -1 -1.61668832841
DS.d1376.s0.i2 -1 -1.60747547199
DS.d1376.s0.i3 -1 -1.67570046197
DS.d1376.s0.i4 -1 -0.838319278829
DS.d1376.s0.i5 -1 -1.54098071151
DS.d1376.s0.i6 -1 -1.83632563514
DS.d1376.s0.i7 -1 -1.70408985773
DS.d1376.s0.i8 -1 -1.20570508612
DS.d1376.s0.i9 -1 -0.798776342395
DS.d1376.s0.i10 -1 -0.862594212241
DS.d1376.s0.i11 -1 -1.22636458687
DS.d1376.s1.i0 -1 -0.937102806707
DS.d1376.s1.i1 -1 -1.88316047825
DS.d1384.s0.i0 1.0 0.617070604882
DS.d1401.s0.i0 1.0 1.27519831457
DS.d1401.s1.i0 1.0 0.804167055806
DS.d1401.s1.i1 1.0 0.423660523088
DS.d1417.s0.i0 1.0 0.138128972651
DS.d1421.s0.i0 1.0 0.715110595626
DS.d1421.s1.i0 1.0 1.34229702244
DS.d1426.s0.i0 1.0 1.85078775329
DS.d1426.s0.i1 1.0 1.96086405463
DS.d1427.s0.i0 -1 1.77818593317
DS.d1427.s0.i1 -1 0.289918528698
DS.d1448.s0.i0 1.0 1.69408674477
DS.d1450.s0.i0 -1 -0.352285729753
DS.d1450.s0.i1 1.0 -1.07064823431
DS.d1467.s0.i0 -1 -1.59845468097
DS.d1480.s0.i0 1.0 0.203935982547
DS.d1480.s0.i1 1.0 0.294800936203
DS.d1480.s0.i2 1.0 1.03551727803
DS.d1480.s0.i3 1.0 0.939591805859
DS.d1499.s0.i0 -1 -0.686568398276
DS.d1499.s1.i0 1.0 1.16443159905
DS.d1503.s0.i0 1.0 1.54333144995
DS.d1503.s1.i0 1.0 -0.677697570217
DS.d1504.s0.i0 -1 -1.14593418441
DS.d1504.s0.i1 -1 0.83905772087
DS.d1504.s0.i2 -1 -0.9989447817
DS.d1504.s0.i3 -1 -1.42106340209
DS.d1517.s0.i0 1.0 0.592344155997
DS.d1523.s0.i0 -1 -1.17537508406
DS.d1523.s0.i1 -1 0.119824828534
DS.d1523.s0.i2 -1 -1.53593596191
DS.d1533.s0.i0 -1 1.27262408875
DS.d1535.s0.i0 -1 0.438424692446
DS.d1544.s0.i0 1.0 0.537105057639
DS.d1544.s1.i0 1.0 1.57591217746
DS.d1545.s0.i0 1.0 0.873310694765
DS.d1545.s0.i1 1.0 0.746493623056
DS.d1548.s0.i0 -1 -0.670226945807
DS.d1548.s0.i1 -1 -1.01250269302
DS.d1562.s0.i0 1.0 0.498072846122
DS.d1567.s0.i0 1.0 0.0653606384455
DS.d1569.s0.i0 1.0 1.3065805695
DS.d1576.s0.i0 -1 1.58021973472
DS.d1576.s1.i0 1.0 -0.730731150701
DS.d1576.s2.i0 1.0 -1.07368518618
DS.d1581.s0.i0 1.0 -0.204234735736
DS.d1581.s0.i1 1.0 -0.369997174536
DS.d1581.s0.i2 1.0 -0.387011623303
DS.d1581.s0.i3 1.0 -0.399147412436
DS.d1581.s0.i4 1.0 -0.60990710684
DS.d1581.s0.i5 1.0 -0.37821764258
DS.d1581.s0.i6 1.0 -0.444144668044
DS.d1581.s0.i7 1.0 -0.626921555615
DS.d1591.s0.i0 1.0 0.689275958464
DS.d1594.s0.i0 1.0 0.928613156946
DS.d1599.s0.i0 1.0 1.29251298891
DS.d1599.s1.i0 1.0 1.35751658217
DS.d1636.s0.i0 1.0 2.01381942395
DS.d1636.s1.i0 1.0 0.32472913844
DS.d1636.s1.i1 1.0 0.417607432903
DS.d1658.s0.i0 -1 -1.22895212946
DS.d1658.s0.i1 -1 -1.7721427033
DS.d1660.s0.i0 1.0 -0.607800653802
DS.d1671.s0.i0 1.0 0.995744590414
DS.d1687.s0.i0 1.0 -0.697766163096
DS.d1687.s1.i0 1.0 0.230137697593
DS.d1694.s0.i0 1.0 0.579101278467
DS.d1694.s1.i0 1.0 0.326217549473
DS.d1694.s1.i1 1.0 1.60137148118
DS.d1699.s0.i0 1.0 1.9037105482
DS.d1699.s0.i1 1.0 1.9037105482
DS.d1709.s0.i0 1.0 1.00552262769
DS.d1710.s0.i0 -1 -2.35183620988
DS.d1710.s0.i1 -1 -1.76499666306
DS.d1710.s1.i0 -1 -1.76499666306
DS.d1714.s0.i0 1.0 0.13342492613
DS.d1714.s0.i1 1.0 0.147681363818
DS.d1714.s1.i0 1.0 1.04287374538
DS.d1714.s2.i0 1.0 0.966040749257
DS.d1714.s2.i1 1.0 1.5977836629
DS.d1718.s0.i0 1.0 1.80423088804
DS.d1724.s0.i0 1.0 0.00748760277923
DS.d1730.s0.i0 1.0 1.01160040522
DS.d1735.s0.i0 1.0 1.50319923155
DS.d1735.s0.i1 1.0 1.11980614576
DS.d1735.s1.i0 1.0 -0.482136282581
DS.d1745.s0.i0 1.0 0.495246813547
DS.d1745.s0.i1 1.0 0.430013760861
DS.d1745.s1.i0 1.0 1.2375642724
DS.d1748.s0.i0 1.0 0.70645603482
DS.d1748.s0.i1 1.0 -1.14472477256
DS.d1748.s1.i0 1.0 2.05997529048
DS.d1753.s0.i0 -1 -0.124223970381
DS.d1753.s1.i0 -1 -1.37188149322
DS.d1782.s0.i0 1.0 0.880433060512
DS.d1782.s0.i1 1.0 0.771778484355
DS.d1782.s0.i2 1.0 0.509693485489
DS.d1782.s0.i3 1.0 0.261617984444
DS.d1787.s0.i0 1.0 0.374536151384
DS.d1787.s0.i1 1.0 0.807979606551
DS.d1789.s0.i0 -1 -1.10421955578
DS.d1789.s0.i1 -1 -1.03608850621
DS.d1794.s0.i0 1.0 -0.0565632120631
DS.d1794.s0.i1 1.0 0.0788037094936
DS.d1794.s0.i2 1.0 0.556897356225
DS.d1794.s0.i3 1.0 0.52830458391
DS.d1794.s1.i0 1.0 -0.456934038691
DS.d1794.s1.i1 1.0 -1.29666861048
DS.d1797.s0.i0 1.0 -0.2128889002
DS.d1797.s0.i1 1.0 0.357151385819
DS.d1799.s0.i0 -1 0.738946618133
DS.d1799.s0.i1 -1 1.00480346174
DS.d1800.s0.i0 -1 -0.338467968783
DS.d1800.s0.i1 1.0 0.703209813835
DS.d1800.s0.i2 1.0 -0.799946997168
DS.d1814.s0.i0 1.0 -0.0720293979505
DS.d1814.s0.i1 1.0 -0.0720293979505
DS.d1823.s0.i0 1.0 1.16042523303
DS.d1823.s0.i1 1.0 1.42296290146
DS.d1823.s1.i0 -1 -1.32508872495
DS.d1823.s2.i0 1.0 -0.421227683639
DS.d1823.s2.i1 1.0 -0.83861029782
DS.d1863.s0.i0 1.0 0.37622209947
DS.d1873.s0.i0 -1 -1.33390417884
DS.d1887.s0.i0 1.0 1.97428246668
DS.d1890.s0.i0 1.0 2.78167330172
DS.d1894.s0.i0 -1 -0.897355432542
DS.d1894.s0.i1 -1 -1.1932720071
