DS3.d1704.s0.i1 1.000000 0.621117
DS3.d1704.s0.i0 1.000000 0.538851
DS3.d1668.s0.i0 1.000000 1.296632
DS3.d1171.s0.i1 1.000000 0.468500
DS3.d1171.s0.i0 1.000000 0.002433
DS3.d1701.s0.i0 -1.000000 0.932818
DS3.d1701.s0.i1 1.000000 0.594302
DS3.d1701.s1.i1 1.000000 0.656000
DS3.d1701.s1.i0 1.000000 0.656000
DS3.d14.s0.i2 -1.000000 0.084463
DS3.d14.s0.i3 -1.000000 -0.570925
DS3.d14.s0.i0 -1.000000 0.478405
DS3.d14.s0.i1 -1.000000 0.405117
DS3.d14.s1.i1 -1.000000 -0.235681
DS3.d14.s1.i0 -1.000000 -0.092992
DS3.d931.s1.i0 1.000000 0.330169
DS3.d931.s0.i0 1.000000 1.052898
DS3.d589.s0.i2 1.000000 0.649850
DS3.d589.s0.i3 1.000000 1.024828
DS3.d589.s0.i0 1.000000 1.024828
DS3.d589.s0.i1 1.000000 0.649850
DS3.d11.s0.i1 1.000000 0.382684
DS3.d11.s0.i0 1.000000 0.301008
DS3.d12.s0.i0 -1.000000 0.567553
DS3.d1706.s0.i1 1.000000 0.492504
DS3.d1706.s0.i0 -1.000000 0.742256
DS3.d509.s0.i2 -1.000000 -0.896687
DS3.d509.s0.i0 -1.000000 -0.843085
DS3.d509.s0.i1 -1.000000 -0.945018
DS3.d92.s2.i0 1.000000 -0.281637
DS3.d92.s3.i0 1.000000 0.680827
DS3.d92.s0.i0 1.000000 0.547536
DS3.d92.s1.i0 1.000000 0.299134
DS3.d235.s0.i0 1.000000 0.497901
DS3.d235.s1.i1 1.000000 0.329719
DS3.d235.s1.i0 1.000000 0.539983
DS3.d503.s0.i0 1.000000 0.564068
DS3.d502.s1.i2 -1.000000 0.639273
DS3.d502.s1.i0 1.000000 0.043459
DS3.d502.s1.i1 -1.000000 0.542486
DS3.d502.s0.i1 1.000000 0.647499
DS3.d502.s0.i0 1.000000 0.345913
DS3.d502.s0.i2 1.000000 -0.057242
DS3.d138.s0.i0 1.000000 0.678008
DS3.d138.s1.i0 1.000000 -0.164492
DS3.d138.s2.i0 1.000000 0.614473
DS3.d138.s3.i0 1.000000 0.519783
DS3.d139.s2.i1 1.000000 0.380823
DS3.d139.s2.i0 1.000000 0.380823
DS3.d139.s2.i2 1.000000 0.483837
DS3.d139.s1.i0 1.000000 0.400671
DS3.d139.s1.i1 1.000000 0.310581
DS3.d139.s1.i2 1.000000 0.308976
DS3.d139.s1.i3 1.000000 0.328774
DS3.d139.s0.i1 -1.000000 0.831785
DS3.d139.s0.i0 -1.000000 0.921615
DS3.d1588.s0.i0 -1.000000 -0.068299
DS3.d1573.s0.i0 1.000000 0.264705
DS3.d348.s0.i0 -1.000000 0.436128
DS3.d1477.s0.i0 -1.000000 0.118038
DS3.d1477.s0.i1 -1.000000 0.231273
DS3.d664.s0.i2 -1.000000 -0.117778
DS3.d664.s0.i3 -1.000000 0.206630
DS3.d664.s0.i0 -1.000000 0.062261
DS3.d664.s0.i1 -1.000000 -0.254016
DS3.d1202.s0.i0 1.000000 0.758353
DS3.d1070.s0.i1 -1.000000 -0.348389
DS3.d1070.s0.i0 -1.000000 -0.373672
DS3.d1070.s0.i3 -1.000000 -0.176257
DS3.d1070.s0.i2 -1.000000 -0.278839
DS3.d1479.s0.i0 1.000000 0.672499
DS3.d1074.s1.i0 -1.000000 0.317588
DS3.d1074.s0.i0 -1.000000 0.154868
DS3.d1019.s0.i0 -1.000000 -0.735427
DS3.d1019.s0.i1 -1.000000 -0.997603
DS3.d1019.s1.i0 -1.000000 -0.403623
DS3.d1870.s0.i0 1.000000 0.299352
DS3.d1795.s0.i0 -1.000000 -0.133351
DS3.d934.s0.i4 -1.000000 -0.577718
DS3.d934.s0.i5 -1.000000 -0.601218
DS3.d934.s0.i2 -1.000000 -0.789762
DS3.d934.s0.i3 -1.000000 -0.746801
DS3.d934.s0.i0 -1.000000 -0.743906
DS3.d934.s0.i1 -1.000000 -0.982913
DS3.d934.s1.i1 -1.000000 -1.130399
DS3.d934.s1.i0 -1.000000 -1.092415
DS3.d934.s1.i3 -1.000000 -1.026124
DS3.d934.s1.i2 -1.000000 -0.827800
DS3.d934.s1.i5 -1.000000 -1.230265
DS3.d934.s1.i4 -1.000000 -1.159301
DS3.d934.s1.i7 -1.000000 -1.029528
DS3.d934.s1.i6 -1.000000 -1.002469
DS3.d675.s0.i0 1.000000 0.341908
DS3.d1654.s0.i0 -1.000000 0.417204
DS3.d26.s0.i1 -1.000000 0.190691
DS3.d26.s0.i0 -1.000000 0.019014
DS3.d26.s0.i3 -1.000000 0.281013
DS3.d26.s0.i2 -1.000000 0.133082
DS3.d26.s0.i5 -1.000000 0.119087
DS3.d26.s0.i4 -1.000000 -0.007111
DS3.d375.s5.i2 1.000000 1.038800
DS3.d375.s5.i3 1.000000 0.892214
DS3.d375.s5.i0 1.000000 1.234825
DS3.d375.s5.i1 1.000000 1.101009
DS3.d375.s4.i1 1.000000 0.978896
DS3.d375.s4.i0 1.000000 1.188730
DS3.d375.s1.i0 1.000000 1.203421
DS3.d375.s0.i1 1.000000 1.156851
DS3.d375.s0.i0 1.000000 1.133010
DS3.d375.s0.i2 1.000000 1.086527
DS3.d375.s3.i0 1.000000 1.328826
DS3.d375.s3.i1 1.000000 0.613694
DS3.d375.s3.i2 1.000000 0.613694
DS3.d375.s3.i3 1.000000 1.328826
DS3.d375.s2.i0 1.000000 1.402993
DS3.d123.s0.i0 -1.000000 -0.579703
DS3.d1542.s0.i9 1.000000 -0.529699
DS3.d1542.s0.i8 1.000000 -0.488732
DS3.d1542.s0.i3 1.000000 -0.495669
DS3.d1542.s0.i2 1.000000 -0.407670
DS3.d1542.s0.i1 1.000000 -0.320202
DS3.d1542.s0.i0 1.000000 -0.556417
DS3.d1542.s0.i7 1.000000 -0.412136
DS3.d1542.s0.i6 1.000000 -0.321386
DS3.d1542.s0.i5 1.000000 -0.576908
DS3.d1542.s0.i4 1.000000 -0.523901
DS3.d473.s0.i0 -1.000000 0.343721
DS3.d473.s0.i1 -1.000000 0.411090
DS3.d120.s0.i5 -1.000000 0.085762
DS3.d120.s0.i4 -1.000000 -0.342299
DS3.d120.s0.i1 -1.000000 0.046216
DS3.d120.s0.i0 -1.000000 0.100927
DS3.d120.s0.i3 -1.000000 -0.296079
DS3.d120.s0.i2 -1.000000 0.125691
DS3.d282.s0.i0 1.000000 0.560253
DS3.d282.s1.i1 1.000000 0.812350
DS3.d282.s1.i0 1.000000 0.428767
DS3.d1549.s0.i0 1.000000 1.186616
DS3.d1549.s1.i0 -1.000000 0.657079
DS3.d575.s2.i0 -1.000000 0.684827
DS3.d575.s1.i0 1.000000 0.127370
DS3.d575.s1.i1 1.000000 0.152167
DS3.d575.s0.i0 1.000000 0.852663
DS3.d285.s1.i0 1.000000 1.033698
DS3.d285.s1.i1 1.000000 1.136356
DS3.d285.s0.i1 1.000000 1.845059
DS3.d285.s0.i0 1.000000 1.643645
DS3.d285.s0.i2 1.000000 1.590231
DS3.d285.s3.i0 -1.000000 0.196531
DS3.d285.s3.i1 -1.000000 0.088375
DS3.d285.s3.i2 -1.000000 0.085847
DS3.d285.s3.i3 -1.000000 0.260961
DS3.d285.s3.i4 -1.000000 0.064818
DS3.d285.s2.i1 1.000000 0.366298
DS3.d285.s2.i0 1.000000 0.522472
DS3.d973.s0.i0 1.000000 0.745512
DS3.d1067.s0.i0 1.000000 0.173583
DS3.d857.s0.i0 -1.000000 0.194973
DS3.d857.s0.i1 -1.000000 0.331636
DS3.d1641.s0.i1 1.000000 0.362035
DS3.d1641.s0.i0 1.000000 0.197096
DS3.d855.s0.i0 1.000000 0.790941
DS3.d855.s0.i1 1.000000 0.753205
DS3.d918.s0.i0 -1.000000 -1.486199
DS3.d918.s0.i1 -1.000000 -0.956961
DS3.d918.s0.i2 -1.000000 -0.957324
DS3.d918.s0.i3 -1.000000 -1.407775
DS3.d761.s0.i2 -1.000000 -0.217427
DS3.d761.s0.i0 -1.000000 -0.069913
DS3.d761.s0.i1 -1.000000 -0.110920
DS3.d648.s0.i0 1.000000 0.074562
DS3.d648.s0.i1 1.000000 -0.120590
DS3.d648.s0.i2 1.000000 0.080270
DS3.d1001.s1.i0 1.000000 0.444949
DS3.d1001.s0.i1 1.000000 1.026635
DS3.d1001.s0.i0 1.000000 0.955823
DS3.d590.s0.i0 1.000000 1.066337
DS3.d482.s0.i0 -1.000000 -0.075759
DS3.d482.s0.i1 -1.000000 -0.190207
DS3.d482.s0.i2 -1.000000 0.039213
DS3.d911.s0.i1 1.000000 1.367710
DS3.d911.s0.i0 1.000000 1.263644
DS3.d174.s0.i2 -1.000000 -1.333878
DS3.d174.s0.i3 -1.000000 -1.390268
DS3.d174.s0.i0 -1.000000 -1.517607
DS3.d174.s0.i1 -1.000000 -0.430753
DS3.d365.s0.i0 1.000000 1.192436
DS3.d365.s0.i1 1.000000 1.010922
DS3.d365.s1.i1 1.000000 -0.419818
DS3.d365.s1.i0 1.000000 -0.351410
DS3.d365.s1.i2 1.000000 0.096156
DS3.d361.s0.i0 -1.000000 0.198872
DS3.d361.s1.i1 -1.000000 0.063339
DS3.d361.s1.i0 1.000000 0.624430
DS3.d361.s2.i0 1.000000 0.820122
DS3.d361.s2.i1 -1.000000 1.263791
DS3.d1395.s0.i0 1.000000 0.921983
DS3.d117.s3.i2 1.000000 0.338322
DS3.d117.s3.i3 1.000000 0.342723
DS3.d117.s3.i0 1.000000 0.128908
DS3.d117.s3.i1 1.000000 0.344069
DS3.d117.s2.i1 1.000000 -0.428860
DS3.d117.s2.i0 1.000000 -0.034867
DS3.d117.s2.i3 -1.000000 0.382305
DS3.d117.s2.i2 -1.000000 0.072196
DS3.d117.s1.i0 1.000000 -0.033824
DS3.d117.s1.i1 -1.000000 -0.554877
DS3.d117.s0.i0 1.000000 0.642460
DS3.d568.s1.i0 1.000000 0.982183
DS3.d568.s0.i4 1.000000 -0.322422
DS3.d568.s0.i1 1.000000 -0.354190
DS3.d568.s0.i0 1.000000 -0.266393
DS3.d568.s0.i3 1.000000 -0.150010
DS3.d568.s0.i2 1.000000 -0.408240
DS3.d568.s2.i0 1.000000 -0.349354
DS3.d1418.s0.i0 -1.000000 -0.623508
DS3.d562.s1.i0 1.000000 0.596410
DS3.d562.s0.i0 -1.000000 0.376802
DS3.d296.s0.i0 1.000000 0.582318
DS3.d291.s0.i0 -1.000000 0.204932
DS3.d1308.s0.i0 1.000000 0.382497
DS3.d1635.s0.i0 -1.000000 -0.899760
DS3.d1635.s0.i1 -1.000000 -1.004596
DS3.d1634.s1.i0 -1.000000 -0.340183
DS3.d1634.s1.i1 -1.000000 -0.356376
DS3.d1634.s1.i2 -1.000000 -0.369076
DS3.d1634.s1.i3 -1.000000 -0.303841
DS3.d1634.s0.i9 -1.000000 -0.495835
DS3.d1634.s0.i8 -1.000000 -0.763252
DS3.d1634.s0.i3 -1.000000 -0.728263
DS3.d1634.s0.i2 -1.000000 -0.376851
DS3.d1634.s0.i1 -1.000000 -0.471356
DS3.d1634.s0.i0 -1.000000 -0.480261
DS3.d1634.s0.i7 -1.000000 -0.635659
DS3.d1634.s0.i6 -1.000000 -0.500200
DS3.d1634.s0.i5 -1.000000 -0.736324
DS3.d1634.s0.i4 -1.000000 -0.723762
DS3.d657.s0.i0 -1.000000 0.405807
DS3.d1039.s0.i0 -1.000000 0.603837
DS3.d540.s1.i0 -1.000000 0.015041
DS3.d540.s0.i0 1.000000 0.581940
DS3.d714.s0.i0 -1.000000 -0.469245
DS3.d714.s0.i1 -1.000000 -0.568864
DS3.d714.s1.i0 -1.000000 0.188848
DS3.d714.s2.i0 -1.000000 -0.251172
DS3.d1328.s1.i0 -1.000000 -0.846621
DS3.d1328.s1.i1 -1.000000 -0.651096
DS3.d1328.s0.i1 -1.000000 -0.187766
DS3.d1328.s0.i0 -1.000000 0.604663
DS3.d108.s3.i0 -1.000000 -0.152561
DS3.d108.s3.i1 -1.000000 -0.273079
DS3.d108.s2.i0 -1.000000 -0.157837
DS3.d108.s1.i0 -1.000000 -0.525466
DS3.d108.s1.i1 -1.000000 -0.323093
DS3.d108.s0.i3 1.000000 -0.039648
DS3.d108.s0.i2 1.000000 0.084745
DS3.d108.s0.i1 1.000000 0.248538
DS3.d108.s0.i0 1.000000 -0.166783
DS3.d108.s0.i7 1.000000 -0.011809
DS3.d108.s0.i6 1.000000 0.000112
DS3.d108.s0.i5 1.000000 -0.001006
DS3.d108.s0.i4 1.000000 0.111862
DS3.d59.s0.i43 -1.000000 -0.484324
DS3.d59.s0.i19 -1.000000 -0.170257
DS3.d59.s0.i18 -1.000000 -0.536107
DS3.d59.s0.i13 -1.000000 -0.281125
DS3.d59.s0.i12 -1.000000 -0.291241
DS3.d59.s0.i11 -1.000000 -0.247969
DS3.d59.s0.i10 -1.000000 -0.381798
DS3.d59.s0.i17 -1.000000 -0.194815
DS3.d59.s0.i16 -1.000000 -0.392050
DS3.d59.s0.i15 -1.000000 -0.285144
DS3.d59.s0.i14 -1.000000 -0.499755
DS3.d59.s0.i31 -1.000000 -0.241641
DS3.d59.s0.i30 -1.000000 -0.669451
DS3.d59.s0.i33 -1.000000 -0.604575
DS3.d59.s0.i32 -1.000000 -0.505857
DS3.d59.s0.i35 -1.000000 -0.581853
DS3.d59.s0.i34 -1.000000 -0.384811
DS3.d59.s0.i37 -1.000000 -0.398529
DS3.d59.s0.i36 -1.000000 -0.343265
DS3.d59.s0.i39 -1.000000 -0.496132
DS3.d59.s0.i38 -1.000000 -0.614328
DS3.d59.s0.i42 -1.000000 -0.257319
DS3.d59.s0.i22 -1.000000 -0.572674
DS3.d59.s0.i23 -1.000000 -0.733949
DS3.d59.s0.i20 -1.000000 -0.336777
DS3.d59.s0.i21 -1.000000 -0.333401
DS3.d59.s0.i26 -1.000000 -0.362656
DS3.d59.s0.i27 -1.000000 -0.349281
DS3.d59.s0.i24 -1.000000 -0.555581
DS3.d59.s0.i25 -1.000000 -0.432644
DS3.d59.s0.i40 -1.000000 -0.251775
DS3.d59.s0.i41 -1.000000 -0.688467
DS3.d59.s0.i28 -1.000000 -0.608065
DS3.d59.s0.i29 -1.000000 -0.623658
DS3.d59.s0.i44 -1.000000 -0.556122
DS3.d59.s0.i9 -1.000000 -0.162753
DS3.d59.s0.i8 -1.000000 -0.529807
DS3.d59.s0.i3 -1.000000 -0.381765
DS3.d59.s0.i2 -1.000000 -0.413890
DS3.d59.s0.i1 -1.000000 -0.418450
DS3.d59.s0.i0 -1.000000 -0.295870
DS3.d59.s0.i7 -1.000000 -0.839653
DS3.d59.s0.i6 -1.000000 -0.471531
DS3.d59.s0.i5 -1.000000 -0.310900
DS3.d59.s0.i4 -1.000000 -0.231587
DS3.d318.s0.i0 1.000000 0.909267
DS3.d318.s0.i1 1.000000 0.750903
DS3.d416.s0.i0 1.000000 0.099444
DS3.d791.s0.i0 1.000000 1.173182
DS3.d311.s0.i0 1.000000 0.880797
DS3.d554.s0.i0 1.000000 0.007139
DS3.d554.s0.i1 1.000000 -0.026410
DS3.d554.s0.i2 1.000000 -0.095440
DS3.d798.s0.i0 1.000000 0.747340
DS3.d996.s0.i2 -1.000000 0.106435
DS3.d996.s0.i0 -1.000000 0.149546
DS3.d996.s0.i1 -1.000000 0.192562
DS3.d35.s0.i0 1.000000 1.300896
DS3.d1088.s0.i0 1.000000 0.890445
DS3.d1089.s1.i2 1.000000 0.570689
DS3.d1089.s1.i3 1.000000 0.690431
DS3.d1089.s1.i0 1.000000 0.431237
DS3.d1089.s1.i1 1.000000 0.674907
DS3.d1089.s0.i0 1.000000 0.736630
DS3.d1727.s0.i0 1.000000 0.431870
DS3.d82.s0.i0 1.000000 0.618475
DS3.d1020.s0.i0 -1.000000 -0.071333
DS3.d1020.s1.i0 -1.000000 -0.496077
DS3.d750.s0.i0 1.000000 0.855909
DS3.d1237.s0.i0 1.000000 0.460338
DS3.d1236.s1.i0 -1.000000 -0.548133
DS3.d1236.s0.i0 -1.000000 -0.080911
DS3.d1236.s2.i0 -1.000000 -0.159894
DS3.d979.s0.i0 1.000000 0.464867
DS3.d1747.s0.i0 1.000000 0.976705
DS3.d1747.s0.i1 1.000000 1.124499
DS3.d1747.s0.i2 1.000000 0.997799
DS3.d1580.s1.i0 1.000000 0.818368
DS3.d1580.s0.i1 1.000000 1.323079
DS3.d1580.s0.i0 1.000000 1.424291
DS3.d1580.s2.i1 1.000000 0.681241
DS3.d1580.s2.i0 1.000000 0.882215
DS3.d383.s0.i2 1.000000 0.458857
DS3.d383.s0.i3 1.000000 0.391988
DS3.d383.s0.i0 1.000000 0.391988
DS3.d383.s0.i1 1.000000 0.458857
DS3.d1803.s3.i0 1.000000 1.110931
DS3.d1803.s3.i1 -1.000000 0.716760
DS3.d1803.s2.i0 1.000000 0.305607
DS3.d1803.s1.i4 1.000000 0.734059
DS3.d1803.s1.i5 1.000000 0.912236
DS3.d1803.s1.i0 -1.000000 0.154539
DS3.d1803.s1.i1 1.000000 -0.203868
DS3.d1803.s1.i2 -1.000000 1.068942
DS3.d1803.s1.i3 1.000000 -0.048956
DS3.d1803.s0.i0 1.000000 0.862914
DS3.d789.s0.i0 1.000000 0.309113
DS3.d789.s0.i1 1.000000 0.309113
DS3.d626.s2.i0 1.000000 1.806234
DS3.d626.s3.i0 1.000000 0.905991
DS3.d626.s0.i0 1.000000 1.442861
DS3.d626.s1.i0 1.000000 1.139552
DS3.d628.s0.i0 -1.000000 -0.748245
DS3.d628.s0.i1 -1.000000 -0.756343
DS3.d423.s1.i0 -1.000000 0.624729
DS3.d423.s1.i1 1.000000 0.556163
DS3.d423.s0.i1 1.000000 0.912647
DS3.d423.s0.i0 1.000000 1.005744
DS3.d389.s0.i0 1.000000 0.391449
DS3.d1433.s0.i2 1.000000 0.058823
DS3.d1433.s0.i0 1.000000 -0.376471
DS3.d1433.s0.i1 1.000000 -0.406302
DS3.d1208.s0.i0 1.000000 0.893264
DS3.d511.s0.i1 -1.000000 0.067560
DS3.d511.s0.i0 -1.000000 0.137683
DS3.d1435.s0.i0 1.000000 0.912346
DS3.d1435.s1.i0 1.000000 0.467629
DS3.d1880.s0.i0 1.000000 0.127280
DS3.d1880.s1.i0 -1.000000 0.055818
DS3.d982.s1.i0 -1.000000 -0.138498
DS3.d982.s0.i0 -1.000000 -1.006562
DS3.d984.s0.i1 1.000000 0.663570
DS3.d984.s0.i0 1.000000 0.743317
DS3.d1884.s0.i0 -1.000000 -0.203471
DS3.d788.s0.i20 -1.000000 -0.400092
DS3.d788.s0.i21 -1.000000 -0.539442
DS3.d788.s0.i22 -1.000000 -0.361166
DS3.d788.s0.i23 -1.000000 -0.167442
DS3.d788.s0.i24 -1.000000 -0.156969
DS3.d788.s0.i25 -1.000000 -0.544269
DS3.d788.s0.i26 -1.000000 -0.075523
DS3.d788.s0.i27 -1.000000 -0.309891
DS3.d788.s0.i28 -1.000000 -0.460605
DS3.d788.s0.i29 -1.000000 -0.565990
DS3.d788.s0.i19 -1.000000 -0.324114
DS3.d788.s0.i18 -1.000000 -0.374840
DS3.d788.s0.i15 -1.000000 -0.479415
DS3.d788.s0.i14 -1.000000 -0.409424
DS3.d788.s0.i17 -1.000000 -0.300560
DS3.d788.s0.i16 -1.000000 -0.487248
DS3.d788.s0.i11 -1.000000 -0.290217
DS3.d788.s0.i10 -1.000000 -0.483361
DS3.d788.s0.i13 -1.000000 -0.410226
DS3.d788.s0.i12 -1.000000 -0.324027
DS3.d788.s0.i33 -1.000000 -0.150766
DS3.d788.s0.i32 -1.000000 -0.338090
DS3.d788.s0.i31 -1.000000 -0.400204
DS3.d788.s0.i30 -1.000000 -0.411184
DS3.d788.s0.i37 -1.000000 -0.362268
DS3.d788.s0.i36 -1.000000 -0.323607
DS3.d788.s0.i35 -1.000000 -0.281264
DS3.d788.s0.i34 -1.000000 -0.519278
DS3.d788.s0.i39 -1.000000 -0.197806
DS3.d788.s0.i38 -1.000000 -0.365069
DS3.d788.s0.i9 -1.000000 -0.403397
DS3.d788.s0.i8 -1.000000 -0.323621
DS3.d788.s0.i1 -1.000000 -0.376030
DS3.d788.s0.i0 -1.000000 -0.422456
DS3.d788.s0.i3 -1.000000 -0.473649
DS3.d788.s0.i2 -1.000000 -0.395768
DS3.d788.s0.i5 -1.000000 -0.286652
DS3.d788.s0.i4 -1.000000 -0.498281
DS3.d788.s0.i7 -1.000000 -0.448189
DS3.d788.s0.i6 -1.000000 -0.392501
DS3.d43.s0.i0 1.000000 0.588136
DS3.d484.s0.i0 1.000000 0.771763
DS3.d484.s0.i1 1.000000 1.135039
DS3.d484.s1.i1 1.000000 0.897352
DS3.d484.s1.i0 -1.000000 -0.179521
DS3.d868.s0.i0 -1.000000 -0.066228
DS3.d868.s0.i1 -1.000000 -0.102511
DS3.d1531.s0.i0 1.000000 -0.179989
DS3.d1243.s0.i0 -1.000000 0.670656
DS3.d1147.s0.i0 1.000000 0.453659
DS3.d1147.s0.i1 -1.000000 0.101499
DS3.d914.s0.i0 -1.000000 -0.092176
DS3.d1122.s0.i0 1.000000 0.772213
DS3.d967.s0.i2 -1.000000 -0.149889
DS3.d967.s0.i0 1.000000 0.018970
DS3.d967.s0.i1 1.000000 -0.208505
DS3.d1054.s2.i1 -1.000000 -0.603526
DS3.d1054.s2.i0 -1.000000 -0.595011
DS3.d1054.s1.i0 1.000000 0.091647
DS3.d1054.s0.i1 1.000000 -0.022741
DS3.d1054.s0.i0 1.000000 -0.173178
DS3.d1758.s0.i0 -1.000000 0.572390
DS3.d1056.s0.i0 -1.000000 0.411131
DS3.d963.s0.i0 1.000000 1.336797
DS3.d963.s1.i0 1.000000 0.539799
DS3.d960.s0.i1 -1.000000 0.718868
DS3.d960.s0.i0 -1.000000 0.701070
DS3.d802.s0.i0 1.000000 0.526114
DS3.d631.s0.i0 1.000000 0.531902
DS3.d631.s0.i1 1.000000 0.627474
DS3.d547.s0.i0 -1.000000 -0.189140
DS3.d547.s0.i1 -1.000000 -0.418126
DS3.d547.s1.i3 1.000000 0.914874
DS3.d547.s1.i2 1.000000 0.304076
DS3.d547.s1.i1 1.000000 0.304076
DS3.d547.s1.i0 1.000000 0.386466
DS3.d1832.s0.i1 -1.000000 -0.421496
DS3.d1832.s0.i0 -1.000000 0.399672
DS3.d434.s0.i0 1.000000 0.673120
DS3.d165.s2.i2 1.000000 -0.058618
DS3.d165.s2.i3 1.000000 -0.090921
DS3.d165.s2.i0 1.000000 0.071261
DS3.d165.s2.i1 1.000000 -0.133299
DS3.d165.s3.i1 -1.000000 0.731263
DS3.d165.s3.i0 -1.000000 0.484377
DS3.d165.s3.i2 -1.000000 0.592399
DS3.d165.s0.i4 1.000000 0.519288
DS3.d165.s0.i5 1.000000 0.870493
DS3.d165.s0.i0 -1.000000 0.451417
DS3.d165.s0.i1 -1.000000 0.661455
DS3.d165.s0.i2 -1.000000 0.245312
DS3.d165.s0.i3 -1.000000 0.413748
DS3.d165.s1.i5 1.000000 0.618800
DS3.d165.s1.i4 1.000000 0.862529
DS3.d165.s1.i3 1.000000 0.666725
DS3.d165.s1.i2 1.000000 0.210503
DS3.d165.s1.i1 1.000000 0.437048
DS3.d165.s1.i0 1.000000 0.011624
DS3.d165.s6.i4 1.000000 0.613108
DS3.d165.s6.i5 1.000000 0.666197
DS3.d165.s6.i2 1.000000 0.702848
DS3.d165.s6.i3 1.000000 0.423202
DS3.d165.s6.i0 1.000000 0.659483
DS3.d165.s6.i1 1.000000 0.449705
DS3.d165.s4.i0 1.000000 -0.116855
DS3.d165.s4.i1 1.000000 0.108388
DS3.d165.s5.i3 1.000000 0.237751
DS3.d165.s5.i2 -1.000000 0.106496
DS3.d165.s5.i1 1.000000 0.408172
DS3.d165.s5.i0 -1.000000 0.218564
DS3.d1218.s1.i0 -1.000000 -0.357652
DS3.d1218.s0.i0 -1.000000 -0.367952
DS3.d1218.s2.i1 -1.000000 -0.018525
DS3.d1218.s2.i0 -1.000000 -0.598653
DS3.d535.s0.i1 -1.000000 0.377544
DS3.d535.s0.i0 -1.000000 0.405983
DS3.d538.s0.i0 1.000000 0.508493
DS3.d538.s1.i0 1.000000 0.140465
DS3.d1338.s0.i2 1.000000 0.148859
DS3.d1338.s0.i3 1.000000 0.432435
DS3.d1338.s0.i0 1.000000 0.174148
DS3.d1338.s0.i1 1.000000 0.251587
DS3.d1338.s0.i4 1.000000 0.310733
DS3.d1338.s0.i5 1.000000 0.314121
DS3.d1338.s1.i1 -1.000000 -0.050415
DS3.d1338.s1.i0 -1.000000 -0.443865
DS3.d879.s0.i0 1.000000 0.739616
DS3.d879.s1.i0 1.000000 0.176853
DS3.d56.s0.i0 1.000000 0.321170
DS3.d1407.s0.i2 1.000000 1.198589
DS3.d1407.s0.i1 1.000000 1.180013
DS3.d1407.s0.i0 1.000000 1.241044
DS3.d874.s1.i0 -1.000000 0.167694
DS3.d874.s0.i0 -1.000000 0.485354
DS3.d1478.s1.i2 1.000000 0.522919
DS3.d1478.s1.i3 1.000000 0.221763
DS3.d1478.s1.i0 1.000000 0.058060
DS3.d1478.s1.i1 1.000000 0.262224
DS3.d1478.s1.i4 1.000000 0.324876
DS3.d1478.s1.i5 1.000000 0.474840
DS3.d1478.s0.i1 -1.000000 0.326284
DS3.d1478.s0.i0 -1.000000 0.010330
DS3.d1478.s0.i2 -1.000000 0.175309
DS3.d873.s2.i0 1.000000 0.819282
DS3.d873.s0.i0 1.000000 1.312549
DS3.d873.s0.i1 1.000000 1.507076
DS3.d873.s1.i0 1.000000 1.011705
DS3.d1828.s0.i0 1.000000 0.401324
DS3.d1828.s0.i1 1.000000 0.287441
DS3.d1495.s0.i0 1.000000 0.671722
DS3.d1495.s1.i0 1.000000 1.280468
DS3.d1198.s0.i0 -1.000000 -0.147519
DS3.d1048.s0.i0 -1.000000 -0.529072
DS3.d1827.s1.i0 1.000000 0.366810
DS3.d1827.s1.i1 -1.000000 0.361317
DS3.d1827.s0.i1 -1.000000 0.521554
DS3.d1827.s0.i0 1.000000 0.500140
DS3.d1827.s0.i3 1.000000 0.658530
DS3.d1827.s0.i2 -1.000000 0.697654
DS3.d259.s0.i0 1.000000 -0.328844
DS3.d251.s0.i2 1.000000 -0.913225
DS3.d251.s0.i3 1.000000 -0.507404
DS3.d251.s0.i0 1.000000 -0.336830
DS3.d251.s0.i1 1.000000 -0.405525
DS3.d251.s0.i6 1.000000 -0.885935
DS3.d251.s0.i7 1.000000 -0.335012
DS3.d251.s0.i4 1.000000 -0.339395
DS3.d251.s0.i5 1.000000 -0.499883
DS3.d251.s0.i8 1.000000 -0.382803
DS3.d1051.s0.i2 -1.000000 -0.659314
DS3.d1051.s0.i0 -1.000000 -0.356252
DS3.d1051.s0.i1 1.000000 -0.160244
DS3.d158.s0.i0 1.000000 0.019465
DS3.d158.s0.i1 1.000000 0.027098
DS3.d1293.s0.i0 1.000000 0.294727
DS3.d1118.s0.i0 1.000000 0.861570
DS3.d1521.s0.i0 1.000000 0.308768
DS3.d1521.s0.i1 1.000000 0.540459
DS3.d324.s0.i0 -1.000000 0.093965
DS3.d440.s0.i0 1.000000 0.373763
DS3.d1515.s0.i1 1.000000 0.566192
DS3.d1515.s0.i0 1.000000 0.729512
DS3.d1103.s0.i0 -1.000000 0.521292
DS3.d1103.s0.i1 -1.000000 0.435436
DS3.d1103.s1.i0 1.000000 0.263882
DS3.d1101.s0.i0 1.000000 -0.134613
DS3.d1101.s0.i1 1.000000 -0.359046
DS3.d20.s0.i1 -1.000000 -0.921708
DS3.d20.s0.i0 -1.000000 0.440703
DS3.d1613.s0.i0 1.000000 -0.203606
DS3.d1613.s1.i0 1.000000 0.013527
DS3.d1344.s0.i3 -1.000000 -0.994361
DS3.d1344.s0.i2 -1.000000 -0.907941
DS3.d1344.s0.i1 -1.000000 -0.943872
DS3.d1344.s0.i0 -1.000000 -0.879273
DS3.d1344.s0.i7 -1.000000 -0.813681
DS3.d1344.s0.i6 -1.000000 -1.084117
DS3.d1344.s0.i5 -1.000000 -0.820934
DS3.d1344.s0.i4 -1.000000 -0.622506
DS3.d1108.s0.i0 1.000000 0.758508
DS3.d1614.s0.i1 1.000000 0.015759
DS3.d1614.s0.i0 1.000000 -0.330932
DS3.d1614.s0.i2 1.000000 0.021110
DS3.d152.s0.i0 1.000000 -0.092797
DS3.d152.s0.i1 1.000000 -0.705951
DS3.d152.s1.i0 1.000000 0.502169
DS3.d1773.s0.i1 1.000000 0.580057
DS3.d1773.s0.i0 1.000000 0.646036
DS3.d1773.s0.i3 1.000000 0.535123
DS3.d1773.s0.i2 1.000000 0.696778
DS3.d895.s0.i0 -1.000000 -0.123838
DS3.d594.s0.i0 1.000000 0.236893
DS3.d594.s0.i1 1.000000 0.339519
DS3.d594.s0.i2 1.000000 0.422321
DS3.d829.s0.i0 1.000000 0.554334
DS3.d1169.s0.i0 -1.000000 0.339157
DS3.d1169.s1.i0 -1.000000 0.027314
DS3.d1672.s0.i1 -1.000000 -0.195962
DS3.d1672.s0.i0 -1.000000 -0.201399
DS3.d616.s1.i0 1.000000 -0.368386
DS3.d616.s1.i1 1.000000 -0.473760
DS3.d616.s0.i12 1.000000 -0.480447
DS3.d616.s0.i18 1.000000 -0.594171
DS3.d616.s0.i15 1.000000 -0.410958
DS3.d616.s0.i11 1.000000 -0.299271
DS3.d616.s0.i16 -1.000000 -1.140909
DS3.d616.s0.i17 1.000000 -0.350981
DS3.d616.s0.i10 -1.000000 -0.506452
DS3.d616.s0.i9 -1.000000 -0.558407
DS3.d616.s0.i8 1.000000 -0.152757
DS3.d616.s0.i19 1.000000 -0.096266
DS3.d616.s0.i13 1.000000 -0.432641
DS3.d616.s0.i14 -1.000000 -0.607015
DS3.d616.s0.i1 -1.000000 -0.537800
DS3.d616.s0.i0 1.000000 -0.639168
DS3.d616.s0.i3 1.000000 -0.384937
DS3.d616.s0.i2 1.000000 -0.367658
DS3.d616.s0.i5 1.000000 -0.545422
DS3.d616.s0.i4 1.000000 -0.309812
DS3.d616.s0.i7 1.000000 -0.598704
DS3.d616.s0.i6 1.000000 -0.315508
DS3.d616.s2.i1 1.000000 0.634746
DS3.d616.s2.i0 1.000000 0.590488
DS3.d1280.s0.i0 1.000000 -0.028154
DS3.d1283.s0.i0 -1.000000 -0.399915
DS3.d755.s0.i1 1.000000 0.211203
DS3.d755.s0.i0 1.000000 0.295118
DS3.d142.s0.i1 1.000000 0.066207
DS3.d142.s0.i0 1.000000 0.611006
DS3.d513.s0.i0 1.000000 0.071020
DS3.d1650.s0.i1 1.000000 -0.337795
DS3.d1650.s0.i0 1.000000 -0.385959
DS3.d1650.s0.i2 1.000000 -0.035516
DS3.d149.s0.i0 -1.000000 0.333597
DS3.d897.s0.i0 -1.000000 -0.987534
DS3.d897.s0.i1 -1.000000 -0.886542
DS3.d1153.s0.i0 -1.000000 0.304240
DS3.d695.s0.i0 1.000000 0.663199
DS3.d695.s0.i1 1.000000 0.547303
DS3.d695.s1.i1 -1.000000 0.454820
DS3.d695.s1.i0 -1.000000 0.528839
DS3.d695.s1.i2 -1.000000 -0.712616
DS3.d695.s2.i0 1.000000 0.665820
DS3.d695.s2.i1 1.000000 0.496084
DS3.d1568.s0.i0 1.000000 0.279264
DS3.d697.s0.i0 1.000000 0.334296
DS3.d697.s0.i1 1.000000 0.422548
DS3.d697.s0.i2 1.000000 0.336033
DS3.d697.s0.i3 1.000000 0.263878
DS3.d1352.s0.i0 1.000000 0.720643
DS3.d1566.s0.i0 -1.000000 -0.197704
DS3.d456.s0.i5 1.000000 0.246262
DS3.d456.s0.i4 1.000000 0.395328
DS3.d456.s0.i3 1.000000 0.226868
DS3.d456.s0.i2 1.000000 0.480152
DS3.d456.s0.i1 1.000000 0.154030
DS3.d456.s0.i0 1.000000 0.537869
DS3.d1116.s0.i0 1.000000 0.347917
DS3.d1116.s1.i1 1.000000 0.618414
DS3.d1116.s1.i0 1.000000 0.564251
DS3.d890.s0.i0 1.000000 1.363677
DS3.d1110.s0.i0 1.000000 0.584061
DS3.d1110.s0.i1 1.000000 0.584061
DS3.d1358.s0.i0 1.000000 1.132877
DS3.d1600.s0.i0 1.000000 0.574520
DS3.d1600.s1.i0 1.000000 0.213762
DS3.d1351.s0.i0 1.000000 1.155114
