DS3.d1704.s0.i1 1.000000 0.562060
DS3.d1704.s0.i0 1.000000 0.522886
DS3.d1668.s0.i0 1.000000 1.127373
DS3.d1171.s0.i1 1.000000 0.401891
DS3.d1171.s0.i0 1.000000 0.057112
DS3.d1701.s0.i0 -1.000000 0.821056
DS3.d1701.s0.i1 1.000000 0.542502
DS3.d1701.s1.i1 1.000000 0.702369
DS3.d1701.s1.i0 1.000000 0.702369
DS3.d14.s0.i2 -1.000000 0.192589
DS3.d14.s0.i3 -1.000000 -0.293532
DS3.d14.s0.i0 -1.000000 0.413711
DS3.d14.s0.i1 -1.000000 0.459589
DS3.d14.s1.i1 -1.000000 -0.123003
DS3.d14.s1.i0 -1.000000 -0.037652
DS3.d931.s1.i0 1.000000 0.382693
DS3.d931.s0.i0 1.000000 0.906036
DS3.d589.s0.i2 1.000000 0.653315
DS3.d589.s0.i3 1.000000 0.937650
DS3.d589.s0.i0 1.000000 0.937650
DS3.d589.s0.i1 1.000000 0.653315
DS3.d11.s0.i1 1.000000 0.408335
DS3.d11.s0.i0 1.000000 0.320719
DS3.d12.s0.i0 -1.000000 0.623969
DS3.d1706.s0.i1 1.000000 0.436364
DS3.d1706.s0.i0 -1.000000 0.667824
DS3.d509.s0.i2 -1.000000 -0.763792
DS3.d509.s0.i0 -1.000000 -0.722797
DS3.d509.s0.i1 -1.000000 -0.795192
DS3.d92.s2.i0 1.000000 -0.120587
DS3.d92.s3.i0 1.000000 0.646359
DS3.d92.s0.i0 1.000000 0.394707
DS3.d92.s1.i0 1.000000 0.459307
DS3.d235.s0.i0 1.000000 0.629392
DS3.d235.s1.i1 1.000000 0.323061
DS3.d235.s1.i0 1.000000 0.379788
DS3.d503.s0.i0 1.000000 0.478802
DS3.d502.s1.i2 -1.000000 0.653538
DS3.d502.s1.i0 1.000000 0.124359
DS3.d502.s1.i1 -1.000000 0.588996
DS3.d502.s0.i1 1.000000 0.592386
DS3.d502.s0.i0 1.000000 0.393145
DS3.d502.s0.i2 1.000000 0.082936
DS3.d138.s0.i0 1.000000 0.839811
DS3.d138.s1.i0 1.000000 -0.104048
DS3.d138.s2.i0 1.000000 0.824257
DS3.d138.s3.i0 1.000000 0.665968
DS3.d139.s2.i1 1.000000 0.180033
DS3.d139.s2.i0 1.000000 0.180033
DS3.d139.s2.i2 1.000000 0.295327
DS3.d139.s1.i0 1.000000 0.479540
DS3.d139.s1.i1 1.000000 0.309513
DS3.d139.s1.i2 1.000000 0.317671
DS3.d139.s1.i3 1.000000 0.456936
DS3.d139.s0.i1 -1.000000 0.929131
DS3.d139.s0.i0 -1.000000 0.917344
DS3.d1588.s0.i0 -1.000000 -0.070375
DS3.d1573.s0.i0 1.000000 0.325094
DS3.d348.s0.i0 -1.000000 0.425466
DS3.d1477.s0.i0 -1.000000 0.195767
DS3.d1477.s0.i1 -1.000000 0.253761
DS3.d664.s0.i2 -1.000000 -0.207600
DS3.d664.s0.i3 -1.000000 0.069005
DS3.d664.s0.i0 -1.000000 -0.049756
DS3.d664.s0.i1 -1.000000 -0.275163
DS3.d1202.s0.i0 1.000000 0.726276
DS3.d1070.s0.i1 -1.000000 -0.248865
DS3.d1070.s0.i0 -1.000000 -0.293438
DS3.d1070.s0.i3 -1.000000 -0.137864
DS3.d1070.s0.i2 -1.000000 -0.295859
DS3.d1479.s0.i0 1.000000 0.606563
DS3.d1074.s1.i0 -1.000000 0.285552
DS3.d1074.s0.i0 -1.000000 0.249054
DS3.d1019.s0.i0 -1.000000 -0.645702
DS3.d1019.s0.i1 -1.000000 -0.843788
DS3.d1019.s1.i0 -1.000000 -0.247396
DS3.d1870.s0.i0 1.000000 0.415894
DS3.d1795.s0.i0 -1.000000 0.068794
DS3.d934.s0.i4 -1.000000 -0.681780
DS3.d934.s0.i5 -1.000000 -0.578500
DS3.d934.s0.i2 -1.000000 -0.803569
DS3.d934.s0.i3 -1.000000 -0.690316
DS3.d934.s0.i0 -1.000000 -0.677136
DS3.d934.s0.i1 -1.000000 -0.855644
DS3.d934.s1.i1 -1.000000 -1.041688
DS3.d934.s1.i0 -1.000000 -0.963949
DS3.d934.s1.i3 -1.000000 -0.925926
DS3.d934.s1.i2 -1.000000 -0.804603
DS3.d934.s1.i5 -1.000000 -1.107288
DS3.d934.s1.i4 -1.000000 -1.060552
DS3.d934.s1.i7 -1.000000 -0.953128
DS3.d934.s1.i6 -1.000000 -0.912314
DS3.d675.s0.i0 1.000000 0.396730
DS3.d1654.s0.i0 -1.000000 0.490576
DS3.d26.s0.i1 -1.000000 0.137828
DS3.d26.s0.i0 -1.000000 -0.014465
DS3.d26.s0.i3 -1.000000 0.215227
DS3.d26.s0.i2 -1.000000 0.056605
DS3.d26.s0.i5 -1.000000 0.043760
DS3.d26.s0.i4 -1.000000 -0.062219
DS3.d375.s5.i2 1.000000 0.999877
DS3.d375.s5.i3 1.000000 0.920343
DS3.d375.s5.i0 1.000000 1.109081
DS3.d375.s5.i1 1.000000 1.095337
DS3.d375.s4.i1 1.000000 1.061379
DS3.d375.s4.i0 1.000000 1.138829
DS3.d375.s1.i0 1.000000 1.089005
DS3.d375.s0.i1 1.000000 1.106668
DS3.d375.s0.i0 1.000000 0.993844
DS3.d375.s0.i2 1.000000 1.090522
DS3.d375.s3.i0 1.000000 1.351935
DS3.d375.s3.i1 1.000000 0.728154
DS3.d375.s3.i2 1.000000 0.728154
DS3.d375.s3.i3 1.000000 1.351935
DS3.d375.s2.i0 1.000000 1.323948
DS3.d123.s0.i0 -1.000000 -0.496413
DS3.d1542.s0.i9 1.000000 -0.431881
DS3.d1542.s0.i8 1.000000 -0.334824
DS3.d1542.s0.i3 1.000000 -0.414728
DS3.d1542.s0.i2 1.000000 -0.260020
DS3.d1542.s0.i1 1.000000 -0.212339
DS3.d1542.s0.i0 1.000000 -0.386315
DS3.d1542.s0.i7 1.000000 -0.339164
DS3.d1542.s0.i6 1.000000 -0.286820
DS3.d1542.s0.i5 1.000000 -0.471491
DS3.d1542.s0.i4 1.000000 -0.352853
DS3.d473.s0.i0 -1.000000 0.309584
DS3.d473.s0.i1 -1.000000 0.410555
DS3.d120.s0.i5 -1.000000 0.090179
DS3.d120.s0.i4 -1.000000 -0.179691
DS3.d120.s0.i1 -1.000000 0.168977
DS3.d120.s0.i0 -1.000000 0.171818
DS3.d120.s0.i3 -1.000000 -0.185227
DS3.d120.s0.i2 -1.000000 0.126900
DS3.d282.s0.i0 1.000000 0.449493
DS3.d282.s1.i1 1.000000 0.533389
DS3.d282.s1.i0 1.000000 0.403955
DS3.d1549.s0.i0 1.000000 0.954803
DS3.d1549.s1.i0 -1.000000 0.594903
DS3.d575.s2.i0 -1.000000 0.527655
DS3.d575.s1.i0 1.000000 0.163918
DS3.d575.s1.i1 1.000000 0.146252
DS3.d575.s0.i0 1.000000 0.783918
DS3.d285.s1.i0 1.000000 0.933636
DS3.d285.s1.i1 1.000000 0.929406
DS3.d285.s0.i1 1.000000 1.502164
DS3.d285.s0.i0 1.000000 1.433645
DS3.d285.s0.i2 1.000000 1.446592
DS3.d285.s3.i0 -1.000000 0.211304
DS3.d285.s3.i1 -1.000000 0.103740
DS3.d285.s3.i2 -1.000000 0.166419
DS3.d285.s3.i3 -1.000000 0.195364
DS3.d285.s3.i4 -1.000000 0.073328
DS3.d285.s2.i1 1.000000 0.320256
DS3.d285.s2.i0 1.000000 0.469885
DS3.d973.s0.i0 1.000000 0.549581
DS3.d1067.s0.i0 1.000000 0.188279
DS3.d857.s0.i0 -1.000000 0.124784
DS3.d857.s0.i1 -1.000000 0.258307
DS3.d1641.s0.i1 1.000000 0.141921
DS3.d1641.s0.i0 1.000000 0.064817
DS3.d855.s0.i0 1.000000 0.612254
DS3.d855.s0.i1 1.000000 0.554052
DS3.d918.s0.i0 -1.000000 -1.263097
DS3.d918.s0.i1 -1.000000 -0.681035
DS3.d918.s0.i2 -1.000000 -0.773599
DS3.d918.s0.i3 -1.000000 -1.225480
DS3.d761.s0.i2 -1.000000 -0.216425
DS3.d761.s0.i0 -1.000000 -0.136884
DS3.d761.s0.i1 -1.000000 -0.157604
DS3.d648.s0.i0 1.000000 0.074783
DS3.d648.s0.i1 1.000000 -0.151494
DS3.d648.s0.i2 1.000000 0.117332
DS3.d1001.s1.i0 1.000000 0.392998
DS3.d1001.s0.i1 1.000000 0.936330
DS3.d1001.s0.i0 1.000000 0.946201
DS3.d590.s0.i0 1.000000 0.844092
DS3.d482.s0.i0 -1.000000 -0.139959
DS3.d482.s0.i1 -1.000000 -0.198453
DS3.d482.s0.i2 -1.000000 -0.036181
DS3.d911.s0.i1 1.000000 1.225200
DS3.d911.s0.i0 1.000000 1.142611
DS3.d174.s0.i2 -1.000000 -1.303650
DS3.d174.s0.i3 -1.000000 -1.311313
DS3.d174.s0.i0 -1.000000 -1.354903
DS3.d174.s0.i1 -1.000000 -0.390384
DS3.d365.s0.i0 1.000000 1.002420
DS3.d365.s0.i1 1.000000 0.836649
DS3.d365.s1.i1 1.000000 -0.302192
DS3.d365.s1.i0 1.000000 -0.258240
DS3.d365.s1.i2 1.000000 0.071588
DS3.d361.s0.i0 -1.000000 0.318574
DS3.d361.s1.i1 -1.000000 0.133796
DS3.d361.s1.i0 1.000000 0.538666
DS3.d361.s2.i0 1.000000 0.722682
DS3.d361.s2.i1 -1.000000 1.105447
DS3.d1395.s0.i0 1.000000 0.916312
DS3.d117.s3.i2 1.000000 0.335515
DS3.d117.s3.i3 1.000000 0.418885
DS3.d117.s3.i0 1.000000 0.182206
DS3.d117.s3.i1 1.000000 0.349502
DS3.d117.s2.i1 1.000000 -0.221874
DS3.d117.s2.i0 1.000000 -0.020241
DS3.d117.s2.i3 -1.000000 0.245820
DS3.d117.s2.i2 -1.000000 0.124893
DS3.d117.s1.i0 1.000000 -0.097564
DS3.d117.s1.i1 -1.000000 -0.400571
DS3.d117.s0.i0 1.000000 0.497144
DS3.d568.s1.i0 1.000000 0.933287
DS3.d568.s0.i4 1.000000 -0.258753
DS3.d568.s0.i1 1.000000 -0.304557
DS3.d568.s0.i0 1.000000 -0.243430
DS3.d568.s0.i3 1.000000 -0.185036
DS3.d568.s0.i2 1.000000 -0.324334
DS3.d568.s2.i0 1.000000 -0.074675
DS3.d1418.s0.i0 -1.000000 -0.268639
DS3.d562.s1.i0 1.000000 0.583512
DS3.d562.s0.i0 -1.000000 0.436909
DS3.d296.s0.i0 1.000000 0.648041
DS3.d291.s0.i0 -1.000000 0.157398
DS3.d1308.s0.i0 1.000000 0.450136
DS3.d1635.s0.i0 -1.000000 -0.742213
DS3.d1635.s0.i1 -1.000000 -0.817037
DS3.d1634.s1.i0 -1.000000 -0.334475
DS3.d1634.s1.i1 -1.000000 -0.345987
DS3.d1634.s1.i2 -1.000000 -0.345365
DS3.d1634.s1.i3 -1.000000 -0.302791
DS3.d1634.s0.i9 -1.000000 -0.443377
DS3.d1634.s0.i8 -1.000000 -0.648462
DS3.d1634.s0.i3 -1.000000 -0.589994
DS3.d1634.s0.i2 -1.000000 -0.366233
DS3.d1634.s0.i1 -1.000000 -0.443263
DS3.d1634.s0.i0 -1.000000 -0.442635
DS3.d1634.s0.i7 -1.000000 -0.544771
DS3.d1634.s0.i6 -1.000000 -0.453241
DS3.d1634.s0.i5 -1.000000 -0.638264
DS3.d1634.s0.i4 -1.000000 -0.620966
DS3.d657.s0.i0 -1.000000 0.456157
DS3.d1039.s0.i0 -1.000000 0.741040
DS3.d540.s1.i0 -1.000000 0.063469
DS3.d540.s0.i0 1.000000 0.774765
DS3.d714.s0.i0 -1.000000 -0.384204
DS3.d714.s0.i1 -1.000000 -0.483425
DS3.d714.s1.i0 -1.000000 0.160148
DS3.d714.s2.i0 -1.000000 -0.190585
DS3.d1328.s1.i0 -1.000000 -0.638577
DS3.d1328.s1.i1 -1.000000 -0.556450
DS3.d1328.s0.i1 -1.000000 -0.129210
DS3.d1328.s0.i0 -1.000000 0.530954
DS3.d108.s3.i0 -1.000000 -0.159704
DS3.d108.s3.i1 -1.000000 -0.209143
DS3.d108.s2.i0 -1.000000 -0.123659
DS3.d108.s1.i0 -1.000000 -0.365518
DS3.d108.s1.i1 -1.000000 -0.220991
DS3.d108.s0.i3 1.000000 0.041778
DS3.d108.s0.i2 1.000000 0.124337
DS3.d108.s0.i1 1.000000 0.284623
DS3.d108.s0.i0 1.000000 -0.076182
DS3.d108.s0.i7 1.000000 0.051466
DS3.d108.s0.i6 1.000000 0.041545
DS3.d108.s0.i5 1.000000 0.056724
DS3.d108.s0.i4 1.000000 0.186932
DS3.d59.s0.i43 -1.000000 -0.278469
DS3.d59.s0.i19 -1.000000 -0.056503
DS3.d59.s0.i18 -1.000000 -0.393172
DS3.d59.s0.i13 -1.000000 -0.305845
DS3.d59.s0.i12 -1.000000 -0.150500
DS3.d59.s0.i11 -1.000000 -0.166647
DS3.d59.s0.i10 -1.000000 -0.316854
DS3.d59.s0.i17 -1.000000 -0.105173
DS3.d59.s0.i16 -1.000000 -0.356120
DS3.d59.s0.i15 -1.000000 -0.231764
DS3.d59.s0.i14 -1.000000 -0.407572
DS3.d59.s0.i31 -1.000000 -0.222190
DS3.d59.s0.i30 -1.000000 -0.407343
DS3.d59.s0.i33 -1.000000 -0.409018
DS3.d59.s0.i32 -1.000000 -0.414176
DS3.d59.s0.i35 -1.000000 -0.367889
DS3.d59.s0.i34 -1.000000 -0.349011
DS3.d59.s0.i37 -1.000000 -0.365698
DS3.d59.s0.i36 -1.000000 -0.341083
DS3.d59.s0.i39 -1.000000 -0.402881
DS3.d59.s0.i38 -1.000000 -0.420224
DS3.d59.s0.i42 -1.000000 -0.177599
DS3.d59.s0.i22 -1.000000 -0.442047
DS3.d59.s0.i23 -1.000000 -0.514555
DS3.d59.s0.i20 -1.000000 -0.334328
DS3.d59.s0.i21 -1.000000 -0.329738
DS3.d59.s0.i26 -1.000000 -0.315077
DS3.d59.s0.i27 -1.000000 -0.312641
DS3.d59.s0.i24 -1.000000 -0.395080
DS3.d59.s0.i25 -1.000000 -0.332081
DS3.d59.s0.i40 -1.000000 -0.171445
DS3.d59.s0.i41 -1.000000 -0.409185
DS3.d59.s0.i28 -1.000000 -0.413645
DS3.d59.s0.i29 -1.000000 -0.458081
DS3.d59.s0.i44 -1.000000 -0.319872
DS3.d59.s0.i9 -1.000000 -0.130612
DS3.d59.s0.i8 -1.000000 -0.380064
DS3.d59.s0.i3 -1.000000 -0.344526
DS3.d59.s0.i2 -1.000000 -0.330532
DS3.d59.s0.i1 -1.000000 -0.301514
DS3.d59.s0.i0 -1.000000 -0.296256
DS3.d59.s0.i7 -1.000000 -0.519706
DS3.d59.s0.i6 -1.000000 -0.375407
DS3.d59.s0.i5 -1.000000 -0.152749
DS3.d59.s0.i4 -1.000000 -0.290637
DS3.d318.s0.i0 1.000000 0.804407
DS3.d318.s0.i1 1.000000 0.635594
DS3.d416.s0.i0 1.000000 0.061125
DS3.d791.s0.i0 1.000000 0.905332
DS3.d311.s0.i0 1.000000 0.699038
DS3.d554.s0.i0 1.000000 0.030423
DS3.d554.s0.i1 1.000000 -0.039518
DS3.d554.s0.i2 1.000000 -0.007534
DS3.d798.s0.i0 1.000000 0.831729
DS3.d996.s0.i2 -1.000000 0.118717
DS3.d996.s0.i0 -1.000000 0.159554
DS3.d996.s0.i1 -1.000000 0.217052
DS3.d35.s0.i0 1.000000 1.172513
DS3.d1088.s0.i0 1.000000 1.026019
DS3.d1089.s1.i2 1.000000 0.454414
DS3.d1089.s1.i3 1.000000 0.539509
DS3.d1089.s1.i0 1.000000 0.313143
DS3.d1089.s1.i1 1.000000 0.495146
DS3.d1089.s0.i0 1.000000 0.686588
DS3.d1727.s0.i0 1.000000 0.528253
DS3.d82.s0.i0 1.000000 0.545991
DS3.d1020.s0.i0 -1.000000 -0.123161
DS3.d1020.s1.i0 -1.000000 -0.489912
DS3.d750.s0.i0 1.000000 0.874672
DS3.d1237.s0.i0 1.000000 0.553270
DS3.d1236.s1.i0 -1.000000 -0.451997
DS3.d1236.s0.i0 -1.000000 -0.074729
DS3.d1236.s2.i0 -1.000000 -0.114356
DS3.d979.s0.i0 1.000000 0.536664
DS3.d1747.s0.i0 1.000000 0.911436
DS3.d1747.s0.i1 1.000000 0.925638
DS3.d1747.s0.i2 1.000000 0.912152
DS3.d1580.s1.i0 1.000000 0.793485
DS3.d1580.s0.i1 1.000000 1.222784
DS3.d1580.s0.i0 1.000000 1.303618
DS3.d1580.s2.i1 1.000000 0.557228
DS3.d1580.s2.i0 1.000000 0.744735
DS3.d383.s0.i2 1.000000 0.655864
DS3.d383.s0.i3 1.000000 0.388139
DS3.d383.s0.i0 1.000000 0.388139
DS3.d383.s0.i1 1.000000 0.655864
DS3.d1803.s3.i0 1.000000 1.045948
DS3.d1803.s3.i1 -1.000000 0.741548
DS3.d1803.s2.i0 1.000000 0.355807
DS3.d1803.s1.i4 1.000000 0.700957
DS3.d1803.s1.i5 1.000000 0.835451
DS3.d1803.s1.i0 -1.000000 0.240076
DS3.d1803.s1.i1 1.000000 -0.023843
DS3.d1803.s1.i2 -1.000000 0.968315
DS3.d1803.s1.i3 1.000000 0.098167
DS3.d1803.s0.i0 1.000000 0.874300
DS3.d789.s0.i0 1.000000 0.392187
DS3.d789.s0.i1 1.000000 0.392187
DS3.d626.s2.i0 1.000000 1.541624
DS3.d626.s3.i0 1.000000 0.906392
DS3.d626.s0.i0 1.000000 1.433322
DS3.d626.s1.i0 1.000000 0.984777
DS3.d628.s0.i0 -1.000000 -0.594503
DS3.d628.s0.i1 -1.000000 -0.639611
DS3.d423.s1.i0 -1.000000 0.572545
DS3.d423.s1.i1 1.000000 0.551288
DS3.d423.s0.i1 1.000000 0.823501
DS3.d423.s0.i0 1.000000 0.849113
DS3.d389.s0.i0 1.000000 0.444977
DS3.d1433.s0.i2 1.000000 -0.010823
DS3.d1433.s0.i0 1.000000 -0.362725
DS3.d1433.s0.i1 1.000000 -0.348385
DS3.d1208.s0.i0 1.000000 0.820451
DS3.d511.s0.i1 -1.000000 0.077887
DS3.d511.s0.i0 -1.000000 0.214000
DS3.d1435.s0.i0 1.000000 0.872854
DS3.d1435.s1.i0 1.000000 0.373471
DS3.d1880.s0.i0 1.000000 0.089201
DS3.d1880.s1.i0 -1.000000 0.185645
DS3.d982.s1.i0 -1.000000 -0.083364
DS3.d982.s0.i0 -1.000000 -0.838723
DS3.d984.s0.i1 1.000000 0.699266
DS3.d984.s0.i0 1.000000 0.795367
DS3.d1884.s0.i0 -1.000000 -0.206536
DS3.d788.s0.i20 -1.000000 -0.415235
DS3.d788.s0.i21 -1.000000 -0.498398
DS3.d788.s0.i22 -1.000000 -0.415493
DS3.d788.s0.i23 -1.000000 -0.242035
DS3.d788.s0.i24 -1.000000 -0.216121
DS3.d788.s0.i25 -1.000000 -0.539473
DS3.d788.s0.i26 -1.000000 -0.205037
DS3.d788.s0.i27 -1.000000 -0.310443
DS3.d788.s0.i28 -1.000000 -0.442331
DS3.d788.s0.i29 -1.000000 -0.545144
DS3.d788.s0.i19 -1.000000 -0.408736
DS3.d788.s0.i18 -1.000000 -0.434600
DS3.d788.s0.i15 -1.000000 -0.463049
DS3.d788.s0.i14 -1.000000 -0.428337
DS3.d788.s0.i17 -1.000000 -0.367843
DS3.d788.s0.i16 -1.000000 -0.487176
DS3.d788.s0.i11 -1.000000 -0.369950
DS3.d788.s0.i10 -1.000000 -0.425906
DS3.d788.s0.i13 -1.000000 -0.370667
DS3.d788.s0.i12 -1.000000 -0.405554
DS3.d788.s0.i33 -1.000000 -0.233094
DS3.d788.s0.i32 -1.000000 -0.379927
DS3.d788.s0.i31 -1.000000 -0.411643
DS3.d788.s0.i30 -1.000000 -0.439141
DS3.d788.s0.i37 -1.000000 -0.397120
DS3.d788.s0.i36 -1.000000 -0.397835
DS3.d788.s0.i35 -1.000000 -0.319063
DS3.d788.s0.i34 -1.000000 -0.514026
DS3.d788.s0.i39 -1.000000 -0.277166
DS3.d788.s0.i38 -1.000000 -0.381082
DS3.d788.s0.i9 -1.000000 -0.453943
DS3.d788.s0.i8 -1.000000 -0.367773
DS3.d788.s0.i1 -1.000000 -0.405516
DS3.d788.s0.i0 -1.000000 -0.414270
DS3.d788.s0.i3 -1.000000 -0.479726
DS3.d788.s0.i2 -1.000000 -0.426123
DS3.d788.s0.i5 -1.000000 -0.313655
DS3.d788.s0.i4 -1.000000 -0.449845
DS3.d788.s0.i7 -1.000000 -0.437533
DS3.d788.s0.i6 -1.000000 -0.428969
DS3.d43.s0.i0 1.000000 0.629893
DS3.d484.s0.i0 1.000000 0.797915
DS3.d484.s0.i1 1.000000 0.854330
DS3.d484.s1.i1 1.000000 0.642384
DS3.d484.s1.i0 -1.000000 0.032076
DS3.d868.s0.i0 -1.000000 0.016171
DS3.d868.s0.i1 -1.000000 -0.015272
DS3.d1531.s0.i0 1.000000 -0.101666
DS3.d1243.s0.i0 -1.000000 0.655959
DS3.d1147.s0.i0 1.000000 0.474473
DS3.d1147.s0.i1 -1.000000 0.238759
DS3.d914.s0.i0 -1.000000 0.006547
DS3.d1122.s0.i0 1.000000 0.861359
DS3.d967.s0.i2 -1.000000 0.023485
DS3.d967.s0.i0 1.000000 0.139143
DS3.d967.s0.i1 1.000000 -0.077298
DS3.d1054.s2.i1 -1.000000 -0.502740
DS3.d1054.s2.i0 -1.000000 -0.521255
DS3.d1054.s1.i0 1.000000 0.128951
DS3.d1054.s0.i1 1.000000 0.002428
DS3.d1054.s0.i0 1.000000 -0.052667
DS3.d1758.s0.i0 -1.000000 0.554114
DS3.d1056.s0.i0 -1.000000 0.528203
DS3.d963.s0.i0 1.000000 1.149170
DS3.d963.s1.i0 1.000000 0.505015
DS3.d960.s0.i1 -1.000000 0.714684
DS3.d960.s0.i0 -1.000000 0.733230
DS3.d802.s0.i0 1.000000 0.367428
DS3.d631.s0.i0 1.000000 0.368868
DS3.d631.s0.i1 1.000000 0.585289
DS3.d547.s0.i0 -1.000000 -0.205313
DS3.d547.s0.i1 -1.000000 -0.344854
DS3.d547.s1.i3 1.000000 0.836176
DS3.d547.s1.i2 1.000000 0.357928
DS3.d547.s1.i1 1.000000 0.357928
DS3.d547.s1.i0 1.000000 0.418731
DS3.d1832.s0.i1 -1.000000 -0.315144
DS3.d1832.s0.i0 -1.000000 0.312557
DS3.d434.s0.i0 1.000000 0.533338
DS3.d165.s2.i2 1.000000 -0.027474
DS3.d165.s2.i3 1.000000 -0.053656
DS3.d165.s2.i0 1.000000 0.046968
DS3.d165.s2.i1 1.000000 -0.075758
DS3.d165.s3.i1 -1.000000 0.670596
DS3.d165.s3.i0 -1.000000 0.416098
DS3.d165.s3.i2 -1.000000 0.467442
DS3.d165.s0.i4 1.000000 0.451723
DS3.d165.s0.i5 1.000000 0.846228
DS3.d165.s0.i0 -1.000000 0.505947
DS3.d165.s0.i1 -1.000000 0.680727
DS3.d165.s0.i2 -1.000000 0.247678
DS3.d165.s0.i3 -1.000000 0.398305
DS3.d165.s1.i5 1.000000 0.480402
DS3.d165.s1.i4 1.000000 0.653193
DS3.d165.s1.i3 1.000000 0.526339
DS3.d165.s1.i2 1.000000 0.207629
DS3.d165.s1.i1 1.000000 0.360084
DS3.d165.s1.i0 1.000000 0.069295
DS3.d165.s6.i4 1.000000 0.539367
DS3.d165.s6.i5 1.000000 0.544902
DS3.d165.s6.i2 1.000000 0.491175
DS3.d165.s6.i3 1.000000 0.396280
DS3.d165.s6.i0 1.000000 0.492401
DS3.d165.s6.i1 1.000000 0.351561
DS3.d165.s4.i0 1.000000 -0.129728
DS3.d165.s4.i1 1.000000 0.044518
DS3.d165.s5.i3 1.000000 0.143529
DS3.d165.s5.i2 -1.000000 0.106190
DS3.d165.s5.i1 1.000000 0.347313
DS3.d165.s5.i0 -1.000000 0.289925
DS3.d1218.s1.i0 -1.000000 -0.349686
DS3.d1218.s0.i0 -1.000000 -0.244496
DS3.d1218.s2.i1 -1.000000 -0.067586
DS3.d1218.s2.i0 -1.000000 -0.594155
DS3.d535.s0.i1 -1.000000 0.331142
DS3.d535.s0.i0 -1.000000 0.276542
DS3.d538.s0.i0 1.000000 0.604071
DS3.d538.s1.i0 1.000000 0.117835
DS3.d1338.s0.i2 1.000000 0.159028
DS3.d1338.s0.i3 1.000000 0.297901
DS3.d1338.s0.i0 1.000000 0.161672
DS3.d1338.s0.i1 1.000000 0.233709
DS3.d1338.s0.i4 1.000000 0.245819
DS3.d1338.s0.i5 1.000000 0.237400
DS3.d1338.s1.i1 -1.000000 -0.101420
DS3.d1338.s1.i0 -1.000000 -0.272041
DS3.d879.s0.i0 1.000000 0.664016
DS3.d879.s1.i0 1.000000 0.229510
DS3.d56.s0.i0 1.000000 0.266685
DS3.d1407.s0.i2 1.000000 1.014374
DS3.d1407.s0.i1 1.000000 0.958478
DS3.d1407.s0.i0 1.000000 1.001878
DS3.d874.s1.i0 -1.000000 0.155256
DS3.d874.s0.i0 -1.000000 0.638132
DS3.d1478.s1.i2 1.000000 0.504930
DS3.d1478.s1.i3 1.000000 0.268186
DS3.d1478.s1.i0 1.000000 0.154293
DS3.d1478.s1.i1 1.000000 0.284589
DS3.d1478.s1.i4 1.000000 0.382217
DS3.d1478.s1.i5 1.000000 0.490582
DS3.d1478.s0.i1 -1.000000 0.180010
DS3.d1478.s0.i0 -1.000000 -0.085229
DS3.d1478.s0.i2 -1.000000 0.055781
DS3.d873.s2.i0 1.000000 0.812980
DS3.d873.s0.i0 1.000000 1.122026
DS3.d873.s0.i1 1.000000 1.374381
DS3.d873.s1.i0 1.000000 0.964591
DS3.d1828.s0.i0 1.000000 0.268342
DS3.d1828.s0.i1 1.000000 0.258904
DS3.d1495.s0.i0 1.000000 0.533639
DS3.d1495.s1.i0 1.000000 1.139208
DS3.d1198.s0.i0 -1.000000 -0.006479
DS3.d1048.s0.i0 -1.000000 -0.432667
DS3.d1827.s1.i0 1.000000 0.347917
DS3.d1827.s1.i1 -1.000000 0.325747
DS3.d1827.s0.i1 -1.000000 0.477179
DS3.d1827.s0.i0 1.000000 0.524100
DS3.d1827.s0.i3 1.000000 0.625536
DS3.d1827.s0.i2 -1.000000 0.597262
DS3.d259.s0.i0 1.000000 -0.278945
DS3.d251.s0.i2 1.000000 -0.824754
DS3.d251.s0.i3 1.000000 -0.548169
DS3.d251.s0.i0 1.000000 -0.420447
DS3.d251.s0.i1 1.000000 -0.469448
DS3.d251.s0.i6 1.000000 -0.825282
DS3.d251.s0.i7 1.000000 -0.436758
DS3.d251.s0.i4 1.000000 -0.410632
DS3.d251.s0.i5 1.000000 -0.507538
DS3.d251.s0.i8 1.000000 -0.475608
DS3.d1051.s0.i2 -1.000000 -0.553743
DS3.d1051.s0.i0 -1.000000 -0.321387
DS3.d1051.s0.i1 1.000000 -0.140243
DS3.d158.s0.i0 1.000000 0.191948
DS3.d158.s0.i1 1.000000 0.222680
DS3.d1293.s0.i0 1.000000 0.385985
DS3.d1118.s0.i0 1.000000 0.756297
DS3.d1521.s0.i0 1.000000 0.525759
DS3.d1521.s0.i1 1.000000 0.646194
DS3.d324.s0.i0 -1.000000 0.213199
DS3.d440.s0.i0 1.000000 0.250914
DS3.d1515.s0.i1 1.000000 0.441879
DS3.d1515.s0.i0 1.000000 0.477934
DS3.d1103.s0.i0 -1.000000 0.431150
DS3.d1103.s0.i1 -1.000000 0.328558
DS3.d1103.s1.i0 1.000000 0.322220
DS3.d1101.s0.i0 1.000000 -0.145643
DS3.d1101.s0.i1 1.000000 -0.329481
DS3.d20.s0.i1 -1.000000 -0.723579
DS3.d20.s0.i0 -1.000000 0.350604
DS3.d1613.s0.i0 1.000000 -0.223695
DS3.d1613.s1.i0 1.000000 0.001424
DS3.d1344.s0.i3 -1.000000 -0.951773
DS3.d1344.s0.i2 -1.000000 -0.818675
DS3.d1344.s0.i1 -1.000000 -0.873085
DS3.d1344.s0.i0 -1.000000 -0.803357
DS3.d1344.s0.i7 -1.000000 -0.782872
DS3.d1344.s0.i6 -1.000000 -1.002203
DS3.d1344.s0.i5 -1.000000 -0.773327
DS3.d1344.s0.i4 -1.000000 -0.570699
DS3.d1108.s0.i0 1.000000 0.718797
DS3.d1614.s0.i1 1.000000 0.111637
DS3.d1614.s0.i0 1.000000 -0.170806
DS3.d1614.s0.i2 1.000000 0.128619
DS3.d152.s0.i0 1.000000 -0.182143
DS3.d152.s0.i1 1.000000 -0.589741
DS3.d152.s1.i0 1.000000 0.555337
DS3.d1773.s0.i1 1.000000 0.558421
DS3.d1773.s0.i0 1.000000 0.582409
DS3.d1773.s0.i3 1.000000 0.479567
DS3.d1773.s0.i2 1.000000 0.654375
DS3.d895.s0.i0 -1.000000 -0.217513
DS3.d594.s0.i0 1.000000 0.298550
DS3.d594.s0.i1 1.000000 0.404754
DS3.d594.s0.i2 1.000000 0.399317
DS3.d829.s0.i0 1.000000 0.626327
DS3.d1169.s0.i0 -1.000000 0.268246
DS3.d1169.s1.i0 -1.000000 0.134283
DS3.d1672.s0.i1 -1.000000 -0.169603
DS3.d1672.s0.i0 -1.000000 -0.106961
DS3.d616.s1.i0 1.000000 -0.436995
DS3.d616.s1.i1 1.000000 -0.501055
DS3.d616.s0.i12 1.000000 -0.442755
DS3.d616.s0.i18 1.000000 -0.642874
DS3.d616.s0.i15 1.000000 -0.416374
DS3.d616.s0.i11 1.000000 -0.382320
DS3.d616.s0.i16 -1.000000 -0.947090
DS3.d616.s0.i17 1.000000 -0.456505
DS3.d616.s0.i10 -1.000000 -0.554326
DS3.d616.s0.i9 -1.000000 -0.531134
DS3.d616.s0.i8 1.000000 -0.260688
DS3.d616.s0.i19 1.000000 -0.254885
DS3.d616.s0.i13 1.000000 -0.411412
DS3.d616.s0.i14 -1.000000 -0.563035
DS3.d616.s0.i1 -1.000000 -0.536780
DS3.d616.s0.i0 1.000000 -0.611877
DS3.d616.s0.i3 1.000000 -0.437969
DS3.d616.s0.i2 1.000000 -0.408279
DS3.d616.s0.i5 1.000000 -0.561253
DS3.d616.s0.i4 1.000000 -0.415881
DS3.d616.s0.i7 1.000000 -0.584752
DS3.d616.s0.i6 1.000000 -0.373976
DS3.d616.s2.i1 1.000000 0.598706
DS3.d616.s2.i0 1.000000 0.542978
DS3.d1280.s0.i0 1.000000 -0.036288
DS3.d1283.s0.i0 -1.000000 -0.336649
DS3.d755.s0.i1 1.000000 0.182920
DS3.d755.s0.i0 1.000000 0.248640
DS3.d142.s0.i1 1.000000 0.201615
DS3.d142.s0.i0 1.000000 0.602292
DS3.d513.s0.i0 1.000000 0.115804
DS3.d1650.s0.i1 1.000000 -0.184747
DS3.d1650.s0.i0 1.000000 -0.206223
DS3.d1650.s0.i2 1.000000 0.016821
DS3.d149.s0.i0 -1.000000 0.399539
DS3.d897.s0.i0 -1.000000 -0.859714
DS3.d897.s0.i1 -1.000000 -0.801320
DS3.d1153.s0.i0 -1.000000 0.328885
DS3.d695.s0.i0 1.000000 0.563341
DS3.d695.s0.i1 1.000000 0.495625
DS3.d695.s1.i1 -1.000000 0.413030
DS3.d695.s1.i0 -1.000000 0.490217
DS3.d695.s1.i2 -1.000000 -0.528263
DS3.d695.s2.i0 1.000000 0.543941
DS3.d695.s2.i1 1.000000 0.372576
DS3.d1568.s0.i0 1.000000 0.284803
DS3.d697.s0.i0 1.000000 0.272484
DS3.d697.s0.i1 1.000000 0.314918
DS3.d697.s0.i2 1.000000 0.137032
DS3.d697.s0.i3 1.000000 0.183263
DS3.d1352.s0.i0 1.000000 0.671287
DS3.d1566.s0.i0 -1.000000 -0.037629
DS3.d456.s0.i5 1.000000 0.309994
DS3.d456.s0.i4 1.000000 0.312766
DS3.d456.s0.i3 1.000000 0.218253
DS3.d456.s0.i2 1.000000 0.412342
DS3.d456.s0.i1 1.000000 0.166486
DS3.d456.s0.i0 1.000000 0.401521
DS3.d1116.s0.i0 1.000000 0.390329
DS3.d1116.s1.i1 1.000000 0.682812
DS3.d1116.s1.i0 1.000000 0.625121
DS3.d890.s0.i0 1.000000 1.292084
DS3.d1110.s0.i0 1.000000 0.609841
DS3.d1110.s0.i1 1.000000 0.609841
DS3.d1358.s0.i0 1.000000 0.873909
DS3.d1600.s0.i0 1.000000 0.516386
DS3.d1600.s1.i0 1.000000 0.257989
DS3.d1351.s0.i0 1.000000 1.063640
