DS3.d1704.s0.i1 1.000000 0.510947
DS3.d1704.s0.i0 1.000000 0.485014
DS3.d1668.s0.i0 1.000000 1.056011
DS3.d1171.s0.i1 1.000000 0.318148
DS3.d1171.s0.i0 1.000000 0.064813
DS3.d1701.s0.i0 -1.000000 0.773486
DS3.d1701.s0.i1 1.000000 0.541954
DS3.d1701.s1.i1 1.000000 0.735598
DS3.d1701.s1.i0 1.000000 0.735598
DS3.d14.s0.i2 -1.000000 0.239275
DS3.d14.s0.i3 -1.000000 -0.148130
DS3.d14.s0.i0 -1.000000 0.406568
DS3.d14.s0.i1 -1.000000 0.490832
DS3.d14.s1.i1 -1.000000 -0.052171
DS3.d14.s1.i0 -1.000000 -0.009268
DS3.d931.s1.i0 1.000000 0.377081
DS3.d931.s0.i0 1.000000 0.825689
DS3.d589.s0.i2 1.000000 0.657882
DS3.d589.s0.i3 1.000000 0.895593
DS3.d589.s0.i0 1.000000 0.895593
DS3.d589.s0.i1 1.000000 0.657882
DS3.d11.s0.i1 1.000000 0.410090
DS3.d11.s0.i0 1.000000 0.332059
DS3.d12.s0.i0 -1.000000 0.638600
DS3.d1706.s0.i1 1.000000 0.402795
DS3.d1706.s0.i0 -1.000000 0.600482
DS3.d509.s0.i2 -1.000000 -0.702026
DS3.d509.s0.i0 -1.000000 -0.672999
DS3.d509.s0.i1 -1.000000 -0.736897
DS3.d92.s2.i0 1.000000 -0.024639
DS3.d92.s3.i0 1.000000 0.628496
DS3.d92.s0.i0 1.000000 0.334848
DS3.d92.s1.i0 1.000000 0.532264
DS3.d235.s0.i0 1.000000 0.665297
DS3.d235.s1.i1 1.000000 0.305721
DS3.d235.s1.i0 1.000000 0.317396
DS3.d503.s0.i0 1.000000 0.448913
DS3.d502.s1.i2 -1.000000 0.639467
DS3.d502.s1.i0 1.000000 0.176214
DS3.d502.s1.i1 -1.000000 0.582085
DS3.d502.s0.i1 1.000000 0.529076
DS3.d502.s0.i0 1.000000 0.373963
DS3.d502.s0.i2 1.000000 0.121931
DS3.d138.s0.i0 1.000000 0.866521
DS3.d138.s1.i0 1.000000 -0.087024
DS3.d138.s2.i0 1.000000 0.897084
DS3.d138.s3.i0 1.000000 0.692997
DS3.d139.s2.i1 1.000000 0.118140
DS3.d139.s2.i0 1.000000 0.118140
DS3.d139.s2.i2 1.000000 0.227883
DS3.d139.s1.i0 1.000000 0.494175
DS3.d139.s1.i1 1.000000 0.307702
DS3.d139.s1.i2 1.000000 0.323372
DS3.d139.s1.i3 1.000000 0.476334
DS3.d139.s0.i1 -1.000000 0.923422
DS3.d139.s0.i0 -1.000000 0.879170
DS3.d1588.s0.i0 -1.000000 -0.094248
DS3.d1573.s0.i0 1.000000 0.331186
DS3.d348.s0.i0 -1.000000 0.428497
DS3.d1477.s0.i0 -1.000000 0.246124
DS3.d1477.s0.i1 -1.000000 0.286010
DS3.d664.s0.i2 -1.000000 -0.232958
DS3.d664.s0.i3 -1.000000 0.000855
DS3.d664.s0.i0 -1.000000 -0.100764
DS3.d664.s0.i1 -1.000000 -0.270202
DS3.d1202.s0.i0 1.000000 0.724353
DS3.d1070.s0.i1 -1.000000 -0.235740
DS3.d1070.s0.i0 -1.000000 -0.278712
DS3.d1070.s0.i3 -1.000000 -0.162292
DS3.d1070.s0.i2 -1.000000 -0.299061
DS3.d1479.s0.i0 1.000000 0.571534
DS3.d1074.s1.i0 -1.000000 0.286715
DS3.d1074.s0.i0 -1.000000 0.269462
DS3.d1019.s0.i0 -1.000000 -0.571124
DS3.d1019.s0.i1 -1.000000 -0.731333
DS3.d1019.s1.i0 -1.000000 -0.181727
DS3.d1870.s0.i0 1.000000 0.478707
DS3.d1795.s0.i0 -1.000000 0.144455
DS3.d934.s0.i4 -1.000000 -0.710412
DS3.d934.s0.i5 -1.000000 -0.574438
DS3.d934.s0.i2 -1.000000 -0.788744
DS3.d934.s0.i3 -1.000000 -0.662268
DS3.d934.s0.i0 -1.000000 -0.639418
DS3.d934.s0.i1 -1.000000 -0.780496
DS3.d934.s1.i1 -1.000000 -0.993024
DS3.d934.s1.i0 -1.000000 -0.892152
DS3.d934.s1.i3 -1.000000 -0.872213
DS3.d934.s1.i2 -1.000000 -0.795922
DS3.d934.s1.i5 -1.000000 -1.028350
DS3.d934.s1.i4 -1.000000 -1.009207
DS3.d934.s1.i7 -1.000000 -0.906894
DS3.d934.s1.i6 -1.000000 -0.859464
DS3.d675.s0.i0 1.000000 0.408632
DS3.d1654.s0.i0 -1.000000 0.532181
DS3.d26.s0.i1 -1.000000 0.143877
DS3.d26.s0.i0 -1.000000 -0.006170
DS3.d26.s0.i3 -1.000000 0.199031
DS3.d26.s0.i2 -1.000000 0.048673
DS3.d26.s0.i5 -1.000000 0.045290
DS3.d26.s0.i4 -1.000000 -0.033132
DS3.d375.s5.i2 1.000000 0.952306
DS3.d375.s5.i3 1.000000 0.898636
DS3.d375.s5.i0 1.000000 1.035694
DS3.d375.s5.i1 1.000000 1.071108
DS3.d375.s4.i1 1.000000 1.075345
DS3.d375.s4.i0 1.000000 1.095282
DS3.d375.s1.i0 1.000000 0.987124
DS3.d375.s0.i1 1.000000 1.073041
DS3.d375.s0.i0 1.000000 0.958770
DS3.d375.s0.i2 1.000000 1.090939
DS3.d375.s3.i0 1.000000 1.263077
DS3.d375.s3.i1 1.000000 0.724806
DS3.d375.s3.i2 1.000000 0.724806
DS3.d375.s3.i3 1.000000 1.263077
DS3.d375.s2.i0 1.000000 1.203102
DS3.d123.s0.i0 -1.000000 -0.421030
DS3.d1542.s0.i9 1.000000 -0.359633
DS3.d1542.s0.i8 1.000000 -0.263569
DS3.d1542.s0.i3 1.000000 -0.350158
DS3.d1542.s0.i2 1.000000 -0.211480
DS3.d1542.s0.i1 1.000000 -0.172513
DS3.d1542.s0.i0 1.000000 -0.308422
DS3.d1542.s0.i7 1.000000 -0.298031
DS3.d1542.s0.i6 1.000000 -0.254119
DS3.d1542.s0.i5 1.000000 -0.400608
DS3.d1542.s0.i4 1.000000 -0.273770
DS3.d473.s0.i0 -1.000000 0.274112
DS3.d473.s0.i1 -1.000000 0.396408
DS3.d120.s0.i5 -1.000000 0.084530
DS3.d120.s0.i4 -1.000000 -0.101353
DS3.d120.s0.i1 -1.000000 0.212643
DS3.d120.s0.i0 -1.000000 0.198154
DS3.d120.s0.i3 -1.000000 -0.121440
DS3.d120.s0.i2 -1.000000 0.120059
DS3.d282.s0.i0 1.000000 0.419530
DS3.d282.s1.i1 1.000000 0.410958
DS3.d282.s1.i0 1.000000 0.407779
DS3.d1549.s0.i0 1.000000 0.841981
DS3.d1549.s1.i0 -1.000000 0.560909
DS3.d575.s2.i0 -1.000000 0.479085
DS3.d575.s1.i0 1.000000 0.211640
DS3.d575.s1.i1 1.000000 0.179568
DS3.d575.s0.i0 1.000000 0.717708
DS3.d285.s1.i0 1.000000 0.879147
DS3.d285.s1.i1 1.000000 0.814751
DS3.d285.s0.i1 1.000000 1.305180
DS3.d285.s0.i0 1.000000 1.289539
DS3.d285.s0.i2 1.000000 1.328556
DS3.d285.s3.i0 -1.000000 0.212941
DS3.d285.s3.i1 -1.000000 0.104598
DS3.d285.s3.i2 -1.000000 0.186625
DS3.d285.s3.i3 -1.000000 0.160062
DS3.d285.s3.i4 -1.000000 0.071955
DS3.d285.s2.i1 1.000000 0.306060
DS3.d285.s2.i0 1.000000 0.455717
DS3.d973.s0.i0 1.000000 0.472754
DS3.d1067.s0.i0 1.000000 0.167735
DS3.d857.s0.i0 -1.000000 0.068298
DS3.d857.s0.i1 -1.000000 0.197705
DS3.d1641.s0.i1 1.000000 0.056098
DS3.d1641.s0.i0 1.000000 0.008027
DS3.d855.s0.i0 1.000000 0.483419
DS3.d855.s0.i1 1.000000 0.433475
DS3.d918.s0.i0 -1.000000 -1.098645
DS3.d918.s0.i1 -1.000000 -0.573342
DS3.d918.s0.i2 -1.000000 -0.667766
DS3.d918.s0.i3 -1.000000 -1.081944
DS3.d761.s0.i2 -1.000000 -0.194170
DS3.d761.s0.i0 -1.000000 -0.153066
DS3.d761.s0.i1 -1.000000 -0.158276
DS3.d648.s0.i0 1.000000 0.090904
DS3.d648.s0.i1 1.000000 -0.132657
DS3.d648.s0.i2 1.000000 0.135420
DS3.d1001.s1.i0 1.000000 0.331587
DS3.d1001.s0.i1 1.000000 0.902109
DS3.d1001.s0.i0 1.000000 0.939526
DS3.d590.s0.i0 1.000000 0.684841
DS3.d482.s0.i0 -1.000000 -0.169020
DS3.d482.s0.i1 -1.000000 -0.197490
DS3.d482.s0.i2 -1.000000 -0.084079
DS3.d911.s0.i1 1.000000 1.136093
DS3.d911.s0.i0 1.000000 1.081352
DS3.d174.s0.i2 -1.000000 -1.213997
DS3.d174.s0.i3 -1.000000 -1.209680
DS3.d174.s0.i0 -1.000000 -1.236360
DS3.d174.s0.i1 -1.000000 -0.388627
DS3.d365.s0.i0 1.000000 0.895789
DS3.d365.s0.i1 1.000000 0.760922
DS3.d365.s1.i1 1.000000 -0.237527
DS3.d365.s1.i0 1.000000 -0.228232
DS3.d365.s1.i2 1.000000 0.045842
DS3.d361.s0.i0 -1.000000 0.333920
DS3.d361.s1.i1 -1.000000 0.181654
DS3.d361.s1.i0 1.000000 0.497679
DS3.d361.s2.i0 1.000000 0.711503
DS3.d361.s2.i1 -1.000000 1.016723
DS3.d1395.s0.i0 1.000000 0.885835
DS3.d117.s3.i2 1.000000 0.329459
DS3.d117.s3.i3 1.000000 0.436752
DS3.d117.s3.i0 1.000000 0.214052
DS3.d117.s3.i1 1.000000 0.344396
DS3.d117.s2.i1 1.000000 -0.115059
DS3.d117.s2.i0 1.000000 0.004024
DS3.d117.s2.i3 -1.000000 0.197042
DS3.d117.s2.i2 -1.000000 0.142863
DS3.d117.s1.i0 1.000000 -0.084237
DS3.d117.s1.i1 -1.000000 -0.278176
DS3.d117.s0.i0 1.000000 0.414345
DS3.d568.s1.i0 1.000000 0.915990
DS3.d568.s0.i4 1.000000 -0.234524
DS3.d568.s0.i1 1.000000 -0.281059
DS3.d568.s0.i0 1.000000 -0.235837
DS3.d568.s0.i3 1.000000 -0.195575
DS3.d568.s0.i2 1.000000 -0.293135
DS3.d568.s2.i0 1.000000 0.038349
DS3.d1418.s0.i0 -1.000000 -0.116217
DS3.d562.s1.i0 1.000000 0.589826
DS3.d562.s0.i0 -1.000000 0.451927
DS3.d296.s0.i0 1.000000 0.694105
DS3.d291.s0.i0 -1.000000 0.137298
DS3.d1308.s0.i0 1.000000 0.468099
DS3.d1635.s0.i0 -1.000000 -0.636230
DS3.d1635.s0.i1 -1.000000 -0.680535
DS3.d1634.s1.i0 -1.000000 -0.315878
DS3.d1634.s1.i1 -1.000000 -0.324668
DS3.d1634.s1.i2 -1.000000 -0.321446
DS3.d1634.s1.i3 -1.000000 -0.289138
DS3.d1634.s0.i9 -1.000000 -0.420035
DS3.d1634.s0.i8 -1.000000 -0.578052
DS3.d1634.s0.i3 -1.000000 -0.522788
DS3.d1634.s0.i2 -1.000000 -0.360027
DS3.d1634.s0.i1 -1.000000 -0.424525
DS3.d1634.s0.i0 -1.000000 -0.422652
DS3.d1634.s0.i7 -1.000000 -0.487987
DS3.d1634.s0.i6 -1.000000 -0.430362
DS3.d1634.s0.i5 -1.000000 -0.571710
DS3.d1634.s0.i4 -1.000000 -0.555946
DS3.d657.s0.i0 -1.000000 0.482517
DS3.d1039.s0.i0 -1.000000 0.775857
DS3.d540.s1.i0 -1.000000 0.100697
DS3.d540.s0.i0 1.000000 0.852867
DS3.d714.s0.i0 -1.000000 -0.326503
DS3.d714.s0.i1 -1.000000 -0.426811
DS3.d714.s1.i0 -1.000000 0.129397
DS3.d714.s2.i0 -1.000000 -0.178215
DS3.d1328.s1.i0 -1.000000 -0.528100
DS3.d1328.s1.i1 -1.000000 -0.496940
DS3.d1328.s0.i1 -1.000000 -0.119968
DS3.d1328.s0.i0 -1.000000 0.463452
DS3.d108.s3.i0 -1.000000 -0.162088
DS3.d108.s3.i1 -1.000000 -0.180503
DS3.d108.s2.i0 -1.000000 -0.055278
DS3.d108.s1.i0 -1.000000 -0.304187
DS3.d108.s1.i1 -1.000000 -0.194055
DS3.d108.s0.i3 1.000000 0.065022
DS3.d108.s0.i2 1.000000 0.127605
DS3.d108.s0.i1 1.000000 0.293853
DS3.d108.s0.i0 1.000000 -0.036335
DS3.d108.s0.i7 1.000000 0.073589
DS3.d108.s0.i6 1.000000 0.054411
DS3.d108.s0.i5 1.000000 0.076659
DS3.d108.s0.i4 1.000000 0.210915
DS3.d59.s0.i43 -1.000000 -0.195014
DS3.d59.s0.i19 -1.000000 -0.039908
DS3.d59.s0.i18 -1.000000 -0.324556
DS3.d59.s0.i13 -1.000000 -0.295402
DS3.d59.s0.i12 -1.000000 -0.111413
DS3.d59.s0.i11 -1.000000 -0.129782
DS3.d59.s0.i10 -1.000000 -0.291955
DS3.d59.s0.i17 -1.000000 -0.081378
DS3.d59.s0.i16 -1.000000 -0.319576
DS3.d59.s0.i15 -1.000000 -0.221077
DS3.d59.s0.i14 -1.000000 -0.339726
DS3.d59.s0.i31 -1.000000 -0.225138
DS3.d59.s0.i30 -1.000000 -0.310703
DS3.d59.s0.i33 -1.000000 -0.317863
DS3.d59.s0.i32 -1.000000 -0.346121
DS3.d59.s0.i35 -1.000000 -0.285159
DS3.d59.s0.i34 -1.000000 -0.312863
DS3.d59.s0.i37 -1.000000 -0.322699
DS3.d59.s0.i36 -1.000000 -0.318990
DS3.d59.s0.i39 -1.000000 -0.335483
DS3.d59.s0.i38 -1.000000 -0.328392
DS3.d59.s0.i42 -1.000000 -0.140120
DS3.d59.s0.i22 -1.000000 -0.373262
DS3.d59.s0.i23 -1.000000 -0.400165
DS3.d59.s0.i20 -1.000000 -0.312495
DS3.d59.s0.i21 -1.000000 -0.308316
DS3.d59.s0.i26 -1.000000 -0.295398
DS3.d59.s0.i27 -1.000000 -0.288867
DS3.d59.s0.i24 -1.000000 -0.321206
DS3.d59.s0.i25 -1.000000 -0.292092
DS3.d59.s0.i40 -1.000000 -0.134103
DS3.d59.s0.i41 -1.000000 -0.307394
DS3.d59.s0.i28 -1.000000 -0.322066
DS3.d59.s0.i29 -1.000000 -0.374433
DS3.d59.s0.i44 -1.000000 -0.244653
DS3.d59.s0.i9 -1.000000 -0.115939
DS3.d59.s0.i8 -1.000000 -0.309527
DS3.d59.s0.i3 -1.000000 -0.308723
DS3.d59.s0.i2 -1.000000 -0.295704
DS3.d59.s0.i1 -1.000000 -0.254996
DS3.d59.s0.i0 -1.000000 -0.288157
DS3.d59.s0.i7 -1.000000 -0.382119
DS3.d59.s0.i6 -1.000000 -0.317580
DS3.d59.s0.i5 -1.000000 -0.108412
DS3.d59.s0.i4 -1.000000 -0.294872
DS3.d318.s0.i0 1.000000 0.754495
DS3.d318.s0.i1 1.000000 0.585820
DS3.d416.s0.i0 1.000000 0.066458
DS3.d791.s0.i0 1.000000 0.777109
DS3.d311.s0.i0 1.000000 0.604137
DS3.d554.s0.i0 1.000000 0.051734
DS3.d554.s0.i1 1.000000 -0.028049
DS3.d554.s0.i2 1.000000 0.029114
DS3.d798.s0.i0 1.000000 0.833106
DS3.d996.s0.i2 -1.000000 0.139667
DS3.d996.s0.i0 -1.000000 0.168271
DS3.d996.s0.i1 -1.000000 0.229271
DS3.d35.s0.i0 1.000000 1.079861
DS3.d1088.s0.i0 1.000000 1.073805
DS3.d1089.s1.i2 1.000000 0.415766
DS3.d1089.s1.i3 1.000000 0.480422
DS3.d1089.s1.i0 1.000000 0.282663
DS3.d1089.s1.i1 1.000000 0.435661
DS3.d1089.s0.i0 1.000000 0.676770
DS3.d1727.s0.i0 1.000000 0.585780
DS3.d82.s0.i0 1.000000 0.526138
DS3.d1020.s0.i0 -1.000000 -0.150846
DS3.d1020.s1.i0 -1.000000 -0.484666
DS3.d750.s0.i0 1.000000 0.870173
DS3.d1237.s0.i0 1.000000 0.560332
DS3.d1236.s1.i0 -1.000000 -0.406224
DS3.d1236.s0.i0 -1.000000 -0.084609
DS3.d1236.s2.i0 -1.000000 -0.087857
DS3.d979.s0.i0 1.000000 0.578302
DS3.d1747.s0.i0 1.000000 0.867569
DS3.d1747.s0.i1 1.000000 0.834350
DS3.d1747.s0.i2 1.000000 0.859582
DS3.d1580.s1.i0 1.000000 0.793474
DS3.d1580.s0.i1 1.000000 1.159705
DS3.d1580.s0.i0 1.000000 1.232467
DS3.d1580.s2.i1 1.000000 0.487406
DS3.d1580.s2.i0 1.000000 0.666343
DS3.d383.s0.i2 1.000000 0.715835
DS3.d383.s0.i3 1.000000 0.418085
DS3.d383.s0.i0 1.000000 0.418085
DS3.d383.s0.i1 1.000000 0.715835
DS3.d1803.s3.i0 1.000000 0.999469
DS3.d1803.s3.i1 -1.000000 0.752525
DS3.d1803.s2.i0 1.000000 0.373268
DS3.d1803.s1.i4 1.000000 0.668020
DS3.d1803.s1.i5 1.000000 0.779774
DS3.d1803.s1.i0 -1.000000 0.306782
DS3.d1803.s1.i1 1.000000 0.089462
DS3.d1803.s1.i2 -1.000000 0.892926
DS3.d1803.s1.i3 1.000000 0.195865
DS3.d1803.s0.i0 1.000000 0.858047
DS3.d789.s0.i0 1.000000 0.422604
DS3.d789.s0.i1 1.000000 0.422604
DS3.d626.s2.i0 1.000000 1.376319
DS3.d626.s3.i0 1.000000 0.887745
DS3.d626.s0.i0 1.000000 1.375809
DS3.d626.s1.i0 1.000000 0.914344
DS3.d628.s0.i0 -1.000000 -0.542024
DS3.d628.s0.i1 -1.000000 -0.588145
DS3.d423.s1.i0 -1.000000 0.573897
DS3.d423.s1.i1 1.000000 0.562316
DS3.d423.s0.i1 1.000000 0.757196
DS3.d423.s0.i0 1.000000 0.758631
DS3.d389.s0.i0 1.000000 0.476619
DS3.d1433.s0.i2 1.000000 -0.061887
DS3.d1433.s0.i0 1.000000 -0.351547
DS3.d1433.s0.i1 1.000000 -0.324155
DS3.d1208.s0.i0 1.000000 0.793240
DS3.d511.s0.i1 -1.000000 0.072399
DS3.d511.s0.i0 -1.000000 0.225150
DS3.d1435.s0.i0 1.000000 0.844670
DS3.d1435.s1.i0 1.000000 0.340360
DS3.d1880.s0.i0 1.000000 0.068523
DS3.d1880.s1.i0 -1.000000 0.235633
DS3.d982.s1.i0 -1.000000 -0.054579
DS3.d982.s0.i0 -1.000000 -0.718311
DS3.d984.s0.i1 1.000000 0.686810
DS3.d984.s0.i0 1.000000 0.792034
DS3.d1884.s0.i0 -1.000000 -0.171407
DS3.d788.s0.i20 -1.000000 -0.394025
DS3.d788.s0.i21 -1.000000 -0.458692
DS3.d788.s0.i22 -1.000000 -0.395350
DS3.d788.s0.i23 -1.000000 -0.232345
DS3.d788.s0.i24 -1.000000 -0.204769
DS3.d788.s0.i25 -1.000000 -0.512814
DS3.d788.s0.i26 -1.000000 -0.217281
DS3.d788.s0.i27 -1.000000 -0.289156
DS3.d788.s0.i28 -1.000000 -0.404379
DS3.d788.s0.i29 -1.000000 -0.505889
DS3.d788.s0.i19 -1.000000 -0.400540
DS3.d788.s0.i18 -1.000000 -0.434857
DS3.d788.s0.i15 -1.000000 -0.422443
DS3.d788.s0.i14 -1.000000 -0.399918
DS3.d788.s0.i17 -1.000000 -0.367724
DS3.d788.s0.i16 -1.000000 -0.448924
DS3.d788.s0.i11 -1.000000 -0.362420
DS3.d788.s0.i10 -1.000000 -0.382406
DS3.d788.s0.i13 -1.000000 -0.338077
DS3.d788.s0.i12 -1.000000 -0.403335
DS3.d788.s0.i33 -1.000000 -0.238383
DS3.d788.s0.i32 -1.000000 -0.359891
DS3.d788.s0.i31 -1.000000 -0.385603
DS3.d788.s0.i30 -1.000000 -0.414965
DS3.d788.s0.i37 -1.000000 -0.383147
DS3.d788.s0.i36 -1.000000 -0.395448
DS3.d788.s0.i35 -1.000000 -0.317513
DS3.d788.s0.i34 -1.000000 -0.497319
DS3.d788.s0.i39 -1.000000 -0.283371
DS3.d788.s0.i38 -1.000000 -0.360320
DS3.d788.s0.i9 -1.000000 -0.437206
DS3.d788.s0.i8 -1.000000 -0.361708
DS3.d788.s0.i1 -1.000000 -0.376353
DS3.d788.s0.i0 -1.000000 -0.376599
DS3.d788.s0.i3 -1.000000 -0.456981
DS3.d788.s0.i2 -1.000000 -0.421737
DS3.d788.s0.i5 -1.000000 -0.297791
DS3.d788.s0.i4 -1.000000 -0.399926
DS3.d788.s0.i7 -1.000000 -0.396435
DS3.d788.s0.i6 -1.000000 -0.421110
DS3.d43.s0.i0 1.000000 0.638407
DS3.d484.s0.i0 1.000000 0.793012
DS3.d484.s0.i1 1.000000 0.739213
DS3.d484.s1.i1 1.000000 0.544342
DS3.d484.s1.i0 -1.000000 0.119222
DS3.d868.s0.i0 -1.000000 0.078389
DS3.d868.s0.i1 -1.000000 0.050893
DS3.d1531.s0.i0 1.000000 -0.043509
DS3.d1243.s0.i0 -1.000000 0.655720
DS3.d1147.s0.i0 1.000000 0.484318
DS3.d1147.s0.i1 -1.000000 0.294075
DS3.d914.s0.i0 -1.000000 0.038231
DS3.d1122.s0.i0 1.000000 0.847494
DS3.d967.s0.i2 -1.000000 0.101417
DS3.d967.s0.i0 1.000000 0.189909
DS3.d967.s0.i1 1.000000 -0.009884
DS3.d1054.s2.i1 -1.000000 -0.457758
DS3.d1054.s2.i0 -1.000000 -0.477594
DS3.d1054.s1.i0 1.000000 0.137885
DS3.d1054.s0.i1 1.000000 0.040637
DS3.d1054.s0.i0 1.000000 0.022814
DS3.d1758.s0.i0 -1.000000 0.558755
DS3.d1056.s0.i0 -1.000000 0.567172
DS3.d963.s0.i0 1.000000 1.045229
DS3.d963.s1.i0 1.000000 0.487318
DS3.d960.s0.i1 -1.000000 0.709651
DS3.d960.s0.i0 -1.000000 0.766195
DS3.d802.s0.i0 1.000000 0.310374
DS3.d631.s0.i0 1.000000 0.328366
DS3.d631.s0.i1 1.000000 0.570358
DS3.d547.s0.i0 -1.000000 -0.192164
DS3.d547.s0.i1 -1.000000 -0.292556
DS3.d547.s1.i3 1.000000 0.759518
DS3.d547.s1.i2 1.000000 0.359293
DS3.d547.s1.i1 1.000000 0.359293
DS3.d547.s1.i0 1.000000 0.416095
DS3.d1832.s0.i1 -1.000000 -0.232950
DS3.d1832.s0.i0 -1.000000 0.285129
DS3.d434.s0.i0 1.000000 0.486187
DS3.d165.s2.i2 1.000000 -0.036235
DS3.d165.s2.i3 1.000000 -0.057131
DS3.d165.s2.i0 1.000000 0.013450
DS3.d165.s2.i1 1.000000 -0.072451
DS3.d165.s3.i1 -1.000000 0.610357
DS3.d165.s3.i0 -1.000000 0.374013
DS3.d165.s3.i2 -1.000000 0.407661
DS3.d165.s0.i4 1.000000 0.411052
DS3.d165.s0.i5 1.000000 0.787033
DS3.d165.s0.i0 -1.000000 0.497200
DS3.d165.s0.i1 -1.000000 0.651320
DS3.d165.s0.i2 -1.000000 0.253306
DS3.d165.s0.i3 -1.000000 0.390540
DS3.d165.s1.i5 1.000000 0.413914
DS3.d165.s1.i4 1.000000 0.560793
DS3.d165.s1.i3 1.000000 0.461709
DS3.d165.s1.i2 1.000000 0.195648
DS3.d165.s1.i1 1.000000 0.318830
DS3.d165.s1.i0 1.000000 0.084950
DS3.d165.s6.i4 1.000000 0.473562
DS3.d165.s6.i5 1.000000 0.458353
DS3.d165.s6.i2 1.000000 0.374592
DS3.d165.s6.i3 1.000000 0.345125
DS3.d165.s6.i0 1.000000 0.394276
DS3.d165.s6.i1 1.000000 0.275958
DS3.d165.s4.i0 1.000000 -0.112627
DS3.d165.s4.i1 1.000000 0.039902
DS3.d165.s5.i3 1.000000 0.134415
DS3.d165.s5.i2 -1.000000 0.119169
DS3.d165.s5.i1 1.000000 0.313721
DS3.d165.s5.i0 -1.000000 0.290768
DS3.d1218.s1.i0 -1.000000 -0.336580
DS3.d1218.s0.i0 -1.000000 -0.192885
DS3.d1218.s2.i1 -1.000000 -0.104902
DS3.d1218.s2.i0 -1.000000 -0.561517
DS3.d535.s0.i1 -1.000000 0.285621
DS3.d535.s0.i0 -1.000000 0.229503
DS3.d538.s0.i0 1.000000 0.632501
DS3.d538.s1.i0 1.000000 0.118355
DS3.d1338.s0.i2 1.000000 0.165374
DS3.d1338.s0.i3 1.000000 0.251437
DS3.d1338.s0.i0 1.000000 0.171911
DS3.d1338.s0.i1 1.000000 0.224144
DS3.d1338.s0.i4 1.000000 0.235328
DS3.d1338.s0.i5 1.000000 0.210593
DS3.d1338.s1.i1 -1.000000 -0.104215
DS3.d1338.s1.i0 -1.000000 -0.186896
DS3.d879.s0.i0 1.000000 0.641608
DS3.d879.s1.i0 1.000000 0.246293
DS3.d56.s0.i0 1.000000 0.267468
DS3.d1407.s0.i2 1.000000 0.888784
DS3.d1407.s0.i1 1.000000 0.827236
DS3.d1407.s0.i0 1.000000 0.862991
DS3.d874.s1.i0 -1.000000 0.164233
DS3.d874.s0.i0 -1.000000 0.692112
DS3.d1478.s1.i2 1.000000 0.517188
DS3.d1478.s1.i3 1.000000 0.330781
DS3.d1478.s1.i0 1.000000 0.228552
DS3.d1478.s1.i1 1.000000 0.337792
DS3.d1478.s1.i4 1.000000 0.414154
DS3.d1478.s1.i5 1.000000 0.515051
DS3.d1478.s0.i1 -1.000000 0.103931
DS3.d1478.s0.i0 -1.000000 -0.110647
DS3.d1478.s0.i2 -1.000000 -0.001542
DS3.d873.s2.i0 1.000000 0.816971
DS3.d873.s0.i0 1.000000 1.046335
DS3.d873.s0.i1 1.000000 1.287743
DS3.d873.s1.i0 1.000000 0.917423
DS3.d1828.s0.i0 1.000000 0.202012
DS3.d1828.s0.i1 1.000000 0.249155
DS3.d1495.s0.i0 1.000000 0.458498
DS3.d1495.s1.i0 1.000000 1.043192
DS3.d1198.s0.i0 -1.000000 0.077787
DS3.d1048.s0.i0 -1.000000 -0.385011
DS3.d1827.s1.i0 1.000000 0.329388
DS3.d1827.s1.i1 -1.000000 0.327654
DS3.d1827.s0.i1 -1.000000 0.469924
DS3.d1827.s0.i0 1.000000 0.515083
DS3.d1827.s0.i3 1.000000 0.568963
DS3.d1827.s0.i2 -1.000000 0.540932
DS3.d259.s0.i0 1.000000 -0.252942
DS3.d251.s0.i2 1.000000 -0.759721
DS3.d251.s0.i3 1.000000 -0.548111
DS3.d251.s0.i0 1.000000 -0.423075
DS3.d251.s0.i1 1.000000 -0.462769
DS3.d251.s0.i6 1.000000 -0.769428
DS3.d251.s0.i7 1.000000 -0.450828
DS3.d251.s0.i4 1.000000 -0.417374
DS3.d251.s0.i5 1.000000 -0.475023
DS3.d251.s0.i8 1.000000 -0.479225
DS3.d1051.s0.i2 -1.000000 -0.489593
DS3.d1051.s0.i0 -1.000000 -0.286351
DS3.d1051.s0.i1 1.000000 -0.124211
DS3.d158.s0.i0 1.000000 0.300475
DS3.d158.s0.i1 1.000000 0.332217
DS3.d1293.s0.i0 1.000000 0.383881
DS3.d1118.s0.i0 1.000000 0.677873
DS3.d1521.s0.i0 1.000000 0.613836
DS3.d1521.s0.i1 1.000000 0.707745
DS3.d324.s0.i0 -1.000000 0.316800
DS3.d440.s0.i0 1.000000 0.178892
DS3.d1515.s0.i1 1.000000 0.372687
DS3.d1515.s0.i0 1.000000 0.362018
DS3.d1103.s0.i0 -1.000000 0.367418
DS3.d1103.s0.i1 -1.000000 0.255881
DS3.d1103.s1.i0 1.000000 0.343977
DS3.d1101.s0.i0 1.000000 -0.114765
DS3.d1101.s0.i1 1.000000 -0.292299
DS3.d20.s0.i1 -1.000000 -0.596743
DS3.d20.s0.i0 -1.000000 0.314844
DS3.d1613.s0.i0 1.000000 -0.218067
DS3.d1613.s1.i0 1.000000 -0.005070
DS3.d1344.s0.i3 -1.000000 -0.890248
DS3.d1344.s0.i2 -1.000000 -0.753408
DS3.d1344.s0.i1 -1.000000 -0.813512
DS3.d1344.s0.i0 -1.000000 -0.747971
DS3.d1344.s0.i7 -1.000000 -0.742310
DS3.d1344.s0.i6 -1.000000 -0.928764
DS3.d1344.s0.i5 -1.000000 -0.732737
DS3.d1344.s0.i4 -1.000000 -0.534689
DS3.d1108.s0.i0 1.000000 0.713565
DS3.d1614.s0.i1 1.000000 0.162751
DS3.d1614.s0.i0 1.000000 -0.080768
DS3.d1614.s0.i2 1.000000 0.189900
DS3.d152.s0.i0 1.000000 -0.208577
DS3.d152.s0.i1 1.000000 -0.527176
DS3.d152.s1.i0 1.000000 0.578083
DS3.d1773.s0.i1 1.000000 0.523651
DS3.d1773.s0.i0 1.000000 0.536803
DS3.d1773.s0.i3 1.000000 0.442492
DS3.d1773.s0.i2 1.000000 0.607640
DS3.d895.s0.i0 -1.000000 -0.229573
DS3.d594.s0.i0 1.000000 0.295220
DS3.d594.s0.i1 1.000000 0.388158
DS3.d594.s0.i2 1.000000 0.347537
DS3.d829.s0.i0 1.000000 0.650477
DS3.d1169.s0.i0 -1.000000 0.270488
DS3.d1169.s1.i0 -1.000000 0.192439
DS3.d1672.s0.i1 -1.000000 -0.168208
DS3.d1672.s0.i0 -1.000000 -0.090961
DS3.d616.s1.i0 1.000000 -0.474928
DS3.d616.s1.i1 1.000000 -0.511328
DS3.d616.s0.i12 1.000000 -0.419376
DS3.d616.s0.i18 1.000000 -0.630270
DS3.d616.s0.i15 1.000000 -0.407166
DS3.d616.s0.i11 1.000000 -0.390617
DS3.d616.s0.i16 -1.000000 -0.847401
DS3.d616.s0.i17 1.000000 -0.467327
DS3.d616.s0.i10 -1.000000 -0.547392
DS3.d616.s0.i9 -1.000000 -0.504074
DS3.d616.s0.i8 1.000000 -0.297961
DS3.d616.s0.i19 1.000000 -0.302482
DS3.d616.s0.i13 1.000000 -0.395432
DS3.d616.s0.i14 -1.000000 -0.528492
DS3.d616.s0.i1 -1.000000 -0.516349
DS3.d616.s0.i0 1.000000 -0.578677
DS3.d616.s0.i3 1.000000 -0.441869
DS3.d616.s0.i2 1.000000 -0.402636
DS3.d616.s0.i5 1.000000 -0.546425
DS3.d616.s0.i4 1.000000 -0.438782
DS3.d616.s0.i7 1.000000 -0.557655
DS3.d616.s0.i6 1.000000 -0.377667
DS3.d616.s2.i1 1.000000 0.574948
DS3.d616.s2.i0 1.000000 0.514494
DS3.d1280.s0.i0 1.000000 -0.047013
DS3.d1283.s0.i0 -1.000000 -0.276336
DS3.d755.s0.i1 1.000000 0.173691
DS3.d755.s0.i0 1.000000 0.240310
DS3.d142.s0.i1 1.000000 0.272964
DS3.d142.s0.i0 1.000000 0.586874
DS3.d513.s0.i0 1.000000 0.166423
DS3.d1650.s0.i1 1.000000 -0.102187
DS3.d1650.s0.i0 1.000000 -0.111230
DS3.d1650.s0.i2 1.000000 0.064637
DS3.d149.s0.i0 -1.000000 0.431212
DS3.d897.s0.i0 -1.000000 -0.759903
DS3.d897.s0.i1 -1.000000 -0.709649
DS3.d1153.s0.i0 -1.000000 0.360767
DS3.d695.s0.i0 1.000000 0.519960
DS3.d695.s0.i1 1.000000 0.475811
DS3.d695.s1.i1 -1.000000 0.385291
DS3.d695.s1.i0 -1.000000 0.445126
DS3.d695.s1.i2 -1.000000 -0.409065
DS3.d695.s2.i0 1.000000 0.526506
DS3.d695.s2.i1 1.000000 0.352798
DS3.d1568.s0.i0 1.000000 0.280522
DS3.d697.s0.i0 1.000000 0.253676
DS3.d697.s0.i1 1.000000 0.275706
DS3.d697.s0.i2 1.000000 0.100954
DS3.d697.s0.i3 1.000000 0.167443
DS3.d1352.s0.i0 1.000000 0.678955
DS3.d1566.s0.i0 -1.000000 0.082766
DS3.d456.s0.i5 1.000000 0.285501
DS3.d456.s0.i4 1.000000 0.244905
DS3.d456.s0.i3 1.000000 0.183755
DS3.d456.s0.i2 1.000000 0.341818
DS3.d456.s0.i1 1.000000 0.148678
DS3.d456.s0.i0 1.000000 0.301085
DS3.d1116.s0.i0 1.000000 0.393318
DS3.d1116.s1.i1 1.000000 0.666088
DS3.d1116.s1.i0 1.000000 0.606063
DS3.d890.s0.i0 1.000000 1.273328
DS3.d1110.s0.i0 1.000000 0.605829
DS3.d1110.s0.i1 1.000000 0.605829
DS3.d1358.s0.i0 1.000000 0.735077
DS3.d1600.s0.i0 1.000000 0.477998
DS3.d1600.s1.i0 1.000000 0.288188
DS3.d1351.s0.i0 1.000000 0.985988
