DS3.d1704.s0.i1 1.000000 0.600480
DS3.d1704.s0.i0 1.000000 0.543389
DS3.d1668.s0.i0 1.000000 1.206997
DS3.d1171.s0.i1 1.000000 0.452197
DS3.d1171.s0.i0 1.000000 0.032083
DS3.d1701.s0.i0 -1.000000 0.871117
DS3.d1701.s0.i1 1.000000 0.555913
DS3.d1701.s1.i1 1.000000 0.673027
DS3.d1701.s1.i0 1.000000 0.673027
DS3.d14.s0.i2 -1.000000 0.141567
DS3.d14.s0.i3 -1.000000 -0.435704
DS3.d14.s0.i0 -1.000000 0.438371
DS3.d14.s0.i1 -1.000000 0.429988
DS3.d14.s1.i1 -1.000000 -0.184185
DS3.d14.s1.i0 -1.000000 -0.064516
DS3.d931.s1.i0 1.000000 0.366609
DS3.d931.s0.i0 1.000000 0.982628
DS3.d589.s0.i2 1.000000 0.647519
DS3.d589.s0.i3 1.000000 0.979403
DS3.d589.s0.i0 1.000000 0.979403
DS3.d589.s0.i1 1.000000 0.647519
DS3.d11.s0.i1 1.000000 0.397774
DS3.d11.s0.i0 1.000000 0.310635
DS3.d12.s0.i0 -1.000000 0.598817
DS3.d1706.s0.i1 1.000000 0.465243
DS3.d1706.s0.i0 -1.000000 0.716360
DS3.d509.s0.i2 -1.000000 -0.829605
DS3.d509.s0.i0 -1.000000 -0.779802
DS3.d509.s0.i1 -1.000000 -0.863553
DS3.d92.s2.i0 1.000000 -0.208313
DS3.d92.s3.i0 1.000000 0.660910
DS3.d92.s0.i0 1.000000 0.465639
DS3.d92.s1.i0 1.000000 0.375034
DS3.d235.s0.i0 1.000000 0.571244
DS3.d235.s1.i1 1.000000 0.336805
DS3.d235.s1.i0 1.000000 0.460879
DS3.d503.s0.i0 1.000000 0.520040
DS3.d502.s1.i2 -1.000000 0.652219
DS3.d502.s1.i0 1.000000 0.079355
DS3.d502.s1.i1 -1.000000 0.575511
DS3.d502.s0.i1 1.000000 0.632952
DS3.d502.s0.i0 1.000000 0.383807
DS3.d502.s0.i2 1.000000 0.022627
DS3.d138.s0.i0 1.000000 0.771625
DS3.d138.s1.i0 1.000000 -0.133111
DS3.d138.s2.i0 1.000000 0.724904
DS3.d138.s3.i0 1.000000 0.603588
DS3.d139.s2.i1 1.000000 0.277365
DS3.d139.s2.i0 1.000000 0.277365
DS3.d139.s2.i2 1.000000 0.389906
DS3.d139.s1.i0 1.000000 0.443492
DS3.d139.s1.i1 1.000000 0.309831
DS3.d139.s1.i2 1.000000 0.310571
DS3.d139.s1.i3 1.000000 0.404484
DS3.d139.s0.i1 -1.000000 0.894832
DS3.d139.s0.i0 -1.000000 0.930671
DS3.d1588.s0.i0 -1.000000 -0.059445
DS3.d1573.s0.i0 1.000000 0.302371
DS3.d348.s0.i0 -1.000000 0.425540
DS3.d1477.s0.i0 -1.000000 0.157389
DS3.d1477.s0.i1 -1.000000 0.237393
DS3.d664.s0.i2 -1.000000 -0.169317
DS3.d664.s0.i3 -1.000000 0.138651
DS3.d664.s0.i0 -1.000000 0.006510
DS3.d664.s0.i1 -1.000000 -0.272397
DS3.d1202.s0.i0 1.000000 0.738088
DS3.d1070.s0.i1 -1.000000 -0.289787
DS3.d1070.s0.i0 -1.000000 -0.328024
DS3.d1070.s0.i3 -1.000000 -0.143809
DS3.d1070.s0.i2 -1.000000 -0.290097
DS3.d1479.s0.i0 1.000000 0.639602
DS3.d1074.s1.i0 -1.000000 0.295233
DS3.d1074.s0.i0 -1.000000 0.209077
DS3.d1019.s0.i0 -1.000000 -0.702798
DS3.d1019.s0.i1 -1.000000 -0.935288
DS3.d1019.s1.i0 -1.000000 -0.325026
DS3.d1870.s0.i0 1.000000 0.354860
DS3.d1795.s0.i0 -1.000000 -0.019876
DS3.d934.s0.i4 -1.000000 -0.634807
DS3.d934.s0.i5 -1.000000 -0.588966
DS3.d934.s0.i2 -1.000000 -0.802437
DS3.d934.s0.i3 -1.000000 -0.722440
DS3.d934.s0.i0 -1.000000 -0.716352
DS3.d934.s0.i1 -1.000000 -0.929263
DS3.d934.s1.i1 -1.000000 -1.086039
DS3.d934.s1.i0 -1.000000 -1.033721
DS3.d934.s1.i3 -1.000000 -0.978607
DS3.d934.s1.i2 -1.000000 -0.815024
DS3.d934.s1.i5 -1.000000 -1.177865
DS3.d934.s1.i4 -1.000000 -1.108762
DS3.d934.s1.i7 -1.000000 -0.994032
DS3.d934.s1.i6 -1.000000 -0.961847
DS3.d675.s0.i0 1.000000 0.375018
DS3.d1654.s0.i0 -1.000000 0.450032
DS3.d26.s0.i1 -1.000000 0.150466
DS3.d26.s0.i0 -1.000000 -0.007770
DS3.d26.s0.i3 -1.000000 0.239936
DS3.d26.s0.i2 -1.000000 0.084335
DS3.d26.s0.i5 -1.000000 0.066233
DS3.d26.s0.i4 -1.000000 -0.055773
DS3.d375.s5.i2 1.000000 1.028934
DS3.d375.s5.i3 1.000000 0.915681
DS3.d375.s5.i0 1.000000 1.175408
DS3.d375.s5.i1 1.000000 1.103557
DS3.d375.s4.i1 1.000000 1.027336
DS3.d375.s4.i0 1.000000 1.169576
DS3.d375.s1.i0 1.000000 1.164669
DS3.d375.s0.i1 1.000000 1.131598
DS3.d375.s0.i0 1.000000 1.050103
DS3.d375.s0.i2 1.000000 1.085648
DS3.d375.s3.i0 1.000000 1.373512
DS3.d375.s3.i1 1.000000 0.692268
DS3.d375.s3.i2 1.000000 0.692268
DS3.d375.s3.i3 1.000000 1.373512
DS3.d375.s2.i0 1.000000 1.392529
DS3.d123.s0.i0 -1.000000 -0.549617
DS3.d1542.s0.i9 1.000000 -0.493947
DS3.d1542.s0.i8 1.000000 -0.415562
DS3.d1542.s0.i3 1.000000 -0.467953
DS3.d1542.s0.i2 1.000000 -0.327903
DS3.d1542.s0.i1 1.000000 -0.267049
DS3.d1542.s0.i0 1.000000 -0.473926
DS3.d1542.s0.i7 1.000000 -0.378667
DS3.d1542.s0.i6 1.000000 -0.313784
DS3.d1542.s0.i5 1.000000 -0.533359
DS3.d1542.s0.i4 1.000000 -0.442608
DS3.d473.s0.i0 -1.000000 0.335690
DS3.d473.s0.i1 -1.000000 0.415022
DS3.d120.s0.i5 -1.000000 0.089567
DS3.d120.s0.i4 -1.000000 -0.263139
DS3.d120.s0.i1 -1.000000 0.109695
DS3.d120.s0.i0 -1.000000 0.135976
DS3.d120.s0.i3 -1.000000 -0.246818
DS3.d120.s0.i2 -1.000000 0.128105
DS3.d282.s0.i0 1.000000 0.500486
DS3.d282.s1.i1 1.000000 0.676431
DS3.d282.s1.i0 1.000000 0.413234
DS3.d1549.s0.i0 1.000000 1.073792
DS3.d1549.s1.i0 -1.000000 0.624073
DS3.d575.s2.i0 -1.000000 0.599578
DS3.d575.s1.i0 1.000000 0.135359
DS3.d575.s1.i1 1.000000 0.138280
DS3.d575.s0.i0 1.000000 0.827298
DS3.d285.s1.i0 1.000000 0.982628
DS3.d285.s1.i1 1.000000 1.038035
DS3.d285.s0.i1 1.000000 1.684756
DS3.d285.s0.i0 1.000000 1.550798
DS3.d285.s0.i2 1.000000 1.532475
DS3.d285.s3.i0 -1.000000 0.206539
DS3.d285.s3.i1 -1.000000 0.099493
DS3.d285.s3.i2 -1.000000 0.131997
DS3.d285.s3.i3 -1.000000 0.231114
DS3.d285.s3.i4 -1.000000 0.072920
DS3.d285.s2.i1 1.000000 0.341365
DS3.d285.s2.i0 1.000000 0.493192
DS3.d973.s0.i0 1.000000 0.640219
DS3.d1067.s0.i0 1.000000 0.189627
DS3.d857.s0.i0 -1.000000 0.168919
DS3.d857.s0.i1 -1.000000 0.305909
DS3.d1641.s0.i1 1.000000 0.246729
DS3.d1641.s0.i0 1.000000 0.133206
DS3.d855.s0.i0 1.000000 0.716687
DS3.d855.s0.i1 1.000000 0.659807
DS3.d918.s0.i0 -1.000000 -1.394703
DS3.d918.s0.i1 -1.000000 -0.809024
DS3.d918.s0.i2 -1.000000 -0.871377
DS3.d918.s0.i3 -1.000000 -1.333514
DS3.d761.s0.i2 -1.000000 -0.221248
DS3.d761.s0.i0 -1.000000 -0.105623
DS3.d761.s0.i1 -1.000000 -0.136475
DS3.d648.s0.i0 1.000000 0.068808
DS3.d648.s0.i1 1.000000 -0.144855
DS3.d648.s0.i2 1.000000 0.099168
DS3.d1001.s1.i0 1.000000 0.432742
DS3.d1001.s0.i1 1.000000 0.979966
DS3.d1001.s0.i0 1.000000 0.950749
DS3.d590.s0.i0 1.000000 0.974244
DS3.d482.s0.i0 -1.000000 -0.106491
DS3.d482.s0.i1 -1.000000 -0.196519
DS3.d482.s0.i2 -1.000000 0.007332
DS3.d911.s0.i1 1.000000 1.301601
DS3.d911.s0.i0 1.000000 1.202813
DS3.d174.s0.i2 -1.000000 -1.338061
DS3.d174.s0.i3 -1.000000 -1.366701
DS3.d174.s0.i0 -1.000000 -1.443853
DS3.d174.s0.i1 -1.000000 -0.398292
DS3.d365.s0.i0 1.000000 1.104764
DS3.d365.s0.i1 1.000000 0.922019
DS3.d365.s1.i1 1.000000 -0.365405
DS3.d365.s1.i0 1.000000 -0.298883
DS3.d365.s1.i2 1.000000 0.088818
DS3.d361.s0.i0 -1.000000 0.270308
DS3.d361.s1.i1 -1.000000 0.091641
DS3.d361.s1.i0 1.000000 0.578498
DS3.d361.s2.i0 1.000000 0.758622
DS3.d361.s2.i1 -1.000000 1.191356
DS3.d1395.s0.i0 1.000000 0.926597
DS3.d117.s3.i2 1.000000 0.338193
DS3.d117.s3.i3 1.000000 0.383792
DS3.d117.s3.i0 1.000000 0.152635
DS3.d117.s3.i1 1.000000 0.348896
DS3.d117.s2.i1 1.000000 -0.324991
DS3.d117.s2.i0 1.000000 -0.030363
DS3.d117.s2.i3 -1.000000 0.312069
DS3.d117.s2.i2 -1.000000 0.104003
DS3.d117.s1.i0 1.000000 -0.080697
DS3.d117.s1.i1 -1.000000 -0.494602
DS3.d117.s0.i0 1.000000 0.577009
DS3.d568.s1.i0 1.000000 0.952414
DS3.d568.s0.i4 1.000000 -0.291701
DS3.d568.s0.i1 1.000000 -0.331935
DS3.d568.s0.i0 1.000000 -0.255005
DS3.d568.s0.i3 1.000000 -0.171206
DS3.d568.s0.i2 1.000000 -0.364382
DS3.d568.s2.i0 1.000000 -0.209193
DS3.d1418.s0.i0 -1.000000 -0.440770
DS3.d562.s1.i0 1.000000 0.585476
DS3.d562.s0.i0 -1.000000 0.410422
DS3.d296.s0.i0 1.000000 0.607348
DS3.d291.s0.i0 -1.000000 0.186582
DS3.d1308.s0.i0 1.000000 0.419582
DS3.d1635.s0.i0 -1.000000 -0.832029
DS3.d1635.s0.i1 -1.000000 -0.930328
DS3.d1634.s1.i0 -1.000000 -0.337940
DS3.d1634.s1.i1 -1.000000 -0.352962
DS3.d1634.s1.i2 -1.000000 -0.357197
DS3.d1634.s1.i3 -1.000000 -0.302579
DS3.d1634.s0.i9 -1.000000 -0.466103
DS3.d1634.s0.i8 -1.000000 -0.710019
DS3.d1634.s0.i3 -1.000000 -0.657093
DS3.d1634.s0.i2 -1.000000 -0.370503
DS3.d1634.s0.i1 -1.000000 -0.456797
DS3.d1634.s0.i0 -1.000000 -0.460463
DS3.d1634.s0.i7 -1.000000 -0.593885
DS3.d1634.s0.i6 -1.000000 -0.474811
DS3.d1634.s0.i5 -1.000000 -0.692520
DS3.d1634.s0.i4 -1.000000 -0.677117
DS3.d657.s0.i0 -1.000000 0.423623
DS3.d1039.s0.i0 -1.000000 0.678475
DS3.d540.s1.i0 -1.000000 0.033646
DS3.d540.s0.i0 1.000000 0.680258
DS3.d714.s0.i0 -1.000000 -0.431888
DS3.d714.s0.i1 -1.000000 -0.530192
DS3.d714.s1.i0 -1.000000 0.181069
DS3.d714.s2.i0 -1.000000 -0.216445
DS3.d1328.s1.i0 -1.000000 -0.743528
DS3.d1328.s1.i1 -1.000000 -0.604761
DS3.d1328.s0.i1 -1.000000 -0.150985
DS3.d1328.s0.i0 -1.000000 0.579607
DS3.d108.s3.i0 -1.000000 -0.155026
DS3.d108.s3.i1 -1.000000 -0.240615
DS3.d108.s2.i0 -1.000000 -0.157708
DS3.d108.s1.i0 -1.000000 -0.439193
DS3.d108.s1.i1 -1.000000 -0.263218
DS3.d108.s0.i3 1.000000 0.009643
DS3.d108.s0.i2 1.000000 0.111958
DS3.d108.s0.i1 1.000000 0.268491
DS3.d108.s0.i0 1.000000 -0.118995
DS3.d108.s0.i7 1.000000 0.023596
DS3.d108.s0.i6 1.000000 0.026082
DS3.d108.s0.i5 1.000000 0.031302
DS3.d108.s0.i4 1.000000 0.153425
DS3.d59.s0.i43 -1.000000 -0.381502
DS3.d59.s0.i19 -1.000000 -0.102029
DS3.d59.s0.i18 -1.000000 -0.464508
DS3.d59.s0.i13 -1.000000 -0.299622
DS3.d59.s0.i12 -1.000000 -0.213776
DS3.d59.s0.i11 -1.000000 -0.210568
DS3.d59.s0.i10 -1.000000 -0.344405
DS3.d59.s0.i17 -1.000000 -0.146622
DS3.d59.s0.i16 -1.000000 -0.381145
DS3.d59.s0.i15 -1.000000 -0.251412
DS3.d59.s0.i14 -1.000000 -0.462966
DS3.d59.s0.i31 -1.000000 -0.223775
DS3.d59.s0.i30 -1.000000 -0.530585
DS3.d59.s0.i33 -1.000000 -0.509437
DS3.d59.s0.i32 -1.000000 -0.469382
DS3.d59.s0.i35 -1.000000 -0.470773
DS3.d59.s0.i34 -1.000000 -0.373945
DS3.d59.s0.i37 -1.000000 -0.390654
DS3.d59.s0.i36 -1.000000 -0.347846
DS3.d59.s0.i39 -1.000000 -0.458431
DS3.d59.s0.i38 -1.000000 -0.520346
DS3.d59.s0.i42 -1.000000 -0.221152
DS3.d59.s0.i22 -1.000000 -0.509363
DS3.d59.s0.i23 -1.000000 -0.629925
DS3.d59.s0.i20 -1.000000 -0.341184
DS3.d59.s0.i21 -1.000000 -0.336812
DS3.d59.s0.i26 -1.000000 -0.334802
DS3.d59.s0.i27 -1.000000 -0.332735
DS3.d59.s0.i24 -1.000000 -0.474323
DS3.d59.s0.i25 -1.000000 -0.378838
DS3.d59.s0.i40 -1.000000 -0.215244
DS3.d59.s0.i41 -1.000000 -0.540158
DS3.d59.s0.i28 -1.000000 -0.513875
DS3.d59.s0.i29 -1.000000 -0.544205
DS3.d59.s0.i44 -1.000000 -0.426171
DS3.d59.s0.i9 -1.000000 -0.148345
DS3.d59.s0.i8 -1.000000 -0.455948
DS3.d59.s0.i3 -1.000000 -0.369777
DS3.d59.s0.i2 -1.000000 -0.369540
DS3.d59.s0.i1 -1.000000 -0.355587
DS3.d59.s0.i0 -1.000000 -0.296405
DS3.d59.s0.i7 -1.000000 -0.679138
DS3.d59.s0.i6 -1.000000 -0.427884
DS3.d59.s0.i5 -1.000000 -0.223870
DS3.d59.s0.i4 -1.000000 -0.265839
DS3.d318.s0.i0 1.000000 0.855462
DS3.d318.s0.i1 1.000000 0.691594
DS3.d416.s0.i0 1.000000 0.073216
DS3.d791.s0.i0 1.000000 1.038386
DS3.d311.s0.i0 1.000000 0.796995
DS3.d554.s0.i0 1.000000 0.017034
DS3.d554.s0.i1 1.000000 -0.036149
DS3.d554.s0.i2 1.000000 -0.048065
DS3.d798.s0.i0 1.000000 0.800759
DS3.d996.s0.i2 -1.000000 0.109343
DS3.d996.s0.i0 -1.000000 0.153746
DS3.d996.s0.i1 -1.000000 0.207563
DS3.d35.s0.i0 1.000000 1.248116
DS3.d1088.s0.i0 1.000000 0.959532
DS3.d1089.s1.i2 1.000000 0.508612
DS3.d1089.s1.i3 1.000000 0.613522
DS3.d1089.s1.i0 1.000000 0.365455
DS3.d1089.s1.i1 1.000000 0.578445
DS3.d1089.s0.i0 1.000000 0.708684
DS3.d1727.s0.i0 1.000000 0.472742
DS3.d82.s0.i0 1.000000 0.575569
DS3.d1020.s0.i0 -1.000000 -0.087290
DS3.d1020.s1.i0 -1.000000 -0.489770
DS3.d750.s0.i0 1.000000 0.870993
DS3.d1237.s0.i0 1.000000 0.514575
DS3.d1236.s1.i0 -1.000000 -0.499406
DS3.d1236.s0.i0 -1.000000 -0.074626
DS3.d1236.s2.i0 -1.000000 -0.138315
DS3.d979.s0.i0 1.000000 0.499242
DS3.d1747.s0.i0 1.000000 0.943630
DS3.d1747.s0.i1 1.000000 1.022221
DS3.d1747.s0.i2 1.000000 0.954703
DS3.d1580.s1.i0 1.000000 0.796343
DS3.d1580.s0.i1 1.000000 1.273953
DS3.d1580.s0.i0 1.000000 1.367105
DS3.d1580.s2.i1 1.000000 0.627785
DS3.d1580.s2.i0 1.000000 0.820797
DS3.d383.s0.i2 1.000000 0.572175
DS3.d383.s0.i3 1.000000 0.380544
DS3.d383.s0.i0 1.000000 0.380544
DS3.d383.s0.i1 1.000000 0.572175
DS3.d1803.s3.i0 1.000000 1.083766
DS3.d1803.s3.i1 -1.000000 0.729316
DS3.d1803.s2.i0 1.000000 0.328882
DS3.d1803.s1.i4 1.000000 0.719313
DS3.d1803.s1.i5 1.000000 0.876519
DS3.d1803.s1.i0 -1.000000 0.178878
DS3.d1803.s1.i1 1.000000 -0.130797
DS3.d1803.s1.i2 -1.000000 1.022438
DS3.d1803.s1.i3 1.000000 0.006974
DS3.d1803.s0.i0 1.000000 0.875249
DS3.d789.s0.i0 1.000000 0.350712
DS3.d789.s0.i1 1.000000 0.350712
DS3.d626.s2.i0 1.000000 1.687802
DS3.d626.s3.i0 1.000000 0.910089
DS3.d626.s0.i0 1.000000 1.456154
DS3.d626.s1.i0 1.000000 1.059741
DS3.d628.s0.i0 -1.000000 -0.665699
DS3.d628.s0.i1 -1.000000 -0.699028
DS3.d423.s1.i0 -1.000000 0.589421
DS3.d423.s1.i1 1.000000 0.549084
DS3.d423.s0.i1 1.000000 0.877022
DS3.d423.s0.i0 1.000000 0.935264
DS3.d389.s0.i0 1.000000 0.415566
DS3.d1433.s0.i2 1.000000 0.034902
DS3.d1433.s0.i0 1.000000 -0.367181
DS3.d1433.s0.i1 1.000000 -0.373605
DS3.d1208.s0.i0 1.000000 0.853650
DS3.d511.s0.i1 -1.000000 0.076725
DS3.d511.s0.i0 -1.000000 0.182619
DS3.d1435.s0.i0 1.000000 0.894894
DS3.d1435.s1.i0 1.000000 0.420154
DS3.d1880.s0.i0 1.000000 0.112108
DS3.d1880.s1.i0 -1.000000 0.122123
DS3.d982.s1.i0 -1.000000 -0.111405
DS3.d982.s0.i0 -1.000000 -0.933640
DS3.d984.s0.i1 1.000000 0.694587
DS3.d984.s0.i0 1.000000 0.779297
DS3.d1884.s0.i0 -1.000000 -0.216640
DS3.d788.s0.i20 -1.000000 -0.415562
DS3.d788.s0.i21 -1.000000 -0.521905
DS3.d788.s0.i22 -1.000000 -0.401701
DS3.d788.s0.i23 -1.000000 -0.219653
DS3.d788.s0.i24 -1.000000 -0.199333
DS3.d788.s0.i25 -1.000000 -0.545403
DS3.d788.s0.i26 -1.000000 -0.155897
DS3.d788.s0.i27 -1.000000 -0.316598
DS3.d788.s0.i28 -1.000000 -0.458897
DS3.d788.s0.i29 -1.000000 -0.561775
DS3.d788.s0.i19 -1.000000 -0.380131
DS3.d788.s0.i18 -1.000000 -0.411182
DS3.d788.s0.i15 -1.000000 -0.480805
DS3.d788.s0.i14 -1.000000 -0.429959
DS3.d788.s0.i17 -1.000000 -0.341820
DS3.d788.s0.i16 -1.000000 -0.498426
DS3.d788.s0.i11 -1.000000 -0.343429
DS3.d788.s0.i10 -1.000000 -0.457446
DS3.d788.s0.i13 -1.000000 -0.392661
DS3.d788.s0.i12 -1.000000 -0.375694
DS3.d788.s0.i33 -1.000000 -0.201839
DS3.d788.s0.i32 -1.000000 -0.370082
DS3.d788.s0.i31 -1.000000 -0.414443
DS3.d788.s0.i30 -1.000000 -0.435912
DS3.d788.s0.i37 -1.000000 -0.387703
DS3.d788.s0.i36 -1.000000 -0.370428
DS3.d788.s0.i35 -1.000000 -0.304786
DS3.d788.s0.i34 -1.000000 -0.516502
DS3.d788.s0.i39 -1.000000 -0.246338
DS3.d788.s0.i38 -1.000000 -0.379917
DS3.d788.s0.i9 -1.000000 -0.439620
DS3.d788.s0.i8 -1.000000 -0.350700
DS3.d788.s0.i1 -1.000000 -0.404534
DS3.d788.s0.i0 -1.000000 -0.428689
DS3.d788.s0.i3 -1.000000 -0.482200
DS3.d788.s0.i2 -1.000000 -0.412925
DS3.d788.s0.i5 -1.000000 -0.309204
DS3.d788.s0.i4 -1.000000 -0.482121
DS3.d788.s0.i7 -1.000000 -0.454224
DS3.d788.s0.i6 -1.000000 -0.415901
DS3.d43.s0.i0 1.000000 0.612621
DS3.d484.s0.i0 1.000000 0.787851
DS3.d484.s0.i1 1.000000 0.986554
DS3.d484.s1.i1 1.000000 0.762060
DS3.d484.s1.i0 -1.000000 -0.074295
DS3.d868.s0.i0 -1.000000 -0.034566
DS3.d868.s0.i1 -1.000000 -0.070794
DS3.d1531.s0.i0 1.000000 -0.148873
DS3.d1243.s0.i0 -1.000000 0.661740
DS3.d1147.s0.i0 1.000000 0.463612
DS3.d1147.s0.i1 -1.000000 0.174815
DS3.d914.s0.i0 -1.000000 -0.040631
DS3.d1122.s0.i0 1.000000 0.837037
DS3.d967.s0.i2 -1.000000 -0.066178
DS3.d967.s0.i0 1.000000 0.075331
DS3.d967.s0.i1 1.000000 -0.147688
DS3.d1054.s2.i1 -1.000000 -0.551864
DS3.d1054.s2.i0 -1.000000 -0.561182
DS3.d1054.s1.i0 1.000000 0.111051
DS3.d1054.s0.i1 1.000000 -0.022994
DS3.d1054.s0.i0 1.000000 -0.122281
DS3.d1758.s0.i0 -1.000000 0.557511
DS3.d1056.s0.i0 -1.000000 0.475818
DS3.d963.s0.i0 1.000000 1.253379
DS3.d963.s1.i0 1.000000 0.525424
DS3.d960.s0.i1 -1.000000 0.715417
DS3.d960.s0.i0 -1.000000 0.707836
DS3.d802.s0.i0 1.000000 0.439970
DS3.d631.s0.i0 1.000000 0.440505
DS3.d631.s0.i1 1.000000 0.606379
DS3.d547.s0.i0 -1.000000 -0.199176
DS3.d547.s0.i1 -1.000000 -0.384439
DS3.d547.s1.i3 1.000000 0.893126
DS3.d547.s1.i2 1.000000 0.342820
DS3.d547.s1.i1 1.000000 0.342820
DS3.d547.s1.i0 1.000000 0.413049
DS3.d1832.s0.i1 -1.000000 -0.375067
DS3.d1832.s0.i0 -1.000000 0.356212
DS3.d434.s0.i0 1.000000 0.599438
DS3.d165.s2.i2 1.000000 -0.031694
DS3.d165.s2.i3 1.000000 -0.063430
DS3.d165.s2.i0 1.000000 0.067997
DS3.d165.s2.i1 1.000000 -0.094120
DS3.d165.s3.i1 -1.000000 0.708523
DS3.d165.s3.i0 -1.000000 0.453569
DS3.d165.s3.i2 -1.000000 0.529840
DS3.d165.s0.i4 1.000000 0.489755
DS3.d165.s0.i5 1.000000 0.874384
DS3.d165.s0.i0 -1.000000 0.491692
DS3.d165.s0.i1 -1.000000 0.685575
DS3.d165.s0.i2 -1.000000 0.246184
DS3.d165.s0.i3 -1.000000 0.407484
DS3.d165.s1.i5 1.000000 0.545901
DS3.d165.s1.i4 1.000000 0.752182
DS3.d165.s1.i3 1.000000 0.594546
DS3.d165.s1.i2 1.000000 0.211575
DS3.d165.s1.i1 1.000000 0.398139
DS3.d165.s1.i0 1.000000 0.045177
DS3.d165.s6.i4 1.000000 0.587370
DS3.d165.s6.i5 1.000000 0.616854
DS3.d165.s6.i2 1.000000 0.605876
DS3.d165.s6.i3 1.000000 0.425509
DS3.d165.s6.i0 1.000000 0.585063
DS3.d165.s6.i1 1.000000 0.414950
DS3.d165.s4.i0 1.000000 -0.132862
DS3.d165.s4.i1 1.000000 0.066464
DS3.d165.s5.i3 1.000000 0.178892
DS3.d165.s5.i2 -1.000000 0.102668
DS3.d165.s5.i1 1.000000 0.379219
DS3.d165.s5.i0 -1.000000 0.265470
DS3.d1218.s1.i0 -1.000000 -0.355176
DS3.d1218.s0.i0 -1.000000 -0.302133
DS3.d1218.s2.i1 -1.000000 -0.035274
DS3.d1218.s2.i0 -1.000000 -0.605027
DS3.d535.s0.i1 -1.000000 0.360640
DS3.d535.s0.i0 -1.000000 0.335654
DS3.d538.s0.i0 1.000000 0.560984
DS3.d538.s1.i0 1.000000 0.124759
DS3.d1338.s0.i2 1.000000 0.155054
DS3.d1338.s0.i3 1.000000 0.360076
DS3.d1338.s0.i0 1.000000 0.163149
DS3.d1338.s0.i1 1.000000 0.245487
DS3.d1338.s0.i4 1.000000 0.272433
DS3.d1338.s0.i5 1.000000 0.272710
DS3.d1338.s1.i1 -1.000000 -0.078012
DS3.d1338.s1.i0 -1.000000 -0.356586
DS3.d879.s0.i0 1.000000 0.701654
DS3.d879.s1.i0 1.000000 0.207150
DS3.d56.s0.i0 1.000000 0.284631
DS3.d1407.s0.i2 1.000000 1.115218
DS3.d1407.s0.i1 1.000000 1.074167
DS3.d1407.s0.i0 1.000000 1.124192
DS3.d874.s1.i0 -1.000000 0.157857
DS3.d874.s0.i0 -1.000000 0.566740
DS3.d1478.s1.i2 1.000000 0.505597
DS3.d1478.s1.i3 1.000000 0.229411
DS3.d1478.s1.i0 1.000000 0.094585
DS3.d1478.s1.i1 1.000000 0.257582
DS3.d1478.s1.i4 1.000000 0.350338
DS3.d1478.s1.i5 1.000000 0.474973
DS3.d1478.s0.i1 -1.000000 0.258116
DS3.d1478.s0.i0 -1.000000 -0.043293
DS3.d1478.s0.i2 -1.000000 0.119589
DS3.d873.s2.i0 1.000000 0.815824
DS3.d873.s0.i0 1.000000 1.208567
DS3.d873.s0.i1 1.000000 1.445206
DS3.d873.s1.i0 1.000000 0.994413
DS3.d1828.s0.i0 1.000000 0.336414
DS3.d1828.s0.i1 1.000000 0.269707
DS3.d1495.s0.i0 1.000000 0.607155
DS3.d1495.s1.i0 1.000000 1.219548
DS3.d1198.s0.i0 -1.000000 -0.083823
DS3.d1048.s0.i0 -1.000000 -0.481139
DS3.d1827.s1.i0 1.000000 0.362255
DS3.d1827.s1.i1 -1.000000 0.335034
DS3.d1827.s0.i1 -1.000000 0.494001
DS3.d1827.s0.i0 1.000000 0.520106
DS3.d1827.s0.i3 1.000000 0.658240
DS3.d1827.s0.i2 -1.000000 0.651058
DS3.d259.s0.i0 1.000000 -0.303976
DS3.d251.s0.i2 1.000000 -0.872502
DS3.d251.s0.i3 1.000000 -0.528508
DS3.d251.s0.i0 1.000000 -0.389301
DS3.d251.s0.i1 1.000000 -0.448566
DS3.d251.s0.i6 1.000000 -0.858919
DS3.d251.s0.i7 1.000000 -0.395006
DS3.d251.s0.i4 1.000000 -0.382332
DS3.d251.s0.i5 1.000000 -0.515325
DS3.d251.s0.i8 1.000000 -0.440703
DS3.d1051.s0.i2 -1.000000 -0.608940
DS3.d1051.s0.i0 -1.000000 -0.343346
DS3.d1051.s0.i1 1.000000 -0.150494
DS3.d158.s0.i0 1.000000 0.097296
DS3.d158.s0.i1 1.000000 0.120399
DS3.d1293.s0.i0 1.000000 0.351493
DS3.d1118.s0.i0 1.000000 0.818858
DS3.d1521.s0.i0 1.000000 0.421827
DS3.d1521.s0.i1 1.000000 0.585207
DS3.d324.s0.i0 -1.000000 0.135929
DS3.d440.s0.i0 1.000000 0.325055
DS3.d1515.s0.i1 1.000000 0.503775
DS3.d1515.s0.i0 1.000000 0.600332
DS3.d1103.s0.i0 -1.000000 0.483715
DS3.d1103.s0.i1 -1.000000 0.390456
DS3.d1103.s1.i0 1.000000 0.293777
DS3.d1101.s0.i0 1.000000 -0.153295
DS3.d1101.s0.i1 1.000000 -0.349132
DS3.d20.s0.i1 -1.000000 -0.835207
DS3.d20.s0.i0 -1.000000 0.391931
DS3.d1613.s0.i0 1.000000 -0.214447
DS3.d1613.s1.i0 1.000000 0.010667
DS3.d1344.s0.i3 -1.000000 -0.984345
DS3.d1344.s0.i2 -1.000000 -0.869766
DS3.d1344.s0.i1 -1.000000 -0.914713
DS3.d1344.s0.i0 -1.000000 -0.846800
DS3.d1344.s0.i7 -1.000000 -0.804448
DS3.d1344.s0.i6 -1.000000 -1.050356
DS3.d1344.s0.i5 -1.000000 -0.799554
DS3.d1344.s0.i4 -1.000000 -0.597450
DS3.d1108.s0.i0 1.000000 0.735244
DS3.d1614.s0.i1 1.000000 0.062863
DS3.d1614.s0.i0 1.000000 -0.253406
DS3.d1614.s0.i2 1.000000 0.071245
DS3.d152.s0.i0 1.000000 -0.137608
DS3.d152.s0.i1 1.000000 -0.646084
DS3.d152.s1.i0 1.000000 0.524712
DS3.d1773.s0.i1 1.000000 0.574406
DS3.d1773.s0.i0 1.000000 0.618110
DS3.d1773.s0.i3 1.000000 0.509837
DS3.d1773.s0.i2 1.000000 0.681428
DS3.d895.s0.i0 -1.000000 -0.179449
DS3.d594.s0.i0 1.000000 0.277773
DS3.d594.s0.i1 1.000000 0.386452
DS3.d594.s0.i2 1.000000 0.424221
DS3.d829.s0.i0 1.000000 0.594810
DS3.d1169.s0.i0 -1.000000 0.292441
DS3.d1169.s1.i0 -1.000000 0.074275
DS3.d1672.s0.i1 -1.000000 -0.175638
DS3.d1672.s0.i0 -1.000000 -0.141445
DS3.d616.s1.i0 1.000000 -0.396885
DS3.d616.s1.i1 1.000000 -0.486647
DS3.d616.s0.i12 1.000000 -0.460826
DS3.d616.s0.i18 1.000000 -0.625878
DS3.d616.s0.i15 1.000000 -0.415105
DS3.d616.s0.i11 1.000000 -0.349055
DS3.d616.s0.i16 -1.000000 -1.040460
DS3.d616.s0.i17 1.000000 -0.412897
DS3.d616.s0.i10 -1.000000 -0.535084
DS3.d616.s0.i9 -1.000000 -0.545613
DS3.d616.s0.i8 1.000000 -0.208575
DS3.d616.s0.i19 1.000000 -0.181770
DS3.d616.s0.i13 1.000000 -0.421217
DS3.d616.s0.i14 -1.000000 -0.585922
DS3.d616.s0.i1 -1.000000 -0.540384
DS3.d616.s0.i0 1.000000 -0.629998
DS3.d616.s0.i3 1.000000 -0.414341
DS3.d616.s0.i2 1.000000 -0.394047
DS3.d616.s0.i5 1.000000 -0.558295
DS3.d616.s0.i4 1.000000 -0.369169
DS3.d616.s0.i7 1.000000 -0.596098
DS3.d616.s0.i6 1.000000 -0.350339
DS3.d616.s2.i1 1.000000 0.614021
DS3.d616.s2.i0 1.000000 0.565385
DS3.d1280.s0.i0 1.000000 -0.030784
DS3.d1283.s0.i0 -1.000000 -0.377456
DS3.d755.s0.i1 1.000000 0.200536
DS3.d755.s0.i0 1.000000 0.269145
DS3.d142.s0.i1 1.000000 0.126950
DS3.d142.s0.i0 1.000000 0.607801
DS3.d513.s0.i0 1.000000 0.078854
DS3.d1650.s0.i1 1.000000 -0.263829
DS3.d1650.s0.i0 1.000000 -0.299836
DS3.d1650.s0.i2 1.000000 -0.017845
DS3.d149.s0.i0 -1.000000 0.363037
DS3.d897.s0.i0 -1.000000 -0.935061
DS3.d897.s0.i1 -1.000000 -0.860246
DS3.d1153.s0.i0 -1.000000 0.312148
DS3.d695.s0.i0 1.000000 0.613126
DS3.d695.s0.i1 1.000000 0.521452
DS3.d695.s1.i1 -1.000000 0.438589
DS3.d695.s1.i0 -1.000000 0.519825
DS3.d695.s1.i2 -1.000000 -0.628873
DS3.d695.s2.i0 1.000000 0.590718
DS3.d695.s2.i1 1.000000 0.421605
DS3.d1568.s0.i0 1.000000 0.283430
DS3.d697.s0.i0 1.000000 0.297479
DS3.d697.s0.i1 1.000000 0.363322
DS3.d697.s0.i2 1.000000 0.215494
DS3.d697.s0.i3 1.000000 0.213597
DS3.d1352.s0.i0 1.000000 0.682222
DS3.d1566.s0.i0 -1.000000 -0.132819
DS3.d456.s0.i5 1.000000 0.295114
DS3.d456.s0.i4 1.000000 0.363233
DS3.d456.s0.i3 1.000000 0.230119
DS3.d456.s0.i2 1.000000 0.457959
DS3.d456.s0.i1 1.000000 0.166521
DS3.d456.s0.i0 1.000000 0.481374
DS3.d1116.s0.i0 1.000000 0.375779
DS3.d1116.s1.i1 1.000000 0.665168
DS3.d1116.s1.i0 1.000000 0.611298
DS3.d890.s0.i0 1.000000 1.319060
DS3.d1110.s0.i0 1.000000 0.602441
DS3.d1110.s0.i1 1.000000 0.602441
DS3.d1358.s0.i0 1.000000 1.008886
DS3.d1600.s0.i0 1.000000 0.548783
DS3.d1600.s1.i0 1.000000 0.230990
DS3.d1351.s0.i0 1.000000 1.121433
