DS.d11.s0.i0 1.0 -0.0220094007817
DS.d11.s0.i1 1.0 0.841504776464
DS.d24.s0.i0 -1 -1.6991702573
DS.d24.s1.i0 1.0 0.500693273793
DS.d28.s0.i0 1.0 0.616076013601
DS.d28.s0.i1 1.0 1.10953494727
DS.d28.s0.i2 1.0 1.75508576528
DS.d28.s1.i0 1.0 1.41797078209
DS.d28.s1.i1 1.0 1.69396083349
DS.d38.s0.i0 1.0 0.904070068969
DS.d38.s1.i0 1.0 2.00748910512
DS.d38.s1.i1 1.0 1.57547675155
DS.d38.s2.i0 1.0 1.4320277742
DS.d38.s3.i0 -1 -1.44578757133
DS.d66.s0.i0 1.0 0.408993352638
DS.d66.s0.i1 1.0 -0.215990465649
DS.d66.s0.i2 1.0 -0.0875892874248
DS.d66.s0.i3 1.0 0.482567166716
DS.d84.s0.i0 -1 0.501425873601
DS.d84.s0.i1 -1 -0.121950184224
DS.d108.s0.i0 1.0 0.0161438688132
DS.d108.s0.i1 1.0 0.513551874921
DS.d108.s0.i2 1.0 0.768861988391
DS.d108.s0.i3 1.0 0.51445542958
DS.d108.s0.i4 1.0 0.386948461544
DS.d108.s0.i5 1.0 0.386948461544
DS.d108.s0.i6 1.0 0.133343235656
DS.d108.s0.i7 1.0 0.386948461544
DS.d108.s1.i0 -1 0.13102560999
DS.d108.s1.i1 -1 -0.0213624742413
DS.d108.s2.i0 -1 0.799424818583
DS.d108.s3.i0 -1 0.680092204029
DS.d108.s3.i1 -1 0.51987332078
DS.d113.s0.i0 -1 0.987147060594
DS.d113.s0.i1 -1 0.987147060594
DS.d131.s0.i0 1.0 2.3831699825
DS.d148.s0.i0 -1 -0.392512534591
DS.d148.s0.i1 -1 -1.34140042565
DS.d148.s0.i2 1.0 -0.135442014797
DS.d148.s0.i3 -1 -0.426784484136
DS.d148.s0.i4 -1 -1.755366304
DS.d148.s0.i5 -1 -1.03128314456
DS.d148.s0.i6 -1 -1.04789926947
DS.d148.s0.i7 -1 -1.19361656683
DS.d148.s0.i8 -1 0.00281075850568
DS.d148.s0.i9 1.0 0.196246838565
DS.d148.s0.i10 -1 -0.786777985095
DS.d148.s0.i11 1.0 0.132434476142
DS.d148.s0.i12 -1 -0.159522663765
DS.d148.s0.i13 1.0 0.118163211091
DS.d148.s0.i14 -1 -1.10413368172
DS.d148.s0.i15 -1 -1.37260062397
DS.d148.s0.i16 -1 -1.4608783872
DS.d148.s0.i17 1.0 -0.0708063704827
DS.d148.s0.i18 -1 -2.05396222196
DS.d148.s0.i19 1.0 -0.0573583873237
DS.d148.s0.i20 1.0 -0.261107847313
DS.d148.s0.i21 -1 -0.800895394078
DS.d148.s0.i22 1.0 -0.135442014797
DS.d148.s0.i23 -1 -1.72931030554
DS.d148.s0.i24 1.0 0.118163211091
DS.d148.s0.i25 -1 -0.0138053663996
DS.d148.s0.i26 -1 -0.383221144841
DS.d148.s1.i0 -1 -0.768014538229
DS.d148.s1.i1 1.0 1.51479409638
DS.d148.s1.i2 -1 -0.787341117473
DS.d148.s1.i3 -1 -0.151896060412
DS.d148.s1.i4 1.0 1.63801759565
DS.d148.s1.i5 -1 0.496594897434
DS.d148.s1.i6 -1 0.0403199372868
DS.d148.s1.i7 -1 0.125736928325
DS.d153.s0.i0 -1 1.45252177282
DS.d153.s0.i1 -1 0.90977513884
DS.d155.s0.i0 1.0 1.57312887158
DS.d155.s0.i1 1.0 0.509842483622
DS.d155.s0.i2 1.0 1.74505799816
DS.d157.s0.i0 1.0 1.18675824127
DS.d165.s0.i0 -1 1.26139565839
DS.d165.s0.i1 -1 1.40976732495
DS.d165.s0.i2 -1 0.241062310143
DS.d165.s0.i3 -1 0.418216591837
DS.d165.s0.i4 1.0 0.896099223725
DS.d165.s0.i5 1.0 1.59037948174
DS.d165.s1.i0 1.0 -0.173691314407
DS.d165.s1.i1 1.0 0.981044125972
DS.d165.s1.i2 1.0 -0.0737273620233
DS.d165.s1.i3 1.0 0.622658457585
DS.d165.s1.i4 1.0 0.722622409971
DS.d165.s1.i5 1.0 1.08100807836
DS.d165.s2.i0 1.0 2.48363690533
DS.d165.s2.i1 1.0 1.8289986383
DS.d165.s2.i2 1.0 1.57970150275
DS.d165.s2.i3 1.0 1.62147588469
DS.d165.s3.i0 -1 0.450857495654
DS.d165.s3.i1 -1 0.422191241138
DS.d165.s3.i2 -1 1.0283470597
DS.d165.s4.i0 1.0 0.789145005199
DS.d165.s4.i1 1.0 0.212687570746
DS.d165.s5.i0 -1 0.754246394432
DS.d165.s5.i1 1.0 -0.903095126707
DS.d165.s5.i2 -1 1.312155211
DS.d165.s5.i3 1.0 -0.277954828589
DS.d165.s6.i0 1.0 2.07700357698
DS.d165.s6.i1 1.0 1.04712972054
DS.d165.s6.i2 1.0 1.2486544964
DS.d165.s6.i3 1.0 1.25364755554
DS.d165.s6.i4 1.0 2.28352141197
DS.d165.s6.i5 1.0 1.42011462953
DS.d169.s0.i0 1.0 0.307665942373
DS.d169.s0.i1 1.0 0.35041071436
DS.d169.s1.i0 1.0 0.159291598055
DS.d169.s1.i1 1.0 0.193842158607
DS.d169.s1.i2 1.0 -0.263833107392
DS.d169.s1.i3 1.0 0.179472237983
DS.d169.s1.i4 1.0 0.0866799079353
DS.d169.s1.i5 1.0 -0.5383915944
DS.d175.s0.i0 1.0 0.284319499143
DS.d175.s0.i1 1.0 0.494898680489
DS.d175.s1.i0 1.0 0.387860071034
DS.d186.s0.i0 1.0 0.428135523523
DS.d186.s0.i1 1.0 0.765336003299
DS.d186.s0.i2 1.0 1.0182644411
DS.d191.s0.i0 -1 0.642730689885
DS.d235.s0.i0 1.0 1.14980279319
DS.d235.s1.i0 1.0 0.574540160985
DS.d235.s1.i1 1.0 0.496651033069
DS.d238.s0.i0 -1 1.34316970123
DS.d256.s0.i0 -1 0.261332101156
DS.d256.s0.i1 -1 0.0568741263324
DS.d256.s0.i2 1.0 0.197536039443
DS.d256.s0.i3 -1 -0.590044597542
DS.d258.s0.i0 1.0 0.452589172793
DS.d263.s0.i0 1.0 0.0987070120945
DS.d263.s0.i1 -1 1.01805449002
DS.d263.s0.i2 1.0 0.865739024122
DS.d263.s0.i3 1.0 0.906398387796
DS.d263.s0.i4 -1 0.902048252339
DS.d263.s0.i5 -1 1.02063842298
DS.d263.s0.i6 -1 0.616434198784
DS.d263.s0.i7 1.0 0.464118732884
DS.d263.s0.i8 -1 0.255741398836
DS.d263.s0.i9 1.0 0.464118732884
DS.d263.s0.i10 1.0 0.74973278644
DS.d263.s0.i11 -1 0.616434198784
DS.d263.s0.i12 -1 0.251022477993
DS.d263.s0.i13 1.0 0.103425932937
DS.d263.s1.i0 1.0 1.20414739171
DS.d268.s0.i0 1.0 -0.381027743604
DS.d268.s0.i1 1.0 -0.77195180206
DS.d273.s0.i0 1.0 1.05251679609
DS.d273.s1.i0 1.0 -0.0398922247692
DS.d273.s1.i1 1.0 0.225220678686
DS.d274.s0.i0 1.0 0.487958649875
DS.d284.s0.i0 -1 -1.84690046363
DS.d286.s0.i0 -1 1.10658343907
DS.d286.s0.i1 1.0 1.28523643111
DS.d286.s0.i2 1.0 1.19498058221
DS.d291.s0.i0 -1 -0.103259288272
DS.d300.s0.i0 1.0 0.238006591041
DS.d300.s1.i0 -1 -0.337709149274
DS.d301.s0.i0 1.0 0.00493548585007
DS.d301.s0.i1 1.0 1.83869925043
DS.d323.s0.i0 1.0 1.01020465194
DS.d327.s0.i0 1.0 1.86692861187
DS.d338.s0.i0 1.0 1.70912934334
DS.d338.s0.i1 1.0 1.7798775357
DS.d343.s0.i0 1.0 0.497125593892
DS.d343.s0.i1 1.0 0.497125593892
DS.d344.s0.i0 -1 -0.478294338861
DS.d347.s0.i0 1.0 0.143279657837
DS.d347.s1.i0 -1 -0.189165562728
DS.d347.s1.i1 -1 -0.974032726939
DS.d347.s1.i2 -1 -0.131654931814
DS.d347.s1.i3 -1 -0.297779193847
DS.d347.s1.i4 -1 -0.778502105569
DS.d347.s1.i5 -1 -0.616869191967
DS.d352.s0.i0 1.0 2.43091537906
DS.d352.s0.i1 1.0 2.52156489962
DS.d363.s0.i0 1.0 0.904112076696
DS.d363.s0.i1 1.0 0.550941282418
DS.d370.s0.i0 1.0 0.355436706544
DS.d373.s0.i0 -1 -0.0244918335727
DS.d384.s0.i0 1.0 0.970740286529
DS.d384.s0.i1 -1 0.379248181015
DS.d384.s0.i2 1.0 0.970740286529
DS.d387.s0.i0 1.0 1.42524928888
DS.d387.s0.i1 1.0 1.80094542089
DS.d390.s0.i0 -1 -0.57395896647
DS.d390.s0.i1 -1 -0.401901026563
DS.d390.s0.i2 -1 -0.629655495456
DS.d390.s0.i3 -1 -0.990348295403
DS.d390.s0.i4 -1 -0.568867720354
DS.d390.s0.i5 -1 -0.723547294464
DS.d391.s0.i0 1.0 0.873951384946
DS.d391.s0.i1 1.0 1.98771530109
DS.d394.s0.i0 1.0 1.29136951875
DS.d394.s0.i1 1.0 1.03443915559
DS.d395.s0.i0 1.0 -0.580885086013
DS.d395.s0.i1 1.0 0.0200249899398
DS.d395.s1.i0 1.0 0.193653430617
DS.d415.s0.i0 -1 0.663654456395
DS.d415.s0.i1 -1 0.347217609408
DS.d415.s0.i2 -1 1.03285052154
DS.d415.s0.i3 -1 0.39777002925
DS.d434.s0.i0 1.0 0.46784816792
DS.d472.s0.i0 1.0 1.74072649194
DS.d472.s0.i1 1.0 1.85202840563
DS.d475.s0.i0 -1 -0.846400374527
DS.d475.s0.i1 1.0 -0.232807731023
DS.d475.s1.i0 1.0 0.947306075269
DS.d475.s2.i0 1.0 2.10535430234
DS.d476.s0.i0 1.0 1.04293962421
DS.d476.s0.i1 1.0 1.58878555194
DS.d477.s0.i0 1.0 1.48976287292
DS.d490.s0.i0 1.0 1.65156534546
DS.d490.s0.i1 1.0 1.65156534546
DS.d510.s0.i0 1.0 1.76394675153
DS.d510.s0.i1 1.0 1.91186115805
DS.d510.s1.i0 1.0 0.715113230445
DS.d510.s2.i0 1.0 1.2061459866
DS.d516.s0.i0 1.0 0.31866530916
DS.d516.s0.i1 1.0 0.4887187335
DS.d521.s0.i0 1.0 0.793292314542
DS.d521.s0.i1 1.0 2.03146534809
DS.d540.s0.i0 1.0 1.74241200521
DS.d540.s1.i0 -1 1.68744884413
DS.d556.s0.i0 -1 0.327338292823
DS.d589.s0.i0 1.0 0.900699990433
DS.d589.s0.i1 1.0 0.0812184893565
DS.d589.s0.i2 1.0 0.0812184893565
DS.d589.s0.i3 1.0 0.900699990433
DS.d593.s0.i0 1.0 1.29673068068
DS.d605.s0.i0 1.0 1.17292572085
DS.d605.s0.i1 -1 2.32830546141
DS.d605.s0.i2 1.0 1.85453210978
DS.d605.s0.i3 -1 1.63263053499
DS.d605.s0.i4 -1 2.13292681615
DS.d605.s1.i0 -1 -0.261465507036
DS.d605.s1.i1 1.0 0.700475963199
DS.d605.s1.i2 1.0 0.527313280776
DS.d626.s0.i0 1.0 0.921584181931
DS.d626.s1.i0 1.0 1.58176297852
DS.d626.s2.i0 1.0 0.918319921356
DS.d626.s3.i0 1.0 2.1473051306
DS.d628.s0.i0 -1 -0.06539921258
DS.d628.s0.i1 -1 0.183696091711
DS.d638.s0.i0 1.0 1.45814244552
DS.d638.s0.i1 1.0 2.42505412841
DS.d638.s0.i2 1.0 1.7825881207
DS.d638.s0.i3 1.0 0.886068188017
DS.d661.s0.i0 1.0 1.74458818842
DS.d674.s0.i0 1.0 -0.173649991045
DS.d674.s0.i1 1.0 -0.726630349336
DS.d676.s0.i0 1.0 0.861011625744
DS.d691.s0.i0 1.0 0.455720171811
DS.d721.s0.i0 -1 1.57188216209
DS.d721.s0.i1 -1 0.898452827424
DS.d721.s0.i2 -1 0.855958997966
DS.d721.s0.i3 1.0 1.093120579
DS.d721.s0.i4 -1 1.19455502604
DS.d721.s0.i5 1.0 0.559537081422
DS.d735.s0.i0 1.0 0.842337597958
DS.d735.s1.i0 1.0 0.749947817953
DS.d735.s1.i1 1.0 0.400989485381
DS.d735.s2.i0 1.0 1.70718560869
DS.d735.s2.i1 -1 0.409217533835
DS.d735.s3.i0 -1 0.739907159369
DS.d744.s0.i0 -1 0.146099818311
DS.d744.s0.i1 -1 0.710844610271
DS.d750.s0.i0 1.0 1.37325148105
DS.d752.s0.i0 1.0 0.748953106306
DS.d758.s0.i0 1.0 0.933079596106
DS.d777.s0.i0 -1 -0.360336042255
DS.d785.s0.i0 1.0 1.01346564735
DS.d785.s0.i1 1.0 0.486589152776
DS.d798.s0.i0 1.0 0.597296999682
DS.d804.s0.i0 -1 0.996677921586
DS.d812.s0.i0 -1 0.403548455315
DS.d812.s0.i1 -1 0.370810735021
DS.d812.s0.i2 -1 0.788342464299
DS.d821.s0.i0 -1 -0.488113321094
DS.d821.s0.i1 -1 -0.895232002341
DS.d825.s0.i0 1.0 0.927575394568
DS.d825.s0.i1 1.0 0.779798299611
DS.d825.s0.i2 1.0 0.543927710273
DS.d825.s0.i3 1.0 0.263469213439
DS.d825.s0.i4 1.0 0.468699577656
DS.d825.s0.i5 1.0 0.388326739356
DS.d825.s0.i6 1.0 0.811493148487
DS.d825.s0.i7 1.0 0.75093614096
DS.d825.s1.i0 -1 0.417418931161
DS.d825.s1.i1 -1 0.73244752013
DS.d825.s1.i2 -1 0.417418931161
DS.d825.s1.i3 -1 -0.0218362391247
DS.d825.s1.i4 -1 0.978760730813
DS.d825.s1.i5 -1 0.978760730813
DS.d825.s2.i0 -1 -1.28560157562
DS.d825.s2.i1 -1 -1.28560157562
DS.d826.s0.i0 1.0 -0.270833850327
DS.d826.s0.i1 1.0 0.105476830771
DS.d826.s0.i2 -1 0.764194497897
DS.d826.s0.i3 -1 0.590260261694
DS.d826.s0.i4 -1 0.802933967596
DS.d826.s0.i5 1.0 -0.0580861876955
DS.d826.s0.i6 1.0 0.0423978980932
DS.d826.s0.i7 -1 0.551446835265
DS.d826.s1.i0 1.0 -0.887148179554
DS.d826.s1.i1 1.0 0.0921108227869
DS.d826.s1.i2 1.0 -0.257016514194
DS.d826.s2.i0 1.0 1.30544797623
DS.d826.s2.i1 1.0 1.42448438737
DS.d826.s2.i2 1.0 1.37117892631
DS.d826.s2.i3 1.0 1.33189386024
DS.d826.s3.i0 1.0 0.117961315367
DS.d826.s3.i1 1.0 0.117961315367
DS.d826.s3.i2 1.0 0.771207301562
DS.d826.s3.i3 1.0 0.771207301562
