DS.d11.s0.i0 1.0 -0.0505262787637
DS.d11.s0.i1 1.0 0.759699385155
DS.d24.s0.i0 -1 -2.01026525438
DS.d24.s1.i0 1.0 0.425533869823
DS.d28.s0.i0 1.0 0.521227535371
DS.d28.s0.i1 1.0 0.938124538308
DS.d28.s0.i2 1.0 1.74540612402
DS.d28.s1.i0 1.0 1.15679827517
DS.d28.s1.i1 1.0 1.53734626226
DS.d38.s0.i0 1.0 0.81937545327
DS.d38.s1.i0 1.0 1.61249725427
DS.d38.s1.i1 1.0 1.1465857492
DS.d38.s2.i0 1.0 1.49841345432
DS.d38.s3.i0 -1 -1.4878768454
DS.d66.s0.i0 1.0 0.140262752232
DS.d66.s0.i1 1.0 -0.17599916927
DS.d66.s0.i2 1.0 -0.107714849291
DS.d66.s0.i3 1.0 0.257326571968
DS.d84.s0.i0 -1 0.441439405156
DS.d84.s0.i1 -1 -0.179290311736
DS.d108.s0.i0 1.0 -0.0840822580944
DS.d108.s0.i1 1.0 0.271102067077
DS.d108.s0.i2 1.0 0.476619521447
DS.d108.s0.i3 1.0 0.260969002725
DS.d108.s0.i4 1.0 0.199786623787
DS.d108.s0.i5 1.0 0.199786623787
DS.d108.s0.i6 1.0 0.0715110784375
DS.d108.s0.i7 1.0 0.199786623787
DS.d108.s1.i0 -1 -0.19352864558
DS.d108.s1.i1 -1 -0.297367229321
DS.d108.s2.i0 -1 0.454939558791
DS.d108.s3.i0 -1 0.370397375773
DS.d108.s3.i1 -1 0.16864360921
DS.d113.s0.i0 -1 1.00598698567
DS.d113.s0.i1 -1 1.00598698567
DS.d131.s0.i0 1.0 2.58489877972
DS.d148.s0.i0 -1 -0.703113563911
DS.d148.s0.i1 -1 -1.48720216344
DS.d148.s0.i2 1.0 -0.158794510109
DS.d148.s0.i3 -1 -0.758703766636
DS.d148.s0.i4 -1 -1.86483870258
DS.d148.s0.i5 -1 -1.1566635249
DS.d148.s0.i6 -1 -1.13520796899
DS.d148.s0.i7 -1 -1.5029218017
DS.d148.s0.i8 -1 -0.282891378805
DS.d148.s0.i9 1.0 0.0656870166199
DS.d148.s0.i10 -1 -1.09706909396
DS.d148.s0.i11 1.0 -0.174828568881
DS.d148.s0.i12 -1 -0.629149655609
DS.d148.s0.i13 1.0 -0.0305189647593
DS.d148.s0.i14 -1 -1.57453216088
DS.d148.s0.i15 -1 -1.69197507178
DS.d148.s0.i16 -1 -1.63247591273
DS.d148.s0.i17 1.0 -0.0854506354399
DS.d148.s0.i18 -1 -2.36043062723
DS.d148.s0.i19 1.0 -0.0625885287304
DS.d148.s0.i20 1.0 -0.330105021308
DS.d148.s0.i21 -1 -1.07638461368
DS.d148.s0.i22 1.0 -0.158794510109
DS.d148.s0.i23 -1 -1.8747655995
DS.d148.s0.i24 1.0 -0.0305189647593
DS.d148.s0.i25 -1 -0.261435822893
DS.d148.s0.i26 -1 -0.889165642403
DS.d148.s1.i0 -1 -1.32551531438
DS.d148.s1.i1 1.0 1.29303601779
DS.d148.s1.i2 -1 -1.1002786047
DS.d148.s1.i3 -1 -0.589319104069
DS.d148.s1.i4 1.0 1.50555311182
DS.d148.s1.i5 -1 0.182141124308
DS.d148.s1.i6 -1 -0.607038116997
DS.d148.s1.i7 -1 0.00891262710987
DS.d153.s0.i0 -1 1.21336666348
DS.d153.s0.i1 -1 0.837612452585
DS.d155.s0.i0 1.0 1.53631500801
DS.d155.s0.i1 1.0 0.486195643296
DS.d155.s0.i2 1.0 1.55064639378
DS.d157.s0.i0 1.0 1.20845680087
DS.d165.s0.i0 -1 1.15998592686
DS.d165.s0.i1 -1 1.48050164185
DS.d165.s0.i2 -1 0.103579315368
DS.d165.s0.i3 -1 0.439396384846
DS.d165.s0.i4 1.0 0.966460658786
DS.d165.s0.i5 1.0 1.69901398374
DS.d165.s1.i0 1.0 -0.58641029068
DS.d165.s1.i1 1.0 0.764415119144
DS.d165.s1.i2 1.0 -0.295299538482
DS.d165.s1.i3 1.0 0.262446338894
DS.d165.s1.i4 1.0 0.553557091093
DS.d165.s1.i5 1.0 1.05552587134
DS.d165.s2.i0 1.0 2.31245883695
DS.d165.s2.i1 1.0 1.76133141245
DS.d165.s2.i2 1.0 1.63978231035
DS.d165.s2.i3 1.0 1.68873801409
DS.d165.s3.i0 -1 0.421631313156
DS.d165.s3.i1 -1 0.385844011737
DS.d165.s3.i2 -1 0.906755041066
DS.d165.s4.i0 1.0 0.369370925998
DS.d165.s4.i1 1.0 -0.0717411933023
DS.d165.s5.i0 -1 0.512170228043
DS.d165.s5.i1 1.0 -1.1434024588
DS.d165.s5.i2 -1 1.33723600973
DS.d165.s5.i3 1.0 -0.322800408896
DS.d165.s6.i0 1.0 2.08326021963
DS.d165.s6.i1 1.0 0.982956877492
DS.d165.s6.i2 1.0 1.26793692128
DS.d165.s6.i3 1.0 1.30091940085
DS.d165.s6.i4 1.0 2.40122274299
DS.d165.s6.i5 1.0 1.50939528727
DS.d169.s0.i0 1.0 0.239729137269
DS.d169.s0.i1 1.0 0.16822770875
DS.d169.s1.i0 1.0 -0.212390451523
DS.d169.s1.i1 1.0 -0.266455638681
DS.d169.s1.i2 1.0 -0.486652883555
DS.d169.s1.i3 1.0 -0.0465825566612
DS.d169.s1.i4 1.0 -0.199995626371
DS.d169.s1.i5 1.0 -0.784054822474
DS.d175.s0.i0 1.0 0.156845210126
DS.d175.s0.i1 1.0 0.386783694006
DS.d175.s1.i0 1.0 0.620116612219
DS.d186.s0.i0 1.0 0.483273815203
DS.d186.s0.i1 1.0 0.757167011861
DS.d186.s0.i2 1.0 0.813321627419
DS.d191.s0.i0 -1 0.406495047803
DS.d235.s0.i0 1.0 1.0325004037
DS.d235.s1.i0 1.0 0.430080485228
DS.d235.s1.i1 1.0 0.490681114232
DS.d238.s0.i0 -1 1.40633114281
DS.d256.s0.i0 -1 0.122553564785
DS.d256.s0.i1 -1 -0.111290429294
DS.d256.s0.i2 1.0 0.161064162505
DS.d256.s0.i3 -1 -0.576301646986
DS.d258.s0.i0 1.0 0.430572685732
DS.d263.s0.i0 1.0 0.220318461643
DS.d263.s0.i1 -1 0.714457449684
DS.d263.s0.i2 1.0 0.651081896548
DS.d263.s0.i3 1.0 0.9248581377
DS.d263.s0.i4 -1 0.707792089082
DS.d263.s0.i5 -1 0.910987993276
DS.d263.s0.i6 -1 0.486087119094
DS.d263.s0.i7 1.0 0.422711565956
DS.d263.s0.i8 -1 0.289352934505
DS.d263.s0.i9 1.0 0.422711565956
DS.d263.s0.i10 1.0 0.644416535945
DS.d263.s0.i11 -1 0.486087119094
DS.d263.s0.i12 -1 0.28369401478
DS.d263.s0.i13 1.0 0.225977381369
DS.d263.s1.i0 1.0 1.04529728103
DS.d268.s0.i0 1.0 -0.458738819783
DS.d268.s0.i1 1.0 -0.95435052218
DS.d273.s0.i0 1.0 0.827335377808
DS.d273.s1.i0 1.0 -0.115472758658
DS.d273.s1.i1 1.0 0.219089601074
DS.d274.s0.i0 1.0 0.343065758072
DS.d284.s0.i0 -1 -1.804615312
DS.d286.s0.i0 -1 0.874661922101
DS.d286.s0.i1 1.0 1.14766529412
DS.d286.s0.i2 1.0 1.10918125148
DS.d291.s0.i0 -1 -0.0470275660372
DS.d300.s0.i0 1.0 -0.0401792714601
DS.d300.s1.i0 -1 -0.384677017829
DS.d301.s0.i0 1.0 0.014813172607
DS.d301.s0.i1 1.0 1.78319302294
DS.d323.s0.i0 1.0 1.27663046019
DS.d327.s0.i0 1.0 1.93248139153
DS.d338.s0.i0 1.0 1.42745585497
DS.d338.s0.i1 1.0 1.29361021974
DS.d343.s0.i0 1.0 0.337625426718
DS.d343.s0.i1 1.0 0.337625426718
DS.d344.s0.i0 -1 -0.348021314177
DS.d347.s0.i0 1.0 0.0397571656958
DS.d347.s1.i0 -1 -0.24334861133
DS.d347.s1.i1 -1 -1.09764005606
DS.d347.s1.i2 -1 -0.206079657757
DS.d347.s1.i3 -1 -0.404902252114
DS.d347.s1.i4 -1 -0.804883231892
DS.d347.s1.i5 -1 -0.731283415381
DS.d352.s0.i0 1.0 2.30216361805
DS.d352.s0.i1 1.0 2.31051278221
DS.d363.s0.i0 1.0 0.850152828285
DS.d363.s0.i1 1.0 0.647013707796
DS.d370.s0.i0 1.0 0.121138059207
DS.d373.s0.i0 -1 -0.338076596899
DS.d384.s0.i0 1.0 1.08615572146
DS.d384.s0.i1 -1 0.357343513026
DS.d384.s0.i2 1.0 1.08615572146
DS.d387.s0.i0 1.0 1.13521456735
DS.d387.s0.i1 1.0 1.46052964428
DS.d390.s0.i0 -1 -0.588053713308
DS.d390.s0.i1 -1 -0.461264995271
DS.d390.s0.i2 -1 -0.598587858271
DS.d390.s0.i3 -1 -0.795322042859
DS.d390.s0.i4 -1 -0.502423023254
DS.d390.s0.i5 -1 -0.608001707073
DS.d391.s0.i0 1.0 0.661767939988
DS.d391.s0.i1 1.0 1.8615582193
DS.d394.s0.i0 1.0 1.0780767725
DS.d394.s0.i1 1.0 0.813224824088
DS.d395.s0.i0 1.0 -0.484529761404
DS.d395.s0.i1 1.0 -0.0614336563158
DS.d395.s1.i0 1.0 -0.0394300581961
DS.d415.s0.i0 -1 0.485672854622
DS.d415.s0.i1 -1 0.182588940447
DS.d415.s0.i2 -1 0.943480892806
DS.d415.s0.i3 -1 0.266009060929
DS.d434.s0.i0 1.0 0.389258666318
DS.d472.s0.i0 1.0 1.46194561752
DS.d472.s0.i1 1.0 1.79287456424
DS.d475.s0.i0 -1 -1.16701001918
DS.d475.s0.i1 1.0 -0.45639758463
DS.d475.s1.i0 1.0 0.346242899755
DS.d475.s2.i0 1.0 2.04804681158
DS.d476.s0.i0 1.0 0.849279152247
DS.d476.s0.i1 1.0 1.45893031202
DS.d477.s0.i0 1.0 1.44316733304
DS.d490.s0.i0 1.0 1.55811897756
DS.d490.s0.i1 1.0 1.55811897756
DS.d510.s0.i0 1.0 1.60523116918
DS.d510.s0.i1 1.0 1.87704601029
DS.d510.s1.i0 1.0 0.421573556455
DS.d510.s2.i0 1.0 1.15081603429
DS.d516.s0.i0 1.0 0.231767337306
DS.d516.s0.i1 1.0 0.634446544384
DS.d521.s0.i0 1.0 0.669259656433
DS.d521.s0.i1 1.0 1.84765821954
DS.d540.s0.i0 1.0 1.71001242893
DS.d540.s1.i0 -1 1.58129490493
DS.d556.s0.i0 -1 0.144952366645
DS.d589.s0.i0 1.0 0.656327187517
DS.d589.s0.i1 1.0 -0.0467234628304
DS.d589.s0.i2 1.0 -0.0467234628304
DS.d589.s0.i3 1.0 0.656327187517
DS.d593.s0.i0 1.0 0.849098589688
DS.d605.s0.i0 1.0 0.875005437878
DS.d605.s0.i1 -1 2.27856267334
DS.d605.s0.i2 1.0 1.36808770428
DS.d605.s0.i3 -1 1.49779354404
DS.d605.s0.i4 -1 1.93109135399
DS.d605.s1.i0 -1 -0.169068913939
DS.d605.s1.i1 1.0 0.651363880281
DS.d605.s1.i2 1.0 0.455963599956
DS.d626.s0.i0 1.0 0.851647431156
DS.d626.s1.i0 1.0 1.57289620205
DS.d626.s2.i0 1.0 0.823506834814
DS.d626.s3.i0 1.0 2.03480405284
DS.d628.s0.i0 -1 -0.357144377757
DS.d628.s0.i1 -1 0.00122741271944
DS.d638.s0.i0 1.0 1.52308357827
DS.d638.s0.i1 1.0 2.37970889109
DS.d638.s0.i2 1.0 1.89042417113
DS.d638.s0.i3 1.0 0.732023667289
DS.d661.s0.i0 1.0 1.52492152954
DS.d674.s0.i0 1.0 -0.237941115072
DS.d674.s0.i1 1.0 -0.87940549588
DS.d676.s0.i0 1.0 0.466999428977
DS.d691.s0.i0 1.0 0.419631730378
DS.d721.s0.i0 -1 1.4847145139
DS.d721.s0.i1 -1 0.845621535164
DS.d721.s0.i2 -1 0.540841275904
DS.d721.s0.i3 1.0 1.20630780703
DS.d721.s0.i4 -1 1.03467002583
DS.d721.s0.i5 1.0 0.406461496719
DS.d735.s0.i0 1.0 0.689056983663
DS.d735.s1.i0 1.0 0.693319249206
DS.d735.s1.i1 1.0 0.235250388437
DS.d735.s2.i0 1.0 1.44983973636
DS.d735.s2.i1 -1 0.323925039938
DS.d735.s3.i0 -1 0.487304767158
DS.d744.s0.i0 -1 0.0309112678307
DS.d744.s0.i1 -1 0.629386161518
DS.d750.s0.i0 1.0 1.35974480957
DS.d752.s0.i0 1.0 0.558164159516
DS.d758.s0.i0 1.0 0.979383494307
DS.d777.s0.i0 -1 -0.310781965606
DS.d785.s0.i0 1.0 0.893384696444
DS.d785.s0.i1 1.0 0.484910744885
DS.d798.s0.i0 1.0 0.574522338031
DS.d804.s0.i0 -1 0.874254440521
DS.d812.s0.i0 -1 0.126729193437
DS.d812.s0.i1 -1 0.0277784274155
DS.d812.s0.i2 -1 0.625023225883
DS.d821.s0.i0 -1 -0.669463453957
DS.d821.s0.i1 -1 -0.916031189467
DS.d825.s0.i0 1.0 0.713149214863
DS.d825.s0.i1 1.0 0.624727248738
DS.d825.s0.i2 1.0 0.257652523988
DS.d825.s0.i3 1.0 -0.0462496931884
DS.d825.s0.i4 1.0 0.339657215949
DS.d825.s0.i5 1.0 0.176418033756
DS.d825.s0.i6 1.0 0.750545288138
DS.d825.s0.i7 1.0 0.532959752311
DS.d825.s1.i0 -1 0.245095699084
DS.d825.s1.i1 -1 0.668973334249
DS.d825.s1.i2 -1 0.245095699084
DS.d825.s1.i3 -1 -0.243754272131
DS.d825.s1.i4 -1 0.810324844368
DS.d825.s1.i5 -1 0.810324844368
DS.d825.s2.i0 -1 -1.26071028985
DS.d825.s2.i1 -1 -1.26071028985
DS.d826.s0.i0 1.0 -0.339160251802
DS.d826.s0.i1 1.0 0.0020827208876
DS.d826.s0.i2 -1 0.549218128483
DS.d826.s0.i3 -1 0.400622491126
DS.d826.s0.i4 -1 0.592042598821
DS.d826.s0.i5 1.0 -0.169689200903
DS.d826.s0.i6 1.0 -0.0381509244018
DS.d826.s0.i7 -1 0.379747077585
DS.d826.s1.i0 1.0 -0.863953982767
DS.d826.s1.i1 1.0 -0.0273134887239
DS.d826.s1.i2 1.0 -0.323079635322
DS.d826.s2.i0 1.0 1.55357229482
DS.d826.s2.i1 1.0 1.55664169562
DS.d826.s2.i2 1.0 1.42160476002
DS.d826.s2.i3 1.0 1.28980311099
DS.d826.s3.i0 1.0 0.0842003189583
DS.d826.s3.i1 1.0 0.0842003189583
DS.d826.s3.i2 1.0 0.761343066171
DS.d826.s3.i3 1.0 0.761343066171
