DS.d9.s0.i0 1.0 1.51171011463
DS.d10.s0.i0 -1 0.731949505521
DS.d15.s0.i0 1.0 2.29173596946
DS.d15.s0.i1 1.0 1.51963443798
DS.d15.s0.i2 1.0 1.56406996733
DS.d16.s0.i0 1.0 1.46176690608
DS.d30.s0.i0 -1 -0.146196400545
DS.d30.s0.i1 -1 -0.32476473234
DS.d30.s0.i2 -1 -0.32476473234
DS.d44.s0.i0 -1 -1.31587682301
DS.d44.s0.i1 1.0 0.135819793022
DS.d44.s0.i2 -1 -0.83926605018
DS.d44.s0.i3 -1 -1.00258864645
DS.d44.s0.i4 -1 -0.88398721589
DS.d44.s0.i5 1.0 -0.0385595405644
DS.d44.s0.i6 -1 -0.104610169459
DS.d44.s0.i7 -1 -0.839041184864
DS.d44.s0.i8 1.0 0.789966475425
DS.d44.s0.i9 1.0 0.842406192783
DS.d44.s0.i10 1.0 0.321382828722
DS.d44.s0.i11 -1 -0.984429885784
DS.d44.s0.i12 -1 -1.0064774518
DS.d44.s0.i13 -1 -0.932996616028
DS.d44.s0.i14 -1 -0.643389755227
DS.d44.s0.i15 -1 -0.884879101831
DS.d44.s0.i16 1.0 0.288490601294
DS.d44.s0.i17 -1 -0.854582392959
DS.d58.s0.i0 -1 1.09249857314
DS.d58.s1.i0 1.0 1.48107309032
DS.d58.s1.i1 1.0 1.83997795691
DS.d58.s2.i0 1.0 1.33819322819
DS.d58.s3.i0 1.0 0.521163049289
DS.d60.s0.i0 1.0 0.560963622238
DS.d61.s0.i0 1.0 0.326130115687
DS.d61.s0.i1 1.0 0.623583298607
DS.d61.s0.i2 1.0 0.818341706388
DS.d61.s0.i3 1.0 0.421830562989
DS.d61.s0.i4 1.0 1.00056960401
DS.d61.s0.i5 1.0 0.593264335716
DS.d61.s0.i6 1.0 0.634666528905
DS.d61.s0.i7 1.0 0.778639191906
DS.d61.s0.i8 1.0 0.207585343171
DS.d65.s0.i0 -1 -0.0428925850318
DS.d71.s0.i0 1.0 1.49405369281
DS.d98.s0.i0 1.0 0.596003259361
DS.d98.s0.i1 1.0 0.0377448251557
DS.d98.s0.i2 1.0 0.414818811964
DS.d98.s0.i3 1.0 -0.0682281240392
DS.d98.s0.i4 1.0 0.275228653638
DS.d98.s0.i5 1.0 -0.235225780873
DS.d98.s1.i0 -1 0.0774231465566
DS.d98.s1.i1 -1 0.843916644196
DS.d98.s1.i2 -1 0.00515535490828
DS.d120.s0.i0 -1 -0.217871636464
DS.d120.s0.i1 -1 -0.487115723296
DS.d120.s0.i2 -1 0.597366933567
DS.d120.s0.i3 -1 -0.52374513877
DS.d120.s0.i4 -1 -0.459302711918
DS.d120.s0.i5 -1 0.938727413483
DS.d140.s0.i0 1.0 0.959021685903
DS.d140.s0.i1 1.0 1.22480503012
DS.d140.s0.i2 1.0 1.02581944657
DS.d157.s0.i0 1.0 1.17811371024
DS.d168.s0.i0 1.0 0.582282996905
DS.d177.s0.i0 -1 0.170999639262
DS.d177.s0.i1 -1 0.765792610993
DS.d177.s0.i2 -1 1.22320206602
DS.d177.s0.i3 -1 0.605869512464
DS.d177.s0.i4 -1 -0.828245635516
DS.d177.s0.i5 -1 -1.25917126248
DS.d177.s0.i6 -1 0.998808811817
DS.d177.s0.i7 -1 0.878800368248
DS.d190.s0.i0 1.0 -0.347605188007
DS.d215.s0.i0 -1 0.719753401868
DS.d215.s0.i1 -1 0.480877219413
DS.d215.s0.i2 -1 0.467518581734
DS.d215.s0.i3 -1 0.0220580532915
DS.d215.s1.i0 -1 -1.03973085562
DS.d218.s0.i0 1.0 1.25072031618
DS.d218.s0.i1 1.0 1.46349612982
DS.d218.s1.i0 -1 -0.372982225956
DS.d218.s1.i1 -1 -0.190339255185
DS.d218.s1.i2 -1 -8.72837530465e-05
DS.d218.s1.i3 -1 -0.2402139256
DS.d231.s0.i0 -1 0.82762034237
DS.d233.s0.i0 1.0 0.361764785546
DS.d244.s0.i0 1.0 0.88319056964
DS.d244.s0.i1 1.0 1.35793149787
DS.d244.s1.i0 1.0 1.24779112544
DS.d249.s0.i0 -1 1.81088693947
DS.d261.s0.i0 1.0 1.61961683525
DS.d270.s0.i0 1.0 -0.0355487303271
DS.d279.s0.i0 1.0 2.27021904642
DS.d279.s1.i0 1.0 1.07134685757
DS.d279.s1.i1 -1 -0.490171342086
DS.d279.s2.i0 1.0 2.3421036719
DS.d279.s2.i1 -1 1.58574117371
DS.d279.s3.i0 1.0 1.52638686058
DS.d279.s3.i1 -1 1.77512672355
DS.d279.s4.i0 1.0 1.21316538725
DS.d279.s5.i0 1.0 1.51786557985
DS.d279.s6.i0 -1 -1.31437699495
DS.d279.s6.i1 -1 -1.31437699495
DS.d279.s6.i2 -1 -1.63235588797
DS.d279.s7.i0 1.0 1.24388834646
DS.d279.s7.i1 -1 0.567982470426
DS.d279.s7.i2 -1 0.51537917652
DS.d279.s8.i0 -1 0.229444733582
DS.d279.s8.i1 -1 -0.754633250194
DS.d279.s9.i0 1.0 1.74819090799
DS.d279.s9.i1 1.0 0.928222596882
DS.d286.s0.i0 -1 -0.0916196459703
DS.d286.s0.i1 1.0 1.27954998846
DS.d286.s0.i2 1.0 0.834355225559
DS.d300.s0.i0 1.0 1.42974828836
DS.d300.s1.i0 -1 0.231298712897
DS.d305.s0.i0 1.0 1.60479698216
DS.d305.s0.i1 1.0 0.921716451666
DS.d305.s0.i2 1.0 1.62119399322
DS.d305.s0.i3 1.0 0.952202114586
DS.d347.s0.i0 1.0 0.391441810326
DS.d347.s1.i0 -1 -0.279316738074
DS.d347.s1.i1 -1 -1.00304299378
DS.d347.s1.i2 -1 -0.542200910384
DS.d347.s1.i3 -1 -0.874657795719
DS.d347.s1.i4 -1 -0.506780781018
DS.d347.s1.i5 -1 -0.917217657135
DS.d355.s0.i0 -1 -0.364003028195
DS.d358.s0.i0 1.0 1.36339357191
DS.d358.s1.i0 1.0 0.79669935016
DS.d361.s0.i0 -1 0.212623417769
DS.d361.s1.i0 1.0 1.33983740586
DS.d361.s1.i1 -1 -0.393834837783
DS.d361.s2.i0 1.0 1.09019777112
DS.d361.s2.i1 -1 1.68392621982
DS.d378.s0.i0 -1 0.579838888016
DS.d378.s0.i1 1.0 -0.160603450818
DS.d378.s0.i2 -1 0.505802322167
DS.d378.s0.i3 -1 0.767265552287
DS.d378.s1.i0 -1 -0.491738746942
DS.d390.s0.i0 -1 -0.00822872002662
DS.d390.s0.i1 -1 0.0274095834171
DS.d390.s0.i2 -1 -0.169803269209
DS.d390.s0.i3 -1 -0.45334659367
DS.d390.s0.i4 -1 -0.094615511988
DS.d390.s0.i5 -1 -0.327129004265
DS.d401.s0.i0 1.0 0.300154937855
DS.d401.s0.i1 1.0 0.475127520609
DS.d418.s0.i0 1.0 1.24003516326
DS.d418.s0.i1 1.0 0.848690789853
DS.d428.s0.i0 1.0 0.629942174132
DS.d428.s0.i1 1.0 0.629532561915
DS.d428.s0.i2 1.0 0.653769008284
DS.d428.s0.i3 1.0 0.753579851086
DS.d428.s1.i0 1.0 1.49995271463
DS.d428.s1.i1 -1 1.94497224169
DS.d428.s1.i2 1.0 2.38722696542
DS.d428.s1.i3 -1 0.664823274449
DS.d428.s2.i0 -1 0.546613170267
DS.d428.s2.i1 1.0 1.40187350917
DS.d449.s0.i0 1.0 0.568600091077
DS.d461.s0.i0 -1 -0.173527160194
DS.d461.s0.i1 -1 -0.133789432333
DS.d461.s0.i2 -1 -0.0703827473073
DS.d461.s0.i3 -1 0.00845208994974
DS.d491.s0.i0 1.0 0.77300955324
DS.d491.s0.i1 1.0 0.725610674145
DS.d491.s1.i0 -1 -0.56150363815
DS.d505.s0.i0 1.0 1.21185391994
DS.d510.s0.i0 1.0 1.50416434858
DS.d510.s0.i1 1.0 1.61063087111
DS.d510.s1.i0 1.0 0.903860888488
DS.d510.s2.i0 1.0 1.79825838469
DS.d514.s0.i0 1.0 1.6717603618
DS.d514.s1.i0 -1 1.18864707674
DS.d527.s0.i0 1.0 0.600106957076
DS.d527.s0.i1 1.0 0.993113627216
DS.d527.s0.i2 1.0 -0.19364322429
DS.d527.s0.i3 1.0 0.149000217736
DS.d527.s1.i0 1.0 0.412739518264
DS.d527.s1.i1 1.0 -0.121571995062
DS.d529.s0.i0 1.0 -0.239819812946
DS.d541.s0.i0 -1 -0.169676108753
DS.d541.s1.i0 -1 -0.167002789052
DS.d549.s0.i0 -1 -0.72740579933
DS.d549.s0.i1 -1 -0.287036544
DS.d549.s0.i2 -1 -0.833424781608
DS.d549.s1.i0 1.0 0.299742790026
DS.d549.s1.i1 -1 0.205463009905
DS.d549.s2.i0 1.0 -0.368419739548
DS.d549.s2.i1 1.0 -0.11760981368
DS.d549.s3.i0 -1 0.439129687459
DS.d549.s3.i1 1.0 0.0432774171847
DS.d549.s3.i2 -1 0.259292063123
DS.d552.s0.i0 1.0 0.198737518727
DS.d552.s0.i1 1.0 0.254401611854
DS.d552.s0.i2 1.0 1.02054027824
DS.d552.s0.i3 1.0 1.03318395736
DS.d559.s0.i0 -1 -0.870809677156
DS.d559.s0.i1 -1 -0.996704993078
DS.d559.s0.i2 -1 -0.789047530915
DS.d559.s0.i3 -1 -0.870809677156
DS.d578.s0.i0 1.0 0.730444680258
DS.d578.s0.i1 1.0 0.970079968555
DS.d578.s0.i2 1.0 0.967316432064
DS.d586.s0.i0 1.0 0.780848177054
DS.d599.s0.i0 1.0 -0.0732509372792
DS.d599.s1.i0 -1 -0.102698963461
DS.d630.s0.i0 -1 -0.455557870454
DS.d630.s0.i1 -1 -0.767970485602
DS.d640.s0.i0 -1 1.34415519435
DS.d644.s0.i0 -1 0.301739143404
DS.d648.s0.i0 1.0 -0.0019776556741
DS.d648.s0.i1 1.0 0.360004174945
DS.d648.s0.i2 1.0 -0.191681944281
DS.d649.s0.i0 -1 0.400958561487
DS.d649.s0.i1 1.0 0.291455768654
DS.d649.s0.i2 -1 -0.176882437882
DS.d649.s0.i3 1.0 0.250081565863
DS.d649.s0.i4 -1 -0.294347181033
DS.d649.s0.i5 -1 -0.0945656349069
DS.d649.s0.i6 1.0 0.449851612547
DS.d649.s0.i7 1.0 0.66377246599
DS.d672.s0.i0 1.0 0.131723761576
DS.d672.s0.i1 -1 0.446406463861
DS.d672.s0.i2 1.0 0.236568812025
DS.d672.s0.i3 -1 0.219127138629
DS.d672.s0.i4 -1 -0.0178982933542
DS.d672.s0.i5 -1 1.42482381918
DS.d672.s0.i6 -1 0.252978293072
DS.d672.s0.i7 -1 0.287855432362
DS.d672.s0.i8 1.0 -0.033090590156
DS.d672.s0.i9 -1 1.04936639905
DS.d672.s0.i10 -1 -0.59696526321
DS.d672.s0.i11 -1 0.659107822324
DS.d674.s0.i0 1.0 1.17354773181
DS.d674.s0.i1 1.0 0.121893998354
DS.d695.s0.i0 1.0 0.833759358006
DS.d695.s0.i1 1.0 1.19970780571
DS.d695.s1.i0 -1 0.59762676273
DS.d695.s1.i1 -1 0.190061953145
DS.d695.s1.i2 -1 -0.443217106123
DS.d695.s2.i0 1.0 0.520615131867
DS.d695.s2.i1 1.0 1.0081156071
DS.d698.s0.i0 1.0 0.551374914728
DS.d698.s1.i0 1.0 0.696958572996
DS.d699.s0.i0 1.0 2.07058239959
DS.d699.s0.i1 1.0 2.07058239959
DS.d699.s1.i0 1.0 -0.635013942564
DS.d699.s1.i1 -1 -1.1947411979
DS.d699.s1.i2 -1 -1.62959664952
DS.d699.s2.i0 1.0 0.797165355328
DS.d704.s0.i0 -1 -0.877276091047
DS.d704.s0.i1 1.0 -0.0983747906156
DS.d704.s0.i2 1.0 -0.0983747906156
DS.d704.s0.i3 1.0 -0.212095883184
DS.d704.s0.i4 1.0 -0.212095883184
DS.d704.s0.i5 -1 -0.877276091047
DS.d705.s0.i0 1.0 0.556893239592
DS.d711.s0.i0 -1 0.0112820807371
DS.d712.s0.i0 1.0 1.05997438404
DS.d712.s0.i1 1.0 1.86168119483
DS.d712.s0.i2 1.0 0.779405166151
DS.d712.s0.i3 1.0 1.63066493642
DS.d712.s1.i0 1.0 1.56496893527
DS.d712.s2.i0 -1 1.65860245211
DS.d712.s2.i1 -1 1.21849898771
DS.d716.s0.i0 1.0 0.000408665786919
DS.d716.s0.i1 -1 -1.33145198039
DS.d716.s0.i2 1.0 0.835572199422
DS.d716.s0.i3 1.0 0.376326140787
DS.d725.s0.i0 1.0 1.38536921442
DS.d725.s1.i0 1.0 1.02124499191
DS.d725.s1.i1 1.0 1.02124499191
DS.d725.s1.i2 1.0 0.357486694949
DS.d734.s0.i0 1.0 -0.166576315363
DS.d734.s0.i1 1.0 -0.147343346057
DS.d734.s0.i2 1.0 -0.374096962488
DS.d734.s0.i3 1.0 -0.333200318642
DS.d735.s0.i0 1.0 1.819504201
DS.d735.s1.i0 1.0 1.27437171692
DS.d735.s1.i1 1.0 1.05263755711
DS.d735.s2.i0 1.0 1.2403774016
DS.d735.s2.i1 -1 0.562171424031
DS.d735.s3.i0 -1 0.825464631543
DS.d749.s0.i0 1.0 0.318835571546
DS.d749.s0.i1 1.0 -0.101695565848
DS.d749.s1.i0 1.0 -0.0464517341117
DS.d749.s1.i1 1.0 0.238163614624
DS.d749.s2.i0 1.0 0.133878461433
DS.d749.s2.i1 1.0 0.494411460523
DS.d749.s2.i2 1.0 0.264487655748
DS.d749.s3.i0 -1 0.616601253664
DS.d769.s0.i0 1.0 0.421022611709
DS.d779.s0.i0 -1 -1.14033375902
DS.d788.s0.i0 -1 -1.0328100398
DS.d788.s0.i1 -1 -1.1940146419
DS.d788.s0.i2 -1 0.0335128750056
DS.d788.s0.i3 -1 -0.482380829076
DS.d788.s0.i4 -1 -0.111246905858
DS.d788.s0.i5 -1 -0.0787302832789
DS.d788.s0.i6 -1 -0.759102481202
DS.d788.s0.i7 -1 -0.215614062369
DS.d788.s0.i8 -1 -0.190695940224
DS.d788.s0.i9 -1 -0.706589644305
DS.d788.s0.i10 -1 -0.109524317208
DS.d788.s0.i11 -1 -1.11398166282
DS.d788.s0.i12 -1 -0.841275723479
DS.d788.s0.i13 -1 0.145792063336
DS.d788.s0.i14 -1 -0.188707437092
DS.d788.s0.i15 -1 -0.625418021287
DS.d788.s0.i16 -1 -0.747995106785
DS.d788.s0.i17 -1 0.0646204403189
DS.d788.s0.i18 -1 0.288829255549
DS.d788.s0.i19 -1 -0.0871282655243
DS.d788.s0.i20 -1 -0.0457779934389
DS.d788.s0.i21 -1 -0.769039731323
DS.d788.s0.i22 -1 -0.112983930251
DS.d788.s0.i23 -1 -0.990657730129
DS.d788.s0.i24 -1 -0.826672433145
DS.d788.s0.i25 -1 -0.662103552417
DS.d788.s0.i26 -1 -0.907844056161
DS.d788.s0.i27 -1 0.011035252013
DS.d788.s0.i28 -1 -0.198812273999
DS.d788.s0.i29 -1 -0.904184610269
DS.d788.s0.i30 -1 -0.753051668844
DS.d788.s0.i31 -1 -0.735715394015
DS.d788.s0.i32 -1 -0.00976044608803
DS.d788.s0.i33 -1 -0.623830803521
DS.d788.s0.i34 -1 -0.684341585001
DS.d788.s0.i35 -1 -0.00472204457982
DS.d788.s0.i36 -1 0.0557084663306
DS.d788.s0.i37 -1 -0.889772847591
DS.d788.s0.i38 -1 0.056477803487
DS.d788.s0.i39 -1 -0.065041008056
DS.d793.s0.i0 1.0 0.156517928527
DS.d793.s0.i1 1.0 0.234661929788
DS.d793.s1.i0 1.0 0.927321633795
DS.d793.s1.i1 1.0 1.13624554116
DS.d806.s0.i0 -1 -0.400213527825
DS.d806.s0.i1 -1 -0.345227528378
DS.d806.s0.i2 -1 0.653170183455
DS.d814.s0.i0 -1 0.392064405281
DS.d814.s0.i1 -1 0.911033750252
DS.d814.s0.i2 -1 0.600459578552
DS.d814.s1.i0 -1 -0.845915094002
DS.d814.s1.i1 -1 -0.513757921772
DS.d824.s0.i0 1.0 0.439110166307
DS.d824.s0.i1 1.0 -0.407975293517
DS.d830.s0.i0 1.0 1.56112144908
DS.d830.s1.i0 1.0 1.2540920174
DS.d834.s0.i0 -1 -0.82160023295
DS.d834.s0.i1 -1 -0.504510012613
DS.d834.s0.i2 -1 -0.619147173441
DS.d834.s0.i3 -1 -0.542117529671
DS.d842.s0.i0 -1 0.036552578888
DS.d842.s0.i1 -1 0.542893020052
DS.d842.s0.i2 -1 -0.19300086532
DS.d842.s0.i3 -1 -0.94040480062
DS.d842.s1.i0 -1 -0.506552196727
DS.d842.s1.i1 -1 0.632003985726
DS.d842.s1.i2 -1 -0.345288175224
DS.d842.s1.i3 -1 -0.806223704973
DS.d848.s0.i0 1.0 0.521964614017
DS.d848.s0.i1 1.0 0.480050163992
DS.d848.s0.i2 1.0 0.933853128027
DS.d849.s0.i0 -1 0.146685088904
DS.d849.s1.i0 1.0 0.616580195997
DS.d850.s0.i0 -1 0.820587039776
DS.d850.s1.i0 -1 -0.907535577221
DS.d858.s0.i0 1.0 -1.07328225411
DS.d858.s0.i1 1.0 -1.02455965035
DS.d858.s0.i2 1.0 -1.1338720189
DS.d861.s0.i0 1.0 0.39063946958
DS.d862.s0.i0 1.0 2.05347712049
DS.d874.s0.i0 -1 1.36539266978
DS.d874.s1.i0 -1 0.16984911664
DS.d900.s0.i0 1.0 0.531377399074
DS.d900.s0.i1 1.0 0.381423664867
DS.d903.s0.i0 1.0 1.27959964232
DS.d903.s0.i1 1.0 0.103466737672
DS.d909.s0.i0 -1 -0.596060075149
DS.d909.s0.i1 -1 -1.25910324966
DS.d909.s0.i2 -1 0.152445717661
DS.d909.s0.i3 -1 0.442197225824
DS.d909.s0.i4 -1 -0.155274743613
DS.d909.s0.i5 -1 -0.421937228599
DS.d909.s0.i6 -1 0.46583555588
DS.d909.s0.i7 -1 -0.243661366721
DS.d925.s0.i0 -1 -0.41104298642
DS.d945.s0.i0 1.0 0.406643365409
DS.d945.s0.i1 1.0 0.413374945
DS.d945.s1.i0 1.0 1.07589336087
DS.d954.s0.i0 -1 -0.928518896437
DS.d963.s0.i0 1.0 0.963680240362
DS.d963.s1.i0 1.0 0.944858473787
DS.d969.s0.i0 1.0 1.34850848721
DS.d969.s0.i1 -1 -0.29568333464
DS.d999.s0.i0 -1 0.0128918877486
DS.d999.s0.i1 -1 -0.517312811777
DS.d1003.s0.i0 -1 -0.235439658471
DS.d1003.s0.i1 -1 -0.450405096178
DS.d1005.s0.i0 1.0 1.38851008729
DS.d1009.s0.i0 -1 0.652274378773
DS.d1009.s1.i0 -1 0.0752066611557
DS.d1009.s1.i1 -1 0.0607203607257
DS.d1027.s0.i0 -1 -0.04442909706
DS.d1027.s0.i1 -1 -0.04442909706
DS.d1039.s0.i0 -1 0.729660104776
DS.d1069.s0.i0 1.0 1.08153600919
DS.d1084.s0.i0 -1 -0.856367195926
DS.d1092.s0.i0 1.0 1.20626920164
DS.d1092.s0.i1 1.0 0.950030728233
DS.d1094.s0.i0 -1 0.314441195771
DS.d1097.s0.i0 -1 1.13544338933
DS.d1097.s1.i0 1.0 0.0650137897605
DS.d1097.s1.i1 1.0 -0.191773554034
DS.d1097.s1.i2 1.0 0.223913662666
DS.d1097.s1.i3 1.0 0.00307009737084
DS.d1100.s0.i0 1.0 -0.552289338683
DS.d1106.s0.i0 -1 -1.34895082485
DS.d1106.s1.i0 -1 -0.512158076763
DS.d1142.s0.i0 -1 -0.717743141428
DS.d1142.s0.i1 -1 -0.370903539501
DS.d1142.s0.i2 -1 -0.336512113697
DS.d1170.s0.i0 -1 0.0726638709092
DS.d1170.s0.i1 -1 -0.337061806273
DS.d1170.s0.i2 -1 0.00446102331204
DS.d1170.s0.i3 -1 -0.12961356787
DS.d1170.s0.i4 -1 -0.137802160871
DS.d1191.s0.i0 1.0 0.989351824348
DS.d1197.s0.i0 -1 1.02104214301
DS.d1215.s0.i0 1.0 0.843953482711
DS.d1215.s0.i1 1.0 1.2836300871
DS.d1215.s1.i0 -1 0.303235781625
DS.d1215.s1.i1 -1 0.0500732564378
DS.d1215.s1.i2 -1 0.66116260456
DS.d1215.s1.i3 -1 0.788273926353
DS.d1220.s0.i0 1.0 0.509204727131
DS.d1220.s0.i1 1.0 -0.125595837148
DS.d1220.s1.i0 1.0 -0.651634056356
DS.d1233.s0.i0 -1 0.454828735922
DS.d1242.s0.i0 1.0 -0.569067668529
DS.d1242.s0.i1 1.0 0.841142024665
DS.d1251.s0.i0 1.0 1.61728567628
DS.d1295.s0.i0 1.0 1.31819451557
DS.d1307.s0.i0 -1 0.0545718164424
DS.d1307.s0.i1 -1 -0.361657748354
DS.d1307.s0.i2 -1 -0.178362367951
DS.d1307.s0.i3 -1 0.275619649924
DS.d1314.s0.i0 1.0 0.899813228
DS.d1315.s0.i0 -1 -0.204126220116
DS.d1315.s1.i0 -1 -0.292774502391
DS.d1328.s0.i0 -1 0.37352354882
DS.d1328.s0.i1 -1 -0.117130348663
DS.d1328.s1.i0 -1 -0.42997276645
DS.d1328.s1.i1 -1 -1.37108192046
DS.d1330.s0.i0 -1 -1.26995847901
DS.d1330.s0.i1 -1 -1.0579343232
DS.d1330.s0.i2 -1 -1.2988359854
DS.d1331.s0.i0 -1 -1.26802598093
DS.d1331.s0.i1 -1 -1.94676096194
DS.d1331.s1.i0 -1 -0.298093687189
DS.d1331.s1.i1 -1 -1.8183023133
DS.d1334.s0.i0 -1 0.405943374832
DS.d1342.s0.i0 -1 -0.0514632041881
DS.d1351.s0.i0 1.0 2.21827445927
DS.d1356.s0.i0 1.0 0.381792150646
DS.d1356.s0.i1 1.0 0.45616121326
DS.d1356.s1.i0 1.0 0.984775601632
DS.d1356.s2.i0 1.0 0.39976414948
DS.d1356.s3.i0 1.0 1.46880791704
DS.d1356.s4.i0 1.0 1.71009740759
DS.d1356.s4.i1 1.0 0.661393395276
DS.d1356.s4.i2 1.0 1.34827770982
DS.d1359.s0.i0 1.0 1.34425219927
DS.d1359.s1.i0 -1 -1.10588382381
DS.d1361.s0.i0 1.0 1.43109917433
DS.d1361.s1.i0 1.0 1.67582401816
DS.d1362.s0.i0 1.0 0.925973307003
DS.d1362.s1.i0 -1 -0.11247928139
DS.d1369.s0.i0 1.0 0.380670663055
DS.d1369.s0.i1 1.0 0.71359125954
DS.d1371.s0.i0 1.0 0.503554035406
DS.d1375.s0.i0 -1 0.472448444157
DS.d1375.s0.i1 -1 0.0585125931659
DS.d1376.s0.i0 -1 -0.815639762602
DS.d1376.s0.i1 -1 -0.649791803762
DS.d1376.s0.i2 -1 -0.634594829514
DS.d1376.s0.i3 -1 -0.358038191889
DS.d1376.s0.i4 -1 -0.0326077884834
DS.d1376.s0.i5 -1 -0.365732568882
DS.d1376.s0.i6 -1 -0.765493090273
DS.d1376.s0.i7 -1 -0.488688962765
DS.d1376.s0.i8 -1 -0.0994158436792
DS.d1376.s0.i9 -1 0.0415080236253
DS.d1376.s0.i10 -1 0.0460797594309
DS.d1376.s0.i11 -1 -0.0827074470431
DS.d1376.s1.i0 -1 -0.645861110457
DS.d1376.s1.i1 -1 -1.21528900525
DS.d1403.s0.i0 1.0 0.833012911466
DS.d1403.s1.i0 1.0 0.475153753919
DS.d1413.s0.i0 1.0 -0.179082294766
DS.d1413.s0.i1 1.0 -0.179082294766
DS.d1413.s0.i2 1.0 0.730994603738
DS.d1413.s0.i3 1.0 0.730994603738
DS.d1428.s0.i0 1.0 1.45584212752
DS.d1446.s0.i0 1.0 0.0448389413528
DS.d1449.s0.i0 1.0 0.454564125513
DS.d1463.s0.i0 1.0 0.893299634025
DS.d1463.s1.i0 1.0 0.586774033234
DS.d1463.s1.i1 1.0 0.705320101228
DS.d1466.s0.i0 1.0 0.595373181935
DS.d1473.s0.i0 1.0 1.18589687906
DS.d1473.s1.i0 1.0 0.62751011739
DS.d1473.s2.i0 1.0 1.0581321875
DS.d1473.s3.i0 1.0 1.60766330895
DS.d1474.s0.i0 -1 -0.793045804108
DS.d1476.s0.i0 -1 -1.41820408405
DS.d1481.s0.i0 1.0 0.431716819515
DS.d1481.s0.i1 1.0 1.00875912578
DS.d1481.s0.i2 1.0 0.468824853031
DS.d1481.s0.i3 1.0 0.876128403989
DS.d1488.s0.i0 1.0 0.908192270868
DS.d1495.s0.i0 1.0 0.213864536488
DS.d1495.s1.i0 1.0 0.623460254261
DS.d1496.s0.i0 -1 0.142438998142
DS.d1496.s0.i1 -1 -0.758203084167
DS.d1500.s0.i0 -1 0.509370597381
DS.d1500.s0.i1 -1 0.456892591397
DS.d1506.s0.i0 1.0 0.592024295444
DS.d1506.s1.i0 1.0 -0.197282659806
DS.d1506.s2.i0 1.0 1.63854578182
DS.d1506.s3.i0 1.0 0.697449249755
DS.d1506.s4.i0 1.0 1.57442571673
DS.d1510.s0.i0 1.0 0.101822915606
DS.d1515.s0.i0 1.0 -0.042236365043
DS.d1515.s0.i1 1.0 -0.170822102913
DS.d1519.s0.i0 -1 0.18047220935
DS.d1529.s0.i0 1.0 1.43269871422
DS.d1553.s0.i0 -1 1.45289725893
DS.d1556.s0.i0 1.0 1.24248230422
DS.d1556.s0.i1 1.0 1.52474109556
DS.d1556.s0.i2 1.0 1.24248230422
DS.d1564.s0.i0 -1 -0.0759645821932
DS.d1570.s0.i0 1.0 -1.17871521861
DS.d1573.s0.i0 1.0 0.0790357568478
DS.d1581.s0.i0 1.0 0.979212537798
DS.d1581.s0.i1 1.0 0.691600194542
DS.d1581.s0.i2 1.0 0.785648177656
DS.d1581.s0.i3 1.0 0.697779676644
DS.d1581.s0.i4 1.0 0.830944223856
DS.d1581.s0.i5 1.0 0.796261624713
DS.d1581.s0.i6 1.0 1.09871608946
DS.d1581.s0.i7 1.0 0.931852008937
DS.d1591.s0.i0 1.0 0.691512982093
DS.d1596.s0.i0 1.0 0.631355465919
DS.d1596.s1.i0 1.0 0.90327994594
DS.d1596.s1.i1 1.0 1.02409198209
DS.d1602.s0.i0 1.0 1.22327588264
DS.d1602.s1.i0 -1 -0.820135451291
DS.d1602.s1.i1 -1 -1.12607475952
DS.d1610.s0.i0 1.0 0.738330133029
DS.d1613.s0.i0 1.0 0.0974465264816
DS.d1613.s1.i0 1.0 0.752261281128
DS.d1616.s0.i0 1.0 0.240578459443
DS.d1616.s1.i0 1.0 0.590882482273
DS.d1634.s0.i0 -1 -1.06225581629
DS.d1634.s0.i1 -1 -0.375218212392
DS.d1634.s0.i2 -1 -0.757955521505
DS.d1634.s0.i3 -1 -0.859429497194
DS.d1634.s0.i4 -1 -0.936947214216
DS.d1634.s0.i5 -1 -0.336345021927
DS.d1634.s0.i6 -1 -0.986666481173
DS.d1634.s0.i7 -1 -0.634613423666
DS.d1634.s0.i8 -1 -0.85578962299
DS.d1634.s0.i9 -1 -0.879435391113
DS.d1634.s1.i0 -1 -0.439284999301
DS.d1634.s1.i1 -1 -0.591994719911
DS.d1634.s1.i2 -1 -0.569543877902
DS.d1634.s1.i3 -1 -1.12533257479
DS.d1651.s0.i0 1.0 1.86474746165
DS.d1653.s0.i0 1.0 1.04189284095
DS.d1653.s0.i1 1.0 0.586751324768
DS.d1653.s1.i0 1.0 0.174900349869
DS.d1653.s1.i1 1.0 0.792134084208
DS.d1653.s2.i0 1.0 0.511810168852
DS.d1653.s3.i0 -1 0.0205668457183
DS.d1653.s4.i0 -1 0.769048275947
DS.d1653.s4.i1 -1 0.567343736368
DS.d1697.s0.i0 1.0 1.43562531263
DS.d1697.s0.i1 1.0 2.1780314268
DS.d1716.s0.i0 1.0 1.60357638175
DS.d1730.s0.i0 1.0 0.518317363782
DS.d1737.s0.i0 1.0 1.9655614053
DS.d1738.s0.i0 1.0 1.27577840219
DS.d1738.s0.i1 1.0 1.27577840219
DS.d1750.s0.i0 -1 0.913712374275
DS.d1750.s0.i1 -1 -0.152937984456
DS.d1758.s0.i0 -1 0.579645532997
DS.d1765.s0.i0 1.0 0.660490003573
DS.d1765.s0.i1 1.0 0.768353139403
DS.d1773.s0.i0 1.0 1.26008343961
DS.d1773.s0.i1 1.0 1.29242145017
DS.d1773.s0.i2 1.0 1.14225550379
DS.d1773.s0.i3 1.0 0.76217418556
DS.d1779.s0.i0 -1 0.790646925508
DS.d1779.s0.i1 1.0 1.8380480058
DS.d1779.s0.i2 1.0 1.32499556334
DS.d1779.s1.i0 -1 0.0520580265325
DS.d1779.s1.i1 1.0 1.6208812832
DS.d1779.s1.i2 1.0 1.5876479271
DS.d1779.s2.i0 1.0 1.0838208537
DS.d1779.s3.i0 -1 1.00573646881
DS.d1784.s0.i0 1.0 0.0752202172305
DS.d1784.s0.i1 1.0 0.347176014321
DS.d1784.s0.i2 1.0 0.725900995101
DS.d1784.s0.i3 1.0 0.306692006697
DS.d1790.s0.i0 -1 -0.311143157434
DS.d1809.s0.i0 1.0 1.15379721252
DS.d1809.s0.i1 1.0 1.07108181509
DS.d1818.s0.i0 -1 0.642582224394
DS.d1832.s0.i0 -1 -0.0101564154003
DS.d1832.s0.i1 -1 -0.639920166376
DS.d1843.s0.i0 1.0 1.38286634079
DS.d1843.s1.i0 1.0 1.27517343239
DS.d1854.s0.i0 1.0 1.66819369292
