DS1.d18.s0.i0 1.000000 0.573906
DS1.d19.s0.i1 1.000000 0.947331
DS1.d19.s0.i0 1.000000 0.973046
DS1.d798.s0.i0 1.000000 0.802969
DS1.d12.s0.i0 -1.000000 -0.588577
DS1.d13.s4.i1 -1.000000 0.546814
DS1.d13.s4.i0 1.000000 0.726924
DS1.d13.s3.i0 -1.000000 -0.938381
DS1.d13.s3.i1 -1.000000 -0.690521
DS1.d13.s2.i1 1.000000 0.874627
DS1.d13.s2.i0 1.000000 0.863995
DS1.d13.s2.i2 1.000000 0.964169
DS1.d13.s1.i0 1.000000 0.684122
DS1.d13.s0.i1 1.000000 0.860062
DS1.d13.s0.i0 1.000000 0.904025
DS1.d10.s0.i0 -1.000000 -0.691821
DS1.d11.s0.i1 1.000000 0.396948
DS1.d11.s0.i0 1.000000 0.249791
DS1.d16.s0.i0 1.000000 1.183040
DS1.d17.s1.i0 -1.000000 -0.375152
DS1.d17.s0.i1 -1.000000 -0.531656
DS1.d17.s0.i0 -1.000000 -0.758535
DS1.d14.s0.i0 -1.000000 -0.590126
DS1.d14.s0.i1 -1.000000 -0.591144
DS1.d14.s0.i2 -1.000000 -0.886338
DS1.d14.s0.i3 -1.000000 -1.200850
DS1.d14.s1.i1 -1.000000 -0.770487
DS1.d14.s1.i0 -1.000000 -0.690005
DS1.d15.s0.i1 1.000000 0.922854
DS1.d15.s0.i0 1.000000 1.307240
DS1.d15.s0.i2 1.000000 0.886957
DS1.d378.s0.i2 -1.000000 -0.570698
DS1.d378.s0.i3 -1.000000 -0.551368
DS1.d378.s0.i0 -1.000000 -0.573012
DS1.d378.s0.i1 1.000000 -0.187429
DS1.d378.s1.i0 -1.000000 -0.623302
DS1.d318.s0.i0 1.000000 1.001394
DS1.d318.s0.i1 1.000000 0.794998
DS1.d319.s0.i1 -1.000000 -0.757328
DS1.d319.s0.i0 -1.000000 -0.807878
DS1.d648.s0.i2 1.000000 0.850315
DS1.d648.s0.i0 1.000000 0.886083
DS1.d648.s0.i1 1.000000 0.757357
DS1.d649.s0.i7 1.000000 0.457327
DS1.d649.s0.i6 1.000000 0.337624
DS1.d649.s0.i5 -1.000000 -0.449658
DS1.d649.s0.i4 -1.000000 -0.403596
DS1.d649.s0.i3 1.000000 0.294683
DS1.d649.s0.i2 -1.000000 -0.339607
DS1.d649.s0.i1 1.000000 0.382187
DS1.d649.s0.i0 -1.000000 -0.257141
DS1.d270.s0.i0 1.000000 0.681236
DS1.d312.s0.i2 1.000000 1.010324
DS1.d312.s0.i3 1.000000 0.915011
DS1.d312.s0.i0 1.000000 0.946890
DS1.d312.s0.i1 1.000000 0.899730
DS1.d312.s0.i6 1.000000 0.850388
DS1.d312.s0.i7 1.000000 0.897534
DS1.d312.s0.i4 1.000000 0.838912
DS1.d312.s0.i5 1.000000 0.901725
DS1.d312.s0.i8 1.000000 1.066670
DS1.d312.s0.i9 1.000000 0.809633
DS1.d312.s0.i10 1.000000 1.050791
DS1.d313.s5.i0 1.000000 0.503112
DS1.d313.s4.i0 1.000000 0.560218
DS1.d313.s3.i0 1.000000 0.641675
DS1.d313.s2.i0 1.000000 1.163076
DS1.d313.s1.i0 1.000000 0.833282
DS1.d313.s1.i1 1.000000 0.600593
DS1.d313.s0.i0 1.000000 0.973221
DS1.d310.s0.i0 1.000000 0.277361
DS1.d310.s0.i1 -1.000000 -0.103524
DS1.d310.s0.i2 1.000000 0.333887
DS1.d310.s1.i3 -1.000000 -0.352650
DS1.d310.s1.i2 1.000000 0.266241
DS1.d310.s1.i1 -1.000000 -0.325239
DS1.d310.s1.i0 1.000000 0.270179
DS1.d311.s0.i0 1.000000 0.929815
DS1.d316.s0.i0 1.000000 0.934876
DS1.d316.s0.i1 1.000000 0.863345
DS1.d316.s1.i1 1.000000 0.727109
DS1.d316.s1.i0 1.000000 0.826272
DS1.d316.s2.i0 1.000000 0.895603
DS1.d316.s2.i1 1.000000 0.895603
DS1.d317.s0.i11 1.000000 0.892233
DS1.d317.s0.i10 1.000000 0.833394
DS1.d317.s0.i7 1.000000 1.114945
DS1.d317.s0.i6 1.000000 1.038875
DS1.d317.s0.i5 1.000000 0.981157
DS1.d317.s0.i4 1.000000 0.777885
DS1.d317.s0.i3 1.000000 0.899558
DS1.d317.s0.i2 1.000000 1.014184
DS1.d317.s0.i1 1.000000 0.922250
DS1.d317.s0.i0 1.000000 0.781503
DS1.d317.s0.i9 1.000000 0.949109
DS1.d317.s0.i8 1.000000 0.896709
DS1.d314.s0.i0 1.000000 0.152021
DS1.d314.s0.i1 -1.000000 -0.322459
DS1.d315.s0.i1 1.000000 0.772732
DS1.d315.s0.i0 1.000000 0.847809
DS1.d315.s0.i3 1.000000 0.801214
DS1.d315.s0.i2 1.000000 0.829324
DS1.d723.s0.i0 1.000000 0.860837
DS1.d722.s0.i1 -1.000000 -0.839963
DS1.d722.s0.i0 -1.000000 -0.604760
DS1.d488.s0.i14 -1.000000 -0.836149
DS1.d488.s0.i12 -1.000000 -0.822342
DS1.d488.s0.i13 -1.000000 -0.907776
DS1.d488.s0.i10 -1.000000 -0.824808
DS1.d488.s0.i11 -1.000000 -0.849027
DS1.d488.s0.i8 -1.000000 -0.789143
DS1.d488.s0.i9 1.000000 -0.055489
DS1.d488.s0.i4 -1.000000 -0.780826
DS1.d488.s0.i5 1.000000 -0.036546
DS1.d488.s0.i6 -1.000000 -0.668371
DS1.d488.s0.i7 -1.000000 -0.628904
DS1.d488.s0.i0 -1.000000 -0.721747
DS1.d488.s0.i1 -1.000000 -0.203854
DS1.d488.s0.i2 1.000000 -0.080020
DS1.d488.s0.i3 -1.000000 -0.177742
DS1.d489.s0.i1 1.000000 0.620759
DS1.d489.s0.i0 1.000000 0.817833
DS1.d727.s0.i0 1.000000 0.503628
DS1.d726.s0.i0 1.000000 0.706454
DS1.d797.s1.i0 1.000000 0.925676
DS1.d797.s1.i1 1.000000 0.830523
DS1.d797.s1.i2 1.000000 0.838030
DS1.d797.s0.i0 1.000000 0.721095
DS1.d482.s0.i2 -1.000000 -0.731721
DS1.d482.s0.i0 -1.000000 -0.767968
DS1.d482.s0.i1 -1.000000 -0.774728
DS1.d483.s1.i0 1.000000 0.638225
DS1.d483.s0.i0 -1.000000 0.043152
DS1.d480.s0.i0 -1.000000 -0.172168
DS1.d481.s0.i1 1.000000 0.678149
DS1.d481.s0.i0 1.000000 0.763371
DS1.d794.s0.i0 1.000000 0.768601
DS1.d794.s0.i1 1.000000 0.772675
DS1.d484.s0.i0 1.000000 0.913205
DS1.d484.s0.i1 1.000000 0.903030
DS1.d484.s1.i1 1.000000 0.308115
DS1.d484.s1.i0 -1.000000 -0.156287
DS1.d485.s0.i1 1.000000 0.686331
DS1.d485.s0.i0 1.000000 0.711914
DS1.d795.s0.i0 1.000000 0.739930
DS1.d792.s0.i0 1.000000 0.172543
DS1.d792.s0.i1 -1.000000 -0.149341
DS1.d581.s2.i0 1.000000 0.805947
DS1.d581.s2.i1 1.000000 0.928855
DS1.d581.s0.i0 -1.000000 -0.225215
DS1.d581.s0.i1 -1.000000 -0.279254
DS1.d581.s0.i2 1.000000 -0.023441
DS1.d581.s1.i2 -1.000000 -0.847334
DS1.d581.s1.i1 -1.000000 -0.368117
DS1.d581.s1.i0 -1.000000 -0.943276
DS1.d370.s0.i0 1.000000 0.714116
DS1.d580.s0.i1 1.000000 0.727239
DS1.d580.s0.i0 1.000000 0.652399
DS1.d790.s0.i0 -1.000000 -0.702172
DS1.d790.s0.i1 -1.000000 -0.610347
DS1.d69.s0.i0 1.000000 0.796452
DS1.d69.s0.i1 1.000000 0.693852
DS1.d68.s0.i0 1.000000 0.794977
DS1.d67.s0.i0 -1.000000 0.154086
DS1.d67.s0.i1 -1.000000 0.073620
DS1.d66.s0.i3 1.000000 0.664979
DS1.d66.s0.i2 1.000000 0.984364
DS1.d66.s0.i1 1.000000 0.627847
DS1.d66.s0.i0 1.000000 0.944670
DS1.d65.s0.i0 -1.000000 -0.382488
DS1.d64.s0.i0 -1.000000 -0.533626
DS1.d63.s0.i0 1.000000 0.990551
DS1.d63.s0.i1 1.000000 0.932292
DS1.d62.s0.i0 -1.000000 -0.104995
DS1.d60.s0.i0 1.000000 0.865437
DS1.d547.s0.i0 -1.000000 -0.793774
DS1.d547.s0.i1 -1.000000 -0.866564
DS1.d547.s1.i1 1.000000 0.776383
DS1.d547.s1.i0 1.000000 0.805081
DS1.d547.s1.i3 1.000000 1.186814
DS1.d547.s1.i2 1.000000 0.776383
DS1.d546.s0.i1 1.000000 0.872390
DS1.d546.s0.i0 1.000000 0.765084
DS1.d545.s0.i0 1.000000 0.931159
DS1.d545.s1.i0 1.000000 0.898538
DS1.d544.s0.i1 -1.000000 -0.897585
DS1.d544.s0.i0 -1.000000 -0.928693
DS1.d544.s0.i3 -1.000000 -0.734258
DS1.d544.s0.i2 -1.000000 -0.761499
DS1.d543.s0.i2 -1.000000 0.154117
DS1.d543.s0.i0 1.000000 0.360843
DS1.d543.s0.i1 1.000000 0.295039
DS1.d542.s1.i0 -1.000000 -0.395446
DS1.d542.s0.i1 -1.000000 -0.176572
DS1.d542.s0.i0 1.000000 0.436421
DS1.d268.s0.i0 1.000000 0.751063
DS1.d268.s0.i1 1.000000 0.746169
DS1.d269.s1.i2 -1.000000 -0.277116
DS1.d269.s1.i0 1.000000 0.387845
DS1.d269.s1.i1 1.000000 0.189574
DS1.d269.s0.i0 1.000000 0.945116
DS1.d269.s2.i3 -1.000000 -0.850486
DS1.d269.s2.i2 1.000000 0.344284
DS1.d269.s2.i1 -1.000000 -0.806940
DS1.d269.s2.i0 -1.000000 -0.654506
DS1.d269.s2.i7 -1.000000 -0.713680
DS1.d269.s2.i6 -1.000000 -0.748319
DS1.d269.s2.i5 -1.000000 -0.487125
DS1.d269.s2.i4 1.000000 0.256672
DS1.d266.s0.i0 1.000000 0.190970
DS1.d267.s0.i0 1.000000 0.860758
DS1.d264.s0.i0 1.000000 0.457239
DS1.d264.s0.i1 1.000000 0.948206
DS1.d264.s1.i0 1.000000 0.642560
DS1.d265.s1.i2 1.000000 0.993099
DS1.d265.s1.i3 1.000000 0.983538
DS1.d265.s1.i0 1.000000 0.848279
DS1.d265.s1.i1 1.000000 1.039279
DS1.d265.s0.i1 -1.000000 -0.399911
DS1.d265.s0.i0 1.000000 0.819298
DS1.d262.s0.i0 -1.000000 -0.422867
DS1.d263.s1.i0 1.000000 1.374158
DS1.d263.s0.i7 1.000000 0.209338
DS1.d263.s0.i6 -1.000000 -0.133125
DS1.d263.s0.i5 -1.000000 -0.125545
DS1.d263.s0.i4 -1.000000 -0.167529
DS1.d263.s0.i3 1.000000 0.236156
DS1.d263.s0.i2 1.000000 0.212080
DS1.d263.s0.i1 -1.000000 -0.168116
DS1.d263.s0.i0 1.000000 0.196652
DS1.d263.s0.i10 1.000000 0.198562
DS1.d263.s0.i9 1.000000 0.241951
DS1.d263.s0.i8 -1.000000 -0.180429
DS1.d263.s0.i13 1.000000 0.198445
DS1.d263.s0.i11 -1.000000 -0.170354
DS1.d263.s0.i12 -1.000000 -0.186703
DS1.d260.s0.i0 1.000000 0.326206
DS1.d260.s0.i1 1.000000 0.391146
DS1.d260.s0.i2 -1.000000 0.174790
DS1.d260.s1.i1 1.000000 0.161968
DS1.d260.s1.i0 -1.000000 0.161968
DS1.d261.s0.i0 1.000000 1.005042
DS1.d588.s0.i0 1.000000 1.007967
DS1.d404.s0.i0 1.000000 0.984957
DS1.d404.s0.i1 1.000000 1.007355
DS1.d404.s0.i2 1.000000 0.693095
DS1.d404.s0.i3 1.000000 0.665685
DS1.d55.s0.i0 1.000000 0.718562
DS1.d613.s0.i0 1.000000 1.079800
DS1.d612.s0.i1 -1.000000 -0.096248
DS1.d612.s0.i0 1.000000 0.156645
DS1.d446.s0.i2 1.000000 0.841928
DS1.d446.s0.i3 1.000000 0.944016
DS1.d446.s0.i0 1.000000 0.821979
DS1.d446.s0.i1 1.000000 0.986478
DS1.d446.s1.i0 1.000000 0.786186
DS1.d611.s0.i0 1.000000 0.956522
DS1.d610.s0.i0 1.000000 0.800712
DS1.d617.s0.i0 1.000000 0.876410
DS1.d617.s1.i9 -1.000000 -0.974730
DS1.d617.s1.i8 -1.000000 -1.014206
DS1.d617.s1.i1 -1.000000 -0.772931
DS1.d617.s1.i0 -1.000000 -0.860625
DS1.d617.s1.i3 -1.000000 -0.939440
DS1.d617.s1.i2 -1.000000 -0.880465
DS1.d617.s1.i5 -1.000000 -0.869229
DS1.d617.s1.i4 -1.000000 -0.943183
DS1.d617.s1.i7 -1.000000 -0.897894
DS1.d617.s1.i6 -1.000000 -0.964822
DS1.d616.s2.i1 1.000000 0.899262
DS1.d616.s2.i0 1.000000 0.887293
DS1.d616.s1.i0 1.000000 0.737727
DS1.d616.s1.i1 1.000000 0.667159
DS1.d616.s0.i9 -1.000000 0.129586
DS1.d616.s0.i8 1.000000 0.621651
DS1.d616.s0.i7 1.000000 0.503048
DS1.d616.s0.i6 1.000000 0.629315
DS1.d616.s0.i5 1.000000 0.532343
DS1.d616.s0.i4 1.000000 0.513216
DS1.d616.s0.i3 1.000000 0.519444
DS1.d616.s0.i2 1.000000 0.627710
DS1.d616.s0.i1 -1.000000 0.161629
DS1.d616.s0.i0 1.000000 0.506063
DS1.d616.s0.i19 1.000000 0.639806
DS1.d616.s0.i18 1.000000 0.412030
DS1.d616.s0.i17 1.000000 0.553273
DS1.d616.s0.i16 -1.000000 -0.002288
DS1.d616.s0.i15 1.000000 0.610522
DS1.d616.s0.i14 -1.000000 0.127670
DS1.d616.s0.i13 1.000000 0.576626
DS1.d616.s0.i12 1.000000 0.576200
DS1.d616.s0.i11 1.000000 0.661510
DS1.d616.s0.i10 -1.000000 0.087275
DS1.d615.s0.i0 1.000000 0.972321
DS1.d169.s0.i0 1.000000 1.078211
DS1.d169.s0.i1 1.000000 1.014406
DS1.d169.s1.i5 1.000000 0.885084
DS1.d169.s1.i4 1.000000 0.911440
DS1.d169.s1.i1 1.000000 0.844176
DS1.d169.s1.i0 1.000000 0.894023
DS1.d169.s1.i3 1.000000 0.952291
DS1.d169.s1.i2 1.000000 0.922736
DS1.d168.s0.i0 1.000000 0.888541
DS1.d161.s0.i2 1.000000 0.845763
DS1.d161.s0.i3 1.000000 0.819537
DS1.d161.s0.i0 1.000000 0.817907
DS1.d161.s0.i1 1.000000 0.906831
DS1.d161.s0.i4 1.000000 0.897129
DS1.d161.s0.i5 1.000000 0.835128
DS1.d160.s0.i3 -1.000000 -0.916220
DS1.d160.s0.i2 -1.000000 -0.836324
DS1.d160.s0.i1 -1.000000 -0.896695
DS1.d160.s0.i0 -1.000000 -0.883940
DS1.d160.s0.i5 -1.000000 -0.844610
DS1.d160.s0.i4 -1.000000 -0.949895
DS1.d162.s1.i0 1.000000 0.626078
DS1.d162.s0.i0 1.000000 0.349394
DS1.d165.s4.i0 1.000000 0.731648
DS1.d165.s4.i1 1.000000 0.816467
DS1.d165.s5.i1 1.000000 0.140218
DS1.d165.s5.i0 -1.000000 -0.281053
DS1.d165.s5.i3 1.000000 0.313051
DS1.d165.s5.i2 -1.000000 -0.124600
DS1.d165.s6.i4 1.000000 1.027136
DS1.d165.s6.i5 1.000000 0.940286
DS1.d165.s6.i0 1.000000 0.997842
DS1.d165.s6.i1 1.000000 0.906997
DS1.d165.s6.i2 1.000000 0.900470
DS1.d165.s6.i3 1.000000 0.937700
DS1.d165.s0.i4 1.000000 0.170826
DS1.d165.s0.i5 1.000000 0.519859
DS1.d165.s0.i2 -1.000000 -0.711181
DS1.d165.s0.i3 -1.000000 -0.587164
DS1.d165.s0.i0 -1.000000 -0.552937
DS1.d165.s0.i1 -1.000000 -0.400403
DS1.d165.s1.i1 1.000000 0.855312
DS1.d165.s1.i0 1.000000 0.767275
DS1.d165.s1.i3 1.000000 0.950858
DS1.d165.s1.i2 1.000000 0.855706
DS1.d165.s1.i5 1.000000 0.943200
DS1.d165.s1.i4 1.000000 1.040817
DS1.d165.s2.i0 1.000000 0.861405
DS1.d165.s2.i1 1.000000 0.887584
DS1.d165.s2.i2 1.000000 0.918813
DS1.d165.s2.i3 1.000000 0.878780
DS1.d165.s3.i2 -1.000000 -0.805415
DS1.d165.s3.i1 -1.000000 -0.580454
DS1.d165.s3.i0 -1.000000 -0.743245
DS1.d164.s0.i2 -1.000000 -0.834862
DS1.d164.s0.i1 -1.000000 -0.731022
DS1.d164.s0.i0 -1.000000 -0.561450
DS1.d167.s0.i0 1.000000 0.834941
DS1.d166.s0.i0 1.000000 0.800260
DS1.d645.s0.i0 1.000000 0.835183
DS1.d646.s0.i4 1.000000 0.829519
DS1.d646.s0.i5 1.000000 0.911793
DS1.d646.s0.i0 1.000000 0.899899
DS1.d646.s0.i1 1.000000 0.907045
DS1.d646.s0.i2 1.000000 0.886494
DS1.d646.s0.i3 1.000000 0.925078
DS1.d647.s0.i0 -1.000000 -0.300206
DS1.d640.s0.i0 -1.000000 -0.358178
DS1.d642.s0.i0 -1.000000 -0.463160
DS1.d299.s0.i0 -1.000000 -0.589462
DS1.d299.s0.i1 -1.000000 -0.574041
DS1.d298.s0.i0 1.000000 0.564077
DS1.d297.s0.i0 1.000000 0.971585
DS1.d296.s0.i0 1.000000 0.834352
DS1.d295.s0.i0 1.000000 0.825544
DS1.d295.s1.i0 -1.000000 -0.588659
DS1.d294.s0.i1 1.000000 1.016400
DS1.d294.s0.i0 1.000000 0.971046
DS1.d294.s0.i2 1.000000 1.066609
DS1.d293.s0.i0 1.000000 0.522308
DS1.d293.s0.i1 1.000000 1.092671
DS1.d292.s0.i3 -1.000000 -0.723598
DS1.d292.s0.i2 -1.000000 -1.098493
DS1.d292.s0.i1 -1.000000 -0.845090
DS1.d292.s0.i0 -1.000000 -1.039289
DS1.d291.s0.i0 -1.000000 -0.519698
DS1.d290.s0.i1 1.000000 0.844916
DS1.d290.s0.i0 1.000000 0.671526
DS1.d769.s0.i0 1.000000 0.570586
DS1.d768.s0.i1 1.000000 0.793842
DS1.d768.s0.i0 1.000000 0.679838
DS1.d767.s0.i0 1.000000 0.697875
DS1.d766.s0.i3 -1.000000 -0.361058
DS1.d766.s0.i2 -1.000000 -0.806048
DS1.d766.s0.i1 -1.000000 -0.590519
DS1.d766.s0.i0 -1.000000 -1.127999
DS1.d765.s0.i0 -1.000000 -0.626898
DS1.d765.s0.i1 -1.000000 -0.766269
DS1.d765.s0.i2 -1.000000 -0.574332
DS1.d765.s0.i3 -1.000000 -0.810584
DS1.d765.s1.i3 -1.000000 -0.880941
DS1.d765.s1.i2 -1.000000 -0.731129
DS1.d765.s1.i1 -1.000000 -0.880941
DS1.d765.s1.i0 -1.000000 -0.731129
DS1.d764.s0.i5 -1.000000 -0.756576
DS1.d764.s0.i4 -1.000000 -0.699734
DS1.d764.s0.i1 -1.000000 -0.904904
DS1.d764.s0.i0 -1.000000 -1.046440
DS1.d764.s0.i3 -1.000000 -0.799019
DS1.d764.s0.i2 -1.000000 -0.867428
DS1.d763.s0.i0 -1.000000 -0.254129
DS1.d763.s0.i1 1.000000 0.751943
DS1.d763.s1.i1 1.000000 0.611925
DS1.d763.s1.i0 1.000000 0.851805
DS1.d763.s2.i0 1.000000 0.688732
DS1.d762.s3.i2 1.000000 0.323091
DS1.d762.s3.i3 -1.000000 -0.017144
DS1.d762.s3.i0 1.000000 0.184792
DS1.d762.s3.i1 1.000000 0.324428
DS1.d762.s3.i6 -1.000000 -0.442567
DS1.d762.s3.i7 -1.000000 -0.022193
DS1.d762.s3.i4 1.000000 0.214811
DS1.d762.s3.i5 -1.000000 -0.454530
DS1.d762.s2.i1 1.000000 0.589055
DS1.d762.s2.i0 1.000000 0.748635
DS1.d762.s1.i0 1.000000 0.734861
DS1.d762.s0.i1 1.000000 0.655062
DS1.d762.s0.i0 1.000000 0.838541
DS1.d762.s4.i3 1.000000 0.994874
DS1.d762.s4.i2 1.000000 0.833127
DS1.d762.s4.i1 1.000000 0.949480
DS1.d762.s4.i0 1.000000 0.826780
DS1.d761.s0.i0 -1.000000 -0.848900
DS1.d761.s0.i1 -1.000000 -0.809679
DS1.d761.s0.i2 -1.000000 -0.874864
DS1.d760.s1.i0 1.000000 0.752285
DS1.d760.s0.i0 -1.000000 0.218753
DS1.d194.s0.i0 1.000000 1.099366
DS1.d194.s0.i1 1.000000 0.677471
DS1.d447.s0.i0 1.000000 0.836757
DS1.d196.s0.i0 1.000000 0.701082
DS1.d196.s0.i1 1.000000 1.067589
DS1.d196.s0.i2 1.000000 1.052905
DS1.d196.s0.i3 1.000000 0.981451
DS1.d196.s1.i0 -1.000000 -0.304420
DS1.d197.s0.i1 1.000000 0.823881
DS1.d197.s0.i0 1.000000 1.064865
DS1.d442.s0.i0 -1.000000 0.396168
DS1.d191.s0.i0 -1.000000 -0.653135
DS1.d192.s0.i0 1.000000 0.615388
DS1.d193.s1.i0 1.000000 0.750474
DS1.d193.s0.i0 1.000000 0.714287
DS1.d198.s0.i0 1.000000 0.810640
DS1.d198.s0.i1 1.000000 0.871003
DS1.d198.s1.i1 -1.000000 -0.809986
DS1.d198.s1.i0 -1.000000 -0.807932
DS1.d198.s1.i3 -1.000000 -0.824243
DS1.d198.s1.i2 -1.000000 -0.758237
DS1.d199.s0.i1 1.000000 0.843152
DS1.d199.s0.i0 1.000000 0.673481
DS1.d448.s2.i0 1.000000 0.189646
DS1.d448.s2.i1 1.000000 0.182799
DS1.d448.s3.i1 1.000000 0.667274
DS1.d448.s3.i0 1.000000 1.132879
DS1.d448.s0.i0 1.000000 0.923547
DS1.d448.s0.i1 1.000000 0.888627
DS1.d448.s1.i3 1.000000 1.045780
DS1.d448.s1.i2 1.000000 1.033827
DS1.d448.s1.i1 1.000000 1.091671
DS1.d448.s1.i0 1.000000 1.079407
DS1.d449.s0.i0 1.000000 0.779111
DS1.d22.s1.i0 1.000000 0.710904
DS1.d22.s0.i2 1.000000 0.911027
DS1.d22.s0.i1 1.000000 0.961003
DS1.d22.s0.i0 1.000000 0.863277
DS1.d21.s0.i0 1.000000 0.554438
DS1.d20.s0.i1 -1.000000 -0.917124
DS1.d20.s0.i0 -1.000000 -0.459087
DS1.d27.s0.i2 1.000000 0.780126
DS1.d27.s0.i0 1.000000 0.739145
DS1.d27.s0.i1 1.000000 0.823828
DS1.d27.s1.i1 1.000000 0.776379
DS1.d27.s1.i0 1.000000 0.838167
DS1.d27.s2.i0 1.000000 0.517754
DS1.d26.s0.i5 -1.000000 -0.856355
DS1.d26.s0.i4 -1.000000 -0.955333
DS1.d26.s0.i3 -1.000000 -0.912718
DS1.d26.s0.i2 -1.000000 -0.798038
DS1.d26.s0.i1 -1.000000 -0.989370
DS1.d26.s0.i0 -1.000000 -0.841881
DS1.d25.s0.i0 1.000000 0.815168
DS1.d25.s1.i0 -1.000000 -0.223726
DS1.d24.s1.i0 1.000000 0.812159
DS1.d24.s0.i0 -1.000000 -0.679508
DS1.d29.s0.i10 -1.000000 -0.932298
DS1.d29.s0.i11 -1.000000 -0.961965
DS1.d29.s0.i8 -1.000000 -1.007267
DS1.d29.s0.i9 -1.000000 -0.958329
DS1.d29.s0.i4 -1.000000 -0.894466
DS1.d29.s0.i5 -1.000000 -0.829373
DS1.d29.s0.i6 -1.000000 -0.974091
DS1.d29.s0.i7 -1.000000 -1.097502
DS1.d29.s0.i0 -1.000000 -1.049308
DS1.d29.s0.i1 -1.000000 -0.923209
DS1.d29.s0.i2 -1.000000 -1.081254
DS1.d29.s0.i3 -1.000000 -1.001666
DS1.d28.s1.i0 1.000000 1.050043
DS1.d28.s1.i1 1.000000 1.168604
DS1.d28.s0.i1 1.000000 0.967596
DS1.d28.s0.i0 1.000000 0.978655
DS1.d28.s0.i2 1.000000 1.214518
DS1.d671.s0.i2 1.000000 1.165079
DS1.d671.s0.i0 1.000000 1.015981
DS1.d671.s0.i1 1.000000 1.096226
DS1.d729.s0.i0 -1.000000 -0.401205
DS1.d728.s0.i0 1.000000 0.826311
DS1.d670.s0.i1 1.000000 0.893083
DS1.d670.s0.i0 1.000000 0.744494
DS1.d582.s0.i1 1.000000 0.279907
DS1.d582.s0.i0 1.000000 0.219022
DS1.d228.s0.i0 1.000000 0.915996
DS1.d228.s1.i1 1.000000 0.819942
DS1.d228.s1.i0 1.000000 0.724275
DS1.d229.s0.i0 1.000000 0.870258
DS1.d587.s0.i0 1.000000 0.936812
DS1.d585.s0.i0 -1.000000 -0.715919
DS1.d585.s0.i1 -1.000000 -0.682229
DS1.d585.s0.i2 -1.000000 -0.786747
DS1.d584.s0.i0 -1.000000 -0.550982
DS1.d222.s0.i0 1.000000 0.693048
DS1.d223.s1.i0 1.000000 0.263614
DS1.d223.s1.i1 -1.000000 0.137807
DS1.d223.s0.i1 -1.000000 -0.291053
DS1.d223.s0.i0 1.000000 0.337072
DS1.d220.s0.i0 -1.000000 -0.447142
DS1.d220.s0.i1 -1.000000 -0.839690
DS1.d220.s1.i1 1.000000 0.013471
DS1.d220.s1.i0 -1.000000 -0.293987
DS1.d221.s0.i0 1.000000 1.008641
DS1.d226.s0.i0 1.000000 0.716986
DS1.d227.s0.i1 1.000000 0.815485
DS1.d227.s0.i0 1.000000 0.815485
DS1.d224.s0.i0 1.000000 0.745853
DS1.d224.s1.i0 1.000000 0.755906
DS1.d225.s1.i0 1.000000 0.890697
DS1.d225.s0.i0 1.000000 0.845414
DS1.d341.s0.i0 1.000000 1.103087
DS1.d341.s0.i1 1.000000 0.943782
DS1.d341.s1.i1 1.000000 0.656689
DS1.d341.s1.i0 1.000000 0.838896
DS1.d341.s2.i0 1.000000 0.864350
DS1.d341.s2.i1 1.000000 0.632526
DS1.d340.s0.i0 -1.000000 -0.519988
DS1.d343.s0.i0 1.000000 0.888359
DS1.d343.s0.i1 1.000000 0.888359
DS1.d342.s0.i1 -1.000000 -0.079288
DS1.d342.s0.i0 -1.000000 -0.079288
DS1.d345.s0.i0 1.000000 0.768646
DS1.d345.s1.i1 1.000000 0.847451
DS1.d345.s1.i0 1.000000 0.849521
DS1.d345.s2.i0 1.000000 0.831320
DS1.d345.s2.i1 1.000000 0.890079
DS1.d345.s2.i2 1.000000 1.014633
DS1.d345.s2.i3 1.000000 1.053289
DS1.d345.s3.i2 1.000000 1.015095
DS1.d345.s3.i1 1.000000 0.986768
DS1.d345.s3.i0 1.000000 0.861718
DS1.d344.s0.i0 -1.000000 -0.563091
DS1.d347.s0.i0 1.000000 0.885197
DS1.d347.s1.i3 -1.000000 -0.946127
DS1.d347.s1.i2 -1.000000 -0.815892
DS1.d347.s1.i1 -1.000000 -0.963421
DS1.d347.s1.i0 -1.000000 -0.805060
DS1.d347.s1.i5 -1.000000 -0.844234
DS1.d347.s1.i4 -1.000000 -0.998622
DS1.d346.s1.i0 -1.000000 -0.533839
DS1.d346.s1.i1 -1.000000 -0.478425
DS1.d346.s0.i0 1.000000 0.373563
DS1.d349.s0.i0 -1.000000 -0.455889
DS1.d348.s0.i0 -1.000000 -0.435600
DS1.d619.s0.i0 1.000000 0.951622
DS1.d618.s1.i0 1.000000 0.612339
DS1.d618.s0.i1 1.000000 0.926101
DS1.d618.s0.i0 1.000000 0.832259
DS1.d142.s0.i1 1.000000 0.754798
DS1.d142.s0.i0 1.000000 0.913276
DS1.d679.s0.i0 -1.000000 -0.446791
DS1.d538.s0.i0 1.000000 0.993213
DS1.d538.s1.i0 1.000000 0.753252
DS1.d539.s0.i1 -1.000000 -0.417150
DS1.d539.s0.i0 1.000000 0.406467
DS1.d536.s0.i2 1.000000 0.903088
DS1.d536.s0.i3 1.000000 0.909572
DS1.d536.s0.i0 1.000000 1.016685
DS1.d536.s0.i1 1.000000 0.863930
DS1.d536.s1.i1 1.000000 0.396912
DS1.d536.s1.i0 -1.000000 -0.299227
DS1.d537.s0.i2 -1.000000 -0.761432
DS1.d537.s0.i1 -1.000000 -0.805686
DS1.d537.s0.i0 -1.000000 -1.024860
DS1.d534.s2.i0 1.000000 1.046034
DS1.d534.s0.i4 1.000000 0.899467
DS1.d534.s0.i5 1.000000 0.947684
DS1.d534.s0.i0 1.000000 0.965906
DS1.d534.s0.i1 1.000000 0.983715
DS1.d534.s0.i2 1.000000 0.988608
DS1.d534.s0.i3 1.000000 0.932181
DS1.d534.s1.i0 1.000000 0.929523
DS1.d535.s0.i1 -1.000000 -0.567882
DS1.d535.s0.i0 -1.000000 -0.801213
DS1.d532.s0.i0 -1.000000 -0.609628
DS1.d533.s0.i1 1.000000 0.618385
DS1.d533.s0.i0 1.000000 0.834323
DS1.d530.s0.i0 -1.000000 -0.543605
DS1.d476.s0.i1 1.000000 1.067331
DS1.d476.s0.i0 1.000000 1.056486
DS1.d125.s0.i0 1.000000 1.039526
DS1.d125.s0.i1 1.000000 1.078734
DS1.d124.s0.i3 1.000000 0.936609
DS1.d124.s0.i2 1.000000 0.903759
DS1.d124.s0.i1 1.000000 0.984545
DS1.d124.s0.i0 1.000000 0.924727
DS1.d124.s0.i5 1.000000 0.941201
DS1.d124.s0.i4 1.000000 0.895081
DS1.d127.s0.i0 -1.000000 -0.408843
DS1.d126.s0.i0 1.000000 1.050902
DS1.d121.s0.i0 1.000000 0.787456
DS1.d121.s0.i1 -1.000000 -0.366218
DS1.d121.s1.i1 1.000000 0.171499
DS1.d121.s1.i0 -1.000000 -0.181355
DS1.d121.s1.i3 1.000000 0.101372
DS1.d121.s1.i2 -1.000000 -0.224840
DS1.d121.s2.i0 1.000000 0.801230
DS1.d120.s0.i5 -1.000000 -0.814196
DS1.d120.s0.i4 -1.000000 -0.842202
DS1.d120.s0.i3 -1.000000 -0.882025
DS1.d120.s0.i2 -1.000000 -0.774765
DS1.d120.s0.i1 -1.000000 -0.904492
DS1.d120.s0.i0 -1.000000 -0.940296
DS1.d123.s0.i0 -1.000000 -0.639611
DS1.d122.s0.i0 1.000000 0.610332
DS1.d428.s0.i2 1.000000 1.023532
DS1.d428.s0.i3 1.000000 0.654638
DS1.d428.s0.i0 1.000000 0.656202
DS1.d428.s0.i1 1.000000 0.930691
DS1.d428.s1.i1 -1.000000 0.078936
DS1.d428.s1.i0 1.000000 0.198050
DS1.d428.s1.i3 -1.000000 -0.020056
DS1.d428.s1.i2 1.000000 0.343770
DS1.d428.s2.i0 -1.000000 0.146115
DS1.d428.s2.i1 1.000000 0.279332
DS1.d129.s0.i0 1.000000 0.948914
DS1.d128.s0.i0 1.000000 0.183037
DS1.d478.s0.i0 1.000000 1.028039
DS1.d54.s0.i0 -1.000000 -0.552244
DS1.d748.s0.i0 -1.000000 0.262288
DS1.d392.s0.i0 1.000000 0.845064
DS1.d393.s1.i0 -1.000000 -0.708600
DS1.d393.s1.i1 -1.000000 -0.700579
DS1.d393.s1.i2 -1.000000 -0.885648
DS1.d393.s1.i3 -1.000000 -0.901212
DS1.d393.s0.i3 -1.000000 -0.732162
DS1.d393.s0.i2 -1.000000 -0.826402
DS1.d393.s0.i1 -1.000000 -0.823691
DS1.d393.s0.i0 -1.000000 -0.730421
DS1.d391.s0.i1 1.000000 1.001645
DS1.d391.s0.i0 1.000000 0.887341
DS1.d396.s0.i0 -1.000000 -0.162075
DS1.d397.s0.i2 1.000000 -0.247618
DS1.d397.s0.i1 -1.000000 -0.370004
DS1.d397.s0.i0 -1.000000 -0.260757
DS1.d394.s0.i0 1.000000 0.648988
DS1.d394.s0.i1 1.000000 0.959878
DS1.d395.s1.i0 1.000000 0.252411
DS1.d395.s0.i1 1.000000 0.829598
DS1.d395.s0.i0 1.000000 1.138080
DS1.d398.s0.i0 1.000000 0.934748
DS1.d399.s0.i0 1.000000 0.820284
DS1.d150.s0.i0 1.000000 0.919093
DS1.d150.s0.i1 1.000000 0.919093
DS1.d151.s0.i0 -1.000000 0.539073
DS1.d152.s0.i0 1.000000 0.763648
DS1.d152.s0.i1 1.000000 0.568230
DS1.d152.s1.i0 1.000000 0.898375
DS1.d153.s0.i1 -1.000000 -0.683867
DS1.d153.s0.i0 -1.000000 -0.756367
DS1.d154.s0.i0 1.000000 0.668669
DS1.d154.s0.i1 1.000000 0.596233
DS1.d155.s0.i2 1.000000 0.960968
DS1.d155.s0.i1 1.000000 0.918141
DS1.d155.s0.i0 1.000000 0.841596
DS1.d156.s0.i0 -1.000000 -0.689379
DS1.d156.s0.i1 -1.000000 -0.654153
DS1.d405.s4.i1 1.000000 0.867104
DS1.d405.s4.i0 1.000000 0.889095
DS1.d405.s4.i2 1.000000 0.889095
DS1.d405.s1.i2 -1.000000 -0.375770
DS1.d405.s1.i3 1.000000 0.403404
DS1.d405.s1.i0 -1.000000 -0.360020
DS1.d405.s1.i1 1.000000 0.438368
DS1.d405.s0.i1 1.000000 0.951215
DS1.d405.s0.i0 1.000000 0.974270
DS1.d405.s3.i0 1.000000 0.932842
DS1.d405.s3.i1 1.000000 0.834047
DS1.d405.s2.i1 1.000000 1.055603
DS1.d405.s2.i0 1.000000 0.736109
DS1.d158.s0.i0 1.000000 0.772775
DS1.d158.s0.i1 1.000000 0.760533
DS1.d159.s0.i3 -1.000000 -0.980660
DS1.d159.s0.i2 -1.000000 -0.875611
DS1.d159.s0.i1 -1.000000 -0.855921
DS1.d159.s0.i0 -1.000000 -0.906698
DS1.d159.s0.i5 -1.000000 -1.027814
DS1.d159.s0.i4 -1.000000 -0.853949
DS1.d408.s0.i0 1.000000 0.859297
DS1.d408.s0.i1 1.000000 0.825380
DS1.d409.s0.i0 1.000000 0.881797
DS1.d210.s0.i1 1.000000 0.501305
DS1.d210.s0.i0 1.000000 0.608034
DS1.d144.s0.i0 -1.000000 0.216455
DS1.d206.s0.i4 1.000000 0.935387
DS1.d206.s0.i5 1.000000 0.893522
DS1.d206.s0.i6 1.000000 0.890224
DS1.d206.s0.i7 1.000000 0.992352
DS1.d206.s0.i0 1.000000 0.937990
DS1.d206.s0.i1 1.000000 1.007053
DS1.d206.s0.i2 1.000000 0.948637
DS1.d206.s0.i3 1.000000 0.930439
DS1.d781.s0.i0 1.000000 1.037172
DS1.d781.s1.i1 1.000000 0.907595
DS1.d781.s1.i0 1.000000 0.810679
DS1.d143.s0.i2 1.000000 0.842542
DS1.d143.s0.i3 1.000000 0.823532
DS1.d143.s0.i0 1.000000 0.777868
DS1.d143.s0.i1 1.000000 0.733634
DS1.d782.s0.i0 1.000000 0.834720
DS1.d785.s0.i0 1.000000 1.010923
DS1.d785.s0.i1 1.000000 0.607744
DS1.d784.s1.i0 1.000000 0.574277
DS1.d784.s0.i0 1.000000 0.895337
DS1.d787.s0.i0 1.000000 0.989554
DS1.d787.s0.i1 1.000000 0.872636
DS1.d787.s1.i0 1.000000 1.071586
DS1.d786.s1.i0 1.000000 0.767867
DS1.d786.s0.i0 1.000000 0.899943
DS1.d789.s0.i0 1.000000 0.857387
DS1.d789.s0.i1 1.000000 0.857387
DS1.d788.s0.i39 -1.000000 -0.901457
DS1.d788.s0.i38 -1.000000 -0.972324
DS1.d788.s0.i35 -1.000000 -0.898953
DS1.d788.s0.i34 -1.000000 -0.967807
DS1.d788.s0.i37 -1.000000 -0.983084
DS1.d788.s0.i36 -1.000000 -0.892421
DS1.d788.s0.i31 -1.000000 -1.028918
DS1.d788.s0.i30 -1.000000 -1.057756
DS1.d788.s0.i33 -1.000000 -0.993742
DS1.d788.s0.i32 -1.000000 -0.908169
DS1.d788.s0.i13 -1.000000 -0.966628
DS1.d788.s0.i12 -1.000000 -1.029786
DS1.d788.s0.i11 -1.000000 -0.991806
DS1.d788.s0.i10 -1.000000 -0.996231
DS1.d788.s0.i17 -1.000000 -1.010244
DS1.d788.s0.i16 -1.000000 -1.063740
DS1.d788.s0.i15 -1.000000 -1.034720
DS1.d788.s0.i14 -1.000000 -0.993859
DS1.d788.s0.i19 -1.000000 -0.916735
DS1.d788.s0.i18 -1.000000 -1.006258
DS1.d788.s0.i9 -1.000000 -1.035153
DS1.d788.s0.i8 -1.000000 -1.001903
DS1.d788.s0.i3 -1.000000 -1.024425
DS1.d788.s0.i2 -1.000000 -0.980664
DS1.d788.s0.i1 -1.000000 -1.022670
DS1.d788.s0.i0 -1.000000 -1.014097
DS1.d788.s0.i7 -1.000000 -1.004132
DS1.d788.s0.i6 -1.000000 -1.015985
DS1.d788.s0.i5 -1.000000 -0.930631
DS1.d788.s0.i4 -1.000000 -0.995826
DS1.d788.s0.i28 -1.000000 -1.018361
DS1.d788.s0.i29 -1.000000 -1.005865
DS1.d788.s0.i22 -1.000000 -0.928815
DS1.d788.s0.i23 -1.000000 -1.035093
DS1.d788.s0.i20 -1.000000 -0.966776
DS1.d788.s0.i21 -1.000000 -0.975373
DS1.d788.s0.i26 -1.000000 -0.998269
DS1.d788.s0.i27 -1.000000 -0.913791
DS1.d788.s0.i24 -1.000000 -1.007330
DS1.d788.s0.i25 -1.000000 -1.008225
DS1.d141.s2.i0 1.000000 0.580845
DS1.d141.s0.i0 -1.000000 -0.217136
DS1.d141.s1.i1 1.000000 1.079089
DS1.d141.s1.i0 1.000000 0.763697
DS1.d59.s0.i28 -1.000000 -1.016340
DS1.d59.s0.i29 -1.000000 -1.002810
DS1.d59.s0.i24 -1.000000 -1.024223
DS1.d59.s0.i25 -1.000000 -0.904374
DS1.d59.s0.i26 -1.000000 -0.976813
DS1.d59.s0.i27 -1.000000 -0.934723
DS1.d59.s0.i20 -1.000000 -0.975240
DS1.d59.s0.i21 -1.000000 -0.976207
DS1.d59.s0.i22 -1.000000 -1.056529
DS1.d59.s0.i23 -1.000000 -1.114624
DS1.d59.s0.i44 -1.000000 -1.008281
DS1.d59.s0.i42 -1.000000 -0.933291
DS1.d59.s0.i43 -1.000000 -1.003283
DS1.d59.s0.i40 -1.000000 -0.923937
DS1.d59.s0.i41 -1.000000 -1.006096
DS1.d59.s0.i39 -1.000000 -1.035246
DS1.d59.s0.i38 -1.000000 -1.025967
DS1.d59.s0.i33 -1.000000 -1.017201
DS1.d59.s0.i32 -1.000000 -1.044101
DS1.d59.s0.i31 -1.000000 -0.960002
DS1.d59.s0.i30 -1.000000 -1.020683
DS1.d59.s0.i37 -1.000000 -1.089778
DS1.d59.s0.i36 -1.000000 -0.985172
DS1.d59.s0.i35 -1.000000 -1.020482
DS1.d59.s0.i34 -1.000000 -0.920281
DS1.d59.s0.i11 -1.000000 -0.924714
DS1.d59.s0.i10 -1.000000 -0.961846
DS1.d59.s0.i13 -1.000000 -0.975073
DS1.d59.s0.i12 -1.000000 -0.924156
DS1.d59.s0.i15 -1.000000 -0.892879
DS1.d59.s0.i14 -1.000000 -1.034382
DS1.d59.s0.i17 -1.000000 -0.922087
DS1.d59.s0.i16 -1.000000 -0.930453
DS1.d59.s0.i19 -1.000000 -0.908401
DS1.d59.s0.i18 -1.000000 -1.038975
DS1.d59.s0.i9 -1.000000 -0.976529
DS1.d59.s0.i8 -1.000000 -1.071749
DS1.d59.s0.i1 -1.000000 -1.024720
DS1.d59.s0.i0 -1.000000 -0.991985
DS1.d59.s0.i3 -1.000000 -0.921349
DS1.d59.s0.i2 -1.000000 -0.919625
DS1.d59.s0.i5 -1.000000 -0.909901
DS1.d59.s0.i4 -1.000000 -1.030204
DS1.d59.s0.i7 -1.000000 -1.095995
DS1.d59.s0.i6 -1.000000 -1.054364
DS1.d146.s0.i1 1.000000 0.932587
DS1.d146.s0.i0 1.000000 0.987087
DS1.d308.s3.i0 1.000000 1.065562
DS1.d308.s3.i1 1.000000 1.147932
DS1.d308.s2.i0 1.000000 0.778754
DS1.d308.s1.i0 1.000000 0.919156
DS1.d308.s1.i1 1.000000 0.964918
DS1.d308.s1.i2 1.000000 0.874856
DS1.d308.s0.i1 1.000000 0.904726
DS1.d308.s0.i0 1.000000 0.807580
DS1.d308.s5.i0 1.000000 1.035834
DS1.d308.s5.i1 1.000000 1.035834
DS1.d308.s4.i1 1.000000 0.998021
DS1.d308.s4.i0 1.000000 0.998021
DS1.d659.s0.i0 1.000000 0.930252
DS1.d658.s0.i0 1.000000 0.903578
DS1.d305.s0.i2 1.000000 0.908504
DS1.d305.s0.i3 1.000000 0.802319
DS1.d305.s0.i0 1.000000 0.958180
DS1.d305.s0.i1 1.000000 0.756816
DS1.d304.s0.i0 -1.000000 -0.454219
DS1.d307.s0.i0 1.000000 0.919907
DS1.d307.s1.i0 1.000000 0.920326
DS1.d306.s1.i2 1.000000 0.993195
DS1.d306.s1.i3 1.000000 0.987828
DS1.d306.s1.i0 1.000000 0.948968
DS1.d306.s1.i1 1.000000 0.938023
DS1.d306.s1.i4 1.000000 0.928358
DS1.d306.s1.i5 1.000000 0.941668
DS1.d306.s0.i1 -1.000000 -0.331236
DS1.d306.s0.i0 1.000000 0.546244
DS1.d306.s3.i0 1.000000 -0.122167
DS1.d306.s2.i0 -1.000000 -0.404635
DS1.d306.s4.i1 1.000000 0.608420
DS1.d306.s4.i0 1.000000 0.521955
DS1.d301.s0.i0 1.000000 0.799042
DS1.d301.s0.i1 1.000000 0.800828
DS1.d300.s1.i0 -1.000000 -0.487549
DS1.d300.s0.i0 1.000000 0.708650
DS1.d303.s0.i0 1.000000 0.290767
DS1.d303.s0.i1 -1.000000 -0.348196
DS1.d302.s0.i0 1.000000 0.692517
DS1.d717.s0.i0 1.000000 0.937036
DS1.d714.s2.i0 -1.000000 -0.668064
DS1.d714.s0.i0 -1.000000 -0.730118
DS1.d714.s0.i1 -1.000000 -0.745475
DS1.d714.s1.i0 -1.000000 -0.627700
DS1.d715.s0.i0 1.000000 0.893736
DS1.d499.s0.i0 1.000000 0.891294
DS1.d499.s0.i1 1.000000 0.700962
DS1.d498.s0.i1 1.000000 0.830854
DS1.d498.s0.i0 1.000000 0.830854
DS1.d710.s0.i0 -1.000000 0.018454
DS1.d711.s0.i0 -1.000000 0.168456
DS1.d495.s0.i0 1.000000 0.863204
DS1.d494.s0.i1 1.000000 1.141294
DS1.d494.s0.i0 1.000000 1.060854
DS1.d497.s0.i0 1.000000 0.895058
DS1.d497.s1.i1 1.000000 0.698048
DS1.d497.s1.i0 1.000000 0.678232
DS1.d496.s1.i0 1.000000 0.892152
DS1.d496.s0.i1 -1.000000 -0.669612
DS1.d496.s0.i0 -1.000000 -0.645413
DS1.d491.s0.i0 1.000000 0.677070
DS1.d491.s0.i1 1.000000 0.833714
DS1.d491.s1.i0 -1.000000 0.316870
DS1.d718.s2.i2 1.000000 0.747129
DS1.d718.s2.i3 1.000000 0.788672
DS1.d718.s2.i0 1.000000 0.687655
DS1.d718.s2.i1 1.000000 0.895768
DS1.d718.s0.i0 -1.000000 -0.878085
DS1.d718.s0.i1 -1.000000 -0.678776
DS1.d718.s1.i3 -1.000000 -1.058026
DS1.d718.s1.i2 -1.000000 -1.006145
DS1.d718.s1.i1 -1.000000 -1.004290
DS1.d718.s1.i0 -1.000000 -1.048283
DS1.d718.s1.i7 -1.000000 -0.935790
DS1.d718.s1.i6 -1.000000 -0.948399
DS1.d718.s1.i5 -1.000000 -1.046044
DS1.d718.s1.i4 -1.000000 -1.040004
DS1.d718.s1.i9 -1.000000 -1.033025
DS1.d718.s1.i8 -1.000000 -1.030750
DS1.d718.s1.i19 -1.000000 -1.053916
DS1.d718.s1.i18 -1.000000 -0.936483
DS1.d718.s1.i13 -1.000000 -1.027505
DS1.d718.s1.i12 -1.000000 -1.025083
DS1.d718.s1.i11 -1.000000 -1.028162
DS1.d718.s1.i10 -1.000000 -0.923144
DS1.d718.s1.i17 -1.000000 -0.989171
DS1.d718.s1.i16 -1.000000 -0.955075
DS1.d718.s1.i15 -1.000000 -1.001481
DS1.d718.s1.i14 -1.000000 -0.977752
DS1.d492.s1.i2 1.000000 0.879149
DS1.d492.s1.i0 1.000000 0.819148
DS1.d492.s1.i1 1.000000 0.952185
DS1.d492.s0.i1 -1.000000 -0.135036
DS1.d492.s0.i0 1.000000 0.362135
DS1.d492.s3.i0 -1.000000 -0.663878
DS1.d492.s2.i0 1.000000 0.935616
DS1.d358.s0.i0 1.000000 0.804765
DS1.d358.s1.i0 1.000000 0.549692
DS1.d78.s0.i0 -1.000000 -0.029463
DS1.d78.s1.i0 -1.000000 0.279522
DS1.d75.s0.i0 -1.000000 -0.674520
DS1.d76.s0.i0 1.000000 0.781333
DS1.d76.s0.i1 1.000000 0.843840
DS1.d76.s0.i2 1.000000 0.783858
DS1.d76.s0.i3 1.000000 0.799913
DS1.d76.s1.i3 1.000000 0.667426
DS1.d76.s1.i2 1.000000 0.985847
DS1.d76.s1.i1 1.000000 0.626371
DS1.d76.s1.i0 1.000000 1.051270
DS1.d77.s0.i1 -1.000000 0.130106
DS1.d77.s0.i0 1.000000 0.215635
DS1.d70.s0.i0 1.000000 0.688685
DS1.d70.s0.i1 1.000000 0.800827
DS1.d70.s1.i1 1.000000 0.813237
DS1.d70.s1.i0 1.000000 1.043931
DS1.d70.s1.i3 1.000000 1.014230
DS1.d70.s1.i2 1.000000 0.787892
DS1.d71.s0.i0 1.000000 0.747016
DS1.d72.s0.i0 -1.000000 -0.715825
DS1.d72.s0.i1 -1.000000 -0.692147
DS1.d73.s0.i1 -1.000000 -0.835007
DS1.d73.s0.i0 -1.000000 -0.724271
DS1.d578.s0.i0 1.000000 1.029596
DS1.d578.s0.i1 1.000000 0.933121
DS1.d578.s0.i2 1.000000 0.894026
DS1.d579.s0.i1 -1.000000 -0.701090
DS1.d579.s0.i0 -1.000000 -0.779726
DS1.d579.s0.i3 -1.000000 -0.756511
DS1.d579.s0.i2 -1.000000 -0.812277
DS1.d572.s0.i0 -1.000000 -0.549342
DS1.d572.s0.i1 -1.000000 -0.682518
DS1.d573.s0.i3 1.000000 0.879244
DS1.d573.s0.i2 1.000000 1.029362
DS1.d573.s0.i1 1.000000 0.887562
DS1.d573.s0.i0 1.000000 1.007328
DS1.d570.s2.i0 1.000000 0.985417
DS1.d570.s3.i0 1.000000 0.991056
DS1.d570.s0.i0 1.000000 0.937165
DS1.d570.s1.i0 1.000000 0.736448
DS1.d571.s0.i0 -1.000000 -0.810295
DS1.d576.s0.i2 1.000000 0.618132
DS1.d576.s0.i0 1.000000 0.675440
DS1.d576.s0.i1 -1.000000 -0.424294
DS1.d576.s1.i1 1.000000 0.194314
DS1.d576.s1.i0 -1.000000 0.215533
DS1.d576.s2.i0 1.000000 0.671114
DS1.d576.s2.i1 1.000000 0.820803
DS1.d577.s0.i2 -1.000000 -0.802663
DS1.d577.s0.i1 -1.000000 -0.793586
DS1.d577.s0.i0 -1.000000 -0.761273
DS1.d575.s1.i0 1.000000 0.711862
DS1.d575.s1.i1 1.000000 0.862226
DS1.d575.s0.i0 1.000000 0.871315
DS1.d575.s2.i0 -1.000000 -0.433505
DS1.d271.s0.i0 1.000000 0.542162
DS1.d271.s1.i0 1.000000 0.357860
DS1.d271.s2.i0 -1.000000 0.139615
DS1.d379.s0.i1 -1.000000 -0.877254
DS1.d379.s0.i0 -1.000000 -0.742495
DS1.d273.s0.i0 1.000000 1.176262
DS1.d273.s1.i1 1.000000 0.821677
DS1.d273.s1.i0 1.000000 0.416060
DS1.d272.s1.i2 1.000000 0.715393
DS1.d272.s1.i0 1.000000 0.700383
DS1.d272.s1.i1 1.000000 0.863892
DS1.d272.s0.i1 1.000000 0.957847
DS1.d272.s0.i0 1.000000 0.825218
DS1.d272.s0.i2 1.000000 0.832035
DS1.d272.s3.i0 1.000000 0.725891
DS1.d272.s2.i0 1.000000 0.872338
DS1.d272.s4.i0 -1.000000 -0.115906
DS1.d275.s0.i0 1.000000 0.035374
DS1.d275.s0.i1 -1.000000 -0.110015
DS1.d274.s0.i0 1.000000 0.695863
DS1.d277.s0.i0 1.000000 0.724749
DS1.d276.s0.i1 -1.000000 -0.643308
DS1.d276.s0.i0 -1.000000 -0.653047
DS1.d276.s0.i2 -1.000000 -0.699260
DS1.d279.s0.i0 1.000000 0.868782
DS1.d279.s1.i1 -1.000000 -0.240473
DS1.d279.s1.i0 1.000000 0.361870
DS1.d279.s2.i0 1.000000 0.614030
DS1.d279.s2.i1 -1.000000 0.043642
DS1.d279.s3.i1 -1.000000 -0.513080
DS1.d279.s3.i0 1.000000 0.753395
DS1.d279.s4.i0 1.000000 0.820081
DS1.d279.s5.i0 1.000000 0.685880
DS1.d279.s6.i0 -1.000000 -0.866264
DS1.d279.s6.i1 -1.000000 -0.866264
DS1.d279.s6.i2 -1.000000 -0.958759
DS1.d279.s7.i2 -1.000000 -0.300851
DS1.d279.s7.i1 -1.000000 -0.430152
DS1.d279.s7.i0 1.000000 0.178875
DS1.d279.s8.i0 -1.000000 -0.705852
DS1.d279.s8.i1 -1.000000 -0.861129
DS1.d279.s9.i1 1.000000 0.480598
DS1.d279.s9.i0 1.000000 1.087750
DS1.d278.s0.i3 1.000000 0.976344
DS1.d278.s0.i2 1.000000 0.919450
DS1.d278.s0.i1 1.000000 0.919450
DS1.d278.s0.i0 1.000000 0.976344
DS1.d372.s0.i0 1.000000 0.786366
DS1.d372.s0.i1 1.000000 0.889701
DS1.d372.s1.i3 -1.000000 -0.202263
DS1.d372.s1.i2 1.000000 0.284058
DS1.d372.s1.i1 -1.000000 -0.169972
DS1.d372.s1.i0 1.000000 0.302439
DS1.d373.s0.i0 -1.000000 -0.381225
DS1.d374.s0.i0 1.000000 0.543090
DS1.d374.s1.i1 1.000000 1.139102
DS1.d374.s1.i0 1.000000 1.169406
DS1.d375.s3.i2 1.000000 0.728361
DS1.d375.s3.i3 1.000000 1.212592
DS1.d375.s3.i0 1.000000 1.212592
DS1.d375.s3.i1 1.000000 0.728361
DS1.d375.s2.i0 1.000000 1.083699
DS1.d375.s1.i0 1.000000 0.964594
DS1.d375.s0.i2 1.000000 1.105210
DS1.d375.s0.i1 1.000000 1.000928
DS1.d375.s0.i0 1.000000 1.104443
DS1.d375.s5.i0 1.000000 0.906415
DS1.d375.s5.i1 1.000000 1.005957
DS1.d375.s5.i2 1.000000 0.977180
DS1.d375.s5.i3 1.000000 0.783490
DS1.d375.s4.i1 1.000000 0.837206
DS1.d375.s4.i0 1.000000 1.074977
DS1.d376.s0.i0 -1.000000 0.094434
DS1.d376.s0.i1 1.000000 0.610009
DS1.d376.s1.i2 -1.000000 -0.863585
DS1.d376.s1.i1 -1.000000 -0.596142
DS1.d376.s1.i0 -1.000000 -0.875364
DS1.d377.s1.i0 1.000000 0.706636
DS1.d377.s1.i1 1.000000 0.730763
DS1.d377.s0.i1 1.000000 1.078132
DS1.d377.s0.i0 1.000000 0.842900
DS1.d377.s0.i2 1.000000 0.842232
DS1.d258.s0.i0 1.000000 0.307679
DS1.d541.s0.i0 -1.000000 -0.336506
DS1.d541.s1.i0 -1.000000 -0.846849
DS1.d540.s1.i0 -1.000000 -0.497148
DS1.d540.s0.i0 1.000000 0.979587
DS1.d528.s0.i1 1.000000 0.777294
DS1.d528.s0.i0 1.000000 0.787754
DS1.d549.s2.i0 1.000000 0.928547
DS1.d549.s2.i1 1.000000 0.994101
DS1.d549.s3.i1 1.000000 -0.021170
DS1.d549.s3.i0 -1.000000 -0.665390
DS1.d549.s3.i2 -1.000000 -0.247814
DS1.d549.s0.i0 -1.000000 -0.801880
DS1.d549.s0.i1 -1.000000 -0.836862
DS1.d549.s0.i2 -1.000000 -0.827002
DS1.d549.s1.i1 -1.000000 -0.508804
DS1.d549.s1.i0 1.000000 0.099918
DS1.d219.s0.i0 1.000000 0.554105
DS1.d219.s0.i1 1.000000 0.228544
DS1.d219.s1.i2 -1.000000 -0.838328
DS1.d219.s1.i1 -1.000000 -0.788065
DS1.d219.s1.i0 -1.000000 -0.744584
DS1.d118.s0.i0 1.000000 0.213968
DS1.d118.s1.i0 1.000000 0.591323
DS1.d118.s2.i0 1.000000 1.201535
DS1.d119.s0.i2 -1.000000 -0.780040
DS1.d119.s0.i1 -1.000000 -0.839294
DS1.d119.s0.i0 -1.000000 -0.777139
DS1.d114.s0.i0 1.000000 0.771016
DS1.d116.s0.i0 1.000000 0.899423
DS1.d116.s0.i1 1.000000 0.905837
DS1.d116.s0.i2 1.000000 0.946234
DS1.d117.s1.i0 1.000000 0.109538
DS1.d117.s1.i1 -1.000000 -0.161420
DS1.d117.s0.i0 1.000000 0.680299
DS1.d117.s3.i0 1.000000 0.762576
DS1.d117.s3.i1 1.000000 0.942640
DS1.d117.s3.i2 1.000000 0.931763
DS1.d117.s3.i3 1.000000 0.982874
DS1.d117.s2.i3 -1.000000 0.174321
DS1.d117.s2.i2 -1.000000 0.129518
DS1.d117.s2.i1 1.000000 -0.350516
DS1.d117.s2.i0 1.000000 -0.121335
DS1.d110.s0.i0 1.000000 0.914931
DS1.d111.s0.i5 1.000000 0.608004
DS1.d111.s0.i4 -1.000000 0.104732
DS1.d111.s0.i3 1.000000 0.443223
DS1.d111.s0.i2 1.000000 0.650902
DS1.d111.s0.i1 -1.000000 -0.363020
DS1.d111.s0.i0 1.000000 0.477194
DS1.d112.s0.i0 -1.000000 -0.591193
DS1.d113.s0.i1 -1.000000 -0.632250
DS1.d113.s0.i0 -1.000000 -0.632250
DS1.d217.s0.i0 -1.000000 0.293776
DS1.d217.s1.i1 -1.000000 -0.548035
DS1.d217.s1.i0 -1.000000 -0.655056
DS1.d216.s3.i0 1.000000 0.750837
DS1.d216.s3.i1 1.000000 0.816313
DS1.d216.s2.i0 1.000000 0.384837
DS1.d216.s1.i0 1.000000 0.395771
DS1.d216.s0.i1 1.000000 0.313569
DS1.d216.s0.i0 -1.000000 0.466076
DS1.d214.s0.i1 1.000000 0.917396
DS1.d214.s0.i0 1.000000 0.861057
DS1.d213.s0.i0 -1.000000 -0.273026
DS1.d213.s1.i0 1.000000 0.628576
DS1.d212.s0.i0 -1.000000 -0.429720
DS1.d606.s0.i0 -1.000000 -0.196912
DS1.d607.s0.i1 1.000000 0.503699
DS1.d607.s0.i0 1.000000 0.482376
DS1.d607.s0.i2 -1.000000 0.180757
DS1.d356.s0.i0 1.000000 0.555665
DS1.d459.s0.i2 -1.000000 -0.792421
DS1.d459.s0.i3 -1.000000 -0.829828
DS1.d459.s0.i0 -1.000000 -0.764748
DS1.d459.s0.i1 -1.000000 -0.885860
DS1.d753.s2.i1 -1.000000 -0.766764
DS1.d753.s2.i0 -1.000000 -0.713414
DS1.d753.s1.i0 1.000000 0.781863
DS1.d753.s1.i1 1.000000 0.806666
DS1.d753.s0.i0 1.000000 0.341861
DS1.d750.s0.i0 1.000000 1.033485
DS1.d751.s0.i0 1.000000 0.723397
DS1.d756.s0.i0 1.000000 0.810920
DS1.d756.s0.i1 1.000000 0.773602
DS1.d757.s1.i0 1.000000 0.704231
DS1.d757.s0.i0 1.000000 0.570737
DS1.d754.s0.i0 1.000000 0.857802
DS1.d754.s0.i1 1.000000 0.892961
DS1.d754.s0.i2 1.000000 1.023309
DS1.d755.s0.i1 1.000000 0.680002
DS1.d755.s0.i0 1.000000 0.774506
DS1.d451.s0.i0 1.000000 0.485142
DS1.d451.s1.i0 -1.000000 -0.540539
DS1.d450.s1.i0 1.000000 0.573556
DS1.d450.s1.i1 -1.000000 -0.531828
DS1.d450.s0.i0 1.000000 0.854563
DS1.d453.s0.i0 1.000000 0.732452
DS1.d452.s1.i0 1.000000 0.671549
DS1.d452.s0.i5 1.000000 0.421286
DS1.d452.s0.i4 -1.000000 -0.458410
DS1.d452.s0.i1 -1.000000 -0.295338
DS1.d452.s0.i0 1.000000 0.419878
DS1.d452.s0.i3 1.000000 0.536097
DS1.d452.s0.i2 -1.000000 -0.465164
DS1.d455.s0.i0 1.000000 0.618173
DS1.d455.s0.i1 1.000000 0.586922
DS1.d454.s0.i3 -1.000000 -0.624016
DS1.d454.s0.i2 -1.000000 -0.568876
DS1.d454.s0.i1 1.000000 0.264849
DS1.d454.s0.i0 -1.000000 -0.578948
DS1.d456.s0.i1 1.000000 0.887955
DS1.d456.s0.i0 1.000000 0.992979
DS1.d456.s0.i3 1.000000 0.831532
DS1.d456.s0.i2 1.000000 0.979966
DS1.d456.s0.i5 1.000000 0.911977
DS1.d456.s0.i4 1.000000 0.973833
DS1.d8.s0.i0 1.000000 0.851405
DS1.d186.s0.i2 1.000000 0.861138
DS1.d186.s0.i1 1.000000 0.786708
DS1.d186.s0.i0 1.000000 0.848213
DS1.d185.s0.i0 1.000000 0.280333
DS1.d185.s0.i1 1.000000 0.360550
DS1.d185.s1.i0 1.000000 0.817720
DS1.d184.s1.i0 1.000000 0.756333
DS1.d184.s0.i5 1.000000 0.906865
DS1.d184.s0.i4 1.000000 0.968981
DS1.d184.s0.i1 1.000000 0.993339
DS1.d184.s0.i0 1.000000 0.968435
DS1.d184.s0.i3 1.000000 0.928193
DS1.d184.s0.i2 1.000000 0.915204
DS1.d184.s2.i1 1.000000 0.588305
DS1.d184.s2.i0 1.000000 0.547942
DS1.d183.s0.i2 -1.000000 -0.607460
DS1.d183.s0.i0 -1.000000 -0.762316
DS1.d183.s0.i1 -1.000000 -0.683239
DS1.d182.s1.i0 -1.000000 -0.452462
DS1.d182.s0.i0 -1.000000 -0.680595
DS1.d181.s0.i0 1.000000 0.701297
DS1.d180.s1.i0 1.000000 0.979134
DS1.d180.s0.i1 1.000000 0.733316
DS1.d180.s0.i0 1.000000 0.718186
DS1.d180.s2.i1 1.000000 0.858113
DS1.d180.s2.i0 1.000000 0.895647
DS1.d0.s0.i0 1.000000 0.900106
DS1.d0.s1.i1 1.000000 0.113513
DS1.d0.s1.i0 -1.000000 -0.208791
DS1.d1.s0.i0 1.000000 0.843346
DS1.d2.s0.i0 1.000000 0.314553
DS1.d3.s1.i0 1.000000 0.737561
DS1.d3.s1.i1 1.000000 0.857293
DS1.d3.s0.i1 1.000000 1.096434
DS1.d3.s0.i0 1.000000 0.709370
DS1.d3.s0.i2 1.000000 1.096434
DS1.d4.s0.i0 1.000000 0.783003
DS1.d4.s0.i1 1.000000 0.801553
DS1.d5.s0.i2 1.000000 0.842102
DS1.d5.s0.i1 1.000000 0.788819
DS1.d5.s0.i0 1.000000 0.857316
DS1.d189.s0.i0 -1.000000 0.310131
DS1.d188.s0.i1 -1.000000 -0.712280
DS1.d188.s0.i0 -1.000000 -0.616961
DS1.d30.s0.i2 -1.000000 -0.760654
DS1.d30.s0.i0 -1.000000 -0.556204
DS1.d30.s0.i1 -1.000000 -0.760654
DS1.d31.s0.i0 1.000000 1.088292
DS1.d32.s0.i0 1.000000 0.811392
DS1.d33.s0.i1 1.000000 0.636251
DS1.d33.s0.i0 1.000000 1.180581
DS1.d34.s0.i0 1.000000 0.614707
DS1.d34.s0.i1 1.000000 0.819037
DS1.d35.s0.i0 1.000000 0.880465
DS1.d36.s2.i0 1.000000 0.693328
DS1.d36.s2.i1 1.000000 1.044567
DS1.d36.s0.i0 1.000000 1.331689
DS1.d36.s1.i0 1.000000 0.800133
DS1.d37.s1.i0 -1.000000 -0.604498
DS1.d37.s0.i0 1.000000 0.018333
DS1.d37.s2.i2 -1.000000 -0.800208
DS1.d37.s2.i1 1.000000 0.389317
DS1.d37.s2.i0 -1.000000 -0.714821
DS1.d38.s0.i0 1.000000 0.632836
DS1.d38.s1.i1 1.000000 1.077953
DS1.d38.s1.i0 1.000000 1.162427
DS1.d38.s2.i0 1.000000 1.109299
DS1.d38.s3.i0 -1.000000 -0.740740
DS1.d39.s0.i0 -1.000000 -0.343111
DS1.d796.s0.i2 -1.000000 -0.971453
DS1.d796.s0.i3 -1.000000 -0.971453
DS1.d796.s0.i0 -1.000000 -0.971453
DS1.d796.s0.i1 -1.000000 -0.871812
DS1.d796.s0.i4 -1.000000 -0.871812
DS1.d796.s0.i5 -1.000000 -0.971453
DS1.d796.s1.i1 1.000000 0.645519
DS1.d796.s1.i0 1.000000 0.915022
DS1.d796.s1.i2 1.000000 0.732381
DS1.d730.s0.i0 1.000000 0.774768
DS1.d238.s0.i0 -1.000000 0.351088
DS1.d235.s0.i0 1.000000 1.019508
DS1.d235.s1.i1 1.000000 0.735016
DS1.d235.s1.i0 1.000000 0.879203
DS1.d234.s0.i0 1.000000 1.016498
DS1.d237.s0.i4 1.000000 0.901633
DS1.d237.s0.i5 1.000000 0.884789
DS1.d237.s0.i6 1.000000 0.983585
DS1.d237.s0.i7 1.000000 0.969327
DS1.d237.s0.i0 1.000000 0.948475
DS1.d237.s0.i1 1.000000 0.995675
DS1.d237.s0.i2 1.000000 0.941474
DS1.d237.s0.i3 1.000000 1.028374
DS1.d237.s0.i8 1.000000 0.945171
DS1.d237.s0.i9 1.000000 0.921413
DS1.d237.s0.i12 1.000000 0.960050
DS1.d237.s0.i13 1.000000 0.920862
DS1.d237.s0.i10 1.000000 0.899819
DS1.d237.s0.i11 1.000000 0.885746
DS1.d236.s0.i1 -1.000000 -0.834273
DS1.d236.s0.i0 -1.000000 -0.604682
DS1.d236.s0.i2 -1.000000 -0.895637
DS1.d231.s0.i0 -1.000000 -0.020932
DS1.d230.s0.i3 1.000000 0.957620
DS1.d230.s0.i2 1.000000 0.940725
DS1.d230.s0.i1 1.000000 0.983063
DS1.d230.s0.i0 1.000000 0.976755
DS1.d233.s0.i0 1.000000 0.992577
DS1.d232.s1.i2 1.000000 0.854940
DS1.d232.s1.i3 1.000000 0.886168
DS1.d232.s1.i0 1.000000 0.844780
DS1.d232.s1.i1 1.000000 0.896956
DS1.d232.s0.i1 1.000000 0.854493
DS1.d232.s0.i0 1.000000 0.909523
DS1.d232.s0.i3 1.000000 0.946922
DS1.d232.s0.i2 1.000000 0.922062
DS1.d232.s0.i5 1.000000 0.954470
DS1.d232.s0.i4 1.000000 1.028068
DS1.d232.s2.i0 -1.000000 -0.600620
DS1.d334.s0.i0 1.000000 0.992414
DS1.d334.s1.i0 -1.000000 -0.485678
DS1.d335.s0.i0 1.000000 0.951369
DS1.d336.s0.i0 1.000000 0.724594
DS1.d625.s1.i0 1.000000 0.765802
DS1.d625.s1.i1 1.000000 0.705638
DS1.d625.s0.i1 -1.000000 -0.751349
DS1.d625.s0.i0 -1.000000 -0.776121
DS1.d625.s0.i3 -1.000000 -0.860507
DS1.d625.s0.i2 -1.000000 -0.760278
DS1.d330.s0.i0 1.000000 0.840261
DS1.d330.s0.i1 1.000000 0.840261
DS1.d623.s3.i0 1.000000 0.572333
DS1.d623.s3.i1 1.000000 1.096542
DS1.d623.s2.i1 1.000000 1.010646
DS1.d623.s2.i0 1.000000 1.003159
DS1.d623.s2.i3 1.000000 0.990527
DS1.d623.s2.i2 1.000000 0.910487
DS1.d623.s1.i0 1.000000 1.093036
DS1.d623.s1.i1 1.000000 0.850011
DS1.d623.s0.i1 1.000000 0.952074
DS1.d623.s0.i0 1.000000 0.785035
DS1.d623.s4.i3 -1.000000 -0.112310
DS1.d623.s4.i2 -1.000000 -0.370964
DS1.d623.s4.i1 1.000000 0.487943
DS1.d623.s4.i0 1.000000 0.139897
DS1.d332.s0.i0 1.000000 0.719473
DS1.d333.s0.i0 1.000000 0.354737
DS1.d323.s0.i0 1.000000 0.397257
DS1.d338.s0.i0 1.000000 0.892574
DS1.d338.s0.i1 1.000000 0.942975
DS1.d339.s0.i1 -1.000000 -0.581317
DS1.d339.s0.i0 -1.000000 -0.669155
DS1.d628.s0.i0 -1.000000 -0.768095
DS1.d628.s0.i1 -1.000000 -0.859552
DS1.d322.s1.i0 -1.000000 -0.335396
DS1.d322.s1.i1 -1.000000 -0.373060
DS1.d322.s0.i0 1.000000 1.053691
DS1.d662.s0.i2 -1.000000 0.333257
DS1.d662.s0.i3 1.000000 0.760043
DS1.d662.s0.i0 1.000000 0.632012
DS1.d662.s0.i1 1.000000 0.490025
DS1.d808.s2.i0 1.000000 1.013381
DS1.d808.s2.i1 1.000000 0.858648
DS1.d808.s0.i0 -1.000000 -0.307947
DS1.d808.s1.i1 1.000000 0.227444
DS1.d808.s1.i0 -1.000000 -0.263654
DS1.d708.s0.i0 -1.000000 -0.658740
DS1.d806.s0.i2 -1.000000 -0.701907
DS1.d806.s0.i0 -1.000000 -0.897466
DS1.d806.s0.i1 -1.000000 -0.672263
DS1.d445.s0.i0 1.000000 0.754789
DS1.d805.s0.i1 -1.000000 -0.670040
DS1.d805.s0.i0 -1.000000 -0.678408
DS1.d805.s0.i2 -1.000000 -0.963289
DS1.d802.s0.i0 1.000000 0.135018
DS1.d803.s2.i1 1.000000 0.755010
DS1.d803.s2.i0 1.000000 0.888104
DS1.d803.s1.i0 1.000000 0.029349
DS1.d803.s1.i1 1.000000 -0.034310
DS1.d803.s0.i3 1.000000 0.754875
DS1.d803.s0.i2 1.000000 0.889203
DS1.d803.s0.i1 1.000000 0.812779
DS1.d803.s0.i0 1.000000 0.809284
DS1.d800.s0.i0 1.000000 0.604996
DS1.d801.s0.i0 1.000000 0.996661
DS1.d84.s0.i1 -1.000000 -0.776850
DS1.d84.s0.i0 -1.000000 -0.756967
DS1.d87.s0.i0 1.000000 0.835097
DS1.d86.s1.i2 -1.000000 0.122744
DS1.d86.s1.i0 1.000000 0.363958
DS1.d86.s1.i1 -1.000000 0.079146
DS1.d86.s0.i1 1.000000 0.798936
DS1.d86.s0.i0 1.000000 0.829589
DS1.d81.s0.i0 1.000000 0.400086
DS1.d81.s0.i1 1.000000 0.470036
DS1.d80.s0.i0 -1.000000 -0.254161
DS1.d83.s0.i0 1.000000 0.602573
DS1.d82.s0.i0 1.000000 0.776034
DS1.d89.s0.i0 1.000000 0.953114
DS1.d88.s0.i1 -1.000000 -0.794897
DS1.d88.s0.i0 -1.000000 -0.737659
DS1.d248.s0.i0 1.000000 0.782459
DS1.d248.s0.i1 1.000000 0.835667
DS1.d249.s0.i0 -1.000000 -0.282329
DS1.d523.s0.i0 -1.000000 -0.331165
DS1.d523.s1.i1 1.000000 0.966083
DS1.d523.s1.i0 1.000000 0.862532
DS1.d522.s0.i1 -1.000000 -0.786324
DS1.d522.s0.i0 -1.000000 -0.575907
DS1.d525.s0.i0 1.000000 0.634904
DS1.d525.s0.i1 1.000000 0.627982
DS1.d524.s0.i0 -1.000000 -0.377478
DS1.d527.s0.i0 1.000000 0.968905
DS1.d527.s0.i1 1.000000 1.124636
DS1.d527.s0.i2 1.000000 0.744644
DS1.d527.s0.i3 1.000000 0.777275
DS1.d527.s1.i1 1.000000 0.498790
DS1.d527.s1.i0 1.000000 0.652222
DS1.d526.s1.i0 1.000000 0.667289
DS1.d526.s1.i1 1.000000 0.667289
DS1.d526.s0.i1 1.000000 0.723215
DS1.d526.s0.i0 1.000000 1.129313
DS1.d526.s0.i3 1.000000 0.481427
DS1.d526.s0.i2 1.000000 0.984699
DS1.d526.s2.i1 -1.000000 -0.671153
DS1.d526.s2.i0 -1.000000 -0.587338
DS1.d529.s0.i0 1.000000 0.415569
DS1.d241.s1.i0 1.000000 0.908347
DS1.d241.s0.i0 1.000000 0.880002
DS1.d242.s0.i0 1.000000 0.932193
DS1.d242.s0.i1 1.000000 0.947942
DS1.d242.s0.i2 1.000000 0.945470
DS1.d242.s0.i3 1.000000 0.970315
DS1.d243.s0.i1 1.000000 0.990564
DS1.d243.s0.i0 1.000000 0.990564
DS1.d243.s0.i2 1.000000 0.990564
DS1.d244.s0.i0 1.000000 0.925835
DS1.d244.s0.i1 1.000000 0.765354
DS1.d244.s1.i0 1.000000 1.105048
DS1.d245.s0.i2 1.000000 0.879269
DS1.d245.s0.i1 1.000000 0.962499
DS1.d245.s0.i0 1.000000 1.109653
DS1.d246.s2.i0 1.000000 0.702731
DS1.d246.s2.i1 1.000000 0.922596
DS1.d246.s0.i0 1.000000 1.110614
DS1.d246.s1.i0 1.000000 0.604763
DS1.d247.s0.i19 -1.000000 -0.638230
DS1.d247.s0.i18 1.000000 0.547645
DS1.d247.s0.i15 1.000000 0.377333
DS1.d247.s0.i14 -1.000000 -0.710132
DS1.d247.s0.i17 -1.000000 -0.692243
DS1.d247.s0.i16 -1.000000 -0.698312
DS1.d247.s0.i11 -1.000000 -0.674083
DS1.d247.s0.i10 -1.000000 -0.741743
DS1.d247.s0.i13 1.000000 0.348763
DS1.d247.s0.i12 -1.000000 -0.756551
DS1.d247.s0.i20 1.000000 0.361800
DS1.d247.s0.i21 -1.000000 -0.648198
DS1.d247.s0.i22 1.000000 0.608011
DS1.d247.s0.i23 -1.000000 -0.656293
DS1.d247.s0.i9 -1.000000 -0.730368
DS1.d247.s0.i8 -1.000000 -0.745930
DS1.d247.s0.i1 1.000000 0.386899
DS1.d247.s0.i0 -1.000000 -0.660385
DS1.d247.s0.i3 -1.000000 -0.626539
DS1.d247.s0.i2 1.000000 0.326322
DS1.d247.s0.i5 -1.000000 -0.645166
DS1.d247.s0.i4 1.000000 0.318147
DS1.d247.s0.i7 -1.000000 -0.624757
DS1.d247.s0.i6 -1.000000 -0.779973
DS1.d669.s0.i0 -1.000000 -0.493989
DS1.d443.s2.i1 1.000000 0.667560
DS1.d443.s2.i0 1.000000 0.894148
DS1.d443.s2.i2 1.000000 0.963702
DS1.d443.s1.i0 -1.000000 -0.033093
DS1.d443.s1.i1 -1.000000 -0.096432
DS1.d443.s1.i2 1.000000 0.235776
DS1.d443.s0.i1 1.000000 0.679179
DS1.d443.s0.i0 1.000000 0.746162
DS1.d643.s0.i1 -1.000000 -0.562265
DS1.d643.s0.i0 -1.000000 -0.423786
DS1.d643.s0.i3 1.000000 0.168261
DS1.d643.s0.i2 -1.000000 -0.351305
DS1.d643.s0.i5 1.000000 0.055537
DS1.d643.s0.i4 -1.000000 -0.585077
DS1.d752.s0.i0 1.000000 0.568803
DS1.d385.s0.i0 1.000000 0.796142
DS1.d385.s0.i1 1.000000 0.956346
DS1.d385.s1.i0 1.000000 0.948884
DS1.d385.s2.i0 -1.000000 -0.696472
DS1.d384.s0.i2 1.000000 0.390998
DS1.d384.s0.i1 -1.000000 0.283159
DS1.d384.s0.i0 1.000000 0.390998
DS1.d387.s0.i0 1.000000 0.919931
DS1.d387.s0.i1 1.000000 0.781951
DS1.d386.s1.i0 1.000000 0.785458
DS1.d386.s1.i1 1.000000 0.913242
DS1.d386.s0.i0 1.000000 0.780869
DS1.d386.s2.i1 1.000000 0.911257
DS1.d386.s2.i0 1.000000 1.024477
DS1.d381.s0.i4 -1.000000 -0.564023
DS1.d381.s0.i5 -1.000000 -0.517394
DS1.d381.s0.i2 1.000000 0.747698
DS1.d381.s0.i3 1.000000 0.690923
DS1.d381.s0.i0 -1.000000 -0.553458
DS1.d381.s0.i1 1.000000 0.671211
DS1.d381.s1.i0 1.000000 0.672277
DS1.d380.s2.i5 1.000000 1.029130
DS1.d380.s2.i4 1.000000 0.984755
DS1.d380.s2.i1 1.000000 0.902724
DS1.d380.s2.i0 1.000000 0.984755
DS1.d380.s2.i3 1.000000 1.029130
DS1.d380.s2.i2 1.000000 0.902724
DS1.d380.s1.i8 -1.000000 -0.891009
DS1.d380.s1.i4 -1.000000 -0.947689
DS1.d380.s1.i5 -1.000000 -0.956096
DS1.d380.s1.i6 -1.000000 -0.978952
DS1.d380.s1.i7 -1.000000 -0.891009
DS1.d380.s1.i0 -1.000000 -0.883117
DS1.d380.s1.i1 -1.000000 -0.883117
DS1.d380.s1.i2 -1.000000 -0.881991
DS1.d380.s1.i3 -1.000000 -0.881991
DS1.d380.s0.i9 1.000000 0.932381
DS1.d380.s0.i8 1.000000 0.942136
DS1.d380.s0.i7 1.000000 0.944647
DS1.d380.s0.i6 1.000000 0.944647
DS1.d380.s0.i5 1.000000 0.932381
DS1.d380.s0.i4 1.000000 0.976102
DS1.d380.s0.i3 1.000000 0.945340
DS1.d380.s0.i2 1.000000 0.976102
DS1.d380.s0.i1 1.000000 0.945340
DS1.d380.s0.i0 1.000000 0.942136
DS1.d383.s0.i0 1.000000 0.815924
DS1.d383.s0.i1 1.000000 1.005364
DS1.d383.s0.i2 1.000000 1.005364
DS1.d383.s0.i3 1.000000 0.815924
DS1.d389.s0.i0 1.000000 0.586837
DS1.d415.s0.i2 -1.000000 -0.779791
DS1.d415.s0.i3 -1.000000 -0.575473
DS1.d415.s0.i0 -1.000000 -0.874503
DS1.d415.s0.i1 -1.000000 -0.966697
DS1.d414.s0.i1 1.000000 1.086538
DS1.d414.s0.i0 1.000000 0.894087
DS1.d417.s0.i0 1.000000 0.624804
DS1.d416.s0.i0 1.000000 0.044753
DS1.d147.s0.i2 -1.000000 -0.884693
DS1.d147.s0.i3 -1.000000 -0.467782
DS1.d147.s0.i0 -1.000000 -0.908641
DS1.d147.s0.i1 -1.000000 -0.528957
DS1.d410.s0.i0 -1.000000 -0.397231
DS1.d145.s0.i0 1.000000 0.700988
DS1.d145.s1.i0 1.000000 0.881912
DS1.d412.s0.i0 1.000000 0.878184
DS1.d149.s0.i0 -1.000000 0.434600
DS1.d148.s1.i2 -1.000000 -0.740032
DS1.d148.s1.i3 -1.000000 -0.708205
DS1.d148.s1.i0 -1.000000 -0.738153
DS1.d148.s1.i1 1.000000 0.203334
DS1.d148.s1.i6 -1.000000 -0.670001
DS1.d148.s1.i7 -1.000000 -0.579205
DS1.d148.s1.i4 1.000000 0.184663
DS1.d148.s1.i5 -1.000000 -0.613549
DS1.d148.s0.i24 1.000000 0.521239
DS1.d148.s0.i25 -1.000000 -0.743536
DS1.d148.s0.i26 -1.000000 -0.608654
DS1.d148.s0.i20 1.000000 0.433469
DS1.d148.s0.i21 -1.000000 -0.765168
DS1.d148.s0.i22 1.000000 0.460475
DS1.d148.s0.i23 -1.000000 -0.788898
DS1.d148.s0.i9 1.000000 0.479999
DS1.d148.s0.i8 -1.000000 -0.716352
DS1.d148.s0.i5 -1.000000 -0.718534
DS1.d148.s0.i4 -1.000000 -0.760130
DS1.d148.s0.i7 -1.000000 -0.674355
DS1.d148.s0.i6 -1.000000 -0.744289
DS1.d148.s0.i1 -1.000000 -0.695023
DS1.d148.s0.i0 -1.000000 -0.700674
DS1.d148.s0.i3 -1.000000 -0.691359
DS1.d148.s0.i2 1.000000 0.515041
DS1.d148.s0.i19 1.000000 0.425016
DS1.d148.s0.i18 -1.000000 -0.791432
DS1.d148.s0.i11 1.000000 0.644151
DS1.d148.s0.i10 -1.000000 -0.790982
DS1.d148.s0.i13 1.000000 0.432965
DS1.d148.s0.i12 -1.000000 -0.704757
DS1.d148.s0.i15 -1.000000 -0.559601
DS1.d148.s0.i14 -1.000000 -0.793940
DS1.d148.s0.i17 1.000000 0.473084
DS1.d148.s0.i16 -1.000000 -0.688346
DS1.d419.s0.i0 -1.000000 -0.248342
DS1.d418.s0.i1 1.000000 0.794747
DS1.d418.s0.i0 1.000000 0.948262
DS1.d758.s0.i0 1.000000 0.832531
DS1.d759.s0.i1 -1.000000 -0.545006
DS1.d759.s0.i0 -1.000000 -0.545006
DS1.d709.s0.i0 1.000000 0.836921
DS1.d663.s0.i1 -1.000000 -0.754874
DS1.d663.s0.i0 -1.000000 -0.815294
DS1.d660.s0.i0 1.000000 0.863187
DS1.d660.s0.i1 1.000000 0.833466
DS1.d661.s0.i0 1.000000 1.018265
DS1.d666.s0.i2 1.000000 0.779937
DS1.d666.s0.i0 1.000000 0.677542
DS1.d666.s0.i1 1.000000 0.813359
DS1.d667.s0.i0 1.000000 0.541126
DS1.d664.s0.i0 -1.000000 -0.849764
DS1.d664.s0.i1 -1.000000 -0.901406
DS1.d664.s0.i2 -1.000000 -0.833336
DS1.d664.s0.i3 -1.000000 -0.830649
DS1.d665.s0.i0 1.000000 1.219794
DS1.d701.s0.i0 -1.000000 -0.756134
DS1.d701.s0.i1 -1.000000 -0.648000
DS1.d700.s0.i0 1.000000 0.091377
DS1.d668.s0.i0 1.000000 0.918572
DS1.d702.s0.i1 1.000000 0.985649
DS1.d702.s0.i0 1.000000 0.643792
DS1.d702.s0.i2 1.000000 1.051254
DS1.d705.s0.i0 1.000000 0.827078
DS1.d704.s0.i5 -1.000000 -0.052436
DS1.d704.s0.i4 1.000000 0.421273
DS1.d704.s0.i3 1.000000 0.414991
DS1.d704.s0.i2 1.000000 0.554087
DS1.d704.s0.i1 1.000000 0.566336
DS1.d704.s0.i0 -1.000000 -0.063154
DS1.d707.s0.i0 1.000000 0.769305
DS1.d707.s0.i1 1.000000 0.790641
DS1.d707.s1.i0 1.000000 0.622624
DS1.d706.s0.i0 1.000000 0.703828
DS1.d461.s0.i3 -1.000000 -0.765983
DS1.d461.s0.i2 -1.000000 -0.835961
DS1.d461.s0.i1 -1.000000 -0.794582
DS1.d461.s0.i0 -1.000000 -0.864866
DS1.d462.s0.i0 1.000000 0.970053
DS1.d462.s0.i1 1.000000 0.799704
DS1.d463.s0.i0 -1.000000 -0.458691
DS1.d464.s0.i2 1.000000 0.925729
DS1.d464.s0.i3 1.000000 0.830121
DS1.d464.s0.i0 1.000000 0.967221
DS1.d464.s0.i1 1.000000 0.988845
DS1.d464.s1.i0 1.000000 0.308309
DS1.d465.s0.i2 1.000000 0.924928
DS1.d465.s0.i1 1.000000 0.990893
DS1.d465.s0.i0 1.000000 0.860352
DS1.d467.s0.i0 1.000000 0.862892
DS1.d468.s0.i0 1.000000 0.207184
DS1.d468.s0.i1 -1.000000 -0.076081
DS1.d469.s0.i3 1.000000 1.079334
DS1.d469.s0.i2 1.000000 0.875189
DS1.d469.s0.i1 1.000000 0.972603
DS1.d469.s0.i0 1.000000 1.092798
DS1.d469.s0.i5 1.000000 0.968013
DS1.d469.s0.i4 1.000000 0.859279
DS1.d688.s0.i0 1.000000 1.052803
DS1.d688.s1.i0 -1.000000 -0.325996
DS1.d689.s0.i1 -1.000000 -0.694741
DS1.d689.s0.i0 -1.000000 -0.623414
DS1.d441.s1.i0 1.000000 0.517721
DS1.d441.s0.i0 1.000000 0.605218
DS1.d441.s2.i0 1.000000 0.620162
DS1.d403.s0.i0 -1.000000 -0.465185
DS1.d681.s1.i8 1.000000 0.317313
DS1.d681.s1.i0 -1.000000 -0.464124
DS1.d681.s1.i1 -1.000000 -0.361347
DS1.d681.s1.i2 -1.000000 -0.435803
DS1.d681.s1.i3 -1.000000 -0.590656
DS1.d681.s1.i4 1.000000 0.197184
DS1.d681.s1.i5 -1.000000 -0.546933
DS1.d681.s1.i6 1.000000 0.013715
DS1.d681.s1.i7 -1.000000 -0.349989
DS1.d681.s0.i1 1.000000 0.648381
DS1.d681.s0.i0 1.000000 0.800494
DS1.d682.s0.i0 1.000000 0.854191
DS1.d682.s0.i1 1.000000 0.708269
DS1.d682.s0.i2 1.000000 0.833536
DS1.d683.s0.i5 -1.000000 -0.929776
DS1.d683.s0.i4 -1.000000 -0.864098
DS1.d683.s0.i1 -1.000000 -0.886971
DS1.d683.s0.i0 -1.000000 -0.892924
DS1.d683.s0.i3 -1.000000 -0.930047
DS1.d683.s0.i2 -1.000000 -0.900872
DS1.d684.s0.i2 -1.000000 -0.312316
DS1.d684.s0.i3 1.000000 0.430541
DS1.d684.s0.i0 -1.000000 -0.402905
DS1.d684.s0.i1 1.000000 0.311210
DS1.d400.s0.i0 1.000000 0.939337
DS1.d400.s0.i1 1.000000 0.753638
DS1.d686.s0.i0 1.000000 0.748324
DS1.d686.s0.i1 1.000000 0.815128
DS1.d685.s1.i0 1.000000 1.100858
DS1.d685.s1.i1 1.000000 0.837237
DS1.d685.s1.i2 1.000000 1.040969
DS1.d685.s0.i2 1.000000 1.001782
DS1.d685.s0.i1 1.000000 0.911338
DS1.d685.s0.i0 1.000000 1.046749
DS1.d48.s0.i3 1.000000 0.465344
DS1.d48.s0.i2 1.000000 0.465344
DS1.d48.s0.i1 -1.000000 -0.120749
DS1.d48.s0.i0 -1.000000 -0.120749
DS1.d48.s0.i5 1.000000 0.558290
DS1.d48.s0.i4 1.000000 0.558290
DS1.d401.s0.i1 1.000000 0.714425
DS1.d401.s0.i0 1.000000 0.723412
DS1.d406.s0.i0 -1.000000 -0.757571
DS1.d43.s0.i0 1.000000 0.845537
DS1.d42.s0.i0 1.000000 0.557519
DS1.d45.s0.i0 -1.000000 -0.777521
DS1.d45.s0.i1 -1.000000 -0.777521
DS1.d44.s0.i17 -1.000000 -0.652455
DS1.d44.s0.i16 1.000000 0.273802
DS1.d44.s0.i15 -1.000000 -0.678215
DS1.d44.s0.i14 -1.000000 -0.728011
DS1.d44.s0.i13 -1.000000 -0.704521
DS1.d44.s0.i12 -1.000000 -0.622741
DS1.d44.s0.i11 -1.000000 -0.714311
DS1.d44.s0.i10 1.000000 0.297463
DS1.d44.s0.i9 1.000000 0.314454
DS1.d44.s0.i8 1.000000 0.274843
DS1.d44.s0.i7 -1.000000 -0.699458
DS1.d44.s0.i6 -1.000000 -0.620444
DS1.d44.s0.i5 1.000000 0.301711
DS1.d44.s0.i4 -1.000000 -0.637050
DS1.d44.s0.i3 -1.000000 -0.698822
DS1.d44.s0.i2 -1.000000 -0.731801
DS1.d44.s0.i1 1.000000 0.279367
DS1.d44.s0.i0 -1.000000 -0.628858
DS1.d47.s0.i0 1.000000 0.545737
DS1.d47.s0.i1 1.000000 0.628987
DS1.d407.s0.i0 -1.000000 -0.293138
DS1.d721.s0.i4 -1.000000 -0.489590
DS1.d721.s0.i5 1.000000 -0.015538
DS1.d721.s0.i0 -1.000000 -0.287804
DS1.d721.s0.i1 -1.000000 -0.482687
DS1.d721.s0.i2 -1.000000 -0.288940
DS1.d721.s0.i3 1.000000 -0.043919
DS1.d569.s0.i0 1.000000 0.479316
DS1.d569.s0.i1 -1.000000 -0.099533
DS1.d568.s2.i0 1.000000 0.501396
DS1.d568.s1.i0 1.000000 1.046000
DS1.d568.s0.i4 1.000000 0.923967
DS1.d568.s0.i3 1.000000 0.935751
DS1.d568.s0.i2 1.000000 0.880790
DS1.d568.s0.i1 1.000000 0.900620
DS1.d568.s0.i0 1.000000 0.850112
DS1.d565.s0.i0 1.000000 0.815991
DS1.d564.s0.i1 -1.000000 -0.702361
DS1.d564.s0.i0 -1.000000 -0.886514
DS1.d566.s0.i1 1.000000 0.403048
DS1.d566.s0.i0 1.000000 0.750290
DS1.d561.s0.i0 -1.000000 -0.618497
DS1.d563.s0.i0 1.000000 0.867442
DS1.d563.s0.i1 1.000000 0.918968
DS1.d563.s0.i2 1.000000 0.801318
DS1.d563.s0.i3 1.000000 0.842189
DS1.d563.s0.i4 1.000000 1.066219
DS1.d563.s0.i5 1.000000 1.066741
DS1.d563.s0.i6 1.000000 0.806105
DS1.d563.s0.i7 1.000000 0.890286
DS1.d562.s1.i0 1.000000 0.948548
DS1.d562.s0.i0 -1.000000 -0.429510
DS1.d204.s0.i0 1.000000 0.856713
DS1.d204.s0.i1 1.000000 0.732771
DS1.d205.s0.i2 -1.000000 -0.768893
DS1.d205.s0.i1 -1.000000 -0.839908
DS1.d205.s0.i0 -1.000000 -0.859423
DS1.d369.s0.i0 1.000000 0.520780
DS1.d369.s1.i0 1.000000 0.754403
DS1.d368.s0.i0 -1.000000 -0.104652
DS1.d200.s0.i0 1.000000 0.334909
DS1.d200.s0.i1 -1.000000 -0.281235
DS1.d201.s0.i8 1.000000 1.030224
DS1.d201.s0.i7 1.000000 0.914835
DS1.d201.s0.i6 1.000000 0.991084
DS1.d201.s0.i5 1.000000 0.966257
DS1.d201.s0.i4 1.000000 0.940609
DS1.d201.s0.i3 1.000000 0.855687
DS1.d201.s0.i2 1.000000 0.924592
DS1.d201.s0.i1 1.000000 1.034760
DS1.d201.s0.i0 1.000000 0.983568
DS1.d202.s0.i0 1.000000 0.765028
DS1.d203.s0.i1 1.000000 0.894921
DS1.d203.s0.i0 1.000000 0.855936
DS1.d363.s0.i0 1.000000 0.909462
DS1.d363.s0.i1 1.000000 0.893200
DS1.d362.s0.i1 1.000000 0.923003
DS1.d362.s0.i0 1.000000 0.897604
DS1.d361.s2.i0 1.000000 0.135147
DS1.d361.s2.i1 -1.000000 0.346240
DS1.d361.s0.i0 -1.000000 0.007582
DS1.d361.s1.i1 -1.000000 -0.318152
DS1.d361.s1.i0 1.000000 0.376650
DS1.d7.s1.i0 1.000000 0.734132
DS1.d7.s1.i1 1.000000 1.000337
DS1.d7.s0.i1 1.000000 1.015842
DS1.d7.s0.i0 1.000000 0.990146
DS1.d7.s0.i3 1.000000 0.969989
DS1.d7.s0.i2 1.000000 1.009593
DS1.d7.s2.i1 -1.000000 -0.479965
DS1.d7.s2.i0 -1.000000 -0.607725
DS1.d208.s0.i0 1.000000 0.723620
DS1.d208.s0.i1 1.000000 0.725137
DS1.d209.s1.i0 -1.000000 -0.594827
DS1.d209.s1.i1 -1.000000 -0.824116
DS1.d209.s1.i2 -1.000000 -0.946354
DS1.d209.s0.i2 -1.000000 -0.876986
DS1.d209.s0.i1 -1.000000 -0.822915
DS1.d209.s0.i0 -1.000000 -0.721042
DS1.d365.s0.i0 1.000000 1.091438
DS1.d365.s0.i1 1.000000 0.797857
DS1.d365.s1.i2 1.000000 0.863587
DS1.d365.s1.i1 1.000000 0.694965
DS1.d365.s1.i0 1.000000 0.725661
DS1.d364.s1.i0 1.000000 0.823371
DS1.d364.s0.i1 -1.000000 -0.710745
DS1.d364.s0.i0 -1.000000 -0.655975
DS1.d364.s2.i0 1.000000 0.656088
DS1.d187.s0.i0 1.000000 0.598909
DS1.d40.s0.i0 1.000000 0.809433
DS1.d9.s0.i0 1.000000 1.301242
DS1.d259.s0.i0 1.000000 0.569077
DS1.d519.s2.i1 -1.000000 0.135720
DS1.d519.s2.i0 1.000000 0.052594
DS1.d519.s1.i0 1.000000 0.711026
DS1.d519.s0.i3 1.000000 0.936232
DS1.d519.s0.i2 1.000000 0.861789
DS1.d519.s0.i1 1.000000 0.921426
DS1.d519.s0.i0 1.000000 0.855074
DS1.d557.s0.i0 1.000000 0.948122
DS1.d510.s0.i0 1.000000 0.901947
DS1.d510.s0.i1 1.000000 1.179929
DS1.d510.s1.i0 1.000000 0.712482
DS1.d510.s2.i0 1.000000 0.997969
DS1.d511.s0.i1 -1.000000 -0.816052
DS1.d511.s0.i0 -1.000000 -0.738728
DS1.d512.s2.i0 1.000000 0.823908
DS1.d512.s2.i1 1.000000 0.867284
DS1.d512.s0.i0 -1.000000 -0.624154
DS1.d512.s0.i1 -1.000000 -0.575869
DS1.d512.s1.i0 -1.000000 -0.577812
DS1.d46.s0.i1 1.000000 0.806716
DS1.d46.s0.i0 1.000000 0.912822
DS1.d46.s0.i3 1.000000 0.934882
DS1.d46.s0.i2 1.000000 0.852059
DS1.d46.s0.i5 1.000000 0.933560
DS1.d46.s0.i4 1.000000 0.995407
DS1.d46.s0.i7 1.000000 0.833193
DS1.d46.s0.i6 1.000000 0.872922
DS1.d514.s0.i0 1.000000 0.781175
DS1.d514.s1.i0 -1.000000 -0.499095
DS1.d515.s1.i0 -1.000000 -0.572963
DS1.d515.s1.i1 -1.000000 -0.551531
DS1.d515.s0.i1 -1.000000 -0.711058
DS1.d515.s0.i0 -1.000000 -0.689021
DS1.d517.s0.i1 1.000000 0.834363
DS1.d517.s0.i0 1.000000 0.869029
DS1.d109.s0.i0 1.000000 0.225452
DS1.d109.s0.i1 1.000000 0.144294
DS1.d109.s0.i2 -1.000000 -0.141294
DS1.d109.s0.i3 1.000000 0.115683
DS1.d109.s0.i4 -1.000000 -0.267264
DS1.d109.s0.i5 -1.000000 -0.290463
DS1.d108.s1.i0 -1.000000 -0.872811
DS1.d108.s1.i1 -1.000000 -0.847922
DS1.d108.s0.i1 1.000000 0.862677
DS1.d108.s0.i0 1.000000 0.839751
DS1.d108.s0.i3 1.000000 0.889521
DS1.d108.s0.i2 1.000000 1.059709
DS1.d108.s0.i5 1.000000 0.935725
DS1.d108.s0.i4 1.000000 0.804982
DS1.d108.s0.i7 1.000000 0.942180
DS1.d108.s0.i6 1.000000 0.958386
DS1.d108.s3.i0 -1.000000 -0.771701
DS1.d108.s3.i1 -1.000000 -0.826734
DS1.d108.s2.i0 -1.000000 -0.764535
DS1.d106.s0.i1 1.000000 0.748913
DS1.d106.s0.i0 1.000000 0.733129
DS1.d105.s0.i0 -1.000000 -0.626164
DS1.d105.s0.i1 -1.000000 -0.626164
DS1.d104.s0.i0 -1.000000 -0.182906
DS1.d103.s0.i0 -1.000000 -0.130091
DS1.d102.s0.i2 1.000000 0.775370
DS1.d102.s0.i1 1.000000 0.915994
DS1.d102.s0.i0 1.000000 0.783891
DS1.d101.s0.i0 1.000000 0.524301
DS1.d100.s1.i0 1.000000 0.851044
DS1.d100.s1.i1 1.000000 0.885493
DS1.d100.s0.i0 1.000000 1.010020
DS1.d256.s0.i3 -1.000000 -0.513772
DS1.d256.s0.i2 1.000000 -0.316944
DS1.d256.s0.i1 -1.000000 -0.534650
DS1.d256.s0.i0 -1.000000 -0.505254
DS1.d254.s1.i0 -1.000000 -0.750534
DS1.d254.s1.i1 -1.000000 -0.783563
DS1.d254.s0.i1 1.000000 0.864231
DS1.d254.s0.i0 1.000000 0.864005
DS1.d254.s2.i1 1.000000 0.216533
DS1.d254.s2.i0 -1.000000 0.090963
DS1.d780.s0.i2 -1.000000 -0.773426
DS1.d780.s0.i1 -1.000000 -0.843527
DS1.d780.s0.i0 -1.000000 -0.804106
DS1.d745.s0.i0 -1.000000 -0.634347
DS1.d745.s0.i1 -1.000000 -0.647678
DS1.d744.s0.i1 -1.000000 -0.818071
DS1.d744.s0.i0 -1.000000 -0.829100
DS1.d747.s0.i0 1.000000 0.857771
DS1.d747.s0.i1 1.000000 0.845879
DS1.d747.s0.i2 1.000000 0.857771
DS1.d747.s0.i3 1.000000 0.845879
DS1.d746.s0.i0 1.000000 0.995716
DS1.d741.s0.i0 1.000000 0.827734
DS1.d429.s0.i1 -1.000000 -0.834192
DS1.d429.s0.i0 -1.000000 -0.492837
DS1.d743.s0.i0 1.000000 1.135285
DS1.d424.s0.i0 1.000000 0.881713
DS1.d426.s0.i0 1.000000 0.888206
DS1.d427.s0.i1 1.000000 0.861534
DS1.d427.s0.i0 1.000000 0.726486
DS1.d749.s0.i0 1.000000 0.984924
DS1.d749.s0.i1 1.000000 0.945405
DS1.d749.s1.i1 1.000000 0.813725
DS1.d749.s1.i0 1.000000 1.035014
DS1.d749.s2.i0 1.000000 0.652760
DS1.d749.s2.i1 1.000000 0.840048
DS1.d749.s2.i2 1.000000 1.146745
DS1.d749.s3.i0 -1.000000 -0.564325
DS1.d421.s1.i0 1.000000 0.828527
DS1.d421.s0.i0 -1.000000 -0.287296
DS1.d422.s0.i0 1.000000 0.955000
DS1.d422.s0.i1 1.000000 0.863950
DS1.d422.s0.i2 1.000000 0.894226
DS1.d422.s1.i2 1.000000 0.821831
DS1.d422.s1.i1 1.000000 1.028823
DS1.d422.s1.i0 1.000000 0.879040
DS1.d423.s1.i0 -1.000000 0.270550
DS1.d423.s1.i1 1.000000 0.372325
DS1.d423.s0.i1 1.000000 0.939387
DS1.d423.s0.i0 1.000000 0.882181
DS1.d207.s0.i0 1.000000 0.237178
DS1.d367.s0.i2 -1.000000 -0.181772
DS1.d367.s0.i0 1.000000 -0.070219
DS1.d367.s0.i1 -1.000000 -0.216389
DS1.d589.s0.i0 1.000000 0.893992
DS1.d589.s0.i1 1.000000 0.818627
DS1.d589.s0.i2 1.000000 0.818627
DS1.d589.s0.i3 1.000000 0.893992
DS1.d366.s0.i1 1.000000 0.918216
DS1.d366.s0.i0 1.000000 0.769336
DS1.d639.s0.i0 -1.000000 -0.514021
DS1.d638.s0.i3 1.000000 0.883947
DS1.d638.s0.i2 1.000000 0.855125
DS1.d638.s0.i1 1.000000 0.870610
DS1.d638.s0.i0 1.000000 0.824998
DS1.d360.s1.i0 -1.000000 -0.584301
DS1.d360.s0.i1 -1.000000 0.402206
DS1.d360.s0.i0 -1.000000 0.415098
DS1.d631.s0.i0 1.000000 0.605205
DS1.d631.s0.i1 1.000000 0.852459
DS1.d630.s0.i1 -1.000000 -0.771260
DS1.d630.s0.i0 -1.000000 -0.585670
DS1.d633.s2.i0 1.000000 0.944703
DS1.d633.s2.i1 1.000000 0.979514
DS1.d633.s3.i1 1.000000 1.268093
DS1.d633.s3.i0 1.000000 1.259008
DS1.d633.s0.i0 1.000000 0.962938
DS1.d633.s0.i1 1.000000 0.877478
DS1.d633.s0.i2 1.000000 1.008596
DS1.d633.s0.i3 1.000000 1.008202
DS1.d633.s1.i3 1.000000 0.884813
DS1.d633.s1.i2 1.000000 0.935767
DS1.d633.s1.i1 1.000000 0.942950
DS1.d633.s1.i0 1.000000 0.961066
DS1.d632.s1.i0 1.000000 0.980792
DS1.d632.s1.i1 1.000000 0.948476
DS1.d632.s0.i1 -1.000000 -0.644284
DS1.d632.s0.i0 -1.000000 -0.590487
DS1.d635.s0.i0 1.000000 0.968287
DS1.d635.s0.i1 1.000000 0.765089
DS1.d634.s0.i7 1.000000 0.940028
DS1.d634.s0.i6 1.000000 0.949034
DS1.d634.s0.i5 1.000000 0.797598
DS1.d634.s0.i4 1.000000 0.889137
DS1.d634.s0.i3 1.000000 0.935019
DS1.d634.s0.i2 1.000000 0.856990
DS1.d634.s0.i1 1.000000 0.880444
DS1.d634.s0.i0 1.000000 1.002198
DS1.d687.s1.i0 -1.000000 0.189153
DS1.d687.s0.i0 1.000000 0.230029
DS1.d636.s0.i1 1.000000 0.145113
DS1.d636.s0.i0 -1.000000 -0.021584
DS1.d327.s0.i0 1.000000 1.356273
DS1.d731.s2.i0 1.000000 0.745726
DS1.d731.s1.i0 -1.000000 -0.288737
DS1.d731.s1.i1 -1.000000 -0.288737
DS1.d731.s1.i2 1.000000 0.019214
DS1.d731.s0.i0 -1.000000 -0.449478
DS1.d325.s0.i0 1.000000 0.837233
DS1.d325.s0.i1 1.000000 0.312715
DS1.d324.s0.i0 -1.000000 -0.558740
DS1.d734.s0.i2 1.000000 0.933088
DS1.d734.s0.i3 1.000000 0.829289
DS1.d734.s0.i0 1.000000 0.879207
DS1.d734.s0.i1 1.000000 0.949324
DS1.d735.s3.i0 -1.000000 -0.594710
DS1.d735.s2.i1 -1.000000 -0.161705
DS1.d735.s2.i0 1.000000 0.419227
DS1.d735.s1.i0 1.000000 1.046591
DS1.d735.s1.i1 1.000000 0.807010
DS1.d735.s0.i0 1.000000 1.184724
DS1.d736.s0.i0 1.000000 0.593095
DS1.d320.s0.i1 1.000000 0.723078
DS1.d320.s0.i0 -1.000000 -0.149183
DS1.d738.s0.i0 1.000000 0.747631
DS1.d738.s0.i1 1.000000 0.972309
DS1.d738.s1.i0 1.000000 0.701476
DS1.d739.s1.i0 1.000000 0.702607
DS1.d739.s1.i1 1.000000 1.030405
DS1.d739.s1.i2 1.000000 0.768051
DS1.d739.s1.i3 1.000000 1.089345
DS1.d739.s1.i4 1.000000 0.827911
DS1.d739.s1.i5 1.000000 1.064449
DS1.d739.s1.i6 1.000000 0.893067
DS1.d739.s1.i7 1.000000 0.977816
DS1.d739.s0.i3 1.000000 1.001198
DS1.d739.s0.i2 1.000000 0.705848
DS1.d739.s0.i1 1.000000 0.984701
DS1.d739.s0.i0 1.000000 0.778001
DS1.d328.s1.i0 1.000000 0.597891
DS1.d328.s1.i1 1.000000 0.647064
DS1.d328.s0.i0 -1.000000 -0.785567
DS1.d811.s0.i0 1.000000 0.963919
DS1.d811.s1.i1 1.000000 1.010329
DS1.d811.s1.i0 1.000000 1.002138
DS1.d810.s3.i0 1.000000 0.930665
DS1.d810.s2.i1 1.000000 0.879972
DS1.d810.s2.i0 1.000000 1.000043
DS1.d810.s1.i0 1.000000 0.906539
DS1.d810.s1.i1 1.000000 1.022631
DS1.d810.s1.i2 1.000000 0.680562
DS1.d810.s1.i3 1.000000 0.600069
DS1.d810.s0.i3 1.000000 0.853909
DS1.d810.s0.i2 1.000000 0.895077
DS1.d810.s0.i1 1.000000 0.823574
DS1.d810.s0.i0 1.000000 0.952954
DS1.d810.s0.i5 1.000000 0.830849
DS1.d810.s0.i4 1.000000 0.961602
DS1.d813.s0.i0 -1.000000 0.422927
DS1.d812.s0.i1 -1.000000 -0.495959
DS1.d812.s0.i0 -1.000000 -0.896290
DS1.d812.s0.i2 -1.000000 -0.953773
DS1.d815.s0.i2 1.000000 1.011396
DS1.d815.s0.i0 1.000000 0.969068
DS1.d815.s0.i1 1.000000 0.731271
DS1.d814.s1.i0 -1.000000 -0.864085
DS1.d814.s1.i1 -1.000000 -0.917981
DS1.d814.s0.i2 -1.000000 -0.856356
DS1.d814.s0.i1 -1.000000 -0.907043
DS1.d814.s0.i0 -1.000000 -0.662983
DS1.d817.s0.i0 1.000000 0.824010
DS1.d817.s0.i1 1.000000 0.808380
DS1.d817.s1.i3 1.000000 0.704711
DS1.d817.s1.i2 1.000000 0.912174
DS1.d817.s1.i1 1.000000 0.850016
DS1.d817.s1.i0 1.000000 0.955720
DS1.d817.s1.i4 1.000000 0.810808
DS1.d816.s0.i1 -1.000000 -0.385506
DS1.d816.s0.i0 1.000000 0.074116
DS1.d816.s0.i3 1.000000 0.081990
DS1.d816.s0.i2 -1.000000 0.178696
DS1.d816.s0.i5 1.000000 0.553957
DS1.d816.s0.i4 -1.000000 -0.396890
DS1.d819.s0.i0 -1.000000 -0.631068
DS1.d819.s0.i1 -1.000000 -0.867925
DS1.d818.s3.i2 1.000000 0.794178
DS1.d818.s3.i0 1.000000 0.794178
DS1.d818.s3.i1 1.000000 0.794178
DS1.d818.s2.i1 1.000000 0.838124
DS1.d818.s2.i0 1.000000 1.046901
DS1.d818.s2.i3 1.000000 1.046901
DS1.d818.s2.i2 1.000000 0.838124
DS1.d818.s2.i5 1.000000 0.838124
DS1.d818.s2.i4 1.000000 1.046901
DS1.d818.s1.i0 1.000000 0.832684
DS1.d818.s1.i1 1.000000 0.946822
DS1.d818.s1.i2 1.000000 0.832684
DS1.d818.s1.i3 1.000000 0.832684
DS1.d818.s1.i4 1.000000 0.946822
DS1.d818.s1.i5 1.000000 0.946822
DS1.d818.s0.i3 1.000000 0.951625
DS1.d818.s0.i2 1.000000 0.889056
DS1.d818.s0.i1 1.000000 0.902568
DS1.d818.s0.i0 1.000000 0.902568
DS1.d92.s0.i0 1.000000 0.719840
DS1.d92.s1.i0 1.000000 0.742210
DS1.d92.s2.i0 1.000000 0.693008
DS1.d92.s3.i0 1.000000 0.905366
DS1.d93.s0.i0 1.000000 0.675165
DS1.d90.s0.i0 -1.000000 -0.788592
DS1.d90.s0.i1 -1.000000 -0.707999
DS1.d90.s1.i5 1.000000 1.017512
DS1.d90.s1.i4 1.000000 0.937897
DS1.d90.s1.i3 1.000000 0.874352
DS1.d90.s1.i2 1.000000 1.015116
DS1.d90.s1.i1 1.000000 1.079748
DS1.d90.s1.i0 1.000000 1.052889
DS1.d91.s0.i5 1.000000 -0.454401
DS1.d91.s0.i4 -1.000000 -0.453196
DS1.d91.s0.i1 -1.000000 -0.803009
DS1.d91.s0.i0 -1.000000 -0.621979
DS1.d91.s0.i3 -1.000000 -0.690921
DS1.d91.s0.i2 -1.000000 -0.591674
DS1.d96.s0.i2 -1.000000 -0.250154
DS1.d96.s0.i3 1.000000 0.296338
DS1.d96.s0.i0 -1.000000 -0.249714
DS1.d96.s0.i1 1.000000 0.323742
DS1.d96.s1.i1 1.000000 0.693078
DS1.d96.s1.i0 1.000000 0.945680
DS1.d97.s0.i0 1.000000 0.365039
DS1.d94.s2.i0 -1.000000 -0.639570
DS1.d94.s0.i0 -1.000000 0.175309
DS1.d94.s1.i2 -1.000000 -0.503063
DS1.d94.s1.i1 -1.000000 -0.743116
DS1.d94.s1.i0 -1.000000 -0.686730
DS1.d95.s0.i1 -1.000000 -0.741434
DS1.d95.s0.i0 -1.000000 -0.873958
DS1.d95.s0.i3 -1.000000 -1.020299
DS1.d95.s0.i2 -1.000000 -0.724132
DS1.d98.s0.i4 1.000000 0.932423
DS1.d98.s0.i5 1.000000 0.905740
DS1.d98.s0.i0 1.000000 0.950339
DS1.d98.s0.i1 1.000000 0.974615
DS1.d98.s0.i2 1.000000 1.043124
DS1.d98.s0.i3 1.000000 0.882315
DS1.d98.s1.i2 -1.000000 -1.110184
DS1.d98.s1.i1 -1.000000 -0.771154
DS1.d98.s1.i0 -1.000000 -0.948105
DS1.d99.s0.i0 1.000000 0.828285
DS1.d626.s0.i0 1.000000 1.266192
DS1.d626.s1.i0 1.000000 0.801368
DS1.d626.s2.i0 1.000000 1.104605
DS1.d626.s3.i0 1.000000 0.699443
DS1.d627.s0.i0 1.000000 0.846544
DS1.d554.s0.i2 1.000000 0.892512
DS1.d554.s0.i0 1.000000 0.864734
DS1.d554.s0.i1 1.000000 0.792983
DS1.d555.s1.i0 -1.000000 -0.586922
DS1.d555.s0.i0 1.000000 0.469503
DS1.d556.s0.i0 -1.000000 -0.464211
DS1.d337.s0.i1 1.000000 1.029665
DS1.d337.s0.i0 1.000000 0.835550
DS1.d550.s0.i6 -1.000000 -0.935749
DS1.d550.s0.i7 -1.000000 -0.831265
DS1.d550.s0.i4 -1.000000 -0.938368
DS1.d550.s0.i5 -1.000000 -1.032964
DS1.d550.s0.i2 -1.000000 -0.955312
DS1.d550.s0.i3 -1.000000 -0.830073
DS1.d550.s0.i0 -1.000000 -1.015421
DS1.d550.s0.i1 -1.000000 -1.018415
DS1.d550.s0.i8 -1.000000 -0.856862
DS1.d551.s0.i0 1.000000 0.888883
DS1.d553.s0.i1 1.000000 0.848363
DS1.d553.s0.i0 1.000000 0.908200
DS1.d253.s0.i0 1.000000 0.791997
DS1.d253.s1.i5 1.000000 0.897301
DS1.d253.s1.i4 1.000000 0.957787
DS1.d253.s1.i7 1.000000 0.919170
DS1.d253.s1.i6 1.000000 0.849731
DS1.d253.s1.i1 1.000000 0.951851
DS1.d253.s1.i0 1.000000 0.956383
DS1.d253.s1.i3 1.000000 0.990042
DS1.d253.s1.i2 1.000000 0.916087
DS1.d253.s2.i0 1.000000 0.926191
DS1.d252.s2.i1 1.000000 0.866237
DS1.d252.s2.i0 1.000000 0.844689
DS1.d252.s2.i2 1.000000 0.955090
DS1.d252.s1.i0 1.000000 1.015626
DS1.d252.s1.i1 1.000000 0.853267
DS1.d252.s1.i2 1.000000 0.876106
DS1.d252.s0.i0 1.000000 0.901641
DS1.d251.s0.i4 1.000000 0.934398
DS1.d251.s0.i5 1.000000 0.882871
DS1.d251.s0.i6 1.000000 0.675418
DS1.d251.s0.i7 1.000000 0.929721
DS1.d251.s0.i0 1.000000 0.945689
DS1.d251.s0.i1 1.000000 0.924072
DS1.d251.s0.i2 1.000000 0.708906
DS1.d251.s0.i3 1.000000 0.808574
DS1.d251.s0.i8 1.000000 0.934166
DS1.d250.s1.i0 1.000000 0.960273
DS1.d250.s0.i1 1.000000 0.950843
DS1.d250.s0.i0 1.000000 0.988829
DS1.d558.s0.i0 -1.000000 -0.541994
DS1.d558.s1.i1 -1.000000 -0.305520
DS1.d558.s1.i0 1.000000 -0.068389
DS1.d559.s0.i3 -1.000000 -0.919012
DS1.d559.s0.i2 -1.000000 -0.828063
DS1.d559.s0.i1 -1.000000 -0.788175
DS1.d559.s0.i0 -1.000000 -0.894769
DS1.d255.s0.i0 -1.000000 -0.834074
DS1.d255.s0.i1 -1.000000 -0.879731
DS1.d331.s0.i3 -1.000000 -0.220049
DS1.d331.s0.i2 1.000000 0.230375
DS1.d331.s0.i1 1.000000 0.243592
DS1.d331.s0.i0 -1.000000 -0.223809
DS1.d620.s0.i20 -1.000000 -1.013326
DS1.d620.s0.i11 -1.000000 -1.082815
DS1.d620.s0.i15 -1.000000 -1.000500
DS1.d620.s0.i10 -1.000000 -0.895752
DS1.d620.s0.i16 -1.000000 -1.019529
DS1.d620.s0.i12 -1.000000 -1.033859
DS1.d620.s0.i17 -1.000000 -0.828616
DS1.d620.s0.i8 -1.000000 -0.882709
DS1.d620.s0.i9 -1.000000 -0.962104
DS1.d620.s0.i18 -1.000000 -0.910931
DS1.d620.s0.i19 -1.000000 -1.092916
DS1.d620.s0.i14 -1.000000 -1.066026
DS1.d620.s0.i13 -1.000000 -0.857767
DS1.d620.s0.i0 -1.000000 -0.963418
DS1.d620.s0.i1 -1.000000 -1.048528
DS1.d620.s0.i2 -1.000000 -1.020283
DS1.d620.s0.i3 -1.000000 -1.038620
DS1.d620.s0.i4 -1.000000 -1.009618
DS1.d620.s0.i5 -1.000000 -0.836645
DS1.d620.s0.i6 -1.000000 -1.041564
DS1.d620.s0.i7 -1.000000 -1.053034
DS1.d620.s1.i0 -1.000000 0.274937
DS1.d621.s4.i1 1.000000 0.221889
DS1.d621.s4.i0 -1.000000 -0.211270
DS1.d621.s1.i0 1.000000 0.596103
DS1.d621.s0.i1 1.000000 1.087673
DS1.d621.s0.i0 1.000000 0.632311
DS1.d621.s3.i0 1.000000 0.673175
DS1.d621.s2.i1 1.000000 0.272519
DS1.d621.s2.i0 -1.000000 0.217743
DS1.d657.s0.i0 -1.000000 -0.317831
DS1.d656.s0.i2 -1.000000 -0.563345
DS1.d656.s0.i1 -1.000000 -0.821705
DS1.d656.s0.i0 -1.000000 -0.807504
DS1.d655.s0.i0 1.000000 0.640807
DS1.d655.s0.i1 1.000000 0.618964
DS1.d655.s1.i2 -1.000000 -0.294135
DS1.d655.s1.i1 1.000000 -0.104012
DS1.d655.s1.i0 -1.000000 -0.348846
DS1.d654.s1.i0 1.000000 0.891751
DS1.d654.s0.i0 1.000000 1.065482
DS1.d653.s0.i2 1.000000 0.894257
DS1.d653.s0.i0 1.000000 0.861490
DS1.d653.s0.i1 1.000000 0.933487
DS1.d652.s2.i1 -1.000000 -0.800952
DS1.d652.s2.i0 -1.000000 -0.596162
DS1.d652.s1.i4 -1.000000 -0.389089
DS1.d652.s1.i5 -1.000000 -0.408084
DS1.d652.s1.i6 1.000000 0.525866
DS1.d652.s1.i7 1.000000 0.360434
DS1.d652.s1.i0 1.000000 0.456215
DS1.d652.s1.i1 -1.000000 -0.355165
DS1.d652.s1.i2 -1.000000 -0.367407
DS1.d652.s1.i3 1.000000 0.353944
DS1.d652.s0.i1 -1.000000 -0.159250
DS1.d652.s0.i0 1.000000 0.340799
DS1.d651.s0.i0 -1.000000 -0.813198
DS1.d650.s1.i0 1.000000 0.849322
DS1.d650.s1.i1 1.000000 0.857963
DS1.d650.s0.i0 1.000000 0.945086
DS1.d650.s3.i0 1.000000 0.830456
DS1.d650.s3.i1 1.000000 0.932296
DS1.d650.s2.i1 1.000000 0.912141
DS1.d650.s2.i0 1.000000 0.788311
DS1.d176.s0.i2 1.000000 0.954473
DS1.d176.s0.i0 1.000000 0.731543
DS1.d176.s0.i1 1.000000 0.678564
DS1.d177.s0.i3 -1.000000 -0.970608
DS1.d177.s0.i2 -1.000000 -0.653727
DS1.d177.s0.i1 -1.000000 -0.661978
DS1.d177.s0.i0 -1.000000 -0.896428
DS1.d177.s0.i7 -1.000000 -0.881922
DS1.d177.s0.i6 -1.000000 -0.923297
DS1.d177.s0.i5 -1.000000 -1.125714
DS1.d177.s0.i4 -1.000000 -1.142228
DS1.d174.s0.i0 -1.000000 -1.159856
DS1.d174.s0.i1 -1.000000 -0.659492
DS1.d174.s0.i2 -1.000000 -1.082447
DS1.d174.s0.i3 -1.000000 -1.103137
DS1.d172.s0.i0 -1.000000 -0.218134
DS1.d172.s0.i1 1.000000 0.331862
DS1.d170.s0.i0 1.000000 0.888789
DS1.d170.s0.i1 1.000000 0.937660
DS1.d809.s1.i0 1.000000 0.912579
DS1.d809.s1.i1 1.000000 0.950145
DS1.d809.s0.i0 1.000000 0.659344
DS1.d178.s0.i0 1.000000 0.863753
DS1.d178.s1.i1 -1.000000 -0.553422
DS1.d178.s1.i0 -1.000000 -0.796318
DS1.d179.s1.i0 -1.000000 -0.647890
DS1.d179.s1.i1 -1.000000 -0.879806
DS1.d179.s0.i20 -1.000000 -1.010107
DS1.d179.s0.i21 -1.000000 -0.959620
DS1.d179.s0.i22 -1.000000 -0.876637
DS1.d179.s0.i23 -1.000000 -0.817932
DS1.d179.s0.i24 -1.000000 -1.061463
DS1.d179.s0.i25 -1.000000 -1.008376
DS1.d179.s0.i26 -1.000000 -1.055444
DS1.d179.s0.i27 -1.000000 -1.081657
DS1.d179.s0.i28 -1.000000 -0.993509
DS1.d179.s0.i29 -1.000000 -0.884349
DS1.d179.s0.i19 -1.000000 -1.030347
DS1.d179.s0.i18 -1.000000 -0.869654
DS1.d179.s0.i15 -1.000000 -0.839384
DS1.d179.s0.i14 -1.000000 -1.038073
DS1.d179.s0.i17 -1.000000 -0.930909
DS1.d179.s0.i16 -1.000000 -0.937214
DS1.d179.s0.i11 -1.000000 -0.958475
DS1.d179.s0.i10 -1.000000 -1.022909
DS1.d179.s0.i13 -1.000000 -0.984859
DS1.d179.s0.i12 -1.000000 -0.839475
DS1.d179.s0.i9 -1.000000 -0.956993
DS1.d179.s0.i8 -1.000000 -0.931639
DS1.d179.s0.i1 -1.000000 -0.993978
DS1.d179.s0.i0 -1.000000 -1.003428
DS1.d179.s0.i3 -1.000000 -1.050439
DS1.d179.s0.i2 -1.000000 -0.898302
DS1.d179.s0.i5 -1.000000 -1.000381
DS1.d179.s0.i4 -1.000000 -1.022388
DS1.d179.s0.i7 -1.000000 -0.948188
DS1.d179.s0.i6 -1.000000 -0.999846
DS1.d179.s2.i0 1.000000 0.835544
DS1.d807.s1.i0 1.000000 0.383747
DS1.d807.s0.i1 1.000000 0.933191
DS1.d807.s0.i0 1.000000 0.920108
DS1.d713.s1.i0 1.000000 0.752907
DS1.d713.s1.i1 1.000000 0.888185
DS1.d713.s0.i1 1.000000 1.037377
DS1.d713.s0.i0 1.000000 1.033535
DS1.d218.s1.i2 -1.000000 -0.793079
DS1.d218.s1.i3 -1.000000 -0.832533
DS1.d218.s1.i0 -1.000000 -0.760714
DS1.d218.s1.i1 -1.000000 -0.830886
DS1.d218.s0.i1 1.000000 0.915995
DS1.d218.s0.i0 1.000000 1.111049
DS1.d288.s0.i6 -1.000000 -0.850380
DS1.d288.s0.i7 -1.000000 -0.868986
DS1.d288.s0.i4 -1.000000 -0.937790
DS1.d288.s0.i5 -1.000000 -0.993261
DS1.d288.s0.i2 -1.000000 -1.005322
DS1.d288.s0.i3 -1.000000 -1.016026
DS1.d288.s0.i0 -1.000000 -0.896680
DS1.d288.s0.i1 -1.000000 -0.979593
DS1.d288.s0.i8 -1.000000 -0.929765
DS1.d288.s1.i1 1.000000 0.430387
DS1.d288.s1.i0 -1.000000 -0.318006
DS1.d288.s1.i3 -1.000000 -0.350752
DS1.d288.s1.i2 1.000000 0.376979
DS1.d289.s0.i2 -1.000000 -0.799802
DS1.d289.s0.i1 -1.000000 -0.899899
DS1.d289.s0.i0 -1.000000 -0.167349
DS1.d284.s0.i0 -1.000000 -0.620781
DS1.d285.s3.i4 -1.000000 -0.784290
DS1.d285.s3.i2 -1.000000 -0.716469
DS1.d285.s3.i3 -1.000000 -0.891560
DS1.d285.s3.i0 -1.000000 -0.620290
DS1.d285.s3.i1 -1.000000 -0.981032
DS1.d285.s2.i1 1.000000 0.771266
DS1.d285.s2.i0 1.000000 0.998067
DS1.d285.s1.i0 1.000000 0.799087
DS1.d285.s1.i1 1.000000 0.949423
DS1.d285.s0.i2 1.000000 1.200566
DS1.d285.s0.i1 1.000000 1.188437
DS1.d285.s0.i0 1.000000 1.223068
DS1.d286.s0.i0 -1.000000 0.184361
DS1.d286.s0.i1 1.000000 0.821864
DS1.d286.s0.i2 1.000000 0.410627
DS1.d287.s1.i0 -1.000000 -0.644295
DS1.d287.s1.i1 -1.000000 -0.677653
DS1.d287.s0.i1 1.000000 1.037297
DS1.d287.s0.i0 1.000000 0.773890
DS1.d287.s3.i0 1.000000 0.537128
DS1.d287.s2.i1 -1.000000 -0.053307
DS1.d287.s2.i0 1.000000 0.310339
DS1.d280.s0.i0 1.000000 0.715158
DS1.d281.s1.i0 1.000000 0.907196
DS1.d281.s1.i1 1.000000 0.859091
DS1.d281.s0.i0 1.000000 0.891098
DS1.d282.s0.i0 1.000000 0.765777
DS1.d282.s1.i1 1.000000 0.789626
DS1.d282.s1.i0 1.000000 0.850265
DS1.d283.s0.i1 1.000000 0.927872
DS1.d283.s0.i0 1.000000 0.924546
DS1.d283.s0.i3 1.000000 0.823102
DS1.d283.s0.i2 1.000000 0.966860
DS1.d675.s0.i0 1.000000 0.311699
DS1.d674.s0.i1 1.000000 0.605343
DS1.d674.s0.i0 1.000000 0.792732
DS1.d677.s0.i0 -1.000000 -0.581971
DS1.d677.s0.i1 -1.000000 -0.568323
DS1.d677.s0.i2 1.000000 -0.389252
DS1.d677.s0.i3 -1.000000 -0.473500
DS1.d676.s0.i0 1.000000 0.635032
DS1.d778.s0.i0 1.000000 1.093932
DS1.d778.s1.i1 1.000000 0.692016
DS1.d778.s1.i0 -1.000000 -0.291637
DS1.d778.s2.i0 1.000000 0.937040
DS1.d778.s2.i1 1.000000 0.993342
DS1.d779.s0.i0 -1.000000 -0.473852
DS1.d673.s0.i0 1.000000 0.798509
DS1.d672.s0.i1 -1.000000 -0.895074
DS1.d672.s0.i0 1.000000 0.148057
DS1.d672.s0.i3 -1.000000 -0.747117
DS1.d672.s0.i2 1.000000 0.291749
DS1.d672.s0.i5 -1.000000 -0.736941
DS1.d672.s0.i4 -1.000000 -0.535155
DS1.d672.s0.i7 -1.000000 -0.718223
DS1.d672.s0.i6 -1.000000 -0.512410
DS1.d672.s0.i9 -1.000000 -0.847080
DS1.d672.s0.i8 1.000000 0.314229
DS1.d672.s0.i11 -1.000000 -0.722219
DS1.d672.s0.i10 -1.000000 -0.692381
DS1.d774.s0.i0 -1.000000 -0.094661
DS1.d774.s0.i1 1.000000 0.588345
DS1.d774.s1.i1 1.000000 0.463776
DS1.d774.s1.i0 -1.000000 -0.254254
DS1.d775.s0.i0 1.000000 1.043798
DS1.d776.s0.i0 1.000000 0.706879
DS1.d776.s0.i1 1.000000 0.706879
DS1.d777.s0.i0 -1.000000 0.079472
DS1.d770.s0.i0 1.000000 0.845229
DS1.d770.s0.i1 1.000000 0.958198
DS1.d678.s0.i3 -1.000000 -0.981695
DS1.d678.s0.i2 -1.000000 -0.746512
DS1.d678.s0.i1 -1.000000 -0.895893
DS1.d678.s0.i0 -1.000000 -0.797976
DS1.d772.s0.i0 -1.000000 -0.560199
DS1.d772.s0.i1 -1.000000 -0.579072
DS1.d773.s0.i1 -1.000000 -0.677082
DS1.d773.s0.i0 -1.000000 -0.697864
DS1.d473.s0.i0 -1.000000 0.135804
DS1.d473.s0.i1 -1.000000 0.141050
DS1.d472.s0.i1 1.000000 0.821956
DS1.d472.s0.i0 1.000000 0.911543
DS1.d471.s0.i4 1.000000 0.897003
DS1.d471.s0.i5 1.000000 0.876456
DS1.d471.s0.i0 1.000000 0.969309
DS1.d471.s0.i1 1.000000 0.841920
DS1.d471.s0.i2 1.000000 1.002459
DS1.d471.s0.i3 1.000000 0.859594
DS1.d470.s0.i0 1.000000 0.940760
DS1.d477.s0.i0 1.000000 0.810019
DS1.d493.s0.i0 1.000000 0.806683
DS1.d493.s0.i1 1.000000 0.942974
DS1.d493.s0.i2 1.000000 0.872743
DS1.d493.s1.i0 1.000000 1.025101
DS1.d475.s2.i0 1.000000 0.985337
DS1.d475.s0.i0 -1.000000 -0.426675
DS1.d475.s0.i1 1.000000 0.244851
DS1.d475.s1.i0 1.000000 0.675375
DS1.d474.s0.i0 -1.000000 0.105544
DS1.d479.s0.i0 1.000000 0.757669
DS1.d719.s0.i1 -1.000000 0.090308
DS1.d719.s0.i0 1.000000 0.232058
DS1.d56.s0.i0 1.000000 0.664798
DS1.d57.s0.i0 1.000000 0.940554
DS1.d699.s2.i0 1.000000 0.358131
DS1.d699.s0.i0 1.000000 1.000476
DS1.d699.s0.i1 1.000000 1.000476
DS1.d699.s1.i2 -1.000000 -0.549406
DS1.d699.s1.i1 -1.000000 -0.633114
DS1.d699.s1.i0 1.000000 0.165520
DS1.d698.s1.i0 1.000000 0.790734
DS1.d698.s0.i0 1.000000 0.520395
DS1.d52.s0.i0 1.000000 0.010401
DS1.d52.s1.i0 1.000000 0.532355
DS1.d52.s2.i0 1.000000 0.548053
DS1.d53.s0.i0 1.000000 0.659153
DS1.d50.s0.i0 1.000000 0.868866
DS1.d51.s0.i1 -1.000000 -0.568794
DS1.d51.s0.i0 -1.000000 -0.779675
DS1.d51.s0.i2 -1.000000 -0.588619
DS1.d692.s0.i1 1.000000 1.011304
DS1.d692.s0.i0 1.000000 0.915106
DS1.d697.s0.i2 1.000000 0.817669
DS1.d697.s0.i3 1.000000 0.859340
DS1.d697.s0.i0 1.000000 0.888633
DS1.d697.s0.i1 1.000000 0.905441
DS1.d696.s3.i2 -1.000000 0.644844
DS1.d696.s3.i0 1.000000 0.691807
DS1.d696.s3.i1 1.000000 0.731010
DS1.d696.s2.i0 1.000000 0.894887
DS1.d696.s1.i0 1.000000 0.312786
DS1.d696.s1.i1 -1.000000 -0.092058
DS1.d696.s0.i5 -1.000000 0.087361
DS1.d696.s0.i4 1.000000 0.644179
DS1.d696.s0.i3 1.000000 0.207957
DS1.d696.s0.i2 -1.000000 0.011318
DS1.d696.s0.i1 1.000000 0.734878
DS1.d696.s0.i0 1.000000 0.251714
DS1.d696.s5.i0 1.000000 0.561861
DS1.d696.s5.i1 1.000000 0.289482
DS1.d696.s5.i2 -1.000000 0.328597
DS1.d696.s4.i0 1.000000 1.120271
DS1.d695.s2.i0 1.000000 0.863297
DS1.d695.s2.i1 1.000000 0.583621
DS1.d695.s0.i0 1.000000 0.827245
DS1.d695.s0.i1 1.000000 0.791809
DS1.d695.s1.i2 -1.000000 -1.037583
DS1.d695.s1.i1 -1.000000 -0.444309
DS1.d695.s1.i0 -1.000000 -0.307380
DS1.d694.s0.i1 -1.000000 -0.085371
DS1.d694.s0.i0 1.000000 0.320079
DS1.d694.s0.i2 1.000000 0.525998
DS1.d703.s0.i0 1.000000 0.991915
DS1.d590.s0.i0 1.000000 0.836851
DS1.d591.s0.i3 1.000000 0.690991
DS1.d591.s0.i2 1.000000 0.634168
DS1.d591.s0.i1 1.000000 0.923821
DS1.d591.s0.i0 1.000000 0.862528
DS1.d592.s0.i0 1.000000 0.632038
DS1.d593.s0.i0 1.000000 0.936424
DS1.d594.s0.i2 1.000000 0.843168
DS1.d594.s0.i0 1.000000 0.858574
DS1.d594.s0.i1 1.000000 0.971111
DS1.d595.s0.i2 1.000000 0.936998
DS1.d595.s0.i1 1.000000 0.920647
DS1.d595.s0.i0 1.000000 0.787407
DS1.d596.s0.i0 1.000000 0.780313
DS1.d596.s0.i1 1.000000 1.053051
DS1.d597.s0.i1 -1.000000 -0.846884
DS1.d597.s0.i0 -1.000000 -1.053187
DS1.d597.s0.i3 -1.000000 -0.869424
DS1.d597.s0.i2 -1.000000 -0.877868
DS1.d597.s0.i5 -1.000000 -0.771145
DS1.d597.s0.i4 -1.000000 -0.849748
DS1.d444.s0.i0 -1.000000 -0.595227
DS1.d444.s0.i1 1.000000 0.727580
DS1.d444.s0.i2 -1.000000 -0.640446
DS1.d600.s0.i0 1.000000 0.943134
DS1.d601.s0.i0 1.000000 0.591890
DS1.d215.s0.i0 -1.000000 -0.948297
DS1.d215.s0.i1 -1.000000 -0.897947
DS1.d215.s0.i2 -1.000000 -0.792094
DS1.d215.s0.i3 -1.000000 -0.759045
DS1.d215.s1.i0 -1.000000 -0.769346
DS1.d603.s0.i1 1.000000 0.711084
DS1.d603.s0.i0 1.000000 0.690490
DS1.d604.s0.i0 1.000000 0.953743
DS1.d605.s1.i0 -1.000000 0.003481
DS1.d605.s1.i1 1.000000 0.060281
DS1.d605.s1.i2 1.000000 0.740049
DS1.d605.s0.i4 -1.000000 -0.391660
DS1.d605.s0.i3 -1.000000 -0.396304
DS1.d605.s0.i2 1.000000 0.348581
DS1.d605.s0.i1 -1.000000 -0.360248
DS1.d605.s0.i0 1.000000 0.404048
DS1.d211.s0.i0 1.000000 1.166109
DS1.d359.s0.i1 -1.000000 -0.221128
DS1.d359.s0.i0 1.000000 0.450249
DS1.d608.s0.i0 1.000000 0.943835
DS1.d608.s0.i1 1.000000 0.790925
DS1.d608.s1.i1 1.000000 0.637139
DS1.d608.s1.i0 1.000000 0.700047
DS1.d609.s1.i0 -1.000000 -0.335134
DS1.d609.s1.i1 -1.000000 -0.308844
DS1.d609.s1.i2 1.000000 0.280888
DS1.d609.s0.i1 1.000000 0.287347
DS1.d609.s0.i0 -1.000000 -0.313449
DS1.d354.s0.i0 1.000000 0.720588
DS1.d355.s0.i0 -1.000000 -0.893444
DS1.d352.s0.i0 1.000000 1.038617
DS1.d352.s0.i1 1.000000 1.038866
DS1.d353.s0.i1 1.000000 0.957135
DS1.d353.s0.i0 1.000000 1.061661
DS1.d350.s0.i0 1.000000 0.894188
DS1.d350.s0.i1 1.000000 0.868311
DS1.d350.s0.i2 1.000000 0.932551
DS1.d350.s0.i3 1.000000 0.775078
DS1.d350.s1.i3 -1.000000 -0.840741
DS1.d350.s1.i2 -1.000000 -0.772788
DS1.d350.s1.i1 -1.000000 -0.820492
DS1.d350.s1.i0 -1.000000 -0.806529
DS1.d351.s0.i1 -1.000000 -0.679709
DS1.d351.s0.i0 -1.000000 -0.853685
DS1.d351.s0.i3 -1.000000 -0.894124
DS1.d351.s0.i2 -1.000000 -0.984442
DS1.d828.s0.i0 -1.000000 -0.360237
DS1.d829.s0.i0 1.000000 0.630123
DS1.d440.s0.i0 1.000000 0.693932
DS1.d820.s0.i2 -1.000000 -0.280151
DS1.d820.s0.i0 -1.000000 -0.793868
DS1.d820.s0.i1 -1.000000 -0.657357
DS1.d820.s1.i0 1.000000 0.704919
DS1.d820.s2.i0 -1.000000 -0.170243
DS1.d820.s2.i1 -1.000000 -0.589414
DS1.d820.s3.i0 -1.000000 -0.557974
DS1.d821.s0.i1 -1.000000 -0.679511
DS1.d821.s0.i0 -1.000000 -0.820384
DS1.d823.s0.i0 -1.000000 -0.601639
DS1.d826.s2.i2 1.000000 1.166665
DS1.d826.s2.i3 1.000000 1.175354
DS1.d826.s2.i0 1.000000 0.705269
DS1.d826.s2.i1 1.000000 0.785700
DS1.d826.s3.i1 1.000000 0.865261
DS1.d826.s3.i0 1.000000 0.865261
DS1.d826.s3.i3 1.000000 0.906211
DS1.d826.s3.i2 1.000000 0.906211
DS1.d826.s0.i0 1.000000 0.040085
DS1.d826.s0.i1 1.000000 0.086690
DS1.d826.s0.i2 -1.000000 -0.009307
DS1.d826.s0.i3 -1.000000 0.039687
DS1.d826.s0.i4 -1.000000 0.040890
DS1.d826.s0.i5 1.000000 0.030548
DS1.d826.s0.i6 1.000000 0.081280
DS1.d826.s0.i7 -1.000000 0.000284
DS1.d826.s1.i2 1.000000 0.799021
DS1.d826.s1.i1 1.000000 0.966508
DS1.d826.s1.i0 1.000000 0.639161
DS1.d827.s0.i1 -1.000000 -0.756374
DS1.d827.s0.i0 -1.000000 -0.781208
DS1.d827.s0.i2 -1.000000 -0.886798
DS1.d732.s0.i0 -1.000000 0.389135
DS1.d732.s0.i1 1.000000 0.255089
DS1.d732.s0.i2 1.000000 0.312233
DS1.d513.s0.i0 1.000000 0.782337
DS1.d733.s0.i1 1.000000 0.845186
DS1.d733.s0.i0 1.000000 0.966000
DS1.d733.s0.i3 1.000000 0.903849
DS1.d733.s0.i2 1.000000 0.909402
DS1.d509.s0.i0 -1.000000 -0.863518
DS1.d509.s0.i1 -1.000000 -0.750247
DS1.d509.s0.i2 -1.000000 -0.694633
DS1.d508.s0.i0 1.000000 0.767800
DS1.d503.s0.i0 1.000000 0.899557
DS1.d502.s1.i0 1.000000 -0.049856
DS1.d502.s1.i1 -1.000000 0.210857
DS1.d502.s1.i2 -1.000000 0.273887
DS1.d502.s0.i2 1.000000 0.502286
DS1.d502.s0.i1 1.000000 0.941802
DS1.d502.s0.i0 1.000000 0.728826
DS1.d501.s0.i0 1.000000 0.830190
DS1.d501.s0.i1 1.000000 0.745601
DS1.d500.s0.i0 1.000000 0.932584
DS1.d507.s0.i0 1.000000 0.066630
DS1.d507.s0.i1 -1.000000 0.260414
DS1.d506.s0.i1 1.000000 0.745489
DS1.d506.s0.i0 1.000000 0.901884
DS1.d505.s0.i0 1.000000 0.736481
DS1.d504.s1.i0 1.000000 0.787998
DS1.d504.s1.i1 1.000000 1.094954
DS1.d504.s0.i0 1.000000 0.792432
DS1.d132.s0.i0 1.000000 -0.121253
DS1.d133.s3.i0 1.000000 0.627526
DS1.d133.s2.i0 1.000000 0.763024
DS1.d133.s1.i0 1.000000 0.834119
DS1.d133.s0.i0 1.000000 0.789329
DS1.d130.s0.i8 1.000000 1.138821
DS1.d130.s0.i9 1.000000 1.020758
DS1.d130.s0.i4 1.000000 0.903479
DS1.d130.s0.i5 1.000000 0.960602
DS1.d130.s0.i6 1.000000 0.989432
DS1.d130.s0.i7 1.000000 1.116079
DS1.d130.s0.i0 1.000000 0.835166
DS1.d130.s0.i1 1.000000 1.071806
DS1.d130.s0.i2 1.000000 0.923734
DS1.d130.s0.i3 1.000000 0.963457
DS1.d131.s0.i0 1.000000 0.813383
DS1.d136.s0.i0 1.000000 0.632187
DS1.d136.s0.i1 1.000000 0.755395
DS1.d134.s0.i0 1.000000 0.769863
DS1.d134.s0.i1 1.000000 0.707295
DS1.d135.s1.i2 -1.000000 -0.531203
DS1.d135.s1.i0 1.000000 -0.306677
DS1.d135.s1.i1 -1.000000 -0.273257
DS1.d135.s0.i1 1.000000 0.706492
DS1.d135.s0.i0 1.000000 0.733417
DS1.d138.s2.i0 1.000000 0.854757
DS1.d138.s3.i0 1.000000 0.944704
DS1.d138.s0.i0 1.000000 0.860243
DS1.d138.s1.i0 1.000000 0.346442
DS1.d139.s1.i2 1.000000 0.907788
DS1.d139.s1.i3 1.000000 0.972366
DS1.d139.s1.i0 1.000000 0.941348
DS1.d139.s1.i1 1.000000 0.875269
DS1.d139.s0.i1 -1.000000 -0.608523
DS1.d139.s0.i0 -1.000000 -0.632969
DS1.d139.s2.i2 1.000000 0.878280
DS1.d139.s2.i1 1.000000 0.826969
DS1.d139.s2.i0 1.000000 0.826969
DS1.d521.s0.i0 1.000000 0.933354
DS1.d521.s0.i1 1.000000 0.851212
DS1.d520.s1.i0 1.000000 1.015570
DS1.d520.s1.i1 1.000000 0.636326
DS1.d520.s1.i2 1.000000 0.578285
DS1.d520.s0.i1 -1.000000 -0.475017
DS1.d520.s0.i0 1.000000 0.302495
DS1.d791.s0.i0 1.000000 0.678100
DS1.d371.s0.i3 1.000000 0.792530
DS1.d371.s0.i2 1.000000 0.871992
DS1.d371.s0.i1 1.000000 0.873098
DS1.d371.s0.i0 1.000000 0.937084
DS1.d402.s0.i2 1.000000 0.475560
DS1.d402.s0.i0 -1.000000 0.129706
DS1.d402.s0.i1 1.000000 0.425509
DS1.d402.s1.i1 -1.000000 -0.692730
DS1.d402.s1.i0 -1.000000 -0.704358
DS1.d402.s2.i0 1.000000 0.522270
DS1.d402.s2.i1 1.000000 0.686709
DS1.d402.s2.i2 -1.000000 0.241148
DS1.d402.s2.i3 1.000000 0.566228
DS1.d402.s3.i2 1.000000 0.667674
DS1.d402.s3.i1 -1.000000 0.097285
DS1.d402.s3.i0 1.000000 0.507635
DS1.d439.s0.i0 1.000000 0.682507
DS1.d438.s0.i0 1.000000 0.854279
DS1.d436.s0.i0 1.000000 0.681603
DS1.d435.s0.i0 1.000000 0.667028
DS1.d435.s0.i1 1.000000 0.881756
DS1.d434.s0.i0 1.000000 0.802690
DS1.d433.s0.i0 1.000000 0.735039
DS1.d433.s1.i1 1.000000 0.796561
DS1.d433.s1.i0 1.000000 0.971871
DS1.d433.s1.i3 1.000000 0.915347
DS1.d433.s1.i2 1.000000 0.998747
DS1.d433.s2.i0 1.000000 1.045718
DS1.d433.s3.i0 1.000000 0.866757
DS1.d432.s1.i0 1.000000 1.118381
DS1.d432.s1.i1 1.000000 0.972177
DS1.d432.s0.i3 1.000000 0.529512
DS1.d432.s0.i2 1.000000 1.219825
DS1.d432.s0.i1 1.000000 0.611171
DS1.d432.s0.i0 1.000000 1.057125
DS1.d431.s0.i0 1.000000 0.767211
DS1.d431.s0.i1 1.000000 1.095671
DS1.d431.s0.i2 1.000000 0.801985
DS1.d431.s0.i3 1.000000 0.988344
DS1.d431.s0.i4 1.000000 0.878623
DS1.d431.s0.i5 1.000000 1.011690
DS1.d430.s0.i1 1.000000 0.940666
DS1.d430.s0.i0 1.000000 0.891952
DS1.d430.s0.i3 1.000000 0.908989
DS1.d430.s0.i2 1.000000 0.950936
