DS1.d9.s0.i0 1.0 1.2489773414
DS1.d13.s0.i0 1.0 0.559532609282
DS1.d13.s0.i1 1.0 0.915076614308
DS1.d13.s1.i0 1.0 -0.683694395223
DS1.d13.s2.i0 1.0 1.11350563871
DS1.d13.s2.i1 1.0 1.06977451435
DS1.d13.s2.i2 1.0 1.46930277457
DS1.d13.s3.i0 -1 -0.195861449298
DS1.d13.s3.i1 -1 0.213589249046
DS1.d13.s4.i0 1.0 1.6878502298
DS1.d13.s4.i1 -1 0.474202486619
DS1.d34.s0.i0 1.0 -0.401704497494
DS1.d34.s0.i1 1.0 0.435430835296
DS1.d36.s0.i0 1.0 2.59112846957
DS1.d36.s1.i0 1.0 0.68533023594
DS1.d36.s2.i0 1.0 2.08466544976
DS1.d36.s2.i1 1.0 1.80619157852
DS1.d42.s0.i0 1.0 0.150437678922
DS1.d55.s0.i0 1.0 1.31848947194
DS1.d84.s0.i0 -1 0.609553019073
DS1.d84.s0.i1 -1 0.0517666388467
DS1.d88.s0.i0 -1 -1.11321651903
DS1.d88.s0.i1 -1 -0.896260610586
DS1.d93.s0.i0 1.0 0.169843722771
DS1.d95.s0.i0 -1 0.40375302291
DS1.d95.s0.i1 -1 0.403866208952
DS1.d95.s0.i2 -1 0.512925743572
DS1.d95.s0.i3 -1 0.552666614978
DS1.d104.s0.i0 -1 1.0072395696
DS1.d113.s0.i0 -1 0.304669055416
DS1.d113.s0.i1 -1 0.304669055416
DS1.d119.s0.i0 -1 0.407447390798
DS1.d119.s0.i1 -1 -0.414465896233
DS1.d119.s0.i2 -1 0.308545446522
DS1.d122.s0.i0 1.0 0.120925171114
DS1.d124.s0.i0 1.0 0.332027042465
DS1.d124.s0.i1 1.0 0.620410056132
DS1.d124.s0.i2 1.0 0.451480600467
DS1.d124.s0.i3 1.0 0.630605014801
DS1.d124.s0.i4 1.0 0.332111240259
DS1.d124.s0.i5 1.0 0.451396402673
DS1.d126.s0.i0 1.0 0.942385299231
DS1.d141.s0.i0 -1 1.42921012552
DS1.d141.s1.i0 1.0 0.441984451006
DS1.d141.s1.i1 1.0 0.874395296924
DS1.d141.s2.i0 1.0 0.0946287774847
DS1.d147.s0.i0 -1 -0.116225724166
DS1.d147.s0.i1 -1 0.479732570759
DS1.d147.s0.i2 -1 -0.995384533465
DS1.d147.s0.i3 -1 0.926393738985
DS1.d160.s0.i0 -1 0.370786193655
DS1.d160.s0.i1 -1 0.299491960874
DS1.d160.s0.i2 -1 0.298370221462
DS1.d160.s0.i3 -1 0.559847047557
DS1.d160.s0.i4 -1 0.789203807545
DS1.d160.s0.i5 -1 0.313235503023
DS1.d178.s0.i0 1.0 1.78157860988
DS1.d178.s1.i0 -1 -0.327056062592
DS1.d178.s1.i1 -1 -0.00587598081349
DS1.d181.s0.i0 1.0 2.31393286286
DS1.d183.s0.i0 -1 1.03738953879
DS1.d183.s0.i1 -1 0.97695111135
DS1.d183.s0.i2 -1 0.830048038509
DS1.d188.s0.i0 -1 -0.53648641142
DS1.d188.s0.i1 -1 -0.564859134209
DS1.d189.s0.i0 -1 0.801290509738
DS1.d200.s0.i0 1.0 1.1288793955
DS1.d200.s0.i1 -1 -0.852451791288
DS1.d217.s0.i0 -1 1.91139138869
DS1.d217.s1.i0 -1 0.50352425675
DS1.d217.s1.i1 -1 0.107677616682
DS1.d222.s0.i0 1.0 0.130952081647
DS1.d227.s0.i0 1.0 -0.130013353087
DS1.d227.s0.i1 1.0 -0.130013353087
DS1.d228.s0.i0 1.0 1.39481886511
DS1.d228.s1.i0 1.0 1.11904773304
DS1.d228.s1.i1 1.0 1.61112279358
DS1.d230.s0.i0 1.0 0.573081634631
DS1.d230.s0.i1 1.0 1.22736742013
DS1.d230.s0.i2 1.0 0.904709555154
DS1.d230.s0.i3 1.0 1.13810647258
DS1.d269.s0.i0 1.0 1.81475860595
DS1.d269.s1.i0 1.0 -0.489510814519
DS1.d269.s1.i1 1.0 -0.382773300756
DS1.d269.s1.i2 -1 -1.62129245158
DS1.d269.s2.i0 -1 -0.56654394813
DS1.d269.s2.i1 -1 -1.05831506596
DS1.d269.s2.i2 1.0 -0.355378904458
DS1.d269.s2.i3 -1 -1.08306355778
DS1.d269.s2.i4 1.0 -0.523117612995
DS1.d269.s2.i5 -1 -0.558128884076
DS1.d269.s2.i6 -1 -0.445894979912
DS1.d269.s2.i7 -1 -0.320586270591
DS1.d272.s0.i0 1.0 -0.323507290372
DS1.d272.s0.i1 1.0 -0.0785787726484
DS1.d272.s0.i2 1.0 -0.346297065975
DS1.d272.s1.i0 1.0 -0.230239044391
DS1.d272.s1.i1 1.0 -0.247758522427
DS1.d272.s1.i2 1.0 -0.467434499687
DS1.d272.s2.i0 1.0 1.26310544969
DS1.d272.s3.i0 1.0 0.93364467262
DS1.d272.s4.i0 -1 -1.16276382881
DS1.d273.s0.i0 1.0 0.812045085014
DS1.d273.s1.i0 1.0 0.00646079330465
DS1.d273.s1.i1 1.0 0.410735181847
DS1.d274.s0.i0 1.0 0.538752393572
DS1.d278.s0.i0 1.0 1.06799930205
DS1.d278.s0.i1 1.0 0.871855031386
DS1.d278.s0.i2 1.0 0.871855031386
DS1.d278.s0.i3 1.0 1.06799930205
DS1.d303.s0.i0 1.0 0.120165055402
DS1.d303.s0.i1 -1 0.102621963217
DS1.d304.s0.i0 -1 0.658829284337
DS1.d316.s0.i0 1.0 -0.112945566525
DS1.d316.s0.i1 1.0 -0.437870717037
DS1.d316.s1.i0 1.0 0.0131282183805
DS1.d316.s1.i1 1.0 -0.0316551634264
DS1.d316.s2.i0 1.0 0.585521601035
DS1.d316.s2.i1 1.0 0.585521601035
DS1.d317.s0.i0 1.0 -0.646472136375
DS1.d317.s0.i1 1.0 -0.662804707242
DS1.d317.s0.i2 1.0 -0.419956799313
DS1.d317.s0.i3 1.0 -0.396544331597
DS1.d317.s0.i4 1.0 -0.656929459119
DS1.d317.s0.i5 1.0 -0.674832800375
DS1.d317.s0.i6 1.0 -0.545716963329
DS1.d317.s0.i7 1.0 -0.67050336519
DS1.d317.s0.i8 1.0 -0.552218419453
DS1.d317.s0.i9 1.0 -0.423102582408
DS1.d317.s0.i10 1.0 -0.527813622074
DS1.d317.s0.i11 1.0 -0.654170794322
DS1.d336.s0.i0 1.0 0.84391083613
DS1.d347.s0.i0 1.0 0.0859219420447
DS1.d347.s1.i0 -1 -0.477871494052
DS1.d347.s1.i1 -1 -1.13310788138
DS1.d347.s1.i2 -1 -0.498310307925
DS1.d347.s1.i3 -1 -0.474194343854
DS1.d347.s1.i4 -1 -0.695368711868
DS1.d347.s1.i5 -1 -0.976850874997
DS1.d381.s0.i0 -1 0.613977582276
DS1.d381.s0.i1 1.0 0.636202178936
DS1.d381.s0.i2 1.0 0.971794570806
DS1.d381.s0.i3 1.0 0.717703981107
DS1.d381.s0.i4 -1 0.532475780105
DS1.d381.s0.i5 -1 0.862226738227
DS1.d381.s1.i0 1.0 0.0534232284091
DS1.d400.s0.i0 1.0 1.31455509917
DS1.d400.s0.i1 1.0 0.822798970409
DS1.d426.s0.i0 1.0 0.581170088103
DS1.d427.s0.i0 1.0 -0.39506983871
DS1.d427.s0.i1 1.0 0.579101363216
DS1.d459.s0.i0 -1 -0.110640358999
DS1.d459.s0.i1 -1 0.25963732672
DS1.d459.s0.i2 -1 0.163489599974
DS1.d459.s0.i3 -1 -0.0982712677829
DS1.d461.s0.i0 -1 -0.191241797005
DS1.d461.s0.i1 -1 -0.0757584715048
DS1.d461.s0.i2 -1 0.0546078768344
DS1.d461.s0.i3 -1 0.193868954169
DS1.d467.s0.i0 1.0 1.51618720022
DS1.d474.s0.i0 -1 1.22824056661
DS1.d492.s0.i0 1.0 1.32568508906
DS1.d492.s0.i1 -1 0.543804837999
DS1.d492.s1.i0 1.0 0.743804781698
DS1.d492.s1.i1 1.0 1.21548932143
DS1.d492.s1.i2 1.0 1.66664374257
DS1.d492.s2.i0 1.0 0.69194111065
DS1.d492.s3.i0 -1 -0.243893773039
DS1.d498.s0.i0 1.0 0.641122965951
DS1.d498.s0.i1 1.0 0.641122965951
DS1.d520.s0.i0 1.0 0.704084935202
DS1.d520.s0.i1 -1 0.244401545965
DS1.d520.s1.i0 1.0 0.0394228292986
DS1.d520.s1.i1 1.0 -0.45965395616
DS1.d520.s1.i2 1.0 -0.234526596642
DS1.d526.s0.i0 1.0 0.744587018391
DS1.d526.s0.i1 1.0 1.00379286096
DS1.d526.s0.i2 1.0 1.00312387455
DS1.d526.s0.i3 1.0 0.296772423839
DS1.d526.s1.i0 1.0 -0.337209096562
DS1.d526.s1.i1 1.0 -0.337209096562
DS1.d526.s2.i0 -1 0.692376874159
DS1.d526.s2.i1 -1 1.13660562296
DS1.d532.s0.i0 -1 0.857138736198
DS1.d539.s0.i0 1.0 0.17633279697
DS1.d539.s0.i1 -1 -1.1332691732
DS1.d550.s0.i0 -1 -0.203110855523
DS1.d550.s0.i1 -1 0.308368837725
DS1.d550.s0.i2 -1 0.732346097666
DS1.d550.s0.i3 -1 0.125578531903
DS1.d550.s0.i4 -1 0.2134889249
DS1.d550.s0.i5 -1 0.0191954992518
DS1.d550.s0.i6 -1 0.162812135091
DS1.d550.s0.i7 -1 0.101837191597
DS1.d550.s0.i8 -1 0.579308334367
DS1.d563.s0.i0 1.0 0.101112039019
DS1.d563.s0.i1 1.0 0.169165103007
DS1.d563.s0.i2 1.0 0.994662821148
DS1.d563.s0.i3 1.0 0.1148337846
DS1.d563.s0.i4 1.0 1.01795296837
DS1.d563.s0.i5 1.0 1.04783108152
DS1.d563.s0.i6 1.0 1.00838456673
DS1.d563.s0.i7 1.0 0.182886848586
DS1.d564.s0.i0 -1 -0.95433273275
DS1.d564.s0.i1 -1 -0.612751399038
DS1.d565.s0.i0 1.0 1.27419659811
DS1.d569.s0.i0 1.0 2.46440981086
DS1.d569.s0.i1 -1 0.396409632139
DS1.d570.s0.i0 1.0 1.21280939192
DS1.d570.s1.i0 1.0 0.618185336799
DS1.d570.s2.i0 1.0 1.55160974401
DS1.d570.s3.i0 1.0 1.16823901892
DS1.d573.s0.i0 1.0 1.17945096347
DS1.d573.s0.i1 1.0 1.52946388781
DS1.d573.s0.i2 1.0 1.36843086415
DS1.d573.s0.i3 1.0 1.00245584818
DS1.d579.s0.i0 -1 0.259711942284
DS1.d579.s0.i1 -1 -0.432721304018
DS1.d579.s0.i2 -1 -0.258925795157
DS1.d579.s0.i3 -1 0.197128579567
DS1.d582.s0.i0 1.0 0.100867456203
DS1.d582.s0.i1 1.0 -0.779837450113
DS1.d584.s0.i0 -1 0.533756490349
DS1.d593.s0.i0 1.0 1.07612828707
DS1.d633.s0.i0 1.0 0.386188572305
DS1.d633.s0.i1 1.0 0.455386342188
DS1.d633.s0.i2 1.0 0.901112480294
DS1.d633.s0.i3 1.0 0.484227279671
DS1.d633.s1.i0 1.0 0.730390574265
DS1.d633.s1.i1 1.0 0.869015047459
DS1.d633.s1.i2 1.0 0.643834784799
DS1.d633.s1.i3 1.0 0.897958991746
DS1.d633.s2.i0 1.0 1.17201238174
DS1.d633.s2.i1 1.0 0.899470129743
DS1.d633.s3.i0 1.0 1.91572037777
DS1.d633.s3.i1 1.0 1.75145866135
DS1.d639.s0.i0 -1 -0.279608219444
DS1.d640.s0.i0 -1 0.404198288601
DS1.d643.s0.i0 -1 0.504112044858
DS1.d643.s0.i1 -1 0.716491404048
DS1.d643.s0.i2 -1 0.572959108835
DS1.d643.s0.i3 1.0 0.629897487313
DS1.d643.s0.i4 -1 0.331968758568
DS1.d643.s0.i5 1.0 0.568261010556
DS1.d656.s0.i0 -1 0.12902976595
DS1.d656.s0.i1 -1 0.14545172584
DS1.d656.s0.i2 -1 0.689437664398
DS1.d683.s0.i0 -1 0.752065008389
DS1.d683.s0.i1 -1 0.736342414929
DS1.d683.s0.i2 -1 0.558537294646
DS1.d683.s0.i3 -1 0.78049161161
DS1.d683.s0.i4 -1 0.470685882292
DS1.d683.s0.i5 -1 0.832379872545
DS1.d692.s0.i0 1.0 1.56752779831
DS1.d692.s0.i1 1.0 1.46527857556
DS1.d696.s0.i0 1.0 0.490099073175
DS1.d696.s0.i1 1.0 0.324030469023
DS1.d696.s0.i2 -1 1.08058137562
DS1.d696.s0.i3 1.0 0.706388567228
DS1.d696.s0.i4 1.0 1.19989561753
DS1.d696.s0.i5 -1 0.880198963691
DS1.d696.s1.i0 1.0 2.04870360121
DS1.d696.s1.i1 -1 1.01209923048
DS1.d696.s2.i0 1.0 2.40843403704
DS1.d696.s3.i0 1.0 0.752560717073
DS1.d696.s3.i1 1.0 0.791106502877
DS1.d696.s3.i2 -1 -0.0430293897212
DS1.d696.s4.i0 1.0 2.36390115166
DS1.d696.s5.i0 1.0 1.6207930276
DS1.d696.s5.i1 1.0 0.795248981708
DS1.d696.s5.i2 -1 0.404760146096
DS1.d711.s0.i0 -1 0.130165274144
DS1.d741.s0.i0 1.0 2.01296290536
DS1.d744.s0.i0 -1 0.0931848453753
DS1.d744.s0.i1 -1 0.434998775659
DS1.d769.s0.i0 1.0 0.903028331441
DS1.d782.s0.i0 1.0 0.617479451871
DS1.d797.s0.i0 1.0 0.434158877788
DS1.d797.s1.i0 1.0 0.179220838893
DS1.d797.s1.i1 1.0 0.543108516155
DS1.d797.s1.i2 1.0 -0.0756353374756
DS1.d807.s0.i0 1.0 0.445254278072
DS1.d807.s0.i1 1.0 0.717790607029
DS1.d807.s1.i0 1.0 0.185184175274
DS1.d814.s0.i0 -1 -0.156320681159
DS1.d814.s0.i1 -1 -0.0133712991211
DS1.d814.s0.i2 -1 -0.233155133477
DS1.d814.s1.i0 -1 -1.43966934443
DS1.d814.s1.i1 -1 -1.71185744689
DS1.d819.s0.i0 -1 0.607097619521
DS1.d819.s0.i1 -1 0.240002938403
