DS1.d9.s0.i0 1.0 1.21003126467
DS1.d13.s0.i0 1.0 1.0184271402
DS1.d13.s0.i1 1.0 1.08900181158
DS1.d13.s1.i0 1.0 -0.00986053951164
DS1.d13.s2.i0 1.0 0.868539674405
DS1.d13.s2.i1 1.0 0.633030979406
DS1.d13.s2.i2 1.0 1.30367220174
DS1.d13.s3.i0 -1 0.0488226858933
DS1.d13.s3.i1 -1 0.159020195943
DS1.d13.s4.i0 1.0 0.96615860296
DS1.d13.s4.i1 -1 -0.032307355539
DS1.d34.s0.i0 1.0 -0.363866908449
DS1.d34.s0.i1 1.0 0.059235595767
DS1.d36.s0.i0 1.0 2.33781702142
DS1.d36.s1.i0 1.0 -0.137134549264
DS1.d36.s2.i0 1.0 1.98905818801
DS1.d36.s2.i1 1.0 1.4745093346
DS1.d42.s0.i0 1.0 -0.179775997875
DS1.d55.s0.i0 1.0 1.36930148892
DS1.d84.s0.i0 -1 0.140254104646
DS1.d84.s0.i1 -1 -0.351144928124
DS1.d88.s0.i0 -1 -1.25162098914
DS1.d88.s0.i1 -1 -1.10834626292
DS1.d93.s0.i0 1.0 -0.0421212583662
DS1.d95.s0.i0 -1 -0.0577383362801
DS1.d95.s0.i1 -1 0.325828892754
DS1.d95.s0.i2 -1 0.0897882477389
DS1.d95.s0.i3 -1 0.0978231710212
DS1.d104.s0.i0 -1 1.19513497542
DS1.d113.s0.i0 -1 -0.0142098711107
DS1.d113.s0.i1 -1 -0.0142098711107
DS1.d119.s0.i0 -1 -0.21322670632
DS1.d119.s0.i1 -1 -0.642589300214
DS1.d119.s0.i2 -1 -0.0328761757102
DS1.d122.s0.i0 1.0 0.0953732800311
DS1.d124.s0.i0 1.0 0.423196844303
DS1.d124.s0.i1 1.0 0.539288545172
DS1.d124.s0.i2 1.0 0.573833754588
DS1.d124.s0.i3 1.0 0.626762045698
DS1.d124.s0.i4 1.0 0.47785174576
DS1.d124.s0.i5 1.0 0.523077048531
DS1.d126.s0.i0 1.0 0.674881249952
DS1.d141.s0.i0 -1 1.22676986924
DS1.d141.s1.i0 1.0 0.967537915755
DS1.d141.s1.i1 1.0 1.36644933249
DS1.d141.s2.i0 1.0 0.273122257661
DS1.d147.s0.i0 -1 -0.630736562614
DS1.d147.s0.i1 -1 -0.222875475715
DS1.d147.s0.i2 -1 -1.19126327797
DS1.d147.s0.i3 -1 -0.119537424306
DS1.d160.s0.i0 -1 -0.0537088053854
DS1.d160.s0.i1 -1 -0.476903819715
DS1.d160.s0.i2 -1 -0.406197217565
DS1.d160.s0.i3 -1 -0.329980558116
DS1.d160.s0.i4 -1 -0.115065318962
DS1.d160.s0.i5 -1 -0.212679748651
DS1.d178.s0.i0 1.0 1.4661573445
DS1.d178.s1.i0 -1 -0.145552349245
DS1.d178.s1.i1 -1 0.40743520815
DS1.d181.s0.i0 1.0 2.00210453906
DS1.d183.s0.i0 -1 0.934651455424
DS1.d183.s0.i1 -1 0.799968768998
DS1.d183.s0.i2 -1 1.04349427024
DS1.d188.s0.i0 -1 -0.403449450889
DS1.d188.s0.i1 -1 -0.645448583599
DS1.d189.s0.i0 -1 0.589970350731
DS1.d200.s0.i0 1.0 0.880977564194
DS1.d200.s0.i1 -1 -0.775251925969
DS1.d217.s0.i0 -1 1.82041573449
DS1.d217.s1.i0 -1 0.0792579944651
DS1.d217.s1.i1 -1 -0.018288392503
DS1.d222.s0.i0 1.0 0.108540981524
DS1.d227.s0.i0 1.0 -0.256296398385
DS1.d227.s0.i1 1.0 -0.256296398385
DS1.d228.s0.i0 1.0 0.945388782205
DS1.d228.s1.i0 1.0 0.422238529353
DS1.d228.s1.i1 1.0 0.882017545737
DS1.d230.s0.i0 1.0 0.435142177612
DS1.d230.s0.i1 1.0 0.790553551694
DS1.d230.s0.i2 1.0 0.621440179529
DS1.d230.s0.i3 1.0 0.717566244943
DS1.d269.s0.i0 1.0 1.56944036049
DS1.d269.s1.i0 1.0 -0.59450277266
DS1.d269.s1.i1 1.0 -0.378097718348
DS1.d269.s1.i2 -1 -1.60395323465
DS1.d269.s2.i0 -1 -0.781408470015
DS1.d269.s2.i1 -1 -1.08248339893
DS1.d269.s2.i2 1.0 -0.309952395343
DS1.d269.s2.i3 -1 -1.05035959279
DS1.d269.s2.i4 1.0 -0.47559385943
DS1.d269.s2.i5 -1 -1.00965097766
DS1.d269.s2.i6 -1 -0.89716759036
DS1.d269.s2.i7 -1 -0.848279229312
DS1.d272.s0.i0 1.0 -0.717973854277
DS1.d272.s0.i1 1.0 -0.640782153183
DS1.d272.s0.i2 1.0 -0.862127975545
DS1.d272.s1.i0 1.0 -0.353173976382
DS1.d272.s1.i1 1.0 -0.520147585195
DS1.d272.s1.i2 1.0 -0.748449570696
DS1.d272.s2.i0 1.0 0.947928515274
DS1.d272.s3.i0 1.0 0.819291862404
DS1.d272.s4.i0 -1 -1.27189347402
DS1.d273.s0.i0 1.0 0.86897911918
DS1.d273.s1.i0 1.0 0.250156715422
DS1.d273.s1.i1 1.0 0.363545272342
DS1.d274.s0.i0 1.0 0.0410426878674
DS1.d278.s0.i0 1.0 0.755936977284
DS1.d278.s0.i1 1.0 0.693134165036
DS1.d278.s0.i2 1.0 0.693134165036
DS1.d278.s0.i3 1.0 0.755936977284
DS1.d303.s0.i0 1.0 0.261131665
DS1.d303.s0.i1 -1 -0.0590766820161
DS1.d304.s0.i0 -1 0.435184064202
DS1.d316.s0.i0 1.0 0.171641011947
DS1.d316.s0.i1 1.0 0.0517143942293
DS1.d316.s1.i0 1.0 0.0619468586211
DS1.d316.s1.i1 1.0 0.193501876698
DS1.d316.s2.i0 1.0 0.397615242537
DS1.d316.s2.i1 1.0 0.397615242537
DS1.d317.s0.i0 1.0 -0.401198635316
DS1.d317.s0.i1 1.0 -0.520899422293
DS1.d317.s0.i2 1.0 -0.149529602815
DS1.d317.s0.i3 1.0 -0.213769373819
DS1.d317.s0.i4 1.0 -0.588215487146
DS1.d317.s0.i5 1.0 -0.707780664661
DS1.d317.s0.i6 1.0 -0.498573793488
DS1.d317.s0.i7 1.0 -0.428715115661
DS1.d317.s0.i8 1.0 -0.550880669455
DS1.d317.s0.i9 1.0 -0.342533350156
DS1.d317.s0.i10 1.0 -0.378809800852
DS1.d317.s0.i11 1.0 -0.309229315661
DS1.d336.s0.i0 1.0 1.1527503169
DS1.d347.s0.i0 1.0 0.219420329523
DS1.d347.s1.i0 -1 -0.745789996729
DS1.d347.s1.i1 -1 -1.51669267148
DS1.d347.s1.i2 -1 -0.733732550366
DS1.d347.s1.i3 -1 -1.06329332596
DS1.d347.s1.i4 -1 -0.929550591391
DS1.d347.s1.i5 -1 -0.845908287847
DS1.d381.s0.i0 -1 0.824031764254
DS1.d381.s0.i1 1.0 0.559642893459
DS1.d381.s0.i2 1.0 0.906251597982
DS1.d381.s0.i3 1.0 0.709560753116
DS1.d381.s0.i4 -1 0.758919905768
DS1.d381.s0.i5 -1 0.903627766013
DS1.d381.s1.i0 1.0 -0.263992547097
DS1.d400.s0.i0 1.0 0.861395265829
DS1.d400.s0.i1 1.0 0.228963513478
DS1.d426.s0.i0 1.0 0.551634412782
DS1.d427.s0.i0 1.0 -0.0416067969848
DS1.d427.s0.i1 1.0 0.536061296062
DS1.d459.s0.i0 -1 -0.318630941028
DS1.d459.s0.i1 -1 0.199869197361
DS1.d459.s0.i2 -1 -0.0481426481434
DS1.d459.s0.i3 -1 -0.104167332909
DS1.d461.s0.i0 -1 -0.423855856154
DS1.d461.s0.i1 -1 -0.197627511362
DS1.d461.s0.i2 -1 -0.146085405371
DS1.d461.s0.i3 -1 0.114688364376
DS1.d467.s0.i0 1.0 1.38405920131
DS1.d474.s0.i0 -1 1.14897849259
DS1.d492.s0.i0 1.0 1.18520768442
DS1.d492.s0.i1 -1 0.502759498696
DS1.d492.s1.i0 1.0 0.850887096573
DS1.d492.s1.i1 1.0 1.23829229021
DS1.d492.s1.i2 1.0 1.62896779264
DS1.d492.s2.i0 1.0 0.784915634141
DS1.d492.s3.i0 -1 0.189027858937
DS1.d498.s0.i0 1.0 0.607805127688
DS1.d498.s0.i1 1.0 0.607805127688
DS1.d520.s0.i0 1.0 0.257798001857
DS1.d520.s0.i1 -1 -0.605453905522
DS1.d520.s1.i0 1.0 -0.683077066594
DS1.d520.s1.i1 1.0 -0.553510106172
DS1.d520.s1.i2 1.0 -0.518483873708
DS1.d526.s0.i0 1.0 1.07636993308
DS1.d526.s0.i1 1.0 1.23907385004
DS1.d526.s0.i2 1.0 1.36985589255
DS1.d526.s0.i3 1.0 0.274063511091
DS1.d526.s1.i0 1.0 -0.474781988299
DS1.d526.s1.i1 1.0 -0.474781988299
DS1.d526.s2.i0 -1 -0.0728796821529
DS1.d526.s2.i1 -1 0.516429118647
DS1.d532.s0.i0 -1 0.517394989482
DS1.d539.s0.i0 1.0 0.0339092683125
DS1.d539.s0.i1 -1 -1.05037400292
DS1.d550.s0.i0 -1 -0.300768860829
DS1.d550.s0.i1 -1 -0.242325930031
DS1.d550.s0.i2 -1 0.414643697024
DS1.d550.s0.i3 -1 -0.351402766212
DS1.d550.s0.i4 -1 0.00158456035813
DS1.d550.s0.i5 -1 -0.152193876912
DS1.d550.s0.i6 -1 -0.0224267171165
DS1.d550.s0.i7 -1 -0.28912384575
DS1.d550.s0.i8 -1 0.131110958191
DS1.d563.s0.i0 1.0 0.0993642330368
DS1.d563.s0.i1 1.0 0.0517720815277
DS1.d563.s0.i2 1.0 0.219494219034
DS1.d563.s0.i3 1.0 0.112638393496
DS1.d563.s0.i4 1.0 0.630546838557
DS1.d563.s0.i5 1.0 0.551903697964
DS1.d563.s0.i6 1.0 0.156231870401
DS1.d563.s0.i7 1.0 0.0380662448733
DS1.d564.s0.i0 -1 -1.3294125816
DS1.d564.s0.i1 -1 -1.18649073612
DS1.d565.s0.i0 1.0 0.531622084734
DS1.d569.s0.i0 1.0 1.89364746226
DS1.d569.s0.i1 -1 0.0576608651855
DS1.d570.s0.i0 1.0 0.696244478928
DS1.d570.s1.i0 1.0 0.825605601909
DS1.d570.s2.i0 1.0 1.33651530361
DS1.d570.s3.i0 1.0 0.878177937581
DS1.d573.s0.i0 1.0 1.11584434141
DS1.d573.s0.i1 1.0 1.21868525613
DS1.d573.s0.i2 1.0 1.19624188685
DS1.d573.s0.i3 1.0 0.690865174822
DS1.d579.s0.i0 -1 0.0863914103249
DS1.d579.s0.i1 -1 -0.772477965952
DS1.d579.s0.i2 -1 -0.195745839764
DS1.d579.s0.i3 -1 0.0655614684942
DS1.d582.s0.i0 1.0 -0.346818921022
DS1.d582.s0.i1 1.0 -0.515543116631
DS1.d584.s0.i0 -1 -0.113967746017
DS1.d593.s0.i0 1.0 1.37398589802
DS1.d633.s0.i0 1.0 0.024402961279
DS1.d633.s0.i1 1.0 0.0187692260927
DS1.d633.s0.i2 1.0 0.607306406614
DS1.d633.s0.i3 1.0 0.13991969453
DS1.d633.s1.i0 1.0 0.884452435009
DS1.d633.s1.i1 1.0 0.816664056463
DS1.d633.s1.i2 1.0 0.716912294854
DS1.d633.s1.i3 1.0 0.834761532975
DS1.d633.s2.i0 1.0 1.28520204675
DS1.d633.s2.i1 1.0 1.09304473823
DS1.d633.s3.i0 1.0 1.52572067294
DS1.d633.s3.i1 1.0 1.28711706644
DS1.d639.s0.i0 -1 -0.268823836386
DS1.d640.s0.i0 -1 0.974554431126
DS1.d643.s0.i0 -1 0.0879706764785
DS1.d643.s0.i1 -1 0.60400038225
DS1.d643.s0.i2 -1 0.217685932147
DS1.d643.s0.i3 1.0 0.469392731285
DS1.d643.s0.i4 -1 0.354945913951
DS1.d643.s0.i5 1.0 0.26746943341
DS1.d656.s0.i0 -1 -0.230841336101
DS1.d656.s0.i1 -1 -0.193176617654
DS1.d656.s0.i2 -1 0.188205128532
DS1.d683.s0.i0 -1 0.68551656596
DS1.d683.s0.i1 -1 0.581231564816
DS1.d683.s0.i2 -1 0.278942927711
DS1.d683.s0.i3 -1 0.83574262231
DS1.d683.s0.i4 -1 0.0201901522472
DS1.d683.s0.i5 -1 0.930631915177
DS1.d692.s0.i0 1.0 1.81398632714
DS1.d692.s0.i1 1.0 1.48954673048
DS1.d696.s0.i0 1.0 0.279887693987
DS1.d696.s0.i1 1.0 0.529962441662
DS1.d696.s0.i2 -1 0.821815939937
DS1.d696.s0.i3 1.0 0.566815920906
DS1.d696.s0.i4 1.0 0.780419554612
DS1.d696.s0.i5 -1 0.486911631842
DS1.d696.s1.i0 1.0 1.3213641082
DS1.d696.s1.i1 -1 0.60075212912
DS1.d696.s2.i0 1.0 1.97933184312
DS1.d696.s3.i0 1.0 0.795282299515
DS1.d696.s3.i1 1.0 0.865290720276
DS1.d696.s3.i2 -1 0.336843534105
DS1.d696.s4.i0 1.0 2.12077550276
DS1.d696.s5.i0 1.0 0.573224618903
DS1.d696.s5.i1 1.0 0.370092263246
DS1.d696.s5.i2 -1 0.280185298577
DS1.d711.s0.i0 -1 0.115111607703
DS1.d741.s0.i0 1.0 1.21634493169
DS1.d744.s0.i0 -1 -0.348577817626
DS1.d744.s0.i1 -1 -0.125252310352
DS1.d769.s0.i0 1.0 0.26393097088
DS1.d782.s0.i0 1.0 0.372651430926
DS1.d797.s0.i0 1.0 0.0276281187519
DS1.d797.s1.i0 1.0 -0.0103100130903
DS1.d797.s1.i1 1.0 0.498158242522
DS1.d797.s1.i2 1.0 0.346169489074
DS1.d807.s0.i0 1.0 -0.0740238261439
DS1.d807.s0.i1 1.0 -0.103429042547
DS1.d807.s1.i0 1.0 0.660503468031
DS1.d814.s0.i0 -1 0.141041528142
DS1.d814.s0.i1 -1 0.216046452018
DS1.d814.s0.i2 -1 0.155343330593
DS1.d814.s1.i0 -1 -1.58864894792
DS1.d814.s1.i1 -1 -1.55068642229
DS1.d819.s0.i0 -1 0.692309054793
DS1.d819.s0.i1 -1 0.36239625583
