DS3.d5.s0.i0 1.0 1.69209918641
DS3.d5.s0.i1 1.0 1.00937863533
DS3.d5.s0.i2 1.0 2.03211030056
DS3.d21.s0.i0 1.0 -0.411632311402
DS3.d22.s0.i0 1.0 0.749241229054
DS3.d22.s0.i1 1.0 0.633422767703
DS3.d22.s0.i2 1.0 0.724345394103
DS3.d22.s1.i0 1.0 0.87834615487
DS3.d30.s0.i0 -1 0.255505029618
DS3.d30.s0.i1 -1 0.275934162946
DS3.d30.s0.i2 -1 0.275934162946
DS3.d31.s0.i0 1.0 2.81696107981
DS3.d46.s0.i0 1.0 -0.454969114562
DS3.d46.s0.i1 1.0 0.327407910755
DS3.d46.s0.i2 1.0 -0.0993884048575
DS3.d46.s0.i3 1.0 0.262346188595
DS3.d46.s0.i4 1.0 -0.0318769019528
DS3.d46.s0.i5 1.0 -0.445375705967
DS3.d46.s0.i6 1.0 0.185594462277
DS3.d46.s0.i7 1.0 -0.017833492061
DS3.d48.s0.i0 -1 -0.256241388112
DS3.d48.s0.i1 -1 -0.256241388112
DS3.d48.s0.i2 1.0 0.767114321152
DS3.d48.s0.i3 1.0 0.767114321152
DS3.d48.s0.i4 1.0 1.32381067878
DS3.d48.s0.i5 1.0 1.32381067878
DS3.d50.s0.i0 1.0 2.58396072049
DS3.d57.s0.i0 1.0 0.138273550102
DS3.d62.s0.i0 -1 1.26688808381
DS3.d65.s0.i0 -1 0.166346558123
DS3.d69.s0.i0 1.0 1.23057872926
DS3.d69.s0.i1 1.0 1.69440539291
DS3.d71.s0.i0 1.0 1.56712535027
DS3.d76.s0.i0 1.0 0.189624675414
DS3.d76.s0.i1 1.0 1.08221657174
DS3.d76.s0.i2 1.0 0.169788135677
DS3.d76.s0.i3 1.0 1.21369579179
DS3.d76.s1.i0 1.0 1.15797485688
DS3.d76.s1.i1 1.0 0.621494954985
DS3.d76.s1.i2 1.0 0.614261985059
DS3.d76.s1.i3 1.0 0.431256262283
DS3.d80.s0.i0 -1 -0.892999722366
DS3.d89.s0.i0 1.0 1.89044521146
DS3.d106.s0.i0 1.0 -0.26730350536
DS3.d106.s0.i1 1.0 0.181337824981
DS3.d111.s0.i0 1.0 0.798266093286
DS3.d111.s0.i1 -1 -1.1284451899
DS3.d111.s0.i2 1.0 0.917009599157
DS3.d111.s0.i3 1.0 0.586096134362
DS3.d111.s0.i4 -1 0.545679911608
DS3.d111.s0.i5 1.0 0.610475453275
DS3.d128.s0.i0 1.0 0.823228767592
DS3.d131.s0.i0 1.0 2.20025624673
DS3.d136.s0.i0 1.0 1.46988405624
DS3.d136.s0.i1 1.0 1.83317830439
DS3.d146.s0.i0 1.0 0.634371542864
DS3.d146.s0.i1 1.0 0.374137301285
DS3.d166.s0.i0 1.0 0.388568529808
DS3.d170.s0.i0 1.0 1.65208881487
DS3.d170.s0.i1 1.0 0.97977400541
DS3.d198.s0.i0 1.0 -0.00507470863098
DS3.d198.s0.i1 1.0 0.106411258593
DS3.d198.s1.i0 -1 0.204576180546
DS3.d198.s1.i1 -1 -0.309595499478
DS3.d198.s1.i2 -1 0.144797150391
DS3.d198.s1.i3 -1 -0.451057083705
DS3.d202.s0.i0 1.0 0.597337455739
DS3.d216.s0.i0 -1 1.79504926312
DS3.d216.s0.i1 1.0 1.92406143529
DS3.d216.s1.i0 1.0 0.402682442587
DS3.d216.s2.i0 1.0 -0.173253553932
DS3.d216.s3.i0 1.0 1.6561365993
DS3.d216.s3.i1 1.0 1.99751461786
DS3.d219.s0.i0 1.0 0.882829330272
DS3.d219.s0.i1 1.0 1.49573859027
DS3.d219.s1.i0 -1 0.461215980855
DS3.d219.s1.i1 -1 0.869468842608
DS3.d219.s1.i2 -1 0.455122698113
DS3.d231.s0.i0 -1 1.53020142564
DS3.d232.s0.i0 1.0 0.861598065046
DS3.d232.s0.i1 1.0 0.253878761808
DS3.d232.s0.i2 1.0 0.698311363882
DS3.d232.s0.i3 1.0 0.322790750199
DS3.d232.s0.i4 1.0 0.857735650904
DS3.d232.s0.i5 1.0 0.598688766328
DS3.d232.s1.i0 1.0 1.48575310269
DS3.d232.s1.i1 1.0 1.07953554323
DS3.d232.s1.i2 1.0 1.34480811647
DS3.d232.s1.i3 1.0 1.01615511026
DS3.d232.s2.i0 -1 -1.04102477367
DS3.d233.s0.i0 1.0 0.387985621865
DS3.d237.s0.i0 1.0 -0.176813756195
DS3.d237.s0.i1 1.0 -0.0758074290313
DS3.d237.s0.i2 1.0 0.45218088999
DS3.d237.s0.i3 1.0 0.90530893469
DS3.d237.s0.i4 1.0 0.18616987785
DS3.d237.s0.i5 1.0 0.429478520242
DS3.d237.s0.i6 1.0 0.90530893469
DS3.d237.s0.i7 1.0 -0.0758074290313
DS3.d237.s0.i8 1.0 0.654749791607
DS3.d237.s0.i9 1.0 -0.254242190337
DS3.d237.s0.i10 1.0 0.0750212417115
DS3.d237.s0.i11 1.0 -0.239733285302
DS3.d237.s0.i12 1.0 -0.308805425206
DS3.d237.s0.i13 1.0 -0.413810338661
DS3.d238.s0.i0 -1 1.4803241739
DS3.d242.s0.i0 1.0 0.86885387697
DS3.d242.s0.i1 1.0 0.729134966539
DS3.d242.s0.i2 1.0 0.71506613053
DS3.d242.s0.i3 1.0 0.54928578605
DS3.d245.s0.i0 1.0 0.790082884452
DS3.d245.s0.i1 1.0 1.06741706164
DS3.d245.s0.i2 1.0 0.547537890462
DS3.d267.s0.i0 1.0 1.18764224187
DS3.d275.s0.i0 1.0 -0.00983299763659
DS3.d275.s0.i1 -1 0.0857792097239
DS3.d279.s0.i0 1.0 1.86199438673
DS3.d279.s1.i0 1.0 0.800102650754
DS3.d279.s1.i1 -1 -0.776559828288
DS3.d279.s2.i0 1.0 2.35769844447
DS3.d279.s2.i1 -1 1.38421721419
DS3.d279.s3.i0 1.0 1.43041000596
DS3.d279.s3.i1 -1 1.29518981549
DS3.d279.s4.i0 1.0 1.7696174569
DS3.d279.s5.i0 1.0 1.48614393511
DS3.d279.s6.i0 -1 -1.13283125863
DS3.d279.s6.i1 -1 -1.13283125863
DS3.d279.s6.i2 -1 -1.39695947109
DS3.d279.s7.i0 1.0 1.45817112261
DS3.d279.s7.i1 -1 1.06528685049
DS3.d279.s7.i2 -1 0.809395140388
DS3.d279.s8.i0 -1 0.618969658187
DS3.d279.s8.i1 -1 -0.510277272199
DS3.d279.s9.i0 1.0 2.32385296431
DS3.d279.s9.i1 1.0 0.875982234905
DS3.d286.s0.i0 -1 -0.0782373269705
DS3.d286.s0.i1 1.0 1.65659013048
DS3.d286.s0.i2 1.0 0.338607494749
DS3.d289.s0.i0 -1 0.501136756516
DS3.d289.s0.i1 -1 0.246643134184
DS3.d289.s0.i2 -1 0.183194194599
DS3.d310.s0.i0 1.0 0.0165432251031
DS3.d310.s0.i1 -1 -1.50657358124
DS3.d310.s0.i2 1.0 -0.681799864228
DS3.d310.s1.i0 1.0 -0.452797732665
DS3.d310.s1.i1 -1 -1.02197369551
DS3.d310.s1.i2 1.0 -0.95023066285
DS3.d310.s1.i3 -1 -0.237819754345
DS3.d330.s0.i0 1.0 0.263127917138
DS3.d330.s0.i1 1.0 0.263127917138
DS3.d338.s0.i0 1.0 2.11180155484
DS3.d338.s0.i1 1.0 1.86050822873
DS3.d340.s0.i0 -1 0.46490329595
DS3.d343.s0.i0 1.0 0.142755476377
DS3.d343.s0.i1 1.0 0.142755476377
DS3.d362.s0.i0 1.0 0.694817450403
DS3.d362.s0.i1 1.0 1.2886118383
DS3.d372.s0.i0 1.0 0.940995926239
DS3.d372.s0.i1 1.0 1.05847316425
DS3.d372.s1.i0 1.0 0.718582026194
DS3.d372.s1.i1 -1 1.0915661234
DS3.d372.s1.i2 1.0 0.771949917209
DS3.d372.s1.i3 -1 0.643432495027
DS3.d385.s0.i0 1.0 1.80669202196
DS3.d385.s0.i1 1.0 2.48064172573
DS3.d385.s1.i0 1.0 2.44410193664
DS3.d385.s2.i0 -1 -0.311173302494
DS3.d391.s0.i0 1.0 0.133405687151
DS3.d391.s0.i1 1.0 1.62970629636
DS3.d397.s0.i0 -1 0.171911476348
DS3.d397.s0.i1 -1 0.303947279609
DS3.d397.s0.i2 1.0 0.550931017755
DS3.d404.s0.i0 1.0 0.766486014824
DS3.d404.s0.i1 1.0 1.11912954438
DS3.d404.s0.i2 1.0 0.294228921782
DS3.d404.s0.i3 1.0 0.223823380046
DS3.d408.s0.i0 1.0 0.46943555953
DS3.d408.s0.i1 1.0 0.687129578344
DS3.d410.s0.i0 -1 -1.14318230814
DS3.d412.s0.i0 1.0 1.29567695317
DS3.d421.s0.i0 -1 0.201808669335
DS3.d421.s1.i0 1.0 1.07904189152
DS3.d422.s0.i0 1.0 1.48890145918
DS3.d422.s0.i1 1.0 1.42837729767
DS3.d422.s0.i2 1.0 1.40418344658
DS3.d422.s1.i0 1.0 -0.173854607934
DS3.d422.s1.i1 1.0 0.395868098045
DS3.d422.s1.i2 1.0 -0.207848384302
DS3.d446.s0.i0 1.0 0.889222905357
DS3.d446.s0.i1 1.0 0.507232308138
DS3.d446.s0.i2 1.0 0.489567130139
DS3.d446.s0.i3 1.0 0.842530371309
DS3.d446.s1.i0 1.0 0.533286013796
DS3.d450.s0.i0 1.0 0.82195037102
DS3.d450.s1.i0 1.0 1.17210955888
DS3.d450.s1.i1 -1 0.291171942123
DS3.d453.s0.i0 1.0 0.807273497082
DS3.d463.s0.i0 -1 0.517389854771
DS3.d471.s0.i0 1.0 1.24470773471
DS3.d471.s0.i1 1.0 1.15338683141
DS3.d471.s0.i2 1.0 1.39471307639
DS3.d471.s0.i3 1.0 0.961130112515
DS3.d471.s0.i4 1.0 1.28566994839
DS3.d471.s0.i5 1.0 1.18064344426
DS3.d512.s0.i0 -1 0.288425632917
DS3.d512.s0.i1 -1 0.0603095873903
DS3.d512.s1.i0 -1 -0.270047993886
DS3.d512.s2.i0 1.0 0.512834105223
DS3.d512.s2.i1 1.0 -0.0242326467405
DS3.d514.s0.i0 1.0 1.67111198333
DS3.d514.s1.i0 -1 1.07152505459
DS3.d525.s0.i0 1.0 -0.154007125753
DS3.d525.s0.i1 1.0 0.137380524864
DS3.d528.s0.i0 1.0 0.923048944353
DS3.d528.s0.i1 1.0 1.35711251594
DS3.d551.s0.i0 1.0 1.8911681154
DS3.d627.s0.i0 1.0 0.292255983032
DS3.d646.s0.i0 1.0 0.180794134241
DS3.d646.s0.i1 1.0 0.0502281043531
DS3.d646.s0.i2 1.0 -0.0977587061931
DS3.d646.s0.i3 1.0 0.182260688283
DS3.d646.s0.i4 1.0 0.359482583576
DS3.d646.s0.i5 1.0 0.0502281043531
DS3.d668.s0.i0 1.0 1.34988663391
DS3.d672.s0.i0 1.0 0.0677567179227
DS3.d672.s0.i1 -1 0.436456900017
DS3.d672.s0.i2 1.0 0.099238565779
DS3.d672.s0.i3 -1 0.431118625063
DS3.d672.s0.i4 -1 0.262115261332
DS3.d672.s0.i5 -1 1.41561705895
DS3.d672.s0.i6 -1 0.395185530089
DS3.d672.s0.i7 -1 0.0716933664745
DS3.d672.s0.i8 1.0 -0.0733103244706
DS3.d672.s0.i9 -1 1.33774401705
DS3.d672.s0.i10 -1 -0.568444937794
DS3.d672.s0.i11 -1 0.552997290193
DS3.d677.s0.i0 -1 0.445478418943
DS3.d677.s0.i1 -1 0.5077916588
DS3.d677.s0.i2 1.0 -0.127401462233
DS3.d677.s0.i3 -1 0.464678801774
DS3.d687.s0.i0 1.0 0.658253508713
DS3.d687.s1.i0 -1 0.669770629131
DS3.d694.s0.i0 1.0 1.54555147382
DS3.d694.s0.i1 -1 1.52061114577
DS3.d694.s0.i2 1.0 1.21978655448
DS3.d701.s0.i0 -1 -0.298265991372
DS3.d701.s0.i1 -1 0.144156563844
DS3.d727.s0.i0 1.0 1.30993538925
DS3.d728.s0.i0 1.0 1.72851500248
DS3.d748.s0.i0 -1 0.651461159239
DS3.d757.s0.i0 1.0 0.86638602584
DS3.d757.s1.i0 1.0 0.523033639323
DS3.d805.s0.i0 -1 0.292156082471
DS3.d805.s0.i1 -1 0.292156082471
DS3.d805.s0.i2 -1 -1.29008184564
DS3.d808.s0.i0 -1 0.986520436072
DS3.d808.s1.i0 -1 2.42743757445
DS3.d808.s1.i1 1.0 1.26815318971
DS3.d808.s2.i0 1.0 1.54088236972
DS3.d808.s2.i1 1.0 1.15049695588
DS3.d817.s0.i0 1.0 1.10719086342
DS3.d817.s0.i1 1.0 1.50157379499
DS3.d817.s1.i0 1.0 0.731915974803
DS3.d817.s1.i1 1.0 1.0509290776
DS3.d817.s1.i2 1.0 0.953135136167
DS3.d817.s1.i3 1.0 1.86338803153
DS3.d817.s1.i4 1.0 1.2239949334
DS3.d823.s0.i0 -1 1.18521867125
DS3.d837.s0.i0 -1 -0.90481181316
DS3.d839.s0.i0 1.0 1.09699493045
DS3.d839.s0.i1 1.0 1.12823635228
DS3.d852.s0.i0 1.0 0.981492995828
DS3.d856.s0.i0 -1 0.444493068736
DS3.d856.s0.i1 -1 0.0414107367521
DS3.d856.s0.i2 -1 0.14177252196
DS3.d856.s0.i3 -1 0.0449425981808
DS3.d856.s0.i4 -1 0.0891492389295
DS3.d856.s0.i5 -1 0.466181781994
DS3.d856.s0.i6 -1 0.0188087591109
DS3.d856.s0.i7 -1 0.10604553619
DS3.d859.s0.i0 1.0 0.602708445051
DS3.d869.s0.i0 1.0 1.02225655639
DS3.d869.s1.i0 1.0 0.809353079323
DS3.d869.s2.i0 1.0 0.140979727265
DS3.d872.s0.i0 -1 1.96709963234
DS3.d872.s0.i1 -1 0.73196720063
DS3.d872.s0.i2 -1 0.675890326113
DS3.d872.s0.i3 -1 1.40081703916
DS3.d872.s0.i4 -1 0.936425584841
DS3.d872.s0.i5 -1 0.906849768847
DS3.d872.s0.i6 -1 1.90332938225
DS3.d872.s0.i7 -1 0.386270310593
DS3.d872.s0.i8 -1 0.972094109007
DS3.d872.s0.i9 -1 2.36951840245
DS3.d872.s0.i10 -1 1.07834052703
DS3.d872.s0.i11 -1 1.02960002799
DS3.d896.s0.i0 1.0 0.346610456159
DS3.d896.s0.i1 1.0 -0.129112672354
DS3.d904.s0.i0 1.0 1.91902576509
DS3.d904.s0.i1 1.0 1.81913176367
DS3.d904.s0.i2 -1 1.49892052013
DS3.d924.s0.i0 1.0 1.34837108013
DS3.d924.s0.i1 1.0 1.9588250676
DS3.d929.s0.i0 1.0 -0.0949863465214
DS3.d929.s0.i1 1.0 0.0715402837704
DS3.d929.s0.i2 1.0 0.333344896544
DS3.d929.s0.i3 1.0 1.10015468614
DS3.d929.s0.i4 1.0 -0.0135280275144
DS3.d929.s0.i5 -1 -0.188590079835
DS3.d929.s0.i6 -1 -0.315327152069
DS3.d939.s0.i0 -1 0.648134912566
DS3.d941.s0.i0 -1 1.49916869351
DS3.d941.s0.i1 -1 0.791967805207
DS3.d941.s0.i2 -1 -0.368985278592
DS3.d966.s0.i0 -1 -0.345891497798
DS3.d970.s0.i0 1.0 0.730094758531
DS3.d970.s0.i1 1.0 0.777739354196
DS3.d970.s0.i2 1.0 0.730094758531
DS3.d970.s0.i3 1.0 0.777739354196
DS3.d970.s0.i4 1.0 1.50217864666
DS3.d970.s0.i5 1.0 1.54682716895
DS3.d970.s1.i0 1.0 1.01466666802
DS3.d970.s1.i1 1.0 1.06308907175
DS3.d970.s2.i0 1.0 1.55718069015
DS3.d970.s3.i0 1.0 1.70828060452
DS3.d970.s3.i1 1.0 1.33882850147
DS3.d970.s4.i0 1.0 1.07888250858
DS3.d970.s4.i1 1.0 1.56154552636
DS3.d970.s4.i2 1.0 1.14750960042
DS3.d970.s4.i3 1.0 0.662312718032
DS3.d970.s4.i4 1.0 1.42955954113
DS3.d970.s4.i5 1.0 -0.493927643896
DS3.d970.s4.i6 1.0 0.79795399297
DS3.d970.s4.i7 1.0 0.821192533174
DS3.d974.s0.i0 1.0 1.89123356947
DS3.d975.s0.i0 1.0 -0.321262821955
DS3.d975.s0.i1 -1 0.772273597306
DS3.d975.s0.i2 1.0 -0.0630889894923
DS3.d975.s1.i0 -1 -0.271535933057
DS3.d975.s1.i1 -1 -0.276023541199
DS3.d975.s1.i2 -1 -0.232395144687
DS3.d978.s0.i0 -1 -0.456272977938
DS3.d978.s0.i1 -1 -0.383954277491
DS3.d980.s0.i0 1.0 0.0941853450857
DS3.d987.s0.i0 -1 -0.129532450202
DS3.d987.s0.i1 -1 0.561930571809
DS3.d987.s0.i2 -1 -0.840865073052
DS3.d987.s0.i3 -1 -0.840865073052
DS3.d987.s0.i4 -1 -0.181426481233
DS3.d987.s0.i5 -1 -0.397943458122
DS3.d987.s0.i6 -1 -0.538049257428
DS3.d987.s0.i7 -1 0.612979941506
DS3.d987.s0.i8 -1 -0.630940469527
DS3.d987.s0.i9 -1 0.761950695561
DS3.d992.s0.i0 -1 0.768984624654
DS3.d995.s0.i0 -1 -0.601450767782
DS3.d995.s1.i0 1.0 0.0787493825748
DS3.d995.s1.i1 1.0 0.427786062706
DS3.d995.s2.i0 1.0 0.923202865093
DS3.d995.s3.i0 1.0 1.03982114126
DS3.d1012.s0.i0 -1 0.823835617329
DS3.d1016.s0.i0 1.0 1.21111169374
DS3.d1016.s0.i1 1.0 0.659197625772
DS3.d1032.s0.i0 1.0 -0.507795000695
DS3.d1060.s0.i0 1.0 1.2802459173
DS3.d1072.s0.i0 -1 0.331498951736
DS3.d1094.s0.i0 -1 0.362977174997
DS3.d1114.s0.i0 1.0 1.29266850731
DS3.d1150.s0.i0 1.0 -0.0587106756571
DS3.d1168.s0.i0 1.0 0.890976498815
DS3.d1180.s0.i0 1.0 1.3784086588
DS3.d1185.s0.i0 1.0 1.25075781297
DS3.d1185.s0.i1 1.0 1.60881479541
DS3.d1190.s0.i0 1.0 0.0887542853975
DS3.d1192.s0.i0 1.0 0.681576013013
DS3.d1219.s0.i0 1.0 1.14045585826
DS3.d1219.s0.i1 1.0 0.541375488944
DS3.d1226.s0.i0 -1 0.523472425764
DS3.d1226.s0.i1 1.0 2.23048972819
DS3.d1226.s0.i2 1.0 1.7346266772
DS3.d1226.s0.i3 -1 0.0107791932632
DS3.d1231.s0.i0 -1 -1.73467899955
DS3.d1231.s1.i0 1.0 0.5149849226
DS3.d1246.s0.i0 1.0 0.482115260685
DS3.d1254.s0.i0 1.0 1.51793102476
DS3.d1254.s1.i0 1.0 1.51796503519
DS3.d1254.s1.i1 1.0 1.76374240166
DS3.d1256.s0.i0 1.0 0.992880623354
DS3.d1256.s0.i1 1.0 0.797228135563
DS3.d1267.s0.i0 1.0 0.237555479052
DS3.d1267.s1.i0 1.0 1.2884684904
DS3.d1272.s0.i0 -1 0.516683176761
DS3.d1272.s1.i0 1.0 0.631342161225
DS3.d1277.s0.i0 1.0 0.363115827376
DS3.d1277.s1.i0 1.0 2.26386879197
DS3.d1282.s0.i0 -1 -0.383568108375
DS3.d1291.s0.i0 1.0 1.34622759533
DS3.d1298.s0.i0 1.0 1.46566040869
DS3.d1298.s0.i1 -1 1.15861310538
DS3.d1298.s1.i0 1.0 1.09410068125
DS3.d1298.s1.i1 1.0 0.311821989249
DS3.d1298.s2.i0 -1 1.59064398634
DS3.d1299.s0.i0 -1 -0.39140263276
DS3.d1299.s0.i1 -1 -0.39140263276
DS3.d1299.s0.i2 1.0 0.699593098646
DS3.d1299.s0.i3 1.0 0.685019003413
DS3.d1299.s0.i4 -1 -0.39140263276
DS3.d1320.s0.i0 1.0 -0.209723387425
DS3.d1320.s0.i1 1.0 0.106174963354
DS3.d1341.s0.i0 -1 1.24622851471
DS3.d1341.s0.i1 1.0 0.685901292357
DS3.d1341.s0.i2 1.0 1.06923505919
DS3.d1346.s0.i0 1.0 1.95904079313
DS3.d1346.s0.i1 -1 2.25864606764
DS3.d1346.s1.i0 1.0 0.314876748929
DS3.d1348.s0.i0 -1 0.0989375394029
DS3.d1348.s1.i0 1.0 1.19721406807
DS3.d1366.s0.i0 1.0 1.70978110387
DS3.d1375.s0.i0 -1 0.799256480232
DS3.d1375.s0.i1 -1 0.0183590759515
DS3.d1378.s0.i0 1.0 -0.171069551634
DS3.d1378.s0.i1 1.0 0.0415544651467
DS3.d1378.s0.i2 1.0 -0.329471300589
DS3.d1378.s0.i3 1.0 0.150821836596
DS3.d1378.s0.i4 1.0 -0.289255012159
DS3.d1378.s0.i5 1.0 0.848334955181
DS3.d1378.s0.i6 1.0 0.957602326633
DS3.d1378.s0.i7 1.0 -0.21310924715
DS3.d1379.s0.i0 1.0 0.284072524685
DS3.d1379.s1.i0 1.0 0.812580487031
DS3.d1379.s1.i1 1.0 0.789832845558
DS3.d1379.s1.i2 1.0 -0.0325179751501
DS3.d1379.s1.i3 1.0 -0.445491520303
DS3.d1391.s0.i0 -1 -0.801427253004
DS3.d1391.s1.i0 -1 0.538079944468
DS3.d1391.s2.i0 -1 -0.295187932989
DS3.d1391.s3.i0 -1 -0.694558597029
DS3.d1391.s3.i1 -1 0.480121890197
DS3.d1402.s0.i0 1.0 2.03222184312
DS3.d1403.s0.i0 1.0 1.12063022911
DS3.d1403.s1.i0 1.0 0.0651394713099
DS3.d1414.s0.i0 -1 0.489163277953
DS3.d1414.s0.i1 -1 0.833746249948
DS3.d1441.s0.i0 1.0 2.09496372572
DS3.d1443.s0.i0 1.0 0.951676950269
DS3.d1443.s0.i1 -1 0.73362644555
DS3.d1457.s0.i0 -1 0.387326857837
DS3.d1457.s0.i1 -1 0.697183343574
DS3.d1460.s0.i0 -1 1.15884785092
DS3.d1462.s0.i0 1.0 0.783911974863
DS3.d1487.s0.i0 1.0 1.66383385987
DS3.d1487.s0.i1 1.0 1.76274225038
DS3.d1487.s1.i0 1.0 0.868014645218
DS3.d1487.s1.i1 1.0 1.37182702498
DS3.d1487.s2.i0 1.0 1.89808896453
DS3.d1487.s3.i0 1.0 1.03383123045
DS3.d1489.s0.i0 -1 0.0759278651045
DS3.d1514.s0.i0 -1 0.815085972871
DS3.d1514.s0.i1 1.0 0.961021368904
DS3.d1514.s1.i0 -1 -0.320612935747
DS3.d1514.s1.i1 -1 -0.0635000788946
DS3.d1514.s1.i2 1.0 1.04193295672
DS3.d1514.s1.i3 1.0 0.674121463025
DS3.d1519.s0.i0 -1 0.358480166828
DS3.d1526.s0.i0 1.0 0.629541287455
DS3.d1526.s0.i1 1.0 0.629541287455
DS3.d1527.s0.i0 1.0 0.526394183358
DS3.d1539.s0.i0 1.0 0.787058399808
DS3.d1539.s1.i0 1.0 0.79491528199
DS3.d1547.s0.i0 1.0 -0.328000509042
DS3.d1547.s0.i1 1.0 0.00927598999235
DS3.d1561.s0.i0 1.0 0.340661142949
DS3.d1570.s0.i0 1.0 -1.01449685515
DS3.d1578.s0.i0 1.0 1.17583046051
DS3.d1597.s0.i0 -1 -0.551752556899
DS3.d1620.s0.i0 1.0 0.523342258785
DS3.d1620.s1.i0 -1 0.102207150755
DS3.d1623.s0.i0 1.0 0.443987133662
DS3.d1665.s0.i0 1.0 1.27779632367
DS3.d1673.s0.i0 -1 -1.58617381899
DS3.d1673.s1.i0 -1 -1.17221195957
DS3.d1677.s0.i0 1.0 -0.024744427599
DS3.d1677.s0.i1 -1 -0.839629411969
DS3.d1692.s0.i0 -1 -0.131611229502
DS3.d1694.s0.i0 1.0 0.627029472265
DS3.d1694.s1.i0 1.0 1.02724214665
DS3.d1694.s1.i1 1.0 1.23664620059
DS3.d1695.s0.i0 1.0 -0.284591147489
DS3.d1699.s0.i0 1.0 1.92894143712
DS3.d1699.s0.i1 1.0 1.92894143712
DS3.d1715.s0.i0 -1 0.988355103014
DS3.d1715.s1.i0 -1 -0.149827926207
DS3.d1715.s1.i1 -1 0.156254023244
DS3.d1715.s1.i2 -1 0.253812649509
DS3.d1715.s1.i3 -1 0.17378818014
DS3.d1718.s0.i0 1.0 0.337391522632
DS3.d1722.s0.i0 -1 -0.898037159217
DS3.d1722.s0.i1 -1 -0.482599773357
DS3.d1722.s0.i2 -1 -0.0694921049206
DS3.d1722.s0.i3 -1 -0.571460217782
DS3.d1722.s0.i4 -1 -0.601646969304
DS3.d1722.s0.i5 -1 0.163678116387
DS3.d1722.s0.i6 -1 -0.204077296779
DS3.d1722.s0.i7 -1 -1.23508847844
DS3.d1722.s1.i0 -1 -0.33232306651
DS3.d1722.s1.i1 -1 -0.0052816022837
DS3.d1722.s1.i2 -1 -0.125254684144
DS3.d1724.s0.i0 1.0 0.440881819357
DS3.d1729.s0.i0 1.0 0.703449841922
DS3.d1740.s0.i0 1.0 -0.36047303443
DS3.d1740.s0.i1 1.0 -0.632298268116
DS3.d1779.s0.i0 -1 0.746449460735
DS3.d1779.s0.i1 1.0 1.95206204076
DS3.d1779.s0.i2 1.0 1.36820070699
DS3.d1779.s1.i0 -1 0.198204364925
DS3.d1779.s1.i1 1.0 1.80164816706
DS3.d1779.s1.i2 1.0 1.4946333678
DS3.d1779.s2.i0 1.0 1.0047817489
DS3.d1779.s3.i0 -1 1.2974588195
DS3.d1791.s0.i0 -1 0.19533975593
DS3.d1791.s0.i1 -1 0.268313742877
DS3.d1793.s0.i0 -1 -1.18010073696
DS3.d1793.s0.i1 -1 -0.736588640449
DS3.d1810.s0.i0 -1 -0.439556878805
DS3.d1810.s0.i1 -1 -1.13690529107
DS3.d1810.s1.i0 -1 -0.820383751194
DS3.d1818.s0.i0 -1 0.74128727501
DS3.d1826.s0.i0 -1 -0.992063243001
DS3.d1826.s1.i0 -1 -0.0641938966176
DS3.d1826.s2.i0 -1 -0.170548658873
DS3.d1826.s3.i0 -1 -0.912779035615
DS3.d1840.s0.i0 -1 -0.108153968103
DS3.d1855.s0.i0 1.0 0.932891009299
DS3.d1855.s0.i1 1.0 0.950493247768
DS3.d1855.s1.i0 1.0 1.47029970335
DS3.d1855.s1.i1 1.0 1.76542797958
DS3.d1861.s0.i0 1.0 1.20726802471
DS3.d1861.s0.i1 1.0 1.20726802471
DS3.d1867.s0.i0 1.0 0.203902477853
DS3.d1867.s0.i1 1.0 -0.0664465238652
DS3.d1867.s0.i2 1.0 0.144482834377
DS3.d1867.s0.i3 1.0 0.0356360616846
DS3.d1875.s0.i0 1.0 1.36520611574
DS3.d1875.s0.i1 1.0 0.575612896673
DS3.d1881.s0.i0 1.0 1.31591384526
DS3.d1891.s0.i0 1.0 2.09132157441
DS3.d1895.s0.i0 1.0 1.76771058851
DS3.d1895.s0.i1 1.0 1.56741393473
DS3.d1895.s0.i2 1.0 1.60285628616
DS3.d1895.s0.i3 1.0 1.55541536381
DS3.d1895.s0.i4 1.0 1.79265322167
