DS3.d5.s0.i0 1.0 1.60415888481
DS3.d5.s0.i1 1.0 0.826808385868
DS3.d5.s0.i2 1.0 1.9325625774
DS3.d21.s0.i0 1.0 -0.446987588514
DS3.d22.s0.i0 1.0 0.60684583813
DS3.d22.s0.i1 1.0 0.201926141742
DS3.d22.s0.i2 1.0 0.481902233222
DS3.d22.s1.i0 1.0 0.900352335455
DS3.d30.s0.i0 -1 0.294220696445
DS3.d30.s0.i1 -1 0.357056208275
DS3.d30.s0.i2 -1 0.357056208275
DS3.d31.s0.i0 1.0 2.65145559818
DS3.d46.s0.i0 1.0 -0.570904750677
DS3.d46.s0.i1 1.0 0.296286710119
DS3.d46.s0.i2 1.0 -0.219522367558
DS3.d46.s0.i3 1.0 0.0797559994577
DS3.d46.s0.i4 1.0 -0.253050316823
DS3.d46.s0.i5 1.0 -0.579316691738
DS3.d46.s0.i6 1.0 0.0321573363174
DS3.d46.s0.i7 1.0 -0.103259011335
DS3.d48.s0.i0 -1 -0.579179216338
DS3.d48.s0.i1 -1 -0.579179216338
DS3.d48.s0.i2 1.0 0.463522920605
DS3.d48.s0.i3 1.0 0.463522920605
DS3.d48.s0.i4 1.0 1.18418721047
DS3.d48.s0.i5 1.0 1.18418721047
DS3.d50.s0.i0 1.0 2.43937006666
DS3.d57.s0.i0 1.0 0.0608517477675
DS3.d62.s0.i0 -1 1.39971731011
DS3.d65.s0.i0 -1 0.248141995073
DS3.d69.s0.i0 1.0 1.01504951633
DS3.d69.s0.i1 1.0 1.45918114597
DS3.d71.s0.i0 1.0 1.3015908329
DS3.d76.s0.i0 1.0 0.18850047373
DS3.d76.s0.i1 1.0 1.01498452444
DS3.d76.s0.i2 1.0 0.140653428842
DS3.d76.s0.i3 1.0 1.14044891849
DS3.d76.s1.i0 1.0 1.28797044159
DS3.d76.s1.i1 1.0 0.517555381617
DS3.d76.s1.i2 1.0 0.613665172292
DS3.d76.s1.i3 1.0 0.31655352509
DS3.d80.s0.i0 -1 -1.07162346261
DS3.d89.s0.i0 1.0 1.73182833935
DS3.d106.s0.i0 1.0 -0.201727963566
DS3.d106.s0.i1 1.0 -0.0563935696066
DS3.d111.s0.i0 1.0 0.71050568418
DS3.d111.s0.i1 -1 -1.25681026001
DS3.d111.s0.i2 1.0 0.749995902869
DS3.d111.s0.i3 1.0 0.502376173112
DS3.d111.s0.i4 -1 0.413716166123
DS3.d111.s0.i5 1.0 0.481090135974
DS3.d128.s0.i0 1.0 0.918561259206
DS3.d131.s0.i0 1.0 2.05167773461
DS3.d136.s0.i0 1.0 1.43812425675
DS3.d136.s0.i1 1.0 1.79914515646
DS3.d146.s0.i0 1.0 0.423386191121
DS3.d146.s0.i1 1.0 0.0648473602058
DS3.d166.s0.i0 1.0 0.177629259857
DS3.d170.s0.i0 1.0 1.51396713923
DS3.d170.s0.i1 1.0 0.852563223222
DS3.d198.s0.i0 1.0 -0.121386068069
DS3.d198.s0.i1 1.0 0.0234644247973
DS3.d198.s1.i0 -1 0.238062561329
DS3.d198.s1.i1 -1 -0.31509480862
DS3.d198.s1.i2 -1 0.146604297163
DS3.d198.s1.i3 -1 -0.356175735094
DS3.d202.s0.i0 1.0 0.349356369228
DS3.d216.s0.i0 -1 1.71480350978
DS3.d216.s0.i1 1.0 1.95548078028
DS3.d216.s1.i0 1.0 0.330642826449
DS3.d216.s2.i0 1.0 -0.332861128566
DS3.d216.s3.i0 1.0 1.59769615153
DS3.d216.s3.i1 1.0 1.82034460761
DS3.d219.s0.i0 1.0 0.698315117488
DS3.d219.s0.i1 1.0 1.33706204471
DS3.d219.s1.i0 -1 0.119602464336
DS3.d219.s1.i1 -1 0.521006963328
DS3.d219.s1.i2 -1 0.209702510184
DS3.d231.s0.i0 -1 1.25922671622
DS3.d232.s0.i0 1.0 0.72554939984
DS3.d232.s0.i1 1.0 0.250544864706
DS3.d232.s0.i2 1.0 0.600761635094
DS3.d232.s0.i3 1.0 0.336891112006
DS3.d232.s0.i4 1.0 0.792050026888
DS3.d232.s0.i5 1.0 0.670095619052
DS3.d232.s1.i0 1.0 1.60727943368
DS3.d232.s1.i1 1.0 1.22600701232
DS3.d232.s1.i2 1.0 1.53050626306
DS3.d232.s1.i3 1.0 1.14904632613
DS3.d232.s2.i0 -1 -1.53600062366
DS3.d233.s0.i0 1.0 0.23683015608
DS3.d237.s0.i0 1.0 -0.141808852851
DS3.d237.s0.i1 1.0 -0.0160911666373
DS3.d237.s0.i2 1.0 0.367127168245
DS3.d237.s0.i3 1.0 0.878934762782
DS3.d237.s0.i4 1.0 0.176379078476
DS3.d237.s0.i5 1.0 0.489819662061
DS3.d237.s0.i6 1.0 0.878934762782
DS3.d237.s0.i7 1.0 -0.0160911666373
DS3.d237.s0.i8 1.0 0.627667394852
DS3.d237.s0.i9 1.0 -0.219949294254
DS3.d237.s0.i10 1.0 0.116093353045
DS3.d237.s0.i11 1.0 -0.152686142068
DS3.d237.s0.i12 1.0 -0.326678730232
DS3.d237.s0.i13 1.0 -0.332818773909
DS3.d238.s0.i0 -1 1.44852331913
DS3.d242.s0.i0 1.0 0.849899467553
DS3.d242.s0.i1 1.0 0.702555245877
DS3.d242.s0.i2 1.0 0.812246168163
DS3.d242.s0.i3 1.0 0.631832420245
DS3.d245.s0.i0 1.0 0.800026169365
DS3.d245.s0.i1 1.0 1.03618762807
DS3.d245.s0.i2 1.0 0.736362131014
DS3.d267.s0.i0 1.0 1.43312996679
DS3.d275.s0.i0 1.0 -0.178720669924
DS3.d275.s0.i1 -1 0.0865711880006
DS3.d279.s0.i0 1.0 1.78698855155
DS3.d279.s1.i0 1.0 0.686365252722
DS3.d279.s1.i1 -1 -1.0617723496
DS3.d279.s2.i0 1.0 2.41060263162
DS3.d279.s2.i1 -1 1.35708722107
DS3.d279.s3.i0 1.0 1.47776382266
DS3.d279.s3.i1 -1 1.24228010413
DS3.d279.s4.i0 1.0 1.57401472844
DS3.d279.s5.i0 1.0 1.35250927718
DS3.d279.s6.i0 -1 -1.28452892352
DS3.d279.s6.i1 -1 -1.28452892352
DS3.d279.s6.i2 -1 -1.5551447476
DS3.d279.s7.i0 1.0 1.38677832218
DS3.d279.s7.i1 -1 0.874381903265
DS3.d279.s7.i2 -1 0.748643945714
DS3.d279.s8.i0 -1 0.649298826842
DS3.d279.s8.i1 -1 -0.431566395955
DS3.d279.s9.i0 1.0 2.17663038124
DS3.d279.s9.i1 1.0 0.812347332485
DS3.d286.s0.i0 -1 -0.280263576972
DS3.d286.s0.i1 1.0 1.66891653236
DS3.d286.s0.i2 1.0 0.151535110328
DS3.d289.s0.i0 -1 0.34768441241
DS3.d289.s0.i1 -1 0.0685156574945
DS3.d289.s0.i2 -1 -0.0816473196582
DS3.d310.s0.i0 1.0 0.0793851761223
DS3.d310.s0.i1 -1 -1.57595508011
DS3.d310.s0.i2 1.0 -1.06965352804
DS3.d310.s1.i0 1.0 -0.604324182703
DS3.d310.s1.i1 -1 -1.38720907708
DS3.d310.s1.i2 1.0 -1.06424069359
DS3.d310.s1.i3 -1 -0.5654783634
DS3.d330.s0.i0 1.0 0.164690033634
DS3.d330.s0.i1 1.0 0.164690033634
DS3.d338.s0.i0 1.0 2.09034086402
DS3.d338.s0.i1 1.0 1.85230717358
DS3.d340.s0.i0 -1 0.386308752253
DS3.d343.s0.i0 1.0 0.0518362000698
DS3.d343.s0.i1 1.0 0.0518362000698
DS3.d362.s0.i0 1.0 0.714609504475
DS3.d362.s0.i1 1.0 1.23942044795
DS3.d372.s0.i0 1.0 0.951394378524
DS3.d372.s0.i1 1.0 1.04912047536
DS3.d372.s1.i0 1.0 0.441083424933
DS3.d372.s1.i1 -1 1.05343287368
DS3.d372.s1.i2 1.0 0.575141672271
DS3.d372.s1.i3 -1 0.443270374318
DS3.d385.s0.i0 1.0 1.71872350555
DS3.d385.s0.i1 1.0 2.54023520226
DS3.d385.s1.i0 1.0 2.29865985755
DS3.d385.s2.i0 -1 -0.50317701232
DS3.d391.s0.i0 1.0 0.12552469034
DS3.d391.s0.i1 1.0 1.37028029607
DS3.d397.s0.i0 -1 0.0477135940793
DS3.d397.s0.i1 -1 0.242146923509
DS3.d397.s0.i2 1.0 0.388158666284
DS3.d404.s0.i0 1.0 0.471937907002
DS3.d404.s0.i1 1.0 0.909037813726
DS3.d404.s0.i2 1.0 0.374445688609
DS3.d404.s0.i3 1.0 0.21657288414
DS3.d408.s0.i0 1.0 0.48842241525
DS3.d408.s0.i1 1.0 0.752013401953
DS3.d410.s0.i0 -1 -1.21837633754
DS3.d412.s0.i0 1.0 1.35697469547
DS3.d421.s0.i0 -1 0.275536685165
DS3.d421.s1.i0 1.0 1.05067499793
DS3.d422.s0.i0 1.0 1.41716534109
DS3.d422.s0.i1 1.0 1.39296859349
DS3.d422.s0.i2 1.0 1.3303526123
DS3.d422.s1.i0 1.0 -0.616514139731
DS3.d422.s1.i1 1.0 0.355168353846
DS3.d422.s1.i2 1.0 -0.284846714037
DS3.d446.s0.i0 1.0 0.62643285604
DS3.d446.s0.i1 1.0 0.321183982156
DS3.d446.s0.i2 1.0 0.253854005464
DS3.d446.s0.i3 1.0 0.694854060519
DS3.d446.s1.i0 1.0 0.336550797153
DS3.d450.s0.i0 1.0 0.655592727597
DS3.d450.s1.i0 1.0 1.19661721053
DS3.d450.s1.i1 -1 0.489160031863
DS3.d453.s0.i0 1.0 0.65067819327
DS3.d463.s0.i0 -1 0.435402627064
DS3.d471.s0.i0 1.0 1.15444720588
DS3.d471.s0.i1 1.0 0.985931158091
DS3.d471.s0.i2 1.0 1.31117060205
DS3.d471.s0.i3 1.0 0.991083542293
DS3.d471.s0.i4 1.0 1.33147254623
DS3.d471.s0.i5 1.0 0.999745627536
DS3.d512.s0.i0 -1 0.0709971829835
DS3.d512.s0.i1 -1 -0.039849060135
DS3.d512.s1.i0 -1 -0.637099715624
DS3.d512.s2.i0 1.0 0.446659179048
DS3.d512.s2.i1 1.0 -0.0220030354429
DS3.d514.s0.i0 1.0 1.49643001963
DS3.d514.s1.i0 -1 1.04148592241
DS3.d525.s0.i0 1.0 -0.255009777596
DS3.d525.s0.i1 1.0 -0.0729341853398
DS3.d528.s0.i0 1.0 0.777994742441
DS3.d528.s0.i1 1.0 1.17890153328
DS3.d551.s0.i0 1.0 2.04633500617
DS3.d627.s0.i0 1.0 0.268231034133
DS3.d646.s0.i0 1.0 -0.0112367842546
DS3.d646.s0.i1 1.0 -0.229942979584
DS3.d646.s0.i2 1.0 -0.361160407018
DS3.d646.s0.i3 1.0 -0.0166581283619
DS3.d646.s0.i4 1.0 0.217561048221
DS3.d646.s0.i5 1.0 -0.229942979584
DS3.d668.s0.i0 1.0 1.34098324911
DS3.d672.s0.i0 1.0 0.190662821417
DS3.d672.s0.i1 -1 0.420680463272
DS3.d672.s0.i2 1.0 0.117766469238
DS3.d672.s0.i3 -1 0.442354335117
DS3.d672.s0.i4 -1 0.259817377327
DS3.d672.s0.i5 -1 1.14325607422
DS3.d672.s0.i6 -1 0.46085795801
DS3.d672.s0.i7 -1 0.0507644783803
DS3.d672.s0.i8 1.0 -0.079903451132
DS3.d672.s0.i9 -1 0.923126910919
DS3.d672.s0.i10 -1 -0.425913055572
DS3.d672.s0.i11 -1 0.674556549504
DS3.d677.s0.i0 -1 0.515903889486
DS3.d677.s0.i1 -1 0.56501673468
DS3.d677.s0.i2 1.0 -0.288104965388
DS3.d677.s0.i3 -1 0.512322241559
DS3.d687.s0.i0 1.0 0.483919637807
DS3.d687.s1.i0 -1 0.751633759662
DS3.d694.s0.i0 1.0 1.32627473773
DS3.d694.s0.i1 -1 1.3217564089
DS3.d694.s0.i2 1.0 1.11140637484
DS3.d701.s0.i0 -1 -0.605270110264
DS3.d701.s0.i1 -1 -0.26668799357
DS3.d727.s0.i0 1.0 1.08847841924
DS3.d728.s0.i0 1.0 1.50191665068
DS3.d748.s0.i0 -1 0.628607928462
DS3.d757.s0.i0 1.0 0.67765491492
DS3.d757.s1.i0 1.0 0.495010950812
DS3.d805.s0.i0 -1 0.127625325216
DS3.d805.s0.i1 -1 0.127625325216
DS3.d805.s0.i2 -1 -1.52860700786
DS3.d808.s0.i0 -1 0.992805437081
DS3.d808.s1.i0 -1 2.35896013597
DS3.d808.s1.i1 1.0 1.03651477638
DS3.d808.s2.i0 1.0 1.49131090831
DS3.d808.s2.i1 1.0 1.18251939499
DS3.d817.s0.i0 1.0 0.929149820011
DS3.d817.s0.i1 1.0 1.36058398439
DS3.d817.s1.i0 1.0 0.668304662819
DS3.d817.s1.i1 1.0 0.918019369305
DS3.d817.s1.i2 1.0 0.797460808713
DS3.d817.s1.i3 1.0 1.7737061554
DS3.d817.s1.i4 1.0 1.18280842406
DS3.d823.s0.i0 -1 1.00994551248
DS3.d837.s0.i0 -1 -1.20066017003
DS3.d839.s0.i0 1.0 0.900204280503
DS3.d839.s0.i1 1.0 0.97645617167
DS3.d852.s0.i0 1.0 1.02749937707
DS3.d856.s0.i0 -1 0.277444014417
DS3.d856.s0.i1 -1 0.104802973706
DS3.d856.s0.i2 -1 0.153513457592
DS3.d856.s0.i3 -1 0.122973620103
DS3.d856.s0.i4 -1 0.112878125296
DS3.d856.s0.i5 -1 0.368631293299
DS3.d856.s0.i6 -1 -0.11012977688
DS3.d856.s0.i7 -1 -0.063735494184
DS3.d859.s0.i0 1.0 0.683505609344
DS3.d869.s0.i0 1.0 1.05973768616
DS3.d869.s1.i0 1.0 0.811670230237
DS3.d869.s2.i0 1.0 0.202405116665
DS3.d872.s0.i0 -1 1.76164734421
DS3.d872.s0.i1 -1 0.595614561365
DS3.d872.s0.i2 -1 0.474634118917
DS3.d872.s0.i3 -1 1.34071824209
DS3.d872.s0.i4 -1 0.960776453656
DS3.d872.s0.i5 -1 0.826731024652
DS3.d872.s0.i6 -1 1.61413992178
DS3.d872.s0.i7 -1 0.0121749102411
DS3.d872.s0.i8 -1 0.890734141648
DS3.d872.s0.i9 -1 2.09831652877
DS3.d872.s0.i10 -1 1.07637087178
DS3.d872.s0.i11 -1 0.982315547439
DS3.d896.s0.i0 1.0 0.444995569997
DS3.d896.s0.i1 1.0 0.14361696486
DS3.d904.s0.i0 1.0 1.8512345068
DS3.d904.s0.i1 1.0 1.70198039676
DS3.d904.s0.i2 -1 1.32143912184
DS3.d924.s0.i0 1.0 1.10182534578
DS3.d924.s0.i1 1.0 1.71412003177
DS3.d929.s0.i0 1.0 -0.345451714288
DS3.d929.s0.i1 1.0 -0.20497890768
DS3.d929.s0.i2 1.0 0.127873315003
DS3.d929.s0.i3 1.0 0.733485576171
DS3.d929.s0.i4 1.0 -0.233457832744
DS3.d929.s0.i5 -1 -0.61119383335
DS3.d929.s0.i6 -1 -0.639036312809
DS3.d939.s0.i0 -1 0.662885920843
DS3.d941.s0.i0 -1 1.24182779947
DS3.d941.s0.i1 -1 0.803849758365
DS3.d941.s0.i2 -1 -0.583608124882
DS3.d966.s0.i0 -1 -0.395026125729
DS3.d970.s0.i0 1.0 0.501011144078
DS3.d970.s0.i1 1.0 0.394388120344
DS3.d970.s0.i2 1.0 0.501011144078
DS3.d970.s0.i3 1.0 0.394388120344
DS3.d970.s0.i4 1.0 1.35290736616
DS3.d970.s0.i5 1.0 1.20151870162
DS3.d970.s1.i0 1.0 0.854999104461
DS3.d970.s1.i1 1.0 0.977168549462
DS3.d970.s2.i0 1.0 1.14474910526
DS3.d970.s3.i0 1.0 1.56994513694
DS3.d970.s3.i1 1.0 1.33396897775
DS3.d970.s4.i0 1.0 1.09594548694
DS3.d970.s4.i1 1.0 1.36971771953
DS3.d970.s4.i2 1.0 1.02835304048
DS3.d970.s4.i3 1.0 0.594492089842
DS3.d970.s4.i4 1.0 1.31101715244
DS3.d970.s4.i5 1.0 -0.672244987485
DS3.d970.s4.i6 1.0 0.968416842374
DS3.d970.s4.i7 1.0 0.640476132046
DS3.d974.s0.i0 1.0 1.60411181666
DS3.d975.s0.i0 1.0 -0.269244577746
DS3.d975.s0.i1 -1 0.577905660741
DS3.d975.s0.i2 1.0 -0.21515314603
DS3.d975.s1.i0 -1 -0.574327154408
DS3.d975.s1.i1 -1 -0.642429688026
DS3.d975.s1.i2 -1 -0.473794394959
DS3.d978.s0.i0 -1 -0.672599498225
DS3.d978.s0.i1 -1 -0.727458291038
DS3.d980.s0.i0 1.0 0.0290324869805
DS3.d987.s0.i0 -1 -0.259740950538
DS3.d987.s0.i1 -1 0.197669628521
DS3.d987.s0.i2 -1 -1.01460193292
DS3.d987.s0.i3 -1 -1.01460193292
DS3.d987.s0.i4 -1 -0.47165141221
DS3.d987.s0.i5 -1 -0.585116592838
DS3.d987.s0.i6 -1 -0.700319467353
DS3.d987.s0.i7 -1 0.453690672247
DS3.d987.s0.i8 -1 -0.918088659379
DS3.d987.s0.i9 -1 0.516591596355
DS3.d992.s0.i0 -1 0.668796987358
DS3.d995.s0.i0 -1 -0.574965120832
DS3.d995.s1.i0 1.0 -0.178157423999
DS3.d995.s1.i1 1.0 0.326201668828
DS3.d995.s2.i0 1.0 0.66153694975
DS3.d995.s3.i0 1.0 1.10787988482
DS3.d1012.s0.i0 -1 0.825543972611
DS3.d1016.s0.i0 1.0 0.912674177324
DS3.d1016.s0.i1 1.0 0.452596864818
DS3.d1032.s0.i0 1.0 -0.620376078708
DS3.d1060.s0.i0 1.0 1.26940276582
DS3.d1072.s0.i0 -1 0.229206470562
DS3.d1094.s0.i0 -1 0.406345711624
DS3.d1114.s0.i0 1.0 1.2435825142
DS3.d1150.s0.i0 1.0 -0.22171671054
DS3.d1168.s0.i0 1.0 0.848400416742
DS3.d1180.s0.i0 1.0 1.12308821053
DS3.d1185.s0.i0 1.0 1.20362092562
DS3.d1185.s0.i1 1.0 1.37438096916
DS3.d1190.s0.i0 1.0 0.104309806252
DS3.d1192.s0.i0 1.0 0.571457525601
DS3.d1219.s0.i0 1.0 0.987217217256
DS3.d1219.s0.i1 1.0 0.423397217555
DS3.d1226.s0.i0 -1 0.234483611239
DS3.d1226.s0.i1 1.0 1.97826786983
DS3.d1226.s0.i2 1.0 1.58530960063
DS3.d1226.s0.i3 -1 -0.208245002652
DS3.d1231.s0.i0 -1 -1.8862627905
DS3.d1231.s1.i0 1.0 0.560132354812
DS3.d1246.s0.i0 1.0 0.437541592886
DS3.d1254.s0.i0 1.0 1.24599096507
DS3.d1254.s1.i0 1.0 1.34255185012
DS3.d1254.s1.i1 1.0 1.53430988086
DS3.d1256.s0.i0 1.0 1.05444368454
DS3.d1256.s0.i1 1.0 0.944509484593
DS3.d1267.s0.i0 1.0 0.423535363416
DS3.d1267.s1.i0 1.0 1.09953839606
DS3.d1272.s0.i0 -1 0.476673355729
DS3.d1272.s1.i0 1.0 0.33421016282
DS3.d1277.s0.i0 1.0 0.445749550172
DS3.d1277.s1.i0 1.0 2.24522313308
DS3.d1282.s0.i0 -1 -0.407619020294
DS3.d1291.s0.i0 1.0 1.27850345209
DS3.d1298.s0.i0 1.0 1.42231944269
DS3.d1298.s0.i1 -1 1.35417714819
DS3.d1298.s1.i0 1.0 1.26308173998
DS3.d1298.s1.i1 1.0 0.66649966247
DS3.d1298.s2.i0 -1 1.47844411162
DS3.d1299.s0.i0 -1 -0.594419022337
DS3.d1299.s0.i1 -1 -0.594419022337
DS3.d1299.s0.i2 1.0 0.620469243599
DS3.d1299.s0.i3 1.0 0.571937182726
DS3.d1299.s0.i4 -1 -0.594419022337
DS3.d1320.s0.i0 1.0 -0.244597097572
DS3.d1320.s0.i1 1.0 -0.0350453827485
DS3.d1341.s0.i0 -1 1.00902840456
DS3.d1341.s0.i1 1.0 0.616916171098
DS3.d1341.s0.i2 1.0 0.657106827086
DS3.d1346.s0.i0 1.0 1.78875784905
DS3.d1346.s0.i1 -1 2.11190509482
DS3.d1346.s1.i0 1.0 0.266014816686
DS3.d1348.s0.i0 -1 0.165450566657
DS3.d1348.s1.i0 1.0 1.13469093018
DS3.d1366.s0.i0 1.0 1.57787187364
DS3.d1375.s0.i0 -1 0.562267477291
DS3.d1375.s0.i1 -1 -0.140676967862
DS3.d1378.s0.i0 1.0 -0.325945052656
DS3.d1378.s0.i1 1.0 -0.193642423942
DS3.d1378.s0.i2 1.0 -0.446691404091
DS3.d1378.s0.i3 1.0 7.66613264443e-05
DS3.d1378.s0.i4 1.0 -0.548231031764
DS3.d1378.s0.i5 1.0 0.335186574877
DS3.d1378.s0.i6 1.0 0.528905660144
DS3.d1378.s0.i7 1.0 -0.261720696424
DS3.d1379.s0.i0 1.0 0.412411690456
DS3.d1379.s1.i0 1.0 0.8475046424
DS3.d1379.s1.i1 1.0 0.777414205696
DS3.d1379.s1.i2 1.0 -0.249844154587
DS3.d1379.s1.i3 1.0 -0.661891850256
DS3.d1391.s0.i0 -1 -0.768951136518
DS3.d1391.s1.i0 -1 0.42343025813
DS3.d1391.s2.i0 -1 -0.591730776516
DS3.d1391.s3.i0 -1 -0.597975955463
DS3.d1391.s3.i1 -1 0.548156896881
DS3.d1402.s0.i0 1.0 2.05999740594
DS3.d1403.s0.i0 1.0 0.940987953819
DS3.d1403.s1.i0 1.0 -0.160145349374
DS3.d1414.s0.i0 -1 0.384993878074
DS3.d1414.s0.i1 -1 0.73707295349
DS3.d1441.s0.i0 1.0 2.2198353741
DS3.d1443.s0.i0 1.0 0.708168792671
DS3.d1443.s0.i1 -1 0.422690243892
DS3.d1457.s0.i0 -1 0.273920494577
DS3.d1457.s0.i1 -1 0.640597619541
DS3.d1460.s0.i0 -1 1.12835001241
DS3.d1462.s0.i0 1.0 0.544785983841
DS3.d1487.s0.i0 1.0 1.54337387035
DS3.d1487.s0.i1 1.0 1.70375449063
DS3.d1487.s1.i0 1.0 0.799532926403
DS3.d1487.s1.i1 1.0 0.984285086885
DS3.d1487.s2.i0 1.0 1.80886529695
DS3.d1487.s3.i0 1.0 1.10429579586
DS3.d1489.s0.i0 -1 -0.126622288865
DS3.d1514.s0.i0 -1 0.754448648077
DS3.d1514.s0.i1 1.0 0.868958226813
DS3.d1514.s1.i0 -1 -0.221863706456
DS3.d1514.s1.i1 -1 0.150946060346
DS3.d1514.s1.i2 1.0 1.06010882572
DS3.d1514.s1.i3 1.0 0.581858630563
DS3.d1519.s0.i0 -1 0.190536138807
DS3.d1526.s0.i0 1.0 0.50609993875
DS3.d1526.s0.i1 1.0 0.50609993875
DS3.d1527.s0.i0 1.0 0.284389694386
DS3.d1539.s0.i0 1.0 0.838900366581
DS3.d1539.s1.i0 1.0 0.768829167302
DS3.d1547.s0.i0 1.0 -0.376506634395
DS3.d1547.s0.i1 1.0 -0.0532427795092
DS3.d1561.s0.i0 1.0 0.410346705711
DS3.d1570.s0.i0 1.0 -1.13119389421
DS3.d1578.s0.i0 1.0 0.980284018946
DS3.d1597.s0.i0 -1 -0.878542747098
DS3.d1620.s0.i0 1.0 0.454642325395
DS3.d1620.s1.i0 -1 0.071840958611
DS3.d1623.s0.i0 1.0 0.490875118226
DS3.d1665.s0.i0 1.0 1.27427668732
DS3.d1673.s0.i0 -1 -1.66839555905
DS3.d1673.s1.i0 -1 -1.33430709688
DS3.d1677.s0.i0 1.0 0.000569478004793
DS3.d1677.s0.i1 -1 -1.18844606646
DS3.d1692.s0.i0 -1 -0.459718539054
DS3.d1694.s0.i0 1.0 0.517161961091
DS3.d1694.s1.i0 1.0 0.82524814648
DS3.d1694.s1.i1 1.0 1.12530497299
DS3.d1695.s0.i0 1.0 -0.684884000921
DS3.d1699.s0.i0 1.0 2.13443875476
DS3.d1699.s0.i1 1.0 2.13443875476
DS3.d1715.s0.i0 -1 0.848560492197
DS3.d1715.s1.i0 -1 -0.222391063986
DS3.d1715.s1.i1 -1 -0.0503844556565
DS3.d1715.s1.i2 -1 -0.0700801680469
DS3.d1715.s1.i3 -1 -0.0524887074097
DS3.d1718.s0.i0 1.0 0.225944399609
DS3.d1722.s0.i0 -1 -1.04064568962
DS3.d1722.s0.i1 -1 -0.443230533096
DS3.d1722.s0.i2 -1 -0.221769184704
DS3.d1722.s0.i3 -1 -0.683163813858
DS3.d1722.s0.i4 -1 -0.61109289839
DS3.d1722.s0.i5 -1 -0.00798696618918
DS3.d1722.s0.i6 -1 -0.23315640315
DS3.d1722.s0.i7 -1 -1.400178193
DS3.d1722.s1.i0 -1 -0.631174659779
DS3.d1722.s1.i1 -1 -0.225709302683
DS3.d1722.s1.i2 -1 -0.276526780771
DS3.d1724.s0.i0 1.0 0.357431346335
DS3.d1729.s0.i0 1.0 0.714288201956
DS3.d1740.s0.i0 1.0 -0.54895172209
DS3.d1740.s0.i1 1.0 -0.726531267173
DS3.d1779.s0.i0 -1 0.583690635735
DS3.d1779.s0.i1 1.0 1.64197714156
DS3.d1779.s0.i2 1.0 1.2333718974
DS3.d1779.s1.i0 -1 0.0672367861895
DS3.d1779.s1.i1 1.0 1.44641796175
DS3.d1779.s1.i2 1.0 1.1742907667
DS3.d1779.s2.i0 1.0 0.795524070057
DS3.d1779.s3.i0 -1 1.29302336678
DS3.d1791.s0.i0 -1 0.00801689520467
DS3.d1791.s0.i1 -1 0.13156923715
DS3.d1793.s0.i0 -1 -1.44328355885
DS3.d1793.s0.i1 -1 -1.0023177728
DS3.d1810.s0.i0 -1 -0.762017894633
DS3.d1810.s0.i1 -1 -1.29817337142
DS3.d1810.s1.i0 -1 -0.825342685378
DS3.d1818.s0.i0 -1 0.744931267861
DS3.d1826.s0.i0 -1 -1.36210971307
DS3.d1826.s1.i0 -1 -0.249638624721
DS3.d1826.s2.i0 -1 -0.397788398485
DS3.d1826.s3.i0 -1 -1.03146946493
DS3.d1840.s0.i0 -1 -0.309684983457
DS3.d1855.s0.i0 1.0 0.963975073204
DS3.d1855.s0.i1 1.0 1.01666732328
DS3.d1855.s1.i0 1.0 1.5444142286
DS3.d1855.s1.i1 1.0 1.67737270127
DS3.d1861.s0.i0 1.0 1.02763811725
DS3.d1861.s0.i1 1.0 1.02763811725
DS3.d1867.s0.i0 1.0 0.105737486544
DS3.d1867.s0.i1 1.0 -0.202178575178
DS3.d1867.s0.i2 1.0 -0.027879802875
DS3.d1867.s0.i3 1.0 -0.0239752173508
DS3.d1875.s0.i0 1.0 1.34870865368
DS3.d1875.s0.i1 1.0 0.586863795055
DS3.d1881.s0.i0 1.0 1.27072624189
DS3.d1891.s0.i0 1.0 1.9375717622
DS3.d1895.s0.i0 1.0 1.67525822347
DS3.d1895.s0.i1 1.0 1.48962893515
DS3.d1895.s0.i2 1.0 1.63745413564
DS3.d1895.s0.i3 1.0 1.55571932103
DS3.d1895.s0.i4 1.0 1.63521676075
