DS3.d939.s0.i0 -1.000000 0.395949
DS3.d668.s0.i0 1.000000 0.923357
DS3.d837.s0.i0 -1.000000 0.157779
DS3.d839.s0.i0 1.000000 0.938679
DS3.d839.s0.i1 1.000000 0.955135
DS3.d1840.s0.i0 -1.000000 0.442493
DS3.d1665.s0.i0 1.000000 0.109587
DS3.d238.s0.i0 -1.000000 0.774164
DS3.d237.s0.i10 1.000000 0.009628
DS3.d237.s0.i11 1.000000 -0.097862
DS3.d237.s0.i12 1.000000 -0.049215
DS3.d237.s0.i13 1.000000 -0.023317
DS3.d237.s0.i2 1.000000 -0.009857
DS3.d237.s0.i3 1.000000 0.262583
DS3.d237.s0.i0 1.000000 0.067817
DS3.d237.s0.i1 1.000000 0.178159
DS3.d237.s0.i6 1.000000 0.179337
DS3.d237.s0.i7 1.000000 0.120565
DS3.d237.s0.i4 1.000000 -0.023389
DS3.d237.s0.i5 1.000000 -0.037711
DS3.d237.s0.i8 1.000000 0.131557
DS3.d237.s0.i9 1.000000 -0.056131
DS3.d748.s0.i0 -1.000000 0.681489
DS3.d233.s0.i0 1.000000 1.098079
DS3.d232.s2.i0 -1.000000 0.090809
DS3.d232.s1.i0 1.000000 0.728301
DS3.d232.s1.i1 1.000000 0.652757
DS3.d232.s1.i2 1.000000 0.609851
DS3.d232.s1.i3 1.000000 0.656837
DS3.d232.s0.i5 1.000000 0.275532
DS3.d232.s0.i4 1.000000 0.276505
DS3.d232.s0.i3 1.000000 0.234280
DS3.d232.s0.i2 1.000000 0.214673
DS3.d232.s0.i1 1.000000 0.190286
DS3.d232.s0.i0 1.000000 0.269834
DS3.d231.s0.i0 -1.000000 0.204138
DS3.d131.s0.i0 1.000000 0.871722
DS3.d343.s0.i0 1.000000 1.079777
DS3.d343.s0.i1 1.000000 1.079777
DS3.d136.s0.i0 1.000000 0.822726
DS3.d136.s0.i1 1.000000 0.987593
DS3.d340.s0.i0 -1.000000 -0.197405
DS3.d1192.s0.i0 1.000000 0.568102
DS3.d463.s0.i0 -1.000000 0.448088
DS3.d1570.s0.i0 1.000000 -0.607818
DS3.d1366.s0.i0 1.000000 0.873505
DS3.d1072.s0.i0 -1.000000 -0.096341
DS3.d941.s0.i2 -1.000000 -0.309571
DS3.d941.s0.i0 -1.000000 0.750825
DS3.d941.s0.i1 -1.000000 0.538284
DS3.d1348.s1.i0 1.000000 0.467699
DS3.d1348.s0.i0 -1.000000 0.406923
DS3.d929.s0.i4 1.000000 -0.237985
DS3.d929.s0.i5 -1.000000 -0.126433
DS3.d929.s0.i6 -1.000000 -0.195703
DS3.d929.s0.i0 1.000000 -0.193016
DS3.d929.s0.i1 1.000000 -0.262122
DS3.d929.s0.i2 1.000000 -0.032955
DS3.d929.s0.i3 1.000000 0.034392
DS3.d1715.s1.i2 -1.000000 0.063688
DS3.d1715.s1.i3 -1.000000 0.023283
DS3.d1715.s1.i0 -1.000000 0.068653
DS3.d1715.s1.i1 -1.000000 0.036594
DS3.d1715.s0.i0 -1.000000 0.820949
DS3.d1875.s0.i0 1.000000 0.658518
DS3.d1875.s0.i1 1.000000 1.076395
DS3.d677.s0.i2 1.000000 -0.148381
DS3.d677.s0.i3 -1.000000 -0.165352
DS3.d677.s0.i0 -1.000000 -0.373711
DS3.d677.s0.i1 -1.000000 -0.356294
DS3.d391.s0.i1 1.000000 0.867203
DS3.d391.s0.i0 1.000000 0.754885
DS3.d22.s1.i0 1.000000 0.387877
DS3.d22.s0.i1 1.000000 0.074124
DS3.d22.s0.i0 1.000000 0.245100
DS3.d22.s0.i2 1.000000 0.272115
DS3.d672.s0.i11 -1.000000 -0.460364
DS3.d672.s0.i10 -1.000000 -0.423515
DS3.d672.s0.i7 -1.000000 -0.432867
DS3.d672.s0.i6 -1.000000 -0.295919
DS3.d672.s0.i5 -1.000000 -0.371952
DS3.d672.s0.i4 -1.000000 -0.276945
DS3.d672.s0.i3 -1.000000 -0.433583
DS3.d672.s0.i2 1.000000 -0.058581
DS3.d672.s0.i1 -1.000000 -0.513197
DS3.d672.s0.i0 1.000000 -0.062870
DS3.d672.s0.i9 -1.000000 -0.534895
DS3.d672.s0.i8 1.000000 -0.007914
DS3.d1718.s0.i0 1.000000 0.347594
DS3.d924.s0.i1 1.000000 0.651287
DS3.d924.s0.i0 1.000000 0.484123
DS3.d202.s0.i0 1.000000 0.752640
DS3.d245.s0.i1 1.000000 0.402081
DS3.d245.s0.i0 1.000000 0.600708
DS3.d245.s0.i2 1.000000 0.313626
DS3.d372.s0.i0 1.000000 0.722938
DS3.d372.s0.i1 1.000000 0.749322
DS3.d372.s1.i1 -1.000000 0.664105
DS3.d372.s1.i0 1.000000 0.624456
DS3.d372.s1.i3 -1.000000 0.561050
DS3.d372.s1.i2 1.000000 0.572962
DS3.d471.s0.i2 1.000000 0.351012
DS3.d471.s0.i3 1.000000 0.357486
DS3.d471.s0.i0 1.000000 0.390066
DS3.d471.s0.i1 1.000000 0.382918
DS3.d471.s0.i4 1.000000 0.320053
DS3.d471.s0.i5 1.000000 0.348090
DS3.d289.s0.i1 -1.000000 -0.166189
DS3.d289.s0.i0 -1.000000 0.728478
DS3.d289.s0.i2 -1.000000 -0.052563
DS3.d1547.s0.i0 1.000000 0.277947
DS3.d1547.s0.i1 1.000000 0.220443
DS3.d1460.s0.i0 -1.000000 0.788816
DS3.d1462.s0.i0 1.000000 0.336107
DS3.d128.s0.i0 1.000000 0.053797
DS3.d286.s0.i2 1.000000 0.770050
DS3.d286.s0.i0 -1.000000 0.396229
DS3.d286.s0.i1 1.000000 0.855406
DS3.d1375.s0.i1 -1.000000 0.338814
DS3.d1375.s0.i0 -1.000000 0.288340
DS3.d1277.s0.i0 1.000000 0.359430
DS3.d1277.s1.i0 1.000000 1.091162
DS3.d1378.s0.i6 1.000000 0.119835
DS3.d1378.s0.i7 1.000000 -0.096622
DS3.d1378.s0.i4 1.000000 -0.089238
DS3.d1378.s0.i5 1.000000 0.221930
DS3.d1378.s0.i2 1.000000 -0.017928
DS3.d1378.s0.i3 1.000000 0.006505
DS3.d1378.s0.i0 1.000000 -0.190246
DS3.d1378.s0.i1 1.000000 0.105110
DS3.d1379.s1.i0 1.000000 0.915183
DS3.d1379.s1.i1 1.000000 0.880626
DS3.d1379.s1.i2 1.000000 0.265684
DS3.d1379.s1.i3 1.000000 0.266984
DS3.d1379.s0.i0 1.000000 0.349452
DS3.d1272.s1.i0 1.000000 0.223042
DS3.d1272.s0.i0 -1.000000 0.007348
DS3.d856.s0.i3 -1.000000 -1.008226
DS3.d856.s0.i2 -1.000000 -0.716914
DS3.d856.s0.i1 -1.000000 -0.946694
DS3.d856.s0.i0 -1.000000 -0.661641
DS3.d856.s0.i7 -1.000000 -0.788825
DS3.d856.s0.i6 -1.000000 -0.770299
DS3.d856.s0.i5 -1.000000 -0.852408
DS3.d856.s0.i4 -1.000000 -0.882549
DS3.d1867.s0.i1 1.000000 0.177256
DS3.d1867.s0.i0 1.000000 -0.148761
DS3.d1867.s0.i3 1.000000 -0.117526
DS3.d1867.s0.i2 1.000000 0.152714
DS3.d646.s0.i4 1.000000 -0.006567
DS3.d646.s0.i5 1.000000 0.012723
DS3.d646.s0.i2 1.000000 -0.077280
DS3.d646.s0.i3 1.000000 0.084541
DS3.d646.s0.i0 1.000000 -0.002973
DS3.d646.s0.i1 1.000000 0.005799
DS3.d852.s0.i0 1.000000 1.216219
DS3.d859.s0.i0 1.000000 0.940203
DS3.d1489.s0.i0 -1.000000 0.237143
DS3.d216.s1.i0 1.000000 0.709080
DS3.d216.s0.i1 1.000000 1.079174
DS3.d216.s0.i0 -1.000000 1.296491
DS3.d216.s3.i0 1.000000 0.530775
DS3.d216.s3.i1 1.000000 0.489735
DS3.d216.s2.i0 1.000000 0.137189
DS3.d1391.s1.i0 -1.000000 -0.260104
DS3.d1391.s0.i0 -1.000000 -0.019285
DS3.d1391.s3.i0 -1.000000 0.081696
DS3.d1391.s3.i1 -1.000000 0.031198
DS3.d1391.s2.i0 -1.000000 -0.191808
DS3.d219.s0.i0 1.000000 0.370999
DS3.d219.s0.i1 1.000000 0.597540
DS3.d219.s1.i1 -1.000000 -0.180970
DS3.d219.s1.i0 -1.000000 -0.116252
DS3.d219.s1.i2 -1.000000 -0.255497
DS3.d362.s0.i1 1.000000 0.970653
DS3.d362.s0.i0 1.000000 0.862014
DS3.d404.s0.i2 1.000000 -0.040624
DS3.d404.s0.i3 1.000000 -0.006252
DS3.d404.s0.i0 1.000000 0.242017
DS3.d404.s0.i1 1.000000 0.240057
DS3.d1578.s0.i0 1.000000 0.810464
DS3.d1254.s1.i0 1.000000 0.807097
DS3.d1254.s1.i1 1.000000 0.950065
DS3.d1254.s0.i0 1.000000 1.262815
DS3.d111.s0.i1 -1.000000 -0.627447
DS3.d111.s0.i0 1.000000 0.120461
DS3.d111.s0.i3 1.000000 0.171802
DS3.d111.s0.i2 1.000000 0.468839
DS3.d111.s0.i5 1.000000 0.531041
DS3.d111.s0.i4 -1.000000 0.010262
DS3.d1414.s0.i1 -1.000000 0.216385
DS3.d1414.s0.i0 -1.000000 -0.595308
DS3.d5.s0.i1 1.000000 0.117728
DS3.d5.s0.i0 1.000000 0.126260
DS3.d5.s0.i2 1.000000 0.132761
DS3.d408.s0.i0 1.000000 0.945565
DS3.d408.s0.i1 1.000000 0.909642
DS3.d1793.s0.i1 -1.000000 -0.635789
DS3.d1793.s0.i0 -1.000000 -0.620908
DS3.d1791.s0.i1 -1.000000 0.084612
DS3.d1791.s0.i0 -1.000000 0.096508
DS3.d1094.s0.i0 -1.000000 0.156080
DS3.d198.s0.i0 1.000000 -0.266215
DS3.d198.s0.i1 1.000000 -0.190943
DS3.d198.s1.i3 -1.000000 0.133033
DS3.d198.s1.i2 -1.000000 0.166171
DS3.d198.s1.i1 -1.000000 0.129243
DS3.d198.s1.i0 -1.000000 0.098946
DS3.d1168.s0.i0 1.000000 0.723876
DS3.d89.s0.i0 1.000000 0.844185
DS3.d1267.s1.i0 1.000000 0.797577
DS3.d1267.s0.i0 1.000000 0.891983
DS3.d904.s0.i2 -1.000000 0.455887
DS3.d904.s0.i1 1.000000 0.687743
DS3.d904.s0.i0 1.000000 0.771500
DS3.d1320.s0.i1 1.000000 -0.066878
DS3.d1320.s0.i0 1.000000 0.066672
DS3.d1032.s0.i0 1.000000 -0.681192
DS3.d1810.s1.i0 -1.000000 -0.533889
DS3.d1810.s0.i1 -1.000000 -0.560478
DS3.d1810.s0.i0 -1.000000 -0.464743
DS3.d397.s0.i1 -1.000000 -0.231010
DS3.d397.s0.i0 -1.000000 0.038591
DS3.d397.s0.i2 1.000000 -0.137004
DS3.d1818.s0.i0 -1.000000 0.545175
DS3.d106.s0.i1 1.000000 0.330636
DS3.d106.s0.i0 1.000000 0.361312
DS3.d412.s0.i0 1.000000 0.665379
DS3.d410.s0.i0 -1.000000 0.277715
DS3.d310.s0.i2 1.000000 -0.303624
DS3.d310.s0.i0 1.000000 -0.446791
DS3.d310.s0.i1 -1.000000 -0.463857
DS3.d310.s1.i1 -1.000000 -0.541721
DS3.d310.s1.i0 1.000000 -0.518084
DS3.d310.s1.i3 -1.000000 -0.647780
DS3.d310.s1.i2 1.000000 -0.276742
DS3.d1060.s0.i0 1.000000 0.788355
DS3.d1402.s0.i0 1.000000 1.614087
DS3.d1403.s1.i0 1.000000 0.824169
DS3.d1403.s0.i0 1.000000 1.304692
DS3.d551.s0.i0 1.000000 0.987430
DS3.d1729.s0.i0 1.000000 0.484934
DS3.d995.s1.i0 1.000000 0.388778
DS3.d995.s1.i1 1.000000 0.253774
DS3.d995.s0.i0 -1.000000 -0.024452
DS3.d995.s3.i0 1.000000 0.806517
DS3.d995.s2.i0 1.000000 0.672977
DS3.d992.s0.i0 -1.000000 0.361967
DS3.d1256.s0.i1 1.000000 0.283514
DS3.d1256.s0.i0 1.000000 0.535108
DS3.d30.s0.i0 -1.000000 0.267083
DS3.d30.s0.i1 -1.000000 0.141049
DS3.d30.s0.i2 -1.000000 0.141049
DS3.d1526.s0.i1 1.000000 0.400491
DS3.d1526.s0.i0 1.000000 0.400491
DS3.d1150.s0.i0 1.000000 0.565968
DS3.d1722.s1.i0 -1.000000 0.294950
DS3.d1722.s1.i1 -1.000000 0.357521
DS3.d1722.s1.i2 -1.000000 0.164139
DS3.d1722.s0.i3 -1.000000 -0.117707
DS3.d1722.s0.i2 -1.000000 -0.193324
DS3.d1722.s0.i1 -1.000000 -0.116992
DS3.d1722.s0.i0 -1.000000 -0.280854
DS3.d1722.s0.i7 -1.000000 -0.290147
DS3.d1722.s0.i6 -1.000000 -0.109182
DS3.d1722.s0.i5 -1.000000 -0.171106
DS3.d1722.s0.i4 -1.000000 -0.070542
DS3.d1724.s0.i0 1.000000 -0.107561
DS3.d1231.s0.i0 -1.000000 -0.644995
DS3.d1231.s1.i0 1.000000 0.177918
DS3.d975.s1.i0 -1.000000 -0.335761
DS3.d975.s1.i1 -1.000000 -0.158990
DS3.d975.s1.i2 -1.000000 -0.075246
DS3.d975.s0.i2 1.000000 0.007004
DS3.d975.s0.i1 -1.000000 -0.051515
DS3.d975.s0.i0 1.000000 -0.060064
DS3.d970.s4.i2 1.000000 0.683159
DS3.d970.s4.i3 1.000000 0.441747
DS3.d970.s4.i0 1.000000 0.499543
DS3.d970.s4.i1 1.000000 1.100462
DS3.d970.s4.i6 1.000000 0.950447
DS3.d970.s4.i7 1.000000 0.540303
DS3.d970.s4.i4 1.000000 0.902326
DS3.d970.s4.i5 1.000000 -0.032800
DS3.d970.s0.i4 1.000000 0.820267
DS3.d970.s0.i5 1.000000 0.994592
DS3.d970.s0.i2 1.000000 0.419918
DS3.d970.s0.i3 1.000000 0.570572
DS3.d970.s0.i0 1.000000 0.419918
DS3.d970.s0.i1 1.000000 0.570572
DS3.d970.s1.i1 1.000000 0.774759
DS3.d970.s1.i0 1.000000 0.922250
DS3.d970.s2.i0 1.000000 0.743612
DS3.d970.s3.i1 1.000000 0.583462
DS3.d970.s3.i0 1.000000 0.708288
DS3.d1623.s0.i0 1.000000 0.335977
DS3.d1620.s0.i0 1.000000 0.735513
DS3.d1620.s1.i0 -1.000000 0.216232
DS3.d1487.s3.i0 1.000000 0.710558
DS3.d1487.s2.i0 1.000000 0.671683
DS3.d1487.s1.i0 1.000000 0.476349
DS3.d1487.s1.i1 1.000000 0.296614
DS3.d1487.s0.i1 1.000000 1.033125
DS3.d1487.s0.i0 1.000000 1.282469
DS3.d1740.s0.i1 1.000000 0.554941
DS3.d1740.s0.i0 1.000000 0.467046
DS3.d757.s1.i0 1.000000 0.319425
DS3.d757.s0.i0 1.000000 0.489076
DS3.d978.s0.i0 -1.000000 -0.031717
DS3.d978.s0.i1 -1.000000 -0.002069
DS3.d701.s0.i0 -1.000000 -0.180716
DS3.d701.s0.i1 -1.000000 -0.095934
DS3.d385.s2.i0 -1.000000 -0.036161
DS3.d385.s0.i0 1.000000 0.332839
DS3.d385.s0.i1 1.000000 0.397418
DS3.d385.s1.i0 1.000000 0.852039
DS3.d627.s0.i0 1.000000 0.279088
DS3.d422.s0.i2 1.000000 0.804864
DS3.d422.s0.i0 1.000000 0.839524
DS3.d422.s0.i1 1.000000 0.683762
DS3.d422.s1.i1 1.000000 0.883876
DS3.d422.s1.i0 1.000000 0.672604
DS3.d422.s1.i2 1.000000 0.664503
DS3.d421.s1.i0 1.000000 0.631716
DS3.d421.s0.i0 -1.000000 0.610115
DS3.d170.s0.i0 1.000000 0.821780
DS3.d170.s0.i1 1.000000 0.759483
DS3.d1861.s0.i1 1.000000 1.157765
DS3.d1861.s0.i0 1.000000 1.157765
DS3.d275.s0.i0 1.000000 0.241030
DS3.d275.s0.i1 -1.000000 0.123532
DS3.d980.s0.i0 1.000000 0.479615
DS3.d279.s8.i0 -1.000000 -0.094830
DS3.d279.s8.i1 -1.000000 -0.173777
DS3.d279.s9.i1 1.000000 0.660528
DS3.d279.s9.i0 1.000000 1.442861
DS3.d279.s2.i0 1.000000 0.954471
DS3.d279.s2.i1 -1.000000 0.737633
DS3.d279.s3.i1 -1.000000 0.730757
DS3.d279.s3.i0 1.000000 0.821989
DS3.d279.s0.i0 1.000000 1.243697
DS3.d279.s1.i1 -1.000000 -0.220546
DS3.d279.s1.i0 1.000000 0.234608
DS3.d279.s6.i2 -1.000000 -0.813250
DS3.d279.s6.i0 -1.000000 -0.560152
DS3.d279.s6.i1 -1.000000 -0.560152
DS3.d279.s7.i1 -1.000000 0.288323
DS3.d279.s7.i0 1.000000 0.793566
DS3.d279.s7.i2 -1.000000 0.368649
DS3.d279.s4.i0 1.000000 0.950203
DS3.d279.s5.i0 1.000000 0.684527
DS3.d1881.s0.i0 1.000000 1.278268
DS3.d987.s0.i0 -1.000000 -0.004960
DS3.d987.s0.i1 -1.000000 -0.037301
DS3.d987.s0.i2 -1.000000 -0.079011
DS3.d987.s0.i3 -1.000000 -0.124171
DS3.d987.s0.i4 -1.000000 0.130745
DS3.d987.s0.i5 -1.000000 0.044522
DS3.d987.s0.i6 -1.000000 0.058924
DS3.d987.s0.i7 -1.000000 -0.000238
DS3.d987.s0.i8 -1.000000 -0.018440
DS3.d987.s0.i9 -1.000000 0.026610
DS3.d1246.s0.i0 1.000000 0.661948
DS3.d869.s1.i0 1.000000 0.064518
DS3.d869.s0.i0 1.000000 0.115038
DS3.d869.s2.i0 1.000000 0.168266
DS3.d46.s0.i7 1.000000 0.133616
DS3.d46.s0.i6 1.000000 0.094902
DS3.d46.s0.i5 1.000000 0.105272
DS3.d46.s0.i4 1.000000 0.273092
DS3.d46.s0.i3 1.000000 0.258679
DS3.d46.s0.i2 1.000000 0.085570
DS3.d46.s0.i1 1.000000 0.160110
DS3.d46.s0.i0 1.000000 0.096184
DS3.d1539.s1.i0 1.000000 0.601695
DS3.d1539.s0.i0 1.000000 0.821567
DS3.d808.s0.i0 -1.000000 0.609477
DS3.d808.s1.i1 1.000000 0.517864
DS3.d808.s1.i0 -1.000000 0.295807
DS3.d808.s2.i0 1.000000 0.678800
DS3.d808.s2.i1 1.000000 0.790467
DS3.d966.s0.i0 -1.000000 -0.488565
DS3.d1226.s0.i2 1.000000 0.411897
DS3.d1226.s0.i3 -1.000000 0.211549
DS3.d1226.s0.i0 -1.000000 -0.003096
DS3.d1226.s0.i1 1.000000 0.215165
DS3.d1597.s0.i0 -1.000000 0.450318
DS3.d817.s0.i0 1.000000 0.508492
DS3.d817.s0.i1 1.000000 0.603719
DS3.d817.s1.i1 1.000000 -0.072252
DS3.d817.s1.i0 1.000000 -0.055380
DS3.d817.s1.i3 1.000000 0.134994
DS3.d817.s1.i2 1.000000 0.047280
DS3.d817.s1.i4 1.000000 -0.017753
DS3.d1180.s0.i0 1.000000 0.506897
DS3.d805.s0.i2 -1.000000 -0.738637
DS3.d805.s0.i1 -1.000000 -0.232197
DS3.d805.s0.i0 -1.000000 -0.344460
DS3.d1185.s0.i0 1.000000 1.037410
DS3.d1185.s0.i1 1.000000 1.126426
DS3.d1219.s0.i0 1.000000 0.532244
DS3.d1219.s0.i1 1.000000 0.534875
DS3.d166.s0.i0 1.000000 0.485844
DS3.d48.s0.i5 1.000000 0.366344
DS3.d48.s0.i4 1.000000 0.366344
DS3.d48.s0.i1 -1.000000 0.279226
DS3.d48.s0.i0 -1.000000 0.279226
DS3.d48.s0.i3 1.000000 0.257599
DS3.d48.s0.i2 1.000000 0.257599
DS3.d242.s0.i2 1.000000 0.778491
DS3.d242.s0.i3 1.000000 0.729939
DS3.d242.s0.i0 1.000000 0.785828
DS3.d242.s0.i1 1.000000 0.731942
DS3.d338.s0.i0 1.000000 0.926242
DS3.d338.s0.i1 1.000000 1.056854
DS3.d267.s0.i0 1.000000 0.662888
DS3.d330.s0.i0 1.000000 0.141337
DS3.d330.s0.i1 1.000000 0.141337
DS3.d50.s0.i0 1.000000 0.974853
DS3.d1891.s0.i0 1.000000 1.045185
DS3.d57.s0.i0 1.000000 0.451303
DS3.d872.s0.i9 -1.000000 0.136355
DS3.d872.s0.i8 -1.000000 0.161982
DS3.d872.s0.i1 -1.000000 0.443143
DS3.d872.s0.i0 -1.000000 0.171192
DS3.d872.s0.i3 -1.000000 0.273976
DS3.d872.s0.i2 -1.000000 0.558592
DS3.d872.s0.i5 -1.000000 0.270131
DS3.d872.s0.i4 -1.000000 0.173655
DS3.d872.s0.i7 -1.000000 0.219387
DS3.d872.s0.i6 -1.000000 0.253835
DS3.d872.s0.i10 -1.000000 0.319471
DS3.d872.s0.i11 -1.000000 0.415297
DS3.d727.s0.i0 1.000000 0.178696
DS3.d1895.s0.i4 1.000000 -0.017260
DS3.d1895.s0.i2 1.000000 0.034316
DS3.d1895.s0.i3 1.000000 -0.107496
DS3.d1895.s0.i0 1.000000 -0.044331
DS3.d1895.s0.i1 1.000000 -0.057846
DS3.d1190.s0.i0 1.000000 0.572529
DS3.d728.s0.i0 1.000000 0.812245
DS3.d1826.s2.i0 -1.000000 -0.267645
DS3.d1826.s3.i0 -1.000000 -0.235339
DS3.d1826.s0.i0 -1.000000 0.122741
DS3.d1826.s1.i0 -1.000000 -0.443247
DS3.d1299.s0.i0 -1.000000 -0.302726
DS3.d1299.s0.i1 -1.000000 -0.302726
DS3.d1299.s0.i2 1.000000 0.080997
DS3.d1299.s0.i3 1.000000 0.080997
DS3.d1299.s0.i4 -1.000000 -0.302726
DS3.d1298.s1.i0 1.000000 -0.165296
DS3.d1298.s1.i1 1.000000 -0.273557
DS3.d1298.s0.i1 -1.000000 0.630169
DS3.d1298.s0.i0 1.000000 0.766934
DS3.d1298.s2.i0 -1.000000 0.474353
DS3.d974.s0.i0 1.000000 1.302760
DS3.d1519.s0.i0 -1.000000 -0.158875
DS3.d525.s0.i0 1.000000 0.174032
DS3.d525.s0.i1 1.000000 0.154430
DS3.d1695.s0.i0 1.000000 0.498580
DS3.d1694.s1.i0 1.000000 0.333661
DS3.d1694.s1.i1 1.000000 0.640310
DS3.d1694.s0.i0 1.000000 0.827004
DS3.d687.s1.i0 -1.000000 0.334161
DS3.d687.s0.i0 1.000000 0.490792
DS3.d1699.s0.i0 1.000000 0.698102
DS3.d1699.s0.i1 1.000000 0.698102
DS3.d1514.s0.i0 -1.000000 0.813332
DS3.d1514.s0.i1 1.000000 0.893417
DS3.d1514.s1.i1 -1.000000 -0.014768
DS3.d1514.s1.i0 -1.000000 0.064660
DS3.d1514.s1.i3 1.000000 0.068197
DS3.d1514.s1.i2 1.000000 0.056718
DS3.d446.s0.i0 1.000000 0.988475
DS3.d446.s0.i1 1.000000 1.030487
DS3.d446.s0.i2 1.000000 0.953898
DS3.d446.s0.i3 1.000000 1.023045
DS3.d446.s1.i0 1.000000 0.676644
DS3.d528.s0.i1 1.000000 0.585932
DS3.d528.s0.i0 1.000000 0.514506
DS3.d21.s0.i0 1.000000 0.338371
DS3.d69.s0.i0 1.000000 0.206948
DS3.d69.s0.i1 1.000000 0.055587
DS3.d1291.s0.i0 1.000000 1.148210
DS3.d1457.s0.i0 -1.000000 0.468436
DS3.d1457.s0.i1 -1.000000 0.403109
DS3.d65.s0.i0 -1.000000 0.219919
DS3.d1346.s1.i0 1.000000 0.475802
DS3.d1346.s0.i1 -1.000000 0.733841
DS3.d1346.s0.i0 1.000000 0.977095
DS3.d1341.s0.i2 1.000000 0.517775
DS3.d1341.s0.i0 -1.000000 0.654313
DS3.d1341.s0.i1 1.000000 0.517096
DS3.d62.s0.i0 -1.000000 0.699072
DS3.d1012.s0.i0 -1.000000 0.719956
DS3.d1527.s0.i0 1.000000 -0.034250
DS3.d1692.s0.i0 -1.000000 0.006778
DS3.d1855.s0.i0 1.000000 0.492528
DS3.d1855.s0.i1 1.000000 0.418736
DS3.d1855.s1.i1 1.000000 0.618131
DS3.d1855.s1.i0 1.000000 0.547329
DS3.d1779.s3.i0 -1.000000 0.527060
DS3.d1779.s2.i0 1.000000 0.730983
DS3.d1779.s1.i0 -1.000000 -0.118274
DS3.d1779.s1.i1 1.000000 -0.078454
DS3.d1779.s1.i2 1.000000 0.029251
DS3.d1779.s0.i2 1.000000 0.305359
DS3.d1779.s0.i1 1.000000 0.206652
DS3.d1779.s0.i0 -1.000000 0.178078
DS3.d1673.s0.i0 -1.000000 -0.946832
DS3.d1673.s1.i0 -1.000000 -0.862481
DS3.d31.s0.i0 1.000000 1.345188
DS3.d823.s0.i0 -1.000000 -0.056350
DS3.d1677.s0.i0 1.000000 -0.257182
DS3.d1677.s0.i1 -1.000000 -0.462337
DS3.d1282.s0.i0 -1.000000 -0.960526
DS3.d146.s0.i1 1.000000 0.517069
DS3.d146.s0.i0 1.000000 0.585021
DS3.d80.s0.i0 -1.000000 -0.244788
DS3.d512.s0.i0 -1.000000 0.150042
DS3.d512.s0.i1 -1.000000 0.217322
DS3.d512.s1.i0 -1.000000 -0.284906
DS3.d512.s2.i0 1.000000 0.436122
DS3.d512.s2.i1 1.000000 0.504613
DS3.d1016.s0.i1 1.000000 0.237584
DS3.d1016.s0.i0 1.000000 0.367839
DS3.d514.s0.i0 1.000000 1.004293
DS3.d514.s1.i0 -1.000000 0.560121
DS3.d694.s0.i2 1.000000 0.502738
DS3.d694.s0.i1 -1.000000 0.355875
DS3.d694.s0.i0 1.000000 0.471280
DS3.d453.s0.i0 1.000000 0.291215
DS3.d451.s0.i0 1.000000 -0.296016
DS3.d451.s1.i0 -1.000000 0.327812
DS3.d450.s1.i0 1.000000 0.344657
DS3.d450.s1.i1 -1.000000 0.029995
DS3.d450.s0.i0 1.000000 0.722355
DS3.d1561.s0.i0 1.000000 0.537236
DS3.d1114.s0.i0 1.000000 0.875907
DS3.d1443.s0.i1 -1.000000 0.273474
DS3.d1443.s0.i0 1.000000 0.445568
DS3.d1441.s0.i0 1.000000 0.947760
DS3.d896.s0.i1 1.000000 0.189036
DS3.d896.s0.i0 1.000000 0.256524
DS3.d71.s0.i0 1.000000 0.292679
DS3.d76.s0.i2 1.000000 -0.491415
DS3.d76.s0.i3 1.000000 -0.383070
DS3.d76.s0.i0 1.000000 -0.453485
DS3.d76.s0.i1 1.000000 -0.273317
DS3.d76.s1.i1 1.000000 -0.288197
DS3.d76.s1.i0 1.000000 0.131822
DS3.d76.s1.i3 1.000000 -0.239592
DS3.d76.s1.i2 1.000000 0.069765
