DS2.d872.s0.i0 1.000000 0.588829
DS2.d334.s0.i0 -1.000000 0.276473
DS2.d239.s0.i0 1.000000 0.529186
DS2.d589.s0.i1 1.000000 0.447974
DS2.d589.s0.i0 1.000000 0.319241
DS2.d160.s0.i2 -1.000000 -0.371213
DS2.d160.s0.i3 -1.000000 -0.371966
DS2.d160.s0.i0 -1.000000 -0.335937
DS2.d160.s0.i1 -1.000000 -0.360151
DS2.d163.s0.i1 1.000000 0.838732
DS2.d163.s0.i0 1.000000 0.994350
DS2.d639.s1.i0 -1.000000 -0.011894
DS2.d639.s1.i1 1.000000 0.294273
DS2.d639.s1.i2 1.000000 0.197006
DS2.d639.s1.i3 1.000000 0.250491
DS2.d639.s1.i4 -1.000000 -0.067570
DS2.d639.s1.i5 1.000000 0.157335
DS2.d639.s0.i0 -1.000000 -0.331333
DS2.d534.s0.i0 -1.000000 -0.576316
DS2.d533.s0.i6 -1.000000 -0.405610
DS2.d533.s0.i7 -1.000000 -0.484980
DS2.d533.s0.i4 -1.000000 -0.350283
DS2.d533.s0.i5 -1.000000 -0.421617
DS2.d533.s0.i2 -1.000000 -0.533667
DS2.d533.s0.i3 -1.000000 -0.493550
DS2.d533.s0.i0 -1.000000 -0.444893
DS2.d533.s0.i1 -1.000000 -0.366558
DS2.d964.s0.i2 1.000000 0.320713
DS2.d964.s0.i3 1.000000 0.268729
DS2.d964.s0.i0 1.000000 0.254783
DS2.d964.s0.i1 1.000000 0.297854
DS2.d964.s1.i1 1.000000 0.193127
DS2.d964.s1.i0 1.000000 0.319366
DS2.d539.s0.i0 1.000000 0.406443
DS2.d539.s0.i1 1.000000 0.444018
DS2.d1003.s0.i2 1.000000 0.492084
DS2.d1003.s0.i0 1.000000 0.412652
DS2.d1003.s0.i1 1.000000 0.602013
DS2.d1003.s1.i1 1.000000 0.375139
DS2.d1003.s1.i0 1.000000 0.435121
DS2.d1003.s1.i3 1.000000 0.385802
DS2.d1003.s1.i2 1.000000 0.288811
DS2.d1003.s1.i4 1.000000 0.405983
DS2.d1004.s0.i0 -1.000000 0.277836
DS2.d491.s0.i2 1.000000 -0.336704
DS2.d491.s0.i1 1.000000 -0.404803
DS2.d491.s0.i0 1.000000 -0.052584
DS2.d422.s1.i0 1.000000 0.124616
DS2.d422.s1.i1 1.000000 0.275706
DS2.d422.s0.i0 1.000000 0.629658
DS2.d177.s0.i0 1.000000 0.992745
DS2.d177.s1.i5 1.000000 0.473954
DS2.d177.s1.i4 -1.000000 0.557075
DS2.d177.s1.i1 -1.000000 0.470889
DS2.d177.s1.i0 -1.000000 0.483490
DS2.d177.s1.i3 1.000000 0.410806
DS2.d177.s1.i2 -1.000000 0.544787
DS2.d177.s2.i0 -1.000000 0.112337
DS2.d177.s3.i0 1.000000 0.471184
DS2.d177.s4.i0 1.000000 0.789987
DS2.d177.s4.i1 1.000000 0.558823
DS2.d176.s0.i0 -1.000000 -0.739577
DS2.d503.s0.i0 1.000000 1.253410
DS2.d500.s0.i0 -1.000000 -0.338793
DS2.d500.s0.i1 -1.000000 -0.310000
DS2.d500.s0.i2 -1.000000 -0.286399
DS2.d976.s1.i0 1.000000 0.663594
DS2.d976.s0.i0 1.000000 0.434411
DS2.d621.s0.i0 -1.000000 0.218108
DS2.d621.s0.i1 -1.000000 0.191608
DS2.d621.s0.i2 -1.000000 0.127690
DS2.d621.s0.i3 -1.000000 0.218108
DS2.d621.s1.i1 -1.000000 0.096030
DS2.d621.s1.i0 -1.000000 0.076733
DS2.d974.s1.i0 1.000000 0.133965
DS2.d974.s0.i0 1.000000 0.380779
DS2.d974.s2.i1 1.000000 -0.088532
DS2.d974.s2.i0 1.000000 -0.192557
DS2.d972.s0.i0 -1.000000 -0.479400
DS2.d41.s1.i0 1.000000 0.824188
DS2.d41.s0.i0 1.000000 0.726932
DS2.d41.s2.i0 1.000000 0.807943
DS2.d210.s2.i0 1.000000 0.154559
DS2.d210.s0.i0 1.000000 0.341883
DS2.d210.s0.i1 1.000000 0.326017
DS2.d210.s1.i0 1.000000 0.205864
DS2.d593.s0.i0 -1.000000 0.172420
DS2.d593.s1.i0 1.000000 0.112289
DS2.d142.s0.i2 1.000000 0.664754
DS2.d142.s0.i3 1.000000 0.904354
DS2.d142.s0.i0 1.000000 0.750143
DS2.d142.s0.i1 1.000000 0.880066
DS2.d142.s1.i0 1.000000 0.589390
DS2.d146.s0.i0 -1.000000 -0.090680
DS2.d146.s0.i1 -1.000000 -0.124155
DS2.d451.s1.i0 -1.000000 -0.714902
DS2.d451.s1.i1 1.000000 -0.084833
DS2.d451.s0.i2 1.000000 0.382834
DS2.d451.s0.i1 1.000000 0.149085
DS2.d451.s0.i0 -1.000000 0.106324
DS2.d692.s0.i0 1.000000 0.492637
DS2.d692.s0.i1 1.000000 0.598157
DS2.d692.s1.i0 -1.000000 0.264393
DS2.d692.s2.i0 -1.000000 -0.030571
DS2.d692.s3.i0 1.000000 0.661490
DS2.d690.s0.i0 1.000000 0.427696
DS2.d515.s0.i0 -1.000000 -0.150860
DS2.d291.s0.i0 1.000000 0.595467
DS2.d756.s0.i2 -1.000000 -0.735363
DS2.d756.s0.i1 -1.000000 -0.687662
DS2.d756.s0.i0 -1.000000 -0.723090
DS2.d941.s1.i2 1.000000 0.557880
DS2.d941.s1.i0 1.000000 0.499217
DS2.d941.s1.i1 1.000000 0.578286
DS2.d941.s0.i0 1.000000 0.530940
DS2.d941.s3.i0 1.000000 0.460298
DS2.d941.s2.i1 1.000000 0.446534
DS2.d941.s2.i0 1.000000 0.325705
DS2.d617.s0.i1 1.000000 0.975857
DS2.d617.s0.i0 1.000000 1.115908
DS2.d921.s0.i0 1.000000 0.348055
DS2.d36.s1.i0 -1.000000 0.047136
DS2.d36.s0.i0 -1.000000 0.060864
DS2.d159.s0.i2 -1.000000 -0.690540
DS2.d159.s0.i3 -1.000000 -0.726878
DS2.d159.s0.i0 -1.000000 -0.606469
DS2.d159.s0.i1 -1.000000 -0.584780
DS2.d156.s0.i0 1.000000 0.452422
DS2.d544.s0.i0 -1.000000 0.091700
DS2.d544.s0.i1 -1.000000 -0.014635
DS2.d760.s0.i4 -1.000000 -0.387072
DS2.d760.s0.i0 -1.000000 -0.397994
DS2.d760.s0.i1 -1.000000 -0.353330
DS2.d760.s0.i2 -1.000000 -0.380580
DS2.d760.s0.i3 -1.000000 -0.300892
DS2.d962.s0.i0 -1.000000 0.280392
DS2.d499.s0.i3 -1.000000 -0.766598
DS2.d499.s0.i2 -1.000000 -0.728482
DS2.d499.s0.i1 -1.000000 -0.796592
DS2.d499.s0.i0 -1.000000 -0.753485
DS2.d818.s0.i0 1.000000 0.241781
DS2.d818.s0.i1 1.000000 0.355684
DS2.d819.s0.i1 1.000000 0.215746
DS2.d819.s0.i0 1.000000 0.279340
DS2.d607.s0.i0 1.000000 -0.427249
DS2.d952.s0.i1 1.000000 0.244958
DS2.d952.s0.i0 1.000000 0.232618
DS2.d952.s0.i3 1.000000 0.106957
DS2.d952.s0.i2 1.000000 0.079161
DS2.d560.s0.i0 -1.000000 0.366387
DS2.d608.s0.i0 -1.000000 -0.099354
DS2.d959.s0.i0 -1.000000 -0.262256
DS2.d959.s0.i1 -1.000000 -0.274869
DS2.d812.s0.i0 -1.000000 0.617222
DS2.d812.s0.i1 -1.000000 0.500205
DS2.d812.s1.i3 1.000000 0.233287
DS2.d812.s1.i2 1.000000 0.237765
DS2.d812.s1.i1 1.000000 0.242292
DS2.d812.s1.i0 1.000000 0.260983
DS2.d813.s1.i0 -1.000000 -0.456559
DS2.d813.s0.i1 -1.000000 -0.332617
DS2.d813.s0.i0 -1.000000 -0.793962
DS2.d813.s0.i3 -1.000000 -0.579913
DS2.d813.s0.i2 -1.000000 -0.802724
DS2.d813.s2.i0 -1.000000 -0.398878
DS2.d937.s0.i0 1.000000 0.591483
DS2.d937.s0.i1 1.000000 0.591483
DS2.d934.s0.i0 -1.000000 -0.286424
DS2.d24.s0.i0 1.000000 0.744832
DS2.d24.s0.i1 -1.000000 0.395100
DS2.d24.s1.i0 1.000000 0.561210
DS2.d24.s2.i0 -1.000000 0.678627
DS2.d24.s3.i1 -1.000000 0.057442
DS2.d24.s3.i0 1.000000 0.028375
DS2.d470.s0.i0 1.000000 0.686411
DS2.d374.s2.i0 -1.000000 0.094561
DS2.d374.s1.i0 1.000000 0.542299
DS2.d374.s1.i1 1.000000 0.318118
DS2.d374.s0.i1 1.000000 0.399341
DS2.d374.s0.i0 1.000000 0.506555
DS2.d275.s0.i0 1.000000 0.482037
DS2.d120.s0.i0 1.000000 -0.378748
DS2.d772.s1.i0 -1.000000 -0.208519
DS2.d772.s1.i1 -1.000000 -0.168916
DS2.d772.s0.i0 1.000000 0.657106
DS2.d732.s0.i0 1.000000 0.494476
DS2.d968.s0.i0 1.000000 0.182154
DS2.d801.s0.i0 1.000000 0.859441
DS2.d902.s0.i2 -1.000000 -0.296285
DS2.d902.s0.i3 -1.000000 -0.355891
DS2.d902.s0.i0 -1.000000 -0.292021
DS2.d902.s0.i1 -1.000000 -0.233938
DS2.d903.s0.i0 1.000000 0.232656
DS2.d465.s0.i0 1.000000 0.534263
DS2.d462.s0.i1 1.000000 0.840004
DS2.d462.s0.i0 1.000000 0.946148
DS2.d462.s0.i3 1.000000 0.984429
DS2.d462.s0.i2 1.000000 0.860610
DS2.d1044.s0.i1 1.000000 0.614328
DS2.d1044.s0.i0 1.000000 0.693940
DS2.d1042.s2.i0 1.000000 0.457333
DS2.d1042.s1.i0 1.000000 0.602182
DS2.d1042.s0.i0 1.000000 0.489185
DS2.d303.s0.i1 -1.000000 0.347553
DS2.d303.s0.i0 1.000000 0.343806
DS2.d780.s0.i0 1.000000 0.499231
DS2.d260.s0.i1 1.000000 -0.055203
DS2.d260.s0.i0 1.000000 -0.029241
DS2.d135.s0.i0 1.000000 0.669013
DS2.d385.s1.i0 -1.000000 0.494759
DS2.d385.s1.i1 -1.000000 0.355687
DS2.d385.s1.i2 -1.000000 0.200138
DS2.d385.s1.i3 -1.000000 0.329489
DS2.d385.s0.i1 1.000000 0.344313
DS2.d385.s0.i0 1.000000 0.042656
DS2.d575.s0.i0 1.000000 -0.171598
DS2.d575.s0.i1 1.000000 -0.058079
DS2.d575.s0.i2 1.000000 -0.153561
DS2.d575.s0.i3 1.000000 -0.162055
DS2.d702.s0.i0 1.000000 0.235545
DS2.d850.s0.i0 1.000000 0.480754
DS2.d850.s0.i1 -1.000000 0.462393
DS2.d854.s0.i0 -1.000000 -0.041204
DS2.d319.s0.i0 1.000000 0.004167
DS2.d318.s0.i1 -1.000000 -0.483249
DS2.d318.s0.i0 -1.000000 -0.484106
DS2.d318.s0.i3 -1.000000 -0.484106
DS2.d318.s0.i2 -1.000000 -0.483249
DS2.d314.s1.i0 -1.000000 0.049497
DS2.d314.s0.i1 -1.000000 0.649089
DS2.d314.s0.i0 -1.000000 0.659459
DS2.d411.s0.i0 1.000000 0.438884
DS2.d98.s1.i0 1.000000 0.563407
DS2.d98.s0.i2 1.000000 0.387286
DS2.d98.s0.i1 1.000000 0.436518
DS2.d98.s0.i0 1.000000 0.158446
DS2.d794.s0.i1 -1.000000 -0.804638
DS2.d794.s0.i0 -1.000000 -0.862140
DS2.d794.s0.i3 -1.000000 -0.781237
DS2.d794.s0.i2 -1.000000 -0.922891
DS2.d652.s0.i2 -1.000000 -0.602124
DS2.d652.s0.i0 -1.000000 -0.602124
DS2.d652.s0.i1 -1.000000 -0.682139
DS2.d898.s0.i0 1.000000 0.272864
DS2.d898.s0.i1 1.000000 0.548552
DS2.d59.s0.i0 1.000000 0.704016
DS2.d59.s0.i1 1.000000 0.704016
DS2.d951.s0.i6 -1.000000 -0.941958
DS2.d951.s0.i7 -1.000000 -0.904129
DS2.d951.s0.i4 -1.000000 -0.899387
DS2.d951.s0.i5 -1.000000 -0.966700
DS2.d951.s0.i2 -1.000000 -0.938868
DS2.d951.s0.i3 -1.000000 -0.857281
DS2.d951.s0.i0 -1.000000 -0.974387
DS2.d951.s0.i1 -1.000000 -1.006155
DS2.d951.s0.i8 -1.000000 -0.969860
DS2.d951.s0.i9 -1.000000 -1.008464
DS2.d951.s1.i0 1.000000 0.044359
DS2.d710.s0.i1 1.000000 0.332857
DS2.d710.s0.i0 1.000000 0.344921
DS2.d496.s0.i0 -1.000000 -0.283814
DS2.d496.s0.i1 -1.000000 -0.314674
DS2.d496.s0.i2 -1.000000 -0.282828
DS2.d496.s0.i3 -1.000000 -0.209050
DS2.d398.s1.i0 -1.000000 0.351206
DS2.d398.s0.i0 -1.000000 -0.247266
DS2.d73.s0.i0 1.000000 0.592718
DS2.d73.s0.i1 1.000000 0.589369
DS2.d70.s0.i1 1.000000 0.099613
DS2.d70.s0.i0 1.000000 0.083236
DS2.d191.s0.i0 -1.000000 -0.516099
DS2.d194.s2.i1 -1.000000 -0.118480
DS2.d194.s2.i0 -1.000000 -0.209197
DS2.d194.s1.i0 -1.000000 0.009861
DS2.d194.s1.i1 -1.000000 -0.208849
DS2.d194.s0.i7 -1.000000 -0.300348
DS2.d194.s0.i6 -1.000000 -0.058252
DS2.d194.s0.i5 -1.000000 -0.150416
DS2.d194.s0.i4 -1.000000 -0.179611
DS2.d194.s0.i3 -1.000000 -0.207133
DS2.d194.s0.i2 -1.000000 -0.283418
DS2.d194.s0.i1 -1.000000 -0.156925
DS2.d194.s0.i0 -1.000000 -0.119116
DS2.d194.s0.i9 -1.000000 -0.198873
DS2.d194.s0.i8 -1.000000 -0.237972
DS2.d79.s0.i0 -1.000000 -0.603486
DS2.d79.s0.i1 -1.000000 -0.603448
DS2.d79.s0.i2 -1.000000 -0.515151
DS2.d79.s0.i3 -1.000000 -0.534797
DS2.d79.s0.i4 -1.000000 -0.514690
DS2.d79.s0.i5 -1.000000 -0.258043
DS2.d79.s0.i6 -1.000000 -0.585171
DS2.d79.s0.i7 -1.000000 -0.263112
DS2.d248.s0.i0 1.000000 0.665251
DS2.d1026.s0.i1 1.000000 0.847314
DS2.d1026.s0.i0 1.000000 0.851076
DS2.d1020.s0.i0 1.000000 0.251037
DS2.d324.s0.i0 1.000000 0.280023
DS2.d324.s0.i1 1.000000 0.545467
DS2.d324.s0.i2 1.000000 0.466769
DS2.d328.s0.i0 1.000000 0.292293
DS2.d404.s1.i0 1.000000 0.807285
DS2.d404.s0.i1 1.000000 0.089860
DS2.d404.s0.i0 -1.000000 0.362665
DS2.d643.s2.i0 1.000000 0.430221
DS2.d643.s3.i0 1.000000 0.667410
DS2.d643.s0.i0 1.000000 0.470879
DS2.d643.s1.i0 1.000000 0.681250
DS2.d529.s1.i0 -1.000000 0.093334
DS2.d529.s0.i0 1.000000 0.556437
DS2.d912.s0.i0 1.000000 0.188902
DS2.d914.s0.i0 -1.000000 0.536042
