DS.d3.s0.i0 1.0 0.890792235982
DS.d3.s0.i1 1.0 1.51042782877
DS.d3.s0.i2 1.0 1.51042782877
DS.d3.s1.i0 -1 -1.18645706573
DS.d3.s1.i1 -1 -0.734968589788
DS.d7.s0.i1 1.0 0.414302978031
DS.d7.s0.i2 1.0 0.795869890179
DS.d7.s1.i0 -1 0.813479641993
DS.d7.s1.i1 1.0 1.18853935721
DS.d7.s2.i0 -1 0.602549405683
DS.d7.s2.i1 -1 0.50430117066
DS.d21.s0.i0 1.0 -0.181410447162
DS.d27.s0.i0 -1 -1.0382390824
DS.d27.s0.i1 -1 -1.15031604785
DS.d27.s0.i2 -1 -1.11109250346
DS.d27.s1.i0 1.0 0.120388559078
DS.d27.s1.i1 1.0 0.0807667341791
DS.d27.s2.i0 1.0 0.271029504122
DS.d33.s0.i0 1.0 0.561533691092
DS.d33.s0.i1 1.0 -0.544809600578
DS.d48.s0.i0 -1 -0.221139464418
DS.d48.s0.i1 -1 -0.221139464418
DS.d48.s0.i2 1.0 0.633920787357
DS.d48.s0.i3 1.0 0.633920787357
DS.d48.s0.i4 1.0 1.38923253795
DS.d48.s0.i5 1.0 1.38923253795
DS.d63.s0.i0 1.0 0.188122949221
DS.d63.s0.i1 1.0 0.0722451024198
DS.d72.s0.i0 -1 -0.448006230854
DS.d72.s0.i1 -1 -0.313641490877
DS.d74.s0.i0 1.0 1.27586580824
DS.d82.s0.i0 1.0 0.87150568701
DS.d113.s0.i0 -1 0.376314089804
DS.d113.s0.i1 -1 0.376314089804
DS.d141.s0.i0 1.0 -0.214207557864
DS.d141.s1.i0 1.0 0.975291886158
DS.d141.s1.i1 1.0 1.10032382287
DS.d141.s2.i0 1.0 0.535436165649
DS.d143.s0.i0 1.0 -0.147330097348
DS.d143.s0.i1 1.0 -0.862140169911
DS.d143.s0.i2 1.0 -0.146448547758
DS.d143.s0.i3 -1 -0.674154512485
DS.d159.s0.i0 -1 -0.359095014508
DS.d159.s0.i1 -1 -0.704475152479
DS.d159.s0.i2 -1 -0.84008491218
DS.d159.s0.i3 -1 0.44852377939
DS.d159.s0.i4 -1 -0.577875890038
DS.d159.s0.i5 1.0 0.236623953844
DS.d176.s0.i0 -1 -1.40251189799
DS.d176.s0.i1 -1 -1.21716430795
DS.d176.s0.i2 -1 -1.19976733959
DS.d179.s0.i0 -1 -1.45252756342
DS.d179.s0.i1 -1 -1.09787607012
DS.d179.s0.i2 -1 -1.15557662629
DS.d179.s0.i3 -1 -1.07231229938
DS.d179.s0.i4 -1 -1.50505722225
DS.d179.s0.i5 -1 -1.04064161842
DS.d179.s0.i6 -1 -0.915110368467
DS.d179.s0.i7 -1 -0.913854047768
DS.d179.s0.i8 -1 -1.17605792491
DS.d179.s0.i9 -1 -0.510132629321
DS.d179.s0.i10 -1 -1.05883423501
DS.d179.s0.i11 -1 -0.878521341972
DS.d179.s0.i12 -1 -0.778934787942
DS.d179.s0.i13 -1 -1.46221793431
DS.d179.s0.i14 -1 -1.53145745754
DS.d179.s0.i15 -1 -0.697959188185
DS.d179.s0.i16 -1 -1.04257686361
DS.d179.s0.i17 -1 -0.602843358141
DS.d179.s0.i18 -1 -0.291221196473
DS.d179.s0.i19 -1 -1.58655638272
DS.d179.s0.i20 -1 -1.48257795211
DS.d179.s0.i21 -1 -1.38302222737
DS.d179.s0.i22 -1 -0.845173211253
DS.d179.s0.i23 -1 -0.376803589018
DS.d179.s0.i24 -1 -0.698384601558
DS.d179.s0.i25 -1 -0.692485788975
DS.d179.s0.i26 -1 -1.318705168
DS.d179.s0.i27 -1 -1.11413800581
DS.d179.s0.i28 -1 -1.34020920729
DS.d179.s0.i29 -1 -1.1723433655
DS.d179.s1.i0 1.0 0.986273518049
DS.d179.s1.i1 -1 -0.293621097403
DS.d179.s2.i0 1.0 0.62603943942
DS.d182.s0.i0 -1 -0.314780912984
DS.d182.s1.i0 1.0 -0.0833269429253
DS.d186.s0.i0 -1 -0.94317274309
DS.d186.s0.i1 -1 -0.917332420238
DS.d186.s0.i2 -1 -0.916755939593
DS.d187.s0.i0 1.0 0.123763394982
DS.d190.s0.i0 1.0 0.0960246400876
DS.d194.s0.i0 1.0 -0.320305685837
DS.d194.s0.i1 1.0 -0.369594568154
DS.d195.s0.i0 1.0 0.114603259006
DS.d203.s0.i0 1.0 0.0738257485173
DS.d203.s0.i1 1.0 0.448364581553
DS.d209.s0.i0 -1 1.30762626403
DS.d209.s0.i1 -1 -0.109312095902
DS.d209.s0.i2 -1 -0.405154989974
DS.d209.s1.i0 -1 0.110024320375
DS.d209.s1.i1 1.0 0.199929398437
DS.d212.s0.i0 -1 -0.916857188882
DS.d213.s0.i0 1.0 1.94359115099
DS.d213.s1.i0 1.0 1.14778740671
DS.d217.s0.i0 1.0 1.35072010628
DS.d217.s1.i0 -1 0.4400669585
DS.d217.s1.i1 -1 0.613860844284
DS.d219.s0.i0 -1 0.93843791073
DS.d219.s0.i1 1.0 1.67060584101
DS.d219.s1.i0 -1 0.397622460942
DS.d219.s1.i1 -1 0.496260029359
DS.d219.s1.i2 -1 0.186252573091
DS.d226.s0.i0 1.0 0.564445948053
DS.d274.s0.i0 1.0 -0.670062044052
DS.d276.s0.i1 -1 -0.611838857677
DS.d276.s0.i2 -1 -1.15009766049
DS.d290.s0.i0 -1 -1.24677124774
DS.d290.s0.i1 -1 -0.857016927093
DS.d299.s0.i0 -1 0.998057314321
DS.d299.s0.i1 -1 0.608922173374
DS.d319.s0.i0 -1 0.0350042493661
DS.d319.s0.i1 -1 0.163049458234
DS.d321.s0.i0 -1 -0.462036994265
DS.d321.s0.i1 -1 0.0746270570565
DS.d321.s0.i2 -1 -0.90883972209
DS.d321.s0.i4 -1 -0.475057910986
DS.d344.s0.i0 -1 -0.341750496166
DS.d374.s0.i0 1.0 0.746618170739
DS.d374.s1.i0 1.0 1.2183388656
DS.d374.s1.i1 1.0 1.19600766311
DS.d384.s0.i0 1.0 0.686274041399
DS.d384.s0.i1 -1 -0.301745731094
DS.d384.s0.i2 1.0 0.686274041399
DS.d396.s0.i0 1.0 0.23900540223
DS.d398.s0.i0 1.0 0.8490228335
DS.d408.s0.i0 1.0 0.539064700271
DS.d408.s0.i1 1.0 1.04518501682
DS.d416.s0.i0 1.0 0.2552691369
DS.d435.s0.i1 1.0 0.795785406471
DS.d438.s0.i0 1.0 0.916453739871
DS.d442.s0.i0 1.0 -0.190493903723
DS.d446.s0.i0 1.0 0.213612657692
DS.d446.s0.i2 1.0 -0.341905037024
DS.d446.s1.i0 1.0 0.144617880864
DS.d508.s0.i0 1.0 1.38833609959
DS.d511.s0.i0 -1 0.851713785157
DS.d511.s0.i1 -1 0.449751151482
DS.d514.s0.i0 1.0 1.18914577868
DS.d514.s1.i0 -1 0.148177039277
DS.d531.s0.i0 1.0 0.372900837652
DS.d531.s0.i1 1.0 0.99217292508
DS.d531.s0.i2 -1 0.783980263868
DS.d531.s0.i3 1.0 0.715498286602
DS.d531.s0.i4 1.0 0.512678166468
DS.d532.s0.i0 1.0 0.667553351351
DS.d533.s0.i0 1.0 -0.0150337954281
DS.d533.s0.i1 1.0 0.701644079688
DS.d545.s0.i0 1.0 0.0494426132781
DS.d545.s1.i0 1.0 0.61005694963
DS.d547.s0.i0 -1 -1.83053732581
DS.d547.s0.i1 -1 -1.06577563447
DS.d547.s1.i0 1.0 0.444833996315
DS.d547.s1.i1 1.0 0.335602272091
DS.d547.s1.i2 1.0 0.335602272091
DS.d547.s1.i3 1.0 -0.0297208147052
DS.d550.s0.i0 -1 -1.2811407447
DS.d550.s0.i1 -1 -1.08976822022
DS.d550.s0.i2 -1 -0.693412539957
DS.d550.s0.i3 -1 -1.36594863549
DS.d550.s0.i4 -1 -1.01281170904
DS.d550.s0.i5 -1 -0.126762837272
DS.d550.s0.i6 -1 -1.14136685793
DS.d550.s0.i7 -1 -1.40358514942
DS.d550.s0.i8 -1 -0.933464672535
DS.d553.s0.i0 1.0 -0.0342336002258
DS.d553.s0.i1 1.0 -0.350351158217
DS.d567.s0.i0 1.0 -0.102037205699
DS.d567.s0.i1 1.0 1.94024094582
DS.d567.s1.i0 -1 1.87832372231
DS.d567.s1.i1 -1 -0.355065061708
DS.d567.s1.i2 1.0 0.853128317738
DS.d577.s0.i0 -1 -1.4182680806
DS.d577.s0.i1 -1 -0.0489938336998
DS.d577.s0.i2 -1 -0.0489938336998
DS.d579.s0.i0 -1 -1.7804503047
DS.d579.s0.i1 -1 -1.47817285145
DS.d579.s0.i2 -1 -1.4398393476
DS.d579.s0.i3 -1 -1.42161356558
DS.d589.s0.i0 1.0 0.848665676802
DS.d589.s0.i1 1.0 -0.376088020436
DS.d589.s0.i2 1.0 -0.376088020436
DS.d589.s0.i3 1.0 0.848665676802
DS.d590.s0.i0 1.0 0.662168900952
DS.d595.s0.i0 -1 0.113073252245
DS.d595.s0.i1 -1 0.368973531164
DS.d595.s0.i2 -1 0.0410893390535
DS.d630.s0.i0 -1 -0.522230532157
DS.d630.s0.i1 -1 -1.09555437458
DS.d664.s0.i0 -1 -0.838041173031
DS.d664.s0.i1 -1 -0.425483672639
DS.d664.s0.i2 -1 -1.10840507409
DS.d664.s0.i3 -1 -1.02128187051
DS.d672.s0.i0 1.0 0.134749016942
DS.d672.s0.i1 -1 -0.309957182738
DS.d672.s0.i2 1.0 0.421416087749
DS.d672.s0.i4 1.0 0.147325588162
DS.d672.s0.i5 -1 -0.0133578906112
DS.d672.s0.i6 -1 0.370045488555
DS.d672.s0.i8 1.0 0.215549707905
DS.d672.s0.i10 -1 -0.471583868931
DS.d672.s0.i11 -1 0.0192795576378
DS.d687.s0.i0 1.0 0.990251614985
DS.d687.s1.i0 -1 0.278634979316
DS.d694.s0.i0 -1 1.18051483785
DS.d694.s0.i1 -1 1.05167993
DS.d694.s0.i2 -1 1.62363061718
DS.d699.s0.i0 1.0 1.71033768546
DS.d699.s0.i1 1.0 1.71033768546
DS.d699.s1.i0 1.0 -1.01265754594
DS.d699.s1.i1 -1 -1.73787000583
DS.d699.s1.i2 -1 -1.37436720468
DS.d699.s2.i0 1.0 -0.998357858951
DS.d700.s0.i0 1.0 -1.10549947588
DS.d704.s0.i0 -1 -1.19079839802
DS.d704.s0.i1 1.0 -0.536346322153
DS.d704.s0.i2 1.0 -0.536346322153
DS.d704.s0.i3 1.0 -0.721218075843
DS.d704.s0.i4 1.0 -0.721218075843
DS.d704.s0.i5 -1 -1.19079839802
DS.d714.s0.i0 -1 -0.277007403582
DS.d714.s0.i1 -1 -0.950324959359
DS.d714.s1.i0 -1 -0.848966490838
DS.d714.s2.i0 -1 -0.964436749102
DS.d716.s0.i0 1.0 1.13318240663
DS.d716.s0.i1 -1 -0.032941588801
DS.d716.s0.i2 1.0 1.54879747038
DS.d716.s0.i3 1.0 0.530097416194
DS.d722.s0.i0 -1 -0.756280448835
DS.d722.s0.i1 1.0 0.454278733664
DS.d730.s0.i0 1.0 -0.401979029623
DS.d752.s0.i0 1.0 0.112881671323
DS.d788.s0.i0 -1 -1.16721890202
DS.d788.s0.i1 -1 -1.32839218267
DS.d788.s0.i2 -1 -1.00836252391
DS.d788.s0.i3 -1 -1.02588221237
DS.d788.s0.i4 -1 -0.853592224189
DS.d788.s0.i5 -1 -0.833944379644
DS.d788.s0.i6 -1 -1.22288993222
DS.d788.s0.i7 -1 -1.04799952588
DS.d788.s0.i8 -1 -1.0686939203
DS.d788.s0.i9 -1 -1.07603465142
DS.d788.s0.i10 -1 -1.04102997805
DS.d788.s0.i11 -1 -1.17935424839
DS.d788.s0.i12 -1 -1.29069856656
DS.d788.s0.i13 -1 -0.967836097806
DS.d788.s0.i14 -1 -0.882929143297
DS.d788.s0.i15 -1 -0.988092524188
DS.d788.s0.i16 -1 -1.2250725857
DS.d788.s0.i17 -1 -0.961002492342
DS.d788.s0.i18 -1 -0.903523612593
DS.d788.s0.i19 -1 -0.727955412314
DS.d788.s0.i20 -1 -0.834254629573
DS.d788.s0.i21 -1 -1.02955988742
DS.d788.s0.i22 -1 -0.893211147276
DS.d788.s0.i23 -1 -1.74417758859
DS.d788.s0.i24 -1 -1.58300430795
DS.d788.s0.i25 -1 -1.30023900635
DS.d788.s0.i26 -1 -1.59513965431
DS.d788.s0.i27 -1 -0.636607982384
DS.d788.s0.i28 -1 -1.18967123302
DS.d788.s0.i29 -1 -1.31187022795
DS.d788.s0.i30 -1 -1.42425792746
DS.d788.s0.i31 -1 -1.2448686606
DS.d788.s0.i32 -1 -0.686172866332
DS.d788.s0.i33 -1 -1.51318035128
DS.d788.s0.i34 -1 -1.27660027977
DS.d788.s0.i35 -1 -0.836356029899
DS.d788.s0.i36 -1 -0.668059876688
DS.d788.s0.i37 -1 -1.12920180933
DS.d788.s0.i38 -1 -1.12900937845
DS.d788.s0.i39 -1 -0.666393768679
DS.d791.s0.i0 1.0 0.420792474261
DS.d797.s0.i0 1.0 -0.0347299730126
DS.d797.s1.i1 1.0 0.270117657379
DS.d798.s0.i0 -1 -0.0339909834487
DS.d828.s0.i0 1.0 0.964215846036
