DS.d3.s0.i0 1.0 0.763812421232
DS.d3.s0.i1 1.0 1.50801650774
DS.d3.s0.i2 1.0 1.50801650774
DS.d3.s1.i0 -1 -0.969655741961
DS.d3.s1.i1 -1 -0.558003262513
DS.d7.s0.i1 1.0 0.586844872998
DS.d7.s0.i2 1.0 0.921056170222
DS.d7.s1.i0 -1 0.805518336557
DS.d7.s1.i1 1.0 1.02249743921
DS.d7.s2.i0 -1 0.61940688964
DS.d7.s2.i1 -1 0.577146701375
DS.d21.s0.i0 1.0 0.0217952192026
DS.d27.s0.i0 -1 -0.691934644144
DS.d27.s0.i1 -1 -0.841546239924
DS.d27.s0.i2 -1 -0.662666269907
DS.d27.s1.i0 1.0 -0.0813597220111
DS.d27.s1.i1 1.0 -0.0411245512526
DS.d27.s2.i0 1.0 0.520248253338
DS.d33.s0.i0 1.0 0.823722426268
DS.d33.s0.i1 1.0 -0.289620504131
DS.d48.s0.i0 -1 -0.227825838335
DS.d48.s0.i1 -1 -0.227825838335
DS.d48.s0.i2 1.0 0.691308225983
DS.d48.s0.i3 1.0 0.691308225983
DS.d48.s0.i4 1.0 1.33558904462
DS.d48.s0.i5 1.0 1.33558904462
DS.d63.s0.i0 1.0 0.60432374296
DS.d63.s0.i1 1.0 0.465420725921
DS.d72.s0.i0 -1 -0.342850562519
DS.d72.s0.i1 -1 -0.282540460204
DS.d74.s0.i0 1.0 1.38771569138
DS.d82.s0.i0 1.0 0.791998102197
DS.d113.s0.i0 -1 0.666209279038
DS.d113.s0.i1 -1 0.666209279038
DS.d141.s0.i0 1.0 0.431828357849
DS.d141.s1.i0 1.0 0.955657813589
DS.d141.s1.i1 1.0 1.06601883903
DS.d141.s2.i0 1.0 0.548496430327
DS.d143.s0.i0 1.0 -0.279768460533
DS.d143.s0.i1 1.0 -0.505388268261
DS.d143.s0.i2 1.0 -0.476229621734
DS.d143.s0.i3 -1 -0.594865270211
DS.d159.s0.i0 -1 -0.151668613589
DS.d159.s0.i1 -1 -0.444529156783
DS.d159.s0.i2 -1 -0.591213218949
DS.d159.s0.i3 -1 0.665324340601
DS.d159.s0.i4 -1 -0.602795234832
DS.d159.s0.i5 1.0 0.552594877968
DS.d176.s0.i0 -1 -1.20771971333
DS.d176.s0.i1 -1 -1.2593363094
DS.d176.s0.i2 -1 -0.987500421884
DS.d179.s0.i0 -1 -1.27427942745
DS.d179.s0.i1 -1 -1.23221072184
DS.d179.s0.i2 -1 -0.808876616069
DS.d179.s0.i3 -1 -0.899388312576
DS.d179.s0.i4 -1 -1.37188909479
DS.d179.s0.i5 -1 -1.04251074026
DS.d179.s0.i6 -1 -0.68615303433
DS.d179.s0.i7 -1 -0.951547787239
DS.d179.s0.i8 -1 -0.739617129683
DS.d179.s0.i9 -1 -0.165391602761
DS.d179.s0.i10 -1 -1.01560597245
DS.d179.s0.i11 -1 -0.529230303254
DS.d179.s0.i12 -1 -0.656932096348
DS.d179.s0.i13 -1 -0.920803643565
DS.d179.s0.i14 -1 -1.28620512964
DS.d179.s0.i15 -1 -0.87340930811
DS.d179.s0.i16 -1 -1.05949445146
DS.d179.s0.i17 -1 -0.626485962794
DS.d179.s0.i18 -1 -0.208135957895
DS.d179.s0.i19 -1 -1.26788218022
DS.d179.s0.i20 -1 -1.24958437214
DS.d179.s0.i21 -1 -0.884575023253
DS.d179.s0.i22 -1 -0.681241441886
DS.d179.s0.i23 -1 -0.361934599943
DS.d179.s0.i24 -1 -0.617109384093
DS.d179.s0.i25 -1 -0.868558715934
DS.d179.s0.i26 -1 -1.46956424983
DS.d179.s0.i27 -1 -1.17084498418
DS.d179.s0.i28 -1 -1.13671427853
DS.d179.s0.i29 -1 -0.857089039191
DS.d179.s1.i0 1.0 0.813941960988
DS.d179.s1.i1 -1 -0.185961496794
DS.d179.s2.i0 1.0 0.891287839368
DS.d182.s0.i0 -1 -0.334655345174
DS.d182.s1.i0 1.0 0.0851723841043
DS.d186.s0.i0 -1 -0.802751631863
DS.d186.s0.i1 -1 -0.471420599063
DS.d186.s0.i2 -1 -0.436336308679
DS.d187.s0.i0 1.0 0.0376976040335
DS.d190.s0.i0 1.0 0.124490831362
DS.d194.s0.i0 1.0 0.171079397085
DS.d194.s0.i1 1.0 0.0531310206262
DS.d195.s0.i0 1.0 0.359361062844
DS.d203.s0.i0 1.0 0.100588702334
DS.d203.s0.i1 1.0 0.329183809407
DS.d209.s0.i0 -1 1.27793971936
DS.d209.s0.i1 -1 0.112139858642
DS.d209.s0.i2 -1 -0.455583096673
DS.d209.s1.i0 -1 0.146106139726
DS.d209.s1.i1 1.0 0.29857772862
DS.d212.s0.i0 -1 -0.947382746779
DS.d213.s0.i0 1.0 1.91236793039
DS.d213.s1.i0 1.0 1.17583248902
DS.d217.s0.i0 1.0 1.3880779348
DS.d217.s1.i0 -1 0.285913110511
DS.d217.s1.i1 -1 0.385894707708
DS.d219.s0.i0 -1 0.987953773591
DS.d219.s0.i1 1.0 1.39545373377
DS.d219.s1.i0 -1 0.515919676931
DS.d219.s1.i1 -1 0.618063587911
DS.d219.s1.i2 -1 0.17007723618
DS.d226.s0.i0 1.0 0.499981727451
DS.d274.s0.i0 1.0 -0.224610770787
DS.d276.s0.i1 -1 -0.634671884936
DS.d276.s0.i2 -1 -0.912949500491
DS.d290.s0.i0 -1 -1.02411555256
DS.d290.s0.i1 -1 -0.429587768734
DS.d299.s0.i0 -1 0.775598532837
DS.d299.s0.i1 -1 0.36041636814
DS.d319.s0.i0 -1 0.194584241744
DS.d319.s0.i1 -1 0.318754257225
DS.d321.s0.i0 -1 -0.376874064251
DS.d321.s0.i1 -1 -0.130307789619
DS.d321.s0.i2 -1 -0.768313257646
DS.d321.s0.i4 -1 -0.340679056448
DS.d344.s0.i0 -1 -0.240482945198
DS.d374.s0.i0 1.0 0.86855076036
DS.d374.s1.i0 1.0 1.06891806474
DS.d374.s1.i1 1.0 0.969888966341
DS.d384.s0.i0 1.0 0.864878678339
DS.d384.s0.i1 -1 -0.119542179358
DS.d384.s0.i2 1.0 0.864878678339
DS.d396.s0.i0 1.0 0.425551384867
DS.d398.s0.i0 1.0 0.774368024915
DS.d408.s0.i0 1.0 0.669335016289
DS.d408.s0.i1 1.0 1.00557598125
DS.d416.s0.i0 1.0 0.32319606783
DS.d435.s0.i1 1.0 0.68627839527
DS.d438.s0.i0 1.0 1.08423651182
DS.d442.s0.i0 1.0 0.0159447536136
DS.d446.s0.i0 1.0 0.0829300068566
DS.d446.s0.i2 1.0 -0.456503354655
DS.d446.s1.i0 1.0 0.108124862012
DS.d508.s0.i0 1.0 1.67240294442
DS.d511.s0.i0 -1 1.04181878836
DS.d511.s0.i1 -1 0.688066312947
DS.d514.s0.i0 1.0 0.988271356198
DS.d514.s1.i0 -1 0.104387278956
DS.d531.s0.i0 1.0 0.500980826006
DS.d531.s0.i1 1.0 0.859180715722
DS.d531.s0.i2 -1 0.654362026529
DS.d531.s0.i3 1.0 0.452829885275
DS.d531.s0.i4 1.0 0.548334862143
DS.d532.s0.i0 1.0 0.95830125988
DS.d533.s0.i0 1.0 0.348398097165
DS.d533.s0.i1 1.0 0.650825097602
DS.d545.s0.i0 1.0 0.388088052532
DS.d545.s1.i0 1.0 0.951331224094
DS.d547.s0.i0 -1 -1.46009958765
DS.d547.s0.i1 -1 -0.730500453832
DS.d547.s1.i0 1.0 0.662771231119
DS.d547.s1.i1 1.0 0.392536223818
DS.d547.s1.i2 1.0 0.392536223818
DS.d547.s1.i3 1.0 0.220759664632
DS.d550.s0.i0 -1 -1.28963678496
DS.d550.s0.i1 -1 -0.840859575293
DS.d550.s0.i2 -1 -0.376618348478
DS.d550.s0.i3 -1 -1.11676381619
DS.d550.s0.i4 -1 -0.540444347132
DS.d550.s0.i5 -1 -0.0584774454155
DS.d550.s0.i6 -1 -0.570560599465
DS.d550.s0.i7 -1 -1.06758628375
DS.d550.s0.i8 -1 -0.883743285775
DS.d553.s0.i0 1.0 0.147151152264
DS.d553.s0.i1 1.0 -0.105102634761
DS.d567.s0.i0 1.0 0.0423063977978
DS.d567.s0.i1 1.0 2.14380101486
DS.d567.s1.i0 -1 1.65540171173
DS.d567.s1.i1 -1 -0.122645785027
DS.d567.s1.i2 1.0 0.559945420781
DS.d577.s0.i0 -1 -1.29471646507
DS.d577.s0.i1 -1 0.131023704903
DS.d577.s0.i2 -1 0.131023704903
DS.d579.s0.i0 -1 -1.30237456598
DS.d579.s0.i1 -1 -1.20795141667
DS.d579.s0.i2 -1 -1.43171753036
DS.d579.s0.i3 -1 -1.15963657649
DS.d589.s0.i0 1.0 0.768714655678
DS.d589.s0.i1 1.0 0.0642765556852
DS.d589.s0.i2 1.0 0.0642765556852
DS.d589.s0.i3 1.0 0.768714655678
DS.d590.s0.i0 1.0 0.625439639376
DS.d595.s0.i0 -1 0.217939817547
DS.d595.s0.i1 -1 0.455283427554
DS.d595.s0.i2 -1 0.194450574077
DS.d630.s0.i0 -1 -0.840431018952
DS.d630.s0.i1 -1 -1.27537318356
DS.d664.s0.i0 -1 -0.511813104749
DS.d664.s0.i1 -1 -0.177921134301
DS.d664.s0.i2 -1 -1.10964917694
DS.d664.s0.i3 -1 -0.577263118462
DS.d672.s0.i0 1.0 0.0807321026241
DS.d672.s0.i1 -1 0.15938313708
DS.d672.s0.i2 1.0 0.493909124634
DS.d672.s0.i4 1.0 0.172364009145
DS.d672.s0.i5 -1 0.296618036716
DS.d672.s0.i6 -1 0.462049641343
DS.d672.s0.i8 1.0 0.236936233514
DS.d672.s0.i10 -1 -0.57344619437
DS.d672.s0.i11 -1 0.205166074411
DS.d687.s0.i0 1.0 1.29238580159
DS.d687.s1.i0 -1 0.306031386608
DS.d694.s0.i0 -1 1.11963410632
DS.d694.s0.i1 -1 1.04044501119
DS.d694.s0.i2 -1 1.86260113454
DS.d699.s0.i0 1.0 1.76633308472
DS.d699.s0.i1 1.0 1.76633308472
DS.d699.s1.i0 1.0 -1.02450295806
DS.d699.s1.i1 -1 -1.44758592873
DS.d699.s1.i2 -1 -1.23235931322
DS.d699.s2.i0 1.0 -0.740012245838
DS.d700.s0.i0 1.0 -0.884015218079
DS.d704.s0.i0 -1 -1.03903221442
DS.d704.s0.i1 1.0 -0.528040355776
DS.d704.s0.i2 1.0 -0.528040355776
DS.d704.s0.i3 1.0 -0.645487001985
DS.d704.s0.i4 1.0 -0.645487001985
DS.d704.s0.i5 -1 -1.03903221442
DS.d714.s0.i0 -1 -0.22206920374
DS.d714.s0.i1 -1 -0.897629338015
DS.d714.s1.i0 -1 -0.61229883136
DS.d714.s2.i0 -1 -1.05634089489
DS.d716.s0.i0 1.0 1.08581534728
DS.d716.s0.i1 -1 -0.0684001056782
DS.d716.s0.i2 1.0 1.28655593431
DS.d716.s0.i3 1.0 0.470013499137
DS.d722.s0.i0 -1 -0.200937938362
DS.d722.s0.i1 1.0 0.506816115451
DS.d730.s0.i0 1.0 -0.184489717815
DS.d752.s0.i0 1.0 0.450374972914
DS.d788.s0.i0 -1 -1.12590129327
DS.d788.s0.i1 -1 -1.54194824091
DS.d788.s0.i2 -1 -0.863411790334
DS.d788.s0.i3 -1 -1.04207693469
DS.d788.s0.i4 -1 -0.922794373799
DS.d788.s0.i5 -1 -0.98319991873
DS.d788.s0.i6 -1 -1.14376342308
DS.d788.s0.i7 -1 -1.28784958615
DS.d788.s0.i8 -1 -1.05597492974
DS.d788.s0.i9 -1 -1.2242092332
DS.d788.s0.i10 -1 -0.935295548114
DS.d788.s0.i11 -1 -1.24891800736
DS.d788.s0.i12 -1 -1.29062356739
DS.d788.s0.i13 -1 -0.759068150272
DS.d788.s0.i14 -1 -1.04479766397
DS.d788.s0.i15 -1 -1.06811398427
DS.d788.s0.i16 -1 -1.46804818179
DS.d788.s0.i17 -1 -0.848861789655
DS.d788.s0.i18 -1 -0.63246035031
DS.d788.s0.i19 -1 -0.714643096612
DS.d788.s0.i20 -1 -0.890625045814
DS.d788.s0.i21 -1 -1.19539292915
DS.d788.s0.i22 -1 -0.964622781118
DS.d788.s0.i23 -1 -1.81821464197
DS.d788.s0.i24 -1 -1.39963214985
DS.d788.s0.i25 -1 -1.37029514387
DS.d788.s0.i26 -1 -1.52264886394
DS.d788.s0.i27 -1 -0.638670119541
DS.d788.s0.i28 -1 -1.28501063294
DS.d788.s0.i29 -1 -1.59784081541
DS.d788.s0.i30 -1 -1.67354514639
DS.d788.s0.i31 -1 -1.35780358347
DS.d788.s0.i32 -1 -0.591277543666
DS.d788.s0.i33 -1 -1.25796413854
DS.d788.s0.i34 -1 -1.24521099028
DS.d788.s0.i35 -1 -0.82834959163
DS.d788.s0.i36 -1 -0.522433595607
DS.d788.s0.i37 -1 -1.01736267555
DS.d788.s0.i38 -1 -1.11818825483
DS.d788.s0.i39 -1 -0.772754954269
DS.d791.s0.i0 1.0 0.166662829756
DS.d797.s0.i0 1.0 -0.0408981353081
DS.d797.s1.i1 1.0 0.474227592924
DS.d798.s0.i0 -1 -0.239957433187
DS.d828.s0.i0 1.0 0.92868996386
