DS2.d68.s0.i0 1.000000 0.736217
DS2.d68.s1.i0 1.000000 0.711058
DS2.d68.s2.i0 1.000000 0.449680
DS2.d68.s2.i1 1.000000 0.205347
DS2.d68.s2.i2 1.000000 0.449680
DS2.d238.s0.i12 -1.000000 -0.203757
DS2.d238.s0.i13 -1.000000 -0.024323
DS2.d238.s0.i11 -1.000000 -0.058622
DS2.d238.s0.i6 -1.000000 -0.135935
DS2.d238.s0.i7 -1.000000 -0.076917
DS2.d238.s0.i4 -1.000000 -0.125757
DS2.d238.s0.i5 -1.000000 -0.014215
DS2.d238.s0.i2 -1.000000 0.041169
DS2.d238.s0.i3 -1.000000 -0.005383
DS2.d238.s0.i0 -1.000000 -0.083342
DS2.d238.s0.i1 -1.000000 -0.016033
DS2.d238.s0.i10 -1.000000 -0.068853
DS2.d238.s0.i8 -1.000000 -0.140634
DS2.d238.s0.i9 -1.000000 -0.059778
DS2.d238.s1.i1 1.000000 -0.441832
DS2.d238.s1.i0 1.000000 -0.363556
DS2.d332.s0.i0 1.000000 1.217052
DS2.d1038.s0.i0 1.000000 0.171143
DS2.d1039.s0.i1 -1.000000 -0.648709
DS2.d1039.s0.i0 -1.000000 -0.882196
DS2.d1039.s0.i3 -1.000000 -0.509672
DS2.d1039.s0.i2 -1.000000 -0.846011
DS2.d436.s0.i0 -1.000000 -0.409759
DS2.d436.s0.i1 -1.000000 -0.403833
DS2.d436.s1.i0 -1.000000 -0.300442
DS2.d430.s0.i0 -1.000000 0.890464
DS2.d168.s0.i0 1.000000 0.474550
DS2.d168.s0.i1 -1.000000 0.211250
DS2.d395.s0.i0 1.000000 0.389506
DS2.d395.s0.i1 1.000000 0.273169
DS2.d1041.s0.i0 -1.000000 -0.010133
DS2.d1041.s0.i1 -1.000000 -0.041268
DS2.d1041.s0.i2 -1.000000 0.034125
DS2.d1041.s1.i0 1.000000 -0.528864
DS2.d1009.s4.i0 -1.000000 0.932152
DS2.d1009.s2.i0 1.000000 0.622829
DS2.d1009.s3.i0 1.000000 0.142786
DS2.d1009.s0.i0 1.000000 1.336157
DS2.d1009.s0.i1 1.000000 1.378222
DS2.d1009.s0.i2 1.000000 1.063552
DS2.d1009.s0.i3 1.000000 1.035646
DS2.d1009.s1.i1 1.000000 0.865424
DS2.d1009.s1.i0 1.000000 0.922098
DS2.d55.s0.i0 -1.000000 -0.969431
DS2.d1005.s0.i0 1.000000 1.087572
DS2.d746.s2.i0 1.000000 0.096403
DS2.d746.s0.i0 -1.000000 0.986434
DS2.d746.s1.i0 1.000000 0.053573
DS2.d747.s0.i1 1.000000 0.088201
DS2.d747.s0.i0 1.000000 0.021665
DS2.d331.s0.i0 1.000000 0.627969
DS2.d331.s0.i1 1.000000 0.530509
DS2.d1017.s0.i0 1.000000 1.028402
DS2.d1011.s1.i0 1.000000 0.289488
DS2.d1011.s0.i0 1.000000 0.669181
DS2.d1012.s0.i0 1.000000 0.775870
DS2.d1012.s0.i1 1.000000 0.698299
DS2.d211.s0.i0 1.000000 0.936595
DS2.d893.s0.i0 -1.000000 -0.114698
DS2.d454.s0.i0 1.000000 1.392997
DS2.d454.s1.i0 1.000000 0.569207
DS2.d598.s0.i0 1.000000 0.534391
DS2.d352.s0.i1 -1.000000 -0.482539
DS2.d352.s0.i0 -1.000000 -0.517004
DS2.d694.s0.i4 -1.000000 0.337405
DS2.d694.s0.i5 1.000000 0.396966
DS2.d694.s0.i0 -1.000000 0.227676
DS2.d694.s0.i1 -1.000000 0.197566
DS2.d694.s0.i2 1.000000 0.489436
DS2.d694.s0.i3 -1.000000 0.308139
DS2.d695.s1.i0 -1.000000 -0.362478
DS2.d695.s0.i0 -1.000000 -0.571522
DS2.d695.s3.i0 -1.000000 0.472034
DS2.d695.s2.i0 -1.000000 0.383293
DS2.d357.s0.i2 -1.000000 -0.303545
DS2.d357.s0.i3 -1.000000 -0.377601
DS2.d357.s0.i0 -1.000000 -0.290269
DS2.d357.s0.i1 -1.000000 -0.385695
DS2.d357.s1.i0 1.000000 0.167614
DS2.d517.s0.i0 1.000000 1.307155
DS2.d698.s0.i0 1.000000 0.427335
DS2.d860.s0.i1 1.000000 0.583326
DS2.d860.s0.i0 -1.000000 0.386585
DS2.d612.s0.i0 -1.000000 -0.363451
DS2.d612.s0.i1 -1.000000 -0.269061
DS2.d922.s0.i0 1.000000 0.431659
DS2.d925.s0.i1 -1.000000 -0.239337
DS2.d925.s0.i0 -1.000000 -0.304207
DS2.d31.s0.i0 1.000000 0.327676
DS2.d887.s0.i2 -1.000000 -0.247537
DS2.d887.s0.i0 -1.000000 -0.237310
DS2.d887.s0.i1 -1.000000 -0.383879
DS2.d886.s0.i0 1.000000 0.541666
DS2.d207.s0.i0 1.000000 0.877737
DS2.d206.s0.i1 1.000000 0.514917
DS2.d206.s0.i0 1.000000 0.321586
DS2.d203.s0.i0 1.000000 0.866959
DS2.d203.s0.i1 1.000000 0.837519
DS2.d446.s1.i0 1.000000 -0.202918
DS2.d446.s0.i3 1.000000 0.080000
DS2.d446.s0.i2 1.000000 0.017227
DS2.d446.s0.i1 1.000000 -0.128931
DS2.d446.s0.i0 1.000000 -0.084934
DS2.d1063.s0.i0 1.000000 0.240499
DS2.d1063.s0.i1 1.000000 0.336392
DS2.d682.s0.i0 1.000000 0.999226
DS2.d443.s0.i2 1.000000 0.003609
DS2.d443.s0.i0 1.000000 -0.030551
DS2.d443.s0.i1 1.000000 -0.022512
DS2.d366.s0.i0 1.000000 0.429736
DS2.d366.s1.i0 1.000000 0.095297
DS2.d366.s2.i0 1.000000 -0.435940
DS2.d366.s2.i1 1.000000 -0.434765
DS2.d366.s3.i0 1.000000 0.830191
DS2.d322.s0.i0 -1.000000 -0.252906
DS2.d322.s0.i1 -1.000000 -0.211636
DS2.d281.s0.i0 -1.000000 0.159909
DS2.d369.s1.i0 -1.000000 -0.245349
DS2.d369.s0.i0 -1.000000 -0.512331
DS2.d369.s2.i0 -1.000000 -0.538008
DS2.d601.s0.i2 1.000000 0.506176
DS2.d601.s0.i0 1.000000 0.633637
DS2.d601.s0.i1 1.000000 0.694860
DS2.d600.s2.i0 1.000000 0.645205
DS2.d600.s1.i0 1.000000 -0.038957
DS2.d600.s1.i1 1.000000 0.019344
DS2.d600.s1.i2 1.000000 -0.326105
DS2.d600.s1.i3 1.000000 -0.177415
DS2.d600.s0.i0 1.000000 0.467856
DS2.d602.s0.i1 1.000000 0.636540
DS2.d602.s0.i0 1.000000 0.442405
DS2.d609.s0.i2 -1.000000 -0.406127
DS2.d609.s0.i3 -1.000000 -0.131041
DS2.d609.s0.i0 -1.000000 -0.190553
DS2.d609.s0.i1 -1.000000 -0.133937
DS2.d609.s0.i6 -1.000000 -0.421990
DS2.d609.s0.i7 -1.000000 -0.246048
DS2.d609.s0.i4 -1.000000 -0.421274
DS2.d609.s0.i5 -1.000000 -0.360125
DS2.d932.s0.i2 -1.000000 -0.515993
DS2.d932.s0.i1 -1.000000 -0.366080
DS2.d932.s0.i0 -1.000000 -0.585101
DS2.d936.s1.i0 1.000000 -0.101235
DS2.d936.s0.i0 1.000000 0.546536
DS2.d472.s0.i0 -1.000000 0.431061
DS2.d472.s0.i1 -1.000000 0.348477
DS2.d472.s1.i0 -1.000000 0.691983
DS2.d477.s0.i3 -1.000000 0.118148
DS2.d477.s0.i2 -1.000000 0.106226
DS2.d477.s0.i1 -1.000000 0.100238
DS2.d477.s0.i0 -1.000000 0.169902
DS2.d1060.s0.i0 1.000000 1.022596
DS2.d128.s0.i2 1.000000 0.353293
DS2.d128.s0.i3 -1.000000 -0.274362
DS2.d128.s0.i0 -1.000000 0.046303
DS2.d128.s0.i1 -1.000000 0.150382
DS2.d128.s0.i4 -1.000000 0.140616
DS2.d776.s0.i1 -1.000000 -0.634098
DS2.d776.s0.i0 -1.000000 -0.842554
DS2.d776.s0.i3 -1.000000 -0.749569
DS2.d776.s0.i2 -1.000000 -0.802678
DS2.d126.s0.i0 1.000000 0.810907
DS2.d126.s1.i0 1.000000 0.516869
DS2.d578.s0.i1 1.000000 0.385228
DS2.d578.s0.i0 1.000000 0.633235
DS2.d672.s0.i0 1.000000 -0.308462
DS2.d672.s0.i1 1.000000 -0.109809
DS2.d672.s0.i2 1.000000 -0.214670
DS2.d672.s0.i3 1.000000 -0.244388
DS2.d679.s1.i0 -1.000000 -0.052906
DS2.d679.s1.i1 -1.000000 0.006128
DS2.d679.s1.i2 -1.000000 0.042879
DS2.d679.s1.i3 -1.000000 0.127105
DS2.d679.s0.i2 -1.000000 0.000934
DS2.d679.s0.i1 -1.000000 -0.275783
DS2.d679.s0.i0 -1.000000 -0.184206
DS2.d901.s0.i1 -1.000000 -1.358852
DS2.d901.s0.i0 -1.000000 -1.213298
DS2.d901.s0.i3 -1.000000 -1.407121
DS2.d901.s0.i2 -1.000000 -1.157819
DS2.d466.s0.i0 -1.000000 -0.296815
DS2.d460.s0.i9 -1.000000 -0.812989
DS2.d460.s0.i8 -1.000000 -0.925289
DS2.d460.s0.i7 -1.000000 -1.035629
DS2.d460.s0.i6 -1.000000 -0.868822
DS2.d460.s0.i5 -1.000000 -0.872265
DS2.d460.s0.i4 -1.000000 -0.816069
DS2.d460.s0.i3 -1.000000 -0.736172
DS2.d460.s0.i2 -1.000000 -0.943713
DS2.d460.s0.i1 -1.000000 -1.050790
DS2.d460.s0.i0 -1.000000 -0.812989
DS2.d460.s0.i19 -1.000000 -0.726617
DS2.d460.s0.i18 -1.000000 -0.736172
DS2.d460.s0.i17 -1.000000 -0.868822
DS2.d460.s0.i16 -1.000000 -0.726617
DS2.d460.s0.i15 -1.000000 -1.020336
DS2.d460.s0.i14 -1.000000 -0.934812
DS2.d460.s0.i13 -1.000000 -0.729292
DS2.d460.s0.i12 -1.000000 -1.044968
DS2.d460.s0.i11 -1.000000 -1.014519
DS2.d460.s0.i10 -1.000000 -0.738976
DS2.d460.s0.i22 -1.000000 -0.934461
DS2.d460.s0.i23 -1.000000 -0.940318
DS2.d460.s0.i20 -1.000000 -0.930838
DS2.d460.s0.i21 -1.000000 -1.055251
DS2.d1048.s1.i0 1.000000 0.647688
DS2.d1048.s0.i1 1.000000 1.193511
DS2.d1048.s0.i0 1.000000 1.518507
DS2.d1048.s2.i1 1.000000 0.612367
DS2.d1048.s2.i0 1.000000 0.449861
DS2.d302.s0.i0 1.000000 -0.062980
DS2.d302.s0.i1 1.000000 0.241838
DS2.d263.s0.i0 -1.000000 -1.490011
DS2.d263.s0.i1 -1.000000 -1.189218
DS2.d262.s0.i1 1.000000 0.069975
DS2.d262.s0.i0 1.000000 0.343820
DS2.d788.s0.i0 -1.000000 -0.614695
DS2.d788.s0.i1 -1.000000 -0.645527
DS2.d788.s1.i0 -1.000000 -0.610157
DS2.d384.s0.i0 -1.000000 -0.075289
DS2.d384.s1.i0 1.000000 1.184927
DS2.d664.s1.i0 1.000000 0.071909
DS2.d664.s0.i0 1.000000 0.492085
DS2.d380.s0.i0 -1.000000 0.644137
DS2.d380.s0.i1 1.000000 0.638724
DS2.d380.s1.i0 1.000000 0.182132
DS2.d546.s0.i10 -1.000000 -0.355740
DS2.d546.s0.i11 -1.000000 -0.550699
DS2.d546.s0.i2 -1.000000 -0.325339
DS2.d546.s0.i3 -1.000000 -0.444135
DS2.d546.s0.i0 -1.000000 -0.448707
DS2.d546.s0.i1 -1.000000 -0.286797
DS2.d546.s0.i6 -1.000000 -0.443934
DS2.d546.s0.i7 -1.000000 -0.517605
DS2.d546.s0.i4 -1.000000 -0.542947
DS2.d546.s0.i5 -1.000000 -0.492495
DS2.d546.s0.i8 -1.000000 -0.351235
DS2.d546.s0.i9 -1.000000 -0.287470
DS2.d546.s1.i1 -1.000000 -0.707358
DS2.d546.s1.i0 -1.000000 -0.625221
DS2.d839.s1.i0 -1.000000 -0.298375
DS2.d839.s1.i1 -1.000000 -0.258858
DS2.d839.s0.i0 -1.000000 -0.581944
DS2.d993.s2.i0 1.000000 -0.124199
DS2.d993.s2.i1 1.000000 -0.403836
DS2.d993.s0.i0 1.000000 0.933823
DS2.d993.s0.i1 1.000000 1.054785
DS2.d993.s1.i0 -1.000000 -0.525803
DS2.d183.s1.i0 1.000000 0.913543
DS2.d183.s1.i1 1.000000 0.918469
DS2.d183.s1.i2 1.000000 0.913543
DS2.d183.s0.i1 -1.000000 -0.137176
DS2.d183.s0.i0 1.000000 0.877205
DS2.d180.s0.i0 1.000000 0.831653
DS2.d180.s0.i1 1.000000 0.985075
DS2.d180.s0.i2 1.000000 0.757789
DS2.d180.s0.i3 1.000000 1.031394
DS2.d1057.s0.i0 1.000000 0.985110
DS2.d1058.s0.i0 -1.000000 -0.385370
DS2.d1058.s0.i1 -1.000000 -0.348658
DS2.d282.s0.i0 -1.000000 -0.194519
DS2.d410.s0.i0 -1.000000 0.092714
DS2.d955.s0.i0 1.000000 0.391528
DS2.d255.s0.i1 1.000000 -0.101561
DS2.d255.s0.i0 1.000000 -0.056385
DS2.d95.s0.i0 -1.000000 -0.788342
DS2.d653.s0.i0 1.000000 0.344819
DS2.d799.s0.i0 -1.000000 -0.357010
DS2.d799.s1.i0 -1.000000 -0.464780
DS2.d17.s0.i0 -1.000000 -0.277649
DS2.d17.s0.i1 1.000000 0.398946
DS2.d17.s0.i2 1.000000 0.398946
DS2.d17.s0.i3 -1.000000 -0.277649
DS2.d393.s0.i14 1.000000 0.022409
DS2.d393.s0.i11 1.000000 0.091182
DS2.d393.s0.i12 1.000000 0.092155
DS2.d393.s0.i13 1.000000 0.242956
DS2.d393.s0.i6 1.000000 0.386031
DS2.d393.s0.i7 1.000000 0.273487
DS2.d393.s0.i4 1.000000 0.157151
DS2.d393.s0.i5 1.000000 0.147097
DS2.d393.s0.i2 1.000000 0.365182
DS2.d393.s0.i3 1.000000 0.070155
DS2.d393.s0.i0 1.000000 0.113380
DS2.d393.s0.i1 1.000000 0.263899
DS2.d393.s0.i10 1.000000 0.019378
DS2.d393.s0.i8 1.000000 0.236238
DS2.d393.s0.i9 1.000000 0.257638
DS2.d393.s1.i1 -1.000000 -0.050446
DS2.d393.s1.i0 1.000000 0.503540
DS2.d393.s2.i0 1.000000 0.807616
DS2.d393.s2.i1 1.000000 0.703989
DS2.d393.s3.i0 1.000000 0.063954
DS2.d392.s2.i1 1.000000 0.311779
DS2.d392.s2.i0 1.000000 0.204366
DS2.d392.s1.i0 1.000000 1.189657
DS2.d392.s1.i1 1.000000 1.253088
DS2.d392.s0.i1 1.000000 0.460603
DS2.d392.s0.i0 1.000000 0.350264
DS2.d493.s0.i0 1.000000 0.871366
DS2.d495.s0.i1 1.000000 0.078271
DS2.d495.s0.i0 1.000000 0.432142
DS2.d71.s2.i0 1.000000 0.739132
DS2.d71.s0.i0 1.000000 0.667787
DS2.d71.s1.i0 1.000000 0.609734
DS2.d193.s0.i0 1.000000 0.041863
DS2.d193.s0.i1 1.000000 -0.071780
DS2.d197.s0.i0 -1.000000 0.029209
DS2.d197.s0.i1 -1.000000 0.029209
DS2.d249.s0.i0 1.000000 0.420402
DS2.d249.s1.i0 -1.000000 1.084675
DS2.d1027.s0.i0 1.000000 -0.348222
DS2.d1027.s1.i1 1.000000 0.046083
DS2.d1027.s1.i0 1.000000 0.103598
DS2.d482.s0.i1 1.000000 0.214192
DS2.d482.s0.i0 1.000000 0.118586
DS2.d245.s0.i0 -1.000000 -0.014723
DS2.d245.s0.i1 -1.000000 -0.176682
DS2.d1028.s0.i0 1.000000 0.317835
DS2.d82.s0.i0 -1.000000 0.760522
DS2.d82.s1.i0 1.000000 0.776465
DS2.d83.s0.i0 -1.000000 0.793180
DS2.d85.s1.i4 -1.000000 -0.542868
DS2.d85.s1.i2 -1.000000 -0.627953
DS2.d85.s1.i3 -1.000000 -0.564085
DS2.d85.s1.i0 -1.000000 -0.407142
DS2.d85.s1.i1 -1.000000 -0.538078
DS2.d85.s0.i1 1.000000 -0.317330
DS2.d85.s0.i0 1.000000 -0.351937
DS2.d85.s0.i2 1.000000 -0.529679
DS2.d526.s2.i0 1.000000 0.084437
DS2.d526.s3.i0 1.000000 0.427984
DS2.d526.s0.i0 1.000000 0.924061
DS2.d526.s0.i1 1.000000 0.882548
DS2.d526.s1.i0 1.000000 0.763116
DS2.d526.s4.i0 1.000000 0.459258
DS2.d526.s4.i1 1.000000 0.211716
DS2.d526.s4.i2 1.000000 0.594302
DS2.d727.s0.i1 -1.000000 -0.213103
DS2.d727.s0.i0 -1.000000 -0.440817
DS2.d915.s0.i0 1.000000 1.238681
DS2.d915.s0.i1 1.000000 1.263125
DS2.d915.s1.i0 1.000000 0.910141
DS2.d723.s0.i0 -1.000000 1.107096
