DS2.d64.s0.i0 1.000000 0.776509
DS2.d64.s0.i1 1.000000 0.866159
DS2.d65.s0.i0 -1.000000 -0.724947
DS2.d66.s0.i0 1.000000 0.953209
DS2.d66.s0.i1 1.000000 0.889455
DS2.d67.s0.i1 -1.000000 -0.910358
DS2.d67.s0.i0 -1.000000 -0.990222
DS2.d60.s0.i0 1.000000 1.017227
DS2.d61.s3.i0 1.000000 0.763179
DS2.d61.s2.i1 1.000000 0.921048
DS2.d61.s2.i0 1.000000 0.819794
DS2.d61.s1.i0 -1.000000 -0.605460
DS2.d61.s0.i1 1.000000 0.806011
DS2.d61.s0.i0 1.000000 0.886512
DS2.d62.s0.i0 -1.000000 -0.722309
DS2.d62.s0.i1 -1.000000 -0.976936
DS2.d62.s1.i0 -1.000000 -0.555667
DS2.d63.s0.i1 1.000000 -0.262522
DS2.d63.s0.i0 -1.000000 -1.023272
DS2.d69.s0.i2 -1.000000 -0.825414
DS2.d69.s0.i1 -1.000000 -1.031112
DS2.d69.s0.i0 -1.000000 -0.832670
DS2.d512.s0.i0 -1.000000 -0.578310
DS2.d164.s0.i0 1.000000 0.699495
DS2.d165.s3.i0 1.000000 0.830793
DS2.d165.s2.i0 1.000000 0.881739
DS2.d165.s1.i0 1.000000 0.929362
DS2.d165.s1.i1 1.000000 0.750767
DS2.d165.s0.i0 -1.000000 -0.693877
DS2.d166.s0.i0 -1.000000 -0.954381
DS2.d166.s0.i1 -1.000000 -0.858207
DS2.d166.s0.i2 -1.000000 -0.868613
DS2.d167.s0.i1 1.000000 0.489709
DS2.d167.s0.i0 1.000000 1.072547
DS2.d167.s0.i2 1.000000 1.129642
DS2.d160.s0.i2 -1.000000 -0.961223
DS2.d160.s0.i3 -1.000000 -0.906189
DS2.d160.s0.i0 -1.000000 -0.878474
DS2.d160.s0.i1 -1.000000 -0.903682
DS2.d161.s0.i0 -1.000000 -0.908936
DS2.d162.s0.i0 -1.000000 -0.615845
DS2.d163.s0.i1 1.000000 0.996407
DS2.d163.s0.i0 1.000000 1.146777
DS2.d169.s0.i1 -1.000000 -1.023694
DS2.d169.s0.i0 -1.000000 -0.971835
DS2.d638.s0.i2 1.000000 0.838323
DS2.d638.s0.i3 1.000000 0.903733
DS2.d638.s0.i0 1.000000 1.044297
DS2.d638.s0.i1 1.000000 1.031652
DS2.d638.s1.i1 -1.000000 -0.743953
DS2.d638.s1.i0 -1.000000 -0.828984
DS2.d638.s2.i0 1.000000 0.676206
DS2.d638.s2.i1 1.000000 0.478225
DS2.d638.s3.i2 1.000000 0.894861
DS2.d638.s3.i1 1.000000 1.123857
DS2.d638.s3.i0 1.000000 0.884004
DS2.d639.s1.i0 -1.000000 -0.291409
DS2.d639.s1.i1 1.000000 0.725767
DS2.d639.s1.i2 1.000000 0.678619
DS2.d639.s1.i3 1.000000 0.650669
DS2.d639.s1.i4 -1.000000 -0.392027
DS2.d639.s1.i5 1.000000 0.597467
DS2.d639.s0.i0 -1.000000 -0.820070
DS2.d733.s0.i0 1.000000 1.013957
DS2.d733.s0.i1 1.000000 0.928506
DS2.d732.s0.i0 1.000000 0.735559
DS2.d735.s0.i4 1.000000 0.972476
DS2.d735.s0.i5 1.000000 1.027702
DS2.d735.s0.i2 1.000000 1.027702
DS2.d735.s0.i3 1.000000 0.890169
DS2.d735.s0.i0 1.000000 0.890169
DS2.d735.s0.i1 1.000000 0.972476
DS2.d735.s1.i1 -1.000000 -0.506908
DS2.d735.s1.i0 -1.000000 -0.504941
DS2.d735.s1.i2 1.000000 0.313452
DS2.d735.s2.i0 1.000000 0.878223
DS2.d735.s2.i1 1.000000 0.881651
DS2.d735.s3.i1 1.000000 0.895093
DS2.d735.s3.i0 1.000000 0.908156
DS2.d734.s0.i0 -1.000000 -0.692135
DS2.d737.s0.i0 1.000000 0.958465
DS2.d736.s0.i0 -1.000000 -0.341845
DS2.d630.s0.i0 -1.000000 -0.419903
DS2.d631.s1.i0 1.000000 0.649135
DS2.d631.s0.i0 1.000000 0.870964
DS2.d632.s0.i0 1.000000 0.900927
DS2.d633.s1.i0 1.000000 1.007621
DS2.d633.s1.i1 1.000000 0.829568
DS2.d633.s0.i0 1.000000 0.416455
DS2.d634.s0.i0 -1.000000 -0.607371
DS2.d635.s0.i5 1.000000 0.994617
DS2.d635.s0.i4 1.000000 0.927562
DS2.d635.s0.i3 1.000000 0.880178
DS2.d635.s0.i2 1.000000 0.889689
DS2.d635.s0.i1 1.000000 0.985704
DS2.d635.s0.i0 1.000000 0.994617
DS2.d636.s0.i0 1.000000 0.935443
DS2.d637.s0.i0 -1.000000 -0.648269
DS2.d1008.s0.i0 1.000000 0.766565
DS2.d1003.s0.i2 1.000000 0.938526
DS2.d1003.s0.i0 1.000000 0.785025
DS2.d1003.s0.i1 1.000000 1.045622
DS2.d1003.s1.i1 1.000000 1.022986
DS2.d1003.s1.i0 1.000000 1.063507
DS2.d1003.s1.i3 1.000000 0.926050
DS2.d1003.s1.i2 1.000000 0.895975
DS2.d1003.s1.i4 1.000000 0.995647
DS2.d1002.s0.i1 -1.000000 -0.910440
DS2.d1002.s0.i0 -1.000000 -0.574275
DS2.d1001.s0.i0 1.000000 0.627880
DS2.d1001.s0.i1 1.000000 0.861806
DS2.d1000.s0.i0 -1.000000 -0.663196
DS2.d1007.s0.i0 1.000000 1.097525
DS2.d1007.s0.i1 1.000000 0.827456
DS2.d1007.s1.i1 1.000000 0.940662
DS2.d1007.s1.i0 1.000000 0.940662
DS2.d1006.s0.i5 1.000000 0.865813
DS2.d1006.s0.i4 1.000000 0.998309
DS2.d1006.s0.i3 1.000000 0.897087
DS2.d1006.s0.i2 1.000000 0.942590
DS2.d1006.s0.i1 1.000000 1.040175
DS2.d1006.s0.i0 1.000000 0.762724
DS2.d1004.s0.i0 -1.000000 0.055763
DS2.d229.s0.i0 1.000000 0.609450
DS2.d228.s1.i0 1.000000 0.899721
DS2.d228.s1.i1 1.000000 0.714178
DS2.d228.s0.i0 1.000000 0.329623
DS2.d227.s0.i0 -1.000000 -0.825969
DS2.d227.s1.i0 -1.000000 -0.817008
DS2.d226.s0.i0 -1.000000 -0.506276
DS2.d225.s0.i0 -1.000000 -0.270089
DS2.d224.s1.i0 1.000000 0.700057
DS2.d224.s0.i1 1.000000 0.908811
DS2.d224.s0.i0 1.000000 0.769850
DS2.d224.s2.i1 -1.000000 -0.912289
DS2.d224.s2.i0 -1.000000 -0.897626
DS2.d223.s0.i0 1.000000 0.718751
DS2.d222.s1.i0 -1.000000 -0.789331
DS2.d222.s0.i0 -1.000000 -0.809615
DS2.d221.s0.i0 -1.000000 -0.644755
DS2.d221.s0.i1 1.000000 0.077199
DS2.d221.s0.i2 -1.000000 -0.656700
DS2.d220.s0.i1 1.000000 0.885198
DS2.d220.s0.i0 1.000000 0.779402
DS2.d595.s0.i0 1.000000 1.010952
DS2.d595.s1.i0 1.000000 0.781053
DS2.d594.s0.i0 -1.000000 -0.466834
DS2.d597.s0.i0 -1.000000 -0.612016
DS2.d597.s0.i1 -1.000000 -0.699621
DS2.d596.s0.i1 1.000000 0.792046
DS2.d596.s0.i0 1.000000 0.931121
DS2.d458.s0.i2 -1.000000 -1.004983
DS2.d458.s0.i3 -1.000000 -0.928397
DS2.d458.s0.i0 -1.000000 -0.926527
DS2.d458.s0.i1 -1.000000 -0.920373
DS2.d459.s0.i0 -1.000000 -0.635245
DS2.d593.s0.i0 -1.000000 -0.111874
DS2.d593.s1.i0 1.000000 0.730614
DS2.d592.s0.i0 1.000000 0.789740
DS2.d455.s0.i1 -1.000000 -0.638235
DS2.d455.s0.i0 -1.000000 -0.760959
DS2.d456.s0.i0 -1.000000 -0.802254
DS2.d456.s1.i0 -1.000000 -0.800300
DS2.d457.s0.i0 -1.000000 -0.613722
DS2.d450.s0.i0 1.000000 0.691640
DS2.d451.s1.i0 -1.000000 -0.594204
DS2.d451.s1.i1 1.000000 0.469938
DS2.d451.s0.i2 1.000000 0.632596
DS2.d451.s0.i1 1.000000 0.273193
DS2.d451.s0.i0 -1.000000 -0.003506
DS2.d452.s0.i0 -1.000000 -0.958713
DS2.d453.s0.i0 -1.000000 -0.856476
DS2.d353.s0.i0 -1.000000 -0.897853
DS2.d353.s1.i0 -1.000000 -0.920446
DS2.d298.s0.i0 1.000000 0.148005
DS2.d350.s0.i0 1.000000 0.839667
DS2.d356.s1.i0 1.000000 1.035079
DS2.d356.s0.i0 1.000000 0.194307
DS2.d355.s0.i0 1.000000 1.027811
DS2.d355.s0.i1 1.000000 1.071566
DS2.d354.s1.i0 -1.000000 -0.999733
DS2.d354.s0.i0 -1.000000 -0.809115
DS2.d292.s0.i0 1.000000 0.930317
DS2.d293.s1.i0 1.000000 0.707617
DS2.d293.s1.i1 1.000000 1.001489
DS2.d293.s0.i0 1.000000 0.840812
DS2.d290.s0.i4 1.000000 0.333286
DS2.d290.s0.i5 1.000000 0.559902
DS2.d290.s0.i6 -1.000000 -0.443851
DS2.d290.s0.i7 1.000000 0.206710
DS2.d290.s0.i0 1.000000 0.316795
DS2.d290.s0.i1 -1.000000 -0.268728
DS2.d290.s0.i2 -1.000000 -0.465639
DS2.d290.s0.i3 -1.000000 -0.438502
DS2.d291.s0.i0 1.000000 0.905685
DS2.d296.s0.i0 -1.000000 -0.828122
DS2.d296.s0.i1 -1.000000 -0.825307
DS2.d297.s1.i0 1.000000 0.319827
DS2.d297.s0.i0 1.000000 1.018475
DS2.d294.s0.i0 1.000000 0.716194
DS2.d295.s1.i0 1.000000 -0.224092
DS2.d295.s0.i0 -1.000000 -0.694225
DS2.d869.s0.i0 1.000000 0.859995
DS2.d869.s0.i1 1.000000 0.859995
DS2.d868.s0.i0 1.000000 0.872649
DS2.d940.s0.i0 1.000000 0.956048
DS2.d941.s1.i2 1.000000 0.902987
DS2.d941.s1.i0 1.000000 0.894261
DS2.d941.s1.i1 1.000000 0.989724
DS2.d941.s0.i0 1.000000 0.799466
DS2.d941.s3.i0 1.000000 0.844411
DS2.d941.s2.i1 1.000000 0.789091
DS2.d941.s2.i0 1.000000 0.731666
DS2.d946.s0.i0 1.000000 0.918242
DS2.d946.s0.i1 1.000000 0.859482
DS2.d947.s0.i0 -1.000000 -0.774279
DS2.d944.s0.i0 1.000000 0.728993
DS2.d945.s0.i1 -1.000000 -0.793356
DS2.d945.s0.i0 -1.000000 -0.755862
DS2.d861.s0.i0 -1.000000 -0.713856
DS2.d863.s0.i0 1.000000 1.012150
DS2.d862.s0.i0 -1.000000 -0.582893
DS2.d865.s0.i0 1.000000 0.416999
DS2.d864.s1.i0 1.000000 0.820018
DS2.d864.s1.i1 1.000000 0.970228
DS2.d864.s0.i0 1.000000 0.791481
DS2.d867.s0.i0 1.000000 0.954758
DS2.d867.s0.i1 1.000000 0.942436
DS2.d866.s0.i0 1.000000 0.697474
DS2.d30.s1.i0 1.000000 1.169310
DS2.d30.s1.i1 1.000000 0.773241
DS2.d30.s0.i0 1.000000 1.000226
DS2.d689.s0.i0 -1.000000 -0.733558
DS2.d688.s0.i0 1.000000 0.427179
DS2.d681.s0.i2 -1.000000 -0.855196
DS2.d681.s0.i3 -1.000000 -0.935174
DS2.d681.s0.i0 -1.000000 -0.935174
DS2.d681.s0.i1 -1.000000 -0.855196
DS2.d680.s0.i0 1.000000 0.568371
DS2.d683.s0.i0 1.000000 1.009907
DS2.d683.s0.i1 1.000000 0.993260
DS2.d683.s0.i2 1.000000 0.893799
DS2.d685.s0.i0 1.000000 0.872707
DS2.d685.s0.i1 1.000000 0.885878
DS2.d684.s1.i0 -1.000000 -0.324547
DS2.d684.s1.i1 -1.000000 -0.562497
DS2.d684.s1.i2 1.000000 0.255048
DS2.d684.s1.i3 1.000000 0.435949
DS2.d684.s0.i1 1.000000 0.124290
DS2.d684.s0.i0 -1.000000 0.132308
DS2.d687.s0.i0 1.000000 0.705554
DS2.d686.s1.i0 1.000000 0.901112
DS2.d686.s1.i1 1.000000 0.666988
DS2.d686.s0.i1 1.000000 0.988755
DS2.d686.s0.i0 1.000000 0.650373
DS2.d748.s0.i0 1.000000 0.811430
DS2.d749.s0.i3 -1.000000 -0.931227
DS2.d749.s0.i2 -1.000000 -0.969214
DS2.d749.s0.i1 -1.000000 -0.949129
DS2.d749.s0.i0 -1.000000 -0.853911
DS2.d28.s0.i2 1.000000 0.692892
DS2.d28.s0.i0 1.000000 0.836401
DS2.d28.s0.i1 1.000000 0.946069
DS2.d29.s0.i0 1.000000 0.990168
DS2.d449.s0.i0 1.000000 0.899488
DS2.d449.s0.i1 1.000000 0.906631
DS2.d20.s0.i0 -1.000000 -0.595867
DS2.d20.s1.i0 -1.000000 -0.709522
DS2.d21.s0.i0 -1.000000 -0.601779
DS2.d22.s0.i0 1.000000 1.085535
DS2.d880.s1.i0 -1.000000 -0.836421
DS2.d880.s0.i1 -1.000000 -1.065572
DS2.d880.s0.i0 -1.000000 -0.872469
DS2.d24.s0.i0 1.000000 0.792039
DS2.d24.s0.i1 -1.000000 -0.384179
DS2.d24.s1.i0 1.000000 0.747222
DS2.d24.s2.i0 -1.000000 -0.494978
DS2.d24.s3.i1 -1.000000 -0.232054
DS2.d24.s3.i0 1.000000 0.450679
DS2.d25.s0.i1 1.000000 0.913896
DS2.d25.s0.i0 1.000000 1.008906
DS2.d26.s0.i0 -1.000000 -0.811513
DS2.d26.s0.i1 -1.000000 -1.112581
DS2.d26.s0.i2 -1.000000 -1.018317
DS2.d26.s0.i3 -1.000000 -1.074624
DS2.d26.s0.i4 -1.000000 -1.002898
DS2.d26.s0.i5 -1.000000 -0.912239
DS2.d26.s0.i6 -1.000000 -0.900399
DS2.d26.s0.i7 -1.000000 -1.042810
DS2.d27.s0.i1 -1.000000 -0.785365
DS2.d27.s0.i0 -1.000000 -0.986340
DS2.d1061.s0.i0 1.000000 1.012291
DS2.d97.s0.i0 -1.000000 -0.939859
DS2.d97.s0.i1 -1.000000 -0.933561
DS2.d97.s0.i2 -1.000000 -0.702735
DS2.d731.s0.i0 1.000000 0.942028
DS2.d444.s1.i0 1.000000 0.823940
DS2.d444.s1.i1 1.000000 0.887629
DS2.d444.s0.i1 1.000000 0.761283
DS2.d444.s0.i0 1.000000 0.893095
DS2.d779.s0.i0 1.000000 0.183825
DS2.d778.s3.i0 1.000000 0.767243
DS2.d778.s2.i1 -1.000000 -0.550983
DS2.d778.s2.i0 -1.000000 -0.733280
DS2.d778.s1.i0 -1.000000 -0.863881
DS2.d778.s0.i0 1.000000 0.608422
DS2.d730.s0.i1 1.000000 0.688168
DS2.d730.s0.i0 1.000000 0.898906
DS2.d775.s0.i0 1.000000 0.989307
DS2.d775.s1.i0 1.000000 0.793855
DS2.d774.s2.i1 -1.000000 -0.850170
DS2.d774.s2.i0 -1.000000 -0.893819
DS2.d774.s1.i0 -1.000000 -0.823798
DS2.d774.s1.i1 -1.000000 -1.153752
DS2.d774.s1.i2 -1.000000 -0.753024
DS2.d774.s0.i1 -1.000000 -1.124448
DS2.d774.s0.i0 -1.000000 -1.126307
DS2.d777.s0.i0 1.000000 0.815579
DS2.d771.s0.i2 -1.000000 -0.925089
DS2.d771.s0.i3 -1.000000 -0.912949
DS2.d771.s0.i0 -1.000000 -0.737922
DS2.d771.s0.i1 -1.000000 -0.738798
DS2.d770.s1.i0 1.000000 0.861760
DS2.d770.s0.i0 1.000000 0.815971
DS2.d773.s0.i0 -1.000000 -0.891091
DS2.d773.s0.i1 -1.000000 -0.970025
DS2.d772.s1.i0 -1.000000 -0.819050
DS2.d772.s1.i1 -1.000000 -0.849168
DS2.d772.s0.i0 1.000000 0.962487
DS2.d674.s0.i2 -1.000000 -0.839399
DS2.d674.s0.i3 -1.000000 -1.028297
DS2.d674.s0.i0 -1.000000 -0.726229
DS2.d674.s0.i1 -1.000000 -0.939703
DS2.d675.s1.i0 -1.000000 -0.831859
DS2.d675.s0.i0 -1.000000 -0.453673
DS2.d676.s2.i0 1.000000 0.919249
DS2.d676.s3.i0 1.000000 0.871027
DS2.d676.s0.i0 1.000000 0.781374
DS2.d676.s1.i0 1.000000 0.937075
DS2.d676.s4.i0 1.000000 0.917230
DS2.d677.s0.i5 -1.000000 -0.775378
DS2.d677.s0.i4 -1.000000 -1.142821
DS2.d677.s0.i7 -1.000000 -0.955308
DS2.d677.s0.i6 -1.000000 -0.957906
DS2.d677.s0.i1 -1.000000 -0.905203
DS2.d677.s0.i0 -1.000000 -1.073184
DS2.d677.s0.i3 -1.000000 -0.762906
DS2.d677.s0.i2 -1.000000 -0.890016
DS2.d677.s0.i19 -1.000000 -1.038063
DS2.d677.s0.i18 -1.000000 -0.878083
DS2.d677.s0.i16 -1.000000 -1.079379
DS2.d677.s0.i9 -1.000000 -0.990899
DS2.d677.s0.i8 -1.000000 -1.232782
DS2.d677.s0.i17 -1.000000 -0.946528
DS2.d677.s0.i12 -1.000000 -0.957295
DS2.d677.s0.i15 -1.000000 -1.016518
DS2.d677.s0.i13 -1.000000 -0.762695
DS2.d677.s0.i10 -1.000000 -1.091879
DS2.d677.s0.i11 -1.000000 -1.222965
DS2.d677.s0.i14 -1.000000 -1.029911
DS2.d670.s0.i0 -1.000000 -0.535088
DS2.d670.s0.i1 -1.000000 -0.979427
DS2.d671.s1.i4 -1.000000 -0.793198
DS2.d671.s1.i5 -1.000000 -0.735505
DS2.d671.s1.i0 -1.000000 -1.044606
DS2.d671.s1.i1 -1.000000 -0.829301
DS2.d671.s1.i2 -1.000000 -0.873419
DS2.d671.s1.i3 1.000000 -0.003324
DS2.d671.s0.i0 1.000000 0.835119
DS2.d673.s1.i0 1.000000 0.812785
DS2.d673.s0.i0 1.000000 0.989307
DS2.d573.s0.i0 1.000000 1.169704
DS2.d573.s1.i0 1.000000 0.976427
DS2.d572.s0.i0 1.000000 1.107185
DS2.d571.s0.i0 1.000000 1.100480
DS2.d571.s1.i1 1.000000 0.965785
DS2.d571.s1.i0 1.000000 1.042512
DS2.d570.s0.i0 -1.000000 0.028078
DS2.d577.s0.i2 1.000000 0.989594
DS2.d577.s0.i0 1.000000 0.959743
DS2.d577.s0.i1 1.000000 0.907346
DS2.d576.s2.i0 1.000000 0.780993
DS2.d576.s1.i0 1.000000 0.836739
DS2.d576.s0.i0 1.000000 0.562676
DS2.d575.s0.i0 1.000000 0.761262
DS2.d575.s0.i1 1.000000 0.974836
DS2.d575.s0.i2 1.000000 0.766682
DS2.d575.s0.i3 1.000000 0.868727
DS2.d574.s0.i0 1.000000 0.665800
DS2.d739.s0.i0 1.000000 0.885303
DS2.d738.s0.i0 1.000000 0.678231
DS2.d362.s0.i0 1.000000 0.979032
DS2.d363.s0.i1 -1.000000 -0.657775
DS2.d363.s0.i0 -1.000000 -0.904865
DS2.d139.s0.i0 1.000000 0.307005
DS2.d139.s0.i1 -1.000000 -0.265777
DS2.d138.s0.i1 1.000000 0.874947
DS2.d138.s0.i0 1.000000 0.916799
DS2.d133.s0.i0 1.000000 1.036272
DS2.d133.s1.i0 1.000000 0.957483
DS2.d132.s0.i3 1.000000 0.964510
DS2.d132.s0.i2 1.000000 0.930571
DS2.d132.s0.i1 1.000000 0.813048
DS2.d132.s0.i0 1.000000 1.185198
DS2.d131.s0.i0 1.000000 0.744272
DS2.d130.s0.i1 -1.000000 -0.626900
DS2.d130.s0.i0 -1.000000 -0.605835
DS2.d137.s0.i2 -1.000000 -0.173606
DS2.d137.s0.i0 1.000000 0.524151
DS2.d137.s0.i1 1.000000 0.361545
DS2.d136.s0.i0 -1.000000 -0.865801
DS2.d135.s0.i0 1.000000 1.040308
DS2.d134.s1.i0 -1.000000 -0.258975
DS2.d134.s1.i1 1.000000 0.120336
DS2.d134.s0.i0 -1.000000 -0.618551
DS2.d134.s2.i0 -1.000000 -0.562585
DS2.d708.s0.i0 1.000000 0.243080
DS2.d708.s0.i1 1.000000 0.095153
DS2.d709.s1.i0 1.000000 0.997790
DS2.d709.s0.i0 1.000000 0.897227
DS2.d700.s0.i0 1.000000 0.735131
DS2.d701.s0.i0 1.000000 0.824209
DS2.d702.s0.i0 1.000000 0.837067
DS2.d703.s0.i0 -1.000000 -0.549136
DS2.d704.s0.i2 -1.000000 -1.125656
DS2.d704.s0.i0 -1.000000 -0.925055
DS2.d704.s0.i1 -1.000000 -1.074764
DS2.d705.s0.i0 -1.000000 -0.741678
DS2.d706.s0.i0 1.000000 0.863853
DS2.d707.s0.i0 1.000000 0.957445
DS2.d850.s0.i0 1.000000 0.222510
DS2.d850.s0.i1 -1.000000 0.122659
DS2.d851.s1.i0 1.000000 0.732417
DS2.d851.s0.i1 1.000000 0.919638
DS2.d851.s0.i0 1.000000 0.814258
DS2.d852.s0.i0 1.000000 0.656802
DS2.d852.s0.i1 1.000000 0.971819
DS2.d853.s1.i0 1.000000 0.982979
DS2.d853.s1.i1 1.000000 0.982979
DS2.d853.s0.i1 1.000000 0.921481
DS2.d853.s0.i0 1.000000 0.851562
DS2.d854.s0.i0 -1.000000 -0.793519
DS2.d855.s1.i0 1.000000 1.013487
DS2.d855.s0.i0 1.000000 0.796689
DS2.d856.s0.i0 1.000000 1.032839
DS2.d857.s1.i0 1.000000 1.106434
DS2.d857.s0.i0 1.000000 0.761002
DS2.d858.s0.i0 1.000000 0.646520
DS2.d858.s1.i0 1.000000 0.900240
DS2.d859.s0.i0 1.000000 0.509557
DS2.d1050.s0.i0 1.000000 0.755907
DS2.d1050.s1.i0 -1.000000 -0.732535
DS2.d1051.s0.i0 1.000000 1.070594
DS2.d1052.s0.i0 1.000000 0.745117
DS2.d1053.s0.i1 1.000000 1.095354
DS2.d1053.s0.i0 1.000000 1.036736
DS2.d1054.s0.i0 -1.000000 -0.765475
DS2.d283.s0.i0 -1.000000 -0.705877
DS2.d1056.s0.i0 1.000000 1.064868
DS2.d318.s0.i1 -1.000000 -1.038172
DS2.d318.s0.i0 -1.000000 -0.912760
DS2.d318.s0.i3 -1.000000 -0.912760
DS2.d318.s0.i2 -1.000000 -1.038172
DS2.d317.s0.i0 1.000000 0.558733
DS2.d317.s0.i1 -1.000000 0.119772
DS2.d316.s0.i0 -1.000000 -0.596006
DS2.d315.s0.i0 1.000000 1.028097
DS2.d314.s1.i0 -1.000000 -0.278671
DS2.d314.s0.i1 -1.000000 0.129788
DS2.d314.s0.i0 -1.000000 0.058570
DS2.d313.s0.i0 -1.000000 -0.689696
DS2.d313.s0.i1 -1.000000 -0.811900
DS2.d312.s0.i2 -1.000000 -0.955665
DS2.d312.s0.i1 -1.000000 -0.962741
DS2.d312.s0.i0 -1.000000 -0.975470
DS2.d311.s0.i0 -1.000000 -0.282521
DS2.d311.s0.i1 1.000000 0.426605
DS2.d310.s0.i1 -1.000000 -0.958894
DS2.d310.s0.i0 -1.000000 -0.980948
DS2.d310.s0.i3 -1.000000 -0.865233
DS2.d310.s0.i2 -1.000000 -0.858381
DS2.d256.s0.i0 1.000000 0.684898
DS2.d256.s0.i1 1.000000 0.864943
DS2.d257.s0.i3 1.000000 0.905235
DS2.d257.s0.i2 1.000000 0.997323
DS2.d257.s0.i1 1.000000 0.903048
DS2.d257.s0.i0 1.000000 0.799986
DS2.d254.s0.i0 -1.000000 -1.025825
DS2.d252.s0.i0 1.000000 0.869556
DS2.d252.s1.i0 1.000000 0.854310
DS2.d253.s0.i0 -1.000000 -0.764690
DS2.d250.s0.i0 1.000000 0.935292
DS2.d251.s0.i1 -1.000000 -0.754601
DS2.d251.s0.i0 -1.000000 -0.774458
DS2.d258.s0.i0 1.000000 0.601770
DS2.d259.s1.i2 1.000000 0.969403
DS2.d259.s1.i3 1.000000 1.054945
DS2.d259.s1.i0 1.000000 0.826239
DS2.d259.s1.i1 1.000000 0.967859
DS2.d259.s0.i0 1.000000 0.974417
DS2.d825.s0.i0 1.000000 0.990154
DS2.d825.s1.i1 -1.000000 -0.860151
DS2.d825.s1.i0 -1.000000 -0.833385
DS2.d825.s1.i2 -1.000000 -0.843099
DS2.d824.s0.i0 -1.000000 0.556066
DS2.d827.s0.i0 1.000000 1.015229
DS2.d826.s0.i5 -1.000000 -1.040027
DS2.d826.s0.i4 -1.000000 -0.920908
DS2.d826.s0.i7 -1.000000 -1.040749
DS2.d826.s0.i6 -1.000000 -0.802163
DS2.d826.s0.i1 -1.000000 -0.930706
DS2.d826.s0.i0 -1.000000 -0.975637
DS2.d826.s0.i3 -1.000000 -0.933954
DS2.d826.s0.i2 -1.000000 -0.982171
DS2.d826.s0.i10 -1.000000 -0.999130
DS2.d826.s0.i9 -1.000000 -1.082610
DS2.d826.s0.i8 -1.000000 -0.982008
DS2.d826.s0.i11 -1.000000 -1.107961
DS2.d826.s0.i12 -1.000000 -0.962921
DS2.d826.s0.i13 -1.000000 -0.932498
DS2.d821.s0.i0 1.000000 1.066325
DS2.d820.s0.i2 1.000000 0.981348
DS2.d820.s0.i1 1.000000 0.815808
DS2.d820.s0.i0 1.000000 0.808155
DS2.d823.s4.i0 -1.000000 -0.606168
DS2.d823.s4.i1 -1.000000 -0.672077
DS2.d823.s2.i0 1.000000 0.737555
DS2.d823.s3.i0 -1.000000 -0.497482
DS2.d823.s0.i0 1.000000 1.148731
DS2.d823.s0.i1 1.000000 0.972300
DS2.d823.s1.i1 1.000000 0.912366
DS2.d823.s1.i0 1.000000 0.921508
DS2.d822.s1.i0 1.000000 0.728023
DS2.d822.s0.i0 1.000000 0.880150
DS2.d818.s0.i0 1.000000 0.884046
DS2.d818.s0.i1 1.000000 0.991056
DS2.d829.s0.i0 1.000000 0.712162
DS2.d829.s0.i1 1.000000 1.096180
DS2.d828.s0.i1 -1.000000 -0.971604
DS2.d828.s0.i0 -1.000000 -1.027421
DS2.d819.s0.i1 1.000000 0.964004
DS2.d819.s0.i0 1.000000 0.974509
DS2.d658.s0.i0 1.000000 0.797560
DS2.d659.s0.i0 -1.000000 -0.793219
DS2.d561.s3.i0 -1.000000 -0.784539
DS2.d561.s3.i1 -1.000000 -0.910662
DS2.d561.s2.i0 -1.000000 -0.733899
DS2.d561.s1.i0 -1.000000 -0.853072
DS2.d561.s0.i0 -1.000000 -0.813679
DS2.d99.s0.i6 -1.000000 0.268977
DS2.d99.s0.i4 1.000000 0.318343
DS2.d99.s0.i5 -1.000000 0.293666
DS2.d99.s0.i2 1.000000 0.598661
DS2.d99.s0.i3 1.000000 0.557967
DS2.d99.s0.i0 1.000000 0.311704
DS2.d99.s0.i1 1.000000 0.301583
DS2.d98.s1.i0 1.000000 1.004226
DS2.d98.s0.i2 1.000000 1.072425
DS2.d98.s0.i1 1.000000 1.095216
DS2.d98.s0.i0 1.000000 0.767981
DS2.d403.s0.i0 -1.000000 -0.569563
DS2.d402.s0.i0 -1.000000 -0.680768
DS2.d401.s0.i0 -1.000000 -0.561868
DS2.d401.s1.i0 1.000000 0.642842
DS2.d400.s0.i5 -1.000000 -0.953913
DS2.d400.s0.i4 -1.000000 -1.002517
DS2.d400.s0.i7 -1.000000 -1.008239
DS2.d400.s0.i6 -1.000000 -0.950844
DS2.d400.s0.i1 -1.000000 -0.942070
DS2.d400.s0.i0 -1.000000 -1.017276
DS2.d400.s0.i3 -1.000000 -0.918414
DS2.d400.s0.i2 -1.000000 -0.999786
DS2.d407.s0.i0 1.000000 0.836251
DS2.d406.s2.i0 -1.000000 -0.188544
DS2.d406.s1.i0 -1.000000 -0.823803
DS2.d406.s0.i0 -1.000000 -0.750519
DS2.d405.s0.i0 1.000000 0.251230
DS2.d405.s0.i1 -1.000000 -0.256411
DS2.d405.s0.i2 -1.000000 -0.152291
DS2.d405.s0.i3 1.000000 0.416436
DS2.d404.s1.i0 1.000000 0.976903
DS2.d404.s0.i1 1.000000 -0.089736
DS2.d404.s0.i0 -1.000000 0.055576
DS2.d810.s0.i0 -1.000000 -0.771180
DS2.d409.s0.i0 1.000000 0.903567
DS2.d408.s0.i1 -1.000000 -0.693065
DS2.d408.s0.i0 -1.000000 -0.984379
DS2.d408.s0.i3 -1.000000 -0.861296
DS2.d408.s0.i2 -1.000000 -0.805756
DS2.d811.s0.i1 1.000000 0.849790
DS2.d811.s0.i0 1.000000 0.818764
DS2.d919.s0.i0 1.000000 1.018762
DS2.d918.s1.i0 1.000000 0.900404
DS2.d918.s0.i1 1.000000 0.796508
DS2.d918.s0.i0 1.000000 0.940581
DS2.d911.s0.i0 -1.000000 -1.038555
DS2.d910.s0.i1 1.000000 0.955706
DS2.d910.s0.i0 1.000000 0.823304
DS2.d913.s2.i0 1.000000 0.417501
DS2.d913.s0.i0 1.000000 0.930099
DS2.d913.s1.i0 1.000000 1.024773
DS2.d912.s0.i0 1.000000 0.353881
DS2.d914.s0.i0 -1.000000 -0.640536
DS2.d917.s0.i0 1.000000 0.949991
DS2.d917.s0.i1 1.000000 0.907038
DS2.d917.s0.i2 1.000000 0.934228
DS2.d916.s0.i0 1.000000 0.912980
DS2.d651.s0.i1 1.000000 0.901099
DS2.d651.s0.i0 1.000000 0.857115
DS2.d651.s0.i3 1.000000 0.859393
DS2.d651.s0.i2 1.000000 0.824386
DS2.d668.s0.i0 1.000000 1.062173
DS2.d91.s0.i0 1.000000 0.923307
DS2.d91.s1.i1 1.000000 0.588353
DS2.d91.s1.i0 1.000000 0.547187
DS2.d91.s2.i4 1.000000 0.935804
DS2.d91.s2.i0 1.000000 0.902397
DS2.d91.s2.i1 1.000000 0.937468
DS2.d91.s2.i2 1.000000 0.928850
DS2.d91.s2.i3 1.000000 0.838586
DS2.d90.s0.i2 1.000000 0.427126
DS2.d90.s0.i1 -1.000000 0.001356
DS2.d90.s0.i0 1.000000 0.459157
DS2.d93.s0.i0 1.000000 0.828315
DS2.d92.s0.i0 1.000000 0.952441
DS2.d498.s0.i0 -1.000000 -0.625735
DS2.d498.s0.i1 -1.000000 -0.879133
DS2.d498.s1.i1 -1.000000 -0.860720
DS2.d498.s1.i0 -1.000000 -0.917250
DS2.d499.s0.i3 -1.000000 -0.993640
DS2.d499.s0.i2 -1.000000 -0.941358
DS2.d499.s0.i1 -1.000000 -1.085288
DS2.d499.s0.i0 -1.000000 -1.020366
DS2.d537.s0.i0 1.000000 0.908390
DS2.d536.s0.i0 1.000000 0.914466
DS2.d535.s0.i0 -1.000000 -0.650813
DS2.d535.s0.i1 -1.000000 -0.532719
DS2.d534.s0.i0 -1.000000 -1.073408
DS2.d533.s0.i6 -1.000000 -0.927074
DS2.d533.s0.i7 -1.000000 -1.015371
DS2.d533.s0.i4 -1.000000 -0.912465
DS2.d533.s0.i5 -1.000000 -0.954575
DS2.d533.s0.i2 -1.000000 -1.016514
DS2.d533.s0.i3 -1.000000 -1.002143
DS2.d533.s0.i0 -1.000000 -0.988600
DS2.d533.s0.i1 -1.000000 -0.938722
DS2.d532.s1.i0 -1.000000 -0.821357
DS2.d532.s0.i0 1.000000 0.516244
DS2.d531.s0.i0 1.000000 0.334499
DS2.d531.s1.i0 1.000000 0.391661
DS2.d530.s1.i0 1.000000 0.914072
DS2.d530.s1.i1 1.000000 0.992388
DS2.d530.s0.i0 1.000000 0.884768
DS2.d530.s2.i1 1.000000 1.064482
DS2.d530.s2.i0 1.000000 1.080879
DS2.d539.s0.i0 1.000000 0.913454
DS2.d539.s0.i1 1.000000 0.870892
DS2.d538.s0.i0 -1.000000 -0.538590
DS2.d51.s0.i0 1.000000 0.819397
DS2.d51.s0.i1 1.000000 0.906112
DS2.d50.s0.i0 -1.000000 -0.707035
DS2.d53.s0.i0 1.000000 0.899754
DS2.d53.s0.i1 1.000000 0.884657
DS2.d53.s0.i2 1.000000 1.000476
DS2.d52.s1.i0 1.000000 0.803976
DS2.d52.s0.i1 -1.000000 -0.786491
DS2.d52.s0.i0 -1.000000 -0.852493
DS2.d54.s1.i0 1.000000 0.887862
DS2.d54.s0.i0 1.000000 0.908467
DS2.d57.s0.i0 1.000000 0.777085
DS2.d57.s0.i1 1.000000 0.905503
DS2.d56.s0.i1 1.000000 0.501183
DS2.d56.s0.i0 -1.000000 -0.234008
DS2.d56.s0.i3 -1.000000 -0.129284
DS2.d56.s0.i2 1.000000 0.367593
DS2.d56.s0.i4 1.000000 0.434245
DS2.d59.s0.i0 1.000000 0.883576
DS2.d59.s0.i1 1.000000 0.883576
DS2.d58.s0.i3 1.000000 0.941473
DS2.d58.s0.i2 1.000000 0.897682
DS2.d58.s0.i1 1.000000 0.960177
DS2.d58.s0.i0 1.000000 0.931570
DS2.d58.s0.i5 1.000000 0.967848
DS2.d58.s0.i4 1.000000 0.925757
DS2.d490.s0.i0 1.000000 0.938045
DS2.d490.s0.i1 1.000000 0.668257
DS2.d509.s0.i0 1.000000 0.854449
DS2.d491.s0.i2 1.000000 0.725843
DS2.d491.s0.i1 1.000000 0.666221
DS2.d491.s0.i0 1.000000 1.035362
DS2.d177.s0.i0 1.000000 0.970429
DS2.d177.s1.i5 1.000000 0.106951
DS2.d177.s1.i4 -1.000000 -0.460552
DS2.d177.s1.i1 -1.000000 -0.515133
DS2.d177.s1.i0 -1.000000 -0.444122
DS2.d177.s1.i3 1.000000 0.098558
DS2.d177.s1.i2 -1.000000 -0.431554
DS2.d177.s2.i0 -1.000000 -0.428568
DS2.d177.s3.i0 1.000000 0.467889
DS2.d177.s4.i0 1.000000 1.038811
DS2.d177.s4.i1 1.000000 0.919951
DS2.d176.s0.i0 -1.000000 -1.020104
DS2.d175.s0.i0 1.000000 0.810526
DS2.d174.s1.i2 1.000000 0.931834
DS2.d174.s1.i3 1.000000 0.880236
DS2.d174.s1.i0 1.000000 0.970442
DS2.d174.s1.i1 1.000000 0.860293
DS2.d174.s0.i1 1.000000 1.025128
DS2.d174.s0.i0 1.000000 0.893383
DS2.d173.s0.i0 -1.000000 -0.837018
DS2.d173.s0.i1 -1.000000 -0.994132
DS2.d172.s0.i0 -1.000000 -0.864210
DS2.d171.s0.i0 1.000000 0.791931
DS2.d171.s0.i1 1.000000 1.106299
DS2.d171.s1.i0 1.000000 0.818241
DS2.d170.s0.i1 1.000000 0.898159
DS2.d170.s0.i0 1.000000 0.856391
DS2.d179.s0.i0 -1.000000 -0.670248
DS2.d179.s1.i1 -1.000000 -0.566794
DS2.d179.s1.i0 -1.000000 -0.574236
DS2.d178.s1.i0 -1.000000 -0.362028
DS2.d178.s0.i1 -1.000000 -0.398588
DS2.d178.s0.i0 -1.000000 -0.443377
DS2.d744.s0.i0 1.000000 0.716623
DS2.d745.s0.i2 1.000000 0.840276
DS2.d745.s0.i1 1.000000 0.569226
DS2.d745.s0.i0 1.000000 1.395361
DS2.d629.s0.i0 1.000000 0.910660
DS2.d629.s0.i1 1.000000 0.933032
DS2.d628.s0.i0 1.000000 0.787597
DS2.d740.s0.i0 1.000000 0.462325
DS2.d741.s0.i0 1.000000 1.093732
DS2.d742.s0.i0 1.000000 0.957213
DS2.d742.s0.i1 1.000000 0.705070
DS2.d743.s0.i0 1.000000 0.776492
DS2.d623.s0.i0 1.000000 0.822628
DS2.d622.s4.i0 1.000000 0.423583
DS2.d622.s3.i0 1.000000 0.915896
DS2.d622.s2.i0 1.000000 0.739432
DS2.d622.s1.i0 1.000000 0.826563
DS2.d622.s1.i1 1.000000 0.813652
DS2.d622.s0.i0 1.000000 0.833996
DS2.d621.s0.i0 -1.000000 -0.893756
DS2.d621.s0.i1 -1.000000 -0.926278
DS2.d621.s0.i2 -1.000000 -0.954763
DS2.d621.s0.i3 -1.000000 -0.893756
DS2.d621.s1.i1 -1.000000 -0.870125
DS2.d621.s1.i0 -1.000000 -0.855658
DS2.d620.s0.i1 1.000000 0.417609
DS2.d620.s0.i0 -1.000000 -0.224584
DS2.d627.s0.i0 -1.000000 -0.758495
DS2.d627.s0.i1 -1.000000 -0.863886
DS2.d626.s0.i0 1.000000 0.916316
DS2.d625.s0.i0 1.000000 0.810285
DS2.d624.s0.i1 1.000000 0.513532
DS2.d624.s0.i0 -1.000000 0.056016
DS2.d624.s0.i2 1.000000 0.573681
DS2.d501.s1.i0 -1.000000 -0.800683
DS2.d501.s1.i1 -1.000000 -0.985078
DS2.d501.s0.i1 -1.000000 -1.118238
DS2.d501.s0.i0 -1.000000 -1.010984
DS2.d1018.s0.i0 1.000000 0.911180
DS2.d1019.s0.i0 1.000000 0.801368
DS2.d1014.s0.i0 -1.000000 -0.446024
DS2.d1014.s1.i0 1.000000 0.785789
DS2.d1014.s2.i0 1.000000 0.779882
DS2.d1015.s0.i3 1.000000 1.051014
DS2.d1015.s0.i2 1.000000 0.874475
DS2.d1015.s0.i1 1.000000 1.051014
DS2.d1015.s0.i0 1.000000 0.874475
DS2.d1015.s0.i5 1.000000 1.003246
DS2.d1015.s0.i4 1.000000 1.003246
DS2.d1016.s0.i0 1.000000 0.898804
DS2.d1010.s0.i0 -1.000000 0.519268
DS2.d1013.s1.i0 1.000000 0.784135
DS2.d1013.s0.i0 1.000000 0.547212
DS2.d212.s0.i2 -1.000000 -0.730738
DS2.d212.s0.i0 -1.000000 -0.533277
DS2.d212.s0.i1 1.000000 0.329947
DS2.d212.s1.i1 1.000000 1.078322
DS2.d212.s1.i0 1.000000 0.760327
DS2.d212.s1.i3 1.000000 0.905857
DS2.d212.s1.i2 1.000000 0.998313
DS2.d213.s0.i3 -1.000000 -1.011904
DS2.d213.s0.i2 -1.000000 -1.054831
DS2.d213.s0.i1 -1.000000 -0.850591
DS2.d213.s0.i0 -1.000000 -0.843090
DS2.d210.s2.i0 1.000000 0.778439
DS2.d210.s0.i0 1.000000 0.918149
DS2.d210.s0.i1 1.000000 0.987293
DS2.d210.s1.i0 1.000000 0.257979
DS2.d216.s0.i0 -1.000000 -0.632154
DS2.d217.s0.i5 -1.000000 -0.762672
DS2.d217.s0.i4 -1.000000 -0.772150
DS2.d217.s0.i3 -1.000000 -1.000146
DS2.d217.s0.i2 -1.000000 -1.025432
DS2.d217.s0.i1 -1.000000 -0.888687
DS2.d217.s0.i0 -1.000000 -0.958013
DS2.d214.s0.i0 1.000000 0.663029
DS2.d215.s0.i0 1.000000 0.854655
DS2.d218.s0.i0 -1.000000 -0.792200
DS2.d219.s0.i0 -1.000000 -1.000180
DS2.d567.s0.i0 -1.000000 -0.508807
DS2.d488.s0.i0 1.000000 0.985194
DS2.d920.s0.i0 -1.000000 -0.647363
DS2.d920.s0.i1 -1.000000 -1.017569
DS2.d921.s0.i0 1.000000 0.422080
DS2.d923.s1.i0 -1.000000 -1.121730
DS2.d923.s0.i0 -1.000000 0.231488
DS2.d924.s0.i0 -1.000000 -0.758352
DS2.d924.s0.i1 -1.000000 -0.779495
DS2.d926.s0.i0 -1.000000 -0.810565
DS2.d926.s0.i1 -1.000000 -0.810565
DS2.d927.s1.i0 1.000000 0.717169
DS2.d927.s0.i0 1.000000 0.847602
DS2.d928.s0.i0 -1.000000 -0.543763
DS2.d929.s0.i8 -1.000000 -0.871030
DS2.d929.s0.i3 -1.000000 -0.877231
DS2.d929.s0.i2 -1.000000 -0.987991
DS2.d929.s0.i1 -1.000000 -0.915640
DS2.d929.s0.i0 -1.000000 -0.924132
DS2.d929.s0.i7 -1.000000 -0.906072
DS2.d929.s0.i6 -1.000000 -1.050034
DS2.d929.s0.i5 -1.000000 -1.057343
DS2.d929.s0.i4 -1.000000 -1.012366
DS2.d885.s0.i0 -1.000000 -0.609250
DS2.d885.s1.i3 -1.000000 -0.962341
DS2.d885.s1.i2 -1.000000 -0.903837
DS2.d885.s1.i1 -1.000000 -0.853887
DS2.d885.s1.i0 -1.000000 -0.933114
DS2.d884.s1.i0 1.000000 0.654231
DS2.d884.s0.i1 1.000000 1.052292
DS2.d884.s0.i0 1.000000 0.991138
DS2.d884.s2.i1 1.000000 0.892614
DS2.d884.s2.i0 1.000000 0.954139
DS2.d883.s0.i0 -1.000000 -0.246743
DS2.d883.s0.i1 1.000000 0.472941
DS2.d882.s1.i0 -1.000000 -0.935187
DS2.d882.s1.i1 -1.000000 -0.996276
DS2.d882.s0.i0 1.000000 1.008458
DS2.d881.s0.i0 1.000000 0.504451
DS2.d881.s0.i1 1.000000 0.651126
DS2.d881.s0.i2 1.000000 0.470370
DS2.d881.s0.i3 -1.000000 0.220493
DS2.d448.s0.i0 1.000000 0.929891
DS2.d447.s0.i0 1.000000 0.692525
DS2.d447.s1.i0 1.000000 1.017548
DS2.d445.s0.i0 1.000000 0.733415
DS2.d1062.s0.i0 -1.000000 -0.640751
DS2.d1065.s0.i4 1.000000 0.983420
DS2.d1065.s0.i2 1.000000 0.836729
DS2.d1065.s0.i3 1.000000 0.931248
DS2.d1065.s0.i0 1.000000 0.905372
DS2.d1065.s0.i1 1.000000 0.908895
DS2.d442.s1.i0 1.000000 0.952439
DS2.d442.s0.i0 -1.000000 -0.690353
DS2.d441.s0.i0 1.000000 0.836100
DS2.d441.s1.i0 1.000000 0.773154
DS2.d888.s0.i0 1.000000 0.432953
DS2.d367.s0.i0 -1.000000 -0.691044
DS2.d364.s0.i0 -1.000000 -0.617109
DS2.d365.s0.i0 -1.000000 -0.342943
DS2.d289.s0.i0 1.000000 0.904849
DS2.d288.s0.i0 1.000000 1.209478
DS2.d360.s0.i0 1.000000 0.787182
DS2.d361.s0.i0 1.000000 0.913900
DS2.d285.s0.i0 1.000000 0.421600
DS2.d285.s1.i1 -1.000000 -1.104155
DS2.d285.s1.i0 -1.000000 -1.079579
DS2.d285.s1.i3 -1.000000 -0.991259
DS2.d285.s1.i2 -1.000000 -0.948638
DS2.d284.s0.i0 1.000000 0.864806
DS2.d287.s0.i0 1.000000 0.881223
DS2.d286.s1.i0 1.000000 0.865879
DS2.d286.s1.i1 1.000000 1.004811
DS2.d286.s0.i0 1.000000 0.754081
DS2.d280.s0.i1 1.000000 0.897509
DS2.d280.s0.i0 1.000000 0.897509
DS2.d368.s0.i0 -1.000000 -0.717661
DS2.d954.s0.i3 1.000000 0.941876
DS2.d954.s0.i2 1.000000 0.826842
DS2.d954.s0.i1 1.000000 1.059690
DS2.d954.s0.i0 1.000000 0.980700
DS2.d957.s0.i0 1.000000 0.932674
DS2.d957.s0.i1 1.000000 1.036925
DS2.d956.s0.i1 1.000000 1.064882
DS2.d956.s0.i0 1.000000 0.967919
DS2.d951.s0.i6 -1.000000 -1.038461
DS2.d951.s0.i7 -1.000000 -0.968444
DS2.d951.s0.i4 -1.000000 -0.915898
DS2.d951.s0.i5 -1.000000 -1.066726
DS2.d951.s0.i2 -1.000000 -1.025239
DS2.d951.s0.i3 -1.000000 -0.840561
DS2.d951.s0.i0 -1.000000 -1.092399
DS2.d951.s0.i1 -1.000000 -1.141554
DS2.d951.s0.i8 -1.000000 -1.063854
DS2.d951.s0.i9 -1.000000 -1.137367
DS2.d951.s1.i0 1.000000 0.748485
DS2.d950.s0.i1 -1.000000 -0.772156
DS2.d950.s0.i0 -1.000000 -0.916129
DS2.d953.s0.i0 -1.000000 -0.602935
DS2.d952.s0.i1 1.000000 1.007360
DS2.d952.s0.i0 1.000000 0.967445
DS2.d952.s0.i3 1.000000 0.831538
DS2.d952.s0.i2 1.000000 0.795877
DS2.d814.s0.i0 -1.000000 -0.873498
DS2.d814.s0.i1 -1.000000 -1.119142
DS2.d814.s1.i1 -1.000000 -1.062480
DS2.d814.s1.i0 -1.000000 -0.979983
DS2.d814.s1.i2 -1.000000 -1.143719
DS2.d814.s2.i0 -1.000000 -0.906776
DS2.d815.s0.i0 1.000000 0.791956
DS2.d816.s0.i0 1.000000 0.972522
DS2.d817.s0.i0 -1.000000 -0.768515
DS2.d959.s0.i0 -1.000000 -0.841370
DS2.d959.s0.i1 -1.000000 -0.853646
DS2.d958.s0.i1 1.000000 0.959251
DS2.d958.s0.i0 1.000000 0.952295
DS2.d812.s0.i0 -1.000000 -0.642843
DS2.d812.s0.i1 -1.000000 -0.764164
DS2.d812.s1.i3 1.000000 0.953629
DS2.d812.s1.i2 1.000000 0.957762
DS2.d812.s1.i1 1.000000 0.906953
DS2.d812.s1.i0 1.000000 0.995207
DS2.d813.s1.i0 -1.000000 -0.512917
DS2.d813.s0.i1 -1.000000 -0.682049
DS2.d813.s0.i0 -1.000000 -1.068040
DS2.d813.s0.i3 -1.000000 -0.980661
DS2.d813.s0.i2 -1.000000 -1.264168
DS2.d813.s2.i0 -1.000000 -0.672587
DS2.d125.s1.i0 -1.000000 -0.878034
DS2.d125.s1.i1 -1.000000 -0.792249
DS2.d125.s0.i1 -1.000000 -0.956673
DS2.d125.s0.i0 -1.000000 -0.887361
DS2.d1024.s0.i0 1.000000 1.189595
DS2.d440.s0.i1 -1.000000 -0.974025
DS2.d440.s0.i0 -1.000000 -0.975540
DS2.d440.s0.i3 -1.000000 -0.887324
DS2.d440.s0.i2 -1.000000 -0.983088
DS2.d1.s0.i0 1.000000 0.801186
DS2.d0.s1.i0 1.000000 0.947840
DS2.d0.s0.i0 1.000000 0.962855
DS2.d3.s0.i0 1.000000 0.846224
DS2.d2.s1.i0 1.000000 0.549550
DS2.d2.s0.i0 1.000000 0.824692
DS2.d5.s0.i0 1.000000 -0.043198
DS2.d4.s0.i3 -1.000000 -1.002554
DS2.d4.s0.i2 -1.000000 -0.958650
DS2.d4.s0.i1 -1.000000 -0.940534
DS2.d4.s0.i0 -1.000000 -1.065500
DS2.d7.s0.i0 -1.000000 -0.724719
DS2.d6.s0.i9 -1.000000 -0.908688
DS2.d6.s0.i8 -1.000000 -1.029358
DS2.d6.s0.i1 -1.000000 -0.944100
DS2.d6.s0.i0 -1.000000 -1.085627
DS2.d6.s0.i3 -1.000000 -1.013994
DS2.d6.s0.i2 -1.000000 -1.026843
DS2.d6.s0.i5 -1.000000 -0.955258
DS2.d6.s0.i4 -1.000000 -1.056687
DS2.d6.s0.i7 -1.000000 -0.924295
DS2.d6.s0.i6 -1.000000 -1.001241
DS2.d9.s0.i0 1.000000 1.029345
DS2.d9.s0.i1 1.000000 0.969352
DS2.d8.s0.i2 1.000000 0.370135
DS2.d8.s0.i1 1.000000 0.879786
DS2.d8.s0.i0 -1.000000 -0.347914
DS2.d943.s0.i3 1.000000 0.908889
DS2.d943.s0.i2 1.000000 0.903922
DS2.d943.s0.i1 1.000000 0.945310
DS2.d943.s0.i0 1.000000 0.866727
DS2.d780.s0.i0 1.000000 0.716427
DS2.d894.s0.i0 1.000000 0.590077
DS2.d782.s0.i0 -1.000000 -0.972350
DS2.d783.s1.i0 1.000000 0.784891
DS2.d783.s0.i0 1.000000 0.362119
DS2.d784.s0.i2 1.000000 0.924345
DS2.d784.s0.i0 1.000000 0.706446
DS2.d784.s0.i1 1.000000 0.977323
DS2.d785.s0.i0 1.000000 0.859561
DS2.d319.s0.i0 1.000000 0.835984
DS2.d895.s0.i0 1.000000 0.860454
DS2.d789.s0.i0 -1.000000 -0.779541
DS2.d896.s2.i0 1.000000 0.996261
DS2.d896.s2.i1 1.000000 0.996261
DS2.d896.s0.i4 1.000000 0.973088
DS2.d896.s0.i5 1.000000 0.906461
DS2.d896.s0.i6 1.000000 0.969775
DS2.d896.s0.i7 1.000000 1.043924
DS2.d896.s0.i0 1.000000 1.042402
DS2.d896.s0.i1 1.000000 1.050273
DS2.d896.s0.i2 1.000000 0.783351
DS2.d896.s0.i3 1.000000 0.857332
DS2.d896.s1.i1 1.000000 0.821548
DS2.d896.s1.i0 1.000000 0.934424
DS2.d667.s0.i0 1.000000 1.120370
DS2.d667.s0.i1 1.000000 1.009466
DS2.d666.s0.i1 -1.000000 -0.758630
DS2.d666.s0.i0 -1.000000 -0.733680
DS2.d665.s0.i0 1.000000 0.457430
DS2.d665.s1.i0 1.000000 1.440321
DS2.d897.s0.i0 1.000000 0.820406
DS2.d663.s0.i0 1.000000 0.957780
DS2.d663.s1.i1 1.000000 0.873446
DS2.d663.s1.i0 1.000000 0.901813
DS2.d663.s1.i2 1.000000 0.912509
DS2.d662.s0.i1 1.000000 0.727845
DS2.d662.s0.i0 1.000000 0.845660
DS2.d548.s0.i0 1.000000 0.773141
DS2.d548.s0.i1 1.000000 1.070777
DS2.d548.s0.i2 1.000000 0.913787
DS2.d548.s0.i3 1.000000 0.965796
DS2.d548.s0.i4 1.000000 0.871285
DS2.d548.s0.i5 1.000000 1.083102
DS2.d548.s0.i6 1.000000 0.971826
DS2.d548.s0.i7 1.000000 0.822375
DS2.d549.s1.i2 1.000000 0.821283
DS2.d549.s1.i3 1.000000 0.840467
DS2.d549.s1.i0 1.000000 1.090689
DS2.d549.s1.i1 1.000000 1.131042
DS2.d549.s0.i0 1.000000 0.791550
DS2.d890.s0.i0 1.000000 0.331475
DS2.d544.s0.i0 -1.000000 -0.068050
DS2.d544.s0.i1 -1.000000 -0.124793
DS2.d545.s0.i1 -1.000000 -0.743676
DS2.d545.s0.i0 -1.000000 -0.782881
DS2.d542.s0.i0 1.000000 0.730137
DS2.d543.s1.i0 1.000000 0.984094
DS2.d543.s1.i1 1.000000 0.984094
DS2.d543.s0.i0 1.000000 0.957584
DS2.d540.s0.i0 1.000000 1.026696
DS2.d891.s1.i0 -1.000000 -0.779056
DS2.d891.s1.i1 -1.000000 -0.974880
DS2.d891.s0.i1 1.000000 0.932967
DS2.d891.s0.i0 1.000000 0.877898
DS2.d892.s0.i0 -1.000000 -1.093051
DS2.d892.s0.i1 -1.000000 -0.976640
DS2.d892.s0.i2 -1.000000 -0.902866
DS2.d892.s0.i3 -1.000000 -0.983679
DS2.d892.s0.i4 -1.000000 -0.908240
DS2.d892.s0.i5 -1.000000 -0.953843
DS2.d892.s0.i6 -1.000000 -0.911194
DS2.d892.s0.i7 -1.000000 -1.094826
DS2.d892.s1.i2 -1.000000 -1.017767
DS2.d892.s1.i1 -1.000000 -0.812504
DS2.d892.s1.i0 -1.000000 -0.922801
DS2.d108.s0.i0 1.000000 0.404113
DS2.d109.s0.i0 -1.000000 -0.698214
DS2.d106.s0.i0 1.000000 0.061189
DS2.d107.s0.i1 1.000000 0.713717
DS2.d107.s0.i0 1.000000 0.742791
DS2.d104.s0.i4 -1.000000 -0.924719
DS2.d104.s0.i5 -1.000000 -0.778145
DS2.d104.s0.i0 -1.000000 -0.952491
DS2.d104.s0.i1 -1.000000 -1.002926
DS2.d104.s0.i2 -1.000000 -1.099333
DS2.d104.s0.i3 -1.000000 -0.841024
DS2.d104.s1.i7 -1.000000 -1.068829
DS2.d104.s1.i6 -1.000000 -0.847181
DS2.d104.s1.i5 -1.000000 -1.169456
DS2.d104.s1.i4 -1.000000 -1.019282
DS2.d104.s1.i3 -1.000000 -0.829727
DS2.d104.s1.i2 -1.000000 -0.961256
DS2.d104.s1.i1 -1.000000 -1.014663
DS2.d104.s1.i0 -1.000000 -0.997830
DS2.d105.s0.i1 -1.000000 -0.932632
DS2.d105.s0.i0 -1.000000 -0.927163
DS2.d102.s0.i0 1.000000 1.090861
DS2.d103.s0.i1 -1.000000 -0.869793
DS2.d103.s0.i0 -1.000000 -0.829874
DS2.d100.s0.i0 -1.000000 -0.836680
DS2.d100.s0.i1 -1.000000 -0.954134
DS2.d100.s0.i2 -1.000000 -1.084590
DS2.d101.s1.i0 1.000000 0.806294
DS2.d101.s0.i0 1.000000 0.968275
DS2.d15.s0.i0 -1.000000 -0.830434
DS2.d15.s1.i0 1.000000 -0.013549
DS2.d15.s2.i0 -1.000000 -0.725390
DS2.d14.s0.i0 1.000000 0.962897
DS2.d719.s0.i0 1.000000 0.944221
DS2.d719.s1.i0 -1.000000 -0.427645
DS2.d16.s1.i2 1.000000 0.911412
DS2.d16.s1.i0 1.000000 0.873585
DS2.d16.s1.i1 1.000000 0.989529
DS2.d16.s0.i0 -1.000000 -0.663774
DS2.d11.s0.i0 1.000000 0.661048
DS2.d11.s1.i0 1.000000 1.166587
DS2.d10.s0.i1 1.000000 0.805154
DS2.d10.s0.i0 1.000000 0.788997
DS2.d13.s0.i0 -1.000000 -0.216526
DS2.d13.s0.i1 1.000000 0.449104
DS2.d13.s0.i2 -1.000000 -0.197726
DS2.d13.s0.i3 1.000000 0.379236
DS2.d13.s1.i0 -1.000000 -0.833671
DS2.d12.s1.i2 -1.000000 -0.909518
DS2.d12.s1.i3 -1.000000 -0.813135
DS2.d12.s1.i0 -1.000000 -0.983249
DS2.d12.s1.i1 -1.000000 -1.048647
DS2.d12.s0.i1 -1.000000 -0.877060
DS2.d12.s0.i0 -1.000000 -1.028853
DS2.d12.s0.i3 -1.000000 -1.055937
DS2.d12.s0.i2 -1.000000 -1.037028
DS2.d713.s0.i0 1.000000 0.433358
DS2.d713.s0.i1 -1.000000 -0.172263
DS2.d713.s1.i0 -1.000000 0.285311
DS2.d712.s0.i9 1.000000 0.884685
DS2.d712.s0.i8 1.000000 0.888853
DS2.d712.s0.i3 1.000000 0.929751
DS2.d712.s0.i2 1.000000 0.928143
DS2.d712.s0.i1 1.000000 1.047709
DS2.d712.s0.i0 1.000000 0.816940
DS2.d712.s0.i7 1.000000 0.975361
DS2.d712.s0.i6 1.000000 1.072961
DS2.d712.s0.i5 1.000000 0.845613
DS2.d712.s0.i4 1.000000 0.845834
DS2.d711.s0.i0 1.000000 0.940432
DS2.d711.s0.i1 1.000000 0.830962
DS2.d710.s0.i1 1.000000 0.900975
DS2.d710.s0.i0 1.000000 0.906366
DS2.d717.s0.i0 1.000000 0.847444
DS2.d717.s0.i1 1.000000 0.881533
DS2.d18.s0.i2 1.000000 1.023457
DS2.d18.s0.i1 1.000000 1.038668
DS2.d18.s0.i0 1.000000 0.733615
DS2.d715.s0.i0 1.000000 1.108919
DS2.d715.s0.i1 1.000000 0.899966
DS2.d714.s1.i0 1.000000 0.960727
DS2.d714.s0.i0 1.000000 -0.050149
DS2.d843.s0.i0 -1.000000 -0.767684
DS2.d843.s1.i0 -1.000000 -1.041891
DS2.d842.s0.i1 -1.000000 -0.883988
DS2.d842.s0.i0 -1.000000 -0.854488
DS2.d841.s0.i0 1.000000 0.872967
DS2.d840.s0.i1 -1.000000 -0.943198
DS2.d840.s0.i0 -1.000000 -1.002839
DS2.d847.s0.i0 1.000000 -0.189140
DS2.d847.s0.i1 -1.000000 -0.469465
DS2.d846.s1.i0 -1.000000 -0.761162
DS2.d846.s1.i1 -1.000000 -0.757593
DS2.d846.s0.i11 1.000000 1.013766
DS2.d846.s0.i10 1.000000 0.924180
DS2.d846.s0.i9 1.000000 0.996646
DS2.d846.s0.i8 1.000000 0.965904
DS2.d846.s0.i7 1.000000 0.885858
DS2.d846.s0.i6 1.000000 0.947401
DS2.d846.s0.i5 1.000000 0.895485
DS2.d846.s0.i4 1.000000 0.929989
DS2.d846.s0.i3 1.000000 0.971792
DS2.d846.s0.i2 1.000000 0.959472
DS2.d846.s0.i1 1.000000 1.015268
DS2.d846.s0.i0 1.000000 0.954725
DS2.d845.s0.i0 -1.000000 -0.790154
DS2.d845.s0.i1 -1.000000 -0.736414
DS2.d845.s0.i2 -1.000000 -0.802425
DS2.d845.s0.i3 -1.000000 -0.696947
DS2.d844.s0.i1 -1.000000 -0.743566
DS2.d844.s0.i0 -1.000000 -0.813263
DS2.d849.s0.i0 -1.000000 -0.835979
DS2.d848.s1.i2 1.000000 1.016030
DS2.d848.s1.i0 1.000000 0.907894
DS2.d848.s1.i1 1.000000 0.972261
DS2.d848.s0.i0 1.000000 0.693302
DS2.d351.s0.i0 -1.000000 -0.679346
DS2.d351.s1.i0 -1.000000 -0.608839
DS2.d1025.s0.i0 1.000000 0.991061
DS2.d1025.s0.i1 1.000000 0.925649
DS2.d1025.s1.i1 1.000000 0.871944
DS2.d1025.s1.i0 1.000000 0.770904
DS2.d323.s0.i0 -1.000000 -0.724808
DS2.d320.s0.i0 1.000000 0.016800
DS2.d321.s0.i0 1.000000 0.637316
DS2.d326.s0.i0 1.000000 0.739443
DS2.d326.s1.i1 1.000000 0.934885
DS2.d326.s1.i0 1.000000 0.751371
DS2.d1020.s0.i0 1.000000 0.835242
DS2.d324.s0.i0 1.000000 0.749190
DS2.d324.s0.i1 1.000000 0.989147
DS2.d324.s0.i2 1.000000 0.925328
DS2.d325.s1.i0 -1.000000 -0.837242
DS2.d325.s1.i1 -1.000000 -0.984422
DS2.d325.s0.i1 -1.000000 -0.462950
DS2.d325.s0.i0 -1.000000 -0.605329
DS2.d325.s0.i3 1.000000 0.492267
DS2.d325.s0.i2 1.000000 0.505689
DS2.d325.s2.i2 -1.000000 -0.984208
DS2.d325.s2.i1 -1.000000 -0.793014
DS2.d325.s2.i0 -1.000000 -0.901224
DS2.d241.s0.i0 1.000000 0.955253
DS2.d241.s1.i0 1.000000 0.772789
DS2.d240.s0.i3 -1.000000 -0.827865
DS2.d240.s0.i2 -1.000000 -0.995465
DS2.d240.s0.i1 -1.000000 -1.000694
DS2.d240.s0.i0 -1.000000 -0.991639
DS2.d328.s0.i0 1.000000 0.703323
DS2.d329.s0.i1 1.000000 0.870489
DS2.d329.s0.i0 1.000000 0.945862
DS2.d329.s0.i2 1.000000 0.921714
DS2.d1029.s0.i4 -1.000000 -0.910144
DS2.d1029.s0.i5 -1.000000 -0.912092
DS2.d1029.s0.i2 -1.000000 -0.918647
DS2.d1029.s0.i3 -1.000000 -0.971595
DS2.d1029.s0.i0 -1.000000 -0.983617
DS2.d1029.s0.i1 -1.000000 -0.994683
DS2.d244.s1.i0 -1.000000 -0.638119
DS2.d244.s0.i0 -1.000000 -0.670774
DS2.d247.s0.i0 -1.000000 -0.604054
DS2.d246.s0.i1 -1.000000 -0.869091
DS2.d246.s0.i0 -1.000000 -0.745923
DS2.d591.s0.i0 1.000000 0.853064
DS2.d591.s1.i0 1.000000 0.803099
DS2.d486.s0.i0 -1.000000 -0.593516
DS2.d308.s0.i0 1.000000 0.912091
DS2.d308.s0.i1 1.000000 0.883154
DS2.d308.s1.i0 1.000000 0.908908
DS2.d359.s0.i0 1.000000 0.790183
DS2.d590.s0.i5 -1.000000 -0.588759
DS2.d590.s0.i4 1.000000 0.140685
DS2.d590.s0.i3 -1.000000 -0.699369
DS2.d590.s0.i2 1.000000 0.258766
DS2.d590.s0.i1 -1.000000 -0.666322
DS2.d590.s0.i0 -1.000000 -0.621666
DS2.d358.s0.i0 1.000000 0.897871
DS2.d463.s0.i0 1.000000 0.346634
DS2.d301.s0.i0 -1.000000 -0.777722
DS2.d304.s0.i0 -1.000000 -0.687893
DS2.d898.s0.i0 1.000000 0.689975
DS2.d898.s0.i1 1.000000 1.107522
DS2.d305.s2.i1 1.000000 0.829530
DS2.d305.s2.i0 1.000000 0.681646
DS2.d305.s1.i0 -1.000000 -0.768126
DS2.d305.s0.i3 1.000000 0.839600
DS2.d305.s0.i2 1.000000 0.842353
DS2.d305.s0.i1 1.000000 0.856484
DS2.d305.s0.i0 1.000000 0.880140
DS2.d306.s0.i0 -1.000000 0.352878
DS2.d437.s1.i0 1.000000 0.986654
DS2.d437.s0.i0 1.000000 0.970573
DS2.d434.s0.i0 1.000000 0.623902
DS2.d434.s0.i1 1.000000 0.603328
DS2.d434.s0.i2 -1.000000 0.466606
DS2.d434.s0.i3 1.000000 0.480624
DS2.d435.s0.i11 1.000000 0.967929
DS2.d435.s0.i10 1.000000 0.970015
DS2.d435.s0.i12 1.000000 0.954494
DS2.d435.s0.i13 1.000000 0.939358
DS2.d435.s0.i5 1.000000 0.961400
DS2.d435.s0.i4 1.000000 0.966257
DS2.d435.s0.i7 1.000000 0.957366
DS2.d435.s0.i6 1.000000 0.945708
DS2.d435.s0.i1 1.000000 1.053496
DS2.d435.s0.i0 1.000000 0.955142
DS2.d435.s0.i3 1.000000 0.950676
DS2.d435.s0.i2 1.000000 0.952165
DS2.d435.s0.i15 1.000000 0.972805
DS2.d435.s0.i9 1.000000 1.027858
DS2.d435.s0.i8 1.000000 1.010412
DS2.d435.s0.i14 1.000000 1.027665
DS2.d432.s0.i0 -1.000000 0.016449
DS2.d432.s0.i1 1.000000 0.258728
DS2.d432.s1.i1 1.000000 0.976252
DS2.d432.s1.i0 1.000000 0.692960
DS2.d433.s0.i1 -1.000000 -0.788997
DS2.d433.s0.i0 -1.000000 -0.921301
DS2.d431.s0.i0 1.000000 0.521112
DS2.d469.s0.i4 -1.000000 -0.532079
DS2.d469.s0.i2 1.000000 0.258750
DS2.d469.s0.i3 1.000000 0.258750
DS2.d469.s0.i0 -1.000000 -0.532079
DS2.d469.s0.i1 -1.000000 -0.532079
DS2.d438.s0.i0 -1.000000 -0.681895
DS2.d439.s0.i0 -1.000000 -0.478554
DS2.d899.s0.i0 1.000000 0.772812
DS2.d968.s0.i0 1.000000 0.182778
DS2.d969.s0.i1 -1.000000 -0.729561
DS2.d969.s0.i0 -1.000000 -0.749392
DS2.d964.s0.i2 1.000000 0.938145
DS2.d964.s0.i3 1.000000 0.884028
DS2.d964.s0.i0 1.000000 0.917326
DS2.d964.s0.i1 1.000000 0.921418
DS2.d964.s1.i1 1.000000 0.854049
DS2.d964.s1.i0 1.000000 1.032489
DS2.d965.s0.i0 -1.000000 0.218046
DS2.d966.s0.i0 1.000000 0.548781
DS2.d967.s0.i1 1.000000 0.751089
DS2.d967.s0.i0 1.000000 0.975911
DS2.d960.s0.i0 -1.000000 -0.844813
DS2.d961.s0.i1 -1.000000 -0.811465
DS2.d961.s0.i0 -1.000000 -0.857847
DS2.d962.s0.i0 -1.000000 -0.727227
DS2.d963.s0.i1 -1.000000 -0.917670
DS2.d963.s0.i0 -1.000000 -0.952425
DS2.d938.s1.i0 1.000000 0.692179
DS2.d938.s0.i0 1.000000 1.112828
DS2.d938.s2.i0 -1.000000 -0.722765
DS2.d618.s0.i0 1.000000 1.253332
DS2.d781.s0.i1 1.000000 0.842872
DS2.d781.s0.i0 1.000000 0.959867
DS2.d619.s0.i0 1.000000 0.977762
DS2.d948.s0.i0 1.000000 0.864450
DS2.d335.s0.i0 1.000000 0.583399
DS2.d508.s0.i4 1.000000 1.002118
DS2.d508.s0.i5 1.000000 0.941309
DS2.d508.s0.i0 1.000000 0.923190
DS2.d508.s0.i1 1.000000 0.960459
DS2.d508.s0.i2 1.000000 0.881574
DS2.d508.s0.i3 1.000000 1.007989
DS2.d508.s1.i1 -1.000000 -0.674047
DS2.d508.s1.i0 -1.000000 -1.046841
DS2.d949.s1.i2 1.000000 0.494369
DS2.d949.s1.i0 -1.000000 -0.065494
DS2.d949.s1.i1 1.000000 0.386145
DS2.d949.s0.i1 1.000000 0.480754
DS2.d949.s0.i0 -1.000000 -0.081944
DS2.d949.s0.i2 1.000000 0.429970
DS2.d949.s3.i0 -1.000000 -0.528484
DS2.d949.s2.i0 1.000000 0.823396
DS2.d786.s0.i0 1.000000 0.966941
DS2.d786.s1.i0 1.000000 0.850759
DS2.d334.s0.i0 -1.000000 -0.683699
DS2.d502.s0.i0 1.000000 0.738141
DS2.d502.s0.i1 1.000000 0.808625
DS2.d502.s1.i1 -1.000000 -0.963417
DS2.d502.s1.i0 -1.000000 -0.943150
DS2.d503.s0.i0 1.000000 1.349211
DS2.d500.s0.i0 -1.000000 -0.541035
DS2.d500.s0.i1 -1.000000 -0.569045
DS2.d500.s0.i2 -1.000000 -0.657429
DS2.d787.s1.i0 1.000000 0.694249
DS2.d787.s0.i1 1.000000 0.917416
DS2.d787.s0.i0 1.000000 1.102767
DS2.d787.s0.i3 1.000000 0.803532
DS2.d787.s0.i2 1.000000 1.201413
DS2.d506.s0.i0 -1.000000 -0.894029
DS2.d507.s0.i0 -1.000000 -0.718728
DS2.d504.s0.i0 -1.000000 -0.457165
DS2.d505.s4.i0 1.000000 0.554607
DS2.d505.s1.i0 1.000000 0.812000
DS2.d505.s0.i0 1.000000 0.762890
DS2.d505.s3.i0 1.000000 0.983665
DS2.d505.s2.i0 1.000000 1.199954
DS2.d336.s0.i1 -1.000000 -1.074207
DS2.d336.s0.i0 -1.000000 -0.971691
DS2.d336.s0.i3 -1.000000 -1.056012
DS2.d336.s0.i2 -1.000000 -0.946062
DS2.d1021.s0.i4 -1.000000 -0.752364
DS2.d1021.s0.i5 -1.000000 -0.719141
DS2.d1021.s0.i2 -1.000000 -0.889004
DS2.d1021.s0.i3 1.000000 0.234121
DS2.d1021.s0.i0 1.000000 0.322065
DS2.d1021.s0.i1 -1.000000 0.142595
DS2.d610.s0.i0 1.000000 0.496856
DS2.d610.s1.i1 1.000000 0.954265
DS2.d610.s1.i0 1.000000 0.785591
DS2.d611.s0.i0 1.000000 1.083677
DS2.d239.s0.i0 1.000000 0.981820
DS2.d333.s0.i0 1.000000 0.371699
DS2.d333.s0.i1 1.000000 0.583508
DS2.d333.s0.i2 -1.000000 -0.159275
DS2.d333.s1.i0 1.000000 0.765673
DS2.d48.s0.i0 1.000000 1.074282
DS2.d48.s1.i0 1.000000 1.053302
DS2.d49.s1.i0 1.000000 0.815819
DS2.d49.s0.i0 1.000000 0.868502
DS2.d46.s0.i2 -1.000000 -0.790788
DS2.d46.s0.i0 -1.000000 -1.033219
DS2.d46.s0.i1 -1.000000 -1.032274
DS2.d47.s0.i2 -1.000000 -1.025123
DS2.d47.s0.i1 -1.000000 -0.751712
DS2.d47.s0.i0 -1.000000 -0.841856
DS2.d44.s0.i0 -1.000000 -0.625967
DS2.d44.s1.i0 -1.000000 -0.710713
DS2.d45.s0.i1 -1.000000 -0.936473
DS2.d45.s0.i0 -1.000000 -0.792906
DS2.d45.s0.i3 -1.000000 -0.857893
DS2.d45.s0.i2 -1.000000 -0.879327
DS2.d42.s0.i10 -1.000000 -0.984815
DS2.d42.s0.i11 -1.000000 -0.925267
DS2.d42.s0.i6 -1.000000 -0.973088
DS2.d42.s0.i7 -1.000000 -1.029756
DS2.d42.s0.i4 -1.000000 -1.079547
DS2.d42.s0.i5 -1.000000 -1.030277
DS2.d42.s0.i2 -1.000000 -0.796420
DS2.d42.s0.i3 -1.000000 -0.906653
DS2.d42.s0.i0 -1.000000 -1.009250
DS2.d42.s0.i1 -1.000000 -0.828217
DS2.d42.s0.i8 -1.000000 -0.987076
DS2.d42.s0.i9 -1.000000 -0.946922
DS2.d43.s2.i0 1.000000 0.998532
DS2.d43.s1.i0 1.000000 1.086471
DS2.d43.s0.i1 1.000000 1.144462
DS2.d43.s0.i0 1.000000 1.017134
DS2.d40.s0.i0 -1.000000 -0.743523
DS2.d41.s1.i0 1.000000 1.114092
DS2.d41.s0.i0 1.000000 0.998955
DS2.d41.s2.i0 1.000000 1.033044
DS2.d148.s0.i0 -1.000000 -0.870119
DS2.d148.s0.i1 -1.000000 -0.803203
DS2.d149.s0.i0 1.000000 0.440338
DS2.d142.s0.i2 1.000000 0.922182
DS2.d142.s0.i3 1.000000 1.026099
DS2.d142.s0.i0 1.000000 1.029814
DS2.d142.s0.i1 1.000000 1.017627
DS2.d142.s1.i0 1.000000 0.474587
DS2.d143.s0.i0 1.000000 0.900535
DS2.d140.s2.i0 1.000000 0.834883
DS2.d140.s3.i1 1.000000 0.896481
DS2.d140.s3.i0 1.000000 0.959429
DS2.d140.s0.i4 1.000000 1.189269
DS2.d140.s0.i5 1.000000 1.181169
DS2.d140.s0.i0 1.000000 0.890192
DS2.d140.s0.i1 1.000000 0.878615
DS2.d140.s0.i2 1.000000 0.890192
DS2.d140.s0.i3 1.000000 0.878615
DS2.d140.s1.i1 1.000000 0.980091
DS2.d140.s1.i0 1.000000 1.043742
DS2.d140.s4.i0 1.000000 1.159424
DS2.d140.s4.i1 1.000000 1.108827
DS2.d140.s4.i2 1.000000 0.969445
DS2.d140.s4.i3 1.000000 0.998169
DS2.d140.s4.i4 1.000000 1.203291
DS2.d140.s4.i5 1.000000 0.548435
DS2.d140.s4.i6 1.000000 1.072381
DS2.d140.s4.i7 1.000000 1.043019
DS2.d141.s1.i0 -1.000000 -0.754771
DS2.d141.s0.i0 -1.000000 -0.720409
DS2.d146.s0.i0 -1.000000 -0.723710
DS2.d146.s0.i1 -1.000000 -0.852668
DS2.d147.s0.i0 1.000000 0.861172
DS2.d144.s0.i0 1.000000 1.066739
DS2.d145.s1.i2 -1.000000 -0.780780
DS2.d145.s1.i0 -1.000000 -0.995990
DS2.d145.s1.i1 -1.000000 -0.891684
DS2.d145.s0.i1 -1.000000 0.051692
DS2.d145.s0.i0 1.000000 0.380447
DS2.d145.s0.i2 1.000000 0.388589
DS2.d230.s0.i0 1.000000 0.956049
DS2.d231.s0.i22 -1.000000 -0.979521
DS2.d231.s0.i23 -1.000000 -1.091427
DS2.d231.s0.i20 -1.000000 -1.040601
DS2.d231.s0.i21 -1.000000 -1.198859
DS2.d231.s0.i7 -1.000000 -1.048625
DS2.d231.s0.i6 -1.000000 -1.104929
DS2.d231.s0.i5 -1.000000 -0.919730
DS2.d231.s0.i4 -1.000000 -1.080494
DS2.d231.s0.i3 -1.000000 -0.977058
DS2.d231.s0.i2 -1.000000 -0.901961
DS2.d231.s0.i1 -1.000000 -0.976479
DS2.d231.s0.i0 -1.000000 -0.959401
DS2.d231.s0.i9 -1.000000 -0.985570
DS2.d231.s0.i8 -1.000000 -0.993574
DS2.d231.s0.i17 -1.000000 -0.667751
DS2.d231.s0.i16 -1.000000 -1.006811
DS2.d231.s0.i15 -1.000000 -0.914473
DS2.d231.s0.i14 -1.000000 -0.872835
DS2.d231.s0.i13 -1.000000 -1.203199
DS2.d231.s0.i12 -1.000000 -0.839300
DS2.d231.s0.i11 -1.000000 -1.066175
DS2.d231.s0.i10 -1.000000 -0.818491
DS2.d231.s0.i19 -1.000000 -0.918336
DS2.d231.s0.i18 -1.000000 -1.214781
DS2.d757.s0.i0 -1.000000 -1.005735
DS2.d757.s0.i1 -1.000000 -1.151865
DS2.d757.s1.i1 -1.000000 -0.873690
DS2.d757.s1.i0 -1.000000 -0.909350
DS2.d757.s2.i0 -1.000000 -1.053935
DS2.d757.s2.i1 -1.000000 -1.087107
DS2.d757.s3.i1 -1.000000 -0.899059
DS2.d757.s3.i0 -1.000000 -0.966350
DS2.d756.s0.i2 -1.000000 -1.069805
DS2.d756.s0.i1 -1.000000 -0.905091
DS2.d756.s0.i0 -1.000000 -1.007655
DS2.d755.s0.i0 1.000000 0.834943
DS2.d755.s0.i1 1.000000 1.024565
DS2.d754.s1.i0 1.000000 0.794793
DS2.d754.s0.i1 1.000000 0.930054
DS2.d754.s0.i0 1.000000 0.930054
DS2.d753.s0.i0 1.000000 0.835092
DS2.d752.s0.i1 1.000000 0.866496
DS2.d752.s0.i0 1.000000 0.766282
DS2.d751.s0.i0 1.000000 1.023211
DS2.d751.s0.i1 1.000000 0.971788
DS2.d751.s0.i2 1.000000 0.964179
DS2.d751.s0.i3 1.000000 1.108046
DS2.d751.s0.i4 1.000000 0.902445
DS2.d751.s0.i5 1.000000 1.048221
DS2.d751.s0.i6 1.000000 0.945961
DS2.d751.s0.i7 1.000000 0.884307
DS2.d750.s1.i0 1.000000 0.839366
DS2.d750.s0.i1 1.000000 0.929434
DS2.d750.s0.i0 1.000000 1.037400
DS2.d750.s2.i1 1.000000 0.845704
DS2.d750.s2.i0 1.000000 0.971671
DS2.d616.s0.i0 1.000000 0.743140
DS2.d616.s0.i1 1.000000 0.978981
DS2.d617.s0.i1 1.000000 0.908090
DS2.d617.s0.i0 1.000000 0.989760
DS2.d614.s0.i0 -1.000000 -0.916619
DS2.d614.s0.i1 -1.000000 -0.708492
DS2.d615.s0.i0 1.000000 -0.220122
DS2.d613.s0.i1 -1.000000 -0.067189
DS2.d613.s0.i0 1.000000 0.374836
DS2.d759.s0.i0 1.000000 0.761410
DS2.d759.s0.i1 1.000000 1.073383
DS2.d758.s0.i0 -1.000000 -0.658824
DS2.d661.s0.i0 -1.000000 -0.725041
DS2.d660.s0.i0 -1.000000 -0.609286
DS2.d205.s0.i0 1.000000 0.814608
DS2.d205.s1.i0 1.000000 -0.406572
DS2.d205.s2.i0 -1.000000 -0.952393
DS2.d204.s1.i0 -1.000000 -0.702717
DS2.d204.s0.i0 -1.000000 -0.743517
DS2.d599.s0.i2 -1.000000 -1.007986
DS2.d599.s0.i0 -1.000000 -0.923097
DS2.d599.s0.i1 -1.000000 -0.937253
DS2.d201.s0.i11 -1.000000 -0.463746
DS2.d201.s0.i6 1.000000 0.632047
DS2.d201.s0.i7 -1.000000 -0.545591
DS2.d201.s0.i4 1.000000 0.405951
DS2.d201.s0.i5 -1.000000 -0.507661
DS2.d201.s0.i2 -1.000000 -0.646370
DS2.d201.s0.i3 1.000000 0.740079
DS2.d201.s0.i0 1.000000 0.306575
DS2.d201.s0.i1 -1.000000 -0.379643
DS2.d201.s0.i10 -1.000000 -0.691494
DS2.d201.s0.i8 1.000000 0.351041
DS2.d201.s0.i9 1.000000 0.795217
DS2.d201.s1.i1 1.000000 0.657022
DS2.d201.s1.i0 1.000000 0.460864
DS2.d201.s1.i2 -1.000000 0.288745
DS2.d200.s1.i0 -1.000000 -0.841037
DS2.d200.s0.i0 1.000000 1.094425
DS2.d547.s1.i0 -1.000000 -1.059902
DS2.d547.s0.i0 1.000000 1.010429
DS2.d209.s0.i0 -1.000000 -0.611692
DS2.d208.s0.i0 1.000000 1.032511
DS2.d669.s0.i0 -1.000000 0.328471
DS2.d669.s1.i0 1.000000 0.888721
DS2.d541.s0.i0 1.000000 0.399497
DS2.d933.s0.i0 1.000000 0.869905
DS2.d931.s0.i0 -1.000000 -0.849672
DS2.d931.s0.i1 -1.000000 -0.889124
DS2.d931.s0.i2 -1.000000 -0.899181
DS2.d931.s0.i3 -1.000000 -0.996347
DS2.d930.s0.i0 1.000000 0.947119
DS2.d937.s0.i0 1.000000 0.963548
DS2.d937.s0.i1 1.000000 0.963548
DS2.d935.s0.i0 1.000000 0.858092
DS2.d935.s0.i1 1.000000 0.837352
DS2.d934.s0.i0 -1.000000 -0.767171
DS2.d939.s0.i0 1.000000 0.675825
DS2.d202.s0.i0 1.000000 0.552095
DS2.d379.s0.i2 1.000000 0.741276
DS2.d379.s0.i0 1.000000 0.895088
DS2.d379.s0.i1 1.000000 0.895088
DS2.d379.s1.i5 1.000000 1.113051
DS2.d379.s1.i4 1.000000 1.008882
DS2.d379.s1.i1 1.000000 1.010999
DS2.d379.s1.i0 1.000000 1.010999
DS2.d379.s1.i3 1.000000 1.008882
DS2.d379.s1.i2 1.000000 1.118350
DS2.d378.s0.i0 1.000000 0.881012
DS2.d470.s0.i0 1.000000 0.888409
DS2.d471.s0.i5 1.000000 0.970094
DS2.d471.s0.i4 1.000000 0.864857
DS2.d471.s0.i1 1.000000 0.831856
DS2.d471.s0.i0 1.000000 1.114258
DS2.d471.s0.i3 1.000000 0.944847
DS2.d471.s0.i2 1.000000 1.008421
DS2.d476.s0.i0 -1.000000 -0.754099
DS2.d476.s0.i1 -1.000000 -0.935316
DS2.d474.s0.i0 1.000000 0.843616
DS2.d475.s1.i0 1.000000 0.989847
DS2.d475.s1.i1 1.000000 0.676466
DS2.d475.s0.i0 1.000000 0.892983
DS2.d371.s0.i0 -1.000000 -0.522882
DS2.d370.s0.i0 -1.000000 -0.411481
DS2.d373.s0.i0 1.000000 1.015411
DS2.d373.s1.i0 1.000000 0.759552
DS2.d372.s0.i0 1.000000 0.965743
DS2.d375.s0.i8 -1.000000 -0.449950
DS2.d375.s0.i6 -1.000000 -0.664427
DS2.d375.s0.i7 -1.000000 -0.643769
DS2.d375.s0.i4 -1.000000 -0.419326
DS2.d375.s0.i5 -1.000000 -0.520973
DS2.d375.s0.i2 1.000000 0.094774
DS2.d375.s0.i3 1.000000 0.287817
DS2.d375.s0.i0 -1.000000 -0.707989
DS2.d375.s0.i1 1.000000 0.302755
DS2.d374.s2.i0 -1.000000 -0.630441
DS2.d374.s1.i0 1.000000 0.994932
DS2.d374.s1.i1 1.000000 0.579376
DS2.d374.s0.i1 1.000000 0.890563
DS2.d374.s0.i0 1.000000 0.965195
DS2.d377.s0.i0 1.000000 0.972853
DS2.d377.s1.i0 1.000000 0.785240
DS2.d376.s1.i0 -1.000000 -0.746885
DS2.d376.s0.i0 -1.000000 -0.770442
DS2.d270.s0.i0 1.000000 0.779878
DS2.d271.s0.i1 1.000000 0.853722
DS2.d271.s0.i0 1.000000 0.812398
DS2.d272.s0.i0 -1.000000 0.103675
DS2.d273.s1.i0 1.000000 0.246638
DS2.d273.s0.i1 -1.000000 -0.805123
DS2.d273.s0.i0 -1.000000 -0.665029
DS2.d274.s0.i0 1.000000 0.445862
DS2.d274.s1.i0 -1.000000 -0.730038
DS2.d275.s0.i0 1.000000 0.781336
DS2.d276.s0.i0 -1.000000 -0.857242
DS2.d276.s1.i0 -1.000000 -0.785793
DS2.d277.s0.i0 -1.000000 -0.752874
DS2.d278.s0.i0 1.000000 0.869769
DS2.d279.s0.i3 1.000000 0.550699
DS2.d279.s0.i2 1.000000 0.900576
DS2.d279.s0.i1 1.000000 1.130308
DS2.d279.s0.i0 1.000000 0.860596
DS2.d279.s0.i7 1.000000 0.900065
DS2.d279.s0.i6 1.000000 1.123720
DS2.d279.s0.i5 1.000000 1.102768
DS2.d279.s0.i4 1.000000 0.822114
DS2.d809.s0.i0 1.000000 0.274397
DS2.d808.s0.i1 -1.000000 -0.982734
DS2.d808.s0.i0 -1.000000 -0.866386
DS2.d808.s0.i3 -1.000000 -1.030742
DS2.d808.s0.i2 -1.000000 -0.972226
DS2.d808.s0.i5 -1.000000 -0.966530
DS2.d808.s0.i4 -1.000000 -0.936954
DS2.d808.s0.i6 -1.000000 -1.036839
DS2.d807.s0.i0 -1.000000 -0.894552
DS2.d807.s0.i1 -1.000000 -0.801288
DS2.d807.s1.i1 -1.000000 -0.903899
DS2.d807.s1.i0 -1.000000 -0.976080
DS2.d806.s1.i0 1.000000 0.921012
DS2.d806.s1.i1 1.000000 1.060990
DS2.d806.s0.i0 1.000000 0.978640
DS2.d805.s0.i0 -1.000000 -0.915841
DS2.d805.s0.i1 -1.000000 -0.950127
DS2.d804.s1.i2 -1.000000 -0.897935
DS2.d804.s1.i3 -1.000000 -0.796061
DS2.d804.s1.i0 -1.000000 -0.971268
DS2.d804.s1.i1 -1.000000 -0.908279
DS2.d804.s0.i9 -1.000000 -0.929447
DS2.d804.s0.i8 -1.000000 -1.074561
DS2.d804.s0.i5 -1.000000 -0.995334
DS2.d804.s0.i4 -1.000000 -1.055137
DS2.d804.s0.i7 -1.000000 -0.980498
DS2.d804.s0.i6 -1.000000 -0.953959
DS2.d804.s0.i1 -1.000000 -0.872395
DS2.d804.s0.i0 -1.000000 -0.956815
DS2.d804.s0.i3 -1.000000 -1.008272
DS2.d804.s0.i2 -1.000000 -0.948537
DS2.d803.s0.i0 -1.000000 -0.897456
DS2.d803.s0.i1 -1.000000 -1.008935
DS2.d803.s1.i0 -1.000000 -0.831374
DS2.d802.s0.i3 -1.000000 -0.346349
DS2.d802.s0.i2 1.000000 0.328382
DS2.d802.s0.i1 -1.000000 -0.400694
DS2.d802.s0.i0 1.000000 0.425522
DS2.d801.s0.i0 1.000000 1.146941
DS2.d800.s0.i1 1.000000 0.870002
DS2.d800.s0.i0 1.000000 0.909600
DS2.d889.s0.i0 1.000000 0.896833
DS2.d889.s1.i0 1.000000 0.900068
DS2.d988.s0.i0 -1.000000 -0.534469
DS2.d989.s1.i0 1.000000 0.917861
DS2.d989.s0.i1 1.000000 0.914978
DS2.d989.s0.i0 1.000000 1.012105
DS2.d989.s0.i3 1.000000 0.633311
DS2.d989.s0.i2 1.000000 0.887371
DS2.d989.s0.i4 1.000000 0.882424
DS2.d986.s0.i0 1.000000 0.766222
DS2.d987.s2.i0 1.000000 1.092675
DS2.d987.s1.i0 1.000000 0.998895
DS2.d987.s0.i0 1.000000 0.849009
DS2.d984.s0.i0 1.000000 0.888896
DS2.d984.s0.i1 1.000000 0.888896
DS2.d985.s0.i1 -1.000000 -0.729192
DS2.d985.s0.i0 -1.000000 -0.863849
DS2.d982.s0.i0 -1.000000 -0.439556
DS2.d983.s2.i0 1.000000 1.040803
DS2.d983.s1.i0 1.000000 0.677772
DS2.d983.s0.i0 1.000000 1.025025
DS2.d980.s0.i0 -1.000000 -0.824852
DS2.d980.s0.i1 -1.000000 -0.892154
DS2.d980.s1.i0 -1.000000 -0.824899
DS2.d981.s0.i0 1.000000 0.805106
DS2.d385.s1.i0 -1.000000 -0.768659
DS2.d385.s1.i1 -1.000000 -0.850704
DS2.d385.s1.i2 -1.000000 -0.888586
DS2.d385.s1.i3 -1.000000 -0.792543
DS2.d385.s0.i1 1.000000 0.949938
DS2.d385.s0.i0 1.000000 0.741388
DS2.d386.s0.i0 1.000000 0.946013
DS2.d387.s1.i0 1.000000 0.745259
DS2.d387.s0.i1 1.000000 0.634827
DS2.d387.s0.i0 1.000000 0.863973
DS2.d303.s0.i1 -1.000000 -0.033519
DS2.d303.s0.i0 1.000000 0.206574
DS2.d381.s1.i0 -1.000000 -0.786113
DS2.d381.s0.i0 -1.000000 -0.696815
DS2.d382.s2.i0 -1.000000 -0.640315
DS2.d382.s2.i1 -1.000000 -1.110460
DS2.d382.s0.i11 -1.000000 -0.986780
DS2.d382.s0.i10 -1.000000 -0.931565
DS2.d382.s0.i8 -1.000000 -1.012667
DS2.d382.s0.i9 -1.000000 -1.004103
DS2.d382.s0.i0 -1.000000 -0.965585
DS2.d382.s0.i1 -1.000000 -0.994682
DS2.d382.s0.i2 -1.000000 -0.958704
DS2.d382.s0.i3 -1.000000 -0.965088
DS2.d382.s0.i4 -1.000000 -0.983053
DS2.d382.s0.i5 -1.000000 -1.020296
DS2.d382.s0.i6 -1.000000 -0.951888
DS2.d382.s0.i7 -1.000000 -0.919824
DS2.d382.s1.i3 -1.000000 -0.969767
DS2.d382.s1.i2 -1.000000 -0.813525
DS2.d382.s1.i1 -1.000000 -1.009658
DS2.d382.s1.i0 -1.000000 -1.090412
DS2.d382.s1.i5 -1.000000 -0.925708
DS2.d382.s1.i4 -1.000000 -1.120085
DS2.d383.s0.i0 -1.000000 -0.712654
DS2.d388.s0.i0 -1.000000 -0.858135
DS2.d388.s1.i0 -1.000000 -0.827329
DS2.d388.s2.i0 -1.000000 -0.940497
DS2.d388.s2.i1 -1.000000 -0.826009
DS2.d389.s0.i1 1.000000 0.949638
DS2.d389.s0.i0 1.000000 0.812011
DS2.d186.s0.i0 1.000000 0.933313
DS2.d186.s0.i1 1.000000 0.981787
DS2.d187.s0.i3 -1.000000 -1.231397
DS2.d187.s0.i2 -1.000000 -1.104305
DS2.d187.s0.i1 -1.000000 -0.794119
DS2.d187.s0.i0 -1.000000 -0.906285
DS2.d184.s0.i0 1.000000 0.644771
DS2.d185.s0.i1 -1.000000 -0.785415
DS2.d185.s0.i0 -1.000000 -0.785415
DS2.d182.s0.i0 -1.000000 0.344175
DS2.d181.s0.i1 -1.000000 -0.748278
DS2.d181.s0.i0 -1.000000 -0.680497
DS2.d181.s0.i3 -1.000000 -0.725290
DS2.d181.s0.i2 1.000000 -0.141227
DS2.d181.s0.i4 -1.000000 -0.593489
DS2.d188.s0.i0 1.000000 0.887242
DS2.d188.s0.i1 1.000000 1.037727
DS2.d188.s0.i2 1.000000 0.979557
DS2.d188.s0.i3 1.000000 1.005028
DS2.d188.s1.i0 -1.000000 -0.630955
DS2.d189.s1.i0 -1.000000 -0.809465
DS2.d189.s0.i1 -1.000000 -0.941972
DS2.d189.s0.i0 -1.000000 -0.829245
DS2.d793.s0.i0 1.000000 0.777211
DS2.d792.s0.i1 1.000000 1.005118
DS2.d792.s0.i0 1.000000 0.834832
DS2.d791.s0.i0 1.000000 0.927619
DS2.d791.s1.i0 1.000000 1.034573
DS2.d790.s1.i0 -1.000000 -0.669617
DS2.d790.s0.i0 1.000000 0.677980
DS2.d797.s0.i0 -1.000000 -0.742462
DS2.d797.s1.i0 -1.000000 -0.680247
DS2.d796.s0.i0 1.000000 0.524291
DS2.d795.s0.i0 1.000000 0.837560
DS2.d794.s0.i1 -1.000000 -1.006997
DS2.d794.s0.i0 -1.000000 -0.836931
DS2.d794.s0.i3 -1.000000 -0.975351
DS2.d794.s0.i2 -1.000000 -1.074428
DS2.d652.s0.i2 -1.000000 -0.953391
DS2.d652.s0.i0 -1.000000 -0.953391
DS2.d652.s0.i1 -1.000000 -0.975380
DS2.d94.s0.i1 1.000000 0.929853
DS2.d94.s0.i0 1.000000 0.869858
DS2.d650.s0.i0 1.000000 1.062088
DS2.d650.s0.i1 1.000000 0.929619
DS2.d650.s0.i2 1.000000 0.825275
DS2.d650.s0.i3 1.000000 0.854693
DS2.d798.s0.i0 1.000000 0.918583
DS2.d656.s0.i0 1.000000 0.654464
DS2.d657.s3.i0 1.000000 1.061255
DS2.d657.s2.i0 1.000000 0.760022
DS2.d657.s1.i0 1.000000 0.691702
DS2.d657.s1.i1 1.000000 0.476446
DS2.d657.s0.i1 1.000000 0.790799
DS2.d657.s0.i0 1.000000 1.276520
DS2.d654.s0.i0 -1.000000 -0.500886
DS2.d654.s1.i0 1.000000 0.810816
DS2.d655.s0.i0 -1.000000 -0.870548
DS2.d551.s0.i2 1.000000 0.967521
DS2.d551.s0.i3 1.000000 0.876906
DS2.d551.s0.i0 1.000000 0.955126
DS2.d551.s0.i1 1.000000 0.866550
DS2.d550.s1.i0 1.000000 0.858427
DS2.d550.s1.i1 1.000000 1.041261
DS2.d550.s1.i2 1.000000 1.041261
DS2.d550.s1.i3 1.000000 0.858427
DS2.d550.s0.i13 1.000000 1.018512
DS2.d550.s0.i12 1.000000 1.074685
DS2.d550.s0.i11 1.000000 0.726928
DS2.d550.s0.i10 1.000000 0.942742
DS2.d550.s0.i14 1.000000 0.867380
DS2.d550.s0.i3 1.000000 0.844801
DS2.d550.s0.i2 1.000000 0.890406
DS2.d550.s0.i1 1.000000 0.702819
DS2.d550.s0.i0 1.000000 1.074685
DS2.d550.s0.i7 1.000000 0.867380
DS2.d550.s0.i6 1.000000 0.890406
DS2.d550.s0.i5 1.000000 1.165549
DS2.d550.s0.i4 1.000000 1.039995
DS2.d550.s0.i9 1.000000 1.165549
DS2.d550.s0.i8 1.000000 1.018512
DS2.d553.s0.i0 1.000000 0.996444
DS2.d552.s0.i0 1.000000 0.614564
DS2.d555.s0.i0 1.000000 0.872833
DS2.d555.s1.i1 1.000000 0.888786
DS2.d555.s1.i0 1.000000 0.890563
DS2.d554.s0.i0 1.000000 0.940263
DS2.d557.s0.i0 1.000000 0.706179
DS2.d556.s1.i2 1.000000 0.388280
DS2.d556.s1.i0 -1.000000 -0.419377
DS2.d556.s1.i1 -1.000000 -0.569544
DS2.d556.s0.i1 1.000000 0.615025
DS2.d556.s0.i0 1.000000 0.750881
DS2.d556.s0.i2 1.000000 0.888423
DS2.d559.s0.i0 1.000000 0.954175
DS2.d559.s0.i1 1.000000 1.036916
DS2.d558.s0.i0 1.000000 0.881347
DS2.d492.s2.i0 1.000000 0.725091
DS2.d492.s0.i0 -1.000000 -0.789382
DS2.d492.s1.i0 1.000000 0.647594
DS2.d494.s0.i0 -1.000000 -0.711214
DS2.d494.s1.i1 1.000000 0.813151
DS2.d494.s1.i0 1.000000 0.837904
DS2.d494.s2.i0 -1.000000 -0.918223
DS2.d496.s0.i0 -1.000000 -0.933425
DS2.d496.s0.i1 -1.000000 -0.967149
DS2.d496.s0.i2 -1.000000 -0.951290
DS2.d496.s0.i3 -1.000000 -0.873177
DS2.d497.s0.i1 -1.000000 -0.863885
DS2.d497.s0.i0 -1.000000 -0.884594
DS2.d77.s0.i2 1.000000 0.916742
DS2.d77.s0.i0 1.000000 0.854431
DS2.d77.s0.i1 1.000000 0.918926
DS2.d76.s1.i0 1.000000 1.021827
DS2.d76.s1.i1 1.000000 1.021827
DS2.d76.s1.i2 1.000000 0.814746
DS2.d76.s1.i3 1.000000 0.964657
DS2.d76.s1.i4 1.000000 0.964657
DS2.d76.s1.i5 1.000000 0.848838
DS2.d76.s0.i1 1.000000 1.007931
DS2.d76.s0.i0 1.000000 1.007931
DS2.d75.s0.i0 1.000000 0.498890
DS2.d75.s0.i1 -1.000000 -0.212965
DS2.d74.s0.i1 1.000000 0.668542
DS2.d74.s0.i0 1.000000 0.723499
DS2.d74.s0.i2 -1.000000 -0.089716
DS2.d73.s0.i0 1.000000 0.899603
DS2.d73.s0.i1 1.000000 0.940354
DS2.d72.s0.i2 -1.000000 -0.350107
DS2.d72.s0.i1 -1.000000 -0.450600
DS2.d72.s0.i0 -1.000000 -0.293201
DS2.d70.s0.i1 1.000000 0.914753
DS2.d70.s0.i0 1.000000 0.822743
DS2.d79.s0.i0 -1.000000 -0.965380
DS2.d79.s0.i1 -1.000000 -1.032591
DS2.d79.s0.i2 -1.000000 -1.069577
DS2.d79.s0.i3 -1.000000 -1.019943
DS2.d79.s0.i4 -1.000000 -1.031205
DS2.d79.s0.i5 -1.000000 -0.827874
DS2.d79.s0.i6 -1.000000 -1.080708
DS2.d79.s0.i7 -1.000000 -0.884683
DS2.d78.s1.i2 1.000000 0.953993
DS2.d78.s1.i0 1.000000 0.833651
DS2.d78.s1.i1 1.000000 0.909024
DS2.d78.s0.i0 1.000000 0.840760
DS2.d84.s0.i0 -1.000000 -0.183221
DS2.d942.s0.i0 1.000000 0.661396
DS2.d111.s0.i2 -1.000000 -1.212867
DS2.d111.s0.i0 -1.000000 -0.463268
DS2.d111.s0.i1 -1.000000 -0.593444
DS2.d110.s0.i1 1.000000 0.901732
DS2.d110.s0.i0 1.000000 0.901732
DS2.d113.s0.i0 1.000000 1.038956
DS2.d113.s0.i1 1.000000 1.095399
DS2.d113.s1.i0 1.000000 0.971111
DS2.d112.s0.i1 -1.000000 -0.882948
DS2.d112.s0.i0 -1.000000 -0.819974
DS2.d115.s0.i0 1.000000 0.683599
DS2.d115.s0.i1 1.000000 0.822331
DS2.d115.s1.i0 1.000000 0.804857
DS2.d114.s0.i7 1.000000 0.941792
DS2.d114.s0.i6 1.000000 0.972156
DS2.d114.s0.i5 1.000000 0.708697
DS2.d114.s0.i4 1.000000 0.925620
DS2.d114.s0.i3 1.000000 0.889227
DS2.d114.s0.i2 1.000000 1.009362
DS2.d114.s0.i1 1.000000 1.113436
DS2.d114.s0.i0 1.000000 1.214011
DS2.d117.s0.i0 1.000000 0.971316
DS2.d117.s0.i1 1.000000 0.986510
DS2.d116.s1.i2 -1.000000 -0.188266
DS2.d116.s1.i0 -1.000000 -0.590746
DS2.d116.s1.i1 1.000000 -0.122458
DS2.d116.s0.i1 1.000000 0.754546
DS2.d116.s0.i0 1.000000 0.878296
DS2.d119.s0.i0 1.000000 0.758591
DS2.d118.s0.i3 1.000000 0.854176
DS2.d118.s0.i2 1.000000 0.943299
DS2.d118.s0.i1 1.000000 0.886664
DS2.d118.s0.i0 1.000000 0.924364
DS2.d118.s0.i5 1.000000 0.854176
DS2.d118.s0.i4 1.000000 0.924364
DS2.d96.s1.i0 -1.000000 -0.725004
DS2.d96.s1.i1 -1.000000 -0.759219
DS2.d96.s0.i0 -1.000000 -0.676632
DS2.d728.s0.i0 -1.000000 -0.809946
DS2.d729.s1.i0 -1.000000 -0.167991
DS2.d729.s0.i0 -1.000000 -0.757981
DS2.d726.s0.i2 1.000000 0.896078
DS2.d726.s0.i0 1.000000 0.896078
DS2.d726.s0.i1 1.000000 0.924998
DS2.d724.s0.i10 -1.000000 -0.973595
DS2.d724.s0.i11 -1.000000 -0.934690
DS2.d724.s0.i4 -1.000000 -1.012524
DS2.d724.s0.i5 -1.000000 -1.038300
DS2.d724.s0.i6 -1.000000 -0.954733
DS2.d724.s0.i7 -1.000000 -0.988971
DS2.d724.s0.i0 -1.000000 -1.023638
DS2.d724.s0.i1 -1.000000 -1.003339
DS2.d724.s0.i2 -1.000000 -1.025327
DS2.d724.s0.i3 -1.000000 -0.990210
DS2.d724.s0.i8 -1.000000 -0.949317
DS2.d724.s0.i9 -1.000000 -0.934069
DS2.d725.s0.i1 -1.000000 -0.968015
DS2.d725.s0.i0 -1.000000 -0.897933
DS2.d722.s0.i0 1.000000 0.647215
DS2.d720.s0.i0 1.000000 0.667208
DS2.d720.s0.i1 1.000000 1.129729
DS2.d720.s0.i2 1.000000 0.802518
DS2.d720.s0.i3 1.000000 0.809215
DS2.d720.s0.i4 1.000000 1.008882
DS2.d720.s1.i1 -1.000000 -0.229604
DS2.d720.s1.i0 1.000000 0.252866
DS2.d721.s0.i0 -1.000000 -0.298383
DS2.d876.s0.i0 -1.000000 0.146677
DS2.d876.s0.i1 1.000000 0.182827
DS2.d877.s0.i0 -1.000000 0.429238
DS2.d874.s0.i0 1.000000 0.913864
DS2.d874.s0.i1 1.000000 0.880924
DS2.d875.s0.i1 -1.000000 -0.808838
DS2.d875.s0.i0 -1.000000 -0.829951
DS2.d872.s0.i0 1.000000 0.716037
DS2.d873.s0.i0 1.000000 1.261440
DS2.d870.s0.i0 1.000000 0.926319
DS2.d870.s1.i0 1.000000 0.792545
DS2.d871.s1.i0 1.000000 0.851556
DS2.d871.s1.i1 1.000000 0.851556
DS2.d871.s0.i1 1.000000 0.150413
DS2.d871.s0.i0 -1.000000 0.009985
DS2.d1055.s1.i0 1.000000 0.984927
DS2.d1055.s1.i1 1.000000 0.863232
DS2.d1055.s0.i0 1.000000 0.851175
DS2.d878.s0.i0 -1.000000 -0.469844
DS2.d879.s0.i0 1.000000 0.803552
DS2.d1036.s0.i2 1.000000 0.839215
DS2.d1036.s0.i3 1.000000 0.910735
DS2.d1036.s0.i0 1.000000 0.899165
DS2.d1036.s0.i1 1.000000 0.947998
DS2.d1036.s1.i1 1.000000 0.900136
DS2.d1036.s1.i0 1.000000 0.936690
DS2.d1036.s1.i3 1.000000 0.902501
DS2.d1036.s1.i2 1.000000 0.905687
DS2.d1036.s2.i0 1.000000 0.893658
DS2.d1036.s2.i1 1.000000 0.893658
DS2.d1037.s0.i3 1.000000 0.754697
DS2.d1037.s0.i2 1.000000 0.975621
DS2.d1037.s0.i1 1.000000 0.960912
DS2.d1037.s0.i0 1.000000 0.761610
DS2.d1034.s0.i0 1.000000 0.889180
DS2.d1034.s0.i1 1.000000 0.961851
DS2.d1034.s1.i0 -1.000000 -0.787503
DS2.d1035.s0.i0 1.000000 0.883061
DS2.d1032.s0.i0 1.000000 0.468795
DS2.d1033.s0.i0 1.000000 0.220534
DS2.d1030.s0.i0 -1.000000 -0.708931
DS2.d1031.s0.i1 1.000000 0.997667
DS2.d1031.s0.i0 1.000000 0.997667
DS2.d234.s0.i0 1.000000 0.489186
DS2.d234.s0.i1 -1.000000 -0.256062
DS2.d235.s2.i0 -1.000000 -0.710800
DS2.d235.s1.i0 -1.000000 -0.807382
DS2.d235.s0.i1 1.000000 0.427959
DS2.d235.s0.i0 -1.000000 -0.281349
DS2.d236.s0.i0 1.000000 0.964180
DS2.d236.s0.i1 1.000000 0.964180
DS2.d237.s0.i0 1.000000 0.731989
DS2.d339.s0.i0 -1.000000 -0.734109
DS2.d339.s1.i0 -1.000000 -0.909228
DS2.d338.s0.i0 1.000000 0.923177
DS2.d232.s0.i0 -1.000000 -0.867137
DS2.d232.s0.i1 -1.000000 -1.160298
DS2.d233.s0.i1 1.000000 0.792709
DS2.d233.s0.i0 1.000000 0.768093
DS2.d422.s1.i0 1.000000 0.650933
DS2.d422.s1.i1 1.000000 0.935142
DS2.d422.s0.i0 1.000000 1.023780
DS2.d468.s2.i0 -1.000000 0.476448
DS2.d468.s1.i0 1.000000 0.825074
DS2.d468.s1.i1 1.000000 0.914653
DS2.d468.s0.i1 -1.000000 -0.474603
DS2.d468.s0.i0 1.000000 0.464615
DS2.d718.s0.i1 -1.000000 -0.839387
DS2.d718.s0.i0 -1.000000 -0.920559
DS2.d1064.s0.i1 -1.000000 -0.823411
DS2.d1064.s0.i0 -1.000000 -0.931267
DS2.d23.s0.i0 1.000000 0.275016
DS2.d582.s0.i0 1.000000 0.728988
DS2.d582.s1.i0 1.000000 1.030577
DS2.d583.s0.i3 1.000000 0.979375
DS2.d583.s0.i2 1.000000 0.979375
DS2.d583.s0.i1 1.000000 0.965962
DS2.d583.s0.i0 1.000000 0.965962
DS2.d580.s0.i16 -1.000000 -0.980231
DS2.d580.s0.i17 -1.000000 -0.909438
DS2.d580.s0.i14 -1.000000 -1.025101
DS2.d580.s0.i15 -1.000000 -1.129523
DS2.d580.s0.i12 -1.000000 -0.951080
DS2.d580.s0.i13 -1.000000 -0.986353
DS2.d580.s0.i10 -1.000000 -0.792486
DS2.d580.s0.i11 -1.000000 -1.042095
DS2.d580.s0.i18 -1.000000 -0.951080
DS2.d580.s0.i19 -1.000000 -0.952831
DS2.d580.s0.i8 -1.000000 -1.038972
DS2.d580.s0.i9 -1.000000 -1.006888
DS2.d580.s0.i4 -1.000000 -1.128389
DS2.d580.s0.i5 -1.000000 -1.042095
DS2.d580.s0.i6 -1.000000 -1.128389
DS2.d580.s0.i7 -1.000000 -0.958656
DS2.d580.s0.i0 -1.000000 -1.036947
DS2.d580.s0.i1 -1.000000 -1.143743
DS2.d580.s0.i2 -1.000000 -0.985036
DS2.d580.s0.i3 -1.000000 -0.909438
DS2.d581.s0.i0 -1.000000 -0.609467
DS2.d586.s0.i0 -1.000000 -0.717501
DS2.d586.s0.i1 -1.000000 -0.633878
DS2.d587.s0.i0 1.000000 0.991425
DS2.d584.s0.i0 -1.000000 -1.147870
DS2.d584.s0.i1 -1.000000 -0.547598
DS2.d585.s0.i1 1.000000 0.981183
DS2.d585.s0.i0 1.000000 0.929168
DS2.d429.s0.i0 1.000000 0.577152
DS2.d429.s1.i0 1.000000 0.829848
DS2.d420.s0.i3 -1.000000 -0.969289
DS2.d420.s0.i2 -1.000000 -1.060419
DS2.d420.s0.i1 -1.000000 -0.870369
DS2.d420.s0.i0 -1.000000 -0.645732
DS2.d423.s0.i0 1.000000 1.003154
DS2.d423.s0.i1 1.000000 1.082945
DS2.d589.s0.i1 1.000000 0.945820
DS2.d589.s0.i0 1.000000 0.777733
DS2.d425.s0.i0 1.000000 0.777738
DS2.d425.s1.i1 1.000000 0.987261
DS2.d425.s1.i0 1.000000 0.901160
DS2.d425.s2.i0 -1.000000 -1.004849
DS2.d425.s3.i0 1.000000 0.834419
DS2.d424.s1.i0 1.000000 0.922875
DS2.d424.s1.i1 1.000000 0.982312
DS2.d424.s0.i0 1.000000 0.995661
DS2.d427.s0.i0 1.000000 0.831407
DS2.d426.s0.i1 1.000000 0.825174
DS2.d426.s0.i0 1.000000 1.122957
DS2.d340.s0.i2 -1.000000 -0.960178
DS2.d340.s0.i3 -1.000000 -0.763797
DS2.d340.s0.i0 -1.000000 -1.027941
DS2.d340.s0.i1 -1.000000 -1.118876
DS2.d340.s0.i4 -1.000000 -0.850549
DS2.d341.s0.i1 1.000000 1.020949
DS2.d341.s0.i0 1.000000 0.796084
DS2.d342.s0.i0 -1.000000 -1.071563
DS2.d342.s0.i1 -1.000000 -0.682537
DS2.d343.s0.i0 -1.000000 -0.255248
DS2.d344.s0.i0 -1.000000 -0.521304
DS2.d345.s0.i0 1.000000 0.556375
DS2.d346.s0.i0 1.000000 0.909823
DS2.d346.s1.i1 -1.000000 -0.965197
DS2.d346.s1.i0 -1.000000 -0.821197
DS2.d473.s3.i2 1.000000 1.134234
DS2.d473.s3.i0 1.000000 0.827448
DS2.d473.s3.i1 1.000000 0.645036
DS2.d473.s2.i0 1.000000 0.536453
DS2.d473.s1.i0 1.000000 1.035004
DS2.d473.s0.i3 1.000000 0.863639
DS2.d473.s0.i2 1.000000 1.030523
DS2.d473.s0.i1 1.000000 0.996232
DS2.d473.s0.i0 1.000000 1.046357
DS2.d348.s0.i0 1.000000 0.713411
DS2.d348.s1.i0 -1.000000 -0.838735
DS2.d19.s0.i0 -1.000000 -0.588592
DS2.d19.s1.i0 1.000000 0.729113
DS2.d307.s0.i0 -1.000000 -0.674426
DS2.d347.s0.i1 1.000000 0.952479
DS2.d347.s0.i0 1.000000 0.450116
DS2.d347.s0.i3 1.000000 0.742747
DS2.d347.s0.i2 1.000000 1.069103
DS2.d330.s0.i0 1.000000 0.262310
DS2.d716.s1.i0 -1.000000 -0.417270
DS2.d716.s1.i1 1.000000 -0.021037
DS2.d716.s1.i2 -1.000000 -0.544057
DS2.d716.s0.i0 -1.000000 -0.788405
DS2.d337.s0.i0 1.000000 0.781936
DS2.d337.s1.i1 1.000000 0.759599
DS2.d337.s1.i0 1.000000 0.926529
DS2.d428.s0.i0 1.000000 0.560260
DS2.d349.s0.i2 1.000000 0.881464
DS2.d349.s0.i1 1.000000 0.975166
DS2.d349.s0.i0 1.000000 0.925533
DS2.d977.s0.i0 -1.000000 -0.850011
DS2.d977.s0.i1 -1.000000 -0.928020
DS2.d976.s1.i0 1.000000 0.846017
DS2.d976.s0.i0 1.000000 0.804046
DS2.d975.s0.i0 1.000000 1.095554
DS2.d975.s0.i1 1.000000 0.800428
DS2.d975.s0.i2 1.000000 0.959236
DS2.d975.s0.i3 1.000000 0.842975
DS2.d974.s1.i0 1.000000 0.730992
DS2.d974.s0.i0 1.000000 0.876701
DS2.d974.s2.i1 1.000000 0.851980
DS2.d974.s2.i0 1.000000 0.848026
DS2.d973.s0.i0 1.000000 0.951005
DS2.d973.s1.i1 1.000000 0.275434
DS2.d973.s1.i0 -1.000000 0.087543
DS2.d973.s1.i3 1.000000 0.377929
DS2.d973.s1.i2 -1.000000 0.215670
DS2.d973.s1.i5 1.000000 0.646678
DS2.d973.s1.i4 1.000000 0.526832
DS2.d973.s2.i0 1.000000 0.769989
DS2.d973.s3.i1 -1.000000 -0.124122
DS2.d973.s3.i0 1.000000 0.507622
DS2.d972.s0.i0 -1.000000 -0.841314
DS2.d971.s0.i0 1.000000 0.942687
DS2.d970.s0.i1 1.000000 0.667104
DS2.d970.s0.i0 -1.000000 -0.170831
DS2.d970.s0.i2 1.000000 0.404442
DS2.d1059.s0.i0 1.000000 1.029228
DS2.d300.s0.i0 -1.000000 -0.662297
DS2.d300.s0.i1 -1.000000 -0.730960
DS2.d478.s0.i0 1.000000 0.569824
DS2.d696.s0.i0 1.000000 0.882926
DS2.d696.s0.i1 1.000000 0.882926
DS2.d697.s0.i0 1.000000 0.407106
DS2.d479.s0.i0 1.000000 0.864145
DS2.d519.s0.i0 -1.000000 -0.822725
DS2.d518.s1.i0 1.000000 0.849294
DS2.d518.s0.i0 -1.000000 -0.243422
DS2.d690.s0.i0 1.000000 0.851202
DS2.d691.s0.i1 1.000000 1.010288
DS2.d691.s0.i0 1.000000 0.733506
DS2.d515.s0.i0 -1.000000 -0.534612
DS2.d514.s0.i3 -1.000000 -1.133433
DS2.d514.s0.i2 -1.000000 -1.016538
DS2.d514.s0.i1 -1.000000 -1.048662
DS2.d514.s0.i0 -1.000000 -0.978969
DS2.d514.s0.i7 -1.000000 -0.965560
DS2.d514.s0.i6 -1.000000 -1.117065
DS2.d514.s0.i5 -1.000000 -0.915855
DS2.d514.s0.i4 -1.000000 -0.675608
DS2.d516.s1.i0 1.000000 0.676476
DS2.d516.s0.i1 -1.000000 -0.210212
DS2.d516.s0.i0 1.000000 0.533139
DS2.d511.s0.i2 1.000000 0.546563
DS2.d511.s0.i0 -1.000000 0.038621
DS2.d511.s0.i1 1.000000 0.485471
DS2.d510.s0.i0 1.000000 1.093023
DS2.d513.s0.i0 1.000000 0.859985
DS2.d699.s0.i0 1.000000 0.985717
DS2.d39.s2.i0 1.000000 0.882358
DS2.d39.s0.i0 1.000000 0.244805
DS2.d39.s1.i0 1.000000 0.857793
DS2.d38.s0.i1 -1.000000 -0.886495
DS2.d38.s0.i0 -1.000000 -0.854811
DS2.d979.s0.i0 1.000000 0.699337
DS2.d979.s0.i1 1.000000 0.992064
DS2.d33.s0.i0 -1.000000 -0.457575
DS2.d33.s1.i1 -1.000000 -0.850340
DS2.d33.s1.i0 -1.000000 -0.938486
DS2.d33.s2.i0 1.000000 0.320604
DS2.d32.s0.i0 1.000000 0.932495
DS2.d978.s1.i4 1.000000 0.980679
DS2.d978.s1.i5 1.000000 0.980679
DS2.d978.s1.i2 1.000000 0.938181
DS2.d978.s1.i3 1.000000 0.938181
DS2.d978.s1.i0 1.000000 0.891481
DS2.d978.s1.i1 1.000000 0.940395
DS2.d978.s0.i1 1.000000 0.969305
DS2.d978.s0.i0 1.000000 0.969305
DS2.d37.s0.i0 1.000000 0.813427
DS2.d36.s1.i0 -1.000000 -0.413914
DS2.d36.s0.i0 -1.000000 -0.815724
DS2.d35.s0.i0 1.000000 0.959204
DS2.d35.s0.i1 1.000000 1.073419
DS2.d34.s1.i2 -1.000000 -0.338295
DS2.d34.s1.i3 1.000000 0.569091
DS2.d34.s1.i0 -1.000000 -0.501329
DS2.d34.s1.i1 1.000000 0.363383
DS2.d34.s0.i0 1.000000 0.826668
DS2.d159.s0.i2 -1.000000 -0.975410
DS2.d159.s0.i3 -1.000000 -1.076239
DS2.d159.s0.i0 -1.000000 -0.962850
DS2.d159.s0.i1 -1.000000 -0.889041
DS2.d158.s0.i0 -1.000000 -0.777739
DS2.d155.s0.i0 1.000000 0.914492
DS2.d154.s0.i1 1.000000 0.878083
DS2.d154.s0.i0 1.000000 1.087371
DS2.d157.s0.i4 -1.000000 -0.790009
DS2.d157.s0.i5 -1.000000 -0.844139
DS2.d157.s0.i6 -1.000000 -0.855955
DS2.d157.s0.i7 -1.000000 -0.858293
DS2.d157.s0.i0 -1.000000 -0.968595
DS2.d157.s0.i1 -1.000000 -0.999786
DS2.d157.s0.i2 -1.000000 -1.074956
DS2.d157.s0.i3 -1.000000 -1.109814
DS2.d157.s0.i8 -1.000000 -1.080062
DS2.d157.s0.i9 -1.000000 -0.903036
DS2.d156.s0.i0 1.000000 0.902308
DS2.d151.s0.i0 1.000000 0.893702
DS2.d150.s0.i0 1.000000 0.899192
DS2.d153.s0.i0 -1.000000 -0.565085
DS2.d153.s1.i1 -1.000000 -1.019209
DS2.d153.s1.i0 -1.000000 -0.594122
DS2.d152.s1.i0 -1.000000 -0.660110
DS2.d152.s0.i0 -1.000000 -0.660717
DS2.d768.s0.i0 1.000000 0.976565
DS2.d768.s1.i0 1.000000 0.796940
DS2.d769.s1.i0 1.000000 0.883549
DS2.d769.s0.i0 1.000000 0.810421
DS2.d248.s0.i0 1.000000 0.819615
DS2.d762.s0.i0 -1.000000 -0.785373
DS2.d763.s0.i0 1.000000 0.848588
DS2.d760.s0.i4 -1.000000 -1.012117
DS2.d760.s0.i0 -1.000000 -1.046040
DS2.d760.s0.i1 -1.000000 -0.973090
DS2.d760.s0.i2 -1.000000 -1.007009
DS2.d760.s0.i3 -1.000000 -0.856877
DS2.d761.s0.i0 1.000000 0.798635
DS2.d766.s0.i0 1.000000 0.853608
DS2.d766.s1.i1 1.000000 0.893897
DS2.d766.s1.i0 1.000000 0.925556
DS2.d767.s0.i0 -1.000000 -0.819203
DS2.d764.s0.i0 1.000000 0.907592
DS2.d765.s0.i0 -1.000000 -0.652864
DS2.d568.s0.i0 1.000000 0.830632
DS2.d569.s0.i1 1.000000 0.995952
DS2.d569.s0.i0 1.000000 0.885813
DS2.d603.s0.i0 1.000000 0.735074
DS2.d603.s0.i1 1.000000 0.728313
DS2.d603.s0.i2 1.000000 1.072085
DS2.d1026.s0.i1 1.000000 1.061423
DS2.d1026.s0.i0 1.000000 0.987313
DS2.d605.s0.i0 1.000000 0.923653
DS2.d605.s1.i0 1.000000 0.827687
DS2.d604.s1.i0 1.000000 0.888899
DS2.d604.s0.i0 1.000000 1.010299
DS2.d607.s0.i0 1.000000 0.549936
DS2.d606.s0.i1 1.000000 0.884317
DS2.d606.s0.i0 1.000000 1.020493
DS2.d560.s0.i0 -1.000000 0.158771
DS2.d608.s0.i0 -1.000000 -0.842965
DS2.d562.s0.i0 -1.000000 -0.665982
DS2.d563.s0.i0 -1.000000 -0.609879
DS2.d564.s0.i0 -1.000000 -0.640552
DS2.d565.s0.i0 1.000000 0.970590
DS2.d566.s0.i0 -1.000000 -0.764896
DS2.d566.s0.i1 -1.000000 -0.917650
DS2.d566.s0.i2 -1.000000 -0.982573
DS2.d566.s0.i3 -1.000000 -0.982681
DS2.d327.s0.i2 -1.000000 -0.907817
DS2.d327.s0.i1 -1.000000 -0.899312
DS2.d327.s0.i0 -1.000000 -1.035926
DS2.d588.s0.i0 -1.000000 -0.456668
DS2.d1023.s0.i0 1.000000 0.845705
DS2.d1022.s0.i1 1.000000 0.908343
DS2.d1022.s0.i0 1.000000 0.913099
DS2.d1022.s0.i2 1.000000 1.143074
DS2.d243.s0.i0 1.000000 0.951497
DS2.d129.s1.i0 -1.000000 -0.758484
DS2.d129.s0.i1 -1.000000 -0.900329
DS2.d129.s0.i0 -1.000000 -0.632420
DS2.d242.s0.i0 -1.000000 -0.813807
DS2.d299.s1.i0 1.000000 0.662904
DS2.d299.s1.i1 1.000000 0.912956
DS2.d299.s0.i0 1.000000 0.993951
DS2.d299.s2.i0 1.000000 0.845538
DS2.d120.s0.i0 1.000000 0.636621
DS2.d121.s0.i2 -1.000000 -1.019762
DS2.d121.s0.i1 -1.000000 -0.998269
DS2.d121.s0.i0 -1.000000 -1.115177
DS2.d122.s2.i0 -1.000000 -0.846168
DS2.d122.s3.i1 -1.000000 -0.781054
DS2.d122.s3.i0 -1.000000 -0.848688
DS2.d122.s3.i2 -1.000000 -0.990882
DS2.d122.s0.i0 -1.000000 -0.981386
DS2.d122.s0.i1 -1.000000 -0.913468
DS2.d122.s1.i3 -1.000000 -1.042341
DS2.d122.s1.i2 -1.000000 -0.652625
DS2.d122.s1.i1 -1.000000 -0.947890
DS2.d122.s1.i0 -1.000000 -1.070966
DS2.d123.s0.i0 1.000000 0.755197
DS2.d124.s0.i0 -1.000000 -1.017359
DS2.d579.s0.i0 -1.000000 -0.837128
DS2.d579.s0.i1 -1.000000 -0.954014
DS2.d579.s0.i2 -1.000000 -0.790440
DS2.d579.s0.i3 -1.000000 -0.788356
DS2.d127.s0.i0 1.000000 0.694770
DS2.d906.s0.i0 1.000000 0.835396
DS2.d906.s0.i1 1.000000 0.715189
DS2.d906.s1.i0 1.000000 0.675953
DS2.d907.s0.i0 1.000000 0.816514
DS2.d904.s0.i0 -1.000000 -0.878386
DS2.d904.s0.i1 -1.000000 -1.645078
DS2.d904.s1.i0 -1.000000 -0.772704
DS2.d905.s1.i0 1.000000 0.388057
DS2.d905.s0.i1 1.000000 0.926292
DS2.d905.s0.i0 1.000000 0.903137
DS2.d902.s0.i2 -1.000000 -0.985834
DS2.d902.s0.i3 -1.000000 -0.993174
DS2.d902.s0.i0 -1.000000 -0.878558
DS2.d902.s0.i1 -1.000000 -0.886489
DS2.d903.s0.i0 1.000000 0.844879
DS2.d900.s0.i0 1.000000 0.504644
DS2.d421.s0.i0 1.000000 1.127187
DS2.d908.s0.i0 1.000000 0.949946
DS2.d908.s0.i1 1.000000 0.949946
DS2.d909.s1.i0 -1.000000 -0.835493
DS2.d909.s0.i0 -1.000000 -0.334563
DS2.d465.s0.i0 1.000000 0.877366
DS2.d464.s0.i1 -1.000000 -1.030974
DS2.d464.s0.i0 -1.000000 -0.765399
DS2.d467.s0.i0 1.000000 0.988846
DS2.d461.s0.i0 1.000000 0.935607
DS2.d309.s0.i0 1.000000 0.515367
DS2.d1049.s0.i0 1.000000 0.793800
DS2.d1049.s0.i1 1.000000 0.825149
DS2.d462.s0.i1 1.000000 0.679417
DS2.d462.s0.i0 1.000000 1.058233
DS2.d462.s0.i3 1.000000 1.072282
DS2.d462.s0.i2 1.000000 1.043369
DS2.d1047.s0.i0 1.000000 0.833919
DS2.d1047.s1.i1 1.000000 0.908429
DS2.d1047.s1.i0 1.000000 0.908429
DS2.d1046.s0.i1 -1.000000 -0.131868
DS2.d1046.s0.i0 1.000000 0.232834
DS2.d1045.s0.i0 1.000000 0.806683
DS2.d1045.s0.i1 1.000000 1.171126
DS2.d1044.s0.i1 1.000000 0.876732
DS2.d1044.s0.i0 1.000000 1.060099
DS2.d1043.s0.i0 -1.000000 -0.720720
DS2.d1042.s2.i0 1.000000 0.598481
DS2.d1042.s1.i0 1.000000 0.971158
DS2.d1042.s0.i0 1.000000 0.910772
DS2.d1040.s0.i0 1.000000 0.864000
DS2.d261.s0.i0 1.000000 0.877709
DS2.d261.s0.i1 1.000000 0.905656
DS2.d261.s0.i2 1.000000 0.823571
DS2.d260.s0.i1 1.000000 0.834846
DS2.d260.s0.i0 1.000000 1.019664
DS2.d267.s0.i0 -1.000000 -0.551077
DS2.d267.s1.i1 1.000000 0.883258
DS2.d267.s1.i0 1.000000 0.986548
DS2.d267.s1.i3 1.000000 0.929018
DS2.d267.s1.i2 1.000000 1.031143
DS2.d266.s0.i0 1.000000 1.068181
DS2.d265.s0.i0 1.000000 0.883734
DS2.d265.s0.i1 1.000000 0.915698
DS2.d265.s0.i2 1.000000 0.973420
DS2.d264.s0.i0 -1.000000 -0.637723
DS2.d678.s0.i0 1.000000 0.823043
DS2.d269.s0.i0 1.000000 0.373538
DS2.d268.s0.i0 1.000000 0.973041
DS2.d832.s0.i0 1.000000 0.809060
DS2.d832.s0.i1 1.000000 0.888553
DS2.d833.s1.i0 1.000000 1.029998
DS2.d833.s0.i1 1.000000 0.744475
DS2.d833.s0.i0 1.000000 1.114505
DS2.d830.s0.i0 1.000000 0.597160
DS2.d831.s0.i1 1.000000 0.900009
DS2.d831.s0.i0 1.000000 0.900009
DS2.d836.s0.i0 1.000000 0.830763
DS2.d836.s0.i1 1.000000 0.780536
DS2.d837.s0.i0 1.000000 0.992426
DS2.d834.s2.i0 -1.000000 -0.766109
DS2.d834.s3.i0 -1.000000 -0.551216
DS2.d834.s0.i0 -1.000000 -0.987830
DS2.d834.s0.i1 -1.000000 -0.881833
DS2.d834.s1.i0 -1.000000 -0.386572
DS2.d835.s0.i0 1.000000 0.016304
DS2.d838.s0.i0 1.000000 0.950459
DS2.d80.s0.i0 1.000000 0.475430
DS2.d80.s1.i0 -1.000000 -0.470253
DS2.d81.s0.i1 1.000000 0.936518
DS2.d81.s0.i0 1.000000 0.935146
DS2.d86.s0.i0 -1.000000 -0.797467
DS2.d86.s0.i1 -1.000000 -0.623905
DS2.d87.s2.i0 1.000000 0.838297
DS2.d87.s1.i0 -1.000000 -0.699468
DS2.d87.s0.i0 1.000000 1.030365
DS2.d991.s0.i0 1.000000 0.345961
DS2.d990.s0.i0 1.000000 0.918175
DS2.d992.s0.i0 1.000000 0.922774
DS2.d995.s0.i0 -1.000000 -0.802706
DS2.d994.s0.i1 1.000000 1.101070
DS2.d994.s0.i0 1.000000 0.863380
DS2.d997.s0.i0 1.000000 0.416991
DS2.d997.s0.i1 -1.000000 -0.451941
DS2.d997.s0.i2 -1.000000 -0.389679
DS2.d997.s0.i3 1.000000 0.481640
DS2.d997.s1.i1 -1.000000 -0.472331
DS2.d997.s1.i0 1.000000 0.386906
DS2.d996.s1.i0 -1.000000 -0.855525
DS2.d996.s0.i0 -1.000000 -0.807561
DS2.d996.s3.i0 -1.000000 -0.844981
DS2.d996.s2.i0 -1.000000 -0.869122
DS2.d999.s0.i0 1.000000 0.922317
DS2.d999.s1.i1 1.000000 1.030162
DS2.d999.s1.i0 1.000000 0.952460
DS2.d999.s2.i0 1.000000 0.898710
DS2.d998.s0.i1 1.000000 0.791370
DS2.d998.s0.i0 1.000000 0.864481
DS2.d411.s0.i0 1.000000 1.019764
DS2.d412.s0.i0 1.000000 0.707328
DS2.d412.s0.i1 1.000000 1.104270
DS2.d413.s0.i0 -1.000000 -0.593177
DS2.d414.s0.i0 -1.000000 -0.471475
DS2.d415.s0.i1 -1.000000 -0.861326
DS2.d415.s0.i0 -1.000000 -0.705531
DS2.d416.s0.i0 1.000000 0.910711
DS2.d417.s0.i0 -1.000000 -0.624082
DS2.d418.s0.i0 -1.000000 -1.216328
DS2.d418.s0.i1 -1.000000 -0.867627
DS2.d419.s0.i1 -1.000000 -0.799568
DS2.d419.s0.i0 -1.000000 -1.027406
DS2.d397.s0.i8 -1.000000 -0.873914
DS2.d397.s0.i9 -1.000000 -0.988983
DS2.d397.s0.i2 -1.000000 -1.043672
DS2.d397.s0.i3 -1.000000 -0.927221
DS2.d397.s0.i0 -1.000000 -1.036669
DS2.d397.s0.i1 -1.000000 -1.020919
DS2.d397.s0.i6 -1.000000 -0.961739
DS2.d397.s0.i7 -1.000000 -0.962607
DS2.d397.s0.i4 -1.000000 -1.080322
DS2.d397.s0.i5 -1.000000 -0.809017
DS2.d397.s1.i0 1.000000 0.987781
DS2.d396.s0.i3 -1.000000 -0.156864
DS2.d396.s0.i2 1.000000 0.454134
DS2.d396.s0.i1 1.000000 0.234095
DS2.d396.s0.i0 -1.000000 -0.359860
DS2.d394.s0.i1 1.000000 1.010937
DS2.d394.s0.i0 1.000000 1.003423
DS2.d391.s0.i0 1.000000 0.864998
DS2.d391.s0.i1 1.000000 0.847438
DS2.d390.s1.i0 1.000000 0.622498
DS2.d390.s0.i1 1.000000 0.801348
DS2.d390.s0.i0 1.000000 0.846320
DS2.d399.s0.i0 -1.000000 -0.909639
DS2.d399.s0.i1 -1.000000 -0.982104
DS2.d399.s0.i2 -1.000000 -0.974517
DS2.d399.s0.i3 -1.000000 -0.944785
DS2.d399.s1.i3 1.000000 -0.075394
DS2.d399.s1.i2 -1.000000 -0.161006
DS2.d399.s1.i1 1.000000 -0.135190
DS2.d399.s1.i0 -1.000000 -0.096457
DS2.d398.s1.i0 -1.000000 0.251684
DS2.d398.s0.i0 -1.000000 -0.686982
DS2.d199.s0.i2 1.000000 0.917701
DS2.d199.s0.i0 1.000000 0.755704
DS2.d199.s0.i1 1.000000 0.806424
DS2.d198.s0.i1 1.000000 0.563270
DS2.d198.s0.i0 1.000000 1.263535
DS2.d191.s0.i0 -1.000000 -0.729179
DS2.d190.s1.i0 -1.000000 -0.593433
DS2.d190.s0.i0 -1.000000 -0.672190
DS2.d192.s0.i0 -1.000000 -0.685825
DS2.d195.s0.i0 1.000000 0.085946
DS2.d195.s0.i1 -1.000000 0.047731
DS2.d194.s2.i1 -1.000000 -0.763085
DS2.d194.s2.i0 -1.000000 -0.982920
DS2.d194.s1.i0 -1.000000 -0.782133
DS2.d194.s1.i1 -1.000000 -1.052177
DS2.d194.s0.i7 -1.000000 -1.027557
DS2.d194.s0.i6 -1.000000 -0.961817
DS2.d194.s0.i5 -1.000000 -1.035444
DS2.d194.s0.i4 -1.000000 -0.901799
DS2.d194.s0.i3 -1.000000 -0.950527
DS2.d194.s0.i2 -1.000000 -1.048758
DS2.d194.s0.i1 -1.000000 -0.940455
DS2.d194.s0.i0 -1.000000 -0.889834
DS2.d194.s0.i9 -1.000000 -0.990835
DS2.d194.s0.i8 -1.000000 -0.981552
DS2.d196.s1.i0 1.000000 1.017214
DS2.d196.s0.i0 1.000000 0.850492
DS2.d487.s0.i2 1.000000 0.945425
DS2.d487.s0.i0 1.000000 1.057171
DS2.d487.s0.i1 1.000000 0.715768
DS2.d692.s0.i0 1.000000 0.901978
DS2.d692.s0.i1 1.000000 0.949049
DS2.d692.s1.i0 -1.000000 -0.634826
DS2.d692.s2.i0 -1.000000 -0.760415
DS2.d692.s3.i0 1.000000 0.763322
DS2.d693.s0.i2 -1.000000 -0.876292
DS2.d693.s0.i1 -1.000000 -1.027523
DS2.d693.s0.i0 -1.000000 -0.925894
DS2.d88.s0.i0 -1.000000 -1.154289
DS2.d88.s0.i1 -1.000000 -0.919031
DS2.d88.s0.i2 -1.000000 -0.893686
DS2.d88.s0.i3 -1.000000 -1.050991
DS2.d89.s1.i0 -1.000000 -0.537211
DS2.d89.s1.i1 -1.000000 -0.661679
DS2.d89.s0.i1 -1.000000 -0.785255
DS2.d89.s0.i0 -1.000000 -0.948943
DS2.d89.s0.i2 -1.000000 -0.856676
DS2.d649.s0.i0 1.000000 1.033587
DS2.d648.s1.i4 1.000000 0.884278
DS2.d648.s1.i5 1.000000 0.872749
DS2.d648.s1.i0 1.000000 0.963496
DS2.d648.s1.i1 1.000000 1.013876
DS2.d648.s1.i2 1.000000 0.933522
DS2.d648.s1.i3 1.000000 0.973558
DS2.d648.s0.i2 -1.000000 -0.858223
DS2.d648.s0.i1 -1.000000 -0.758001
DS2.d648.s0.i0 -1.000000 -1.032972
DS2.d645.s0.i0 -1.000000 -0.772248
DS2.d644.s0.i0 -1.000000 -0.780390
DS2.d647.s0.i0 -1.000000 -0.869278
DS2.d647.s0.i1 -1.000000 -0.797666
DS2.d646.s0.i0 -1.000000 -0.793339
DS2.d641.s0.i0 1.000000 0.735990
DS2.d641.s1.i1 1.000000 0.298545
DS2.d641.s1.i0 -1.000000 0.163304
DS2.d641.s2.i0 1.000000 1.047476
DS2.d641.s3.i1 1.000000 0.746530
DS2.d641.s3.i0 1.000000 0.944881
DS2.d640.s0.i1 1.000000 0.818273
DS2.d640.s0.i0 1.000000 1.102950
DS2.d643.s2.i0 1.000000 0.920282
DS2.d643.s3.i0 1.000000 1.030698
DS2.d643.s0.i0 1.000000 0.373963
DS2.d643.s1.i0 1.000000 0.976868
DS2.d642.s0.i1 1.000000 0.798510
DS2.d642.s0.i0 1.000000 0.843115
DS2.d524.s0.i0 -1.000000 -0.750499
DS2.d524.s0.i1 -1.000000 -0.781367
DS2.d525.s0.i0 1.000000 1.101262
DS2.d489.s0.i0 1.000000 1.011518
DS2.d489.s0.i1 1.000000 1.017783
DS2.d527.s0.i1 -1.000000 -0.718117
DS2.d527.s0.i0 -1.000000 -0.655564
DS2.d520.s0.i0 1.000000 0.891023
DS2.d520.s0.i1 1.000000 0.836854
DS2.d521.s0.i0 1.000000 0.912947
DS2.d522.s0.i0 1.000000 0.850664
DS2.d523.s0.i0 1.000000 0.968942
DS2.d483.s0.i0 -1.000000 -0.573100
DS2.d481.s0.i0 -1.000000 -0.701659
DS2.d480.s0.i0 1.000000 0.477195
DS2.d528.s0.i0 1.000000 0.768613
DS2.d529.s1.i0 -1.000000 -0.777147
DS2.d529.s0.i0 1.000000 0.825379
DS2.d485.s0.i0 -1.000000 0.212057
DS2.d485.s1.i0 -1.000000 -0.711378
DS2.d484.s0.i0 1.000000 0.310718
