DS2.d870.s0.i0 1.000000 0.622375
DS2.d870.s1.i0 1.000000 0.384777
DS2.d879.s0.i0 1.000000 0.415111
DS2.d337.s0.i0 1.000000 0.416659
DS2.d337.s1.i1 1.000000 -0.066594
DS2.d337.s1.i0 1.000000 0.235417
DS2.d330.s0.i0 1.000000 0.200271
DS2.d8.s0.i2 1.000000 0.319061
DS2.d8.s0.i1 1.000000 0.852442
DS2.d8.s0.i0 -1.000000 -0.285023
DS2.d231.s0.i22 -1.000000 -0.572526
DS2.d231.s0.i23 -1.000000 -0.735515
DS2.d231.s0.i20 -1.000000 -0.616446
DS2.d231.s0.i21 -1.000000 -0.775186
DS2.d231.s0.i7 -1.000000 -0.616199
DS2.d231.s0.i6 -1.000000 -0.715156
DS2.d231.s0.i5 -1.000000 -0.561315
DS2.d231.s0.i4 -1.000000 -0.716013
DS2.d231.s0.i3 -1.000000 -0.574487
DS2.d231.s0.i2 -1.000000 -0.429332
DS2.d231.s0.i1 -1.000000 -0.612921
DS2.d231.s0.i0 -1.000000 -0.579868
DS2.d231.s0.i9 -1.000000 -0.519591
DS2.d231.s0.i8 -1.000000 -0.603048
DS2.d231.s0.i17 -1.000000 -0.106103
DS2.d231.s0.i16 -1.000000 -0.595884
DS2.d231.s0.i15 -1.000000 -0.480630
DS2.d231.s0.i14 -1.000000 -0.460424
DS2.d231.s0.i13 -1.000000 -0.832128
DS2.d231.s0.i12 -1.000000 -0.342478
DS2.d231.s0.i11 -1.000000 -0.605941
DS2.d231.s0.i10 -1.000000 -0.264148
DS2.d231.s0.i19 -1.000000 -0.458675
DS2.d231.s0.i18 -1.000000 -0.867137
DS2.d551.s0.i2 1.000000 0.398381
DS2.d551.s0.i3 1.000000 0.443444
DS2.d551.s0.i0 1.000000 0.373787
DS2.d551.s0.i1 1.000000 0.418955
DS2.d431.s0.i0 1.000000 0.613698
DS2.d439.s0.i0 -1.000000 -0.534739
DS2.d535.s0.i0 -1.000000 -0.575904
DS2.d535.s0.i1 -1.000000 -0.441911
DS2.d969.s0.i1 -1.000000 0.446587
DS2.d969.s0.i0 -1.000000 0.398266
DS2.d631.s1.i0 1.000000 0.883623
DS2.d631.s0.i0 1.000000 1.400904
DS2.d966.s0.i0 1.000000 0.471760
DS2.d634.s0.i0 -1.000000 0.188319
DS2.d52.s1.i0 1.000000 0.533081
DS2.d52.s0.i1 -1.000000 -0.344441
DS2.d52.s0.i0 -1.000000 -0.349196
DS2.d1001.s0.i0 1.000000 -0.486922
DS2.d1001.s0.i1 1.000000 -0.147405
DS2.d429.s0.i0 1.000000 0.483567
DS2.d429.s1.i0 1.000000 0.595576
DS2.d428.s0.i0 1.000000 0.360656
DS2.d587.s0.i0 1.000000 0.897795
DS2.d229.s0.i0 1.000000 -0.101527
DS2.d585.s0.i1 1.000000 0.866475
DS2.d585.s0.i0 1.000000 0.833705
DS2.d175.s0.i0 1.000000 0.391187
DS2.d173.s0.i0 -1.000000 -0.330619
DS2.d173.s0.i1 -1.000000 -0.423108
DS2.d172.s0.i0 -1.000000 -0.312528
DS2.d348.s0.i0 1.000000 0.273794
DS2.d348.s1.i0 -1.000000 -0.439443
DS2.d501.s1.i0 -1.000000 -0.437541
DS2.d501.s1.i1 -1.000000 -0.755880
DS2.d501.s0.i1 -1.000000 -1.172371
DS2.d501.s0.i0 -1.000000 -1.128409
DS2.d504.s0.i0 -1.000000 1.004329
DS2.d744.s0.i0 1.000000 0.285338
DS2.d628.s0.i0 1.000000 0.553892
DS2.d626.s0.i0 1.000000 0.442402
DS2.d1033.s0.i0 1.000000 0.154427
DS2.d1018.s0.i0 1.000000 1.017812
DS2.d46.s0.i2 -1.000000 -0.134869
DS2.d46.s0.i0 -1.000000 -0.361176
DS2.d46.s0.i1 -1.000000 -0.405848
DS2.d1013.s1.i0 1.000000 0.126967
DS2.d1013.s0.i0 1.000000 0.402988
DS2.d594.s0.i0 -1.000000 0.714242
DS2.d456.s0.i0 -1.000000 -0.679289
DS2.d456.s1.i0 -1.000000 -0.312006
DS2.d457.s0.i0 -1.000000 0.228908
DS2.d599.s0.i2 -1.000000 -0.594652
DS2.d599.s0.i0 -1.000000 -0.418798
DS2.d599.s0.i1 -1.000000 -0.513685
DS2.d351.s0.i0 -1.000000 0.151613
DS2.d351.s1.i0 -1.000000 0.287851
DS2.d358.s0.i0 1.000000 0.748833
DS2.d699.s0.i0 1.000000 0.724991
DS2.d942.s0.i0 1.000000 -0.454945
DS2.d923.s1.i0 -1.000000 -1.049326
DS2.d923.s0.i0 -1.000000 0.425607
DS2.d926.s0.i0 -1.000000 0.405651
DS2.d926.s0.i1 -1.000000 0.405651
DS2.d32.s0.i0 1.000000 1.073291
DS2.d205.s0.i0 1.000000 -0.076644
DS2.d205.s1.i0 1.000000 -0.530030
DS2.d205.s2.i0 -1.000000 -0.625892
DS2.d201.s0.i11 -1.000000 -0.021714
DS2.d201.s0.i6 1.000000 -0.336181
DS2.d201.s0.i7 -1.000000 0.010655
DS2.d201.s0.i4 1.000000 0.328214
DS2.d201.s0.i5 -1.000000 -0.120584
DS2.d201.s0.i2 -1.000000 -0.146571
DS2.d201.s0.i3 1.000000 0.037483
DS2.d201.s0.i0 1.000000 0.118547
DS2.d201.s0.i1 -1.000000 0.108231
DS2.d201.s0.i10 -1.000000 -0.245408
DS2.d201.s0.i8 1.000000 0.217962
DS2.d201.s0.i9 1.000000 -0.124242
DS2.d201.s1.i1 1.000000 0.533351
DS2.d201.s1.i0 1.000000 0.523608
DS2.d201.s1.i2 -1.000000 0.296782
DS2.d882.s1.i0 -1.000000 -0.489460
DS2.d882.s1.i1 -1.000000 -0.554853
DS2.d882.s0.i0 1.000000 1.219500
DS2.d880.s1.i0 -1.000000 -0.505563
DS2.d880.s0.i1 -1.000000 -0.957313
DS2.d880.s0.i0 -1.000000 -0.730217
DS2.d155.s0.i0 1.000000 0.727630
DS2.d1064.s0.i1 -1.000000 -0.282407
DS2.d1064.s0.i0 -1.000000 -0.366048
DS2.d363.s0.i1 -1.000000 0.521484
DS2.d363.s0.i0 -1.000000 0.074537
DS2.d763.s0.i0 1.000000 0.904460
DS2.d569.s0.i1 1.000000 0.756698
DS2.d569.s0.i0 1.000000 0.676439
DS2.d956.s0.i1 1.000000 1.011116
DS2.d956.s0.i0 1.000000 0.909359
DS2.d566.s0.i0 -1.000000 0.235391
DS2.d566.s0.i1 -1.000000 0.059072
DS2.d566.s0.i2 -1.000000 -0.036176
DS2.d566.s0.i3 -1.000000 -0.035953
DS2.d567.s0.i0 -1.000000 0.739224
DS2.d681.s0.i2 -1.000000 -0.193346
DS2.d681.s0.i3 -1.000000 -0.305892
DS2.d681.s0.i0 -1.000000 -0.305892
DS2.d681.s0.i1 -1.000000 -0.193346
DS2.d272.s0.i0 -1.000000 -0.012860
DS2.d733.s0.i0 1.000000 1.085090
DS2.d733.s0.i1 1.000000 0.912023
DS2.d773.s0.i0 -1.000000 -0.816252
DS2.d773.s0.i1 -1.000000 -0.857917
DS2.d674.s0.i2 -1.000000 0.404452
DS2.d674.s0.i3 -1.000000 0.206938
DS2.d674.s0.i0 -1.000000 0.520975
DS2.d674.s0.i1 -1.000000 0.227050
DS2.d677.s0.i5 -1.000000 -0.038095
DS2.d677.s0.i4 -1.000000 -0.563133
DS2.d677.s0.i7 -1.000000 -0.217791
DS2.d677.s0.i6 -1.000000 -0.412154
DS2.d677.s0.i1 -1.000000 -0.142446
DS2.d677.s0.i0 -1.000000 -0.510840
DS2.d677.s0.i3 -1.000000 -0.221905
DS2.d677.s0.i2 -1.000000 -0.122491
DS2.d677.s0.i19 -1.000000 -0.471950
DS2.d677.s0.i18 -1.000000 -0.267257
DS2.d677.s0.i16 -1.000000 -0.435858
DS2.d677.s0.i9 -1.000000 -0.301219
DS2.d677.s0.i8 -1.000000 -0.702493
DS2.d677.s0.i17 -1.000000 -0.185451
DS2.d677.s0.i12 -1.000000 -0.205330
DS2.d677.s0.i15 -1.000000 -0.446089
DS2.d677.s0.i13 -1.000000 -0.002300
DS2.d677.s0.i10 -1.000000 -0.614310
DS2.d677.s0.i11 -1.000000 -0.641970
DS2.d677.s0.i14 -1.000000 -0.527621
DS2.d670.s0.i0 -1.000000 0.456393
DS2.d670.s0.i1 -1.000000 0.057500
DS2.d803.s0.i0 -1.000000 -0.987542
DS2.d803.s0.i1 -1.000000 -1.102569
DS2.d803.s1.i0 -1.000000 -0.883800
DS2.d0.s1.i0 1.000000 0.964890
DS2.d0.s0.i0 1.000000 1.085019
DS2.d308.s0.i0 1.000000 0.447581
DS2.d308.s0.i1 1.000000 0.559687
DS2.d308.s1.i0 1.000000 0.803604
DS2.d6.s0.i9 -1.000000 -0.943553
DS2.d6.s0.i8 -1.000000 -0.957139
DS2.d6.s0.i1 -1.000000 -0.906315
DS2.d6.s0.i0 -1.000000 -1.040730
DS2.d6.s0.i3 -1.000000 -1.008710
DS2.d6.s0.i2 -1.000000 -0.935827
DS2.d6.s0.i5 -1.000000 -0.884513
DS2.d6.s0.i4 -1.000000 -1.077095
DS2.d6.s0.i7 -1.000000 -0.916576
DS2.d6.s0.i6 -1.000000 -0.976390
DS2.d305.s2.i1 1.000000 -0.041998
DS2.d305.s2.i0 1.000000 -0.168591
DS2.d305.s1.i0 -1.000000 0.030925
DS2.d305.s0.i3 1.000000 0.250190
DS2.d305.s0.i2 1.000000 0.139389
DS2.d305.s0.i1 1.000000 0.235616
DS2.d305.s0.i0 1.000000 0.149542
DS2.d782.s0.i0 -1.000000 -0.801890
DS2.d138.s0.i1 1.000000 0.819218
DS2.d138.s0.i0 1.000000 0.803111
DS2.d267.s0.i0 -1.000000 0.549523
DS2.d267.s1.i1 1.000000 0.412814
DS2.d267.s1.i0 1.000000 0.404934
DS2.d267.s1.i3 1.000000 0.458580
DS2.d267.s1.i2 1.000000 0.448396
DS2.d266.s0.i0 1.000000 0.993367
DS2.d265.s0.i0 1.000000 0.399320
DS2.d265.s0.i1 1.000000 0.417367
DS2.d265.s0.i2 1.000000 0.380129
DS2.d667.s0.i0 1.000000 0.956488
DS2.d667.s0.i1 1.000000 0.936693
DS2.d666.s0.i1 -1.000000 0.322155
DS2.d666.s0.i0 -1.000000 0.114979
DS2.d386.s0.i0 1.000000 1.025009
DS2.d662.s0.i1 1.000000 -0.276726
DS2.d662.s0.i0 1.000000 -0.216158
DS2.d660.s0.i0 -1.000000 0.361063
DS2.d547.s1.i0 -1.000000 -1.072640
DS2.d547.s0.i0 1.000000 0.666141
DS2.d541.s0.i0 1.000000 0.202846
DS2.d851.s1.i0 1.000000 0.072682
DS2.d851.s0.i1 1.000000 0.758129
DS2.d851.s0.i0 1.000000 0.669304
DS2.d991.s0.i0 1.000000 0.420950
DS2.d995.s0.i0 -1.000000 -0.195863
DS2.d316.s0.i0 -1.000000 0.785587
DS2.d313.s0.i0 -1.000000 0.271662
DS2.d313.s0.i1 -1.000000 0.161334
DS2.d188.s0.i0 1.000000 0.621705
DS2.d188.s0.i1 1.000000 0.749750
DS2.d188.s0.i2 1.000000 0.722018
DS2.d188.s0.i3 1.000000 0.738190
DS2.d188.s1.i0 -1.000000 0.176146
DS2.d791.s0.i0 1.000000 1.270404
DS2.d791.s1.i0 1.000000 0.676080
DS2.d252.s0.i0 1.000000 0.328282
DS2.d252.s1.i0 1.000000 0.538335
DS2.d253.s0.i0 -1.000000 -0.399831
DS2.d419.s0.i1 -1.000000 -0.091314
DS2.d419.s0.i0 -1.000000 -0.277283
DS2.d650.s0.i0 1.000000 0.616362
DS2.d650.s0.i1 1.000000 0.406764
DS2.d650.s0.i2 1.000000 0.498768
DS2.d650.s0.i3 1.000000 0.268586
DS2.d798.s0.i0 1.000000 1.053613
DS2.d654.s0.i0 -1.000000 0.648872
DS2.d654.s1.i0 1.000000 0.536043
DS2.d92.s0.i0 1.000000 0.723976
DS2.d397.s0.i8 -1.000000 -0.026509
DS2.d397.s0.i9 -1.000000 -0.108208
DS2.d397.s0.i2 -1.000000 -0.167486
DS2.d397.s0.i3 -1.000000 -0.055215
DS2.d397.s0.i0 -1.000000 -0.171736
DS2.d397.s0.i1 -1.000000 -0.152717
DS2.d397.s0.i6 -1.000000 -0.056593
DS2.d397.s0.i7 -1.000000 -0.080585
DS2.d397.s0.i4 -1.000000 -0.285502
DS2.d397.s0.i5 -1.000000 0.023501
DS2.d397.s1.i0 1.000000 0.986178
DS2.d827.s0.i0 1.000000 0.925927
DS2.d823.s4.i0 -1.000000 0.665935
DS2.d823.s4.i1 -1.000000 0.780588
DS2.d823.s2.i0 1.000000 0.258125
DS2.d823.s3.i0 -1.000000 0.144934
DS2.d823.s0.i0 1.000000 1.463253
DS2.d823.s0.i1 1.000000 1.294710
DS2.d823.s1.i1 1.000000 0.909791
DS2.d823.s1.i0 1.000000 0.713559
DS2.d716.s1.i0 -1.000000 -0.627856
DS2.d716.s1.i1 1.000000 -0.318153
DS2.d716.s1.i2 -1.000000 -0.664562
DS2.d716.s0.i0 -1.000000 -0.367413
DS2.d849.s0.i0 -1.000000 -0.459304
DS2.d1021.s0.i4 -1.000000 -0.402958
DS2.d1021.s0.i5 -1.000000 -0.402489
DS2.d1021.s0.i2 -1.000000 -0.398253
DS2.d1021.s0.i3 1.000000 -0.045814
DS2.d1021.s0.i0 1.000000 0.025090
DS2.d1021.s0.i1 -1.000000 0.028517
DS2.d241.s0.i0 1.000000 0.923271
DS2.d241.s1.i0 1.000000 0.757673
DS2.d1029.s0.i4 -1.000000 -0.120530
DS2.d1029.s0.i5 -1.000000 -0.185886
DS2.d1029.s0.i2 -1.000000 -0.212294
DS2.d1029.s0.i3 -1.000000 -0.319816
DS2.d1029.s0.i0 -1.000000 -0.216609
DS2.d1029.s0.i1 -1.000000 -0.282801
DS2.d110.s0.i1 1.000000 0.810969
DS2.d110.s0.i0 1.000000 0.810969
DS2.d116.s1.i2 -1.000000 0.273365
DS2.d116.s1.i0 -1.000000 -0.209495
DS2.d116.s1.i1 1.000000 0.284144
DS2.d116.s0.i1 1.000000 -0.053761
DS2.d116.s0.i0 1.000000 0.119508
DS2.d722.s0.i0 1.000000 0.824345
DS2.d97.s0.i0 -1.000000 0.233027
DS2.d97.s0.i1 -1.000000 0.231978
DS2.d97.s0.i2 -1.000000 0.497599
