DS1.d222.s0.i0 1.000000 0.658373
DS1.d55.s0.i0 1.000000 0.558097
DS1.d34.s0.i0 1.000000 -0.147668
DS1.d34.s0.i1 1.000000 0.131757
DS1.d814.s1.i0 -1.000000 -0.698589
DS1.d814.s1.i1 -1.000000 -0.657861
DS1.d814.s0.i2 -1.000000 -0.112140
DS1.d814.s0.i1 -1.000000 -0.128711
DS1.d814.s0.i0 -1.000000 0.135527
DS1.d36.s2.i0 1.000000 0.149869
DS1.d36.s2.i1 1.000000 0.755272
DS1.d36.s0.i0 1.000000 1.504423
DS1.d36.s1.i0 1.000000 0.928305
DS1.d570.s2.i0 1.000000 1.026855
DS1.d570.s3.i0 1.000000 0.759132
DS1.d570.s0.i0 1.000000 0.948313
DS1.d570.s1.i0 1.000000 0.440312
DS1.d819.s0.i0 -1.000000 0.339461
DS1.d819.s0.i1 -1.000000 0.012157
DS1.d797.s1.i0 1.000000 0.582236
DS1.d797.s1.i1 1.000000 0.500432
DS1.d797.s1.i2 1.000000 0.549386
DS1.d797.s0.i0 1.000000 0.540464
DS1.d711.s0.i0 -1.000000 0.232544
DS1.d696.s3.i2 -1.000000 0.840143
DS1.d696.s3.i0 1.000000 0.626218
DS1.d696.s3.i1 1.000000 0.924380
DS1.d696.s2.i0 1.000000 1.209380
DS1.d696.s1.i0 1.000000 0.619944
DS1.d696.s1.i1 -1.000000 0.233220
DS1.d696.s0.i5 -1.000000 0.132024
DS1.d696.s0.i4 1.000000 0.568047
DS1.d696.s0.i3 1.000000 0.055162
DS1.d696.s0.i2 -1.000000 0.230310
DS1.d696.s0.i1 1.000000 0.536875
DS1.d696.s0.i0 1.000000 -0.046920
DS1.d696.s5.i0 1.000000 0.655729
DS1.d696.s5.i1 1.000000 0.320237
DS1.d696.s5.i2 -1.000000 0.541546
DS1.d696.s4.i0 1.000000 1.713395
DS1.d230.s0.i3 1.000000 0.780397
DS1.d230.s0.i2 1.000000 0.756229
DS1.d230.s0.i1 1.000000 0.757414
DS1.d230.s0.i0 1.000000 0.772817
DS1.d93.s0.i0 1.000000 0.321077
DS1.d119.s0.i2 -1.000000 -0.265652
DS1.d119.s0.i1 -1.000000 -0.313808
DS1.d119.s0.i0 -1.000000 -0.212392
DS1.d95.s0.i1 -1.000000 0.120265
DS1.d95.s0.i0 -1.000000 0.002979
DS1.d95.s0.i3 -1.000000 -0.139478
DS1.d95.s0.i2 -1.000000 -0.048152
DS1.d474.s0.i0 -1.000000 0.428816
DS1.d104.s0.i0 -1.000000 1.015580
DS1.d467.s0.i0 1.000000 1.007018
DS1.d113.s0.i1 -1.000000 0.323942
DS1.d113.s0.i0 -1.000000 0.323942
DS1.d640.s0.i0 -1.000000 0.339144
DS1.d744.s0.i1 -1.000000 -0.372664
DS1.d744.s0.i0 -1.000000 -0.364340
DS1.d400.s0.i0 1.000000 0.677114
DS1.d400.s0.i1 1.000000 0.289042
DS1.d593.s0.i0 1.000000 0.932868
DS1.d741.s0.i0 1.000000 0.778331
DS1.d769.s0.i0 1.000000 0.156906
DS1.d9.s0.i0 1.000000 1.088292
DS1.d304.s0.i0 -1.000000 0.547968
DS1.d573.s0.i3 1.000000 0.496180
DS1.d573.s0.i2 1.000000 0.751559
DS1.d573.s0.i1 1.000000 0.479028
DS1.d573.s0.i0 1.000000 0.752885
DS1.d426.s0.i0 1.000000 0.675625
DS1.d427.s0.i1 1.000000 0.496588
DS1.d427.s0.i0 1.000000 0.424185
DS1.d316.s0.i0 1.000000 0.478832
DS1.d316.s0.i1 1.000000 0.398883
DS1.d316.s1.i1 1.000000 0.052025
DS1.d316.s1.i0 1.000000 0.238549
DS1.d316.s2.i0 1.000000 0.730831
DS1.d316.s2.i1 1.000000 0.730831
DS1.d317.s0.i11 1.000000 0.066026
DS1.d317.s0.i10 1.000000 -0.078259
DS1.d317.s0.i7 1.000000 0.328739
DS1.d317.s0.i6 1.000000 0.163818
DS1.d317.s0.i5 1.000000 0.126121
DS1.d317.s0.i4 1.000000 -0.113570
DS1.d317.s0.i3 1.000000 0.086386
DS1.d317.s0.i2 1.000000 0.195419
DS1.d317.s0.i1 1.000000 0.114856
DS1.d317.s0.i0 1.000000 -0.035149
DS1.d317.s0.i9 1.000000 0.043236
DS1.d317.s0.i8 1.000000 0.011850
DS1.d178.s0.i0 1.000000 0.888500
DS1.d178.s1.i1 -1.000000 0.710578
DS1.d178.s1.i0 -1.000000 0.297144
DS1.d643.s0.i1 -1.000000 -0.264741
DS1.d643.s0.i0 -1.000000 0.158974
DS1.d643.s0.i3 1.000000 0.367278
DS1.d643.s0.i2 -1.000000 0.228356
DS1.d643.s0.i5 1.000000 0.270073
DS1.d643.s0.i4 -1.000000 -0.151058
DS1.d217.s0.i0 -1.000000 0.407954
DS1.d217.s1.i1 -1.000000 0.693834
DS1.d217.s1.i0 -1.000000 0.566510
DS1.d461.s0.i3 -1.000000 0.307537
DS1.d461.s0.i2 -1.000000 0.265050
DS1.d461.s0.i1 -1.000000 0.162072
DS1.d461.s0.i0 -1.000000 0.117286
DS1.d273.s0.i0 1.000000 1.092206
DS1.d273.s1.i1 1.000000 -0.049958
DS1.d273.s1.i0 1.000000 -0.675145
DS1.d272.s1.i2 1.000000 -0.296967
DS1.d272.s1.i0 1.000000 -0.357316
DS1.d272.s1.i1 1.000000 -0.166685
DS1.d272.s0.i1 1.000000 0.265969
DS1.d272.s0.i0 1.000000 0.157708
DS1.d272.s0.i2 1.000000 0.156166
DS1.d272.s3.i0 1.000000 0.340157
DS1.d272.s2.i0 1.000000 0.457730
DS1.d272.s4.i0 -1.000000 -0.178858
DS1.d550.s0.i6 -1.000000 0.149908
DS1.d550.s0.i7 -1.000000 0.274952
DS1.d550.s0.i4 -1.000000 0.164991
DS1.d550.s0.i5 -1.000000 -0.040916
DS1.d550.s0.i2 -1.000000 0.145503
DS1.d550.s0.i3 -1.000000 0.300927
DS1.d550.s0.i0 -1.000000 -0.065153
DS1.d550.s0.i1 -1.000000 -0.047107
DS1.d550.s0.i8 -1.000000 0.270989
DS1.d274.s0.i0 1.000000 0.570103
DS1.d13.s4.i1 -1.000000 0.683497
DS1.d13.s4.i0 1.000000 0.722770
DS1.d13.s3.i0 -1.000000 -0.330479
DS1.d13.s3.i1 -1.000000 -0.016325
DS1.d13.s2.i1 1.000000 0.430590
DS1.d13.s2.i0 1.000000 0.522738
DS1.d13.s2.i2 1.000000 0.742599
DS1.d13.s1.i0 1.000000 0.176248
DS1.d13.s0.i1 1.000000 1.015325
DS1.d13.s0.i0 1.000000 0.998661
DS1.d278.s0.i3 1.000000 0.995021
DS1.d278.s0.i2 1.000000 0.884584
DS1.d278.s0.i1 1.000000 0.884584
DS1.d278.s0.i0 1.000000 0.995021
DS1.d532.s0.i0 -1.000000 -0.204471
DS1.d188.s0.i1 -1.000000 0.251272
DS1.d188.s0.i0 -1.000000 0.295851
DS1.d336.s0.i0 1.000000 0.933207
DS1.d459.s0.i2 -1.000000 0.024481
DS1.d459.s0.i3 -1.000000 0.029606
DS1.d459.s0.i0 -1.000000 0.020252
DS1.d459.s0.i1 -1.000000 0.036168
DS1.d782.s0.i0 1.000000 0.877983
DS1.d347.s0.i0 1.000000 1.013590
DS1.d347.s1.i3 -1.000000 -0.096233
DS1.d347.s1.i2 -1.000000 0.048026
DS1.d347.s1.i1 -1.000000 -0.169944
DS1.d347.s1.i0 -1.000000 0.075383
DS1.d347.s1.i5 -1.000000 0.071036
DS1.d347.s1.i4 -1.000000 -0.160731
DS1.d122.s0.i0 1.000000 0.915532
DS1.d807.s1.i0 1.000000 0.270929
DS1.d807.s0.i1 1.000000 0.646442
DS1.d807.s0.i0 1.000000 0.705677
DS1.d539.s0.i1 -1.000000 -0.443686
DS1.d539.s0.i0 1.000000 0.433954
DS1.d692.s0.i1 1.000000 0.957961
DS1.d692.s0.i0 1.000000 0.884265
DS1.d141.s2.i0 1.000000 -0.362498
DS1.d141.s0.i0 -1.000000 0.781119
DS1.d141.s1.i1 1.000000 0.863359
DS1.d141.s1.i0 1.000000 0.533228
DS1.d84.s0.i1 -1.000000 -0.190596
DS1.d84.s0.i0 -1.000000 -0.038557
DS1.d126.s0.i0 1.000000 1.387064
DS1.d381.s0.i4 -1.000000 -0.061938
DS1.d381.s0.i5 -1.000000 0.152152
DS1.d381.s0.i2 1.000000 0.607313
DS1.d381.s0.i3 1.000000 0.505439
DS1.d381.s0.i0 -1.000000 0.026901
DS1.d381.s0.i1 1.000000 0.415048
DS1.d381.s1.i0 1.000000 0.287757
DS1.d526.s1.i0 1.000000 -0.297322
DS1.d526.s1.i1 1.000000 -0.297322
DS1.d526.s0.i1 1.000000 0.282887
DS1.d526.s0.i0 1.000000 0.687019
DS1.d526.s0.i3 1.000000 -0.166578
DS1.d526.s0.i2 1.000000 0.516898
DS1.d526.s2.i1 -1.000000 0.353773
DS1.d526.s2.i0 -1.000000 0.425977
DS1.d160.s0.i3 -1.000000 -0.013379
DS1.d160.s0.i2 -1.000000 0.131547
DS1.d160.s0.i1 -1.000000 -0.034601
DS1.d160.s0.i0 -1.000000 0.068812
DS1.d160.s0.i5 -1.000000 0.149856
DS1.d160.s0.i4 -1.000000 -0.083559
DS1.d42.s0.i0 1.000000 0.133959
DS1.d88.s0.i1 -1.000000 -0.328834
DS1.d88.s0.i0 -1.000000 -0.274776
DS1.d639.s0.i0 -1.000000 -0.592023
DS1.d582.s0.i1 1.000000 0.376814
DS1.d582.s0.i0 1.000000 0.136263
DS1.d228.s0.i0 1.000000 1.144838
DS1.d228.s1.i1 1.000000 0.380483
DS1.d228.s1.i0 1.000000 0.274566
DS1.d147.s0.i2 -1.000000 0.103999
DS1.d147.s0.i3 -1.000000 0.800216
DS1.d147.s0.i0 -1.000000 0.090941
DS1.d147.s0.i1 -1.000000 0.710600
DS1.d569.s0.i0 1.000000 1.303601
DS1.d569.s0.i1 -1.000000 0.644521
DS1.d124.s0.i3 1.000000 0.476033
DS1.d124.s0.i2 1.000000 0.418937
DS1.d124.s0.i1 1.000000 0.569678
DS1.d124.s0.i0 1.000000 0.602327
DS1.d124.s0.i5 1.000000 0.500572
DS1.d124.s0.i4 1.000000 0.519021
DS1.d565.s0.i0 1.000000 0.671433
DS1.d564.s0.i1 -1.000000 -0.276351
DS1.d564.s0.i0 -1.000000 -0.538875
DS1.d633.s2.i0 1.000000 0.814816
DS1.d633.s2.i1 1.000000 0.967439
DS1.d633.s3.i1 1.000000 1.341946
DS1.d633.s3.i0 1.000000 1.383208
DS1.d633.s0.i0 1.000000 0.764241
DS1.d633.s0.i1 1.000000 0.685171
DS1.d633.s0.i2 1.000000 0.885803
DS1.d633.s0.i3 1.000000 0.859266
DS1.d633.s1.i3 1.000000 0.338315
DS1.d633.s1.i2 1.000000 0.400857
DS1.d633.s1.i1 1.000000 0.450114
DS1.d633.s1.i0 1.000000 0.449675
DS1.d584.s0.i0 -1.000000 0.372150
DS1.d227.s0.i1 1.000000 0.338169
DS1.d227.s0.i0 1.000000 0.338169
DS1.d563.s0.i0 1.000000 0.198478
DS1.d563.s0.i1 1.000000 0.236764
DS1.d563.s0.i2 1.000000 0.056853
DS1.d563.s0.i3 1.000000 0.106600
DS1.d563.s0.i4 1.000000 0.427679
DS1.d563.s0.i5 1.000000 0.468947
DS1.d563.s0.i6 1.000000 -0.001404
DS1.d563.s0.i7 1.000000 0.162843
DS1.d520.s1.i0 1.000000 0.390002
DS1.d520.s1.i1 1.000000 -0.244211
DS1.d520.s1.i2 1.000000 -0.254591
DS1.d520.s0.i1 -1.000000 -0.766581
DS1.d520.s0.i0 1.000000 -0.096423
DS1.d579.s0.i1 -1.000000 0.489816
DS1.d579.s0.i0 -1.000000 0.359595
DS1.d579.s0.i3 -1.000000 0.298241
DS1.d579.s0.i2 -1.000000 0.300056
DS1.d200.s0.i0 1.000000 0.459369
DS1.d200.s0.i1 -1.000000 -0.383044
DS1.d498.s0.i1 1.000000 0.584641
DS1.d498.s0.i0 1.000000 0.584641
DS1.d683.s0.i5 -1.000000 0.016167
DS1.d683.s0.i4 -1.000000 0.025510
DS1.d683.s0.i1 -1.000000 -0.067856
DS1.d683.s0.i0 -1.000000 0.053392
DS1.d683.s0.i3 -1.000000 -0.106331
DS1.d683.s0.i2 -1.000000 -0.013868
DS1.d656.s0.i2 -1.000000 0.541832
DS1.d656.s0.i1 -1.000000 0.278777
DS1.d656.s0.i0 -1.000000 0.296044
DS1.d181.s0.i0 1.000000 0.694562
DS1.d183.s0.i2 -1.000000 0.830993
DS1.d183.s0.i0 -1.000000 0.735126
DS1.d183.s0.i1 -1.000000 0.824984
DS1.d269.s1.i2 -1.000000 -0.809630
DS1.d269.s1.i0 1.000000 -0.287682
DS1.d269.s1.i1 1.000000 -0.381924
DS1.d269.s0.i0 1.000000 0.994314
DS1.d269.s2.i3 -1.000000 -0.630662
DS1.d269.s2.i2 1.000000 0.024584
DS1.d269.s2.i1 -1.000000 -0.503108
DS1.d269.s2.i0 -1.000000 -0.296282
DS1.d269.s2.i7 -1.000000 -0.451198
DS1.d269.s2.i6 -1.000000 -0.566086
DS1.d269.s2.i5 -1.000000 -0.169131
DS1.d269.s2.i4 1.000000 -0.010911
DS1.d303.s0.i0 1.000000 0.644749
DS1.d303.s0.i1 -1.000000 -0.088883
DS1.d189.s0.i0 -1.000000 0.578219
DS1.d492.s1.i2 1.000000 0.465518
DS1.d492.s1.i0 1.000000 0.379203
DS1.d492.s1.i1 1.000000 0.509274
DS1.d492.s0.i1 -1.000000 0.447875
DS1.d492.s0.i0 1.000000 0.777333
DS1.d492.s3.i0 -1.000000 -0.399348
DS1.d492.s2.i0 1.000000 0.708452
