DS.d9.s0.i0 1.0 0.256626336451
DS.d9.s0.i1 1.0 0.430337016472
DS.d19.s0.i0 -1 0.387717436934
DS.d19.s1.i0 1.0 0.412158877171
DS.d37.s0.i0 1.0 0.523436824172
DS.d51.s0.i0 1.0 0.546102076186
DS.d51.s0.i1 1.0 0.600957128049
DS.d60.s0.i0 1.0 1.64025384072
DS.d67.s0.i0 -1 -2.33039746189
DS.d67.s0.i1 -1 -0.512398078448
DS.d82.s0.i0 -1 0.702938011136
DS.d82.s1.i0 1.0 1.17583371483
DS.d101.s0.i0 1.0 1.05905889613
DS.d101.s1.i0 1.0 1.00032982883
DS.d103.s0.i0 -1 0.261004389053
DS.d103.s0.i1 -1 0.0679100705435
DS.d119.s0.i0 1.0 0.653407171586
DS.d125.s0.i0 -1 -0.911774743084
DS.d125.s0.i1 -1 0.310399807335
DS.d125.s1.i0 -1 -1.11768885437
DS.d125.s1.i1 -1 0.0677404850785
DS.d129.s0.i0 -1 0.512380150098
DS.d129.s0.i1 -1 0.680156717689
DS.d129.s1.i0 -1 1.11792212369
DS.d131.s0.i0 1.0 1.34864752372
DS.d156.s0.i0 1.0 -0.237218241367
DS.d175.s0.i0 1.0 0.974528908906
DS.d176.s0.i0 -1 -0.739719677285
DS.d191.s0.i0 -1 -0.107339709925
DS.d193.s0.i0 1.0 -0.805489552902
DS.d193.s0.i1 1.0 -0.38825096979
DS.d206.s0.i0 1.0 0.973738583046
DS.d206.s0.i1 1.0 -0.109197069623
DS.d214.s0.i0 1.0 0.326636560207
DS.d224.s0.i0 1.0 -0.24278542584
DS.d224.s0.i1 1.0 -0.326002655618
DS.d224.s1.i0 1.0 0.359414529382
DS.d224.s2.i0 -1 0.386117564455
DS.d224.s2.i1 -1 -0.617950521878
DS.d230.s0.i0 1.0 1.14373868742
DS.d241.s0.i0 1.0 1.3995296862
DS.d241.s1.i0 1.0 0.847776575833
DS.d249.s0.i0 1.0 0.623898815482
DS.d249.s1.i0 -1 0.415816353527
DS.d256.s0.i0 1.0 0.83423071898
DS.d256.s0.i1 1.0 1.31463798229
DS.d280.s0.i0 1.0 0.850403185225
DS.d280.s0.i1 1.0 0.850403185225
DS.d296.s0.i0 -1 -0.607873143126
DS.d296.s0.i1 -1 -0.430484332818
DS.d304.s0.i0 -1 -0.765780371005
DS.d306.s0.i0 -1 -0.58758017318
DS.d308.s0.i0 1.0 0.433194408901
DS.d308.s0.i1 1.0 0.61538337283
DS.d308.s1.i0 1.0 0.853416152744
DS.d315.s0.i0 1.0 1.05321219905
DS.d319.s0.i0 1.0 0.903240616042
DS.d323.s0.i0 -1 0.9132248831
DS.d330.s0.i0 1.0 0.234960557586
DS.d354.s0.i0 -1 -1.14367440838
DS.d354.s1.i0 -1 -1.16747974994
DS.d360.s0.i0 1.0 0.809451922683
DS.d369.s0.i0 -1 -1.43794277383
DS.d369.s1.i0 -1 -1.53443620743
DS.d369.s2.i0 -1 -0.904978314274
DS.d374.s0.i0 1.0 0.283835475459
DS.d374.s0.i1 1.0 0.52579662138
DS.d374.s1.i0 1.0 0.604421126635
DS.d374.s1.i1 1.0 0.42289579571
DS.d374.s2.i0 -1 0.035802712296
DS.d387.s0.i0 1.0 0.27490283043
DS.d387.s0.i1 1.0 -0.0533851789836
DS.d387.s1.i0 1.0 0.708255543172
DS.d393.s0.i0 1.0 0.64615022322
DS.d393.s0.i1 1.0 0.777904197291
DS.d393.s0.i2 1.0 0.504308862692
DS.d393.s0.i3 1.0 0.176681778027
DS.d393.s0.i4 1.0 0.461043774614
DS.d393.s0.i5 1.0 0.498603537004
DS.d393.s0.i6 1.0 0.841562330299
DS.d393.s0.i7 1.0 0.571090834203
DS.d393.s0.i8 1.0 0.413008594666
DS.d393.s0.i9 1.0 0.743974777015
DS.d393.s0.i10 1.0 0.264699593512
DS.d393.s0.i11 1.0 0.519658304094
DS.d393.s0.i12 1.0 0.299860221061
DS.d393.s0.i13 1.0 0.449265528009
DS.d393.s0.i14 1.0 0.399808422792
DS.d393.s1.i0 1.0 0.540746621477
DS.d393.s1.i1 -1 -0.222913171385
DS.d393.s2.i0 1.0 0.69695709447
DS.d393.s2.i1 1.0 1.34809341342
DS.d393.s3.i0 1.0 -0.71844471598
DS.d395.s0.i0 1.0 -0.130201211045
DS.d395.s0.i1 1.0 0.0587748690232
DS.d397.s0.i0 -1 -0.569556397684
DS.d397.s0.i1 -1 -0.393401034316
DS.d397.s0.i2 -1 -0.536408448957
DS.d397.s0.i3 -1 -0.666158865246
DS.d397.s0.i4 -1 -0.593867628416
DS.d397.s0.i5 -1 -0.527748232729
DS.d397.s0.i6 -1 -0.400735867783
DS.d397.s0.i7 -1 -0.668336754854
DS.d397.s0.i8 -1 -0.729553281244
DS.d397.s0.i9 -1 -0.507454548905
DS.d397.s1.i0 1.0 -0.188144315799
DS.d432.s0.i0 -1 0.855418022653
DS.d432.s0.i1 1.0 1.1302074493
DS.d432.s1.i0 1.0 -0.225509396866
DS.d432.s1.i1 1.0 0.186714394197
DS.d468.s0.i0 1.0 1.29869962188
DS.d468.s0.i1 -1 1.01744241011
DS.d468.s1.i0 1.0 0.737299556369
DS.d468.s1.i1 1.0 0.778811872369
DS.d468.s2.i0 -1 1.53372098164
DS.d479.s0.i0 1.0 1.47709940716
DS.d483.s0.i0 -1 0.123819831013
DS.d491.s0.i0 1.0 0.0294474337034
DS.d491.s0.i1 1.0 -0.330680500096
DS.d491.s0.i2 1.0 -0.547875933135
DS.d502.s0.i0 1.0 0.0474682761862
DS.d502.s0.i1 1.0 -0.0207113059015
DS.d502.s1.i0 -1 -0.3860657819
DS.d502.s1.i1 -1 -0.566890559285
DS.d514.s0.i0 -1 -0.837125853082
DS.d514.s0.i1 -1 -0.813009284269
DS.d514.s0.i2 -1 -0.782792187495
DS.d514.s0.i3 -1 -0.973658057893
DS.d514.s0.i4 -1 -0.688652555724
DS.d514.s0.i5 -1 -0.687112760524
DS.d514.s0.i6 -1 -0.867035403644
DS.d514.s0.i7 -1 -0.752368942629
DS.d515.s0.i0 -1 -0.887854396077
DS.d519.s0.i0 -1 -1.1001951551
DS.d529.s0.i0 1.0 1.18557595738
DS.d529.s1.i0 -1 -0.830749684942
DS.d532.s0.i0 1.0 0.634786983985
DS.d532.s1.i0 -1 -0.0820872465986
DS.d535.s0.i0 -1 -0.324400196143
DS.d535.s0.i1 -1 -0.41378536661
DS.d536.s0.i0 1.0 1.64704037834
DS.d576.s0.i0 1.0 -0.0690620871404
DS.d576.s1.i0 1.0 -0.304364538953
DS.d576.s2.i0 1.0 -0.00939323914063
DS.d577.s0.i0 1.0 1.23094227188
DS.d577.s0.i1 1.0 1.46491167957
DS.d577.s0.i2 1.0 1.54883907444
DS.d585.s0.i0 1.0 1.27302421895
DS.d585.s0.i1 1.0 1.19737628868
DS.d590.s0.i0 -1 -0.906616620634
DS.d590.s0.i1 -1 -0.996263484234
DS.d590.s0.i2 1.0 -0.126433255614
DS.d590.s0.i3 -1 -0.768249898953
DS.d590.s0.i4 1.0 0.0909521968395
DS.d590.s0.i5 -1 -1.19850964052
DS.d593.s0.i0 -1 0.123367769844
DS.d593.s1.i0 1.0 -0.202336987917
DS.d596.s0.i0 1.0 1.15409806434
DS.d596.s0.i1 1.0 1.14049558098
DS.d602.s0.i0 1.0 0.709653182727
DS.d602.s0.i1 1.0 0.697990799453
DS.d610.s0.i0 1.0 0.593823309889
DS.d610.s1.i0 1.0 0.325532695934
DS.d610.s1.i1 1.0 0.739655595182
DS.d620.s0.i0 -1 -0.303175615718
DS.d620.s0.i1 1.0 -0.544593494247
DS.d635.s0.i0 1.0 0.539431585109
DS.d635.s0.i1 1.0 0.320590095217
DS.d635.s0.i2 1.0 0.370397745669
DS.d635.s0.i3 1.0 0.370351185033
DS.d635.s0.i4 1.0 0.454343417689
DS.d635.s0.i5 1.0 0.539431585109
DS.d647.s0.i0 -1 -0.184107345053
DS.d647.s0.i1 -1 0.326868365497
DS.d659.s0.i0 -1 -0.442319376666
DS.d665.s0.i0 1.0 0.187281815771
DS.d665.s1.i0 1.0 1.56264603951
DS.d674.s0.i0 -1 -0.755290636246
DS.d674.s0.i1 -1 0.482237943104
DS.d674.s0.i2 -1 -0.429902087678
DS.d674.s0.i3 -1 -0.856461907305
DS.d729.s0.i0 -1 -0.794916134486
DS.d729.s1.i0 -1 -1.11156534392
DS.d731.s0.i0 1.0 0.591065792027
DS.d735.s0.i0 1.0 1.05540118908
DS.d735.s0.i1 1.0 0.554116416423
DS.d735.s0.i2 1.0 0.781371115142
DS.d735.s0.i3 1.0 1.05540118908
DS.d735.s0.i4 1.0 0.554116416423
DS.d735.s0.i5 1.0 0.781371115142
DS.d735.s1.i0 -1 1.46113813564
DS.d735.s1.i1 -1 1.32365355131
DS.d735.s1.i2 1.0 1.76708956893
DS.d735.s2.i0 1.0 0.30143941767
DS.d735.s2.i1 1.0 -0.0508394362217
DS.d735.s3.i0 1.0 0.297197875413
DS.d735.s3.i1 1.0 0.618170848583
DS.d746.s0.i0 -1 0.957401059672
DS.d746.s1.i0 1.0 0.334697836535
DS.d746.s2.i0 1.0 0.169698734934
DS.d750.s0.i0 1.0 0.82656446831
DS.d750.s0.i1 1.0 0.566872810006
DS.d750.s1.i0 1.0 1.10198858062
DS.d750.s2.i0 1.0 0.439295738356
DS.d750.s2.i1 1.0 0.142651536015
DS.d758.s0.i0 -1 -1.34014419638
DS.d764.s0.i0 1.0 0.574620592006
DS.d766.s0.i0 1.0 0.811564357055
DS.d766.s1.i0 1.0 0.482425530986
DS.d766.s1.i1 1.0 0.284415443834
DS.d774.s0.i0 -1 -1.18926766055
DS.d774.s0.i1 -1 -1.78895410047
DS.d774.s1.i0 -1 -0.13027307272
DS.d774.s1.i1 -1 -1.18036842093
DS.d774.s1.i2 -1 -0.880224370784
DS.d774.s2.i0 -1 -0.30702188528
DS.d774.s2.i1 -1 -1.19973593499
DS.d783.s0.i0 1.0 0.000903693552016
DS.d783.s1.i0 1.0 -0.0572148980202
DS.d785.s0.i0 1.0 0.840619859904
DS.d797.s0.i0 -1 -0.0995696836706
DS.d797.s1.i0 -1 0.986734726511
DS.d798.s0.i0 1.0 0.771034704463
DS.d819.s0.i0 1.0 0.329081750192
DS.d819.s0.i1 1.0 0.254573458923
DS.d841.s0.i0 1.0 1.02612011178
DS.d843.s0.i0 -1 -1.32529512337
DS.d843.s1.i0 -1 -1.06264448008
DS.d848.s0.i0 1.0 1.99967698881
DS.d848.s1.i0 1.0 1.21582285511
DS.d848.s1.i1 1.0 1.08632078716
DS.d848.s1.i2 1.0 1.06391253576
DS.d849.s0.i0 -1 -0.549874572237
DS.d851.s0.i0 1.0 1.61326990354
DS.d851.s0.i1 1.0 1.58776627491
DS.d851.s1.i0 1.0 1.0721268649
DS.d857.s0.i0 1.0 0.0852532274164
DS.d857.s1.i0 1.0 0.643873488723
DS.d876.s0.i0 -1 0.801860322573
DS.d876.s0.i1 1.0 0.314959140671
DS.d891.s0.i0 1.0 1.32821485286
DS.d891.s0.i1 1.0 1.25280441037
DS.d891.s1.i0 -1 -0.241070831861
DS.d891.s1.i1 -1 -0.49638669647
DS.d903.s0.i0 1.0 0.547263749661
DS.d916.s0.i0 1.0 0.858371165031
DS.d921.s0.i0 1.0 1.71872320536
DS.d924.s0.i0 -1 0.163460116198
DS.d924.s0.i1 -1 0.296268148625
DS.d935.s0.i0 1.0 0.883561781456
DS.d935.s0.i1 1.0 1.03340040676
DS.d936.s0.i0 1.0 0.162558772447
DS.d936.s1.i0 1.0 0.0146073831316
DS.d957.s0.i0 1.0 0.232711287355
DS.d957.s0.i1 1.0 0.0752283719537
DS.d965.s0.i0 -1 0.807679669459
DS.d1000.s0.i0 -1 0.263415256726
DS.d1011.s0.i0 1.0 0.828602792532
DS.d1011.s1.i0 1.0 0.877653500256
DS.d1019.s0.i0 1.0 1.29297953103
DS.d1031.s0.i0 1.0 0.698852695712
DS.d1031.s0.i1 1.0 0.698852695712
DS.d1039.s0.i0 -1 -1.38695283894
DS.d1039.s0.i1 -1 -0.381421797816
DS.d1039.s0.i2 -1 -0.767307718039
DS.d1039.s0.i3 -1 -0.47802500552
DS.d1042.s0.i0 1.0 0.158636830594
DS.d1042.s1.i0 1.0 0.741772185787
DS.d1042.s2.i0 1.0 -0.175400851277
DS.d1063.s0.i0 1.0 0.41539452808
DS.d1063.s0.i1 1.0 0.522488590874
