DS2.d651.s0.i1 1.000000 -0.032063
DS2.d651.s0.i0 1.000000 -0.013889
DS2.d651.s0.i3 1.000000 -0.055183
DS2.d651.s0.i2 1.000000 -0.070075
DS2.d69.s0.i2 -1.000000 0.124248
DS2.d69.s0.i1 -1.000000 -0.043418
DS2.d69.s0.i0 -1.000000 0.140630
DS2.d1034.s0.i0 1.000000 0.557500
DS2.d1034.s0.i1 1.000000 0.570611
DS2.d1034.s1.i0 -1.000000 0.030938
DS2.d1032.s0.i0 1.000000 -0.367345
DS2.d435.s0.i11 1.000000 -0.249698
DS2.d435.s0.i10 1.000000 -0.228611
DS2.d435.s0.i12 1.000000 -0.216220
DS2.d435.s0.i13 1.000000 -0.254021
DS2.d435.s0.i5 1.000000 -0.253154
DS2.d435.s0.i4 1.000000 -0.240880
DS2.d435.s0.i7 1.000000 -0.203297
DS2.d435.s0.i6 1.000000 -0.241055
DS2.d435.s0.i1 1.000000 -0.066634
DS2.d435.s0.i0 1.000000 -0.265943
DS2.d435.s0.i3 1.000000 -0.228630
DS2.d435.s0.i2 1.000000 -0.237622
DS2.d435.s0.i15 1.000000 -0.215830
DS2.d435.s0.i9 1.000000 -0.059347
DS2.d435.s0.i8 1.000000 -0.197566
DS2.d435.s0.i14 1.000000 -0.206073
DS2.d1043.s0.i0 -1.000000 -0.118749
DS2.d169.s0.i1 -1.000000 -0.514777
DS2.d169.s0.i0 -1.000000 -0.552985
DS2.d438.s0.i0 -1.000000 -0.005356
DS2.d737.s0.i0 1.000000 0.529406
DS2.d538.s0.i0 -1.000000 0.612158
DS2.d53.s0.i0 1.000000 0.685735
DS2.d53.s0.i1 1.000000 0.456862
DS2.d53.s0.i2 1.000000 0.631946
DS2.d1008.s0.i0 1.000000 0.353016
DS2.d58.s0.i3 1.000000 0.416261
DS2.d58.s0.i2 1.000000 0.230820
DS2.d58.s0.i1 1.000000 0.409827
DS2.d58.s0.i0 1.000000 0.231585
DS2.d58.s0.i5 1.000000 0.412755
DS2.d58.s0.i4 1.000000 0.342885
DS2.d822.s1.i0 1.000000 0.166994
DS2.d822.s0.i0 1.000000 0.324379
DS2.d174.s1.i2 1.000000 -0.010530
DS2.d174.s1.i3 1.000000 0.052384
DS2.d174.s1.i0 1.000000 0.067218
DS2.d174.s1.i1 1.000000 -0.021923
DS2.d174.s0.i1 1.000000 0.968370
DS2.d174.s0.i0 1.000000 0.848280
DS2.d423.s0.i0 1.000000 0.966528
DS2.d423.s0.i1 1.000000 0.947814
DS2.d425.s0.i0 1.000000 0.002866
DS2.d425.s1.i1 1.000000 0.191984
DS2.d425.s1.i0 1.000000 0.216392
DS2.d425.s2.i0 -1.000000 -0.457032
DS2.d425.s3.i0 1.000000 0.613288
DS2.d343.s0.i0 -1.000000 -0.164474
DS2.d346.s0.i0 1.000000 0.311151
DS2.d346.s1.i1 -1.000000 -0.179919
DS2.d346.s1.i0 -1.000000 -0.110158
DS2.d505.s4.i0 1.000000 0.434785
DS2.d505.s1.i0 1.000000 0.974849
DS2.d505.s0.i0 1.000000 -0.211482
DS2.d505.s3.i0 1.000000 0.850332
DS2.d505.s2.i0 1.000000 1.206434
DS2.d975.s0.i0 1.000000 0.787842
DS2.d975.s0.i1 1.000000 0.313165
DS2.d975.s0.i2 1.000000 0.467178
DS2.d975.s0.i3 1.000000 0.292776
DS2.d1015.s0.i3 1.000000 0.379124
DS2.d1015.s0.i2 1.000000 0.216132
DS2.d1015.s0.i1 1.000000 0.379124
DS2.d1015.s0.i0 1.000000 0.216132
DS2.d1015.s0.i5 1.000000 0.420839
DS2.d1015.s0.i4 1.000000 0.420839
DS2.d590.s0.i5 -1.000000 -0.640169
DS2.d590.s0.i4 1.000000 -0.292719
DS2.d590.s0.i3 -1.000000 -0.712369
DS2.d590.s0.i2 1.000000 -0.250592
DS2.d590.s0.i1 -1.000000 -0.666805
DS2.d590.s0.i0 -1.000000 -0.652551
DS2.d455.s0.i1 -1.000000 0.902734
DS2.d455.s0.i0 -1.000000 0.792175
DS2.d147.s0.i0 1.000000 0.312623
DS2.d519.s0.i0 -1.000000 -0.000300
DS2.d354.s1.i0 -1.000000 -0.431624
DS2.d354.s0.i0 -1.000000 -0.029637
DS2.d510.s0.i0 1.000000 1.200901
DS2.d294.s0.i0 1.000000 0.063050
DS2.d512.s0.i0 -1.000000 0.087455
DS2.d754.s1.i0 1.000000 0.463186
DS2.d754.s0.i1 1.000000 0.484281
DS2.d754.s0.i0 1.000000 0.484281
DS2.d752.s0.i1 1.000000 0.265462
DS2.d752.s0.i0 1.000000 0.320886
DS2.d615.s0.i0 1.000000 -0.277777
DS2.d759.s0.i0 1.000000 0.368539
DS2.d759.s0.i1 1.000000 0.402742
DS2.d382.s2.i0 -1.000000 -0.244431
DS2.d382.s2.i1 -1.000000 -0.781841
DS2.d382.s0.i11 -1.000000 -0.671160
DS2.d382.s0.i10 -1.000000 -0.541380
DS2.d382.s0.i8 -1.000000 -0.669548
DS2.d382.s0.i9 -1.000000 -0.511304
DS2.d382.s0.i0 -1.000000 -0.572569
DS2.d382.s0.i1 -1.000000 -0.636496
DS2.d382.s0.i2 -1.000000 -0.466643
DS2.d382.s0.i3 -1.000000 -0.626025
DS2.d382.s0.i4 -1.000000 -0.659055
DS2.d382.s0.i5 -1.000000 -0.684171
DS2.d382.s0.i6 -1.000000 -0.421385
DS2.d382.s0.i7 -1.000000 -0.485962
DS2.d382.s1.i3 -1.000000 -0.546681
DS2.d382.s1.i2 -1.000000 -0.423121
DS2.d382.s1.i1 -1.000000 -0.609665
DS2.d382.s1.i0 -1.000000 -0.830437
DS2.d382.s1.i5 -1.000000 -0.579291
DS2.d382.s1.i4 -1.000000 -0.895779
DS2.d35.s0.i0 1.000000 0.939807
DS2.d35.s0.i1 1.000000 0.997633
DS2.d884.s1.i0 1.000000 0.278350
DS2.d884.s0.i1 1.000000 1.078527
DS2.d884.s0.i0 1.000000 1.064186
DS2.d884.s2.i1 1.000000 0.405801
DS2.d884.s2.i0 1.000000 0.398113
DS2.d881.s0.i0 1.000000 0.239153
DS2.d881.s0.i1 1.000000 0.444876
DS2.d881.s0.i2 1.000000 0.205594
DS2.d881.s0.i3 -1.000000 0.204642
DS2.d680.s0.i0 1.000000 -0.194549
DS2.d441.s0.i0 1.000000 0.562862
DS2.d441.s1.i0 1.000000 0.328818
DS2.d686.s1.i0 1.000000 -0.164861
DS2.d686.s1.i1 1.000000 -0.374369
DS2.d686.s0.i1 1.000000 0.501417
DS2.d686.s0.i0 1.000000 0.193035
DS2.d768.s0.i0 1.000000 0.708278
DS2.d768.s1.i0 1.000000 0.349634
DS2.d287.s0.i0 1.000000 0.880464
DS2.d525.s0.i0 1.000000 1.342653
DS2.d953.s0.i0 -1.000000 0.361006
DS2.d606.s0.i1 1.000000 0.750181
DS2.d606.s0.i0 1.000000 0.741701
DS2.d814.s0.i0 -1.000000 -0.440997
DS2.d814.s0.i1 -1.000000 -0.812381
DS2.d814.s1.i1 -1.000000 -1.250945
DS2.d814.s1.i0 -1.000000 -1.214364
DS2.d814.s1.i2 -1.000000 -1.273109
DS2.d814.s2.i0 -1.000000 -0.628821
DS2.d28.s0.i2 1.000000 -0.047757
DS2.d28.s0.i0 1.000000 0.038345
DS2.d28.s0.i1 1.000000 0.143557
DS2.d449.s0.i0 1.000000 0.601771
DS2.d449.s0.i1 1.000000 0.585102
DS2.d379.s0.i2 1.000000 0.215808
DS2.d379.s0.i0 1.000000 0.391864
DS2.d379.s0.i1 1.000000 0.391864
DS2.d379.s1.i5 1.000000 0.973258
DS2.d379.s1.i4 1.000000 0.879846
DS2.d379.s1.i1 1.000000 0.919113
DS2.d379.s1.i0 1.000000 0.919113
DS2.d379.s1.i3 1.000000 0.879846
DS2.d379.s1.i2 1.000000 0.941978
DS2.d376.s1.i0 -1.000000 0.089037
DS2.d376.s0.i0 -1.000000 -0.254036
DS2.d775.s0.i0 1.000000 0.693527
DS2.d775.s1.i0 1.000000 0.239115
DS2.d279.s0.i3 1.000000 -0.095915
DS2.d279.s0.i2 1.000000 0.223377
DS2.d279.s0.i1 1.000000 0.454318
DS2.d279.s0.i0 1.000000 0.242618
DS2.d279.s0.i7 1.000000 0.207721
DS2.d279.s0.i6 1.000000 0.434540
DS2.d279.s0.i5 1.000000 0.497772
DS2.d279.s0.i4 1.000000 0.157028
DS2.d671.s1.i4 -1.000000 -0.936853
DS2.d671.s1.i5 -1.000000 -0.979371
DS2.d671.s1.i0 -1.000000 -1.214540
DS2.d671.s1.i1 -1.000000 -1.001126
DS2.d671.s1.i2 -1.000000 -1.030553
DS2.d671.s1.i3 1.000000 -0.745880
DS2.d671.s0.i0 1.000000 0.445900
DS2.d673.s1.i0 1.000000 0.172187
DS2.d673.s0.i0 1.000000 1.126715
DS2.d570.s0.i0 -1.000000 0.236953
DS2.d802.s0.i3 -1.000000 0.208987
DS2.d802.s0.i2 1.000000 0.220329
DS2.d802.s0.i1 -1.000000 0.154340
DS2.d802.s0.i0 1.000000 0.385831
DS2.d891.s1.i0 -1.000000 -0.039153
DS2.d891.s1.i1 -1.000000 -0.229374
DS2.d891.s0.i1 1.000000 0.598476
DS2.d891.s0.i0 1.000000 0.548295
DS2.d909.s1.i0 -1.000000 -0.399770
DS2.d909.s0.i0 -1.000000 -0.003132
DS2.d1.s0.i0 1.000000 0.918423
DS2.d985.s0.i1 -1.000000 0.101903
DS2.d985.s0.i0 -1.000000 0.013704
DS2.d300.s0.i0 -1.000000 0.611157
DS2.d300.s0.i1 -1.000000 0.664424
DS2.d301.s0.i0 -1.000000 -0.283992
DS2.d781.s0.i1 1.000000 0.196678
DS2.d781.s0.i0 1.000000 0.338280
DS2.d787.s1.i0 1.000000 0.183739
DS2.d787.s0.i1 1.000000 0.955930
DS2.d787.s0.i0 1.000000 1.129290
DS2.d787.s0.i3 1.000000 0.850906
DS2.d787.s0.i2 1.000000 1.221029
DS2.d833.s1.i0 1.000000 1.000792
DS2.d833.s0.i1 1.000000 0.103010
DS2.d833.s0.i0 1.000000 0.406519
DS2.d830.s0.i0 1.000000 0.348099
DS2.d836.s0.i0 1.000000 -0.083503
DS2.d836.s0.i1 1.000000 -0.141902
DS2.d837.s0.i0 1.000000 0.761477
DS2.d661.s0.i0 -1.000000 -0.177923
DS2.d637.s0.i0 -1.000000 0.342364
DS2.d704.s0.i2 -1.000000 -1.057138
DS2.d704.s0.i0 -1.000000 -0.928605
DS2.d704.s0.i1 -1.000000 -0.997278
DS2.d668.s0.i0 1.000000 1.091579
DS2.d852.s0.i0 1.000000 -0.177375
DS2.d852.s0.i1 1.000000 0.101427
DS2.d857.s1.i0 1.000000 0.949479
DS2.d857.s0.i0 1.000000 0.257752
DS2.d858.s0.i0 1.000000 -0.172036
DS2.d858.s1.i0 1.000000 0.706913
DS2.d687.s0.i0 1.000000 0.078644
DS2.d992.s0.i0 1.000000 0.786625
DS2.d181.s0.i1 -1.000000 -0.155583
DS2.d181.s0.i0 -1.000000 -0.116389
DS2.d181.s0.i3 -1.000000 -0.137002
DS2.d181.s0.i2 1.000000 0.064869
DS2.d181.s0.i4 -1.000000 0.000266
DS2.d999.s0.i0 1.000000 0.424703
DS2.d999.s1.i1 1.000000 0.959033
DS2.d999.s1.i0 1.000000 0.978614
DS2.d999.s2.i0 1.000000 0.198477
DS2.d256.s0.i0 1.000000 0.105025
DS2.d256.s0.i1 1.000000 0.334850
DS2.d412.s0.i0 1.000000 -0.029497
DS2.d412.s0.i1 1.000000 0.365327
DS2.d108.s0.i0 1.000000 0.476319
DS2.d251.s0.i1 -1.000000 0.328721
DS2.d251.s0.i0 -1.000000 0.293702
DS2.d105.s0.i1 -1.000000 -0.106684
DS2.d105.s0.i0 -1.000000 -0.068582
DS2.d825.s0.i0 1.000000 0.975461
DS2.d825.s1.i1 -1.000000 0.067112
DS2.d825.s1.i0 -1.000000 0.092383
DS2.d825.s1.i2 -1.000000 0.090250
DS2.d821.s0.i0 1.000000 1.173263
DS2.d390.s1.i0 1.000000 -0.323236
DS2.d390.s0.i1 1.000000 -0.151313
DS2.d390.s0.i0 1.000000 -0.135726
DS2.d713.s0.i0 1.000000 0.906899
DS2.d713.s0.i1 -1.000000 0.689378
DS2.d713.s1.i0 -1.000000 0.609296
DS2.d199.s0.i2 1.000000 0.107372
DS2.d199.s0.i0 1.000000 -0.086219
DS2.d199.s0.i1 1.000000 0.009218
DS2.d72.s0.i2 -1.000000 -0.586200
DS2.d72.s0.i1 -1.000000 -0.627168
DS2.d72.s0.i0 -1.000000 -0.557578
DS2.d844.s0.i1 -1.000000 0.312435
DS2.d844.s0.i0 -1.000000 0.297888
DS2.d192.s0.i0 -1.000000 0.213656
DS2.d658.s0.i0 1.000000 0.489190
DS2.d1024.s0.i0 1.000000 1.146763
DS2.d321.s0.i0 1.000000 -0.373047
DS2.d327.s0.i2 -1.000000 -0.270989
DS2.d327.s0.i1 -1.000000 -0.244875
DS2.d327.s0.i0 -1.000000 -0.350806
DS2.d243.s0.i0 1.000000 0.461359
DS2.d113.s0.i0 1.000000 1.244533
DS2.d113.s0.i1 1.000000 1.256450
DS2.d113.s1.i0 1.000000 0.728098
DS2.d115.s0.i0 1.000000 -0.063641
DS2.d115.s0.i1 1.000000 0.012880
DS2.d115.s1.i0 1.000000 0.669728
DS2.d795.s0.i0 1.000000 0.699060
DS2.d644.s0.i0 -1.000000 -0.127670
DS2.d80.s0.i0 1.000000 0.355355
DS2.d80.s1.i0 -1.000000 0.779670
DS2.d640.s0.i1 1.000000 0.468386
DS2.d640.s0.i0 1.000000 0.692330
DS2.d918.s1.i0 1.000000 0.415534
DS2.d918.s0.i1 1.000000 0.064418
DS2.d918.s0.i0 1.000000 0.295238
DS2.d724.s0.i10 -1.000000 -0.606587
DS2.d724.s0.i11 -1.000000 -0.599130
DS2.d724.s0.i4 -1.000000 -0.623346
DS2.d724.s0.i5 -1.000000 -0.642475
DS2.d724.s0.i6 -1.000000 -0.600523
DS2.d724.s0.i7 -1.000000 -0.655189
DS2.d724.s0.i0 -1.000000 -0.641632
DS2.d724.s0.i1 -1.000000 -0.620714
DS2.d724.s0.i2 -1.000000 -0.640482
DS2.d724.s0.i3 -1.000000 -0.649668
DS2.d724.s0.i8 -1.000000 -0.624871
DS2.d724.s0.i9 -1.000000 -0.601096
