DS2.d651.s0.i1 1.000000 -0.065095
DS2.d651.s0.i0 1.000000 -0.032720
DS2.d651.s0.i3 1.000000 -0.133163
DS2.d651.s0.i2 1.000000 -0.136799
DS2.d69.s0.i2 -1.000000 0.222272
DS2.d69.s0.i1 -1.000000 -0.019517
DS2.d69.s0.i0 -1.000000 0.200017
DS2.d1034.s0.i0 1.000000 0.568085
DS2.d1034.s0.i1 1.000000 0.620177
DS2.d1034.s1.i0 -1.000000 0.030216
DS2.d1032.s0.i0 1.000000 -0.438274
DS2.d435.s0.i11 1.000000 -0.072306
DS2.d435.s0.i10 1.000000 -0.041992
DS2.d435.s0.i12 1.000000 -0.063480
DS2.d435.s0.i13 1.000000 -0.116175
DS2.d435.s0.i5 1.000000 -0.076002
DS2.d435.s0.i4 1.000000 -0.058890
DS2.d435.s0.i7 1.000000 -0.045847
DS2.d435.s0.i6 1.000000 -0.097910
DS2.d435.s0.i1 1.000000 0.090008
DS2.d435.s0.i0 1.000000 -0.094052
DS2.d435.s0.i3 1.000000 -0.080592
DS2.d435.s0.i2 1.000000 -0.094308
DS2.d435.s0.i15 1.000000 -0.024594
DS2.d435.s0.i9 1.000000 0.058899
DS2.d435.s0.i8 1.000000 -0.053944
DS2.d435.s0.i14 1.000000 -0.028424
DS2.d1043.s0.i0 -1.000000 -0.306449
DS2.d169.s0.i1 -1.000000 -0.647138
DS2.d169.s0.i0 -1.000000 -0.613010
DS2.d438.s0.i0 -1.000000 -0.058133
DS2.d737.s0.i0 1.000000 0.681554
DS2.d538.s0.i0 -1.000000 0.697054
DS2.d53.s0.i0 1.000000 0.660801
DS2.d53.s0.i1 1.000000 0.524569
DS2.d53.s0.i2 1.000000 0.702534
DS2.d1008.s0.i0 1.000000 0.383903
DS2.d58.s0.i3 1.000000 0.336988
DS2.d58.s0.i2 1.000000 0.201531
DS2.d58.s0.i1 1.000000 0.324346
DS2.d58.s0.i0 1.000000 0.219181
DS2.d58.s0.i5 1.000000 0.374006
DS2.d58.s0.i4 1.000000 0.274953
DS2.d822.s1.i0 1.000000 0.223912
DS2.d822.s0.i0 1.000000 0.444993
DS2.d174.s1.i2 1.000000 -0.118495
DS2.d174.s1.i3 1.000000 0.009316
DS2.d174.s1.i0 1.000000 0.057918
DS2.d174.s1.i1 1.000000 -0.157070
DS2.d174.s0.i1 1.000000 1.008814
DS2.d174.s0.i0 1.000000 0.919970
DS2.d423.s0.i0 1.000000 1.003845
DS2.d423.s0.i1 1.000000 1.052355
DS2.d425.s0.i0 1.000000 -0.058481
DS2.d425.s1.i1 1.000000 0.192795
DS2.d425.s1.i0 1.000000 0.113647
DS2.d425.s2.i0 -1.000000 -0.609380
DS2.d425.s3.i0 1.000000 0.477462
DS2.d343.s0.i0 -1.000000 -0.130002
DS2.d346.s0.i0 1.000000 0.376297
DS2.d346.s1.i1 -1.000000 -0.446919
DS2.d346.s1.i0 -1.000000 -0.299483
DS2.d505.s4.i0 1.000000 0.438332
DS2.d505.s1.i0 1.000000 1.051809
DS2.d505.s0.i0 1.000000 -0.280924
DS2.d505.s3.i0 1.000000 0.849794
DS2.d505.s2.i0 1.000000 1.308722
DS2.d975.s0.i0 1.000000 0.844234
DS2.d975.s0.i1 1.000000 0.286604
DS2.d975.s0.i2 1.000000 0.496566
DS2.d975.s0.i3 1.000000 0.311441
DS2.d1015.s0.i3 1.000000 0.557514
DS2.d1015.s0.i2 1.000000 0.402037
DS2.d1015.s0.i1 1.000000 0.557514
DS2.d1015.s0.i0 1.000000 0.402037
DS2.d1015.s0.i5 1.000000 0.550257
DS2.d1015.s0.i4 1.000000 0.550257
DS2.d590.s0.i5 -1.000000 -0.603453
DS2.d590.s0.i4 1.000000 -0.386144
DS2.d590.s0.i3 -1.000000 -0.774688
DS2.d590.s0.i2 1.000000 -0.356808
DS2.d590.s0.i1 -1.000000 -0.679172
DS2.d590.s0.i0 -1.000000 -0.689887
DS2.d455.s0.i1 -1.000000 0.984321
DS2.d455.s0.i0 -1.000000 0.820132
DS2.d147.s0.i0 1.000000 0.393530
DS2.d519.s0.i0 -1.000000 -0.021023
DS2.d354.s1.i0 -1.000000 -0.486580
DS2.d354.s0.i0 -1.000000 -0.245580
DS2.d510.s0.i0 1.000000 1.249464
DS2.d294.s0.i0 1.000000 0.047759
DS2.d512.s0.i0 -1.000000 0.219975
DS2.d754.s1.i0 1.000000 0.501558
DS2.d754.s0.i1 1.000000 0.552811
DS2.d754.s0.i0 1.000000 0.552811
DS2.d752.s0.i1 1.000000 0.357528
DS2.d752.s0.i0 1.000000 0.324990
DS2.d615.s0.i0 1.000000 -0.294925
DS2.d759.s0.i0 1.000000 0.103013
DS2.d759.s0.i1 1.000000 0.565053
DS2.d382.s2.i0 -1.000000 -0.160009
DS2.d382.s2.i1 -1.000000 -0.838050
DS2.d382.s0.i11 -1.000000 -0.698285
DS2.d382.s0.i10 -1.000000 -0.620043
DS2.d382.s0.i8 -1.000000 -0.701175
DS2.d382.s0.i9 -1.000000 -0.616609
DS2.d382.s0.i0 -1.000000 -0.671560
DS2.d382.s0.i1 -1.000000 -0.695408
DS2.d382.s0.i2 -1.000000 -0.538585
DS2.d382.s0.i3 -1.000000 -0.672510
DS2.d382.s0.i4 -1.000000 -0.678307
DS2.d382.s0.i5 -1.000000 -0.727603
DS2.d382.s0.i6 -1.000000 -0.513565
DS2.d382.s0.i7 -1.000000 -0.575968
DS2.d382.s1.i3 -1.000000 -0.521318
DS2.d382.s1.i2 -1.000000 -0.509044
DS2.d382.s1.i1 -1.000000 -0.571321
DS2.d382.s1.i0 -1.000000 -0.967227
DS2.d382.s1.i5 -1.000000 -0.616158
DS2.d382.s1.i4 -1.000000 -0.899741
DS2.d35.s0.i0 1.000000 1.009953
DS2.d35.s0.i1 1.000000 1.151937
DS2.d884.s1.i0 1.000000 0.147992
DS2.d884.s0.i1 1.000000 1.220655
DS2.d884.s0.i0 1.000000 1.154405
DS2.d884.s2.i1 1.000000 0.354517
DS2.d884.s2.i0 1.000000 0.521491
DS2.d881.s0.i0 1.000000 0.203259
DS2.d881.s0.i1 1.000000 0.450123
DS2.d881.s0.i2 1.000000 0.223189
DS2.d881.s0.i3 -1.000000 0.106258
DS2.d680.s0.i0 1.000000 -0.268825
DS2.d441.s0.i0 1.000000 0.504946
DS2.d441.s1.i0 1.000000 0.248202
DS2.d686.s1.i0 1.000000 -0.237565
DS2.d686.s1.i1 1.000000 -0.523042
DS2.d686.s0.i1 1.000000 0.644618
DS2.d686.s0.i0 1.000000 0.287934
DS2.d768.s0.i0 1.000000 0.656355
DS2.d768.s1.i0 1.000000 0.420193
DS2.d287.s0.i0 1.000000 0.830222
DS2.d525.s0.i0 1.000000 1.483441
DS2.d953.s0.i0 -1.000000 0.376573
DS2.d606.s0.i1 1.000000 0.785397
DS2.d606.s0.i0 1.000000 0.923359
DS2.d814.s0.i0 -1.000000 -0.496349
DS2.d814.s0.i1 -1.000000 -0.937364
DS2.d814.s1.i1 -1.000000 -1.352185
DS2.d814.s1.i0 -1.000000 -1.292352
DS2.d814.s1.i2 -1.000000 -1.417724
DS2.d814.s2.i0 -1.000000 -0.643022
DS2.d28.s0.i2 1.000000 -0.056582
DS2.d28.s0.i0 1.000000 0.038679
DS2.d28.s0.i1 1.000000 0.114744
DS2.d449.s0.i0 1.000000 0.509493
DS2.d449.s0.i1 1.000000 0.591118
DS2.d379.s0.i2 1.000000 -0.056637
DS2.d379.s0.i0 1.000000 0.323110
DS2.d379.s0.i1 1.000000 0.323110
DS2.d379.s1.i5 1.000000 1.174234
DS2.d379.s1.i4 1.000000 1.123064
DS2.d379.s1.i1 1.000000 1.130754
DS2.d379.s1.i0 1.000000 1.130754
DS2.d379.s1.i3 1.000000 1.123064
DS2.d379.s1.i2 1.000000 1.187299
DS2.d376.s1.i0 -1.000000 0.027943
DS2.d376.s0.i0 -1.000000 -0.281314
DS2.d775.s0.i0 1.000000 0.955436
DS2.d775.s1.i0 1.000000 0.151771
DS2.d279.s0.i3 1.000000 -0.058743
DS2.d279.s0.i2 1.000000 0.322576
DS2.d279.s0.i1 1.000000 0.608161
DS2.d279.s0.i0 1.000000 0.301855
DS2.d279.s0.i7 1.000000 0.284631
DS2.d279.s0.i6 1.000000 0.563294
DS2.d279.s0.i5 1.000000 0.593120
DS2.d279.s0.i4 1.000000 0.257390
DS2.d671.s1.i4 -1.000000 -1.067687
DS2.d671.s1.i5 -1.000000 -1.060321
DS2.d671.s1.i0 -1.000000 -1.314358
DS2.d671.s1.i1 -1.000000 -1.138067
DS2.d671.s1.i2 -1.000000 -1.197245
DS2.d671.s1.i3 1.000000 -0.847541
DS2.d671.s0.i0 1.000000 0.451998
DS2.d673.s1.i0 1.000000 0.025773
DS2.d673.s0.i0 1.000000 1.065873
DS2.d570.s0.i0 -1.000000 0.197660
DS2.d802.s0.i3 -1.000000 0.064798
DS2.d802.s0.i2 1.000000 0.108053
DS2.d802.s0.i1 -1.000000 -0.027361
DS2.d802.s0.i0 1.000000 0.329295
DS2.d891.s1.i0 -1.000000 0.065927
DS2.d891.s1.i1 -1.000000 -0.093262
DS2.d891.s0.i1 1.000000 0.621685
DS2.d891.s0.i0 1.000000 0.581580
DS2.d909.s1.i0 -1.000000 -0.527034
DS2.d909.s0.i0 -1.000000 -0.155754
DS2.d1.s0.i0 1.000000 0.719351
DS2.d985.s0.i1 -1.000000 0.202301
DS2.d985.s0.i0 -1.000000 -0.015855
DS2.d300.s0.i0 -1.000000 0.787948
DS2.d300.s0.i1 -1.000000 0.737993
DS2.d301.s0.i0 -1.000000 -0.446079
DS2.d781.s0.i1 1.000000 0.276530
DS2.d781.s0.i0 1.000000 0.435653
DS2.d787.s1.i0 1.000000 0.181273
DS2.d787.s0.i1 1.000000 1.029791
DS2.d787.s0.i0 1.000000 1.300725
DS2.d787.s0.i3 1.000000 0.922058
DS2.d787.s0.i2 1.000000 1.387460
DS2.d833.s1.i0 1.000000 1.096152
DS2.d833.s0.i1 1.000000 0.070237
DS2.d833.s0.i0 1.000000 0.543916
DS2.d830.s0.i0 1.000000 0.254040
DS2.d836.s0.i0 1.000000 -0.166342
DS2.d836.s0.i1 1.000000 -0.257982
DS2.d837.s0.i0 1.000000 0.765022
DS2.d661.s0.i0 -1.000000 -0.066857
DS2.d637.s0.i0 -1.000000 0.406205
DS2.d704.s0.i2 -1.000000 -1.327162
DS2.d704.s0.i0 -1.000000 -1.144417
DS2.d704.s0.i1 -1.000000 -1.266824
DS2.d668.s0.i0 1.000000 1.136389
DS2.d852.s0.i0 1.000000 -0.108650
DS2.d852.s0.i1 1.000000 0.182273
DS2.d857.s1.i0 1.000000 1.132652
DS2.d857.s0.i0 1.000000 0.391619
DS2.d858.s0.i0 1.000000 -0.180465
DS2.d858.s1.i0 1.000000 0.768308
DS2.d687.s0.i0 1.000000 -0.118418
DS2.d992.s0.i0 1.000000 0.720848
DS2.d181.s0.i1 -1.000000 -0.225213
DS2.d181.s0.i0 -1.000000 -0.149337
DS2.d181.s0.i3 -1.000000 -0.176794
DS2.d181.s0.i2 1.000000 -0.013345
DS2.d181.s0.i4 -1.000000 -0.062508
DS2.d999.s0.i0 1.000000 0.490280
DS2.d999.s1.i1 1.000000 1.115917
DS2.d999.s1.i0 1.000000 1.112717
DS2.d999.s2.i0 1.000000 0.290056
DS2.d256.s0.i0 1.000000 -0.301652
DS2.d256.s0.i1 1.000000 0.206087
DS2.d412.s0.i0 1.000000 -0.165980
DS2.d412.s0.i1 1.000000 0.363749
DS2.d108.s0.i0 1.000000 0.453943
DS2.d251.s0.i1 -1.000000 0.308629
DS2.d251.s0.i0 -1.000000 0.331193
DS2.d105.s0.i1 -1.000000 -0.170863
DS2.d105.s0.i0 -1.000000 -0.150401
DS2.d825.s0.i0 1.000000 1.054313
DS2.d825.s1.i1 -1.000000 0.099526
DS2.d825.s1.i0 -1.000000 0.140765
DS2.d825.s1.i2 -1.000000 0.002308
DS2.d821.s0.i0 1.000000 1.209658
DS2.d390.s1.i0 1.000000 -0.363892
DS2.d390.s0.i1 1.000000 -0.141158
DS2.d390.s0.i0 1.000000 -0.120157
DS2.d713.s0.i0 1.000000 1.148188
DS2.d713.s0.i1 -1.000000 0.707982
DS2.d713.s1.i0 -1.000000 0.673016
DS2.d199.s0.i2 1.000000 -0.109609
DS2.d199.s0.i0 1.000000 -0.139179
DS2.d199.s0.i1 1.000000 -0.215170
DS2.d72.s0.i2 -1.000000 -0.614718
DS2.d72.s0.i1 -1.000000 -0.729742
DS2.d72.s0.i0 -1.000000 -0.552947
DS2.d844.s0.i1 -1.000000 0.318813
DS2.d844.s0.i0 -1.000000 0.244301
DS2.d192.s0.i0 -1.000000 0.147327
DS2.d658.s0.i0 1.000000 0.452591
DS2.d1024.s0.i0 1.000000 1.342975
DS2.d321.s0.i0 1.000000 -0.434839
DS2.d327.s0.i2 -1.000000 -0.408450
DS2.d327.s0.i1 -1.000000 -0.472986
DS2.d327.s0.i0 -1.000000 -0.486716
DS2.d243.s0.i0 1.000000 0.459365
DS2.d113.s0.i0 1.000000 1.487930
DS2.d113.s0.i1 1.000000 1.470187
DS2.d113.s1.i0 1.000000 0.814146
DS2.d115.s0.i0 1.000000 -0.114179
DS2.d115.s0.i1 1.000000 -0.031913
DS2.d115.s1.i0 1.000000 0.692681
DS2.d795.s0.i0 1.000000 0.702226
DS2.d644.s0.i0 -1.000000 -0.137209
DS2.d80.s0.i0 1.000000 0.420787
DS2.d80.s1.i0 -1.000000 1.011219
DS2.d640.s0.i1 1.000000 0.575187
DS2.d640.s0.i0 1.000000 0.996102
DS2.d918.s1.i0 1.000000 0.424018
DS2.d918.s0.i1 1.000000 0.161328
DS2.d918.s0.i0 1.000000 0.341726
DS2.d724.s0.i10 -1.000000 -0.668783
DS2.d724.s0.i11 -1.000000 -0.564839
DS2.d724.s0.i4 -1.000000 -0.680018
DS2.d724.s0.i5 -1.000000 -0.719001
DS2.d724.s0.i6 -1.000000 -0.594290
DS2.d724.s0.i7 -1.000000 -0.716234
DS2.d724.s0.i0 -1.000000 -0.705984
DS2.d724.s0.i1 -1.000000 -0.678730
DS2.d724.s0.i2 -1.000000 -0.701221
DS2.d724.s0.i3 -1.000000 -0.714985
DS2.d724.s0.i8 -1.000000 -0.625363
DS2.d724.s0.i9 -1.000000 -0.571340
