DS2.d64.s0.i0 1.000000 0.665751
DS2.d64.s0.i1 1.000000 0.710594
DS2.d65.s0.i0 -1.000000 -0.516887
DS2.d66.s0.i0 1.000000 0.847904
DS2.d66.s0.i1 1.000000 0.777782
DS2.d67.s0.i1 -1.000000 -0.841975
DS2.d67.s0.i0 -1.000000 -0.921617
DS2.d60.s0.i0 1.000000 0.968626
DS2.d61.s3.i0 1.000000 0.639372
DS2.d61.s2.i1 1.000000 0.859138
DS2.d61.s2.i0 1.000000 0.765604
DS2.d61.s1.i0 -1.000000 0.251821
DS2.d61.s0.i1 1.000000 0.749379
DS2.d61.s0.i0 1.000000 0.770199
DS2.d62.s0.i0 -1.000000 -0.714896
DS2.d62.s0.i1 -1.000000 -0.820107
DS2.d62.s1.i0 -1.000000 -0.830629
DS2.d63.s0.i1 1.000000 0.176162
DS2.d63.s0.i0 -1.000000 -0.399962
DS2.d68.s0.i0 1.000000 0.752440
DS2.d68.s1.i0 1.000000 0.573111
DS2.d68.s2.i0 1.000000 0.917773
DS2.d68.s2.i1 1.000000 0.739271
DS2.d68.s2.i2 1.000000 0.917773
DS2.d513.s0.i0 1.000000 0.092243
DS2.d164.s0.i0 1.000000 0.543192
DS2.d165.s3.i0 1.000000 0.751917
DS2.d165.s2.i0 1.000000 0.718813
DS2.d165.s1.i0 1.000000 0.869613
DS2.d165.s1.i1 1.000000 0.733307
DS2.d165.s0.i0 -1.000000 -0.571356
DS2.d166.s0.i0 -1.000000 -0.867971
DS2.d166.s0.i1 -1.000000 -0.888666
DS2.d166.s0.i2 -1.000000 -0.787902
DS2.d167.s0.i1 1.000000 0.547796
DS2.d167.s0.i0 1.000000 1.046497
DS2.d167.s0.i2 1.000000 1.046280
DS2.d160.s0.i2 -1.000000 -0.871831
DS2.d160.s0.i3 -1.000000 -0.906343
DS2.d160.s0.i0 -1.000000 -0.810109
DS2.d160.s0.i1 -1.000000 -0.842973
DS2.d161.s0.i0 -1.000000 -0.945690
DS2.d162.s0.i0 -1.000000 -0.367152
DS2.d163.s0.i1 1.000000 0.952492
DS2.d163.s0.i0 1.000000 1.051508
DS2.d168.s0.i0 1.000000 0.469512
DS2.d168.s0.i1 -1.000000 -0.192310
DS2.d638.s0.i2 1.000000 0.853516
DS2.d638.s0.i3 1.000000 0.893362
DS2.d638.s0.i0 1.000000 0.914431
DS2.d638.s0.i1 1.000000 0.907456
DS2.d638.s1.i1 -1.000000 -0.720926
DS2.d638.s1.i0 -1.000000 -0.755048
DS2.d638.s2.i0 1.000000 0.576652
DS2.d638.s2.i1 1.000000 0.418883
DS2.d638.s3.i2 1.000000 0.914846
DS2.d638.s3.i1 1.000000 1.067665
DS2.d638.s3.i0 1.000000 0.853444
DS2.d639.s1.i0 -1.000000 -0.010594
DS2.d639.s1.i1 1.000000 0.540615
DS2.d639.s1.i2 1.000000 0.438988
DS2.d639.s1.i3 1.000000 0.470140
DS2.d639.s1.i4 -1.000000 -0.109810
DS2.d639.s1.i5 1.000000 0.371689
DS2.d639.s0.i0 -1.000000 -0.725160
DS2.d733.s0.i0 1.000000 1.127012
DS2.d733.s0.i1 1.000000 1.013125
DS2.d732.s0.i0 1.000000 0.668594
DS2.d735.s0.i4 1.000000 0.971561
DS2.d735.s0.i5 1.000000 1.008624
DS2.d735.s0.i2 1.000000 1.008624
DS2.d735.s0.i3 1.000000 0.830508
DS2.d735.s0.i0 1.000000 0.830508
DS2.d735.s0.i1 1.000000 0.971561
DS2.d735.s1.i1 -1.000000 -0.287518
DS2.d735.s1.i0 -1.000000 -0.262525
DS2.d735.s1.i2 1.000000 0.224969
DS2.d735.s2.i0 1.000000 0.823689
DS2.d735.s2.i1 1.000000 0.810650
DS2.d735.s3.i1 1.000000 0.812356
DS2.d735.s3.i0 1.000000 0.803378
DS2.d734.s0.i0 -1.000000 -0.660414
DS2.d736.s0.i0 -1.000000 -0.596746
DS2.d630.s0.i0 -1.000000 0.726388
DS2.d631.s1.i0 1.000000 0.889996
DS2.d631.s0.i0 1.000000 0.994844
DS2.d632.s0.i0 1.000000 0.726596
DS2.d633.s1.i0 1.000000 0.931067
DS2.d633.s1.i1 1.000000 0.798865
DS2.d633.s0.i0 1.000000 0.709237
DS2.d634.s0.i0 -1.000000 0.049540
DS2.d635.s0.i5 1.000000 0.951445
DS2.d635.s0.i4 1.000000 0.851648
DS2.d635.s0.i3 1.000000 0.817609
DS2.d635.s0.i2 1.000000 0.795029
DS2.d635.s0.i1 1.000000 0.927604
DS2.d635.s0.i0 1.000000 0.951445
DS2.d636.s0.i0 1.000000 0.714873
DS2.d1009.s4.i0 -1.000000 -0.211537
DS2.d1009.s2.i0 1.000000 0.891861
DS2.d1009.s3.i0 1.000000 0.699414
DS2.d1009.s0.i0 1.000000 1.121947
DS2.d1009.s0.i1 1.000000 1.156964
DS2.d1009.s0.i2 1.000000 0.965851
DS2.d1009.s0.i3 1.000000 0.943262
DS2.d1009.s1.i1 1.000000 1.002075
DS2.d1009.s1.i0 1.000000 1.046662
DS2.d1003.s0.i2 1.000000 0.840639
DS2.d1003.s0.i0 1.000000 0.750692
DS2.d1003.s0.i1 1.000000 0.927642
DS2.d1003.s1.i1 1.000000 0.994559
DS2.d1003.s1.i0 1.000000 0.980782
DS2.d1003.s1.i3 1.000000 0.951903
DS2.d1003.s1.i2 1.000000 0.879957
DS2.d1003.s1.i4 1.000000 1.014052
DS2.d1002.s0.i1 -1.000000 -0.911650
DS2.d1002.s0.i0 -1.000000 -0.585355
DS2.d1001.s0.i0 1.000000 0.509408
DS2.d1001.s0.i1 1.000000 0.753460
DS2.d1000.s0.i0 -1.000000 -0.515820
DS2.d1007.s0.i0 1.000000 1.043568
DS2.d1007.s0.i1 1.000000 0.709072
DS2.d1007.s1.i1 1.000000 0.896752
DS2.d1007.s1.i0 1.000000 0.896752
DS2.d1006.s0.i5 1.000000 0.798437
DS2.d1006.s0.i4 1.000000 0.899785
DS2.d1006.s0.i3 1.000000 0.821177
DS2.d1006.s0.i2 1.000000 0.892879
DS2.d1006.s0.i1 1.000000 0.957780
DS2.d1006.s0.i0 1.000000 0.728816
DS2.d1005.s0.i0 1.000000 1.004820
DS2.d1004.s0.i0 -1.000000 -0.522925
DS2.d229.s0.i0 1.000000 0.023012
DS2.d228.s1.i0 1.000000 0.685733
DS2.d228.s1.i1 1.000000 0.485074
DS2.d228.s0.i0 1.000000 0.087516
DS2.d227.s0.i0 -1.000000 -0.678221
DS2.d227.s1.i0 -1.000000 0.026385
DS2.d226.s0.i0 -1.000000 -0.167789
DS2.d225.s0.i0 -1.000000 -0.682156
DS2.d224.s1.i0 1.000000 0.517166
DS2.d224.s0.i1 1.000000 0.767594
DS2.d224.s0.i0 1.000000 0.672403
DS2.d224.s2.i1 -1.000000 -0.857877
DS2.d224.s2.i0 -1.000000 -0.851036
DS2.d223.s0.i0 1.000000 0.875681
DS2.d222.s1.i0 -1.000000 -0.432978
DS2.d222.s0.i0 -1.000000 -0.756598
DS2.d221.s0.i0 -1.000000 -0.655707
DS2.d221.s0.i1 1.000000 -0.082840
DS2.d221.s0.i2 -1.000000 -0.611427
DS2.d220.s0.i1 1.000000 0.847514
DS2.d220.s0.i0 1.000000 0.776882
DS2.d595.s0.i0 1.000000 0.994384
DS2.d595.s1.i0 1.000000 0.685847
DS2.d594.s0.i0 -1.000000 0.561683
DS2.d597.s0.i0 -1.000000 -0.314035
DS2.d597.s0.i1 -1.000000 -0.574449
DS2.d596.s0.i1 1.000000 0.757679
DS2.d596.s0.i0 1.000000 0.920142
DS2.d458.s0.i2 -1.000000 -0.861917
DS2.d458.s0.i3 -1.000000 -0.837682
DS2.d458.s0.i0 -1.000000 -0.842874
DS2.d458.s0.i1 -1.000000 -0.825796
DS2.d459.s0.i0 -1.000000 -0.432067
DS2.d593.s0.i0 -1.000000 -0.552860
DS2.d593.s1.i0 1.000000 0.614129
DS2.d592.s0.i0 1.000000 0.722663
DS2.d454.s0.i0 1.000000 1.072252
DS2.d454.s1.i0 1.000000 0.733219
DS2.d456.s0.i0 -1.000000 -0.985032
DS2.d456.s1.i0 -1.000000 -0.685879
DS2.d457.s0.i0 -1.000000 -0.567947
DS2.d450.s0.i0 1.000000 0.498218
DS2.d451.s1.i0 -1.000000 -0.664409
DS2.d451.s1.i1 1.000000 0.278845
DS2.d451.s0.i2 1.000000 0.523180
DS2.d451.s0.i1 1.000000 0.259216
DS2.d451.s0.i0 -1.000000 0.040453
DS2.d452.s0.i0 -1.000000 -0.954804
DS2.d453.s0.i0 -1.000000 -0.699418
DS2.d353.s0.i0 -1.000000 -0.802816
DS2.d353.s1.i0 -1.000000 -0.664016
DS2.d352.s0.i1 -1.000000 -0.843511
DS2.d352.s0.i0 -1.000000 -0.903181
DS2.d298.s0.i0 1.000000 0.063523
DS2.d299.s1.i0 1.000000 0.643385
DS2.d299.s1.i1 1.000000 0.877505
DS2.d299.s0.i0 1.000000 1.034581
DS2.d299.s2.i0 1.000000 0.779292
DS2.d357.s0.i2 -1.000000 -0.819980
DS2.d357.s0.i3 -1.000000 -0.911215
DS2.d357.s0.i0 -1.000000 -0.814347
DS2.d357.s0.i1 -1.000000 -0.923801
DS2.d357.s1.i0 1.000000 0.588797
DS2.d356.s1.i0 1.000000 1.035095
DS2.d356.s0.i0 1.000000 0.535953
DS2.d355.s0.i0 1.000000 1.030322
DS2.d355.s0.i1 1.000000 1.098447
DS2.d292.s0.i0 1.000000 0.803882
DS2.d293.s1.i0 1.000000 0.641176
DS2.d293.s1.i1 1.000000 0.963489
DS2.d293.s0.i0 1.000000 0.449825
DS2.d290.s0.i4 1.000000 0.286847
DS2.d290.s0.i5 1.000000 0.361495
DS2.d290.s0.i6 -1.000000 -0.367264
DS2.d290.s0.i7 1.000000 0.157043
DS2.d290.s0.i0 1.000000 0.259989
DS2.d290.s0.i1 -1.000000 -0.280275
DS2.d290.s0.i2 -1.000000 -0.341946
DS2.d290.s0.i3 -1.000000 -0.332872
DS2.d291.s0.i0 1.000000 0.831587
DS2.d296.s0.i0 -1.000000 -0.620022
DS2.d296.s0.i1 -1.000000 -0.652479
DS2.d297.s1.i0 1.000000 0.608260
DS2.d297.s0.i0 1.000000 0.955300
DS2.d295.s1.i0 1.000000 -0.102204
DS2.d295.s0.i0 -1.000000 -0.552697
DS2.d869.s0.i0 1.000000 0.811835
DS2.d869.s0.i1 1.000000 0.811835
DS2.d868.s0.i0 1.000000 0.492043
DS2.d940.s0.i0 1.000000 0.858498
DS2.d941.s1.i2 1.000000 0.922795
DS2.d941.s1.i0 1.000000 0.875960
DS2.d941.s1.i1 1.000000 0.851807
DS2.d941.s0.i0 1.000000 0.729987
DS2.d941.s3.i0 1.000000 0.751904
DS2.d941.s2.i1 1.000000 0.747801
DS2.d941.s2.i0 1.000000 0.656764
DS2.d946.s0.i0 1.000000 0.770424
DS2.d946.s0.i1 1.000000 0.740679
DS2.d947.s0.i0 -1.000000 -0.641670
DS2.d944.s0.i0 1.000000 0.684923
DS2.d945.s0.i1 -1.000000 -0.683519
DS2.d945.s0.i0 -1.000000 -0.651715
DS2.d861.s0.i0 -1.000000 -0.326897
DS2.d860.s0.i1 1.000000 0.345949
DS2.d860.s0.i0 -1.000000 -0.171056
DS2.d863.s0.i0 1.000000 0.953516
DS2.d862.s0.i0 -1.000000 0.245400
DS2.d865.s0.i0 1.000000 0.738562
DS2.d864.s1.i0 1.000000 0.808881
DS2.d864.s1.i1 1.000000 0.879945
DS2.d864.s0.i0 1.000000 0.809738
DS2.d867.s0.i0 1.000000 0.929278
DS2.d867.s0.i1 1.000000 1.077407
DS2.d866.s0.i0 1.000000 0.508700
DS2.d30.s1.i0 1.000000 0.885603
DS2.d30.s1.i1 1.000000 0.509702
DS2.d30.s0.i0 1.000000 1.140229
DS2.d249.s0.i0 1.000000 0.696977
DS2.d249.s1.i0 -1.000000 0.760790
DS2.d689.s0.i0 -1.000000 0.109552
DS2.d688.s0.i0 1.000000 0.153675
DS2.d681.s0.i2 -1.000000 -0.831392
DS2.d681.s0.i3 -1.000000 -0.926261
DS2.d681.s0.i0 -1.000000 -0.926261
DS2.d681.s0.i1 -1.000000 -0.831392
DS2.d683.s0.i0 1.000000 1.038403
DS2.d683.s0.i1 1.000000 0.987829
DS2.d683.s0.i2 1.000000 0.929307
DS2.d682.s0.i0 1.000000 1.049745
DS2.d685.s0.i0 1.000000 0.747850
DS2.d685.s0.i1 1.000000 0.773753
DS2.d684.s1.i0 -1.000000 0.048503
DS2.d684.s1.i1 -1.000000 -0.030164
DS2.d684.s1.i2 1.000000 0.086809
DS2.d684.s1.i3 1.000000 0.090817
DS2.d684.s0.i1 1.000000 0.130629
DS2.d684.s0.i0 -1.000000 0.045218
DS2.d748.s0.i0 1.000000 0.935735
DS2.d749.s0.i3 -1.000000 -0.878500
DS2.d749.s0.i2 -1.000000 -0.893176
DS2.d749.s0.i1 -1.000000 -0.913918
DS2.d749.s0.i0 -1.000000 -0.809245
DS2.d29.s0.i0 1.000000 0.963749
DS2.d20.s0.i0 -1.000000 -0.373165
DS2.d20.s1.i0 -1.000000 -0.637777
DS2.d21.s0.i0 -1.000000 -0.430739
DS2.d22.s0.i0 1.000000 1.025787
DS2.d880.s1.i0 -1.000000 -0.609714
DS2.d880.s0.i1 -1.000000 -1.071054
DS2.d880.s0.i0 -1.000000 -0.841787
DS2.d24.s0.i0 1.000000 0.728613
DS2.d24.s0.i1 -1.000000 -0.120745
DS2.d24.s1.i0 1.000000 0.768659
DS2.d24.s2.i0 -1.000000 0.549144
DS2.d24.s3.i1 -1.000000 -0.161261
DS2.d24.s3.i0 1.000000 0.217405
DS2.d25.s0.i1 1.000000 0.787954
DS2.d25.s0.i0 1.000000 0.865726
DS2.d26.s0.i0 -1.000000 -0.833276
DS2.d26.s0.i1 -1.000000 -1.091847
DS2.d26.s0.i2 -1.000000 -0.956816
DS2.d26.s0.i3 -1.000000 -1.116947
DS2.d26.s0.i4 -1.000000 -1.021619
DS2.d26.s0.i5 -1.000000 -0.964418
DS2.d26.s0.i6 -1.000000 -0.944136
DS2.d26.s0.i7 -1.000000 -1.009461
DS2.d27.s0.i1 -1.000000 -0.728329
DS2.d27.s0.i0 -1.000000 -0.872297
DS2.d1061.s0.i0 1.000000 0.958226
DS2.d446.s1.i0 1.000000 0.530038
DS2.d446.s0.i3 1.000000 0.879047
DS2.d446.s0.i2 1.000000 0.853486
DS2.d446.s0.i1 1.000000 0.744967
DS2.d446.s0.i0 1.000000 0.748905
DS2.d1063.s0.i0 1.000000 0.710845
DS2.d1063.s0.i1 1.000000 0.780903
DS2.d97.s0.i0 -1.000000 -0.819081
DS2.d97.s0.i1 -1.000000 -0.824089
DS2.d97.s0.i2 -1.000000 -0.609655
DS2.d731.s0.i0 1.000000 0.752025
DS2.d444.s1.i0 1.000000 0.817320
DS2.d444.s1.i1 1.000000 0.843418
DS2.d444.s0.i1 1.000000 0.689778
DS2.d444.s0.i0 1.000000 0.813146
DS2.d779.s0.i0 1.000000 0.584917
DS2.d778.s3.i0 1.000000 0.492486
DS2.d778.s2.i1 -1.000000 -0.156964
DS2.d778.s2.i0 -1.000000 -0.550680
DS2.d778.s1.i0 -1.000000 -0.890853
DS2.d778.s0.i0 1.000000 0.446399
DS2.d730.s0.i1 1.000000 0.011350
DS2.d730.s0.i0 1.000000 0.156751
DS2.d774.s2.i1 -1.000000 -0.823453
DS2.d774.s2.i0 -1.000000 -0.745377
DS2.d774.s1.i0 -1.000000 -0.719409
DS2.d774.s1.i1 -1.000000 -0.995120
DS2.d774.s1.i2 -1.000000 -0.730491
DS2.d774.s0.i1 -1.000000 -1.143518
DS2.d774.s0.i0 -1.000000 -1.084742
DS2.d777.s0.i0 1.000000 0.790298
DS2.d776.s0.i1 -1.000000 -0.868353
DS2.d776.s0.i0 -1.000000 -1.043938
DS2.d776.s0.i3 -1.000000 -0.965686
DS2.d776.s0.i2 -1.000000 -1.003067
DS2.d771.s0.i2 -1.000000 -0.802073
DS2.d771.s0.i3 -1.000000 -0.770823
DS2.d771.s0.i0 -1.000000 -0.630066
DS2.d771.s0.i1 -1.000000 -0.600393
DS2.d770.s1.i0 1.000000 0.764069
DS2.d770.s0.i0 1.000000 0.881211
DS2.d773.s0.i0 -1.000000 -0.923457
DS2.d773.s0.i1 -1.000000 -0.975733
DS2.d772.s1.i0 -1.000000 -0.830376
DS2.d772.s1.i1 -1.000000 -0.801028
DS2.d772.s0.i0 1.000000 0.872936
DS2.d674.s0.i2 -1.000000 -0.760947
DS2.d674.s0.i3 -1.000000 -0.950717
DS2.d674.s0.i0 -1.000000 -0.669428
DS2.d674.s0.i1 -1.000000 -0.874393
DS2.d675.s1.i0 -1.000000 -0.974238
DS2.d675.s0.i0 -1.000000 -0.817183
DS2.d676.s2.i0 1.000000 0.781888
DS2.d676.s3.i0 1.000000 0.745940
DS2.d676.s0.i0 1.000000 0.680841
DS2.d676.s1.i0 1.000000 0.820091
DS2.d676.s4.i0 1.000000 0.868335
DS2.d578.s0.i1 1.000000 0.795275
DS2.d578.s0.i0 1.000000 0.945798
DS2.d670.s0.i0 -1.000000 -0.474814
DS2.d670.s0.i1 -1.000000 -0.763474
DS2.d672.s0.i0 1.000000 0.770167
DS2.d672.s0.i1 1.000000 0.873486
DS2.d672.s0.i2 1.000000 0.834946
DS2.d672.s0.i3 1.000000 0.820531
DS2.d573.s0.i0 1.000000 1.058582
DS2.d573.s1.i0 1.000000 0.796192
DS2.d572.s0.i0 1.000000 1.342125
DS2.d571.s0.i0 1.000000 0.958781
DS2.d571.s1.i1 1.000000 0.886666
DS2.d571.s1.i0 1.000000 0.984913
DS2.d440.s0.i1 -1.000000 -0.924527
DS2.d440.s0.i0 -1.000000 -0.929668
DS2.d440.s0.i3 -1.000000 -0.801415
DS2.d440.s0.i2 -1.000000 -0.945630
DS2.d577.s0.i2 1.000000 0.890635
DS2.d577.s0.i0 1.000000 0.871828
DS2.d577.s0.i1 1.000000 0.848037
DS2.d576.s2.i0 1.000000 0.716247
DS2.d576.s1.i0 1.000000 0.686794
DS2.d576.s0.i0 1.000000 0.637104
DS2.d575.s0.i0 1.000000 0.616590
DS2.d575.s0.i1 1.000000 0.888240
DS2.d575.s0.i2 1.000000 0.669495
DS2.d575.s0.i3 1.000000 0.752840
DS2.d574.s0.i0 1.000000 0.199381
DS2.d739.s0.i0 1.000000 0.730217
DS2.d738.s0.i0 1.000000 0.509815
DS2.d362.s0.i0 1.000000 0.817954
DS2.d363.s0.i1 -1.000000 -0.523464
DS2.d363.s0.i0 -1.000000 -0.752158
DS2.d139.s0.i0 1.000000 0.278541
DS2.d139.s0.i1 -1.000000 -0.186152
DS2.d138.s0.i1 1.000000 0.903488
DS2.d138.s0.i0 1.000000 0.890090
DS2.d133.s0.i0 1.000000 1.024846
DS2.d133.s1.i0 1.000000 0.737249
DS2.d132.s0.i3 1.000000 0.863363
DS2.d132.s0.i2 1.000000 0.866943
DS2.d132.s0.i1 1.000000 0.777480
DS2.d132.s0.i0 1.000000 1.025499
DS2.d131.s0.i0 1.000000 0.521510
DS2.d130.s0.i1 -1.000000 -0.447717
DS2.d130.s0.i0 -1.000000 -0.365684
DS2.d137.s0.i2 -1.000000 -0.010699
DS2.d137.s0.i0 1.000000 0.368951
DS2.d137.s0.i1 1.000000 0.260367
DS2.d136.s0.i0 -1.000000 -0.694084
DS2.d135.s0.i0 1.000000 0.867480
DS2.d134.s1.i0 -1.000000 -0.070655
DS2.d134.s1.i1 1.000000 0.050040
DS2.d134.s0.i0 -1.000000 -0.396516
DS2.d134.s2.i0 -1.000000 -0.359597
DS2.d708.s0.i0 1.000000 0.786846
DS2.d708.s0.i1 1.000000 0.709060
DS2.d709.s1.i0 1.000000 0.846076
DS2.d709.s0.i0 1.000000 0.893736
DS2.d700.s0.i0 1.000000 0.252817
DS2.d701.s0.i0 1.000000 0.588515
DS2.d702.s0.i0 1.000000 0.370779
DS2.d703.s0.i0 -1.000000 -0.354763
DS2.d705.s0.i0 -1.000000 -0.686412
DS2.d706.s0.i0 1.000000 0.796493
DS2.d707.s0.i0 1.000000 0.822281
DS2.d850.s0.i0 1.000000 0.197114
DS2.d850.s0.i1 -1.000000 0.002000
DS2.d851.s1.i0 1.000000 0.620157
DS2.d851.s0.i1 1.000000 0.938649
DS2.d851.s0.i0 1.000000 0.878112
DS2.d853.s1.i0 1.000000 0.903608
DS2.d853.s1.i1 1.000000 0.903608
DS2.d853.s0.i1 1.000000 0.389385
DS2.d853.s0.i0 1.000000 0.444784
DS2.d854.s0.i0 -1.000000 -0.272097
DS2.d855.s1.i0 1.000000 0.900841
DS2.d855.s0.i0 1.000000 0.857456
DS2.d856.s0.i0 1.000000 0.923822
DS2.d859.s0.i0 1.000000 0.752982
DS2.d1057.s0.i0 1.000000 0.975915
DS2.d767.s0.i0 -1.000000 -0.562662
DS2.d1050.s0.i0 1.000000 0.612907
DS2.d1050.s1.i0 -1.000000 -0.534764
DS2.d1051.s0.i0 1.000000 0.922324
DS2.d1052.s0.i0 1.000000 0.824535
DS2.d1053.s0.i1 1.000000 1.020194
DS2.d1053.s0.i0 1.000000 1.080656
DS2.d1054.s0.i0 -1.000000 -0.698324
DS2.d283.s0.i0 -1.000000 -0.294714
DS2.d319.s0.i0 1.000000 0.534425
DS2.d318.s0.i1 -1.000000 -0.971047
DS2.d318.s0.i0 -1.000000 -0.876794
DS2.d318.s0.i3 -1.000000 -0.876794
DS2.d318.s0.i2 -1.000000 -0.971047
DS2.d1058.s0.i0 -1.000000 -0.781920
DS2.d1058.s0.i1 -1.000000 -0.757171
DS2.d316.s0.i0 -1.000000 -0.253619
DS2.d315.s0.i0 1.000000 1.174615
DS2.d282.s0.i0 -1.000000 -0.287530
DS2.d313.s0.i0 -1.000000 -0.581881
DS2.d313.s0.i1 -1.000000 -0.629922
DS2.d312.s0.i2 -1.000000 -0.936305
DS2.d312.s0.i1 -1.000000 -0.900376
DS2.d312.s0.i0 -1.000000 -0.943153
DS2.d311.s0.i0 -1.000000 -0.212904
DS2.d311.s0.i1 1.000000 0.331762
DS2.d310.s0.i1 -1.000000 -0.935602
DS2.d310.s0.i0 -1.000000 -0.985820
DS2.d310.s0.i3 -1.000000 -0.866038
DS2.d310.s0.i2 -1.000000 -0.880994
DS2.d257.s0.i3 1.000000 0.816703
DS2.d257.s0.i2 1.000000 0.877519
DS2.d257.s0.i1 1.000000 0.808363
DS2.d257.s0.i0 1.000000 0.759144
DS2.d254.s0.i0 -1.000000 -0.920487
DS2.d255.s0.i1 1.000000 0.587406
DS2.d255.s0.i0 1.000000 0.659166
DS2.d252.s0.i0 1.000000 0.741506
DS2.d252.s1.i0 1.000000 0.491453
DS2.d253.s0.i0 -1.000000 -0.676161
DS2.d250.s0.i0 1.000000 0.578101
DS2.d569.s0.i1 1.000000 0.865780
DS2.d569.s0.i0 1.000000 0.861582
DS2.d258.s0.i0 1.000000 0.799005
DS2.d259.s1.i2 1.000000 0.977238
DS2.d259.s1.i3 1.000000 1.035559
DS2.d259.s1.i0 1.000000 0.831570
DS2.d259.s1.i1 1.000000 0.937090
DS2.d259.s0.i0 1.000000 0.855459
DS2.d824.s0.i0 -1.000000 0.555560
DS2.d827.s0.i0 1.000000 0.916325
DS2.d826.s0.i5 -1.000000 -1.032421
DS2.d826.s0.i4 -1.000000 -0.908571
DS2.d826.s0.i7 -1.000000 -1.055287
DS2.d826.s0.i6 -1.000000 -0.829254
DS2.d826.s0.i1 -1.000000 -0.933193
DS2.d826.s0.i0 -1.000000 -0.980877
DS2.d826.s0.i3 -1.000000 -0.934318
DS2.d826.s0.i2 -1.000000 -0.970876
DS2.d826.s0.i10 -1.000000 -1.021659
DS2.d826.s0.i9 -1.000000 -1.041757
DS2.d826.s0.i8 -1.000000 -0.965061
DS2.d826.s0.i11 -1.000000 -1.074785
DS2.d826.s0.i12 -1.000000 -0.967801
DS2.d826.s0.i13 -1.000000 -0.946054
DS2.d820.s0.i2 1.000000 0.869910
DS2.d820.s0.i1 1.000000 0.679335
DS2.d820.s0.i0 1.000000 0.700543
DS2.d823.s4.i0 -1.000000 -0.413132
DS2.d823.s4.i1 -1.000000 -0.537748
DS2.d823.s2.i0 1.000000 0.236410
DS2.d823.s3.i0 -1.000000 -0.495735
DS2.d823.s0.i0 1.000000 1.069941
DS2.d823.s0.i1 1.000000 1.010614
DS2.d823.s1.i1 1.000000 0.899046
DS2.d823.s1.i0 1.000000 0.857792
DS2.d818.s0.i0 1.000000 0.799236
DS2.d818.s0.i1 1.000000 0.823869
DS2.d829.s0.i0 1.000000 0.688255
DS2.d829.s0.i1 1.000000 1.046442
DS2.d828.s0.i1 -1.000000 -0.938501
DS2.d828.s0.i0 -1.000000 -1.028179
DS2.d819.s0.i1 1.000000 0.807200
DS2.d819.s0.i0 1.000000 0.857234
DS2.d560.s0.i0 -1.000000 -0.348506
DS2.d659.s0.i0 -1.000000 -0.634006
DS2.d561.s3.i0 -1.000000 -0.750889
DS2.d561.s3.i1 -1.000000 -0.655723
DS2.d561.s2.i0 -1.000000 -0.684782
DS2.d561.s1.i0 -1.000000 -0.721547
DS2.d561.s0.i0 -1.000000 -0.653744
DS2.d99.s0.i6 -1.000000 0.270795
DS2.d99.s0.i4 1.000000 0.272220
DS2.d99.s0.i5 -1.000000 0.285347
DS2.d99.s0.i2 1.000000 0.487613
DS2.d99.s0.i3 1.000000 0.472101
DS2.d99.s0.i0 1.000000 0.301118
DS2.d99.s0.i1 1.000000 0.275146
DS2.d98.s1.i0 1.000000 0.795974
DS2.d98.s0.i2 1.000000 0.951716
DS2.d98.s0.i1 1.000000 0.943075
DS2.d98.s0.i0 1.000000 0.660358
DS2.d403.s0.i0 -1.000000 0.358954
DS2.d402.s0.i0 -1.000000 -0.492827
DS2.d401.s0.i0 -1.000000 -0.657529
DS2.d401.s1.i0 1.000000 0.619137
DS2.d400.s0.i5 -1.000000 -1.004979
DS2.d400.s0.i4 -1.000000 -0.953694
DS2.d400.s0.i7 -1.000000 -1.001303
DS2.d400.s0.i6 -1.000000 -0.956634
DS2.d400.s0.i1 -1.000000 -0.923480
DS2.d400.s0.i0 -1.000000 -0.982169
DS2.d400.s0.i3 -1.000000 -0.948557
DS2.d400.s0.i2 -1.000000 -1.003287
DS2.d407.s0.i0 1.000000 0.879783
DS2.d406.s2.i0 -1.000000 -0.408654
DS2.d406.s1.i0 -1.000000 -0.671021
DS2.d406.s0.i0 -1.000000 -0.604626
DS2.d405.s0.i0 1.000000 0.133662
DS2.d405.s0.i1 -1.000000 -0.059585
DS2.d405.s0.i2 -1.000000 -0.070341
DS2.d405.s0.i3 1.000000 0.217481
DS2.d404.s1.i0 1.000000 0.815642
DS2.d404.s0.i1 1.000000 -0.056312
DS2.d404.s0.i0 -1.000000 0.104597
DS2.d810.s0.i0 -1.000000 -0.686389
DS2.d409.s0.i0 1.000000 0.754768
DS2.d408.s0.i1 -1.000000 -0.587418
DS2.d408.s0.i0 -1.000000 -0.817227
DS2.d408.s0.i3 -1.000000 -0.711965
DS2.d408.s0.i2 -1.000000 -0.687136
DS2.d811.s0.i1 1.000000 0.829037
DS2.d811.s0.i0 1.000000 0.800134
DS2.d919.s0.i0 1.000000 0.921897
DS2.d95.s0.i0 -1.000000 -0.884026
DS2.d94.s0.i1 1.000000 0.913585
DS2.d94.s0.i0 1.000000 0.824851
DS2.d911.s0.i0 -1.000000 -1.027897
DS2.d910.s0.i1 1.000000 0.741811
DS2.d910.s0.i0 1.000000 0.663174
DS2.d913.s2.i0 1.000000 0.719868
DS2.d913.s0.i0 1.000000 0.862822
DS2.d913.s1.i0 1.000000 0.934227
DS2.d912.s0.i0 1.000000 0.649657
DS2.d915.s0.i0 1.000000 0.999090
DS2.d915.s0.i1 1.000000 0.993044
DS2.d915.s1.i0 1.000000 0.955264
DS2.d799.s0.i0 -1.000000 -0.396457
DS2.d799.s1.i0 -1.000000 -0.380951
DS2.d917.s0.i0 1.000000 0.906346
DS2.d917.s0.i1 1.000000 0.855256
DS2.d917.s0.i2 1.000000 0.905571
DS2.d916.s0.i0 1.000000 0.649468
DS2.d96.s1.i0 -1.000000 0.332902
DS2.d96.s1.i1 -1.000000 0.351827
DS2.d96.s0.i0 -1.000000 -0.568949
DS2.d91.s0.i0 1.000000 0.832332
DS2.d91.s1.i1 1.000000 0.936723
DS2.d91.s1.i0 1.000000 0.880607
DS2.d91.s2.i4 1.000000 0.892568
DS2.d91.s2.i0 1.000000 0.857563
DS2.d91.s2.i1 1.000000 0.853017
DS2.d91.s2.i2 1.000000 0.831760
DS2.d91.s2.i3 1.000000 0.844639
DS2.d90.s0.i2 1.000000 0.327358
DS2.d90.s0.i1 -1.000000 0.105862
DS2.d90.s0.i0 1.000000 0.390529
DS2.d93.s0.i0 1.000000 0.859605
DS2.d92.s0.i0 1.000000 0.909042
DS2.d498.s0.i0 -1.000000 -0.515786
DS2.d498.s0.i1 -1.000000 -0.876644
DS2.d498.s1.i1 -1.000000 -0.523078
DS2.d498.s1.i0 -1.000000 -0.573509
DS2.d499.s0.i3 -1.000000 -0.921483
DS2.d499.s0.i2 -1.000000 -0.877003
DS2.d499.s0.i1 -1.000000 -0.997196
DS2.d499.s0.i0 -1.000000 -0.938416
DS2.d537.s0.i0 1.000000 0.553439
DS2.d536.s0.i0 1.000000 0.859063
DS2.d535.s0.i0 -1.000000 -0.900027
DS2.d535.s0.i1 -1.000000 -0.791885
DS2.d534.s0.i0 -1.000000 -0.918359
DS2.d533.s0.i6 -1.000000 -0.923668
DS2.d533.s0.i7 -1.000000 -0.993378
DS2.d533.s0.i4 -1.000000 -0.894997
DS2.d533.s0.i5 -1.000000 -0.927283
DS2.d533.s0.i2 -1.000000 -1.011807
DS2.d533.s0.i3 -1.000000 -1.001680
DS2.d533.s0.i0 -1.000000 -0.977145
DS2.d533.s0.i1 -1.000000 -0.899926
DS2.d532.s1.i0 -1.000000 -0.700451
DS2.d532.s0.i0 1.000000 0.736640
DS2.d531.s0.i0 1.000000 0.404419
DS2.d531.s1.i0 1.000000 0.749721
DS2.d530.s1.i0 1.000000 0.742916
DS2.d530.s1.i1 1.000000 0.826276
DS2.d530.s0.i0 1.000000 0.500687
DS2.d530.s2.i1 1.000000 0.926408
DS2.d530.s2.i0 1.000000 0.947186
DS2.d539.s0.i0 1.000000 0.866330
DS2.d539.s0.i1 1.000000 0.799604
DS2.d51.s0.i0 1.000000 0.743893
DS2.d51.s0.i1 1.000000 0.773938
DS2.d50.s0.i0 -1.000000 0.026426
DS2.d52.s1.i0 1.000000 0.722280
DS2.d52.s0.i1 -1.000000 -0.757057
DS2.d52.s0.i0 -1.000000 -0.739316
DS2.d55.s0.i0 -1.000000 -0.895431
DS2.d54.s1.i0 1.000000 0.826104
DS2.d54.s0.i0 1.000000 0.867791
DS2.d57.s0.i0 1.000000 0.669362
DS2.d57.s0.i1 1.000000 0.781214
DS2.d56.s0.i1 1.000000 0.343243
DS2.d56.s0.i0 -1.000000 -0.064681
DS2.d56.s0.i3 -1.000000 -0.040775
DS2.d56.s0.i2 1.000000 0.206888
DS2.d56.s0.i4 1.000000 0.219855
DS2.d59.s0.i0 1.000000 0.881426
DS2.d59.s0.i1 1.000000 0.881426
DS2.d490.s0.i0 1.000000 0.811644
DS2.d490.s0.i1 1.000000 0.621725
DS2.d509.s0.i0 1.000000 0.683000
DS2.d491.s0.i2 1.000000 0.591282
DS2.d491.s0.i1 1.000000 0.534502
DS2.d491.s0.i0 1.000000 0.889971
DS2.d177.s0.i0 1.000000 0.926251
DS2.d177.s1.i5 1.000000 -0.050229
DS2.d177.s1.i4 -1.000000 -0.275135
DS2.d177.s1.i1 -1.000000 -0.327536
DS2.d177.s1.i0 -1.000000 -0.345657
DS2.d177.s1.i3 1.000000 -0.059958
DS2.d177.s1.i2 -1.000000 -0.327683
DS2.d177.s2.i0 -1.000000 -0.573080
DS2.d177.s3.i0 1.000000 0.362873
DS2.d177.s4.i0 1.000000 1.034612
DS2.d177.s4.i1 1.000000 0.820800
DS2.d176.s0.i0 -1.000000 -0.926146
DS2.d175.s0.i0 1.000000 0.501447
DS2.d173.s0.i0 -1.000000 -0.806836
DS2.d173.s0.i1 -1.000000 -0.905708
DS2.d172.s0.i0 -1.000000 -0.292511
DS2.d171.s0.i0 1.000000 0.862693
DS2.d171.s0.i1 1.000000 1.086627
DS2.d171.s1.i0 1.000000 0.631434
DS2.d170.s0.i1 1.000000 0.866308
DS2.d170.s0.i0 1.000000 0.844808
DS2.d179.s0.i0 -1.000000 -0.443037
DS2.d179.s1.i1 -1.000000 -0.400608
DS2.d179.s1.i0 -1.000000 -0.437637
DS2.d178.s1.i0 -1.000000 -0.735396
DS2.d178.s0.i1 -1.000000 -0.758810
DS2.d178.s0.i0 -1.000000 -0.844581
DS2.d744.s0.i0 1.000000 0.656268
DS2.d745.s0.i2 1.000000 0.605373
DS2.d745.s0.i1 1.000000 0.500012
DS2.d745.s0.i0 1.000000 1.151613
DS2.d629.s0.i0 1.000000 0.849347
DS2.d629.s0.i1 1.000000 0.888043
DS2.d628.s0.i0 1.000000 0.888951
DS2.d740.s0.i0 1.000000 0.215954
DS2.d741.s0.i0 1.000000 0.827274
DS2.d742.s0.i0 1.000000 0.840776
DS2.d742.s0.i1 1.000000 0.625921
DS2.d743.s0.i0 1.000000 0.664167
DS2.d623.s0.i0 1.000000 0.809703
DS2.d622.s4.i0 1.000000 0.729785
DS2.d622.s3.i0 1.000000 0.844121
DS2.d622.s2.i0 1.000000 0.558463
DS2.d622.s1.i0 1.000000 0.725776
DS2.d622.s1.i1 1.000000 0.699211
DS2.d622.s0.i0 1.000000 0.707238
DS2.d621.s0.i0 -1.000000 -0.801246
DS2.d621.s0.i1 -1.000000 -0.853878
DS2.d621.s0.i2 -1.000000 -0.879321
DS2.d621.s0.i3 -1.000000 -0.801246
DS2.d621.s1.i1 -1.000000 -0.712907
DS2.d621.s1.i0 -1.000000 -0.702047
DS2.d620.s0.i1 1.000000 0.424649
DS2.d620.s0.i0 -1.000000 -0.107908
DS2.d627.s0.i0 -1.000000 -0.546178
DS2.d627.s0.i1 -1.000000 -0.611102
DS2.d626.s0.i0 1.000000 0.778431
DS2.d625.s0.i0 1.000000 0.667655
DS2.d624.s0.i1 1.000000 0.430475
DS2.d624.s0.i0 -1.000000 0.037857
DS2.d624.s0.i2 1.000000 0.479779
DS2.d1018.s0.i0 1.000000 0.892009
DS2.d1019.s0.i0 1.000000 0.658128
DS2.d1014.s0.i0 -1.000000 -0.218329
DS2.d1014.s1.i0 1.000000 0.732072
DS2.d1014.s2.i0 1.000000 0.737629
DS2.d1016.s0.i0 1.000000 0.797036
DS2.d1017.s0.i0 1.000000 0.828159
DS2.d1010.s0.i0 -1.000000 -0.278417
DS2.d1011.s1.i0 1.000000 0.328149
DS2.d1011.s0.i0 1.000000 0.807903
DS2.d1012.s0.i0 1.000000 0.918078
DS2.d1012.s0.i1 1.000000 0.893177
DS2.d1013.s1.i0 1.000000 0.608433
DS2.d1013.s0.i0 1.000000 0.768896
DS2.d212.s0.i2 -1.000000 -0.452944
DS2.d212.s0.i0 -1.000000 -0.404910
DS2.d212.s0.i1 1.000000 0.231517
DS2.d212.s1.i1 1.000000 0.951581
DS2.d212.s1.i0 1.000000 0.666479
DS2.d212.s1.i3 1.000000 0.918682
DS2.d212.s1.i2 1.000000 0.959129
DS2.d213.s0.i3 -1.000000 -0.980687
DS2.d213.s0.i2 -1.000000 -0.997679
DS2.d213.s0.i1 -1.000000 -0.842943
DS2.d213.s0.i0 -1.000000 -0.839808
DS2.d210.s2.i0 1.000000 0.662497
DS2.d210.s0.i0 1.000000 0.863198
DS2.d210.s0.i1 1.000000 0.846096
DS2.d210.s1.i0 1.000000 0.643266
DS2.d211.s0.i0 1.000000 0.756798
DS2.d216.s0.i0 -1.000000 -0.383599
DS2.d217.s0.i5 -1.000000 -0.746813
DS2.d217.s0.i4 -1.000000 -0.771136
DS2.d217.s0.i3 -1.000000 -0.912257
DS2.d217.s0.i2 -1.000000 -0.923317
DS2.d217.s0.i1 -1.000000 -0.839040
DS2.d217.s0.i0 -1.000000 -0.885883
DS2.d214.s0.i0 1.000000 0.135486
DS2.d215.s0.i0 1.000000 0.814706
DS2.d218.s0.i0 -1.000000 -0.722666
DS2.d219.s0.i0 -1.000000 -0.672167
DS2.d488.s0.i0 1.000000 1.054072
DS2.d920.s0.i0 -1.000000 0.069528
DS2.d920.s0.i1 -1.000000 -0.205982
DS2.d921.s0.i0 1.000000 0.755857
DS2.d922.s0.i0 1.000000 0.789274
DS2.d923.s1.i0 -1.000000 -0.789840
DS2.d923.s0.i0 -1.000000 -0.357600
DS2.d924.s0.i0 -1.000000 -0.643662
DS2.d924.s0.i1 -1.000000 -0.688419
DS2.d925.s0.i1 -1.000000 -0.697554
DS2.d925.s0.i0 -1.000000 -0.784074
DS2.d926.s0.i0 -1.000000 -0.648381
DS2.d926.s0.i1 -1.000000 -0.648381
DS2.d927.s1.i0 1.000000 0.407527
DS2.d927.s0.i0 1.000000 0.713932
DS2.d928.s0.i0 -1.000000 -0.320324
DS2.d929.s0.i8 -1.000000 -0.849770
DS2.d929.s0.i3 -1.000000 -0.854747
DS2.d929.s0.i2 -1.000000 -0.915487
DS2.d929.s0.i1 -1.000000 -0.889306
DS2.d929.s0.i0 -1.000000 -0.879079
DS2.d929.s0.i7 -1.000000 -0.855419
DS2.d929.s0.i6 -1.000000 -0.988812
DS2.d929.s0.i5 -1.000000 -0.979212
DS2.d929.s0.i4 -1.000000 -0.947953
DS2.d887.s0.i2 -1.000000 -0.791590
DS2.d887.s0.i0 -1.000000 -0.789069
DS2.d887.s0.i1 -1.000000 -0.866906
DS2.d886.s0.i0 1.000000 0.749309
DS2.d885.s0.i0 -1.000000 0.123302
DS2.d885.s1.i3 -1.000000 -0.849354
DS2.d885.s1.i2 -1.000000 -0.822516
DS2.d885.s1.i1 -1.000000 -0.860754
DS2.d885.s1.i0 -1.000000 -0.810675
DS2.d883.s0.i0 -1.000000 -0.077161
DS2.d883.s0.i1 1.000000 0.550618
DS2.d882.s1.i0 -1.000000 -0.933846
DS2.d882.s1.i1 -1.000000 -0.928449
DS2.d882.s0.i0 1.000000 1.012387
DS2.d448.s0.i0 1.000000 0.645521
DS2.d447.s0.i0 1.000000 0.766073
DS2.d447.s1.i0 1.000000 1.102881
DS2.d1060.s0.i0 1.000000 1.015797
DS2.d445.s0.i0 1.000000 0.260282
DS2.d1062.s0.i0 -1.000000 -0.317965
DS2.d443.s0.i2 1.000000 0.832713
DS2.d443.s0.i0 1.000000 0.689729
DS2.d443.s0.i1 1.000000 0.725870
DS2.d442.s1.i0 1.000000 0.826466
DS2.d442.s0.i0 -1.000000 -0.645590
DS2.d889.s0.i0 1.000000 0.818358
DS2.d889.s1.i0 1.000000 0.817437
DS2.d888.s0.i0 1.000000 0.653028
DS2.d366.s0.i0 1.000000 0.783743
DS2.d366.s1.i0 1.000000 0.681424
DS2.d366.s2.i0 1.000000 0.605473
DS2.d366.s2.i1 1.000000 0.601455
DS2.d366.s3.i0 1.000000 0.764059
DS2.d367.s0.i0 -1.000000 0.141954
DS2.d364.s0.i0 -1.000000 -0.805566
DS2.d365.s0.i0 -1.000000 -0.209833
DS2.d289.s0.i0 1.000000 0.843820
DS2.d288.s0.i0 1.000000 1.054329
DS2.d360.s0.i0 1.000000 0.665942
DS2.d361.s0.i0 1.000000 0.785880
DS2.d285.s0.i0 1.000000 0.331567
DS2.d285.s1.i1 -1.000000 -1.073814
DS2.d285.s1.i0 -1.000000 -1.044046
DS2.d285.s1.i3 -1.000000 -0.922589
DS2.d285.s1.i2 -1.000000 -0.949777
DS2.d284.s0.i0 1.000000 0.897404
DS2.d286.s1.i0 1.000000 0.872660
DS2.d286.s1.i1 1.000000 0.986265
DS2.d286.s0.i0 1.000000 0.097210
DS2.d281.s0.i0 -1.000000 -0.522374
DS2.d280.s0.i1 1.000000 0.849121
DS2.d280.s0.i0 1.000000 0.849121
DS2.d368.s0.i0 -1.000000 -0.562905
DS2.d369.s1.i0 -1.000000 -0.702788
DS2.d369.s0.i0 -1.000000 -0.650615
DS2.d369.s2.i0 -1.000000 -0.739069
DS2.d955.s0.i0 1.000000 0.631308
DS2.d954.s0.i3 1.000000 0.923595
DS2.d954.s0.i2 1.000000 0.876631
DS2.d954.s0.i1 1.000000 0.958724
DS2.d954.s0.i0 1.000000 0.875528
DS2.d957.s0.i0 1.000000 0.892661
DS2.d957.s0.i1 1.000000 0.968719
DS2.d956.s0.i1 1.000000 1.019658
DS2.d956.s0.i0 1.000000 0.926261
DS2.d951.s0.i6 -1.000000 -0.968846
DS2.d951.s0.i7 -1.000000 -0.963937
DS2.d951.s0.i4 -1.000000 -0.918931
DS2.d951.s0.i5 -1.000000 -1.041196
DS2.d951.s0.i2 -1.000000 -1.035135
DS2.d951.s0.i3 -1.000000 -0.916449
DS2.d951.s0.i0 -1.000000 -1.034584
DS2.d951.s0.i1 -1.000000 -1.050163
DS2.d951.s0.i8 -1.000000 -1.045998
DS2.d951.s0.i9 -1.000000 -1.054560
DS2.d951.s1.i0 1.000000 0.466606
DS2.d950.s0.i1 -1.000000 -0.565258
DS2.d950.s0.i0 -1.000000 -0.606580
DS2.d952.s0.i1 1.000000 0.943627
DS2.d952.s0.i0 1.000000 0.882484
DS2.d952.s0.i3 1.000000 0.777676
DS2.d952.s0.i2 1.000000 0.700510
DS2.d815.s0.i0 1.000000 0.882114
DS2.d816.s0.i0 1.000000 0.862418
DS2.d817.s0.i0 -1.000000 -0.718027
DS2.d959.s0.i0 -1.000000 -0.813190
DS2.d959.s0.i1 -1.000000 -0.831269
DS2.d958.s0.i1 1.000000 0.961761
DS2.d958.s0.i0 1.000000 0.956725
DS2.d812.s0.i0 -1.000000 -0.445802
DS2.d812.s0.i1 -1.000000 -0.566010
DS2.d812.s1.i3 1.000000 0.891808
DS2.d812.s1.i2 1.000000 0.890429
DS2.d812.s1.i1 1.000000 0.896845
DS2.d812.s1.i0 1.000000 0.898772
DS2.d813.s1.i0 -1.000000 -0.544065
DS2.d813.s0.i1 -1.000000 -0.678417
DS2.d813.s0.i0 -1.000000 -1.032848
DS2.d813.s0.i3 -1.000000 -0.951340
DS2.d813.s0.i2 -1.000000 -1.179641
DS2.d813.s2.i0 -1.000000 -0.806419
DS2.d125.s1.i0 -1.000000 -0.747797
DS2.d125.s1.i1 -1.000000 -0.641829
DS2.d125.s0.i1 -1.000000 -0.839431
DS2.d125.s0.i0 -1.000000 -0.933818
DS2.d127.s0.i0 1.000000 0.854390
DS2.d0.s1.i0 1.000000 0.947799
DS2.d0.s0.i0 1.000000 0.909528
DS2.d3.s0.i0 1.000000 0.544540
DS2.d2.s1.i0 1.000000 0.382351
DS2.d2.s0.i0 1.000000 0.819197
DS2.d5.s0.i0 1.000000 0.472582
DS2.d4.s0.i3 -1.000000 -1.011608
DS2.d4.s0.i2 -1.000000 -0.962267
DS2.d4.s0.i1 -1.000000 -0.999535
DS2.d4.s0.i0 -1.000000 -1.085180
DS2.d7.s0.i0 -1.000000 -0.558729
DS2.d6.s0.i9 -1.000000 -0.945440
DS2.d6.s0.i8 -1.000000 -1.006985
DS2.d6.s0.i1 -1.000000 -0.937257
DS2.d6.s0.i0 -1.000000 -1.065258
DS2.d6.s0.i3 -1.000000 -1.028285
DS2.d6.s0.i2 -1.000000 -0.991036
DS2.d6.s0.i5 -1.000000 -0.982706
DS2.d6.s0.i4 -1.000000 -1.074158
DS2.d6.s0.i7 -1.000000 -1.004612
DS2.d6.s0.i6 -1.000000 -0.999048
DS2.d9.s0.i0 1.000000 0.926594
DS2.d9.s0.i1 1.000000 0.876353
DS2.d8.s0.i2 1.000000 0.328515
DS2.d8.s0.i1 1.000000 0.735374
DS2.d8.s0.i0 -1.000000 -0.182652
DS2.d943.s0.i3 1.000000 0.844357
DS2.d943.s0.i2 1.000000 0.849210
DS2.d943.s0.i1 1.000000 0.889816
DS2.d943.s0.i0 1.000000 0.801978
DS2.d780.s0.i0 1.000000 0.736759
DS2.d894.s0.i0 1.000000 0.368857
DS2.d782.s0.i0 -1.000000 -0.535913
DS2.d783.s1.i0 1.000000 0.624125
DS2.d783.s0.i0 1.000000 0.405976
DS2.d784.s0.i2 1.000000 0.831726
DS2.d784.s0.i0 1.000000 0.611399
DS2.d784.s0.i1 1.000000 0.841725
DS2.d785.s0.i0 1.000000 0.713653
DS2.d786.s0.i0 1.000000 1.009406
DS2.d786.s1.i0 1.000000 0.772112
DS2.d895.s0.i0 1.000000 1.070873
DS2.d788.s0.i0 -1.000000 -0.890054
DS2.d788.s0.i1 -1.000000 -0.915806
DS2.d788.s1.i0 -1.000000 -0.822719
DS2.d789.s0.i0 -1.000000 -0.602849
DS2.d896.s2.i0 1.000000 0.889161
DS2.d896.s2.i1 1.000000 0.889161
DS2.d896.s0.i4 1.000000 1.002801
DS2.d896.s0.i5 1.000000 0.936570
DS2.d896.s0.i6 1.000000 0.924550
DS2.d896.s0.i7 1.000000 0.997073
DS2.d896.s0.i0 1.000000 1.136451
DS2.d896.s0.i1 1.000000 1.036544
DS2.d896.s0.i2 1.000000 0.821042
DS2.d896.s0.i3 1.000000 0.819639
DS2.d896.s1.i1 1.000000 0.768498
DS2.d896.s1.i0 1.000000 0.926099
DS2.d667.s0.i0 1.000000 1.060280
DS2.d667.s0.i1 1.000000 0.941048
DS2.d666.s0.i1 -1.000000 -0.498017
DS2.d666.s0.i0 -1.000000 -0.544619
DS2.d665.s0.i0 1.000000 0.622352
DS2.d665.s1.i0 1.000000 1.241055
DS2.d897.s0.i0 1.000000 0.702598
DS2.d663.s0.i0 1.000000 0.753155
DS2.d663.s1.i1 1.000000 0.910062
DS2.d663.s1.i0 1.000000 0.914899
DS2.d663.s1.i2 1.000000 0.895804
DS2.d662.s0.i1 1.000000 0.618900
DS2.d662.s0.i0 1.000000 0.702439
DS2.d548.s0.i0 1.000000 0.703846
DS2.d548.s0.i1 1.000000 1.034609
DS2.d548.s0.i2 1.000000 0.884439
DS2.d548.s0.i3 1.000000 0.930652
DS2.d548.s0.i4 1.000000 0.800991
DS2.d548.s0.i5 1.000000 1.032614
DS2.d548.s0.i6 1.000000 0.922190
DS2.d548.s0.i7 1.000000 0.795819
DS2.d549.s1.i2 1.000000 0.589539
DS2.d549.s1.i3 1.000000 0.593812
DS2.d549.s1.i0 1.000000 0.943542
DS2.d549.s1.i1 1.000000 0.975571
DS2.d549.s0.i0 1.000000 0.596836
DS2.d546.s0.i10 -1.000000 -0.932403
DS2.d546.s0.i11 -1.000000 -1.054169
DS2.d546.s0.i2 -1.000000 -0.888907
DS2.d546.s0.i3 -1.000000 -0.962795
DS2.d546.s0.i0 -1.000000 -0.993910
DS2.d546.s0.i1 -1.000000 -0.854307
DS2.d546.s0.i6 -1.000000 -0.989372
DS2.d546.s0.i7 -1.000000 -1.048022
DS2.d546.s0.i4 -1.000000 -1.061265
DS2.d546.s0.i5 -1.000000 -1.022082
DS2.d546.s0.i8 -1.000000 -0.888012
DS2.d546.s0.i9 -1.000000 -0.846400
DS2.d546.s1.i1 -1.000000 -0.898031
DS2.d546.s1.i0 -1.000000 -0.837796
DS2.d890.s0.i0 1.000000 0.716576
DS2.d544.s0.i0 -1.000000 -0.663512
DS2.d544.s0.i1 -1.000000 -0.655954
DS2.d545.s0.i1 -1.000000 -0.574457
DS2.d545.s0.i0 -1.000000 -0.580814
DS2.d542.s0.i0 1.000000 0.769871
DS2.d543.s1.i0 1.000000 0.971111
DS2.d543.s1.i1 1.000000 0.971111
DS2.d543.s0.i0 1.000000 0.984804
DS2.d540.s0.i0 1.000000 0.798539
DS2.d541.s0.i0 1.000000 0.649559
DS2.d892.s0.i0 -1.000000 -1.042653
DS2.d892.s0.i1 -1.000000 -0.923071
DS2.d892.s0.i2 -1.000000 -0.916847
DS2.d892.s0.i3 -1.000000 -0.924983
DS2.d892.s0.i4 -1.000000 -0.910961
DS2.d892.s0.i5 -1.000000 -0.975346
DS2.d892.s0.i6 -1.000000 -0.877764
DS2.d892.s0.i7 -1.000000 -1.049016
DS2.d892.s1.i2 -1.000000 -0.893919
DS2.d892.s1.i1 -1.000000 -0.773379
DS2.d892.s1.i0 -1.000000 -0.865497
DS2.d893.s0.i0 -1.000000 -0.142397
DS2.d568.s0.i0 1.000000 0.705584
DS2.d317.s0.i0 1.000000 0.330665
DS2.d317.s0.i1 -1.000000 0.049704
DS2.d109.s0.i0 -1.000000 0.035664
DS2.d106.s0.i0 1.000000 0.583739
DS2.d107.s0.i1 1.000000 0.535833
DS2.d107.s0.i0 1.000000 0.556043
DS2.d104.s0.i4 -1.000000 -0.960253
DS2.d104.s0.i5 -1.000000 -0.810763
DS2.d104.s0.i0 -1.000000 -0.958958
DS2.d104.s0.i1 -1.000000 -1.014774
DS2.d104.s0.i2 -1.000000 -1.119761
DS2.d104.s0.i3 -1.000000 -0.883111
DS2.d104.s1.i7 -1.000000 -1.012589
DS2.d104.s1.i6 -1.000000 -0.881103
DS2.d104.s1.i5 -1.000000 -1.120477
DS2.d104.s1.i4 -1.000000 -1.051089
DS2.d104.s1.i3 -1.000000 -0.880225
DS2.d104.s1.i2 -1.000000 -0.897084
DS2.d104.s1.i1 -1.000000 -1.040843
DS2.d104.s1.i0 -1.000000 -0.979084
DS2.d102.s0.i0 1.000000 1.173976
DS2.d103.s0.i1 -1.000000 -0.798986
DS2.d103.s0.i0 -1.000000 -0.740478
DS2.d100.s0.i0 -1.000000 -0.757985
DS2.d100.s0.i1 -1.000000 -0.971135
DS2.d100.s0.i2 -1.000000 -1.028529
DS2.d101.s1.i0 1.000000 0.386190
DS2.d101.s0.i0 1.000000 0.866936
DS2.d15.s0.i0 -1.000000 -0.731037
DS2.d15.s1.i0 1.000000 0.460551
DS2.d15.s2.i0 -1.000000 -0.641933
DS2.d14.s0.i0 1.000000 0.946105
DS2.d17.s0.i0 -1.000000 -0.465637
DS2.d17.s0.i1 1.000000 0.470962
DS2.d17.s0.i2 1.000000 0.470962
DS2.d17.s0.i3 -1.000000 -0.465637
DS2.d16.s1.i2 1.000000 0.850457
DS2.d16.s1.i0 1.000000 0.757143
DS2.d16.s1.i1 1.000000 0.890499
DS2.d16.s0.i0 -1.000000 -0.522740
DS2.d11.s0.i0 1.000000 -0.146726
DS2.d11.s1.i0 1.000000 1.082337
DS2.d10.s0.i1 1.000000 0.730200
DS2.d10.s0.i0 1.000000 0.700640
DS2.d13.s0.i0 -1.000000 0.003835
DS2.d13.s0.i1 1.000000 0.444180
DS2.d13.s0.i2 -1.000000 0.044667
DS2.d13.s0.i3 1.000000 0.328157
DS2.d13.s1.i0 -1.000000 -0.493670
DS2.d12.s1.i2 -1.000000 -0.871250
DS2.d12.s1.i3 -1.000000 -0.808448
DS2.d12.s1.i0 -1.000000 -0.963160
DS2.d12.s1.i1 -1.000000 -1.018366
DS2.d12.s0.i1 -1.000000 -0.914672
DS2.d12.s0.i0 -1.000000 -1.000634
DS2.d12.s0.i3 -1.000000 -1.106749
DS2.d12.s0.i2 -1.000000 -1.006955
DS2.d712.s0.i9 1.000000 0.820409
DS2.d712.s0.i8 1.000000 0.838363
DS2.d712.s0.i3 1.000000 0.831380
DS2.d712.s0.i2 1.000000 0.838273
DS2.d712.s0.i1 1.000000 0.979306
DS2.d712.s0.i0 1.000000 0.776793
DS2.d712.s0.i7 1.000000 0.835427
DS2.d712.s0.i6 1.000000 0.959338
DS2.d712.s0.i5 1.000000 0.746647
DS2.d712.s0.i4 1.000000 0.828687
DS2.d711.s0.i0 1.000000 0.867847
DS2.d711.s0.i1 1.000000 0.760099
DS2.d710.s0.i1 1.000000 0.805144
DS2.d710.s0.i0 1.000000 0.840545
DS2.d717.s0.i0 1.000000 0.748688
DS2.d717.s0.i1 1.000000 0.784747
DS2.d18.s0.i2 1.000000 0.906667
DS2.d18.s0.i1 1.000000 0.904773
DS2.d18.s0.i0 1.000000 0.676601
DS2.d715.s0.i0 1.000000 0.969504
DS2.d715.s0.i1 1.000000 0.844096
DS2.d714.s1.i0 1.000000 0.674872
DS2.d714.s0.i0 1.000000 0.473637
DS2.d843.s0.i0 -1.000000 -0.789044
DS2.d843.s1.i0 -1.000000 -0.839479
DS2.d842.s0.i1 -1.000000 -0.864591
DS2.d842.s0.i0 -1.000000 -0.920326
DS2.d841.s0.i0 1.000000 0.261171
DS2.d840.s0.i1 -1.000000 -0.982099
DS2.d840.s0.i0 -1.000000 -1.052934
DS2.d847.s0.i0 1.000000 0.098992
DS2.d847.s0.i1 -1.000000 -0.261365
DS2.d846.s1.i0 -1.000000 -0.682717
DS2.d846.s1.i1 -1.000000 -0.669226
DS2.d846.s0.i11 1.000000 0.994706
DS2.d846.s0.i10 1.000000 0.892508
DS2.d846.s0.i9 1.000000 0.927616
DS2.d846.s0.i8 1.000000 0.903881
DS2.d846.s0.i7 1.000000 0.824097
DS2.d846.s0.i6 1.000000 0.905932
DS2.d846.s0.i5 1.000000 0.829571
DS2.d846.s0.i4 1.000000 0.867661
DS2.d846.s0.i3 1.000000 0.955386
DS2.d846.s0.i2 1.000000 0.947283
DS2.d846.s0.i1 1.000000 0.941854
DS2.d846.s0.i0 1.000000 0.933097
DS2.d845.s0.i0 -1.000000 -0.600923
DS2.d845.s0.i1 -1.000000 -0.679887
DS2.d845.s0.i2 -1.000000 -0.717760
DS2.d845.s0.i3 -1.000000 -0.540582
DS2.d849.s0.i0 -1.000000 -0.707894
DS2.d848.s1.i2 1.000000 0.996697
DS2.d848.s1.i0 1.000000 1.000204
DS2.d848.s1.i1 1.000000 0.958775
DS2.d848.s0.i0 1.000000 0.643749
DS2.d351.s0.i0 -1.000000 -0.474466
DS2.d351.s1.i0 -1.000000 -0.519125
DS2.d1025.s0.i0 1.000000 0.875519
DS2.d1025.s0.i1 1.000000 0.831536
DS2.d1025.s1.i1 1.000000 0.820769
DS2.d1025.s1.i0 1.000000 0.722927
DS2.d323.s0.i0 -1.000000 -0.447331
DS2.d1027.s0.i0 1.000000 0.347812
DS2.d1027.s1.i1 1.000000 0.724321
DS2.d1027.s1.i0 1.000000 0.770891
DS2.d1026.s0.i1 1.000000 0.915264
DS2.d1026.s0.i0 1.000000 0.856468
DS2.d326.s0.i0 1.000000 0.477479
DS2.d326.s1.i1 1.000000 0.902947
DS2.d326.s1.i0 1.000000 0.739447
DS2.d1020.s0.i0 1.000000 0.662627
DS2.d324.s0.i0 1.000000 0.660281
DS2.d324.s0.i1 1.000000 0.996768
DS2.d324.s0.i2 1.000000 0.885452
DS2.d325.s1.i0 -1.000000 -0.791173
DS2.d325.s1.i1 -1.000000 -0.798624
DS2.d325.s0.i1 -1.000000 -0.419754
DS2.d325.s0.i0 -1.000000 -0.513080
DS2.d325.s0.i3 1.000000 0.407534
DS2.d325.s0.i2 1.000000 0.402722
DS2.d325.s2.i2 -1.000000 -0.945646
DS2.d325.s2.i1 -1.000000 -0.686572
DS2.d325.s2.i0 -1.000000 -0.889303
DS2.d241.s0.i0 1.000000 1.002030
DS2.d241.s1.i0 1.000000 0.790366
DS2.d240.s0.i3 -1.000000 -0.795549
DS2.d240.s0.i2 -1.000000 -0.917839
DS2.d240.s0.i1 -1.000000 -0.935671
DS2.d240.s0.i0 -1.000000 -0.933382
DS2.d328.s0.i0 1.000000 0.575524
DS2.d329.s0.i1 1.000000 0.741110
DS2.d329.s0.i0 1.000000 0.849854
DS2.d329.s0.i2 1.000000 0.825796
DS2.d245.s0.i0 -1.000000 -0.682541
DS2.d245.s0.i1 -1.000000 -0.783784
DS2.d244.s1.i0 -1.000000 -0.544314
DS2.d244.s0.i0 -1.000000 0.211266
DS2.d247.s0.i0 -1.000000 -0.335397
DS2.d246.s0.i1 -1.000000 -0.655977
DS2.d246.s0.i0 -1.000000 -0.624048
DS2.d591.s0.i0 1.000000 0.790346
DS2.d591.s1.i0 1.000000 0.715205
DS2.d486.s0.i0 -1.000000 -0.804170
DS2.d914.s0.i0 -1.000000 -0.494554
DS2.d308.s0.i0 1.000000 0.844871
DS2.d308.s0.i1 1.000000 0.791827
DS2.d308.s1.i0 1.000000 0.819091
DS2.d314.s1.i0 -1.000000 -0.462201
DS2.d314.s0.i1 -1.000000 -0.577456
DS2.d314.s0.i0 -1.000000 -0.587506
DS2.d359.s0.i0 1.000000 0.690760
DS2.d309.s0.i0 1.000000 -0.291688
DS2.d358.s0.i0 1.000000 0.868455
DS2.d463.s0.i0 1.000000 0.406960
DS2.d462.s0.i1 1.000000 0.868676
DS2.d462.s0.i0 1.000000 1.087138
DS2.d462.s0.i3 1.000000 1.108816
DS2.d462.s0.i2 1.000000 0.933685
DS2.d304.s0.i0 -1.000000 -0.592117
DS2.d898.s0.i0 1.000000 0.696594
DS2.d898.s0.i1 1.000000 1.004132
DS2.d305.s2.i1 1.000000 0.754178
DS2.d305.s2.i0 1.000000 0.611636
DS2.d305.s1.i0 -1.000000 0.040623
DS2.d305.s0.i3 1.000000 0.754323
DS2.d305.s0.i2 1.000000 0.685252
DS2.d305.s0.i1 1.000000 0.773313
DS2.d305.s0.i0 1.000000 0.723084
DS2.d306.s0.i0 -1.000000 -0.220880
DS2.d436.s0.i0 -1.000000 -0.461035
DS2.d436.s0.i1 -1.000000 -0.465933
DS2.d436.s1.i0 -1.000000 -0.584707
DS2.d437.s1.i0 1.000000 0.911623
DS2.d437.s0.i0 1.000000 0.784999
DS2.d434.s0.i0 1.000000 0.534451
DS2.d434.s0.i1 1.000000 0.531077
DS2.d434.s0.i2 -1.000000 0.298831
DS2.d434.s0.i3 1.000000 0.439457
DS2.d307.s0.i0 -1.000000 -0.571505
DS2.d432.s0.i0 -1.000000 -0.205475
DS2.d432.s0.i1 1.000000 0.435065
DS2.d432.s1.i1 1.000000 0.918419
DS2.d432.s1.i0 1.000000 0.651254
DS2.d433.s0.i1 -1.000000 -0.739775
DS2.d433.s0.i0 -1.000000 -0.770024
DS2.d430.s0.i0 -1.000000 -0.191376
DS2.d431.s0.i0 1.000000 0.805573
DS2.d439.s0.i0 -1.000000 -0.724377
DS2.d899.s0.i0 1.000000 0.615138
DS2.d968.s0.i0 1.000000 0.118913
DS2.d969.s0.i1 -1.000000 -0.610882
DS2.d969.s0.i0 -1.000000 -0.614055
DS2.d964.s0.i2 1.000000 0.944952
DS2.d964.s0.i3 1.000000 0.876459
DS2.d964.s0.i0 1.000000 0.845097
DS2.d964.s0.i1 1.000000 0.889344
DS2.d964.s1.i1 1.000000 0.879979
DS2.d964.s1.i0 1.000000 0.874116
DS2.d965.s0.i0 -1.000000 -0.528901
DS2.d966.s0.i0 1.000000 0.601946
DS2.d967.s0.i1 1.000000 0.707450
DS2.d967.s0.i0 1.000000 0.842681
DS2.d960.s0.i0 -1.000000 -0.764955
DS2.d961.s0.i1 -1.000000 -0.715604
DS2.d961.s0.i0 -1.000000 -0.744068
DS2.d962.s0.i0 -1.000000 -0.481440
DS2.d963.s0.i1 -1.000000 -0.883357
DS2.d963.s0.i0 -1.000000 -0.936431
DS2.d938.s1.i0 1.000000 0.601940
DS2.d938.s0.i0 1.000000 1.106368
DS2.d938.s2.i0 -1.000000 0.145143
DS2.d618.s0.i0 1.000000 1.136969
DS2.d619.s0.i0 1.000000 0.962137
DS2.d948.s0.i0 1.000000 0.661515
DS2.d335.s0.i0 1.000000 0.499388
DS2.d508.s0.i4 1.000000 1.003189
DS2.d508.s0.i5 1.000000 0.865114
DS2.d508.s0.i0 1.000000 0.933877
DS2.d508.s0.i1 1.000000 0.969844
DS2.d508.s0.i2 1.000000 0.905920
DS2.d508.s0.i3 1.000000 0.923099
DS2.d508.s1.i1 -1.000000 -0.618079
DS2.d508.s1.i0 -1.000000 -0.824617
DS2.d949.s1.i2 1.000000 0.521514
DS2.d949.s1.i0 -1.000000 0.086283
DS2.d949.s1.i1 1.000000 0.352453
DS2.d949.s0.i1 1.000000 0.262207
DS2.d949.s0.i0 -1.000000 0.079455
DS2.d949.s0.i2 1.000000 0.427010
DS2.d949.s3.i0 -1.000000 -0.299578
DS2.d949.s2.i0 1.000000 0.826610
DS2.d334.s0.i0 -1.000000 -0.607707
DS2.d502.s0.i0 1.000000 0.598655
DS2.d502.s0.i1 1.000000 0.639315
DS2.d502.s1.i1 -1.000000 -0.831127
DS2.d502.s1.i0 -1.000000 -0.819278
DS2.d503.s0.i0 1.000000 1.128813
DS2.d500.s0.i0 -1.000000 -0.842559
DS2.d500.s0.i1 -1.000000 -0.821173
DS2.d500.s0.i2 -1.000000 -0.867943
DS2.d501.s1.i0 -1.000000 -0.686199
DS2.d501.s1.i1 -1.000000 -0.988920
DS2.d501.s0.i1 -1.000000 -1.030145
DS2.d501.s0.i0 -1.000000 -0.956551
DS2.d506.s0.i0 -1.000000 -0.876500
DS2.d507.s0.i0 -1.000000 -0.421265
DS2.d504.s0.i0 -1.000000 -0.281411
DS2.d336.s0.i1 -1.000000 -0.981719
DS2.d336.s0.i0 -1.000000 -0.902242
DS2.d336.s0.i3 -1.000000 -0.987116
DS2.d336.s0.i2 -1.000000 -0.907333
DS2.d1021.s0.i4 -1.000000 -0.706813
DS2.d1021.s0.i5 -1.000000 -0.769233
DS2.d1021.s0.i2 -1.000000 -0.823475
DS2.d1021.s0.i3 1.000000 0.192135
DS2.d1021.s0.i0 1.000000 0.214405
DS2.d1021.s0.i1 -1.000000 0.144995
DS2.d238.s0.i12 -1.000000 -1.007936
DS2.d238.s0.i13 -1.000000 -0.913436
DS2.d238.s0.i11 -1.000000 -0.908914
DS2.d238.s0.i6 -1.000000 -0.993933
DS2.d238.s0.i7 -1.000000 -0.961784
DS2.d238.s0.i4 -1.000000 -0.978917
DS2.d238.s0.i5 -1.000000 -0.891175
DS2.d238.s0.i2 -1.000000 -0.877878
DS2.d238.s0.i3 -1.000000 -0.920836
DS2.d238.s0.i0 -1.000000 -0.973992
DS2.d238.s0.i1 -1.000000 -0.936281
DS2.d238.s0.i10 -1.000000 -0.956097
DS2.d238.s0.i8 -1.000000 -0.980568
DS2.d238.s0.i9 -1.000000 -0.942564
DS2.d238.s1.i1 1.000000 0.682704
DS2.d238.s1.i0 1.000000 0.741979
DS2.d611.s0.i0 1.000000 0.805195
DS2.d239.s0.i0 1.000000 0.585455
DS2.d333.s0.i0 1.000000 0.267846
DS2.d333.s0.i1 1.000000 0.361151
DS2.d333.s0.i2 -1.000000 -0.116107
DS2.d333.s1.i0 1.000000 0.113767
DS2.d48.s0.i0 1.000000 0.933507
DS2.d48.s1.i0 1.000000 0.772027
DS2.d49.s1.i0 1.000000 0.599506
DS2.d49.s0.i0 1.000000 0.879440
DS2.d46.s0.i2 -1.000000 -0.729371
DS2.d46.s0.i0 -1.000000 -0.842443
DS2.d46.s0.i1 -1.000000 -0.864269
DS2.d47.s0.i2 -1.000000 -0.810676
DS2.d47.s0.i1 -1.000000 -0.697757
DS2.d47.s0.i0 -1.000000 -0.745602
DS2.d44.s0.i0 -1.000000 -0.441701
DS2.d44.s1.i0 -1.000000 -0.531304
DS2.d45.s0.i1 -1.000000 -0.830820
DS2.d45.s0.i0 -1.000000 -0.640639
DS2.d45.s0.i3 -1.000000 -0.725733
DS2.d45.s0.i2 -1.000000 -0.742020
DS2.d42.s0.i10 -1.000000 -0.937840
DS2.d42.s0.i11 -1.000000 -0.856613
DS2.d42.s0.i6 -1.000000 -0.938774
DS2.d42.s0.i7 -1.000000 -0.983765
DS2.d42.s0.i4 -1.000000 -1.044344
DS2.d42.s0.i5 -1.000000 -0.970431
DS2.d42.s0.i2 -1.000000 -0.767064
DS2.d42.s0.i3 -1.000000 -0.864395
DS2.d42.s0.i0 -1.000000 -1.002438
DS2.d42.s0.i1 -1.000000 -0.840895
DS2.d42.s0.i8 -1.000000 -0.961641
DS2.d42.s0.i9 -1.000000 -0.944388
DS2.d43.s2.i0 1.000000 0.938868
DS2.d43.s1.i0 1.000000 1.035158
DS2.d43.s0.i1 1.000000 1.279267
DS2.d43.s0.i0 1.000000 1.242816
DS2.d40.s0.i0 -1.000000 -0.715831
DS2.d41.s1.i0 1.000000 0.942196
DS2.d41.s0.i0 1.000000 0.871199
DS2.d41.s2.i0 1.000000 0.964349
DS2.d148.s0.i0 -1.000000 -0.843253
DS2.d148.s0.i1 -1.000000 -0.784875
DS2.d149.s0.i0 1.000000 0.741537
DS2.d142.s0.i2 1.000000 0.860098
DS2.d142.s0.i3 1.000000 0.951873
DS2.d142.s0.i0 1.000000 0.932180
DS2.d142.s0.i1 1.000000 0.985495
DS2.d142.s1.i0 1.000000 0.819924
DS2.d143.s0.i0 1.000000 0.702135
DS2.d140.s2.i0 1.000000 0.827130
DS2.d140.s3.i1 1.000000 0.878426
DS2.d140.s3.i0 1.000000 0.869114
DS2.d140.s0.i4 1.000000 1.113846
DS2.d140.s0.i5 1.000000 1.108741
DS2.d140.s0.i0 1.000000 0.876420
DS2.d140.s0.i1 1.000000 0.883028
DS2.d140.s0.i2 1.000000 0.876420
DS2.d140.s0.i3 1.000000 0.883028
DS2.d140.s1.i1 1.000000 0.960594
DS2.d140.s1.i0 1.000000 1.048085
DS2.d140.s4.i0 1.000000 1.104173
DS2.d140.s4.i1 1.000000 1.115154
DS2.d140.s4.i2 1.000000 0.949001
DS2.d140.s4.i3 1.000000 1.010518
DS2.d140.s4.i4 1.000000 1.181493
DS2.d140.s4.i5 1.000000 0.561288
DS2.d140.s4.i6 1.000000 1.106360
DS2.d140.s4.i7 1.000000 1.011798
DS2.d141.s1.i0 -1.000000 -0.607832
DS2.d141.s0.i0 -1.000000 -0.557092
DS2.d146.s0.i0 -1.000000 -0.653925
DS2.d146.s0.i1 -1.000000 -0.734524
DS2.d144.s0.i0 1.000000 1.010441
DS2.d145.s1.i2 -1.000000 -0.720074
DS2.d145.s1.i0 -1.000000 -0.924367
DS2.d145.s1.i1 -1.000000 -0.851926
DS2.d145.s0.i1 -1.000000 0.083537
DS2.d145.s0.i0 1.000000 0.247709
DS2.d145.s0.i2 1.000000 0.286280
DS2.d230.s0.i0 1.000000 0.866687
DS2.d231.s0.i22 -1.000000 -0.980980
DS2.d231.s0.i23 -1.000000 -1.063802
DS2.d231.s0.i20 -1.000000 -1.032459
DS2.d231.s0.i21 -1.000000 -1.151529
DS2.d231.s0.i7 -1.000000 -1.042547
DS2.d231.s0.i6 -1.000000 -1.070160
DS2.d231.s0.i5 -1.000000 -0.929182
DS2.d231.s0.i4 -1.000000 -1.062769
DS2.d231.s0.i3 -1.000000 -1.003526
DS2.d231.s0.i2 -1.000000 -0.884881
DS2.d231.s0.i1 -1.000000 -1.007826
DS2.d231.s0.i0 -1.000000 -0.977349
DS2.d231.s0.i9 -1.000000 -1.014068
DS2.d231.s0.i8 -1.000000 -1.019084
DS2.d231.s0.i17 -1.000000 -0.707090
DS2.d231.s0.i16 -1.000000 -0.992472
DS2.d231.s0.i15 -1.000000 -0.933875
DS2.d231.s0.i14 -1.000000 -0.883865
DS2.d231.s0.i13 -1.000000 -1.132612
DS2.d231.s0.i12 -1.000000 -0.789536
DS2.d231.s0.i11 -1.000000 -1.043523
DS2.d231.s0.i10 -1.000000 -0.822680
DS2.d231.s0.i19 -1.000000 -0.929979
DS2.d231.s0.i18 -1.000000 -1.180786
DS2.d757.s0.i0 -1.000000 -0.916354
DS2.d757.s0.i1 -1.000000 -0.932620
DS2.d757.s1.i1 -1.000000 -0.811661
DS2.d757.s1.i0 -1.000000 -0.902507
DS2.d757.s2.i0 -1.000000 -1.070458
DS2.d757.s2.i1 -1.000000 -1.008395
DS2.d757.s3.i1 -1.000000 -0.965126
DS2.d757.s3.i0 -1.000000 -0.973443
DS2.d756.s0.i2 -1.000000 -1.008746
DS2.d756.s0.i1 -1.000000 -0.877720
DS2.d756.s0.i0 -1.000000 -0.956496
DS2.d755.s0.i0 1.000000 0.825240
DS2.d755.s0.i1 1.000000 1.042532
DS2.d664.s1.i0 1.000000 0.631546
DS2.d664.s0.i0 1.000000 0.820829
DS2.d753.s0.i0 1.000000 0.720569
DS2.d232.s0.i0 -1.000000 -0.975441
DS2.d232.s0.i1 -1.000000 -1.229537
DS2.d751.s0.i0 1.000000 0.992710
DS2.d751.s0.i1 1.000000 0.890125
DS2.d751.s0.i2 1.000000 0.920646
DS2.d751.s0.i3 1.000000 1.082696
DS2.d751.s0.i4 1.000000 0.823296
DS2.d751.s0.i5 1.000000 1.025194
DS2.d751.s0.i6 1.000000 0.927785
DS2.d751.s0.i7 1.000000 0.849417
DS2.d750.s1.i0 1.000000 0.472447
DS2.d750.s0.i1 1.000000 0.948089
DS2.d750.s0.i0 1.000000 1.033751
DS2.d750.s2.i1 1.000000 0.720947
DS2.d750.s2.i0 1.000000 0.896787
DS2.d616.s0.i0 1.000000 0.712165
DS2.d616.s0.i1 1.000000 0.772330
DS2.d617.s0.i1 1.000000 0.948822
DS2.d617.s0.i0 1.000000 1.013018
DS2.d614.s0.i0 -1.000000 -0.917393
DS2.d614.s0.i1 -1.000000 -0.734506
DS2.d233.s0.i1 1.000000 0.706136
DS2.d233.s0.i0 1.000000 0.655427
DS2.d612.s0.i0 -1.000000 -0.778539
DS2.d612.s0.i1 -1.000000 -0.691643
DS2.d613.s0.i1 -1.000000 0.066232
DS2.d613.s0.i0 1.000000 0.414240
DS2.d610.s0.i0 1.000000 0.850821
DS2.d610.s1.i1 1.000000 1.025675
DS2.d610.s1.i0 1.000000 0.834856
DS2.d758.s0.i0 -1.000000 -0.607102
DS2.d660.s0.i0 -1.000000 -0.344265
DS2.d205.s0.i0 1.000000 0.600334
DS2.d205.s1.i0 1.000000 -0.413834
DS2.d205.s2.i0 -1.000000 -0.816251
DS2.d204.s1.i0 -1.000000 -0.541262
DS2.d204.s0.i0 -1.000000 -0.587189
DS2.d207.s0.i0 1.000000 0.963595
DS2.d206.s0.i1 1.000000 0.857274
DS2.d206.s0.i0 1.000000 0.568857
DS2.d201.s0.i11 -1.000000 -0.358245
DS2.d201.s0.i6 1.000000 0.553193
DS2.d201.s0.i7 -1.000000 -0.481477
DS2.d201.s0.i4 1.000000 0.217056
DS2.d201.s0.i5 -1.000000 -0.379140
DS2.d201.s0.i2 -1.000000 -0.512648
DS2.d201.s0.i3 1.000000 0.603122
DS2.d201.s0.i0 1.000000 0.196641
DS2.d201.s0.i1 -1.000000 -0.336711
DS2.d201.s0.i10 -1.000000 -0.534358
DS2.d201.s0.i8 1.000000 0.218042
DS2.d201.s0.i9 1.000000 0.629668
DS2.d201.s1.i1 1.000000 0.698464
DS2.d201.s1.i0 1.000000 0.624896
DS2.d201.s1.i2 -1.000000 -0.278226
DS2.d200.s1.i0 -1.000000 -0.710927
DS2.d200.s0.i0 1.000000 1.218178
DS2.d203.s0.i0 1.000000 0.967552
DS2.d203.s0.i1 1.000000 0.973014
DS2.d547.s1.i0 -1.000000 -0.974084
DS2.d547.s0.i0 1.000000 0.818320
DS2.d209.s0.i0 -1.000000 -0.291098
DS2.d208.s0.i0 1.000000 0.889370
DS2.d599.s0.i2 -1.000000 -0.904104
DS2.d599.s0.i0 -1.000000 -0.838945
DS2.d599.s0.i1 -1.000000 -0.844607
DS2.d598.s0.i0 1.000000 0.551816
DS2.d669.s0.i0 -1.000000 -0.290384
DS2.d669.s1.i0 1.000000 0.882625
DS2.d933.s0.i0 1.000000 0.837855
DS2.d932.s0.i2 -1.000000 -0.899694
DS2.d932.s0.i1 -1.000000 -0.795505
DS2.d932.s0.i0 -1.000000 -0.858784
DS2.d931.s0.i0 -1.000000 -0.781707
DS2.d931.s0.i1 -1.000000 -0.837331
DS2.d931.s0.i2 -1.000000 -0.821946
DS2.d931.s0.i3 -1.000000 -0.961422
DS2.d930.s0.i0 1.000000 0.851945
DS2.d937.s0.i0 1.000000 0.856956
DS2.d937.s0.i1 1.000000 0.856956
DS2.d936.s1.i0 1.000000 0.418925
DS2.d936.s0.i0 1.000000 0.650590
DS2.d935.s0.i0 1.000000 0.749854
DS2.d935.s0.i1 1.000000 0.807763
DS2.d934.s0.i0 -1.000000 -0.542745
DS2.d939.s0.i0 1.000000 0.584206
DS2.d202.s0.i0 1.000000 -0.527027
DS2.d121.s0.i2 -1.000000 -0.932909
DS2.d121.s0.i1 -1.000000 -1.010866
DS2.d121.s0.i0 -1.000000 -1.054425
DS2.d472.s0.i0 -1.000000 -0.628972
DS2.d472.s0.i1 -1.000000 -0.698472
DS2.d472.s1.i0 -1.000000 -0.549373
DS2.d378.s0.i0 1.000000 0.973671
DS2.d470.s0.i0 1.000000 0.541773
DS2.d471.s0.i5 1.000000 0.974366
DS2.d471.s0.i4 1.000000 0.847846
DS2.d471.s0.i1 1.000000 0.802816
DS2.d471.s0.i0 1.000000 1.023131
DS2.d471.s0.i3 1.000000 0.836195
DS2.d471.s0.i2 1.000000 1.022020
DS2.d476.s0.i0 -1.000000 -0.623801
DS2.d476.s0.i1 -1.000000 -0.811176
DS2.d477.s0.i3 -1.000000 -0.807774
DS2.d477.s0.i2 -1.000000 -0.815316
DS2.d477.s0.i1 -1.000000 -0.839565
DS2.d477.s0.i0 -1.000000 -0.780860
DS2.d474.s0.i0 1.000000 0.261222
DS2.d475.s1.i0 1.000000 0.848135
DS2.d475.s1.i1 1.000000 0.541137
DS2.d475.s0.i0 1.000000 0.524026
DS2.d371.s0.i0 -1.000000 -0.216291
DS2.d370.s0.i0 -1.000000 0.708354
DS2.d373.s0.i0 1.000000 0.812650
DS2.d373.s1.i0 1.000000 0.743496
DS2.d372.s0.i0 1.000000 0.716639
DS2.d375.s0.i8 -1.000000 -0.397866
DS2.d375.s0.i6 -1.000000 -0.453172
DS2.d375.s0.i7 -1.000000 -0.511255
DS2.d375.s0.i4 -1.000000 -0.389755
DS2.d375.s0.i5 -1.000000 -0.405609
DS2.d375.s0.i2 1.000000 -0.048962
DS2.d375.s0.i3 1.000000 0.054756
DS2.d375.s0.i0 -1.000000 -0.551474
DS2.d375.s0.i1 1.000000 0.154176
DS2.d374.s2.i0 -1.000000 0.002475
DS2.d374.s1.i0 1.000000 0.956188
DS2.d374.s1.i1 1.000000 0.634814
DS2.d374.s0.i1 1.000000 0.789619
DS2.d374.s0.i0 1.000000 0.890883
DS2.d377.s0.i0 1.000000 0.905389
DS2.d377.s1.i0 1.000000 0.773925
DS2.d270.s0.i0 1.000000 0.086363
DS2.d271.s0.i1 1.000000 0.004151
DS2.d271.s0.i0 1.000000 0.041663
DS2.d272.s0.i0 -1.000000 -0.462329
DS2.d273.s1.i0 1.000000 0.654298
DS2.d273.s0.i1 -1.000000 -0.773971
DS2.d273.s0.i0 -1.000000 -0.654949
DS2.d274.s0.i0 1.000000 0.034084
DS2.d274.s1.i0 -1.000000 -0.576470
DS2.d275.s0.i0 1.000000 0.783493
DS2.d276.s0.i0 -1.000000 -0.913338
DS2.d276.s1.i0 -1.000000 -0.619069
DS2.d277.s0.i0 -1.000000 -0.559012
DS2.d278.s0.i0 1.000000 0.837281
DS2.d809.s0.i0 1.000000 0.604524
DS2.d808.s0.i1 -1.000000 -0.978098
DS2.d808.s0.i0 -1.000000 -0.831096
DS2.d808.s0.i3 -1.000000 -0.886603
DS2.d808.s0.i2 -1.000000 -0.993370
DS2.d808.s0.i5 -1.000000 -0.959238
DS2.d808.s0.i4 -1.000000 -0.952601
DS2.d808.s0.i6 -1.000000 -1.019548
DS2.d807.s0.i0 -1.000000 -0.802421
DS2.d807.s0.i1 -1.000000 -0.770969
DS2.d807.s1.i1 -1.000000 -0.844580
DS2.d807.s1.i0 -1.000000 -0.895896
DS2.d806.s1.i0 1.000000 0.930291
DS2.d806.s1.i1 1.000000 0.982335
DS2.d806.s0.i0 1.000000 0.912519
DS2.d805.s0.i0 -1.000000 -0.798540
DS2.d805.s0.i1 -1.000000 -0.859627
DS2.d804.s1.i2 -1.000000 -0.871737
DS2.d804.s1.i3 -1.000000 -0.831471
DS2.d804.s1.i0 -1.000000 -0.929889
DS2.d804.s1.i1 -1.000000 -0.863181
DS2.d804.s0.i9 -1.000000 -0.946189
DS2.d804.s0.i8 -1.000000 -1.059396
DS2.d804.s0.i5 -1.000000 -1.030450
DS2.d804.s0.i4 -1.000000 -1.022815
DS2.d804.s0.i7 -1.000000 -0.977135
DS2.d804.s0.i6 -1.000000 -0.942904
DS2.d804.s0.i1 -1.000000 -0.913889
DS2.d804.s0.i0 -1.000000 -0.922740
DS2.d804.s0.i3 -1.000000 -1.027999
DS2.d804.s0.i2 -1.000000 -0.910283
DS2.d803.s0.i0 -1.000000 -0.887314
DS2.d803.s0.i1 -1.000000 -0.958178
DS2.d803.s1.i0 -1.000000 -0.978011
DS2.d801.s0.i0 1.000000 1.004416
DS2.d800.s0.i1 1.000000 0.897989
DS2.d800.s0.i0 1.000000 0.929960
DS2.d988.s0.i0 -1.000000 -0.381750
DS2.d989.s1.i0 1.000000 0.801617
DS2.d989.s0.i1 1.000000 0.806975
DS2.d989.s0.i0 1.000000 0.837205
DS2.d989.s0.i3 1.000000 0.669953
DS2.d989.s0.i2 1.000000 0.766409
DS2.d989.s0.i4 1.000000 0.730998
DS2.d986.s0.i0 1.000000 0.719242
DS2.d987.s2.i0 1.000000 1.048241
DS2.d987.s1.i0 1.000000 0.789030
DS2.d987.s0.i0 1.000000 0.899244
DS2.d984.s0.i0 1.000000 0.832778
DS2.d984.s0.i1 1.000000 0.832778
DS2.d982.s0.i0 -1.000000 -0.212467
DS2.d983.s2.i0 1.000000 1.004585
DS2.d983.s1.i0 1.000000 0.866355
DS2.d983.s0.i0 1.000000 0.805532
DS2.d980.s0.i0 -1.000000 -0.784659
DS2.d980.s0.i1 -1.000000 -0.872995
DS2.d980.s1.i0 -1.000000 -0.698584
DS2.d981.s0.i0 1.000000 0.813206
DS2.d384.s0.i0 -1.000000 -0.509742
DS2.d384.s1.i0 1.000000 1.072906
DS2.d385.s1.i0 -1.000000 -0.609627
DS2.d385.s1.i1 -1.000000 -0.764483
DS2.d385.s1.i2 -1.000000 -0.832277
DS2.d385.s1.i3 -1.000000 -0.671611
DS2.d385.s0.i1 1.000000 0.958099
DS2.d385.s0.i0 1.000000 0.517248
DS2.d386.s0.i0 1.000000 0.844522
DS2.d387.s1.i0 1.000000 0.460663
DS2.d387.s0.i1 1.000000 0.502308
DS2.d387.s0.i0 1.000000 0.747681
DS2.d380.s0.i0 -1.000000 0.157622
DS2.d380.s0.i1 1.000000 0.243345
DS2.d380.s1.i0 1.000000 0.606770
DS2.d381.s1.i0 -1.000000 -0.683591
DS2.d381.s0.i0 -1.000000 -0.467590
DS2.d383.s0.i0 -1.000000 0.269497
DS2.d388.s0.i0 -1.000000 -0.650445
DS2.d388.s1.i0 -1.000000 -0.737670
DS2.d388.s2.i0 -1.000000 -0.787403
DS2.d388.s2.i1 -1.000000 -0.656683
DS2.d389.s0.i1 1.000000 0.865417
DS2.d389.s0.i0 1.000000 0.702256
DS2.d186.s0.i0 1.000000 0.834033
DS2.d186.s0.i1 1.000000 0.838049
DS2.d187.s0.i3 -1.000000 -1.192984
DS2.d187.s0.i2 -1.000000 -1.028540
DS2.d187.s0.i1 -1.000000 -0.890533
DS2.d187.s0.i0 -1.000000 -0.909310
DS2.d184.s0.i0 1.000000 0.887525
DS2.d185.s0.i1 -1.000000 -0.637916
DS2.d185.s0.i0 -1.000000 -0.637916
DS2.d182.s0.i0 -1.000000 -0.293179
DS2.d183.s1.i0 1.000000 0.921510
DS2.d183.s1.i1 1.000000 0.932801
DS2.d183.s1.i2 1.000000 0.921510
DS2.d183.s0.i1 -1.000000 -0.307661
DS2.d183.s0.i0 1.000000 0.644955
DS2.d180.s0.i0 1.000000 0.936389
DS2.d180.s0.i1 1.000000 1.038920
DS2.d180.s0.i2 1.000000 0.875802
DS2.d180.s0.i3 1.000000 1.083031
DS2.d188.s0.i0 1.000000 0.836504
DS2.d188.s0.i1 1.000000 0.977976
DS2.d188.s0.i2 1.000000 0.919556
DS2.d188.s0.i3 1.000000 0.942861
DS2.d188.s1.i0 -1.000000 0.050570
DS2.d189.s1.i0 -1.000000 -0.711511
DS2.d189.s0.i1 -1.000000 -0.920986
DS2.d189.s0.i0 -1.000000 -0.800611
DS2.d793.s0.i0 1.000000 0.726271
DS2.d792.s0.i1 1.000000 0.714814
DS2.d792.s0.i0 1.000000 0.757527
DS2.d791.s0.i0 1.000000 0.949168
DS2.d791.s1.i0 1.000000 0.608425
DS2.d790.s1.i0 -1.000000 -0.488356
DS2.d790.s0.i0 1.000000 0.767039
DS2.d797.s0.i0 -1.000000 -0.733392
DS2.d797.s1.i0 -1.000000 -0.336241
DS2.d796.s0.i0 1.000000 0.703481
DS2.d794.s0.i1 -1.000000 -0.996851
DS2.d794.s0.i0 -1.000000 -0.891862
DS2.d794.s0.i3 -1.000000 -0.928166
DS2.d794.s0.i2 -1.000000 -1.059164
DS2.d652.s0.i2 -1.000000 -0.904059
DS2.d652.s0.i0 -1.000000 -0.904059
DS2.d652.s0.i1 -1.000000 -0.981257
DS2.d653.s0.i0 1.000000 0.255480
DS2.d650.s0.i0 1.000000 1.052202
DS2.d650.s0.i1 1.000000 0.826840
DS2.d650.s0.i2 1.000000 0.920621
DS2.d650.s0.i3 1.000000 0.743780
DS2.d798.s0.i0 1.000000 0.934119
DS2.d656.s0.i0 1.000000 0.547075
DS2.d657.s3.i0 1.000000 0.944094
DS2.d657.s2.i0 1.000000 0.738702
DS2.d657.s1.i0 1.000000 0.974719
DS2.d657.s1.i1 1.000000 0.756271
DS2.d657.s0.i1 1.000000 0.755930
DS2.d657.s0.i0 1.000000 1.323201
DS2.d654.s0.i0 -1.000000 0.542399
DS2.d654.s1.i0 1.000000 0.797418
DS2.d655.s0.i0 -1.000000 -0.902538
DS2.d551.s0.i2 1.000000 0.914454
DS2.d551.s0.i3 1.000000 0.859881
DS2.d551.s0.i0 1.000000 0.893940
DS2.d551.s0.i1 1.000000 0.841165
DS2.d550.s1.i0 1.000000 0.808091
DS2.d550.s1.i1 1.000000 0.970107
DS2.d550.s1.i2 1.000000 0.970107
DS2.d550.s1.i3 1.000000 0.808091
DS2.d550.s0.i13 1.000000 0.973109
DS2.d550.s0.i12 1.000000 1.080258
DS2.d550.s0.i11 1.000000 0.654552
DS2.d550.s0.i10 1.000000 0.883586
DS2.d550.s0.i14 1.000000 0.831250
DS2.d550.s0.i3 1.000000 0.750196
DS2.d550.s0.i2 1.000000 0.872722
DS2.d550.s0.i1 1.000000 0.615027
DS2.d550.s0.i0 1.000000 1.080258
DS2.d550.s0.i7 1.000000 0.831250
DS2.d550.s0.i6 1.000000 0.872722
DS2.d550.s0.i5 1.000000 1.149077
DS2.d550.s0.i4 1.000000 0.954159
DS2.d550.s0.i9 1.000000 1.149077
DS2.d550.s0.i8 1.000000 0.973109
DS2.d553.s0.i0 1.000000 0.796689
DS2.d552.s0.i0 1.000000 0.234405
DS2.d555.s0.i0 1.000000 0.704801
DS2.d555.s1.i1 1.000000 0.905697
DS2.d555.s1.i0 1.000000 0.820763
DS2.d554.s0.i0 1.000000 0.928710
DS2.d557.s0.i0 1.000000 0.508235
DS2.d556.s1.i2 1.000000 0.278909
DS2.d556.s1.i0 -1.000000 -0.311175
DS2.d556.s1.i1 -1.000000 -0.469570
DS2.d556.s0.i1 1.000000 0.489208
DS2.d556.s0.i0 1.000000 0.633004
DS2.d556.s0.i2 1.000000 0.745728
DS2.d559.s0.i0 1.000000 1.009520
DS2.d559.s0.i1 1.000000 1.061087
DS2.d558.s0.i0 1.000000 0.946186
DS2.d492.s2.i0 1.000000 0.856628
DS2.d492.s0.i0 -1.000000 -0.544391
DS2.d492.s1.i0 1.000000 0.324936
DS2.d493.s0.i0 1.000000 0.680958
DS2.d494.s0.i0 -1.000000 -0.518155
DS2.d494.s1.i1 1.000000 0.656611
DS2.d494.s1.i0 1.000000 0.631422
DS2.d494.s2.i0 -1.000000 -0.800459
DS2.d495.s0.i1 1.000000 0.587825
DS2.d495.s0.i0 1.000000 0.892300
DS2.d496.s0.i0 -1.000000 -0.891648
DS2.d496.s0.i1 -1.000000 -0.939058
DS2.d496.s0.i2 -1.000000 -0.892321
DS2.d496.s0.i3 -1.000000 -0.811341
DS2.d497.s0.i1 -1.000000 -0.721549
DS2.d497.s0.i0 -1.000000 -0.753442
DS2.d77.s0.i2 1.000000 0.904849
DS2.d77.s0.i0 1.000000 0.809641
DS2.d77.s0.i1 1.000000 0.887243
DS2.d76.s1.i0 1.000000 0.980868
DS2.d76.s1.i1 1.000000 0.980868
DS2.d76.s1.i2 1.000000 0.777762
DS2.d76.s1.i3 1.000000 0.890404
DS2.d76.s1.i4 1.000000 0.890404
DS2.d76.s1.i5 1.000000 0.872032
DS2.d76.s0.i1 1.000000 1.019792
DS2.d76.s0.i0 1.000000 1.019792
DS2.d75.s0.i0 1.000000 0.368425
DS2.d75.s0.i1 -1.000000 0.375835
DS2.d74.s0.i1 1.000000 0.589645
DS2.d74.s0.i0 1.000000 0.613948
DS2.d74.s0.i2 -1.000000 0.068187
DS2.d73.s0.i0 1.000000 0.920033
DS2.d73.s0.i1 1.000000 0.898076
DS2.d71.s2.i0 1.000000 0.644251
DS2.d71.s0.i0 1.000000 0.899764
DS2.d71.s1.i0 1.000000 0.911209
DS2.d70.s0.i1 1.000000 0.820560
DS2.d70.s0.i0 1.000000 0.791450
DS2.d79.s0.i0 -1.000000 -0.985668
DS2.d79.s0.i1 -1.000000 -1.021299
DS2.d79.s0.i2 -1.000000 -1.009553
DS2.d79.s0.i3 -1.000000 -0.989926
DS2.d79.s0.i4 -1.000000 -1.015196
DS2.d79.s0.i5 -1.000000 -0.738030
DS2.d79.s0.i6 -1.000000 -1.069665
DS2.d79.s0.i7 -1.000000 -0.776901
DS2.d78.s1.i2 1.000000 0.845255
DS2.d78.s1.i0 1.000000 0.744604
DS2.d78.s1.i1 1.000000 0.796681
DS2.d78.s0.i0 1.000000 0.851266
DS2.d84.s0.i0 -1.000000 -0.615830
DS2.d942.s0.i0 1.000000 0.392195
DS2.d111.s0.i2 -1.000000 -1.078351
DS2.d111.s0.i0 -1.000000 -0.314720
DS2.d111.s0.i1 -1.000000 -0.369190
DS2.d110.s0.i1 1.000000 0.879600
DS2.d110.s0.i0 1.000000 0.879600
DS2.d112.s0.i1 -1.000000 -0.852798
DS2.d112.s0.i0 -1.000000 -0.752676
DS2.d114.s0.i7 1.000000 0.937035
DS2.d114.s0.i6 1.000000 0.950905
DS2.d114.s0.i5 1.000000 0.692402
DS2.d114.s0.i4 1.000000 0.893376
DS2.d114.s0.i3 1.000000 0.873702
DS2.d114.s0.i2 1.000000 0.924245
DS2.d114.s0.i1 1.000000 1.055913
DS2.d114.s0.i0 1.000000 1.151633
DS2.d117.s0.i0 1.000000 0.879907
DS2.d117.s0.i1 1.000000 0.911045
DS2.d116.s1.i2 -1.000000 -0.188985
DS2.d116.s1.i0 -1.000000 -0.547329
DS2.d116.s1.i1 1.000000 -0.126101
DS2.d116.s0.i1 1.000000 0.695825
DS2.d116.s0.i0 1.000000 0.776385
DS2.d119.s0.i0 1.000000 0.756134
DS2.d118.s0.i3 1.000000 0.794625
DS2.d118.s0.i2 1.000000 0.902568
DS2.d118.s0.i1 1.000000 0.843202
DS2.d118.s0.i0 1.000000 0.867560
DS2.d118.s0.i5 1.000000 0.794625
DS2.d118.s0.i4 1.000000 0.867560
DS2.d728.s0.i0 -1.000000 -0.529743
DS2.d729.s1.i0 -1.000000 -0.628368
DS2.d729.s0.i0 -1.000000 -0.212409
DS2.d726.s0.i2 1.000000 0.963495
DS2.d726.s0.i0 1.000000 0.963495
DS2.d726.s0.i1 1.000000 0.970120
DS2.d727.s0.i1 -1.000000 -0.754868
DS2.d727.s0.i0 -1.000000 -0.788669
DS2.d725.s0.i1 -1.000000 -1.045975
DS2.d725.s0.i0 -1.000000 -0.941826
DS2.d722.s0.i0 1.000000 0.767056
DS2.d723.s0.i0 -1.000000 0.777232
DS2.d720.s0.i0 1.000000 0.630244
DS2.d720.s0.i1 1.000000 0.959772
DS2.d720.s0.i2 1.000000 0.633912
DS2.d720.s0.i3 1.000000 0.686590
DS2.d720.s0.i4 1.000000 0.916638
DS2.d720.s1.i1 -1.000000 -0.344596
DS2.d720.s1.i0 1.000000 0.161897
DS2.d721.s0.i0 -1.000000 -0.031376
DS2.d876.s0.i0 -1.000000 0.747601
DS2.d876.s0.i1 1.000000 0.557928
DS2.d877.s0.i0 -1.000000 -0.198973
DS2.d874.s0.i0 1.000000 0.260562
DS2.d874.s0.i1 1.000000 0.225830
DS2.d875.s0.i1 -1.000000 -0.697041
DS2.d875.s0.i0 -1.000000 -0.697850
DS2.d872.s0.i0 1.000000 0.340701
DS2.d873.s0.i0 1.000000 1.090366
DS2.d870.s0.i0 1.000000 0.770682
DS2.d870.s1.i0 1.000000 0.602364
DS2.d871.s1.i0 1.000000 0.942329
DS2.d871.s1.i1 1.000000 0.942329
DS2.d871.s0.i1 1.000000 0.106629
DS2.d871.s0.i0 -1.000000 0.113067
DS2.d1055.s1.i0 1.000000 0.896602
DS2.d1055.s1.i1 1.000000 0.804766
DS2.d1055.s0.i0 1.000000 0.881854
DS2.d878.s0.i0 -1.000000 -0.333161
DS2.d879.s0.i0 1.000000 0.805797
DS2.d1036.s0.i2 1.000000 0.752941
DS2.d1036.s0.i3 1.000000 0.801947
DS2.d1036.s0.i0 1.000000 0.817626
DS2.d1036.s0.i1 1.000000 0.818840
DS2.d1036.s1.i1 1.000000 0.818046
DS2.d1036.s1.i0 1.000000 0.765826
DS2.d1036.s1.i3 1.000000 0.919278
DS2.d1036.s1.i2 1.000000 0.874147
DS2.d1036.s2.i0 1.000000 0.821244
DS2.d1036.s2.i1 1.000000 0.821244
DS2.d1037.s0.i3 1.000000 0.730136
DS2.d1037.s0.i2 1.000000 0.909573
DS2.d1037.s0.i1 1.000000 0.925166
DS2.d1037.s0.i0 1.000000 0.707185
DS2.d337.s0.i0 1.000000 0.706089
DS2.d337.s1.i1 1.000000 0.617675
DS2.d337.s1.i0 1.000000 0.722473
DS2.d1035.s0.i0 1.000000 0.712964
DS2.d331.s0.i0 1.000000 0.833616
DS2.d331.s0.i1 1.000000 0.791025
DS2.d1033.s0.i0 1.000000 0.636030
DS2.d1030.s0.i0 -1.000000 -0.502618
DS2.d1031.s0.i1 1.000000 1.018033
DS2.d1031.s0.i0 1.000000 1.018033
DS2.d234.s0.i0 1.000000 0.333646
DS2.d234.s0.i1 -1.000000 -0.023134
DS2.d235.s2.i0 -1.000000 -0.565346
DS2.d235.s1.i0 -1.000000 -0.614024
DS2.d235.s0.i1 1.000000 0.325401
DS2.d235.s0.i0 -1.000000 -0.261850
DS2.d236.s0.i0 1.000000 0.942195
DS2.d236.s0.i1 1.000000 0.942195
DS2.d237.s0.i0 1.000000 0.630735
DS2.d339.s0.i0 -1.000000 -0.497485
DS2.d339.s1.i0 -1.000000 -0.568418
DS2.d338.s0.i0 1.000000 0.773417
DS2.d1038.s0.i0 1.000000 0.347828
DS2.d1039.s0.i1 -1.000000 -0.860762
DS2.d1039.s0.i0 -1.000000 -1.011401
DS2.d1039.s0.i3 -1.000000 -0.742304
DS2.d1039.s0.i2 -1.000000 -0.984065
DS2.d422.s1.i0 1.000000 0.694736
DS2.d422.s1.i1 1.000000 0.886374
DS2.d422.s0.i0 1.000000 0.965672
DS2.d1065.s0.i4 1.000000 0.920916
DS2.d1065.s0.i2 1.000000 0.750459
DS2.d1065.s0.i3 1.000000 0.851450
DS2.d1065.s0.i0 1.000000 0.838892
DS2.d1065.s0.i1 1.000000 0.842582
DS2.d1056.s0.i0 1.000000 0.783485
DS2.d719.s0.i0 1.000000 0.883750
DS2.d719.s1.i0 -1.000000 -0.116275
DS2.d718.s0.i1 -1.000000 -0.824255
DS2.d718.s0.i0 -1.000000 -0.857874
DS2.d1064.s0.i1 -1.000000 -0.767531
DS2.d1064.s0.i0 -1.000000 -0.806113
DS2.d23.s0.i0 1.000000 0.646616
DS2.d582.s0.i0 1.000000 0.739850
DS2.d582.s1.i0 1.000000 0.950952
DS2.d583.s0.i3 1.000000 0.991287
DS2.d583.s0.i2 1.000000 0.991287
DS2.d583.s0.i1 1.000000 0.994666
DS2.d583.s0.i0 1.000000 0.994666
DS2.d580.s0.i16 -1.000000 -1.003658
DS2.d580.s0.i17 -1.000000 -0.933923
DS2.d580.s0.i14 -1.000000 -0.999640
DS2.d580.s0.i15 -1.000000 -1.106665
DS2.d580.s0.i12 -1.000000 -0.928221
DS2.d580.s0.i13 -1.000000 -0.930135
DS2.d580.s0.i10 -1.000000 -0.829175
DS2.d580.s0.i11 -1.000000 -1.050022
DS2.d580.s0.i18 -1.000000 -0.928221
DS2.d580.s0.i19 -1.000000 -0.978934
DS2.d580.s0.i8 -1.000000 -1.061377
DS2.d580.s0.i9 -1.000000 -0.951207
DS2.d580.s0.i4 -1.000000 -1.093967
DS2.d580.s0.i5 -1.000000 -1.050022
DS2.d580.s0.i6 -1.000000 -1.093967
DS2.d580.s0.i7 -1.000000 -0.949397
DS2.d580.s0.i0 -1.000000 -1.021106
DS2.d580.s0.i1 -1.000000 -1.090019
DS2.d580.s0.i2 -1.000000 -1.024150
DS2.d580.s0.i3 -1.000000 -0.933923
DS2.d581.s0.i0 -1.000000 -0.516806
DS2.d586.s0.i0 -1.000000 -0.717587
DS2.d586.s0.i1 -1.000000 -0.685583
DS2.d587.s0.i0 1.000000 0.878758
DS2.d584.s0.i0 -1.000000 -1.081119
DS2.d584.s0.i1 -1.000000 -0.507721
DS2.d585.s0.i1 1.000000 1.000822
DS2.d585.s0.i0 1.000000 0.946861
DS2.d429.s0.i0 1.000000 0.810103
DS2.d429.s1.i0 1.000000 0.877072
DS2.d420.s0.i3 -1.000000 -0.859366
DS2.d420.s0.i2 -1.000000 -0.978512
DS2.d420.s0.i1 -1.000000 -0.813139
DS2.d420.s0.i0 -1.000000 -0.612738
DS2.d588.s0.i0 -1.000000 -0.667413
DS2.d589.s0.i1 1.000000 0.954493
DS2.d589.s0.i0 1.000000 0.735475
DS2.d424.s1.i0 1.000000 0.833339
DS2.d424.s1.i1 1.000000 0.880671
DS2.d424.s0.i0 1.000000 0.977351
DS2.d427.s0.i0 1.000000 0.321583
DS2.d426.s0.i1 1.000000 0.550547
DS2.d426.s0.i0 1.000000 0.728153
DS2.d340.s0.i2 -1.000000 -0.841196
DS2.d340.s0.i3 -1.000000 -0.631785
DS2.d340.s0.i0 -1.000000 -0.854009
DS2.d340.s0.i1 -1.000000 -0.911574
DS2.d340.s0.i4 -1.000000 -0.684332
DS2.d341.s0.i1 1.000000 0.843181
DS2.d341.s0.i0 1.000000 0.649128
DS2.d342.s0.i0 -1.000000 -0.966266
DS2.d342.s0.i1 -1.000000 -0.612877
DS2.d344.s0.i0 -1.000000 -0.344789
DS2.d345.s0.i0 1.000000 0.412930
DS2.d473.s3.i2 1.000000 0.984878
DS2.d473.s3.i0 1.000000 0.655930
DS2.d473.s3.i1 1.000000 0.492836
DS2.d473.s2.i0 1.000000 0.860197
DS2.d473.s1.i0 1.000000 1.197369
DS2.d473.s0.i3 1.000000 0.888608
DS2.d473.s0.i2 1.000000 0.986495
DS2.d473.s0.i1 1.000000 0.994749
DS2.d473.s0.i0 1.000000 1.110304
DS2.d348.s0.i0 1.000000 0.518696
DS2.d348.s1.i0 -1.000000 -0.734949
DS2.d19.s0.i0 -1.000000 -0.352188
DS2.d19.s1.i0 1.000000 0.538167
DS2.d347.s0.i1 1.000000 0.770103
DS2.d347.s0.i0 1.000000 0.353582
DS2.d347.s0.i3 1.000000 0.564377
DS2.d347.s0.i2 1.000000 0.845922
DS2.d330.s0.i0 1.000000 0.699208
DS2.d716.s1.i0 -1.000000 -0.444764
DS2.d716.s1.i1 1.000000 -0.182582
DS2.d716.s1.i2 -1.000000 -0.491199
DS2.d716.s0.i0 -1.000000 -0.461901
DS2.d428.s0.i0 1.000000 0.708376
DS2.d349.s0.i2 1.000000 0.813589
DS2.d349.s0.i1 1.000000 0.853164
DS2.d349.s0.i0 1.000000 0.871234
DS2.d977.s0.i0 -1.000000 -0.816662
DS2.d977.s0.i1 -1.000000 -0.895064
DS2.d976.s1.i0 1.000000 0.604844
DS2.d976.s0.i0 1.000000 0.234472
DS2.d974.s1.i0 1.000000 0.502166
DS2.d974.s0.i0 1.000000 0.733338
DS2.d974.s2.i1 1.000000 0.722213
DS2.d974.s2.i0 1.000000 0.704974
DS2.d973.s0.i0 1.000000 0.798209
DS2.d973.s1.i1 1.000000 0.163142
DS2.d973.s1.i0 -1.000000 0.164828
DS2.d973.s1.i3 1.000000 0.319123
DS2.d973.s1.i2 -1.000000 0.406920
DS2.d973.s1.i5 1.000000 0.636183
DS2.d973.s1.i4 1.000000 0.504105
DS2.d973.s2.i0 1.000000 0.619373
DS2.d973.s3.i1 -1.000000 0.259186
DS2.d973.s3.i0 1.000000 0.538473
DS2.d972.s0.i0 -1.000000 -0.854941
DS2.d971.s0.i0 1.000000 0.430696
DS2.d970.s0.i1 1.000000 0.419116
DS2.d970.s0.i0 -1.000000 -0.026065
DS2.d970.s0.i2 1.000000 0.211230
DS2.d1059.s0.i0 1.000000 0.965387
DS2.d478.s0.i0 1.000000 0.812448
DS2.d696.s0.i0 1.000000 0.803008
DS2.d696.s0.i1 1.000000 0.803008
DS2.d697.s0.i0 1.000000 -0.177015
DS2.d694.s0.i4 -1.000000 -0.420519
DS2.d694.s0.i5 1.000000 0.086756
DS2.d694.s0.i0 -1.000000 -0.514741
DS2.d694.s0.i1 -1.000000 -0.530780
DS2.d694.s0.i2 1.000000 0.161765
DS2.d694.s0.i3 -1.000000 -0.444258
DS2.d479.s0.i0 1.000000 0.855868
DS2.d692.s0.i0 1.000000 0.754385
DS2.d692.s0.i1 1.000000 0.766992
DS2.d692.s1.i0 -1.000000 -0.423986
DS2.d692.s2.i0 -1.000000 -0.691332
DS2.d692.s3.i0 1.000000 0.851491
DS2.d350.s0.i0 1.000000 0.788082
DS2.d690.s0.i0 1.000000 0.400572
DS2.d691.s0.i1 1.000000 0.919902
DS2.d691.s0.i0 1.000000 0.671644
DS2.d332.s0.i0 1.000000 1.122676
DS2.d514.s0.i3 -1.000000 -1.097944
DS2.d514.s0.i2 -1.000000 -0.992195
DS2.d514.s0.i1 -1.000000 -1.052707
DS2.d514.s0.i0 -1.000000 -1.008004
DS2.d514.s0.i7 -1.000000 -0.968145
DS2.d514.s0.i6 -1.000000 -1.164575
DS2.d514.s0.i5 -1.000000 -0.965095
DS2.d514.s0.i4 -1.000000 -0.760990
DS2.d517.s0.i0 1.000000 0.997916
DS2.d516.s1.i0 1.000000 0.765549
DS2.d516.s0.i1 -1.000000 -0.026619
DS2.d516.s0.i0 1.000000 0.570087
DS2.d511.s0.i2 1.000000 0.445916
DS2.d511.s0.i0 -1.000000 0.268441
DS2.d511.s0.i1 1.000000 0.417995
DS2.d746.s2.i0 1.000000 0.630145
DS2.d746.s0.i0 -1.000000 -0.331744
DS2.d746.s1.i0 1.000000 0.464403
DS2.d698.s0.i0 1.000000 0.782985
DS2.d699.s0.i0 1.000000 0.990238
DS2.d747.s0.i1 1.000000 0.737368
DS2.d747.s0.i0 1.000000 0.657281
DS2.d39.s2.i0 1.000000 0.473536
DS2.d39.s0.i0 1.000000 0.710037
DS2.d39.s1.i0 1.000000 0.554797
DS2.d38.s0.i1 -1.000000 -0.816016
DS2.d38.s0.i0 -1.000000 -0.754128
DS2.d979.s0.i0 1.000000 0.679748
DS2.d979.s0.i1 1.000000 0.888830
DS2.d33.s0.i0 -1.000000 -0.404212
DS2.d33.s1.i1 -1.000000 -0.810382
DS2.d33.s1.i0 -1.000000 -0.851571
DS2.d33.s2.i0 1.000000 0.614494
DS2.d32.s0.i0 1.000000 0.932636
DS2.d31.s0.i0 1.000000 0.319491
DS2.d978.s1.i4 1.000000 0.972446
DS2.d978.s1.i5 1.000000 0.972446
DS2.d978.s1.i2 1.000000 0.932596
DS2.d978.s1.i3 1.000000 0.932596
DS2.d978.s1.i0 1.000000 0.794166
DS2.d978.s1.i1 1.000000 0.877621
DS2.d978.s0.i1 1.000000 0.902969
DS2.d978.s0.i0 1.000000 0.902969
DS2.d37.s0.i0 1.000000 0.478274
DS2.d36.s1.i0 -1.000000 -0.570219
DS2.d36.s0.i0 -1.000000 -0.597233
DS2.d34.s1.i2 -1.000000 -0.202353
DS2.d34.s1.i3 1.000000 0.516968
DS2.d34.s1.i0 -1.000000 -0.422831
DS2.d34.s1.i1 1.000000 0.226937
DS2.d34.s0.i0 1.000000 0.795214
DS2.d159.s0.i2 -1.000000 -1.007143
DS2.d159.s0.i3 -1.000000 -1.057520
DS2.d159.s0.i0 -1.000000 -0.891766
DS2.d159.s0.i1 -1.000000 -0.860013
DS2.d158.s0.i0 -1.000000 -0.730794
DS2.d155.s0.i0 1.000000 0.818846
DS2.d154.s0.i1 1.000000 0.772139
DS2.d154.s0.i0 1.000000 0.986129
DS2.d157.s0.i4 -1.000000 -0.815626
DS2.d157.s0.i5 -1.000000 -0.886520
DS2.d157.s0.i6 -1.000000 -0.863516
DS2.d157.s0.i7 -1.000000 -0.906994
DS2.d157.s0.i0 -1.000000 -0.972764
DS2.d157.s0.i1 -1.000000 -0.954749
DS2.d157.s0.i2 -1.000000 -0.932559
DS2.d157.s0.i3 -1.000000 -0.974717
DS2.d157.s0.i8 -1.000000 -0.970307
DS2.d157.s0.i9 -1.000000 -0.932969
DS2.d156.s0.i0 1.000000 0.449231
DS2.d151.s0.i0 1.000000 0.725186
DS2.d150.s0.i0 1.000000 0.796196
DS2.d153.s0.i0 -1.000000 0.079329
DS2.d153.s1.i1 -1.000000 -0.871535
DS2.d153.s1.i0 -1.000000 -0.507573
DS2.d152.s1.i0 -1.000000 -0.504361
DS2.d152.s0.i0 -1.000000 -0.946087
DS2.d322.s0.i0 -1.000000 -0.740072
DS2.d322.s0.i1 -1.000000 -0.712449
DS2.d303.s0.i1 -1.000000 -0.022236
DS2.d303.s0.i0 1.000000 0.157367
DS2.d769.s1.i0 1.000000 0.682601
DS2.d769.s0.i0 1.000000 0.818154
DS2.d248.s0.i0 1.000000 0.731723
DS2.d762.s0.i0 -1.000000 -0.314101
DS2.d763.s0.i0 1.000000 0.943233
DS2.d760.s0.i4 -1.000000 -0.941529
DS2.d760.s0.i0 -1.000000 -0.964115
DS2.d760.s0.i1 -1.000000 -0.910960
DS2.d760.s0.i2 -1.000000 -0.938379
DS2.d760.s0.i3 -1.000000 -0.829643
DS2.d761.s0.i0 1.000000 0.602156
DS2.d766.s0.i0 1.000000 0.603183
DS2.d766.s1.i1 1.000000 0.833373
DS2.d766.s1.i0 1.000000 0.828392
DS2.d320.s0.i0 1.000000 0.565360
DS2.d764.s0.i0 1.000000 0.751904
DS2.d765.s0.i0 -1.000000 -0.293839
DS2.d601.s0.i2 1.000000 0.844428
DS2.d601.s0.i0 1.000000 0.927649
DS2.d601.s0.i1 1.000000 0.976759
DS2.d600.s2.i0 1.000000 0.848349
DS2.d600.s1.i0 1.000000 0.859032
DS2.d600.s1.i1 1.000000 0.813210
DS2.d600.s1.i2 1.000000 0.710148
DS2.d600.s1.i3 1.000000 0.758489
DS2.d600.s0.i0 1.000000 0.786550
DS2.d603.s0.i0 1.000000 0.662713
DS2.d603.s0.i1 1.000000 0.662821
DS2.d603.s0.i2 1.000000 0.974258
DS2.d602.s0.i1 1.000000 0.815968
DS2.d602.s0.i0 1.000000 0.663026
DS2.d605.s0.i0 1.000000 0.908918
DS2.d605.s1.i0 1.000000 0.875696
DS2.d604.s1.i0 1.000000 0.738635
DS2.d604.s0.i0 1.000000 0.991164
DS2.d607.s0.i0 1.000000 -0.581969
DS2.d609.s0.i2 -1.000000 -0.994504
DS2.d609.s0.i3 -1.000000 -0.859207
DS2.d609.s0.i0 -1.000000 -0.890729
DS2.d609.s0.i1 -1.000000 -0.843799
DS2.d609.s0.i6 -1.000000 -0.995576
DS2.d609.s0.i7 -1.000000 -0.926912
DS2.d609.s0.i4 -1.000000 -1.004239
DS2.d609.s0.i5 -1.000000 -0.953808
DS2.d608.s0.i0 -1.000000 -0.709201
DS2.d562.s0.i0 -1.000000 -0.511072
DS2.d563.s0.i0 -1.000000 -0.471949
DS2.d564.s0.i0 -1.000000 -0.499134
DS2.d565.s0.i0 1.000000 0.915303
DS2.d566.s0.i0 -1.000000 -0.753715
DS2.d566.s0.i1 -1.000000 -0.780508
DS2.d566.s0.i2 -1.000000 -0.924428
DS2.d566.s0.i3 -1.000000 -0.937814
DS2.d567.s0.i0 -1.000000 -0.298321
DS2.d1023.s0.i0 1.000000 0.823061
DS2.d1022.s0.i1 1.000000 0.869731
DS2.d1022.s0.i0 1.000000 0.869786
DS2.d1022.s0.i2 1.000000 1.016068
DS2.d128.s0.i2 1.000000 0.007981
DS2.d128.s0.i3 -1.000000 -0.864900
DS2.d128.s0.i0 -1.000000 -0.635156
DS2.d128.s0.i1 -1.000000 -0.562191
DS2.d128.s0.i4 -1.000000 -0.505265
DS2.d129.s1.i0 -1.000000 -0.548951
DS2.d129.s0.i1 -1.000000 -0.799945
DS2.d129.s0.i0 -1.000000 -0.532891
DS2.d242.s0.i0 -1.000000 -0.228563
DS2.d120.s0.i0 1.000000 -0.390111
DS2.d1029.s0.i4 -1.000000 -0.878447
DS2.d1029.s0.i5 -1.000000 -0.856590
DS2.d1029.s0.i2 -1.000000 -0.952344
DS2.d1029.s0.i3 -1.000000 -0.954571
DS2.d1029.s0.i0 -1.000000 -0.885608
DS2.d1029.s0.i1 -1.000000 -0.863733
DS2.d122.s2.i0 -1.000000 -0.733888
DS2.d122.s3.i1 -1.000000 -0.799585
DS2.d122.s3.i0 -1.000000 -0.841635
DS2.d122.s3.i2 -1.000000 -0.909034
DS2.d122.s0.i0 -1.000000 -0.890689
DS2.d122.s0.i1 -1.000000 -0.817820
DS2.d122.s1.i3 -1.000000 -0.952378
DS2.d122.s1.i2 -1.000000 -0.674037
DS2.d122.s1.i1 -1.000000 -0.845432
DS2.d122.s1.i0 -1.000000 -0.979582
DS2.d123.s0.i0 1.000000 0.770770
DS2.d124.s0.i0 -1.000000 -1.043109
DS2.d579.s0.i0 -1.000000 -0.700414
DS2.d579.s0.i1 -1.000000 -0.598150
DS2.d579.s0.i2 -1.000000 -0.736263
DS2.d579.s0.i3 -1.000000 -0.664825
DS2.d126.s0.i0 1.000000 0.811963
DS2.d126.s1.i0 1.000000 0.686356
DS2.d1028.s0.i0 1.000000 0.726690
DS2.d677.s0.i5 -1.000000 -0.748674
DS2.d677.s0.i4 -1.000000 -1.105219
DS2.d677.s0.i7 -1.000000 -0.891188
DS2.d677.s0.i6 -1.000000 -0.938776
DS2.d677.s0.i1 -1.000000 -0.860772
DS2.d677.s0.i0 -1.000000 -1.093059
DS2.d677.s0.i3 -1.000000 -0.821841
DS2.d677.s0.i2 -1.000000 -0.820966
DS2.d677.s0.i19 -1.000000 -1.064161
DS2.d677.s0.i18 -1.000000 -0.919900
DS2.d677.s0.i16 -1.000000 -1.009685
DS2.d677.s0.i9 -1.000000 -0.962944
DS2.d677.s0.i8 -1.000000 -1.202340
DS2.d677.s0.i17 -1.000000 -0.904153
DS2.d677.s0.i12 -1.000000 -0.937581
DS2.d677.s0.i15 -1.000000 -1.060644
DS2.d677.s0.i13 -1.000000 -0.759207
DS2.d677.s0.i10 -1.000000 -1.121765
DS2.d677.s0.i11 -1.000000 -1.162905
DS2.d677.s0.i14 -1.000000 -1.021940
DS2.d468.s2.i0 -1.000000 -0.273683
DS2.d468.s1.i0 1.000000 0.666087
DS2.d468.s1.i1 1.000000 0.791497
DS2.d468.s0.i1 -1.000000 0.266781
DS2.d468.s0.i0 1.000000 0.504531
DS2.d906.s0.i0 1.000000 0.794179
DS2.d906.s0.i1 1.000000 0.722739
DS2.d906.s1.i0 1.000000 0.499994
DS2.d907.s0.i0 1.000000 0.744123
DS2.d904.s0.i0 -1.000000 -0.680948
DS2.d904.s0.i1 -1.000000 -1.327306
DS2.d904.s1.i0 -1.000000 -0.151546
DS2.d905.s1.i0 1.000000 0.254500
DS2.d905.s0.i1 1.000000 0.968534
DS2.d905.s0.i0 1.000000 0.914007
DS2.d902.s0.i2 -1.000000 -0.911847
DS2.d902.s0.i3 -1.000000 -0.957974
DS2.d902.s0.i0 -1.000000 -0.859100
DS2.d902.s0.i1 -1.000000 -0.814692
DS2.d903.s0.i0 1.000000 0.691071
DS2.d900.s0.i0 1.000000 0.755834
DS2.d901.s0.i1 -1.000000 -1.071350
DS2.d901.s0.i0 -1.000000 -0.956573
DS2.d901.s0.i3 -1.000000 -1.104278
DS2.d901.s0.i2 -1.000000 -0.915479
DS2.d421.s0.i0 1.000000 1.112773
DS2.d908.s0.i0 1.000000 0.878657
DS2.d908.s0.i1 1.000000 0.878657
DS2.d465.s0.i0 1.000000 0.513790
DS2.d464.s0.i1 -1.000000 -0.922434
DS2.d464.s0.i0 -1.000000 -0.712856
DS2.d467.s0.i0 1.000000 1.043499
DS2.d466.s0.i0 -1.000000 -0.711648
DS2.d461.s0.i0 1.000000 0.902948
DS2.d460.s0.i9 -1.000000 -0.944086
DS2.d460.s0.i8 -1.000000 -1.027650
DS2.d460.s0.i7 -1.000000 -1.089475
DS2.d460.s0.i6 -1.000000 -0.981351
DS2.d460.s0.i5 -1.000000 -0.980435
DS2.d460.s0.i4 -1.000000 -0.942979
DS2.d460.s0.i3 -1.000000 -0.918640
DS2.d460.s0.i2 -1.000000 -1.060830
DS2.d460.s0.i1 -1.000000 -1.114448
DS2.d460.s0.i0 -1.000000 -0.944086
DS2.d460.s0.i19 -1.000000 -0.892348
DS2.d460.s0.i18 -1.000000 -0.918640
DS2.d460.s0.i17 -1.000000 -0.981351
DS2.d460.s0.i16 -1.000000 -0.892348
DS2.d460.s0.i15 -1.000000 -1.076445
DS2.d460.s0.i14 -1.000000 -1.034804
DS2.d460.s0.i13 -1.000000 -0.891060
DS2.d460.s0.i12 -1.000000 -1.106632
DS2.d460.s0.i11 -1.000000 -1.068408
DS2.d460.s0.i10 -1.000000 -0.917505
DS2.d460.s0.i22 -1.000000 -1.053814
DS2.d460.s0.i23 -1.000000 -1.061471
DS2.d460.s0.i20 -1.000000 -1.035047
DS2.d460.s0.i21 -1.000000 -1.114258
DS2.d1049.s0.i0 1.000000 0.715692
DS2.d1049.s0.i1 1.000000 0.604583
DS2.d1048.s1.i0 1.000000 0.938952
DS2.d1048.s0.i1 1.000000 0.940632
DS2.d1048.s0.i0 1.000000 1.209771
DS2.d1048.s2.i1 1.000000 0.537232
DS2.d1048.s2.i0 1.000000 0.444785
DS2.d1047.s0.i0 1.000000 0.631922
DS2.d1047.s1.i1 1.000000 0.838968
DS2.d1047.s1.i0 1.000000 0.838968
DS2.d1046.s0.i1 -1.000000 -0.025250
DS2.d1046.s0.i0 1.000000 0.235304
DS2.d1045.s0.i0 1.000000 0.804768
DS2.d1045.s0.i1 1.000000 1.072765
DS2.d1044.s0.i1 1.000000 0.746713
DS2.d1044.s0.i0 1.000000 0.911320
DS2.d469.s0.i4 -1.000000 -0.442030
DS2.d469.s0.i2 1.000000 0.119249
DS2.d469.s0.i3 1.000000 0.119249
DS2.d469.s0.i0 -1.000000 -0.442030
DS2.d469.s0.i1 -1.000000 -0.442030
DS2.d1042.s2.i0 1.000000 0.801927
DS2.d1042.s1.i0 1.000000 1.004786
DS2.d1042.s0.i0 1.000000 0.724361
DS2.d302.s0.i0 1.000000 0.680647
DS2.d302.s0.i1 1.000000 0.752637
DS2.d1040.s0.i0 1.000000 0.714375
DS2.d263.s0.i0 -1.000000 -1.207898
DS2.d263.s0.i1 -1.000000 -0.924901
DS2.d262.s0.i1 1.000000 0.643309
DS2.d262.s0.i0 1.000000 0.894984
DS2.d261.s0.i0 1.000000 0.766986
DS2.d261.s0.i1 1.000000 0.737794
DS2.d261.s0.i2 1.000000 0.659237
DS2.d260.s0.i1 1.000000 0.735595
DS2.d260.s0.i0 1.000000 0.841409
DS2.d267.s0.i0 -1.000000 -0.402239
DS2.d267.s1.i1 1.000000 0.844769
DS2.d267.s1.i0 1.000000 0.905511
DS2.d267.s1.i3 1.000000 0.878002
DS2.d267.s1.i2 1.000000 0.940098
DS2.d266.s0.i0 1.000000 1.034936
DS2.d265.s0.i0 1.000000 0.855218
DS2.d265.s0.i1 1.000000 0.838251
DS2.d265.s0.i2 1.000000 0.819106
DS2.d264.s0.i0 -1.000000 -0.539666
DS2.d678.s0.i0 1.000000 0.749330
DS2.d269.s0.i0 1.000000 0.462128
DS2.d268.s0.i0 1.000000 0.801601
DS2.d679.s1.i0 -1.000000 -0.899289
DS2.d679.s1.i1 -1.000000 -0.843005
DS2.d679.s1.i2 -1.000000 -0.813784
DS2.d679.s1.i3 -1.000000 -0.714766
DS2.d679.s0.i2 -1.000000 -0.696329
DS2.d679.s0.i1 -1.000000 -0.901184
DS2.d679.s0.i0 -1.000000 -0.837403
DS2.d832.s0.i0 1.000000 0.884627
DS2.d832.s0.i1 1.000000 0.897136
DS2.d82.s0.i0 -1.000000 0.405589
DS2.d82.s1.i0 1.000000 0.800054
DS2.d831.s0.i1 1.000000 0.879178
DS2.d831.s0.i0 1.000000 0.879178
DS2.d834.s2.i0 -1.000000 -0.576132
DS2.d834.s3.i0 -1.000000 -0.306511
DS2.d834.s0.i0 -1.000000 -0.927750
DS2.d834.s0.i1 -1.000000 -0.856300
DS2.d834.s1.i0 -1.000000 -0.682295
DS2.d835.s0.i0 1.000000 0.380894
DS2.d838.s0.i0 1.000000 0.985770
DS2.d839.s1.i0 -1.000000 -0.743936
DS2.d839.s1.i1 -1.000000 -0.706481
DS2.d839.s0.i0 -1.000000 -0.757077
DS2.d81.s0.i1 1.000000 0.994326
DS2.d81.s0.i0 1.000000 0.976802
DS2.d86.s0.i0 -1.000000 -0.769278
DS2.d86.s0.i1 -1.000000 -0.400134
DS2.d693.s0.i2 -1.000000 -0.855970
DS2.d693.s0.i1 -1.000000 -0.924407
DS2.d693.s0.i0 -1.000000 -0.876221
DS2.d991.s0.i0 1.000000 0.712528
DS2.d990.s0.i0 1.000000 0.869529
DS2.d993.s2.i0 1.000000 0.851568
DS2.d993.s2.i1 1.000000 0.608595
DS2.d993.s0.i0 1.000000 0.880303
DS2.d993.s0.i1 1.000000 0.947328
DS2.d993.s1.i0 -1.000000 -0.641228
DS2.d995.s0.i0 -1.000000 -0.733556
DS2.d994.s0.i1 1.000000 1.110413
DS2.d994.s0.i0 1.000000 0.897855
DS2.d997.s0.i0 1.000000 0.414948
DS2.d997.s0.i1 -1.000000 -0.244049
DS2.d997.s0.i2 -1.000000 -0.227667
DS2.d997.s0.i3 1.000000 0.410908
DS2.d997.s1.i1 -1.000000 -0.389672
DS2.d997.s1.i0 1.000000 -0.032899
DS2.d996.s1.i0 -1.000000 -0.628090
DS2.d996.s0.i0 -1.000000 -0.497227
DS2.d996.s3.i0 -1.000000 -0.851221
DS2.d996.s2.i0 -1.000000 -0.349977
DS2.d998.s0.i1 1.000000 0.364052
DS2.d998.s0.i0 1.000000 0.375257
DS2.d85.s1.i4 -1.000000 -0.807424
DS2.d85.s1.i2 -1.000000 -0.902332
DS2.d85.s1.i3 -1.000000 -0.847242
DS2.d85.s1.i0 -1.000000 -0.695720
DS2.d85.s1.i1 -1.000000 -0.820594
DS2.d85.s0.i1 1.000000 0.524465
DS2.d85.s0.i0 1.000000 0.471672
DS2.d85.s0.i2 1.000000 0.313242
DS2.d410.s0.i0 -1.000000 -0.514401
DS2.d411.s0.i0 1.000000 0.847790
DS2.d413.s0.i0 -1.000000 -0.433440
DS2.d414.s0.i0 -1.000000 0.239071
DS2.d415.s0.i1 -1.000000 -0.795172
DS2.d415.s0.i0 -1.000000 -0.672781
DS2.d416.s0.i0 1.000000 0.633629
DS2.d417.s0.i0 -1.000000 -0.346281
DS2.d418.s0.i0 -1.000000 -1.181233
DS2.d418.s0.i1 -1.000000 -0.938376
DS2.d419.s0.i1 -1.000000 -0.586384
DS2.d419.s0.i0 -1.000000 -0.852147
DS2.d489.s0.i0 1.000000 1.036522
DS2.d489.s0.i1 1.000000 1.063523
DS2.d397.s0.i8 -1.000000 -0.860529
DS2.d397.s0.i9 -1.000000 -0.949282
DS2.d397.s0.i2 -1.000000 -0.968178
DS2.d397.s0.i3 -1.000000 -0.900878
DS2.d397.s0.i0 -1.000000 -0.982318
DS2.d397.s0.i1 -1.000000 -0.975083
DS2.d397.s0.i6 -1.000000 -0.887499
DS2.d397.s0.i7 -1.000000 -0.897790
DS2.d397.s0.i4 -1.000000 -1.043662
DS2.d397.s0.i5 -1.000000 -0.858599
DS2.d397.s1.i0 1.000000 0.923512
DS2.d396.s0.i3 -1.000000 -0.071606
DS2.d396.s0.i2 1.000000 0.387882
DS2.d396.s0.i1 1.000000 0.205441
DS2.d396.s0.i0 -1.000000 -0.248939
DS2.d395.s0.i0 1.000000 0.844529
DS2.d395.s0.i1 1.000000 0.762143
DS2.d394.s0.i1 1.000000 1.068097
DS2.d394.s0.i0 1.000000 0.894839
DS2.d393.s0.i14 1.000000 0.878259
DS2.d393.s0.i11 1.000000 0.876358
DS2.d393.s0.i12 1.000000 0.884975
DS2.d393.s0.i13 1.000000 1.013851
DS2.d393.s0.i6 1.000000 1.101655
DS2.d393.s0.i7 1.000000 1.051519
DS2.d393.s0.i4 1.000000 0.989166
DS2.d393.s0.i5 1.000000 0.959737
DS2.d393.s0.i2 1.000000 1.079377
DS2.d393.s0.i3 1.000000 0.854142
DS2.d393.s0.i0 1.000000 0.907307
DS2.d393.s0.i1 1.000000 1.036118
DS2.d393.s0.i10 1.000000 0.851097
DS2.d393.s0.i8 1.000000 0.983850
DS2.d393.s0.i9 1.000000 1.006572
DS2.d393.s1.i1 -1.000000 -0.352454
DS2.d393.s1.i0 1.000000 0.404231
DS2.d393.s2.i0 1.000000 0.913645
DS2.d393.s2.i1 1.000000 0.827422
DS2.d393.s3.i0 1.000000 0.615887
DS2.d392.s2.i1 1.000000 0.490040
DS2.d392.s2.i0 1.000000 0.476832
DS2.d392.s1.i0 1.000000 0.998938
DS2.d392.s1.i1 1.000000 1.005527
DS2.d392.s0.i1 1.000000 0.740203
DS2.d392.s0.i0 1.000000 0.685800
DS2.d391.s0.i0 1.000000 0.856531
DS2.d391.s0.i1 1.000000 0.865333
DS2.d1041.s0.i0 -1.000000 -0.120342
DS2.d1041.s0.i1 -1.000000 -0.167005
DS2.d1041.s0.i2 -1.000000 -0.059610
DS2.d1041.s1.i0 1.000000 -0.063409
DS2.d399.s0.i0 -1.000000 -0.882232
DS2.d399.s0.i1 -1.000000 -0.922103
DS2.d399.s0.i2 -1.000000 -0.903597
DS2.d399.s0.i3 -1.000000 -0.916403
DS2.d399.s1.i3 1.000000 -0.112624
DS2.d399.s1.i2 -1.000000 -0.266490
DS2.d399.s1.i1 1.000000 -0.100688
DS2.d399.s1.i0 -1.000000 -0.185949
DS2.d398.s1.i0 -1.000000 -0.423807
DS2.d398.s0.i0 -1.000000 -0.760548
DS2.d198.s0.i1 1.000000 0.611198
DS2.d198.s0.i0 1.000000 1.210807
DS2.d191.s0.i0 -1.000000 -0.535692
DS2.d190.s1.i0 -1.000000 -0.558620
DS2.d190.s0.i0 -1.000000 -0.573081
DS2.d193.s0.i0 1.000000 0.634372
DS2.d193.s0.i1 1.000000 0.594206
DS2.d195.s0.i0 1.000000 0.178716
DS2.d195.s0.i1 -1.000000 0.029204
DS2.d194.s2.i1 -1.000000 -0.747578
DS2.d194.s2.i0 -1.000000 -0.877014
DS2.d194.s1.i0 -1.000000 -0.579909
DS2.d194.s1.i1 -1.000000 -0.936290
DS2.d194.s0.i7 -1.000000 -1.027346
DS2.d194.s0.i6 -1.000000 -0.855481
DS2.d194.s0.i5 -1.000000 -0.941687
DS2.d194.s0.i4 -1.000000 -0.887621
DS2.d194.s0.i3 -1.000000 -0.952552
DS2.d194.s0.i2 -1.000000 -1.043463
DS2.d194.s0.i1 -1.000000 -0.935244
DS2.d194.s0.i0 -1.000000 -0.880664
DS2.d194.s0.i9 -1.000000 -0.972484
DS2.d194.s0.i8 -1.000000 -0.998253
DS2.d197.s0.i0 -1.000000 -0.697040
DS2.d197.s0.i1 -1.000000 -0.697040
DS2.d196.s1.i0 1.000000 0.947225
DS2.d196.s0.i0 1.000000 0.714067
DS2.d487.s0.i2 1.000000 0.860611
DS2.d487.s0.i0 1.000000 0.963234
DS2.d487.s0.i1 1.000000 0.674802
DS2.d695.s1.i0 -1.000000 -0.705657
DS2.d695.s0.i0 -1.000000 -0.406679
DS2.d695.s3.i0 -1.000000 -0.434930
DS2.d695.s2.i0 -1.000000 -0.433018
DS2.d518.s1.i0 1.000000 0.352443
DS2.d518.s0.i0 -1.000000 -0.605677
DS2.d88.s0.i0 -1.000000 -1.129354
DS2.d88.s0.i1 -1.000000 -0.764924
DS2.d88.s0.i2 -1.000000 -0.819518
DS2.d88.s0.i3 -1.000000 -1.083464
DS2.d89.s1.i0 -1.000000 -0.491876
DS2.d89.s1.i1 -1.000000 -0.578778
DS2.d89.s0.i1 -1.000000 -0.772440
DS2.d89.s0.i0 -1.000000 -0.910391
DS2.d89.s0.i2 -1.000000 -0.796167
DS2.d649.s0.i0 1.000000 0.932290
DS2.d648.s1.i4 1.000000 0.845964
DS2.d648.s1.i5 1.000000 0.878281
DS2.d648.s1.i0 1.000000 0.843844
DS2.d648.s1.i1 1.000000 0.927009
DS2.d648.s1.i2 1.000000 0.920174
DS2.d648.s1.i3 1.000000 0.899536
DS2.d648.s0.i2 -1.000000 -0.768265
DS2.d648.s0.i1 -1.000000 -0.664141
DS2.d648.s0.i0 -1.000000 -0.922438
DS2.d645.s0.i0 -1.000000 -0.356879
DS2.d83.s0.i0 -1.000000 -0.237356
DS2.d647.s0.i0 -1.000000 -0.743440
DS2.d647.s0.i1 -1.000000 -0.703469
DS2.d646.s0.i0 -1.000000 -0.464632
DS2.d641.s0.i0 1.000000 0.768504
DS2.d641.s1.i1 1.000000 0.400191
DS2.d641.s1.i0 -1.000000 0.337229
DS2.d641.s2.i0 1.000000 0.918660
DS2.d641.s3.i1 1.000000 0.709746
DS2.d641.s3.i0 1.000000 0.917362
DS2.d87.s2.i0 1.000000 0.988760
DS2.d87.s1.i0 -1.000000 -0.619112
DS2.d87.s0.i0 1.000000 0.942550
DS2.d643.s2.i0 1.000000 0.749445
DS2.d643.s3.i0 1.000000 0.842521
DS2.d643.s0.i0 1.000000 0.708602
DS2.d643.s1.i0 1.000000 0.835003
DS2.d642.s0.i1 1.000000 0.712265
DS2.d642.s0.i0 1.000000 0.739121
DS2.d524.s0.i0 -1.000000 -0.637193
DS2.d524.s0.i1 -1.000000 -0.623222
DS2.d515.s0.i0 -1.000000 -0.543065
DS2.d526.s2.i0 1.000000 0.114180
DS2.d526.s3.i0 1.000000 0.566855
DS2.d526.s0.i0 1.000000 0.862135
DS2.d526.s0.i1 1.000000 0.918149
DS2.d526.s1.i0 1.000000 0.585082
DS2.d526.s4.i0 1.000000 0.899753
DS2.d526.s4.i1 1.000000 0.682899
DS2.d526.s4.i2 1.000000 1.005499
DS2.d527.s0.i1 -1.000000 -0.652312
DS2.d527.s0.i0 -1.000000 -0.474148
DS2.d520.s0.i0 1.000000 0.926580
DS2.d520.s0.i1 1.000000 0.906909
DS2.d521.s0.i0 1.000000 0.934456
DS2.d522.s0.i0 1.000000 0.766120
DS2.d523.s0.i0 1.000000 0.985034
DS2.d483.s0.i0 -1.000000 -0.389165
DS2.d482.s0.i1 1.000000 0.795427
DS2.d482.s0.i0 1.000000 0.721031
DS2.d481.s0.i0 -1.000000 -0.558002
DS2.d480.s0.i0 1.000000 0.352378
DS2.d528.s0.i0 1.000000 0.708133
DS2.d529.s1.i0 -1.000000 -0.737022
DS2.d529.s0.i0 1.000000 0.846056
DS2.d485.s0.i0 -1.000000 -0.461798
DS2.d485.s1.i0 -1.000000 -0.358721
DS2.d484.s0.i0 1.000000 0.756031
