DS3.d8.s0.i0 1.0 1.91735603722
DS3.d10.s0.i0 -1 0.207807671448
DS3.d29.s0.i0 -1 -0.0330146369909
DS3.d29.s0.i1 -1 -0.0330146369909
DS3.d29.s0.i2 -1 -1.20190802263
DS3.d29.s0.i3 -1 -0.392353611188
DS3.d29.s0.i4 -1 -0.919727644125
DS3.d29.s0.i5 -1 -0.0526308211907
DS3.d29.s0.i6 -1 -0.900111459924
DS3.d29.s0.i7 -1 -0.900111459924
DS3.d29.s0.i8 -1 -1.24043138109
DS3.d29.s0.i9 -1 -0.0665333588877
DS3.d29.s0.i10 -1 -0.0430590014461
DS3.d29.s0.i11 -1 -0.731825098419
DS3.d32.s0.i0 1.0 0.292319369941
DS3.d51.s0.i0 -1 -0.0363958617584
DS3.d51.s0.i1 -1 -0.396049215037
DS3.d51.s0.i2 -1 -0.668487032617
DS3.d53.s0.i0 1.0 1.12729238209
DS3.d81.s0.i0 1.0 0.379375142825
DS3.d81.s0.i1 1.0 -0.31439369127
DS3.d105.s0.i0 -1 -0.179756942454
DS3.d105.s0.i1 -1 -0.179756942454
DS3.d110.s0.i0 1.0 0.0868068851444
DS3.d114.s0.i0 1.0 1.16372880366
DS3.d127.s0.i0 -1 0.0921424980304
DS3.d130.s0.i0 1.0 -0.413616044392
DS3.d130.s0.i1 1.0 0.0324417238269
DS3.d130.s0.i2 1.0 0.326548309622
DS3.d130.s0.i3 1.0 -0.160313487779
DS3.d130.s0.i4 1.0 0.615594569
DS3.d130.s0.i5 1.0 -0.62756129145
DS3.d130.s0.i6 1.0 0.443624719238
DS3.d130.s0.i7 1.0 0.772394303123
DS3.d130.s0.i8 1.0 0.259203362668
DS3.d130.s0.i9 1.0 0.751064182693
DS3.d133.s0.i0 1.0 1.04416441734
DS3.d133.s1.i0 1.0 0.799315429725
DS3.d133.s2.i0 1.0 1.85835099737
DS3.d133.s3.i0 1.0 1.23261467333
DS3.d159.s0.i0 -1 0.0736364632677
DS3.d159.s0.i1 -1 -0.1641367939
DS3.d159.s0.i2 -1 -0.51336715774
DS3.d159.s0.i3 -1 0.290675963532
DS3.d159.s0.i4 -1 -0.106161777255
DS3.d159.s0.i5 -1 -0.164394097613
DS3.d164.s0.i0 -1 0.68616356746
DS3.d164.s0.i1 -1 0.54920815877
DS3.d164.s0.i2 -1 -0.507660961623
DS3.d182.s0.i0 -1 -0.284540155357
DS3.d182.s1.i0 -1 0.675504955313
DS3.d184.s0.i0 1.0 -0.115110671079
DS3.d184.s0.i1 1.0 -0.30263436473
DS3.d184.s0.i2 1.0 1.61300309575
DS3.d184.s0.i3 1.0 0.814888539617
DS3.d184.s0.i4 1.0 0.741979982029
DS3.d184.s0.i5 1.0 -0.464845852383
DS3.d184.s1.i0 1.0 1.26734494597
DS3.d184.s2.i0 1.0 1.71493101097
DS3.d184.s2.i1 1.0 1.04160007084
DS3.d208.s0.i0 1.0 -0.436884522771
DS3.d208.s0.i1 1.0 -0.380128518029
DS3.d211.s0.i0 1.0 2.5594040947
DS3.d215.s0.i0 -1 0.540405913639
DS3.d215.s0.i1 -1 0.601665749303
DS3.d215.s0.i2 -1 0.414176699842
DS3.d215.s0.i3 -1 -0.131063846753
DS3.d215.s1.i0 -1 -0.807184887698
DS3.d266.s0.i0 1.0 0.61439777882
DS3.d294.s0.i0 1.0 0.169234044206
DS3.d294.s0.i1 1.0 0.137443929091
DS3.d294.s0.i2 1.0 0.988150975021
DS3.d297.s0.i0 1.0 1.02965938847
DS3.d301.s0.i0 1.0 -0.21505099929
DS3.d301.s0.i1 1.0 1.90419465586
DS3.d307.s0.i0 1.0 1.74547491295
DS3.d307.s1.i0 1.0 0.740197936446
DS3.d312.s0.i0 1.0 0.742738255402
DS3.d312.s0.i1 1.0 0.698107265605
DS3.d312.s0.i2 1.0 0.783317797964
DS3.d312.s0.i3 1.0 0.698107265605
DS3.d312.s0.i4 1.0 0.817822009372
DS3.d312.s0.i5 1.0 0.495334262067
DS3.d312.s0.i6 1.0 0.794419406839
DS3.d312.s0.i7 1.0 0.817822009372
DS3.d312.s0.i8 1.0 0.864784984007
DS3.d312.s0.i9 1.0 0.84601342708
DS3.d312.s0.i10 1.0 0.976262890804
DS3.d320.s0.i0 -1 0.837243226765
DS3.d320.s0.i1 1.0 1.47159567507
DS3.d323.s0.i0 1.0 1.37387971226
DS3.d335.s0.i0 1.0 2.01022514958
DS3.d368.s0.i0 -1 0.353037687552
DS3.d371.s0.i0 1.0 0.677351359455
DS3.d371.s0.i1 1.0 0.83109655164
DS3.d371.s0.i2 1.0 1.1009879865
DS3.d371.s0.i3 1.0 0.963852020168
DS3.d373.s0.i0 -1 0.816253069878
DS3.d376.s0.i0 -1 1.65361499936
DS3.d376.s0.i1 1.0 1.67372338109
DS3.d376.s1.i0 -1 0.220076485431
DS3.d376.s1.i1 -1 1.13642921202
DS3.d376.s1.i2 -1 -0.0376862673769
DS3.d380.s0.i0 1.0 0.153228533303
DS3.d380.s0.i1 1.0 0.866778976328
DS3.d380.s0.i2 1.0 0.391456082127
DS3.d380.s0.i3 1.0 0.866778976328
DS3.d380.s0.i4 1.0 0.391456082127
DS3.d380.s0.i5 1.0 0.717749879322
DS3.d380.s0.i6 1.0 0.872261159234
DS3.d380.s0.i7 1.0 0.872261159234
DS3.d380.s0.i8 1.0 0.153228533303
DS3.d380.s0.i9 1.0 0.717749879322
DS3.d380.s1.i0 -1 0.604251300631
DS3.d380.s1.i1 -1 0.604251300631
DS3.d380.s1.i2 -1 0.313502025273
DS3.d380.s1.i3 -1 0.313502025273
DS3.d380.s1.i4 -1 -0.276875976005
DS3.d380.s1.i5 -1 -0.238279726981
DS3.d380.s1.i6 -1 0.013873299351
DS3.d380.s1.i7 -1 0.327697125419
DS3.d380.s1.i8 -1 0.327697125419
DS3.d380.s2.i0 1.0 1.45596728814
DS3.d380.s2.i1 1.0 1.45277691287
DS3.d380.s2.i2 1.0 1.45277691287
DS3.d380.s2.i3 1.0 1.89059251284
DS3.d380.s2.i4 1.0 1.45596728814
DS3.d380.s2.i5 1.0 1.89059251284
DS3.d395.s0.i0 1.0 0.033694258373
DS3.d395.s0.i1 1.0 0.711346674966
DS3.d395.s1.i0 1.0 0.0303238822708
DS3.d399.s0.i0 1.0 1.46698251797
DS3.d406.s0.i0 -1 -0.887163646048
DS3.d415.s0.i0 -1 0.0875101700869
DS3.d415.s0.i1 -1 -0.463401322212
DS3.d415.s0.i2 -1 1.06461203107
DS3.d415.s0.i3 -1 0.331014401031
DS3.d445.s0.i0 1.0 1.48754729932
DS3.d475.s0.i0 -1 -1.25549072981
DS3.d475.s0.i1 1.0 0.109559676444
DS3.d475.s1.i0 1.0 0.469059514176
DS3.d475.s2.i0 1.0 2.60854821933
DS3.d480.s0.i0 -1 0.612663304107
DS3.d485.s0.i0 1.0 -0.209114654461
DS3.d485.s0.i1 1.0 -0.06045004542
DS3.d497.s0.i0 1.0 -0.498878236648
DS3.d497.s1.i0 1.0 -0.629372990608
DS3.d497.s1.i1 1.0 -0.673013321249
DS3.d544.s0.i0 -1 -0.861873326849
DS3.d544.s0.i1 -1 -0.434323927945
DS3.d544.s0.i2 -1 -0.690232602952
DS3.d544.s0.i3 -1 0.0392621843977
DS3.d546.s0.i0 1.0 1.59332764698
DS3.d546.s0.i1 1.0 0.962117106445
DS3.d556.s0.i0 -1 0.210496892279
DS3.d571.s0.i0 -1 -0.585458852732
DS3.d581.s0.i0 -1 0.861492858677
DS3.d581.s0.i1 -1 0.729769144919
DS3.d581.s0.i2 1.0 0.743130893472
DS3.d581.s1.i0 -1 -0.90776908979
DS3.d581.s1.i1 -1 -0.599631167745
DS3.d581.s1.i2 -1 -2.32726132319
DS3.d581.s2.i0 1.0 0.814276415949
DS3.d581.s2.i1 1.0 0.632828467226
DS3.d585.s0.i0 -1 -0.479900185587
DS3.d585.s0.i1 -1 -0.753050144282
DS3.d585.s0.i2 -1 -0.453093371468
DS3.d588.s0.i0 1.0 0.860133017549
DS3.d605.s0.i0 1.0 0.398049085985
DS3.d605.s0.i1 -1 1.84379080463
DS3.d605.s0.i2 1.0 0.394323166954
DS3.d605.s0.i3 -1 1.10338719047
DS3.d605.s0.i4 -1 1.48659860726
DS3.d605.s1.i0 -1 0.572035248177
DS3.d605.s1.i1 1.0 0.68986032009
DS3.d605.s1.i2 1.0 1.00397244136
DS3.d606.s0.i0 -1 -0.214571506167
DS3.d612.s0.i0 1.0 1.04472059202
DS3.d612.s0.i1 -1 0.598929225242
DS3.d617.s0.i0 1.0 0.880396034858
DS3.d617.s1.i0 -1 -0.769486620592
DS3.d617.s1.i1 -1 -0.760690562032
DS3.d617.s1.i2 -1 -0.77688271953
DS3.d617.s1.i3 -1 -1.03820053174
DS3.d617.s1.i4 -1 -0.690331338217
DS3.d617.s1.i5 -1 -1.25168172153
DS3.d617.s1.i6 -1 -0.936780561092
DS3.d617.s1.i7 -1 -1.55804948011
DS3.d617.s1.i8 -1 -0.781065264463
DS3.d617.s1.i9 -1 -1.53176205111
DS3.d618.s0.i0 1.0 0.939681212486
DS3.d618.s0.i1 1.0 1.02182728115
DS3.d618.s1.i0 1.0 1.04829593551
DS3.d623.s0.i0 1.0 1.28700556452
DS3.d623.s0.i1 1.0 1.55473135986
DS3.d623.s1.i0 1.0 0.940699784231
DS3.d623.s1.i1 1.0 0.67137421622
DS3.d623.s2.i0 1.0 0.805828929442
DS3.d623.s2.i1 1.0 0.596901593662
DS3.d623.s2.i2 1.0 0.740239913541
DS3.d623.s2.i3 1.0 0.573637710409
DS3.d623.s3.i0 1.0 1.20478185307
DS3.d623.s3.i1 1.0 0.334165682696
DS3.d623.s4.i0 1.0 0.949665407049
DS3.d623.s4.i1 1.0 1.31055194128
DS3.d623.s4.i2 -1 1.3854815211
DS3.d623.s4.i3 -1 0.881782891083
DS3.d632.s0.i0 -1 -0.34205207233
DS3.d632.s0.i1 -1 -0.176261454518
DS3.d632.s1.i0 1.0 2.46148119117
DS3.d632.s1.i1 1.0 2.03964844675
DS3.d636.s0.i0 -1 -0.68064251041
DS3.d636.s0.i1 1.0 -0.449015497695
DS3.d652.s0.i0 1.0 1.82606543869
DS3.d652.s0.i1 -1 0.98918918719
DS3.d652.s1.i0 1.0 1.44642695802
DS3.d652.s1.i1 -1 -0.672155521926
DS3.d652.s1.i2 -1 -0.704643175884
DS3.d652.s1.i3 1.0 0.922866391318
DS3.d652.s1.i4 -1 -0.673931175707
DS3.d652.s1.i5 -1 -0.706418829664
DS3.d652.s1.i6 1.0 1.0422227904
DS3.d652.s1.i7 1.0 0.921090737537
DS3.d652.s2.i0 -1 -1.4903969337
DS3.d652.s2.i1 -1 -0.618644307921
DS3.d654.s0.i0 1.0 0.75081734469
DS3.d654.s1.i0 1.0 1.55706178212
DS3.d663.s0.i0 -1 -0.853933664952
DS3.d663.s0.i1 -1 -0.704784225138
DS3.d665.s0.i0 1.0 1.12248355846
DS3.d682.s0.i0 1.0 -0.670601074856
DS3.d682.s0.i1 1.0 -0.501192350755
DS3.d682.s0.i2 1.0 0.232327261364
DS3.d684.s0.i0 -1 -0.108021127018
DS3.d684.s0.i1 1.0 -0.211160039504
DS3.d684.s0.i2 -1 -0.880548491478
DS3.d684.s0.i3 1.0 -0.431864143989
DS3.d698.s0.i0 1.0 1.03831144585
DS3.d698.s1.i0 1.0 2.04566690644
DS3.d708.s0.i0 -1 0.365977170523
DS3.d709.s0.i0 1.0 1.33794911132
DS3.d717.s0.i0 1.0 2.02378488221
DS3.d718.s0.i0 -1 -0.313718347193
DS3.d718.s0.i1 -1 -0.452636136941
DS3.d718.s1.i0 -1 -2.14321026246
DS3.d718.s1.i1 -1 -1.49434762825
DS3.d718.s1.i2 -1 -0.999557054672
DS3.d718.s1.i3 -1 -1.12135186959
DS3.d718.s1.i4 -1 -1.08698101681
DS3.d718.s1.i5 -1 -1.39694276194
DS3.d718.s1.i6 -1 -1.8886501608
DS3.d718.s1.i7 -1 -1.06523167072
DS3.d718.s1.i8 -1 -0.692531849548
DS3.d718.s1.i9 -1 -2.24895724244
DS3.d718.s1.i10 -1 -1.6921238243
DS3.d718.s1.i11 -1 -1.75271553248
DS3.d718.s1.i12 -1 -1.40802474586
DS3.d718.s1.i13 -1 -1.75760839337
DS3.d718.s1.i14 -1 -1.95235709065
DS3.d718.s1.i15 -1 -0.98527560331
DS3.d718.s1.i16 -1 -1.34130928161
DS3.d718.s1.i17 -1 -1.50351561909
DS3.d718.s1.i18 -1 -2.11604202896
DS3.d718.s1.i19 -1 -1.39694276194
DS3.d718.s2.i0 1.0 -1.61351960525
DS3.d718.s2.i1 1.0 -1.25133406003
DS3.d718.s2.i2 1.0 -1.37863837551
DS3.d718.s2.i3 1.0 -1.86977013491
DS3.d732.s0.i0 -1 1.60776235179
DS3.d732.s0.i1 1.0 1.05418060372
DS3.d732.s0.i2 1.0 0.645395047126
DS3.d733.s0.i0 1.0 1.40237599734
DS3.d733.s0.i1 1.0 1.18045620273
DS3.d733.s0.i2 1.0 0.981806884386
DS3.d733.s0.i3 1.0 1.39017288835
DS3.d736.s0.i0 1.0 1.56125473794
DS3.d746.s0.i0 1.0 1.54364221202
DS3.d749.s0.i0 1.0 -0.251737081979
DS3.d749.s0.i1 1.0 -0.300500976338
DS3.d749.s1.i0 1.0 1.03977743799
DS3.d749.s1.i1 1.0 1.03253607635
DS3.d749.s2.i0 1.0 -0.340577508479
DS3.d749.s2.i1 1.0 -0.0484463496455
DS3.d749.s2.i2 1.0 0.338539037367
DS3.d749.s3.i0 -1 0.44980336625
DS3.d754.s0.i0 1.0 0.952065307164
DS3.d754.s0.i1 1.0 1.06424489011
DS3.d754.s0.i2 1.0 0.86841098288
DS3.d763.s0.i0 -1 2.42626666971
DS3.d763.s0.i1 1.0 1.89264796214
DS3.d763.s1.i0 1.0 1.12732912144
DS3.d763.s1.i1 1.0 0.907434578437
DS3.d763.s2.i0 1.0 2.53339547648
DS3.d772.s0.i0 -1 0.963134565553
DS3.d772.s0.i1 -1 1.02130137074
DS3.d776.s0.i0 1.0 0.271397105758
DS3.d776.s0.i1 1.0 0.271397105758
DS3.d777.s0.i0 -1 -0.256495458518
DS3.d781.s0.i0 1.0 1.49831354092
DS3.d781.s1.i0 1.0 1.08639887378
DS3.d781.s1.i1 1.0 0.986084257375
DS3.d796.s0.i0 -1 -0.393922076915
DS3.d796.s0.i1 -1 0.998753076687
DS3.d796.s0.i2 -1 -0.393922076915
DS3.d796.s0.i3 -1 -0.393922076915
DS3.d796.s0.i4 -1 0.998753076687
DS3.d796.s0.i5 -1 -0.393922076915
DS3.d796.s1.i0 1.0 0.893062090692
DS3.d796.s1.i1 1.0 -0.0447685685168
DS3.d796.s1.i2 1.0 -0.112652087319
DS3.d800.s0.i0 1.0 1.23041394117
DS3.d827.s0.i0 -1 -1.21858158833
DS3.d827.s0.i1 -1 -0.0859077650676
DS3.d827.s0.i2 -1 -1.29256059945
DS3.d854.s0.i0 1.0 2.07058996832
DS3.d854.s0.i1 -1 1.05794291567
DS3.d854.s1.i0 1.0 1.22570716196
DS3.d854.s2.i0 -1 0.36291916266
DS3.d854.s3.i0 1.0 0.185193387218
DS3.d854.s3.i1 -1 0.698555351519
DS3.d866.s0.i0 -1 -0.035678166758
DS3.d866.s1.i0 -1 -1.10530434146
DS3.d871.s0.i0 1.0 2.71512878992
DS3.d871.s1.i0 1.0 1.16058818351
DS3.d871.s2.i0 1.0 1.83700454966
DS3.d889.s0.i0 1.0 1.82134562908
DS3.d889.s0.i1 1.0 1.82134562908
DS3.d900.s0.i0 1.0 -0.209804026342
DS3.d900.s0.i1 1.0 -0.136889166535
DS3.d903.s0.i0 1.0 1.75783028659
DS3.d903.s0.i1 1.0 0.456168803549
DS3.d909.s0.i0 -1 -0.814836311866
DS3.d909.s0.i1 -1 -1.16805743805
DS3.d909.s0.i2 -1 -0.268228517211
DS3.d909.s0.i3 -1 0.380258586705
DS3.d909.s0.i4 -1 -0.26743936796
DS3.d909.s0.i5 -1 -0.457110360008
DS3.d909.s0.i6 -1 -0.179170134364
DS3.d909.s0.i7 -1 -0.177530194795
DS3.d928.s0.i0 1.0 0.652885456281
DS3.d928.s0.i1 1.0 0.489657867771
DS3.d928.s0.i2 1.0 0.540602990825
DS3.d928.s1.i0 1.0 1.56147379358
DS3.d950.s0.i0 1.0 -0.548072926232
DS3.d965.s0.i0 1.0 0.507939380213
DS3.d972.s0.i0 1.0 1.20685854225
DS3.d972.s0.i1 1.0 1.18970255492
DS3.d972.s0.i2 1.0 1.13205633152
DS3.d972.s0.i3 1.0 1.17942918753
DS3.d972.s1.i0 1.0 1.59570478623
DS3.d976.s0.i0 -1 -0.754443971187
DS3.d976.s0.i1 -1 -0.930955188453
DS3.d986.s0.i0 1.0 -0.222623146826
DS3.d989.s0.i0 -1 -0.957272936495
DS3.d989.s0.i1 -1 -0.526675852959
DS3.d989.s0.i2 -1 0.593980188668
DS3.d989.s0.i3 -1 -0.443059087589
DS3.d990.s0.i0 -1 -0.665544452783
DS3.d990.s0.i1 -1 -0.644039901728
DS3.d990.s0.i2 -1 -0.945392799175
DS3.d990.s0.i3 -1 -1.3007125499
DS3.d993.s0.i0 1.0 1.79395629968
DS3.d993.s0.i1 1.0 2.12036146907
DS3.d1006.s0.i0 -1 -0.416558055849
DS3.d1007.s0.i0 1.0 0.482651474421
DS3.d1007.s1.i0 -1 1.84094615582
DS3.d1007.s1.i1 -1 1.55301714161
DS3.d1007.s1.i2 -1 1.52316922696
DS3.d1007.s1.i3 1.0 0.587477210848
DS3.d1007.s1.i4 -1 1.59265689547
DS3.d1007.s1.i5 1.0 0.54772130221
DS3.d1007.s2.i0 -1 0.477611885034
DS3.d1007.s3.i0 1.0 0.612280106057
DS3.d1007.s4.i0 1.0 1.96917777466
DS3.d1007.s4.i1 1.0 0.902277470224
DS3.d1021.s0.i0 -1 -0.25165792011
DS3.d1024.s0.i0 -1 -1.08271399009
DS3.d1024.s0.i1 -1 -1.27982401874
DS3.d1024.s0.i2 -1 -0.906519195459
DS3.d1024.s0.i3 -1 -0.691169839687
DS3.d1024.s0.i4 -1 -1.04202973997
DS3.d1024.s0.i5 -1 0.129072626344
DS3.d1024.s0.i6 -1 0.103739013978
DS3.d1024.s0.i7 -1 -1.15563434095
DS3.d1024.s0.i8 -1 -1.0873611771
DS3.d1024.s0.i9 -1 -1.19041851312
DS3.d1024.s1.i0 -1 0.373533469179
DS3.d1024.s1.i1 -1 -1.10458296079
DS3.d1024.s2.i0 -1 -1.28276328224
DS3.d1024.s2.i1 -1 -1.74524032297
DS3.d1040.s0.i0 1.0 0.445701998013
DS3.d1040.s0.i1 1.0 0.417603047328
DS3.d1040.s1.i0 1.0 0.427262397373
DS3.d1040.s2.i0 1.0 0.594234334852
DS3.d1069.s0.i0 1.0 0.994132149588
DS3.d1078.s0.i0 1.0 0.197150636398
DS3.d1090.s0.i0 1.0 1.27545721943
DS3.d1090.s0.i1 1.0 1.37549840098
DS3.d1105.s0.i0 1.0 0.406296850873
DS3.d1121.s0.i0 1.0 0.301756871102
DS3.d1133.s0.i0 1.0 1.68961433505
DS3.d1133.s0.i1 -1 0.737495188827
DS3.d1144.s0.i0 -1 2.15020531111
DS3.d1144.s0.i1 -1 2.15020531111
DS3.d1144.s1.i0 -1 1.03158619968
DS3.d1148.s0.i0 -1 -0.770423961229
DS3.d1148.s0.i1 -1 -1.24320509856
DS3.d1148.s0.i2 -1 -1.24320509856
DS3.d1148.s0.i3 -1 -0.770423961229
DS3.d1149.s0.i0 1.0 0.287176280403
DS3.d1154.s0.i0 1.0 0.674897684099
DS3.d1154.s0.i1 1.0 1.00132023237
DS3.d1154.s0.i2 1.0 0.447029788379
DS3.d1158.s0.i0 1.0 0.482405306274
DS3.d1164.s0.i0 -1 -0.944963293471
DS3.d1204.s0.i0 1.0 0.996586650817
DS3.d1204.s0.i1 1.0 1.3347887318
DS3.d1204.s1.i0 1.0 1.61856428434
DS3.d1204.s1.i1 1.0 1.92163486636
DS3.d1204.s2.i0 -1 0.501327078903
DS3.d1215.s0.i0 1.0 1.23677578561
DS3.d1215.s0.i1 1.0 2.01223846331
DS3.d1215.s1.i0 -1 0.421543510384
DS3.d1215.s1.i1 -1 -0.371963549512
DS3.d1215.s1.i2 -1 0.490840699246
DS3.d1215.s1.i3 -1 1.02829364072
DS3.d1228.s0.i0 -1 0.132747867587
DS3.d1228.s1.i0 -1 0.172184156596
DS3.d1234.s0.i0 -1 0.800427031683
DS3.d1234.s0.i1 1.0 0.173756826511
DS3.d1234.s1.i0 1.0 2.19068031763
DS3.d1241.s0.i0 1.0 1.71872164192
DS3.d1252.s0.i0 1.0 -0.121425273263
DS3.d1252.s1.i0 1.0 0.287135428417
DS3.d1252.s1.i1 1.0 -0.0396082766597
DS3.d1281.s0.i0 -1 -1.23664458471
DS3.d1281.s0.i1 1.0 0.86208590529
DS3.d1281.s0.i2 1.0 1.248794546
DS3.d1281.s1.i0 -1 -0.540881031544
DS3.d1281.s1.i1 1.0 -0.209105596869
DS3.d1292.s0.i0 1.0 1.23939621317
DS3.d1292.s0.i1 1.0 0.293100309307
DS3.d1292.s0.i2 1.0 0.896817689353
DS3.d1292.s0.i3 1.0 1.03784099855
DS3.d1295.s0.i0 1.0 1.61675966823
DS3.d1300.s0.i0 1.0 1.45895606782
DS3.d1321.s0.i0 1.0 -0.378717012268
DS3.d1321.s0.i1 1.0 -0.790734696204
DS3.d1321.s0.i2 1.0 -1.08888986756
DS3.d1326.s0.i0 -1 -0.799375972314
DS3.d1326.s0.i1 -1 -0.25861715079
DS3.d1326.s0.i2 -1 -0.295165384152
DS3.d1326.s0.i3 -1 -0.0012146720302
DS3.d1329.s0.i0 -1 -1.37598155976
DS3.d1329.s0.i1 -1 -0.55582219135
DS3.d1329.s0.i2 -1 -1.58449088127
DS3.d1329.s0.i3 -1 -0.401645267982
DS3.d1330.s0.i0 -1 -1.6411558046
DS3.d1330.s0.i1 -1 -1.16184461068
DS3.d1330.s0.i2 -1 -1.23119961092
DS3.d1333.s0.i0 1.0 2.07605512599
DS3.d1345.s0.i0 -1 -0.557325645025
DS3.d1359.s0.i0 1.0 2.01189793312
DS3.d1359.s1.i0 -1 -0.943839225274
DS3.d1363.s0.i0 -1 -1.00022549595
DS3.d1363.s0.i1 -1 -1.27044583635
DS3.d1363.s0.i2 -1 -1.38083086512
DS3.d1363.s0.i3 -1 -1.0766885319
DS3.d1363.s0.i4 -1 -0.70356296492
DS3.d1363.s0.i5 -1 -1.3469088723
DS3.d1363.s0.i6 -1 -0.78002600087
DS3.d1363.s0.i7 -1 -1.42510494954
DS3.d1364.s0.i0 -1 0.869278948038
DS3.d1369.s0.i0 1.0 1.13506609737
DS3.d1369.s0.i1 1.0 1.42355632433
DS3.d1374.s0.i0 -1 0.254787399343
DS3.d1374.s0.i1 -1 -0.150763703768
DS3.d1390.s0.i0 -1 0.265783684658
DS3.d1405.s0.i0 1.0 -0.857906974828
DS3.d1405.s0.i1 1.0 0.335489974249
DS3.d1405.s0.i2 1.0 -0.63919005271
DS3.d1405.s0.i3 1.0 0.0366173200482
DS3.d1419.s0.i0 1.0 1.19144358983
DS3.d1419.s0.i1 1.0 1.43952947153
DS3.d1423.s0.i0 -1 1.01573002424
DS3.d1423.s1.i0 1.0 0.140520496443
DS3.d1437.s0.i0 1.0 0.948411040077
DS3.d1438.s0.i0 -1 1.07199789554
DS3.d1447.s0.i0 1.0 0.963232488837
DS3.d1447.s0.i1 1.0 1.16938752112
DS3.d1451.s0.i0 -1 -0.737015061948
DS3.d1451.s0.i1 -1 -0.755494797042
DS3.d1451.s0.i2 -1 -0.805275570006
DS3.d1451.s0.i3 -1 -0.737015061948
DS3.d1451.s1.i0 -1 -0.0928807141567
DS3.d1451.s1.i1 -1 -0.164096253396
DS3.d1469.s0.i0 -1 -1.06187745963
DS3.d1469.s1.i0 -1 -0.31919338929
DS3.d1469.s1.i1 1.0 0.63174187934
DS3.d1469.s1.i2 1.0 1.21836020439
DS3.d1469.s1.i3 1.0 0.63174187934
DS3.d1469.s1.i4 -1 -0.31919338929
DS3.d1469.s1.i5 1.0 1.21836020439
DS3.d1473.s0.i0 1.0 1.16636169298
DS3.d1473.s1.i0 1.0 0.497321011415
DS3.d1473.s2.i0 1.0 0.438324411257
DS3.d1473.s3.i0 1.0 1.65417149506
DS3.d1482.s0.i0 -1 -1.38716332476
DS3.d1482.s0.i1 -1 -0.452742771994
DS3.d1482.s0.i2 -1 -1.38716332476
DS3.d1520.s0.i0 1.0 1.08901735495
DS3.d1522.s0.i0 1.0 1.09390343731
DS3.d1522.s0.i1 1.0 0.88087604351
DS3.d1522.s1.i0 -1 0.661171126513
DS3.d1522.s2.i0 -1 -0.481869025662
DS3.d1522.s3.i0 1.0 0.546867539422
DS3.d1532.s0.i0 1.0 0.688268943979
DS3.d1540.s0.i0 1.0 0.727634730992
DS3.d1540.s0.i1 1.0 0.908270249932
DS3.d1562.s0.i0 1.0 0.470443295061
DS3.d1586.s0.i0 -1 -0.864781654747
DS3.d1586.s0.i1 -1 -0.752756601289
DS3.d1586.s0.i2 -1 -1.35318262966
DS3.d1590.s0.i0 -1 -1.20250906628
DS3.d1590.s0.i1 -1 -1.58949792819
DS3.d1590.s0.i2 -1 -1.226811339
DS3.d1590.s0.i3 -1 -0.561088051232
DS3.d1590.s0.i4 -1 -1.24855708966
DS3.d1602.s0.i0 1.0 1.56293773941
DS3.d1602.s1.i0 -1 -1.10726005235
DS3.d1602.s1.i1 -1 -1.47307003805
DS3.d1610.s0.i0 1.0 0.0698645570639
DS3.d1624.s0.i0 -1 -1.13834149991
DS3.d1624.s0.i1 -1 -0.881267900974
DS3.d1624.s0.i2 -1 0.381369916823
DS3.d1624.s0.i3 -1 -0.558822611103
DS3.d1631.s0.i0 1.0 0.758843135004
DS3.d1642.s0.i0 -1 1.35129748521
DS3.d1642.s0.i1 -1 1.11368290372
DS3.d1642.s1.i0 1.0 0.649174730999
DS3.d1642.s1.i1 1.0 0.467118053437
DS3.d1642.s1.i2 1.0 0.26102064508
DS3.d1642.s1.i3 1.0 -0.130713056621
DS3.d1643.s0.i0 -1 -0.537762430468
DS3.d1643.s0.i1 -1 -1.556260704
DS3.d1643.s0.i2 -1 -2.2088308751
DS3.d1643.s0.i3 -1 0.15658263654
DS3.d1643.s1.i0 -1 -0.724683919853
DS3.d1643.s2.i0 -1 -0.983976369731
DS3.d1648.s0.i0 1.0 1.43363565573
DS3.d1648.s0.i1 1.0 1.91408164707
DS3.d1649.s0.i0 1.0 1.21296086555
DS3.d1649.s0.i1 1.0 0.930497437538
DS3.d1680.s0.i0 1.0 1.46992800654
DS3.d1680.s0.i1 -1 0.15408488755
DS3.d1684.s0.i0 -1 -0.119540260182
DS3.d1702.s0.i0 1.0 1.17854444943
DS3.d1728.s0.i0 1.0 1.57235053275
DS3.d1728.s0.i1 1.0 2.00576407807
DS3.d1732.s0.i0 -1 0.45013879237
DS3.d1732.s0.i1 -1 -0.375293142799
DS3.d1732.s0.i2 -1 -1.73338647255
DS3.d1732.s0.i3 -1 -0.87673629788
DS3.d1733.s0.i0 1.0 0.287253927845
DS3.d1742.s0.i0 1.0 0.6044446741
DS3.d1744.s0.i0 -1 -0.670496949613
DS3.d1751.s0.i0 1.0 1.12182963214
DS3.d1764.s0.i0 -1 -0.708962236804
DS3.d1767.s0.i0 1.0 0.227939242712
DS3.d1767.s0.i1 1.0 0.227939242712
DS3.d1771.s0.i0 1.0 0.760833813136
DS3.d1771.s1.i0 1.0 1.02378772774
DS3.d1771.s1.i1 1.0 0.164474888486
DS3.d1771.s1.i2 1.0 1.00970543321
DS3.d1771.s2.i0 1.0 0.596749174609
DS3.d1771.s2.i1 1.0 0.261882112521
DS3.d1771.s3.i0 1.0 0.0237549543214
DS3.d1781.s0.i0 -1 -0.195770571654
DS3.d1781.s0.i1 -1 -2.14713309684
DS3.d1781.s0.i2 -1 -0.228610487652
DS3.d1781.s0.i3 -1 -1.41336152552
DS3.d1781.s0.i4 -1 -1.79201017585
DS3.d1781.s0.i5 -1 -1.96523602803
DS3.d1781.s0.i6 -1 -0.704808142754
DS3.d1781.s0.i7 -1 -0.737648058763
DS3.d1781.s0.i8 -1 -1.3282147187
DS3.d1781.s0.i9 -1 -1.26213566024
DS3.d1781.s1.i0 1.0 0.500411880603
DS3.d1782.s0.i0 1.0 1.33961504371
DS3.d1782.s0.i1 1.0 1.12085652611
DS3.d1782.s0.i2 1.0 1.34085475733
DS3.d1782.s0.i3 1.0 0.973723838724
DS3.d1789.s0.i0 -1 -1.20757373008
DS3.d1789.s0.i1 -1 -0.891970494903
DS3.d1792.s0.i0 -1 -0.959014646112
DS3.d1794.s0.i0 1.0 -0.00116901555454
DS3.d1794.s0.i1 1.0 0.175429177081
DS3.d1794.s0.i2 1.0 0.488584909344
DS3.d1794.s0.i3 1.0 0.336197528072
DS3.d1794.s1.i0 1.0 -0.324155719476
DS3.d1794.s1.i1 1.0 -1.2657888666
DS3.d1798.s0.i0 1.0 0.547629708252
DS3.d1802.s0.i0 -1 0.374086146105
DS3.d1804.s0.i0 1.0 1.10535104909
DS3.d1804.s1.i0 1.0 -0.171486465107
DS3.d1804.s2.i0 1.0 -0.231844989761
DS3.d1804.s2.i1 1.0 0.286905631095
DS3.d1806.s0.i0 1.0 1.93652836925
DS3.d1806.s1.i0 1.0 1.56055340738
DS3.d1833.s0.i0 1.0 0.300681723778
DS3.d1833.s0.i1 1.0 0.419290682079
DS3.d1833.s0.i2 1.0 -0.106221956936
DS3.d1833.s1.i0 1.0 1.34317278682
DS3.d1833.s1.i1 1.0 1.2164070794
DS3.d1833.s1.i2 1.0 0.860168751327
DS3.d1833.s1.i3 1.0 1.14081672243
DS3.d1833.s1.i4 1.0 1.33294776656
DS3.d1834.s0.i0 -1 0.104049185816
DS3.d1850.s0.i0 1.0 0.243408246415
DS3.d1856.s0.i0 1.0 1.39347725467
DS3.d1856.s0.i1 1.0 1.44512079469
DS3.d1872.s0.i0 1.0 0.533925851325
DS3.d1872.s1.i0 1.0 1.84596290168
DS3.d1872.s2.i0 1.0 0.0348119905304
DS3.d1874.s0.i0 1.0 0.908009629599
DS3.d1874.s0.i1 1.0 1.20118012779
