DS3.d8.s0.i0 1.0 2.06693748351
DS3.d10.s0.i0 -1 0.22944542086
DS3.d29.s0.i0 -1 -0.0680227648847
DS3.d29.s0.i1 -1 -0.0680227648847
DS3.d29.s0.i2 -1 -1.03421404291
DS3.d29.s0.i3 -1 -0.180525935379
DS3.d29.s0.i4 -1 -0.783738207412
DS3.d29.s0.i5 -1 -0.180711950388
DS3.d29.s0.i6 -1 -0.671049021909
DS3.d29.s0.i7 -1 -0.671049021909
DS3.d29.s0.i8 -1 -0.759241155748
DS3.d29.s0.i9 -1 -0.0908294574973
DS3.d29.s0.i10 -1 -0.237651131203
DS3.d29.s0.i11 -1 -0.70476645284
DS3.d32.s0.i0 1.0 0.530778875514
DS3.d51.s0.i0 -1 -0.159362489425
DS3.d51.s0.i1 -1 -0.457005716452
DS3.d51.s0.i2 -1 -0.574795748309
DS3.d53.s0.i0 1.0 1.16587711573
DS3.d81.s0.i0 1.0 0.550102996414
DS3.d81.s0.i1 1.0 -0.276515515416
DS3.d105.s0.i0 -1 0.257556673793
DS3.d105.s0.i1 -1 0.257556673793
DS3.d110.s0.i0 1.0 0.144226133835
DS3.d114.s0.i0 1.0 1.51432451927
DS3.d127.s0.i0 -1 0.276272007063
DS3.d130.s0.i0 1.0 0.00965829577908
DS3.d130.s0.i1 1.0 0.268180580986
DS3.d130.s0.i2 1.0 0.754360908144
DS3.d130.s0.i3 1.0 0.0430697898226
DS3.d130.s0.i4 1.0 1.0115897418
DS3.d130.s0.i5 1.0 -0.39688484123
DS3.d130.s0.i6 1.0 0.885379217084
DS3.d130.s0.i7 1.0 0.928776872024
DS3.d130.s0.i8 1.0 0.162765931014
DS3.d130.s0.i9 1.0 1.15706403665
DS3.d133.s0.i0 1.0 1.20424457627
DS3.d133.s1.i0 1.0 1.08403266172
DS3.d133.s2.i0 1.0 2.17125100271
DS3.d133.s3.i0 1.0 1.47706231984
DS3.d159.s0.i0 -1 0.0667203542669
DS3.d159.s0.i1 -1 -0.0900100176391
DS3.d159.s0.i2 -1 -0.801084132847
DS3.d159.s0.i3 -1 0.326464974541
DS3.d159.s0.i4 -1 -0.433833987217
DS3.d159.s0.i5 -1 -0.217060350274
DS3.d164.s0.i0 -1 0.724479306142
DS3.d164.s0.i1 -1 0.593278633648
DS3.d164.s0.i2 -1 -0.423236779468
DS3.d182.s0.i0 -1 -0.126718015648
DS3.d182.s1.i0 -1 0.758545795478
DS3.d184.s0.i0 1.0 0.00668764110496
DS3.d184.s0.i1 1.0 -0.0230885765304
DS3.d184.s0.i2 1.0 1.72092603844
DS3.d184.s0.i3 1.0 1.04910611979
DS3.d184.s0.i4 1.0 0.950027347792
DS3.d184.s0.i5 1.0 -0.119029339977
DS3.d184.s1.i0 1.0 1.44879479605
DS3.d184.s2.i0 1.0 1.89631312029
DS3.d184.s2.i1 1.0 1.18009255116
DS3.d208.s0.i0 1.0 -0.49890568495
DS3.d208.s0.i1 1.0 -0.502286245111
DS3.d211.s0.i0 1.0 2.42555795881
DS3.d215.s0.i0 -1 0.833824841202
DS3.d215.s0.i1 -1 0.78649087633
DS3.d215.s0.i2 -1 0.419373500316
DS3.d215.s0.i3 -1 0.162963456013
DS3.d215.s1.i0 -1 -0.634769940182
DS3.d266.s0.i0 1.0 1.12750830582
DS3.d294.s0.i0 1.0 0.522625315364
DS3.d294.s0.i1 1.0 0.245666390668
DS3.d294.s0.i2 1.0 1.31711619472
DS3.d297.s0.i0 1.0 1.17526885419
DS3.d301.s0.i0 1.0 0.209634136387
DS3.d301.s0.i1 1.0 1.98106863605
DS3.d307.s0.i0 1.0 1.67241300471
DS3.d307.s1.i0 1.0 0.864535514916
DS3.d312.s0.i0 1.0 0.545311309754
DS3.d312.s0.i1 1.0 0.676459745085
DS3.d312.s0.i2 1.0 0.756774924019
DS3.d312.s0.i3 1.0 0.676459745085
DS3.d312.s0.i4 1.0 0.758922478949
DS3.d312.s0.i5 1.0 0.302535959092
DS3.d312.s0.i6 1.0 0.729570639032
DS3.d312.s0.i7 1.0 0.758922478949
DS3.d312.s0.i8 1.0 0.720563926653
DS3.d312.s0.i9 1.0 0.648760189693
DS3.d312.s0.i10 1.0 0.899319713544
DS3.d320.s0.i0 -1 0.765524564707
DS3.d320.s0.i1 1.0 1.53783346154
DS3.d323.s0.i0 1.0 1.62258708842
DS3.d335.s0.i0 1.0 2.18436279373
DS3.d368.s0.i0 -1 0.249612944002
DS3.d371.s0.i0 1.0 0.892612271164
DS3.d371.s0.i1 1.0 1.31019314404
DS3.d371.s0.i2 1.0 1.29905551129
DS3.d371.s0.i3 1.0 1.36015374443
DS3.d373.s0.i0 -1 1.07351459671
DS3.d376.s0.i0 -1 1.58834724587
DS3.d376.s0.i1 1.0 1.8882750732
DS3.d376.s1.i0 -1 0.498126089272
DS3.d376.s1.i1 -1 1.49831068268
DS3.d376.s1.i2 -1 0.35158403177
DS3.d380.s0.i0 1.0 0.459132965677
DS3.d380.s0.i1 1.0 1.10705530179
DS3.d380.s0.i2 1.0 0.523048794312
DS3.d380.s0.i3 1.0 1.10705530179
DS3.d380.s0.i4 1.0 0.523048794312
DS3.d380.s0.i5 1.0 1.07219485778
DS3.d380.s0.i6 1.0 1.0701497577
DS3.d380.s0.i7 1.0 1.0701497577
DS3.d380.s0.i8 1.0 0.459132965677
DS3.d380.s0.i9 1.0 1.07219485778
DS3.d380.s1.i0 -1 0.757071556508
DS3.d380.s1.i1 -1 0.757071556508
DS3.d380.s1.i2 -1 0.492098179034
DS3.d380.s1.i3 -1 0.492098179034
DS3.d380.s1.i4 -1 -0.0982404859453
DS3.d380.s1.i5 -1 -0.241714321782
DS3.d380.s1.i6 -1 0.166732891528
DS3.d380.s1.i7 -1 0.359848047523
DS3.d380.s1.i8 -1 0.359848047523
DS3.d380.s2.i0 1.0 1.39966954489
DS3.d380.s2.i1 1.0 1.2106440735
DS3.d380.s2.i2 1.0 1.2106440735
DS3.d380.s2.i3 1.0 1.67377360587
DS3.d380.s2.i4 1.0 1.39966954489
DS3.d380.s2.i5 1.0 1.67377360587
DS3.d395.s0.i0 1.0 0.231403914653
DS3.d395.s0.i1 1.0 0.956373817645
DS3.d395.s1.i0 1.0 0.448218664824
DS3.d399.s0.i0 1.0 1.53102430114
DS3.d406.s0.i0 -1 -1.03307636838
DS3.d415.s0.i0 -1 0.428334216578
DS3.d415.s0.i1 -1 -0.0848877900885
DS3.d415.s0.i2 -1 1.05231731651
DS3.d415.s0.i3 -1 0.625958485135
DS3.d445.s0.i0 1.0 1.63704676088
DS3.d475.s0.i0 -1 -0.946132614918
DS3.d475.s0.i1 1.0 0.314409571544
DS3.d475.s1.i0 1.0 0.856946175683
DS3.d475.s2.i0 1.0 2.33834045503
DS3.d480.s0.i0 -1 0.670884888419
DS3.d485.s0.i0 1.0 -0.000955608598591
DS3.d485.s0.i1 1.0 0.0688524823606
DS3.d497.s0.i0 1.0 -0.522723672296
DS3.d497.s1.i0 1.0 -0.326367471626
DS3.d497.s1.i1 1.0 -0.290394660925
DS3.d544.s0.i0 -1 -0.564386567347
DS3.d544.s0.i1 -1 -0.0044293007331
DS3.d544.s0.i2 -1 -0.655075875459
DS3.d544.s0.i3 -1 0.24522143196
DS3.d546.s0.i0 1.0 1.6872651275
DS3.d546.s0.i1 1.0 1.19205127604
DS3.d556.s0.i0 -1 0.269412175189
DS3.d571.s0.i0 -1 -0.506297311564
DS3.d581.s0.i0 -1 0.97534186259
DS3.d581.s0.i1 -1 0.804061236031
DS3.d581.s0.i2 1.0 0.873018991484
DS3.d581.s1.i0 -1 -0.560899282615
DS3.d581.s1.i1 -1 -0.554194165861
DS3.d581.s1.i2 -1 -1.9666936155
DS3.d581.s2.i0 1.0 0.92217998037
DS3.d581.s2.i1 1.0 0.634329374302
DS3.d585.s0.i0 -1 -0.125399972311
DS3.d585.s0.i1 -1 -0.439992291157
DS3.d585.s0.i2 -1 -0.226871981691
DS3.d588.s0.i0 1.0 1.23512495987
DS3.d605.s0.i0 1.0 0.63597201822
DS3.d605.s0.i1 -1 2.02372148777
DS3.d605.s0.i2 1.0 0.57630240033
DS3.d605.s0.i3 -1 1.07948665113
DS3.d605.s0.i4 -1 1.73831885566
DS3.d605.s1.i0 -1 0.472060718731
DS3.d605.s1.i1 1.0 0.871600719776
DS3.d605.s1.i2 1.0 1.1368432618
DS3.d606.s0.i0 -1 -0.124286479655
DS3.d612.s0.i0 1.0 1.08069048095
DS3.d612.s0.i1 -1 0.677500528813
DS3.d617.s0.i0 1.0 0.839891014913
DS3.d617.s1.i0 -1 -0.8144443064
DS3.d617.s1.i1 -1 -0.449528506624
DS3.d617.s1.i2 -1 -0.587319511753
DS3.d617.s1.i3 -1 -0.960682234896
DS3.d617.s1.i4 -1 -0.522467014666
DS3.d617.s1.i5 -1 -1.22086027353
DS3.d617.s1.i6 -1 -0.796370149907
DS3.d617.s1.i7 -1 -1.39991387914
DS3.d617.s1.i8 -1 -0.413988740041
DS3.d617.s1.i9 -1 -1.17293971591
DS3.d618.s0.i0 1.0 1.26441541056
DS3.d618.s0.i1 1.0 1.04691484371
DS3.d618.s1.i0 1.0 1.03912072542
DS3.d623.s0.i0 1.0 1.30898922275
DS3.d623.s0.i1 1.0 1.4327949841
DS3.d623.s1.i0 1.0 1.24085285746
DS3.d623.s1.i1 1.0 0.898575592386
DS3.d623.s2.i0 1.0 0.826677350441
DS3.d623.s2.i1 1.0 0.764397907109
DS3.d623.s2.i2 1.0 0.937401886275
DS3.d623.s2.i3 1.0 0.500794642499
DS3.d623.s3.i0 1.0 1.33226211902
DS3.d623.s3.i1 1.0 0.355362334374
DS3.d623.s4.i0 1.0 1.39718925575
DS3.d623.s4.i1 1.0 1.39239105058
DS3.d623.s4.i2 -1 1.69866699229
DS3.d623.s4.i3 -1 1.07404316642
DS3.d632.s0.i0 -1 -0.190550625064
DS3.d632.s0.i1 -1 -0.0235625809716
DS3.d632.s1.i0 1.0 2.3126753293
DS3.d632.s1.i1 1.0 1.76636127018
DS3.d636.s0.i0 -1 -0.590015211463
DS3.d636.s0.i1 1.0 -0.0743152062872
DS3.d652.s0.i0 1.0 1.97122038738
DS3.d652.s0.i1 -1 1.07333165318
DS3.d652.s1.i0 1.0 1.72642649784
DS3.d652.s1.i1 -1 -0.373350133615
DS3.d652.s1.i2 -1 -0.197027146376
DS3.d652.s1.i3 1.0 1.11024463227
DS3.d652.s1.i4 -1 -0.57801617017
DS3.d652.s1.i5 -1 -0.401693182929
DS3.d652.s1.i6 1.0 1.14374668812
DS3.d652.s1.i7 1.0 0.905578595714
DS3.d652.s2.i0 -1 -1.59664115912
DS3.d652.s2.i1 -1 -0.524404046402
DS3.d654.s0.i0 1.0 0.65813986189
DS3.d654.s1.i0 1.0 1.18946246595
DS3.d663.s0.i0 -1 -0.705078853043
DS3.d663.s0.i1 -1 -0.494488742153
DS3.d665.s0.i0 1.0 0.848167567855
DS3.d682.s0.i0 1.0 -0.580633316496
DS3.d682.s0.i1 1.0 -0.154946487444
DS3.d682.s0.i2 1.0 0.406958329028
DS3.d684.s0.i0 -1 0.170185899674
DS3.d684.s0.i1 1.0 0.0577682024067
DS3.d684.s0.i2 -1 -0.792766529907
DS3.d684.s0.i3 1.0 -0.311775938399
DS3.d698.s0.i0 1.0 1.0583885083
DS3.d698.s1.i0 1.0 1.94218515518
DS3.d708.s0.i0 -1 0.406637138314
DS3.d709.s0.i0 1.0 1.77427768454
DS3.d717.s0.i0 1.0 1.97790327787
DS3.d718.s0.i0 -1 -0.312885512623
DS3.d718.s0.i1 -1 -0.415680466064
DS3.d718.s1.i0 -1 -2.27119721688
DS3.d718.s1.i1 -1 -1.1738490827
DS3.d718.s1.i2 -1 -1.23216494511
DS3.d718.s1.i3 -1 -1.22570443883
DS3.d718.s1.i4 -1 -1.21754333168
DS3.d718.s1.i5 -1 -1.45311723981
DS3.d718.s1.i6 -1 -1.91695421278
DS3.d718.s1.i7 -1 -1.02476416737
DS3.d718.s1.i8 -1 -0.770588308424
DS3.d718.s1.i9 -1 -1.84547870447
DS3.d718.s1.i10 -1 -1.72734885119
DS3.d718.s1.i11 -1 -1.93241060987
DS3.d718.s1.i12 -1 -1.58731193375
DS3.d718.s1.i13 -1 -1.93517361728
DS3.d718.s1.i14 -1 -2.12116322101
DS3.d718.s1.i15 -1 -0.924031109592
DS3.d718.s1.i16 -1 -1.25292765022
DS3.d718.s1.i17 -1 -1.28349501114
DS3.d718.s1.i18 -1 -1.72920570926
DS3.d718.s1.i19 -1 -1.45311723981
DS3.d718.s2.i0 1.0 -1.55731871074
DS3.d718.s2.i1 1.0 -1.23695845472
DS3.d718.s2.i2 1.0 -1.25402377407
DS3.d718.s2.i3 1.0 -1.54866429287
DS3.d732.s0.i0 -1 1.57792728289
DS3.d732.s0.i1 1.0 1.27670576765
DS3.d732.s0.i2 1.0 0.724975132622
DS3.d733.s0.i0 1.0 1.42575721684
DS3.d733.s0.i1 1.0 1.31189416541
DS3.d733.s0.i2 1.0 1.10091128365
DS3.d733.s0.i3 1.0 1.40416000291
DS3.d736.s0.i0 1.0 1.55948775093
DS3.d746.s0.i0 1.0 1.32232931608
DS3.d749.s0.i0 1.0 -0.0352106415748
DS3.d749.s0.i1 1.0 -0.357780503942
DS3.d749.s1.i0 1.0 1.32861292804
DS3.d749.s1.i1 1.0 1.19904441145
DS3.d749.s2.i0 1.0 -0.0157710579586
DS3.d749.s2.i1 1.0 0.0309805824919
DS3.d749.s2.i2 1.0 0.322410371875
DS3.d749.s3.i0 -1 0.700736410683
DS3.d754.s0.i0 1.0 0.732174040611
DS3.d754.s0.i1 1.0 1.33637163071
DS3.d754.s0.i2 1.0 0.895442403212
DS3.d763.s0.i0 -1 2.43236703666
DS3.d763.s0.i1 1.0 1.79627858753
DS3.d763.s1.i0 1.0 1.14914570739
DS3.d763.s1.i1 1.0 1.11508646597
DS3.d763.s2.i0 1.0 2.53934185205
DS3.d772.s0.i0 -1 0.951135592854
DS3.d772.s0.i1 -1 1.13763448734
DS3.d776.s0.i0 1.0 0.321768448401
DS3.d776.s0.i1 1.0 0.321768448401
DS3.d777.s0.i0 -1 -0.0916099526729
DS3.d781.s0.i0 1.0 1.75981754296
DS3.d781.s1.i0 1.0 1.27615670586
DS3.d781.s1.i1 1.0 1.2606731108
DS3.d796.s0.i0 -1 -0.568843016137
DS3.d796.s0.i1 -1 0.812375344823
DS3.d796.s0.i2 -1 -0.568843016137
DS3.d796.s0.i3 -1 -0.568843016137
DS3.d796.s0.i4 -1 0.812375344823
DS3.d796.s0.i5 -1 -0.568843016137
DS3.d796.s1.i0 1.0 1.16981277979
DS3.d796.s1.i1 1.0 0.0469771513709
DS3.d796.s1.i2 1.0 0.0297672817515
DS3.d800.s0.i0 1.0 1.30370434758
DS3.d827.s0.i0 -1 -0.858534368919
DS3.d827.s0.i1 -1 0.293663421453
DS3.d827.s0.i2 -1 -0.954446997875
DS3.d854.s0.i0 1.0 2.0627819848
DS3.d854.s0.i1 -1 1.23562819946
DS3.d854.s1.i0 1.0 1.48405165255
DS3.d854.s2.i0 -1 0.795429590787
DS3.d854.s3.i0 1.0 0.508654788096
DS3.d854.s3.i1 -1 0.701732894474
DS3.d866.s0.i0 -1 -0.0310791380823
DS3.d866.s1.i0 -1 -0.995604408482
DS3.d871.s0.i0 1.0 2.73152779892
DS3.d871.s1.i0 1.0 1.1922416976
DS3.d871.s2.i0 1.0 1.66147696731
DS3.d889.s0.i0 1.0 1.72520413959
DS3.d889.s0.i1 1.0 1.72520413959
DS3.d900.s0.i0 1.0 0.125707476918
DS3.d900.s0.i1 1.0 0.261289726464
DS3.d903.s0.i0 1.0 1.55054347739
DS3.d903.s0.i1 1.0 0.530045815289
DS3.d909.s0.i0 -1 -0.324514730506
DS3.d909.s0.i1 -1 -0.909327965507
DS3.d909.s0.i2 -1 0.219849347383
DS3.d909.s0.i3 -1 0.821921303405
DS3.d909.s0.i4 -1 0.0139432163308
DS3.d909.s0.i5 -1 -0.337198979175
DS3.d909.s0.i6 -1 0.222706632144
DS3.d909.s0.i7 -1 0.0823265802655
DS3.d928.s0.i0 1.0 0.843167630512
DS3.d928.s0.i1 1.0 0.310143750725
DS3.d928.s0.i2 1.0 0.74934142805
DS3.d928.s1.i0 1.0 1.59381279688
DS3.d950.s0.i0 1.0 -0.279165403541
DS3.d965.s0.i0 1.0 0.385734162716
DS3.d972.s0.i0 1.0 1.29728775512
DS3.d972.s0.i1 1.0 1.35932765398
DS3.d972.s0.i2 1.0 1.33318724816
DS3.d972.s0.i3 1.0 1.26813225983
DS3.d972.s1.i0 1.0 1.42932505395
DS3.d976.s0.i0 -1 -0.639207072773
DS3.d976.s0.i1 -1 -0.820710700096
DS3.d986.s0.i0 1.0 0.0662180819396
DS3.d989.s0.i0 -1 -0.62610898505
DS3.d989.s0.i1 -1 -0.271816176665
DS3.d989.s0.i2 -1 0.848847549025
DS3.d989.s0.i3 -1 -0.269631080556
DS3.d990.s0.i0 -1 -0.50721210763
DS3.d990.s0.i1 -1 -0.399087877472
DS3.d990.s0.i2 -1 -0.568813663526
DS3.d990.s0.i3 -1 -1.02104602253
DS3.d993.s0.i0 1.0 2.04399910054
DS3.d993.s0.i1 1.0 2.49003427041
DS3.d1006.s0.i0 -1 -0.142597526889
DS3.d1007.s0.i0 1.0 0.643216307554
DS3.d1007.s1.i0 -1 1.91577809352
DS3.d1007.s1.i1 -1 1.8011171325
DS3.d1007.s1.i2 -1 1.84769536449
DS3.d1007.s1.i3 1.0 0.894101702953
DS3.d1007.s1.i4 -1 1.96805330266
DS3.d1007.s1.i5 1.0 1.00963949233
DS3.d1007.s2.i0 -1 0.483543569917
DS3.d1007.s3.i0 1.0 0.9300663285
DS3.d1007.s4.i0 1.0 2.00353885665
DS3.d1007.s4.i1 1.0 1.06536482916
DS3.d1021.s0.i0 -1 0.188252375582
DS3.d1024.s0.i0 -1 -0.635091338144
DS3.d1024.s0.i1 -1 -0.880111805459
DS3.d1024.s0.i2 -1 -0.628234470174
DS3.d1024.s0.i3 -1 -0.346478422273
DS3.d1024.s0.i4 -1 -0.60247839477
DS3.d1024.s0.i5 -1 0.188028964977
DS3.d1024.s0.i6 -1 0.264918660464
DS3.d1024.s0.i7 -1 -0.727950250773
DS3.d1024.s0.i8 -1 -0.776020263829
DS3.d1024.s0.i9 -1 -0.794431827018
DS3.d1024.s1.i0 -1 0.554115498111
DS3.d1024.s1.i1 -1 -0.770036288863
DS3.d1024.s2.i0 -1 -1.10596473991
DS3.d1024.s2.i1 -1 -1.73540688961
DS3.d1040.s0.i0 1.0 0.576645112793
DS3.d1040.s0.i1 1.0 0.49553367391
DS3.d1040.s1.i0 1.0 0.554447466979
DS3.d1040.s2.i0 1.0 0.906736009788
DS3.d1069.s0.i0 1.0 1.25862633606
DS3.d1078.s0.i0 1.0 0.293086799647
DS3.d1090.s0.i0 1.0 1.30902804327
DS3.d1090.s0.i1 1.0 1.3868706186
DS3.d1105.s0.i0 1.0 0.474338765646
DS3.d1121.s0.i0 1.0 0.474697917039
DS3.d1133.s0.i0 1.0 1.87839802749
DS3.d1133.s0.i1 -1 0.969948531082
DS3.d1144.s0.i0 -1 2.15673908547
DS3.d1144.s0.i1 -1 2.15673908547
DS3.d1144.s1.i0 -1 0.984576523203
DS3.d1148.s0.i0 -1 -0.334879616232
DS3.d1148.s0.i1 -1 -0.922897472713
DS3.d1148.s0.i2 -1 -0.922897472713
DS3.d1148.s0.i3 -1 -0.334879616232
DS3.d1149.s0.i0 1.0 0.586589629023
DS3.d1154.s0.i0 1.0 0.611781788681
DS3.d1154.s0.i1 1.0 1.00024689542
DS3.d1154.s0.i2 1.0 0.417189131367
DS3.d1158.s0.i0 1.0 0.908937860391
DS3.d1164.s0.i0 -1 -0.799530165278
DS3.d1204.s0.i0 1.0 0.933258101415
DS3.d1204.s0.i1 1.0 1.30931281102
DS3.d1204.s1.i0 1.0 1.72479506673
DS3.d1204.s1.i1 1.0 2.16511683464
DS3.d1204.s2.i0 -1 0.684414674805
DS3.d1215.s0.i0 1.0 1.44009850103
DS3.d1215.s0.i1 1.0 1.97610189209
DS3.d1215.s1.i0 -1 0.364175141089
DS3.d1215.s1.i1 -1 -0.158577403143
DS3.d1215.s1.i2 -1 0.793255845459
DS3.d1215.s1.i3 -1 1.10632185039
DS3.d1228.s0.i0 -1 0.351733361155
DS3.d1228.s1.i0 -1 0.409644804711
DS3.d1234.s0.i0 -1 0.790152091759
DS3.d1234.s0.i1 1.0 0.156152918117
DS3.d1234.s1.i0 1.0 2.15969172606
DS3.d1241.s0.i0 1.0 1.9313516993
DS3.d1252.s0.i0 1.0 0.213027755552
DS3.d1252.s1.i0 1.0 0.678584825601
DS3.d1252.s1.i1 1.0 0.149621388082
DS3.d1281.s0.i0 -1 -1.04896065863
DS3.d1281.s0.i1 1.0 1.20193373142
DS3.d1281.s0.i2 1.0 1.48620953453
DS3.d1281.s1.i0 -1 -0.326694651148
DS3.d1281.s1.i1 1.0 0.0556531180693
DS3.d1292.s0.i0 1.0 1.28884176271
DS3.d1292.s0.i1 1.0 0.283430163791
DS3.d1292.s0.i2 1.0 1.2683842408
DS3.d1292.s0.i3 1.0 1.05563514435
DS3.d1295.s0.i0 1.0 1.49897320148
DS3.d1300.s0.i0 1.0 1.35330832016
DS3.d1321.s0.i0 1.0 -0.303760003535
DS3.d1321.s0.i1 1.0 -1.11014482805
DS3.d1321.s0.i2 1.0 -1.08116009321
DS3.d1326.s0.i0 -1 -0.477874137011
DS3.d1326.s0.i1 -1 -0.0175606468348
DS3.d1326.s0.i2 -1 -0.217723687894
DS3.d1326.s0.i3 -1 0.389125950818
DS3.d1329.s0.i0 -1 -1.03334721702
DS3.d1329.s0.i1 -1 -0.338277260922
DS3.d1329.s0.i2 -1 -1.21944949231
DS3.d1329.s0.i3 -1 -0.235119971993
DS3.d1330.s0.i0 -1 -1.40314795096
DS3.d1330.s0.i1 -1 -0.881086427517
DS3.d1330.s0.i2 -1 -0.872248715666
DS3.d1333.s0.i0 1.0 2.33120826414
DS3.d1345.s0.i0 -1 -0.241396889196
DS3.d1359.s0.i0 1.0 2.03637916371
DS3.d1359.s1.i0 -1 -1.03147958376
DS3.d1363.s0.i0 -1 -0.722158627449
DS3.d1363.s0.i1 -1 -1.12785768914
DS3.d1363.s0.i2 -1 -0.899460172447
DS3.d1363.s0.i3 -1 -0.631399069963
DS3.d1363.s0.i4 -1 -0.410992357307
DS3.d1363.s0.i5 -1 -1.03709813165
DS3.d1363.s0.i6 -1 -0.320232799818
DS3.d1363.s0.i7 -1 -1.06197805369
DS3.d1364.s0.i0 -1 0.958719520569
DS3.d1369.s0.i0 1.0 1.1291584761
DS3.d1369.s0.i1 1.0 1.44199900056
DS3.d1374.s0.i0 -1 0.396867192686
DS3.d1374.s0.i1 -1 -0.119893318259
DS3.d1390.s0.i0 -1 0.531604670587
DS3.d1405.s0.i0 1.0 -0.603318966906
DS3.d1405.s0.i1 1.0 0.503499410676
DS3.d1405.s0.i2 1.0 -0.480059925758
DS3.d1405.s0.i3 1.0 0.359333128623
DS3.d1419.s0.i0 1.0 1.31340764484
DS3.d1419.s0.i1 1.0 1.63441613378
DS3.d1423.s0.i0 -1 1.27260229087
DS3.d1423.s1.i0 1.0 0.415424489415
DS3.d1437.s0.i0 1.0 0.759786843605
DS3.d1438.s0.i0 -1 1.18353331796
DS3.d1447.s0.i0 1.0 0.757748356588
DS3.d1447.s0.i1 1.0 1.10380917303
DS3.d1451.s0.i0 -1 -0.436691389016
DS3.d1451.s0.i1 -1 -0.504367395119
DS3.d1451.s0.i2 -1 -0.406351243139
DS3.d1451.s0.i3 -1 -0.436691389016
DS3.d1451.s1.i0 -1 0.406617775444
DS3.d1451.s1.i1 -1 0.053775755885
DS3.d1469.s0.i0 -1 -0.826263408765
DS3.d1469.s1.i0 -1 -0.291693068474
DS3.d1469.s1.i1 1.0 0.605611861963
DS3.d1469.s1.i2 1.0 1.23577381446
DS3.d1469.s1.i3 1.0 0.605611861963
DS3.d1469.s1.i4 -1 -0.291693068474
DS3.d1469.s1.i5 1.0 1.23577381446
DS3.d1473.s0.i0 1.0 1.40633252126
DS3.d1473.s1.i0 1.0 0.571298345579
DS3.d1473.s2.i0 1.0 0.52158820362
DS3.d1473.s3.i0 1.0 1.83296064328
DS3.d1482.s0.i0 -1 -1.19731654711
DS3.d1482.s0.i1 -1 -0.150746793175
DS3.d1482.s0.i2 -1 -1.19731654711
DS3.d1520.s0.i0 1.0 1.09327946731
DS3.d1522.s0.i0 1.0 1.36360301488
DS3.d1522.s0.i1 1.0 0.966414573191
DS3.d1522.s1.i0 -1 1.06988249912
DS3.d1522.s2.i0 -1 -0.190706840192
DS3.d1522.s3.i0 1.0 0.463669371022
DS3.d1532.s0.i0 1.0 0.929278793179
DS3.d1540.s0.i0 1.0 1.09833799549
DS3.d1540.s0.i1 1.0 1.19865636556
DS3.d1562.s0.i0 1.0 0.746142413614
DS3.d1586.s0.i0 -1 -0.664086788471
DS3.d1586.s0.i1 -1 -0.562525682858
DS3.d1586.s0.i2 -1 -1.25424868442
DS3.d1590.s0.i0 -1 -1.26447800138
DS3.d1590.s0.i1 -1 -1.38064009084
DS3.d1590.s0.i2 -1 -1.04980109641
DS3.d1590.s0.i3 -1 -0.398367413114
DS3.d1590.s0.i4 -1 -1.15713165478
DS3.d1602.s0.i0 1.0 1.50156846224
DS3.d1602.s1.i0 -1 -1.17041826828
DS3.d1602.s1.i1 -1 -1.63721000236
DS3.d1610.s0.i0 1.0 0.356967352898
DS3.d1624.s0.i0 -1 -0.787915490269
DS3.d1624.s0.i1 -1 -0.637606811241
DS3.d1624.s0.i2 -1 0.627369906958
DS3.d1624.s0.i3 -1 -0.238057798311
DS3.d1631.s0.i0 1.0 0.817282355664
DS3.d1642.s0.i0 -1 1.80620781811
DS3.d1642.s0.i1 -1 1.42383991932
DS3.d1642.s1.i0 1.0 0.752458301891
DS3.d1642.s1.i1 1.0 0.576925868876
DS3.d1642.s1.i2 1.0 0.320483537068
DS3.d1642.s1.i3 1.0 -0.056970748621
DS3.d1643.s0.i0 -1 -0.643837038029
DS3.d1643.s0.i1 -1 -1.19463009539
DS3.d1643.s0.i2 -1 -2.09238529847
DS3.d1643.s0.i3 -1 0.344852891909
DS3.d1643.s1.i0 -1 -0.526308423634
DS3.d1643.s2.i0 -1 -0.875422459007
DS3.d1648.s0.i0 1.0 1.43210142149
DS3.d1648.s0.i1 1.0 1.58392886764
DS3.d1649.s0.i0 1.0 1.53825879634
DS3.d1649.s0.i1 1.0 1.1524235444
DS3.d1680.s0.i0 1.0 1.25705538141
DS3.d1680.s0.i1 -1 -0.0499636332778
DS3.d1684.s0.i0 -1 -0.0351824301713
DS3.d1702.s0.i0 1.0 1.41789850566
DS3.d1728.s0.i0 1.0 1.87655622842
DS3.d1728.s0.i1 1.0 2.25543893144
DS3.d1732.s0.i0 -1 0.93399375571
DS3.d1732.s0.i1 -1 -0.0146388726237
DS3.d1732.s0.i2 -1 -1.4308909487
DS3.d1732.s0.i3 -1 -0.594460475524
DS3.d1733.s0.i0 1.0 0.0216392734092
DS3.d1742.s0.i0 1.0 0.542116765994
DS3.d1744.s0.i0 -1 -0.92380482894
DS3.d1751.s0.i0 1.0 1.36623500167
DS3.d1764.s0.i0 -1 -0.565077500495
DS3.d1767.s0.i0 1.0 0.420262517535
DS3.d1767.s0.i1 1.0 0.420262517535
DS3.d1771.s0.i0 1.0 0.824671265668
DS3.d1771.s1.i0 1.0 1.10972938777
DS3.d1771.s1.i1 1.0 -0.304329800617
DS3.d1771.s1.i2 1.0 1.03142984994
DS3.d1771.s2.i0 1.0 0.696845659561
DS3.d1771.s2.i1 1.0 0.282044789843
DS3.d1771.s3.i0 1.0 0.0580460451204
DS3.d1781.s0.i0 -1 0.218477440664
DS3.d1781.s0.i1 -1 -1.4007223377
DS3.d1781.s0.i2 -1 0.0910101914931
DS3.d1781.s0.i3 -1 -0.903846824383
DS3.d1781.s0.i4 -1 -1.14916805445
DS3.d1781.s0.i5 -1 -1.46573656186
DS3.d1781.s0.i6 -1 -0.437970575668
DS3.d1781.s0.i7 -1 -0.565437824839
DS3.d1781.s0.i8 -1 -1.088755087
DS3.d1781.s0.i9 -1 -0.88679613019
DS3.d1781.s1.i0 1.0 0.332099997837
DS3.d1782.s0.i0 1.0 1.54699401638
DS3.d1782.s0.i1 1.0 1.47489071507
DS3.d1782.s0.i2 1.0 1.52423769602
DS3.d1782.s0.i3 1.0 1.38564292404
DS3.d1789.s0.i0 -1 -0.881614895724
DS3.d1789.s0.i1 -1 -0.542199033025
DS3.d1792.s0.i0 -1 -0.332417997602
DS3.d1794.s0.i0 1.0 0.0894669003289
DS3.d1794.s0.i1 1.0 0.384536882999
DS3.d1794.s0.i2 1.0 0.749768537494
DS3.d1794.s0.i3 1.0 0.55047185845
DS3.d1794.s1.i0 1.0 -0.196049055384
DS3.d1794.s1.i1 1.0 -1.14235802085
DS3.d1798.s0.i0 1.0 0.855726770931
DS3.d1802.s0.i0 -1 0.582137884575
DS3.d1804.s0.i0 1.0 1.2806048559
DS3.d1804.s1.i0 1.0 -0.176188632795
DS3.d1804.s2.i0 1.0 -0.371585715134
DS3.d1804.s2.i1 1.0 0.208513605937
DS3.d1806.s0.i0 1.0 2.04168675576
DS3.d1806.s1.i0 1.0 1.73293418062
DS3.d1833.s0.i0 1.0 0.684626218531
DS3.d1833.s0.i1 1.0 0.653570055333
DS3.d1833.s0.i2 1.0 0.215846763375
DS3.d1833.s1.i0 1.0 1.60666636107
DS3.d1833.s1.i1 1.0 1.50309310326
DS3.d1833.s1.i2 1.0 1.18708109369
DS3.d1833.s1.i3 1.0 1.43229098023
DS3.d1833.s1.i4 1.0 1.65902852094
DS3.d1834.s0.i0 -1 -0.0620172310425
DS3.d1850.s0.i0 1.0 0.491305141161
DS3.d1856.s0.i0 1.0 1.41883717492
DS3.d1856.s0.i1 1.0 1.51629114166
DS3.d1872.s0.i0 1.0 0.663343955138
DS3.d1872.s1.i0 1.0 2.02893266157
DS3.d1872.s2.i0 1.0 0.408281910559
DS3.d1874.s0.i0 1.0 0.419331323584
DS3.d1874.s0.i1 1.0 0.927670699392
