DS.d0.s0.i0 1.0 1.65310298751
DS.d0.s1.i0 -1 -0.29087787697
DS.d0.s1.i1 1.0 0.890907443959
DS.d5.s0.i0 1.0 0.852769979317
DS.d5.s0.i1 1.0 0.432708844781
DS.d5.s0.i2 1.0 1.03641984575
DS.d10.s0.i0 -1 0.380783227636
DS.d11.s0.i0 1.0 -0.0545978290934
DS.d11.s0.i1 1.0 1.00164544465
DS.d16.s0.i0 1.0 1.07263871568
DS.d20.s0.i0 -1 0.248294150003
DS.d20.s0.i1 -1 -0.595414471676
DS.d30.s0.i0 -1 -0.459995354554
DS.d30.s0.i1 -1 0.303727728741
DS.d30.s0.i2 -1 0.303727728741
DS.d36.s0.i0 1.0 1.33079912101
DS.d36.s1.i0 1.0 0.787013964869
DS.d36.s2.i0 1.0 2.17158419297
DS.d36.s2.i1 1.0 1.12437754126
DS.d40.s0.i0 1.0 0.403720815402
DS.d45.s0.i0 -1 -1.28935357435
DS.d45.s0.i1 -1 -1.28935357435
DS.d49.s0.i0 -1 0.754660687912
DS.d49.s0.i1 -1 0.940797662154
DS.d49.s0.i2 -1 0.801854791104
DS.d49.s0.i3 -1 0.773656423484
DS.d49.s1.i0 1.0 -0.837831962763
DS.d49.s1.i1 1.0 0.136327542923
DS.d49.s1.i2 -1 -1.13270206811
DS.d49.s1.i3 1.0 -0.346480460524
DS.d49.s2.i0 1.0 0.618658465855
DS.d49.s2.i1 1.0 0.869102691318
DS.d51.s0.i0 -1 0.676829233682
DS.d51.s0.i1 -1 -0.37664070972
DS.d51.s0.i2 -1 -0.981428628935
DS.d52.s0.i0 1.0 -0.821900892197
DS.d52.s1.i0 1.0 1.8004353066
DS.d52.s2.i0 1.0 1.9985665402
DS.d56.s0.i0 1.0 0.0432500746658
DS.d63.s0.i0 1.0 0.28592715908
DS.d63.s0.i1 1.0 0.349794396695
DS.d74.s0.i0 1.0 2.46389532154
DS.d76.s0.i0 1.0 0.262030027316
DS.d76.s0.i1 1.0 1.02693203337
DS.d76.s0.i2 1.0 0.0951070569537
DS.d76.s0.i3 1.0 0.734790980817
DS.d76.s1.i0 1.0 0.623677559894
DS.d76.s1.i1 1.0 0.997848861577
DS.d76.s1.i2 1.0 0.394730691359
DS.d76.s1.i3 1.0 0.0845761028019
DS.d100.s0.i0 1.0 0.930144976052
DS.d100.s1.i0 1.0 0.60019525169
DS.d100.s1.i1 1.0 0.670010641765
DS.d109.s0.i0 1.0 -0.735346382611
DS.d109.s0.i1 1.0 -0.699721621156
DS.d109.s0.i2 -1 -0.787471094429
DS.d109.s0.i3 1.0 -0.229775513086
DS.d109.s0.i4 -1 -0.78683481752
DS.d109.s0.i5 -1 -0.312583948241
DS.d113.s0.i0 -1 0.166433589851
DS.d113.s0.i1 -1 0.166433589851
DS.d125.s0.i0 1.0 0.940205717312
DS.d125.s0.i1 1.0 1.8017842092
DS.d142.s0.i0 1.0 0.822927893257
DS.d142.s0.i1 1.0 0.992799354625
DS.d168.s0.i0 1.0 0.199118539916
DS.d179.s0.i0 -1 -0.443767326498
DS.d179.s0.i1 -1 -0.884840436178
DS.d179.s0.i2 -1 -1.25827617622
DS.d179.s0.i3 -1 -1.24202731926
DS.d179.s0.i4 -1 -1.21090679802
DS.d179.s0.i5 -1 -0.896167775747
DS.d179.s0.i6 -1 -0.809074890198
DS.d179.s0.i7 -1 -0.573160713538
DS.d179.s0.i8 -1 -0.560943823513
DS.d179.s0.i9 -1 -0.873500703066
DS.d179.s0.i10 -1 -0.60667132487
DS.d179.s0.i11 -1 -1.26464431354
DS.d179.s0.i12 -1 -1.0676329651
DS.d179.s0.i13 -1 -0.273893840191
DS.d179.s0.i14 -1 -1.20933743135
DS.d179.s0.i15 -1 -0.607983337079
DS.d179.s0.i16 -1 -0.945462447557
DS.d179.s0.i17 -1 -0.416336760654
DS.d179.s0.i18 -1 -0.743987261317
DS.d179.s0.i19 -1 -0.455363385201
DS.d179.s0.i20 -1 -0.762940838037
DS.d179.s0.i21 -1 -0.565269373816
DS.d179.s0.i22 -1 -0.958055976149
DS.d179.s0.i23 -1 -0.609526361711
DS.d179.s0.i24 -1 -0.96564979765
DS.d179.s0.i25 -1 -1.1937205778
DS.d179.s0.i26 -1 -1.08473484311
DS.d179.s0.i27 -1 -0.935523124392
DS.d179.s0.i28 -1 -1.20881817687
DS.d179.s0.i29 -1 -0.549347764808
DS.d179.s1.i0 -1 1.05401550854
DS.d179.s1.i1 -1 -1.1902997316
DS.d179.s2.i0 1.0 0.954239151145
DS.d192.s0.i0 1.0 0.0759196584787
DS.d194.s0.i0 1.0 0.00236129794307
DS.d194.s0.i1 1.0 0.244128115204
DS.d196.s0.i0 1.0 1.58702394119
DS.d196.s0.i1 1.0 1.23614689391
DS.d196.s0.i2 1.0 1.73083816001
DS.d196.s0.i3 1.0 1.59914829278
DS.d196.s1.i0 -1 1.36694921558
DS.d201.s0.i0 1.0 1.18003814427
DS.d201.s0.i1 1.0 1.18202969183
DS.d201.s0.i2 1.0 2.24185624296
DS.d201.s0.i3 1.0 1.17318173833
DS.d201.s0.i4 1.0 1.18168957768
DS.d201.s0.i5 1.0 1.18003814427
DS.d201.s0.i6 1.0 1.16692219339
DS.d201.s0.i7 1.0 1.11287659332
DS.d201.s0.i8 1.0 2.09907248785
DS.d228.s0.i0 1.0 1.60588585077
DS.d228.s1.i0 1.0 -0.37983899069
DS.d228.s1.i1 1.0 0.334035933932
DS.d231.s0.i0 -1 1.44148341266
DS.d244.s0.i0 1.0 0.414819558397
DS.d244.s0.i1 1.0 1.15822637237
DS.d244.s1.i0 1.0 1.04436196201
DS.d261.s0.i0 1.0 0.862710703024
DS.d268.s0.i0 1.0 -0.0019368091333
DS.d268.s0.i1 1.0 -0.105377931999
DS.d273.s0.i0 1.0 1.20879131788
DS.d273.s1.i0 1.0 -0.283122092354
DS.d273.s1.i1 1.0 0.377331014723
DS.d283.s0.i0 1.0 0.306038504779
DS.d283.s0.i1 1.0 0.664613829486
DS.d283.s0.i2 1.0 0.580123279771
DS.d283.s0.i3 1.0 0.30295085292
DS.d285.s0.i0 1.0 1.76813478776
DS.d285.s0.i1 1.0 1.32233640526
DS.d285.s0.i2 1.0 1.58794650951
DS.d285.s1.i0 1.0 1.83302289395
DS.d285.s1.i1 1.0 0.49035084266
DS.d285.s2.i0 1.0 0.42366748919
DS.d285.s2.i1 1.0 0.375194072544
DS.d285.s3.i0 -1 1.50618349965
DS.d285.s3.i1 -1 1.84812893337
DS.d285.s3.i2 -1 0.425219949192
DS.d285.s3.i3 -1 2.34052677414
DS.d285.s3.i4 -1 0.937533768692
DS.d289.s0.i0 -1 0.576291814592
DS.d289.s0.i1 -1 -0.269254385368
DS.d289.s0.i2 -1 -0.541618887945
DS.d297.s0.i0 1.0 0.616305093616
DS.d301.s0.i0 1.0 0.0855748198459
DS.d301.s0.i1 1.0 2.38668048724
DS.d309.s0.i0 1.0 1.04492290596
DS.d309.s1.i0 -1 0.342504250011
DS.d309.s1.i1 -1 0.586283590805
DS.d309.s1.i2 -1 1.15666779342
DS.d309.s2.i0 1.0 0.629175490406
DS.d309.s2.i1 1.0 1.20105068746
DS.d312.s0.i0 1.0 1.02820326088
DS.d312.s0.i1 1.0 0.6976393703
DS.d312.s0.i2 1.0 0.829613815085
DS.d312.s0.i3 1.0 0.6976393703
DS.d312.s0.i4 1.0 0.826181659522
DS.d312.s0.i5 1.0 0.656850567834
DS.d312.s0.i6 1.0 0.931022489046
DS.d312.s0.i7 1.0 0.826181659522
DS.d312.s0.i8 1.0 0.888160803876
DS.d312.s0.i9 1.0 1.02040675496
DS.d312.s0.i10 1.0 1.04359804526
DS.d332.s0.i0 1.0 0.999237084032
DS.d333.s0.i0 1.0 0.809300643082
DS.d348.s0.i0 -1 -1.08347137326
DS.d368.s0.i0 -1 0.103203046392
DS.d382.s0.i0 1.0 1.30783959685
DS.d383.s0.i0 1.0 1.10045913087
DS.d383.s0.i1 1.0 1.35386207884
DS.d383.s0.i2 1.0 1.35386207884
DS.d383.s0.i3 1.0 1.10045913087
DS.d395.s0.i0 1.0 0.32671952644
DS.d395.s0.i1 1.0 0.817945897744
DS.d395.s1.i0 1.0 -0.325034388642
DS.d412.s0.i0 1.0 1.45088069694
DS.d422.s0.i0 1.0 0.943651522773
DS.d422.s0.i1 1.0 1.10343787239
DS.d422.s0.i2 1.0 0.963332711495
DS.d422.s1.i0 1.0 0.090404904602
DS.d422.s1.i1 1.0 0.340321512491
DS.d422.s1.i2 1.0 -0.263884058824
DS.d423.s0.i0 1.0 1.78780256899
DS.d423.s0.i1 1.0 1.78780256899
DS.d423.s1.i0 -1 1.95484254634
DS.d423.s1.i1 1.0 1.95484254634
DS.d442.s0.i0 -1 -0.275764574956
DS.d443.s0.i0 1.0 1.37149849945
DS.d443.s0.i1 1.0 1.58239838978
DS.d443.s1.i0 -1 1.75825615213
DS.d443.s1.i1 -1 1.30214740666
DS.d443.s1.i2 1.0 1.29549330392
DS.d443.s2.i0 1.0 2.14292631686
DS.d443.s2.i1 1.0 1.61943655836
DS.d443.s2.i2 1.0 0.622314396816
DS.d454.s0.i0 -1 -0.332041208596
DS.d454.s0.i1 1.0 1.51123179065
DS.d454.s0.i2 -1 0.00482181284254
DS.d454.s0.i3 -1 -0.149158622377
DS.d469.s0.i0 1.0 0.299859811513
DS.d469.s0.i1 1.0 0.245223298305
DS.d469.s0.i2 1.0 -0.465811555668
DS.d469.s0.i3 1.0 0.67814951106
DS.d469.s0.i4 1.0 -0.0478252987676
DS.d469.s0.i5 1.0 0.620261557261
DS.d472.s0.i0 1.0 1.7071970269
DS.d472.s0.i1 1.0 1.76611925814
DS.d481.s0.i0 1.0 -0.455650089746
DS.d481.s0.i1 1.0 -0.238100072244
DS.d491.s0.i0 1.0 0.441753407037
DS.d491.s0.i1 1.0 0.3208478282
DS.d491.s1.i0 -1 -0.544028091271
DS.d494.s0.i0 1.0 1.76079523134
DS.d494.s0.i1 1.0 1.80289083399
DS.d502.s0.i0 1.0 0.207739542272
DS.d502.s0.i1 1.0 -0.163984445956
DS.d502.s0.i2 1.0 -0.285937649799
DS.d502.s1.i0 1.0 1.40317930877
DS.d502.s1.i1 -1 1.44933279923
DS.d502.s1.i2 -1 1.01421754767
DS.d506.s0.i0 1.0 0.878565346505
DS.d506.s0.i1 1.0 1.32636136822
DS.d509.s0.i0 -1 -0.156134803694
DS.d509.s0.i1 -1 -0.25722089582
DS.d509.s0.i2 -1 -0.466271186202
DS.d518.s0.i0 1.0 1.03667650482
DS.d523.s0.i0 -1 0.0773849251221
DS.d523.s1.i0 1.0 -0.598019390191
DS.d523.s1.i1 1.0 -0.31894201165
DS.d527.s0.i0 1.0 0.475110300466
DS.d527.s0.i1 1.0 1.33048932514
DS.d527.s0.i2 1.0 -0.120508553685
DS.d527.s0.i3 1.0 0.000499251958325
DS.d527.s1.i0 1.0 0.561857316736
DS.d527.s1.i1 1.0 -0.126929932367
DS.d534.s0.i0 1.0 -0.42105390058
DS.d534.s0.i1 1.0 0.074206515744
DS.d534.s0.i2 1.0 0.667869395018
DS.d534.s0.i3 1.0 -0.572614630119
DS.d534.s0.i4 1.0 -0.412429029377
DS.d534.s0.i5 1.0 -0.572614630119
DS.d534.s1.i0 1.0 0.902484959032
DS.d534.s2.i0 1.0 1.46862475057
DS.d545.s0.i0 1.0 0.363182410463
DS.d545.s1.i0 1.0 0.832186764499
DS.d563.s0.i0 1.0 0.969920659439
DS.d563.s0.i1 1.0 0.603497194329
DS.d563.s0.i2 1.0 1.54255354294
DS.d563.s0.i3 1.0 0.59778714422
DS.d563.s0.i4 1.0 0.686906147529
DS.d563.s0.i5 1.0 1.26936148656
DS.d563.s0.i6 1.0 1.17042002772
DS.d563.s0.i7 1.0 0.231363679115
DS.d569.s0.i0 1.0 1.930199462
DS.d569.s0.i1 -1 1.01608923186
DS.d573.s0.i0 1.0 1.02472633788
DS.d573.s0.i1 1.0 1.20992493794
DS.d573.s0.i2 1.0 1.13026576852
DS.d573.s0.i3 1.0 0.922056356031
DS.d577.s0.i0 -1 -1.25438057964
DS.d577.s0.i1 -1 0.667787104728
DS.d577.s0.i2 -1 0.667787104728
DS.d578.s0.i0 1.0 0.78374253079
DS.d578.s0.i1 1.0 0.993602137617
DS.d578.s0.i2 1.0 0.636297283536
DS.d583.s0.i0 1.0 2.52340256366
DS.d598.s0.i0 1.0 1.30958898757
DS.d598.s0.i1 1.0 1.30958898757
DS.d611.s0.i0 1.0 0.86314153709
DS.d614.s0.i0 1.0 0.268290814277
DS.d614.s0.i1 1.0 0.777760794543
DS.d614.s0.i2 1.0 0.885867811539
DS.d614.s0.i3 1.0 0.116364923639
DS.d614.s0.i4 -1 0.252666331626
DS.d614.s0.i5 1.0 -0.181752203177
DS.d618.s0.i0 1.0 0.561208450838
DS.d618.s0.i1 1.0 0.746147912268
DS.d618.s1.i0 1.0 0.932123324188
DS.d620.s0.i0 -1 -0.869962817366
DS.d620.s0.i1 -1 -0.902901700409
DS.d620.s0.i2 -1 -1.17174615094
DS.d620.s0.i3 -1 -0.769385098981
DS.d620.s0.i4 -1 -1.29758123827
DS.d620.s0.i5 -1 -0.504757912006
DS.d620.s0.i6 -1 -1.55360081579
DS.d620.s0.i7 -1 -1.47335913857
DS.d620.s0.i8 -1 -0.7289028852
DS.d620.s0.i9 -1 -0.703614042301
DS.d620.s0.i10 -1 -0.905721039066
DS.d620.s0.i11 -1 -1.0254046765
DS.d620.s0.i12 -1 -1.40644637033
DS.d620.s0.i13 -1 -0.739576839086
DS.d620.s0.i14 -1 -1.66246594785
DS.d620.s0.i15 -1 -0.915726573416
DS.d620.s0.i16 -1 -0.891305641701
DS.d620.s0.i17 -1 -0.869962817366
DS.d620.s0.i18 -1 -0.859288863479
DS.d620.s0.i19 -1 -1.08155416254
DS.d620.s0.i20 -1 -0.95963361982
DS.d620.s1.i0 -1 0.78991768065
DS.d630.s0.i0 -1 -0.00542913586039
DS.d630.s0.i1 -1 -0.609658201105
DS.d636.s0.i0 -1 -0.557169194065
DS.d636.s0.i1 1.0 -0.759523738715
DS.d646.s0.i0 1.0 -0.374815848633
DS.d646.s0.i1 1.0 -0.374815848633
DS.d646.s0.i2 1.0 -0.349591193142
DS.d646.s0.i3 1.0 -0.207674609964
DS.d646.s0.i4 1.0 -0.815906018215
DS.d646.s0.i5 1.0 -0.374815848633
DS.d649.s0.i0 -1 0.123701293146
DS.d649.s0.i1 1.0 -0.0624652636583
DS.d649.s0.i2 -1 -1.00554693299
DS.d649.s0.i3 1.0 -0.0912180893122
DS.d649.s0.i4 -1 -1.10848062337
DS.d649.s0.i5 -1 -1.09568415271
DS.d649.s0.i6 1.0 -0.337926685033
DS.d649.s0.i7 1.0 0.401166325768
DS.d650.s0.i0 1.0 2.08051228603
DS.d650.s1.i0 1.0 0.86356076792
DS.d650.s1.i1 1.0 1.08396538901
DS.d650.s2.i0 1.0 2.24375837249
DS.d650.s2.i1 1.0 2.61533177499
DS.d650.s3.i0 1.0 1.06633058965
DS.d650.s3.i1 1.0 1.02145305218
DS.d667.s0.i0 1.0 1.13405999886
DS.d681.s0.i0 1.0 0.69884860503
DS.d681.s0.i1 1.0 0.335463587525
DS.d681.s1.i0 -1 -0.848719724341
DS.d681.s1.i1 -1 -0.471445612362
DS.d681.s1.i2 -1 -0.3411135465
DS.d681.s1.i3 -1 0.392965485313
DS.d681.s1.i4 1.0 0.579003162995
DS.d681.s1.i5 -1 0.317567359269
DS.d681.s1.i6 1.0 1.42603363114
DS.d681.s1.i7 -1 -0.703818474915
DS.d681.s1.i8 1.0 0.695967683662
DS.d718.s0.i0 -1 -0.945326545234
DS.d718.s0.i1 -1 -1.50898435248
DS.d718.s1.i0 -1 -2.44518821525
DS.d718.s1.i1 -1 -1.47982086284
DS.d718.s1.i2 -1 -1.66473002852
DS.d718.s1.i3 -1 -1.9443888449
DS.d718.s1.i4 -1 -1.86302926092
DS.d718.s1.i5 -1 -1.96296350651
DS.d718.s1.i6 -1 -2.70967956425
DS.d718.s1.i7 -1 -1.96069193908
DS.d718.s1.i8 -1 -1.08478564265
DS.d718.s1.i9 -1 -2.27327187794
DS.d718.s1.i10 -1 -2.50581161923
DS.d718.s1.i11 -1 -2.43175688188
DS.d718.s1.i12 -1 -1.67227456381
DS.d718.s1.i13 -1 -2.48728422825
DS.d718.s1.i14 -1 -2.69251577232
DS.d718.s1.i15 -1 -1.44341105264
DS.d718.s1.i16 -1 -1.98677298411
DS.d718.s1.i17 -1 -2.09301006012
DS.d718.s1.i18 -1 -1.75165656478
DS.d718.s1.i19 -1 -1.88342335431
DS.d718.s2.i0 1.0 -2.07318016933
DS.d718.s2.i1 1.0 -2.06269121959
DS.d718.s2.i2 1.0 -2.19927859254
DS.d718.s2.i3 1.0 -2.65616287916
DS.d720.s0.i0 1.0 1.04548989282
DS.d720.s0.i1 -1 -1.26971831798
DS.d720.s1.i0 -1 -0.857074210162
DS.d720.s1.i1 -1 -0.857074210162
DS.d720.s1.i2 1.0 0.683814263151
DS.d720.s1.i3 1.0 0.0540690730399
DS.d720.s2.i0 1.0 1.97317924637
DS.d720.s3.i0 1.0 0.650563429521
DS.d720.s3.i1 1.0 1.11590636606
DS.d731.s0.i0 -1 -0.114445310844
DS.d731.s1.i0 -1 0.243669571396
DS.d731.s1.i1 -1 0.243669571396
DS.d731.s1.i2 1.0 2.2059020411
DS.d731.s2.i0 1.0 0.794626774509
DS.d733.s0.i0 1.0 -0.102490111201
DS.d733.s0.i1 1.0 0.421744145029
DS.d733.s0.i2 1.0 0.239591274388
DS.d733.s0.i3 1.0 0.183908182648
DS.d736.s0.i0 1.0 1.15820328328
DS.d740.s0.i0 1.0 0.343069469089
DS.d740.s0.i1 1.0 0.474551038933
DS.d742.s0.i0 1.0 1.73033742895
DS.d742.s0.i1 1.0 1.49606556202
DS.d745.s0.i0 -1 0.21928412164
DS.d745.s0.i1 -1 -1.66891851432
DS.d748.s0.i0 -1 0.366113810293
DS.d750.s0.i0 1.0 2.28405852568
DS.d754.s0.i0 1.0 0.572116777717
DS.d754.s0.i1 1.0 0.471341498807
DS.d754.s0.i2 1.0 0.484279689186
DS.d756.s0.i0 1.0 1.12271288457
DS.d756.s0.i1 1.0 1.07133615343
DS.d762.s0.i0 1.0 0.890100986986
DS.d762.s0.i1 1.0 0.679933237314
DS.d762.s1.i0 1.0 -1.0411666717
DS.d762.s2.i0 1.0 0.674119315234
DS.d762.s2.i1 1.0 0.37215290103
DS.d762.s3.i0 1.0 0.516645350807
DS.d762.s3.i1 1.0 0.726515802777
DS.d762.s3.i2 1.0 0.431880309218
DS.d762.s3.i3 -1 -1.70165875026
DS.d762.s3.i4 1.0 0.714102794845
DS.d762.s3.i5 -1 -0.789325286586
DS.d762.s3.i6 -1 -1.2202533942
DS.d762.s3.i7 -1 -2.0058765225
DS.d762.s4.i0 1.0 -0.350616433739
DS.d762.s4.i1 1.0 0.311104237067
DS.d762.s4.i2 1.0 0.51999134474
DS.d762.s4.i3 1.0 -0.439129364597
DS.d774.s0.i0 -1 -0.0974821294021
DS.d774.s0.i1 1.0 1.23257836739
DS.d774.s1.i0 -1 -0.38091026067
DS.d774.s1.i1 1.0 0.375207062706
DS.d807.s0.i0 1.0 1.47993142487
DS.d807.s0.i1 1.0 1.57571204436
DS.d807.s1.i0 1.0 0.160314746148
DS.d811.s0.i0 1.0 1.04941386759
DS.d811.s1.i0 1.0 2.66096527718
DS.d811.s1.i1 1.0 2.61819753769
DS.d839.s0.i0 1.0 1.57670496813
DS.d839.s0.i1 1.0 1.47160447285
DS.d844.s0.i0 1.0 1.90553812978
DS.d846.s0.i0 -1 1.58753759759
DS.d846.s1.i0 1.0 -0.0933680588635
DS.d846.s1.i1 1.0 0.709739748513
DS.d846.s1.i2 1.0 0.45265919401
DS.d847.s0.i0 -1 -0.774412177536
DS.d847.s0.i1 1.0 0.984631723333
DS.d847.s0.i2 1.0 0.984631723333
DS.d847.s0.i3 -1 -0.774412177536
DS.d866.s0.i0 -1 -0.252639463343
DS.d866.s1.i0 -1 -1.48527996158
DS.d870.s0.i0 -1 -0.252548005624
DS.d891.s0.i0 1.0 0.892409620719
DS.d891.s0.i1 1.0 0.832962549146
DS.d891.s1.i0 -1 -0.522786207059
DS.d891.s2.i0 1.0 -0.321903605273
DS.d891.s2.i1 1.0 2.08746755708
DS.d891.s3.i0 1.0 -0.582520644291
DS.d926.s0.i0 -1 -0.49637792558
DS.d926.s1.i0 -1 1.47799639524
DS.d926.s1.i1 -1 1.79033840673
DS.d935.s0.i0 -1 -0.17630829787
DS.d935.s0.i1 -1 -0.228478162803
DS.d936.s0.i0 1.0 0.274249683061
DS.d961.s0.i0 1.0 2.34535314557
DS.d976.s0.i0 -1 -0.926295122688
DS.d976.s0.i1 -1 -0.848328417236
DS.d986.s0.i0 1.0 -0.985691404297
DS.d988.s0.i0 -1 -0.358928411282
DS.d990.s0.i0 -1 -1.06312266746
DS.d990.s0.i1 -1 -1.04190733139
DS.d990.s0.i2 -1 -0.992565908108
DS.d990.s0.i3 -1 -1.19565563879
DS.d1029.s0.i0 1.0 0.407223818456
DS.d1029.s0.i1 1.0 -0.274111383466
DS.d1029.s0.i2 1.0 0.440679427575
DS.d1041.s0.i0 1.0 1.72161023462
DS.d1050.s0.i0 1.0 -1.48339706523
DS.d1050.s0.i1 1.0 -0.598968064531
DS.d1083.s0.i0 -1 -0.680980900255
DS.d1093.s0.i0 -1 -0.194015199429
DS.d1093.s0.i1 -1 -1.24030398134
DS.d1116.s0.i0 1.0 0.467460204492
DS.d1116.s1.i0 1.0 0.366083231948
DS.d1116.s1.i1 1.0 -0.0986662477516
DS.d1118.s0.i0 1.0 2.08942721686
DS.d1149.s0.i0 1.0 0.992688597663
DS.d1150.s0.i0 1.0 -0.359619328362
DS.d1153.s0.i0 -1 1.37907213305
DS.d1176.s0.i0 1.0 0.755873481943
DS.d1176.s1.i0 -1 -0.542389362973
DS.d1176.s1.i1 -1 -1.39865339408
DS.d1178.s0.i0 1.0 -0.364996300619
DS.d1178.s1.i0 -1 -1.73854841194
DS.d1191.s0.i0 1.0 0.453567303196
DS.d1194.s0.i0 -1 -0.202041413623
DS.d1211.s0.i0 -1 -0.329193916411
DS.d1211.s1.i0 -1 -0.184858634193
DS.d1222.s0.i0 1.0 0.548828265988
DS.d1222.s0.i1 1.0 1.56922275646
DS.d1222.s1.i0 1.0 2.30871859249
DS.d1222.s1.i1 1.0 2.3667173272
DS.d1222.s2.i0 1.0 0.828491701135
DS.d1222.s2.i1 1.0 0.199003403952
DS.d1225.s0.i0 1.0 -0.101039584531
DS.d1225.s0.i1 1.0 -0.346396350358
DS.d1230.s0.i0 -1 -0.994446647424
DS.d1230.s0.i1 -1 -0.192802248599
DS.d1230.s0.i2 -1 -0.742547006782
DS.d1230.s0.i3 -1 -0.319062216841
DS.d1230.s0.i4 -1 -0.728247735505
DS.d1230.s0.i5 -1 -0.565144076703
DS.d1230.s0.i6 -1 -0.642233388467
DS.d1230.s0.i7 -1 -0.616495798365
DS.d1238.s0.i0 -1 -0.0452824272144
DS.d1238.s0.i1 -1 0.073423551772
DS.d1238.s0.i2 -1 0.340300395684
DS.d1238.s0.i3 -1 0.0542561329234
DS.d1243.s0.i0 -1 0.823441950453
DS.d1247.s0.i0 -1 0.146808641223
DS.d1295.s0.i0 1.0 1.97690710388
DS.d1296.s0.i0 -1 -0.6409612169
DS.d1322.s0.i0 -1 -0.632939560428
DS.d1322.s1.i0 1.0 0.524526031202
DS.d1322.s2.i0 1.0 1.2302181812
DS.d1333.s0.i0 1.0 1.92911588425
DS.d1347.s0.i0 1.0 1.76062338332
DS.d1361.s0.i0 1.0 0.939049636897
DS.d1361.s1.i0 1.0 1.04742487134
DS.d1375.s0.i0 -1 0.317429813559
DS.d1375.s0.i1 -1 -0.0136486895496
DS.d1404.s0.i0 1.0 1.11642174946
DS.d1407.s0.i0 1.0 2.23335067329
DS.d1407.s0.i1 1.0 2.65031943072
DS.d1407.s0.i2 1.0 2.64548226757
DS.d1409.s0.i0 -1 1.80761563296
DS.d1409.s0.i1 -1 1.42873826455
DS.d1409.s0.i2 -1 1.38976796099
DS.d1409.s0.i3 -1 0.543354245216
DS.d1431.s0.i0 1.0 0.605094663014
DS.d1431.s0.i1 1.0 0.176086542765
DS.d1431.s0.i2 1.0 0.513511512197
DS.d1442.s0.i0 -1 -0.867312987359
DS.d1442.s0.i1 -1 -0.0512171485183
DS.d1455.s0.i0 1.0 1.28540297599
DS.d1489.s0.i0 -1 -0.305836951746
DS.d1490.s0.i0 -1 -0.598399241607
DS.d1501.s0.i0 1.0 1.15610803637
DS.d1501.s1.i0 -1 -1.79742970522
DS.d1501.s1.i1 -1 -2.14828963565
DS.d1501.s1.i2 -1 -2.73590297833
DS.d1501.s1.i3 1.0 -0.215909138998
DS.d1501.s1.i4 -1 -1.86625717385
DS.d1501.s1.i5 -1 -1.26497948775
DS.d1508.s0.i0 1.0 0.5089950758
DS.d1526.s0.i0 1.0 1.10704600838
DS.d1526.s0.i1 1.0 1.10704600838
DS.d1532.s0.i0 1.0 0.822450754796
DS.d1537.s0.i0 1.0 1.64434698813
DS.d1540.s0.i0 1.0 0.500192235124
DS.d1540.s0.i1 1.0 0.666754133394
DS.d1580.s0.i0 1.0 0.938396276707
DS.d1580.s0.i1 1.0 0.653062890365
DS.d1580.s1.i0 1.0 1.22876693147
DS.d1580.s2.i0 1.0 0.45203545289
DS.d1580.s2.i1 1.0 0.0912725435654
DS.d1588.s0.i0 -1 -1.02690194053
DS.d1598.s0.i0 1.0 0.37049064333
DS.d1598.s1.i0 1.0 0.0976881964774
DS.d1608.s0.i0 1.0 -1.6526170676
DS.d1608.s1.i0 -1 -0.126596109376
DS.d1608.s2.i0 -1 2.30398362734
DS.d1608.s2.i1 -1 2.0639135999
DS.d1608.s3.i0 1.0 -0.889930077972
DS.d1614.s0.i0 1.0 -0.628737229403
DS.d1614.s0.i1 1.0 -0.428666787383
DS.d1614.s0.i2 1.0 0.61101554941
DS.d1623.s0.i0 1.0 0.540251778756
DS.d1628.s0.i0 1.0 0.300638786241
DS.d1649.s0.i0 1.0 1.08028932644
DS.d1649.s0.i1 1.0 0.613929990006
DS.d1650.s0.i0 1.0 -0.782773622642
DS.d1650.s0.i1 1.0 -0.915844764536
DS.d1650.s0.i2 1.0 -0.869682464772
DS.d1668.s0.i0 1.0 2.02524629332
DS.d1684.s0.i0 -1 -0.220204687017
DS.d1698.s0.i0 1.0 -0.131950146159
DS.d1701.s0.i0 -1 0.814480438243
DS.d1701.s0.i1 1.0 0.966826309692
DS.d1701.s1.i0 1.0 0.914030284799
DS.d1701.s1.i1 1.0 0.914030284799
DS.d1726.s0.i0 1.0 0.0513303033831
DS.d1726.s0.i1 1.0 0.27551109152
DS.d1726.s0.i2 1.0 -0.00361686466485
DS.d1726.s0.i3 1.0 0.0203973269728
DS.d1726.s0.i4 1.0 -0.52146290548
DS.d1726.s0.i5 1.0 -0.0953243333801
DS.d1726.s0.i6 1.0 -0.0713101417406
DS.d1726.s0.i7 1.0 -0.210190451138
DS.d1726.s1.i0 1.0 1.12744280495
DS.d1726.s1.i1 1.0 0.438893414865
DS.d1726.s2.i0 1.0 1.78286784522
DS.d1726.s2.i1 1.0 1.78286784522
DS.d1747.s0.i0 1.0 0.296031479303
DS.d1747.s0.i1 1.0 0.258029241188
DS.d1747.s0.i2 1.0 0.52285666415
DS.d1769.s0.i0 1.0 0.20466361282
DS.d1772.s0.i0 1.0 0.37009255358
DS.d1784.s0.i0 1.0 1.14275139676
DS.d1784.s0.i1 1.0 1.09303377888
DS.d1784.s0.i2 1.0 0.224435694811
DS.d1784.s0.i3 1.0 -0.050607744039
DS.d1798.s0.i0 1.0 0.389280794919
DS.d1811.s0.i0 1.0 1.3428343682
DS.d1820.s0.i0 1.0 0.420053134297
DS.d1825.s0.i0 -1 -0.384988525595
DS.d1826.s0.i0 -1 -1.70228929222
DS.d1826.s1.i0 -1 -0.480240119426
DS.d1826.s2.i0 -1 -0.361738466553
DS.d1826.s3.i0 -1 -1.33956537763
DS.d1831.s0.i0 1.0 -1.35410844181
DS.d1831.s0.i1 1.0 -0.788497735303
DS.d1839.s0.i0 1.0 0.508126488035
DS.d1839.s0.i1 1.0 0.827396783098
DS.d1839.s0.i2 1.0 1.00652186258
DS.d1839.s0.i3 1.0 0.71802233941
DS.d1839.s1.i0 1.0 0.527623288243
DS.d1839.s1.i1 1.0 0.144247767545
DS.d1839.s2.i0 1.0 1.48357901199
DS.d1839.s3.i0 1.0 0.873531629346
DS.d1839.s4.i0 -1 0.0386754217867
DS.d1840.s0.i0 -1 -0.329309821075
DS.d1843.s0.i0 1.0 1.16086363553
DS.d1843.s1.i0 1.0 2.00789675703
DS.d1844.s0.i0 -1 0.970356046325
DS.d1844.s1.i0 1.0 1.59510863675
DS.d1844.s2.i0 1.0 1.82086123461
DS.d1847.s0.i0 1.0 1.20607163735
DS.d1864.s0.i0 1.0 0.449936006898
DS.d1864.s0.i1 1.0 0.356932051283
DS.d1864.s1.i0 -1 -0.406052659092
DS.d1882.s0.i0 1.0 1.81591199808
DS.d1886.s0.i0 1.0 1.64001412453
