DS1.d32.s0.i0 1.000000 0.739145
DS1.d698.s1.i0 1.000000 0.312277
DS1.d698.s0.i0 1.000000 0.602961
DS1.d53.s0.i0 1.000000 -0.059796
DS1.d184.s1.i0 1.000000 0.182100
DS1.d184.s0.i5 1.000000 0.334193
DS1.d184.s0.i4 1.000000 0.453690
DS1.d184.s0.i1 1.000000 0.422745
DS1.d184.s0.i0 1.000000 0.490196
DS1.d184.s0.i3 1.000000 0.499987
DS1.d184.s0.i2 1.000000 0.386098
DS1.d184.s2.i1 1.000000 0.528201
DS1.d184.s2.i0 1.000000 0.426765
DS1.d51.s0.i1 -1.000000 0.829650
DS1.d51.s0.i0 -1.000000 0.584220
DS1.d51.s0.i2 -1.000000 0.705714
DS1.d796.s0.i2 -1.000000 -0.415002
DS1.d796.s0.i3 -1.000000 -0.415002
DS1.d796.s0.i0 -1.000000 -0.415002
DS1.d796.s0.i1 -1.000000 -0.375039
DS1.d796.s0.i4 -1.000000 -0.375039
DS1.d796.s0.i5 -1.000000 -0.415002
DS1.d796.s1.i1 1.000000 -0.016332
DS1.d796.s1.i0 1.000000 0.392659
DS1.d796.s1.i2 1.000000 0.153846
DS1.d749.s0.i0 1.000000 0.883548
DS1.d749.s0.i1 1.000000 0.877256
DS1.d749.s1.i1 1.000000 0.529368
DS1.d749.s1.i0 1.000000 0.890798
DS1.d749.s2.i0 1.000000 0.195634
DS1.d749.s2.i1 1.000000 0.575785
DS1.d749.s2.i2 1.000000 0.930556
DS1.d749.s3.i0 -1.000000 -0.193505
DS1.d10.s0.i0 -1.000000 -0.388317
DS1.d323.s0.i0 1.000000 0.433321
DS1.d133.s3.i0 1.000000 0.558859
DS1.d133.s2.i0 1.000000 0.420515
DS1.d133.s1.i0 1.000000 0.697087
DS1.d133.s0.i0 1.000000 0.413118
DS1.d130.s0.i8 1.000000 1.023404
DS1.d130.s0.i9 1.000000 0.997613
DS1.d130.s0.i4 1.000000 0.786236
DS1.d130.s0.i5 1.000000 0.851152
DS1.d130.s0.i6 1.000000 0.875339
DS1.d130.s0.i7 1.000000 1.009648
DS1.d130.s0.i0 1.000000 0.718936
DS1.d130.s0.i1 1.000000 1.054457
DS1.d130.s0.i2 1.000000 0.813024
DS1.d130.s0.i3 1.000000 0.842548
DS1.d395.s1.i0 1.000000 0.282474
DS1.d395.s0.i1 1.000000 0.680309
DS1.d395.s0.i0 1.000000 0.937847
DS1.d114.s0.i0 1.000000 0.558737
DS1.d718.s2.i2 1.000000 -0.516201
DS1.d718.s2.i3 1.000000 -0.440156
DS1.d718.s2.i0 1.000000 -0.473476
DS1.d718.s2.i1 1.000000 -0.239833
DS1.d718.s0.i0 -1.000000 -0.206289
DS1.d718.s0.i1 -1.000000 0.063949
DS1.d718.s1.i3 -1.000000 -1.165742
DS1.d718.s1.i2 -1.000000 -1.042851
DS1.d718.s1.i1 -1.000000 -1.065731
DS1.d718.s1.i0 -1.000000 -1.155563
DS1.d718.s1.i7 -1.000000 -1.056786
DS1.d718.s1.i6 -1.000000 -1.072850
DS1.d718.s1.i5 -1.000000 -1.101359
DS1.d718.s1.i4 -1.000000 -1.150442
DS1.d718.s1.i9 -1.000000 -1.181065
DS1.d718.s1.i8 -1.000000 -1.092870
DS1.d718.s1.i19 -1.000000 -1.106810
DS1.d718.s1.i18 -1.000000 -1.007123
DS1.d718.s1.i13 -1.000000 -1.044110
DS1.d718.s1.i12 -1.000000 -1.141887
DS1.d718.s1.i11 -1.000000 -1.055093
DS1.d718.s1.i10 -1.000000 -0.960873
DS1.d718.s1.i17 -1.000000 -1.053780
DS1.d718.s1.i16 -1.000000 -1.018952
DS1.d718.s1.i15 -1.000000 -1.121733
DS1.d718.s1.i14 -1.000000 -1.107935
DS1.d399.s0.i0 1.000000 0.813243
DS1.d110.s0.i0 1.000000 0.916765
DS1.d297.s0.i0 1.000000 0.883927
DS1.d709.s0.i0 1.000000 1.050092
DS1.d663.s0.i1 -1.000000 -0.130471
DS1.d663.s0.i0 -1.000000 -0.264393
DS1.d746.s0.i0 1.000000 1.186898
DS1.d406.s0.i0 -1.000000 -0.312122
DS1.d665.s0.i0 1.000000 1.399159
DS1.d312.s0.i2 1.000000 0.086049
DS1.d312.s0.i3 1.000000 -0.054048
DS1.d312.s0.i0 1.000000 0.059085
DS1.d312.s0.i1 1.000000 -0.069556
DS1.d312.s0.i6 1.000000 -0.019756
DS1.d312.s0.i7 1.000000 -0.107969
DS1.d312.s0.i4 1.000000 -0.165691
DS1.d312.s0.i5 1.000000 -0.051954
DS1.d312.s0.i8 1.000000 0.140757
DS1.d312.s0.i9 1.000000 -0.109779
DS1.d312.s0.i10 1.000000 0.133810
DS1.d159.s0.i3 -1.000000 -0.501334
DS1.d159.s0.i2 -1.000000 -0.256202
DS1.d159.s0.i1 -1.000000 -0.244621
DS1.d159.s0.i0 -1.000000 -0.314169
DS1.d159.s0.i5 -1.000000 -0.507628
DS1.d159.s0.i4 -1.000000 -0.242909
DS1.d571.s0.i0 -1.000000 -0.508314
DS1.d763.s0.i0 -1.000000 0.987310
DS1.d763.s0.i1 1.000000 1.066039
DS1.d763.s1.i1 1.000000 0.013964
DS1.d763.s1.i0 1.000000 0.238875
DS1.d763.s2.i0 1.000000 0.687877
DS1.d215.s0.i0 -1.000000 -0.312015
DS1.d215.s0.i1 -1.000000 -0.274449
DS1.d215.s0.i2 -1.000000 -0.107728
DS1.d215.s0.i3 -1.000000 -0.074729
DS1.d215.s1.i0 -1.000000 -0.534421
DS1.d335.s0.i0 1.000000 0.815512
DS1.d556.s0.i0 -1.000000 0.339657
DS1.d368.s0.i0 -1.000000 -0.011799
DS1.d623.s3.i0 1.000000 0.076152
DS1.d623.s3.i1 1.000000 1.025502
DS1.d623.s2.i1 1.000000 1.005383
DS1.d623.s2.i0 1.000000 1.077497
DS1.d623.s2.i3 1.000000 0.999987
DS1.d623.s2.i2 1.000000 0.986162
DS1.d623.s1.i0 1.000000 1.137854
DS1.d623.s1.i1 1.000000 0.875300
DS1.d623.s0.i1 1.000000 0.840787
DS1.d623.s0.i0 1.000000 0.747068
DS1.d623.s4.i3 -1.000000 0.080295
DS1.d623.s4.i2 -1.000000 0.114748
DS1.d623.s4.i1 1.000000 0.729035
DS1.d623.s4.i0 1.000000 0.309028
DS1.d211.s0.i0 1.000000 1.353798
DS1.d371.s0.i3 1.000000 0.462007
DS1.d371.s0.i2 1.000000 0.573394
DS1.d371.s0.i1 1.000000 0.481433
DS1.d371.s0.i0 1.000000 0.584566
DS1.d480.s0.i0 -1.000000 0.862455
DS1.d373.s0.i0 -1.000000 0.689407
DS1.d682.s0.i0 1.000000 0.075100
DS1.d682.s0.i1 1.000000 -0.139506
DS1.d682.s0.i2 1.000000 0.027848
DS1.d376.s0.i0 -1.000000 0.801078
DS1.d376.s0.i1 1.000000 1.233733
DS1.d376.s1.i2 -1.000000 -0.204933
DS1.d376.s1.i1 -1.000000 0.184383
DS1.d376.s1.i0 -1.000000 -0.164685
DS1.d605.s1.i0 -1.000000 -0.195253
DS1.d605.s1.i1 1.000000 -0.199633
DS1.d605.s1.i2 1.000000 0.466230
DS1.d605.s0.i4 -1.000000 0.979781
DS1.d605.s0.i3 -1.000000 0.965831
DS1.d605.s0.i2 1.000000 0.983622
DS1.d605.s0.i1 -1.000000 0.973619
DS1.d605.s0.i0 1.000000 0.945973
DS1.d781.s0.i0 1.000000 0.914638
DS1.d781.s1.i1 1.000000 0.756259
DS1.d781.s1.i0 1.000000 0.631924
DS1.d606.s0.i0 -1.000000 0.012945
DS1.d708.s0.i0 -1.000000 -0.365837
DS1.d445.s0.i0 1.000000 0.455691
DS1.d29.s0.i10 -1.000000 -0.655996
DS1.d29.s0.i11 -1.000000 -0.658318
DS1.d29.s0.i8 -1.000000 -0.760289
DS1.d29.s0.i9 -1.000000 -0.775798
DS1.d29.s0.i4 -1.000000 -0.567964
DS1.d29.s0.i5 -1.000000 -0.516243
DS1.d29.s0.i6 -1.000000 -0.635202
DS1.d29.s0.i7 -1.000000 -0.815559
DS1.d29.s0.i0 -1.000000 -0.789166
DS1.d29.s0.i1 -1.000000 -0.604213
DS1.d29.s0.i2 -1.000000 -0.863507
DS1.d29.s0.i3 -1.000000 -0.753154
DS1.d320.s0.i1 1.000000 1.347841
DS1.d320.s0.i0 -1.000000 0.925216
DS1.d684.s0.i2 -1.000000 0.023447
DS1.d684.s0.i3 1.000000 0.316647
DS1.d684.s0.i0 -1.000000 -0.282943
DS1.d684.s0.i1 1.000000 -0.004485
DS1.d777.s0.i0 -1.000000 0.328864
DS1.d800.s0.i0 1.000000 0.323834
DS1.d827.s0.i1 -1.000000 -0.067598
DS1.d827.s0.i0 -1.000000 -0.064455
DS1.d827.s0.i2 -1.000000 -0.158529
DS1.d266.s0.i0 1.000000 0.289644
DS1.d127.s0.i0 -1.000000 0.626687
DS1.d81.s0.i0 1.000000 0.235054
DS1.d81.s0.i1 1.000000 0.379757
DS1.d380.s2.i5 1.000000 0.977971
DS1.d380.s2.i4 1.000000 0.936377
DS1.d380.s2.i1 1.000000 0.979210
DS1.d380.s2.i0 1.000000 0.936377
DS1.d380.s2.i3 1.000000 0.977971
DS1.d380.s2.i2 1.000000 0.979210
DS1.d380.s1.i8 -1.000000 0.235485
DS1.d380.s1.i4 -1.000000 0.169702
DS1.d380.s1.i5 -1.000000 0.202229
DS1.d380.s1.i6 -1.000000 0.138515
DS1.d380.s1.i7 -1.000000 0.235485
DS1.d380.s1.i0 -1.000000 0.205266
DS1.d380.s1.i1 -1.000000 0.205266
DS1.d380.s1.i2 -1.000000 0.201824
DS1.d380.s1.i3 -1.000000 0.201824
DS1.d380.s0.i9 1.000000 0.651246
DS1.d380.s0.i8 1.000000 0.602731
DS1.d380.s0.i7 1.000000 0.634760
DS1.d380.s0.i6 1.000000 0.634760
DS1.d380.s0.i5 1.000000 0.651246
DS1.d380.s0.i4 1.000000 0.644429
DS1.d380.s0.i3 1.000000 0.670123
DS1.d380.s0.i2 1.000000 0.644429
DS1.d380.s0.i1 1.000000 0.670123
DS1.d380.s0.i0 1.000000 0.602731
DS1.d717.s0.i0 1.000000 1.043198
DS1.d105.s0.i0 -1.000000 0.105977
DS1.d105.s0.i1 -1.000000 0.105977
DS1.d588.s0.i0 1.000000 1.209578
DS1.d164.s0.i2 -1.000000 -0.008895
DS1.d164.s0.i1 -1.000000 0.065822
DS1.d164.s0.i0 -1.000000 0.363912
DS1.d415.s0.i2 -1.000000 0.153679
DS1.d415.s0.i3 -1.000000 0.426991
DS1.d415.s0.i0 -1.000000 0.049459
DS1.d415.s0.i1 -1.000000 -0.064834
DS1.d581.s2.i0 1.000000 0.538306
DS1.d581.s2.i1 1.000000 0.731942
DS1.d581.s0.i0 -1.000000 0.612087
DS1.d581.s0.i1 -1.000000 0.523618
DS1.d581.s0.i2 1.000000 0.298821
DS1.d581.s1.i2 -1.000000 0.151322
DS1.d581.s1.i1 -1.000000 0.670610
DS1.d581.s1.i0 -1.000000 0.036141
DS1.d618.s1.i0 1.000000 0.752711
DS1.d618.s0.i1 1.000000 0.766943
DS1.d618.s0.i0 1.000000 0.592561
DS1.d585.s0.i0 -1.000000 0.556134
DS1.d585.s0.i1 -1.000000 0.561836
DS1.d585.s0.i2 -1.000000 0.449965
DS1.d754.s0.i0 1.000000 0.687750
DS1.d754.s0.i1 1.000000 0.625969
DS1.d754.s0.i2 1.000000 0.789391
DS1.d208.s0.i0 1.000000 0.383866
DS1.d208.s0.i1 1.000000 0.415427
DS1.d307.s0.i0 1.000000 0.578238
DS1.d307.s1.i0 1.000000 0.663715
DS1.d654.s1.i0 1.000000 0.572072
DS1.d654.s0.i0 1.000000 1.046599
DS1.d301.s0.i0 1.000000 0.406429
DS1.d301.s0.i1 1.000000 0.397841
DS1.d652.s2.i1 -1.000000 -0.025268
DS1.d652.s2.i0 -1.000000 0.270231
DS1.d652.s1.i4 -1.000000 0.679457
DS1.d652.s1.i5 -1.000000 0.661008
DS1.d652.s1.i6 1.000000 0.717253
DS1.d652.s1.i7 1.000000 0.859487
DS1.d652.s1.i0 1.000000 0.625192
DS1.d652.s1.i1 -1.000000 0.677163
DS1.d652.s1.i2 -1.000000 0.665611
DS1.d652.s1.i3 1.000000 0.834171
DS1.d652.s0.i1 -1.000000 0.233580
DS1.d652.s0.i0 1.000000 0.591040
DS1.d772.s0.i0 -1.000000 0.613896
DS1.d772.s0.i1 -1.000000 0.652052
DS1.d733.s0.i1 1.000000 0.437514
DS1.d733.s0.i0 1.000000 0.565221
DS1.d733.s0.i3 1.000000 0.534275
DS1.d733.s0.i2 1.000000 0.473753
DS1.d8.s0.i0 1.000000 0.701555
DS1.d612.s0.i1 -1.000000 0.058807
DS1.d612.s0.i0 1.000000 0.050339
DS1.d732.s0.i0 -1.000000 0.492712
DS1.d732.s0.i1 1.000000 0.030979
DS1.d732.s0.i2 1.000000 0.138779
DS1.d544.s0.i1 -1.000000 -0.043917
DS1.d544.s0.i0 -1.000000 -0.002673
DS1.d544.s0.i3 -1.000000 0.017910
DS1.d544.s0.i2 -1.000000 0.098747
DS1.d617.s0.i0 1.000000 0.804443
DS1.d617.s1.i9 -1.000000 -0.373055
DS1.d617.s1.i8 -1.000000 -0.364139
DS1.d617.s1.i1 -1.000000 -0.075791
DS1.d617.s1.i0 -1.000000 -0.172081
DS1.d617.s1.i3 -1.000000 -0.302162
DS1.d617.s1.i2 -1.000000 -0.174598
DS1.d617.s1.i5 -1.000000 -0.197651
DS1.d617.s1.i4 -1.000000 -0.294110
DS1.d617.s1.i7 -1.000000 -0.241845
DS1.d617.s1.i6 -1.000000 -0.341517
DS1.d182.s1.i0 -1.000000 0.233932
DS1.d182.s0.i0 -1.000000 -0.119376
DS1.d736.s0.i0 1.000000 0.458369
DS1.d636.s0.i1 1.000000 0.135347
DS1.d636.s0.i0 -1.000000 0.098244
DS1.d294.s0.i1 1.000000 0.984754
DS1.d294.s0.i0 1.000000 0.947896
DS1.d294.s0.i2 1.000000 1.106340
DS1.d497.s0.i0 1.000000 0.782433
DS1.d497.s1.i1 1.000000 0.098179
DS1.d497.s1.i0 1.000000 0.015416
DS1.d485.s0.i1 1.000000 0.024930
DS1.d485.s0.i0 1.000000 0.056333
DS1.d546.s0.i1 1.000000 0.360255
DS1.d546.s0.i0 1.000000 0.296114
DS1.d776.s0.i0 1.000000 0.121500
DS1.d776.s0.i1 1.000000 0.121500
DS1.d475.s2.i0 1.000000 1.037736
DS1.d475.s0.i0 -1.000000 -0.707275
DS1.d475.s0.i1 1.000000 0.004115
DS1.d475.s1.i0 1.000000 0.085397
DS1.d632.s1.i0 1.000000 1.193506
DS1.d632.s1.i1 1.000000 1.142849
DS1.d632.s0.i1 -1.000000 0.433212
DS1.d632.s0.i0 -1.000000 0.489822
