DS.d0.s0.i0 1.0 1.30961295523
DS.d0.s1.i0 1.0 1.0771379121
DS.d7.s0.i0 -1 -0.842218457227
DS.d16.s0.i0 -1 0.579709010195
DS.d16.s1.i0 1.0 0.208896902342
DS.d16.s1.i1 1.0 0.342923129779
DS.d16.s1.i2 1.0 0.388683261786
DS.d18.s0.i0 1.0 0.565318016012
DS.d18.s0.i1 1.0 0.775324860368
DS.d18.s0.i2 1.0 0.854205751422
DS.d26.s0.i0 -1 0.486714116252
DS.d26.s0.i1 -1 -0.196514995408
DS.d26.s0.i2 -1 0.455772915296
DS.d26.s0.i3 -1 -0.383261570291
DS.d26.s0.i4 -1 0.49527049911
DS.d26.s0.i5 -1 0.196362715315
DS.d26.s0.i6 -1 -0.370570547398
DS.d26.s0.i7 -1 -0.18467039941
DS.d32.s0.i0 1.0 1.45624633786
DS.d43.s0.i0 1.0 1.71778509056
DS.d43.s0.i1 1.0 1.46688848116
DS.d43.s1.i0 1.0 1.70045783398
DS.d43.s2.i0 1.0 1.49816493491
DS.d80.s0.i0 1.0 0.805573233541
DS.d80.s1.i0 -1 1.53212732638
DS.d84.s0.i0 -1 0.445187382857
DS.d96.s0.i0 -1 0.553970214082
DS.d96.s1.i0 -1 1.65910106595
DS.d96.s1.i1 -1 1.72015706371
DS.d110.s0.i0 1.0 1.29901777861
DS.d110.s0.i1 1.0 1.29901777861
DS.d112.s0.i0 -1 -0.844415988025
DS.d112.s0.i1 -1 -1.61791305436
DS.d135.s0.i0 1.0 0.14375928326
DS.d154.s0.i0 1.0 0.9204903434
DS.d154.s0.i1 1.0 1.29927583776
DS.d158.s0.i0 -1 0.142124123255
DS.d162.s0.i0 -1 1.20515261568
DS.d167.s0.i0 1.0 1.66147959431
DS.d167.s0.i1 1.0 1.29447784344
DS.d167.s0.i2 1.0 1.4101058618
DS.d169.s0.i0 -1 0.440394631024
DS.d169.s0.i1 -1 -0.556869147015
DS.d174.s0.i0 1.0 0.826707998939
DS.d174.s0.i1 1.0 1.13628132955
DS.d174.s1.i0 1.0 0.602436496828
DS.d174.s1.i1 1.0 0.825417585447
DS.d174.s1.i2 1.0 0.922114172408
DS.d174.s1.i3 1.0 0.758990226837
DS.d181.s0.i0 -1 0.400409739625
DS.d181.s0.i1 -1 0.311870395973
DS.d181.s0.i2 1.0 0.527127182094
DS.d181.s0.i3 -1 0.315795728779
DS.d181.s0.i4 -1 0.506547060693
DS.d186.s0.i0 1.0 0.845765481057
DS.d186.s0.i1 1.0 0.135425919381
DS.d187.s0.i0 -1 -1.33564979689
DS.d187.s0.i1 -1 -0.69164452171
DS.d187.s0.i2 -1 -0.196050572936
DS.d187.s0.i3 -1 -0.861058180336
DS.d209.s0.i0 -1 0.792541408933
DS.d237.s0.i0 1.0 0.1610916501
DS.d245.s0.i0 -1 0.897393470171
DS.d245.s0.i1 -1 0.750803747668
DS.d247.s0.i0 -1 0.452549054579
DS.d262.s0.i0 1.0 1.03056084334
DS.d262.s0.i1 1.0 0.870312362656
DS.d263.s0.i0 -1 0.0115517607559
DS.d263.s0.i1 -1 -0.850407455854
DS.d264.s0.i0 -1 0.724020280692
DS.d284.s0.i0 1.0 1.21814577022
DS.d287.s0.i0 1.0 0.840506420214
DS.d307.s0.i0 -1 0.376027292887
DS.d321.s0.i0 1.0 -0.345095489719
DS.d324.s0.i0 1.0 0.905620993023
DS.d324.s0.i1 1.0 0.346773078354
DS.d324.s0.i2 1.0 0.661636735374
DS.d335.s0.i0 1.0 0.454489381799
DS.d342.s0.i0 -1 -0.479744873313
DS.d342.s0.i1 -1 -0.284414009205
DS.d344.s0.i0 -1 0.693318115004
DS.d384.s0.i0 -1 0.0908014645532
DS.d384.s1.i0 1.0 1.67291888735
DS.d389.s0.i0 1.0 1.68856095451
DS.d389.s0.i1 1.0 1.33776190105
DS.d396.s0.i0 -1 0.738238367515
DS.d396.s0.i1 1.0 1.69091066605
DS.d396.s0.i2 1.0 1.63407871593
DS.d396.s0.i3 -1 0.522906345953
DS.d407.s0.i0 1.0 0.654772371611
DS.d418.s0.i0 -1 -2.26042155018
DS.d418.s0.i1 -1 -1.30230620314
DS.d421.s0.i0 1.0 1.94893540034
DS.d426.s0.i0 1.0 0.685536176604
DS.d426.s0.i1 1.0 0.389038108888
DS.d436.s0.i0 -1 -0.747951462475
DS.d436.s0.i1 -1 -0.86177851789
DS.d436.s1.i0 -1 -0.779120543416
DS.d437.s0.i0 1.0 0.676757939026
DS.d437.s1.i0 1.0 1.21974713708
DS.d447.s0.i0 1.0 0.801996214169
DS.d447.s1.i0 1.0 1.34549077733
DS.d505.s0.i0 1.0 -0.539340029034
DS.d505.s1.i0 1.0 1.10190631177
DS.d505.s2.i0 1.0 0.817364607841
DS.d505.s3.i0 1.0 1.13951318134
DS.d505.s4.i0 1.0 0.625265129707
DS.d506.s0.i0 -1 -1.01811610843
DS.d513.s0.i0 1.0 0.555551535081
DS.d524.s0.i0 -1 0.839426086295
DS.d524.s0.i1 -1 1.10261237691
DS.d528.s0.i0 1.0 0.985200666937
DS.d538.s0.i0 -1 -0.396991570217
DS.d551.s0.i0 1.0 -0.141829236613
DS.d551.s0.i1 1.0 0.314870331533
DS.d551.s0.i2 1.0 -0.0427774127423
DS.d551.s0.i3 1.0 0.373685943391
DS.d560.s0.i0 -1 0.0511762502489
DS.d563.s0.i0 -1 0.771986272907
DS.d572.s0.i0 1.0 1.54944958195
DS.d618.s0.i0 1.0 1.35141237478
DS.d625.s0.i0 1.0 1.2640270769
DS.d633.s0.i0 1.0 1.10663328815
DS.d633.s1.i0 1.0 0.38538980278
DS.d633.s1.i1 1.0 0.475141560424
DS.d636.s0.i0 1.0 1.01374174533
DS.d649.s0.i0 1.0 0.913556173031
DS.d673.s0.i0 1.0 1.70022553558
DS.d673.s1.i0 1.0 0.0238316735648
DS.d687.s0.i0 1.0 0.576812708063
DS.d699.s0.i0 1.0 1.11629222309
DS.d700.s0.i0 1.0 -0.203899414537
DS.d703.s0.i0 -1 0.692996700592
DS.d732.s0.i0 1.0 0.604961642518
DS.d748.s0.i0 1.0 1.47275185371
DS.d765.s0.i0 -1 0.0373655601346
DS.d771.s0.i0 -1 0.695216129665
DS.d771.s0.i1 -1 -0.0626488195824
DS.d771.s0.i2 -1 0.872918365483
DS.d771.s0.i3 -1 0.0311556846267
DS.d772.s0.i0 1.0 0.760446325116
DS.d772.s1.i0 -1 -0.150184543163
DS.d772.s1.i1 -1 -0.345752676088
DS.d779.s0.i0 1.0 -0.342323381961
DS.d786.s0.i0 1.0 0.223671749542
DS.d786.s1.i0 1.0 0.776877268628
DS.d792.s0.i0 1.0 -0.0198812509573
DS.d792.s0.i1 1.0 0.212262344164
DS.d805.s0.i0 -1 -0.300895462246
DS.d805.s0.i1 -1 0.177222015846
DS.d812.s0.i0 -1 0.337104276554
DS.d812.s0.i1 -1 0.172265835339
DS.d812.s1.i0 1.0 0.087064123053
DS.d812.s1.i1 1.0 -0.265753485881
DS.d812.s1.i2 1.0 -0.238546183939
DS.d812.s1.i3 1.0 0.201318814909
DS.d833.s0.i0 1.0 0.730751670272
DS.d833.s0.i1 1.0 -0.0193195928165
DS.d833.s1.i0 1.0 0.529332138145
DS.d842.s0.i0 -1 -0.575756733881
DS.d842.s0.i1 -1 -0.733975134478
DS.d847.s0.i0 1.0 0.328188341974
DS.d847.s0.i1 -1 -1.02869082377
DS.d856.s0.i0 1.0 0.503566580404
DS.d862.s0.i0 -1 -0.186484859905
DS.d874.s0.i0 1.0 0.0149570844234
DS.d874.s0.i1 1.0 0.27973413237
DS.d875.s0.i0 -1 -0.556214246703
DS.d875.s0.i1 -1 -1.05392244694
DS.d883.s0.i0 -1 1.19934559841
DS.d883.s0.i1 1.0 1.24475000358
DS.d890.s0.i0 1.0 0.831093156384
DS.d895.s0.i0 1.0 0.934969158255
DS.d898.s0.i0 1.0 0.554870934154
DS.d898.s0.i1 1.0 0.642912559334
DS.d905.s0.i0 1.0 1.00070107379
DS.d905.s0.i1 1.0 1.01592072904
DS.d905.s1.i0 1.0 -0.339045466183
DS.d925.s0.i0 -1 0.184181731689
DS.d925.s0.i1 -1 0.119584795556
DS.d938.s0.i0 1.0 0.788951645494
DS.d938.s1.i0 1.0 -0.393820172601
DS.d938.s2.i0 -1 -0.0790303070614
DS.d947.s0.i0 -1 -0.966001960321
DS.d949.s0.i0 -1 0.28187986918
DS.d949.s0.i1 1.0 1.28593875751
DS.d949.s0.i2 1.0 1.03223796294
DS.d949.s1.i0 -1 0.178222070477
DS.d949.s1.i1 1.0 1.4670755208
DS.d949.s1.i2 1.0 0.948789474223
DS.d949.s2.i0 1.0 0.752184607472
DS.d949.s3.i0 -1 1.31208901383
DS.d953.s0.i0 -1 1.47141046422
DS.d956.s0.i0 1.0 1.60786735892
DS.d956.s0.i1 1.0 1.53033018615
DS.d966.s0.i0 1.0 0.938955247913
DS.d972.s0.i0 -1 0.512401977588
DS.d998.s0.i0 1.0 0.261036803985
DS.d998.s0.i1 1.0 0.204698178024
DS.d1003.s0.i0 1.0 0.970576591289
DS.d1003.s0.i1 1.0 0.0959028850822
DS.d1003.s0.i2 1.0 0.0577829714557
DS.d1003.s1.i0 1.0 1.2710670628
DS.d1003.s1.i1 1.0 1.38604411625
DS.d1003.s1.i2 1.0 1.20434248856
DS.d1003.s1.i3 1.0 1.36901704116
DS.d1003.s1.i4 1.0 1.36870413506
DS.d1005.s0.i0 1.0 1.96599320729
DS.d1007.s0.i0 1.0 0.969034786258
DS.d1007.s0.i1 1.0 0.624803168302
DS.d1007.s1.i0 1.0 0.574208991305
DS.d1007.s1.i1 1.0 0.574208991305
DS.d1008.s0.i0 1.0 0.593265817853
DS.d1009.s0.i0 1.0 0.714397157281
DS.d1009.s0.i1 1.0 0.941900124375
DS.d1009.s0.i2 1.0 1.03750333744
DS.d1009.s0.i3 1.0 0.669359443167
DS.d1009.s1.i0 1.0 0.919862512819
DS.d1009.s1.i1 1.0 0.571458302521
DS.d1009.s2.i0 1.0 1.36686641128
DS.d1009.s3.i0 1.0 0.771388113932
DS.d1009.s4.i0 -1 0.977759376033
DS.d1021.s0.i0 1.0 -0.581347785857
DS.d1021.s0.i1 -1 0.831324923249
DS.d1021.s0.i2 -1 -0.42293990617
DS.d1021.s0.i3 1.0 0.222634061971
DS.d1021.s0.i4 -1 -0.542310006213
DS.d1021.s0.i5 -1 -0.189036118633
DS.d1025.s0.i0 1.0 0.39781920188
DS.d1025.s0.i1 1.0 0.455242405862
DS.d1025.s1.i0 1.0 0.474570656044
DS.d1025.s1.i1 1.0 0.713859523509
DS.d1035.s0.i0 1.0 0.975304151897
DS.d1058.s0.i0 -1 0.16071956385
DS.d1058.s0.i1 -1 -0.703349392228
