DS.d863.s0.i0 -1 -0.0969828753967
DS.d863.s1.i0 -1 -0.903146918667
DS.d863.s1.i1 -1 -1.24383806877
DS.d863.s2.i0 1.0 0.667154512218
DS.d875.s0.i0 -1 0.358628777548
DS.d875.s0.i1 1.0 0.13829481229
DS.d875.s0.i2 1.0 0.191838527036
DS.d875.s0.i3 1.0 0.391442560726
DS.d876.s0.i0 -1 -0.957112974827
DS.d876.s0.i1 -1 -0.438532941959
DS.d876.s0.i2 -1 -0.383899529237
DS.d879.s0.i0 1.0 -0.330278934771
DS.d879.s1.i0 1.0 -0.0851516294447
DS.d894.s0.i0 1.0 -0.00196625914607
DS.d894.s0.i1 1.0 -0.20108279748
DS.d901.s0.i0 -1 0.822519637213
DS.d901.s1.i0 -1 1.00186309126
DS.d901.s2.i0 1.0 0.948245686129
DS.d903.s0.i0 1.0 0.229309681539
DS.d903.s0.i1 1.0 0.241039536191
DS.d907.s0.i0 1.0 -0.0808670320369
DS.d907.s0.i1 1.0 0.209909409254
DS.d907.s0.i2 1.0 0.00974796804033
DS.d908.s0.i0 1.0 2.11394157945
DS.d908.s1.i0 1.0 0.846655384359
DS.d908.s1.i1 1.0 0.284093514236
DS.d908.s1.i2 1.0 0.486813334444
DS.d916.s0.i0 -1 -0.282336996829
DS.d916.s0.i1 -1 0.381838930773
DS.d927.s0.i0 -1 -0.469734011219
DS.d927.s0.i1 -1 -0.527880883142
DS.d927.s0.i2 -1 -0.0268919277145
DS.d928.s0.i0 1.0 -0.0355238075383
DS.d928.s0.i1 1.0 -0.0324517284843
DS.d928.s0.i2 1.0 0.221221737815
DS.d928.s1.i0 1.0 0.251850108038
DS.d933.s0.i0 -1 -0.0302574727083
DS.d933.s0.i1 -1 -0.0385266025512
DS.d950.s0.i0 1.0 -0.193551504305
DS.d952.s0.i0 -1 -0.110252376729
DS.d952.s0.i1 -1 -0.792383201274
DS.d952.s1.i0 -1 -1.64839401164
DS.d952.s1.i1 -1 -1.30131084125
DS.d952.s1.i2 -1 -1.16786160258
DS.d952.s1.i3 -1 -1.79860297502
DS.d952.s2.i0 -1 0.412747235116
DS.d952.s3.i0 -1 -1.3208582444
DS.d952.s3.i1 -1 -1.22389558895
DS.d952.s3.i2 -1 -1.28383172988
DS.d971.s0.i0 -1 -1.26633949109
DS.d971.s1.i0 -1 -1.14823759535
DS.d981.s0.i0 1.0 1.56336668373
DS.d982.s0.i0 -1 -0.584399583865
DS.d982.s1.i0 -1 0.406194229843
DS.d988.s0.i0 1.0 0.156590532647
DS.d990.s0.i0 -1 -0.66636025912
DS.d990.s0.i1 -1 -1.09677829324
DS.d990.s0.i2 -1 -0.750024624768
DS.d990.s0.i3 -1 -0.760334128209
DS.d1000.s0.i0 1.0 -0.0707011848474
DS.d1000.s0.i1 1.0 -0.1110267457
DS.d1010.s0.i0 1.0 0.333842842472
DS.d1010.s0.i1 1.0 -0.19922595439
DS.d1010.s0.i2 1.0 0.142409939463
DS.d1010.s0.i3 1.0 -0.0647531781077
DS.d1017.s0.i0 -1 -1.41509668608
DS.d1017.s0.i1 -1 -1.06374245378
DS.d1017.s0.i2 -1 -0.263577144646
DS.d1017.s0.i3 -1 -1.35103087714
DS.d1022.s0.i0 -1 -0.0434403700476
DS.d1024.s0.i0 -1 0.0473232912342
DS.d1024.s0.i1 -1 -0.398191717834
DS.d1024.s0.i2 -1 -0.625228334062
DS.d1024.s0.i3 -1 -0.320986762339
DS.d1024.s0.i4 -1 -0.469279866346
DS.d1024.s0.i5 -1 -0.30359306907
DS.d1024.s0.i6 -1 -0.463398674298
DS.d1024.s0.i7 -1 -0.520293661132
DS.d1024.s0.i8 -1 -0.326301749666
DS.d1024.s0.i9 -1 -0.614838859643
DS.d1024.s1.i0 -1 0.261111937196
DS.d1024.s1.i1 -1 -0.878880616538
DS.d1024.s2.i0 -1 -1.45786662902
DS.d1024.s2.i1 -1 -1.7797805389
DS.d1033.s0.i0 1.0 1.00242241187
DS.d1033.s0.i1 1.0 0.763807904716
DS.d1037.s0.i0 1.0 1.95453837142
DS.d1049.s0.i0 -1 -0.817773935506
DS.d1054.s0.i0 1.0 -0.488572768528
DS.d1054.s0.i1 1.0 -0.310919984233
DS.d1054.s1.i0 1.0 -0.276064276901
DS.d1054.s2.i0 -1 0.248920190847
DS.d1054.s2.i1 -1 -0.496028805529
DS.d1055.s0.i0 -1 -0.210764273
DS.d1082.s0.i0 1.0 0.168946614409
DS.d1082.s1.i0 1.0 1.48212400989
DS.d1087.s0.i0 1.0 0.0135239465184
DS.d1087.s0.i1 1.0 0.068720992851
DS.d1087.s0.i2 1.0 0.057804523506
DS.d1087.s0.i3 1.0 -0.0754344870897
DS.d1105.s0.i0 1.0 0.486530209766
DS.d1125.s0.i0 -1 0.326799268307
DS.d1125.s1.i0 1.0 0.426181827977
DS.d1129.s0.i0 1.0 0.969905759445
DS.d1129.s1.i0 1.0 -0.584052806951
DS.d1129.s1.i1 1.0 -0.578403030081
DS.d1129.s2.i0 1.0 0.796541959174
DS.d1139.s0.i0 1.0 -0.548354034442
DS.d1143.s0.i0 -1 1.01014615081
DS.d1143.s0.i1 -1 0.954771760838
DS.d1145.s0.i0 1.0 0.583935851365
DS.d1172.s0.i0 -1 -0.598684619928
DS.d1172.s0.i1 -1 0.103210302925
DS.d1186.s0.i0 1.0 0.425458579038
DS.d1186.s1.i0 1.0 0.667944053948
DS.d1188.s0.i0 1.0 0.32433669961
DS.d1189.s0.i0 1.0 1.2482721708
DS.d1193.s0.i0 -1 0.38502052451
DS.d1193.s0.i1 -1 0.42457281409
DS.d1194.s0.i0 -1 -0.379305154198
DS.d1198.s0.i0 -1 -0.330521174405
DS.d1212.s0.i0 -1 -0.997343663009
DS.d1212.s0.i1 -1 -0.582483915268
DS.d1212.s0.i2 -1 -0.803641013859
DS.d1212.s0.i3 -1 -0.82898814481
DS.d1212.s0.i4 -1 -0.656518568593
DS.d1212.s0.i5 -1 -1.00314932905
DS.d1212.s0.i6 -1 -0.831890821391
DS.d1212.s0.i7 -1 -0.7822011411
DS.d1212.s0.i8 -1 -0.819980970503
DS.d1212.s0.i9 -1 -1.19722132632
DS.d1212.s0.i10 -1 -0.593559181733
DS.d1212.s0.i11 -1 -1.16291460696
DS.d1212.s1.i0 -1 -0.902994552492
DS.d1212.s1.i1 -1 -0.758331930597
DS.d1212.s1.i2 -1 -0.862532277103
DS.d1212.s1.i3 -1 -0.829795127859
DS.d1212.s1.i4 -1 -1.54107064612
DS.d1212.s1.i5 -1 -0.813809267013
DS.d1212.s2.i0 -1 -0.847778557457
DS.d1212.s2.i1 -1 -0.964985532551
DS.d1235.s0.i0 1.0 0.248466489341
DS.d1235.s0.i1 -1 -1.19974875065
DS.d1235.s0.i2 -1 -0.14611755581
DS.d1246.s0.i0 1.0 1.31481909324
DS.d1272.s0.i0 -1 0.0789082691021
DS.d1272.s1.i0 1.0 0.429460297407
DS.d1274.s0.i0 1.0 -0.186148879008
DS.d1274.s0.i1 1.0 -0.18070232143
DS.d1274.s1.i0 1.0 0.86054981745
DS.d1274.s1.i1 1.0 0.804837812803
DS.d1304.s0.i0 1.0 -0.683410199567
DS.d1324.s0.i0 -1 -0.685889855058
DS.d1324.s1.i0 1.0 -0.822662639735
DS.d1324.s1.i1 1.0 -0.781696952217
DS.d1324.s2.i0 -1 -0.612438653008
DS.d1327.s0.i0 -1 0.659758818674
DS.d1327.s0.i1 -1 0.312027621515
DS.d1337.s0.i0 -1 0.0725993606569
DS.d1356.s0.i0 1.0 0.414887014723
DS.d1356.s0.i1 1.0 0.512481652443
DS.d1356.s1.i0 -1 1.04752581897
DS.d1356.s2.i0 -1 1.14619464528
DS.d1356.s3.i0 1.0 1.32420630354
DS.d1356.s4.i0 1.0 0.880425258933
DS.d1356.s4.i1 1.0 0.463351472205
DS.d1356.s4.i2 1.0 1.03857976043
DS.d1360.s0.i0 1.0 1.45086247062
DS.d1360.s1.i1 1.0 0.285724957292
DS.d1360.s2.i0 1.0 0.616755414722
DS.d1360.s2.i1 1.0 0.654803717739
DS.d1372.s0.i0 1.0 0.894580446
DS.d1386.s0.i0 -1 -0.0528066963904
DS.d1386.s0.i1 -1 -0.283081452217
DS.d1386.s0.i2 -1 0.00269318203334
DS.d1386.s1.i0 -1 1.00074624296
DS.d1386.s1.i1 -1 0.51841035495
DS.d1386.s1.i2 1.0 -0.577432393008
DS.d1388.s0.i0 1.0 0.151071185252
DS.d1390.s0.i0 -1 0.0285706904421
DS.d1393.s0.i0 -1 0.664763054319
DS.d1405.s0.i0 1.0 -0.819676185187
DS.d1405.s0.i1 1.0 0.0179652351551
DS.d1405.s0.i2 1.0 -0.502303208006
DS.d1405.s0.i3 1.0 -0.0778254453191
DS.d1413.s0.i0 1.0 0.146584146443
DS.d1413.s0.i1 1.0 0.146584146443
DS.d1413.s0.i2 1.0 0.481382566328
DS.d1413.s0.i3 1.0 0.481382566328
DS.d1420.s0.i0 -1 -1.29498423714
DS.d1420.s0.i1 -1 -1.88748944096
DS.d1420.s0.i2 -1 -0.1535457709
DS.d1420.s0.i3 -1 -1.22434735027
DS.d1420.s0.i4 1.0 0.140495989898
DS.d1420.s0.i5 -1 -1.93927188794
DS.d1423.s0.i0 -1 -0.113762233069
DS.d1423.s1.i0 1.0 -0.721596745002
DS.d1453.s0.i0 1.0 -0.0578896035256
DS.d1465.s0.i0 1.0 1.41826602662
DS.d1465.s0.i1 1.0 1.09019931341
DS.d1465.s0.i2 1.0 1.37675969477
DS.d1465.s0.i3 1.0 1.14883986415
DS.d1465.s0.i4 1.0 1.08207594302
DS.d1465.s0.i5 1.0 1.41826602662
DS.d1475.s0.i0 -1 -1.35950257527
DS.d1522.s0.i0 1.0 0.235794625545
DS.d1522.s0.i1 1.0 0.424134157935
DS.d1522.s1.i0 -1 0.317977586559
DS.d1522.s2.i0 -1 -1.16016466901
DS.d1522.s3.i0 1.0 1.03551457766
DS.d1531.s0.i0 1.0 -0.563506659787
DS.d1542.s0.i0 -1 0.305883193342
DS.d1542.s0.i1 1.0 0.222194475218
DS.d1542.s0.i2 -1 0.628271886961
DS.d1542.s0.i3 -1 -0.147389002678
DS.d1542.s0.i4 -1 0.369171119242
DS.d1542.s0.i5 -1 -0.0842266408989
DS.d1542.s0.i6 -1 -0.0502439550424
DS.d1542.s0.i7 -1 0.341253220923
DS.d1542.s0.i8 -1 0.328385682091
DS.d1542.s0.i9 -1 -0.0660857971933
DS.d1547.s0.i0 1.0 -0.488812444724
DS.d1547.s0.i1 1.0 -0.123664712774
DS.d1558.s0.i0 -1 -0.544176667168
DS.d1570.s0.i0 1.0 -1.86321320772
DS.d1573.s0.i0 1.0 -0.324656853253
DS.d1604.s0.i0 -1 -0.82890187577
DS.d1604.s0.i1 -1 -1.92454704198
DS.d1604.s1.i0 -1 -0.0994267704193
DS.d1604.s1.i1 -1 -1.58325462491
DS.d1604.s1.i2 -1 -0.945116813296
DS.d1604.s2.i0 -1 -0.0684208363928
DS.d1604.s2.i1 -1 -1.28355680444
DS.d1607.s0.i0 1.0 -0.0852143263538
DS.d1618.s0.i0 -1 -0.610612578505
DS.d1618.s0.i1 -1 -1.03035372819
DS.d1618.s1.i0 -1 -0.487236347681
DS.d1648.s0.i1 1.0 0.721850191719
DS.d1660.s0.i0 1.0 -0.484722345449
DS.d1661.s0.i0 -1 -0.0282810006449
DS.d1661.s0.i1 -1 -0.0282810006449
DS.d1679.s0.i0 -1 -1.23742249385
DS.d1690.s0.i0 1.0 -0.662138842893
DS.d1690.s0.i1 1.0 0.0558227245817
DS.d1696.s0.i0 1.0 0.308284675832
DS.d1714.s0.i0 -1 1.14954705251
DS.d1714.s0.i1 1.0 0.837133105094
DS.d1714.s1.i0 1.0 -0.0539631063045
DS.d1714.s2.i0 1.0 0.464252939152
DS.d1714.s2.i1 1.0 0.843792017512
DS.d1734.s0.i0 -1 -1.0926519831
DS.d1734.s0.i1 -1 -2.0147353999
DS.d1734.s1.i0 -1 -0.48909314023
DS.d1741.s0.i0 -1 -1.25169075641
DS.d1749.s0.i0 1.0 1.20612505842
DS.d1757.s0.i0 1.0 1.347361564
DS.d1757.s1.i0 1.0 0.674794619223
DS.d1765.s0.i0 1.0 1.38320171231
DS.d1765.s0.i1 1.0 1.54107152119
DS.d1777.s0.i0 -1 -0.79749429815
DS.d1779.s0.i0 -1 0.522105289428
DS.d1779.s0.i1 1.0 0.445516089472
DS.d1779.s0.i2 -1 1.45987842383
DS.d1779.s1.i0 -1 0.913382145207
DS.d1779.s1.i1 1.0 0.801781678943
DS.d1779.s1.i2 -1 1.08507669146
DS.d1779.s2.i0 -1 0.789481500679
DS.d1779.s3.i0 -1 0.916869326416
DS.d1794.s0.i0 1.0 -0.487093775607
DS.d1794.s0.i1 1.0 0.0443197131268
DS.d1794.s0.i2 1.0 0.338741694399
DS.d1794.s0.i3 1.0 -0.287779343736
DS.d1800.s0.i0 -1 -0.184471887744
DS.d1800.s0.i1 1.0 0.444188347883
DS.d1800.s0.i2 -1 -0.659493064894
DS.d1816.s0.i0 1.0 1.92386385038
DS.d1821.s0.i0 1.0 0.61642912071
DS.d1844.s0.i0 1.0 0.748266710116
DS.d1844.s1.i0 1.0 0.733053077775
DS.d1844.s2.i0 -1 0.842608336193
DS.d1855.s0.i0 1.0 0.301540510973
DS.d1855.s0.i1 1.0 0.109676456722
DS.d1855.s1.i0 1.0 0.936246158388
DS.d1855.s1.i1 1.0 1.24224871981
DS.d1863.s0.i0 1.0 0.21013956639
DS.d1881.s0.i0 1.0 0.572168122123
DS.d1883.s0.i0 1.0 0.754591880532
DS.d1883.s0.i1 1.0 0.683436049457
