DS1.d8.s0.i0 1.0 1.2456919541
DS1.d10.s0.i0 -1 0.584677257238
DS1.d29.s0.i0 -1 1.01749893827
DS1.d29.s0.i1 -1 1.01749893827
DS1.d29.s0.i2 -1 -0.063339561967
DS1.d29.s0.i3 -1 1.05760300915
DS1.d29.s0.i4 -1 -0.14069148506
DS1.d29.s0.i5 -1 0.967635449769
DS1.d29.s0.i6 -1 -0.0908279965536
DS1.d29.s0.i7 -1 -0.0427927477244
DS1.d29.s0.i8 -1 -0.0816689689896
DS1.d29.s0.i9 -1 0.785180740261
DS1.d29.s0.i10 -1 0.893389040714
DS1.d29.s0.i11 -1 0.0433252073823
DS1.d32.s0.i0 1.0 0.546220987847
DS1.d51.s0.i0 -1 0.25121988831
DS1.d51.s0.i1 -1 0.512822088668
DS1.d51.s0.i2 -1 0.247023289401
DS1.d53.s0.i0 1.0 0.57842070893
DS1.d81.s0.i0 1.0 -0.745349990007
DS1.d81.s0.i1 1.0 -0.835965916736
DS1.d105.s0.i0 -1 0.0868620824698
DS1.d105.s0.i1 -1 0.0868620824698
DS1.d110.s0.i0 1.0 0.832311678104
DS1.d114.s0.i0 1.0 0.352141945553
DS1.d127.s0.i0 -1 -0.595624897108
DS1.d130.s0.i0 1.0 -0.42820676531
DS1.d130.s0.i1 1.0 -0.121341307662
DS1.d130.s0.i2 1.0 -0.0123375784876
DS1.d130.s0.i3 1.0 -0.629124659044
DS1.d130.s0.i4 1.0 0.194262068473
DS1.d130.s0.i5 1.0 -0.602248956064
DS1.d130.s0.i6 1.0 -0.225909511437
DS1.d130.s0.i7 1.0 0.37222578913
DS1.d130.s0.i8 1.0 -0.112465235928
DS1.d130.s0.i9 1.0 0.423015260482
DS1.d133.s0.i0 1.0 -0.254222640851
DS1.d133.s1.i0 1.0 -0.257691871503
DS1.d133.s2.i0 1.0 0.824279727615
DS1.d133.s3.i0 1.0 0.869956315814
DS1.d159.s0.i0 -1 -1.06361899243
DS1.d159.s0.i1 -1 -1.1988761762
DS1.d159.s0.i2 -1 -1.39839759653
DS1.d159.s0.i3 -1 0.100169271647
DS1.d159.s0.i4 -1 -1.2757430738
DS1.d159.s0.i5 -1 -0.13524080315
DS1.d164.s0.i0 -1 0.496025034225
DS1.d164.s0.i1 -1 -0.0597349876132
DS1.d164.s0.i2 -1 -0.75341320035
DS1.d182.s0.i0 -1 -0.231408634459
DS1.d182.s1.i0 -1 -0.181212598268
DS1.d184.s0.i0 1.0 -0.119222315125
DS1.d184.s0.i1 1.0 -0.283711094272
DS1.d184.s0.i2 1.0 1.69397164558
DS1.d184.s0.i3 1.0 0.941029264426
DS1.d184.s0.i4 1.0 0.814118043001
DS1.d184.s0.i5 1.0 -0.728990207834
DS1.d184.s1.i0 1.0 0.924418299884
DS1.d184.s2.i0 1.0 0.893329229859
DS1.d184.s2.i1 1.0 0.423122537542
DS1.d208.s0.i0 1.0 -0.403184125849
DS1.d208.s0.i1 1.0 -0.529859252234
DS1.d211.s0.i0 1.0 1.44683563538
DS1.d215.s0.i0 -1 0.601656923021
DS1.d215.s0.i1 -1 0.0626954820848
DS1.d215.s0.i2 -1 0.265222696101
DS1.d215.s0.i3 -1 0.391757694282
DS1.d215.s1.i0 -1 -1.00492482921
DS1.d266.s0.i0 1.0 0.156410083223
DS1.d294.s0.i0 1.0 0.275403850323
DS1.d294.s0.i1 1.0 0.22637102389
DS1.d294.s0.i2 1.0 0.757210584246
DS1.d297.s0.i0 1.0 0.125664688203
DS1.d301.s0.i0 1.0 0.300390339833
DS1.d301.s0.i1 1.0 0.882483990344
DS1.d307.s0.i0 1.0 0.520067162359
DS1.d307.s1.i0 1.0 0.361308824669
DS1.d312.s0.i0 1.0 0.0176075055571
DS1.d312.s0.i1 1.0 0.0768022229571
DS1.d312.s0.i2 1.0 0.0627934511304
DS1.d312.s0.i3 1.0 0.0175492055558
DS1.d312.s0.i4 1.0 0.229237130749
DS1.d312.s0.i5 1.0 -0.255642970895
DS1.d312.s0.i6 1.0 -0.087353509721
DS1.d312.s0.i7 1.0 0.306528036579
DS1.d312.s0.i8 1.0 0.218407238355
DS1.d312.s0.i9 1.0 -0.0898536799737
DS1.d312.s0.i10 1.0 0.385521344323
DS1.d320.s0.i0 -1 0.876442754568
DS1.d320.s0.i1 1.0 1.15210418436
DS1.d323.s0.i0 1.0 0.267483474857
DS1.d335.s0.i0 1.0 2.24630629796
DS1.d368.s0.i0 -1 0.456819754164
DS1.d371.s0.i0 1.0 0.718198371643
DS1.d371.s0.i1 1.0 0.676109420194
DS1.d371.s0.i2 1.0 1.05872467709
DS1.d371.s0.i3 1.0 0.891664901788
DS1.d373.s0.i0 -1 -0.0514888163632
DS1.d376.s0.i0 -1 0.907480492329
DS1.d376.s0.i1 1.0 0.93323440487
DS1.d376.s1.i0 -1 0.0533661871819
DS1.d376.s1.i1 -1 0.547370760149
DS1.d376.s1.i2 -1 0.00711340851541
DS1.d380.s0.i0 1.0 -0.657728684392
DS1.d380.s0.i1 1.0 -0.477920086602
DS1.d380.s0.i2 1.0 -0.653897584911
DS1.d380.s0.i3 1.0 -0.477920086602
DS1.d380.s0.i4 1.0 -0.653897584911
DS1.d380.s0.i5 1.0 -0.413048707798
DS1.d380.s0.i6 1.0 -0.46816751497
DS1.d380.s0.i7 1.0 -0.46816751497
DS1.d380.s0.i8 1.0 -0.657728684392
DS1.d380.s0.i9 1.0 -0.413048707798
DS1.d380.s1.i0 -1 -0.0145179923168
DS1.d380.s1.i1 -1 -0.0145179923168
DS1.d380.s1.i2 -1 0.0925587673786
DS1.d380.s1.i3 -1 0.0925587673786
DS1.d380.s1.i4 -1 -0.120369016136
DS1.d380.s1.i5 -1 -0.459306042639
DS1.d380.s1.i6 -1 -0.209169268582
DS1.d380.s1.i7 -1 -0.245670267728
DS1.d380.s1.i8 -1 -0.245670267728
DS1.d380.s2.i0 1.0 1.00985990613
DS1.d380.s2.i1 1.0 0.998366087342
DS1.d380.s2.i2 1.0 0.998366087342
DS1.d380.s2.i3 1.0 1.13830452668
DS1.d380.s2.i4 1.0 1.00985990613
DS1.d380.s2.i5 1.0 1.13830452668
DS1.d395.s0.i0 1.0 -0.334016914194
DS1.d395.s0.i1 1.0 -0.101601414559
DS1.d395.s1.i0 1.0 -0.138180505697
DS1.d399.s0.i0 1.0 0.991841391294
DS1.d406.s0.i0 -1 -0.72787753572
DS1.d415.s0.i0 -1 0.553287440452
DS1.d415.s0.i1 -1 0.26760606819
DS1.d415.s0.i2 -1 1.02934110325
DS1.d415.s0.i3 -1 0.478042835085
DS1.d445.s0.i0 1.0 1.06340685935
DS1.d475.s0.i0 -1 -1.68637410094
DS1.d475.s0.i1 1.0 0.233000765868
DS1.d475.s1.i0 1.0 0.453792103084
DS1.d475.s2.i0 1.0 2.10886938676
DS1.d480.s0.i0 -1 -0.585405019017
DS1.d485.s0.i0 1.0 0.10757186141
DS1.d485.s0.i1 1.0 0.0901990102772
DS1.d497.s0.i0 1.0 0.0130114692108
DS1.d497.s1.i0 1.0 -0.327498927272
DS1.d497.s1.i1 1.0 -0.425400085041
DS1.d544.s0.i0 -1 -0.919583973406
DS1.d544.s0.i1 -1 -0.743120685625
DS1.d544.s0.i2 -1 -0.60498740034
DS1.d544.s0.i3 -1 -0.446422573891
DS1.d546.s0.i0 1.0 1.18356023891
DS1.d546.s0.i1 1.0 0.350889366357
DS1.d556.s0.i0 -1 0.57684134753
DS1.d571.s0.i0 -1 -1.45114700766
DS1.d581.s0.i0 -1 0.0779884092888
DS1.d581.s0.i1 -1 -0.117325678446
DS1.d581.s0.i2 1.0 0.336265867914
DS1.d581.s1.i0 -1 -1.15096697071
DS1.d581.s1.i1 -1 -0.573422661394
DS1.d581.s1.i2 -1 -2.078471435
DS1.d581.s2.i0 1.0 0.983214551312
DS1.d581.s2.i1 1.0 1.12413848623
DS1.d585.s0.i0 -1 -0.403034531352
DS1.d585.s0.i1 -1 -0.227905944873
DS1.d585.s0.i2 -1 -0.147346960067
DS1.d588.s0.i0 1.0 0.605231740416
DS1.d605.s0.i0 1.0 0.42836367684
DS1.d605.s0.i1 -1 1.8151414165
DS1.d605.s0.i2 1.0 0.551778420864
DS1.d605.s0.i3 -1 1.07027374998
DS1.d605.s0.i4 -1 1.4893395806
DS1.d605.s1.i0 -1 -0.614081846875
DS1.d605.s1.i1 1.0 0.281429128514
DS1.d605.s1.i2 1.0 0.102365057119
DS1.d606.s0.i0 -1 0.485152390929
DS1.d612.s0.i0 1.0 0.0907460724557
DS1.d612.s0.i1 -1 -0.289305642122
DS1.d617.s0.i0 1.0 0.502153309333
DS1.d617.s1.i0 -1 -0.699570489709
DS1.d617.s1.i1 -1 0.0881392193795
DS1.d617.s1.i2 -1 -1.22746117227
DS1.d617.s1.i3 -1 -0.980890100859
DS1.d617.s1.i4 -1 0.0562061431664
DS1.d617.s1.i5 -1 -0.553857576285
DS1.d617.s1.i6 -1 -0.426626147762
DS1.d617.s1.i7 -1 -0.543931253696
DS1.d617.s1.i8 -1 -1.29034969326
DS1.d617.s1.i9 -1 -0.491933693477
DS1.d618.s0.i0 1.0 0.434624787445
DS1.d618.s0.i1 1.0 0.619323948722
DS1.d618.s1.i0 1.0 0.637130434484
DS1.d623.s0.i0 1.0 0.944913735535
DS1.d623.s0.i1 1.0 1.12135404141
DS1.d623.s1.i0 1.0 0.780634334686
DS1.d623.s1.i1 1.0 0.667874616026
DS1.d623.s2.i0 1.0 1.02835921632
DS1.d623.s2.i1 1.0 0.444252408477
DS1.d623.s2.i2 1.0 0.888727276641
DS1.d623.s2.i3 1.0 0.817036591921
DS1.d623.s3.i0 1.0 0.681024502989
DS1.d623.s3.i1 1.0 0.35985208149
DS1.d623.s4.i0 1.0 0.906311234493
DS1.d623.s4.i1 1.0 1.13616291375
DS1.d623.s4.i2 -1 0.63624652269
DS1.d623.s4.i3 -1 0.197618800171
DS1.d632.s0.i0 -1 -0.685061752772
DS1.d632.s0.i1 -1 -0.440432682561
DS1.d632.s1.i0 1.0 1.31125836135
DS1.d632.s1.i1 1.0 1.13082050855
DS1.d636.s0.i0 -1 -0.488267227725
DS1.d636.s0.i1 1.0 -0.623579964106
DS1.d652.s0.i0 1.0 1.27190808507
DS1.d652.s0.i1 -1 0.435356960299
DS1.d652.s1.i0 1.0 0.603051572207
DS1.d652.s1.i1 -1 -0.507203612034
DS1.d652.s1.i2 -1 -0.643614712025
DS1.d652.s1.i3 1.0 0.637005523569
DS1.d652.s1.i4 -1 -0.631890498699
DS1.d652.s1.i5 -1 -0.768030470785
DS1.d652.s1.i6 1.0 0.160659768118
DS1.d652.s1.i7 1.0 0.460434454502
DS1.d652.s2.i0 -1 -1.30212750653
DS1.d652.s2.i1 -1 -1.25272753454
DS1.d654.s0.i0 1.0 1.15357501693
DS1.d654.s1.i0 1.0 0.867399590264
DS1.d663.s0.i0 -1 -0.632757374854
DS1.d663.s0.i1 -1 -0.89718925101
DS1.d665.s0.i0 1.0 0.969861473579
DS1.d682.s0.i0 1.0 -0.587334878657
DS1.d682.s0.i1 1.0 -0.3921753664
DS1.d682.s0.i2 1.0 -0.236992921742
DS1.d684.s0.i0 -1 -0.992892492141
DS1.d684.s0.i1 1.0 -0.195336852769
DS1.d684.s0.i2 -1 -0.203457131219
DS1.d684.s0.i3 1.0 0.41681755832
DS1.d698.s0.i0 1.0 1.53907707125
DS1.d698.s1.i0 1.0 1.00283261387
DS1.d708.s0.i0 -1 -0.2268491014
DS1.d709.s0.i0 1.0 1.26928767356
DS1.d717.s0.i0 1.0 1.19456529692
DS1.d718.s0.i0 -1 -0.420373704644
DS1.d718.s0.i1 -1 -0.691645672491
DS1.d718.s1.i0 -1 -1.19717693088
DS1.d718.s1.i1 -1 -1.69107444929
DS1.d718.s1.i2 -1 -0.634332812639
DS1.d718.s1.i3 -1 -0.797369528185
DS1.d718.s1.i4 -1 -0.82348496337
DS1.d718.s1.i5 -1 -0.682169009426
DS1.d718.s1.i6 -1 -1.51622078099
DS1.d718.s1.i7 -1 -1.03190819608
DS1.d718.s1.i8 -1 -0.371535728344
DS1.d718.s1.i9 -1 -1.39007936135
DS1.d718.s1.i10 -1 -1.26439893742
DS1.d718.s1.i11 -1 -0.89485480053
DS1.d718.s1.i12 -1 -0.941490696507
DS1.d718.s1.i13 -1 -0.922399404889
DS1.d718.s1.i14 -1 -1.18130957688
DS1.d718.s1.i15 -1 -0.835188788531
DS1.d718.s1.i16 -1 -0.911551041676
DS1.d718.s1.i17 -1 -1.351907214
DS1.d718.s1.i18 -1 -1.44117174449
DS1.d718.s1.i19 -1 -0.657590775283
DS1.d718.s2.i0 1.0 -1.43945354792
DS1.d718.s2.i1 1.0 -1.33224067435
DS1.d718.s2.i2 1.0 -1.27146216809
DS1.d718.s2.i3 1.0 -1.21339225674
DS1.d732.s0.i0 -1 0.93007930083
DS1.d732.s0.i1 1.0 1.25052316377
DS1.d732.s0.i2 1.0 0.918484294992
DS1.d733.s0.i0 1.0 1.2439145588
DS1.d733.s0.i1 1.0 1.26986374174
DS1.d733.s0.i2 1.0 1.01520374717
DS1.d733.s0.i3 1.0 1.31889791269
DS1.d736.s0.i0 1.0 0.598340573195
DS1.d746.s0.i0 1.0 0.868560235654
DS1.d749.s0.i0 1.0 -0.719852873102
DS1.d749.s0.i1 1.0 -1.46022469119
DS1.d749.s1.i0 1.0 0.06831546122
DS1.d749.s1.i1 1.0 -0.171122458506
DS1.d749.s2.i0 1.0 -0.698856726755
DS1.d749.s2.i1 1.0 0.360553460895
DS1.d749.s2.i2 1.0 0.300145238992
DS1.d749.s3.i0 -1 0.474154147116
DS1.d754.s0.i0 1.0 0.29111175483
DS1.d754.s0.i1 1.0 0.265777173642
DS1.d754.s0.i2 1.0 0.0264024820112
DS1.d763.s0.i0 -1 1.44568992797
DS1.d763.s0.i1 1.0 1.40799048519
DS1.d763.s1.i0 1.0 -0.242188130907
DS1.d763.s1.i1 1.0 -0.334238327594
DS1.d763.s2.i0 1.0 0.851213496682
DS1.d772.s0.i0 -1 0.482117470017
DS1.d772.s0.i1 -1 0.572858070704
DS1.d776.s0.i0 1.0 0.193626679288
DS1.d776.s0.i1 1.0 0.193626679288
DS1.d777.s0.i0 -1 -0.254664064547
DS1.d781.s0.i0 1.0 1.17390951195
DS1.d781.s1.i0 1.0 0.300059511186
DS1.d781.s1.i1 1.0 0.496398279309
DS1.d796.s0.i0 -1 -0.59033943168
DS1.d796.s0.i1 -1 -0.00050016863153
DS1.d796.s0.i2 -1 -0.59033943168
DS1.d796.s0.i3 -1 -0.59033943168
DS1.d796.s0.i4 -1 -0.00050016863153
DS1.d796.s0.i5 -1 -0.59033943168
DS1.d796.s1.i0 1.0 0.729040544824
DS1.d796.s1.i1 1.0 0.88890927728
DS1.d796.s1.i2 1.0 0.372581097369
DS1.d800.s0.i0 1.0 0.456247048445
DS1.d827.s0.i0 -1 -0.915238044862
DS1.d827.s0.i1 -1 -0.290919577389
DS1.d827.s0.i2 -1 -0.434183963894
