DS1.d8.s0.i0 1.0 1.93700190288
DS1.d10.s0.i0 -1 0.65059214471
DS1.d29.s0.i0 -1 0.780581255052
DS1.d29.s0.i1 -1 0.780581255052
DS1.d29.s0.i2 -1 -0.19118367487
DS1.d29.s0.i3 -1 0.480801577683
DS1.d29.s0.i4 -1 -0.014867470366
DS1.d29.s0.i5 -1 0.792153288038
DS1.d29.s0.i6 -1 -0.0264395033515
DS1.d29.s0.i7 -1 -0.0264395033515
DS1.d29.s0.i8 -1 -0.43328624648
DS1.d29.s0.i9 -1 0.744368706794
DS1.d29.s0.i10 -1 0.649987952263
DS1.d29.s0.i11 -1 -0.118311204772
DS1.d32.s0.i0 1.0 0.261692796161
DS1.d51.s0.i0 -1 -0.00260005214548
DS1.d51.s0.i1 -1 0.0875783016023
DS1.d51.s0.i2 -1 -0.275593531251
DS1.d53.s0.i0 1.0 1.21934839357
DS1.d81.s0.i0 1.0 -0.28641050829
DS1.d81.s0.i1 1.0 -0.642105938022
DS1.d105.s0.i0 -1 -0.442400255974
DS1.d105.s0.i1 -1 -0.442400255974
DS1.d110.s0.i0 1.0 1.12629670048
DS1.d114.s0.i0 1.0 0.730153960468
DS1.d127.s0.i0 -1 -0.320886401573
DS1.d130.s0.i0 1.0 -0.500468130606
DS1.d130.s0.i1 1.0 -0.327039678542
DS1.d130.s0.i2 1.0 0.266934228556
DS1.d130.s0.i3 1.0 -0.308191954113
DS1.d130.s0.i4 1.0 0.695587715697
DS1.d130.s0.i5 1.0 -0.79994555008
DS1.d130.s0.i6 1.0 -0.0410720285438
DS1.d130.s0.i7 1.0 0.615485157718
DS1.d130.s0.i8 1.0 -0.160725383403
DS1.d130.s0.i9 1.0 0.580121924916
DS1.d133.s0.i0 1.0 0.512249414063
DS1.d133.s1.i0 1.0 0.28975602069
DS1.d133.s2.i0 1.0 1.2501770669
DS1.d133.s3.i0 1.0 1.05329648632
DS1.d159.s0.i0 -1 -0.965836455229
DS1.d159.s0.i1 -1 -1.09450574144
DS1.d159.s0.i2 -1 -1.27141106681
DS1.d159.s0.i3 -1 -0.354553274318
DS1.d159.s0.i4 -1 -1.14266274144
DS1.d159.s0.i5 -1 -0.936996491924
DS1.d164.s0.i0 -1 0.263124932652
DS1.d164.s0.i1 -1 0.480674458528
DS1.d164.s0.i2 -1 -0.330113048997
DS1.d182.s0.i0 -1 -0.659204418015
DS1.d182.s1.i0 -1 0.533533384461
DS1.d184.s0.i0 1.0 0.0555807242076
DS1.d184.s0.i1 1.0 0.162087683814
DS1.d184.s0.i2 1.0 2.00214404936
DS1.d184.s0.i3 1.0 0.817453090431
DS1.d184.s0.i4 1.0 0.837039540792
DS1.d184.s0.i5 1.0 -0.0749478553884
DS1.d184.s1.i0 1.0 0.438003492589
DS1.d184.s2.i0 1.0 1.6058046503
DS1.d184.s2.i1 1.0 1.37743261049
DS1.d208.s0.i0 1.0 -0.498107951209
DS1.d208.s0.i1 1.0 -0.61125716597
DS1.d211.s0.i0 1.0 1.74837769159
DS1.d215.s0.i0 -1 0.383394027793
DS1.d215.s0.i1 -1 0.0489162402875
DS1.d215.s0.i2 -1 0.0553186476975
DS1.d215.s0.i3 -1 0.0809661341876
DS1.d215.s1.i0 -1 -0.919291079872
DS1.d266.s0.i0 1.0 0.243785479777
DS1.d294.s0.i0 1.0 0.389889475402
DS1.d294.s0.i1 1.0 0.149716969208
DS1.d294.s0.i2 1.0 0.63625934612
DS1.d297.s0.i0 1.0 -0.22069397171
DS1.d301.s0.i0 1.0 0.0491390730336
DS1.d301.s0.i1 1.0 1.61201463438
DS1.d307.s0.i0 1.0 0.807133005392
DS1.d307.s1.i0 1.0 -0.121352094173
DS1.d312.s0.i0 1.0 -0.0377091803438
DS1.d312.s0.i1 1.0 0.0312363471541
DS1.d312.s0.i2 1.0 0.0673223608641
DS1.d312.s0.i3 1.0 0.0312363471541
DS1.d312.s0.i4 1.0 0.198646668352
DS1.d312.s0.i5 1.0 -0.246830997546
DS1.d312.s0.i6 1.0 0.0830713328596
DS1.d312.s0.i7 1.0 0.198646668352
DS1.d312.s0.i8 1.0 0.192288557873
DS1.d312.s0.i9 1.0 -0.087428268399
DS1.d312.s0.i10 1.0 0.17547194412
DS1.d320.s0.i0 -1 0.985814914208
DS1.d320.s0.i1 1.0 0.984156416758
DS1.d323.s0.i0 1.0 0.983978192675
DS1.d335.s0.i0 1.0 2.15139406216
DS1.d368.s0.i0 -1 0.0823560941235
DS1.d371.s0.i0 1.0 0.514792162185
DS1.d371.s0.i1 1.0 0.610684654448
DS1.d371.s0.i2 1.0 1.04749543432
DS1.d371.s0.i3 1.0 0.944695571468
DS1.d373.s0.i0 -1 -0.73131974971
DS1.d376.s0.i0 -1 1.22361034639
DS1.d376.s0.i1 1.0 1.2839175119
DS1.d376.s1.i0 -1 -0.0681141891709
DS1.d376.s1.i1 -1 0.638695455929
DS1.d376.s1.i2 -1 0.0204147416657
DS1.d380.s0.i0 1.0 -0.209496501026
DS1.d380.s0.i1 1.0 -0.0593596440772
DS1.d380.s0.i2 1.0 -0.538612109097
DS1.d380.s0.i3 1.0 -0.0593596440772
DS1.d380.s0.i4 1.0 -0.538612109097
DS1.d380.s0.i5 1.0 0.042222964481
DS1.d380.s0.i6 1.0 -0.041499826928
DS1.d380.s0.i7 1.0 -0.041499826928
DS1.d380.s0.i8 1.0 -0.209496501026
DS1.d380.s0.i9 1.0 0.042222964481
DS1.d380.s1.i0 -1 0.0335316839192
DS1.d380.s1.i1 -1 0.0335316839192
DS1.d380.s1.i2 -1 0.0280680300931
DS1.d380.s1.i3 -1 0.0280680300931
DS1.d380.s1.i4 -1 -0.466892506993
DS1.d380.s1.i5 -1 -0.680545292816
DS1.d380.s1.i6 -1 -0.461428853167
DS1.d380.s1.i7 -1 -0.229722058015
DS1.d380.s1.i8 -1 -0.229722058015
DS1.d380.s2.i0 1.0 0.82295627975
DS1.d380.s2.i1 1.0 0.823055685868
DS1.d380.s2.i2 1.0 0.823055685868
DS1.d380.s2.i3 1.0 1.04830019023
DS1.d380.s2.i4 1.0 0.82295627975
DS1.d380.s2.i5 1.0 1.04830019023
DS1.d395.s0.i0 1.0 -0.408424906572
DS1.d395.s0.i1 1.0 0.194381119996
DS1.d395.s1.i0 1.0 -0.183186088516
DS1.d399.s0.i0 1.0 1.12098000986
DS1.d406.s0.i0 -1 -1.30392263105
DS1.d415.s0.i0 -1 0.52764524464
DS1.d415.s0.i1 -1 0.220405784938
DS1.d415.s0.i2 -1 0.872625176728
DS1.d415.s0.i3 -1 0.271622039616
DS1.d445.s0.i0 1.0 1.26494628207
DS1.d475.s0.i0 -1 -1.63448459526
DS1.d475.s0.i1 1.0 -0.558199764335
DS1.d475.s1.i0 1.0 0.220052804122
DS1.d475.s2.i0 1.0 2.02878042893
DS1.d480.s0.i0 -1 0.256041408877
DS1.d485.s0.i0 1.0 -0.230339701094
DS1.d485.s0.i1 1.0 -0.298598324858
DS1.d497.s0.i0 1.0 -0.519523659371
DS1.d497.s1.i0 1.0 -0.312759459799
DS1.d497.s1.i1 1.0 -0.396486664338
DS1.d544.s0.i0 -1 -1.08687595435
DS1.d544.s0.i1 -1 -1.09954925371
DS1.d544.s0.i2 -1 -0.963771713264
DS1.d544.s0.i3 -1 -0.817474174977
DS1.d546.s0.i0 1.0 1.84607520768
DS1.d546.s0.i1 1.0 0.870715172721
DS1.d556.s0.i0 -1 -0.187880407627
DS1.d571.s0.i0 -1 -0.982997241419
DS1.d581.s0.i0 -1 0.481221836724
DS1.d581.s0.i1 -1 0.306352496942
DS1.d581.s0.i2 1.0 1.31339410073
DS1.d581.s1.i0 -1 -1.07471359689
DS1.d581.s1.i1 -1 -1.48836473478
DS1.d581.s1.i2 -1 -2.50313840674
DS1.d581.s2.i0 1.0 0.61862065795
DS1.d581.s2.i1 1.0 0.393566166572
DS1.d585.s0.i0 -1 -0.501698632775
DS1.d585.s0.i1 -1 -0.631940374322
DS1.d585.s0.i2 -1 -0.551189981995
DS1.d588.s0.i0 1.0 1.02368618432
DS1.d605.s0.i0 1.0 0.27398314955
DS1.d605.s0.i1 -1 1.90850657757
DS1.d605.s0.i2 1.0 0.496706519915
DS1.d605.s0.i3 -1 0.801416036418
DS1.d605.s0.i4 -1 1.39909496127
DS1.d605.s1.i0 -1 -0.781460031411
DS1.d605.s1.i1 1.0 0.432641088601
DS1.d605.s1.i2 1.0 -0.202849070887
DS1.d606.s0.i0 -1 0.587303542659
DS1.d612.s0.i0 1.0 0.306111661126
DS1.d612.s0.i1 -1 -0.384791391178
DS1.d617.s0.i0 1.0 1.20659178248
DS1.d617.s1.i0 -1 -0.650325136561
DS1.d617.s1.i1 -1 0.193073616441
DS1.d617.s1.i2 -1 -0.519225218489
DS1.d617.s1.i3 -1 -1.33897583328
DS1.d617.s1.i4 -1 -0.60091500853
DS1.d617.s1.i5 -1 -0.511390439849
DS1.d617.s1.i6 -1 -0.893927652389
DS1.d617.s1.i7 -1 -0.903242793393
DS1.d617.s1.i8 -1 -0.99721905177
DS1.d617.s1.i9 -1 -1.4376947496
DS1.d618.s0.i0 1.0 0.299686891681
DS1.d618.s0.i1 1.0 0.356605525694
DS1.d618.s1.i0 1.0 0.530481294098
DS1.d623.s0.i0 1.0 1.08810573508
DS1.d623.s0.i1 1.0 1.38890355788
DS1.d623.s1.i0 1.0 0.70825048335
DS1.d623.s1.i1 1.0 0.414142471079
DS1.d623.s2.i0 1.0 1.43089889137
DS1.d623.s2.i1 1.0 0.476949448452
DS1.d623.s2.i2 1.0 0.882090323844
DS1.d623.s2.i3 1.0 1.17947873548
DS1.d623.s3.i0 1.0 1.1635708352
DS1.d623.s3.i1 1.0 0.670859809578
DS1.d623.s4.i0 1.0 1.07572797781
DS1.d623.s4.i1 1.0 1.12177861129
DS1.d623.s4.i2 -1 0.544451430797
DS1.d623.s4.i3 -1 0.197864692363
DS1.d632.s0.i0 -1 -0.958984057253
DS1.d632.s0.i1 -1 -0.869256109996
DS1.d632.s1.i0 1.0 1.76167719791
DS1.d632.s1.i1 1.0 1.55483268599
DS1.d636.s0.i0 -1 -0.320532981741
DS1.d636.s0.i1 1.0 -1.21149078488
DS1.d652.s0.i0 1.0 2.00919134352
DS1.d652.s0.i1 -1 1.36601733591
DS1.d652.s1.i0 1.0 1.12214059771
DS1.d652.s1.i1 -1 -0.444872445277
DS1.d652.s1.i2 -1 -0.566123080165
DS1.d652.s1.i3 1.0 0.90624197608
DS1.d652.s1.i4 -1 -0.760905083009
DS1.d652.s1.i5 -1 -0.882155717897
DS1.d652.s1.i6 1.0 0.466493801946
DS1.d652.s1.i7 1.0 0.590209338346
DS1.d652.s2.i0 -1 -1.75117276863
DS1.d652.s2.i1 -1 -0.992309021825
DS1.d654.s0.i0 1.0 1.59404320843
DS1.d654.s1.i0 1.0 0.778609232994
DS1.d663.s0.i0 -1 -0.65156605044
DS1.d663.s0.i1 -1 -1.05534758429
DS1.d665.s0.i0 1.0 1.05947253591
DS1.d682.s0.i0 1.0 -0.610683989508
DS1.d682.s0.i1 1.0 -0.478766562855
DS1.d682.s0.i2 1.0 -0.0708557837728
DS1.d684.s0.i0 -1 -0.966523558636
DS1.d684.s0.i1 1.0 -0.414608390953
DS1.d684.s0.i2 -1 -0.842337275398
DS1.d684.s0.i3 1.0 0.213330946268
DS1.d698.s0.i0 1.0 1.86785489933
DS1.d698.s1.i0 1.0 1.0351661421
DS1.d708.s0.i0 -1 -0.182677606867
DS1.d709.s0.i0 1.0 1.13341118895
DS1.d717.s0.i0 1.0 1.64882642987
DS1.d718.s0.i0 -1 -0.407872959183
DS1.d718.s0.i1 -1 -0.472803346365
DS1.d718.s1.i0 -1 -1.73026537869
DS1.d718.s1.i1 -1 -2.24930261335
DS1.d718.s1.i2 -1 -0.856718403315
DS1.d718.s1.i3 -1 -0.635886523669
DS1.d718.s1.i4 -1 -0.635687114478
DS1.d718.s1.i5 -1 -0.62645221148
DS1.d718.s1.i6 -1 -1.73368534158
DS1.d718.s1.i7 -1 -0.780728404975
DS1.d718.s1.i8 -1 -0.0827052886912
DS1.d718.s1.i9 -1 -2.05608297479
DS1.d718.s1.i10 -1 -1.59173709996
DS1.d718.s1.i11 -1 -1.44993251896
DS1.d718.s1.i12 -1 -1.16720650001
DS1.d718.s1.i13 -1 -1.41916444995
DS1.d718.s1.i14 -1 -1.55776471653
DS1.d718.s1.i15 -1 -0.509910984748
DS1.d718.s1.i16 -1 -0.794850274883
DS1.d718.s1.i17 -1 -1.80552894478
DS1.d718.s1.i18 -1 -2.09790145291
DS1.d718.s1.i19 -1 -0.62645221148
DS1.d718.s2.i0 1.0 -1.54262597937
DS1.d718.s2.i1 1.0 -1.12135657803
DS1.d718.s2.i2 1.0 -0.94101756528
DS1.d718.s2.i3 1.0 -1.64770346444
DS1.d732.s0.i0 -1 1.12743113378
DS1.d732.s0.i1 1.0 1.46214527556
DS1.d732.s0.i2 1.0 0.765039416781
DS1.d733.s0.i0 1.0 1.14866926795
DS1.d733.s0.i1 1.0 1.23724795392
DS1.d733.s0.i2 1.0 1.0715823398
DS1.d733.s0.i3 1.0 1.20146380496
DS1.d736.s0.i0 1.0 0.980837011589
DS1.d746.s0.i0 1.0 0.90893971058
DS1.d749.s0.i0 1.0 -1.26976754011
DS1.d749.s0.i1 1.0 -1.78644759237
DS1.d749.s1.i0 1.0 0.975720021408
DS1.d749.s1.i1 1.0 0.616243582445
DS1.d749.s2.i0 1.0 -0.109973908202
DS1.d749.s2.i1 1.0 -0.30826499542
DS1.d749.s2.i2 1.0 -0.0828249858433
DS1.d749.s3.i0 -1 0.603091507921
DS1.d754.s0.i0 1.0 0.379357215696
DS1.d754.s0.i1 1.0 0.450355995114
DS1.d754.s0.i2 1.0 0.11384684175
DS1.d763.s0.i0 -1 1.55541549567
DS1.d763.s0.i1 1.0 1.61986441124
DS1.d763.s1.i0 1.0 -0.0287227554672
DS1.d763.s1.i1 1.0 0.0391526550611
DS1.d763.s2.i0 1.0 1.33701811554
DS1.d772.s0.i0 -1 0.179048709361
DS1.d772.s0.i1 -1 0.314129276889
DS1.d776.s0.i0 1.0 -0.437391392141
DS1.d776.s0.i1 1.0 -0.437391392141
DS1.d777.s0.i0 -1 -0.59002671845
DS1.d781.s0.i0 1.0 1.0610842841
DS1.d781.s1.i0 1.0 0.470803745696
DS1.d781.s1.i1 1.0 0.725480419933
DS1.d796.s0.i0 -1 -0.859771758575
DS1.d796.s0.i1 -1 -0.0321265259808
DS1.d796.s0.i2 -1 -0.859771758575
DS1.d796.s0.i3 -1 -0.859771758575
DS1.d796.s0.i4 -1 -0.0321265259808
DS1.d796.s0.i5 -1 -0.859771758575
DS1.d796.s1.i0 1.0 0.565651711608
DS1.d796.s1.i1 1.0 0.261320217011
DS1.d796.s1.i2 1.0 0.177738034818
DS1.d800.s0.i0 1.0 0.279275482275
DS1.d827.s0.i0 -1 -1.26421576893
DS1.d827.s0.i1 -1 -0.32630095687
DS1.d827.s0.i2 -1 -0.568938398688
