DS2.d0.s0.i0 1.0 1.35539271318
DS2.d0.s1.i0 1.0 1.1607111012
DS2.d6.s0.i0 -1 -1.20243441519
DS2.d6.s0.i1 -1 -0.650892586037
DS2.d6.s0.i2 -1 -0.752129295784
DS2.d6.s0.i3 -1 -1.178437538
DS2.d6.s0.i4 -1 -1.13464728881
DS2.d6.s0.i5 -1 -0.872586577129
DS2.d6.s0.i6 -1 -0.300197647063
DS2.d6.s0.i7 -1 -0.516493725519
DS2.d6.s0.i8 -1 -1.2458362155
DS2.d6.s0.i9 -1 -0.103169726721
DS2.d8.s0.i0 -1 -0.214178493906
DS2.d8.s0.i1 1.0 1.38298481749
DS2.d8.s0.i2 1.0 0.629979485566
DS2.d32.s0.i0 1.0 1.61346219895
DS2.d46.s0.i0 -1 -0.696194947898
DS2.d46.s0.i1 -1 0.117638989056
DS2.d46.s0.i2 -1 -0.366545696149
DS2.d52.s0.i0 -1 -0.375158601806
DS2.d52.s0.i1 -1 -0.830227489945
DS2.d52.s1.i0 1.0 0.731881889452
DS2.d92.s0.i0 1.0 0.90044682235
DS2.d97.s0.i0 -1 0.0126269292811
DS2.d97.s0.i1 -1 0.0567049993046
DS2.d97.s0.i2 -1 0.290366683
DS2.d110.s0.i0 1.0 1.44299541637
DS2.d110.s0.i1 1.0 1.44299541637
DS2.d116.s0.i0 1.0 0.551049753413
DS2.d116.s0.i1 1.0 0.867833657325
DS2.d116.s1.i0 -1 -1.07811977735
DS2.d116.s1.i1 1.0 -0.358994669243
DS2.d116.s1.i2 -1 0.00544860145418
DS2.d138.s0.i0 1.0 0.719824136939
DS2.d138.s0.i1 1.0 0.719824136939
DS2.d155.s0.i0 1.0 1.03977838465
DS2.d172.s0.i0 -1 -0.0425223738888
DS2.d173.s0.i0 -1 -0.501223810124
DS2.d173.s0.i1 -1 -0.605578391189
DS2.d175.s0.i0 1.0 1.14222641412
DS2.d188.s0.i0 1.0 1.38979170242
DS2.d188.s0.i1 1.0 2.18578311351
DS2.d188.s0.i2 1.0 2.04231527612
DS2.d188.s0.i3 1.0 1.57157764307
DS2.d188.s1.i0 -1 -0.140840179013
DS2.d201.s0.i0 1.0 -0.675964079283
DS2.d201.s0.i1 -1 -0.121789912734
DS2.d201.s0.i2 -1 0.414793576171
DS2.d201.s0.i3 1.0 -0.227643451765
DS2.d201.s0.i4 1.0 -0.861361427428
DS2.d201.s0.i5 -1 -0.100359987597
DS2.d201.s0.i6 1.0 0.252850214975
DS2.d201.s0.i7 -1 0.488660015766
DS2.d201.s0.i8 1.0 -0.899972387815
DS2.d201.s0.i9 1.0 0.189992192718
DS2.d201.s0.i10 -1 0.52991932828
DS2.d201.s0.i11 -1 -0.221305918022
DS2.d201.s1.i0 1.0 1.24348718365
DS2.d201.s1.i1 1.0 1.34176251952
DS2.d201.s1.i2 -1 0.659107841451
DS2.d205.s0.i0 1.0 0.00407640880976
DS2.d205.s1.i0 1.0 -1.63545809504
DS2.d205.s2.i0 -1 -0.352059818385
DS2.d229.s0.i0 1.0 1.10318888023
DS2.d231.s0.i0 -1 -1.33309850097
DS2.d231.s0.i1 -1 -1.41572566773
DS2.d231.s0.i2 -1 0.139477556573
DS2.d231.s0.i3 -1 -1.7097380947
DS2.d231.s0.i4 -1 -1.4944361253
DS2.d231.s0.i5 -1 -1.02268057248
DS2.d231.s0.i6 -1 -1.41663065217
DS2.d231.s0.i7 -1 -1.80343702795
DS2.d231.s0.i8 -1 -1.75804894314
DS2.d231.s0.i9 -1 -0.730578594802
DS2.d231.s0.i10 -1 -0.633867953981
DS2.d231.s0.i11 -1 -1.57495290375
DS2.d231.s0.i12 -1 -0.844594308919
DS2.d231.s0.i13 -1 -0.964031471265
DS2.d231.s0.i14 -1 -1.22695763501
DS2.d231.s0.i15 -1 -1.68951566908
DS2.d231.s0.i16 -1 -1.38570992121
DS2.d231.s0.i17 -1 -0.645698936008
DS2.d231.s0.i18 -1 -1.46900838315
DS2.d231.s0.i19 -1 -1.45983310288
DS2.d231.s0.i20 -1 -0.874538599813
DS2.d231.s0.i21 -1 -1.05547342747
DS2.d231.s0.i22 -1 -1.227024868
DS2.d231.s0.i23 -1 -1.14445383288
DS2.d241.s0.i0 1.0 1.5033793951
DS2.d241.s1.i0 1.0 0.670646782795
DS2.d252.s0.i0 1.0 0.789329410067
DS2.d252.s1.i0 1.0 1.46928549407
DS2.d253.s0.i0 -1 -0.703119060336
DS2.d265.s0.i0 1.0 0.909686401124
DS2.d265.s0.i1 1.0 0.609617919097
DS2.d265.s0.i2 1.0 0.513077993873
DS2.d266.s0.i0 1.0 1.04855124485
DS2.d267.s0.i0 -1 0.908121567923
DS2.d267.s1.i0 1.0 0.612501906837
DS2.d267.s1.i1 1.0 0.164337625278
DS2.d267.s1.i2 1.0 0.686820218807
DS2.d267.s1.i3 1.0 0.0488797415944
DS2.d272.s0.i0 -1 -0.0859208657425
DS2.d305.s0.i0 1.0 0.0129530071203
DS2.d305.s0.i1 1.0 0.594646349686
DS2.d305.s0.i2 1.0 0.403018882918
DS2.d305.s0.i3 1.0 0.79501007275
DS2.d305.s1.i0 -1 1.13149552239
DS2.d305.s2.i0 1.0 -0.0980024032094
DS2.d305.s2.i1 1.0 -0.0376646702401
DS2.d308.s0.i0 1.0 0.591306383094
DS2.d308.s0.i1 1.0 0.716348049026
DS2.d308.s1.i0 1.0 1.04936580484
DS2.d313.s0.i0 -1 0.757692198747
DS2.d313.s0.i1 -1 0.75373800712
DS2.d316.s0.i0 -1 1.10921131347
DS2.d330.s0.i0 1.0 -0.029855410734
DS2.d337.s0.i0 1.0 0.303684408433
DS2.d337.s1.i0 1.0 1.03692604272
DS2.d337.s1.i1 1.0 -0.0415454510434
DS2.d348.s0.i0 1.0 0.450206441582
DS2.d348.s1.i0 -1 -0.177787292496
DS2.d351.s0.i0 -1 0.970299573429
DS2.d351.s1.i0 -1 1.08503379025
DS2.d358.s0.i0 1.0 0.683418816934
DS2.d363.s0.i0 -1 1.02722237692
DS2.d363.s0.i1 -1 0.704258185361
DS2.d386.s0.i0 1.0 0.506802369283
DS2.d397.s0.i0 -1 0.0736784897255
DS2.d397.s0.i1 -1 0.18388112602
DS2.d397.s0.i2 -1 0.0888734544367
DS2.d397.s0.i3 -1 -0.225693684882
DS2.d397.s0.i4 -1 -0.0991025015712
DS2.d397.s0.i5 -1 0.199475375798
DS2.d397.s0.i6 -1 0.00154444441023
DS2.d397.s0.i7 -1 0.083416793387
DS2.d397.s0.i8 -1 -0.178948972635
DS2.d397.s0.i9 -1 -0.0306649557482
DS2.d397.s1.i0 1.0 -0.0564473309635
DS2.d419.s0.i0 -1 -0.667801047384
DS2.d419.s0.i1 -1 -0.99095782173
DS2.d428.s0.i0 1.0 0.807337654777
DS2.d429.s0.i0 1.0 0.237104931545
DS2.d429.s1.i0 1.0 0.369069587202
DS2.d431.s0.i0 1.0 1.1080703232
DS2.d439.s0.i0 -1 0.065071181667
DS2.d456.s0.i0 -1 -0.736971508151
DS2.d456.s1.i0 -1 -0.363686124446
DS2.d457.s0.i0 -1 0.269654684613
DS2.d501.s0.i0 -1 -1.22204908727
DS2.d501.s0.i1 -1 -1.83564197028
DS2.d501.s1.i0 -1 -0.512744503664
DS2.d501.s1.i1 -1 -1.45535726575
DS2.d504.s0.i0 -1 0.480923104955
DS2.d535.s0.i0 -1 -0.243443000937
DS2.d535.s0.i1 -1 -0.162318307277
DS2.d541.s0.i0 1.0 0.0983706880401
DS2.d547.s0.i0 1.0 0.0504712564227
DS2.d547.s1.i0 -1 -0.947415920888
DS2.d551.s0.i0 1.0 -0.256462900707
DS2.d551.s0.i1 1.0 0.224785694004
DS2.d551.s0.i2 1.0 -0.124937248809
DS2.d551.s0.i3 1.0 0.367544059571
DS2.d566.s0.i0 -1 -0.195480956218
DS2.d566.s0.i1 -1 -0.387568203706
DS2.d566.s0.i2 -1 -0.58310025886
DS2.d566.s0.i3 -1 -0.616658132662
DS2.d567.s0.i0 -1 0.955597737106
DS2.d569.s0.i0 1.0 -0.0879358373498
DS2.d569.s0.i1 1.0 -0.112258210534
DS2.d585.s0.i0 1.0 1.89318454277
DS2.d585.s0.i1 1.0 1.50564635952
DS2.d587.s0.i0 1.0 0.912221669885
DS2.d594.s0.i0 -1 0.426236392567
DS2.d599.s0.i0 -1 -0.571108013189
DS2.d599.s0.i1 -1 -0.819609467748
DS2.d599.s0.i2 -1 -0.738464619008
DS2.d626.s0.i0 1.0 0.455795775474
DS2.d628.s0.i0 1.0 0.336008750333
DS2.d631.s0.i0 1.0 1.78518799302
DS2.d631.s1.i0 1.0 0.955528341932
DS2.d634.s0.i0 -1 0.47188247933
DS2.d650.s0.i0 1.0 -0.230805331356
DS2.d650.s0.i1 1.0 0.318153091403
DS2.d650.s0.i2 1.0 0.483007666416
DS2.d650.s0.i3 1.0 0.205802177963
DS2.d654.s0.i0 -1 1.49473235707
DS2.d654.s1.i0 1.0 0.795263974981
DS2.d660.s0.i0 -1 -0.134810938859
DS2.d662.s0.i0 1.0 0.494207024596
DS2.d662.s0.i1 1.0 -0.329037856359
DS2.d666.s0.i0 -1 -0.142096934717
DS2.d666.s0.i1 -1 -0.451602069713
DS2.d667.s0.i0 1.0 1.25637281185
DS2.d667.s0.i1 1.0 1.59434386621
DS2.d670.s0.i0 -1 -0.553252183166
DS2.d670.s0.i1 -1 -0.570032402774
DS2.d674.s0.i0 -1 -0.392690430615
DS2.d674.s0.i1 -1 0.79980630743
DS2.d674.s0.i2 -1 -0.287925281332
DS2.d674.s0.i3 -1 -0.594474973781
DS2.d677.s0.i0 -1 -0.000639719575122
DS2.d677.s0.i1 -1 -0.4755345424
DS2.d677.s0.i2 -1 -0.280555876188
DS2.d677.s0.i3 -1 -0.0448372299957
DS2.d677.s0.i4 -1 -0.0108395267217
DS2.d677.s0.i5 -1 -0.25055894202
DS2.d677.s0.i6 -1 -0.271017595364
DS2.d677.s0.i7 -1 -0.280555876188
DS2.d677.s0.i8 -1 -0.0542896551232
DS2.d677.s0.i9 -1 -0.25055894202
DS2.d677.s0.i10 -1 -0.241020661196
DS2.d677.s0.i11 -1 -0.205546561282
DS2.d677.s0.i12 -1 -0.445537608231
DS2.d677.s0.i13 -1 -0.445537608231
DS2.d677.s0.i14 -1 -0.0646067972777
DS2.d677.s0.i15 -1 -0.569507336945
DS2.d677.s0.i16 -1 -0.671839342371
DS2.d677.s0.i17 -1 -0.4755345424
DS2.d677.s0.i18 -1 -0.554625894877
DS2.d677.s0.i19 -1 0.101148825121
DS2.d681.s0.i0 -1 -1.13254416539
DS2.d681.s0.i1 -1 -0.548813558256
DS2.d681.s0.i2 -1 -0.548813558256
DS2.d681.s0.i3 -1 -1.13254416539
DS2.d699.s0.i0 1.0 1.28678773073
DS2.d716.s0.i0 -1 -0.364046921957
DS2.d716.s1.i0 -1 -1.0130846058
DS2.d716.s1.i1 1.0 0.570784623262
DS2.d716.s1.i2 -1 -0.960382908318
DS2.d722.s0.i0 1.0 1.43765889599
DS2.d733.s0.i0 1.0 1.2947183893
DS2.d733.s0.i1 1.0 1.41908175903
DS2.d744.s0.i0 1.0 0.304741899772
DS2.d763.s0.i0 1.0 0.549836266977
DS2.d773.s0.i0 -1 0.276973288018
DS2.d773.s0.i1 -1 0.0116597609603
DS2.d782.s0.i0 -1 -0.388442953526
DS2.d791.s0.i0 1.0 1.53906646642
DS2.d791.s1.i0 1.0 0.390269621315
DS2.d798.s0.i0 1.0 1.28925015438
DS2.d803.s0.i0 -1 -1.52297915237
DS2.d803.s0.i1 -1 -0.331257270753
DS2.d803.s1.i0 -1 -1.32045474151
DS2.d823.s0.i0 1.0 1.42277154872
DS2.d823.s0.i1 1.0 0.735244742628
DS2.d823.s1.i0 1.0 -0.178677418359
DS2.d823.s1.i1 1.0 0.613377375291
DS2.d823.s2.i0 1.0 0.391385427272
DS2.d823.s3.i0 -1 -0.132677347276
DS2.d823.s4.i0 -1 0.496463250725
DS2.d823.s4.i1 -1 0.313872848307
DS2.d827.s0.i0 1.0 1.6158150065
DS2.d849.s0.i0 -1 -0.0862761712913
DS2.d851.s0.i0 1.0 1.63908890521
DS2.d851.s0.i1 1.0 1.33291157764
DS2.d851.s1.i0 1.0 0.683612583114
DS2.d870.s0.i0 1.0 0.710536839842
DS2.d870.s1.i0 1.0 0.717788556528
DS2.d879.s0.i0 1.0 0.633389883466
DS2.d880.s0.i0 -1 -1.60846320835
DS2.d880.s0.i1 -1 -1.59720037618
DS2.d880.s1.i0 -1 -1.59720037618
DS2.d882.s0.i0 1.0 1.39938665618
DS2.d882.s1.i0 -1 -1.93921965799
DS2.d882.s1.i1 -1 -0.462967115531
DS2.d923.s0.i0 -1 0.084850983331
DS2.d923.s1.i0 -1 -1.11213085683
DS2.d926.s0.i0 -1 0.0451895575538
DS2.d926.s0.i1 -1 0.0451895575538
DS2.d942.s0.i0 1.0 0.127863980821
DS2.d956.s0.i0 1.0 1.84334825551
DS2.d956.s0.i1 1.0 1.70135743896
DS2.d966.s0.i0 1.0 1.10721710352
DS2.d969.s0.i0 -1 -0.385553507539
DS2.d969.s0.i1 -1 0.0139310502806
DS2.d991.s0.i0 1.0 0.575889393057
DS2.d995.s0.i0 -1 0.304551060969
DS2.d1001.s0.i0 1.0 -0.201236219488
DS2.d1001.s0.i1 1.0 -0.37889267279
DS2.d1013.s0.i0 1.0 1.80988386383
DS2.d1013.s1.i0 1.0 0.764900646286
DS2.d1018.s0.i0 1.0 1.00801931381
DS2.d1021.s0.i0 1.0 -1.22886158095
DS2.d1021.s0.i1 -1 0.833440499939
DS2.d1021.s0.i2 -1 -0.895134092991
DS2.d1021.s0.i3 1.0 -0.375740532035
DS2.d1021.s0.i4 -1 -0.623228970547
DS2.d1021.s0.i5 -1 -0.199729439553
DS2.d1029.s0.i0 -1 -0.706769225814
DS2.d1029.s0.i1 -1 0.0149704837414
DS2.d1029.s0.i2 -1 -0.842911686182
DS2.d1029.s0.i3 -1 -0.0342828281598
DS2.d1029.s0.i4 -1 -0.47461736117
DS2.d1029.s0.i5 -1 0.0815654381157
DS2.d1033.s0.i0 1.0 0.0670500518791
DS2.d1064.s0.i0 -1 -0.47903286454
DS2.d1064.s0.i1 -1 -0.615469943862
