DS2.d0.s0.i0 1.0 1.28120909271
DS2.d0.s1.i0 1.0 1.06394165163
DS2.d6.s0.i0 -1 -1.39476659245
DS2.d6.s0.i1 -1 -0.951505553521
DS2.d6.s0.i2 -1 -0.9848643407
DS2.d6.s0.i3 -1 -1.14951908137
DS2.d6.s0.i4 -1 -1.30831577934
DS2.d6.s0.i5 -1 -1.20230050949
DS2.d6.s0.i6 -1 -0.534567657269
DS2.d6.s0.i7 -1 -0.831090166825
DS2.d6.s0.i8 -1 -1.23680442701
DS2.d6.s0.i9 -1 -0.402920014853
DS2.d8.s0.i0 -1 -0.295442515856
DS2.d8.s0.i1 1.0 1.35042741235
DS2.d8.s0.i2 1.0 0.267823178682
DS2.d32.s0.i0 1.0 1.68815725434
DS2.d46.s0.i0 -1 -0.85276265595
DS2.d46.s0.i1 -1 -0.162668101153
DS2.d46.s0.i2 -1 -0.445346195839
DS2.d52.s0.i0 -1 -0.346564010893
DS2.d52.s0.i1 -1 -0.803975953598
DS2.d52.s1.i0 1.0 0.696587961989
DS2.d92.s0.i0 1.0 0.687479749599
DS2.d97.s0.i0 -1 0.273197688082
DS2.d97.s0.i1 -1 0.229767430014
DS2.d97.s0.i2 -1 0.315672762579
DS2.d110.s0.i0 1.0 1.39658058537
DS2.d110.s0.i1 1.0 1.39658058537
DS2.d116.s0.i0 1.0 0.36381647009
DS2.d116.s0.i1 1.0 0.634803722804
DS2.d116.s1.i0 -1 -0.9372389666
DS2.d116.s1.i1 1.0 -0.426580305271
DS2.d116.s1.i2 -1 -0.00022585510591
DS2.d138.s0.i0 1.0 0.796807544753
DS2.d138.s0.i1 1.0 0.796807544753
DS2.d155.s0.i0 1.0 0.824220464403
DS2.d172.s0.i0 -1 -0.376140038186
DS2.d173.s0.i0 -1 -0.557891718101
DS2.d173.s0.i1 -1 -0.606207369651
DS2.d175.s0.i0 1.0 1.12691712261
DS2.d188.s0.i0 1.0 1.28582989699
DS2.d188.s0.i1 1.0 2.28625081678
DS2.d188.s0.i2 1.0 2.0371848056
DS2.d188.s0.i3 1.0 1.55336739155
DS2.d188.s1.i0 -1 -0.25043037196
DS2.d201.s0.i0 1.0 -0.733207822933
DS2.d201.s0.i1 -1 -0.246146251616
DS2.d201.s0.i2 -1 0.379279070421
DS2.d201.s0.i3 1.0 -0.484661869481
DS2.d201.s0.i4 1.0 -0.922122557614
DS2.d201.s0.i5 -1 -0.216157924491
DS2.d201.s0.i6 1.0 0.629732626739
DS2.d201.s0.i7 -1 0.315426853776
DS2.d201.s0.i8 1.0 -0.903942259376
DS2.d201.s0.i9 1.0 0.186470534252
DS2.d201.s0.i10 -1 0.384739506309
DS2.d201.s0.i11 -1 -0.229754342708
DS2.d201.s1.i0 1.0 1.26272548607
DS2.d201.s1.i1 1.0 1.29281608039
DS2.d201.s1.i2 -1 0.667794253701
DS2.d205.s0.i0 1.0 -0.091873969155
DS2.d205.s1.i0 1.0 -1.77124377231
DS2.d205.s2.i0 -1 -0.559657847172
DS2.d229.s0.i0 1.0 1.10336914527
DS2.d231.s0.i0 -1 -1.22170289181
DS2.d231.s0.i1 -1 -1.49013360168
DS2.d231.s0.i2 -1 0.0442217480044
DS2.d231.s0.i3 -1 -1.65422856859
DS2.d231.s0.i4 -1 -1.52134643008
DS2.d231.s0.i5 -1 -1.01840741244
DS2.d231.s0.i6 -1 -1.46673540239
DS2.d231.s0.i7 -1 -1.76925524039
DS2.d231.s0.i8 -1 -1.72967974215
DS2.d231.s0.i9 -1 -0.712594743474
DS2.d231.s0.i10 -1 -0.540694101575
DS2.d231.s0.i11 -1 -1.55293072093
DS2.d231.s0.i12 -1 -1.00339450714
DS2.d231.s0.i13 -1 -1.02309411912
DS2.d231.s0.i14 -1 -1.41277868167
DS2.d231.s0.i15 -1 -1.76198610847
DS2.d231.s0.i16 -1 -1.48304245796
DS2.d231.s0.i17 -1 -0.651948337241
DS2.d231.s0.i18 -1 -1.50387347957
DS2.d231.s0.i19 -1 -1.56255481802
DS2.d231.s0.i20 -1 -0.890701837769
DS2.d231.s0.i21 -1 -1.09116902236
DS2.d231.s0.i22 -1 -1.15279231756
DS2.d231.s0.i23 -1 -1.27375782441
DS2.d241.s0.i0 1.0 1.34419739592
DS2.d241.s1.i0 1.0 0.686536553859
DS2.d252.s0.i0 1.0 0.644617136338
DS2.d252.s1.i0 1.0 1.45908554869
DS2.d253.s0.i0 -1 -0.828555720685
DS2.d265.s0.i0 1.0 0.751127932813
DS2.d265.s0.i1 1.0 0.450846944161
DS2.d265.s0.i2 1.0 0.224830532084
DS2.d266.s0.i0 1.0 0.980688229588
DS2.d267.s0.i0 -1 0.842194957677
DS2.d267.s1.i0 1.0 0.698903416582
DS2.d267.s1.i1 1.0 0.0121070452822
DS2.d267.s1.i2 1.0 0.572106896622
DS2.d267.s1.i3 1.0 -0.165140939798
DS2.d272.s0.i0 -1 -0.139241293393
DS2.d305.s0.i0 1.0 -0.167777224447
DS2.d305.s0.i1 1.0 0.441186261153
DS2.d305.s0.i2 1.0 0.255423352449
DS2.d305.s0.i3 1.0 0.716080428824
DS2.d305.s1.i0 -1 1.05448089408
DS2.d305.s2.i0 1.0 -0.196330832686
DS2.d305.s2.i1 1.0 -0.202997840498
DS2.d308.s0.i0 1.0 0.585532704857
DS2.d308.s0.i1 1.0 0.689281676109
DS2.d308.s1.i0 1.0 1.13957226549
DS2.d313.s0.i0 -1 0.740940077028
DS2.d313.s0.i1 -1 0.74051621695
DS2.d316.s0.i0 -1 0.923234575699
DS2.d330.s0.i0 1.0 -0.0601383916966
DS2.d337.s0.i0 1.0 0.124861731634
DS2.d337.s1.i0 1.0 0.933232608042
DS2.d337.s1.i1 1.0 -0.122238483292
DS2.d348.s0.i0 1.0 0.200521263706
DS2.d348.s1.i0 -1 -0.586451538305
DS2.d351.s0.i0 -1 0.950209377172
DS2.d351.s1.i0 -1 1.01350268195
DS2.d358.s0.i0 1.0 0.458584262064
DS2.d363.s0.i0 -1 0.854636002357
DS2.d363.s0.i1 -1 0.85077314379
DS2.d386.s0.i0 1.0 0.375219589206
DS2.d397.s0.i0 -1 -0.145522694648
DS2.d397.s0.i1 -1 0.0120737489759
DS2.d397.s0.i2 -1 -0.121330593428
DS2.d397.s0.i3 -1 -0.426176268082
DS2.d397.s0.i4 -1 -0.260509070154
DS2.d397.s0.i5 -1 0.027891216008
DS2.d397.s0.i6 -1 -0.129389663236
DS2.d397.s0.i7 -1 -0.146317649371
DS2.d397.s0.i8 -1 -0.458677019662
DS2.d397.s0.i9 -1 -0.0933803035642
DS2.d397.s1.i0 1.0 -0.0225999002919
DS2.d419.s0.i0 -1 -0.651145541426
DS2.d419.s0.i1 -1 -1.04058688692
DS2.d428.s0.i0 1.0 0.653542528923
DS2.d429.s0.i0 1.0 0.143771650757
DS2.d429.s1.i0 1.0 0.187196970375
DS2.d431.s0.i0 1.0 0.895739294878
DS2.d439.s0.i0 -1 0.0857103037347
DS2.d456.s0.i0 -1 -0.678406648242
DS2.d456.s1.i0 -1 -0.406759024832
DS2.d457.s0.i0 -1 0.170522035779
DS2.d501.s0.i0 -1 -1.20045042931
DS2.d501.s0.i1 -1 -1.97684127257
DS2.d501.s1.i0 -1 -0.536440131285
DS2.d501.s1.i1 -1 -1.51909625743
DS2.d504.s0.i0 -1 0.416125632242
DS2.d535.s0.i0 -1 -0.46559495052
DS2.d535.s0.i1 -1 -0.409808039733
DS2.d541.s0.i0 1.0 -0.19852043963
DS2.d547.s0.i0 1.0 -0.130400987039
DS2.d547.s1.i0 -1 -0.971940417886
DS2.d551.s0.i0 1.0 -0.289456496411
DS2.d551.s0.i1 1.0 0.235248202075
DS2.d551.s0.i2 1.0 -0.171085991294
DS2.d551.s0.i3 1.0 0.32223616453
DS2.d566.s0.i0 -1 -0.269920511333
DS2.d566.s0.i1 -1 -0.340725597603
DS2.d566.s0.i2 -1 -0.460040340351
DS2.d566.s0.i3 -1 -0.50137018873
DS2.d567.s0.i0 -1 0.81764090583
DS2.d569.s0.i0 1.0 -0.141352160342
DS2.d569.s0.i1 1.0 -0.0916279160555
DS2.d585.s0.i0 1.0 1.92242417919
DS2.d585.s0.i1 1.0 1.54301282257
DS2.d587.s0.i0 1.0 0.804179912529
DS2.d594.s0.i0 -1 0.477614977357
DS2.d599.s0.i0 -1 -0.472810312423
DS2.d599.s0.i1 -1 -0.737948448751
DS2.d599.s0.i2 -1 -0.679316846651
DS2.d626.s0.i0 1.0 0.525843299795
DS2.d628.s0.i0 1.0 0.567452291193
DS2.d631.s0.i0 1.0 1.75191262932
DS2.d631.s1.i0 1.0 1.21203224707
DS2.d634.s0.i0 -1 0.373591565662
DS2.d650.s0.i0 1.0 -0.118719791065
DS2.d650.s0.i1 1.0 0.302817321834
DS2.d650.s0.i2 1.0 0.461059582876
DS2.d650.s0.i3 1.0 0.32631901217
DS2.d654.s0.i0 -1 1.11686187567
DS2.d654.s1.i0 1.0 0.942599276624
DS2.d660.s0.i0 -1 -0.200588800751
DS2.d662.s0.i0 1.0 0.356133328223
DS2.d662.s0.i1 1.0 -0.445950836719
DS2.d666.s0.i0 -1 -0.361426988933
DS2.d666.s0.i1 -1 -0.44162315027
DS2.d667.s0.i0 1.0 1.42746983043
DS2.d667.s0.i1 1.0 1.75045192106
DS2.d670.s0.i0 -1 -0.674405163495
DS2.d670.s0.i1 -1 -0.606601162439
DS2.d674.s0.i0 -1 -0.635880561111
DS2.d674.s0.i1 -1 0.768077557976
DS2.d674.s0.i2 -1 -0.304201674004
DS2.d674.s0.i3 -1 -0.716589615216
DS2.d677.s0.i0 -1 -0.127197856185
DS2.d677.s0.i1 -1 -0.58010425535
DS2.d677.s0.i2 -1 -0.541857158285
DS2.d677.s0.i3 -1 -0.474375177462
DS2.d677.s0.i4 -1 -0.188824203607
DS2.d677.s0.i5 -1 -0.480313219744
DS2.d677.s0.i6 -1 -0.571383045545
DS2.d677.s0.i7 -1 -0.541857158285
DS2.d677.s0.i8 -1 -0.234951723704
DS2.d677.s0.i9 -1 -0.480313219744
DS2.d677.s0.i10 -1 -0.509839107004
DS2.d677.s0.i11 -1 -0.288367013514
DS2.d677.s0.i12 -1 -0.518560316809
DS2.d677.s0.i13 -1 -0.518560316809
DS2.d677.s0.i14 -1 -0.49885317949
DS2.d677.s0.i15 -1 -0.670832166795
DS2.d677.s0.i16 -1 -0.75202060692
DS2.d677.s0.i17 -1 -0.58010425535
DS2.d677.s0.i18 -1 -0.856081247357
DS2.d677.s0.i19 -1 -0.302198764946
DS2.d681.s0.i0 -1 -1.0823622943
DS2.d681.s0.i1 -1 -0.854185683485
DS2.d681.s0.i2 -1 -0.854185683485
DS2.d681.s0.i3 -1 -1.0823622943
DS2.d699.s0.i0 1.0 1.25696555685
DS2.d716.s0.i0 -1 -0.529201406022
DS2.d716.s1.i0 -1 -1.27802362805
DS2.d716.s1.i1 1.0 0.410084346397
DS2.d716.s1.i2 -1 -1.20320212879
DS2.d722.s0.i0 1.0 1.47657330606
DS2.d733.s0.i0 1.0 1.16617392392
DS2.d733.s0.i1 1.0 1.3703379212
DS2.d744.s0.i0 1.0 0.354442172125
DS2.d763.s0.i0 1.0 0.603750256289
DS2.d773.s0.i0 -1 0.431538091901
DS2.d773.s0.i1 -1 0.120896378648
DS2.d782.s0.i0 -1 -0.527401663391
DS2.d791.s0.i0 1.0 1.42409173335
DS2.d791.s1.i0 1.0 0.30731766691
DS2.d798.s0.i0 1.0 1.28140786502
DS2.d803.s0.i0 -1 -1.43350502577
DS2.d803.s0.i1 -1 -0.544698672477
DS2.d803.s1.i0 -1 -1.61349877658
DS2.d823.s0.i0 1.0 1.51443991918
DS2.d823.s0.i1 1.0 0.761462001561
DS2.d823.s1.i0 1.0 -0.0956934093116
DS2.d823.s1.i1 1.0 0.710798857703
DS2.d823.s2.i0 1.0 0.260076225572
DS2.d823.s3.i0 -1 -0.242364187567
DS2.d823.s4.i0 -1 0.608188652427
DS2.d823.s4.i1 -1 0.383690938073
DS2.d827.s0.i0 1.0 1.42361880232
DS2.d849.s0.i0 -1 -0.214337120834
DS2.d851.s0.i0 1.0 1.78203460841
DS2.d851.s0.i1 1.0 1.49399017167
DS2.d851.s1.i0 1.0 0.865509486438
DS2.d870.s0.i0 1.0 0.577696957714
DS2.d870.s1.i0 1.0 0.564904912139
DS2.d879.s0.i0 1.0 0.859703847958
DS2.d880.s0.i0 -1 -1.63221505852
DS2.d880.s0.i1 -1 -1.55640310619
DS2.d880.s1.i0 -1 -1.55640310619
DS2.d882.s0.i0 1.0 1.3318825305
DS2.d882.s1.i0 -1 -1.94604478797
DS2.d882.s1.i1 -1 -0.510114728403
DS2.d923.s0.i0 -1 -0.171985525725
DS2.d923.s1.i0 -1 -1.17035937062
DS2.d926.s0.i0 -1 -0.346363198537
DS2.d926.s0.i1 -1 -0.346363198537
DS2.d942.s0.i0 1.0 0.0502369469086
DS2.d956.s0.i0 1.0 1.91614136726
DS2.d956.s0.i1 1.0 1.7720526887
DS2.d966.s0.i0 1.0 1.39162388423
DS2.d969.s0.i0 -1 -0.308232150919
DS2.d969.s0.i1 -1 -0.0640523186325
DS2.d991.s0.i0 1.0 0.509984849848
DS2.d995.s0.i0 -1 0.181911486283
DS2.d1001.s0.i0 1.0 -0.363410220644
DS2.d1001.s0.i1 1.0 -0.423095579904
DS2.d1013.s0.i0 1.0 1.85398846499
DS2.d1013.s1.i0 1.0 0.884143257163
DS2.d1018.s0.i0 1.0 0.777235753264
DS2.d1021.s0.i0 1.0 -1.21254409274
DS2.d1021.s0.i1 -1 0.891577724029
DS2.d1021.s0.i2 -1 -1.04968911869
DS2.d1021.s0.i3 1.0 -0.160127814041
DS2.d1021.s0.i4 -1 -0.715029850242
DS2.d1021.s0.i5 -1 -0.329557599094
DS2.d1029.s0.i0 -1 -0.617748001751
DS2.d1029.s0.i1 -1 -0.319299101191
DS2.d1029.s0.i2 -1 -0.749687379939
DS2.d1029.s0.i3 -1 -0.391379778018
DS2.d1029.s0.i4 -1 -0.48345287076
DS2.d1029.s0.i5 -1 -0.253937589552
DS2.d1033.s0.i0 1.0 0.00225566378787
DS2.d1064.s0.i0 -1 -0.524976476069
DS2.d1064.s0.i1 -1 -0.615125264842
