DS2.d0.s0.i0 1.0 1.3700693164
DS2.d0.s1.i0 1.0 1.36574575751
DS2.d6.s0.i0 -1 -1.19566097836
DS2.d6.s0.i1 -1 -0.707665356085
DS2.d6.s0.i2 -1 -0.791897811081
DS2.d6.s0.i3 -1 -1.23849353378
DS2.d6.s0.i4 -1 -1.23156988232
DS2.d6.s0.i5 -1 -0.779121695066
DS2.d6.s0.i6 -1 -0.685392093138
DS2.d6.s0.i7 -1 -0.594406040716
DS2.d6.s0.i8 -1 -1.20258462983
DS2.d6.s0.i9 -1 -0.499063541542
DS2.d8.s0.i0 -1 -0.822898912065
DS2.d8.s0.i1 1.0 1.31339027228
DS2.d8.s0.i2 1.0 0.0889688549724
DS2.d32.s0.i0 1.0 1.60967035163
DS2.d46.s0.i0 -1 -0.929027671985
DS2.d46.s0.i1 -1 -0.581871213173
DS2.d46.s0.i2 -1 -0.686817159978
DS2.d52.s0.i0 -1 -0.492865060946
DS2.d52.s0.i1 -1 -0.800814986016
DS2.d52.s1.i0 1.0 0.314873699088
DS2.d92.s0.i0 1.0 0.179063747845
DS2.d97.s0.i0 -1 0.0302840759502
DS2.d97.s0.i1 -1 -0.160530126845
DS2.d97.s0.i2 -1 0.293774840286
DS2.d110.s0.i0 1.0 1.64695623531
DS2.d110.s0.i1 1.0 1.64695623531
DS2.d116.s0.i0 1.0 0.646568498978
DS2.d116.s0.i1 1.0 0.998293661613
DS2.d116.s1.i0 -1 -1.07569229881
DS2.d116.s1.i1 1.0 -0.0200893261455
DS2.d116.s1.i2 -1 0.234592842624
DS2.d138.s0.i0 1.0 0.839023595579
DS2.d138.s0.i1 1.0 0.839023595579
DS2.d155.s0.i0 1.0 1.50691061555
DS2.d172.s0.i0 -1 -0.941269247202
DS2.d173.s0.i0 -1 -1.11546095883
DS2.d173.s0.i1 -1 -0.60617936484
DS2.d175.s0.i0 1.0 1.3238476831
DS2.d188.s0.i0 1.0 1.37064826522
DS2.d188.s0.i1 1.0 1.64124585106
DS2.d188.s0.i2 1.0 1.19788862886
DS2.d188.s0.i3 1.0 1.68105454952
DS2.d188.s1.i0 -1 -0.512193266273
DS2.d201.s0.i0 1.0 -1.11432361266
DS2.d201.s0.i1 -1 -0.278166080304
DS2.d201.s0.i2 -1 0.702723463289
DS2.d201.s0.i3 1.0 -0.303688054251
DS2.d201.s0.i4 1.0 -1.34757100282
DS2.d201.s0.i5 -1 -0.180954548252
DS2.d201.s0.i6 1.0 0.502356008351
DS2.d201.s0.i7 -1 0.707088642525
DS2.d201.s0.i8 1.0 -1.36420199966
DS2.d201.s0.i9 1.0 0.161900186717
DS2.d201.s0.i10 -1 0.918841689948
DS2.d201.s0.i11 -1 -0.402990226047
DS2.d201.s1.i0 1.0 1.25933201599
DS2.d201.s1.i1 1.0 1.07039187121
DS2.d201.s1.i2 -1 0.121285859402
DS2.d205.s0.i0 1.0 -0.542551499301
DS2.d205.s1.i0 1.0 -2.23404959738
DS2.d205.s2.i0 -1 -0.62847311606
DS2.d229.s0.i0 1.0 1.32787947797
DS2.d231.s0.i0 -1 -2.10154973018
DS2.d231.s0.i1 -1 -2.35740621459
DS2.d231.s0.i2 -1 -0.2006673962
DS2.d231.s0.i3 -1 -2.42570402524
DS2.d231.s0.i4 -1 -2.43828371512
DS2.d231.s0.i5 -1 -1.70611336236
DS2.d231.s0.i6 -1 -2.11114515796
DS2.d231.s0.i7 -1 -2.79113986927
DS2.d231.s0.i8 -1 -2.75459464222
DS2.d231.s0.i9 -1 -1.472415319
DS2.d231.s0.i10 -1 -0.645343643452
DS2.d231.s0.i11 -1 -2.46198131498
DS2.d231.s0.i12 -1 -1.83216982244
DS2.d231.s0.i13 -1 -1.95554786448
DS2.d231.s0.i14 -1 -2.16290937717
DS2.d231.s0.i15 -1 -2.55681469859
DS2.d231.s0.i16 -1 -2.39368350432
DS2.d231.s0.i17 -1 -1.53031266723
DS2.d231.s0.i18 -1 -2.0558684686
DS2.d231.s0.i19 -1 -2.39860460671
DS2.d231.s0.i20 -1 -1.45563328343
DS2.d231.s0.i21 -1 -1.91885721279
DS2.d231.s0.i22 -1 -1.77441117302
DS2.d231.s0.i23 -1 -2.0428473473
DS2.d241.s0.i0 1.0 2.07496693087
DS2.d241.s1.i0 1.0 1.50846135494
DS2.d252.s0.i0 1.0 0.970373680325
DS2.d252.s1.i0 1.0 1.88208604805
DS2.d253.s0.i0 -1 -1.07061474183
DS2.d265.s0.i0 1.0 0.932981474386
DS2.d265.s0.i1 1.0 0.429870329599
DS2.d265.s0.i2 1.0 0.334579370174
DS2.d266.s0.i0 1.0 0.538420396797
DS2.d267.s0.i0 -1 0.917476366481
DS2.d267.s1.i0 1.0 0.363028324059
DS2.d267.s1.i1 1.0 0.295576622194
DS2.d267.s1.i2 1.0 0.359108693226
DS2.d267.s1.i3 1.0 0.0672590261146
DS2.d272.s0.i0 -1 -0.457227500474
DS2.d305.s0.i0 1.0 -0.313305019503
DS2.d305.s0.i1 1.0 -0.238839522538
DS2.d305.s0.i2 1.0 -0.31927514777
DS2.d305.s0.i3 1.0 -0.155428893387
DS2.d305.s1.i0 -1 1.50829135459
DS2.d305.s2.i0 1.0 -0.0651408270613
DS2.d305.s2.i1 1.0 0.159097147859
DS2.d308.s0.i0 1.0 0.845529552215
DS2.d308.s0.i1 1.0 0.978103174106
DS2.d308.s1.i0 1.0 0.962366510318
DS2.d313.s0.i0 -1 1.14654564043
DS2.d313.s0.i1 -1 0.96491669042
DS2.d316.s0.i0 -1 1.11092106065
DS2.d330.s0.i0 1.0 0.682943066024
DS2.d337.s0.i0 1.0 0.135730582113
DS2.d337.s1.i0 1.0 0.955448925689
DS2.d337.s1.i1 1.0 0.256895512791
DS2.d348.s0.i0 1.0 0.774265805193
DS2.d348.s1.i0 -1 -0.945803834451
DS2.d351.s0.i0 -1 0.795050412047
DS2.d351.s1.i0 -1 1.15444392841
DS2.d358.s0.i0 1.0 1.08245328323
DS2.d363.s0.i0 -1 0.721139414682
DS2.d363.s0.i1 -1 1.16941808768
DS2.d386.s0.i0 1.0 0.167716551473
DS2.d397.s0.i0 -1 -0.31415349844
DS2.d397.s0.i1 -1 -0.233510048995
DS2.d397.s0.i2 -1 -0.30565918767
DS2.d397.s0.i3 -1 -0.465589005308
DS2.d397.s0.i4 -1 -0.51507684781
DS2.d397.s0.i5 -1 -0.227234717536
DS2.d397.s0.i6 -1 -0.30565918767
DS2.d397.s0.i7 -1 -0.299383856211
DS2.d397.s0.i8 -1 -0.667839503895
DS2.d397.s0.i9 -1 -0.31055487922
DS2.d397.s1.i0 1.0 -0.0278137078978
DS2.d419.s0.i0 -1 -0.509566836569
DS2.d419.s0.i1 -1 -1.29299978078
DS2.d428.s0.i0 1.0 0.281968448703
DS2.d429.s0.i0 1.0 -0.195098759075
DS2.d429.s1.i0 1.0 0.153518582124
DS2.d431.s0.i0 1.0 1.63583493829
DS2.d439.s0.i0 -1 0.0987374344602
DS2.d456.s0.i0 -1 -1.15349559474
DS2.d456.s1.i0 -1 -1.23253202287
DS2.d457.s0.i0 -1 -0.574371094719
DS2.d501.s0.i0 -1 -1.78259491708
DS2.d501.s0.i1 -1 -2.21678634048
DS2.d501.s1.i0 -1 -0.708968387819
DS2.d501.s1.i1 -1 -1.84112138646
DS2.d504.s0.i0 -1 0.201074841087
DS2.d535.s0.i0 -1 -0.829397752973
DS2.d535.s0.i1 -1 -0.534818972357
DS2.d541.s0.i0 1.0 -0.492564299957
DS2.d547.s0.i0 1.0 0.104944233806
DS2.d547.s1.i0 -1 -0.915585716437
DS2.d551.s0.i0 1.0 -0.467643796835
DS2.d551.s0.i1 1.0 0.401550645679
DS2.d551.s0.i2 1.0 -0.223016649193
DS2.d551.s0.i3 1.0 0.639445332733
DS2.d566.s0.i0 -1 -0.0977755789143
DS2.d566.s0.i1 -1 -0.531896975099
DS2.d566.s0.i2 -1 -1.13030610854
DS2.d566.s0.i3 -1 -1.28281945108
DS2.d567.s0.i0 -1 0.828978121518
DS2.d569.s0.i0 1.0 -0.180996804818
DS2.d569.s0.i1 1.0 0.216959821094
DS2.d585.s0.i0 1.0 1.76049464777
DS2.d585.s0.i1 1.0 1.52990339708
DS2.d587.s0.i0 1.0 0.674851026608
DS2.d594.s0.i0 -1 0.568348695858
DS2.d599.s0.i0 -1 -0.887902032771
DS2.d599.s0.i1 -1 -1.50869384483
DS2.d599.s0.i2 -1 -1.30239629319
DS2.d626.s0.i0 1.0 0.421816649683
DS2.d628.s0.i0 1.0 0.00900652965137
DS2.d631.s0.i0 1.0 1.72858057404
DS2.d631.s1.i0 1.0 1.19549095597
DS2.d634.s0.i0 -1 0.587584590588
DS2.d650.s0.i0 1.0 0.439724771121
DS2.d650.s0.i1 1.0 0.556448932334
DS2.d650.s0.i2 1.0 0.88594449899
DS2.d650.s0.i3 1.0 0.812768397376
DS2.d654.s0.i0 -1 0.726846245004
DS2.d654.s1.i0 1.0 0.595347337964
DS2.d660.s0.i0 -1 -0.530814638508
DS2.d662.s0.i0 1.0 -0.658733601306
DS2.d662.s0.i1 1.0 -0.517130625186
DS2.d666.s0.i0 -1 -0.90652405663
DS2.d666.s0.i1 -1 -0.44128350852
DS2.d667.s0.i0 1.0 1.55222414793
DS2.d667.s0.i1 1.0 1.54218258076
DS2.d670.s0.i0 -1 -1.02467128314
DS2.d670.s0.i1 -1 -0.907104722813
DS2.d674.s0.i0 -1 -1.16582034841
DS2.d674.s0.i1 -1 0.309484510284
DS2.d674.s0.i2 -1 -1.10530036513
DS2.d674.s0.i3 -1 -1.62012531554
DS2.d677.s0.i0 -1 -0.469347706763
DS2.d677.s0.i1 -1 -0.999781818148
DS2.d677.s0.i2 -1 -0.907723806472
DS2.d677.s0.i3 -1 -0.354617119755
DS2.d677.s0.i4 -1 -0.482557504594
DS2.d677.s0.i5 -1 -0.835574667797
DS2.d677.s0.i6 -1 -0.426766258431
DS2.d677.s0.i7 -1 -0.907723806472
DS2.d677.s0.i8 -1 -0.575479157399
DS2.d677.s0.i9 -1 -0.835574667797
DS2.d677.s0.i10 -1 -0.354617119755
DS2.d677.s0.i11 -1 -0.587262963337
DS2.d677.s0.i12 -1 -0.927632679473
DS2.d677.s0.i13 -1 -0.927632679473
DS2.d677.s0.i14 -1 -0.426766258431
DS2.d677.s0.i15 -1 -0.633270464455
DS2.d677.s0.i16 -1 -0.79713874596
DS2.d677.s0.i17 -1 -0.999781818148
DS2.d677.s0.i18 -1 -0.628937335444
DS2.d677.s0.i19 -1 -0.552941751699
DS2.d681.s0.i0 -1 -1.58302967456
DS2.d681.s0.i1 -1 -1.40805326706
DS2.d681.s0.i2 -1 -1.40805326706
DS2.d681.s0.i3 -1 -1.58302967456
DS2.d699.s0.i0 1.0 1.64687336192
DS2.d716.s0.i0 -1 -0.3846079427
DS2.d716.s1.i0 -1 -1.44407864255
DS2.d716.s1.i1 1.0 0.273092744886
DS2.d716.s1.i2 -1 -1.26552732318
DS2.d722.s0.i0 1.0 1.78640192282
DS2.d733.s0.i0 1.0 1.7343996923
DS2.d733.s0.i1 1.0 1.87041395853
DS2.d744.s0.i0 1.0 0.603075915455
DS2.d763.s0.i0 1.0 0.670889004776
DS2.d773.s0.i0 -1 0.681013344499
DS2.d773.s0.i1 -1 0.23525612724
DS2.d782.s0.i0 -1 -0.513512630287
DS2.d791.s0.i0 1.0 1.71303494095
DS2.d791.s1.i0 1.0 -0.132928450002
DS2.d798.s0.i0 1.0 1.3391508091
DS2.d803.s0.i0 -1 -1.27720379365
DS2.d803.s0.i1 -1 -0.464977518883
DS2.d803.s1.i0 -1 -1.52209256537
DS2.d823.s0.i0 1.0 1.716391177
DS2.d823.s0.i1 1.0 0.511421335457
DS2.d823.s1.i0 1.0 -0.148171547697
DS2.d823.s1.i1 1.0 1.06431518976
DS2.d823.s2.i0 1.0 0.68267391327
DS2.d823.s3.i0 -1 -0.287309787623
DS2.d823.s4.i0 -1 0.169649506088
DS2.d823.s4.i1 -1 -0.0791205459773
DS2.d827.s0.i0 1.0 1.91816228679
DS2.d849.s0.i0 -1 -0.748378263926
DS2.d851.s0.i0 1.0 1.72150416582
DS2.d851.s0.i1 1.0 1.85182695184
DS2.d851.s1.i0 1.0 1.78695825036
DS2.d870.s0.i0 1.0 0.801555026556
DS2.d870.s1.i0 1.0 0.552311172511
DS2.d879.s0.i0 1.0 0.539095291654
DS2.d880.s0.i0 -1 -2.21440351498
DS2.d880.s0.i1 -1 -1.67927084914
DS2.d880.s1.i0 -1 -1.67927084914
DS2.d882.s0.i0 1.0 1.28231637502
DS2.d882.s1.i0 -1 -2.10256229814
DS2.d882.s1.i1 -1 -0.431251084731
DS2.d923.s0.i0 -1 0.000299727804737
DS2.d923.s1.i0 -1 -1.35882631266
DS2.d926.s0.i0 -1 -1.01476622312
DS2.d926.s0.i1 -1 -1.01476622312
DS2.d942.s0.i0 1.0 0.158181455915
DS2.d956.s0.i0 1.0 1.95287369003
DS2.d956.s0.i1 1.0 1.8459180844
DS2.d966.s0.i0 1.0 0.965505719612
DS2.d969.s0.i0 -1 -0.118901691502
DS2.d969.s0.i1 -1 0.261079544226
DS2.d991.s0.i0 1.0 0.159358877652
DS2.d995.s0.i0 -1 -0.31544727077
DS2.d1001.s0.i0 1.0 -1.29570377702
DS2.d1001.s0.i1 1.0 -1.10608627981
DS2.d1013.s0.i0 1.0 2.14734653983
DS2.d1013.s1.i0 1.0 1.47499845058
DS2.d1018.s0.i0 1.0 0.932724211885
DS2.d1021.s0.i0 1.0 -1.02734421761
DS2.d1021.s0.i1 -1 0.734071877142
DS2.d1021.s0.i2 -1 -0.773297361424
DS2.d1021.s0.i3 1.0 -0.445218852336
DS2.d1021.s0.i4 -1 -0.0412536685228
DS2.d1021.s0.i5 -1 0.424783829863
DS2.d1029.s0.i0 -1 -0.4195921421
DS2.d1029.s0.i1 -1 -0.349544895414
DS2.d1029.s0.i2 -1 -0.70303668456
DS2.d1029.s0.i3 -1 -0.587591521568
DS2.d1029.s0.i4 -1 -0.361551356561
DS2.d1029.s0.i5 -1 -0.291504109875
DS2.d1033.s0.i0 1.0 0.1169097292
DS2.d1064.s0.i0 -1 -0.349435059243
DS2.d1064.s0.i1 -1 -0.646474839956
