DS2.d10.s0.i0 1.0 -0.0285202875211
DS2.d10.s0.i1 1.0 0.328941730957
DS2.d48.s0.i0 1.0 0.733387928416
DS2.d48.s1.i0 1.0 1.01303098535
DS2.d54.s0.i0 1.0 1.82808972404
DS2.d54.s1.i0 1.0 0.459190431313
DS2.d56.s0.i0 -1 0.144941948123
DS2.d56.s0.i1 1.0 -0.490372361474
DS2.d56.s0.i2 1.0 -0.736758323683
DS2.d56.s0.i3 -1 -0.213973351509
DS2.d56.s0.i4 1.0 -0.83653546499
DS2.d57.s0.i0 1.0 0.579550102452
DS2.d57.s0.i1 1.0 0.801453096851
DS2.d64.s0.i0 1.0 -0.114475065854
DS2.d64.s0.i1 1.0 -0.296996176837
DS2.d78.s0.i0 1.0 1.44706268498
DS2.d78.s1.i0 1.0 0.525840364916
DS2.d78.s1.i1 1.0 0.16174244793
DS2.d78.s1.i2 1.0 0.485072579618
DS2.d86.s0.i0 -1 -0.318865379478
DS2.d86.s0.i1 -1 0.672909910891
DS2.d100.s0.i0 -1 0.0175172759058
DS2.d100.s0.i1 -1 -1.26410254914
DS2.d100.s0.i2 -1 -0.985210951834
DS2.d106.s0.i0 1.0 0.224081747503
DS2.d107.s0.i0 1.0 0.378432303228
DS2.d107.s0.i1 1.0 -0.118990169445
DS2.d118.s0.i0 1.0 0.503006058291
DS2.d118.s0.i1 1.0 0.436775103373
DS2.d118.s0.i2 1.0 0.42453821358
DS2.d118.s0.i3 1.0 0.566201397959
DS2.d118.s0.i4 1.0 0.503006058291
DS2.d118.s0.i5 1.0 0.566201397959
DS2.d125.s0.i0 -1 -0.935375815618
DS2.d125.s0.i1 -1 0.692976115765
DS2.d125.s1.i0 -1 -1.15564416258
DS2.d125.s1.i1 -1 0.513002023362
DS2.d129.s0.i0 -1 0.5574620012
DS2.d129.s0.i1 -1 0.825007139852
DS2.d129.s1.i0 -1 1.44586819276
DS2.d132.s0.i0 1.0 0.638380768068
DS2.d132.s0.i1 1.0 0.722395462711
DS2.d132.s0.i2 1.0 0.893271096496
DS2.d132.s0.i3 1.0 0.60300917779
DS2.d158.s0.i0 -1 0.257087587816
DS2.d178.s0.i0 -1 -0.465999150047
DS2.d178.s0.i1 -1 -0.416771851415
DS2.d178.s1.i0 -1 0.345652553585
DS2.d195.s0.i0 1.0 1.41382315981
DS2.d195.s0.i1 -1 0.189045009726
DS2.d219.s0.i0 -1 -1.08611869059
DS2.d220.s0.i0 1.0 -0.314755271308
DS2.d220.s0.i1 1.0 0.205062005397
DS2.d269.s0.i0 1.0 1.19350569906
DS2.d270.s0.i0 1.0 -0.0706762475511
DS2.d285.s0.i0 1.0 0.0492878137736
DS2.d285.s1.i0 -1 0.0768709026163
DS2.d285.s1.i1 -1 -0.608239767947
DS2.d285.s1.i2 -1 -0.247125745699
DS2.d285.s1.i3 -1 -0.392199820364
DS2.d289.s0.i0 1.0 1.23824492097
DS2.d290.s0.i0 1.0 0.208023309509
DS2.d290.s0.i1 -1 -0.663770644146
DS2.d290.s0.i2 -1 0.0863303566648
DS2.d290.s0.i3 -1 -0.642572478646
DS2.d290.s0.i4 1.0 -0.0638804798502
DS2.d290.s0.i5 1.0 0.491034809931
DS2.d290.s0.i6 -1 -1.32556444704
DS2.d290.s0.i7 1.0 0.126031939326
DS2.d295.s0.i0 -1 0.682775347275
DS2.d295.s1.i0 1.0 0.513282636344
DS2.d310.s0.i0 -1 -0.167275014041
DS2.d310.s0.i1 -1 -0.533888370184
DS2.d310.s0.i2 -1 -0.241021670253
DS2.d310.s0.i3 -1 -0.620581759849
DS2.d333.s0.i0 1.0 0.475072091195
DS2.d333.s0.i1 1.0 0.655626228193
DS2.d333.s0.i2 -1 -1.3073386381
DS2.d333.s1.i0 1.0 1.46114833296
DS2.d359.s0.i0 1.0 1.1919360618
DS2.d365.s0.i0 -1 0.506233483989
DS2.d370.s0.i0 -1 1.17260942492
DS2.d377.s0.i0 1.0 0.532055647043
DS2.d377.s1.i0 1.0 0.171619863503
DS2.d421.s0.i0 1.0 1.81082037636
DS2.d432.s0.i0 -1 1.06092200006
DS2.d432.s0.i1 1.0 1.26710402353
DS2.d432.s1.i0 1.0 -0.160423471173
DS2.d432.s1.i1 1.0 0.345171521757
DS2.d433.s0.i0 -1 -1.20677401974
DS2.d433.s0.i1 -1 0.99910290662
DS2.d444.s0.i0 1.0 0.140631992587
DS2.d444.s0.i1 1.0 0.385603400719
DS2.d444.s1.i0 1.0 0.852252803718
DS2.d444.s1.i1 1.0 1.0166674325
DS2.d458.s0.i0 -1 0.941683115636
DS2.d458.s0.i1 -1 0.719324392866
DS2.d458.s0.i2 -1 1.02202465118
DS2.d458.s0.i3 -1 1.04659753212
DS2.d464.s0.i0 -1 0.313771428128
DS2.d464.s0.i1 -1 0.368324128292
DS2.d467.s0.i0 1.0 1.53857010449
DS2.d471.s0.i0 1.0 0.793953732023
DS2.d471.s0.i1 1.0 0.88402137997
DS2.d471.s0.i2 1.0 0.891993868051
DS2.d471.s0.i3 1.0 0.8748808735
DS2.d471.s0.i4 1.0 0.88402137997
DS2.d471.s0.i5 1.0 0.891993868051
DS2.d483.s0.i0 -1 -0.00768125945954
DS2.d494.s0.i0 -1 -0.87181106753
DS2.d494.s1.i0 1.0 -0.142088170664
DS2.d494.s1.i1 1.0 -0.193619437091
DS2.d494.s2.i0 -1 -1.27639993711
DS2.d502.s0.i0 1.0 -0.306345843168
DS2.d502.s0.i1 1.0 -0.130370612185
DS2.d502.s1.i0 -1 0.0818015817274
DS2.d502.s1.i1 -1 -0.00928352993022
DS2.d506.s0.i0 -1 -0.589053451298
DS2.d509.s0.i0 1.0 0.92455713426
DS2.d523.s0.i0 1.0 1.20387050734
DS2.d532.s0.i0 1.0 0.697120352189
DS2.d532.s1.i0 -1 -0.161634329291
DS2.d543.s0.i0 1.0 0.823999929204
DS2.d543.s1.i0 1.0 0.87359295211
DS2.d543.s1.i1 1.0 0.87359295211
DS2.d559.s0.i0 1.0 1.10315783914
DS2.d559.s0.i1 1.0 0.972281886586
DS2.d562.s0.i0 -1 -0.0812657608995
DS2.d564.s0.i0 -1 -0.714563796045
DS2.d579.s0.i0 -1 0.752660559825
DS2.d579.s0.i1 -1 1.48889344918
DS2.d579.s0.i2 -1 -0.132530553728
DS2.d579.s0.i3 -1 -0.0242270952889
DS2.d582.s0.i0 1.0 0.762408693855
DS2.d582.s1.i0 1.0 1.8502934868
DS2.d591.s0.i0 1.0 1.30347401326
DS2.d591.s1.i0 1.0 0.91546649839
DS2.d596.s0.i0 1.0 0.876362376282
DS2.d596.s0.i1 1.0 0.912789790943
DS2.d619.s0.i0 1.0 0.598485030734
DS2.d645.s0.i0 -1 -0.161208047539
DS2.d646.s0.i0 -1 -1.63989348584
DS2.d663.s0.i0 1.0 1.16410206028
DS2.d663.s1.i0 1.0 0.964739283362
DS2.d663.s1.i1 1.0 1.20040884144
DS2.d663.s1.i2 1.0 1.20040884144
DS2.d669.s0.i0 -1 -0.106799827924
DS2.d669.s1.i0 1.0 0.58952850592
DS2.d676.s0.i0 1.0 0.502907682468
DS2.d676.s1.i0 1.0 0.792180790365
DS2.d676.s2.i0 1.0 1.43822679716
DS2.d676.s3.i0 1.0 0.997997859165
DS2.d676.s4.i0 1.0 1.88452446109
DS2.d705.s0.i0 -1 0.501750017317
DS2.d715.s0.i0 1.0 1.21206226807
DS2.d715.s0.i1 1.0 0.742354763403
DS2.d718.s0.i0 -1 -0.452404604426
DS2.d718.s0.i1 -1 -1.02216733681
DS2.d720.s0.i0 1.0 0.436173059557
DS2.d720.s0.i1 1.0 1.19701856495
DS2.d720.s0.i2 1.0 0.232775214715
DS2.d720.s0.i3 1.0 0.526476468414
DS2.d720.s0.i4 1.0 0.712888846515
DS2.d720.s1.i0 1.0 0.451912300284
DS2.d720.s1.i1 -1 0.715996214887
DS2.d730.s0.i0 1.0 -0.275026750474
DS2.d730.s0.i1 1.0 -0.586383439839
DS2.d742.s0.i0 1.0 0.965336704826
DS2.d742.s0.i1 1.0 1.16225212935
DS2.d745.s0.i0 1.0 0.984617195673
DS2.d745.s0.i1 1.0 0.170832943511
DS2.d745.s0.i2 1.0 0.33155712316
DS2.d749.s0.i0 -1 -0.324733343595
DS2.d749.s0.i1 -1 -0.985163123737
DS2.d749.s0.i2 -1 -0.642909659928
DS2.d749.s0.i3 -1 -0.681249053396
DS2.d778.s0.i0 1.0 -0.376994277184
DS2.d778.s1.i0 -1 0.53198939637
DS2.d778.s2.i0 -1 0.941494566811
DS2.d778.s2.i1 -1 0.962243799584
DS2.d778.s3.i0 1.0 0.235092041153
DS2.d789.s0.i0 -1 0.0679259982794
DS2.d796.s0.i0 1.0 1.09562051746
DS2.d807.s0.i0 -1 -0.602018988934
DS2.d807.s0.i1 -1 -0.315976837188
DS2.d807.s1.i0 -1 -1.12385100262
DS2.d807.s1.i1 -1 -0.743217312565
DS2.d816.s0.i0 1.0 1.03716667189
DS2.d831.s0.i0 1.0 0.248874927434
DS2.d831.s0.i1 1.0 0.248874927434
DS2.d832.s0.i0 1.0 1.03407223501
DS2.d832.s0.i1 1.0 0.320861210769
DS2.d841.s0.i0 1.0 1.32700683865
DS2.d845.s0.i0 -1 0.874258585595
DS2.d845.s0.i1 -1 0.918355796844
DS2.d845.s0.i2 -1 0.95507444715
DS2.d845.s0.i3 -1 0.661806589816
DS2.d848.s0.i0 1.0 1.59131201264
DS2.d848.s1.i0 1.0 0.96085594959
DS2.d848.s1.i1 1.0 0.859526195487
DS2.d848.s1.i2 1.0 0.873230570891
DS2.d853.s0.i0 1.0 0.522722254839
DS2.d853.s0.i1 1.0 0.360514570932
DS2.d853.s1.i0 1.0 1.32776800544
DS2.d853.s1.i1 1.0 1.32776800544
DS2.d863.s0.i0 1.0 1.40631857553
DS2.d875.s0.i0 -1 -0.0695416712413
DS2.d875.s0.i1 -1 -0.695159951821
DS2.d877.s0.i0 -1 0.385849918207
DS2.d883.s0.i0 -1 1.3274060733
DS2.d883.s0.i1 1.0 1.702880747
DS2.d896.s0.i0 1.0 0.512557292411
DS2.d896.s0.i1 1.0 0.975811975376
DS2.d896.s0.i2 1.0 1.01018073313
DS2.d896.s0.i3 1.0 0.980721704692
DS2.d896.s0.i4 1.0 0.434387100179
DS2.d896.s0.i5 1.0 0.824520513726
DS2.d896.s0.i6 1.0 0.920527565324
DS2.d896.s0.i7 1.0 0.798809811864
DS2.d896.s1.i0 1.0 0.589352818134
DS2.d896.s1.i1 1.0 0.51425696517
DS2.d896.s2.i0 1.0 1.29221503266
DS2.d896.s2.i1 1.0 1.29221503266
DS2.d907.s0.i0 1.0 1.47499080826
DS2.d935.s0.i0 1.0 0.86856820557
DS2.d935.s0.i1 1.0 1.02631517328
DS2.d944.s0.i0 1.0 1.2387977018
DS2.d947.s0.i0 -1 -1.10720743674
DS2.d954.s0.i0 1.0 0.435607150721
DS2.d954.s0.i1 1.0 0.632762763085
DS2.d954.s0.i2 1.0 0.477190916341
DS2.d954.s0.i3 1.0 0.222104832608
DS2.d958.s0.i0 1.0 1.7666942358
DS2.d958.s0.i1 1.0 1.93167453856
DS2.d967.s0.i0 1.0 0.461870052439
DS2.d967.s0.i1 1.0 0.893042115089
DS2.d970.s0.i0 -1 0.197888015993
DS2.d970.s0.i1 1.0 0.826416008689
DS2.d970.s0.i2 1.0 0.124001668271
DS2.d971.s0.i0 1.0 1.35699155609
DS2.d978.s0.i0 1.0 1.60648738538
DS2.d978.s0.i1 1.0 1.60648738538
DS2.d978.s1.i0 1.0 0.449437963889
DS2.d978.s1.i1 1.0 1.05834721434
DS2.d978.s1.i2 1.0 0.466858692689
DS2.d978.s1.i3 1.0 0.466858692689
DS2.d978.s1.i4 1.0 0.473971198929
DS2.d978.s1.i5 1.0 0.473971198929
DS2.d979.s0.i0 1.0 1.41236886179
DS2.d979.s0.i1 1.0 0.801506140828
DS2.d983.s0.i0 1.0 1.59785269014
DS2.d983.s1.i0 1.0 0.732909355954
DS2.d983.s2.i0 1.0 0.6263467191
DS2.d987.s0.i0 1.0 0.512442876812
DS2.d987.s1.i0 1.0 1.89097897302
DS2.d987.s2.i0 1.0 1.61991435886
DS2.d994.s0.i0 1.0 0.941221828279
DS2.d994.s0.i1 1.0 1.25121546549
DS2.d1000.s0.i0 -1 0.577103030628
DS2.d1007.s0.i0 1.0 1.32162699712
DS2.d1007.s0.i1 1.0 0.559588928259
DS2.d1007.s1.i0 1.0 0.405899576727
DS2.d1007.s1.i1 1.0 0.405899576727
DS2.d1019.s0.i0 1.0 1.45401584106
DS2.d1030.s0.i0 -1 -1.0683342281
DS2.d1035.s0.i0 1.0 1.17709417549
DS2.d1053.s0.i0 1.0 1.5988659723
DS2.d1053.s0.i1 1.0 1.30797517579
