DS2.d10.s0.i0 1.0 0.113625000195
DS2.d10.s0.i1 1.0 0.410345592991
DS2.d48.s0.i0 1.0 0.755668616538
DS2.d48.s1.i0 1.0 1.00220623442
DS2.d54.s0.i0 1.0 1.68832196707
DS2.d54.s1.i0 1.0 0.456519668838
DS2.d56.s0.i0 -1 0.0392625345785
DS2.d56.s0.i1 1.0 -0.64945064824
DS2.d56.s0.i2 1.0 -0.696322644227
DS2.d56.s0.i3 -1 -0.218083420768
DS2.d56.s0.i4 1.0 -0.811288842283
DS2.d57.s0.i0 1.0 0.357770656954
DS2.d57.s0.i1 1.0 0.622016286401
DS2.d64.s0.i0 1.0 -0.012312732522
DS2.d64.s0.i1 1.0 -0.151211403523
DS2.d78.s0.i0 1.0 1.32797745094
DS2.d78.s1.i0 1.0 0.533664206663
DS2.d78.s1.i1 1.0 0.116243605935
DS2.d78.s1.i2 1.0 0.499018995513
DS2.d86.s0.i0 -1 -0.496014080955
DS2.d86.s0.i1 -1 0.628652366337
DS2.d100.s0.i0 -1 0.0831254821189
DS2.d100.s0.i1 -1 -1.15028203491
DS2.d100.s0.i2 -1 -0.860341802096
DS2.d106.s0.i0 1.0 0.266178365687
DS2.d107.s0.i0 1.0 0.306091257642
DS2.d107.s0.i1 1.0 -0.164815509274
DS2.d118.s0.i0 1.0 0.500197506526
DS2.d118.s0.i1 1.0 0.458363706829
DS2.d118.s0.i2 1.0 0.445164876572
DS2.d118.s0.i3 1.0 0.565775539482
DS2.d118.s0.i4 1.0 0.500197506526
DS2.d118.s0.i5 1.0 0.565775539482
DS2.d125.s0.i0 -1 -0.703628047601
DS2.d125.s0.i1 -1 0.756929276427
DS2.d125.s1.i0 -1 -0.957691419187
DS2.d125.s1.i1 -1 0.515899009539
DS2.d129.s0.i0 -1 0.607554754033
DS2.d129.s0.i1 -1 0.855502443452
DS2.d129.s1.i0 -1 1.55613902216
DS2.d132.s0.i0 1.0 0.592380362328
DS2.d132.s0.i1 1.0 0.652360267444
DS2.d132.s0.i2 1.0 0.840767754332
DS2.d132.s0.i3 1.0 0.536921599279
DS2.d158.s0.i0 -1 0.215395931274
DS2.d178.s0.i0 -1 -0.447567861865
DS2.d178.s0.i1 -1 -0.245368246038
DS2.d178.s1.i0 -1 0.377536600748
DS2.d195.s0.i0 1.0 1.40170974579
DS2.d195.s0.i1 -1 0.208886484723
DS2.d219.s0.i0 -1 -0.847332568814
DS2.d220.s0.i0 1.0 -0.102627850953
DS2.d220.s0.i1 1.0 0.189717017457
DS2.d269.s0.i0 1.0 1.09354698411
DS2.d270.s0.i0 1.0 -0.154482861668
DS2.d285.s0.i0 1.0 0.0175115531836
DS2.d285.s1.i0 -1 0.123571352065
DS2.d285.s1.i1 -1 -0.465713772905
DS2.d285.s1.i2 -1 -0.0943972477187
DS2.d285.s1.i3 -1 -0.177341803695
DS2.d289.s0.i0 1.0 1.49784882538
DS2.d290.s0.i0 1.0 0.309508584713
DS2.d290.s0.i1 -1 -0.658927191014
DS2.d290.s0.i2 -1 0.102919389505
DS2.d290.s0.i3 -1 -0.658370099125
DS2.d290.s0.i4 1.0 0.102898236449
DS2.d290.s0.i5 1.0 0.472536702588
DS2.d290.s0.i6 -1 -1.393073748
DS2.d290.s0.i7 1.0 0.291160176183
DS2.d295.s0.i0 -1 0.863341176736
DS2.d295.s1.i0 1.0 0.807715634549
DS2.d310.s0.i0 -1 -0.0247567277061
DS2.d310.s0.i1 -1 -0.41392085065
DS2.d310.s0.i2 -1 -0.0870823309299
DS2.d310.s0.i3 -1 -0.450687682788
DS2.d333.s0.i0 1.0 0.393066566278
DS2.d333.s0.i1 1.0 0.382877046782
DS2.d333.s0.i2 -1 -1.15335175252
DS2.d333.s1.i0 1.0 1.36172609189
DS2.d359.s0.i0 1.0 1.110669172
DS2.d365.s0.i0 -1 0.447379167911
DS2.d370.s0.i0 -1 1.20437067912
DS2.d377.s0.i0 1.0 0.64169500666
DS2.d377.s1.i0 1.0 0.268113612314
DS2.d421.s0.i0 1.0 1.82016366113
DS2.d432.s0.i0 -1 0.904392263979
DS2.d432.s0.i1 1.0 1.21760862598
DS2.d432.s1.i0 1.0 -0.230828109766
DS2.d432.s1.i1 1.0 0.263561823957
DS2.d433.s0.i0 -1 -1.13540073975
DS2.d433.s0.i1 -1 0.858805925284
DS2.d444.s0.i0 1.0 0.242275954891
DS2.d444.s0.i1 1.0 0.575739300148
DS2.d444.s1.i0 1.0 0.726677954222
DS2.d444.s1.i1 1.0 0.925100673688
DS2.d458.s0.i0 -1 0.823299439835
DS2.d458.s0.i1 -1 0.558637709028
DS2.d458.s0.i2 -1 0.873903736027
DS2.d458.s0.i3 -1 0.965143109224
DS2.d464.s0.i0 -1 0.385965983545
DS2.d464.s0.i1 -1 0.391566255398
DS2.d467.s0.i0 1.0 1.40757206252
DS2.d471.s0.i0 1.0 0.827068318614
DS2.d471.s0.i1 1.0 0.8468012969
DS2.d471.s0.i2 1.0 0.904878101425
DS2.d471.s0.i3 1.0 0.85010914215
DS2.d471.s0.i4 1.0 0.8468012969
DS2.d471.s0.i5 1.0 0.904878101425
DS2.d483.s0.i0 -1 0.201378872203
DS2.d494.s0.i0 -1 -0.890522064686
DS2.d494.s1.i0 1.0 -0.112799273875
DS2.d494.s1.i1 1.0 -0.165740246957
DS2.d494.s2.i0 -1 -1.22959389579
DS2.d502.s0.i0 1.0 -0.155016640861
DS2.d502.s0.i1 1.0 -0.0434364411815
DS2.d502.s1.i0 -1 0.129053100282
DS2.d502.s1.i1 -1 0.0145000775285
DS2.d506.s0.i0 -1 -0.450128223388
DS2.d509.s0.i0 1.0 0.961521824273
DS2.d523.s0.i0 1.0 1.37505471454
DS2.d532.s0.i0 1.0 0.663974395074
DS2.d532.s1.i0 -1 -0.215388530169
DS2.d543.s0.i0 1.0 0.95818632365
DS2.d543.s1.i0 1.0 1.04719303682
DS2.d543.s1.i1 1.0 1.04719303682
DS2.d559.s0.i0 1.0 1.40964824648
DS2.d559.s0.i1 1.0 1.33190800572
DS2.d562.s0.i0 -1 0.102069606867
DS2.d564.s0.i0 -1 -0.637614302028
DS2.d579.s0.i0 -1 0.616178285151
DS2.d579.s0.i1 -1 1.54334493165
DS2.d579.s0.i2 -1 -0.148006564883
DS2.d579.s0.i3 -1 0.0323518381193
DS2.d582.s0.i0 1.0 0.747295997703
DS2.d582.s1.i0 1.0 1.60654527831
DS2.d591.s0.i0 1.0 1.3238004628
DS2.d591.s1.i0 1.0 0.866312053066
DS2.d596.s0.i0 1.0 0.840735606062
DS2.d596.s0.i1 1.0 0.83273855224
DS2.d619.s0.i0 1.0 0.704871326156
DS2.d645.s0.i0 -1 -0.0767639893719
DS2.d646.s0.i0 -1 -1.42373328733
DS2.d663.s0.i0 1.0 1.18525844864
DS2.d663.s1.i0 1.0 1.03373883371
DS2.d663.s1.i1 1.0 1.25200185474
DS2.d663.s1.i2 1.0 1.25200185474
DS2.d669.s0.i0 -1 -0.124628863995
DS2.d669.s1.i0 1.0 0.769204411932
DS2.d676.s0.i0 1.0 0.506128303455
DS2.d676.s1.i0 1.0 0.72413815148
DS2.d676.s2.i0 1.0 1.44045848382
DS2.d676.s3.i0 1.0 1.00671473272
DS2.d676.s4.i0 1.0 1.72672203474
DS2.d705.s0.i0 -1 0.476295032167
DS2.d715.s0.i0 1.0 1.21889390837
DS2.d715.s0.i1 1.0 0.655475008991
DS2.d718.s0.i0 -1 -0.549949567765
DS2.d718.s0.i1 -1 -1.01891911226
DS2.d720.s0.i0 1.0 0.376734480206
DS2.d720.s0.i1 1.0 1.09771776638
DS2.d720.s0.i2 1.0 0.237712599593
DS2.d720.s0.i3 1.0 0.411676872422
DS2.d720.s0.i4 1.0 0.735116679463
DS2.d720.s1.i0 1.0 0.486134145562
DS2.d720.s1.i1 -1 0.591186143238
DS2.d730.s0.i0 1.0 -0.179980312874
DS2.d730.s0.i1 1.0 -0.544017348695
DS2.d742.s0.i0 1.0 0.8651792721
DS2.d742.s0.i1 1.0 1.04485861142
DS2.d745.s0.i0 1.0 1.01452727269
DS2.d745.s0.i1 1.0 0.220584871798
DS2.d745.s0.i2 1.0 0.259246929608
DS2.d749.s0.i0 -1 -0.631317596292
DS2.d749.s0.i1 -1 -1.17984291844
DS2.d749.s0.i2 -1 -0.750256752403
DS2.d749.s0.i3 -1 -0.857210656731
DS2.d778.s0.i0 1.0 -0.450372673218
DS2.d778.s1.i0 -1 0.429012869786
DS2.d778.s2.i0 -1 0.957924637897
DS2.d778.s2.i1 -1 0.950963172998
DS2.d778.s3.i0 1.0 0.374332759292
DS2.d789.s0.i0 -1 -0.0399199675698
DS2.d796.s0.i0 1.0 1.11211210522
DS2.d807.s0.i0 -1 -0.524671961415
DS2.d807.s0.i1 -1 -0.429071852901
DS2.d807.s1.i0 -1 -1.10512062136
DS2.d807.s1.i1 -1 -0.707769581866
DS2.d816.s0.i0 1.0 1.07794542186
DS2.d831.s0.i0 1.0 0.25296661515
DS2.d831.s0.i1 1.0 0.25296661515
DS2.d832.s0.i0 1.0 0.80981536773
DS2.d832.s0.i1 1.0 0.218372144881
DS2.d841.s0.i0 1.0 1.42116410888
DS2.d845.s0.i0 -1 0.739984694168
DS2.d845.s0.i1 -1 0.787286819979
DS2.d845.s0.i2 -1 0.885211249799
DS2.d845.s0.i3 -1 0.548611827851
DS2.d848.s0.i0 1.0 1.69323798868
DS2.d848.s1.i0 1.0 1.12030415596
DS2.d848.s1.i1 1.0 1.05345157562
DS2.d848.s1.i2 1.0 1.01187217927
DS2.d853.s0.i0 1.0 0.284005767109
DS2.d853.s0.i1 1.0 0.155443637275
DS2.d853.s1.i0 1.0 1.13973805605
DS2.d853.s1.i1 1.0 1.13973805605
DS2.d863.s0.i0 1.0 1.28210417307
DS2.d875.s0.i0 -1 -0.0976266771198
DS2.d875.s0.i1 -1 -0.586345735544
DS2.d877.s0.i0 -1 0.593883206689
DS2.d883.s0.i0 -1 1.15317896653
DS2.d883.s0.i1 1.0 1.72152349486
DS2.d896.s0.i0 1.0 0.469466969062
DS2.d896.s0.i1 1.0 0.857364201153
DS2.d896.s0.i2 1.0 0.965931313088
DS2.d896.s0.i3 1.0 0.870407271784
DS2.d896.s0.i4 1.0 0.419970815086
DS2.d896.s0.i5 1.0 0.747217403518
DS2.d896.s0.i6 1.0 0.791815587128
DS2.d896.s0.i7 1.0 0.680490205385
DS2.d896.s1.i0 1.0 0.477495771807
DS2.d896.s1.i1 1.0 0.388973370449
DS2.d896.s2.i0 1.0 1.25237803741
DS2.d896.s2.i1 1.0 1.25237803741
DS2.d907.s0.i0 1.0 1.50715113871
DS2.d935.s0.i0 1.0 0.729561666919
DS2.d935.s0.i1 1.0 0.927070831433
DS2.d944.s0.i0 1.0 1.10739576027
DS2.d947.s0.i0 -1 -0.778610512298
DS2.d954.s0.i0 1.0 0.438541807101
DS2.d954.s0.i1 1.0 0.556016951809
DS2.d954.s0.i2 1.0 0.448755950872
DS2.d954.s0.i3 1.0 0.315118723292
DS2.d958.s0.i0 1.0 1.83661990604
DS2.d958.s0.i1 1.0 1.94413623003
DS2.d967.s0.i0 1.0 0.465404152381
DS2.d967.s0.i1 1.0 0.9784722049
DS2.d970.s0.i0 -1 0.25014926718
DS2.d970.s0.i1 1.0 0.805679502555
DS2.d970.s0.i2 1.0 0.0822784191313
DS2.d971.s0.i0 1.0 1.43925399577
DS2.d978.s0.i0 1.0 1.65460479006
DS2.d978.s0.i1 1.0 1.65460479006
DS2.d978.s1.i0 1.0 0.422934048899
DS2.d978.s1.i1 1.0 1.12834082953
DS2.d978.s1.i2 1.0 0.492487790016
DS2.d978.s1.i3 1.0 0.492487790016
DS2.d978.s1.i4 1.0 0.54097909559
DS2.d978.s1.i5 1.0 0.54097909559
DS2.d979.s0.i0 1.0 1.44193705613
DS2.d979.s0.i1 1.0 0.93496583398
DS2.d983.s0.i0 1.0 1.71574838292
DS2.d983.s1.i0 1.0 0.855210485686
DS2.d983.s2.i0 1.0 0.623989819875
DS2.d987.s0.i0 1.0 0.656693620677
DS2.d987.s1.i0 1.0 1.89915782404
DS2.d987.s2.i0 1.0 1.74062989823
DS2.d994.s0.i0 1.0 0.858091779657
DS2.d994.s0.i1 1.0 1.10877685436
DS2.d1000.s0.i0 -1 0.743037658853
DS2.d1007.s0.i0 1.0 1.3839693637
DS2.d1007.s0.i1 1.0 0.637689882695
DS2.d1007.s1.i0 1.0 0.405292674678
DS2.d1007.s1.i1 1.0 0.405292674678
DS2.d1019.s0.i0 1.0 1.51508484321
DS2.d1030.s0.i0 -1 -1.04401281277
DS2.d1035.s0.i0 1.0 1.1890543593
DS2.d1053.s0.i0 1.0 1.6835335539
DS2.d1053.s0.i1 1.0 1.47715389388
