DS2.d10.s0.i0 1.0 0.0379960949596
DS2.d10.s0.i1 1.0 0.249713705531
DS2.d48.s0.i0 1.0 0.910928477944
DS2.d48.s1.i0 1.0 1.20632028823
DS2.d54.s0.i0 1.0 1.50174438301
DS2.d54.s1.i0 1.0 0.357303053498
DS2.d56.s0.i0 -1 -0.295829440855
DS2.d56.s0.i1 1.0 -0.846838762038
DS2.d56.s0.i2 1.0 -0.948518237571
DS2.d56.s0.i3 -1 -0.426747207609
DS2.d56.s0.i4 1.0 -0.961271846641
DS2.d57.s0.i0 1.0 0.198191077662
DS2.d57.s0.i1 1.0 0.521125748422
DS2.d64.s0.i0 1.0 -0.208889026816
DS2.d64.s0.i1 1.0 -0.4229355493
DS2.d78.s0.i0 1.0 1.19630566763
DS2.d78.s1.i0 1.0 0.6202934575
DS2.d78.s1.i1 1.0 0.137443380341
DS2.d78.s1.i2 1.0 0.434692091057
DS2.d86.s0.i0 -1 -0.946932385925
DS2.d86.s0.i1 -1 0.451435189801
DS2.d100.s0.i0 -1 -0.270322615708
DS2.d100.s0.i1 -1 -1.49633111396
DS2.d100.s0.i2 -1 -1.35378825349
DS2.d106.s0.i0 1.0 0.233794361198
DS2.d107.s0.i0 1.0 -0.223701342689
DS2.d107.s0.i1 1.0 -0.31910322351
DS2.d118.s0.i0 1.0 0.343585022631
DS2.d118.s0.i1 1.0 0.516075709443
DS2.d118.s0.i2 1.0 0.262308494216
DS2.d118.s0.i3 1.0 0.711049284435
DS2.d118.s0.i4 1.0 0.343585022631
DS2.d118.s0.i5 1.0 0.711049284435
DS2.d125.s0.i0 -1 -0.841708505865
DS2.d125.s0.i1 -1 0.31791535682
DS2.d125.s1.i0 -1 -0.967709813508
DS2.d125.s1.i1 -1 0.192124890578
DS2.d129.s0.i0 -1 0.686459957183
DS2.d129.s0.i1 -1 0.717456369115
DS2.d129.s1.i0 -1 1.48542561368
DS2.d132.s0.i0 1.0 0.439626553847
DS2.d132.s0.i1 1.0 0.387486641277
DS2.d132.s0.i2 1.0 0.672172885323
DS2.d132.s0.i3 1.0 0.312486162824
DS2.d158.s0.i0 -1 -0.19791425935
DS2.d178.s0.i0 -1 -0.924043174836
DS2.d178.s0.i1 -1 -0.678801479594
DS2.d178.s1.i0 -1 0.258795235734
DS2.d195.s0.i0 1.0 0.91672361261
DS2.d195.s0.i1 -1 -0.01750495512
DS2.d219.s0.i0 -1 -0.994235607737
DS2.d220.s0.i0 1.0 -0.356384635851
DS2.d220.s0.i1 1.0 0.0032459640383
DS2.d269.s0.i0 1.0 1.02284964723
DS2.d270.s0.i0 1.0 -0.1820520834
DS2.d285.s0.i0 1.0 -0.133141416998
DS2.d285.s1.i0 -1 -0.379996628758
DS2.d285.s1.i1 -1 -0.698669868445
DS2.d285.s1.i2 -1 -0.396600665682
DS2.d285.s1.i3 -1 -0.459494729365
DS2.d289.s0.i0 1.0 1.59557680433
DS2.d290.s0.i0 1.0 0.0349690285288
DS2.d290.s0.i1 -1 -1.18668618245
DS2.d290.s0.i2 -1 -0.434833997548
DS2.d290.s0.i3 -1 -1.05102745815
DS2.d290.s0.i4 1.0 -0.0315275096794
DS2.d290.s0.i5 1.0 0.193902976637
DS2.d290.s0.i6 -1 -1.7769536569
DS2.d290.s0.i7 1.0 0.063162005943
DS2.d295.s0.i0 -1 0.538401692449
DS2.d295.s1.i0 1.0 0.787231533484
DS2.d310.s0.i0 -1 -0.539564264376
DS2.d310.s0.i1 -1 -0.524523893936
DS2.d310.s0.i2 -1 -0.534903112421
DS2.d310.s0.i3 -1 -0.499643076642
DS2.d333.s0.i0 1.0 0.0570093789623
DS2.d333.s0.i1 1.0 -0.0161141148748
DS2.d333.s0.i2 -1 -1.29275242029
DS2.d333.s1.i0 1.0 1.11411302916
DS2.d359.s0.i0 1.0 0.990658010995
DS2.d365.s0.i0 -1 0.22218299921
DS2.d370.s0.i0 -1 1.34739083365
DS2.d377.s0.i0 1.0 0.588705665282
DS2.d377.s1.i0 1.0 0.046388319567
DS2.d421.s0.i0 1.0 2.03522411445
DS2.d432.s0.i0 -1 0.597230115909
DS2.d432.s0.i1 1.0 0.922620091774
DS2.d432.s1.i0 1.0 -0.312879977209
DS2.d432.s1.i1 1.0 0.0749112614702
DS2.d433.s0.i0 -1 -1.35476557034
DS2.d433.s0.i1 -1 0.807658655573
DS2.d444.s0.i0 1.0 0.26906949916
DS2.d444.s0.i1 1.0 0.439180985651
DS2.d444.s1.i0 1.0 0.95889358827
DS2.d444.s1.i1 1.0 0.909298720712
DS2.d458.s0.i0 -1 0.551932399249
DS2.d458.s0.i1 -1 0.493262376834
DS2.d458.s0.i2 -1 0.701626799333
DS2.d458.s0.i3 -1 0.808086712448
DS2.d464.s0.i0 -1 0.384800575516
DS2.d464.s0.i1 -1 0.179045843656
DS2.d467.s0.i0 1.0 1.06968448342
DS2.d471.s0.i0 1.0 0.68572492827
DS2.d471.s0.i1 1.0 0.385587527212
DS2.d471.s0.i2 1.0 0.584209936971
DS2.d471.s0.i3 1.0 0.65913728671
DS2.d471.s0.i4 1.0 0.385587527212
DS2.d471.s0.i5 1.0 0.584209936971
DS2.d483.s0.i0 -1 0.0273524615715
DS2.d494.s0.i0 -1 -1.01594620453
DS2.d494.s1.i0 1.0 -0.243533280262
DS2.d494.s1.i1 1.0 -0.276081641738
DS2.d494.s2.i0 -1 -1.14625853442
DS2.d502.s0.i0 1.0 -0.182153023733
DS2.d502.s0.i1 1.0 -0.19424511517
DS2.d502.s1.i0 -1 0.158780894902
DS2.d502.s1.i1 -1 -0.175205126449
DS2.d506.s0.i0 -1 -1.02597073541
DS2.d509.s0.i0 1.0 0.760175097758
DS2.d523.s0.i0 1.0 1.01049280557
DS2.d532.s0.i0 1.0 0.489147958292
DS2.d532.s1.i0 -1 -0.259220813442
DS2.d543.s0.i0 1.0 1.16231045315
DS2.d543.s1.i0 1.0 1.16054140597
DS2.d543.s1.i1 1.0 1.16054140597
DS2.d559.s0.i0 1.0 0.976341375405
DS2.d559.s0.i1 1.0 1.02092476572
DS2.d562.s0.i0 -1 -0.0940627183002
DS2.d564.s0.i0 -1 -1.01384862631
DS2.d579.s0.i0 -1 0.420412134332
DS2.d579.s0.i1 -1 1.45378505326
DS2.d579.s0.i2 -1 -0.0915301878164
DS2.d579.s0.i3 -1 -0.141866121072
DS2.d582.s0.i0 1.0 0.556942249161
DS2.d582.s1.i0 1.0 1.72917520874
DS2.d591.s0.i0 1.0 1.37893124443
DS2.d591.s1.i0 1.0 0.98095624636
DS2.d596.s0.i0 1.0 0.7708917316
DS2.d596.s0.i1 1.0 0.821788017246
DS2.d619.s0.i0 1.0 0.888074149963
DS2.d645.s0.i0 -1 -0.496845817141
DS2.d646.s0.i0 -1 -1.49759135023
DS2.d663.s0.i0 1.0 1.1695849996
DS2.d663.s1.i0 1.0 0.848076448925
DS2.d663.s1.i1 1.0 0.997965817717
DS2.d663.s1.i2 1.0 0.997965817717
DS2.d669.s0.i0 -1 -0.130700166442
DS2.d669.s1.i0 1.0 0.609090934406
DS2.d676.s0.i0 1.0 0.10018516223
DS2.d676.s1.i0 1.0 0.627585826036
DS2.d676.s2.i0 1.0 1.51630408972
DS2.d676.s3.i0 1.0 0.835534423895
DS2.d676.s4.i0 1.0 1.238110176
DS2.d705.s0.i0 -1 -0.023731942144
DS2.d715.s0.i0 1.0 0.969812992924
DS2.d715.s0.i1 1.0 0.523966407126
DS2.d718.s0.i0 -1 -0.996678581069
DS2.d718.s0.i1 -1 -1.26180206806
DS2.d720.s0.i0 1.0 0.184286845061
DS2.d720.s0.i1 1.0 0.952166638723
DS2.d720.s0.i2 1.0 -0.107860448898
DS2.d720.s0.i3 1.0 0.206223628602
DS2.d720.s0.i4 1.0 0.700486428689
DS2.d720.s1.i0 1.0 0.339632462294
DS2.d720.s1.i1 -1 0.310182683192
DS2.d730.s0.i0 1.0 -0.515629652357
DS2.d730.s0.i1 1.0 -0.868950312573
DS2.d742.s0.i0 1.0 0.607022949083
DS2.d742.s0.i1 1.0 0.906531091097
DS2.d745.s0.i0 1.0 0.506384781471
DS2.d745.s0.i1 1.0 -0.306767454709
DS2.d745.s0.i2 1.0 0.0557112807627
DS2.d749.s0.i0 -1 -1.09337678971
DS2.d749.s0.i1 -1 -1.5350732919
DS2.d749.s0.i2 -1 -1.14717364581
DS2.d749.s0.i3 -1 -1.47327227605
DS2.d778.s0.i0 1.0 -0.660922598889
DS2.d778.s1.i0 -1 -0.270450433045
DS2.d778.s2.i0 -1 1.00484410235
DS2.d778.s2.i1 -1 1.1510509533
DS2.d778.s3.i0 1.0 0.236790488436
DS2.d789.s0.i0 -1 -0.344889012227
DS2.d796.s0.i0 1.0 0.802167012994
DS2.d807.s0.i0 -1 -0.943490634377
DS2.d807.s0.i1 -1 -0.63857414209
DS2.d807.s1.i0 -1 -1.06497891287
DS2.d807.s1.i1 -1 -0.689845030476
DS2.d816.s0.i0 1.0 1.04458767545
DS2.d831.s0.i0 1.0 -0.152687586015
DS2.d831.s0.i1 1.0 -0.152687586015
DS2.d832.s0.i0 1.0 0.431781455547
DS2.d832.s0.i1 1.0 0.00315938629114
DS2.d841.s0.i0 1.0 1.10638700839
DS2.d845.s0.i0 -1 0.388006534493
DS2.d845.s0.i1 -1 0.561966416556
DS2.d845.s0.i2 -1 0.531491145388
DS2.d845.s0.i3 -1 0.427429318125
DS2.d848.s0.i0 1.0 1.90741633447
DS2.d848.s1.i0 1.0 0.955899995537
DS2.d848.s1.i1 1.0 1.05782510818
DS2.d848.s1.i2 1.0 0.993684178354
DS2.d853.s0.i0 1.0 0.0651500813332
DS2.d853.s0.i1 1.0 0.172750380502
DS2.d853.s1.i0 1.0 0.930418330404
DS2.d853.s1.i1 1.0 0.930418330404
DS2.d863.s0.i0 1.0 1.11641342694
DS2.d875.s0.i0 -1 -0.221706286107
DS2.d875.s0.i1 -1 -0.926194186444
DS2.d877.s0.i0 -1 0.527610084439
DS2.d883.s0.i0 -1 1.00024847671
DS2.d883.s0.i1 1.0 1.43121741294
DS2.d896.s0.i0 1.0 0.011014776086
DS2.d896.s0.i1 1.0 0.492350708323
DS2.d896.s0.i2 1.0 0.758703897065
DS2.d896.s0.i3 1.0 0.609024368177
DS2.d896.s0.i4 1.0 0.236133720388
DS2.d896.s0.i5 1.0 0.612088715387
DS2.d896.s0.i6 1.0 0.606330372994
DS2.d896.s0.i7 1.0 0.457664841244
DS2.d896.s1.i0 1.0 0.780445363853
DS2.d896.s1.i1 1.0 0.472245048256
DS2.d896.s2.i0 1.0 1.27466480199
DS2.d896.s2.i1 1.0 1.27466480199
DS2.d907.s0.i0 1.0 1.68571733797
DS2.d935.s0.i0 1.0 0.926760579036
DS2.d935.s0.i1 1.0 1.09531255881
DS2.d944.s0.i0 1.0 1.03358168127
DS2.d947.s0.i0 -1 -1.05189404437
DS2.d954.s0.i0 1.0 0.540367613115
DS2.d954.s0.i1 1.0 0.345038232553
DS2.d954.s0.i2 1.0 0.0419362483083
DS2.d954.s0.i3 1.0 0.216667283596
DS2.d958.s0.i0 1.0 1.48862666555
DS2.d958.s0.i1 1.0 1.48597650455
DS2.d967.s0.i0 1.0 -0.0454018221999
DS2.d967.s0.i1 1.0 0.810633770091
DS2.d970.s0.i0 -1 -0.206146385625
DS2.d970.s0.i1 1.0 0.515782930435
DS2.d970.s0.i2 1.0 -0.0964885934976
DS2.d971.s0.i0 1.0 1.32175340202
DS2.d978.s0.i0 1.0 1.46554066297
DS2.d978.s0.i1 1.0 1.46554066297
DS2.d978.s1.i0 1.0 -0.162581529576
DS2.d978.s1.i1 1.0 0.433142295507
DS2.d978.s1.i2 1.0 0.615737935394
DS2.d978.s1.i3 1.0 0.615737935394
DS2.d978.s1.i4 1.0 0.440308219295
DS2.d978.s1.i5 1.0 0.440308219295
DS2.d979.s0.i0 1.0 1.31031442039
DS2.d979.s0.i1 1.0 0.690737463728
DS2.d983.s0.i0 1.0 1.47449631298
DS2.d983.s1.i0 1.0 0.674283408971
DS2.d983.s2.i0 1.0 0.471095017709
DS2.d987.s0.i0 1.0 0.504081990449
DS2.d987.s1.i0 1.0 1.54749728207
DS2.d987.s2.i0 1.0 1.79171267428
DS2.d994.s0.i0 1.0 0.770439174655
DS2.d994.s0.i1 1.0 1.0868632062
DS2.d1000.s0.i0 -1 0.524426248447
DS2.d1007.s0.i0 1.0 1.24127213972
DS2.d1007.s0.i1 1.0 0.310424885871
DS2.d1007.s1.i0 1.0 0.150299754777
DS2.d1007.s1.i1 1.0 0.150299754777
DS2.d1019.s0.i0 1.0 1.53353172814
DS2.d1030.s0.i0 -1 -1.32619037891
DS2.d1035.s0.i0 1.0 0.864040355271
DS2.d1053.s0.i0 1.0 1.31164695775
DS2.d1053.s0.i1 1.0 1.23249907886
