DS2.d10.s0.i0 1.0 0.389978976718
DS2.d10.s0.i1 1.0 0.694115260028
DS2.d48.s0.i0 1.0 1.27710678034
DS2.d48.s1.i0 1.0 1.15222060001
DS2.d54.s0.i0 1.0 1.61472912026
DS2.d54.s1.i0 1.0 0.191356463884
DS2.d56.s0.i0 -1 0.122580227767
DS2.d56.s0.i1 1.0 -0.710058020121
DS2.d56.s0.i2 1.0 -1.05137501584
DS2.d56.s0.i3 -1 -0.372567418151
DS2.d56.s0.i4 1.0 -0.953701918999
DS2.d57.s0.i0 1.0 0.111063728383
DS2.d57.s0.i1 1.0 0.46557970886
DS2.d64.s0.i0 1.0 -1.14798533134
DS2.d64.s0.i1 1.0 -1.44194640658
DS2.d78.s0.i0 1.0 1.13499477148
DS2.d78.s1.i0 1.0 0.486750354211
DS2.d78.s1.i1 1.0 0.338688575452
DS2.d78.s1.i2 1.0 0.481109281349
DS2.d86.s0.i0 -1 -1.48392812117
DS2.d86.s0.i1 -1 0.519282542556
DS2.d100.s0.i0 -1 -0.801105609742
DS2.d100.s0.i1 -1 -1.10604935134
DS2.d100.s0.i2 -1 -0.976867372396
DS2.d106.s0.i0 1.0 0.138856466047
DS2.d107.s0.i0 1.0 -0.283522519764
DS2.d107.s0.i1 1.0 -0.227332080282
DS2.d118.s0.i0 1.0 0.244499429528
DS2.d118.s0.i1 1.0 0.720391883842
DS2.d118.s0.i2 1.0 0.410886056488
DS2.d118.s0.i3 1.0 0.710569289833
DS2.d118.s0.i4 1.0 0.244499429528
DS2.d118.s0.i5 1.0 0.710569289833
DS2.d125.s0.i0 -1 -1.31470895156
DS2.d125.s0.i1 -1 0.194277379862
DS2.d125.s1.i0 -1 -1.42783199921
DS2.d125.s1.i1 -1 0.0130871056771
DS2.d129.s0.i0 -1 0.0465075591345
DS2.d129.s0.i1 -1 0.439205339613
DS2.d129.s1.i0 -1 1.19156605211
DS2.d132.s0.i0 1.0 0.261015420813
DS2.d132.s0.i1 1.0 0.305445635666
DS2.d132.s0.i2 1.0 0.769316228238
DS2.d132.s0.i3 1.0 -0.0715413387064
DS2.d158.s0.i0 -1 -0.447501292483
DS2.d178.s0.i0 -1 -1.2250612457
DS2.d178.s0.i1 -1 -1.01904627095
DS2.d178.s1.i0 -1 0.206660068955
DS2.d195.s0.i0 1.0 0.992449066717
DS2.d195.s0.i1 -1 -0.211482579114
DS2.d219.s0.i0 -1 -1.51893746073
DS2.d220.s0.i0 1.0 -1.17305199893
DS2.d220.s0.i1 1.0 -0.790608150543
DS2.d269.s0.i0 1.0 1.09101479523
DS2.d270.s0.i0 1.0 0.120588619377
DS2.d285.s0.i0 1.0 -0.406137971935
DS2.d285.s1.i0 -1 -1.22941604127
DS2.d285.s1.i1 -1 -1.69894750835
DS2.d285.s1.i2 -1 -1.93271110068
DS2.d285.s1.i3 -1 -1.85059053173
DS2.d289.s0.i0 1.0 1.53399662501
DS2.d290.s0.i0 1.0 -0.144487177947
DS2.d290.s0.i1 -1 -1.28064740655
DS2.d290.s0.i2 -1 -0.397675606918
DS2.d290.s0.i3 -1 -1.04859806129
DS2.d290.s0.i4 1.0 0.0731112679849
DS2.d290.s0.i5 1.0 0.0504659110964
DS2.d290.s0.i6 -1 -1.7069804873
DS2.d290.s0.i7 1.0 0.0104576099507
DS2.d295.s0.i0 -1 0.489126720815
DS2.d295.s1.i0 1.0 0.399631844145
DS2.d310.s0.i0 -1 -0.260679581821
DS2.d310.s0.i1 -1 -0.47623934166
DS2.d310.s0.i2 -1 -0.385044051267
DS2.d310.s0.i3 -1 -0.441707109993
DS2.d333.s0.i0 1.0 0.268307723236
DS2.d333.s0.i1 1.0 0.243685063603
DS2.d333.s0.i2 -1 -0.938287559062
DS2.d333.s1.i0 1.0 1.30855611164
DS2.d359.s0.i0 1.0 1.75628081558
DS2.d365.s0.i0 -1 0.445550395208
DS2.d370.s0.i0 -1 1.33612205348
DS2.d377.s0.i0 1.0 0.729018308118
DS2.d377.s1.i0 1.0 0.0932621364102
DS2.d421.s0.i0 1.0 2.70239451071
DS2.d432.s0.i0 -1 0.912214372365
DS2.d432.s0.i1 1.0 0.804203078147
DS2.d432.s1.i0 1.0 -0.0810751645712
DS2.d432.s1.i1 1.0 0.261154407967
DS2.d433.s0.i0 -1 -1.65904227972
DS2.d433.s0.i1 -1 1.34231101978
DS2.d444.s0.i0 1.0 0.228926456807
DS2.d444.s0.i1 1.0 0.136570575463
DS2.d444.s1.i0 1.0 1.41864587067
DS2.d444.s1.i1 1.0 1.33403751423
DS2.d458.s0.i0 -1 0.962124869756
DS2.d458.s0.i1 -1 0.905290030933
DS2.d458.s0.i2 -1 0.810741991238
DS2.d458.s0.i3 -1 1.11863762941
DS2.d464.s0.i0 -1 0.786269415683
DS2.d464.s0.i1 -1 0.0674527267747
DS2.d467.s0.i0 1.0 1.41958319985
DS2.d471.s0.i0 1.0 0.847948302537
DS2.d471.s0.i1 1.0 0.63788750505
DS2.d471.s0.i2 1.0 0.734199019162
DS2.d471.s0.i3 1.0 0.933245358544
DS2.d471.s0.i4 1.0 0.63788750505
DS2.d471.s0.i5 1.0 0.734199019162
DS2.d483.s0.i0 -1 -0.0750629821228
DS2.d494.s0.i0 -1 -0.965047193146
DS2.d494.s1.i0 1.0 -0.653043260587
DS2.d494.s1.i1 1.0 -0.457894018227
DS2.d494.s2.i0 -1 -1.34099341794
DS2.d502.s0.i0 1.0 0.539799802705
DS2.d502.s0.i1 1.0 0.432558438993
DS2.d502.s1.i0 -1 0.372244779556
DS2.d502.s1.i1 -1 0.132994207023
DS2.d506.s0.i0 -1 -1.49928346321
DS2.d509.s0.i0 1.0 0.979745796115
DS2.d523.s0.i0 1.0 1.61238557685
DS2.d532.s0.i0 1.0 0.596960258228
DS2.d532.s1.i0 -1 -0.250319434642
DS2.d543.s0.i0 1.0 0.838149362474
DS2.d543.s1.i0 1.0 0.643547618941
DS2.d543.s1.i1 1.0 0.643547618941
DS2.d559.s0.i0 1.0 0.513671565573
DS2.d559.s0.i1 1.0 0.689724798124
DS2.d562.s0.i0 -1 -0.473504976546
DS2.d564.s0.i0 -1 -1.59386100199
DS2.d579.s0.i0 -1 0.993660451436
DS2.d579.s0.i1 -1 1.32251578227
DS2.d579.s0.i2 -1 0.591659092051
DS2.d579.s0.i3 -1 0.248970569867
DS2.d582.s0.i0 1.0 0.994419317779
DS2.d582.s1.i0 1.0 2.34204785431
DS2.d591.s0.i0 1.0 1.37078909021
DS2.d591.s1.i0 1.0 0.709739085214
DS2.d596.s0.i0 1.0 1.28899791457
DS2.d596.s0.i1 1.0 1.38010732331
DS2.d619.s0.i0 1.0 0.702039991741
DS2.d645.s0.i0 -1 -0.668841764256
DS2.d646.s0.i0 -1 -1.86488785839
DS2.d663.s0.i0 1.0 1.23374089414
DS2.d663.s1.i0 1.0 1.11015496133
DS2.d663.s1.i1 1.0 0.979748313969
DS2.d663.s1.i2 1.0 0.979748313969
DS2.d669.s0.i0 -1 -0.243362107288
DS2.d669.s1.i0 1.0 0.809055763496
DS2.d676.s0.i0 1.0 0.0731694171428
DS2.d676.s1.i0 1.0 0.445267104065
DS2.d676.s2.i0 1.0 1.79435164963
DS2.d676.s3.i0 1.0 0.806473497367
DS2.d676.s4.i0 1.0 1.63526267181
DS2.d705.s0.i0 -1 0.222071796075
DS2.d715.s0.i0 1.0 0.839504761143
DS2.d715.s0.i1 1.0 0.483560253232
DS2.d718.s0.i0 -1 -0.540192364208
DS2.d718.s0.i1 -1 -1.17183178747
DS2.d720.s0.i0 1.0 -0.0502119070506
DS2.d720.s0.i1 1.0 1.18673802352
DS2.d720.s0.i2 1.0 -0.769318529833
DS2.d720.s0.i3 1.0 -0.0746601211514
DS2.d720.s0.i4 1.0 0.67404275626
DS2.d720.s1.i0 1.0 0.634273492728
DS2.d720.s1.i1 -1 0.714029727327
DS2.d730.s0.i0 1.0 -0.899578063174
DS2.d730.s0.i1 1.0 -1.20070742647
DS2.d742.s0.i0 1.0 0.550073330598
DS2.d742.s0.i1 1.0 1.02360760864
DS2.d745.s0.i0 1.0 0.53060880473
DS2.d745.s0.i1 1.0 -0.264795374376
DS2.d745.s0.i2 1.0 -0.0706636265113
DS2.d749.s0.i0 -1 -0.812171318642
DS2.d749.s0.i1 -1 -1.66852948009
DS2.d749.s0.i2 -1 -1.05818428268
DS2.d749.s0.i3 -1 -1.17651812695
DS2.d778.s0.i0 1.0 -0.802368406576
DS2.d778.s1.i0 -1 0.213376979662
DS2.d778.s2.i0 -1 1.01260377195
DS2.d778.s2.i1 -1 1.55128721805
DS2.d778.s3.i0 1.0 -0.00362675468156
DS2.d789.s0.i0 -1 -0.388068350853
DS2.d796.s0.i0 1.0 0.901742459757
DS2.d807.s0.i0 -1 -1.37098217773
DS2.d807.s0.i1 -1 -0.716065774522
DS2.d807.s1.i0 -1 -1.32747253366
DS2.d807.s1.i1 -1 -0.82708756734
DS2.d816.s0.i0 1.0 1.26054220879
DS2.d831.s0.i0 1.0 0.0831521398961
DS2.d831.s0.i1 1.0 0.0831521398961
DS2.d832.s0.i0 1.0 0.796392108311
DS2.d832.s0.i1 1.0 0.412001298921
DS2.d841.s0.i0 1.0 1.09293744066
DS2.d845.s0.i0 -1 0.22548710363
DS2.d845.s0.i1 -1 0.541725783374
DS2.d845.s0.i2 -1 0.653585569789
DS2.d845.s0.i3 -1 0.273510949754
DS2.d848.s0.i0 1.0 1.97797480691
DS2.d848.s1.i0 1.0 0.262425103701
DS2.d848.s1.i1 1.0 0.32758745268
DS2.d848.s1.i2 1.0 0.407776182513
DS2.d853.s0.i0 1.0 0.60917299671
DS2.d853.s0.i1 1.0 0.601985182378
DS2.d853.s1.i0 1.0 1.28501475869
DS2.d853.s1.i1 1.0 1.28501475869
DS2.d863.s0.i0 1.0 1.31216700622
DS2.d875.s0.i0 -1 -0.297761941752
DS2.d875.s0.i1 -1 -0.833889329185
DS2.d877.s0.i0 -1 0.595522282414
DS2.d883.s0.i0 -1 0.909529238858
DS2.d883.s0.i1 1.0 1.46792450076
DS2.d896.s0.i0 1.0 -0.0702613763319
DS2.d896.s0.i1 1.0 0.449444702098
DS2.d896.s0.i2 1.0 0.491823909676
DS2.d896.s0.i3 1.0 0.308914119844
DS2.d896.s0.i4 1.0 -0.0424998785067
DS2.d896.s0.i5 1.0 0.423064260614
DS2.d896.s0.i6 1.0 0.240154470782
DS2.d896.s0.i7 1.0 0.0774889669876
DS2.d896.s1.i0 1.0 1.508823953
DS2.d896.s1.i1 1.0 1.05727471535
DS2.d896.s2.i0 1.0 1.65855307142
DS2.d896.s2.i1 1.0 1.65855307142
DS2.d907.s0.i0 1.0 1.86108680458
DS2.d935.s0.i0 1.0 0.90263649978
DS2.d935.s0.i1 1.0 0.792250726675
DS2.d944.s0.i0 1.0 1.96679907993
DS2.d947.s0.i0 -1 -1.0554650063
DS2.d954.s0.i0 1.0 0.63437617392
DS2.d954.s0.i1 1.0 0.555738507779
DS2.d954.s0.i2 1.0 0.13268190016
DS2.d954.s0.i3 1.0 -0.0561570127939
DS2.d958.s0.i0 1.0 1.77809638495
DS2.d958.s0.i1 1.0 1.69269151149
DS2.d967.s0.i0 1.0 -0.131933872543
DS2.d967.s0.i1 1.0 0.556935897543
DS2.d970.s0.i0 -1 -0.13834235951
DS2.d970.s0.i1 1.0 0.788118966961
DS2.d970.s0.i2 1.0 -0.252456152199
DS2.d971.s0.i0 1.0 1.24737709049
DS2.d978.s0.i0 1.0 1.42724878635
DS2.d978.s0.i1 1.0 1.42724878635
DS2.d978.s1.i0 1.0 -0.450469365781
DS2.d978.s1.i1 1.0 -0.00512809388671
DS2.d978.s1.i2 1.0 0.666828515078
DS2.d978.s1.i3 1.0 0.666828515078
DS2.d978.s1.i4 1.0 0.289924531384
DS2.d978.s1.i5 1.0 0.289924531384
DS2.d979.s0.i0 1.0 1.32231789399
DS2.d979.s0.i1 1.0 0.673073896887
DS2.d983.s0.i0 1.0 1.18280490182
DS2.d983.s1.i0 1.0 0.705217682599
DS2.d983.s2.i0 1.0 0.166634414053
DS2.d987.s0.i0 1.0 0.468103756516
DS2.d987.s1.i0 1.0 1.87724529074
DS2.d987.s2.i0 1.0 1.86966208377
DS2.d994.s0.i0 1.0 1.29108414437
DS2.d994.s0.i1 1.0 1.60948064383
DS2.d1000.s0.i0 -1 0.132672261376
DS2.d1007.s0.i0 1.0 1.215323379
DS2.d1007.s0.i1 1.0 0.403999879815
DS2.d1007.s1.i0 1.0 0.154843906913
DS2.d1007.s1.i1 1.0 0.154843906913
DS2.d1019.s0.i0 1.0 1.01444170079
DS2.d1030.s0.i0 -1 -1.23350866865
DS2.d1035.s0.i0 1.0 0.865345226306
DS2.d1053.s0.i0 1.0 0.972078342014
DS2.d1053.s0.i1 1.0 0.937356677096
