DS2.d25.s0.i0 1.0 1.27152504037
DS2.d25.s0.i1 1.0 1.22336941628
DS2.d27.s0.i0 -1 -0.599772329308
DS2.d27.s0.i1 -1 0.0594210396878
DS2.d38.s0.i0 -1 0.778492685119
DS2.d38.s0.i1 -1 0.756766665699
DS2.d43.s0.i0 1.0 2.08228756506
DS2.d43.s0.i1 1.0 1.75455631428
DS2.d43.s1.i0 1.0 2.18185694001
DS2.d43.s2.i0 1.0 1.66074438554
DS2.d44.s0.i0 -1 1.31469758485
DS2.d44.s1.i0 -1 0.388901412304
DS2.d49.s0.i0 1.0 0.0390471258233
DS2.d49.s1.i0 1.0 0.723905726335
DS2.d60.s0.i0 1.0 1.69613758449
DS2.d65.s0.i0 -1 -0.331627562066
DS2.d67.s0.i0 -1 -2.32145737883
DS2.d67.s0.i1 -1 -0.219367057614
DS2.d81.s0.i0 1.0 1.03564363772
DS2.d81.s0.i1 1.0 0.811272799906
DS2.d84.s0.i0 -1 0.244062611838
DS2.d88.s0.i0 -1 -1.72889782782
DS2.d88.s0.i1 -1 -0.505965388231
DS2.d88.s0.i2 -1 -1.22934264915
DS2.d88.s0.i3 -1 -2.00812487186
DS2.d101.s0.i0 1.0 1.09878608527
DS2.d101.s1.i0 1.0 0.870056844105
DS2.d104.s0.i0 -1 -0.423615935838
DS2.d104.s0.i1 -1 -0.481839246725
DS2.d104.s0.i2 -1 -1.84646236712
DS2.d104.s0.i3 -1 -0.455604905226
DS2.d104.s0.i4 -1 -1.35907223915
DS2.d104.s0.i5 -1 0.0552206377675
DS2.d104.s1.i0 -1 -1.202514045
DS2.d104.s1.i1 -1 -1.16463999288
DS2.d104.s1.i2 -1 -0.060161716643
DS2.d104.s1.i3 -1 -1.1408421233
DS2.d104.s1.i4 -1 -1.40974779598
DS2.d104.s1.i5 -1 -0.0162448368164
DS2.d104.s1.i6 -1 -1.19713803429
DS2.d104.s1.i7 -1 -1.16258682795
DS2.d130.s0.i0 -1 0.676554050566
DS2.d130.s0.i1 -1 0.571574761305
DS2.d133.s0.i0 1.0 1.05097680584
DS2.d133.s1.i0 1.0 0.805804913294
DS2.d137.s0.i0 1.0 -1.08162166008
DS2.d137.s0.i1 1.0 -0.821732319576
DS2.d137.s0.i2 -1 -1.22938292336
DS2.d143.s0.i0 1.0 0.624136753619
DS2.d149.s0.i0 1.0 1.31102829359
DS2.d152.s0.i0 -1 -0.464441882688
DS2.d152.s1.i0 -1 0.139173241677
DS2.d154.s0.i0 1.0 0.745476622837
DS2.d154.s0.i1 1.0 1.33074407447
DS2.d166.s0.i0 -1 1.13840690863
DS2.d166.s0.i1 -1 0.525887808591
DS2.d166.s0.i2 -1 0.320724332426
DS2.d171.s0.i0 1.0 1.02724049509
DS2.d171.s0.i1 1.0 0.876639354978
DS2.d171.s1.i0 1.0 1.37243007764
DS2.d189.s0.i0 -1 -1.02836930244
DS2.d189.s0.i1 -1 -1.63548366673
DS2.d189.s1.i0 -1 -1.54822233187
DS2.d190.s0.i0 -1 -0.418455630688
DS2.d190.s1.i0 -1 -0.132078707588
DS2.d209.s0.i0 -1 1.4905179276
DS2.d218.s0.i0 -1 -1.24318770163
DS2.d221.s0.i0 -1 -0.916440358767
DS2.d221.s0.i1 1.0 0.406210325429
DS2.d221.s0.i2 -1 -0.624288799055
DS2.d224.s0.i0 1.0 0.216508612213
DS2.d224.s0.i1 1.0 0.307370507706
DS2.d224.s1.i0 1.0 0.56370058997
DS2.d224.s2.i0 -1 0.0290154731901
DS2.d224.s2.i1 -1 -0.59041461205
DS2.d226.s0.i0 -1 1.43236973781
DS2.d237.s0.i0 1.0 0.41845357364
DS2.d240.s0.i0 -1 0.0403270305907
DS2.d240.s0.i1 -1 0.0403270305907
DS2.d240.s0.i2 -1 0.0850682084021
DS2.d240.s0.i3 -1 0.222283178055
DS2.d244.s0.i0 -1 0.335131023041
DS2.d244.s1.i0 -1 0.690459687256
DS2.d258.s0.i0 1.0 1.12955738364
DS2.d259.s0.i0 1.0 1.31222410676
DS2.d259.s1.i0 1.0 0.510659054709
DS2.d259.s1.i1 1.0 0.632198239046
DS2.d259.s1.i2 1.0 0.389070879794
DS2.d259.s1.i3 1.0 0.529958847849
DS2.d271.s0.i0 1.0 -0.315877031583
DS2.d271.s0.i1 1.0 0.237102636409
DS2.d273.s0.i0 -1 0.115880315509
DS2.d273.s0.i1 -1 0.18233327878
DS2.d273.s1.i0 1.0 -0.162211362652
DS2.d278.s0.i0 1.0 0.877831927569
DS2.d280.s0.i0 1.0 0.571989727362
DS2.d280.s0.i1 1.0 0.571989727362
DS2.d286.s0.i0 1.0 0.796808951861
DS2.d286.s1.i0 1.0 0.746829995665
DS2.d286.s1.i1 1.0 0.540540132063
DS2.d288.s0.i0 1.0 1.48476708161
DS2.d292.s0.i0 1.0 0.812282631892
DS2.d317.s0.i0 1.0 0.779151442542
DS2.d317.s0.i1 -1 -0.699546599292
DS2.d323.s0.i0 -1 1.15342418701
DS2.d339.s0.i0 -1 0.305721144767
DS2.d339.s1.i0 -1 0.465980981341
DS2.d341.s0.i0 1.0 0.9147774835
DS2.d341.s0.i1 1.0 0.510841971895
DS2.d368.s0.i0 -1 -0.685095690483
DS2.d372.s0.i0 1.0 0.839217219397
DS2.d378.s0.i0 1.0 1.21489412219
DS2.d388.s0.i0 -1 -0.905557923327
DS2.d388.s1.i0 -1 0.711789312772
DS2.d388.s2.i0 -1 -1.27375256544
DS2.d388.s2.i1 -1 1.14531017856
DS2.d406.s0.i0 -1 -0.488577084692
DS2.d406.s1.i0 -1 -1.69866511829
DS2.d406.s2.i0 -1 -1.10524504951
DS2.d407.s0.i0 1.0 0.780225407018
DS2.d413.s0.i0 -1 0.692793539146
DS2.d450.s0.i0 1.0 -0.670045947345
DS2.d453.s0.i0 -1 0.737134847071
DS2.d463.s0.i0 1.0 0.0263781571964
DS2.d478.s0.i0 1.0 -0.158797148036
DS2.d498.s0.i0 -1 0.300239939457
DS2.d498.s0.i1 -1 -0.294398941371
DS2.d498.s1.i0 -1 -0.314864905639
DS2.d498.s1.i1 -1 -1.02612239293
DS2.d508.s0.i0 1.0 1.39484956983
DS2.d508.s0.i1 1.0 1.52979246198
DS2.d508.s0.i2 1.0 1.57231273015
DS2.d508.s0.i3 1.0 0.350890482863
DS2.d508.s0.i4 1.0 1.65666259336
DS2.d508.s0.i5 1.0 0.163656671486
DS2.d508.s1.i0 -1 0.835661395077
DS2.d508.s1.i1 -1 0.339176380917
DS2.d514.s0.i0 -1 -0.718081670956
DS2.d514.s0.i1 -1 -0.228854546908
DS2.d514.s0.i2 -1 -0.75858172992
DS2.d514.s0.i3 -1 -0.543070509347
DS2.d514.s0.i4 -1 -0.843123155157
DS2.d514.s0.i5 -1 -0.563235469644
DS2.d514.s0.i6 -1 -0.486475358457
DS2.d514.s0.i7 -1 -0.556448510201
DS2.d521.s0.i0 1.0 2.07424989525
DS2.d522.s0.i0 1.0 1.08796965455
DS2.d528.s0.i0 1.0 1.26758248045
DS2.d565.s0.i0 1.0 0.962993131101
DS2.d577.s0.i0 1.0 1.20772373433
DS2.d577.s0.i1 1.0 1.55990887982
DS2.d577.s0.i2 1.0 1.79605147644
DS2.d588.s0.i0 -1 -1.05337554491
DS2.d603.s0.i0 1.0 -0.108489491092
DS2.d603.s0.i1 1.0 0.042911395494
DS2.d603.s0.i2 1.0 0.436985797184
DS2.d605.s0.i0 1.0 1.25404132176
DS2.d605.s1.i0 1.0 0.635333646346
DS2.d647.s0.i0 -1 0.167942364967
DS2.d647.s0.i1 -1 0.606350764082
DS2.d648.s0.i0 -1 0.35418740198
DS2.d648.s0.i1 -1 0.574936093966
DS2.d648.s0.i2 -1 0.0519613582182
DS2.d648.s1.i0 1.0 1.16828793244
DS2.d648.s1.i1 1.0 1.15008618536
DS2.d648.s1.i2 1.0 0.223280111683
DS2.d648.s1.i3 1.0 1.34669404177
DS2.d648.s1.i4 1.0 0.195232335066
DS2.d648.s1.i5 1.0 0.131797578869
DS2.d649.s0.i0 1.0 0.848347104352
DS2.d665.s0.i0 1.0 0.409342180066
DS2.d665.s1.i0 1.0 1.62656057264
DS2.d685.s0.i0 1.0 -0.0599226726081
DS2.d685.s0.i1 1.0 -0.414217939178
DS2.d691.s0.i0 1.0 0.793550774043
DS2.d691.s0.i1 1.0 0.845654611867
DS2.d701.s0.i0 1.0 0.180160589779
DS2.d712.s0.i0 1.0 0.0989427778158
DS2.d712.s0.i1 1.0 0.0181135604007
DS2.d712.s0.i2 1.0 0.168112409449
DS2.d712.s0.i3 1.0 0.209802953822
DS2.d712.s0.i4 1.0 0.11251801144
DS2.d712.s0.i5 1.0 0.378329883569
DS2.d712.s0.i6 1.0 0.616761796529
DS2.d712.s0.i7 1.0 0.677454824792
DS2.d712.s0.i8 1.0 0.0379690664764
DS2.d712.s0.i9 1.0 0.439542553368
DS2.d719.s0.i0 1.0 1.14954366111
DS2.d719.s1.i0 -1 0.885997685007
DS2.d736.s0.i0 -1 0.772679772097
DS2.d738.s0.i0 1.0 -0.589608184739
DS2.d743.s0.i0 1.0 -0.0213760745878
DS2.d750.s0.i0 1.0 0.863924759372
DS2.d750.s0.i1 1.0 0.894732350394
DS2.d750.s1.i0 1.0 1.3980247378
DS2.d750.s2.i0 1.0 0.540585565476
DS2.d750.s2.i1 1.0 0.428169411932
DS2.d758.s0.i0 -1 -1.15983990073
DS2.d770.s0.i0 1.0 1.53537939073
DS2.d770.s1.i0 1.0 -0.127180307671
DS2.d783.s0.i0 1.0 0.474105737315
DS2.d783.s1.i0 1.0 -0.0896674982473
DS2.d784.s0.i0 1.0 -0.958352716372
DS2.d784.s0.i1 1.0 0.0596828472887
DS2.d784.s0.i2 1.0 0.774304147093
DS2.d804.s0.i0 -1 -1.13804639862
DS2.d804.s0.i1 -1 -0.566369311774
DS2.d804.s0.i2 -1 -0.782961339495
DS2.d804.s0.i3 -1 -0.915691228067
DS2.d804.s0.i4 -1 -1.3640925145
DS2.d804.s0.i5 -1 -0.842231686827
DS2.d804.s0.i6 -1 -1.23771152845
DS2.d804.s0.i7 -1 -1.00900745538
DS2.d804.s0.i8 -1 -1.46582339635
DS2.d804.s0.i9 -1 -0.687750868114
DS2.d804.s1.i0 -1 -1.23609920806
DS2.d804.s1.i1 -1 -1.35071582476
DS2.d804.s1.i2 -1 -1.35301178879
DS2.d804.s1.i3 -1 -1.32908419367
DS2.d805.s0.i0 -1 -0.508173021227
DS2.d805.s0.i1 -1 -0.0402246655028
DS2.d811.s0.i0 1.0 1.57865308353
DS2.d811.s0.i1 1.0 1.25645057329
DS2.d820.s0.i0 1.0 0.0387631057926
DS2.d820.s0.i1 1.0 -0.0609096439594
DS2.d820.s0.i2 1.0 -0.225438767741
DS2.d824.s0.i0 -1 0.513522943119
DS2.d838.s0.i0 1.0 1.21565520668
DS2.d842.s0.i0 -1 -0.721368677365
DS2.d842.s0.i1 -1 -0.957248391924
DS2.d871.s0.i0 -1 0.444949217849
DS2.d871.s0.i1 1.0 0.513865915989
DS2.d871.s1.i0 1.0 0.937799524331
DS2.d871.s1.i1 1.0 0.937799524331
DS2.d874.s0.i0 1.0 0.0701698510474
DS2.d874.s0.i1 1.0 0.34816255317
DS2.d876.s0.i0 -1 1.08018807825
DS2.d876.s0.i1 1.0 0.792887776115
DS2.d897.s0.i0 1.0 0.586508528798
DS2.d917.s0.i0 1.0 0.968050731939
DS2.d917.s0.i1 1.0 1.23390873256
DS2.d917.s0.i2 1.0 1.26852493488
DS2.d928.s0.i0 -1 0.805559329153
DS2.d943.s0.i0 1.0 0.624431441124
DS2.d943.s0.i1 1.0 1.01834231321
DS2.d943.s0.i2 1.0 0.968141806434
DS2.d943.s0.i3 1.0 0.645996907761
DS2.d965.s0.i0 -1 1.19993041228
DS2.d973.s0.i0 1.0 1.12648221974
DS2.d973.s1.i0 -1 0.569632196879
DS2.d973.s1.i1 1.0 0.434702466851
DS2.d973.s1.i2 -1 1.77983502901
DS2.d973.s1.i3 1.0 0.198041418838
DS2.d973.s1.i4 1.0 0.868649669302
DS2.d973.s1.i5 1.0 0.808472547553
DS2.d973.s2.i0 1.0 0.424299655378
DS2.d973.s3.i0 1.0 1.37608554925
DS2.d973.s3.i1 -1 0.927793537447
DS2.d997.s0.i0 1.0 0.843690353576
DS2.d997.s0.i1 -1 0.648804264597
DS2.d997.s0.i2 -1 0.809507423134
DS2.d997.s0.i3 1.0 1.18690187009
DS2.d997.s1.i0 1.0 1.42448826377
DS2.d997.s1.i1 -1 1.35732021539
DS2.d998.s0.i0 1.0 0.618874701365
DS2.d998.s0.i1 1.0 0.482128964334
DS2.d1002.s0.i0 -1 0.143352579203
DS2.d1002.s0.i1 -1 -0.165354668035
DS2.d1040.s0.i0 1.0 0.712237793285
DS2.d1050.s0.i0 1.0 -0.413895464181
DS2.d1050.s1.i0 -1 0.216478184225
DS2.d1054.s0.i0 -1 -1.03253376834
