DS2.d25.s0.i0 1.0 1.43227644087
DS2.d25.s0.i1 1.0 1.18835416595
DS2.d27.s0.i0 -1 -0.786502312778
DS2.d27.s0.i1 -1 -0.381043099014
DS2.d38.s0.i0 -1 0.986061158508
DS2.d38.s0.i1 -1 1.15802155194
DS2.d43.s0.i0 1.0 1.84801582742
DS2.d43.s0.i1 1.0 1.59018126862
DS2.d43.s1.i0 1.0 1.73400071494
DS2.d43.s2.i0 1.0 1.27644564778
DS2.d44.s0.i0 -1 1.42773359122
DS2.d44.s1.i0 -1 0.44006040887
DS2.d49.s0.i0 1.0 0.0633858129482
DS2.d49.s1.i0 1.0 0.632990156223
DS2.d60.s0.i0 1.0 1.44886640554
DS2.d65.s0.i0 -1 -0.415486361308
DS2.d67.s0.i0 -1 -2.10510777204
DS2.d67.s0.i1 -1 -0.160321144323
DS2.d81.s0.i0 1.0 0.860672885593
DS2.d81.s0.i1 1.0 0.955097000096
DS2.d84.s0.i0 -1 0.36489352271
DS2.d88.s0.i0 -1 -1.55128272075
DS2.d88.s0.i1 -1 -0.428611690812
DS2.d88.s0.i2 -1 -1.0494248642
DS2.d88.s0.i3 -1 -1.75073148948
DS2.d101.s0.i0 1.0 1.20222103398
DS2.d101.s1.i0 1.0 0.968385375792
DS2.d104.s0.i0 -1 -0.697411868453
DS2.d104.s0.i1 -1 -0.553434830546
DS2.d104.s0.i2 -1 -1.88196215065
DS2.d104.s0.i3 -1 -0.62584022191
DS2.d104.s0.i4 -1 -1.54108243124
DS2.d104.s0.i5 -1 -0.302593139872
DS2.d104.s1.i0 -1 -1.13936901323
DS2.d104.s1.i1 -1 -1.20936400472
DS2.d104.s1.i2 -1 -0.218103031544
DS2.d104.s1.i3 -1 -1.36044026852
DS2.d104.s1.i4 -1 -1.49819002607
DS2.d104.s1.i5 -1 -0.282106018755
DS2.d104.s1.i6 -1 -1.32165368977
DS2.d104.s1.i7 -1 -1.02979927437
DS2.d130.s0.i0 -1 0.686043295269
DS2.d130.s0.i1 -1 0.620306071151
DS2.d133.s0.i0 1.0 1.14447151438
DS2.d133.s1.i0 1.0 0.817899788835
DS2.d137.s0.i0 1.0 -1.05090670674
DS2.d137.s0.i1 1.0 -0.827128855265
DS2.d137.s0.i2 -1 -1.47377610892
DS2.d143.s0.i0 1.0 0.587121079818
DS2.d149.s0.i0 1.0 0.880757735117
DS2.d152.s0.i0 -1 -0.488894505907
DS2.d152.s1.i0 -1 -0.171076728742
DS2.d154.s0.i0 1.0 0.777694492251
DS2.d154.s0.i1 1.0 1.26871684246
DS2.d166.s0.i0 -1 1.15329668656
DS2.d166.s0.i1 -1 0.651293839522
DS2.d166.s0.i2 -1 0.3715529291
DS2.d171.s0.i0 1.0 1.25756634814
DS2.d171.s0.i1 1.0 0.948941049993
DS2.d171.s1.i0 1.0 1.34559401823
DS2.d189.s0.i0 -1 -1.04180125574
DS2.d189.s0.i1 -1 -1.57322766229
DS2.d189.s1.i0 -1 -1.50767137655
DS2.d190.s0.i0 -1 -0.831607744786
DS2.d190.s1.i0 -1 -0.517678046587
DS2.d209.s0.i0 -1 1.35145260867
DS2.d218.s0.i0 -1 -1.34602527763
DS2.d221.s0.i0 -1 -0.981008909351
DS2.d221.s0.i1 1.0 0.251842489544
DS2.d221.s0.i2 -1 -0.775472553009
DS2.d224.s0.i0 1.0 0.143016059273
DS2.d224.s0.i1 1.0 0.247395230774
DS2.d224.s1.i0 1.0 0.454512925848
DS2.d224.s2.i0 -1 -0.136303201632
DS2.d224.s2.i1 -1 -0.895858619737
DS2.d226.s0.i0 -1 1.51531378871
DS2.d237.s0.i0 1.0 0.510643477573
DS2.d240.s0.i0 -1 -0.128776964453
DS2.d240.s0.i1 -1 -0.172666351037
DS2.d240.s0.i2 -1 -0.142465952654
DS2.d240.s0.i3 -1 -0.0462158021223
DS2.d244.s0.i0 -1 0.217385292975
DS2.d244.s1.i0 -1 0.609278250447
DS2.d258.s0.i0 1.0 1.08586266148
DS2.d259.s0.i0 1.0 1.04665797489
DS2.d259.s1.i0 1.0 0.353718787778
DS2.d259.s1.i1 1.0 0.418467890634
DS2.d259.s1.i2 1.0 0.223190226152
DS2.d259.s1.i3 1.0 0.353116349518
DS2.d271.s0.i0 1.0 -0.280267510062
DS2.d271.s0.i1 1.0 0.270574650591
DS2.d273.s0.i0 -1 0.266732269723
DS2.d273.s0.i1 -1 0.276864042705
DS2.d273.s1.i0 1.0 -0.100263127617
DS2.d278.s0.i0 1.0 1.02198808541
DS2.d280.s0.i0 1.0 0.784781717999
DS2.d280.s0.i1 1.0 0.784781717999
DS2.d286.s0.i0 1.0 0.754364430154
DS2.d286.s1.i0 1.0 0.361790736759
DS2.d286.s1.i1 1.0 0.226281115215
DS2.d288.s0.i0 1.0 1.14371879873
DS2.d292.s0.i0 1.0 0.840885560135
DS2.d317.s0.i0 1.0 0.728060855062
DS2.d317.s0.i1 -1 -0.609578838113
DS2.d323.s0.i0 -1 1.05353284193
DS2.d339.s0.i0 -1 0.381149777087
DS2.d339.s1.i0 -1 0.470264411328
DS2.d341.s0.i0 1.0 0.710229822321
DS2.d341.s0.i1 1.0 0.51967679441
DS2.d368.s0.i0 -1 -0.714537234221
DS2.d372.s0.i0 1.0 0.521558144064
DS2.d378.s0.i0 1.0 1.06327494254
DS2.d388.s0.i0 -1 -1.00941731772
DS2.d388.s1.i0 -1 0.491299252494
DS2.d388.s2.i0 -1 -1.47939942124
DS2.d388.s2.i1 -1 1.2288063952
DS2.d406.s0.i0 -1 -0.556415485677
DS2.d406.s1.i0 -1 -1.54801802537
DS2.d406.s2.i0 -1 -1.08169222082
DS2.d407.s0.i0 1.0 0.793206778261
DS2.d413.s0.i0 -1 0.899525934084
DS2.d450.s0.i0 1.0 -0.602259341665
DS2.d453.s0.i0 -1 0.715330620401
DS2.d463.s0.i0 1.0 -0.287510596107
DS2.d478.s0.i0 1.0 -0.0837714311387
DS2.d498.s0.i0 -1 0.360526157726
DS2.d498.s0.i1 -1 -0.607812070479
DS2.d498.s1.i0 -1 -0.544782940384
DS2.d498.s1.i1 -1 -1.09974842767
DS2.d508.s0.i0 1.0 1.48793886541
DS2.d508.s0.i1 1.0 1.32277322221
DS2.d508.s0.i2 1.0 1.41741384584
DS2.d508.s0.i3 1.0 0.0359581804239
DS2.d508.s0.i4 1.0 1.66750335692
DS2.d508.s0.i5 1.0 0.151226499928
DS2.d508.s1.i0 -1 0.741249285059
DS2.d508.s1.i1 -1 0.387507177553
DS2.d514.s0.i0 -1 -0.838509232821
DS2.d514.s0.i1 -1 -0.433603610518
DS2.d514.s0.i2 -1 -0.772926650021
DS2.d514.s0.i3 -1 -0.668493362666
DS2.d514.s0.i4 -1 -0.869726631575
DS2.d514.s0.i5 -1 -0.712478489108
DS2.d514.s0.i6 -1 -0.672753868123
DS2.d514.s0.i7 -1 -0.703227030334
DS2.d521.s0.i0 1.0 2.02019770273
DS2.d522.s0.i0 1.0 0.925836972592
DS2.d528.s0.i0 1.0 1.21303839312
DS2.d565.s0.i0 1.0 0.89544185333
DS2.d577.s0.i0 1.0 1.05653405132
DS2.d577.s0.i1 1.0 1.47562176516
DS2.d577.s0.i2 1.0 1.65924531065
DS2.d588.s0.i0 -1 -0.958314675588
DS2.d603.s0.i0 1.0 -0.269937434417
DS2.d603.s0.i1 1.0 -0.037496635357
DS2.d603.s0.i2 1.0 0.29742201127
DS2.d605.s0.i0 1.0 1.22358188639
DS2.d605.s1.i0 1.0 0.589613035212
DS2.d647.s0.i0 -1 0.192120627165
DS2.d647.s0.i1 -1 0.729258408254
DS2.d648.s0.i0 -1 0.181795754549
DS2.d648.s0.i1 -1 0.36725353996
DS2.d648.s0.i2 -1 -0.220927423511
DS2.d648.s1.i0 1.0 1.21787679769
DS2.d648.s1.i1 1.0 1.1893771373
DS2.d648.s1.i2 1.0 0.206626805769
DS2.d648.s1.i3 1.0 1.31376484096
DS2.d648.s1.i4 1.0 0.271137502252
DS2.d648.s1.i5 1.0 0.16270021444
DS2.d649.s0.i0 1.0 0.615935621502
DS2.d665.s0.i0 1.0 0.364549410618
DS2.d665.s1.i0 1.0 1.39180633151
DS2.d685.s0.i0 1.0 0.000545887863224
DS2.d685.s0.i1 1.0 -0.301464071358
DS2.d691.s0.i0 1.0 0.797779546815
DS2.d691.s0.i1 1.0 0.978219269354
DS2.d701.s0.i0 1.0 0.00422541627522
DS2.d712.s0.i0 1.0 -0.154881276583
DS2.d712.s0.i1 1.0 -0.123610129017
DS2.d712.s0.i2 1.0 -0.061679982639
DS2.d712.s0.i3 1.0 -0.148128733246
DS2.d712.s0.i4 1.0 -0.156218325712
DS2.d712.s0.i5 1.0 -0.047119207974
DS2.d712.s0.i6 1.0 0.387937339955
DS2.d712.s0.i7 1.0 0.278162550842
DS2.d712.s0.i8 1.0 -0.17168196431
DS2.d712.s0.i9 1.0 0.106717164205
DS2.d719.s0.i0 1.0 1.03533888812
DS2.d719.s1.i0 -1 0.701893105234
DS2.d736.s0.i0 -1 0.731411258579
DS2.d738.s0.i0 1.0 -0.617393210977
DS2.d743.s0.i0 1.0 -0.323948060569
DS2.d750.s0.i0 1.0 0.952417510461
DS2.d750.s0.i1 1.0 0.689374198539
DS2.d750.s1.i0 1.0 1.3349955768
DS2.d750.s2.i0 1.0 0.629294918454
DS2.d750.s2.i1 1.0 0.513085600059
DS2.d758.s0.i0 -1 -1.20616154806
DS2.d770.s0.i0 1.0 1.21420071017
DS2.d770.s1.i0 1.0 -0.100496893197
DS2.d783.s0.i0 1.0 -0.10314275767
DS2.d783.s1.i0 1.0 -0.279891867883
DS2.d784.s0.i0 1.0 -0.995133290328
DS2.d784.s0.i1 1.0 -0.120132633703
DS2.d784.s0.i2 1.0 0.667774594202
DS2.d804.s0.i0 -1 -1.2990778311
DS2.d804.s0.i1 -1 -0.866143932597
DS2.d804.s0.i2 -1 -1.10243225507
DS2.d804.s0.i3 -1 -0.901151817069
DS2.d804.s0.i4 -1 -1.27693417236
DS2.d804.s0.i5 -1 -0.806648926031
DS2.d804.s0.i6 -1 -1.34750564048
DS2.d804.s0.i7 -1 -1.08189121496
DS2.d804.s0.i8 -1 -1.33038380189
DS2.d804.s0.i9 -1 -1.00188114561
DS2.d804.s1.i0 -1 -1.19408544219
DS2.d804.s1.i1 -1 -1.1110040146
DS2.d804.s1.i2 -1 -1.08186555496
DS2.d804.s1.i3 -1 -1.09021039076
DS2.d805.s0.i0 -1 -0.585205344708
DS2.d805.s0.i1 -1 -0.10011133157
DS2.d811.s0.i0 1.0 1.46899672092
DS2.d811.s0.i1 1.0 1.03026825429
DS2.d820.s0.i0 1.0 -0.102594677686
DS2.d820.s0.i1 1.0 -0.128492317117
DS2.d820.s0.i2 1.0 -0.170782263014
DS2.d824.s0.i0 -1 0.290481888586
DS2.d838.s0.i0 1.0 1.39814808964
DS2.d842.s0.i0 -1 -0.705555342899
DS2.d842.s0.i1 -1 -0.83044283734
DS2.d871.s0.i0 -1 0.163528235225
DS2.d871.s0.i1 1.0 0.325092010153
DS2.d871.s1.i0 1.0 0.870220089132
DS2.d871.s1.i1 1.0 0.870220089132
DS2.d874.s0.i0 1.0 -0.0533587941858
DS2.d874.s0.i1 1.0 0.294787296853
DS2.d876.s0.i0 -1 0.861762499708
DS2.d876.s0.i1 1.0 0.792525841544
DS2.d897.s0.i0 1.0 0.348650162893
DS2.d917.s0.i0 1.0 1.06852997367
DS2.d917.s0.i1 1.0 1.14403228361
DS2.d917.s0.i2 1.0 1.32726637525
DS2.d928.s0.i0 -1 0.713654317811
DS2.d943.s0.i0 1.0 0.490079996479
DS2.d943.s0.i1 1.0 0.787441432391
DS2.d943.s0.i2 1.0 0.860677337119
DS2.d943.s0.i3 1.0 0.414104545963
DS2.d965.s0.i0 -1 1.24956616039
DS2.d973.s0.i0 1.0 1.17284524778
DS2.d973.s1.i0 -1 0.384499655927
DS2.d973.s1.i1 1.0 0.48657950354
DS2.d973.s1.i2 -1 1.51252910974
DS2.d973.s1.i3 1.0 0.297705001624
DS2.d973.s1.i4 1.0 0.945263474789
DS2.d973.s1.i5 1.0 0.989392570162
DS2.d973.s2.i0 1.0 0.533752905129
DS2.d973.s3.i0 1.0 1.46525118812
DS2.d973.s3.i1 -1 0.960053914591
DS2.d997.s0.i0 1.0 0.762686041776
DS2.d997.s0.i1 -1 0.666344618763
DS2.d997.s0.i2 -1 0.916037674484
DS2.d997.s0.i3 1.0 1.02562697997
DS2.d997.s1.i0 1.0 1.23556838354
DS2.d997.s1.i1 -1 1.31154951895
DS2.d998.s0.i0 1.0 0.105708431713
DS2.d998.s0.i1 1.0 0.274650514273
DS2.d1002.s0.i0 -1 0.075324469259
DS2.d1002.s0.i1 -1 -0.340564706643
DS2.d1040.s0.i0 1.0 0.829550437217
DS2.d1050.s0.i0 1.0 -0.772599243015
DS2.d1050.s1.i0 -1 -0.120006835634
DS2.d1054.s0.i0 -1 -0.970648523482
