DS.d830.s0.i0 1.0 1.84126041678
DS.d830.s1.i0 1.0 1.75339460244
DS.d853.s0.i0 1.0 0.366004923555
DS.d886.s0.i0 -1 -0.088189790996
DS.d886.s0.i1 -1 -0.472505219036
DS.d886.s0.i2 -1 -1.02433401805
DS.d886.s0.i3 -1 -0.551152478155
DS.d886.s0.i4 -1 -0.765008343813
DS.d899.s0.i0 -1 -0.23682542844
DS.d899.s0.i1 -1 -0.324962340802
DS.d899.s0.i2 -1 -0.0585075305906
DS.d906.s0.i0 1.0 1.49192190652
DS.d906.s0.i1 1.0 1.49192190652
DS.d906.s1.i0 1.0 1.05921502617
DS.d906.s1.i1 1.0 1.05921502617
DS.d906.s1.i2 1.0 0.89621041763
DS.d906.s1.i3 1.0 1.20743124821
DS.d906.s1.i5 1.0 0.880343111774
DS.d932.s0.i0 1.0 1.42500039684
DS.d934.s0.i0 -1 -0.273584658622
DS.d934.s0.i1 -1 -0.786155862766
DS.d934.s0.i2 -1 -1.19072651794
DS.d934.s0.i3 -1 -0.395832255346
DS.d934.s0.i4 -1 -1.08868585478
DS.d934.s0.i5 -1 -0.0521742443725
DS.d934.s1.i0 -1 -0.848686239897
DS.d934.s1.i1 -1 -0.925461496368
DS.d934.s1.i2 -1 -0.328567812787
DS.d934.s1.i3 -1 -1.05497557008
DS.d934.s1.i4 -1 -1.06132796022
DS.d934.s1.i5 -1 -0.591451184074
DS.d934.s1.i6 -1 -1.19258252297
DS.d934.s1.i7 -1 -0.587910138754
DS.d957.s0.i0 1.0 0.946496789103
DS.d965.s0.i0 1.0 0.39667702716
DS.d968.s0.i0 1.0 2.09833578207
DS.d968.s0.i1 1.0 2.09833578207
DS.d973.s0.i0 1.0 0.670758101396
DS.d976.s0.i0 -1 -0.831897743885
DS.d976.s0.i1 -1 -0.950921266519
DS.d987.s0.i0 -1 -0.359172736276
DS.d987.s0.i1 -1 0.435600073273
DS.d987.s0.i2 -1 -1.11235628846
DS.d987.s0.i3 -1 -1.11235628846
DS.d987.s0.i4 -1 -0.922458281619
DS.d987.s0.i5 -1 -1.15233676186
DS.d987.s0.i6 -1 -1.59985355203
DS.d987.s0.i7 -1 -0.39162707221
DS.d987.s0.i8 -1 -0.620168917354
DS.d987.s0.i9 -1 0.111091366611
DS.d1004.s0.i0 1.0 0.534279467613
DS.d1004.s0.i1 1.0 0.718121392988
DS.d1004.s1.i0 1.0 1.44241372323
DS.d1004.s1.i1 1.0 0.867775043747
DS.d1004.s1.i2 1.0 1.31830742149
DS.d1004.s1.i3 1.0 1.13154225559
DS.d1006.s0.i0 -1 -0.803858659984
DS.d1012.s0.i0 -1 0.657147981913
DS.d1029.s0.i0 1.0 0.705487093944
DS.d1029.s0.i1 1.0 0.600412484636
DS.d1029.s0.i2 1.0 1.00517304546
DS.d1038.s0.i0 1.0 0.942648144185
DS.d1042.s0.i0 -1 -0.831564254909
DS.d1042.s0.i1 1.0 0.533957653137
DS.d1042.s0.i2 -1 -0.891353029677
DS.d1042.s1.i0 1.0 0.795243268041
DS.d1042.s1.i1 1.0 0.733763391629
DS.d1042.s1.i2 1.0 0.633460846051
DS.d1042.s1.i3 1.0 1.0701105157
DS.d1048.s0.i0 -1 -1.40720742072
DS.d1070.s0.i0 -1 -0.17940405228
DS.d1070.s0.i1 -1 -0.17940405228
DS.d1070.s0.i2 -1 -0.119881872931
DS.d1070.s0.i3 -1 0.160775674152
DS.d1108.s0.i0 1.0 0.833656322863
DS.d1115.s0.i0 1.0 -1.18696582635
DS.d1115.s1.i0 -1 -0.924090596532
DS.d1115.s1.i1 -1 -1.48307839455
DS.d1115.s1.i2 -1 -1.79912837221
DS.d1115.s1.i3 -1 -2.10643520857
DS.d1132.s0.i0 1.0 -0.748832025238
DS.d1132.s0.i1 1.0 -0.902623473186
DS.d1140.s0.i0 -1 -0.268886907596
DS.d1140.s0.i1 -1 -0.736984789524
DS.d1140.s0.i2 -1 -0.361922256333
DS.d1140.s0.i3 -1 -0.700476152567
DS.d1155.s0.i0 -1 0.165133879927
DS.d1155.s0.i1 -1 0.417647985407
DS.d1155.s0.i2 1.0 1.39576894451
DS.d1155.s0.i3 1.0 1.2708745927
DS.d1155.s1.i0 -1 -1.28823898276
DS.d1155.s1.i1 -1 -0.109645916843
DS.d1155.s2.i0 1.0 0.305579844744
DS.d1155.s2.i1 1.0 0.589397839893
DS.d1155.s2.i2 1.0 0.226711316965
DS.d1156.s0.i0 1.0 0.399319505315
DS.d1156.s1.i0 -1 1.2850998427
DS.d1156.s1.i1 -1 0.805872823537
DS.d1162.s0.i0 1.0 1.51025373999
DS.d1174.s0.i0 -1 0.80394464756
DS.d1187.s0.i0 -1 -0.711348004157
DS.d1187.s0.i1 -1 -0.464022728309
DS.d1187.s0.i2 -1 -0.342723200695
DS.d1187.s0.i3 -1 0.0322458351989
DS.d1187.s1.i0 1.0 0.068028967222
DS.d1208.s0.i0 1.0 0.920531433786
DS.d1236.s0.i0 -1 -0.49607445439
DS.d1236.s1.i0 -1 -1.46293947813
DS.d1236.s2.i0 -1 -1.33250419363
DS.d1237.s0.i0 1.0 0.18465646857
DS.d1239.s0.i0 -1 -0.82779259923
DS.d1250.s0.i0 -1 0.959656052434
DS.d1250.s0.i1 -1 0.729953764989
DS.d1250.s0.i2 -1 0.719821637707
DS.d1250.s0.i3 -1 0.79485851657
DS.d1278.s0.i0 1.0 1.08648529629
DS.d1280.s0.i0 1.0 0.168738375699
DS.d1287.s0.i0 -1 0.0755143299271
DS.d1290.s0.i0 -1 -1.28253603982
DS.d1290.s0.i1 -1 -0.376071351049
DS.d1290.s0.i2 -1 -1.26938533533
DS.d1290.s0.i3 -1 -1.43463965535
DS.d1290.s0.i4 -1 -1.52553277674
DS.d1290.s0.i5 -1 -1.54863806396
DS.d1290.s0.i6 -1 -1.30620111571
DS.d1290.s0.i7 -1 -0.194081563737
DS.d1290.s0.i8 -1 -0.877624988834
DS.d1290.s0.i9 -1 -1.28253603982
DS.d1290.s0.i10 -1 -1.60782829598
DS.d1290.s0.i11 -1 -0.744390419919
DS.d1290.s0.i12 -1 -0.755438366736
DS.d1290.s0.i13 -1 -1.52553277674
DS.d1290.s0.i14 -1 -1.16185862433
DS.d1290.s0.i15 -1 -0.365023404232
DS.d1290.s0.i16 -1 -1.35124852744
DS.d1290.s0.i17 -1 -1.30620111571
DS.d1290.s0.i18 -1 -1.43463965535
DS.d1290.s0.i19 -1 -1.35124852744
DS.d1290.s0.i20 -1 -0.498257973146
DS.d1290.s0.i21 -1 -1.03967200223
DS.d1290.s0.i22 -1 -0.985151699837
DS.d1290.s0.i23 -1 -0.605784684148
DS.d1293.s0.i0 1.0 -0.431723628429
DS.d1300.s0.i0 1.0 0.839416225605
DS.d1301.s0.i0 1.0 0.953580033015
DS.d1301.s0.i1 1.0 0.725306923737
DS.d1301.s0.i2 1.0 1.08710087269
DS.d1301.s0.i3 1.0 0.719940786967
DS.d1301.s0.i4 1.0 0.725306923737
DS.d1301.s0.i5 1.0 1.08710087269
DS.d1309.s0.i0 1.0 0.958658113939
DS.d1320.s0.i0 1.0 -0.857141893961
DS.d1320.s0.i1 1.0 -1.29329445957
DS.d1330.s0.i0 -1 -1.7071804187
DS.d1330.s0.i1 -1 -1.82057119318
DS.d1330.s0.i2 -1 -1.97210303742
DS.d1344.s0.i0 -1 -0.724030536356
DS.d1344.s0.i1 -1 -0.182325632219
DS.d1344.s0.i2 -1 -0.726106992558
DS.d1344.s0.i3 -1 -0.269014701482
DS.d1344.s0.i4 -1 -0.648577913424
DS.d1344.s0.i5 -1 -0.502620122107
DS.d1344.s0.i6 -1 -0.370576439291
DS.d1344.s0.i7 -1 -0.504696578309
DS.d1346.s0.i0 1.0 1.22434829073
DS.d1346.s0.i1 -1 1.56441717426
DS.d1346.s1.i0 1.0 -0.448487887693
DS.d1359.s0.i0 -1 1.02597676544
DS.d1359.s1.i0 -1 -1.20267575491
DS.d1366.s0.i0 1.0 1.4371487825
DS.d1370.s0.i0 1.0 0.909242428662
DS.d1379.s0.i0 1.0 0.304393772267
DS.d1379.s1.i0 1.0 1.21456635331
DS.d1379.s1.i1 1.0 1.42396607637
DS.d1379.s1.i2 1.0 0.288182691894
DS.d1379.s1.i3 1.0 -0.195030963096
DS.d1396.s0.i0 -1 0.185462893856
DS.d1396.s0.i1 -1 -0.28098419275
DS.d1396.s0.i2 -1 -0.398157905361
DS.d1396.s0.i3 -1 -0.790785362506
DS.d1401.s0.i0 1.0 0.905488655259
DS.d1401.s1.i0 1.0 1.59983550352
DS.d1401.s1.i1 1.0 1.28475105037
DS.d1432.s0.i0 1.0 0.0353144990672
DS.d1432.s0.i1 1.0 0.0132687342944
DS.d1433.s0.i0 1.0 -0.409220136949
DS.d1433.s0.i1 1.0 0.149053865512
DS.d1433.s0.i2 1.0 0.121674913492
DS.d1450.s0.i0 -1 -0.537477158203
DS.d1450.s0.i1 -1 -0.85353938605
DS.d1476.s0.i0 -1 -1.43471990604
DS.d1480.s0.i0 1.0 0.699430098745
DS.d1480.s0.i1 1.0 0.564283863243
DS.d1480.s0.i2 1.0 1.16904242639
DS.d1480.s0.i3 1.0 0.8925542168
DS.d1486.s0.i0 1.0 0.543882336157
DS.d1487.s0.i0 1.0 1.57665199407
DS.d1487.s0.i1 1.0 1.99096023524
DS.d1487.s1.i0 1.0 1.78675614526
DS.d1487.s1.i1 1.0 0.991763185061
DS.d1487.s2.i0 1.0 1.59771502627
DS.d1487.s3.i0 1.0 1.16541621545
DS.d1492.s0.i0 1.0 0.567429707536
DS.d1492.s0.i1 1.0 -0.770341262775
DS.d1496.s0.i0 1.0 -0.165938085691
DS.d1496.s0.i1 -1 -0.206429553463
DS.d1523.s0.i0 -1 -0.485967604371
DS.d1523.s0.i1 -1 -0.742700712565
DS.d1523.s0.i2 -1 -1.02583504361
DS.d1541.s0.i0 1.0 0.708320804559
DS.d1541.s0.i1 1.0 -0.238987502125
DS.d1557.s0.i0 -1 -2.17413787451
DS.d1557.s0.i1 -1 -0.967546993843
DS.d1569.s0.i0 1.0 1.16433727722
DS.d1571.s0.i0 1.0 0.62909397919
DS.d1577.s0.i0 1.0 1.32520040129
DS.d1577.s0.i1 -1 0.927019242422
DS.d1588.s0.i0 -1 -0.987424070545
DS.d1591.s0.i0 1.0 0.515119024111
DS.d1594.s0.i0 1.0 1.1521353541
DS.d1600.s0.i0 1.0 1.19651048124
DS.d1600.s1.i0 -1 -0.481357572204
DS.d1640.s0.i0 -1 0.691522130006
DS.d1654.s0.i0 -1 0.506407867151
DS.d1663.s0.i0 1.0 0.905599296777
DS.d1663.s0.i1 1.0 0.299851356741
DS.d1663.s1.i0 1.0 0.141370544836
DS.d1664.s0.i0 -1 0.926400665522
DS.d1664.s0.i1 -1 0.874924918426
DS.d1664.s1.i0 -1 -1.49980140572
DS.d1664.s2.i0 -1 -0.700904001643
DS.d1664.s3.i0 -1 0.836805198272
DS.d1702.s0.i0 1.0 1.21441446411
DS.d1705.s0.i0 -1 -0.57928714284
DS.d1705.s0.i1 -1 -1.14393563458
DS.d1712.s1.i0 -1 -2.1597061434
DS.d1712.s1.i1 -1 -0.76877776156
DS.d1726.s0.i1 -1 0.664824631114
DS.d1726.s0.i3 -1 0.487221341568
DS.d1726.s0.i6 -1 0.536315073191
DS.d1726.s0.i7 -1 0.452422508658
DS.d1726.s1.i0 1.0 1.2081268547
DS.d1726.s1.i1 1.0 1.2294311122
DS.d1726.s2.i0 -1 1.62352990731
DS.d1726.s2.i1 -1 1.62352990731
DS.d1728.s0.i0 1.0 0.783100515024
DS.d1728.s0.i1 1.0 0.789173523111
DS.d1733.s0.i0 1.0 0.642472190267
DS.d1744.s0.i0 1.0 -0.0981015277749
DS.d1751.s0.i0 1.0 1.43908366602
DS.d1758.s0.i0 -1 0.241356213952
DS.d1759.s0.i0 1.0 1.09593166837
DS.d1759.s0.i1 1.0 1.17674964185
DS.d1759.s0.i2 1.0 1.19630109513
DS.d1759.s0.i3 1.0 1.21074497248
DS.d1759.s0.i7 1.0 1.4331173437
DS.d1759.s0.i8 1.0 1.26343871111
DS.d1760.s0.i0 1.0 1.51148778174
DS.d1767.s0.i1 1.0 0.547063158762
DS.d1781.s0.i0 -1 0.103606151843
DS.d1781.s0.i1 -1 -1.12268775556
DS.d1781.s0.i2 -1 -0.113158520957
DS.d1781.s0.i3 -1 -1.30476313927
DS.d1781.s0.i4 -1 -1.38400278269
DS.d1781.s0.i5 -1 -1.34663453271
DS.d1781.s0.i6 -1 -0.982641763405
DS.d1781.s0.i7 -1 -1.20365942055
DS.d1781.s0.i8 -1 -1.19998399374
DS.d1781.s0.i9 -1 -0.979427624218
DS.d1781.s1.i0 1.0 0.196502647383
DS.d1782.s0.i0 -1 0.206778167906
DS.d1782.s0.i1 -1 -0.040627881509
DS.d1782.s0.i2 -1 0.274940608326
DS.d1782.s0.i3 -1 -0.0855142858273
DS.d1784.s0.i0 1.0 0.465434556586
DS.d1784.s0.i1 1.0 0.613939361708
DS.d1788.s0.i0 1.0 1.90452244538
DS.d1788.s0.i1 1.0 1.34768710783
DS.d1806.s0.i0 1.0 0.745998807469
DS.d1806.s1.i0 1.0 1.01363393368
DS.d1810.s0.i0 -1 -0.501579743067
DS.d1810.s0.i1 -1 -1.0489571498
DS.d1810.s1.i0 -1 -0.84526457053
DS.d1826.s0.i0 -1 -1.64454667417
DS.d1826.s1.i0 -1 -0.488640886496
DS.d1826.s2.i0 -1 -0.251620053467
DS.d1826.s3.i0 -1 -0.834179630518
DS.d1828.s0.i0 1.0 -0.0838027987337
DS.d1828.s0.i1 1.0 -0.0205491310067
DS.d1839.s0.i0 1.0 0.544633594841
DS.d1839.s0.i1 1.0 0.821253991457
DS.d1839.s0.i2 1.0 0.698266977299
DS.d1839.s0.i3 1.0 0.532926073166
DS.d1839.s1.i0 1.0 0.37345121742
DS.d1839.s1.i1 1.0 0.235501761844
DS.d1839.s2.i0 1.0 0.716955981928
DS.d1839.s3.i0 1.0 0.882250083886
DS.d1839.s4.i0 -1 1.60772633058
DS.d1878.s1.i0 1.0 1.29128289622
DS.d1892.s0.i0 -1 0.228145594346
