DS.d830.s0.i0 1.0 1.84700147092
DS.d830.s1.i0 1.0 1.6968303929
DS.d853.s0.i0 1.0 0.350675095353
DS.d886.s0.i0 -1 -0.0755897129259
DS.d886.s0.i1 -1 -0.560902296912
DS.d886.s0.i2 -1 -0.99310547484
DS.d886.s0.i3 -1 -0.52963306393
DS.d886.s0.i4 -1 -0.850080469466
DS.d899.s0.i0 -1 -0.307481780246
DS.d899.s0.i1 -1 -0.276319248995
DS.d899.s0.i2 -1 0.261041825819
DS.d906.s0.i0 1.0 1.14094717433
DS.d906.s0.i1 1.0 1.14094717433
DS.d906.s1.i0 1.0 1.04781430691
DS.d906.s1.i1 1.0 1.04781430691
DS.d906.s1.i2 1.0 1.11431482078
DS.d906.s1.i3 1.0 1.33326461367
DS.d906.s1.i5 1.0 0.863346654518
DS.d932.s0.i0 1.0 1.51721234189
DS.d934.s0.i0 -1 -0.320100380577
DS.d934.s0.i1 -1 -0.595654738572
DS.d934.s0.i2 -1 -1.21761672439
DS.d934.s0.i3 -1 -0.642094548265
DS.d934.s0.i4 -1 -1.0610940212
DS.d934.s0.i5 -1 -0.166735674131
DS.d934.s1.i0 -1 -1.4096656181
DS.d934.s1.i1 -1 -1.37124272093
DS.d934.s1.i2 -1 -0.32857154993
DS.d934.s1.i3 -1 -1.55110746889
DS.d934.s1.i4 -1 -1.39165847141
DS.d934.s1.i5 -1 -0.614446617666
DS.d934.s1.i6 -1 -1.43049940366
DS.d934.s1.i7 -1 -1.08084634074
DS.d957.s0.i0 1.0 1.21234617947
DS.d965.s0.i0 1.0 0.540878638776
DS.d968.s0.i0 1.0 1.26197247572
DS.d968.s0.i1 1.0 1.26197247572
DS.d973.s0.i0 1.0 0.861073618651
DS.d976.s0.i0 -1 -0.908127164294
DS.d976.s0.i1 -1 -0.995066535739
DS.d987.s0.i0 -1 -0.168271449866
DS.d987.s0.i1 -1 0.95970310981
DS.d987.s0.i2 -1 -0.900482851579
DS.d987.s0.i3 -1 -0.900482851579
DS.d987.s0.i4 -1 -0.751908601944
DS.d987.s0.i5 -1 -0.871121648398
DS.d987.s0.i6 -1 -1.38609440641
DS.d987.s0.i7 -1 0.0145337457367
DS.d987.s0.i8 -1 -0.560186098662
DS.d987.s0.i9 -1 0.429480366014
DS.d1004.s0.i0 1.0 0.7998037896
DS.d1004.s0.i1 1.0 0.675369360715
DS.d1004.s1.i0 1.0 1.27341115993
DS.d1004.s1.i1 1.0 1.17056759878
DS.d1004.s1.i2 1.0 1.54869826243
DS.d1004.s1.i3 1.0 1.14280420814
DS.d1006.s0.i0 -1 -1.17811437633
DS.d1012.s0.i0 -1 0.898767731192
DS.d1029.s0.i0 1.0 0.528545552329
DS.d1029.s0.i1 1.0 0.59234829547
DS.d1029.s0.i2 1.0 1.23794216145
DS.d1038.s0.i0 1.0 0.924286112076
DS.d1042.s0.i0 -1 -0.747040871757
DS.d1042.s0.i1 1.0 0.534692795222
DS.d1042.s0.i2 -1 -0.775447545901
DS.d1042.s1.i0 1.0 0.459946594236
DS.d1042.s1.i1 1.0 0.871941550558
DS.d1042.s1.i2 1.0 0.662590553824
DS.d1042.s1.i3 1.0 0.832941297274
DS.d1048.s0.i0 -1 -1.41361787361
DS.d1070.s0.i0 -1 -0.477844249178
DS.d1070.s0.i1 -1 -0.424597335229
DS.d1070.s0.i2 -1 -0.295761653256
DS.d1070.s0.i3 -1 -0.123449195789
DS.d1108.s0.i0 1.0 0.845855891873
DS.d1115.s0.i0 1.0 -0.910937678174
DS.d1115.s1.i0 -1 -0.680194019764
DS.d1115.s1.i1 -1 -1.04760764971
DS.d1115.s1.i2 -1 -1.34630530638
DS.d1115.s1.i3 -1 -1.41646163742
DS.d1132.s0.i0 1.0 -0.144355601729
DS.d1132.s0.i1 1.0 -0.459798749662
DS.d1140.s0.i0 -1 -0.386972297688
DS.d1140.s0.i1 -1 -0.75235035058
DS.d1140.s0.i2 -1 -0.336230501125
DS.d1140.s0.i3 -1 -0.71885136078
DS.d1155.s0.i0 -1 0.592784653245
DS.d1155.s0.i1 -1 0.683752236352
DS.d1155.s0.i2 1.0 1.08193123529
DS.d1155.s0.i3 1.0 0.96771759016
DS.d1155.s1.i0 -1 -0.91354373842
DS.d1155.s1.i1 -1 -0.644265626443
DS.d1155.s2.i0 1.0 -0.305034605502
DS.d1155.s2.i1 1.0 -0.176337579534
DS.d1155.s2.i2 1.0 -0.449929531969
DS.d1156.s0.i0 1.0 0.176127691968
DS.d1156.s1.i0 -1 1.4743765366
DS.d1156.s1.i1 -1 0.812148179178
DS.d1162.s0.i0 1.0 1.44979956595
DS.d1174.s0.i0 -1 0.414065028325
DS.d1187.s0.i0 -1 -1.03173207949
DS.d1187.s0.i1 -1 -0.682043499977
DS.d1187.s0.i2 -1 -0.744773970172
DS.d1187.s0.i3 -1 -0.255733106981
DS.d1187.s1.i0 1.0 0.203835956566
DS.d1208.s0.i0 1.0 0.867171917444
DS.d1236.s0.i0 -1 -0.45117059814
DS.d1236.s1.i0 -1 -1.66645085106
DS.d1236.s2.i0 -1 -0.555005066145
DS.d1237.s0.i0 1.0 0.20536051074
DS.d1239.s0.i0 -1 -0.290948323206
DS.d1250.s0.i0 -1 1.15871904931
DS.d1250.s0.i1 -1 0.751445174876
DS.d1250.s0.i2 -1 1.03243330484
DS.d1250.s0.i3 -1 0.892869143345
DS.d1278.s0.i0 1.0 0.953695842585
DS.d1280.s0.i0 1.0 -0.21305687547
DS.d1287.s0.i0 -1 -0.0340928143031
DS.d1290.s0.i0 -1 -0.68317266941
DS.d1290.s0.i1 -1 -0.360921838404
DS.d1290.s0.i2 -1 -0.949167301162
DS.d1290.s0.i3 -1 -0.740241554505
DS.d1290.s0.i4 -1 -1.08441952321
DS.d1290.s0.i5 -1 -1.02602103709
DS.d1290.s0.i6 -1 -0.63498746736
DS.d1290.s0.i7 -1 -0.172461143198
DS.d1290.s0.i8 -1 -0.761883255876
DS.d1290.s0.i9 -1 -0.68317266941
DS.d1290.s0.i10 -1 -1.17018314323
DS.d1290.s0.i11 -1 -0.478908474523
DS.d1290.s0.i12 -1 -0.689027963858
DS.d1290.s0.i13 -1 -1.08494412634
DS.d1290.s0.i14 -1 -0.985408127262
DS.d1290.s0.i15 -1 -0.310198897628
DS.d1290.s0.i16 -1 -0.742323257015
DS.d1290.s0.i17 -1 -0.63498746736
DS.d1290.s0.i18 -1 -0.740241554505
DS.d1290.s0.i19 -1 -0.742323257015
DS.d1290.s0.i20 -1 -0.455977949109
DS.d1290.s0.i21 -1 -0.759698222809
DS.d1290.s0.i22 -1 -0.74130131234
DS.d1290.s0.i23 -1 -0.435396005573
DS.d1293.s0.i0 1.0 -0.563493832948
DS.d1300.s0.i0 1.0 0.712619324617
DS.d1301.s0.i0 1.0 1.04169781903
DS.d1301.s0.i1 1.0 0.624865816412
DS.d1301.s0.i2 1.0 0.897117753301
DS.d1301.s0.i3 1.0 0.878240563314
DS.d1301.s0.i4 1.0 0.624865816412
DS.d1301.s0.i5 1.0 0.897117753301
DS.d1309.s0.i0 1.0 1.41827127033
DS.d1320.s0.i0 1.0 -1.23432631388
DS.d1320.s0.i1 1.0 -1.31524757918
DS.d1330.s0.i0 -1 -1.19221256648
DS.d1330.s0.i1 -1 -1.47976852206
DS.d1330.s0.i2 -1 -1.77147283575
DS.d1344.s0.i0 -1 -0.57191449497
DS.d1344.s0.i1 -1 -0.127625343875
DS.d1344.s0.i2 -1 -0.695552781353
DS.d1344.s0.i3 -1 -0.287690537381
DS.d1344.s0.i4 -1 -0.600475601215
DS.d1344.s0.i5 -1 -0.355784949563
DS.d1344.s0.i6 -1 -0.368563933473
DS.d1344.s0.i7 -1 -0.467032937909
DS.d1346.s0.i0 1.0 1.30177893803
DS.d1346.s0.i1 -1 1.34482526269
DS.d1346.s1.i0 1.0 0.0559880032066
DS.d1359.s0.i0 -1 1.1107889672
DS.d1359.s1.i0 -1 -0.87236744428
DS.d1366.s0.i0 1.0 1.54173701555
DS.d1370.s0.i0 1.0 0.882873971185
DS.d1379.s0.i0 1.0 0.601599269942
DS.d1379.s1.i0 1.0 0.965468694076
DS.d1379.s1.i1 1.0 1.23756732702
DS.d1379.s1.i2 1.0 0.14369479334
DS.d1379.s1.i3 1.0 -0.481713001121
DS.d1396.s0.i0 -1 0.242886660099
DS.d1396.s0.i1 -1 0.149744809412
DS.d1396.s0.i2 -1 0.000719135697248
DS.d1396.s0.i3 -1 -0.400905249564
DS.d1401.s0.i0 1.0 0.915039195023
DS.d1401.s1.i0 1.0 1.08772607495
DS.d1401.s1.i1 1.0 0.679641598027
DS.d1432.s0.i0 1.0 0.525925827493
DS.d1432.s0.i1 1.0 0.447634762359
DS.d1433.s0.i0 1.0 -0.0354056060638
DS.d1433.s0.i1 1.0 0.482200604641
DS.d1433.s0.i2 1.0 0.19156881698
DS.d1450.s0.i0 -1 -0.205923065745
DS.d1450.s0.i1 -1 -0.131645304277
DS.d1476.s0.i0 -1 -1.72583029305
DS.d1480.s0.i0 1.0 0.157085752244
DS.d1480.s0.i1 1.0 0.413901158625
DS.d1480.s0.i2 1.0 0.937467703776
DS.d1480.s0.i3 1.0 0.319690912532
DS.d1486.s0.i0 1.0 0.410135208842
DS.d1487.s0.i0 1.0 1.23573981175
DS.d1487.s0.i1 1.0 1.57799720188
DS.d1487.s1.i0 1.0 1.77918641678
DS.d1487.s1.i1 1.0 1.32907994333
DS.d1487.s2.i0 1.0 1.87732834438
DS.d1487.s3.i0 1.0 1.28777750454
DS.d1492.s0.i0 1.0 0.293179599567
DS.d1492.s0.i1 1.0 -0.527235420798
DS.d1496.s0.i0 1.0 0.185487916802
DS.d1496.s0.i1 -1 -0.315737972384
DS.d1523.s0.i0 -1 -0.792310946493
DS.d1523.s0.i1 -1 -0.926704559784
DS.d1523.s0.i2 -1 -0.778512009243
DS.d1541.s0.i0 1.0 0.76151751643
DS.d1541.s0.i1 1.0 0.00116514597258
DS.d1557.s0.i0 -1 -1.90949444749
DS.d1557.s0.i1 -1 -1.01457128615
DS.d1569.s0.i0 1.0 1.1097742044
DS.d1571.s0.i0 1.0 0.529548844858
DS.d1577.s0.i0 1.0 1.23758959214
DS.d1577.s0.i1 -1 0.765459154408
DS.d1588.s0.i0 -1 -1.07040945883
DS.d1591.s0.i0 1.0 0.742878460753
DS.d1594.s0.i0 1.0 0.78999750453
DS.d1600.s0.i0 1.0 1.02330103063
DS.d1600.s1.i0 -1 -0.531330667407
DS.d1640.s0.i0 -1 0.241690183902
DS.d1654.s0.i0 -1 0.517419620761
DS.d1663.s0.i0 1.0 1.01608217311
DS.d1663.s0.i1 1.0 0.404982373754
DS.d1663.s1.i0 1.0 0.529811603392
DS.d1664.s0.i0 -1 1.12156583821
DS.d1664.s0.i1 -1 1.02252804337
DS.d1664.s1.i0 -1 -1.82017493215
DS.d1664.s2.i0 -1 -0.96234223623
DS.d1664.s3.i0 -1 0.635742103855
DS.d1702.s0.i0 1.0 1.10659803397
DS.d1705.s0.i0 -1 -0.460818315369
DS.d1705.s0.i1 -1 -1.05080298418
DS.d1712.s1.i0 -1 -1.96463493948
DS.d1712.s1.i1 -1 -0.638929138082
DS.d1726.s0.i1 -1 0.750986679407
DS.d1726.s0.i3 -1 0.57499903839
DS.d1726.s0.i6 -1 0.4723808296
DS.d1726.s0.i7 -1 0.476320645091
DS.d1726.s1.i0 1.0 0.688856270665
DS.d1726.s1.i1 1.0 0.832264286119
DS.d1726.s2.i0 -1 1.37789702668
DS.d1726.s2.i1 -1 1.37789702668
DS.d1728.s0.i0 1.0 0.610512491315
DS.d1728.s0.i1 1.0 0.556860556305
DS.d1733.s0.i0 1.0 0.811678919359
DS.d1744.s0.i0 1.0 0.0248790416329
DS.d1751.s0.i0 1.0 1.41198248296
DS.d1758.s0.i0 -1 -0.0951259024728
DS.d1759.s0.i0 1.0 1.2462868858
DS.d1759.s0.i1 1.0 1.1125114083
DS.d1759.s0.i2 1.0 1.15546604226
DS.d1759.s0.i3 1.0 1.12671505534
DS.d1759.s0.i7 1.0 1.29299587177
DS.d1759.s0.i8 1.0 1.28505190288
DS.d1760.s0.i0 1.0 1.42259517585
DS.d1767.s0.i1 1.0 0.537472400111
DS.d1781.s0.i0 -1 0.0101884533236
DS.d1781.s0.i1 -1 -1.03826796477
DS.d1781.s0.i2 -1 -0.190839585694
DS.d1781.s0.i3 -1 -1.08678264722
DS.d1781.s0.i4 -1 -1.36207216675
DS.d1781.s0.i5 -1 -1.21110532389
DS.d1781.s0.i6 -1 -0.763241328295
DS.d1781.s0.i7 -1 -0.993248973035
DS.d1781.s0.i8 -1 -1.06532719851
DS.d1781.s0.i9 -1 -0.893465443488
DS.d1781.s1.i0 1.0 0.556164430661
DS.d1782.s0.i0 -1 0.137601115091
DS.d1782.s0.i1 -1 -0.0707615020923
DS.d1782.s0.i2 -1 0.166176425944
DS.d1782.s0.i3 -1 -0.0909840576466
DS.d1784.s0.i0 1.0 0.341911610561
DS.d1784.s0.i1 1.0 0.443031664331
DS.d1788.s0.i0 1.0 1.61240556277
DS.d1788.s0.i1 1.0 1.35524758948
DS.d1806.s0.i0 1.0 0.787465666943
DS.d1806.s1.i0 1.0 0.776147881072
DS.d1810.s0.i0 -1 -0.396664673556
DS.d1810.s0.i1 -1 -0.97341208229
DS.d1810.s1.i0 -1 -0.798668326509
DS.d1826.s0.i0 -1 -1.76053059308
DS.d1826.s1.i0 -1 -0.36725871487
DS.d1826.s2.i0 -1 -0.0388703490965
DS.d1826.s3.i0 -1 -0.860892227671
DS.d1828.s0.i0 1.0 -0.0489748098746
DS.d1828.s0.i1 1.0 -0.0181284226274
DS.d1839.s0.i0 1.0 0.666117915604
DS.d1839.s0.i1 1.0 0.790033549275
DS.d1839.s0.i2 1.0 0.726069253
DS.d1839.s0.i3 1.0 0.367845448096
DS.d1839.s1.i0 1.0 -0.193930643469
DS.d1839.s1.i1 1.0 -0.145520036965
DS.d1839.s2.i0 1.0 0.322588496373
DS.d1839.s3.i0 1.0 0.778576781923
DS.d1839.s4.i0 -1 1.17094045228
DS.d1878.s1.i0 1.0 1.36352182663
DS.d1892.s0.i0 -1 0.349058522776
