DS3.d0.s0.i0 1.0 1.59622241989
DS3.d0.s1.i0 -1 -0.0886705521583
DS3.d0.s1.i1 1.0 0.933247481604
DS3.d2.s0.i0 1.0 -0.855196310653
DS3.d25.s0.i0 1.0 1.50689886495
DS3.d25.s1.i0 -1 -0.0502672893317
DS3.d27.s0.i0 1.0 0.424409928322
DS3.d27.s0.i1 1.0 0.415954772803
DS3.d27.s0.i2 1.0 0.518364867849
DS3.d27.s1.i0 1.0 -0.253852626038
DS3.d27.s1.i1 1.0 -1.35907786233
DS3.d27.s2.i0 1.0 0.0493008116552
DS3.d37.s0.i0 1.0 -1.47474989262
DS3.d37.s1.i0 -1 -0.0976812003318
DS3.d37.s2.i0 -1 -0.326830898066
DS3.d37.s2.i1 1.0 0.127046792178
DS3.d37.s2.i2 -1 -0.534823757292
DS3.d44.s0.i0 -1 -1.44618684411
DS3.d44.s0.i1 1.0 -0.0308237096545
DS3.d44.s0.i2 -1 -1.24805898293
DS3.d44.s0.i3 -1 -1.2463406772
DS3.d44.s0.i4 -1 -1.10042342802
DS3.d44.s0.i5 1.0 -0.590043143959
DS3.d44.s0.i6 -1 -0.559803950097
DS3.d44.s0.i7 -1 -1.66642431432
DS3.d44.s0.i8 1.0 0.110799021461
DS3.d44.s0.i9 1.0 0.0329898771178
DS3.d44.s0.i10 1.0 0.129115227816
DS3.d44.s0.i11 -1 -1.2362595475
DS3.d44.s0.i12 -1 -1.45795920824
DS3.d44.s0.i13 -1 -1.61461425998
DS3.d44.s0.i14 -1 -1.26259084847
DS3.d44.s0.i15 -1 -1.02708390554
DS3.d44.s0.i16 1.0 0.0606629947374
DS3.d44.s0.i17 -1 -1.19057626411
DS3.d47.s0.i0 1.0 0.496177987012
DS3.d47.s0.i1 1.0 0.511799307714
DS3.d54.s0.i0 -1 -1.03847484286
DS3.d64.s0.i0 -1 0.487914160848
DS3.d70.s0.i0 1.0 1.26954927723
DS3.d70.s0.i1 1.0 1.44888077415
DS3.d70.s1.i0 1.0 0.530086185245
DS3.d70.s1.i1 1.0 1.32240838999
DS3.d70.s1.i2 1.0 1.73950841774
DS3.d70.s1.i3 1.0 0.916712884213
DS3.d100.s0.i0 1.0 0.724581310258
DS3.d100.s1.i0 1.0 0.661865842512
DS3.d100.s1.i1 1.0 0.61312907619
DS3.d102.s0.i0 1.0 -0.149266906001
DS3.d102.s0.i1 1.0 -0.019071529171
DS3.d102.s0.i2 1.0 0.220535081149
DS3.d112.s0.i0 -1 0.648163498341
DS3.d132.s0.i0 1.0 0.586474864197
DS3.d145.s0.i0 1.0 0.795942032373
DS3.d145.s1.i0 1.0 0.994211912573
DS3.d150.s0.i0 1.0 0.715942519784
DS3.d150.s0.i1 1.0 0.715942519784
DS3.d154.s0.i0 1.0 -0.768377026993
DS3.d154.s0.i1 1.0 0.162058888711
DS3.d156.s0.i0 -1 1.40179459491
DS3.d156.s0.i1 -1 1.5763285013
DS3.d172.s0.i0 -1 1.55250950377
DS3.d172.s0.i1 1.0 2.19145965141
DS3.d177.s0.i0 -1 -0.660842234689
DS3.d177.s0.i1 -1 0.948078939055
DS3.d177.s0.i2 -1 1.24091511648
DS3.d177.s0.i3 -1 0.619921903984
DS3.d177.s0.i4 -1 -1.43802724406
DS3.d177.s0.i5 -1 -1.93042134732
DS3.d177.s0.i6 -1 0.919757138562
DS3.d177.s0.i7 -1 0.20104154639
DS3.d186.s0.i0 1.0 0.323871717507
DS3.d186.s0.i1 1.0 0.258161553733
DS3.d186.s0.i2 1.0 -0.0380332288755
DS3.d187.s0.i0 1.0 0.286024791121
DS3.d192.s0.i0 1.0 -0.0625495580051
DS3.d201.s0.i0 1.0 0.894431309589
DS3.d201.s0.i1 1.0 0.91800546239
DS3.d201.s0.i2 1.0 1.36438001969
DS3.d201.s0.i3 1.0 0.873768742418
DS3.d201.s0.i4 1.0 0.891677249183
DS3.d201.s0.i5 1.0 0.894431309589
DS3.d201.s0.i6 1.0 0.901167275174
DS3.d201.s0.i7 1.0 0.769444324487
DS3.d201.s0.i8 1.0 1.53720432748
DS3.d203.s0.i0 1.0 0.553422605949
DS3.d203.s0.i1 1.0 0.83811318419
DS3.d205.s0.i0 -1 1.21023526589
DS3.d205.s0.i1 -1 1.20682362569
DS3.d205.s0.i2 -1 1.15920530127
DS3.d206.s0.i0 1.0 1.02613594195
DS3.d206.s0.i1 1.0 1.55525592843
DS3.d206.s0.i2 1.0 1.55704701746
DS3.d206.s0.i3 1.0 0.446910524373
DS3.d206.s0.i4 1.0 0.422372807503
DS3.d206.s0.i5 1.0 0.395927768172
DS3.d206.s0.i6 1.0 0.397601836091
DS3.d206.s0.i7 1.0 1.03652106331
DS3.d207.s0.i0 1.0 0.302544393027
DS3.d214.s0.i0 1.0 0.882492407308
DS3.d214.s0.i1 1.0 1.29895766724
DS3.d223.s0.i0 1.0 0.947275730114
DS3.d223.s0.i1 -1 -1.00247737183
DS3.d223.s1.i0 1.0 1.67103914604
DS3.d223.s1.i1 -1 1.05732940789
DS3.d247.s0.i0 -1 -1.19390785806
DS3.d247.s0.i1 1.0 -0.884378591445
DS3.d247.s0.i2 1.0 -0.298839062426
DS3.d247.s0.i3 -1 -1.21563020093
DS3.d247.s0.i4 1.0 -0.0237883860796
DS3.d247.s0.i5 -1 -1.59098758429
DS3.d247.s0.i6 -1 -1.68059726828
DS3.d247.s0.i7 -1 -1.50774788354
DS3.d247.s0.i8 -1 -2.08573122565
DS3.d247.s0.i9 -1 -1.82881826531
DS3.d247.s0.i10 -1 -1.41656724638
DS3.d247.s0.i11 -1 -1.44276658726
DS3.d247.s0.i12 -1 -0.828560856001
DS3.d247.s0.i13 1.0 -0.722651808861
DS3.d247.s0.i14 -1 -1.74557856456
DS3.d247.s0.i15 1.0 -0.363820358703
DS3.d247.s0.i16 -1 -1.50774788354
DS3.d247.s0.i17 -1 -1.45346088195
DS3.d247.s0.i18 1.0 -0.221245418744
DS3.d247.s0.i19 -1 -1.74557856456
DS3.d247.s0.i20 1.0 -0.363820358703
DS3.d247.s0.i21 -1 -1.32727067564
DS3.d247.s0.i22 1.0 -0.593000822958
DS3.d247.s0.i23 -1 -1.84790054463
DS3.d248.s0.i0 1.0 1.82085686551
DS3.d248.s0.i1 1.0 2.41083610742
DS3.d250.s0.i0 1.0 1.06050432056
DS3.d250.s0.i1 1.0 0.309944370737
DS3.d250.s1.i0 1.0 1.6539060024
DS3.d255.s0.i0 -1 -1.26071990892
DS3.d255.s0.i1 -1 -0.664549210265
DS3.d256.s0.i0 -1 0.332932938189
DS3.d256.s0.i1 -1 -0.388112407228
DS3.d256.s0.i2 1.0 1.05049085615
DS3.d256.s0.i3 -1 -0.631667648168
DS3.d277.s0.i0 1.0 1.82020176847
DS3.d280.s0.i0 1.0 1.48393845841
DS3.d290.s0.i0 1.0 -1.02823254147
DS3.d290.s0.i1 1.0 0.0477768419157
DS3.d305.s0.i0 1.0 2.26362613909
DS3.d305.s0.i1 1.0 0.61291588348
DS3.d305.s0.i2 1.0 2.29443297509
DS3.d305.s0.i3 1.0 0.62497091603
DS3.d306.s0.i0 1.0 2.12844842104
DS3.d306.s0.i1 -1 -0.349809760319
DS3.d306.s1.i0 1.0 1.53781804332
DS3.d306.s1.i1 1.0 1.77855265754
DS3.d306.s1.i2 1.0 1.53612190474
DS3.d306.s1.i3 1.0 0.999812662936
DS3.d306.s1.i4 1.0 2.16488921609
DS3.d306.s1.i5 1.0 1.62688383571
DS3.d306.s2.i0 -1 -0.338698255243
DS3.d306.s3.i0 1.0 -0.171290148783
DS3.d306.s4.i0 1.0 0.711242487115
DS3.d306.s4.i1 1.0 0.91695811013
DS3.d325.s0.i0 1.0 2.42647558397
DS3.d325.s0.i1 1.0 0.575311860495
DS3.d337.s0.i0 1.0 1.34250149707
DS3.d337.s0.i1 1.0 1.32710194305
DS3.d344.s0.i0 -1 -0.822546261035
DS3.d350.s0.i0 1.0 -0.518611256827
DS3.d350.s0.i1 1.0 -0.430550234847
DS3.d350.s0.i2 1.0 -0.583264688543
DS3.d350.s0.i3 1.0 -0.514350481992
DS3.d350.s1.i0 -1 -0.604806733264
DS3.d350.s1.i1 -1 -0.143624787861
DS3.d350.s1.i2 -1 -0.0392898343479
DS3.d350.s1.i3 -1 -1.15044612646
DS3.d358.s0.i0 1.0 2.12121395621
DS3.d358.s1.i0 1.0 0.390222038152
DS3.d359.s0.i0 1.0 2.16526685793
DS3.d359.s0.i1 -1 -0.437626617053
DS3.d360.s0.i0 -1 1.29025653836
DS3.d360.s0.i1 -1 1.64390138519
DS3.d360.s1.i0 -1 0.812619208037
DS3.d377.s0.i0 1.0 1.22501936407
DS3.d377.s0.i1 1.0 0.971914245772
DS3.d377.s0.i2 1.0 0.947553871628
DS3.d377.s1.i0 1.0 0.699689450332
DS3.d377.s1.i1 1.0 -0.159828719302
DS3.d384.s0.i0 1.0 1.38737287197
DS3.d384.s0.i1 -1 0.345359148569
DS3.d384.s0.i2 1.0 1.38737287197
DS3.d409.s0.i0 1.0 0.882501195932
DS3.d417.s0.i0 1.0 0.506392466727
DS3.d428.s0.i0 1.0 -0.744495021041
DS3.d428.s0.i1 1.0 0.894746526861
DS3.d428.s0.i2 1.0 1.03650806358
DS3.d428.s0.i3 1.0 -0.552468850925
DS3.d428.s1.i0 1.0 1.72377890216
DS3.d428.s1.i1 -1 2.58165089226
DS3.d428.s1.i2 1.0 2.65320631725
DS3.d428.s1.i3 -1 1.53752558155
DS3.d428.s2.i0 -1 1.01597802791
DS3.d428.s2.i1 1.0 1.9153569774
DS3.d430.s0.i0 1.0 1.38132210066
DS3.d430.s0.i1 1.0 1.79087340634
DS3.d430.s0.i2 1.0 1.69036679776
DS3.d430.s0.i3 1.0 1.747583521
DS3.d432.s0.i0 1.0 0.380814877634
DS3.d432.s0.i1 1.0 -0.240084692829
DS3.d432.s0.i2 1.0 1.81116237279
DS3.d432.s0.i3 1.0 -0.546297025144
DS3.d432.s1.i0 1.0 1.60294195756
DS3.d432.s1.i1 1.0 1.90583624574
DS3.d505.s0.i0 1.0 0.854968276482
DS3.d507.s0.i0 1.0 1.78785967991
DS3.d507.s0.i1 -1 2.67433999948
DS3.d523.s0.i0 -1 -0.219060092807
DS3.d523.s1.i0 1.0 -0.566866419383
DS3.d523.s1.i1 1.0 -0.26920554133
DS3.d541.s0.i0 -1 0.581349476392
DS3.d541.s1.i0 -1 -1.11889785661
DS3.d557.s0.i0 1.0 2.28368960392
DS3.d561.s0.i0 -1 0.313572639246
DS3.d576.s0.i0 1.0 0.322897807447
DS3.d576.s0.i1 -1 0.157630966491
DS3.d576.s0.i2 1.0 0.759125772165
DS3.d576.s1.i0 -1 0.601738126861
DS3.d576.s1.i1 1.0 0.546582268244
DS3.d576.s2.i0 1.0 1.17542119813
DS3.d576.s2.i1 1.0 1.12836317745
DS3.d591.s0.i0 1.0 1.21922504402
DS3.d591.s0.i1 1.0 1.10493334142
DS3.d591.s0.i2 1.0 0.458985310344
DS3.d591.s0.i3 1.0 -0.386118495694
DS3.d620.s0.i0 -1 -0.343591341862
DS3.d620.s0.i1 -1 -0.827383202598
DS3.d620.s0.i2 -1 -1.3608648389
DS3.d620.s0.i3 -1 -0.774665679039
DS3.d620.s0.i4 -1 -1.18827377561
DS3.d620.s0.i5 -1 -0.214804814187
DS3.d620.s0.i6 -1 -1.53539669985
DS3.d620.s0.i7 -1 -1.45799676175
DS3.d620.s0.i8 -1 -0.203410743788
DS3.d620.s0.i9 -1 -0.839646975316
DS3.d620.s0.i10 -1 -0.412906815563
DS3.d620.s0.i11 -1 -1.12178860328
DS3.d620.s0.i12 -1 -1.14778314628
DS3.d620.s0.i13 -1 -0.203965568157
DS3.d620.s0.i14 -1 -1.49490607051
DS3.d620.s0.i15 -1 -1.01374191467
DS3.d620.s0.i16 -1 -0.762401906322
DS3.d620.s0.i17 -1 -0.343591341862
DS3.d620.s0.i18 -1 -0.343036517492
DS3.d620.s0.i19 -1 -1.17450612684
DS3.d620.s0.i20 -1 -1.18676989955
DS3.d620.s1.i0 -1 0.779650758245
DS3.d635.s0.i0 1.0 2.18839288949
DS3.d635.s0.i1 1.0 1.80303722955
DS3.d638.s0.i0 1.0 1.73722063465
DS3.d638.s0.i1 1.0 2.40272989897
DS3.d638.s0.i2 1.0 1.40266914023
DS3.d638.s0.i3 1.0 1.19285568756
DS3.d645.s0.i0 1.0 -0.221475779271
DS3.d651.s0.i0 -1 -1.41573296521
DS3.d653.s0.i0 1.0 -1.01047064278
DS3.d653.s0.i1 1.0 -1.10178559001
DS3.d653.s0.i2 1.0 -1.292865515
DS3.d662.s0.i0 1.0 0.320295305753
DS3.d662.s0.i1 1.0 0.513703043793
DS3.d662.s0.i2 -1 -0.575955965021
DS3.d662.s0.i3 1.0 0.379903874845
DS3.d681.s0.i0 1.0 0.169696073267
DS3.d681.s0.i1 1.0 -0.685900263973
DS3.d681.s1.i0 -1 -0.931515307931
DS3.d681.s1.i1 -1 -0.836199291392
DS3.d681.s1.i2 -1 -0.428868529714
DS3.d681.s1.i3 -1 -0.474798513935
DS3.d681.s1.i4 1.0 0.420916312884
DS3.d681.s1.i5 -1 -0.245532375505
DS3.d681.s1.i6 1.0 0.771022638926
DS3.d681.s1.i7 -1 -0.997465937627
DS3.d681.s1.i8 1.0 0.364373896179
DS3.d700.s0.i0 1.0 -0.402636705875
DS3.d713.s0.i0 1.0 1.6234500864
DS3.d713.s0.i1 1.0 0.918894151987
DS3.d713.s1.i0 1.0 0.292328918324
DS3.d713.s1.i1 1.0 0.721066212065
DS3.d729.s0.i0 -1 0.590823492352
DS3.d731.s0.i0 -1 0.268715216587
DS3.d731.s1.i0 -1 -0.566410840734
DS3.d731.s1.i1 -1 -0.566410840734
DS3.d731.s1.i2 1.0 1.69515566368
DS3.d731.s2.i0 1.0 0.39579156979
DS3.d735.s0.i0 1.0 1.58078403217
DS3.d735.s1.i0 1.0 1.45216896213
DS3.d735.s1.i1 1.0 1.1502048324
DS3.d735.s2.i0 1.0 0.233126060914
DS3.d735.s2.i1 -1 0.635181522884
DS3.d735.s3.i0 -1 1.23159224573
DS3.d739.s0.i0 1.0 -1.51256468367
DS3.d739.s0.i1 1.0 -1.41209327227
DS3.d739.s0.i2 1.0 -1.69208083068
DS3.d739.s0.i3 1.0 -1.57498771523
DS3.d739.s1.i0 1.0 0.0201800090851
DS3.d739.s1.i1 1.0 0.236871417864
DS3.d739.s1.i2 1.0 -1.12080034683
DS3.d739.s1.i3 1.0 -0.698162408262
DS3.d739.s1.i4 1.0 0.295933329604
DS3.d739.s1.i5 1.0 -0.2756633565
DS3.d739.s1.i6 1.0 0.821822590255
DS3.d739.s1.i7 1.0 -0.0323402731595
DS3.d760.s0.i0 -1 -0.107399184416
DS3.d760.s1.i0 1.0 0.0785622563039
DS3.d762.s0.i0 1.0 0.856126279057
DS3.d762.s0.i1 1.0 0.534541111916
DS3.d762.s1.i0 1.0 -1.39967361406
DS3.d762.s2.i0 1.0 0.371388893379
DS3.d762.s2.i1 1.0 0.437265797045
DS3.d762.s3.i0 1.0 0.250031374814
DS3.d762.s3.i1 1.0 0.46308047943
DS3.d762.s3.i2 1.0 0.144302642065
DS3.d762.s3.i3 -1 -1.50520243831
DS3.d762.s3.i4 1.0 0.724752691698
DS3.d762.s3.i5 -1 -1.09654072927
DS3.d762.s3.i6 -1 -1.38474908363
DS3.d762.s3.i7 -1 -1.70304760077
DS3.d762.s4.i0 1.0 -0.277624671761
DS3.d762.s4.i1 1.0 0.432803345397
DS3.d762.s4.i2 1.0 0.65723902075
DS3.d762.s4.i3 1.0 -0.39277490249
DS3.d778.s0.i0 1.0 1.48650234107
DS3.d778.s1.i0 -1 -0.819626411454
DS3.d778.s1.i1 1.0 0.429068552753
DS3.d778.s2.i0 1.0 2.62061931782
DS3.d778.s2.i1 1.0 2.1096539757
DS3.d792.s0.i0 1.0 -0.390636157391
DS3.d792.s0.i1 -1 -0.606592177056
DS3.d795.s0.i0 1.0 1.44370764047
DS3.d806.s0.i0 -1 -0.710452741437
DS3.d806.s0.i1 -1 -0.240309894647
DS3.d806.s0.i2 -1 -0.100027447679
DS3.d828.s0.i0 -1 1.33401169542
DS3.d847.s0.i0 -1 -1.19210509964
DS3.d847.s0.i1 1.0 1.17887134755
DS3.d847.s0.i2 1.0 1.17887134755
DS3.d847.s0.i3 -1 -1.19210509964
DS3.d861.s0.i0 1.0 -0.02092964501
DS3.d885.s0.i0 -1 -0.205391782403
DS3.d898.s0.i0 1.0 0.346307144416
DS3.d898.s1.i0 1.0 1.57919683295
DS3.d898.s2.i0 1.0 1.18890606859
DS3.d898.s2.i1 1.0 1.08011168609
DS3.d898.s2.i2 1.0 1.18890606859
DS3.d901.s0.i0 1.0 2.02092223925
DS3.d901.s1.i0 1.0 1.63682884062
DS3.d901.s2.i0 1.0 1.7012444233
DS3.d912.s0.i0 -1 0.533257066425
DS3.d912.s1.i0 1.0 1.32756384803
DS3.d913.s0.i0 -1 0.303507405678
DS3.d915.s0.i0 1.0 -0.183626881955
DS3.d915.s0.i1 1.0 -0.324371696305
DS3.d915.s0.i2 1.0 -0.861518704618
DS3.d915.s1.i0 -1 0.0427407990495
DS3.d915.s1.i1 -1 -1.48780657037
DS3.d915.s1.i2 -1 -1.13744498988
DS3.d915.s1.i3 -1 -1.16707288518
DS3.d915.s1.i4 -1 -1.17797077423
DS3.d925.s0.i0 -1 -0.994315945684
DS3.d956.s0.i0 1.0 1.13796730802
DS3.d956.s1.i0 1.0 0.954689560985
DS3.d958.s0.i0 -1 -0.389138903907
DS3.d958.s0.i1 -1 -0.669373402895
DS3.d958.s0.i2 1.0 1.85027763768
DS3.d958.s0.i3 -1 -0.736287026588
DS3.d958.s0.i4 -1 -0.525594273096
DS3.d998.s0.i0 1.0 1.33853185234
DS3.d998.s0.i1 -1 -0.493853019529
DS3.d1010.s0.i0 1.0 0.658793766902
DS3.d1010.s0.i1 1.0 0.409801473086
DS3.d1010.s0.i2 1.0 0.658793766902
DS3.d1010.s0.i3 1.0 0.710074268114
DS3.d1013.s0.i0 1.0 0.252823186545
DS3.d1013.s0.i1 -1 0.161700790919
DS3.d1013.s1.i0 1.0 1.49264838732
DS3.d1013.s1.i1 1.0 1.03867076617
DS3.d1013.s1.i2 1.0 1.49264838732
DS3.d1023.s0.i0 1.0 -0.0720042069403
DS3.d1023.s0.i1 1.0 0.282622552374
DS3.d1027.s0.i0 -1 -0.0280227268674
DS3.d1027.s0.i1 -1 -0.0280227268674
DS3.d1033.s0.i0 1.0 0.485284324801
DS3.d1033.s0.i1 1.0 0.477662498545
DS3.d1036.s0.i0 1.0 1.3342824163
DS3.d1036.s0.i1 1.0 -0.236883983075
DS3.d1037.s0.i0 1.0 2.59360860056
DS3.d1041.s0.i0 1.0 2.10471249518
DS3.d1068.s0.i0 -1 -0.649940348322
DS3.d1068.s0.i1 -1 -0.758495421945
DS3.d1068.s0.i2 -1 -0.806306150783
DS3.d1068.s0.i3 -1 -0.805751326411
DS3.d1068.s0.i4 -1 -0.618599656767
DS3.d1068.s0.i5 -1 -0.591859306238
DS3.d1068.s0.i6 -1 -0.880983008128
DS3.d1068.s0.i7 -1 -0.712381166797
DS3.d1068.s0.i8 -1 -0.53330071274
DS3.d1068.s0.i9 -1 -0.724675116081
DS3.d1068.s0.i10 -1 -0.989538081747
DS3.d1068.s0.i11 -1 -0.502143625301
DS3.d1068.s0.i12 -1 -0.417001777834
DS3.d1068.s0.i13 -1 -0.712935991168
DS3.d1068.s1.i0 1.0 -0.539988181686
DS3.d1068.s1.i1 1.0 -0.187343438155
DS3.d1075.s0.i0 -1 -0.556124713056
DS3.d1075.s0.i1 -1 -0.123490045942
DS3.d1079.s0.i0 1.0 1.6501437915
DS3.d1079.s1.i0 -1 -0.519669774054
DS3.d1085.s0.i0 1.0 -1.51633398308
DS3.d1085.s0.i1 1.0 -0.627326180891
DS3.d1092.s0.i0 1.0 1.98523880935
DS3.d1092.s0.i1 1.0 1.32338999677
DS3.d1093.s0.i0 -1 -0.334314908646
DS3.d1093.s0.i1 -1 -1.06934388411
DS3.d1111.s0.i0 -1 0.395646851322
DS3.d1112.s0.i0 -1 -1.02601203462
DS3.d1132.s0.i0 1.0 1.28646150705
DS3.d1132.s0.i1 1.0 -0.0158393431142
DS3.d1152.s0.i0 -1 2.04391376093
DS3.d1152.s0.i1 -1 2.13866944772
DS3.d1161.s0.i0 1.0 1.85963115565
DS3.d1161.s0.i1 1.0 1.65498697671
DS3.d1162.s0.i0 1.0 0.777806680236
DS3.d1182.s0.i0 -1 0.0906861184976
DS3.d1182.s0.i1 -1 -0.102848620361
DS3.d1187.s0.i0 -1 -1.73174359667
DS3.d1187.s0.i1 -1 -1.95410695943
DS3.d1187.s0.i2 -1 -0.798120292959
DS3.d1187.s0.i3 -1 -0.893163368453
DS3.d1187.s1.i0 1.0 -0.551071184864
DS3.d1196.s0.i0 1.0 0.816927090638
DS3.d1196.s1.i0 1.0 0.798200532794
DS3.d1196.s2.i0 1.0 0.127366058509
DS3.d1196.s2.i1 1.0 -0.141305087559
DS3.d1196.s3.i0 1.0 0.924835542342
DS3.d1199.s0.i0 -1 -1.05765263176
DS3.d1199.s1.i0 -1 -1.16509742646
DS3.d1199.s2.i0 -1 -1.84383905876
DS3.d1210.s0.i0 -1 -0.561833428262
DS3.d1210.s0.i1 1.0 -0.342924050958
DS3.d1210.s1.i0 1.0 0.124151325666
DS3.d1214.s0.i0 -1 -1.45872988682
DS3.d1214.s1.i0 1.0 2.36647588285
DS3.d1222.s0.i0 1.0 0.536812761876
DS3.d1222.s0.i1 1.0 1.33982390317
DS3.d1222.s1.i0 1.0 2.15486938901
DS3.d1222.s1.i1 1.0 2.25131732832
DS3.d1222.s2.i0 1.0 0.417796966997
DS3.d1222.s2.i1 1.0 -0.102298191448
DS3.d1223.s0.i0 1.0 0.467805325667
DS3.d1223.s0.i1 1.0 0.064034972963
DS3.d1223.s0.i2 1.0 0.472266983327
DS3.d1223.s0.i3 1.0 0.103955824876
DS3.d1223.s0.i4 1.0 0.357844825715
DS3.d1223.s0.i5 1.0 0.535390654385
DS3.d1223.s0.i6 1.0 0.153060349324
DS3.d1223.s0.i7 1.0 0.576768425749
DS3.d1223.s0.i8 1.0 0.518591879051
DS3.d1223.s0.i9 1.0 0.235976056288
DS3.d1223.s0.i10 1.0 0.0976620088537
DS3.d1223.s0.i11 1.0 -0.167543002313
DS3.d1223.s0.i12 1.0 0.736554664607
DS3.d1223.s0.i13 1.0 0.361638136825
DS3.d1223.s0.i14 1.0 0.734445315818
DS3.d1223.s1.i0 1.0 -0.197145740748
DS3.d1223.s1.i1 -1 -1.21310089973
DS3.d1223.s2.i0 1.0 1.57155621205
DS3.d1223.s2.i1 1.0 1.82852549797
DS3.d1223.s3.i0 1.0 0.000668225286568
DS3.d1225.s0.i0 1.0 0.226533727386
DS3.d1225.s0.i1 1.0 -0.0499419575894
DS3.d1240.s0.i0 -1 -0.14857308182
DS3.d1260.s0.i0 -1 1.70764566477
DS3.d1266.s0.i0 -1 -0.35093284971
DS3.d1266.s0.i1 -1 -0.68214868335
DS3.d1266.s1.i0 -1 -0.173809575148
DS3.d1273.s0.i0 1.0 0.876974823862
DS3.d1273.s0.i1 1.0 1.19473930854
DS3.d1273.s0.i2 1.0 1.1126231416
DS3.d1276.s0.i0 1.0 0.152780382145
DS3.d1276.s0.i1 1.0 0.228300858153
DS3.d1276.s0.i2 1.0 0.116695107417
DS3.d1276.s0.i3 1.0 -0.299638808023
DS3.d1276.s1.i0 1.0 -1.39840197416
DS3.d1284.s0.i0 1.0 1.43203457864
DS3.d1284.s1.i0 1.0 1.10243789487
DS3.d1290.s0.i0 -1 -1.83097088044
DS3.d1290.s0.i1 -1 -0.192234023476
DS3.d1290.s0.i2 -1 -1.05203264379
DS3.d1290.s0.i3 -1 -1.70699623857
DS3.d1290.s0.i4 -1 -1.42832855522
DS3.d1290.s0.i5 -1 -1.42832855522
DS3.d1290.s0.i6 -1 -1.83097088044
DS3.d1290.s0.i7 -1 -0.560254557452
DS3.d1290.s0.i8 -1 -0.771180089143
DS3.d1290.s0.i9 -1 -1.83097088044
DS3.d1290.s0.i10 -1 -1.30435391335
DS3.d1290.s0.i11 -1 -0.343845513639
DS3.d1290.s0.i12 -1 -0.359166050899
DS3.d1290.s0.i13 -1 -1.42832855522
DS3.d1290.s0.i14 -1 -0.931935953836
DS3.d1290.s0.i15 -1 -0.176913486217
DS3.d1290.s0.i16 -1 -1.83097088044
DS3.d1290.s0.i17 -1 -1.83097088044
DS3.d1290.s0.i18 -1 -1.70699623857
DS3.d1290.s0.i19 -1 -1.83097088044
DS3.d1290.s0.i20 -1 -0.604248061721
DS3.d1290.s0.i21 -1 -0.519921915591
DS3.d1290.s0.i22 -1 -0.891276779101
DS3.d1290.s0.i23 -1 -0.724344751679
DS3.d1296.s0.i0 -1 -0.573054612712
DS3.d1302.s0.i0 -1 0.152043196772
DS3.d1302.s0.i1 -1 0.110984152979
DS3.d1302.s1.i0 -1 2.05242495309
DS3.d1307.s0.i0 -1 -0.325326758162
DS3.d1307.s0.i1 -1 -0.742441662536
DS3.d1307.s0.i2 -1 -0.702187314283
DS3.d1307.s0.i3 -1 -0.18257730003
DS3.d1312.s0.i0 1.0 -0.662770772847
DS3.d1312.s0.i1 1.0 -0.580098836231
DS3.d1323.s0.i0 1.0 -0.472773745785
DS3.d1325.s0.i0 1.0 -0.251898788193
DS3.d1325.s0.i1 1.0 -0.231493188994
DS3.d1347.s0.i0 1.0 1.56760696036
DS3.d1356.s0.i0 1.0 0.108500904181
DS3.d1356.s0.i1 1.0 0.209575991023
DS3.d1356.s1.i0 1.0 0.431631534261
DS3.d1356.s2.i0 1.0 1.11600765693
DS3.d1356.s3.i0 1.0 1.24719419173
DS3.d1356.s4.i0 1.0 1.06572366829
DS3.d1356.s4.i1 1.0 0.430449684822
DS3.d1356.s4.i2 1.0 0.854411785152
DS3.d1376.s0.i0 -1 -1.39335601859
DS3.d1376.s0.i1 -1 -1.80721279701
DS3.d1376.s0.i2 -1 -1.87569665745
DS3.d1376.s0.i3 -1 -1.79060467296
DS3.d1376.s0.i4 -1 -1.0257101271
DS3.d1376.s0.i5 -1 -0.921274000758
DS3.d1376.s0.i6 -1 -1.32222393137
DS3.d1376.s0.i7 -1 -1.17464239811
DS3.d1376.s0.i8 -1 -2.03142838457
DS3.d1376.s0.i9 -1 -0.810481083164
DS3.d1376.s0.i10 -1 -0.735267614237
DS3.d1376.s0.i11 -1 -1.38965474235
DS3.d1376.s1.i0 -1 -0.444297259991
DS3.d1376.s1.i1 -1 -1.72264441187
DS3.d1408.s0.i0 1.0 0.567881086948
DS3.d1408.s0.i1 1.0 0.34598947924
DS3.d1428.s0.i0 1.0 1.60248570633
DS3.d1430.s0.i0 1.0 1.13457842647
DS3.d1430.s1.i0 1.0 0.512518426968
DS3.d1430.s1.i1 1.0 -1.02698854708
DS3.d1430.s1.i2 1.0 -0.344183026177
DS3.d1430.s1.i3 1.0 -0.035068766254
DS3.d1430.s2.i0 1.0 1.83203142433
DS3.d1431.s0.i0 1.0 -0.395427583596
DS3.d1431.s0.i1 1.0 -0.653036963099
DS3.d1431.s0.i2 1.0 -0.0135023954875
DS3.d1432.s0.i0 1.0 0.532394736783
DS3.d1432.s0.i1 1.0 1.22640031042
DS3.d1439.s0.i0 -1 -0.668292899389
DS3.d1439.s0.i1 -1 -1.2198259032
DS3.d1439.s0.i2 -1 -0.723791240673
DS3.d1439.s0.i3 -1 -0.951131543457
DS3.d1439.s0.i4 -1 -0.39308702537
DS3.d1439.s0.i5 -1 -0.512563126469
DS3.d1439.s0.i6 -1 -1.31979269429
DS3.d1439.s0.i7 -1 -0.548816798292
DS3.d1442.s0.i0 -1 -1.01469850856
DS3.d1442.s0.i1 -1 -0.169545330955
DS3.d1483.s0.i0 1.0 0.971094851733
DS3.d1494.s0.i0 1.0 1.08043303255
DS3.d1494.s1.i0 1.0 0.181096725812
DS3.d1502.s0.i0 1.0 -1.4243654118
DS3.d1502.s0.i1 1.0 -1.40843327356
DS3.d1502.s0.i2 1.0 -1.36161214711
DS3.d1502.s0.i3 1.0 -1.16111499396
DS3.d1509.s0.i0 -1 -0.758921892235
DS3.d1509.s0.i1 -1 -0.52819428714
DS3.d1509.s0.i2 -1 -0.846139766082
DS3.d1509.s1.i0 -1 -2.30720146853
DS3.d1509.s1.i1 -1 -2.30720146853
DS3.d1509.s1.i2 -1 -1.51070313213
DS3.d1509.s1.i3 -1 -2.93605805864
DS3.d1512.s0.i0 1.0 2.21133601407
DS3.d1524.s0.i0 -1 0.590533886264
DS3.d1524.s0.i1 -1 0.860517524059
DS3.d1524.s0.i2 1.0 0.683219251939
DS3.d1524.s0.i3 -1 0.605689002092
DS3.d1524.s0.i4 -1 0.139224578119
DS3.d1524.s0.i5 1.0 0.929688725505
DS3.d1525.s0.i0 -1 -2.02148009473
DS3.d1525.s1.i0 -1 0.104157589039
DS3.d1525.s2.i0 -1 2.21664415526
DS3.d1525.s3.i0 -1 2.56869165247
DS3.d1528.s0.i0 1.0 0.262567637322
DS3.d1553.s0.i0 -1 1.58275406932
DS3.d1557.s0.i0 -1 -2.61723532651
DS3.d1557.s0.i1 -1 -0.948099826845
DS3.d1576.s0.i0 -1 2.14634827017
DS3.d1576.s1.i0 1.0 -0.550484266381
DS3.d1576.s2.i0 1.0 -0.815159856295
DS3.d1577.s0.i0 1.0 0.259679087115
DS3.d1577.s0.i1 1.0 0.514242325781
DS3.d1606.s0.i0 -1 -0.00880187262991
DS3.d1606.s0.i1 -1 -0.164754883487
DS3.d1606.s0.i2 -1 -0.947708680583
DS3.d1606.s0.i3 -1 -1.15242810997
DS3.d1618.s0.i0 -1 -0.350113465272
DS3.d1618.s0.i1 -1 -0.402188225529
DS3.d1618.s1.i0 -1 -0.16485685839
DS3.d1629.s0.i0 -1 -0.499667579161
DS3.d1629.s1.i0 -1 -0.0633501786964
DS3.d1669.s0.i0 -1 -0.309349750116
DS3.d1669.s1.i0 -1 -0.171275273002
DS3.d1669.s1.i1 -1 -0.0998373531446
DS3.d1690.s0.i0 -1 -2.25162805883
DS3.d1690.s0.i1 1.0 0.822900886451
DS3.d1716.s0.i0 1.0 1.01062256719
DS3.d1717.s0.i0 -1 0.0378723673729
DS3.d1717.s0.i1 -1 -0.153877055029
DS3.d1717.s0.i2 -1 -0.114303062898
DS3.d1723.s0.i0 -1 0.689574034256
DS3.d1731.s0.i0 -1 -1.25545705709
DS3.d1731.s0.i1 -1 -1.4929071127
DS3.d1731.s0.i2 -1 -0.912398231302
DS3.d1731.s0.i3 -1 -1.42313434135
DS3.d1745.s0.i0 1.0 0.562841251401
DS3.d1745.s0.i1 1.0 0.923922458411
DS3.d1745.s1.i0 1.0 1.98805792049
DS3.d1752.s0.i0 1.0 1.35754406336
DS3.d1755.s0.i0 -1 -0.753274151714
DS3.d1755.s0.i1 -1 -0.916147901586
DS3.d1762.s0.i0 -1 -0.6266841542
DS3.d1762.s0.i1 -1 0.579391673187
DS3.d1762.s0.i2 -1 0.737943207264
DS3.d1766.s0.i0 1.0 -0.466218897285
DS3.d1766.s1.i0 1.0 -0.482474543808
DS3.d1785.s0.i0 1.0 1.94502466675
DS3.d1823.s0.i0 1.0 1.46203621327
DS3.d1823.s0.i1 1.0 1.90384388319
DS3.d1823.s1.i0 -1 -1.53448340911
DS3.d1823.s2.i0 1.0 -0.610355128014
DS3.d1823.s2.i1 1.0 -0.601478568914
DS3.d1835.s0.i0 1.0 2.32423232361
DS3.d1839.s0.i0 1.0 0.316290917212
DS3.d1839.s0.i1 1.0 0.492471823905
DS3.d1839.s0.i2 1.0 0.943371043309
DS3.d1839.s0.i3 1.0 0.78714647686
DS3.d1839.s1.i0 1.0 0.840755880863
DS3.d1839.s1.i1 1.0 0.573898520969
DS3.d1839.s2.i0 1.0 1.2941466268
DS3.d1839.s3.i0 1.0 0.673485679346
DS3.d1839.s4.i0 -1 -0.58601763723
DS3.d1841.s0.i0 1.0 1.20252444202
DS3.d1841.s1.i0 1.0 0.437194264072
DS3.d1842.s0.i0 1.0 1.57781479638
DS3.d1842.s0.i1 1.0 1.71118012823
DS3.d1847.s0.i0 1.0 0.751888929372
DS3.d1857.s0.i0 1.0 -0.0265802218642
DS3.d1857.s1.i0 1.0 -0.550374346235
DS3.d1857.s1.i1 1.0 -0.227688179773
DS3.d1858.s0.i0 1.0 1.63987291019
DS3.d1868.s0.i0 1.0 0.968047316664
DS3.d1869.s0.i0 -1 -1.35055630581
DS3.d1869.s0.i1 -1 -0.921080365904
DS3.d1869.s0.i2 -1 -0.693287802857
DS3.d1869.s0.i3 -1 -0.914883158734
DS3.d1871.s0.i0 -1 0.872660778198
DS3.d1871.s0.i1 -1 0.890161507266
DS3.d1871.s0.i2 -1 0.733004581935
DS3.d1871.s1.i0 1.0 0.187972025289
DS3.d1878.s0.i0 1.0 1.20244290006
DS3.d1878.s1.i0 1.0 -0.091382485538
DS3.d1878.s2.i0 1.0 2.21843791436
DS3.d1878.s2.i1 1.0 2.60590794124
DS3.d1887.s0.i0 1.0 2.36167661971
DS3.d1888.s0.i0 -1 0.0681572422381
DS3.d1888.s0.i1 -1 -0.483179523435
DS3.d1890.s0.i0 1.0 2.44638146889
DS3.d1893.s0.i0 1.0 1.30259384249
DS3.d1893.s0.i1 1.0 0.944971930961
