DS.d3.s0.i0 1.0 1.70474340545
DS.d6.s0.i0 -1 -0.922629577553
DS.d6.s0.i1 -1 -0.699446610905
DS.d6.s0.i2 -1 -0.714980925621
DS.d6.s0.i3 -1 -0.937914613219
DS.d6.s0.i4 -1 -0.746693481563
DS.d6.s0.i5 -1 -0.643461294933
DS.d6.s0.i6 -1 -0.537177642948
DS.d6.s0.i7 -1 -0.458901040747
DS.d6.s0.i8 -1 -1.10819715427
DS.d6.s0.i9 -1 -0.412583153597
DS.d15.s0.i0 -1 0.0358197877115
DS.d15.s1.i0 1.0 -0.904104323783
DS.d15.s2.i0 -1 -0.931825833644
DS.d21.s0.i0 -1 0.420542153945
DS.d30.s0.i0 1.0 1.1968126718
DS.d30.s1.i0 1.0 1.03695864552
DS.d30.s1.i1 1.0 0.602021311412
DS.d52.s0.i0 -1 -0.214835878006
DS.d52.s0.i1 -1 -0.510292496857
DS.d52.s1.i0 1.0 0.404197293733
DS.d56.s0.i0 -1 -0.125638769032
DS.d56.s0.i1 1.0 -0.894528349561
DS.d56.s0.i2 1.0 -1.2452253982
DS.d56.s0.i3 -1 -0.674996338776
DS.d56.s0.i4 1.0 -1.23978153898
DS.d70.s0.i0 1.0 -0.168544489714
DS.d70.s0.i1 1.0 -0.250877178436
DS.d75.s0.i0 1.0 1.36644682831
DS.d75.s0.i1 -1 0.561804910759
DS.d98.s0.i0 1.0 0.654772902158
DS.d98.s0.i1 1.0 0.87188865765
DS.d98.s0.i2 1.0 0.839513486749
DS.d98.s1.i0 1.0 1.21361140169
DS.d136.s0.i0 -1 -1.18773304297
DS.d155.s0.i0 1.0 1.00927092766
DS.d160.s0.i0 -1 -0.164062031256
DS.d160.s0.i1 -1 -0.361322089427
DS.d160.s0.i2 -1 -0.718348701903
DS.d160.s0.i3 -1 -0.680599321224
DS.d164.s0.i0 1.0 0.0814127977044
DS.d201.s0.i0 1.0 -1.04974110377
DS.d201.s0.i1 -1 -0.774297767541
DS.d201.s0.i2 -1 0.204668259153
DS.d201.s0.i3 1.0 0.228972851382
DS.d201.s0.i4 1.0 -1.02507926845
DS.d201.s0.i5 -1 -0.59549340847
DS.d201.s0.i6 1.0 0.38322066219
DS.d201.s0.i7 -1 0.271741146564
DS.d201.s0.i8 1.0 -1.12741915924
DS.d201.s0.i9 1.0 0.409535847606
DS.d201.s0.i10 -1 0.500865269497
DS.d201.s0.i11 -1 -0.900772981354
DS.d201.s1.i0 1.0 1.33713626548
DS.d201.s1.i1 1.0 1.15390694942
DS.d201.s1.i2 -1 0.337031802962
DS.d205.s0.i0 1.0 -0.117585362237
DS.d205.s1.i0 1.0 -1.40069653832
DS.d205.s2.i0 -1 -0.0190051087189
DS.d207.s0.i0 1.0 2.28351594113
DS.d215.s0.i0 1.0 0.71302912888
DS.d231.s0.i0 -1 -1.78083864888
DS.d231.s0.i1 -1 -1.94395397191
DS.d231.s0.i2 -1 0.0772209017411
DS.d231.s0.i3 -1 -1.96549787837
DS.d231.s0.i4 -1 -1.75417121177
DS.d231.s0.i5 -1 -1.47831119782
DS.d231.s0.i6 -1 -1.56899680486
DS.d231.s0.i7 -1 -2.15255136948
DS.d231.s0.i8 -1 -2.14876960018
DS.d231.s0.i9 -1 -1.12067973772
DS.d231.s0.i10 -1 -0.596029114098
DS.d231.s0.i11 -1 -1.97163124914
DS.d231.s0.i12 -1 -1.11446340424
DS.d231.s0.i13 -1 -1.2566701279
DS.d231.s0.i14 -1 -1.77226998744
DS.d231.s0.i15 -1 -1.96399381537
DS.d231.s0.i16 -1 -1.95008734268
DS.d231.s0.i17 -1 -1.13622219118
DS.d231.s0.i18 -1 -1.81187602385
DS.d231.s0.i19 -1 -1.87784542828
DS.d231.s0.i20 -1 -1.10504873297
DS.d231.s0.i21 -1 -1.29596368689
DS.d231.s0.i22 -1 -1.49985510428
DS.d231.s0.i23 -1 -1.5474528984
DS.d233.s0.i0 1.0 1.17500788939
DS.d233.s0.i1 1.0 1.1590632935
DS.d235.s0.i0 -1 -0.62640279609
DS.d235.s0.i1 1.0 1.34110190837
DS.d235.s1.i0 -1 0.143843345783
DS.d235.s2.i0 -1 0.219366026071
DS.d243.s0.i0 1.0 0.773108147112
DS.d252.s0.i0 1.0 0.999560611042
DS.d252.s1.i0 1.0 1.67392251764
DS.d271.s0.i0 1.0 -0.711193467776
DS.d271.s0.i1 1.0 0.259486309054
DS.d276.s0.i0 -1 -0.764015970808
DS.d276.s1.i0 -1 -0.456460263378
DS.d286.s0.i0 1.0 0.290688081168
DS.d286.s1.i0 1.0 0.542914281306
DS.d286.s1.i1 1.0 0.342095822814
DS.d290.s0.i0 1.0 0.483408121837
DS.d290.s0.i1 -1 -0.448484215209
DS.d290.s0.i2 -1 0.315004655675
DS.d290.s0.i3 -1 -0.650354185008
DS.d290.s0.i4 1.0 0.51052235807
DS.d290.s0.i5 1.0 0.620664318466
DS.d290.s0.i6 -1 -1.00021873267
DS.d290.s0.i7 1.0 0.440043488356
DS.d300.s0.i0 -1 0.626733403969
DS.d300.s0.i1 -1 1.30768997843
DS.d347.s0.i0 1.0 -0.00853060339361
DS.d347.s0.i1 1.0 -0.20190275097
DS.d347.s0.i2 1.0 -0.275172962035
DS.d347.s0.i3 1.0 0.261265223947
DS.d349.s0.i0 1.0 0.179499828896
DS.d349.s0.i1 1.0 -0.186383087582
DS.d349.s0.i2 1.0 0.0508874751252
DS.d350.s0.i0 1.0 0.774443504907
DS.d356.s0.i0 1.0 0.867245104952
DS.d356.s1.i0 1.0 1.0021914706
DS.d361.s0.i0 1.0 0.919277422638
DS.d372.s0.i0 1.0 1.20831951468
DS.d380.s0.i0 -1 0.677450068661
DS.d380.s0.i1 1.0 0.514389540361
DS.d380.s1.i0 1.0 -0.533393527843
DS.d398.s0.i0 -1 -0.43610835001
DS.d398.s1.i0 -1 0.641537648648
DS.d400.s0.i0 -1 -0.383393308022
DS.d400.s0.i1 -1 -0.0629728873685
DS.d400.s0.i2 -1 -0.545074000628
DS.d400.s0.i3 -1 -0.35129564823
DS.d400.s0.i4 -1 -0.434531747078
DS.d400.s0.i5 -1 -0.661003469077
DS.d400.s0.i6 -1 -0.574247634843
DS.d400.s0.i7 -1 -0.520207920913
DS.d402.s0.i0 -1 0.315839445722
DS.d405.s0.i0 1.0 0.406273508964
DS.d405.s0.i1 -1 0.592351841484
DS.d405.s0.i2 -1 -0.0826742823445
DS.d405.s0.i3 1.0 0.284737190685
DS.d410.s0.i0 -1 0.211239500952
DS.d414.s0.i0 -1 -0.270035425234
DS.d423.s0.i0 1.0 0.307885607668
DS.d423.s0.i1 1.0 0.871309653166
DS.d425.s0.i0 1.0 -0.567367340447
DS.d425.s1.i0 1.0 0.0114649787888
DS.d425.s1.i1 1.0 -0.877953909759
DS.d425.s2.i0 -1 -0.54377348775
DS.d425.s3.i0 1.0 1.38516288247
DS.d427.s0.i0 1.0 1.56364150654
DS.d428.s0.i0 1.0 0.878397249277
DS.d438.s0.i0 -1 -0.487592130131
DS.d440.s0.i0 -1 -0.803832306457
DS.d440.s0.i1 -1 -1.19513269839
DS.d440.s0.i2 -1 0.182952082595
DS.d440.s0.i3 -1 0.204439453699
DS.d456.s0.i0 -1 -0.589780614768
DS.d456.s1.i0 -1 -0.542337779991
DS.d469.s0.i0 -1 -0.67516790454
DS.d469.s0.i1 -1 -0.67516790454
DS.d469.s0.i2 1.0 0.489513647821
DS.d469.s0.i3 1.0 0.819661004034
DS.d469.s0.i4 -1 -0.67516790454
DS.d473.s0.i0 1.0 1.20556683661
DS.d473.s0.i1 1.0 0.638709887874
DS.d473.s0.i2 1.0 1.23899126919
DS.d473.s0.i3 1.0 0.478957558213
DS.d473.s1.i0 1.0 2.78886754548
DS.d473.s2.i0 1.0 0.529505763067
DS.d473.s3.i0 1.0 1.06864272028
DS.d473.s3.i1 1.0 -0.174793045729
DS.d473.s3.i2 1.0 1.36363476678
DS.d474.s0.i0 1.0 0.240090513576
DS.d494.s0.i0 -1 -0.709008622163
DS.d494.s1.i0 1.0 -0.451243553965
DS.d494.s1.i1 1.0 -0.43487054964
DS.d494.s2.i0 -1 -1.23787611595
DS.d497.s0.i0 -1 0.419189262269
DS.d497.s0.i1 -1 0.256147435265
DS.d547.s0.i0 1.0 0.200825115152
DS.d547.s1.i0 -1 -0.787823709686
DS.d548.s0.i0 1.0 0.365512842763
DS.d548.s0.i1 1.0 0.0491686845582
DS.d548.s0.i2 1.0 0.676957786438
DS.d548.s0.i3 1.0 -0.0581734343336
DS.d548.s0.i4 1.0 0.485303377728
DS.d548.s0.i5 1.0 0.730060699992
DS.d548.s0.i6 1.0 0.624669428611
DS.d548.s0.i7 1.0 0.56994000124
DS.d561.s0.i0 -1 -0.555465611693
DS.d561.s1.i0 -1 -0.121314770387
DS.d561.s2.i0 -1 -0.382810613135
DS.d561.s3.i0 -1 -0.788418396422
DS.d561.s3.i1 -1 0.181129792539
DS.d562.s0.i0 -1 -0.416097375992
DS.d564.s0.i0 -1 -0.921670460997
DS.d567.s0.i0 -1 0.872657330503
DS.d568.s0.i0 1.0 -0.207185754034
DS.d571.s0.i0 1.0 1.94986292449
DS.d571.s1.i0 1.0 2.26538996127
DS.d571.s1.i1 1.0 1.83578218827
DS.d579.s0.i0 -1 0.721174040157
DS.d579.s0.i1 -1 1.34066768723
DS.d579.s0.i2 -1 0.540598817639
DS.d579.s0.i3 -1 -0.334620802917
DS.d583.s0.i0 1.0 0.663931244695
DS.d583.s0.i1 1.0 0.663931244695
DS.d583.s0.i2 1.0 1.24374674174
DS.d583.s0.i3 1.0 1.24374674174
DS.d591.s0.i0 1.0 1.06828002408
DS.d591.s1.i0 1.0 0.462093384843
DS.d599.s0.i0 -1 -0.756339713489
DS.d599.s0.i1 -1 -1.06992818849
DS.d599.s0.i2 -1 -0.945207800534
DS.d609.s0.i0 -1 -0.0896025155519
DS.d609.s0.i1 -1 -0.70279647848
DS.d609.s0.i2 -1 -0.324800182146
DS.d609.s0.i3 -1 -0.456570667655
DS.d609.s0.i4 -1 -0.145219811999
DS.d609.s0.i5 -1 -0.0739439378897
DS.d609.s0.i6 -1 -0.693734807058
DS.d609.s0.i7 -1 -0.16087838966
DS.d629.s0.i0 1.0 0.622121897958
DS.d629.s0.i1 1.0 1.15056790115
DS.d634.s0.i0 -1 0.797174075278
DS.d646.s0.i0 -1 -1.5184190676
DS.d650.s0.i0 1.0 0.338323861006
DS.d650.s0.i1 1.0 0.673118429042
DS.d650.s0.i2 1.0 1.03366939862
DS.d650.s0.i3 1.0 0.71716573952
DS.d653.s0.i0 1.0 0.806683414914
DS.d672.s0.i0 1.0 -0.178578851929
DS.d672.s0.i1 1.0 -0.467588965238
DS.d672.s0.i2 1.0 -0.440916737111
DS.d672.s0.i3 1.0 -0.403968019198
DS.d681.s0.i0 -1 -1.74257233802
DS.d681.s0.i1 -1 -1.05804201577
DS.d681.s0.i2 -1 -1.05804201577
DS.d681.s0.i3 -1 -1.74257233802
DS.d702.s0.i0 1.0 1.31031769368
DS.d722.s0.i0 1.0 1.655360471
DS.d724.s0.i0 -1 0.219695610812
DS.d724.s0.i1 -1 -0.11597385433
DS.d724.s0.i2 -1 0.116966464912
DS.d724.s0.i3 -1 -0.264911610042
DS.d724.s0.i4 -1 -0.21870300023
DS.d724.s0.i5 -1 0.459165214566
DS.d724.s0.i6 -1 -0.000976030330982
DS.d724.s0.i7 -1 0.231735954929
DS.d724.s0.i8 -1 -0.228405289968
DS.d724.s0.i9 -1 -0.240445634085
DS.d724.s0.i10 -1 0.123495749423
DS.d724.s0.i11 -1 -0.343174779985
DS.d745.s0.i0 1.0 1.26210483724
DS.d745.s0.i1 1.0 0.69528139839
DS.d745.s0.i2 1.0 0.214388618683
DS.d753.s0.i0 1.0 1.18939510887
DS.d757.s0.i0 -1 -1.32711809637
DS.d757.s0.i1 -1 -0.775461567843
DS.d757.s1.i0 -1 -1.03704091742
DS.d757.s1.i1 -1 0.429150686255
DS.d757.s2.i0 -1 -1.20741973601
DS.d757.s2.i1 -1 0.784402090084
DS.d757.s3.i0 -1 -0.828092288761
DS.d757.s3.i1 -1 -1.3847721625
DS.d768.s0.i0 1.0 0.193105196516
DS.d768.s1.i0 1.0 -0.368438397947
DS.d778.s0.i0 1.0 -0.494637287229
DS.d778.s1.i0 -1 0.910631475692
DS.d778.s2.i0 -1 1.05260951845
DS.d778.s2.i1 -1 1.19630636037
DS.d778.s3.i0 1.0 0.46413661635
DS.d784.s0.i0 1.0 -0.384797008382
DS.d784.s0.i1 1.0 0.684851203792
DS.d784.s0.i2 1.0 1.10528470777
DS.d796.s0.i0 1.0 0.610037715906
DS.d816.s0.i0 1.0 1.37019576034
DS.d824.s0.i0 -1 0.276298039624
DS.d826.s0.i0 -1 -0.481163735669
DS.d826.s0.i1 -1 -1.16558803899
DS.d826.s0.i2 -1 -1.13476339315
DS.d826.s0.i3 -1 -0.56609496458
DS.d826.s0.i4 -1 -0.352604398344
DS.d826.s0.i5 -1 -0.706770727828
DS.d826.s0.i6 -1 0.449253155605
DS.d826.s0.i7 -1 -1.03434181129
DS.d826.s0.i8 -1 0.103439323288
DS.d826.s0.i9 -1 -0.684885809301
DS.d826.s0.i10 -1 -1.05204519519
DS.d826.s0.i11 -1 -1.27936143217
DS.d826.s0.i12 -1 -0.756042143542
DS.d826.s0.i13 -1 -0.256206476887
DS.d827.s0.i0 1.0 1.83609824596
DS.d828.s0.i0 -1 -1.14879598797
DS.d828.s0.i1 -1 -0.526489304709
DS.d838.s0.i0 1.0 1.45897276821
DS.d839.s0.i0 -1 0.269363103819
DS.d839.s1.i0 -1 -0.103338832181
DS.d839.s1.i1 -1 0.28555433141
DS.d854.s0.i0 -1 0.166852933022
DS.d863.s0.i0 1.0 1.07629553855
DS.d868.s0.i0 1.0 0.22910413687
DS.d878.s0.i0 -1 -1.31347136947
DS.d880.s0.i0 -1 -1.6664339686
DS.d880.s0.i1 -1 -1.35516609613
DS.d880.s1.i0 -1 -1.35516609613
DS.d882.s0.i0 1.0 1.42064752302
DS.d882.s1.i0 -1 -2.51899755756
DS.d882.s1.i1 -1 -0.976589126444
DS.d887.s0.i0 -1 0.199425257865
DS.d887.s0.i1 -1 0.169904349119
DS.d887.s0.i2 -1 -0.121065282103
DS.d897.s0.i0 1.0 0.735179770997
DS.d904.s0.i0 -1 -1.11319549685
DS.d904.s0.i1 -1 -1.71983093298
DS.d904.s1.i0 -1 0.0154979392477
DS.d908.s0.i0 1.0 1.27645244307
DS.d908.s0.i1 1.0 1.27645244307
DS.d915.s0.i0 1.0 1.48575329001
DS.d915.s0.i1 1.0 1.41321074423
DS.d915.s1.i0 1.0 1.28692307497
DS.d968.s0.i0 1.0 0.852034623247
DS.d981.s0.i0 1.0 0.924580387272
DS.d993.s0.i0 1.0 1.15946285758
DS.d993.s0.i1 1.0 2.12776248032
DS.d993.s1.i0 -1 -0.19297474595
DS.d993.s2.i0 1.0 -0.351437767888
DS.d993.s2.i1 1.0 -0.664657499805
DS.d1016.s0.i0 1.0 0.792101772164
DS.d1053.s0.i0 1.0 1.46823439372
DS.d1053.s0.i1 1.0 1.12550051832
DS.d1064.s0.i0 -1 -0.788182110557
DS.d1064.s0.i1 -1 -0.900545408139
