DS.d841.s0.i0 1.0 1.18208223757
DS.d841.s1.i0 1.0 1.62474865508
DS.d848.s0.i2 1.0 0.857370577639
DS.d855.s0.i0 1.0 0.482792447942
DS.d855.s0.i1 1.0 0.260739687746
DS.d860.s0.i0 1.0 1.45712220526
DS.d860.s1.i0 1.0 1.45398324268
DS.d860.s1.i1 1.0 1.36177361028
DS.d867.s0.i0 1.0 0.41504043109
DS.d871.s0.i0 1.0 1.89939466784
DS.d871.s1.i0 1.0 0.93812722327
DS.d871.s2.i0 1.0 0.988374022759
DS.d878.s0.i0 -1 0.63493870704
DS.d878.s1.i0 1.0 0.26755318045
DS.d896.s0.i0 1.0 0.814544219863
DS.d896.s0.i1 1.0 0.531690652431
DS.d898.s0.i0 -1 0.880814779623
DS.d898.s1.i0 1.0 0.304150073286
DS.d898.s2.i0 1.0 1.45209759277
DS.d898.s2.i1 1.0 1.18277104749
DS.d898.s2.i2 1.0 1.45209759277
DS.d912.s0.i0 1.0 1.29901444536
DS.d912.s1.i0 1.0 1.44800470562
DS.d920.s0.i0 1.0 0.0253331276249
DS.d920.s0.i1 -1 -0.450585743362
DS.d920.s0.i2 1.0 0.548872425466
DS.d924.s0.i0 1.0 1.22054675421
DS.d924.s0.i1 1.0 1.36850186013
DS.d925.s0.i0 -1 -0.460035981807
DS.d931.s0.i0 1.0 0.606545850362
DS.d931.s1.i0 1.0 0.910100609319
DS.d938.s0.i0 1.0 1.25670025231
DS.d948.s0.i0 1.0 0.110188205197
DS.d948.s0.i1 1.0 0.237835720866
DS.d948.s0.i2 1.0 0.538032601669
DS.d948.s0.i3 1.0 0.020996116078
DS.d948.s0.i4 1.0 0.110188205197
DS.d948.s0.i5 1.0 0.020996116078
DS.d975.s0.i0 1.0 -0.402138542011
DS.d975.s0.i2 1.0 -0.278584849312
DS.d975.s1.i0 -1 -0.0952275738592
DS.d975.s1.i1 -1 -0.242499977055
DS.d975.s1.i2 -1 -0.391266666673
DS.d984.s0.i0 1.0 0.969148505999
DS.d984.s0.i1 1.0 1.50510368413
DS.d1016.s0.i0 1.0 0.474594636291
DS.d1016.s0.i1 1.0 -0.217841164226
DS.d1027.s0.i0 -1 -0.675845116451
DS.d1027.s0.i1 -1 -0.675845116451
DS.d1040.s0.i0 1.0 0.973322438581
DS.d1040.s0.i1 1.0 0.74749188396
DS.d1040.s1.i0 1.0 -0.23376585445
DS.d1040.s2.i0 1.0 0.357190157173
DS.d1043.s0.i0 -1 -0.177967959968
DS.d1043.s0.i1 -1 -0.376163828346
DS.d1043.s0.i2 -1 -0.325778316912
DS.d1043.s0.i3 -1 -0.0137188030801
DS.d1077.s0.i0 -1 0.942952397591
DS.d1081.s0.i0 -1 -0.133382679691
DS.d1081.s0.i1 -1 0.105911755196
DS.d1099.s0.i0 1.0 0.29818040073
DS.d1100.s0.i0 1.0 -0.115418178438
DS.d1124.s0.i0 1.0 -0.0740195331833
DS.d1148.s0.i0 -1 -0.672286693746
DS.d1148.s0.i1 -1 -0.76878646362
DS.d1148.s0.i2 -1 -0.76878646362
DS.d1148.s0.i3 -1 -0.672286693746
DS.d1149.s0.i0 1.0 0.267187862048
DS.d1178.s0.i0 1.0 0.441373583674
DS.d1178.s1.i0 -1 -0.414039316694
DS.d1184.s0.i0 -1 -1.02366837548
DS.d1184.s1.i0 -1 -1.39050413938
DS.d1202.s0.i0 1.0 0.645863612677
DS.d1204.s0.i0 -1 0.583308125684
DS.d1204.s0.i1 -1 1.1936169637
DS.d1204.s1.i0 1.0 1.29029479278
DS.d1204.s1.i1 -1 0.851769571438
DS.d1204.s2.i0 -1 0.0211262500628
DS.d1209.s0.i0 -1 1.19819543288
DS.d1209.s0.i1 -1 1.19819543288
DS.d1209.s0.i2 1.0 0.996859569315
DS.d1209.s1.i0 -1 1.08557738839
DS.d1209.s1.i1 -1 1.08557738839
DS.d1209.s1.i2 -1 0.988825613061
DS.d1209.s1.i3 -1 0.911981876423
DS.d1209.s1.i4 -1 0.911981876423
DS.d1209.s1.i5 -1 0.805263512453
DS.d1222.s0.i0 1.0 0.233782310372
DS.d1222.s0.i1 1.0 0.262800237864
DS.d1222.s1.i0 1.0 0.271997147345
DS.d1222.s1.i1 1.0 0.364359127306
DS.d1222.s2.i0 -1 0.638441518497
DS.d1222.s2.i1 -1 0.606029597747
DS.d1228.s0.i0 1.0 -0.716967059122
DS.d1228.s1.i0 -1 -0.38894548504
DS.d1229.s0.i0 -1 -0.46886077025
DS.d1229.s0.i1 -1 -0.983596254274
DS.d1229.s0.i2 -1 -0.454896515354
DS.d1229.s0.i3 -1 -0.612374767114
DS.d1229.s1.i0 -1 -0.592739734008
DS.d1229.s1.i1 1.0 -0.638428076279
DS.d1229.s1.i2 -1 -0.466079613985
DS.d1229.s1.i3 1.0 -0.94587219227
DS.d1234.s0.i0 -1 0.549320811332
DS.d1234.s0.i1 1.0 0.708146853301
DS.d1234.s1.i0 1.0 1.62886124477
DS.d1240.s0.i0 -1 -0.697841572032
DS.d1242.s0.i0 1.0 -0.299228709185
DS.d1242.s0.i1 -1 0.652824662223
DS.d1265.s0.i0 -1 -0.249308156157
DS.d1265.s0.i1 -1 0.272356879659
DS.d1265.s0.i2 -1 0.346036230102
DS.d1265.s0.i3 -1 0.224160928501
DS.d1265.s0.i4 -1 -0.191530152562
DS.d1265.s0.i5 -1 -0.311517715169
DS.d1265.s0.i6 -1 0.0262899984297
DS.d1265.s0.i7 -1 -0.245333105578
DS.d1265.s0.i8 -1 0.520703759449
DS.d1265.s0.i9 -1 0.688047960721
DS.d1265.s0.i10 -1 -0.587139997841
DS.d1265.s0.i11 -1 0.011187347824
DS.d1265.s0.i12 -1 -0.171448916778
DS.d1265.s0.i13 -1 0.0909703007923
DS.d1265.s0.i14 -1 0.517560184943
DS.d1265.s0.i15 -1 -0.661024186641
DS.d1268.s0.i0 -1 -0.0570639434545
DS.d1275.s0.i0 1.0 0.616086813826
DS.d1279.s0.i0 1.0 1.15675841856
DS.d1279.s0.i1 1.0 1.27568659019
DS.d1288.s0.i0 -1 0.654071811335
DS.d1288.s0.i1 -1 0.232947964616
DS.d1288.s0.i2 -1 0.416032577761
DS.d1288.s0.i3 -1 0.465088393307
DS.d1296.s0.i0 -1 -0.382235306049
DS.d1316.s0.i0 -1 -1.17040238286
DS.d1318.s0.i0 1.0 1.59197093309
DS.d1328.s0.i0 -1 0.0600485590747
DS.d1328.s0.i1 -1 -0.110532838752
DS.d1328.s1.i0 -1 -0.23385673834
DS.d1328.s1.i1 -1 -0.827640088193
DS.d1352.s0.i0 1.0 0.233817115379
DS.d1365.s0.i0 -1 -0.523956012383
DS.d1365.s0.i1 -1 -0.573294899216
DS.d1375.s0.i0 -1 0.255720381522
DS.d1375.s0.i1 -1 0.182321528085
DS.d1385.s0.i0 1.0 1.20984611567
DS.d1385.s1.i0 1.0 0.251308582433
DS.d1385.s1.i1 1.0 -0.0824271475542
DS.d1406.s0.i0 1.0 0.167596910159
DS.d1406.s1.i0 1.0 -0.342475253113
DS.d1406.s2.i0 1.0 0.835667110243
DS.d1410.s0.i0 -1 0.120592365077
DS.d1410.s0.i1 -1 0.0792566716518
DS.d1410.s0.i2 -1 0.0421719480923
DS.d1410.s0.i3 -1 0.265349412182
DS.d1410.s0.i4 -1 -0.326042380921
DS.d1410.s0.i5 -1 -0.501030662013
DS.d1410.s0.i6 -1 -0.326042380921
DS.d1410.s0.i7 -1 0.266496280139
DS.d1410.s0.i8 -1 -0.212148309836
DS.d1410.s0.i9 -1 0.0337206939437
DS.d1410.s0.i10 -1 -0.361547430514
DS.d1410.s0.i11 -1 -0.501030662013
DS.d1410.s0.i12 -1 0.00580477008445
DS.d1410.s0.i13 -1 0.670484903551
DS.d1410.s0.i14 -1 -0.918015088229
DS.d1410.s0.i15 -1 -0.0833577318931
DS.d1410.s0.i16 -1 -0.673320934842
DS.d1410.s0.i17 -1 0.265349412182
DS.d1410.s0.i18 -1 0.00580477008445
DS.d1410.s0.i19 -1 -0.0957316094407
DS.d1422.s0.i0 1.0 -0.441955213894
DS.d1431.s0.i0 1.0 1.79701183569
DS.d1431.s0.i1 1.0 1.41001785378
DS.d1431.s0.i2 1.0 1.90907488658
DS.d1439.s0.i0 -1 -1.04295171466
DS.d1439.s0.i1 -1 -1.07774104293
DS.d1439.s0.i2 -1 -0.577740791992
DS.d1439.s0.i3 -1 -1.29186373293
DS.d1439.s0.i4 -1 -0.329935401497
DS.d1439.s0.i5 -1 -0.249362164127
DS.d1439.s0.i6 -1 -0.760432205548
DS.d1439.s0.i7 -1 -1.20030161888
DS.d1441.s0.i0 1.0 1.38381995837
DS.d1447.s0.i0 1.0 1.20500295541
DS.d1447.s0.i1 1.0 1.43993178278
DS.d1454.s0.i0 -1 -1.63071022962
DS.d1454.s0.i1 1.0 -0.260472194467
DS.d1454.s0.i2 1.0 -0.249689380007
DS.d1477.s0.i0 -1 -0.193573193219
DS.d1477.s0.i1 -1 0.0018664610578
DS.d1481.s0.i1 1.0 0.501170957675
DS.d1481.s0.i3 1.0 0.489232836064
DS.d1499.s0.i0 -1 -0.375529941651
DS.d1499.s1.i0 -1 1.24650941048
DS.d1505.s0.i0 -1 0.54689968797
DS.d1505.s1.i0 -1 -1.98436851245
DS.d1527.s0.i0 -1 -0.309424653586
DS.d1532.s0.i0 1.0 1.5079562031
DS.d1559.s0.i0 -1 -1.13671491406
DS.d1559.s1.i0 -1 -0.955485831115
DS.d1561.s0.i0 1.0 0.239123051095
DS.d1562.s0.i0 1.0 0.0684784303173
DS.d1563.s0.i0 1.0 0.881277147171
DS.d1563.s0.i1 1.0 1.16549228914
DS.d1565.s0.i0 1.0 1.41253489206
DS.d1565.s0.i4 1.0 1.44952066971
DS.d1565.s0.i5 1.0 1.30845572019
DS.d1565.s1.i0 -1 1.56761644682
DS.d1565.s1.i1 -1 1.63182860075
DS.d1565.s1.i2 1.0 1.59682121986
DS.d1565.s2.i0 1.0 0.508295444331
DS.d1565.s2.i1 1.0 0.0744896012901
DS.d1565.s3.i0 1.0 0.389067409779
DS.d1565.s3.i1 1.0 0.672341108923
DS.d1567.s0.i0 1.0 0.685710858812
DS.d1581.s0.i0 1.0 0.717463660699
DS.d1581.s0.i1 1.0 0.325208353409
DS.d1581.s0.i2 1.0 0.53496094379
DS.d1581.s0.i3 1.0 0.598243219917
DS.d1581.s0.i4 1.0 0.239913707202
DS.d1581.s0.i5 1.0 0.587059729295
DS.d1581.s0.i6 1.0 0.676880192093
DS.d1581.s0.i7 1.0 0.450016266894
DS.d1592.s0.i0 -1 -0.255456448137
DS.d1593.s0.i0 1.0 0.472391433144
DS.d1599.s0.i0 1.0 0.389841182434
DS.d1599.s1.i0 1.0 0.813100741914
DS.d1602.s0.i0 1.0 0.70785312913
DS.d1602.s1.i0 -1 -0.109449307929
DS.d1602.s1.i1 -1 -0.562932788855
DS.d1611.s0.i1 1.0 1.20685619359
DS.d1620.s0.i0 1.0 0.411335326502
DS.d1620.s1.i0 -1 0.428634324484
DS.d1635.s0.i0 -1 -0.345597385827
DS.d1635.s0.i1 -1 0.190185538806
DS.d1636.s0.i0 1.0 1.41464918896
DS.d1636.s1.i0 1.0 1.14738759238
DS.d1636.s1.i1 1.0 0.93068729551
DS.d1681.s0.i1 1.0 1.21808507547
DS.d1681.s1.i0 1.0 1.20065573593
DS.d1683.s0.i0 1.0 -0.490674559442
DS.d1683.s0.i1 1.0 -0.621808589775
DS.d1683.s1.i0 1.0 0.774599280611
DS.d1683.s1.i1 1.0 0.774599280611
DS.d1693.s0.i0 1.0 1.30152539142
DS.d1700.s1.i0 1.0 0.438649499388
DS.d1703.s0.i0 1.0 1.6620796784
DS.d1721.s0.i0 1.0 0.673864400542
DS.d1721.s0.i1 1.0 0.614627166823
DS.d1721.s1.i0 -1 0.682699331217
DS.d1721.s1.i1 -1 -0.0608111747215
DS.d1729.s0.i0 1.0 0.545797667724
DS.d1771.s0.i0 1.0 0.843614761678
DS.d1771.s1.i0 1.0 0.507632590806
DS.d1771.s1.i1 1.0 0.0567522533912
DS.d1771.s1.i2 1.0 0.569064930812
DS.d1771.s2.i0 1.0 -0.624358626922
DS.d1771.s2.i1 1.0 -0.855553163582
DS.d1771.s3.i0 1.0 -0.130508539725
DS.d1786.s0.i0 1.0 2.1289236888
DS.d1786.s0.i1 1.0 1.87719111033
DS.d1792.s0.i0 1.0 -0.377634653408
DS.d1793.s0.i0 -1 -1.41055700368
DS.d1793.s0.i1 -1 -0.586000053611
DS.d1795.s0.i0 -1 1.28298548131
DS.d1825.s0.i0 -1 0.282146392204
DS.d1827.s0.i0 -1 0.480463167539
DS.d1827.s0.i1 -1 0.0680017607341
DS.d1827.s0.i2 -1 0.23865363178
DS.d1827.s0.i3 -1 0.617882316505
DS.d1827.s1.i0 -1 0.897508045266
DS.d1827.s1.i1 -1 0.535989075537
DS.d1845.s0.i0 -1 0.805096303556
DS.d1845.s0.i1 -1 0.221715998535
DS.d1845.s0.i2 -1 0.805096303556
DS.d1845.s0.i3 -1 0.221715998535
DS.d1845.s0.i4 -1 0.386275837096
DS.d1845.s0.i5 -1 0.386275837096
DS.d1852.s0.i0 1.0 0.167413031421
DS.d1852.s0.i1 1.0 1.05691063104
DS.d1854.s0.i0 1.0 0.887865226453
DS.d1864.s0.i0 1.0 0.675941394293
DS.d1864.s0.i1 1.0 0.695525437597
DS.d1864.s1.i0 -1 -0.0979554712463
DS.d1880.s0.i0 -1 -1.24834178921
DS.d1880.s1.i0 -1 -0.555263397316
