DS.d0.s0.i0 1.0 1.72213298873
DS.d0.s1.i0 -1 -0.719850144397
DS.d0.s1.i1 -1 0.614268209759
DS.d1.s0.i0 1.0 1.14173352881
DS.d22.s0.i0 -1 0.523357378663
DS.d22.s0.i1 -1 0.561410141703
DS.d22.s0.i2 -1 0.46179213001
DS.d22.s1.i0 -1 0.526904708757
DS.d29.s0.i0 -1 1.92131061892
DS.d29.s0.i1 -1 1.92131061892
DS.d29.s0.i2 -1 0.114879794798
DS.d29.s0.i3 -1 1.81875961347
DS.d29.s0.i4 -1 0.463234804704
DS.d29.s0.i5 -1 1.84418619048
DS.d29.s0.i6 -1 0.540359233142
DS.d29.s0.i7 -1 0.540359233142
DS.d29.s0.i8 -1 0.477226749852
DS.d29.s0.i9 -1 1.10444013357
DS.d29.s0.i10 -1 1.72312931222
DS.d29.s0.i11 -1 0.353164892389
DS.d39.s0.i0 -1 -1.3516803125
DS.d40.s0.i0 1.0 1.1892337401
DS.d41.s0.i0 -1 -0.69871224927
DS.d41.s0.i1 -1 -0.665630772527
DS.d51.s0.i0 -1 -0.253094997081
DS.d51.s0.i1 -1 0.104032437432
DS.d51.s0.i2 -1 -0.637892607227
DS.d56.s0.i0 1.0 -0.773501034
DS.d59.s0.i0 -1 -0.393137429137
DS.d59.s0.i1 -1 -0.468832748617
DS.d59.s0.i2 -1 -1.06598808874
DS.d59.s0.i3 -1 -1.06598808874
DS.d59.s0.i4 -1 -0.788247055351
DS.d59.s0.i5 -1 -0.30917993429
DS.d59.s0.i6 -1 -0.259578995312
DS.d59.s0.i7 -1 -0.738048862149
DS.d59.s0.i8 -1 -0.738048862149
DS.d59.s0.i9 -1 -0.696716608947
DS.d59.s0.i10 -1 -0.400710380695
DS.d59.s0.i11 -1 -0.696716608947
DS.d59.s0.i12 -1 -0.696716608947
DS.d59.s0.i13 -1 -1.06598808874
DS.d59.s0.i14 -1 -0.654688621525
DS.d59.s0.i15 -1 -1.00824987341
DS.d59.s0.i16 -1 -1.06598808874
DS.d59.s0.i17 -1 -0.301606982732
DS.d59.s0.i18 -1 -0.654688621525
DS.d59.s0.i19 -1 -0.491450970262
DS.d59.s0.i20 -1 -0.788247055351
DS.d59.s0.i21 -1 -0.788247055351
DS.d59.s0.i22 -1 -0.788247055351
DS.d59.s0.i23 -1 -0.654688621525
DS.d59.s0.i24 -1 -0.267151946868
DS.d59.s0.i25 -1 -0.678451414086
DS.d59.s0.i26 -1 -0.788247055351
DS.d59.s0.i27 -1 -0.67087846253
DS.d59.s0.i28 -1 -0.738048862149
DS.d59.s0.i29 -1 -1.06598808874
DS.d59.s0.i30 -1 -0.738048862149
DS.d59.s0.i31 -1 -0.621701694736
DS.d59.s0.i32 -1 -0.654688621525
DS.d59.s0.i33 -1 -0.738048862149
DS.d59.s0.i34 -1 -1.06598808874
DS.d59.s0.i35 -1 -0.342939235936
DS.d59.s0.i36 -1 -0.788247055351
DS.d59.s0.i37 -1 -0.654688621525
DS.d59.s0.i38 -1 -0.738048862149
DS.d59.s0.i39 -1 -0.654688621525
DS.d59.s0.i40 -1 -0.696716608947
DS.d59.s0.i41 -1 -0.350512187494
DS.d59.s0.i42 -1 -0.696716608947
DS.d59.s0.i43 -1 -0.696716608947
DS.d59.s0.i44 -1 -0.552192989242
DS.d80.s0.i0 -1 -1.25536073257
DS.d97.s0.i0 1.0 1.34576649395
DS.d115.s0.i0 -1 -0.692325229861
DS.d115.s0.i1 1.0 -1.08222880386
DS.d137.s0.i0 -1 0.626022780282
DS.d137.s1.i0 -1 1.00698726667
DS.d140.s0.i0 1.0 0.557018360486
DS.d140.s0.i1 -1 0.182438322034
DS.d140.s0.i2 1.0 -0.223552326189
DS.d148.s0.i0 -1 -0.955321477687
DS.d148.s0.i1 -1 -1.35759754919
DS.d148.s0.i2 1.0 0.555688443621
DS.d148.s0.i3 -1 -1.31300268738
DS.d148.s0.i4 -1 -1.82718404818
DS.d148.s0.i5 -1 -1.05926104707
DS.d148.s0.i6 -1 -1.8495860602
DS.d148.s0.i7 -1 -1.10736872992
DS.d148.s0.i8 -1 -0.656984975571
DS.d148.s0.i9 1.0 0.641541889158
DS.d148.s0.i10 -1 -1.53101987899
DS.d148.s0.i11 1.0 0.0541348911454
DS.d148.s0.i12 -1 -0.705092658419
DS.d148.s0.i13 1.0 0.641541889158
DS.d148.s0.i14 -1 -1.69745655722
DS.d148.s0.i15 -1 -1.41026638566
DS.d148.s0.i16 -1 -1.71527875889
DS.d148.s0.i17 1.0 0.648144156024
DS.d148.s0.i18 -1 -2.20145072156
DS.d148.s0.i19 1.0 0.555688443621
DS.d148.s0.i20 1.0 0.36838146665
DS.d148.s0.i21 -1 -1.42490797668
DS.d148.s0.i22 1.0 0.555688443621
DS.d148.s0.i23 -1 -2.02759308128
DS.d148.s0.i24 1.0 0.641541889158
DS.d148.s0.i25 -1 -1.4473099887
DS.d148.s0.i26 -1 -0.656565305345
DS.d148.s1.i0 -1 -2.23339978503
DS.d148.s1.i1 1.0 0.644639725951
DS.d148.s1.i2 -1 -2.52683184445
DS.d148.s1.i3 -1 -1.56395203524
DS.d148.s1.i4 1.0 0.627078241739
DS.d148.s1.i5 -1 0.196045425357
DS.d148.s1.i6 -1 -1.1307620537
DS.d148.s1.i7 -1 -0.432715674758
DS.d149.s0.i0 -1 -0.435390585498
DS.d175.s0.i0 1.0 0.51649715309
DS.d175.s0.i1 1.0 0.488362822698
DS.d175.s1.i0 1.0 0.968859636103
DS.d202.s0.i0 1.0 -0.713511217971
DS.d205.s0.i0 -1 0.780390732302
DS.d205.s0.i1 -1 0.729362796162
DS.d205.s0.i2 -1 0.785984107087
DS.d216.s0.i0 -1 0.73244223459
DS.d216.s0.i1 1.0 0.581717373943
DS.d216.s1.i0 1.0 0.227255226984
DS.d216.s2.i0 1.0 -0.545696143052
DS.d216.s3.i0 1.0 1.09722902926
DS.d216.s3.i1 1.0 1.55492051
DS.d234.s0.i0 1.0 1.22007677348
DS.d239.s0.i0 1.0 1.14101620933
DS.d239.s0.i1 1.0 1.47233990719
DS.d239.s1.i0 1.0 -0.143175406442
DS.d239.s2.i0 1.0 -0.132196530251
DS.d239.s2.i1 1.0 -0.00230239076027
DS.d239.s2.i2 1.0 0.571914821128
DS.d241.s0.i0 1.0 0.54416252161
DS.d241.s1.i0 1.0 0.012466547302
DS.d253.s0.i0 -1 1.16997638405
DS.d253.s1.i0 1.0 1.29240194317
DS.d253.s1.i1 1.0 1.22814481844
DS.d253.s1.i2 -1 0.494314242876
DS.d253.s1.i3 1.0 1.21262801273
DS.d253.s1.i4 -1 0.382480794135
DS.d253.s1.i5 1.0 1.27391163126
DS.d253.s1.i6 -1 0.475823930969
DS.d253.s1.i7 -1 0.397997599846
DS.d253.s2.i0 1.0 1.44403549923
DS.d259.s0.i0 -1 -1.21529414295
DS.d288.s0.i0 -1 -0.942408313341
DS.d288.s0.i1 -1 -0.832502389087
DS.d288.s0.i2 -1 -0.96247080111
DS.d288.s0.i3 -1 -1.48467678249
DS.d288.s0.i4 -1 -0.484531156827
DS.d288.s0.i5 -1 -0.607726518733
DS.d288.s0.i6 -1 -0.715386887932
DS.d288.s0.i7 -1 -0.646414556163
DS.d288.s0.i8 -1 -1.13670555023
DS.d288.s1.i0 -1 0.563324021246
DS.d288.s1.i1 1.0 1.38802625247
DS.d288.s1.i2 1.0 1.71490248966
DS.d288.s1.i3 -1 -0.76406955187
DS.d293.s0.i0 1.0 2.2972421514
DS.d293.s0.i1 1.0 2.25221672855
DS.d317.s0.i0 1.0 0.51515546152
DS.d317.s0.i1 1.0 0.441734879017
DS.d317.s0.i2 1.0 0.794473512754
DS.d317.s0.i3 1.0 0.643803998993
DS.d317.s0.i4 1.0 0.650263600373
DS.d317.s0.i5 1.0 0.57684301787
DS.d317.s0.i6 1.0 0.448700076434
DS.d317.s0.i7 1.0 0.592404392777
DS.d317.s0.i8 1.0 0.424074345805
DS.d317.s0.i9 1.0 0.295931404368
DS.d317.s0.i10 1.0 0.522120658935
DS.d317.s0.i11 1.0 0.665824975279
DS.d325.s0.i0 1.0 1.67032509454
DS.d325.s0.i1 1.0 0.74444119966
DS.d334.s0.i0 1.0 0.665000113655
DS.d334.s1.i0 -1 0.232870446463
DS.d356.s0.i0 -1 -0.132029882723
DS.d357.s0.i1 1.0 1.06570446096
DS.d365.s0.i0 -1 1.5499435675
DS.d365.s0.i1 1.0 -0.322784325699
DS.d365.s1.i0 -1 1.10577551301
DS.d365.s1.i1 -1 1.47904257101
DS.d365.s1.i2 -1 1.00181038
DS.d366.s0.i0 1.0 -0.32794300043
DS.d366.s0.i1 1.0 0.788313408143
DS.d370.s0.i0 1.0 -1.20164429116
DS.d375.s0.i0 1.0 1.70612749184
DS.d375.s0.i1 1.0 1.54060791009
DS.d375.s0.i2 1.0 1.47183634425
DS.d375.s1.i0 1.0 1.01351281717
DS.d375.s2.i0 1.0 2.67842995066
DS.d375.s3.i0 1.0 1.1844076357
DS.d375.s3.i1 1.0 -0.542044968419
DS.d375.s3.i2 1.0 -0.542044968419
DS.d375.s3.i3 1.0 1.1844076357
DS.d375.s4.i0 1.0 2.60706233958
DS.d375.s4.i1 1.0 1.89724609841
DS.d375.s5.i0 1.0 1.41262311214
DS.d375.s5.i1 -1 1.42328016146
DS.d375.s5.i2 1.0 0.563395627895
DS.d375.s5.i3 1.0 1.12849575791
DS.d380.s0.i0 -1 -0.259343385985
DS.d380.s0.i3 -1 -0.216561137495
DS.d380.s0.i4 -1 -0.593092595426
DS.d380.s0.i6 -1 -0.302717216564
DS.d380.s0.i9 -1 0.190765510376
DS.d380.s1.i1 -1 0.197185198502
DS.d380.s1.i3 -1 0.116634656591
DS.d380.s1.i4 -1 0.266156325094
DS.d380.s1.i5 -1 0.0291803835396
DS.d380.s1.i6 -1 0.057323091268
DS.d380.s1.i8 -1 -0.0454149438526
DS.d380.s2.i0 1.0 0.317698518793
DS.d380.s2.i2 1.0 0.458656203417
DS.d380.s2.i5 1.0 0.465850310624
DS.d437.s0.i0 -1 -0.279860347435
DS.d437.s0.i1 -1 0.986225685816
DS.d437.s0.i2 1.0 1.27210366459
DS.d445.s0.i0 1.0 1.18942910666
DS.d461.s0.i0 -1 -1.26159092294
DS.d461.s0.i1 -1 -1.24558141738
DS.d461.s0.i2 -1 -0.551359270986
DS.d461.s0.i3 -1 -0.424723703031
DS.d464.s0.i0 1.0 -0.790505483961
DS.d464.s0.i1 1.0 -0.627371156286
DS.d464.s1.i0 1.0 1.28727378514
DS.d465.s0.i0 1.0 -0.085668868254
DS.d465.s0.i1 1.0 -0.413301806612
DS.d465.s0.i2 1.0 -0.342428757385
DS.d481.s0.i0 1.0 -0.162158758905
DS.d481.s0.i1 1.0 0.439770834357
DS.d492.s0.i0 1.0 0.269334697251
DS.d492.s0.i1 -1 -0.295219889693
DS.d492.s1.i0 1.0 -0.14960927726
DS.d492.s1.i1 1.0 0.775475884743
DS.d492.s1.i2 1.0 1.17098445447
DS.d492.s2.i0 1.0 0.378983120854
DS.d492.s3.i0 1.0 -0.232623706775
DS.d493.s1.i0 1.0 2.18349777618
DS.d494.s0.i0 1.0 1.17462772715
DS.d494.s0.i1 1.0 1.32381703243
DS.d510.s0.i0 1.0 1.76841230677
DS.d510.s0.i1 1.0 1.88668039026
DS.d510.s1.i0 1.0 1.70896616231
DS.d510.s2.i0 1.0 1.38795181557
DS.d512.s0.i0 -1 -0.67306631965
DS.d512.s0.i1 -1 -1.60507200719
DS.d512.s1.i0 -1 -0.803324028027
DS.d512.s2.i0 1.0 1.16106725957
DS.d512.s2.i1 1.0 0.842477480623
DS.d525.s0.i0 1.0 -0.473296251624
DS.d525.s0.i1 1.0 -0.0103621772711
DS.d552.s0.i0 1.0 -0.448010812859
DS.d552.s0.i1 1.0 -0.487408036309
DS.d552.s0.i2 1.0 0.386404711895
DS.d552.s0.i3 1.0 0.299578669056
DS.d555.s0.i0 1.0 0.637302824583
DS.d555.s1.i0 -1 0.553714612581
DS.d565.s0.i0 1.0 1.09834586657
DS.d575.s0.i0 1.0 2.59483284206
DS.d575.s1.i0 1.0 0.561582790894
DS.d575.s1.i1 1.0 1.70929300101
DS.d575.s2.i0 -1 0.682808265106
DS.d576.s0.i0 -1 0.458160648283
DS.d576.s0.i1 1.0 0.549246163866
DS.d576.s0.i2 -1 1.11594702231
DS.d576.s1.i1 1.0 1.35884341274
DS.d576.s2.i0 1.0 1.6466716844
DS.d576.s2.i1 1.0 1.47927540458
DS.d582.s0.i0 1.0 -0.686883868539
DS.d584.s0.i0 1.0 0.685188954032
DS.d586.s0.i0 1.0 0.372869218365
DS.d587.s0.i0 1.0 0.408991545537
DS.d588.s0.i0 1.0 1.64793454302
DS.d615.s0.i0 1.0 -0.188614716548
DS.d617.s0.i0 1.0 1.63539567342
DS.d617.s1.i0 -1 -0.724594253899
DS.d617.s1.i1 -1 0.261880272957
DS.d617.s1.i2 -1 -1.79788042147
DS.d617.s1.i3 -1 -0.929731945349
DS.d617.s1.i4 -1 -0.255533718959
DS.d617.s1.i5 -1 -0.575391557021
DS.d617.s1.i6 -1 -0.581364009008
DS.d617.s1.i7 -1 -1.18351633212
DS.d617.s1.i8 -1 -2.04470304056
DS.d617.s1.i9 -1 -1.10614471061
DS.d624.s0.i0 1.0 0.919501513563
DS.d624.s0.i1 1.0 1.25694981714
DS.d624.s0.i2 1.0 0.60856826712
DS.d624.s0.i3 1.0 0.781613565475
DS.d624.s1.i0 1.0 0.190006256894
DS.d624.s1.i2 -1 -0.0766875833448
DS.d624.s1.i4 -1 -0.175542072148
DS.d624.s1.i5 1.0 0.90614174933
DS.d624.s1.i6 -1 -0.307496428628
DS.d624.s1.i7 -1 0.0552667731366
DS.d624.s2.i1 1.0 0.838980515745
DS.d624.s2.i2 1.0 0.274334989353
DS.d624.s3.i0 1.0 0.943380839686
DS.d624.s3.i1 1.0 0.749490804757
DS.d624.s3.i2 -1 -0.0372772052953
DS.d624.s3.i3 1.0 2.09528969135
DS.d624.s4.i0 1.0 0.613767070683
DS.d624.s4.i1 1.0 0.731277863393
DS.d624.s4.i2 1.0 0.486190037082
DS.d642.s0.i0 -1 0.694479962286
DS.d645.s0.i0 1.0 1.18481483282
DS.d651.s0.i0 -1 -0.770992635055
DS.d666.s0.i0 1.0 0.509405399777
DS.d666.s0.i1 1.0 0.721268256165
DS.d666.s0.i2 1.0 0.507187298939
DS.d690.s0.i0 1.0 1.34071253727
DS.d690.s1.i0 1.0 2.61480131387
DS.d690.s2.i0 1.0 0.794108018204
DS.d690.s3.i0 1.0 1.92594580679
DS.d690.s4.i0 -1 0.702672511935
DS.d690.s5.i0 1.0 1.95499419877
DS.d690.s5.i1 1.0 1.73953739692
DS.d690.s5.i2 1.0 1.82919786278
DS.d690.s5.i3 1.0 2.1358335838
DS.d690.s6.i0 -1 0.0421428638618
DS.d705.s0.i0 1.0 0.606385031627
DS.d706.s0.i0 1.0 -0.48807828852
DS.d707.s0.i0 1.0 -0.21017124724
DS.d707.s0.i1 1.0 0.169067725868
DS.d707.s1.i0 1.0 0.170179274225
DS.d708.s0.i0 -1 -0.812016698583
DS.d717.s0.i0 -1 1.31600032288
DS.d725.s0.i0 1.0 0.529344325983
DS.d725.s1.i0 1.0 0.948472340089
DS.d725.s1.i1 1.0 0.948472340089
DS.d725.s1.i2 1.0 0.839414818914
DS.d741.s0.i0 1.0 1.86175851216
DS.d743.s0.i0 1.0 1.92243008058
DS.d756.s0.i0 1.0 0.660235044128
DS.d756.s0.i1 1.0 0.881477641353
DS.d762.s0.i0 1.0 0.625359515286
DS.d762.s0.i1 1.0 0.706045019821
DS.d762.s1.i0 1.0 0.982034646746
DS.d762.s2.i0 1.0 -0.81470419899
DS.d762.s2.i1 1.0 -0.688097526268
DS.d762.s3.i1 1.0 0.820323673346
DS.d762.s3.i2 1.0 0.669495514942
DS.d762.s3.i3 -1 -1.27034323058
DS.d762.s3.i7 -1 -1.35962631595
DS.d762.s4.i0 1.0 0.0524354052746
DS.d762.s4.i1 1.0 0.146391696917
DS.d762.s4.i2 1.0 0.0824939032663
DS.d762.s4.i3 1.0 0.206081434431
DS.d786.s0.i0 1.0 2.16890104405
DS.d786.s1.i0 1.0 1.71458565442
DS.d789.s0.i0 1.0 0.0568192763041
DS.d789.s0.i1 1.0 0.0568192763041
DS.d810.s0.i0 1.0 -0.120586236118
DS.d810.s0.i1 1.0 -0.319464479673
DS.d810.s0.i2 1.0 -0.382900507396
DS.d810.s0.i3 1.0 -0.451857901929
DS.d810.s0.i4 1.0 -0.294047238081
DS.d810.s0.i5 1.0 -0.568579125813
DS.d810.s1.i0 -1 0.599526064087
DS.d810.s1.i1 1.0 0.832382333509
DS.d810.s1.i2 1.0 0.844604474373
DS.d810.s1.i3 1.0 0.105289183288
DS.d810.s2.i0 1.0 2.55693757578
DS.d810.s2.i1 1.0 1.88206670845
DS.d810.s3.i0 1.0 0.751328266171
