DS.d8.s0.i0 1.0 2.20601935789
DS.d33.s0.i0 1.0 2.05412220106
DS.d33.s0.i1 1.0 0.915868096227
DS.d41.s0.i0 1.0 0.115287862083
DS.d41.s0.i1 1.0 -0.268532003459
DS.d55.s0.i0 1.0 1.22223622442
DS.d62.s0.i0 -1 0.809306390444
DS.d97.s0.i0 1.0 1.48789046856
DS.d100.s0.i0 1.0 1.13175202037
DS.d100.s1.i0 1.0 0.611549959816
DS.d100.s1.i1 1.0 0.408041060612
DS.d104.s0.i0 -1 1.12562868063
DS.d109.s0.i0 1.0 -0.669427633885
DS.d109.s0.i1 1.0 -0.660163284556
DS.d109.s0.i2 -1 0.0960552916261
DS.d109.s0.i3 1.0 -0.364058915993
DS.d109.s0.i4 -1 -0.0490190356409
DS.d109.s0.i5 -1 0.24185371782
DS.d147.s0.i0 -1 -0.676118391656
DS.d147.s0.i1 -1 0.458881999618
DS.d147.s0.i2 -1 -1.21466259277
DS.d147.s0.i3 -1 0.545413021878
DS.d187.s0.i0 1.0 0.58737304872
DS.d194.s0.i0 1.0 -0.254664276924
DS.d194.s0.i1 1.0 -0.108865758469
DS.d204.s0.i0 1.0 1.42714478466
DS.d204.s0.i1 1.0 0.23356674637
DS.d213.s0.i0 -1 1.01614225306
DS.d213.s1.i0 1.0 1.08988521442
DS.d225.s0.i0 1.0 1.12482920974
DS.d225.s1.i0 1.0 0.548604560434
DS.d232.s0.i0 1.0 -0.222590053092
DS.d232.s0.i1 1.0 -0.30687639413
DS.d232.s0.i2 1.0 0.0998148003967
DS.d232.s0.i3 1.0 -0.144393691982
DS.d232.s0.i4 1.0 0.160997897451
DS.d232.s0.i5 1.0 -0.137592882382
DS.d232.s1.i0 1.0 1.36525625357
DS.d232.s1.i1 1.0 1.07508678513
DS.d232.s1.i2 1.0 1.48651588168
DS.d232.s1.i3 1.0 0.995224329567
DS.d232.s2.i0 -1 -0.705598848279
DS.d233.s0.i0 1.0 0.588468080228
DS.d239.s0.i0 1.0 1.27149717097
DS.d239.s0.i1 1.0 2.04860667442
DS.d239.s1.i0 1.0 0.225766868468
DS.d239.s2.i0 1.0 -0.0707759373102
DS.d239.s2.i1 1.0 0.336312815002
DS.d239.s2.i2 1.0 0.175491518605
DS.d251.s0.i0 1.0 -1.02493228794
DS.d251.s0.i1 1.0 -1.25037565781
DS.d251.s0.i2 1.0 0.132186539726
DS.d251.s0.i3 1.0 0.907650737236
DS.d251.s0.i4 1.0 -0.954600113239
DS.d251.s0.i5 1.0 -1.28032409453
DS.d251.s0.i6 1.0 0.16213497644
DS.d251.s0.i7 1.0 -0.844313641544
DS.d251.s0.i8 1.0 -0.994983851226
DS.d261.s0.i0 1.0 0.496277779563
DS.d266.s0.i0 1.0 0.491415936665
DS.d281.s0.i0 1.0 0.388670544977
DS.d281.s1.i0 1.0 0.798387942865
DS.d281.s1.i1 1.0 0.68481501802
DS.d293.s0.i0 1.0 1.59819817937
DS.d293.s0.i1 1.0 2.08483382556
DS.d294.s0.i0 1.0 0.848466308489
DS.d294.s0.i1 1.0 0.496197012462
DS.d294.s0.i2 1.0 1.05819096031
DS.d299.s0.i0 -1 0.644533674227
DS.d299.s0.i1 -1 0.513975102224
DS.d306.s0.i0 1.0 2.2938955155
DS.d306.s0.i1 -1 0.146014995254
DS.d306.s1.i0 1.0 1.80130741304
DS.d306.s1.i1 1.0 1.82694343587
DS.d306.s1.i2 1.0 1.43526583773
DS.d306.s1.i3 1.0 1.22648927329
DS.d306.s1.i4 1.0 2.24396702326
DS.d306.s1.i5 1.0 1.66914888351
DS.d306.s2.i0 -1 -0.147162138864
DS.d306.s3.i0 1.0 -0.538415982807
DS.d306.s4.i0 1.0 -0.245604895751
DS.d306.s4.i1 1.0 -0.0203680605831
DS.d316.s0.i0 1.0 -0.081029232045
DS.d316.s0.i1 1.0 -0.285052698549
DS.d316.s1.i0 1.0 0.113647426098
DS.d316.s1.i1 1.0 0.309811056107
DS.d316.s2.i0 1.0 0.562215114594
DS.d316.s2.i1 1.0 0.562215114594
DS.d318.s0.i0 1.0 0.713018459586
DS.d318.s0.i1 1.0 0.332193618978
DS.d320.s0.i0 -1 0.848748162659
DS.d320.s0.i1 1.0 1.08425830611
DS.d322.s0.i0 1.0 1.62493073947
DS.d322.s1.i0 -1 0.629434398859
DS.d322.s1.i1 -1 1.16364751271
DS.d330.s0.i0 1.0 0.978008492674
DS.d330.s0.i1 1.0 0.978008492674
DS.d333.s0.i0 1.0 0.600102405155
DS.d364.s0.i0 -1 -0.615706917768
DS.d364.s0.i1 -1 -0.854700466695
DS.d364.s1.i0 1.0 1.25703347184
DS.d364.s2.i0 1.0 -0.00226124064589
DS.d369.s0.i0 1.0 -1.42353560413
DS.d369.s1.i0 1.0 0.177287380587
DS.d371.s0.i0 1.0 0.582787591178
DS.d371.s0.i1 1.0 0.451693584222
DS.d371.s0.i2 1.0 1.01141521422
DS.d371.s0.i3 1.0 0.771595442536
DS.d397.s0.i0 -1 0.056495087937
DS.d397.s0.i1 -1 0.857195941594
DS.d397.s0.i2 1.0 0.960510330251
DS.d401.s0.i0 1.0 -0.407200930267
DS.d401.s0.i1 1.0 0.199612017686
DS.d403.s0.i0 -1 0.439592719669
DS.d416.s0.i0 1.0 0.130117596241
DS.d418.s0.i0 1.0 0.705891946566
DS.d418.s0.i1 1.0 0.521060931384
DS.d421.s0.i0 -1 0.915802564455
DS.d421.s1.i0 1.0 1.54693644383
DS.d430.s0.i0 1.0 1.99025383354
DS.d430.s0.i1 1.0 1.59204233072
DS.d430.s0.i2 1.0 1.8478696853
DS.d430.s0.i3 1.0 1.88661037552
DS.d437.s0.i0 -1 0.035640147897
DS.d437.s0.i1 -1 1.11251073689
DS.d437.s0.i2 1.0 1.34612058272
DS.d445.s0.i0 1.0 1.51698233567
DS.d478.s0.i0 1.0 2.16225048505
DS.d488.s0.i0 -1 1.50192937971
DS.d488.s0.i1 -1 0.715741078962
DS.d488.s0.i2 1.0 0.362621814287
DS.d488.s0.i3 -1 -0.563716502408
DS.d488.s0.i4 -1 0.124371124548
DS.d488.s0.i5 1.0 0.0233285780943
DS.d488.s0.i6 -1 1.00781983155
DS.d488.s0.i7 -1 0.713043892258
DS.d488.s0.i8 -1 -0.283631985008
DS.d488.s0.i9 1.0 1.0621344642
DS.d488.s0.i10 -1 1.40264166068
DS.d488.s0.i11 -1 -1.20819822734
DS.d488.s0.i12 -1 -0.809973377844
DS.d488.s0.i13 -1 -1.62852337599
DS.d488.s0.i14 -1 -0.185485365091
DS.d494.s0.i0 1.0 0.756736046732
DS.d494.s0.i1 1.0 1.05790932511
DS.d496.s0.i0 -1 -0.692029494845
DS.d496.s0.i1 -1 -1.01993464345
DS.d496.s1.i0 1.0 0.49394350131
DS.d519.s0.i0 1.0 -0.169909167614
DS.d519.s0.i1 1.0 0.116393733937
DS.d519.s0.i2 1.0 -0.133086196224
DS.d519.s0.i3 1.0 0.155604621937
DS.d519.s1.i0 1.0 0.964185843685
DS.d519.s2.i0 1.0 -0.0859243858383
DS.d519.s2.i1 -1 -0.493847406863
DS.d530.s0.i0 -1 0.586634385208
DS.d532.s0.i0 -1 1.18768085927
DS.d543.s0.i0 1.0 0.00854688640526
DS.d543.s0.i1 1.0 -0.766279659202
DS.d543.s0.i2 -1 -2.18286174105
DS.d565.s0.i0 1.0 1.45136814594
DS.d578.s0.i0 1.0 0.177739178716
DS.d578.s0.i1 1.0 0.255232476597
DS.d578.s0.i2 1.0 0.165684589319
DS.d585.s0.i0 -1 -0.939218498654
DS.d585.s0.i1 -1 -0.643121518386
DS.d585.s0.i2 -1 -0.960154818289
DS.d594.s0.i0 1.0 0.465817781088
DS.d594.s0.i1 1.0 0.218880898695
DS.d594.s0.i2 1.0 0.454526380437
DS.d596.s0.i0 1.0 1.37941411038
DS.d596.s0.i1 1.0 2.45912549093
DS.d599.s0.i0 1.0 0.132074936312
DS.d599.s1.i0 -1 -0.506010205866
DS.d601.s0.i0 1.0 0.776205420262
DS.d607.s0.i0 1.0 1.19140868462
DS.d607.s0.i1 1.0 1.86368715732
DS.d607.s0.i2 -1 1.37033623079
DS.d610.s0.i0 1.0 0.334914136994
DS.d611.s0.i0 1.0 1.63382949747
DS.d623.s0.i0 1.0 1.10195702438
DS.d623.s0.i1 1.0 1.3089566566
DS.d623.s1.i0 1.0 0.966124511144
DS.d623.s1.i1 1.0 0.579711799613
DS.d623.s2.i0 1.0 1.40019101221
DS.d623.s2.i1 1.0 0.722152714593
DS.d623.s2.i2 1.0 1.14315649634
DS.d623.s2.i3 1.0 1.23752550302
DS.d623.s3.i0 1.0 1.66579550783
DS.d623.s3.i1 1.0 0.52981642272
DS.d623.s4.i0 1.0 1.11148865925
DS.d623.s4.i1 1.0 1.27915599992
DS.d623.s4.i2 -1 0.566079082238
DS.d623.s4.i3 -1 0.13685672713
DS.d636.s0.i0 -1 -0.573843914318
DS.d636.s0.i1 1.0 -1.2756730831
DS.d648.s0.i0 1.0 0.195899019825
DS.d648.s0.i1 1.0 0.3677122618
DS.d648.s0.i2 1.0 -0.0573653238574
DS.d650.s0.i0 1.0 1.05054433545
DS.d650.s1.i0 1.0 0.684093693944
DS.d650.s1.i1 1.0 1.03849541315
DS.d650.s2.i0 1.0 2.20144364268
DS.d650.s2.i1 1.0 2.72639759857
DS.d650.s3.i0 1.0 1.01800076138
DS.d650.s3.i1 1.0 0.811653297859
DS.d652.s0.i0 1.0 2.39105386396
DS.d652.s0.i1 -1 1.21882400893
DS.d652.s1.i0 1.0 1.1401636241
DS.d652.s1.i1 -1 -0.87661824354
DS.d652.s1.i2 -1 -0.747719322824
DS.d652.s1.i3 1.0 0.725708382996
DS.d652.s1.i4 -1 -1.02953043578
DS.d652.s1.i5 -1 -0.900631515061
DS.d652.s1.i6 1.0 0.622905672593
DS.d652.s1.i7 1.0 0.572796190758
DS.d652.s2.i0 -1 -1.35441800445
DS.d652.s2.i1 -1 -0.603594054502
DS.d656.s0.i0 -1 -0.283040852068
DS.d656.s0.i1 -1 0.089023285562
DS.d656.s0.i2 -1 0.190468443032
DS.d671.s0.i0 1.0 3.09600449945
DS.d671.s0.i1 1.0 1.73585422855
DS.d671.s0.i2 1.0 1.99387232782
DS.d677.s0.i0 -1 0.328326885984
DS.d677.s0.i1 -1 0.474020749214
DS.d677.s0.i2 1.0 -1.24053517844
DS.d677.s0.i3 -1 0.265204392279
DS.d693.s0.i0 -1 -0.810653761287
DS.d693.s0.i1 -1 -0.949623189369
DS.d693.s0.i2 -1 -1.06380731078
DS.d693.s0.i3 -1 -0.88313649303
DS.d707.s0.i0 1.0 -0.250874282476
DS.d707.s0.i1 1.0 0.235417950823
DS.d707.s1.i0 1.0 -0.959252638238
DS.d724.s0.i0 1.0 2.52202423427
DS.d724.s0.i1 1.0 1.55540329248
DS.d724.s0.i2 1.0 -0.501373564285
DS.d741.s0.i0 1.0 2.27459667239
DS.d749.s0.i0 1.0 -0.947952961886
DS.d749.s0.i1 1.0 -1.62267186906
DS.d749.s1.i0 1.0 0.99304931721
DS.d749.s1.i1 1.0 0.58632498997
DS.d749.s2.i0 1.0 0.0409429822737
DS.d749.s2.i1 1.0 -0.380232152773
DS.d749.s2.i2 1.0 -0.00348797698344
DS.d749.s3.i0 -1 0.812622523616
DS.d760.s0.i0 -1 -0.0237109135366
DS.d760.s1.i0 1.0 0.0053989546838
DS.d772.s0.i0 -1 0.528340077977
DS.d772.s0.i1 -1 0.487681832931
DS.d776.s0.i0 1.0 -0.331586685727
DS.d776.s0.i1 1.0 -0.331586685727
DS.d797.s0.i0 1.0 0.38442821318
DS.d797.s1.i0 1.0 0.270723188514
DS.d797.s1.i1 1.0 0.48266774707
DS.d797.s1.i2 1.0 0.0601869374153
DS.d814.s0.i0 -1 -0.361886146128
DS.d814.s0.i1 -1 -0.000533914602492
DS.d814.s0.i2 -1 -0.359200214867
DS.d814.s1.i0 -1 -1.899441004
DS.d814.s1.i1 -1 -1.87827894633
DS.d818.s0.i0 1.0 0.231437228248
DS.d818.s0.i1 1.0 0.231437228248
DS.d818.s0.i2 1.0 0.368272615238
DS.d818.s0.i3 1.0 0.401085571267
DS.d818.s1.i0 1.0 1.17110056039
DS.d818.s1.i1 1.0 1.60802208663
DS.d818.s1.i2 1.0 1.17110056039
DS.d818.s1.i3 1.0 1.17110056039
DS.d818.s1.i4 1.0 1.60802208663
DS.d818.s1.i5 1.0 1.60802208663
DS.d818.s2.i0 1.0 2.28798205056
DS.d818.s2.i1 1.0 1.8864611301
DS.d818.s2.i2 1.0 1.8864611301
DS.d818.s2.i3 1.0 2.28798205056
DS.d818.s2.i4 1.0 2.28798205056
DS.d818.s2.i5 1.0 1.8864611301
DS.d818.s3.i0 1.0 1.54694926516
DS.d818.s3.i1 1.0 1.54694926516
DS.d818.s3.i2 1.0 1.54694926516
DS.d819.s0.i0 -1 1.30448299678
DS.d819.s0.i1 -1 0.759821750261
DS.d820.s0.i0 -1 -0.0677259947829
DS.d820.s0.i1 -1 -0.441805009237
DS.d820.s0.i2 -1 1.41127991264
DS.d820.s1.i0 1.0 1.83313992379
DS.d820.s2.i0 -1 0.142618528543
DS.d820.s2.i1 -1 -1.40387450776
DS.d820.s3.i0 -1 0.422998293025
