DS.d0.s0.i0 1.0 1.63186844907
DS.d0.s1.i0 -1 -0.721426036369
DS.d0.s1.i1 -1 0.402026494474
DS.d1.s0.i0 1.0 0.83363677144
DS.d22.s0.i0 -1 0.288966243562
DS.d22.s0.i1 -1 0.240008784491
DS.d22.s0.i2 -1 0.0799222006441
DS.d22.s1.i0 -1 -0.26933227083
DS.d29.s0.i0 -1 0.646727564883
DS.d29.s0.i1 -1 0.686228357344
DS.d29.s0.i2 -1 -0.253910594895
DS.d29.s0.i3 -1 0.723242381082
DS.d29.s0.i4 -1 -0.262929862577
DS.d29.s0.i5 -1 0.657534465202
DS.d29.s0.i6 -1 -0.234235970436
DS.d29.s0.i7 -1 -0.275775147048
DS.d29.s0.i8 -1 -0.252489668098
DS.d29.s0.i9 -1 0.807463747335
DS.d29.s0.i10 -1 0.772302650526
DS.d29.s0.i11 -1 -0.191148629875
DS.d39.s0.i0 -1 -0.887327326153
DS.d40.s0.i0 1.0 1.04265909088
DS.d41.s0.i0 -1 -0.596433087036
DS.d41.s0.i1 -1 -0.433105155574
DS.d51.s0.i0 -1 -0.130067345168
DS.d51.s0.i1 -1 0.109631959514
DS.d51.s0.i2 -1 -0.0787813087659
DS.d56.s0.i0 1.0 -0.387635070763
DS.d59.s0.i0 -1 -0.492192053548
DS.d59.s0.i1 -1 -0.851720047432
DS.d59.s0.i2 -1 -0.936695026726
DS.d59.s0.i3 -1 -0.888150092396
DS.d59.s0.i4 -1 -0.793208357748
DS.d59.s0.i5 -1 -0.54209481689
DS.d59.s0.i6 -1 -0.362322077453
DS.d59.s0.i7 -1 -0.784507696823
DS.d59.s0.i8 -1 -0.784507696823
DS.d59.s0.i9 -1 -0.737076384522
DS.d59.s0.i10 -1 -0.699349455259
DS.d59.s0.i11 -1 -0.768925401757
DS.d59.s0.i12 -1 -0.768925401757
DS.d59.s0.i13 -1 -0.849758139202
DS.d59.s0.i14 -1 -0.70006888692
DS.d59.s0.i15 -1 -1.11861014919
DS.d59.s0.i16 -1 -0.888150092396
DS.d59.s0.i17 -1 -0.431178592291
DS.d59.s0.i18 -1 -0.744597444034
DS.d59.s0.i19 -1 -0.848429683439
DS.d59.s0.i20 -1 -0.829938863015
DS.d59.s0.i21 -1 -0.829938863015
DS.d59.s0.i22 -1 -0.793208357748
DS.d59.s0.i23 -1 -0.666083367123
DS.d59.s0.i24 -1 -0.507720470766
DS.d59.s0.i25 -1 -0.68034388074
DS.d59.s0.i26 -1 -0.876477446333
DS.d59.s0.i27 -1 -0.550403282929
DS.d59.s0.i28 -1 -0.81849321662
DS.d59.s0.i29 -1 -0.849758139202
DS.d59.s0.i30 -1 -0.863021773734
DS.d59.s0.i31 -1 -1.08456874895
DS.d59.s0.i32 -1 -0.70006888692
DS.d59.s0.i33 -1 -0.81849321662
DS.d59.s0.i34 -1 -0.888150092396
DS.d59.s0.i35 -1 -0.480746407154
DS.d59.s0.i36 -1 -0.829938863015
DS.d59.s0.i37 -1 -0.666083367123
DS.d59.s0.i38 -1 -0.81849321662
DS.d59.s0.i39 -1 -0.70006888692
DS.d59.s0.i40 -1 -0.768925401757
DS.d59.s0.i41 -1 -0.634005893459
DS.d59.s0.i42 -1 -0.768925401757
DS.d59.s0.i43 -1 -0.737076384522
DS.d59.s0.i44 -1 -0.980423050611
DS.d80.s0.i0 -1 -1.09485469683
DS.d97.s0.i0 1.0 0.582783754014
DS.d115.s0.i0 -1 -0.453519962827
DS.d115.s0.i1 1.0 -1.15279442941
DS.d137.s0.i0 -1 0.467282636816
DS.d137.s1.i0 -1 0.732869387779
DS.d140.s0.i0 1.0 0.785877836871
DS.d140.s0.i1 -1 0.482524572406
DS.d140.s0.i2 1.0 0.33653066101
DS.d148.s0.i0 -1 -1.10476435695
DS.d148.s0.i1 -1 -1.45381607619
DS.d148.s0.i2 1.0 0.455214597003
DS.d148.s0.i3 -1 -1.25070992113
DS.d148.s0.i4 -1 -2.14017557803
DS.d148.s0.i5 -1 -1.01548892405
DS.d148.s0.i6 -1 -1.84008068476
DS.d148.s0.i7 -1 -1.0362630936
DS.d148.s0.i8 -1 -0.666437204814
DS.d148.s0.i9 1.0 0.551785128856
DS.d148.s0.i10 -1 -1.79094831029
DS.d148.s0.i11 1.0 0.0499708506051
DS.d148.s0.i12 -1 -0.687211374359
DS.d148.s0.i13 1.0 0.531406830804
DS.d148.s0.i14 -1 -1.82628577177
DS.d148.s0.i15 -1 -1.4903179602
DS.d148.s0.i16 -1 -1.59976164036
DS.d148.s0.i17 1.0 0.669228203056
DS.d148.s0.i18 -1 -2.13661327168
DS.d148.s0.i19 1.0 0.455214597003
DS.d148.s0.i20 1.0 0.235638588804
DS.d148.s0.i21 -1 -1.85750149857
DS.d148.s0.i22 1.0 0.455214597003
DS.d148.s0.i23 -1 -2.17640967927
DS.d148.s0.i24 1.0 0.551785128856
DS.d148.s0.i25 -1 -1.49102896553
DS.d148.s0.i26 -1 -1.26374458597
DS.d148.s1.i0 -1 -1.16879012208
DS.d148.s1.i1 1.0 -0.144512320178
DS.d148.s1.i2 -1 -1.30053002516
DS.d148.s1.i3 -1 -0.833229488619
DS.d148.s1.i4 1.0 0.218879701049
DS.d148.s1.i5 -1 0.517360184171
DS.d148.s1.i6 -1 -0.598794089718
DS.d148.s1.i7 -1 -0.138867837741
DS.d149.s0.i0 -1 -0.332895486298
DS.d175.s0.i0 1.0 0.129075784034
DS.d175.s0.i1 1.0 0.084552144655
DS.d175.s1.i0 1.0 0.729219710725
DS.d202.s0.i0 1.0 -0.754873753351
DS.d205.s0.i0 -1 -0.291380842703
DS.d205.s0.i1 -1 -0.0443006158952
DS.d205.s0.i2 -1 -0.229321603869
DS.d216.s0.i0 -1 0.817306900997
DS.d216.s0.i1 1.0 0.779196682609
DS.d216.s1.i0 1.0 0.25191405995
DS.d216.s2.i0 1.0 -0.701856993986
DS.d216.s3.i0 1.0 1.4116263416
DS.d216.s3.i1 1.0 1.69828695248
DS.d234.s0.i0 1.0 1.243988069
DS.d239.s0.i0 1.0 1.03814956113
DS.d239.s0.i1 1.0 1.36896678958
DS.d239.s1.i0 1.0 0.246873307247
DS.d239.s2.i0 1.0 0.323458771247
DS.d239.s2.i1 1.0 0.453540875002
DS.d239.s2.i2 1.0 0.967868396162
DS.d241.s0.i0 1.0 0.439891149551
DS.d241.s1.i0 1.0 0.147048813716
DS.d253.s0.i0 -1 1.11536824363
DS.d253.s1.i0 1.0 0.928636519996
DS.d253.s1.i1 1.0 0.766720029114
DS.d253.s1.i2 -1 0.144039581225
DS.d253.s1.i3 1.0 0.825231143907
DS.d253.s1.i4 -1 0.0169695348121
DS.d253.s1.i5 1.0 0.949182923085
DS.d253.s1.i6 -1 0.165047067531
DS.d253.s1.i7 -1 -0.0862515071548
DS.d253.s2.i0 1.0 1.16600964908
DS.d259.s0.i0 -1 -1.07124270592
DS.d288.s0.i0 -1 -0.605597383801
DS.d288.s0.i1 -1 -0.700330662105
DS.d288.s0.i2 -1 -0.755578153454
DS.d288.s0.i3 -1 -1.08053504564
DS.d288.s0.i4 -1 -0.570513714026
DS.d288.s0.i5 -1 -0.675056516067
DS.d288.s0.i6 -1 -0.438101432517
DS.d288.s0.i7 -1 -0.563600840406
DS.d288.s0.i8 -1 -0.849910119139
DS.d288.s1.i0 -1 0.0669612932055
DS.d288.s1.i1 1.0 1.2752195728
DS.d288.s1.i2 1.0 1.13015409225
DS.d288.s1.i3 -1 -0.501964556408
DS.d293.s0.i0 1.0 1.62060558203
DS.d293.s0.i1 1.0 1.73662460579
DS.d317.s0.i0 1.0 0.779709055055
DS.d317.s0.i1 1.0 0.82579131278
DS.d317.s0.i2 1.0 0.924582607771
DS.d317.s0.i3 1.0 0.967482041947
DS.d317.s0.i4 1.0 0.691401225325
DS.d317.s0.i5 1.0 0.737631657536
DS.d317.s0.i6 1.0 0.66195036671
DS.d317.s0.i7 1.0 0.90995851844
DS.d317.s0.i8 1.0 0.607284391529
DS.d317.s0.i9 1.0 0.530678532491
DS.d317.s0.i10 1.0 0.615724074386
DS.d317.s0.i11 1.0 0.880520937271
DS.d325.s0.i0 1.0 1.42819577842
DS.d325.s0.i1 1.0 0.683150828757
DS.d334.s0.i0 1.0 0.460656357936
DS.d334.s1.i0 -1 0.309978400114
DS.d356.s0.i0 -1 0.318772116971
DS.d357.s0.i1 1.0 0.890577356456
DS.d365.s0.i0 -1 0.906841062221
DS.d365.s0.i1 1.0 -0.0483972784347
DS.d365.s1.i0 -1 0.382415267873
DS.d365.s1.i1 -1 0.704880537566
DS.d365.s1.i2 -1 0.635279589635
DS.d366.s0.i0 1.0 -0.460113963399
DS.d366.s0.i1 1.0 0.98306564798
DS.d370.s0.i0 1.0 -0.765956468081
DS.d375.s0.i0 1.0 1.21269091347
DS.d375.s0.i1 1.0 0.942700316399
DS.d375.s0.i2 1.0 1.37185982148
DS.d375.s1.i0 1.0 0.835367837435
DS.d375.s2.i0 1.0 1.59090885948
DS.d375.s3.i0 1.0 1.0452118884
DS.d375.s3.i1 1.0 -0.094008514839
DS.d375.s3.i2 1.0 -0.094008514839
DS.d375.s3.i3 1.0 1.0452118884
DS.d375.s4.i0 1.0 1.75241252035
DS.d375.s4.i1 1.0 1.12021291168
DS.d375.s5.i0 1.0 1.50539015502
DS.d375.s5.i1 -1 1.16385069251
DS.d375.s5.i2 1.0 0.581520915995
DS.d375.s5.i3 1.0 0.981025153424
DS.d380.s0.i0 -1 -1.09087296407
DS.d380.s0.i3 -1 -0.838944123292
DS.d380.s0.i4 -1 -0.992102891975
DS.d380.s0.i6 -1 -1.14288681843
DS.d380.s0.i9 -1 -0.671709232234
DS.d380.s1.i1 -1 0.134750074368
DS.d380.s1.i3 -1 0.0238846904922
DS.d380.s1.i4 -1 0.0841144897024
DS.d380.s1.i5 -1 -0.211979952283
DS.d380.s1.i6 -1 -0.0841011320564
DS.d380.s1.i8 -1 -0.263324682096
DS.d380.s2.i0 1.0 0.49856401622
DS.d380.s2.i2 1.0 0.605194376641
DS.d380.s2.i5 1.0 0.713448985087
DS.d437.s0.i0 -1 -0.275987560108
DS.d437.s0.i1 -1 0.486809797119
DS.d437.s0.i2 1.0 1.09774403802
DS.d445.s0.i0 1.0 0.903125904638
DS.d461.s0.i0 -1 -1.07100275321
DS.d461.s0.i1 -1 -1.09536254815
DS.d461.s0.i2 -1 -0.566018958109
DS.d461.s0.i3 -1 -0.390616140142
DS.d464.s0.i0 1.0 -0.492447911524
DS.d464.s0.i1 1.0 -0.46780320422
DS.d464.s1.i0 1.0 0.694391971294
DS.d465.s0.i0 1.0 0.174189897756
DS.d465.s0.i1 1.0 -0.383510420304
DS.d465.s0.i2 1.0 -0.0660579833424
DS.d481.s0.i0 1.0 0.174704001413
DS.d481.s0.i1 1.0 0.363649756434
DS.d492.s0.i0 1.0 0.73228725012
DS.d492.s0.i1 -1 0.127581631778
DS.d492.s1.i0 1.0 -0.220460432763
DS.d492.s1.i1 1.0 0.933318890089
DS.d492.s1.i2 1.0 1.30892912923
DS.d492.s2.i0 1.0 0.487357078725
DS.d492.s3.i0 1.0 -0.0936291776844
DS.d493.s1.i0 1.0 1.36017747533
DS.d494.s0.i0 1.0 1.45721362256
DS.d494.s0.i1 1.0 1.56916478658
DS.d510.s0.i0 1.0 1.51988471592
DS.d510.s0.i1 1.0 1.62552012752
DS.d510.s1.i0 1.0 1.08394431241
DS.d510.s2.i0 1.0 1.24498638303
DS.d512.s0.i0 -1 0.147399915109
DS.d512.s0.i1 -1 -0.591913085762
DS.d512.s1.i0 -1 -0.789892528839
DS.d512.s2.i0 1.0 0.863236239216
DS.d512.s2.i1 1.0 0.906071287856
DS.d525.s0.i0 1.0 -0.387700920573
DS.d525.s0.i1 1.0 -0.0910428087447
DS.d552.s0.i0 1.0 -0.23725576174
DS.d552.s0.i1 1.0 -0.0952320105441
DS.d552.s0.i2 1.0 0.73342336519
DS.d552.s0.i3 1.0 0.172658275378
DS.d555.s0.i0 1.0 0.473418666504
DS.d555.s1.i0 -1 0.602012824834
DS.d565.s0.i0 1.0 0.655628851656
DS.d575.s0.i0 1.0 2.1054534805
DS.d575.s1.i0 1.0 0.190498534566
DS.d575.s1.i1 1.0 1.68951969606
DS.d575.s2.i0 -1 0.733678840882
DS.d576.s0.i0 -1 0.0490143161507
DS.d576.s0.i1 1.0 0.436921151307
DS.d576.s0.i2 -1 0.72151887587
DS.d576.s1.i1 1.0 1.37986147019
DS.d576.s2.i0 1.0 1.04821965022
DS.d576.s2.i1 1.0 1.0527358487
DS.d582.s0.i0 1.0 -0.486894855749
DS.d584.s0.i0 1.0 0.822655012284
DS.d586.s0.i0 1.0 0.281235336086
DS.d587.s0.i0 1.0 0.348228427861
DS.d588.s0.i0 1.0 1.42508338682
DS.d615.s0.i0 1.0 0.307521125992
DS.d617.s0.i0 1.0 0.695578043285
DS.d617.s1.i0 -1 -1.11506120157
DS.d617.s1.i1 -1 0.423116681199
DS.d617.s1.i2 -1 -1.64579099343
DS.d617.s1.i3 -1 -1.1256971537
DS.d617.s1.i4 -1 -0.14664493678
DS.d617.s1.i5 -1 -0.601073372926
DS.d617.s1.i6 -1 -0.488435063537
DS.d617.s1.i7 -1 -1.13907259378
DS.d617.s1.i8 -1 -1.71282470124
DS.d617.s1.i9 -1 -0.790684358025
DS.d624.s0.i0 1.0 0.556936948751
DS.d624.s0.i1 1.0 1.05709539095
DS.d624.s0.i2 1.0 0.510307217939
DS.d624.s0.i3 1.0 0.586578698777
DS.d624.s1.i0 1.0 -0.0553755978585
DS.d624.s1.i2 -1 0.330014025075
DS.d624.s1.i4 -1 -0.0516814544802
DS.d624.s1.i5 1.0 0.865094481256
DS.d624.s1.i6 -1 -0.213963380346
DS.d624.s1.i7 -1 0.495455038022
DS.d624.s2.i1 1.0 0.630352849101
DS.d624.s2.i2 1.0 0.000613664509503
DS.d624.s3.i0 1.0 0.738751166627
DS.d624.s3.i1 1.0 0.672533934768
DS.d624.s3.i2 -1 0.182315995545
DS.d624.s3.i3 1.0 1.64055773465
DS.d624.s4.i0 1.0 0.921309855265
DS.d624.s4.i1 1.0 0.823681906953
DS.d624.s4.i2 1.0 0.860052772367
DS.d642.s0.i0 -1 0.795964698117
DS.d645.s0.i0 1.0 0.979440175232
DS.d651.s0.i0 -1 -1.09674784914
DS.d666.s0.i0 1.0 0.495994653242
DS.d666.s0.i1 1.0 0.77010571076
DS.d666.s0.i2 1.0 0.428453911026
DS.d690.s0.i0 1.0 1.41326065874
DS.d690.s1.i0 1.0 2.18872006667
DS.d690.s2.i0 1.0 0.0407172787263
DS.d690.s3.i0 1.0 1.53875979615
DS.d690.s4.i0 -1 -0.274602063362
DS.d690.s5.i0 1.0 1.40466380977
DS.d690.s5.i1 1.0 1.33542883232
DS.d690.s5.i2 1.0 1.85035767075
DS.d690.s5.i3 1.0 1.42437716085
DS.d690.s6.i0 -1 0.251222328474
DS.d705.s0.i0 1.0 0.551470069555
DS.d706.s0.i0 1.0 -0.464428868069
DS.d707.s0.i0 1.0 -0.0843066848191
DS.d707.s0.i1 1.0 0.120311691718
DS.d707.s1.i0 1.0 0.0413085069927
DS.d708.s0.i0 -1 -0.817777229057
DS.d717.s0.i0 -1 0.98356232864
DS.d725.s0.i0 1.0 0.625279450175
DS.d725.s1.i0 1.0 0.587928480623
DS.d725.s1.i1 1.0 0.587928480623
DS.d725.s1.i2 1.0 0.219500867508
DS.d741.s0.i0 1.0 1.24712040034
DS.d743.s0.i0 1.0 1.63024163119
DS.d756.s0.i0 1.0 0.833003376904
DS.d756.s0.i1 1.0 0.536848060128
DS.d762.s0.i0 1.0 0.521519371809
DS.d762.s0.i1 1.0 0.640366893895
DS.d762.s1.i0 1.0 0.858190805653
DS.d762.s2.i0 1.0 -0.717840206291
DS.d762.s2.i1 1.0 -0.420436473282
DS.d762.s3.i1 1.0 0.539394420933
DS.d762.s3.i2 1.0 0.481619494338
DS.d762.s3.i3 -1 -1.07352855569
DS.d762.s3.i7 -1 -1.28322942414
DS.d762.s4.i0 1.0 0.072476661968
DS.d762.s4.i1 1.0 0.115857210424
DS.d762.s4.i2 1.0 -0.0810811471099
DS.d762.s4.i3 1.0 0.201957268574
DS.d786.s0.i0 1.0 1.48776075129
DS.d786.s1.i0 1.0 1.25420799374
DS.d789.s0.i0 1.0 0.0950006419133
DS.d789.s0.i1 1.0 0.0950006419133
DS.d810.s0.i0 1.0 0.398834313656
DS.d810.s0.i1 1.0 -0.274844125775
DS.d810.s0.i2 1.0 -0.395675145841
DS.d810.s0.i3 1.0 -0.471140825573
DS.d810.s0.i4 1.0 -0.199584681717
DS.d810.s0.i5 1.0 -0.444543384823
DS.d810.s1.i0 -1 0.643033351577
DS.d810.s1.i1 1.0 0.931614545632
DS.d810.s1.i2 1.0 0.444317980104
DS.d810.s1.i3 1.0 0.220604626903
DS.d810.s2.i0 1.0 1.83030787656
DS.d810.s2.i1 1.0 1.23737218272
DS.d810.s3.i0 1.0 0.794404430838
