DS.d8.s0.i0 1.0 1.47755093857
DS.d33.s0.i0 1.0 1.47775943195
DS.d33.s0.i1 1.0 0.284063991047
DS.d41.s0.i0 1.0 -0.00606527623839
DS.d41.s0.i1 1.0 -0.373682502434
DS.d55.s0.i0 1.0 0.827268690493
DS.d62.s0.i0 -1 0.578027841937
DS.d97.s0.i0 1.0 0.88092435618
DS.d100.s0.i0 1.0 0.917446557019
DS.d100.s1.i0 1.0 0.72611876342
DS.d100.s1.i1 1.0 0.669253721148
DS.d104.s0.i0 -1 1.15340719362
DS.d109.s0.i0 1.0 -0.525755734415
DS.d109.s0.i1 1.0 -0.607620444086
DS.d109.s0.i2 -1 -0.210867094492
DS.d109.s0.i3 1.0 -0.266561957329
DS.d109.s0.i4 -1 -0.328092693019
DS.d109.s0.i5 -1 -0.0874598132731
DS.d147.s0.i0 -1 -1.36287888234
DS.d147.s0.i1 -1 -0.0165050836294
DS.d147.s0.i2 -1 -1.43381424608
DS.d147.s0.i3 -1 -0.104735844427
DS.d187.s0.i0 1.0 0.242687751272
DS.d194.s0.i0 1.0 -0.151499027024
DS.d194.s0.i1 1.0 -0.20546677703
DS.d204.s0.i0 1.0 1.5040004986
DS.d204.s0.i1 1.0 0.647039090396
DS.d213.s0.i0 -1 1.50814523924
DS.d213.s1.i0 1.0 0.84155248826
DS.d225.s0.i0 1.0 1.23001248917
DS.d225.s1.i0 1.0 0.436752054476
DS.d232.s0.i0 1.0 0.343067204135
DS.d232.s0.i1 1.0 -0.0863988370415
DS.d232.s0.i2 1.0 0.400588489003
DS.d232.s0.i3 1.0 -0.022560279475
DS.d232.s0.i4 1.0 0.155422676014
DS.d232.s0.i5 1.0 0.229579675462
DS.d232.s1.i0 1.0 1.22785907102
DS.d232.s1.i1 1.0 1.07919344617
DS.d232.s1.i2 1.0 1.32684396255
DS.d232.s1.i3 1.0 1.26285135043
DS.d232.s2.i0 -1 -1.2631638867
DS.d233.s0.i0 1.0 0.292561787336
DS.d239.s0.i0 1.0 0.765529818365
DS.d239.s0.i1 1.0 1.40858660516
DS.d239.s1.i0 1.0 0.355883705864
DS.d239.s2.i0 1.0 0.590222560407
DS.d239.s2.i1 1.0 0.779420326178
DS.d239.s2.i2 1.0 0.725943850908
DS.d251.s0.i0 1.0 -0.469293094253
DS.d251.s0.i1 1.0 -0.404040591043
DS.d251.s0.i2 1.0 0.168287253779
DS.d251.s0.i3 1.0 0.60574429519
DS.d251.s0.i4 1.0 -0.479669264426
DS.d251.s0.i5 1.0 -0.368794177913
DS.d251.s0.i6 1.0 0.185384164697
DS.d251.s0.i7 1.0 -0.832483343705
DS.d251.s0.i8 1.0 -0.429819166974
DS.d261.s0.i0 1.0 0.910933522262
DS.d266.s0.i0 1.0 0.158789598421
DS.d281.s0.i0 1.0 0.29940317494
DS.d281.s1.i0 1.0 -0.323282055876
DS.d281.s1.i1 1.0 -0.33530833321
DS.d293.s0.i0 1.0 0.649268967141
DS.d293.s0.i1 1.0 1.26215045666
DS.d294.s0.i0 1.0 0.608368952155
DS.d294.s0.i1 1.0 0.606933150473
DS.d294.s0.i2 1.0 1.11258922021
DS.d299.s0.i0 -1 1.27307668824
DS.d299.s0.i1 -1 1.27503016703
DS.d306.s0.i0 1.0 1.64277062469
DS.d306.s0.i1 -1 0.000535438539699
DS.d306.s1.i0 1.0 1.58993658247
DS.d306.s1.i1 1.0 1.41311458049
DS.d306.s1.i2 1.0 1.13702898241
DS.d306.s1.i3 1.0 1.21806849681
DS.d306.s1.i4 1.0 1.74242477544
DS.d306.s1.i5 1.0 1.33731354341
DS.d306.s2.i0 -1 -0.316008910617
DS.d306.s3.i0 1.0 -0.165194335582
DS.d306.s4.i0 1.0 -0.697791059125
DS.d306.s4.i1 1.0 -0.490288012866
DS.d316.s0.i0 1.0 0.0239445256364
DS.d316.s0.i1 1.0 -0.0862399969877
DS.d316.s1.i0 1.0 -0.118394725265
DS.d316.s1.i1 1.0 0.0233442721446
DS.d316.s2.i0 1.0 0.142888389272
DS.d316.s2.i1 1.0 0.142888389272
DS.d318.s0.i0 1.0 0.470806131052
DS.d318.s0.i1 1.0 0.385749916206
DS.d320.s0.i0 -1 0.736635969023
DS.d320.s0.i1 1.0 1.17181571641
DS.d322.s0.i0 1.0 1.03430937875
DS.d322.s1.i0 -1 0.486166087132
DS.d322.s1.i1 -1 0.541138505862
DS.d330.s0.i0 1.0 0.396839313565
DS.d330.s0.i1 1.0 0.396839313565
DS.d333.s0.i0 1.0 0.150945492497
DS.d364.s0.i0 -1 0.00565181958888
DS.d364.s0.i1 -1 -0.167425148107
DS.d364.s1.i0 1.0 0.430584893053
DS.d364.s2.i0 1.0 0.185145982894
DS.d369.s0.i0 1.0 -1.28323530574
DS.d369.s1.i0 1.0 0.30819295126
DS.d371.s0.i0 1.0 0.809974873931
DS.d371.s0.i1 1.0 0.493270264388
DS.d371.s0.i2 1.0 0.856041169223
DS.d371.s0.i3 1.0 0.466194264929
DS.d397.s0.i0 -1 -0.695749513404
DS.d397.s0.i1 -1 0.338314945591
DS.d397.s0.i2 1.0 0.507176508466
DS.d401.s0.i0 1.0 -0.170052881338
DS.d401.s0.i1 1.0 0.450214441523
DS.d403.s0.i0 -1 -0.00208933469473
DS.d416.s0.i0 1.0 0.203571500766
DS.d418.s0.i0 1.0 0.840922270923
DS.d418.s0.i1 1.0 0.574601713926
DS.d421.s0.i0 -1 0.0657496616346
DS.d421.s1.i0 1.0 0.893726530752
DS.d430.s0.i0 1.0 1.25944892494
DS.d430.s0.i1 1.0 1.31869089803
DS.d430.s0.i2 1.0 1.40614756053
DS.d430.s0.i3 1.0 1.22793284975
DS.d437.s0.i0 -1 -0.233695528571
DS.d437.s0.i1 -1 0.162304607927
DS.d437.s0.i2 1.0 1.9177499648
DS.d445.s0.i0 1.0 1.20149175184
DS.d478.s0.i0 1.0 1.28820342954
DS.d488.s0.i0 -1 0.820228213435
DS.d488.s0.i1 -1 0.175300709435
DS.d488.s0.i2 1.0 0.112675910021
DS.d488.s0.i3 -1 -0.0394554275061
DS.d488.s0.i4 -1 0.339735662553
DS.d488.s0.i5 1.0 0.225569339614
DS.d488.s0.i6 -1 0.485384905285
DS.d488.s0.i7 -1 0.628334307828
DS.d488.s0.i8 -1 -0.0253877808837
DS.d488.s0.i9 1.0 0.596273835116
DS.d488.s0.i10 -1 0.623120787667
DS.d488.s0.i11 -1 -0.34536314558
DS.d488.s0.i12 -1 -0.377147180331
DS.d488.s0.i13 -1 -1.01780363132
DS.d488.s0.i14 -1 -0.0561847337528
DS.d494.s0.i0 1.0 1.1711384898
DS.d494.s0.i1 1.0 1.04118119722
DS.d496.s0.i0 -1 -0.892607685696
DS.d496.s0.i1 -1 -1.12632896675
DS.d496.s1.i0 1.0 0.0171600882897
DS.d519.s0.i0 1.0 -0.302978175469
DS.d519.s0.i1 1.0 0.120018954874
DS.d519.s0.i2 1.0 -0.255034791619
DS.d519.s0.i3 1.0 0.0945405119971
DS.d519.s1.i0 1.0 1.40366170455
DS.d519.s2.i0 1.0 -0.0409342926706
DS.d519.s2.i1 -1 -0.390587974755
DS.d530.s0.i0 -1 0.241463522918
DS.d532.s0.i0 -1 0.335151797399
DS.d543.s0.i0 1.0 0.0956444745696
DS.d543.s0.i1 1.0 0.00426907698821
DS.d543.s0.i2 -1 -1.96247142453
DS.d565.s0.i0 1.0 0.502919223713
DS.d578.s0.i0 1.0 0.29850209353
DS.d578.s0.i1 1.0 0.460365474225
DS.d578.s0.i2 1.0 0.463997427647
DS.d585.s0.i0 -1 -0.638279105027
DS.d585.s0.i1 -1 -0.344561560177
DS.d585.s0.i2 -1 -0.557977330835
DS.d594.s0.i0 1.0 -0.221005574998
DS.d594.s0.i1 1.0 -0.173440608085
DS.d594.s0.i2 1.0 -0.274678435253
DS.d596.s0.i0 1.0 1.11079100669
DS.d596.s0.i1 1.0 1.90038646032
DS.d599.s0.i0 1.0 -0.32082236079
DS.d599.s1.i0 -1 -0.553515282882
DS.d601.s0.i0 1.0 0.380171906121
DS.d607.s0.i0 1.0 0.175815508008
DS.d607.s0.i1 1.0 0.379561892119
DS.d607.s0.i2 -1 0.475998149065
DS.d610.s0.i0 1.0 0.462347904562
DS.d611.s0.i0 1.0 1.6000503627
DS.d623.s0.i0 1.0 0.730900921839
DS.d623.s0.i1 1.0 0.825886716031
DS.d623.s1.i0 1.0 0.894448679865
DS.d623.s1.i1 1.0 0.705865547678
DS.d623.s2.i0 1.0 0.872965266663
DS.d623.s2.i1 1.0 0.774573692625
DS.d623.s2.i2 1.0 0.836865585654
DS.d623.s2.i3 1.0 0.83520451358
DS.d623.s3.i0 1.0 0.960732592217
DS.d623.s3.i1 1.0 -0.0569770014863
DS.d623.s4.i0 1.0 0.899106682289
DS.d623.s4.i1 1.0 1.17419101059
DS.d623.s4.i2 -1 0.378014954236
DS.d623.s4.i3 -1 -0.0705249120145
DS.d636.s0.i0 -1 -0.574464618121
DS.d636.s0.i1 1.0 -0.468166652156
DS.d648.s0.i0 1.0 -0.139862953775
DS.d648.s0.i1 1.0 0.0142255774694
DS.d648.s0.i2 1.0 -0.481455170753
DS.d650.s0.i0 1.0 1.48255280136
DS.d650.s1.i0 1.0 1.0113724174
DS.d650.s1.i1 1.0 1.10706357423
DS.d650.s2.i0 1.0 1.86349629005
DS.d650.s2.i1 1.0 2.48561313532
DS.d650.s3.i0 1.0 1.10963449958
DS.d650.s3.i1 1.0 1.16868701589
DS.d652.s0.i0 1.0 1.55404350688
DS.d652.s0.i1 -1 0.406947001898
DS.d652.s1.i0 1.0 0.479659416894
DS.d652.s1.i1 -1 -1.00637200452
DS.d652.s1.i2 -1 -0.952084103895
DS.d652.s1.i3 1.0 0.395036327138
DS.d652.s1.i4 -1 -1.0571547835
DS.d652.s1.i5 -1 -1.00278261089
DS.d652.s1.i6 1.0 0.111748824391
DS.d652.s1.i7 1.0 0.285591807231
DS.d652.s2.i0 -1 -1.22846890825
DS.d652.s2.i1 -1 -1.07124646227
DS.d656.s0.i0 -1 -0.598196212508
DS.d656.s0.i1 -1 -0.300620891379
DS.d656.s0.i2 -1 -0.35120251586
DS.d671.s0.i0 1.0 2.37110300695
DS.d671.s0.i1 1.0 1.47329287268
DS.d671.s0.i2 1.0 1.66009899083
DS.d677.s0.i0 -1 0.0314614764849
DS.d677.s0.i1 -1 0.154029355136
DS.d677.s0.i2 1.0 -0.965331983918
DS.d677.s0.i3 -1 -0.178193710859
DS.d693.s0.i0 -1 -1.08789671906
DS.d693.s0.i1 -1 -1.53063716687
DS.d693.s0.i2 -1 -1.39091903816
DS.d693.s0.i3 -1 -1.55441695454
DS.d707.s0.i0 1.0 0.0959403425238
DS.d707.s0.i1 1.0 -0.0260758738939
DS.d707.s1.i0 1.0 0.0342726272966
DS.d724.s0.i0 1.0 2.03079863146
DS.d724.s0.i1 1.0 1.07692919099
DS.d724.s0.i2 1.0 -0.232289091917
DS.d741.s0.i0 1.0 1.47404203218
DS.d749.s0.i0 1.0 -0.491188099685
DS.d749.s0.i1 1.0 -1.30866735638
DS.d749.s1.i0 1.0 0.297107411093
DS.d749.s1.i1 1.0 0.18714899854
DS.d749.s2.i0 1.0 -0.585358143844
DS.d749.s2.i1 1.0 0.313990851412
DS.d749.s2.i2 1.0 0.448785638429
DS.d749.s3.i0 -1 0.54567873286
DS.d760.s0.i0 -1 -0.201585410009
DS.d760.s1.i0 1.0 -0.122498763809
DS.d772.s0.i0 -1 0.619278727591
DS.d772.s0.i1 -1 0.612349910926
DS.d776.s0.i0 1.0 0.317153979496
DS.d776.s0.i1 1.0 0.317153979496
DS.d797.s0.i0 1.0 -0.208703005853
DS.d797.s1.i0 1.0 -0.155176706038
DS.d797.s1.i1 1.0 0.200154664613
DS.d797.s1.i2 1.0 -0.0102453190104
DS.d814.s0.i0 -1 0.197784951361
DS.d814.s0.i1 -1 0.315110765868
DS.d814.s0.i2 -1 0.141014382183
DS.d814.s1.i0 -1 -1.58207417273
DS.d814.s1.i1 -1 -1.39616343922
DS.d818.s0.i0 1.0 -0.122004853148
DS.d818.s0.i1 1.0 -0.122004853148
DS.d818.s0.i2 1.0 -0.14829351233
DS.d818.s0.i3 1.0 -0.333187431747
DS.d818.s1.i0 1.0 0.410013168371
DS.d818.s1.i1 1.0 1.30109873078
DS.d818.s1.i2 1.0 0.410013168371
DS.d818.s1.i3 1.0 0.410013168371
DS.d818.s1.i4 1.0 1.30109873078
DS.d818.s1.i5 1.0 1.30109873078
DS.d818.s2.i0 1.0 1.44118839766
DS.d818.s2.i1 1.0 1.22197793208
DS.d818.s2.i2 1.0 1.22197793208
DS.d818.s2.i3 1.0 1.44118839766
DS.d818.s2.i4 1.0 1.44118839766
DS.d818.s2.i5 1.0 1.22197793208
DS.d818.s3.i0 1.0 1.19623169809
DS.d818.s3.i1 1.0 1.19623169809
DS.d818.s3.i2 1.0 1.19623169809
DS.d819.s0.i0 -1 1.17764080768
DS.d819.s0.i1 -1 0.503605931024
DS.d820.s0.i0 -1 -0.421778620102
DS.d820.s0.i1 -1 -0.83012441242
DS.d820.s0.i2 -1 1.25410604805
DS.d820.s1.i0 1.0 1.19591595836
DS.d820.s2.i0 -1 -0.387245379429
DS.d820.s2.i1 -1 -1.61422616371
DS.d820.s3.i0 -1 -0.416423205251
