DS.d145.s0.i0 1.000000 0.519185
DS.d145.s1.i0 1.000000 0.997973
DS.d232.s2.i0 -1.000000 -0.412466
DS.d232.s1.i0 1.000000 0.420041
DS.d232.s1.i1 1.000000 0.478923
DS.d232.s1.i2 1.000000 0.469206
DS.d232.s1.i3 1.000000 0.495268
DS.d232.s0.i3 1.000000 0.412668
DS.d232.s0.i2 1.000000 0.388464
DS.d232.s0.i1 1.000000 0.513587
DS.d232.s0.i0 1.000000 0.369097
DS.d232.s0.i5 1.000000 0.518633
DS.d232.s0.i4 1.000000 0.531869
DS.d147.s0.i0 -1.000000 -0.041277
DS.d147.s0.i1 -1.000000 0.409650
DS.d147.s0.i2 -1.000000 0.027354
DS.d147.s0.i3 -1.000000 0.412378
DS.d313.s5.i0 1.000000 0.434282
DS.d313.s4.i0 1.000000 0.298985
DS.d313.s1.i0 1.000000 0.003234
DS.d313.s1.i1 1.000000 -0.027764
DS.d313.s0.i0 1.000000 0.933515
DS.d313.s3.i0 1.000000 0.746497
DS.d313.s2.i0 1.000000 1.284448
DS.d314.s0.i0 1.000000 0.405233
DS.d314.s0.i1 -1.000000 0.033279
DS.d419.s0.i0 -1.000000 0.322955
DS.d316.s2.i0 1.000000 0.544025
DS.d316.s2.i1 1.000000 0.544025
DS.d316.s0.i0 1.000000 0.422546
DS.d316.s0.i1 1.000000 0.351179
DS.d316.s1.i1 1.000000 -0.121635
DS.d316.s1.i0 1.000000 -0.031491
DS.d142.s0.i1 1.000000 0.171571
DS.d142.s0.i0 1.000000 0.291543
DS.d215.s0.i2 -1.000000 -0.148806
DS.d215.s0.i3 -1.000000 -0.082469
DS.d215.s0.i0 -1.000000 -0.220165
DS.d215.s0.i1 -1.000000 -0.212278
DS.d215.s1.i0 -1.000000 -0.454021
DS.d718.s0.i0 -1.000000 -0.250285
DS.d718.s0.i1 -1.000000 0.090063
DS.d718.s1.i19 -1.000000 -1.258493
DS.d718.s1.i18 -1.000000 -1.272839
DS.d718.s1.i11 -1.000000 -1.212135
DS.d718.s1.i10 -1.000000 -1.225988
DS.d718.s1.i13 -1.000000 -1.267868
DS.d718.s1.i12 -1.000000 -1.259727
DS.d718.s1.i15 -1.000000 -1.467270
DS.d718.s1.i14 -1.000000 -1.313071
DS.d718.s1.i17 -1.000000 -1.250801
DS.d718.s1.i16 -1.000000 -1.282114
DS.d718.s1.i1 -1.000000 -1.155683
DS.d718.s1.i0 -1.000000 -1.254050
DS.d718.s1.i3 -1.000000 -1.533612
DS.d718.s1.i2 -1.000000 -1.217654
DS.d718.s1.i5 -1.000000 -1.316896
DS.d718.s1.i4 -1.000000 -1.465969
DS.d718.s1.i7 -1.000000 -1.389395
DS.d718.s1.i6 -1.000000 -1.293078
DS.d718.s1.i9 -1.000000 -1.103763
DS.d718.s1.i8 -1.000000 -1.263742
DS.d718.s2.i0 1.000000 -0.774415
DS.d718.s2.i1 1.000000 -0.264985
DS.d718.s2.i2 1.000000 -0.704924
DS.d718.s2.i3 1.000000 -0.775644
DS.d590.s0.i0 1.000000 0.322780
DS.d133.s1.i0 1.000000 0.497598
DS.d133.s0.i0 1.000000 0.232823
DS.d133.s3.i0 1.000000 0.649650
DS.d133.s2.i0 1.000000 0.617667
DS.d337.s0.i1 1.000000 0.623858
DS.d337.s0.i0 1.000000 0.624862
DS.d335.s0.i0 1.000000 0.712934
DS.d773.s0.i1 -1.000000 -0.089603
DS.d773.s0.i0 -1.000000 -0.103530
DS.d168.s0.i0 1.000000 0.928973
DS.d105.s0.i0 -1.000000 0.125762
DS.d105.s0.i1 -1.000000 0.125762
DS.d121.s2.i0 1.000000 0.672715
DS.d121.s0.i0 1.000000 1.400401
DS.d121.s0.i1 -1.000000 -0.030105
DS.d121.s1.i3 1.000000 -0.133258
DS.d121.s1.i2 -1.000000 0.088583
DS.d121.s1.i1 1.000000 -0.100345
DS.d121.s1.i0 -1.000000 0.083936
DS.d515.s1.i0 -1.000000 0.715147
DS.d515.s1.i1 -1.000000 0.611161
DS.d515.s0.i1 -1.000000 0.287540
DS.d515.s0.i0 -1.000000 0.263469
DS.d355.s0.i0 -1.000000 -0.316264
DS.d275.s0.i0 1.000000 0.168016
DS.d275.s0.i1 -1.000000 0.072828
DS.d790.s0.i0 -1.000000 -0.302619
DS.d790.s0.i1 -1.000000 -0.174033
DS.d166.s0.i0 1.000000 0.334572
DS.d353.s0.i1 1.000000 0.884714
DS.d353.s0.i0 1.000000 1.012777
DS.d611.s0.i0 1.000000 1.174416
DS.d715.s0.i0 1.000000 0.607277
DS.d453.s0.i0 1.000000 0.371436
DS.d612.s0.i1 -1.000000 0.291998
DS.d612.s0.i0 1.000000 0.187769
DS.d571.s0.i0 -1.000000 -0.592305
DS.d457.s0.i0 1.000000 1.229143
DS.d457.s1.i1 1.000000 0.779926
DS.d457.s1.i0 1.000000 0.705294
DS.d457.s1.i3 1.000000 0.646801
DS.d457.s1.i2 1.000000 0.733158
DS.d616.s1.i0 1.000000 -0.271401
DS.d616.s1.i1 1.000000 -0.312605
DS.d616.s0.i1 -1.000000 -0.592006
DS.d616.s0.i0 1.000000 -0.495614
DS.d616.s0.i3 1.000000 -0.402121
DS.d616.s0.i2 1.000000 -0.503754
DS.d616.s0.i5 1.000000 -0.492964
DS.d616.s0.i4 1.000000 -0.501465
DS.d616.s0.i7 1.000000 -0.529337
DS.d616.s0.i6 1.000000 -0.545345
DS.d616.s0.i9 -1.000000 -0.632633
DS.d616.s0.i8 1.000000 -0.475058
DS.d616.s0.i19 1.000000 -0.517208
DS.d616.s0.i18 1.000000 -0.434839
DS.d616.s0.i11 1.000000 -0.506679
DS.d616.s0.i10 -1.000000 -0.533802
DS.d616.s0.i13 1.000000 -0.498810
DS.d616.s0.i12 1.000000 -0.443192
DS.d616.s0.i15 1.000000 -0.458943
DS.d616.s0.i14 -1.000000 -0.575826
DS.d616.s0.i17 1.000000 -0.455105
DS.d616.s0.i16 -1.000000 -0.598787
DS.d616.s2.i1 1.000000 0.333937
DS.d616.s2.i0 1.000000 0.167037
DS.d619.s0.i0 1.000000 0.538652
DS.d531.s0.i3 1.000000 0.243765
DS.d531.s0.i2 1.000000 0.084127
DS.d531.s0.i1 1.000000 0.305415
DS.d531.s0.i0 1.000000 0.310790
DS.d531.s0.i4 1.000000 0.310833
DS.d371.s0.i1 1.000000 0.762246
DS.d371.s0.i0 1.000000 0.716849
DS.d371.s0.i3 1.000000 0.739281
DS.d371.s0.i2 1.000000 0.722522
DS.d534.s0.i4 1.000000 0.330306
DS.d534.s0.i5 1.000000 0.311260
DS.d534.s0.i2 1.000000 0.365853
DS.d534.s0.i3 1.000000 0.293912
DS.d534.s0.i0 1.000000 0.331573
DS.d534.s0.i1 1.000000 0.340605
DS.d534.s1.i0 1.000000 0.951694
DS.d534.s2.i0 1.000000 1.096317
DS.d675.s0.i0 1.000000 0.756914
DS.d489.s0.i1 1.000000 0.340285
DS.d489.s0.i0 1.000000 0.472333
DS.d64.s0.i0 -1.000000 -0.298392
DS.d77.s0.i1 -1.000000 0.597854
DS.d77.s0.i0 1.000000 0.626073
DS.d176.s0.i0 1.000000 -0.013665
DS.d176.s0.i1 1.000000 0.009152
DS.d176.s0.i2 1.000000 -0.089981
DS.d670.s0.i1 1.000000 0.728443
DS.d670.s0.i0 1.000000 0.616986
DS.d778.s2.i0 1.000000 1.132621
DS.d778.s2.i1 1.000000 1.234991
DS.d778.s0.i0 1.000000 1.035872
DS.d778.s1.i1 1.000000 1.098153
DS.d778.s1.i0 -1.000000 0.429560
DS.d247.s0.i3 -1.000000 -0.365663
DS.d247.s0.i2 1.000000 -0.157067
DS.d247.s0.i1 1.000000 -0.133336
DS.d247.s0.i0 -1.000000 -0.318478
DS.d247.s0.i7 -1.000000 -0.314271
DS.d247.s0.i6 -1.000000 -0.500103
DS.d247.s0.i5 -1.000000 -0.312236
DS.d247.s0.i4 1.000000 -0.112318
DS.d247.s0.i9 -1.000000 -0.463034
DS.d247.s0.i8 -1.000000 -0.501524
DS.d247.s0.i22 1.000000 -0.194349
DS.d247.s0.i23 -1.000000 -0.368463
DS.d247.s0.i20 1.000000 -0.122105
DS.d247.s0.i21 -1.000000 -0.386418
DS.d247.s0.i13 1.000000 -0.180422
DS.d247.s0.i12 -1.000000 -0.272888
DS.d247.s0.i11 -1.000000 -0.340048
DS.d247.s0.i10 -1.000000 -0.477287
DS.d247.s0.i17 -1.000000 -0.466819
DS.d247.s0.i16 -1.000000 -0.289465
DS.d247.s0.i15 1.000000 -0.144340
DS.d247.s0.i14 -1.000000 -0.445767
DS.d247.s0.i19 -1.000000 -0.420171
DS.d247.s0.i18 1.000000 -0.212891
DS.d150.s0.i0 1.000000 0.936885
DS.d150.s0.i1 1.000000 0.936885
DS.d443.s1.i2 1.000000 1.031285
DS.d443.s1.i0 -1.000000 0.910641
DS.d443.s1.i1 -1.000000 0.588468
DS.d443.s0.i1 1.000000 0.687204
DS.d443.s0.i0 1.000000 0.530593
DS.d443.s2.i2 1.000000 1.080609
DS.d443.s2.i1 1.000000 0.674449
DS.d443.s2.i0 1.000000 0.942974
DS.d242.s0.i2 1.000000 0.673598
DS.d242.s0.i3 1.000000 0.809402
DS.d242.s0.i0 1.000000 0.623188
DS.d242.s0.i1 1.000000 0.856530
DS.d7.s2.i1 -1.000000 1.087883
DS.d7.s2.i0 -1.000000 0.945876
DS.d7.s1.i0 1.000000 0.381083
DS.d7.s1.i1 1.000000 0.739192
DS.d7.s0.i3 1.000000 1.075644
DS.d7.s0.i2 1.000000 1.106072
DS.d7.s0.i1 1.000000 1.141028
DS.d7.s0.i0 1.000000 1.128498
DS.d154.s0.i0 1.000000 -0.102412
DS.d154.s0.i1 1.000000 -0.106220
DS.d304.s0.i0 -1.000000 0.190378
DS.d462.s0.i0 1.000000 0.295103
DS.d462.s0.i1 1.000000 0.298873
DS.d203.s0.i1 1.000000 0.588350
DS.d203.s0.i0 1.000000 0.507487
DS.d672.s0.i9 -1.000000 -0.102686
DS.d672.s0.i8 1.000000 0.188423
DS.d672.s0.i3 -1.000000 -0.129843
DS.d672.s0.i2 1.000000 0.186807
DS.d672.s0.i1 -1.000000 -0.244497
DS.d672.s0.i0 1.000000 0.219712
DS.d672.s0.i7 -1.000000 -0.056808
DS.d672.s0.i6 -1.000000 0.044155
DS.d672.s0.i5 -1.000000 -0.208747
DS.d672.s0.i4 -1.000000 0.068151
DS.d672.s0.i10 -1.000000 -0.042239
DS.d672.s0.i11 -1.000000 -0.228649
DS.d580.s0.i1 1.000000 0.327470
DS.d580.s0.i0 1.000000 0.264254
DS.d19.s0.i1 1.000000 1.066678
DS.d19.s0.i0 1.000000 1.027930
DS.d281.s1.i0 1.000000 0.680688
DS.d281.s1.i1 1.000000 0.629832
DS.d281.s0.i0 1.000000 0.484426
DS.d409.s0.i0 1.000000 0.237126
DS.d119.s0.i1 -1.000000 -0.198110
DS.d119.s0.i0 -1.000000 -0.177503
DS.d119.s0.i2 -1.000000 0.017324
DS.d346.s1.i0 -1.000000 0.535124
DS.d346.s1.i1 -1.000000 0.548609
DS.d346.s0.i0 1.000000 0.452262
DS.d785.s0.i0 1.000000 0.733411
DS.d785.s0.i1 1.000000 0.305665
DS.d509.s0.i2 -1.000000 -0.538150
DS.d509.s0.i0 -1.000000 -0.553471
DS.d509.s0.i1 -1.000000 -0.488342
DS.d261.s0.i0 1.000000 1.010044
DS.d110.s0.i0 1.000000 1.044704
DS.d621.s3.i0 1.000000 0.431732
DS.d621.s2.i1 1.000000 0.798231
DS.d621.s2.i0 -1.000000 0.754019
DS.d621.s1.i0 1.000000 0.751084
DS.d621.s0.i1 1.000000 0.823647
DS.d621.s0.i0 1.000000 0.665998
DS.d621.s4.i1 1.000000 0.040438
DS.d621.s4.i0 -1.000000 -0.284109
DS.d529.s0.i0 1.000000 -0.118854
DS.d673.s0.i0 1.000000 1.153094
DS.d620.s0.i8 -1.000000 -0.379857
DS.d620.s0.i9 -1.000000 -0.801989
DS.d620.s0.i6 -1.000000 -0.839242
DS.d620.s0.i7 -1.000000 -0.777725
DS.d620.s0.i4 -1.000000 -0.811624
DS.d620.s0.i5 -1.000000 -0.399025
DS.d620.s0.i2 -1.000000 -0.772406
DS.d620.s0.i3 -1.000000 -0.806478
DS.d620.s0.i0 -1.000000 -0.417618
DS.d620.s0.i1 -1.000000 -0.794691
DS.d620.s0.i18 -1.000000 -0.406361
DS.d620.s0.i19 -1.000000 -0.820506
DS.d620.s0.i20 -1.000000 -0.829029
DS.d620.s0.i10 -1.000000 -0.385191
DS.d620.s0.i11 -1.000000 -0.817459
DS.d620.s0.i12 -1.000000 -0.805431
DS.d620.s0.i13 -1.000000 -0.427526
DS.d620.s0.i14 -1.000000 -0.843333
DS.d620.s0.i15 -1.000000 -0.766902
DS.d620.s0.i16 -1.000000 -0.780055
DS.d620.s0.i17 -1.000000 -0.421475
DS.d620.s1.i0 -1.000000 0.317569
DS.d558.s0.i0 -1.000000 0.280395
DS.d558.s1.i1 -1.000000 -1.233612
DS.d558.s1.i0 1.000000 -0.970539
DS.d491.s0.i0 1.000000 0.101696
DS.d491.s0.i1 1.000000 0.401585
DS.d491.s1.i0 -1.000000 0.330917
DS.d526.s2.i1 -1.000000 0.395594
DS.d526.s2.i0 -1.000000 0.413229
DS.d526.s1.i0 1.000000 0.110753
DS.d526.s1.i1 1.000000 0.110753
DS.d526.s0.i3 1.000000 -0.062955
DS.d526.s0.i2 1.000000 0.671572
DS.d526.s0.i1 1.000000 0.303460
DS.d526.s0.i0 1.000000 0.936447
DS.d433.s2.i0 1.000000 0.685809
DS.d433.s3.i0 1.000000 0.595659
DS.d433.s0.i0 1.000000 0.705999
DS.d433.s1.i3 1.000000 0.485302
DS.d433.s1.i2 1.000000 0.505605
DS.d433.s1.i1 1.000000 0.509989
DS.d433.s1.i0 1.000000 0.559477
DS.d522.s0.i1 -1.000000 0.058538
DS.d522.s0.i0 -1.000000 0.196454
DS.d381.s0.i4 -1.000000 -0.291083
DS.d381.s0.i5 -1.000000 -0.145634
DS.d381.s0.i0 -1.000000 -0.189142
DS.d381.s0.i1 1.000000 0.410491
DS.d381.s0.i2 1.000000 0.524109
DS.d381.s0.i3 1.000000 0.483392
DS.d381.s1.i0 1.000000 0.188539
DS.d623.s1.i0 1.000000 1.269788
DS.d623.s1.i1 1.000000 1.192643
DS.d623.s0.i1 1.000000 1.372903
DS.d623.s0.i0 1.000000 1.390102
DS.d623.s3.i0 1.000000 0.014315
DS.d623.s3.i1 1.000000 0.609801
DS.d623.s2.i3 1.000000 1.036803
DS.d623.s2.i2 1.000000 0.979149
DS.d623.s2.i1 1.000000 1.107376
DS.d623.s2.i0 1.000000 1.085649
DS.d623.s4.i1 1.000000 0.960437
DS.d623.s4.i0 1.000000 0.428164
DS.d623.s4.i3 -1.000000 0.317073
DS.d623.s4.i2 -1.000000 0.412500
DS.d746.s0.i0 1.000000 1.061350
DS.d667.s0.i0 1.000000 0.346016
DS.d50.s0.i0 1.000000 1.230035
DS.d750.s0.i0 1.000000 1.389829
DS.d506.s0.i1 1.000000 0.451595
DS.d506.s0.i0 1.000000 0.212114
DS.d618.s1.i0 1.000000 0.301519
DS.d618.s0.i1 1.000000 0.600694
DS.d618.s0.i0 1.000000 0.353385
DS.d375.s5.i2 1.000000 0.568572
DS.d375.s5.i3 1.000000 0.542618
DS.d375.s5.i0 1.000000 0.577323
DS.d375.s5.i1 1.000000 0.711804
DS.d375.s4.i1 1.000000 0.819139
DS.d375.s4.i0 1.000000 0.896578
DS.d375.s1.i0 1.000000 0.322696
DS.d375.s0.i1 1.000000 0.924048
DS.d375.s0.i0 1.000000 0.933209
DS.d375.s0.i2 1.000000 1.281350
DS.d375.s3.i0 1.000000 1.243525
DS.d375.s3.i1 1.000000 0.495044
DS.d375.s3.i2 1.000000 0.495044
DS.d375.s3.i3 1.000000 1.243525
DS.d375.s2.i0 1.000000 1.291121
DS.d523.s0.i0 -1.000000 0.527903
DS.d523.s1.i1 1.000000 1.072384
DS.d523.s1.i0 1.000000 0.891391
DS.d545.s0.i0 1.000000 0.318906
DS.d545.s1.i0 1.000000 0.667801
DS.d227.s0.i1 1.000000 0.125630
DS.d227.s0.i0 1.000000 0.125630
