DS.d797.s1.i1 1.000000 0.535885
DS.d797.s0.i0 1.000000 0.763380
DS.d33.s0.i1 1.000000 0.223755
DS.d33.s0.i0 1.000000 0.695466
DS.d374.s0.i0 1.000000 0.892342
DS.d374.s1.i1 1.000000 1.445351
DS.d374.s1.i0 1.000000 1.435889
DS.d141.s0.i0 1.000000 0.639130
DS.d141.s1.i1 1.000000 0.476956
DS.d141.s1.i0 1.000000 0.257789
DS.d141.s2.i0 1.000000 0.007987
DS.d143.s0.i0 1.000000 0.433313
DS.d143.s0.i1 1.000000 0.300340
DS.d143.s0.i2 1.000000 0.452991
DS.d143.s0.i3 -1.000000 0.406751
DS.d3.s1.i0 -1.000000 -0.164330
DS.d3.s1.i1 -1.000000 -0.107929
DS.d3.s0.i2 1.000000 1.303831
DS.d3.s0.i1 1.000000 1.303831
DS.d3.s0.i0 1.000000 0.821536
DS.d319.s0.i1 -1.000000 -0.524154
DS.d319.s0.i0 -1.000000 -0.603371
DS.d217.s0.i0 1.000000 0.595652
DS.d217.s1.i1 -1.000000 0.530338
DS.d217.s1.i0 -1.000000 0.634407
DS.d182.s1.i0 1.000000 -0.033165
DS.d182.s0.i0 -1.000000 -0.782429
DS.d187.s0.i0 1.000000 0.531061
DS.d212.s0.i0 -1.000000 0.109542
DS.d699.s0.i0 1.000000 0.986194
DS.d699.s0.i1 1.000000 0.986194
DS.d699.s1.i1 -1.000000 -0.487041
DS.d699.s1.i0 1.000000 -0.160273
DS.d699.s1.i2 -1.000000 -0.411992
DS.d699.s2.i0 1.000000 -0.600195
DS.d438.s0.i0 1.000000 0.756604
DS.d511.s0.i1 -1.000000 -0.145401
DS.d511.s0.i0 -1.000000 -0.099354
DS.d798.s0.i0 -1.000000 0.385872
DS.d290.s0.i1 -1.000000 -0.917585
DS.d290.s0.i0 -1.000000 -1.036718
DS.d514.s0.i0 1.000000 0.748105
DS.d514.s1.i0 -1.000000 0.306646
DS.d416.s0.i0 1.000000 -0.256776
DS.d82.s0.i0 1.000000 0.625891
DS.d274.s0.i0 1.000000 -0.228048
DS.d299.s0.i0 -1.000000 0.538461
DS.d299.s0.i1 -1.000000 0.559226
DS.d694.s0.i2 -1.000000 0.761838
DS.d694.s0.i1 -1.000000 0.529738
DS.d694.s0.i0 -1.000000 0.744117
DS.d714.s0.i0 -1.000000 -0.216173
DS.d714.s0.i1 -1.000000 -0.443682
DS.d714.s1.i0 -1.000000 0.033283
DS.d714.s2.i0 -1.000000 0.052854
DS.d74.s0.i0 1.000000 0.533589
DS.d716.s0.i0 1.000000 0.756069
DS.d716.s0.i1 -1.000000 -0.096879
DS.d716.s0.i2 1.000000 0.719890
DS.d716.s0.i3 1.000000 0.708845
DS.d344.s0.i0 -1.000000 0.390034
DS.d226.s0.i0 1.000000 0.575210
DS.d398.s0.i0 1.000000 0.923796
DS.d672.s0.i8 1.000000 0.251677
DS.d672.s0.i2 1.000000 0.354858
DS.d672.s0.i1 -1.000000 0.129828
DS.d672.s0.i0 1.000000 0.291899
DS.d672.s0.i6 -1.000000 0.432437
DS.d672.s0.i5 -1.000000 0.079357
DS.d672.s0.i4 1.000000 0.345991
DS.d672.s0.i10 -1.000000 0.073407
DS.d672.s0.i11 -1.000000 0.161760
DS.d532.s0.i0 1.000000 0.548165
DS.d533.s0.i1 1.000000 0.053720
DS.d533.s0.i0 1.000000 0.514241
DS.d553.s0.i1 1.000000 0.491240
DS.d553.s0.i0 1.000000 0.614699
DS.d396.s0.i0 1.000000 0.934416
DS.d791.s0.i0 1.000000 0.866964
DS.d194.s0.i0 1.000000 0.942821
DS.d194.s0.i1 1.000000 0.763921
DS.d195.s0.i0 1.000000 0.734596
DS.d190.s0.i0 1.000000 0.837206
DS.d48.s0.i1 -1.000000 0.134957
DS.d48.s0.i0 -1.000000 0.134957
DS.d48.s0.i3 1.000000 0.445570
DS.d48.s0.i2 1.000000 0.445570
DS.d48.s0.i5 1.000000 0.544775
DS.d48.s0.i4 1.000000 0.544775
DS.d21.s0.i0 1.000000 0.122362
DS.d550.s0.i0 -1.000000 -1.000263
DS.d550.s0.i1 -1.000000 -0.939266
DS.d550.s0.i2 -1.000000 -0.856203
DS.d550.s0.i3 -1.000000 -0.912546
DS.d550.s0.i4 -1.000000 -0.843779
DS.d550.s0.i5 -1.000000 -0.985802
DS.d550.s0.i6 -1.000000 -0.903761
DS.d550.s0.i7 -1.000000 -0.987550
DS.d550.s0.i8 -1.000000 -0.944100
DS.d590.s0.i0 1.000000 1.001029
DS.d27.s2.i0 1.000000 0.241866
DS.d27.s0.i0 -1.000000 -1.303847
DS.d27.s0.i1 -1.000000 -1.281095
DS.d27.s0.i2 -1.000000 -1.380232
DS.d27.s1.i1 1.000000 0.703774
DS.d27.s1.i0 1.000000 0.627759
DS.d276.s0.i2 -1.000000 -0.033623
DS.d276.s0.i1 -1.000000 -0.042667
DS.d687.s1.i0 -1.000000 0.219989
DS.d687.s0.i0 1.000000 0.244583
DS.d442.s0.i0 1.000000 0.543010
DS.d209.s1.i0 -1.000000 0.057057
DS.d209.s1.i1 1.000000 -0.453470
DS.d209.s0.i1 -1.000000 -0.442369
DS.d209.s0.i0 -1.000000 -0.277201
DS.d209.s0.i2 -1.000000 -0.674479
DS.d589.s0.i2 1.000000 -0.059854
DS.d589.s0.i3 1.000000 0.722281
DS.d589.s0.i0 1.000000 0.722281
DS.d589.s0.i1 1.000000 -0.059854
DS.d7.s2.i1 -1.000000 1.083586
DS.d7.s2.i0 -1.000000 0.875251
DS.d7.s1.i0 -1.000000 0.305852
DS.d7.s1.i1 1.000000 0.699828
DS.d7.s0.i2 1.000000 1.150231
DS.d7.s0.i1 1.000000 1.098047
DS.d446.s0.i0 1.000000 0.611397
DS.d446.s0.i2 1.000000 0.678362
DS.d446.s1.i0 1.000000 0.915549
DS.d203.s0.i1 1.000000 0.554923
DS.d203.s0.i0 1.000000 0.449112
DS.d159.s0.i5 1.000000 -0.219448
DS.d159.s0.i4 -1.000000 -0.181993
DS.d159.s0.i1 -1.000000 -0.267192
DS.d159.s0.i0 -1.000000 -0.078086
DS.d159.s0.i3 -1.000000 -0.154804
DS.d159.s0.i2 -1.000000 -0.198372
DS.d321.s0.i4 -1.000000 -0.443902
DS.d321.s0.i2 -1.000000 -0.499021
DS.d321.s0.i0 -1.000000 -0.582546
DS.d321.s0.i1 -1.000000 -0.553088
DS.d828.s0.i0 1.000000 0.506976
DS.d730.s0.i0 1.000000 0.227787
DS.d219.s0.i0 -1.000000 0.599397
DS.d219.s0.i1 1.000000 0.519969
DS.d219.s1.i1 -1.000000 -0.106420
DS.d219.s1.i0 -1.000000 -0.027574
DS.d219.s1.i2 -1.000000 -0.314909
DS.d179.s2.i0 1.000000 0.834221
DS.d179.s1.i0 1.000000 0.075016
DS.d179.s1.i1 -1.000000 -0.097342
DS.d179.s0.i28 -1.000000 -0.440454
DS.d179.s0.i29 -1.000000 -0.426068
DS.d179.s0.i22 -1.000000 -0.342475
DS.d179.s0.i23 -1.000000 -0.429909
DS.d179.s0.i20 -1.000000 -0.394681
DS.d179.s0.i21 -1.000000 -0.330549
DS.d179.s0.i26 -1.000000 -0.335357
DS.d179.s0.i27 -1.000000 -0.341106
DS.d179.s0.i24 -1.000000 -0.282971
DS.d179.s0.i25 -1.000000 -0.279295
DS.d179.s0.i3 -1.000000 -0.552180
DS.d179.s0.i2 -1.000000 -0.348634
DS.d179.s0.i1 -1.000000 -0.345201
DS.d179.s0.i0 -1.000000 -0.470872
DS.d179.s0.i7 -1.000000 -0.470584
DS.d179.s0.i6 -1.000000 -0.389505
DS.d179.s0.i5 -1.000000 -0.438871
DS.d179.s0.i4 -1.000000 -0.511378
DS.d179.s0.i9 -1.000000 -0.437523
DS.d179.s0.i8 -1.000000 -0.463053
DS.d179.s0.i13 -1.000000 -0.349407
DS.d179.s0.i12 -1.000000 -0.394566
DS.d179.s0.i11 -1.000000 -0.465254
DS.d179.s0.i10 -1.000000 -0.384855
DS.d179.s0.i17 -1.000000 -0.316456
DS.d179.s0.i16 -1.000000 -0.470888
DS.d179.s0.i15 -1.000000 -0.299078
DS.d179.s0.i14 -1.000000 -0.383172
DS.d179.s0.i19 -1.000000 -0.575231
DS.d179.s0.i18 -1.000000 -0.306385
DS.d435.s0.i1 1.000000 0.301386
DS.d577.s0.i1 -1.000000 -0.625274
DS.d577.s0.i0 -1.000000 -0.589952
DS.d577.s0.i2 -1.000000 -0.673157
DS.d408.s0.i0 1.000000 1.050495
DS.d408.s0.i1 1.000000 1.015928
DS.d213.s0.i0 1.000000 0.872824
DS.d213.s1.i0 1.000000 0.404803
DS.d788.s0.i24 -1.000000 -0.464180
DS.d788.s0.i25 -1.000000 -0.548852
DS.d788.s0.i26 -1.000000 -0.579450
DS.d788.s0.i27 -1.000000 -0.299033
DS.d788.s0.i20 -1.000000 -0.502975
DS.d788.s0.i21 -1.000000 -0.431271
DS.d788.s0.i22 -1.000000 -0.334790
DS.d788.s0.i23 -1.000000 -0.393035
DS.d788.s0.i32 -1.000000 -0.330547
DS.d788.s0.i28 -1.000000 -0.454006
DS.d788.s0.i29 -1.000000 -0.364762
DS.d788.s0.i38 -1.000000 -0.530553
DS.d788.s0.i1 -1.000000 -0.381455
DS.d788.s0.i0 -1.000000 -0.435232
DS.d788.s0.i3 -1.000000 -0.477218
DS.d788.s0.i2 -1.000000 -0.547587
DS.d788.s0.i5 -1.000000 -0.304862
DS.d788.s0.i4 -1.000000 -0.421122
DS.d788.s0.i7 -1.000000 -0.423600
DS.d788.s0.i6 -1.000000 -0.459923
DS.d788.s0.i9 -1.000000 -0.535226
DS.d788.s0.i8 -1.000000 -0.619788
DS.d788.s0.i39 -1.000000 -0.423917
DS.d788.s0.i19 -1.000000 -0.476686
DS.d788.s0.i18 -1.000000 -0.593157
DS.d788.s0.i31 -1.000000 -0.402847
DS.d788.s0.i30 -1.000000 -0.328843
DS.d788.s0.i37 -1.000000 -0.489858
DS.d788.s0.i36 -1.000000 -0.418969
DS.d788.s0.i35 -1.000000 -0.390942
DS.d788.s0.i34 -1.000000 -0.491638
DS.d788.s0.i11 -1.000000 -0.548994
DS.d788.s0.i10 -1.000000 -0.473966
DS.d788.s0.i13 -1.000000 -0.520064
DS.d788.s0.i12 -1.000000 -0.518898
DS.d788.s0.i15 -1.000000 -0.419700
DS.d788.s0.i14 -1.000000 -0.560511
DS.d788.s0.i17 -1.000000 -0.650314
DS.d788.s0.i16 -1.000000 -0.327344
DS.d788.s0.i33 -1.000000 -0.519762
DS.d186.s0.i1 -1.000000 0.043281
DS.d186.s0.i0 -1.000000 0.059933
DS.d186.s0.i2 -1.000000 0.141842
DS.d508.s0.i0 1.000000 0.294494
DS.d176.s0.i0 -1.000000 -1.011220
DS.d176.s0.i1 -1.000000 -0.877107
DS.d176.s0.i2 -1.000000 -1.010632
DS.d567.s0.i0 1.000000 0.373583
DS.d567.s0.i1 1.000000 1.108806
DS.d567.s1.i1 -1.000000 0.246300
DS.d567.s1.i0 -1.000000 0.734895
DS.d567.s1.i2 1.000000 0.468717
DS.d704.s0.i5 -1.000000 -0.491370
DS.d704.s0.i4 1.000000 -0.042576
DS.d704.s0.i1 1.000000 0.096285
DS.d704.s0.i0 -1.000000 -0.479087
DS.d704.s0.i3 1.000000 -0.027613
DS.d704.s0.i2 1.000000 0.106845
DS.d545.s0.i0 1.000000 -0.323697
DS.d545.s1.i0 1.000000 0.844981
DS.d547.s0.i0 -1.000000 -0.688581
DS.d547.s0.i1 -1.000000 -0.443053
DS.d547.s1.i3 1.000000 1.008751
DS.d547.s1.i2 1.000000 -0.225679
DS.d547.s1.i1 1.000000 -0.225679
DS.d547.s1.i0 1.000000 0.098665
DS.d700.s0.i0 1.000000 -0.188937
DS.d630.s0.i1 -1.000000 -0.605707
DS.d630.s0.i0 -1.000000 -0.371528
DS.d664.s0.i2 -1.000000 -0.457028
DS.d664.s0.i3 -1.000000 -0.341838
DS.d664.s0.i0 -1.000000 -0.318792
DS.d664.s0.i1 -1.000000 -0.603616
DS.d384.s0.i1 -1.000000 -0.150027
DS.d384.s0.i0 1.000000 0.430379
DS.d384.s0.i2 1.000000 0.430379
DS.d595.s0.i1 -1.000000 0.533251
DS.d595.s0.i0 -1.000000 0.423378
DS.d595.s0.i2 -1.000000 0.519637
DS.d113.s0.i1 -1.000000 0.443121
DS.d113.s0.i0 -1.000000 0.443121
DS.d722.s0.i1 1.000000 -0.785233
DS.d722.s0.i0 -1.000000 -0.241368
DS.d72.s0.i0 -1.000000 -0.225748
DS.d72.s0.i1 -1.000000 -0.081550
DS.d531.s0.i3 1.000000 0.301951
DS.d531.s0.i2 -1.000000 -0.042615
DS.d531.s0.i1 1.000000 0.267085
DS.d531.s0.i0 1.000000 0.172368
DS.d531.s0.i4 1.000000 0.312742
DS.d579.s0.i3 -1.000000 -0.943936
DS.d579.s0.i2 -1.000000 -0.900172
DS.d579.s0.i1 -1.000000 -0.987166
DS.d579.s0.i0 -1.000000 -0.866438
DS.d63.s0.i0 1.000000 0.999701
DS.d63.s0.i1 1.000000 0.976243
DS.d752.s0.i0 1.000000 0.324643
