DS.d797.s1.i1 1.000000 0.509451
DS.d797.s0.i0 1.000000 0.657810
DS.d33.s0.i1 1.000000 0.339494
DS.d33.s0.i0 1.000000 0.702520
DS.d374.s0.i0 1.000000 1.017502
DS.d374.s1.i1 1.000000 1.305914
DS.d374.s1.i0 1.000000 1.349039
DS.d141.s0.i0 1.000000 0.530119
DS.d141.s1.i1 1.000000 0.569958
DS.d141.s1.i0 1.000000 0.395217
DS.d141.s2.i0 1.000000 0.151421
DS.d143.s0.i0 1.000000 0.321750
DS.d143.s0.i1 1.000000 0.251490
DS.d143.s0.i2 1.000000 0.292153
DS.d143.s0.i3 -1.000000 0.295324
DS.d3.s1.i0 -1.000000 -0.000639
DS.d3.s1.i1 -1.000000 0.039089
DS.d3.s0.i2 1.000000 1.289925
DS.d3.s0.i1 1.000000 1.289925
DS.d3.s0.i0 1.000000 0.889224
DS.d319.s0.i1 -1.000000 -0.315836
DS.d319.s0.i0 -1.000000 -0.355283
DS.d217.s0.i0 1.000000 0.750546
DS.d217.s1.i1 -1.000000 0.581510
DS.d217.s1.i0 -1.000000 0.702764
DS.d182.s1.i0 1.000000 0.038630
DS.d182.s0.i0 -1.000000 -0.645641
DS.d187.s0.i0 1.000000 0.516658
DS.d212.s0.i0 -1.000000 0.137781
DS.d699.s0.i0 1.000000 0.887432
DS.d699.s0.i1 1.000000 0.887432
DS.d699.s1.i1 -1.000000 -0.333323
DS.d699.s1.i0 1.000000 -0.134655
DS.d699.s1.i2 -1.000000 -0.261200
DS.d699.s2.i0 1.000000 -0.341856
DS.d438.s0.i0 1.000000 0.718639
DS.d511.s0.i1 -1.000000 -0.061821
DS.d511.s0.i0 -1.000000 0.083081
DS.d798.s0.i0 -1.000000 0.458724
DS.d290.s0.i1 -1.000000 -0.773785
DS.d290.s0.i0 -1.000000 -0.885671
DS.d514.s0.i0 1.000000 0.760859
DS.d514.s1.i0 -1.000000 0.383807
DS.d416.s0.i0 1.000000 -0.193405
DS.d82.s0.i0 1.000000 0.523241
DS.d274.s0.i0 1.000000 -0.084114
DS.d299.s0.i0 -1.000000 0.418263
DS.d299.s0.i1 -1.000000 0.433038
DS.d694.s0.i2 -1.000000 0.651599
DS.d694.s0.i1 -1.000000 0.550630
DS.d694.s0.i0 -1.000000 0.656232
DS.d714.s0.i0 -1.000000 -0.359675
DS.d714.s0.i1 -1.000000 -0.526795
DS.d714.s1.i0 -1.000000 -0.021172
DS.d714.s2.i0 -1.000000 -0.056549
DS.d74.s0.i0 1.000000 0.461198
DS.d716.s0.i0 1.000000 0.961271
DS.d716.s0.i1 -1.000000 0.001098
DS.d716.s0.i2 1.000000 0.946897
DS.d716.s0.i3 1.000000 0.933885
DS.d344.s0.i0 -1.000000 0.342525
DS.d226.s0.i0 1.000000 0.540394
DS.d398.s0.i0 1.000000 0.897598
DS.d672.s0.i8 1.000000 0.245573
DS.d672.s0.i2 1.000000 0.329850
DS.d672.s0.i1 -1.000000 0.100949
DS.d672.s0.i0 1.000000 0.220365
DS.d672.s0.i6 -1.000000 0.373400
DS.d672.s0.i5 -1.000000 0.059592
DS.d672.s0.i4 1.000000 0.308053
DS.d672.s0.i10 -1.000000 0.061903
DS.d672.s0.i11 -1.000000 0.122159
DS.d532.s0.i0 1.000000 0.513252
DS.d533.s0.i1 1.000000 0.298363
DS.d533.s0.i0 1.000000 0.398366
DS.d553.s0.i1 1.000000 0.487368
DS.d553.s0.i0 1.000000 0.588745
DS.d396.s0.i0 1.000000 0.963878
DS.d791.s0.i0 1.000000 0.735693
DS.d194.s0.i0 1.000000 0.891604
DS.d194.s0.i1 1.000000 0.661642
DS.d195.s0.i0 1.000000 0.528569
DS.d190.s0.i0 1.000000 0.730932
DS.d48.s0.i1 -1.000000 0.118529
DS.d48.s0.i0 -1.000000 0.118529
DS.d48.s0.i3 1.000000 0.371363
DS.d48.s0.i2 1.000000 0.371363
DS.d48.s0.i5 1.000000 0.445645
DS.d48.s0.i4 1.000000 0.445645
DS.d21.s0.i0 1.000000 0.100036
DS.d550.s0.i0 -1.000000 -0.833600
DS.d550.s0.i1 -1.000000 -0.806065
DS.d550.s0.i2 -1.000000 -0.751752
DS.d550.s0.i3 -1.000000 -0.813028
DS.d550.s0.i4 -1.000000 -0.732321
DS.d550.s0.i5 -1.000000 -0.838808
DS.d550.s0.i6 -1.000000 -0.759146
DS.d550.s0.i7 -1.000000 -0.848342
DS.d550.s0.i8 -1.000000 -0.843651
DS.d590.s0.i0 1.000000 0.893869
DS.d27.s2.i0 1.000000 0.185121
DS.d27.s0.i0 -1.000000 -1.071210
DS.d27.s0.i1 -1.000000 -1.053958
DS.d27.s0.i2 -1.000000 -1.103301
DS.d27.s1.i1 1.000000 0.588566
DS.d27.s1.i0 1.000000 0.513010
DS.d276.s0.i2 -1.000000 0.020279
DS.d276.s0.i1 -1.000000 0.021304
DS.d687.s1.i0 -1.000000 0.236980
DS.d687.s0.i0 1.000000 0.267050
DS.d442.s0.i0 1.000000 0.586897
DS.d209.s1.i0 -1.000000 0.123795
DS.d209.s1.i1 1.000000 -0.323062
DS.d209.s0.i1 -1.000000 -0.381159
DS.d209.s0.i0 -1.000000 -0.202849
DS.d209.s0.i2 -1.000000 -0.510271
DS.d589.s0.i2 1.000000 0.130177
DS.d589.s0.i3 1.000000 0.732078
DS.d589.s0.i0 1.000000 0.732078
DS.d589.s0.i1 1.000000 0.130177
DS.d7.s2.i1 -1.000000 1.086963
DS.d7.s2.i0 -1.000000 0.997828
DS.d7.s1.i0 -1.000000 0.431804
DS.d7.s1.i1 1.000000 0.711466
DS.d7.s0.i2 1.000000 1.025576
DS.d7.s0.i1 1.000000 0.942163
DS.d446.s0.i0 1.000000 0.693172
DS.d446.s0.i2 1.000000 0.729723
DS.d446.s1.i0 1.000000 0.746703
DS.d203.s0.i1 1.000000 0.449121
DS.d203.s0.i0 1.000000 0.366882
DS.d159.s0.i5 1.000000 -0.313356
DS.d159.s0.i4 -1.000000 -0.212588
DS.d159.s0.i1 -1.000000 -0.269596
DS.d159.s0.i0 -1.000000 -0.141360
DS.d159.s0.i3 -1.000000 -0.271176
DS.d159.s0.i2 -1.000000 -0.227214
DS.d321.s0.i4 -1.000000 -0.551753
DS.d321.s0.i2 -1.000000 -0.622828
DS.d321.s0.i0 -1.000000 -0.675137
DS.d321.s0.i1 -1.000000 -0.657630
DS.d828.s0.i0 1.000000 0.559159
DS.d730.s0.i0 1.000000 0.303616
DS.d219.s0.i0 -1.000000 0.632528
DS.d219.s0.i1 1.000000 0.588092
DS.d219.s1.i1 -1.000000 -0.220133
DS.d219.s1.i0 -1.000000 -0.132087
DS.d219.s1.i2 -1.000000 -0.295950
DS.d179.s2.i0 1.000000 0.722520
DS.d179.s1.i0 1.000000 0.021071
DS.d179.s1.i1 -1.000000 -0.058275
DS.d179.s0.i28 -1.000000 -0.463892
DS.d179.s0.i29 -1.000000 -0.473327
DS.d179.s0.i22 -1.000000 -0.421653
DS.d179.s0.i23 -1.000000 -0.459852
DS.d179.s0.i20 -1.000000 -0.455614
DS.d179.s0.i21 -1.000000 -0.426722
DS.d179.s0.i26 -1.000000 -0.396051
DS.d179.s0.i27 -1.000000 -0.391867
DS.d179.s0.i24 -1.000000 -0.340538
DS.d179.s0.i25 -1.000000 -0.316846
DS.d179.s0.i3 -1.000000 -0.537340
DS.d179.s0.i2 -1.000000 -0.424164
DS.d179.s0.i1 -1.000000 -0.392809
DS.d179.s0.i0 -1.000000 -0.468060
DS.d179.s0.i7 -1.000000 -0.455140
DS.d179.s0.i6 -1.000000 -0.436371
DS.d179.s0.i5 -1.000000 -0.458174
DS.d179.s0.i4 -1.000000 -0.498518
DS.d179.s0.i9 -1.000000 -0.496749
DS.d179.s0.i8 -1.000000 -0.494795
DS.d179.s0.i13 -1.000000 -0.417672
DS.d179.s0.i12 -1.000000 -0.446188
DS.d179.s0.i11 -1.000000 -0.499608
DS.d179.s0.i10 -1.000000 -0.442953
DS.d179.s0.i17 -1.000000 -0.366727
DS.d179.s0.i16 -1.000000 -0.481249
DS.d179.s0.i15 -1.000000 -0.374868
DS.d179.s0.i14 -1.000000 -0.426266
DS.d179.s0.i19 -1.000000 -0.535361
DS.d179.s0.i18 -1.000000 -0.405512
DS.d435.s0.i1 1.000000 0.189621
DS.d577.s0.i1 -1.000000 -0.523536
DS.d577.s0.i0 -1.000000 -0.485639
DS.d577.s0.i2 -1.000000 -0.543529
DS.d408.s0.i0 1.000000 1.061853
DS.d408.s0.i1 1.000000 1.035640
DS.d213.s0.i0 1.000000 0.846828
DS.d213.s1.i0 1.000000 0.522062
DS.d788.s0.i24 -1.000000 -0.440867
DS.d788.s0.i25 -1.000000 -0.551305
DS.d788.s0.i26 -1.000000 -0.559051
DS.d788.s0.i27 -1.000000 -0.252546
DS.d788.s0.i20 -1.000000 -0.449543
DS.d788.s0.i21 -1.000000 -0.432516
DS.d788.s0.i22 -1.000000 -0.323619
DS.d788.s0.i23 -1.000000 -0.424966
DS.d788.s0.i32 -1.000000 -0.290085
DS.d788.s0.i28 -1.000000 -0.384958
DS.d788.s0.i29 -1.000000 -0.405646
DS.d788.s0.i38 -1.000000 -0.433759
DS.d788.s0.i1 -1.000000 -0.412147
DS.d788.s0.i0 -1.000000 -0.424322
DS.d788.s0.i3 -1.000000 -0.529040
DS.d788.s0.i2 -1.000000 -0.471056
DS.d788.s0.i5 -1.000000 -0.276103
DS.d788.s0.i4 -1.000000 -0.338125
DS.d788.s0.i7 -1.000000 -0.358717
DS.d788.s0.i6 -1.000000 -0.504935
DS.d788.s0.i9 -1.000000 -0.554309
DS.d788.s0.i8 -1.000000 -0.507072
DS.d788.s0.i39 -1.000000 -0.361627
DS.d788.s0.i19 -1.000000 -0.427315
DS.d788.s0.i18 -1.000000 -0.487522
DS.d788.s0.i31 -1.000000 -0.412389
DS.d788.s0.i30 -1.000000 -0.384763
DS.d788.s0.i37 -1.000000 -0.521746
DS.d788.s0.i36 -1.000000 -0.401799
DS.d788.s0.i35 -1.000000 -0.350388
DS.d788.s0.i34 -1.000000 -0.526393
DS.d788.s0.i11 -1.000000 -0.547581
DS.d788.s0.i10 -1.000000 -0.384851
DS.d788.s0.i13 -1.000000 -0.404206
DS.d788.s0.i12 -1.000000 -0.530691
DS.d788.s0.i15 -1.000000 -0.431455
DS.d788.s0.i14 -1.000000 -0.474956
DS.d788.s0.i17 -1.000000 -0.512771
DS.d788.s0.i16 -1.000000 -0.399932
DS.d788.s0.i33 -1.000000 -0.532961
DS.d186.s0.i1 -1.000000 0.200483
DS.d186.s0.i0 -1.000000 0.198336
DS.d186.s0.i2 -1.000000 0.271640
DS.d508.s0.i0 1.000000 0.215867
DS.d176.s0.i0 -1.000000 -0.941009
DS.d176.s0.i1 -1.000000 -0.850733
DS.d176.s0.i2 -1.000000 -0.925612
DS.d567.s0.i0 1.000000 0.309141
DS.d567.s0.i1 1.000000 0.964156
DS.d567.s1.i1 -1.000000 0.144695
DS.d567.s1.i0 -1.000000 0.475312
DS.d567.s1.i2 1.000000 0.286451
DS.d704.s0.i5 -1.000000 -0.330996
DS.d704.s0.i4 1.000000 -0.051799
DS.d704.s0.i1 1.000000 0.036152
DS.d704.s0.i0 -1.000000 -0.318142
DS.d704.s0.i3 1.000000 -0.035578
DS.d704.s0.i2 1.000000 0.051943
DS.d545.s0.i0 1.000000 -0.094921
DS.d545.s1.i0 1.000000 0.752496
DS.d547.s0.i0 -1.000000 -0.520922
DS.d547.s0.i1 -1.000000 -0.315008
DS.d547.s1.i3 1.000000 0.879221
DS.d547.s1.i2 1.000000 0.011990
DS.d547.s1.i1 1.000000 0.011990
DS.d547.s1.i0 1.000000 0.221512
DS.d700.s0.i0 1.000000 -0.069220
DS.d630.s0.i1 -1.000000 -0.606412
DS.d630.s0.i0 -1.000000 -0.345588
DS.d664.s0.i2 -1.000000 -0.499255
DS.d664.s0.i3 -1.000000 -0.413790
DS.d664.s0.i0 -1.000000 -0.407696
DS.d664.s0.i1 -1.000000 -0.601482
DS.d384.s0.i1 -1.000000 -0.039322
DS.d384.s0.i0 1.000000 0.316741
DS.d384.s0.i2 1.000000 0.316741
DS.d595.s0.i1 -1.000000 0.576857
DS.d595.s0.i0 -1.000000 0.474595
DS.d595.s0.i2 -1.000000 0.571500
DS.d113.s0.i1 -1.000000 0.368344
DS.d113.s0.i0 -1.000000 0.368344
DS.d722.s0.i1 1.000000 -0.716822
DS.d722.s0.i0 -1.000000 -0.274639
DS.d72.s0.i0 -1.000000 -0.218740
DS.d72.s0.i1 -1.000000 -0.055794
DS.d531.s0.i3 1.000000 0.264838
DS.d531.s0.i2 -1.000000 0.005755
DS.d531.s0.i1 1.000000 0.233083
DS.d531.s0.i0 1.000000 0.104568
DS.d531.s0.i4 1.000000 0.233122
DS.d579.s0.i3 -1.000000 -0.900124
DS.d579.s0.i2 -1.000000 -0.853147
DS.d579.s0.i1 -1.000000 -0.895008
DS.d579.s0.i0 -1.000000 -0.813947
DS.d63.s0.i0 1.000000 1.015859
DS.d63.s0.i1 1.000000 1.022428
DS.d752.s0.i0 1.000000 0.242645
