DS.d170.s0.i0 1.000000 0.774204
DS.d170.s0.i1 1.000000 0.751378
DS.d95.s0.i3 -1.000000 -0.800327
DS.d95.s0.i2 -1.000000 -0.503907
DS.d95.s0.i1 -1.000000 -0.760895
DS.d95.s0.i0 -1.000000 -0.765821
DS.d172.s0.i0 1.000000 0.602674
DS.d172.s0.i1 1.000000 0.835356
DS.d800.s0.i0 1.000000 0.625337
DS.d715.s0.i0 -1.000000 0.029412
DS.d802.s0.i0 1.000000 0.165397
DS.d717.s0.i0 -1.000000 -0.028008
DS.d710.s0.i0 -1.000000 -0.217542
DS.d711.s0.i0 -1.000000 0.207627
DS.d712.s2.i0 1.000000 0.697418
DS.d712.s2.i1 1.000000 0.609051
DS.d712.s0.i0 1.000000 0.844418
DS.d712.s0.i1 1.000000 0.785697
DS.d712.s0.i2 1.000000 0.732791
DS.d712.s0.i3 1.000000 0.667742
DS.d712.s1.i0 1.000000 0.826738
DS.d713.s1.i0 1.000000 0.579519
DS.d713.s1.i1 1.000000 0.689841
DS.d713.s0.i1 1.000000 0.464191
DS.d713.s0.i0 1.000000 0.733605
DS.d808.s0.i0 -1.000000 -0.088430
DS.d808.s1.i1 1.000000 0.360825
DS.d808.s1.i0 -1.000000 0.005796
DS.d808.s2.i0 1.000000 0.949263
DS.d808.s2.i1 1.000000 0.991693
DS.d809.s1.i0 1.000000 0.506394
DS.d809.s1.i1 1.000000 0.567521
DS.d809.s0.i0 1.000000 0.936687
DS.d489.s0.i1 -1.000000 -0.341590
DS.d489.s0.i0 -1.000000 -0.288049
DS.d718.s0.i0 -1.000000 -0.920354
DS.d718.s0.i1 -1.000000 -0.691644
DS.d718.s1.i19 -1.000000 -1.016811
DS.d718.s1.i18 -1.000000 -0.909788
DS.d718.s1.i11 -1.000000 -0.958008
DS.d718.s1.i10 -1.000000 -0.958738
DS.d718.s1.i13 -1.000000 -0.993856
DS.d718.s1.i12 -1.000000 -0.938991
DS.d718.s1.i15 -1.000000 -1.014672
DS.d718.s1.i14 -1.000000 -0.984804
DS.d718.s1.i17 -1.000000 -1.008115
DS.d718.s1.i16 -1.000000 -1.026671
DS.d718.s1.i1 -1.000000 -0.953190
DS.d718.s1.i0 -1.000000 -0.939455
DS.d718.s1.i3 -1.000000 -1.049705
DS.d718.s1.i2 -1.000000 -0.957638
DS.d718.s1.i5 -1.000000 -1.061374
DS.d718.s1.i4 -1.000000 -1.013611
DS.d718.s1.i7 -1.000000 -0.947469
DS.d718.s1.i6 -1.000000 -0.968467
DS.d718.s1.i9 -1.000000 -0.866341
DS.d718.s1.i8 -1.000000 -1.016754
DS.d718.s2.i0 -1.000000 -0.654779
DS.d718.s2.i1 1.000000 -0.173205
DS.d718.s2.i2 -1.000000 -0.707745
DS.d718.s2.i3 -1.000000 -0.697865
DS.d719.s0.i1 -1.000000 0.285223
DS.d719.s0.i0 1.000000 0.177495
DS.d175.s1.i0 1.000000 0.732592
DS.d175.s0.i1 1.000000 0.660970
DS.d175.s0.i0 1.000000 0.741083
DS.d65.s0.i0 -1.000000 -0.216792
DS.d64.s0.i0 -1.000000 -0.544132
DS.d67.s0.i0 -1.000000 -0.561244
DS.d67.s0.i1 -1.000000 -0.541038
DS.d66.s0.i1 1.000000 0.523565
DS.d66.s0.i0 1.000000 0.656877
DS.d66.s0.i3 1.000000 0.378814
DS.d66.s0.i2 1.000000 0.800327
DS.d61.s0.i6 -1.000000 -0.777232
DS.d61.s0.i7 -1.000000 -0.791566
DS.d61.s0.i4 -1.000000 -0.831436
DS.d61.s0.i5 -1.000000 -0.829228
DS.d61.s0.i2 -1.000000 -0.771099
DS.d61.s0.i3 -1.000000 -0.854060
DS.d61.s0.i0 -1.000000 -0.870173
DS.d61.s0.i1 -1.000000 -0.921805
DS.d61.s0.i8 -1.000000 -0.897907
DS.d60.s0.i0 1.000000 1.068562
DS.d62.s0.i0 -1.000000 0.880031
DS.d177.s0.i1 1.000000 0.017474
DS.d177.s0.i0 -1.000000 -0.558360
DS.d177.s0.i3 -1.000000 -0.473853
DS.d177.s0.i2 1.000000 0.179042
DS.d177.s0.i5 -1.000000 -0.812741
DS.d177.s0.i4 -1.000000 -0.759245
DS.d177.s0.i7 -1.000000 -0.420115
DS.d177.s0.i6 -1.000000 -0.327323
DS.d69.s0.i0 1.000000 0.770278
DS.d69.s0.i1 1.000000 0.632675
DS.d68.s0.i0 1.000000 0.716091
DS.d246.s0.i0 1.000000 0.931412
DS.d246.s1.i0 1.000000 0.796144
DS.d246.s2.i0 -1.000000 -0.015767
DS.d246.s2.i1 1.000000 0.374405
DS.d247.s0.i3 -1.000000 -0.704738
DS.d247.s0.i2 1.000000 0.377260
DS.d247.s0.i1 1.000000 0.391404
DS.d247.s0.i0 -1.000000 -0.655171
DS.d247.s0.i7 -1.000000 -0.691633
DS.d247.s0.i6 -1.000000 -0.770742
DS.d247.s0.i5 -1.000000 -0.635702
DS.d247.s0.i4 1.000000 0.368473
DS.d247.s0.i9 -1.000000 -0.731893
DS.d247.s0.i8 -1.000000 -0.739323
DS.d247.s0.i22 1.000000 0.381992
DS.d247.s0.i23 -1.000000 -0.651685
DS.d247.s0.i20 1.000000 0.364135
DS.d247.s0.i21 -1.000000 -0.734639
DS.d247.s0.i13 1.000000 0.415512
DS.d247.s0.i12 -1.000000 -0.660271
DS.d247.s0.i11 -1.000000 -0.668033
DS.d247.s0.i10 -1.000000 -0.756910
DS.d247.s0.i17 -1.000000 -0.781383
DS.d247.s0.i16 -1.000000 -0.671505
DS.d247.s0.i15 1.000000 0.347240
DS.d247.s0.i14 -1.000000 -0.777921
DS.d247.s0.i19 -1.000000 -0.756973
DS.d247.s0.i18 1.000000 0.293399
DS.d244.s0.i0 1.000000 0.811014
DS.d244.s0.i1 1.000000 0.626334
DS.d244.s1.i0 1.000000 1.006064
DS.d245.s0.i1 1.000000 0.842292
DS.d245.s0.i0 1.000000 0.938080
DS.d245.s0.i2 1.000000 0.852901
DS.d242.s0.i2 1.000000 0.869794
DS.d242.s0.i3 1.000000 0.872955
DS.d242.s0.i0 1.000000 0.915793
DS.d242.s0.i1 1.000000 0.914041
DS.d243.s0.i2 1.000000 0.881243
DS.d243.s0.i1 1.000000 0.881243
DS.d243.s0.i0 1.000000 0.881243
DS.d240.s0.i0 1.000000 0.866219
DS.d241.s1.i0 1.000000 0.607962
DS.d241.s0.i0 1.000000 0.656861
DS.d325.s0.i0 1.000000 0.924020
DS.d325.s0.i1 1.000000 0.515411
DS.d324.s0.i0 -1.000000 -0.062723
DS.d327.s0.i0 1.000000 1.106868
DS.d326.s0.i1 -1.000000 -0.038876
DS.d326.s0.i0 1.000000 0.178454
DS.d320.s0.i1 1.000000 0.743827
DS.d320.s0.i0 -1.000000 0.253106
DS.d248.s0.i0 1.000000 0.647617
DS.d248.s0.i1 1.000000 0.677567
DS.d249.s0.i0 1.000000 0.726675
DS.d189.s0.i0 -1.000000 -0.140197
DS.d188.s0.i1 -1.000000 -0.376635
DS.d188.s0.i0 -1.000000 -0.344693
DS.d181.s0.i0 1.000000 0.647661
DS.d180.s2.i1 1.000000 0.802600
DS.d180.s2.i0 1.000000 0.798737
DS.d180.s1.i0 1.000000 1.100887
DS.d180.s0.i1 1.000000 0.750184
DS.d180.s0.i0 1.000000 0.732484
DS.d183.s0.i0 1.000000 0.826160
DS.d183.s0.i1 1.000000 0.873370
DS.d183.s0.i2 1.000000 0.841920
DS.d185.s0.i0 1.000000 0.844836
DS.d185.s0.i1 1.000000 0.818805
DS.d185.s1.i0 1.000000 0.770104
DS.d184.s2.i1 1.000000 0.814308
DS.d184.s2.i0 1.000000 0.767437
DS.d184.s1.i0 1.000000 0.746803
DS.d184.s0.i5 1.000000 0.795202
DS.d184.s0.i4 1.000000 0.730788
DS.d184.s0.i3 1.000000 0.751804
DS.d184.s0.i2 1.000000 0.842760
DS.d184.s0.i1 1.000000 0.853247
DS.d184.s0.i0 1.000000 0.888787
DS.d439.s0.i0 1.000000 0.648363
DS.d583.s0.i0 1.000000 0.813386
DS.d351.s0.i3 -1.000000 -0.993453
DS.d351.s0.i2 -1.000000 -1.128959
DS.d351.s0.i1 -1.000000 -0.914685
DS.d351.s0.i0 -1.000000 -0.985080
DS.d431.s0.i2 1.000000 0.532441
DS.d431.s0.i3 1.000000 0.610041
DS.d431.s0.i0 1.000000 0.678985
DS.d431.s0.i1 -1.000000 0.561142
DS.d431.s0.i4 1.000000 0.661354
DS.d431.s0.i5 1.000000 0.760459
DS.d430.s0.i3 1.000000 0.686866
DS.d430.s0.i2 1.000000 0.780346
DS.d430.s0.i1 1.000000 0.677402
DS.d430.s0.i0 1.000000 0.765913
DS.d433.s2.i0 1.000000 0.712987
DS.d433.s3.i0 1.000000 0.911068
DS.d433.s0.i0 1.000000 0.749983
DS.d433.s1.i2 1.000000 0.675124
DS.d433.s1.i1 1.000000 0.723287
DS.d433.s1.i0 1.000000 0.666034
DS.d432.s1.i0 1.000000 0.893840
DS.d432.s0.i1 -1.000000 -0.172145
DS.d432.s0.i0 -1.000000 0.289026
DS.d432.s0.i3 1.000000 -0.114930
DS.d432.s0.i2 1.000000 0.249995
DS.d434.s0.i0 1.000000 0.675833
DS.d437.s0.i0 -1.000000 -0.223180
DS.d437.s0.i1 -1.000000 -0.044940
DS.d437.s0.i2 1.000000 0.303732
DS.d436.s0.i0 1.000000 0.539562
DS.d801.s0.i0 1.000000 0.840759
DS.d505.s0.i0 -1.000000 -0.116488
DS.d504.s1.i0 1.000000 0.964678
DS.d504.s1.i1 1.000000 1.036129
DS.d504.s0.i0 1.000000 0.692711
DS.d507.s0.i0 1.000000 -0.216151
DS.d507.s0.i1 -1.000000 0.173775
DS.d506.s0.i1 1.000000 0.757321
DS.d506.s0.i0 1.000000 0.665855
DS.d501.s0.i0 1.000000 0.729322
DS.d501.s0.i1 1.000000 0.742755
DS.d500.s0.i0 1.000000 0.808154
DS.d118.s2.i0 1.000000 0.962122
DS.d118.s0.i0 -1.000000 -0.272197
DS.d118.s1.i0 1.000000 0.561332
DS.d119.s0.i1 -1.000000 -0.805818
DS.d119.s0.i0 -1.000000 -0.804012
DS.d119.s0.i2 -1.000000 -0.688397
DS.d116.s0.i2 1.000000 0.906281
DS.d116.s0.i0 1.000000 0.775906
DS.d116.s0.i1 1.000000 0.804670
DS.d117.s3.i2 1.000000 0.839351
DS.d117.s3.i3 1.000000 0.883237
DS.d117.s3.i0 1.000000 0.821258
DS.d117.s3.i1 1.000000 0.849094
DS.d117.s2.i1 -1.000000 -0.300999
DS.d117.s2.i0 1.000000 -0.118246
DS.d117.s2.i3 -1.000000 -0.001382
DS.d117.s2.i2 1.000000 0.207681
DS.d117.s1.i0 1.000000 0.047974
DS.d117.s1.i1 -1.000000 -0.166689
DS.d117.s0.i0 1.000000 0.287758
DS.d114.s0.i0 1.000000 0.320296
DS.d115.s0.i1 1.000000 0.216045
DS.d115.s0.i0 -1.000000 -0.459133
DS.d112.s0.i0 -1.000000 -0.387372
DS.d110.s0.i0 1.000000 0.915779
DS.d111.s0.i1 -1.000000 -0.402201
DS.d111.s0.i0 1.000000 0.410755
DS.d111.s0.i3 1.000000 0.399203
DS.d111.s0.i2 1.000000 0.678661
DS.d111.s0.i5 1.000000 0.664936
DS.d111.s0.i4 -1.000000 0.156512
DS.d806.s0.i0 -1.000000 -0.401712
DS.d806.s0.i1 -1.000000 -0.459250
DS.d806.s0.i2 -1.000000 -0.405655
DS.d807.s1.i0 1.000000 0.668545
DS.d807.s0.i1 1.000000 0.975463
DS.d807.s0.i0 1.000000 1.023922
DS.d626.s2.i0 1.000000 1.151023
DS.d626.s3.i0 1.000000 0.934069
DS.d626.s0.i0 1.000000 1.346488
DS.d626.s1.i0 1.000000 0.857312
DS.d44.s0.i9 -1.000000 -0.844762
DS.d44.s0.i8 -1.000000 -0.785480
DS.d44.s0.i5 -1.000000 -0.898424
DS.d44.s0.i4 -1.000000 -1.108833
DS.d44.s0.i7 -1.000000 -0.917080
DS.d44.s0.i6 -1.000000 -0.966843
DS.d44.s0.i1 -1.000000 -0.917739
DS.d44.s0.i0 -1.000000 -1.044192
DS.d44.s0.i3 -1.000000 -1.032940
DS.d44.s0.i2 -1.000000 -0.920395
DS.d44.s0.i15 -1.000000 -0.997254
DS.d44.s0.i14 -1.000000 -1.019458
DS.d44.s0.i17 -1.000000 -1.098462
DS.d44.s0.i16 -1.000000 -0.910508
DS.d44.s0.i11 -1.000000 -1.020850
DS.d44.s0.i10 -1.000000 -0.886149
DS.d44.s0.i13 -1.000000 -1.086721
DS.d44.s0.i12 -1.000000 -1.119970
DS.d479.s0.i0 1.000000 0.564040
DS.d397.s0.i1 -1.000000 -0.370116
DS.d397.s0.i0 -1.000000 -0.217441
DS.d397.s0.i2 1.000000 -0.246657
DS.d478.s0.i0 1.000000 1.055313
DS.d611.s0.i0 1.000000 0.870082
DS.d610.s0.i0 1.000000 0.836571
DS.d613.s0.i0 1.000000 0.606942
DS.d612.s0.i1 1.000000 0.688358
DS.d612.s0.i0 1.000000 0.613166
DS.d615.s0.i0 1.000000 0.717708
DS.d614.s0.i5 1.000000 0.409327
DS.d614.s0.i4 -1.000000 0.675144
DS.d614.s0.i3 1.000000 0.713704
DS.d614.s0.i2 1.000000 0.809670
DS.d614.s0.i1 1.000000 0.774814
DS.d614.s0.i0 1.000000 0.641870
DS.d617.s0.i0 1.000000 0.753098
DS.d617.s1.i9 -1.000000 -1.037268
DS.d617.s1.i8 -1.000000 -1.092049
DS.d617.s1.i3 -1.000000 -1.050858
DS.d617.s1.i2 -1.000000 -1.064938
DS.d617.s1.i1 -1.000000 -0.837181
DS.d617.s1.i0 -1.000000 -1.002789
DS.d617.s1.i7 -1.000000 -1.023402
DS.d617.s1.i6 -1.000000 -1.067954
DS.d617.s1.i5 -1.000000 -1.038801
DS.d617.s1.i4 -1.000000 -1.057926
DS.d616.s1.i0 1.000000 -0.149342
DS.d616.s1.i1 -1.000000 -0.245195
DS.d616.s0.i1 -1.000000 -1.038715
DS.d616.s0.i0 -1.000000 -0.948689
DS.d616.s0.i3 -1.000000 -0.871072
DS.d616.s0.i2 -1.000000 -0.953690
DS.d616.s0.i5 -1.000000 -0.925682
DS.d616.s0.i4 -1.000000 -0.989187
DS.d616.s0.i7 -1.000000 -0.965882
DS.d616.s0.i6 -1.000000 -0.975309
DS.d616.s0.i9 -1.000000 -1.080504
DS.d616.s0.i8 -1.000000 -0.995102
DS.d616.s0.i19 -1.000000 -0.999559
DS.d616.s0.i18 -1.000000 -0.897336
DS.d616.s0.i11 -1.000000 -0.934686
DS.d616.s0.i10 -1.000000 -1.007333
DS.d616.s0.i13 -1.000000 -0.942021
DS.d616.s0.i12 -1.000000 -0.919517
DS.d616.s0.i15 -1.000000 -0.900229
DS.d616.s0.i14 -1.000000 -1.056381
DS.d616.s0.i17 -1.000000 -0.908666
DS.d616.s0.i16 -1.000000 -1.138131
DS.d616.s2.i1 1.000000 0.751188
DS.d616.s2.i0 1.000000 0.783473
DS.d619.s0.i0 1.000000 0.745106
DS.d618.s1.i0 -1.000000 -0.126818
DS.d618.s0.i1 1.000000 0.743373
DS.d618.s0.i0 1.000000 0.607711
DS.d753.s1.i0 1.000000 0.523646
DS.d753.s1.i1 1.000000 0.563460
DS.d753.s0.i0 1.000000 0.243034
DS.d753.s2.i1 -1.000000 -0.003730
DS.d753.s2.i0 -1.000000 0.147059
DS.d754.s0.i2 1.000000 0.921909
DS.d754.s0.i0 1.000000 0.769995
DS.d754.s0.i1 1.000000 0.791121
DS.d756.s0.i0 1.000000 0.729041
DS.d756.s0.i1 1.000000 0.573253
DS.d757.s1.i0 1.000000 0.670156
DS.d757.s0.i0 1.000000 0.617838
DS.d29.s0.i10 -1.000000 -0.839233
DS.d29.s0.i11 -1.000000 -0.854972
DS.d29.s0.i2 -1.000000 -1.069547
DS.d29.s0.i3 -1.000000 -0.873595
DS.d29.s0.i0 -1.000000 -0.826266
DS.d29.s0.i1 -1.000000 -0.861977
DS.d29.s0.i6 -1.000000 -0.892089
DS.d29.s0.i7 -1.000000 -0.893318
DS.d29.s0.i4 -1.000000 -0.875055
DS.d29.s0.i5 -1.000000 -0.844599
DS.d29.s0.i8 -1.000000 -0.924513
DS.d29.s0.i9 -1.000000 -1.075006
DS.d28.s1.i0 1.000000 1.027085
DS.d28.s1.i1 1.000000 1.181971
DS.d28.s0.i2 1.000000 0.838203
DS.d28.s0.i1 1.000000 0.957931
DS.d28.s0.i0 1.000000 0.750205
DS.d20.s0.i0 -1.000000 -0.204549
DS.d23.s0.i10 -1.000000 -1.033203
DS.d23.s0.i11 -1.000000 -0.936168
DS.d23.s0.i4 -1.000000 -1.040884
DS.d23.s0.i5 -1.000000 -0.868510
DS.d23.s0.i6 -1.000000 -0.818592
DS.d23.s0.i7 -1.000000 -0.874339
DS.d23.s0.i0 -1.000000 -0.809777
DS.d23.s0.i1 -1.000000 -1.000303
DS.d23.s0.i2 -1.000000 -0.905557
DS.d23.s0.i3 -1.000000 -0.854169
DS.d23.s0.i12 -1.000000 -0.935973
DS.d23.s0.i8 -1.000000 -1.074192
DS.d23.s0.i9 -1.000000 -1.068545
DS.d23.s0.i13 -1.000000 -0.907491
DS.d22.s1.i0 -1.000000 -0.249282
DS.d22.s0.i1 -1.000000 -0.627014
DS.d22.s0.i0 -1.000000 -0.592329
DS.d22.s0.i2 -1.000000 -0.638962
DS.d25.s0.i0 1.000000 0.820167
DS.d25.s1.i0 1.000000 0.988270
DS.d24.s1.i0 1.000000 0.592934
DS.d24.s0.i0 -1.000000 -0.659867
DS.d26.s0.i1 1.000000 0.631535
DS.d26.s0.i0 1.000000 0.723446
DS.d26.s0.i3 1.000000 0.652053
DS.d26.s0.i2 1.000000 0.763690
DS.d26.s0.i5 1.000000 0.668962
DS.d26.s0.i4 1.000000 0.620367
DS.d208.s0.i0 -1.000000 -0.313940
DS.d208.s0.i1 -1.000000 -0.329855
DS.d202.s0.i0 1.000000 -0.083811
DS.d200.s0.i0 1.000000 0.351451
DS.d200.s0.i1 -1.000000 -0.095645
DS.d201.s0.i5 1.000000 0.848744
DS.d201.s0.i4 1.000000 0.858287
DS.d201.s0.i7 1.000000 0.859039
DS.d201.s0.i6 1.000000 0.886921
DS.d201.s0.i1 1.000000 0.910288
DS.d201.s0.i0 1.000000 0.883199
DS.d201.s0.i3 1.000000 0.902647
DS.d201.s0.i2 1.000000 0.788213
DS.d201.s0.i8 1.000000 1.043465
DS.d206.s0.i6 1.000000 0.843078
DS.d206.s0.i7 1.000000 0.817001
DS.d206.s0.i4 1.000000 0.846295
DS.d206.s0.i5 1.000000 0.833586
DS.d206.s0.i2 1.000000 0.860137
DS.d206.s0.i3 1.000000 0.861620
DS.d206.s0.i0 1.000000 0.835160
DS.d206.s0.i1 1.000000 0.842765
DS.d207.s0.i0 1.000000 0.324925
DS.d204.s0.i0 1.000000 1.099368
DS.d204.s0.i1 1.000000 0.427386
DS.d205.s0.i1 -1.000000 -0.865594
DS.d205.s0.i0 -1.000000 -0.818162
DS.d205.s0.i2 -1.000000 -0.850335
DS.d627.s0.i0 1.000000 0.481251
DS.d472.s0.i1 1.000000 0.977101
DS.d472.s0.i0 1.000000 1.003708
DS.d376.s0.i0 -1.000000 -0.080869
DS.d376.s0.i1 1.000000 0.537707
DS.d376.s1.i1 -1.000000 -0.439522
DS.d376.s1.i2 -1.000000 -0.676403
DS.d377.s1.i0 1.000000 0.603077
DS.d377.s1.i1 1.000000 0.611855
DS.d377.s0.i2 1.000000 0.815497
DS.d377.s0.i1 1.000000 0.820938
DS.d377.s0.i0 1.000000 0.745072
DS.d375.s5.i2 1.000000 0.574635
DS.d375.s5.i3 1.000000 0.652630
DS.d375.s5.i0 1.000000 0.660754
DS.d375.s5.i1 -1.000000 0.674007
DS.d375.s4.i1 1.000000 0.831217
DS.d375.s4.i0 1.000000 0.950033
DS.d375.s1.i0 1.000000 0.515230
DS.d375.s0.i1 1.000000 0.867654
DS.d375.s0.i0 1.000000 0.897671
DS.d375.s0.i2 1.000000 1.009837
DS.d375.s3.i0 1.000000 1.229140
DS.d375.s3.i1 1.000000 0.680845
DS.d375.s3.i2 1.000000 0.680845
DS.d375.s3.i3 1.000000 1.229140
DS.d375.s2.i0 1.000000 1.185342
DS.d372.s0.i0 1.000000 0.750832
DS.d372.s0.i1 1.000000 0.771186
DS.d372.s1.i1 -1.000000 -0.187560
DS.d372.s1.i0 1.000000 0.247175
DS.d372.s1.i3 -1.000000 -0.185327
DS.d372.s1.i2 1.000000 0.257199
DS.d373.s0.i0 1.000000 0.500317
DS.d370.s0.i0 1.000000 0.484097
DS.d371.s0.i0 1.000000 0.938084
DS.d371.s0.i2 1.000000 0.970749
DS.d474.s0.i0 -1.000000 -0.092791
DS.d477.s0.i0 1.000000 0.820738
DS.d476.s0.i1 1.000000 1.034347
DS.d476.s0.i0 1.000000 1.040993
DS.d471.s0.i4 1.000000 0.746733
DS.d471.s0.i5 1.000000 0.725563
DS.d471.s0.i2 1.000000 0.822492
DS.d471.s0.i3 1.000000 0.797521
DS.d471.s0.i0 1.000000 0.888094
DS.d471.s0.i1 1.000000 0.770976
DS.d470.s0.i0 1.000000 0.551959
DS.d378.s0.i0 -1.000000 -0.770286
DS.d378.s0.i1 -1.000000 -0.725479
DS.d378.s0.i2 -1.000000 -0.829493
DS.d378.s0.i3 -1.000000 -0.761214
DS.d378.s1.i0 -1.000000 0.063448
DS.d379.s0.i1 -1.000000 -0.337308
DS.d379.s0.i0 -1.000000 -0.311300
DS.d279.s6.i2 -1.000000 -0.705858
DS.d279.s6.i0 -1.000000 -0.676899
DS.d279.s6.i1 -1.000000 -0.676899
DS.d279.s7.i1 -1.000000 -0.337574
DS.d279.s7.i0 1.000000 -0.007256
DS.d279.s7.i2 -1.000000 -0.363295
DS.d279.s4.i0 1.000000 0.730799
DS.d279.s5.i0 1.000000 0.696722
DS.d279.s2.i0 1.000000 0.767652
DS.d279.s2.i1 -1.000000 0.357743
DS.d279.s3.i1 -1.000000 -0.243725
DS.d279.s3.i0 1.000000 0.607970
DS.d279.s0.i0 1.000000 1.280680
DS.d279.s1.i1 -1.000000 -0.122072
DS.d279.s1.i0 1.000000 0.343636
DS.d279.s8.i0 -1.000000 -0.593821
DS.d279.s8.i1 -1.000000 -0.548254
DS.d279.s9.i1 1.000000 0.426808
DS.d279.s9.i0 1.000000 1.274833
DS.d278.s0.i3 -1.000000 -0.783988
DS.d278.s0.i2 -1.000000 -0.766364
DS.d277.s0.i0 1.000000 0.850578
DS.d275.s0.i0 1.000000 0.117830
DS.d275.s0.i1 -1.000000 0.116525
DS.d273.s0.i0 -1.000000 0.197529
DS.d273.s1.i1 1.000000 0.243224
DS.d273.s1.i0 -1.000000 -0.152535
DS.d272.s3.i0 1.000000 0.984160
DS.d272.s2.i0 1.000000 0.903617
DS.d272.s1.i0 1.000000 0.490568
DS.d272.s1.i1 1.000000 0.594168
DS.d272.s1.i2 1.000000 0.568305
DS.d272.s0.i2 1.000000 0.640868
DS.d272.s0.i1 1.000000 0.703640
DS.d272.s0.i0 1.000000 0.607673
DS.d272.s4.i0 -1.000000 -0.283284
DS.d271.s0.i0 -1.000000 -0.088586
DS.d328.s1.i0 1.000000 0.772468
DS.d328.s1.i1 1.000000 0.879972
DS.d328.s0.i0 -1.000000 -0.768246
DS.d270.s0.i0 1.000000 0.339583
DS.d152.s0.i0 1.000000 0.556627
DS.d152.s0.i1 1.000000 0.399906
DS.d152.s1.i0 1.000000 0.805869
DS.d153.s0.i1 1.000000 0.035631
DS.d153.s0.i0 -1.000000 -0.070983
DS.d150.s0.i0 -1.000000 -0.255591
DS.d150.s0.i1 -1.000000 -0.255591
DS.d151.s0.i0 -1.000000 0.581180
DS.d156.s0.i0 -1.000000 -0.519107
DS.d156.s0.i1 -1.000000 -0.532963
DS.d157.s0.i0 1.000000 0.949286
DS.d154.s0.i0 -1.000000 -0.544867
DS.d154.s0.i1 -1.000000 -0.637947
DS.d155.s0.i1 1.000000 0.769121
DS.d155.s0.i0 1.000000 0.767332
DS.d155.s0.i2 1.000000 0.773655
DS.d158.s0.i0 1.000000 0.651968
DS.d158.s0.i1 1.000000 0.621924
DS.d576.s2.i0 1.000000 0.593266
DS.d576.s2.i1 1.000000 0.731180
DS.d576.s0.i0 -1.000000 -0.090162
DS.d576.s0.i1 1.000000 -0.208584
DS.d576.s0.i2 -1.000000 -0.062024
DS.d576.s1.i1 1.000000 0.686724
DS.d323.s0.i0 1.000000 0.048140
DS.d322.s1.i0 -1.000000 -0.522577
DS.d322.s1.i1 -1.000000 -0.441286
DS.d322.s0.i0 1.000000 0.910175
DS.d134.s0.i0 1.000000 0.753462
DS.d134.s0.i1 1.000000 0.607510
DS.d389.s0.i0 1.000000 0.800724
DS.d388.s0.i1 -1.000000 -0.486171
DS.d388.s0.i0 -1.000000 -0.504978
DS.d135.s1.i0 1.000000 -0.200509
DS.d135.s1.i1 -1.000000 -0.176411
DS.d135.s1.i2 -1.000000 -0.469905
DS.d135.s0.i1 -1.000000 -0.700183
DS.d135.s0.i0 -1.000000 -0.711260
DS.d383.s0.i2 1.000000 0.832031
DS.d383.s0.i1 1.000000 0.832031
DS.d382.s0.i0 1.000000 0.958888
DS.d381.s0.i4 -1.000000 -0.525653
DS.d381.s0.i5 -1.000000 -0.571512
DS.d381.s0.i0 -1.000000 -0.525365
DS.d381.s0.i2 1.000000 0.530323
DS.d381.s0.i3 1.000000 0.548689
DS.d381.s1.i0 1.000000 0.463662
DS.d380.s1.i8 -1.000000 -0.880684
DS.d380.s1.i3 -1.000000 -0.883576
DS.d380.s1.i1 -1.000000 -0.884936
DS.d380.s1.i6 -1.000000 -0.929500
DS.d380.s1.i4 -1.000000 -0.895682
DS.d380.s1.i5 -1.000000 -0.925603
DS.d380.s0.i4 -1.000000 -0.909644
DS.d380.s0.i6 -1.000000 -0.805094
DS.d380.s0.i9 -1.000000 -0.782784
DS.d380.s0.i0 -1.000000 -0.869377
DS.d380.s0.i3 -1.000000 -0.780977
DS.d380.s2.i2 1.000000 0.804251
DS.d380.s2.i0 1.000000 0.828433
DS.d380.s2.i5 1.000000 0.879577
DS.d387.s0.i0 1.000000 0.620863
DS.d387.s0.i1 1.000000 0.598192
DS.d386.s2.i1 1.000000 0.886264
DS.d386.s2.i0 1.000000 0.834472
DS.d386.s1.i0 1.000000 0.888333
DS.d386.s1.i1 1.000000 0.870187
DS.d386.s0.i0 1.000000 0.410670
DS.d385.s2.i0 -1.000000 -0.204592
DS.d385.s0.i0 1.000000 0.707918
DS.d385.s0.i1 1.000000 0.420922
DS.d385.s1.i0 1.000000 0.827348
DS.d137.s1.i0 -1.000000 -0.146974
DS.d137.s0.i0 -1.000000 -0.113506
DS.d130.s0.i8 1.000000 1.026489
DS.d130.s0.i9 1.000000 1.015633
DS.d130.s0.i6 1.000000 0.953427
DS.d130.s0.i7 1.000000 1.063203
DS.d130.s0.i4 1.000000 0.912416
DS.d130.s0.i5 1.000000 0.761174
DS.d130.s0.i2 1.000000 0.814848
DS.d130.s0.i3 1.000000 0.888127
DS.d130.s0.i0 1.000000 0.845538
DS.d130.s0.i1 1.000000 0.975307
DS.d131.s0.i0 1.000000 0.685751
DS.d132.s0.i0 -1.000000 -0.424193
DS.d133.s1.i0 -1.000000 0.047001
DS.d133.s0.i0 1.000000 0.477276
DS.d133.s3.i0 1.000000 0.809683
DS.d133.s2.i0 1.000000 0.565628
DS.d628.s0.i0 -1.000000 -0.890815
DS.d628.s0.i1 -1.000000 -0.987146
DS.d127.s0.i0 -1.000000 -0.127201
DS.d126.s0.i0 1.000000 0.797505
DS.d125.s0.i0 -1.000000 0.616142
DS.d125.s0.i1 1.000000 0.499677
DS.d124.s0.i5 1.000000 0.857435
DS.d124.s0.i4 1.000000 0.776556
DS.d124.s0.i1 1.000000 0.896722
DS.d124.s0.i0 1.000000 0.846859
DS.d124.s0.i3 1.000000 0.826982
DS.d124.s0.i2 1.000000 0.776582
DS.d123.s0.i0 -1.000000 -0.510408
DS.d122.s0.i0 1.000000 0.916716
DS.d121.s2.i0 1.000000 0.549693
DS.d121.s0.i0 1.000000 1.095120
DS.d121.s0.i1 1.000000 0.402841
DS.d121.s1.i3 -1.000000 -0.720882
DS.d121.s1.i2 -1.000000 -0.678898
DS.d121.s1.i1 -1.000000 -0.767412
DS.d121.s1.i0 -1.000000 -0.727352
DS.d120.s0.i1 -1.000000 -0.774089
DS.d120.s0.i0 -1.000000 -0.802185
DS.d120.s0.i3 -1.000000 -0.979744
DS.d120.s0.i2 -1.000000 -0.858192
DS.d120.s0.i5 -1.000000 -0.905836
DS.d120.s0.i4 -1.000000 -0.936597
DS.d796.s0.i4 -1.000000 -0.721070
DS.d796.s0.i5 -1.000000 -0.867220
DS.d796.s0.i0 -1.000000 -0.867220
DS.d796.s0.i1 -1.000000 -0.721070
DS.d796.s0.i2 -1.000000 -0.867220
DS.d796.s0.i3 -1.000000 -0.867220
DS.d796.s1.i2 1.000000 0.496125
DS.d796.s1.i1 1.000000 0.526583
DS.d796.s1.i0 1.000000 0.757869
DS.d659.s0.i0 1.000000 1.020279
DS.d658.s0.i0 1.000000 0.751070
DS.d129.s0.i0 1.000000 0.536451
DS.d128.s0.i0 1.000000 0.482975
DS.d497.s0.i0 1.000000 0.786905
DS.d497.s1.i1 1.000000 0.627382
DS.d497.s1.i0 1.000000 0.647171
DS.d496.s1.i0 1.000000 0.925724
DS.d496.s0.i1 -1.000000 -0.385066
DS.d496.s0.i0 -1.000000 -0.479216
DS.d495.s0.i0 1.000000 0.627786
DS.d494.s0.i1 1.000000 1.119952
DS.d494.s0.i0 1.000000 1.085729
DS.d493.s1.i0 1.000000 0.947423
DS.d492.s3.i0 1.000000 0.480304
DS.d492.s2.i0 1.000000 0.707787
DS.d492.s1.i0 1.000000 0.652974
DS.d492.s1.i1 1.000000 0.888186
DS.d492.s1.i2 1.000000 0.859666
DS.d492.s0.i1 -1.000000 0.090110
DS.d492.s0.i0 1.000000 0.272382
DS.d491.s0.i0 1.000000 0.461766
DS.d491.s0.i1 1.000000 0.737012
DS.d491.s1.i0 -1.000000 -0.421794
DS.d559.s0.i1 -1.000000 -0.913319
DS.d559.s0.i0 -1.000000 -0.970912
DS.d559.s0.i3 -1.000000 -0.966067
DS.d559.s0.i2 -1.000000 -0.964739
DS.d556.s0.i0 -1.000000 -0.001070
DS.d557.s0.i0 1.000000 1.005559
DS.d554.s0.i0 -1.000000 -0.665013
DS.d554.s0.i1 -1.000000 -0.797943
DS.d554.s0.i2 -1.000000 -0.680302
DS.d555.s1.i0 -1.000000 -0.052726
DS.d555.s0.i0 1.000000 0.671274
DS.d552.s0.i2 1.000000 0.510966
DS.d552.s0.i3 1.000000 0.435297
DS.d552.s0.i0 1.000000 0.452127
DS.d552.s0.i1 1.000000 0.501158
DS.d499.s0.i0 1.000000 0.031279
DS.d498.s0.i1 1.000000 0.718102
DS.d498.s0.i0 1.000000 0.718102
DS.d629.s1.i0 -1.000000 -0.582615
DS.d629.s1.i1 -1.000000 -0.587546
DS.d629.s0.i1 1.000000 0.771118
DS.d629.s0.i0 1.000000 0.783749
DS.d692.s0.i1 1.000000 0.833027
DS.d692.s0.i0 1.000000 0.826103
DS.d486.s0.i16 -1.000000 -0.990935
DS.d486.s0.i17 -1.000000 -0.942659
DS.d486.s0.i14 -1.000000 -0.932913
DS.d486.s0.i15 -1.000000 -1.030765
DS.d486.s0.i12 -1.000000 -0.999327
DS.d486.s0.i13 -1.000000 -0.879519
DS.d486.s0.i10 -1.000000 -1.078848
DS.d486.s0.i11 -1.000000 -1.013408
DS.d486.s0.i18 -1.000000 -1.020848
DS.d486.s0.i19 -1.000000 -1.051916
DS.d486.s0.i4 -1.000000 -0.967691
DS.d486.s0.i5 -1.000000 -1.077783
DS.d486.s0.i6 -1.000000 -1.031264
DS.d486.s0.i7 -1.000000 -0.993101
DS.d486.s0.i0 -1.000000 -0.993397
DS.d486.s0.i1 -1.000000 -0.918842
DS.d486.s0.i2 -1.000000 -0.871303
DS.d486.s0.i3 -1.000000 -1.052117
DS.d486.s0.i8 -1.000000 -1.019460
DS.d486.s0.i9 -1.000000 -1.057100
DS.d486.s0.i29 -1.000000 -0.942389
DS.d486.s0.i28 -1.000000 -1.007788
DS.d486.s0.i27 -1.000000 -0.798412
DS.d486.s0.i26 -1.000000 -0.926021
DS.d486.s0.i25 -1.000000 -0.932083
DS.d486.s0.i24 -1.000000 -0.899419
DS.d486.s0.i23 -1.000000 -0.952969
DS.d486.s0.i22 -1.000000 -1.057160
DS.d486.s0.i21 -1.000000 -0.931510
DS.d486.s0.i20 -1.000000 -1.035021
DS.d486.s0.i30 -1.000000 -1.036548
DS.d486.s0.i31 -1.000000 -1.059166
DS.d486.s0.i32 -1.000000 -1.023099
DS.d486.s0.i33 -1.000000 -0.949607
DS.d486.s0.i34 -1.000000 -1.046053
DS.d486.s0.i35 -1.000000 -1.009526
DS.d486.s1.i1 1.000000 0.636614
DS.d486.s1.i0 1.000000 0.604381
DS.d487.s0.i1 1.000000 0.804752
DS.d487.s0.i0 1.000000 0.782652
DS.d487.s0.i2 1.000000 0.852723
DS.d481.s0.i1 1.000000 0.737187
DS.d481.s0.i0 1.000000 0.810327
DS.d721.s0.i2 -1.000000 -0.486379
DS.d721.s0.i3 1.000000 -0.531863
DS.d721.s0.i0 -1.000000 -0.577600
DS.d721.s0.i1 -1.000000 -0.429876
DS.d721.s0.i4 -1.000000 -0.341498
DS.d721.s0.i5 -1.000000 -0.652849
DS.d720.s3.i0 1.000000 0.885219
DS.d720.s3.i1 1.000000 0.185771
DS.d720.s2.i0 1.000000 0.674406
DS.d720.s1.i0 -1.000000 -0.470618
DS.d720.s1.i1 -1.000000 -0.470618
DS.d720.s1.i2 1.000000 -0.031706
DS.d720.s1.i3 1.000000 0.271186
DS.d720.s0.i1 -1.000000 -0.445872
DS.d720.s0.i0 1.000000 -0.004901
DS.d723.s0.i0 1.000000 0.681917
DS.d725.s0.i0 1.000000 0.633575
DS.d725.s1.i1 1.000000 1.092647
DS.d725.s1.i0 1.000000 1.092647
DS.d725.s1.i2 1.000000 1.010992
DS.d724.s0.i2 1.000000 0.002011
DS.d724.s0.i1 1.000000 0.607261
DS.d724.s0.i0 -1.000000 0.387836
DS.d727.s0.i0 1.000000 0.570779
DS.d698.s1.i0 1.000000 0.574995
DS.d698.s0.i0 1.000000 0.881456
DS.d729.s0.i0 1.000000 0.301892
DS.d728.s0.i0 1.000000 0.610755
DS.d483.s1.i0 1.000000 0.517911
DS.d483.s0.i0 -1.000000 -0.445936
DS.d169.s0.i0 1.000000 1.033446
DS.d169.s0.i1 1.000000 0.945284
DS.d169.s1.i5 1.000000 0.805455
DS.d169.s1.i4 1.000000 0.828573
DS.d169.s1.i3 1.000000 0.784383
DS.d169.s1.i2 1.000000 0.761876
DS.d169.s1.i1 1.000000 0.835783
DS.d169.s1.i0 1.000000 0.800853
DS.d50.s0.i0 1.000000 0.968564
DS.d51.s0.i2 -1.000000 -0.775768
DS.d51.s0.i1 -1.000000 -0.585624
DS.d51.s0.i0 -1.000000 -0.709796
DS.d52.s2.i0 1.000000 0.872788
DS.d52.s0.i0 1.000000 0.297528
DS.d52.s1.i0 1.000000 0.775812
DS.d53.s0.i0 1.000000 0.492390
DS.d54.s0.i0 1.000000 0.369098
DS.d55.s0.i0 1.000000 0.719442
DS.d56.s0.i0 1.000000 0.485013
DS.d57.s0.i0 1.000000 0.621229
DS.d58.s0.i0 1.000000 0.571820
DS.d58.s1.i1 1.000000 0.705206
DS.d58.s1.i0 1.000000 0.459788
DS.d58.s2.i0 1.000000 0.844978
DS.d58.s3.i0 1.000000 0.844882
DS.d59.s0.i39 -1.000000 -0.961441
DS.d59.s0.i28 -1.000000 -1.012916
DS.d59.s0.i29 -1.000000 -0.962362
DS.d59.s0.i40 -1.000000 -0.978019
DS.d59.s0.i38 -1.000000 -1.028769
DS.d59.s0.i22 -1.000000 -1.047810
DS.d59.s0.i23 -1.000000 -0.973973
DS.d59.s0.i20 -1.000000 -1.025676
DS.d59.s0.i21 -1.000000 -1.034816
DS.d59.s0.i26 -1.000000 -1.014087
DS.d59.s0.i27 -1.000000 -0.965250
DS.d59.s0.i24 -1.000000 -0.927451
DS.d59.s0.i25 -1.000000 -0.912741
DS.d59.s0.i43 -1.000000 -0.999236
DS.d59.s0.i44 -1.000000 -0.933351
DS.d59.s0.i42 -1.000000 -0.993711
DS.d59.s0.i17 -1.000000 -0.979040
DS.d59.s0.i16 -1.000000 -0.956439
DS.d59.s0.i15 -1.000000 -0.844334
DS.d59.s0.i14 -1.000000 -0.952636
DS.d59.s0.i13 -1.000000 -0.967098
DS.d59.s0.i12 -1.000000 -0.966944
DS.d59.s0.i11 -1.000000 -0.986775
DS.d59.s0.i10 -1.000000 -0.999458
DS.d59.s0.i31 -1.000000 -0.941295
DS.d59.s0.i30 -1.000000 -1.001708
DS.d59.s0.i33 -1.000000 -1.021766
DS.d59.s0.i32 -1.000000 -0.968420
DS.d59.s0.i35 -1.000000 -1.014480
DS.d59.s0.i34 -1.000000 -0.939597
DS.d59.s0.i19 -1.000000 -0.896409
DS.d59.s0.i18 -1.000000 -0.941514
DS.d59.s0.i37 -1.000000 -0.978403
DS.d59.s0.i36 -1.000000 -1.042067
DS.d59.s0.i41 -1.000000 -0.987542
DS.d59.s0.i3 -1.000000 -0.948988
DS.d59.s0.i2 -1.000000 -0.927733
DS.d59.s0.i1 -1.000000 -0.870507
DS.d59.s0.i0 -1.000000 -1.028145
DS.d59.s0.i7 -1.000000 -1.034340
DS.d59.s0.i6 -1.000000 -0.953584
DS.d59.s0.i5 -1.000000 -0.952939
DS.d59.s0.i4 -1.000000 -1.052402
DS.d59.s0.i9 -1.000000 -1.003631
DS.d59.s0.i8 -1.000000 -1.038783
DS.d233.s0.i0 1.000000 0.552809
DS.d232.s2.i0 -1.000000 -0.445204
DS.d232.s1.i0 1.000000 0.708295
DS.d232.s1.i1 1.000000 0.847899
DS.d232.s1.i2 1.000000 0.846711
DS.d232.s1.i3 1.000000 0.870830
DS.d232.s0.i3 -1.000000 -0.910224
DS.d232.s0.i2 -1.000000 -0.893580
DS.d232.s0.i1 -1.000000 -0.877775
DS.d232.s0.i0 -1.000000 -0.865673
DS.d232.s0.i5 -1.000000 -0.811213
DS.d232.s0.i4 -1.000000 -0.796947
DS.d231.s0.i0 -1.000000 -0.278336
DS.d230.s0.i1 1.000000 0.993653
DS.d230.s0.i0 1.000000 0.997414
DS.d230.s0.i3 1.000000 0.970032
DS.d230.s0.i2 1.000000 0.991541
DS.d237.s0.i8 1.000000 0.981100
DS.d237.s0.i9 1.000000 0.823737
DS.d237.s0.i6 1.000000 0.969989
DS.d237.s0.i7 1.000000 0.931674
DS.d237.s0.i4 1.000000 0.866990
DS.d237.s0.i5 1.000000 0.813859
DS.d237.s0.i2 1.000000 0.861785
DS.d237.s0.i3 1.000000 1.015020
DS.d237.s0.i0 1.000000 0.957721
DS.d237.s0.i1 1.000000 0.978029
DS.d237.s0.i10 1.000000 0.856168
DS.d237.s0.i11 1.000000 0.769146
DS.d237.s0.i12 1.000000 0.818876
DS.d237.s0.i13 1.000000 0.812255
DS.d236.s0.i2 -1.000000 -0.866958
DS.d236.s0.i1 -1.000000 -0.812432
DS.d236.s0.i0 -1.000000 -0.364684
DS.d235.s0.i0 1.000000 0.816456
DS.d235.s1.i1 -1.000000 -0.581641
DS.d235.s1.i0 -1.000000 -0.674565
DS.d234.s0.i0 1.000000 1.103332
DS.d332.s0.i0 1.000000 0.725640
DS.d333.s0.i0 1.000000 0.795272
DS.d239.s2.i2 1.000000 1.013844
DS.d239.s2.i0 1.000000 0.898200
DS.d239.s2.i1 1.000000 0.902092
DS.d239.s0.i0 1.000000 1.082590
DS.d239.s0.i1 1.000000 1.158529
DS.d239.s1.i0 1.000000 0.634776
DS.d238.s0.i0 -1.000000 -0.069968
DS.d336.s0.i0 1.000000 0.879559
DS.d337.s0.i0 1.000000 0.800996
DS.d334.s0.i0 1.000000 0.841823
DS.d334.s1.i0 -1.000000 -0.352159
DS.d335.s0.i0 1.000000 0.387855
DS.d691.s0.i0 1.000000 0.466295
DS.d690.s6.i0 -1.000000 -0.046127
DS.d690.s5.i0 1.000000 0.781368
DS.d690.s5.i1 1.000000 0.866024
DS.d690.s5.i2 1.000000 1.014709
DS.d690.s5.i3 1.000000 0.882468
DS.d690.s4.i0 -1.000000 -0.851455
DS.d690.s3.i0 1.000000 1.027813
DS.d690.s2.i0 1.000000 0.727047
DS.d690.s1.i0 1.000000 0.596706
DS.d690.s0.i0 1.000000 0.736287
DS.d518.s0.i0 1.000000 1.007478
DS.d160.s0.i5 -1.000000 -0.792698
DS.d160.s0.i4 -1.000000 -0.883830
DS.d160.s0.i1 -1.000000 -1.036405
DS.d160.s0.i0 -1.000000 -0.686717
DS.d160.s0.i3 -1.000000 -0.991806
DS.d160.s0.i2 -1.000000 -0.844627
DS.d695.s0.i0 1.000000 0.797292
DS.d695.s0.i1 1.000000 0.779940
DS.d695.s1.i1 1.000000 0.335605
DS.d695.s1.i0 1.000000 0.582422
DS.d695.s1.i2 -1.000000 -0.323253
DS.d695.s2.i0 1.000000 0.756807
DS.d695.s2.i1 1.000000 0.570147
DS.d697.s0.i0 1.000000 0.377231
DS.d697.s0.i1 1.000000 0.493114
DS.d697.s0.i2 1.000000 0.387098
DS.d697.s0.i3 -1.000000 0.335939
DS.d696.s1.i0 1.000000 0.244021
DS.d696.s1.i1 -1.000000 0.188699
DS.d696.s0.i1 -1.000000 0.001075
DS.d696.s0.i0 -1.000000 -0.260894
DS.d696.s0.i3 1.000000 -0.198087
DS.d696.s0.i2 -1.000000 -0.171234
DS.d696.s0.i5 -1.000000 -0.272645
DS.d696.s0.i4 1.000000 0.098743
DS.d696.s3.i0 1.000000 0.654204
DS.d696.s3.i1 1.000000 0.688523
DS.d696.s3.i2 -1.000000 0.560300
DS.d696.s2.i0 1.000000 1.006327
DS.d696.s5.i2 -1.000000 0.352746
DS.d696.s5.i0 1.000000 0.639584
DS.d696.s5.i1 1.000000 0.356490
DS.d696.s4.i0 1.000000 1.049653
DS.d426.s0.i0 1.000000 0.866586
DS.d427.s0.i1 1.000000 0.360128
DS.d424.s0.i0 1.000000 0.717366
DS.d425.s0.i1 -1.000000 -0.722279
DS.d425.s0.i0 -1.000000 -0.921052
DS.d422.s0.i2 1.000000 0.877205
DS.d422.s0.i0 1.000000 0.914143
DS.d422.s0.i1 1.000000 0.695572
DS.d422.s1.i1 1.000000 0.586757
DS.d422.s1.i0 1.000000 0.523035
DS.d422.s1.i2 -1.000000 0.288462
DS.d423.s1.i0 1.000000 1.021979
DS.d423.s1.i1 1.000000 1.100350
DS.d423.s0.i1 1.000000 0.862672
DS.d423.s0.i0 1.000000 0.841722
DS.d420.s0.i0 1.000000 0.722931
DS.d420.s1.i0 1.000000 0.569580
DS.d421.s1.i0 1.000000 0.651964
DS.d421.s0.i0 -1.000000 0.048424
DS.d585.s0.i2 -1.000000 -0.565298
DS.d585.s0.i0 -1.000000 -0.600202
DS.d585.s0.i1 -1.000000 -0.610870
DS.d584.s0.i0 1.000000 0.108251
DS.d587.s0.i0 1.000000 0.929769
DS.d586.s0.i0 1.000000 0.784577
DS.d581.s0.i2 1.000000 0.370376
DS.d581.s0.i0 1.000000 0.748982
DS.d581.s0.i1 1.000000 0.777762
DS.d581.s1.i1 1.000000 0.191794
DS.d581.s1.i0 -1.000000 0.018838
DS.d581.s1.i2 -1.000000 -0.112058
DS.d581.s2.i0 1.000000 0.741770
DS.d581.s2.i1 1.000000 0.884794
DS.d580.s0.i1 -1.000000 0.063069
DS.d580.s0.i0 1.000000 -0.003250
DS.d428.s2.i0 -1.000000 0.147225
DS.d428.s2.i1 1.000000 0.156768
DS.d428.s0.i1 1.000000 0.191055
DS.d428.s0.i2 1.000000 0.255933
DS.d428.s1.i3 -1.000000 -0.009738
DS.d428.s1.i2 1.000000 0.357008
DS.d428.s1.i1 -1.000000 0.156278
DS.d428.s1.i0 1.000000 0.189874
DS.d582.s0.i0 1.000000 0.567864
DS.d349.s0.i0 -1.000000 -0.191849
DS.d348.s0.i0 -1.000000 0.306258
DS.d347.s0.i0 -1.000000 -0.297860
DS.d347.s1.i5 -1.000000 -0.835864
DS.d347.s1.i4 -1.000000 -0.890604
DS.d347.s1.i1 -1.000000 -0.847731
DS.d347.s1.i0 -1.000000 -0.853806
DS.d347.s1.i3 -1.000000 -0.855221
DS.d347.s1.i2 -1.000000 -0.794007
DS.d346.s1.i1 1.000000 0.620548
DS.d346.s0.i0 1.000000 0.792263
DS.d345.s2.i2 1.000000 1.035899
DS.d345.s2.i3 1.000000 1.028968
DS.d345.s2.i0 1.000000 0.969455
DS.d345.s2.i1 1.000000 0.943290
DS.d345.s3.i1 1.000000 0.900980
DS.d345.s3.i0 1.000000 0.726497
DS.d345.s3.i2 1.000000 0.876454
DS.d345.s0.i0 1.000000 0.731133
DS.d345.s1.i1 1.000000 0.887862
DS.d345.s1.i0 1.000000 0.881227
DS.d343.s0.i0 1.000000 0.885207
DS.d343.s0.i1 1.000000 0.885207
DS.d342.s0.i1 -1.000000 -0.542637
DS.d342.s0.i0 -1.000000 -0.542637
DS.d341.s2.i0 1.000000 0.471748
DS.d341.s2.i1 -1.000000 -0.318472
DS.d341.s0.i1 1.000000 0.817022
DS.d341.s1.i1 -1.000000 -0.124654
DS.d341.s1.i0 -1.000000 -0.303808
DS.d340.s0.i0 -1.000000 -0.157318
DS.d512.s0.i0 -1.000000 -0.709385
DS.d512.s0.i1 -1.000000 -0.691243
DS.d512.s1.i0 -1.000000 -0.513148
DS.d512.s2.i0 1.000000 0.790874
DS.d512.s2.i1 1.000000 0.862515
DS.d513.s0.i0 1.000000 0.808009
DS.d510.s2.i0 1.000000 0.621543
DS.d510.s0.i0 1.000000 0.895551
DS.d510.s0.i1 1.000000 0.897058
DS.d510.s1.i0 1.000000 0.663740
DS.d168.s0.i0 -1.000000 -0.425093
DS.d516.s0.i0 -1.000000 -0.770558
DS.d516.s0.i1 -1.000000 -0.771976
DS.d517.s0.i1 1.000000 0.447203
DS.d517.s0.i0 1.000000 0.620032
DS.d515.s1.i0 -1.000000 -0.321972
DS.d515.s1.i1 -1.000000 -0.393168
DS.d515.s0.i1 -1.000000 -0.536696
DS.d515.s0.i0 -1.000000 -0.624214
DS.d163.s0.i2 1.000000 0.722843
DS.d163.s0.i0 1.000000 0.682779
DS.d163.s0.i1 1.000000 0.804855
DS.d162.s1.i0 1.000000 -0.023465
DS.d162.s0.i0 1.000000 0.545181
DS.d161.s0.i4 -1.000000 -0.803627
DS.d161.s0.i5 -1.000000 -0.931064
DS.d161.s0.i0 -1.000000 -0.832491
DS.d161.s0.i1 -1.000000 -0.859263
DS.d161.s0.i2 -1.000000 -0.873463
DS.d161.s0.i3 -1.000000 -0.872566
DS.d519.s1.i0 1.000000 0.878631
DS.d519.s0.i1 -1.000000 -0.647757
DS.d519.s0.i0 -1.000000 -0.679741
DS.d519.s0.i3 -1.000000 -0.601322
DS.d519.s0.i2 -1.000000 -0.662114
DS.d519.s2.i1 -1.000000 0.233605
DS.d519.s2.i0 1.000000 0.120164
DS.d167.s0.i0 -1.000000 -0.253442
DS.d166.s0.i0 1.000000 0.025785
DS.d165.s6.i5 1.000000 0.946865
DS.d165.s6.i2 1.000000 0.926951
DS.d165.s6.i3 1.000000 0.829650
DS.d165.s6.i1 1.000000 0.858691
DS.d165.s3.i0 -1.000000 -0.391015
DS.d165.s3.i2 -1.000000 -0.662336
DS.d165.s0.i0 -1.000000 -0.295414
DS.d165.s0.i1 -1.000000 -0.224147
DS.d165.s0.i2 -1.000000 -0.607157
DS.d165.s0.i3 -1.000000 -0.520723
DS.d165.s0.i4 1.000000 -0.015429
DS.d165.s0.i5 1.000000 0.393958
DS.d164.s0.i1 -1.000000 -0.741822
DS.d164.s0.i0 -1.000000 -0.288250
DS.d164.s0.i2 -1.000000 -0.630474
DS.d196.s0.i2 1.000000 0.932385
DS.d196.s0.i3 1.000000 0.900300
DS.d196.s0.i0 1.000000 0.771721
DS.d196.s0.i1 1.000000 0.954444
DS.d196.s1.i0 1.000000 0.873683
DS.d197.s0.i1 1.000000 0.799598
DS.d197.s0.i0 1.000000 0.991552
DS.d192.s0.i0 1.000000 0.630866
DS.d193.s1.i0 1.000000 0.311289
DS.d193.s0.i0 1.000000 0.531165
DS.d191.s0.i0 -1.000000 -0.641768
DS.d429.s0.i1 -1.000000 -0.463269
DS.d429.s0.i0 -1.000000 -0.252616
DS.d198.s0.i0 1.000000 0.641506
DS.d198.s0.i1 1.000000 0.680347
DS.d198.s1.i3 1.000000 0.674987
DS.d198.s1.i2 1.000000 0.631347
DS.d198.s1.i1 1.000000 0.639423
DS.d198.s1.i0 1.000000 0.576579
DS.d199.s0.i1 1.000000 0.713279
DS.d199.s0.i0 1.000000 0.700019
DS.d706.s0.i0 1.000000 0.617282
DS.d705.s0.i0 1.000000 0.423959
DS.d765.s0.i2 -1.000000 -0.714572
DS.d765.s0.i3 -1.000000 -0.448118
DS.d765.s0.i0 -1.000000 -0.767045
DS.d765.s0.i1 -1.000000 -0.421135
DS.d765.s1.i1 -1.000000 -0.778164
DS.d765.s1.i0 -1.000000 -0.758102
DS.d765.s1.i3 -1.000000 -0.778164
DS.d765.s1.i2 -1.000000 -0.758102
DS.d764.s0.i3 -1.000000 -0.755839
DS.d764.s0.i2 -1.000000 -0.680462
DS.d764.s0.i1 -1.000000 -0.712448
DS.d764.s0.i0 -1.000000 -0.785708
DS.d764.s0.i5 -1.000000 -0.603686
DS.d764.s0.i4 -1.000000 -0.681122
DS.d767.s0.i0 1.000000 0.631129
DS.d766.s0.i1 -1.000000 -0.636457
DS.d766.s0.i0 -1.000000 -0.859254
DS.d766.s0.i3 -1.000000 -0.439442
DS.d766.s0.i2 -1.000000 -0.577841
DS.d761.s0.i2 -1.000000 -0.710814
DS.d761.s0.i0 -1.000000 -0.711239
DS.d761.s0.i1 -1.000000 -0.773692
DS.d760.s1.i0 1.000000 0.818657
DS.d760.s0.i0 1.000000 0.559798
DS.d763.s2.i0 1.000000 0.696043
DS.d763.s0.i0 1.000000 0.901537
DS.d763.s0.i1 1.000000 0.893348
DS.d762.s1.i0 1.000000 0.807075
DS.d762.s0.i1 1.000000 0.605128
DS.d762.s0.i0 1.000000 0.688548
DS.d762.s3.i7 -1.000000 -0.129638
DS.d762.s3.i1 1.000000 0.356962
DS.d762.s3.i2 1.000000 0.269097
DS.d762.s3.i3 -1.000000 -0.152407
DS.d762.s2.i1 1.000000 0.671349
DS.d762.s2.i0 1.000000 0.654257
DS.d762.s4.i1 1.000000 0.869402
DS.d762.s4.i0 1.000000 0.853188
DS.d762.s4.i3 1.000000 0.880663
DS.d762.s4.i2 1.000000 0.845152
DS.d703.s0.i0 1.000000 1.040218
DS.d769.s0.i0 1.000000 0.645867
DS.d768.s0.i1 1.000000 0.367996
DS.d768.s0.i0 1.000000 0.256358
DS.d702.s0.i2 1.000000 0.875099
DS.d702.s0.i1 1.000000 0.873390
DS.d702.s0.i0 1.000000 0.868001
DS.d14.s0.i2 -1.000000 -0.827335
DS.d14.s0.i3 -1.000000 -0.766274
DS.d14.s0.i0 -1.000000 -0.739029
DS.d14.s0.i1 -1.000000 -0.676509
DS.d14.s1.i1 -1.000000 -0.812542
DS.d14.s1.i0 -1.000000 -0.786162
DS.d15.s0.i2 1.000000 0.679543
DS.d15.s0.i1 1.000000 0.739631
DS.d15.s0.i0 1.000000 1.250394
DS.d16.s0.i0 1.000000 1.055366
DS.d17.s1.i0 -1.000000 -0.069675
DS.d17.s0.i1 -1.000000 -0.482085
DS.d17.s0.i0 -1.000000 -0.697775
DS.d10.s0.i0 1.000000 -0.163120
DS.d11.s0.i1 1.000000 0.854473
DS.d11.s0.i0 1.000000 0.614344
DS.d12.s0.i0 -1.000000 -0.324560
DS.d13.s4.i1 -1.000000 0.259508
DS.d13.s4.i0 1.000000 0.228925
DS.d13.s1.i0 1.000000 0.660106
DS.d13.s0.i1 1.000000 1.082592
DS.d13.s0.i0 1.000000 1.101221
DS.d13.s3.i0 1.000000 0.596125
DS.d13.s3.i1 1.000000 0.549185
DS.d13.s2.i2 1.000000 0.909518
DS.d13.s2.i1 1.000000 0.772781
DS.d13.s2.i0 1.000000 0.779626
DS.d606.s0.i0 -1.000000 -0.179094
DS.d607.s0.i2 -1.000000 0.233308
DS.d607.s0.i1 1.000000 0.417457
DS.d607.s0.i0 1.000000 0.460230
DS.d604.s0.i0 1.000000 1.107943
DS.d605.s1.i2 1.000000 0.476182
DS.d605.s1.i0 -1.000000 -0.268390
DS.d605.s1.i1 1.000000 0.240242
DS.d605.s0.i4 1.000000 0.942616
DS.d605.s0.i1 1.000000 0.870313
DS.d605.s0.i0 1.000000 0.996088
DS.d605.s0.i3 1.000000 0.918482
DS.d605.s0.i2 1.000000 1.011402
DS.d18.s0.i0 1.000000 0.528684
DS.d19.s0.i1 1.000000 1.018031
DS.d19.s0.i0 1.000000 0.951280
DS.d569.s0.i0 -1.000000 0.112045
DS.d569.s0.i1 1.000000 0.000132
DS.d568.s1.i0 1.000000 0.543426
DS.d568.s0.i1 -1.000000 -0.818152
DS.d568.s0.i0 -1.000000 -0.890881
DS.d568.s0.i3 -1.000000 -0.733945
DS.d568.s0.i2 -1.000000 -0.792881
DS.d568.s0.i4 -1.000000 -0.827737
DS.d568.s2.i0 1.000000 0.254614
DS.d2.s0.i0 1.000000 0.285400
DS.d443.s1.i2 1.000000 0.828725
DS.d443.s1.i0 1.000000 0.658970
DS.d443.s1.i1 1.000000 0.548290
DS.d443.s0.i1 1.000000 0.539717
DS.d443.s0.i0 1.000000 0.538468
DS.d443.s2.i2 1.000000 0.773278
DS.d443.s2.i1 -1.000000 0.328864
DS.d443.s2.i0 1.000000 0.598474
DS.d6.s0.i0 1.000000 0.733177
DS.d737.s1.i0 -1.000000 -0.288736
DS.d737.s1.i1 1.000000 0.396993
DS.d737.s0.i2 -1.000000 -0.544136
DS.d737.s0.i1 -1.000000 -0.318865
DS.d737.s0.i0 -1.000000 -0.466562
DS.d303.s0.i0 1.000000 0.296904
DS.d303.s0.i1 -1.000000 -0.320029
DS.d302.s0.i0 -1.000000 -0.232492
DS.d301.s0.i0 1.000000 0.396581
DS.d300.s0.i0 1.000000 0.609619
DS.d307.s0.i0 1.000000 0.791140
DS.d307.s1.i0 1.000000 0.889433
DS.d306.s3.i0 -1.000000 -0.702413
DS.d306.s2.i0 -1.000000 -0.125984
DS.d306.s1.i4 1.000000 0.824471
DS.d306.s1.i5 1.000000 0.878536
DS.d306.s1.i0 1.000000 0.786964
DS.d306.s1.i1 1.000000 0.825547
DS.d306.s1.i2 1.000000 0.890634
DS.d306.s1.i3 1.000000 0.841745
DS.d306.s0.i1 -1.000000 -0.327584
DS.d306.s0.i0 1.000000 0.230192
DS.d306.s4.i1 1.000000 0.561297
DS.d306.s4.i0 1.000000 0.478958
DS.d305.s0.i0 1.000000 0.932311
DS.d305.s0.i1 1.000000 0.613512
DS.d305.s0.i2 1.000000 0.991960
DS.d305.s0.i3 1.000000 0.589074
DS.d463.s0.i0 -1.000000 -0.240815
DS.d309.s2.i0 1.000000 0.751085
DS.d309.s2.i1 1.000000 0.672966
DS.d309.s0.i0 1.000000 0.861751
DS.d308.s5.i0 1.000000 0.915160
DS.d308.s5.i1 1.000000 0.915160
DS.d308.s4.i1 1.000000 1.009828
DS.d308.s4.i0 1.000000 1.009828
DS.d308.s1.i2 1.000000 0.685884
DS.d308.s1.i0 1.000000 0.759096
DS.d308.s1.i1 1.000000 0.819140
DS.d308.s0.i1 -1.000000 -0.113337
DS.d308.s0.i0 -1.000000 -0.040507
DS.d308.s3.i0 1.000000 0.949608
DS.d308.s3.i1 1.000000 1.005900
DS.d308.s2.i0 1.000000 0.514744
DS.d464.s0.i0 1.000000 0.935757
DS.d464.s0.i1 1.000000 0.886009
DS.d464.s1.i0 1.000000 0.589560
DS.d465.s0.i1 1.000000 0.796667
DS.d465.s0.i0 1.000000 0.769322
DS.d465.s0.i2 1.000000 0.817288
DS.d634.s0.i5 1.000000 0.903772
DS.d634.s0.i4 1.000000 0.974488
DS.d634.s0.i7 1.000000 0.863661
DS.d634.s0.i6 1.000000 0.899835
DS.d634.s0.i1 1.000000 0.940098
DS.d634.s0.i0 1.000000 0.904159
DS.d634.s0.i3 1.000000 0.974934
DS.d634.s0.i2 1.000000 0.859766
DS.d268.s0.i0 1.000000 0.523905
DS.d268.s0.i1 1.000000 0.540856
DS.d269.s2.i1 -1.000000 -0.669782
DS.d269.s2.i0 -1.000000 -0.605060
DS.d269.s2.i3 -1.000000 -0.764625
DS.d269.s2.i2 1.000000 0.119775
DS.d269.s2.i5 -1.000000 -0.528721
DS.d269.s2.i4 1.000000 0.148918
DS.d269.s2.i7 -1.000000 -0.658073
DS.d269.s2.i6 -1.000000 -0.736140
DS.d269.s1.i0 1.000000 0.333752
DS.d269.s1.i1 1.000000 0.282199
DS.d269.s1.i2 -1.000000 -0.266160
DS.d269.s0.i0 1.000000 0.971204
DS.d264.s0.i0 1.000000 0.218534
DS.d264.s0.i1 1.000000 0.635586
DS.d264.s1.i0 1.000000 0.596734
DS.d265.s1.i0 1.000000 0.904492
DS.d265.s1.i1 1.000000 0.826758
DS.d265.s1.i2 1.000000 0.856032
DS.d265.s1.i3 1.000000 0.934102
DS.d265.s0.i1 -1.000000 -0.463645
DS.d265.s0.i0 1.000000 0.923057
DS.d173.s0.i0 1.000000 0.522227
DS.d260.s0.i2 -1.000000 -0.036751
DS.d260.s0.i0 1.000000 0.213286
DS.d260.s0.i1 1.000000 0.353320
DS.d260.s1.i1 1.000000 0.699019
DS.d260.s1.i0 1.000000 0.699019
DS.d261.s0.i0 1.000000 0.721573
DS.d262.s0.i0 -1.000000 0.059850
DS.d263.s1.i0 1.000000 1.207332
DS.d263.s0.i10 1.000000 0.724238
DS.d263.s0.i13 1.000000 0.819507
DS.d263.s0.i9 1.000000 0.827566
DS.d263.s0.i0 1.000000 0.836916
DS.d263.s0.i3 1.000000 0.891133
DS.d263.s0.i2 1.000000 0.831071
DS.d263.s0.i7 1.000000 0.823030
DS.d369.s0.i0 1.000000 0.642314
DS.d369.s1.i0 1.000000 0.450170
DS.d564.s0.i1 -1.000000 -0.858673
DS.d564.s0.i0 -1.000000 -0.864993
DS.d631.s0.i0 1.000000 0.516989
DS.d631.s0.i1 1.000000 0.751437
DS.d283.s0.i3 1.000000 0.724593
DS.d283.s0.i0 1.000000 0.728102
DS.d736.s0.i0 1.000000 0.854997
DS.d823.s0.i0 -1.000000 -0.352719
DS.d174.s0.i2 -1.000000 -0.999522
DS.d174.s0.i3 -1.000000 -0.910462
DS.d174.s0.i0 -1.000000 -1.025805
DS.d174.s0.i1 -1.000000 -0.441519
DS.d734.s0.i0 1.000000 0.982978
DS.d734.s0.i1 1.000000 0.915903
DS.d734.s0.i2 1.000000 0.965260
DS.d734.s0.i3 1.000000 1.040216
DS.d735.s1.i0 -1.000000 -0.444775
DS.d735.s1.i1 -1.000000 -0.371396
DS.d735.s0.i0 1.000000 1.235440
DS.d735.s3.i0 -1.000000 -0.038718
DS.d735.s2.i1 -1.000000 -0.290157
DS.d735.s2.i0 1.000000 0.421274
DS.d732.s0.i2 1.000000 0.284265
DS.d732.s0.i0 -1.000000 0.489311
DS.d732.s0.i1 1.000000 0.319523
DS.d733.s0.i3 1.000000 0.781462
DS.d733.s0.i2 1.000000 0.600727
DS.d733.s0.i1 1.000000 0.647985
DS.d733.s0.i0 1.000000 0.753716
DS.d639.s0.i0 -1.000000 -0.506972
DS.d419.s0.i0 -1.000000 -0.241992
DS.d418.s0.i1 1.000000 0.892144
DS.d417.s0.i0 1.000000 0.814690
DS.d415.s0.i0 -1.000000 -0.383843
DS.d414.s0.i1 1.000000 0.985960
DS.d414.s0.i0 1.000000 0.913751
DS.d413.s0.i3 1.000000 0.349419
DS.d412.s0.i0 1.000000 0.493554
DS.d411.s0.i0 1.000000 1.107036
DS.d410.s0.i0 1.000000 0.582328
DS.d399.s0.i0 1.000000 0.716040
DS.d289.s0.i1 -1.000000 -0.461234
DS.d289.s0.i0 1.000000 0.365189
DS.d289.s0.i2 -1.000000 -0.444391
DS.d390.s0.i2 -1.000000 -0.870384
DS.d390.s0.i3 -1.000000 -0.899095
DS.d390.s0.i0 -1.000000 -0.806545
DS.d390.s0.i1 -1.000000 -0.809254
DS.d390.s0.i4 -1.000000 -0.836914
DS.d390.s0.i5 -1.000000 -0.861533
DS.d392.s0.i0 1.000000 1.038700
DS.d393.s1.i2 -1.000000 -0.804342
DS.d393.s1.i3 -1.000000 -0.822410
DS.d393.s1.i0 -1.000000 -0.687085
DS.d393.s1.i1 -1.000000 -0.658671
DS.d393.s0.i1 -1.000000 -0.758164
DS.d393.s0.i0 -1.000000 -0.740357
DS.d393.s0.i3 -1.000000 -0.675507
DS.d393.s0.i2 -1.000000 -0.690313
DS.d394.s0.i0 1.000000 0.664382
DS.d394.s0.i1 1.000000 0.748161
DS.d395.s1.i0 1.000000 0.780205
DS.d395.s0.i1 1.000000 0.490449
DS.d395.s0.i0 1.000000 0.503426
DS.d526.s2.i1 -1.000000 -0.367153
DS.d526.s2.i0 -1.000000 -0.456628
DS.d526.s0.i3 -1.000000 0.055444
DS.d526.s0.i2 1.000000 0.713198
DS.d526.s0.i1 1.000000 0.191679
DS.d526.s0.i0 1.000000 0.832237
DS.d566.s0.i1 1.000000 0.554727
DS.d566.s0.i0 1.000000 0.510312
DS.d565.s0.i0 1.000000 0.873583
DS.d642.s0.i0 -1.000000 -0.329739
DS.d643.s0.i3 1.000000 0.451559
DS.d643.s0.i1 -1.000000 -0.292827
DS.d643.s0.i5 1.000000 0.306578
DS.d643.s0.i4 -1.000000 -0.404861
DS.d640.s0.i0 -1.000000 -0.458466
DS.d641.s0.i1 1.000000 0.950357
DS.d641.s0.i0 1.000000 1.009556
DS.d646.s0.i4 1.000000 0.718049
DS.d646.s0.i5 1.000000 0.733485
DS.d646.s0.i2 1.000000 0.770210
DS.d646.s0.i3 1.000000 0.790714
DS.d646.s0.i0 1.000000 0.734457
DS.d646.s0.i1 1.000000 0.734960
DS.d647.s0.i0 -1.000000 -0.175146
DS.d644.s0.i0 -1.000000 -0.428236
DS.d645.s0.i0 1.000000 0.983804
DS.d563.s0.i6 -1.000000 -0.896648
DS.d563.s0.i7 -1.000000 -0.984126
DS.d563.s0.i4 -1.000000 -0.740363
DS.d563.s0.i5 -1.000000 -0.713816
DS.d563.s0.i2 -1.000000 -0.889572
DS.d563.s0.i3 -1.000000 -0.972123
DS.d563.s0.i0 -1.000000 -0.967171
DS.d563.s0.i1 -1.000000 -0.973723
DS.d648.s0.i0 1.000000 0.661449
DS.d648.s0.i1 1.000000 0.623060
DS.d648.s0.i2 1.000000 0.789343
DS.d649.s0.i5 -1.000000 -0.240369
DS.d649.s0.i4 -1.000000 -0.285450
DS.d649.s0.i7 1.000000 0.238938
DS.d649.s0.i6 1.000000 0.227282
DS.d649.s0.i1 1.000000 0.167286
DS.d649.s0.i0 -1.000000 -0.255219
DS.d649.s0.i3 1.000000 0.175918
DS.d649.s0.i2 -1.000000 -0.225809
DS.d138.s0.i0 1.000000 0.740798
DS.d138.s1.i0 1.000000 0.571859
DS.d138.s2.i0 1.000000 0.763260
DS.d138.s3.i0 1.000000 0.690036
DS.d139.s2.i1 1.000000 0.789827
DS.d139.s2.i0 1.000000 0.789827
DS.d139.s2.i2 1.000000 0.839116
DS.d139.s1.i0 1.000000 0.901989
DS.d139.s1.i1 1.000000 0.802059
DS.d139.s1.i2 1.000000 0.876001
DS.d139.s1.i3 1.000000 0.772751
DS.d139.s0.i1 1.000000 0.871601
DS.d139.s0.i0 1.000000 0.812325
DS.d562.s1.i0 1.000000 0.626151
DS.d562.s0.i0 -1.000000 -0.204736
DS.d484.s0.i0 1.000000 0.878348
DS.d484.s0.i1 1.000000 0.681198
DS.d484.s1.i1 -1.000000 -0.557462
DS.d484.s1.i0 -1.000000 -0.624250
DS.d655.s0.i0 1.000000 0.667749
DS.d655.s0.i1 1.000000 0.458187
DS.d655.s1.i1 1.000000 0.000753
DS.d655.s1.i0 -1.000000 -0.298909
DS.d655.s1.i2 -1.000000 -0.299815
DS.d529.s0.i0 -1.000000 -0.690082
DS.d528.s0.i1 1.000000 0.252542
DS.d528.s0.i0 1.000000 0.281661
DS.d480.s0.i0 -1.000000 0.064608
DS.d561.s0.i0 -1.000000 -0.758328
DS.d482.s0.i0 -1.000000 -0.651949
DS.d482.s0.i1 -1.000000 -0.700039
DS.d654.s1.i0 1.000000 0.853436
DS.d654.s0.i0 1.000000 0.826595
DS.d523.s0.i0 -1.000000 -0.231331
DS.d523.s1.i1 1.000000 0.862344
DS.d523.s1.i0 1.000000 0.743737
DS.d522.s0.i1 -1.000000 -0.652179
DS.d522.s0.i0 -1.000000 -0.630764
DS.d521.s0.i0 1.000000 0.972001
DS.d521.s0.i1 1.000000 0.941182
DS.d520.s1.i2 -1.000000 0.088255
DS.d520.s1.i0 1.000000 0.355566
DS.d520.s1.i1 1.000000 0.214080
DS.d527.s0.i2 1.000000 0.561328
DS.d527.s0.i3 1.000000 0.609862
DS.d527.s0.i0 1.000000 0.721836
DS.d527.s0.i1 1.000000 0.898548
DS.d527.s1.i1 1.000000 0.324503
DS.d527.s1.i0 1.000000 0.427834
DS.d657.s0.i0 1.000000 0.703464
DS.d525.s0.i0 1.000000 0.494101
DS.d525.s0.i1 1.000000 0.449930
DS.d524.s0.i0 1.000000 0.607534
DS.d656.s0.i1 -1.000000 -0.356885
DS.d656.s0.i0 -1.000000 -0.460404
DS.d656.s0.i2 -1.000000 -0.873933
DS.d651.s0.i0 -1.000000 -0.604698
DS.d693.s0.i0 -1.000000 -0.885627
DS.d693.s0.i1 -1.000000 -0.921514
DS.d693.s0.i2 -1.000000 -0.916037
DS.d693.s0.i3 -1.000000 -0.862627
DS.d650.s3.i0 1.000000 0.682451
DS.d650.s3.i1 1.000000 0.742907
DS.d650.s2.i1 1.000000 0.951577
DS.d650.s2.i0 1.000000 0.860671
DS.d650.s1.i0 1.000000 0.827617
DS.d650.s1.i1 1.000000 0.898964
DS.d650.s0.i0 1.000000 1.001405
DS.d136.s0.i0 1.000000 0.877971
DS.d136.s0.i1 1.000000 1.007961
DS.d653.s0.i0 1.000000 0.708561
DS.d653.s0.i1 1.000000 0.731545
DS.d653.s0.i2 1.000000 0.758711
DS.d602.s0.i0 -1.000000 -0.205157
DS.d652.s1.i5 -1.000000 -0.339511
DS.d652.s1.i2 -1.000000 -0.464945
DS.d652.s1.i3 -1.000000 -0.241915
DS.d652.s1.i0 1.000000 -0.220700
DS.d652.s1.i1 -1.000000 -0.485157
DS.d652.s0.i1 -1.000000 0.178321
DS.d652.s0.i0 1.000000 0.568921
DS.d652.s2.i1 -1.000000 -0.397751
DS.d603.s0.i1 1.000000 0.181191
DS.d603.s0.i0 -1.000000 0.271957
DS.d488.s0.i10 1.000000 0.508898
DS.d488.s0.i11 -1.000000 -0.114848
DS.d488.s0.i12 -1.000000 -0.104657
DS.d488.s0.i6 1.000000 0.506766
DS.d488.s0.i7 1.000000 0.593107
DS.d488.s0.i4 1.000000 0.544346
DS.d488.s0.i5 1.000000 0.602813
DS.d488.s0.i2 1.000000 0.523937
DS.d488.s0.i3 1.000000 0.575437
DS.d488.s0.i0 1.000000 0.490708
DS.d488.s0.i1 1.000000 0.519458
DS.d488.s0.i14 -1.000000 -0.102034
DS.d488.s0.i13 -1.000000 -0.117514
DS.d488.s0.i8 -1.000000 -0.081530
DS.d488.s0.i9 1.000000 0.515552
DS.d600.s0.i0 1.000000 0.704161
DS.d601.s0.i0 1.000000 0.480529
DS.d636.s0.i1 1.000000 0.092156
DS.d636.s0.i0 -1.000000 -0.365527
DS.d635.s0.i0 1.000000 1.044407
DS.d635.s0.i1 1.000000 0.676541
DS.d829.s0.i0 1.000000 0.506083
DS.d633.s0.i2 1.000000 0.776576
DS.d633.s0.i3 1.000000 0.732174
DS.d633.s0.i0 1.000000 0.742069
DS.d633.s0.i1 1.000000 0.590840
DS.d633.s1.i1 1.000000 1.040677
DS.d633.s1.i0 1.000000 0.970576
DS.d633.s1.i3 1.000000 0.988672
DS.d633.s1.i2 1.000000 0.995881
DS.d633.s2.i0 1.000000 0.911852
DS.d633.s2.i1 1.000000 0.825171
DS.d633.s3.i1 1.000000 0.901731
DS.d633.s3.i0 1.000000 0.964841
DS.d632.s1.i0 1.000000 0.906456
DS.d632.s1.i1 1.000000 0.904775
DS.d632.s0.i1 -1.000000 -0.306003
DS.d632.s0.i0 -1.000000 -0.384688
DS.d738.s0.i0 1.000000 0.843765
DS.d738.s0.i1 1.000000 0.796699
DS.d738.s1.i0 -1.000000 -0.318064
DS.d739.s1.i7 1.000000 0.754809
DS.d739.s1.i5 1.000000 0.825642
DS.d739.s1.i3 1.000000 0.843965
DS.d739.s1.i1 1.000000 0.746460
DS.d739.s0.i1 1.000000 0.522167
DS.d739.s0.i3 1.000000 0.528483
DS.d739.s0.i2 -1.000000 -0.306335
DS.d822.s0.i0 -1.000000 -0.157170
DS.d790.s0.i0 -1.000000 -0.663220
DS.d790.s0.i1 -1.000000 -0.605422
DS.d820.s2.i0 -1.000000 -0.500952
DS.d820.s2.i1 -1.000000 -0.996844
DS.d820.s3.i0 -1.000000 -0.306833
DS.d820.s0.i0 -1.000000 -0.448585
DS.d820.s0.i1 -1.000000 -0.478313
DS.d820.s0.i2 -1.000000 -0.205235
DS.d820.s1.i0 1.000000 0.199422
DS.d821.s0.i1 -1.000000 -0.521389
DS.d821.s0.i0 -1.000000 -0.617186
DS.d826.s0.i6 1.000000 0.877002
DS.d826.s0.i7 1.000000 0.860909
DS.d826.s0.i4 1.000000 0.988858
DS.d826.s0.i5 1.000000 0.778825
DS.d826.s0.i2 1.000000 0.893981
DS.d826.s0.i3 1.000000 1.005522
DS.d826.s0.i0 1.000000 0.746036
DS.d826.s0.i1 1.000000 0.884263
DS.d826.s1.i1 1.000000 0.608896
DS.d826.s1.i0 1.000000 0.642724
DS.d826.s1.i2 1.000000 0.619602
DS.d826.s2.i0 1.000000 0.976408
DS.d826.s2.i1 1.000000 1.007716
DS.d826.s2.i2 1.000000 1.015841
DS.d826.s2.i3 1.000000 1.036728
DS.d826.s3.i3 1.000000 1.090090
DS.d826.s3.i2 1.000000 1.090090
DS.d826.s3.i1 1.000000 0.952427
DS.d826.s3.i0 1.000000 0.952427
DS.d827.s0.i2 -1.000000 -0.831705
DS.d827.s0.i1 -1.000000 -0.532137
DS.d827.s0.i0 -1.000000 -0.725569
DS.d824.s0.i0 1.000000 0.581403
DS.d824.s0.i1 1.000000 0.466420
DS.d731.s1.i2 1.000000 0.266928
DS.d731.s1.i0 -1.000000 -0.046327
DS.d731.s1.i1 -1.000000 -0.046327
DS.d731.s0.i0 -1.000000 -0.129406
DS.d609.s1.i2 1.000000 0.266950
DS.d609.s1.i0 -1.000000 -0.242842
DS.d609.s1.i1 -1.000000 -0.250081
DS.d609.s0.i1 -1.000000 -0.353138
DS.d609.s0.i0 -1.000000 -0.992959
DS.d792.s0.i0 1.000000 0.249941
DS.d792.s0.i1 -1.000000 -0.063920
DS.d49.s2.i0 1.000000 0.844227
DS.d49.s2.i1 1.000000 0.865411
DS.d49.s0.i0 1.000000 0.705124
DS.d49.s0.i1 1.000000 0.743585
DS.d49.s0.i2 1.000000 0.719967
DS.d49.s0.i3 1.000000 0.698469
DS.d49.s1.i3 1.000000 0.393175
DS.d49.s1.i2 -1.000000 0.333361
DS.d49.s1.i1 1.000000 0.413981
DS.d49.s1.i0 1.000000 0.412404
DS.d47.s0.i0 1.000000 0.811900
DS.d47.s0.i1 1.000000 0.769035
DS.d46.s0.i3 -1.000000 -0.849294
DS.d46.s0.i2 -1.000000 -0.930976
DS.d46.s0.i1 -1.000000 -0.838244
DS.d46.s0.i0 -1.000000 -0.918760
DS.d46.s0.i7 -1.000000 -0.827355
DS.d46.s0.i6 -1.000000 -0.941834
DS.d46.s0.i5 -1.000000 -0.929987
DS.d46.s0.i4 -1.000000 -0.833823
DS.d45.s0.i0 -1.000000 -0.677258
DS.d45.s0.i1 -1.000000 -0.677258
DS.d793.s1.i0 1.000000 0.419315
DS.d793.s1.i1 1.000000 0.243997
DS.d793.s0.i1 1.000000 0.769877
DS.d793.s0.i0 1.000000 0.773869
DS.d43.s0.i0 1.000000 0.736069
DS.d42.s0.i0 1.000000 0.585026
DS.d41.s0.i0 -1.000000 -0.494084
DS.d41.s0.i1 -1.000000 -0.559258
DS.d40.s0.i0 1.000000 0.808159
DS.d220.s0.i0 -1.000000 -0.349030
DS.d220.s0.i1 -1.000000 -0.628368
DS.d220.s1.i1 1.000000 0.003513
DS.d220.s1.i0 -1.000000 -0.429800
DS.d221.s0.i0 1.000000 0.744720
DS.d222.s0.i0 1.000000 0.485149
DS.d223.s1.i0 1.000000 0.717748
DS.d223.s1.i1 1.000000 0.745345
DS.d223.s0.i1 -1.000000 -0.382338
DS.d223.s0.i0 1.000000 0.249768
DS.d224.s0.i0 1.000000 0.793641
DS.d224.s1.i0 1.000000 0.667058
DS.d225.s1.i0 1.000000 0.766489
DS.d225.s0.i0 1.000000 0.663252
DS.d227.s0.i1 1.000000 0.654348
DS.d227.s0.i0 1.000000 0.654348
DS.d228.s0.i0 1.000000 0.859952
DS.d228.s1.i1 1.000000 0.793958
DS.d228.s1.i0 1.000000 0.643689
DS.d229.s0.i0 1.000000 0.804463
DS.d558.s0.i0 -1.000000 -0.378967
DS.d558.s1.i1 -1.000000 -0.288450
DS.d558.s1.i0 1.000000 -0.111766
DS.d638.s0.i1 1.000000 0.931770
DS.d638.s0.i0 1.000000 0.739196
DS.d638.s0.i3 1.000000 0.742769
DS.d638.s0.i2 1.000000 0.754689
DS.d453.s0.i0 -1.000000 -0.612427
DS.d452.s0.i3 1.000000 0.563743
DS.d452.s0.i2 -1.000000 -0.257457
DS.d452.s0.i1 -1.000000 -0.097561
DS.d452.s0.i0 1.000000 0.385866
DS.d452.s0.i5 1.000000 0.366119
DS.d452.s0.i4 -1.000000 -0.232054
DS.d598.s0.i0 1.000000 1.005563
DS.d598.s0.i1 1.000000 1.005563
DS.d450.s1.i0 1.000000 0.402074
DS.d450.s1.i1 -1.000000 -0.253581
DS.d450.s0.i0 1.000000 0.437922
DS.d457.s0.i0 1.000000 0.551533
DS.d457.s1.i1 1.000000 0.224861
DS.d457.s1.i0 -1.000000 -0.235150
DS.d457.s1.i3 -1.000000 -0.313111
DS.d457.s1.i2 1.000000 0.210730
DS.d503.s0.i0 1.000000 0.869627
DS.d455.s0.i0 1.000000 0.391621
DS.d455.s0.i1 1.000000 0.365210
DS.d454.s0.i1 1.000000 -0.032490
DS.d454.s0.i0 -1.000000 -0.395988
DS.d454.s0.i2 -1.000000 -0.267949
DS.d593.s0.i0 1.000000 0.831879
DS.d459.s0.i0 -1.000000 -0.758084
DS.d459.s0.i1 -1.000000 -0.980308
DS.d459.s0.i2 -1.000000 -0.781775
DS.d459.s0.i3 -1.000000 -0.801241
DS.d458.s4.i0 1.000000 0.481872
DS.d458.s1.i0 1.000000 0.697688
DS.d458.s0.i0 1.000000 0.874983
DS.d458.s3.i0 1.000000 0.508867
DS.d458.s2.i0 -1.000000 -0.534128
DS.d596.s0.i0 1.000000 0.516883
DS.d596.s0.i1 1.000000 0.748201
DS.d597.s0.i5 -1.000000 -0.835386
DS.d597.s0.i4 -1.000000 -0.868691
DS.d597.s0.i3 -1.000000 -0.859722
DS.d597.s0.i2 -1.000000 -0.884009
DS.d597.s0.i1 -1.000000 -0.869340
DS.d597.s0.i0 -1.000000 -0.897932
DS.d594.s0.i0 1.000000 0.841703
DS.d594.s0.i1 1.000000 0.861299
DS.d594.s0.i2 1.000000 0.872185
DS.d295.s0.i0 1.000000 0.933894
DS.d295.s1.i0 -1.000000 -0.433714
DS.d294.s0.i2 1.000000 1.000668
DS.d294.s0.i1 1.000000 0.922173
DS.d294.s0.i0 1.000000 0.924914
DS.d297.s0.i0 1.000000 0.880353
DS.d296.s0.i0 1.000000 0.975144
DS.d291.s0.i0 -1.000000 -0.441984
DS.d359.s0.i1 -1.000000 -0.293087
DS.d359.s0.i0 -1.000000 -0.410052
DS.d293.s0.i0 1.000000 0.632678
DS.d293.s0.i1 1.000000 0.918198
DS.d292.s0.i0 -1.000000 -1.073701
DS.d292.s0.i3 -1.000000 -0.648725
DS.d354.s0.i0 -1.000000 -0.199556
DS.d355.s0.i0 -1.000000 -0.649817
DS.d356.s0.i0 -1.000000 0.040419
DS.d357.s0.i1 1.000000 1.133160
DS.d350.s0.i2 1.000000 0.852553
DS.d350.s0.i3 1.000000 0.784437
DS.d350.s0.i0 1.000000 0.740262
DS.d350.s0.i1 1.000000 0.752277
DS.d350.s1.i1 -1.000000 -0.641530
DS.d350.s1.i0 -1.000000 -0.664900
DS.d350.s1.i3 -1.000000 -0.660285
DS.d350.s1.i2 -1.000000 -0.509388
DS.d298.s0.i0 1.000000 0.632329
DS.d352.s0.i0 1.000000 1.024809
DS.d352.s0.i1 1.000000 1.091558
DS.d353.s0.i1 1.000000 0.935277
DS.d353.s0.i0 1.000000 0.979102
DS.d509.s0.i2 -1.000000 -0.722707
DS.d509.s0.i0 -1.000000 -0.717034
DS.d509.s0.i1 -1.000000 -0.657040
DS.d560.s0.i1 1.000000 0.951933
DS.d560.s0.i0 1.000000 0.963522
DS.d560.s0.i3 1.000000 0.943200
DS.d560.s0.i2 1.000000 0.941245
DS.d804.s0.i0 1.000000 0.375651
DS.d686.s0.i0 1.000000 0.631633
DS.d686.s0.i1 1.000000 0.549527
DS.d684.s0.i0 -1.000000 -0.262122
DS.d684.s0.i1 1.000000 0.258262
DS.d684.s0.i2 -1.000000 -0.128620
DS.d684.s0.i3 1.000000 0.476161
DS.d685.s1.i1 1.000000 0.963095
DS.d685.s0.i1 1.000000 0.819240
DS.d685.s0.i0 1.000000 0.825125
DS.d685.s0.i2 1.000000 0.876928
DS.d682.s0.i2 1.000000 0.556899
DS.d682.s0.i0 1.000000 0.614357
DS.d682.s0.i1 1.000000 0.578248
DS.d683.s0.i5 -1.000000 -0.845513
DS.d683.s0.i4 -1.000000 -0.881987
DS.d683.s0.i3 -1.000000 -0.821561
DS.d683.s0.i2 -1.000000 -0.871675
DS.d683.s0.i1 -1.000000 -0.837371
DS.d683.s0.i0 -1.000000 -0.872677
DS.d680.s0.i0 1.000000 0.912172
DS.d680.s0.i1 1.000000 0.920098
DS.d680.s0.i2 1.000000 1.016693
DS.d680.s1.i0 1.000000 0.539592
DS.d681.s1.i6 1.000000 0.118625
DS.d681.s1.i7 -1.000000 -0.481841
DS.d681.s1.i4 1.000000 0.238191
DS.d681.s1.i5 -1.000000 -0.569384
DS.d681.s1.i2 -1.000000 -0.548179
DS.d681.s1.i3 -1.000000 -0.592793
DS.d681.s1.i0 -1.000000 -0.565148
DS.d681.s1.i1 -1.000000 -0.494578
DS.d681.s1.i8 1.000000 0.260541
DS.d681.s0.i1 1.000000 0.623785
DS.d681.s0.i0 1.000000 0.842035
DS.d688.s0.i0 1.000000 0.931125
DS.d688.s1.i0 -1.000000 -0.010114
DS.d689.s0.i1 -1.000000 -0.599089
DS.d689.s0.i0 -1.000000 -0.553361
DS.d178.s0.i0 1.000000 0.529416
DS.d178.s1.i1 -1.000000 -0.522523
DS.d178.s1.i0 -1.000000 -0.646178
DS.d98.s0.i4 1.000000 0.875923
DS.d98.s0.i5 1.000000 0.806988
DS.d98.s0.i2 1.000000 0.937279
DS.d98.s0.i3 1.000000 0.827121
DS.d98.s0.i0 1.000000 0.900136
DS.d98.s0.i1 1.000000 0.905021
DS.d98.s1.i1 -1.000000 -0.735927
DS.d98.s1.i0 -1.000000 -0.813511
DS.d98.s1.i2 -1.000000 -0.817288
DS.d99.s0.i0 1.000000 0.813188
DS.d94.s0.i0 -1.000000 -0.551446
DS.d94.s1.i1 1.000000 0.784296
DS.d94.s1.i0 1.000000 0.787404
DS.d94.s1.i2 1.000000 0.869871
DS.d94.s2.i0 -1.000000 -0.269801
DS.d171.s1.i0 1.000000 0.854004
DS.d171.s0.i0 1.000000 0.194175
DS.d96.s0.i0 -1.000000 -0.246450
DS.d96.s0.i1 1.000000 0.260656
DS.d96.s0.i2 -1.000000 -0.314757
DS.d96.s0.i3 1.000000 0.197403
DS.d96.s1.i1 1.000000 0.655769
DS.d96.s1.i0 1.000000 0.904845
DS.d97.s0.i0 1.000000 0.739253
DS.d90.s0.i0 -1.000000 -0.845828
DS.d90.s0.i1 -1.000000 -0.882970
DS.d90.s1.i5 1.000000 0.828118
DS.d90.s1.i4 1.000000 0.858653
DS.d90.s1.i1 1.000000 1.106106
DS.d90.s1.i0 1.000000 1.022472
DS.d90.s1.i3 1.000000 0.786496
DS.d90.s1.i2 1.000000 0.896076
DS.d91.s0.i5 1.000000 -0.271191
DS.d91.s0.i4 -1.000000 -0.484181
DS.d91.s0.i3 -1.000000 -0.563162
DS.d91.s0.i2 -1.000000 -0.631721
DS.d91.s0.i1 -1.000000 -0.632538
DS.d91.s0.i0 -1.000000 -0.561329
DS.d92.s2.i0 1.000000 0.481806
DS.d92.s3.i0 1.000000 0.597371
DS.d92.s0.i0 1.000000 0.493090
DS.d92.s1.i0 1.000000 0.390912
DS.d93.s0.i0 1.000000 0.638759
DS.d772.s0.i0 -1.000000 -0.191834
DS.d772.s0.i1 -1.000000 -0.285677
DS.d773.s0.i1 -1.000000 -0.844050
DS.d773.s0.i0 -1.000000 -0.759283
DS.d770.s0.i0 1.000000 0.555800
DS.d770.s0.i1 1.000000 0.607442
DS.d771.s0.i0 1.000000 0.619129
DS.d776.s0.i0 1.000000 0.442613
DS.d776.s0.i1 1.000000 0.442613
DS.d777.s0.i0 -1.000000 -0.351278
DS.d774.s0.i0 -1.000000 -0.238538
DS.d774.s0.i1 1.000000 0.600591
DS.d774.s1.i1 1.000000 0.419849
DS.d774.s1.i0 -1.000000 -0.244437
DS.d775.s0.i0 1.000000 0.570685
DS.d778.s2.i0 1.000000 0.686894
DS.d778.s2.i1 1.000000 0.640097
DS.d778.s0.i0 1.000000 0.921763
DS.d778.s1.i1 1.000000 0.822610
DS.d778.s1.i0 -1.000000 -0.121291
DS.d779.s0.i0 -1.000000 -0.543850
DS.d574.s0.i2 -1.000000 -0.722439
DS.d574.s0.i3 -1.000000 -0.686678
DS.d574.s0.i0 -1.000000 -0.824290
DS.d574.s0.i1 -1.000000 -0.861194
DS.d575.s2.i0 -1.000000 0.234084
DS.d575.s1.i0 1.000000 0.726560
DS.d575.s1.i1 1.000000 0.564529
DS.d575.s0.i0 1.000000 0.816699
DS.d679.s0.i0 -1.000000 -0.361295
DS.d678.s0.i1 -1.000000 -0.817575
DS.d678.s0.i0 -1.000000 -0.758092
DS.d678.s0.i3 -1.000000 -0.805156
DS.d678.s0.i2 -1.000000 -0.749414
DS.d570.s0.i0 1.000000 0.938352
DS.d570.s1.i0 1.000000 0.846972
DS.d570.s2.i0 1.000000 1.023085
DS.d570.s3.i0 1.000000 0.721225
DS.d571.s0.i0 -1.000000 -0.820669
DS.d572.s0.i0 -1.000000 -0.467036
DS.d572.s0.i1 -1.000000 -0.508441
DS.d573.s0.i1 1.000000 0.860793
DS.d573.s0.i0 1.000000 0.970389
DS.d573.s0.i3 1.000000 0.862422
DS.d573.s0.i2 1.000000 0.978955
DS.d673.s0.i0 1.000000 1.147390
DS.d671.s0.i0 1.000000 0.926518
DS.d671.s0.i1 1.000000 1.013562
DS.d671.s0.i2 1.000000 0.896973
DS.d670.s0.i1 1.000000 0.929775
DS.d670.s0.i0 1.000000 0.770255
DS.d578.s0.i2 -1.000000 -0.657159
DS.d578.s0.i0 -1.000000 -0.549107
DS.d578.s0.i1 -1.000000 -0.607982
DS.d676.s0.i0 1.000000 0.511437
DS.d675.s0.i0 1.000000 0.955244
DS.d674.s0.i1 1.000000 0.717680
DS.d674.s0.i0 1.000000 0.805434
DS.d805.s0.i2 -1.000000 -1.012151
DS.d805.s0.i1 -1.000000 -0.669755
DS.d805.s0.i0 -1.000000 -0.582232
DS.d608.s0.i0 1.000000 0.931270
DS.d608.s1.i1 1.000000 0.827185
DS.d608.s1.i0 1.000000 0.774801
DS.d707.s0.i0 1.000000 0.695829
DS.d707.s0.i1 1.000000 0.578800
DS.d707.s1.i0 1.000000 0.462694
DS.d812.s0.i2 -1.000000 -0.876606
DS.d812.s0.i1 -1.000000 -0.654368
DS.d812.s0.i0 -1.000000 -0.914385
DS.d811.s0.i0 1.000000 0.930712
DS.d811.s1.i1 1.000000 0.962875
DS.d811.s1.i0 1.000000 1.027074
DS.d810.s1.i2 1.000000 0.260234
DS.d810.s1.i3 1.000000 0.054595
DS.d810.s1.i0 -1.000000 0.495494
DS.d810.s1.i1 1.000000 0.957849
DS.d810.s0.i5 1.000000 0.775959
DS.d810.s0.i4 1.000000 0.863319
DS.d810.s0.i1 1.000000 0.815528
DS.d810.s0.i0 1.000000 0.939185
DS.d810.s0.i3 1.000000 0.811407
DS.d810.s0.i2 1.000000 0.800901
DS.d810.s3.i0 1.000000 0.860688
DS.d810.s2.i1 1.000000 0.718939
DS.d810.s2.i0 1.000000 1.047737
DS.d817.s0.i0 1.000000 0.870412
DS.d817.s0.i1 1.000000 0.910684
DS.d817.s1.i1 1.000000 0.815916
DS.d817.s1.i0 1.000000 0.800083
DS.d817.s1.i3 1.000000 0.984849
DS.d817.s1.i2 1.000000 0.810540
DS.d817.s1.i4 1.000000 0.913251
DS.d816.s0.i5 1.000000 0.335616
DS.d816.s0.i4 -1.000000 -0.242606
DS.d816.s0.i3 1.000000 0.237012
DS.d816.s0.i2 -1.000000 0.143353
DS.d816.s0.i1 -1.000000 -0.319306
DS.d816.s0.i0 1.000000 0.136459
DS.d701.s0.i0 -1.000000 -0.896962
DS.d701.s0.i1 -1.000000 -0.945219
DS.d814.s1.i0 -1.000000 -0.652915
DS.d814.s1.i1 -1.000000 -0.755885
DS.d814.s0.i1 -1.000000 -0.815752
DS.d814.s0.i0 -1.000000 -0.611815
DS.d814.s0.i2 -1.000000 -0.764667
DS.d815.s0.i0 1.000000 0.848305
DS.d815.s0.i1 1.000000 0.958067
DS.d815.s0.i2 1.000000 0.891824
DS.d819.s0.i0 1.000000 0.167408
DS.d819.s0.i1 -1.000000 -0.191053
DS.d818.s1.i2 1.000000 0.813084
DS.d818.s1.i3 1.000000 0.813084
DS.d818.s1.i0 1.000000 0.813084
DS.d818.s1.i1 1.000000 0.683156
DS.d818.s1.i4 1.000000 0.683156
DS.d818.s1.i5 1.000000 0.683156
DS.d818.s0.i1 1.000000 0.858690
DS.d818.s0.i0 1.000000 0.858690
DS.d818.s0.i3 1.000000 0.828937
DS.d818.s0.i2 1.000000 0.791109
DS.d818.s2.i3 1.000000 0.994272
DS.d818.s2.i2 1.000000 0.834479
DS.d818.s2.i1 1.000000 0.834479
DS.d818.s2.i0 1.000000 0.994272
DS.d818.s2.i5 1.000000 0.834479
DS.d818.s2.i4 1.000000 0.994272
DS.d709.s0.i0 1.000000 0.781312
DS.d708.s0.i0 -1.000000 -0.432012
DS.d76.s0.i2 1.000000 0.669806
DS.d76.s0.i3 1.000000 0.625864
DS.d76.s0.i0 1.000000 0.623879
DS.d76.s0.i1 1.000000 0.653770
DS.d76.s1.i1 1.000000 0.780721
DS.d76.s1.i0 1.000000 0.826365
DS.d76.s1.i3 1.000000 0.821672
DS.d76.s1.i2 1.000000 0.801423
DS.d77.s0.i1 -1.000000 0.147883
DS.d77.s0.i0 1.000000 0.343966
DS.d75.s0.i0 -1.000000 -0.612582
DS.d73.s0.i1 -1.000000 -0.897734
DS.d73.s0.i0 -1.000000 -0.819371
DS.d70.s0.i0 1.000000 0.590474
DS.d70.s0.i1 1.000000 0.607670
DS.d70.s1.i3 1.000000 0.730082
DS.d70.s1.i2 1.000000 0.536496
DS.d70.s1.i1 1.000000 0.537899
DS.d70.s1.i0 1.000000 0.708146
DS.d71.s0.i0 1.000000 0.598017
DS.d78.s0.i0 -1.000000 -0.355116
DS.d78.s1.i0 -1.000000 -0.284273
DS.d79.s0.i0 -1.000000 0.145561
DS.d310.s0.i2 1.000000 0.314981
DS.d310.s0.i0 1.000000 0.205536
DS.d310.s0.i1 -1.000000 -0.001366
DS.d310.s1.i1 -1.000000 -0.936897
DS.d310.s1.i0 -1.000000 -0.810381
DS.d310.s1.i3 -1.000000 -0.646665
DS.d310.s1.i2 -1.000000 -0.591188
DS.d312.s0.i10 1.000000 0.836271
DS.d312.s0.i4 1.000000 0.861430
DS.d312.s0.i5 1.000000 0.862337
DS.d312.s0.i6 1.000000 0.776254
DS.d312.s0.i7 1.000000 0.851574
DS.d312.s0.i0 1.000000 0.823369
DS.d312.s0.i1 1.000000 0.868319
DS.d312.s0.i2 1.000000 0.880611
DS.d312.s0.i3 1.000000 0.872607
DS.d312.s0.i8 1.000000 0.866441
DS.d312.s0.i9 1.000000 0.751166
DS.d313.s5.i0 1.000000 0.867824
DS.d313.s4.i0 1.000000 0.627240
DS.d313.s1.i0 -1.000000 -0.653328
DS.d313.s1.i1 -1.000000 -0.750356
DS.d313.s0.i0 1.000000 1.009719
DS.d313.s3.i0 1.000000 0.733279
DS.d313.s2.i0 1.000000 0.782522
DS.d314.s0.i0 1.000000 -0.001681
DS.d314.s0.i1 -1.000000 -0.239379
DS.d315.s0.i3 -1.000000 -0.861774
DS.d315.s0.i2 -1.000000 -0.890766
DS.d315.s0.i1 -1.000000 -0.866621
DS.d315.s0.i0 -1.000000 -0.879601
DS.d316.s2.i0 1.000000 0.850599
DS.d316.s2.i1 1.000000 0.850599
DS.d316.s0.i0 1.000000 0.737375
DS.d316.s0.i1 1.000000 0.660066
DS.d316.s1.i1 1.000000 0.527625
DS.d316.s1.i0 1.000000 0.563153
DS.d317.s0.i1 1.000000 0.940889
DS.d317.s0.i0 1.000000 0.782941
DS.d317.s0.i3 1.000000 0.853042
DS.d317.s0.i2 1.000000 0.887951
DS.d317.s0.i5 1.000000 0.993740
DS.d317.s0.i4 1.000000 0.834726
DS.d317.s0.i7 1.000000 1.003417
DS.d317.s0.i6 1.000000 1.010979
DS.d317.s0.i9 1.000000 0.915472
DS.d317.s0.i8 1.000000 0.904893
DS.d317.s0.i11 1.000000 0.818276
DS.d317.s0.i10 1.000000 0.851174
DS.d318.s0.i0 1.000000 0.733907
DS.d318.s0.i1 1.000000 0.684986
DS.d259.s0.i0 -1.000000 -0.676398
DS.d258.s0.i0 -1.000000 -0.396733
DS.d599.s1.i0 -1.000000 -0.433043
DS.d251.s0.i2 -1.000000 -0.869434
DS.d251.s0.i3 -1.000000 -0.856389
DS.d251.s0.i0 -1.000000 -0.902467
DS.d251.s0.i1 -1.000000 -1.016050
DS.d251.s0.i6 -1.000000 -0.927771
DS.d251.s0.i7 -1.000000 -0.888709
DS.d251.s0.i4 -1.000000 -0.945106
DS.d251.s0.i5 -1.000000 -0.967467
DS.d251.s0.i8 -1.000000 -0.941138
DS.d250.s1.i0 1.000000 0.728540
DS.d250.s0.i1 1.000000 0.729090
DS.d250.s0.i0 1.000000 0.928863
DS.d253.s2.i0 1.000000 0.792698
DS.d253.s0.i0 -1.000000 0.311056
DS.d253.s1.i7 -1.000000 0.052872
DS.d253.s1.i6 -1.000000 -0.048088
DS.d253.s1.i5 1.000000 0.058544
DS.d253.s1.i4 -1.000000 0.059583
DS.d253.s1.i3 1.000000 0.167244
DS.d253.s1.i2 -1.000000 -0.037846
DS.d253.s1.i1 1.000000 0.161044
DS.d253.s1.i0 1.000000 0.069311
DS.d252.s1.i2 1.000000 0.774454
DS.d252.s1.i0 1.000000 0.750652
DS.d252.s1.i1 1.000000 0.679711
DS.d252.s0.i0 1.000000 0.806211
DS.d252.s2.i2 -1.000000 -0.772167
DS.d252.s2.i1 -1.000000 -0.709403
DS.d252.s2.i0 -1.000000 -0.732884
DS.d255.s0.i0 -1.000000 -0.714558
DS.d255.s0.i1 -1.000000 -0.804548
DS.d254.s2.i1 1.000000 0.452291
DS.d254.s2.i0 1.000000 0.447379
DS.d254.s1.i0 1.000000 0.598259
DS.d254.s1.i1 1.000000 0.571205
DS.d254.s0.i1 1.000000 1.064419
DS.d254.s0.i0 1.000000 0.908094
DS.d257.s2.i0 1.000000 0.634391
DS.d257.s3.i0 1.000000 0.765653
DS.d257.s0.i0 1.000000 0.196589
DS.d257.s0.i1 -1.000000 -0.096137
DS.d257.s0.i2 -1.000000 -0.038330
DS.d257.s1.i0 1.000000 0.685663
DS.d456.s0.i5 1.000000 -0.002455
DS.d456.s0.i4 -1.000000 0.044944
DS.d456.s0.i3 -1.000000 0.002537
DS.d456.s0.i2 1.000000 0.100511
DS.d456.s0.i1 -1.000000 0.044185
DS.d456.s0.i0 1.000000 0.097338
DS.d591.s0.i1 1.000000 0.848789
DS.d591.s0.i0 1.000000 0.888575
DS.d591.s0.i3 1.000000 0.597424
DS.d591.s0.i2 1.000000 0.670726
DS.d288.s0.i8 -1.000000 -1.054203
DS.d288.s0.i4 -1.000000 -1.080791
DS.d288.s0.i5 -1.000000 -0.935751
DS.d288.s0.i6 -1.000000 -0.967154
DS.d288.s0.i7 -1.000000 -0.848915
DS.d288.s0.i0 -1.000000 -0.922457
DS.d288.s0.i1 -1.000000 -1.002169
DS.d288.s0.i2 -1.000000 -0.945089
DS.d288.s0.i3 -1.000000 -1.005203
DS.d288.s1.i3 -1.000000 -0.271904
DS.d288.s1.i2 1.000000 0.240554
DS.d288.s1.i1 1.000000 0.321103
DS.d288.s1.i0 -1.000000 -0.133174
DS.d409.s0.i0 1.000000 0.450087
DS.d404.s0.i2 -1.000000 -0.849468
DS.d404.s0.i3 -1.000000 -0.873539
DS.d404.s0.i0 -1.000000 -0.800249
DS.d404.s0.i1 -1.000000 -0.788612
DS.d405.s4.i2 1.000000 1.071312
DS.d405.s4.i1 1.000000 1.053789
DS.d405.s4.i0 1.000000 1.071312
DS.d405.s3.i0 1.000000 0.788348
DS.d405.s3.i1 1.000000 0.830394
DS.d405.s2.i1 1.000000 1.020471
DS.d405.s2.i0 1.000000 0.805023
DS.d405.s1.i0 -1.000000 -0.935487
DS.d405.s1.i1 -1.000000 -0.515180
DS.d405.s1.i2 -1.000000 -0.920192
DS.d405.s1.i3 -1.000000 -0.599799
DS.d405.s0.i1 1.000000 0.934640
DS.d405.s0.i0 1.000000 0.932712
DS.d406.s0.i0 -1.000000 -0.622180
DS.d407.s0.i0 -1.000000 0.146631
DS.d400.s0.i0 1.000000 0.190800
DS.d400.s0.i1 -1.000000 0.026364
DS.d401.s0.i1 -1.000000 -0.653938
DS.d401.s0.i0 -1.000000 -0.693252
DS.d402.s2.i2 -1.000000 -0.032502
DS.d402.s2.i3 1.000000 0.529448
DS.d402.s2.i0 1.000000 0.453045
DS.d402.s2.i1 1.000000 0.581297
DS.d402.s3.i1 -1.000000 -0.121383
DS.d402.s3.i0 1.000000 0.616911
DS.d402.s3.i2 1.000000 0.773855
DS.d402.s0.i0 -1.000000 -0.148732
DS.d402.s0.i1 1.000000 0.641027
DS.d402.s0.i2 1.000000 0.835554
DS.d402.s1.i1 -1.000000 -0.510149
DS.d402.s1.i0 -1.000000 -0.605384
DS.d403.s0.i0 -1.000000 -0.334136
DS.d726.s0.i0 1.000000 0.754623
DS.d358.s0.i0 1.000000 0.659423
DS.d358.s1.i0 -1.000000 -0.086121
DS.d468.s0.i0 1.000000 0.299531
DS.d468.s0.i1 -1.000000 0.058500
DS.d101.s0.i0 -1.000000 -0.369397
DS.d100.s1.i0 1.000000 0.756651
DS.d100.s1.i1 1.000000 0.819830
DS.d100.s0.i0 1.000000 1.024433
DS.d103.s0.i0 1.000000 0.422885
DS.d469.s0.i5 1.000000 0.881208
DS.d469.s0.i4 1.000000 0.884486
DS.d469.s0.i1 1.000000 0.944753
DS.d469.s0.i0 1.000000 1.028245
DS.d469.s0.i3 1.000000 0.956498
DS.d469.s0.i2 1.000000 0.946190
DS.d105.s0.i0 -1.000000 -0.632801
DS.d105.s0.i1 -1.000000 -0.632801
DS.d104.s0.i0 1.000000 0.890994
DS.d107.s0.i0 -1.000000 -1.005943
DS.d107.s0.i1 -1.000000 -0.967832
DS.d107.s0.i2 -1.000000 -0.576448
DS.d106.s0.i1 1.000000 0.325812
DS.d106.s0.i0 1.000000 0.320655
DS.d109.s0.i2 -1.000000 -0.813937
DS.d109.s0.i3 -1.000000 -0.945495
DS.d109.s0.i0 -1.000000 -0.885383
DS.d109.s0.i1 -1.000000 -0.963356
DS.d109.s0.i4 -1.000000 -0.891994
DS.d109.s0.i5 -1.000000 -0.871943
DS.d108.s3.i0 -1.000000 -0.618564
DS.d108.s3.i1 -1.000000 -0.687092
DS.d108.s2.i0 -1.000000 -0.528418
DS.d108.s1.i0 -1.000000 -0.710405
DS.d108.s1.i1 -1.000000 -0.750528
DS.d108.s0.i3 -1.000000 -0.871564
DS.d108.s0.i2 -1.000000 -0.745663
DS.d108.s0.i1 -1.000000 -0.853570
DS.d108.s0.i0 -1.000000 -0.881898
DS.d108.s0.i7 -1.000000 -0.872911
DS.d108.s0.i6 -1.000000 -0.920865
DS.d108.s0.i5 -1.000000 -0.889787
DS.d108.s0.i4 -1.000000 -0.841090
DS.d538.s0.i0 1.000000 0.714860
DS.d538.s1.i0 -1.000000 -0.329637
DS.d539.s0.i1 -1.000000 -0.584774
DS.d539.s0.i0 1.000000 0.476865
DS.d530.s0.i0 -1.000000 -0.199808
DS.d534.s0.i4 1.000000 0.774893
DS.d534.s0.i5 1.000000 0.737322
DS.d534.s0.i2 1.000000 0.827793
DS.d534.s0.i3 1.000000 0.724134
DS.d534.s0.i0 1.000000 0.753635
DS.d534.s0.i1 1.000000 0.809028
DS.d534.s1.i0 1.000000 0.847464
DS.d534.s2.i0 1.000000 1.009302
DS.d535.s0.i1 -1.000000 -0.623212
DS.d535.s0.i0 -1.000000 -0.730457
DS.d536.s0.i0 1.000000 0.917034
DS.d536.s0.i1 1.000000 0.881451
DS.d536.s0.i2 1.000000 0.881794
DS.d536.s0.i3 1.000000 0.904097
DS.d536.s1.i1 1.000000 0.408239
DS.d536.s1.i0 -1.000000 -0.331000
DS.d537.s0.i1 1.000000 0.618893
DS.d537.s0.i0 1.000000 0.428737
DS.d537.s0.i2 1.000000 0.686227
DS.d460.s0.i0 -1.000000 0.042870
DS.d460.s1.i0 1.000000 0.861773
DS.d758.s0.i0 1.000000 0.590166
DS.d461.s0.i1 -1.000000 -0.672237
DS.d461.s0.i0 -1.000000 -0.673188
DS.d461.s0.i3 -1.000000 -0.684337
DS.d461.s0.i2 -1.000000 -0.686057
DS.d759.s0.i1 1.000000 0.841838
DS.d759.s0.i0 1.000000 0.841838
DS.d502.s1.i2 -1.000000 -0.523254
DS.d502.s1.i0 -1.000000 -0.850214
DS.d502.s1.i1 -1.000000 -0.577055
DS.d502.s0.i1 -1.000000 -0.433102
DS.d502.s0.i0 -1.000000 -0.705640
DS.d502.s0.i2 -1.000000 -0.883328
DS.d338.s0.i0 1.000000 0.516395
DS.d338.s0.i1 1.000000 0.605300
DS.d551.s0.i0 1.000000 0.756701
DS.d624.s4.i2 1.000000 0.811305
DS.d624.s4.i0 1.000000 0.767006
DS.d624.s4.i1 1.000000 0.902627
DS.d624.s0.i2 1.000000 0.923877
DS.d624.s0.i3 1.000000 0.937556
DS.d624.s0.i0 1.000000 0.932182
DS.d624.s0.i1 1.000000 0.645021
DS.d624.s1.i5 1.000000 -0.114990
DS.d624.s1.i4 -1.000000 -0.481108
DS.d624.s1.i7 -1.000000 -0.392597
DS.d624.s1.i6 -1.000000 -0.408545
DS.d624.s1.i0 1.000000 -0.224659
DS.d624.s1.i2 -1.000000 -0.304599
DS.d624.s2.i1 1.000000 0.712687
DS.d624.s2.i2 1.000000 0.864555
DS.d624.s3.i3 1.000000 0.615587
DS.d624.s3.i2 -1.000000 0.050645
DS.d624.s3.i1 1.000000 0.513289
DS.d624.s3.i0 1.000000 0.447087
DS.d625.s1.i0 1.000000 0.224068
DS.d625.s1.i1 1.000000 0.280864
DS.d625.s0.i3 -1.000000 -0.506290
DS.d625.s0.i2 -1.000000 -0.722395
DS.d625.s0.i1 -1.000000 -0.819330
DS.d625.s0.i0 -1.000000 -0.500216
DS.d749.s2.i2 1.000000 1.022152
DS.d749.s2.i0 1.000000 0.364054
DS.d749.s2.i1 1.000000 0.926131
DS.d749.s3.i0 -1.000000 -0.428273
DS.d749.s0.i0 1.000000 0.921962
DS.d749.s0.i1 1.000000 0.939902
DS.d749.s1.i1 1.000000 0.812661
DS.d749.s1.i0 1.000000 0.928657
DS.d748.s0.i0 -1.000000 -0.054828
DS.d620.s0.i8 -1.000000 -0.874628
DS.d620.s0.i9 -1.000000 -1.060144
DS.d620.s0.i6 -1.000000 -1.045883
DS.d620.s0.i7 -1.000000 -1.005420
DS.d620.s0.i4 -1.000000 -1.055100
DS.d620.s0.i5 -1.000000 -0.858594
DS.d620.s0.i2 -1.000000 -1.026295
DS.d620.s0.i3 -1.000000 -1.058922
DS.d620.s0.i0 -1.000000 -0.876104
DS.d620.s0.i1 -1.000000 -1.046479
DS.d620.s0.i18 -1.000000 -0.876831
DS.d620.s0.i19 -1.000000 -1.035501
DS.d620.s0.i20 -1.000000 -1.050331
DS.d620.s0.i10 -1.000000 -0.858010
DS.d620.s0.i11 -1.000000 -1.038347
DS.d620.s0.i12 -1.000000 -1.056929
DS.d620.s0.i13 -1.000000 -0.879776
DS.d620.s0.i14 -1.000000 -1.050854
DS.d620.s0.i15 -1.000000 -1.041900
DS.d620.s0.i16 -1.000000 -1.035107
DS.d620.s0.i17 -1.000000 -0.886359
DS.d620.s1.i0 -1.000000 0.244045
DS.d621.s3.i0 1.000000 0.554088
DS.d621.s2.i1 1.000000 0.206559
DS.d621.s2.i0 -1.000000 0.199368
DS.d621.s1.i0 1.000000 0.869182
DS.d621.s0.i1 1.000000 0.760422
DS.d621.s0.i0 1.000000 0.683767
DS.d621.s4.i1 1.000000 0.084620
DS.d621.s4.i0 -1.000000 -0.045691
DS.d622.s0.i0 1.000000 0.777980
DS.d622.s1.i0 1.000000 1.032272
DS.d623.s1.i0 1.000000 1.121249
DS.d623.s1.i1 1.000000 1.085545
DS.d623.s0.i1 1.000000 1.203057
DS.d623.s0.i0 1.000000 1.160023
DS.d623.s3.i0 1.000000 0.422427
DS.d623.s3.i1 1.000000 0.971618
DS.d623.s2.i3 1.000000 0.923290
DS.d623.s2.i2 1.000000 0.798135
DS.d623.s2.i1 1.000000 0.932982
DS.d623.s2.i0 1.000000 0.890096
DS.d623.s4.i1 -1.000000 0.600581
DS.d623.s4.i0 1.000000 0.329902
DS.d623.s4.i3 1.000000 0.189103
DS.d623.s4.i2 1.000000 0.466741
DS.d743.s0.i0 1.000000 1.035475
DS.d742.s0.i1 1.000000 1.023462
DS.d742.s0.i0 1.000000 1.088030
DS.d741.s0.i0 1.000000 0.772779
DS.d740.s0.i1 1.000000 0.841139
DS.d740.s0.i0 1.000000 0.864085
DS.d747.s0.i2 1.000000 0.818287
DS.d747.s0.i3 1.000000 0.703379
DS.d747.s0.i0 1.000000 0.818287
DS.d747.s0.i1 1.000000 0.703379
DS.d746.s0.i0 1.000000 0.876732
DS.d745.s0.i0 -1.000000 -0.454814
DS.d745.s0.i1 -1.000000 -0.498148
DS.d744.s0.i1 -1.000000 -0.516290
DS.d744.s0.i0 -1.000000 -0.557112
DS.d750.s0.i0 1.000000 0.993021
DS.d38.s2.i0 1.000000 1.082726
DS.d38.s3.i0 -1.000000 -0.512112
DS.d38.s0.i0 1.000000 0.872975
DS.d38.s1.i1 1.000000 0.806613
DS.d38.s1.i0 1.000000 0.906364
DS.d39.s0.i0 -1.000000 -0.462331
DS.d751.s0.i0 1.000000 0.654221
DS.d32.s0.i0 1.000000 0.672188
DS.d30.s0.i0 -1.000000 -0.251707
DS.d30.s0.i1 -1.000000 -0.627393
DS.d30.s0.i2 -1.000000 -0.627393
DS.d31.s0.i0 1.000000 1.264836
DS.d36.s0.i0 1.000000 1.200430
DS.d36.s1.i0 1.000000 0.726406
DS.d36.s2.i0 1.000000 0.778951
DS.d36.s2.i1 1.000000 0.953655
DS.d37.s2.i1 1.000000 0.185936
DS.d37.s2.i0 -1.000000 -0.644146
DS.d37.s2.i2 -1.000000 -0.820288
DS.d37.s1.i0 -1.000000 -0.039878
DS.d37.s0.i0 -1.000000 -0.373543
DS.d34.s0.i0 1.000000 0.655657
DS.d34.s0.i1 1.000000 0.780016
DS.d35.s0.i0 1.000000 1.090045
DS.d218.s1.i0 -1.000000 -0.829117
DS.d218.s1.i1 -1.000000 -0.818136
DS.d218.s1.i2 -1.000000 -0.789540
DS.d218.s1.i3 -1.000000 -0.869642
DS.d218.s0.i1 1.000000 0.977732
DS.d218.s0.i0 1.000000 1.085472
DS.d215.s0.i2 -1.000000 -0.828234
DS.d215.s0.i3 -1.000000 -0.775044
DS.d215.s0.i0 -1.000000 -0.856472
DS.d215.s0.i1 -1.000000 -0.870401
DS.d215.s1.i0 -1.000000 -0.721914
DS.d214.s0.i1 1.000000 0.673992
DS.d214.s0.i0 1.000000 0.653576
DS.d216.s1.i0 1.000000 0.398563
DS.d216.s0.i1 1.000000 0.293007
DS.d216.s0.i0 -1.000000 0.292472
DS.d216.s3.i0 1.000000 0.684032
DS.d216.s3.i1 1.000000 0.723636
DS.d216.s2.i0 1.000000 0.172804
DS.d211.s0.i0 1.000000 0.948922
DS.d210.s0.i1 1.000000 0.739844
DS.d210.s0.i0 1.000000 0.840965
DS.d339.s0.i1 -1.000000 -0.691119
DS.d339.s0.i0 -1.000000 -0.667474
DS.d799.s0.i3 1.000000 0.709022
DS.d799.s0.i1 1.000000 0.829280
DS.d799.s0.i0 1.000000 0.709022
DS.d588.s0.i0 1.000000 0.798408
DS.d330.s0.i0 -1.000000 -0.353363
DS.d330.s0.i1 -1.000000 -0.353363
DS.d440.s0.i0 1.000000 0.356419
DS.d441.s2.i0 1.000000 0.875175
DS.d441.s1.i0 1.000000 0.305683
DS.d441.s0.i0 1.000000 0.879377
DS.d0.s0.i0 1.000000 1.483164
DS.d0.s1.i1 -1.000000 -0.527238
DS.d0.s1.i0 -1.000000 -0.481614
DS.d1.s0.i0 1.000000 0.814765
DS.d444.s0.i2 -1.000000 -0.359706
DS.d444.s0.i0 -1.000000 -0.420135
DS.d444.s0.i1 1.000000 0.739137
DS.d445.s0.i0 1.000000 0.900964
DS.d4.s0.i0 -1.000000 -0.513289
DS.d4.s0.i1 -1.000000 -0.451154
DS.d5.s0.i1 1.000000 0.081768
DS.d5.s0.i0 -1.000000 -0.060498
DS.d5.s0.i2 -1.000000 -0.015902
DS.d448.s0.i0 -1.000000 -0.610303
DS.d448.s0.i1 -1.000000 -0.610113
DS.d448.s1.i1 1.000000 1.007261
DS.d448.s1.i0 1.000000 0.999533
DS.d448.s1.i3 1.000000 1.142372
DS.d448.s1.i2 1.000000 1.115733
DS.d448.s2.i0 1.000000 0.718374
DS.d448.s2.i1 1.000000 0.615097
DS.d448.s3.i1 1.000000 0.498425
DS.d448.s3.i0 1.000000 0.940067
DS.d8.s0.i0 1.000000 0.812130
DS.d9.s0.i0 1.000000 1.144475
DS.d282.s1.i0 1.000000 0.577321
DS.d368.s0.i0 1.000000 0.486801
DS.d280.s0.i0 1.000000 0.940267
DS.d281.s1.i0 1.000000 0.809317
DS.d281.s1.i1 1.000000 0.856079
DS.d281.s0.i0 1.000000 0.683362
DS.d286.s0.i2 1.000000 0.391000
DS.d286.s0.i0 -1.000000 0.047370
DS.d286.s0.i1 1.000000 0.780749
DS.d287.s3.i0 1.000000 0.621997
DS.d287.s2.i1 1.000000 0.779341
DS.d287.s2.i0 1.000000 0.926243
DS.d287.s1.i0 -1.000000 -0.663159
DS.d287.s1.i1 -1.000000 -0.718068
DS.d287.s0.i1 1.000000 0.720399
DS.d287.s0.i0 1.000000 0.693776
DS.d284.s0.i0 -1.000000 -0.462141
DS.d285.s1.i0 1.000000 0.939127
DS.d285.s1.i1 1.000000 0.975996
DS.d285.s0.i1 1.000000 1.081198
DS.d285.s0.i0 1.000000 1.146730
DS.d285.s0.i2 1.000000 1.260255
DS.d285.s3.i4 -1.000000 -0.572400
DS.d285.s3.i0 -1.000000 -0.597798
DS.d285.s3.i1 -1.000000 -0.721771
DS.d285.s3.i2 -1.000000 -0.838846
DS.d285.s3.i3 -1.000000 -0.754224
DS.d285.s2.i1 1.000000 0.723537
DS.d285.s2.i0 1.000000 0.732370
DS.d361.s0.i0 -1.000000 -0.285640
DS.d361.s1.i1 -1.000000 -0.177243
DS.d361.s1.i0 1.000000 0.367351
DS.d361.s2.i0 1.000000 0.193728
DS.d361.s2.i1 -1.000000 0.426833
DS.d360.s1.i0 -1.000000 -0.238909
DS.d360.s0.i1 -1.000000 -0.347357
DS.d360.s0.i0 -1.000000 -0.358111
DS.d363.s0.i0 1.000000 0.434693
DS.d363.s0.i1 -1.000000 0.029448
DS.d362.s0.i1 1.000000 0.851190
DS.d362.s0.i0 1.000000 0.836620
DS.d365.s0.i0 -1.000000 0.237993
DS.d365.s0.i1 1.000000 0.137141
DS.d365.s1.i1 -1.000000 -0.582375
DS.d365.s1.i0 -1.000000 -0.575068
DS.d365.s1.i2 -1.000000 -0.543380
DS.d364.s2.i0 -1.000000 -0.060196
DS.d364.s1.i0 1.000000 0.980917
DS.d364.s0.i1 -1.000000 -0.561618
DS.d364.s0.i0 -1.000000 -0.534495
DS.d367.s0.i2 -1.000000 -0.415441
DS.d366.s0.i1 1.000000 0.639956
DS.d366.s0.i0 1.000000 0.566428
DS.d549.s0.i2 -1.000000 -0.740734
DS.d549.s0.i0 -1.000000 -0.794316
DS.d549.s0.i1 -1.000000 -0.753124
DS.d549.s1.i1 -1.000000 -0.258748
DS.d549.s1.i0 1.000000 -0.150014
DS.d549.s2.i0 1.000000 0.037333
DS.d549.s2.i1 1.000000 0.581178
DS.d549.s3.i2 -1.000000 -0.283765
DS.d549.s3.i1 1.000000 0.037883
DS.d549.s3.i0 -1.000000 -0.427445
DS.d102.s0.i1 -1.000000 -0.597559
DS.d102.s0.i0 -1.000000 -0.697187
DS.d102.s0.i2 -1.000000 -0.723179
DS.d548.s0.i1 -1.000000 -0.479119
DS.d548.s0.i0 -1.000000 -0.621411
DS.d145.s0.i0 1.000000 0.627825
DS.d145.s1.i0 1.000000 1.014798
DS.d144.s0.i0 -1.000000 -0.349412
DS.d147.s0.i0 -1.000000 -0.791063
DS.d147.s0.i1 -1.000000 -0.611352
DS.d147.s0.i2 -1.000000 -0.774912
DS.d147.s0.i3 -1.000000 -0.598731
DS.d146.s0.i1 1.000000 0.957185
DS.d146.s0.i0 1.000000 0.944274
DS.d140.s0.i2 1.000000 0.438158
DS.d140.s0.i1 -1.000000 0.143803
DS.d140.s0.i0 1.000000 0.425196
DS.d142.s0.i1 1.000000 0.605450
DS.d142.s0.i0 1.000000 0.783911
DS.d149.s0.i0 -1.000000 -0.163598
DS.d148.s1.i4 1.000000 -0.225115
DS.d148.s1.i5 -1.000000 -0.583406
DS.d148.s1.i6 -1.000000 -0.477048
DS.d148.s1.i7 -1.000000 -0.660252
DS.d148.s1.i0 -1.000000 -0.452918
DS.d148.s1.i1 1.000000 -0.079779
DS.d148.s1.i2 -1.000000 -0.565361
DS.d148.s1.i3 -1.000000 -0.607789
DS.d148.s0.i17 1.000000 0.449636
DS.d148.s0.i16 -1.000000 -0.832514
DS.d148.s0.i15 -1.000000 -0.679191
DS.d148.s0.i14 -1.000000 -0.783707
DS.d148.s0.i13 1.000000 0.552603
DS.d148.s0.i12 -1.000000 -0.754550
DS.d148.s0.i11 1.000000 0.580241
DS.d148.s0.i10 -1.000000 -0.804564
DS.d148.s0.i19 1.000000 0.453017
DS.d148.s0.i18 -1.000000 -0.780633
DS.d148.s0.i9 1.000000 0.498690
DS.d148.s0.i8 -1.000000 -0.758128
DS.d148.s0.i7 -1.000000 -0.759867
DS.d148.s0.i6 -1.000000 -0.745375
DS.d148.s0.i5 -1.000000 -0.779262
DS.d148.s0.i4 -1.000000 -0.741979
DS.d148.s0.i3 -1.000000 -0.792343
DS.d148.s0.i2 1.000000 0.534446
DS.d148.s0.i1 -1.000000 -0.774262
DS.d148.s0.i0 -1.000000 -0.753237
DS.d148.s0.i26 -1.000000 -0.687672
DS.d148.s0.i24 1.000000 0.493246
DS.d148.s0.i25 -1.000000 -0.747394
DS.d148.s0.i22 1.000000 0.539564
DS.d148.s0.i23 -1.000000 -0.801891
DS.d148.s0.i20 1.000000 0.472351
DS.d148.s0.i21 -1.000000 -0.744105
DS.d89.s0.i0 1.000000 1.002069
DS.d88.s0.i1 -1.000000 -0.877938
DS.d88.s0.i0 -1.000000 -0.726981
DS.d256.s0.i1 -1.000000 -0.252502
DS.d256.s0.i0 -1.000000 -0.403715
DS.d256.s0.i3 -1.000000 -0.433054
DS.d256.s0.i2 1.000000 -0.407982
DS.d81.s0.i0 1.000000 0.645455
DS.d81.s0.i1 1.000000 0.668127
DS.d80.s0.i0 -1.000000 -0.340568
DS.d87.s0.i0 -1.000000 -0.121401
DS.d86.s1.i0 1.000000 0.164377
DS.d86.s1.i1 -1.000000 0.008002
DS.d86.s1.i2 -1.000000 0.007861
DS.d86.s0.i1 1.000000 0.729434
DS.d86.s0.i0 1.000000 0.797991
DS.d85.s0.i0 1.000000 0.506720
DS.d84.s0.i1 -1.000000 -0.733055
DS.d84.s0.i0 -1.000000 -0.626815
DS.d540.s1.i0 -1.000000 -0.394451
DS.d540.s0.i0 1.000000 1.023349
DS.d825.s1.i4 1.000000 -0.055552
DS.d825.s1.i5 1.000000 -0.055552
DS.d825.s1.i2 -1.000000 -0.438076
DS.d825.s1.i3 -1.000000 -0.540964
DS.d825.s1.i0 -1.000000 -0.438076
DS.d825.s1.i1 -1.000000 -0.165058
DS.d825.s0.i1 1.000000 0.696624
DS.d825.s0.i0 1.000000 0.955733
DS.d825.s0.i3 1.000000 0.905112
DS.d825.s0.i2 1.000000 0.944001
DS.d825.s0.i5 1.000000 0.700744
DS.d825.s0.i4 1.000000 0.884453
DS.d825.s0.i7 1.000000 0.908419
DS.d825.s0.i6 1.000000 0.867815
DS.d825.s2.i1 -1.000000 -0.597467
DS.d825.s2.i0 -1.000000 -0.597467
DS.d83.s0.i0 1.000000 0.423728
DS.d789.s0.i0 1.000000 0.772975
DS.d789.s0.i1 1.000000 0.772975
DS.d787.s0.i0 1.000000 0.823838
DS.d787.s0.i1 1.000000 0.785625
DS.d787.s1.i0 1.000000 0.926084
DS.d786.s1.i0 1.000000 0.820644
DS.d786.s0.i0 1.000000 0.666992
DS.d785.s0.i1 1.000000 0.548672
DS.d784.s1.i0 1.000000 0.651665
DS.d784.s0.i0 1.000000 0.638875
DS.d783.s0.i0 1.000000 0.449946
DS.d782.s0.i0 1.000000 0.896613
DS.d781.s0.i0 1.000000 0.882513
DS.d781.s1.i1 1.000000 0.878755
DS.d781.s1.i0 1.000000 0.751017
DS.d780.s0.i1 -1.000000 -0.725537
DS.d780.s0.i0 -1.000000 -0.708738
DS.d780.s0.i2 -1.000000 -0.632893
DS.d668.s0.i0 -1.000000 -0.314251
DS.d669.s0.i0 -1.000000 0.384366
DS.d543.s0.i0 1.000000 0.338836
DS.d543.s0.i1 1.000000 0.072636
DS.d543.s0.i2 -1.000000 0.088751
DS.d542.s1.i0 1.000000 0.676765
DS.d542.s0.i1 -1.000000 0.210204
DS.d542.s0.i0 1.000000 0.379902
DS.d331.s0.i1 1.000000 0.293744
DS.d331.s0.i0 -1.000000 -0.200331
DS.d331.s0.i3 -1.000000 -0.086298
DS.d331.s0.i2 1.000000 0.171937
DS.d544.s0.i3 1.000000 0.182103
DS.d544.s0.i1 -1.000000 -0.064776
DS.d660.s0.i0 1.000000 0.760165
DS.d660.s0.i1 1.000000 0.758554
DS.d661.s0.i0 1.000000 0.488086
DS.d662.s0.i0 1.000000 1.008501
DS.d662.s0.i1 1.000000 0.576361
DS.d662.s0.i2 1.000000 0.888796
DS.d662.s0.i3 1.000000 1.031206
DS.d663.s0.i1 -1.000000 -0.809978
DS.d663.s0.i0 -1.000000 -0.734414
DS.d665.s0.i0 1.000000 0.855668
DS.d666.s0.i0 1.000000 0.643528
DS.d666.s0.i1 1.000000 0.804569
DS.d666.s0.i2 1.000000 0.700991
DS.d667.s0.i0 1.000000 0.301343
