DS.d17.s0.i0 -1 -0.918445388562
DS.d17.s0.i1 -1 -0.858008160576
DS.d17.s1.i0 -1 -0.252250367989
DS.d25.s0.i0 1.0 0.459561638632
DS.d25.s1.i0 1.0 0.671632882228
DS.d32.s0.i0 1.0 0.553058132885
DS.d38.s0.i0 1.0 1.28984519243
DS.d38.s1.i0 1.0 1.98477130362
DS.d38.s1.i1 1.0 1.18693567685
DS.d38.s2.i0 1.0 1.59367441889
DS.d38.s3.i0 -1 -0.737730426032
DS.d39.s0.i0 -1 -0.425959215879
DS.d44.s0.i0 -1 -1.30479340255
DS.d44.s0.i1 -1 -0.371351485316
DS.d44.s0.i2 -1 -1.07965045501
DS.d44.s0.i3 -1 -1.42729365436
DS.d44.s0.i4 -1 -0.950874610804
DS.d44.s0.i5 -1 -0.73127033789
DS.d44.s0.i6 -1 -0.355039291948
DS.d44.s0.i7 -1 -1.4069674776
DS.d44.s0.i8 -1 0.155998353313
DS.d44.s0.i9 -1 0.424322675594
DS.d44.s0.i10 -1 -0.373240721235
DS.d44.s0.i11 -1 -1.34832957231
DS.d44.s0.i12 -1 -1.34300407118
DS.d44.s0.i13 -1 -1.16252985803
DS.d44.s0.i14 -1 -1.35253127042
DS.d44.s0.i15 -1 -1.71597642792
DS.d44.s0.i16 -1 -0.356699885296
DS.d44.s0.i17 -1 -0.738041453322
DS.d52.s0.i0 1.0 -0.895619534493
DS.d52.s1.i0 1.0 1.59324379098
DS.d52.s2.i0 1.0 1.39376030538
DS.d74.s0.i0 1.0 1.08518288354
DS.d88.s0.i0 -1 -1.2056005661
DS.d88.s0.i1 -1 -1.02832508615
DS.d99.s0.i0 1.0 0.428973234284
DS.d111.s0.i0 1.0 0.296177557288
DS.d111.s0.i1 -1 -1.21841838293
DS.d111.s0.i2 1.0 0.530233423851
DS.d111.s0.i3 1.0 0.0180365352046
DS.d111.s0.i4 -1 -0.111941338958
DS.d111.s0.i5 1.0 0.34017396731
DS.d113.s0.i0 -1 0.477603190128
DS.d113.s0.i1 -1 0.477603190128
DS.d114.s0.i0 1.0 0.620115931848
DS.d119.s0.i0 -1 -1.11239671901
DS.d119.s0.i1 -1 -0.952014689952
DS.d119.s0.i2 -1 -0.484197360695
DS.d138.s0.i0 1.0 0.5535230133
DS.d138.s1.i0 1.0 0.774904854031
DS.d138.s2.i0 1.0 1.20009623968
DS.d138.s3.i0 1.0 0.122200161059
DS.d153.s0.i0 -1 0.372512407539
DS.d153.s0.i1 1.0 -0.57211881632
DS.d154.s0.i0 -1 -0.0949225540821
DS.d154.s0.i1 -1 0.0535371377015
DS.d159.s0.i0 -1 -0.488126480005
DS.d159.s0.i1 -1 -1.07222780546
DS.d159.s0.i2 -1 -1.24093891514
DS.d159.s0.i3 -1 0.233030253674
DS.d159.s0.i4 -1 -0.850514231463
DS.d159.s0.i5 1.0 0.424796293423
DS.d162.s0.i0 1.0 0.833135694991
DS.d162.s1.i0 1.0 0.394148991313
DS.d187.s0.i0 1.0 0.127241982237
DS.d195.s0.i0 1.0 0.198765134795
DS.d208.s0.i0 -1 0.578107479467
DS.d208.s0.i1 -1 0.768410708572
DS.d211.s0.i0 1.0 1.82004733844
DS.d218.s0.i0 1.0 1.57234483754
DS.d218.s0.i1 1.0 1.57239518578
DS.d218.s1.i0 -1 -0.923919352753
DS.d218.s1.i1 -1 -1.15450828233
DS.d218.s1.i2 -1 -1.30246493262
DS.d218.s1.i3 -1 -0.603816667657
DS.d227.s0.i0 1.0 0.331638740946
DS.d227.s0.i1 1.0 0.331638740946
DS.d243.s0.i0 1.0 0.977296184098
DS.d243.s0.i1 1.0 0.977296184098
DS.d243.s0.i2 1.0 0.977296184098
DS.d256.s0.i0 -1 0.605255338215
DS.d256.s0.i1 -1 0.348312503099
DS.d256.s0.i2 1.0 1.18106560228
DS.d256.s0.i3 -1 0.428373235606
DS.d258.s0.i0 -1 0.154724151316
DS.d261.s0.i0 1.0 1.1279667858
DS.d264.s0.i0 1.0 -0.647163311677
DS.d264.s0.i1 1.0 -1.4484890185
DS.d264.s1.i0 1.0 0.910411263402
DS.d272.s0.i0 1.0 -0.256312002827
DS.d272.s0.i1 1.0 -0.173081271038
DS.d272.s0.i2 1.0 -0.0280858567363
DS.d272.s1.i0 1.0 -0.369076188272
DS.d272.s1.i1 1.0 -0.514814624805
DS.d272.s1.i2 1.0 -0.345757954791
DS.d272.s2.i0 1.0 1.01839222147
DS.d272.s3.i0 1.0 1.11279649908
DS.d272.s4.i0 -1 -1.27100974413
DS.d286.s0.i0 -1 0.0722362203592
DS.d286.s0.i1 1.0 1.76984941204
DS.d286.s0.i2 1.0 0.560301195497
DS.d288.s0.i0 -1 -0.786521393799
DS.d288.s0.i1 -1 -0.894463077912
DS.d288.s0.i2 -1 -1.0776589796
DS.d288.s0.i3 -1 -0.996756541337
DS.d288.s0.i4 -1 -0.887555073957
DS.d288.s0.i5 -1 -0.798962740841
DS.d288.s0.i6 -1 -0.698998757492
DS.d288.s0.i7 -1 -0.755979407435
DS.d288.s0.i8 -1 -0.896812096314
DS.d288.s1.i0 -1 -0.582041673953
DS.d288.s1.i1 1.0 0.49118845379
DS.d288.s1.i2 1.0 0.184122940892
DS.d288.s1.i3 -1 -2.06104982486
DS.d295.s0.i0 1.0 -0.315019693607
DS.d295.s1.i0 -1 1.02771071583
DS.d307.s0.i0 1.0 1.18060268847
DS.d307.s1.i0 1.0 0.254541148242
DS.d314.s0.i0 1.0 0.678907428528
DS.d314.s0.i1 -1 -0.0568777647515
DS.d317.s0.i0 1.0 0.600404188383
DS.d317.s0.i1 1.0 0.396381710522
DS.d317.s0.i2 1.0 0.625031195656
DS.d317.s0.i3 1.0 0.760482050041
DS.d317.s0.i4 1.0 0.224275439142
DS.d317.s0.i5 1.0 0.105318344307
DS.d317.s0.i6 1.0 0.146536181006
DS.d317.s0.i7 1.0 0.304560720549
DS.d317.s0.i8 1.0 0.314337222729
DS.d317.s0.i9 1.0 0.298180799937
DS.d317.s0.i10 1.0 0.32911121043
DS.d317.s0.i11 1.0 0.509803767321
DS.d347.s0.i0 -1 0.0407102257782
DS.d347.s1.i0 -1 -0.449686216062
DS.d347.s1.i1 -1 -1.0859477731
DS.d347.s1.i2 -1 -0.869552604535
DS.d347.s1.i3 -1 -1.19944399901
DS.d347.s1.i4 -1 -0.564836534249
DS.d347.s1.i5 -1 -1.07883749678
DS.d350.s0.i0 1.0 -0.407014731348
DS.d350.s0.i1 1.0 0.0303653647662
DS.d350.s0.i2 1.0 -0.373837259557
DS.d350.s0.i3 1.0 -0.585648712792
DS.d350.s1.i0 -1 -0.507957380387
DS.d350.s1.i1 -1 -0.350664134107
DS.d350.s1.i2 -1 0.142580016773
DS.d350.s1.i3 -1 -0.626288720385
DS.d367.s0.i2 -1 -0.402585845162
DS.d370.s0.i0 1.0 -0.157479948254
DS.d377.s0.i0 1.0 0.892412755059
DS.d377.s0.i1 1.0 1.04291982409
DS.d377.s0.i2 1.0 0.629769989144
DS.d377.s1.i0 1.0 0.273790207023
DS.d377.s1.i1 1.0 -0.176956300573
DS.d380.s0.i0 -1 -0.686572260657
DS.d380.s0.i3 -1 -0.112493323623
DS.d380.s0.i4 -1 -0.386373316678
DS.d380.s0.i6 -1 -0.239382105758
DS.d380.s0.i9 -1 -0.447517921219
DS.d380.s1.i1 -1 -0.668177375976
DS.d380.s1.i3 -1 -0.497742860543
DS.d380.s1.i4 -1 -0.512805055092
DS.d380.s1.i5 -1 -0.63446047463
DS.d380.s1.i6 -1 -0.656202176361
DS.d380.s1.i8 -1 -0.719099650757
DS.d380.s2.i0 1.0 0.518218898734
DS.d380.s2.i2 1.0 0.755432948421
DS.d380.s2.i5 1.0 0.647415154453
DS.d384.s0.i0 1.0 0.214232050197
DS.d384.s0.i1 -1 -0.513835170279
DS.d384.s0.i2 1.0 0.214232050197
DS.d387.s0.i0 1.0 1.30081008527
DS.d387.s0.i1 1.0 0.959459871978
DS.d410.s0.i0 1.0 -0.884346564963
DS.d418.s0.i1 1.0 0.54341658892
DS.d421.s0.i0 -1 0.958468346766
DS.d421.s1.i0 1.0 1.85532637802
DS.d427.s0.i1 1.0 -0.00608063036539
DS.d439.s0.i0 1.0 -0.262082322073
DS.d450.s0.i0 1.0 1.09209590056
DS.d450.s1.i0 1.0 1.75149464834
DS.d450.s1.i1 -1 0.388877770388
DS.d455.s0.i0 1.0 -1.31503235617
DS.d455.s0.i1 1.0 -1.70528227769
DS.d461.s0.i0 -1 -0.787619952162
DS.d461.s0.i1 -1 -0.864668782604
DS.d461.s0.i2 -1 -0.543861153254
DS.d461.s0.i3 -1 -0.564051341261
DS.d482.s0.i0 -1 -0.270667185398
DS.d482.s0.i1 -1 -0.19085850822
DS.d488.s0.i0 1.0 0.768391153248
DS.d488.s0.i1 1.0 0.863188709394
DS.d488.s0.i2 1.0 1.03728235995
DS.d488.s0.i3 1.0 0.358640328007
DS.d488.s0.i4 1.0 0.372833533167
DS.d488.s0.i5 1.0 0.705282355239
DS.d488.s0.i6 1.0 0.78457267156
DS.d488.s0.i7 1.0 0.710703973819
DS.d488.s0.i8 -1 0.830486711098
DS.d488.s0.i9 1.0 0.957589603722
DS.d488.s0.i10 1.0 0.669931392962
DS.d488.s0.i11 -1 0.51784415675
DS.d488.s0.i12 -1 0.127712700303
DS.d488.s0.i13 -1 0.341070007606
DS.d488.s0.i14 -1 0.550540144219
DS.d498.s0.i0 1.0 0.924218202344
DS.d498.s0.i1 1.0 0.924218202344
DS.d507.s0.i0 1.0 1.09926587889
DS.d507.s0.i1 -1 1.61142537081
DS.d513.s0.i0 1.0 0.892967607524
DS.d517.s0.i0 1.0 1.22460864431
DS.d517.s0.i1 1.0 0.813924022484
DS.d519.s0.i0 -1 -0.839172511844
DS.d519.s0.i1 -1 -0.395742916677
DS.d519.s0.i2 -1 -0.599732294555
DS.d519.s0.i3 -1 -0.594482812454
DS.d519.s1.i0 1.0 1.08223795733
DS.d519.s2.i0 1.0 0.652659960283
DS.d519.s2.i1 -1 0.0221944398047
DS.d531.s0.i0 1.0 -0.0909494269614
DS.d531.s0.i1 1.0 0.815385860074
DS.d531.s0.i2 -1 0.926724356023
DS.d531.s0.i3 1.0 0.659192900657
DS.d531.s0.i4 1.0 0.390273958638
DS.d547.s0.i0 -1 -2.11726591018
DS.d547.s0.i1 -1 -1.28901271346
DS.d547.s1.i0 1.0 0.188677725767
DS.d547.s1.i1 1.0 0.096467409497
DS.d547.s1.i2 1.0 0.096467409497
DS.d547.s1.i3 1.0 0.0130722958403
DS.d550.s0.i0 -1 -0.731349848818
DS.d550.s0.i1 -1 -0.596747589042
DS.d550.s0.i2 -1 -0.932190155913
DS.d550.s0.i3 -1 -1.27800752404
DS.d550.s0.i4 -1 -1.03997315533
DS.d550.s0.i5 -1 -0.284167862018
DS.d550.s0.i6 -1 -1.2341571725
DS.d550.s0.i7 -1 -1.34697250584
DS.d550.s0.i8 -1 -1.04528340492
DS.d555.s0.i0 1.0 1.19748224974
DS.d555.s1.i0 -1 -0.159154336571
DS.d556.s0.i0 -1 0.361432859576
DS.d557.s0.i0 1.0 1.37068515913
DS.d572.s0.i0 -1 0.605008296853
DS.d572.s0.i1 -1 0.441896500976
DS.d573.s0.i0 1.0 1.36277924406
DS.d573.s0.i1 1.0 1.1418899766
DS.d573.s0.i2 1.0 1.43505354332
DS.d573.s0.i3 1.0 0.673295465417
DS.d588.s0.i0 1.0 1.15221138761
DS.d617.s0.i0 1.0 0.35906233868
DS.d617.s1.i0 -1 -1.25046743198
DS.d617.s1.i1 -1 -0.512247477737
DS.d617.s1.i2 -1 -1.67687483331
DS.d617.s1.i3 -1 -0.995842134484
DS.d617.s1.i4 -1 -0.662838732143
DS.d617.s1.i5 -1 -1.1825279267
DS.d617.s1.i6 -1 -0.947938382005
DS.d617.s1.i7 -1 -1.59464237664
DS.d617.s1.i8 -1 -1.54198514714
DS.d617.s1.i9 -1 -1.56664589116
DS.d618.s0.i0 1.0 0.482779840983
DS.d618.s0.i1 1.0 0.536337656862
DS.d618.s1.i0 -1 1.12419263044
DS.d620.s0.i0 -1 -1.35272214506
DS.d620.s0.i1 -1 -0.954398385093
DS.d620.s0.i2 -1 -1.74086259511
DS.d620.s0.i3 -1 -1.15162280048
DS.d620.s0.i4 -1 -1.42562757073
DS.d620.s0.i5 -1 -0.832181336708
DS.d620.s0.i6 -1 -1.5200542534
DS.d620.s0.i7 -1 -1.25307629339
DS.d620.s0.i8 -1 -0.737165747354
DS.d620.s0.i9 -1 -1.18750193184
DS.d620.s0.i10 -1 -1.23983062081
DS.d620.s0.i11 -1 -1.28510531478
DS.d620.s0.i12 -1 -1.4836073958
DS.d620.s0.i13 -1 -0.875254525542
DS.d620.s0.i14 -1 -1.6170899101
DS.d620.s0.i15 -1 -1.64567955102
DS.d620.s0.i16 -1 -0.861168557053
DS.d620.s0.i17 -1 -1.08339086746
DS.d620.s0.i18 -1 -1.242331174
DS.d620.s0.i19 -1 -1.05973532676
DS.d620.s0.i20 -1 -1.32098444614
DS.d620.s1.i0 -1 1.61374873208
DS.d625.s0.i0 -1 0.0409769543841
DS.d625.s0.i1 -1 -1.53434756354
DS.d625.s0.i2 -1 -0.921199077023
DS.d625.s0.i3 -1 0.379741988573
DS.d625.s1.i0 1.0 -0.701720161418
DS.d625.s1.i1 1.0 -1.37041758418
DS.d726.s0.i0 1.0 0.738818753389
DS.d728.s0.i0 1.0 1.21421137137
DS.d741.s0.i0 1.0 1.09446985467
DS.d756.s0.i0 1.0 1.05105052408
DS.d756.s0.i1 1.0 0.372118087644
DS.d760.s0.i0 1.0 0.284962995104
DS.d760.s1.i0 1.0 0.46048413261
DS.d764.s0.i0 -1 -0.0855960569235
DS.d764.s0.i1 -1 -0.514603518112
DS.d764.s0.i2 -1 -0.186981689252
DS.d764.s0.i3 -1 -0.117056036984
DS.d764.s0.i4 -1 -0.547463360886
DS.d764.s0.i5 -1 -0.60717718795
DS.d771.s0.i0 1.0 0.26658546303
DS.d778.s0.i0 1.0 1.04396063526
DS.d778.s1.i0 -1 0.190842156434
DS.d778.s1.i1 1.0 1.75996200774
DS.d778.s2.i0 1.0 2.09595893487
DS.d778.s2.i1 1.0 1.94322484352
DS.d779.s0.i0 -1 -1.43711569351
DS.d798.s0.i0 -1 0.405472629729
DS.d818.s0.i0 1.0 0.15547670176
DS.d818.s0.i1 1.0 0.15547670176
DS.d818.s0.i2 1.0 0.299173595666
DS.d818.s0.i3 1.0 0.0488559960179
DS.d818.s1.i0 1.0 -0.254438992424
DS.d818.s1.i1 1.0 0.391853796169
DS.d818.s1.i2 1.0 -0.254438992424
DS.d818.s1.i3 1.0 -0.254438992424
DS.d818.s1.i4 1.0 0.391853796169
DS.d818.s1.i5 1.0 0.391853796169
DS.d818.s2.i0 1.0 1.67037600402
DS.d818.s2.i1 1.0 0.852231076125
DS.d818.s2.i2 1.0 0.852231076125
DS.d818.s2.i3 1.0 1.67037600402
DS.d818.s2.i4 1.0 1.67037600402
DS.d818.s2.i5 1.0 0.852231076125
DS.d839.s0.i0 1.0 0.329386860081
DS.d839.s0.i1 1.0 0.44520937259
DS.d886.s0.i0 -1 0.0452925513254
DS.d886.s0.i1 -1 0.0438100188134
DS.d886.s0.i2 -1 -0.150892314864
DS.d886.s0.i3 -1 -0.614032814998
DS.d886.s0.i4 -1 0.152459885347
DS.d887.s0.i0 1.0 0.212227097061
DS.d887.s0.i1 1.0 0.0532605013411
DS.d896.s0.i0 1.0 -0.0477458901971
DS.d896.s0.i1 1.0 -0.182762778241
DS.d899.s0.i0 -1 -0.385536115922
DS.d899.s0.i1 -1 -0.395280847194
DS.d899.s0.i2 -1 0.151292034881
DS.d921.s0.i0 1.0 1.70367673731
DS.d921.s1.i0 1.0 0.94360381686
DS.d921.s1.i1 1.0 1.06970247987
DS.d921.s2.i0 1.0 0.363171962235
DS.d921.s2.i1 1.0 0.0279863728524
DS.d921.s2.i2 1.0 0.380371727898
DS.d921.s2.i3 1.0 0.619622975902
DS.d921.s2.i4 1.0 0.206270054175
DS.d938.s0.i0 1.0 1.770151256
DS.d939.s0.i0 -1 0.196729106071
DS.d946.s0.i0 1.0 0.483934418806
DS.d946.s0.i1 1.0 0.446440560046
DS.d946.s1.i0 1.0 -0.749292077171
DS.d946.s1.i1 1.0 -0.123127429373
DS.d946.s1.i2 1.0 0.0971068433202
DS.d947.s0.i0 1.0 1.09939506385
DS.d947.s0.i1 1.0 1.09939506385
DS.d948.s0.i0 1.0 0.0469288316168
DS.d948.s0.i1 1.0 0.073774612701
DS.d948.s0.i2 1.0 0.00609982221335
DS.d948.s0.i3 1.0 0.20253095417
DS.d948.s0.i4 1.0 0.0469288316168
DS.d948.s0.i5 1.0 0.20253095417
DS.d962.s0.i0 1.0 0.328815222456
DS.d962.s0.i1 1.0 0.107768812152
DS.d962.s0.i2 1.0 0.440143139423
DS.d962.s0.i3 1.0 -0.00957900149624
DS.d967.s0.i0 1.0 -0.370571571869
DS.d967.s0.i1 1.0 -0.330057598683
DS.d967.s0.i2 -1 -1.22813122165
DS.d969.s0.i0 1.0 0.846120059108
DS.d969.s0.i1 -1 -0.711864947933
DS.d974.s0.i0 1.0 1.78190918955
DS.d976.s0.i0 -1 -0.818179343106
DS.d976.s0.i1 -1 -0.756158949024
DS.d979.s0.i0 1.0 1.13820868236
DS.d982.s0.i0 -1 -1.1644456061
DS.d982.s1.i0 -1 -0.29677692596
DS.d987.s0.i0 -1 0.0414002132018
DS.d987.s0.i1 -1 0.4873530708
DS.d987.s0.i2 -1 -1.05755513401
DS.d987.s0.i3 -1 -1.05755513401
DS.d987.s0.i4 -1 -0.672630124695
DS.d987.s0.i5 -1 -0.901399665618
DS.d987.s0.i6 -1 -0.865966808655
DS.d987.s0.i7 -1 0.187213382673
DS.d987.s0.i8 -1 -0.963203302638
DS.d987.s0.i9 -1 0.0454397496926
DS.d1027.s0.i0 -1 -0.821933084917
DS.d1027.s0.i1 -1 -0.821933084917
DS.d1032.s0.i0 1.0 -0.10457353063
DS.d1036.s0.i0 1.0 0.263546324405
DS.d1036.s0.i1 1.0 -0.459526658334
DS.d1038.s0.i0 1.0 0.402247193006
DS.d1044.s0.i0 1.0 0.107012070814
DS.d1048.s0.i0 -1 -1.58674929677
DS.d1069.s0.i0 1.0 0.720457388207
DS.d1097.s0.i0 -1 0.940149438227
DS.d1097.s1.i0 1.0 0.429271946629
DS.d1097.s1.i1 1.0 -0.407258894632
DS.d1097.s1.i2 1.0 0.188296292958
DS.d1097.s1.i3 1.0 -0.242410298349
DS.d1118.s0.i0 1.0 1.94052289621
DS.d1125.s0.i0 -1 -0.0612961701862
DS.d1125.s1.i0 1.0 0.992142377329
DS.d1133.s0.i0 1.0 0.308418446248
DS.d1133.s0.i1 -1 -0.245139801362
DS.d1140.s0.i0 -1 -0.160243238937
DS.d1140.s0.i1 -1 -0.316014327652
DS.d1140.s0.i2 -1 -0.42209348684
DS.d1140.s0.i3 -1 -0.497709131204
DS.d1143.s0.i0 -1 0.435272680514
DS.d1143.s0.i1 -1 -0.00538213299866
DS.d1146.s0.i0 -1 0.829118870611
DS.d1147.s0.i0 1.0 -0.370683191087
DS.d1147.s0.i1 -1 -1.1066468772
DS.d1164.s0.i0 -1 -1.43756656397
DS.d1165.s0.i0 1.0 0.597862931796
DS.d1173.s0.i0 -1 0.36521294239
DS.d1213.s0.i0 -1 -0.705788787161
DS.d1222.s0.i0 1.0 0.698950223306
DS.d1222.s0.i1 1.0 1.31511897079
DS.d1222.s1.i0 1.0 1.12848271718
DS.d1222.s1.i1 1.0 1.23224800896
DS.d1222.s2.i0 -1 0.814210079257
DS.d1222.s2.i1 -1 0.659367250089
DS.d1224.s0.i0 1.0 1.6128709126
DS.d1224.s0.i1 1.0 1.62718659517
DS.d1254.s0.i0 1.0 1.08737856051
DS.d1254.s1.i0 1.0 0.585790188794
DS.d1254.s1.i1 1.0 1.18864017306
DS.d1271.s0.i0 1.0 0.641239873758
DS.d1271.s1.i0 1.0 -0.478128735214
DS.d1280.s0.i0 1.0 -0.0300065921554
DS.d1288.s0.i0 -1 0.0958408069269
DS.d1288.s0.i1 -1 -0.0908790464867
DS.d1288.s0.i2 -1 0.340896245916
DS.d1288.s0.i3 -1 0.317561411703
DS.d1318.s0.i0 1.0 1.75438973193
DS.d1319.s0.i0 1.0 1.59026515923
DS.d1319.s0.i1 1.0 1.70756981081
DS.d1321.s0.i0 1.0 0.404885856606
DS.d1321.s0.i1 1.0 -0.290637575535
DS.d1321.s0.i2 1.0 -0.289029419198
DS.d1336.s0.i0 -1 -1.43498510239
DS.d1348.s0.i0 -1 0.267403332455
DS.d1348.s1.i0 1.0 1.17631851576
DS.d1366.s0.i0 1.0 1.10951993072
DS.d1368.s0.i0 -1 -0.843149339365
DS.d1377.s0.i0 1.0 -0.159482602735
DS.d1377.s1.i0 -1 -1.00145485172
DS.d1385.s0.i0 1.0 0.913973716939
DS.d1385.s1.i0 1.0 -0.196402342095
DS.d1385.s1.i1 1.0 -0.260990807993
DS.d1389.s0.i0 1.0 1.11733025162
DS.d1389.s0.i1 1.0 1.267981651
DS.d1402.s0.i0 1.0 1.59445558288
DS.d1416.s0.i0 -1 -0.35005445873
DS.d1416.s0.i1 -1 -0.296077421899
DS.d1417.s0.i0 1.0 0.535534589752
DS.d1419.s0.i0 1.0 0.149551314856
DS.d1419.s0.i1 1.0 -0.0179748594541
DS.d1420.s0.i0 -1 -1.25557907726
DS.d1420.s0.i1 -1 -1.36972701596
DS.d1420.s0.i2 -1 -0.565707615594
DS.d1420.s0.i3 -1 -0.850412238736
DS.d1420.s0.i4 1.0 -0.409693111503
DS.d1420.s0.i5 -1 -1.682602694
DS.d1430.s0.i0 1.0 0.765444541792
DS.d1430.s1.i0 1.0 0.784698201433
DS.d1430.s1.i1 1.0 0.126048964378
DS.d1430.s1.i2 1.0 0.0288970089667
DS.d1430.s1.i3 1.0 0.472372936502
DS.d1430.s2.i0 1.0 1.32300434533
DS.d1435.s0.i0 1.0 1.15277884066
DS.d1435.s1.i0 1.0 1.1496087621
DS.d1455.s0.i0 1.0 0.0565598792029
DS.d1482.s0.i0 -1 -1.20081767593
DS.d1482.s0.i1 -1 -0.678130654767
DS.d1482.s0.i2 -1 -1.20081767593
DS.d1488.s0.i0 -1 1.13721101038
DS.d1489.s0.i0 -1 -0.348623845468
DS.d1492.s0.i0 1.0 0.363546696253
DS.d1492.s0.i1 1.0 -0.015321467005
DS.d1502.s0.i0 1.0 -0.563820434897
DS.d1502.s0.i1 1.0 0.00527952459156
DS.d1502.s0.i2 1.0 -0.625087314704
DS.d1502.s0.i3 1.0 -0.742225245609
DS.d1513.s0.i0 1.0 0.709907676826
DS.d1513.s0.i1 1.0 0.931021803208
DS.d1513.s0.i2 1.0 0.58559624611
DS.d1514.s0.i0 -1 1.03004917347
DS.d1514.s0.i1 1.0 0.607808578556
DS.d1514.s1.i0 -1 -0.471798642761
DS.d1514.s1.i1 -1 -0.329600049047
DS.d1514.s1.i2 1.0 1.00319344712
DS.d1514.s1.i3 1.0 0.715530124906
DS.d1546.s0.i0 -1 -0.28101396149
DS.d1546.s1.i0 -1 -0.94415848882
DS.d1546.s1.i1 1.0 0.037850592322
DS.d1546.s1.i2 -1 -0.937736410269
DS.d1574.s0.i0 1.0 0.472053747794
DS.d1587.s0.i0 -1 -1.04966569768
DS.d1587.s0.i1 -1 -0.672588573417
DS.d1587.s1.i0 -1 -1.22166533268
DS.d1587.s1.i1 -1 -0.431609685183
DS.d1587.s2.i0 -1 -0.811308691885
DS.d1587.s2.i1 -1 -0.168844508397
DS.d1587.s3.i0 -1 -0.599406054066
DS.d1587.s3.i1 -1 -0.969050538115
DS.d1589.s0.i0 1.0 1.15266717222
DS.d1634.s0.i0 -1 -1.59610448704
DS.d1634.s0.i1 -1 -1.18648090072
DS.d1634.s0.i2 -1 -1.4559389847
DS.d1634.s0.i3 -1 -1.22874620754
DS.d1634.s0.i4 -1 -1.38620366132
DS.d1634.s0.i5 -1 -1.00048984206
DS.d1634.s0.i6 -1 -1.47969735391
DS.d1634.s0.i7 -1 -1.24980203473
DS.d1634.s0.i8 -1 -1.26069053098
DS.d1634.s0.i9 -1 -1.35646965235
DS.d1634.s1.i0 -1 -1.06003894502
DS.d1634.s1.i1 -1 -1.15225184405
DS.d1634.s1.i2 -1 -1.43633063893
DS.d1634.s1.i3 -1 -1.53466805473
DS.d1639.s0.i0 -1 0.505466037617
DS.d1644.s0.i0 -1 -0.67337272273
DS.d1644.s0.i1 -1 -1.67980813587
DS.d1644.s1.i0 -1 -2.46516165233
DS.d1644.s1.i1 -1 -1.36707914059
DS.d1644.s1.i2 -1 -1.52290380369
DS.d1644.s2.i0 -1 -0.556611029996
DS.d1649.s0.i0 1.0 0.650494921809
DS.d1649.s0.i1 1.0 0.465683993034
DS.d1664.s0.i0 -1 0.704496445475
DS.d1664.s0.i1 -1 0.091664590457
DS.d1664.s1.i0 -1 -1.17455691664
DS.d1664.s2.i0 -1 -0.88731801334
DS.d1664.s3.i0 -1 0.119994319226
DS.d1688.s0.i0 1.0 -1.27320001048
DS.d1688.s1.i0 1.0 1.42732437447
DS.d1722.s0.i0 -1 -1.07425923531
DS.d1722.s0.i1 -1 0.433990789285
DS.d1722.s0.i2 -1 -0.172712409067
DS.d1722.s0.i3 -1 0.143183235294
DS.d1722.s0.i4 -1 -0.336152333275
DS.d1722.s0.i5 -1 -0.639548248179
DS.d1722.s0.i6 -1 -0.0435964868553
DS.d1722.s0.i7 -1 -1.20752777695
DS.d1722.s1.i0 -1 -1.21909270455
DS.d1722.s1.i1 -1 -0.959461181498
DS.d1722.s1.i2 -1 -1.02831973594
DS.d1730.s0.i0 1.0 1.56066348797
DS.d1734.s0.i0 -1 -1.635678225
DS.d1734.s0.i1 -1 -2.04340592362
DS.d1734.s1.i0 -1 -0.477177952482
DS.d1735.s0.i0 -1 1.03302918412
DS.d1735.s0.i1 -1 0.636216386657
DS.d1735.s1.i0 -1 -0.947119043208
DS.d1738.s0.i0 1.0 0.315050051923
DS.d1738.s0.i1 1.0 0.315050051923
DS.d1741.s0.i0 -1 -1.5402101902
DS.d1757.s0.i0 1.0 1.91749648445
DS.d1757.s1.i0 1.0 0.69939515102
DS.d1767.s0.i1 1.0 -0.0514470974217
DS.d1776.s0.i0 1.0 0.817730929584
DS.d1776.s0.i1 1.0 0.707371844433
DS.d1782.s0.i0 -1 0.038866573091
DS.d1782.s0.i1 -1 0.117142018492
DS.d1782.s0.i2 -1 0.215918931274
DS.d1782.s0.i3 -1 0.146586960795
DS.d1789.s0.i1 -1 -0.339091641106
DS.d1809.s0.i0 -1 1.16627150878
DS.d1809.s0.i1 -1 1.09932281194
DS.d1836.s0.i0 -1 -0.381535135826
DS.d1836.s0.i3 -1 -0.179861668825
DS.d1836.s0.i4 -1 -0.0575258273373
DS.d1836.s0.i5 -1 -0.229407880219
DS.d1854.s0.i0 1.0 0.763081933951
DS.d1866.s0.i0 1.0 0.609863444063
DS.d1866.s0.i1 1.0 0.658506387676
DS.d1866.s0.i2 1.0 0.663058021725
DS.d1866.s0.i3 1.0 0.660166152927
DS.d1866.s1.i0 -1 1.21549741705
DS.d1866.s1.i1 1.0 0.0524504324702
DS.d1866.s1.i2 -1 0.749766487503
DS.d1866.s1.i3 1.0 0.289991693088
DS.d1866.s2.i0 1.0 0.544623809187
DS.d1866.s2.i1 1.0 0.544623809187
DS.d1886.s0.i0 1.0 0.821411472343
DS.d1889.s0.i0 1.0 0.344598518355
DS.d1895.s0.i0 1.0 1.1364132499
DS.d1895.s0.i1 1.0 1.35740174561
DS.d1895.s0.i2 1.0 1.18720245744
DS.d1895.s0.i3 1.0 1.04879733916
DS.d1895.s0.i4 1.0 1.25047457781
