DS.d17.s0.i0 -1 -0.796834291162
DS.d17.s0.i1 -1 -0.711585681006
DS.d17.s1.i0 -1 0.0156889535719
DS.d25.s0.i0 1.0 0.619547665184
DS.d25.s1.i0 1.0 0.800140836734
DS.d32.s0.i0 1.0 0.72842309957
DS.d38.s0.i0 1.0 1.32235755363
DS.d38.s1.i0 1.0 2.05544987408
DS.d38.s1.i1 1.0 1.4126251407
DS.d38.s2.i0 1.0 1.70925095024
DS.d38.s3.i0 -1 -0.532748923793
DS.d39.s0.i0 -1 -0.256171844802
DS.d44.s0.i0 -1 -1.14784422228
DS.d44.s0.i1 -1 -0.256585315814
DS.d44.s0.i2 -1 -0.737525536385
DS.d44.s0.i3 -1 -1.14798764314
DS.d44.s0.i4 -1 -0.660584092282
DS.d44.s0.i5 -1 -0.428729260637
DS.d44.s0.i6 -1 -0.0965678373362
DS.d44.s0.i7 -1 -1.04833329454
DS.d44.s0.i8 -1 0.28382990266
DS.d44.s0.i9 -1 0.493950454226
DS.d44.s0.i10 -1 -0.229943183938
DS.d44.s0.i11 -1 -1.02691876073
DS.d44.s0.i12 -1 -0.971451037873
DS.d44.s0.i13 -1 -0.870985144194
DS.d44.s0.i14 -1 -1.19251588062
DS.d44.s0.i15 -1 -1.48616803106
DS.d44.s0.i16 -1 -0.228700849028
DS.d44.s0.i17 -1 -0.608469685441
DS.d52.s0.i0 1.0 -0.766575953342
DS.d52.s1.i0 1.0 1.27731146565
DS.d52.s2.i0 1.0 1.36557189846
DS.d74.s0.i0 1.0 1.1306343106
DS.d88.s0.i0 -1 -1.28614036818
DS.d88.s0.i1 -1 -0.777124269181
DS.d99.s0.i0 1.0 0.446623218597
DS.d111.s0.i0 1.0 0.272542699381
DS.d111.s0.i1 -1 -1.13518950823
DS.d111.s0.i2 1.0 0.761964724702
DS.d111.s0.i3 1.0 -0.0728242659107
DS.d111.s0.i4 -1 -0.0483513654243
DS.d111.s0.i5 1.0 0.519024687359
DS.d113.s0.i0 -1 0.556499342021
DS.d113.s0.i1 -1 0.556499342021
DS.d114.s0.i0 1.0 0.643832226967
DS.d119.s0.i0 -1 -1.1825467418
DS.d119.s0.i1 -1 -0.713896521342
DS.d119.s0.i2 -1 -0.0240913118065
DS.d138.s0.i0 1.0 0.655599909002
DS.d138.s1.i0 1.0 0.928974161974
DS.d138.s2.i0 1.0 1.20447758174
DS.d138.s3.i0 1.0 0.29144516222
DS.d153.s0.i0 -1 0.838277293785
DS.d153.s0.i1 1.0 0.0239370383392
DS.d154.s0.i0 -1 0.108147365788
DS.d154.s0.i1 -1 0.45390043553
DS.d159.s0.i0 -1 -0.156210063614
DS.d159.s0.i1 -1 -0.630108242218
DS.d159.s0.i2 -1 -0.879384191121
DS.d159.s0.i3 -1 0.701974034478
DS.d159.s0.i4 -1 -0.617398421941
DS.d159.s0.i5 1.0 0.712843828456
DS.d162.s0.i0 1.0 0.897931378947
DS.d162.s1.i0 1.0 0.345354394008
DS.d187.s0.i0 1.0 0.313038067257
DS.d195.s0.i0 1.0 0.482617504578
DS.d208.s0.i0 -1 0.569423311257
DS.d208.s0.i1 -1 0.730937392257
DS.d211.s0.i0 1.0 2.27446021384
DS.d218.s0.i0 1.0 1.85458414875
DS.d218.s0.i1 1.0 1.73162830805
DS.d218.s1.i0 -1 -1.00665462205
DS.d218.s1.i1 -1 -0.950744293956
DS.d218.s1.i2 -1 -1.12466273568
DS.d218.s1.i3 -1 -0.522675949471
DS.d227.s0.i0 1.0 0.535662980529
DS.d227.s0.i1 1.0 0.535662980529
DS.d243.s0.i0 1.0 1.41007859383
DS.d243.s0.i1 1.0 1.41007859383
DS.d243.s0.i2 1.0 1.41007859383
DS.d256.s0.i0 -1 0.546696237329
DS.d256.s0.i1 -1 0.336842461859
DS.d256.s0.i2 1.0 1.32579146726
DS.d256.s0.i3 -1 0.445790808039
DS.d258.s0.i0 -1 0.331368694389
DS.d261.s0.i0 1.0 1.18358234335
DS.d264.s0.i0 1.0 -0.320787581167
DS.d264.s0.i1 1.0 -1.15142917972
DS.d264.s1.i0 1.0 1.19928086376
DS.d272.s0.i0 1.0 -0.110955478748
DS.d272.s0.i1 1.0 -0.0990239463622
DS.d272.s0.i2 1.0 -0.00924126622452
DS.d272.s1.i0 1.0 -0.247172746775
DS.d272.s1.i1 1.0 -0.372410848974
DS.d272.s1.i2 1.0 -0.283800907656
DS.d272.s2.i0 1.0 1.36338362021
DS.d272.s3.i0 1.0 1.43436806661
DS.d272.s4.i0 -1 -1.10967868701
DS.d286.s0.i0 -1 0.155300445885
DS.d286.s0.i1 1.0 1.83689085207
DS.d286.s0.i2 1.0 0.687845809443
DS.d288.s0.i0 -1 -0.562355881531
DS.d288.s0.i1 -1 -0.53584678832
DS.d288.s0.i2 -1 -0.719388760841
DS.d288.s0.i3 -1 -0.833347791595
DS.d288.s0.i4 -1 -0.488770906355
DS.d288.s0.i5 -1 -0.413142383495
DS.d288.s0.i6 -1 -0.455458664515
DS.d288.s0.i7 -1 -0.391029261449
DS.d288.s0.i8 -1 -0.696677787598
DS.d288.s1.i0 -1 -0.0501430888182
DS.d288.s1.i1 1.0 0.607822985066
DS.d288.s1.i2 1.0 0.557426443354
DS.d288.s1.i3 -1 -1.63269440739
DS.d295.s0.i0 1.0 -0.0623451375693
DS.d295.s1.i0 -1 1.38188931241
DS.d307.s0.i0 1.0 1.67164686776
DS.d307.s1.i0 1.0 0.84476437939
DS.d314.s0.i0 1.0 0.883627793471
DS.d314.s0.i1 -1 0.384478262994
DS.d317.s0.i0 1.0 0.55855363839
DS.d317.s0.i1 1.0 0.501033258753
DS.d317.s0.i2 1.0 0.704856347728
DS.d317.s0.i3 1.0 0.827201968535
DS.d317.s0.i4 1.0 0.178147618882
DS.d317.s0.i5 1.0 0.210383495444
DS.d317.s0.i6 1.0 0.292847434652
DS.d317.s0.i7 1.0 0.43922069244
DS.d317.s0.i8 1.0 0.328027904447
DS.d317.s0.i9 1.0 0.345535428819
DS.d317.s0.i10 1.0 0.348086659644
DS.d317.s0.i11 1.0 0.498061897504
DS.d347.s0.i0 -1 0.0499319183937
DS.d347.s1.i0 -1 -0.292139243817
DS.d347.s1.i1 -1 -0.987956887267
DS.d347.s1.i2 -1 -0.813242499616
DS.d347.s1.i3 -1 -0.944096889357
DS.d347.s1.i4 -1 -0.44776235534
DS.d347.s1.i5 -1 -0.878452665071
DS.d350.s0.i0 1.0 -0.278239277502
DS.d350.s0.i1 1.0 0.121674542666
DS.d350.s0.i2 1.0 -0.312129388403
DS.d350.s0.i3 1.0 -0.466158594877
DS.d350.s1.i0 -1 -0.01261154877
DS.d350.s1.i1 -1 0.164932841573
DS.d350.s1.i2 -1 0.425011566863
DS.d350.s1.i3 -1 -0.180934567673
DS.d367.s0.i2 -1 -0.365745505051
DS.d370.s0.i0 1.0 -0.00324824615732
DS.d377.s0.i0 1.0 1.21551110758
DS.d377.s0.i1 1.0 1.21567314547
DS.d377.s0.i2 1.0 0.772301763835
DS.d377.s1.i0 1.0 0.529294152565
DS.d377.s1.i1 1.0 0.07329842817
DS.d380.s0.i0 -1 -0.578757051897
DS.d380.s0.i3 -1 -0.0623318432483
DS.d380.s0.i4 -1 -0.339633069998
DS.d380.s0.i6 -1 -0.218252288722
DS.d380.s0.i9 -1 -0.436356773943
DS.d380.s1.i1 -1 -0.47678391702
DS.d380.s1.i3 -1 -0.276693894186
DS.d380.s1.i4 -1 -0.313969259561
DS.d380.s1.i5 -1 -0.421598702959
DS.d380.s1.i6 -1 -0.494120282635
DS.d380.s1.i8 -1 -0.451010400781
DS.d380.s2.i0 1.0 0.467573979227
DS.d380.s2.i2 1.0 0.457568177441
DS.d380.s2.i5 1.0 0.552275328555
DS.d384.s0.i0 1.0 0.371542382509
DS.d384.s0.i1 -1 -0.496191878851
DS.d384.s0.i2 1.0 0.371542382509
DS.d387.s0.i0 1.0 1.22265009082
DS.d387.s0.i1 1.0 1.01443419034
DS.d410.s0.i0 1.0 -0.87149532606
DS.d418.s0.i1 1.0 0.596101604705
DS.d421.s0.i0 -1 1.27835005007
DS.d421.s1.i0 1.0 1.95068339209
DS.d427.s0.i1 1.0 0.392932811207
DS.d439.s0.i0 1.0 -0.0892411084937
DS.d450.s0.i0 1.0 1.01101184457
DS.d450.s1.i0 1.0 1.80860685983
DS.d450.s1.i1 -1 0.375082284367
DS.d455.s0.i0 1.0 -0.850952436972
DS.d455.s0.i1 1.0 -1.12269675506
DS.d461.s0.i0 -1 -0.658972775031
DS.d461.s0.i1 -1 -0.774833473226
DS.d461.s0.i2 -1 -0.439899289235
DS.d461.s0.i3 -1 -0.478498784819
DS.d482.s0.i0 -1 0.438738424474
DS.d482.s0.i1 -1 0.49525773233
DS.d488.s0.i0 1.0 1.14062255381
DS.d488.s0.i1 1.0 1.1085358728
DS.d488.s0.i2 1.0 1.09434118398
DS.d488.s0.i3 1.0 0.7216720528
DS.d488.s0.i4 1.0 0.741601163657
DS.d488.s0.i5 1.0 0.98848292056
DS.d488.s0.i6 1.0 0.870815235586
DS.d488.s0.i7 1.0 0.986727788629
DS.d488.s0.i8 -1 1.13780257052
DS.d488.s0.i9 1.0 1.31572923624
DS.d488.s0.i10 1.0 0.938779610453
DS.d488.s0.i11 -1 0.821718861893
DS.d488.s0.i12 -1 0.431982693188
DS.d488.s0.i13 -1 0.712125110173
DS.d488.s0.i14 -1 0.909448130514
DS.d498.s0.i0 1.0 0.807041221689
DS.d498.s0.i1 1.0 0.807041221689
DS.d507.s0.i0 1.0 1.2411076396
DS.d507.s0.i1 -1 1.6547116263
DS.d513.s0.i0 1.0 1.02977560265
DS.d517.s0.i0 1.0 1.31668494922
DS.d517.s0.i1 1.0 1.09112658895
DS.d519.s0.i0 -1 -0.55826021275
DS.d519.s0.i1 -1 -0.546871461615
DS.d519.s0.i2 -1 -0.619477196663
DS.d519.s0.i3 -1 -0.430643940111
DS.d519.s1.i0 1.0 1.01475906433
DS.d519.s2.i0 1.0 1.14736060448
DS.d519.s2.i1 -1 0.147463992245
DS.d531.s0.i0 1.0 -0.154277040651
DS.d531.s0.i1 1.0 0.860150763165
DS.d531.s0.i2 -1 0.999522671628
DS.d531.s0.i3 1.0 0.939215558278
DS.d531.s0.i4 1.0 0.387076391469
DS.d547.s0.i0 -1 -1.52210777897
DS.d547.s0.i1 -1 -0.72182714262
DS.d547.s1.i0 1.0 0.18351255898
DS.d547.s1.i1 1.0 0.0507744944994
DS.d547.s1.i2 1.0 0.0507744944994
DS.d547.s1.i3 1.0 -0.00196571564065
DS.d550.s0.i0 -1 -0.797113660463
DS.d550.s0.i1 -1 -0.635714944566
DS.d550.s0.i2 -1 -0.814128224769
DS.d550.s0.i3 -1 -1.25946682179
DS.d550.s0.i4 -1 -0.780423094637
DS.d550.s0.i5 -1 0.187885218381
DS.d550.s0.i6 -1 -1.01064686491
DS.d550.s0.i7 -1 -1.36191991786
DS.d550.s0.i8 -1 -1.12713273966
DS.d555.s0.i0 1.0 1.15558713568
DS.d555.s1.i0 -1 0.104926885509
DS.d556.s0.i0 -1 0.55702143596
DS.d557.s0.i0 1.0 1.47316186543
DS.d572.s0.i0 -1 0.684817937259
DS.d572.s0.i1 -1 0.744157885981
DS.d573.s0.i0 1.0 1.45630593796
DS.d573.s0.i1 1.0 1.36239801626
DS.d573.s0.i2 1.0 1.68033215631
DS.d573.s0.i3 1.0 0.659299800055
DS.d588.s0.i0 1.0 1.27435870487
DS.d617.s0.i0 1.0 0.680694758751
DS.d617.s1.i0 -1 -0.683253403573
DS.d617.s1.i1 -1 -0.423047058391
DS.d617.s1.i2 -1 -1.26288092573
DS.d617.s1.i3 -1 -0.530581939267
DS.d617.s1.i4 -1 -0.476328374124
DS.d617.s1.i5 -1 -0.88646978589
DS.d617.s1.i6 -1 -0.686010146439
DS.d617.s1.i7 -1 -1.24869508865
DS.d617.s1.i8 -1 -1.20609683755
DS.d617.s1.i9 -1 -1.22392545601
DS.d618.s0.i0 1.0 0.532405493154
DS.d618.s0.i1 1.0 0.570070440629
DS.d618.s1.i0 -1 1.15555370339
DS.d620.s0.i0 -1 -1.12770177025
DS.d620.s0.i1 -1 -0.785012452989
DS.d620.s0.i2 -1 -1.59784306694
DS.d620.s0.i3 -1 -0.82572379135
DS.d620.s0.i4 -1 -1.27519001971
DS.d620.s0.i5 -1 -0.456374931902
DS.d620.s0.i6 -1 -1.48097679395
DS.d620.s0.i7 -1 -1.04735973725
DS.d620.s0.i8 -1 -0.458274827238
DS.d620.s0.i9 -1 -0.896682853091
DS.d620.s0.i10 -1 -1.01354154369
DS.d620.s0.i11 -1 -1.08789812534
DS.d620.s0.i12 -1 -1.15020549808
DS.d620.s0.i13 -1 -0.597081909121
DS.d620.s0.i14 -1 -1.41237983206
DS.d620.s0.i15 -1 -1.39057806398
DS.d620.s0.i16 -1 -0.627529637322
DS.d620.s0.i17 -1 -0.903701022341
DS.d620.s0.i18 -1 -0.9880744139
DS.d620.s0.i19 -1 -0.865294302872
DS.d620.s0.i20 -1 -1.15885718708
DS.d620.s1.i0 -1 1.63732022726
DS.d625.s0.i0 -1 0.295415277214
DS.d625.s0.i1 -1 -1.58769009534
DS.d625.s0.i2 -1 0.0616909440541
DS.d625.s0.i3 -1 0.618591525763
DS.d625.s1.i0 1.0 -0.340797153868
DS.d625.s1.i1 1.0 -0.856944238867
DS.d726.s0.i0 1.0 0.916504613901
DS.d728.s0.i0 1.0 1.20189715285
DS.d741.s0.i0 1.0 1.13333143749
DS.d756.s0.i0 1.0 1.18979855612
DS.d756.s0.i1 1.0 0.700600134418
DS.d760.s0.i0 1.0 0.514638149162
DS.d760.s1.i0 1.0 0.617063148098
DS.d764.s0.i0 -1 -0.0071799612872
DS.d764.s0.i1 -1 -0.351216473187
DS.d764.s0.i2 -1 -0.0596014002828
DS.d764.s0.i3 -1 -0.13531217851
DS.d764.s0.i4 -1 -0.483826363523
DS.d764.s0.i5 -1 -0.397013843282
DS.d771.s0.i0 1.0 0.358503292667
DS.d778.s0.i0 1.0 1.19708875502
DS.d778.s1.i0 -1 0.787944091455
DS.d778.s1.i1 1.0 2.03057618813
DS.d778.s2.i0 1.0 2.08863060624
DS.d778.s2.i1 1.0 2.09293489291
DS.d779.s0.i0 -1 -1.54017596228
DS.d798.s0.i0 -1 0.346031509199
DS.d818.s0.i0 1.0 0.397510935664
DS.d818.s0.i1 1.0 0.397510935664
DS.d818.s0.i2 1.0 0.561542893509
DS.d818.s0.i3 1.0 0.221857168005
DS.d818.s1.i0 1.0 -0.152958923781
DS.d818.s1.i1 1.0 0.662865199066
DS.d818.s1.i2 1.0 -0.152958923781
DS.d818.s1.i3 1.0 -0.152958923781
DS.d818.s1.i4 1.0 0.662865199066
DS.d818.s1.i5 1.0 0.662865199066
DS.d818.s2.i0 1.0 1.8413790561
DS.d818.s2.i1 1.0 1.17269465817
DS.d818.s2.i2 1.0 1.17269465817
DS.d818.s2.i3 1.0 1.8413790561
DS.d818.s2.i4 1.0 1.8413790561
DS.d818.s2.i5 1.0 1.17269465817
DS.d839.s0.i0 1.0 0.457199851469
DS.d839.s0.i1 1.0 0.494651022612
DS.d886.s0.i0 -1 0.406950081043
DS.d886.s0.i1 -1 0.169196483515
DS.d886.s0.i2 -1 -0.139168312292
DS.d886.s0.i3 -1 -0.40072228088
DS.d886.s0.i4 -1 0.29367728483
DS.d887.s0.i0 1.0 0.326441980393
DS.d887.s0.i1 1.0 0.277230697236
DS.d896.s0.i0 1.0 0.0662591842032
DS.d896.s0.i1 1.0 0.0377267153797
DS.d899.s0.i0 -1 -0.223810581387
DS.d899.s0.i1 -1 -0.229144644364
DS.d899.s0.i2 -1 0.246787094657
DS.d921.s0.i0 1.0 1.87276755808
DS.d921.s1.i0 1.0 1.02387060646
DS.d921.s1.i1 1.0 1.18246739049
DS.d921.s2.i0 1.0 0.442985170207
DS.d921.s2.i1 1.0 0.31214444944
DS.d921.s2.i2 1.0 0.513294096346
DS.d921.s2.i3 1.0 1.01833837371
DS.d921.s2.i4 1.0 0.448936597402
DS.d938.s0.i0 1.0 1.89766687464
DS.d939.s0.i0 -1 0.465248748557
DS.d946.s0.i0 1.0 0.626172877606
DS.d946.s0.i1 1.0 0.519616466573
DS.d946.s1.i0 1.0 -0.476827643357
DS.d946.s1.i1 1.0 0.125046303139
DS.d946.s1.i2 1.0 0.433516281928
DS.d947.s0.i0 1.0 1.19913185513
DS.d947.s0.i1 1.0 1.19913185513
DS.d948.s0.i0 1.0 0.377539823287
DS.d948.s0.i1 1.0 0.241934814347
DS.d948.s0.i2 1.0 0.404401151067
DS.d948.s0.i3 1.0 0.353131409084
DS.d948.s0.i4 1.0 0.377539823287
DS.d948.s0.i5 1.0 0.353131409084
DS.d962.s0.i0 1.0 0.489463417148
DS.d962.s0.i1 1.0 0.332037132434
DS.d962.s0.i2 1.0 0.574409175017
DS.d962.s0.i3 1.0 0.246294770747
DS.d967.s0.i0 1.0 -0.219155824099
DS.d967.s0.i1 1.0 -0.0700759906696
DS.d967.s0.i2 -1 -1.23950639036
DS.d969.s0.i0 1.0 0.941151151074
DS.d969.s0.i1 -1 -0.783501235434
DS.d974.s0.i0 1.0 1.83437224773
DS.d976.s0.i0 -1 -0.547523521589
DS.d976.s0.i1 -1 -0.62135873263
DS.d979.s0.i0 1.0 1.01024682307
DS.d982.s0.i0 -1 -1.02843996189
DS.d982.s1.i0 -1 -0.245825618548
DS.d987.s0.i0 -1 0.134246925669
DS.d987.s0.i1 -1 0.653580581394
DS.d987.s0.i2 -1 -1.02649676329
DS.d987.s0.i3 -1 -1.02649676329
DS.d987.s0.i4 -1 -0.54495718538
DS.d987.s0.i5 -1 -0.812791082785
DS.d987.s0.i6 -1 -0.840600282411
DS.d987.s0.i7 -1 0.375635220764
DS.d987.s0.i8 -1 -0.859490627153
DS.d987.s0.i9 -1 0.250115190101
DS.d1027.s0.i0 -1 -0.781908213063
DS.d1027.s0.i1 -1 -0.781908213063
DS.d1032.s0.i0 1.0 0.23836205572
DS.d1036.s0.i0 1.0 0.397564177484
DS.d1036.s0.i1 1.0 -0.198293523616
DS.d1038.s0.i0 1.0 0.77248619192
DS.d1044.s0.i0 1.0 0.116707609751
DS.d1048.s0.i0 -1 -1.31309661789
DS.d1069.s0.i0 1.0 0.570537244956
DS.d1097.s0.i0 -1 0.965147827682
DS.d1097.s1.i0 1.0 0.657875336968
DS.d1097.s1.i1 1.0 -0.488261439164
DS.d1097.s1.i2 1.0 0.503427520641
DS.d1097.s1.i3 1.0 -0.296210542155
DS.d1118.s0.i0 1.0 1.93077573542
DS.d1125.s0.i0 -1 0.208148197666
DS.d1125.s1.i0 1.0 1.16600862784
DS.d1133.s0.i0 1.0 0.288540993407
DS.d1133.s0.i1 -1 0.0947544361079
DS.d1140.s0.i0 -1 -0.0512520153907
DS.d1140.s0.i1 -1 -0.396621740718
DS.d1140.s0.i2 -1 -0.245251449831
DS.d1140.s0.i3 -1 -0.509967760062
DS.d1143.s0.i0 -1 0.634043683614
DS.d1143.s0.i1 -1 0.381628987934
DS.d1146.s0.i0 -1 1.04062973095
DS.d1147.s0.i0 1.0 -0.0815813525845
DS.d1147.s0.i1 -1 -0.933461194614
DS.d1164.s0.i0 -1 -1.36078978913
DS.d1165.s0.i0 1.0 0.560861187714
DS.d1173.s0.i0 -1 0.621317865541
DS.d1213.s0.i0 -1 -0.527464315273
DS.d1222.s0.i0 1.0 0.877880285654
DS.d1222.s0.i1 1.0 1.51031803434
DS.d1222.s1.i0 1.0 1.18742248083
DS.d1222.s1.i1 1.0 1.33629240825
DS.d1222.s2.i0 -1 0.824304539454
DS.d1222.s2.i1 -1 0.590068585463
DS.d1224.s0.i0 1.0 1.52835139247
DS.d1224.s0.i1 1.0 1.52382804614
DS.d1254.s0.i0 1.0 1.03555470969
DS.d1254.s1.i0 1.0 0.547604619144
DS.d1254.s1.i1 1.0 1.21851883639
DS.d1271.s0.i0 1.0 0.879161386218
DS.d1271.s1.i0 1.0 -0.40443502161
DS.d1280.s0.i0 1.0 0.16861189288
DS.d1288.s0.i0 -1 0.3284336218
DS.d1288.s0.i1 -1 0.129794782639
DS.d1288.s0.i2 -1 0.379821337824
DS.d1288.s0.i3 -1 0.602928656608
DS.d1318.s0.i0 1.0 1.80114782088
DS.d1319.s0.i0 1.0 1.45999708589
DS.d1319.s0.i1 1.0 1.63542460794
DS.d1321.s0.i0 1.0 0.381388780718
DS.d1321.s0.i1 1.0 -0.24275631965
DS.d1321.s0.i2 1.0 -0.106013596383
DS.d1336.s0.i0 -1 -0.947732839324
DS.d1348.s0.i0 -1 0.609116672791
DS.d1348.s1.i0 1.0 1.3179230294
DS.d1366.s0.i0 1.0 1.37193824766
DS.d1368.s0.i0 -1 -0.400814592537
DS.d1377.s0.i0 1.0 -0.0264453412184
DS.d1377.s1.i0 -1 -0.787215073681
DS.d1385.s0.i0 1.0 0.952583166287
DS.d1385.s1.i0 1.0 0.082362645876
DS.d1385.s1.i1 1.0 0.144376294602
DS.d1389.s0.i0 1.0 1.16935392804
DS.d1389.s0.i1 1.0 1.30467166413
DS.d1402.s0.i0 1.0 1.7271325355
DS.d1416.s0.i0 -1 -0.0589469152541
DS.d1416.s0.i1 -1 0.0642328614293
DS.d1417.s0.i0 1.0 0.766110421596
DS.d1419.s0.i0 1.0 0.631513777076
DS.d1419.s0.i1 1.0 0.744764944289
DS.d1420.s0.i0 -1 -1.17840701751
DS.d1420.s0.i1 -1 -1.19448969437
DS.d1420.s0.i2 -1 -0.436062609886
DS.d1420.s0.i3 -1 -0.666571487414
DS.d1420.s0.i4 1.0 -0.19488679702
DS.d1420.s0.i5 -1 -1.45316012551
DS.d1430.s0.i0 1.0 1.00515096147
DS.d1430.s1.i0 1.0 0.969943557121
DS.d1430.s1.i1 1.0 0.602249634391
DS.d1430.s1.i2 1.0 0.264000185369
DS.d1430.s1.i3 1.0 0.706008242947
DS.d1430.s2.i0 1.0 1.18966477059
DS.d1435.s0.i0 1.0 1.33187619455
DS.d1435.s1.i0 1.0 1.3703104479
DS.d1455.s0.i0 1.0 0.171704235043
DS.d1482.s0.i0 -1 -1.00009076929
DS.d1482.s0.i1 -1 -0.572505655738
DS.d1482.s0.i2 -1 -1.00009076929
DS.d1488.s0.i0 -1 1.25901995847
DS.d1489.s0.i0 -1 -0.395088928476
DS.d1492.s0.i0 1.0 1.28179511594
DS.d1492.s0.i1 1.0 0.194543200715
DS.d1502.s0.i0 1.0 -0.46619868586
DS.d1502.s0.i1 1.0 0.165873812263
DS.d1502.s0.i2 1.0 -0.240172879757
DS.d1502.s0.i3 1.0 -0.414642680425
DS.d1513.s0.i0 1.0 0.95369211158
DS.d1513.s0.i1 1.0 1.00700649652
DS.d1513.s0.i2 1.0 0.855465369649
DS.d1514.s0.i0 -1 1.16146698737
DS.d1514.s0.i1 1.0 0.772399838402
DS.d1514.s1.i0 -1 -0.131297584374
DS.d1514.s1.i1 -1 -0.0885862517867
DS.d1514.s1.i2 1.0 1.07315257178
DS.d1514.s1.i3 1.0 0.915947956693
DS.d1546.s0.i0 -1 -0.345682496689
DS.d1546.s1.i0 -1 -1.03836300321
DS.d1546.s1.i1 1.0 0.452789757601
DS.d1546.s1.i2 -1 -0.753201675713
DS.d1574.s0.i0 1.0 0.530581312452
DS.d1587.s0.i0 -1 -1.22982652617
DS.d1587.s0.i1 -1 -0.366478572906
DS.d1587.s1.i0 -1 -1.24171481473
DS.d1587.s1.i1 -1 0.799748405084
DS.d1587.s2.i0 -1 -0.918295088478
DS.d1587.s2.i1 -1 0.768663448334
DS.d1587.s3.i0 -1 -0.305486036169
DS.d1587.s3.i1 -1 -1.16261930979
DS.d1589.s0.i0 1.0 1.42229620007
DS.d1634.s0.i0 -1 -1.44732330821
DS.d1634.s0.i1 -1 -1.11382382963
DS.d1634.s0.i2 -1 -1.26821491031
DS.d1634.s0.i3 -1 -1.21361989574
DS.d1634.s0.i4 -1 -1.28171053023
DS.d1634.s0.i5 -1 -0.920249786395
DS.d1634.s0.i6 -1 -1.31892439299
DS.d1634.s0.i7 -1 -1.10525460161
DS.d1634.s0.i8 -1 -1.14458635337
DS.d1634.s0.i9 -1 -1.29628864696
DS.d1634.s1.i0 -1 -1.11164042159
DS.d1634.s1.i1 -1 -1.17135953639
DS.d1634.s1.i2 -1 -1.24564217842
DS.d1634.s1.i3 -1 -1.58558365925
DS.d1639.s0.i0 -1 0.598297826944
DS.d1644.s0.i0 -1 -0.645669189977
DS.d1644.s0.i1 -1 -1.61958521691
DS.d1644.s1.i0 -1 -2.08231518725
DS.d1644.s1.i1 -1 -1.01178518954
DS.d1644.s1.i2 -1 -0.766056042238
DS.d1644.s2.i0 -1 -0.457629799407
DS.d1649.s0.i0 1.0 0.744444007075
DS.d1649.s0.i1 1.0 0.642680916113
DS.d1664.s0.i0 -1 0.798984447704
DS.d1664.s0.i1 -1 0.333853157021
DS.d1664.s1.i0 -1 -1.03058473269
DS.d1664.s2.i0 -1 -1.16348018016
DS.d1664.s3.i0 -1 0.257008867355
DS.d1688.s0.i0 1.0 -0.910093267062
DS.d1688.s1.i0 1.0 1.55610694608
DS.d1722.s0.i0 -1 -0.933530572881
DS.d1722.s0.i1 -1 0.422755532064
DS.d1722.s0.i2 -1 0.00847203992557
DS.d1722.s0.i3 -1 0.211485854463
DS.d1722.s0.i4 -1 -0.281035826998
DS.d1722.s0.i5 -1 -0.186164002459
DS.d1722.s0.i6 -1 0.0549382823442
DS.d1722.s0.i7 -1 -0.988244660608
DS.d1722.s1.i0 -1 -1.08149299497
DS.d1722.s1.i1 -1 -0.605043686972
DS.d1722.s1.i2 -1 -0.690560945931
DS.d1730.s0.i0 1.0 1.53402939957
DS.d1734.s0.i0 -1 -1.12743049393
DS.d1734.s0.i1 -1 -1.95186309937
DS.d1734.s1.i0 -1 -0.573286773149
DS.d1735.s0.i0 -1 1.02355503744
DS.d1735.s0.i1 -1 0.552229598478
DS.d1735.s1.i0 -1 -0.736503367827
DS.d1738.s0.i0 1.0 0.548967006142
DS.d1738.s0.i1 1.0 0.548967006142
DS.d1741.s0.i0 -1 -1.43639368939
DS.d1757.s0.i0 1.0 1.99131109343
DS.d1757.s1.i0 1.0 0.916516961446
DS.d1767.s0.i1 1.0 -0.297193422986
DS.d1776.s0.i0 1.0 1.0248392637
DS.d1776.s0.i1 1.0 0.820052597296
DS.d1782.s0.i0 -1 0.268734881843
DS.d1782.s0.i1 -1 0.114463167439
DS.d1782.s0.i2 -1 0.636393233433
DS.d1782.s0.i3 -1 0.382481361955
DS.d1789.s0.i1 -1 -0.311031271905
DS.d1809.s0.i0 -1 1.26281270679
DS.d1809.s0.i1 -1 1.27938104165
DS.d1836.s0.i0 -1 0.140604086691
DS.d1836.s0.i3 -1 0.0165883999999
DS.d1836.s0.i4 -1 0.12539874955
DS.d1836.s0.i5 -1 0.223529789334
DS.d1854.s0.i0 1.0 0.848964168247
DS.d1866.s0.i0 1.0 0.640173913314
DS.d1866.s0.i1 1.0 0.874032677609
DS.d1866.s0.i2 1.0 0.830475057022
DS.d1866.s0.i3 1.0 0.780025876082
DS.d1866.s1.i0 -1 1.54434972002
DS.d1866.s1.i1 1.0 0.233459358437
DS.d1866.s1.i2 -1 1.08217509069
DS.d1866.s1.i3 1.0 0.405121571728
DS.d1866.s2.i0 1.0 0.549708521525
DS.d1866.s2.i1 1.0 0.549708521525
DS.d1886.s0.i0 1.0 0.991358258601
DS.d1889.s0.i0 1.0 0.390343128981
DS.d1895.s0.i0 1.0 1.42039960208
DS.d1895.s0.i1 1.0 1.56542613426
DS.d1895.s0.i2 1.0 1.54384212585
DS.d1895.s0.i3 1.0 1.34259197228
DS.d1895.s0.i4 1.0 1.39352974993
