DS.d2.s0.i0 1.0 -0.857303507971
DS.d2.s1.i0 1.0 -1.32067959533
DS.d22.s0.i0 1.0 0.751751155057
DS.d23.s0.i0 1.0 0.560709398615
DS.d49.s0.i0 1.0 -0.543664361836
DS.d49.s1.i0 1.0 0.742989710624
DS.d71.s0.i0 1.0 1.80107057026
DS.d71.s1.i0 1.0 2.71031703119
DS.d71.s2.i0 1.0 1.34512934268
DS.d76.s0.i0 1.0 1.51042061889
DS.d76.s0.i1 1.0 1.51042061889
DS.d76.s1.i0 1.0 0.939352246327
DS.d76.s1.i1 1.0 0.939352246327
DS.d76.s1.i2 1.0 0.44952774031
DS.d76.s1.i3 1.0 1.2650024524
DS.d76.s1.i4 1.0 1.2650024524
DS.d76.s1.i5 1.0 0.186314487976
DS.d78.s0.i0 1.0 1.28284385078
DS.d78.s1.i0 1.0 0.632864060472
DS.d78.s1.i1 1.0 0.386609546647
DS.d78.s1.i2 1.0 0.628786763484
DS.d94.s0.i0 1.0 0.988337789009
DS.d94.s0.i1 1.0 1.74595426517
DS.d100.s0.i0 -1 -0.68083047385
DS.d100.s0.i1 -1 -1.01568097901
DS.d100.s0.i2 -1 -1.2375942023
DS.d108.s0.i0 1.0 1.73625115546
DS.d109.s0.i0 -1 0.861021700738
DS.d115.s0.i0 1.0 0.00614272754697
DS.d115.s0.i1 1.0 0.140697637782
DS.d115.s1.i0 1.0 0.726657495075
DS.d128.s0.i0 -1 -0.134397257777
DS.d128.s0.i1 -1 -0.410291021104
DS.d128.s0.i2 1.0 1.38806947712
DS.d128.s0.i3 -1 -0.797321274778
DS.d128.s0.i4 -1 -0.297866710588
DS.d140.s0.i0 1.0 0.708957119327
DS.d140.s0.i1 1.0 0.443287167116
DS.d140.s0.i2 1.0 0.708957119327
DS.d140.s0.i3 1.0 0.443287167116
DS.d140.s0.i4 1.0 1.35475710543
DS.d140.s0.i5 1.0 1.03240542724
DS.d140.s1.i0 1.0 1.54814008487
DS.d140.s1.i1 1.0 1.60872961087
DS.d140.s2.i0 1.0 1.49949059013
DS.d140.s3.i0 1.0 2.53162822113
DS.d140.s3.i1 1.0 2.18883045266
DS.d140.s4.i0 1.0 0.148171967729
DS.d140.s4.i1 1.0 1.46062160211
DS.d140.s4.i2 1.0 1.16055197868
DS.d140.s4.i3 1.0 0.405127216467
DS.d140.s4.i4 1.0 1.56433466415
DS.d140.s4.i5 1.0 -0.808012748308
DS.d140.s4.i6 1.0 1.19546907694
DS.d140.s4.i7 1.0 1.47154891128
DS.d165.s0.i0 -1 -1.11252529738
DS.d165.s1.i0 1.0 0.173656320347
DS.d165.s1.i1 1.0 0.421979232241
DS.d165.s2.i0 1.0 -0.0374117309791
DS.d165.s3.i0 1.0 0.858962115673
DS.d177.s0.i0 1.0 0.263928535096
DS.d177.s1.i0 -1 1.41666183635
DS.d177.s1.i1 -1 0.959501336187
DS.d177.s1.i2 -1 1.10043482805
DS.d177.s1.i3 1.0 -0.0157987081629
DS.d177.s1.i4 -1 1.01900472627
DS.d177.s1.i5 1.0 -0.0156357301351
DS.d177.s2.i0 -1 0.122721438787
DS.d177.s3.i0 1.0 0.849767086681
DS.d177.s4.i0 1.0 0.619617260638
DS.d177.s4.i1 1.0 0.881969069407
DS.d183.s0.i0 1.0 0.91418654627
DS.d183.s0.i1 -1 0.0834333098516
DS.d183.s1.i0 1.0 1.33576076393
DS.d183.s1.i1 1.0 1.3100180726
DS.d183.s1.i2 1.0 1.33576076393
DS.d188.s0.i0 1.0 1.33384099532
DS.d188.s0.i1 1.0 1.70329399965
DS.d188.s0.i2 1.0 1.13447742283
DS.d188.s0.i3 1.0 1.85494513088
DS.d188.s1.i0 -1 -0.494669269438
DS.d211.s0.i0 1.0 2.07782314592
DS.d217.s0.i0 -1 0.502159326002
DS.d217.s0.i1 -1 0.629531191108
DS.d217.s0.i2 -1 0.608081429857
DS.d217.s0.i3 -1 0.735453294963
DS.d217.s0.i4 -1 0.334726521049
DS.d217.s0.i5 -1 0.121737639398
DS.d226.s0.i0 -1 2.00464608598
DS.d244.s0.i0 -1 -0.10282548563
DS.d244.s1.i0 -1 -0.133002034299
DS.d257.s0.i0 1.0 0.249896722897
DS.d257.s0.i1 1.0 0.381499597585
DS.d257.s0.i2 1.0 0.0765092257625
DS.d257.s0.i3 1.0 0.0765171361706
DS.d291.s0.i0 1.0 1.1604481225
DS.d295.s0.i0 -1 0.407067640976
DS.d295.s1.i0 1.0 -0.286035839316
DS.d311.s0.i0 -1 0.0183437216761
DS.d311.s0.i1 1.0 0.471828289921
DS.d312.s0.i0 -1 -0.755835889344
DS.d312.s0.i1 -1 -0.62903609786
DS.d312.s0.i2 -1 -0.593017096287
DS.d325.s0.i0 -1 0.709838626291
DS.d325.s0.i1 -1 0.744459323855
DS.d325.s0.i2 1.0 1.63676097991
DS.d325.s0.i3 1.0 1.87740250949
DS.d325.s1.i0 -1 -1.1266777414
DS.d325.s1.i1 -1 -0.26885943943
DS.d325.s2.i0 -1 0.286158092402
DS.d325.s2.i1 -1 0.329160757925
DS.d325.s2.i2 -1 0.194790994274
DS.d327.s0.i0 -1 -0.192111574682
DS.d327.s0.i1 -1 -0.379572394722
DS.d327.s0.i2 -1 -0.292124752924
DS.d329.s0.i0 1.0 -0.0380389754818
DS.d329.s0.i1 1.0 -0.224730927352
DS.d329.s0.i2 1.0 -0.0491878398961
DS.d332.s0.i0 1.0 1.67164956758
DS.d352.s0.i0 -1 0.227256734771
DS.d352.s0.i1 -1 0.251558663634
DS.d355.s0.i0 1.0 1.54663030799
DS.d355.s0.i1 1.0 1.91826195017
DS.d358.s0.i0 1.0 0.461103065459
DS.d362.s0.i0 1.0 0.612777247382
DS.d381.s0.i0 -1 1.02073053707
DS.d381.s1.i0 -1 0.366063825041
DS.d385.s0.i0 1.0 1.30131303703
DS.d385.s0.i1 1.0 1.25686541208
DS.d385.s1.i0 -1 0.944800374278
DS.d385.s1.i1 -1 0.144866544239
DS.d385.s1.i2 -1 0.0808391668751
DS.d385.s1.i3 -1 0.716308690077
DS.d394.s0.i0 1.0 1.87332422202
DS.d394.s0.i1 1.0 1.90434077522
DS.d411.s0.i0 1.0 1.22067867561
DS.d412.s0.i0 1.0 -0.600709046327
DS.d412.s0.i1 1.0 0.348473343254
DS.d420.s0.i0 -1 1.33149334863
DS.d420.s0.i1 -1 1.21084925113
DS.d420.s0.i2 -1 0.951065411222
DS.d420.s0.i3 -1 0.803627287201
DS.d424.s0.i0 1.0 1.21570842363
DS.d424.s1.i0 1.0 0.640086054674
DS.d424.s1.i1 1.0 0.483064107802
DS.d430.s0.i0 -1 1.10445427193
DS.d461.s0.i0 1.0 1.97970489192
DS.d486.s0.i0 -1 -1.25403472044
DS.d498.s0.i0 -1 0.0322509853146
DS.d498.s0.i1 -1 -0.620471505629
DS.d498.s1.i0 -1 -1.11402059757
DS.d498.s1.i1 -1 -1.73637404792
DS.d501.s0.i0 -1 -1.8238961622
DS.d501.s0.i1 -1 -2.48979742048
DS.d501.s1.i0 -1 -0.186669640806
DS.d501.s1.i1 -1 -2.13356915719
DS.d503.s0.i0 1.0 2.16558920027
DS.d507.s0.i0 -1 0.622169837921
DS.d509.s0.i0 1.0 0.912724651924
DS.d518.s0.i0 -1 0.75437780058
DS.d518.s1.i0 1.0 1.15435765523
DS.d521.s0.i0 1.0 2.85896730144
DS.d539.s0.i0 1.0 0.100823848053
DS.d539.s0.i1 1.0 0.366246216883
DS.d544.s0.i0 -1 -0.681702584111
DS.d544.s0.i1 -1 -0.0278926388428
DS.d553.s0.i0 1.0 1.4773190243
DS.d559.s0.i0 1.0 0.387714655826
DS.d559.s0.i1 1.0 0.577297745367
DS.d565.s0.i0 1.0 1.34242257226
DS.d575.s0.i0 1.0 -0.965222552933
DS.d575.s0.i1 1.0 -0.540228114524
DS.d575.s0.i2 1.0 -0.747121035372
DS.d575.s0.i3 1.0 -0.610699509461
DS.d580.s0.i0 -1 -0.815731637612
DS.d580.s0.i1 -1 -1.35570358441
DS.d580.s0.i2 -1 -1.06476895784
DS.d580.s0.i3 -1 -1.22921431935
DS.d580.s0.i4 -1 -2.18437472398
DS.d580.s0.i5 -1 -2.11118244835
DS.d580.s0.i6 -1 -2.18437472398
DS.d580.s0.i7 -1 -0.868577675751
DS.d580.s0.i8 -1 -1.21110758124
DS.d580.s0.i9 -1 -1.04201969802
DS.d580.s0.i10 -1 -0.097110409118
DS.d580.s0.i11 -1 -2.11118244835
DS.d580.s0.i12 -1 -1.40265634161
DS.d580.s0.i13 -1 -0.0228180539513
DS.d580.s0.i14 -1 -1.6440362251
DS.d580.s0.i15 -1 -1.28429985687
DS.d580.s0.i16 -1 -1.6440635015
DS.d580.s0.i17 -1 -1.22921431935
DS.d580.s0.i18 -1 -1.40265634161
DS.d580.s0.i19 -1 -1.28251130878
DS.d605.s0.i0 1.0 1.74056705724
DS.d605.s1.i0 1.0 0.485266576157
DS.d607.s0.i0 1.0 0.13598682845
DS.d612.s0.i0 -1 -0.841060554952
DS.d612.s0.i1 -1 -0.44050950359
DS.d639.s0.i0 -1 -1.02772487677
DS.d639.s1.i0 -1 -0.457006567395
DS.d639.s1.i1 1.0 0.592079043816
DS.d639.s1.i2 1.0 1.00767466393
DS.d639.s1.i3 1.0 0.592079043816
DS.d639.s1.i4 -1 -0.457006567395
DS.d639.s1.i5 1.0 1.00767466393
DS.d642.s0.i0 1.0 0.15319458886
DS.d642.s0.i1 1.0 0.1169601283
DS.d671.s0.i0 1.0 1.01314303232
DS.d671.s1.i0 -1 -1.71093441921
DS.d671.s1.i1 -1 -1.44661511782
DS.d671.s1.i2 -1 -1.76593215448
DS.d671.s1.i3 1.0 0.418632421072
DS.d671.s1.i4 -1 -1.16323947441
DS.d671.s1.i5 -1 -0.80804423893
DS.d680.s0.i0 1.0 -0.523042355064
DS.d682.s0.i0 1.0 1.62943911596
DS.d685.s0.i0 1.0 -0.854649274243
DS.d685.s0.i1 1.0 -0.857012577719
DS.d691.s0.i0 1.0 0.684953904264
DS.d691.s0.i1 1.0 0.968925181251
DS.d705.s0.i0 -1 0.427310950165
DS.d712.s0.i0 1.0 -0.177218830426
DS.d712.s0.i1 1.0 0.0269165077631
DS.d712.s0.i2 1.0 0.514635389467
DS.d712.s0.i3 1.0 -0.215002527367
DS.d712.s0.i4 1.0 -0.257466012857
DS.d712.s0.i5 1.0 -0.0927151194218
DS.d712.s0.i6 1.0 0.524929716892
DS.d712.s0.i7 1.0 0.260141723004
DS.d712.s0.i8 1.0 -0.299506238371
DS.d712.s0.i9 1.0 0.347125298695
DS.d719.s0.i0 1.0 1.79852281831
DS.d719.s1.i0 -1 1.43136535696
DS.d723.s0.i0 -1 1.3487784867
DS.d727.s0.i0 -1 -2.42619993093
DS.d727.s0.i1 -1 -1.35262678782
DS.d734.s0.i0 -1 0.591446060417
DS.d736.s0.i0 -1 0.754214544085
DS.d741.s0.i0 1.0 0.738258008777
DS.d752.s0.i0 1.0 0.539493882256
DS.d752.s0.i1 1.0 0.257327231623
DS.d756.s0.i0 -1 -0.363521077686
DS.d756.s0.i1 -1 -0.849410533989
DS.d756.s0.i2 -1 -0.744018027314
DS.d767.s0.i0 -1 -0.4314713934
DS.d781.s0.i0 1.0 -0.154044765323
DS.d781.s0.i1 1.0 0.162527305062
DS.d782.s0.i0 -1 -0.150803837263
DS.d790.s0.i0 1.0 0.418926497267
DS.d790.s1.i0 -1 0.802992542091
DS.d810.s0.i0 -1 0.166947058923
DS.d822.s0.i0 1.0 0.773109056164
DS.d822.s1.i0 1.0 0.953161838877
DS.d858.s0.i0 1.0 -1.6470368496
DS.d858.s1.i0 1.0 2.07323592171
DS.d869.s0.i0 1.0 2.58446209444
DS.d869.s0.i1 1.0 2.58446209444
DS.d870.s0.i0 1.0 0.522404996449
DS.d870.s1.i0 1.0 0.346603325061
DS.d877.s0.i0 -1 0.638924345958
DS.d885.s0.i0 -1 -0.00736493816244
DS.d885.s1.i0 -1 0.321003971704
DS.d885.s1.i1 -1 0.538744037763
DS.d885.s1.i2 -1 0.566725524435
DS.d885.s1.i3 -1 0.451068512033
DS.d896.s0.i0 1.0 0.172059403346
DS.d896.s0.i1 1.0 1.38474413089
DS.d896.s0.i2 1.0 0.434698214667
DS.d896.s0.i3 1.0 1.37223054236
DS.d896.s0.i4 1.0 -0.0263819228547
DS.d896.s0.i5 1.0 0.384601016945
DS.d896.s0.i6 1.0 1.32213334464
DS.d896.s0.i7 1.0 1.17258015123
DS.d896.s1.i0 1.0 1.29272603631
DS.d896.s1.i1 1.0 0.88319073444
DS.d896.s2.i0 1.0 1.78088901686
DS.d896.s2.i1 1.0 1.78088901686
DS.d909.s0.i0 -1 -1.10043652208
DS.d909.s1.i0 -1 -0.612822633265
DS.d933.s0.i0 1.0 1.64364826155
DS.d939.s0.i0 1.0 0.230179288725
DS.d948.s0.i0 1.0 0.160272674786
DS.d950.s0.i0 -1 0.310686491927
DS.d950.s0.i1 -1 0.221060288111
DS.d954.s0.i0 1.0 0.373591755782
DS.d954.s0.i1 1.0 0.624821965046
DS.d954.s0.i2 1.0 0.224417438223
DS.d954.s0.i3 1.0 -0.0504139274895
DS.d963.s0.i0 -1 -1.70427635457
DS.d963.s0.i1 -1 -1.11304722405
DS.d970.s0.i0 -1 0.116560748696
DS.d970.s0.i1 1.0 0.777529617024
DS.d970.s0.i2 1.0 -0.00874840453335
DS.d979.s0.i0 1.0 1.22650301433
DS.d979.s0.i1 1.0 0.733835406461
DS.d994.s0.i0 1.0 1.2186498669
DS.d994.s0.i1 1.0 1.59612930958
DS.d1004.s0.i0 -1 -0.0662888183847
DS.d1038.s0.i0 1.0 1.34916852695
DS.d1044.s0.i0 1.0 1.67224625733
DS.d1044.s0.i1 1.0 2.0318294538
DS.d1050.s0.i0 1.0 -0.728419258666
DS.d1050.s1.i0 -1 0.543355696387
DS.d1052.s0.i0 1.0 0.969322951552
DS.d1056.s0.i0 1.0 1.79044012281
