DS.d846.s0.i0 -1 0.319707661356
DS.d846.s1.i0 1.0 -0.00577823233711
DS.d846.s1.i1 1.0 0.0730259421054
DS.d846.s1.i2 1.0 0.254353288464
DS.d850.s0.i0 -1 0.648123916204
DS.d850.s1.i0 -1 0.168747642738
DS.d858.s0.i0 1.0 -0.228278780732
DS.d858.s0.i1 1.0 0.125083838963
DS.d858.s0.i2 1.0 -0.490855796604
DS.d874.s0.i0 1.0 1.16049989277
DS.d874.s1.i0 1.0 -0.14601567906
DS.d883.s0.i0 1.0 1.68955510016
DS.d883.s0.i1 1.0 1.30751203206
DS.d883.s0.i2 1.0 1.75652846163
DS.d904.s0.i0 1.0 0.845684058102
DS.d904.s0.i1 1.0 1.26092987486
DS.d904.s0.i2 1.0 1.44423209536
DS.d913.s0.i0 -1 1.20906147699
DS.d929.s0.i0 1.0 -1.29187157786
DS.d929.s0.i1 1.0 -1.38961173103
DS.d929.s0.i2 1.0 -1.53028055038
DS.d929.s0.i3 1.0 -0.684344238343
DS.d929.s0.i4 1.0 -1.45191537984
DS.d929.s0.i5 -1 -1.00156686784
DS.d929.s0.i6 -1 -0.781020913386
DS.d930.s0.i0 -1 0.390537405347
DS.d930.s0.i1 -1 -0.614855087343
DS.d930.s0.i2 -1 -0.581204964186
DS.d937.s0.i0 1.0 0.0278137012021
DS.d937.s0.i1 1.0 0.0191608996739
DS.d941.s0.i0 -1 0.435328576502
DS.d941.s0.i1 -1 0.170329045658
DS.d941.s0.i2 -1 -1.08244158731
DS.d949.s0.i0 1.0 0.0430213569761
DS.d956.s0.i0 1.0 1.53475390177
DS.d956.s1.i0 1.0 0.148467675438
DS.d960.s0.i0 -1 0.855895941785
DS.d960.s0.i1 -1 0.889954380683
DS.d962.s0.i0 1.0 0.523123622418
DS.d962.s0.i1 1.0 0.449875700831
DS.d962.s0.i2 1.0 0.730432368013
DS.d962.s0.i3 1.0 0.333802616821
DS.d969.s0.i0 1.0 1.59425027393
DS.d969.s0.i1 -1 0.446404233477
DS.d977.s0.i0 1.0 -0.203726884375
DS.d996.s0.i0 1.0 0.902348561558
DS.d996.s0.i1 1.0 0.581925207482
DS.d996.s0.i2 -1 0.216036568062
DS.d1014.s0.i0 1.0 0.903837965136
DS.d1015.s0.i0 -1 0.550264008855
DS.d1015.s0.i1 -1 0.550264008855
DS.d1019.s0.i0 -1 -1.11383628907
DS.d1019.s0.i1 -1 -1.55496289203
DS.d1019.s1.i0 -1 -1.23793782328
DS.d1032.s0.i0 1.0 0.269559827487
DS.d1057.s0.i0 -1 -0.275122933023
DS.d1057.s1.i0 -1 0.304352182326
DS.d1061.s0.i0 -1 -0.841239711691
DS.d1061.s0.i1 -1 -1.64521105797
DS.d1061.s0.i2 -1 -0.124630178669
DS.d1061.s0.i3 -1 -1.77494854806
DS.d1061.s0.i4 -1 -1.2340439469
DS.d1061.s0.i5 -1 -0.909563507203
DS.d1061.s0.i6 -1 -1.34178018177
DS.d1061.s0.i7 -1 -1.66420868542
DS.d1061.s0.i8 -1 -1.61234459056
DS.d1061.s0.i9 -1 -1.62584415919
DS.d1061.s0.i10 -1 -0.516851151645
DS.d1061.s0.i11 -1 -1.72720618525
DS.d1061.s0.i12 -1 -1.42570923185
DS.d1061.s0.i13 -1 -1.22105174795
DS.d1061.s0.i14 -1 -1.13200449574
DS.d1061.s0.i15 -1 -1.14432615086
DS.d1061.s0.i16 -1 -1.66387717979
DS.d1061.s0.i17 -1 -1.28660958556
DS.d1061.s0.i18 -1 -1.42100294452
DS.d1061.s0.i19 -1 -1.14846794324
DS.d1061.s0.i20 -1 -1.73133375273
DS.d1061.s0.i21 -1 -1.56504670351
DS.d1061.s0.i22 -1 -0.965758916183
DS.d1061.s0.i23 -1 -1.2632882261
DS.d1071.s0.i0 1.0 0.735952847755
DS.d1071.s1.i0 1.0 0.662968768294
DS.d1083.s0.i0 -1 -0.983339595541
DS.d1084.s0.i0 -1 -1.0833967025
DS.d1089.s0.i0 1.0 0.510059334341
DS.d1089.s1.i0 1.0 0.393758180084
DS.d1089.s1.i1 1.0 0.131514284329
DS.d1089.s1.i2 1.0 0.663985205864
DS.d1089.s1.i3 1.0 0.156713306997
DS.d1090.s0.i0 1.0 0.492470868233
DS.d1090.s0.i1 1.0 0.142844317386
DS.d1110.s0.i0 1.0 1.12039597361
DS.d1110.s0.i1 1.0 1.12039597361
DS.d1111.s0.i0 1.0 0.663270018686
DS.d1112.s0.i0 -1 -1.36818792942
DS.d1116.s0.i0 1.0 0.873391239348
DS.d1116.s1.i0 1.0 -0.272837682876
DS.d1116.s1.i1 1.0 -0.392272215485
DS.d1136.s0.i0 -1 -0.00547831234843
DS.d1137.s0.i0 -1 -0.360041625343
DS.d1163.s0.i0 1.0 0.0513231384488
DS.d1163.s0.i1 1.0 0.567513905985
DS.d1163.s0.i2 -1 -0.834838764871
DS.d1163.s1.i0 1.0 0.967748332427
DS.d1164.s0.i0 -1 -0.979558225954
DS.d1196.s0.i0 1.0 0.0324544933831
DS.d1196.s1.i0 -1 1.11494572494
DS.d1196.s2.i0 -1 -0.355484792316
DS.d1196.s2.i1 -1 -1.09265319847
DS.d1196.s3.i0 1.0 1.02449828313
DS.d1200.s0.i0 -1 0.709380197362
DS.d1206.s0.i0 -1 -1.5400396197
DS.d1206.s1.i0 -1 0.998337514689
DS.d1216.s0.i0 1.0 0.644526829262
DS.d1220.s0.i0 1.0 0.234261061784
DS.d1220.s0.i1 1.0 -0.831272456147
DS.d1220.s1.i0 1.0 -0.113383851263
DS.d1241.s0.i0 1.0 1.07042476869
DS.d1243.s0.i0 -1 0.405439741832
DS.d1256.s0.i0 1.0 0.694156764524
DS.d1256.s0.i1 1.0 0.82075290478
DS.d1286.s0.i0 -1 -1.14978277074
DS.d1286.s1.i0 -1 -1.35948320205
DS.d1317.s0.i0 1.0 0.515920447589
DS.d1317.s0.i1 1.0 0.667586616887
DS.d1317.s0.i2 1.0 0.951454047898
DS.d1329.s0.i0 -1 -0.595173858731
DS.d1329.s0.i1 -1 -0.620505421162
DS.d1329.s0.i2 -1 -0.56146762142
DS.d1329.s0.i3 -1 -0.416335999709
DS.d1361.s0.i0 1.0 0.862555759049
DS.d1361.s1.i0 1.0 1.1726814251
DS.d1368.s0.i0 -1 -0.470526930719
DS.d1373.s0.i0 1.0 1.11872817758
DS.d1373.s1.i1 1.0 1.55085079782
DS.d1380.s0.i1 1.0 -0.368809586894
DS.d1380.s0.i3 1.0 -0.358026318561
DS.d1380.s0.i4 1.0 -0.375105275065
DS.d1380.s0.i5 1.0 1.1120747729
DS.d1380.s0.i6 1.0 0.506962625678
DS.d1380.s0.i7 1.0 0.983476155027
DS.d1380.s0.i10 1.0 -0.432852738483
DS.d1380.s0.i11 1.0 -0.925536192542
DS.d1380.s0.i12 1.0 0.993413665378
DS.d1380.s0.i13 1.0 1.01596535674
DS.d1380.s1.i1 1.0 0.770960056711
DS.d1380.s1.i3 1.0 0.600945171045
DS.d1381.s0.i0 1.0 0.22149938966
DS.d1381.s0.i1 -1 1.05756512846
DS.d1381.s0.i2 1.0 0.334882033373
DS.d1381.s0.i3 -1 1.04318906983
DS.d1387.s0.i0 1.0 1.00829091798
DS.d1392.s0.i0 -1 -0.375827909575
DS.d1398.s0.i0 1.0 -0.536721378752
DS.d1404.s0.i0 1.0 1.05135399785
DS.d1411.s0.i0 -1 -0.350809349615
DS.d1412.s0.i0 1.0 0.821260206895
DS.d1412.s1.i0 1.0 0.998031473396
DS.d1416.s0.i0 -1 -0.306327435172
DS.d1416.s0.i1 -1 0.019692361154
DS.d1419.s0.i0 1.0 0.372398119599
DS.d1419.s0.i1 1.0 0.983591124997
DS.d1424.s0.i0 -1 1.16691498069
DS.d1452.s0.i0 1.0 0.791054238382
DS.d1452.s1.i0 1.0 0.172641002382
DS.d1452.s1.i1 1.0 -0.0126319917284
DS.d1452.s2.i0 1.0 -0.0224627618685
DS.d1452.s3.i0 1.0 0.452833396819
DS.d1452.s4.i0 1.0 1.52665591588
DS.d1461.s0.i0 1.0 2.14072736684
DS.d1461.s1.i0 1.0 1.01052711168
DS.d1467.s0.i0 -1 0.167824004336
DS.d1488.s0.i0 -1 1.37818077067
DS.d1501.s0.i0 1.0 1.68464080822
DS.d1501.s1.i0 -1 -1.37081434845
DS.d1501.s1.i1 -1 -1.18896278487
DS.d1501.s1.i2 -1 -1.14357474151
DS.d1501.s1.i3 1.0 -0.0863358992431
DS.d1501.s1.i4 -1 -0.762463971783
DS.d1501.s1.i5 -1 0.914316978102
DS.d1502.s0.i0 1.0 0.280825281966
DS.d1502.s0.i1 1.0 0.0345389376536
DS.d1502.s0.i2 1.0 -0.0193600852506
DS.d1502.s0.i3 1.0 0.103838894812
DS.d1507.s0.i0 -1 -0.246466996086
DS.d1507.s0.i1 -1 -0.728851143667
DS.d1507.s0.i2 -1 -0.678749704564
DS.d1507.s0.i3 -1 0.157796047803
DS.d1507.s0.i4 -1 -0.515156279224
DS.d1507.s0.i5 -1 -0.484366612101
DS.d1507.s0.i6 -1 -0.287208681885
DS.d1507.s0.i7 -1 -0.678749704564
DS.d1507.s0.i8 -1 -0.307964664703
DS.d1507.s0.i9 -1 -0.484366612101
DS.d1507.s0.i10 -1 -0.0373743584566
DS.d1507.s0.i11 -1 -0.607912218741
DS.d1507.s0.i12 -1 -0.534468051204
DS.d1507.s0.i13 -1 -0.534468051204
DS.d1507.s0.i14 -1 -0.212649711335
DS.d1507.s0.i15 -1 -0.338544648419
DS.d1507.s0.i16 -1 -0.513251519294
DS.d1507.s0.i17 -1 -0.728851143667
DS.d1507.s0.i18 -1 -0.199708086361
DS.d1507.s0.i19 -1 -0.0839358984194
DS.d1515.s0.i0 1.0 -0.153106192005
DS.d1515.s0.i1 1.0 -0.214951996318
DS.d1517.s0.i0 1.0 0.415163293173
DS.d1525.s0.i0 -1 -1.35939600067
DS.d1525.s1.i0 -1 0.800927524886
DS.d1525.s2.i0 -1 0.561003338508
DS.d1525.s3.i0 -1 1.02600913994
DS.d1530.s0.i0 1.0 -0.659630587325
DS.d1535.s0.i0 -1 -0.019397605676
DS.d1553.s0.i0 1.0 0.814407890967
DS.d1566.s0.i0 -1 1.39215743639
DS.d1578.s0.i0 1.0 1.50484810263
DS.d1583.s0.i0 1.0 0.784543559827
DS.d1598.s0.i0 1.0 0.260456824969
DS.d1598.s1.i0 1.0 -0.63325046314
DS.d1601.s0.i0 -1 0.586871568938
DS.d1601.s0.i1 -1 -0.0555475925975
DS.d1601.s0.i2 -1 0.50740762347
DS.d1601.s0.i3 -1 -0.235524774176
DS.d1603.s0.i0 -1 -0.246107374953
DS.d1603.s0.i1 -1 -0.6680803287
DS.d1606.s0.i0 -1 0.0989675386427
DS.d1606.s0.i1 -1 -1.04198733476
DS.d1606.s0.i2 -1 -1.27698680207
DS.d1606.s0.i3 -1 -1.28939163761
DS.d1627.s0.i0 -1 0.107713296875
DS.d1641.s0.i0 1.0 0.685794389785
DS.d1641.s0.i1 1.0 1.04889579362
DS.d1645.s0.i0 -1 1.16018016823
DS.d1657.s0.i0 1.0 1.81285600029
DS.d1658.s0.i0 -1 -0.373115352594
DS.d1658.s0.i1 -1 -0.337795964484
DS.d1678.s0.i0 1.0 1.01889740136
DS.d1678.s1.i0 1.0 1.33351758565
DS.d1678.s1.i1 -1 1.41386524637
DS.d1678.s1.i2 -1 1.38520668179
DS.d1687.s0.i0 -1 -0.179895362266
DS.d1687.s1.i0 1.0 0.213509636692
DS.d1689.s0.i0 1.0 1.11714587314
DS.d1694.s0.i0 1.0 1.02131266988
DS.d1694.s1.i0 1.0 0.589838439565
DS.d1694.s1.i1 1.0 1.34257174823
DS.d1717.s0.i0 -1 0.17824179361
DS.d1717.s0.i1 -1 -0.077386166408
DS.d1717.s0.i2 -1 -0.559361682504
DS.d1722.s0.i0 -1 -1.43675167675
DS.d1722.s0.i1 -1 -0.232756116265
DS.d1722.s0.i2 -1 -1.10795888178
DS.d1722.s0.i3 -1 0.0785379589292
DS.d1722.s0.i4 -1 -0.763534225591
DS.d1722.s0.i5 -1 -0.0812699110291
DS.d1722.s0.i6 -1 0.0420762335221
DS.d1722.s0.i7 -1 -1.6169667135
DS.d1722.s1.i0 -1 -0.227648212084
DS.d1722.s1.i1 -1 -0.491958390479
DS.d1722.s1.i2 -1 -0.390861478535
DS.d1789.s0.i1 -1 0.0288633842205
DS.d1803.s0.i0 1.0 1.33098238097
DS.d1803.s1.i0 -1 0.581717446563
DS.d1803.s1.i1 -1 0.501690735011
DS.d1803.s1.i2 -1 0.982476671099
DS.d1803.s1.i3 -1 0.00986153274798
DS.d1803.s1.i4 1.0 0.941333341523
DS.d1803.s1.i5 1.0 0.949339982949
DS.d1803.s2.i0 1.0 0.397730915007
DS.d1803.s3.i0 1.0 1.26742568748
DS.d1803.s3.i1 1.0 1.26197828951
DS.d1859.s0.i0 -1 -0.781475792266
DS.d1859.s0.i1 -1 -0.3910096208
DS.d1859.s0.i2 -1 -0.589294071105
DS.d1859.s0.i3 -1 -0.0800267825709
DS.d1859.s0.i4 -1 -0.542473201259
DS.d1859.s0.i5 -1 -0.15820995106
DS.d1862.s0.i0 1.0 0.729792961394
DS.d1871.s0.i0 -1 0.324743851813
DS.d1871.s0.i1 -1 0.616710155741
DS.d1871.s1.i0 -1 -0.255897078949
DS.d1882.s0.i0 1.0 0.365513800721
DS.d1890.s0.i0 1.0 1.3377420812
