DS.d13.s0.i0 -1 1.30070839953
DS.d13.s0.i1 1.0 2.33559827247
DS.d13.s0.i2 -1 0.921250119773
DS.d13.s0.i3 1.0 1.89036761182
DS.d13.s1.i0 -1 0.764800557191
DS.d20.s0.i0 -1 0.694201209016
DS.d20.s1.i0 -1 -0.559554859495
DS.d40.s0.i0 -1 0.332330825556
DS.d57.s0.i0 1.0 0.273388743057
DS.d57.s0.i1 1.0 0.423894052502
DS.d63.s0.i0 -1 -0.64396902521
DS.d63.s0.i1 1.0 -0.0934212949136
DS.d65.s0.i0 -1 -0.275645254982
DS.d83.s0.i0 -1 0.616319278594
DS.d118.s0.i0 1.0 0.575953180635
DS.d118.s0.i1 1.0 0.646424810299
DS.d118.s0.i2 1.0 0.351839093221
DS.d118.s0.i3 1.0 0.942397851669
DS.d118.s0.i4 1.0 0.575953180635
DS.d118.s0.i5 1.0 0.942397851669
DS.d134.s0.i0 -1 0.205223104672
DS.d134.s1.i0 -1 0.223983160641
DS.d134.s1.i1 1.0 0.608352153125
DS.d134.s2.i0 -1 0.552877297226
DS.d138.s0.i0 1.0 0.487665002966
DS.d138.s0.i1 1.0 0.487665002966
DS.d139.s0.i0 1.0 1.38118875025
DS.d139.s0.i1 -1 -0.178135150977
DS.d144.s0.i0 1.0 1.56991446545
DS.d149.s0.i0 1.0 1.61919914628
DS.d159.s0.i0 -1 -0.199478848288
DS.d159.s0.i1 -1 -0.0653802891201
DS.d159.s0.i2 -1 -0.652525089938
DS.d159.s0.i3 -1 -0.831953760773
DS.d161.s0.i0 -1 -1.38128618936
DS.d190.s0.i0 -1 -0.340179104344
DS.d190.s1.i0 -1 0.0361029262089
DS.d194.s0.i0 -1 0.388995465848
DS.d194.s0.i1 -1 -0.72530338957
DS.d194.s0.i2 -1 -0.527833465023
DS.d194.s0.i3 -1 0.215856743165
DS.d194.s0.i4 -1 0.0249653266788
DS.d194.s0.i5 -1 -0.306096240242
DS.d194.s0.i6 -1 -0.467508157216
DS.d194.s0.i7 -1 -0.314563288078
DS.d194.s0.i8 -1 -0.431269782238
DS.d194.s0.i9 -1 -0.821867072354
DS.d194.s1.i0 -1 0.42165235979
DS.d194.s1.i1 -1 -0.87047410337
DS.d194.s2.i0 -1 -1.38785320544
DS.d194.s2.i1 -1 -2.00259026685
DS.d197.s0.i0 -1 -0.0359206165862
DS.d197.s0.i1 -1 -0.0359206165862
DS.d198.s0.i0 1.0 2.05887457631
DS.d198.s0.i1 1.0 -0.235068849035
DS.d204.s0.i0 -1 0.304871580246
DS.d204.s1.i0 -1 -0.429987951939
DS.d242.s0.i0 -1 -0.0612123419875
DS.d250.s0.i0 1.0 0.743493315572
DS.d253.s0.i0 -1 -1.01176095965
DS.d268.s0.i0 1.0 1.57834147204
DS.d270.s0.i0 1.0 1.19938565751e-06
DS.d272.s0.i0 -1 -0.203224992262
DS.d279.s0.i0 1.0 1.13786247991
DS.d279.s0.i1 1.0 0.837965066296
DS.d279.s0.i2 1.0 0.768562471863
DS.d279.s0.i3 1.0 -0.615172599384
DS.d279.s0.i4 1.0 -0.526225994884
DS.d279.s0.i5 1.0 1.62383955232
DS.d279.s0.i6 1.0 0.837965066296
DS.d279.s0.i7 1.0 0.768562471863
DS.d297.s0.i0 1.0 1.01718161485
DS.d297.s1.i0 1.0 0.282782371898
DS.d303.s0.i0 1.0 0.97691839308
DS.d303.s0.i1 -1 0.809219498058
DS.d317.s0.i0 1.0 0.870344387097
DS.d317.s0.i1 -1 -0.23746260393
DS.d333.s0.i0 1.0 0.599272433619
DS.d333.s0.i1 1.0 1.01525306583
DS.d333.s0.i2 -1 -0.923765079231
DS.d333.s1.i0 1.0 1.51969285342
DS.d345.s0.i0 1.0 0.388628681495
DS.d357.s0.i0 -1 -0.762528356664
DS.d357.s0.i1 -1 -0.677704954499
DS.d357.s0.i2 -1 -0.124056599042
DS.d357.s0.i3 -1 0.0392632479102
DS.d357.s1.i0 1.0 0.330958729814
DS.d366.s0.i0 1.0 0.629962944316
DS.d366.s1.i0 1.0 0.766631153444
DS.d366.s2.i0 1.0 0.484047503934
DS.d366.s2.i1 1.0 -0.549801764079
DS.d366.s3.i0 1.0 1.01954833335
DS.d388.s0.i0 -1 -0.832666978154
DS.d388.s1.i0 -1 1.24972604252
DS.d388.s2.i0 -1 -1.28419411434
DS.d388.s2.i1 -1 0.868095192908
DS.d390.s0.i0 1.0 0.250520234548
DS.d390.s0.i1 1.0 -0.906082558314
DS.d390.s1.i0 1.0 -0.247165109022
DS.d399.s0.i0 -1 -1.21987441315
DS.d399.s0.i1 -1 -1.47114253906
DS.d399.s0.i2 -1 -1.1471165565
DS.d399.s0.i3 -1 -1.61516228375
DS.d399.s1.i0 -1 -0.240754760648
DS.d399.s1.i1 1.0 -0.283565474472
DS.d399.s1.i2 -1 -0.102828925531
DS.d399.s1.i3 1.0 -0.391764172566
DS.d408.s0.i0 -1 0.0810258163252
DS.d408.s0.i1 -1 0.0470742824813
DS.d408.s0.i2 -1 0.303028081815
DS.d408.s0.i3 -1 0.174598543207
DS.d415.s0.i0 -1 -0.0669712219874
DS.d415.s0.i1 -1 -1.22471318135
DS.d442.s0.i0 -1 0.282960445644
DS.d442.s1.i0 1.0 0.975509490143
DS.d458.s0.i0 -1 0.918508474182
DS.d458.s0.i1 -1 0.873108854628
DS.d458.s0.i2 -1 1.04750292235
DS.d458.s0.i3 -1 1.21321356904
DS.d459.s0.i0 -1 0.735444393593
DS.d476.s0.i0 -1 0.141537402663
DS.d476.s0.i1 -1 -0.300271608807
DS.d480.s0.i0 1.0 0.886731738333
DS.d488.s0.i0 1.0 1.21007361251
DS.d489.s0.i0 1.0 1.33773929105
DS.d489.s0.i1 1.0 1.66717468505
DS.d504.s0.i0 -1 0.229784243055
DS.d510.s0.i0 1.0 1.81483193066
DS.d537.s0.i0 1.0 0.726979571883
DS.d540.s0.i0 1.0 1.90252774139
DS.d541.s0.i0 1.0 -0.157014974283
DS.d543.s0.i0 1.0 0.540594357186
DS.d543.s1.i0 1.0 0.414762058961
DS.d543.s1.i1 1.0 0.414762058961
DS.d556.s0.i0 1.0 -0.516015383842
DS.d556.s0.i1 1.0 -0.598362499289
DS.d556.s0.i2 1.0 -0.430784592704
DS.d556.s1.i0 -1 0.492917950127
DS.d556.s1.i1 -1 0.171512123563
DS.d556.s1.i2 1.0 -0.267228567594
DS.d566.s0.i0 -1 0.333765062745
DS.d566.s0.i1 -1 -0.291218077329
DS.d566.s0.i2 -1 -0.815891632948
DS.d566.s0.i3 -1 -1.57676490911
DS.d582.s0.i0 1.0 1.06863651933
DS.d582.s1.i0 1.0 2.21383118347
DS.d603.s0.i0 1.0 -0.352637667535
DS.d603.s0.i1 1.0 -0.397632439574
DS.d603.s0.i2 1.0 0.30959320507
DS.d604.s0.i0 1.0 1.77640620301
DS.d604.s1.i0 1.0 0.372865309293
DS.d606.s0.i0 1.0 0.925407981072
DS.d606.s0.i1 1.0 0.55432463125
DS.d614.s0.i0 -1 -1.54232042851
DS.d614.s0.i1 -1 -0.950782453669
DS.d619.s0.i0 1.0 0.221437106323
DS.d626.s0.i0 1.0 0.862153802219
DS.d638.s0.i0 1.0 1.55839776921
DS.d638.s0.i1 1.0 1.65726188127
DS.d638.s0.i2 1.0 0.285873499101
DS.d638.s0.i3 1.0 0.38109431754
DS.d638.s1.i0 -1 -0.0294293585306
DS.d638.s1.i1 -1 0.432988014929
DS.d638.s2.i0 1.0 -0.458654860751
DS.d638.s2.i1 1.0 -0.0552347777608
DS.d638.s3.i0 1.0 1.21450772751
DS.d638.s3.i1 1.0 1.86334068445
DS.d638.s3.i2 1.0 1.52988447156
DS.d651.s0.i0 1.0 0.891448408098
DS.d651.s0.i1 1.0 0.342954598622
DS.d651.s0.i2 1.0 1.01799925493
DS.d651.s0.i3 1.0 0.32988250734
DS.d655.s0.i0 -1 -0.110692489142
DS.d666.s0.i0 -1 0.00691257089786
DS.d666.s0.i1 -1 -0.421434008782
DS.d697.s0.i0 1.0 -0.186705143539
DS.d713.s0.i0 1.0 -0.328530131232
DS.d713.s0.i1 -1 -0.187474722022
DS.d713.s1.i0 -1 0.706975287152
DS.d738.s0.i0 1.0 0.10263838492
DS.d742.s0.i0 1.0 0.842788200593
DS.d742.s0.i1 1.0 0.989441879509
DS.d749.s0.i0 -1 -0.368998497255
DS.d749.s0.i1 -1 -1.37016702416
DS.d749.s0.i2 -1 -0.717131711811
DS.d749.s0.i3 -1 -0.841685335502
DS.d799.s0.i0 -1 0.368594699327
DS.d799.s1.i0 -1 0.511573039851
DS.d801.s0.i0 1.0 0.861821426301
DS.d806.s0.i0 1.0 2.14390611197
DS.d806.s1.i0 1.0 0.791824943346
DS.d806.s1.i1 1.0 0.855766198748
DS.d808.s0.i0 -1 0.0566191249258
DS.d808.s0.i1 -1 -0.807918983923
DS.d808.s0.i2 -1 -0.601709553472
DS.d808.s0.i3 -1 -0.130959217394
DS.d808.s0.i4 -1 -1.25972529168
DS.d808.s0.i5 -1 -0.864081316948
DS.d808.s0.i6 -1 -0.852876478542
DS.d823.s0.i0 1.0 1.53815226978
DS.d823.s0.i1 1.0 0.435125314007
DS.d823.s1.i0 1.0 -0.00321938272723
DS.d823.s1.i1 1.0 0.76129576793
DS.d823.s2.i0 1.0 0.779023741389
DS.d823.s3.i0 -1 -0.619305477971
DS.d823.s4.i0 -1 0.804802270157
DS.d823.s4.i1 -1 0.450368203664
DS.d831.s0.i0 1.0 0.235583090364
DS.d831.s0.i1 1.0 0.235583090364
DS.d834.s0.i0 -1 0.62360109982
DS.d834.s0.i1 -1 0.32635186466
DS.d834.s1.i0 -1 -1.04006765546
DS.d834.s2.i0 -1 -1.04436063793
DS.d834.s3.i0 -1 0.298179663773
DS.d835.s0.i0 1.0 1.09372984264
DS.d836.s0.i0 1.0 0.382765115446
DS.d836.s0.i1 1.0 0.411517272408
DS.d840.s0.i0 -1 0.434905825661
DS.d840.s0.i1 -1 -0.0120344610111
DS.d871.s0.i0 -1 0.677790816925
DS.d871.s0.i1 1.0 0.672691534738
DS.d871.s1.i0 1.0 1.2645266213
DS.d871.s1.i1 1.0 1.2645266213
DS.d881.s0.i0 1.0 0.166860957626
DS.d881.s0.i1 1.0 1.72527924605
DS.d881.s0.i2 1.0 0.264638327993
DS.d881.s0.i3 -1 0.164231268205
DS.d888.s0.i0 1.0 1.13071612005
DS.d892.s0.i0 -1 -1.10884829091
DS.d892.s0.i1 -1 0.0566494799711
DS.d892.s0.i2 -1 -0.495615160634
DS.d892.s0.i3 -1 0.0312729397753
DS.d892.s0.i4 -1 -0.467209334713
DS.d892.s0.i5 -1 0.323496334451
DS.d892.s0.i6 -1 0.0995133658425
DS.d892.s0.i7 -1 -1.12062912712
DS.d892.s1.i0 -1 0.112093950648
DS.d892.s1.i1 -1 0.0560202987883
DS.d892.s1.i2 -1 -0.126060312428
DS.d894.s0.i0 1.0 0.291887894016
DS.d914.s0.i0 -1 -0.263788719695
DS.d919.s0.i0 1.0 0.915753480221
DS.d932.s0.i0 -1 -0.781781866807
DS.d932.s0.i1 -1 0.349069877794
DS.d932.s0.i2 -1 0.450648812251
DS.d940.s0.i0 1.0 1.01383889274
DS.d944.s0.i0 1.0 1.66142602079
DS.d959.s0.i0 -1 0.00210498315843
DS.d959.s0.i1 -1 0.0235681546198
DS.d978.s0.i0 1.0 1.33156495103
DS.d978.s0.i1 1.0 1.33156495103
DS.d978.s1.i0 1.0 -0.330786903408
DS.d978.s1.i1 1.0 0.20679332238
DS.d978.s1.i2 1.0 0.21781569273
DS.d978.s1.i3 1.0 0.21781569273
DS.d978.s1.i4 1.0 0.171556178492
DS.d978.s1.i5 1.0 0.171556178492
DS.d982.s0.i0 -1 1.77840467371
DS.d983.s0.i0 1.0 1.32251252454
DS.d983.s1.i0 1.0 0.582718257832
DS.d983.s2.i0 1.0 0.218239443358
DS.d987.s0.i0 1.0 0.671206629097
DS.d987.s1.i0 1.0 1.9344942305
DS.d987.s2.i0 1.0 1.54191152659
DS.d988.s0.i0 -1 0.440355376664
DS.d995.s0.i0 -1 -0.12078641918
DS.d1010.s0.i0 -1 0.284047289461
DS.d1014.s0.i0 -1 1.30145061395
DS.d1014.s1.i0 1.0 0.966403960489
DS.d1014.s2.i0 1.0 1.59563584517
DS.d1022.s0.i0 1.0 0.285882830043
DS.d1022.s0.i1 1.0 1.17855875304
DS.d1022.s0.i2 1.0 1.23940213502
DS.d1024.s0.i0 1.0 1.13723431826
DS.d1032.s0.i0 1.0 1.04757917281
DS.d1040.s0.i0 1.0 0.716365042873
DS.d1041.s0.i0 -1 0.143593399431
DS.d1041.s0.i1 -1 0.338460132651
DS.d1041.s0.i2 -1 0.516035422918
DS.d1041.s1.i0 1.0 -0.104556931214
DS.d1057.s0.i0 1.0 1.36561783274
DS.d1065.s0.i0 1.0 1.12446350773
DS.d1065.s0.i1 1.0 1.30380594251
DS.d1065.s0.i2 1.0 0.834450700612
DS.d1065.s0.i3 1.0 1.23436026799
DS.d1065.s0.i4 1.0 0.75244011913
