DS1.d187.s0.i0 1.000000 0.566216
DS1.d54.s0.i0 -1.000000 -0.068923
DS1.d247.s0.i19 -1.000000 -0.543563
DS1.d247.s0.i18 1.000000 -0.306067
DS1.d247.s0.i15 1.000000 -0.478868
DS1.d247.s0.i14 -1.000000 -0.743160
DS1.d247.s0.i17 -1.000000 -0.870039
DS1.d247.s0.i16 -1.000000 -0.394919
DS1.d247.s0.i11 -1.000000 -0.390175
DS1.d247.s0.i10 -1.000000 -0.675846
DS1.d247.s0.i13 1.000000 -0.495786
DS1.d247.s0.i12 -1.000000 -0.457518
DS1.d247.s0.i20 1.000000 -0.543763
DS1.d247.s0.i21 -1.000000 -0.579141
DS1.d247.s0.i22 1.000000 -0.260818
DS1.d247.s0.i23 -1.000000 -0.360083
DS1.d247.s0.i9 -1.000000 -0.888360
DS1.d247.s0.i8 -1.000000 -0.779757
DS1.d247.s0.i1 1.000000 -0.486453
DS1.d247.s0.i0 -1.000000 -0.315587
DS1.d247.s0.i3 -1.000000 -0.501882
DS1.d247.s0.i2 1.000000 -0.463742
DS1.d247.s0.i5 -1.000000 -0.485877
DS1.d247.s0.i4 1.000000 -0.566136
DS1.d247.s0.i7 -1.000000 -0.367092
DS1.d247.s0.i6 -1.000000 -0.811869
DS1.d207.s0.i0 1.000000 0.420182
DS1.d37.s1.i0 -1.000000 0.008585
DS1.d37.s0.i0 1.000000 -0.517609
DS1.d37.s2.i2 -1.000000 -1.149455
DS1.d37.s2.i1 1.000000 0.042829
DS1.d37.s2.i0 -1.000000 -0.812753
DS1.d0.s0.i0 1.000000 1.235055
DS1.d0.s1.i1 1.000000 0.284457
DS1.d0.s1.i0 -1.000000 -0.128062
DS1.d653.s0.i2 1.000000 0.501863
DS1.d653.s0.i0 1.000000 0.389015
DS1.d653.s0.i1 1.000000 0.333582
DS1.d186.s0.i2 1.000000 0.159963
DS1.d186.s0.i1 1.000000 0.082327
DS1.d186.s0.i0 1.000000 0.165411
DS1.d795.s0.i0 1.000000 0.614529
DS1.d792.s0.i0 1.000000 -0.146779
DS1.d792.s0.i1 -1.000000 -0.157738
DS1.d132.s0.i0 1.000000 0.030248
DS1.d505.s0.i0 1.000000 0.606519
DS1.d430.s0.i1 1.000000 0.456959
DS1.d430.s0.i0 1.000000 0.411448
DS1.d430.s0.i3 1.000000 0.427217
DS1.d430.s0.i2 1.000000 0.463958
DS1.d70.s0.i0 1.000000 0.056460
DS1.d70.s0.i1 1.000000 0.281204
DS1.d70.s1.i1 1.000000 0.329924
DS1.d70.s1.i0 1.000000 0.634388
DS1.d70.s1.i3 1.000000 0.653660
DS1.d70.s1.i2 1.000000 0.229269
DS1.d112.s0.i0 -1.000000 0.019876
DS1.d290.s0.i1 1.000000 0.096419
DS1.d290.s0.i0 1.000000 -0.190434
DS1.d662.s0.i2 -1.000000 1.203188
DS1.d662.s0.i3 1.000000 1.116607
DS1.d662.s0.i0 1.000000 0.989362
DS1.d662.s0.i1 1.000000 0.288438
DS1.d177.s0.i3 -1.000000 -0.083409
DS1.d177.s0.i2 -1.000000 0.288815
DS1.d177.s0.i1 -1.000000 0.162268
DS1.d177.s0.i0 -1.000000 -0.235657
DS1.d177.s0.i7 -1.000000 -0.075543
DS1.d177.s0.i6 -1.000000 0.095141
DS1.d177.s0.i5 -1.000000 -0.687524
DS1.d177.s0.i4 -1.000000 -0.558280
DS1.d192.s0.i0 1.000000 -0.099782
DS1.d172.s0.i0 -1.000000 -0.101944
DS1.d172.s0.i1 1.000000 0.367987
DS1.d156.s0.i0 -1.000000 0.475680
DS1.d156.s0.i1 -1.000000 0.480910
DS1.d205.s0.i2 -1.000000 -0.062318
DS1.d205.s0.i1 -1.000000 -0.152414
DS1.d205.s0.i0 -1.000000 -0.207612
DS1.d645.s0.i0 1.000000 0.679135
DS1.d409.s0.i0 1.000000 0.860468
DS1.d576.s0.i2 1.000000 0.365401
DS1.d576.s0.i0 1.000000 0.385574
DS1.d576.s0.i1 -1.000000 -0.366771
DS1.d576.s1.i1 1.000000 0.644453
DS1.d576.s1.i0 -1.000000 0.737251
DS1.d576.s2.i0 1.000000 0.060797
DS1.d576.s2.i1 1.000000 0.229447
DS1.d762.s3.i2 1.000000 0.036360
DS1.d762.s3.i3 -1.000000 -0.087692
DS1.d762.s3.i0 1.000000 -0.243212
DS1.d762.s3.i1 1.000000 0.054950
DS1.d762.s3.i6 -1.000000 -0.338983
DS1.d762.s3.i7 -1.000000 -0.018796
DS1.d762.s3.i4 1.000000 -0.087297
DS1.d762.s3.i5 -1.000000 -0.416444
DS1.d762.s2.i1 1.000000 -0.206759
DS1.d762.s2.i0 1.000000 -0.085043
DS1.d762.s1.i0 1.000000 0.387868
DS1.d762.s0.i1 1.000000 -0.066386
DS1.d762.s0.i0 1.000000 0.127881
DS1.d762.s4.i3 1.000000 0.247723
DS1.d762.s4.i2 1.000000 0.080769
DS1.d762.s4.i1 1.000000 0.164773
DS1.d762.s4.i0 1.000000 0.076306
DS1.d760.s1.i0 1.000000 0.839650
DS1.d760.s0.i0 -1.000000 0.420833
DS1.d337.s0.i1 1.000000 0.889267
DS1.d337.s0.i0 1.000000 0.642781
DS1.d358.s0.i0 1.000000 0.517260
DS1.d358.s1.i0 1.000000 0.493211
DS1.d359.s0.i1 -1.000000 0.313198
DS1.d359.s0.i0 1.000000 0.477801
DS1.d214.s0.i1 1.000000 0.809514
DS1.d214.s0.i0 1.000000 0.759695
DS1.d729.s0.i0 -1.000000 0.278564
DS1.d250.s1.i0 1.000000 1.366237
DS1.d250.s0.i1 1.000000 0.848972
DS1.d250.s0.i0 1.000000 1.043683
DS1.d523.s0.i0 -1.000000 0.449973
DS1.d523.s1.i1 1.000000 0.951497
DS1.d523.s1.i0 1.000000 0.820000
DS1.d256.s0.i3 -1.000000 -0.403329
DS1.d256.s0.i2 1.000000 -0.878091
DS1.d256.s0.i1 -1.000000 -0.264980
DS1.d256.s0.i0 -1.000000 -0.419843
DS1.d350.s0.i0 1.000000 0.213290
DS1.d350.s0.i1 1.000000 0.176587
DS1.d350.s0.i2 1.000000 0.273218
DS1.d350.s0.i3 1.000000 0.081572
DS1.d350.s1.i3 -1.000000 -0.245713
DS1.d350.s1.i2 -1.000000 -0.108504
DS1.d350.s1.i1 -1.000000 -0.205962
DS1.d350.s1.i0 -1.000000 -0.194586
DS1.d344.s0.i0 -1.000000 -0.112503
DS1.d828.s0.i0 -1.000000 0.336845
DS1.d150.s0.i0 1.000000 0.753682
DS1.d150.s0.i1 1.000000 0.753682
DS1.d27.s0.i2 1.000000 -0.011805
DS1.d27.s0.i0 1.000000 -0.008441
DS1.d27.s0.i1 1.000000 0.040611
DS1.d27.s1.i1 1.000000 0.435279
DS1.d27.s1.i0 1.000000 0.386712
DS1.d27.s2.i0 1.000000 -0.018432
DS1.d620.s0.i20 -1.000000 -0.954579
DS1.d620.s0.i11 -1.000000 -0.959745
DS1.d620.s0.i15 -1.000000 -0.994096
DS1.d620.s0.i10 -1.000000 -0.605776
DS1.d620.s0.i16 -1.000000 -0.939654
DS1.d620.s0.i12 -1.000000 -1.017968
DS1.d620.s0.i17 -1.000000 -0.613469
DS1.d620.s0.i8 -1.000000 -0.696372
DS1.d620.s0.i9 -1.000000 -0.932926
DS1.d620.s0.i18 -1.000000 -0.616791
DS1.d620.s0.i19 -1.000000 -0.995492
DS1.d620.s0.i14 -1.000000 -1.038977
DS1.d620.s0.i13 -1.000000 -0.682626
DS1.d620.s0.i0 -1.000000 -0.683200
DS1.d620.s0.i1 -1.000000 -0.988875
DS1.d620.s0.i2 -1.000000 -1.027252
DS1.d620.s0.i3 -1.000000 -0.958479
DS1.d620.s0.i4 -1.000000 -1.001859
DS1.d620.s0.i5 -1.000000 -0.684794
DS1.d620.s0.i6 -1.000000 -1.022466
DS1.d620.s0.i7 -1.000000 -0.930617
DS1.d620.s1.i0 -1.000000 0.254911
DS1.d25.s0.i0 1.000000 0.978504
DS1.d25.s1.i0 -1.000000 0.804337
DS1.d591.s0.i3 1.000000 -0.252753
DS1.d591.s0.i2 1.000000 -0.271464
DS1.d591.s0.i1 1.000000 0.098368
DS1.d591.s0.i0 1.000000 0.125568
DS1.d806.s0.i2 -1.000000 -0.030670
DS1.d806.s0.i0 -1.000000 -0.266305
DS1.d806.s0.i1 -1.000000 -0.155622
DS1.d681.s1.i8 1.000000 0.616093
DS1.d681.s1.i0 -1.000000 -0.021096
DS1.d681.s1.i1 -1.000000 0.316369
DS1.d681.s1.i2 -1.000000 0.279299
DS1.d681.s1.i3 -1.000000 -0.000909
DS1.d681.s1.i4 1.000000 0.516939
DS1.d681.s1.i5 -1.000000 0.310735
DS1.d681.s1.i6 1.000000 0.455931
DS1.d681.s1.i7 -1.000000 0.079752
DS1.d681.s0.i1 1.000000 -0.093953
DS1.d681.s0.i0 1.000000 0.383279
DS1.d713.s1.i0 1.000000 0.468050
DS1.d713.s1.i1 1.000000 0.624953
DS1.d713.s0.i1 1.000000 1.119390
DS1.d713.s0.i0 1.000000 1.132533
DS1.d2.s0.i0 1.000000 -0.345221
DS1.d384.s0.i2 1.000000 0.094189
DS1.d384.s0.i1 -1.000000 0.190675
DS1.d384.s0.i0 1.000000 0.094189
DS1.d561.s0.i0 -1.000000 0.226685
DS1.d102.s0.i2 1.000000 0.025943
DS1.d102.s0.i1 1.000000 0.219275
DS1.d102.s0.i0 1.000000 0.050476
DS1.d428.s0.i2 1.000000 0.177900
DS1.d428.s0.i3 1.000000 -0.294214
DS1.d428.s0.i0 1.000000 -0.292507
DS1.d428.s0.i1 1.000000 0.098504
DS1.d428.s1.i1 -1.000000 1.186456
DS1.d428.s1.i0 1.000000 1.040905
DS1.d428.s1.i3 -1.000000 0.911721
DS1.d428.s1.i2 1.000000 1.327756
DS1.d428.s2.i0 -1.000000 0.658199
DS1.d428.s2.i1 1.000000 0.780531
DS1.d64.s0.i0 -1.000000 -0.239540
DS1.d280.s0.i0 1.000000 0.660807
DS1.d44.s0.i17 -1.000000 -0.928661
DS1.d44.s0.i16 1.000000 -0.791491
DS1.d44.s0.i15 -1.000000 -0.794007
DS1.d44.s0.i14 -1.000000 -0.840912
DS1.d44.s0.i13 -1.000000 -0.946300
DS1.d44.s0.i12 -1.000000 -0.915424
DS1.d44.s0.i11 -1.000000 -0.828299
DS1.d44.s0.i10 1.000000 -0.779959
DS1.d44.s0.i9 1.000000 -0.762190
DS1.d44.s0.i8 1.000000 -0.804501
DS1.d44.s0.i7 -1.000000 -0.824088
DS1.d44.s0.i6 -1.000000 -0.862608
DS1.d44.s0.i5 1.000000 -0.697388
DS1.d44.s0.i4 -1.000000 -0.941272
DS1.d44.s0.i3 -1.000000 -0.773915
DS1.d44.s0.i2 -1.000000 -0.842900
DS1.d44.s0.i1 1.000000 -0.717902
DS1.d44.s0.i0 -1.000000 -0.906237
DS1.d47.s0.i0 1.000000 0.327615
DS1.d47.s0.i1 1.000000 0.446577
DS1.d100.s1.i0 1.000000 0.654738
DS1.d100.s1.i1 1.000000 0.716976
DS1.d100.s0.i0 1.000000 1.328361
DS1.d638.s0.i3 1.000000 0.155074
DS1.d638.s0.i2 1.000000 0.115848
DS1.d638.s0.i1 1.000000 0.530184
DS1.d638.s0.i0 1.000000 0.217970
DS1.d417.s0.i0 1.000000 0.326304
DS1.d201.s0.i8 1.000000 0.536923
DS1.d201.s0.i7 1.000000 0.336845
DS1.d201.s0.i6 1.000000 0.437713
DS1.d201.s0.i5 1.000000 0.419146
DS1.d201.s0.i4 1.000000 0.309348
DS1.d201.s0.i3 1.000000 0.314186
DS1.d201.s0.i2 1.000000 0.470430
DS1.d201.s0.i1 1.000000 0.519172
DS1.d201.s0.i0 1.000000 0.462192
DS1.d778.s0.i0 1.000000 1.403955
DS1.d778.s1.i1 1.000000 1.104787
DS1.d778.s1.i0 -1.000000 0.321982
DS1.d778.s2.i0 1.000000 1.380557
DS1.d778.s2.i1 1.000000 1.415945
DS1.d145.s0.i0 1.000000 0.353426
DS1.d145.s1.i0 1.000000 0.857689
DS1.d305.s0.i2 1.000000 0.289040
DS1.d305.s0.i3 1.000000 0.168458
DS1.d305.s0.i0 1.000000 0.321712
DS1.d305.s0.i1 1.000000 0.120002
DS1.d223.s1.i0 1.000000 0.840416
DS1.d223.s1.i1 -1.000000 0.739366
DS1.d223.s0.i1 -1.000000 -0.305366
DS1.d223.s0.i0 1.000000 0.539869
DS1.d306.s1.i2 1.000000 0.790208
DS1.d306.s1.i3 1.000000 0.864073
DS1.d306.s1.i0 1.000000 0.818459
DS1.d306.s1.i1 1.000000 0.731303
DS1.d306.s1.i4 1.000000 0.772834
DS1.d306.s1.i5 1.000000 0.792230
DS1.d306.s0.i1 -1.000000 0.074235
DS1.d306.s0.i0 1.000000 0.827139
DS1.d306.s3.i0 1.000000 -0.263249
DS1.d306.s2.i0 -1.000000 0.449431
DS1.d306.s4.i1 1.000000 -0.082134
DS1.d306.s4.i0 1.000000 -0.251222
DS1.d635.s0.i0 1.000000 0.806505
DS1.d635.s0.i1 1.000000 0.374857
DS1.d432.s1.i0 1.000000 0.992636
DS1.d432.s1.i1 1.000000 0.970591
DS1.d432.s0.i3 1.000000 -0.448441
DS1.d432.s0.i2 1.000000 0.729621
DS1.d432.s0.i1 1.000000 -0.347281
DS1.d432.s0.i0 1.000000 0.473660
DS1.d651.s0.i0 -1.000000 -0.747793
DS1.d277.s0.i0 1.000000 0.237988
DS1.d248.s0.i0 1.000000 0.440790
DS1.d248.s0.i1 1.000000 0.458858
DS1.d731.s2.i0 1.000000 0.435256
DS1.d731.s1.i0 -1.000000 0.416643
DS1.d731.s1.i1 -1.000000 0.416643
DS1.d731.s1.i2 1.000000 0.618470
DS1.d731.s0.i0 -1.000000 0.524736
DS1.d325.s0.i0 1.000000 0.985575
DS1.d325.s0.i1 1.000000 0.389511
DS1.d206.s0.i4 1.000000 0.174222
DS1.d206.s0.i5 1.000000 0.105677
DS1.d206.s0.i6 1.000000 0.119857
DS1.d206.s0.i7 1.000000 0.213643
DS1.d206.s0.i0 1.000000 0.160263
DS1.d206.s0.i1 1.000000 0.248002
DS1.d206.s0.i2 1.000000 0.194046
DS1.d206.s0.i3 1.000000 0.136203
DS1.d255.s0.i0 -1.000000 -0.546004
DS1.d255.s0.i1 -1.000000 -0.568488
DS1.d541.s0.i0 -1.000000 0.758556
DS1.d541.s1.i0 -1.000000 -0.401420
DS1.d203.s0.i1 1.000000 0.537276
DS1.d203.s0.i0 1.000000 0.421260
DS1.d154.s0.i0 1.000000 0.013023
DS1.d154.s0.i1 1.000000 -0.054962
DS1.d739.s1.i0 1.000000 -0.303582
DS1.d739.s1.i1 1.000000 0.152600
DS1.d739.s1.i2 1.000000 -0.292188
DS1.d739.s1.i3 1.000000 0.297350
DS1.d739.s1.i4 1.000000 -0.241828
DS1.d739.s1.i5 1.000000 0.206875
DS1.d739.s1.i6 1.000000 -0.120488
DS1.d739.s1.i7 1.000000 0.173778
DS1.d739.s0.i3 1.000000 0.442566
DS1.d739.s0.i2 1.000000 -0.120521
DS1.d739.s0.i1 1.000000 0.376542
DS1.d739.s0.i0 1.000000 -0.123123
DS1.d700.s0.i0 1.000000 0.121038
DS1.d360.s1.i0 -1.000000 0.042157
DS1.d360.s0.i1 -1.000000 0.965880
DS1.d360.s0.i0 -1.000000 0.997983
DS1.d507.s0.i0 1.000000 0.386947
DS1.d507.s0.i1 -1.000000 0.527008
DS1.d557.s0.i0 1.000000 1.108257
DS1.d377.s1.i0 1.000000 0.302934
DS1.d377.s1.i1 1.000000 0.348977
DS1.d377.s0.i1 1.000000 0.523349
DS1.d377.s0.i0 1.000000 0.242010
DS1.d377.s0.i2 1.000000 0.248924
DS1.d735.s3.i0 -1.000000 0.102025
DS1.d735.s2.i1 -1.000000 -0.032208
DS1.d735.s2.i0 1.000000 0.532880
DS1.d735.s1.i0 1.000000 1.018950
DS1.d735.s1.i1 1.000000 0.787159
DS1.d735.s0.i0 1.000000 1.404120
