DS1.d18.s0.i0 1.000000 0.592618
DS1.d19.s0.i1 1.000000 0.929421
DS1.d19.s0.i0 1.000000 0.908948
DS1.d798.s0.i0 1.000000 0.796711
DS1.d799.s0.i1 1.000000 0.892943
DS1.d799.s0.i0 1.000000 1.106445
DS1.d799.s0.i3 1.000000 1.106445
DS1.d799.s0.i2 1.000000 0.868392
DS1.d12.s0.i0 -1.000000 -0.129862
DS1.d13.s4.i1 -1.000000 -0.038958
DS1.d13.s4.i0 1.000000 0.279837
DS1.d13.s3.i0 -1.000000 -0.946781
DS1.d13.s3.i1 -1.000000 -0.728451
DS1.d13.s2.i1 1.000000 0.806358
DS1.d13.s2.i0 1.000000 0.889769
DS1.d13.s2.i2 1.000000 1.133966
DS1.d13.s1.i0 1.000000 0.211504
DS1.d13.s0.i1 1.000000 0.780612
DS1.d13.s0.i0 1.000000 0.783469
DS1.d10.s0.i0 -1.000000 -0.909330
DS1.d11.s0.i1 1.000000 0.869321
DS1.d11.s0.i0 1.000000 0.852674
DS1.d16.s0.i0 1.000000 1.177895
DS1.d17.s1.i0 -1.000000 -0.642079
DS1.d17.s0.i1 -1.000000 -0.729169
DS1.d17.s0.i0 -1.000000 -1.013349
DS1.d14.s0.i0 -1.000000 -0.705319
DS1.d14.s0.i1 -1.000000 -0.670818
DS1.d14.s0.i2 -1.000000 -0.948650
DS1.d14.s0.i3 -1.000000 -1.248550
DS1.d14.s1.i1 -1.000000 -0.855918
DS1.d14.s1.i0 -1.000000 -0.754009
DS1.d15.s0.i1 1.000000 0.944994
DS1.d15.s0.i0 1.000000 1.384080
DS1.d15.s0.i2 1.000000 0.886718
DS1.d378.s0.i2 -1.000000 -0.746219
DS1.d378.s0.i3 -1.000000 -0.667579
DS1.d378.s0.i0 -1.000000 -0.696749
DS1.d378.s0.i1 1.000000 0.300146
DS1.d378.s1.i0 -1.000000 -0.235481
DS1.d318.s0.i0 1.000000 0.949252
DS1.d318.s0.i1 1.000000 0.766265
DS1.d319.s0.i1 -1.000000 -0.941219
DS1.d319.s0.i0 -1.000000 -0.879079
DS1.d648.s0.i2 1.000000 0.942264
DS1.d648.s0.i0 1.000000 0.990433
DS1.d648.s0.i1 1.000000 0.790835
DS1.d649.s0.i7 1.000000 0.599780
DS1.d649.s0.i6 1.000000 0.454120
DS1.d649.s0.i5 -1.000000 -0.637327
DS1.d649.s0.i4 -1.000000 -0.500062
DS1.d649.s0.i3 1.000000 0.306006
DS1.d649.s0.i2 -1.000000 -0.409005
DS1.d649.s0.i1 1.000000 0.491638
DS1.d649.s0.i0 -1.000000 -0.421798
DS1.d270.s0.i0 1.000000 0.786360
DS1.d312.s0.i2 1.000000 1.090146
DS1.d312.s0.i3 1.000000 0.946142
DS1.d312.s0.i0 1.000000 0.980153
DS1.d312.s0.i1 1.000000 0.923815
DS1.d312.s0.i6 1.000000 0.971660
DS1.d312.s0.i7 1.000000 0.908766
DS1.d312.s0.i4 1.000000 0.863391
DS1.d312.s0.i5 1.000000 0.922812
DS1.d312.s0.i8 1.000000 1.150583
DS1.d312.s0.i9 1.000000 0.758956
DS1.d312.s0.i10 1.000000 1.048031
DS1.d313.s5.i0 1.000000 0.854085
DS1.d313.s4.i0 1.000000 0.498744
DS1.d313.s3.i0 1.000000 0.741980
DS1.d313.s2.i0 1.000000 1.163994
DS1.d313.s1.i0 1.000000 0.933876
DS1.d313.s1.i1 1.000000 0.735156
DS1.d313.s0.i0 1.000000 1.125123
DS1.d310.s0.i0 1.000000 0.553324
DS1.d310.s0.i1 -1.000000 -0.274084
DS1.d310.s0.i2 1.000000 0.579944
DS1.d310.s1.i3 -1.000000 -0.238329
DS1.d310.s1.i2 1.000000 0.215548
DS1.d310.s1.i1 -1.000000 -0.153609
DS1.d310.s1.i0 1.000000 0.069143
DS1.d311.s0.i0 1.000000 0.911419
DS1.d316.s0.i0 1.000000 0.966147
DS1.d316.s0.i1 1.000000 0.875380
DS1.d316.s1.i1 1.000000 0.743463
DS1.d316.s1.i0 1.000000 0.933425
DS1.d316.s2.i0 1.000000 0.937460
DS1.d316.s2.i1 1.000000 0.937460
DS1.d317.s0.i11 1.000000 0.886095
DS1.d317.s0.i10 1.000000 0.785256
DS1.d317.s0.i7 1.000000 1.140033
DS1.d317.s0.i6 1.000000 1.019082
DS1.d317.s0.i5 1.000000 1.023396
DS1.d317.s0.i4 1.000000 0.791538
DS1.d317.s0.i3 1.000000 0.970648
DS1.d317.s0.i2 1.000000 1.035025
DS1.d317.s0.i1 1.000000 0.996224
DS1.d317.s0.i0 1.000000 0.826639
DS1.d317.s0.i9 1.000000 0.929258
DS1.d317.s0.i8 1.000000 0.937922
DS1.d314.s0.i0 1.000000 0.540372
DS1.d314.s0.i1 -1.000000 -0.561357
DS1.d315.s0.i1 1.000000 0.775673
DS1.d315.s0.i0 1.000000 0.922195
DS1.d315.s0.i3 1.000000 0.820293
DS1.d315.s0.i2 1.000000 0.903125
DS1.d723.s0.i0 1.000000 0.604387
DS1.d722.s0.i1 -1.000000 -1.030734
DS1.d722.s0.i0 -1.000000 -0.807331
DS1.d488.s0.i14 -1.000000 -0.938430
DS1.d488.s0.i12 -1.000000 -0.889536
DS1.d488.s0.i13 -1.000000 -1.026626
DS1.d488.s0.i10 -1.000000 -1.014942
DS1.d488.s0.i11 -1.000000 -0.867634
DS1.d488.s0.i8 -1.000000 -0.841626
DS1.d488.s0.i9 1.000000 0.050180
DS1.d488.s0.i4 -1.000000 -0.936606
DS1.d488.s0.i5 1.000000 0.120980
DS1.d488.s0.i6 -1.000000 -0.726411
DS1.d488.s0.i7 -1.000000 -0.713465
DS1.d488.s0.i0 -1.000000 -0.837245
DS1.d488.s0.i1 -1.000000 -0.184916
DS1.d488.s0.i2 1.000000 0.108449
DS1.d488.s0.i3 -1.000000 -0.142266
DS1.d489.s0.i1 1.000000 0.689871
DS1.d489.s0.i0 1.000000 0.923008
DS1.d727.s0.i0 1.000000 0.773456
DS1.d726.s0.i0 1.000000 0.857473
DS1.d725.s0.i0 1.000000 1.139475
DS1.d725.s1.i2 1.000000 1.055334
DS1.d725.s1.i1 1.000000 1.049944
DS1.d725.s1.i0 1.000000 1.049944
DS1.d724.s0.i1 1.000000 1.324491
DS1.d724.s0.i0 1.000000 1.076850
DS1.d724.s0.i2 1.000000 0.310439
DS1.d482.s0.i2 -1.000000 -0.738453
DS1.d482.s0.i0 -1.000000 -0.857063
DS1.d482.s0.i1 -1.000000 -0.843345
DS1.d483.s1.i0 1.000000 0.756458
DS1.d483.s0.i0 -1.000000 -0.006613
DS1.d480.s0.i0 -1.000000 0.541474
DS1.d481.s0.i1 1.000000 0.868683
DS1.d481.s0.i0 1.000000 0.914785
DS1.d486.s0.i29 -1.000000 -1.021195
DS1.d486.s0.i28 -1.000000 -0.991316
DS1.d486.s0.i21 -1.000000 -0.979738
DS1.d486.s0.i20 -1.000000 -1.092677
DS1.d486.s0.i23 -1.000000 -1.024562
DS1.d486.s0.i22 -1.000000 -0.991852
DS1.d486.s0.i25 -1.000000 -0.879818
DS1.d486.s0.i24 -1.000000 -0.978433
DS1.d486.s0.i27 -1.000000 -0.821223
DS1.d486.s0.i26 -1.000000 -0.968075
DS1.d486.s0.i34 -1.000000 -1.063054
DS1.d486.s0.i35 -1.000000 -1.042890
DS1.d486.s0.i18 -1.000000 -1.051827
DS1.d486.s0.i19 -1.000000 -1.038100
DS1.d486.s0.i30 -1.000000 -1.035940
DS1.d486.s0.i31 -1.000000 -0.967316
DS1.d486.s0.i14 -1.000000 -0.892615
DS1.d486.s0.i15 -1.000000 -1.052952
DS1.d486.s0.i16 -1.000000 -0.977332
DS1.d486.s0.i17 -1.000000 -0.897119
DS1.d486.s0.i10 -1.000000 -1.046147
DS1.d486.s0.i11 -1.000000 -1.038178
DS1.d486.s0.i12 -1.000000 -0.998995
DS1.d486.s0.i13 -1.000000 -0.864158
DS1.d486.s0.i8 -1.000000 -1.024489
DS1.d486.s0.i9 -1.000000 -1.128975
DS1.d486.s0.i6 -1.000000 -1.099625
DS1.d486.s0.i7 -1.000000 -0.943507
DS1.d486.s0.i4 -1.000000 -0.919851
DS1.d486.s0.i5 -1.000000 -1.075844
DS1.d486.s0.i2 -1.000000 -0.915149
DS1.d486.s0.i3 -1.000000 -1.043393
DS1.d486.s0.i0 -1.000000 -1.004250
DS1.d486.s0.i1 -1.000000 -0.944943
DS1.d486.s0.i32 -1.000000 -0.995193
DS1.d486.s0.i33 -1.000000 -0.948858
DS1.d486.s1.i1 1.000000 0.751550
DS1.d486.s1.i0 1.000000 0.889777
DS1.d487.s0.i2 -1.000000 0.237096
DS1.d487.s0.i1 1.000000 0.398624
DS1.d487.s0.i0 1.000000 0.399646
DS1.d484.s0.i0 1.000000 0.849634
DS1.d484.s0.i1 1.000000 1.109987
DS1.d484.s1.i1 1.000000 0.366362
DS1.d484.s1.i0 -1.000000 -0.335712
DS1.d485.s0.i1 1.000000 0.790055
DS1.d485.s0.i0 1.000000 0.787713
DS1.d581.s2.i0 1.000000 0.949665
DS1.d581.s2.i1 1.000000 1.008653
DS1.d581.s0.i0 -1.000000 -0.380811
DS1.d581.s0.i1 -1.000000 -0.554292
DS1.d581.s0.i2 1.000000 0.053111
DS1.d581.s1.i2 -1.000000 -1.056355
DS1.d581.s1.i1 -1.000000 -0.484525
DS1.d581.s1.i0 -1.000000 -1.070601
DS1.d793.s1.i0 1.000000 0.912546
DS1.d793.s1.i1 1.000000 0.752938
DS1.d793.s0.i1 1.000000 0.823618
DS1.d793.s0.i0 1.000000 0.885728
DS1.d279.s0.i0 1.000000 1.033302
DS1.d279.s1.i1 -1.000000 -0.227693
DS1.d279.s1.i0 1.000000 0.685950
DS1.d279.s2.i0 1.000000 0.685894
DS1.d279.s2.i1 -1.000000 -0.412821
DS1.d279.s3.i1 -1.000000 -0.273511
DS1.d279.s3.i0 1.000000 1.046213
DS1.d279.s4.i0 1.000000 1.027310
DS1.d279.s5.i0 1.000000 0.819135
DS1.d279.s6.i0 -1.000000 -0.930584
DS1.d279.s6.i1 -1.000000 -0.930584
DS1.d279.s6.i2 -1.000000 -1.115414
DS1.d279.s7.i2 -1.000000 -0.529999
DS1.d279.s7.i1 -1.000000 -0.541927
DS1.d279.s7.i0 1.000000 0.531544
DS1.d279.s8.i0 -1.000000 -0.790136
DS1.d279.s8.i1 -1.000000 -0.962570
DS1.d279.s9.i1 1.000000 0.514016
DS1.d279.s9.i0 1.000000 1.295251
DS1.d580.s0.i1 1.000000 0.447087
DS1.d580.s0.i0 1.000000 0.306618
DS1.d790.s0.i0 -1.000000 -0.829042
DS1.d790.s0.i1 -1.000000 -0.772464
DS1.d69.s0.i0 1.000000 0.745045
DS1.d69.s0.i1 1.000000 0.726812
DS1.d68.s0.i0 1.000000 0.940666
DS1.d67.s0.i0 -1.000000 -0.789449
DS1.d67.s0.i1 -1.000000 -0.819809
DS1.d66.s0.i3 1.000000 0.700581
DS1.d66.s0.i2 1.000000 1.103985
DS1.d66.s0.i1 1.000000 0.734567
DS1.d66.s0.i0 1.000000 0.994224
DS1.d65.s0.i0 -1.000000 -0.088087
DS1.d791.s0.i0 1.000000 0.835303
DS1.d63.s0.i0 1.000000 1.000762
DS1.d63.s0.i1 1.000000 0.999013
DS1.d62.s0.i0 -1.000000 -0.377634
DS1.d61.s0.i0 1.000000 0.933588
DS1.d61.s0.i1 1.000000 1.020083
DS1.d61.s0.i2 1.000000 1.099631
DS1.d61.s0.i3 1.000000 0.980911
DS1.d61.s0.i4 1.000000 1.003660
DS1.d61.s0.i5 1.000000 0.935301
DS1.d61.s0.i6 1.000000 1.047824
DS1.d61.s0.i7 1.000000 0.921241
DS1.d61.s0.i8 1.000000 0.953390
DS1.d60.s0.i0 1.000000 1.039283
DS1.d547.s0.i0 -1.000000 -0.851757
DS1.d547.s0.i1 -1.000000 -0.879143
DS1.d547.s1.i1 1.000000 0.808353
DS1.d547.s1.i0 1.000000 0.829617
DS1.d547.s1.i3 1.000000 1.340408
DS1.d547.s1.i2 1.000000 0.808353
DS1.d546.s0.i1 1.000000 0.960511
DS1.d546.s0.i0 1.000000 0.874562
DS1.d545.s0.i0 1.000000 0.977890
DS1.d545.s1.i0 1.000000 1.027091
DS1.d544.s0.i1 -1.000000 -1.090096
DS1.d544.s0.i0 -1.000000 -1.065468
DS1.d544.s0.i3 -1.000000 -0.792163
DS1.d544.s0.i2 -1.000000 -0.722371
DS1.d543.s0.i2 -1.000000 0.226779
DS1.d543.s0.i0 1.000000 0.327085
DS1.d543.s0.i1 1.000000 0.238089
DS1.d542.s1.i0 -1.000000 0.230340
DS1.d542.s0.i1 -1.000000 -0.282544
DS1.d542.s0.i0 1.000000 0.401213
DS1.d268.s0.i0 1.000000 0.773997
DS1.d268.s0.i1 1.000000 0.880121
DS1.d269.s1.i2 -1.000000 -0.324937
DS1.d269.s1.i0 1.000000 0.434453
DS1.d269.s1.i1 1.000000 0.380324
DS1.d269.s0.i0 1.000000 0.732991
DS1.d269.s2.i3 -1.000000 -0.912463
DS1.d269.s2.i2 1.000000 0.413823
DS1.d269.s2.i1 -1.000000 -0.856868
DS1.d269.s2.i0 -1.000000 -0.651613
DS1.d269.s2.i7 -1.000000 -0.788496
DS1.d269.s2.i6 -1.000000 -0.841458
DS1.d269.s2.i5 -1.000000 -0.517119
DS1.d269.s2.i4 1.000000 0.361518
DS1.d266.s0.i0 1.000000 0.271698
DS1.d267.s0.i0 1.000000 1.021497
DS1.d264.s0.i0 1.000000 0.627241
DS1.d264.s0.i1 1.000000 1.098529
DS1.d264.s1.i0 1.000000 0.167571
DS1.d265.s1.i2 1.000000 1.007273
DS1.d265.s1.i3 1.000000 1.022198
DS1.d265.s1.i0 1.000000 0.941019
DS1.d265.s1.i1 1.000000 1.071594
DS1.d265.s0.i1 -1.000000 -0.342901
DS1.d265.s0.i0 1.000000 0.747804
DS1.d262.s0.i0 -1.000000 -0.548924
DS1.d263.s1.i0 1.000000 1.078327
DS1.d263.s0.i7 1.000000 0.291111
DS1.d263.s0.i6 -1.000000 -0.232660
DS1.d263.s0.i5 -1.000000 -0.308111
DS1.d263.s0.i4 -1.000000 -0.300360
DS1.d263.s0.i3 1.000000 0.167236
DS1.d263.s0.i2 1.000000 0.272066
DS1.d263.s0.i1 -1.000000 -0.232203
DS1.d263.s0.i0 1.000000 0.271888
DS1.d263.s0.i10 1.000000 0.207274
DS1.d263.s0.i9 1.000000 0.264280
DS1.d263.s0.i8 -1.000000 -0.236417
DS1.d263.s0.i13 1.000000 0.266066
DS1.d263.s0.i11 -1.000000 -0.212432
DS1.d263.s0.i12 -1.000000 -0.235814
DS1.d260.s0.i0 1.000000 0.288998
DS1.d260.s0.i1 1.000000 0.584905
DS1.d260.s0.i2 -1.000000 0.000310
DS1.d260.s1.i1 1.000000 0.100145
DS1.d260.s1.i0 -1.000000 0.100145
DS1.d261.s0.i0 1.000000 0.998655
DS1.d588.s0.i0 1.000000 1.048764
DS1.d55.s0.i0 1.000000 0.610209
DS1.d613.s0.i0 1.000000 0.926782
DS1.d612.s0.i1 -1.000000 -0.130983
DS1.d612.s0.i0 1.000000 0.174896
DS1.d611.s0.i0 1.000000 0.941000
DS1.d610.s0.i0 1.000000 0.808733
DS1.d617.s0.i0 1.000000 0.921829
DS1.d617.s1.i9 -1.000000 -1.017286
DS1.d617.s1.i8 -1.000000 -1.090499
DS1.d617.s1.i1 -1.000000 -0.790489
DS1.d617.s1.i0 -1.000000 -0.859555
DS1.d617.s1.i3 -1.000000 -1.008837
DS1.d617.s1.i2 -1.000000 -0.858888
DS1.d617.s1.i5 -1.000000 -0.836246
DS1.d617.s1.i4 -1.000000 -1.112249
DS1.d617.s1.i7 -1.000000 -0.863836
DS1.d617.s1.i6 -1.000000 -1.012969
DS1.d615.s0.i0 1.000000 1.109574
DS1.d614.s0.i1 1.000000 0.844192
DS1.d614.s0.i0 1.000000 0.702882
DS1.d614.s0.i3 1.000000 0.686860
DS1.d614.s0.i2 1.000000 0.924089
DS1.d614.s0.i5 1.000000 0.454825
DS1.d614.s0.i4 -1.000000 0.457055
DS1.d169.s0.i0 1.000000 1.050586
DS1.d169.s0.i1 1.000000 1.032297
DS1.d169.s1.i5 1.000000 0.922234
DS1.d169.s1.i4 1.000000 0.939688
DS1.d169.s1.i1 1.000000 0.935609
DS1.d169.s1.i0 1.000000 0.955284
DS1.d169.s1.i3 1.000000 0.967863
DS1.d169.s1.i2 1.000000 0.948883
DS1.d168.s0.i0 1.000000 1.094700
DS1.d161.s0.i2 1.000000 0.938264
DS1.d161.s0.i3 1.000000 0.849080
DS1.d161.s0.i0 1.000000 0.912195
DS1.d161.s0.i1 1.000000 0.967700
DS1.d161.s0.i4 1.000000 0.957651
DS1.d161.s0.i5 1.000000 0.864113
DS1.d160.s0.i3 -1.000000 -0.979644
DS1.d160.s0.i2 -1.000000 -0.920238
DS1.d160.s0.i1 -1.000000 -1.058133
DS1.d160.s0.i0 -1.000000 -0.860122
DS1.d160.s0.i5 -1.000000 -0.860021
DS1.d160.s0.i4 -1.000000 -0.987055
DS1.d163.s0.i0 1.000000 0.904848
DS1.d163.s0.i1 1.000000 1.096550
DS1.d163.s0.i2 1.000000 0.948531
DS1.d162.s1.i0 1.000000 0.712326
DS1.d162.s0.i0 1.000000 0.852665
DS1.d165.s4.i0 1.000000 0.817442
DS1.d165.s4.i1 1.000000 0.916022
DS1.d165.s5.i1 1.000000 0.224584
DS1.d165.s5.i0 -1.000000 -0.365845
DS1.d165.s5.i3 1.000000 0.460651
DS1.d165.s5.i2 -1.000000 -0.114098
DS1.d165.s6.i4 1.000000 0.961230
DS1.d165.s6.i5 1.000000 0.946523
DS1.d165.s6.i0 1.000000 1.011248
DS1.d165.s6.i1 1.000000 0.941185
DS1.d165.s6.i2 1.000000 0.980472
DS1.d165.s6.i3 1.000000 0.923403
DS1.d165.s0.i4 1.000000 0.305954
DS1.d165.s0.i5 1.000000 0.687464
DS1.d165.s0.i2 -1.000000 -0.841810
DS1.d165.s0.i3 -1.000000 -0.716781
DS1.d165.s0.i0 -1.000000 -0.752412
DS1.d165.s0.i1 -1.000000 -0.593194
DS1.d165.s1.i1 1.000000 0.827143
DS1.d165.s1.i0 1.000000 0.818430
DS1.d165.s1.i3 1.000000 0.875951
DS1.d165.s1.i2 1.000000 0.924511
DS1.d165.s1.i5 1.000000 0.929327
DS1.d165.s1.i4 1.000000 0.981608
DS1.d165.s2.i0 1.000000 0.869948
DS1.d165.s2.i1 1.000000 0.934559
DS1.d165.s2.i2 1.000000 0.992631
DS1.d165.s2.i3 1.000000 0.921064
DS1.d165.s3.i2 -1.000000 -0.849517
DS1.d165.s3.i1 -1.000000 -0.822749
DS1.d165.s3.i0 -1.000000 -0.841524
DS1.d164.s0.i2 -1.000000 -0.793725
DS1.d164.s0.i1 -1.000000 -0.762435
DS1.d164.s0.i0 -1.000000 -0.731950
DS1.d167.s0.i0 1.000000 1.054501
DS1.d166.s0.i0 1.000000 0.856407
DS1.d644.s0.i0 -1.000000 0.010436
DS1.d646.s0.i4 1.000000 0.879543
DS1.d646.s0.i5 1.000000 0.945500
DS1.d646.s0.i0 1.000000 0.932251
DS1.d646.s0.i1 1.000000 0.940020
DS1.d646.s0.i2 1.000000 0.917055
DS1.d646.s0.i3 1.000000 0.975713
DS1.d647.s0.i0 -1.000000 -0.577228
DS1.d640.s0.i0 -1.000000 -0.808227
DS1.d641.s0.i1 1.000000 1.281858
DS1.d641.s0.i0 1.000000 0.812113
DS1.d642.s0.i0 -1.000000 -0.724793
DS1.d299.s0.i0 -1.000000 -0.741885
DS1.d299.s0.i1 -1.000000 -0.770425
DS1.d298.s0.i0 1.000000 0.644047
DS1.d297.s0.i0 1.000000 1.046741
DS1.d296.s0.i0 1.000000 0.974897
DS1.d295.s0.i0 1.000000 0.911030
DS1.d295.s1.i0 -1.000000 -0.755650
DS1.d294.s0.i1 1.000000 1.027180
DS1.d294.s0.i0 1.000000 1.002463
DS1.d294.s0.i2 1.000000 0.976269
DS1.d293.s0.i0 1.000000 0.583448
DS1.d293.s0.i1 1.000000 1.176254
DS1.d292.s0.i3 -1.000000 -0.899986
DS1.d292.s0.i2 -1.000000 -1.082136
DS1.d292.s0.i1 -1.000000 -0.960549
DS1.d292.s0.i0 -1.000000 -1.000509
DS1.d291.s0.i0 -1.000000 -0.754971
DS1.d769.s0.i0 1.000000 0.708932
DS1.d768.s0.i1 1.000000 0.987067
DS1.d768.s0.i0 1.000000 0.886309
DS1.d767.s0.i0 1.000000 0.281162
DS1.d766.s0.i3 -1.000000 -0.379903
DS1.d766.s0.i2 -1.000000 -0.835591
DS1.d766.s0.i1 -1.000000 -0.711889
DS1.d766.s0.i0 -1.000000 -1.311363
DS1.d765.s0.i0 -1.000000 -0.968454
DS1.d765.s0.i1 -1.000000 -0.763750
DS1.d765.s0.i2 -1.000000 -0.842928
DS1.d765.s0.i3 -1.000000 -0.877775
DS1.d765.s1.i3 -1.000000 -0.988594
DS1.d765.s1.i2 -1.000000 -0.769677
DS1.d765.s1.i1 -1.000000 -0.988594
DS1.d765.s1.i0 -1.000000 -0.769677
DS1.d764.s0.i5 -1.000000 -0.857314
DS1.d764.s0.i4 -1.000000 -0.754195
DS1.d764.s0.i1 -1.000000 -0.989066
DS1.d764.s0.i0 -1.000000 -1.127591
DS1.d764.s0.i3 -1.000000 -0.860647
DS1.d764.s0.i2 -1.000000 -0.973368
DS1.d763.s0.i0 -1.000000 0.649088
DS1.d763.s0.i1 1.000000 0.981972
DS1.d763.s1.i1 1.000000 0.770347
DS1.d763.s1.i0 1.000000 0.947416
DS1.d763.s2.i0 1.000000 0.756933
DS1.d721.s0.i4 -1.000000 -0.543118
DS1.d721.s0.i5 1.000000 0.022236
DS1.d721.s0.i0 -1.000000 -0.412605
DS1.d721.s0.i1 -1.000000 -0.474979
DS1.d721.s0.i2 -1.000000 -0.447361
DS1.d721.s0.i3 1.000000 0.017756
DS1.d761.s0.i0 -1.000000 -0.912889
DS1.d761.s0.i1 -1.000000 -0.897581
DS1.d761.s0.i2 -1.000000 -0.940866
DS1.d194.s0.i0 1.000000 1.057731
DS1.d194.s0.i1 1.000000 0.670736
DS1.d195.s0.i0 -1.000000 -0.589118
DS1.d196.s0.i0 1.000000 0.612197
DS1.d196.s0.i1 1.000000 1.092791
DS1.d196.s0.i2 1.000000 1.083372
DS1.d196.s0.i3 1.000000 1.003227
DS1.d196.s1.i0 -1.000000 0.659725
DS1.d197.s0.i1 1.000000 0.865415
DS1.d197.s0.i0 1.000000 1.059808
DS1.d190.s0.i0 1.000000 1.123843
DS1.d191.s0.i0 -1.000000 -0.837788
DS1.d440.s0.i0 1.000000 0.739199
DS1.d193.s1.i0 1.000000 0.789838
DS1.d193.s0.i0 1.000000 0.878414
DS1.d198.s0.i0 1.000000 0.854152
DS1.d198.s0.i1 1.000000 0.918460
DS1.d198.s1.i1 -1.000000 -0.940519
DS1.d198.s1.i0 -1.000000 -0.983906
DS1.d198.s1.i3 -1.000000 -0.926121
DS1.d198.s1.i2 -1.000000 -0.961654
DS1.d199.s0.i1 1.000000 0.972487
DS1.d199.s0.i0 1.000000 0.893595
DS1.d448.s2.i0 1.000000 0.817510
DS1.d448.s2.i1 1.000000 0.926950
DS1.d448.s3.i1 1.000000 0.762260
DS1.d448.s3.i0 1.000000 1.169292
DS1.d448.s0.i0 1.000000 0.986077
DS1.d448.s0.i1 1.000000 0.939485
DS1.d448.s1.i3 1.000000 1.002087
DS1.d448.s1.i2 1.000000 0.919507
DS1.d448.s1.i1 1.000000 1.113475
DS1.d448.s1.i0 1.000000 1.027398
DS1.d449.s0.i0 1.000000 0.873270
DS1.d23.s0.i13 -1.000000 -0.984285
DS1.d23.s0.i10 -1.000000 -1.054466
DS1.d23.s0.i11 -1.000000 -0.976425
DS1.d23.s0.i8 -1.000000 -1.120638
DS1.d23.s0.i9 -1.000000 -0.992224
DS1.d23.s0.i12 -1.000000 -1.089576
DS1.d23.s0.i2 -1.000000 -0.907152
DS1.d23.s0.i3 -1.000000 -0.901091
DS1.d23.s0.i0 -1.000000 -0.953740
DS1.d23.s0.i1 -1.000000 -1.007186
DS1.d23.s0.i6 -1.000000 -0.837977
DS1.d23.s0.i7 -1.000000 -0.946785
DS1.d23.s0.i4 -1.000000 -0.998659
DS1.d23.s0.i5 -1.000000 -1.003865
DS1.d22.s1.i0 1.000000 0.621476
DS1.d22.s0.i2 1.000000 0.930744
DS1.d22.s0.i1 1.000000 1.063836
DS1.d22.s0.i0 1.000000 0.920057
DS1.d21.s0.i0 1.000000 0.599742
DS1.d20.s0.i1 -1.000000 -1.124933
DS1.d20.s0.i0 -1.000000 -0.724144
DS1.d26.s0.i5 -1.000000 -0.955688
DS1.d26.s0.i4 -1.000000 -1.057258
DS1.d26.s0.i3 -1.000000 -0.894767
DS1.d26.s0.i2 -1.000000 -0.858450
DS1.d26.s0.i1 -1.000000 -0.972815
DS1.d26.s0.i0 -1.000000 -0.945401
DS1.d24.s1.i0 1.000000 0.917720
DS1.d24.s0.i0 -1.000000 -0.229878
DS1.d29.s0.i10 -1.000000 -0.896868
DS1.d29.s0.i11 -1.000000 -0.916496
DS1.d29.s0.i8 -1.000000 -1.070800
DS1.d29.s0.i9 -1.000000 -1.082025
DS1.d29.s0.i4 -1.000000 -0.794563
DS1.d29.s0.i5 -1.000000 -0.743985
DS1.d29.s0.i6 -1.000000 -0.904835
DS1.d29.s0.i7 -1.000000 -1.114793
DS1.d29.s0.i0 -1.000000 -1.105993
DS1.d29.s0.i1 -1.000000 -0.890291
DS1.d29.s0.i2 -1.000000 -1.170518
DS1.d29.s0.i3 -1.000000 -1.075736
DS1.d28.s1.i0 1.000000 0.914417
DS1.d28.s1.i1 1.000000 1.016580
DS1.d28.s0.i1 1.000000 1.360128
DS1.d28.s0.i0 1.000000 1.184405
DS1.d28.s0.i2 1.000000 1.431811
DS1.d670.s0.i1 1.000000 0.946738
DS1.d670.s0.i0 1.000000 0.859323
DS1.d583.s0.i0 1.000000 0.774680
DS1.d582.s0.i1 1.000000 0.931782
DS1.d582.s0.i0 1.000000 0.771040
DS1.d228.s0.i0 1.000000 0.887423
DS1.d228.s1.i1 1.000000 0.926899
DS1.d228.s1.i0 1.000000 0.826603
DS1.d229.s0.i0 1.000000 0.880706
DS1.d587.s0.i0 1.000000 0.965104
DS1.d586.s0.i0 1.000000 0.977454
DS1.d585.s0.i0 -1.000000 -0.859631
DS1.d585.s0.i1 -1.000000 -0.869372
DS1.d585.s0.i2 -1.000000 -0.994537
DS1.d584.s0.i0 -1.000000 0.358075
DS1.d222.s0.i0 1.000000 0.760452
DS1.d220.s0.i0 -1.000000 -0.737064
DS1.d220.s0.i1 -1.000000 -1.001482
DS1.d220.s1.i1 1.000000 0.107200
DS1.d220.s1.i0 -1.000000 -0.389962
DS1.d221.s0.i0 1.000000 0.914920
DS1.d226.s0.i0 1.000000 0.964422
DS1.d227.s0.i1 1.000000 0.815469
DS1.d227.s0.i0 1.000000 0.815469
DS1.d224.s0.i0 1.000000 0.894102
DS1.d224.s1.i0 1.000000 0.767694
DS1.d225.s1.i0 1.000000 0.650113
DS1.d225.s0.i0 1.000000 0.848619
DS1.d341.s0.i0 1.000000 1.017146
DS1.d341.s0.i1 1.000000 0.912716
DS1.d341.s1.i1 1.000000 0.845942
DS1.d341.s1.i0 1.000000 0.940069
DS1.d341.s2.i0 1.000000 0.950159
DS1.d341.s2.i1 1.000000 0.774111
DS1.d340.s0.i0 -1.000000 -0.793620
DS1.d343.s0.i0 1.000000 0.897283
DS1.d343.s0.i1 1.000000 0.897283
DS1.d342.s0.i1 -1.000000 -0.850732
DS1.d342.s0.i0 -1.000000 -0.850732
DS1.d345.s0.i0 1.000000 0.813510
DS1.d345.s1.i1 1.000000 0.763146
DS1.d345.s1.i0 1.000000 0.737338
DS1.d345.s2.i0 1.000000 0.882573
DS1.d345.s2.i1 1.000000 0.926359
DS1.d345.s2.i2 1.000000 0.905232
DS1.d345.s2.i3 1.000000 0.990095
DS1.d345.s3.i2 1.000000 0.983935
DS1.d345.s3.i1 1.000000 0.977434
DS1.d345.s3.i0 1.000000 0.850402
DS1.d616.s2.i1 1.000000 1.000155
DS1.d616.s2.i0 1.000000 0.862107
DS1.d616.s1.i0 1.000000 0.877061
DS1.d616.s1.i1 1.000000 0.819065
DS1.d616.s0.i9 -1.000000 -0.084517
DS1.d616.s0.i8 1.000000 0.566796
DS1.d616.s0.i7 1.000000 0.585797
DS1.d616.s0.i6 1.000000 0.816734
DS1.d616.s0.i5 1.000000 0.641424
DS1.d616.s0.i4 1.000000 0.449319
DS1.d616.s0.i3 1.000000 0.607577
DS1.d616.s0.i2 1.000000 0.828066
DS1.d616.s0.i1 -1.000000 -0.021199
DS1.d616.s0.i0 1.000000 0.628371
DS1.d616.s0.i19 1.000000 0.638324
DS1.d616.s0.i18 1.000000 0.477138
DS1.d616.s0.i17 1.000000 0.717022
DS1.d616.s0.i16 -1.000000 -0.120687
DS1.d616.s0.i15 1.000000 0.734674
DS1.d616.s0.i14 -1.000000 -0.049683
DS1.d616.s0.i13 1.000000 0.667981
DS1.d616.s0.i12 1.000000 0.705806
DS1.d616.s0.i11 1.000000 0.856603
DS1.d616.s0.i10 -1.000000 -0.126765
DS1.d347.s0.i0 1.000000 0.993553
DS1.d347.s1.i3 -1.000000 -0.952203
DS1.d347.s1.i2 -1.000000 -0.908561
DS1.d347.s1.i1 -1.000000 -1.015005
DS1.d347.s1.i0 -1.000000 -0.925331
DS1.d347.s1.i5 -1.000000 -0.926736
DS1.d347.s1.i4 -1.000000 -1.008003
DS1.d346.s1.i0 -1.000000 -0.853843
DS1.d346.s1.i1 -1.000000 -0.509817
DS1.d346.s0.i0 1.000000 0.813064
DS1.d349.s0.i0 -1.000000 0.211052
DS1.d348.s0.i0 -1.000000 -0.754819
DS1.d619.s0.i0 1.000000 0.781091
DS1.d618.s1.i0 1.000000 0.901106
DS1.d618.s0.i1 1.000000 1.087870
DS1.d618.s0.i0 1.000000 0.902815
DS1.d142.s0.i1 1.000000 0.885081
DS1.d142.s0.i0 1.000000 1.082267
DS1.d679.s0.i0 -1.000000 -0.157197
DS1.d678.s0.i3 -1.000000 -1.050404
DS1.d678.s0.i2 -1.000000 -0.774612
DS1.d678.s0.i1 -1.000000 -1.086443
DS1.d678.s0.i0 -1.000000 -0.861058
DS1.d797.s1.i0 1.000000 0.863316
DS1.d797.s1.i1 1.000000 0.845939
DS1.d797.s1.i2 1.000000 0.908602
DS1.d797.s0.i0 1.000000 0.595283
DS1.d794.s0.i0 1.000000 0.901501
DS1.d794.s0.i1 1.000000 0.891442
DS1.d538.s0.i0 1.000000 0.816749
DS1.d538.s1.i0 1.000000 0.729611
DS1.d539.s0.i1 -1.000000 -0.457125
DS1.d539.s0.i0 1.000000 0.477384
DS1.d536.s0.i2 1.000000 0.944760
DS1.d536.s0.i3 1.000000 0.947207
DS1.d536.s0.i0 1.000000 1.069323
DS1.d536.s0.i1 1.000000 0.884556
DS1.d536.s1.i1 1.000000 0.581673
DS1.d536.s1.i0 -1.000000 -0.459226
DS1.d537.s0.i2 -1.000000 -0.835929
DS1.d537.s0.i1 -1.000000 -0.926536
DS1.d537.s0.i0 -1.000000 -1.108134
DS1.d534.s2.i0 1.000000 0.984081
DS1.d534.s0.i4 1.000000 0.876854
DS1.d534.s0.i5 1.000000 0.937640
DS1.d534.s0.i0 1.000000 0.974197
DS1.d534.s0.i1 1.000000 1.016589
DS1.d534.s0.i2 1.000000 1.065475
DS1.d534.s0.i3 1.000000 0.906799
DS1.d534.s1.i0 1.000000 0.811042
DS1.d535.s0.i1 -1.000000 -0.745290
DS1.d535.s0.i0 -1.000000 -0.966547
DS1.d532.s0.i0 -1.000000 -0.048070
DS1.d533.s0.i1 1.000000 0.539661
DS1.d533.s0.i0 1.000000 0.940422
DS1.d530.s0.i0 -1.000000 -0.252461
DS1.d531.s0.i1 1.000000 0.998254
DS1.d531.s0.i0 1.000000 0.984504
DS1.d531.s0.i3 1.000000 0.988607
DS1.d531.s0.i2 1.000000 0.688616
DS1.d531.s0.i4 1.000000 1.008332
DS1.d125.s0.i0 1.000000 1.186182
DS1.d125.s0.i1 1.000000 1.115297
DS1.d124.s0.i3 1.000000 0.920710
DS1.d124.s0.i2 1.000000 0.905970
DS1.d124.s0.i1 1.000000 1.007981
DS1.d124.s0.i0 1.000000 1.060982
DS1.d124.s0.i5 1.000000 0.970291
DS1.d124.s0.i4 1.000000 0.996134
DS1.d127.s0.i0 -1.000000 0.396231
DS1.d126.s0.i0 1.000000 1.007349
DS1.d121.s0.i0 1.000000 0.972485
DS1.d121.s0.i1 -1.000000 -0.664157
DS1.d121.s1.i1 1.000000 0.384967
DS1.d121.s1.i0 -1.000000 -0.371486
DS1.d121.s1.i3 1.000000 0.332251
DS1.d121.s1.i2 -1.000000 -0.448842
DS1.d121.s2.i0 1.000000 0.380376
DS1.d120.s0.i5 -1.000000 -0.873087
DS1.d120.s0.i4 -1.000000 -0.946446
DS1.d120.s0.i3 -1.000000 -0.978201
DS1.d120.s0.i2 -1.000000 -0.849218
DS1.d120.s0.i1 -1.000000 -0.939360
DS1.d120.s0.i0 -1.000000 -0.964499
DS1.d123.s0.i0 -1.000000 -0.851943
DS1.d122.s0.i0 1.000000 0.823152
DS1.d129.s0.i0 1.000000 0.979450
DS1.d128.s0.i0 1.000000 0.716530
DS1.d429.s0.i1 -1.000000 -0.942175
DS1.d429.s0.i0 -1.000000 -0.691830
DS1.d478.s0.i0 1.000000 1.137844
DS1.d420.s0.i0 1.000000 0.893551
DS1.d420.s1.i0 1.000000 0.236427
DS1.d421.s1.i0 1.000000 0.863913
DS1.d421.s0.i0 -1.000000 -0.575557
DS1.d392.s0.i0 1.000000 0.844848
DS1.d393.s1.i0 -1.000000 -0.802609
DS1.d393.s1.i1 -1.000000 -0.743316
DS1.d393.s1.i2 -1.000000 -1.061833
DS1.d393.s1.i3 -1.000000 -1.004341
DS1.d393.s0.i3 -1.000000 -0.847528
DS1.d393.s0.i2 -1.000000 -0.921249
DS1.d393.s0.i1 -1.000000 -0.970432
DS1.d393.s0.i0 -1.000000 -0.907752
DS1.d390.s0.i4 -1.000000 -0.900867
DS1.d390.s0.i5 -1.000000 -0.893779
DS1.d390.s0.i0 -1.000000 -0.973690
DS1.d390.s0.i1 -1.000000 -0.877208
DS1.d390.s0.i2 -1.000000 -0.874984
DS1.d390.s0.i3 -1.000000 -0.890733
DS1.d391.s0.i1 1.000000 0.904833
DS1.d391.s0.i0 1.000000 1.084771
DS1.d396.s0.i0 -1.000000 0.438007
DS1.d397.s0.i2 1.000000 -0.355503
DS1.d397.s0.i1 -1.000000 -0.366568
DS1.d397.s0.i0 -1.000000 -0.244008
DS1.d394.s0.i0 1.000000 0.816346
DS1.d394.s0.i1 1.000000 1.117939
DS1.d395.s1.i0 1.000000 0.262037
DS1.d395.s0.i1 1.000000 0.884915
DS1.d395.s0.i0 1.000000 1.120871
DS1.d398.s0.i0 1.000000 0.877694
DS1.d399.s0.i0 1.000000 1.040219
DS1.d402.s0.i2 1.000000 0.617658
DS1.d402.s0.i0 -1.000000 -0.148675
DS1.d402.s0.i1 1.000000 0.671203
DS1.d402.s1.i1 -1.000000 -0.860711
DS1.d402.s1.i0 -1.000000 -0.923712
DS1.d402.s2.i0 1.000000 0.549539
DS1.d402.s2.i1 1.000000 0.787747
DS1.d402.s2.i2 -1.000000 0.010573
DS1.d402.s2.i3 1.000000 0.643474
DS1.d402.s3.i2 1.000000 0.777412
DS1.d402.s3.i1 -1.000000 -0.297381
DS1.d402.s3.i0 1.000000 0.533246
DS1.d151.s0.i0 -1.000000 -0.535724
DS1.d152.s0.i0 1.000000 0.916273
DS1.d152.s0.i1 1.000000 0.606303
DS1.d152.s1.i0 1.000000 0.619668
DS1.d153.s0.i1 -1.000000 -0.023293
DS1.d153.s0.i0 -1.000000 -0.112439
DS1.d406.s0.i0 -1.000000 -0.862131
DS1.d155.s0.i2 1.000000 1.010822
DS1.d155.s0.i1 1.000000 0.864980
DS1.d155.s0.i0 1.000000 0.827999
DS1.d404.s0.i0 1.000000 1.039939
DS1.d404.s0.i1 1.000000 1.100397
DS1.d404.s0.i2 1.000000 0.764377
DS1.d404.s0.i3 1.000000 0.693442
DS1.d157.s0.i0 1.000000 0.973915
DS1.d158.s0.i0 1.000000 0.908873
DS1.d158.s0.i1 1.000000 0.825084
DS1.d159.s0.i3 -1.000000 -1.043633
DS1.d159.s0.i2 -1.000000 -0.953397
DS1.d159.s0.i1 -1.000000 -1.060474
DS1.d159.s0.i0 -1.000000 -0.885051
DS1.d159.s0.i5 -1.000000 -1.091520
DS1.d159.s0.i4 -1.000000 -0.891882
DS1.d408.s0.i0 1.000000 1.037258
DS1.d408.s0.i1 1.000000 0.920231
DS1.d781.s0.i0 1.000000 0.997339
DS1.d781.s1.i1 1.000000 1.090862
DS1.d781.s1.i0 1.000000 0.897516
DS1.d143.s0.i2 1.000000 0.907853
DS1.d143.s0.i3 1.000000 0.769569
DS1.d143.s0.i0 1.000000 0.955739
DS1.d143.s0.i1 1.000000 0.794331
DS1.d783.s0.i0 -1.000000 -0.816907
DS1.d782.s0.i0 1.000000 0.594884
DS1.d785.s0.i0 1.000000 0.802370
DS1.d785.s0.i1 1.000000 0.315205
DS1.d784.s1.i0 1.000000 0.762381
DS1.d784.s0.i0 1.000000 1.009946
DS1.d787.s0.i0 1.000000 1.084420
DS1.d787.s0.i1 1.000000 0.835982
DS1.d787.s1.i0 1.000000 1.304435
DS1.d786.s1.i0 1.000000 0.996369
DS1.d786.s0.i0 1.000000 0.812818
DS1.d789.s0.i0 1.000000 0.879618
DS1.d789.s0.i1 1.000000 0.879618
DS1.d788.s0.i39 -1.000000 -0.893390
DS1.d788.s0.i38 -1.000000 -0.947553
DS1.d788.s0.i35 -1.000000 -0.924744
DS1.d788.s0.i34 -1.000000 -1.016546
DS1.d788.s0.i37 -1.000000 -1.012184
DS1.d788.s0.i36 -1.000000 -0.945095
DS1.d788.s0.i31 -1.000000 -0.986237
DS1.d788.s0.i30 -1.000000 -1.024770
DS1.d788.s0.i33 -1.000000 -1.097799
DS1.d788.s0.i32 -1.000000 -0.900636
DS1.d788.s0.i13 -1.000000 -0.934738
DS1.d788.s0.i12 -1.000000 -1.035560
DS1.d788.s0.i11 -1.000000 -0.987663
DS1.d788.s0.i10 -1.000000 -0.957129
DS1.d788.s0.i17 -1.000000 -1.047230
DS1.d788.s0.i16 -1.000000 -1.029643
DS1.d788.s0.i15 -1.000000 -0.997772
DS1.d788.s0.i14 -1.000000 -1.038110
DS1.d788.s0.i19 -1.000000 -0.949107
DS1.d788.s0.i18 -1.000000 -1.014124
DS1.d788.s0.i9 -1.000000 -1.039333
DS1.d788.s0.i8 -1.000000 -1.040898
DS1.d788.s0.i3 -1.000000 -1.061114
DS1.d788.s0.i2 -1.000000 -1.012841
DS1.d788.s0.i1 -1.000000 -0.983047
DS1.d788.s0.i0 -1.000000 -0.949326
DS1.d788.s0.i7 -1.000000 -1.019782
DS1.d788.s0.i6 -1.000000 -1.053326
DS1.d788.s0.i5 -1.000000 -0.887680
DS1.d788.s0.i4 -1.000000 -0.987536
DS1.d788.s0.i28 -1.000000 -1.017577
DS1.d788.s0.i29 -1.000000 -0.990895
DS1.d788.s0.i22 -1.000000 -0.936285
DS1.d788.s0.i23 -1.000000 -1.070725
DS1.d788.s0.i20 -1.000000 -1.029660
DS1.d788.s0.i21 -1.000000 -0.942975
DS1.d788.s0.i26 -1.000000 -1.067676
DS1.d788.s0.i27 -1.000000 -0.843287
DS1.d788.s0.i24 -1.000000 -1.033033
DS1.d788.s0.i25 -1.000000 -1.057833
DS1.d140.s0.i1 1.000000 0.830669
DS1.d140.s0.i0 1.000000 0.967956
DS1.d140.s0.i2 1.000000 0.905697
DS1.d58.s2.i0 1.000000 0.995117
DS1.d58.s3.i0 1.000000 0.878044
DS1.d58.s0.i0 -1.000000 -0.749596
DS1.d58.s1.i1 1.000000 0.974942
DS1.d58.s1.i0 1.000000 0.663218
DS1.d147.s0.i2 -1.000000 -1.063912
DS1.d147.s0.i3 -1.000000 -0.614784
DS1.d147.s0.i0 -1.000000 -1.078162
DS1.d147.s0.i1 -1.000000 -0.702032
DS1.d59.s0.i28 -1.000000 -1.033152
DS1.d59.s0.i29 -1.000000 -0.996728
DS1.d59.s0.i24 -1.000000 -1.003576
DS1.d59.s0.i25 -1.000000 -0.929502
DS1.d59.s0.i26 -1.000000 -1.040605
DS1.d59.s0.i27 -1.000000 -0.956468
DS1.d59.s0.i20 -1.000000 -0.995785
DS1.d59.s0.i21 -1.000000 -0.993982
DS1.d59.s0.i22 -1.000000 -1.091155
DS1.d59.s0.i23 -1.000000 -1.064770
DS1.d59.s0.i44 -1.000000 -1.010688
DS1.d59.s0.i42 -1.000000 -0.950922
DS1.d59.s0.i43 -1.000000 -1.028737
DS1.d59.s0.i40 -1.000000 -0.935951
DS1.d59.s0.i41 -1.000000 -1.076929
DS1.d59.s0.i39 -1.000000 -0.968382
DS1.d59.s0.i38 -1.000000 -1.048524
DS1.d59.s0.i33 -1.000000 -1.031212
DS1.d59.s0.i32 -1.000000 -0.985804
DS1.d59.s0.i31 -1.000000 -0.958672
DS1.d59.s0.i30 -1.000000 -1.087268
DS1.d59.s0.i37 -1.000000 -1.029663
DS1.d59.s0.i36 -1.000000 -1.011696
DS1.d59.s0.i35 -1.000000 -1.087102
DS1.d59.s0.i34 -1.000000 -0.899578
DS1.d59.s0.i11 -1.000000 -0.933914
DS1.d59.s0.i10 -1.000000 -1.029845
DS1.d59.s0.i13 -1.000000 -0.959844
DS1.d59.s0.i12 -1.000000 -0.985161
DS1.d59.s0.i15 -1.000000 -0.847944
DS1.d59.s0.i14 -1.000000 -0.970395
DS1.d59.s0.i17 -1.000000 -0.982850
DS1.d59.s0.i16 -1.000000 -0.915907
DS1.d59.s0.i19 -1.000000 -0.905769
DS1.d59.s0.i18 -1.000000 -1.013915
DS1.d59.s0.i9 -1.000000 -1.001343
DS1.d59.s0.i8 -1.000000 -1.101716
DS1.d59.s0.i1 -1.000000 -0.934550
DS1.d59.s0.i0 -1.000000 -1.056789
DS1.d59.s0.i3 -1.000000 -0.897924
DS1.d59.s0.i2 -1.000000 -0.940601
DS1.d59.s0.i5 -1.000000 -0.975176
DS1.d59.s0.i4 -1.000000 -1.056835
DS1.d59.s0.i7 -1.000000 -1.126494
DS1.d59.s0.i6 -1.000000 -1.028435
DS1.d146.s0.i1 1.000000 0.928199
DS1.d146.s0.i0 1.000000 1.008846
DS1.d309.s0.i0 1.000000 1.046339
DS1.d309.s1.i1 -1.000000 -0.900887
DS1.d309.s1.i0 -1.000000 -0.769960
DS1.d309.s1.i2 -1.000000 -0.829576
DS1.d309.s2.i0 1.000000 0.877087
DS1.d309.s2.i1 1.000000 0.672932
DS1.d308.s3.i0 1.000000 1.170975
DS1.d308.s3.i1 1.000000 1.283813
DS1.d308.s2.i0 1.000000 0.854547
DS1.d308.s1.i0 1.000000 0.947276
DS1.d308.s1.i1 1.000000 1.004120
DS1.d308.s1.i2 1.000000 0.907068
DS1.d308.s0.i1 1.000000 0.999017
DS1.d308.s0.i0 1.000000 0.966662
DS1.d308.s5.i0 1.000000 1.018586
DS1.d308.s5.i1 1.000000 1.018586
DS1.d308.s4.i1 1.000000 1.003207
DS1.d308.s4.i0 1.000000 1.003207
DS1.d659.s0.i0 1.000000 1.003880
DS1.d658.s0.i0 1.000000 1.029931
DS1.d657.s0.i0 -1.000000 -0.589120
DS1.d304.s0.i0 -1.000000 0.475351
DS1.d307.s0.i0 1.000000 0.916802
DS1.d307.s1.i0 1.000000 0.936167
DS1.d144.s0.i0 -1.000000 -0.519458
DS1.d301.s0.i0 1.000000 0.927923
DS1.d301.s0.i1 1.000000 0.841043
DS1.d300.s1.i0 -1.000000 -0.752176
DS1.d300.s0.i0 1.000000 0.435971
DS1.d303.s0.i0 1.000000 0.342072
DS1.d303.s0.i1 -1.000000 -0.384767
DS1.d302.s0.i0 1.000000 0.436172
DS1.d716.s0.i2 1.000000 0.932729
DS1.d716.s0.i3 1.000000 0.994131
DS1.d716.s0.i0 1.000000 0.971935
DS1.d716.s0.i1 -1.000000 -0.649950
DS1.d717.s0.i0 1.000000 0.882528
DS1.d714.s2.i0 -1.000000 -0.849642
DS1.d714.s0.i0 -1.000000 -0.905105
DS1.d714.s0.i1 -1.000000 -0.841321
DS1.d714.s1.i0 -1.000000 -0.018851
DS1.d715.s0.i0 1.000000 0.988618
DS1.d499.s0.i0 1.000000 0.897938
DS1.d499.s0.i1 1.000000 0.730303
DS1.d498.s0.i1 1.000000 0.811184
DS1.d498.s0.i0 1.000000 0.811184
DS1.d710.s0.i0 -1.000000 -0.080638
DS1.d711.s0.i0 -1.000000 -0.763034
DS1.d495.s0.i0 1.000000 0.865010
DS1.d494.s0.i1 1.000000 1.044689
DS1.d494.s0.i0 1.000000 1.013596
DS1.d497.s0.i0 1.000000 0.887457
DS1.d497.s1.i1 1.000000 0.852715
DS1.d497.s1.i0 1.000000 0.797505
DS1.d496.s1.i0 1.000000 0.887406
DS1.d496.s0.i1 -1.000000 -0.839448
DS1.d496.s0.i0 -1.000000 -0.936834
DS1.d491.s0.i0 1.000000 0.719943
DS1.d491.s0.i1 1.000000 0.956483
DS1.d491.s1.i0 -1.000000 -0.619988
DS1.d490.s0.i1 1.000000 0.813625
DS1.d490.s0.i0 1.000000 0.813625
DS1.d718.s2.i2 1.000000 0.823135
DS1.d718.s2.i3 1.000000 0.845473
DS1.d718.s2.i0 1.000000 0.734708
DS1.d718.s2.i1 1.000000 1.024660
DS1.d718.s0.i0 -1.000000 -0.950000
DS1.d718.s0.i1 -1.000000 -0.795171
DS1.d718.s1.i3 -1.000000 -1.041411
DS1.d718.s1.i2 -1.000000 -0.999698
DS1.d718.s1.i1 -1.000000 -1.001097
DS1.d718.s1.i0 -1.000000 -1.032564
DS1.d718.s1.i7 -1.000000 -1.020257
DS1.d718.s1.i6 -1.000000 -1.045291
DS1.d718.s1.i5 -1.000000 -1.020752
DS1.d718.s1.i4 -1.000000 -1.034798
DS1.d718.s1.i9 -1.000000 -1.061674
DS1.d718.s1.i8 -1.000000 -1.020452
DS1.d718.s1.i19 -1.000000 -1.021422
DS1.d718.s1.i18 -1.000000 -0.864001
DS1.d718.s1.i13 -1.000000 -0.988752
DS1.d718.s1.i12 -1.000000 -1.031914
DS1.d718.s1.i11 -1.000000 -0.999570
DS1.d718.s1.i10 -1.000000 -0.985408
DS1.d718.s1.i17 -1.000000 -0.955165
DS1.d718.s1.i16 -1.000000 -1.012191
DS1.d718.s1.i15 -1.000000 -1.024399
DS1.d718.s1.i14 -1.000000 -0.980160
DS1.d492.s1.i2 1.000000 0.902812
DS1.d492.s1.i0 1.000000 0.765786
DS1.d492.s1.i1 1.000000 0.943192
DS1.d492.s0.i1 -1.000000 -0.255655
DS1.d492.s0.i0 1.000000 0.436504
DS1.d492.s3.i0 -1.000000 -0.799641
DS1.d492.s2.i0 1.000000 0.733700
DS1.d78.s0.i0 -1.000000 -0.013582
DS1.d78.s1.i0 -1.000000 -0.727085
DS1.d79.s0.i0 -1.000000 0.583695
DS1.d74.s0.i0 1.000000 0.881405
DS1.d75.s0.i0 -1.000000 -0.860642
DS1.d76.s0.i0 1.000000 0.883038
DS1.d76.s0.i1 1.000000 0.873456
DS1.d76.s0.i2 1.000000 0.912301
DS1.d76.s0.i3 1.000000 0.845399
DS1.d76.s1.i3 1.000000 0.669960
DS1.d76.s1.i2 1.000000 1.167587
DS1.d76.s1.i1 1.000000 0.643944
DS1.d76.s1.i0 1.000000 1.184545
DS1.d77.s0.i1 -1.000000 -0.028090
DS1.d77.s0.i0 1.000000 0.203468
DS1.d71.s0.i0 1.000000 0.909664
DS1.d72.s0.i0 -1.000000 -0.802569
DS1.d72.s0.i1 -1.000000 -0.811887
DS1.d73.s0.i1 -1.000000 -1.053346
DS1.d73.s0.i0 -1.000000 -0.954132
DS1.d578.s0.i0 1.000000 1.058736
DS1.d578.s0.i1 1.000000 1.010212
DS1.d578.s0.i2 1.000000 0.899062
DS1.d579.s0.i1 -1.000000 -0.798968
DS1.d579.s0.i0 -1.000000 -0.897702
DS1.d579.s0.i3 -1.000000 -0.912699
DS1.d579.s0.i2 -1.000000 -0.913090
DS1.d572.s0.i0 -1.000000 0.263061
DS1.d572.s0.i1 -1.000000 0.124971
DS1.d573.s0.i3 1.000000 0.938649
DS1.d573.s0.i2 1.000000 1.029010
DS1.d573.s0.i1 1.000000 0.849357
DS1.d573.s0.i0 1.000000 1.113173
DS1.d570.s2.i0 1.000000 0.805182
DS1.d570.s3.i0 1.000000 0.927706
DS1.d570.s0.i0 1.000000 1.034300
DS1.d570.s1.i0 1.000000 0.900547
DS1.d571.s0.i0 -1.000000 -0.969738
DS1.d577.s0.i2 -1.000000 -0.882470
DS1.d577.s0.i1 -1.000000 -0.862348
DS1.d577.s0.i0 -1.000000 -0.829580
DS1.d574.s0.i0 -1.000000 -0.975343
DS1.d574.s0.i1 -1.000000 -1.011759
DS1.d574.s0.i2 -1.000000 -0.908432
DS1.d574.s0.i3 -1.000000 -0.895373
DS1.d575.s1.i0 1.000000 0.851159
DS1.d575.s1.i1 1.000000 0.947143
DS1.d575.s0.i0 1.000000 0.825876
DS1.d575.s2.i0 -1.000000 -0.612385
DS1.d271.s0.i0 1.000000 0.184002
DS1.d271.s1.i0 1.000000 0.567434
DS1.d271.s2.i0 -1.000000 0.047202
DS1.d379.s0.i1 -1.000000 -0.942403
DS1.d379.s0.i0 -1.000000 -0.847669
DS1.d273.s0.i0 1.000000 0.997641
DS1.d273.s1.i1 1.000000 0.826296
DS1.d273.s1.i0 1.000000 0.435847
DS1.d272.s1.i2 1.000000 0.830474
DS1.d272.s1.i0 1.000000 0.760109
DS1.d272.s1.i1 1.000000 0.920224
DS1.d272.s0.i1 1.000000 1.008274
DS1.d272.s0.i0 1.000000 0.901895
DS1.d272.s0.i2 1.000000 0.921843
DS1.d272.s3.i0 1.000000 0.905410
DS1.d272.s2.i0 1.000000 0.772761
DS1.d272.s4.i0 -1.000000 -0.410176
DS1.d275.s0.i0 1.000000 0.154777
DS1.d275.s0.i1 -1.000000 -0.198725
DS1.d274.s0.i0 1.000000 0.867444
DS1.d276.s0.i1 -1.000000 -0.745424
DS1.d276.s0.i0 -1.000000 -0.798997
DS1.d276.s0.i2 -1.000000 -0.783471
DS1.d370.s0.i0 1.000000 0.912931
DS1.d278.s0.i3 1.000000 0.973678
DS1.d278.s0.i2 1.000000 0.957929
DS1.d278.s0.i1 1.000000 0.957929
DS1.d278.s0.i0 1.000000 0.973678
DS1.d372.s0.i0 1.000000 0.908213
DS1.d372.s0.i1 1.000000 0.928462
DS1.d372.s1.i3 -1.000000 -0.333421
DS1.d372.s1.i2 1.000000 0.524343
DS1.d372.s1.i1 -1.000000 -0.354128
DS1.d372.s1.i0 1.000000 0.532163
DS1.d373.s0.i0 -1.000000 0.426285
DS1.d374.s0.i0 1.000000 0.742588
DS1.d374.s1.i1 1.000000 1.336926
DS1.d374.s1.i0 1.000000 1.365570
DS1.d375.s3.i2 1.000000 0.736736
DS1.d375.s3.i3 1.000000 1.282398
DS1.d375.s3.i0 1.000000 1.282398
DS1.d375.s3.i1 1.000000 0.736736
DS1.d375.s2.i0 1.000000 1.023968
DS1.d375.s1.i0 1.000000 1.023809
DS1.d375.s0.i2 1.000000 1.105009
DS1.d375.s0.i1 1.000000 0.934675
DS1.d375.s0.i0 1.000000 1.034895
DS1.d375.s5.i0 1.000000 0.951331
DS1.d375.s5.i1 1.000000 1.010001
DS1.d375.s5.i2 1.000000 0.993241
DS1.d375.s5.i3 1.000000 0.906043
DS1.d375.s4.i1 1.000000 0.900368
DS1.d375.s4.i0 1.000000 1.206031
DS1.d376.s0.i0 -1.000000 -0.365911
DS1.d376.s0.i1 1.000000 0.699650
DS1.d376.s1.i2 -1.000000 -0.474299
DS1.d376.s1.i1 -1.000000 -0.169060
DS1.d376.s1.i0 -1.000000 -0.463218
DS1.d540.s1.i0 -1.000000 -0.849427
DS1.d540.s0.i0 1.000000 1.055702
DS1.d549.s2.i0 1.000000 0.943997
DS1.d549.s2.i1 1.000000 1.051388
DS1.d549.s3.i1 1.000000 -0.037553
DS1.d549.s3.i0 -1.000000 -0.776074
DS1.d549.s3.i2 -1.000000 -0.284197
DS1.d549.s0.i0 -1.000000 -0.885987
DS1.d549.s0.i1 -1.000000 -0.916655
DS1.d549.s0.i2 -1.000000 -0.866481
DS1.d549.s1.i1 -1.000000 -0.499788
DS1.d549.s1.i0 1.000000 0.282061
DS1.d548.s0.i1 -1.000000 -0.826733
DS1.d548.s0.i0 -1.000000 -0.832078
DS1.d118.s0.i0 1.000000 0.744084
DS1.d118.s1.i0 1.000000 0.576957
DS1.d118.s2.i0 1.000000 1.131147
DS1.d119.s0.i2 -1.000000 -0.946202
DS1.d119.s0.i1 -1.000000 -0.909577
DS1.d119.s0.i0 -1.000000 -0.842697
DS1.d114.s0.i0 1.000000 0.704984
DS1.d115.s0.i1 1.000000 0.331911
DS1.d115.s0.i0 -1.000000 -0.351415
DS1.d116.s0.i0 1.000000 0.908840
DS1.d116.s0.i1 1.000000 0.796639
DS1.d116.s0.i2 1.000000 0.886157
DS1.d117.s1.i0 1.000000 0.222126
DS1.d117.s1.i1 -1.000000 -0.172323
DS1.d117.s0.i0 1.000000 0.710985
DS1.d117.s3.i0 1.000000 0.807275
DS1.d117.s3.i1 1.000000 0.994287
DS1.d117.s3.i2 1.000000 0.951309
DS1.d117.s3.i3 1.000000 0.956372
DS1.d117.s2.i3 -1.000000 0.199018
DS1.d117.s2.i2 -1.000000 -0.255121
DS1.d117.s2.i1 1.000000 -0.048933
DS1.d117.s2.i0 1.000000 0.164826
DS1.d110.s0.i0 1.000000 0.966095
DS1.d111.s0.i5 1.000000 0.661361
DS1.d111.s0.i4 -1.000000 -0.260040
DS1.d111.s0.i3 1.000000 0.534032
DS1.d111.s0.i2 1.000000 0.729172
DS1.d111.s0.i1 -1.000000 -0.390468
DS1.d111.s0.i0 1.000000 0.558608
DS1.d113.s0.i1 -1.000000 -0.779724
DS1.d113.s0.i0 -1.000000 -0.779724
DS1.d217.s0.i0 -1.000000 -0.757626
DS1.d217.s1.i1 -1.000000 -0.687275
DS1.d217.s1.i0 -1.000000 -0.807387
DS1.d216.s3.i0 1.000000 0.934045
DS1.d216.s3.i1 1.000000 0.849783
DS1.d216.s2.i0 1.000000 0.620422
DS1.d216.s1.i0 1.000000 0.298518
DS1.d216.s0.i1 1.000000 0.266789
DS1.d216.s0.i0 -1.000000 0.054631
DS1.d215.s0.i0 -1.000000 -1.033310
DS1.d215.s0.i1 -1.000000 -0.994268
DS1.d215.s0.i2 -1.000000 -0.885487
DS1.d215.s0.i3 -1.000000 -0.856559
DS1.d215.s1.i0 -1.000000 -0.908853
DS1.d213.s0.i0 -1.000000 0.434674
DS1.d213.s1.i0 1.000000 0.626568
DS1.d212.s0.i0 -1.000000 -0.762232
DS1.d211.s0.i0 1.000000 1.095419
DS1.d210.s0.i1 1.000000 0.761887
DS1.d210.s0.i0 1.000000 0.858483
DS1.d356.s0.i0 1.000000 0.764079
DS1.d357.s0.i1 1.000000 1.185394
DS1.d357.s0.i0 1.000000 0.793851
DS1.d459.s0.i2 -1.000000 -0.848988
DS1.d459.s0.i3 -1.000000 -0.936509
DS1.d459.s0.i0 -1.000000 -0.950202
DS1.d459.s0.i1 -1.000000 -0.877185
DS1.d458.s4.i0 1.000000 0.433170
DS1.d458.s3.i0 1.000000 1.011614
DS1.d458.s2.i0 -1.000000 -0.967542
DS1.d458.s1.i0 1.000000 0.768904
DS1.d458.s0.i0 1.000000 0.847969
DS1.d750.s0.i0 1.000000 1.107480
DS1.d751.s0.i0 1.000000 0.196271
DS1.d756.s0.i0 1.000000 0.833656
DS1.d756.s0.i1 1.000000 0.714276
DS1.d757.s1.i0 1.000000 0.387326
DS1.d757.s0.i0 1.000000 0.741111
DS1.d754.s0.i0 1.000000 0.876137
DS1.d754.s0.i1 1.000000 0.919405
DS1.d754.s0.i2 1.000000 1.004090
DS1.d755.s0.i1 1.000000 0.890229
DS1.d755.s0.i0 1.000000 0.882533
DS1.d451.s0.i0 1.000000 0.718297
DS1.d451.s1.i0 -1.000000 -0.703843
DS1.d450.s1.i0 1.000000 0.413622
DS1.d450.s1.i1 -1.000000 -0.206193
DS1.d450.s0.i0 1.000000 0.877705
DS1.d453.s0.i0 1.000000 0.656018
DS1.d452.s1.i0 1.000000 0.880287
DS1.d452.s0.i5 1.000000 0.470180
DS1.d452.s0.i4 -1.000000 -0.551299
DS1.d452.s0.i1 -1.000000 -0.385877
DS1.d452.s0.i0 1.000000 0.568848
DS1.d452.s0.i3 1.000000 0.702675
DS1.d452.s0.i2 -1.000000 -0.701762
DS1.d455.s0.i0 1.000000 0.687565
DS1.d455.s0.i1 1.000000 0.698162
DS1.d454.s0.i3 -1.000000 -0.684504
DS1.d454.s0.i2 -1.000000 -0.678957
DS1.d454.s0.i1 1.000000 0.293726
DS1.d454.s0.i0 -1.000000 -0.669566
DS1.d457.s0.i0 1.000000 1.293589
DS1.d457.s1.i3 1.000000 0.892921
DS1.d457.s1.i2 1.000000 0.956298
DS1.d457.s1.i1 1.000000 0.966482
DS1.d457.s1.i0 1.000000 0.815222
DS1.d456.s0.i1 1.000000 0.875999
DS1.d456.s0.i0 1.000000 1.095139
DS1.d456.s0.i3 1.000000 0.878908
DS1.d456.s0.i2 1.000000 1.104802
DS1.d456.s0.i5 1.000000 0.873778
DS1.d456.s0.i4 1.000000 0.952527
DS1.d8.s0.i0 1.000000 0.757885
DS1.d9.s0.i0 1.000000 1.062915
DS1.d185.s0.i0 1.000000 0.770443
DS1.d185.s0.i1 1.000000 0.896019
DS1.d185.s1.i0 1.000000 1.019024
DS1.d184.s1.i0 1.000000 0.836459
DS1.d184.s0.i5 1.000000 0.910971
DS1.d184.s0.i4 1.000000 0.919119
DS1.d184.s0.i1 1.000000 1.007057
DS1.d184.s0.i0 1.000000 1.059139
DS1.d184.s0.i3 1.000000 0.955748
DS1.d184.s0.i2 1.000000 0.857709
DS1.d184.s2.i1 1.000000 0.872894
DS1.d184.s2.i0 1.000000 0.867661
DS1.d183.s0.i2 -1.000000 -0.781236
DS1.d183.s0.i0 -1.000000 -0.869394
DS1.d183.s0.i1 -1.000000 -0.792847
DS1.d182.s1.i0 -1.000000 0.079682
DS1.d182.s0.i0 -1.000000 -0.330329
DS1.d181.s0.i0 1.000000 0.470790
DS1.d180.s1.i0 1.000000 0.904683
DS1.d180.s0.i1 1.000000 0.737844
DS1.d180.s0.i0 1.000000 0.657588
DS1.d180.s2.i1 1.000000 0.812171
DS1.d180.s2.i0 1.000000 1.006280
DS1.d1.s0.i0 1.000000 0.940328
DS1.d3.s1.i0 1.000000 0.715390
DS1.d3.s1.i1 1.000000 1.020130
DS1.d3.s0.i1 1.000000 1.192007
DS1.d3.s0.i0 1.000000 0.766391
DS1.d3.s0.i2 1.000000 1.192007
DS1.d4.s0.i0 1.000000 0.820964
DS1.d4.s0.i1 1.000000 0.812623
DS1.d5.s0.i2 1.000000 0.884662
DS1.d5.s0.i1 1.000000 0.877254
DS1.d5.s0.i0 1.000000 0.890015
DS1.d189.s0.i0 -1.000000 -0.513277
DS1.d188.s0.i1 -1.000000 -0.013919
DS1.d188.s0.i0 -1.000000 0.032577
DS1.d30.s0.i2 -1.000000 -0.912220
DS1.d30.s0.i0 -1.000000 -0.727159
DS1.d30.s0.i1 -1.000000 -0.912220
DS1.d31.s0.i0 1.000000 1.123647
DS1.d32.s0.i0 1.000000 0.835655
DS1.d33.s0.i1 1.000000 0.657040
DS1.d33.s0.i0 1.000000 1.215255
DS1.d34.s0.i0 1.000000 0.695135
DS1.d34.s0.i1 1.000000 0.911510
DS1.d35.s0.i0 1.000000 1.109154
DS1.d36.s2.i0 1.000000 0.678739
DS1.d36.s2.i1 1.000000 1.067905
DS1.d36.s0.i0 1.000000 1.327984
DS1.d36.s1.i0 1.000000 0.712220
DS1.d38.s0.i0 1.000000 0.923987
DS1.d38.s1.i1 1.000000 1.040958
DS1.d38.s1.i0 1.000000 1.093900
DS1.d38.s2.i0 1.000000 1.037397
DS1.d38.s3.i0 -1.000000 -0.790430
DS1.d39.s0.i0 -1.000000 -0.582964
DS1.d447.s0.i0 1.000000 0.988071
DS1.d796.s0.i2 -1.000000 -1.003057
DS1.d796.s0.i3 -1.000000 -1.003057
DS1.d796.s0.i0 -1.000000 -1.003057
DS1.d796.s0.i1 -1.000000 -0.920691
DS1.d796.s0.i4 -1.000000 -0.920691
DS1.d796.s0.i5 -1.000000 -1.003057
DS1.d796.s1.i1 1.000000 0.689077
DS1.d796.s1.i0 1.000000 1.065206
DS1.d796.s1.i2 1.000000 0.882764
DS1.d637.s0.i0 1.000000 0.553110
DS1.d730.s0.i0 1.000000 0.800517
DS1.d239.s0.i0 1.000000 0.886806
DS1.d239.s0.i1 1.000000 1.027627
DS1.d239.s1.i0 1.000000 0.852605
DS1.d239.s2.i0 1.000000 0.893029
DS1.d239.s2.i1 1.000000 0.947572
DS1.d239.s2.i2 1.000000 0.936866
DS1.d238.s0.i0 -1.000000 -0.615719
DS1.d326.s0.i1 -1.000000 -0.246566
DS1.d326.s0.i0 1.000000 0.219313
DS1.d235.s0.i0 1.000000 1.102302
DS1.d235.s1.i1 1.000000 0.753441
DS1.d235.s1.i0 1.000000 0.978275
DS1.d234.s0.i0 1.000000 0.986762
DS1.d237.s0.i4 1.000000 0.990352
DS1.d237.s0.i5 1.000000 0.926292
DS1.d237.s0.i6 1.000000 1.029074
DS1.d237.s0.i7 1.000000 0.972021
DS1.d237.s0.i0 1.000000 0.975835
DS1.d237.s0.i1 1.000000 1.039937
DS1.d237.s0.i2 1.000000 0.967293
DS1.d237.s0.i3 1.000000 1.104022
DS1.d237.s0.i8 1.000000 0.990179
DS1.d237.s0.i9 1.000000 0.970865
DS1.d237.s0.i12 1.000000 0.951932
DS1.d237.s0.i13 1.000000 0.924433
DS1.d237.s0.i10 1.000000 0.941380
DS1.d237.s0.i11 1.000000 0.912642
DS1.d236.s0.i1 -1.000000 -0.948674
DS1.d236.s0.i0 -1.000000 -0.690376
DS1.d236.s0.i2 -1.000000 -1.068153
DS1.d231.s0.i0 -1.000000 -0.730071
DS1.d230.s0.i3 1.000000 0.948786
DS1.d230.s0.i2 1.000000 0.910563
DS1.d230.s0.i1 1.000000 0.943465
DS1.d230.s0.i0 1.000000 0.937243
DS1.d233.s0.i0 1.000000 1.039062
DS1.d232.s1.i2 1.000000 0.915364
DS1.d232.s1.i3 1.000000 0.975629
DS1.d232.s1.i0 1.000000 0.903597
DS1.d232.s1.i1 1.000000 0.958455
DS1.d232.s0.i1 1.000000 0.842536
DS1.d232.s0.i0 1.000000 0.852451
DS1.d232.s0.i3 1.000000 0.925546
DS1.d232.s0.i2 1.000000 0.880694
DS1.d232.s0.i5 1.000000 0.956342
DS1.d232.s0.i4 1.000000 1.079484
DS1.d232.s2.i0 -1.000000 -0.751617
DS1.d334.s0.i0 1.000000 0.994527
DS1.d334.s1.i0 -1.000000 -0.694035
DS1.d335.s0.i0 1.000000 0.894802
DS1.d336.s0.i0 1.000000 0.665097
DS1.d625.s1.i0 1.000000 0.825370
DS1.d625.s1.i1 1.000000 0.711444
DS1.d625.s0.i1 -1.000000 -0.928928
DS1.d625.s0.i0 -1.000000 -0.825756
DS1.d625.s0.i3 -1.000000 -0.928672
DS1.d625.s0.i2 -1.000000 -0.886986
DS1.d330.s0.i0 1.000000 0.792104
DS1.d330.s0.i1 1.000000 0.792104
DS1.d623.s3.i0 1.000000 0.658901
DS1.d623.s3.i1 1.000000 1.152183
DS1.d623.s2.i1 1.000000 0.999099
DS1.d623.s2.i0 1.000000 1.027245
DS1.d623.s2.i3 1.000000 0.929082
DS1.d623.s2.i2 1.000000 0.871783
DS1.d623.s1.i0 1.000000 0.958114
DS1.d623.s1.i1 1.000000 0.823955
DS1.d623.s0.i1 1.000000 1.007193
DS1.d623.s0.i0 1.000000 0.777597
DS1.d623.s4.i3 -1.000000 -0.167021
DS1.d623.s4.i2 -1.000000 -0.420250
DS1.d623.s4.i1 1.000000 0.536282
DS1.d623.s4.i0 1.000000 0.205274
DS1.d332.s0.i0 1.000000 0.414899
DS1.d333.s0.i0 1.000000 0.770130
DS1.d323.s0.i0 1.000000 0.732795
DS1.d338.s0.i0 1.000000 0.662823
DS1.d338.s0.i1 1.000000 0.728894
DS1.d339.s0.i1 -1.000000 0.083215
DS1.d339.s0.i0 -1.000000 -0.019716
DS1.d628.s0.i0 -1.000000 -0.868275
DS1.d628.s0.i1 -1.000000 -0.970352
DS1.d629.s1.i0 1.000000 0.813896
DS1.d629.s1.i1 1.000000 0.869994
DS1.d629.s0.i1 1.000000 0.913079
DS1.d629.s0.i0 1.000000 0.724668
DS1.d321.s0.i0 1.000000 0.877543
DS1.d321.s0.i1 1.000000 0.937099
DS1.d321.s0.i2 1.000000 0.964374
DS1.d321.s0.i3 1.000000 0.862370
DS1.d321.s0.i4 1.000000 1.008022
DS1.d808.s2.i0 1.000000 1.059490
DS1.d808.s2.i1 1.000000 0.790353
DS1.d808.s0.i0 -1.000000 0.350020
DS1.d808.s1.i1 1.000000 0.211901
DS1.d808.s1.i0 -1.000000 -0.063543
DS1.d663.s0.i1 -1.000000 -0.793747
DS1.d663.s0.i0 -1.000000 -0.973964
DS1.d807.s1.i0 1.000000 0.872308
DS1.d807.s0.i1 1.000000 0.962174
DS1.d807.s0.i0 1.000000 0.897004
DS1.d804.s0.i0 -1.000000 0.111469
DS1.d320.s0.i1 1.000000 0.563771
DS1.d320.s0.i0 -1.000000 -0.106268
DS1.d802.s0.i0 1.000000 0.211173
DS1.d803.s2.i1 1.000000 0.889153
DS1.d803.s2.i0 1.000000 0.995742
DS1.d803.s1.i0 1.000000 0.768808
DS1.d803.s1.i1 1.000000 0.765137
DS1.d803.s0.i3 1.000000 0.814996
DS1.d803.s0.i2 1.000000 0.919925
DS1.d803.s0.i1 1.000000 0.864642
DS1.d803.s0.i0 1.000000 0.838050
DS1.d800.s0.i0 1.000000 0.697508
DS1.d801.s0.i0 1.000000 0.936802
DS1.d85.s0.i0 1.000000 0.234156
DS1.d84.s0.i1 -1.000000 -0.989619
DS1.d84.s0.i0 -1.000000 -0.857387
DS1.d87.s0.i0 1.000000 0.853840
DS1.d86.s1.i2 -1.000000 -0.455388
DS1.d86.s1.i0 1.000000 0.182561
DS1.d86.s1.i1 -1.000000 -0.513504
DS1.d86.s0.i1 1.000000 0.793219
DS1.d86.s0.i0 1.000000 0.807835
DS1.d81.s0.i0 1.000000 0.728164
DS1.d81.s0.i1 1.000000 0.924497
DS1.d80.s0.i0 -1.000000 -0.413683
DS1.d83.s0.i0 1.000000 0.773930
DS1.d82.s0.i0 1.000000 0.892323
DS1.d89.s0.i0 1.000000 1.058390
DS1.d88.s0.i1 -1.000000 -0.892443
DS1.d88.s0.i0 -1.000000 -0.876374
DS1.d442.s0.i0 -1.000000 -0.639341
DS1.d521.s0.i0 1.000000 0.977147
DS1.d521.s0.i1 1.000000 0.924285
DS1.d249.s0.i0 -1.000000 -0.485219
DS1.d522.s0.i1 -1.000000 -0.883558
DS1.d522.s0.i0 -1.000000 -0.775369
DS1.d525.s0.i0 1.000000 0.917556
DS1.d525.s0.i1 1.000000 0.845805
DS1.d524.s0.i0 -1.000000 -0.519932
DS1.d527.s0.i0 1.000000 1.027056
DS1.d527.s0.i1 1.000000 1.181247
DS1.d527.s0.i2 1.000000 0.776605
DS1.d527.s0.i3 1.000000 0.826490
DS1.d527.s1.i1 1.000000 0.746548
DS1.d527.s1.i0 1.000000 0.785513
DS1.d526.s1.i0 1.000000 0.847734
DS1.d526.s1.i1 1.000000 0.847734
DS1.d526.s0.i1 1.000000 0.931469
DS1.d526.s0.i0 1.000000 1.156288
DS1.d526.s0.i3 1.000000 0.673112
DS1.d526.s0.i2 1.000000 0.963990
DS1.d526.s2.i1 -1.000000 -0.823864
DS1.d526.s2.i0 -1.000000 -0.775272
DS1.d240.s0.i0 1.000000 0.867984
DS1.d241.s1.i0 1.000000 0.783206
DS1.d241.s0.i0 1.000000 0.887097
DS1.d242.s0.i0 1.000000 0.955226
DS1.d242.s0.i1 1.000000 0.971647
DS1.d242.s0.i2 1.000000 0.942946
DS1.d242.s0.i3 1.000000 0.980643
DS1.d243.s0.i1 1.000000 0.947990
DS1.d243.s0.i0 1.000000 0.947990
DS1.d243.s0.i2 1.000000 0.947990
DS1.d244.s0.i0 1.000000 0.958142
DS1.d244.s0.i1 1.000000 0.702639
DS1.d244.s1.i0 1.000000 0.990443
DS1.d245.s0.i2 1.000000 0.801841
DS1.d245.s0.i1 1.000000 0.887292
DS1.d245.s0.i0 1.000000 1.150395
DS1.d246.s2.i0 1.000000 0.770087
DS1.d246.s2.i1 1.000000 1.062276
DS1.d246.s0.i0 1.000000 0.986178
DS1.d246.s1.i0 1.000000 0.768140
DS1.d669.s0.i0 -1.000000 -0.709741
DS1.d443.s2.i1 1.000000 0.770093
DS1.d443.s2.i0 1.000000 0.997695
DS1.d443.s2.i2 1.000000 1.089616
DS1.d443.s1.i0 -1.000000 -0.080949
DS1.d443.s1.i1 -1.000000 -0.303577
DS1.d443.s1.i2 1.000000 0.135189
DS1.d443.s0.i1 1.000000 0.742046
DS1.d443.s0.i0 1.000000 0.795735
DS1.d643.s0.i1 -1.000000 -0.685250
DS1.d643.s0.i0 -1.000000 -0.536714
DS1.d643.s0.i3 1.000000 0.308569
DS1.d643.s0.i2 -1.000000 -0.437306
DS1.d643.s0.i5 1.000000 0.197665
DS1.d643.s0.i4 -1.000000 -0.608753
DS1.d252.s2.i1 1.000000 0.938085
DS1.d252.s2.i0 1.000000 0.880168
DS1.d252.s2.i2 1.000000 0.984448
DS1.d252.s1.i0 1.000000 1.115893
DS1.d252.s1.i1 1.000000 0.814670
DS1.d252.s1.i2 1.000000 0.894387
DS1.d252.s0.i0 1.000000 0.896484
DS1.d752.s0.i0 1.000000 0.677153
DS1.d753.s2.i1 -1.000000 -0.884911
DS1.d753.s2.i0 -1.000000 -0.826219
DS1.d753.s1.i0 1.000000 0.930151
DS1.d753.s1.i1 1.000000 0.899076
DS1.d753.s0.i0 1.000000 -0.382165
DS1.d385.s0.i0 1.000000 0.920517
DS1.d385.s0.i1 1.000000 1.046542
DS1.d385.s1.i0 1.000000 0.960365
DS1.d385.s2.i0 -1.000000 -0.978467
DS1.d387.s0.i0 1.000000 0.996474
DS1.d387.s0.i1 1.000000 0.894969
DS1.d386.s1.i0 1.000000 0.846133
DS1.d386.s1.i1 1.000000 0.961840
DS1.d386.s0.i0 1.000000 0.811278
DS1.d386.s2.i1 1.000000 0.678612
DS1.d386.s2.i0 1.000000 0.990726
DS1.d381.s0.i4 -1.000000 -0.273792
DS1.d381.s0.i5 -1.000000 -0.198932
DS1.d381.s0.i2 1.000000 0.596972
DS1.d381.s0.i3 1.000000 0.507957
DS1.d381.s0.i0 -1.000000 -0.279449
DS1.d381.s0.i1 1.000000 0.496274
DS1.d381.s1.i0 1.000000 0.844238
DS1.d380.s2.i5 1.000000 1.045979
DS1.d380.s2.i4 1.000000 1.013543
DS1.d380.s2.i1 1.000000 0.944386
DS1.d380.s2.i0 1.000000 1.013543
DS1.d380.s2.i3 1.000000 1.045979
DS1.d380.s2.i2 1.000000 0.944386
DS1.d380.s1.i8 -1.000000 -0.917030
DS1.d380.s1.i4 -1.000000 -0.970133
DS1.d380.s1.i5 -1.000000 -0.935106
DS1.d380.s1.i6 -1.000000 -1.016840
DS1.d380.s1.i7 -1.000000 -0.917030
DS1.d380.s1.i0 -1.000000 -0.958271
DS1.d380.s1.i1 -1.000000 -0.958271
DS1.d380.s1.i2 -1.000000 -0.944886
DS1.d380.s1.i3 -1.000000 -0.944886
DS1.d380.s0.i9 1.000000 1.006562
DS1.d380.s0.i8 1.000000 0.925518
DS1.d380.s0.i7 1.000000 0.989328
DS1.d380.s0.i6 1.000000 0.989328
DS1.d380.s0.i5 1.000000 1.006562
DS1.d380.s0.i4 1.000000 0.937355
DS1.d380.s0.i3 1.000000 0.962638
DS1.d380.s0.i2 1.000000 0.937355
DS1.d380.s0.i1 1.000000 0.962638
DS1.d380.s0.i0 1.000000 0.925518
DS1.d383.s0.i0 1.000000 0.861877
DS1.d383.s0.i1 1.000000 1.019139
DS1.d383.s0.i2 1.000000 1.019139
DS1.d383.s0.i3 1.000000 0.861877
DS1.d382.s0.i0 1.000000 0.539977
DS1.d389.s0.i0 1.000000 0.942139
DS1.d388.s0.i1 -1.000000 -0.918114
DS1.d388.s0.i0 -1.000000 -1.011380
DS1.d415.s0.i2 -1.000000 -0.982697
DS1.d415.s0.i3 -1.000000 -0.664171
DS1.d415.s0.i0 -1.000000 -0.905157
DS1.d415.s0.i1 -1.000000 -1.055126
DS1.d414.s0.i1 1.000000 1.011992
DS1.d414.s0.i0 1.000000 0.996830
DS1.d141.s2.i0 1.000000 0.575480
DS1.d141.s0.i0 -1.000000 -0.570478
DS1.d141.s1.i1 1.000000 1.099913
DS1.d141.s1.i0 1.000000 0.847578
DS1.d416.s0.i0 1.000000 0.712134
DS1.d411.s0.i0 1.000000 0.845980
DS1.d410.s0.i0 -1.000000 -0.671658
DS1.d413.s0.i0 -1.000000 -0.126328
DS1.d413.s0.i1 -1.000000 -0.301643
DS1.d413.s0.i2 1.000000 0.205376
DS1.d413.s0.i3 1.000000 0.330476
DS1.d412.s0.i0 1.000000 0.894673
DS1.d149.s0.i0 -1.000000 -0.624641
DS1.d148.s1.i2 -1.000000 -0.733612
DS1.d148.s1.i3 -1.000000 -0.833721
DS1.d148.s1.i0 -1.000000 -0.637749
DS1.d148.s1.i1 1.000000 0.283270
DS1.d148.s1.i6 -1.000000 -0.724923
DS1.d148.s1.i7 -1.000000 -0.659029
DS1.d148.s1.i4 1.000000 0.173078
DS1.d148.s1.i5 -1.000000 -0.629679
DS1.d148.s0.i24 1.000000 0.649924
DS1.d148.s0.i25 -1.000000 -0.799081
DS1.d148.s0.i26 -1.000000 -0.685950
DS1.d148.s0.i20 1.000000 0.579727
DS1.d148.s0.i21 -1.000000 -0.832063
DS1.d148.s0.i22 1.000000 0.603800
DS1.d148.s0.i23 -1.000000 -0.867468
DS1.d148.s0.i9 1.000000 0.637709
DS1.d148.s0.i8 -1.000000 -0.806912
DS1.d148.s0.i5 -1.000000 -0.808648
DS1.d148.s0.i4 -1.000000 -0.833133
DS1.d148.s0.i7 -1.000000 -0.784415
DS1.d148.s0.i6 -1.000000 -0.793129
DS1.d148.s0.i1 -1.000000 -0.753467
DS1.d148.s0.i0 -1.000000 -0.753182
DS1.d148.s0.i3 -1.000000 -0.842625
DS1.d148.s0.i2 1.000000 0.689208
DS1.d148.s0.i19 1.000000 0.560756
DS1.d148.s0.i18 -1.000000 -0.849562
DS1.d148.s0.i11 1.000000 0.769157
DS1.d148.s0.i10 -1.000000 -0.856724
DS1.d148.s0.i13 1.000000 0.560674
DS1.d148.s0.i12 -1.000000 -0.796089
DS1.d148.s0.i15 -1.000000 -0.664621
DS1.d148.s0.i14 -1.000000 -0.839781
DS1.d148.s0.i17 1.000000 0.533363
DS1.d148.s0.i16 -1.000000 -0.850473
DS1.d419.s0.i0 -1.000000 -0.512835
DS1.d418.s0.i1 1.000000 0.902601
DS1.d418.s0.i0 1.000000 1.039715
DS1.d758.s0.i0 1.000000 0.975480
DS1.d759.s0.i1 -1.000000 -0.830268
DS1.d759.s0.i0 -1.000000 -0.830268
DS1.d709.s0.i0 1.000000 0.914660
DS1.d708.s0.i0 -1.000000 -0.833658
DS1.d660.s0.i0 1.000000 0.976443
DS1.d660.s0.i1 1.000000 0.940330
DS1.d661.s0.i0 1.000000 1.063190
DS1.d666.s0.i2 1.000000 0.865515
DS1.d666.s0.i0 1.000000 0.733623
DS1.d666.s0.i1 1.000000 0.771826
DS1.d667.s0.i0 1.000000 0.903430
DS1.d664.s0.i0 -1.000000 -0.882996
DS1.d664.s0.i1 -1.000000 -0.970116
DS1.d664.s0.i2 -1.000000 -0.895598
DS1.d664.s0.i3 -1.000000 -0.933588
DS1.d665.s0.i0 1.000000 1.057303
DS1.d701.s0.i0 -1.000000 -0.875738
DS1.d701.s0.i1 -1.000000 -0.758763
DS1.d668.s0.i0 1.000000 0.807636
DS1.d702.s0.i1 1.000000 1.013570
DS1.d702.s0.i0 1.000000 0.761970
DS1.d702.s0.i2 1.000000 1.173485
DS1.d705.s0.i0 1.000000 0.834413
DS1.d704.s0.i5 -1.000000 -0.261200
DS1.d704.s0.i4 1.000000 0.551174
DS1.d704.s0.i3 1.000000 0.577586
DS1.d704.s0.i2 1.000000 0.659886
DS1.d704.s0.i1 1.000000 0.636429
DS1.d704.s0.i0 -1.000000 -0.241884
DS1.d707.s0.i0 1.000000 0.879992
DS1.d707.s0.i1 1.000000 0.804809
DS1.d707.s1.i0 1.000000 0.776659
DS1.d706.s0.i0 1.000000 0.816354
DS1.d460.s0.i0 -1.000000 0.342378
DS1.d460.s1.i0 1.000000 1.063263
DS1.d461.s0.i3 -1.000000 -0.897723
DS1.d461.s0.i2 -1.000000 -0.904574
DS1.d461.s0.i1 -1.000000 -0.909035
DS1.d461.s0.i0 -1.000000 -0.922384
DS1.d462.s0.i0 1.000000 0.992653
DS1.d462.s0.i1 1.000000 0.812925
DS1.d463.s0.i0 -1.000000 -0.634851
DS1.d464.s0.i2 1.000000 0.936159
DS1.d464.s0.i3 1.000000 0.915151
DS1.d464.s0.i0 1.000000 0.917740
DS1.d464.s0.i1 1.000000 0.917360
DS1.d464.s1.i0 1.000000 0.750284
DS1.d465.s0.i2 1.000000 1.021314
DS1.d465.s0.i1 1.000000 0.975370
DS1.d465.s0.i0 1.000000 0.864703
DS1.d466.s0.i0 1.000000 0.863915
DS1.d467.s0.i0 1.000000 0.885146
DS1.d468.s0.i0 1.000000 0.342615
DS1.d468.s0.i1 -1.000000 -0.279705
DS1.d469.s0.i3 1.000000 0.993532
DS1.d469.s0.i2 1.000000 0.999661
DS1.d469.s0.i1 1.000000 1.005461
DS1.d469.s0.i0 1.000000 1.007380
DS1.d469.s0.i5 1.000000 0.994618
DS1.d469.s0.i4 1.000000 0.977867
DS1.d688.s0.i0 1.000000 0.784097
DS1.d688.s1.i0 -1.000000 -0.510294
DS1.d689.s0.i1 -1.000000 -0.815992
DS1.d689.s0.i0 -1.000000 -0.698393
DS1.d441.s1.i0 1.000000 0.553372
DS1.d441.s0.i0 1.000000 0.834357
DS1.d441.s2.i0 1.000000 0.982163
DS1.d403.s0.i0 -1.000000 0.067075
DS1.d680.s0.i2 1.000000 1.024492
DS1.d680.s0.i0 1.000000 0.885398
DS1.d680.s0.i1 1.000000 0.849646
DS1.d680.s1.i0 1.000000 0.770894
DS1.d682.s0.i0 1.000000 0.896029
DS1.d682.s0.i1 1.000000 0.768398
DS1.d682.s0.i2 1.000000 0.833487
DS1.d683.s0.i5 -1.000000 -0.983559
DS1.d683.s0.i4 -1.000000 -0.910324
DS1.d683.s0.i1 -1.000000 -0.955658
DS1.d683.s0.i0 -1.000000 -0.920337
DS1.d683.s0.i3 -1.000000 -1.009683
DS1.d683.s0.i2 -1.000000 -0.973254
DS1.d684.s0.i2 -1.000000 -0.378069
DS1.d684.s0.i3 1.000000 0.577964
DS1.d684.s0.i0 -1.000000 -0.561965
DS1.d684.s0.i1 1.000000 0.320114
DS1.d400.s0.i0 1.000000 1.027976
DS1.d400.s0.i1 1.000000 0.752413
DS1.d686.s0.i0 1.000000 0.796725
DS1.d686.s0.i1 1.000000 0.890773
DS1.d685.s1.i0 1.000000 1.141533
DS1.d685.s1.i1 1.000000 0.702357
DS1.d685.s1.i2 1.000000 1.114742
DS1.d685.s0.i2 1.000000 0.972274
DS1.d685.s0.i1 1.000000 0.917633
DS1.d685.s0.i0 1.000000 1.066989
DS1.d49.s0.i2 -1.000000 -0.939428
DS1.d49.s0.i3 -1.000000 -0.875024
DS1.d49.s0.i0 -1.000000 -0.926044
DS1.d49.s0.i1 -1.000000 -0.969012
DS1.d49.s1.i1 1.000000 0.214551
DS1.d49.s1.i0 1.000000 0.510359
DS1.d49.s1.i3 1.000000 0.467551
DS1.d49.s1.i2 -1.000000 0.373759
DS1.d49.s2.i0 1.000000 0.954612
DS1.d49.s2.i1 1.000000 0.924337
DS1.d48.s0.i3 1.000000 0.690740
DS1.d48.s0.i2 1.000000 0.690740
DS1.d48.s0.i1 -1.000000 -0.374830
DS1.d48.s0.i0 -1.000000 -0.374830
DS1.d48.s0.i5 1.000000 0.727667
DS1.d48.s0.i4 1.000000 0.727667
DS1.d401.s0.i1 1.000000 0.897297
DS1.d401.s0.i0 1.000000 0.801068
DS1.d41.s0.i0 1.000000 0.974016
DS1.d41.s0.i1 1.000000 0.837988
DS1.d40.s0.i0 1.000000 1.038077
DS1.d43.s0.i0 1.000000 0.593427
DS1.d42.s0.i0 1.000000 0.628565
DS1.d45.s0.i0 -1.000000 -0.337907
DS1.d45.s0.i1 -1.000000 -0.337907
DS1.d407.s0.i0 -1.000000 0.501916
DS1.d569.s0.i0 1.000000 0.488690
DS1.d569.s0.i1 -1.000000 -0.068392
DS1.d568.s2.i0 1.000000 0.461656
DS1.d568.s1.i0 1.000000 0.906236
DS1.d568.s0.i4 1.000000 0.966183
DS1.d568.s0.i3 1.000000 0.974815
DS1.d568.s0.i2 1.000000 0.851167
DS1.d568.s0.i1 1.000000 0.956388
DS1.d568.s0.i0 1.000000 0.858293
DS1.d565.s0.i0 1.000000 0.827530
DS1.d564.s0.i1 -1.000000 -0.751535
DS1.d564.s0.i0 -1.000000 -1.003992
DS1.d567.s0.i0 1.000000 0.711549
DS1.d567.s0.i1 1.000000 1.152738
DS1.d567.s1.i2 1.000000 0.481194
DS1.d567.s1.i1 -1.000000 0.021803
DS1.d567.s1.i0 1.000000 0.598039
DS1.d405.s4.i1 1.000000 0.875252
DS1.d405.s4.i0 1.000000 0.937828
DS1.d405.s4.i2 1.000000 0.937828
DS1.d405.s1.i2 -1.000000 -0.411040
DS1.d405.s1.i3 1.000000 0.466022
DS1.d405.s1.i0 -1.000000 -0.541296
DS1.d405.s1.i1 1.000000 0.599591
DS1.d405.s0.i1 1.000000 1.007325
DS1.d405.s0.i0 1.000000 1.009912
DS1.d405.s3.i0 1.000000 0.903640
DS1.d405.s3.i1 1.000000 0.857090
DS1.d405.s2.i1 1.000000 1.121975
DS1.d405.s2.i0 1.000000 0.863470
DS1.d560.s0.i3 1.000000 0.936580
DS1.d560.s0.i2 1.000000 1.023808
DS1.d560.s0.i1 1.000000 0.940990
DS1.d560.s0.i0 1.000000 1.024661
DS1.d563.s0.i0 1.000000 0.979887
DS1.d563.s0.i1 1.000000 1.028101
DS1.d563.s0.i2 1.000000 0.854311
DS1.d563.s0.i3 1.000000 0.907624
DS1.d563.s0.i4 1.000000 1.122968
DS1.d563.s0.i5 1.000000 1.170774
DS1.d563.s0.i6 1.000000 0.795456
DS1.d563.s0.i7 1.000000 0.980922
DS1.d562.s1.i0 1.000000 0.730961
DS1.d562.s0.i0 -1.000000 -0.550989
DS1.d204.s0.i0 1.000000 1.061232
DS1.d204.s0.i1 1.000000 0.871015
DS1.d369.s0.i0 1.000000 0.503055
DS1.d369.s1.i0 1.000000 0.805617
DS1.d368.s0.i0 -1.000000 -0.652936
DS1.d200.s0.i0 1.000000 0.443575
DS1.d200.s0.i1 -1.000000 -0.358982
DS1.d6.s0.i0 1.000000 0.927443
DS1.d202.s0.i0 1.000000 0.801379
DS1.d363.s0.i0 1.000000 0.945866
DS1.d363.s0.i1 1.000000 0.916648
DS1.d362.s0.i1 1.000000 0.994761
DS1.d362.s0.i0 1.000000 0.899339
DS1.d361.s2.i0 1.000000 0.515683
DS1.d361.s2.i1 -1.000000 0.630989
DS1.d361.s0.i0 -1.000000 -0.721722
DS1.d361.s1.i1 -1.000000 -0.166716
DS1.d361.s1.i0 1.000000 0.393552
DS1.d7.s1.i0 1.000000 0.759056
DS1.d7.s1.i1 1.000000 1.033653
DS1.d7.s0.i1 1.000000 1.070703
DS1.d7.s0.i0 1.000000 1.068288
DS1.d7.s0.i3 1.000000 0.938064
DS1.d7.s0.i2 1.000000 0.951358
DS1.d7.s2.i1 -1.000000 -0.717130
DS1.d7.s2.i0 -1.000000 -0.897609
DS1.d208.s0.i0 1.000000 0.764280
DS1.d208.s0.i1 1.000000 0.729442
DS1.d209.s1.i0 -1.000000 -0.832769
DS1.d209.s1.i1 -1.000000 -0.899157
DS1.d209.s1.i2 -1.000000 -1.034104
DS1.d209.s0.i2 -1.000000 -0.909407
DS1.d209.s0.i1 -1.000000 -0.955692
DS1.d209.s0.i0 -1.000000 -0.744317
DS1.d365.s0.i0 1.000000 1.091864
DS1.d365.s0.i1 1.000000 0.788994
DS1.d365.s1.i2 1.000000 0.902828
DS1.d365.s1.i1 1.000000 0.817146
DS1.d365.s1.i0 1.000000 0.852486
DS1.d364.s1.i0 1.000000 0.945862
DS1.d364.s0.i1 -1.000000 -0.821656
DS1.d364.s0.i0 -1.000000 -0.719355
DS1.d364.s2.i0 1.000000 0.773217
DS1.d720.s1.i2 1.000000 0.003648
DS1.d720.s1.i3 1.000000 0.544480
DS1.d720.s1.i0 -1.000000 -0.497806
DS1.d720.s1.i1 -1.000000 -0.497806
DS1.d720.s0.i1 -1.000000 -0.363431
DS1.d720.s0.i0 1.000000 0.171147
DS1.d720.s3.i0 1.000000 1.026502
DS1.d720.s3.i1 1.000000 0.506002
DS1.d720.s2.i0 1.000000 1.000254
DS1.d259.s0.i0 1.000000 0.006587
DS1.d518.s0.i0 1.000000 1.218591
DS1.d519.s2.i1 -1.000000 0.043836
DS1.d519.s2.i0 1.000000 -0.060773
DS1.d519.s1.i0 1.000000 0.771981
DS1.d519.s0.i3 1.000000 1.003227
DS1.d519.s0.i2 1.000000 0.909748
DS1.d519.s0.i1 1.000000 0.924835
DS1.d519.s0.i0 1.000000 0.976534
DS1.d510.s0.i0 1.000000 0.845898
DS1.d510.s0.i1 1.000000 1.176400
DS1.d510.s1.i0 1.000000 0.850119
DS1.d510.s2.i0 1.000000 0.943593
DS1.d511.s0.i1 -1.000000 -0.893033
DS1.d511.s0.i0 -1.000000 -0.827801
DS1.d512.s2.i0 1.000000 0.898484
DS1.d512.s2.i1 1.000000 0.892483
DS1.d512.s0.i0 -1.000000 -0.912339
DS1.d512.s0.i1 -1.000000 -0.856750
DS1.d512.s1.i0 -1.000000 -0.780502
DS1.d46.s0.i1 1.000000 0.878343
DS1.d46.s0.i0 1.000000 0.954559
DS1.d46.s0.i3 1.000000 1.023598
DS1.d46.s0.i2 1.000000 0.916820
DS1.d46.s0.i5 1.000000 0.979017
DS1.d46.s0.i4 1.000000 1.062271
DS1.d46.s0.i7 1.000000 0.944882
DS1.d46.s0.i6 1.000000 0.941758
DS1.d514.s0.i0 1.000000 0.499506
DS1.d514.s1.i0 -1.000000 -0.698117
DS1.d515.s1.i0 -1.000000 -0.744338
DS1.d515.s1.i1 -1.000000 -0.805092
DS1.d515.s0.i1 -1.000000 -0.895875
DS1.d515.s0.i0 -1.000000 -0.920794
DS1.d516.s0.i0 1.000000 0.668189
DS1.d516.s0.i1 1.000000 0.651668
DS1.d517.s0.i1 1.000000 0.848268
DS1.d517.s0.i0 1.000000 0.999594
DS1.d109.s0.i0 1.000000 0.325981
DS1.d109.s0.i1 1.000000 0.314142
DS1.d109.s0.i2 -1.000000 -0.350621
DS1.d109.s0.i3 1.000000 0.260808
DS1.d109.s0.i4 -1.000000 -0.408292
DS1.d109.s0.i5 -1.000000 -0.432511
DS1.d108.s1.i0 -1.000000 -0.929798
DS1.d108.s1.i1 -1.000000 -0.958207
DS1.d108.s0.i1 1.000000 0.882931
DS1.d108.s0.i0 1.000000 0.934327
DS1.d108.s0.i3 1.000000 0.946560
DS1.d108.s0.i2 1.000000 1.093148
DS1.d108.s0.i5 1.000000 0.987146
DS1.d108.s0.i4 1.000000 0.879010
DS1.d108.s0.i7 1.000000 0.995328
DS1.d108.s0.i6 1.000000 1.011530
DS1.d108.s3.i0 -1.000000 -0.848003
DS1.d108.s3.i1 -1.000000 -0.877863
DS1.d108.s2.i0 -1.000000 -0.860514
DS1.d107.s0.i2 -1.000000 -0.837515
DS1.d107.s0.i0 -1.000000 -1.115799
DS1.d107.s0.i1 -1.000000 -0.921884
DS1.d106.s0.i1 1.000000 0.745982
DS1.d106.s0.i0 1.000000 0.791728
DS1.d105.s0.i0 -1.000000 -0.862587
DS1.d105.s0.i1 -1.000000 -0.862587
DS1.d104.s0.i0 -1.000000 0.728249
DS1.d103.s0.i0 -1.000000 -0.901396
DS1.d101.s0.i0 1.000000 0.623941
DS1.d257.s0.i2 -1.000000 -0.251136
DS1.d257.s0.i0 1.000000 -0.088425
DS1.d257.s0.i1 -1.000000 -0.293363
DS1.d257.s1.i0 1.000000 0.858775
DS1.d257.s2.i0 1.000000 0.779238
DS1.d257.s3.i0 1.000000 0.805921
DS1.d254.s1.i0 -1.000000 -0.831338
DS1.d254.s1.i1 -1.000000 -0.900511
DS1.d254.s0.i1 1.000000 0.861280
DS1.d254.s0.i0 1.000000 0.906032
DS1.d254.s2.i1 1.000000 0.287385
DS1.d254.s2.i0 -1.000000 -0.104651
DS1.d566.s0.i1 1.000000 0.609369
DS1.d566.s0.i0 1.000000 0.797985
DS1.d780.s0.i2 -1.000000 -0.882607
DS1.d780.s0.i1 -1.000000 -0.995745
DS1.d780.s0.i0 -1.000000 -0.882318
DS1.d745.s0.i0 -1.000000 -0.839131
DS1.d745.s0.i1 -1.000000 -0.871383
DS1.d744.s0.i1 -1.000000 -0.838313
DS1.d744.s0.i0 -1.000000 -0.859384
DS1.d747.s0.i0 1.000000 0.959560
DS1.d747.s0.i1 1.000000 0.872156
DS1.d747.s0.i2 1.000000 0.959560
DS1.d747.s0.i3 1.000000 0.872156
DS1.d746.s0.i0 1.000000 1.069696
DS1.d741.s0.i0 1.000000 0.924183
DS1.d740.s0.i1 1.000000 0.797242
DS1.d740.s0.i0 1.000000 0.952476
DS1.d743.s0.i0 1.000000 1.077428
DS1.d742.s0.i1 1.000000 0.913509
DS1.d742.s0.i0 1.000000 1.151820
DS1.d424.s0.i0 1.000000 0.715359
DS1.d425.s0.i1 -1.000000 -0.914274
DS1.d425.s0.i0 -1.000000 -0.954256
DS1.d426.s0.i0 1.000000 0.864518
DS1.d427.s0.i1 1.000000 0.968835
DS1.d427.s0.i0 1.000000 0.807102
DS1.d749.s0.i0 1.000000 1.029325
DS1.d749.s0.i1 1.000000 0.958768
DS1.d749.s1.i1 1.000000 0.799062
DS1.d749.s1.i0 1.000000 1.047432
DS1.d749.s2.i0 1.000000 0.490060
DS1.d749.s2.i1 1.000000 0.905886
DS1.d749.s2.i2 1.000000 1.302397
DS1.d749.s3.i0 -1.000000 -0.675075
DS1.d748.s0.i0 -1.000000 -0.446552
DS1.d422.s0.i0 1.000000 0.995776
DS1.d422.s0.i1 1.000000 0.921867
DS1.d422.s0.i2 1.000000 0.921717
DS1.d422.s1.i2 1.000000 0.899121
DS1.d422.s1.i1 1.000000 1.017049
DS1.d422.s1.i0 1.000000 0.938935
DS1.d423.s1.i0 -1.000000 0.171730
DS1.d423.s1.i1 1.000000 0.241317
DS1.d423.s0.i1 1.000000 0.988124
DS1.d423.s0.i0 1.000000 0.978486
DS1.d367.s0.i2 -1.000000 -0.423662
DS1.d367.s0.i0 1.000000 -0.118980
DS1.d367.s0.i1 -1.000000 -0.329990
DS1.d589.s0.i0 1.000000 0.947345
DS1.d589.s0.i1 1.000000 0.911592
DS1.d589.s0.i2 1.000000 0.911592
DS1.d589.s0.i3 1.000000 0.947345
DS1.d366.s0.i1 1.000000 0.875129
DS1.d366.s0.i0 1.000000 0.852260
DS1.d639.s0.i0 -1.000000 -0.550240
DS1.d631.s0.i0 1.000000 0.648728
DS1.d631.s0.i1 1.000000 0.917032
DS1.d630.s0.i1 -1.000000 -0.859479
DS1.d630.s0.i0 -1.000000 -0.741164
DS1.d633.s2.i0 1.000000 0.896729
DS1.d633.s2.i1 1.000000 0.916750
DS1.d633.s3.i1 1.000000 1.105627
DS1.d633.s3.i0 1.000000 1.103639
DS1.d633.s0.i0 1.000000 1.004165
DS1.d633.s0.i1 1.000000 0.844664
DS1.d633.s0.i2 1.000000 1.063092
DS1.d633.s0.i3 1.000000 1.008538
DS1.d633.s1.i3 1.000000 0.863437
DS1.d633.s1.i2 1.000000 0.991973
DS1.d633.s1.i1 1.000000 1.009316
DS1.d633.s1.i0 1.000000 0.922334
DS1.d632.s1.i0 1.000000 0.990543
DS1.d632.s1.i1 1.000000 0.978230
DS1.d632.s0.i1 -1.000000 -0.091708
DS1.d632.s0.i0 -1.000000 0.048998
DS1.d634.s0.i7 1.000000 0.925315
DS1.d634.s0.i6 1.000000 0.967394
DS1.d634.s0.i5 1.000000 0.852242
DS1.d634.s0.i4 1.000000 0.951036
DS1.d634.s0.i3 1.000000 1.006352
DS1.d634.s0.i2 1.000000 0.867329
DS1.d634.s0.i1 1.000000 0.914879
DS1.d634.s0.i0 1.000000 1.032110
DS1.d687.s1.i0 -1.000000 -0.675044
DS1.d687.s0.i0 1.000000 0.828275
DS1.d636.s0.i1 1.000000 0.065148
DS1.d636.s0.i0 -1.000000 -0.186026
DS1.d327.s0.i0 1.000000 1.202490
DS1.d728.s0.i0 1.000000 0.940122
DS1.d732.s0.i0 -1.000000 0.262889
DS1.d732.s0.i1 1.000000 0.305122
DS1.d732.s0.i2 1.000000 0.365346
DS1.d324.s0.i0 -1.000000 -0.789766
DS1.d734.s0.i2 1.000000 0.946653
DS1.d734.s0.i3 1.000000 0.775089
DS1.d734.s0.i0 1.000000 0.895806
DS1.d734.s0.i1 1.000000 0.978089
DS1.d322.s1.i0 -1.000000 -0.670778
DS1.d322.s1.i1 -1.000000 -0.728529
DS1.d322.s0.i0 1.000000 0.961820
DS1.d736.s0.i0 1.000000 0.656528
DS1.d737.s1.i0 -1.000000 -0.290366
DS1.d737.s1.i1 1.000000 0.413117
DS1.d737.s0.i1 -1.000000 -0.733866
DS1.d737.s0.i0 -1.000000 -0.881206
DS1.d737.s0.i2 -1.000000 -0.827778
DS1.d738.s0.i0 1.000000 0.775808
DS1.d738.s0.i1 1.000000 0.959056
DS1.d738.s1.i0 1.000000 0.760818
DS1.d329.s0.i0 1.000000 0.592980
DS1.d328.s1.i0 1.000000 0.945006
DS1.d328.s1.i1 1.000000 0.858544
DS1.d328.s0.i0 -1.000000 -0.881610
DS1.d811.s0.i0 1.000000 1.033997
DS1.d811.s1.i1 1.000000 0.915856
DS1.d811.s1.i0 1.000000 0.928693
DS1.d810.s3.i0 1.000000 0.990223
DS1.d810.s2.i1 1.000000 0.888789
DS1.d810.s2.i0 1.000000 0.947300
DS1.d810.s1.i0 1.000000 1.002712
DS1.d810.s1.i1 1.000000 1.088855
DS1.d810.s1.i2 1.000000 0.825695
DS1.d810.s1.i3 1.000000 0.719776
DS1.d810.s0.i3 1.000000 0.883516
DS1.d810.s0.i2 1.000000 0.969392
DS1.d810.s0.i1 1.000000 0.874646
DS1.d810.s0.i0 1.000000 1.010863
DS1.d810.s0.i5 1.000000 0.863122
DS1.d810.s0.i4 1.000000 1.035280
DS1.d813.s0.i0 -1.000000 -0.632668
DS1.d812.s0.i1 -1.000000 -0.785228
DS1.d812.s0.i0 -1.000000 -0.927140
DS1.d812.s0.i2 -1.000000 -1.017781
DS1.d815.s0.i2 1.000000 1.087422
DS1.d815.s0.i0 1.000000 0.953522
DS1.d815.s0.i1 1.000000 0.779494
DS1.d814.s1.i0 -1.000000 -0.973850
DS1.d814.s1.i1 -1.000000 -1.003685
DS1.d814.s0.i2 -1.000000 -0.873209
DS1.d814.s0.i1 -1.000000 -1.031254
DS1.d814.s0.i0 -1.000000 -0.755505
DS1.d817.s0.i0 1.000000 0.911687
DS1.d817.s0.i1 1.000000 0.827440
DS1.d817.s1.i3 1.000000 0.706577
DS1.d817.s1.i2 1.000000 0.932584
DS1.d817.s1.i1 1.000000 0.871181
DS1.d817.s1.i0 1.000000 1.080895
DS1.d817.s1.i4 1.000000 0.864025
DS1.d816.s0.i1 -1.000000 -0.486495
DS1.d816.s0.i0 1.000000 0.451365
DS1.d816.s0.i3 1.000000 0.420409
DS1.d816.s0.i2 -1.000000 -0.220372
DS1.d816.s0.i5 1.000000 0.505836
DS1.d816.s0.i4 -1.000000 -0.522182
DS1.d819.s0.i0 -1.000000 -0.697755
DS1.d819.s0.i1 -1.000000 -0.974534
DS1.d818.s3.i2 1.000000 0.889425
DS1.d818.s3.i0 1.000000 0.889425
DS1.d818.s3.i1 1.000000 0.889425
DS1.d818.s2.i1 1.000000 0.907766
DS1.d818.s2.i0 1.000000 1.005571
DS1.d818.s2.i3 1.000000 1.005571
DS1.d818.s2.i2 1.000000 0.907766
DS1.d818.s2.i5 1.000000 0.907766
DS1.d818.s2.i4 1.000000 1.005571
DS1.d818.s1.i0 1.000000 0.837715
DS1.d818.s1.i1 1.000000 1.054291
DS1.d818.s1.i2 1.000000 0.837715
DS1.d818.s1.i3 1.000000 0.837715
DS1.d818.s1.i4 1.000000 1.054291
DS1.d818.s1.i5 1.000000 1.054291
DS1.d818.s0.i3 1.000000 0.959294
DS1.d818.s0.i2 1.000000 0.875509
DS1.d818.s0.i1 1.000000 0.908842
DS1.d818.s0.i0 1.000000 0.908842
DS1.d92.s0.i0 1.000000 0.648908
DS1.d92.s1.i0 1.000000 0.825313
DS1.d92.s2.i0 1.000000 0.729567
DS1.d92.s3.i0 1.000000 0.703719
DS1.d93.s0.i0 1.000000 0.796075
DS1.d90.s0.i0 -1.000000 -0.936614
DS1.d90.s0.i1 -1.000000 -0.850927
DS1.d90.s1.i5 1.000000 1.030410
DS1.d90.s1.i4 1.000000 0.959031
DS1.d90.s1.i3 1.000000 0.931077
DS1.d90.s1.i2 1.000000 0.975161
DS1.d90.s1.i1 1.000000 1.083448
DS1.d90.s1.i0 1.000000 1.108956
DS1.d91.s0.i5 1.000000 -0.330625
DS1.d91.s0.i4 -1.000000 -0.548912
DS1.d91.s0.i1 -1.000000 -0.830112
DS1.d91.s0.i0 -1.000000 -0.664106
DS1.d91.s0.i3 -1.000000 -0.764101
DS1.d91.s0.i2 -1.000000 -0.635778
DS1.d96.s0.i2 -1.000000 -0.327319
DS1.d96.s0.i3 1.000000 0.298841
DS1.d96.s0.i0 -1.000000 -0.293825
DS1.d96.s0.i1 1.000000 0.351903
DS1.d96.s1.i1 1.000000 0.767713
DS1.d96.s1.i0 1.000000 0.989541
DS1.d97.s0.i0 1.000000 0.758073
DS1.d94.s2.i0 -1.000000 -0.805481
DS1.d94.s0.i0 -1.000000 -0.596931
DS1.d94.s1.i2 -1.000000 -0.853782
DS1.d94.s1.i1 -1.000000 -0.824080
DS1.d94.s1.i0 -1.000000 -0.742602
DS1.d95.s0.i1 -1.000000 -0.795714
DS1.d95.s0.i0 -1.000000 -0.928120
DS1.d95.s0.i3 -1.000000 -1.073035
DS1.d95.s0.i2 -1.000000 -0.858116
DS1.d98.s0.i4 1.000000 0.963866
DS1.d98.s0.i5 1.000000 0.951913
DS1.d98.s0.i0 1.000000 0.931993
DS1.d98.s0.i1 1.000000 1.019345
DS1.d98.s0.i2 1.000000 1.026044
DS1.d98.s0.i3 1.000000 0.890554
DS1.d98.s1.i2 -1.000000 -1.067783
DS1.d98.s1.i1 -1.000000 -0.946319
DS1.d98.s1.i0 -1.000000 -0.932874
DS1.d99.s0.i0 1.000000 0.844462
DS1.d626.s0.i0 1.000000 1.147470
DS1.d626.s1.i0 1.000000 0.976825
DS1.d626.s2.i0 1.000000 1.048114
DS1.d626.s3.i0 1.000000 0.898996
DS1.d627.s0.i0 1.000000 0.747572
DS1.d624.s2.i2 1.000000 1.058235
DS1.d624.s2.i0 1.000000 0.947928
DS1.d624.s2.i1 1.000000 0.950914
DS1.d624.s3.i1 1.000000 0.546161
DS1.d624.s3.i0 1.000000 0.545589
DS1.d624.s3.i3 1.000000 0.810947
DS1.d624.s3.i2 -1.000000 -0.029556
DS1.d624.s0.i0 1.000000 1.045522
DS1.d624.s0.i1 1.000000 0.947246
DS1.d624.s0.i2 1.000000 1.012176
DS1.d624.s0.i3 1.000000 1.028203
DS1.d624.s1.i7 -1.000000 -0.430197
DS1.d624.s1.i6 -1.000000 -0.369945
DS1.d624.s1.i5 1.000000 0.484111
DS1.d624.s1.i4 -1.000000 -0.443767
DS1.d624.s1.i3 1.000000 0.378185
DS1.d624.s1.i2 -1.000000 -0.355944
DS1.d624.s1.i1 1.000000 0.476596
DS1.d624.s1.i0 1.000000 0.369126
DS1.d624.s4.i0 1.000000 0.693225
DS1.d624.s4.i1 1.000000 0.979757
DS1.d624.s4.i2 1.000000 1.092387
DS1.d554.s0.i2 1.000000 0.955072
DS1.d554.s0.i0 1.000000 0.942228
DS1.d554.s0.i1 1.000000 0.826949
DS1.d555.s1.i0 -1.000000 -0.743793
DS1.d555.s0.i0 1.000000 0.665926
DS1.d556.s0.i0 -1.000000 -0.859419
DS1.d258.s0.i0 1.000000 0.610157
DS1.d550.s0.i6 -1.000000 -0.940139
DS1.d550.s0.i7 -1.000000 -0.958108
DS1.d550.s0.i4 -1.000000 -0.893124
DS1.d550.s0.i5 -1.000000 -1.050041
DS1.d550.s0.i2 -1.000000 -0.909742
DS1.d550.s0.i3 -1.000000 -0.898678
DS1.d550.s0.i0 -1.000000 -1.094113
DS1.d550.s0.i1 -1.000000 -1.056278
DS1.d550.s0.i8 -1.000000 -0.929439
DS1.d551.s0.i0 1.000000 0.973375
DS1.d552.s0.i0 1.000000 0.943684
DS1.d552.s0.i1 1.000000 1.022880
DS1.d552.s0.i2 1.000000 1.050102
DS1.d552.s0.i3 1.000000 0.881663
DS1.d553.s0.i1 1.000000 0.913718
DS1.d553.s0.i0 1.000000 1.049469
DS1.d253.s0.i0 1.000000 1.008167
DS1.d253.s1.i5 1.000000 0.879808
DS1.d253.s1.i4 1.000000 1.045857
DS1.d253.s1.i7 1.000000 0.979890
DS1.d253.s1.i6 1.000000 0.860514
DS1.d253.s1.i1 1.000000 1.000348
DS1.d253.s1.i0 1.000000 0.982049
DS1.d253.s1.i3 1.000000 1.066616
DS1.d253.s1.i2 1.000000 0.966999
DS1.d253.s2.i0 1.000000 0.869112
DS1.d622.s0.i0 1.000000 0.830817
DS1.d622.s1.i0 1.000000 0.907868
DS1.d251.s0.i4 1.000000 1.005294
DS1.d251.s0.i5 1.000000 0.925359
DS1.d251.s0.i6 1.000000 0.705719
DS1.d251.s0.i7 1.000000 0.993574
DS1.d251.s0.i0 1.000000 0.990090
DS1.d251.s0.i1 1.000000 0.977727
DS1.d251.s0.i2 1.000000 0.747913
DS1.d251.s0.i3 1.000000 0.932088
DS1.d251.s0.i8 1.000000 0.984306
DS1.d558.s0.i0 -1.000000 -0.753546
DS1.d558.s1.i1 -1.000000 -0.416902
DS1.d558.s1.i0 1.000000 0.012809
DS1.d559.s0.i3 -1.000000 -1.017690
DS1.d559.s0.i2 -1.000000 -0.851392
DS1.d559.s0.i1 -1.000000 -0.914417
DS1.d559.s0.i0 -1.000000 -0.936253
DS1.d331.s0.i3 -1.000000 -0.448747
DS1.d331.s0.i2 1.000000 0.467609
DS1.d331.s0.i1 1.000000 0.490340
DS1.d331.s0.i0 -1.000000 -0.495576
DS1.d621.s4.i1 1.000000 0.329753
DS1.d621.s4.i0 -1.000000 -0.126251
DS1.d621.s1.i0 1.000000 0.675730
DS1.d621.s0.i1 1.000000 1.035498
DS1.d621.s0.i0 1.000000 0.720675
DS1.d621.s3.i0 1.000000 0.858144
DS1.d621.s2.i1 1.000000 0.229150
DS1.d621.s2.i0 -1.000000 0.089560
DS1.d476.s0.i1 1.000000 1.001690
DS1.d476.s0.i0 1.000000 0.989847
DS1.d656.s0.i2 -1.000000 -0.678418
DS1.d656.s0.i1 -1.000000 -0.865145
DS1.d656.s0.i0 -1.000000 -0.839788
DS1.d655.s0.i0 1.000000 0.748288
DS1.d655.s0.i1 1.000000 0.823110
DS1.d655.s1.i2 -1.000000 -0.412374
DS1.d655.s1.i1 1.000000 -0.121799
DS1.d655.s1.i0 -1.000000 -0.467571
DS1.d654.s1.i0 1.000000 0.844509
DS1.d654.s0.i0 1.000000 1.125272
DS1.d652.s2.i1 -1.000000 -0.868843
DS1.d652.s2.i0 -1.000000 -0.725477
DS1.d652.s1.i4 -1.000000 -0.605217
DS1.d652.s1.i5 -1.000000 -0.644646
DS1.d652.s1.i6 1.000000 0.676322
DS1.d652.s1.i7 1.000000 0.509354
DS1.d652.s1.i0 1.000000 0.667654
DS1.d652.s1.i1 -1.000000 -0.489926
DS1.d652.s1.i2 -1.000000 -0.520082
DS1.d652.s1.i3 1.000000 0.551123
DS1.d652.s0.i1 -1.000000 -0.288395
DS1.d652.s0.i0 1.000000 0.183491
DS1.d650.s1.i0 1.000000 0.933596
DS1.d650.s1.i1 1.000000 0.975936
DS1.d650.s0.i0 1.000000 1.068396
DS1.d650.s3.i0 1.000000 0.796690
DS1.d650.s3.i1 1.000000 0.853192
DS1.d650.s2.i1 1.000000 1.015741
DS1.d650.s2.i0 1.000000 0.885620
DS1.d176.s0.i2 1.000000 0.918326
DS1.d176.s0.i0 1.000000 0.784418
DS1.d176.s0.i1 1.000000 0.758643
DS1.d174.s0.i0 -1.000000 -1.222799
DS1.d174.s0.i1 -1.000000 -0.506906
DS1.d174.s0.i2 -1.000000 -1.028742
DS1.d174.s0.i3 -1.000000 -1.092227
DS1.d175.s1.i0 1.000000 0.982062
DS1.d175.s0.i1 1.000000 0.923091
DS1.d175.s0.i0 1.000000 1.054481
DS1.d173.s0.i0 1.000000 0.597164
DS1.d170.s0.i0 1.000000 0.981116
DS1.d170.s0.i1 1.000000 0.989726
DS1.d171.s1.i0 1.000000 0.943055
DS1.d171.s0.i0 1.000000 0.865306
DS1.d809.s1.i0 1.000000 1.007407
DS1.d809.s1.i1 1.000000 1.020843
DS1.d809.s0.i0 1.000000 0.849937
DS1.d178.s0.i0 1.000000 1.014929
DS1.d178.s1.i1 -1.000000 -0.682432
DS1.d178.s1.i0 -1.000000 -1.078281
DS1.d179.s1.i0 -1.000000 -0.646940
DS1.d179.s1.i1 -1.000000 -0.849934
DS1.d179.s0.i20 -1.000000 -1.058145
DS1.d179.s0.i21 -1.000000 -0.925016
DS1.d179.s0.i22 -1.000000 -0.885643
DS1.d179.s0.i23 -1.000000 -0.808165
DS1.d179.s0.i24 -1.000000 -1.105607
DS1.d179.s0.i25 -1.000000 -1.001770
DS1.d179.s0.i26 -1.000000 -1.101771
DS1.d179.s0.i27 -1.000000 -1.123172
DS1.d179.s0.i28 -1.000000 -1.051025
DS1.d179.s0.i29 -1.000000 -0.860524
DS1.d179.s0.i19 -1.000000 -1.062552
DS1.d179.s0.i18 -1.000000 -0.827094
DS1.d179.s0.i15 -1.000000 -0.880684
DS1.d179.s0.i14 -1.000000 -1.050459
DS1.d179.s0.i17 -1.000000 -0.963846
DS1.d179.s0.i16 -1.000000 -1.024211
DS1.d179.s0.i11 -1.000000 -0.945827
DS1.d179.s0.i10 -1.000000 -1.089422
DS1.d179.s0.i13 -1.000000 -0.999991
DS1.d179.s0.i12 -1.000000 -0.891937
DS1.d179.s0.i9 -1.000000 -0.951809
DS1.d179.s0.i8 -1.000000 -0.907643
DS1.d179.s0.i1 -1.000000 -1.020253
DS1.d179.s0.i0 -1.000000 -1.013610
DS1.d179.s0.i3 -1.000000 -1.073884
DS1.d179.s0.i2 -1.000000 -0.920223
DS1.d179.s0.i5 -1.000000 -1.018815
DS1.d179.s0.i4 -1.000000 -1.033852
DS1.d179.s0.i7 -1.000000 -0.969079
DS1.d179.s0.i6 -1.000000 -1.011345
DS1.d179.s2.i0 1.000000 0.889003
DS1.d712.s0.i2 1.000000 0.885855
DS1.d712.s0.i3 1.000000 0.952860
DS1.d712.s0.i0 1.000000 0.995833
DS1.d712.s0.i1 1.000000 1.044132
DS1.d712.s1.i0 1.000000 0.726744
DS1.d712.s2.i0 -1.000000 -0.759803
DS1.d712.s2.i1 -1.000000 -0.778474
DS1.d805.s0.i1 -1.000000 -0.776194
DS1.d805.s0.i0 -1.000000 -0.755900
DS1.d805.s0.i2 -1.000000 -1.111909
DS1.d218.s1.i2 -1.000000 -0.865015
DS1.d218.s1.i3 -1.000000 -0.851704
DS1.d218.s1.i0 -1.000000 -0.842976
DS1.d218.s1.i1 -1.000000 -0.937048
DS1.d218.s0.i1 1.000000 0.916753
DS1.d218.s0.i0 1.000000 1.158609
DS1.d288.s0.i6 -1.000000 -0.926869
DS1.d288.s0.i7 -1.000000 -0.796101
DS1.d288.s0.i4 -1.000000 -0.999982
DS1.d288.s0.i5 -1.000000 -0.928400
DS1.d288.s0.i2 -1.000000 -0.913463
DS1.d288.s0.i3 -1.000000 -1.051897
DS1.d288.s0.i0 -1.000000 -0.967542
DS1.d288.s0.i1 -1.000000 -1.037279
DS1.d288.s0.i8 -1.000000 -1.012507
DS1.d288.s1.i1 1.000000 0.606370
DS1.d288.s1.i0 -1.000000 -0.378092
DS1.d288.s1.i3 -1.000000 -0.450373
DS1.d288.s1.i2 1.000000 0.394305
DS1.d289.s0.i2 -1.000000 -0.921409
DS1.d289.s0.i1 -1.000000 -1.048134
DS1.d289.s0.i0 -1.000000 -0.572505
DS1.d284.s0.i0 -1.000000 -0.868555
DS1.d285.s3.i4 -1.000000 -0.803437
DS1.d285.s3.i2 -1.000000 -0.962042
DS1.d285.s3.i3 -1.000000 -0.946377
DS1.d285.s3.i0 -1.000000 -0.698442
DS1.d285.s3.i1 -1.000000 -0.988226
DS1.d285.s2.i1 1.000000 0.872825
DS1.d285.s2.i0 1.000000 1.012127
DS1.d285.s1.i0 1.000000 0.754082
DS1.d285.s1.i1 1.000000 1.056788
DS1.d285.s0.i2 1.000000 1.022810
DS1.d285.s0.i1 1.000000 1.050040
DS1.d285.s0.i0 1.000000 1.037530
DS1.d286.s0.i0 -1.000000 -0.096055
DS1.d286.s0.i1 1.000000 0.992739
DS1.d286.s0.i2 1.000000 0.214600
DS1.d287.s1.i0 -1.000000 -0.834898
DS1.d287.s1.i1 -1.000000 -0.695048
DS1.d287.s0.i1 1.000000 0.984919
DS1.d287.s0.i0 1.000000 0.935835
DS1.d287.s3.i0 1.000000 0.847300
DS1.d287.s2.i1 -1.000000 -0.115825
DS1.d287.s2.i0 1.000000 0.298085
DS1.d281.s1.i0 1.000000 0.941654
DS1.d281.s1.i1 1.000000 0.982797
DS1.d281.s0.i0 1.000000 0.602599
DS1.d282.s0.i0 1.000000 0.776245
DS1.d282.s1.i1 1.000000 0.866977
DS1.d282.s1.i0 1.000000 0.820667
DS1.d283.s0.i1 1.000000 1.029206
DS1.d283.s0.i0 1.000000 0.886468
DS1.d283.s0.i3 1.000000 0.887793
DS1.d283.s0.i2 1.000000 1.024590
DS1.d675.s0.i0 1.000000 0.763096
DS1.d674.s0.i1 1.000000 0.691227
DS1.d674.s0.i0 1.000000 0.916190
DS1.d677.s0.i0 -1.000000 -0.673966
DS1.d677.s0.i1 -1.000000 -0.586083
DS1.d677.s0.i2 1.000000 -0.330276
DS1.d677.s0.i3 -1.000000 -0.419350
DS1.d676.s0.i0 1.000000 0.697636
DS1.d671.s0.i2 1.000000 1.101286
DS1.d671.s0.i0 1.000000 0.972960
DS1.d671.s0.i1 1.000000 1.158184
DS1.d779.s0.i0 -1.000000 -0.263810
DS1.d673.s0.i0 1.000000 0.954679
DS1.d672.s0.i1 -1.000000 -0.886644
DS1.d672.s0.i0 1.000000 0.394363
DS1.d672.s0.i3 -1.000000 -0.793088
DS1.d672.s0.i2 1.000000 0.381073
DS1.d672.s0.i5 -1.000000 -0.892621
DS1.d672.s0.i4 -1.000000 -0.690033
DS1.d672.s0.i7 -1.000000 -0.698284
DS1.d672.s0.i6 -1.000000 -0.693563
DS1.d672.s0.i9 -1.000000 -0.856723
DS1.d672.s0.i8 1.000000 0.416652
DS1.d672.s0.i11 -1.000000 -0.847808
DS1.d672.s0.i10 -1.000000 -0.681929
DS1.d774.s0.i0 -1.000000 -0.158309
DS1.d774.s0.i1 1.000000 0.603757
DS1.d774.s1.i1 1.000000 0.537817
DS1.d774.s1.i0 -1.000000 -0.346503
DS1.d775.s0.i0 1.000000 1.069914
DS1.d776.s0.i0 1.000000 0.774229
DS1.d776.s0.i1 1.000000 0.774229
DS1.d777.s0.i0 -1.000000 -0.731614
DS1.d770.s0.i0 1.000000 0.826014
DS1.d770.s0.i1 1.000000 1.035289
DS1.d771.s0.i0 1.000000 0.846021
DS1.d772.s0.i0 -1.000000 -0.767733
DS1.d772.s0.i1 -1.000000 -0.668752
DS1.d773.s0.i1 -1.000000 -0.907401
DS1.d773.s0.i0 -1.000000 -0.862148
DS1.d473.s0.i0 -1.000000 -0.767759
DS1.d473.s0.i1 -1.000000 -0.769097
DS1.d472.s0.i1 1.000000 0.853847
DS1.d472.s0.i0 1.000000 0.937024
DS1.d471.s0.i4 1.000000 0.901837
DS1.d471.s0.i5 1.000000 0.919004
DS1.d471.s0.i0 1.000000 1.013676
DS1.d471.s0.i1 1.000000 0.877373
DS1.d471.s0.i2 1.000000 1.051793
DS1.d471.s0.i3 1.000000 0.862018
DS1.d470.s0.i0 1.000000 0.717183
DS1.d477.s0.i0 1.000000 0.690645
DS1.d493.s0.i0 1.000000 0.933651
DS1.d493.s0.i1 1.000000 0.963239
DS1.d493.s0.i2 1.000000 0.789225
DS1.d493.s1.i0 1.000000 0.855978
DS1.d475.s2.i0 1.000000 0.842910
DS1.d475.s0.i0 -1.000000 -0.602014
DS1.d475.s0.i1 1.000000 0.469852
DS1.d475.s1.i0 1.000000 0.699512
DS1.d474.s0.i0 -1.000000 0.122928
DS1.d479.s0.i0 1.000000 0.809504
DS1.d719.s0.i1 -1.000000 0.248479
DS1.d719.s0.i0 1.000000 0.402066
DS1.d56.s0.i0 1.000000 0.126106
DS1.d57.s0.i0 1.000000 1.103721
DS1.d699.s2.i0 1.000000 0.092291
DS1.d699.s0.i0 1.000000 0.970598
DS1.d699.s0.i1 1.000000 0.970598
DS1.d699.s1.i2 -1.000000 -0.694678
DS1.d699.s1.i1 -1.000000 -0.746303
DS1.d699.s1.i0 1.000000 0.303396
DS1.d698.s1.i0 1.000000 0.770890
DS1.d698.s0.i0 1.000000 0.947774
DS1.d52.s0.i0 1.000000 0.483121
DS1.d52.s1.i0 1.000000 0.513449
DS1.d52.s2.i0 1.000000 0.786914
DS1.d53.s0.i0 1.000000 0.788803
DS1.d50.s0.i0 1.000000 0.887218
DS1.d51.s0.i1 -1.000000 -0.718017
DS1.d51.s0.i0 -1.000000 -0.866181
DS1.d51.s0.i2 -1.000000 -0.878801
DS1.d693.s0.i2 -1.000000 -0.959370
DS1.d693.s0.i3 -1.000000 -0.909696
DS1.d693.s0.i0 -1.000000 -0.787045
DS1.d693.s0.i1 -1.000000 -0.962906
DS1.d692.s0.i1 1.000000 0.785775
DS1.d692.s0.i0 1.000000 0.656726
DS1.d691.s0.i0 1.000000 0.806122
DS1.d690.s1.i0 1.000000 0.982550
DS1.d690.s0.i0 1.000000 0.638009
DS1.d690.s3.i0 1.000000 0.811229
DS1.d690.s2.i0 1.000000 0.316439
DS1.d690.s5.i2 1.000000 1.165805
DS1.d690.s5.i3 1.000000 0.834280
DS1.d690.s5.i0 1.000000 0.839854
DS1.d690.s5.i1 1.000000 0.953200
DS1.d690.s4.i0 -1.000000 -1.033742
DS1.d690.s6.i0 -1.000000 -0.677687
DS1.d697.s0.i2 1.000000 0.863777
DS1.d697.s0.i3 1.000000 0.947465
DS1.d697.s0.i0 1.000000 0.896885
DS1.d697.s0.i1 1.000000 0.959645
DS1.d696.s3.i2 -1.000000 0.205213
DS1.d696.s3.i0 1.000000 0.596793
DS1.d696.s3.i1 1.000000 0.606034
DS1.d696.s2.i0 1.000000 1.004229
DS1.d696.s1.i0 1.000000 0.340262
DS1.d696.s1.i1 -1.000000 -0.196323
DS1.d696.s0.i5 -1.000000 -0.103813
DS1.d696.s0.i4 1.000000 0.731902
DS1.d696.s0.i3 1.000000 0.238132
DS1.d696.s0.i2 -1.000000 -0.111498
DS1.d696.s0.i1 1.000000 0.754333
DS1.d696.s0.i0 1.000000 0.212308
DS1.d696.s5.i0 1.000000 0.641119
DS1.d696.s5.i1 1.000000 0.298400
DS1.d696.s5.i2 -1.000000 0.236425
DS1.d696.s4.i0 1.000000 1.390713
DS1.d695.s2.i0 1.000000 0.913125
DS1.d695.s2.i1 1.000000 0.750539
DS1.d695.s0.i0 1.000000 0.859188
DS1.d695.s0.i1 1.000000 0.915571
DS1.d695.s1.i2 -1.000000 -1.047678
DS1.d695.s1.i1 -1.000000 -0.788149
DS1.d695.s1.i0 -1.000000 -0.588783
DS1.d694.s0.i1 -1.000000 -0.183008
DS1.d694.s0.i0 1.000000 0.424654
DS1.d694.s0.i2 1.000000 0.556406
DS1.d703.s0.i0 1.000000 0.929809
DS1.d590.s0.i0 1.000000 0.866404
DS1.d446.s0.i2 1.000000 0.968459
DS1.d446.s0.i3 1.000000 1.027843
DS1.d446.s0.i0 1.000000 0.916651
DS1.d446.s0.i1 1.000000 1.050602
DS1.d446.s1.i0 1.000000 0.817100
DS1.d592.s0.i0 1.000000 0.820479
DS1.d593.s0.i0 1.000000 0.893695
DS1.d594.s0.i2 1.000000 0.906598
DS1.d594.s0.i0 1.000000 0.946107
DS1.d594.s0.i1 1.000000 1.000578
DS1.d595.s0.i2 1.000000 0.986676
DS1.d595.s0.i1 1.000000 0.979184
DS1.d595.s0.i0 1.000000 0.728995
DS1.d596.s0.i0 1.000000 0.863748
DS1.d596.s0.i1 1.000000 1.194169
DS1.d597.s0.i1 -1.000000 -0.912502
DS1.d597.s0.i0 -1.000000 -1.138415
DS1.d597.s0.i3 -1.000000 -0.879619
DS1.d597.s0.i2 -1.000000 -0.930546
DS1.d597.s0.i5 -1.000000 -0.804762
DS1.d597.s0.i4 -1.000000 -0.908964
DS1.d598.s0.i0 1.000000 1.016859
DS1.d598.s0.i1 1.000000 1.016859
DS1.d599.s1.i0 -1.000000 -0.763383
DS1.d599.s0.i0 1.000000 0.865387
DS1.d444.s0.i0 -1.000000 -0.711883
DS1.d444.s0.i1 1.000000 0.895679
DS1.d444.s0.i2 -1.000000 -0.834518
DS1.d600.s0.i0 1.000000 0.977284
DS1.d601.s0.i0 1.000000 0.686412
DS1.d602.s0.i0 -1.000000 0.015643
DS1.d603.s0.i1 1.000000 0.288973
DS1.d603.s0.i0 1.000000 0.393414
DS1.d604.s0.i0 1.000000 1.119785
DS1.d605.s1.i0 -1.000000 0.087035
DS1.d605.s1.i1 1.000000 0.158993
DS1.d605.s1.i2 1.000000 0.818553
DS1.d605.s0.i4 -1.000000 -0.394988
DS1.d605.s0.i3 -1.000000 -0.410977
DS1.d605.s0.i2 1.000000 0.162162
DS1.d605.s0.i1 -1.000000 -0.346419
DS1.d605.s0.i0 1.000000 0.033604
DS1.d606.s0.i0 -1.000000 -0.063413
DS1.d607.s0.i1 1.000000 0.297901
DS1.d607.s0.i0 1.000000 0.381281
DS1.d607.s0.i2 -1.000000 0.205124
DS1.d608.s0.i0 1.000000 0.937427
DS1.d608.s0.i1 1.000000 0.884886
DS1.d608.s1.i1 1.000000 0.832781
DS1.d608.s1.i0 1.000000 0.878509
DS1.d609.s1.i0 -1.000000 -0.522297
DS1.d609.s1.i1 -1.000000 -0.279477
DS1.d609.s1.i2 1.000000 0.433145
DS1.d609.s0.i1 1.000000 0.244441
DS1.d609.s0.i0 -1.000000 -0.298398
DS1.d354.s0.i0 1.000000 0.802900
DS1.d355.s0.i0 -1.000000 -0.999853
DS1.d352.s0.i0 1.000000 0.903348
DS1.d352.s0.i1 1.000000 0.899314
DS1.d353.s0.i1 1.000000 1.020584
DS1.d353.s0.i0 1.000000 1.069384
DS1.d219.s0.i0 1.000000 0.951274
DS1.d219.s0.i1 1.000000 0.638168
DS1.d219.s1.i2 -1.000000 -0.960494
DS1.d219.s1.i1 -1.000000 -0.947269
DS1.d219.s1.i0 -1.000000 -0.823835
DS1.d351.s0.i1 -1.000000 -0.819382
DS1.d351.s0.i0 -1.000000 -0.824470
DS1.d351.s0.i3 -1.000000 -1.028721
DS1.d351.s0.i2 -1.000000 -1.156565
DS1.d829.s0.i0 1.000000 0.788898
DS1.d820.s0.i2 -1.000000 -0.531981
DS1.d820.s0.i0 -1.000000 -0.913972
DS1.d820.s0.i1 -1.000000 -0.849308
DS1.d820.s1.i0 1.000000 0.883337
DS1.d820.s2.i0 -1.000000 -0.664315
DS1.d820.s2.i1 -1.000000 -1.129597
DS1.d820.s3.i0 -1.000000 -0.687014
DS1.d821.s0.i1 -1.000000 -0.187335
DS1.d821.s0.i0 -1.000000 -0.372254
DS1.d822.s0.i0 -1.000000 -0.561544
DS1.d823.s0.i0 -1.000000 -0.006784
DS1.d824.s0.i0 1.000000 0.784285
DS1.d824.s0.i1 1.000000 0.761667
DS1.d825.s2.i1 -1.000000 -0.938558
DS1.d825.s2.i0 -1.000000 -0.938558
DS1.d825.s1.i4 -1.000000 -0.802014
DS1.d825.s1.i5 -1.000000 -0.802014
DS1.d825.s1.i0 -1.000000 -1.023084
DS1.d825.s1.i1 -1.000000 -0.743154
DS1.d825.s1.i2 -1.000000 -1.023084
DS1.d825.s1.i3 -1.000000 -1.088058
DS1.d825.s0.i7 1.000000 1.101803
DS1.d825.s0.i6 1.000000 0.958348
DS1.d825.s0.i5 1.000000 0.656916
DS1.d825.s0.i4 1.000000 0.966306
DS1.d825.s0.i3 1.000000 1.109155
DS1.d825.s0.i2 1.000000 1.019466
DS1.d825.s0.i1 1.000000 0.645544
DS1.d825.s0.i0 1.000000 1.018579
DS1.d826.s2.i2 1.000000 1.176669
DS1.d826.s2.i3 1.000000 1.209196
DS1.d826.s2.i0 1.000000 0.706869
DS1.d826.s2.i1 1.000000 0.794933
DS1.d826.s3.i1 1.000000 0.896341
DS1.d826.s3.i0 1.000000 0.896341
DS1.d826.s3.i3 1.000000 0.974466
DS1.d826.s3.i2 1.000000 0.974466
DS1.d826.s0.i0 1.000000 0.095859
DS1.d826.s0.i1 1.000000 0.112963
DS1.d826.s0.i2 -1.000000 -0.100488
DS1.d826.s0.i3 -1.000000 -0.091483
DS1.d826.s0.i4 -1.000000 -0.044585
DS1.d826.s0.i5 1.000000 0.103325
DS1.d826.s0.i6 1.000000 0.160132
DS1.d826.s0.i7 -1.000000 -0.107473
DS1.d826.s1.i2 1.000000 0.919868
DS1.d826.s1.i1 1.000000 1.026570
DS1.d826.s1.i0 1.000000 0.732719
DS1.d827.s0.i1 -1.000000 -0.895954
DS1.d827.s0.i0 -1.000000 -0.869116
DS1.d827.s0.i2 -1.000000 -0.919792
DS1.d513.s0.i0 1.000000 0.721883
DS1.d733.s0.i1 1.000000 0.877390
DS1.d733.s0.i0 1.000000 0.951987
DS1.d733.s0.i3 1.000000 0.920039
DS1.d733.s0.i2 1.000000 0.913273
DS1.d509.s0.i0 -1.000000 -0.881958
DS1.d509.s0.i1 -1.000000 -0.911107
DS1.d509.s0.i2 -1.000000 -0.887817
DS1.d508.s0.i0 1.000000 0.698089
DS1.d503.s0.i0 1.000000 0.739288
DS1.d502.s1.i0 1.000000 0.063941
DS1.d502.s1.i1 -1.000000 -0.374519
DS1.d502.s1.i2 -1.000000 -0.220433
DS1.d502.s0.i2 1.000000 -0.047876
DS1.d502.s0.i1 1.000000 0.568070
DS1.d502.s0.i0 1.000000 0.382956
DS1.d501.s0.i0 1.000000 0.861351
DS1.d501.s0.i1 1.000000 0.840778
DS1.d500.s0.i0 1.000000 0.968293
DS1.d506.s0.i1 1.000000 0.882745
DS1.d506.s0.i0 1.000000 0.950555
DS1.d504.s1.i0 1.000000 0.894885
DS1.d504.s1.i1 1.000000 1.166820
DS1.d504.s0.i0 1.000000 0.849121
DS1.d133.s3.i0 1.000000 0.759493
DS1.d133.s2.i0 1.000000 0.802987
DS1.d133.s1.i0 1.000000 0.870060
DS1.d133.s0.i0 1.000000 0.922639
DS1.d130.s0.i8 1.000000 1.047870
DS1.d130.s0.i9 1.000000 1.078961
DS1.d130.s0.i4 1.000000 1.002628
DS1.d130.s0.i5 1.000000 0.936516
DS1.d130.s0.i6 1.000000 0.960346
DS1.d130.s0.i7 1.000000 1.138812
DS1.d130.s0.i0 1.000000 0.812235
DS1.d130.s0.i1 1.000000 1.054767
DS1.d130.s0.i2 1.000000 0.979701
DS1.d130.s0.i3 1.000000 0.970706
DS1.d131.s0.i0 1.000000 0.854187
DS1.d136.s0.i0 1.000000 0.648381
DS1.d136.s0.i1 1.000000 0.786527
DS1.d137.s1.i0 -1.000000 -0.779778
DS1.d137.s0.i0 -1.000000 -0.610781
DS1.d134.s0.i0 1.000000 0.903392
DS1.d134.s0.i1 1.000000 0.799096
DS1.d135.s1.i2 -1.000000 -0.489498
DS1.d135.s1.i0 1.000000 -0.369540
DS1.d135.s1.i1 -1.000000 -0.216941
DS1.d135.s0.i1 1.000000 0.773236
DS1.d135.s0.i0 1.000000 0.822696
DS1.d138.s2.i0 1.000000 0.855749
DS1.d138.s3.i0 1.000000 0.838988
DS1.d138.s0.i0 1.000000 0.937250
DS1.d138.s1.i0 1.000000 0.809863
DS1.d139.s1.i2 1.000000 0.936391
DS1.d139.s1.i3 1.000000 0.950887
DS1.d139.s1.i0 1.000000 1.008132
DS1.d139.s1.i1 1.000000 0.905364
DS1.d139.s0.i1 -1.000000 -0.837622
DS1.d139.s0.i0 -1.000000 -0.799953
DS1.d139.s2.i2 1.000000 0.931204
DS1.d139.s2.i1 1.000000 0.914898
DS1.d139.s2.i0 1.000000 0.914898
DS1.d520.s1.i0 1.000000 1.211338
DS1.d520.s1.i1 1.000000 0.750303
DS1.d520.s1.i2 1.000000 0.639382
DS1.d520.s0.i1 -1.000000 -0.571533
DS1.d520.s0.i0 1.000000 0.418139
DS1.d371.s0.i3 1.000000 0.882606
DS1.d371.s0.i2 1.000000 0.961053
DS1.d371.s0.i1 1.000000 0.948670
DS1.d371.s0.i0 1.000000 1.030922
DS1.d529.s0.i0 1.000000 0.578123
DS1.d528.s0.i1 1.000000 0.476408
DS1.d528.s0.i0 1.000000 0.594988
DS1.d445.s0.i0 1.000000 0.847364
DS1.d439.s0.i0 1.000000 0.885706
DS1.d438.s0.i0 1.000000 0.855498
DS1.d437.s0.i2 1.000000 0.445848
DS1.d437.s0.i0 -1.000000 -0.760821
DS1.d437.s0.i1 -1.000000 -0.630386
DS1.d436.s0.i0 1.000000 0.765121
DS1.d435.s0.i0 1.000000 0.778144
DS1.d435.s0.i1 1.000000 0.844738
DS1.d434.s0.i0 1.000000 0.598955
DS1.d433.s0.i0 1.000000 0.915474
DS1.d433.s1.i1 1.000000 0.842801
DS1.d433.s1.i0 1.000000 0.856228
DS1.d433.s1.i3 1.000000 0.917452
DS1.d433.s1.i2 1.000000 1.008457
DS1.d433.s2.i0 1.000000 1.288628
DS1.d433.s3.i0 1.000000 0.941473
DS1.d431.s0.i0 1.000000 0.758572
DS1.d431.s0.i1 1.000000 1.157142
DS1.d431.s0.i2 1.000000 0.804618
DS1.d431.s0.i3 1.000000 1.030223
DS1.d431.s0.i4 1.000000 0.891456
DS1.d431.s0.i5 1.000000 1.030846
