DS3.d7.s0.i0 1.0 0.850883905825
DS3.d7.s0.i1 1.0 0.90593800214
DS3.d7.s0.i2 1.0 1.18283554184
DS3.d7.s0.i3 1.0 1.06144324312
DS3.d7.s1.i0 1.0 1.72867680981
DS3.d7.s1.i1 1.0 1.61228819833
DS3.d7.s2.i0 -1 0.162032258692
DS3.d7.s2.i1 -1 0.24888307921
DS3.d16.s0.i0 1.0 1.19804445745
DS3.d28.s0.i0 1.0 0.4319822951
DS3.d28.s0.i1 1.0 0.608661944687
DS3.d28.s0.i2 1.0 1.08435711101
DS3.d28.s1.i0 1.0 0.888799231957
DS3.d28.s1.i1 1.0 1.15589746669
DS3.d39.s0.i0 -1 -0.128557506849
DS3.d72.s0.i0 -1 -0.755249829818
DS3.d72.s0.i1 -1 -1.24311294571
DS3.d87.s0.i0 1.0 0.774699715958
DS3.d91.s0.i0 -1 0.0383519822381
DS3.d91.s0.i1 -1 0.0961965277799
DS3.d91.s0.i2 -1 -0.0737790668101
DS3.d91.s0.i3 -1 -0.0406889637217
DS3.d91.s0.i4 -1 0.0108182098254
DS3.d91.s0.i5 1.0 0.362780107699
DS3.d109.s0.i0 1.0 -0.613946481995
DS3.d109.s0.i1 1.0 -0.32152303813
DS3.d109.s0.i2 -1 0.00177022928255
DS3.d109.s0.i3 1.0 -0.696091256343
DS3.d109.s0.i4 -1 0.0632421995147
DS3.d109.s0.i5 -1 -0.549305313352
DS3.d134.s0.i0 1.0 0.186220618174
DS3.d134.s0.i1 1.0 0.147934664245
DS3.d151.s0.i0 -1 0.74275176434
DS3.d155.s0.i0 1.0 1.11033072211
DS3.d155.s0.i1 1.0 0.237182101591
DS3.d155.s0.i2 1.0 1.58668999817
DS3.d161.s0.i0 1.0 -0.241800424329
DS3.d161.s0.i1 1.0 -0.110300018132
DS3.d161.s0.i2 1.0 -0.568409551517
DS3.d161.s0.i3 1.0 -0.174320340915
DS3.d161.s0.i4 1.0 0.406234424075
DS3.d161.s0.i5 1.0 -0.480673936807
DS3.d169.s0.i0 1.0 0.469609254909
DS3.d169.s0.i1 1.0 -0.108949851986
DS3.d169.s1.i0 1.0 0.305743989111
DS3.d169.s1.i1 1.0 0.125971529803
DS3.d169.s1.i2 1.0 -0.454537251317
DS3.d169.s1.i3 1.0 0.00436159831874
DS3.d169.s1.i4 1.0 -0.148586671857
DS3.d169.s1.i5 1.0 -0.661570925388
DS3.d180.s0.i0 1.0 0.672053993063
DS3.d180.s0.i1 1.0 0.662147220459
DS3.d180.s1.i0 1.0 1.47019450962
DS3.d180.s2.i0 1.0 1.37918924047
DS3.d180.s2.i1 1.0 1.52128722507
DS3.d210.s0.i0 1.0 1.36386411258
DS3.d210.s0.i1 1.0 1.7462139453
DS3.d218.s0.i0 1.0 1.35687807857
DS3.d218.s0.i1 1.0 1.36026332254
DS3.d218.s1.i0 -1 -0.473488932218
DS3.d218.s1.i1 -1 -0.782254711493
DS3.d218.s1.i2 -1 -0.684358592495
DS3.d218.s1.i3 -1 -0.46168550695
DS3.d263.s0.i0 1.0 0.5836579843
DS3.d263.s0.i1 -1 0.561351442668
DS3.d263.s0.i2 1.0 0.752718085484
DS3.d263.s0.i3 1.0 1.35944745486
DS3.d263.s0.i4 -1 0.492387428375
DS3.d263.s0.i5 -1 1.10094401834
DS3.d263.s0.i6 -1 0.361115946887
DS3.d263.s0.i7 1.0 0.657356111137
DS3.d263.s0.i8 -1 0.599517816942
DS3.d263.s0.i9 1.0 0.552482589703
DS3.d263.s0.i10 1.0 0.68375407119
DS3.d263.s0.i11 -1 0.464754101533
DS3.d263.s0.i12 -1 0.392291341484
DS3.d263.s0.i13 1.0 0.793442415142
DS3.d263.s1.i0 1.0 1.24282688557
DS3.d265.s0.i0 1.0 1.83381002932
DS3.d265.s0.i1 -1 -0.789409344892
DS3.d265.s1.i0 1.0 1.33215613749
DS3.d265.s1.i1 1.0 1.33474558006
DS3.d265.s1.i2 1.0 1.27675653599
DS3.d265.s1.i3 1.0 1.42658408144
DS3.d268.s0.i0 1.0 0.240473915263
DS3.d268.s0.i1 1.0 0.260158469522
DS3.d313.s0.i0 1.0 -0.0416782425239
DS3.d313.s1.i0 1.0 1.13383467681
DS3.d313.s1.i1 1.0 0.0879060801218
DS3.d313.s2.i0 1.0 1.55857901951
DS3.d313.s3.i0 1.0 0.586618231762
DS3.d313.s4.i0 1.0 1.17618975655
DS3.d313.s5.i0 1.0 0.346585308136
DS3.d314.s0.i0 1.0 0.177737735048
DS3.d314.s0.i1 -1 0.107012686216
DS3.d331.s0.i0 -1 1.08196383711
DS3.d331.s0.i1 1.0 0.812366877989
DS3.d331.s0.i2 1.0 0.240272028056
DS3.d331.s0.i3 -1 1.51850950612
DS3.d332.s0.i0 1.0 0.15202005737
DS3.d334.s0.i0 1.0 0.906257964104
DS3.d334.s1.i0 -1 0.443738616948
DS3.d345.s0.i0 1.0 0.685511694046
DS3.d345.s1.i0 1.0 0.468796391244
DS3.d345.s1.i1 1.0 -0.0859653071277
DS3.d345.s2.i0 1.0 0.658403189556
DS3.d345.s2.i1 1.0 0.856494555383
DS3.d345.s2.i2 1.0 2.30304419297
DS3.d345.s2.i3 1.0 2.15959072536
DS3.d345.s3.i0 1.0 1.10588570272
DS3.d345.s3.i1 1.0 1.71726538882
DS3.d345.s3.i2 1.0 1.26657844125
DS3.d351.s0.i0 -1 -1.13475393855
DS3.d351.s0.i1 -1 -0.948314402476
DS3.d351.s0.i2 -1 -1.29081560811
DS3.d351.s0.i3 -1 -0.968160546896
DS3.d352.s0.i0 1.0 1.7936530203
DS3.d352.s0.i1 1.0 1.91273407684
DS3.d353.s0.i0 1.0 0.503968014726
DS3.d353.s0.i1 1.0 0.136383689333
DS3.d354.s0.i0 1.0 -0.513916456401
DS3.d366.s0.i0 1.0 0.268550877296
DS3.d366.s0.i1 1.0 1.59888294777
DS3.d370.s0.i0 1.0 0.366664848364
DS3.d386.s0.i0 1.0 0.994253319448
DS3.d386.s1.i0 1.0 1.24437359944
DS3.d386.s1.i1 1.0 1.37565980974
DS3.d386.s2.i0 1.0 2.21464956275
DS3.d386.s2.i1 1.0 2.81401344175
DS3.d398.s0.i0 1.0 1.44168063927
DS3.d402.s0.i0 -1 -0.736278199787
DS3.d402.s0.i1 1.0 1.29830547091
DS3.d402.s0.i2 1.0 0.774795310638
DS3.d402.s1.i0 -1 0.807371591896
DS3.d402.s1.i1 -1 0.891814460891
DS3.d402.s2.i0 1.0 0.882223722021
DS3.d402.s2.i1 1.0 0.709784770172
DS3.d402.s2.i2 -1 -0.293807526463
DS3.d402.s2.i3 1.0 0.837424976038
DS3.d402.s3.i0 1.0 0.638621622369
DS3.d402.s3.i1 -1 -1.25033943056
DS3.d402.s3.i2 1.0 0.162918462534
DS3.d403.s0.i0 -1 -0.324208751307
DS3.d435.s0.i0 1.0 0.209956580067
DS3.d435.s0.i1 1.0 0.0120414686698
DS3.d438.s0.i0 1.0 0.361852938385
DS3.d449.s0.i0 1.0 0.133579421915
DS3.d452.s0.i0 1.0 1.37211419373
DS3.d452.s0.i1 -1 0.802811441435
DS3.d452.s0.i2 -1 0.764032619631
DS3.d452.s0.i3 1.0 1.70915880887
DS3.d452.s0.i4 -1 0.325464639148
DS3.d452.s0.i5 1.0 1.65221971253
DS3.d452.s1.i0 1.0 1.29180540917
DS3.d454.s0.i0 -1 -0.8115903712
DS3.d454.s0.i1 1.0 0.834929640881
DS3.d454.s0.i2 -1 -0.45575304092
DS3.d454.s0.i3 -1 -0.566054186322
DS3.d464.s0.i0 1.0 0.996977922623
DS3.d464.s0.i1 1.0 0.677432388876
DS3.d464.s0.i2 1.0 0.650830646421
DS3.d464.s0.i3 1.0 1.15987270948
DS3.d464.s1.i0 1.0 0.597100942609
DS3.d465.s0.i0 1.0 0.0155116064957
DS3.d465.s0.i1 1.0 0.0142288551454
DS3.d465.s0.i2 1.0 0.0959159939997
DS3.d472.s0.i0 1.0 1.33582546445
DS3.d472.s0.i1 1.0 1.07987854268
DS3.d477.s0.i0 1.0 1.20771042995
DS3.d481.s0.i0 1.0 -0.145243784195
DS3.d481.s0.i1 1.0 0.318125590117
DS3.d491.s0.i0 1.0 0.218203653047
DS3.d491.s0.i1 1.0 0.156708691067
DS3.d491.s1.i0 -1 -0.50413565486
DS3.d493.s0.i0 1.0 0.781489016301
DS3.d493.s0.i1 1.0 0.799529104166
DS3.d493.s0.i2 1.0 1.45280206284
DS3.d493.s1.i0 1.0 0.922454314136
DS3.d496.s0.i0 -1 -0.570455633333
DS3.d496.s0.i1 -1 -0.643348820126
DS3.d496.s1.i0 1.0 -0.257219905867
DS3.d510.s0.i0 1.0 1.79978389271
DS3.d510.s0.i1 1.0 1.95235412271
DS3.d510.s1.i0 1.0 1.16116208988
DS3.d510.s2.i0 1.0 1.6812246029
DS3.d521.s0.i0 1.0 0.703737826904
DS3.d521.s0.i1 1.0 0.574878379355
DS3.d522.s0.i0 -1 -0.428630290823
DS3.d522.s0.i1 -1 -0.823240804758
DS3.d530.s0.i0 -1 0.0592715633436
DS3.d534.s0.i0 1.0 0.261833513237
DS3.d534.s0.i1 1.0 0.43923258521
DS3.d534.s0.i2 1.0 0.672001149745
DS3.d534.s0.i3 1.0 0.110856780436
DS3.d534.s0.i4 1.0 0.0860086716056
DS3.d534.s0.i5 1.0 0.133276156699
DS3.d534.s1.i0 1.0 1.18445249668
DS3.d534.s2.i0 1.0 1.2649968427
DS3.d536.s0.i0 1.0 0.407076562718
DS3.d536.s0.i1 1.0 0.520557155558
DS3.d536.s0.i2 1.0 0.464116363131
DS3.d536.s0.i3 1.0 0.571317996859
DS3.d536.s1.i0 -1 -0.0531468596976
DS3.d536.s1.i1 1.0 0.606200573308
DS3.d542.s0.i0 1.0 1.79682053433
DS3.d542.s0.i1 -1 0.235312099053
DS3.d542.s1.i0 -1 2.27440295931
DS3.d543.s0.i0 1.0 -0.495692676689
DS3.d543.s0.i1 1.0 -0.440028918107
DS3.d543.s0.i2 -1 -1.43577344591
DS3.d553.s0.i0 1.0 0.72736680552
DS3.d553.s0.i1 1.0 0.451786875016
DS3.d555.s0.i0 1.0 0.907650125978
DS3.d555.s1.i0 -1 -0.165322116715
DS3.d577.s0.i0 -1 -1.32166956287
DS3.d577.s0.i1 -1 0.566190939699
DS3.d577.s0.i2 -1 0.566190939699
DS3.d597.s0.i0 -1 -0.91711349737
DS3.d597.s0.i1 -1 -0.0566026047947
DS3.d597.s0.i2 -1 -0.523744482322
DS3.d597.s0.i3 -1 -0.727117003909
DS3.d597.s0.i4 -1 -0.528423836651
DS3.d597.s0.i5 -1 0.433579449159
DS3.d610.s0.i0 1.0 1.1797637686
DS3.d625.s0.i0 -1 0.408625472463
DS3.d625.s0.i1 -1 -0.50576778218
DS3.d625.s0.i2 -1 0.54116671746
DS3.d625.s0.i3 -1 0.207655253232
DS3.d625.s1.i0 1.0 -0.20338997929
DS3.d625.s1.i1 1.0 -0.779327054776
DS3.d649.s0.i0 -1 0.397600698595
DS3.d649.s0.i1 1.0 0.22822542165
DS3.d649.s0.i2 -1 0.230598691937
DS3.d649.s0.i3 1.0 0.213043080804
DS3.d649.s0.i4 -1 0.162208791535
DS3.d649.s0.i5 -1 0.0615318140407
DS3.d649.s0.i6 1.0 0.2129895655
DS3.d649.s0.i7 1.0 0.277530484232
DS3.d650.s0.i0 1.0 1.71226958618
DS3.d650.s1.i0 1.0 1.08074777464
DS3.d650.s1.i1 1.0 1.35858093979
DS3.d650.s2.i0 1.0 2.02879882032
DS3.d650.s2.i1 1.0 2.36407561365
DS3.d650.s3.i0 1.0 1.03236869258
DS3.d650.s3.i1 1.0 1.02772588989
DS3.d655.s0.i0 1.0 0.669500364758
DS3.d655.s0.i1 1.0 0.425409719802
DS3.d655.s1.i0 -1 0.368669239037
DS3.d655.s1.i1 1.0 1.0360270841
DS3.d655.s1.i2 -1 -0.0771777658747
DS3.d658.s0.i0 1.0 0.478571750971
DS3.d666.s0.i0 1.0 0.541444228807
DS3.d666.s0.i1 1.0 0.499875446437
DS3.d666.s0.i2 1.0 1.1508452217
DS3.d669.s0.i0 -1 1.00154448876
DS3.d676.s0.i0 1.0 0.90800167503
DS3.d689.s0.i0 -1 0.288092447823
DS3.d689.s0.i1 -1 0.590299866413
DS3.d699.s0.i0 1.0 2.21100206121
DS3.d699.s0.i1 1.0 2.21100206121
DS3.d699.s1.i0 1.0 -0.458717451932
DS3.d699.s1.i1 -1 -1.57981390995
DS3.d699.s1.i2 -1 -1.66386008165
DS3.d699.s2.i0 1.0 0.325661413997
DS3.d704.s0.i0 -1 -0.977845175811
DS3.d704.s0.i1 1.0 -0.240226068007
DS3.d704.s0.i2 1.0 -0.240226068007
DS3.d704.s0.i3 1.0 -0.57276978165
DS3.d704.s0.i4 1.0 -0.57276978165
DS3.d704.s0.i5 -1 -0.977845175811
DS3.d721.s0.i0 -1 0.929866378469
DS3.d721.s0.i1 -1 1.03013774777
DS3.d721.s0.i2 -1 0.79120361982
DS3.d721.s0.i3 1.0 1.57154268791
DS3.d721.s0.i4 -1 0.801446267399
DS3.d721.s0.i5 1.0 1.32096854626
DS3.d734.s0.i0 1.0 -0.00762533268705
DS3.d734.s0.i1 1.0 -0.118610137414
DS3.d734.s0.i2 1.0 -0.249234533563
DS3.d734.s0.i3 1.0 -0.158226452237
DS3.d759.s0.i0 -1 0.434851676652
DS3.d759.s0.i1 -1 0.434851676652
DS3.d773.s0.i0 -1 0.489673503172
DS3.d773.s0.i1 -1 0.171038828062
DS3.d774.s0.i0 -1 0.164465126607
DS3.d774.s0.i1 1.0 0.548428884969
DS3.d774.s1.i0 -1 -0.346337785442
DS3.d774.s1.i1 1.0 0.18387563166
DS3.d775.s0.i0 1.0 1.06849961553
DS3.d784.s0.i0 1.0 -0.760796248885
DS3.d784.s1.i0 1.0 1.48591356061
DS3.d803.s0.i0 1.0 0.117361522402
DS3.d803.s0.i1 1.0 -0.0801107829006
DS3.d803.s0.i2 1.0 0.0571197298379
DS3.d803.s0.i3 1.0 0.0572505256341
DS3.d803.s1.i0 1.0 0.214316144733
DS3.d803.s1.i1 1.0 0.286375136936
DS3.d803.s2.i0 1.0 0.603525840007
DS3.d803.s2.i1 1.0 0.516456307582
DS3.d813.s0.i0 -1 0.6725293253
DS3.d820.s0.i0 -1 0.181037006824
DS3.d820.s0.i1 -1 -0.111562357129
DS3.d820.s0.i2 -1 1.86344709323
DS3.d820.s1.i0 1.0 1.37923350103
DS3.d820.s2.i0 -1 -0.983696818517
DS3.d820.s2.i1 -1 -2.35178463476
DS3.d820.s3.i0 -1 -0.191335469616
DS3.d821.s0.i0 -1 0.132723182775
DS3.d821.s0.i1 -1 0.3470404549
DS3.d833.s0.i0 1.0 1.71098768565
DS3.d841.s0.i0 1.0 1.08795843122
DS3.d841.s1.i0 1.0 1.81423987449
DS3.d842.s0.i0 -1 -0.342225219296
DS3.d842.s0.i1 -1 0.229553639384
DS3.d842.s0.i2 -1 -0.438105425134
DS3.d842.s0.i3 -1 -1.62167888658
DS3.d842.s1.i0 -1 -0.571353101167
DS3.d842.s1.i1 -1 -0.092894438611
DS3.d842.s1.i2 -1 -0.443096615387
DS3.d842.s1.i3 -1 -0.928276848395
DS3.d846.s0.i0 -1 1.66294748501
DS3.d846.s1.i0 1.0 0.0397732755999
DS3.d846.s1.i1 1.0 0.843592234547
DS3.d846.s1.i2 1.0 0.769430886294
DS3.d848.s0.i0 1.0 0.428495208153
DS3.d848.s0.i1 1.0 1.0087815934
DS3.d848.s0.i2 1.0 1.20872354227
DS3.d851.s0.i0 -1 0.471626742141
DS3.d867.s0.i0 1.0 1.56816336702
DS3.d875.s0.i0 -1 -0.095817354549
DS3.d875.s0.i1 -1 -0.0800798632379
DS3.d875.s0.i2 -1 -0.170653981322
DS3.d875.s0.i3 -1 0.0180806702991
DS3.d877.s0.i0 -1 0.938394243273
DS3.d877.s0.i1 -1 0.948875621255
DS3.d877.s0.i2 -1 0.0824983477216
DS3.d881.s0.i0 1.0 0.906972394824
DS3.d881.s0.i1 1.0 0.805519909643
DS3.d891.s0.i0 1.0 0.608727486478
DS3.d891.s0.i1 1.0 0.242845876501
DS3.d891.s1.i0 -1 -0.472829754677
DS3.d891.s2.i0 1.0 -0.293076677471
DS3.d891.s2.i1 1.0 1.05176787716
DS3.d891.s3.i0 1.0 -0.726399981045
DS3.d893.s0.i0 -1 -1.06660029461
DS3.d893.s0.i1 1.0 -0.0772173306957
DS3.d905.s0.i0 1.0 1.68543982045
DS3.d905.s0.i1 -1 0.621945784118
DS3.d906.s0.i0 1.0 1.17975089505
DS3.d906.s0.i1 1.0 1.17975089505
DS3.d906.s1.i0 1.0 0.792227189409
DS3.d906.s1.i1 1.0 0.792227189409
DS3.d906.s1.i2 1.0 0.322764559007
DS3.d906.s1.i3 1.0 0.869138858521
DS3.d906.s1.i4 1.0 0.869138858521
DS3.d906.s1.i5 1.0 0.0905496105239
DS3.d926.s0.i0 -1 0.211021328108
DS3.d926.s1.i0 -1 2.08762452939
DS3.d926.s1.i1 -1 2.46673010265
DS3.d932.s0.i0 1.0 1.76890790963
DS3.d947.s0.i0 1.0 0.734003493576
DS3.d947.s0.i1 1.0 0.734003493576
DS3.d949.s0.i0 1.0 -0.148719640144
DS3.d952.s0.i0 -1 -0.00434114932111
DS3.d952.s0.i1 -1 -0.332260807376
DS3.d952.s1.i0 -1 -1.64437865342
DS3.d952.s1.i1 -1 -1.10028151772
DS3.d952.s1.i2 -1 -1.66386859759
DS3.d952.s1.i3 -1 -1.54447157057
DS3.d952.s2.i0 -1 -0.0249817058838
DS3.d952.s3.i0 -1 -0.896470907958
DS3.d952.s3.i1 -1 -0.770110521909
DS3.d952.s3.i2 -1 -0.998742254215
DS3.d957.s0.i0 1.0 1.13407878675
DS3.d961.s0.i0 1.0 1.59190689629
DS3.d964.s0.i0 -1 -0.126103613939
DS3.d964.s1.i0 -1 -0.250407364862
DS3.d964.s1.i1 1.0 0.486015484563
DS3.d964.s2.i0 -1 0.152119028175
DS3.d997.s0.i0 1.0 0.851261861392
DS3.d997.s0.i1 1.0 0.582322559751
DS3.d997.s0.i2 1.0 1.24797988186
DS3.d1000.s0.i0 1.0 -0.349013025605
DS3.d1000.s0.i1 1.0 -0.733442288216
DS3.d1009.s0.i0 -1 0.955838909738
DS3.d1009.s1.i0 -1 -0.146654179606
DS3.d1009.s1.i1 -1 -0.320747369825
DS3.d1014.s0.i0 1.0 0.403562099261
DS3.d1026.s0.i0 1.0 0.442705155912
DS3.d1026.s1.i0 1.0 1.30275950325
DS3.d1028.s0.i0 1.0 1.1578731659
DS3.d1028.s0.i1 1.0 -0.291328469114
DS3.d1034.s0.i0 -1 -0.564663573471
DS3.d1034.s1.i0 -1 -0.963676607879
DS3.d1044.s0.i0 1.0 0.508432481129
DS3.d1045.s0.i0 1.0 1.26905970303
DS3.d1047.s0.i0 -1 0.573844935763
DS3.d1047.s0.i1 -1 0.552409632416
DS3.d1047.s0.i2 -1 0.223585437633
DS3.d1047.s0.i3 -1 0.29728384424
DS3.d1047.s0.i4 -1 0.281337125374
DS3.d1047.s0.i5 -1 0.46616281713
DS3.d1057.s0.i0 -1 -0.1637509871
DS3.d1057.s1.i0 -1 -0.220940725073
DS3.d1058.s0.i0 1.0 0.49099310806
DS3.d1058.s1.i0 1.0 0.420179041149
DS3.d1058.s1.i1 1.0 0.376100646584
DS3.d1064.s0.i0 1.0 0.801547760781
DS3.d1064.s0.i1 -1 0.555171898413
DS3.d1076.s0.i0 -1 0.573535386731
DS3.d1076.s0.i1 -1 1.11492222412
DS3.d1080.s0.i0 1.0 0.628792256361
DS3.d1084.s0.i0 -1 -1.25663799434
DS3.d1091.s0.i0 1.0 0.837360034766
DS3.d1091.s0.i1 1.0 0.89343732919
DS3.d1091.s0.i2 1.0 0.913819824499
DS3.d1104.s0.i0 1.0 -0.417933506241
DS3.d1104.s1.i0 -1 0.141691795308
DS3.d1107.s0.i0 -1 0.0146409761094
DS3.d1134.s0.i0 -1 -0.486876186585
DS3.d1142.s0.i0 -1 -0.895589706665
DS3.d1142.s0.i1 -1 -0.421485004281
DS3.d1142.s0.i2 -1 -0.225084213523
DS3.d1145.s0.i0 1.0 0.706770363224
DS3.d1156.s0.i0 1.0 0.954556997059
DS3.d1156.s1.i0 1.0 1.71900472784
DS3.d1156.s1.i1 1.0 0.829539009783
DS3.d1165.s0.i0 1.0 1.25145629578
DS3.d1166.s0.i0 -1 -1.12665231847
DS3.d1166.s0.i1 -1 -1.43169521452
DS3.d1166.s0.i2 -1 -1.11077687493
DS3.d1166.s0.i3 -1 -1.7349291667
DS3.d1191.s0.i0 1.0 1.21669518842
DS3.d1203.s0.i0 1.0 -0.104449559303
DS3.d1203.s1.i0 1.0 1.35827880949
DS3.d1217.s0.i0 1.0 0.43030891651
DS3.d1217.s0.i1 1.0 -0.0968368571942
DS3.d1217.s1.i0 1.0 0.681346200232
DS3.d1235.s0.i0 1.0 0.753931123998
DS3.d1235.s0.i1 -1 0.050241445659
DS3.d1235.s0.i2 -1 0.364758299239
DS3.d1235.s0.i3 1.0 0.533287750454
DS3.d1239.s0.i0 1.0 -0.374934200512
DS3.d1248.s0.i0 -1 -2.28376651131
DS3.d1248.s0.i1 -1 -1.63179667901
DS3.d1311.s0.i0 -1 0.367508333315
DS3.d1337.s0.i0 -1 -0.371913147407
DS3.d1354.s0.i0 -1 -0.432040942959
DS3.d1354.s0.i1 -1 0.468476329448
DS3.d1357.s0.i0 -1 1.2915942333
DS3.d1357.s0.i1 -1 0.976316340189
DS3.d1361.s0.i0 1.0 1.13894669131
DS3.d1361.s1.i0 1.0 1.39065771134
DS3.d1370.s0.i0 1.0 1.31909450562
DS3.d1372.s0.i0 1.0 0.34388745903
DS3.d1385.s0.i0 1.0 0.734238638022
DS3.d1385.s1.i0 1.0 -0.980379492719
DS3.d1385.s1.i1 1.0 -1.01218541685
DS3.d1386.s0.i0 1.0 -0.157169409837
DS3.d1386.s0.i1 1.0 -0.165730107925
DS3.d1386.s0.i2 1.0 0.0154958147671
DS3.d1386.s1.i0 -1 0.60000927157
DS3.d1386.s1.i1 -1 0.241516846372
DS3.d1386.s1.i2 1.0 -0.619969168146
DS3.d1387.s0.i0 1.0 0.645805625475
DS3.d1388.s0.i0 1.0 0.563151895367
DS3.d1411.s0.i0 -1 -0.793376964994
DS3.d1413.s0.i0 1.0 -0.716244854423
DS3.d1413.s0.i1 1.0 -0.716244854423
DS3.d1413.s0.i2 1.0 0.194488142346
DS3.d1413.s0.i3 1.0 0.194488142346
DS3.d1422.s0.i0 1.0 0.599456528583
DS3.d1425.s0.i0 1.0 2.10957433675
DS3.d1425.s1.i0 1.0 0.432057789115
DS3.d1444.s0.i0 -1 -1.97874996371
DS3.d1444.s0.i1 -1 -1.95192455927
DS3.d1448.s0.i0 1.0 1.18088017549
DS3.d1468.s0.i0 1.0 1.01778948901
DS3.d1468.s0.i1 1.0 1.07611835878
DS3.d1468.s0.i2 1.0 0.40312630578
DS3.d1468.s0.i3 1.0 0.480500251308
DS3.d1468.s1.i0 -1 -0.643825227006
DS3.d1468.s1.i1 -1 0.0179063353684
DS3.d1468.s2.i0 1.0 -0.271603329349
DS3.d1468.s2.i1 1.0 -0.407827460183
DS3.d1468.s3.i0 1.0 1.15043155785
DS3.d1468.s3.i1 1.0 2.03598563316
DS3.d1468.s3.i2 1.0 1.24927273306
DS3.d1472.s0.i0 1.0 -0.228306514029
DS3.d1472.s0.i1 1.0 -0.307188025388
DS3.d1533.s0.i0 -1 1.08531069293
DS3.d1536.s0.i0 1.0 0.12006667448
DS3.d1538.s0.i0 1.0 0.843442397639
DS3.d1538.s0.i1 1.0 0.473117012575
DS3.d1551.s0.i0 -1 1.29470367159
DS3.d1556.s0.i0 1.0 1.75594649217
DS3.d1556.s0.i1 1.0 2.13046752162
DS3.d1556.s0.i2 1.0 1.75594649217
DS3.d1564.s0.i0 -1 -0.880540855958
DS3.d1571.s0.i0 1.0 0.609325444635
DS3.d1585.s0.i0 1.0 1.43538036751
DS3.d1585.s0.i1 1.0 -0.0105274155786
DS3.d1587.s0.i0 -1 -1.37891255137
DS3.d1587.s0.i1 -1 -0.820484956172
DS3.d1587.s1.i0 -1 -0.969021869023
DS3.d1587.s1.i1 -1 -0.19792645933
DS3.d1587.s2.i0 -1 -0.828256147096
DS3.d1587.s2.i1 -1 0.403585801262
DS3.d1587.s3.i0 -1 -0.876410360052
DS3.d1587.s3.i1 -1 -1.44487506004
DS3.d1595.s0.i0 -1 -0.326390806707
DS3.d1604.s0.i0 -1 -0.70763626015
DS3.d1604.s0.i1 -1 -1.62875616269
DS3.d1604.s1.i0 -1 -0.406574037043
DS3.d1604.s1.i1 -1 -1.40772748166
DS3.d1604.s1.i2 -1 -0.942539546897
DS3.d1604.s2.i0 -1 -0.08492470311
DS3.d1604.s2.i1 -1 -1.71902541094
DS3.d1607.s0.i0 1.0 1.18228162391
DS3.d1609.s0.i0 1.0 -0.721438829359
DS3.d1615.s0.i0 1.0 1.77595095164
DS3.d1636.s0.i0 1.0 1.66523054338
DS3.d1636.s1.i0 1.0 0.280618787627
DS3.d1636.s1.i1 1.0 0.00516881594988
DS3.d1639.s0.i0 1.0 0.0658688498118
DS3.d1656.s0.i0 -1 -1.03887803223
DS3.d1656.s0.i1 -1 -1.21201137
DS3.d1656.s0.i2 -1 -1.03363318918
DS3.d1656.s0.i3 -1 -0.303208927435
DS3.d1656.s0.i4 -1 -1.08246460791
DS3.d1656.s0.i5 -1 -1.21628860521
DS3.d1656.s0.i6 -1 -0.127581934111
DS3.d1656.s0.i7 -1 -0.912879828007
DS3.d1656.s0.i8 -1 -0.896440968292
DS3.d1656.s0.i9 -1 -0.602257661849
DS3.d1656.s0.i10 -1 -1.47987997498
DS3.d1656.s0.i11 -1 -1.59222809174
DS3.d1656.s0.i12 -1 -1.59661579718
DS3.d1656.s0.i13 -1 -0.59450702631
DS3.d1689.s0.i0 1.0 0.52270532483
DS3.d1696.s0.i0 1.0 0.61264150777
DS3.d1697.s0.i0 1.0 1.13171419374
DS3.d1697.s0.i1 1.0 2.11306054265
DS3.d1698.s0.i0 1.0 -0.370038290184
DS3.d1703.s0.i0 1.0 1.64308208901
DS3.d1720.s0.i0 1.0 0.728050292884
DS3.d1725.s0.i0 1.0 1.57599626483
DS3.d1735.s0.i0 1.0 1.22702627855
DS3.d1735.s0.i1 1.0 1.36754773427
DS3.d1735.s1.i0 1.0 -0.776310514552
DS3.d1743.s0.i0 1.0 1.46880827626
DS3.d1743.s1.i0 1.0 1.17739434117
DS3.d1743.s2.i0 1.0 0.974910964308
DS3.d1749.s0.i0 1.0 1.16145694658
DS3.d1757.s0.i0 1.0 2.03628504642
DS3.d1757.s1.i0 1.0 0.268294064009
DS3.d1768.s0.i0 1.0 0.874652720405
DS3.d1768.s1.i0 1.0 -0.866717847668
DS3.d1768.s2.i0 -1 -0.421328516126
DS3.d1770.s0.i0 1.0 0.421696666008
DS3.d1775.s0.i0 -1 -1.69746774286
DS3.d1775.s0.i1 -1 -1.00535772879
DS3.d1790.s0.i0 -1 -0.913523114983
DS3.d1816.s0.i0 1.0 1.66465843619
DS3.d1819.s0.i0 1.0 -0.131301217252
DS3.d1819.s0.i1 1.0 -0.273512675529
DS3.d1819.s0.i2 1.0 -0.139601692966
DS3.d1819.s0.i3 1.0 -1.02209791727
DS3.d1819.s0.i4 1.0 -0.156626155509
DS3.d1819.s1.i0 1.0 1.26369787342
DS3.d1877.s0.i0 1.0 0.849707444721
DS3.d1877.s1.i0 1.0 0.846940925308
DS3.d1877.s1.i1 1.0 0.846940925308
