DS3.d7.s0.i0 1.0 0.98582874376
DS3.d7.s0.i1 1.0 1.1319589185
DS3.d7.s0.i2 1.0 1.408389414
DS3.d7.s0.i3 1.0 1.13143215565
DS3.d7.s1.i0 1.0 1.4590808076
DS3.d7.s1.i1 1.0 1.30684553003
DS3.d7.s2.i0 -1 0.268657368918
DS3.d7.s2.i1 -1 0.466801355614
DS3.d16.s0.i0 1.0 1.20319204437
DS3.d28.s0.i0 1.0 0.580757025167
DS3.d28.s0.i1 1.0 0.81706825955
DS3.d28.s0.i2 1.0 1.01573324259
DS3.d28.s1.i0 1.0 1.06108213127
DS3.d28.s1.i1 1.0 1.51958147453
DS3.d39.s0.i0 -1 0.13755580355
DS3.d72.s0.i0 -1 -0.383187567301
DS3.d72.s0.i1 -1 -0.61076008157
DS3.d87.s0.i0 1.0 0.755173948271
DS3.d91.s0.i0 -1 0.10337489187
DS3.d91.s0.i1 -1 0.0952694244182
DS3.d91.s0.i2 -1 -0.0564927975939
DS3.d91.s0.i3 -1 0.0581635303164
DS3.d91.s0.i4 -1 0.00871550514581
DS3.d91.s0.i5 1.0 0.412414800071
DS3.d109.s0.i0 1.0 -0.367818709526
DS3.d109.s0.i1 1.0 -0.00383762454917
DS3.d109.s0.i2 -1 0.0881429464198
DS3.d109.s0.i3 1.0 -0.08068021409
DS3.d109.s0.i4 -1 0.315872040645
DS3.d109.s0.i5 -1 0.173818320266
DS3.d134.s0.i0 1.0 0.173940638994
DS3.d134.s0.i1 1.0 0.470493237099
DS3.d151.s0.i0 -1 1.16066207454
DS3.d155.s0.i0 1.0 1.00494800736
DS3.d155.s0.i1 1.0 0.198489616295
DS3.d155.s0.i2 1.0 1.45679536589
DS3.d161.s0.i0 1.0 -0.314619183982
DS3.d161.s0.i1 1.0 -0.241308345252
DS3.d161.s0.i2 1.0 -0.642908915873
DS3.d161.s0.i3 1.0 -0.252187393812
DS3.d161.s0.i4 1.0 0.209468782021
DS3.d161.s0.i5 1.0 -0.566967381515
DS3.d169.s0.i0 1.0 0.625391989774
DS3.d169.s0.i1 1.0 -0.159210617966
DS3.d169.s1.i0 1.0 0.0810797503571
DS3.d169.s1.i1 1.0 -0.0369236624047
DS3.d169.s1.i2 1.0 -0.112333767426
DS3.d169.s1.i3 1.0 0.203262454787
DS3.d169.s1.i4 1.0 0.0942994621456
DS3.d169.s1.i5 1.0 -0.365737127314
DS3.d180.s0.i0 1.0 1.04299658102
DS3.d180.s0.i1 1.0 0.637754260845
DS3.d180.s1.i0 1.0 1.42051012905
DS3.d180.s2.i0 1.0 1.56165644822
DS3.d180.s2.i1 1.0 1.647949846
DS3.d210.s0.i0 1.0 1.42478081176
DS3.d210.s0.i1 1.0 1.87350689727
DS3.d218.s0.i0 1.0 1.38721182681
DS3.d218.s0.i1 1.0 1.44130729691
DS3.d218.s1.i0 -1 -0.352832543002
DS3.d218.s1.i1 -1 -0.651187497794
DS3.d218.s1.i2 -1 -0.394046820069
DS3.d218.s1.i3 -1 -0.233026294328
DS3.d263.s0.i0 1.0 0.420975131255
DS3.d263.s0.i1 -1 0.696245271929
DS3.d263.s0.i2 1.0 0.717141221827
DS3.d263.s0.i3 1.0 1.26165287934
DS3.d263.s0.i4 -1 0.592481714166
DS3.d263.s0.i5 -1 1.20202708744
DS3.d263.s0.i6 -1 0.525388034853
DS3.d263.s0.i7 1.0 0.685919229698
DS3.d263.s0.i8 -1 0.553668057465
DS3.d263.s0.i9 1.0 0.546283984752
DS3.d263.s0.i10 1.0 0.613377664064
DS3.d263.s0.i11 -1 0.664422721982
DS3.d263.s0.i12 -1 0.400079181357
DS3.d263.s0.i13 1.0 0.575838708915
DS3.d263.s1.i0 1.0 1.33736568502
DS3.d265.s0.i0 1.0 1.64238522402
DS3.d265.s0.i1 -1 -0.390487970683
DS3.d265.s1.i0 1.0 1.15803832404
DS3.d265.s1.i1 1.0 1.33585329201
DS3.d265.s1.i2 1.0 1.02163235246
DS3.d265.s1.i3 1.0 1.23551741075
DS3.d268.s0.i0 1.0 0.283397365619
DS3.d268.s0.i1 1.0 0.075179565229
DS3.d313.s0.i0 1.0 0.302989233938
DS3.d313.s1.i0 1.0 1.40645036143
DS3.d313.s1.i1 1.0 0.537601233259
DS3.d313.s2.i0 1.0 0.974461979666
DS3.d313.s3.i0 1.0 0.335052438741
DS3.d313.s4.i0 1.0 1.25813630371
DS3.d313.s5.i0 1.0 1.12371535029
DS3.d314.s0.i0 1.0 0.418600967377
DS3.d314.s0.i1 -1 0.384791301245
DS3.d331.s0.i0 -1 1.05335445473
DS3.d331.s0.i1 1.0 1.07287564131
DS3.d331.s0.i2 1.0 0.728350016865
DS3.d331.s0.i3 -1 1.27107964771
DS3.d332.s0.i0 1.0 0.634759442495
DS3.d334.s0.i0 1.0 1.07378019059
DS3.d334.s1.i0 -1 0.766740902239
DS3.d345.s0.i0 1.0 0.833467797732
DS3.d345.s1.i0 1.0 0.451930305363
DS3.d345.s1.i1 1.0 -0.14861626419
DS3.d345.s2.i0 1.0 1.02948102236
DS3.d345.s2.i1 1.0 0.763183941355
DS3.d345.s2.i2 1.0 2.70033562917
DS3.d345.s2.i3 1.0 2.30008614733
DS3.d345.s3.i0 1.0 1.0504088502
DS3.d345.s3.i1 1.0 1.65028125107
DS3.d345.s3.i2 1.0 1.2106503404
DS3.d351.s0.i0 -1 -0.853168908943
DS3.d351.s0.i1 -1 -0.426039252139
DS3.d351.s0.i2 -1 -0.735769965214
DS3.d351.s0.i3 -1 -0.438317912067
DS3.d352.s0.i0 1.0 2.24446047361
DS3.d352.s0.i1 1.0 2.21105416068
DS3.d353.s0.i0 1.0 1.20535886824
DS3.d353.s0.i1 1.0 1.01143224961
DS3.d354.s0.i0 1.0 0.00749590503583
DS3.d366.s0.i0 1.0 0.017558631928
DS3.d366.s0.i1 1.0 1.36229378596
DS3.d370.s0.i0 1.0 0.67848114452
DS3.d386.s0.i0 1.0 0.974455176602
DS3.d386.s1.i0 1.0 1.10861501523
DS3.d386.s1.i1 1.0 1.42520313829
DS3.d386.s2.i0 1.0 2.05851511442
DS3.d386.s2.i1 1.0 2.70296343951
DS3.d398.s0.i0 1.0 1.00854143618
DS3.d402.s0.i0 -1 -0.467304070493
DS3.d402.s0.i1 1.0 1.49152019029
DS3.d402.s0.i2 1.0 1.01616083803
DS3.d402.s1.i0 -1 1.21366479953
DS3.d402.s1.i1 -1 0.938737763734
DS3.d402.s2.i0 1.0 0.823025175421
DS3.d402.s2.i1 1.0 0.806183115849
DS3.d402.s2.i2 -1 -0.200905082613
DS3.d402.s2.i3 1.0 0.888698849056
DS3.d402.s3.i0 1.0 0.796992324722
DS3.d402.s3.i1 -1 -1.01982380437
DS3.d402.s3.i2 1.0 0.644959535769
DS3.d403.s0.i0 -1 -0.287188354875
DS3.d435.s0.i0 1.0 0.506749996205
DS3.d435.s0.i1 1.0 0.220137975888
DS3.d438.s0.i0 1.0 0.86736173136
DS3.d449.s0.i0 1.0 0.306036550604
DS3.d452.s0.i0 1.0 1.07799523747
DS3.d452.s0.i1 -1 0.703106552069
DS3.d452.s0.i2 -1 0.489140692413
DS3.d452.s0.i3 1.0 1.28557226869
DS3.d452.s0.i4 -1 0.298938304732
DS3.d452.s0.i5 1.0 1.12577774551
DS3.d452.s1.i0 1.0 0.901779354114
DS3.d454.s0.i0 -1 -0.702792993728
DS3.d454.s0.i1 1.0 0.879050316207
DS3.d454.s0.i2 -1 -0.088103897991
DS3.d454.s0.i3 -1 -0.327839391346
DS3.d464.s0.i0 1.0 1.00389959036
DS3.d464.s0.i1 1.0 0.910052874884
DS3.d464.s0.i2 1.0 0.991481722108
DS3.d464.s0.i3 1.0 1.39321079933
DS3.d464.s1.i0 1.0 0.597425221274
DS3.d465.s0.i0 1.0 0.464607398258
DS3.d465.s0.i1 1.0 0.561627108615
DS3.d465.s0.i2 1.0 0.640506817127
DS3.d472.s0.i0 1.0 1.79434113989
DS3.d472.s0.i1 1.0 1.29414867019
DS3.d477.s0.i0 1.0 1.52147588217
DS3.d481.s0.i0 1.0 0.391146663098
DS3.d481.s0.i1 1.0 0.688313454156
DS3.d491.s0.i0 1.0 0.200611682387
DS3.d491.s0.i1 1.0 0.577188788335
DS3.d491.s1.i0 -1 -1.00005850785
DS3.d493.s0.i0 1.0 0.831397253494
DS3.d493.s0.i1 1.0 0.883736379247
DS3.d493.s0.i2 1.0 1.3912915626
DS3.d493.s1.i0 1.0 1.63455588179
DS3.d496.s0.i0 -1 -0.510917686192
DS3.d496.s0.i1 -1 -0.731003918355
DS3.d496.s1.i0 1.0 0.188862586238
DS3.d510.s0.i0 1.0 1.88454851396
DS3.d510.s0.i1 1.0 1.94110040242
DS3.d510.s1.i0 1.0 1.22887755148
DS3.d510.s2.i0 1.0 1.42840196104
DS3.d521.s0.i0 1.0 0.567474788339
DS3.d521.s0.i1 1.0 0.687349846208
DS3.d522.s0.i0 -1 -0.242461052808
DS3.d522.s0.i1 -1 0.0159765741691
DS3.d530.s0.i0 -1 0.208359343003
DS3.d534.s0.i0 1.0 0.47606236128
DS3.d534.s0.i1 1.0 0.507271534201
DS3.d534.s0.i2 1.0 0.902227193757
DS3.d534.s0.i3 1.0 0.318978675228
DS3.d534.s0.i4 1.0 0.628974778119
DS3.d534.s0.i5 1.0 0.3072065053
DS3.d534.s1.i0 1.0 1.1758414803
DS3.d534.s2.i0 1.0 1.28600028294
DS3.d536.s0.i0 1.0 0.697018352916
DS3.d536.s0.i1 1.0 0.777824489051
DS3.d536.s0.i2 1.0 0.761480607788
DS3.d536.s0.i3 1.0 0.78234109824
DS3.d536.s1.i0 -1 0.154064824447
DS3.d536.s1.i1 1.0 0.669451813547
DS3.d542.s0.i0 1.0 1.92790623853
DS3.d542.s0.i1 -1 0.900822708812
DS3.d542.s1.i0 -1 2.13765571708
DS3.d543.s0.i0 1.0 -0.224651194408
DS3.d543.s0.i1 1.0 -0.0699225415711
DS3.d543.s0.i2 -1 -1.18927201978
DS3.d553.s0.i0 1.0 0.807836987704
DS3.d553.s0.i1 1.0 0.617175976711
DS3.d555.s0.i0 1.0 1.04684611155
DS3.d555.s1.i0 -1 0.282027154496
DS3.d577.s0.i0 -1 -1.03005356655
DS3.d577.s0.i1 -1 0.860489961589
DS3.d577.s0.i2 -1 0.860489961589
DS3.d597.s0.i0 -1 -0.664942282719
DS3.d597.s0.i1 -1 0.263336066672
DS3.d597.s0.i2 -1 -0.281289522585
DS3.d597.s0.i3 -1 -0.746581945497
DS3.d597.s0.i4 -1 -0.196936944537
DS3.d597.s0.i5 -1 0.878408457718
DS3.d610.s0.i0 1.0 1.25041087445
DS3.d625.s0.i0 -1 0.764269222197
DS3.d625.s0.i1 -1 -0.449026411293
DS3.d625.s0.i2 -1 1.41081046952
DS3.d625.s0.i3 -1 0.69866825104
DS3.d625.s1.i0 1.0 0.520669513966
DS3.d625.s1.i1 1.0 -0.0413565898547
DS3.d649.s0.i0 -1 0.642240838353
DS3.d649.s0.i1 1.0 0.141417502815
DS3.d649.s0.i2 -1 0.344560825444
DS3.d649.s0.i3 1.0 0.354917772967
DS3.d649.s0.i4 -1 0.155330621308
DS3.d649.s0.i5 -1 0.320541364326
DS3.d649.s0.i6 1.0 0.389189402294
DS3.d649.s0.i7 1.0 0.472591415979
DS3.d650.s0.i0 1.0 1.41515066934
DS3.d650.s1.i0 1.0 0.815338691516
DS3.d650.s1.i1 1.0 1.0400793179
DS3.d650.s2.i0 1.0 1.65700217991
DS3.d650.s2.i1 1.0 2.02555658418
DS3.d650.s3.i0 1.0 0.792112547952
DS3.d650.s3.i1 1.0 0.89975727088
DS3.d655.s0.i0 1.0 0.929292167643
DS3.d655.s0.i1 1.0 0.725191887747
DS3.d655.s1.i0 -1 0.652104874916
DS3.d655.s1.i1 1.0 1.17339331841
DS3.d655.s1.i2 -1 0.569766783893
DS3.d658.s0.i0 1.0 0.964443632007
DS3.d666.s0.i0 1.0 0.778153767256
DS3.d666.s0.i1 1.0 0.570587699954
DS3.d666.s0.i2 1.0 1.07521056479
DS3.d669.s0.i0 -1 1.35420335499
DS3.d676.s0.i0 1.0 1.36955939862
DS3.d689.s0.i0 -1 0.687009203739
DS3.d689.s0.i1 -1 0.984735752436
DS3.d699.s0.i0 1.0 2.17661767396
DS3.d699.s0.i1 1.0 2.17661767396
DS3.d699.s1.i0 1.0 -0.302251952337
DS3.d699.s1.i1 -1 -1.1043077932
DS3.d699.s1.i2 -1 -1.35560311176
DS3.d699.s2.i0 1.0 0.673546615582
DS3.d704.s0.i0 -1 -0.647191902665
DS3.d704.s0.i1 1.0 -0.0596121646342
DS3.d704.s0.i2 1.0 -0.0596121646342
DS3.d704.s0.i3 1.0 -0.305165321111
DS3.d704.s0.i4 1.0 -0.305165321111
DS3.d704.s0.i5 -1 -0.647191902665
DS3.d721.s0.i0 -1 1.21772378352
DS3.d721.s0.i1 -1 1.05192676662
DS3.d721.s0.i2 -1 1.24085543239
DS3.d721.s0.i3 1.0 1.51000960942
DS3.d721.s0.i4 -1 0.790192004282
DS3.d721.s0.i5 1.0 1.47171827002
DS3.d734.s0.i0 1.0 -0.018437240948
DS3.d734.s0.i1 1.0 0.27172591851
DS3.d734.s0.i2 1.0 -0.0990847144652
DS3.d734.s0.i3 1.0 -0.251856287476
DS3.d759.s0.i0 -1 0.709695704175
DS3.d759.s0.i1 -1 0.709695704175
DS3.d773.s0.i0 -1 0.177753288017
DS3.d773.s0.i1 -1 -0.0470293517014
DS3.d774.s0.i0 -1 0.0855012158177
DS3.d774.s0.i1 1.0 0.454769896638
DS3.d774.s1.i0 -1 -0.200561849655
DS3.d774.s1.i1 1.0 0.539646398995
DS3.d775.s0.i0 1.0 0.875862841182
DS3.d784.s0.i0 1.0 -0.109583669926
DS3.d784.s1.i0 1.0 1.49838004387
DS3.d803.s0.i0 1.0 0.279194958143
DS3.d803.s0.i1 1.0 0.266275672376
DS3.d803.s0.i2 1.0 0.348764380346
DS3.d803.s0.i3 1.0 0.322178891844
DS3.d803.s1.i0 1.0 0.258637720816
DS3.d803.s1.i1 1.0 0.252300245745
DS3.d803.s2.i0 1.0 1.13822337902
DS3.d803.s2.i1 1.0 0.859471116741
DS3.d813.s0.i0 -1 0.803709675747
DS3.d820.s0.i0 -1 0.517516098859
DS3.d820.s0.i1 -1 0.407476983877
DS3.d820.s0.i2 -1 2.23132451058
DS3.d820.s1.i0 1.0 1.57240957106
DS3.d820.s2.i0 -1 -0.00034400847143
DS3.d820.s2.i1 -1 -1.72339181221
DS3.d820.s3.i0 -1 0.596008739219
DS3.d821.s0.i0 -1 0.175589471942
DS3.d821.s0.i1 -1 0.157271928688
DS3.d833.s0.i0 1.0 1.84351070061
DS3.d841.s0.i0 1.0 1.46340681847
DS3.d841.s1.i0 1.0 2.16438237736
DS3.d842.s0.i0 -1 -0.047786715385
DS3.d842.s0.i1 -1 0.313386958206
DS3.d842.s0.i2 -1 0.0798474480236
DS3.d842.s0.i3 -1 -1.05420299593
DS3.d842.s1.i0 -1 -0.508861972389
DS3.d842.s1.i1 -1 0.787376124128
DS3.d842.s1.i2 -1 -0.277742271093
DS3.d842.s1.i3 -1 -0.778128178109
DS3.d846.s0.i0 -1 1.25519840601
DS3.d846.s1.i0 1.0 0.197811674664
DS3.d846.s1.i1 1.0 0.817263394581
DS3.d846.s1.i2 1.0 0.657214321341
DS3.d848.s0.i0 1.0 0.676678211956
DS3.d848.s0.i1 1.0 0.478746405509
DS3.d848.s0.i2 1.0 0.76164178293
DS3.d851.s0.i0 -1 0.817826407197
DS3.d867.s0.i0 1.0 1.49136652454
DS3.d875.s0.i0 -1 0.624419136399
DS3.d875.s0.i1 -1 0.240878479692
DS3.d875.s0.i2 -1 0.547278224331
DS3.d875.s0.i3 -1 0.294894386649
DS3.d877.s0.i0 -1 1.13542025813
DS3.d877.s0.i1 -1 1.00251398871
DS3.d877.s0.i2 -1 0.489471776305
DS3.d881.s0.i0 1.0 0.906723865152
DS3.d881.s0.i1 1.0 1.0547066393
DS3.d891.s0.i0 1.0 0.91922581935
DS3.d891.s0.i1 1.0 0.771500670176
DS3.d891.s1.i0 -1 0.245567846632
DS3.d891.s2.i0 1.0 0.14442410346
DS3.d891.s2.i1 1.0 0.936111008284
DS3.d891.s3.i0 1.0 -0.176562259234
DS3.d893.s0.i0 -1 -0.594289427469
DS3.d893.s0.i1 1.0 0.128548478576
DS3.d905.s0.i0 1.0 1.81464434296
DS3.d905.s0.i1 -1 0.490235306214
DS3.d906.s0.i0 1.0 1.25001255079
DS3.d906.s0.i1 1.0 1.25001255079
DS3.d906.s1.i0 1.0 1.30965513601
DS3.d906.s1.i1 1.0 1.30965513601
DS3.d906.s1.i2 1.0 0.579548669591
DS3.d906.s1.i3 1.0 1.1214243225
DS3.d906.s1.i4 1.0 1.1214243225
DS3.d906.s1.i5 1.0 0.654130117811
DS3.d926.s0.i0 -1 0.896765074494
DS3.d926.s1.i0 -1 1.80836855784
DS3.d926.s1.i1 -1 2.1366494836
DS3.d932.s0.i0 1.0 1.77959630956
DS3.d947.s0.i0 1.0 0.707279054695
DS3.d947.s0.i1 1.0 0.707279054695
DS3.d949.s0.i0 1.0 -0.428812783584
DS3.d952.s0.i0 -1 0.955007638541
DS3.d952.s0.i1 -1 0.0276247352863
DS3.d952.s1.i0 -1 -0.732120373991
DS3.d952.s1.i1 -1 -0.517051374623
DS3.d952.s1.i2 -1 -0.696182272792
DS3.d952.s1.i3 -1 -0.741308547385
DS3.d952.s2.i0 -1 0.800712695192
DS3.d952.s3.i0 -1 -0.512483293118
DS3.d952.s3.i1 -1 -0.565407538984
DS3.d952.s3.i2 -1 -0.477274731347
DS3.d957.s0.i0 1.0 1.01441889863
DS3.d961.s0.i0 1.0 1.43261548375
DS3.d964.s0.i0 -1 0.259116253641
DS3.d964.s1.i0 -1 0.217488605577
DS3.d964.s1.i1 1.0 0.685186947351
DS3.d964.s2.i0 -1 0.514581121545
DS3.d997.s0.i0 1.0 0.993013135715
DS3.d997.s0.i1 1.0 1.02884580352
DS3.d997.s0.i2 1.0 1.62423043944
DS3.d1000.s0.i0 1.0 0.0813649988429
DS3.d1000.s0.i1 1.0 -0.447911173075
DS3.d1009.s0.i0 -1 0.533036924151
DS3.d1009.s1.i0 -1 -0.0441707671058
DS3.d1009.s1.i1 -1 -0.196971953
DS3.d1014.s0.i0 1.0 0.926379907497
DS3.d1026.s0.i0 1.0 0.816410000046
DS3.d1026.s1.i0 1.0 1.70627085846
DS3.d1028.s0.i0 1.0 1.48698122253
DS3.d1028.s0.i1 1.0 -0.0742406235052
DS3.d1034.s0.i0 -1 -0.354726690243
DS3.d1034.s1.i0 -1 -0.747152365987
DS3.d1044.s0.i0 1.0 0.802686485896
DS3.d1045.s0.i0 1.0 1.21004247472
DS3.d1047.s0.i0 -1 0.660079119603
DS3.d1047.s0.i1 -1 0.347043532585
DS3.d1047.s0.i2 -1 0.499173335995
DS3.d1047.s0.i3 -1 0.34033466871
DS3.d1047.s0.i4 -1 0.251073324773
DS3.d1047.s0.i5 -1 0.280725922477
DS3.d1057.s0.i0 -1 0.307566097838
DS3.d1057.s1.i0 -1 -0.272848145604
DS3.d1058.s0.i0 1.0 0.724935364233
DS3.d1058.s1.i0 1.0 -0.0635221989232
DS3.d1058.s1.i1 1.0 -0.186671101486
DS3.d1064.s0.i0 1.0 0.819045994705
DS3.d1064.s0.i1 -1 0.871276602121
DS3.d1076.s0.i0 -1 0.745415374663
DS3.d1076.s0.i1 -1 0.923227758288
DS3.d1080.s0.i0 1.0 1.11049960115
DS3.d1084.s0.i0 -1 -0.729852278141
DS3.d1091.s0.i0 1.0 0.685844174248
DS3.d1091.s0.i1 1.0 1.00449917903
DS3.d1091.s0.i2 1.0 0.843258236017
DS3.d1104.s0.i0 1.0 -0.297301445764
DS3.d1104.s1.i0 -1 0.266223485497
DS3.d1107.s0.i0 -1 0.0304653056691
DS3.d1134.s0.i0 -1 -0.494736018588
DS3.d1142.s0.i0 -1 -0.565822765305
DS3.d1142.s0.i1 -1 -0.284291381337
DS3.d1142.s0.i2 -1 -0.328530955726
DS3.d1145.s0.i0 1.0 1.25852961773
DS3.d1156.s0.i0 1.0 0.829324968096
DS3.d1156.s1.i0 1.0 1.8193019318
DS3.d1156.s1.i1 1.0 1.19676980302
DS3.d1165.s0.i0 1.0 1.00868157742
DS3.d1166.s0.i0 -1 -0.989789487461
DS3.d1166.s0.i1 -1 -1.39159439166
DS3.d1166.s0.i2 -1 -0.788064326525
DS3.d1166.s0.i3 -1 -1.36981846762
DS3.d1191.s0.i0 1.0 1.02225207353
DS3.d1203.s0.i0 1.0 0.0378710985824
DS3.d1203.s1.i0 1.0 1.44304298855
DS3.d1217.s0.i0 1.0 0.45749834085
DS3.d1217.s0.i1 1.0 0.490609825851
DS3.d1217.s1.i0 1.0 0.923886440086
DS3.d1235.s0.i0 1.0 0.584759867513
DS3.d1235.s0.i1 -1 0.370974533368
DS3.d1235.s0.i2 -1 -0.00994709583666
DS3.d1235.s0.i3 1.0 0.509751996108
DS3.d1239.s0.i0 1.0 0.0014933841266
DS3.d1248.s0.i0 -1 -2.04149065117
DS3.d1248.s0.i1 -1 -1.47275150346
DS3.d1311.s0.i0 -1 0.497921296288
DS3.d1337.s0.i0 -1 -0.187461963704
DS3.d1354.s0.i0 -1 0.129162300109
DS3.d1354.s0.i1 -1 0.802449029247
DS3.d1357.s0.i0 -1 1.39483433646
DS3.d1357.s0.i1 -1 0.576041767359
DS3.d1361.s0.i0 1.0 1.70302554786
DS3.d1361.s1.i0 1.0 1.73908392375
DS3.d1370.s0.i0 1.0 1.56177757297
DS3.d1372.s0.i0 1.0 0.376615226913
DS3.d1385.s0.i0 1.0 0.816531674046
DS3.d1385.s1.i0 1.0 -0.208354708587
DS3.d1385.s1.i1 1.0 0.0994856450613
DS3.d1386.s0.i0 1.0 0.256844428018
DS3.d1386.s0.i1 1.0 -0.020863963684
DS3.d1386.s0.i2 1.0 0.262626663802
DS3.d1386.s1.i0 -1 0.675631643203
DS3.d1386.s1.i1 -1 0.461419242963
DS3.d1386.s1.i2 1.0 0.0346737690083
DS3.d1387.s0.i0 1.0 1.07635372483
DS3.d1388.s0.i0 1.0 0.371058586786
DS3.d1411.s0.i0 -1 -0.251186718344
DS3.d1413.s0.i0 1.0 -0.437664571671
DS3.d1413.s0.i1 1.0 -0.437664571671
DS3.d1413.s0.i2 1.0 0.406237878326
DS3.d1413.s0.i3 1.0 0.406237878326
DS3.d1422.s0.i0 1.0 0.835844162144
DS3.d1425.s0.i0 1.0 2.10529278698
DS3.d1425.s1.i0 1.0 0.230965210656
DS3.d1444.s0.i0 -1 -1.63505615116
DS3.d1444.s0.i1 -1 -1.38899507042
DS3.d1448.s0.i0 1.0 1.29068615723
DS3.d1468.s0.i0 1.0 1.19486551496
DS3.d1468.s0.i1 1.0 1.3728651046
DS3.d1468.s0.i2 1.0 0.433407847959
DS3.d1468.s0.i3 1.0 0.35437531069
DS3.d1468.s1.i0 -1 0.061270821031
DS3.d1468.s1.i1 -1 0.583304020927
DS3.d1468.s2.i0 1.0 -0.231709165303
DS3.d1468.s2.i1 1.0 -0.240633610831
DS3.d1468.s3.i0 1.0 1.17935909043
DS3.d1468.s3.i1 1.0 1.87635892326
DS3.d1468.s3.i2 1.0 1.36579544201
DS3.d1472.s0.i0 1.0 -0.0420123747637
DS3.d1472.s0.i1 1.0 0.0465141180527
DS3.d1533.s0.i0 -1 1.07297788025
DS3.d1536.s0.i0 1.0 0.277435749313
DS3.d1538.s0.i0 1.0 1.16027262807
DS3.d1538.s0.i1 1.0 0.719930351537
DS3.d1551.s0.i0 -1 1.81342852467
DS3.d1556.s0.i0 1.0 1.45281687086
DS3.d1556.s0.i1 1.0 1.88719871468
DS3.d1556.s0.i2 1.0 1.45281687086
DS3.d1564.s0.i0 -1 0.00309194979483
DS3.d1571.s0.i0 1.0 0.621215642873
DS3.d1585.s0.i0 1.0 1.43904895463
DS3.d1585.s0.i1 1.0 0.037747132666
DS3.d1587.s0.i0 -1 -1.22188434885
DS3.d1587.s0.i1 -1 -0.463526726517
DS3.d1587.s1.i0 -1 -0.512607049526
DS3.d1587.s1.i1 -1 1.06410304773
DS3.d1587.s2.i0 -1 -0.72725345028
DS3.d1587.s2.i1 -1 1.30156999866
DS3.d1587.s3.i0 -1 -0.4830494364
DS3.d1587.s3.i1 -1 -1.24910676739
DS3.d1595.s0.i0 -1 -0.0524503873004
DS3.d1604.s0.i0 -1 0.291537861257
DS3.d1604.s0.i1 -1 -1.31846579111
DS3.d1604.s1.i0 -1 0.284177243597
DS3.d1604.s1.i1 -1 -1.09910928044
DS3.d1604.s1.i2 -1 -0.713070648099
DS3.d1604.s2.i0 -1 0.944505431802
DS3.d1604.s2.i1 -1 -1.36225111911
DS3.d1607.s0.i0 1.0 1.38886290068
DS3.d1609.s0.i0 1.0 -0.231197349276
DS3.d1615.s0.i0 1.0 1.77388964372
DS3.d1636.s0.i0 1.0 1.86928155066
DS3.d1636.s1.i0 1.0 0.394366781466
DS3.d1636.s1.i1 1.0 -0.0110643335053
DS3.d1639.s0.i0 1.0 0.186173269016
DS3.d1656.s0.i0 -1 -0.972506424282
DS3.d1656.s0.i1 -1 -0.65075069126
DS3.d1656.s0.i2 -1 -0.577891300481
DS3.d1656.s0.i3 -1 -0.167154883121
DS3.d1656.s0.i4 -1 -0.708789521543
DS3.d1656.s0.i5 -1 -0.490286712322
DS3.d1656.s0.i6 -1 0.402126784828
DS3.d1656.s0.i7 -1 -0.352734174196
DS3.d1656.s0.i8 -1 -0.418913206172
DS3.d1656.s0.i9 -1 -0.420365200549
DS3.d1656.s0.i10 -1 -0.591677541602
DS3.d1656.s0.i11 -1 -0.711160835385
DS3.d1656.s0.i12 -1 -0.861734558996
DS3.d1656.s0.i13 -1 -0.546071648151
DS3.d1689.s0.i0 1.0 0.683738728796
DS3.d1696.s0.i0 1.0 1.01242444866
DS3.d1697.s0.i0 1.0 1.56289601672
DS3.d1697.s0.i1 1.0 2.40878007034
DS3.d1698.s0.i0 1.0 0.0853628143818
DS3.d1703.s0.i0 1.0 1.71787751364
DS3.d1720.s0.i0 1.0 0.53250317963
DS3.d1725.s0.i0 1.0 1.76054897788
DS3.d1735.s0.i0 1.0 0.992268396242
DS3.d1735.s0.i1 1.0 1.24877890478
DS3.d1735.s1.i0 1.0 -0.410889225175
DS3.d1743.s0.i0 1.0 1.78797448717
DS3.d1743.s1.i0 1.0 1.64853792997
DS3.d1743.s2.i0 1.0 1.29471190269
DS3.d1749.s0.i0 1.0 0.83591411422
DS3.d1757.s0.i0 1.0 2.10211902351
DS3.d1757.s1.i0 1.0 0.117788090875
DS3.d1768.s0.i0 1.0 0.893399843062
DS3.d1768.s1.i0 1.0 -0.526938477435
DS3.d1768.s2.i0 -1 0.0588513986894
DS3.d1770.s0.i0 1.0 0.803842891799
DS3.d1775.s0.i0 -1 -1.37228837504
DS3.d1775.s0.i1 -1 -0.551509527813
DS3.d1790.s0.i0 -1 -0.653001004039
DS3.d1816.s0.i0 1.0 1.70505570468
DS3.d1819.s0.i0 1.0 0.000878831879651
DS3.d1819.s0.i1 1.0 -0.0538519520597
DS3.d1819.s0.i2 1.0 0.0153390727211
DS3.d1819.s0.i3 1.0 -0.520747192195
DS3.d1819.s0.i4 1.0 -0.106131897237
DS3.d1819.s1.i0 1.0 1.31383956421
DS3.d1877.s0.i0 1.0 1.29961968689
DS3.d1877.s1.i0 1.0 0.992941467402
DS3.d1877.s1.i1 1.0 0.992941467402
