DS.d20.s0.i0 -1 -0.832309098358
DS.d23.s0.i0 -1 -0.788478344616
DS.d23.s0.i1 -1 -1.71017132972
DS.d23.s0.i2 -1 -1.11320322846
DS.d23.s0.i3 -1 0.0683287581942
DS.d23.s0.i4 -1 -1.50332090753
DS.d23.s0.i5 -1 -0.899316582949
DS.d23.s0.i6 -1 -0.992005685492
DS.d23.s0.i7 -1 -0.768699667697
DS.d23.s0.i8 -1 -1.54010308479
DS.d23.s0.i9 -1 -1.67303929297
DS.d23.s0.i10 -1 -1.71423548682
DS.d23.s0.i11 -1 -0.986197948705
DS.d23.s0.i12 -1 -0.819327943474
DS.d23.s0.i13 -1 -0.704125322829
DS.d34.s0.i0 1.0 -0.689848318778
DS.d34.s0.i1 1.0 0.272418209295
DS.d59.s0.i0 -1 -1.13561848324
DS.d59.s0.i1 -1 -0.9600480917
DS.d59.s0.i2 -1 -1.63270717134
DS.d59.s0.i3 -1 -1.66139519974
DS.d59.s0.i4 -1 -1.52199408276
DS.d59.s0.i5 -1 -0.871923048704
DS.d59.s0.i6 -1 -1.04498621587
DS.d59.s0.i7 -1 -1.61351818406
DS.d59.s0.i8 -1 -1.61351818406
DS.d59.s0.i9 -1 -1.56886071593
DS.d59.s0.i10 -1 -0.76179264121
DS.d59.s0.i11 -1 -1.56886071593
DS.d59.s0.i12 -1 -1.58904378087
DS.d59.s0.i13 -1 -1.78132916752
DS.d59.s0.i14 -1 -1.31991355408
DS.d59.s0.i15 -1 -1.43311358338
DS.d59.s0.i16 -1 -1.66139519974
DS.d59.s0.i17 -1 -1.18567582703
DS.d59.s0.i18 -1 -1.34216438299
DS.d59.s0.i19 -1 -1.0687095762
DS.d59.s0.i20 -1 -1.35488617346
DS.d59.s0.i21 -1 -1.40547791555
DS.d59.s0.i22 -1 -1.52199408276
DS.d59.s0.i23 -1 -1.42925297269
DS.d59.s0.i24 -1 -0.662317564752
DS.d59.s0.i25 -1 -0.956410139165
DS.d59.s0.i26 -1 -1.37687469725
DS.d59.s0.i27 -1 -1.39368826784
DS.d59.s0.i28 -1 -1.50417876545
DS.d59.s0.i29 -1 -1.78132916752
DS.d59.s0.i30 -1 -1.52975314438
DS.d59.s0.i31 -1 -1.11168146638
DS.d59.s0.i32 -1 -1.31991355408
DS.d59.s0.i33 -1 -1.50417876545
DS.d59.s0.i34 -1 -1.60284876152
DS.d59.s0.i35 -1 -1.22925142724
DS.d59.s0.i36 -1 -1.40547791555
DS.d59.s0.i37 -1 -1.42925297269
DS.d59.s0.i38 -1 -1.50417876545
DS.d59.s0.i39 -1 -1.31991355408
DS.d59.s0.i40 -1 -1.57244150905
DS.d59.s0.i41 -1 -0.859180933045
DS.d59.s0.i42 -1 -1.56886071593
DS.d59.s0.i43 -1 -1.56886071593
DS.d59.s0.i44 -1 -1.17106610762
DS.d66.s0.i0 1.0 -0.103732681649
DS.d66.s0.i1 1.0 -0.335664846372
DS.d66.s0.i2 1.0 0.0404720971679
DS.d66.s0.i3 1.0 -0.24108238977
DS.d86.s0.i0 1.0 1.56874657863
DS.d86.s0.i1 1.0 1.68835943893
DS.d86.s1.i0 1.0 0.648732656014
DS.d86.s1.i1 -1 0.249427461541
DS.d86.s1.i2 -1 -0.126420441113
DS.d96.s0.i0 -1 1.24189868294
DS.d96.s0.i1 1.0 0.428742142061
DS.d96.s0.i2 -1 1.12592502363
DS.d96.s0.i3 1.0 0.417152220881
DS.d96.s1.i0 1.0 0.772381631089
DS.d96.s1.i1 1.0 1.12057402416
DS.d103.s0.i0 1.0 -0.0499603492667
DS.d108.s0.i0 -1 1.0133858249
DS.d108.s0.i1 -1 1.14891375147
DS.d108.s0.i2 -1 1.04057517973
DS.d108.s0.i3 -1 1.05594301349
DS.d108.s0.i4 -1 1.0991108112
DS.d108.s0.i5 -1 1.05258482274
DS.d108.s0.i6 -1 1.08887068295
DS.d108.s0.i7 -1 1.05258482274
DS.d108.s1.i0 -1 0.502665052312
DS.d108.s1.i1 -1 0.509736655051
DS.d108.s2.i0 -1 0.787458105287
DS.d108.s3.i0 -1 0.313432739283
DS.d108.s3.i1 -1 0.16891313257
DS.d112.s0.i0 -1 -0.527044607423
DS.d121.s0.i0 1.0 0.844911096384
DS.d121.s0.i1 1.0 1.04601581249
DS.d121.s1.i0 -1 -0.941961729728
DS.d121.s1.i1 -1 -0.319617488894
DS.d121.s1.i2 -1 -1.17264476729
DS.d121.s1.i3 -1 -0.21306512061
DS.d121.s2.i0 1.0 0.795725327325
DS.d139.s0.i0 1.0 1.5292995302
DS.d139.s0.i1 1.0 0.825644412747
DS.d139.s1.i0 1.0 0.533470951572
DS.d139.s1.i1 1.0 -0.0503958326497
DS.d139.s1.i2 1.0 -0.0566065842067
DS.d139.s1.i3 1.0 0.39016129228
DS.d139.s2.i0 1.0 1.17244760649
DS.d139.s2.i1 1.0 1.17244760649
DS.d139.s2.i2 1.0 1.30273626173
DS.d146.s0.i0 1.0 0.630075510207
DS.d146.s0.i1 1.0 0.55662249356
DS.d150.s0.i0 -1 0.988350679823
DS.d150.s0.i1 -1 0.988350679823
DS.d164.s0.i0 -1 0.674030534377
DS.d164.s0.i1 -1 -0.370702623594
DS.d164.s0.i2 -1 -0.684597020677
DS.d169.s0.i0 1.0 1.17835003381
DS.d169.s0.i1 1.0 0.901446017273
DS.d169.s1.i0 1.0 -0.000513707016549
DS.d169.s1.i1 1.0 0.133916440439
DS.d169.s1.i2 1.0 -0.524576180796
DS.d169.s1.i3 1.0 -0.031196334449
DS.d169.s1.i4 1.0 0.0350196616727
DS.d169.s1.i5 1.0 -0.510281230227
DS.d175.s0.i0 1.0 0.703446562257
DS.d175.s0.i1 1.0 0.659722681798
DS.d175.s1.i0 1.0 0.775258626545
DS.d194.s0.i0 1.0 0.0122307475472
DS.d194.s0.i1 1.0 -0.185736511406
DS.d197.s0.i0 1.0 0.686903554169
DS.d197.s0.i1 1.0 0.572015298477
DS.d210.s0.i0 1.0 1.73808936475
DS.d210.s0.i1 1.0 2.05800025658
DS.d215.s0.i0 -1 0.79149527164
DS.d215.s0.i1 -1 0.711684110842
DS.d215.s0.i2 -1 0.655090985608
DS.d215.s0.i3 -1 0.0805568499098
DS.d215.s1.i0 -1 -1.68171529667
DS.d222.s0.i0 1.0 -0.0427391407749
DS.d226.s0.i0 1.0 0.484705467967
DS.d229.s0.i0 1.0 1.74870479225
DS.d239.s0.i0 1.0 0.250917562544
DS.d239.s0.i1 1.0 1.99540641962
DS.d239.s1.i0 1.0 0.064700449466
DS.d239.s2.i0 1.0 0.778970442307
DS.d239.s2.i1 1.0 0.918077934778
DS.d239.s2.i2 1.0 0.980143705645
DS.d274.s0.i0 1.0 -0.401855967549
DS.d275.s0.i0 1.0 0.320709923966
DS.d275.s0.i1 -1 0.196523868061
DS.d290.s0.i0 -1 -1.05517936642
DS.d290.s0.i1 -1 -0.243825090877
DS.d297.s0.i0 1.0 1.02858351992
DS.d308.s0.i0 -1 1.98025217869
DS.d308.s0.i1 -1 2.36545172845
DS.d308.s1.i0 1.0 0.112166649281
DS.d308.s1.i1 1.0 0.277037201704
DS.d308.s1.i2 1.0 0.0139236279679
DS.d308.s2.i0 1.0 1.70177526795
DS.d308.s3.i0 1.0 1.60021508045
DS.d308.s3.i1 1.0 1.92174203364
DS.d308.s4.i0 1.0 1.7814420972
DS.d308.s4.i1 1.0 1.7814420972
DS.d308.s5.i0 1.0 1.16303455802
DS.d308.s5.i1 1.0 1.16303455802
DS.d313.s0.i0 1.0 0.961454975974
DS.d313.s1.i0 -1 0.433786181674
DS.d313.s1.i1 -1 -0.362771633835
DS.d313.s2.i0 1.0 1.58441800274
DS.d313.s3.i0 1.0 0.754378027921
DS.d313.s4.i0 1.0 1.16086272464
DS.d313.s5.i0 1.0 1.26677286876
DS.d326.s0.i0 1.0 0.112218346158
DS.d326.s0.i1 -1 -0.453032584513
DS.d337.s0.i0 1.0 1.19111333026
DS.d339.s0.i0 -1 -0.614676473371
DS.d339.s0.i1 -1 -0.676842507915
DS.d344.s0.i0 -1 -1.22891080388
DS.d379.s0.i0 -1 -0.713407605753
DS.d379.s0.i1 -1 -0.894954587606
DS.d381.s0.i0 -1 0.265988162462
DS.d381.s0.i2 1.0 1.61700023196
DS.d381.s0.i3 1.0 1.10953429301
DS.d381.s0.i4 -1 0.267155934679
DS.d381.s0.i5 -1 0.652994150935
DS.d381.s1.i0 1.0 -0.0278187070988
DS.d389.s0.i0 1.0 0.838727615635
DS.d402.s0.i0 -1 -1.45788721345
DS.d402.s0.i1 1.0 0.444758084698
DS.d402.s0.i2 1.0 0.22681481868
DS.d402.s1.i0 -1 0.340017227465
DS.d402.s1.i1 -1 0.309613439489
DS.d402.s2.i0 1.0 0.281128065654
DS.d402.s2.i1 1.0 0.319062603563
DS.d402.s2.i2 -1 -0.694982622101
DS.d402.s2.i3 1.0 0.426214210328
DS.d402.s3.i0 1.0 0.0863016169946
DS.d402.s3.i1 -1 -1.50973390592
DS.d402.s3.i2 1.0 -0.0865320460605
DS.d422.s0.i0 1.0 0.369162147665
DS.d422.s0.i1 1.0 0.212613379695
DS.d422.s0.i2 1.0 0.181483772788
DS.d422.s1.i0 1.0 -0.731539948014
DS.d422.s1.i1 1.0 -0.130562750226
DS.d422.s1.i2 -1 -0.764562096862
DS.d430.s0.i0 1.0 0.992882733803
DS.d430.s0.i1 1.0 1.43065852205
DS.d430.s0.i2 1.0 1.26629066454
DS.d430.s0.i3 1.0 1.18702208901
DS.d453.s0.i0 -1 0.170252941299
DS.d456.s0.i0 1.0 -0.125795856733
DS.d456.s0.i1 -1 0.379773194696
DS.d456.s0.i2 1.0 -0.136628977499
DS.d456.s0.i3 -1 1.08988760748
DS.d456.s0.i4 -1 0.150555799071
DS.d456.s0.i5 1.0 0.524349938021
DS.d463.s0.i0 -1 0.0504659673935
DS.d481.s0.i0 1.0 0.00333433178709
DS.d481.s0.i1 1.0 0.0930730373571
DS.d486.s0.i0 -1 0.00742282796783
DS.d486.s0.i1 -1 0.285920445722
DS.d486.s0.i2 -1 0.3193671468
DS.d486.s0.i3 -1 -0.243839088395
DS.d486.s0.i4 -1 -0.137831845345
DS.d486.s0.i5 -1 -0.156016442533
DS.d486.s0.i6 -1 -0.222761892444
DS.d486.s0.i7 -1 -0.217452674442
DS.d486.s0.i8 -1 -0.488534557349
DS.d486.s0.i9 -1 -0.0655206043739
DS.d486.s0.i10 -1 -0.318023959264
DS.d486.s0.i11 -1 -0.790355239558
DS.d486.s0.i12 -1 -0.284456084336
DS.d486.s0.i13 -1 -0.0703612745967
DS.d486.s0.i14 -1 -0.352875653417
DS.d486.s0.i15 -1 -0.447296714361
DS.d486.s0.i16 -1 -0.418949971019
DS.d486.s0.i17 -1 -0.313567889696
DS.d486.s0.i18 -1 0.0812612988486
DS.d486.s0.i19 -1 -0.312775276732
DS.d486.s0.i20 -1 -0.28223068155
DS.d486.s0.i21 -1 -0.22423265275
DS.d486.s0.i22 -1 -0.451979296539
DS.d486.s0.i23 -1 0.137125283935
DS.d486.s0.i24 -1 -0.0159073500067
DS.d486.s0.i25 -1 -0.302962482687
DS.d486.s0.i26 -1 -0.109927402994
DS.d486.s0.i27 -1 -0.0364945955409
DS.d486.s0.i28 -1 -0.275077107256
DS.d486.s0.i29 -1 -0.0554773800739
DS.d486.s0.i30 -1 -0.362080904855
DS.d486.s0.i31 -1 -0.796791242503
DS.d486.s0.i32 -1 -0.0935008126901
DS.d486.s0.i33 -1 -0.199212014688
DS.d486.s0.i34 -1 -0.335652246885
DS.d486.s0.i35 -1 -0.30757890667
DS.d486.s1.i0 1.0 0.538522584203
DS.d486.s1.i1 1.0 1.28183955593
DS.d489.s0.i0 -1 0.259930053267
DS.d489.s0.i1 -1 -0.140502149488
DS.d497.s0.i0 1.0 0.116707245592
DS.d497.s1.i0 1.0 -1.2983059679
DS.d497.s1.i1 1.0 -1.21892746107
DS.d510.s0.i0 1.0 1.7591818208
DS.d510.s0.i1 1.0 1.96907535187
DS.d510.s1.i0 1.0 1.125102051
DS.d510.s2.i0 1.0 1.68232643011
DS.d516.s0.i0 -1 -0.111129676505
DS.d516.s0.i1 -1 0.198616626374
DS.d518.s0.i0 1.0 1.35281396121
DS.d523.s0.i0 -1 -0.134408248856
DS.d523.s1.i0 1.0 -0.136525280899
DS.d523.s1.i1 1.0 0.260087753372
DS.d529.s0.i0 -1 -0.440529666025
DS.d534.s0.i0 1.0 -0.045233031137
DS.d534.s0.i1 1.0 0.284181971829
DS.d534.s0.i2 1.0 0.410945319445
DS.d534.s0.i3 1.0 0.0127014604883
DS.d534.s0.i4 1.0 0.0219247163913
DS.d534.s0.i5 1.0 0.00337335525833
DS.d534.s1.i0 1.0 0.450388080288
DS.d534.s2.i0 1.0 1.55277318117
DS.d545.s0.i0 1.0 -0.253167603947
DS.d545.s1.i0 1.0 1.49319396972
DS.d548.s0.i0 -1 -1.26948530447
DS.d548.s0.i1 -1 -1.20389164261
DS.d552.s0.i0 1.0 -0.361500942151
DS.d552.s0.i1 1.0 -0.0732298185887
DS.d552.s0.i2 1.0 0.684262680206
DS.d552.s0.i3 1.0 0.374236020303
DS.d570.s0.i0 1.0 1.02229757545
DS.d570.s1.i0 1.0 1.17213393718
DS.d570.s2.i0 1.0 1.03126315586
DS.d570.s3.i0 1.0 0.92238104596
DS.d611.s0.i0 1.0 0.986087091307
DS.d629.s0.i0 1.0 0.0993784602792
DS.d629.s0.i1 1.0 0.0968436052101
DS.d629.s1.i0 -1 -0.562049911244
DS.d629.s1.i1 -1 -0.466869405239
DS.d640.s0.i0 -1 0.18927542096
DS.d658.s0.i0 1.0 0.34026404343
DS.d660.s0.i0 1.0 0.148416029691
DS.d660.s0.i1 1.0 0.00400442680534
DS.d661.s0.i0 1.0 1.53529500352
DS.d663.s0.i0 -1 -1.00916952136
DS.d663.s0.i1 -1 -0.844793242219
DS.d669.s0.i0 -1 0.737225356087
DS.d717.s0.i0 -1 0.52938802105
DS.d732.s0.i0 -1 0.553837328142
DS.d732.s0.i1 1.0 -0.11912350343
DS.d732.s0.i2 1.0 0.219827330515
DS.d739.s0.i1 1.0 -0.309005563968
DS.d739.s0.i2 -1 -0.799936422923
DS.d739.s0.i3 1.0 -0.496088377076
DS.d739.s1.i1 1.0 -0.7721411492
DS.d739.s1.i3 1.0 -0.886922859576
DS.d739.s1.i5 1.0 -0.755174171325
DS.d739.s1.i7 1.0 -0.545365955771
DS.d766.s0.i0 -1 1.53428339361
DS.d766.s0.i1 -1 0.519869036258
DS.d766.s0.i2 -1 1.67016776548
DS.d766.s0.i3 -1 0.804919484126
DS.d768.s0.i0 1.0 0.20700569086
DS.d768.s0.i1 1.0 0.228071656177
DS.d801.s0.i0 1.0 0.395487773692
DS.d804.s0.i0 1.0 0.770142407874
DS.d810.s0.i0 1.0 -0.199136160046
DS.d810.s0.i1 1.0 -0.314126409063
DS.d810.s0.i2 1.0 -0.522686559796
DS.d810.s0.i3 1.0 -0.344430582029
DS.d810.s0.i4 1.0 -0.245542211795
DS.d810.s0.i5 1.0 -0.40606141833
DS.d810.s1.i0 -1 1.18650196716
DS.d810.s1.i1 1.0 2.04463776602
DS.d810.s1.i2 1.0 1.36396766643
DS.d810.s1.i3 1.0 0.445849194424
DS.d810.s2.i0 1.0 1.60680429201
DS.d810.s2.i1 1.0 1.15246289766
DS.d810.s3.i0 1.0 0.72186682357
DS.d828.s0.i0 1.0 0.870102652448
DS.d835.s0.i0 1.0 -0.161381111065
DS.d846.s0.i0 -1 0.991926876029
DS.d846.s1.i0 1.0 -0.645460853382
DS.d846.s1.i1 1.0 0.397937745704
DS.d846.s1.i2 1.0 0.319613720948
DS.d856.s0.i0 -1 -0.0645642331745
DS.d856.s0.i1 -1 -0.295228709012
DS.d856.s0.i2 -1 0.0948338035799
DS.d856.s0.i3 -1 -0.435720933495
DS.d856.s0.i4 -1 -0.186751863538
DS.d856.s0.i5 -1 -0.217460701587
DS.d856.s0.i6 -1 -1.07766361317
DS.d856.s0.i7 -1 -0.895296296721
DS.d868.s0.i0 -1 0.341999963973
DS.d868.s0.i1 -1 0.395786044916
DS.d872.s0.i0 -1 0.61246158368
DS.d872.s0.i1 -1 0.0367862000288
DS.d872.s0.i2 -1 0.026144745951
DS.d872.s0.i3 -1 0.0761755134317
DS.d872.s0.i4 -1 -0.0342879145347
DS.d872.s0.i5 -1 -0.0566218618704
DS.d872.s0.i6 -1 0.686803393072
DS.d872.s0.i7 -1 -0.51074072188
DS.d872.s0.i8 -1 -0.714070107771
DS.d872.s0.i9 -1 0.678265414143
DS.d872.s0.i10 -1 -0.052427176342
DS.d872.s0.i11 -1 0.0265147424006
DS.d877.s0.i0 -1 0.492155980484
DS.d877.s0.i1 -1 1.1091761279
DS.d877.s0.i2 -1 0.690572610012
DS.d878.s0.i0 -1 0.800171063204
DS.d878.s1.i0 1.0 0.201002378556
DS.d885.s0.i0 -1 -0.553676611868
DS.d890.s0.i0 1.0 1.54120190628
DS.d893.s0.i0 -1 -1.5434804707
DS.d893.s0.i1 1.0 -0.0502045018599
DS.d904.s0.i0 1.0 1.53159910659
DS.d904.s0.i1 1.0 1.61544985684
DS.d904.s0.i2 1.0 1.44018186758
DS.d922.s0.i0 1.0 0.750297441886
DS.d923.s0.i0 1.0 1.42599722538
DS.d928.s0.i0 1.0 0.205149902157
DS.d928.s0.i1 1.0 0.178126690099
DS.d928.s0.i2 1.0 0.432067263537
DS.d928.s1.i0 1.0 1.4960353299
DS.d932.s0.i0 1.0 2.06154451725
DS.d941.s0.i0 -1 0.0634781094313
DS.d941.s0.i1 -1 0.0763459942236
DS.d941.s0.i2 -1 -1.962084584
DS.d953.s0.i0 1.0 1.24032602402
DS.d965.s0.i0 1.0 0.765681111433
DS.d968.s0.i0 1.0 1.43729726037
DS.d968.s0.i1 1.0 1.43729726037
DS.d983.s0.i0 -1 0.652277862029
DS.d983.s1.i0 -1 -0.286906716962
DS.d983.s1.i1 -1 -0.410712656282
DS.d984.s0.i0 1.0 0.702658537777
DS.d984.s0.i1 1.0 0.916097557006
DS.d1000.s0.i0 1.0 0.104208239037
DS.d1000.s0.i1 1.0 -0.184453393118
DS.d1003.s0.i0 -1 -0.423273724389
DS.d1003.s0.i1 -1 -0.197378405404
DS.d1009.s0.i0 1.0 0.241998458351
DS.d1009.s1.i0 1.0 -0.419076111368
DS.d1009.s1.i1 1.0 -0.634943495285
DS.d1012.s0.i0 -1 0.368738894312
DS.d1015.s0.i0 -1 -0.16906874863
DS.d1015.s0.i1 -1 -0.16906874863
DS.d1017.s0.i0 -1 -0.887422984288
DS.d1017.s0.i1 -1 -0.410467512238
DS.d1017.s0.i2 -1 -0.100139704072
DS.d1017.s0.i3 -1 -0.945547084899
DS.d1021.s0.i0 -1 -0.903928662199
DS.d1028.s0.i0 1.0 0.86168688789
DS.d1028.s0.i1 1.0 -0.35995699682
DS.d1035.s0.i0 1.0 0.0822477462962
DS.d1035.s1.i0 1.0 -1.19231161285
DS.d1035.s2.i0 -1 -0.549127393114
DS.d1043.s0.i0 -1 -0.633471262857
DS.d1043.s0.i1 -1 -0.765215907919
DS.d1043.s0.i2 -1 -1.04520677804
DS.d1043.s0.i3 -1 -1.12381094831
DS.d1062.s0.i0 -1 -1.30380904439
DS.d1062.s0.i1 -1 -1.72302953879
DS.d1064.s0.i0 1.0 0.524933848682
DS.d1064.s0.i1 -1 0.0420394766315
DS.d1092.s0.i0 1.0 1.0402162824
DS.d1092.s0.i1 1.0 0.460107016766
DS.d1101.s0.i0 1.0 -0.0233633642791
DS.d1101.s0.i1 1.0 -0.0904471673742
DS.d1108.s0.i0 1.0 1.74456229594
DS.d1110.s0.i0 1.0 0.83549932953
DS.d1110.s0.i1 1.0 0.83549932953
DS.d1124.s0.i0 1.0 -0.407328561195
DS.d1128.s0.i0 1.0 0.493530604699
DS.d1134.s0.i0 -1 -1.10039270789
DS.d1154.s0.i0 1.0 -0.640707572998
DS.d1154.s0.i1 1.0 -0.558633792288
DS.d1154.s0.i2 1.0 -0.805065352029
DS.d1155.s0.i0 -1 -0.605019709655
DS.d1155.s0.i1 -1 -0.540616141703
DS.d1155.s0.i2 1.0 0.237243988516
DS.d1155.s0.i3 1.0 0.316259656832
DS.d1155.s1.i0 -1 -0.902026177873
DS.d1155.s1.i1 -1 -0.809361728178
DS.d1155.s2.i0 1.0 -1.13467736931
DS.d1155.s2.i1 1.0 -0.79604991161
DS.d1155.s2.i2 1.0 -1.36960534718
DS.d1162.s0.i0 1.0 1.20027129079
DS.d1167.s0.i0 1.0 0.863804492168
DS.d1184.s0.i0 -1 -1.54073313938
DS.d1184.s1.i0 -1 -1.3505336046
DS.d1189.s0.i0 1.0 0.99649515035
DS.d1192.s0.i0 1.0 0.727508280974
DS.d1216.s0.i0 1.0 0.716003574375
DS.d1220.s0.i0 1.0 0.218133661229
DS.d1220.s0.i1 1.0 -0.96600033645
DS.d1220.s1.i0 1.0 -0.26827426332
DS.d1237.s0.i0 1.0 1.57302446954
DS.d1238.s0.i0 -1 -0.823191836174
DS.d1238.s0.i1 -1 -0.731297408092
DS.d1238.s0.i2 -1 -0.444646621608
DS.d1238.s0.i3 -1 -0.638804060748
DS.d1243.s0.i0 -1 0.837833002157
DS.d1246.s0.i0 1.0 0.651301445147
DS.d1250.s0.i0 -1 0.404599365886
DS.d1250.s0.i1 -1 0.501414944739
DS.d1250.s0.i2 -1 0.457821560287
DS.d1250.s0.i3 -1 0.109947217856
DS.d1251.s0.i0 1.0 1.88680583447
DS.d1258.s0.i0 1.0 -0.237319308209
DS.d1262.s0.i0 -1 0.886745585839
DS.d1262.s0.i1 1.0 0.95540003546
DS.d1262.s1.i0 1.0 -0.784748186285
DS.d1262.s1.i1 1.0 -0.190218430897
DS.d1281.s0.i0 -1 -1.66089298609
DS.d1281.s0.i1 1.0 -0.368897582173
DS.d1281.s0.i2 1.0 -0.644034148203
DS.d1281.s1.i0 -1 -1.05113212009
DS.d1281.s1.i1 1.0 -1.35693518744
DS.d1306.s0.i0 -1 -0.264047580049
DS.d1306.s0.i1 -1 -0.473424355506
DS.d1313.s0.i0 -1 0.368068284764
DS.d1326.s0.i0 -1 -1.45199073427
DS.d1326.s0.i1 -1 -0.590673313199
DS.d1326.s0.i2 -1 -0.358228123096
DS.d1326.s0.i3 -1 -0.554742474399
DS.d1341.s0.i0 -1 0.341608220273
DS.d1341.s0.i1 1.0 0.686572944767
DS.d1341.s0.i2 1.0 0.774779327863
DS.d1355.s0.i0 1.0 0.717952309182
DS.d1360.s0.i0 1.0 1.23366737809
DS.d1360.s1.i1 1.0 1.14702402457
DS.d1360.s2.i0 1.0 1.36717313949
DS.d1360.s2.i1 1.0 1.18000748718
DS.d1383.s0.i0 1.0 0.953377246265
DS.d1391.s0.i0 -1 -0.0628075518524
DS.d1391.s1.i0 -1 -0.35925005763
DS.d1391.s2.i0 -1 -0.902381268759
DS.d1391.s3.i0 -1 0.0320731778387
DS.d1391.s3.i1 -1 0.407354528338
DS.d1423.s0.i0 -1 0.00524879974823
DS.d1423.s1.i0 1.0 0.321937548624
DS.d1447.s0.i0 1.0 1.14892819852
DS.d1447.s0.i1 1.0 1.42587115146
DS.d1457.s0.i0 -1 0.109465461622
DS.d1457.s0.i1 -1 0.306284016441
DS.d1460.s0.i0 -1 -0.224524547006
DS.d1469.s0.i0 -1 -1.37018513636
DS.d1469.s1.i0 -1 -1.5543182761
DS.d1469.s1.i1 1.0 -0.198718332187
DS.d1469.s1.i2 1.0 -0.206082109456
DS.d1469.s1.i3 1.0 -0.198718332187
DS.d1469.s1.i4 -1 -1.5543182761
DS.d1469.s1.i5 1.0 -0.206082109456
DS.d1473.s0.i0 1.0 0.55281015444
DS.d1473.s1.i0 1.0 -0.4126488089
DS.d1473.s2.i0 1.0 0.639603557648
DS.d1473.s3.i0 1.0 0.820240252075
DS.d1474.s0.i0 -1 -1.32304245455
DS.d1479.s0.i0 1.0 0.668328429024
DS.d1508.s0.i0 1.0 -0.0419681697544
DS.d1517.s0.i0 1.0 0.427540893718
DS.d1525.s0.i0 -1 -1.61035341988
DS.d1525.s1.i0 -1 0.366422365243
DS.d1525.s2.i0 -1 1.23304719345
DS.d1525.s3.i0 -1 1.52891409035
DS.d1533.s0.i0 -1 0.137532059897
DS.d1538.s0.i0 1.0 0.971552168061
DS.d1538.s0.i1 1.0 0.686954058296
DS.d1561.s0.i0 1.0 -0.0924533876781
DS.d1564.s0.i0 -1 -0.811963335621
DS.d1567.s0.i0 1.0 -0.383687867585
DS.d1576.s0.i0 -1 1.21816601616
DS.d1576.s1.i0 1.0 -0.514989053519
DS.d1576.s2.i0 1.0 0.669841863932
DS.d1607.s0.i0 1.0 0.242266355879
DS.d1613.s0.i0 -1 -0.392676212908
DS.d1613.s1.i0 -1 0.202452901139
DS.d1643.s0.i0 -1 -1.47727809765
DS.d1643.s0.i1 -1 -1.53770849034
DS.d1643.s0.i2 -1 -2.31218839053
DS.d1643.s0.i3 -1 -0.448815226982
DS.d1643.s1.i0 -1 -1.29132973004
DS.d1643.s2.i0 -1 -1.19199758001
DS.d1647.s0.i0 -1 -0.721057870399
DS.d1667.s0.i0 1.0 1.03260590908
DS.d1670.s0.i0 -1 -0.297222002026
DS.d1670.s0.i1 -1 -0.443315496523
DS.d1675.s0.i0 -1 1.22471807089
DS.d1675.s0.i1 -1 0.706861521121
DS.d1675.s0.i2 -1 0.712763669372
DS.d1675.s0.i3 -1 1.31724786018
DS.d1700.s1.i0 1.0 -0.343360528724
DS.d1704.s0.i0 1.0 0.730792284179
DS.d1704.s0.i1 1.0 0.925825044715
DS.d1731.s0.i0 -1 -0.886960495468
DS.d1731.s0.i1 -1 -1.25396317484
DS.d1731.s0.i2 -1 -0.854848903976
DS.d1731.s0.i3 -1 -1.00377833459
DS.d1774.s0.i0 1.0 0.799380389807
DS.d1798.s0.i0 1.0 0.802002173533
DS.d1799.s0.i0 -1 -0.196254667081
DS.d1799.s0.i1 -1 -0.141210581132
DS.d1801.s0.i0 1.0 0.316675087164
DS.d1807.s0.i0 -1 -1.71655331694
DS.d1807.s0.i1 -1 -1.46043841561
DS.d1815.s0.i0 -1 -1.24049839202
DS.d1815.s0.i1 1.0 1.28121011577
DS.d1817.s0.i0 1.0 0.466436389467
DS.d1817.s1.i0 1.0 0.641198438973
DS.d1817.s2.i0 1.0 1.38073505885
DS.d1833.s0.i0 1.0 0.510406262886
DS.d1833.s0.i1 1.0 0.439962467369
DS.d1833.s0.i2 1.0 0.325151474614
DS.d1833.s1.i0 1.0 0.435526262004
DS.d1833.s1.i1 1.0 0.352971368327
DS.d1833.s1.i2 1.0 -0.407487434183
DS.d1833.s1.i3 1.0 -0.299234055116
DS.d1833.s1.i4 1.0 -0.0851691990538
DS.d1846.s0.i0 1.0 2.10982213373
DS.d1864.s0.i0 1.0 0.113380286961
DS.d1864.s0.i1 1.0 -0.0864999247647
DS.d1864.s1.i0 -1 -1.33681835558
DS.d1867.s0.i0 -1 -0.76566386895
DS.d1867.s0.i1 -1 -0.972594522697
DS.d1867.s0.i2 -1 -0.732502463637
DS.d1867.s0.i3 -1 -0.874557333401
DS.d1871.s0.i0 -1 0.829200222345
DS.d1871.s0.i1 -1 1.0735949166
DS.d1871.s1.i0 -1 -0.237098277118
DS.d1872.s0.i0 1.0 -0.285187521064
DS.d1872.s1.i0 1.0 0.405944688778
DS.d1872.s2.i0 1.0 0.0956493365876
