DS.d6.s0.i0 1.0 0.308541059716
DS.d18.s0.i0 1.0 0.269937918673
DS.d24.s0.i0 -1 -0.927526911665
DS.d24.s1.i0 1.0 0.102416789793
DS.d50.s0.i0 1.0 2.08163637872
DS.d53.s0.i0 1.0 0.712665701291
DS.d57.s0.i0 1.0 0.371990835486
DS.d70.s0.i0 1.0 0.790316819978
DS.d70.s0.i1 1.0 0.731511303771
DS.d70.s1.i0 1.0 0.766627539258
DS.d70.s1.i1 1.0 1.15665285829
DS.d70.s1.i2 1.0 1.57450544004
DS.d70.s1.i3 1.0 0.767870296005
DS.d71.s0.i0 1.0 1.48452904717
DS.d80.s0.i0 -1 -1.43250294094
DS.d92.s0.i0 1.0 1.10922964615
DS.d92.s1.i0 1.0 -0.52339441022
DS.d92.s2.i0 1.0 0.42901452036
DS.d92.s3.i0 1.0 1.30896533779
DS.d93.s0.i0 1.0 0.16326767268
DS.d111.s0.i0 1.0 0.316212931117
DS.d111.s0.i1 -1 -1.28163258186
DS.d111.s0.i2 1.0 0.632819288277
DS.d111.s0.i3 1.0 0.129297532694
DS.d111.s0.i4 -1 0.0638206414962
DS.d111.s0.i5 1.0 0.50550038445
DS.d117.s0.i0 1.0 0.722117182079
DS.d117.s1.i0 1.0 -0.0118666636592
DS.d117.s1.i1 -1 -0.265203697861
DS.d117.s2.i0 1.0 0.926739972609
DS.d117.s2.i1 1.0 1.37899586435
DS.d117.s2.i2 -1 0.355130304117
DS.d117.s2.i3 -1 0.556653137248
DS.d117.s3.i0 1.0 0.889030479341
DS.d117.s3.i1 1.0 0.902736092741
DS.d117.s3.i2 1.0 0.850280954758
DS.d117.s3.i3 1.0 1.0736258847
DS.d159.s0.i0 -1 -0.82273802848
DS.d159.s0.i1 -1 -0.927562173983
DS.d159.s0.i2 -1 -1.10264828932
DS.d159.s0.i3 -1 0.152063715744
DS.d159.s0.i4 -1 -0.803577333303
DS.d159.s0.i5 -1 0.0809755212523
DS.d170.s0.i0 1.0 1.28895549465
DS.d170.s0.i1 1.0 0.948648814329
DS.d193.s0.i0 1.0 0.763777025745
DS.d193.s1.i0 1.0 1.23694334481
DS.d195.s0.i0 -1 0.282179386857
DS.d213.s0.i0 -1 1.01827877642
DS.d213.s1.i0 1.0 0.565234550435
DS.d218.s0.i0 1.0 1.4106780812
DS.d218.s0.i1 1.0 1.35573361291
DS.d218.s1.i0 -1 -0.418330695672
DS.d218.s1.i1 -1 -0.80979343433
DS.d218.s1.i2 -1 -0.673078566906
DS.d218.s1.i3 -1 -0.280132250826
DS.d220.s0.i0 -1 0.493687521877
DS.d220.s0.i1 -1 0.0299408727002
DS.d220.s1.i0 -1 -0.362213753024
DS.d220.s1.i1 1.0 -0.153974175914
DS.d221.s0.i0 1.0 1.10727053789
DS.d223.s0.i0 1.0 0.260466991192
DS.d223.s0.i1 -1 -0.771719892625
DS.d223.s1.i0 1.0 0.895861778642
DS.d223.s1.i1 -1 0.348037816508
DS.d233.s0.i0 1.0 0.36328683842
DS.d252.s0.i0 1.0 -0.143504134949
DS.d252.s1.i0 1.0 1.37983241772
DS.d252.s1.i1 1.0 1.27405106856
DS.d252.s1.i2 1.0 1.43191225253
DS.d252.s2.i0 1.0 -0.0213834253201
DS.d252.s2.i1 1.0 0.146692176754
DS.d252.s2.i2 1.0 0.303325478565
DS.d254.s0.i0 1.0 1.74986068892
DS.d254.s0.i1 1.0 1.77396479351
DS.d254.s1.i0 -1 -0.318615944336
DS.d254.s1.i1 -1 0.0548523736942
DS.d254.s2.i0 -1 0.983947469782
DS.d254.s2.i1 1.0 1.27615901053
DS.d255.s0.i0 -1 -0.789717819505
DS.d255.s0.i1 -1 0.17074811318
DS.d262.s0.i0 -1 0.820480245976
DS.d272.s0.i0 1.0 -0.822284738285
DS.d272.s0.i1 1.0 -0.768602489188
DS.d272.s0.i2 1.0 -0.575909581824
DS.d272.s1.i0 1.0 -0.465002715056
DS.d272.s1.i1 1.0 -0.671510020857
DS.d272.s1.i2 1.0 -0.319217477496
DS.d272.s2.i0 1.0 0.895571724113
DS.d272.s3.i0 1.0 0.977816832778
DS.d272.s4.i0 -1 -0.853085806269
DS.d274.s0.i0 1.0 0.515476112633
DS.d296.s0.i0 1.0 0.108274485663
DS.d314.s0.i0 1.0 0.471106868493
DS.d314.s0.i1 -1 -0.177233547487
DS.d320.s0.i0 -1 -0.242381991319
DS.d320.s0.i1 1.0 1.11718754388
DS.d326.s0.i0 1.0 0.536346389307
DS.d326.s0.i1 -1 0.137329495063
DS.d330.s0.i0 1.0 0.27944503261
DS.d330.s0.i1 1.0 0.27944503261
DS.d347.s0.i0 1.0 0.284195614594
DS.d347.s1.i0 -1 -0.598696785122
DS.d347.s1.i1 -1 -1.17730987119
DS.d347.s1.i2 -1 -1.11018897152
DS.d347.s1.i3 -1 -1.12620664746
DS.d347.s1.i4 -1 -0.940849083671
DS.d347.s1.i5 -1 -1.11079402927
DS.d372.s0.i0 1.0 0.468666481283
DS.d372.s0.i1 1.0 0.455422928688
DS.d372.s1.i0 1.0 0.147256697765
DS.d372.s1.i1 -1 0.815059126002
DS.d372.s1.i2 1.0 0.496912803729
DS.d372.s1.i3 -1 0.259848954785
DS.d386.s0.i0 1.0 1.0763402405
DS.d386.s1.i0 1.0 1.29018298762
DS.d386.s1.i1 1.0 1.3532459496
DS.d386.s2.i0 1.0 1.84506070268
DS.d386.s2.i1 1.0 2.19502926426
DS.d394.s0.i0 1.0 0.587889344559
DS.d394.s0.i1 1.0 0.669300165242
DS.d399.s0.i0 1.0 1.200937101
DS.d400.s0.i0 1.0 0.754855050948
DS.d400.s0.i1 1.0 0.585128313964
DS.d430.s0.i0 1.0 1.43169844233
DS.d430.s0.i1 1.0 1.42264008875
DS.d430.s0.i2 1.0 1.65136036424
DS.d430.s0.i3 1.0 1.05819054698
DS.d431.s0.i0 1.0 0.546891665439
DS.d431.s0.i1 1.0 0.889869301319
DS.d431.s0.i2 1.0 0.477516898344
DS.d431.s0.i3 1.0 1.01664727205
DS.d431.s0.i4 1.0 0.916789622162
DS.d431.s0.i5 1.0 0.784503102225
DS.d436.s0.i0 1.0 1.04071338677
DS.d445.s0.i0 1.0 1.42566666403
DS.d447.s0.i0 1.0 1.8212705882
DS.d463.s0.i0 -1 0.549807573261
DS.d471.s0.i0 1.0 0.905819484112
DS.d471.s0.i1 1.0 0.859015124553
DS.d471.s0.i2 1.0 1.23283010533
DS.d471.s0.i3 1.0 0.749850403627
DS.d471.s0.i4 1.0 1.26182161312
DS.d471.s0.i5 1.0 0.832193790234
DS.d476.s0.i0 1.0 0.996006297851
DS.d476.s0.i1 1.0 1.33599242754
DS.d477.s0.i0 1.0 0.887593818805
DS.d487.s0.i0 1.0 1.05343942899
DS.d487.s0.i1 1.0 1.48539572
DS.d487.s0.i2 -1 1.40102699394
DS.d489.s0.i0 1.0 -0.0609124169958
DS.d489.s0.i1 1.0 -0.230756363964
DS.d514.s0.i0 1.0 1.58365252342
DS.d514.s1.i0 -1 1.26472654234
DS.d517.s0.i0 1.0 1.90273202658
DS.d517.s0.i1 1.0 1.57640462679
DS.d520.s0.i0 1.0 -0.170282984963
DS.d520.s0.i1 -1 -0.725791598692
DS.d520.s1.i0 1.0 -0.767340347438
DS.d520.s1.i1 1.0 -0.0940168336678
DS.d520.s1.i2 1.0 0.359488018723
DS.d530.s0.i0 -1 0.0890153093448
DS.d537.s0.i0 -1 0.300705440132
DS.d537.s0.i1 -1 0.852665700371
DS.d537.s0.i2 -1 0.610188206434
DS.d548.s0.i0 -1 -0.843363601187
DS.d548.s0.i1 -1 -0.767091069349
DS.d550.s0.i0 -1 -0.561215866283
DS.d550.s0.i1 -1 -0.476125771014
DS.d550.s0.i2 -1 -0.0286785500185
DS.d550.s0.i3 -1 -0.786794037474
DS.d550.s0.i4 -1 -0.115259977085
DS.d550.s0.i5 -1 -0.508249940184
DS.d550.s0.i6 -1 -0.224232531732
DS.d550.s0.i7 -1 -0.723905740844
DS.d550.s0.i8 -1 -0.451549690747
DS.d574.s0.i0 -1 -1.25833548474
DS.d574.s0.i1 -1 -0.954568651348
DS.d574.s0.i2 -1 -0.704301116283
DS.d574.s0.i3 -1 -0.969862970006
DS.d584.s0.i0 -1 0.256252522265
DS.d588.s0.i0 1.0 0.6308138324
DS.d592.s0.i0 1.0 1.30492820083
DS.d593.s0.i0 1.0 1.09712720242
DS.d608.s0.i0 1.0 1.05695495574
DS.d608.s0.i1 1.0 0.96366499827
DS.d608.s1.i0 1.0 1.18822994546
DS.d608.s1.i1 1.0 1.26908119055
DS.d609.s0.i0 -1 0.0855472255832
DS.d609.s0.i1 1.0 0.864606575208
DS.d609.s1.i0 -1 -0.432413649701
DS.d609.s1.i1 -1 -0.164378286721
DS.d609.s1.i2 1.0 0.930354500007
DS.d610.s0.i0 1.0 1.20204823136
DS.d627.s0.i0 1.0 0.260448540762
DS.d651.s0.i0 -1 -1.39355021973
DS.d660.s0.i0 1.0 0.738798825389
DS.d660.s0.i1 1.0 0.519907224613
DS.d663.s0.i0 -1 -0.45489209952
DS.d663.s0.i1 -1 -0.571086052874
DS.d668.s0.i0 1.0 1.77463137111
DS.d670.s0.i0 1.0 0.0553845137619
DS.d670.s0.i1 1.0 0.436110988981
DS.d671.s0.i0 1.0 2.8656043861
DS.d671.s0.i1 1.0 1.56019462486
DS.d671.s0.i2 1.0 1.73365026703
DS.d677.s0.i0 -1 0.101033566378
DS.d677.s0.i1 -1 0.0110173097629
DS.d677.s0.i2 1.0 -0.570924359382
DS.d677.s0.i3 -1 0.208857227058
DS.d686.s0.i0 1.0 1.572887754
DS.d686.s0.i1 1.0 0.825506492366
DS.d700.s0.i0 1.0 -0.144718284327
DS.d711.s0.i0 -1 0.0423248875047
DS.d715.s0.i0 1.0 0.599049357119
DS.d716.s0.i0 1.0 -0.067038806485
DS.d716.s0.i1 -1 -1.25813014205
DS.d716.s0.i2 1.0 1.23162236294
DS.d716.s0.i3 1.0 -0.0465375007792
DS.d722.s0.i0 -1 -0.571104002768
DS.d722.s0.i1 -1 -0.466564988828
DS.d737.s0.i0 -1 -0.913575215514
DS.d737.s0.i1 -1 0.933894793649
DS.d737.s0.i2 -1 -0.476220633268
DS.d737.s1.i0 -1 -0.782437981141
DS.d737.s1.i1 1.0 0.625627615428
DS.d738.s0.i0 1.0 0.937846380955
DS.d738.s0.i1 1.0 0.614308279647
DS.d738.s1.i0 1.0 0.711315384137
DS.d757.s0.i0 1.0 0.287513767734
DS.d757.s1.i0 1.0 0.6343460272
DS.d764.s0.i0 -1 -0.456786098676
DS.d764.s0.i1 -1 -0.450693853721
DS.d764.s0.i2 -1 -0.777493684155
DS.d764.s0.i3 -1 -0.26660576176
DS.d764.s0.i4 -1 -0.295974875471
DS.d764.s0.i5 -1 -0.711517676318
DS.d767.s0.i0 1.0 0.485566871646
DS.d769.s0.i0 1.0 0.202255734473
DS.d775.s0.i0 1.0 1.3646888233
DS.d808.s0.i0 -1 0.847693647051
DS.d808.s1.i0 -1 2.40086521343
DS.d808.s1.i1 1.0 0.509933749286
DS.d808.s2.i0 1.0 0.907873175811
DS.d808.s2.i1 1.0 0.525815136034
DS.d815.s0.i0 1.0 -0.560629247679
DS.d815.s0.i1 1.0 -0.345823259344
DS.d815.s0.i2 1.0 0.289983755411
DS.d825.s0.i0 1.0 0.0856578374298
DS.d825.s0.i1 1.0 0.00818509129906
DS.d825.s0.i2 1.0 0.0890356682641
DS.d825.s0.i3 1.0 -0.0265833705034
DS.d825.s0.i4 1.0 0.163078905991
DS.d825.s0.i5 1.0 0.124874082538
DS.d825.s0.i6 1.0 0.0894816939994
DS.d825.s0.i7 1.0 0.014871590328
DS.d825.s1.i0 -1 0.45535490935
DS.d825.s1.i1 -1 0.0387719939322
DS.d825.s1.i2 -1 0.45535490935
DS.d825.s1.i3 -1 -0.811400745549
DS.d825.s1.i4 -1 -0.0760350543053
DS.d825.s1.i5 -1 -0.0760350543053
DS.d825.s2.i0 -1 -1.45417718728
DS.d825.s2.i1 -1 -1.45417718728
DS.d826.s0.i0 1.0 0.468465270391
DS.d826.s0.i1 1.0 0.313589848642
DS.d826.s0.i2 -1 0.350499758081
DS.d826.s0.i3 -1 -0.331107621228
DS.d826.s0.i4 -1 -0.0262257559227
DS.d826.s0.i5 1.0 0.763518286796
DS.d826.s0.i6 1.0 0.231756659937
DS.d826.s0.i7 -1 0.133643871442
DS.d826.s1.i0 1.0 -1.19175193756
DS.d826.s1.i1 1.0 -0.064536536041
DS.d826.s1.i2 1.0 -1.11642700995
DS.d826.s2.i0 1.0 2.28134568988
DS.d826.s2.i1 1.0 2.16549784333
DS.d826.s2.i2 1.0 2.15497362066
DS.d826.s2.i3 1.0 2.16723313882
DS.d826.s3.i0 1.0 0.291687492192
DS.d826.s3.i1 1.0 0.291687492192
DS.d826.s3.i2 1.0 1.12232302627
DS.d826.s3.i3 1.0 1.12232302627
DS.d842.s0.i0 -1 -0.338685838122
DS.d842.s0.i1 -1 0.115063742889
DS.d842.s0.i2 -1 -0.677177926518
DS.d842.s0.i3 -1 -1.27448396249
DS.d842.s1.i0 -1 -0.531109821585
DS.d842.s1.i1 -1 0.00860157233841
DS.d842.s1.i2 -1 -0.40454246835
DS.d842.s1.i3 -1 -1.00565170092
DS.d875.s0.i0 -1 -0.259479141365
DS.d875.s0.i1 -1 0.0960272067022
DS.d875.s0.i2 -1 -0.26279946784
DS.d875.s0.i3 -1 0.0693653011435
DS.d879.s0.i0 1.0 0.209555240959
DS.d879.s1.i0 1.0 0.499035587994
DS.d880.s0.i0 -1 -0.717177762165
DS.d894.s0.i0 1.0 -0.418729662506
DS.d894.s0.i1 1.0 -0.3718237611
DS.d908.s0.i0 1.0 1.61722496393
DS.d908.s1.i0 1.0 0.524141118213
DS.d908.s1.i1 1.0 0.130574611618
DS.d908.s1.i2 1.0 0.287140803831
DS.d916.s0.i0 -1 -0.985574526024
DS.d916.s0.i1 -1 0.00281388294912
DS.d919.s0.i0 -1 -1.22679780964
DS.d919.s0.i1 -1 -0.316486439546
DS.d919.s0.i2 -1 -1.53167432501
DS.d919.s1.i0 -1 0.328360751676
DS.d919.s1.i1 -1 0.0725727353124
DS.d937.s0.i0 1.0 -0.0268726951726
DS.d937.s0.i1 1.0 -0.102392417465
DS.d947.s0.i0 1.0 0.95855181183
DS.d947.s0.i1 1.0 0.95855181183
DS.d948.s0.i0 1.0 0.411050607599
DS.d948.s0.i1 1.0 0.00418133690563
DS.d948.s0.i2 1.0 -0.0498735071
DS.d948.s0.i3 1.0 0.580806292191
DS.d948.s0.i4 1.0 0.411050607599
DS.d948.s0.i5 1.0 0.580806292191
DS.d956.s0.i0 1.0 1.17873100619
DS.d956.s1.i0 1.0 0.421029002665
DS.d987.s0.i0 -1 0.212946121697
DS.d987.s0.i1 -1 0.0652667394924
DS.d987.s0.i2 -1 -1.15624421278
DS.d987.s0.i3 -1 -1.15624421278
DS.d987.s0.i4 -1 -0.687945367019
DS.d987.s0.i5 -1 -0.711215097976
DS.d987.s0.i6 -1 -0.704615863681
DS.d987.s0.i7 -1 0.209589645159
DS.d987.s0.i8 -1 -1.05283500792
DS.d987.s0.i9 -1 0.0960761990569
DS.d1009.s0.i0 -1 0.433507077268
DS.d1009.s1.i0 -1 -0.469675328416
DS.d1009.s1.i1 -1 -0.746233163647
DS.d1018.s0.i0 1.0 1.26228627939
DS.d1018.s0.i1 1.0 2.04745504921
DS.d1018.s0.i2 1.0 1.72259217998
DS.d1018.s0.i3 1.0 1.44165666164
DS.d1018.s1.i0 -1 -0.18419417228
DS.d1020.s0.i0 -1 -0.843891566701
DS.d1020.s1.i0 -1 -0.0438631190317
DS.d1033.s0.i0 1.0 1.29097993324
DS.d1033.s0.i1 1.0 1.16143339742
DS.d1091.s0.i0 1.0 0.663915465259
DS.d1091.s0.i1 1.0 0.778739031804
DS.d1091.s0.i2 1.0 0.790664618158
DS.d1101.s0.i0 1.0 -0.126950915688
DS.d1101.s0.i1 1.0 0.047435736639
DS.d1110.s0.i0 1.0 0.699004924146
DS.d1110.s0.i1 1.0 0.699004924146
DS.d1122.s0.i0 1.0 0.474926350407
DS.d1128.s0.i0 1.0 -0.217925435701
DS.d1138.s0.i0 1.0 0.11012511159
DS.d1138.s0.i1 1.0 0.0516886504151
DS.d1138.s1.i0 1.0 0.260242445548
DS.d1143.s0.i0 -1 0.00863927846129
DS.d1143.s0.i1 -1 -0.397836280663
DS.d1154.s0.i0 1.0 0.130340398488
DS.d1154.s0.i1 1.0 0.737370015992
DS.d1154.s0.i2 1.0 0.108246608542
DS.d1161.s0.i0 1.0 0.914938486858
DS.d1161.s0.i1 1.0 0.839149677906
DS.d1167.s0.i0 1.0 0.177282526714
DS.d1167.s1.i0 1.0 0.699802904646
DS.d1167.s1.i1 1.0 -0.520410100019
DS.d1190.s0.i0 1.0 0.229759978885
DS.d1209.s0.i0 1.0 0.574639897714
DS.d1209.s0.i1 1.0 0.574639897714
DS.d1209.s0.i2 1.0 1.85861704541
DS.d1209.s1.i0 1.0 0.885307948386
DS.d1209.s1.i1 1.0 0.885307948386
DS.d1209.s1.i2 1.0 1.40757534265
DS.d1209.s1.i3 1.0 0.962329295171
DS.d1209.s1.i4 1.0 0.962329295171
DS.d1209.s1.i5 1.0 1.38443153115
DS.d1215.s0.i0 1.0 0.858535651252
DS.d1215.s0.i1 1.0 1.63718563589
DS.d1215.s1.i0 -1 0.275816182565
DS.d1215.s1.i1 -1 -0.105742415145
DS.d1215.s1.i2 -1 0.350458360628
DS.d1215.s1.i3 -1 0.632181425986
DS.d1218.s0.i0 -1 -1.62941613635
DS.d1218.s1.i0 -1 0.414754544523
DS.d1218.s2.i0 -1 -1.28321155838
DS.d1218.s2.i1 -1 0.727883952367
DS.d1220.s0.i0 1.0 0.36218005329
DS.d1220.s0.i1 1.0 -0.585928774001
DS.d1220.s1.i0 1.0 -0.527956949
DS.d1229.s0.i0 -1 -1.22372646516
DS.d1229.s0.i1 -1 -0.95434785356
DS.d1229.s0.i2 -1 -0.762753535225
DS.d1229.s0.i3 -1 -1.57366887949
DS.d1229.s1.i0 -1 -2.06408254524
DS.d1229.s1.i1 1.0 -0.798764493096
DS.d1229.s1.i2 -1 -1.86178798556
DS.d1229.s1.i3 1.0 -0.842264716359
DS.d1239.s0.i0 1.0 0.0618957452069
DS.d1241.s0.i0 1.0 1.81385339321
DS.d1260.s0.i0 -1 1.72721293387
DS.d1261.s0.i0 1.0 1.06394163099
DS.d1263.s0.i0 -1 -0.984526543911
DS.d1263.s0.i1 -1 0.806319600997
DS.d1269.s0.i0 -1 -0.0706035074168
DS.d1271.s0.i0 1.0 0.949990752001
DS.d1271.s1.i0 1.0 -0.0399744261926
DS.d1275.s0.i0 1.0 0.720705545178
DS.d1287.s0.i0 -1 -0.614130773403
DS.d1314.s0.i0 1.0 0.913157468929
DS.d1319.s0.i0 1.0 1.33744187935
DS.d1319.s0.i1 1.0 1.416256179
DS.d1341.s0.i0 -1 0.708974039409
DS.d1341.s0.i1 1.0 0.984876859871
DS.d1341.s0.i2 1.0 0.785869484082
DS.d1350.s0.i0 1.0 1.62507258179
DS.d1350.s0.i1 1.0 1.46388671601
DS.d1360.s0.i0 1.0 1.66302443254
DS.d1360.s1.i0 1.0 1.52796083807
DS.d1360.s1.i1 1.0 1.26706615079
DS.d1360.s2.i0 1.0 1.76314171733
DS.d1360.s2.i1 1.0 1.60929447079
DS.d1363.s0.i0 -1 -1.02744678212
DS.d1363.s0.i1 -1 -1.03733674163
DS.d1363.s0.i2 -1 -1.21436918581
DS.d1363.s0.i3 -1 -0.75366141679
DS.d1363.s0.i4 -1 -0.48367023538
DS.d1363.s0.i5 -1 -0.996854073232
DS.d1363.s0.i6 -1 -0.222907374701
DS.d1363.s0.i7 -1 -1.45233326332
DS.d1373.s0.i0 1.0 1.00249201834
DS.d1373.s1.i0 1.0 0.90341406344
DS.d1373.s1.i1 1.0 0.90341406344
DS.d1400.s0.i0 -1 -1.0429364069
DS.d1412.s0.i0 1.0 0.512253316426
DS.d1412.s1.i0 1.0 1.60648409082
DS.d1418.s0.i0 -1 -0.887775106106
DS.d1444.s0.i0 -1 -1.75401747458
DS.d1444.s0.i1 -1 -1.78974559924
DS.d1461.s0.i0 1.0 1.94758336934
DS.d1461.s1.i0 1.0 1.06694290413
DS.d1470.s0.i0 1.0 0.235963035538
DS.d1470.s0.i1 1.0 -0.533561185016
DS.d1481.s0.i0 1.0 0.438272395033
DS.d1481.s0.i1 1.0 0.688586079301
DS.d1481.s0.i2 1.0 0.539648905945
DS.d1481.s0.i3 1.0 0.467699844671
DS.d1483.s0.i0 1.0 1.06027908183
DS.d1492.s0.i0 1.0 -0.0334257418054
DS.d1492.s0.i1 1.0 -0.0605050445462
DS.d1497.s0.i0 1.0 1.49324861985
DS.d1497.s0.i1 1.0 1.56025343756
DS.d1502.s0.i0 1.0 -0.596781988911
DS.d1502.s0.i1 1.0 -0.256451689894
DS.d1502.s0.i2 1.0 -0.632630290583
DS.d1502.s0.i3 1.0 -0.585331655266
DS.d1505.s0.i0 -1 -0.208998811457
DS.d1505.s1.i0 -1 -1.52181950337
DS.d1525.s0.i0 -1 -1.23711419385
DS.d1525.s1.i0 -1 0.720356344415
DS.d1525.s2.i0 -1 1.59072953991
DS.d1525.s3.i0 -1 1.30417826406
DS.d1529.s0.i0 1.0 1.35022980651
DS.d1546.s0.i0 -1 -0.0237210808877
DS.d1546.s1.i0 -1 -1.24836008121
DS.d1546.s1.i1 1.0 0.115905316443
DS.d1546.s1.i2 -1 -1.37090677734
DS.d1553.s0.i0 -1 0.992936924565
DS.d1572.s0.i0 1.0 0.849977200022
DS.d1572.s0.i1 1.0 1.12694912956
DS.d1577.s0.i0 1.0 0.247337425893
DS.d1577.s0.i1 1.0 0.557961374929
DS.d1587.s0.i0 -1 -1.25414359677
DS.d1587.s0.i1 -1 -0.890700239841
DS.d1587.s1.i0 -1 -1.027761044
DS.d1587.s1.i1 -1 -0.616055251389
DS.d1587.s2.i0 -1 -0.859497461337
DS.d1587.s2.i1 -1 -0.257970019442
DS.d1587.s3.i0 -1 -0.918013359662
DS.d1587.s3.i1 -1 -1.28632406327
DS.d1609.s0.i0 1.0 -0.0540860119574
DS.d1613.s0.i0 1.0 0.113637544325
DS.d1613.s1.i0 1.0 0.182913745939
DS.d1617.s0.i0 1.0 1.40493672324
DS.d1617.s0.i1 1.0 1.39239680805
DS.d1617.s0.i2 1.0 1.30900035852
DS.d1617.s0.i3 1.0 1.37103920604
DS.d1617.s1.i0 1.0 0.549077389198
DS.d1621.s0.i0 1.0 1.60021780378
DS.d1621.s1.i0 1.0 0.288256760151
DS.d1634.s0.i0 -1 -1.25671611837
DS.d1634.s0.i1 -1 -0.697694094284
DS.d1634.s0.i2 -1 -1.21598742642
DS.d1634.s0.i3 -1 -1.05173218929
DS.d1634.s0.i4 -1 -1.05970091598
DS.d1634.s0.i5 -1 -0.744671368906
DS.d1634.s0.i6 -1 -1.18673176414
DS.d1634.s0.i7 -1 -1.02032097666
DS.d1634.s0.i8 -1 -0.989416621108
DS.d1634.s0.i9 -1 -0.999940545748
DS.d1634.s1.i0 -1 -1.14224407028
DS.d1634.s1.i1 -1 -1.22245156182
DS.d1634.s1.i2 -1 -1.29473724962
DS.d1634.s1.i3 -1 -1.56059375018
DS.d1645.s0.i0 1.0 0.831348249784
DS.d1647.s0.i0 -1 -1.37329337188
DS.d1655.s0.i0 1.0 0.751410514032
DS.d1655.s1.i0 -1 -1.0044598323
DS.d1655.s1.i1 -1 -1.0044598323
DS.d1655.s1.i2 -1 0.24143231211
DS.d1680.s0.i0 1.0 0.574534509652
DS.d1680.s0.i1 -1 0.329371869459
DS.d1681.s0.i0 1.0 1.39549916206
DS.d1681.s0.i1 1.0 1.40221477892
DS.d1681.s1.i0 1.0 0.85736458968
DS.d1695.s0.i0 1.0 -0.325550071898
DS.d1704.s0.i0 1.0 0.397684840491
DS.d1704.s0.i1 1.0 0.692757255843
DS.d1705.s0.i0 -1 0.419816479319
DS.d1705.s0.i1 -1 0.137323849988
DS.d1707.s0.i0 -1 0.483839503756
DS.d1727.s0.i0 1.0 0.229116967825
DS.d1728.s0.i0 1.0 0.904356019794
DS.d1728.s0.i1 1.0 0.894474081067
DS.d1729.s0.i0 1.0 0.503341381619
DS.d1731.s0.i0 -1 -0.961055241826
DS.d1731.s0.i1 -1 -1.22709870931
DS.d1731.s0.i2 -1 -0.826415138822
DS.d1731.s0.i3 -1 -0.874396331752
DS.d1734.s0.i0 -1 -1.42028364861
DS.d1734.s0.i1 -1 -1.79958559964
DS.d1734.s1.i0 -1 -0.634071377572
DS.d1746.s0.i0 1.0 0.321880535044
DS.d1760.s0.i0 1.0 2.15243148159
DS.d1761.s0.i0 -1 -0.286526589113
DS.d1761.s0.i1 -1 -0.411564922131
DS.d1761.s0.i2 -1 -0.402021135284
DS.d1761.s0.i3 -1 -0.623337480629
DS.d1762.s0.i0 -1 -0.218499826357
DS.d1762.s0.i1 -1 0.638982645315
DS.d1762.s0.i2 -1 0.643667577171
DS.d1783.s0.i0 -1 -0.177512248809
DS.d1793.s0.i0 -1 -1.26268132518
DS.d1793.s0.i1 -1 -1.2593631811
DS.d1819.s0.i0 1.0 -0.143523700615
DS.d1819.s0.i1 1.0 -0.0625913336417
DS.d1819.s0.i2 1.0 -0.104503724153
DS.d1819.s0.i3 1.0 -0.637987928463
DS.d1819.s0.i4 1.0 -0.071120065045
DS.d1819.s1.i0 1.0 1.01464969008
DS.d1842.s0.i0 1.0 1.28269113137
DS.d1842.s0.i1 1.0 1.22786634295
DS.d1848.s0.i0 1.0 1.16496162792
DS.d1870.s0.i0 1.0 0.89922449111
DS.d1875.s0.i0 1.0 1.35395426897
DS.d1875.s0.i1 1.0 0.574869195526
DS.d1876.s0.i0 1.0 1.82655840612
DS.d1876.s0.i1 -1 1.30736231063
