DS.d19.s0.i0 1.0 0.576983941883
DS.d19.s0.i1 1.0 1.29174724445
DS.d36.s0.i0 1.0 2.77256661221
DS.d36.s1.i0 1.0 0.140140824003
DS.d36.s2.i0 1.0 1.586969703
DS.d36.s2.i1 1.0 1.92579195003
DS.d46.s0.i0 -1 -0.422821831145
DS.d46.s0.i1 -1 0.0522124246105
DS.d46.s0.i2 -1 -0.404601725459
DS.d46.s0.i3 -1 0.173332305099
DS.d46.s0.i4 -1 0.193537568004
DS.d46.s0.i5 -1 -0.479848161695
DS.d46.s0.i6 -1 -0.409954758361
DS.d46.s0.i7 -1 0.0717282101453
DS.d52.s0.i0 1.0 -0.649580384583
DS.d52.s1.i0 1.0 0.62326840548
DS.d52.s2.i0 1.0 1.93898023662
DS.d61.s0.i0 -1 -0.296062950087
DS.d61.s0.i1 -1 0.17528255759
DS.d61.s0.i2 -1 0.694697722082
DS.d61.s0.i3 -1 0.835624305444
DS.d61.s0.i4 -1 0.430324347745
DS.d61.s0.i5 -1 0.172284607678
DS.d61.s0.i6 -1 0.782730156147
DS.d61.s0.i7 -1 -0.0573314841407
DS.d61.s0.i8 -1 -0.088096025566
DS.d65.s0.i0 -1 0.0374904288022
DS.d69.s0.i0 1.0 0.861585999987
DS.d69.s0.i1 1.0 0.861913895953
DS.d85.s0.i0 1.0 0.62840595272
DS.d98.s0.i0 1.0 0.136036041566
DS.d98.s0.i1 1.0 -0.115202584933
DS.d98.s0.i2 1.0 -0.183544840325
DS.d98.s0.i3 1.0 0.221270703669
DS.d98.s0.i4 1.0 0.322484135872
DS.d98.s0.i5 1.0 -0.18987587196
DS.d98.s1.i0 -1 -0.658584760643
DS.d98.s1.i1 -1 0.13295754268
DS.d98.s1.i2 -1 -0.589261402996
DS.d100.s0.i0 1.0 1.81199806718
DS.d100.s1.i0 1.0 0.769019179532
DS.d100.s1.i1 1.0 0.33910108528
DS.d103.s0.i0 1.0 -0.0603313943598
DS.d116.s0.i0 1.0 0.930689148756
DS.d116.s0.i1 1.0 1.64184908477
DS.d116.s0.i2 1.0 0.921687936781
DS.d128.s0.i0 1.0 0.428291097607
DS.d145.s0.i0 1.0 0.89040016665
DS.d145.s1.i0 1.0 0.875466403859
DS.d160.s0.i0 -1 -0.12616238143
DS.d160.s0.i1 -1 0.128665506302
DS.d160.s0.i2 -1 -0.457190712366
DS.d160.s0.i3 -1 0.806349643241
DS.d160.s0.i4 -1 0.415149617113
DS.d160.s0.i5 -1 -0.16950168386
DS.d162.s0.i0 1.0 0.364329824111
DS.d162.s1.i0 1.0 0.15411259187
DS.d166.s0.i0 1.0 -0.135968085434
DS.d177.s0.i0 -1 0.141311328641
DS.d177.s0.i1 1.0 1.07642981269
DS.d177.s0.i2 1.0 1.82979790455
DS.d177.s0.i3 -1 0.505346735521
DS.d177.s0.i4 -1 -0.586458941834
DS.d177.s0.i5 -1 -0.340875048811
DS.d177.s0.i6 -1 1.14737859896
DS.d177.s0.i7 -1 1.05957293584
DS.d191.s0.i0 -1 0.0143641872695
DS.d201.s0.i0 1.0 -0.116199259204
DS.d201.s0.i1 1.0 0.577039160458
DS.d201.s0.i2 1.0 1.11103597134
DS.d201.s0.i3 1.0 -0.42309479237
DS.d201.s0.i4 1.0 0.115438521461
DS.d201.s0.i5 1.0 -0.116199259204
DS.d201.s0.i6 1.0 0.155397056152
DS.d201.s0.i7 1.0 -0.250507686055
DS.d201.s0.i8 1.0 0.905407583001
DS.d206.s0.i0 1.0 0.725034813722
DS.d206.s0.i1 1.0 1.24484018384
DS.d206.s0.i2 1.0 0.97422091454
DS.d206.s0.i3 1.0 0.43274472177
DS.d206.s0.i4 1.0 0.208810172622
DS.d206.s0.i5 1.0 0.672650685485
DS.d206.s0.i6 1.0 0.478756261988
DS.d206.s0.i7 1.0 0.734873100339
DS.d214.s0.i0 1.0 1.07105304338
DS.d214.s0.i1 1.0 1.02686607137
DS.d222.s0.i0 1.0 -0.078714923203
DS.d230.s0.i0 1.0 -0.68261269402
DS.d230.s0.i1 1.0 -0.509358827661
DS.d230.s0.i2 1.0 -0.288213537467
DS.d230.s0.i3 1.0 -0.512486859645
DS.d271.s0.i0 -1 0.640054734484
DS.d291.s0.i0 -1 -0.307185696424
DS.d302.s0.i0 -1 0.843329061644
DS.d306.s0.i0 1.0 1.90973791757
DS.d306.s0.i1 -1 -0.147253552145
DS.d306.s1.i0 1.0 0.241331592984
DS.d306.s1.i1 1.0 0.618721832749
DS.d306.s1.i2 1.0 0.624305451102
DS.d306.s1.i3 1.0 -0.0327883520835
DS.d306.s1.i4 1.0 0.957911969809
DS.d306.s1.i5 1.0 0.734780024471
DS.d306.s2.i0 -1 -0.146503469077
DS.d306.s3.i0 -1 0.109931127417
DS.d306.s4.i0 1.0 -1.35621988603
DS.d306.s4.i1 1.0 -1.40461973218
DS.d313.s0.i0 1.0 1.00090410842
DS.d313.s1.i0 -1 0.178347462572
DS.d313.s1.i1 -1 -0.664168472818
DS.d313.s2.i0 1.0 1.82439695907
DS.d313.s3.i0 1.0 1.10019227675
DS.d313.s4.i0 1.0 0.541340518038
DS.d313.s5.i0 1.0 1.39262873766
DS.d315.s0.i0 -1 -1.70303019955
DS.d315.s0.i1 -1 -1.70422025023
DS.d315.s0.i2 -1 -1.36397306125
DS.d315.s0.i3 -1 -1.38773756506
DS.d337.s0.i0 1.0 1.28994356312
DS.d346.s0.i0 1.0 0.855147213469
DS.d346.s1.i1 1.0 0.340515237725
DS.d350.s0.i0 1.0 -0.879825075561
DS.d350.s0.i1 1.0 -0.667606632352
DS.d350.s0.i2 1.0 -0.328941762698
DS.d350.s0.i3 1.0 -0.645519777813
DS.d350.s1.i0 -1 -0.132114663124
DS.d350.s1.i1 -1 0.104602761768
DS.d350.s1.i2 -1 0.0128680672611
DS.d350.s1.i3 -1 -0.20397411729
DS.d351.s0.i0 -1 -1.30217770751
DS.d351.s0.i1 -1 -1.28064165775
DS.d351.s0.i2 -1 -0.442122521709
DS.d351.s0.i3 -1 -1.27368708238
DS.d354.s0.i0 -1 -0.110150494163
DS.d377.s0.i0 1.0 0.618695150802
DS.d377.s0.i1 1.0 1.03567652394
DS.d377.s0.i2 1.0 0.336970814675
DS.d377.s1.i0 1.0 0.529478517733
DS.d377.s1.i1 1.0 -0.160106708537
DS.d378.s0.i0 -1 -0.875088061269
DS.d378.s0.i1 -1 -0.614385523825
DS.d378.s0.i2 -1 -0.595143519727
DS.d378.s0.i3 -1 -0.817589886305
DS.d378.s1.i0 -1 -0.173925919454
DS.d381.s0.i0 -1 -0.0301067261991
DS.d381.s0.i2 1.0 1.28307909468
DS.d381.s0.i3 1.0 0.785761656391
DS.d381.s0.i4 -1 0.253741739037
DS.d381.s0.i5 -1 0.274222428125
DS.d381.s1.i0 1.0 0.418282166566
DS.d390.s0.i0 -1 -0.154911697814
DS.d390.s0.i1 -1 -0.535636916546
DS.d390.s0.i2 -1 -0.98543823515
DS.d390.s0.i3 -1 -1.32072194023
DS.d390.s0.i4 -1 -0.475278610048
DS.d390.s0.i5 -1 -1.00380665734
DS.d394.s0.i0 1.0 0.862234807288
DS.d394.s0.i1 1.0 0.233815312785
DS.d405.s0.i0 1.0 0.0395718896978
DS.d405.s0.i1 1.0 -0.135097707912
DS.d405.s1.i0 -1 -0.588987533469
DS.d405.s1.i1 -1 -0.230208137709
DS.d405.s1.i2 -1 -0.053821095734
DS.d405.s1.i3 -1 -0.0873141711764
DS.d405.s2.i0 1.0 2.02125601909
DS.d405.s2.i1 1.0 1.80806798423
DS.d405.s3.i0 1.0 0.789541516798
DS.d405.s3.i1 1.0 1.1219644414
DS.d405.s4.i0 1.0 1.32319177146
DS.d405.s4.i1 1.0 1.87450970864
DS.d405.s4.i2 1.0 1.32319177146
DS.d409.s0.i0 1.0 0.214667875858
DS.d417.s0.i0 1.0 1.12164599093
DS.d421.s0.i0 -1 1.68862126873
DS.d421.s1.i0 1.0 1.31011795775
DS.d457.s0.i0 1.0 0.674650513566
DS.d457.s1.i0 -1 -0.342839441512
DS.d457.s1.i1 1.0 1.7294148586
DS.d457.s1.i2 1.0 1.58506134733
DS.d457.s1.i3 -1 0.167541980749
DS.d480.s0.i0 -1 0.45117697
DS.d504.s0.i0 1.0 1.63798219137
DS.d504.s1.i0 1.0 0.481077334297
DS.d504.s1.i1 1.0 0.944751439726
DS.d507.s0.i0 1.0 0.555912213968
DS.d507.s0.i1 -1 1.60139082939
DS.d535.s0.i0 -1 0.591391594095
DS.d535.s0.i1 -1 0.265871923228
DS.d551.s0.i0 1.0 0.950250058822
DS.d554.s0.i0 -1 -0.902949303222
DS.d554.s0.i1 -1 -0.724420684864
DS.d554.s0.i2 -1 -1.09453010038
DS.d559.s0.i0 -1 -1.07078719118
DS.d559.s0.i1 -1 -0.97602693585
DS.d559.s0.i2 -1 -0.856289501644
DS.d559.s0.i3 -1 -1.07078719118
DS.d560.s0.i0 1.0 1.24400175959
DS.d560.s0.i1 1.0 1.99493079934
DS.d560.s0.i2 1.0 1.07905370408
DS.d560.s0.i3 1.0 1.39425217153
DS.d563.s0.i0 -1 -0.0741784065366
DS.d563.s0.i1 -1 -0.394947136777
DS.d563.s0.i2 -1 -0.121218863545
DS.d563.s0.i3 -1 -0.384089434039
DS.d563.s0.i4 -1 0.583381283608
DS.d563.s0.i5 -1 0.68293467741
DS.d563.s0.i6 -1 -0.485063313903
DS.d563.s0.i7 -1 -0.784065361776
DS.d566.s0.i0 1.0 -0.207616356215
DS.d566.s0.i1 1.0 -0.585538472909
DS.d574.s0.i0 -1 -0.966166621236
DS.d574.s0.i1 -1 -0.89902596785
DS.d574.s0.i2 -1 -0.642686770661
DS.d574.s0.i3 -1 -0.721196541695
DS.d594.s0.i0 1.0 -0.34088749583
DS.d594.s0.i1 1.0 -0.325028349163
DS.d594.s0.i2 1.0 -0.0483219349854
DS.d597.s0.i0 -1 -1.12987460214
DS.d597.s0.i1 -1 -0.430921310213
DS.d597.s0.i2 -1 -0.351757063014
DS.d597.s0.i3 -1 -0.940885965892
DS.d597.s0.i4 -1 -1.00900248229
DS.d597.s0.i5 -1 0.244572948634
DS.d601.s0.i0 1.0 0.836339779984
DS.d606.s0.i0 -1 -0.528663129982
DS.d610.s0.i0 1.0 0.113269006904
DS.d619.s0.i0 1.0 0.4494054907
DS.d626.s0.i0 1.0 1.17515152571
DS.d626.s1.i0 1.0 1.44642879292
DS.d626.s2.i0 1.0 0.31126987239
DS.d626.s3.i0 1.0 1.54296730409
DS.d631.s0.i0 1.0 -0.0946059096618
DS.d631.s0.i1 1.0 0.176515213754
DS.d636.s0.i0 -1 -0.957557578555
DS.d636.s0.i1 1.0 -0.590178020059
DS.d647.s0.i0 -1 0.122108726922
DS.d656.s0.i0 -1 -0.591419803297
DS.d656.s0.i1 -1 0.149032632655
DS.d656.s0.i2 -1 0.181035637082
DS.d689.s0.i0 -1 -0.215524969316
DS.d689.s0.i1 -1 -0.241348635999
DS.d712.s0.i0 1.0 0.246746163465
DS.d712.s0.i1 1.0 0.794927988384
DS.d712.s0.i2 1.0 0.0611871024244
DS.d712.s0.i3 1.0 0.657435437067
DS.d712.s1.i0 1.0 0.60331902828
DS.d712.s2.i0 1.0 0.547657583366
DS.d712.s2.i1 1.0 0.144246436351
DS.d750.s0.i0 1.0 0.438669308773
DS.d767.s0.i0 1.0 0.0242299153001
DS.d776.s0.i0 1.0 0.112309539079
DS.d776.s0.i1 1.0 0.112309539079
DS.d780.s0.i0 -1 -0.74570053263
DS.d780.s0.i1 -1 -0.524558563452
DS.d780.s0.i2 -1 -0.0731531694442
DS.d793.s0.i0 1.0 0.163610181399
DS.d793.s0.i1 1.0 0.448226831043
DS.d793.s1.i0 1.0 0.601881362083
DS.d793.s1.i1 1.0 0.506487137142
DS.d800.s0.i0 1.0 0.329700856391
DS.d809.s0.i0 1.0 1.70512290781
DS.d809.s1.i0 1.0 -0.76450670671
DS.d809.s1.i1 1.0 -0.358255218871
DS.d815.s0.i0 1.0 -0.351357348543
DS.d815.s0.i1 1.0 0.027074911009
DS.d815.s0.i2 1.0 0.750751353108
DS.d816.s0.i0 1.0 -0.865915468431
DS.d816.s0.i1 -1 -0.506178919908
DS.d816.s0.i2 -1 0.122976379879
DS.d816.s0.i3 1.0 -0.72197903518
DS.d816.s0.i4 -1 -0.659108914196
DS.d816.s0.i5 1.0 0.454586922796
DS.d819.s0.i0 1.0 1.06479174242
DS.d819.s0.i1 -1 0.468556583647
DS.d824.s0.i0 1.0 1.14030429997
DS.d824.s0.i1 1.0 0.0651569253603
DS.d829.s0.i0 1.0 0.49211509308
