DS.d2.s0.i0 1.0 -0.352127670497
DS.d12.s0.i0 -1 0.143703873173
DS.d32.s0.i0 1.0 0.357565357363
DS.d51.s0.i0 -1 -0.107311528062
DS.d51.s0.i1 -1 0.534387047201
DS.d51.s0.i2 -1 -0.332548772584
DS.d74.s0.i0 1.0 0.954814016878
DS.d78.s0.i0 -1 -0.131773895752
DS.d78.s1.i0 -1 0.665753298457
DS.d82.s0.i0 1.0 0.820111595416
DS.d87.s0.i0 1.0 0.850974223502
DS.d121.s0.i0 1.0 0.788329344463
DS.d121.s0.i1 -1 1.59433257844
DS.d121.s1.i0 -1 0.252658993481
DS.d121.s1.i1 1.0 0.772553419691
DS.d121.s1.i2 -1 0.238531793756
DS.d121.s1.i3 1.0 0.0842266820366
DS.d121.s2.i0 1.0 0.391142221484
DS.d129.s0.i0 1.0 1.14152742438
DS.d130.s0.i0 1.0 -0.370147443268
DS.d130.s0.i1 1.0 -0.239682149606
DS.d130.s0.i2 1.0 -0.218426284486
DS.d130.s0.i3 1.0 -0.266039751544
DS.d130.s0.i4 1.0 0.170200143078
DS.d130.s0.i5 1.0 -0.428704965509
DS.d130.s0.i6 1.0 0.45701349583
DS.d130.s0.i7 1.0 0.00327288937371
DS.d130.s0.i8 1.0 -0.0404118231976
DS.d130.s0.i9 1.0 -0.0367262634755
DS.d133.s0.i0 1.0 0.55330141294
DS.d133.s1.i0 1.0 0.365856409448
DS.d133.s2.i0 1.0 1.01746810876
DS.d133.s3.i0 1.0 0.718242270942
DS.d134.s0.i0 1.0 -0.0748705354639
DS.d134.s0.i1 1.0 0.237880802392
DS.d150.s0.i0 1.0 1.33369938263
DS.d150.s0.i1 1.0 1.33369938263
DS.d156.s0.i0 -1 1.35635101711
DS.d156.s0.i1 -1 1.35846978058
DS.d159.s0.i0 -1 -0.575796112143
DS.d159.s0.i1 -1 -0.894215230139
DS.d159.s0.i2 -1 -1.1674790415
DS.d159.s0.i3 -1 -0.019435667723
DS.d159.s0.i4 -1 -0.729760433647
DS.d159.s0.i5 -1 -0.0882823450167
DS.d194.s0.i0 1.0 0.0146117712949
DS.d194.s0.i1 1.0 0.167556786844
DS.d201.s0.i0 1.0 0.896371838106
DS.d201.s0.i1 1.0 0.846330342403
DS.d201.s0.i2 1.0 1.28726844726
DS.d201.s0.i3 1.0 0.895158176355
DS.d201.s0.i4 1.0 0.841881153788
DS.d201.s0.i5 1.0 0.896371838106
DS.d201.s0.i6 1.0 0.973384063342
DS.d201.s0.i7 1.0 0.75012862083
DS.d201.s0.i8 1.0 1.53622247885
DS.d204.s0.i0 1.0 1.04794719458
DS.d204.s0.i1 1.0 -0.148422934248
DS.d225.s0.i0 1.0 0.828471668218
DS.d225.s1.i0 1.0 0.834470649645
DS.d234.s0.i0 1.0 1.38750953959
DS.d253.s0.i0 1.0 0.831913431592
DS.d253.s1.i0 1.0 0.210550773065
DS.d253.s1.i1 1.0 0.110101493003
DS.d253.s1.i2 1.0 -0.539138750334
DS.d253.s1.i3 1.0 0.151051076596
DS.d253.s1.i4 1.0 -0.604142479337
DS.d253.s1.i5 1.0 0.355346472395
DS.d253.s1.i6 1.0 -0.399415688682
DS.d253.s1.i7 1.0 -0.672576589208
DS.d253.s2.i0 1.0 1.49493813262
DS.d259.s0.i0 1.0 -0.871462612596
DS.d282.s1.i0 1.0 -1.11319930534
DS.d290.s0.i0 1.0 -1.01123274245
DS.d290.s0.i1 1.0 -0.327236840704
DS.d293.s0.i0 1.0 -0.447384813562
DS.d293.s0.i1 1.0 0.464965235621
DS.d302.s0.i0 1.0 1.55826138964
DS.d311.s0.i0 1.0 1.04524773
DS.d314.s0.i0 1.0 0.696651919668
DS.d314.s0.i1 -1 0.361357059209
DS.d321.s0.i0 1.0 0.37765375046
DS.d321.s0.i1 1.0 0.664474894286
DS.d321.s0.i2 1.0 -0.518317250681
DS.d321.s0.i3 1.0 -0.866222008375
DS.d321.s0.i4 1.0 0.334937640008
DS.d324.s0.i0 -1 0.335192827067
DS.d334.s0.i0 1.0 0.794700710332
DS.d334.s1.i0 -1 0.652941242585
DS.d348.s0.i0 -1 -0.251461589519
DS.d353.s0.i0 1.0 0.531437810514
DS.d353.s0.i1 1.0 0.250834273139
DS.d359.s0.i0 1.0 1.66523585925
DS.d359.s0.i1 -1 -0.00946932238644
DS.d362.s0.i0 1.0 0.513989535144
DS.d362.s0.i1 1.0 1.1681285042
DS.d363.s0.i0 1.0 1.09385657683
DS.d363.s0.i1 1.0 0.650304148213
DS.d368.s0.i0 -1 0.906079229517
DS.d375.s0.i0 1.0 1.81292062043
DS.d375.s0.i1 1.0 1.75545994177
DS.d375.s0.i2 1.0 1.59816909667
DS.d375.s1.i0 1.0 0.0329495619423
DS.d375.s2.i0 1.0 1.92738360334
DS.d375.s3.i0 1.0 2.0778638502
DS.d375.s3.i1 1.0 1.04983300414
DS.d375.s3.i2 1.0 1.04983300414
DS.d375.s3.i3 1.0 2.0778638502
DS.d375.s4.i0 1.0 2.40471449249
DS.d375.s4.i1 1.0 1.99331451424
DS.d375.s5.i0 1.0 1.56977395497
DS.d375.s5.i1 1.0 1.45243976813
DS.d375.s5.i2 1.0 0.667521979778
DS.d375.s5.i3 1.0 1.43957162897
DS.d383.s0.i0 1.0 1.0358211511
DS.d383.s0.i1 1.0 0.762697354754
DS.d383.s0.i2 1.0 0.762697354754
DS.d383.s0.i3 1.0 1.0358211511
DS.d386.s0.i0 1.0 0.823824442156
DS.d386.s1.i0 1.0 0.857585556167
DS.d386.s1.i1 1.0 1.07300852059
DS.d386.s2.i0 1.0 1.69027158127
DS.d386.s2.i1 1.0 1.9266612908
DS.d408.s0.i0 1.0 1.01004579033
DS.d408.s0.i1 1.0 1.08760640327
DS.d413.s0.i0 -1 0.889340843925
DS.d413.s0.i1 -1 0.907979126227
DS.d413.s0.i2 1.0 0.780157654761
DS.d413.s0.i3 1.0 1.22633085158
DS.d425.s0.i0 -1 -0.842162399789
DS.d425.s0.i1 -1 -1.10444601974
DS.d429.s0.i0 -1 -1.07024171545
DS.d429.s0.i1 -1 -0.171821612334
DS.d441.s0.i0 1.0 1.85523577646
DS.d441.s1.i0 1.0 0.878897880718
DS.d441.s2.i0 1.0 1.33261834283
DS.d452.s0.i0 1.0 1.05600657922
DS.d452.s0.i1 -1 0.549297876569
DS.d452.s0.i2 -1 0.215261925943
DS.d452.s0.i3 1.0 1.48868820606
DS.d452.s0.i4 -1 0.0383562168673
DS.d452.s0.i5 1.0 1.17411288506
DS.d452.s1.i0 1.0 1.14140960971
DS.d504.s0.i0 1.0 1.42822197776
DS.d504.s1.i0 1.0 0.928314748121
DS.d504.s1.i1 1.0 0.927870840824
DS.d512.s0.i0 -1 0.445928702784
DS.d512.s0.i1 -1 0.422280118475
DS.d512.s1.i0 -1 -0.551317427939
DS.d512.s2.i0 1.0 0.767567646641
DS.d512.s2.i1 1.0 0.397725026512
DS.d517.s0.i0 1.0 1.70419820569
DS.d517.s0.i1 1.0 1.37119277033
DS.d533.s0.i0 1.0 0.685073151983
DS.d533.s0.i1 1.0 0.199068855272
DS.d558.s0.i0 -1 0.58875531086
DS.d558.s1.i0 1.0 -1.39004446179
DS.d558.s1.i1 -1 -1.34489969985
DS.d560.s0.i0 1.0 1.85779399585
DS.d560.s0.i1 1.0 1.96678969466
DS.d560.s0.i2 1.0 1.85962129197
DS.d560.s0.i3 1.0 1.54479781697
DS.d575.s0.i0 1.0 1.26453670869
DS.d575.s1.i0 1.0 0.333180279517
DS.d575.s1.i1 1.0 1.73710896862
DS.d575.s2.i0 -1 0.529705830946
DS.d583.s0.i0 1.0 2.50995180618
DS.d585.s0.i0 -1 -0.149227597948
DS.d585.s0.i1 -1 -0.200649840498
DS.d585.s0.i2 -1 -0.148899122863
DS.d602.s0.i0 -1 -0.101557249972
DS.d606.s0.i0 -1 -0.12969626828
DS.d609.s0.i0 -1 0.0186547205552
DS.d609.s0.i1 1.0 0.914075638457
DS.d609.s1.i0 -1 -0.84122114681
DS.d609.s1.i1 -1 -0.456035433065
DS.d609.s1.i2 1.0 0.632491720489
DS.d616.s0.i0 1.0 -0.587037204133
DS.d616.s0.i1 -1 -1.6764417239
DS.d616.s0.i2 1.0 -0.438478448638
DS.d616.s0.i3 1.0 -0.530555382577
DS.d616.s0.i4 1.0 -0.41242952276
DS.d616.s0.i5 1.0 -0.593675996417
DS.d616.s0.i6 1.0 -0.444509368749
DS.d616.s0.i7 1.0 -0.536908776404
DS.d616.s0.i8 1.0 -0.401006613723
DS.d616.s0.i9 -1 -1.43421958517
DS.d616.s0.i10 -1 -1.43388248234
DS.d616.s0.i11 1.0 -0.585428706025
DS.d616.s0.i12 1.0 -0.567959003379
DS.d616.s0.i13 1.0 -0.536784781967
DS.d616.s0.i14 -1 -1.51918035307
DS.d616.s0.i15 1.0 -0.618662251944
DS.d616.s0.i16 -1 -1.70457697067
DS.d616.s0.i17 1.0 -0.420114090475
DS.d616.s0.i18 1.0 -0.776556551764
DS.d616.s0.i19 1.0 -0.507966545613
DS.d616.s1.i0 1.0 -0.415637998696
DS.d616.s1.i1 1.0 -0.358034393499
DS.d616.s2.i0 1.0 0.921374780816
DS.d616.s2.i1 1.0 0.643427286304
DS.d634.s0.i0 1.0 0.629887843941
DS.d634.s0.i1 1.0 1.02471050771
DS.d634.s0.i2 1.0 0.461179590256
DS.d634.s0.i3 1.0 0.850739756875
DS.d634.s0.i4 1.0 0.464621630714
DS.d634.s0.i5 1.0 0.623483630833
DS.d634.s0.i6 1.0 0.211583419548
DS.d634.s0.i7 1.0 0.832042824193
DS.d667.s0.i0 1.0 0.689198935269
DS.d676.s0.i0 1.0 0.639607444441
DS.d678.s0.i0 -1 -0.747056404078
DS.d678.s0.i1 -1 -0.487749711518
DS.d678.s0.i2 -1 -0.700010095383
DS.d678.s0.i3 -1 -0.982337596509
DS.d687.s0.i0 1.0 0.672490705678
DS.d687.s1.i0 -1 0.222981908319
DS.d694.s0.i0 1.0 0.955904506425
DS.d694.s0.i1 -1 0.918561522994
DS.d694.s0.i2 1.0 1.16345631994
DS.d700.s0.i0 1.0 -0.0288740339069
DS.d717.s0.i0 1.0 1.17066835909
DS.d718.s0.i0 -1 -0.624002537514
DS.d718.s0.i1 -1 -1.62361702746
DS.d718.s1.i0 -1 -1.5438759333
DS.d718.s1.i1 -1 -1.58323594906
DS.d718.s1.i2 -1 -1.05069017783
DS.d718.s1.i3 -1 -1.06522411481
DS.d718.s1.i4 -1 -1.23247767093
DS.d718.s1.i5 -1 -0.966798012346
DS.d718.s1.i6 -1 -1.78329106091
DS.d718.s1.i7 -1 -1.30020446528
DS.d718.s1.i8 -1 -0.392474206293
DS.d718.s1.i9 -1 -1.66595160001
DS.d718.s1.i10 -1 -1.33250400707
DS.d718.s1.i11 -1 -1.23350841606
DS.d718.s1.i12 -1 -1.19862442812
DS.d718.s1.i13 -1 -1.3011657206
DS.d718.s1.i14 -1 -1.69006999749
DS.d718.s1.i15 -1 -1.19658524147
DS.d718.s1.i16 -1 -1.00077023437
DS.d718.s1.i17 -1 -1.27877342223
DS.d718.s1.i18 -1 -1.42039387733
DS.d718.s1.i19 -1 -0.974764203356
DS.d718.s2.i0 1.0 -2.14553040083
DS.d718.s2.i1 1.0 -1.90044392614
DS.d718.s2.i2 1.0 -1.90311135977
DS.d718.s2.i3 1.0 -1.98836324344
DS.d720.s0.i0 1.0 1.31229040337
DS.d720.s0.i1 -1 0.176907908914
DS.d720.s1.i0 -1 -0.123340516033
DS.d720.s1.i1 -1 -0.123340516033
DS.d720.s1.i2 1.0 0.732034090615
DS.d720.s1.i3 1.0 0.53203567708
DS.d720.s2.i0 1.0 2.07809937361
DS.d720.s3.i0 1.0 0.725669850181
DS.d720.s3.i1 1.0 1.03386188378
DS.d721.s0.i0 -1 0.746127669886
DS.d721.s0.i1 -1 1.06836842542
DS.d721.s0.i2 -1 0.510969950573
DS.d721.s0.i3 1.0 1.40178597921
DS.d721.s0.i4 -1 0.795413347316
DS.d721.s0.i5 1.0 0.870143490903
DS.d727.s0.i0 1.0 0.755855324818
DS.d728.s0.i0 1.0 1.64208580594
DS.d731.s0.i0 -1 0.0404445769436
DS.d731.s1.i0 -1 -0.629055216515
DS.d731.s1.i1 -1 -0.629055216515
DS.d731.s1.i2 1.0 1.22266612973
DS.d731.s2.i0 1.0 0.572457032976
DS.d732.s0.i0 -1 1.26298876372
DS.d732.s0.i1 1.0 0.591466716253
DS.d732.s0.i2 1.0 0.536829626047
DS.d741.s0.i0 1.0 0.674890129896
DS.d742.s0.i0 1.0 1.7392149798
DS.d742.s0.i1 1.0 1.40115922969
DS.d759.s0.i0 -1 0.370145483681
DS.d759.s0.i1 -1 0.370145483681
DS.d764.s0.i0 -1 -0.56196003993
DS.d764.s0.i1 -1 -0.449827041392
DS.d764.s0.i2 -1 -0.878408556707
DS.d764.s0.i3 -1 -0.352573964698
DS.d764.s0.i4 -1 -0.266401895284
DS.d764.s0.i5 -1 -0.717330039365
DS.d776.s0.i0 1.0 0.420165328272
DS.d776.s0.i1 1.0 0.420165328272
DS.d780.s0.i0 -1 -0.419491183653
DS.d780.s0.i1 -1 -1.12614909222
DS.d780.s0.i2 -1 -0.360447380485
DS.d787.s0.i0 1.0 0.802446905848
DS.d787.s0.i1 1.0 0.796813151949
DS.d787.s1.i0 1.0 1.1014069927
DS.d791.s0.i0 1.0 0.180654188531
DS.d802.s0.i0 1.0 1.73228540568
DS.d811.s0.i0 1.0 1.17493640214
DS.d811.s1.i0 1.0 1.48616850593
DS.d811.s1.i1 1.0 1.38731816332
DS.d817.s0.i0 1.0 0.842703955754
DS.d817.s0.i1 1.0 1.40096354615
DS.d817.s1.i0 1.0 0.599614039169
DS.d817.s1.i1 1.0 0.589773926403
DS.d817.s1.i2 1.0 0.851318621672
DS.d817.s1.i3 1.0 0.996693125938
DS.d817.s1.i4 1.0 0.69770454052
DS.d828.s0.i0 -1 1.37602539202
DS.d879.s0.i0 1.0 0.216965821827
DS.d879.s1.i0 1.0 0.214880099825
DS.d885.s0.i0 -1 -0.157764513759
DS.d899.s0.i0 -1 0.509810838968
DS.d899.s0.i1 -1 0.565032848929
DS.d899.s0.i2 -1 0.907415299637
DS.d901.s0.i0 1.0 1.74442361428
DS.d901.s1.i0 1.0 1.05242672285
DS.d901.s2.i0 1.0 0.898970699081
DS.d905.s0.i0 1.0 1.3075898303
DS.d905.s0.i1 -1 0.225505063302
DS.d924.s0.i0 1.0 1.30709395751
DS.d924.s0.i1 1.0 1.74567920332
DS.d939.s0.i0 -1 0.474297201895
DS.d950.s0.i0 1.0 -0.749158954588
DS.d961.s0.i0 1.0 1.53624866144
DS.d962.s0.i0 1.0 0.56158855305
DS.d962.s0.i1 1.0 0.422303762204
DS.d962.s0.i2 1.0 0.664103352791
DS.d962.s0.i3 1.0 0.327182464693
DS.d964.s0.i0 -1 0.242644350054
DS.d964.s1.i0 -1 0.00159038037532
DS.d964.s1.i1 1.0 0.754325700761
DS.d964.s2.i0 -1 0.395884764532
DS.d965.s0.i0 1.0 0.935451602756
DS.d990.s0.i0 -1 -1.23447199481
DS.d990.s0.i1 -1 -0.795099242078
DS.d990.s0.i2 -1 -1.32390827938
DS.d990.s0.i3 -1 -1.47584912323
DS.d993.s0.i0 1.0 1.15468169995
DS.d993.s0.i1 1.0 1.53247350596
DS.d994.s0.i0 1.0 0.0430856405423
DS.d998.s0.i0 1.0 0.479309009201
DS.d998.s0.i1 -1 -0.950908336343
DS.d1000.s0.i0 1.0 0.091615193594
DS.d1000.s0.i1 1.0 -0.590218477018
DS.d1011.s0.i0 -1 0.0855306805946
DS.d1011.s0.i1 -1 0.0415512413708
DS.d1011.s0.i2 1.0 0.856999750231
DS.d1011.s0.i3 -1 -0.327356457219
DS.d1011.s0.i4 -1 -0.0639978139042
DS.d1022.s0.i0 -1 0.0969289685408
DS.d1058.s0.i0 1.0 0.51716335411
DS.d1058.s1.i0 1.0 0.292072907345
DS.d1058.s1.i1 1.0 0.213676786045
DS.d1064.s0.i0 1.0 0.304030979327
DS.d1064.s0.i1 -1 0.259242250544
DS.d1079.s0.i0 1.0 1.05919318438
DS.d1079.s1.i0 -1 -0.332574694736
DS.d1082.s0.i0 1.0 0.748241168419
DS.d1082.s1.i0 1.0 0.950651571165
DS.d1083.s0.i0 -1 -0.780103608834
DS.d1090.s0.i0 1.0 0.668205598336
DS.d1090.s0.i1 1.0 0.63965305018
DS.d1105.s0.i0 1.0 0.544093962268
DS.d1116.s0.i0 1.0 0.839807989403
DS.d1116.s1.i0 1.0 -0.0138264449507
DS.d1116.s1.i1 1.0 -0.410251105169
DS.d1123.s0.i0 1.0 0.717560623102
DS.d1123.s1.i0 1.0 1.62683265167
DS.d1123.s1.i1 1.0 0.972426788079
DS.d1127.s0.i0 1.0 0.667032504669
DS.d1127.s1.i0 1.0 -0.911932960298
DS.d1130.s0.i0 -1 0.369827964368
DS.d1130.s0.i1 -1 1.01302022024
DS.d1146.s0.i0 -1 0.563885626373
DS.d1173.s0.i0 -1 1.27175753366
DS.d1201.s0.i0 -1 -0.120642083205
DS.d1202.s0.i0 1.0 1.22237297729
DS.d1203.s0.i0 1.0 -0.0629290259134
DS.d1203.s1.i0 1.0 1.46919829612
DS.d1217.s0.i0 1.0 0.295313387201
DS.d1217.s0.i1 1.0 -0.0579501793051
DS.d1217.s1.i0 1.0 0.820476968154
DS.d1226.s0.i0 -1 0.0440423129649
DS.d1226.s0.i1 1.0 1.75412453798
DS.d1226.s0.i2 1.0 1.56999220558
DS.d1226.s0.i3 -1 -0.176508358429
DS.d1260.s0.i0 -1 1.74947666165
DS.d1267.s0.i0 1.0 0.567930448271
DS.d1267.s1.i0 1.0 1.13124878068
DS.d1273.s0.i0 1.0 1.28885149426
DS.d1273.s0.i1 1.0 1.15740120731
DS.d1273.s0.i2 1.0 1.31927792479
DS.d1290.s0.i0 -1 -1.58544676499
DS.d1290.s0.i1 -1 -0.509328523745
DS.d1290.s0.i2 -1 -0.998071000661
DS.d1290.s0.i3 -1 -1.47027561668
DS.d1290.s0.i4 -1 -1.1445826746
DS.d1290.s0.i5 -1 -1.18680335796
DS.d1290.s0.i6 -1 -1.63927997221
DS.d1290.s0.i7 -1 -0.785918689325
DS.d1290.s0.i8 -1 -0.965629844313
DS.d1290.s0.i9 -1 -1.58544676499
DS.d1290.s0.i10 -1 -1.02941152629
DS.d1290.s0.i11 -1 -0.814154634848
DS.d1290.s0.i12 -1 -0.791955461893
DS.d1290.s0.i13 -1 -1.1445826746
DS.d1290.s0.i14 -1 -0.549132400961
DS.d1290.s0.i15 -1 -0.411246367994
DS.d1290.s0.i16 -1 -1.58544676499
DS.d1290.s0.i17 -1 -1.63927997221
DS.d1290.s0.i18 -1 -1.47027561668
DS.d1290.s0.i19 -1 -1.58544676499
DS.d1290.s0.i20 -1 -0.495378186765
DS.d1290.s0.i21 -1 -0.579922794073
DS.d1290.s0.i22 -1 -0.98857536866
DS.d1290.s0.i23 -1 -0.518323711112
DS.d1298.s0.i0 1.0 1.59009901165
DS.d1298.s0.i1 -1 1.15413881621
DS.d1298.s1.i0 1.0 1.02640083193
DS.d1298.s1.i1 1.0 0.538184898747
DS.d1298.s2.i0 -1 1.26007269302
DS.d1300.s0.i0 1.0 1.31829123112
DS.d1302.s0.i0 -1 0.671638033922
DS.d1302.s0.i1 -1 0.338837264609
DS.d1302.s1.i0 -1 1.27904175631
DS.d1305.s0.i0 1.0 0.931337350415
DS.d1305.s1.i0 1.0 -0.344741288585
DS.d1305.s1.i1 1.0 -0.334914680473
DS.d1312.s0.i0 1.0 1.07853857795
DS.d1312.s0.i1 1.0 1.08747711151
DS.d1320.s0.i0 1.0 -0.524013796898
DS.d1320.s0.i1 1.0 -0.261396277308
DS.d1324.s0.i0 -1 -1.26985956611
DS.d1324.s1.i0 1.0 -0.570809227052
DS.d1324.s1.i1 1.0 -0.641669928407
DS.d1324.s2.i0 -1 -1.38740000959
DS.d1337.s0.i0 -1 -0.213519905052
DS.d1353.s0.i0 1.0 1.41474347511
DS.d1368.s0.i0 -1 -1.08588414229
DS.d1387.s0.i0 1.0 0.548277514773
DS.d1389.s0.i0 1.0 1.0324420949
DS.d1389.s0.i1 1.0 1.15463355967
DS.d1400.s0.i0 -1 -0.919421565566
DS.d1417.s0.i0 1.0 0.39258308552
DS.d1418.s0.i0 -1 -0.866400702004
DS.d1430.s0.i0 1.0 1.17197928609
DS.d1430.s1.i0 1.0 0.624729625585
DS.d1430.s1.i1 1.0 -0.103052507083
DS.d1430.s1.i2 1.0 -0.381603982865
DS.d1430.s1.i3 1.0 0.34099823298
DS.d1430.s2.i0 1.0 1.19020499531
DS.d1436.s0.i0 1.0 1.47856385622
DS.d1436.s0.i1 1.0 1.33591354776
DS.d1460.s0.i0 -1 0.262599974482
DS.d1465.s0.i0 1.0 0.466708008305
DS.d1465.s0.i1 1.0 0.485942692814
DS.d1465.s0.i2 1.0 0.333001040467
DS.d1465.s0.i3 1.0 0.44046660717
DS.d1465.s0.i4 1.0 0.461067610311
DS.d1465.s0.i5 1.0 0.466708008305
DS.d1472.s0.i0 1.0 -0.644013193719
DS.d1472.s0.i1 1.0 -0.530285330641
DS.d1475.s0.i0 -1 -0.108397485267
DS.d1486.s0.i0 1.0 -0.291499646406
DS.d1489.s0.i0 -1 -0.763771164555
DS.d1502.s0.i0 1.0 -0.533876646625
DS.d1502.s0.i1 1.0 -0.213252963191
DS.d1502.s0.i2 1.0 -0.56681935668
DS.d1502.s0.i3 1.0 -0.587601782025
DS.d1504.s0.i0 -1 -0.179607646793
DS.d1504.s0.i1 -1 0.743843681932
DS.d1504.s0.i2 -1 -0.177944528978
DS.d1504.s0.i3 -1 -0.43396145217
DS.d1507.s0.i0 -1 -1.08567072694
DS.d1507.s0.i1 -1 -1.25064905917
DS.d1507.s0.i2 -1 -1.1675060993
DS.d1507.s0.i3 -1 -0.589817175238
DS.d1507.s0.i4 -1 -1.20187121399
DS.d1507.s0.i5 -1 -1.31441692712
DS.d1507.s0.i6 -1 -1.1713723947
DS.d1507.s0.i7 -1 -1.26640064978
DS.d1507.s0.i8 -1 -1.19344608538
DS.d1507.s0.i9 -1 -1.08535481639
DS.d1507.s0.i10 -1 -1.16294726609
DS.d1507.s0.i11 -1 -1.34083793205
DS.d1507.s0.i12 -1 -1.25726778179
DS.d1507.s0.i13 -1 -1.40415073936
DS.d1507.s0.i14 -1 -1.2065601042
DS.d1507.s0.i15 -1 -0.770474446657
DS.d1507.s0.i16 -1 -0.867306819525
DS.d1507.s0.i17 -1 -1.37191081626
DS.d1507.s0.i18 -1 -1.22394396118
DS.d1507.s0.i19 -1 -0.544183876339
DS.d1531.s0.i0 1.0 -0.644663765759
DS.d1547.s0.i0 1.0 -0.027708027741
DS.d1547.s0.i1 1.0 -0.154566884398
DS.d1557.s0.i0 -1 -1.85612458036
DS.d1557.s0.i1 -1 -0.639116234541
DS.d1578.s0.i0 1.0 1.2261356335
DS.d1580.s0.i0 1.0 0.547645873455
DS.d1580.s0.i1 1.0 0.362741983835
DS.d1580.s1.i0 1.0 1.17552417949
DS.d1580.s2.i0 1.0 0.133755122837
DS.d1580.s2.i1 1.0 0.162562484936
DS.d1584.s0.i0 1.0 1.01752059687
DS.d1584.s1.i0 1.0 0.398578895557
DS.d1597.s0.i0 -1 -1.425841776
DS.d1625.s0.i0 1.0 0.459221215002
DS.d1635.s0.i0 -1 -0.501782060928
DS.d1635.s0.i1 -1 -0.749274938937
DS.d1636.s0.i0 1.0 0.913152895918
DS.d1636.s1.i0 1.0 0.465670341016
DS.d1636.s1.i1 1.0 0.262807015573
DS.d1654.s0.i0 -1 0.169627475712
DS.d1656.s0.i0 -1 -0.960719077696
DS.d1656.s0.i1 -1 -1.3166291276
DS.d1656.s0.i2 -1 -1.15128595387
DS.d1656.s0.i3 -1 -0.584918027924
DS.d1656.s0.i4 -1 -1.06117623648
DS.d1656.s0.i5 -1 -0.884177023024
DS.d1656.s0.i6 -1 -0.13696418427
DS.d1656.s0.i7 -1 -1.00002161364
DS.d1656.s0.i8 -1 -0.670809793206
DS.d1656.s0.i9 -1 -0.927937000986
DS.d1656.s0.i10 -1 -1.19920841917
DS.d1656.s0.i11 -1 -1.59726462049
DS.d1656.s0.i12 -1 -1.46506943404
DS.d1656.s0.i13 -1 -0.618453575088
DS.d1659.s0.i0 1.0 1.03463720747
DS.d1659.s0.i1 1.0 0.751645294947
DS.d1660.s0.i0 1.0 0.755271834834
DS.d1693.s0.i0 1.0 1.21896644471
DS.d1695.s0.i0 1.0 -0.423704319714
DS.d1706.s0.i0 -1 0.750596936928
DS.d1706.s0.i1 1.0 0.113426984139
DS.d1713.s0.i0 -1 0.865657186868
DS.d1713.s0.i1 1.0 1.81076774828
DS.d1714.s0.i0 1.0 0.290492934299
DS.d1714.s0.i1 1.0 0.439636956016
DS.d1714.s1.i0 1.0 1.00081198865
DS.d1714.s2.i0 1.0 1.0329865599
DS.d1714.s2.i1 1.0 0.944295024816
DS.d1718.s0.i0 1.0 0.201529078756
DS.d1721.s0.i0 1.0 1.20086670662
DS.d1721.s0.i1 1.0 1.36732436313
DS.d1721.s1.i0 -1 -0.0193332664178
DS.d1721.s1.i1 -1 -0.360132498855
DS.d1725.s0.i0 1.0 1.63836173974
DS.d1728.s0.i0 1.0 0.597961462915
DS.d1728.s0.i1 1.0 0.586090147653
DS.d1733.s0.i0 1.0 0.881132494371
DS.d1743.s0.i0 1.0 1.43444719002
DS.d1743.s1.i0 1.0 1.17326727254
DS.d1743.s2.i0 1.0 0.823530634266
DS.d1762.s0.i0 -1 -0.288938780763
DS.d1762.s0.i1 -1 0.632109102792
DS.d1762.s0.i2 -1 0.665064807049
DS.d1774.s0.i0 1.0 0.672729926569
DS.d1778.s0.i0 1.0 -0.00931528193818
DS.d1783.s0.i0 -1 -0.263325234394
DS.d1812.s0.i0 -1 1.03596663053
DS.d1829.s0.i0 1.0 0.812138118631
DS.d1829.s1.i0 1.0 0.934570247912
DS.d1829.s1.i1 1.0 0.9553403374
DS.d1829.s2.i0 1.0 1.26275550623
DS.d1849.s0.i0 1.0 1.18100008527
DS.d1869.s0.i0 -1 -1.06092735223
DS.d1869.s0.i1 -1 -0.274862355927
DS.d1869.s0.i2 -1 -0.486319092439
DS.d1869.s0.i3 -1 -0.193651140561
DS.d1872.s0.i0 1.0 0.12331610478
DS.d1872.s1.i0 1.0 0.978655555425
DS.d1872.s2.i0 1.0 0.371169681361
DS.d1883.s0.i0 1.0 1.16368870788
DS.d1883.s0.i1 1.0 1.12768140382
