DS.d19.s0.i0 1.0 0.742518575964
DS.d19.s0.i1 1.0 1.33292461241
DS.d36.s0.i0 1.0 2.76884343975
DS.d36.s1.i0 1.0 0.27566280255
DS.d36.s2.i0 1.0 1.80931908279
DS.d36.s2.i1 1.0 2.04564765411
DS.d46.s0.i0 -1 -0.215416302881
DS.d46.s0.i1 -1 0.217839762721
DS.d46.s0.i2 -1 -0.230823362061
DS.d46.s0.i3 -1 0.241312326323
DS.d46.s0.i4 -1 0.237143831993
DS.d46.s0.i5 -1 -0.367888471523
DS.d46.s0.i6 -1 -0.317728424322
DS.d46.s0.i7 -1 0.243243501686
DS.d52.s0.i0 1.0 -0.465759176187
DS.d52.s1.i0 1.0 0.832459155711
DS.d52.s2.i0 1.0 1.92798076351
DS.d61.s0.i0 -1 -0.229110271345
DS.d61.s0.i1 -1 0.179158150241
DS.d61.s0.i2 -1 0.642564415759
DS.d61.s0.i3 -1 0.792492135022
DS.d61.s0.i4 -1 0.388929050117
DS.d61.s0.i5 -1 0.117284751418
DS.d61.s0.i6 -1 0.747749982498
DS.d61.s0.i7 -1 -0.0220048140909
DS.d61.s0.i8 -1 -0.0983828315507
DS.d65.s0.i0 -1 0.133473085297
DS.d69.s0.i0 1.0 0.954247943239
DS.d69.s0.i1 1.0 0.873442940521
DS.d85.s0.i0 1.0 0.582957740232
DS.d98.s0.i0 1.0 0.194978496918
DS.d98.s0.i1 1.0 -0.0182544650433
DS.d98.s0.i2 1.0 -0.0189883994152
DS.d98.s0.i3 1.0 0.254325386895
DS.d98.s0.i4 1.0 0.291317886047
DS.d98.s0.i5 1.0 -0.00592737295333
DS.d98.s1.i0 -1 -0.645698586768
DS.d98.s1.i1 -1 0.404076682677
DS.d98.s1.i2 -1 -0.533039483088
DS.d100.s0.i0 1.0 1.92560192485
DS.d100.s1.i0 1.0 0.685967328882
DS.d100.s1.i1 1.0 0.393000768805
DS.d103.s0.i0 1.0 0.030435361108
DS.d116.s0.i0 1.0 1.13141776667
DS.d116.s0.i1 1.0 1.58388495233
DS.d116.s0.i2 1.0 1.20253805524
DS.d128.s0.i0 1.0 0.847924711585
DS.d145.s0.i0 1.0 0.966375792107
DS.d145.s1.i0 1.0 1.028705949
DS.d160.s0.i0 -1 -0.0714202528105
DS.d160.s0.i1 -1 0.112056080615
DS.d160.s0.i2 -1 -0.288524356614
DS.d160.s0.i3 -1 0.706169354834
DS.d160.s0.i4 -1 0.442526925336
DS.d160.s0.i5 -1 -0.109917361514
DS.d162.s0.i0 1.0 0.166295629613
DS.d162.s1.i0 1.0 0.0614822702552
DS.d166.s0.i0 1.0 0.140486660184
DS.d177.s0.i0 -1 0.165498497162
DS.d177.s0.i1 1.0 1.2266174127
DS.d177.s0.i2 1.0 2.00149558031
DS.d177.s0.i3 -1 0.63758473514
DS.d177.s0.i4 -1 -0.642316463752
DS.d177.s0.i5 -1 -0.452001063306
DS.d177.s0.i6 -1 1.31002899522
DS.d177.s0.i7 -1 1.12935318817
DS.d191.s0.i0 -1 -0.0951160407153
DS.d201.s0.i0 1.0 0.149543405179
DS.d201.s0.i1 1.0 0.796225051909
DS.d201.s0.i2 1.0 1.26025570772
DS.d201.s0.i3 1.0 -0.163800612084
DS.d201.s0.i4 1.0 0.284141762075
DS.d201.s0.i5 1.0 0.149543405179
DS.d201.s0.i6 1.0 0.373168551544
DS.d201.s0.i7 1.0 -0.0302033439318
DS.d201.s0.i8 1.0 1.10803614158
DS.d206.s0.i0 1.0 0.904686728727
DS.d206.s0.i1 1.0 1.43210236242
DS.d206.s0.i2 1.0 1.27584457556
DS.d206.s0.i3 1.0 0.689370187644
DS.d206.s0.i4 1.0 0.390215994461
DS.d206.s0.i5 1.0 0.784668328076
DS.d206.s0.i6 1.0 0.503966126472
DS.d206.s0.i7 1.0 0.804768628579
DS.d214.s0.i0 1.0 1.01747540759
DS.d214.s0.i1 1.0 1.11326850631
DS.d222.s0.i0 1.0 -0.0978346903249
DS.d230.s0.i0 1.0 -0.700442536095
DS.d230.s0.i1 1.0 -0.433758838089
DS.d230.s0.i2 1.0 -0.316328484373
DS.d230.s0.i3 1.0 -0.432526580291
DS.d271.s0.i0 -1 0.707668980695
DS.d291.s0.i0 -1 -0.191829656375
DS.d302.s0.i0 -1 0.720951630893
DS.d306.s0.i0 1.0 1.89123183585
DS.d306.s0.i1 -1 -0.190529775421
DS.d306.s1.i0 1.0 0.479678155126
DS.d306.s1.i1 1.0 0.82336074699
DS.d306.s1.i2 1.0 0.653851983098
DS.d306.s1.i3 1.0 0.150140137674
DS.d306.s1.i4 1.0 1.26122150479
DS.d306.s1.i5 1.0 0.930628096148
DS.d306.s2.i0 -1 -0.201671906709
DS.d306.s3.i0 -1 0.126012187647
DS.d306.s4.i0 1.0 -1.27309879036
DS.d306.s4.i1 1.0 -1.22020434467
DS.d313.s0.i0 1.0 1.03383710515
DS.d313.s1.i0 -1 0.248423867832
DS.d313.s1.i1 -1 -0.470350542898
DS.d313.s2.i0 1.0 1.88946740291
DS.d313.s3.i0 1.0 1.08103446688
DS.d313.s4.i0 1.0 0.715444566471
DS.d313.s5.i0 1.0 1.38389712945
DS.d315.s0.i0 -1 -1.71805645173
DS.d315.s0.i1 -1 -1.54798228427
DS.d315.s0.i2 -1 -1.52914743197
DS.d315.s0.i3 -1 -1.36703633041
DS.d337.s0.i0 1.0 1.43448756485
DS.d346.s0.i0 1.0 1.15393633224
DS.d346.s1.i1 1.0 0.401881064046
DS.d350.s0.i0 1.0 -0.798072999966
DS.d350.s0.i1 1.0 -0.467181027218
DS.d350.s0.i2 1.0 -0.322369910229
DS.d350.s0.i3 1.0 -0.491345209682
DS.d350.s1.i0 -1 0.106807604042
DS.d350.s1.i1 -1 0.0589513494513
DS.d350.s1.i2 -1 -0.0313618095759
DS.d350.s1.i3 -1 -0.10285490326
DS.d351.s0.i0 -1 -1.21669587044
DS.d351.s0.i1 -1 -1.0042002857
DS.d351.s0.i2 -1 -0.395723471388
DS.d351.s0.i3 -1 -1.07593717349
DS.d354.s0.i0 -1 -0.00697540914702
DS.d377.s0.i0 1.0 0.76324937242
DS.d377.s0.i1 1.0 1.10867604714
DS.d377.s0.i2 1.0 0.556362170089
DS.d377.s1.i0 1.0 0.569866122112
DS.d377.s1.i1 1.0 0.0305519324645
DS.d378.s0.i0 -1 -0.738206629067
DS.d378.s0.i1 -1 -0.620965898576
DS.d378.s0.i2 -1 -0.563787550113
DS.d378.s0.i3 -1 -0.860637467794
DS.d378.s1.i0 -1 -0.0585947527992
DS.d381.s0.i0 -1 0.196313358265
DS.d381.s0.i2 1.0 1.49743819623
DS.d381.s0.i3 1.0 1.02939179023
DS.d381.s0.i4 -1 0.283963482013
DS.d381.s0.i5 -1 0.470003946207
DS.d381.s1.i0 1.0 0.527015774537
DS.d390.s0.i0 -1 -0.323329079015
DS.d390.s0.i1 -1 -0.555326748174
DS.d390.s0.i2 -1 -1.01870686016
DS.d390.s0.i3 -1 -1.24547583145
DS.d390.s0.i4 -1 -0.512263028328
DS.d390.s0.i5 -1 -0.998980282901
DS.d394.s0.i0 1.0 0.860931352272
DS.d394.s0.i1 1.0 0.207680995944
DS.d405.s0.i0 1.0 0.0291114983525
DS.d405.s0.i1 1.0 0.0980129537592
DS.d405.s1.i0 -1 -0.876299437132
DS.d405.s1.i1 -1 -0.167753537247
DS.d405.s1.i2 -1 -0.215108859234
DS.d405.s1.i3 -1 -0.273631846266
DS.d405.s2.i0 1.0 1.83102027036
DS.d405.s2.i1 1.0 1.71056703566
DS.d405.s3.i0 1.0 1.02830796325
DS.d405.s3.i1 1.0 0.964243645987
DS.d405.s4.i0 1.0 1.49476734622
DS.d405.s4.i1 1.0 1.90774349487
DS.d405.s4.i2 1.0 1.49476734622
DS.d409.s0.i0 1.0 0.168136189957
DS.d417.s0.i0 1.0 1.03018111789
DS.d421.s0.i0 -1 1.73878342988
DS.d421.s1.i0 1.0 1.58706216721
DS.d457.s0.i0 1.0 0.489941302601
DS.d457.s1.i0 -1 -0.313579671439
DS.d457.s1.i1 1.0 1.6504894421
DS.d457.s1.i2 1.0 1.60484699502
DS.d457.s1.i3 -1 0.0931694010054
DS.d480.s0.i0 -1 0.43134867163
DS.d504.s0.i0 1.0 1.93396593736
DS.d504.s1.i0 1.0 0.740813008884
DS.d504.s1.i1 1.0 1.11876005365
DS.d507.s0.i0 1.0 0.470103611356
DS.d507.s0.i1 -1 1.33070189833
DS.d535.s0.i0 -1 0.608192998739
DS.d535.s0.i1 -1 0.187256639294
DS.d551.s0.i0 1.0 1.08227510637
DS.d554.s0.i0 -1 -0.87628593978
DS.d554.s0.i1 -1 -0.652240296869
DS.d554.s0.i2 -1 -0.966007614676
DS.d559.s0.i0 -1 -1.01485600599
DS.d559.s0.i1 -1 -0.858360755492
DS.d559.s0.i2 -1 -0.772738678509
DS.d559.s0.i3 -1 -1.01485600599
DS.d560.s0.i0 1.0 1.43788442169
DS.d560.s0.i1 1.0 2.05121678388
DS.d560.s0.i2 1.0 1.12366341005
DS.d560.s0.i3 1.0 1.41107975031
DS.d563.s0.i0 -1 -0.0197589373116
DS.d563.s0.i1 -1 -0.316306983217
DS.d563.s0.i2 -1 -0.155781317733
DS.d563.s0.i3 -1 -0.40701238803
DS.d563.s0.i4 -1 0.66818709922
DS.d563.s0.i5 -1 0.731179443963
DS.d563.s0.i6 -1 -0.537048883123
DS.d563.s0.i7 -1 -0.782609461337
DS.d566.s0.i0 1.0 -0.0927391688859
DS.d566.s0.i1 1.0 -0.38313238198
DS.d574.s0.i0 -1 -0.866659375901
DS.d574.s0.i1 -1 -0.93241581673
DS.d574.s0.i2 -1 -0.650084824172
DS.d574.s0.i3 -1 -0.688164484846
DS.d594.s0.i0 1.0 -0.0813843239028
DS.d594.s0.i1 1.0 -0.18882085241
DS.d594.s0.i2 1.0 -0.00601336210461
DS.d597.s0.i0 -1 -1.36085367407
DS.d597.s0.i1 -1 -0.385423029802
DS.d597.s0.i2 -1 -0.384845037852
DS.d597.s0.i3 -1 -1.04969123821
DS.d597.s0.i4 -1 -0.919483824645
DS.d597.s0.i5 -1 0.225994632086
DS.d601.s0.i0 1.0 0.800197541607
DS.d606.s0.i0 -1 -0.463588066486
DS.d610.s0.i0 1.0 0.230195460708
DS.d619.s0.i0 1.0 0.453211999156
DS.d626.s0.i0 1.0 1.24652287986
DS.d626.s1.i0 1.0 1.5590634294
DS.d626.s2.i0 1.0 0.324546752814
DS.d626.s3.i0 1.0 1.56999219009
DS.d631.s0.i0 1.0 -0.024708076099
DS.d631.s0.i1 1.0 0.327081874561
DS.d636.s0.i0 -1 -1.12879515364
DS.d636.s0.i1 1.0 -0.584011415523
DS.d647.s0.i0 -1 0.272538274111
DS.d656.s0.i0 -1 -0.477196537075
DS.d656.s0.i1 -1 0.203146004614
DS.d656.s0.i2 -1 0.0193423117341
DS.d689.s0.i0 -1 -0.303324197785
DS.d689.s0.i1 -1 -0.249574031969
DS.d712.s0.i0 1.0 0.394446223044
DS.d712.s0.i1 1.0 0.913828404257
DS.d712.s0.i2 1.0 0.0425410624463
DS.d712.s0.i3 1.0 0.623894907919
DS.d712.s1.i0 1.0 0.881277308531
DS.d712.s2.i0 1.0 0.683151933669
DS.d712.s2.i1 1.0 0.234806482367
DS.d750.s0.i0 1.0 0.560495844108
DS.d767.s0.i0 1.0 0.0801821990721
DS.d776.s0.i0 1.0 0.199463104698
DS.d776.s0.i1 1.0 0.199463104698
DS.d780.s0.i0 -1 -0.778769284823
DS.d780.s0.i1 -1 -0.646345462691
DS.d780.s0.i2 -1 -0.204875530654
DS.d793.s0.i0 1.0 0.28022117345
DS.d793.s0.i1 1.0 0.484322605776
DS.d793.s1.i0 1.0 0.628167049044
DS.d793.s1.i1 1.0 0.494457816704
DS.d800.s0.i0 1.0 0.414905491113
DS.d809.s0.i0 1.0 1.58006157084
DS.d809.s1.i0 1.0 -0.71401186123
DS.d809.s1.i1 1.0 -0.289053668852
DS.d815.s0.i0 1.0 -0.0233610181131
DS.d815.s0.i1 1.0 0.241315379069
DS.d815.s0.i2 1.0 0.796369909666
DS.d816.s0.i0 1.0 -0.956987981571
DS.d816.s0.i1 -1 -0.614701836903
DS.d816.s0.i2 -1 0.111414237261
DS.d816.s0.i3 1.0 -0.789852591245
DS.d816.s0.i4 -1 -0.662285405082
DS.d816.s0.i5 1.0 0.551333809927
DS.d819.s0.i0 1.0 1.07368769798
DS.d819.s0.i1 -1 0.398243437948
DS.d824.s0.i0 1.0 1.21814214632
DS.d824.s0.i1 1.0 0.127210913322
DS.d829.s0.i0 1.0 0.489755896473
