DS.d1684.s0.i0 -1.000000 -0.001335
DS.d1685.s1.i0 1.000000 0.622922
DS.d1685.s0.i0 1.000000 0.634918
DS.d1686.s0.i0 1.000000 0.751699
DS.d313.s5.i0 1.000000 0.546242
DS.d313.s4.i0 1.000000 0.402515
DS.d313.s1.i0 1.000000 0.289971
DS.d313.s1.i1 1.000000 0.198419
DS.d313.s0.i0 1.000000 1.229442
DS.d313.s3.i0 1.000000 0.398562
DS.d313.s2.i0 1.000000 1.199095
DS.d1049.s0.i0 -1.000000 -0.487378
DS.d1044.s0.i0 1.000000 0.393231
DS.d124.s0.i5 1.000000 0.590741
DS.d124.s0.i4 1.000000 0.505857
DS.d124.s0.i1 1.000000 0.663870
DS.d124.s0.i0 1.000000 0.510466
DS.d124.s0.i3 1.000000 0.675528
DS.d124.s0.i2 1.000000 0.578428
DS.d536.s0.i0 1.000000 0.134342
DS.d536.s0.i1 1.000000 0.114405
DS.d536.s0.i2 1.000000 0.098000
DS.d536.s0.i3 1.000000 0.201378
DS.d536.s1.i1 1.000000 0.337829
DS.d536.s1.i0 -1.000000 -0.220865
DS.d795.s0.i0 1.000000 0.964368
DS.d415.s0.i0 -1.000000 -0.041447
DS.d415.s0.i1 -1.000000 -0.189445
DS.d415.s0.i2 -1.000000 0.320152
DS.d415.s0.i3 -1.000000 0.503323
DS.d411.s0.i0 1.000000 0.982524
DS.d494.s0.i1 1.000000 1.133929
DS.d494.s0.i0 1.000000 1.105216
DS.d710.s0.i0 -1.000000 0.322490
DS.d1840.s0.i0 -1.000000 0.337261
DS.d713.s1.i0 1.000000 0.272508
DS.d713.s1.i1 1.000000 0.310708
DS.d713.s0.i1 1.000000 0.144173
DS.d713.s0.i0 1.000000 0.590515
DS.d808.s0.i0 -1.000000 0.804823
DS.d808.s1.i1 1.000000 0.619965
DS.d808.s1.i0 -1.000000 0.372458
DS.d808.s2.i0 1.000000 0.708525
DS.d808.s2.i1 1.000000 0.670461
DS.d1010.s0.i3 1.000000 0.750532
DS.d1010.s0.i2 1.000000 0.774515
DS.d1010.s0.i1 1.000000 0.770391
DS.d1010.s0.i0 1.000000 0.784744
DS.d1440.s0.i0 1.000000 0.654473
DS.d1440.s1.i1 1.000000 0.703066
DS.d1440.s1.i0 1.000000 0.432893
DS.d393.s1.i2 -1.000000 -0.046169
DS.d393.s1.i3 -1.000000 -0.028383
DS.d393.s1.i0 -1.000000 0.082513
DS.d393.s1.i1 -1.000000 0.184596
DS.d393.s0.i1 -1.000000 -0.014821
DS.d393.s0.i0 -1.000000 0.064998
DS.d393.s0.i3 -1.000000 0.109355
DS.d393.s0.i2 -1.000000 0.028209
DS.d719.s0.i1 -1.000000 0.107558
DS.d719.s0.i0 1.000000 0.084246
DS.d550.s0.i0 -1.000000 -0.619691
DS.d550.s0.i1 -1.000000 -0.621677
DS.d550.s0.i2 -1.000000 -0.577467
DS.d550.s0.i3 -1.000000 -0.584236
DS.d550.s0.i4 -1.000000 -0.573678
DS.d550.s0.i5 -1.000000 -0.603657
DS.d550.s0.i6 -1.000000 -0.572695
DS.d550.s0.i7 -1.000000 -0.587537
DS.d550.s0.i8 -1.000000 -0.593700
DS.d960.s0.i1 -1.000000 0.826389
DS.d960.s0.i0 -1.000000 0.924957
DS.d1561.s0.i0 1.000000 0.643738
DS.d1563.s0.i0 1.000000 0.859083
DS.d1563.s0.i1 1.000000 0.779712
DS.d1548.s0.i1 -1.000000 -0.474177
DS.d1548.s0.i0 -1.000000 -0.585337
DS.d1567.s0.i0 1.000000 0.250404
DS.d62.s0.i0 -1.000000 0.753456
DS.d1277.s0.i0 1.000000 0.542381
DS.d1277.s1.i0 1.000000 1.083563
DS.d980.s0.i0 1.000000 0.409900
DS.d1053.s0.i0 1.000000 0.522218
DS.d986.s0.i0 1.000000 0.134168
DS.d1210.s1.i0 1.000000 0.014995
DS.d1210.s0.i1 1.000000 0.439379
DS.d1210.s0.i0 -1.000000 0.435703
DS.d565.s0.i0 1.000000 0.618126
DS.d1599.s1.i0 1.000000 0.965814
DS.d1599.s0.i0 1.000000 0.538647
DS.d645.s0.i0 1.000000 0.993933
DS.d405.s4.i2 1.000000 1.162759
DS.d405.s4.i1 1.000000 1.137462
DS.d405.s4.i0 1.000000 1.162759
DS.d405.s3.i0 1.000000 0.423661
DS.d405.s3.i1 1.000000 0.443539
DS.d405.s2.i1 1.000000 0.835344
DS.d405.s2.i0 1.000000 0.553480
DS.d405.s1.i0 -1.000000 -0.102058
DS.d405.s1.i1 1.000000 0.557411
DS.d405.s1.i2 -1.000000 -0.067763
DS.d405.s1.i3 1.000000 0.394822
DS.d405.s0.i1 1.000000 1.040340
DS.d405.s0.i0 1.000000 1.009057
DS.d528.s0.i1 1.000000 0.484894
DS.d528.s0.i0 1.000000 0.503696
DS.d1459.s0.i0 1.000000 0.312577
DS.d1459.s0.i1 1.000000 0.356870
DS.d1605.s1.i0 1.000000 0.354417
DS.d1605.s0.i0 1.000000 0.528521
DS.d521.s0.i0 1.000000 0.474782
DS.d521.s0.i1 1.000000 0.337186
DS.d1607.s0.i0 1.000000 0.873128
DS.d1453.s0.i0 1.000000 1.106724
DS.d1603.s0.i1 -1.000000 -0.324445
DS.d1603.s0.i0 -1.000000 -0.252161
DS.d1516.s0.i0 1.000000 0.628235
DS.d1516.s0.i1 1.000000 0.979335
DS.d1516.s1.i1 1.000000 0.375590
DS.d1516.s1.i0 1.000000 0.539791
DS.d1767.s0.i0 1.000000 0.673276
DS.d1767.s0.i1 1.000000 0.673276
DS.d1512.s0.i0 1.000000 0.712540
DS.d1513.s0.i1 1.000000 0.712092
DS.d1513.s0.i0 1.000000 0.795813
DS.d1513.s0.i2 1.000000 0.671326
DS.d937.s0.i1 1.000000 -0.254865
DS.d937.s0.i0 1.000000 -0.255519
DS.d930.s0.i2 -1.000000 -0.925261
DS.d930.s0.i0 -1.000000 -0.643093
DS.d930.s0.i1 -1.000000 -0.986058
DS.d1175.s0.i0 1.000000 0.260656
DS.d1026.s0.i0 1.000000 0.411889
DS.d1026.s1.i0 1.000000 0.798992
DS.d236.s0.i2 -1.000000 -0.508914
DS.d236.s0.i1 -1.000000 -0.341128
DS.d236.s0.i0 -1.000000 0.081533
DS.d1225.s0.i1 1.000000 -0.264023
DS.d1225.s0.i0 1.000000 -0.238796
DS.d1187.s0.i2 -1.000000 -0.390572
DS.d1187.s0.i3 -1.000000 -0.377160
DS.d1187.s0.i0 -1.000000 -0.418884
DS.d1187.s0.i1 -1.000000 -0.387700
DS.d1187.s1.i0 1.000000 0.372578
DS.d1221.s0.i1 1.000000 0.699410
DS.d1221.s0.i0 1.000000 0.715738
DS.d101.s0.i0 1.000000 -0.473624
DS.d525.s0.i0 1.000000 0.206219
DS.d525.s0.i1 1.000000 0.204428
DS.d518.s0.i0 1.000000 1.093055
DS.d1822.s0.i0 1.000000 0.632113
DS.d736.s0.i0 1.000000 0.414635
DS.d737.s1.i0 -1.000000 -0.235788
DS.d737.s1.i1 1.000000 0.314477
DS.d737.s0.i2 -1.000000 0.422140
DS.d737.s0.i1 -1.000000 0.628750
DS.d737.s0.i0 -1.000000 0.472106
DS.d820.s2.i0 -1.000000 0.213072
DS.d820.s2.i1 -1.000000 -0.452624
DS.d820.s3.i0 -1.000000 0.369158
DS.d820.s0.i0 -1.000000 0.741898
DS.d820.s0.i1 -1.000000 0.786529
DS.d820.s0.i2 -1.000000 1.012604
DS.d820.s1.i0 1.000000 0.696640
DS.d304.s0.i0 -1.000000 0.203738
DS.d826.s0.i6 1.000000 0.430891
DS.d826.s0.i7 -1.000000 0.642126
DS.d826.s0.i4 -1.000000 0.641094
DS.d826.s0.i5 1.000000 0.434689
DS.d826.s0.i2 -1.000000 0.663417
DS.d826.s0.i3 -1.000000 0.745199
DS.d826.s0.i0 1.000000 0.414594
DS.d826.s0.i1 1.000000 0.518487
DS.d826.s1.i1 1.000000 0.325434
DS.d826.s1.i0 1.000000 0.164230
DS.d826.s1.i2 1.000000 0.103110
DS.d826.s2.i0 1.000000 1.070479
DS.d826.s2.i1 1.000000 1.076871
DS.d826.s2.i2 1.000000 1.106961
DS.d826.s2.i3 1.000000 1.090209
DS.d826.s3.i3 1.000000 0.769618
DS.d826.s3.i2 1.000000 0.769618
DS.d826.s3.i1 1.000000 0.569876
DS.d826.s3.i0 1.000000 0.569876
DS.d1282.s0.i0 -1.000000 -0.747857
DS.d730.s0.i0 1.000000 0.362616
DS.d1755.s0.i1 -1.000000 -0.037643
DS.d1755.s0.i0 -1.000000 -0.085560
DS.d257.s2.i0 1.000000 0.304113
DS.d257.s3.i0 1.000000 0.194807
DS.d257.s0.i0 1.000000 0.679112
DS.d257.s0.i1 -1.000000 0.479015
DS.d257.s0.i2 -1.000000 0.598117
DS.d257.s1.i0 1.000000 0.176364
DS.d1424.s0.i0 -1.000000 0.331132
DS.d1425.s1.i0 1.000000 0.269698
DS.d1425.s0.i0 1.000000 0.905203
DS.d1195.s0.i0 -1.000000 0.738384
DS.d40.s0.i0 1.000000 0.693602
DS.d1338.s0.i2 1.000000 0.123982
DS.d1338.s0.i3 1.000000 0.115085
DS.d1338.s0.i0 1.000000 0.109244
DS.d1338.s0.i1 1.000000 0.165365
DS.d1338.s0.i4 1.000000 0.159213
DS.d1338.s0.i5 1.000000 0.097291
DS.d1338.s1.i1 -1.000000 0.043531
DS.d1338.s1.i0 -1.000000 0.003869
DS.d589.s0.i2 1.000000 0.626519
DS.d589.s0.i3 1.000000 0.906386
DS.d589.s0.i0 1.000000 0.906386
DS.d589.s0.i1 1.000000 0.626519
DS.d420.s0.i0 1.000000 0.835075
DS.d420.s1.i0 1.000000 0.503502
DS.d1845.s0.i5 1.000000 0.457159
DS.d1845.s0.i4 1.000000 0.457159
DS.d1845.s0.i1 1.000000 0.280482
DS.d1845.s0.i0 1.000000 0.315141
DS.d1845.s0.i3 1.000000 0.280482
DS.d1845.s0.i2 1.000000 0.315141
DS.d1839.s4.i0 -1.000000 0.643205
DS.d1839.s2.i0 1.000000 0.631335
DS.d1839.s3.i0 1.000000 0.260071
DS.d1839.s0.i0 1.000000 1.238485
DS.d1839.s0.i1 1.000000 1.368677
DS.d1839.s0.i2 1.000000 1.406177
DS.d1839.s0.i3 1.000000 1.231408
DS.d1839.s1.i1 1.000000 0.999058
DS.d1839.s1.i0 1.000000 1.122584
DS.d1722.s1.i0 -1.000000 -0.126122
DS.d1722.s1.i1 -1.000000 -0.102192
DS.d1722.s1.i2 -1.000000 -0.151079
DS.d1722.s0.i7 -1.000000 -0.467108
DS.d1722.s0.i6 -1.000000 -0.276942
DS.d1722.s0.i5 -1.000000 -0.434536
DS.d1722.s0.i4 -1.000000 -0.362833
DS.d1722.s0.i3 -1.000000 -0.261876
DS.d1722.s0.i2 -1.000000 -0.409866
DS.d1722.s0.i1 -1.000000 -0.312717
DS.d1722.s0.i0 -1.000000 -0.382476
DS.d873.s2.i0 1.000000 0.981563
DS.d873.s0.i0 1.000000 0.679334
DS.d873.s0.i1 1.000000 1.021072
DS.d873.s1.i0 1.000000 0.838252
DS.d743.s0.i0 1.000000 0.918611
DS.d1533.s0.i0 -1.000000 0.820645
DS.d807.s1.i0 1.000000 0.375956
DS.d807.s0.i1 1.000000 0.913740
DS.d807.s0.i0 1.000000 1.016185
DS.d1534.s0.i0 -1.000000 -0.304989
DS.d1534.s0.i1 -1.000000 -0.346816
DS.d1534.s0.i2 -1.000000 -0.370242
DS.d1746.s0.i0 1.000000 0.477852
DS.d1103.s0.i0 -1.000000 0.313709
DS.d1103.s0.i1 -1.000000 0.246026
DS.d1103.s1.i0 1.000000 0.440334
DS.d1438.s0.i0 -1.000000 -0.254393
DS.d1107.s0.i0 -1.000000 0.074469
DS.d33.s0.i1 1.000000 0.705518
DS.d33.s0.i0 1.000000 0.916966
DS.d854.s1.i0 1.000000 0.703261
DS.d854.s0.i1 -1.000000 0.466442
DS.d854.s0.i0 1.000000 0.846240
DS.d854.s3.i0 1.000000 0.239900
DS.d854.s3.i1 -1.000000 0.244295
DS.d854.s2.i0 -1.000000 0.489228
DS.d852.s0.i0 1.000000 0.954676
DS.d1068.s0.i8 -1.000000 -0.048539
DS.d1068.s0.i9 -1.000000 -0.000865
DS.d1068.s0.i2 -1.000000 -0.000406
DS.d1068.s0.i3 -1.000000 -0.029319
DS.d1068.s0.i0 -1.000000 0.059438
DS.d1068.s0.i1 -1.000000 -0.026912
DS.d1068.s0.i6 -1.000000 0.079904
DS.d1068.s0.i7 -1.000000 0.030649
DS.d1068.s0.i4 -1.000000 0.070855
DS.d1068.s0.i5 -1.000000 0.033604
DS.d1068.s0.i10 -1.000000 -0.006434
DS.d1068.s0.i11 -1.000000 0.103937
DS.d1068.s0.i12 -1.000000 0.041626
DS.d1068.s0.i13 -1.000000 0.088156
DS.d1068.s1.i1 1.000000 0.013540
DS.d1068.s1.i0 1.000000 0.017649
DS.d455.s0.i0 1.000000 -0.759797
DS.d455.s0.i1 1.000000 -0.774985
DS.d217.s0.i0 -1.000000 0.451136
DS.d217.s1.i1 -1.000000 0.656084
DS.d217.s1.i0 -1.000000 0.662264
DS.d1249.s0.i1 -1.000000 -0.161992
DS.d1249.s0.i0 -1.000000 -0.511453
DS.d553.s0.i1 1.000000 0.640052
DS.d553.s0.i0 1.000000 0.730926
DS.d511.s0.i1 -1.000000 -0.259281
DS.d511.s0.i0 -1.000000 -0.126568
DS.d1805.s0.i1 1.000000 0.312786
DS.d1805.s0.i0 1.000000 1.253407
DS.d1805.s0.i3 1.000000 0.278137
DS.d1805.s0.i2 1.000000 0.551510
DS.d1808.s0.i0 1.000000 0.672168
DS.d1808.s0.i1 1.000000 0.672168
DS.d1808.s1.i5 1.000000 0.329958
DS.d1808.s1.i4 1.000000 0.329958
DS.d1808.s1.i3 1.000000 0.434765
DS.d1808.s1.i2 1.000000 0.434765
DS.d1808.s1.i1 1.000000 -0.148585
DS.d1808.s1.i0 1.000000 -0.232626
DS.d692.s0.i1 1.000000 0.686049
DS.d692.s0.i0 1.000000 0.713374
DS.d167.s0.i0 1.000000 0.755640
DS.d1485.s0.i0 -1.000000 -0.676181
DS.d1630.s0.i1 1.000000 0.540205
DS.d1630.s0.i0 1.000000 0.561430
DS.d751.s0.i0 1.000000 0.340856
DS.d1736.s0.i0 1.000000 0.469820
DS.d1736.s0.i1 1.000000 0.490955
DS.d1736.s1.i0 1.000000 -0.384505
DS.d1526.s0.i1 1.000000 0.428243
DS.d1526.s0.i0 1.000000 0.428243
DS.d1884.s0.i0 -1.000000 -0.228640
DS.d196.s0.i2 1.000000 0.541047
DS.d196.s0.i3 1.000000 0.592208
DS.d196.s0.i0 1.000000 0.395166
DS.d196.s0.i1 1.000000 0.547187
DS.d196.s1.i0 -1.000000 0.610230
DS.d28.s1.i0 1.000000 1.027289
DS.d28.s1.i1 1.000000 1.162085
DS.d28.s0.i2 1.000000 0.961795
DS.d28.s0.i1 1.000000 0.763990
DS.d28.s0.i0 1.000000 0.702650
DS.d1133.s0.i1 -1.000000 0.161747
DS.d1133.s0.i0 1.000000 0.406053
DS.d1408.s0.i0 1.000000 0.234305
DS.d1408.s0.i1 1.000000 0.032732
DS.d1409.s0.i1 -1.000000 0.399828
DS.d1409.s0.i0 -1.000000 -0.002259
DS.d1409.s0.i3 -1.000000 0.152937
DS.d1409.s0.i2 -1.000000 -0.245982
DS.d843.s1.i0 -1.000000 0.055891
DS.d843.s0.i1 1.000000 0.685903
DS.d843.s0.i0 -1.000000 0.813492
DS.d843.s0.i3 1.000000 0.711616
DS.d843.s0.i2 -1.000000 0.798605
DS.d684.s0.i0 -1.000000 -0.149610
DS.d684.s0.i1 1.000000 -0.042809
DS.d684.s0.i2 -1.000000 0.057937
DS.d684.s0.i3 1.000000 0.224911
DS.d331.s0.i1 1.000000 0.201139
DS.d331.s0.i0 -1.000000 0.368278
DS.d331.s0.i3 -1.000000 0.433016
DS.d331.s0.i2 1.000000 0.135271
DS.d1776.s0.i0 1.000000 0.272455
DS.d1776.s0.i1 1.000000 0.257654
DS.d447.s0.i0 1.000000 0.924979
DS.d1316.s0.i0 -1.000000 -0.167523
DS.d203.s0.i1 1.000000 0.442847
DS.d203.s0.i0 1.000000 0.470482
DS.d207.s0.i0 1.000000 0.129865
DS.d1258.s0.i0 1.000000 0.569919
DS.d283.s0.i3 1.000000 0.496923
DS.d283.s0.i2 1.000000 0.601008
DS.d283.s0.i1 1.000000 0.571506
DS.d283.s0.i0 1.000000 0.555068
DS.d766.s0.i1 -1.000000 0.455209
DS.d766.s0.i0 -1.000000 0.131828
DS.d766.s0.i3 -1.000000 0.599578
DS.d766.s0.i2 -1.000000 0.282952
DS.d761.s0.i2 -1.000000 -0.282852
DS.d761.s0.i0 -1.000000 -0.187234
DS.d761.s0.i1 -1.000000 -0.232489
DS.d92.s2.i0 1.000000 0.287732
DS.d92.s3.i0 1.000000 0.654371
DS.d92.s0.i0 1.000000 0.477392
DS.d92.s1.i0 1.000000 0.130047
DS.d972.s0.i0 1.000000 0.944970
DS.d972.s0.i1 1.000000 0.909147
DS.d972.s0.i2 1.000000 0.872104
DS.d972.s0.i3 1.000000 0.950846
DS.d972.s1.i0 1.000000 0.390313
DS.d1081.s0.i1 -1.000000 0.332959
DS.d1081.s0.i0 -1.000000 0.291838
DS.d561.s0.i0 -1.000000 -0.348888
DS.d13.s4.i1 -1.000000 0.613782
DS.d13.s4.i0 1.000000 0.603060
DS.d13.s1.i0 1.000000 0.495352
DS.d13.s0.i1 1.000000 0.783512
DS.d13.s0.i0 1.000000 0.860364
DS.d13.s3.i0 -1.000000 0.244250
DS.d13.s3.i1 -1.000000 0.096235
DS.d13.s2.i2 1.000000 0.754780
DS.d13.s2.i1 1.000000 0.770802
DS.d13.s2.i0 1.000000 0.738644
DS.d1724.s0.i0 1.000000 0.063284
DS.d1890.s0.i0 1.000000 1.066169
DS.d1360.s1.i0 1.000000 0.616463
DS.d1360.s1.i1 1.000000 0.619772
DS.d1360.s0.i0 1.000000 0.721452
DS.d1360.s2.i1 1.000000 0.714670
DS.d1360.s2.i0 1.000000 0.739218
DS.d1552.s0.i0 1.000000 0.375678
DS.d1401.s1.i0 1.000000 0.664039
DS.d1401.s1.i1 1.000000 0.681706
DS.d1401.s0.i0 1.000000 1.003598
DS.d1554.s0.i8 -1.000000 -0.723819
DS.d1554.s0.i9 -1.000000 -0.716633
DS.d1554.s0.i6 -1.000000 -0.556665
DS.d1554.s0.i7 -1.000000 -0.824000
DS.d1554.s0.i4 -1.000000 -0.855890
DS.d1554.s0.i5 -1.000000 -0.699851
DS.d1554.s0.i2 -1.000000 -0.815840
DS.d1554.s0.i3 -1.000000 -0.799442
DS.d1554.s0.i0 -1.000000 -0.810534
DS.d1554.s0.i1 -1.000000 -0.800608
DS.d1554.s0.i10 -1.000000 -0.692408
DS.d1554.s0.i11 -1.000000 -0.719669
DS.d876.s0.i1 -1.000000 -0.222449
DS.d876.s0.i0 -1.000000 -0.146173
DS.d876.s0.i2 -1.000000 -0.200068
DS.d1301.s0.i2 1.000000 0.692794
DS.d1301.s0.i3 1.000000 0.445793
DS.d1301.s0.i0 1.000000 0.608638
DS.d1301.s0.i1 1.000000 0.525121
DS.d1301.s0.i4 1.000000 0.561675
DS.d1301.s0.i5 1.000000 0.655858
DS.d144.s0.i0 -1.000000 0.316815
DS.d141.s0.i0 -1.000000 0.535803
DS.d141.s1.i1 1.000000 0.585995
DS.d141.s1.i0 1.000000 0.396499
DS.d141.s2.i0 1.000000 0.266681
DS.d893.s0.i0 -1.000000 -0.971777
DS.d893.s0.i1 1.000000 -0.547314
DS.d664.s0.i2 -1.000000 -0.367336
DS.d664.s0.i3 -1.000000 -0.133672
DS.d664.s0.i0 -1.000000 -0.173779
DS.d664.s0.i1 -1.000000 -0.412906
DS.d1062.s0.i0 -1.000000 -0.747297
DS.d1062.s0.i1 -1.000000 -0.781073
DS.d149.s0.i0 -1.000000 0.309314
DS.d896.s0.i1 1.000000 0.455195
DS.d896.s0.i0 1.000000 0.514765
DS.d1.s0.i0 1.000000 0.844044
DS.d83.s0.i0 1.000000 0.052677
DS.d273.s0.i0 1.000000 1.038461
DS.d273.s1.i1 1.000000 0.094149
DS.d273.s1.i0 1.000000 -0.104737
DS.d86.s1.i0 1.000000 0.347881
DS.d86.s1.i1 -1.000000 0.270995
DS.d86.s1.i2 -1.000000 0.474059
DS.d86.s0.i1 1.000000 0.280793
DS.d86.s0.i0 1.000000 0.432637
DS.d85.s0.i0 1.000000 0.422030
DS.d1508.s0.i0 1.000000 0.780240
DS.d865.s0.i1 1.000000 0.568678
DS.d865.s0.i0 1.000000 0.569280
DS.d1717.s0.i2 -1.000000 0.013839
DS.d1717.s0.i1 -1.000000 -0.002634
DS.d1717.s0.i0 -1.000000 0.121665
DS.d1155.s2.i1 -1.000000 0.289088
DS.d1155.s2.i0 -1.000000 0.024821
DS.d1155.s2.i2 -1.000000 0.026854
DS.d1155.s1.i0 -1.000000 -0.154375
DS.d1155.s1.i1 -1.000000 0.200465
DS.d1155.s0.i3 1.000000 -0.041811
DS.d1155.s0.i2 1.000000 -0.003375
DS.d1155.s0.i1 -1.000000 -0.142255
DS.d1155.s0.i0 -1.000000 -0.136236
DS.d1156.s0.i0 1.000000 -0.041382
DS.d1156.s1.i1 1.000000 0.337224
DS.d1156.s1.i0 1.000000 0.737925
DS.d1250.s0.i1 -1.000000 0.111618
DS.d1250.s0.i0 -1.000000 0.235174
DS.d1250.s0.i3 -1.000000 0.133424
DS.d1250.s0.i2 -1.000000 0.088963
DS.d1650.s0.i1 1.000000 0.298371
DS.d1650.s0.i0 1.000000 0.168299
DS.d1650.s0.i2 1.000000 0.307663
DS.d1657.s0.i0 1.000000 1.045669
DS.d1390.s0.i0 -1.000000 0.216015
DS.d1016.s0.i1 1.000000 0.401025
DS.d1016.s0.i0 1.000000 0.412487
DS.d1546.s1.i0 -1.000000 -0.544171
DS.d1546.s1.i1 1.000000 -0.235598
DS.d1546.s1.i2 -1.000000 -0.541770
DS.d1546.s0.i0 -1.000000 -0.130892
DS.d1611.s0.i0 1.000000 0.164149
DS.d1611.s0.i1 1.000000 0.137025
DS.d151.s0.i0 -1.000000 0.735544
DS.d155.s0.i1 1.000000 0.645606
DS.d155.s0.i0 1.000000 0.365114
DS.d155.s0.i2 1.000000 0.425598
DS.d460.s0.i0 -1.000000 0.610333
DS.d460.s1.i0 1.000000 0.973662
DS.d308.s5.i0 1.000000 0.940122
DS.d308.s5.i1 1.000000 0.940122
DS.d308.s4.i1 1.000000 1.032569
DS.d308.s4.i0 1.000000 1.032569
DS.d308.s1.i2 1.000000 0.418728
DS.d308.s1.i0 1.000000 0.483947
DS.d308.s1.i1 1.000000 0.549383
DS.d308.s0.i1 1.000000 0.940674
DS.d308.s0.i0 1.000000 0.961788
DS.d308.s3.i0 1.000000 1.270286
DS.d308.s3.i1 1.000000 1.379407
DS.d308.s2.i0 1.000000 0.719247
DS.d1378.s0.i6 1.000000 0.128199
DS.d1378.s0.i7 1.000000 0.032570
DS.d1378.s0.i4 1.000000 0.039517
DS.d1378.s0.i5 1.000000 0.247408
DS.d1378.s0.i2 1.000000 0.132254
DS.d1378.s0.i3 1.000000 0.137625
DS.d1378.s0.i0 1.000000 -0.067686
DS.d1378.s0.i1 1.000000 0.252908
DS.d1076.s0.i1 -1.000000 0.180949
DS.d1076.s0.i0 -1.000000 0.303086
DS.d1313.s0.i0 -1.000000 0.429605
DS.d1863.s0.i0 1.000000 0.077304
DS.d268.s0.i0 1.000000 0.224216
DS.d268.s0.i1 1.000000 0.151943
DS.d269.s2.i1 -1.000000 -0.870915
DS.d269.s2.i0 -1.000000 -0.680712
DS.d269.s2.i3 -1.000000 -0.923993
DS.d269.s2.i2 1.000000 -0.022753
DS.d269.s2.i5 -1.000000 -0.666220
DS.d269.s2.i4 1.000000 0.005310
DS.d269.s2.i7 -1.000000 -0.893872
DS.d269.s2.i6 -1.000000 -0.903439
DS.d269.s1.i0 1.000000 -0.524032
DS.d269.s1.i1 1.000000 -0.576012
DS.d269.s1.i2 -1.000000 -1.122485
DS.d269.s0.i0 1.000000 0.631606
DS.d789.s0.i0 1.000000 0.234904
DS.d789.s0.i1 1.000000 0.234904
DS.d265.s1.i0 1.000000 0.478673
DS.d265.s1.i1 1.000000 0.468849
DS.d265.s1.i2 1.000000 0.393767
DS.d265.s1.i3 1.000000 0.400173
DS.d265.s0.i1 -1.000000 -0.278969
DS.d265.s0.i0 1.000000 0.890224
DS.d1658.s0.i1 -1.000000 -0.969477
DS.d1658.s0.i0 -1.000000 -1.017971
DS.d781.s0.i0 1.000000 0.739545
DS.d781.s1.i1 1.000000 0.722831
DS.d781.s1.i0 1.000000 0.670364
DS.d1870.s0.i0 1.000000 0.729359
DS.d1877.s0.i0 1.000000 0.526545
DS.d1877.s1.i1 1.000000 0.589016
DS.d1877.s1.i0 1.000000 0.589016
DS.d1149.s0.i0 1.000000 0.139791
DS.d1148.s0.i1 -1.000000 -0.796896
DS.d1148.s0.i0 -1.000000 -0.765580
DS.d1148.s0.i3 -1.000000 -0.765580
DS.d1148.s0.i2 -1.000000 -0.796896
DS.d380.s1.i8 -1.000000 0.159327
DS.d380.s1.i2 -1.000000 0.092320
DS.d380.s1.i3 -1.000000 0.092320
DS.d380.s1.i0 -1.000000 0.094186
DS.d380.s1.i1 -1.000000 0.094186
DS.d380.s1.i6 -1.000000 -0.012692
DS.d380.s1.i7 -1.000000 0.159327
DS.d380.s1.i4 -1.000000 0.009029
DS.d380.s1.i5 -1.000000 0.010764
DS.d380.s0.i5 1.000000 0.953862
DS.d380.s0.i4 1.000000 0.865774
DS.d380.s0.i7 1.000000 0.976959
DS.d380.s0.i6 1.000000 0.976959
DS.d380.s0.i1 1.000000 0.984949
DS.d380.s0.i0 1.000000 0.848768
DS.d380.s0.i3 1.000000 0.984949
DS.d380.s0.i2 1.000000 0.865774
DS.d380.s0.i9 1.000000 0.953862
DS.d380.s0.i8 1.000000 0.848768
DS.d380.s2.i3 1.000000 0.897731
DS.d380.s2.i2 1.000000 0.969931
DS.d380.s2.i1 1.000000 0.969931
DS.d380.s2.i0 1.000000 0.843060
DS.d380.s2.i5 1.000000 0.897731
DS.d380.s2.i4 1.000000 0.843060
DS.d387.s0.i0 1.000000 0.732308
DS.d387.s0.i1 1.000000 0.609602
DS.d1384.s0.i0 1.000000 0.735774
DS.d76.s0.i2 1.000000 -0.411626
DS.d76.s0.i3 1.000000 -0.394001
DS.d76.s0.i0 1.000000 -0.364864
DS.d76.s0.i1 1.000000 -0.276276
DS.d76.s1.i1 1.000000 -0.102721
DS.d76.s1.i0 1.000000 0.041989
DS.d76.s1.i3 1.000000 -0.042009
DS.d76.s1.i2 1.000000 -0.022002
DS.d1663.s1.i0 1.000000 0.926125
DS.d1663.s0.i1 1.000000 0.704829
DS.d1663.s0.i0 1.000000 0.792306
DS.d1795.s0.i0 -1.000000 0.102988
DS.d1661.s0.i1 1.000000 0.210635
DS.d1661.s0.i0 1.000000 0.210635
DS.d1787.s0.i0 1.000000 0.611317
DS.d1787.s0.i1 1.000000 0.716772
DS.d1786.s0.i1 1.000000 0.849803
DS.d1786.s0.i0 1.000000 0.683827
DS.d1572.s0.i0 1.000000 0.564991
DS.d1572.s0.i1 1.000000 0.654549
DS.d1571.s0.i0 1.000000 0.618526
