DS3.d1.s0.i0 1.0 0.509640333746
DS3.d18.s0.i0 1.0 0.760335869414
DS3.d19.s0.i0 1.0 1.67152602461
DS3.d19.s0.i1 1.0 1.82445145836
DS3.d24.s0.i0 -1 -2.27968848835
DS3.d24.s1.i0 1.0 -0.298075621834
DS3.d52.s0.i0 1.0 -0.159927386
DS3.d52.s1.i0 1.0 1.48089468458
DS3.d52.s2.i0 1.0 0.653748259504
DS3.d73.s0.i0 -1 -0.147772552701
DS3.d73.s0.i1 -1 -1.22219784299
DS3.d77.s0.i0 1.0 1.34599821583
DS3.d77.s0.i1 -1 1.46598468084
DS3.d83.s0.i0 1.0 -0.844500791812
DS3.d94.s0.i0 -1 -0.569519083395
DS3.d94.s1.i0 -1 -0.316812911908
DS3.d94.s1.i1 -1 -0.30809398215
DS3.d94.s1.i2 -1 0.678438560335
DS3.d94.s2.i0 -1 -0.220483579251
DS3.d96.s0.i0 -1 1.02340484536
DS3.d96.s0.i1 1.0 0.547772566579
DS3.d96.s0.i2 -1 0.972813957845
DS3.d96.s0.i3 1.0 0.5099416574
DS3.d96.s1.i0 1.0 1.42905841257
DS3.d96.s1.i1 1.0 1.50271187329
DS3.d97.s0.i0 1.0 2.16097401226
DS3.d116.s0.i0 1.0 1.16636359054
DS3.d116.s0.i1 1.0 2.03334204464
DS3.d116.s0.i2 1.0 1.19957685967
DS3.d129.s0.i0 1.0 0.784295742955
DS3.d143.s0.i0 1.0 -0.536120550289
DS3.d143.s0.i1 1.0 -1.33553555273
DS3.d143.s0.i2 1.0 -0.829422150184
DS3.d143.s0.i3 1.0 -1.49024815599
DS3.d148.s0.i0 -1 -1.21278344336
DS3.d148.s0.i1 -1 -1.51185918036
DS3.d148.s0.i2 1.0 0.738842458649
DS3.d148.s0.i3 -1 -1.12063693946
DS3.d148.s0.i4 -1 -1.77185988109
DS3.d148.s0.i5 -1 -1.00424246027
DS3.d148.s0.i6 -1 -1.02341826732
DS3.d148.s0.i7 -1 -1.40321920519
DS3.d148.s0.i8 -1 -0.658156400728
DS3.d148.s0.i9 1.0 0.810816453631
DS3.d148.s0.i10 -1 -1.74006565491
DS3.d148.s0.i11 1.0 0.533506262959
DS3.d148.s0.i12 -1 -1.05713314565
DS3.d148.s0.i13 1.0 0.775383299746
DS3.d148.s0.i14 -1 -2.15705890649
DS3.d148.s0.i15 -1 -1.55109006026
DS3.d148.s0.i16 -1 -1.46672299901
DS3.d148.s0.i17 1.0 0.770400929051
DS3.d148.s0.i18 -1 -2.45862071466
DS3.d148.s0.i19 1.0 0.774275612531
DS3.d148.s0.i20 1.0 0.340110162106
DS3.d148.s0.i21 -1 -1.46596916702
DS3.d148.s0.i22 1.0 0.738842458649
DS3.d148.s0.i23 -1 -2.03566100887
DS3.d148.s0.i24 1.0 0.775383299746
DS3.d148.s0.i25 -1 -0.677332207776
DS3.d148.s0.i26 -1 -1.27008230674
DS3.d148.s1.i0 -1 -1.45012715418
DS3.d148.s1.i1 1.0 1.32964342972
DS3.d148.s1.i2 -1 -1.45725672999
DS3.d148.s1.i3 -1 -1.06888236492
DS3.d148.s1.i4 1.0 1.71618513817
DS3.d148.s1.i5 -1 0.274497367305
DS3.d148.s1.i6 -1 -0.842936631241
DS3.d148.s1.i7 -1 -0.418373466198
DS3.d185.s0.i0 1.0 0.388927016079
DS3.d185.s0.i1 1.0 0.962407021375
DS3.d185.s1.i0 1.0 2.03097258469
DS3.d204.s0.i0 1.0 1.42764576083
DS3.d204.s0.i1 1.0 -0.374530790531
DS3.d209.s0.i0 -1 1.64479934663
DS3.d209.s0.i1 -1 -0.492410852364
DS3.d209.s0.i2 -1 -0.361999272467
DS3.d209.s1.i0 -1 -0.0587660741536
DS3.d209.s1.i1 -1 0.486039138058
DS3.d209.s1.i2 -1 -0.761883756362
DS3.d212.s0.i0 -1 -0.636659306203
DS3.d226.s0.i0 1.0 0.337794481825
DS3.d241.s0.i0 1.0 0.829306393263
DS3.d241.s1.i0 1.0 -0.725427426715
DS3.d244.s0.i0 1.0 0.514824787478
DS3.d244.s0.i1 1.0 0.609602720704
DS3.d244.s1.i0 1.0 1.19456570458
DS3.d253.s0.i0 1.0 1.21870672089
DS3.d253.s1.i0 1.0 0.87009932727
DS3.d253.s1.i1 1.0 0.999423898053
DS3.d253.s1.i2 1.0 -0.10659636331
DS3.d253.s1.i3 1.0 0.776196096527
DS3.d253.s1.i4 1.0 -0.367071469838
DS3.d253.s1.i5 1.0 0.764318556926
DS3.d253.s1.i6 1.0 -0.212377133654
DS3.d253.s1.i7 1.0 -0.14384366831
DS3.d253.s2.i0 1.0 2.20117493507
DS3.d261.s0.i0 1.0 0.573171603979
DS3.d262.s0.i0 -1 0.848655735004
DS3.d264.s0.i0 1.0 -1.02242732924
DS3.d264.s0.i1 1.0 -1.85364979812
DS3.d264.s1.i0 1.0 1.4348629985
DS3.d276.s0.i0 -1 -0.762677971451
DS3.d276.s0.i1 -1 -0.341775776914
DS3.d276.s0.i2 -1 -0.256370420509
DS3.d288.s0.i0 -1 -1.42586394002
DS3.d288.s0.i1 -1 -1.70746742537
DS3.d288.s0.i2 -1 -1.32862377683
DS3.d288.s0.i3 -1 -1.81351588873
DS3.d288.s0.i4 -1 -1.51079451095
DS3.d288.s0.i5 -1 -1.04568056002
DS3.d288.s0.i6 -1 -1.3822049515
DS3.d288.s0.i7 -1 -1.14097802053
DS3.d288.s0.i8 -1 -1.61684297431
DS3.d288.s1.i0 -1 -0.358597424256
DS3.d288.s1.i1 1.0 0.575884989746
DS3.d288.s1.i2 1.0 -0.258118298471
DS3.d288.s1.i3 -1 -2.74355351394
DS3.d293.s0.i0 1.0 0.0563160491697
DS3.d293.s0.i1 1.0 1.18196790352
DS3.d302.s0.i0 1.0 0.868700443316
DS3.d319.s0.i0 -1 -0.1276600523
DS3.d319.s0.i1 -1 0.436489395324
DS3.d327.s0.i0 1.0 1.78141353377
DS3.d341.s0.i0 1.0 2.95122500076
DS3.d341.s0.i1 1.0 2.69805842456
DS3.d341.s1.i0 1.0 1.2532468226
DS3.d341.s1.i1 1.0 0.322322898493
DS3.d341.s2.i0 1.0 0.214604827051
DS3.d341.s2.i1 1.0 -2.21018122375
DS3.d342.s0.i0 -1 1.05739147125
DS3.d342.s0.i1 -1 1.05739147125
DS3.d363.s0.i0 1.0 0.560014017281
DS3.d363.s0.i1 1.0 -0.187527776701
DS3.d367.s0.i0 1.0 1.56482772189
DS3.d367.s0.i1 -1 1.35851118438
DS3.d367.s0.i2 -1 1.25021607737
DS3.d374.s0.i0 1.0 0.622084503543
DS3.d374.s1.i0 1.0 1.72874518639
DS3.d374.s1.i1 1.0 1.22973478863
DS3.d379.s0.i0 -1 0.0817361838938
DS3.d379.s0.i1 -1 0.023914827685
DS3.d392.s0.i0 1.0 2.88232537488
DS3.d394.s0.i0 1.0 1.09749079262
DS3.d394.s0.i1 1.0 1.3350492959
DS3.d405.s0.i0 1.0 1.32819383501
DS3.d405.s0.i1 1.0 1.56510490953
DS3.d405.s1.i0 -1 -0.724254712848
DS3.d405.s1.i1 1.0 2.21679758679
DS3.d405.s1.i2 -1 -0.251111536177
DS3.d405.s1.i3 1.0 1.31062632303
DS3.d405.s2.i0 1.0 1.93111887644
DS3.d405.s2.i1 1.0 3.39850443309
DS3.d405.s3.i0 1.0 0.674063188713
DS3.d405.s3.i1 1.0 0.369412339405
DS3.d405.s4.i0 1.0 2.11899388322
DS3.d405.s4.i1 1.0 1.964123471
DS3.d405.s4.i2 1.0 2.11899388322
DS3.d414.s0.i0 1.0 0.620615321739
DS3.d414.s0.i1 1.0 0.493539816925
DS3.d419.s0.i0 -1 2.03124029285
DS3.d429.s0.i0 -1 -1.45312460006
DS3.d429.s0.i1 -1 -0.50850637683
DS3.d433.s0.i0 1.0 0.454075999156
DS3.d433.s1.i0 1.0 1.31233141773
DS3.d433.s1.i1 1.0 0.663424415067
DS3.d433.s1.i2 1.0 1.88218072578
DS3.d433.s1.i3 1.0 1.27962103135
DS3.d433.s2.i0 1.0 1.08278457609
DS3.d433.s3.i0 1.0 1.26083018761
DS3.d439.s0.i0 1.0 0.700969335233
DS3.d442.s0.i0 -1 -0.379074830347
DS3.d448.s0.i0 1.0 1.53713364594
DS3.d448.s0.i1 1.0 1.38574580031
DS3.d448.s1.i0 1.0 1.40493487527
DS3.d448.s1.i1 1.0 1.42296809598
DS3.d448.s1.i2 1.0 1.39297867125
DS3.d448.s1.i3 1.0 1.32014938537
DS3.d448.s2.i0 1.0 -0.254176413572
DS3.d448.s2.i1 1.0 0.117682296105
DS3.d448.s3.i0 1.0 1.31122309016
DS3.d448.s3.i1 1.0 0.809573159011
DS3.d455.s0.i0 1.0 -1.89100508395
DS3.d455.s0.i1 1.0 -2.18214760819
DS3.d462.s0.i0 1.0 -0.302834526977
DS3.d462.s0.i1 1.0 -0.345281102437
DS3.d470.s0.i0 1.0 -0.124136537763
DS3.d479.s0.i0 1.0 -0.828751976853
DS3.d483.s0.i0 -1 0.481075163741
DS3.d483.s1.i0 1.0 1.60071225592
DS3.d495.s0.i0 1.0 1.31172788488
DS3.d519.s0.i0 1.0 -0.835977004998
DS3.d519.s0.i1 1.0 -0.3293869786
DS3.d519.s0.i2 1.0 -0.584164456121
DS3.d519.s0.i3 1.0 -0.474593752499
DS3.d519.s1.i0 1.0 1.55206348912
DS3.d519.s2.i0 1.0 0.513473856659
DS3.d519.s2.i1 -1 0.196829730369
DS3.d524.s0.i0 -1 1.45438970042
DS3.d549.s0.i0 -1 -0.988986835877
DS3.d549.s0.i1 -1 -0.0764453513057
DS3.d549.s0.i2 -1 -0.810267838269
DS3.d549.s1.i0 1.0 -1.01094957974
DS3.d549.s1.i1 -1 -0.598400245161
DS3.d549.s2.i0 1.0 0.142814225118
DS3.d549.s2.i1 1.0 1.24163481667
DS3.d549.s3.i0 -1 0.348536367728
DS3.d549.s3.i1 1.0 -0.459525174149
DS3.d549.s3.i2 -1 0.0613314488151
DS3.d566.s0.i0 1.0 -0.520700110448
DS3.d566.s0.i1 1.0 -0.536985257947
DS3.d596.s0.i0 1.0 2.23134167278
DS3.d596.s0.i1 1.0 3.31722455353
DS3.d604.s0.i0 1.0 1.17092042357
DS3.d607.s0.i0 1.0 2.71374649778
DS3.d607.s0.i1 1.0 2.89644239327
DS3.d607.s0.i2 -1 2.28481170461
DS3.d608.s0.i0 1.0 0.634542530683
DS3.d608.s0.i1 1.0 0.632600026516
DS3.d608.s1.i0 1.0 1.05177756666
DS3.d608.s1.i1 1.0 1.08345746588
DS3.d611.s0.i0 1.0 0.511333768137
DS3.d619.s0.i0 1.0 2.06903886296
DS3.d630.s0.i0 -1 -0.237018643306
DS3.d630.s0.i1 -1 -0.72187690963
DS3.d667.s0.i0 1.0 1.00099707657
DS3.d671.s0.i0 1.0 3.12719370861
DS3.d671.s0.i1 1.0 1.56675806333
DS3.d671.s0.i2 1.0 1.79055250919
DS3.d673.s0.i0 1.0 1.78530045679
DS3.d678.s0.i0 -1 -1.12301617908
DS3.d678.s0.i1 -1 -0.782337036841
DS3.d678.s0.i2 -1 -0.638656344939
DS3.d678.s0.i3 -1 -0.96255951698
DS3.d702.s0.i0 1.0 0.486947269282
DS3.d702.s0.i1 1.0 1.14796908412
DS3.d702.s0.i2 1.0 0.314816777115
DS3.d705.s0.i0 1.0 1.17280203673
DS3.d706.s0.i0 1.0 0.0248455970934
DS3.d707.s0.i0 1.0 -1.18847903553
DS3.d707.s0.i1 1.0 -0.935375615513
DS3.d707.s1.i0 1.0 -0.388690483099
DS3.d710.s0.i0 -1 -1.02847876156
DS3.d715.s0.i0 1.0 0.811215477629
DS3.d743.s0.i0 1.0 2.01140912757
DS3.d752.s0.i0 1.0 -0.163533051363
DS3.d756.s0.i0 1.0 0.53037300986
DS3.d756.s0.i1 1.0 0.662863619227
DS3.d766.s0.i0 -1 1.53791410207
DS3.d766.s0.i1 -1 0.455096921078
DS3.d766.s0.i2 -1 1.98001737212
DS3.d766.s0.i3 -1 1.1426334265
DS3.d768.s0.i0 1.0 0.819097788664
DS3.d768.s0.i1 1.0 0.884814581391
DS3.d790.s0.i0 -1 -0.147059038617
DS3.d790.s0.i1 -1 1.1785853034
DS3.d812.s0.i0 -1 -0.962551853992
DS3.d812.s0.i1 -1 -0.542219280306
DS3.d812.s0.i2 -1 -0.679735955144
DS3.d818.s0.i0 1.0 0.104189412374
DS3.d818.s0.i1 1.0 0.104189412374
DS3.d818.s0.i2 1.0 0.544662941875
DS3.d818.s0.i3 1.0 0.213886765555
DS3.d818.s1.i0 1.0 0.678466760878
DS3.d818.s1.i1 1.0 1.26179427807
DS3.d818.s1.i2 1.0 0.678466760878
DS3.d818.s1.i3 1.0 0.678466760878
DS3.d818.s1.i4 1.0 1.26179427807
DS3.d818.s1.i5 1.0 1.26179427807
DS3.d818.s2.i0 1.0 3.02396604522
DS3.d818.s2.i1 1.0 2.44900644955
DS3.d818.s2.i2 1.0 2.44900644955
DS3.d818.s2.i3 1.0 3.02396604522
DS3.d818.s2.i4 1.0 3.02396604522
DS3.d818.s2.i5 1.0 2.44900644955
DS3.d818.s3.i0 1.0 1.40201847158
DS3.d818.s3.i1 1.0 1.40201847158
DS3.d818.s3.i2 1.0 1.40201847158
DS3.d840.s0.i0 1.0 1.32547872092
DS3.d840.s0.i1 1.0 1.13260750835
DS3.d878.s0.i0 1.0 0.907319496376
DS3.d878.s1.i0 1.0 1.54065940764
DS3.d884.s0.i0 1.0 1.43426935951
DS3.d884.s1.i0 1.0 0.109231436665
DS3.d886.s0.i0 -1 -0.99841861122
DS3.d886.s0.i1 1.0 -0.366265985364
DS3.d886.s0.i2 1.0 -0.555592401688
DS3.d886.s0.i3 -1 -0.542201971193
DS3.d886.s0.i4 1.0 -0.564168468211
DS3.d887.s0.i0 1.0 -0.0616388439401
DS3.d887.s0.i1 1.0 0.062761577913
DS3.d894.s0.i0 1.0 -0.320439081963
DS3.d894.s0.i1 1.0 -0.336171427478
DS3.d908.s0.i0 1.0 1.4696978325
DS3.d908.s1.i0 1.0 0.619415156188
DS3.d908.s1.i1 1.0 0.9592375481
DS3.d908.s1.i2 1.0 0.720516646402
DS3.d916.s0.i0 -1 -1.87602598788
DS3.d916.s0.i1 -1 -1.09826038068
DS3.d930.s0.i0 -1 -0.309127087314
DS3.d930.s0.i1 -1 -0.864060246646
DS3.d930.s0.i2 -1 -0.862491800104
DS3.d936.s0.i0 1.0 0.0608867301309
DS3.d937.s0.i0 1.0 0.0312329127572
DS3.d937.s0.i1 1.0 0.497186500545
DS3.d948.s0.i0 1.0 -0.328924890152
DS3.d948.s0.i1 1.0 0.207081603192
DS3.d948.s0.i2 1.0 -0.0986007121401
DS3.d948.s0.i3 1.0 0.137750020208
DS3.d948.s0.i4 1.0 -0.328924890152
DS3.d948.s0.i5 1.0 0.137750020208
DS3.d955.s0.i0 -1 -1.74855610338
DS3.d955.s0.i1 -1 -0.30850951756
DS3.d955.s1.i0 -1 -1.69954988988
DS3.d955.s1.i1 -1 -0.622564764101
DS3.d959.s0.i0 -1 0.201291244466
DS3.d959.s0.i1 -1 0.435919670756
DS3.d959.s1.i0 -1 1.32656964804
DS3.d962.s0.i0 1.0 0.541395506673
DS3.d962.s0.i1 1.0 0.170393263776
DS3.d962.s0.i2 1.0 0.765859354625
DS3.d962.s0.i3 1.0 0.0468283211474
DS3.d988.s0.i0 -1 -0.81840299354
DS3.d1008.s0.i0 -1 -0.896016262
DS3.d1008.s0.i1 -1 -0.617636646583
DS3.d1008.s1.i0 -1 0.443153138285
DS3.d1025.s0.i0 1.0 1.12310230061
DS3.d1025.s0.i1 -1 0.706530695484
DS3.d1049.s0.i0 -1 -1.01591772624
DS3.d1050.s0.i0 1.0 -1.22387917381
DS3.d1050.s0.i1 1.0 -0.502413969707
DS3.d1099.s0.i0 1.0 -0.074070327932
DS3.d1100.s0.i0 1.0 -0.0609545880626
DS3.d1115.s0.i0 1.0 -0.625146560858
DS3.d1115.s1.i0 -1 -1.21552669799
DS3.d1115.s1.i1 -1 -1.31229656736
DS3.d1115.s1.i2 -1 -1.48692160508
DS3.d1115.s1.i3 -1 -1.49610054919
DS3.d1119.s0.i0 1.0 1.13783940596
DS3.d1120.s0.i0 1.0 -0.138119376428
DS3.d1120.s0.i1 -1 -1.28239246807
DS3.d1120.s0.i2 -1 -0.603835258995
DS3.d1120.s0.i3 -1 -0.642448930335
DS3.d1120.s0.i4 1.0 -0.0737704875064
DS3.d1120.s0.i5 1.0 -0.110311328606
DS3.d1120.s0.i6 -1 -1.5715038514
DS3.d1120.s0.i7 1.0 -0.130750315838
DS3.d1125.s0.i0 -1 -0.200829300009
DS3.d1125.s1.i0 1.0 1.12333194743
DS3.d1140.s0.i0 -1 -0.114530196251
DS3.d1140.s0.i1 -1 -0.7018964693
DS3.d1140.s0.i2 -1 -0.300917536403
DS3.d1140.s0.i3 -1 -0.746270007178
DS3.d1163.s0.i0 1.0 0.034696329297
DS3.d1163.s0.i1 1.0 0.0643443696128
DS3.d1163.s0.i2 -1 -1.22302255609
DS3.d1163.s1.i0 1.0 1.10538381588
DS3.d1189.s0.i0 1.0 1.31307979245
DS3.d1195.s0.i0 -1 0.252645004868
DS3.d1200.s0.i0 -1 0.86603198765
DS3.d1207.s0.i0 1.0 -0.125427877276
DS3.d1207.s1.i0 1.0 -0.421902560813
DS3.d1251.s0.i0 1.0 1.43346139796
DS3.d1262.s0.i0 -1 1.51602227134
DS3.d1262.s0.i1 1.0 1.39125520607
DS3.d1262.s1.i0 1.0 -1.15759526026
DS3.d1262.s1.i1 1.0 0.025835343682
DS3.d1263.s0.i0 -1 -1.68925980819
DS3.d1263.s0.i1 -1 1.54530080065
DS3.d1274.s0.i0 1.0 -0.11465635943
DS3.d1274.s0.i1 1.0 0.314789207744
DS3.d1274.s1.i0 1.0 1.29871036138
DS3.d1274.s1.i1 1.0 1.02581348663
DS3.d1288.s0.i0 -1 0.725739520845
DS3.d1288.s0.i1 -1 0.51704044633
DS3.d1288.s0.i2 -1 0.622565392442
DS3.d1288.s0.i3 -1 0.664276563779
DS3.d1294.s0.i0 -1 -0.46208734044
DS3.d1294.s0.i1 -1 -0.92173911895
DS3.d1297.s0.i0 1.0 1.09509510031
DS3.d1301.s0.i0 1.0 0.470221419546
DS3.d1301.s0.i1 1.0 0.293956817195
DS3.d1301.s0.i2 1.0 0.263264500172
DS3.d1301.s0.i3 1.0 0.652221632627
DS3.d1301.s0.i4 1.0 0.293956817195
DS3.d1301.s0.i5 1.0 0.263264500172
DS3.d1313.s0.i0 -1 0.501626134431
DS3.d1324.s0.i0 -1 -1.65929931851
DS3.d1324.s1.i0 1.0 -1.12457344346
DS3.d1324.s1.i1 1.0 -1.086511004
DS3.d1324.s2.i0 -1 -1.33702728542
DS3.d1332.s0.i0 1.0 -0.566043440659
DS3.d1332.s0.i1 1.0 -0.354943268624
DS3.d1332.s1.i0 -1 0.0729499392116
DS3.d1332.s1.i1 -1 0.00810140105296
DS3.d1336.s0.i0 -1 -1.51074588475
DS3.d1339.s0.i0 1.0 0.00990814391975
DS3.d1353.s0.i0 1.0 2.07214568985
DS3.d1362.s0.i0 1.0 0.690365539438
DS3.d1362.s1.i0 -1 -0.524582334143
DS3.d1373.s0.i0 1.0 0.582420083032
DS3.d1373.s1.i0 1.0 0.324469044699
DS3.d1373.s1.i1 1.0 0.324469044699
DS3.d1389.s0.i0 1.0 0.568020677996
DS3.d1389.s0.i1 1.0 0.670642109313
DS3.d1392.s0.i0 -1 -0.726909159137
DS3.d1394.s0.i0 -1 -1.70302065511
DS3.d1409.s0.i0 -1 1.71571398088
DS3.d1409.s0.i1 -1 1.12965661093
DS3.d1409.s0.i2 -1 0.823244918194
DS3.d1409.s0.i3 -1 0.71911681083
DS3.d1412.s0.i0 1.0 1.06118028539
DS3.d1412.s1.i0 1.0 2.29410498559
DS3.d1421.s0.i0 1.0 0.632633978539
DS3.d1421.s1.i0 1.0 1.04880010147
DS3.d1426.s0.i0 1.0 1.39586166848
DS3.d1426.s0.i1 1.0 1.66233858255
DS3.d1449.s0.i0 1.0 0.113679926102
DS3.d1475.s0.i0 -1 -1.57389261575
DS3.d1476.s0.i0 -1 -2.10358633804
DS3.d1493.s0.i0 1.0 1.25053395818
DS3.d1493.s1.i0 1.0 1.09421431123
DS3.d1493.s1.i1 1.0 1.04438523722
DS3.d1493.s1.i2 1.0 1.04438523722
DS3.d1499.s0.i0 -1 -0.962163391568
DS3.d1499.s1.i0 1.0 1.23544155105
DS3.d1506.s0.i0 1.0 -0.192708005907
DS3.d1506.s1.i0 1.0 -0.0907507417
DS3.d1506.s2.i0 1.0 2.24992060508
DS3.d1506.s3.i0 1.0 1.11326942727
DS3.d1506.s4.i0 1.0 1.6590380866
DS3.d1535.s0.i0 -1 0.498714772211
DS3.d1545.s0.i0 1.0 0.770862295092
DS3.d1545.s0.i1 1.0 1.429491802
DS3.d1548.s0.i0 -1 -0.805225323481
DS3.d1548.s0.i1 -1 -1.10043197526
DS3.d1550.s0.i0 1.0 0.523486251101
DS3.d1550.s0.i1 1.0 1.56220187624
DS3.d1550.s0.i2 1.0 -0.258220998615
DS3.d1550.s0.i3 1.0 0.585570038596
DS3.d1550.s0.i4 1.0 0.816165786973
DS3.d1550.s1.i0 1.0 1.90959153716
DS3.d1550.s1.i1 -1 1.71816507785
DS3.d1560.s0.i0 1.0 -0.426386362166
DS3.d1560.s0.i1 1.0 -0.763873659945
DS3.d1572.s0.i0 1.0 0.771998927401
DS3.d1572.s0.i1 1.0 1.03436558444
DS3.d1575.s0.i0 1.0 0.760664294494
DS3.d1575.s0.i1 1.0 -0.29941097342
DS3.d1575.s0.i2 1.0 0.871524787467
DS3.d1579.s0.i0 -1 -0.720438099405
DS3.d1579.s0.i1 -1 -1.60374012687
DS3.d1579.s0.i2 -1 -0.814705314074
DS3.d1579.s0.i3 -1 -0.807460778042
DS3.d1608.s0.i0 1.0 -1.69012974434
DS3.d1608.s1.i0 -1 -0.492755984808
DS3.d1608.s2.i0 -1 1.99790127372
DS3.d1608.s2.i1 -1 2.53866144666
DS3.d1608.s3.i0 1.0 -1.34262791341
DS3.d1619.s0.i0 -1 -0.520428399932
DS3.d1626.s0.i0 1.0 1.61767182021
DS3.d1637.s0.i0 -1 -1.45219318233
DS3.d1637.s0.i1 -1 -0.295628374896
DS3.d1637.s1.i0 -1 -1.37615129671
DS3.d1637.s1.i1 -1 -1.15221192078
DS3.d1646.s0.i0 1.0 -0.0252588678833
DS3.d1661.s0.i0 1.0 1.01494399222
DS3.d1661.s0.i1 1.0 1.01494399222
DS3.d1662.s0.i0 1.0 0.567899307035
DS3.d1662.s0.i1 1.0 0.50191510622
DS3.d1671.s0.i0 1.0 0.980810064631
DS3.d1675.s0.i0 -1 1.00506386561
DS3.d1675.s0.i1 -1 1.37983650441
DS3.d1675.s0.i2 -1 1.29773576744
DS3.d1675.s0.i3 -1 1.14083167337
DS3.d1678.s0.i0 1.0 1.37648263622
DS3.d1678.s1.i0 1.0 -0.290024469026
DS3.d1678.s1.i1 1.0 0.16745002047
DS3.d1678.s1.i2 1.0 0.273230790814
DS3.d1683.s0.i0 1.0 0.909505381941
DS3.d1683.s0.i1 1.0 0.89065794334
DS3.d1683.s1.i0 1.0 2.03081432025
DS3.d1683.s1.i1 1.0 2.03081432025
DS3.d1693.s0.i0 1.0 1.3850565814
DS3.d1705.s0.i0 -1 0.687924025713
DS3.d1705.s0.i1 -1 0.00609516688646
DS3.d1707.s0.i0 -1 -0.000757319354632
DS3.d1713.s0.i0 -1 1.13375366618
DS3.d1713.s0.i1 1.0 2.30030377805
DS3.d1726.s0.i0 1.0 0.145813546412
DS3.d1726.s0.i1 1.0 0.47418963709
DS3.d1726.s0.i2 1.0 0.138153440756
DS3.d1726.s0.i3 1.0 0.222704982023
DS3.d1726.s0.i4 1.0 0.210036069128
DS3.d1726.s0.i5 1.0 0.178938819767
DS3.d1726.s0.i6 1.0 0.263490361036
DS3.d1726.s0.i7 1.0 0.2945876104
DS3.d1726.s1.i0 1.0 0.970249411401
DS3.d1726.s1.i1 1.0 0.199766421552
DS3.d1726.s2.i0 1.0 2.38505154494
DS3.d1726.s2.i1 1.0 2.38505154494
DS3.d1737.s0.i0 1.0 2.15608020794
DS3.d1765.s0.i0 1.0 0.00186649457397
DS3.d1765.s0.i1 1.0 0.163527697789
DS3.d1774.s0.i0 1.0 1.21502723862
DS3.d1777.s0.i0 -1 -0.601173286612
DS3.d1784.s0.i0 1.0 0.833012186041
DS3.d1784.s0.i1 1.0 0.847243631593
DS3.d1784.s0.i2 1.0 0.00680726305941
DS3.d1784.s0.i3 1.0 -0.271829229762
DS3.d1788.s0.i0 1.0 2.3264187403
DS3.d1788.s0.i1 1.0 2.31143247718
DS3.d1797.s0.i0 1.0 -0.0260571843959
DS3.d1797.s0.i1 1.0 0.510973206867
DS3.d1800.s0.i0 -1 -0.279235159884
DS3.d1800.s0.i1 1.0 0.557364007895
DS3.d1800.s0.i2 1.0 -0.750182375358
DS3.d1801.s0.i0 1.0 0.676279846645
DS3.d1808.s0.i0 1.0 2.11456630576
DS3.d1808.s0.i1 1.0 2.11456630576
DS3.d1808.s1.i0 1.0 -0.432604152534
DS3.d1808.s1.i1 1.0 0.184848856152
DS3.d1808.s1.i2 1.0 0.614097643543
DS3.d1808.s1.i3 1.0 0.614097643543
DS3.d1808.s1.i4 1.0 0.849968458264
DS3.d1808.s1.i5 1.0 0.849968458264
DS3.d1809.s0.i0 1.0 0.863452086482
DS3.d1809.s0.i1 1.0 0.365617071479
DS3.d1813.s0.i0 1.0 1.63591752702
DS3.d1813.s1.i0 1.0 1.34935317321
DS3.d1813.s2.i0 1.0 0.455729223184
DS3.d1817.s0.i0 1.0 0.234279336485
DS3.d1817.s1.i0 1.0 0.872956880498
DS3.d1817.s2.i0 1.0 1.59167580354
DS3.d1824.s0.i0 1.0 1.87664477982
DS3.d1824.s0.i1 1.0 2.26186771683
DS3.d1830.s0.i0 -1 -0.428046007456
DS3.d1837.s0.i0 1.0 1.57271087854
DS3.d1837.s0.i1 1.0 0.488472282231
DS3.d1837.s1.i0 1.0 0.267209445576
DS3.d1837.s1.i1 1.0 0.267209445576
DS3.d1849.s0.i0 1.0 1.32981837573
DS3.d1860.s0.i0 -1 -1.19584663345
DS3.d1865.s0.i0 1.0 1.08700942558
DS3.d1883.s0.i0 1.0 1.21594329987
DS3.d1883.s0.i1 1.0 1.05120872888
