DS3.d1.s0.i0 1.0 0.887166515957
DS3.d18.s0.i0 1.0 1.10349434358
DS3.d19.s0.i0 1.0 1.70906045885
DS3.d19.s0.i1 1.0 1.78746216987
DS3.d24.s0.i0 -1 -1.08910289057
DS3.d24.s1.i0 1.0 -0.363535537248
DS3.d52.s0.i0 1.0 -0.102781632915
DS3.d52.s1.i0 1.0 1.6451140053
DS3.d52.s2.i0 1.0 1.12756419109
DS3.d73.s0.i0 -1 0.249896161413
DS3.d73.s0.i1 -1 -0.720654271465
DS3.d77.s0.i0 1.0 1.19519158788
DS3.d77.s0.i1 -1 1.08629917642
DS3.d83.s0.i0 1.0 -0.191307207907
DS3.d94.s0.i0 -1 -0.502734320806
DS3.d94.s1.i0 -1 -0.623894948055
DS3.d94.s1.i1 -1 -0.491144650133
DS3.d94.s1.i2 -1 -0.0921066080628
DS3.d94.s2.i0 -1 -0.259004955641
DS3.d96.s0.i0 -1 1.05264551131
DS3.d96.s0.i1 1.0 -0.0957635508286
DS3.d96.s0.i2 -1 1.07628008838
DS3.d96.s0.i3 1.0 -0.10271683869
DS3.d96.s1.i0 1.0 1.2173115048
DS3.d96.s1.i1 1.0 0.83237657871
DS3.d97.s0.i0 1.0 1.2213103256
DS3.d116.s0.i0 1.0 1.48040274576
DS3.d116.s0.i1 1.0 1.94592213032
DS3.d116.s0.i2 1.0 1.64029863387
DS3.d129.s0.i0 1.0 1.37180919324
DS3.d143.s0.i0 1.0 0.191447903979
DS3.d143.s0.i1 1.0 -0.0651759644524
DS3.d143.s0.i2 1.0 -0.193963551739
DS3.d143.s0.i3 1.0 -0.17430660594
DS3.d148.s0.i0 -1 -1.10857282369
DS3.d148.s0.i1 -1 -1.4849327402
DS3.d148.s0.i2 1.0 0.890997391491
DS3.d148.s0.i3 -1 -0.797682611119
DS3.d148.s0.i4 -1 -1.60048791121
DS3.d148.s0.i5 -1 -1.14917671567
DS3.d148.s0.i6 -1 -1.21676523308
DS3.d148.s0.i7 -1 -1.37746547574
DS3.d148.s0.i8 -1 -0.535361826485
DS3.d148.s0.i9 1.0 0.894003537399
DS3.d148.s0.i10 -1 -1.43130646848
DS3.d148.s0.i11 1.0 0.638850211929
DS3.d148.s0.i12 -1 -0.763650586549
DS3.d148.s0.i13 1.0 1.09384652806
DS3.d148.s0.i14 -1 -1.39773529644
DS3.d148.s0.i15 -1 -1.22694302727
DS3.d148.s0.i16 -1 -1.41149750031
DS3.d148.s0.i17 1.0 1.06407162578
DS3.d148.s0.i18 -1 -1.84364635208
DS3.d148.s0.i19 1.0 0.814716920136
DS3.d148.s0.i20 1.0 0.368311624213
DS3.d148.s0.i21 -1 -1.20544766325
DS3.d148.s0.i22 1.0 0.781432097834
DS3.d148.s0.i23 -1 -1.80762714052
DS3.d148.s0.i24 1.0 1.02190521743
DS3.d148.s0.i25 -1 -0.602950343892
DS3.d148.s0.i26 -1 -0.882444584653
DS3.d148.s1.i0 -1 -0.984551120069
DS3.d148.s1.i1 1.0 1.29697281185
DS3.d148.s1.i2 -1 -1.25613462845
DS3.d148.s1.i3 -1 -1.02077295994
DS3.d148.s1.i4 1.0 1.79014766879
DS3.d148.s1.i5 -1 0.375758098384
DS3.d148.s1.i6 -1 -0.626419758837
DS3.d148.s1.i7 -1 -0.393533213329
DS3.d185.s0.i0 1.0 0.463432245968
DS3.d185.s0.i1 1.0 1.15115025883
DS3.d185.s1.i0 1.0 1.63726391655
DS3.d204.s0.i0 1.0 1.12130167584
DS3.d204.s0.i1 1.0 0.0432535213035
DS3.d209.s0.i0 -1 1.48278984587
DS3.d209.s0.i1 -1 -0.559014929371
DS3.d209.s0.i2 -1 -0.800282404871
DS3.d209.s1.i0 -1 0.301726880883
DS3.d209.s1.i1 -1 0.541255139114
DS3.d209.s1.i2 -1 -0.294781092675
DS3.d212.s0.i0 -1 -0.658570853069
DS3.d226.s0.i0 1.0 0.515804936773
DS3.d241.s0.i0 1.0 1.04987337136
DS3.d241.s1.i0 1.0 -0.289446841568
DS3.d244.s0.i0 1.0 1.02115970521
DS3.d244.s0.i1 1.0 1.20386745255
DS3.d244.s1.i0 1.0 1.59081341045
DS3.d253.s0.i0 1.0 1.2739567065
DS3.d253.s1.i0 1.0 0.761282664824
DS3.d253.s1.i1 1.0 0.840192843474
DS3.d253.s1.i2 1.0 -0.122953430126
DS3.d253.s1.i3 1.0 0.890419412973
DS3.d253.s1.i4 1.0 -0.145495324297
DS3.d253.s1.i5 1.0 0.846937088273
DS3.d253.s1.i6 1.0 -0.0362964439352
DS3.d253.s1.i7 1.0 -0.157081116871
DS3.d253.s2.i0 1.0 2.06743159255
DS3.d261.s0.i0 1.0 1.35335552642
DS3.d262.s0.i0 -1 0.371045859709
DS3.d264.s0.i0 1.0 -0.352413921913
DS3.d264.s0.i1 1.0 -0.647199296829
DS3.d264.s1.i0 1.0 1.75717774427
DS3.d276.s0.i0 -1 -0.673136666213
DS3.d276.s0.i1 -1 -0.186228580012
DS3.d276.s0.i2 -1 -0.439149410239
DS3.d288.s0.i0 -1 -0.304344996011
DS3.d288.s0.i1 -1 -0.256531211531
DS3.d288.s0.i2 -1 -0.980934011024
DS3.d288.s0.i3 -1 -0.492054683306
DS3.d288.s0.i4 -1 -0.268050260735
DS3.d288.s0.i5 -1 -0.495655665801
DS3.d288.s0.i6 -1 -0.406858010721
DS3.d288.s0.i7 -1 -0.486225795305
DS3.d288.s0.i8 -1 -0.56666928739
DS3.d288.s1.i0 -1 0.382288336984
DS3.d288.s1.i1 1.0 1.02528908151
DS3.d288.s1.i2 1.0 0.30230637983
DS3.d288.s1.i3 -1 -1.41439180647
DS3.d293.s0.i0 1.0 0.697096607122
DS3.d293.s0.i1 1.0 1.05690315229
DS3.d302.s0.i0 1.0 1.8535836179
DS3.d319.s0.i0 -1 0.356521590291
DS3.d319.s0.i1 -1 0.739110048071
DS3.d327.s0.i0 1.0 1.24858629118
DS3.d341.s0.i0 1.0 2.15992041257
DS3.d341.s0.i1 1.0 2.43750871827
DS3.d341.s1.i0 1.0 1.26458947551
DS3.d341.s1.i1 1.0 0.448889879761
DS3.d341.s2.i0 1.0 0.548650805729
DS3.d341.s2.i1 1.0 -1.23262788702
DS3.d342.s0.i0 -1 0.898199121679
DS3.d342.s0.i1 -1 0.898199121679
DS3.d363.s0.i0 1.0 0.731598046533
DS3.d363.s0.i1 1.0 0.228507730854
DS3.d367.s0.i0 1.0 0.642901649361
DS3.d367.s0.i1 -1 0.483498582817
DS3.d367.s0.i2 -1 0.883694806976
DS3.d374.s0.i0 1.0 0.651867769482
DS3.d374.s1.i0 1.0 1.64767351722
DS3.d374.s1.i1 1.0 1.36986560164
DS3.d379.s0.i0 -1 -0.493376437086
DS3.d379.s0.i1 -1 -0.662809639692
DS3.d392.s0.i0 1.0 2.39884098638
DS3.d394.s0.i0 1.0 0.763798876908
DS3.d394.s0.i1 1.0 0.921716167943
DS3.d405.s0.i0 1.0 1.48092212222
DS3.d405.s0.i1 1.0 1.80156832328
DS3.d405.s1.i0 -1 -0.604313117818
DS3.d405.s1.i1 1.0 2.46023517487
DS3.d405.s1.i2 -1 -0.0895880812936
DS3.d405.s1.i3 1.0 1.19271186979
DS3.d405.s2.i0 1.0 1.3355491019
DS3.d405.s2.i1 1.0 2.54038031593
DS3.d405.s3.i0 1.0 1.0879946929
DS3.d405.s3.i1 1.0 0.71000092739
DS3.d405.s4.i0 1.0 1.85875828914
DS3.d405.s4.i1 1.0 1.74699501435
DS3.d405.s4.i2 1.0 1.85875828914
DS3.d414.s0.i0 1.0 0.679343174937
DS3.d414.s0.i1 1.0 0.953495537392
DS3.d419.s0.i0 -1 1.64994599901
DS3.d429.s0.i0 -1 -0.610004091968
DS3.d429.s0.i1 -1 0.38719796966
DS3.d433.s0.i0 1.0 0.79726241652
DS3.d433.s1.i0 1.0 1.04253004307
DS3.d433.s1.i1 1.0 0.839538443544
DS3.d433.s1.i2 1.0 1.63279949856
DS3.d433.s1.i3 1.0 1.24180326601
DS3.d433.s2.i0 1.0 0.77430092903
DS3.d433.s3.i0 1.0 1.38512499158
DS3.d439.s0.i0 1.0 0.362945104654
DS3.d442.s0.i0 -1 0.341107824857
DS3.d448.s0.i0 1.0 1.24814814093
DS3.d448.s0.i1 1.0 1.38170808984
DS3.d448.s1.i0 1.0 1.43662555992
DS3.d448.s1.i1 1.0 1.64434457485
DS3.d448.s1.i2 1.0 1.49662934032
DS3.d448.s1.i3 1.0 1.6569378132
DS3.d448.s2.i0 1.0 -0.224471501848
DS3.d448.s2.i1 1.0 -0.192341559298
DS3.d448.s3.i0 1.0 1.53154777393
DS3.d448.s3.i1 1.0 0.641513275159
DS3.d455.s0.i0 1.0 -1.4174772634
DS3.d455.s0.i1 1.0 -1.66917111737
DS3.d462.s0.i0 1.0 -0.153970864294
DS3.d462.s0.i1 1.0 0.0975812531
DS3.d470.s0.i0 1.0 0.566108483584
DS3.d479.s0.i0 1.0 -0.218018866197
DS3.d483.s0.i0 -1 0.738434271792
DS3.d483.s1.i0 1.0 2.01307202872
DS3.d495.s0.i0 1.0 1.03645656649
DS3.d519.s0.i0 1.0 -0.183293362369
DS3.d519.s0.i1 1.0 0.0278318332136
DS3.d519.s0.i2 1.0 -0.123002497696
DS3.d519.s0.i3 1.0 0.0201283417117
DS3.d519.s1.i0 1.0 1.25884367163
DS3.d519.s2.i0 1.0 0.695459331493
DS3.d519.s2.i1 -1 0.331691158441
DS3.d524.s0.i0 -1 1.27219476301
DS3.d549.s0.i0 -1 -0.647934641955
DS3.d549.s0.i1 -1 -0.247100715096
DS3.d549.s0.i2 -1 -0.663379403903
DS3.d549.s1.i0 1.0 -0.0554856794006
DS3.d549.s1.i1 -1 0.123192083601
DS3.d549.s2.i0 1.0 -0.0277938820954
DS3.d549.s2.i1 1.0 0.497201782095
DS3.d549.s3.i0 -1 0.659477861594
DS3.d549.s3.i1 1.0 0.283612842268
DS3.d549.s3.i2 -1 0.329327089478
DS3.d566.s0.i0 1.0 -0.0673725048431
DS3.d566.s0.i1 1.0 -0.0168529796518
DS3.d596.s0.i0 1.0 2.24405858144
DS3.d596.s0.i1 1.0 2.90294515989
DS3.d604.s0.i0 1.0 0.635790391599
DS3.d607.s0.i0 1.0 1.59527602606
DS3.d607.s0.i1 1.0 1.72771342731
DS3.d607.s0.i2 -1 1.71452569113
DS3.d608.s0.i0 1.0 0.980539212505
DS3.d608.s0.i1 1.0 0.888988807656
DS3.d608.s1.i0 1.0 1.06797422729
DS3.d608.s1.i1 1.0 1.12131478442
DS3.d611.s0.i0 1.0 1.68797451777
DS3.d619.s0.i0 1.0 1.45912177609
DS3.d630.s0.i0 -1 0.203452760883
DS3.d630.s0.i1 -1 -0.608160065749
DS3.d667.s0.i0 1.0 0.95807094606
DS3.d671.s0.i0 1.0 3.12130706168
DS3.d671.s0.i1 1.0 2.01172313002
DS3.d671.s0.i2 1.0 1.95317632225
DS3.d673.s0.i0 1.0 1.90755898864
DS3.d678.s0.i0 -1 -0.946473810929
DS3.d678.s0.i1 -1 -0.430169722485
DS3.d678.s0.i2 -1 -0.65319191897
DS3.d678.s0.i3 -1 -0.866325215355
DS3.d702.s0.i0 1.0 1.15425731976
DS3.d702.s0.i1 1.0 1.36653804351
DS3.d702.s0.i2 1.0 1.1236673514
DS3.d705.s0.i0 1.0 0.963551702073
DS3.d706.s0.i0 1.0 0.211818377096
DS3.d707.s0.i0 1.0 -0.249636501436
DS3.d707.s0.i1 1.0 0.115084926289
DS3.d707.s1.i0 1.0 0.113043111723
DS3.d710.s0.i0 -1 -0.526583510174
DS3.d715.s0.i0 1.0 1.39177529726
DS3.d743.s0.i0 1.0 1.31897251794
DS3.d752.s0.i0 1.0 0.491101784029
DS3.d756.s0.i0 1.0 0.456723610895
DS3.d756.s0.i1 1.0 0.0714331770577
DS3.d766.s0.i0 -1 1.94067858872
DS3.d766.s0.i1 -1 1.27007633722
DS3.d766.s0.i2 -1 2.03524229395
DS3.d766.s0.i3 -1 1.65142331094
DS3.d768.s0.i0 1.0 0.81533806044
DS3.d768.s0.i1 1.0 0.749937520054
DS3.d790.s0.i0 -1 0.420266827034
DS3.d790.s0.i1 -1 0.696124766942
DS3.d812.s0.i0 -1 -0.771300413965
DS3.d812.s0.i1 -1 -0.758012958565
DS3.d812.s0.i2 -1 -0.497486335655
DS3.d818.s0.i0 1.0 0.0442326118609
DS3.d818.s0.i1 1.0 0.0442326118609
DS3.d818.s0.i2 1.0 0.247424671842
DS3.d818.s0.i3 1.0 0.0763085720335
DS3.d818.s1.i0 1.0 0.917469621475
DS3.d818.s1.i1 1.0 1.26014326185
DS3.d818.s1.i2 1.0 0.917469621475
DS3.d818.s1.i3 1.0 0.917469621475
DS3.d818.s1.i4 1.0 1.26014326185
DS3.d818.s1.i5 1.0 1.26014326185
DS3.d818.s2.i0 1.0 2.19237128016
DS3.d818.s2.i1 1.0 1.89557475152
DS3.d818.s2.i2 1.0 1.89557475152
DS3.d818.s2.i3 1.0 2.19237128016
DS3.d818.s2.i4 1.0 2.19237128016
DS3.d818.s2.i5 1.0 1.89557475152
DS3.d818.s3.i0 1.0 1.21410979842
DS3.d818.s3.i1 1.0 1.21410979842
DS3.d818.s3.i2 1.0 1.21410979842
DS3.d840.s0.i0 1.0 0.766282287761
DS3.d840.s0.i1 1.0 0.978371238938
DS3.d878.s0.i0 1.0 0.759101112236
DS3.d878.s1.i0 1.0 1.34905877273
DS3.d884.s0.i0 1.0 1.11824468764
DS3.d884.s1.i0 1.0 0.53865562165
DS3.d886.s0.i0 -1 -0.0497101408019
DS3.d886.s0.i1 1.0 0.438257256926
DS3.d886.s0.i2 1.0 -0.495919863603
DS3.d886.s0.i3 -1 0.0615288053203
DS3.d886.s0.i4 1.0 0.244051534622
DS3.d887.s0.i0 1.0 0.482137758916
DS3.d887.s0.i1 1.0 0.60902423473
DS3.d894.s0.i0 1.0 -0.386591956135
DS3.d894.s0.i1 1.0 -0.426292569395
DS3.d908.s0.i0 1.0 1.48546554331
DS3.d908.s1.i0 1.0 0.662432917654
DS3.d908.s1.i1 1.0 0.308707791095
DS3.d908.s1.i2 1.0 0.497720626971
DS3.d916.s0.i0 -1 -1.04359321102
DS3.d916.s0.i1 -1 -0.24337214948
DS3.d930.s0.i0 -1 0.194137314793
DS3.d930.s0.i1 -1 -0.689660683513
DS3.d930.s0.i2 -1 -0.614233786382
DS3.d936.s0.i0 1.0 0.536309334152
DS3.d937.s0.i0 1.0 0.211630284052
DS3.d937.s0.i1 1.0 0.0732230225408
DS3.d948.s0.i0 1.0 0.280130396828
DS3.d948.s0.i1 1.0 0.0925462978232
DS3.d948.s0.i2 1.0 0.212543974177
DS3.d948.s0.i3 1.0 0.241033405958
DS3.d948.s0.i4 1.0 0.280130396828
DS3.d948.s0.i5 1.0 0.241033405958
DS3.d955.s0.i0 -1 -1.74717541339
DS3.d955.s0.i1 -1 -0.217005645256
DS3.d955.s1.i0 -1 -1.76589259386
DS3.d955.s1.i1 -1 -0.409071404032
DS3.d959.s0.i0 -1 0.46720045497
DS3.d959.s0.i1 -1 0.890932581132
DS3.d959.s1.i0 -1 1.21843590239
DS3.d962.s0.i0 1.0 0.620197767065
DS3.d962.s0.i1 1.0 0.342198893113
DS3.d962.s0.i2 1.0 0.708408650048
DS3.d962.s0.i3 1.0 0.30469544026
DS3.d988.s0.i0 -1 -0.433715542552
DS3.d1008.s0.i0 -1 -0.771002551725
DS3.d1008.s0.i1 -1 -0.425973387343
DS3.d1008.s1.i0 -1 0.449967356297
DS3.d1025.s0.i0 1.0 1.40746763728
DS3.d1025.s0.i1 -1 0.470122397779
DS3.d1049.s0.i0 -1 -0.395207332945
DS3.d1050.s0.i0 1.0 0.0743411997593
DS3.d1050.s0.i1 1.0 0.595537091033
DS3.d1099.s0.i0 1.0 0.742542511561
DS3.d1100.s0.i0 1.0 -0.0551075358037
DS3.d1115.s0.i0 1.0 -0.0899653626781
DS3.d1115.s1.i0 -1 -0.460453242837
DS3.d1115.s1.i1 -1 -0.931891253659
DS3.d1115.s1.i2 -1 -0.647168588321
DS3.d1115.s1.i3 -1 -0.827943126013
DS3.d1119.s0.i0 1.0 0.57492321963
DS3.d1120.s0.i0 1.0 -0.0862163694499
DS3.d1120.s0.i1 -1 -1.07573505535
DS3.d1120.s0.i2 -1 -0.279797129814
DS3.d1120.s0.i3 -1 -0.428044914348
DS3.d1120.s0.i4 1.0 0.082494404226
DS3.d1120.s0.i5 1.0 -0.0365161320725
DS3.d1120.s0.i6 -1 -1.28164953385
DS3.d1120.s0.i7 1.0 -0.199896310904
DS3.d1125.s0.i0 -1 0.295477858392
DS3.d1125.s1.i0 1.0 1.11178611306
DS3.d1140.s0.i0 -1 -0.0976816188027
DS3.d1140.s0.i1 -1 -0.698161628507
DS3.d1140.s0.i2 -1 -0.0718058945003
DS3.d1140.s0.i3 -1 -0.471834153615
DS3.d1163.s0.i0 1.0 0.14139058236
DS3.d1163.s0.i1 1.0 0.26833398763
DS3.d1163.s0.i2 -1 -1.29595585264
DS3.d1163.s1.i0 1.0 1.32380009944
DS3.d1189.s0.i0 1.0 1.02233062587
DS3.d1195.s0.i0 -1 -0.178908037476
DS3.d1200.s0.i0 -1 1.13738014739
DS3.d1207.s0.i0 1.0 0.232987255833
DS3.d1207.s1.i0 1.0 -0.157341165381
DS3.d1251.s0.i0 1.0 1.40873182933
DS3.d1262.s0.i0 -1 1.56762971237
DS3.d1262.s0.i1 1.0 1.40876036189
DS3.d1262.s1.i0 1.0 -0.770962926372
DS3.d1262.s1.i1 1.0 0.206239429366
DS3.d1263.s0.i0 -1 -1.02296747834
DS3.d1263.s0.i1 -1 1.41657597514
DS3.d1274.s0.i0 1.0 0.0867075367992
DS3.d1274.s0.i1 1.0 0.69127016352
DS3.d1274.s1.i0 1.0 1.27576867776
DS3.d1274.s1.i1 1.0 1.23774418436
DS3.d1288.s0.i0 -1 0.631589257505
DS3.d1288.s0.i1 -1 0.565672907649
DS3.d1288.s0.i2 -1 0.45372794454
DS3.d1288.s0.i3 -1 0.630064992734
DS3.d1294.s0.i0 -1 -0.160117440276
DS3.d1294.s0.i1 -1 -0.141525517539
DS3.d1297.s0.i0 1.0 1.42892122379
DS3.d1301.s0.i0 1.0 0.63148785854
DS3.d1301.s0.i1 1.0 0.475462153505
DS3.d1301.s0.i2 1.0 0.517519262499
DS3.d1301.s0.i3 1.0 0.737034198329
DS3.d1301.s0.i4 1.0 0.475462153505
DS3.d1301.s0.i5 1.0 0.517519262499
DS3.d1313.s0.i0 -1 0.182844800474
DS3.d1324.s0.i0 -1 -1.49213981307
DS3.d1324.s1.i0 1.0 -0.27724577518
DS3.d1324.s1.i1 1.0 -0.379114931959
DS3.d1324.s2.i0 -1 -1.36998430716
DS3.d1332.s0.i0 1.0 -0.231905814717
DS3.d1332.s0.i1 1.0 -0.124508340642
DS3.d1332.s1.i0 -1 0.233716663519
DS3.d1332.s1.i1 -1 0.405419573682
DS3.d1336.s0.i0 -1 -1.00094193574
DS3.d1339.s0.i0 1.0 0.487277793528
DS3.d1353.s0.i0 1.0 1.77895556615
DS3.d1362.s0.i0 1.0 0.651786760607
DS3.d1362.s1.i0 -1 -0.0939070556031
DS3.d1373.s0.i0 1.0 0.410599109508
DS3.d1373.s1.i0 1.0 0.328287465609
DS3.d1373.s1.i1 1.0 0.328287465609
DS3.d1389.s0.i0 1.0 0.935189885385
DS3.d1389.s0.i1 1.0 1.0520585648
DS3.d1392.s0.i0 -1 -0.378576280528
DS3.d1394.s0.i0 -1 -0.943000952409
DS3.d1409.s0.i0 -1 1.14075150589
DS3.d1409.s0.i1 -1 1.10291764855
DS3.d1409.s0.i2 -1 0.622039920331
DS3.d1409.s0.i3 -1 0.763560377281
DS3.d1412.s0.i0 1.0 0.785087658796
DS3.d1412.s1.i0 1.0 1.84326926246
DS3.d1421.s0.i0 1.0 0.93475489574
DS3.d1421.s1.i0 1.0 1.56070407214
DS3.d1426.s0.i0 1.0 0.677166638728
DS3.d1426.s0.i1 1.0 1.0568965014
DS3.d1449.s0.i0 1.0 0.41683844801
DS3.d1475.s0.i0 -1 -0.647921415934
DS3.d1476.s0.i0 -1 -1.50894142957
DS3.d1493.s0.i0 1.0 0.85492940221
DS3.d1493.s1.i0 1.0 1.2610442016
DS3.d1493.s1.i1 1.0 0.966506821265
DS3.d1493.s1.i2 1.0 0.966506821265
DS3.d1499.s0.i0 -1 -0.258186336895
DS3.d1499.s1.i0 1.0 1.21704210355
DS3.d1506.s0.i0 1.0 0.327723643517
DS3.d1506.s1.i0 1.0 -0.345937670684
DS3.d1506.s2.i0 1.0 1.9395637147
DS3.d1506.s3.i0 1.0 0.540404695706
DS3.d1506.s4.i0 1.0 1.689969683
DS3.d1535.s0.i0 -1 0.48471514192
DS3.d1545.s0.i0 1.0 1.28239539324
DS3.d1545.s0.i1 1.0 1.24442681647
DS3.d1548.s0.i0 -1 -0.659185536222
DS3.d1548.s0.i1 -1 -0.948617417971
DS3.d1550.s0.i0 1.0 1.02776348101
DS3.d1550.s0.i1 1.0 1.53134523682
DS3.d1550.s0.i2 1.0 0.603322257075
DS3.d1550.s0.i3 1.0 0.893185631136
DS3.d1550.s0.i4 1.0 1.07643815448
DS3.d1550.s1.i0 1.0 1.70188512022
DS3.d1550.s1.i1 -1 1.17864348155
DS3.d1560.s0.i0 1.0 -0.0516488161443
DS3.d1560.s0.i1 1.0 -0.121979632739
DS3.d1572.s0.i0 1.0 0.80465567712
DS3.d1572.s0.i1 1.0 1.14275482422
DS3.d1575.s0.i0 1.0 0.521783043782
DS3.d1575.s0.i1 1.0 -0.102030590731
DS3.d1575.s0.i2 1.0 1.0248587955
DS3.d1579.s0.i0 -1 -0.441866054015
DS3.d1579.s0.i1 -1 -1.10880452628
DS3.d1579.s0.i2 -1 -0.60875198556
DS3.d1579.s0.i3 -1 -0.26192068299
DS3.d1608.s0.i0 1.0 -0.745539862286
DS3.d1608.s1.i0 -1 0.678370938066
DS3.d1608.s2.i0 -1 1.52449548731
DS3.d1608.s2.i1 -1 1.89735271623
DS3.d1608.s3.i0 1.0 -0.00545652330683
DS3.d1619.s0.i0 -1 -0.104610177931
DS3.d1626.s0.i0 1.0 1.42478652936
DS3.d1637.s0.i0 -1 -0.680391134163
DS3.d1637.s0.i1 -1 0.0268480006237
DS3.d1637.s1.i0 -1 -1.00454547911
DS3.d1637.s1.i1 -1 -0.91646281015
DS3.d1646.s0.i0 1.0 0.307317285159
DS3.d1661.s0.i0 1.0 0.55899882621
DS3.d1661.s0.i1 1.0 0.55899882621
DS3.d1662.s0.i0 1.0 0.463212255182
DS3.d1662.s0.i1 1.0 0.337469392237
DS3.d1671.s0.i0 1.0 1.00003554865
DS3.d1675.s0.i0 -1 1.18897254186
DS3.d1675.s0.i1 -1 1.18931012831
DS3.d1675.s0.i2 -1 1.23118296601
DS3.d1675.s0.i3 -1 1.15564850079
DS3.d1678.s0.i0 1.0 1.05441700404
DS3.d1678.s1.i0 1.0 0.783031825261
DS3.d1678.s1.i1 1.0 1.66273445352
DS3.d1678.s1.i2 1.0 1.45245142448
DS3.d1683.s0.i0 1.0 0.56019928538
DS3.d1683.s0.i1 1.0 0.672103765632
DS3.d1683.s1.i0 1.0 1.98973154146
DS3.d1683.s1.i1 1.0 1.98973154146
DS3.d1693.s0.i0 1.0 1.57315079656
DS3.d1705.s0.i0 -1 0.522982514891
DS3.d1705.s0.i1 -1 0.335153721369
DS3.d1707.s0.i0 -1 0.273400782109
DS3.d1713.s0.i0 -1 0.89996507442
DS3.d1713.s0.i1 1.0 1.94536793452
DS3.d1726.s0.i0 1.0 0.853718767155
DS3.d1726.s0.i1 1.0 0.965950630024
DS3.d1726.s0.i2 1.0 1.09988278563
DS3.d1726.s0.i3 1.0 0.789606486385
DS3.d1726.s0.i4 1.0 1.07912862296
DS3.d1726.s0.i5 1.0 0.858057636771
DS3.d1726.s0.i6 1.0 0.613322224776
DS3.d1726.s0.i7 1.0 0.814223767411
DS3.d1726.s1.i0 1.0 0.799568801167
DS3.d1726.s1.i1 1.0 0.579929278874
DS3.d1726.s2.i0 1.0 2.48098787521
DS3.d1726.s2.i1 1.0 2.48098787521
DS3.d1737.s0.i0 1.0 1.83925958418
DS3.d1765.s0.i0 1.0 0.585308267749
DS3.d1765.s0.i1 1.0 0.742829277286
DS3.d1774.s0.i0 1.0 1.21160828605
DS3.d1777.s0.i0 -1 -0.478184696606
DS3.d1784.s0.i0 1.0 0.711788664871
DS3.d1784.s0.i1 1.0 1.01335568759
DS3.d1784.s0.i2 1.0 0.60894994403
DS3.d1784.s0.i3 1.0 0.101589845889
DS3.d1788.s0.i0 1.0 1.86072373863
DS3.d1788.s0.i1 1.0 1.73376361427
DS3.d1797.s0.i0 1.0 -0.00448493172016
DS3.d1797.s0.i1 1.0 0.479237735719
DS3.d1800.s0.i0 -1 -0.236966753711
DS3.d1800.s0.i1 1.0 0.655269823559
DS3.d1800.s0.i2 1.0 -0.057650395979
DS3.d1801.s0.i0 1.0 0.389013419806
DS3.d1808.s0.i0 1.0 2.03853700294
DS3.d1808.s0.i1 1.0 2.03853700294
DS3.d1808.s1.i0 1.0 -0.251987944456
DS3.d1808.s1.i1 1.0 0.523042988497
DS3.d1808.s1.i2 1.0 1.16028242668
DS3.d1808.s1.i3 1.0 1.16028242668
DS3.d1808.s1.i4 1.0 0.893461354423
DS3.d1808.s1.i5 1.0 0.893461354423
DS3.d1809.s0.i0 1.0 1.09593211681
DS3.d1809.s0.i1 1.0 0.940718563093
DS3.d1813.s0.i0 1.0 1.51778468773
DS3.d1813.s1.i0 1.0 1.05332646547
DS3.d1813.s2.i0 1.0 0.926378923041
DS3.d1817.s0.i0 1.0 0.470857995896
DS3.d1817.s1.i0 1.0 0.98099899394
DS3.d1817.s2.i0 1.0 1.31686220985
DS3.d1824.s0.i0 1.0 1.54062896008
DS3.d1824.s0.i1 1.0 1.90218943995
DS3.d1830.s0.i0 -1 0.139147215899
DS3.d1837.s0.i0 1.0 1.50570031192
DS3.d1837.s0.i1 1.0 0.911897548634
DS3.d1837.s1.i0 1.0 0.0906669075228
DS3.d1837.s1.i1 1.0 0.0906669075228
DS3.d1849.s0.i0 1.0 0.854501292619
DS3.d1860.s0.i0 -1 -0.634304579617
DS3.d1865.s0.i0 1.0 1.13603269887
DS3.d1883.s0.i0 1.0 1.42590780636
DS3.d1883.s0.i1 1.0 1.29033171044
