DS.d837.s0.i0 1.0 -1.04305544024
DS.d839.s0.i0 1.0 0.435916750987
DS.d839.s0.i1 1.0 0.619852230777
DS.d843.s0.i0 1.0 0.557681830931
DS.d843.s0.i1 1.0 1.32480764607
DS.d843.s0.i2 1.0 0.368911775349
DS.d843.s0.i3 1.0 1.10083309525
DS.d843.s1.i0 -1 0.0749611946918
DS.d854.s1.i0 1.0 0.896228029647
DS.d854.s3.i0 1.0 -0.449230553728
DS.d854.s3.i1 1.0 -0.491953922155
DS.d856.s0.i0 -1 0.529283264237
DS.d856.s0.i1 -1 -0.286022573461
DS.d856.s0.i2 -1 0.507470930719
DS.d856.s0.i3 -1 -0.49490802482
DS.d856.s0.i4 -1 0.488456958272
DS.d856.s0.i5 -1 0.207927644052
DS.d856.s0.i6 -1 -0.87586970125
DS.d856.s0.i7 -1 -0.667287885943
DS.d862.s0.i0 1.0 1.00890874179
DS.d865.s0.i0 1.0 0.527872466464
DS.d865.s0.i1 1.0 0.210112071465
DS.d881.s0.i0 1.0 0.339735046011
DS.d881.s0.i1 1.0 0.325386665406
DS.d882.s0.i0 -1 -1.2221391132
DS.d882.s0.i1 -1 -1.56010939226
DS.d882.s1.i0 1.0 0.797169650283
DS.d890.s0.i0 1.0 1.61301976021
DS.d900.s0.i0 1.0 -0.12629886059
DS.d900.s0.i1 1.0 -0.136476287478
DS.d922.s0.i0 1.0 0.432758508777
DS.d926.s0.i0 -1 0.260310346497
DS.d926.s1.i0 -1 1.40968830785
DS.d926.s1.i1 -1 2.12533356674
DS.d940.s0.i0 1.0 0.623551650376
DS.d940.s0.i1 1.0 0.623551650376
DS.d943.s0.i0 1.0 0.382383746576
DS.d943.s0.i1 1.0 0.641449864785
DS.d943.s1.i0 1.0 1.00745046243
DS.d946.s0.i0 1.0 0.225269780184
DS.d946.s0.i1 1.0 0.409722428254
DS.d946.s1.i0 1.0 -1.01998764143
DS.d946.s1.i1 1.0 0.377948858173
DS.d946.s1.i2 1.0 0.555292383577
DS.d951.s0.i0 -1 -1.23514731418
DS.d951.s0.i1 -1 -1.06073621007
DS.d951.s0.i2 -1 -1.35197217157
DS.d974.s0.i0 1.0 1.84787142244
DS.d985.s0.i0 1.0 0.982061162954
DS.d1009.s0.i0 1.0 0.161669745222
DS.d1009.s1.i0 1.0 -0.424982648648
DS.d1009.s1.i1 1.0 -0.675562002386
DS.d1011.s0.i0 -1 -0.395503724937
DS.d1011.s0.i1 -1 -0.744507176601
DS.d1011.s0.i2 1.0 0.477398778028
DS.d1011.s0.i3 -1 -1.14926024888
DS.d1011.s0.i4 -1 -0.558931044554
DS.d1018.s0.i0 1.0 1.32639761627
DS.d1018.s0.i1 1.0 2.12471204429
DS.d1018.s0.i2 1.0 1.97777349563
DS.d1018.s0.i3 1.0 1.59222872626
DS.d1018.s1.i0 -1 -0.0908646496995
DS.d1056.s0.i0 1.0 1.53058875965
DS.d1060.s0.i0 1.0 1.50817261133
DS.d1065.s0.i0 -1 -0.114474930553
DS.d1065.s0.i1 1.0 0.501883954503
DS.d1065.s1.i0 -1 0.0493171376159
DS.d1065.s2.i0 1.0 -0.0104096042529
DS.d1075.s0.i0 -1 0.393071193452
DS.d1075.s0.i1 -1 0.595614756897
DS.d1079.s0.i0 1.0 1.21397439501
DS.d1079.s1.i0 -1 0.409916033752
DS.d1098.s0.i0 1.0 0.614465513771
DS.d1101.s0.i0 1.0 -0.133818460141
DS.d1101.s0.i1 1.0 -0.285806888803
DS.d1104.s0.i0 1.0 -0.343594659967
DS.d1104.s1.i0 -1 -0.136258203134
DS.d1126.s0.i0 -1 -0.71705701074
DS.d1126.s0.i1 -1 -0.447322672917
DS.d1144.s0.i0 -1 1.31987172678
DS.d1144.s0.i1 -1 1.31987172678
DS.d1144.s1.i0 -1 0.81017573715
DS.d1151.s0.i0 1.0 -0.309681184322
DS.d1158.s0.i0 1.0 0.979415581722
DS.d1159.s0.i0 1.0 -0.0247853968476
DS.d1159.s0.i1 1.0 0.196437837443
DS.d1159.s0.i2 1.0 0.175146137188
DS.d1171.s0.i0 1.0 0.544343243275
DS.d1171.s0.i1 1.0 0.324224661122
DS.d1199.s0.i0 -1 -1.25569515317
DS.d1199.s1.i0 -1 -1.45015229297
DS.d1199.s2.i0 -1 -1.11618116899
DS.d1201.s0.i0 -1 -0.0774381751651
DS.d1205.s0.i3 1.0 0.492753171417
DS.d1205.s0.i4 -1 0.329390377002
DS.d1205.s0.i5 -1 0.296487491683
DS.d1205.s0.i6 -1 0.192257778846
DS.d1205.s0.i7 -1 1.15975443147
DS.d1205.s0.i8 -1 1.06939488842
DS.d1249.s0.i0 -1 -0.960811176062
DS.d1249.s0.i1 -1 -0.696999329289
DS.d1251.s0.i0 1.0 1.53159252056
DS.d1262.s0.i0 -1 0.527066386745
DS.d1262.s0.i1 1.0 0.895428095767
DS.d1262.s1.i0 1.0 -0.315609224349
DS.d1262.s1.i1 1.0 0.147415432716
DS.d1283.s0.i0 1.0 0.483256300237
DS.d1311.s0.i0 -1 0.706211614511
DS.d1321.s0.i0 1.0 0.256487604886
DS.d1321.s0.i1 1.0 -0.273862889855
DS.d1321.s0.i2 1.0 -0.344452304354
DS.d1335.s0.i0 1.0 -0.484256051522
DS.d1335.s1.i0 1.0 1.84867272171
DS.d1335.s2.i0 1.0 0.829929478181
DS.d1335.s3.i0 1.0 1.35563994476
DS.d1335.s4.i0 1.0 0.491525443005
DS.d1351.s0.i0 -1 1.33040809506
DS.d1354.s0.i0 -1 0.177617421286
DS.d1354.s0.i1 -1 0.259538470459
DS.d1364.s0.i0 -1 -0.334894356057
DS.d1369.s0.i0 -1 0.0186559937405
DS.d1369.s0.i1 -1 0.459080013024
DS.d1378.s0.i0 -1 -0.711329267699
DS.d1378.s0.i1 -1 -0.0641174500271
DS.d1378.s0.i2 -1 -0.378657123413
DS.d1378.s0.i3 -1 -0.375269374424
DS.d1378.s0.i4 -1 -0.195522485271
DS.d1378.s0.i5 -1 -0.367236220899
DS.d1378.s0.i6 -1 -0.783013504755
DS.d1378.s0.i7 -1 -0.823738929523
DS.d1383.s0.i0 1.0 1.26599147164
DS.d1389.s0.i0 1.0 0.909682060911
DS.d1389.s0.i1 1.0 1.16436703251
DS.d1395.s0.i0 1.0 1.00006052673
DS.d1403.s0.i0 1.0 0.869798645735
DS.d1403.s1.i0 1.0 1.04320731284
DS.d1449.s0.i0 1.0 1.30743086932
DS.d1451.s0.i0 -1 -0.362379695081
DS.d1451.s0.i1 -1 -0.247701046858
DS.d1451.s0.i2 -1 0.0076398634162
DS.d1451.s0.i3 -1 -0.362379695081
DS.d1451.s1.i0 -1 -0.157579532608
DS.d1451.s1.i1 -1 -0.259396075927
DS.d1455.s0.i0 1.0 0.532843193886
DS.d1457.s0.i0 -1 -0.179196376603
DS.d1457.s0.i1 -1 -0.0834982235135
DS.d1464.s0.i0 -1 0.638881061122
DS.d1483.s0.i0 1.0 0.366475521997
DS.d1500.s0.i0 -1 0.0328781580946
DS.d1500.s0.i1 -1 -0.153993882823
DS.d1503.s0.i0 1.0 2.01342349438
DS.d1503.s1.i0 1.0 0.496180153114
DS.d1508.s0.i0 1.0 0.442322450835
DS.d1516.s0.i0 1.0 1.21780212044
DS.d1516.s0.i1 1.0 1.12585650419
DS.d1516.s1.i0 1.0 0.942768152872
DS.d1516.s1.i1 1.0 0.917386147419
DS.d1534.s0.i0 -1 -1.31763056068
DS.d1534.s0.i1 -1 -0.865282362474
DS.d1534.s0.i2 -1 -1.34953729295
DS.d1550.s0.i0 -1 -0.444182001527
DS.d1550.s0.i1 -1 0.470124458837
DS.d1550.s0.i2 -1 -0.657151409943
DS.d1550.s0.i3 -1 -0.191761157609
DS.d1550.s0.i4 -1 0.0990590671092
DS.d1550.s1.i0 -1 -0.279609359405
DS.d1550.s1.i1 -1 -1.00815429699
DS.d1575.s0.i0 1.0 0.869811474391
DS.d1575.s0.i1 1.0 0.450442257537
DS.d1575.s0.i2 1.0 0.657605600261
DS.d1576.s0.i0 -1 1.03743214639
DS.d1576.s1.i0 1.0 -0.419647142119
DS.d1576.s2.i0 1.0 0.0797049874695
DS.d1585.s0.i0 1.0 0.976191437171
DS.d1585.s0.i1 1.0 0.644278273862
DS.d1609.s0.i0 1.0 0.042279509662
DS.d1612.s0.i0 -1 -0.494688797043
DS.d1625.s0.i0 1.0 0.717137032956
DS.d1630.s0.i0 1.0 0.752060453036
DS.d1630.s0.i1 1.0 0.752477793275
DS.d1637.s0.i0 -1 -0.952783383328
DS.d1637.s0.i1 -1 -0.304769404981
DS.d1637.s1.i0 -1 -0.831720474906
DS.d1637.s1.i1 -1 -0.603363246591
DS.d1642.s0.i0 -1 0.81507937073
DS.d1642.s0.i1 -1 0.561727038241
DS.d1642.s1.i0 -1 -0.0910209386826
DS.d1642.s1.i1 -1 -0.497068723763
DS.d1642.s1.i2 -1 -0.530343521671
DS.d1642.s1.i3 -1 -0.244621303076
DS.d1653.s0.i0 1.0 1.51340278671
DS.d1653.s0.i1 1.0 1.32622669721
DS.d1653.s1.i0 1.0 0.222220011833
DS.d1653.s1.i1 1.0 1.38810647471
DS.d1653.s2.i0 1.0 0.436522586085
DS.d1653.s3.i0 -1 -0.0648889051041
DS.d1653.s4.i0 -1 0.623091045337
DS.d1653.s4.i1 -1 0.189663902209
DS.d1662.s0.i0 -1 0.276367446411
DS.d1662.s0.i1 -1 -0.223249723008
DS.d1667.s0.i0 1.0 0.701441958876
DS.d1673.s0.i0 -1 -1.43395115058
DS.d1673.s1.i0 -1 -1.20974895021
DS.d1677.s0.i1 -1 -1.16612412087
DS.d1715.s1.i0 -1 0.209784955204
DS.d1715.s1.i1 -1 0.351926914846
DS.d1715.s1.i2 -1 0.747331703237
DS.d1715.s1.i3 -1 0.45270577379
DS.d1720.s0.i0 1.0 0.379635041562
DS.d1737.s0.i0 1.0 0.710479009715
DS.d1745.s1.i0 1.0 1.14801752723
DS.d1750.s0.i0 -1 0.364836845589
DS.d1750.s0.i1 -1 -0.331050153406
DS.d1761.s0.i1 -1 -1.24244540632
DS.d1761.s0.i2 -1 -1.05853496429
DS.d1761.s0.i3 -1 -1.49178252614
DS.d1768.s0.i0 1.0 0.466657309988
DS.d1768.s1.i0 1.0 -0.600843735631
DS.d1768.s2.i0 -1 0.118944368766
DS.d1774.s0.i0 1.0 1.0735941484
DS.d1796.s0.i0 1.0 0.872430874883
DS.d1799.s0.i0 -1 -0.505519317955
DS.d1799.s0.i1 -1 -0.314026670854
DS.d1809.s0.i0 -1 0.715310039228
DS.d1809.s0.i1 -1 0.33520132143
DS.d1811.s0.i0 1.0 1.29116313929
DS.d1817.s0.i0 1.0 0.745540236054
DS.d1817.s1.i0 1.0 1.42517407478
DS.d1817.s2.i0 1.0 1.49431398398
DS.d1822.s0.i0 -1 0.142416635161
DS.d1830.s0.i0 -1 0.000660031239989
DS.d1842.s0.i0 1.0 0.936535743606
DS.d1842.s0.i1 1.0 0.838438730698
DS.d1868.s0.i0 1.0 1.45343835297
DS.d1875.s0.i0 1.0 1.4497420009
DS.d1875.s0.i1 1.0 0.836808251166
DS.d1885.s0.i0 1.0 1.30971200642
DS.d1885.s1.i1 1.0 -0.465659073534
