DS.d1.s0.i0 1.0 0.839190270233
DS.d5.s0.i0 1.0 -0.50293069392
DS.d8.s0.i0 -1 -1.10465631487
DS.d8.s0.i1 1.0 1.59120099094
DS.d8.s0.i2 1.0 0.516650888178
DS.d14.s0.i0 1.0 1.73240513969
DS.d42.s0.i0 -1 0.950572290069
DS.d42.s0.i1 -1 0.115406679521
DS.d42.s0.i2 -1 0.278588403017
DS.d42.s0.i3 -1 1.17693965768
DS.d42.s0.i4 -1 0.676400165245
DS.d42.s0.i5 -1 0.839581888741
DS.d42.s0.i6 -1 1.11375401357
DS.d42.s0.i7 -1 -0.41949489977
DS.d42.s0.i8 -1 0.0373103723053
DS.d42.s0.i9 -1 0.901580971347
DS.d42.s0.i10 -1 1.30511801408
DS.d42.s0.i11 -1 1.46829973757
DS.d45.s0.i0 -1 -0.185145382453
DS.d45.s0.i1 -1 -0.231951262439
DS.d45.s0.i2 -1 -0.600868744795
DS.d45.s0.i3 -1 0.0683230226065
DS.d58.s0.i0 1.0 1.1663440351
DS.d58.s0.i1 1.0 1.74673471109
DS.d58.s0.i2 1.0 0.758275823308
DS.d58.s0.i3 1.0 1.17843371786
DS.d58.s0.i4 1.0 1.75436752715
DS.d58.s0.i5 1.0 1.18606653392
DS.d61.s0.i0 1.0 1.24430285539
DS.d61.s0.i1 1.0 1.16427071695
DS.d61.s1.i0 -1 -0.716906993183
DS.d61.s2.i0 1.0 0.167359276408
DS.d61.s2.i1 1.0 0.817215765768
DS.d61.s3.i0 1.0 -0.570125646644
DS.d86.s0.i0 -1 -0.338495671141
DS.d86.s0.i1 -1 0.612872633955
DS.d95.s0.i0 -1 -0.991071257918
DS.d111.s0.i0 -1 0.812523124423
DS.d111.s0.i1 -1 0.911745302579
DS.d111.s0.i2 -1 -0.99443679417
DS.d117.s0.i0 1.0 1.58677440872
DS.d117.s0.i1 1.0 1.58677440872
DS.d132.s0.i0 1.0 1.05916701942
DS.d132.s0.i1 1.0 0.942241540525
DS.d132.s0.i2 1.0 1.47498093116
DS.d132.s0.i3 1.0 0.607345145224
DS.d146.s0.i0 -1 -0.625390685824
DS.d146.s0.i1 -1 -0.573328040052
DS.d166.s0.i0 -1 0.790621060393
DS.d166.s0.i1 -1 0.523845788113
DS.d166.s0.i2 -1 -0.0675109837477
DS.d168.s0.i0 1.0 1.53403741393
DS.d168.s0.i1 -1 0.578459659971
DS.d170.s0.i0 1.0 -0.268070284141
DS.d170.s0.i1 1.0 -0.324440067426
DS.d184.s0.i0 1.0 1.17105511703
DS.d200.s0.i0 1.0 1.84473132678
DS.d200.s1.i0 -1 -0.177646569753
DS.d202.s0.i0 1.0 -0.699321020003
DS.d203.s0.i0 1.0 0.551986560457
DS.d203.s0.i1 1.0 0.512400387022
DS.d221.s0.i0 -1 -1.0099085227
DS.d221.s0.i1 1.0 0.159299652112
DS.d221.s0.i2 -1 -0.776438236135
DS.d223.s0.i0 1.0 0.574728116089
DS.d225.s0.i0 -1 -0.733835734117
DS.d229.s0.i0 1.0 1.40207227966
DS.d232.s0.i0 -1 -0.695493954218
DS.d232.s0.i1 -1 -1.36247213425
DS.d234.s0.i0 1.0 0.432291461896
DS.d234.s0.i1 -1 -0.310419356171
DS.d236.s0.i0 1.0 1.28200127115
DS.d236.s0.i1 1.0 1.28200127115
DS.d248.s0.i0 1.0 -0.0276191524605
DS.d273.s0.i0 -1 -0.124590542045
DS.d273.s0.i1 -1 0.0158955183432
DS.d273.s1.i0 1.0 -0.603163563137
DS.d283.s0.i0 -1 -0.163511043691
DS.d301.s0.i0 -1 -2.35515652311
DS.d313.s0.i0 -1 1.24747096444
DS.d313.s0.i1 -1 1.40788240701
DS.d314.s0.i0 -1 1.40955759331
DS.d314.s0.i1 -1 1.40955759331
DS.d314.s1.i0 -1 0.572657964094
DS.d316.s0.i0 -1 1.00691246588
DS.d320.s0.i0 1.0 -0.957794103805
DS.d338.s0.i0 1.0 0.431479032915
DS.d364.s0.i0 -1 -0.549218532299
DS.d367.s0.i0 -1 0.622630889304
DS.d371.s0.i0 -1 -0.315012527836
DS.d377.s0.i0 1.0 0.454425832582
DS.d377.s1.i0 1.0 -0.0989532465198
DS.d386.s0.i0 1.0 0.628902194029
DS.d409.s0.i0 1.0 -0.477930884333
DS.d416.s0.i0 1.0 1.30844826459
DS.d434.s0.i0 1.0 1.28387891529
DS.d434.s0.i1 1.0 0.923451601551
DS.d434.s0.i2 -1 1.23344337485
DS.d434.s0.i3 1.0 0.858055775235
DS.d448.s0.i0 1.0 1.10687866575
DS.d449.s0.i0 1.0 2.49184966792
DS.d449.s0.i1 1.0 2.36793754303
DS.d455.s0.i0 -1 1.46534765609
DS.d455.s0.i1 -1 1.35682219151
DS.d478.s0.i0 1.0 -0.515247401985
DS.d490.s0.i0 1.0 -0.67115490213
DS.d490.s0.i1 1.0 -0.521090986566
DS.d499.s0.i0 -1 -1.32561064789
DS.d499.s0.i1 -1 -0.867910099543
DS.d499.s0.i2 -1 -0.996970920141
DS.d499.s0.i3 -1 -0.340616736687
DS.d500.s0.i0 -1 -1.28583090971
DS.d500.s0.i1 -1 -0.852304215704
DS.d500.s0.i2 -1 -1.16882391855
DS.d517.s0.i0 1.0 0.956531665577
DS.d525.s0.i0 1.0 1.77577776415
DS.d531.s0.i0 1.0 1.52645337219
DS.d531.s1.i0 1.0 0.321212014097
DS.d542.s0.i0 1.0 -0.0737570451362
DS.d558.s0.i0 1.0 -0.133713779186
DS.d581.s0.i0 -1 -0.359987932155
DS.d588.s0.i0 -1 -0.920076100221
DS.d600.s0.i0 1.0 0.967712654521
DS.d600.s1.i0 1.0 0.309339848876
DS.d600.s1.i1 1.0 0.286924026929
DS.d600.s1.i2 1.0 -0.0234154474802
DS.d600.s1.i3 1.0 0.324779750733
DS.d600.s2.i0 1.0 1.47713116179
DS.d608.s0.i0 -1 1.1133210471
DS.d613.s0.i0 1.0 0.897188236426
DS.d613.s0.i1 -1 0.572669360895
DS.d617.s0.i0 1.0 0.615764020287
DS.d617.s0.i1 1.0 1.33133169968
DS.d637.s0.i0 -1 -0.60281191949
DS.d644.s0.i0 -1 -0.914242412264
DS.d648.s0.i0 -1 0.364960288444
DS.d648.s0.i1 -1 0.477697402541
DS.d648.s0.i2 -1 0.0483784425648
DS.d648.s1.i0 1.0 0.909131036566
DS.d648.s1.i1 1.0 0.920454870279
DS.d648.s1.i2 1.0 0.0850930540371
DS.d648.s1.i3 1.0 1.03589405308
DS.d648.s1.i4 1.0 0.0867012771171
DS.d648.s1.i5 1.0 -0.186165622783
DS.d652.s0.i0 -1 -1.89261037228
DS.d652.s0.i1 -1 -1.22275999113
DS.d652.s0.i2 -1 -1.89261037228
DS.d657.s0.i0 1.0 1.89806626643
DS.d657.s0.i1 1.0 1.99240214803
DS.d657.s1.i0 1.0 0.817010164195
DS.d657.s1.i1 1.0 0.395461685832
DS.d657.s2.i0 1.0 1.36977734666
DS.d657.s3.i0 1.0 0.731594223072
DS.d660.s0.i0 -1 -0.86020157563
DS.d661.s0.i0 -1 -1.42919401584
DS.d688.s0.i0 1.0 0.494328540101
DS.d696.s0.i0 1.0 0.450582422356
DS.d696.s0.i1 1.0 0.450582422356
DS.d710.s0.i0 1.0 -0.135328912107
DS.d710.s0.i1 1.0 -0.255764781364
DS.d711.s0.i0 1.0 0.403381605156
DS.d711.s0.i1 1.0 -0.0501734171917
DS.d714.s0.i0 1.0 1.05522830575
DS.d714.s1.i0 1.0 0.394015912067
DS.d720.s0.i0 1.0 0.46919680171
DS.d720.s0.i1 1.0 1.43341243258
DS.d720.s0.i2 1.0 -0.120280871633
DS.d720.s0.i3 1.0 0.450365522031
DS.d720.s0.i4 1.0 0.883251264417
DS.d720.s1.i0 1.0 0.52002526983
DS.d720.s1.i1 -1 0.608852443197
DS.d739.s0.i0 1.0 0.96292385132
DS.d744.s0.i0 1.0 0.589726314516
DS.d755.s0.i0 1.0 1.31010139985
DS.d755.s0.i1 1.0 0.559118222019
DS.d761.s0.i0 1.0 0.729953838771
DS.d775.s0.i0 1.0 1.04689958239
DS.d775.s1.i0 1.0 -0.44495719072
DS.d777.s0.i0 1.0 0.0255479742063
DS.d788.s0.i0 -1 -0.495753772523
DS.d788.s0.i1 -1 -0.294461524204
DS.d788.s1.i0 -1 -0.361146580266
DS.d789.s0.i0 -1 -0.0439778014682
DS.d794.s0.i0 -1 -1.33123976016
DS.d794.s0.i1 -1 -1.50934354503
DS.d794.s0.i2 -1 -0.562300876693
DS.d794.s0.i3 -1 -0.660895024125
DS.d795.s0.i0 1.0 1.14260534602
DS.d802.s0.i0 1.0 0.739674935097
DS.d802.s0.i1 -1 -0.0948779619013
DS.d802.s0.i2 1.0 1.67586555606
DS.d802.s0.i3 -1 -0.684069221106
DS.d830.s0.i0 1.0 0.132310684547
DS.d846.s0.i0 1.0 -0.0862663966368
DS.d846.s0.i1 1.0 0.305912201533
DS.d846.s0.i2 1.0 0.0590943754214
DS.d846.s0.i3 1.0 -0.0585055070387
DS.d846.s0.i4 1.0 0.581864291694
DS.d846.s0.i5 1.0 0.201527942621
DS.d846.s0.i6 1.0 -0.385614884381
DS.d846.s0.i7 1.0 0.391563610821
DS.d846.s0.i8 1.0 0.12314182101
DS.d846.s0.i9 1.0 -0.0720470557117
DS.d846.s0.i10 1.0 -0.276010502553
DS.d846.s0.i11 1.0 0.240842980707
DS.d846.s1.i0 -1 0.237307529856
DS.d846.s1.i1 -1 0.0257857694815
DS.d850.s0.i0 1.0 1.61610570947
DS.d850.s0.i1 -1 0.92998627555
DS.d859.s0.i0 1.0 0.574503713837
DS.d861.s0.i0 -1 0.346165583839
DS.d865.s0.i0 1.0 -0.622372288589
DS.d866.s0.i0 1.0 0.487395847497
DS.d872.s0.i0 1.0 0.867363377157
DS.d884.s0.i0 1.0 0.92393278269
DS.d884.s0.i1 1.0 1.01182439006
DS.d884.s1.i0 1.0 0.927912688363
DS.d884.s2.i0 1.0 1.47095439472
DS.d884.s2.i1 1.0 1.85739822497
DS.d886.s0.i0 1.0 1.15155201041
DS.d901.s0.i0 -1 -1.21970640385
DS.d901.s0.i1 -1 -1.56831658078
DS.d901.s0.i2 -1 -0.931015827465
DS.d901.s0.i3 -1 -1.24758193727
DS.d907.s0.i0 1.0 1.81525404288
DS.d911.s0.i0 -1 -2.21377588804
DS.d913.s0.i0 1.0 1.43833670295
DS.d913.s1.i0 1.0 1.6712696419
DS.d913.s2.i0 1.0 0.956925730372
DS.d952.s0.i0 1.0 0.729843863516
DS.d952.s0.i1 1.0 0.569342471926
DS.d952.s0.i2 1.0 0.289155350665
DS.d952.s0.i3 1.0 0.00431719482253
DS.d973.s0.i0 1.0 0.785052343241
DS.d973.s1.i0 -1 0.220198680225
DS.d973.s1.i1 1.0 0.177160222796
DS.d973.s1.i2 -1 2.11903289664
DS.d973.s1.i3 1.0 -0.105204633119
DS.d973.s1.i4 1.0 1.5251525164
DS.d973.s1.i5 1.0 1.54703408494
DS.d973.s2.i0 1.0 0.529240719994
DS.d973.s3.i0 1.0 1.8831846631
DS.d973.s3.i1 -1 1.38841682302
DS.d985.s0.i0 -1 -1.13207903172
DS.d985.s0.i1 -1 1.68908906891
DS.d1006.s0.i0 1.0 -0.00200224099178
DS.d1006.s0.i1 1.0 -0.219742765549
DS.d1006.s0.i2 1.0 -0.123257755567
DS.d1006.s0.i3 1.0 -0.277049001616
DS.d1006.s0.i4 1.0 -0.397888618073
DS.d1006.s0.i5 1.0 -0.184214395913
DS.d1047.s0.i0 1.0 0.409330042446
DS.d1047.s1.i0 1.0 0.613800396648
DS.d1047.s1.i1 1.0 0.613800396648
