DS.d1.s0.i0 1.0 1.11596528456
DS.d5.s0.i0 1.0 -0.375655627034
DS.d8.s0.i0 -1 -0.47760936847
DS.d8.s0.i1 1.0 1.24980214863
DS.d8.s0.i2 1.0 0.346661994543
DS.d14.s0.i0 1.0 1.65291948158
DS.d42.s0.i0 -1 1.47636520066
DS.d42.s0.i1 -1 0.58950568485
DS.d42.s0.i2 -1 0.57655340824
DS.d42.s0.i3 -1 1.02146318732
DS.d42.s0.i4 -1 1.18307294599
DS.d42.s0.i5 -1 1.1864310171
DS.d42.s0.i6 -1 1.47518679562
DS.d42.s0.i7 -1 -0.241035851761
DS.d42.s0.i8 -1 0.641062937967
DS.d42.s0.i9 -1 1.41531578451
DS.d42.s0.i10 -1 1.53039599476
DS.d42.s0.i11 -1 1.53361277899
DS.d45.s0.i0 -1 -0.16252298178
DS.d45.s0.i1 -1 -0.0258719014249
DS.d45.s0.i2 -1 -0.352868503976
DS.d45.s0.i3 -1 0.127945861377
DS.d58.s0.i0 1.0 0.89297817198
DS.d58.s0.i1 1.0 1.5893246097
DS.d58.s0.i2 1.0 0.496024070133
DS.d58.s0.i3 1.0 1.05853433456
DS.d58.s0.i4 1.0 1.45880509053
DS.d58.s0.i5 1.0 0.933089930783
DS.d61.s0.i0 1.0 1.07618947725
DS.d61.s0.i1 1.0 0.884265614494
DS.d61.s1.i0 -1 -0.67323640295
DS.d61.s2.i0 1.0 0.0169217074689
DS.d61.s2.i1 1.0 0.354947905718
DS.d61.s3.i0 1.0 -0.583041908442
DS.d86.s0.i0 -1 -0.152564054858
DS.d86.s0.i1 -1 0.543647191977
DS.d95.s0.i0 -1 -0.638678925153
DS.d111.s0.i0 -1 1.27003215087
DS.d111.s0.i1 -1 0.562704671879
DS.d111.s0.i2 -1 -0.661655356132
DS.d117.s0.i0 1.0 1.36359214278
DS.d117.s0.i1 1.0 1.36359214278
DS.d132.s0.i0 1.0 0.859087120564
DS.d132.s0.i1 1.0 1.0222965504
DS.d132.s0.i2 1.0 1.25259546085
DS.d132.s0.i3 1.0 0.832054172616
DS.d146.s0.i0 -1 -0.894261903047
DS.d146.s0.i1 -1 -0.58792887521
DS.d166.s0.i0 -1 0.891657463067
DS.d166.s0.i1 -1 0.437282289733
DS.d166.s0.i2 -1 0.147360023897
DS.d168.s0.i0 1.0 0.951312386346
DS.d168.s0.i1 -1 0.0905694772469
DS.d170.s0.i0 1.0 -0.0785975140554
DS.d170.s0.i1 1.0 -0.141508242614
DS.d184.s0.i0 1.0 1.15696112727
DS.d200.s0.i0 1.0 1.73139570567
DS.d200.s1.i0 -1 0.274373361653
DS.d202.s0.i0 1.0 -0.447437795519
DS.d203.s0.i0 1.0 1.17282466727
DS.d203.s0.i1 1.0 1.15205213983
DS.d221.s0.i0 -1 -0.907082187998
DS.d221.s0.i1 1.0 0.334638106181
DS.d221.s0.i2 -1 -0.6179644705
DS.d223.s0.i0 1.0 0.629992214343
DS.d225.s0.i0 -1 -0.64767332569
DS.d229.s0.i0 1.0 1.23015994521
DS.d232.s0.i0 -1 -1.21610040188
DS.d232.s0.i1 -1 -1.72097407079
DS.d234.s0.i0 1.0 0.0777256149544
DS.d234.s0.i1 -1 -0.277394952005
DS.d236.s0.i0 1.0 1.23892881659
DS.d236.s0.i1 1.0 1.23892881659
DS.d248.s0.i0 1.0 0.350663059095
DS.d273.s0.i0 -1 0.233571841333
DS.d273.s0.i1 -1 0.355700197229
DS.d273.s1.i0 1.0 -0.427491370074
DS.d283.s0.i0 -1 -0.206831149438
DS.d301.s0.i0 -1 -2.05370528756
DS.d313.s0.i0 -1 0.890338582452
DS.d313.s0.i1 -1 1.04340015156
DS.d314.s0.i0 -1 1.13778022319
DS.d314.s0.i1 -1 1.13778022319
DS.d314.s1.i0 -1 0.812105342703
DS.d316.s0.i0 -1 1.0253836777
DS.d320.s0.i0 1.0 -0.922979966423
DS.d338.s0.i0 1.0 0.0824905000872
DS.d364.s0.i0 -1 -0.154439902011
DS.d367.s0.i0 -1 0.614831357609
DS.d371.s0.i0 -1 0.173923867443
DS.d377.s0.i0 1.0 0.721064121234
DS.d377.s1.i0 1.0 0.162737066361
DS.d386.s0.i0 1.0 0.88310395997
DS.d409.s0.i0 1.0 -0.178178526249
DS.d416.s0.i0 1.0 1.1818061706
DS.d434.s0.i0 1.0 1.48582633998
DS.d434.s0.i1 1.0 1.18939006034
DS.d434.s0.i2 -1 1.3629009209
DS.d434.s0.i3 1.0 1.10729875992
DS.d448.s0.i0 1.0 0.905565264717
DS.d449.s0.i0 1.0 1.67072785416
DS.d449.s0.i1 1.0 1.63473572749
DS.d455.s0.i0 -1 1.3672450921
DS.d455.s0.i1 -1 1.33141500292
DS.d478.s0.i0 1.0 0.0302950077335
DS.d490.s0.i0 1.0 -0.325357199426
DS.d490.s0.i1 1.0 -0.00998273676171
DS.d499.s0.i0 -1 -1.22336477806
DS.d499.s0.i1 -1 -1.09623055479
DS.d499.s0.i2 -1 -0.73147537161
DS.d499.s0.i3 -1 -0.676780508589
DS.d500.s0.i0 -1 -0.923413512278
DS.d500.s0.i1 -1 -0.861170754726
DS.d500.s0.i2 -1 -1.16001403245
DS.d517.s0.i0 1.0 1.73554090476
DS.d525.s0.i0 1.0 2.00482960036
DS.d531.s0.i0 1.0 1.3890941206
DS.d531.s1.i0 1.0 1.02430294146
DS.d542.s0.i0 1.0 0.14137808773
DS.d558.s0.i0 1.0 0.113239904163
DS.d581.s0.i0 -1 -0.471198044828
DS.d588.s0.i0 -1 -1.00578493749
DS.d600.s0.i0 1.0 0.822176033132
DS.d600.s1.i0 1.0 0.451833342154
DS.d600.s1.i1 1.0 -0.0564030266334
DS.d600.s1.i2 1.0 -0.460946496941
DS.d600.s1.i3 1.0 0.226957076489
DS.d600.s2.i0 1.0 1.41352266346
DS.d608.s0.i0 -1 1.09748904108
DS.d613.s0.i0 1.0 0.77965800239
DS.d613.s0.i1 -1 0.677675608443
DS.d617.s0.i0 1.0 1.26452062157
DS.d617.s0.i1 1.0 1.5818183708
DS.d637.s0.i0 -1 -0.492874474309
DS.d644.s0.i0 -1 -1.07895271478
DS.d648.s0.i0 -1 0.140128067355
DS.d648.s0.i1 -1 0.486469181088
DS.d648.s0.i2 -1 -0.20585419187
DS.d648.s1.i0 1.0 1.20643904983
DS.d648.s1.i1 1.0 1.39938766816
DS.d648.s1.i2 1.0 0.202498091412
DS.d648.s1.i3 1.0 1.47006373906
DS.d648.s1.i4 1.0 0.428489874836
DS.d648.s1.i5 1.0 0.139727709294
DS.d652.s0.i0 -1 -1.91241012986
DS.d652.s0.i1 -1 -1.25852790687
DS.d652.s0.i2 -1 -1.91241012986
DS.d657.s0.i0 1.0 1.77280838034
DS.d657.s0.i1 1.0 1.81624193023
DS.d657.s1.i0 1.0 1.03719768349
DS.d657.s1.i1 1.0 0.607778918423
DS.d657.s2.i0 1.0 1.44962016045
DS.d657.s3.i0 1.0 0.804656787297
DS.d660.s0.i0 -1 -0.56026776979
DS.d661.s0.i0 -1 -1.48170146008
DS.d688.s0.i0 1.0 0.429546812361
DS.d696.s0.i0 1.0 0.641180270162
DS.d696.s0.i1 1.0 0.641180270162
DS.d710.s0.i0 1.0 0.00581556215545
DS.d710.s0.i1 1.0 -0.228125527699
DS.d711.s0.i0 1.0 0.491917233689
DS.d711.s0.i1 1.0 -0.0176158373835
DS.d714.s0.i0 1.0 1.14143896179
DS.d714.s1.i0 1.0 0.38331141977
DS.d720.s0.i0 1.0 0.345133290499
DS.d720.s0.i1 1.0 1.00241986303
DS.d720.s0.i2 1.0 0.155446309883
DS.d720.s0.i3 1.0 0.450729252044
DS.d720.s0.i4 1.0 0.70164244754
DS.d720.s1.i0 1.0 0.305464884948
DS.d720.s1.i1 -1 0.215630306733
DS.d739.s0.i0 1.0 1.2417131539
DS.d744.s0.i0 1.0 0.605303503847
DS.d755.s0.i0 1.0 1.20903084629
DS.d755.s0.i1 1.0 0.432540937099
DS.d761.s0.i0 1.0 0.754624753858
DS.d775.s0.i0 1.0 0.913261811438
DS.d775.s1.i0 1.0 -0.0927792198771
DS.d777.s0.i0 1.0 0.279308758246
DS.d788.s0.i0 -1 -0.412582121015
DS.d788.s0.i1 -1 -0.542028395112
DS.d788.s1.i0 -1 -0.437307125364
DS.d789.s0.i0 -1 0.0567059364955
DS.d794.s0.i0 -1 -1.34332669384
DS.d794.s0.i1 -1 -1.27192468741
DS.d794.s0.i2 -1 -0.537494172241
DS.d794.s0.i3 -1 -0.496471413892
DS.d795.s0.i0 1.0 0.94652975525
DS.d802.s0.i0 1.0 0.3260695529
DS.d802.s0.i1 -1 -0.132871345398
DS.d802.s0.i2 1.0 1.25309033503
DS.d802.s0.i3 -1 -0.603924076595
DS.d830.s0.i0 1.0 0.624998143634
DS.d846.s0.i0 1.0 -0.551981363143
DS.d846.s0.i1 1.0 -0.260013101174
DS.d846.s0.i2 1.0 -0.520941469112
DS.d846.s0.i3 1.0 -0.0717017371427
DS.d846.s0.i4 1.0 0.0283758608174
DS.d846.s0.i5 1.0 0.235689756387
DS.d846.s0.i6 1.0 -0.276368568072
DS.d846.s0.i7 1.0 -0.108797336556
DS.d846.s0.i8 1.0 -0.557707187597
DS.d846.s0.i9 1.0 -0.121672154773
DS.d846.s0.i10 1.0 -0.780497318356
DS.d846.s0.i11 1.0 -0.237139537171
DS.d846.s1.i0 -1 0.382711242308
DS.d846.s1.i1 -1 0.276382978691
DS.d850.s0.i0 1.0 1.37127964514
DS.d850.s0.i1 -1 0.657550406442
DS.d859.s0.i0 1.0 0.681755193108
DS.d861.s0.i0 -1 0.388317874193
DS.d865.s0.i0 1.0 -0.52704103963
DS.d866.s0.i0 1.0 0.749614208886
DS.d872.s0.i0 1.0 0.71587812228
DS.d884.s0.i0 1.0 1.02222050759
DS.d884.s0.i1 1.0 0.96206722135
DS.d884.s1.i0 1.0 0.958624355497
DS.d884.s2.i0 1.0 1.23157135643
DS.d884.s2.i1 1.0 1.52891612037
DS.d886.s0.i0 1.0 1.07081511446
DS.d901.s0.i0 -1 -0.711788840769
DS.d901.s0.i1 -1 -1.36291382366
DS.d901.s0.i2 -1 -0.79323636707
DS.d901.s0.i3 -1 -1.13854608621
DS.d907.s0.i0 1.0 1.45488599452
DS.d911.s0.i0 -1 -1.66280845507
DS.d913.s0.i0 1.0 1.39714539422
DS.d913.s1.i0 1.0 1.64570436329
DS.d913.s2.i0 1.0 0.970469874567
DS.d952.s0.i0 1.0 0.693381522478
DS.d952.s0.i1 1.0 0.548119785405
DS.d952.s0.i2 1.0 0.443491328468
DS.d952.s0.i3 1.0 0.115403724575
DS.d973.s0.i0 1.0 0.99754704123
DS.d973.s1.i0 -1 0.422845305244
DS.d973.s1.i1 1.0 0.235210233788
DS.d973.s1.i2 -1 1.69941012921
DS.d973.s1.i3 1.0 0.162819244827
DS.d973.s1.i4 1.0 0.999078137004
DS.d973.s1.i5 1.0 1.05550551647
DS.d973.s2.i0 1.0 0.35276284936
DS.d973.s3.i0 1.0 1.83007541111
DS.d973.s3.i1 -1 1.28875847423
DS.d985.s0.i0 -1 -0.932539647825
DS.d985.s0.i1 -1 1.79507756564
DS.d1006.s0.i0 1.0 0.281279636885
DS.d1006.s0.i1 1.0 0.208343232059
DS.d1006.s0.i2 1.0 0.357171502245
DS.d1006.s0.i3 1.0 0.222227209836
DS.d1006.s0.i4 1.0 0.0286503754018
DS.d1006.s0.i5 1.0 0.147362967772
DS.d1047.s0.i0 1.0 0.513582152061
DS.d1047.s1.i0 1.0 0.880274841787
DS.d1047.s1.i1 1.0 0.880274841787
