DS.d4.s0.i0 1.0 0.3390779749
DS.d4.s0.i1 1.0 0.384683066429
DS.d11.s0.i0 1.0 0.17799306863
DS.d11.s0.i1 1.0 1.01623411019
DS.d17.s0.i0 -1 -0.205884397182
DS.d17.s0.i1 -1 -0.075218396043
DS.d17.s1.i0 -1 0.54579627932
DS.d19.s0.i0 1.0 1.72522151561
DS.d19.s0.i1 1.0 1.66570775499
DS.d38.s0.i0 1.0 1.29038198996
DS.d38.s1.i0 1.0 1.64297472243
DS.d38.s1.i1 1.0 1.2494667415
DS.d38.s2.i0 1.0 1.60620394704
DS.d38.s3.i0 -1 -0.0422212172592
DS.d54.s0.i0 -1 -1.49947449935
DS.d56.s0.i0 1.0 0.395144164185
DS.d67.s0.i0 -1 1.57939244061
DS.d67.s0.i1 -1 1.7331680148
DS.d73.s0.i0 -1 0.11791012204
DS.d73.s0.i1 -1 -0.874125391001
DS.d84.s0.i0 -1 0.0146185358709
DS.d84.s0.i1 -1 -0.881344314142
DS.d96.s0.i0 -1 0.585259072476
DS.d96.s0.i1 1.0 0.0438158592023
DS.d96.s0.i2 -1 0.814424686093
DS.d96.s0.i3 1.0 0.126770021574
DS.d96.s1.i0 1.0 1.09232763111
DS.d96.s1.i1 1.0 0.737980911132
DS.d97.s0.i0 1.0 0.857292672667
DS.d99.s0.i0 1.0 1.91472995174
DS.d117.s0.i0 1.0 0.686544775077
DS.d117.s1.i0 1.0 0.335736824504
DS.d117.s1.i1 -1 0.0239132738002
DS.d117.s2.i0 1.0 1.39262397524
DS.d117.s2.i1 1.0 1.40065445255
DS.d117.s2.i2 -1 0.954018914355
DS.d117.s2.i3 -1 0.717993391858
DS.d117.s3.i0 1.0 1.35002694755
DS.d117.s3.i1 1.0 1.20286078791
DS.d117.s3.i2 1.0 1.27649366264
DS.d117.s3.i3 1.0 1.39017471469
DS.d118.s0.i0 1.0 0.858185623338
DS.d118.s1.i0 1.0 -0.213086000338
DS.d118.s2.i0 1.0 1.00940168548
DS.d123.s0.i0 -1 -0.352364649242
DS.d148.s0.i0 -1 -0.946710308366
DS.d148.s0.i1 -1 -1.39896791872
DS.d148.s0.i2 1.0 0.690665891248
DS.d148.s0.i3 -1 -0.834087844586
DS.d148.s0.i4 -1 -1.49161871151
DS.d148.s0.i5 -1 -1.2283993951
DS.d148.s0.i6 -1 -1.278718667
DS.d148.s0.i7 -1 -1.39469866248
DS.d148.s0.i8 -1 -0.591238046489
DS.d148.s0.i9 1.0 0.892790967339
DS.d148.s0.i10 -1 -1.15999119151
DS.d148.s0.i11 1.0 0.455344715588
DS.d148.s0.i12 -1 -0.757537313873
DS.d148.s0.i13 1.0 0.886865161752
DS.d148.s0.i14 -1 -1.11159427423
DS.d148.s0.i15 -1 -1.2514988193
DS.d148.s0.i16 -1 -1.48231636852
DS.d148.s0.i17 1.0 1.06494317996
DS.d148.s0.i18 -1 -1.52504066215
DS.d148.s0.i19 1.0 0.733047298519
DS.d148.s0.i20 1.0 0.353333588791
DS.d148.s0.i21 -1 -1.03315264962
DS.d148.s0.i22 1.0 0.682511669149
DS.d148.s0.i23 -1 -1.57512812074
DS.d148.s0.i24 1.0 0.869289151049
DS.d148.s0.i25 -1 -0.641557318392
DS.d148.s0.i26 -1 -0.829857219499
DS.d148.s1.i0 -1 -0.898933165763
DS.d148.s1.i1 1.0 1.14640317175
DS.d148.s1.i2 -1 -1.10808186172
DS.d148.s1.i3 -1 -0.901045079965
DS.d148.s1.i4 1.0 1.70060770676
DS.d148.s1.i5 -1 -0.0870277275227
DS.d148.s1.i6 -1 -0.576070726094
DS.d148.s1.i7 -1 -0.544674518773
DS.d154.s0.i0 1.0 -0.53134369492
DS.d154.s0.i1 1.0 0.0490323685355
DS.d164.s0.i0 -1 0.681693255941
DS.d164.s0.i1 -1 0.0756837137831
DS.d164.s0.i2 -1 -0.773523257494
DS.d165.s0.i0 -1 1.24037137591
DS.d165.s0.i1 -1 1.3900724316
DS.d165.s0.i2 -1 0.361635156389
DS.d165.s0.i3 -1 0.547741123366
DS.d165.s0.i4 1.0 0.867246284731
DS.d165.s0.i5 1.0 1.5141726632
DS.d165.s1.i0 1.0 -0.325114119556
DS.d165.s1.i1 1.0 0.352704268848
DS.d165.s1.i2 1.0 -0.296620257696
DS.d165.s1.i3 1.0 0.677063177819
DS.d165.s1.i4 1.0 0.778992704566
DS.d165.s1.i5 1.0 0.535679720478
DS.d165.s2.i0 1.0 2.05564266752
DS.d165.s2.i1 1.0 1.35013048033
DS.d165.s2.i2 1.0 1.33827430447
DS.d165.s2.i3 1.0 1.17628433857
DS.d165.s3.i0 -1 0.307394164149
DS.d165.s3.i1 -1 0.321918123282
DS.d165.s3.i2 -1 0.1734631275
DS.d165.s4.i0 1.0 -0.329586900735
DS.d165.s4.i1 1.0 -0.204846063971
DS.d165.s5.i0 -1 0.0119560126387
DS.d165.s5.i1 1.0 -0.198264932527
DS.d165.s5.i2 -1 0.656627255194
DS.d165.s5.i3 1.0 0.414433429269
DS.d165.s6.i0 1.0 1.64484123829
DS.d165.s6.i1 1.0 0.73590818887
DS.d165.s6.i2 1.0 0.890556128573
DS.d165.s6.i3 1.0 0.799274436545
DS.d165.s6.i4 1.0 1.71647601495
DS.d165.s6.i5 1.0 0.600208987487
DS.d166.s0.i0 1.0 0.336772178868
DS.d173.s0.i0 1.0 -0.215438137165
DS.d197.s0.i0 1.0 0.972123368449
DS.d197.s0.i1 1.0 1.06293935307
DS.d206.s0.i0 1.0 1.52890138064
DS.d206.s0.i1 1.0 1.31051799528
DS.d206.s0.i2 1.0 1.34495542463
DS.d206.s0.i3 1.0 1.07057019104
DS.d206.s0.i4 1.0 1.20339268461
DS.d206.s0.i5 1.0 1.03299648511
DS.d206.s0.i6 1.0 1.13364175581
DS.d206.s0.i7 1.0 1.3006823589
DS.d223.s0.i0 1.0 0.561359732275
DS.d223.s0.i1 -1 -0.761692423772
DS.d223.s1.i0 1.0 1.33723085207
DS.d223.s1.i1 -1 0.829668482588
DS.d245.s0.i0 1.0 0.721832495205
DS.d245.s0.i1 1.0 0.871742592952
DS.d245.s0.i2 1.0 0.725629631576
DS.d255.s0.i0 -1 -0.454056860371
DS.d255.s0.i1 -1 0.596867282901
DS.d262.s0.i0 -1 0.658260438403
DS.d266.s0.i0 1.0 0.745691125696
DS.d277.s0.i0 1.0 1.97310148231
DS.d287.s0.i0 1.0 0.736557920026
DS.d287.s0.i1 1.0 1.22484082758
DS.d287.s1.i0 -1 -1.24668919037
DS.d287.s1.i1 -1 -0.443916311768
DS.d287.s2.i0 1.0 1.06060411606
DS.d287.s2.i1 -1 1.17181735146
DS.d287.s3.i0 1.0 0.0432634824235
DS.d318.s0.i0 1.0 0.83217194063
DS.d318.s0.i1 1.0 0.886403580774
DS.d320.s0.i0 -1 0.0574520691394
DS.d320.s0.i1 1.0 0.965966498588
DS.d330.s0.i0 1.0 0.227564012066
DS.d330.s0.i1 1.0 0.227564012066
DS.d332.s0.i0 1.0 0.624408641997
DS.d338.s0.i0 1.0 1.88722991288
DS.d338.s0.i1 1.0 1.83941608158
DS.d351.s0.i0 -1 -0.758961836564
DS.d351.s0.i1 -1 -0.346276166733
DS.d351.s0.i2 -1 -0.929364988393
DS.d351.s0.i3 -1 -0.494195571441
DS.d397.s0.i0 -1 -0.0977528240884
DS.d397.s0.i1 -1 0.554326050282
DS.d397.s0.i2 1.0 0.469795145658
DS.d399.s0.i0 1.0 0.956661001256
DS.d400.s0.i0 1.0 0.230665809563
DS.d400.s0.i1 1.0 0.157298774268
DS.d406.s0.i0 -1 -0.301223975288
DS.d427.s0.i0 1.0 -0.229139573856
DS.d427.s0.i1 1.0 0.567444372332
DS.d430.s0.i0 1.0 1.29607040375
DS.d430.s0.i1 1.0 1.29324823841
DS.d430.s0.i2 1.0 1.52085962608
DS.d430.s0.i3 1.0 1.02855186161
DS.d437.s0.i0 -1 -0.20298548024
DS.d437.s0.i1 -1 0.19092586884
DS.d437.s0.i2 1.0 1.52041646849
DS.d466.s0.i0 1.0 1.55699065243
DS.d473.s0.i0 -1 -0.499140089051
DS.d473.s0.i1 -1 -0.497530813732
DS.d476.s0.i0 1.0 1.43560001065
DS.d476.s0.i1 1.0 1.78414794656
DS.d500.s0.i0 1.0 2.21223235905
DS.d506.s0.i0 1.0 -0.137032034314
DS.d506.s0.i1 1.0 0.244548023932
DS.d526.s0.i0 1.0 1.02950249758
DS.d526.s0.i1 1.0 1.13436323836
DS.d526.s0.i2 1.0 1.2585177958
DS.d526.s0.i3 1.0 -0.18538489783
DS.d526.s1.i0 1.0 0.573412046824
DS.d526.s1.i1 1.0 0.573412046824
DS.d526.s2.i0 -1 -0.70097471202
DS.d526.s2.i1 -1 -0.228853804223
DS.d530.s0.i0 -1 0.0999233697201
DS.d531.s0.i0 1.0 0.906762218907
DS.d531.s0.i1 1.0 0.749558259337
DS.d531.s0.i2 1.0 0.773598602671
DS.d531.s0.i3 1.0 0.568618837546
DS.d531.s0.i4 1.0 0.611945106438
DS.d548.s0.i0 -1 -0.893775384188
DS.d548.s0.i1 -1 -0.506332580648
DS.d551.s0.i0 1.0 1.81441835123
DS.d562.s0.i0 -1 -0.0813964406941
DS.d562.s1.i0 1.0 0.931806827464
DS.d567.s0.i0 1.0 0.111946073633
DS.d567.s0.i1 1.0 2.40089419032
DS.d567.s1.i0 1.0 1.27104541213
DS.d567.s1.i1 -1 -0.804100771004
DS.d567.s1.i2 1.0 1.12253839884
DS.d573.s0.i0 1.0 1.32781740152
DS.d573.s0.i1 1.0 1.67091817893
DS.d573.s0.i2 1.0 1.48389038507
DS.d573.s0.i3 1.0 0.963065404894
DS.d582.s0.i0 1.0 -0.102651415338
DS.d582.s0.i1 1.0 0.0136357272098
DS.d621.s0.i0 1.0 1.59410129631
DS.d621.s0.i1 1.0 1.28502643252
DS.d621.s1.i0 1.0 0.874489611004
DS.d621.s2.i0 -1 -0.288430291086
DS.d621.s2.i1 1.0 0.115012227779
DS.d621.s3.i0 1.0 -0.0810984329416
DS.d621.s4.i0 -1 -0.394737589841
DS.d621.s4.i1 1.0 0.9325647514
DS.d622.s0.i0 1.0 1.5260851503
DS.d622.s1.i0 1.0 1.74492809637
DS.d624.s0.i0 1.0 1.38438982857
DS.d624.s0.i1 1.0 1.5462645834
DS.d624.s0.i2 1.0 1.27694721031
DS.d624.s0.i3 1.0 1.41845250772
DS.d624.s1.i0 1.0 0.77153442705
DS.d624.s1.i1 1.0 1.04621828903
DS.d624.s1.i2 -1 0.713721563309
DS.d624.s1.i3 1.0 0.77153442705
DS.d624.s1.i4 -1 0.561777486958
DS.d624.s1.i5 1.0 1.04621828903
DS.d624.s1.i6 -1 0.642324650443
DS.d624.s1.i7 -1 0.632994926807
DS.d624.s2.i0 1.0 1.33562712792
DS.d624.s2.i1 1.0 1.33562712792
DS.d624.s2.i2 1.0 1.1270233874
DS.d624.s3.i0 1.0 0.22193422695
DS.d624.s3.i1 1.0 0.462885344164
DS.d624.s3.i2 -1 0.600498515992
DS.d624.s3.i3 1.0 0.757238516843
DS.d624.s4.i0 1.0 0.988420189126
DS.d624.s4.i1 1.0 0.710895407427
DS.d624.s4.i2 1.0 0.912667323865
DS.d625.s0.i0 -1 0.81191157148
DS.d625.s0.i1 -1 -0.778821569026
DS.d625.s0.i2 -1 0.868517140965
DS.d625.s0.i3 -1 0.663755473867
DS.d625.s1.i0 1.0 0.0672689446122
DS.d625.s1.i1 1.0 0.00947316772407
DS.d650.s0.i0 1.0 1.56654850511
DS.d650.s1.i0 1.0 0.882696545875
DS.d650.s1.i1 1.0 0.890867663218
DS.d650.s2.i0 1.0 1.79209056208
DS.d650.s2.i1 1.0 2.3804446538
DS.d650.s3.i0 1.0 1.00699881129
DS.d650.s3.i1 1.0 1.25819629308
DS.d659.s0.i0 1.0 1.18003660138
DS.d660.s0.i0 1.0 0.881249055707
DS.d660.s0.i1 1.0 0.633155862917
DS.d662.s0.i0 1.0 0.189282514439
DS.d662.s0.i1 1.0 1.10461293018
DS.d662.s0.i2 -1 -0.361071163248
DS.d662.s0.i3 1.0 0.22968965566
DS.d673.s0.i0 1.0 1.29976731231
DS.d697.s0.i0 1.0 0.336074023446
DS.d697.s0.i1 1.0 0.15982018315
DS.d697.s0.i2 1.0 0.467878944448
DS.d697.s0.i3 1.0 0.452823389196
DS.d714.s0.i0 -1 -0.372298674309
DS.d714.s0.i1 -1 -0.75510940606
DS.d714.s1.i0 -1 -0.275330363617
DS.d714.s2.i0 -1 -0.825460630028
DS.d726.s0.i0 1.0 1.42170738728
DS.d729.s0.i0 -1 0.703646177281
DS.d746.s0.i0 1.0 1.38578498003
DS.d747.s0.i0 1.0 0.915201837252
DS.d747.s0.i1 1.0 0.564969435505
DS.d747.s0.i2 1.0 0.915201837252
DS.d747.s0.i3 1.0 0.564969435505
DS.d754.s0.i0 1.0 -0.0189065119495
DS.d754.s0.i1 1.0 1.05423541353
DS.d754.s0.i2 1.0 0.724970823934
DS.d755.s0.i0 1.0 1.06172437841
DS.d755.s0.i1 1.0 0.372967346631
DS.d772.s0.i0 -1 0.944150160955
DS.d772.s0.i1 -1 0.800036617581
DS.d775.s0.i0 1.0 1.00079126726
DS.d778.s0.i0 1.0 1.1695738197
DS.d778.s1.i0 -1 0.295781560794
DS.d778.s1.i1 1.0 1.06700668608
DS.d778.s2.i0 1.0 1.78443122547
DS.d778.s2.i1 1.0 1.22239839256
DS.d798.s0.i0 1.0 0.869881685665
DS.d803.s0.i0 1.0 -0.431828631733
DS.d803.s0.i1 1.0 -0.572889645323
DS.d803.s0.i2 1.0 -0.422452578238
DS.d803.s0.i3 1.0 -0.521749972399
DS.d803.s1.i0 1.0 -0.292552912336
DS.d803.s1.i1 1.0 -0.157935657103
DS.d803.s2.i0 1.0 0.937940725132
DS.d803.s2.i1 1.0 0.749682454892
DS.d813.s0.i0 -1 1.04882632853
DS.d815.s0.i0 1.0 -0.71377578644
DS.d815.s0.i1 1.0 -0.381853817788
DS.d815.s0.i2 1.0 -0.0111657942189
DS.d819.s0.i0 -1 1.01073227808
DS.d819.s0.i1 -1 0.445611262945
DS.d821.s0.i0 -1 0.560533184187
DS.d821.s0.i1 -1 0.516261813481
DS.d831.s0.i0 1.0 1.54274550522
DS.d835.s0.i0 1.0 -0.169774150903
DS.d853.s0.i0 1.0 0.613143632101
DS.d867.s0.i0 1.0 1.38256263661
DS.d869.s0.i0 1.0 0.945487259439
DS.d869.s1.i0 1.0 0.671152083082
DS.d869.s2.i0 1.0 -0.00219086973686
DS.d892.s0.i0 -1 0.603829453834
DS.d892.s0.i1 -1 -0.418725165368
DS.d892.s1.i0 -1 -1.2776829101
DS.d894.s0.i0 1.0 -0.686804050789
DS.d894.s0.i1 1.0 -0.722970467992
DS.d897.s0.i0 -1 -1.87217600252
DS.d897.s0.i1 -1 -0.364398367214
DS.d904.s0.i0 1.0 1.7240434003
DS.d904.s0.i1 1.0 1.72662450442
DS.d904.s0.i2 -1 1.3721095536
DS.d908.s0.i0 1.0 1.53528407041
DS.d908.s1.i0 1.0 0.815749217025
DS.d908.s1.i1 1.0 0.19784755101
DS.d908.s1.i2 1.0 0.537426225013
DS.d910.s0.i0 1.0 1.56968284221
DS.d910.s1.i0 -1 1.51066555188
DS.d912.s0.i0 -1 0.923376121377
DS.d912.s1.i0 1.0 1.07296456555
DS.d914.s0.i0 -1 0.46396472274
DS.d922.s0.i0 1.0 0.568353348395
DS.d942.s0.i0 -1 -0.599318793034
DS.d942.s0.i1 -1 -1.18002964811
DS.d944.s0.i0 1.0 1.06183838738
DS.d944.s0.i1 1.0 1.35874592901
DS.d944.s0.i2 1.0 1.79763855115
DS.d944.s0.i3 1.0 1.12057004442
DS.d944.s0.i4 1.0 1.19984091231
DS.d944.s0.i5 1.0 1.64507798931
DS.d944.s0.i6 1.0 1.25928731711
DS.d944.s0.i7 1.0 0.89586207035
DS.d946.s0.i0 1.0 0.927538514694
DS.d946.s0.i1 1.0 0.776812325102
DS.d946.s1.i0 -1 -1.16784059095
DS.d946.s1.i1 1.0 0.364794064314
DS.d946.s1.i2 -1 0.397828591726
DS.d948.s0.i0 1.0 0.599851920758
DS.d948.s0.i1 1.0 0.11112446198
DS.d948.s0.i2 1.0 0.364004758007
DS.d948.s0.i3 1.0 0.469998707559
DS.d948.s0.i4 1.0 0.599851920758
DS.d948.s0.i5 1.0 0.469998707559
DS.d996.s0.i0 -1 0.546193014233
DS.d996.s0.i1 -1 0.310316784193
DS.d996.s0.i2 -1 -0.286446354658
DS.d1002.s0.i0 -1 -0.496898453476
DS.d1004.s0.i0 1.0 0.659959626009
DS.d1004.s0.i1 1.0 0.735232749347
DS.d1004.s1.i0 1.0 0.614087784342
DS.d1004.s1.i1 1.0 0.582180024011
DS.d1004.s1.i2 1.0 0.342757527967
DS.d1004.s1.i3 1.0 0.885891773049
DS.d1015.s0.i0 -1 0.260821785806
DS.d1015.s0.i1 -1 0.260821785806
DS.d1017.s0.i0 -1 -0.916286828284
DS.d1017.s0.i1 -1 -0.545631598339
DS.d1017.s0.i2 -1 -0.481577859814
DS.d1017.s0.i3 -1 -1.02641106539
DS.d1035.s0.i0 1.0 -0.0831427369017
DS.d1035.s1.i0 1.0 -0.374331667894
DS.d1035.s2.i0 -1 -0.676058323623
DS.d1040.s0.i0 1.0 0.424513537418
DS.d1040.s0.i1 1.0 0.309618310139
DS.d1040.s1.i0 1.0 0.131569840299
DS.d1040.s2.i0 1.0 0.656721627805
DS.d1054.s0.i0 1.0 0.0205343416887
DS.d1054.s0.i1 1.0 0.170362626119
DS.d1054.s1.i0 1.0 -0.368157690359
DS.d1054.s2.i0 -1 0.126503626598
DS.d1054.s2.i1 -1 0.0616885730461
DS.d1060.s0.i0 1.0 0.994676592708
DS.d1078.s0.i0 1.0 0.131527271983
DS.d1080.s0.i0 1.0 1.01161887364
DS.d1099.s0.i0 1.0 0.675002484036
DS.d1104.s0.i0 1.0 -0.210160771762
DS.d1104.s1.i0 -1 0.387031298267
DS.d1129.s0.i0 1.0 0.226255014622
DS.d1129.s1.i0 1.0 0.876122984503
DS.d1129.s1.i1 1.0 1.10755578167
DS.d1129.s2.i0 1.0 0.377316655128
DS.d1131.s0.i0 -1 -2.15015772749
DS.d1137.s0.i0 -1 -0.0933656496105
DS.d1158.s0.i0 1.0 0.35309226087
DS.d1163.s0.i0 1.0 0.143884256938
DS.d1163.s0.i1 1.0 0.107205634505
DS.d1163.s0.i2 -1 -1.23032171528
DS.d1163.s1.i0 1.0 1.25804039627
DS.d1180.s0.i0 1.0 1.01252962855
DS.d1204.s0.i0 1.0 1.14939542784
DS.d1204.s0.i1 1.0 1.56322396054
DS.d1204.s1.i0 1.0 1.20266126111
DS.d1204.s1.i1 1.0 1.57279036594
DS.d1204.s2.i0 -1 0.203318865648
DS.d1212.s0.i0 -1 -1.03067845563
DS.d1212.s0.i1 -1 -1.08869700875
DS.d1212.s0.i2 -1 -0.972193751437
DS.d1212.s0.i3 -1 -0.848701430448
DS.d1212.s0.i4 -1 -0.9783343454
DS.d1212.s0.i5 -1 -1.30656969037
DS.d1212.s0.i6 -1 -0.991432743422
DS.d1212.s0.i7 -1 -0.851751676532
DS.d1212.s0.i8 -1 -1.14124153025
DS.d1212.s0.i9 -1 -1.1222181286
DS.d1212.s0.i10 -1 -0.995941865295
DS.d1212.s0.i11 -1 -1.02653539267
DS.d1212.s1.i0 -1 -1.42827496033
DS.d1212.s1.i1 -1 -1.02797348928
DS.d1212.s1.i2 -1 -0.703591919427
DS.d1212.s1.i3 -1 -0.817225082595
DS.d1212.s1.i4 -1 -2.10763636714
DS.d1212.s1.i5 -1 -1.09669612279
DS.d1212.s2.i0 -1 -0.881608153798
DS.d1212.s2.i1 -1 -1.55374802279
DS.d1222.s0.i0 1.0 0.317471320899
DS.d1222.s0.i1 1.0 0.975109142832
DS.d1222.s1.i0 1.0 1.43279318565
DS.d1222.s1.i1 1.0 1.31882817302
DS.d1222.s2.i0 1.0 0.374939571173
DS.d1222.s2.i1 1.0 0.335389230574
DS.d1230.s0.i0 -1 -0.718156745554
DS.d1230.s0.i1 -1 -0.596539183369
DS.d1230.s0.i2 -1 -0.258164560823
DS.d1230.s0.i3 -1 -0.325707061853
DS.d1230.s0.i4 -1 -0.818735217677
DS.d1230.s0.i5 -1 -0.364986994956
DS.d1230.s0.i6 -1 -0.360231445938
DS.d1230.s0.i7 -1 -0.822500049706
DS.d1247.s0.i0 -1 -0.484440848378
DS.d1252.s0.i0 1.0 0.132767716083
DS.d1252.s1.i0 1.0 0.104845074916
DS.d1252.s1.i1 1.0 0.0937485622834
DS.d1255.s0.i0 1.0 -0.144183347204
DS.d1255.s1.i0 1.0 -0.218514635885
DS.d1255.s1.i1 1.0 -0.400064691317
DS.d1255.s2.i0 -1 -0.330959646288
DS.d1255.s3.i0 1.0 0.324554363087
DS.d1265.s0.i0 1.0 -0.426496113827
DS.d1265.s0.i1 1.0 0.0921856027821
DS.d1265.s0.i2 1.0 -0.176482702847
DS.d1265.s0.i3 1.0 -0.451736252786
DS.d1265.s0.i4 1.0 -0.432706559915
DS.d1265.s0.i5 1.0 -0.61117351184
DS.d1265.s0.i6 1.0 -0.676338207099
DS.d1265.s0.i7 1.0 -0.296313041537
DS.d1265.s0.i8 1.0 -0.46593499724
DS.d1265.s0.i9 1.0 0.0741665317553
DS.d1265.s0.i10 1.0 -0.230459407118
DS.d1265.s0.i11 1.0 -0.352771042529
DS.d1265.s0.i12 1.0 -0.248273033335
DS.d1265.s0.i13 1.0 -0.578590721325
DS.d1265.s0.i14 1.0 -0.0969456738284
DS.d1265.s0.i15 1.0 -0.277283015145
DS.d1270.s0.i0 -1 -1.10503965264
DS.d1270.s0.i1 -1 -1.50051884951
DS.d1270.s0.i2 -1 -0.401966944779
DS.d1270.s0.i3 -1 -0.460916225177
DS.d1283.s0.i0 -1 0.71767162713
DS.d1294.s0.i0 -1 -0.240753179638
DS.d1294.s0.i1 -1 -0.0650763070546
DS.d1297.s0.i0 1.0 1.20553768141
DS.d1317.s0.i0 1.0 0.827202104066
DS.d1317.s0.i1 1.0 0.476882590583
DS.d1317.s0.i2 1.0 0.685073439497
DS.d1319.s0.i0 1.0 1.29658888658
DS.d1319.s0.i1 1.0 1.38701767378
DS.d1339.s0.i0 1.0 0.622395987329
DS.d1343.s0.i0 1.0 0.484393056989
DS.d1370.s0.i0 1.0 1.2137855532
DS.d1374.s0.i0 -1 -0.460955727412
DS.d1374.s0.i1 -1 -0.500129341501
DS.d1392.s0.i0 -1 -0.368503938376
DS.d1393.s0.i0 -1 0.351009291419
DS.d1398.s0.i0 1.0 -0.715721135313
DS.d1419.s0.i0 1.0 0.986678595897
DS.d1419.s0.i1 1.0 0.964592832164
DS.d1421.s0.i0 1.0 0.93779032211
DS.d1421.s1.i0 1.0 1.30713716072
DS.d1427.s0.i0 -1 1.67302688206
DS.d1427.s0.i1 -1 0.427159765769
DS.d1429.s0.i0 -1 -0.216892560207
DS.d1429.s0.i1 -1 -0.607997443658
DS.d1429.s0.i2 -1 -0.314416077183
DS.d1434.s0.i0 1.0 1.76742070972
DS.d1434.s1.i0 1.0 0.685378759013
DS.d1435.s0.i0 1.0 1.60428303265
DS.d1435.s1.i0 1.0 0.786850124508
DS.d1442.s0.i0 -1 -0.828356928964
DS.d1442.s0.i1 -1 0.00755031074452
DS.d1452.s0.i0 1.0 0.900420589763
DS.d1452.s1.i0 1.0 -0.137237800519
DS.d1452.s1.i1 1.0 -0.50402280719
DS.d1452.s2.i0 1.0 -1.07062261179
DS.d1452.s3.i0 1.0 0.410450554865
DS.d1452.s4.i0 1.0 0.827764825984
DS.d1469.s0.i0 -1 -1.09538523198
DS.d1469.s1.i0 -1 -0.821382382528
DS.d1469.s1.i1 1.0 0.777725077048
DS.d1469.s1.i2 1.0 0.577371040534
DS.d1469.s1.i3 1.0 0.777725077048
DS.d1469.s1.i4 -1 -0.821382382528
DS.d1469.s1.i5 1.0 0.577371040534
DS.d1527.s0.i0 1.0 0.433305984591
DS.d1542.s0.i0 1.0 -1.09619065154
DS.d1542.s0.i1 1.0 -0.686768152973
DS.d1542.s0.i2 1.0 -0.816050635709
DS.d1542.s0.i3 1.0 -0.058963864119
DS.d1542.s0.i4 1.0 -1.00589900965
DS.d1542.s0.i5 1.0 -0.1308410991
DS.d1542.s0.i6 1.0 0.456824967449
DS.d1542.s0.i7 1.0 0.368622735977
DS.d1542.s0.i8 1.0 -1.25724861403
DS.d1542.s0.i9 1.0 0.201193176963
DS.d1545.s0.i0 1.0 1.11210073722
DS.d1545.s0.i1 1.0 1.0519099798
DS.d1559.s0.i0 -1 -0.665389267055
DS.d1559.s1.i0 -1 -0.907883765226
DS.d1562.s0.i0 1.0 0.452248270099
DS.d1576.s0.i0 -1 0.956834710665
DS.d1576.s1.i0 1.0 0.103267800457
DS.d1576.s2.i0 1.0 0.15978739888
DS.d1585.s0.i0 1.0 1.20594054098
DS.d1585.s0.i1 1.0 -0.0741992213084
DS.d1590.s0.i0 -1 -0.891642420468
DS.d1590.s0.i1 -1 -1.59157627629
DS.d1590.s0.i2 -1 -0.905166655396
DS.d1590.s0.i3 -1 -0.459084837799
DS.d1590.s0.i4 -1 -0.931026330288
DS.d1592.s0.i0 -1 -1.05276949829
DS.d1594.s0.i0 1.0 0.722265605337
DS.d1600.s0.i0 1.0 0.698088914329
DS.d1600.s1.i0 1.0 0.362200811734
DS.d1631.s0.i0 1.0 0.833601211216
DS.d1644.s0.i0 -1 -0.750418845084
DS.d1644.s0.i1 -1 -1.45115049837
DS.d1644.s1.i0 -1 -1.58510082921
DS.d1644.s1.i1 -1 -0.772248903733
DS.d1644.s1.i2 -1 -0.511842435331
DS.d1644.s2.i0 -1 -0.49268381495
DS.d1652.s0.i0 1.0 0.722022528951
DS.d1652.s1.i0 1.0 0.709695991649
DS.d1655.s0.i0 1.0 1.52495247965
DS.d1655.s1.i0 -1 -1.08240295481
DS.d1655.s1.i1 -1 -1.08240295481
DS.d1655.s1.i2 -1 0.596293297009
DS.d1671.s0.i0 1.0 1.19469658145
DS.d1674.s0.i0 -1 0.138904700106
DS.d1674.s0.i1 -1 -0.106086909263
DS.d1682.s0.i0 1.0 0.123247359152
DS.d1682.s0.i1 1.0 0.178876672727
DS.d1690.s0.i0 -1 -0.401750031206
DS.d1690.s0.i1 1.0 1.04240325817
DS.d1691.s0.i0 -1 0.281302189872
DS.d1700.s0.i0 1.0 0.546706864506
DS.d1700.s1.i0 1.0 0.231651364267
DS.d1702.s0.i0 1.0 0.848235955511
DS.d1705.s0.i0 -1 0.101382376937
DS.d1705.s0.i1 -1 -0.189116267545
DS.d1740.s0.i0 1.0 -0.709836529143
DS.d1740.s0.i1 1.0 -0.57571286822
DS.d1753.s0.i0 -1 0.062118146747
DS.d1753.s1.i0 -1 -0.873169337542
DS.d1761.s0.i0 -1 -0.385894568503
DS.d1761.s0.i1 -1 -0.419021270974
DS.d1761.s0.i2 -1 -0.20014301826
DS.d1761.s0.i3 -1 -0.646552793213
DS.d1793.s0.i0 -1 -1.32760920428
DS.d1793.s0.i1 -1 -0.651658760249
DS.d1796.s0.i0 1.0 1.53667034611
DS.d1797.s0.i0 1.0 -0.245870071157
DS.d1797.s0.i1 1.0 0.284376972637
DS.d1801.s0.i0 1.0 0.646875955491
DS.d1803.s0.i0 1.0 1.61929515007
DS.d1803.s1.i0 -1 0.465778355366
DS.d1803.s1.i1 1.0 0.618289858325
DS.d1803.s1.i2 -1 1.73013971158
DS.d1803.s1.i3 1.0 0.618321254551
DS.d1803.s1.i4 1.0 1.43368299291
DS.d1803.s1.i5 1.0 1.48596584214
DS.d1803.s2.i0 1.0 0.237545587771
DS.d1803.s3.i0 1.0 2.32456937108
DS.d1803.s3.i1 -1 1.31114692088
DS.d1820.s0.i0 1.0 0.400601650598
DS.d1857.s0.i0 1.0 -0.311966613337
DS.d1857.s1.i0 1.0 0.191441389095
DS.d1857.s1.i1 1.0 0.498872929333
DS.d1860.s0.i0 -1 -0.666791391377
DS.d1866.s0.i0 1.0 1.05115925292
DS.d1866.s0.i1 1.0 1.2173887248
DS.d1866.s0.i2 1.0 1.07291218229
DS.d1866.s0.i3 1.0 1.33279671243
DS.d1866.s1.i0 1.0 1.35632193547
DS.d1866.s1.i1 1.0 0.673208453809
DS.d1866.s1.i2 1.0 1.13934055759
DS.d1866.s1.i3 1.0 1.034925826
DS.d1866.s2.i0 1.0 0.652699130123
DS.d1866.s2.i1 1.0 0.652699130123
DS.d1871.s0.i0 -1 1.00219908462
DS.d1871.s0.i1 -1 1.05302173736
DS.d1871.s0.i2 -1 0.96028853479
DS.d1871.s1.i0 1.0 -0.20924599142
DS.d1874.s0.i0 1.0 0.605284934423
DS.d1874.s0.i1 1.0 0.780470163012
DS.d1894.s0.i0 -1 -0.174840802683
DS.d1894.s0.i1 -1 -0.402055708822
