DS.d12.s0.i0 -1 0.316046386304
DS.d12.s0.i1 -1 -0.0217220626845
DS.d12.s0.i2 -1 0.126523295486
DS.d12.s0.i3 -1 -0.545631278796
DS.d12.s1.i0 -1 -0.33823311918
DS.d12.s1.i1 -1 0.487623101977
DS.d12.s1.i2 -1 -0.286729179214
DS.d12.s1.i3 -1 -0.768914341859
DS.d24.s0.i0 1.0 1.69882139693
DS.d24.s0.i1 -1 0.538488108709
DS.d24.s1.i0 1.0 1.18191198538
DS.d24.s2.i0 -1 -0.150231457517
DS.d24.s3.i0 1.0 -0.620031191027
DS.d24.s3.i1 -1 -0.359414763884
DS.d27.s0.i0 -1 -0.87339456982
DS.d27.s0.i1 -1 -0.239633646137
DS.d28.s0.i0 1.0 -0.450909190136
DS.d28.s0.i1 1.0 -0.275178801041
DS.d28.s0.i2 1.0 -0.913644523421
DS.d31.s0.i0 1.0 0.788854245
DS.d38.s0.i0 -1 0.845493017221
DS.d38.s0.i1 -1 0.82194938617
DS.d44.s0.i0 -1 1.29627255801
DS.d44.s1.i0 -1 0.0580003468939
DS.d48.s0.i0 1.0 0.491188918571
DS.d48.s1.i0 1.0 1.31289861092
DS.d55.s0.i0 -1 0.271827629266
DS.d68.s0.i0 1.0 0.845718841841
DS.d68.s1.i0 1.0 1.09654914162
DS.d68.s2.i0 1.0 0.954601912393
DS.d68.s2.i1 1.0 0.722312246976
DS.d68.s2.i2 1.0 0.954601912393
DS.d72.s0.i0 -1 -0.594512577735
DS.d72.s0.i1 -1 -0.0452169045387
DS.d72.s0.i2 -1 -0.493114468077
DS.d85.s0.i0 1.0 -0.30855299947
DS.d85.s0.i1 1.0 0.0568931498384
DS.d85.s0.i2 1.0 -0.716967457619
DS.d85.s1.i0 -1 -0.797093520724
DS.d85.s1.i1 -1 -1.3659421012
DS.d85.s1.i2 -1 -0.557088451201
DS.d85.s1.i3 -1 -0.790076136008
DS.d85.s1.i4 -1 -0.825384780496
DS.d88.s0.i0 -1 -1.66004497087
DS.d88.s0.i1 -1 -0.295416029831
DS.d88.s0.i2 -1 -1.07279193059
DS.d88.s0.i3 -1 -1.89308492066
DS.d89.s0.i0 -1 -1.60902166804
DS.d89.s0.i1 -1 -1.11662696362
DS.d89.s0.i2 -1 -1.72941692646
DS.d89.s1.i0 -1 1.15726463595
DS.d89.s1.i1 -1 1.00998037522
DS.d90.s0.i0 1.0 -0.148039165698
DS.d90.s0.i1 -1 -1.27639300362
DS.d90.s0.i2 1.0 0.292983501503
DS.d106.s0.i0 1.0 0.320957333738
DS.d113.s0.i0 1.0 1.04732378915
DS.d113.s0.i1 1.0 1.14433246554
DS.d113.s1.i0 1.0 1.38646078416
DS.d114.s0.i0 1.0 0.979524979401
DS.d114.s0.i1 1.0 0.696434302624
DS.d114.s0.i2 1.0 0.833997246918
DS.d114.s0.i3 1.0 0.323117972711
DS.d114.s0.i4 1.0 0.623152032089
DS.d114.s0.i5 1.0 0.483117878509
DS.d114.s0.i6 1.0 0.789074480658
DS.d114.s0.i7 1.0 1.00055453992
DS.d124.s0.i0 -1 -0.514144150985
DS.d127.s0.i0 1.0 1.61127072355
DS.d133.s0.i0 1.0 1.2870144149
DS.d133.s1.i0 1.0 0.974659709457
DS.d141.s0.i0 -1 -1.22405362919
DS.d141.s1.i0 -1 -0.620466649879
DS.d143.s0.i0 1.0 0.700714384086
DS.d148.s0.i0 -1 -0.563764695263
DS.d148.s0.i1 -1 -0.543260390769
DS.d152.s0.i0 -1 -0.493040794732
DS.d152.s1.i0 -1 -0.108089360918
DS.d185.s0.i0 -1 0.534847432186
DS.d185.s0.i1 -1 0.534847432186
DS.d189.s0.i0 -1 -0.731170168452
DS.d189.s0.i1 -1 -1.50994683858
DS.d189.s1.i0 -1 -1.61134142489
DS.d220.s0.i0 1.0 -0.277064047631
DS.d220.s0.i1 1.0 0.151398255635
DS.d228.s0.i0 1.0 0.726195353006
DS.d228.s1.i0 1.0 -0.0917510578648
DS.d228.s1.i1 1.0 0.446570377458
DS.d238.s0.i0 -1 -0.296794912536
DS.d238.s0.i1 -1 -0.0127325295568
DS.d238.s0.i2 -1 0.0227843701987
DS.d238.s0.i3 -1 -0.11572346201
DS.d238.s0.i4 -1 -0.532300376242
DS.d238.s0.i5 -1 0.0695349725972
DS.d238.s0.i6 -1 -0.420857862432
DS.d238.s0.i7 -1 -0.470199593441
DS.d238.s0.i8 -1 -0.30627224384
DS.d238.s0.i9 -1 -0.212142795753
DS.d238.s0.i10 -1 -0.0944099401808
DS.d238.s0.i11 -1 -0.256743886402
DS.d238.s0.i12 -1 -0.642214506865
DS.d238.s0.i13 -1 -0.363764525851
DS.d238.s1.i0 1.0 0.476798554576
DS.d238.s1.i1 1.0 0.241390096158
DS.d240.s0.i0 -1 0.152654092919
DS.d240.s0.i1 -1 0.160521756941
DS.d240.s0.i2 -1 0.303774324244
DS.d240.s0.i3 -1 0.454063117468
DS.d255.s0.i0 1.0 -0.966217371382
DS.d255.s0.i1 1.0 0.259194662699
DS.d269.s0.i0 1.0 1.22905605704
DS.d278.s0.i0 1.0 0.703801855095
DS.d282.s0.i0 -1 -0.613866105415
DS.d289.s0.i0 1.0 1.32423996035
DS.d310.s0.i0 -1 -0.269016449146
DS.d310.s0.i1 -1 -0.419143499852
DS.d310.s0.i2 -1 -0.321275960772
DS.d310.s0.i3 -1 -0.548104494635
DS.d318.s0.i0 -1 -0.46165292351
DS.d318.s0.i1 -1 -0.620376619269
DS.d318.s0.i2 -1 -0.620376619269
DS.d318.s0.i3 -1 -0.46165292351
DS.d337.s0.i0 1.0 0.23777859027
DS.d337.s1.i0 1.0 0.856208740237
DS.d337.s1.i1 1.0 -0.005477020683
DS.d346.s0.i0 1.0 0.804934884222
DS.d346.s1.i0 -1 -0.903038740903
DS.d346.s1.i1 -1 -1.21520904313
DS.d351.s0.i0 -1 0.494218044948
DS.d351.s1.i0 -1 1.19847364863
DS.d373.s0.i0 1.0 0.474265770966
DS.d373.s1.i0 1.0 1.12645506236
DS.d375.s0.i0 -1 1.12051167984
DS.d375.s0.i1 1.0 0.969799834006
DS.d375.s0.i2 1.0 0.709715400171
DS.d375.s0.i3 1.0 0.857575258635
DS.d375.s0.i4 -1 0.921701549216
DS.d375.s0.i5 -1 1.30656827487
DS.d375.s0.i6 -1 1.22101299695
DS.d375.s0.i7 -1 1.34535839197
DS.d375.s0.i8 -1 1.15953782172
DS.d392.s0.i0 1.0 -0.23603467918
DS.d392.s0.i1 1.0 -0.0341869272013
DS.d392.s1.i0 1.0 0.436957217887
DS.d392.s1.i1 1.0 0.50865678501
DS.d392.s2.i0 1.0 0.687325590598
DS.d392.s2.i1 1.0 0.458779547067
DS.d403.s0.i0 -1 0.867444829713
DS.d406.s0.i0 -1 -0.423078411708
DS.d406.s1.i0 -1 -1.58995986872
DS.d406.s2.i0 -1 -1.36055528285
DS.d439.s0.i0 -1 0.42849293045
DS.d445.s0.i0 1.0 0.890821942527
DS.d446.s0.i0 1.0 -0.252160504216
DS.d446.s0.i1 1.0 -0.214122419818
DS.d446.s0.i2 1.0 -0.37585819639
DS.d446.s0.i3 1.0 -0.489351840852
DS.d446.s1.i0 1.0 -0.715051547929
DS.d465.s0.i0 1.0 1.45743132137
DS.d481.s0.i0 -1 0.287933635463
DS.d482.s0.i0 1.0 1.00190450208
DS.d482.s0.i1 1.0 1.5514474127
DS.d484.s0.i0 1.0 0.303281667128
DS.d485.s0.i0 -1 -0.158309785048
DS.d485.s1.i0 -1 -0.0695264635838
DS.d487.s0.i0 1.0 0.971890061417
DS.d487.s0.i1 1.0 0.849400480346
DS.d487.s0.i2 1.0 1.04264314403
DS.d496.s0.i0 -1 -1.47742523859
DS.d496.s0.i1 -1 -0.501203962315
DS.d496.s0.i2 -1 -0.782225994394
DS.d496.s0.i3 -1 -0.318676157082
DS.d512.s0.i0 -1 -0.148024176257
DS.d522.s0.i0 1.0 0.688525252019
DS.d527.s0.i0 -1 1.01254893291
DS.d527.s0.i1 -1 0.153800286329
DS.d549.s0.i0 1.0 0.421698477632
DS.d549.s1.i0 1.0 1.1173125527
DS.d549.s1.i1 1.0 1.23928589355
DS.d549.s1.i2 1.0 -0.448301795754
DS.d549.s1.i3 1.0 -1.07399053439
DS.d550.s0.i0 1.0 0.873912280561
DS.d550.s0.i1 1.0 -0.0364994950985
DS.d550.s0.i2 1.0 0.35388174791
DS.d550.s0.i3 1.0 -0.147541209768
DS.d550.s0.i4 1.0 -0.133382535894
DS.d550.s0.i5 1.0 0.985119298718
DS.d550.s0.i6 1.0 0.35388174791
DS.d550.s0.i7 1.0 0.748939732318
DS.d550.s0.i8 1.0 0.685279804549
DS.d550.s0.i9 1.0 0.985119298718
DS.d550.s0.i10 1.0 -0.108119764314
DS.d550.s0.i11 1.0 -0.504955414676
DS.d550.s0.i12 1.0 0.873912280561
DS.d550.s0.i13 1.0 0.685279804549
DS.d550.s0.i14 1.0 0.748939732318
DS.d550.s1.i0 1.0 0.78378214936
DS.d550.s1.i1 1.0 0.739825976732
DS.d550.s1.i2 1.0 0.739825976732
DS.d550.s1.i3 1.0 0.78378214936
DS.d570.s0.i0 -1 -1.07363503912
DS.d594.s0.i0 -1 -0.0581648068082
DS.d597.s0.i0 -1 1.30340661949
DS.d597.s0.i1 -1 0.79373201814
DS.d611.s0.i0 1.0 1.74274505197
DS.d630.s0.i0 -1 1.10094488936
DS.d641.s0.i0 1.0 1.21149807733
DS.d641.s1.i0 -1 1.15043690746
DS.d641.s1.i1 1.0 1.35548099926
DS.d641.s2.i0 1.0 0.678249835131
DS.d641.s3.i0 1.0 0.0672055175863
DS.d641.s3.i1 1.0 0.143837962306
DS.d656.s0.i0 1.0 0.22400091298
DS.d667.s0.i0 1.0 1.34706710614
DS.d667.s0.i1 1.0 1.64542521686
DS.d675.s0.i0 -1 0.743197205467
DS.d675.s1.i0 -1 -1.66925536557
DS.d677.s0.i0 -1 -0.612496555802
DS.d677.s0.i1 -1 -0.694031585895
DS.d677.s0.i2 -1 -0.939731870251
DS.d677.s0.i3 -1 -0.497055748031
DS.d677.s0.i4 -1 -0.908877504929
DS.d677.s0.i5 -1 -0.767551254908
DS.d677.s0.i6 -1 -0.973240612645
DS.d677.s0.i7 -1 -1.08228675109
DS.d677.s0.i8 -1 -0.815558217971
DS.d677.s0.i9 -1 -0.759833140023
DS.d677.s0.i10 -1 -0.756045586675
DS.d677.s0.i11 -1 -0.724646605842
DS.d677.s0.i12 -1 -0.583119485455
DS.d677.s0.i13 -1 -0.590837600341
DS.d677.s0.i14 -1 -0.906485011929
DS.d677.s0.i15 -1 -0.919485815715
DS.d677.s0.i16 -1 -0.929720083429
DS.d677.s0.i17 -1 -0.811478673463
DS.d677.s0.i18 -1 -0.775212931133
DS.d677.s0.i19 -1 -0.695168725015
DS.d679.s0.i0 -1 0.110905951537
DS.d679.s0.i1 -1 -0.0632994150069
DS.d679.s0.i2 -1 0.226495871045
DS.d679.s1.i0 -1 -0.701337768464
DS.d679.s1.i1 -1 -0.701337768464
DS.d679.s1.i2 -1 -0.523389194757
DS.d679.s1.i3 -1 -0.786782088441
DS.d683.s0.i0 1.0 1.19462337243
DS.d683.s0.i1 1.0 1.03544598527
DS.d683.s0.i2 1.0 0.619919551666
DS.d695.s0.i0 -1 -1.51652196619
DS.d695.s1.i0 -1 0.70475130208
DS.d695.s2.i0 -1 0.935368601785
DS.d695.s3.i0 -1 1.40497784559
DS.d698.s0.i0 1.0 0.95612351783
DS.d706.s0.i0 1.0 0.121403103667
DS.d707.s0.i0 1.0 1.67810478471
DS.d715.s0.i0 1.0 1.04394577979
DS.d715.s0.i1 1.0 0.505632261855
DS.d728.s0.i0 -1 -0.627862676457
DS.d740.s0.i0 1.0 -1.1558529259
DS.d759.s0.i0 1.0 1.02421160753
DS.d759.s0.i1 1.0 0.367751403021
DS.d762.s0.i0 -1 -1.07049309276
DS.d770.s0.i0 1.0 1.20296465494
DS.d770.s1.i0 1.0 -0.149508924541
DS.d773.s0.i0 -1 0.567929818288
DS.d773.s0.i1 -1 0.342811801682
DS.d787.s0.i0 1.0 1.4361385746
DS.d787.s0.i1 1.0 1.33537358045
DS.d787.s0.i2 1.0 1.19350957247
DS.d787.s0.i3 1.0 1.50736041365
DS.d787.s1.i0 1.0 0.607013989458
DS.d793.s0.i0 1.0 0.270697138139
DS.d803.s0.i0 -1 -1.58362959977
DS.d803.s0.i1 -1 -0.374294870297
DS.d803.s1.i0 -1 -1.50878698509
DS.d804.s0.i0 -1 -1.50790967068
DS.d804.s0.i1 -1 -1.08121269338
DS.d804.s0.i2 -1 -1.16637880004
DS.d804.s0.i3 -1 -1.24211137277
DS.d804.s0.i4 -1 -1.64764470592
DS.d804.s0.i5 -1 -1.22430986236
DS.d804.s0.i6 -1 -1.46356951535
DS.d804.s0.i7 -1 -1.23176542918
DS.d804.s0.i8 -1 -1.6102360554
DS.d804.s0.i9 -1 -1.11802121396
DS.d804.s1.i0 -1 -1.13323519284
DS.d804.s1.i1 -1 -1.0610206708
DS.d804.s1.i2 -1 -1.21110786023
DS.d804.s1.i3 -1 -1.35178388139
DS.d814.s0.i0 -1 -0.527359335594
DS.d814.s0.i1 -1 -1.6824332669
DS.d814.s1.i0 -1 -1.25083040701
DS.d814.s1.i1 -1 -0.37447329391
DS.d814.s1.i2 -1 0.0249601200741
DS.d814.s2.i0 -1 -1.34172660766
DS.d829.s0.i0 1.0 1.02648943375
DS.d829.s0.i1 1.0 0.906450496372
DS.d837.s0.i0 1.0 0.0990561279511
DS.d853.s0.i0 1.0 0.331348133364
DS.d853.s0.i1 1.0 0.321071055139
DS.d853.s1.i0 1.0 1.15182735466
DS.d853.s1.i1 1.0 1.15182735466
DS.d860.s0.i0 -1 -0.253910071142
DS.d860.s0.i1 1.0 0.33643593684
DS.d864.s0.i0 1.0 0.402373927152
DS.d864.s1.i0 1.0 0.397475362972
DS.d864.s1.i1 1.0 1.16848869802
DS.d889.s0.i0 1.0 1.55891090164
DS.d889.s1.i0 1.0 1.95149791386
DS.d893.s0.i0 -1 0.279433431085
DS.d923.s0.i0 -1 -0.145535983192
DS.d923.s1.i0 -1 -0.844557961753
DS.d946.s0.i0 1.0 0.87470128538
DS.d946.s0.i1 1.0 0.79766602845
DS.d951.s0.i0 -1 -0.642320098971
DS.d951.s0.i1 -1 -1.20449293648
DS.d951.s0.i2 -1 -0.72519406982
DS.d951.s0.i3 -1 -0.717464057411
DS.d951.s0.i4 -1 -1.08128142655
DS.d951.s0.i5 -1 -1.23691640045
DS.d951.s0.i6 -1 -0.834352992906
DS.d951.s0.i7 -1 -0.846001000174
DS.d951.s0.i8 -1 -1.23106988218
DS.d951.s0.i9 -1 -1.20241644911
DS.d951.s1.i0 1.0 0.600997903604
DS.d958.s0.i0 1.0 1.70470447083
DS.d958.s0.i1 1.0 1.97531379701
DS.d960.s0.i0 -1 -1.49408808478
DS.d1013.s0.i0 1.0 1.73825115641
DS.d1013.s1.i0 1.0 1.15346016192
DS.d1026.s0.i0 1.0 0.977906058313
DS.d1026.s0.i1 1.0 1.06421232821
DS.d1027.s0.i0 1.0 -0.352619624236
DS.d1027.s1.i0 1.0 0.254056052746
DS.d1027.s1.i1 1.0 0.458411037142
DS.d1030.s0.i0 -1 -0.877970525341
DS.d1048.s0.i0 1.0 0.725847798312
DS.d1048.s1.i0 1.0 0.533839554038
DS.d1048.s2.i0 1.0 0.909486163159
DS.d1048.s2.i1 1.0 1.07629004779
DS.d1055.s0.i0 1.0 0.970291435637
DS.d1055.s1.i0 1.0 -0.345273407729
DS.d1055.s1.i1 1.0 -0.504530257677
