DS.d836.s0.i0 -1 -0.948028422802
DS.d836.s0.i1 -1 -0.947879714861
DS.d836.s0.i2 -1 -0.840650931851
DS.d836.s0.i3 -1 -0.915100901671
DS.d836.s0.i4 -1 -0.801787242052
DS.d836.s0.i5 -1 -0.801619171983
DS.d836.s0.i6 -1 -0.599574090577
DS.d836.s0.i7 -1 -0.681180247505
DS.d836.s0.i8 -1 -1.00025354381
DS.d836.s0.i9 -1 -0.562285718917
DS.d868.s0.i0 -1 0.882279535589
DS.d868.s0.i1 -1 0.78875708448
DS.d891.s0.i0 1.0 0.973436334365
DS.d891.s0.i1 1.0 0.637634633368
DS.d891.s1.i0 -1 -0.292454271277
DS.d891.s2.i0 -1 -0.187724100946
DS.d891.s2.i1 1.0 0.297198643546
DS.d891.s3.i0 -1 -0.630044783852
DS.d905.s0.i1 1.0 1.26930268249
DS.d914.s0.i0 -1 0.177549558411
DS.d935.s0.i0 -1 -0.889554042504
DS.d935.s0.i1 -1 -0.699738670692
DS.d942.s0.i0 -1 -0.628469171639
DS.d942.s0.i1 -1 -1.3442259751
DS.d945.s0.i0 1.0 0.132115204299
DS.d945.s0.i1 1.0 0.221291936677
DS.d945.s1.i0 1.0 0.89313574879
DS.d955.s0.i0 -1 -0.823051498192
DS.d955.s0.i1 -1 -0.0643525353661
DS.d955.s1.i0 -1 -0.906720873043
DS.d955.s1.i1 -1 0.0375193801929
DS.d958.s0.i0 -1 -0.351467359619
DS.d958.s0.i1 -1 -0.254325828965
DS.d958.s0.i2 1.0 1.12320925551
DS.d958.s0.i3 -1 -0.609846766164
DS.d958.s0.i4 -1 -0.296651990197
DS.d972.s0.i0 1.0 1.71398377424
DS.d972.s0.i1 1.0 1.70600208866
DS.d972.s0.i2 1.0 1.43846237476
DS.d972.s0.i3 1.0 1.82507740354
DS.d972.s1.i0 1.0 1.56990452481
DS.d978.s0.i0 -1 -0.0657254823057
DS.d978.s0.i1 -1 0.0756402428999
DS.d995.s0.i0 -1 -0.649064144274
DS.d995.s1.i0 1.0 0.887721093014
DS.d995.s1.i1 1.0 0.800132609508
DS.d995.s2.i0 1.0 0.165727816645
DS.d995.s3.i0 1.0 1.47809296294
DS.d1002.s0.i0 -1 -0.614781548468
DS.d1003.s0.i0 -1 -0.602320064319
DS.d1003.s0.i1 -1 -0.613041734271
DS.d1005.s0.i0 1.0 0.569230170419
DS.d1007.s0.i0 1.0 0.420565389705
DS.d1007.s1.i0 1.0 0.780164865472
DS.d1007.s1.i1 1.0 0.657868108787
DS.d1007.s1.i2 1.0 0.513586397445
DS.d1007.s1.i3 1.0 0.0209027490603
DS.d1007.s1.i4 1.0 0.518625288541
DS.d1007.s1.i5 1.0 -0.00510999751036
DS.d1007.s2.i0 -1 -0.35448015681
DS.d1007.s3.i0 1.0 0.781437124065
DS.d1007.s4.i0 1.0 0.0983928989935
DS.d1007.s4.i1 1.0 0.483378379044
DS.d1021.s0.i0 -1 -0.472635424389
DS.d1026.s0.i0 1.0 0.418175569203
DS.d1026.s1.i0 1.0 1.59394390128
DS.d1047.s0.i0 -1 0.0663237541736
DS.d1047.s0.i1 -1 0.202608433933
DS.d1047.s0.i2 -1 0.546057637792
DS.d1047.s0.i3 -1 0.723425601317
DS.d1047.s0.i4 -1 -0.443796150768
DS.d1047.s0.i5 -1 -0.482348425709
DS.d1058.s0.i0 1.0 0.637669138049
DS.d1058.s1.i0 1.0 0.160631908073
DS.d1058.s1.i1 1.0 0.185503747685
DS.d1072.s0.i0 -1 0.230525189033
DS.d1074.s0.i0 -1 -0.0337899391935
DS.d1074.s1.i0 -1 0.904014949948
DS.d1088.s0.i0 1.0 0.54864509548
DS.d1091.s0.i0 1.0 0.684730322078
DS.d1091.s0.i1 1.0 0.850654071701
DS.d1091.s0.i2 1.0 0.54783306418
DS.d1094.s0.i0 -1 0.829879325211
DS.d1122.s0.i0 1.0 0.928622989275
DS.d1133.s0.i0 1.0 0.846174816283
DS.d1133.s0.i1 -1 1.06561589412
DS.d1141.s0.i0 1.0 -0.582941098223
DS.d1141.s0.i1 1.0 -0.193368865241
DS.d1152.s0.i0 -1 1.51953893975
DS.d1152.s0.i1 1.0 1.39944196832
DS.d1161.s0.i0 1.0 1.3407741413
DS.d1161.s0.i1 1.0 1.27688075843
DS.d1173.s0.i0 -1 0.347358564026
DS.d1175.s0.i0 1.0 0.613053319626
DS.d1177.s0.i0 -1 -0.846838590601
DS.d1177.s0.i1 -1 -0.900642995046
DS.d1177.s0.i2 -1 -0.884749432986
DS.d1177.s0.i3 -1 -0.0473828351183
DS.d1192.s0.i0 1.0 0.718199472146
DS.d1207.s0.i0 1.0 1.25301539378
DS.d1207.s1.i0 1.0 0.884765239877
DS.d1214.s0.i0 -1 0.164392940634
DS.d1214.s1.i0 -1 1.86847001338
DS.d1217.s0.i0 1.0 0.282095201215
DS.d1217.s0.i1 1.0 -0.179179334319
DS.d1217.s1.i0 1.0 0.648025998301
DS.d1226.s0.i0 -1 0.298300861897
DS.d1226.s0.i1 1.0 0.689217854307
DS.d1226.s0.i2 1.0 0.686774753391
DS.d1226.s0.i3 -1 0.227845448359
DS.d1245.s0.i0 -1 -0.0941905011109
DS.d1245.s0.i1 -1 -0.969517482491
DS.d1260.s0.i0 -1 1.78209036605
DS.d1264.s0.i0 1.0 1.77281867737
DS.d1264.s0.i1 1.0 1.15957567983
DS.d1264.s0.i2 1.0 1.73320789706
DS.d1264.s0.i3 1.0 1.05241824418
DS.d1270.s0.i0 -1 -1.17450775233
DS.d1270.s0.i1 -1 -1.61951818352
DS.d1270.s0.i2 -1 0.188573087547
DS.d1270.s0.i3 -1 0.0106870766524
DS.d1271.s0.i0 1.0 0.940081563757
DS.d1271.s1.i0 1.0 -0.10462277787
DS.d1282.s0.i0 -1 -0.316143018493
DS.d1299.s0.i0 -1 -0.322928308336
DS.d1299.s0.i1 -1 -0.322928308336
DS.d1299.s0.i2 1.0 -0.421460134841
DS.d1299.s0.i3 1.0 0.355467596934
DS.d1299.s0.i4 -1 -0.322928308336
DS.d1310.s0.i0 1.0 -0.0609439007002
DS.d1313.s0.i0 -1 0.460455402161
DS.d1315.s0.i0 -1 0.132177194821
DS.d1315.s1.i0 -1 0.0247259657298
DS.d1334.s0.i0 -1 0.13824328507
DS.d1336.s0.i0 -1 -1.6702268812
DS.d1340.s0.i0 1.0 1.21857102793
DS.d1357.s0.i0 -1 0.977367161232
DS.d1357.s0.i1 -1 0.577185798043
DS.d1371.s0.i0 -1 -0.538406747482
DS.d1384.s0.i0 1.0 1.22991739892
DS.d1399.s0.i0 1.0 0.227015210331
DS.d1399.s0.i1 1.0 0.431985210084
DS.d1428.s0.i0 1.0 1.00162262726
DS.d1435.s0.i0 1.0 1.43876210356
DS.d1435.s1.i0 1.0 0.994410239189
DS.d1436.s0.i0 1.0 0.644656715903
DS.d1436.s0.i1 1.0 0.444496710541
DS.d1437.s0.i0 1.0 0.243216175417
DS.d1440.s0.i0 1.0 0.984589820131
DS.d1440.s1.i0 1.0 0.258883753418
DS.d1440.s1.i1 1.0 0.57521753357
DS.d1442.s0.i0 -1 -1.21381192685
DS.d1442.s0.i1 -1 -0.901793173362
DS.d1443.s0.i0 1.0 0.204132432459
DS.d1443.s0.i1 -1 0.0152641035048
DS.d1458.s0.i0 1.0 0.765843375082
DS.d1459.s0.i0 1.0 0.880624248085
DS.d1459.s0.i1 1.0 0.551671060092
DS.d1468.s0.i0 1.0 1.08628866858
DS.d1468.s0.i1 1.0 1.14564451674
DS.d1468.s0.i2 1.0 0.193768214588
DS.d1468.s0.i3 1.0 0.158619023625
DS.d1468.s1.i0 -1 -0.278254567248
DS.d1468.s1.i1 -1 0.0482984669571
DS.d1468.s2.i0 -1 -0.342621387557
DS.d1468.s2.i1 -1 -0.336147556568
DS.d1468.s3.i0 -1 0.836107046529
DS.d1468.s3.i1 -1 1.18460121746
DS.d1468.s3.i2 -1 0.675160325143
DS.d1518.s0.i0 -1 1.1258831474
DS.d1521.s0.i0 1.0 1.69953831603
DS.d1521.s0.i1 1.0 1.97636129289
DS.d1524.s0.i0 -1 1.22605770225
DS.d1524.s0.i1 -1 1.18137513034
DS.d1524.s0.i2 1.0 1.42408617101
DS.d1524.s0.i3 -1 1.34577789361
DS.d1524.s0.i4 -1 1.17618649691
DS.d1524.s0.i5 1.0 1.25523190844
DS.d1538.s0.i0 1.0 0.907971853735
DS.d1538.s0.i1 1.0 0.494784320956
DS.d1544.s0.i0 1.0 0.918756363855
DS.d1544.s1.i0 1.0 0.67214237456
DS.d1560.s0.i0 -1 -0.827545741567
DS.d1560.s0.i1 -1 -0.943277490239
DS.d1564.s0.i0 -1 -0.862439857951
DS.d1580.s0.i0 1.0 1.07589454897
DS.d1580.s0.i1 1.0 0.945176495748
DS.d1580.s1.i0 1.0 1.06811261744
DS.d1580.s2.i0 1.0 0.687357527011
DS.d1580.s2.i1 1.0 -0.0445056160313
DS.d1582.s0.i0 1.0 0.470176157293
DS.d1582.s0.i1 1.0 0.107466945841
DS.d1590.s0.i0 -1 -0.304964949627
DS.d1590.s0.i1 -1 -1.09424796873
DS.d1590.s0.i2 -1 -0.354571925249
DS.d1590.s0.i3 -1 -0.251141345174
DS.d1590.s0.i4 -1 -0.386618440851
DS.d1597.s0.i0 -1 -1.13723633643
DS.d1621.s0.i0 1.0 1.67017172464
DS.d1621.s1.i0 1.0 0.60993099334
DS.d1624.s0.i0 -1 -1.70494681658
DS.d1624.s0.i1 -1 -1.48527414629
DS.d1624.s0.i2 -1 -0.524370327145
DS.d1624.s0.i3 -1 -1.3581865823
DS.d1634.s0.i0 -1 -1.47935714994
DS.d1634.s0.i1 -1 -1.21544905217
DS.d1634.s0.i2 -1 -1.19757424813
DS.d1634.s0.i3 -1 -0.727608348575
DS.d1634.s0.i4 -1 -1.33054614574
DS.d1634.s0.i5 -1 -1.01477021884
DS.d1634.s0.i6 -1 -1.63731090892
DS.d1634.s0.i7 -1 -1.05303338464
DS.d1634.s0.i8 -1 -1.49694764107
DS.d1634.s0.i9 -1 -0.995184993857
DS.d1634.s1.i0 -1 -1.40864390743
DS.d1634.s1.i1 -1 -1.42654289897
DS.d1634.s1.i2 -1 -1.85322112299
DS.d1634.s1.i3 -1 -1.9390211868
DS.d1639.s0.i0 -1 0.899726767211
DS.d1643.s0.i0 -1 -1.67997484394
DS.d1643.s0.i1 -1 -1.01699806901
DS.d1643.s0.i2 -1 -1.70678585974
DS.d1643.s0.i3 -1 -0.596377668617
DS.d1643.s1.i0 -1 -1.16697060229
DS.d1643.s2.i0 -1 -1.04619155074
DS.d1656.s0.i1 -1 -1.36757891638
DS.d1656.s0.i2 -1 -0.968504326695
DS.d1656.s0.i5 -1 -0.609644787335
DS.d1656.s0.i7 -1 -1.3056764154
DS.d1656.s0.i8 -1 -0.495176419856
DS.d1656.s0.i9 -1 -1.19457307655
DS.d1656.s0.i10 -1 -0.908279042503
DS.d1656.s0.i11 -1 -1.32838792956
DS.d1656.s0.i12 -1 -1.20069135311
DS.d1674.s0.i0 -1 0.270206252051
DS.d1674.s0.i1 -1 -0.275475813421
DS.d1685.s0.i0 1.0 1.59790824395
DS.d1685.s1.i0 1.0 0.388692416661
DS.d1692.s0.i0 -1 -0.462367433563
DS.d1704.s0.i0 1.0 1.2906475561
DS.d1704.s0.i1 1.0 1.00864431901
DS.d1707.s0.i0 -1 0.454961845309
DS.d1710.s0.i0 -1 -1.65195947915
DS.d1710.s0.i1 -1 -1.46970722554
DS.d1710.s1.i0 -1 -1.46970722554
DS.d1747.s0.i0 1.0 0.502020209069
DS.d1747.s0.i1 1.0 0.536050635416
DS.d1747.s0.i2 1.0 0.684060977002
DS.d1748.s0.i0 -1 0.291143842496
DS.d1748.s0.i1 -1 -0.470281365159
DS.d1748.s1.i0 -1 1.19324911295
DS.d1772.s0.i0 1.0 -0.420359368214
DS.d1801.s0.i0 1.0 0.937520970722
DS.d1804.s0.i0 1.0 0.426184889213
DS.d1804.s1.i0 -1 -0.477740742732
DS.d1804.s2.i0 1.0 -0.833447906471
DS.d1804.s2.i1 1.0 -0.58884532166
DS.d1834.s0.i0 -1 -0.302809125186
DS.d1835.s0.i0 1.0 1.65210879711
DS.d1841.s0.i0 1.0 0.956326735583
DS.d1841.s1.i0 1.0 1.09999360521
DS.d1843.s0.i0 1.0 0.817303154342
DS.d1843.s1.i0 1.0 0.887271540664
DS.d1846.s0.i0 1.0 1.1643876664
DS.d1873.s0.i0 -1 -0.663019041997
DS.d1877.s1.i1 1.0 0.952094891379
