DS.d836.s0.i0 -1 -0.57722614124
DS.d836.s0.i1 -1 -0.681616499747
DS.d836.s0.i2 -1 -0.720648860864
DS.d836.s0.i3 -1 -0.653829404219
DS.d836.s0.i4 -1 -0.380901687135
DS.d836.s0.i5 -1 -0.49805397986
DS.d836.s0.i6 -1 -0.390639190449
DS.d836.s0.i7 -1 -0.315171286575
DS.d836.s0.i8 -1 -0.825575840456
DS.d836.s0.i9 -1 -0.285293654689
DS.d868.s0.i0 -1 0.913418011311
DS.d868.s0.i1 -1 0.682332840129
DS.d891.s0.i0 1.0 1.13393025617
DS.d891.s0.i1 1.0 0.940098084065
DS.d891.s1.i0 -1 -0.0170435102347
DS.d891.s2.i0 -1 0.237243530001
DS.d891.s2.i1 1.0 0.614014103732
DS.d891.s3.i0 -1 -0.211770949876
DS.d905.s0.i1 1.0 1.29705019555
DS.d914.s0.i0 -1 0.298097347375
DS.d935.s0.i0 -1 0.0357477208917
DS.d935.s0.i1 -1 -0.21857114769
DS.d942.s0.i0 -1 -0.181735942175
DS.d942.s0.i1 -1 -1.4628241931
DS.d945.s0.i0 1.0 0.194633508614
DS.d945.s0.i1 1.0 0.555640583455
DS.d945.s1.i0 1.0 1.25534717549
DS.d955.s0.i0 -1 -0.839515529908
DS.d955.s0.i1 -1 0.360156271958
DS.d955.s1.i0 -1 -1.05950143069
DS.d955.s1.i1 -1 0.312734267769
DS.d958.s0.i0 -1 -0.185920907368
DS.d958.s0.i1 -1 -0.00865693772226
DS.d958.s0.i2 1.0 1.2603261241
DS.d958.s0.i3 -1 -0.467392369345
DS.d958.s0.i4 -1 -0.143910202472
DS.d972.s0.i0 1.0 1.74665598252
DS.d972.s0.i1 1.0 2.03727818074
DS.d972.s0.i2 1.0 1.47713087943
DS.d972.s0.i3 1.0 2.15766051331
DS.d972.s1.i0 1.0 1.72450045895
DS.d978.s0.i0 -1 0.0651819330475
DS.d978.s0.i1 -1 0.413665420162
DS.d995.s0.i0 -1 -0.529012333528
DS.d995.s1.i0 1.0 0.93561787099
DS.d995.s1.i1 1.0 0.908075482032
DS.d995.s2.i0 1.0 0.252785076716
DS.d995.s3.i0 1.0 1.51549419978
DS.d1002.s0.i0 -1 -0.540646854522
DS.d1003.s0.i0 -1 -0.308401913372
DS.d1003.s0.i1 -1 -0.46732686883
DS.d1005.s0.i0 1.0 0.713206163035
DS.d1007.s0.i0 1.0 0.532623109197
DS.d1007.s1.i0 1.0 0.989212044481
DS.d1007.s1.i1 1.0 0.728395941146
DS.d1007.s1.i2 1.0 0.78158290851
DS.d1007.s1.i3 1.0 0.39752512833
DS.d1007.s1.i4 1.0 0.643981398559
DS.d1007.s1.i5 1.0 0.241177049315
DS.d1007.s2.i0 -1 -0.0539330322822
DS.d1007.s3.i0 1.0 1.17743356714
DS.d1007.s4.i0 1.0 0.156067024959
DS.d1007.s4.i1 1.0 0.554029914328
DS.d1021.s0.i0 -1 -0.0325912496605
DS.d1026.s0.i0 1.0 0.414071817109
DS.d1026.s1.i0 1.0 1.54496224041
DS.d1047.s0.i0 -1 0.562099713525
DS.d1047.s0.i1 -1 0.452319067266
DS.d1047.s0.i2 -1 0.832067130216
DS.d1047.s0.i3 -1 0.819467626246
DS.d1047.s0.i4 -1 -0.319494318434
DS.d1047.s0.i5 -1 -0.327064247495
DS.d1058.s0.i0 1.0 0.658705802923
DS.d1058.s1.i0 1.0 -0.116536924479
DS.d1058.s1.i1 1.0 0.144496782091
DS.d1072.s0.i0 -1 0.38799163872
DS.d1074.s0.i0 -1 0.268923163934
DS.d1074.s1.i0 -1 0.791942885374
DS.d1088.s0.i0 1.0 0.514293388663
DS.d1091.s0.i0 1.0 0.713625047282
DS.d1091.s0.i1 1.0 0.704233203019
DS.d1091.s0.i2 1.0 0.473627223309
DS.d1094.s0.i0 -1 0.964685783758
DS.d1122.s0.i0 1.0 1.00759786502
DS.d1133.s0.i0 1.0 1.02450775348
DS.d1133.s0.i1 -1 1.51727953165
DS.d1141.s0.i0 1.0 -0.132726707496
DS.d1141.s0.i1 1.0 0.103679468613
DS.d1152.s0.i0 -1 1.36364977722
DS.d1152.s0.i1 1.0 1.48034724178
DS.d1161.s0.i0 1.0 1.30803049989
DS.d1161.s0.i1 1.0 1.1719112538
DS.d1173.s0.i0 -1 0.514780410909
DS.d1175.s0.i0 1.0 0.640002762088
DS.d1177.s0.i0 -1 -0.385740418367
DS.d1177.s0.i1 -1 -0.382550104186
DS.d1177.s0.i2 -1 -0.724343675816
DS.d1177.s0.i3 -1 -0.0459979299792
DS.d1192.s0.i0 1.0 0.677713841212
DS.d1207.s0.i0 1.0 1.20170451446
DS.d1207.s1.i0 1.0 1.20289205064
DS.d1214.s0.i0 -1 0.299637993957
DS.d1214.s1.i0 -1 1.84990355803
DS.d1217.s0.i0 1.0 0.189681970081
DS.d1217.s0.i1 1.0 0.139126533906
DS.d1217.s1.i0 1.0 0.637697213181
DS.d1226.s0.i0 -1 0.317434184975
DS.d1226.s0.i1 1.0 0.729222819611
DS.d1226.s0.i2 1.0 0.896890622299
DS.d1226.s0.i3 -1 0.492457703324
DS.d1245.s0.i0 -1 0.152506172317
DS.d1245.s0.i1 -1 -0.803946963961
DS.d1260.s0.i0 -1 2.08469170497
DS.d1264.s0.i0 1.0 2.11620121654
DS.d1264.s0.i1 1.0 1.31864001926
DS.d1264.s0.i2 1.0 1.99184399765
DS.d1264.s0.i3 1.0 1.21759442152
DS.d1270.s0.i0 -1 -0.560601331197
DS.d1270.s0.i1 -1 -1.34818305833
DS.d1270.s0.i2 -1 0.422132124519
DS.d1270.s0.i3 -1 0.231459747158
DS.d1271.s0.i0 1.0 1.07855168504
DS.d1271.s1.i0 1.0 0.0987337047912
DS.d1282.s0.i0 -1 -0.300635239183
DS.d1299.s0.i0 -1 -0.271734220907
DS.d1299.s0.i1 -1 -0.271734220907
DS.d1299.s0.i2 1.0 0.554411667429
DS.d1299.s0.i3 1.0 0.732179511406
DS.d1299.s0.i4 -1 -0.271734220907
DS.d1310.s0.i0 1.0 0.0323106000921
DS.d1313.s0.i0 -1 0.475741762071
DS.d1315.s0.i0 -1 0.376904886961
DS.d1315.s1.i0 -1 0.182799790994
DS.d1334.s0.i0 -1 0.527826166162
DS.d1336.s0.i0 -1 -1.19481697323
DS.d1340.s0.i0 1.0 1.23748410645
DS.d1357.s0.i0 -1 1.20969593578
DS.d1357.s0.i1 -1 0.387605865145
DS.d1371.s0.i0 -1 0.0228764959109
DS.d1384.s0.i0 1.0 1.36947675498
DS.d1399.s0.i0 1.0 0.577355398754
DS.d1399.s0.i1 1.0 0.759917806866
DS.d1428.s0.i0 1.0 0.860836962634
DS.d1435.s0.i0 1.0 1.54824171058
DS.d1435.s1.i0 1.0 1.06561745634
DS.d1436.s0.i0 1.0 0.951901597882
DS.d1436.s0.i1 1.0 0.750361879218
DS.d1437.s0.i0 1.0 0.361762528491
DS.d1440.s0.i0 1.0 0.91564752772
DS.d1440.s1.i0 1.0 0.21126409685
DS.d1440.s1.i1 1.0 0.372237598121
DS.d1442.s0.i0 -1 -0.869016383002
DS.d1442.s0.i1 -1 -0.235811507535
DS.d1443.s0.i0 1.0 0.280981656116
DS.d1443.s0.i1 -1 0.355366321939
DS.d1458.s0.i0 1.0 0.641811125509
DS.d1459.s0.i0 1.0 1.02062637546
DS.d1459.s0.i1 1.0 0.783730906122
DS.d1468.s0.i0 1.0 1.14240762534
DS.d1468.s0.i1 1.0 1.25180320275
DS.d1468.s0.i2 1.0 0.341379869995
DS.d1468.s0.i3 1.0 0.23263166672
DS.d1468.s1.i0 -1 0.0744657404823
DS.d1468.s1.i1 -1 0.500746059657
DS.d1468.s2.i0 -1 -0.192529213171
DS.d1468.s2.i1 -1 -0.092096372751
DS.d1468.s3.i0 -1 1.15987869609
DS.d1468.s3.i1 -1 1.31265378152
DS.d1468.s3.i2 -1 0.929806221573
DS.d1518.s0.i0 -1 1.2260154606
DS.d1521.s0.i0 1.0 1.72561836139
DS.d1521.s0.i1 1.0 2.06586392196
DS.d1524.s0.i0 -1 1.16621008856
DS.d1524.s0.i1 -1 1.20441323656
DS.d1524.s0.i2 1.0 1.34758024869
DS.d1524.s0.i3 -1 1.29293570083
DS.d1524.s0.i4 -1 1.07226173333
DS.d1524.s0.i5 1.0 1.24663226035
DS.d1538.s0.i0 1.0 0.575163828296
DS.d1538.s0.i1 1.0 0.380098555072
DS.d1544.s0.i0 1.0 1.30471715109
DS.d1544.s1.i0 1.0 0.817956994276
DS.d1560.s0.i0 -1 -0.682202113936
DS.d1560.s0.i1 -1 -0.593284038346
DS.d1564.s0.i0 -1 -0.745603896925
DS.d1580.s0.i0 1.0 1.0857487749
DS.d1580.s0.i1 1.0 1.05896460005
DS.d1580.s1.i0 1.0 1.22611578441
DS.d1580.s2.i0 1.0 0.722938687565
DS.d1580.s2.i1 1.0 0.135598412775
DS.d1582.s0.i0 1.0 0.535906190553
DS.d1582.s0.i1 1.0 0.424888962064
DS.d1590.s0.i0 -1 -0.244641550249
DS.d1590.s0.i1 -1 -0.806487452135
DS.d1590.s0.i2 -1 -0.324347415791
DS.d1590.s0.i3 -1 -0.171795823152
DS.d1590.s0.i4 -1 -0.175044016698
DS.d1597.s0.i0 -1 -0.69626107575
DS.d1621.s0.i0 1.0 1.80992734922
DS.d1621.s1.i0 1.0 0.566172336181
DS.d1624.s0.i0 -1 -1.48154394002
DS.d1624.s0.i1 -1 -1.15347548879
DS.d1624.s0.i2 -1 -0.503108794745
DS.d1624.s0.i3 -1 -0.970979727867
DS.d1634.s0.i0 -1 -1.75899883446
DS.d1634.s0.i1 -1 -1.26464020672
DS.d1634.s0.i2 -1 -1.40411087557
DS.d1634.s0.i3 -1 -0.74694135061
DS.d1634.s0.i4 -1 -1.75918287464
DS.d1634.s0.i5 -1 -1.21244154235
DS.d1634.s0.i6 -1 -1.69464942666
DS.d1634.s0.i7 -1 -1.40236408345
DS.d1634.s0.i8 -1 -1.69188491373
DS.d1634.s0.i9 -1 -0.899185000724
DS.d1634.s1.i0 -1 -1.35329325488
DS.d1634.s1.i1 -1 -1.6584835775
DS.d1634.s1.i2 -1 -1.73647927976
DS.d1634.s1.i3 -1 -1.79735516841
DS.d1639.s0.i0 -1 0.909038748967
DS.d1643.s0.i0 -1 -0.614298066099
DS.d1643.s0.i1 -1 -1.01859072034
DS.d1643.s0.i2 -1 -1.74343685122
DS.d1643.s0.i3 -1 0.185670569079
DS.d1643.s1.i0 -1 -1.08136912895
DS.d1643.s2.i0 -1 -0.953771853116
DS.d1656.s0.i1 -1 -0.926894100709
DS.d1656.s0.i2 -1 -0.787657271596
DS.d1656.s0.i5 -1 -0.431038533719
DS.d1656.s0.i7 -1 -0.891144471774
DS.d1656.s0.i8 -1 -0.0139551526075
DS.d1656.s0.i9 -1 -0.549924736817
DS.d1656.s0.i10 -1 -0.642084861777
DS.d1656.s0.i11 -1 -0.927524953542
DS.d1656.s0.i12 -1 -0.803369015118
DS.d1674.s0.i0 -1 0.562804640131
DS.d1674.s0.i1 -1 0.177668052696
DS.d1685.s0.i0 1.0 1.79381327941
DS.d1685.s1.i0 1.0 0.481498799645
DS.d1692.s0.i0 -1 -0.329058520116
DS.d1704.s0.i0 1.0 1.24526855554
DS.d1704.s0.i1 1.0 1.0329085123
DS.d1707.s0.i0 -1 0.356037430724
DS.d1710.s0.i0 -1 -1.7507089171
DS.d1710.s0.i1 -1 -1.29049095821
DS.d1710.s1.i0 -1 -1.29049095821
DS.d1747.s0.i0 1.0 0.477212433143
DS.d1747.s0.i1 1.0 0.702837160603
DS.d1747.s0.i2 1.0 0.807767832645
DS.d1748.s0.i0 -1 0.146487565548
DS.d1748.s0.i1 -1 -0.420511508297
DS.d1748.s1.i0 -1 1.39182311108
DS.d1772.s0.i0 1.0 -0.218274749272
DS.d1801.s0.i0 1.0 1.02679537934
DS.d1804.s0.i0 1.0 0.554361641513
DS.d1804.s1.i0 -1 -0.405299291139
DS.d1804.s2.i0 1.0 -0.572165917092
DS.d1804.s2.i1 1.0 -0.475182228067
DS.d1834.s0.i0 -1 -0.0585912327985
DS.d1835.s0.i0 1.0 1.71738900743
DS.d1841.s0.i0 1.0 1.31834624991
DS.d1841.s1.i0 1.0 1.20864212492
DS.d1843.s0.i0 1.0 1.22598249678
DS.d1843.s1.i0 1.0 1.06617468338
DS.d1846.s0.i0 1.0 1.10812276637
DS.d1873.s0.i0 -1 -0.704703266023
DS.d1877.s1.i1 1.0 1.05050219065
