DS.d6.s0.i0 1.0 0.732112770978
DS.d26.s0.i0 1.0 -0.278648178531
DS.d26.s0.i1 1.0 0.25281379896
DS.d26.s0.i2 1.0 -0.148906068268
DS.d26.s0.i3 1.0 0.489890533651
DS.d26.s0.i4 1.0 0.0300181822762
DS.d26.s0.i5 1.0 -0.391994041111
DS.d41.s0.i0 -1 0.14247844258
DS.d41.s0.i1 -1 0.0598928093478
DS.d47.s0.i0 1.0 0.815354331625
DS.d47.s0.i1 1.0 1.2136556283
DS.d57.s0.i0 1.0 0.42778703137
DS.d63.s0.i0 1.0 0.457866470476
DS.d63.s0.i1 1.0 0.63782912182
DS.d77.s0.i0 1.0 1.16790299567
DS.d77.s0.i1 -1 0.863154260612
DS.d84.s0.i0 -1 -0.277606480497
DS.d84.s0.i1 -1 -0.381843139094
DS.d97.s0.i0 1.0 1.03608828015
DS.d101.s0.i0 -1 -0.106711363967
DS.d124.s0.i0 1.0 0.988790694831
DS.d124.s0.i1 1.0 0.583326034149
DS.d124.s0.i2 1.0 1.23387110663
DS.d124.s0.i3 1.0 0.875183694348
DS.d124.s0.i4 1.0 1.26695635847
DS.d124.s0.i5 1.0 1.16345848132
DS.d126.s0.i0 1.0 1.59605342159
DS.d129.s0.i0 1.0 1.12829416883
DS.d133.s0.i0 1.0 0.54372569122
DS.d133.s1.i0 -1 0.533436154289
DS.d133.s2.i0 1.0 1.12778996443
DS.d133.s3.i0 1.0 1.6765240858
DS.d149.s0.i0 -1 0.257329007739
DS.d152.s0.i0 1.0 -1.51536655134
DS.d152.s0.i1 1.0 -1.41501911819
DS.d152.s1.i0 1.0 1.47067147244
DS.d157.s0.i0 1.0 1.39252410534
DS.d158.s0.i0 1.0 0.260849467044
DS.d158.s0.i1 1.0 0.496487792505
DS.d198.s0.i0 1.0 -0.167763030917
DS.d198.s0.i1 1.0 0.0210027178037
DS.d198.s1.i0 1.0 -0.49186963681
DS.d198.s1.i1 1.0 -0.884775318213
DS.d198.s1.i2 1.0 -0.46737605173
DS.d198.s1.i3 1.0 -0.809476324217
DS.d204.s0.i0 1.0 1.23076184023
DS.d204.s0.i1 1.0 0.165142578104
DS.d205.s0.i0 -1 -0.487594187739
DS.d205.s0.i1 -1 -0.565983265653
DS.d205.s0.i2 -1 -0.387023852575
DS.d213.s0.i0 1.0 1.52244691258
DS.d213.s1.i0 1.0 0.786908131162
DS.d225.s0.i0 1.0 1.48543232687
DS.d225.s1.i0 1.0 0.527762791867
DS.d231.s0.i0 -1 0.340452721913
DS.d246.s0.i0 1.0 0.639654252311
DS.d246.s1.i0 1.0 0.681876216372
DS.d246.s2.i0 -1 0.9259926452
DS.d246.s2.i1 1.0 1.55698217697
DS.d262.s0.i0 -1 0.56707439198
DS.d270.s0.i0 1.0 -0.21250271947
DS.d278.s0.i2 -1 0.437748788586
DS.d278.s0.i3 -1 0.486874715718
DS.d283.s0.i0 1.0 0.327956390953
DS.d283.s0.i3 1.0 0.300321605163
DS.d285.s0.i0 1.0 1.99149661134
DS.d285.s0.i1 1.0 1.47935632055
DS.d285.s0.i2 1.0 1.93152608037
DS.d285.s1.i0 1.0 1.63683768828
DS.d285.s1.i1 1.0 1.30527679854
DS.d285.s2.i0 1.0 0.266814959311
DS.d285.s2.i1 1.0 0.180503120028
DS.d285.s3.i0 -1 0.95636965599
DS.d285.s3.i1 -1 1.16241548145
DS.d285.s3.i2 -1 0.696129867623
DS.d285.s3.i3 -1 0.942305986746
DS.d285.s3.i4 -1 0.913923849688
DS.d287.s0.i0 1.0 0.124946610995
DS.d287.s0.i1 1.0 0.318622493661
DS.d287.s1.i0 -1 -0.857231954168
DS.d287.s1.i1 -1 -0.439610024432
DS.d287.s2.i0 1.0 1.69921265281
DS.d287.s2.i1 1.0 1.79965084782
DS.d287.s3.i0 1.0 0.789598804207
DS.d293.s0.i0 1.0 0.843482965437
DS.d293.s0.i1 1.0 0.916110189822
DS.d298.s0.i0 1.0 0.901510913797
DS.d310.s0.i0 1.0 -0.111225985878
DS.d310.s0.i1 -1 -1.24081713041
DS.d310.s0.i2 1.0 -1.18270140578
DS.d310.s1.i0 -1 -0.582534891116
DS.d310.s1.i1 -1 -1.26931246024
DS.d310.s1.i2 -1 -0.636881896423
DS.d310.s1.i3 -1 -0.89494006299
DS.d319.s0.i0 -1 0.642983130963
DS.d319.s0.i1 -1 0.605464294328
DS.d332.s0.i0 1.0 0.566505325614
DS.d333.s0.i0 1.0 0.563951941386
DS.d342.s0.i0 -1 0.739864262854
DS.d342.s0.i1 -1 0.739864262854
DS.d356.s0.i0 -1 0.486661977627
DS.d359.s0.i0 -1 2.1039796272
DS.d359.s0.i1 -1 -0.427419945718
DS.d371.s0.i0 1.0 1.1716217441
DS.d371.s0.i2 1.0 1.18906431129
DS.d392.s0.i0 1.0 2.112321034
DS.d393.s0.i0 -1 -0.628952546849
DS.d393.s0.i1 -1 -0.448707883253
DS.d393.s0.i2 -1 -0.30717349208
DS.d393.s0.i3 -1 -0.581552312526
DS.d393.s1.i0 -1 0.547572568597
DS.d393.s1.i1 -1 0.372294188063
DS.d393.s1.i2 -1 0.536215844256
DS.d393.s1.i3 -1 0.390631333096
DS.d406.s0.i0 -1 -0.225899986416
DS.d417.s0.i0 1.0 0.73460034794
DS.d429.s0.i0 -1 -0.532434783425
DS.d429.s0.i1 -1 0.396217622395
DS.d469.s0.i0 1.0 0.736334259832
DS.d469.s0.i1 1.0 0.534567603259
DS.d469.s0.i2 1.0 0.150458931548
DS.d469.s0.i3 1.0 0.991146267591
DS.d469.s0.i4 1.0 0.311608517765
DS.d469.s0.i5 1.0 0.680510841569
DS.d512.s0.i0 -1 -0.341870550932
DS.d512.s0.i1 -1 -0.526122712833
DS.d512.s1.i0 -1 -0.500160652851
DS.d512.s2.i0 1.0 1.03195626249
DS.d512.s2.i1 1.0 0.82591038934
DS.d525.s0.i0 1.0 -0.133089887633
DS.d525.s0.i1 1.0 0.385397051415
DS.d554.s0.i0 -1 -0.572569754904
DS.d554.s0.i1 -1 -0.297754636693
DS.d554.s0.i2 -1 -0.318304982998
DS.d562.s0.i0 -1 0.0342475242375
DS.d562.s1.i0 1.0 0.482189263302
DS.d581.s0.i0 1.0 0.110418607998
DS.d581.s0.i1 1.0 -0.321309229546
DS.d581.s0.i2 1.0 0.4341093088
DS.d581.s1.i0 -1 -0.328825013256
DS.d581.s1.i1 1.0 0.512150290493
DS.d581.s1.i2 -1 -1.42652893574
DS.d581.s2.i0 1.0 0.562514480848
DS.d581.s2.i1 1.0 0.828031733408
DS.d596.s0.i0 1.0 2.2193885535
DS.d596.s0.i1 1.0 2.02899573436
DS.d601.s0.i0 1.0 1.28679231181
DS.d608.s0.i0 1.0 1.39142411538
DS.d608.s1.i0 1.0 0.494401235065
DS.d608.s1.i1 1.0 0.591369691367
DS.d614.s0.i0 1.0 0.793718827543
DS.d614.s0.i1 1.0 0.340176168372
DS.d614.s0.i2 1.0 0.813892241573
DS.d614.s0.i3 1.0 0.867606283427
DS.d614.s0.i4 -1 0.735802838566
DS.d614.s0.i5 1.0 0.176947267488
DS.d622.s0.i0 1.0 0.952951773163
DS.d622.s1.i0 1.0 1.50597139091
DS.d632.s0.i0 -1 -0.567075014453
DS.d632.s0.i1 -1 -0.244650958981
DS.d632.s1.i0 1.0 1.73639063782
DS.d632.s1.i1 1.0 1.19809975971
DS.d643.s0.i1 -1 0.31930112769
DS.d643.s0.i3 1.0 -0.0323366944246
DS.d643.s0.i4 -1 0.480299768254
DS.d643.s0.i5 1.0 0.0169537163601
DS.d651.s0.i0 -1 -1.06745008497
DS.d656.s0.i0 -1 0.434496489883
DS.d656.s0.i1 -1 0.47606011963
DS.d656.s0.i2 -1 0.323501856512
DS.d666.s0.i0 1.0 1.16076480289
DS.d666.s0.i1 1.0 0.63740058393
DS.d666.s0.i2 1.0 1.27993902515
DS.d673.s0.i0 1.0 1.60329981393
DS.d681.s0.i0 1.0 0.91158875201
DS.d681.s0.i1 1.0 0.890423819704
DS.d681.s1.i0 -1 -0.501299127649
DS.d681.s1.i1 -1 -0.484930142473
DS.d681.s1.i2 -1 -0.400037017744
DS.d681.s1.i3 -1 -0.489190626641
DS.d681.s1.i4 1.0 0.418542644939
DS.d681.s1.i5 -1 -0.489608411124
DS.d681.s1.i6 1.0 0.622608843005
DS.d681.s1.i7 -1 -0.321470270925
DS.d681.s1.i8 1.0 0.593995806715
DS.d682.s0.i0 1.0 0.166796897686
DS.d682.s0.i1 1.0 0.16342309637
DS.d682.s0.i2 1.0 -0.0582069738984
DS.d684.s0.i0 -1 0.614192702266
DS.d684.s0.i1 1.0 0.318554480963
DS.d684.s0.i2 -1 -0.362725476535
DS.d684.s0.i3 1.0 0.890908183462
DS.d690.s0.i0 1.0 1.10771417955
DS.d690.s1.i0 1.0 2.17553565452
DS.d690.s2.i0 1.0 0.810693653189
DS.d690.s3.i0 1.0 1.19118256254
DS.d690.s4.i0 -1 -0.351952622182
DS.d690.s5.i0 1.0 1.67597330834
DS.d690.s5.i1 1.0 1.72049204174
DS.d690.s5.i2 1.0 2.01189809858
DS.d690.s5.i3 1.0 1.93287007236
DS.d690.s6.i0 -1 0.975755269424
DS.d691.s0.i0 1.0 0.636739911181
DS.d695.s0.i0 1.0 0.948064050421
DS.d695.s0.i1 1.0 1.21579977799
DS.d695.s1.i0 1.0 0.427158944242
DS.d695.s1.i1 1.0 0.203203723715
DS.d695.s1.i2 -1 -0.546493505213
DS.d695.s2.i0 1.0 0.455732246292
DS.d695.s2.i1 1.0 0.572823555993
DS.d700.s0.i0 1.0 -0.0680300966202
DS.d715.s0.i0 -1 1.01818567639
DS.d722.s0.i0 -1 -0.580941288875
DS.d722.s0.i1 1.0 -0.361454504137
DS.d724.s0.i0 -1 1.87185836807
DS.d724.s0.i1 1.0 1.90828412719
DS.d724.s0.i2 1.0 -0.0425897603458
DS.d727.s0.i0 1.0 0.792480061335
DS.d729.s0.i0 1.0 1.02823731875
DS.d730.s0.i0 1.0 -0.751332455784
DS.d745.s0.i0 -1 0.609843772296
DS.d745.s0.i1 -1 -0.154881193421
DS.d749.s0.i0 1.0 0.61163720463
DS.d749.s0.i1 1.0 -0.0420331049591
DS.d749.s1.i0 1.0 0.878697593375
DS.d749.s1.i1 1.0 0.724829471582
DS.d749.s2.i0 1.0 -0.316698769628
DS.d749.s2.i1 1.0 0.872352280931
DS.d749.s2.i2 1.0 0.898654768926
DS.d749.s3.i0 -1 0.359096848579
DS.d757.s0.i0 1.0 0.732548294967
DS.d757.s1.i0 1.0 0.83321556377
DS.d762.s0.i0 1.0 0.796796818358
DS.d762.s0.i1 1.0 0.862624271113
DS.d762.s1.i0 1.0 0.196881364592
DS.d762.s2.i0 1.0 1.03801874182
DS.d762.s2.i1 1.0 0.831948453855
DS.d762.s3.i1 1.0 1.09217049547
DS.d762.s3.i2 1.0 0.947143420829
DS.d762.s3.i3 -1 -1.05239726316
DS.d762.s3.i7 -1 -1.05174466389
DS.d762.s4.i0 1.0 0.129248317712
DS.d762.s4.i1 1.0 0.534954065173
DS.d762.s4.i2 1.0 0.36958212076
DS.d762.s4.i3 1.0 0.275746413864
DS.d784.s0.i0 1.0 -0.292658890559
DS.d784.s1.i0 1.0 2.16183400474
DS.d820.s0.i0 -1 0.51823183523
DS.d820.s0.i1 -1 0.60690043261
DS.d820.s0.i2 -1 2.11208430907
DS.d820.s1.i0 1.0 0.720988099205
DS.d820.s2.i0 -1 -0.0906627324139
DS.d820.s2.i1 -1 -1.66157391201
DS.d820.s3.i0 -1 0.357159422509
DS.d829.s0.i0 1.0 0.717272907237
DS.d864.s0.i0 1.0 1.63234549065
DS.d864.s1.i0 -1 0.172929064863
DS.d864.s1.i1 -1 0.340435090535
DS.d864.s1.i2 -1 0.157676502326
DS.d864.s1.i3 -1 -0.194376268426
DS.d876.s0.i0 -1 -1.27010351942
DS.d876.s0.i1 -1 0.206864031631
DS.d876.s0.i2 -1 -0.114995839972
DS.d891.s0.i0 1.0 0.848868066374
DS.d891.s0.i1 1.0 0.889149167142
DS.d891.s1.i0 -1 -0.212259243937
DS.d891.s2.i0 -1 -0.278534307754
DS.d891.s2.i1 1.0 0.415913757312
DS.d891.s3.i0 -1 -0.970369093698
DS.d933.s0.i0 -1 -0.0554707443806
DS.d933.s0.i1 -1 0.0606980423288
DS.d934.s0.i0 -1 -0.402319963282
DS.d934.s0.i1 -1 -0.498465790677
DS.d934.s0.i2 -1 -1.18551002547
DS.d934.s0.i3 -1 -0.649432178613
DS.d934.s0.i4 -1 -1.05774499263
DS.d934.s0.i5 -1 -0.0757747677393
DS.d934.s1.i0 -1 -0.8880268361
DS.d934.s1.i1 -1 -1.22350788802
DS.d934.s1.i2 -1 -0.402270979388
DS.d934.s1.i3 -1 -1.16069814307
DS.d934.s1.i4 -1 -0.877932416907
DS.d934.s1.i5 -1 -0.611252267446
DS.d934.s1.i6 -1 -1.00600068294
DS.d934.s1.i7 -1 -0.480672999176
DS.d955.s0.i0 -1 -1.3155050851
DS.d955.s0.i1 -1 -0.327390267931
DS.d955.s1.i0 -1 -1.22974074796
DS.d955.s1.i1 -1 -0.224792198892
DS.d956.s0.i0 1.0 1.59926116232
DS.d956.s1.i0 1.0 0.498699882689
DS.d963.s0.i0 1.0 0.987213232074
DS.d963.s1.i0 1.0 0.419651459342
DS.d975.s0.i0 1.0 -0.342127001764
DS.d975.s0.i2 1.0 -0.296521942439
DS.d975.s1.i0 -1 -0.317673535518
DS.d975.s1.i1 -1 -0.299104357939
DS.d975.s1.i2 -1 -0.114343603745
DS.d978.s0.i0 -1 -0.00350327785894
DS.d978.s0.i1 -1 0.061423350947
DS.d980.s0.i0 1.0 0.0424816671408
DS.d981.s0.i0 1.0 1.80889136439
DS.d986.s0.i0 1.0 0.411009688861
DS.d1002.s0.i0 -1 0.0543975782146
DS.d1005.s0.i0 1.0 0.843665888956
DS.d1041.s0.i0 1.0 1.90545360484
DS.d1042.s0.i0 -1 -1.50533264562
DS.d1042.s0.i1 1.0 1.12944146351
DS.d1042.s0.i2 -1 -1.18344217289
DS.d1042.s1.i0 1.0 -0.226144225328
DS.d1042.s1.i1 1.0 0.64387232768
DS.d1042.s1.i2 1.0 -0.162048477511
DS.d1042.s1.i3 1.0 0.935575278724
DS.d1057.s0.i0 -1 0.160826861859
DS.d1057.s1.i0 -1 0.180459053228
DS.d1061.s0.i0 -1 -1.2491644872
DS.d1061.s0.i1 -1 -1.53035154193
DS.d1061.s0.i2 -1 -0.509460156212
DS.d1061.s0.i3 -1 -1.6525784977
DS.d1061.s0.i4 -1 -1.80636315505
DS.d1061.s0.i5 -1 -0.942573315971
DS.d1061.s0.i6 -1 -1.67785529891
DS.d1061.s0.i7 -1 -1.88240333772
DS.d1061.s0.i8 -1 -1.84527022823
DS.d1061.s0.i9 -1 -1.16106610968
DS.d1061.s0.i10 -1 -0.752475661119
DS.d1061.s0.i11 -1 -1.74724003992
DS.d1061.s0.i12 -1 -0.805012432042
DS.d1061.s0.i13 -1 -0.490002109076
DS.d1061.s0.i14 -1 -1.26040227945
DS.d1061.s0.i15 -1 -1.56919211179
DS.d1061.s0.i16 -1 -1.61882970691
DS.d1061.s0.i17 -1 -0.829421921361
DS.d1061.s0.i18 -1 -1.15283602495
DS.d1061.s0.i19 -1 -1.44884090182
DS.d1061.s0.i20 -1 -1.03917915194
DS.d1061.s0.i21 -1 -0.81319034636
DS.d1061.s0.i22 -1 -1.14354921432
DS.d1061.s0.i23 -1 -1.55165219024
DS.d1065.s0.i0 -1 0.599224157017
DS.d1065.s0.i1 1.0 1.09631414468
DS.d1065.s1.i0 -1 0.5688281937
DS.d1065.s2.i0 1.0 0.0102340102501
DS.d1077.s0.i0 -1 0.432818676435
DS.d1082.s0.i0 1.0 0.463124603984
DS.d1082.s1.i0 1.0 1.22163778774
DS.d1083.s0.i0 -1 -0.531508104011
DS.d1088.s0.i0 1.0 0.42218450491
DS.d1096.s0.i0 1.0 0.491807472489
DS.d1109.s0.i0 1.0 0.214841862631
DS.d1109.s0.i1 1.0 0.436798720909
DS.d1109.s0.i2 1.0 0.295689290131
DS.d1109.s0.i3 1.0 -0.475878308893
DS.d1109.s0.i4 1.0 -0.201050524965
DS.d1109.s0.i5 1.0 0.419859345414
DS.d1109.s0.i6 1.0 0.436798720909
DS.d1109.s0.i7 1.0 0.295689290131
DS.d1116.s0.i0 1.0 1.20507722796
DS.d1116.s1.i0 1.0 0.0361640605969
DS.d1116.s1.i1 1.0 -0.283368396717
DS.d1129.s0.i0 1.0 0.787803359684
DS.d1129.s1.i0 1.0 -0.223729091516
DS.d1129.s1.i1 1.0 -0.137180487091
DS.d1129.s2.i0 1.0 0.348028565151
DS.d1145.s0.i0 1.0 0.857154565473
DS.d1156.s0.i0 1.0 0.672421428813
DS.d1156.s1.i0 -1 1.47000757809
DS.d1156.s1.i1 -1 0.655937030606
DS.d1158.s0.i0 1.0 0.751530467085
DS.d1163.s0.i0 1.0 -0.179542094759
DS.d1163.s0.i1 1.0 -0.17029342515
DS.d1163.s0.i2 -1 -0.858964571476
DS.d1163.s1.i0 1.0 1.243169827
DS.d1171.s0.i0 1.0 0.350901163521
DS.d1171.s0.i1 1.0 -0.117674850967
DS.d1179.s0.i0 1.0 0.0163506734669
DS.d1179.s0.i1 1.0 -0.0934672075327
DS.d1179.s0.i2 1.0 -0.169253857881
DS.d1226.s0.i0 -1 0.24414493888
DS.d1226.s0.i1 1.0 1.46283115438
DS.d1226.s0.i2 1.0 0.796350690609
DS.d1226.s0.i3 -1 -0.500173622499
DS.d1227.s0.i0 -1 -0.113511984754
DS.d1227.s0.i1 -1 -0.136578639956
DS.d1227.s0.i2 -1 -0.124646252315
DS.d1227.s0.i3 -1 -0.11521375567
DS.d1227.s0.i4 -1 -0.272413420145
DS.d1227.s0.i5 -1 -0.310261640799
DS.d1227.s0.i6 -1 -0.147903847028
DS.d1227.s0.i7 -1 -0.29314102481
DS.d1227.s0.i8 -1 -0.355607286488
DS.d1227.s0.i9 -1 0.0595750599303
DS.d1227.s1.i0 1.0 0.0516205807181
DS.d1232.s0.i0 -1 -0.281133614796
DS.d1263.s0.i0 -1 -0.803545538679
DS.d1263.s0.i1 -1 1.10565261009
DS.d1264.s0.i0 1.0 1.18838954075
DS.d1264.s0.i1 1.0 0.899032361789
DS.d1264.s0.i2 1.0 1.75415208123
DS.d1264.s0.i3 1.0 0.70280163711
DS.d1272.s0.i0 -1 0.579976244392
DS.d1272.s1.i0 1.0 0.362873169961
DS.d1285.s0.i0 -1 0.57069161073
DS.d1285.s0.i1 -1 0.945196457135
DS.d1295.s0.i0 1.0 1.70041104227
DS.d1297.s0.i0 1.0 1.28950435394
DS.d1328.s0.i0 -1 0.367094604973
DS.d1328.s0.i1 -1 0.222808547612
DS.d1328.s1.i0 -1 -0.389787747008
DS.d1328.s1.i1 -1 -1.26098740752
DS.d1345.s0.i0 -1 -0.605546660733
DS.d1351.s0.i0 -1 2.0614547023
DS.d1369.s0.i0 -1 0.525096525963
DS.d1369.s0.i1 -1 1.06691028517
DS.d1372.s0.i0 1.0 0.580468080674
DS.d1394.s0.i0 -1 -1.0432574183
DS.d1398.s0.i0 1.0 -1.06635535829
DS.d1406.s0.i0 1.0 0.40995102112
DS.d1406.s1.i0 1.0 -0.291799843392
DS.d1406.s2.i0 1.0 1.40419971498
DS.d1414.s0.i0 -1 0.554718485343
DS.d1414.s0.i1 -1 0.892097155548
DS.d1425.s0.i0 1.0 1.93754539594
DS.d1425.s1.i0 1.0 0.38935591122
DS.d1432.s0.i0 1.0 0.533467138632
DS.d1432.s0.i1 1.0 0.723161704785
DS.d1468.s0.i0 1.0 1.21274348751
DS.d1468.s0.i1 1.0 1.3826537036
DS.d1468.s0.i2 1.0 0.430422106514
DS.d1468.s0.i3 1.0 0.432824748852
DS.d1468.s1.i0 -1 -0.0165369364628
DS.d1468.s1.i1 -1 0.0400689753465
DS.d1468.s2.i0 -1 -0.630525475899
DS.d1468.s2.i1 -1 -0.614892992537
DS.d1468.s3.i0 -1 1.32496692939
DS.d1468.s3.i1 -1 1.82695532446
DS.d1468.s3.i2 -1 1.10655166942
DS.d1472.s0.i0 1.0 -0.22701539812
DS.d1472.s0.i1 1.0 -0.204763475563
DS.d1478.s0.i0 -1 0.2843042256
DS.d1478.s0.i1 -1 0.401988948782
DS.d1478.s0.i2 -1 0.123691462836
DS.d1478.s1.i0 1.0 1.27317356793
DS.d1478.s1.i1 1.0 1.31202522134
DS.d1478.s1.i2 1.0 1.49231350945
DS.d1478.s1.i3 1.0 1.02349579652
DS.d1478.s1.i4 1.0 1.43410121634
DS.d1478.s1.i5 1.0 0.937223235049
DS.d1505.s0.i0 -1 0.13051598159
DS.d1505.s1.i0 -1 -1.44495429865
DS.d1541.s0.i0 1.0 0.80676956189
DS.d1541.s0.i1 1.0 0.17959390514
DS.d1550.s0.i0 -1 0.0445318847702
DS.d1550.s0.i1 -1 0.548132657206
DS.d1550.s0.i2 -1 -0.490857652693
DS.d1550.s0.i3 -1 -0.19328072132
DS.d1550.s0.i4 -1 0.279615606402
DS.d1550.s1.i0 -1 0.514377019709
DS.d1550.s1.i1 -1 -0.365337562499
DS.d1551.s0.i0 -1 0.860193529845
DS.d1552.s0.i0 -1 0.598798645731
DS.d1554.s0.i0 -1 -0.461310715216
DS.d1554.s0.i1 -1 -0.987872188051
DS.d1554.s0.i2 -1 -0.566916199499
DS.d1554.s0.i3 -1 -1.32243456598
DS.d1554.s0.i4 -1 -1.08421542741
DS.d1554.s0.i5 -1 -0.455718963043
DS.d1554.s0.i6 -1 -1.03320664037
DS.d1554.s0.i7 -1 -0.749132556677
DS.d1554.s0.i8 -1 -1.03759766794
DS.d1554.s0.i9 -1 -1.11035682982
DS.d1554.s0.i10 -1 -0.845498832988
DS.d1554.s0.i11 -1 -1.26431257533
DS.d1563.s0.i0 1.0 0.590603998064
DS.d1563.s0.i1 1.0 0.424538960485
DS.d1568.s0.i0 1.0 -0.922736340992
DS.d1581.s0.i0 1.0 0.429915271047
DS.d1581.s0.i1 1.0 0.285808794582
DS.d1581.s0.i2 1.0 0.371257360636
DS.d1581.s0.i3 1.0 0.460796175547
DS.d1581.s0.i4 1.0 0.521448896911
DS.d1581.s0.i5 1.0 0.606778505222
DS.d1581.s0.i6 1.0 0.666865669279
DS.d1581.s0.i7 1.0 0.610732123663
DS.d1603.s0.i0 -1 -0.293776959305
DS.d1603.s0.i1 -1 -0.60509898738
DS.d1616.s0.i0 1.0 0.686978055513
DS.d1628.s0.i0 1.0 1.02578925312
DS.d1638.s0.i0 -1 -0.277423005091
DS.d1638.s0.i1 -1 -0.285156330844
DS.d1638.s0.i2 -1 -0.0628989294401
DS.d1638.s0.i3 -1 -0.0673242606316
DS.d1638.s0.i4 -1 -0.71700410173
DS.d1638.s0.i5 -1 -0.366685505799
DS.d1638.s0.i6 -1 -0.956749707294
DS.d1645.s0.i0 -1 1.34988201878
DS.d1652.s0.i0 1.0 1.25598334014
DS.d1652.s1.i0 1.0 0.917596855275
DS.d1655.s0.i0 -1 1.26761480296
DS.d1655.s1.i0 -1 -0.848164010549
DS.d1655.s1.i1 -1 -0.848164010549
DS.d1655.s1.i2 1.0 0.610554308571
DS.d1659.s0.i0 1.0 1.21401029143
DS.d1659.s0.i1 1.0 1.22364089855
DS.d1663.s0.i0 1.0 0.725916688626
DS.d1663.s0.i1 1.0 0.154946499605
DS.d1663.s1.i0 1.0 0.206659720249
DS.d1681.s0.i1 1.0 1.37809976505
DS.d1681.s1.i0 1.0 0.627981042862
DS.d1686.s0.i0 1.0 0.480499954291
DS.d1687.s0.i0 -1 0.142206421024
DS.d1687.s1.i0 1.0 1.0444485312
DS.d1694.s0.i0 1.0 0.664935332045
DS.d1694.s1.i0 1.0 0.288372747489
DS.d1694.s1.i1 1.0 1.6230723495
DS.d1711.s0.i0 -1 0.662056357769
DS.d1711.s0.i1 1.0 2.00052687894
DS.d1711.s0.i2 -1 0.671054315764
DS.d1711.s0.i3 -1 0.652794811752
DS.d1727.s0.i0 1.0 1.22494758627
DS.d1729.s0.i0 1.0 0.763313757633
DS.d1739.s0.i0 -1 -0.907009271136
DS.d1739.s1.i0 -1 -1.85106710265
DS.d1755.s0.i0 -1 0.431541361595
DS.d1755.s0.i1 -1 0.467285747406
DS.d1779.s0.i0 -1 0.00469435736882
DS.d1779.s0.i1 1.0 1.03181342326
DS.d1779.s0.i2 -1 0.654806205157
DS.d1779.s1.i0 -1 0.694673090723
DS.d1779.s1.i1 1.0 1.1504000893
DS.d1779.s1.i2 -1 1.22132770033
DS.d1779.s2.i0 -1 0.189027345747
DS.d1779.s3.i0 -1 1.48346990706
DS.d1787.s0.i0 1.0 0.272029552579
DS.d1787.s0.i1 1.0 0.665014160798
DS.d1803.s0.i0 1.0 1.82368511934
DS.d1803.s1.i0 -1 0.331242588217
DS.d1803.s1.i1 -1 0.107598349398
DS.d1803.s1.i2 -1 1.73571536236
DS.d1803.s1.i3 -1 0.241068197672
DS.d1803.s1.i4 1.0 1.66417710643
DS.d1803.s1.i5 1.0 1.82254142195
DS.d1803.s2.i0 1.0 0.506813111994
DS.d1803.s3.i0 1.0 2.05511133708
DS.d1803.s3.i1 1.0 1.38793953289
DS.d1808.s1.i0 1.0 0.111524419205
DS.d1808.s1.i1 1.0 0.883842170112
DS.d1808.s1.i2 1.0 1.22332171135
DS.d1808.s1.i4 1.0 1.29745801858
DS.d1835.s0.i0 1.0 1.69425157031
DS.d1837.s0.i0 1.0 0.943911928767
DS.d1837.s0.i1 1.0 1.16931921016
DS.d1837.s1.i0 1.0 0.981886020395
DS.d1837.s1.i1 1.0 0.981886020395
DS.d1841.s0.i0 1.0 0.951639474665
DS.d1841.s1.i0 1.0 1.16803853867
DS.d1843.s0.i0 1.0 1.5926167856
DS.d1843.s1.i0 1.0 0.906435908014
DS.d1845.s0.i0 -1 0.617483114601
DS.d1845.s0.i1 -1 0.638726059381
DS.d1845.s0.i2 -1 0.617483114601
DS.d1845.s0.i3 -1 0.638726059381
DS.d1845.s0.i4 -1 0.741135821622
DS.d1845.s0.i5 -1 0.741135821622
DS.d1849.s0.i0 1.0 0.847939448395
DS.d1852.s0.i0 1.0 0.320837229739
DS.d1852.s0.i1 1.0 0.616725017971
DS.d1881.s0.i0 1.0 1.01691147558
DS.d1894.s0.i0 -1 0.504290108385
DS.d1894.s0.i1 -1 0.0300555149946
