DS.d9.s0.i0 1.0 1.60493049933
DS.d10.s0.i0 -1 0.689534818146
DS.d15.s0.i0 1.0 2.05886042471
DS.d15.s0.i1 1.0 0.908828684912
DS.d15.s0.i2 1.0 1.60697618158
DS.d16.s0.i0 1.0 1.15269369762
DS.d30.s0.i0 -1 -0.202627258424
DS.d30.s0.i1 -1 0.339796045671
DS.d30.s0.i2 -1 0.339796045671
DS.d44.s0.i0 -1 -0.919615720381
DS.d44.s0.i1 1.0 0.442316469815
DS.d44.s0.i2 -1 -0.578247701828
DS.d44.s0.i3 -1 -0.601953101571
DS.d44.s0.i4 -1 -0.842735322049
DS.d44.s0.i5 1.0 0.266079724964
DS.d44.s0.i6 -1 0.237117280415
DS.d44.s0.i7 -1 -0.40171705691
DS.d44.s0.i8 1.0 0.979803823062
DS.d44.s0.i9 1.0 0.852781777501
DS.d44.s0.i10 1.0 0.463020583022
DS.d44.s0.i11 -1 -0.700840519157
DS.d44.s0.i12 -1 -0.508957753268
DS.d44.s0.i13 -1 -0.568399597935
DS.d44.s0.i14 -1 -0.467453583682
DS.d44.s0.i15 -1 -0.995362460786
DS.d44.s0.i16 1.0 0.665739098326
DS.d44.s0.i17 -1 -0.423907147572
DS.d58.s0.i0 -1 1.10554681374
DS.d58.s1.i0 1.0 1.04733111012
DS.d58.s1.i1 1.0 1.63329559602
DS.d58.s2.i0 1.0 1.13656320509
DS.d58.s3.i0 1.0 0.661664865862
DS.d60.s0.i0 1.0 0.542935332967
DS.d61.s0.i0 1.0 0.692223201319
DS.d61.s0.i1 1.0 1.52459059401
DS.d61.s0.i2 1.0 1.9097137619
DS.d61.s0.i3 1.0 0.933905714068
DS.d61.s0.i4 1.0 1.95636546835
DS.d61.s0.i5 1.0 0.89421362898
DS.d61.s0.i6 1.0 1.17006935458
DS.d61.s0.i7 1.0 1.13228080654
DS.d61.s0.i8 1.0 0.449976383485
DS.d65.s0.i0 -1 0.110984120421
DS.d71.s0.i0 1.0 2.00221970537
DS.d98.s0.i0 1.0 0.691170001097
DS.d98.s0.i1 1.0 0.0982204464704
DS.d98.s0.i2 1.0 0.695159838619
DS.d98.s0.i3 1.0 0.223794413133
DS.d98.s0.i4 1.0 0.0942306089473
DS.d98.s0.i5 1.0 0.300509964518
DS.d98.s1.i0 -1 0.1749670763
DS.d98.s1.i1 -1 1.32229937608
DS.d98.s1.i2 -1 0.295339431784
DS.d120.s0.i0 -1 0.0267179267163
DS.d120.s0.i1 -1 -0.55353908354
DS.d120.s0.i2 -1 0.659117234547
DS.d120.s0.i3 -1 -0.279050149065
DS.d120.s0.i4 -1 -0.564310799657
DS.d120.s0.i5 -1 1.13036336342
DS.d140.s0.i0 1.0 1.15612160531
DS.d140.s0.i1 1.0 1.47264253649
DS.d140.s0.i2 1.0 0.8646378338
DS.d157.s0.i0 1.0 1.49611643008
DS.d168.s0.i0 1.0 0.304610053136
DS.d177.s0.i0 -1 -0.640286340032
DS.d177.s0.i1 -1 0.529847382422
DS.d177.s0.i2 -1 1.29368433123
DS.d177.s0.i3 -1 0.42086264297
DS.d177.s0.i4 -1 -1.19419790776
DS.d177.s0.i5 -1 -1.25215618013
DS.d177.s0.i6 -1 1.10824595999
DS.d177.s0.i7 -1 0.455451659652
DS.d190.s0.i0 1.0 -1.07047866099
DS.d215.s0.i0 -1 0.309904331554
DS.d215.s0.i1 -1 0.29229986375
DS.d215.s0.i2 -1 0.151978174613
DS.d215.s0.i3 -1 -0.365654996065
DS.d215.s1.i0 -1 -1.0684726674
DS.d218.s0.i0 1.0 1.69276021605
DS.d218.s0.i1 1.0 1.98977064352
DS.d218.s1.i0 -1 -0.222361962388
DS.d218.s1.i1 -1 0.0139948947156
DS.d218.s1.i2 -1 0.457465192156
DS.d218.s1.i3 -1 -0.191501083733
DS.d231.s0.i0 -1 1.70487974595
DS.d233.s0.i0 1.0 0.714398755812
DS.d244.s0.i0 1.0 0.791596250498
DS.d244.s0.i1 1.0 1.18334275057
DS.d244.s1.i0 1.0 1.60950369562
DS.d249.s0.i0 -1 2.52889453015
DS.d261.s0.i0 1.0 0.855924739893
DS.d270.s0.i0 1.0 -0.114234887255
DS.d279.s0.i0 1.0 2.09259674976
DS.d279.s1.i0 1.0 1.19975804595
DS.d279.s1.i1 -1 -0.741532117159
DS.d279.s2.i0 1.0 2.98633843742
DS.d279.s2.i1 -1 1.9165806396
DS.d279.s3.i0 1.0 1.63570730534
DS.d279.s3.i1 -1 2.16920001656
DS.d279.s4.i0 1.0 1.21097861484
DS.d279.s5.i0 1.0 2.29870281087
DS.d279.s6.i0 -1 -1.57571226684
DS.d279.s6.i1 -1 -1.57571226684
DS.d279.s6.i2 -1 -2.01008114587
DS.d279.s7.i0 1.0 1.59862978559
DS.d279.s7.i1 -1 0.897145737388
DS.d279.s7.i2 -1 0.93520643261
DS.d279.s8.i0 -1 0.37380622473
DS.d279.s8.i1 -1 -0.388116531535
DS.d279.s9.i0 1.0 1.97108848038
DS.d279.s9.i1 1.0 0.789602018485
DS.d286.s0.i0 -1 0.0277082367872
DS.d286.s0.i1 1.0 1.43524701089
DS.d286.s0.i2 1.0 0.518859754809
DS.d300.s0.i0 1.0 0.701868609026
DS.d300.s1.i0 -1 -0.0977530444442
DS.d305.s0.i0 1.0 1.9139265923
DS.d305.s0.i1 1.0 0.567870986129
DS.d305.s0.i2 1.0 1.64205653793
DS.d305.s0.i3 1.0 0.924382373219
DS.d347.s0.i0 1.0 0.00141828310342
DS.d347.s1.i0 -1 0.466224901342
DS.d347.s1.i1 -1 -0.84058840471
DS.d347.s1.i2 -1 -0.0864324068365
DS.d347.s1.i3 -1 -0.37646368831
DS.d347.s1.i4 -1 -0.388050781157
DS.d347.s1.i5 -1 -0.59214313572
DS.d355.s0.i0 -1 -0.306863256225
DS.d358.s0.i0 1.0 2.00338206691
DS.d358.s1.i0 1.0 1.17231925689
DS.d361.s0.i0 -1 0.385288970216
DS.d361.s1.i0 1.0 1.21175437995
DS.d361.s1.i1 -1 -0.413547852925
DS.d361.s2.i0 1.0 0.250241240211
DS.d361.s2.i1 -1 1.0430322815
DS.d378.s0.i0 -1 1.13329191018
DS.d378.s0.i1 1.0 -0.106677642836
DS.d378.s0.i2 -1 0.983472796184
DS.d378.s0.i3 -1 1.33820220204
DS.d378.s1.i0 -1 0.0082864516508
DS.d390.s0.i0 -1 -0.709633567996
DS.d390.s0.i1 -1 -0.661942173292
DS.d390.s0.i2 -1 -1.00634723564
DS.d390.s0.i3 -1 -1.14841206483
DS.d390.s0.i4 -1 -0.629953415219
DS.d390.s0.i5 -1 -1.28841814702
DS.d401.s0.i0 1.0 0.0480055497376
DS.d401.s0.i1 1.0 0.247400255654
DS.d418.s0.i0 1.0 1.83439365824
DS.d418.s0.i1 1.0 1.13632655951
DS.d428.s0.i0 1.0 -0.168911273705
DS.d428.s0.i1 1.0 1.09344697254
DS.d428.s0.i2 1.0 1.09888194424
DS.d428.s0.i3 1.0 0.445930938296
DS.d428.s1.i0 1.0 1.95374861784
DS.d428.s1.i1 -1 2.78799760489
DS.d428.s1.i2 1.0 2.87974051626
DS.d428.s1.i3 -1 1.29364522085
DS.d428.s2.i0 -1 1.34533238925
DS.d428.s2.i1 1.0 2.28722500064
DS.d449.s0.i0 1.0 0.497190297502
DS.d461.s0.i0 -1 -0.202701956808
DS.d461.s0.i1 -1 -0.0500736453459
DS.d461.s0.i2 -1 -0.232883232962
DS.d461.s0.i3 -1 0.00741138694081
DS.d491.s0.i0 1.0 0.861768338465
DS.d491.s0.i1 1.0 1.2264154026
DS.d491.s1.i0 -1 -0.838453865291
DS.d505.s0.i0 1.0 1.53176297057
DS.d510.s0.i0 1.0 2.24660856952
DS.d510.s0.i1 1.0 2.30235083769
DS.d510.s1.i0 1.0 0.857171887808
DS.d510.s2.i0 1.0 1.18840310443
DS.d514.s0.i0 1.0 2.16236261792
DS.d514.s1.i0 -1 1.04868783614
DS.d527.s0.i0 1.0 0.364535719651
DS.d527.s0.i1 1.0 1.17677182481
DS.d527.s0.i2 1.0 0.00847931290259
DS.d527.s0.i3 1.0 0.26206429226
DS.d527.s1.i0 1.0 0.855772492401
DS.d527.s1.i1 1.0 -0.199488699959
DS.d529.s0.i0 1.0 -0.140915552723
DS.d541.s0.i0 -1 0.606754034222
DS.d541.s1.i0 -1 -0.534695107861
DS.d549.s0.i0 -1 -1.06109108357
DS.d549.s0.i1 -1 -0.202684537263
DS.d549.s0.i2 -1 -0.84487026964
DS.d549.s1.i0 1.0 0.362531627784
DS.d549.s1.i1 -1 0.0235080474677
DS.d549.s2.i0 1.0 0.25261659924
DS.d549.s2.i1 1.0 0.80457956764
DS.d549.s3.i0 -1 0.636477416764
DS.d549.s3.i1 1.0 -0.190544223236
DS.d549.s3.i2 -1 0.158156751711
DS.d552.s0.i0 1.0 -0.0182239238624
DS.d552.s0.i1 1.0 0.327974143626
DS.d552.s0.i2 1.0 1.13104098758
DS.d552.s0.i3 1.0 0.743983992716
DS.d559.s0.i0 -1 -0.450131890762
DS.d559.s0.i1 -1 -0.530065078745
DS.d559.s0.i2 -1 -0.12433222918
DS.d559.s0.i3 -1 -0.450131890762
DS.d578.s0.i0 1.0 1.21827786217
DS.d578.s0.i1 1.0 1.31551663238
DS.d578.s0.i2 1.0 1.20796446755
DS.d586.s0.i0 1.0 0.563922756825
DS.d599.s0.i0 1.0 -0.125978874619
DS.d599.s1.i0 -1 -0.192247491639
DS.d630.s0.i0 -1 -0.10671873718
DS.d630.s0.i1 -1 -0.383154497515
DS.d640.s0.i0 -1 1.1148018067
DS.d644.s0.i0 -1 0.310517951239
DS.d648.s0.i0 1.0 0.29769591823
DS.d648.s0.i1 1.0 0.706030422414
DS.d648.s0.i2 1.0 -0.0300945330365
DS.d649.s0.i0 -1 1.00756957274
DS.d649.s0.i1 1.0 0.384587059394
DS.d649.s0.i2 -1 -0.0107951987283
DS.d649.s0.i3 1.0 0.411338367155
DS.d649.s0.i4 -1 -0.14071457097
DS.d649.s0.i5 -1 0.115359349928
DS.d649.s0.i6 1.0 0.491403400632
DS.d649.s0.i7 1.0 0.651292252578
DS.d672.s0.i0 1.0 0.308595464602
DS.d672.s0.i1 -1 0.842114419657
DS.d672.s0.i2 1.0 0.263555243407
DS.d672.s0.i3 -1 0.461903161643
DS.d672.s0.i4 -1 0.24816399967
DS.d672.s0.i5 -1 1.59829876288
DS.d672.s0.i6 -1 0.354237598846
DS.d672.s0.i7 -1 -0.0658255642956
DS.d672.s0.i8 1.0 0.128535845588
DS.d672.s0.i9 -1 0.879737205535
DS.d672.s0.i10 -1 -0.534390478038
DS.d672.s0.i11 -1 0.94856579772
DS.d674.s0.i0 1.0 0.977060834884
DS.d674.s0.i1 1.0 -0.242729726808
DS.d695.s0.i0 1.0 1.05047489076
DS.d695.s0.i1 1.0 1.15054721029
DS.d695.s1.i0 -1 0.834866567492
DS.d695.s1.i1 -1 0.384010948299
DS.d695.s1.i2 -1 0.332744562821
DS.d695.s2.i0 1.0 0.850656770645
DS.d695.s2.i1 1.0 1.09387502724
DS.d698.s0.i0 1.0 0.486516666611
DS.d698.s1.i0 1.0 1.06327555348
DS.d699.s0.i0 1.0 2.07031484153
DS.d699.s0.i1 1.0 2.07031484153
DS.d699.s1.i0 1.0 -0.371885718653
DS.d699.s1.i1 -1 -0.918750838628
DS.d699.s1.i2 -1 -1.48264101043
DS.d699.s2.i0 1.0 0.327431625225
DS.d704.s0.i0 -1 -0.922604535957
DS.d704.s0.i1 1.0 -0.141795864372
DS.d704.s0.i2 1.0 -0.141795864372
DS.d704.s0.i3 1.0 -0.272502129635
DS.d704.s0.i4 1.0 -0.272502129635
DS.d704.s0.i5 -1 -0.922604535957
DS.d705.s0.i0 1.0 0.68954029098
DS.d711.s0.i0 -1 -0.160700997587
DS.d712.s0.i0 1.0 1.72069101124
DS.d712.s0.i1 1.0 2.61390596675
DS.d712.s0.i2 1.0 1.2353909618
DS.d712.s0.i3 1.0 2.18676393719
DS.d712.s1.i0 1.0 2.03567618738
DS.d712.s2.i0 -1 1.87129717122
DS.d712.s2.i1 -1 1.49562557141
DS.d716.s0.i0 1.0 -0.0683487247646
DS.d716.s0.i1 -1 -1.13093758401
DS.d716.s0.i2 1.0 0.386506977446
DS.d716.s0.i3 1.0 -0.0261271517652
DS.d725.s0.i0 1.0 1.19814103674
DS.d725.s1.i0 1.0 1.23857626118
DS.d725.s1.i1 1.0 1.23857626118
DS.d725.s1.i2 1.0 0.803670408377
DS.d734.s0.i0 1.0 0.156402929254
DS.d734.s0.i1 1.0 0.248948021144
DS.d734.s0.i2 1.0 0.00445974311698
DS.d734.s0.i3 1.0 0.0299500362394
DS.d735.s0.i0 1.0 2.18706429181
DS.d735.s1.i0 1.0 1.08711587927
DS.d735.s1.i1 1.0 1.12219439225
DS.d735.s2.i0 1.0 0.931100453478
DS.d735.s2.i1 -1 0.572504911201
DS.d735.s3.i0 -1 0.848210014752
DS.d749.s0.i0 1.0 -0.333717521789
DS.d749.s0.i1 1.0 -0.634148342304
DS.d749.s1.i0 1.0 0.936220462395
DS.d749.s1.i1 1.0 0.880299362433
DS.d749.s2.i0 1.0 -0.0811870085695
DS.d749.s2.i1 1.0 0.301662522438
DS.d749.s2.i2 1.0 0.362770923989
DS.d749.s3.i0 -1 0.392387599665
DS.d769.s0.i0 1.0 0.157075918376
DS.d779.s0.i0 -1 -1.05995838519
DS.d788.s0.i0 -1 -0.637409727315
DS.d788.s0.i1 -1 -1.10178638284
DS.d788.s0.i2 -1 0.0734263096079
DS.d788.s0.i3 -1 -0.387136451074
DS.d788.s0.i4 -1 -0.0601023603145
DS.d788.s0.i5 -1 -0.391420569885
DS.d788.s0.i6 -1 -0.167106217002
DS.d788.s0.i7 -1 -0.524479015834
DS.d788.s0.i8 -1 -0.124488882285
DS.d788.s0.i9 -1 -0.585051642968
DS.d788.s0.i10 -1 0.13048786094
DS.d788.s0.i11 -1 -0.89238647054
DS.d788.s0.i12 -1 -0.365021408894
DS.d788.s0.i13 -1 0.276332359281
DS.d788.s0.i14 -1 -0.315079103541
DS.d788.s0.i15 -1 -0.33007489974
DS.d788.s0.i16 -1 -0.794451555262
DS.d788.s0.i17 -1 0.021355616056
DS.d788.s0.i18 -1 0.219270807949
DS.d788.s0.i19 -1 -0.130807960579
DS.d788.s0.i20 -1 -0.117163911645
DS.d788.s0.i21 -1 -0.0301000933512
DS.d788.s0.i22 -1 -0.340207872871
DS.d788.s0.i23 -1 -0.746065915607
DS.d788.s0.i24 -1 -0.281689260087
DS.d788.s0.i25 -1 -0.285076836578
DS.d788.s0.i26 -1 -0.536666003315
DS.d788.s0.i27 -1 0.0729560856382
DS.d788.s0.i28 -1 -0.33388879458
DS.d788.s0.i29 -1 -0.710379122546
DS.d788.s0.i30 -1 -0.574421321189
DS.d788.s0.i31 -1 -0.110044665669
DS.d788.s0.i32 -1 0.124168782647
DS.d788.s0.i33 -1 -0.327661852775
DS.d788.s0.i34 -1 -0.0871616446822
DS.d788.s0.i35 -1 -0.210506106978
DS.d788.s0.i36 -1 0.0671072313132
DS.d788.s0.i37 -1 -0.694471278646
DS.d788.s0.i38 -1 -0.188044296242
DS.d788.s0.i39 -1 -0.182020657587
DS.d793.s0.i0 1.0 -0.389745634758
DS.d793.s0.i1 1.0 -0.334493437946
DS.d793.s1.i0 1.0 0.994717835678
DS.d793.s1.i1 1.0 0.876494486432
DS.d806.s0.i0 -1 -0.621974258235
DS.d806.s0.i1 -1 -0.163209853425
DS.d806.s0.i2 -1 0.217335606799
DS.d814.s0.i0 -1 0.404382910682
DS.d814.s0.i1 -1 1.15624368939
DS.d814.s0.i2 -1 0.623179161687
DS.d814.s1.i0 -1 -1.06904517514
DS.d814.s1.i1 -1 -0.888933223188
DS.d824.s0.i0 1.0 0.738130711618
DS.d824.s0.i1 1.0 -0.575626402472
DS.d830.s0.i0 1.0 1.25506728278
DS.d830.s1.i0 1.0 1.02209470007
DS.d834.s0.i0 -1 -1.23778285013
DS.d834.s0.i1 -1 -0.907529521461
DS.d834.s0.i2 -1 -1.01864469074
DS.d834.s0.i3 -1 -0.904241754743
DS.d842.s0.i0 -1 0.325965854558
DS.d842.s0.i1 -1 0.796590443137
DS.d842.s0.i2 -1 -0.0852647334238
DS.d842.s0.i3 -1 -1.30294901856
DS.d842.s1.i0 -1 0.234527106224
DS.d842.s1.i1 -1 0.617877011626
DS.d842.s1.i2 -1 0.4620991835
DS.d842.s1.i3 -1 -0.174110297556
DS.d848.s0.i0 1.0 0.270670000112
DS.d848.s0.i1 1.0 0.172830332848
DS.d848.s0.i2 1.0 0.795440037236
DS.d849.s0.i0 -1 0.574170352794
DS.d849.s1.i0 1.0 0.678127188438
DS.d850.s0.i0 -1 0.397788466918
DS.d850.s1.i0 -1 -1.6173810672
DS.d858.s0.i0 1.0 -1.60330150333
DS.d858.s0.i1 1.0 -1.51601654382
DS.d858.s0.i2 1.0 -1.64633815259
DS.d861.s0.i0 1.0 0.136707195247
DS.d862.s0.i0 1.0 2.526269409
DS.d874.s0.i0 -1 1.16707155397
DS.d874.s1.i0 -1 0.379087671179
DS.d900.s0.i0 1.0 -0.0932221981777
DS.d900.s0.i1 1.0 0.129452882218
DS.d903.s0.i0 1.0 1.83946917124
DS.d903.s0.i1 1.0 0.565028960215
DS.d909.s0.i0 -1 -0.424143332638
DS.d909.s0.i1 -1 -0.993230762717
DS.d909.s0.i2 -1 0.468626757569
DS.d909.s0.i3 -1 1.28944368647
DS.d909.s0.i4 -1 0.168651951179
DS.d909.s0.i5 -1 -0.223874533748
DS.d909.s0.i6 -1 0.722456743185
DS.d909.s0.i7 -1 0.159838781706
DS.d925.s0.i0 -1 -0.468521210709
DS.d945.s0.i0 1.0 0.160985748239
DS.d945.s0.i1 1.0 0.0192218273382
DS.d945.s1.i0 1.0 1.1750430484
DS.d954.s0.i0 -1 -0.0337767542461
DS.d963.s0.i0 1.0 0.730224490347
DS.d963.s1.i0 1.0 0.429700137552
DS.d969.s0.i0 1.0 1.01645552164
DS.d969.s0.i1 -1 0.0119679208504
DS.d999.s0.i0 -1 -0.684302904043
DS.d999.s0.i1 -1 -1.17908207012
DS.d1003.s0.i0 -1 -0.12268556279
DS.d1003.s0.i1 -1 0.261675200986
DS.d1005.s0.i0 1.0 1.24352328053
DS.d1009.s0.i0 -1 1.08653119618
DS.d1009.s1.i0 -1 -0.0632806592661
DS.d1009.s1.i1 -1 -0.115372749474
DS.d1027.s0.i0 -1 0.128449332372
DS.d1027.s0.i1 -1 0.128449332372
DS.d1039.s0.i0 -1 1.04292349608
DS.d1069.s0.i0 1.0 1.12588424586
DS.d1084.s0.i0 -1 -0.59689688278
DS.d1092.s0.i0 1.0 1.63695731592
DS.d1092.s0.i1 1.0 0.9133793797
DS.d1094.s0.i0 -1 0.520774949927
DS.d1097.s0.i0 -1 1.5592696144
DS.d1097.s1.i0 1.0 0.230614550023
DS.d1097.s1.i1 1.0 0.220529508167
DS.d1097.s1.i2 1.0 0.0305056260762
DS.d1097.s1.i3 1.0 0.0357406325429
DS.d1100.s0.i0 1.0 -0.241065540143
DS.d1106.s0.i0 -1 -0.887441087463
DS.d1106.s1.i0 -1 -0.632600886138
DS.d1142.s0.i0 -1 -1.11958120489
DS.d1142.s0.i1 -1 -0.802048793065
DS.d1142.s0.i2 -1 -0.450709212791
DS.d1170.s0.i0 -1 0.440369898125
DS.d1170.s0.i1 -1 0.263636253546
DS.d1170.s0.i2 -1 0.177291002229
DS.d1170.s0.i3 -1 -0.0532419070196
DS.d1170.s0.i4 -1 -0.148477442656
DS.d1191.s0.i0 1.0 1.09921183456
DS.d1197.s0.i0 -1 1.05148658448
DS.d1215.s0.i0 1.0 1.33939951929
DS.d1215.s0.i1 1.0 1.89986467184
DS.d1215.s1.i0 -1 0.275474452006
DS.d1215.s1.i1 -1 -0.119220530219
DS.d1215.s1.i2 -1 0.994704270681
DS.d1215.s1.i3 -1 1.20378873501
DS.d1220.s0.i0 1.0 0.411758581307
DS.d1220.s0.i1 1.0 -0.413969388556
DS.d1220.s1.i0 1.0 -0.889303082167
DS.d1233.s0.i0 -1 -0.478229402361
DS.d1242.s0.i0 1.0 -0.501509292089
DS.d1242.s0.i1 1.0 1.09121664701
DS.d1251.s0.i0 1.0 1.54112196341
DS.d1295.s0.i0 1.0 1.318940669
DS.d1307.s0.i0 -1 0.251162639579
DS.d1307.s0.i1 -1 -0.236737970575
DS.d1307.s0.i2 -1 0.52848698157
DS.d1307.s0.i3 -1 1.04745726944
DS.d1314.s0.i0 1.0 1.06558297209
DS.d1315.s0.i0 -1 -0.96506921871
DS.d1315.s1.i0 -1 -0.695858394201
DS.d1328.s0.i0 -1 -0.00240958001927
DS.d1328.s0.i1 -1 0.131552456915
DS.d1328.s1.i0 -1 -0.946466253539
DS.d1328.s1.i1 -1 -1.2635041697
DS.d1330.s0.i0 -1 -1.49031260164
DS.d1330.s0.i1 -1 -1.00494717343
DS.d1330.s0.i2 -1 -0.857027196416
DS.d1331.s0.i0 -1 -1.53862337153
DS.d1331.s0.i1 -1 -1.81270690694
DS.d1331.s1.i0 -1 -0.87058014886
DS.d1331.s1.i1 -1 -1.59822352817
DS.d1334.s0.i0 -1 0.512944895273
DS.d1342.s0.i0 -1 -0.261995381075
DS.d1351.s0.i0 1.0 2.96211487423
DS.d1356.s0.i0 1.0 0.673631989166
DS.d1356.s0.i1 1.0 0.23481494238
DS.d1356.s1.i0 1.0 1.27630687915
DS.d1356.s2.i0 1.0 0.485631706559
DS.d1356.s3.i0 1.0 2.14960201206
DS.d1356.s4.i0 1.0 1.75385158977
DS.d1356.s4.i1 1.0 0.581428448698
DS.d1356.s4.i2 1.0 1.52438820076
DS.d1359.s0.i0 1.0 1.92601485151
DS.d1359.s1.i0 -1 -1.31621865684
DS.d1361.s0.i0 1.0 1.43806863527
DS.d1361.s1.i0 1.0 1.83868484418
DS.d1362.s0.i0 1.0 1.11440587812
DS.d1362.s1.i0 -1 -0.479182469705
DS.d1369.s0.i0 1.0 0.902417131326
DS.d1369.s0.i1 1.0 1.08684408038
DS.d1371.s0.i0 1.0 0.630942085613
DS.d1375.s0.i0 -1 0.486804319137
DS.d1375.s0.i1 -1 0.317745079598
DS.d1376.s0.i0 -1 -0.359931416013
DS.d1376.s0.i1 -1 0.0731166850383
DS.d1376.s0.i2 -1 0.111441771133
DS.d1376.s0.i3 -1 -0.54668562416
DS.d1376.s0.i4 -1 -0.396025000241
DS.d1376.s0.i5 -1 -0.0240009445468
DS.d1376.s0.i6 -1 -0.399079176515
DS.d1376.s0.i7 -1 -0.106079226164
DS.d1376.s0.i8 -1 0.231223776145
DS.d1376.s0.i9 -1 0.108680882675
DS.d1376.s0.i10 -1 0.147303173244
DS.d1376.s0.i11 -1 -0.138824675604
DS.d1376.s1.i0 -1 -0.826663956795
DS.d1376.s1.i1 -1 -1.82237646211
DS.d1403.s0.i0 1.0 0.785567567737
DS.d1403.s1.i0 1.0 0.291352561469
DS.d1413.s0.i0 1.0 -0.825252680488
DS.d1413.s0.i1 1.0 -0.825252680488
DS.d1413.s0.i2 1.0 0.0805100400172
DS.d1413.s0.i3 1.0 0.0805100400172
DS.d1428.s0.i0 1.0 1.93105809033
DS.d1446.s0.i0 1.0 0.121626604129
DS.d1449.s0.i0 1.0 0.843020887056
DS.d1463.s0.i0 1.0 0.900606818362
DS.d1463.s1.i0 1.0 0.405435235562
DS.d1463.s1.i1 1.0 0.803906286577
DS.d1466.s0.i0 1.0 1.18470262167
DS.d1473.s0.i0 1.0 1.26122130434
DS.d1473.s1.i0 1.0 0.509890239398
DS.d1473.s2.i0 1.0 0.728422271776
DS.d1473.s3.i0 1.0 1.74920534535
DS.d1474.s0.i0 -1 -0.651687764108
DS.d1476.s0.i0 -1 -1.3667549023
DS.d1481.s0.i0 1.0 1.06811835533
DS.d1481.s0.i1 1.0 0.919554888267
DS.d1481.s0.i2 1.0 0.979263190245
DS.d1481.s0.i3 1.0 0.721283231319
DS.d1488.s0.i0 1.0 0.694757949296
DS.d1495.s0.i0 1.0 0.127259645835
DS.d1495.s1.i0 1.0 1.01855707685
DS.d1496.s0.i0 -1 0.21231603932
DS.d1496.s0.i1 -1 -0.414695373965
DS.d1500.s0.i0 -1 0.931922166235
DS.d1500.s0.i1 -1 1.56093319825
DS.d1506.s0.i0 1.0 0.0937240296394
DS.d1506.s1.i0 1.0 -0.217906772583
DS.d1506.s2.i0 1.0 2.01897444142
DS.d1506.s3.i0 1.0 0.90004164849
DS.d1506.s4.i0 1.0 1.94425672341
DS.d1510.s0.i0 1.0 0.279717588502
DS.d1515.s0.i0 1.0 -0.154500657259
DS.d1515.s0.i1 1.0 -0.144288408455
DS.d1519.s0.i0 -1 0.427615226449
DS.d1529.s0.i0 1.0 1.83844815453
DS.d1553.s0.i0 -1 1.71273156722
DS.d1556.s0.i0 1.0 2.06351038468
DS.d1556.s0.i1 1.0 2.32507422783
DS.d1556.s0.i2 1.0 2.06351038468
DS.d1564.s0.i0 -1 0.488660885717
DS.d1570.s0.i0 1.0 -1.44678951139
DS.d1573.s0.i0 1.0 -0.344020692545
DS.d1581.s0.i0 1.0 1.2832282591
DS.d1581.s0.i1 1.0 0.698698461013
DS.d1581.s0.i2 1.0 0.921426325586
DS.d1581.s0.i3 1.0 0.965482643728
DS.d1581.s0.i4 1.0 0.237712469587
DS.d1581.s0.i5 1.0 0.443600076972
DS.d1581.s0.i6 1.0 0.822242267673
DS.d1581.s0.i7 1.0 0.460440334161
DS.d1591.s0.i0 1.0 0.69115282846
DS.d1596.s0.i0 1.0 0.119078628222
DS.d1596.s1.i0 1.0 0.704170839269
DS.d1596.s1.i1 1.0 0.836682406834
DS.d1602.s0.i0 1.0 1.28440088009
DS.d1602.s1.i0 -1 -1.37970268995
DS.d1602.s1.i1 -1 -1.87169012131
DS.d1610.s0.i0 1.0 0.291138758327
DS.d1613.s0.i0 1.0 0.265733682519
DS.d1613.s1.i0 1.0 1.30355784871
DS.d1616.s0.i0 1.0 0.553094697256
DS.d1616.s1.i0 1.0 0.350936806626
DS.d1634.s0.i0 -1 -1.46273511897
DS.d1634.s0.i1 -1 -0.712183856251
DS.d1634.s0.i2 -1 -0.920110597328
DS.d1634.s0.i3 -1 -0.986793605625
DS.d1634.s0.i4 -1 -1.04979287902
DS.d1634.s0.i5 -1 -0.392263246054
DS.d1634.s0.i6 -1 -1.26086538646
DS.d1634.s0.i7 -1 -0.507168357377
DS.d1634.s0.i8 -1 -0.847923146507
DS.d1634.s0.i9 -1 -1.09178824735
DS.d1634.s1.i0 -1 -0.559092949691
DS.d1634.s1.i1 -1 -0.53041455415
DS.d1634.s1.i2 -1 -0.644319334672
DS.d1634.s1.i3 -1 -0.862826435848
DS.d1651.s0.i0 1.0 2.47676619014
DS.d1653.s0.i0 1.0 1.76357327596
DS.d1653.s0.i1 1.0 0.785660569256
DS.d1653.s1.i0 1.0 0.308022444959
DS.d1653.s1.i1 1.0 1.11158424434
DS.d1653.s2.i0 1.0 0.671713444113
DS.d1653.s3.i0 -1 -0.107444483946
DS.d1653.s4.i0 -1 -0.00876397128917
DS.d1653.s4.i1 -1 0.0886048909382
DS.d1697.s0.i0 1.0 1.2359173823
DS.d1697.s0.i1 1.0 2.50650930402
DS.d1716.s0.i0 1.0 1.68362456183
DS.d1730.s0.i0 1.0 0.911882119577
DS.d1737.s0.i0 1.0 1.99102183936
DS.d1738.s0.i0 1.0 1.63719394024
DS.d1738.s0.i1 1.0 1.63719394024
DS.d1750.s0.i0 -1 0.301410282374
DS.d1750.s0.i1 -1 -1.04201305487
DS.d1758.s0.i0 -1 1.07481088629
DS.d1765.s0.i0 1.0 1.35927773603
DS.d1765.s0.i1 1.0 1.21128636015
DS.d1773.s0.i0 1.0 1.31107661196
DS.d1773.s0.i1 1.0 1.37728177289
DS.d1773.s0.i2 1.0 1.2294529129
DS.d1773.s0.i3 1.0 1.00784088298
DS.d1779.s0.i0 -1 0.788359651271
DS.d1779.s0.i1 1.0 1.87357544389
DS.d1779.s0.i2 1.0 1.61449192868
DS.d1779.s1.i0 -1 0.522661052776
DS.d1779.s1.i1 1.0 1.69415660799
DS.d1779.s1.i2 1.0 1.46392375862
DS.d1779.s2.i0 1.0 1.71344624427
DS.d1779.s3.i0 -1 1.17423235054
DS.d1784.s0.i0 1.0 0.237231883384
DS.d1784.s0.i1 1.0 0.821492652368
DS.d1784.s0.i2 1.0 0.467870129747
DS.d1784.s0.i3 1.0 0.035694036738
DS.d1790.s0.i0 -1 0.337014946995
DS.d1809.s0.i0 1.0 1.09998591085
DS.d1809.s0.i1 1.0 0.683514564071
DS.d1818.s0.i0 -1 0.844051397452
DS.d1832.s0.i0 -1 0.0248676643744
DS.d1832.s0.i1 -1 -0.163402195424
DS.d1843.s0.i0 1.0 1.80878090609
DS.d1843.s1.i0 1.0 1.84605286386
DS.d1854.s0.i0 1.0 1.70972094808
