DS3.d6.s0.i0 1.0 0.176018170506
DS3.d23.s0.i0 -1 -0.751748247437
DS3.d23.s0.i1 -1 -0.968718620891
DS3.d23.s0.i2 -1 -0.290762943789
DS3.d23.s0.i3 -1 0.486158906947
DS3.d23.s0.i4 -1 -0.684644030529
DS3.d23.s0.i5 -1 -0.952427667611
DS3.d23.s0.i6 -1 -0.784534791416
DS3.d23.s0.i7 -1 -0.529949035996
DS3.d23.s0.i8 -1 -1.09571373802
DS3.d23.s0.i9 -1 -0.936458207284
DS3.d23.s0.i10 -1 -0.999067114887
DS3.d23.s0.i11 -1 -0.656673890437
DS3.d23.s0.i12 -1 -0.845877563222
DS3.d23.s0.i13 -1 -0.500377161739
DS3.d41.s0.i0 1.0 0.0509842572534
DS3.d41.s0.i1 1.0 -0.485896016607
DS3.d49.s0.i0 -1 0.599968915332
DS3.d49.s0.i1 -1 0.697119926806
DS3.d49.s0.i2 -1 0.57132500249
DS3.d49.s0.i3 -1 0.650947623894
DS3.d49.s1.i0 1.0 -0.523217812884
DS3.d49.s1.i1 1.0 0.446133753765
DS3.d49.s1.i2 -1 -0.819357332131
DS3.d49.s1.i3 1.0 0.12907550222
DS3.d49.s2.i0 1.0 1.15370797134
DS3.d49.s2.i1 1.0 1.25497592189
DS3.d58.s0.i0 -1 1.09628772105
DS3.d58.s1.i0 1.0 1.43255810204
DS3.d58.s1.i1 1.0 1.60188201174
DS3.d58.s2.i0 1.0 1.31861440979
DS3.d58.s3.i0 1.0 0.701018408187
DS3.d61.s0.i0 1.0 -0.00895767132699
DS3.d61.s0.i1 1.0 0.175194540548
DS3.d61.s0.i2 1.0 0.34616929709
DS3.d61.s0.i3 1.0 -0.0217899729423
DS3.d61.s0.i4 1.0 0.405897172928
DS3.d61.s0.i5 1.0 -0.066106880463
DS3.d61.s0.i6 1.0 0.366600434648
DS3.d61.s0.i7 1.0 0.264809050242
DS3.d61.s0.i8 1.0 -0.307699577217
DS3.d74.s0.i0 1.0 1.08428489388
DS3.d79.s0.i0 -1 0.522897583088
DS3.d85.s0.i0 1.0 0.720113628849
DS3.d107.s0.i0 -1 -1.18886610138
DS3.d107.s0.i1 -1 -0.170219539393
DS3.d107.s0.i2 -1 -1.65008611933
DS3.d115.s0.i0 -1 -0.599508527606
DS3.d115.s0.i1 1.0 -0.762850700328
DS3.d137.s0.i0 -1 0.711237808861
DS3.d137.s1.i0 -1 0.690151893836
DS3.d140.s0.i0 1.0 0.857450628636
DS3.d140.s0.i1 1.0 1.11871197211
DS3.d140.s0.i2 1.0 0.916526440462
DS3.d157.s0.i0 1.0 0.662319656874
DS3.d163.s0.i0 1.0 2.2632136828
DS3.d163.s0.i1 1.0 2.61175235087
DS3.d163.s0.i2 1.0 2.37334301555
DS3.d171.s0.i0 1.0 1.00244194797
DS3.d171.s1.i0 1.0 0.278643989325
DS3.d173.s0.i0 1.0 0.197843764485
DS3.d175.s0.i0 1.0 0.445337545732
DS3.d175.s0.i1 1.0 0.822109386068
DS3.d175.s1.i0 1.0 0.68016343652
DS3.d190.s0.i0 1.0 -0.0575847310678
DS3.d195.s0.i0 -1 0.231802033119
DS3.d239.s0.i0 1.0 0.388156220441
DS3.d239.s0.i1 1.0 1.70197674593
DS3.d239.s1.i0 1.0 0.363063565993
DS3.d239.s2.i0 1.0 0.537219161505
DS3.d239.s2.i1 1.0 0.725967484966
DS3.d239.s2.i2 1.0 0.150312696591
DS3.d240.s0.i0 1.0 1.33410847015
DS3.d257.s0.i0 1.0 1.92117118449
DS3.d257.s0.i1 -1 0.588957193248
DS3.d257.s0.i2 -1 1.6671406868
DS3.d257.s1.i0 1.0 -0.0339701287532
DS3.d257.s2.i0 1.0 0.655181538065
DS3.d257.s3.i0 1.0 1.48846540211
DS3.d309.s0.i0 1.0 0.946624582543
DS3.d309.s1.i0 -1 -0.117946258155
DS3.d309.s1.i1 -1 0.400858208567
DS3.d309.s1.i2 -1 1.05359684773
DS3.d309.s2.i0 1.0 0.558071067602
DS3.d309.s2.i1 1.0 0.455655918725
DS3.d321.s0.i0 1.0 0.302443621141
DS3.d321.s0.i1 1.0 0.501561513922
DS3.d321.s0.i2 1.0 -0.420352835208
DS3.d321.s0.i3 1.0 -0.539471827233
DS3.d321.s0.i4 1.0 0.24296985921
DS3.d326.s0.i0 1.0 0.637451655583
DS3.d326.s0.i1 -1 0.214380949894
DS3.d329.s0.i0 1.0 0.349678037571
DS3.d357.s0.i0 1.0 0.566371190604
DS3.d357.s0.i1 1.0 0.711014370708
DS3.d382.s0.i0 1.0 1.24875937716
DS3.d388.s0.i0 -1 -0.00419620867019
DS3.d388.s0.i1 -1 0.334187205424
DS3.d390.s0.i0 -1 -0.303283773064
DS3.d390.s0.i1 -1 -0.12181212122
DS3.d390.s0.i2 -1 -0.425334063866
DS3.d390.s0.i3 -1 -0.512774396231
DS3.d390.s0.i4 -1 -0.0620445806126
DS3.d390.s0.i5 -1 -0.471100085574
DS3.d411.s0.i0 1.0 2.71901732634
DS3.d413.s0.i0 -1 1.17981975422
DS3.d413.s0.i1 -1 1.73022490557
DS3.d413.s0.i2 1.0 0.807214751966
DS3.d413.s0.i3 1.0 1.59029024919
DS3.d420.s0.i0 1.0 0.917215408323
DS3.d420.s1.i0 1.0 0.0465340270624
DS3.d425.s0.i0 -1 -0.729575616189
DS3.d425.s0.i1 -1 -0.310254664544
DS3.d437.s0.i0 -1 -0.178512255387
DS3.d437.s0.i1 -1 0.156747825953
DS3.d437.s0.i2 1.0 1.56724611056
DS3.d457.s0.i0 1.0 2.16565657664
DS3.d457.s1.i0 1.0 1.41229690547
DS3.d457.s1.i1 1.0 1.65925257188
DS3.d457.s1.i2 1.0 1.54870478826
DS3.d457.s1.i3 1.0 1.46996438525
DS3.d458.s0.i0 1.0 0.861362669683
DS3.d458.s1.i0 1.0 0.717880111084
DS3.d458.s2.i0 -1 -0.562957239626
DS3.d458.s3.i0 1.0 1.97456360083
DS3.d458.s4.i0 1.0 -0.10639001806
DS3.d460.s0.i0 -1 -0.419613475309
DS3.d460.s1.i0 1.0 1.1828325636
DS3.d466.s0.i0 1.0 1.67035158689
DS3.d486.s0.i0 -1 -0.328104494358
DS3.d486.s0.i1 -1 0.00413967510692
DS3.d486.s0.i2 -1 -0.230601703558
DS3.d486.s0.i3 -1 -0.352268501542
DS3.d486.s0.i4 -1 0.21960460391
DS3.d486.s0.i5 -1 -0.319020350744
DS3.d486.s0.i6 -1 -0.446053801051
DS3.d486.s0.i7 -1 0.0118764722222
DS3.d486.s0.i8 -1 -0.584622426907
DS3.d486.s0.i9 -1 -0.408646708956
DS3.d486.s0.i10 -1 -0.256764494125
DS3.d486.s0.i11 -1 -0.917692086124
DS3.d486.s0.i12 -1 -0.430849522941
DS3.d486.s0.i13 -1 -0.171529143087
DS3.d486.s0.i14 -1 -0.19316732617
DS3.d486.s0.i15 -1 -0.569382631465
DS3.d486.s0.i16 -1 -0.375985049416
DS3.d486.s0.i17 -1 -0.131210188774
DS3.d486.s0.i18 -1 -0.15502302284
DS3.d486.s0.i19 -1 -0.121624476618
DS3.d486.s0.i20 -1 -0.285475773184
DS3.d486.s0.i21 -1 -0.651401909226
DS3.d486.s0.i22 -1 -0.760843826743
DS3.d486.s0.i23 -1 -0.390848479663
DS3.d486.s0.i24 -1 -0.791730929591
DS3.d486.s0.i25 -1 0.0157445499516
DS3.d486.s0.i26 -1 -0.6731553094
DS3.d486.s0.i27 -1 -0.407917192235
DS3.d486.s0.i28 -1 0.0552456963298
DS3.d486.s0.i29 -1 -0.554106789167
DS3.d486.s0.i30 -1 -0.742313248749
DS3.d486.s0.i31 -1 -0.555940690853
DS3.d486.s0.i32 -1 -0.104008846508
DS3.d486.s0.i33 -1 -0.318539028243
DS3.d486.s0.i34 -1 -0.71008050463
DS3.d486.s0.i35 -1 -0.413237745602
DS3.d486.s1.i0 1.0 1.47235047385
DS3.d486.s1.i1 1.0 1.25839988252
DS3.d487.s0.i0 1.0 0.833319224642
DS3.d487.s0.i1 1.0 1.36650336425
DS3.d487.s0.i2 -1 1.59322448846
DS3.d490.s0.i0 1.0 1.77348623104
DS3.d490.s0.i1 1.0 1.77348623104
DS3.d516.s0.i0 1.0 -0.0409937872853
DS3.d516.s0.i1 1.0 -0.0466526411478
DS3.d518.s0.i0 1.0 1.50653478223
DS3.d531.s0.i0 1.0 1.19046213795
DS3.d531.s0.i1 1.0 0.966001490321
DS3.d531.s0.i2 1.0 0.904076137027
DS3.d531.s0.i3 1.0 0.729051367956
DS3.d531.s0.i4 1.0 0.697132472996
DS3.d548.s0.i0 -1 -0.90524585753
DS3.d548.s0.i1 -1 -0.551089065799
DS3.d552.s0.i0 1.0 0.180234175888
DS3.d552.s0.i1 1.0 0.255490350054
DS3.d552.s0.i2 1.0 1.12317098907
DS3.d552.s0.i3 1.0 1.12928273384
DS3.d560.s0.i0 1.0 2.45587937573
DS3.d560.s0.i1 1.0 2.47341717548
DS3.d560.s0.i2 1.0 2.52761330063
DS3.d560.s0.i3 1.0 2.18974750137
DS3.d567.s0.i0 1.0 0.214135097589
DS3.d567.s0.i1 1.0 2.32009450664
DS3.d567.s1.i0 1.0 1.05905385351
DS3.d567.s1.i1 -1 -0.95235157637
DS3.d567.s1.i2 1.0 0.859713252974
DS3.d574.s0.i0 -1 -0.944141106765
DS3.d574.s0.i1 -1 -0.536620170842
DS3.d574.s0.i2 -1 -0.463539027987
DS3.d574.s0.i3 -1 -0.776283362963
DS3.d583.s0.i0 1.0 1.90491894283
DS3.d586.s0.i0 1.0 0.395611660206
DS3.d598.s0.i0 1.0 0.689610473787
DS3.d598.s0.i1 1.0 0.689610473787
DS3.d599.s0.i0 1.0 -0.251301534761
DS3.d599.s1.i0 -1 -0.57766660682
DS3.d602.s0.i0 -1 -0.269326628816
DS3.d614.s0.i0 1.0 0.24635758282
DS3.d614.s0.i1 1.0 0.779125957968
DS3.d614.s0.i2 1.0 0.954121110383
DS3.d614.s0.i3 1.0 0.303698281828
DS3.d614.s0.i4 -1 0.828230218852
DS3.d614.s0.i5 1.0 -0.301418865138
DS3.d622.s0.i0 1.0 1.41235068832
DS3.d622.s1.i0 1.0 1.88518925216
DS3.d624.s0.i0 1.0 1.11729378315
DS3.d624.s0.i1 1.0 1.13484280818
DS3.d624.s0.i2 1.0 1.17256155821
DS3.d624.s0.i3 1.0 1.22878932946
DS3.d624.s1.i0 1.0 0.698687177941
DS3.d624.s1.i1 1.0 0.815887773843
DS3.d624.s1.i2 -1 0.508783853661
DS3.d624.s1.i3 1.0 0.698687177941
DS3.d624.s1.i4 -1 0.432754998537
DS3.d624.s1.i5 1.0 0.815887773843
DS3.d624.s1.i6 -1 0.490020846082
DS3.d624.s1.i7 -1 0.447543242031
DS3.d624.s2.i0 1.0 1.20136638436
DS3.d624.s2.i1 1.0 1.20136638436
DS3.d624.s2.i2 1.0 1.06898821946
DS3.d624.s3.i0 1.0 0.162593513296
DS3.d624.s3.i1 1.0 0.32304118109
DS3.d624.s3.i2 -1 0.557780082532
DS3.d624.s3.i3 1.0 0.644864517861
DS3.d624.s4.i0 1.0 0.870894575419
DS3.d624.s4.i1 1.0 0.603620213439
DS3.d624.s4.i2 1.0 0.801199911131
DS3.d629.s0.i0 1.0 0.329836740009
DS3.d629.s0.i1 1.0 0.163003561711
DS3.d629.s1.i0 1.0 -0.690295743009
DS3.d629.s1.i1 1.0 -0.6667724644
DS3.d637.s0.i0 1.0 0.641405097514
DS3.d641.s0.i0 1.0 1.353891177
DS3.d641.s0.i1 1.0 1.02754759278
DS3.d644.s0.i0 -1 0.159578438692
DS3.d680.s0.i0 1.0 1.15177026008
DS3.d680.s0.i1 1.0 1.03116876786
DS3.d680.s0.i2 1.0 1.71286702504
DS3.d680.s1.i0 1.0 -0.0125223577096
DS3.d690.s0.i0 1.0 0.514971624437
DS3.d690.s1.i0 1.0 1.82942690851
DS3.d690.s2.i0 1.0 0.164854348185
DS3.d690.s3.i0 1.0 1.2183751968
DS3.d690.s4.i0 -1 -0.461165150232
DS3.d690.s5.i0 1.0 1.81497474959
DS3.d690.s5.i1 1.0 2.30392884245
DS3.d690.s5.i2 1.0 2.08536685859
DS3.d690.s5.i3 1.0 1.98662430127
DS3.d690.s6.i0 -1 0.961985028415
DS3.d691.s0.i0 1.0 0.561308357143
DS3.d693.s0.i0 -1 -1.31880928161
DS3.d693.s0.i1 -1 -1.6924154815
DS3.d693.s0.i2 -1 -1.57135369904
DS3.d693.s0.i3 -1 -1.64554356892
DS3.d712.s0.i0 1.0 0.928926876969
DS3.d712.s0.i1 1.0 1.49901569614
DS3.d712.s0.i2 1.0 0.607180992242
DS3.d712.s0.i3 1.0 1.24606323508
DS3.d712.s1.i0 1.0 1.88302531297
DS3.d712.s2.i0 -1 1.52087985684
DS3.d712.s2.i1 -1 1.04855088566
DS3.d716.s0.i0 1.0 0.196553256414
DS3.d716.s0.i1 -1 -1.46984442831
DS3.d716.s0.i2 1.0 0.98061829812
DS3.d716.s0.i3 1.0 -0.0144795794088
DS3.d720.s0.i0 1.0 1.02349200744
DS3.d720.s0.i1 -1 0.612517837357
DS3.d720.s1.i0 -1 -0.281957392233
DS3.d720.s1.i1 -1 -0.281957392233
DS3.d720.s1.i2 1.0 0.840346111834
DS3.d720.s1.i3 1.0 0.577153075798
DS3.d720.s2.i0 1.0 1.86113111415
DS3.d720.s3.i0 1.0 1.18374774712
DS3.d720.s3.i1 1.0 1.33652816798
DS3.d724.s0.i0 1.0 1.82522825235
DS3.d724.s0.i1 1.0 1.40387380976
DS3.d724.s0.i2 1.0 -0.174713988204
DS3.d725.s0.i0 1.0 0.964285510535
DS3.d725.s1.i0 1.0 0.768076447898
DS3.d725.s1.i1 1.0 0.768076447898
DS3.d725.s1.i2 1.0 -0.143149299653
DS3.d737.s0.i0 -1 -0.960819439144
DS3.d737.s0.i1 -1 0.914663159139
DS3.d737.s0.i2 -1 -0.0855618462792
DS3.d737.s1.i0 -1 -0.941163275268
DS3.d737.s1.i1 1.0 0.627089317453
DS3.d740.s0.i0 1.0 0.35255394665
DS3.d740.s0.i1 1.0 0.189031002005
DS3.d742.s0.i0 1.0 1.59015840455
DS3.d742.s0.i1 1.0 1.24810761066
DS3.d771.s0.i0 1.0 1.30502013222
DS3.d783.s0.i0 -1 0.220112649117
DS3.d793.s0.i0 1.0 -0.0595082429863
DS3.d793.s0.i1 1.0 0.0229084256535
DS3.d793.s1.i0 1.0 1.09027091777
DS3.d793.s1.i1 1.0 0.802538769871
DS3.d799.s0.i0 1.0 1.05335661788
DS3.d799.s0.i1 1.0 1.17973713626
DS3.d799.s0.i2 1.0 1.03800629142
DS3.d799.s0.i3 1.0 1.05335661788
DS3.d804.s0.i0 -1 1.01543313299
DS3.d822.s0.i0 -1 0.74194174286
DS3.d824.s0.i0 1.0 0.629109816213
DS3.d824.s0.i1 1.0 -0.442832915654
DS3.d825.s0.i0 1.0 0.243853639774
DS3.d825.s0.i1 1.0 0.0459574534871
DS3.d825.s0.i2 1.0 0.307760322623
DS3.d825.s0.i3 1.0 0.0771994373394
DS3.d825.s0.i4 1.0 0.30868226574
DS3.d825.s0.i5 1.0 0.16883715965
DS3.d825.s0.i6 1.0 0.243271770972
DS3.d825.s0.i7 1.0 0.0695842803595
DS3.d825.s1.i0 -1 0.573042861786
DS3.d825.s1.i1 -1 0.0833676213958
DS3.d825.s1.i2 -1 0.573042861786
DS3.d825.s1.i3 -1 -0.181677426366
DS3.d825.s1.i4 -1 -0.187872644021
DS3.d825.s1.i5 -1 -0.187872644021
DS3.d825.s2.i0 -1 -1.40312553588
DS3.d825.s2.i1 -1 -1.40312553588
DS3.d832.s0.i0 1.0 -0.826705576469
DS3.d832.s1.i0 1.0 -0.736519681681
DS3.d834.s0.i0 -1 -1.09147103453
DS3.d834.s0.i1 -1 -0.764983367599
DS3.d834.s0.i2 -1 -0.952434605309
DS3.d834.s0.i3 -1 -0.699562143677
DS3.d835.s0.i0 1.0 -0.231664935816
DS3.d843.s0.i0 -1 0.306487896325
DS3.d843.s0.i1 1.0 1.85386556435
DS3.d843.s0.i2 -1 -0.0800220388825
DS3.d843.s0.i3 1.0 1.35287201831
DS3.d843.s1.i0 -1 -0.0842390915745
DS3.d849.s0.i0 -1 0.360013574829
DS3.d849.s1.i0 1.0 0.33259429597
DS3.d850.s0.i0 -1 0.558061328049
DS3.d850.s1.i0 -1 -1.25020716942
DS3.d860.s0.i0 1.0 1.36303049433
DS3.d860.s1.i0 1.0 1.47387201154
DS3.d860.s1.i1 1.0 1.28510087272
DS3.d863.s0.i0 -1 0.709325907771
DS3.d863.s1.i0 -1 -0.453419030495
DS3.d863.s1.i1 -1 -0.605119590667
DS3.d863.s2.i0 1.0 0.468850441291
DS3.d870.s0.i0 -1 0.212195060888
DS3.d892.s0.i0 -1 0.647049390912
DS3.d892.s0.i1 -1 -0.674314193632
DS3.d892.s1.i0 -1 -1.51430398184
DS3.d907.s0.i0 1.0 1.36934180684
DS3.d907.s0.i1 1.0 1.5645199504
DS3.d907.s0.i2 1.0 0.943381832024
DS3.d923.s0.i0 1.0 1.10651474674
DS3.d933.s0.i0 -1 0.605660274881
DS3.d933.s0.i1 -1 0.492424085703
DS3.d944.s0.i0 1.0 0.616869245817
DS3.d944.s0.i1 1.0 0.937122271558
DS3.d944.s0.i2 1.0 1.47204316549
DS3.d944.s0.i3 1.0 0.888095453569
DS3.d944.s0.i4 1.0 0.983775377963
DS3.d944.s0.i5 1.0 1.44058247417
DS3.d944.s0.i6 1.0 0.904385147529
DS3.d944.s0.i7 1.0 0.710105951632
DS3.d951.s0.i0 -1 -1.1629696073
DS3.d951.s0.i1 -1 -0.285529382322
DS3.d951.s0.i2 -1 -0.873474954703
DS3.d953.s0.i0 1.0 0.54971573271
DS3.d971.s0.i0 -1 -1.3581981758
DS3.d971.s1.i0 -1 -0.912879028812
DS3.d981.s0.i0 1.0 1.51843179558
DS3.d983.s0.i0 -1 1.13801348304
DS3.d983.s1.i0 -1 -0.113784657233
DS3.d983.s1.i1 -1 -0.066863569745
DS3.d991.s0.i0 -1 -1.19910131866
DS3.d994.s0.i0 1.0 0.124572576535
DS3.d1015.s0.i0 -1 0.245036200042
DS3.d1015.s0.i1 -1 0.245036200042
DS3.d1017.s0.i0 -1 -0.797438444447
DS3.d1017.s0.i1 -1 -0.327534531761
DS3.d1017.s0.i2 -1 -0.330767272848
DS3.d1017.s0.i3 -1 -0.735304211207
DS3.d1038.s0.i0 1.0 0.991445983453
DS3.d1042.s0.i0 -1 -1.18085598648
DS3.d1042.s0.i1 1.0 1.1379518001
DS3.d1042.s0.i2 -1 -0.820259447026
DS3.d1042.s1.i0 1.0 -0.155322536589
DS3.d1042.s1.i1 1.0 0.375559371487
DS3.d1042.s1.i2 1.0 -0.593661576624
DS3.d1042.s1.i3 1.0 0.608414766179
DS3.d1055.s0.i0 -1 -0.851573056559
DS3.d1063.s0.i0 1.0 0.626364349666
DS3.d1063.s0.i1 1.0 0.580634948999
DS3.d1065.s0.i0 -1 -0.246535301398
DS3.d1065.s0.i1 1.0 1.61970539705
DS3.d1065.s1.i0 -1 0.136969275211
DS3.d1065.s2.i0 -1 0.0488106026209
DS3.d1066.s0.i0 1.0 0.973400793479
DS3.d1066.s0.i1 1.0 0.973400793479
DS3.d1077.s0.i0 -1 0.0425606355584
DS3.d1113.s0.i0 -1 -0.304028631971
DS3.d1127.s0.i0 1.0 0.910732744818
DS3.d1127.s1.i0 1.0 -0.366841169605
DS3.d1128.s0.i0 1.0 0.196729660415
DS3.d1129.s0.i0 1.0 1.00620778709
DS3.d1129.s1.i0 1.0 0.67030383677
DS3.d1129.s1.i1 1.0 0.79342636899
DS3.d1129.s2.i0 1.0 0.256971454217
DS3.d1136.s0.i0 -1 -0.448670418422
DS3.d1139.s0.i0 1.0 0.626243850466
DS3.d1141.s0.i0 -1 0.26693455896
DS3.d1141.s0.i1 1.0 0.382570258251
DS3.d1155.s0.i0 -1 -0.13995898078
DS3.d1155.s0.i1 -1 0.170800588722
DS3.d1155.s0.i2 1.0 0.42730814175
DS3.d1155.s0.i3 1.0 0.814988053863
DS3.d1155.s1.i0 -1 -0.570515254458
DS3.d1155.s1.i1 -1 -0.662845524993
DS3.d1155.s2.i0 -1 -0.931813757747
DS3.d1155.s2.i1 -1 -0.519073047976
DS3.d1155.s2.i2 -1 -1.25918204042
DS3.d1172.s0.i0 -1 -0.955673133443
DS3.d1172.s0.i1 -1 -0.368793742556
DS3.d1174.s0.i0 -1 0.366959822835
DS3.d1177.s0.i0 1.0 -0.452790472948
DS3.d1177.s0.i1 1.0 -0.530057786474
DS3.d1177.s0.i2 1.0 -0.60284927228
DS3.d1177.s0.i3 1.0 -0.157005343791
DS3.d1179.s0.i0 1.0 0.505097874714
DS3.d1179.s0.i1 1.0 0.16254685385
DS3.d1179.s0.i2 1.0 0.0494101206889
DS3.d1197.s0.i0 -1 1.20211422122
DS3.d1211.s0.i0 -1 0.160072509655
DS3.d1211.s1.i0 -1 -0.218747342312
DS3.d1213.s0.i0 -1 -0.853506763649
DS3.d1221.s0.i0 1.0 1.8049813076
DS3.d1221.s0.i1 1.0 1.88567924831
DS3.d1224.s0.i0 1.0 1.18356431735
DS3.d1224.s0.i1 1.0 1.52367383303
DS3.d1230.s0.i0 -1 -0.718573650433
DS3.d1230.s0.i1 -1 -0.620439743375
DS3.d1230.s0.i2 -1 -0.361136557086
DS3.d1230.s0.i3 -1 -0.594708401498
DS3.d1230.s0.i4 -1 -0.922462235654
DS3.d1230.s0.i5 -1 -0.731291643077
DS3.d1230.s0.i6 -1 -0.611137471381
DS3.d1230.s0.i7 -1 -1.05357670116
DS3.d1232.s0.i0 -1 -0.517419604738
DS3.d1233.s0.i0 -1 0.507462685943
DS3.d1244.s0.i0 -1 -0.662682208304
DS3.d1245.s0.i0 -1 0.38643205984
DS3.d1245.s0.i1 -1 -0.920745517782
DS3.d1247.s0.i0 -1 -0.848528208327
DS3.d1250.s0.i0 -1 0.573721833984
DS3.d1250.s0.i1 -1 0.741128571803
DS3.d1250.s0.i2 -1 1.17305885385
DS3.d1250.s0.i3 -1 0.368246500157
DS3.d1257.s0.i0 1.0 1.25479368586
DS3.d1264.s0.i0 1.0 0.980029218254
DS3.d1264.s0.i1 1.0 0.739092136961
DS3.d1264.s0.i2 -1 1.72433779756
DS3.d1264.s0.i3 1.0 0.672089395107
DS3.d1278.s0.i0 1.0 0.996737114885
DS3.d1303.s0.i0 1.0 0.759136332655
DS3.d1303.s0.i1 1.0 0.386873045871
DS3.d1303.s0.i2 1.0 0.812165232889
DS3.d1303.s0.i3 1.0 0.276775883172
DS3.d1303.s1.i0 1.0 2.35677803703
DS3.d1303.s2.i0 1.0 0.602443135449
DS3.d1303.s3.i0 1.0 0.473755512343
DS3.d1303.s3.i1 1.0 0.0743579795648
DS3.d1303.s3.i2 1.0 0.838272679505
DS3.d1305.s0.i0 1.0 1.35175219636
DS3.d1305.s1.i0 1.0 0.148365138505
DS3.d1305.s1.i1 1.0 -0.090641269701
DS3.d1309.s0.i0 1.0 1.39877138069
DS3.d1322.s0.i0 -1 -0.915310165438
DS3.d1322.s1.i0 1.0 0.629765627857
DS3.d1322.s2.i0 1.0 0.259541874858
DS3.d1383.s0.i0 1.0 0.356425827366
DS3.d1404.s0.i0 1.0 0.580883492931
DS3.d1406.s0.i0 1.0 0.0305283221725
DS3.d1406.s1.i0 1.0 -0.34123995741
DS3.d1406.s2.i0 1.0 0.497934627167
DS3.d1410.s0.i0 -1 -0.39424412199
DS3.d1410.s0.i1 -1 -0.753540417539
DS3.d1410.s0.i2 -1 -0.781450734286
DS3.d1410.s0.i3 -1 -0.405394638305
DS3.d1410.s0.i4 -1 -0.768649473042
DS3.d1410.s0.i5 -1 -0.705325587166
DS3.d1410.s0.i6 -1 -0.768649473042
DS3.d1410.s0.i7 -1 -0.338880639854
DS3.d1410.s0.i8 -1 -1.04212976357
DS3.d1410.s0.i9 -1 -0.596651371682
DS3.d1410.s0.i10 -1 -0.0284399645836
DS3.d1410.s0.i11 -1 -0.705325587166
DS3.d1410.s0.i12 -1 -0.684724390728
DS3.d1410.s0.i13 -1 0.265571720809
DS3.d1410.s0.i14 -1 -0.525128395522
DS3.d1410.s0.i15 -1 -0.947652454854
DS3.d1410.s0.i16 -1 -1.07735429966
DS3.d1410.s0.i17 -1 -0.405394638305
DS3.d1410.s0.i18 -1 -0.684724390728
DS3.d1410.s0.i19 -1 -0.624769645086
DS3.d1427.s0.i0 -1 1.57634431765
DS3.d1427.s0.i1 -1 0.370682742479
DS3.d1434.s0.i0 1.0 1.53825171667
DS3.d1434.s1.i0 1.0 0.969429389212
DS3.d1450.s0.i0 -1 -0.469279202611
DS3.d1450.s0.i1 1.0 -0.649687990147
DS3.d1452.s0.i0 1.0 1.05478193438
DS3.d1452.s1.i0 1.0 -0.0684018092199
DS3.d1452.s1.i1 1.0 -0.269939854508
DS3.d1452.s2.i0 1.0 -0.963427875655
DS3.d1452.s3.i0 1.0 0.114461143386
DS3.d1452.s4.i0 1.0 0.721949350194
DS3.d1453.s0.i0 1.0 0.502119033904
DS3.d1463.s0.i0 1.0 0.408143411594
DS3.d1463.s1.i0 1.0 0.282829717291
DS3.d1463.s1.i1 1.0 0.342588908801
DS3.d1466.s0.i0 1.0 0.589575574986
DS3.d1485.s0.i0 -1 0.257057077779
DS3.d1486.s0.i0 1.0 0.413402324219
DS3.d1530.s0.i0 1.0 -0.364257007041
DS3.d1544.s0.i0 1.0 1.0913108606
DS3.d1544.s1.i0 1.0 0.910244215576
DS3.d1555.s0.i0 -1 -0.277490170633
DS3.d1555.s0.i1 -1 -0.539816296999
DS3.d1559.s0.i0 -1 -0.718847683952
DS3.d1559.s1.i0 -1 -1.11379273941
DS3.d1565.s0.i0 1.0 1.24555465943
DS3.d1565.s0.i1 1.0 1.48930553041
DS3.d1565.s0.i2 1.0 1.41202649022
DS3.d1565.s0.i3 1.0 1.24555465943
DS3.d1565.s0.i4 1.0 1.48930553041
DS3.d1565.s0.i5 1.0 1.41202649022
DS3.d1565.s1.i0 -1 1.03540181441
DS3.d1565.s1.i1 -1 1.06125668316
DS3.d1565.s1.i2 1.0 1.56903321494
DS3.d1565.s2.i0 1.0 0.720841397626
DS3.d1565.s2.i1 1.0 0.171524039861
DS3.d1565.s3.i0 1.0 0.218250001487
DS3.d1565.s3.i1 1.0 0.661133433903
DS3.d1569.s0.i0 1.0 1.82597351408
DS3.d1594.s0.i0 1.0 0.542445656634
DS3.d1599.s0.i0 1.0 0.380602506385
DS3.d1599.s1.i0 1.0 0.171865557741
DS3.d1601.s0.i0 -1 -0.0168239483586
DS3.d1601.s0.i1 -1 -0.610218781181
DS3.d1601.s0.i2 -1 0.0447094902587
DS3.d1601.s0.i3 -1 -0.471906879975
DS3.d1616.s0.i0 1.0 0.591137537463
DS3.d1616.s1.i0 1.0 0.444191730879
DS3.d1638.s0.i0 -1 -0.413520540957
DS3.d1638.s0.i1 -1 -0.498151120801
DS3.d1638.s0.i2 -1 -0.571061568585
DS3.d1638.s0.i3 -1 -0.514582039387
DS3.d1638.s0.i4 -1 -1.31212585517
DS3.d1638.s0.i5 -1 -0.965976364338
DS3.d1638.s0.i6 -1 -1.42773259779
DS3.d1640.s0.i0 -1 -0.202992932274
DS3.d1658.s0.i0 -1 -0.871891802212
DS3.d1658.s0.i1 -1 -1.02772937046
DS3.d1664.s0.i0 -1 0.0421014919183
DS3.d1664.s0.i1 -1 -0.324200584897
DS3.d1664.s1.i0 -1 -0.970921240974
DS3.d1664.s2.i0 -1 -1.11659215337
DS3.d1664.s3.i0 -1 0.100187778655
DS3.d1685.s0.i0 1.0 0.683482197466
DS3.d1685.s1.i0 1.0 0.324276518829
DS3.d1708.s0.i0 -1 -0.811575967837
DS3.d1719.s0.i0 1.0 1.29407368601
DS3.d1719.s1.i0 1.0 1.98176001271
DS3.d1736.s0.i0 1.0 0.867433027288
DS3.d1736.s0.i1 1.0 0.58411943167
DS3.d1736.s1.i0 1.0 0.189978054818
DS3.d1746.s0.i0 1.0 -0.0308342817241
DS3.d1750.s0.i0 -1 0.893869443254
DS3.d1750.s0.i1 -1 -0.11354413039
DS3.d1759.s0.i0 -1 0.372030647668
DS3.d1759.s0.i1 -1 0.442551621728
DS3.d1759.s0.i2 -1 0.453918977647
DS3.d1759.s0.i3 -1 0.691616454257
DS3.d1759.s0.i4 -1 0.9924686329
DS3.d1759.s0.i5 -1 0.268180661891
DS3.d1759.s0.i6 -1 0.369263387951
DS3.d1759.s0.i7 -1 0.876852039393
DS3.d1759.s0.i8 -1 0.321590506132
DS3.d1763.s0.i0 1.0 0.824344051086
DS3.d1769.s0.i0 1.0 0.361890394534
DS3.d1807.s0.i0 -1 -1.41280713882
DS3.d1807.s0.i1 -1 -1.21801348249
DS3.d1814.s0.i0 1.0 0.197001929726
DS3.d1814.s0.i1 1.0 0.197001929726
DS3.d1820.s0.i0 1.0 0.181131734233
DS3.d1844.s0.i0 -1 1.1639456339
DS3.d1844.s1.i0 1.0 0.892093081355
DS3.d1844.s2.i0 1.0 1.22764850633
DS3.d1852.s0.i0 1.0 -0.22247027649
DS3.d1852.s0.i1 1.0 0.598047669801
DS3.d1852.s0.i2 1.0 0.879591958149
DS3.d1853.s0.i0 1.0 -0.659122499908
DS3.d1866.s0.i0 1.0 0.745320853595
DS3.d1866.s0.i1 1.0 0.841687448984
DS3.d1866.s0.i2 1.0 0.788390038239
DS3.d1866.s0.i3 1.0 0.974831733266
DS3.d1866.s1.i0 1.0 1.40751745885
DS3.d1866.s1.i1 1.0 0.369264572997
DS3.d1866.s1.i2 1.0 0.784578666346
DS3.d1866.s1.i3 1.0 0.611384245085
DS3.d1866.s2.i0 1.0 0.873937532966
DS3.d1866.s2.i1 1.0 0.873937532966
DS3.d1889.s0.i0 1.0 0.513150440389
DS3.d1892.s0.i0 -1 -0.304592195853
