DS3.d6.s0.i0 1.0 0.539700190703
DS3.d23.s0.i0 -1 -0.287906240415
DS3.d23.s0.i1 -1 -0.844366548928
DS3.d23.s0.i2 -1 -0.349215505323
DS3.d23.s0.i3 -1 0.378739311195
DS3.d23.s0.i4 -1 -0.756486687361
DS3.d23.s0.i5 -1 -0.498779148405
DS3.d23.s0.i6 -1 -0.863084160773
DS3.d23.s0.i7 -1 -0.347111921837
DS3.d23.s0.i8 -1 -0.753578492256
DS3.d23.s0.i9 -1 -1.03354370971
DS3.d23.s0.i10 -1 -0.700052525562
DS3.d23.s0.i11 -1 -0.646468442427
DS3.d23.s0.i12 -1 -0.262257993608
DS3.d23.s0.i13 -1 -0.436674791986
DS3.d41.s0.i0 1.0 0.134662357138
DS3.d41.s0.i1 1.0 -0.362398303491
DS3.d49.s0.i0 -1 1.02176926644
DS3.d49.s0.i1 -1 1.02582072765
DS3.d49.s0.i2 -1 0.830056929151
DS3.d49.s0.i3 -1 0.934923032897
DS3.d49.s1.i0 1.0 -0.5935927081
DS3.d49.s1.i1 1.0 0.29448833564
DS3.d49.s1.i2 -1 -0.846785546461
DS3.d49.s1.i3 1.0 0.0749628039494
DS3.d49.s2.i0 1.0 1.02976275153
DS3.d49.s2.i1 1.0 1.2635163351
DS3.d58.s0.i0 -1 1.21955749398
DS3.d58.s1.i0 1.0 1.32297656501
DS3.d58.s1.i1 1.0 1.49407997591
DS3.d58.s2.i0 1.0 1.4271378493
DS3.d58.s3.i0 1.0 0.708342984539
DS3.d61.s0.i0 1.0 0.0820692672474
DS3.d61.s0.i1 1.0 0.465788492118
DS3.d61.s0.i2 1.0 0.852106573141
DS3.d61.s0.i3 1.0 0.409044852503
DS3.d61.s0.i4 1.0 0.639785164445
DS3.d61.s0.i5 1.0 0.1642218252
DS3.d61.s0.i6 1.0 0.45465920664
DS3.d61.s0.i7 1.0 0.285366626846
DS3.d61.s0.i8 1.0 -0.0193681601304
DS3.d74.s0.i0 1.0 1.1506128765
DS3.d79.s0.i0 -1 0.576624234955
DS3.d85.s0.i0 1.0 0.738231184412
DS3.d107.s0.i0 -1 -0.96105970472
DS3.d107.s0.i1 -1 -0.129195655545
DS3.d107.s0.i2 -1 -1.59801692046
DS3.d115.s0.i0 -1 -0.674673912775
DS3.d115.s0.i1 1.0 -0.903895747762
DS3.d137.s0.i0 -1 0.666475667915
DS3.d137.s1.i0 -1 0.663330958705
DS3.d140.s0.i0 1.0 0.788115207141
DS3.d140.s0.i1 1.0 0.861175455253
DS3.d140.s0.i2 1.0 0.769863968316
DS3.d157.s0.i0 1.0 0.770692506124
DS3.d163.s0.i0 1.0 2.4443046003
DS3.d163.s0.i1 1.0 2.60886583342
DS3.d163.s0.i2 1.0 2.60307532761
DS3.d171.s0.i0 1.0 1.05342286837
DS3.d171.s1.i0 1.0 0.373535736969
DS3.d173.s0.i0 1.0 0.139699969202
DS3.d175.s0.i0 1.0 0.614185999829
DS3.d175.s0.i1 1.0 1.10174737205
DS3.d175.s1.i0 1.0 0.70312342947
DS3.d190.s0.i0 1.0 -0.339055606782
DS3.d195.s0.i0 -1 0.409227647639
DS3.d239.s0.i0 1.0 0.361252441862
DS3.d239.s0.i1 1.0 1.91654417009
DS3.d239.s1.i0 1.0 0.346323583638
DS3.d239.s2.i0 1.0 0.225226372832
DS3.d239.s2.i1 1.0 0.501779034886
DS3.d239.s2.i2 1.0 -0.111843752591
DS3.d240.s0.i0 1.0 1.31612177594
DS3.d257.s0.i0 1.0 1.89815733984
DS3.d257.s0.i1 -1 0.690876189471
DS3.d257.s0.i2 -1 1.7752912976
DS3.d257.s1.i0 1.0 0.0619226619968
DS3.d257.s2.i0 1.0 0.986197031376
DS3.d257.s3.i0 1.0 1.55368854428
DS3.d309.s0.i0 1.0 1.36115732331
DS3.d309.s1.i0 -1 -0.0574393953713
DS3.d309.s1.i1 -1 0.592815943836
DS3.d309.s1.i2 -1 1.22619094365
DS3.d309.s2.i0 1.0 0.876605458435
DS3.d309.s2.i1 1.0 0.497061757037
DS3.d321.s0.i0 1.0 0.544687242574
DS3.d321.s0.i1 1.0 0.693288191932
DS3.d321.s0.i2 1.0 -0.18645414444
DS3.d321.s0.i3 1.0 -0.386624847433
DS3.d321.s0.i4 1.0 0.532095387089
DS3.d326.s0.i0 1.0 0.678722750296
DS3.d326.s0.i1 -1 0.141362834488
DS3.d329.s0.i0 1.0 0.337503204771
DS3.d357.s0.i0 1.0 0.678406342331
DS3.d357.s0.i1 1.0 0.472413883663
DS3.d382.s0.i0 1.0 1.12504224728
DS3.d388.s0.i0 -1 -0.264995309312
DS3.d388.s0.i1 -1 0.0368719608136
DS3.d390.s0.i0 -1 -0.272482196571
DS3.d390.s0.i1 -1 -0.330512498455
DS3.d390.s0.i2 -1 -0.625730524319
DS3.d390.s0.i3 -1 -0.621925671411
DS3.d390.s0.i4 -1 -0.106013769577
DS3.d390.s0.i5 -1 -0.53461184314
DS3.d411.s0.i0 1.0 2.88632675945
DS3.d413.s0.i0 -1 1.32621867324
DS3.d413.s0.i1 -1 2.00578975227
DS3.d413.s0.i2 1.0 1.04634820308
DS3.d413.s0.i3 1.0 1.59402330564
DS3.d420.s0.i0 1.0 0.933186904131
DS3.d420.s1.i0 1.0 0.10034148793
DS3.d425.s0.i0 -1 -0.448960457199
DS3.d425.s0.i1 -1 -0.283534494191
DS3.d437.s0.i0 -1 -0.0502250313292
DS3.d437.s0.i1 -1 0.35438754243
DS3.d437.s0.i2 1.0 1.41775916672
DS3.d457.s0.i0 1.0 2.44017971021
DS3.d457.s1.i0 1.0 1.57361315965
DS3.d457.s1.i1 1.0 1.6777967695
DS3.d457.s1.i2 1.0 1.63298583013
DS3.d457.s1.i3 1.0 1.47628425114
DS3.d458.s0.i0 1.0 0.830506729492
DS3.d458.s1.i0 1.0 0.564505836845
DS3.d458.s2.i0 -1 -0.568586907344
DS3.d458.s3.i0 1.0 2.29608036959
DS3.d458.s4.i0 1.0 -0.404563179245
DS3.d460.s0.i0 -1 -0.499738879316
DS3.d460.s1.i0 1.0 1.2508359967
DS3.d466.s0.i0 1.0 1.59010861085
DS3.d486.s0.i0 -1 -0.341104708219
DS3.d486.s0.i1 -1 0.0433332101063
DS3.d486.s0.i2 -1 -0.103724263312
DS3.d486.s0.i3 -1 -0.425723405933
DS3.d486.s0.i4 -1 0.286413649135
DS3.d486.s0.i5 -1 -0.267540228255
DS3.d486.s0.i6 -1 -0.551379306944
DS3.d486.s0.i7 -1 0.137331866722
DS3.d486.s0.i8 -1 -0.438929816406
DS3.d486.s0.i9 -1 -0.420078587046
DS3.d486.s0.i10 -1 -0.264206102618
DS3.d486.s0.i11 -1 -0.949222517537
DS3.d486.s0.i12 -1 -0.574669976973
DS3.d486.s0.i13 -1 -0.0617253651624
DS3.d486.s0.i14 -1 0.0450204488452
DS3.d486.s0.i15 -1 -0.483110700204
DS3.d486.s0.i16 -1 -0.288482587656
DS3.d486.s0.i17 -1 0.00226863448273
DS3.d486.s0.i18 -1 -0.333920138019
DS3.d486.s0.i19 -1 -0.231122409689
DS3.d486.s0.i20 -1 -0.477277387099
DS3.d486.s0.i21 -1 -0.730893632938
DS3.d486.s0.i22 -1 -0.551125557982
DS3.d486.s0.i23 -1 -0.498260841287
DS3.d486.s0.i24 -1 -0.627850184477
DS3.d486.s0.i25 -1 0.196376117745
DS3.d486.s0.i26 -1 -0.649651918791
DS3.d486.s0.i27 -1 -0.207024743891
DS3.d486.s0.i28 -1 0.0494044516009
DS3.d486.s0.i29 -1 -0.452882674639
DS3.d486.s0.i30 -1 -0.704777971748
DS3.d486.s0.i31 -1 -0.638536404479
DS3.d486.s0.i32 -1 0.0269221214509
DS3.d486.s0.i33 -1 -0.0760516600937
DS3.d486.s0.i34 -1 -0.559561941125
DS3.d486.s0.i35 -1 -0.423271285096
DS3.d486.s1.i0 1.0 1.52987373701
DS3.d486.s1.i1 1.0 1.48363417524
DS3.d487.s0.i0 1.0 0.789457459782
DS3.d487.s0.i1 1.0 1.44706783762
DS3.d487.s0.i2 -1 1.46057227647
DS3.d490.s0.i0 1.0 1.97602508755
DS3.d490.s0.i1 1.0 1.97602508755
DS3.d516.s0.i0 1.0 0.0759902275455
DS3.d516.s0.i1 1.0 0.229179020899
DS3.d518.s0.i0 1.0 1.60461606108
DS3.d531.s0.i0 1.0 1.3523002052
DS3.d531.s0.i1 1.0 0.778395426002
DS3.d531.s0.i2 1.0 0.77826201086
DS3.d531.s0.i3 1.0 0.515054079209
DS3.d531.s0.i4 1.0 0.688600386527
DS3.d548.s0.i0 -1 -0.874245458896
DS3.d548.s0.i1 -1 -0.450781165601
DS3.d552.s0.i0 1.0 0.430767079684
DS3.d552.s0.i1 1.0 0.495895670394
DS3.d552.s0.i2 1.0 1.0644051427
DS3.d552.s0.i3 1.0 1.0372486848
DS3.d560.s0.i0 1.0 2.46616426896
DS3.d560.s0.i1 1.0 2.40132238619
DS3.d560.s0.i2 1.0 2.69097075914
DS3.d560.s0.i3 1.0 2.29194980402
DS3.d567.s0.i0 1.0 0.156361238945
DS3.d567.s0.i1 1.0 2.19604569536
DS3.d567.s1.i0 1.0 1.21467424234
DS3.d567.s1.i1 -1 -1.10369810744
DS3.d567.s1.i2 1.0 1.11335703355
DS3.d574.s0.i0 -1 -1.03772980923
DS3.d574.s0.i1 -1 -0.487957685598
DS3.d574.s0.i2 -1 -0.584003651529
DS3.d574.s0.i3 -1 -0.981953135955
DS3.d583.s0.i0 1.0 1.91684593223
DS3.d586.s0.i0 1.0 0.371705509078
DS3.d598.s0.i0 1.0 0.488282026621
DS3.d598.s0.i1 1.0 0.488282026621
DS3.d599.s0.i0 1.0 -0.366306893381
DS3.d599.s1.i0 -1 -0.744943184184
DS3.d602.s0.i0 -1 -0.151531854783
DS3.d614.s0.i0 1.0 0.279070758981
DS3.d614.s0.i1 1.0 0.862908774445
DS3.d614.s0.i2 1.0 0.983860373792
DS3.d614.s0.i3 1.0 0.267376073106
DS3.d614.s0.i4 -1 0.957406503628
DS3.d614.s0.i5 1.0 -0.252889302959
DS3.d622.s0.i0 1.0 1.55874097321
DS3.d622.s1.i0 1.0 2.00340053086
DS3.d624.s0.i0 1.0 1.04494010239
DS3.d624.s0.i1 1.0 1.22452759391
DS3.d624.s0.i2 1.0 1.03410771975
DS3.d624.s0.i3 1.0 1.16017699425
DS3.d624.s1.i0 1.0 0.835288826567
DS3.d624.s1.i1 1.0 0.844685590521
DS3.d624.s1.i2 -1 0.474685655451
DS3.d624.s1.i3 1.0 0.835288826567
DS3.d624.s1.i4 -1 0.57474814791
DS3.d624.s1.i5 1.0 0.844685590521
DS3.d624.s1.i6 -1 0.561597179394
DS3.d624.s1.i7 -1 0.483757639684
DS3.d624.s2.i0 1.0 1.34017903985
DS3.d624.s2.i1 1.0 1.34017903985
DS3.d624.s2.i2 1.0 1.09541672558
DS3.d624.s3.i0 1.0 -0.15247715418
DS3.d624.s3.i1 1.0 -0.122521206489
DS3.d624.s3.i2 -1 0.087274195084
DS3.d624.s3.i3 1.0 0.495621216317
DS3.d624.s4.i0 1.0 1.1141040312
DS3.d624.s4.i1 1.0 0.777937882161
DS3.d624.s4.i2 1.0 1.045338367
DS3.d629.s0.i0 1.0 0.441519726696
DS3.d629.s0.i1 1.0 0.468085231009
DS3.d629.s1.i0 1.0 -1.21022953925
DS3.d629.s1.i1 1.0 -0.980155781235
DS3.d637.s0.i0 1.0 0.611393699449
DS3.d641.s0.i0 1.0 1.23663748621
DS3.d641.s0.i1 1.0 0.825607588384
DS3.d644.s0.i0 -1 0.0334646589575
DS3.d680.s0.i0 1.0 1.52927380104
DS3.d680.s0.i1 1.0 1.3666165473
DS3.d680.s0.i2 1.0 1.96606774962
DS3.d680.s1.i0 1.0 0.0193979271892
DS3.d690.s0.i0 1.0 0.924696814629
DS3.d690.s1.i0 1.0 2.01239364259
DS3.d690.s2.i0 1.0 0.311737870603
DS3.d690.s3.i0 1.0 1.05497419776
DS3.d690.s4.i0 -1 -0.528944493071
DS3.d690.s5.i0 1.0 1.65031909443
DS3.d690.s5.i1 1.0 2.21975794685
DS3.d690.s5.i2 1.0 2.18265853785
DS3.d690.s5.i3 1.0 1.84269381113
DS3.d690.s6.i0 -1 1.24587880145
DS3.d691.s0.i0 1.0 0.619479554628
DS3.d693.s0.i0 -1 -1.49591025118
DS3.d693.s0.i1 -1 -1.92481424643
DS3.d693.s0.i2 -1 -1.76830867123
DS3.d693.s0.i3 -1 -1.71948017907
DS3.d712.s0.i0 1.0 1.07400821123
DS3.d712.s0.i1 1.0 1.66583299179
DS3.d712.s0.i2 1.0 0.625084554225
DS3.d712.s0.i3 1.0 1.29908562593
DS3.d712.s1.i0 1.0 1.87743712183
DS3.d712.s2.i0 -1 1.79169150707
DS3.d712.s2.i1 -1 1.31617951138
DS3.d716.s0.i0 1.0 0.23386044805
DS3.d716.s0.i1 -1 -1.30642205851
DS3.d716.s0.i2 1.0 1.17350956269
DS3.d716.s0.i3 1.0 -0.213392720406
DS3.d720.s0.i0 1.0 1.24469701566
DS3.d720.s0.i1 -1 0.633456820776
DS3.d720.s1.i0 -1 -0.421562703202
DS3.d720.s1.i1 -1 -0.421562703202
DS3.d720.s1.i2 1.0 0.726117996361
DS3.d720.s1.i3 1.0 0.294618498733
DS3.d720.s2.i0 1.0 1.99539295869
DS3.d720.s3.i0 1.0 0.888862774988
DS3.d720.s3.i1 1.0 1.34528792831
DS3.d724.s0.i0 1.0 2.25636708444
DS3.d724.s0.i1 1.0 1.57929777397
DS3.d724.s0.i2 1.0 0.0493455587552
DS3.d725.s0.i0 1.0 1.07885488505
DS3.d725.s1.i0 1.0 0.601637478606
DS3.d725.s1.i1 1.0 0.601637478606
DS3.d725.s1.i2 1.0 0.00208127359232
DS3.d737.s0.i0 -1 -1.00031911549
DS3.d737.s0.i1 -1 0.796666025186
DS3.d737.s0.i2 -1 -0.133465441914
DS3.d737.s1.i0 -1 -0.743942046575
DS3.d737.s1.i1 1.0 0.56464483035
DS3.d740.s0.i0 1.0 0.215878759751
DS3.d740.s0.i1 1.0 0.205497599287
DS3.d742.s0.i0 1.0 1.9689497987
DS3.d742.s0.i1 1.0 1.72718468914
DS3.d771.s0.i0 1.0 1.07334135283
DS3.d783.s0.i0 -1 0.357577136388
DS3.d793.s0.i0 1.0 -0.174293850571
DS3.d793.s0.i1 1.0 -0.0954645028113
DS3.d793.s1.i0 1.0 1.02234769926
DS3.d793.s1.i1 1.0 0.899901326945
DS3.d799.s0.i0 1.0 1.09579468968
DS3.d799.s0.i1 1.0 1.31371753151
DS3.d799.s0.i2 1.0 1.21675292756
DS3.d799.s0.i3 1.0 1.09579468968
DS3.d804.s0.i0 -1 1.32804541266
DS3.d822.s0.i0 -1 1.08528327312
DS3.d824.s0.i0 1.0 0.491650169238
DS3.d824.s0.i1 1.0 -0.737225760834
DS3.d825.s0.i0 1.0 -0.10867608938
DS3.d825.s0.i1 1.0 0.0482518820464
DS3.d825.s0.i2 1.0 -0.0289703037193
DS3.d825.s0.i3 1.0 -0.249097577722
DS3.d825.s0.i4 1.0 -0.0214673691676
DS3.d825.s0.i5 1.0 0.211095785319
DS3.d825.s0.i6 1.0 -0.103507506175
DS3.d825.s0.i7 1.0 -0.251104387138
DS3.d825.s1.i0 -1 0.6064740592
DS3.d825.s1.i1 -1 0.204248253214
DS3.d825.s1.i2 -1 0.6064740592
DS3.d825.s1.i3 -1 -0.00680621184591
DS3.d825.s1.i4 -1 -0.0297162945821
DS3.d825.s1.i5 -1 -0.0297162945821
DS3.d825.s2.i0 -1 -1.42985908593
DS3.d825.s2.i1 -1 -1.42985908593
DS3.d832.s0.i0 1.0 -0.651985780147
DS3.d832.s1.i0 1.0 -0.730348375432
DS3.d834.s0.i0 -1 -1.0343409486
DS3.d834.s0.i1 -1 -0.772035047917
DS3.d834.s0.i2 -1 -1.06006347647
DS3.d834.s0.i3 -1 -0.742876109264
DS3.d835.s0.i0 1.0 -0.395856694095
DS3.d843.s0.i0 -1 0.136301032929
DS3.d843.s0.i1 1.0 1.93578639884
DS3.d843.s0.i2 -1 -0.206915549214
DS3.d843.s0.i3 1.0 1.39395713424
DS3.d843.s1.i0 -1 0.230465316179
DS3.d849.s0.i0 -1 0.421573850872
DS3.d849.s1.i0 1.0 0.265617446581
DS3.d850.s0.i0 -1 0.38602769419
DS3.d850.s1.i0 -1 -1.34353608768
DS3.d860.s0.i0 1.0 1.64560730731
DS3.d860.s1.i0 1.0 1.8796113066
DS3.d860.s1.i1 1.0 1.57962476725
DS3.d863.s0.i0 -1 0.442173722908
DS3.d863.s1.i0 -1 -0.725379502568
DS3.d863.s1.i1 -1 -0.943501312521
DS3.d863.s2.i0 1.0 0.714678615575
DS3.d870.s0.i0 -1 0.246146487548
DS3.d892.s0.i0 -1 0.517096811169
DS3.d892.s0.i1 -1 -0.832554398982
DS3.d892.s1.i0 -1 -1.48196558525
DS3.d907.s0.i0 1.0 1.35533137981
DS3.d907.s0.i1 1.0 1.71445037472
DS3.d907.s0.i2 1.0 1.00569464375
DS3.d923.s0.i0 1.0 1.21950131912
DS3.d933.s0.i0 -1 0.860316108345
DS3.d933.s0.i1 -1 0.652072734872
DS3.d944.s0.i0 1.0 0.765379765372
DS3.d944.s0.i1 1.0 0.852908512872
DS3.d944.s0.i2 1.0 1.5603941852
DS3.d944.s0.i3 1.0 0.786673041473
DS3.d944.s0.i4 1.0 0.655090169564
DS3.d944.s0.i5 1.0 1.51717990645
DS3.d944.s0.i6 1.0 0.823521846221
DS3.d944.s0.i7 1.0 0.538466788545
DS3.d951.s0.i0 -1 -1.14129091821
DS3.d951.s0.i1 -1 -0.380325458861
DS3.d951.s0.i2 -1 -0.870519632603
DS3.d953.s0.i0 1.0 0.511125437943
DS3.d971.s0.i0 -1 -1.36330870546
DS3.d971.s1.i0 -1 -0.992664928282
DS3.d981.s0.i0 1.0 1.68255595074
DS3.d983.s0.i0 -1 1.26169303107
DS3.d983.s1.i0 -1 0.0493590427447
DS3.d983.s1.i1 -1 -0.156143397244
DS3.d991.s0.i0 -1 -1.12034637397
DS3.d994.s0.i0 1.0 0.164077517973
DS3.d1015.s0.i0 -1 0.09558539981
DS3.d1015.s0.i1 -1 0.09558539981
DS3.d1017.s0.i0 -1 -0.735351952447
DS3.d1017.s0.i1 -1 -0.277760506306
DS3.d1017.s0.i2 -1 -0.261544962349
DS3.d1017.s0.i3 -1 -0.758400718058
DS3.d1038.s0.i0 1.0 0.983559925604
DS3.d1042.s0.i0 -1 -1.12606818782
DS3.d1042.s0.i1 1.0 1.37153496031
DS3.d1042.s0.i2 -1 -0.863362476583
DS3.d1042.s1.i0 1.0 -0.167204520713
DS3.d1042.s1.i1 1.0 0.465774720048
DS3.d1042.s1.i2 1.0 -0.686275396781
DS3.d1042.s1.i3 1.0 0.556434800061
DS3.d1055.s0.i0 -1 -0.663385306738
DS3.d1063.s0.i0 1.0 0.534307509886
DS3.d1063.s0.i1 1.0 0.797017582013
DS3.d1065.s0.i0 -1 -0.498752779882
DS3.d1065.s0.i1 1.0 1.71717612556
DS3.d1065.s1.i0 -1 0.0632608702283
DS3.d1065.s2.i0 -1 0.0325186777562
DS3.d1066.s0.i0 1.0 0.924294463199
DS3.d1066.s0.i1 1.0 0.924294463199
DS3.d1077.s0.i0 -1 -0.166105756158
DS3.d1113.s0.i0 -1 -0.358477938772
DS3.d1127.s0.i0 1.0 1.02361826716
DS3.d1127.s1.i0 1.0 -0.384355095248
DS3.d1128.s0.i0 1.0 0.0637840724252
DS3.d1129.s0.i0 1.0 1.04798393769
DS3.d1129.s1.i0 1.0 0.49106567972
DS3.d1129.s1.i1 1.0 0.688159555598
DS3.d1129.s2.i0 1.0 0.359892343312
DS3.d1136.s0.i0 -1 -0.235527210081
DS3.d1139.s0.i0 1.0 0.483804808554
DS3.d1141.s0.i0 -1 0.126872169453
DS3.d1141.s0.i1 1.0 0.277910489069
DS3.d1155.s0.i0 -1 -0.0464038266915
DS3.d1155.s0.i1 -1 0.147274928887
DS3.d1155.s0.i2 1.0 0.482211193103
DS3.d1155.s0.i3 1.0 1.04261889138
DS3.d1155.s1.i0 -1 -0.608944560346
DS3.d1155.s1.i1 -1 -0.60442906199
DS3.d1155.s2.i0 -1 -0.861491937571
DS3.d1155.s2.i1 -1 -0.40952686337
DS3.d1155.s2.i2 -1 -1.24206816984
DS3.d1172.s0.i0 -1 -0.875315168111
DS3.d1172.s0.i1 -1 -0.211627977533
DS3.d1174.s0.i0 -1 0.47082630714
DS3.d1177.s0.i0 1.0 -0.121877102841
DS3.d1177.s0.i1 1.0 -0.171965444764
DS3.d1177.s0.i2 1.0 -0.196146714995
DS3.d1177.s0.i3 1.0 -0.0456271401584
DS3.d1179.s0.i0 1.0 0.582462694688
DS3.d1179.s0.i1 1.0 0.106644979461
DS3.d1179.s0.i2 1.0 0.0744001745271
DS3.d1197.s0.i0 -1 1.58448784927
DS3.d1211.s0.i0 -1 0.344643731823
DS3.d1211.s1.i0 -1 -0.0158593422875
DS3.d1213.s0.i0 -1 -0.989718867113
DS3.d1221.s0.i0 1.0 1.70453566969
DS3.d1221.s0.i1 1.0 1.79555476876
DS3.d1224.s0.i0 1.0 1.12358291499
DS3.d1224.s0.i1 1.0 1.50603014793
DS3.d1230.s0.i0 -1 -0.708019226926
DS3.d1230.s0.i1 -1 -0.490512178608
DS3.d1230.s0.i2 -1 -0.579277118937
DS3.d1230.s0.i3 -1 -0.654330631734
DS3.d1230.s0.i4 -1 -0.775764168459
DS3.d1230.s0.i5 -1 -0.696779225404
DS3.d1230.s0.i6 -1 -0.694482643295
DS3.d1230.s0.i7 -1 -0.724049986004
DS3.d1232.s0.i0 -1 -0.498852531907
DS3.d1233.s0.i0 -1 0.611291564529
DS3.d1244.s0.i0 -1 -0.878296065605
DS3.d1245.s0.i0 -1 0.423508462555
DS3.d1245.s0.i1 -1 -0.975106239306
DS3.d1247.s0.i0 -1 -0.843662390472
DS3.d1250.s0.i0 -1 0.500875907106
DS3.d1250.s0.i1 -1 0.667939275224
DS3.d1250.s0.i2 -1 1.20333448069
DS3.d1250.s0.i3 -1 0.30034389581
DS3.d1257.s0.i0 1.0 1.27330771842
DS3.d1264.s0.i0 1.0 1.0002907296
DS3.d1264.s0.i1 1.0 0.916692334501
DS3.d1264.s0.i2 -1 1.94932639176
DS3.d1264.s0.i3 1.0 0.887911706669
DS3.d1278.s0.i0 1.0 0.820451641583
DS3.d1303.s0.i0 1.0 0.822658123154
DS3.d1303.s0.i1 1.0 0.386825143355
DS3.d1303.s0.i2 1.0 0.76932861599
DS3.d1303.s0.i3 1.0 0.510329928286
DS3.d1303.s1.i0 1.0 2.5616411641
DS3.d1303.s2.i0 1.0 0.751858081963
DS3.d1303.s3.i0 1.0 0.29369349149
DS3.d1303.s3.i1 1.0 -0.20452541113
DS3.d1303.s3.i2 1.0 0.860205240233
DS3.d1305.s0.i0 1.0 1.33987683194
DS3.d1305.s1.i0 1.0 0.163055406619
DS3.d1305.s1.i1 1.0 -0.0176617374308
DS3.d1309.s0.i0 1.0 1.60289227404
DS3.d1322.s0.i0 -1 -0.873079859628
DS3.d1322.s1.i0 1.0 0.698979943894
DS3.d1322.s2.i0 1.0 0.30840935214
DS3.d1383.s0.i0 1.0 0.363565074991
DS3.d1404.s0.i0 1.0 0.840923935058
DS3.d1406.s0.i0 1.0 0.380325779314
DS3.d1406.s1.i0 1.0 -0.0900537415965
DS3.d1406.s2.i0 1.0 0.865061369242
DS3.d1410.s0.i0 -1 -0.148731910822
DS3.d1410.s0.i1 -1 -0.246979453789
DS3.d1410.s0.i2 -1 -0.67612067772
DS3.d1410.s0.i3 -1 -0.396979682287
DS3.d1410.s0.i4 -1 -0.467805789338
DS3.d1410.s0.i5 -1 -0.442614011233
DS3.d1410.s0.i6 -1 -0.467805789338
DS3.d1410.s0.i7 -1 -0.0681073932249
DS3.d1410.s0.i8 -1 -0.825359310948
DS3.d1410.s0.i9 -1 -0.335319841578
DS3.d1410.s0.i10 -1 0.172739439733
DS3.d1410.s0.i11 -1 -0.442614011233
DS3.d1410.s0.i12 -1 -0.720823298989
DS3.d1410.s0.i13 -1 0.390118770965
DS3.d1410.s0.i14 -1 -0.317777634842
DS3.d1410.s0.i15 -1 -0.817874186134
DS3.d1410.s0.i16 -1 -0.924515632986
DS3.d1410.s0.i17 -1 -0.396979682287
DS3.d1410.s0.i18 -1 -0.720823298989
DS3.d1410.s0.i19 -1 -0.161857620132
DS3.d1427.s0.i0 -1 1.64894381926
DS3.d1427.s0.i1 -1 0.346990830128
DS3.d1434.s0.i0 1.0 2.01979997567
DS3.d1434.s1.i0 1.0 1.07147051946
DS3.d1450.s0.i0 -1 -0.348985359659
DS3.d1450.s0.i1 1.0 -0.559723538596
DS3.d1452.s0.i0 1.0 0.944447211202
DS3.d1452.s1.i0 1.0 0.00596119758516
DS3.d1452.s1.i1 1.0 -0.313034760562
DS3.d1452.s2.i0 1.0 -1.08838180935
DS3.d1452.s3.i0 1.0 0.0380315266021
DS3.d1452.s4.i0 1.0 0.811911401986
DS3.d1453.s0.i0 1.0 0.538906167617
DS3.d1463.s0.i0 1.0 0.563444969214
DS3.d1463.s1.i0 1.0 0.217764551257
DS3.d1463.s1.i1 1.0 0.37320485481
DS3.d1466.s0.i0 1.0 0.751595200578
DS3.d1485.s0.i0 -1 0.0334802370465
DS3.d1486.s0.i0 1.0 0.0283627276503
DS3.d1530.s0.i0 1.0 -0.423346419544
DS3.d1544.s0.i0 1.0 1.09650716691
DS3.d1544.s1.i0 1.0 0.925985735661
DS3.d1555.s0.i0 -1 -0.265280733239
DS3.d1555.s0.i1 -1 -0.321442839475
DS3.d1559.s0.i0 -1 -0.67488072412
DS3.d1559.s1.i0 -1 -1.49191509158
DS3.d1565.s0.i0 1.0 1.10032327979
DS3.d1565.s0.i1 1.0 1.36139008871
DS3.d1565.s0.i2 1.0 1.29424748943
DS3.d1565.s0.i3 1.0 1.10032327979
DS3.d1565.s0.i4 1.0 1.36139008871
DS3.d1565.s0.i5 1.0 1.29424748943
DS3.d1565.s1.i0 -1 1.13645732797
DS3.d1565.s1.i1 -1 1.22829915245
DS3.d1565.s1.i2 1.0 1.8117817799
DS3.d1565.s2.i0 1.0 0.898669009901
DS3.d1565.s2.i1 1.0 0.32273788302
DS3.d1565.s3.i0 1.0 0.478290013879
DS3.d1565.s3.i1 1.0 0.732023741597
DS3.d1569.s0.i0 1.0 1.73828411171
DS3.d1594.s0.i0 1.0 0.402872111793
DS3.d1599.s0.i0 1.0 0.741611226982
DS3.d1599.s1.i0 1.0 0.338743504122
DS3.d1601.s0.i0 -1 -0.120655947845
DS3.d1601.s0.i1 -1 -0.626358846545
DS3.d1601.s0.i2 -1 -0.0507885074677
DS3.d1601.s0.i3 -1 -0.457241889066
DS3.d1616.s0.i0 1.0 0.748040328875
DS3.d1616.s1.i0 1.0 0.507161716569
DS3.d1638.s0.i0 -1 -0.287116626643
DS3.d1638.s0.i1 -1 -0.888479185444
DS3.d1638.s0.i2 -1 -0.696608465477
DS3.d1638.s0.i3 -1 -0.263567719182
DS3.d1638.s0.i4 -1 -1.47994566884
DS3.d1638.s0.i5 -1 -1.02987817137
DS3.d1638.s0.i6 -1 -1.44453640016
DS3.d1640.s0.i0 -1 0.0375560075246
DS3.d1658.s0.i0 -1 -0.901203049867
DS3.d1658.s0.i1 -1 -0.942164688464
DS3.d1664.s0.i0 -1 0.0142095609616
DS3.d1664.s0.i1 -1 -0.375681999935
DS3.d1664.s1.i0 -1 -0.823376735873
DS3.d1664.s2.i0 -1 -0.957863316054
DS3.d1664.s3.i0 -1 0.314916770458
DS3.d1685.s0.i0 1.0 0.551145538056
DS3.d1685.s1.i0 1.0 0.296701739759
DS3.d1708.s0.i0 -1 -0.820270504163
DS3.d1719.s0.i0 1.0 1.22250321719
DS3.d1719.s1.i0 1.0 2.07879270792
DS3.d1736.s0.i0 1.0 0.915317071667
DS3.d1736.s0.i1 1.0 0.635511689171
DS3.d1736.s1.i0 1.0 0.390377213943
DS3.d1746.s0.i0 1.0 -0.083606382883
DS3.d1750.s0.i0 -1 0.969062226257
DS3.d1750.s0.i1 -1 -0.0391227219305
DS3.d1759.s0.i0 -1 0.734807695398
DS3.d1759.s0.i1 -1 0.518998663139
DS3.d1759.s0.i2 -1 0.755318473535
DS3.d1759.s0.i3 -1 0.720334564347
DS3.d1759.s0.i4 -1 1.08333136107
DS3.d1759.s0.i5 -1 0.397040628103
DS3.d1759.s0.i6 -1 0.639082781882
DS3.d1759.s0.i7 -1 1.10426244835
DS3.d1759.s0.i8 -1 0.618381423865
DS3.d1763.s0.i0 1.0 0.927157196226
DS3.d1769.s0.i0 1.0 0.472196735876
DS3.d1807.s0.i0 -1 -1.39872715373
DS3.d1807.s0.i1 -1 -1.15220255735
DS3.d1814.s0.i0 1.0 0.409033348646
DS3.d1814.s0.i1 1.0 0.409033348646
DS3.d1820.s0.i0 1.0 -0.199507882148
DS3.d1844.s0.i0 -1 1.41026335135
DS3.d1844.s1.i0 1.0 0.964040589118
DS3.d1844.s2.i0 1.0 1.26350375152
DS3.d1852.s0.i0 1.0 -0.151235273412
DS3.d1852.s0.i1 1.0 0.65825773534
DS3.d1852.s0.i2 1.0 1.02879247361
DS3.d1853.s0.i0 1.0 -0.784365471889
DS3.d1866.s0.i0 1.0 0.976181309311
DS3.d1866.s0.i1 1.0 1.19624495878
DS3.d1866.s0.i2 1.0 1.04038275742
DS3.d1866.s0.i3 1.0 1.20968424018
DS3.d1866.s1.i0 1.0 1.62919535173
DS3.d1866.s1.i1 1.0 0.48999208924
DS3.d1866.s1.i2 1.0 1.13341121061
DS3.d1866.s1.i3 1.0 0.998321488831
DS3.d1866.s2.i0 1.0 0.788742075348
DS3.d1866.s2.i1 1.0 0.788742075348
DS3.d1889.s0.i0 1.0 0.332365045509
DS3.d1892.s0.i0 -1 -0.341459537334
