DS.d963.s0.i0 1.000000 0.917371
DS.d963.s1.i0 1.000000 0.809689
DS.d1411.s0.i0 -1.000000 -0.669476
DS.d1758.s0.i0 -1.000000 -0.664514
DS.d909.s0.i2 -1.000000 -1.095550
DS.d909.s0.i3 -1.000000 -1.007044
DS.d909.s0.i0 -1.000000 -0.990448
DS.d909.s0.i1 -1.000000 -1.026644
DS.d909.s0.i6 -1.000000 -1.024199
DS.d909.s0.i7 -1.000000 -0.941695
DS.d909.s0.i4 -1.000000 -1.145659
DS.d909.s0.i5 -1.000000 -0.877136
DS.d1844.s2.i0 -1.000000 -0.562787
DS.d1844.s0.i0 1.000000 0.871072
DS.d1844.s1.i0 1.000000 0.355476
DS.d1845.s0.i5 -1.000000 -0.869878
DS.d1845.s0.i4 -1.000000 -0.869878
DS.d1845.s0.i1 -1.000000 -0.991936
DS.d1845.s0.i0 -1.000000 -1.010506
DS.d1845.s0.i3 -1.000000 -0.991936
DS.d1845.s0.i2 -1.000000 -1.010506
DS.d1842.s0.i0 1.000000 1.009484
DS.d1842.s0.i1 1.000000 0.915004
DS.d1048.s0.i0 -1.000000 -0.546726
DS.d1757.s1.i0 1.000000 0.561320
DS.d1757.s0.i0 1.000000 0.771476
DS.d1049.s0.i0 -1.000000 -0.619236
DS.d1849.s0.i0 1.000000 0.736394
DS.d1290.s0.i20 -1.000000 -1.035001
DS.d1290.s0.i21 -1.000000 -1.030227
DS.d1290.s0.i22 -1.000000 -1.105113
DS.d1290.s0.i23 -1.000000 -1.098908
DS.d1290.s0.i5 -1.000000 -0.889044
DS.d1290.s0.i4 -1.000000 -0.895409
DS.d1290.s0.i7 -1.000000 -1.016227
DS.d1290.s0.i6 -1.000000 -0.961676
DS.d1290.s0.i1 -1.000000 -1.027241
DS.d1290.s0.i0 -1.000000 -0.968255
DS.d1290.s0.i3 -1.000000 -1.033345
DS.d1290.s0.i2 -1.000000 -1.105737
DS.d1290.s0.i9 -1.000000 -0.968255
DS.d1290.s0.i8 -1.000000 -1.040575
DS.d1290.s0.i11 -1.000000 -1.020519
DS.d1290.s0.i10 -1.000000 -0.958907
DS.d1290.s0.i13 -1.000000 -0.900533
DS.d1290.s0.i12 -1.000000 -1.031872
DS.d1290.s0.i15 -1.000000 -1.017112
DS.d1290.s0.i14 -1.000000 -1.040195
DS.d1290.s0.i17 -1.000000 -0.961676
DS.d1290.s0.i16 -1.000000 -0.973374
DS.d1290.s0.i19 -1.000000 -0.973374
DS.d1290.s0.i18 -1.000000 -1.033345
DS.d968.s0.i1 1.000000 0.975133
DS.d968.s0.i0 1.000000 0.991101
DS.d981.s0.i0 1.000000 0.692108
DS.d980.s0.i0 1.000000 0.825612
DS.d983.s0.i0 -1.000000 -0.054073
DS.d983.s1.i1 -1.000000 -0.918447
DS.d983.s1.i0 -1.000000 -0.857206
DS.d982.s1.i0 -1.000000 -0.739028
DS.d982.s0.i0 -1.000000 -0.941461
DS.d985.s0.i0 1.000000 0.932070
DS.d984.s0.i1 1.000000 0.842983
DS.d984.s0.i0 1.000000 0.940629
DS.d987.s0.i8 -1.000000 -1.002839
DS.d987.s0.i9 -1.000000 -1.080505
DS.d987.s0.i0 -1.000000 -0.910326
DS.d987.s0.i1 -1.000000 -0.614911
DS.d987.s0.i2 -1.000000 -0.958955
DS.d987.s0.i3 -1.000000 -0.992069
DS.d987.s0.i4 -1.000000 -0.870481
DS.d987.s0.i5 -1.000000 -1.116650
DS.d987.s0.i6 -1.000000 -1.069886
DS.d987.s0.i7 -1.000000 -1.115699
DS.d986.s0.i0 1.000000 0.716759
DS.d989.s0.i2 -1.000000 -0.933651
DS.d989.s0.i3 -1.000000 -0.959443
DS.d989.s0.i0 -1.000000 -1.080007
DS.d989.s0.i1 -1.000000 -1.099383
DS.d988.s0.i0 1.000000 -0.233338
DS.d929.s0.i0 1.000000 0.667126
DS.d929.s0.i1 1.000000 0.447286
DS.d929.s0.i2 1.000000 0.736017
DS.d929.s0.i3 1.000000 0.620304
DS.d929.s0.i4 1.000000 0.723674
DS.d929.s0.i5 -1.000000 -0.273525
DS.d929.s0.i6 -1.000000 -0.297783
DS.d1698.s0.i0 1.000000 1.034778
DS.d1352.s0.i0 1.000000 0.824401
DS.d1598.s0.i0 1.000000 0.862169
DS.d1598.s1.i0 1.000000 0.893596
DS.d1599.s1.i0 1.000000 0.849344
DS.d1599.s0.i0 1.000000 0.369612
DS.d860.s0.i0 1.000000 0.748489
DS.d860.s1.i1 1.000000 0.852784
DS.d860.s1.i0 1.000000 1.027240
DS.d1594.s0.i0 1.000000 0.782821
DS.d1595.s0.i0 1.000000 0.059404
DS.d1596.s0.i0 1.000000 0.721430
DS.d1596.s1.i1 1.000000 0.921816
DS.d1596.s1.i0 1.000000 0.960318
DS.d1041.s0.i0 1.000000 0.746286
DS.d1591.s0.i0 1.000000 0.869847
DS.d1592.s0.i0 -1.000000 -0.715168
DS.d1593.s0.i0 1.000000 0.959661
DS.d1165.s0.i0 1.000000 0.703630
DS.d1164.s0.i0 -1.000000 -0.394886
DS.d1167.s0.i0 1.000000 0.740180
DS.d1166.s0.i1 -1.000000 -1.139063
DS.d1166.s0.i0 -1.000000 -1.040564
DS.d1166.s0.i3 -1.000000 -1.010123
DS.d1166.s0.i2 -1.000000 -0.891563
DS.d1608.s0.i0 1.000000 0.681292
DS.d1608.s1.i0 -1.000000 -0.997970
DS.d1608.s2.i0 -1.000000 -0.807233
DS.d1608.s2.i1 -1.000000 -0.628977
DS.d1608.s3.i0 1.000000 0.733682
DS.d1160.s0.i0 1.000000 0.869329
DS.d1163.s0.i0 1.000000 0.506068
DS.d1163.s0.i1 1.000000 0.430719
DS.d1163.s0.i2 -1.000000 -0.260425
DS.d1163.s1.i0 1.000000 -0.070968
DS.d1162.s0.i0 1.000000 0.947606
DS.d1604.s0.i0 -1.000000 -1.237991
DS.d1604.s0.i1 -1.000000 -0.897772
DS.d1604.s1.i1 -1.000000 -0.939742
DS.d1604.s1.i0 -1.000000 -0.885415
DS.d1604.s1.i2 -1.000000 -0.887699
DS.d1604.s2.i0 -1.000000 -0.920194
DS.d1604.s2.i1 -1.000000 -0.831930
DS.d1605.s1.i0 1.000000 0.860755
DS.d1605.s0.i0 1.000000 0.861174
DS.d1606.s0.i0 -1.000000 -1.063106
DS.d1606.s0.i1 -1.000000 -0.916442
DS.d1606.s0.i2 -1.000000 -1.041981
DS.d1606.s0.i3 -1.000000 -0.943560
DS.d1607.s0.i0 1.000000 0.746256
DS.d1169.s0.i0 -1.000000 -0.603095
DS.d1169.s1.i0 -1.000000 -0.817190
DS.d1168.s0.i0 1.000000 0.915588
DS.d1602.s0.i0 1.000000 0.936751
DS.d1602.s1.i1 -1.000000 -0.902185
DS.d1602.s1.i0 -1.000000 -0.896189
DS.d1603.s0.i1 -1.000000 -1.047038
DS.d1603.s0.i0 -1.000000 -0.969169
DS.d1762.s0.i2 -1.000000 -0.898690
DS.d1762.s0.i1 -1.000000 -0.921065
DS.d1762.s0.i0 -1.000000 -0.989667
DS.d1761.s0.i1 -1.000000 -0.932456
DS.d1761.s0.i2 -1.000000 -0.857739
DS.d1761.s0.i3 -1.000000 -1.016319
DS.d1760.s0.i0 1.000000 0.769698
DS.d938.s0.i0 1.000000 0.995387
DS.d939.s0.i0 -1.000000 -0.172410
DS.d1765.s0.i0 1.000000 0.861020
DS.d1765.s0.i1 1.000000 1.008218
DS.d1726.s2.i1 -1.000000 0.596051
DS.d1726.s2.i0 -1.000000 0.596051
DS.d1726.s1.i0 1.000000 0.974323
DS.d1726.s1.i1 1.000000 0.791787
DS.d1726.s0.i3 -1.000000 -1.013758
DS.d1726.s0.i1 -1.000000 -0.738032
DS.d1726.s0.i7 -1.000000 -0.912129
DS.d1726.s0.i6 -1.000000 -0.886544
DS.d934.s0.i2 -1.000000 -0.990117
DS.d934.s0.i3 -1.000000 -0.932973
DS.d934.s0.i0 -1.000000 -1.014539
DS.d934.s0.i1 -1.000000 -0.978120
DS.d934.s0.i4 -1.000000 -0.947557
DS.d934.s0.i5 -1.000000 -0.995782
DS.d934.s1.i5 -1.000000 -1.037570
DS.d934.s1.i4 -1.000000 -1.091918
DS.d934.s1.i7 -1.000000 -1.077176
DS.d934.s1.i6 -1.000000 -1.020421
DS.d934.s1.i1 -1.000000 -1.079133
DS.d934.s1.i0 -1.000000 -1.021534
DS.d934.s1.i3 -1.000000 -1.032997
DS.d934.s1.i2 -1.000000 -1.046658
DS.d936.s0.i0 1.000000 0.641685
DS.d937.s0.i1 1.000000 0.630291
DS.d937.s0.i0 1.000000 0.703669
DS.d930.s0.i2 -1.000000 -1.061319
DS.d930.s0.i0 -1.000000 -0.782114
DS.d930.s0.i1 -1.000000 -1.044504
DS.d931.s1.i0 1.000000 0.861679
DS.d931.s0.i0 1.000000 0.977160
DS.d932.s0.i0 1.000000 1.146001
DS.d933.s0.i1 -1.000000 -0.916356
DS.d933.s0.i0 -1.000000 -0.858766
DS.d1024.s0.i8 -1.000000 -0.908330
DS.d1024.s0.i9 -1.000000 -1.039033
DS.d1024.s0.i2 -1.000000 -0.994367
DS.d1024.s0.i3 -1.000000 -0.853852
DS.d1024.s0.i0 -1.000000 -1.032522
DS.d1024.s0.i1 -1.000000 -1.021878
DS.d1024.s0.i6 -1.000000 -0.976998
DS.d1024.s0.i7 -1.000000 -0.874496
DS.d1024.s0.i4 -1.000000 -1.146579
DS.d1024.s0.i5 -1.000000 -0.910118
DS.d1024.s1.i1 -1.000000 -1.144375
DS.d1024.s1.i0 -1.000000 -0.694397
DS.d1024.s2.i0 -1.000000 -0.944921
DS.d1024.s2.i1 -1.000000 -0.957581
DS.d1025.s0.i1 -1.000000 -0.212437
DS.d1025.s0.i0 1.000000 0.250842
DS.d1189.s0.i0 1.000000 0.681030
DS.d1027.s0.i1 -1.000000 -0.840866
DS.d1027.s0.i0 -1.000000 -0.840866
DS.d1020.s0.i0 -1.000000 -0.750292
DS.d1020.s1.i0 -1.000000 -0.737584
DS.d1022.s0.i0 -1.000000 -0.809630
DS.d1023.s0.i1 1.000000 0.705420
DS.d1023.s0.i0 1.000000 0.876613
DS.d1183.s0.i0 -1.000000 -0.905901
DS.d1183.s1.i0 -1.000000 -0.852504
DS.d1181.s0.i0 -1.000000 -0.815740
DS.d1181.s1.i0 -1.000000 -0.719762
DS.d1187.s0.i2 -1.000000 -0.849460
DS.d1187.s0.i3 -1.000000 -0.942201
DS.d1187.s0.i0 -1.000000 -0.898805
DS.d1187.s0.i1 -1.000000 -0.982784
DS.d1187.s1.i0 1.000000 0.727066
DS.d1186.s1.i0 1.000000 0.876734
DS.d1186.s0.i0 1.000000 0.544155
DS.d1185.s0.i1 1.000000 1.150016
DS.d1184.s1.i0 -1.000000 -0.907711
DS.d1184.s0.i0 -1.000000 -0.842952
DS.d1893.s0.i0 1.000000 0.691647
DS.d1893.s0.i1 1.000000 0.739111
DS.d1892.s0.i0 -1.000000 -0.590188
DS.d1379.s1.i0 1.000000 1.075264
DS.d1379.s1.i1 1.000000 1.003151
DS.d1379.s1.i2 1.000000 0.895132
DS.d1379.s1.i3 1.000000 0.883456
DS.d1379.s0.i0 1.000000 0.850103
DS.d1410.s0.i19 -1.000000 -0.982766
DS.d1410.s0.i18 -1.000000 -0.929386
DS.d1410.s0.i13 -1.000000 -0.941698
DS.d1410.s0.i12 -1.000000 -0.929386
DS.d1410.s0.i11 -1.000000 -0.998642
DS.d1410.s0.i10 -1.000000 -0.836067
DS.d1410.s0.i17 -1.000000 -0.933238
DS.d1410.s0.i16 -1.000000 -1.132602
DS.d1410.s0.i15 -1.000000 -1.062083
DS.d1410.s0.i14 -1.000000 -1.132712
DS.d1410.s0.i3 -1.000000 -0.933238
DS.d1410.s0.i2 -1.000000 -1.010992
DS.d1410.s0.i1 -1.000000 -1.108904
DS.d1410.s0.i0 -1.000000 -1.016748
DS.d1410.s0.i7 -1.000000 -0.915785
DS.d1410.s0.i6 -1.000000 -1.125490
DS.d1410.s0.i5 -1.000000 -0.998642
DS.d1410.s0.i4 -1.000000 -1.125490
DS.d1410.s0.i9 -1.000000 -0.906915
DS.d1410.s0.i8 -1.000000 -0.971412
DS.d1008.s0.i0 -1.000000 -1.019244
DS.d1008.s0.i1 -1.000000 -0.848575
DS.d1008.s1.i0 -1.000000 -0.075295
DS.d1734.s0.i0 -1.000000 -1.063866
DS.d1734.s0.i1 -1.000000 -1.178939
DS.d1734.s1.i0 -1.000000 -0.931281
DS.d1110.s0.i0 1.000000 0.915297
DS.d1110.s0.i1 1.000000 0.915297
DS.d1111.s0.i0 1.000000 0.778964
DS.d1112.s0.i0 -1.000000 -0.751014
DS.d1113.s0.i0 -1.000000 -0.799170
DS.d1114.s0.i0 1.000000 0.942616
DS.d1115.s1.i0 -1.000000 -1.097824
DS.d1115.s1.i1 -1.000000 -1.114795
DS.d1115.s1.i2 -1.000000 -0.974786
DS.d1115.s1.i3 -1.000000 -0.942957
DS.d1115.s0.i0 1.000000 0.498723
DS.d1116.s0.i0 1.000000 0.774875
DS.d1116.s1.i1 1.000000 0.810513
DS.d1116.s1.i0 1.000000 0.869334
DS.d1117.s0.i0 1.000000 0.947129
DS.d1118.s0.i0 1.000000 1.245209
DS.d1119.s0.i0 1.000000 0.874725
DS.d1509.s0.i0 -1.000000 -0.998210
DS.d1509.s0.i1 -1.000000 -0.931007
DS.d1509.s0.i2 -1.000000 -0.841886
DS.d1509.s1.i3 -1.000000 -0.981421
DS.d1509.s1.i2 -1.000000 -0.935900
DS.d1509.s1.i1 -1.000000 -0.918373
DS.d1509.s1.i0 -1.000000 -0.969612
DS.d1508.s0.i0 1.000000 0.767744
DS.d1231.s0.i0 -1.000000 -0.889530
DS.d1231.s1.i0 1.000000 0.617369
DS.d1230.s0.i3 -1.000000 -1.133845
DS.d1230.s0.i2 -1.000000 -0.999170
DS.d1230.s0.i1 -1.000000 -1.092401
DS.d1230.s0.i0 -1.000000 -0.941642
DS.d1230.s0.i7 -1.000000 -0.934745
DS.d1230.s0.i6 -1.000000 -0.944656
DS.d1230.s0.i5 -1.000000 -0.984749
DS.d1230.s0.i4 -1.000000 -0.910503
DS.d1233.s0.i0 -1.000000 0.151781
DS.d1232.s0.i0 -1.000000 -0.647555
DS.d1235.s0.i2 -1.000000 -0.426709
DS.d1235.s0.i0 1.000000 -0.043291
DS.d1235.s0.i1 -1.000000 -0.457203
DS.d1234.s1.i0 1.000000 0.982329
DS.d1234.s0.i1 1.000000 0.055945
DS.d1234.s0.i0 -1.000000 0.026239
DS.d1237.s0.i0 1.000000 0.962570
DS.d1236.s1.i0 -1.000000 -0.766952
DS.d1236.s0.i0 -1.000000 -0.875541
DS.d1236.s2.i0 -1.000000 -0.782340
DS.d1239.s0.i0 -1.000000 -0.046487
DS.d1238.s0.i3 -1.000000 -0.802164
DS.d1238.s0.i2 -1.000000 -0.902569
DS.d1238.s0.i1 -1.000000 -0.848321
DS.d1238.s0.i0 -1.000000 -0.875722
DS.d1332.s0.i0 1.000000 0.721967
DS.d1332.s0.i1 1.000000 0.701747
DS.d1332.s1.i1 -1.000000 -0.869731
DS.d1332.s1.i0 -1.000000 -0.926889
DS.d1333.s0.i0 1.000000 0.773677
DS.d1335.s3.i0 1.000000 1.081777
DS.d1335.s2.i0 1.000000 0.846105
DS.d1335.s1.i0 1.000000 0.975180
DS.d1335.s0.i0 1.000000 -0.068025
DS.d1335.s4.i0 1.000000 0.921609
DS.d1337.s0.i0 -1.000000 -0.651697
DS.d1419.s0.i0 1.000000 0.758433
DS.d1419.s0.i1 1.000000 0.979816
DS.d1418.s0.i0 -1.000000 -0.861383
DS.d1000.s0.i0 1.000000 0.845478
DS.d1000.s0.i1 1.000000 0.759746
DS.d1354.s0.i0 -1.000000 -0.829015
DS.d1354.s0.i1 -1.000000 -0.912893
DS.d1001.s1.i0 1.000000 0.824865
DS.d1001.s0.i1 1.000000 1.019500
DS.d1001.s0.i0 1.000000 0.867985
DS.d1006.s0.i0 -1.000000 -1.019665
DS.d1555.s0.i1 -1.000000 -0.939278
DS.d1555.s0.i0 -1.000000 -0.885552
DS.d1439.s0.i4 -1.000000 -1.016851
DS.d1439.s0.i5 -1.000000 -0.951540
DS.d1439.s0.i6 -1.000000 -0.978361
DS.d1439.s0.i7 -1.000000 -0.963082
DS.d1439.s0.i0 -1.000000 -0.900693
DS.d1439.s0.i1 -1.000000 -0.905438
DS.d1439.s0.i2 -1.000000 -1.015380
DS.d1439.s0.i3 -1.000000 -0.923043
DS.d1438.s0.i0 -1.000000 -0.839655
DS.d1349.s0.i0 -1.000000 -0.626314
DS.d1348.s1.i0 1.000000 0.854193
DS.d1348.s0.i0 -1.000000 -0.613823
DS.d1345.s0.i0 -1.000000 -0.847160
DS.d1344.s0.i3 -1.000000 -0.941895
DS.d1344.s0.i2 -1.000000 -1.067934
DS.d1344.s0.i1 -1.000000 -0.950091
DS.d1344.s0.i0 -1.000000 -1.012813
DS.d1344.s0.i7 -1.000000 -0.979166
DS.d1344.s0.i6 -1.000000 -0.971668
DS.d1344.s0.i5 -1.000000 -1.004927
DS.d1344.s0.i4 -1.000000 -1.051474
DS.d1347.s0.i0 1.000000 0.935097
DS.d1346.s1.i0 1.000000 0.813361
DS.d1346.s0.i1 -1.000000 -0.048273
DS.d1346.s0.i0 1.000000 0.307300
DS.d1341.s0.i2 1.000000 0.488702
DS.d1341.s0.i0 -1.000000 0.340859
DS.d1341.s0.i1 1.000000 0.387547
DS.d1343.s0.i0 1.000000 0.773322
DS.d1342.s0.i0 -1.000000 -0.715854
DS.d1802.s0.i0 -1.000000 -0.855368
DS.d1803.s3.i0 1.000000 0.913013
DS.d1803.s3.i1 1.000000 0.858972
DS.d1803.s2.i0 1.000000 0.698643
DS.d1803.s1.i0 -1.000000 -0.822428
DS.d1803.s1.i1 -1.000000 -0.706996
DS.d1803.s1.i2 -1.000000 0.218949
DS.d1803.s1.i3 -1.000000 -0.699571
DS.d1803.s1.i4 1.000000 0.314726
DS.d1803.s1.i5 1.000000 0.325832
DS.d1803.s0.i0 1.000000 1.038962
DS.d1800.s0.i0 -1.000000 -0.461597
DS.d1800.s0.i1 1.000000 -0.089890
DS.d1800.s0.i2 -1.000000 -0.393027
DS.d1806.s0.i0 1.000000 0.915417
DS.d1806.s1.i0 1.000000 0.870376
DS.d1807.s0.i1 -1.000000 -0.962539
DS.d1807.s0.i0 -1.000000 -0.876111
DS.d1805.s0.i1 1.000000 0.604666
DS.d1805.s0.i0 1.000000 1.247043
DS.d1805.s0.i3 1.000000 0.750011
DS.d1805.s0.i2 1.000000 0.836724
DS.d1808.s1.i4 1.000000 0.997105
DS.d1808.s1.i2 1.000000 1.097401
DS.d1808.s1.i1 1.000000 0.844671
DS.d1808.s1.i0 1.000000 0.732312
DS.d1809.s0.i1 -1.000000 -0.617051
DS.d1809.s0.i0 -1.000000 -0.854487
DS.d1730.s0.i0 1.000000 1.051027
DS.d1539.s1.i0 1.000000 0.929428
DS.d1539.s0.i0 1.000000 0.994446
DS.d920.s0.i1 -1.000000 -0.085581
DS.d920.s0.i0 1.000000 0.437647
DS.d920.s0.i2 1.000000 0.440379
DS.d1397.s0.i0 -1.000000 0.376937
DS.d970.s4.i6 1.000000 0.987498
DS.d970.s4.i7 -1.000000 0.025420
DS.d970.s4.i4 1.000000 0.789903
DS.d970.s4.i2 1.000000 0.852789
DS.d970.s4.i1 1.000000 0.631454
DS.d970.s0.i2 1.000000 0.907652
DS.d970.s0.i3 1.000000 0.953944
DS.d970.s0.i0 1.000000 0.907652
DS.d970.s0.i1 1.000000 0.953944
DS.d970.s0.i4 1.000000 1.018240
DS.d970.s0.i5 1.000000 1.077898
DS.d970.s1.i1 1.000000 0.933393
DS.d970.s1.i0 1.000000 0.876998
DS.d970.s2.i0 1.000000 0.685547
DS.d970.s3.i1 1.000000 0.990126
DS.d970.s3.i0 1.000000 0.973175
DS.d971.s1.i0 -1.000000 -0.904526
DS.d971.s0.i0 -1.000000 -0.720294
DS.d973.s0.i0 1.000000 0.657137
DS.d974.s0.i0 1.000000 1.021326
DS.d975.s1.i0 -1.000000 -0.909513
DS.d975.s1.i1 -1.000000 -0.913600
DS.d975.s1.i2 -1.000000 -0.816809
DS.d975.s0.i2 1.000000 0.671972
DS.d975.s0.i0 1.000000 0.693099
DS.d976.s0.i0 -1.000000 -0.814572
DS.d976.s0.i1 -1.000000 -0.934249
DS.d977.s0.i0 1.000000 0.850136
DS.d1895.s0.i2 1.000000 0.988162
DS.d1895.s0.i3 1.000000 0.953351
DS.d1895.s0.i0 1.000000 0.851160
DS.d1895.s0.i1 1.000000 0.856139
DS.d1895.s0.i4 1.000000 0.992625
DS.d979.s0.i0 1.000000 1.007321
DS.d1725.s0.i0 1.000000 1.056409
DS.d1724.s0.i0 1.000000 0.677473
DS.d1891.s0.i0 1.000000 0.922961
DS.d1722.s1.i0 -1.000000 -0.984374
DS.d1722.s1.i1 -1.000000 -0.899367
DS.d1722.s1.i2 -1.000000 -0.967449
DS.d1722.s0.i7 -1.000000 -1.070113
DS.d1722.s0.i6 -1.000000 -0.863654
DS.d1722.s0.i5 -1.000000 -1.074270
DS.d1722.s0.i4 -1.000000 -0.995399
DS.d1722.s0.i3 -1.000000 -0.868379
DS.d1722.s0.i2 -1.000000 -1.006149
DS.d1722.s0.i1 -1.000000 -0.885008
DS.d1722.s0.i0 -1.000000 -1.005691
DS.d1721.s0.i0 1.000000 0.855366
DS.d1721.s0.i1 1.000000 0.924348
DS.d1721.s1.i1 -1.000000 -0.804821
DS.d1721.s1.i0 -1.000000 -0.828032
DS.d1720.s0.i0 1.000000 0.726007
DS.d879.s0.i0 1.000000 0.929391
DS.d879.s1.i0 1.000000 -0.056742
DS.d878.s1.i0 1.000000 0.691493
DS.d878.s0.i0 -1.000000 -0.396220
DS.d871.s0.i0 1.000000 0.922189
DS.d871.s1.i0 1.000000 0.875621
DS.d871.s2.i0 1.000000 0.906849
DS.d870.s0.i0 -1.000000 -0.790776
DS.d872.s0.i5 -1.000000 -1.022618
DS.d872.s0.i4 -1.000000 -1.024375
DS.d872.s0.i7 -1.000000 -0.887698
DS.d872.s0.i6 -1.000000 -1.159321
DS.d872.s0.i1 -1.000000 -0.890087
DS.d872.s0.i0 -1.000000 -1.078018
DS.d872.s0.i3 -1.000000 -0.791434
DS.d872.s0.i2 -1.000000 -0.891244
DS.d872.s0.i11 -1.000000 -0.935573
DS.d872.s0.i9 -1.000000 -1.038752
DS.d872.s0.i8 -1.000000 -0.886371
DS.d872.s0.i10 -1.000000 -0.935139
DS.d875.s0.i2 1.000000 0.406326
DS.d875.s0.i3 1.000000 0.483987
DS.d875.s0.i0 -1.000000 0.457210
DS.d875.s0.i1 1.000000 0.483710
DS.d874.s1.i0 1.000000 0.576560
DS.d874.s0.i0 1.000000 0.412027
DS.d877.s0.i0 -1.000000 -0.955317
DS.d877.s0.i1 -1.000000 -0.850060
DS.d877.s0.i2 -1.000000 -0.871105
DS.d876.s0.i1 -1.000000 -0.963579
DS.d876.s0.i0 -1.000000 -0.975863
DS.d876.s0.i2 -1.000000 -0.784648
DS.d1697.s0.i0 1.000000 0.827125
DS.d1697.s0.i1 1.000000 1.115664
DS.d1126.s0.i1 -1.000000 -0.716070
DS.d1126.s0.i0 -1.000000 -0.786734
DS.d1696.s0.i0 1.000000 0.660046
DS.d1695.s0.i0 1.000000 0.788020
DS.d1694.s1.i0 1.000000 0.820154
DS.d1694.s1.i1 1.000000 0.947944
DS.d1694.s0.i0 1.000000 0.828630
DS.d1693.s0.i0 1.000000 0.966002
DS.d1095.s0.i2 1.000000 0.873757
DS.d1095.s0.i0 1.000000 0.978504
DS.d1095.s0.i1 1.000000 0.977490
DS.d1097.s0.i0 -1.000000 -0.647896
DS.d1097.s1.i3 1.000000 0.953329
DS.d1097.s1.i2 1.000000 0.967686
DS.d1097.s1.i1 1.000000 0.928938
DS.d1097.s1.i0 1.000000 0.841948
DS.d1096.s0.i0 1.000000 0.815201
DS.d1158.s0.i0 1.000000 0.782335
DS.d1159.s0.i2 1.000000 0.822939
DS.d1159.s0.i1 1.000000 0.992556
DS.d1159.s0.i0 1.000000 0.894093
DS.d1093.s0.i0 -1.000000 -1.302934
DS.d1093.s0.i1 -1.000000 -0.932723
DS.d1092.s0.i1 1.000000 0.791246
DS.d1092.s0.i0 1.000000 0.733763
DS.d1154.s0.i2 1.000000 0.926657
DS.d1154.s0.i0 1.000000 0.943041
DS.d1154.s0.i1 1.000000 0.883942
DS.d1155.s2.i1 1.000000 0.774770
DS.d1155.s2.i0 1.000000 0.686331
DS.d1155.s2.i2 1.000000 0.761950
DS.d1155.s1.i0 -1.000000 -0.698524
DS.d1155.s1.i1 -1.000000 -0.701693
DS.d1155.s0.i3 1.000000 0.600427
DS.d1155.s0.i2 1.000000 0.628329
DS.d1155.s0.i1 -1.000000 -0.501429
DS.d1155.s0.i0 -1.000000 -0.511882
DS.d1156.s0.i0 1.000000 0.538157
DS.d1156.s1.i1 -1.000000 -0.925349
DS.d1156.s1.i0 -1.000000 -0.450999
DS.d1157.s0.i1 -1.000000 -1.042567
DS.d1157.s0.i0 -1.000000 -0.743858
DS.d1157.s0.i2 -1.000000 -1.016375
DS.d1099.s0.i0 1.000000 0.491028
DS.d1098.s0.i0 1.000000 0.768026
DS.d1153.s0.i0 -1.000000 0.177013
DS.d1653.s0.i0 1.000000 1.132341
DS.d1653.s0.i1 1.000000 1.043358
DS.d1653.s1.i1 1.000000 1.060321
DS.d1653.s1.i0 1.000000 0.833214
DS.d1653.s2.i0 1.000000 0.741220
DS.d1653.s3.i0 -1.000000 0.239176
DS.d1653.s4.i0 -1.000000 -0.706801
DS.d1653.s4.i1 -1.000000 -0.669804
DS.d1652.s1.i0 1.000000 0.820052
DS.d1652.s0.i0 1.000000 0.935811
DS.d1651.s0.i0 1.000000 1.069188
DS.d1650.s0.i1 1.000000 0.871318
DS.d1650.s0.i2 1.000000 0.823801
DS.d1657.s0.i0 1.000000 0.938521
DS.d1655.s0.i0 -1.000000 0.690370
DS.d1655.s1.i2 1.000000 -0.054767
DS.d1655.s1.i1 -1.000000 -0.440009
DS.d1655.s1.i0 -1.000000 -0.413578
DS.d1654.s0.i0 -1.000000 -0.730901
DS.d1792.s0.i0 1.000000 0.456021
DS.d1793.s0.i1 -1.000000 -0.905289
DS.d1793.s0.i0 -1.000000 -1.025241
DS.d1659.s0.i0 1.000000 0.938918
DS.d1659.s0.i1 1.000000 0.952896
DS.d1658.s0.i1 -1.000000 -0.992360
DS.d1658.s0.i0 -1.000000 -1.098433
DS.d1796.s0.i0 1.000000 0.842095
DS.d1797.s0.i1 1.000000 0.785781
DS.d1797.s0.i0 1.000000 0.944435
DS.d1794.s0.i0 1.000000 0.651799
DS.d1794.s0.i1 1.000000 0.815669
DS.d1794.s0.i2 1.000000 1.132324
DS.d1794.s0.i3 1.000000 0.932856
DS.d1795.s0.i0 -1.000000 -0.552203
DS.d1375.s0.i1 -1.000000 -0.756863
DS.d1375.s0.i0 -1.000000 -0.739900
DS.d1079.s0.i0 1.000000 0.790125
DS.d1079.s1.i0 -1.000000 -0.576029
DS.d1377.s1.i0 -1.000000 -0.949555
DS.d1377.s0.i0 1.000000 0.867719
DS.d1370.s0.i0 1.000000 0.995264
DS.d1372.s0.i0 1.000000 0.807340
DS.d1373.s1.i1 1.000000 0.917447
DS.d1373.s0.i0 1.000000 1.000736
DS.d1073.s0.i0 1.000000 0.871186
DS.d1071.s0.i0 1.000000 1.014348
DS.d1071.s1.i0 1.000000 0.910322
DS.d1070.s0.i1 -1.000000 -1.010020
DS.d1070.s0.i0 -1.000000 -1.016553
DS.d1070.s0.i3 -1.000000 -0.892938
DS.d1070.s0.i2 -1.000000 -1.015887
DS.d1378.s0.i6 -1.000000 -0.944466
DS.d1378.s0.i7 -1.000000 -1.029986
DS.d1378.s0.i4 -1.000000 -1.117721
DS.d1378.s0.i5 -1.000000 -0.770509
DS.d1378.s0.i2 -1.000000 -0.866109
DS.d1378.s0.i3 -1.000000 -0.962792
DS.d1378.s0.i0 -1.000000 -1.265358
DS.d1378.s0.i1 -1.000000 -0.798297
DS.d1076.s0.i1 -1.000000 -0.663204
DS.d1076.s0.i0 -1.000000 -0.749352
DS.d1075.s0.i0 -1.000000 -1.006372
DS.d1075.s0.i1 -1.000000 -0.937206
DS.d1090.s0.i1 1.000000 0.733197
DS.d1090.s0.i0 1.000000 0.837682
DS.d1389.s0.i0 1.000000 1.016956
DS.d1389.s0.i1 1.000000 1.128662
DS.d1388.s0.i0 1.000000 0.768628
DS.d1381.s0.i2 1.000000 0.263959
DS.d1381.s0.i3 -1.000000 -0.241290
DS.d1381.s0.i0 1.000000 0.225843
DS.d1381.s0.i1 -1.000000 -0.275875
DS.d1380.s1.i1 1.000000 0.549215
DS.d1380.s1.i3 1.000000 0.165543
DS.d1380.s0.i13 1.000000 1.066171
DS.d1380.s0.i12 1.000000 1.135848
DS.d1380.s0.i11 1.000000 0.809824
DS.d1380.s0.i10 1.000000 0.928360
DS.d1380.s0.i3 1.000000 0.858180
DS.d1380.s0.i1 1.000000 0.719124
DS.d1380.s0.i7 1.000000 0.997791
DS.d1380.s0.i6 1.000000 1.013479
DS.d1380.s0.i5 1.000000 1.209760
DS.d1380.s0.i4 1.000000 0.899151
DS.d1383.s0.i0 1.000000 0.777872
DS.d1382.s0.i0 -1.000000 -0.911791
DS.d1385.s0.i0 1.000000 0.913331
DS.d1385.s1.i1 1.000000 0.876098
DS.d1385.s1.i0 1.000000 0.908476
DS.d1387.s0.i0 1.000000 0.695801
DS.d1386.s1.i2 1.000000 0.133585
DS.d1386.s1.i0 -1.000000 -0.516381
DS.d1386.s1.i1 -1.000000 -0.667583
DS.d1386.s0.i1 -1.000000 -0.982679
DS.d1386.s0.i0 -1.000000 -0.708853
DS.d1386.s0.i2 -1.000000 -0.804528
DS.d1477.s0.i0 -1.000000 -0.836114
DS.d1477.s0.i1 -1.000000 -0.951978
DS.d1476.s0.i0 -1.000000 -0.837911
DS.d1475.s0.i0 -1.000000 -0.719180
DS.d1474.s0.i0 -1.000000 -0.726442
DS.d1473.s0.i0 1.000000 0.862862
DS.d1473.s1.i0 1.000000 0.792475
DS.d1473.s2.i0 1.000000 0.793566
DS.d1473.s3.i0 1.000000 1.030475
DS.d1472.s0.i1 1.000000 0.804382
DS.d1472.s0.i0 1.000000 0.719334
DS.d1471.s2.i0 1.000000 0.944666
DS.d1471.s3.i1 -1.000000 -0.147262
DS.d1471.s3.i0 1.000000 0.167708
DS.d1471.s0.i0 1.000000 1.003368
DS.d1471.s1.i1 1.000000 0.872513
DS.d1471.s1.i0 1.000000 0.954835
DS.d1470.s0.i1 -1.000000 -0.917729
DS.d1470.s0.i0 -1.000000 -0.692030
DS.d1576.s0.i0 -1.000000 -0.626578
DS.d1576.s1.i0 1.000000 0.191878
DS.d1576.s2.i0 1.000000 0.734364
DS.d1577.s0.i1 -1.000000 -0.139234
DS.d1577.s0.i0 1.000000 0.166521
DS.d1574.s0.i0 1.000000 0.839800
DS.d1575.s0.i1 1.000000 0.883589
DS.d1575.s0.i0 1.000000 1.138345
DS.d1575.s0.i2 1.000000 0.706360
DS.d1573.s0.i0 1.000000 0.812980
DS.d1479.s0.i0 1.000000 0.924880
DS.d1478.s1.i4 1.000000 0.946419
DS.d1478.s1.i5 1.000000 1.020284
DS.d1478.s1.i2 1.000000 1.059323
DS.d1478.s1.i3 1.000000 0.962122
DS.d1478.s1.i0 1.000000 0.782441
DS.d1478.s1.i1 1.000000 0.988205
DS.d1478.s0.i1 -1.000000 -0.756676
DS.d1478.s0.i0 -1.000000 -1.012526
DS.d1478.s0.i2 -1.000000 -0.818983
DS.d1208.s0.i0 1.000000 0.887993
DS.d1209.s1.i0 -1.000000 -0.892094
DS.d1209.s1.i1 -1.000000 -0.892094
DS.d1209.s1.i2 -1.000000 -0.515005
DS.d1209.s1.i3 -1.000000 -0.910591
DS.d1209.s1.i4 -1.000000 -0.910591
DS.d1209.s1.i5 -1.000000 -0.526280
DS.d1209.s0.i2 1.000000 -0.065936
DS.d1209.s0.i1 -1.000000 -0.361022
DS.d1209.s0.i0 -1.000000 -0.361022
DS.d1200.s0.i0 -1.000000 -0.512580
DS.d1201.s0.i0 -1.000000 0.415905
DS.d1202.s0.i0 1.000000 0.938908
DS.d1204.s0.i0 -1.000000 -0.733093
DS.d1204.s0.i1 -1.000000 -0.785523
DS.d1204.s1.i1 -1.000000 -0.421967
DS.d1204.s1.i0 1.000000 0.315611
DS.d1204.s2.i0 -1.000000 -0.698245
DS.d1205.s0.i7 -1.000000 -0.694921
DS.d1205.s0.i6 -1.000000 -0.695950
DS.d1205.s0.i5 -1.000000 -0.668893
DS.d1205.s0.i4 -1.000000 -0.687721
DS.d1205.s0.i3 1.000000 -0.036856
DS.d1205.s0.i8 -1.000000 -0.660255
DS.d1206.s0.i0 -1.000000 -0.857769
DS.d1206.s1.i0 -1.000000 -0.694151
DS.d1151.s0.i0 1.000000 0.666821
DS.d1247.s0.i0 -1.000000 0.003535
DS.d1246.s0.i0 1.000000 0.909940
DS.d1492.s0.i1 1.000000 0.735788
DS.d1492.s0.i0 1.000000 0.632660
DS.d1798.s0.i0 1.000000 0.743941
DS.d1799.s0.i1 -1.000000 -0.789492
DS.d1799.s0.i0 -1.000000 -0.789806
DS.d1279.s0.i0 1.000000 0.988493
DS.d1279.s0.i1 1.000000 0.869285
DS.d1278.s0.i0 1.000000 0.936327
DS.d1275.s0.i0 1.000000 0.699551
DS.d1274.s1.i0 1.000000 0.811779
DS.d1274.s1.i1 1.000000 0.869570
DS.d1274.s0.i1 1.000000 0.868554
DS.d1274.s0.i0 1.000000 0.977919
DS.d1277.s0.i0 -1.000000 -0.557360
DS.d1277.s1.i0 1.000000 1.018061
DS.d1276.s1.i0 1.000000 0.164931
DS.d1276.s0.i1 1.000000 0.905136
DS.d1276.s0.i0 1.000000 0.894714
DS.d1276.s0.i3 1.000000 0.970122
DS.d1276.s0.i2 1.000000 0.973685
DS.d1273.s0.i0 1.000000 0.864883
DS.d1273.s0.i1 1.000000 0.861571
DS.d1273.s0.i2 1.000000 0.965640
DS.d1272.s1.i0 1.000000 0.832131
DS.d1272.s0.i0 -1.000000 -0.680327
DS.d1248.s0.i0 -1.000000 -1.089921
DS.d1248.s0.i1 -1.000000 -0.901676
DS.d1249.s0.i1 -1.000000 -0.570839
DS.d1249.s0.i0 -1.000000 -1.013859
DS.d1859.s0.i2 -1.000000 -0.890622
DS.d1859.s0.i3 -1.000000 -0.821252
DS.d1859.s0.i0 -1.000000 -0.986826
DS.d1859.s0.i1 -1.000000 -0.912932
DS.d1859.s0.i4 -1.000000 -1.050466
DS.d1859.s0.i5 -1.000000 -1.009184
DS.d1858.s0.i0 1.000000 0.806139
DS.d1390.s0.i0 -1.000000 -0.659666
DS.d1851.s0.i2 -1.000000 -0.912071
DS.d1851.s0.i3 1.000000 0.051306
DS.d1851.s0.i0 1.000000 0.075593
DS.d1851.s0.i1 -1.000000 -0.324767
DS.d1851.s0.i4 -1.000000 -0.561352
DS.d1851.s0.i5 -1.000000 -0.470651
DS.d1850.s0.i0 1.000000 0.769866
DS.d1852.s0.i1 1.000000 0.888620
DS.d1852.s0.i0 1.000000 1.071984
DS.d1855.s0.i0 1.000000 0.751779
DS.d1855.s0.i1 1.000000 0.828436
DS.d1855.s1.i1 1.000000 0.873061
DS.d1855.s1.i0 1.000000 0.911425
DS.d1854.s0.i0 1.000000 1.171966
DS.d1857.s0.i0 1.000000 0.569811
DS.d1857.s1.i1 1.000000 0.753682
DS.d1857.s1.i0 1.000000 0.757686
DS.d1609.s0.i0 1.000000 0.645423
DS.d839.s0.i0 1.000000 0.945251
DS.d839.s0.i1 1.000000 0.852428
DS.d838.s0.i2 1.000000 0.516622
DS.d838.s0.i1 1.000000 0.639997
DS.d838.s0.i0 -1.000000 -0.137514
DS.d835.s0.i0 1.000000 0.615029
DS.d834.s0.i3 -1.000000 -0.913166
DS.d834.s0.i2 -1.000000 -1.069242
DS.d834.s0.i1 -1.000000 -0.931260
DS.d834.s0.i0 -1.000000 -1.072217
DS.d837.s0.i0 1.000000 0.610681
DS.d831.s0.i0 1.000000 0.608711
DS.d830.s1.i0 1.000000 1.052151
DS.d830.s0.i0 1.000000 0.915245
DS.d833.s0.i0 1.000000 0.977010
DS.d832.s1.i0 1.000000 0.713504
DS.d832.s0.i0 1.000000 0.764073
DS.d1395.s0.i0 1.000000 0.968399
DS.d1391.s1.i0 -1.000000 -0.712820
DS.d1391.s0.i0 -1.000000 -0.794385
DS.d1391.s3.i0 -1.000000 -0.707211
DS.d1391.s3.i1 -1.000000 -0.823971
DS.d1391.s2.i0 -1.000000 -0.998039
DS.d998.s0.i0 -1.000000 -0.555451
DS.d998.s0.i1 -1.000000 -1.006706
DS.d999.s0.i1 -1.000000 -0.946707
DS.d999.s0.i0 -1.000000 -0.946278
DS.d996.s0.i2 -1.000000 0.085376
DS.d996.s0.i0 1.000000 0.404919
DS.d996.s0.i1 1.000000 0.235545
DS.d997.s0.i2 1.000000 1.015573
DS.d997.s0.i1 1.000000 0.893393
DS.d997.s0.i0 1.000000 0.876656
DS.d994.s0.i0 1.000000 0.759785
DS.d992.s0.i0 -1.000000 0.329498
DS.d993.s0.i1 1.000000 1.021427
DS.d993.s0.i0 1.000000 1.061585
DS.d990.s0.i0 -1.000000 -0.946353
DS.d990.s0.i1 -1.000000 -0.929140
DS.d990.s0.i2 -1.000000 -0.944888
DS.d990.s0.i3 -1.000000 -0.960798
DS.d1601.s0.i3 -1.000000 -1.082503
DS.d1601.s0.i2 -1.000000 -0.864651
DS.d1601.s0.i1 -1.000000 -0.995942
DS.d1601.s0.i0 -1.000000 -0.871762
DS.d1078.s0.i0 1.000000 0.886887
DS.d1589.s0.i0 1.000000 0.891470
DS.d1588.s0.i0 -1.000000 -0.849262
DS.d1587.s0.i0 -1.000000 -0.992046
DS.d1587.s0.i1 -1.000000 -0.982861
DS.d1587.s1.i1 -1.000000 -0.866258
DS.d1587.s1.i0 -1.000000 -0.865257
DS.d1587.s2.i0 -1.000000 -0.962990
DS.d1587.s2.i1 -1.000000 -1.076169
DS.d1587.s3.i1 -1.000000 -0.989983
DS.d1587.s3.i0 -1.000000 -0.984701
DS.d1586.s0.i2 -1.000000 -1.039826
DS.d1586.s0.i1 -1.000000 -0.896866
DS.d1586.s0.i0 -1.000000 -1.014195
DS.d1585.s0.i0 1.000000 0.905258
DS.d1585.s0.i1 1.000000 1.119494
DS.d1584.s1.i0 1.000000 0.534116
DS.d1583.s0.i0 1.000000 0.805380
DS.d1581.s0.i0 1.000000 1.019094
DS.d1581.s0.i1 1.000000 0.832790
DS.d1581.s0.i2 1.000000 0.960742
DS.d1581.s0.i3 1.000000 1.096562
DS.d1581.s0.i4 1.000000 0.839826
DS.d1581.s0.i5 1.000000 1.057320
DS.d1581.s0.i6 1.000000 0.968094
DS.d1581.s0.i7 1.000000 0.908193
DS.d1618.s1.i0 -1.000000 -0.912794
DS.d1618.s0.i1 -1.000000 -0.470145
DS.d1618.s0.i0 -1.000000 -0.491949
DS.d1617.s0.i3 1.000000 0.839576
DS.d1617.s0.i1 1.000000 1.060738
DS.d1616.s0.i0 1.000000 0.963432
DS.d1615.s0.i0 1.000000 0.793952
DS.d1613.s0.i0 -1.000000 -0.955171
DS.d1613.s1.i0 -1.000000 -0.653336
DS.d1612.s0.i0 -1.000000 -0.975543
DS.d1611.s0.i1 1.000000 0.168829
DS.d1756.s0.i0 -1.000000 -0.679286
DS.d1756.s0.i1 -1.000000 -0.679286
DS.d908.s1.i0 1.000000 0.872286
DS.d908.s1.i1 1.000000 0.901907
DS.d908.s1.i2 1.000000 0.929810
DS.d908.s0.i0 1.000000 0.896625
DS.d1754.s0.i0 -1.000000 -0.768793
DS.d1754.s0.i1 -1.000000 -0.747530
DS.d1755.s0.i1 -1.000000 -0.884897
DS.d1755.s0.i0 -1.000000 -0.871105
DS.d1752.s0.i0 1.000000 0.495104
DS.d1753.s1.i0 -1.000000 -1.118644
DS.d1753.s0.i0 -1.000000 -0.089695
DS.d1750.s0.i0 -1.000000 -0.879046
DS.d1750.s0.i1 -1.000000 -0.888895
DS.d1751.s0.i0 1.000000 0.731411
DS.d901.s0.i0 -1.000000 -0.626815
DS.d901.s1.i0 -1.000000 -0.590590
DS.d901.s2.i0 1.000000 0.824798
DS.d900.s0.i1 1.000000 0.933071
DS.d900.s0.i0 1.000000 0.767293
DS.d903.s0.i0 1.000000 1.051370
DS.d903.s0.i1 1.000000 0.990113
DS.d902.s0.i1 -1.000000 -0.943435
DS.d902.s0.i0 -1.000000 -0.921244
DS.d902.s0.i2 -1.000000 -0.943685
DS.d904.s0.i2 1.000000 0.859284
DS.d904.s0.i1 1.000000 0.987363
DS.d904.s0.i0 1.000000 0.915471
DS.d907.s0.i0 1.000000 1.012829
DS.d907.s0.i1 1.000000 0.884336
DS.d907.s0.i2 1.000000 0.951135
DS.d1759.s0.i8 1.000000 0.912158
DS.d1759.s0.i1 1.000000 0.943641
DS.d1759.s0.i0 1.000000 0.939250
DS.d1759.s0.i3 1.000000 0.993325
DS.d1759.s0.i2 1.000000 0.966398
DS.d1759.s0.i7 1.000000 0.953025
DS.d1037.s0.i0 1.000000 0.896993
DS.d1036.s0.i1 1.000000 0.838849
DS.d1036.s0.i0 1.000000 0.685034
DS.d1035.s2.i0 -1.000000 -0.882279
DS.d1035.s0.i0 1.000000 0.793480
DS.d1035.s1.i0 1.000000 0.507094
DS.d1034.s1.i0 -1.000000 -0.667848
DS.d1034.s0.i0 -1.000000 -0.901823
DS.d1033.s0.i0 1.000000 0.988195
DS.d1033.s0.i1 1.000000 0.987319
DS.d1032.s0.i0 1.000000 0.674534
DS.d1031.s0.i8 1.000000 0.392283
DS.d1031.s0.i9 1.000000 0.826389
DS.d1031.s0.i11 -1.000000 -0.410518
DS.d1031.s0.i0 1.000000 0.319152
DS.d1031.s0.i1 -1.000000 -0.365108
DS.d1031.s0.i2 -1.000000 -0.686860
DS.d1031.s0.i3 1.000000 0.754385
DS.d1031.s0.i4 1.000000 0.456638
DS.d1031.s0.i5 -1.000000 -0.485189
DS.d1031.s0.i6 1.000000 0.768939
DS.d1031.s0.i7 -1.000000 -0.643117
DS.d1031.s0.i10 -1.000000 -0.758273
DS.d1031.s1.i2 -1.000000 -0.370436
DS.d1031.s1.i1 1.000000 0.968054
DS.d1031.s1.i0 1.000000 0.699096
DS.d1030.s1.i0 -1.000000 -0.746351
DS.d1030.s0.i0 1.000000 1.026922
DS.d1077.s0.i0 -1.000000 -0.561370
DS.d1040.s2.i0 1.000000 0.673685
DS.d1040.s0.i0 1.000000 0.920654
DS.d1040.s0.i1 1.000000 0.871479
DS.d1040.s1.i0 1.000000 0.724504
DS.d1888.s0.i0 1.000000 0.815164
DS.d1888.s0.i1 1.000000 0.762261
DS.d1039.s0.i0 1.000000 0.771799
DS.d1038.s0.i0 1.000000 1.007455
DS.d1889.s0.i0 1.000000 0.931903
DS.d1890.s0.i0 1.000000 0.911353
DS.d1631.s0.i0 1.000000 0.867663
DS.d1739.s1.i0 -1.000000 -0.920382
DS.d1739.s0.i0 -1.000000 -0.722866
DS.d1711.s0.i1 1.000000 0.246255
DS.d1711.s0.i0 -1.000000 -0.650559
DS.d1711.s0.i3 -1.000000 -0.553988
DS.d1711.s0.i2 -1.000000 -0.700414
DS.d1768.s1.i0 1.000000 0.440646
DS.d1768.s0.i0 1.000000 0.912350
DS.d1768.s2.i0 -1.000000 0.112824
DS.d965.s0.i0 1.000000 1.027753
DS.d1532.s0.i0 1.000000 1.079126
DS.d1533.s0.i0 -1.000000 -0.463280
DS.d1530.s0.i0 1.000000 -0.175284
DS.d1531.s0.i0 1.000000 0.523789
DS.d1536.s0.i0 1.000000 0.657803
DS.d1537.s0.i0 1.000000 0.680857
DS.d1534.s0.i0 -1.000000 -0.928491
DS.d1534.s0.i1 -1.000000 -1.006977
DS.d1534.s0.i2 -1.000000 -1.094357
DS.d1535.s0.i0 -1.000000 -0.690595
DS.d1103.s1.i0 1.000000 0.769648
DS.d1102.s0.i0 -1.000000 -0.821911
DS.d1101.s0.i0 1.000000 0.824372
DS.d1101.s0.i1 1.000000 0.784758
DS.d1100.s0.i0 1.000000 0.581486
DS.d1107.s0.i0 -1.000000 -0.805099
DS.d1106.s1.i0 -1.000000 -0.850968
DS.d1106.s0.i0 -1.000000 -0.887830
DS.d1105.s0.i0 1.000000 0.642783
DS.d1104.s1.i0 -1.000000 -0.235672
DS.d1104.s0.i0 1.000000 0.729748
DS.d1292.s0.i3 1.000000 1.091964
DS.d1292.s0.i2 1.000000 0.903315
DS.d1292.s0.i1 1.000000 0.878937
DS.d1292.s0.i0 1.000000 1.054850
DS.d1109.s0.i4 1.000000 0.727520
DS.d1109.s0.i5 1.000000 0.990573
DS.d1109.s0.i6 1.000000 1.203899
DS.d1109.s0.i7 1.000000 1.009741
DS.d1109.s0.i0 1.000000 0.855642
DS.d1109.s0.i1 1.000000 1.159508
DS.d1109.s0.i2 1.000000 0.960566
DS.d1109.s0.i3 1.000000 0.717668
DS.d1108.s0.i0 1.000000 0.960007
DS.d969.s0.i0 1.000000 0.302132
DS.d969.s0.i1 -1.000000 -0.430618
DS.d1244.s0.i0 -1.000000 -0.688380
DS.d1329.s0.i0 -1.000000 -1.142060
DS.d1329.s0.i1 -1.000000 -0.950927
DS.d1329.s0.i2 -1.000000 -1.009671
DS.d1329.s0.i3 -1.000000 -0.868559
DS.d1328.s1.i0 -1.000000 -0.861384
DS.d1328.s1.i1 -1.000000 -0.838102
DS.d1328.s0.i1 -1.000000 -0.719892
DS.d1328.s0.i0 -1.000000 -0.653847
DS.d1240.s0.i0 -1.000000 -0.589838
DS.d1241.s0.i0 1.000000 0.874093
DS.d1242.s0.i0 1.000000 -0.139927
DS.d1242.s0.i1 -1.000000 0.067941
DS.d1243.s0.i0 -1.000000 -0.554821
DS.d1323.s0.i0 1.000000 0.985439
DS.d1322.s2.i0 1.000000 0.943995
DS.d1322.s1.i0 1.000000 0.714400
DS.d1322.s0.i0 -1.000000 -0.685749
DS.d1321.s0.i0 1.000000 0.851709
DS.d1321.s0.i1 1.000000 0.665685
DS.d1321.s0.i2 1.000000 0.924957
DS.d1320.s0.i1 1.000000 0.800167
DS.d1320.s0.i0 1.000000 0.940556
DS.d1327.s0.i0 -1.000000 -0.910511
DS.d1327.s0.i1 -1.000000 -0.887970
DS.d1326.s0.i3 -1.000000 -0.953511
DS.d1326.s0.i2 -1.000000 -0.895898
DS.d1326.s0.i1 -1.000000 -0.950158
DS.d1326.s0.i0 -1.000000 -0.920306
DS.d1325.s0.i0 -1.000000 -0.636795
DS.d1325.s0.i1 -1.000000 -0.949578
DS.d1324.s1.i0 1.000000 0.634182
DS.d1324.s1.i1 1.000000 0.681761
DS.d1324.s0.i0 -1.000000 -0.694594
DS.d1324.s2.i0 -1.000000 -0.975713
DS.d1188.s0.i0 1.000000 0.941717
DS.d1733.s0.i0 1.000000 0.873587
DS.d1014.s0.i0 1.000000 0.896999
DS.d1408.s0.i0 1.000000 0.910546
DS.d1408.s0.i1 1.000000 0.693440
DS.d1409.s0.i1 -1.000000 -0.756647
DS.d1409.s0.i0 -1.000000 -0.965701
DS.d1409.s0.i3 -1.000000 -0.645453
DS.d1409.s0.i2 -1.000000 -1.028927
DS.d1406.s0.i0 1.000000 0.698878
DS.d1406.s1.i0 1.000000 0.799461
DS.d1406.s2.i0 1.000000 0.828938
DS.d1407.s0.i2 1.000000 0.973342
DS.d1407.s0.i1 1.000000 0.742783
DS.d1407.s0.i0 1.000000 0.967431
DS.d1404.s0.i0 1.000000 0.848651
DS.d1405.s0.i1 1.000000 1.042851
DS.d1405.s0.i0 1.000000 0.710983
DS.d1405.s0.i3 1.000000 0.905603
DS.d1405.s0.i2 1.000000 0.840774
DS.d1402.s0.i0 1.000000 1.168015
DS.d1403.s1.i0 1.000000 0.885522
DS.d1403.s0.i0 1.000000 0.765459
DS.d1400.s0.i0 -1.000000 -0.742928
DS.d1401.s1.i0 1.000000 0.985197
DS.d1401.s1.i1 1.000000 0.998888
DS.d1401.s0.i0 1.000000 0.929664
DS.d1028.s0.i0 1.000000 1.339926
DS.d1028.s0.i1 1.000000 0.656755
DS.d1150.s0.i0 1.000000 0.875254
DS.d1029.s0.i2 1.000000 0.921973
DS.d1029.s0.i1 1.000000 0.892445
DS.d1029.s0.i0 1.000000 0.711896
DS.d1376.s0.i8 -1.000000 -0.929152
DS.d1376.s0.i9 -1.000000 -0.946187
DS.d1376.s0.i4 -1.000000 -1.166930
DS.d1376.s0.i5 -1.000000 -0.918095
DS.d1376.s0.i6 -1.000000 -1.001914
DS.d1376.s0.i7 -1.000000 -0.914896
DS.d1376.s0.i0 -1.000000 -1.004575
DS.d1376.s0.i1 -1.000000 -0.843424
DS.d1376.s0.i2 -1.000000 -0.847739
DS.d1376.s0.i3 -1.000000 -1.089635
DS.d1376.s0.i10 -1.000000 -1.076848
DS.d1376.s0.i11 -1.000000 -1.003938
DS.d1376.s1.i1 -1.000000 -0.947248
DS.d1376.s1.i0 -1.000000 -0.942061
DS.d1817.s2.i0 1.000000 0.936347
DS.d1817.s0.i0 1.000000 0.959023
DS.d1817.s1.i0 1.000000 0.980277
DS.d1816.s0.i0 1.000000 0.881770
DS.d1811.s0.i0 1.000000 0.771647
DS.d1810.s1.i0 -1.000000 -0.629755
DS.d1810.s0.i1 -1.000000 -0.978098
DS.d1810.s0.i0 -1.000000 -0.939733
DS.d1813.s2.i0 1.000000 1.013866
DS.d1813.s0.i0 1.000000 0.912669
DS.d1813.s1.i0 1.000000 0.832998
DS.d1812.s0.i0 1.000000 0.875372
DS.d966.s0.i0 -1.000000 -0.810437
DS.d1819.s0.i4 1.000000 1.000385
DS.d1819.s0.i2 1.000000 0.818111
DS.d1819.s0.i3 1.000000 0.594602
DS.d1819.s0.i0 1.000000 0.958818
DS.d1819.s0.i1 1.000000 0.977364
DS.d1819.s1.i0 1.000000 0.686575
DS.d1700.s1.i0 1.000000 0.794185
DS.d1703.s0.i0 1.000000 0.973717
DS.d1702.s0.i0 1.000000 0.845745
DS.d1261.s0.i0 1.000000 0.909585
DS.d899.s0.i0 -1.000000 -0.943504
DS.d899.s0.i1 -1.000000 -0.971149
DS.d899.s0.i2 -1.000000 -0.912403
DS.d898.s1.i0 1.000000 0.958011
DS.d898.s0.i0 -1.000000 -0.653410
DS.d898.s2.i2 1.000000 0.990017
DS.d898.s2.i1 1.000000 0.742667
DS.d898.s2.i0 1.000000 0.990017
DS.d893.s0.i0 -1.000000 -0.391719
DS.d893.s0.i1 1.000000 0.297302
DS.d956.s0.i0 1.000000 0.871338
DS.d956.s1.i0 1.000000 0.819090
DS.d890.s0.i0 1.000000 0.887832
DS.d897.s0.i0 -1.000000 -0.850527
DS.d897.s0.i1 -1.000000 -0.902246
DS.d896.s0.i1 1.000000 0.825322
DS.d896.s0.i0 1.000000 0.929866
DS.d895.s0.i0 -1.000000 -0.648141
DS.d894.s0.i1 1.000000 0.821517
DS.d894.s0.i0 1.000000 0.825232
DS.d1011.s0.i4 -1.000000 -0.567139
DS.d1011.s0.i2 1.000000 -0.216860
DS.d1011.s0.i3 -1.000000 -0.709015
DS.d1011.s0.i0 -1.000000 -0.735148
DS.d1011.s0.i1 -1.000000 -0.696952
DS.d1712.s1.i1 -1.000000 -1.146726
DS.d1712.s1.i0 -1.000000 -0.875334
DS.d867.s0.i0 1.000000 0.903529
DS.d864.s0.i0 1.000000 0.867723
DS.d864.s1.i3 -1.000000 -0.735330
DS.d864.s1.i2 -1.000000 -0.972528
DS.d864.s1.i1 -1.000000 -0.722373
DS.d864.s1.i0 -1.000000 -0.979739
DS.d1863.s0.i0 1.000000 0.586803
DS.d1864.s0.i0 1.000000 0.975136
DS.d1864.s0.i1 1.000000 0.969271
DS.d1864.s1.i0 -1.000000 -0.522396
DS.d1717.s0.i2 -1.000000 -0.900207
DS.d1717.s0.i1 -1.000000 -0.942154
DS.d1717.s0.i0 -1.000000 -0.740711
DS.d1714.s2.i0 1.000000 0.851745
DS.d1714.s2.i1 1.000000 0.916862
DS.d1714.s0.i0 -1.000000 0.065838
DS.d1714.s0.i1 1.000000 0.217690
DS.d1714.s1.i0 1.000000 0.692074
DS.d1867.s0.i1 -1.000000 -0.903382
DS.d1867.s0.i0 -1.000000 -0.901423
DS.d1867.s0.i3 -1.000000 -0.919306
DS.d1867.s0.i2 -1.000000 -0.991643
DS.d1868.s0.i0 1.000000 0.819862
DS.d944.s0.i3 1.000000 0.849918
DS.d944.s0.i2 1.000000 0.956828
DS.d944.s0.i1 1.000000 1.051165
DS.d944.s0.i0 1.000000 1.113454
DS.d944.s0.i7 1.000000 0.875815
DS.d944.s0.i6 1.000000 0.914824
DS.d944.s0.i5 1.000000 0.782661
DS.d944.s0.i4 1.000000 0.837517
DS.d947.s0.i0 1.000000 0.419018
DS.d947.s0.i1 1.000000 0.457255
DS.d946.s1.i2 1.000000 0.964263
DS.d946.s1.i0 1.000000 0.716583
DS.d946.s1.i1 1.000000 0.877954
DS.d946.s0.i1 1.000000 0.781198
DS.d946.s0.i0 1.000000 1.044777
DS.d941.s0.i2 -1.000000 -1.488131
DS.d941.s0.i0 -1.000000 -0.574308
DS.d941.s0.i1 -1.000000 -0.365337
DS.d940.s0.i1 1.000000 0.993552
DS.d940.s0.i0 1.000000 0.993552
DS.d943.s0.i0 1.000000 1.005906
DS.d943.s0.i1 1.000000 0.940182
DS.d943.s1.i0 1.000000 0.870990
DS.d1528.s0.i0 1.000000 0.830396
DS.d967.s0.i2 -1.000000 0.004717
DS.d967.s0.i0 1.000000 0.519994
DS.d967.s0.i1 1.000000 0.402638
DS.d1578.s0.i0 1.000000 0.953560
DS.d1013.s0.i0 1.000000 0.660697
DS.d1013.s0.i1 -1.000000 -0.539063
DS.d1013.s1.i2 1.000000 0.938429
DS.d1013.s1.i1 1.000000 1.024691
DS.d1013.s1.i0 1.000000 0.938429
DS.d1579.s0.i1 -1.000000 -0.847775
DS.d1579.s0.i0 -1.000000 -0.927307
DS.d1579.s0.i3 -1.000000 -0.962569
DS.d1579.s0.i2 -1.000000 -0.950575
DS.d1815.s0.i0 -1.000000 -0.384158
DS.d1815.s0.i1 1.000000 0.366383
DS.d1149.s0.i0 1.000000 0.067701
DS.d1148.s0.i1 -1.000000 -1.003767
DS.d1148.s0.i0 -1.000000 -0.922214
DS.d1148.s0.i3 -1.000000 -0.922214
DS.d1148.s0.i2 -1.000000 -1.003767
DS.d1147.s0.i0 1.000000 0.228916
DS.d1147.s0.i1 -1.000000 -0.426465
DS.d1146.s0.i0 -1.000000 -0.505099
DS.d1145.s0.i0 1.000000 0.968579
DS.d1144.s1.i0 -1.000000 -0.719613
DS.d1144.s0.i1 -1.000000 -0.764675
DS.d1144.s0.i0 -1.000000 -0.774506
DS.d1143.s0.i0 -1.000000 -0.812846
DS.d1143.s0.i1 -1.000000 -0.821248
DS.d1142.s0.i2 -1.000000 -0.922282
DS.d1142.s0.i1 -1.000000 -0.982028
DS.d1142.s0.i0 -1.000000 -0.985532
DS.d1140.s0.i1 -1.000000 -0.929278
DS.d1140.s0.i0 -1.000000 -0.935226
DS.d1140.s0.i3 -1.000000 -0.962278
DS.d1140.s0.i2 -1.000000 -0.948932
DS.d1666.s0.i0 1.000000 0.808328
DS.d1666.s0.i1 1.000000 0.934315
DS.d1667.s0.i0 1.000000 0.664562
DS.d1664.s2.i0 -1.000000 -0.747163
DS.d1664.s3.i0 -1.000000 -0.590951
DS.d1664.s0.i0 -1.000000 -0.998349
DS.d1664.s0.i1 -1.000000 -0.910284
DS.d1664.s1.i0 -1.000000 -0.874269
DS.d1662.s0.i0 -1.000000 -0.388320
DS.d1662.s0.i1 -1.000000 -0.287335
DS.d1570.s0.i0 1.000000 0.440452
DS.d1660.s0.i0 1.000000 0.815067
DS.d1661.s0.i1 -1.000000 -0.771495
DS.d1661.s0.i0 -1.000000 -0.771495
DS.d1785.s0.i0 1.000000 0.864064
DS.d1784.s0.i1 1.000000 1.031092
DS.d1784.s0.i0 1.000000 1.009152
DS.d1787.s0.i0 1.000000 0.931502
DS.d1787.s0.i1 1.000000 1.000231
DS.d1571.s0.i0 1.000000 0.933825
DS.d1781.s0.i8 -1.000000 -1.037293
DS.d1781.s0.i9 -1.000000 -1.113811
DS.d1781.s0.i6 -1.000000 -1.015182
DS.d1781.s0.i7 -1.000000 -0.943979
DS.d1781.s0.i4 -1.000000 -1.020050
DS.d1781.s0.i5 -1.000000 -0.993491
DS.d1781.s0.i2 -1.000000 -0.947638
DS.d1781.s0.i3 -1.000000 -0.935498
DS.d1781.s0.i0 -1.000000 -1.021002
DS.d1781.s0.i1 -1.000000 -1.070444
DS.d1781.s1.i0 1.000000 0.748649
DS.d1780.s0.i1 -1.000000 -0.861977
DS.d1780.s0.i0 -1.000000 -0.840937
DS.d1668.s0.i0 1.000000 0.882599
DS.d1669.s1.i0 -1.000000 -0.902741
DS.d1669.s1.i1 -1.000000 -0.930465
DS.d1669.s0.i0 -1.000000 -0.941313
DS.d1367.s0.i0 1.000000 0.855860
DS.d1366.s0.i0 1.000000 1.035099
DS.d1365.s0.i0 -1.000000 -0.941118
DS.d1365.s0.i1 -1.000000 -1.032003
DS.d1364.s0.i0 -1.000000 -0.758232
DS.d1363.s0.i5 -1.000000 -0.897903
DS.d1363.s0.i2 -1.000000 -0.991145
DS.d1363.s0.i3 -1.000000 -0.888658
DS.d1363.s0.i0 -1.000000 -0.894060
DS.d1363.s0.i1 -1.000000 -0.948228
DS.d1361.s0.i0 1.000000 0.799997
DS.d1361.s1.i0 1.000000 0.669178
DS.d1360.s1.i1 1.000000 1.022489
DS.d1360.s0.i0 1.000000 1.044357
DS.d1360.s2.i1 1.000000 0.963660
DS.d1360.s2.i0 1.000000 1.118131
DS.d1046.s0.i0 -1.000000 -0.724387
DS.d1044.s0.i0 1.000000 0.714436
DS.d1045.s0.i0 1.000000 0.813854
DS.d1042.s0.i2 -1.000000 -0.594003
DS.d1042.s0.i0 -1.000000 -0.599971
DS.d1042.s0.i1 1.000000 0.034558
DS.d1042.s1.i1 1.000000 1.033432
DS.d1042.s1.i0 1.000000 0.769712
DS.d1042.s1.i3 1.000000 0.966070
DS.d1042.s1.i2 1.000000 0.988531
DS.d1043.s0.i3 -1.000000 -0.983927
DS.d1043.s0.i2 -1.000000 -0.962527
DS.d1043.s0.i1 -1.000000 -0.965003
DS.d1043.s0.i0 -1.000000 -1.008790
DS.d1369.s0.i0 -1.000000 -0.748474
DS.d1369.s0.i1 -1.000000 -0.761074
DS.d1368.s0.i0 -1.000000 -0.770365
DS.d1681.s1.i0 1.000000 0.744582
DS.d1681.s0.i1 1.000000 0.578983
DS.d1507.s0.i10 -1.000000 -1.091466
DS.d1507.s0.i11 -1.000000 -1.111592
DS.d1507.s0.i12 -1.000000 -0.888178
DS.d1507.s0.i13 -1.000000 -0.920161
DS.d1507.s0.i14 -1.000000 -1.155507
DS.d1507.s0.i15 -1.000000 -0.845740
DS.d1507.s0.i16 -1.000000 -1.040481
DS.d1507.s0.i17 -1.000000 -0.954040
DS.d1507.s0.i18 -1.000000 -0.830584
DS.d1507.s0.i19 -1.000000 -0.842709
DS.d1507.s0.i8 -1.000000 -1.026492
DS.d1507.s0.i9 -1.000000 -0.921725
DS.d1507.s0.i2 -1.000000 -0.986398
DS.d1507.s0.i3 -1.000000 -1.104018
DS.d1507.s0.i0 -1.000000 -0.875638
DS.d1507.s0.i1 -1.000000 -0.952604
DS.d1507.s0.i6 -1.000000 -1.152871
DS.d1507.s0.i7 -1.000000 -0.995535
DS.d1507.s0.i4 -1.000000 -1.110712
DS.d1507.s0.i5 -1.000000 -0.961338
DS.d1448.s0.i0 1.000000 1.051329
DS.d1449.s0.i0 1.000000 1.053339
DS.d1298.s1.i0 1.000000 0.895779
DS.d1298.s1.i1 1.000000 0.843200
DS.d1298.s0.i1 -1.000000 0.096733
DS.d1298.s0.i0 1.000000 0.479539
DS.d1298.s2.i0 1.000000 1.016844
DS.d1506.s4.i0 1.000000 0.900551
DS.d1506.s3.i0 1.000000 0.653266
DS.d1506.s2.i0 1.000000 0.922053
DS.d1506.s1.i0 1.000000 0.940641
DS.d1506.s0.i0 1.000000 0.106744
DS.d1010.s0.i3 1.000000 0.971256
DS.d1010.s0.i2 1.000000 1.082195
DS.d1010.s0.i1 1.000000 0.958608
DS.d1010.s0.i0 1.000000 0.932912
DS.d1441.s0.i0 1.000000 1.013846
DS.d1446.s0.i1 1.000000 0.045195
DS.d1447.s0.i1 1.000000 1.016511
DS.d1447.s0.i0 1.000000 1.112743
DS.d1444.s0.i0 -1.000000 -0.990806
DS.d1444.s0.i1 -1.000000 -0.889635
DS.d1445.s0.i0 -1.000000 -0.760895
DS.d1561.s0.i0 1.000000 0.874887
DS.d1563.s0.i0 1.000000 1.052241
DS.d1563.s0.i1 1.000000 0.991848
DS.d1562.s0.i0 1.000000 0.907371
DS.d1565.s0.i4 1.000000 1.061632
DS.d1565.s0.i5 1.000000 1.067709
DS.d1565.s0.i0 1.000000 0.761087
DS.d1565.s1.i1 -1.000000 -0.499337
DS.d1565.s1.i0 -1.000000 -0.443736
DS.d1565.s1.i2 1.000000 0.272292
DS.d1565.s2.i0 1.000000 0.830458
DS.d1565.s2.i1 1.000000 0.845754
DS.d1565.s3.i1 1.000000 0.879314
DS.d1565.s3.i0 1.000000 0.832211
DS.d1567.s0.i0 1.000000 0.843569
DS.d1566.s0.i0 -1.000000 -0.672366
DS.d1569.s0.i0 1.000000 0.872635
DS.d1568.s0.i0 1.000000 0.620330
DS.d961.s0.i0 1.000000 0.844614
DS.d1502.s0.i3 1.000000 0.912422
DS.d1502.s0.i2 1.000000 0.915789
DS.d1502.s0.i1 1.000000 0.978193
DS.d1502.s0.i0 1.000000 0.826623
DS.d1129.s0.i0 1.000000 1.074945
DS.d1129.s1.i1 1.000000 0.835672
DS.d1129.s1.i0 1.000000 0.699815
DS.d1129.s2.i0 1.000000 0.641476
DS.d1219.s0.i0 1.000000 0.916276
DS.d1219.s0.i1 1.000000 1.115405
DS.d1218.s1.i0 -1.000000 -0.362474
DS.d1218.s0.i0 -1.000000 -0.808412
DS.d1218.s2.i1 -1.000000 -0.726070
DS.d1218.s2.i0 -1.000000 -0.932618
DS.d1501.s0.i0 1.000000 0.860653
DS.d1501.s1.i3 1.000000 0.066645
DS.d1501.s1.i2 -1.000000 -0.806479
DS.d1501.s1.i1 -1.000000 -0.920220
DS.d1501.s1.i0 -1.000000 -0.880006
DS.d1501.s1.i5 -1.000000 -0.951851
DS.d1501.s1.i4 -1.000000 -0.672679
DS.d1128.s0.i0 1.000000 0.820418
DS.d1213.s0.i0 -1.000000 -0.536470
DS.d1212.s2.i1 -1.000000 -1.107222
DS.d1212.s2.i0 -1.000000 -0.725291
DS.d1212.s1.i0 -1.000000 -1.077626
DS.d1212.s1.i1 -1.000000 -0.938576
DS.d1212.s1.i2 -1.000000 -0.966812
DS.d1212.s1.i3 -1.000000 -0.926883
DS.d1212.s1.i4 -1.000000 -0.969773
DS.d1212.s1.i5 -1.000000 -0.948356
DS.d1212.s0.i11 -1.000000 -1.029493
DS.d1212.s0.i10 -1.000000 -0.935055
DS.d1212.s0.i9 -1.000000 -1.004910
DS.d1212.s0.i8 -1.000000 -0.973904
DS.d1212.s0.i3 -1.000000 -0.959417
DS.d1212.s0.i2 -1.000000 -0.929366
DS.d1212.s0.i1 -1.000000 -0.979278
DS.d1212.s0.i0 -1.000000 -1.002220
DS.d1212.s0.i7 -1.000000 -0.930409
DS.d1212.s0.i6 -1.000000 -0.932649
DS.d1212.s0.i5 -1.000000 -1.047648
DS.d1212.s0.i4 -1.000000 -0.954915
DS.d1211.s0.i0 -1.000000 -0.759971
DS.d1211.s1.i0 -1.000000 -0.848424
DS.d1500.s0.i1 -1.000000 -0.814433
DS.d1500.s0.i0 -1.000000 -0.749999
DS.d1216.s0.i0 1.000000 0.953687
DS.d1215.s0.i0 -1.000000 -0.432263
DS.d1215.s0.i1 1.000000 0.529273
DS.d1215.s1.i3 -1.000000 -1.037965
DS.d1215.s1.i2 -1.000000 -1.057975
DS.d1215.s1.i1 -1.000000 -0.765336
DS.d1215.s1.i0 -1.000000 -0.613256
DS.d960.s0.i1 -1.000000 -0.679820
DS.d960.s0.i0 -1.000000 -0.595601
DS.d1353.s0.i0 1.000000 0.976554
DS.d1018.s1.i0 -1.000000 -0.802801
DS.d1018.s0.i3 1.000000 0.963585
DS.d1018.s0.i2 1.000000 0.857835
DS.d1018.s0.i1 1.000000 0.922541
DS.d1018.s0.i0 1.000000 0.893579
DS.d1019.s0.i0 -1.000000 -0.963377
DS.d1019.s0.i1 -1.000000 -0.944231
DS.d1019.s1.i0 -1.000000 -0.896201
DS.d1280.s0.i0 1.000000 0.716180
DS.d1281.s1.i0 -1.000000 -0.603428
DS.d1281.s1.i1 1.000000 0.513912
DS.d1281.s0.i2 1.000000 0.478133
DS.d1281.s0.i1 1.000000 0.323135
DS.d1281.s0.i0 -1.000000 0.175728
DS.d1283.s0.i0 1.000000 0.641470
DS.d1284.s0.i0 1.000000 0.980598
DS.d1284.s1.i0 1.000000 0.276575
DS.d1285.s0.i1 -1.000000 -0.682427
DS.d1285.s0.i0 -1.000000 -0.708510
DS.d1286.s0.i0 -1.000000 -1.001394
DS.d1286.s1.i0 -1.000000 -0.774866
DS.d1287.s0.i0 -1.000000 -0.660564
DS.d1288.s0.i2 -1.000000 -1.024901
DS.d1288.s0.i3 -1.000000 -0.953050
DS.d1288.s0.i0 -1.000000 -0.941403
DS.d1288.s0.i1 -1.000000 -0.746407
DS.d1289.s0.i0 -1.000000 -0.825698
DS.d906.s1.i5 1.000000 1.075733
DS.d906.s1.i2 1.000000 1.042415
DS.d906.s1.i3 1.000000 0.884799
DS.d906.s1.i0 1.000000 0.908730
DS.d906.s1.i1 1.000000 0.908730
DS.d906.s0.i1 1.000000 0.924634
DS.d906.s0.i0 1.000000 0.924634
DS.d1338.s0.i2 1.000000 0.942834
DS.d1338.s0.i0 1.000000 0.933814
DS.d1338.s0.i1 1.000000 0.946155
DS.d1338.s0.i4 1.000000 0.951993
DS.d1338.s1.i0 -1.000000 -0.669152
DS.d1350.s0.i0 1.000000 1.049035
DS.d1350.s0.i1 1.000000 0.956733
DS.d1828.s0.i0 1.000000 0.788796
DS.d1828.s0.i1 1.000000 0.818088
DS.d1829.s2.i0 1.000000 0.964650
DS.d1829.s1.i0 1.000000 0.978319
DS.d1829.s1.i1 1.000000 1.104851
DS.d1829.s0.i0 1.000000 0.741172
DS.d1825.s0.i0 -1.000000 -0.828249
DS.d1826.s2.i0 -1.000000 -0.770526
DS.d1826.s3.i0 -1.000000 -0.744764
DS.d1826.s0.i0 -1.000000 -0.635237
DS.d1826.s1.i0 -1.000000 -1.013035
DS.d1827.s1.i0 -1.000000 -0.812504
DS.d1827.s1.i1 -1.000000 -0.953051
DS.d1827.s0.i1 -1.000000 -0.937435
DS.d1827.s0.i0 -1.000000 -0.811976
DS.d1827.s0.i3 -1.000000 -0.859885
DS.d1827.s0.i2 -1.000000 -0.977292
DS.d1820.s0.i0 1.000000 0.896964
DS.d1821.s0.i0 1.000000 0.727414
DS.d1822.s0.i0 -1.000000 0.243036
DS.d1823.s2.i1 -1.000000 -0.344916
DS.d1823.s2.i0 1.000000 0.264399
DS.d1351.s0.i0 -1.000000 -0.469115
DS.d1505.s0.i0 -1.000000 -0.801212
DS.d1505.s1.i0 -1.000000 -0.920747
DS.d1330.s0.i2 -1.000000 -1.072035
DS.d1330.s0.i0 -1.000000 -0.723403
DS.d1330.s0.i1 -1.000000 -0.942771
DS.d1331.s1.i0 -1.000000 -0.823508
DS.d1331.s1.i1 -1.000000 -1.059016
DS.d1331.s0.i1 -1.000000 -1.047076
DS.d1331.s0.i0 -1.000000 -0.955533
DS.d1172.s0.i0 -1.000000 -1.001496
DS.d1172.s0.i1 -1.000000 -0.871730
DS.d1356.s4.i2 1.000000 0.955050
DS.d1356.s4.i0 1.000000 0.995578
DS.d1356.s4.i1 1.000000 0.812430
DS.d1356.s0.i0 1.000000 0.979061
DS.d1356.s0.i1 1.000000 0.862499
DS.d1356.s1.i0 -1.000000 -0.712776
DS.d1356.s2.i0 -1.000000 -0.546399
DS.d1356.s3.i0 1.000000 0.728139
DS.d1504.s0.i1 -1.000000 -0.746301
DS.d1504.s0.i0 -1.000000 -0.626933
DS.d1504.s0.i3 -1.000000 -0.981922
DS.d1504.s0.i2 -1.000000 -1.006111
DS.d1394.s0.i0 -1.000000 -0.687051
DS.d1870.s0.i0 -1.000000 -0.597627
DS.d964.s1.i0 -1.000000 -0.282182
DS.d964.s1.i1 1.000000 0.220448
DS.d964.s0.i0 -1.000000 -0.672150
DS.d964.s2.i0 -1.000000 -0.753469
DS.d1171.s0.i1 1.000000 0.762468
DS.d1171.s0.i0 1.000000 0.761181
DS.d1649.s0.i1 1.000000 0.822818
DS.d1649.s0.i0 1.000000 0.938943
DS.d1749.s0.i0 1.000000 1.033027
DS.d917.s2.i0 1.000000 1.041009
DS.d917.s1.i0 -1.000000 -0.785999
DS.d917.s0.i0 1.000000 0.593272
DS.d1620.s0.i0 1.000000 0.686913
DS.d1620.s1.i0 -1.000000 0.263179
DS.d1503.s0.i0 1.000000 0.896773
DS.d1503.s1.i0 1.000000 0.832128
DS.d912.s0.i0 1.000000 0.716169
DS.d912.s1.i0 1.000000 0.834433
DS.d913.s0.i0 -1.000000 -0.620038
DS.d910.s0.i0 1.000000 0.797802
DS.d910.s1.i0 1.000000 0.854984
DS.d911.s0.i1 1.000000 0.839134
DS.d911.s0.i0 1.000000 0.927743
DS.d1741.s0.i0 -1.000000 -0.810042
DS.d1740.s0.i0 1.000000 0.634307
DS.d1743.s2.i0 1.000000 0.904174
DS.d1743.s0.i0 1.000000 0.643252
DS.d1743.s1.i0 -1.000000 -0.703113
DS.d1629.s1.i0 -1.000000 -1.005865
DS.d1629.s0.i0 -1.000000 -0.759849
DS.d1745.s1.i0 1.000000 0.878395
DS.d1744.s0.i0 1.000000 0.784946
DS.d918.s0.i0 -1.000000 -1.039850
DS.d918.s0.i1 -1.000000 -1.082022
DS.d918.s0.i2 -1.000000 -1.016157
DS.d918.s0.i3 -1.000000 -1.071869
DS.d919.s1.i0 -1.000000 -0.717815
DS.d919.s1.i1 -1.000000 -0.795498
DS.d919.s0.i1 -1.000000 -0.928269
DS.d919.s0.i0 -1.000000 -0.985114
DS.d919.s0.i2 -1.000000 -1.023878
DS.d859.s0.i0 1.000000 0.922857
DS.d858.s0.i1 1.000000 1.015884
DS.d858.s0.i0 1.000000 0.860872
DS.d858.s0.i2 1.000000 0.842567
DS.d857.s0.i0 -1.000000 -0.932992
DS.d857.s0.i1 -1.000000 -0.774894
DS.d856.s0.i3 -1.000000 -1.012944
DS.d856.s0.i2 -1.000000 -0.724760
DS.d856.s0.i1 -1.000000 -1.011479
DS.d856.s0.i0 -1.000000 -1.147088
DS.d856.s0.i7 -1.000000 -0.968005
DS.d856.s0.i6 -1.000000 -0.934604
DS.d856.s0.i5 -1.000000 -1.099899
DS.d856.s0.i4 -1.000000 -0.935262
DS.d855.s0.i0 1.000000 0.868850
DS.d855.s0.i1 1.000000 0.846606
DS.d854.s1.i0 1.000000 0.359341
DS.d854.s3.i0 1.000000 0.417711
DS.d854.s3.i1 1.000000 0.436143
DS.d853.s0.i0 1.000000 0.780864
DS.d1178.s0.i0 1.000000 0.692514
DS.d1178.s1.i0 -1.000000 -0.757443
DS.d851.s0.i0 1.000000 0.810207
DS.d850.s1.i0 -1.000000 -0.043613
DS.d850.s0.i0 -1.000000 -0.454692
DS.d1068.s0.i8 -1.000000 -1.000351
DS.d1068.s0.i9 -1.000000 -0.982462
DS.d1068.s0.i2 -1.000000 -0.970057
DS.d1068.s0.i3 -1.000000 -1.024354
DS.d1068.s0.i0 -1.000000 -0.921548
DS.d1068.s0.i1 -1.000000 -0.953266
DS.d1068.s0.i6 -1.000000 -0.959110
DS.d1068.s0.i7 -1.000000 -0.990395
DS.d1068.s0.i4 -1.000000 -0.970412
DS.d1068.s0.i5 -1.000000 -0.971702
DS.d1068.s0.i10 -1.000000 -0.990917
DS.d1068.s0.i11 -1.000000 -0.952773
DS.d1068.s0.i12 -1.000000 -0.963741
DS.d1068.s0.i13 -1.000000 -0.937245
DS.d1068.s1.i1 1.000000 0.789133
DS.d1068.s1.i0 1.000000 0.841916
DS.d1179.s0.i1 1.000000 0.918406
DS.d1179.s0.i0 1.000000 0.921617
DS.d1179.s0.i2 1.000000 0.823477
DS.d1069.s0.i0 1.000000 0.995058
DS.d1881.s0.i0 1.000000 1.065022
DS.d959.s1.i0 -1.000000 -0.045273
DS.d959.s0.i1 -1.000000 -0.824448
DS.d959.s0.i0 -1.000000 -0.999557
DS.d1690.s0.i1 1.000000 1.082007
DS.d1690.s0.i0 1.000000 0.601284
DS.d1355.s0.i0 1.000000 1.001872
DS.d1486.s0.i0 1.000000 0.818182
DS.d1487.s3.i0 1.000000 1.041603
DS.d1487.s2.i0 1.000000 0.723936
DS.d1487.s1.i0 1.000000 0.961967
DS.d1487.s1.i1 1.000000 0.923419
DS.d1487.s0.i1 1.000000 1.069448
DS.d1487.s0.i0 1.000000 1.118125
DS.d1484.s0.i0 -1.000000 -0.434947
DS.d1484.s1.i0 1.000000 0.948999
DS.d1485.s0.i0 -1.000000 -0.980239
DS.d1482.s0.i2 -1.000000 -1.011999
DS.d1482.s0.i0 -1.000000 -1.011999
DS.d1482.s0.i1 -1.000000 -0.997466
DS.d1483.s0.i0 1.000000 0.809789
DS.d1480.s0.i0 1.000000 0.974982
DS.d1480.s0.i1 1.000000 0.866631
DS.d1480.s0.i2 1.000000 0.857198
DS.d1480.s0.i3 1.000000 0.918133
DS.d1481.s0.i1 1.000000 0.816149
DS.d1481.s0.i3 1.000000 0.889071
DS.d1525.s0.i0 -1.000000 -0.876187
DS.d1525.s1.i0 -1.000000 -0.730996
DS.d1525.s2.i0 -1.000000 -0.639515
DS.d1525.s3.i0 -1.000000 -0.694068
DS.d1527.s0.i0 -1.000000 -0.884333
DS.d1526.s0.i1 1.000000 0.909816
DS.d1526.s0.i0 1.000000 0.909816
DS.d1488.s0.i0 -1.000000 -0.721221
DS.d1489.s0.i0 -1.000000 -0.784460
DS.d1136.s0.i0 -1.000000 -0.627059
DS.d1137.s0.i0 -1.000000 -0.794047
DS.d1134.s0.i0 -1.000000 -0.656405
DS.d1135.s1.i0 -1.000000 0.338267
DS.d1135.s0.i1 1.000000 0.803052
DS.d1135.s0.i0 1.000000 0.765678
DS.d1135.s0.i3 1.000000 0.793595
DS.d1135.s0.i2 1.000000 0.822904
DS.d1135.s2.i1 1.000000 0.754019
DS.d1135.s2.i0 1.000000 0.855194
DS.d1132.s0.i0 1.000000 0.719042
DS.d1132.s0.i1 1.000000 0.900774
DS.d1130.s0.i0 -1.000000 -0.695617
DS.d1130.s0.i1 -1.000000 -0.665443
DS.d1131.s0.i0 -1.000000 -0.868188
DS.d1138.s0.i0 1.000000 0.937036
DS.d1138.s0.i1 1.000000 0.847277
DS.d1138.s1.i0 1.000000 0.703560
DS.d1139.s0.i0 1.000000 0.652188
DS.d1257.s0.i0 1.000000 0.688617
DS.d1622.s0.i0 1.000000 0.771975
DS.d1622.s0.i1 1.000000 0.847617
DS.d1255.s2.i0 -1.000000 -0.989364
DS.d1255.s3.i0 -1.000000 -0.527444
DS.d1255.s0.i0 -1.000000 -0.408203
DS.d1255.s1.i1 1.000000 -0.308342
DS.d1254.s1.i0 1.000000 0.445719
DS.d1254.s1.i1 1.000000 0.625094
DS.d1254.s0.i0 1.000000 0.966308
DS.d1253.s0.i0 1.000000 0.957169
DS.d1253.s0.i1 1.000000 0.982149
DS.d1887.s0.i0 1.000000 1.103760
DS.d1251.s0.i0 1.000000 0.927177
DS.d1250.s0.i1 -1.000000 -0.930853
DS.d1250.s0.i0 -1.000000 -0.886204
DS.d1250.s0.i3 -1.000000 -0.900378
DS.d1250.s0.i2 -1.000000 -0.898893
DS.d1316.s0.i0 -1.000000 -0.661888
DS.d1317.s0.i2 1.000000 1.040982
DS.d1317.s0.i1 1.000000 0.836338
DS.d1317.s0.i0 1.000000 1.057211
DS.d1314.s0.i0 1.000000 0.601490
DS.d928.s1.i0 1.000000 0.599116
DS.d928.s0.i1 1.000000 1.012495
DS.d928.s0.i0 1.000000 0.874971
DS.d928.s0.i2 1.000000 0.825842
DS.d1312.s0.i0 1.000000 0.794759
DS.d1312.s0.i1 1.000000 0.901305
DS.d1259.s0.i0 1.000000 0.825410
DS.d1259.s1.i0 1.000000 0.749539
DS.d1258.s0.i0 1.000000 0.843194
DS.d927.s0.i2 -1.000000 -0.725185
DS.d927.s0.i0 -1.000000 -0.860365
DS.d927.s0.i1 -1.000000 -0.978455
DS.d915.s1.i2 -1.000000 -0.994118
DS.d915.s1.i3 -1.000000 -0.959831
DS.d915.s1.i0 -1.000000 -0.923579
DS.d915.s1.i1 -1.000000 -0.930840
DS.d915.s1.i4 -1.000000 -0.912157
DS.d926.s1.i0 -1.000000 -0.766367
DS.d926.s1.i1 -1.000000 -0.869594
DS.d926.s0.i0 -1.000000 0.021386
DS.d1627.s0.i0 -1.000000 -0.764843
DS.d1625.s0.i0 1.000000 0.821961
DS.d1558.s0.i0 -1.000000 -0.225686
DS.d1559.s1.i0 -1.000000 -0.864657
DS.d1559.s0.i0 -1.000000 -0.620634
DS.d1413.s0.i0 1.000000 0.840724
DS.d1413.s0.i1 1.000000 0.840724
DS.d1413.s0.i2 1.000000 1.083179
DS.d1413.s0.i3 1.000000 1.083179
DS.d1412.s1.i0 1.000000 0.991401
DS.d1412.s0.i0 1.000000 0.899740
DS.d1414.s0.i1 -1.000000 -0.897946
DS.d1414.s0.i0 -1.000000 -1.007443
DS.d1417.s0.i0 1.000000 1.005712
DS.d1416.s0.i1 -1.000000 -0.830243
DS.d1416.s0.i0 -1.000000 -1.085192
DS.d1550.s0.i2 -1.000000 -1.116989
DS.d1550.s0.i3 -1.000000 -0.937113
DS.d1550.s0.i0 -1.000000 -1.071485
DS.d1550.s0.i1 -1.000000 -0.742891
DS.d1550.s0.i4 -1.000000 -0.682523
DS.d1550.s1.i1 -1.000000 -1.304819
DS.d1550.s1.i0 -1.000000 -0.716962
DS.d1551.s0.i0 -1.000000 -0.522650
DS.d1552.s0.i0 -1.000000 -0.502004
DS.d1553.s0.i0 1.000000 0.919499
DS.d1554.s0.i8 -1.000000 -0.930885
DS.d1554.s0.i9 -1.000000 -0.932721
DS.d1554.s0.i6 -1.000000 -0.729852
DS.d1554.s0.i7 -1.000000 -1.154417
DS.d1554.s0.i4 -1.000000 -1.032801
DS.d1554.s0.i5 -1.000000 -0.949054
DS.d1554.s0.i2 -1.000000 -1.106448
DS.d1554.s0.i3 -1.000000 -1.049124
DS.d1554.s0.i0 -1.000000 -1.150848
DS.d1554.s0.i1 -1.000000 -1.058952
DS.d1554.s0.i10 -1.000000 -0.854265
DS.d1554.s0.i11 -1.000000 -0.886710
DS.d1628.s0.i0 1.000000 1.014831
DS.d1556.s0.i0 1.000000 0.947774
DS.d1556.s0.i1 1.000000 1.012205
DS.d1556.s0.i2 1.000000 0.947774
DS.d1557.s0.i1 -1.000000 -0.816314
DS.d1557.s0.i0 -1.000000 -1.053288
DS.d1198.s0.i0 -1.000000 -0.887470
DS.d1050.s0.i1 1.000000 0.784538
DS.d1050.s0.i0 1.000000 0.908511
DS.d1638.s0.i6 -1.000000 -0.927449
DS.d1638.s0.i5 -1.000000 -0.978990
DS.d1638.s0.i4 -1.000000 -1.015691
DS.d1638.s0.i3 -1.000000 -0.961929
DS.d1638.s0.i2 -1.000000 -1.015001
DS.d1638.s0.i1 -1.000000 -1.041305
DS.d1638.s0.i0 -1.000000 -0.899934
DS.d1190.s0.i0 1.000000 0.853625
DS.d1878.s1.i0 1.000000 0.938676
DS.d888.s0.i2 1.000000 0.882519
DS.d888.s0.i3 1.000000 0.918747
DS.d888.s0.i0 1.000000 0.937897
DS.d888.s0.i1 1.000000 0.962925
DS.d888.s0.i4 1.000000 1.134056
DS.d888.s0.i5 1.000000 1.077755
DS.d889.s0.i1 1.000000 1.017811
DS.d889.s0.i0 1.000000 1.017811
DS.d1713.s0.i1 1.000000 0.462242
DS.d1713.s0.i0 -1.000000 -0.382003
DS.d881.s0.i1 1.000000 0.998801
DS.d881.s0.i0 1.000000 0.903554
DS.d882.s0.i0 -1.000000 -0.798020
DS.d882.s0.i1 -1.000000 -0.882828
DS.d882.s1.i0 1.000000 0.898608
DS.d883.s0.i1 1.000000 0.848770
DS.d883.s0.i0 1.000000 1.048708
DS.d883.s0.i2 1.000000 1.006365
DS.d884.s0.i0 1.000000 0.304755
DS.d884.s1.i0 -1.000000 -0.576343
DS.d885.s0.i0 -1.000000 -0.923200
DS.d886.s0.i0 -1.000000 -0.883265
DS.d886.s0.i1 -1.000000 -0.892913
DS.d886.s0.i2 -1.000000 -1.005617
DS.d886.s0.i3 -1.000000 -0.760500
DS.d886.s0.i4 -1.000000 -0.974717
DS.d887.s0.i1 1.000000 0.920143
DS.d887.s0.i0 1.000000 0.832674
DS.d1433.s0.i2 1.000000 1.116970
DS.d1433.s0.i0 1.000000 0.788802
DS.d1433.s0.i1 1.000000 0.681351
DS.d865.s0.i1 1.000000 0.835596
DS.d865.s0.i0 1.000000 0.896008
DS.d1432.s0.i1 1.000000 0.782722
DS.d1432.s0.i0 1.000000 0.838556
DS.d862.s0.i0 1.000000 0.909039
DS.d1431.s0.i0 1.000000 1.071509
DS.d1431.s0.i1 1.000000 1.025125
DS.d1431.s0.i2 1.000000 0.870782
DS.d863.s2.i0 1.000000 0.674658
DS.d863.s1.i0 -1.000000 -0.878948
DS.d863.s1.i1 -1.000000 -0.882903
DS.d863.s0.i0 -1.000000 -0.773595
DS.d1705.s0.i0 -1.000000 -0.780265
DS.d1705.s0.i1 -1.000000 -0.839234
DS.d1872.s2.i0 1.000000 0.961889
DS.d1872.s1.i0 1.000000 0.952792
DS.d1872.s0.i0 1.000000 0.505420
DS.d1871.s0.i0 -1.000000 -0.921656
DS.d1871.s0.i1 -1.000000 -0.956460
DS.d1871.s1.i0 -1.000000 -0.853920
DS.d1706.s0.i1 1.000000 1.059329
DS.d1706.s0.i0 1.000000 0.823551
DS.d1876.s0.i1 1.000000 0.928598
DS.d1876.s0.i0 1.000000 0.960771
DS.d1875.s0.i0 1.000000 0.861525
DS.d1875.s0.i1 1.000000 1.132785
DS.d1874.s0.i1 1.000000 0.678957
DS.d952.s0.i0 -1.000000 -0.990053
DS.d952.s0.i1 -1.000000 -0.838314
DS.d952.s1.i1 -1.000000 -0.883830
DS.d952.s1.i0 -1.000000 -0.917971
DS.d952.s1.i3 -1.000000 -0.907129
DS.d952.s1.i2 -1.000000 -0.953896
DS.d952.s2.i0 -1.000000 -0.866075
DS.d952.s3.i2 -1.000000 -0.959539
DS.d952.s3.i1 -1.000000 -0.936937
DS.d952.s3.i0 -1.000000 -0.981469
DS.d953.s0.i0 1.000000 0.914071
DS.d950.s0.i0 1.000000 0.743588
DS.d1715.s1.i2 -1.000000 -0.815556
DS.d1715.s1.i3 -1.000000 -0.931757
DS.d1715.s1.i0 -1.000000 -0.786464
DS.d1715.s1.i1 -1.000000 -0.821176
DS.d1709.s0.i0 1.000000 0.831884
DS.d957.s0.i0 1.000000 0.876941
DS.d954.s0.i0 -1.000000 -1.223245
DS.d1434.s1.i0 1.000000 0.852663
DS.d1434.s0.i0 1.000000 0.784807
DS.d1467.s0.i0 -1.000000 -0.022833
DS.d951.s0.i1 -1.000000 -1.003826
DS.d951.s0.i0 -1.000000 -0.990911
DS.d951.s0.i2 -1.000000 -0.918777
DS.d1684.s0.i0 -1.000000 -0.758246
DS.d1686.s0.i0 1.000000 1.086272
DS.d1687.s1.i0 1.000000 1.136702
DS.d1687.s0.i0 -1.000000 -0.573086
DS.d1680.s0.i0 1.000000 0.624294
DS.d1680.s0.i1 1.000000 0.666169
DS.d1729.s0.i0 1.000000 0.688078
DS.d1682.s0.i0 -1.000000 -0.896914
DS.d1682.s0.i1 -1.000000 -0.565354
DS.d1683.s1.i0 1.000000 0.994624
DS.d1683.s1.i1 1.000000 0.994624
DS.d1683.s0.i1 1.000000 0.798398
DS.d1683.s0.i0 1.000000 0.865600
DS.d1688.s0.i0 1.000000 0.735922
DS.d1688.s1.i0 1.000000 1.017960
DS.d1689.s0.i0 1.000000 0.939047
DS.d1460.s0.i0 -1.000000 0.522041
DS.d1679.s0.i0 -1.000000 -0.806482
DS.d1678.s1.i0 1.000000 0.465323
DS.d1678.s1.i1 -1.000000 -0.545844
DS.d1678.s1.i2 -1.000000 -0.525667
DS.d1678.s0.i0 1.000000 0.757392
DS.d1728.s0.i1 1.000000 1.078012
DS.d1728.s0.i0 1.000000 0.831667
DS.d1176.s0.i0 1.000000 0.784151
DS.d1176.s1.i1 -1.000000 -0.770894
DS.d1176.s1.i0 -1.000000 -0.779266
DS.d1174.s0.i0 -1.000000 -0.645245
DS.d1529.s0.i0 1.000000 0.943887
DS.d1671.s0.i0 1.000000 0.819456
DS.d1670.s0.i1 -1.000000 -1.054784
DS.d1670.s0.i0 -1.000000 -1.216155
DS.d1673.s0.i0 -1.000000 -0.860795
DS.d1673.s1.i0 -1.000000 -0.966291
DS.d1672.s0.i1 -1.000000 -0.952466
DS.d1672.s0.i0 -1.000000 -0.935102
DS.d1675.s0.i2 -1.000000 -0.925169
DS.d1675.s0.i3 -1.000000 -0.770782
DS.d1675.s0.i0 -1.000000 -0.757509
DS.d1675.s0.i1 -1.000000 -0.925650
DS.d1549.s0.i0 1.000000 0.953789
DS.d1549.s1.i0 1.000000 0.987688
DS.d1677.s0.i1 -1.000000 -0.835535
DS.d1676.s1.i0 1.000000 0.907090
DS.d1676.s1.i1 1.000000 0.787823
DS.d1676.s0.i11 1.000000 0.969941
DS.d1676.s0.i10 1.000000 0.899973
DS.d1676.s0.i9 1.000000 1.027296
DS.d1676.s0.i8 1.000000 0.970900
DS.d1676.s0.i1 1.000000 1.008778
DS.d1676.s0.i0 1.000000 0.920348
DS.d1676.s0.i3 1.000000 1.009967
DS.d1676.s0.i2 1.000000 0.926358
DS.d1676.s0.i5 1.000000 0.990275
DS.d1676.s0.i4 1.000000 0.946555
DS.d1676.s0.i7 1.000000 0.916461
DS.d1676.s0.i6 1.000000 0.970167
DS.d1770.s0.i0 1.000000 1.030294
DS.d1771.s3.i0 1.000000 0.289647
DS.d1771.s2.i1 1.000000 0.880449
DS.d1771.s2.i0 1.000000 0.797969
DS.d1771.s1.i0 1.000000 0.943334
DS.d1771.s1.i1 1.000000 0.961142
DS.d1771.s1.i2 1.000000 0.963869
DS.d1771.s0.i0 1.000000 0.858428
DS.d1773.s0.i1 1.000000 1.072232
DS.d1773.s0.i0 1.000000 0.809407
DS.d1773.s0.i3 1.000000 0.837999
DS.d1773.s0.i2 1.000000 1.047818
DS.d1774.s0.i0 1.000000 0.711729
DS.d1004.s0.i0 1.000000 0.737261
DS.d1004.s0.i1 1.000000 1.086002
DS.d1004.s1.i3 1.000000 0.894426
DS.d1004.s1.i2 1.000000 0.937585
DS.d1004.s1.i1 1.000000 0.950613
DS.d1004.s1.i0 1.000000 0.832530
DS.d1776.s0.i0 1.000000 0.134107
DS.d1776.s0.i1 1.000000 0.145495
DS.d1777.s0.i0 -1.000000 -0.273352
DS.d1778.s0.i0 1.000000 0.763283
DS.d1779.s3.i0 -1.000000 -0.513139
DS.d1779.s2.i0 -1.000000 -0.629442
DS.d1779.s1.i0 -1.000000 -0.519981
DS.d1779.s1.i1 1.000000 0.026084
DS.d1779.s1.i2 -1.000000 -0.467953
DS.d1779.s0.i2 -1.000000 -0.464593
DS.d1779.s0.i1 1.000000 0.119428
DS.d1779.s0.i0 -1.000000 -0.492135
DS.d925.s0.i0 -1.000000 -1.083020
DS.d924.s0.i1 1.000000 0.752238
DS.d924.s0.i0 1.000000 0.756630
DS.d923.s0.i0 1.000000 0.927052
DS.d922.s0.i0 1.000000 0.928514
DS.d921.s2.i2 1.000000 0.962616
DS.d921.s2.i3 1.000000 0.865901
DS.d921.s2.i0 1.000000 0.850629
DS.d921.s2.i1 1.000000 1.015896
DS.d921.s2.i4 1.000000 0.861146
DS.d921.s0.i0 1.000000 0.818632
DS.d921.s1.i1 1.000000 0.958623
DS.d921.s1.i0 1.000000 0.876431
DS.d1393.s0.i0 -1.000000 -0.705273
DS.d1051.s0.i2 -1.000000 -0.478524
DS.d1051.s0.i0 -1.000000 -0.774782
DS.d1051.s0.i1 1.000000 0.000192
DS.d1727.s0.i0 1.000000 0.946273
DS.d1053.s0.i0 1.000000 0.800751
DS.d1052.s1.i0 -1.000000 -0.707016
DS.d1052.s0.i0 -1.000000 -0.627962
DS.d1055.s0.i0 -1.000000 -0.783176
DS.d1054.s2.i1 -1.000000 -0.783976
DS.d1054.s2.i0 -1.000000 -0.936825
DS.d1054.s1.i0 1.000000 0.724036
DS.d1054.s0.i1 1.000000 1.017872
DS.d1054.s0.i0 1.000000 0.768404
DS.d1057.s0.i0 -1.000000 -0.826480
DS.d1057.s1.i0 -1.000000 -0.743509
DS.d1056.s0.i0 1.000000 0.938942
DS.d1059.s0.i0 1.000000 0.815626
DS.d1191.s0.i0 1.000000 0.861863
DS.d1193.s0.i1 -1.000000 -0.852508
DS.d1193.s0.i0 -1.000000 -0.648226
DS.d1194.s0.i0 -1.000000 -0.608595
DS.d1195.s0.i0 1.000000 0.845998
DS.d1196.s2.i0 -1.000000 -0.950443
DS.d1196.s2.i1 -1.000000 -0.957071
DS.d1196.s3.i0 1.000000 1.020273
DS.d1196.s0.i0 1.000000 0.769221
DS.d1196.s1.i0 -1.000000 -0.692662
DS.d1197.s0.i0 -1.000000 0.236380
DS.d1015.s0.i0 -1.000000 -0.774967
DS.d1015.s0.i1 -1.000000 -0.774967
DS.d1306.s0.i1 -1.000000 -0.896740
DS.d1306.s0.i0 -1.000000 -0.800406
DS.d1542.s0.i9 -1.000000 -0.862543
DS.d1542.s0.i8 -1.000000 -0.737205
DS.d1542.s0.i3 -1.000000 -0.820939
DS.d1542.s0.i2 -1.000000 -0.751881
DS.d1542.s0.i1 1.000000 -0.714201
DS.d1542.s0.i0 -1.000000 -0.700476
DS.d1542.s0.i7 -1.000000 -0.855137
DS.d1542.s0.i6 -1.000000 -0.802088
DS.d1542.s0.i5 -1.000000 -0.805425
DS.d1542.s0.i4 -1.000000 -0.778050
DS.d1788.s0.i1 1.000000 0.764024
DS.d1788.s0.i0 1.000000 0.824050
DS.d1894.s0.i1 -1.000000 -0.854321
DS.d1894.s0.i0 -1.000000 -0.776729
DS.d1017.s0.i0 -1.000000 -1.122735
DS.d1017.s0.i1 -1.000000 -0.859943
DS.d1017.s0.i2 -1.000000 -0.945874
DS.d1017.s0.i3 -1.000000 -1.099213
DS.d1016.s0.i1 1.000000 0.973346
DS.d1016.s0.i0 1.000000 0.854166
DS.d1455.s0.i0 1.000000 0.775216
DS.d1454.s0.i2 1.000000 0.450420
DS.d1454.s0.i1 1.000000 0.442464
DS.d1454.s0.i0 -1.000000 0.002806
DS.d1457.s0.i0 -1.000000 -0.860499
DS.d1457.s0.i1 -1.000000 -0.840157
DS.d1451.s0.i2 -1.000000 -0.958594
DS.d1451.s0.i3 -1.000000 -0.876438
DS.d1451.s0.i0 -1.000000 -0.876438
DS.d1451.s0.i1 -1.000000 -0.971711
DS.d1451.s1.i1 -1.000000 -0.868800
DS.d1451.s1.i0 -1.000000 -0.771295
DS.d916.s0.i0 -1.000000 -0.898729
DS.d916.s0.i1 -1.000000 -0.646734
DS.d1453.s0.i0 1.000000 0.917097
DS.d1452.s4.i0 1.000000 0.894824
DS.d1452.s1.i0 1.000000 0.999800
DS.d1452.s1.i1 1.000000 0.929137
DS.d1452.s0.i0 1.000000 0.785687
DS.d1452.s3.i0 1.000000 0.823587
DS.d1452.s2.i0 1.000000 0.623768
DS.d1514.s0.i0 -1.000000 -0.146951
DS.d1514.s0.i1 1.000000 0.570352
DS.d1514.s1.i1 -1.000000 -0.393911
DS.d1514.s1.i0 -1.000000 -0.336091
DS.d1514.s1.i3 1.000000 0.400172
DS.d1514.s1.i2 1.000000 0.270790
DS.d1515.s0.i1 1.000000 0.795955
DS.d1515.s0.i0 1.000000 0.857123
DS.d1516.s0.i0 1.000000 0.774047
DS.d1516.s0.i1 1.000000 1.045596
DS.d1516.s1.i1 1.000000 0.831708
DS.d1516.s1.i0 1.000000 0.890206
DS.d1517.s0.i0 1.000000 -0.237828
DS.d1510.s0.i0 1.000000 0.610984
DS.d1511.s0.i3 -1.000000 -0.883625
DS.d1511.s0.i2 -1.000000 -0.985142
DS.d1511.s0.i1 -1.000000 -0.985142
DS.d1511.s0.i0 -1.000000 -0.883625
DS.d1512.s0.i0 1.000000 1.077210
DS.d1513.s0.i1 1.000000 0.929591
DS.d1513.s0.i0 1.000000 0.943659
DS.d1513.s0.i2 1.000000 0.995558
DS.d1012.s0.i0 -1.000000 -0.425398
DS.d1519.s0.i0 -1.000000 -0.428807
DS.d1767.s0.i1 1.000000 0.246052
DS.d1228.s0.i0 1.000000 0.399535
DS.d1228.s1.i0 -1.000000 -0.745597
DS.d1229.s1.i2 -1.000000 -0.169602
DS.d1229.s1.i3 1.000000 -0.003915
DS.d1229.s1.i0 -1.000000 -0.198404
DS.d1229.s1.i1 1.000000 -0.022755
DS.d1229.s0.i1 -1.000000 -0.951779
DS.d1229.s0.i0 -1.000000 -0.874217
DS.d1229.s0.i3 -1.000000 -0.872593
DS.d1229.s0.i2 -1.000000 -0.942566
DS.d1227.s1.i0 1.000000 0.839843
DS.d1227.s0.i9 -1.000000 -0.944954
DS.d1227.s0.i8 -1.000000 -0.979030
DS.d1227.s0.i3 -1.000000 -0.931038
DS.d1227.s0.i2 -1.000000 -0.989289
DS.d1227.s0.i1 -1.000000 -0.948596
DS.d1227.s0.i0 -1.000000 -0.977218
DS.d1227.s0.i7 -1.000000 -0.968265
DS.d1227.s0.i6 -1.000000 -0.958137
DS.d1227.s0.i5 -1.000000 -0.948737
DS.d1227.s0.i4 -1.000000 -0.934474
DS.d1224.s0.i0 1.000000 0.921103
DS.d1224.s0.i1 1.000000 0.987670
DS.d1222.s0.i0 1.000000 0.962942
DS.d1222.s0.i1 1.000000 0.798157
DS.d1222.s1.i1 1.000000 1.029438
DS.d1222.s1.i0 1.000000 0.893188
DS.d1222.s2.i0 -1.000000 -0.798369
DS.d1222.s2.i1 -1.000000 -0.779552
DS.d1223.s3.i0 1.000000 0.758663
DS.d1223.s2.i1 1.000000 0.745962
DS.d1223.s2.i0 1.000000 1.022626
DS.d1223.s1.i0 1.000000 0.296997
DS.d1223.s1.i1 -1.000000 -0.166339
DS.d1223.s0.i4 -1.000000 0.069586
DS.d1223.s0.i7 -1.000000 0.122151
DS.d1223.s0.i5 1.000000 0.390189
DS.d1223.s0.i14 1.000000 0.424837
DS.d1223.s0.i3 1.000000 0.474454
DS.d1223.s0.i10 1.000000 0.409068
DS.d1220.s0.i0 1.000000 0.823191
DS.d1220.s0.i1 1.000000 0.837823
DS.d1220.s1.i0 1.000000 -0.026420
DS.d1450.s0.i1 -1.000000 -0.678285
DS.d1450.s0.i0 -1.000000 -0.964528
DS.d1009.s1.i0 1.000000 0.812536
DS.d1009.s1.i1 1.000000 0.882114
DS.d1009.s0.i0 1.000000 1.008421
DS.d1293.s0.i0 1.000000 0.849665
DS.d1429.s0.i2 -1.000000 -0.981860
DS.d1429.s0.i1 -1.000000 -0.952091
DS.d1429.s0.i0 -1.000000 -0.934700
DS.d1291.s0.i0 1.000000 1.001117
DS.d1359.s1.i0 -1.000000 -0.770912
DS.d1359.s0.i0 -1.000000 -0.622484
DS.d1297.s0.i0 1.000000 0.832403
DS.d1296.s0.i0 -1.000000 -0.885730
DS.d1295.s0.i0 1.000000 0.491072
DS.d1294.s0.i1 -1.000000 -1.109331
DS.d1294.s0.i0 -1.000000 -0.768462
DS.d1420.s0.i2 -1.000000 -0.177863
DS.d1420.s0.i3 -1.000000 -0.962287
DS.d1420.s0.i0 -1.000000 -0.950743
DS.d1420.s0.i1 -1.000000 -0.805388
DS.d1420.s0.i4 1.000000 -0.205161
DS.d1420.s0.i5 -1.000000 -0.760350
DS.d1421.s1.i0 1.000000 0.999366
DS.d1421.s0.i0 1.000000 0.817044
DS.d1422.s0.i0 1.000000 0.097147
DS.d1423.s1.i0 1.000000 0.834682
DS.d1423.s0.i0 -1.000000 -0.657049
DS.d1424.s0.i0 -1.000000 -0.451508
DS.d1425.s1.i0 1.000000 0.724902
DS.d1425.s0.i0 1.000000 1.071229
DS.d1426.s0.i0 -1.000000 -0.735457
DS.d1426.s0.i1 -1.000000 -0.731983
DS.d1427.s0.i1 -1.000000 -0.167323
DS.d1427.s0.i0 1.000000 0.382984
DS.d1839.s4.i0 -1.000000 -0.492879
DS.d1839.s2.i0 1.000000 0.931913
DS.d1839.s3.i0 1.000000 0.883162
DS.d1839.s0.i0 1.000000 0.988656
DS.d1839.s0.i1 1.000000 1.061377
DS.d1839.s0.i2 1.000000 1.027031
DS.d1839.s0.i3 1.000000 0.955806
DS.d1839.s1.i1 1.000000 0.804035
DS.d1839.s1.i0 1.000000 0.899103
DS.d1838.s0.i0 1.000000 0.803092
DS.d1837.s0.i0 1.000000 1.006096
DS.d1837.s0.i1 1.000000 0.796095
DS.d1837.s1.i1 1.000000 0.932607
DS.d1837.s1.i0 1.000000 0.932607
DS.d1836.s0.i3 -1.000000 -0.943921
DS.d1836.s0.i0 -1.000000 -0.952338
DS.d1836.s0.i5 -1.000000 -0.921525
DS.d1836.s0.i4 -1.000000 -0.883051
DS.d1833.s0.i2 1.000000 0.784272
DS.d1833.s0.i0 1.000000 0.978709
DS.d1833.s0.i1 1.000000 0.928994
DS.d1833.s1.i1 1.000000 0.917535
DS.d1833.s1.i0 1.000000 1.005233
DS.d1833.s1.i3 1.000000 0.821559
DS.d1833.s1.i2 1.000000 0.909997
DS.d1833.s1.i4 1.000000 0.979134
DS.d1830.s0.i0 -1.000000 -0.675580
DS.d1860.s0.i0 -1.000000 -0.519830
DS.d1060.s0.i0 1.000000 1.116361
DS.d1623.s0.i0 -1.000000 -0.546351
DS.d1708.s0.i0 -1.000000 -0.741433
DS.d1061.s0.i22 -1.000000 -0.937795
DS.d1061.s0.i23 -1.000000 -1.009305
DS.d1061.s0.i20 -1.000000 -1.021805
DS.d1061.s0.i21 -1.000000 -1.058838
DS.d1061.s0.i13 -1.000000 -1.102532
DS.d1061.s0.i12 -1.000000 -1.063722
DS.d1061.s0.i11 -1.000000 -0.982131
DS.d1061.s0.i10 -1.000000 -0.962859
DS.d1061.s0.i17 -1.000000 -1.010194
DS.d1061.s0.i16 -1.000000 -0.981231
DS.d1061.s0.i15 -1.000000 -0.959443
DS.d1061.s0.i14 -1.000000 -0.906474
DS.d1061.s0.i19 -1.000000 -0.906365
DS.d1061.s0.i18 -1.000000 -1.083629
DS.d1061.s0.i9 -1.000000 -0.963942
DS.d1061.s0.i8 -1.000000 -1.047677
DS.d1061.s0.i3 -1.000000 -0.995140
DS.d1061.s0.i2 -1.000000 -0.989908
DS.d1061.s0.i1 -1.000000 -0.993309
DS.d1061.s0.i0 -1.000000 -0.990045
DS.d1061.s0.i7 -1.000000 -1.035766
DS.d1061.s0.i6 -1.000000 -1.012014
DS.d1061.s0.i5 -1.000000 -0.940391
DS.d1061.s0.i4 -1.000000 -1.063654
DS.d1735.s1.i0 -1.000000 -0.949240
DS.d1735.s0.i1 -1.000000 -0.743094
DS.d1735.s0.i0 -1.000000 -0.727116
DS.d1523.s0.i0 -1.000000 -0.944041
DS.d1523.s0.i1 -1.000000 -1.021719
DS.d1523.s0.i2 -1.000000 -0.895797
DS.d1766.s1.i0 -1.000000 -0.515843
DS.d1766.s0.i0 1.000000 0.111659
DS.d1522.s1.i0 -1.000000 -0.716460
DS.d1522.s0.i1 1.000000 0.919181
DS.d1522.s0.i0 1.000000 0.924210
DS.d1522.s3.i0 1.000000 0.702586
DS.d1522.s2.i0 -1.000000 -0.212926
DS.d1862.s0.i0 1.000000 0.570370
DS.d1635.s0.i0 -1.000000 -0.982505
DS.d1635.s0.i1 -1.000000 -1.035031
DS.d962.s0.i3 1.000000 0.850575
DS.d962.s0.i2 1.000000 0.949952
DS.d962.s0.i1 1.000000 0.772091
DS.d962.s0.i0 1.000000 0.954639
DS.d1637.s0.i0 -1.000000 -0.906739
DS.d1637.s0.i1 -1.000000 -0.905225
DS.d1637.s1.i1 -1.000000 -0.745583
DS.d1637.s1.i0 -1.000000 -1.143266
DS.d1636.s1.i0 1.000000 0.888885
DS.d1636.s1.i1 1.000000 0.864479
DS.d1636.s0.i0 1.000000 0.968056
DS.d1738.s0.i0 1.000000 0.878304
DS.d1738.s0.i1 1.000000 0.878304
DS.d1630.s0.i1 1.000000 0.907742
DS.d1630.s0.i0 1.000000 0.905212
DS.d1633.s0.i0 -1.000000 -0.938873
DS.d1633.s0.i1 -1.000000 -0.969066
DS.d1633.s1.i0 -1.000000 -1.051257
DS.d1632.s0.i1 -1.000000 -0.112843
DS.d1632.s0.i0 1.000000 0.172886
DS.d1632.s0.i3 -1.000000 -0.190735
DS.d1632.s0.i2 1.000000 0.244966
DS.d1882.s0.i0 1.000000 0.883579
DS.d1883.s0.i1 1.000000 1.145752
DS.d1883.s0.i0 1.000000 0.982466
DS.d1880.s0.i0 -1.000000 -0.824447
DS.d1880.s1.i0 -1.000000 -0.804043
DS.d1737.s0.i0 1.000000 0.806665
DS.d1886.s0.i0 1.000000 0.808996
DS.d1731.s0.i3 -1.000000 -1.100766
DS.d1731.s0.i2 -1.000000 -0.920338
DS.d1731.s0.i1 -1.000000 -1.039073
DS.d1731.s0.i0 -1.000000 -0.992716
DS.d1732.s0.i0 1.000000 0.096790
DS.d1732.s0.i1 1.000000 0.224306
DS.d1732.s0.i2 -1.000000 -0.123845
DS.d1732.s0.i3 -1.000000 -0.238264
DS.d1885.s1.i1 1.000000 0.688476
DS.d1885.s0.i0 1.000000 0.930580
DS.d848.s0.i2 1.000000 0.320215
DS.d844.s0.i0 1.000000 1.057780
DS.d845.s2.i0 -1.000000 -0.772664
DS.d845.s1.i0 1.000000 0.590935
DS.d845.s0.i0 -1.000000 -0.815692
DS.d846.s0.i0 -1.000000 0.277468
DS.d846.s1.i2 1.000000 0.880656
DS.d846.s1.i1 1.000000 0.900808
DS.d846.s1.i0 1.000000 0.926906
DS.d847.s0.i1 1.000000 0.361553
DS.d847.s0.i0 -1.000000 -0.388899
DS.d847.s0.i3 -1.000000 -0.388899
DS.d847.s0.i2 1.000000 0.361553
DS.d840.s0.i0 1.000000 0.812429
DS.d840.s0.i1 1.000000 0.812168
DS.d841.s1.i0 1.000000 1.004458
DS.d841.s0.i0 1.000000 0.704607
DS.d842.s0.i0 -1.000000 -1.022561
DS.d842.s0.i1 -1.000000 -0.942881
DS.d842.s0.i2 -1.000000 -1.018224
DS.d842.s0.i3 -1.000000 -1.016126
DS.d842.s1.i3 -1.000000 -0.821772
DS.d842.s1.i2 -1.000000 -0.984918
DS.d842.s1.i1 -1.000000 -1.003833
DS.d842.s1.i0 -1.000000 -0.969841
DS.d843.s1.i0 -1.000000 -0.733123
DS.d843.s0.i1 1.000000 1.009876
DS.d843.s0.i0 1.000000 0.921153
DS.d843.s0.i3 1.000000 0.978852
DS.d843.s0.i2 1.000000 0.903005
DS.d1499.s0.i0 -1.000000 -0.535912
DS.d1499.s1.i0 -1.000000 0.081927
DS.d1498.s0.i0 1.000000 0.971868
DS.d1199.s2.i0 -1.000000 -1.040167
DS.d1199.s1.i0 -1.000000 -0.978565
DS.d1199.s0.i0 -1.000000 -0.933553
DS.d1491.s0.i0 -1.000000 -0.790571
DS.d1490.s0.i0 -1.000000 -0.679897
DS.d1493.s0.i0 1.000000 0.972703
DS.d1493.s1.i2 1.000000 0.820854
DS.d991.s0.i0 -1.000000 -0.835822
DS.d1495.s0.i0 1.000000 0.784722
DS.d1495.s1.i0 1.000000 1.084942
DS.d1494.s1.i0 1.000000 0.746611
DS.d1494.s0.i0 1.000000 0.880945
DS.d1497.s0.i0 1.000000 0.977950
DS.d1497.s0.i1 1.000000 0.960975
DS.d1496.s0.i1 -1.000000 -0.002332
DS.d1496.s0.i0 1.000000 0.133253
DS.d1082.s0.i0 1.000000 0.636547
DS.d1082.s1.i0 1.000000 0.443203
DS.d1083.s0.i0 -1.000000 -0.282682
DS.d1081.s0.i1 -1.000000 -0.705500
DS.d1081.s0.i0 -1.000000 -0.718996
DS.d1086.s0.i0 1.000000 0.628414
DS.d1086.s0.i1 1.000000 0.924255
DS.d1087.s0.i3 1.000000 0.811229
DS.d1087.s0.i2 1.000000 0.915865
DS.d1087.s0.i1 1.000000 0.842995
DS.d1087.s0.i0 1.000000 0.855761
DS.d1084.s0.i0 -1.000000 -1.148410
DS.d1085.s0.i1 1.000000 0.956762
DS.d1085.s0.i0 1.000000 0.720067
DS.d1121.s0.i0 1.000000 0.722984
DS.d1120.s0.i3 -1.000000 -0.561879
DS.d1120.s0.i2 -1.000000 -0.588450
DS.d1120.s0.i1 -1.000000 -0.514549
DS.d1120.s0.i0 1.000000 0.394128
DS.d1120.s0.i7 1.000000 0.571582
DS.d1120.s0.i6 -1.000000 -0.621829
DS.d1120.s0.i5 1.000000 0.512014
DS.d1120.s0.i4 1.000000 0.591309
DS.d1123.s0.i0 1.000000 0.479715
DS.d1123.s1.i1 1.000000 0.797030
DS.d1123.s1.i0 1.000000 0.798279
DS.d1089.s1.i2 1.000000 0.979646
DS.d1089.s1.i3 1.000000 1.012960
DS.d1089.s1.i0 1.000000 0.865351
DS.d1089.s1.i1 1.000000 0.879762
DS.d1089.s0.i0 1.000000 0.872341
DS.d1125.s0.i0 -1.000000 -0.758858
DS.d1125.s1.i0 1.000000 0.749368
DS.d1124.s0.i0 1.000000 0.500723
DS.d1127.s0.i0 1.000000 1.011482
DS.d1127.s1.i0 1.000000 0.719492
DS.d1775.s0.i1 -1.000000 -0.952314
DS.d1775.s0.i0 -1.000000 -0.906011
DS.d1640.s0.i0 -1.000000 -0.845986
DS.d1641.s0.i1 1.000000 0.408296
DS.d1641.s0.i0 1.000000 0.392430
DS.d1642.s0.i0 -1.000000 -0.599302
DS.d1642.s0.i1 -1.000000 -0.924716
DS.d1642.s1.i3 -1.000000 -0.957825
DS.d1642.s1.i2 -1.000000 -0.913836
DS.d1642.s1.i1 -1.000000 -0.828106
DS.d1642.s1.i0 -1.000000 -0.967444
DS.d1644.s0.i0 -1.000000 -0.723887
DS.d1644.s0.i1 -1.000000 -1.142258
DS.d1644.s1.i1 -1.000000 -1.109315
DS.d1644.s1.i0 -1.000000 -0.954151
DS.d1644.s1.i2 -1.000000 -1.120796
DS.d1644.s2.i0 -1.000000 -0.804802
DS.d1645.s0.i0 -1.000000 0.587426
DS.d1647.s0.i0 -1.000000 -0.218091
DS.d1648.s0.i1 1.000000 0.562998
DS.d1865.s0.i0 1.000000 0.873171
DS.d1301.s0.i2 1.000000 1.080968
DS.d1301.s0.i3 1.000000 0.803244
DS.d1301.s0.i0 1.000000 1.021300
DS.d1301.s0.i1 1.000000 0.835008
DS.d1301.s0.i4 1.000000 0.870209
DS.d1301.s0.i5 1.000000 1.041555
DS.d1300.s0.i0 1.000000 0.871884
DS.d1303.s2.i0 1.000000 0.937930
DS.d1303.s3.i1 1.000000 0.588863
DS.d1303.s3.i0 1.000000 0.869360
DS.d1303.s3.i2 1.000000 0.888563
DS.d1303.s0.i0 1.000000 0.922465
DS.d1303.s0.i1 1.000000 0.945400
DS.d1303.s0.i2 1.000000 0.990963
DS.d1303.s0.i3 1.000000 0.887648
DS.d1303.s1.i0 1.000000 0.854514
DS.d1302.s1.i0 -1.000000 -0.641562
DS.d1302.s0.i1 -1.000000 0.089344
DS.d1302.s0.i0 1.000000 0.142428
DS.d1305.s0.i0 1.000000 1.065532
DS.d1305.s1.i1 1.000000 0.694218
DS.d1305.s1.i0 1.000000 0.955698
DS.d1304.s0.i0 1.000000 0.912200
DS.d1307.s0.i0 -1.000000 0.056061
DS.d1307.s0.i3 1.000000 0.027920
DS.d1256.s0.i1 1.000000 0.849104
DS.d1256.s0.i0 1.000000 0.998999
DS.d1309.s0.i0 1.000000 0.819490
DS.d1308.s0.i0 1.000000 0.880127
DS.d1062.s0.i0 -1.000000 -0.913035
DS.d1062.s0.i1 -1.000000 -1.056442
DS.d1063.s0.i1 1.000000 0.691602
DS.d1063.s0.i0 1.000000 0.664982
DS.d1064.s0.i0 1.000000 0.322332
DS.d1064.s0.i1 -1.000000 -0.222004
DS.d1065.s2.i0 1.000000 0.187168
DS.d1065.s1.i0 -1.000000 -0.698535
DS.d1065.s0.i1 1.000000 0.431342
DS.d1065.s0.i0 -1.000000 -0.318292
DS.d1066.s0.i0 1.000000 0.863970
DS.d1066.s0.i1 1.000000 0.863970
DS.d1067.s0.i0 1.000000 0.678718
DS.d1719.s1.i0 1.000000 1.024354
DS.d1719.s0.i0 1.000000 0.920396
DS.d1866.s2.i0 1.000000 0.963572
DS.d1866.s2.i1 1.000000 0.963572
DS.d1866.s0.i0 1.000000 0.983115
DS.d1866.s0.i1 1.000000 0.929813
DS.d1866.s0.i2 1.000000 0.752931
DS.d1866.s0.i3 1.000000 0.895692
DS.d1866.s1.i3 1.000000 0.531610
DS.d1866.s1.i2 -1.000000 -0.270085
DS.d1866.s1.i1 1.000000 0.406118
DS.d1866.s1.i0 -1.000000 -0.364233
DS.d949.s0.i0 1.000000 0.896535
DS.d1252.s1.i0 -1.000000 -1.149397
DS.d1252.s1.i1 -1.000000 -0.831905
DS.d1252.s0.i0 -1.000000 -0.093730
DS.d1318.s0.i0 1.000000 0.571981
DS.d1546.s1.i0 -1.000000 -0.435476
DS.d1546.s1.i1 1.000000 -0.041191
DS.d1546.s1.i2 -1.000000 -0.456081
DS.d1546.s0.i0 -1.000000 -0.805891
DS.d1319.s0.i1 1.000000 0.943333
DS.d1319.s0.i0 1.000000 0.970130
DS.d1464.s0.i0 -1.000000 -0.801718
DS.d1465.s0.i3 1.000000 0.746484
DS.d1465.s0.i2 1.000000 0.880624
DS.d1465.s0.i1 1.000000 0.840121
DS.d1465.s0.i0 1.000000 1.151859
DS.d1465.s0.i5 1.000000 1.151859
DS.d1465.s0.i4 1.000000 0.941833
DS.d1466.s0.i0 1.000000 0.366633
DS.d1548.s0.i1 -1.000000 -0.823489
DS.d1548.s0.i0 -1.000000 -0.926221
DS.d1392.s0.i0 -1.000000 -0.641996
DS.d1461.s1.i0 1.000000 1.009989
DS.d1461.s0.i0 1.000000 0.974488
DS.d1462.s0.i0 1.000000 0.855284
DS.d1463.s1.i0 1.000000 1.040916
DS.d1463.s1.i1 1.000000 0.970061
DS.d1463.s0.i0 1.000000 0.693110
DS.d1543.s0.i0 1.000000 1.018930
DS.d1543.s0.i1 1.000000 0.893700
DS.d1543.s1.i0 1.000000 0.975816
DS.d948.s0.i5 1.000000 0.910683
DS.d948.s0.i4 1.000000 0.955254
DS.d948.s0.i3 1.000000 0.910683
DS.d948.s0.i2 1.000000 0.857683
DS.d948.s0.i1 1.000000 0.800049
DS.d948.s0.i0 1.000000 0.955254
DS.d1541.s0.i0 1.000000 0.876140
DS.d1541.s0.i1 1.000000 0.858327
DS.d1540.s0.i1 1.000000 0.966238
DS.d1540.s0.i0 1.000000 0.959738
DS.d1547.s0.i0 1.000000 0.873944
DS.d1547.s0.i1 1.000000 0.893090
DS.d1469.s1.i4 -1.000000 -0.464663
DS.d1469.s1.i5 1.000000 0.675521
DS.d1469.s1.i0 -1.000000 -0.414412
DS.d1469.s1.i1 1.000000 0.766867
DS.d1469.s1.i2 1.000000 0.665129
DS.d1469.s1.i3 1.000000 0.734508
DS.d1469.s0.i0 -1.000000 -0.734470
DS.d1398.s0.i0 1.000000 0.793014
DS.d1663.s1.i0 1.000000 0.931847
DS.d1663.s0.i1 1.000000 0.751297
DS.d1663.s0.i0 1.000000 0.996212
DS.d1545.s0.i0 1.000000 0.960609
DS.d1545.s0.i1 1.000000 0.980089
DS.d1430.s1.i2 1.000000 0.945616
DS.d1430.s1.i3 1.000000 0.785104
DS.d1430.s1.i0 1.000000 0.971996
DS.d1430.s1.i1 1.000000 0.860467
DS.d1430.s0.i0 1.000000 1.008802
DS.d1430.s2.i0 1.000000 1.106171
DS.d1311.s0.i0 -1.000000 -0.692111
DS.d1786.s0.i1 1.000000 1.134649
DS.d1786.s0.i0 1.000000 0.851196
DS.d1789.s0.i1 -1.000000 -0.683061
DS.d1600.s0.i0 1.000000 0.792186
DS.d1600.s1.i0 -1.000000 -0.427391
DS.d1268.s0.i0 -1.000000 -0.698108
DS.d1269.s0.i0 -1.000000 -0.933520
DS.d1396.s0.i2 -1.000000 -1.053035
DS.d1396.s0.i3 -1.000000 -1.087119
DS.d1396.s0.i0 -1.000000 -0.790390
DS.d1396.s0.i1 -1.000000 -0.814999
DS.d1262.s0.i0 -1.000000 -0.158195
DS.d1262.s0.i1 1.000000 0.321099
DS.d1262.s1.i1 1.000000 1.015514
DS.d1262.s1.i0 1.000000 0.636691
DS.d1263.s0.i1 -1.000000 -0.807041
DS.d1263.s0.i0 -1.000000 -0.907099
DS.d1782.s0.i1 -1.000000 -0.897419
DS.d1782.s0.i0 -1.000000 -0.868904
DS.d1782.s0.i3 -1.000000 -0.872262
DS.d1782.s0.i2 -1.000000 -0.852516
DS.d1266.s0.i0 -1.000000 -0.825498
DS.d1266.s0.i1 -1.000000 -0.823513
DS.d1266.s1.i0 -1.000000 -0.804868
DS.d1267.s0.i0 1.000000 0.929458
DS.d1265.s0.i9 -1.000000 -0.961720
DS.d1265.s0.i8 -1.000000 -0.900218
DS.d1265.s0.i1 -1.000000 -0.952419
DS.d1265.s0.i0 -1.000000 -1.002203
DS.d1265.s0.i3 -1.000000 -1.005556
DS.d1265.s0.i2 -1.000000 -0.953955
DS.d1265.s0.i5 -1.000000 -1.001699
DS.d1265.s0.i4 -1.000000 -1.000264
DS.d1265.s0.i7 -1.000000 -0.999941
DS.d1265.s0.i6 -1.000000 -1.006891
DS.d1265.s0.i15 -1.000000 -0.994554
DS.d1265.s0.i13 -1.000000 -1.007274
DS.d1265.s0.i14 -1.000000 -0.896920
DS.d1265.s0.i12 -1.000000 -1.003275
DS.d1265.s0.i10 -1.000000 -0.997927
DS.d1265.s0.i11 -1.000000 -0.949279
