DS2.d64.s0.i0 1.000000 0.679760
DS2.d64.s0.i1 1.000000 0.751280
DS2.d66.s0.i0 1.000000 0.779261
DS2.d66.s0.i1 1.000000 0.769485
DS2.d668.s0.i0 1.000000 1.025498
DS2.d61.s3.i0 1.000000 0.369350
DS2.d61.s2.i1 1.000000 0.846678
DS2.d61.s2.i0 1.000000 0.768379
DS2.d61.s1.i0 -1.000000 -0.307507
DS2.d61.s0.i1 1.000000 0.857921
DS2.d61.s0.i0 1.000000 0.822131
DS2.d62.s0.i0 -1.000000 -0.644186
DS2.d62.s0.i1 -1.000000 -0.791265
DS2.d62.s1.i0 -1.000000 -0.619085
DS2.d63.s0.i1 1.000000 0.167727
DS2.d63.s0.i0 -1.000000 -0.495962
DS2.d68.s0.i0 1.000000 0.624107
DS2.d68.s1.i0 1.000000 0.811583
DS2.d68.s2.i0 1.000000 0.918539
DS2.d68.s2.i1 1.000000 0.707475
DS2.d68.s2.i2 1.000000 0.918539
DS2.d69.s0.i2 -1.000000 -0.587421
DS2.d69.s0.i1 -1.000000 -0.794412
DS2.d69.s0.i0 -1.000000 -0.607630
DS2.d513.s0.i0 1.000000 0.618827
DS2.d233.s0.i1 1.000000 0.681806
DS2.d233.s0.i0 1.000000 0.616017
DS2.d512.s0.i0 -1.000000 -0.612074
DS2.d164.s0.i0 1.000000 0.503922
DS2.d165.s3.i0 1.000000 0.699074
DS2.d165.s2.i0 1.000000 0.769214
DS2.d165.s1.i0 1.000000 0.879654
DS2.d165.s1.i1 1.000000 0.740862
DS2.d165.s0.i0 -1.000000 -0.500322
DS2.d167.s0.i1 1.000000 0.476889
DS2.d167.s0.i0 1.000000 1.043251
DS2.d167.s0.i2 1.000000 1.099793
DS2.d160.s0.i2 -1.000000 -0.937584
DS2.d160.s0.i3 -1.000000 -0.955838
DS2.d160.s0.i0 -1.000000 -0.838038
DS2.d160.s0.i1 -1.000000 -0.836291
DS2.d161.s0.i0 -1.000000 -0.935638
DS2.d162.s0.i0 -1.000000 -0.339681
DS2.d163.s0.i1 1.000000 0.897462
DS2.d163.s0.i0 1.000000 1.083301
DS2.d168.s0.i0 1.000000 0.471690
DS2.d168.s0.i1 -1.000000 -0.090744
DS2.d169.s0.i1 -1.000000 -0.672293
DS2.d169.s0.i0 -1.000000 -0.633333
DS2.d638.s0.i2 1.000000 0.887009
DS2.d638.s0.i3 1.000000 0.898564
DS2.d638.s0.i0 1.000000 0.994246
DS2.d638.s0.i1 1.000000 1.028783
DS2.d638.s1.i1 -1.000000 -0.693107
DS2.d638.s1.i0 -1.000000 -0.774139
DS2.d638.s2.i0 1.000000 0.057175
DS2.d638.s2.i1 1.000000 -0.109484
DS2.d638.s3.i2 1.000000 0.907378
DS2.d638.s3.i1 1.000000 1.060622
DS2.d638.s3.i0 1.000000 0.760609
DS2.d639.s1.i0 -1.000000 -0.170808
DS2.d639.s1.i1 1.000000 0.596498
DS2.d639.s1.i2 1.000000 0.569951
DS2.d639.s1.i3 1.000000 0.518984
DS2.d639.s1.i4 -1.000000 -0.255882
DS2.d639.s1.i5 1.000000 0.509617
DS2.d639.s0.i0 -1.000000 -0.722894
DS2.d733.s0.i0 1.000000 1.053086
DS2.d733.s0.i1 1.000000 0.938480
DS2.d732.s0.i0 1.000000 0.415309
DS2.d735.s0.i4 1.000000 0.920745
DS2.d735.s0.i5 1.000000 1.014333
DS2.d735.s0.i2 1.000000 1.014333
DS2.d735.s0.i3 1.000000 0.865427
DS2.d735.s0.i0 1.000000 0.865427
DS2.d735.s0.i1 1.000000 0.920745
DS2.d735.s1.i1 -1.000000 -0.329790
DS2.d735.s1.i0 -1.000000 -0.361625
DS2.d735.s1.i2 1.000000 0.115764
DS2.d735.s2.i0 1.000000 0.818955
DS2.d735.s2.i1 1.000000 0.864923
DS2.d735.s3.i1 1.000000 0.898003
DS2.d735.s3.i0 1.000000 0.900001
DS2.d734.s0.i0 -1.000000 -0.816909
DS2.d737.s0.i0 1.000000 0.671194
DS2.d630.s0.i0 -1.000000 -0.128725
DS2.d631.s1.i0 1.000000 0.599336
DS2.d631.s0.i0 1.000000 0.990430
DS2.d632.s0.i0 1.000000 0.207979
DS2.d633.s1.i0 1.000000 0.981917
DS2.d633.s1.i1 1.000000 0.789628
DS2.d633.s0.i0 1.000000 0.776178
DS2.d634.s0.i0 -1.000000 0.090656
DS2.d635.s0.i5 1.000000 0.978951
DS2.d635.s0.i4 1.000000 0.900397
DS2.d635.s0.i3 1.000000 0.871709
DS2.d635.s0.i2 1.000000 0.816804
DS2.d635.s0.i1 1.000000 0.941556
DS2.d635.s0.i0 1.000000 0.978951
DS2.d636.s0.i0 1.000000 0.862571
DS2.d637.s0.i0 -1.000000 -0.419689
DS2.d1009.s4.i0 -1.000000 -0.184597
DS2.d1009.s2.i0 1.000000 0.837592
DS2.d1009.s3.i0 1.000000 0.713027
DS2.d1009.s0.i0 1.000000 1.122322
DS2.d1009.s0.i1 1.000000 1.145800
DS2.d1009.s0.i2 1.000000 0.858436
DS2.d1009.s0.i3 1.000000 0.856152
DS2.d1009.s1.i1 1.000000 0.935672
DS2.d1009.s1.i0 1.000000 0.996775
DS2.d1008.s0.i0 1.000000 0.795691
DS2.d1003.s0.i2 1.000000 0.927985
DS2.d1003.s0.i0 1.000000 0.739077
DS2.d1003.s0.i1 1.000000 0.963538
DS2.d1003.s1.i1 1.000000 0.953176
DS2.d1003.s1.i0 1.000000 0.982797
DS2.d1003.s1.i3 1.000000 0.864310
DS2.d1003.s1.i2 1.000000 0.826037
DS2.d1003.s1.i4 1.000000 0.939702
DS2.d1001.s0.i0 1.000000 0.502972
DS2.d1001.s0.i1 1.000000 0.718002
DS2.d1000.s0.i0 -1.000000 -0.486837
DS2.d1007.s0.i0 1.000000 1.015564
DS2.d1007.s0.i1 1.000000 0.680892
DS2.d1007.s1.i1 1.000000 0.875105
DS2.d1007.s1.i0 1.000000 0.875105
DS2.d1006.s0.i5 1.000000 0.824720
DS2.d1006.s0.i4 1.000000 0.933286
DS2.d1006.s0.i3 1.000000 0.807719
DS2.d1006.s0.i2 1.000000 0.869836
DS2.d1006.s0.i1 1.000000 0.984776
DS2.d1006.s0.i0 1.000000 0.707561
DS2.d1005.s0.i0 1.000000 1.052623
DS2.d1004.s0.i0 -1.000000 -0.462616
DS2.d229.s0.i0 1.000000 -0.150844
DS2.d228.s1.i0 1.000000 0.750672
DS2.d228.s1.i1 1.000000 0.605988
DS2.d228.s0.i0 1.000000 0.645591
DS2.d227.s0.i0 -1.000000 -0.533168
DS2.d227.s1.i0 -1.000000 -0.560495
DS2.d225.s0.i0 -1.000000 -0.644368
DS2.d223.s0.i0 1.000000 0.902004
DS2.d222.s1.i0 -1.000000 -0.401558
DS2.d222.s0.i0 -1.000000 -0.714405
DS2.d220.s0.i1 1.000000 0.823645
DS2.d220.s0.i0 1.000000 0.733946
DS2.d595.s0.i0 1.000000 1.029222
DS2.d595.s1.i0 1.000000 0.806866
DS2.d594.s0.i0 -1.000000 -0.198165
DS2.d597.s0.i0 -1.000000 -0.134784
DS2.d597.s0.i1 -1.000000 -0.629487
DS2.d596.s0.i1 1.000000 0.760243
DS2.d596.s0.i0 1.000000 0.820875
DS2.d458.s0.i2 -1.000000 -0.906735
DS2.d458.s0.i3 -1.000000 -0.834597
DS2.d458.s0.i0 -1.000000 -0.870808
DS2.d458.s0.i1 -1.000000 -0.816897
DS2.d459.s0.i0 -1.000000 -0.412492
DS2.d593.s0.i0 -1.000000 -0.492632
DS2.d593.s1.i0 1.000000 0.177306
DS2.d592.s0.i0 1.000000 0.749160
DS2.d454.s0.i0 1.000000 1.161065
DS2.d454.s1.i0 1.000000 0.610639
DS2.d455.s0.i1 -1.000000 -0.374406
DS2.d455.s0.i0 -1.000000 -0.479981
DS2.d456.s0.i0 -1.000000 -0.817989
DS2.d456.s1.i0 -1.000000 -0.682970
DS2.d457.s0.i0 -1.000000 -0.452197
DS2.d599.s0.i2 -1.000000 -0.891423
DS2.d599.s0.i0 -1.000000 -0.820622
DS2.d599.s0.i1 -1.000000 -0.836642
DS2.d451.s1.i0 -1.000000 -0.473929
DS2.d451.s1.i1 1.000000 0.295386
DS2.d451.s0.i2 1.000000 0.587270
DS2.d451.s0.i1 1.000000 0.307372
DS2.d451.s0.i0 -1.000000 0.077837
DS2.d452.s0.i0 -1.000000 -0.941194
DS2.d353.s0.i0 -1.000000 -0.842724
DS2.d353.s1.i0 -1.000000 -0.415020
DS2.d352.s0.i1 -1.000000 -0.732400
DS2.d352.s0.i0 -1.000000 -0.766444
DS2.d298.s0.i0 1.000000 0.613340
DS2.d299.s1.i0 1.000000 0.699811
DS2.d299.s1.i1 1.000000 0.895328
DS2.d299.s0.i0 1.000000 0.978803
DS2.d299.s2.i0 1.000000 0.844526
DS2.d357.s0.i2 -1.000000 -0.885091
DS2.d357.s0.i3 -1.000000 -0.924808
DS2.d357.s0.i0 -1.000000 -0.871106
DS2.d357.s0.i1 -1.000000 -0.930308
DS2.d357.s1.i0 1.000000 0.172367
DS2.d356.s1.i0 1.000000 0.933722
DS2.d356.s0.i0 1.000000 0.526755
DS2.d355.s0.i0 1.000000 0.963436
DS2.d355.s0.i1 1.000000 1.092011
DS2.d354.s1.i0 -1.000000 -0.428568
DS2.d354.s0.i0 -1.000000 -0.679879
DS2.d293.s1.i0 1.000000 0.574924
DS2.d293.s1.i1 1.000000 0.908321
DS2.d293.s0.i0 1.000000 0.700771
DS2.d290.s0.i4 1.000000 0.289094
DS2.d290.s0.i5 1.000000 0.418165
DS2.d290.s0.i6 -1.000000 -0.382728
DS2.d290.s0.i7 1.000000 0.180434
DS2.d290.s0.i0 1.000000 0.276777
DS2.d290.s0.i1 -1.000000 -0.277941
DS2.d290.s0.i2 -1.000000 -0.363145
DS2.d290.s0.i3 -1.000000 -0.349957
DS2.d291.s0.i0 1.000000 0.697862
DS2.d296.s0.i0 -1.000000 -0.672848
DS2.d296.s0.i1 -1.000000 -0.699033
DS2.d297.s1.i0 1.000000 0.132325
DS2.d297.s0.i0 1.000000 1.015495
DS2.d294.s0.i0 1.000000 0.611834
DS2.d295.s1.i0 1.000000 -0.075458
DS2.d295.s0.i0 -1.000000 -0.597267
DS2.d869.s0.i0 1.000000 0.738669
DS2.d869.s0.i1 1.000000 0.738669
DS2.d868.s0.i0 1.000000 0.790798
DS2.d940.s0.i0 1.000000 0.943580
DS2.d941.s1.i2 1.000000 0.918358
DS2.d941.s1.i0 1.000000 0.872517
DS2.d941.s1.i1 1.000000 0.912900
DS2.d941.s0.i0 1.000000 0.561561
DS2.d941.s3.i0 1.000000 0.472665
DS2.d941.s2.i1 1.000000 0.785893
DS2.d941.s2.i0 1.000000 0.697801
DS2.d946.s0.i0 1.000000 0.742661
DS2.d946.s0.i1 1.000000 0.732281
DS2.d947.s0.i0 -1.000000 -0.003081
DS2.d944.s0.i0 1.000000 0.385933
DS2.d945.s0.i1 -1.000000 -0.647934
DS2.d945.s0.i0 -1.000000 -0.624793
DS2.d861.s0.i0 -1.000000 -0.425192
DS2.d860.s0.i1 1.000000 0.408537
DS2.d860.s0.i0 -1.000000 -0.191372
DS2.d863.s0.i0 1.000000 1.044416
DS2.d862.s0.i0 -1.000000 -0.478894
DS2.d865.s0.i0 1.000000 0.703848
DS2.d864.s1.i0 1.000000 0.790351
DS2.d864.s1.i1 1.000000 0.832053
DS2.d864.s0.i0 1.000000 0.696801
DS2.d867.s0.i0 1.000000 0.979938
DS2.d867.s0.i1 1.000000 0.950075
DS2.d866.s0.i0 1.000000 0.506380
DS2.d30.s1.i0 1.000000 1.125332
DS2.d30.s1.i1 1.000000 0.632914
DS2.d30.s0.i0 1.000000 1.036381
DS2.d249.s0.i0 1.000000 0.669315
DS2.d249.s1.i0 -1.000000 -0.019564
DS2.d689.s0.i0 -1.000000 -0.547970
DS2.d688.s0.i0 1.000000 0.750485
DS2.d35.s0.i0 1.000000 1.007910
DS2.d35.s0.i1 1.000000 1.077219
DS2.d681.s0.i2 -1.000000 -0.803546
DS2.d681.s0.i3 -1.000000 -0.920938
DS2.d681.s0.i0 -1.000000 -0.920938
DS2.d681.s0.i1 -1.000000 -0.803546
DS2.d680.s0.i0 1.000000 0.427080
DS2.d683.s0.i0 1.000000 0.996819
DS2.d683.s0.i1 1.000000 0.924554
DS2.d683.s0.i2 1.000000 0.901947
DS2.d682.s0.i0 1.000000 0.869949
DS2.d684.s1.i0 -1.000000 -0.171504
DS2.d684.s1.i1 -1.000000 -0.260497
DS2.d684.s1.i2 1.000000 0.196260
DS2.d684.s1.i3 1.000000 0.195412
DS2.d684.s0.i1 1.000000 0.230190
DS2.d684.s0.i0 -1.000000 0.051326
DS2.d687.s0.i0 1.000000 0.217904
DS2.d686.s1.i0 1.000000 0.772863
DS2.d686.s1.i1 1.000000 0.619256
DS2.d686.s0.i1 1.000000 0.947215
DS2.d686.s0.i0 1.000000 0.678074
DS2.d748.s0.i0 1.000000 0.908623
DS2.d749.s0.i3 -1.000000 -0.854012
DS2.d749.s0.i2 -1.000000 -0.856585
DS2.d749.s0.i1 -1.000000 -0.877438
DS2.d749.s0.i0 -1.000000 -0.791350
DS2.d28.s0.i2 1.000000 0.675505
DS2.d28.s0.i0 1.000000 0.806274
DS2.d28.s0.i1 1.000000 0.915085
DS2.d29.s0.i0 1.000000 0.873394
DS2.d449.s0.i0 1.000000 0.826236
DS2.d449.s0.i1 1.000000 0.815189
DS2.d20.s0.i0 -1.000000 -0.347643
DS2.d20.s1.i0 -1.000000 -0.505207
DS2.d21.s0.i0 -1.000000 0.219071
DS2.d22.s0.i0 1.000000 1.067058
DS2.d23.s0.i0 1.000000 0.623340
DS2.d24.s0.i0 1.000000 0.774944
DS2.d24.s0.i1 -1.000000 0.090944
DS2.d24.s1.i0 1.000000 0.770315
DS2.d24.s2.i0 -1.000000 -0.320116
DS2.d24.s3.i1 -1.000000 -0.134932
DS2.d24.s3.i0 1.000000 0.207691
DS2.d26.s0.i0 -1.000000 -0.810148
DS2.d26.s0.i1 -1.000000 -1.085130
DS2.d26.s0.i2 -1.000000 -0.950322
DS2.d26.s0.i3 -1.000000 -1.088053
DS2.d26.s0.i4 -1.000000 -1.034736
DS2.d26.s0.i5 -1.000000 -0.943621
DS2.d26.s0.i6 -1.000000 -0.918254
DS2.d26.s0.i7 -1.000000 -0.981223
DS2.d1061.s0.i0 1.000000 0.962232
DS2.d446.s1.i0 1.000000 0.540705
DS2.d446.s0.i3 1.000000 0.860491
DS2.d446.s0.i2 1.000000 0.853909
DS2.d446.s0.i1 1.000000 0.745810
DS2.d446.s0.i0 1.000000 0.742834
DS2.d1063.s0.i0 1.000000 0.631063
DS2.d1063.s0.i1 1.000000 0.716694
DS2.d97.s0.i0 -1.000000 -0.745435
DS2.d97.s0.i1 -1.000000 -0.770647
DS2.d97.s0.i2 -1.000000 -0.555089
DS2.d731.s0.i0 1.000000 0.615554
DS2.d444.s1.i0 1.000000 0.816342
DS2.d444.s1.i1 1.000000 0.839935
DS2.d444.s0.i1 1.000000 0.746816
DS2.d444.s0.i0 1.000000 0.894160
DS2.d779.s0.i0 1.000000 0.607103
DS2.d778.s3.i0 1.000000 0.581294
DS2.d778.s2.i1 -1.000000 -0.185690
DS2.d778.s2.i0 -1.000000 -0.574459
DS2.d778.s1.i0 -1.000000 -0.885027
DS2.d778.s0.i0 1.000000 0.506817
DS2.d730.s0.i1 1.000000 0.607213
DS2.d730.s0.i0 1.000000 0.729096
DS2.d775.s0.i0 1.000000 0.885758
DS2.d775.s1.i0 1.000000 0.734177
DS2.d774.s2.i1 -1.000000 -0.796221
DS2.d774.s2.i0 -1.000000 -0.789724
DS2.d774.s1.i0 -1.000000 -0.627156
DS2.d774.s1.i1 -1.000000 -0.964849
DS2.d774.s1.i2 -1.000000 -0.662821
DS2.d774.s0.i1 -1.000000 -1.154627
DS2.d774.s0.i0 -1.000000 -1.161406
DS2.d777.s0.i0 1.000000 0.506832
DS2.d776.s0.i1 -1.000000 -0.881741
DS2.d776.s0.i0 -1.000000 -1.029156
DS2.d776.s0.i3 -1.000000 -0.955930
DS2.d776.s0.i2 -1.000000 -1.025599
DS2.d771.s0.i2 -1.000000 -0.775560
DS2.d771.s0.i3 -1.000000 -0.762536
DS2.d771.s0.i0 -1.000000 -0.607363
DS2.d771.s0.i1 -1.000000 -0.589104
DS2.d773.s0.i0 -1.000000 -0.797136
DS2.d773.s0.i1 -1.000000 -0.840751
DS2.d772.s1.i0 -1.000000 -0.712348
DS2.d772.s1.i1 -1.000000 -0.760128
DS2.d772.s0.i0 1.000000 0.897253
DS2.d674.s0.i2 -1.000000 -0.715488
DS2.d674.s0.i3 -1.000000 -0.891195
DS2.d674.s0.i0 -1.000000 -0.596809
DS2.d674.s0.i1 -1.000000 -0.815964
DS2.d675.s1.i0 -1.000000 -0.791501
DS2.d675.s0.i0 -1.000000 -0.809002
DS2.d579.s0.i0 -1.000000 -0.640374
DS2.d579.s0.i1 -1.000000 -0.708334
DS2.d579.s0.i2 -1.000000 -0.770167
DS2.d579.s0.i3 -1.000000 -0.651005
DS2.d578.s0.i1 1.000000 0.743707
DS2.d578.s0.i0 1.000000 1.006790
DS2.d670.s0.i0 -1.000000 0.367873
DS2.d670.s0.i1 -1.000000 0.010828
DS2.d671.s1.i4 -1.000000 -0.717214
DS2.d671.s1.i5 -1.000000 -0.766038
DS2.d671.s1.i0 -1.000000 -1.025607
DS2.d671.s1.i1 -1.000000 -0.770757
DS2.d671.s1.i2 -1.000000 -0.796334
DS2.d671.s1.i3 1.000000 -0.174719
DS2.d671.s0.i0 1.000000 0.562271
DS2.d672.s0.i0 1.000000 0.748815
DS2.d672.s0.i1 1.000000 0.883703
DS2.d672.s0.i2 1.000000 0.829720
DS2.d672.s0.i3 1.000000 0.806546
DS2.d673.s1.i0 1.000000 0.839200
DS2.d673.s0.i0 1.000000 0.748382
DS2.d573.s0.i0 1.000000 1.339215
DS2.d573.s1.i0 1.000000 1.030626
DS2.d572.s0.i0 1.000000 1.159892
DS2.d571.s0.i0 1.000000 1.034169
DS2.d571.s1.i1 1.000000 0.874260
DS2.d571.s1.i0 1.000000 1.006736
DS2.d570.s0.i0 -1.000000 -0.509039
DS2.d678.s0.i0 1.000000 0.839814
DS2.d576.s2.i0 1.000000 0.790197
DS2.d576.s1.i0 1.000000 0.695676
DS2.d576.s0.i0 1.000000 0.212484
DS2.d575.s0.i0 1.000000 0.632312
DS2.d575.s0.i1 1.000000 0.854880
DS2.d575.s0.i2 1.000000 0.633192
DS2.d575.s0.i3 1.000000 0.714985
DS2.d574.s0.i0 1.000000 0.621110
DS2.d739.s0.i0 1.000000 0.728866
DS2.d362.s0.i0 1.000000 0.945128
DS2.d139.s0.i0 1.000000 0.361591
DS2.d139.s0.i1 -1.000000 -0.131026
DS2.d138.s0.i1 1.000000 0.821407
DS2.d138.s0.i0 1.000000 0.851288
DS2.d132.s0.i3 1.000000 0.852633
DS2.d132.s0.i2 1.000000 0.835422
DS2.d132.s0.i1 1.000000 0.740582
DS2.d132.s0.i0 1.000000 1.028800
DS2.d131.s0.i0 1.000000 0.476263
DS2.d136.s0.i0 -1.000000 -0.745038
DS2.d135.s0.i0 1.000000 0.765054
DS2.d134.s1.i0 -1.000000 -0.106557
DS2.d134.s1.i1 1.000000 0.128545
DS2.d134.s0.i0 -1.000000 -0.425732
DS2.d134.s2.i0 -1.000000 -0.334397
DS2.d708.s0.i0 1.000000 0.777633
DS2.d708.s0.i1 1.000000 0.715040
DS2.d709.s1.i0 1.000000 0.950175
DS2.d709.s0.i0 1.000000 0.899734
DS2.d700.s0.i0 1.000000 0.181321
DS2.d702.s0.i0 1.000000 0.703790
DS2.d703.s0.i0 -1.000000 -0.353668
DS2.d704.s0.i2 -1.000000 -1.069553
DS2.d704.s0.i0 -1.000000 -0.894100
DS2.d704.s0.i1 -1.000000 -1.011098
DS2.d705.s0.i0 -1.000000 -0.668018
DS2.d706.s0.i0 1.000000 0.791366
DS2.d707.s0.i0 1.000000 0.892052
DS2.d850.s0.i0 1.000000 0.285255
DS2.d850.s0.i1 -1.000000 0.150994
DS2.d851.s1.i0 1.000000 0.377411
DS2.d851.s0.i1 1.000000 1.099519
DS2.d851.s0.i0 1.000000 0.872585
DS2.d852.s0.i0 1.000000 0.505106
DS2.d852.s0.i1 1.000000 0.754709
DS2.d853.s1.i0 1.000000 0.893886
DS2.d853.s1.i1 1.000000 0.893886
DS2.d853.s0.i1 1.000000 0.761555
DS2.d853.s0.i0 1.000000 0.825798
DS2.d854.s0.i0 -1.000000 -0.139316
DS2.d855.s1.i0 1.000000 0.901976
DS2.d855.s0.i0 1.000000 0.471299
DS2.d856.s0.i0 1.000000 0.952239
DS2.d857.s1.i0 1.000000 1.043060
DS2.d857.s0.i0 1.000000 0.652716
DS2.d858.s0.i0 1.000000 0.484460
DS2.d858.s1.i0 1.000000 0.777845
DS2.d859.s0.i0 1.000000 0.854781
DS2.d1057.s0.i0 1.000000 0.907529
DS2.d767.s0.i0 -1.000000 -0.574982
DS2.d1051.s0.i0 1.000000 1.011562
DS2.d1052.s0.i0 1.000000 0.791748
DS2.d1053.s0.i1 1.000000 0.896813
DS2.d1053.s0.i0 1.000000 0.900842
DS2.d1055.s1.i0 1.000000 0.890533
DS2.d1055.s1.i1 1.000000 0.753277
DS2.d1055.s0.i0 1.000000 0.813685
DS2.d1056.s0.i0 1.000000 0.896755
DS2.d318.s0.i1 -1.000000 -0.956901
DS2.d318.s0.i0 -1.000000 -0.877267
DS2.d318.s0.i3 -1.000000 -0.877267
DS2.d318.s0.i2 -1.000000 -0.956901
DS2.d1058.s0.i0 -1.000000 -0.842446
DS2.d1058.s0.i1 -1.000000 -0.802341
DS2.d316.s0.i0 -1.000000 0.596178
DS2.d315.s0.i0 1.000000 1.063800
DS2.d314.s1.i0 -1.000000 -0.016733
DS2.d314.s0.i1 -1.000000 -0.616867
DS2.d314.s0.i0 -1.000000 -0.632631
DS2.d313.s0.i0 -1.000000 -0.615699
DS2.d313.s0.i1 -1.000000 -0.653105
DS2.d312.s0.i2 -1.000000 -0.944058
DS2.d312.s0.i1 -1.000000 -0.959600
DS2.d312.s0.i0 -1.000000 -0.921809
DS2.d311.s0.i0 -1.000000 -0.123739
DS2.d311.s0.i1 1.000000 0.328309
DS2.d310.s0.i1 -1.000000 -0.922250
DS2.d310.s0.i0 -1.000000 -0.958569
DS2.d310.s0.i3 -1.000000 -0.867875
DS2.d310.s0.i2 -1.000000 -0.866957
DS2.d256.s0.i0 1.000000 0.627933
DS2.d256.s0.i1 1.000000 0.754513
DS2.d257.s0.i3 1.000000 0.820648
DS2.d257.s0.i2 1.000000 0.909167
DS2.d257.s0.i1 1.000000 0.783938
DS2.d257.s0.i0 1.000000 0.699076
DS2.d254.s0.i0 -1.000000 -0.999436
DS2.d255.s0.i1 1.000000 0.534455
DS2.d255.s0.i0 1.000000 0.685905
DS2.d252.s0.i0 1.000000 0.648693
DS2.d252.s1.i0 1.000000 0.830435
DS2.d253.s0.i0 -1.000000 -0.398757
DS2.d250.s0.i0 1.000000 0.659900
DS2.d251.s0.i1 -1.000000 -0.570996
DS2.d251.s0.i0 -1.000000 -0.579409
DS2.d569.s0.i1 1.000000 0.756469
DS2.d569.s0.i0 1.000000 0.821028
DS2.d825.s0.i0 1.000000 0.870023
DS2.d825.s1.i1 -1.000000 -0.752489
DS2.d825.s1.i0 -1.000000 -0.722652
DS2.d825.s1.i2 -1.000000 -0.750807
DS2.d827.s0.i0 1.000000 0.903265
DS2.d826.s0.i5 -1.000000 -1.014781
DS2.d826.s0.i4 -1.000000 -0.901508
DS2.d826.s0.i7 -1.000000 -1.076254
DS2.d826.s0.i6 -1.000000 -0.831797
DS2.d826.s0.i1 -1.000000 -0.927321
DS2.d826.s0.i0 -1.000000 -0.997511
DS2.d826.s0.i3 -1.000000 -0.917115
DS2.d826.s0.i2 -1.000000 -0.970277
DS2.d826.s0.i10 -1.000000 -1.034179
DS2.d826.s0.i9 -1.000000 -1.065416
DS2.d826.s0.i8 -1.000000 -0.957255
DS2.d826.s0.i11 -1.000000 -1.068914
DS2.d826.s0.i12 -1.000000 -0.968067
DS2.d826.s0.i13 -1.000000 -0.968829
DS2.d821.s0.i0 1.000000 1.074994
DS2.d823.s4.i0 -1.000000 -0.475365
DS2.d823.s4.i1 -1.000000 -0.344713
DS2.d823.s2.i0 1.000000 0.676802
DS2.d823.s3.i0 -1.000000 -0.478082
DS2.d823.s0.i0 1.000000 1.080625
DS2.d823.s0.i1 1.000000 1.078257
DS2.d823.s1.i1 1.000000 0.970761
DS2.d823.s1.i0 1.000000 0.901768
DS2.d822.s1.i0 1.000000 0.706382
DS2.d822.s0.i0 1.000000 0.707633
DS2.d818.s0.i0 1.000000 0.785957
DS2.d818.s0.i1 1.000000 0.903374
DS2.d829.s0.i0 1.000000 0.801251
DS2.d829.s0.i1 1.000000 1.078615
DS2.d828.s0.i1 -1.000000 -0.943932
DS2.d828.s0.i0 -1.000000 -1.010257
DS2.d819.s0.i1 1.000000 0.801391
DS2.d819.s0.i0 1.000000 0.807132
DS2.d658.s0.i0 1.000000 0.787581
DS2.d560.s0.i0 -1.000000 -0.443547
DS2.d659.s0.i0 -1.000000 -0.629884
DS2.d561.s3.i0 -1.000000 -0.721527
DS2.d561.s3.i1 -1.000000 -0.863796
DS2.d561.s2.i0 -1.000000 -0.701765
DS2.d561.s1.i0 -1.000000 -0.520972
DS2.d561.s0.i0 -1.000000 -0.359063
DS2.d99.s0.i6 -1.000000 0.246552
DS2.d99.s0.i4 1.000000 0.235281
DS2.d99.s0.i5 -1.000000 0.268332
DS2.d99.s0.i2 1.000000 0.494517
DS2.d99.s0.i3 1.000000 0.466233
DS2.d99.s0.i0 1.000000 0.260978
DS2.d99.s0.i1 1.000000 0.232957
DS2.d98.s1.i0 1.000000 0.926138
DS2.d98.s0.i2 1.000000 0.979201
DS2.d98.s0.i1 1.000000 0.982695
DS2.d98.s0.i0 1.000000 0.652525
DS2.d403.s0.i0 -1.000000 -0.303502
DS2.d402.s0.i0 -1.000000 -0.444296
DS2.d401.s0.i0 -1.000000 -0.695786
DS2.d401.s1.i0 1.000000 0.553739
DS2.d400.s0.i5 -1.000000 -0.960479
DS2.d400.s0.i4 -1.000000 -0.976231
DS2.d400.s0.i7 -1.000000 -1.007536
DS2.d400.s0.i6 -1.000000 -0.932530
DS2.d400.s0.i1 -1.000000 -0.880217
DS2.d400.s0.i0 -1.000000 -0.986186
DS2.d400.s0.i3 -1.000000 -0.861134
DS2.d400.s0.i2 -1.000000 -0.979994
DS2.d405.s0.i0 1.000000 0.209358
DS2.d405.s0.i1 -1.000000 -0.043088
DS2.d405.s0.i2 -1.000000 -0.069650
DS2.d405.s0.i3 1.000000 0.337073
DS2.d404.s1.i0 1.000000 0.909848
DS2.d404.s0.i1 1.000000 -0.063974
DS2.d404.s0.i0 -1.000000 0.069144
DS2.d810.s0.i0 -1.000000 -0.689336
DS2.d409.s0.i0 1.000000 0.455416
DS2.d408.s0.i1 -1.000000 -0.605057
DS2.d408.s0.i0 -1.000000 -0.802731
DS2.d408.s0.i3 -1.000000 -0.730962
DS2.d408.s0.i2 -1.000000 -0.671025
DS2.d919.s0.i0 1.000000 0.985315
DS2.d95.s0.i0 -1.000000 -0.951047
DS2.d94.s0.i1 1.000000 0.856644
DS2.d94.s0.i0 1.000000 0.785343
DS2.d911.s0.i0 -1.000000 -0.963362
DS2.d910.s0.i1 1.000000 0.831316
DS2.d910.s0.i0 1.000000 0.710658
DS2.d913.s2.i0 1.000000 0.717694
DS2.d913.s0.i0 1.000000 0.766591
DS2.d913.s1.i0 1.000000 0.886102
DS2.d912.s0.i0 1.000000 0.211597
DS2.d915.s0.i0 1.000000 0.994770
DS2.d915.s0.i1 1.000000 1.048659
DS2.d915.s1.i0 1.000000 0.983413
DS2.d799.s0.i0 -1.000000 -0.707923
DS2.d799.s1.i0 -1.000000 -0.794920
DS2.d916.s0.i0 1.000000 0.793687
DS2.d651.s0.i1 1.000000 0.872295
DS2.d651.s0.i0 1.000000 0.867008
DS2.d651.s0.i3 1.000000 0.812447
DS2.d651.s0.i2 1.000000 0.782007
DS2.d91.s0.i0 1.000000 0.607171
DS2.d91.s1.i1 1.000000 0.886710
DS2.d91.s1.i0 1.000000 0.836520
DS2.d91.s2.i4 1.000000 0.939815
DS2.d91.s2.i0 1.000000 0.860311
DS2.d91.s2.i1 1.000000 0.873755
DS2.d91.s2.i2 1.000000 0.817149
DS2.d91.s2.i3 1.000000 0.838939
DS2.d90.s0.i2 1.000000 0.265860
DS2.d90.s0.i1 -1.000000 0.072067
DS2.d90.s0.i0 1.000000 0.346360
DS2.d93.s0.i0 1.000000 0.859366
DS2.d92.s0.i0 1.000000 0.873521
DS2.d499.s0.i3 -1.000000 -0.954521
DS2.d499.s0.i2 -1.000000 -0.921009
DS2.d499.s0.i1 -1.000000 -1.040495
DS2.d499.s0.i0 -1.000000 -0.991332
DS2.d537.s0.i0 1.000000 0.723025
DS2.d536.s0.i0 1.000000 0.829602
DS2.d535.s0.i0 -1.000000 -0.945631
DS2.d535.s0.i1 -1.000000 -0.817119
DS2.d534.s0.i0 -1.000000 -0.882689
DS2.d533.s0.i6 -1.000000 -0.901940
DS2.d533.s0.i7 -1.000000 -0.996704
DS2.d533.s0.i4 -1.000000 -0.843566
DS2.d533.s0.i5 -1.000000 -0.927939
DS2.d533.s0.i2 -1.000000 -1.042610
DS2.d533.s0.i3 -1.000000 -1.021519
DS2.d533.s0.i0 -1.000000 -0.967387
DS2.d533.s0.i1 -1.000000 -0.869504
DS2.d532.s1.i0 -1.000000 -0.677066
DS2.d532.s0.i0 1.000000 0.718727
DS2.d531.s0.i0 1.000000 0.332557
DS2.d531.s1.i0 1.000000 0.788424
DS2.d530.s1.i0 1.000000 0.882238
DS2.d530.s1.i1 1.000000 0.966751
DS2.d530.s0.i0 1.000000 0.611656
DS2.d530.s2.i1 1.000000 0.967733
DS2.d530.s2.i0 1.000000 1.037265
DS2.d539.s0.i0 1.000000 0.838491
DS2.d539.s0.i1 1.000000 0.723828
DS2.d538.s0.i0 -1.000000 -0.317453
DS2.d51.s0.i0 1.000000 0.719529
DS2.d51.s0.i1 1.000000 0.774509
DS2.d50.s0.i0 -1.000000 -0.520914
DS2.d53.s0.i0 1.000000 0.979155
DS2.d53.s0.i1 1.000000 0.817868
DS2.d53.s0.i2 1.000000 0.911021
DS2.d52.s1.i0 1.000000 0.839004
DS2.d52.s0.i1 -1.000000 -0.794305
DS2.d52.s0.i0 -1.000000 -0.771761
DS2.d55.s0.i0 -1.000000 -0.662960
DS2.d54.s1.i0 1.000000 0.465465
DS2.d54.s0.i0 1.000000 0.868317
DS2.d57.s0.i0 1.000000 0.724086
DS2.d57.s0.i1 1.000000 0.837459
DS2.d56.s0.i1 1.000000 0.280847
DS2.d56.s0.i0 -1.000000 -0.001977
DS2.d56.s0.i3 -1.000000 0.022496
DS2.d56.s0.i2 1.000000 0.177850
DS2.d56.s0.i4 1.000000 0.181584
DS2.d59.s0.i0 1.000000 0.557299
DS2.d59.s0.i1 1.000000 0.557299
DS2.d58.s0.i3 1.000000 0.991518
DS2.d58.s0.i2 1.000000 0.781869
DS2.d58.s0.i1 1.000000 0.978750
DS2.d58.s0.i0 1.000000 0.789404
DS2.d58.s0.i5 1.000000 0.977178
DS2.d58.s0.i4 1.000000 0.881975
DS2.d448.s0.i0 1.000000 0.934890
DS2.d490.s0.i0 1.000000 0.869672
DS2.d490.s0.i1 1.000000 0.661802
DS2.d509.s0.i0 1.000000 0.238816
DS2.d491.s0.i2 1.000000 0.625734
DS2.d491.s0.i1 1.000000 0.555567
DS2.d491.s0.i0 1.000000 0.962169
DS2.d177.s0.i0 1.000000 0.937578
DS2.d177.s1.i5 1.000000 -0.070352
DS2.d177.s1.i4 -1.000000 -0.314169
DS2.d177.s1.i1 -1.000000 -0.356101
DS2.d177.s1.i0 -1.000000 -0.277757
DS2.d177.s1.i3 1.000000 -0.083312
DS2.d177.s1.i2 -1.000000 -0.263715
DS2.d177.s2.i0 -1.000000 -0.530638
DS2.d177.s3.i0 1.000000 0.478261
DS2.d177.s4.i0 1.000000 0.960726
DS2.d177.s4.i1 1.000000 0.728723
DS2.d176.s0.i0 -1.000000 -0.812345
DS2.d175.s0.i0 1.000000 0.616701
DS2.d174.s1.i2 1.000000 0.893378
DS2.d174.s1.i3 1.000000 0.857558
DS2.d174.s1.i0 1.000000 0.916466
DS2.d174.s1.i1 1.000000 0.842250
DS2.d174.s0.i1 1.000000 1.010985
DS2.d174.s0.i0 1.000000 0.925960
DS2.d173.s0.i0 -1.000000 -0.748804
DS2.d173.s0.i1 -1.000000 -0.870557
DS2.d172.s0.i0 -1.000000 -0.704720
DS2.d170.s0.i1 1.000000 0.847607
DS2.d170.s0.i0 1.000000 0.834396
DS2.d179.s0.i0 -1.000000 -0.303908
DS2.d179.s1.i1 -1.000000 -0.829797
DS2.d179.s1.i0 -1.000000 -0.824322
DS2.d178.s1.i0 -1.000000 -0.659544
DS2.d178.s0.i1 -1.000000 -0.871784
DS2.d178.s0.i0 -1.000000 -0.931750
DS2.d744.s0.i0 1.000000 0.647553
DS2.d745.s0.i2 1.000000 0.699295
DS2.d745.s0.i1 1.000000 0.657059
DS2.d745.s0.i0 1.000000 1.278968
DS2.d629.s0.i0 1.000000 0.825379
DS2.d629.s0.i1 1.000000 0.916717
DS2.d628.s0.i0 1.000000 0.830892
DS2.d740.s0.i0 1.000000 0.265097
DS2.d741.s0.i0 1.000000 0.786543
DS2.d742.s0.i0 1.000000 0.921699
DS2.d742.s0.i1 1.000000 0.661173
DS2.d623.s0.i0 1.000000 0.803974
DS2.d622.s4.i0 1.000000 0.750661
DS2.d622.s3.i0 1.000000 0.857225
DS2.d622.s2.i0 1.000000 0.498348
DS2.d622.s1.i0 1.000000 0.845571
DS2.d622.s1.i1 1.000000 0.761588
DS2.d622.s0.i0 1.000000 0.560972
DS2.d621.s0.i0 -1.000000 -0.816030
DS2.d621.s0.i1 -1.000000 -0.830851
DS2.d621.s0.i2 -1.000000 -0.878750
DS2.d621.s0.i3 -1.000000 -0.816030
DS2.d621.s1.i1 -1.000000 -0.734794
DS2.d621.s1.i0 -1.000000 -0.708591
DS2.d620.s0.i1 1.000000 0.261012
DS2.d620.s0.i0 -1.000000 -0.122212
DS2.d627.s0.i0 -1.000000 -0.589613
DS2.d627.s0.i1 -1.000000 -0.663242
DS2.d626.s0.i0 1.000000 0.578721
DS2.d625.s0.i0 1.000000 0.745934
DS2.d624.s0.i1 1.000000 0.406741
DS2.d624.s0.i0 -1.000000 -0.068997
DS2.d624.s0.i2 1.000000 0.567267
DS2.d501.s1.i0 -1.000000 -0.718450
DS2.d501.s1.i1 -1.000000 -1.000269
DS2.d501.s0.i1 -1.000000 -1.074893
DS2.d501.s0.i0 -1.000000 -0.990832
DS2.d1018.s0.i0 1.000000 0.893766
DS2.d1019.s0.i0 1.000000 0.506456
DS2.d1014.s0.i0 -1.000000 0.816150
DS2.d1014.s1.i0 1.000000 0.606453
DS2.d1014.s2.i0 1.000000 0.809920
DS2.d1015.s0.i3 1.000000 0.942122
DS2.d1015.s0.i2 1.000000 0.843404
DS2.d1015.s0.i1 1.000000 0.942122
DS2.d1015.s0.i0 1.000000 0.843404
DS2.d1015.s0.i5 1.000000 0.970493
DS2.d1015.s0.i4 1.000000 0.970493
DS2.d1016.s0.i0 1.000000 0.509912
DS2.d1017.s0.i0 1.000000 1.032885
DS2.d1010.s0.i0 -1.000000 -0.208072
DS2.d1011.s1.i0 1.000000 0.671317
DS2.d1011.s0.i0 1.000000 0.697976
DS2.d1012.s0.i0 1.000000 0.869273
DS2.d1012.s0.i1 1.000000 0.835481
DS2.d1013.s1.i0 1.000000 0.662951
DS2.d1013.s0.i0 1.000000 0.538789
DS2.d212.s0.i2 -1.000000 -0.519225
DS2.d212.s0.i0 -1.000000 -0.403523
DS2.d212.s0.i1 1.000000 0.129739
DS2.d212.s1.i1 1.000000 0.907507
DS2.d212.s1.i0 1.000000 0.663493
DS2.d212.s1.i3 1.000000 0.872086
DS2.d212.s1.i2 1.000000 0.915358
DS2.d213.s0.i3 -1.000000 -0.947104
DS2.d213.s0.i2 -1.000000 -0.974108
DS2.d213.s0.i1 -1.000000 -0.850012
DS2.d213.s0.i0 -1.000000 -0.837777
DS2.d210.s2.i0 1.000000 0.672425
DS2.d210.s0.i0 1.000000 0.864276
DS2.d210.s0.i1 1.000000 0.823670
DS2.d210.s1.i0 1.000000 0.706595
DS2.d211.s0.i0 1.000000 0.967146
DS2.d216.s0.i0 -1.000000 -0.381293
DS2.d217.s0.i5 -1.000000 -0.739014
DS2.d217.s0.i4 -1.000000 -0.812975
DS2.d217.s0.i3 -1.000000 -0.891933
DS2.d217.s0.i2 -1.000000 -0.865616
DS2.d217.s0.i1 -1.000000 -0.879720
DS2.d217.s0.i0 -1.000000 -0.892948
DS2.d214.s0.i0 1.000000 0.646864
DS2.d215.s0.i0 1.000000 0.815591
DS2.d219.s0.i0 -1.000000 -0.792393
DS2.d567.s0.i0 -1.000000 0.461625
DS2.d488.s0.i0 1.000000 1.109518
DS2.d920.s0.i0 -1.000000 -0.597359
DS2.d920.s0.i1 -1.000000 -0.873370
DS2.d921.s0.i0 1.000000 0.719650
DS2.d922.s0.i0 1.000000 0.810624
DS2.d923.s1.i0 -1.000000 -1.017559
DS2.d923.s0.i0 -1.000000 -0.468621
DS2.d924.s0.i0 -1.000000 -0.606937
DS2.d924.s0.i1 -1.000000 -0.656122
DS2.d925.s0.i1 -1.000000 -0.681008
DS2.d925.s0.i0 -1.000000 -0.731071
DS2.d926.s0.i0 -1.000000 -0.631106
DS2.d926.s0.i1 -1.000000 -0.631106
DS2.d927.s1.i0 1.000000 0.664172
DS2.d927.s0.i0 1.000000 0.653895
DS2.d929.s0.i8 -1.000000 -0.794817
DS2.d929.s0.i3 -1.000000 -0.897506
DS2.d929.s0.i2 -1.000000 -0.988150
DS2.d929.s0.i1 -1.000000 -0.944656
DS2.d929.s0.i0 -1.000000 -0.830131
DS2.d929.s0.i7 -1.000000 -0.902827
DS2.d929.s0.i6 -1.000000 -0.945965
DS2.d929.s0.i5 -1.000000 -1.024818
DS2.d929.s0.i4 -1.000000 -0.989297
DS2.d887.s0.i2 -1.000000 -0.804743
DS2.d887.s0.i0 -1.000000 -0.793077
DS2.d887.s0.i1 -1.000000 -0.903217
DS2.d886.s0.i0 1.000000 0.773624
DS2.d885.s0.i0 -1.000000 0.123562
DS2.d885.s1.i3 -1.000000 -0.803409
DS2.d885.s1.i2 -1.000000 -0.750711
DS2.d885.s1.i1 -1.000000 -0.799298
DS2.d885.s1.i0 -1.000000 -0.764979
DS2.d884.s1.i0 1.000000 0.611002
DS2.d884.s0.i1 1.000000 1.021136
DS2.d884.s0.i0 1.000000 0.991126
DS2.d884.s2.i1 1.000000 0.846412
DS2.d884.s2.i0 1.000000 0.867092
DS2.d883.s0.i0 -1.000000 -0.097404
DS2.d883.s0.i1 1.000000 0.512042
DS2.d882.s1.i0 -1.000000 -0.865610
DS2.d882.s1.i1 -1.000000 -0.950853
DS2.d882.s0.i0 1.000000 1.067388
DS2.d881.s0.i0 1.000000 0.425824
DS2.d881.s0.i1 1.000000 0.608391
DS2.d881.s0.i2 1.000000 0.346201
DS2.d881.s0.i3 -1.000000 0.296912
DS2.d880.s1.i0 -1.000000 -0.801898
DS2.d880.s0.i1 -1.000000 -1.104017
DS2.d880.s0.i0 -1.000000 -0.930680
DS2.d447.s0.i0 1.000000 0.526727
DS2.d447.s1.i0 1.000000 1.009960
DS2.d1060.s0.i0 1.000000 0.943978
DS2.d445.s0.i0 1.000000 0.545422
DS2.d1062.s0.i0 -1.000000 -0.475924
DS2.d443.s0.i2 1.000000 0.793763
DS2.d443.s0.i0 1.000000 0.707224
DS2.d443.s0.i1 1.000000 0.704380
DS2.d442.s1.i0 1.000000 0.730322
DS2.d442.s0.i0 -1.000000 -0.719245
DS2.d441.s0.i0 1.000000 0.846374
DS2.d441.s1.i0 1.000000 0.660737
DS2.d888.s0.i0 1.000000 0.685729
DS2.d366.s0.i0 1.000000 0.887946
DS2.d366.s1.i0 1.000000 0.636510
DS2.d366.s2.i0 1.000000 0.596121
DS2.d366.s2.i1 1.000000 0.546750
DS2.d366.s3.i0 1.000000 0.786868
DS2.d367.s0.i0 -1.000000 -0.584253
DS2.d364.s0.i0 -1.000000 -0.819529
DS2.d365.s0.i0 -1.000000 -0.120758
DS2.d289.s0.i0 1.000000 0.439225
DS2.d363.s0.i1 -1.000000 -0.401022
DS2.d363.s0.i0 -1.000000 -0.704379
DS2.d360.s0.i0 1.000000 0.831617
DS2.d361.s0.i0 1.000000 0.927416
DS2.d285.s0.i0 1.000000 0.341506
DS2.d285.s1.i1 -1.000000 -1.045224
DS2.d285.s1.i0 -1.000000 -1.039060
DS2.d285.s1.i3 -1.000000 -0.948000
DS2.d285.s1.i2 -1.000000 -0.944334
DS2.d284.s0.i0 1.000000 0.894551
DS2.d287.s0.i0 1.000000 0.893986
DS2.d281.s0.i0 -1.000000 0.078136
DS2.d283.s0.i0 -1.000000 -0.600442
DS2.d369.s1.i0 -1.000000 -0.647826
DS2.d369.s0.i0 -1.000000 -0.737771
DS2.d369.s2.i0 -1.000000 -0.846118
DS2.d955.s0.i0 1.000000 0.659384
DS2.d954.s0.i3 1.000000 0.916926
DS2.d954.s0.i2 1.000000 0.834587
DS2.d954.s0.i1 1.000000 1.073324
DS2.d954.s0.i0 1.000000 0.947989
DS2.d957.s0.i0 1.000000 0.869659
DS2.d957.s0.i1 1.000000 0.996358
DS2.d956.s0.i1 1.000000 0.982495
DS2.d956.s0.i0 1.000000 0.902928
DS2.d951.s0.i6 -1.000000 -0.948324
DS2.d951.s0.i7 -1.000000 -0.932208
DS2.d951.s0.i4 -1.000000 -0.972405
DS2.d951.s0.i5 -1.000000 -1.031984
DS2.d951.s0.i2 -1.000000 -0.984512
DS2.d951.s0.i3 -1.000000 -0.943957
DS2.d951.s0.i0 -1.000000 -1.000397
DS2.d951.s0.i1 -1.000000 -1.050033
DS2.d951.s0.i8 -1.000000 -1.043380
DS2.d951.s0.i9 -1.000000 -1.061998
DS2.d951.s1.i0 1.000000 0.589064
DS2.d950.s0.i1 -1.000000 -0.562227
DS2.d950.s0.i0 -1.000000 -0.600239
DS2.d953.s0.i0 -1.000000 -0.418961
DS2.d952.s0.i1 1.000000 0.922930
DS2.d952.s0.i0 1.000000 0.887315
DS2.d952.s0.i3 1.000000 0.743378
DS2.d952.s0.i2 1.000000 0.682494
DS2.d814.s0.i0 -1.000000 -0.790508
DS2.d814.s0.i1 -1.000000 -1.027798
DS2.d814.s1.i1 -1.000000 -1.028867
DS2.d814.s1.i0 -1.000000 -0.934793
DS2.d814.s1.i2 -1.000000 -1.066728
DS2.d814.s2.i0 -1.000000 -0.572108
DS2.d815.s0.i0 1.000000 0.843781
DS2.d816.s0.i0 1.000000 0.854105
DS2.d817.s0.i0 -1.000000 -0.584057
DS2.d959.s0.i0 -1.000000 -0.776977
DS2.d959.s0.i1 -1.000000 -0.825403
DS2.d958.s0.i1 1.000000 0.910972
DS2.d958.s0.i0 1.000000 0.891878
DS2.d812.s0.i0 -1.000000 -0.312335
DS2.d812.s0.i1 -1.000000 -0.554505
DS2.d812.s1.i3 1.000000 0.894220
DS2.d812.s1.i2 1.000000 0.890144
DS2.d812.s1.i1 1.000000 0.869816
DS2.d812.s1.i0 1.000000 0.918631
DS2.d813.s1.i0 -1.000000 -0.551088
DS2.d813.s0.i1 -1.000000 -0.660007
DS2.d813.s0.i0 -1.000000 -1.094021
DS2.d813.s0.i3 -1.000000 -0.971148
DS2.d813.s0.i2 -1.000000 -1.207244
DS2.d813.s2.i0 -1.000000 -0.960476
DS2.d282.s0.i0 -1.000000 -0.326506
DS2.d125.s1.i0 -1.000000 -0.816505
DS2.d125.s1.i1 -1.000000 -0.757833
DS2.d125.s0.i1 -1.000000 -0.813458
DS2.d125.s0.i0 -1.000000 -0.814046
DS2.d440.s0.i1 -1.000000 -0.885870
DS2.d440.s0.i0 -1.000000 -0.909186
DS2.d440.s0.i3 -1.000000 -0.795229
DS2.d440.s0.i2 -1.000000 -0.900306
DS2.d1.s0.i0 1.000000 0.863177
DS2.d0.s1.i0 1.000000 1.045945
DS2.d0.s0.i0 1.000000 0.887042
DS2.d3.s0.i0 1.000000 0.850094
DS2.d2.s1.i0 1.000000 0.483158
DS2.d2.s0.i0 1.000000 0.838842
DS2.d5.s0.i0 1.000000 -0.070990
DS2.d4.s0.i3 -1.000000 -0.982688
DS2.d4.s0.i2 -1.000000 -0.912407
DS2.d4.s0.i1 -1.000000 -0.967181
DS2.d4.s0.i0 -1.000000 -1.043719
DS2.d7.s0.i0 -1.000000 -0.671272
DS2.d6.s0.i9 -1.000000 -0.920852
DS2.d6.s0.i8 -1.000000 -0.982129
DS2.d6.s0.i1 -1.000000 -0.914657
DS2.d6.s0.i0 -1.000000 -1.048750
DS2.d6.s0.i3 -1.000000 -1.010708
DS2.d6.s0.i2 -1.000000 -0.991118
DS2.d6.s0.i5 -1.000000 -0.917033
DS2.d6.s0.i4 -1.000000 -1.062084
DS2.d6.s0.i7 -1.000000 -0.933573
DS2.d6.s0.i6 -1.000000 -0.993219
DS2.d9.s0.i0 1.000000 0.974078
DS2.d9.s0.i1 1.000000 0.842267
DS2.d8.s0.i2 1.000000 0.405517
DS2.d8.s0.i1 1.000000 0.827563
DS2.d8.s0.i0 -1.000000 -0.198564
DS2.d780.s0.i0 1.000000 0.754401
DS2.d894.s0.i0 1.000000 0.403538
DS2.d782.s0.i0 -1.000000 -0.865141
DS2.d785.s0.i0 1.000000 0.773050
DS2.d319.s0.i0 1.000000 0.511965
DS2.d895.s0.i0 1.000000 0.961392
DS2.d788.s0.i0 -1.000000 -0.890413
DS2.d788.s0.i1 -1.000000 -0.915830
DS2.d788.s1.i0 -1.000000 -0.837423
DS2.d789.s0.i0 -1.000000 -0.615397
DS2.d896.s2.i0 1.000000 0.899310
DS2.d896.s2.i1 1.000000 0.899310
DS2.d896.s0.i4 1.000000 1.037930
DS2.d896.s0.i5 1.000000 0.969291
DS2.d896.s0.i6 1.000000 0.946460
DS2.d896.s0.i7 1.000000 1.016780
DS2.d896.s0.i0 1.000000 1.073468
DS2.d896.s0.i1 1.000000 0.993972
DS2.d896.s0.i2 1.000000 0.829953
DS2.d896.s0.i3 1.000000 0.815725
DS2.d896.s1.i1 1.000000 0.786826
DS2.d896.s1.i0 1.000000 0.926644
DS2.d667.s0.i0 1.000000 1.006452
DS2.d667.s0.i1 1.000000 0.882065
DS2.d666.s0.i1 -1.000000 0.185032
DS2.d666.s0.i0 -1.000000 0.113677
DS2.d664.s1.i0 1.000000 0.753400
DS2.d664.s0.i0 1.000000 0.839764
DS2.d663.s0.i0 1.000000 0.972728
DS2.d663.s1.i1 1.000000 0.921468
DS2.d663.s1.i0 1.000000 0.902857
DS2.d663.s1.i2 1.000000 0.907174
DS2.d662.s0.i1 1.000000 0.620898
DS2.d662.s0.i0 1.000000 0.703409
DS2.d548.s0.i0 1.000000 0.707161
DS2.d548.s0.i1 1.000000 1.042363
DS2.d548.s0.i2 1.000000 0.867435
DS2.d548.s0.i3 1.000000 0.941761
DS2.d548.s0.i4 1.000000 0.800297
DS2.d548.s0.i5 1.000000 1.050180
DS2.d548.s0.i6 1.000000 0.946102
DS2.d548.s0.i7 1.000000 0.776025
DS2.d549.s1.i2 1.000000 0.778510
DS2.d549.s1.i3 1.000000 0.809144
DS2.d549.s1.i0 1.000000 1.034144
DS2.d549.s1.i1 1.000000 1.068872
DS2.d549.s0.i0 1.000000 0.292088
DS2.d546.s0.i10 -1.000000 -0.913653
DS2.d546.s0.i11 -1.000000 -1.041635
DS2.d546.s0.i2 -1.000000 -0.865085
DS2.d546.s0.i3 -1.000000 -0.962838
DS2.d546.s0.i0 -1.000000 -0.986848
DS2.d546.s0.i1 -1.000000 -0.831556
DS2.d546.s0.i6 -1.000000 -0.972546
DS2.d546.s0.i7 -1.000000 -1.028062
DS2.d546.s0.i4 -1.000000 -1.093216
DS2.d546.s0.i5 -1.000000 -0.999063
DS2.d546.s0.i8 -1.000000 -0.886654
DS2.d546.s0.i9 -1.000000 -0.835391
DS2.d546.s1.i1 -1.000000 -0.918743
DS2.d546.s1.i0 -1.000000 -0.823275
DS2.d890.s0.i0 1.000000 0.775275
DS2.d544.s0.i0 -1.000000 -0.506845
DS2.d544.s0.i1 -1.000000 -0.578981
DS2.d545.s0.i1 -1.000000 -0.611272
DS2.d545.s0.i0 -1.000000 -0.619792
DS2.d542.s0.i0 1.000000 0.804931
DS2.d543.s1.i0 1.000000 0.997015
DS2.d543.s1.i1 1.000000 0.997015
DS2.d543.s0.i0 1.000000 1.054225
DS2.d540.s0.i0 1.000000 1.000163
DS2.d891.s1.i0 -1.000000 -0.700282
DS2.d891.s1.i1 -1.000000 -0.865454
DS2.d891.s0.i1 1.000000 0.814591
DS2.d891.s0.i0 1.000000 0.760295
DS2.d892.s0.i0 -1.000000 -1.094467
DS2.d892.s0.i1 -1.000000 -0.885759
DS2.d892.s0.i2 -1.000000 -0.942795
DS2.d892.s0.i3 -1.000000 -0.898861
DS2.d892.s0.i4 -1.000000 -0.856803
DS2.d892.s0.i5 -1.000000 -0.987763
DS2.d892.s0.i6 -1.000000 -0.868758
DS2.d892.s0.i7 -1.000000 -1.087687
DS2.d892.s1.i2 -1.000000 -0.891119
DS2.d892.s1.i1 -1.000000 -0.764046
DS2.d892.s1.i0 -1.000000 -0.874687
DS2.d893.s0.i0 -1.000000 -0.535149
DS2.d568.s0.i0 1.000000 0.422367
DS2.d108.s0.i0 1.000000 0.818389
DS2.d109.s0.i0 -1.000000 -0.508827
DS2.d106.s0.i0 1.000000 0.082227
DS2.d107.s0.i1 1.000000 0.562328
DS2.d107.s0.i0 1.000000 0.574951
DS2.d105.s0.i1 -1.000000 -0.751600
DS2.d105.s0.i0 -1.000000 -0.709168
DS2.d102.s0.i0 1.000000 1.142462
DS2.d103.s0.i1 -1.000000 -0.748992
DS2.d103.s0.i0 -1.000000 -0.689795
DS2.d100.s0.i0 -1.000000 -0.732082
DS2.d100.s0.i1 -1.000000 -0.979568
DS2.d100.s0.i2 -1.000000 -1.033511
DS2.d598.s0.i0 1.000000 0.756532
DS2.d15.s0.i0 -1.000000 -0.723637
DS2.d15.s1.i0 1.000000 -0.079530
DS2.d15.s2.i0 -1.000000 -0.647943
DS2.d14.s0.i0 1.000000 1.026035
DS2.d17.s0.i0 -1.000000 -0.527832
DS2.d17.s0.i1 1.000000 0.488493
DS2.d17.s0.i2 1.000000 0.488493
DS2.d17.s0.i3 -1.000000 -0.527832
DS2.d16.s1.i2 1.000000 0.844704
DS2.d16.s1.i0 1.000000 0.814409
DS2.d16.s1.i1 1.000000 0.917375
DS2.d16.s0.i0 -1.000000 -0.517635
DS2.d11.s0.i0 1.000000 0.513768
DS2.d11.s1.i0 1.000000 1.103157
DS2.d10.s0.i1 1.000000 0.759510
DS2.d10.s0.i0 1.000000 0.739974
DS2.d13.s0.i0 -1.000000 -0.108086
DS2.d13.s0.i1 1.000000 0.339992
DS2.d13.s0.i2 -1.000000 0.247013
DS2.d13.s0.i3 1.000000 0.233050
DS2.d13.s1.i0 -1.000000 -0.484917
DS2.d12.s1.i2 -1.000000 -0.880297
DS2.d12.s1.i3 -1.000000 -0.790349
DS2.d12.s1.i0 -1.000000 -0.962235
DS2.d12.s1.i1 -1.000000 -1.012686
DS2.d12.s0.i1 -1.000000 -0.810764
DS2.d12.s0.i0 -1.000000 -0.979544
DS2.d12.s0.i3 -1.000000 -1.033070
DS2.d12.s0.i2 -1.000000 -0.977684
DS2.d713.s0.i0 1.000000 0.313689
DS2.d713.s0.i1 -1.000000 0.119198
DS2.d713.s1.i0 -1.000000 -0.470444
DS2.d711.s0.i0 1.000000 0.852672
DS2.d711.s0.i1 1.000000 0.795920
DS2.d710.s0.i1 1.000000 0.710092
DS2.d710.s0.i0 1.000000 0.754955
DS2.d717.s0.i0 1.000000 0.762827
DS2.d717.s0.i1 1.000000 0.801346
DS2.d18.s0.i2 1.000000 0.930426
DS2.d18.s0.i1 1.000000 0.917364
DS2.d18.s0.i0 1.000000 0.720239
DS2.d715.s0.i0 1.000000 0.997611
DS2.d715.s0.i1 1.000000 0.805910
DS2.d714.s1.i0 1.000000 0.697149
DS2.d714.s0.i0 1.000000 0.048742
DS2.d843.s0.i0 -1.000000 -0.684292
DS2.d843.s1.i0 -1.000000 -0.871921
DS2.d841.s0.i0 1.000000 0.774137
DS2.d840.s0.i1 -1.000000 -0.986349
DS2.d840.s0.i0 -1.000000 -1.015265
DS2.d847.s0.i0 1.000000 0.073729
DS2.d847.s0.i1 -1.000000 -0.211545
DS2.d846.s1.i0 -1.000000 -0.734604
DS2.d846.s1.i1 -1.000000 -0.733328
DS2.d846.s0.i11 1.000000 0.988278
DS2.d846.s0.i10 1.000000 0.864874
DS2.d846.s0.i9 1.000000 0.976738
DS2.d846.s0.i8 1.000000 0.900901
DS2.d846.s0.i7 1.000000 0.796324
DS2.d846.s0.i6 1.000000 0.942272
DS2.d846.s0.i5 1.000000 0.852310
DS2.d846.s0.i4 1.000000 0.876945
DS2.d846.s0.i3 1.000000 0.962724
DS2.d846.s0.i2 1.000000 0.905812
DS2.d846.s0.i1 1.000000 0.968323
DS2.d846.s0.i0 1.000000 0.932174
DS2.d845.s0.i0 -1.000000 -0.671059
DS2.d845.s0.i1 -1.000000 -0.644020
DS2.d845.s0.i2 -1.000000 -0.730406
DS2.d845.s0.i3 -1.000000 -0.567504
DS2.d844.s0.i1 -1.000000 -0.596759
DS2.d844.s0.i0 -1.000000 -0.616680
DS2.d849.s0.i0 -1.000000 -0.449821
DS2.d848.s1.i2 1.000000 0.960621
DS2.d848.s1.i0 1.000000 0.906208
DS2.d848.s1.i1 1.000000 0.934499
DS2.d848.s0.i0 1.000000 0.577289
DS2.d351.s0.i0 -1.000000 -0.529415
DS2.d351.s1.i0 -1.000000 -0.548673
DS2.d1025.s0.i0 1.000000 0.916831
DS2.d1025.s0.i1 1.000000 0.887974
DS2.d1025.s1.i1 1.000000 0.736293
DS2.d1025.s1.i0 1.000000 0.609600
DS2.d248.s0.i0 1.000000 0.831278
DS2.d320.s0.i0 1.000000 0.458451
DS2.d1026.s0.i1 1.000000 1.029754
DS2.d1026.s0.i0 1.000000 1.014187
DS2.d326.s0.i0 1.000000 0.632122
DS2.d326.s1.i1 1.000000 0.798629
DS2.d326.s1.i0 1.000000 0.743956
DS2.d1020.s0.i0 1.000000 0.679312
DS2.d324.s0.i0 1.000000 0.717737
DS2.d324.s0.i1 1.000000 0.960600
DS2.d324.s0.i2 1.000000 0.886908
DS2.d325.s1.i0 -1.000000 -0.880846
DS2.d325.s1.i1 -1.000000 -0.847200
DS2.d325.s0.i1 -1.000000 -0.387159
DS2.d325.s0.i0 -1.000000 -0.509305
DS2.d325.s0.i3 1.000000 0.371881
DS2.d325.s0.i2 1.000000 0.354684
DS2.d325.s2.i2 -1.000000 -0.958187
DS2.d325.s2.i1 -1.000000 -0.641687
DS2.d325.s2.i0 -1.000000 -0.890000
DS2.d241.s0.i0 1.000000 1.084531
DS2.d241.s1.i0 1.000000 0.898309
DS2.d328.s0.i0 1.000000 0.684778
DS2.d329.s0.i1 1.000000 0.790611
DS2.d329.s0.i0 1.000000 0.851916
DS2.d329.s0.i2 1.000000 0.809898
DS2.d245.s0.i0 -1.000000 -0.235787
DS2.d245.s0.i1 -1.000000 -0.398053
DS2.d1028.s0.i0 1.000000 0.742098
DS2.d247.s0.i0 -1.000000 -0.331369
DS2.d246.s0.i1 -1.000000 -0.650856
DS2.d246.s0.i0 -1.000000 -0.690423
DS2.d591.s0.i0 1.000000 0.822069
DS2.d591.s1.i0 1.000000 0.851080
DS2.d486.s0.i0 -1.000000 -0.743437
DS2.d914.s0.i0 -1.000000 -0.430116
DS2.d308.s0.i0 1.000000 0.834586
DS2.d308.s0.i1 1.000000 0.796905
DS2.d308.s1.i0 1.000000 0.686063
DS2.d359.s0.i0 1.000000 0.455087
DS2.d309.s0.i0 1.000000 0.560893
DS2.d590.s0.i5 -1.000000 -0.636199
DS2.d590.s0.i4 1.000000 0.126955
DS2.d590.s0.i3 -1.000000 -0.753136
DS2.d590.s0.i2 1.000000 0.175310
DS2.d590.s0.i1 -1.000000 -0.673536
DS2.d590.s0.i0 -1.000000 -0.668809
DS2.d358.s0.i0 1.000000 0.849414
DS2.d462.s0.i1 1.000000 0.907951
DS2.d462.s0.i0 1.000000 1.052383
DS2.d462.s0.i3 1.000000 1.065425
DS2.d462.s0.i2 1.000000 0.923903
DS2.d301.s0.i0 -1.000000 -0.133965
DS2.d304.s0.i0 -1.000000 -0.502020
DS2.d898.s0.i0 1.000000 0.718791
DS2.d898.s0.i1 1.000000 1.013626
DS2.d305.s2.i1 1.000000 0.772552
DS2.d305.s2.i0 1.000000 0.680260
DS2.d305.s1.i0 -1.000000 -0.429858
DS2.d305.s0.i3 1.000000 0.713713
DS2.d305.s0.i2 1.000000 0.717080
DS2.d305.s0.i1 1.000000 0.740126
DS2.d305.s0.i0 1.000000 0.753675
DS2.d306.s0.i0 -1.000000 0.424318
DS2.d436.s0.i0 -1.000000 -0.857902
DS2.d436.s0.i1 -1.000000 -0.878761
DS2.d436.s1.i0 -1.000000 -0.538418
DS2.d437.s1.i0 1.000000 1.067997
DS2.d437.s0.i0 1.000000 0.853071
DS2.d434.s0.i0 1.000000 0.531403
DS2.d434.s0.i1 1.000000 0.534700
DS2.d434.s0.i2 -1.000000 0.272649
DS2.d434.s0.i3 1.000000 0.459318
DS2.d435.s0.i11 1.000000 0.932932
DS2.d435.s0.i10 1.000000 0.942183
DS2.d435.s0.i12 1.000000 0.935808
DS2.d435.s0.i13 1.000000 0.912176
DS2.d435.s0.i5 1.000000 0.927373
DS2.d435.s0.i4 1.000000 0.935033
DS2.d435.s0.i7 1.000000 0.942806
DS2.d435.s0.i6 1.000000 0.920841
DS2.d435.s0.i1 1.000000 1.056964
DS2.d435.s0.i0 1.000000 0.918787
DS2.d435.s0.i3 1.000000 0.928602
DS2.d435.s0.i2 1.000000 0.926384
DS2.d435.s0.i15 1.000000 0.949096
DS2.d435.s0.i9 1.000000 1.041405
DS2.d435.s0.i8 1.000000 0.979191
DS2.d435.s0.i14 1.000000 0.987267
DS2.d432.s0.i0 -1.000000 -0.065929
DS2.d432.s0.i1 1.000000 0.139956
DS2.d432.s1.i1 1.000000 0.894639
DS2.d432.s1.i0 1.000000 0.561256
DS2.d433.s0.i1 -1.000000 -0.731138
DS2.d433.s0.i0 -1.000000 -0.801919
DS2.d430.s0.i0 -1.000000 -0.295223
DS2.d431.s0.i0 1.000000 0.802695
DS2.d469.s0.i4 -1.000000 -0.431361
DS2.d469.s0.i2 1.000000 0.102289
DS2.d469.s0.i3 1.000000 0.102289
DS2.d469.s0.i0 -1.000000 -0.431361
DS2.d469.s0.i1 -1.000000 -0.431361
DS2.d438.s0.i0 -1.000000 -0.120348
DS2.d439.s0.i0 -1.000000 -0.412248
DS2.d899.s0.i0 1.000000 0.594371
DS2.d968.s0.i0 1.000000 0.567074
DS2.d969.s0.i1 -1.000000 -0.480499
DS2.d969.s0.i0 -1.000000 -0.501700
DS2.d964.s0.i2 1.000000 0.909201
DS2.d964.s0.i3 1.000000 0.818415
DS2.d964.s0.i0 1.000000 0.865864
DS2.d964.s0.i1 1.000000 0.923418
DS2.d964.s1.i1 1.000000 0.778781
DS2.d964.s1.i0 1.000000 0.961934
DS2.d966.s0.i0 1.000000 0.666628
DS2.d967.s0.i1 1.000000 0.713356
DS2.d967.s0.i0 1.000000 0.858765
DS2.d960.s0.i0 -1.000000 -0.793981
DS2.d961.s0.i1 -1.000000 -0.794710
DS2.d961.s0.i0 -1.000000 -0.795888
DS2.d962.s0.i0 -1.000000 -0.054938
DS2.d963.s0.i1 -1.000000 -0.904889
DS2.d963.s0.i0 -1.000000 -0.961558
DS2.d618.s0.i0 1.000000 1.174103
DS2.d781.s0.i1 1.000000 0.741034
DS2.d781.s0.i0 1.000000 0.884044
DS2.d948.s0.i0 1.000000 0.795048
DS2.d335.s0.i0 1.000000 0.476853
DS2.d949.s1.i2 1.000000 0.459936
DS2.d949.s1.i0 -1.000000 0.140498
DS2.d949.s1.i1 1.000000 0.439102
DS2.d949.s0.i1 1.000000 0.433782
DS2.d949.s0.i0 -1.000000 0.022944
DS2.d949.s0.i2 1.000000 0.458182
DS2.d949.s3.i0 -1.000000 -0.280647
DS2.d949.s2.i0 1.000000 0.823527
DS2.d786.s0.i0 1.000000 0.901402
DS2.d786.s1.i0 1.000000 0.429714
DS2.d334.s0.i0 -1.000000 0.112873
DS2.d502.s0.i0 1.000000 0.623963
DS2.d502.s0.i1 1.000000 0.673815
DS2.d502.s1.i1 -1.000000 -0.877802
DS2.d502.s1.i0 -1.000000 -0.849668
DS2.d503.s0.i0 1.000000 1.150531
DS2.d500.s0.i0 -1.000000 -0.857733
DS2.d500.s0.i1 -1.000000 -0.826515
DS2.d500.s0.i2 -1.000000 -0.906237
DS2.d787.s1.i0 1.000000 0.643568
DS2.d787.s0.i1 1.000000 0.927570
DS2.d787.s0.i0 1.000000 1.056227
DS2.d787.s0.i3 1.000000 0.802893
DS2.d787.s0.i2 1.000000 1.168063
DS2.d506.s0.i0 -1.000000 -0.840015
DS2.d507.s0.i0 -1.000000 0.049514
DS2.d504.s0.i0 -1.000000 -0.218506
DS2.d505.s4.i0 1.000000 0.795083
DS2.d505.s1.i0 1.000000 0.859604
DS2.d505.s0.i0 1.000000 0.524788
DS2.d505.s3.i0 1.000000 0.976177
DS2.d505.s2.i0 1.000000 1.244279
DS2.d336.s0.i1 -1.000000 -0.963225
DS2.d336.s0.i0 -1.000000 -0.863928
DS2.d336.s0.i3 -1.000000 -0.994735
DS2.d336.s0.i2 -1.000000 -0.894760
DS2.d1021.s0.i4 -1.000000 -0.776223
DS2.d1021.s0.i5 -1.000000 -0.734886
DS2.d1021.s0.i2 -1.000000 -0.792171
DS2.d1021.s0.i3 1.000000 0.169988
DS2.d1021.s0.i0 1.000000 0.238256
DS2.d1021.s0.i1 -1.000000 0.179451
DS2.d610.s0.i0 1.000000 0.500554
DS2.d610.s1.i1 1.000000 0.952515
DS2.d610.s1.i0 1.000000 0.754799
DS2.d331.s0.i0 1.000000 0.908340
DS2.d331.s0.i1 1.000000 0.789201
DS2.d239.s0.i0 1.000000 0.704544
DS2.d333.s0.i0 1.000000 0.186289
DS2.d333.s0.i1 1.000000 0.292286
DS2.d333.s0.i2 -1.000000 0.049371
DS2.d333.s1.i0 1.000000 0.570716
DS2.d48.s0.i0 1.000000 0.928688
DS2.d48.s1.i0 1.000000 0.768944
DS2.d46.s0.i2 -1.000000 -0.723094
DS2.d46.s0.i0 -1.000000 -0.844800
DS2.d46.s0.i1 -1.000000 -0.894711
DS2.d47.s0.i2 -1.000000 -0.851139
DS2.d47.s0.i1 -1.000000 -0.667576
DS2.d47.s0.i0 -1.000000 -0.801818
DS2.d45.s0.i1 -1.000000 -0.845712
DS2.d45.s0.i0 -1.000000 -0.653046
DS2.d45.s0.i3 -1.000000 -0.712387
DS2.d45.s0.i2 -1.000000 -0.805662
DS2.d42.s0.i10 -1.000000 -0.947785
DS2.d42.s0.i11 -1.000000 -0.854447
DS2.d42.s0.i6 -1.000000 -0.942751
DS2.d42.s0.i7 -1.000000 -0.922794
DS2.d42.s0.i4 -1.000000 -1.032004
DS2.d42.s0.i5 -1.000000 -0.947394
DS2.d42.s0.i2 -1.000000 -0.743329
DS2.d42.s0.i3 -1.000000 -0.888483
DS2.d42.s0.i0 -1.000000 -1.016041
DS2.d42.s0.i1 -1.000000 -0.820548
DS2.d42.s0.i8 -1.000000 -0.964856
DS2.d42.s0.i9 -1.000000 -0.979666
DS2.d40.s0.i0 -1.000000 -0.854539
DS2.d41.s1.i0 1.000000 0.976242
DS2.d41.s0.i0 1.000000 0.662101
DS2.d41.s2.i0 1.000000 1.059325
DS2.d148.s0.i0 -1.000000 -0.838828
DS2.d148.s0.i1 -1.000000 -0.723585
DS2.d142.s0.i2 1.000000 0.811389
DS2.d142.s0.i3 1.000000 1.003024
DS2.d142.s0.i0 1.000000 0.908603
DS2.d142.s0.i1 1.000000 1.015373
DS2.d142.s1.i0 1.000000 0.837419
DS2.d140.s2.i0 1.000000 0.883894
DS2.d140.s3.i1 1.000000 0.906735
DS2.d140.s3.i0 1.000000 0.919182
DS2.d140.s0.i4 1.000000 1.111865
DS2.d140.s0.i5 1.000000 1.162428
DS2.d140.s0.i0 1.000000 0.884094
DS2.d140.s0.i1 1.000000 0.931848
DS2.d140.s0.i2 1.000000 0.884094
DS2.d140.s0.i3 1.000000 0.931848
DS2.d140.s1.i1 1.000000 0.993333
DS2.d140.s1.i0 1.000000 1.066512
DS2.d140.s4.i0 1.000000 1.063415
DS2.d140.s4.i1 1.000000 1.147185
DS2.d140.s4.i2 1.000000 0.957179
DS2.d140.s4.i3 1.000000 0.989001
DS2.d140.s4.i4 1.000000 1.180994
DS2.d140.s4.i5 1.000000 0.505414
DS2.d140.s4.i6 1.000000 1.138595
DS2.d140.s4.i7 1.000000 0.986813
DS2.d141.s1.i0 -1.000000 -0.168423
DS2.d141.s0.i0 -1.000000 -0.473177
DS2.d146.s0.i0 -1.000000 -0.673854
DS2.d146.s0.i1 -1.000000 -0.785745
DS2.d147.s0.i0 1.000000 0.599711
DS2.d144.s0.i0 1.000000 1.107768
DS2.d145.s1.i2 -1.000000 -0.719572
DS2.d145.s1.i0 -1.000000 -0.911155
DS2.d145.s1.i1 -1.000000 -0.828735
DS2.d145.s0.i1 -1.000000 0.082697
DS2.d145.s0.i0 1.000000 0.250046
DS2.d145.s0.i2 1.000000 0.253046
DS2.d231.s0.i22 -1.000000 -0.988443
DS2.d231.s0.i23 -1.000000 -1.090221
DS2.d231.s0.i20 -1.000000 -1.027220
DS2.d231.s0.i21 -1.000000 -1.193098
DS2.d231.s0.i7 -1.000000 -1.040502
DS2.d231.s0.i6 -1.000000 -1.105949
DS2.d231.s0.i5 -1.000000 -0.934347
DS2.d231.s0.i4 -1.000000 -1.080020
DS2.d231.s0.i3 -1.000000 -0.987874
DS2.d231.s0.i2 -1.000000 -0.858123
DS2.d231.s0.i1 -1.000000 -0.988858
DS2.d231.s0.i0 -1.000000 -0.966321
DS2.d231.s0.i9 -1.000000 -1.041983
DS2.d231.s0.i8 -1.000000 -0.992007
DS2.d231.s0.i17 -1.000000 -0.693825
DS2.d231.s0.i16 -1.000000 -1.006942
DS2.d231.s0.i15 -1.000000 -0.901779
DS2.d231.s0.i14 -1.000000 -0.868532
DS2.d231.s0.i13 -1.000000 -1.179627
DS2.d231.s0.i12 -1.000000 -0.750510
DS2.d231.s0.i11 -1.000000 -1.060869
DS2.d231.s0.i10 -1.000000 -0.767625
DS2.d231.s0.i19 -1.000000 -0.916548
DS2.d231.s0.i18 -1.000000 -1.183952
DS2.d757.s0.i0 -1.000000 -0.877405
DS2.d757.s0.i1 -1.000000 -0.945361
DS2.d757.s1.i1 -1.000000 -0.928529
DS2.d757.s1.i0 -1.000000 -0.988547
DS2.d757.s2.i0 -1.000000 -1.094898
DS2.d757.s2.i1 -1.000000 -1.103945
DS2.d757.s3.i1 -1.000000 -0.848837
DS2.d757.s3.i0 -1.000000 -0.884774
DS2.d756.s0.i2 -1.000000 -0.964164
DS2.d756.s0.i1 -1.000000 -0.838913
DS2.d756.s0.i0 -1.000000 -0.919137
DS2.d755.s0.i0 1.000000 0.852711
DS2.d755.s0.i1 1.000000 1.037007
DS2.d754.s1.i0 1.000000 0.519436
DS2.d754.s0.i1 1.000000 0.929293
DS2.d754.s0.i0 1.000000 0.929293
DS2.d753.s0.i0 1.000000 0.591570
DS2.d752.s0.i1 1.000000 0.782438
DS2.d752.s0.i0 1.000000 0.746585
DS2.d751.s0.i0 1.000000 0.994271
DS2.d751.s0.i1 1.000000 0.925985
DS2.d751.s0.i2 1.000000 0.939028
DS2.d751.s0.i3 1.000000 1.073100
DS2.d751.s0.i4 1.000000 0.803928
DS2.d751.s0.i5 1.000000 0.949466
DS2.d751.s0.i6 1.000000 0.858142
DS2.d751.s0.i7 1.000000 0.802636
DS2.d619.s0.i0 1.000000 1.004899
DS2.d616.s0.i0 1.000000 0.757320
DS2.d616.s0.i1 1.000000 0.771436
DS2.d617.s0.i1 1.000000 0.900781
DS2.d617.s0.i0 1.000000 1.013752
DS2.d614.s0.i0 -1.000000 -0.593680
DS2.d614.s0.i1 -1.000000 -0.383695
DS2.d615.s0.i0 1.000000 0.352059
DS2.d612.s0.i0 -1.000000 -0.412831
DS2.d612.s0.i1 -1.000000 -0.339211
DS2.d613.s0.i1 -1.000000 0.034887
DS2.d613.s0.i0 1.000000 0.369963
DS2.d759.s0.i0 1.000000 0.788423
DS2.d759.s0.i1 1.000000 0.892688
DS2.d611.s0.i0 1.000000 0.902742
DS2.d661.s0.i0 -1.000000 -0.530955
DS2.d660.s0.i0 -1.000000 -0.381062
DS2.d205.s0.i0 1.000000 0.232534
DS2.d205.s1.i0 1.000000 0.314589
DS2.d205.s2.i0 -1.000000 -0.823745
DS2.d204.s1.i0 -1.000000 -0.566415
DS2.d204.s0.i0 -1.000000 -0.713733
DS2.d207.s0.i0 1.000000 0.833029
DS2.d206.s0.i1 1.000000 0.869628
DS2.d206.s0.i0 1.000000 0.693160
DS2.d201.s0.i11 -1.000000 -0.403265
DS2.d201.s0.i6 1.000000 0.518261
DS2.d201.s0.i7 -1.000000 -0.352380
DS2.d201.s0.i4 1.000000 0.247652
DS2.d201.s0.i5 -1.000000 -0.468145
DS2.d201.s0.i2 -1.000000 -0.450103
DS2.d201.s0.i3 1.000000 0.630127
DS2.d201.s0.i0 1.000000 0.125347
DS2.d201.s0.i1 -1.000000 -0.322560
DS2.d201.s0.i10 -1.000000 -0.515830
DS2.d201.s0.i8 1.000000 0.190616
DS2.d201.s0.i9 1.000000 0.590061
DS2.d201.s1.i1 1.000000 0.744832
DS2.d201.s1.i0 1.000000 0.687057
DS2.d201.s1.i2 -1.000000 -0.283476
DS2.d200.s1.i0 -1.000000 -0.657412
DS2.d200.s0.i0 1.000000 1.258475
DS2.d203.s0.i0 1.000000 0.946791
DS2.d203.s0.i1 1.000000 0.920989
DS2.d547.s1.i0 -1.000000 -0.937867
DS2.d547.s0.i0 1.000000 0.826523
DS2.d208.s0.i0 1.000000 1.025516
DS2.d525.s0.i0 1.000000 1.085674
DS2.d669.s0.i0 -1.000000 -0.315200
DS2.d669.s1.i0 1.000000 0.960069
DS2.d541.s0.i0 1.000000 0.640335
DS2.d933.s0.i0 1.000000 0.907706
DS2.d932.s0.i2 -1.000000 -0.899462
DS2.d932.s0.i1 -1.000000 -0.772392
DS2.d932.s0.i0 -1.000000 -0.842768
DS2.d931.s0.i0 -1.000000 -0.778586
DS2.d931.s0.i1 -1.000000 -0.831615
DS2.d931.s0.i2 -1.000000 -0.845265
DS2.d931.s0.i3 -1.000000 -0.925603
DS2.d930.s0.i0 1.000000 0.896789
DS2.d937.s0.i0 1.000000 0.972103
DS2.d937.s0.i1 1.000000 0.972103
DS2.d936.s1.i0 1.000000 -0.213615
DS2.d936.s0.i0 1.000000 0.926362
DS2.d935.s0.i0 1.000000 0.864508
DS2.d935.s0.i1 1.000000 0.824274
DS2.d934.s0.i0 -1.000000 -0.656980
DS2.d939.s0.i0 1.000000 0.645660
DS2.d202.s0.i0 1.000000 -0.442960
DS2.d121.s0.i2 -1.000000 -0.953866
DS2.d121.s0.i1 -1.000000 -1.027459
DS2.d121.s0.i0 -1.000000 -1.051953
DS2.d379.s0.i2 1.000000 0.619829
DS2.d379.s0.i0 1.000000 0.931306
DS2.d379.s0.i1 1.000000 0.931306
DS2.d379.s1.i5 1.000000 1.053561
DS2.d379.s1.i4 1.000000 0.991993
DS2.d379.s1.i1 1.000000 1.022824
DS2.d379.s1.i0 1.000000 1.022824
DS2.d379.s1.i3 1.000000 0.991993
DS2.d379.s1.i2 1.000000 1.049280
DS2.d473.s3.i2 1.000000 1.107000
DS2.d473.s3.i0 1.000000 0.685673
DS2.d473.s3.i1 1.000000 0.474831
DS2.d473.s2.i0 1.000000 0.596917
DS2.d473.s1.i0 1.000000 1.025362
DS2.d473.s0.i3 1.000000 0.867770
DS2.d473.s0.i2 1.000000 1.028046
DS2.d473.s0.i1 1.000000 0.968998
DS2.d473.s0.i0 1.000000 1.084310
DS2.d470.s0.i0 1.000000 0.751441
DS2.d471.s0.i5 1.000000 0.950206
DS2.d471.s0.i4 1.000000 0.866698
DS2.d471.s0.i1 1.000000 0.812260
DS2.d471.s0.i0 1.000000 1.073627
DS2.d471.s0.i3 1.000000 0.913268
DS2.d471.s0.i2 1.000000 1.007103
DS2.d476.s0.i0 -1.000000 -0.627717
DS2.d476.s0.i1 -1.000000 -0.810576
DS2.d477.s0.i3 -1.000000 -0.765564
DS2.d477.s0.i2 -1.000000 -0.807887
DS2.d477.s0.i1 -1.000000 -0.836001
DS2.d477.s0.i0 -1.000000 -0.748619
DS2.d474.s0.i0 1.000000 0.212006
DS2.d475.s1.i0 1.000000 0.852892
DS2.d475.s1.i1 1.000000 0.571498
DS2.d475.s0.i0 1.000000 0.616016
DS2.d371.s0.i0 -1.000000 -0.102241
DS2.d370.s0.i0 -1.000000 0.036924
DS2.d373.s0.i0 1.000000 0.893471
DS2.d373.s1.i0 1.000000 0.671070
DS2.d479.s0.i0 1.000000 0.754019
DS2.d375.s0.i8 -1.000000 -0.365231
DS2.d375.s0.i6 -1.000000 -0.451732
DS2.d375.s0.i7 -1.000000 -0.544156
DS2.d375.s0.i4 -1.000000 -0.344055
DS2.d375.s0.i5 -1.000000 -0.344747
DS2.d375.s0.i2 1.000000 -0.055935
DS2.d375.s0.i3 1.000000 0.056973
DS2.d375.s0.i0 -1.000000 -0.560064
DS2.d375.s0.i1 1.000000 0.160682
DS2.d374.s2.i0 -1.000000 -0.183929
DS2.d374.s1.i0 1.000000 1.016057
DS2.d374.s1.i1 1.000000 0.622880
DS2.d374.s0.i1 1.000000 0.905911
DS2.d374.s0.i0 1.000000 0.773301
DS2.d377.s0.i0 1.000000 0.934614
DS2.d377.s1.i0 1.000000 0.789498
DS2.d376.s1.i0 -1.000000 0.012888
DS2.d376.s0.i0 -1.000000 -0.622928
DS2.d270.s0.i0 1.000000 0.611846
DS2.d272.s0.i0 -1.000000 -0.499936
DS2.d274.s0.i0 1.000000 -0.087152
DS2.d274.s1.i0 -1.000000 -0.574127
DS2.d275.s0.i0 1.000000 0.794170
DS2.d276.s0.i0 -1.000000 -0.813138
DS2.d276.s1.i0 -1.000000 -0.661786
DS2.d277.s0.i0 -1.000000 0.050927
DS2.d279.s0.i3 1.000000 0.675625
DS2.d279.s0.i2 1.000000 0.904133
DS2.d279.s0.i1 1.000000 1.088662
DS2.d279.s0.i0 1.000000 0.853187
DS2.d279.s0.i7 1.000000 0.886191
DS2.d279.s0.i6 1.000000 1.065338
DS2.d279.s0.i5 1.000000 1.063959
DS2.d279.s0.i4 1.000000 0.877674
DS2.d809.s0.i0 1.000000 0.217172
DS2.d808.s0.i1 -1.000000 -1.008511
DS2.d808.s0.i0 -1.000000 -0.854871
DS2.d808.s0.i3 -1.000000 -0.887408
DS2.d808.s0.i2 -1.000000 -1.009731
DS2.d808.s0.i5 -1.000000 -1.015287
DS2.d808.s0.i4 -1.000000 -1.005316
DS2.d808.s0.i6 -1.000000 -1.021280
DS2.d807.s0.i0 -1.000000 -0.823564
DS2.d807.s0.i1 -1.000000 -0.824639
DS2.d807.s1.i1 -1.000000 -0.813252
DS2.d807.s1.i0 -1.000000 -0.901962
DS2.d806.s1.i0 1.000000 0.902638
DS2.d806.s1.i1 1.000000 0.930643
DS2.d806.s0.i0 1.000000 0.836909
DS2.d803.s0.i0 -1.000000 -0.855323
DS2.d803.s0.i1 -1.000000 -0.979460
DS2.d803.s1.i0 -1.000000 -0.967416
DS2.d802.s0.i3 -1.000000 -0.234407
DS2.d802.s0.i2 1.000000 0.200488
DS2.d802.s0.i1 -1.000000 -0.261801
DS2.d802.s0.i0 1.000000 0.380261
DS2.d801.s0.i0 1.000000 1.107418
DS2.d800.s0.i1 1.000000 0.771156
DS2.d800.s0.i0 1.000000 0.861800
DS2.d889.s0.i0 1.000000 0.769347
DS2.d889.s1.i0 1.000000 0.893651
DS2.d988.s0.i0 -1.000000 0.398494
DS2.d989.s1.i0 1.000000 0.717995
DS2.d989.s0.i1 1.000000 0.785935
DS2.d989.s0.i0 1.000000 0.863179
DS2.d989.s0.i3 1.000000 0.663614
DS2.d989.s0.i2 1.000000 0.762132
DS2.d989.s0.i4 1.000000 0.769542
DS2.d986.s0.i0 1.000000 0.652094
DS2.d987.s2.i0 1.000000 1.201205
DS2.d987.s1.i0 1.000000 0.845049
DS2.d987.s0.i0 1.000000 0.983719
DS2.d984.s0.i0 1.000000 0.754589
DS2.d984.s0.i1 1.000000 0.754589
DS2.d985.s0.i1 -1.000000 -0.702638
DS2.d985.s0.i0 -1.000000 -0.756818
DS2.d982.s0.i0 -1.000000 -0.273310
DS2.d983.s2.i0 1.000000 0.910067
DS2.d983.s1.i0 1.000000 0.576648
DS2.d983.s0.i0 1.000000 0.963782
DS2.d980.s0.i0 -1.000000 -0.820239
DS2.d980.s0.i1 -1.000000 -0.901878
DS2.d980.s1.i0 -1.000000 -0.834904
DS2.d981.s0.i0 1.000000 0.760192
DS2.d384.s0.i0 -1.000000 -0.548492
DS2.d384.s1.i0 1.000000 1.122279
DS2.d385.s1.i0 -1.000000 -0.460987
DS2.d385.s1.i1 -1.000000 -0.586179
DS2.d385.s1.i2 -1.000000 -0.859710
DS2.d385.s1.i3 -1.000000 -0.711031
DS2.d385.s0.i1 1.000000 0.848332
DS2.d385.s0.i0 1.000000 0.587670
DS2.d386.s0.i0 1.000000 0.870117
DS2.d387.s1.i0 1.000000 0.378193
DS2.d387.s0.i1 1.000000 -0.041290
DS2.d387.s0.i0 1.000000 0.140431
DS2.d380.s0.i0 -1.000000 0.090707
DS2.d380.s0.i1 1.000000 0.219317
DS2.d380.s1.i0 1.000000 0.450313
DS2.d381.s1.i0 -1.000000 -0.812823
DS2.d381.s0.i0 -1.000000 0.140883
DS2.d382.s2.i0 -1.000000 -0.738692
DS2.d382.s2.i1 -1.000000 -1.099978
DS2.d382.s0.i11 -1.000000 -1.039167
DS2.d382.s0.i10 -1.000000 -0.909601
DS2.d382.s0.i8 -1.000000 -1.043957
DS2.d382.s0.i9 -1.000000 -0.910075
DS2.d382.s0.i0 -1.000000 -0.962862
DS2.d382.s0.i1 -1.000000 -1.039550
DS2.d382.s0.i2 -1.000000 -0.842450
DS2.d382.s0.i3 -1.000000 -1.016325
DS2.d382.s0.i4 -1.000000 -1.020799
DS2.d382.s0.i5 -1.000000 -1.064399
DS2.d382.s0.i6 -1.000000 -0.851338
DS2.d382.s0.i7 -1.000000 -0.912989
DS2.d382.s1.i3 -1.000000 -0.951984
DS2.d382.s1.i2 -1.000000 -0.821119
DS2.d382.s1.i1 -1.000000 -0.946819
DS2.d382.s1.i0 -1.000000 -1.097745
DS2.d382.s1.i5 -1.000000 -0.902707
DS2.d382.s1.i4 -1.000000 -1.176235
DS2.d383.s0.i0 -1.000000 0.154703
DS2.d389.s0.i1 1.000000 0.961046
DS2.d389.s0.i0 1.000000 0.769521
DS2.d321.s0.i0 1.000000 0.529003
DS2.d186.s0.i0 1.000000 0.850554
DS2.d186.s0.i1 1.000000 0.933991
DS2.d187.s0.i3 -1.000000 -1.228719
DS2.d187.s0.i2 -1.000000 -1.096317
DS2.d187.s0.i1 -1.000000 -0.853955
DS2.d187.s0.i0 -1.000000 -0.934564
DS2.d184.s0.i0 1.000000 0.864549
DS2.d185.s0.i1 -1.000000 -0.662861
DS2.d185.s0.i0 -1.000000 -0.662861
DS2.d182.s0.i0 -1.000000 0.638407
DS2.d183.s1.i0 1.000000 0.883609
DS2.d183.s1.i1 1.000000 1.041630
DS2.d183.s1.i2 1.000000 0.883609
DS2.d183.s0.i1 -1.000000 -0.405136
DS2.d183.s0.i0 1.000000 0.764107
DS2.d180.s0.i0 1.000000 0.883330
DS2.d180.s0.i1 1.000000 1.019232
DS2.d180.s0.i2 1.000000 0.848360
DS2.d180.s0.i3 1.000000 1.045178
DS2.d181.s0.i1 -1.000000 -0.654254
DS2.d181.s0.i0 -1.000000 -0.597597
DS2.d181.s0.i3 -1.000000 -0.636184
DS2.d181.s0.i2 1.000000 -0.230182
DS2.d181.s0.i4 -1.000000 -0.506364
DS2.d188.s0.i0 1.000000 0.790541
DS2.d188.s0.i1 1.000000 1.004228
DS2.d188.s0.i2 1.000000 0.945140
DS2.d188.s0.i3 1.000000 0.879385
DS2.d188.s1.i0 -1.000000 -0.458230
DS2.d793.s0.i0 1.000000 0.738983
DS2.d792.s0.i1 1.000000 0.870713
DS2.d792.s0.i0 1.000000 0.792328
DS2.d791.s0.i0 1.000000 0.976136
DS2.d791.s1.i0 1.000000 0.888706
DS2.d790.s1.i0 -1.000000 -0.387203
DS2.d790.s0.i0 1.000000 0.642022
DS2.d797.s0.i0 -1.000000 -0.773629
DS2.d797.s1.i0 -1.000000 -0.423299
DS2.d796.s0.i0 1.000000 0.798604
DS2.d795.s0.i0 1.000000 0.779129
DS2.d794.s0.i1 -1.000000 -1.024712
DS2.d794.s0.i0 -1.000000 -0.947052
DS2.d794.s0.i3 -1.000000 -0.958640
DS2.d794.s0.i2 -1.000000 -1.017530
DS2.d652.s0.i2 -1.000000 -0.932434
DS2.d652.s0.i0 -1.000000 -0.932434
DS2.d652.s0.i1 -1.000000 -0.969772
DS2.d653.s0.i0 1.000000 0.367582
DS2.d650.s0.i0 1.000000 1.022046
DS2.d650.s0.i1 1.000000 0.907199
DS2.d650.s0.i2 1.000000 0.898582
DS2.d650.s0.i3 1.000000 0.755046
DS2.d798.s0.i0 1.000000 0.993900
DS2.d656.s0.i0 1.000000 0.415141
DS2.d657.s3.i0 1.000000 0.976110
DS2.d657.s2.i0 1.000000 0.941329
DS2.d657.s1.i0 1.000000 0.933277
DS2.d657.s1.i1 1.000000 0.697435
DS2.d657.s0.i1 1.000000 0.802294
DS2.d657.s0.i0 1.000000 1.288292
DS2.d654.s0.i0 -1.000000 -0.136805
DS2.d654.s1.i0 1.000000 0.720340
DS2.d655.s0.i0 -1.000000 -0.919805
DS2.d551.s0.i2 1.000000 0.940450
DS2.d551.s0.i3 1.000000 0.836228
DS2.d551.s0.i0 1.000000 0.909893
DS2.d551.s0.i1 1.000000 0.807798
DS2.d550.s1.i0 1.000000 0.803522
DS2.d550.s1.i1 1.000000 0.923354
DS2.d550.s1.i2 1.000000 0.923354
DS2.d550.s1.i3 1.000000 0.803522
DS2.d550.s0.i13 1.000000 0.957064
DS2.d550.s0.i12 1.000000 1.079003
DS2.d550.s0.i11 1.000000 0.628955
DS2.d550.s0.i10 1.000000 0.903565
DS2.d550.s0.i14 1.000000 0.802298
DS2.d550.s0.i3 1.000000 0.751541
DS2.d550.s0.i2 1.000000 0.841776
DS2.d550.s0.i1 1.000000 0.602233
DS2.d550.s0.i0 1.000000 1.079003
DS2.d550.s0.i7 1.000000 0.802298
DS2.d550.s0.i6 1.000000 0.841776
DS2.d550.s0.i5 1.000000 1.190418
DS2.d550.s0.i4 1.000000 0.989641
DS2.d550.s0.i9 1.000000 1.190418
DS2.d550.s0.i8 1.000000 0.957064
DS2.d553.s0.i0 1.000000 0.866541
DS2.d552.s0.i0 1.000000 0.347308
DS2.d555.s0.i0 1.000000 0.859865
DS2.d555.s1.i1 1.000000 0.867048
DS2.d555.s1.i0 1.000000 0.763882
DS2.d554.s0.i0 1.000000 0.940744
DS2.d557.s0.i0 1.000000 0.691038
DS2.d556.s1.i2 1.000000 0.061693
DS2.d556.s1.i0 -1.000000 -0.286718
DS2.d556.s1.i1 -1.000000 -0.426406
DS2.d556.s0.i1 1.000000 0.562748
DS2.d556.s0.i0 1.000000 0.767008
DS2.d556.s0.i2 1.000000 0.820379
DS2.d559.s0.i0 1.000000 1.028096
DS2.d559.s0.i1 1.000000 1.128569
DS2.d558.s0.i0 1.000000 0.985692
DS2.d492.s2.i0 1.000000 0.865198
DS2.d492.s0.i0 -1.000000 -0.595911
DS2.d492.s1.i0 1.000000 0.323785
DS2.d493.s0.i0 1.000000 0.759857
DS2.d494.s0.i0 -1.000000 -0.573030
DS2.d494.s1.i1 1.000000 0.619261
DS2.d494.s1.i0 1.000000 0.594566
DS2.d494.s2.i0 -1.000000 -0.801984
DS2.d495.s0.i1 1.000000 0.601305
DS2.d495.s0.i0 1.000000 0.902286
DS2.d496.s0.i0 -1.000000 -0.869156
DS2.d496.s0.i1 -1.000000 -0.895984
DS2.d496.s0.i2 -1.000000 -0.858977
DS2.d496.s0.i3 -1.000000 -0.791615
DS2.d497.s0.i1 -1.000000 -0.816509
DS2.d497.s0.i0 -1.000000 -0.844650
DS2.d77.s0.i2 1.000000 0.840273
DS2.d77.s0.i0 1.000000 0.747141
DS2.d77.s0.i1 1.000000 0.864412
DS2.d76.s1.i0 1.000000 1.018632
DS2.d76.s1.i1 1.000000 1.018632
DS2.d76.s1.i2 1.000000 0.736405
DS2.d76.s1.i3 1.000000 0.966868
DS2.d76.s1.i4 1.000000 0.966868
DS2.d76.s1.i5 1.000000 0.796264
DS2.d76.s0.i1 1.000000 0.935319
DS2.d76.s0.i0 1.000000 0.935319
DS2.d75.s0.i0 1.000000 0.399866
DS2.d75.s0.i1 -1.000000 -0.029952
DS2.d74.s0.i1 1.000000 0.441522
DS2.d74.s0.i0 1.000000 0.548551
DS2.d74.s0.i2 -1.000000 0.190478
DS2.d73.s0.i0 1.000000 0.569463
DS2.d73.s0.i1 1.000000 0.570162
DS2.d72.s0.i2 -1.000000 -0.861511
DS2.d72.s0.i1 -1.000000 -0.916884
DS2.d72.s0.i0 -1.000000 -0.837857
DS2.d71.s2.i0 1.000000 0.769752
DS2.d71.s0.i0 1.000000 0.773838
DS2.d71.s1.i0 1.000000 0.878032
DS2.d70.s0.i1 1.000000 0.770035
DS2.d70.s0.i0 1.000000 0.751828
DS2.d79.s0.i0 -1.000000 -1.052914
DS2.d79.s0.i1 -1.000000 -1.077631
DS2.d79.s0.i2 -1.000000 -0.985274
DS2.d79.s0.i3 -1.000000 -1.002232
DS2.d79.s0.i4 -1.000000 -1.006008
DS2.d79.s0.i5 -1.000000 -0.773899
DS2.d79.s0.i6 -1.000000 -1.091330
DS2.d79.s0.i7 -1.000000 -0.806438
DS2.d78.s1.i2 1.000000 0.816162
DS2.d78.s1.i0 1.000000 0.697398
DS2.d78.s1.i1 1.000000 0.827311
DS2.d78.s0.i0 1.000000 0.867525
DS2.d942.s0.i0 1.000000 0.330258
DS2.d111.s0.i2 -1.000000 -1.090074
DS2.d111.s0.i0 -1.000000 -0.243215
DS2.d111.s0.i1 -1.000000 -0.432098
DS2.d110.s0.i1 1.000000 0.835965
DS2.d110.s0.i0 1.000000 0.835965
DS2.d113.s0.i0 1.000000 1.037118
DS2.d113.s0.i1 1.000000 1.097526
DS2.d113.s1.i0 1.000000 0.887891
DS2.d112.s0.i1 -1.000000 -0.247592
DS2.d112.s0.i0 -1.000000 -0.197830
DS2.d115.s0.i0 1.000000 0.589874
DS2.d115.s0.i1 1.000000 0.770171
DS2.d115.s1.i0 1.000000 0.686703
DS2.d114.s0.i7 1.000000 0.899184
DS2.d114.s0.i6 1.000000 0.929196
DS2.d114.s0.i5 1.000000 0.635478
DS2.d114.s0.i4 1.000000 0.862187
DS2.d114.s0.i3 1.000000 0.845565
DS2.d114.s0.i2 1.000000 0.913570
DS2.d114.s0.i1 1.000000 1.061798
DS2.d114.s0.i0 1.000000 1.148821
DS2.d117.s0.i0 1.000000 0.949704
DS2.d117.s0.i1 1.000000 0.985274
DS2.d116.s1.i2 -1.000000 -0.133459
DS2.d116.s1.i0 -1.000000 -0.488837
DS2.d116.s1.i1 1.000000 -0.021932
DS2.d116.s0.i1 1.000000 0.715788
DS2.d116.s0.i0 1.000000 0.804195
DS2.d119.s0.i0 1.000000 0.515166
DS2.d118.s0.i3 1.000000 0.798034
DS2.d118.s0.i2 1.000000 0.928618
DS2.d118.s0.i1 1.000000 0.865282
DS2.d118.s0.i0 1.000000 0.866066
DS2.d118.s0.i5 1.000000 0.798034
DS2.d118.s0.i4 1.000000 0.866066
DS2.d96.s1.i0 -1.000000 -0.629235
DS2.d96.s1.i1 -1.000000 -0.492890
DS2.d96.s0.i0 -1.000000 -0.570515
DS2.d728.s0.i0 -1.000000 -0.680526
DS2.d729.s1.i0 -1.000000 -0.601412
DS2.d729.s0.i0 -1.000000 -0.611873
DS2.d726.s0.i2 1.000000 0.945706
DS2.d726.s0.i0 1.000000 0.945706
DS2.d726.s0.i1 1.000000 0.949228
DS2.d727.s0.i1 -1.000000 -0.747172
DS2.d727.s0.i0 -1.000000 -0.873988
DS2.d724.s0.i10 -1.000000 -0.960187
DS2.d724.s0.i11 -1.000000 -0.901178
DS2.d724.s0.i4 -1.000000 -0.983336
DS2.d724.s0.i5 -1.000000 -0.971981
DS2.d724.s0.i6 -1.000000 -0.893009
DS2.d724.s0.i7 -1.000000 -0.997591
DS2.d724.s0.i0 -1.000000 -0.990848
DS2.d724.s0.i1 -1.000000 -0.986124
DS2.d724.s0.i2 -1.000000 -0.985980
DS2.d724.s0.i3 -1.000000 -1.008384
DS2.d724.s0.i8 -1.000000 -0.944930
DS2.d724.s0.i9 -1.000000 -0.906952
DS2.d725.s0.i1 -1.000000 -0.995137
DS2.d725.s0.i0 -1.000000 -0.864435
DS2.d722.s0.i0 1.000000 0.818271
DS2.d723.s0.i0 -1.000000 -0.136004
DS2.d720.s0.i0 1.000000 0.604941
DS2.d720.s0.i1 1.000000 1.012004
DS2.d720.s0.i2 1.000000 0.633243
DS2.d720.s0.i3 1.000000 0.650086
DS2.d720.s0.i4 1.000000 0.938235
DS2.d720.s1.i1 -1.000000 -0.359462
DS2.d720.s1.i0 1.000000 -0.003006
DS2.d721.s0.i0 -1.000000 -0.018830
DS2.d877.s0.i0 -1.000000 -0.244488
DS2.d875.s0.i1 -1.000000 -0.711270
DS2.d875.s0.i0 -1.000000 -0.739235
DS2.d872.s0.i0 1.000000 0.799954
DS2.d873.s0.i0 1.000000 1.096229
DS2.d870.s0.i0 1.000000 0.598305
DS2.d870.s1.i0 1.000000 0.628863
DS2.d878.s0.i0 -1.000000 0.262592
DS2.d879.s0.i0 1.000000 0.397584
DS2.d1036.s0.i2 1.000000 0.726535
DS2.d1036.s0.i3 1.000000 0.807434
DS2.d1036.s0.i0 1.000000 0.844829
DS2.d1036.s0.i1 1.000000 0.808509
DS2.d1036.s1.i1 1.000000 0.859550
DS2.d1036.s1.i0 1.000000 0.865542
DS2.d1036.s1.i3 1.000000 0.853437
DS2.d1036.s1.i2 1.000000 0.882564
DS2.d1036.s2.i0 1.000000 0.803838
DS2.d1036.s2.i1 1.000000 0.803838
DS2.d1037.s0.i3 1.000000 0.735809
DS2.d1037.s0.i2 1.000000 0.916690
DS2.d1037.s0.i1 1.000000 0.919105
DS2.d1037.s0.i0 1.000000 0.722190
DS2.d1034.s0.i0 1.000000 0.824021
DS2.d1034.s0.i1 1.000000 0.867603
DS2.d1034.s1.i0 -1.000000 -0.521324
DS2.d1035.s0.i0 1.000000 0.577483
DS2.d1032.s0.i0 1.000000 0.416586
DS2.d1033.s0.i0 1.000000 0.661837
DS2.d1030.s0.i0 -1.000000 -0.702286
DS2.d1031.s0.i1 1.000000 0.967297
DS2.d1031.s0.i0 1.000000 0.967297
DS2.d234.s0.i0 1.000000 0.513329
DS2.d234.s0.i1 -1.000000 0.033624
DS2.d235.s2.i0 -1.000000 -0.558103
DS2.d235.s1.i0 -1.000000 -0.533235
DS2.d235.s0.i1 1.000000 0.446126
DS2.d235.s0.i0 -1.000000 -0.202336
DS2.d236.s0.i0 1.000000 0.986876
DS2.d236.s0.i1 1.000000 0.986876
DS2.d230.s0.i0 1.000000 0.884514
DS2.d338.s0.i0 1.000000 0.762425
DS2.d1038.s0.i0 1.000000 0.708828
DS2.d1039.s0.i1 -1.000000 -0.875405
DS2.d1039.s0.i0 -1.000000 -1.070726
DS2.d1039.s0.i3 -1.000000 -0.738789
DS2.d1039.s0.i2 -1.000000 -1.049460
DS2.d422.s1.i0 1.000000 0.667201
DS2.d422.s1.i1 1.000000 0.827592
DS2.d422.s0.i0 1.000000 1.000562
DS2.d1065.s0.i4 1.000000 0.939266
DS2.d1065.s0.i2 1.000000 0.783971
DS2.d1065.s0.i3 1.000000 0.873006
DS2.d1065.s0.i0 1.000000 0.831314
DS2.d1065.s0.i1 1.000000 0.841772
DS2.d468.s2.i0 -1.000000 -0.167791
DS2.d468.s1.i0 1.000000 0.659914
DS2.d468.s1.i1 1.000000 0.745121
DS2.d468.s0.i1 -1.000000 0.188111
DS2.d468.s0.i0 1.000000 0.355070
DS2.d718.s0.i1 -1.000000 -0.780503
DS2.d718.s0.i0 -1.000000 -0.848047
DS2.d392.s2.i1 1.000000 0.884391
DS2.d392.s2.i0 1.000000 0.837177
DS2.d392.s1.i0 1.000000 1.010755
DS2.d392.s1.i1 1.000000 1.092957
DS2.d392.s0.i1 1.000000 0.832932
DS2.d392.s0.i0 1.000000 0.802695
DS2.d1064.s0.i1 -1.000000 -0.794980
DS2.d1064.s0.i0 -1.000000 -0.888629
DS2.d938.s1.i0 1.000000 0.660109
DS2.d938.s0.i0 1.000000 1.142795
DS2.d938.s2.i0 -1.000000 -0.459576
DS2.d582.s0.i0 1.000000 0.850657
DS2.d582.s1.i0 1.000000 1.009020
DS2.d583.s0.i3 1.000000 0.921188
DS2.d583.s0.i2 1.000000 0.921188
DS2.d583.s0.i1 1.000000 0.925569
DS2.d583.s0.i0 1.000000 0.925569
DS2.d580.s0.i16 -1.000000 -1.017769
DS2.d580.s0.i17 -1.000000 -0.903494
DS2.d580.s0.i14 -1.000000 -1.055290
DS2.d580.s0.i15 -1.000000 -1.089513
DS2.d580.s0.i12 -1.000000 -0.937924
DS2.d580.s0.i13 -1.000000 -0.944109
DS2.d580.s0.i10 -1.000000 -0.829688
DS2.d580.s0.i11 -1.000000 -1.064068
DS2.d580.s0.i18 -1.000000 -0.937924
DS2.d580.s0.i19 -1.000000 -0.972290
DS2.d580.s0.i8 -1.000000 -1.025057
DS2.d580.s0.i9 -1.000000 -0.978175
DS2.d580.s0.i4 -1.000000 -1.109164
DS2.d580.s0.i5 -1.000000 -1.064068
DS2.d580.s0.i6 -1.000000 -1.109164
DS2.d580.s0.i7 -1.000000 -0.929203
DS2.d580.s0.i0 -1.000000 -1.009587
DS2.d580.s0.i1 -1.000000 -1.125859
DS2.d580.s0.i2 -1.000000 -0.968335
DS2.d580.s0.i3 -1.000000 -0.903494
DS2.d581.s0.i0 -1.000000 -0.501559
DS2.d586.s0.i0 -1.000000 -0.746536
DS2.d586.s0.i1 -1.000000 -0.679011
DS2.d587.s0.i0 1.000000 0.914533
DS2.d584.s0.i0 -1.000000 -1.022048
DS2.d584.s0.i1 -1.000000 -0.472293
DS2.d585.s0.i1 1.000000 0.981783
DS2.d585.s0.i0 1.000000 0.917950
DS2.d429.s0.i0 1.000000 0.740565
DS2.d429.s1.i0 1.000000 0.879765
DS2.d420.s0.i3 -1.000000 -0.899689
DS2.d420.s0.i2 -1.000000 -0.927651
DS2.d420.s0.i1 -1.000000 -0.829882
DS2.d420.s0.i0 -1.000000 -0.609034
DS2.d423.s0.i0 1.000000 0.708542
DS2.d423.s0.i1 1.000000 0.751168
DS2.d589.s0.i1 1.000000 0.851291
DS2.d589.s0.i0 1.000000 0.636518
DS2.d425.s0.i0 1.000000 0.647130
DS2.d425.s1.i1 1.000000 0.809645
DS2.d425.s1.i0 1.000000 0.777968
DS2.d425.s2.i0 -1.000000 -0.688362
DS2.d425.s3.i0 1.000000 0.564133
DS2.d424.s1.i0 1.000000 0.840557
DS2.d424.s1.i1 1.000000 0.926234
DS2.d424.s0.i0 1.000000 0.937765
DS2.d427.s0.i0 1.000000 0.777223
DS2.d426.s0.i1 1.000000 0.855317
DS2.d426.s0.i0 1.000000 1.007001
DS2.d340.s0.i2 -1.000000 -0.875489
DS2.d340.s0.i3 -1.000000 -0.668496
DS2.d340.s0.i0 -1.000000 -0.901589
DS2.d340.s0.i1 -1.000000 -0.953852
DS2.d340.s0.i4 -1.000000 -0.738554
DS2.d472.s0.i0 -1.000000 -0.635299
DS2.d472.s0.i1 -1.000000 -0.710387
DS2.d472.s1.i0 -1.000000 0.248404
DS2.d342.s0.i0 -1.000000 -0.914054
DS2.d342.s0.i1 -1.000000 -0.601212
DS2.d343.s0.i0 -1.000000 -0.486721
DS2.d344.s0.i0 -1.000000 0.439915
DS2.d345.s0.i0 1.000000 0.715575
DS2.d346.s0.i0 1.000000 0.626372
DS2.d346.s1.i1 -1.000000 -0.788296
DS2.d346.s1.i0 -1.000000 -0.698662
DS2.d347.s0.i1 1.000000 0.847219
DS2.d347.s0.i0 1.000000 0.386960
DS2.d347.s0.i3 1.000000 0.679801
DS2.d347.s0.i2 1.000000 0.912704
DS2.d348.s0.i0 1.000000 0.641096
DS2.d348.s1.i0 -1.000000 -0.745722
DS2.d19.s0.i0 -1.000000 -0.420156
DS2.d19.s1.i0 1.000000 0.512723
DS2.d307.s0.i0 -1.000000 0.023028
DS2.d330.s0.i0 1.000000 0.243556
DS2.d716.s1.i0 -1.000000 -0.476234
DS2.d716.s1.i1 1.000000 -0.121807
DS2.d716.s1.i2 -1.000000 -0.545237
DS2.d716.s0.i0 -1.000000 -0.335320
DS2.d337.s0.i0 1.000000 0.816397
DS2.d337.s1.i1 1.000000 0.734057
DS2.d337.s1.i0 1.000000 0.877176
DS2.d82.s0.i0 -1.000000 0.646568
DS2.d82.s1.i0 1.000000 0.871030
DS2.d428.s0.i0 1.000000 0.460871
DS2.d349.s0.i2 1.000000 0.811887
DS2.d349.s0.i1 1.000000 0.892680
DS2.d349.s0.i0 1.000000 0.873187
DS2.d977.s0.i0 -1.000000 -0.822589
DS2.d977.s0.i1 -1.000000 -0.889328
DS2.d976.s1.i0 1.000000 0.903195
DS2.d976.s0.i0 1.000000 0.624608
DS2.d975.s0.i0 1.000000 1.131445
DS2.d975.s0.i1 1.000000 0.705515
DS2.d975.s0.i2 1.000000 0.848843
DS2.d975.s0.i3 1.000000 0.727879
DS2.d974.s1.i0 1.000000 0.529815
DS2.d974.s0.i0 1.000000 0.773868
DS2.d974.s2.i1 1.000000 0.692781
DS2.d974.s2.i0 1.000000 0.681016
DS2.d972.s0.i0 -1.000000 -0.772805
DS2.d971.s0.i0 1.000000 0.743066
DS2.d970.s0.i1 1.000000 0.559013
DS2.d970.s0.i0 -1.000000 -0.115483
DS2.d970.s0.i2 1.000000 0.322425
DS2.d1059.s0.i0 1.000000 0.911128
DS2.d300.s0.i0 -1.000000 -0.556768
DS2.d300.s0.i1 -1.000000 -0.412639
DS2.d83.s0.i0 -1.000000 -0.153974
DS2.d696.s0.i0 1.000000 0.831843
DS2.d696.s0.i1 1.000000 0.831843
DS2.d697.s0.i0 1.000000 0.373363
DS2.d694.s0.i4 -1.000000 -0.371480
DS2.d694.s0.i5 1.000000 0.071318
DS2.d694.s0.i0 -1.000000 -0.530239
DS2.d694.s0.i1 -1.000000 -0.532872
DS2.d694.s0.i2 1.000000 0.199314
DS2.d694.s0.i3 -1.000000 -0.377017
DS2.d695.s1.i0 -1.000000 -0.276942
DS2.d695.s0.i0 -1.000000 -0.821810
DS2.d695.s3.i0 -1.000000 -0.528900
DS2.d695.s2.i0 -1.000000 -0.494484
DS2.d519.s0.i0 -1.000000 -0.670018
DS2.d350.s0.i0 1.000000 0.764668
DS2.d690.s0.i0 1.000000 0.695832
DS2.d332.s0.i0 1.000000 1.114890
DS2.d517.s0.i0 1.000000 1.059444
DS2.d516.s1.i0 1.000000 0.944318
DS2.d516.s0.i1 -1.000000 -0.001785
DS2.d516.s0.i0 1.000000 0.579167
DS2.d511.s0.i2 1.000000 0.474721
DS2.d511.s0.i0 -1.000000 0.260418
DS2.d511.s0.i1 1.000000 0.389527
DS2.d510.s0.i0 1.000000 1.138264
DS2.d698.s0.i0 1.000000 0.788521
DS2.d699.s0.i0 1.000000 1.040912
DS2.d747.s0.i1 1.000000 0.830207
DS2.d747.s0.i0 1.000000 0.611824
DS2.d39.s2.i0 1.000000 0.702398
DS2.d39.s0.i0 1.000000 0.719744
DS2.d39.s1.i0 1.000000 0.168442
DS2.d979.s0.i0 1.000000 0.691351
DS2.d979.s0.i1 1.000000 0.948423
DS2.d33.s0.i0 -1.000000 -0.664991
DS2.d33.s1.i1 -1.000000 -0.796179
DS2.d33.s1.i0 -1.000000 -0.877501
DS2.d33.s2.i0 1.000000 0.620192
DS2.d32.s0.i0 1.000000 0.817404
DS2.d31.s0.i0 1.000000 0.683146
DS2.d978.s1.i4 1.000000 0.979070
DS2.d978.s1.i5 1.000000 0.979070
DS2.d978.s1.i2 1.000000 0.966749
DS2.d978.s1.i3 1.000000 0.966749
DS2.d978.s1.i0 1.000000 0.696673
DS2.d978.s1.i1 1.000000 0.801374
DS2.d978.s0.i1 1.000000 0.882061
DS2.d978.s0.i0 1.000000 0.882061
DS2.d37.s0.i0 1.000000 0.878185
DS2.d36.s1.i0 -1.000000 -0.584208
DS2.d36.s0.i0 -1.000000 -0.604910
DS2.d238.s0.i12 -1.000000 -1.048643
DS2.d238.s0.i13 -1.000000 -0.926306
DS2.d238.s0.i11 -1.000000 -0.934522
DS2.d238.s0.i6 -1.000000 -1.007054
DS2.d238.s0.i7 -1.000000 -0.955382
DS2.d238.s0.i4 -1.000000 -0.996890
DS2.d238.s0.i5 -1.000000 -0.913042
DS2.d238.s0.i2 -1.000000 -0.883348
DS2.d238.s0.i3 -1.000000 -0.909481
DS2.d238.s0.i0 -1.000000 -0.968208
DS2.d238.s0.i1 -1.000000 -0.922543
DS2.d238.s0.i10 -1.000000 -0.962190
DS2.d238.s0.i8 -1.000000 -1.014874
DS2.d238.s0.i9 -1.000000 -0.953931
DS2.d238.s1.i1 1.000000 0.636688
DS2.d238.s1.i0 1.000000 0.711085
DS2.d34.s1.i2 -1.000000 -0.193320
DS2.d34.s1.i3 1.000000 0.540833
DS2.d34.s1.i0 -1.000000 -0.329961
DS2.d34.s1.i1 1.000000 0.318799
DS2.d34.s0.i0 1.000000 0.925606
DS2.d159.s0.i2 -1.000000 -0.978734
DS2.d159.s0.i3 -1.000000 -1.051131
DS2.d159.s0.i0 -1.000000 -0.953516
DS2.d159.s0.i1 -1.000000 -0.896206
DS2.d158.s0.i0 -1.000000 -0.613127
DS2.d155.s0.i0 1.000000 0.839046
DS2.d157.s0.i4 -1.000000 -0.765736
DS2.d157.s0.i5 -1.000000 -0.839949
DS2.d157.s0.i6 -1.000000 -0.837107
DS2.d157.s0.i7 -1.000000 -0.889161
DS2.d157.s0.i0 -1.000000 -0.918207
DS2.d157.s0.i1 -1.000000 -0.935936
DS2.d157.s0.i2 -1.000000 -1.044999
DS2.d157.s0.i3 -1.000000 -1.100817
DS2.d157.s0.i8 -1.000000 -1.025885
DS2.d157.s0.i9 -1.000000 -0.884269
DS2.d156.s0.i0 1.000000 0.747596
DS2.d151.s0.i0 1.000000 0.596989
DS2.d150.s0.i0 1.000000 0.770982
DS2.d153.s0.i0 -1.000000 -0.461506
DS2.d153.s1.i1 -1.000000 -0.916611
DS2.d153.s1.i0 -1.000000 -0.604916
DS2.d322.s0.i0 -1.000000 -0.756518
DS2.d322.s0.i1 -1.000000 -0.710318
DS2.d768.s0.i0 1.000000 0.847163
DS2.d768.s1.i0 1.000000 0.798026
DS2.d769.s1.i0 1.000000 0.630932
DS2.d769.s0.i0 1.000000 0.535979
DS2.d1024.s0.i0 1.000000 1.226073
DS2.d762.s0.i0 -1.000000 -0.696651
DS2.d763.s0.i0 1.000000 0.827720
DS2.d760.s0.i4 -1.000000 -0.941532
DS2.d760.s0.i0 -1.000000 -0.967436
DS2.d760.s0.i1 -1.000000 -0.902423
DS2.d760.s0.i2 -1.000000 -0.940647
DS2.d760.s0.i3 -1.000000 -0.776909
DS2.d761.s0.i0 1.000000 0.579796
DS2.d766.s0.i0 1.000000 0.690421
DS2.d766.s1.i1 1.000000 0.851092
DS2.d766.s1.i0 1.000000 0.834505
DS2.d1027.s0.i0 1.000000 0.313138
DS2.d1027.s1.i1 1.000000 0.715233
DS2.d1027.s1.i0 1.000000 0.733639
DS2.d764.s0.i0 1.000000 0.424936
DS2.d765.s0.i0 -1.000000 -0.605701
DS2.d601.s0.i2 1.000000 0.832395
DS2.d601.s0.i0 1.000000 0.933186
DS2.d601.s0.i1 1.000000 0.915281
DS2.d600.s2.i0 1.000000 0.732527
DS2.d600.s1.i0 1.000000 0.902618
DS2.d600.s1.i1 1.000000 0.861664
DS2.d600.s1.i2 1.000000 0.639747
DS2.d600.s1.i3 1.000000 0.768720
DS2.d600.s0.i0 1.000000 0.778875
DS2.d602.s0.i1 1.000000 0.883416
DS2.d602.s0.i0 1.000000 0.714315
DS2.d604.s1.i0 1.000000 0.868306
DS2.d604.s0.i0 1.000000 1.000679
DS2.d607.s0.i0 1.000000 0.363511
DS2.d606.s0.i1 1.000000 0.943761
DS2.d606.s0.i0 1.000000 0.998146
DS2.d609.s0.i2 -1.000000 -1.024870
DS2.d609.s0.i3 -1.000000 -0.801908
DS2.d609.s0.i0 -1.000000 -0.856818
DS2.d609.s0.i1 -1.000000 -0.785783
DS2.d609.s0.i6 -1.000000 -1.014483
DS2.d609.s0.i7 -1.000000 -0.885379
DS2.d609.s0.i4 -1.000000 -1.044798
DS2.d609.s0.i5 -1.000000 -1.005057
DS2.d608.s0.i0 -1.000000 -0.647905
DS2.d562.s0.i0 -1.000000 -0.506824
DS2.d563.s0.i0 -1.000000 0.260278
DS2.d564.s0.i0 -1.000000 -0.496850
DS2.d566.s0.i0 -1.000000 -0.678475
DS2.d566.s0.i1 -1.000000 -0.845155
DS2.d566.s0.i2 -1.000000 -0.938194
DS2.d566.s0.i3 -1.000000 -0.936743
DS2.d327.s0.i2 -1.000000 -0.806958
DS2.d327.s0.i1 -1.000000 -0.892426
DS2.d327.s0.i0 -1.000000 -0.925706
DS2.d1023.s0.i0 1.000000 0.385802
DS2.d1022.s0.i1 1.000000 0.772746
DS2.d1022.s0.i0 1.000000 0.842344
DS2.d1022.s0.i2 1.000000 1.042048
DS2.d243.s0.i0 1.000000 0.494798
DS2.d128.s0.i2 1.000000 0.002781
DS2.d128.s0.i3 -1.000000 -0.901499
DS2.d128.s0.i0 -1.000000 -0.619204
DS2.d128.s0.i1 -1.000000 -0.579556
DS2.d128.s0.i4 -1.000000 -0.507509
DS2.d129.s1.i0 -1.000000 -0.480373
DS2.d129.s0.i1 -1.000000 -0.703026
DS2.d129.s0.i0 -1.000000 -0.501071
DS2.d242.s0.i0 -1.000000 -0.627435
DS2.d120.s0.i0 1.000000 -0.299255
DS2.d1029.s0.i4 -1.000000 -0.930492
DS2.d1029.s0.i5 -1.000000 -0.866208
DS2.d1029.s0.i2 -1.000000 -0.912468
DS2.d1029.s0.i3 -1.000000 -0.919432
DS2.d1029.s0.i0 -1.000000 -0.946600
DS2.d1029.s0.i1 -1.000000 -0.885270
DS2.d122.s2.i0 -1.000000 -0.482987
DS2.d122.s3.i1 -1.000000 -0.762668
DS2.d122.s3.i0 -1.000000 -0.775682
DS2.d122.s3.i2 -1.000000 -0.887286
DS2.d122.s0.i0 -1.000000 -0.838688
DS2.d122.s0.i1 -1.000000 -0.798680
DS2.d122.s1.i3 -1.000000 -0.944923
DS2.d122.s1.i2 -1.000000 -0.606894
DS2.d122.s1.i1 -1.000000 -0.901760
DS2.d122.s1.i0 -1.000000 -0.978814
DS2.d123.s0.i0 1.000000 0.727756
DS2.d124.s0.i0 -1.000000 -0.953309
DS2.d676.s2.i0 1.000000 0.947779
DS2.d676.s3.i0 1.000000 0.430223
DS2.d676.s0.i0 1.000000 0.741351
DS2.d676.s1.i0 1.000000 0.735178
DS2.d676.s4.i0 1.000000 0.842208
DS2.d126.s0.i0 1.000000 0.912920
DS2.d126.s1.i0 1.000000 0.742084
DS2.d127.s0.i0 1.000000 0.890724
DS2.d677.s0.i5 -1.000000 -0.735379
DS2.d677.s0.i4 -1.000000 -1.117672
DS2.d677.s0.i7 -1.000000 -0.879350
DS2.d677.s0.i6 -1.000000 -0.915064
DS2.d677.s0.i1 -1.000000 -0.866422
DS2.d677.s0.i0 -1.000000 -1.089631
DS2.d677.s0.i3 -1.000000 -0.793077
DS2.d677.s0.i2 -1.000000 -0.821946
DS2.d677.s0.i19 -1.000000 -1.057820
DS2.d677.s0.i18 -1.000000 -0.909250
DS2.d677.s0.i16 -1.000000 -1.043878
DS2.d677.s0.i9 -1.000000 -0.934907
DS2.d677.s0.i8 -1.000000 -1.219571
DS2.d677.s0.i17 -1.000000 -0.906390
DS2.d677.s0.i12 -1.000000 -0.910421
DS2.d677.s0.i15 -1.000000 -1.054181
DS2.d677.s0.i13 -1.000000 -0.769374
DS2.d677.s0.i10 -1.000000 -1.111191
DS2.d677.s0.i11 -1.000000 -1.186673
DS2.d677.s0.i14 -1.000000 -0.989140
DS2.d906.s0.i0 1.000000 0.786948
DS2.d906.s0.i1 1.000000 0.675512
DS2.d906.s1.i0 1.000000 0.475949
DS2.d907.s0.i0 1.000000 0.272602
DS2.d904.s0.i0 -1.000000 -0.699425
DS2.d904.s0.i1 -1.000000 -1.378718
DS2.d904.s1.i0 -1.000000 -0.579804
DS2.d905.s1.i0 1.000000 0.216947
DS2.d905.s0.i1 1.000000 0.920913
DS2.d905.s0.i0 1.000000 0.917899
DS2.d902.s0.i2 -1.000000 -0.904096
DS2.d902.s0.i3 -1.000000 -0.952957
DS2.d902.s0.i0 -1.000000 -0.856694
DS2.d902.s0.i1 -1.000000 -0.819293
DS2.d903.s0.i0 1.000000 0.736376
DS2.d900.s0.i0 1.000000 0.669669
DS2.d901.s0.i1 -1.000000 -1.087709
DS2.d901.s0.i0 -1.000000 -0.950182
DS2.d901.s0.i3 -1.000000 -1.130655
DS2.d901.s0.i2 -1.000000 -0.900494
DS2.d421.s0.i0 1.000000 1.080019
DS2.d908.s0.i0 1.000000 0.898031
DS2.d908.s0.i1 1.000000 0.898031
DS2.d909.s1.i0 -1.000000 -0.757482
DS2.d909.s0.i0 -1.000000 -0.723283
DS2.d465.s0.i0 1.000000 0.893461
DS2.d464.s0.i1 -1.000000 -0.921260
DS2.d464.s0.i0 -1.000000 -0.756220
DS2.d467.s0.i0 1.000000 1.017186
DS2.d466.s0.i0 -1.000000 -0.573275
DS2.d461.s0.i0 1.000000 0.991274
DS2.d460.s0.i9 -1.000000 -0.937962
DS2.d460.s0.i8 -1.000000 -1.015705
DS2.d460.s0.i7 -1.000000 -1.147490
DS2.d460.s0.i6 -1.000000 -1.022732
DS2.d460.s0.i5 -1.000000 -1.008391
DS2.d460.s0.i4 -1.000000 -0.923806
DS2.d460.s0.i3 -1.000000 -0.877865
DS2.d460.s0.i2 -1.000000 -1.044960
DS2.d460.s0.i1 -1.000000 -1.139094
DS2.d460.s0.i0 -1.000000 -0.937962
DS2.d460.s0.i19 -1.000000 -0.855600
DS2.d460.s0.i18 -1.000000 -0.877865
DS2.d460.s0.i17 -1.000000 -1.022732
DS2.d460.s0.i16 -1.000000 -0.855600
DS2.d460.s0.i15 -1.000000 -1.130457
DS2.d460.s0.i14 -1.000000 -1.022696
DS2.d460.s0.i13 -1.000000 -0.841622
DS2.d460.s0.i12 -1.000000 -1.140225
DS2.d460.s0.i11 -1.000000 -1.131636
DS2.d460.s0.i10 -1.000000 -0.863962
DS2.d460.s0.i22 -1.000000 -1.038071
DS2.d460.s0.i23 -1.000000 -1.036924
DS2.d460.s0.i20 -1.000000 -1.014376
DS2.d460.s0.i21 -1.000000 -1.147624
DS2.d1049.s0.i0 1.000000 0.726501
DS2.d1049.s0.i1 1.000000 0.793890
DS2.d1048.s1.i0 1.000000 0.801528
DS2.d1048.s0.i1 1.000000 0.942573
DS2.d1048.s0.i0 1.000000 1.244975
DS2.d1048.s2.i1 1.000000 0.883245
DS2.d1048.s2.i0 1.000000 0.765373
DS2.d1047.s0.i0 1.000000 0.703146
DS2.d1047.s1.i1 1.000000 0.917552
DS2.d1047.s1.i0 1.000000 0.917552
DS2.d1046.s0.i1 -1.000000 0.082508
DS2.d1046.s0.i0 1.000000 0.290304
DS2.d1045.s0.i0 1.000000 0.840482
DS2.d1045.s0.i1 1.000000 1.069766
DS2.d1044.s0.i1 1.000000 0.648032
DS2.d1044.s0.i0 1.000000 0.791256
DS2.d1043.s0.i0 -1.000000 -0.583450
DS2.d1042.s2.i0 1.000000 0.570411
DS2.d1042.s1.i0 1.000000 0.814108
DS2.d1042.s0.i0 1.000000 0.799409
DS2.d302.s0.i0 1.000000 0.549922
DS2.d302.s0.i1 1.000000 0.899224
DS2.d303.s0.i1 -1.000000 -0.095125
DS2.d303.s0.i0 1.000000 0.032270
DS2.d263.s0.i0 -1.000000 -1.159928
DS2.d263.s0.i1 -1.000000 -0.897582
DS2.d262.s0.i1 1.000000 0.647627
DS2.d262.s0.i0 1.000000 0.870955
DS2.d261.s0.i0 1.000000 0.817837
DS2.d261.s0.i1 1.000000 0.815419
DS2.d261.s0.i2 1.000000 0.727103
DS2.d260.s0.i1 1.000000 0.799144
DS2.d260.s0.i0 1.000000 0.847888
DS2.d267.s0.i0 -1.000000 -0.381964
DS2.d267.s1.i1 1.000000 0.852677
DS2.d267.s1.i0 1.000000 0.859950
DS2.d267.s1.i3 1.000000 0.885270
DS2.d267.s1.i2 1.000000 0.891174
DS2.d266.s0.i0 1.000000 1.077432
DS2.d265.s0.i0 1.000000 0.842957
DS2.d265.s0.i1 1.000000 0.849575
DS2.d265.s0.i2 1.000000 0.858488
DS2.d264.s0.i0 -1.000000 -0.543732
DS2.d269.s0.i0 1.000000 0.399134
DS2.d268.s0.i0 1.000000 0.545148
DS2.d918.s1.i0 1.000000 0.731225
DS2.d918.s0.i1 1.000000 0.673193
DS2.d918.s0.i0 1.000000 0.770036
DS2.d679.s1.i0 -1.000000 -0.941104
DS2.d679.s1.i1 -1.000000 -0.879474
DS2.d679.s1.i2 -1.000000 -0.790261
DS2.d679.s1.i3 -1.000000 -0.793120
DS2.d679.s0.i2 -1.000000 -0.723445
DS2.d679.s0.i1 -1.000000 -0.941216
DS2.d679.s0.i0 -1.000000 -0.887348
DS2.d832.s0.i0 1.000000 0.889269
DS2.d832.s0.i1 1.000000 0.874269
DS2.d833.s1.i0 1.000000 0.884699
DS2.d833.s0.i1 1.000000 0.685912
DS2.d833.s0.i0 1.000000 1.039324
DS2.d830.s0.i0 1.000000 0.690637
DS2.d831.s0.i1 1.000000 0.913415
DS2.d831.s0.i0 1.000000 0.913415
DS2.d836.s0.i0 1.000000 0.709851
DS2.d836.s0.i1 1.000000 0.662411
DS2.d837.s0.i0 1.000000 0.961931
DS2.d834.s2.i0 -1.000000 -0.652865
DS2.d834.s3.i0 -1.000000 -0.273444
DS2.d834.s0.i0 -1.000000 -0.972355
DS2.d834.s0.i1 -1.000000 -0.902485
DS2.d834.s1.i0 -1.000000 -0.855704
DS2.d835.s0.i0 1.000000 0.467661
DS2.d839.s1.i0 -1.000000 -0.807143
DS2.d839.s1.i1 -1.000000 -0.750760
DS2.d839.s0.i0 -1.000000 -0.910376
DS2.d86.s0.i0 -1.000000 -0.914970
DS2.d86.s0.i1 -1.000000 -0.244949
DS2.d693.s0.i2 -1.000000 -0.894432
DS2.d693.s0.i1 -1.000000 -0.977279
DS2.d693.s0.i0 -1.000000 -0.884134
DS2.d87.s2.i0 1.000000 0.917033
DS2.d87.s1.i0 -1.000000 -0.198760
DS2.d87.s0.i0 1.000000 1.013834
DS2.d991.s0.i0 1.000000 0.789534
DS2.d990.s0.i0 1.000000 0.754271
DS2.d993.s2.i0 1.000000 0.747333
DS2.d993.s2.i1 1.000000 0.464742
DS2.d993.s0.i0 1.000000 0.836825
DS2.d993.s0.i1 1.000000 0.952533
DS2.d993.s1.i0 -1.000000 -0.701367
DS2.d992.s0.i0 1.000000 0.912525
DS2.d995.s0.i0 -1.000000 -0.596843
DS2.d994.s0.i1 1.000000 1.016289
DS2.d994.s0.i0 1.000000 0.865686
DS2.d996.s1.i0 -1.000000 -0.961811
DS2.d996.s0.i0 -1.000000 -0.121288
DS2.d996.s3.i0 -1.000000 -0.828183
DS2.d996.s2.i0 -1.000000 -0.762259
DS2.d999.s0.i0 1.000000 0.851489
DS2.d999.s1.i1 1.000000 0.984065
DS2.d999.s1.i0 1.000000 0.961182
DS2.d999.s2.i0 1.000000 0.374184
DS2.d85.s1.i4 -1.000000 -0.803293
DS2.d85.s1.i2 -1.000000 -0.876238
DS2.d85.s1.i3 -1.000000 -0.834683
DS2.d85.s1.i0 -1.000000 -0.675327
DS2.d85.s1.i1 -1.000000 -0.813085
DS2.d85.s0.i1 1.000000 0.496196
DS2.d85.s0.i0 1.000000 0.424165
DS2.d85.s0.i2 1.000000 0.252094
DS2.d410.s0.i0 -1.000000 -0.374095
DS2.d411.s0.i0 1.000000 0.931020
DS2.d412.s0.i0 1.000000 0.596777
DS2.d412.s0.i1 1.000000 0.885350
DS2.d414.s0.i0 -1.000000 -0.314207
DS2.d415.s0.i1 -1.000000 -0.882462
DS2.d415.s0.i0 -1.000000 -0.718318
DS2.d416.s0.i0 1.000000 0.729236
DS2.d417.s0.i0 -1.000000 0.122083
DS2.d418.s0.i0 -1.000000 -1.145648
DS2.d418.s0.i1 -1.000000 -0.931620
DS2.d419.s0.i1 -1.000000 -0.650801
DS2.d419.s0.i0 -1.000000 -0.867949
DS2.d489.s0.i0 1.000000 1.073099
DS2.d489.s0.i1 1.000000 1.061584
DS2.d397.s0.i8 -1.000000 -0.834499
DS2.d397.s0.i9 -1.000000 -0.945891
DS2.d397.s0.i2 -1.000000 -0.969900
DS2.d397.s0.i3 -1.000000 -0.884835
DS2.d397.s0.i0 -1.000000 -0.971863
DS2.d397.s0.i1 -1.000000 -0.978037
DS2.d397.s0.i6 -1.000000 -0.866909
DS2.d397.s0.i7 -1.000000 -0.909845
DS2.d397.s0.i4 -1.000000 -1.039870
DS2.d397.s0.i5 -1.000000 -0.824258
DS2.d397.s1.i0 1.000000 0.930214
DS2.d396.s0.i3 -1.000000 -0.091815
DS2.d396.s0.i2 1.000000 0.350532
DS2.d396.s0.i1 1.000000 0.165765
DS2.d396.s0.i0 -1.000000 -0.271732
DS2.d395.s0.i0 1.000000 0.791091
DS2.d395.s0.i1 1.000000 0.716504
DS2.d394.s0.i1 1.000000 1.032148
DS2.d394.s0.i0 1.000000 1.025839
DS2.d393.s0.i14 1.000000 0.805989
DS2.d393.s0.i11 1.000000 0.858032
DS2.d393.s0.i12 1.000000 0.866570
DS2.d393.s0.i13 1.000000 1.020556
DS2.d393.s0.i6 1.000000 1.136132
DS2.d393.s0.i7 1.000000 1.029914
DS2.d393.s0.i4 1.000000 0.933665
DS2.d393.s0.i5 1.000000 0.903581
DS2.d393.s0.i2 1.000000 1.119892
DS2.d393.s0.i3 1.000000 0.841737
DS2.d393.s0.i0 1.000000 0.882952
DS2.d393.s0.i1 1.000000 1.036831
DS2.d393.s0.i10 1.000000 0.813339
DS2.d393.s0.i8 1.000000 0.991624
DS2.d393.s0.i9 1.000000 1.008242
DS2.d393.s1.i1 -1.000000 -0.299791
DS2.d393.s1.i0 1.000000 0.545796
DS2.d393.s2.i0 1.000000 0.881754
DS2.d393.s2.i1 1.000000 0.786951
DS2.d393.s3.i0 1.000000 0.665923
DS2.d746.s2.i0 1.000000 0.018582
DS2.d746.s0.i0 -1.000000 -0.120787
DS2.d746.s1.i0 1.000000 0.591539
DS2.d391.s0.i0 1.000000 0.897428
DS2.d391.s0.i1 1.000000 0.863855
DS2.d390.s1.i0 1.000000 -0.094189
DS2.d390.s0.i1 1.000000 0.709636
DS2.d390.s0.i0 1.000000 0.713947
DS2.d1041.s0.i0 -1.000000 -0.775574
DS2.d1041.s0.i1 -1.000000 -0.759854
DS2.d1041.s0.i2 -1.000000 -0.699858
DS2.d1041.s1.i0 1.000000 0.169344
DS2.d399.s0.i0 -1.000000 -0.855515
DS2.d399.s0.i1 -1.000000 -0.917322
DS2.d399.s0.i2 -1.000000 -0.908987
DS2.d399.s0.i3 -1.000000 -0.892010
DS2.d399.s1.i3 1.000000 -0.058107
DS2.d399.s1.i2 -1.000000 -0.234166
DS2.d399.s1.i1 1.000000 -0.102018
DS2.d399.s1.i0 -1.000000 -0.208014
DS2.d398.s1.i0 -1.000000 -0.500160
DS2.d398.s0.i0 -1.000000 -0.375833
DS2.d199.s0.i2 1.000000 0.939208
DS2.d199.s0.i0 1.000000 0.680196
DS2.d199.s0.i1 1.000000 0.827007
DS2.d198.s0.i1 1.000000 0.631155
DS2.d198.s0.i0 1.000000 1.200250
DS2.d191.s0.i0 -1.000000 -0.794972
DS2.d193.s0.i0 1.000000 0.709035
DS2.d193.s0.i1 1.000000 0.646459
DS2.d192.s0.i0 -1.000000 -0.570144
DS2.d195.s0.i0 1.000000 0.135842
DS2.d195.s0.i1 -1.000000 -0.025071
DS2.d194.s2.i1 -1.000000 -0.672584
DS2.d194.s2.i0 -1.000000 -0.798944
DS2.d194.s1.i0 -1.000000 -0.703425
DS2.d194.s1.i1 -1.000000 -0.955004
DS2.d194.s0.i7 -1.000000 -1.070843
DS2.d194.s0.i6 -1.000000 -0.837741
DS2.d194.s0.i5 -1.000000 -0.937786
DS2.d194.s0.i4 -1.000000 -0.926313
DS2.d194.s0.i3 -1.000000 -0.990864
DS2.d194.s0.i2 -1.000000 -1.056496
DS2.d194.s0.i1 -1.000000 -0.918069
DS2.d194.s0.i0 -1.000000 -0.896767
DS2.d194.s0.i9 -1.000000 -0.966562
DS2.d194.s0.i8 -1.000000 -1.000822
DS2.d197.s0.i0 -1.000000 -0.710585
DS2.d197.s0.i1 -1.000000 -0.710585
DS2.d196.s1.i0 1.000000 0.990557
DS2.d196.s0.i0 1.000000 0.697205
DS2.d692.s0.i0 1.000000 0.801549
DS2.d692.s0.i1 1.000000 0.798004
DS2.d692.s1.i0 -1.000000 0.256809
DS2.d692.s2.i0 -1.000000 -0.614970
DS2.d692.s3.i0 1.000000 0.805372
DS2.d481.s0.i0 -1.000000 -0.508489
DS2.d518.s1.i0 1.000000 0.554531
DS2.d518.s0.i0 -1.000000 -0.531603
DS2.d89.s1.i0 -1.000000 -0.497320
DS2.d89.s1.i1 -1.000000 -0.534149
DS2.d89.s0.i1 -1.000000 -0.737612
DS2.d89.s0.i0 -1.000000 -0.860826
DS2.d89.s0.i2 -1.000000 -0.795388
DS2.d645.s0.i0 -1.000000 -0.285747
DS2.d644.s0.i0 -1.000000 -0.108540
DS2.d80.s0.i0 1.000000 0.672796
DS2.d80.s1.i0 -1.000000 -0.257809
DS2.d646.s0.i0 -1.000000 -0.502651
DS2.d641.s0.i0 1.000000 0.827745
DS2.d641.s1.i1 1.000000 0.316775
DS2.d641.s1.i0 -1.000000 0.274000
DS2.d641.s2.i0 1.000000 0.863911
DS2.d641.s3.i1 1.000000 0.830461
DS2.d641.s3.i0 1.000000 0.815387
DS2.d640.s0.i1 1.000000 0.750756
DS2.d640.s0.i0 1.000000 0.977911
DS2.d643.s2.i0 1.000000 0.514689
DS2.d643.s3.i0 1.000000 0.919299
DS2.d643.s0.i0 1.000000 0.757359
DS2.d643.s1.i0 1.000000 0.929541
DS2.d642.s0.i1 1.000000 0.714961
DS2.d642.s0.i0 1.000000 0.744473
DS2.d524.s0.i0 -1.000000 -0.791358
DS2.d524.s0.i1 -1.000000 -0.776997
DS2.d515.s0.i0 -1.000000 -0.717870
DS2.d526.s2.i0 1.000000 0.597225
DS2.d526.s3.i0 1.000000 0.874665
DS2.d526.s0.i0 1.000000 0.885562
DS2.d526.s0.i1 1.000000 0.863449
DS2.d526.s1.i0 1.000000 0.938484
DS2.d526.s4.i0 1.000000 0.936061
DS2.d526.s4.i1 1.000000 0.706385
DS2.d526.s4.i2 1.000000 1.003516
DS2.d527.s0.i1 -1.000000 -0.627168
DS2.d527.s0.i0 -1.000000 -0.424226
DS2.d520.s0.i0 1.000000 0.922578
DS2.d520.s0.i1 1.000000 0.891842
DS2.d523.s0.i0 1.000000 0.943840
DS2.d483.s0.i0 -1.000000 0.210685
DS2.d482.s0.i1 1.000000 0.734938
DS2.d482.s0.i0 1.000000 0.663321
DS2.d232.s0.i0 -1.000000 -0.855941
DS2.d232.s0.i1 -1.000000 -1.171643
DS2.d480.s0.i0 1.000000 0.348775
DS2.d487.s0.i2 1.000000 0.884216
DS2.d487.s0.i0 1.000000 0.978912
DS2.d487.s0.i1 1.000000 0.638601
DS2.d529.s1.i0 -1.000000 -0.746720
DS2.d529.s0.i0 1.000000 0.789001
DS2.d485.s0.i0 -1.000000 0.238276
DS2.d485.s1.i0 -1.000000 -0.388848
DS2.d484.s0.i0 1.000000 0.725019
