DS2.d14.s0.i0 1.0 1.97622278231
DS2.d15.s0.i0 -1 -0.343774864329
DS2.d15.s1.i0 1.0 -1.02698840468
DS2.d15.s2.i0 -1 -1.13636984098
DS2.d23.s0.i0 1.0 0.469894625406
DS2.d34.s0.i0 1.0 1.63701019226
DS2.d34.s1.i0 -1 0.332008905512
DS2.d34.s1.i1 1.0 0.828961003645
DS2.d34.s1.i2 -1 0.350146462143
DS2.d34.s1.i3 1.0 0.531198446973
DS2.d50.s0.i0 -1 -0.360967974596
DS2.d87.s0.i0 1.0 0.792863768579
DS2.d87.s1.i0 -1 -0.210151924892
DS2.d87.s2.i0 1.0 1.04745490543
DS2.d89.s0.i0 -1 -0.716731987609
DS2.d89.s0.i1 -1 -0.293681294815
DS2.d89.s0.i2 -1 -1.05162893891
DS2.d89.s1.i0 -1 1.07209984438
DS2.d89.s1.i1 -1 1.21870704337
DS2.d90.s0.i0 1.0 0.103456396737
DS2.d90.s0.i1 -1 -1.08301288395
DS2.d90.s0.i2 1.0 0.190809382387
DS2.d91.s0.i0 1.0 1.51102324633
DS2.d91.s1.i0 1.0 1.01861911564
DS2.d91.s1.i1 1.0 1.40891681858
DS2.d91.s2.i0 1.0 0.323587025821
DS2.d91.s2.i1 1.0 0.455696163852
DS2.d91.s2.i2 1.0 0.0102962302559
DS2.d91.s2.i3 1.0 0.0357356644384
DS2.d91.s2.i4 1.0 0.36168565043
DS2.d112.s0.i0 -1 -1.08769873023
DS2.d112.s0.i1 -1 -2.07887407751
DS2.d124.s0.i0 -1 -0.78657174076
DS2.d139.s0.i0 1.0 1.38213986129
DS2.d139.s0.i1 -1 -0.286201859945
DS2.d200.s0.i0 1.0 2.03461218484
DS2.d200.s1.i0 -1 -0.155725702754
DS2.d213.s0.i0 -1 0.680579054473
DS2.d213.s0.i1 -1 0.592110830434
DS2.d213.s0.i2 -1 -0.242723737084
DS2.d213.s0.i3 -1 -0.2094534356
DS2.d222.s0.i0 -1 -0.775383311305
DS2.d222.s1.i0 -1 -0.0456788689879
DS2.d223.s0.i0 1.0 0.617769593774
DS2.d232.s0.i0 -1 -0.366024573149
DS2.d232.s0.i1 -1 -1.41705554392
DS2.d257.s0.i0 1.0 0.771887211834
DS2.d257.s0.i1 1.0 1.07121141239
DS2.d257.s0.i2 1.0 0.631058355305
DS2.d257.s0.i3 1.0 0.440183425789
DS2.d268.s0.i0 1.0 1.5800438413
DS2.d276.s0.i0 -1 -1.17699948703
DS2.d276.s1.i0 -1 -0.58672664355
DS2.d293.s0.i0 1.0 0.390516414894
DS2.d293.s1.i0 1.0 1.1656273513
DS2.d293.s1.i1 1.0 0.258918548483
DS2.d296.s0.i0 -1 -0.116370397281
DS2.d296.s0.i1 -1 -0.498980653208
DS2.d307.s0.i0 -1 -0.26672353929
DS2.d329.s0.i0 1.0 1.50708765633
DS2.d329.s0.i1 1.0 1.38896035263
DS2.d329.s0.i2 1.0 1.34939771382
DS2.d340.s0.i0 -1 -0.0405011118486
DS2.d340.s0.i1 -1 -0.0978557162666
DS2.d340.s0.i2 -1 -0.512431687814
DS2.d340.s0.i3 -1 0.440431414021
DS2.d340.s0.i4 -1 -0.600918726768
DS2.d345.s0.i0 1.0 0.617453680839
DS2.d353.s0.i0 -1 -1.05063878942
DS2.d353.s1.i0 -1 -0.525247593801
DS2.d356.s0.i0 1.0 1.04428712587
DS2.d356.s1.i0 1.0 1.0629802264
DS2.d364.s0.i0 -1 -0.285678692199
DS2.d371.s0.i0 -1 -0.210026595219
DS2.d375.s0.i0 -1 0.763573820241
DS2.d375.s0.i1 1.0 1.05171723926
DS2.d375.s0.i2 1.0 0.46320234441
DS2.d375.s0.i3 1.0 0.85267159757
DS2.d375.s0.i4 -1 0.69132382057
DS2.d375.s0.i5 -1 1.32996992718
DS2.d375.s0.i6 -1 1.20567311945
DS2.d375.s0.i7 -1 1.56585109725
DS2.d375.s0.i8 -1 1.49360109757
DS2.d399.s0.i0 -1 -0.847194793982
DS2.d399.s0.i1 -1 -1.34133269077
DS2.d399.s0.i2 -1 -0.98911077206
DS2.d399.s0.i3 -1 -1.29014198402
DS2.d399.s1.i0 -1 -0.662155883901
DS2.d399.s1.i1 1.0 -0.351340501617
DS2.d399.s1.i2 -1 -0.577509679359
DS2.d399.s1.i3 1.0 -0.505548576452
DS2.d408.s0.i0 -1 0.239640582014
DS2.d408.s0.i1 -1 -0.051248586233
DS2.d408.s0.i2 -1 0.317178355469
DS2.d408.s0.i3 -1 0.244088176882
DS2.d440.s0.i0 -1 -0.968026546501
DS2.d440.s0.i1 -1 -1.26127339711
DS2.d440.s0.i2 -1 0.13879498118
DS2.d440.s0.i3 -1 0.315970735609
DS2.d445.s0.i0 1.0 0.538266998171
DS2.d459.s0.i0 -1 0.458179621228
DS2.d474.s0.i0 1.0 -0.330948893867
DS2.d476.s0.i0 -1 0.0951997728052
DS2.d476.s0.i1 -1 -0.266810311619
DS2.d480.s0.i0 1.0 -0.0812484735083
DS2.d484.s0.i0 1.0 0.0984438325764
DS2.d485.s0.i0 -1 -0.240549681762
DS2.d485.s1.i0 -1 0.571457415099
DS2.d486.s0.i0 -1 -1.15823632984
DS2.d487.s0.i0 1.0 1.09492246402
DS2.d487.s0.i1 1.0 0.945599725568
DS2.d487.s0.i2 1.0 1.28570864306
DS2.d488.s0.i0 1.0 1.77305699157
DS2.d489.s0.i0 1.0 1.55908915265
DS2.d489.s0.i1 1.0 1.92263802674
DS2.d497.s0.i0 -1 0.870473338257
DS2.d497.s0.i1 -1 0.654376405514
DS2.d513.s0.i0 1.0 0.452565010743
DS2.d520.s0.i0 1.0 1.32002927032
DS2.d520.s0.i1 1.0 0.89983603522
DS2.d530.s0.i0 1.0 2.35877903197
DS2.d530.s1.i0 1.0 1.01046766012
DS2.d530.s1.i1 1.0 0.811151356459
DS2.d530.s2.i0 1.0 1.98978606201
DS2.d530.s2.i1 1.0 1.74375104645
DS2.d537.s0.i0 1.0 1.26103053285
DS2.d550.s0.i0 1.0 1.16309262478
DS2.d550.s0.i1 1.0 -0.27201820117
DS2.d550.s0.i2 1.0 0.528451899991
DS2.d550.s0.i3 1.0 -0.182110596185
DS2.d550.s0.i4 1.0 0.137547681379
DS2.d550.s0.i5 1.0 1.38393716499
DS2.d550.s0.i6 1.0 0.528451899991
DS2.d550.s0.i7 1.0 0.788705999254
DS2.d550.s0.i8 1.0 0.932814422663
DS2.d550.s0.i9 1.0 1.38393716499
DS2.d550.s0.i10 1.0 0.133732674573
DS2.d550.s0.i11 1.0 -0.560749239289
DS2.d550.s0.i12 1.0 1.16309262478
DS2.d550.s0.i13 1.0 0.932814422663
DS2.d550.s0.i14 1.0 0.788705999254
DS2.d550.s1.i0 1.0 0.581446292785
DS2.d550.s1.i1 1.0 0.709771484261
DS2.d550.s1.i2 1.0 0.709771484261
DS2.d550.s1.i3 1.0 0.581446292785
DS2.d552.s0.i0 1.0 -0.691959982698
DS2.d554.s0.i0 1.0 1.55130579224
DS2.d563.s0.i0 -1 0.424876848865
DS2.d568.s0.i0 1.0 -0.314964325254
DS2.d571.s0.i0 1.0 1.63413035875
DS2.d571.s1.i0 1.0 1.40917878367
DS2.d571.s1.i1 1.0 1.12079561771
DS2.d586.s0.i0 -1 -0.3192526606
DS2.d586.s0.i1 -1 -0.104260271006
DS2.d610.s0.i0 1.0 0.478378821054
DS2.d610.s1.i0 1.0 1.1394226504
DS2.d610.s1.i1 1.0 1.33857213601
DS2.d616.s0.i0 1.0 -0.608684479432
DS2.d624.s0.i0 -1 -1.40939679349
DS2.d624.s0.i1 1.0 0.349113432508
DS2.d624.s0.i2 1.0 0.289159373547
DS2.d625.s0.i0 1.0 1.35739536168
DS2.d629.s0.i0 1.0 1.05338409477
DS2.d629.s0.i1 1.0 1.34667864768
DS2.d635.s0.i0 1.0 -0.425396241542
DS2.d635.s0.i1 1.0 -0.311040063904
DS2.d635.s0.i2 1.0 -0.249090638711
DS2.d635.s0.i3 1.0 -0.233505468252
DS2.d635.s0.i4 1.0 -0.112000232189
DS2.d635.s0.i5 1.0 -0.425396241542
DS2.d641.s0.i0 1.0 1.36193466542
DS2.d641.s1.i0 -1 1.8210357481
DS2.d641.s1.i1 1.0 2.25535365427
DS2.d641.s2.i0 1.0 0.437440444672
DS2.d641.s3.i0 1.0 0.297830473813
DS2.d641.s3.i1 1.0 0.205249833852
DS2.d675.s0.i0 -1 0.751923510785
DS2.d675.s1.i0 -1 -1.73244397203
DS2.d678.s0.i0 1.0 0.839528376053
DS2.d683.s0.i0 1.0 1.58471755962
DS2.d683.s0.i1 1.0 1.24568316646
DS2.d683.s0.i2 1.0 1.26738689187
DS2.d688.s0.i0 1.0 0.666604495071
DS2.d693.s0.i0 -1 -0.972309065418
DS2.d693.s0.i1 -1 -0.960952399754
DS2.d693.s0.i2 -1 -1.44560120512
DS2.d707.s0.i0 1.0 1.55866576628
DS2.d711.s0.i0 1.0 0.254113892023
DS2.d711.s0.i1 1.0 -0.459402118075
DS2.d728.s0.i0 -1 -0.47624323216
DS2.d751.s0.i0 1.0 -0.0587702880929
DS2.d751.s0.i1 1.0 -0.209024687835
DS2.d751.s0.i2 1.0 -0.0568813234648
DS2.d751.s0.i3 1.0 0.287724408257
DS2.d751.s0.i4 1.0 -0.419572127828
DS2.d751.s0.i5 1.0 -0.00192911853032
DS2.d751.s0.i6 1.0 -0.252716836426
DS2.d751.s0.i7 1.0 -0.267428763458
DS2.d753.s0.i0 1.0 1.00693253018
DS2.d761.s0.i0 1.0 0.436173057929
DS2.d762.s0.i0 -1 -1.11654564224
DS2.d766.s0.i0 1.0 0.139284524868
DS2.d766.s1.i0 1.0 -0.0133850296403
DS2.d766.s1.i1 1.0 -0.113538717241
DS2.d792.s0.i0 1.0 0.0924997461952
DS2.d792.s0.i1 1.0 0.513078889085
DS2.d797.s0.i0 -1 -0.612893547131
DS2.d797.s1.i0 -1 0.788114776408
DS2.d800.s0.i0 1.0 0.732776149201
DS2.d800.s0.i1 1.0 0.945141876672
DS2.d815.s0.i0 1.0 0.799548299313
DS2.d817.s0.i0 -1 -0.633147943796
DS2.d829.s0.i0 1.0 0.63845733522
DS2.d829.s0.i1 1.0 0.64900676228
DS2.d840.s0.i0 -1 0.284849776487
DS2.d840.s0.i1 -1 -0.155032328981
DS2.d846.s0.i0 1.0 -0.0194789508694
DS2.d846.s0.i1 1.0 0.445663296525
DS2.d846.s0.i2 1.0 0.336934368313
DS2.d846.s0.i3 1.0 0.245435244579
DS2.d846.s0.i4 1.0 0.916849742256
DS2.d846.s0.i5 1.0 0.605760674129
DS2.d846.s0.i6 1.0 -0.261192754406
DS2.d846.s0.i7 1.0 0.66104292078
DS2.d846.s0.i8 1.0 0.228575761801
DS2.d846.s0.i9 1.0 0.175084430634
DS2.d846.s0.i10 1.0 -0.205395470417
DS2.d846.s0.i11 1.0 0.487149048116
DS2.d846.s1.i0 -1 -0.304486731603
DS2.d846.s1.i1 -1 -0.518935256383
DS2.d856.s0.i0 1.0 0.722496138452
DS2.d861.s0.i0 -1 0.312876263898
DS2.d900.s0.i0 1.0 0.769221842932
DS2.d904.s0.i0 -1 -1.20057564893
DS2.d904.s0.i1 -1 -1.60580522944
DS2.d904.s1.i0 -1 -0.0744105981365
DS2.d908.s0.i0 1.0 1.11246521147
DS2.d908.s0.i1 1.0 1.11246521147
DS2.d911.s0.i0 -1 -2.28826711037
DS2.d924.s0.i0 -1 0.743616940284
DS2.d924.s0.i1 -1 0.613475293551
DS2.d930.s0.i0 1.0 1.70616734352
DS2.d931.s0.i0 -1 -0.884279261085
DS2.d931.s0.i1 -1 -0.718394047551
DS2.d931.s0.i2 -1 -0.6486254627
DS2.d931.s0.i3 -1 -1.07300747547
DS2.d946.s0.i0 1.0 0.868472934138
DS2.d946.s0.i1 1.0 1.01452285112
DS2.d948.s0.i0 1.0 -0.218544275434
DS2.d950.s0.i0 -1 0.150792486397
DS2.d950.s0.i1 -1 0.57674634813
DS2.d957.s0.i0 1.0 0.0160635470152
DS2.d957.s0.i1 1.0 0.26393031485
DS2.d981.s0.i0 1.0 0.914145328887
DS2.d982.s0.i0 -1 2.25321646475
DS2.d1006.s0.i0 1.0 0.0582670607755
DS2.d1006.s0.i1 1.0 -0.246809985618
DS2.d1006.s0.i2 1.0 0.0502223091891
DS2.d1006.s0.i3 1.0 -0.266862935933
DS2.d1006.s0.i4 1.0 -0.483971365323
DS2.d1006.s0.i5 1.0 -0.176827368726
DS2.d1016.s0.i0 1.0 0.723178692142
DS2.d1046.s0.i0 1.0 2.17534931521
DS2.d1046.s0.i1 -1 1.50288167512
DS2.d1049.s0.i0 1.0 0.679405062718
DS2.d1049.s0.i1 1.0 -0.197947230908
DS2.d1052.s0.i0 1.0 1.1582740065
DS2.d1055.s0.i0 1.0 1.12669718528
DS2.d1055.s1.i0 1.0 0.668194256442
DS2.d1055.s1.i1 1.0 0.0629800758452
DS2.d1056.s0.i0 1.0 1.77401492378
