DS1.d5.s0.i0 1.0 1.45141742843
DS1.d5.s0.i1 1.0 0.626835834138
DS1.d5.s0.i2 1.0 1.68145300276
DS1.d21.s0.i0 1.0 -0.0374518390228
DS1.d22.s0.i0 1.0 0.496765984153
DS1.d22.s0.i1 1.0 0.400965739356
DS1.d22.s0.i2 1.0 0.456124591641
DS1.d22.s1.i0 1.0 0.0957061753168
DS1.d30.s0.i0 -1 0.467019822506
DS1.d30.s0.i1 -1 0.853376721281
DS1.d30.s0.i2 -1 0.853376721281
DS1.d31.s0.i0 1.0 2.26688347747
DS1.d46.s0.i0 1.0 -0.202882395696
DS1.d46.s0.i1 1.0 0.364720921315
DS1.d46.s0.i2 1.0 0.147648316896
DS1.d46.s0.i3 1.0 0.446248222373
DS1.d46.s0.i4 1.0 0.125009509114
DS1.d46.s0.i5 1.0 -0.491926457422
DS1.d46.s0.i6 1.0 0.00950364472362
DS1.d46.s0.i7 1.0 -0.0199225695962
DS1.d48.s0.i0 -1 -0.159550155134
DS1.d48.s0.i1 -1 -0.159550155134
DS1.d48.s0.i2 1.0 0.915576047774
DS1.d48.s0.i3 1.0 0.915576047774
DS1.d48.s0.i4 1.0 1.74143333881
DS1.d48.s0.i5 1.0 1.74143333881
DS1.d50.s0.i0 1.0 1.84485915159
DS1.d57.s0.i0 1.0 -0.0217568034039
DS1.d62.s0.i0 -1 0.873099544741
DS1.d65.s0.i0 -1 -0.832477744445
DS1.d69.s0.i0 1.0 1.10383236892
DS1.d69.s0.i1 1.0 0.958775130204
DS1.d71.s0.i0 1.0 1.42050935763
DS1.d76.s0.i0 1.0 0.598019145918
DS1.d76.s0.i1 1.0 0.979725751246
DS1.d76.s0.i2 1.0 0.296856038863
DS1.d76.s0.i3 1.0 0.462079046697
DS1.d76.s1.i0 1.0 0.822597943127
DS1.d76.s1.i1 1.0 0.556773830067
DS1.d76.s1.i2 1.0 0.413840052105
DS1.d76.s1.i3 1.0 0.00270064451478
DS1.d80.s0.i0 -1 -1.35901761308
DS1.d89.s0.i0 1.0 2.04224477264
DS1.d106.s0.i0 1.0 0.138662014474
DS1.d106.s0.i1 1.0 0.187484059044
DS1.d111.s0.i0 1.0 0.467103552219
DS1.d111.s0.i1 -1 -1.11482490734
DS1.d111.s0.i2 1.0 0.526295983844
DS1.d111.s0.i3 1.0 0.504733462902
DS1.d111.s0.i4 -1 0.311007778465
DS1.d111.s0.i5 1.0 0.575471182663
DS1.d128.s0.i0 1.0 0.734740617482
DS1.d131.s0.i0 1.0 1.61089613079
DS1.d136.s0.i0 1.0 1.5282035671
DS1.d136.s0.i1 1.0 1.39530955386
DS1.d146.s0.i0 1.0 0.358599210417
DS1.d146.s0.i1 1.0 0.336290481816
DS1.d166.s0.i0 1.0 0.33929150494
DS1.d170.s0.i0 1.0 1.35931988368
DS1.d170.s0.i1 1.0 0.616555924637
DS1.d198.s0.i0 1.0 -0.855908025073
DS1.d198.s0.i1 1.0 -0.668195512455
DS1.d198.s1.i0 -1 0.0662221614164
DS1.d198.s1.i1 -1 -0.0235845133151
DS1.d198.s1.i2 -1 0.0118213946127
DS1.d198.s1.i3 -1 0.00887208735147
DS1.d202.s0.i0 1.0 0.31683646459
DS1.d216.s0.i0 -1 1.29025108006
DS1.d216.s0.i1 1.0 1.40300623487
DS1.d216.s1.i0 1.0 0.341938803583
DS1.d216.s2.i0 1.0 -0.552283124235
DS1.d216.s3.i0 1.0 1.27004964662
DS1.d216.s3.i1 1.0 1.32935334716
DS1.d219.s0.i0 1.0 0.573148988245
DS1.d219.s0.i1 1.0 1.18460240745
DS1.d219.s1.i0 -1 0.0888357163847
DS1.d219.s1.i1 -1 0.0298494417927
DS1.d219.s1.i2 -1 0.0138615775314
DS1.d231.s0.i0 -1 0.692488968844
DS1.d232.s0.i0 1.0 0.321479609518
DS1.d232.s0.i1 1.0 -0.308800922607
DS1.d232.s0.i2 1.0 0.273114259522
DS1.d232.s0.i3 1.0 -0.123333924505
DS1.d232.s0.i4 1.0 -0.0232580120953
DS1.d232.s0.i5 1.0 0.228995999207
DS1.d232.s1.i0 1.0 1.1495275631
DS1.d232.s1.i1 1.0 0.814074020537
DS1.d232.s1.i2 1.0 1.09180714482
DS1.d232.s1.i3 1.0 1.03794434349
DS1.d232.s2.i0 -1 -1.54201410717
DS1.d233.s0.i0 1.0 0.0706781470046
DS1.d237.s0.i0 1.0 0.17704395038
DS1.d237.s0.i1 1.0 0.302535416253
DS1.d237.s0.i2 1.0 0.335553094553
DS1.d237.s0.i3 1.0 0.700687373877
DS1.d237.s0.i4 1.0 0.0819957487044
DS1.d237.s0.i5 1.0 0.184617051054
DS1.d237.s0.i6 1.0 0.700687373877
DS1.d237.s0.i7 1.0 0.302535416253
DS1.d237.s0.i8 1.0 0.503000467175
DS1.d237.s0.i9 1.0 -0.15083200895
DS1.d237.s0.i10 1.0 0.0408914025235
DS1.d237.s0.i11 1.0 -0.116114435811
DS1.d237.s0.i12 1.0 -0.00655943046999
DS1.d237.s0.i13 1.0 -0.186002049047
DS1.d238.s0.i0 -1 1.45688437158
DS1.d242.s0.i0 1.0 0.762990000539
DS1.d242.s0.i1 1.0 0.54958667259
DS1.d242.s0.i2 1.0 0.710592238829
DS1.d242.s0.i3 1.0 0.573059012427
DS1.d245.s0.i0 1.0 0.724068515973
DS1.d245.s0.i1 1.0 0.732050998934
DS1.d245.s0.i2 1.0 0.668718633226
DS1.d267.s0.i0 1.0 1.37115589308
DS1.d275.s0.i0 1.0 -0.106274582635
DS1.d275.s0.i1 -1 0.715403079614
DS1.d279.s0.i0 1.0 1.56181104633
DS1.d279.s1.i0 1.0 0.974562542063
DS1.d279.s1.i1 -1 -1.40231525424
DS1.d279.s2.i0 1.0 1.6632289972
DS1.d279.s2.i1 -1 1.03150195997
DS1.d279.s3.i0 1.0 1.18457208645
DS1.d279.s3.i1 -1 0.946441488904
DS1.d279.s4.i0 1.0 1.00555694755
DS1.d279.s5.i0 1.0 1.32161421791
DS1.d279.s6.i0 -1 -1.32059837042
DS1.d279.s6.i1 -1 -1.32059837042
DS1.d279.s6.i2 -1 -1.35045012064
DS1.d279.s7.i0 1.0 1.0312906993
DS1.d279.s7.i1 -1 0.65933668528
DS1.d279.s7.i2 -1 0.576433919325
DS1.d279.s8.i0 -1 0.863139519689
DS1.d279.s8.i1 -1 -0.359171984721
DS1.d279.s9.i0 1.0 1.77845043649
DS1.d279.s9.i1 1.0 -0.0620407463487
DS1.d286.s0.i0 -1 0.316415911972
DS1.d286.s0.i1 1.0 1.08368848853
DS1.d286.s0.i2 1.0 0.894642490573
DS1.d289.s0.i0 -1 0.252337481715
DS1.d289.s0.i1 -1 -0.121513058898
DS1.d289.s0.i2 -1 -0.381333094934
DS1.d310.s0.i0 1.0 -0.630172408128
DS1.d310.s0.i1 -1 -0.137892789382
DS1.d310.s0.i2 1.0 -0.861460109455
DS1.d310.s1.i0 1.0 -0.156082976592
DS1.d310.s1.i1 -1 -1.43534722519
DS1.d310.s1.i2 1.0 -0.707790298679
DS1.d310.s1.i3 -1 -0.682078788265
DS1.d330.s0.i0 1.0 0.942124455522
DS1.d330.s0.i1 1.0 0.942124455522
DS1.d338.s0.i0 1.0 1.02322315071
DS1.d338.s0.i1 1.0 0.948029558532
DS1.d340.s0.i0 -1 0.313687143679
DS1.d343.s0.i0 1.0 -0.0430770412077
DS1.d343.s0.i1 1.0 -0.0430770412077
DS1.d362.s0.i0 1.0 0.0572750119249
DS1.d362.s0.i1 1.0 0.716821013485
DS1.d372.s0.i0 1.0 0.185123921529
DS1.d372.s0.i1 1.0 0.135074226183
DS1.d372.s1.i0 1.0 0.0897495356211
DS1.d372.s1.i1 -1 1.08546588309
DS1.d372.s1.i2 1.0 0.209419291484
DS1.d372.s1.i3 -1 0.583237573866
DS1.d385.s0.i0 1.0 0.803467698087
DS1.d385.s0.i1 1.0 1.52894037178
DS1.d385.s1.i0 1.0 2.10259497791
DS1.d385.s2.i0 -1 -0.827338502611
DS1.d391.s0.i0 1.0 0.143486970157
DS1.d391.s0.i1 1.0 1.30446802821
DS1.d397.s0.i0 -1 -0.491728342234
DS1.d397.s0.i1 -1 0.28813843877
DS1.d397.s0.i2 1.0 0.440843926642
DS1.d404.s0.i0 1.0 0.164135033586
DS1.d404.s0.i1 1.0 0.506253179845
DS1.d404.s0.i2 1.0 -0.0155152912039
DS1.d404.s0.i3 1.0 -0.236173474289
DS1.d408.s0.i0 1.0 0.767634911497
DS1.d408.s0.i1 1.0 0.940515326746
DS1.d410.s0.i0 -1 -1.058414892
DS1.d412.s0.i0 1.0 0.703516105218
DS1.d421.s0.i0 -1 0.10184400535
DS1.d421.s1.i0 1.0 0.822118103403
DS1.d422.s0.i0 1.0 1.38151585577
DS1.d422.s0.i1 1.0 1.22600844357
DS1.d422.s0.i2 1.0 1.07967134846
DS1.d422.s1.i0 1.0 -0.172730050127
DS1.d422.s1.i1 1.0 -0.212758444845
DS1.d422.s1.i2 1.0 -0.541681248642
DS1.d446.s0.i0 1.0 0.387880334483
DS1.d446.s0.i1 1.0 0.273092151941
DS1.d446.s0.i2 1.0 -0.00639873220297
DS1.d446.s0.i3 1.0 0.523875332207
DS1.d446.s1.i0 1.0 0.326318081036
DS1.d450.s0.i0 1.0 -0.0909362809409
DS1.d450.s1.i0 1.0 1.13523773194
DS1.d450.s1.i1 -1 -0.00346902589549
DS1.d453.s0.i0 1.0 0.378213885235
DS1.d463.s0.i0 -1 0.450348565027
DS1.d471.s0.i0 1.0 1.43593558747
DS1.d471.s0.i1 1.0 0.930014953938
DS1.d471.s0.i2 1.0 1.24112787463
DS1.d471.s0.i3 1.0 0.803031276487
DS1.d471.s0.i4 1.0 0.843293875038
DS1.d471.s0.i5 1.0 0.639662438313
DS1.d512.s0.i0 -1 0.483779967262
DS1.d512.s0.i1 -1 0.442095619031
DS1.d512.s1.i0 -1 -0.902566470591
DS1.d512.s2.i0 1.0 1.00998165172
DS1.d512.s2.i1 1.0 1.02367333409
DS1.d514.s0.i0 1.0 1.36995443101
DS1.d514.s1.i0 -1 0.270783812795
DS1.d525.s0.i0 1.0 -0.392398284575
DS1.d525.s0.i1 1.0 -0.124571056834
DS1.d528.s0.i0 1.0 1.08943026431
DS1.d528.s0.i1 1.0 1.15963398427
DS1.d551.s0.i0 1.0 1.05139730412
DS1.d627.s0.i0 1.0 0.720058595773
DS1.d646.s0.i0 1.0 -0.149040372486
DS1.d646.s0.i1 1.0 -0.178864781349
DS1.d646.s0.i2 1.0 -0.245573668223
DS1.d646.s0.i3 1.0 -0.0685995881597
DS1.d646.s0.i4 1.0 0.0384078183769
DS1.d646.s0.i5 1.0 -0.227475458857
DS1.d668.s0.i0 1.0 0.807820046152
DS1.d672.s0.i0 1.0 0.243259101142
DS1.d672.s0.i1 -1 0.566441308007
DS1.d672.s0.i2 1.0 0.401082481803
DS1.d672.s0.i3 -1 0.451144579859
DS1.d672.s0.i4 -1 0.379089874382
DS1.d672.s0.i5 -1 1.12292888318
DS1.d672.s0.i6 -1 0.605124108894
DS1.d672.s0.i7 -1 -0.259764252672
DS1.d672.s0.i8 1.0 0.193987839684
DS1.d672.s0.i9 -1 1.04400909059
DS1.d672.s0.i10 -1 0.573733322073
DS1.d672.s0.i11 -1 0.572773160852
DS1.d677.s0.i0 -1 0.262451134047
DS1.d677.s0.i1 -1 0.416380627602
DS1.d677.s0.i2 1.0 -0.760719003297
DS1.d677.s0.i3 -1 0.0110317526007
DS1.d687.s0.i0 1.0 0.528024139507
DS1.d687.s1.i0 -1 0.0767683950705
DS1.d694.s0.i0 1.0 1.01802626341
DS1.d694.s0.i1 -1 1.08292997246
DS1.d694.s0.i2 1.0 1.6568773931
DS1.d701.s0.i0 -1 -0.774049107604
DS1.d701.s0.i1 -1 -0.734908825362
DS1.d727.s0.i0 1.0 1.05187928548
DS1.d728.s0.i0 1.0 1.34512819567
DS1.d748.s0.i0 -1 -0.222781199369
DS1.d757.s0.i0 1.0 -0.318656018313
DS1.d757.s1.i0 1.0 0.329209827189
DS1.d805.s0.i0 -1 0.188689420878
DS1.d805.s0.i1 -1 0.188689420878
DS1.d805.s0.i2 -1 -1.15205175255
DS1.d808.s0.i0 -1 0.714212836107
DS1.d808.s1.i0 -1 1.92679002342
DS1.d808.s1.i1 1.0 0.217341607261
DS1.d808.s2.i0 1.0 0.853590603625
DS1.d808.s2.i1 1.0 0.84801352786
DS1.d817.s0.i0 1.0 0.526750082493
DS1.d817.s0.i1 1.0 1.34072078726
DS1.d817.s1.i0 1.0 0.838525592659
DS1.d817.s1.i1 1.0 0.861305560465
DS1.d817.s1.i2 1.0 0.747419257
DS1.d817.s1.i3 1.0 0.722669454154
DS1.d817.s1.i4 1.0 0.989130866286
DS1.d823.s0.i0 -1 1.18654203706
