DS1.d11.s0.i0 1.0 -0.1198260604
DS1.d11.s0.i1 1.0 1.00101040771
DS1.d12.s0.i0 -1 -0.701789767727
DS1.d14.s0.i0 -1 0.336170411829
DS1.d14.s0.i1 -1 0.695485887951
DS1.d14.s0.i2 -1 1.52268608719
DS1.d14.s0.i3 -1 1.29216894224
DS1.d14.s1.i0 -1 -0.227645230733
DS1.d14.s1.i1 -1 -0.192437987183
DS1.d20.s0.i0 -1 -0.38133416113
DS1.d20.s0.i1 -1 -0.600520689065
DS1.d26.s0.i0 -1 -0.193435402358
DS1.d26.s0.i1 -1 -0.1007972669
DS1.d26.s0.i2 -1 -0.322521392254
DS1.d26.s0.i3 -1 0.404087401918
DS1.d26.s0.i4 -1 -0.0650189973625
DS1.d26.s0.i5 -1 0.0685051007259
DS1.d35.s0.i0 1.0 2.02080347259
DS1.d43.s0.i0 1.0 1.18053025173
DS1.d56.s0.i0 1.0 0.043917883473
DS1.d59.s0.i0 -1 -0.0161372792986
DS1.d59.s0.i1 -1 0.28072117705
DS1.d59.s0.i2 -1 -0.175141237676
DS1.d59.s0.i3 -1 -0.30446537354
DS1.d59.s0.i4 -1 -0.344435922104
DS1.d59.s0.i5 -1 0.168110471673
DS1.d59.s0.i6 -1 0.267306634853
DS1.d59.s0.i7 -1 -0.449571527861
DS1.d59.s0.i8 -1 -0.452789788838
DS1.d59.s0.i9 -1 -0.147129909452
DS1.d59.s0.i10 -1 0.0518062187857
DS1.d59.s0.i11 -1 -0.135031634604
DS1.d59.s0.i12 -1 -0.0849957239523
DS1.d59.s0.i13 -1 -0.318547467731
DS1.d59.s0.i14 -1 -0.0624895037082
DS1.d59.s0.i15 -1 0.0228218768632
DS1.d59.s0.i16 -1 -0.30446537354
DS1.d59.s0.i17 -1 0.180233010296
DS1.d59.s0.i18 -1 0.0485475029601
DS1.d59.s0.i19 -1 0.240377922333
DS1.d59.s0.i20 -1 -0.35793066374
DS1.d59.s0.i21 -1 -0.330575607037
DS1.d59.s0.i22 -1 -0.342260157757
DS1.d59.s0.i23 -1 -0.0561258950316
DS1.d59.s0.i24 -1 0.298230466103
DS1.d59.s0.i25 -1 0.116269557746
DS1.d59.s0.i26 -1 -0.241656508604
DS1.d59.s0.i27 -1 0.0103418575147
DS1.d59.s0.i28 -1 -0.439069486794
DS1.d59.s0.i29 -1 -0.316697661389
DS1.d59.s0.i30 -1 -0.34359076171
DS1.d59.s0.i31 -1 -0.0284675257805
DS1.d59.s0.i32 -1 -0.0466250585976
DS1.d59.s0.i33 -1 -0.440070691427
DS1.d59.s0.i34 -1 -0.300237482046
DS1.d59.s0.i35 -1 -0.126138997976
DS1.d59.s0.i36 -1 -0.330575607037
DS1.d59.s0.i37 -1 -0.0593441560091
DS1.d59.s0.i38 -1 -0.440070691427
DS1.d59.s0.i39 -1 -0.0466250585976
DS1.d59.s0.i40 -1 -0.147649307899
DS1.d59.s0.i41 -1 -0.0775856210718
DS1.d59.s0.i42 -1 -0.135031634604
DS1.d59.s0.i43 -1 -0.14409890363
DS1.d59.s0.i44 -1 -0.101761070601
DS1.d82.s0.i0 1.0 0.564021496098
DS1.d92.s0.i0 1.0 0.128937684001
DS1.d92.s1.i0 1.0 0.106020123122
DS1.d92.s2.i0 1.0 0.349651018234
DS1.d92.s3.i0 1.0 0.935327315071
DS1.d108.s0.i0 1.0 0.0346319668668
DS1.d108.s0.i1 1.0 0.395238848271
DS1.d108.s0.i2 1.0 0.225827847342
DS1.d108.s0.i3 1.0 0.181906505511
DS1.d108.s0.i4 1.0 0.282564059854
DS1.d108.s0.i5 1.0 0.172724913793
DS1.d108.s0.i6 1.0 -0.100679165425
DS1.d108.s0.i7 1.0 0.197428630108
DS1.d108.s1.i0 -1 0.451994258419
DS1.d108.s1.i1 -1 0.0760589990984
DS1.d108.s2.i0 -1 0.562012074213
DS1.d108.s3.i0 -1 -0.387568951628
DS1.d108.s3.i1 -1 -0.00439852739274
DS1.d117.s0.i0 1.0 0.950786105122
DS1.d117.s1.i0 1.0 0.950307019372
DS1.d117.s1.i1 -1 0.662256111517
DS1.d117.s2.i0 1.0 0.623413585225
DS1.d117.s2.i1 1.0 0.58044257041
DS1.d117.s2.i2 -1 0.819631668655
DS1.d117.s2.i3 -1 0.824217882664
DS1.d117.s3.i0 1.0 0.316673032143
DS1.d117.s3.i1 1.0 0.234190357005
DS1.d117.s3.i2 1.0 0.393558158829
DS1.d117.s3.i3 1.0 0.312040204291
DS1.d120.s0.i0 -1 -0.622349294899
DS1.d120.s0.i1 -1 -0.595950847569
DS1.d120.s0.i2 -1 1.1434538614
DS1.d120.s0.i3 -1 0.189201043999
DS1.d120.s0.i4 -1 0.159318911672
DS1.d120.s0.i5 -1 1.24064818971
DS1.d123.s0.i0 -1 -0.468649428266
DS1.d138.s0.i0 1.0 0.708581188889
DS1.d138.s1.i0 1.0 0.237039590898
DS1.d138.s2.i0 1.0 0.967543866858
DS1.d138.s3.i0 1.0 0.864751775473
DS1.d139.s0.i0 -1 1.10145161678
DS1.d139.s0.i1 -1 0.953013913353
DS1.d139.s1.i0 1.0 1.93487032728
DS1.d139.s1.i1 1.0 1.31840220457
DS1.d139.s1.i2 1.0 1.37950710265
DS1.d139.s1.i3 1.0 2.14806369623
DS1.d139.s2.i0 1.0 1.00486784069
DS1.d139.s2.i1 1.0 1.00486784069
DS1.d139.s2.i2 1.0 1.05258594236
DS1.d142.s0.i0 1.0 0.0325454776336
DS1.d142.s0.i1 1.0 1.34465323775
DS1.d149.s0.i0 -1 0.47051226113
DS1.d152.s0.i0 1.0 -1.53428814007
DS1.d152.s0.i1 1.0 -1.30369706746
DS1.d152.s1.i0 1.0 1.60968412588
DS1.d158.s0.i0 1.0 -0.0351799388248
DS1.d158.s0.i1 1.0 0.280286063939
DS1.d165.s0.i0 -1 1.07352332894
DS1.d165.s0.i1 -1 1.21105666144
DS1.d165.s0.i2 -1 0.308395337992
DS1.d165.s0.i3 -1 0.558487265144
DS1.d165.s0.i4 1.0 0.824297097674
DS1.d165.s0.i5 1.0 1.22802687667
DS1.d165.s1.i0 1.0 -0.031187974261
DS1.d165.s1.i1 1.0 0.586433620605
DS1.d165.s1.i2 1.0 0.109886311169
DS1.d165.s1.i3 1.0 0.521459463842
DS1.d165.s1.i4 1.0 0.664394389529
DS1.d165.s1.i5 1.0 0.830047319766
DS1.d165.s2.i0 1.0 1.99987229063
DS1.d165.s2.i1 1.0 1.64925280605
DS1.d165.s2.i2 1.0 1.32089642558
DS1.d165.s2.i3 1.0 1.39265620913
DS1.d165.s3.i0 -1 0.0356397031525
DS1.d165.s3.i1 -1 0.294579863331
DS1.d165.s3.i2 -1 0.547168329831
DS1.d165.s4.i0 1.0 -0.0617536633464
DS1.d165.s4.i1 1.0 -0.0759586156329
DS1.d165.s5.i0 -1 0.628469510185
DS1.d165.s5.i1 1.0 -0.476001557186
DS1.d165.s5.i2 -1 1.05994426165
DS1.d165.s5.i3 1.0 0.100884026146
DS1.d165.s6.i0 1.0 1.70517322706
DS1.d165.s6.i1 1.0 0.698355602124
DS1.d165.s6.i2 1.0 1.06723719534
DS1.d165.s6.i3 1.0 0.895275654519
DS1.d165.s6.i4 1.0 1.91455112474
DS1.d165.s6.i5 1.0 1.12870676364
DS1.d174.s0.i0 -1 -1.12340361245
DS1.d174.s0.i1 -1 -0.208757288684
DS1.d174.s0.i2 -1 -1.39713160899
DS1.d174.s0.i3 -1 -0.508975424575
DS1.d235.s0.i0 1.0 0.868678480236
DS1.d235.s1.i0 1.0 0.0758051072473
DS1.d235.s1.i1 1.0 -0.229216246255
DS1.d251.s0.i0 1.0 -0.103936037105
DS1.d251.s0.i1 1.0 -0.608364456252
DS1.d251.s0.i2 1.0 0.604320980795
DS1.d251.s0.i3 1.0 0.617938724585
DS1.d251.s0.i4 1.0 -0.600322551095
DS1.d251.s0.i5 1.0 -0.28715181228
DS1.d251.s0.i6 1.0 0.248157179619
DS1.d251.s0.i7 1.0 -0.618444756238
DS1.d251.s0.i8 1.0 -0.435092501662
DS1.d259.s0.i0 1.0 -0.675154589817
DS1.d282.s1.i0 1.0 -0.202551516922
DS1.d285.s0.i0 1.0 2.26993714087
DS1.d285.s0.i1 1.0 1.86687039479
DS1.d285.s0.i2 1.0 2.47246400438
DS1.d285.s1.i0 1.0 1.04053226396
DS1.d285.s1.i1 1.0 0.337546441878
DS1.d285.s2.i0 1.0 1.17255290519
DS1.d285.s2.i1 1.0 0.752616708606
DS1.d285.s3.i0 -1 1.20849666144
DS1.d285.s3.i1 -1 1.37251651398
DS1.d285.s3.i2 -1 1.29795841355
DS1.d285.s3.i3 -1 1.56420912396
DS1.d285.s3.i4 -1 1.28371910567
DS1.d291.s0.i0 -1 -0.486541817745
DS1.d296.s0.i0 1.0 0.847780186615
DS1.d311.s0.i0 1.0 0.499772372039
DS1.d318.s0.i0 1.0 0.798471320204
DS1.d318.s0.i1 1.0 0.745991524249
DS1.d324.s0.i0 -1 0.0929067241056
DS1.d348.s0.i0 -1 -0.656771529466
DS1.d361.s0.i0 -1 0.941095211222
DS1.d361.s1.i0 1.0 2.04944366414
DS1.d361.s1.i1 -1 -0.440789579373
DS1.d361.s2.i0 1.0 0.129022226427
DS1.d361.s2.i1 -1 1.18269599946
DS1.d365.s0.i0 1.0 1.37150900578
DS1.d365.s0.i1 1.0 1.15134987744
DS1.d365.s1.i0 1.0 -0.0384727986365
DS1.d365.s1.i1 1.0 -0.153515620207
DS1.d365.s1.i2 1.0 0.0356542637001
DS1.d375.s0.i0 1.0 0.67732702757
DS1.d375.s0.i1 1.0 0.813878947818
DS1.d375.s0.i2 1.0 1.17029905016
DS1.d375.s1.i0 1.0 0.605565088139
DS1.d375.s2.i0 1.0 1.7583987799
DS1.d375.s3.i0 1.0 1.59400633562
DS1.d375.s3.i1 1.0 0.732902232381
DS1.d375.s3.i2 1.0 0.732902232381
DS1.d375.s3.i3 1.0 1.59400633562
DS1.d375.s4.i0 1.0 2.02054034702
DS1.d375.s4.i1 1.0 1.79510428987
DS1.d375.s5.i0 1.0 1.46793927604
DS1.d375.s5.i1 1.0 1.77859655345
DS1.d375.s5.i2 1.0 0.595749015294
DS1.d375.s5.i3 1.0 1.02970120065
DS1.d383.s0.i0 1.0 0.34849045398
DS1.d383.s0.i1 1.0 0.734225128237
DS1.d383.s0.i2 1.0 0.734225128237
DS1.d383.s0.i3 1.0 0.34849045398
DS1.d389.s0.i0 1.0 0.757598761892
DS1.d416.s0.i0 1.0 0.570723400403
DS1.d423.s0.i0 1.0 0.962358032199
DS1.d423.s0.i1 1.0 0.962358032199
DS1.d423.s1.i0 -1 1.40888996884
DS1.d423.s1.i1 1.0 1.40888996884
DS1.d434.s0.i0 1.0 0.737286380686
DS1.d440.s0.i0 1.0 -0.296315703114
DS1.d456.s0.i0 1.0 0.323012688655
DS1.d456.s0.i1 1.0 1.26890590865
DS1.d456.s0.i2 1.0 0.60251261328
DS1.d456.s0.i3 1.0 0.775635497158
DS1.d456.s0.i4 1.0 1.15035879686
DS1.d456.s0.i5 1.0 1.24210946659
DS1.d473.s0.i0 -1 -0.886101405446
DS1.d473.s0.i1 -1 -0.428986265905
DS1.d482.s0.i0 -1 0.0567029160697
DS1.d482.s0.i1 -1 0.317454539869
DS1.d484.s0.i0 1.0 0.753877354711
DS1.d484.s0.i1 1.0 0.429667520514
DS1.d484.s1.i0 -1 0.356740659239
DS1.d484.s1.i1 1.0 0.872640720583
DS1.d502.s0.i0 1.0 -0.0363319493401
DS1.d502.s0.i1 1.0 -0.452371942803
DS1.d502.s0.i2 1.0 -0.332704739596
DS1.d502.s1.i0 1.0 0.654490983424
DS1.d502.s1.i1 -1 0.611293509778
DS1.d502.s1.i2 -1 0.390543417155
DS1.d503.s0.i0 1.0 0.969264052346
DS1.d509.s0.i0 -1 -0.55714428423
DS1.d509.s0.i1 -1 -0.683469455978
DS1.d509.s0.i2 -1 -0.621466007759
DS1.d511.s0.i0 -1 0.9356282783
DS1.d511.s0.i1 -1 0.78581389502
DS1.d513.s0.i0 1.0 0.304513916233
DS1.d535.s0.i0 -1 0.359559234668
DS1.d535.s0.i1 -1 0.394309862282
DS1.d538.s0.i0 1.0 1.43470331642
DS1.d538.s1.i0 1.0 0.682562343383
DS1.d540.s0.i0 1.0 1.15184950421
DS1.d540.s1.i0 -1 0.941973355089
DS1.d547.s0.i0 -1 -1.78457134161
DS1.d547.s0.i1 -1 -1.33376107627
DS1.d547.s1.i0 1.0 0.61288558303
DS1.d547.s1.i1 1.0 0.389988985451
DS1.d547.s1.i2 1.0 0.389988985451
DS1.d547.s1.i3 1.0 0.0567443992407
DS1.d554.s0.i0 1.0 -0.245571849093
DS1.d554.s0.i1 1.0 -0.162544808078
DS1.d554.s0.i2 1.0 -0.0782236525233
DS1.d562.s0.i0 -1 0.295818736411
DS1.d562.s1.i0 1.0 1.20280606393
DS1.d568.s0.i0 1.0 -0.21713094433
DS1.d568.s0.i1 1.0 -0.24826820489
DS1.d568.s0.i2 1.0 0.200246921265
DS1.d568.s0.i3 1.0 -0.0234813728024
DS1.d568.s0.i4 1.0 -0.190834231528
DS1.d568.s1.i0 1.0 0.0613856006972
DS1.d568.s2.i0 1.0 -0.60679893356
DS1.d575.s0.i0 1.0 0.538748794989
DS1.d575.s1.i0 1.0 0.119306993468
DS1.d575.s1.i1 1.0 1.72972928523
DS1.d575.s2.i0 -1 0.422146238044
DS1.d589.s0.i0 1.0 0.537256053617
DS1.d589.s0.i1 1.0 0.574955622262
DS1.d589.s0.i2 1.0 0.574955622262
DS1.d589.s0.i3 1.0 0.537256053617
DS1.d590.s0.i0 1.0 0.24003818576
DS1.d594.s0.i0 1.0 0.252683148268
DS1.d594.s0.i1 1.0 0.15101482915
DS1.d594.s0.i2 1.0 0.426371473105
DS1.d616.s0.i0 1.0 -0.038840489864
DS1.d616.s0.i1 -1 -0.782282180126
DS1.d616.s0.i2 1.0 0.333572345172
DS1.d616.s0.i3 1.0 -0.364318440645
DS1.d616.s0.i4 1.0 0.0768736143981
DS1.d616.s0.i5 1.0 -0.181254033053
DS1.d616.s0.i6 1.0 0.288181037396
DS1.d616.s0.i7 1.0 -0.0714129053437
DS1.d616.s0.i8 1.0 -0.187639999535
DS1.d616.s0.i9 -1 -0.35473084005
DS1.d616.s0.i10 -1 -0.287931170076
DS1.d616.s0.i11 1.0 5.57934955811e-05
DS1.d616.s0.i12 1.0 -0.446385423309
DS1.d616.s0.i13 1.0 -0.462288766188
DS1.d616.s0.i14 -1 -0.404409477503
DS1.d616.s0.i15 1.0 -0.796139196456
DS1.d616.s0.i16 -1 -0.288912837084
DS1.d616.s0.i17 1.0 0.492546519441
DS1.d616.s0.i18 1.0 -0.0524936989053
DS1.d616.s0.i19 1.0 0.304508656668
DS1.d616.s1.i0 1.0 -0.175852013535
DS1.d616.s1.i1 1.0 -0.320067467857
DS1.d616.s2.i0 1.0 0.707114931492
DS1.d616.s2.i1 1.0 0.662573356109
DS1.d626.s0.i0 1.0 1.23499997058
DS1.d626.s1.i0 1.0 1.23598345189
DS1.d626.s2.i0 1.0 0.478831404286
DS1.d626.s3.i0 1.0 1.54960874859
DS1.d628.s0.i0 -1 -0.634387144161
DS1.d628.s0.i1 -1 -0.20250941844
DS1.d631.s0.i0 1.0 0.584768477918
DS1.d631.s0.i1 1.0 0.50194284028
DS1.d648.s0.i0 1.0 0.0989310400971
DS1.d648.s0.i1 1.0 0.280362457441
DS1.d648.s0.i2 1.0 -0.327066262433
DS1.d657.s0.i0 -1 0.292500465839
DS1.d664.s0.i0 -1 -0.21549467888
DS1.d664.s0.i1 -1 0.406511318146
DS1.d664.s0.i2 -1 -0.459337432533
DS1.d664.s0.i3 -1 -0.203415108924
DS1.d675.s0.i0 1.0 1.79596857022
DS1.d695.s0.i0 1.0 0.330613691206
DS1.d695.s0.i1 1.0 0.903171626229
DS1.d695.s1.i0 -1 1.02359100505
DS1.d695.s1.i1 -1 0.377601240208
DS1.d695.s1.i2 -1 0.0495808802446
DS1.d695.s2.i0 1.0 0.647046567139
DS1.d695.s2.i1 1.0 1.22916318792
DS1.d697.s0.i0 1.0 0.258268665525
DS1.d697.s0.i1 1.0 0.174691706412
DS1.d697.s0.i2 1.0 0.649148961534
DS1.d697.s0.i3 1.0 0.368628288782
DS1.d714.s0.i0 -1 0.154539962203
DS1.d714.s0.i1 -1 -0.327314281165
DS1.d714.s1.i0 -1 0.0769399424386
DS1.d714.s2.i0 -1 -0.282412745152
DS1.d750.s0.i0 1.0 1.42167260839
DS1.d755.s0.i0 1.0 0.894733189981
DS1.d755.s0.i1 1.0 0.122504151205
DS1.d761.s0.i0 -1 -0.373586600929
DS1.d761.s0.i1 -1 -0.293911277024
DS1.d761.s0.i2 -1 -0.217659197075
DS1.d788.s0.i0 -1 -0.728465598774
DS1.d788.s0.i1 -1 -1.11430599128
DS1.d788.s0.i2 -1 -0.256056860412
DS1.d788.s0.i3 -1 -0.581727365102
DS1.d788.s0.i4 -1 -0.247611912795
DS1.d788.s0.i5 -1 -0.328468774191
DS1.d788.s0.i6 -1 -0.526395037349
DS1.d788.s0.i7 -1 -0.710251140595
DS1.d788.s0.i8 -1 -0.582848424776
DS1.d788.s0.i9 -1 -0.975506977712
DS1.d788.s0.i10 -1 -0.370172270837
DS1.d788.s0.i11 -1 -0.855853301919
DS1.d788.s0.i12 -1 -0.738565309451
DS1.d788.s0.i13 -1 -0.319304116543
DS1.d788.s0.i14 -1 -0.455118198621
DS1.d788.s0.i15 -1 -0.754964846352
DS1.d788.s0.i16 -1 -1.05678489364
DS1.d788.s0.i17 -1 -0.532485872686
DS1.d788.s0.i18 -1 -0.205192559604
DS1.d788.s0.i19 -1 -0.462184353265
DS1.d788.s0.i20 -1 -0.200787337304
DS1.d788.s0.i21 -1 -0.821137471086
DS1.d788.s0.i22 -1 -0.716866483837
DS1.d788.s0.i23 -1 -1.16239869816
DS1.d788.s0.i24 -1 -0.772134317611
DS1.d788.s0.i25 -1 -0.844136641174
DS1.d788.s0.i26 -1 -0.899522020756
DS1.d788.s0.i27 -1 0.140404787656
DS1.d788.s0.i28 -1 -0.767214463314
DS1.d788.s0.i29 -1 -1.0721389138
DS1.d788.s0.i30 -1 -0.970672562369
DS1.d788.s0.i31 -1 -0.566710006444
DS1.d788.s0.i32 -1 -0.254532529204
DS1.d788.s0.i33 -1 -0.576985170119
DS1.d788.s0.i34 -1 -0.643519018999
DS1.d788.s0.i35 -1 0.100712818872
DS1.d788.s0.i36 -1 -0.208344534945
DS1.d788.s0.i37 -1 -0.53350571506
DS1.d788.s0.i38 -1 -0.716587600529
DS1.d788.s0.i39 -1 -0.079784611841
DS1.d789.s0.i0 1.0 0.542445932399
DS1.d789.s0.i1 1.0 0.542445932399
DS1.d791.s0.i0 1.0 0.375945235826
DS1.d798.s0.i0 1.0 0.110259682809
DS1.d802.s0.i0 1.0 0.955060816547
DS1.d829.s0.i0 1.0 0.48937598441
