DS1.d11.s0.i0 1.0 0.0331671669616
DS1.d11.s0.i1 1.0 1.16667496516
DS1.d12.s0.i0 -1 -0.365361845941
DS1.d14.s0.i0 -1 0.495251167923
DS1.d14.s0.i1 -1 0.763263905434
DS1.d14.s0.i2 -1 1.66316171068
DS1.d14.s0.i3 -1 1.50581547896
DS1.d14.s1.i0 -1 -0.487341405192
DS1.d14.s1.i1 -1 -0.267832647269
DS1.d20.s0.i0 -1 0.363149559017
DS1.d20.s0.i1 -1 -0.37741293652
DS1.d26.s0.i0 -1 -0.0398671809939
DS1.d26.s0.i1 -1 0.137384618172
DS1.d26.s0.i2 -1 -0.307501744603
DS1.d26.s0.i3 -1 0.107837177407
DS1.d26.s0.i4 -1 0.0108998756044
DS1.d26.s0.i5 -1 0.228345548826
DS1.d35.s0.i0 1.0 2.5665694294
DS1.d43.s0.i0 1.0 1.33291800308
DS1.d56.s0.i0 1.0 -0.416959814542
DS1.d59.s0.i0 -1 0.209207541225
DS1.d59.s0.i1 -1 0.51747518722
DS1.d59.s0.i2 -1 -0.246286637705
DS1.d59.s0.i3 -1 -0.246286637705
DS1.d59.s0.i4 -1 -0.135461707679
DS1.d59.s0.i5 -1 0.305899389461
DS1.d59.s0.i6 -1 0.47875588831
DS1.d59.s0.i7 -1 -0.195826111734
DS1.d59.s0.i8 -1 -0.195826111734
DS1.d59.s0.i9 -1 0.0121875046047
DS1.d59.s0.i10 -1 0.191309267664
DS1.d59.s0.i11 -1 0.0121875046047
DS1.d59.s0.i12 -1 0.0121875046047
DS1.d59.s0.i13 -1 -0.246286637705
DS1.d59.s0.i14 -1 0.134086639406
DS1.d59.s0.i15 -1 0.0646358523986
DS1.d59.s0.i16 -1 -0.246286637705
DS1.d59.s0.i17 -1 0.35685675351
DS1.d59.s0.i18 -1 0.134086639406
DS1.d59.s0.i19 -1 0.408732975856
DS1.d59.s0.i20 -1 -0.135461707679
DS1.d59.s0.i21 -1 -0.135461707679
DS1.d59.s0.i22 -1 -0.135461707679
DS1.d59.s0.i23 -1 0.134086639406
DS1.d59.s0.i24 -1 0.443510733033
DS1.d59.s0.i25 -1 0.0891625667043
DS1.d59.s0.i26 -1 -0.135461707679
DS1.d59.s0.i27 -1 0.0983826111991
DS1.d59.s0.i28 -1 -0.195826111734
DS1.d59.s0.i29 -1 -0.246286637705
DS1.d59.s0.i30 -1 -0.195826111734
DS1.d59.s0.i31 -1 0.219448373758
DS1.d59.s0.i32 -1 0.134086639406
DS1.d59.s0.i33 -1 -0.195826111734
DS1.d59.s0.i34 -1 -0.246286637705
DS1.d59.s0.i35 -1 0.148843137171
DS1.d59.s0.i36 -1 -0.135461707679
DS1.d59.s0.i37 -1 0.134086639406
DS1.d59.s0.i38 -1 -0.195826111734
DS1.d59.s0.i39 -1 0.134086639406
DS1.d59.s0.i40 -1 0.0121875046047
DS1.d59.s0.i41 -1 0.115996365074
DS1.d59.s0.i42 -1 0.0121875046047
DS1.d59.s0.i43 -1 0.0121875046047
DS1.d59.s0.i44 -1 0.187785484361
DS1.d82.s0.i0 1.0 0.789162145476
DS1.d92.s0.i0 1.0 -0.0720737251364
DS1.d92.s1.i0 1.0 0.733074497424
DS1.d92.s2.i0 1.0 0.683993974169
DS1.d92.s3.i0 1.0 1.262618628
DS1.d108.s0.i0 1.0 0.205659016735
DS1.d108.s0.i1 1.0 0.788706877815
DS1.d108.s0.i2 1.0 1.04848848797
DS1.d108.s0.i3 1.0 0.753529385478
DS1.d108.s0.i4 1.0 0.670691677783
DS1.d108.s0.i5 1.0 0.670691677783
DS1.d108.s0.i6 1.0 0.310396069286
DS1.d108.s0.i7 1.0 0.670691677783
DS1.d108.s1.i0 -1 0.347818292484
DS1.d108.s1.i1 -1 0.222636329208
DS1.d108.s2.i0 -1 0.846004308236
DS1.d108.s3.i0 -1 0.272477312062
DS1.d108.s3.i1 -1 0.140503096774
DS1.d117.s0.i0 1.0 1.38283446461
DS1.d117.s1.i0 1.0 1.14810236985
DS1.d117.s1.i1 -1 0.555690740888
DS1.d117.s2.i0 1.0 0.112560571191
DS1.d117.s2.i1 1.0 0.466137563881
DS1.d117.s2.i2 -1 0.799151604073
DS1.d117.s2.i3 -1 0.724734333071
DS1.d117.s3.i0 1.0 0.28672139799
DS1.d117.s3.i1 1.0 -0.0484976093347
DS1.d117.s3.i2 1.0 0.320639351957
DS1.d117.s3.i3 1.0 0.0012304956778
DS1.d120.s0.i0 -1 -0.214026123519
DS1.d120.s0.i1 -1 -0.375293466027
DS1.d120.s0.i2 -1 1.4759501835
DS1.d120.s0.i3 -1 -0.00643128935464
DS1.d120.s0.i4 -1 0.21993117862
DS1.d120.s0.i5 -1 1.71528622859
DS1.d123.s0.i0 -1 -0.290434473445
DS1.d138.s0.i0 1.0 1.18285079084
DS1.d138.s1.i0 1.0 0.490263949905
DS1.d138.s2.i0 1.0 1.03143456798
DS1.d138.s3.i0 1.0 1.57566136924
DS1.d139.s0.i0 -1 1.19507907081
DS1.d139.s0.i1 -1 1.11338569933
DS1.d139.s1.i0 1.0 2.18695574944
DS1.d139.s1.i1 1.0 1.54101301605
DS1.d139.s1.i2 1.0 1.58667191942
DS1.d139.s1.i3 1.0 2.40685131329
DS1.d139.s2.i0 1.0 2.12226460735
DS1.d139.s2.i1 1.0 2.12226460735
DS1.d139.s2.i2 1.0 1.91137960415
DS1.d142.s0.i0 1.0 0.705326350119
DS1.d142.s0.i1 1.0 1.30947874386
DS1.d149.s0.i0 -1 1.14475643945
DS1.d152.s0.i0 1.0 -0.753702582053
DS1.d152.s0.i1 1.0 -0.674797011116
DS1.d152.s1.i0 1.0 1.69315212099
DS1.d158.s0.i0 1.0 -0.00317740034388
DS1.d158.s0.i1 1.0 -0.0474882755667
DS1.d165.s0.i0 -1 1.35677450721
DS1.d165.s0.i1 -1 1.64433276567
DS1.d165.s0.i2 -1 0.298093552237
DS1.d165.s0.i3 -1 0.637411111641
DS1.d165.s0.i4 1.0 1.01291163214
DS1.d165.s0.i5 1.0 1.7179883326
DS1.d165.s1.i0 1.0 -0.524437972836
DS1.d165.s1.i1 1.0 0.961126320529
DS1.d165.s1.i2 1.0 -0.276583473752
DS1.d165.s1.i3 1.0 0.647782742604
DS1.d165.s1.i4 1.0 0.895637241688
DS1.d165.s1.i5 1.0 1.20898081961
DS1.d165.s2.i0 1.0 2.66436613929
DS1.d165.s2.i1 1.0 1.96854509279
DS1.d165.s2.i2 1.0 1.74506297976
DS1.d165.s2.i3 1.0 1.70762827118
DS1.d165.s3.i0 -1 0.524546290857
DS1.d165.s3.i1 -1 0.965500550758
DS1.d165.s3.i2 -1 0.975609166177
DS1.d165.s4.i0 1.0 -0.193838597364
DS1.d165.s4.i1 1.0 -0.574912376604
DS1.d165.s5.i0 -1 1.14239518079
DS1.d165.s5.i1 1.0 -0.566155111916
DS1.d165.s5.i2 -1 1.55492314469
DS1.d165.s5.i3 1.0 -0.020979229003
DS1.d165.s6.i0 1.0 2.01406739011
DS1.d165.s6.i1 1.0 1.02545802292
DS1.d165.s6.i2 1.0 1.35095895543
DS1.d165.s6.i3 1.0 1.33732713243
DS1.d165.s6.i4 1.0 2.32593649962
DS1.d165.s6.i5 1.0 1.64720156364
DS1.d174.s0.i0 -1 -1.34360426946
DS1.d174.s0.i1 -1 -0.097186545635
DS1.d174.s0.i2 -1 -1.36322880781
DS1.d174.s0.i3 -1 -0.334947479918
DS1.d235.s0.i0 1.0 1.40283699975
DS1.d235.s1.i0 1.0 0.434212324825
DS1.d235.s1.i1 1.0 -0.00283891845077
DS1.d251.s0.i0 1.0 -0.492729495207
DS1.d251.s0.i1 1.0 -1.35110489751
DS1.d251.s0.i2 1.0 0.324761438845
DS1.d251.s0.i3 1.0 0.788420570692
DS1.d251.s0.i4 1.0 -0.889376463503
DS1.d251.s0.i5 1.0 -1.01717636217
DS1.d251.s0.i6 1.0 -0.00916709649437
DS1.d251.s0.i7 1.0 -0.556722777404
DS1.d251.s0.i8 1.0 -0.826658030546
DS1.d259.s0.i0 1.0 -0.761200394195
DS1.d282.s1.i0 1.0 -0.1775291031
DS1.d285.s0.i0 1.0 2.39786216801
DS1.d285.s0.i1 1.0 2.00962352172
DS1.d285.s0.i2 1.0 2.15001927871
DS1.d285.s1.i0 1.0 2.04786790511
DS1.d285.s1.i1 1.0 0.307593234563
DS1.d285.s2.i0 1.0 1.09092031931
DS1.d285.s2.i1 1.0 1.0871143676
DS1.d285.s3.i0 -1 2.08313809614
DS1.d285.s3.i1 -1 1.92322438499
DS1.d285.s3.i2 -1 1.90157423494
DS1.d285.s3.i3 -1 2.33953175238
DS1.d285.s3.i4 -1 1.93180043355
DS1.d291.s0.i0 -1 -0.379451622177
DS1.d296.s0.i0 1.0 1.36840249004
DS1.d311.s0.i0 1.0 0.663822235858
DS1.d318.s0.i0 1.0 1.11722080475
DS1.d318.s0.i1 1.0 0.866145337835
DS1.d324.s0.i0 -1 0.606094374113
DS1.d348.s0.i0 -1 -0.685244749762
DS1.d361.s0.i0 -1 1.39016458691
DS1.d361.s1.i0 1.0 2.12143201706
DS1.d361.s1.i1 -1 -0.539574034827
DS1.d361.s2.i0 1.0 -0.57348664036
DS1.d361.s2.i1 -1 0.981729312734
DS1.d365.s0.i0 1.0 1.4077380611
DS1.d365.s0.i1 1.0 1.38274620917
DS1.d365.s1.i0 1.0 -0.0244515627046
DS1.d365.s1.i1 1.0 -0.40604926944
DS1.d365.s1.i2 1.0 0.0972456857664
DS1.d375.s0.i0 1.0 0.835346408939
DS1.d375.s0.i1 1.0 1.23211657413
DS1.d375.s0.i2 1.0 1.38058057388
DS1.d375.s1.i0 1.0 0.744198865144
DS1.d375.s2.i0 1.0 2.29049110195
DS1.d375.s3.i0 1.0 1.46598088363
DS1.d375.s3.i1 1.0 0.716408070091
DS1.d375.s3.i2 1.0 0.716408070091
DS1.d375.s3.i3 1.0 1.46598088363
DS1.d375.s4.i0 1.0 2.18693629831
DS1.d375.s4.i1 1.0 1.92085103276
DS1.d375.s5.i0 1.0 1.46078713768
DS1.d375.s5.i1 1.0 2.22202449572
DS1.d375.s5.i2 1.0 1.26541633225
DS1.d375.s5.i3 1.0 1.44328338183
DS1.d383.s0.i0 1.0 0.337814760853
DS1.d383.s0.i1 1.0 0.919966554474
DS1.d383.s0.i2 1.0 0.919966554474
DS1.d383.s0.i3 1.0 0.337814760853
DS1.d389.s0.i0 1.0 0.943166702222
DS1.d416.s0.i0 1.0 0.464695075821
DS1.d423.s0.i0 1.0 1.38717625338
DS1.d423.s0.i1 1.0 1.38717625338
DS1.d423.s1.i0 -1 2.02875196569
DS1.d423.s1.i1 1.0 2.02875196569
DS1.d434.s0.i0 1.0 0.386019096937
DS1.d440.s0.i0 1.0 -0.13647947456
DS1.d456.s0.i0 1.0 0.697462339669
DS1.d456.s0.i1 1.0 1.63542382177
DS1.d456.s0.i2 1.0 0.93660091896
DS1.d456.s0.i3 1.0 1.4050487035
DS1.d456.s0.i4 1.0 1.39118278118
DS1.d456.s0.i5 1.0 1.20225140155
DS1.d473.s0.i0 -1 -1.09558587218
DS1.d473.s0.i1 -1 -0.592851242729
DS1.d482.s0.i0 -1 0.101488588106
DS1.d482.s0.i1 -1 0.381202405567
DS1.d484.s0.i0 1.0 0.178847017834
DS1.d484.s0.i1 1.0 0.674633871207
DS1.d484.s1.i0 -1 0.325446751421
DS1.d484.s1.i1 1.0 0.884003745199
DS1.d502.s0.i0 1.0 -0.050043175405
DS1.d502.s0.i1 1.0 -0.38819169281
DS1.d502.s0.i2 1.0 -0.485539550421
DS1.d502.s1.i0 1.0 1.03858431659
DS1.d502.s1.i1 -1 1.11593100335
DS1.d502.s1.i2 -1 0.677054618972
DS1.d503.s0.i0 1.0 1.17719562471
DS1.d509.s0.i0 -1 -0.243241917666
DS1.d509.s0.i1 -1 -0.628022928246
DS1.d509.s0.i2 -1 -0.984020988371
DS1.d511.s0.i0 -1 0.721106290756
DS1.d511.s0.i1 -1 0.527983970187
DS1.d513.s0.i0 1.0 -0.152825389838
DS1.d535.s0.i0 -1 0.412816102592
DS1.d535.s0.i1 -1 0.673746693489
DS1.d538.s0.i0 1.0 1.09496727992
DS1.d538.s1.i0 1.0 0.259572023608
DS1.d540.s0.i0 1.0 1.83579701175
DS1.d540.s1.i0 -1 1.68771880171
DS1.d547.s0.i0 -1 -1.65517226035
DS1.d547.s0.i1 -1 -0.872965095224
DS1.d547.s1.i0 1.0 0.535758408628
DS1.d547.s1.i1 1.0 0.261003757864
DS1.d547.s1.i2 1.0 0.261003757864
DS1.d547.s1.i3 1.0 -0.365643908667
DS1.d554.s0.i0 1.0 0.240725187343
DS1.d554.s0.i1 1.0 0.22473800833
DS1.d554.s0.i2 1.0 0.206976851631
DS1.d562.s0.i0 -1 0.316241277735
DS1.d562.s1.i0 1.0 1.84969650973
DS1.d568.s0.i0 1.0 0.114011175613
DS1.d568.s0.i1 1.0 -0.0796870865782
DS1.d568.s0.i2 1.0 0.287685079617
DS1.d568.s0.i3 1.0 0.307752250155
DS1.d568.s0.i4 1.0 -0.0692673361828
DS1.d568.s1.i0 1.0 0.396495275142
DS1.d568.s2.i0 1.0 -0.874090296923
DS1.d575.s0.i0 1.0 0.342590817233
DS1.d575.s1.i0 1.0 0.650696071548
DS1.d575.s1.i1 1.0 2.21876570794
DS1.d575.s2.i0 -1 1.04418703666
DS1.d589.s0.i0 1.0 1.12808320162
DS1.d589.s0.i1 1.0 -0.22201264199
DS1.d589.s0.i2 1.0 -0.22201264199
DS1.d589.s0.i3 1.0 1.12808320162
DS1.d590.s0.i0 1.0 0.444544438815
DS1.d594.s0.i0 1.0 0.780523601595
DS1.d594.s0.i1 1.0 0.571796420582
DS1.d594.s0.i2 1.0 1.07815077474
DS1.d616.s0.i0 1.0 -0.655223555583
DS1.d616.s0.i1 -1 -0.904054734013
DS1.d616.s0.i2 1.0 -0.533336888893
DS1.d616.s0.i3 1.0 -0.229349927547
DS1.d616.s0.i4 1.0 -0.360272678092
DS1.d616.s0.i5 1.0 -0.856612815115
DS1.d616.s0.i6 1.0 -0.533336888893
DS1.d616.s0.i7 1.0 -0.496317206618
DS1.d616.s0.i8 1.0 -0.120939601229
DS1.d616.s0.i9 -1 -0.543759125516
DS1.d616.s0.i10 -1 -0.297252316257
DS1.d616.s0.i11 1.0 -0.89363249739
DS1.d616.s0.i12 1.0 -0.418022037847
DS1.d616.s0.i13 1.0 -0.256984129754
DS1.d616.s0.i14 -1 -0.543759125516
DS1.d616.s0.i15 1.0 -0.617279738251
DS1.d616.s0.i16 -1 -0.498830387928
DS1.d616.s0.i17 1.0 -0.314633307326
DS1.d616.s0.i18 1.0 -0.437395603094
DS1.d616.s0.i19 1.0 -0.397292360368
DS1.d616.s1.i0 1.0 0.0169422333899
DS1.d616.s1.i1 1.0 -0.0605507860304
DS1.d616.s2.i0 1.0 0.329866710205
DS1.d616.s2.i1 1.0 0.292435374926
DS1.d626.s0.i0 1.0 0.846337781973
DS1.d626.s1.i0 1.0 1.49806781576
DS1.d626.s2.i0 1.0 1.05526459055
DS1.d626.s3.i0 1.0 1.92622781818
DS1.d628.s0.i0 -1 -0.100730209271
DS1.d628.s0.i1 -1 0.147229266119
DS1.d631.s0.i0 1.0 0.522304029011
DS1.d631.s0.i1 1.0 -0.129364126109
DS1.d648.s0.i0 1.0 0.518390032624
DS1.d648.s0.i1 1.0 0.77815598715
DS1.d648.s0.i2 1.0 0.0207058221395
DS1.d657.s0.i0 -1 -0.0705950336622
DS1.d664.s0.i0 -1 -0.694943611576
DS1.d664.s0.i1 -1 0.390864402688
DS1.d664.s0.i2 -1 -0.338055657681
DS1.d664.s0.i3 -1 -0.6820684234
DS1.d675.s0.i0 1.0 2.4979448784
DS1.d695.s0.i0 1.0 0.45067916918
DS1.d695.s0.i1 1.0 0.85429107315
DS1.d695.s1.i0 -1 0.865599754167
DS1.d695.s1.i1 -1 0.106991832379
DS1.d695.s1.i2 -1 0.524629827818
DS1.d695.s2.i0 1.0 0.285181677398
DS1.d695.s2.i1 1.0 0.949950442073
DS1.d697.s0.i0 1.0 0.37403560497
DS1.d697.s0.i1 1.0 0.423826171715
DS1.d697.s0.i2 1.0 0.81911602682
DS1.d697.s0.i3 1.0 0.208237416368
DS1.d714.s0.i0 -1 -0.124605026666
DS1.d714.s0.i1 -1 -0.0509310008571
DS1.d714.s1.i0 -1 0.116218011282
DS1.d714.s2.i0 -1 -0.83012636714
DS1.d750.s0.i0 1.0 1.56898844737
DS1.d755.s0.i0 1.0 1.27844415682
DS1.d755.s0.i1 1.0 0.418028032736
DS1.d761.s0.i0 -1 0.171039059102
DS1.d761.s0.i1 -1 -0.0956383485169
DS1.d761.s0.i2 -1 0.385215775899
DS1.d788.s0.i0 -1 -0.43996129631
DS1.d788.s0.i1 -1 -1.13665541411
DS1.d788.s0.i2 -1 -0.167215319141
DS1.d788.s0.i3 -1 -0.457565075887
DS1.d788.s0.i4 -1 -0.50481632859
DS1.d788.s0.i5 -1 -0.899947602224
DS1.d788.s0.i6 -1 -0.352274969601
DS1.d788.s0.i7 -1 -1.20151044639
DS1.d788.s0.i8 -1 -0.552748923416
DS1.d788.s0.i9 -1 -0.843098680162
DS1.d788.s0.i10 -1 -0.345369074581
DS1.d788.s0.i11 -1 -0.647341145145
DS1.d788.s0.i12 -1 -0.737808573875
DS1.d788.s0.i13 -1 -0.249447760036
DS1.d788.s0.i14 -1 -0.712196177424
DS1.d788.s0.i15 -1 -0.635718831327
DS1.d788.s0.i16 -1 -1.33241294913
DS1.d788.s0.i17 -1 -0.45682760887
DS1.d788.s0.i18 -1 -0.0712940045965
DS1.d788.s0.i19 -1 -0.590545091537
DS1.d788.s0.i20 -1 -0.32666257315
DS1.d788.s0.i21 -1 -0.499337826614
DS1.d788.s0.i22 -1 -1.0798593605
DS1.d788.s0.i23 -1 -1.04481559238
DS1.d788.s0.i24 -1 -0.348121474578
DS1.d788.s0.i25 -1 -0.706717675448
DS1.d788.s0.i26 -1 -0.555501323412
DS1.d788.s0.i27 -1 -0.203253484423
DS1.d788.s0.i28 -1 -1.04206319238
DS1.d788.s0.i29 -1 -1.31387671003
DS1.d788.s0.i30 -1 -1.22712284284
DS1.d788.s0.i31 -1 -0.530428725041
DS1.d788.s0.i32 -1 -0.383165242703
DS1.d788.s0.i33 -1 -0.212901769262
DS1.d788.s0.i34 -1 -0.321184071175
DS1.d788.s0.i35 -1 -0.192938534881
DS1.d788.s0.i36 -1 -0.205011487263
DS1.d788.s0.i37 -1 -0.261807540871
DS1.d788.s0.i38 -1 -0.946141877836
DS1.d788.s0.i39 -1 -0.410633333259
DS1.d789.s0.i0 1.0 0.845804155054
DS1.d789.s0.i1 1.0 0.845804155054
DS1.d791.s0.i0 1.0 1.19154478277
DS1.d798.s0.i0 1.0 0.47613461539
DS1.d802.s0.i0 1.0 1.28844159902
DS1.d829.s0.i0 1.0 0.829033368706
