DS3.d831.s0.i0 1.000000 0.666320
DS3.d584.s0.i0 -1.000000 0.410637
DS3.d1176.s0.i0 1.000000 0.065933
DS3.d1176.s1.i1 -1.000000 -0.301730
DS3.d1176.s1.i0 -1.000000 -0.269908
DS3.d582.s0.i1 1.000000 0.123583
DS3.d582.s0.i0 1.000000 0.208625
DS3.d1663.s1.i0 1.000000 0.814435
DS3.d1663.s0.i1 1.000000 0.396940
DS3.d1663.s0.i0 1.000000 0.677599
DS3.d1660.s0.i0 1.000000 0.035355
DS3.d1845.s0.i5 1.000000 0.673211
DS3.d1845.s0.i4 1.000000 0.673211
DS3.d1845.s0.i1 1.000000 0.543135
DS3.d1845.s0.i0 1.000000 0.370155
DS3.d1845.s0.i3 1.000000 0.543135
DS3.d1845.s0.i2 1.000000 0.370155
DS3.d1666.s0.i0 1.000000 0.113053
DS3.d1666.s0.i1 1.000000 0.068367
DS3.d935.s0.i1 -1.000000 -0.376217
DS3.d935.s0.i0 -1.000000 -0.442264
DS3.d13.s1.i0 1.000000 0.314159
DS3.d13.s0.i1 1.000000 0.508982
DS3.d13.s0.i0 1.000000 0.551087
DS3.d13.s3.i0 -1.000000 -0.287276
DS3.d13.s3.i1 -1.000000 -0.183568
DS3.d13.s2.i2 1.000000 0.555430
DS3.d13.s2.i1 1.000000 0.552818
DS3.d13.s2.i0 1.000000 0.583180
DS3.d13.s4.i1 -1.000000 0.571269
DS3.d13.s4.i0 1.000000 0.782278
DS3.d95.s0.i3 -1.000000 -0.245727
DS3.d95.s0.i2 -1.000000 -0.243671
DS3.d95.s0.i1 -1.000000 0.046525
DS3.d95.s0.i0 -1.000000 -0.007468
DS3.d741.s0.i0 1.000000 0.459642
DS3.d977.s0.i0 1.000000 0.033129
DS3.d744.s0.i1 -1.000000 -0.699099
DS3.d744.s0.i0 -1.000000 -0.740046
DS3.d119.s0.i1 -1.000000 -0.695792
DS3.d119.s0.i0 -1.000000 -0.730735
DS3.d119.s0.i2 -1.000000 -0.455139
DS3.d230.s0.i1 1.000000 0.526238
DS3.d230.s0.i0 1.000000 0.557299
DS3.d230.s0.i3 1.000000 0.463059
DS3.d230.s0.i2 1.000000 0.478606
DS3.d347.s0.i0 1.000000 1.012129
DS3.d347.s1.i5 -1.000000 0.239887
DS3.d347.s1.i4 -1.000000 -0.018993
DS3.d347.s1.i1 -1.000000 0.012601
DS3.d347.s1.i0 -1.000000 0.319904
DS3.d347.s1.i3 -1.000000 0.154077
DS3.d347.s1.i2 -1.000000 0.231120
DS3.d467.s0.i0 1.000000 0.744363
DS3.d461.s0.i1 -1.000000 0.154018
DS3.d461.s0.i0 -1.000000 0.077155
DS3.d461.s0.i3 -1.000000 0.238039
DS3.d461.s0.i2 -1.000000 0.200038
DS3.d1209.s1.i4 1.000000 0.801616
DS3.d1209.s1.i5 1.000000 1.085572
DS3.d1209.s1.i0 1.000000 0.830588
DS3.d1209.s1.i1 1.000000 0.830588
DS3.d1209.s1.i2 1.000000 1.085646
DS3.d1209.s1.i3 1.000000 0.801616
DS3.d1209.s0.i2 1.000000 0.528732
DS3.d1209.s0.i1 1.000000 0.363631
DS3.d1209.s0.i0 1.000000 0.363631
DS3.d1474.s0.i0 -1.000000 -0.122667
DS3.d1470.s0.i1 1.000000 0.456891
DS3.d1470.s0.i0 1.000000 0.757265
DS3.d945.s0.i0 1.000000 -0.014005
DS3.d945.s0.i1 1.000000 0.092998
DS3.d945.s1.i0 1.000000 0.550528
DS3.d1368.s0.i0 -1.000000 0.497639
DS3.d181.s0.i0 1.000000 0.333192
DS3.d943.s0.i0 1.000000 1.217475
DS3.d943.s0.i1 1.000000 1.221793
DS3.d943.s1.i0 1.000000 0.729138
DS3.d316.s2.i0 1.000000 0.432832
DS3.d316.s2.i1 1.000000 0.432832
DS3.d316.s0.i0 1.000000 0.497459
DS3.d316.s0.i1 1.000000 0.294656
DS3.d316.s1.i1 1.000000 -0.070688
DS3.d316.s1.i0 1.000000 0.129257
DS3.d1873.s0.i0 -1.000000 -0.257932
DS3.d1714.s2.i0 1.000000 0.632418
DS3.d1714.s2.i1 1.000000 0.568114
DS3.d1714.s0.i0 1.000000 0.732515
DS3.d1714.s0.i1 1.000000 0.808445
DS3.d1714.s1.i0 1.000000 0.283250
DS3.d1491.s0.i0 -1.000000 -0.242624
DS3.d122.s0.i0 1.000000 0.821069
DS3.d1011.s0.i2 1.000000 -0.047094
DS3.d1011.s0.i3 -1.000000 -0.375149
DS3.d1011.s0.i0 -1.000000 -0.235623
DS3.d1011.s0.i1 -1.000000 -0.362693
DS3.d1011.s0.i4 -1.000000 -0.186532
DS3.d1655.s0.i0 1.000000 0.735187
DS3.d1655.s1.i2 -1.000000 -0.199626
DS3.d1655.s1.i1 -1.000000 -0.152963
DS3.d1655.s1.i0 -1.000000 -0.128796
DS3.d228.s0.i0 1.000000 0.248336
DS3.d228.s1.i1 1.000000 0.443356
DS3.d228.s1.i0 1.000000 0.325978
DS3.d1498.s0.i0 1.000000 0.944349
DS3.d1651.s0.i0 1.000000 1.406797
DS3.d1667.s0.i0 1.000000 0.759024
DS3.d200.s0.i0 1.000000 0.359940
DS3.d200.s0.i1 -1.000000 -0.117911
DS3.d1109.s0.i4 1.000000 0.240229
DS3.d1109.s0.i5 1.000000 0.617165
DS3.d1109.s0.i6 1.000000 0.624171
DS3.d1109.s0.i7 1.000000 0.386455
DS3.d1109.s0.i0 1.000000 0.352180
DS3.d1109.s0.i1 1.000000 0.660941
DS3.d1109.s0.i2 1.000000 0.414477
DS3.d1109.s0.i3 1.000000 -0.045399
DS3.d474.s0.i0 -1.000000 0.463310
DS3.d1543.s0.i0 1.000000 0.537883
DS3.d1543.s0.i1 -1.000000 0.229731
DS3.d1543.s1.i0 -1.000000 0.629534
DS3.d579.s0.i3 -1.000000 -0.079131
DS3.d579.s0.i2 -1.000000 0.059133
DS3.d579.s0.i1 -1.000000 0.148181
DS3.d579.s0.i0 -1.000000 0.190140
DS3.d126.s0.i0 1.000000 1.176709
DS3.d124.s0.i1 1.000000 0.818289
DS3.d124.s0.i0 1.000000 0.784775
DS3.d124.s0.i3 1.000000 0.721466
DS3.d124.s0.i2 1.000000 0.752620
DS3.d124.s0.i5 1.000000 0.837904
DS3.d124.s0.i4 1.000000 0.709304
DS3.d570.s0.i0 1.000000 0.782045
DS3.d570.s1.i0 1.000000 0.670829
DS3.d570.s2.i0 1.000000 0.736394
DS3.d570.s3.i0 1.000000 1.070174
DS3.d573.s0.i1 1.000000 0.520637
DS3.d573.s0.i0 1.000000 0.728667
DS3.d573.s0.i3 1.000000 0.572803
DS3.d573.s0.i2 1.000000 0.659037
DS3.d1783.s0.i0 -1.000000 -0.127695
DS3.d1467.s0.i0 -1.000000 0.063935
DS3.d1279.s0.i0 1.000000 0.104036
DS3.d1279.s0.i1 1.000000 0.273575
DS3.d1271.s0.i0 1.000000 0.761754
DS3.d1271.s1.i0 1.000000 0.613862
DS3.d769.s0.i0 1.000000 0.516486
DS3.d643.s0.i3 1.000000 0.442772
DS3.d643.s0.i2 -1.000000 0.257099
DS3.d643.s0.i1 -1.000000 -0.246901
DS3.d643.s0.i0 -1.000000 0.149260
DS3.d643.s0.i5 1.000000 0.266603
DS3.d643.s0.i4 -1.000000 -0.305408
DS3.d640.s0.i0 -1.000000 0.603067
DS3.d1644.s0.i0 -1.000000 -0.512168
DS3.d1644.s0.i1 -1.000000 -1.029252
DS3.d1644.s1.i1 -1.000000 -1.341254
DS3.d1644.s1.i0 -1.000000 -1.368324
DS3.d1644.s1.i2 -1.000000 -1.388209
DS3.d1644.s2.i0 -1.000000 -0.380579
DS3.d1862.s0.i0 1.000000 -0.154093
DS3.d1481.s0.i1 1.000000 0.037094
DS3.d1481.s0.i0 1.000000 0.050833
DS3.d1481.s0.i3 1.000000 0.015141
DS3.d1481.s0.i2 1.000000 -0.016060
DS3.d93.s0.i0 1.000000 0.260811
DS3.d1488.s0.i0 1.000000 0.543530
DS3.d858.s0.i1 1.000000 0.185215
DS3.d858.s0.i0 1.000000 0.081419
DS3.d858.s0.i2 1.000000 -0.050034
DS3.d217.s0.i0 -1.000000 0.395827
DS3.d217.s1.i1 -1.000000 0.611850
DS3.d217.s1.i0 -1.000000 0.488047
DS3.d656.s0.i1 -1.000000 0.822904
DS3.d656.s0.i0 -1.000000 0.844596
DS3.d656.s0.i2 -1.000000 0.551747
DS3.d1554.s0.i2 -1.000000 -0.856073
DS3.d1554.s0.i3 -1.000000 -0.867698
DS3.d1554.s0.i0 -1.000000 -0.841340
DS3.d1554.s0.i1 -1.000000 -0.840251
DS3.d1554.s0.i6 -1.000000 -0.677604
DS3.d1554.s0.i7 -1.000000 -0.853198
DS3.d1554.s0.i4 -1.000000 -0.865572
DS3.d1554.s0.i5 -1.000000 -0.800040
DS3.d1554.s0.i8 -1.000000 -0.747858
DS3.d1554.s0.i9 -1.000000 -0.712536
DS3.d1554.s0.i10 -1.000000 -0.834605
DS3.d1554.s0.i11 -1.000000 -0.726808
DS3.d569.s0.i0 1.000000 1.029018
DS3.d569.s0.i1 -1.000000 0.781695
DS3.d400.s0.i0 1.000000 0.442482
DS3.d400.s0.i1 1.000000 0.212147
DS3.d113.s0.i1 -1.000000 0.235501
DS3.d113.s0.i0 -1.000000 0.235501
DS3.d9.s0.i0 1.000000 1.311740
DS3.d563.s0.i2 1.000000 -0.204528
DS3.d563.s0.i3 1.000000 -0.034962
DS3.d563.s0.i0 1.000000 -0.013886
DS3.d563.s0.i1 1.000000 0.034694
DS3.d563.s0.i6 1.000000 -0.167122
DS3.d563.s0.i7 1.000000 -0.011087
DS3.d563.s0.i4 1.000000 0.215955
DS3.d563.s0.i5 1.000000 0.189390
DS3.d498.s0.i1 1.000000 0.604310
DS3.d498.s0.i0 1.000000 0.604310
DS3.d565.s0.i0 1.000000 0.689752
DS3.d564.s0.i1 -1.000000 -0.651015
DS3.d564.s0.i0 -1.000000 -0.593639
DS3.d1268.s0.i0 -1.000000 0.006983
DS3.d1854.s0.i0 1.000000 1.230004
DS3.d1265.s0.i11 1.000000 -0.340098
DS3.d1265.s0.i10 1.000000 -0.358479
DS3.d1265.s0.i13 1.000000 -0.368263
DS3.d1265.s0.i5 1.000000 -0.363595
DS3.d1265.s0.i4 1.000000 -0.359873
DS3.d1265.s0.i7 1.000000 -0.358016
DS3.d1265.s0.i6 1.000000 -0.362134
DS3.d1265.s0.i1 1.000000 -0.243753
DS3.d1265.s0.i0 1.000000 -0.369755
DS3.d1265.s0.i3 1.000000 -0.358458
DS3.d1265.s0.i2 1.000000 -0.338292
DS3.d1265.s0.i15 1.000000 -0.359327
DS3.d1265.s0.i12 1.000000 -0.357115
DS3.d1265.s0.i9 1.000000 -0.254511
DS3.d1265.s0.i8 1.000000 -0.273345
DS3.d1265.s0.i14 1.000000 -0.267747
DS3.d55.s0.i0 1.000000 0.736089
DS3.d902.s0.i1 -1.000000 -0.672647
DS3.d902.s0.i0 -1.000000 -0.570647
DS3.d902.s0.i2 -1.000000 -0.632872
DS3.d1632.s0.i1 -1.000000 -0.067073
DS3.d1632.s0.i0 1.000000 0.194100
DS3.d1632.s0.i3 -1.000000 0.044781
DS3.d1632.s0.i2 1.000000 0.053428
DS3.d492.s3.i0 -1.000000 -0.224390
DS3.d492.s2.i0 1.000000 0.624164
DS3.d492.s1.i0 1.000000 0.332558
DS3.d492.s1.i1 1.000000 0.607890
DS3.d492.s1.i2 1.000000 0.592819
DS3.d492.s0.i1 -1.000000 0.027990
DS3.d492.s0.i0 1.000000 0.493291
DS3.d711.s0.i0 -1.000000 0.468739
DS3.d1815.s0.i0 -1.000000 -0.368113
DS3.d1815.s0.i1 -1.000000 0.083034
DS3.d104.s0.i0 -1.000000 1.168468
DS3.d782.s0.i0 1.000000 1.094596
DS3.d797.s1.i2 1.000000 0.760569
DS3.d797.s1.i0 1.000000 0.754413
DS3.d797.s1.i1 1.000000 0.711935
DS3.d797.s0.i0 1.000000 0.682711
DS3.d269.s2.i1 -1.000000 -0.898194
DS3.d269.s2.i0 -1.000000 -0.750394
DS3.d269.s2.i3 -1.000000 -1.069447
DS3.d269.s2.i2 1.000000 0.065623
DS3.d269.s2.i5 -1.000000 -0.639342
DS3.d269.s2.i4 1.000000 0.024502
DS3.d269.s2.i7 -1.000000 -0.822479
DS3.d269.s2.i6 -1.000000 -0.951741
DS3.d269.s1.i0 1.000000 -0.528194
DS3.d269.s1.i1 1.000000 -0.618261
DS3.d269.s1.i2 -1.000000 -1.329694
DS3.d269.s0.i0 1.000000 0.549938
DS3.d550.s0.i0 -1.000000 -0.398521
DS3.d550.s0.i1 -1.000000 -0.303364
DS3.d550.s0.i2 -1.000000 -0.072964
DS3.d550.s0.i3 -1.000000 -0.073366
DS3.d550.s0.i4 -1.000000 -0.054216
DS3.d550.s0.i5 -1.000000 -0.335385
DS3.d550.s0.i6 -1.000000 -0.153701
DS3.d550.s0.i7 -1.000000 -0.187088
DS3.d550.s0.i8 -1.000000 -0.104605
DS3.d317.s0.i11 1.000000 0.230503
DS3.d317.s0.i10 1.000000 0.166142
DS3.d317.s0.i9 1.000000 0.334498
DS3.d317.s0.i8 1.000000 0.313708
DS3.d317.s0.i1 1.000000 0.288550
DS3.d317.s0.i0 1.000000 0.092999
DS3.d317.s0.i3 1.000000 0.267071
DS3.d317.s0.i2 1.000000 0.407326
DS3.d317.s0.i5 1.000000 0.436374
DS3.d317.s0.i4 1.000000 0.138230
DS3.d317.s0.i7 1.000000 0.535161
DS3.d317.s0.i6 1.000000 0.467219
DS3.d1253.s0.i0 1.000000 0.912531
DS3.d1253.s0.i1 1.000000 0.900352
DS3.d183.s0.i0 -1.000000 0.427724
DS3.d183.s0.i1 -1.000000 0.565350
DS3.d183.s0.i2 -1.000000 0.622859
DS3.d1081.s0.i1 -1.000000 0.377811
DS3.d1081.s0.i0 -1.000000 0.435082
DS3.d1086.s0.i0 1.000000 -0.048798
DS3.d1086.s0.i1 1.000000 0.459937
DS3.d1255.s2.i0 -1.000000 -0.394317
DS3.d1255.s3.i0 1.000000 0.478838
DS3.d1255.s0.i0 1.000000 0.376033
DS3.d1255.s1.i1 1.000000 0.430561
DS3.d1255.s1.i0 1.000000 0.362175
DS3.d189.s0.i0 -1.000000 0.755465
DS3.d1151.s0.i0 1.000000 -0.310268
DS3.d1721.s0.i0 1.000000 0.733141
DS3.d1721.s0.i1 1.000000 0.735013
DS3.d1721.s1.i1 -1.000000 -0.067804
DS3.d1721.s1.i0 -1.000000 0.090143
DS3.d999.s0.i1 -1.000000 -0.713778
DS3.d999.s0.i0 -1.000000 -0.587678
DS3.d1748.s1.i0 1.000000 0.792602
DS3.d1748.s0.i1 1.000000 0.168798
DS3.d1748.s0.i0 1.000000 0.863068
DS3.d1022.s0.i0 -1.000000 0.457333
DS3.d1625.s0.i0 1.000000 0.880451
DS3.d1589.s0.i0 1.000000 0.643394
DS3.d1589.s0.i1 1.000000 0.406208
DS3.d1029.s0.i2 1.000000 0.314938
DS3.d1029.s0.i1 1.000000 0.171060
DS3.d1029.s0.i0 1.000000 -0.376286
DS3.d1584.s1.i0 1.000000 0.337463
DS3.d1584.s0.i1 1.000000 0.581788
DS3.d1584.s0.i0 1.000000 0.581788
DS3.d1582.s0.i1 1.000000 0.412853
DS3.d1582.s0.i0 1.000000 0.386804
DS3.d381.s0.i4 -1.000000 -0.001227
DS3.d381.s0.i5 -1.000000 0.164173
DS3.d381.s0.i0 -1.000000 0.058275
DS3.d381.s0.i1 1.000000 0.432445
DS3.d381.s0.i2 1.000000 0.658398
DS3.d381.s0.i3 1.000000 0.488782
DS3.d381.s1.i0 1.000000 0.164572
DS3.d178.s0.i0 1.000000 0.838496
DS3.d178.s1.i1 -1.000000 0.495454
DS3.d178.s1.i0 -1.000000 0.226216
DS3.d1805.s0.i1 1.000000 0.444473
DS3.d1805.s0.i0 1.000000 1.322733
DS3.d1805.s0.i3 1.000000 0.395862
DS3.d1805.s0.i2 1.000000 0.673592
DS3.d1157.s0.i1 -1.000000 -0.232424
DS3.d1157.s0.i0 -1.000000 -0.199663
DS3.d1157.s0.i2 -1.000000 -0.067289
DS3.d426.s0.i0 1.000000 1.007694
DS3.d427.s0.i1 1.000000 0.429166
DS3.d427.s0.i0 1.000000 0.269395
DS3.d273.s0.i0 1.000000 1.086272
DS3.d273.s1.i1 1.000000 0.136290
DS3.d273.s1.i0 1.000000 -0.202280
DS3.d272.s4.i0 -1.000000 0.195417
DS3.d272.s3.i0 1.000000 0.882449
DS3.d272.s2.i0 1.000000 0.717872
DS3.d272.s1.i0 1.000000 -0.721385
DS3.d272.s1.i1 1.000000 -0.535827
DS3.d272.s1.i2 1.000000 -0.687524
DS3.d272.s0.i2 1.000000 0.057324
DS3.d272.s0.i1 1.000000 0.260805
DS3.d272.s0.i0 1.000000 0.098427
DS3.d227.s0.i1 1.000000 0.606443
DS3.d227.s0.i0 1.000000 0.606443
DS3.d1436.s0.i1 1.000000 0.758998
DS3.d1436.s0.i0 1.000000 0.872581
DS3.d274.s0.i0 1.000000 0.618240
DS3.d303.s0.i0 1.000000 0.578120
DS3.d303.s0.i1 -1.000000 0.090576
DS3.d278.s0.i1 1.000000 0.533675
DS3.d278.s0.i0 1.000000 0.537489
DS3.d278.s0.i3 1.000000 0.537489
DS3.d278.s0.i2 1.000000 0.533675
DS3.d304.s0.i0 -1.000000 0.320057
DS3.d42.s0.i0 1.000000 0.005871
DS3.d1739.s1.i0 -1.000000 -0.652905
DS3.d1739.s0.i0 -1.000000 -0.032737
DS3.d1242.s0.i0 1.000000 0.111805
DS3.d1242.s0.i1 1.000000 0.766557
DS3.d1124.s0.i0 1.000000 0.261194
DS3.d1864.s0.i0 1.000000 0.505505
DS3.d1864.s0.i1 1.000000 0.525951
DS3.d1864.s1.i0 -1.000000 0.059243
DS3.d865.s0.i1 1.000000 0.766390
DS3.d865.s0.i0 1.000000 0.568217
DS3.d1220.s0.i0 1.000000 0.000578
DS3.d1220.s0.i1 1.000000 0.077775
DS3.d1220.s1.i0 1.000000 0.202560
DS3.d1534.s0.i0 -1.000000 -0.707772
DS3.d1534.s0.i1 -1.000000 -0.759345
DS3.d1534.s0.i2 -1.000000 -0.853849
DS3.d1598.s0.i0 1.000000 1.056670
DS3.d1598.s1.i0 1.000000 0.699961
DS3.d1004.s0.i0 1.000000 0.637892
DS3.d1004.s0.i1 1.000000 0.929612
DS3.d1004.s1.i3 1.000000 0.214968
DS3.d1004.s1.i2 1.000000 0.159254
DS3.d1004.s1.i1 1.000000 0.081521
DS3.d1004.s1.i0 1.000000 0.309999
DS3.d1184.s1.i0 -1.000000 -0.293726
DS3.d1184.s0.i0 -1.000000 -0.321251
DS3.d633.s0.i2 1.000000 0.787299
DS3.d633.s0.i3 1.000000 0.700639
DS3.d633.s0.i0 1.000000 0.655438
DS3.d633.s0.i1 1.000000 0.590312
DS3.d633.s1.i1 1.000000 0.391645
DS3.d633.s1.i0 1.000000 0.254229
DS3.d633.s1.i3 1.000000 0.275424
DS3.d633.s1.i2 1.000000 0.263865
DS3.d633.s2.i0 1.000000 0.673365
DS3.d633.s2.i1 1.000000 0.715139
DS3.d633.s3.i1 1.000000 1.440377
DS3.d633.s3.i0 1.000000 1.413044
DS3.d1073.s0.i0 1.000000 0.500211
DS3.d692.s0.i1 1.000000 0.976987
DS3.d692.s0.i0 1.000000 0.980098
DS3.d910.s0.i0 1.000000 0.864370
DS3.d910.s1.i0 -1.000000 1.185980
DS3.d938.s0.i0 1.000000 0.917394
DS3.d639.s0.i0 -1.000000 -0.762590
DS3.d1838.s0.i0 1.000000 0.628794
DS3.d1420.s0.i4 1.000000 -0.160743
DS3.d1420.s0.i5 -1.000000 -0.528857
DS3.d1420.s0.i2 1.000000 -0.074771
DS3.d1420.s0.i3 -1.000000 -0.701439
DS3.d1420.s0.i0 -1.000000 -0.593158
DS3.d1420.s0.i1 -1.000000 -0.623823
DS3.d532.s0.i0 -1.000000 -0.152287
DS3.d336.s0.i0 1.000000 0.953403
DS3.d539.s0.i1 -1.000000 -0.764759
DS3.d539.s0.i0 1.000000 0.180184
DS3.d1503.s0.i0 1.000000 1.292421
DS3.d1503.s1.i0 1.000000 0.308843
DS3.d1206.s0.i0 -1.000000 -0.739083
DS3.d1206.s1.i0 -1.000000 0.363426
DS3.d1501.s0.i0 1.000000 0.535714
DS3.d1501.s1.i5 -1.000000 -1.080892
DS3.d1501.s1.i4 -1.000000 -1.086403
DS3.d1501.s1.i3 1.000000 -0.834940
DS3.d1501.s1.i2 -1.000000 -1.171471
DS3.d1501.s1.i1 -1.000000 -1.129256
DS3.d1501.s1.i0 -1.000000 -1.335455
DS3.d1335.s3.i0 1.000000 0.993948
DS3.d1335.s2.i0 1.000000 0.975718
DS3.d1335.s1.i0 1.000000 1.217417
DS3.d1335.s0.i0 1.000000 -0.001356
DS3.d1335.s4.i0 1.000000 0.410554
DS3.d1130.s0.i0 -1.000000 0.620338
DS3.d1130.s0.i1 -1.000000 0.654823
DS3.d1131.s0.i0 -1.000000 -0.419586
DS3.d1829.s2.i0 1.000000 0.486011
DS3.d1829.s1.i0 1.000000 0.935556
DS3.d1829.s1.i1 1.000000 0.896124
DS3.d1829.s0.i0 1.000000 0.526234
DS3.d819.s0.i0 -1.000000 0.169238
DS3.d819.s0.i1 -1.000000 -0.126884
DS3.d1212.s2.i1 -1.000000 -0.845628
DS3.d1212.s2.i0 -1.000000 -0.108822
DS3.d1212.s1.i0 -1.000000 -1.066401
DS3.d1212.s1.i1 -1.000000 -0.657694
DS3.d1212.s1.i2 -1.000000 -0.540983
DS3.d1212.s1.i3 -1.000000 -0.611742
DS3.d1212.s1.i4 -1.000000 -0.993657
DS3.d1212.s1.i5 -1.000000 -0.579212
DS3.d1212.s0.i7 -1.000000 -0.328131
DS3.d1212.s0.i6 -1.000000 -0.473502
DS3.d1212.s0.i5 -1.000000 -0.521353
DS3.d1212.s0.i4 -1.000000 -0.478763
DS3.d1212.s0.i3 -1.000000 -0.425447
DS3.d1212.s0.i2 -1.000000 -0.544775
DS3.d1212.s0.i1 -1.000000 -0.437881
DS3.d1212.s0.i0 -1.000000 -0.447127
DS3.d1212.s0.i9 -1.000000 -0.593441
DS3.d1212.s0.i8 -1.000000 -0.490765
DS3.d1212.s0.i11 -1.000000 -0.510282
DS3.d1212.s0.i10 -1.000000 -0.431033
DS3.d1822.s0.i0 1.000000 0.580832
DS3.d814.s1.i0 -1.000000 -0.232027
DS3.d814.s1.i1 -1.000000 -0.163352
DS3.d814.s0.i1 -1.000000 -0.239392
DS3.d814.s0.i0 -1.000000 0.001260
DS3.d814.s0.i2 -1.000000 -0.117624
DS3.d1400.s0.i0 -1.000000 0.136334
DS3.d36.s0.i0 1.000000 1.314682
DS3.d36.s1.i0 1.000000 0.875414
DS3.d36.s2.i0 1.000000 0.170662
DS3.d36.s2.i1 1.000000 0.534092
DS3.d520.s1.i2 1.000000 -0.176363
DS3.d520.s1.i0 1.000000 0.395569
DS3.d520.s1.i1 1.000000 -0.163261
DS3.d520.s0.i1 -1.000000 -1.049057
DS3.d520.s0.i0 1.000000 -0.315263
DS3.d1510.s0.i0 1.000000 -0.198026
DS3.d1711.s0.i1 1.000000 0.739637
DS3.d1711.s0.i0 1.000000 0.350007
DS3.d1711.s0.i3 -1.000000 0.277336
DS3.d1711.s0.i2 1.000000 0.232026
DS3.d34.s0.i0 1.000000 -0.112772
DS3.d34.s0.i1 1.000000 0.100072
DS3.d1516.s0.i0 1.000000 0.252034
DS3.d1516.s0.i1 1.000000 0.606547
DS3.d1516.s1.i1 1.000000 0.235587
DS3.d1516.s1.i0 1.000000 0.438449
DS3.d1517.s0.i0 1.000000 0.500375
DS3.d883.s0.i1 1.000000 0.679012
DS3.d883.s0.i0 1.000000 0.735670
DS3.d883.s0.i2 1.000000 0.788053
DS3.d1349.s0.i0 -1.000000 0.055142
DS3.d888.s0.i2 1.000000 0.493634
DS3.d888.s0.i3 1.000000 0.446476
DS3.d888.s0.i0 1.000000 0.539209
DS3.d888.s0.i1 1.000000 0.494029
DS3.d888.s0.i4 1.000000 0.413690
DS3.d888.s0.i5 1.000000 0.402252
DS3.d1611.s0.i0 1.000000 0.263489
DS3.d1611.s0.i1 1.000000 0.183653
DS3.d1617.s0.i2 1.000000 1.101534
DS3.d1617.s0.i3 1.000000 0.689047
DS3.d1617.s0.i0 1.000000 1.043894
DS3.d1617.s0.i1 1.000000 0.773893
DS3.d1617.s1.i0 1.000000 0.164750
DS3.d1340.s0.i0 1.000000 1.313464
DS3.d1342.s0.i0 -1.000000 0.227974
DS3.d593.s0.i0 1.000000 0.661783
DS3.d1173.s0.i0 -1.000000 -0.213081
DS3.d526.s2.i1 -1.000000 -0.058900
DS3.d526.s2.i0 -1.000000 0.012182
DS3.d526.s1.i0 1.000000 -0.097576
DS3.d526.s1.i1 1.000000 -0.097576
DS3.d526.s0.i3 1.000000 -0.248039
DS3.d526.s0.i2 1.000000 0.508482
DS3.d526.s0.i1 1.000000 0.156328
DS3.d526.s0.i0 1.000000 0.679195
DS3.d683.s0.i5 -1.000000 0.397324
DS3.d683.s0.i4 -1.000000 0.338743
DS3.d683.s0.i3 -1.000000 0.159694
DS3.d683.s0.i2 -1.000000 0.332986
DS3.d683.s0.i1 -1.000000 0.162429
DS3.d683.s0.i0 -1.000000 0.401474
DS3.d1674.s0.i1 -1.000000 0.387613
DS3.d1674.s0.i0 -1.000000 0.350078
DS3.d1652.s1.i0 1.000000 0.195784
DS3.d1652.s0.i0 1.000000 0.658070
DS3.d147.s0.i0 -1.000000 -0.076036
DS3.d147.s0.i1 -1.000000 0.378098
DS3.d147.s0.i2 -1.000000 -0.112414
DS3.d147.s0.i3 -1.000000 0.460837
DS3.d84.s0.i1 -1.000000 -0.197152
DS3.d84.s0.i0 -1.000000 -0.070114
DS3.d141.s0.i0 -1.000000 0.170491
DS3.d141.s1.i1 1.000000 0.557904
DS3.d141.s1.i0 1.000000 0.264993
DS3.d141.s2.i0 1.000000 0.044793
DS3.d1285.s0.i1 -1.000000 0.723280
DS3.d1285.s0.i0 -1.000000 0.544593
DS3.d188.s0.i1 -1.000000 -0.341819
DS3.d188.s0.i0 -1.000000 -0.312374
DS3.d807.s1.i0 1.000000 0.446048
DS3.d807.s0.i1 1.000000 0.854094
DS3.d807.s0.i0 1.000000 0.743295
DS3.d222.s0.i0 1.000000 0.528275
DS3.d88.s0.i1 -1.000000 -0.565179
DS3.d88.s0.i0 -1.000000 -0.561228
DS3.d459.s0.i0 -1.000000 0.056897
DS3.d459.s0.i1 -1.000000 -0.235109
DS3.d459.s0.i2 -1.000000 -0.094208
DS3.d459.s0.i3 -1.000000 -0.079170
DS3.d1687.s1.i0 1.000000 0.966058
DS3.d1687.s0.i0 1.000000 0.671552
DS3.d1682.s0.i0 1.000000 0.047666
DS3.d1682.s0.i1 1.000000 0.262415
DS3.d696.s5.i2 -1.000000 0.585978
DS3.d696.s5.i0 1.000000 0.568040
DS3.d696.s5.i1 1.000000 0.482138
DS3.d696.s4.i0 1.000000 1.677241
DS3.d696.s1.i0 1.000000 0.627480
DS3.d696.s1.i1 -1.000000 0.153416
DS3.d696.s0.i1 1.000000 1.004667
DS3.d696.s0.i0 1.000000 0.480417
DS3.d696.s0.i3 1.000000 0.407956
DS3.d696.s0.i2 -1.000000 0.387483
DS3.d696.s0.i5 -1.000000 0.491051
DS3.d696.s0.i4 1.000000 0.933270
DS3.d696.s3.i0 1.000000 0.701684
DS3.d696.s3.i1 1.000000 0.979770
DS3.d696.s3.i2 -1.000000 0.779712
DS3.d696.s2.i0 1.000000 0.761416
DS3.d1567.s0.i0 1.000000 0.333301
DS3.d1688.s0.i0 1.000000 0.052039
DS3.d1688.s1.i0 1.000000 0.659263
DS3.d160.s0.i1 -1.000000 -0.385793
DS3.d160.s0.i0 -1.000000 -0.200730
DS3.d160.s0.i3 -1.000000 -0.359524
DS3.d160.s0.i2 -1.000000 -0.214993
DS3.d160.s0.i5 -1.000000 -0.207366
DS3.d160.s0.i4 -1.000000 -0.352955
DS3.d1117.s0.i0 1.000000 0.887860
DS3.d1445.s0.i0 1.000000 0.069715
DS3.d1605.s1.i0 1.000000 0.335084
DS3.d1605.s0.i0 1.000000 0.658008
DS3.d899.s0.i0 -1.000000 0.231435
DS3.d899.s0.i1 -1.000000 0.035702
DS3.d899.s0.i2 -1.000000 0.323787
DS3.d1355.s0.i0 1.000000 0.904752
