DS.d686.s0.i0 1.000000 0.193626
DS.d686.s0.i1 1.000000 0.191147
DS.d339.s0.i1 -1.000000 -0.186528
DS.d339.s0.i0 -1.000000 -0.176723
DS.d237.s0.i8 1.000000 0.418940
DS.d237.s0.i9 1.000000 0.136457
DS.d237.s0.i6 1.000000 0.404046
DS.d237.s0.i7 1.000000 0.334673
DS.d237.s0.i4 1.000000 0.226612
DS.d237.s0.i5 1.000000 0.183038
DS.d237.s0.i2 1.000000 0.254887
DS.d237.s0.i3 1.000000 0.441945
DS.d237.s0.i0 1.000000 0.356980
DS.d237.s0.i1 1.000000 0.342606
DS.d237.s0.i10 1.000000 0.211651
DS.d237.s0.i11 1.000000 0.118045
DS.d237.s0.i12 1.000000 0.191029
DS.d237.s0.i13 1.000000 0.146997
DS.d456.s0.i5 1.000000 0.850540
DS.d456.s0.i4 1.000000 0.923226
DS.d456.s0.i3 1.000000 0.790443
DS.d456.s0.i2 1.000000 0.745752
DS.d456.s0.i1 1.000000 0.819807
DS.d456.s0.i0 1.000000 0.849200
DS.d153.s0.i1 -1.000000 -0.129388
DS.d153.s0.i0 -1.000000 -0.268907
DS.d592.s0.i0 1.000000 0.456651
DS.d319.s0.i1 -1.000000 -0.525532
DS.d319.s0.i0 -1.000000 -0.629617
DS.d458.s4.i0 1.000000 0.345223
DS.d458.s1.i0 1.000000 0.490562
DS.d458.s0.i0 1.000000 0.717123
DS.d458.s3.i0 1.000000 0.740232
DS.d458.s2.i0 -1.000000 -0.424458
DS.d570.s0.i0 1.000000 0.940352
DS.d570.s1.i0 1.000000 0.415480
DS.d570.s2.i0 1.000000 0.962817
DS.d570.s3.i0 1.000000 0.406807
DS.d100.s1.i0 1.000000 0.576281
DS.d100.s1.i1 1.000000 0.660820
DS.d100.s0.i0 1.000000 1.136751
DS.d510.s2.i0 1.000000 1.189308
DS.d510.s0.i0 1.000000 1.449583
DS.d510.s0.i1 1.000000 1.556202
DS.d510.s1.i0 1.000000 0.378701
DS.d102.s0.i1 1.000000 0.301189
DS.d102.s0.i0 1.000000 0.179378
DS.d102.s0.i2 1.000000 0.212690
DS.d122.s0.i0 1.000000 0.885264
DS.d171.s1.i0 1.000000 1.063573
DS.d171.s0.i0 1.000000 0.274953
DS.d156.s0.i0 -1.000000 0.424438
DS.d156.s0.i1 -1.000000 0.443482
DS.d81.s0.i0 1.000000 0.203094
DS.d81.s0.i1 1.000000 0.437631
DS.d274.s0.i0 1.000000 0.110163
DS.d273.s0.i0 1.000000 0.860443
DS.d273.s1.i1 1.000000 0.005272
DS.d273.s1.i0 1.000000 -0.245005
DS.d518.s0.i0 1.000000 1.426250
DS.d129.s0.i0 1.000000 0.550728
DS.d538.s0.i0 1.000000 0.928098
DS.d538.s1.i0 1.000000 0.402921
DS.d539.s0.i1 -1.000000 -0.825484
DS.d539.s0.i0 1.000000 0.331690
DS.d679.s0.i0 -1.000000 -0.319963
DS.d519.s1.i0 1.000000 0.561656
DS.d519.s0.i1 1.000000 0.584223
DS.d519.s0.i0 1.000000 0.623810
DS.d519.s0.i3 1.000000 0.640309
DS.d519.s0.i2 1.000000 0.611127
DS.d519.s2.i1 -1.000000 0.227107
DS.d519.s2.i0 1.000000 -0.044919
DS.d493.s0.i2 1.000000 0.508850
DS.d493.s0.i0 1.000000 0.614962
DS.d493.s0.i1 1.000000 0.717680
DS.d493.s1.i0 1.000000 0.897478
DS.d573.s0.i1 1.000000 0.607873
DS.d573.s0.i0 1.000000 1.085616
DS.d573.s0.i3 1.000000 0.800896
DS.d573.s0.i2 1.000000 0.929727
DS.d174.s0.i2 -1.000000 -1.045825
DS.d174.s0.i3 -1.000000 -1.027766
DS.d174.s0.i0 -1.000000 -1.169047
DS.d174.s0.i1 -1.000000 -0.421671
DS.d554.s0.i0 1.000000 -0.039958
DS.d554.s0.i1 1.000000 -0.340773
DS.d554.s0.i2 1.000000 -0.045990
DS.d405.s4.i2 1.000000 0.945996
DS.d405.s4.i1 1.000000 0.914282
DS.d405.s4.i0 1.000000 0.945996
DS.d405.s3.i0 1.000000 0.552832
DS.d405.s3.i1 1.000000 0.569742
DS.d405.s2.i1 1.000000 1.218693
DS.d405.s2.i0 1.000000 0.788485
DS.d405.s1.i0 -1.000000 -0.202665
DS.d405.s1.i1 1.000000 0.481503
DS.d405.s1.i2 -1.000000 -0.188562
DS.d405.s1.i3 1.000000 0.439257
DS.d405.s0.i1 1.000000 0.989091
DS.d405.s0.i0 1.000000 0.994231
DS.d826.s0.i6 1.000000 0.598470
DS.d826.s0.i7 -1.000000 0.714875
DS.d826.s0.i4 -1.000000 0.789151
DS.d826.s0.i5 1.000000 0.531579
DS.d826.s0.i2 -1.000000 0.758630
DS.d826.s0.i3 -1.000000 0.760640
DS.d826.s0.i0 1.000000 0.488954
DS.d826.s0.i1 1.000000 0.530336
DS.d826.s1.i1 1.000000 0.460296
DS.d826.s1.i0 1.000000 0.145192
DS.d826.s1.i2 1.000000 0.300571
DS.d826.s2.i0 1.000000 1.287203
DS.d826.s2.i1 1.000000 1.305538
DS.d826.s2.i2 1.000000 1.314278
DS.d826.s2.i3 1.000000 1.336287
DS.d826.s3.i3 1.000000 0.563107
DS.d826.s3.i2 1.000000 0.563107
DS.d826.s3.i1 1.000000 0.411939
DS.d826.s3.i0 1.000000 0.411939
DS.d824.s0.i0 1.000000 -0.121080
DS.d824.s0.i1 1.000000 0.128621
DS.d397.s0.i1 -1.000000 -0.283982
DS.d397.s0.i0 -1.000000 0.004554
DS.d397.s0.i2 1.000000 -0.110782
DS.d49.s2.i0 1.000000 0.999146
DS.d49.s2.i1 1.000000 1.044419
DS.d49.s0.i0 -1.000000 0.430988
DS.d49.s0.i1 -1.000000 0.437212
DS.d49.s0.i2 -1.000000 0.394577
DS.d49.s0.i3 -1.000000 0.431721
DS.d49.s1.i3 1.000000 -0.684856
DS.d49.s1.i2 -1.000000 -0.504488
DS.d49.s1.i1 1.000000 -0.429758
DS.d49.s1.i0 1.000000 -0.654947
DS.d191.s0.i0 -1.000000 -0.024428
DS.d177.s0.i1 -1.000000 0.452591
DS.d177.s0.i0 -1.000000 -0.364776
DS.d177.s0.i3 -1.000000 -0.102580
DS.d177.s0.i2 -1.000000 0.560392
DS.d177.s0.i5 -1.000000 -0.524768
DS.d177.s0.i4 -1.000000 -0.405358
DS.d177.s0.i7 -1.000000 -0.276680
DS.d177.s0.i6 -1.000000 -0.008833
DS.d309.s2.i0 1.000000 0.510534
DS.d309.s2.i1 1.000000 0.311229
DS.d309.s0.i0 1.000000 1.125308
DS.d309.s1.i2 -1.000000 0.198142
DS.d309.s1.i1 -1.000000 0.100691
DS.d309.s1.i0 -1.000000 0.145287
DS.d701.s0.i0 -1.000000 -0.327122
DS.d701.s0.i1 -1.000000 -0.308911
DS.d426.s0.i0 1.000000 0.780189
DS.d427.s0.i1 1.000000 0.405953
DS.d427.s0.i0 1.000000 0.214300
DS.d442.s0.i0 -1.000000 0.787002
DS.d329.s0.i0 1.000000 0.421012
DS.d423.s1.i0 -1.000000 1.214918
DS.d423.s1.i1 1.000000 1.335412
DS.d423.s0.i1 1.000000 1.051773
DS.d423.s0.i0 1.000000 1.107717
DS.d420.s0.i0 1.000000 0.723997
DS.d420.s1.i0 1.000000 0.342067
DS.d759.s0.i1 -1.000000 0.413580
DS.d759.s0.i0 -1.000000 0.413580
DS.d692.s0.i1 1.000000 0.836552
DS.d692.s0.i0 1.000000 0.841877
DS.d324.s0.i0 -1.000000 0.299258
DS.d460.s0.i0 -1.000000 0.480682
DS.d460.s1.i0 1.000000 1.253443
DS.d62.s0.i0 -1.000000 1.096199
DS.d537.s0.i1 -1.000000 -0.443592
DS.d537.s0.i0 -1.000000 -0.549067
DS.d537.s0.i2 -1.000000 -0.399073
DS.d467.s0.i0 1.000000 1.102773
DS.d220.s0.i0 -1.000000 0.521349
DS.d220.s0.i1 -1.000000 -0.165616
DS.d220.s1.i1 1.000000 -0.217674
DS.d220.s1.i0 -1.000000 -0.595870
DS.d429.s0.i1 -1.000000 0.870201
DS.d429.s0.i0 -1.000000 1.067666
DS.d178.s0.i0 1.000000 0.625677
DS.d178.s1.i1 -1.000000 0.518934
DS.d178.s1.i0 -1.000000 0.173051
DS.d643.s0.i3 1.000000 0.485243
DS.d643.s0.i2 -1.000000 0.371963
DS.d643.s0.i1 -1.000000 -0.325701
DS.d643.s0.i0 -1.000000 0.340075
DS.d643.s0.i5 1.000000 0.406385
DS.d643.s0.i4 -1.000000 -0.436470
DS.d507.s0.i0 1.000000 0.055489
DS.d507.s0.i1 -1.000000 0.470114
DS.d641.s0.i1 1.000000 1.280233
DS.d641.s0.i0 1.000000 1.144640
DS.d500.s0.i0 1.000000 1.000554
DS.d762.s1.i0 1.000000 0.385384
DS.d762.s0.i1 1.000000 0.367223
DS.d762.s0.i0 1.000000 0.414316
DS.d762.s3.i4 1.000000 0.226103
DS.d762.s3.i5 -1.000000 0.304314
DS.d762.s3.i6 -1.000000 0.403235
DS.d762.s3.i7 -1.000000 0.391428
DS.d762.s3.i0 1.000000 0.130339
DS.d762.s3.i1 1.000000 0.538180
DS.d762.s3.i2 1.000000 0.469291
DS.d762.s3.i3 -1.000000 0.318573
DS.d762.s2.i1 1.000000 0.123303
DS.d762.s2.i0 1.000000 0.150640
DS.d762.s4.i1 1.000000 0.526940
DS.d762.s4.i0 1.000000 0.514110
DS.d762.s4.i3 1.000000 0.614879
DS.d762.s4.i2 1.000000 0.436202
DS.d787.s0.i0 1.000000 0.660324
DS.d787.s0.i1 1.000000 0.378227
DS.d787.s1.i0 1.000000 1.251576
DS.d117.s3.i2 1.000000 0.361461
DS.d117.s3.i3 1.000000 0.380101
DS.d117.s3.i0 1.000000 0.266476
DS.d117.s3.i1 1.000000 0.366367
DS.d117.s2.i1 1.000000 -0.748825
DS.d117.s2.i0 1.000000 -0.616341
DS.d117.s2.i3 -1.000000 0.204218
DS.d117.s2.i2 -1.000000 0.005530
DS.d117.s1.i0 1.000000 0.021047
DS.d117.s1.i1 -1.000000 -0.303481
DS.d117.s0.i0 1.000000 0.299188
DS.d288.s0.i8 -1.000000 -0.708610
DS.d288.s0.i4 -1.000000 -0.708865
DS.d288.s0.i5 -1.000000 -0.667786
DS.d288.s0.i6 -1.000000 -0.513230
DS.d288.s0.i7 -1.000000 -0.477957
DS.d288.s0.i0 -1.000000 -0.536712
DS.d288.s0.i1 -1.000000 -0.712014
DS.d288.s0.i2 -1.000000 -0.642284
DS.d288.s0.i3 -1.000000 -0.694796
DS.d288.s1.i3 -1.000000 -0.203047
DS.d288.s1.i2 1.000000 0.388917
DS.d288.s1.i1 1.000000 0.693160
DS.d288.s1.i0 -1.000000 -0.017997
DS.d344.s0.i0 -1.000000 0.408669
DS.d112.s0.i0 -1.000000 -0.094950
DS.d91.s0.i5 1.000000 0.181530
DS.d91.s0.i4 -1.000000 0.037110
DS.d91.s0.i3 -1.000000 -0.068870
DS.d91.s0.i2 -1.000000 -0.122481
DS.d91.s0.i1 -1.000000 -0.094177
DS.d91.s0.i0 -1.000000 -0.064124
DS.d131.s0.i0 1.000000 0.849443
DS.d93.s0.i0 1.000000 0.356836
DS.d707.s0.i0 1.000000 0.485943
DS.d707.s0.i1 1.000000 0.458653
DS.d707.s1.i0 1.000000 -0.192096
DS.d717.s0.i0 1.000000 1.013429
DS.d626.s2.i0 1.000000 1.477642
DS.d626.s3.i0 1.000000 0.884908
DS.d626.s0.i0 1.000000 1.589796
DS.d626.s1.i0 1.000000 1.005762
DS.d290.s0.i1 1.000000 -0.001863
DS.d290.s0.i0 1.000000 -0.122061
DS.d724.s0.i2 1.000000 -0.400286
DS.d724.s0.i1 1.000000 0.801303
DS.d724.s0.i0 1.000000 0.532552
DS.d815.s0.i0 1.000000 0.923072
DS.d815.s0.i1 1.000000 0.948887
DS.d815.s0.i2 1.000000 1.070835
DS.d548.s0.i1 -1.000000 -0.247198
DS.d548.s0.i0 -1.000000 -0.232207
DS.d695.s0.i0 1.000000 0.402464
DS.d695.s0.i1 1.000000 0.479306
DS.d695.s1.i1 -1.000000 0.244568
DS.d695.s1.i0 -1.000000 0.576027
DS.d695.s1.i2 -1.000000 -0.443347
DS.d695.s2.i0 1.000000 0.502774
DS.d695.s2.i1 1.000000 0.335871
DS.d664.s0.i2 -1.000000 0.001889
DS.d664.s0.i3 -1.000000 -0.023664
DS.d664.s0.i0 -1.000000 -0.028318
DS.d664.s0.i1 -1.000000 -0.078801
DS.d629.s1.i0 1.000000 0.185136
DS.d629.s1.i1 1.000000 0.226138
DS.d629.s0.i1 1.000000 0.385976
DS.d629.s0.i0 1.000000 0.389676
DS.d38.s2.i0 1.000000 1.477820
DS.d38.s3.i0 -1.000000 -0.002551
DS.d38.s0.i0 1.000000 1.112271
DS.d38.s1.i1 1.000000 1.262611
DS.d38.s1.i0 1.000000 1.327305
DS.d39.s0.i0 -1.000000 0.656154
DS.d204.s0.i0 1.000000 1.052003
DS.d204.s0.i1 1.000000 0.383511
DS.d630.s0.i1 -1.000000 -0.118209
DS.d630.s0.i0 -1.000000 0.335037
DS.d33.s0.i1 1.000000 0.697802
DS.d33.s0.i0 1.000000 1.019023
DS.d734.s0.i0 1.000000 0.747389
DS.d734.s0.i1 1.000000 0.668271
DS.d734.s0.i2 1.000000 0.647817
DS.d734.s0.i3 1.000000 0.694832
DS.d777.s0.i0 -1.000000 0.298111
