DS.d189.s0.i0 -1.000000 0.670575
DS.d144.s0.i0 -1.000000 0.145150
DS.d147.s0.i0 -1.000000 -0.336054
DS.d147.s0.i1 -1.000000 -0.098008
DS.d147.s0.i2 -1.000000 -0.335404
DS.d147.s0.i3 -1.000000 -0.063183
DS.d263.s1.i0 1.000000 1.541835
DS.d263.s0.i10 1.000000 -0.176451
DS.d263.s0.i13 1.000000 0.009207
DS.d263.s0.i9 1.000000 0.007712
DS.d263.s0.i0 1.000000 0.012627
DS.d263.s0.i3 1.000000 0.158370
DS.d263.s0.i2 1.000000 0.007448
DS.d263.s0.i7 1.000000 0.006105
DS.d332.s0.i0 1.000000 0.522547
DS.d534.s0.i4 1.000000 -0.031817
DS.d534.s0.i5 1.000000 -0.080891
DS.d534.s0.i2 1.000000 0.048203
DS.d534.s0.i3 1.000000 -0.102809
DS.d534.s0.i0 1.000000 -0.052645
DS.d534.s0.i1 1.000000 0.021011
DS.d534.s1.i0 1.000000 0.881193
DS.d534.s2.i0 1.000000 1.135033
DS.d477.s0.i0 1.000000 0.679394
DS.d238.s0.i0 -1.000000 0.577524
DS.d210.s0.i1 1.000000 0.405318
DS.d210.s0.i0 1.000000 0.561937
DS.d439.s0.i0 1.000000 0.285265
DS.d691.s0.i0 1.000000 0.096490
DS.d102.s0.i1 -1.000000 -0.132917
DS.d102.s0.i0 -1.000000 -0.279548
DS.d102.s0.i2 -1.000000 -0.320343
DS.d123.s0.i0 -1.000000 -0.278056
DS.d359.s0.i1 -1.000000 0.316661
DS.d359.s0.i0 -1.000000 0.353452
DS.d121.s2.i0 1.000000 0.269434
DS.d121.s0.i0 1.000000 1.145209
DS.d121.s0.i1 1.000000 -0.017586
DS.d121.s1.i3 -1.000000 -0.398611
DS.d121.s1.i2 -1.000000 -0.395176
DS.d121.s1.i1 -1.000000 -0.467402
DS.d121.s1.i0 -1.000000 -0.441481
DS.d430.s0.i3 1.000000 -0.132074
DS.d430.s0.i2 1.000000 0.059062
DS.d430.s0.i1 1.000000 -0.095245
DS.d430.s0.i0 1.000000 -0.010695
DS.d277.s0.i0 1.000000 0.733289
DS.d108.s3.i0 -1.000000 -0.248269
DS.d108.s3.i1 -1.000000 -0.301132
DS.d108.s2.i0 -1.000000 -0.003179
DS.d108.s1.i0 -1.000000 -0.328363
DS.d108.s1.i1 -1.000000 -0.291909
DS.d108.s0.i3 -1.000000 -0.261290
DS.d108.s0.i2 -1.000000 -0.099452
DS.d108.s0.i1 -1.000000 -0.303718
DS.d108.s0.i0 -1.000000 -0.261294
DS.d108.s0.i7 -1.000000 -0.228194
DS.d108.s0.i6 -1.000000 -0.301963
DS.d108.s0.i5 -1.000000 -0.261362
DS.d108.s0.i4 -1.000000 -0.201642
DS.d433.s2.i0 1.000000 0.670828
DS.d433.s3.i0 1.000000 0.693656
DS.d433.s0.i0 1.000000 0.457518
DS.d433.s1.i2 1.000000 0.070600
DS.d433.s1.i1 1.000000 0.154840
DS.d433.s1.i0 1.000000 0.126405
DS.d695.s0.i0 1.000000 0.687568
DS.d695.s0.i1 1.000000 0.690136
DS.d695.s1.i1 1.000000 -0.019272
DS.d695.s1.i0 1.000000 0.316443
DS.d695.s1.i2 -1.000000 -0.536423
DS.d695.s2.i0 1.000000 0.608550
DS.d695.s2.i1 1.000000 0.396065
DS.d272.s3.i0 1.000000 0.900330
DS.d272.s2.i0 1.000000 0.896037
DS.d272.s1.i0 1.000000 -0.752691
DS.d272.s1.i1 1.000000 -0.585729
DS.d272.s1.i2 1.000000 -0.696345
DS.d272.s0.i2 1.000000 -0.327736
DS.d272.s0.i1 1.000000 -0.160147
DS.d272.s0.i0 1.000000 -0.321853
DS.d272.s4.i0 -1.000000 -0.068357
DS.d792.s0.i0 1.000000 0.298366
DS.d792.s0.i1 -1.000000 0.004054
DS.d256.s0.i1 -1.000000 0.211718
DS.d256.s0.i0 -1.000000 0.068209
DS.d256.s0.i3 -1.000000 0.045003
DS.d256.s0.i2 1.000000 -0.300547
DS.d497.s0.i0 1.000000 0.646516
DS.d497.s1.i1 1.000000 -0.050706
DS.d497.s1.i0 1.000000 -0.019280
DS.d496.s1.i0 1.000000 1.022682
DS.d496.s0.i1 -1.000000 0.388839
DS.d496.s0.i0 -1.000000 0.256021
DS.d634.s0.i5 1.000000 0.717662
DS.d634.s0.i4 1.000000 0.820538
DS.d634.s0.i7 1.000000 0.663599
DS.d634.s0.i6 1.000000 0.653848
DS.d634.s0.i1 1.000000 0.831106
DS.d634.s0.i0 1.000000 0.671892
DS.d634.s0.i3 1.000000 0.830067
DS.d634.s0.i2 1.000000 0.617379
DS.d711.s0.i0 -1.000000 0.210152
DS.d738.s0.i0 1.000000 0.810939
DS.d738.s0.i1 1.000000 0.682243
DS.d738.s1.i0 -1.000000 0.101272
DS.d64.s0.i0 -1.000000 -0.344163
DS.d822.s0.i0 -1.000000 0.492541
DS.d737.s1.i0 -1.000000 -0.058942
DS.d737.s1.i1 1.000000 0.687858
DS.d737.s0.i2 -1.000000 0.462527
DS.d737.s0.i1 -1.000000 0.711340
DS.d737.s0.i0 -1.000000 0.520697
DS.d393.s1.i2 -1.000000 -0.355006
DS.d393.s1.i3 -1.000000 -0.349595
DS.d393.s1.i0 -1.000000 -0.163644
DS.d393.s1.i1 -1.000000 -0.114243
DS.d393.s0.i1 -1.000000 -0.199316
DS.d393.s0.i0 -1.000000 -0.118995
DS.d393.s0.i3 -1.000000 -0.076567
DS.d393.s0.i2 -1.000000 -0.152729
DS.d578.s0.i2 -1.000000 -0.047391
DS.d578.s0.i0 -1.000000 0.065129
DS.d578.s0.i1 -1.000000 -0.015715
DS.d827.s0.i2 -1.000000 -0.137094
DS.d827.s0.i1 -1.000000 0.114946
DS.d827.s0.i0 -1.000000 -0.028042
DS.d536.s0.i0 1.000000 0.641614
DS.d536.s0.i1 1.000000 0.582774
DS.d536.s0.i2 1.000000 0.597918
DS.d536.s0.i3 1.000000 0.668126
DS.d536.s1.i1 1.000000 0.590935
DS.d536.s1.i0 -1.000000 -0.214604
DS.d138.s0.i0 1.000000 0.895302
DS.d138.s1.i0 1.000000 0.388988
DS.d138.s2.i0 1.000000 0.725332
DS.d138.s3.i0 1.000000 0.794721
DS.d28.s1.i0 1.000000 1.221023
DS.d28.s1.i1 1.000000 1.441972
DS.d28.s0.i2 1.000000 0.603612
DS.d28.s0.i1 1.000000 0.701812
DS.d28.s0.i0 1.000000 0.542809
DS.d4.s0.i0 -1.000000 0.268694
DS.d4.s0.i1 -1.000000 0.424112
DS.d781.s0.i0 1.000000 0.944179
DS.d781.s1.i1 1.000000 0.767121
DS.d781.s1.i0 1.000000 0.603023
DS.d548.s0.i1 -1.000000 0.240662
DS.d548.s0.i0 -1.000000 0.053465
DS.d23.s0.i10 -1.000000 -0.569125
DS.d23.s0.i11 -1.000000 -0.440245
DS.d23.s0.i4 -1.000000 -0.575061
DS.d23.s0.i5 -1.000000 -0.405872
DS.d23.s0.i6 -1.000000 -0.284367
DS.d23.s0.i7 -1.000000 -0.409986
DS.d23.s0.i0 -1.000000 -0.327287
DS.d23.s0.i1 -1.000000 -0.537100
DS.d23.s0.i2 -1.000000 -0.419691
DS.d23.s0.i3 -1.000000 -0.311419
DS.d23.s0.i12 -1.000000 -0.578824
DS.d23.s0.i8 -1.000000 -0.706184
DS.d23.s0.i9 -1.000000 -0.619863
DS.d23.s0.i13 -1.000000 -0.454678
DS.d436.s0.i0 1.000000 0.336172
DS.d199.s0.i1 1.000000 0.507085
DS.d199.s0.i0 1.000000 0.452984
DS.d221.s0.i0 1.000000 0.749097
DS.d223.s1.i0 1.000000 0.566733
DS.d223.s1.i1 1.000000 0.647014
DS.d223.s0.i1 -1.000000 -0.477091
DS.d223.s0.i0 1.000000 0.257488
DS.d420.s0.i0 1.000000 0.841792
DS.d420.s1.i0 1.000000 0.364362
DS.d720.s3.i0 1.000000 0.475895
DS.d720.s3.i1 1.000000 -0.441157
DS.d720.s2.i0 1.000000 0.717285
DS.d720.s1.i0 -1.000000 -0.688839
DS.d720.s1.i1 -1.000000 -0.688839
DS.d720.s1.i2 1.000000 -0.174424
DS.d720.s1.i3 1.000000 0.025999
DS.d720.s0.i1 -1.000000 -1.041857
DS.d720.s0.i0 1.000000 -0.590724
DS.d341.s2.i0 1.000000 0.534590
DS.d341.s2.i1 -1.000000 0.054127
DS.d341.s0.i1 1.000000 0.870229
DS.d341.s1.i1 -1.000000 0.692164
DS.d341.s1.i0 -1.000000 0.340533
DS.d323.s0.i0 1.000000 -0.094960
DS.d611.s0.i0 1.000000 0.929836
DS.d369.s0.i0 1.000000 0.317990
DS.d369.s1.i0 1.000000 0.321114
DS.d368.s0.i0 1.000000 0.188726
DS.d678.s0.i1 -1.000000 -0.309150
DS.d678.s0.i0 -1.000000 -0.169938
DS.d678.s0.i3 -1.000000 -0.260782
DS.d678.s0.i2 -1.000000 -0.157934
DS.d509.s0.i2 -1.000000 -0.349329
DS.d509.s0.i0 -1.000000 -0.326727
DS.d509.s0.i1 -1.000000 -0.291751
DS.d760.s1.i0 1.000000 0.682861
DS.d760.s0.i0 1.000000 0.176965
DS.d95.s0.i3 -1.000000 -0.191967
DS.d95.s0.i2 -1.000000 0.095756
DS.d95.s0.i1 -1.000000 -0.114176
DS.d95.s0.i0 -1.000000 -0.158331
DS.d785.s0.i1 1.000000 0.191115
DS.d625.s1.i0 1.000000 0.273766
DS.d625.s1.i1 1.000000 0.306789
DS.d625.s0.i3 -1.000000 0.311153
DS.d625.s0.i2 -1.000000 -0.107758
DS.d625.s0.i1 -1.000000 -0.222783
DS.d625.s0.i0 -1.000000 0.325819
DS.d343.s0.i0 1.000000 0.854147
DS.d343.s0.i1 1.000000 0.854147
DS.d782.s0.i0 1.000000 0.797258
DS.d367.s0.i2 -1.000000 0.095272
DS.d805.s0.i2 -1.000000 -0.633662
DS.d805.s0.i1 -1.000000 -0.194529
DS.d805.s0.i0 -1.000000 -0.143429
DS.d655.s0.i0 1.000000 0.333585
DS.d655.s0.i1 1.000000 -0.108245
DS.d655.s1.i1 1.000000 0.275466
DS.d655.s1.i0 -1.000000 0.104781
DS.d655.s1.i2 -1.000000 0.089444
DS.d811.s0.i0 1.000000 0.879378
DS.d811.s1.i1 1.000000 1.035799
DS.d811.s1.i0 1.000000 1.121873
DS.d564.s0.i1 -1.000000 -0.673387
DS.d564.s0.i0 -1.000000 -0.601109
DS.d557.s0.i0 1.000000 1.211080
DS.d562.s1.i0 1.000000 0.353970
DS.d562.s0.i0 -1.000000 0.480398
DS.d482.s0.i0 -1.000000 -0.185009
DS.d482.s0.i1 -1.000000 -0.284246
DS.d623.s1.i0 1.000000 1.258618
DS.d623.s1.i1 1.000000 1.166759
DS.d623.s0.i1 1.000000 1.586232
DS.d623.s0.i0 1.000000 1.460808
DS.d623.s3.i0 1.000000 0.278161
DS.d623.s3.i1 1.000000 0.942940
DS.d623.s2.i3 1.000000 0.966574
DS.d623.s2.i2 1.000000 0.771679
DS.d623.s2.i1 1.000000 0.940414
DS.d623.s2.i0 1.000000 0.909846
DS.d623.s4.i1 -1.000000 0.699670
DS.d623.s4.i0 1.000000 0.224427
DS.d623.s4.i3 1.000000 0.037783
DS.d623.s4.i2 1.000000 0.323597
DS.d769.s0.i0 1.000000 0.544150
DS.d382.s0.i0 1.000000 1.038301
DS.d521.s0.i0 1.000000 0.950773
DS.d521.s0.i1 1.000000 0.852390
DS.d726.s0.i0 1.000000 0.759333
DS.d540.s1.i0 -1.000000 0.135907
DS.d540.s0.i0 1.000000 0.934765
DS.d603.s0.i1 1.000000 0.420278
DS.d603.s0.i0 -1.000000 0.518673
DS.d524.s0.i0 1.000000 0.191984
DS.d622.s0.i0 1.000000 0.895749
DS.d622.s1.i0 1.000000 1.228831
DS.d661.s0.i0 1.000000 0.778104
DS.d618.s1.i0 -1.000000 0.600931
DS.d618.s0.i1 1.000000 0.490586
DS.d618.s0.i0 1.000000 0.170273
DS.d777.s0.i0 -1.000000 0.100608
