DS2.d7.s0.i0 -1 -0.900603698898
DS2.d9.s0.i0 1.0 0.609075649908
DS2.d9.s0.i1 1.0 0.712888608858
DS2.d22.s0.i0 1.0 1.28774066918
DS2.d26.s0.i0 -1 0.601278158326
DS2.d26.s0.i1 -1 0.313118436044
DS2.d26.s0.i2 -1 0.439057505281
DS2.d26.s0.i3 -1 0.0356764403681
DS2.d26.s0.i4 -1 0.488203331973
DS2.d26.s0.i5 -1 0.41995776247
DS2.d26.s0.i6 -1 0.0119909521192
DS2.d26.s0.i7 -1 0.289432947795
DS2.d29.s0.i0 1.0 0.484139630521
DS2.d39.s0.i0 1.0 1.42856023864
DS2.d39.s1.i0 1.0 1.26357592958
DS2.d39.s2.i0 1.0 0.902077306382
DS2.d42.s0.i0 -1 1.53672345882
DS2.d42.s0.i1 -1 0.484336598796
DS2.d42.s0.i2 -1 0.491418048844
DS2.d42.s0.i3 -1 1.34031053413
DS2.d42.s0.i4 -1 1.2208439262
DS2.d42.s0.i5 -1 1.23694479764
DS2.d42.s0.i6 -1 1.55694671291
DS2.d42.s0.i7 -1 -0.0595073821066
DS2.d42.s0.i8 -1 0.950853335366
DS2.d42.s0.i9 -1 1.6242563304
DS2.d42.s0.i10 -1 1.46258795209
DS2.d42.s0.i11 -1 1.58158325118
DS2.d66.s0.i0 1.0 0.898737675028
DS2.d66.s0.i1 1.0 0.223490776503
DS2.d74.s0.i0 1.0 0.900525786235
DS2.d74.s0.i1 1.0 1.04566559575
DS2.d74.s0.i2 -1 0.98470598715
DS2.d94.s0.i0 1.0 0.996402094461
DS2.d94.s0.i1 1.0 1.55007152443
DS2.d99.s0.i0 1.0 -1.11699959464
DS2.d99.s0.i1 1.0 -1.07787540635
DS2.d99.s0.i2 1.0 -1.1229136534
DS2.d99.s0.i3 1.0 -0.339682147486
DS2.d99.s0.i4 1.0 -1.1466852813
DS2.d99.s0.i5 -1 -1.00778579393
DS2.d99.s0.i6 -1 -1.09210245008
DS2.d109.s0.i0 -1 0.740590750128
DS2.d111.s0.i0 -1 1.53030809993
DS2.d111.s0.i1 -1 0.409225467173
DS2.d111.s0.i2 -1 -0.645527977686
DS2.d136.s0.i0 -1 -0.765974036111
DS2.d140.s0.i0 1.0 1.04488075821
DS2.d140.s0.i1 1.0 0.956217095697
DS2.d140.s0.i2 1.0 1.04488075821
DS2.d140.s0.i3 1.0 0.956217095697
DS2.d140.s0.i4 1.0 1.80499299617
DS2.d140.s0.i5 1.0 1.71236038662
DS2.d140.s1.i0 1.0 0.916885468597
DS2.d140.s1.i1 1.0 1.18099727299
DS2.d140.s2.i0 1.0 1.4215555149
DS2.d140.s3.i0 1.0 1.91699239595
DS2.d140.s3.i1 1.0 1.46159616556
DS2.d140.s4.i0 1.0 0.576086236036
DS2.d140.s4.i1 1.0 1.42000251715
DS2.d140.s4.i2 1.0 1.25071230379
DS2.d140.s4.i3 1.0 0.273595079681
DS2.d140.s4.i4 1.0 1.58016444374
DS2.d140.s4.i5 1.0 -0.786410041308
DS2.d140.s4.i6 1.0 1.34060123577
DS2.d140.s4.i7 1.0 1.35699743955
DS2.d144.s0.i0 1.0 1.52848313454
DS2.d145.s0.i0 1.0 -0.282290483597
DS2.d145.s0.i1 -1 0.515929246587
DS2.d145.s0.i2 1.0 -0.310079740454
DS2.d145.s1.i0 -1 -0.23560426526
DS2.d145.s1.i1 -1 -0.407387857127
DS2.d145.s1.i2 -1 -0.427816887604
DS2.d148.s0.i0 -1 -0.491806978312
DS2.d148.s0.i1 -1 -0.502842558592
DS2.d150.s0.i0 1.0 0.540169746936
DS2.d157.s0.i0 -1 0.326551871732
DS2.d157.s0.i1 -1 0.88125301904
DS2.d157.s0.i2 -1 -0.883258397808
DS2.d157.s0.i3 -1 -0.883258397808
DS2.d157.s0.i4 -1 -0.726593291613
DS2.d157.s0.i5 -1 -0.553660954073
DS2.d157.s0.i6 -1 -0.979523949859
DS2.d157.s0.i7 -1 0.358514869493
DS2.d157.s0.i8 -1 -0.557931621638
DS2.d157.s0.i9 -1 0.667930338342
DS2.d162.s0.i0 -1 1.28551190262
DS2.d165.s0.i0 -1 -0.365972192414
DS2.d165.s1.i0 1.0 0.325327223141
DS2.d165.s1.i1 1.0 0.480163247718
DS2.d165.s2.i0 1.0 0.521934982195
DS2.d165.s3.i0 1.0 1.29520011033
DS2.d182.s0.i0 -1 1.09330737901
DS2.d186.s0.i0 1.0 0.991246587359
DS2.d186.s0.i1 1.0 0.10223441071
DS2.d202.s0.i0 1.0 -0.0879953421555
DS2.d230.s0.i0 1.0 1.65138495238
DS2.d242.s0.i0 -1 -0.0828482356213
DS2.d264.s0.i0 -1 0.901649617861
DS2.d284.s0.i0 1.0 1.36892932499
DS2.d320.s0.i0 1.0 -0.653390992774
DS2.d338.s0.i0 1.0 0.582671067696
DS2.d350.s0.i0 1.0 1.42288399492
DS2.d355.s0.i0 1.0 1.88339550725
DS2.d355.s0.i1 1.0 1.8779090535
DS2.d360.s0.i0 1.0 0.794909319225
DS2.d362.s0.i0 1.0 0.823197149993
DS2.d389.s0.i0 1.0 1.72691331171
DS2.d389.s0.i1 1.0 1.32858539269
DS2.d396.s0.i0 -1 1.1532436488
DS2.d396.s0.i1 1.0 1.89204508867
DS2.d396.s0.i2 1.0 1.67432760711
DS2.d396.s0.i3 -1 0.807249686541
DS2.d401.s0.i0 -1 -1.34561674747
DS2.d401.s1.i0 1.0 0.0940640736364
DS2.d416.s0.i0 1.0 1.29841976208
DS2.d424.s0.i0 1.0 1.05485934077
DS2.d424.s1.i0 1.0 0.960262364379
DS2.d424.s1.i1 1.0 1.00340757439
DS2.d426.s0.i0 1.0 0.372017893871
DS2.d426.s0.i1 1.0 0.257300531303
DS2.d437.s0.i0 1.0 0.409339199063
DS2.d437.s1.i0 1.0 1.29792107005
DS2.d442.s0.i0 -1 0.0816130895864
DS2.d442.s1.i0 1.0 0.799978555207
DS2.d447.s0.i0 1.0 0.659751451314
DS2.d447.s1.i0 1.0 1.53238671334
DS2.d452.s0.i0 -1 -0.774388639044
DS2.d461.s0.i0 1.0 1.22149385487
DS2.d468.s0.i0 1.0 1.43566814144
DS2.d468.s0.i1 -1 1.20664152038
DS2.d468.s1.i0 1.0 1.31677737014
DS2.d468.s1.i1 1.0 1.13375808485
DS2.d468.s2.i0 -1 1.91940647344
DS2.d469.s0.i0 -1 -0.349597136299
DS2.d469.s0.i1 -1 -0.349597136299
DS2.d469.s0.i2 1.0 0.693927265236
DS2.d469.s0.i3 1.0 0.89795683428
DS2.d469.s0.i4 -1 -0.349597136299
DS2.d490.s0.i0 1.0 -0.280170065177
DS2.d490.s0.i1 1.0 0.0137937461296
DS2.d511.s0.i0 -1 0.37232973944
DS2.d511.s0.i1 1.0 0.895858308534
DS2.d511.s0.i2 1.0 1.05915082991
DS2.d516.s0.i0 1.0 1.39274163195
DS2.d516.s0.i1 -1 1.69156650336
DS2.d516.s1.i0 1.0 0.671084376863
DS2.d518.s0.i0 -1 0.547040299916
DS2.d518.s1.i0 1.0 0.583839198539
DS2.d536.s0.i0 1.0 1.93706816349
DS2.d545.s0.i0 -1 0.216636329407
DS2.d545.s0.i1 -1 -0.177580920402
DS2.d548.s0.i0 1.0 -0.418769067696
DS2.d548.s0.i1 1.0 -0.393272287049
DS2.d548.s0.i2 1.0 0.0584381356759
DS2.d548.s0.i3 1.0 -0.596394842258
DS2.d548.s0.i4 1.0 -0.0295534286375
DS2.d548.s0.i5 1.0 0.215314160986
DS2.d548.s0.i6 1.0 -0.166353938025
DS2.d548.s0.i7 1.0 -0.416673254175
DS2.d549.s0.i0 1.0 0.237699956022
DS2.d549.s1.i0 1.0 1.01035861912
DS2.d549.s1.i1 1.0 1.18049553045
DS2.d549.s1.i2 1.0 -0.242049983655
DS2.d549.s1.i3 1.0 -1.00426427316
DS2.d561.s0.i0 -1 -0.601095843365
DS2.d561.s1.i0 -1 -0.0820467489488
DS2.d561.s2.i0 -1 -0.468491145106
DS2.d561.s3.i0 -1 -0.767176546555
DS2.d561.s3.i1 -1 -0.155975912533
DS2.d572.s0.i0 1.0 1.69896281526
DS2.d573.s0.i0 1.0 0.882458463004
DS2.d573.s1.i0 1.0 0.615086872699
DS2.d584.s0.i0 -1 0.0266246043527
DS2.d584.s0.i1 -1 0.534290834641
DS2.d611.s0.i0 1.0 1.54683195542
DS2.d613.s0.i0 1.0 0.669503898606
DS2.d613.s0.i1 -1 0.563108298656
DS2.d627.s0.i0 -1 -0.210710021664
DS2.d627.s0.i1 -1 -0.0866185022754
DS2.d630.s0.i0 -1 1.2963970681
DS2.d632.s0.i0 1.0 0.972434838513
DS2.d657.s0.i0 1.0 1.58539364773
DS2.d657.s0.i1 1.0 1.5714436727
DS2.d657.s1.i0 1.0 1.23055627027
DS2.d657.s1.i1 1.0 0.91815174524
DS2.d657.s2.i0 1.0 1.59110740505
DS2.d657.s3.i0 1.0 0.915217587111
DS2.d659.s0.i0 -1 -0.252241166324
DS2.d684.s0.i0 -1 0.716042526263
DS2.d684.s0.i1 1.0 0.530718785687
DS2.d684.s1.i0 -1 -0.395477632579
DS2.d684.s1.i1 -1 0.100888568368
DS2.d684.s1.i2 1.0 0.837220072097
DS2.d684.s1.i3 1.0 0.0287647383787
DS2.d689.s0.i0 -1 0.523031602785
DS2.d696.s0.i0 1.0 1.08930488284
DS2.d696.s0.i1 1.0 1.08930488284
DS2.d697.s0.i0 1.0 0.199378639098
DS2.d709.s0.i0 1.0 0.513174960037
DS2.d709.s1.i0 1.0 0.446525798615
DS2.d717.s0.i0 1.0 -0.742658516695
DS2.d717.s0.i1 1.0 -0.286745124923
DS2.d731.s0.i0 1.0 0.733202349665
DS2.d740.s0.i0 1.0 -1.16160346028
DS2.d748.s0.i0 1.0 1.46973888017
DS2.d767.s0.i0 -1 -0.261542714177
DS2.d790.s0.i0 1.0 0.857615824385
DS2.d790.s1.i0 -1 0.854282974237
DS2.d793.s0.i0 1.0 0.388317943081
DS2.d835.s0.i0 1.0 1.40847519048
DS2.d843.s0.i0 -1 -1.52338113095
DS2.d843.s1.i0 -1 -1.08201603288
DS2.d847.s0.i0 1.0 0.205631330394
DS2.d847.s0.i1 -1 -0.775047816997
DS2.d862.s0.i0 -1 0.0547882689524
DS2.d864.s0.i0 1.0 0.521172795475
DS2.d864.s1.i0 1.0 1.02758196864
DS2.d864.s1.i1 1.0 1.03218985262
DS2.d865.s0.i0 1.0 -0.259261610755
DS2.d869.s0.i0 1.0 1.83038929379
DS2.d869.s0.i1 1.0 1.83038929379
DS2.d885.s0.i0 -1 0.806406594226
DS2.d885.s1.i0 -1 0.417355685573
DS2.d885.s1.i1 -1 0.319903140054
DS2.d885.s1.i2 -1 0.428147793535
DS2.d885.s1.i3 -1 0.399792961564
DS2.d888.s0.i0 1.0 0.72208931755
DS2.d892.s0.i0 -1 -1.30083966636
DS2.d892.s0.i1 -1 -0.249694085036
DS2.d892.s0.i2 -1 -0.444875616706
DS2.d892.s0.i3 -1 -0.288176111042
DS2.d892.s0.i4 -1 -0.573970543406
DS2.d892.s0.i5 -1 0.0487144009661
DS2.d892.s0.i6 -1 -0.106588738873
DS2.d892.s0.i7 -1 -1.49801047975
DS2.d892.s1.i0 -1 -0.310501988389
DS2.d892.s1.i1 -1 -0.35784216666
DS2.d892.s1.i2 -1 -0.381011727192
DS2.d894.s0.i0 1.0 0.257728956188
DS2.d899.s0.i0 1.0 0.580835391497
DS2.d910.s0.i0 1.0 -0.308950076631
DS2.d910.s0.i1 1.0 -0.234015553804
DS2.d949.s0.i0 -1 0.458355758044
DS2.d949.s0.i1 1.0 1.42153346504
DS2.d949.s0.i2 1.0 1.42064500755
DS2.d949.s1.i0 -1 0.368794570127
DS2.d949.s1.i1 1.0 1.6520039561
DS2.d949.s1.i2 1.0 1.02904584592
DS2.d949.s2.i0 1.0 1.31479600646
DS2.d949.s3.i0 -1 1.52100193335
DS2.d961.s0.i0 -1 -0.477437086262
DS2.d961.s0.i1 -1 -0.649865474924
DS2.d963.s0.i0 -1 -1.45075008355
DS2.d963.s0.i1 -1 -0.921305059298
DS2.d980.s0.i0 -1 -1.00580227871
DS2.d980.s0.i1 -1 -1.51168587641
DS2.d980.s1.i0 -1 -0.884323303107
DS2.d988.s0.i0 -1 0.394205955732
DS2.d996.s0.i0 -1 -1.03474870877
DS2.d996.s1.i0 -1 -0.282131861423
DS2.d996.s2.i0 -1 -0.174684398934
DS2.d996.s3.i0 -1 -1.06569676734
DS2.d1010.s0.i0 -1 0.367348167096
DS2.d1025.s0.i0 1.0 0.601557559594
DS2.d1025.s0.i1 1.0 0.642664717375
DS2.d1025.s1.i0 1.0 0.674289962491
DS2.d1025.s1.i1 1.0 1.09659765716
DS2.d1031.s0.i0 1.0 0.608623221156
DS2.d1031.s0.i1 1.0 0.608623221156
DS2.d1037.s0.i0 1.0 0.382511765298
DS2.d1037.s0.i1 1.0 0.475991311552
DS2.d1037.s0.i2 1.0 0.513347337361
DS2.d1037.s0.i3 1.0 0.412351272841
DS2.d1045.s0.i0 1.0 0.76434570264
DS2.d1045.s0.i1 1.0 0.340140382117
DS2.d1051.s0.i0 1.0 0.961131093883
DS2.d1061.s0.i0 1.0 2.18748898604
DS2.d1065.s0.i0 1.0 1.21153472329
DS2.d1065.s0.i1 1.0 1.24242267823
DS2.d1065.s0.i2 1.0 1.03362693098
DS2.d1065.s0.i3 1.0 1.24358396009
DS2.d1065.s0.i4 1.0 0.710950435439
