DS2.d7.s0.i0 -1 -1.62523546062
DS2.d9.s0.i0 1.0 0.613530839798
DS2.d9.s0.i1 1.0 0.802202228212
DS2.d22.s0.i0 1.0 1.34307452456
DS2.d26.s0.i0 -1 0.943436324502
DS2.d26.s0.i1 -1 -0.262939565482
DS2.d26.s0.i2 -1 0.674982035666
DS2.d26.s0.i3 -1 -0.621453334128
DS2.d26.s0.i4 -1 0.31646826702
DS2.d26.s0.i5 -1 0.584922555856
DS2.d26.s0.i6 -1 -1.05035653159
DS2.d26.s0.i7 -1 -0.691842762947
DS2.d29.s0.i0 1.0 0.779490007025
DS2.d39.s0.i0 1.0 1.24076579184
DS2.d39.s1.i0 1.0 1.38378433494
DS2.d39.s2.i0 1.0 0.959498708557
DS2.d42.s0.i0 -1 0.986929937957
DS2.d42.s0.i1 -1 -0.00464373893884
DS2.d42.s0.i2 -1 0.151755137461
DS2.d42.s0.i3 -1 1.05546063605
DS2.d42.s0.i4 -1 0.594684620163
DS2.d42.s0.i5 -1 0.751083496563
DS2.d42.s0.i6 -1 1.14332881436
DS2.d42.s0.i7 -1 -0.776304345324
DS2.d42.s0.i8 -1 -0.072294317307
DS2.d42.s0.i9 -1 0.866432028338
DS2.d42.s0.i10 -1 1.30426528461
DS2.d42.s0.i11 -1 1.46066416101
DS2.d66.s0.i0 1.0 1.07181311692
DS2.d66.s0.i1 1.0 0.231314954705
DS2.d74.s0.i0 1.0 0.209349380721
DS2.d74.s0.i1 1.0 0.301193445101
DS2.d74.s0.i2 -1 0.944403073105
DS2.d94.s0.i0 1.0 0.920147774377
DS2.d94.s0.i1 1.0 1.55121593156
DS2.d99.s0.i0 1.0 -1.29021977515
DS2.d99.s0.i1 1.0 -1.34378946692
DS2.d99.s0.i2 1.0 -1.2714154983
DS2.d99.s0.i3 1.0 -0.283938142903
DS2.d99.s0.i4 1.0 -1.34467523655
DS2.d99.s0.i5 -1 -0.920995401716
DS2.d99.s0.i6 -1 -1.31377365752
DS2.d109.s0.i0 -1 0.175947556743
DS2.d111.s0.i0 -1 0.982268954223
DS2.d111.s0.i1 -1 1.23591780919
DS2.d111.s0.i2 -1 -1.02140845388
DS2.d136.s0.i0 -1 -1.03658536104
DS2.d140.s0.i0 1.0 0.562939366751
DS2.d140.s0.i1 1.0 0.324738381489
DS2.d140.s0.i2 1.0 0.562939366751
DS2.d140.s0.i3 1.0 0.324738381489
DS2.d140.s0.i4 1.0 1.29986951541
DS2.d140.s0.i5 1.0 1.01589368499
DS2.d140.s1.i0 1.0 0.79372462948
DS2.d140.s1.i1 1.0 0.86763267653
DS2.d140.s2.i0 1.0 1.41224575599
DS2.d140.s3.i0 1.0 2.62955547692
DS2.d140.s3.i1 1.0 2.09087503663
DS2.d140.s4.i0 1.0 -0.139874133621
DS2.d140.s4.i1 1.0 1.23679911574
DS2.d140.s4.i2 1.0 1.1736546133
DS2.d140.s4.i3 1.0 0.394986424933
DS2.d140.s4.i4 1.0 1.65213097294
DS2.d140.s4.i5 1.0 -0.784834547286
DS2.d140.s4.i6 1.0 1.4709912566
DS2.d140.s4.i7 1.0 1.31809257478
DS2.d144.s0.i0 1.0 1.48408214131
DS2.d145.s0.i0 1.0 0.373492392464
DS2.d145.s0.i1 -1 0.972153580689
DS2.d145.s0.i2 1.0 0.106375213152
DS2.d145.s1.i0 -1 -0.605932866628
DS2.d145.s1.i1 -1 -1.13602134152
DS2.d145.s1.i2 -1 -0.788451595348
DS2.d148.s0.i0 -1 -1.05070177357
DS2.d148.s0.i1 -1 -1.00161082623
DS2.d150.s0.i0 1.0 0.80826688249
DS2.d157.s0.i0 -1 -0.0879782582854
DS2.d157.s0.i1 -1 0.10392933939
DS2.d157.s0.i2 -1 -1.17530568925
DS2.d157.s0.i3 -1 -1.17530568925
DS2.d157.s0.i4 -1 -0.965683983796
DS2.d157.s0.i5 -1 -0.900051413544
DS2.d157.s0.i6 -1 -1.32296664052
DS2.d157.s0.i7 -1 0.119894209237
DS2.d157.s0.i8 -1 -0.899979785677
DS2.d157.s0.i9 -1 0.570326837183
DS2.d162.s0.i0 -1 1.14909578676
DS2.d165.s0.i0 -1 -0.629715838126
DS2.d165.s1.i0 1.0 0.359453917821
DS2.d165.s1.i1 1.0 0.48574394605
DS2.d165.s2.i0 1.0 0.0555684658411
DS2.d165.s3.i0 1.0 0.822472732576
DS2.d182.s0.i0 -1 1.18279159213
DS2.d186.s0.i0 1.0 0.225824207728
DS2.d186.s0.i1 1.0 -0.462987682071
DS2.d202.s0.i0 1.0 0.0646311845464
DS2.d230.s0.i0 1.0 1.76614270238
DS2.d242.s0.i0 -1 -0.233287820594
DS2.d264.s0.i0 -1 1.01466784309
DS2.d284.s0.i0 1.0 1.03818248394
DS2.d320.s0.i0 1.0 -0.623716922717
DS2.d338.s0.i0 1.0 0.917806809689
DS2.d350.s0.i0 1.0 1.26720767347
DS2.d355.s0.i0 1.0 1.88853566287
DS2.d355.s0.i1 1.0 1.84264197065
DS2.d360.s0.i0 1.0 0.782888039704
DS2.d362.s0.i0 1.0 0.744341581093
DS2.d389.s0.i0 1.0 1.87534920509
DS2.d389.s0.i1 1.0 1.46878375202
DS2.d396.s0.i0 -1 0.419998974735
DS2.d396.s0.i1 1.0 1.24275615587
DS2.d396.s0.i2 1.0 1.62401392115
DS2.d396.s0.i3 -1 0.68205485018
DS2.d401.s0.i0 -1 -2.21552313695
DS2.d401.s1.i0 1.0 0.0398081073574
DS2.d416.s0.i0 1.0 1.2910542215
DS2.d424.s0.i0 1.0 0.924181973186
DS2.d424.s1.i0 1.0 0.800944038792
DS2.d424.s1.i1 1.0 0.699183995586
DS2.d426.s0.i0 1.0 0.185281002365
DS2.d426.s0.i1 1.0 0.165165467599
DS2.d437.s0.i0 1.0 0.229760017545
DS2.d437.s1.i0 1.0 1.08635258742
DS2.d442.s0.i0 -1 -0.0615802248128
DS2.d442.s1.i0 1.0 0.466402945661
DS2.d447.s0.i0 1.0 1.02356364919
DS2.d447.s1.i0 1.0 2.22962585788
DS2.d452.s0.i0 -1 -1.28910999829
DS2.d461.s0.i0 1.0 1.63922343966
DS2.d468.s0.i0 1.0 1.31140583209
DS2.d468.s0.i1 -1 1.64691885794
DS2.d468.s1.i0 1.0 1.43839895349
DS2.d468.s1.i1 1.0 1.50457547608
DS2.d468.s2.i0 -1 2.22661691554
DS2.d469.s0.i0 -1 -0.677429683069
DS2.d469.s0.i1 -1 -0.677429683069
DS2.d469.s0.i2 1.0 -0.555683841839
DS2.d469.s0.i3 1.0 0.461761345383
DS2.d469.s0.i4 -1 -0.677429683069
DS2.d490.s0.i0 1.0 -0.869204594244
DS2.d490.s0.i1 1.0 -0.708248652229
DS2.d511.s0.i0 -1 0.0299788446485
DS2.d511.s0.i1 1.0 1.03948017641
DS2.d511.s0.i2 1.0 1.25914763799
DS2.d516.s0.i0 1.0 1.15407856001
DS2.d516.s0.i1 -1 1.47257945958
DS2.d516.s1.i0 1.0 0.763020001011
DS2.d518.s0.i0 -1 0.902730280404
DS2.d518.s1.i0 1.0 0.66079329327
DS2.d536.s0.i0 1.0 1.84095966467
DS2.d545.s0.i0 -1 -0.0942327256683
DS2.d545.s0.i1 -1 -0.400232015727
DS2.d548.s0.i0 1.0 -0.648138573446
DS2.d548.s0.i1 1.0 0.206257962124
DS2.d548.s0.i2 1.0 -0.0855583212772
DS2.d548.s0.i3 1.0 0.0195647621458
DS2.d548.s0.i4 1.0 -0.172586758211
DS2.d548.s0.i5 1.0 0.740463081238
DS2.d548.s0.i6 1.0 0.26667475586
DS2.d548.s0.i7 1.0 -0.571389246898
DS2.d549.s0.i0 1.0 -0.293069485058
DS2.d549.s1.i0 1.0 0.942418737293
DS2.d549.s1.i1 1.0 1.17753463986
DS2.d549.s1.i2 1.0 -0.396064091161
DS2.d549.s1.i3 1.0 -0.928868248992
DS2.d561.s0.i0 -1 -0.954877653635
DS2.d561.s1.i0 -1 -1.23817621171
DS2.d561.s2.i0 -1 -0.663582606963
DS2.d561.s3.i0 -1 -1.24691129668
DS2.d561.s3.i1 -1 -0.239722975146
DS2.d572.s0.i0 1.0 2.2389398486
DS2.d573.s0.i0 1.0 0.911261250561
DS2.d573.s1.i0 1.0 0.518029383608
DS2.d584.s0.i0 -1 -0.235152017748
DS2.d584.s0.i1 -1 0.346053038204
DS2.d611.s0.i0 1.0 2.43327870938
DS2.d613.s0.i0 1.0 0.133479490977
DS2.d613.s0.i1 -1 0.00648061990617
DS2.d627.s0.i0 -1 -0.435496412649
DS2.d627.s0.i1 -1 -0.463518486321
DS2.d630.s0.i0 -1 1.00259839329
DS2.d632.s0.i0 1.0 0.741373995225
DS2.d657.s0.i0 1.0 1.95994906058
DS2.d657.s0.i1 1.0 1.63012698203
DS2.d657.s1.i0 1.0 0.581942406262
DS2.d657.s1.i1 1.0 0.615939492533
DS2.d657.s2.i0 1.0 1.79432371934
DS2.d657.s3.i0 1.0 0.88841689376
DS2.d659.s0.i0 -1 -0.732620991125
DS2.d684.s0.i0 -1 0.36511970556
DS2.d684.s0.i1 1.0 0.239375307942
DS2.d684.s1.i0 -1 -1.06828585206
DS2.d684.s1.i1 -1 -0.649401596069
DS2.d684.s1.i2 1.0 0.470846689283
DS2.d684.s1.i3 1.0 -0.259019075077
DS2.d689.s0.i0 -1 -0.301648516697
DS2.d696.s0.i0 1.0 0.895605583519
DS2.d696.s0.i1 1.0 0.895605583519
DS2.d697.s0.i0 1.0 -0.522544197921
DS2.d709.s0.i0 1.0 0.591860846767
DS2.d709.s1.i0 1.0 0.303663806009
DS2.d717.s0.i0 1.0 -0.278005541315
DS2.d717.s0.i1 1.0 0.13743314735
DS2.d731.s0.i0 1.0 0.745447777619
DS2.d740.s0.i0 1.0 -2.36155961648
DS2.d748.s0.i0 1.0 1.41682371648
DS2.d767.s0.i0 -1 -0.527837518927
DS2.d790.s0.i0 1.0 0.553067319994
DS2.d790.s1.i0 -1 0.821266641355
DS2.d793.s0.i0 1.0 0.460377164907
DS2.d835.s0.i0 1.0 1.58241233278
DS2.d843.s0.i0 -1 -1.89312167271
DS2.d843.s1.i0 -1 -1.3501357666
DS2.d847.s0.i0 1.0 0.0188618458154
DS2.d847.s0.i1 -1 -1.26607522789
DS2.d862.s0.i0 -1 -0.395489033429
DS2.d864.s0.i0 1.0 0.0811905376136
DS2.d864.s1.i0 1.0 0.423070326555
DS2.d864.s1.i1 1.0 0.79265129835
DS2.d865.s0.i0 1.0 -0.8086419401
DS2.d869.s0.i0 1.0 2.39626790756
DS2.d869.s0.i1 1.0 2.39626790756
DS2.d885.s0.i0 -1 -0.519500388999
DS2.d885.s1.i0 -1 -0.0600981928273
DS2.d885.s1.i1 -1 0.0929133705271
DS2.d885.s1.i2 -1 0.0614807533951
DS2.d885.s1.i3 -1 -0.0405473828109
DS2.d888.s0.i0 1.0 1.4490480401
DS2.d892.s0.i0 -1 -1.94684566312
DS2.d892.s0.i1 -1 0.0754231046835
DS2.d892.s0.i2 -1 -1.4603687479
DS2.d892.s0.i3 -1 -0.269103502144
DS2.d892.s0.i4 -1 -1.15271481176
DS2.d892.s0.i5 -1 -0.533569636612
DS2.d892.s0.i6 -1 -0.0265491453224
DS2.d892.s0.i7 -1 -1.89815996378
DS2.d892.s1.i0 -1 -0.821467793202
DS2.d892.s1.i1 -1 -0.772667190484
DS2.d892.s1.i2 -1 -0.706842670187
DS2.d894.s0.i0 1.0 0.167675409239
DS2.d899.s0.i0 1.0 0.443622785167
DS2.d910.s0.i0 1.0 -0.696034671893
DS2.d910.s0.i1 1.0 -0.543470222751
DS2.d949.s0.i0 -1 0.535075749307
DS2.d949.s0.i1 1.0 1.12359397587
DS2.d949.s0.i2 1.0 1.43693147712
DS2.d949.s1.i0 -1 0.652453351483
DS2.d949.s1.i1 1.0 1.26119148396
DS2.d949.s1.i2 1.0 1.26600563441
DS2.d949.s2.i0 1.0 1.42534798479
DS2.d949.s3.i0 -1 1.45869584051
DS2.d961.s0.i0 -1 -1.10391856764
DS2.d961.s0.i1 -1 -1.22248350289
DS2.d963.s0.i0 -1 -1.58683441711
DS2.d963.s0.i1 -1 -1.06136678613
DS2.d980.s0.i0 -1 -1.49374392609
DS2.d980.s0.i1 -1 -1.81024965505
DS2.d980.s1.i0 -1 -1.41857692932
DS2.d988.s0.i0 -1 0.202406093806
DS2.d996.s0.i0 -1 -1.20530497348
DS2.d996.s1.i0 -1 -0.727100827752
DS2.d996.s2.i0 -1 -0.729011246638
DS2.d996.s3.i0 -1 -1.29641590391
DS2.d1010.s0.i0 -1 1.07003585894
DS2.d1025.s0.i0 1.0 0.474318875549
DS2.d1025.s0.i1 1.0 0.370607444899
DS2.d1025.s1.i0 1.0 0.376076966871
DS2.d1025.s1.i1 1.0 1.2678715909
DS2.d1031.s0.i0 1.0 1.144801576
DS2.d1031.s0.i1 1.0 1.144801576
DS2.d1037.s0.i0 1.0 0.66766373719
DS2.d1037.s0.i1 1.0 0.676576980964
DS2.d1037.s0.i2 1.0 0.4036638817
DS2.d1037.s0.i3 1.0 1.06850186289
DS2.d1045.s0.i0 1.0 0.611181121544
DS2.d1045.s0.i1 1.0 -0.204628649681
DS2.d1051.s0.i0 1.0 0.926396696352
DS2.d1061.s0.i0 1.0 1.76105355341
DS2.d1065.s0.i0 1.0 1.31506892254
DS2.d1065.s0.i1 1.0 1.29234975293
DS2.d1065.s0.i2 1.0 1.03898041885
DS2.d1065.s0.i3 1.0 1.340565053
DS2.d1065.s0.i4 1.0 0.748772630108
