DS.d1365.s0.i0 -1.000000 -0.350166
DS.d1365.s0.i1 -1.000000 -0.398049
DS.d1364.s0.i0 -1.000000 -0.535704
DS.d1361.s0.i0 1.000000 0.399019
DS.d1361.s1.i0 1.000000 0.019007
DS.d1049.s0.i0 -1.000000 -0.492341
DS.d1047.s0.i3 -1.000000 -0.128416
DS.d1047.s0.i2 -1.000000 -0.083008
DS.d1047.s0.i1 -1.000000 -0.122747
DS.d1047.s0.i0 -1.000000 -0.080746
DS.d1047.s0.i5 -1.000000 -0.194016
DS.d1047.s0.i4 -1.000000 -0.184352
DS.d1040.s2.i0 1.000000 -0.002272
DS.d1040.s0.i0 1.000000 0.351275
DS.d1040.s0.i1 1.000000 0.324835
DS.d1040.s1.i0 1.000000 0.277188
DS.d125.s0.i0 -1.000000 1.122457
DS.d125.s0.i1 1.000000 1.159737
DS.d253.s2.i0 1.000000 1.113721
DS.d253.s0.i0 -1.000000 1.131168
DS.d253.s1.i7 -1.000000 0.456011
DS.d253.s1.i6 -1.000000 0.380486
DS.d253.s1.i5 1.000000 0.424781
DS.d253.s1.i4 -1.000000 0.423765
DS.d253.s1.i3 1.000000 0.470716
DS.d253.s1.i2 -1.000000 0.395245
DS.d253.s1.i1 1.000000 0.500814
DS.d253.s1.i0 1.000000 0.439795
DS.d255.s0.i0 -1.000000 -0.478220
DS.d255.s0.i1 -1.000000 -0.590676
DS.d254.s2.i1 1.000000 0.673862
DS.d254.s2.i0 1.000000 0.671469
DS.d254.s1.i0 1.000000 0.310056
DS.d254.s1.i1 1.000000 0.232008
DS.d254.s0.i1 1.000000 0.722990
DS.d254.s0.i0 1.000000 0.677238
DS.d128.s0.i0 1.000000 0.091851
DS.d1172.s0.i0 -1.000000 -0.889814
DS.d1172.s0.i1 -1.000000 -0.571764
DS.d802.s0.i0 1.000000 0.346034
DS.d1449.s0.i0 1.000000 1.264790
DS.d1842.s0.i0 1.000000 0.391266
DS.d1842.s0.i1 1.000000 0.362371
DS.d316.s2.i0 1.000000 0.157027
DS.d316.s2.i1 1.000000 0.157027
DS.d316.s0.i0 1.000000 -0.003596
DS.d316.s0.i1 1.000000 -0.092884
DS.d316.s1.i1 1.000000 -0.239372
DS.d316.s1.i0 1.000000 -0.219095
DS.d1175.s0.i0 1.000000 0.759834
DS.d808.s0.i0 -1.000000 0.899271
DS.d808.s1.i1 1.000000 0.447762
DS.d808.s1.i0 -1.000000 0.225130
DS.d808.s2.i0 1.000000 0.622147
DS.d808.s2.i1 1.000000 0.560405
DS.d397.s0.i1 -1.000000 -0.601742
DS.d397.s0.i0 -1.000000 -0.235089
DS.d397.s0.i2 1.000000 -0.376796
DS.d1771.s3.i0 1.000000 -0.153092
DS.d1771.s2.i1 1.000000 -0.021656
DS.d1771.s2.i0 1.000000 -0.127588
DS.d1771.s1.i0 1.000000 0.144129
DS.d1771.s1.i1 1.000000 0.241868
DS.d1771.s1.i2 1.000000 0.089682
DS.d1771.s0.i0 1.000000 0.596359
DS.d1565.s0.i4 1.000000 0.628970
DS.d1565.s0.i5 1.000000 0.612063
DS.d1565.s0.i0 1.000000 0.424453
DS.d1565.s1.i1 -1.000000 0.595217
DS.d1565.s1.i0 -1.000000 0.692774
DS.d1565.s1.i2 1.000000 0.979338
DS.d1565.s2.i0 1.000000 0.649026
DS.d1565.s2.i1 1.000000 0.581416
DS.d1565.s3.i1 1.000000 0.707636
DS.d1565.s3.i0 1.000000 0.605085
DS.d927.s0.i2 -1.000000 0.072119
DS.d927.s0.i0 -1.000000 -0.168477
DS.d927.s0.i1 -1.000000 -0.223426
DS.d925.s0.i0 -1.000000 -1.150077
DS.d1270.s0.i3 -1.000000 -0.886205
DS.d1270.s0.i2 -1.000000 -0.819710
DS.d1270.s0.i1 -1.000000 -1.037491
DS.d1270.s0.i0 -1.000000 -0.953576
DS.d1696.s0.i0 1.000000 0.222753
DS.d1219.s0.i0 1.000000 0.667921
DS.d1219.s0.i1 1.000000 0.762009
DS.d458.s4.i0 1.000000 -0.012216
DS.d458.s1.i0 1.000000 0.730075
DS.d458.s0.i0 1.000000 1.142118
DS.d458.s3.i0 1.000000 0.501538
DS.d458.s2.i0 -1.000000 -0.072600
DS.d242.s0.i2 1.000000 0.674523
DS.d242.s0.i3 1.000000 0.586450
DS.d242.s0.i0 1.000000 0.778534
DS.d242.s0.i1 1.000000 0.663582
DS.d1692.s0.i0 -1.000000 1.184162
DS.d1117.s0.i0 1.000000 1.010937
DS.d1195.s0.i0 1.000000 0.614902
DS.d322.s1.i0 -1.000000 0.460349
DS.d322.s1.i1 -1.000000 0.501307
DS.d322.s0.i0 1.000000 0.811454
DS.d409.s0.i0 1.000000 0.048909
DS.d645.s0.i0 1.000000 1.090589
DS.d725.s0.i0 1.000000 0.551115
DS.d725.s1.i1 1.000000 1.198752
DS.d725.s1.i0 1.000000 1.198752
DS.d725.s1.i2 1.000000 0.950862
DS.d648.s0.i0 1.000000 0.237700
DS.d648.s0.i1 1.000000 0.162657
DS.d648.s0.i2 1.000000 0.349631
DS.d649.s0.i5 -1.000000 -0.305213
DS.d649.s0.i4 -1.000000 -0.327353
DS.d649.s0.i7 1.000000 -0.060334
DS.d649.s0.i6 1.000000 -0.111011
DS.d649.s0.i1 1.000000 -0.151811
DS.d649.s0.i0 -1.000000 -0.276165
DS.d649.s0.i3 1.000000 -0.134261
DS.d649.s0.i2 -1.000000 -0.238006
DS.d400.s0.i0 1.000000 -0.197364
DS.d400.s0.i1 -1.000000 -0.135302
DS.d721.s0.i2 -1.000000 0.630723
DS.d721.s0.i3 1.000000 0.458295
DS.d721.s0.i0 -1.000000 0.525533
DS.d721.s0.i1 -1.000000 0.680060
DS.d721.s0.i4 -1.000000 0.770108
DS.d721.s0.i5 -1.000000 0.212240
DS.d720.s3.i0 1.000000 1.005592
DS.d720.s3.i1 1.000000 0.146790
DS.d720.s2.i0 1.000000 0.636784
DS.d720.s1.i0 -1.000000 -0.931567
DS.d720.s1.i1 -1.000000 -0.931567
DS.d720.s1.i2 1.000000 -0.211367
DS.d720.s1.i3 1.000000 -0.003414
DS.d720.s0.i1 -1.000000 -0.953932
DS.d720.s0.i0 1.000000 -0.500275
DS.d480.s0.i0 -1.000000 0.861901
DS.d1609.s0.i0 1.000000 0.542519
DS.d837.s0.i0 1.000000 -0.224910
DS.d1600.s0.i0 1.000000 -0.131061
DS.d1600.s1.i0 -1.000000 0.908477
DS.d1762.s0.i2 -1.000000 -0.320714
DS.d1762.s0.i1 -1.000000 -0.270162
DS.d1762.s0.i0 -1.000000 -0.465073
DS.d1761.s0.i1 -1.000000 -0.451316
DS.d1761.s0.i2 -1.000000 -0.349592
DS.d1761.s0.i3 -1.000000 -0.539330
DS.d1284.s0.i0 1.000000 1.032127
DS.d1284.s1.i0 1.000000 0.439819
DS.d1765.s0.i0 1.000000 0.665931
DS.d1765.s0.i1 1.000000 0.615766
DS.d188.s0.i1 -1.000000 -0.583090
DS.d188.s0.i0 -1.000000 -0.575098
DS.d230.s0.i1 1.000000 0.688179
DS.d230.s0.i0 1.000000 0.633876
DS.d230.s0.i3 1.000000 0.595721
DS.d230.s0.i2 1.000000 0.676084
DS.d236.s0.i2 -1.000000 -0.438690
DS.d236.s0.i1 -1.000000 -0.290037
DS.d236.s0.i0 -1.000000 0.245488
DS.d1022.s0.i0 -1.000000 0.442379
DS.d1169.s0.i0 -1.000000 0.224846
DS.d1169.s1.i0 -1.000000 -0.286883
DS.d184.s2.i1 1.000000 0.231217
DS.d184.s2.i0 1.000000 0.105128
DS.d184.s1.i0 1.000000 0.557517
DS.d184.s0.i5 1.000000 0.303679
DS.d184.s0.i4 1.000000 0.154382
DS.d184.s0.i3 1.000000 0.134050
DS.d184.s0.i2 1.000000 0.339807
DS.d184.s0.i1 1.000000 0.432378
DS.d184.s0.i0 1.000000 0.413550
DS.d102.s0.i1 -1.000000 0.082062
DS.d102.s0.i0 -1.000000 -0.020346
DS.d102.s0.i2 -1.000000 -0.018904
DS.d1828.s0.i0 1.000000 0.139004
DS.d1828.s0.i1 1.000000 0.362606
DS.d106.s0.i1 1.000000 0.223625
DS.d106.s0.i0 1.000000 0.236112
DS.d1586.s0.i2 -1.000000 -0.721972
DS.d1586.s0.i1 -1.000000 -0.511078
DS.d1586.s0.i0 -1.000000 -0.697356
DS.d433.s2.i0 1.000000 0.485200
DS.d433.s3.i0 1.000000 0.894835
DS.d433.s0.i0 1.000000 0.562738
DS.d433.s1.i2 1.000000 0.146261
DS.d433.s1.i1 1.000000 0.263384
DS.d433.s1.i0 1.000000 0.229430
DS.d1820.s0.i0 1.000000 1.027380
DS.d1411.s0.i0 -1.000000 -0.121150
DS.d635.s0.i0 1.000000 0.986651
DS.d635.s0.i1 1.000000 0.664884
DS.d634.s0.i5 1.000000 0.600942
DS.d634.s0.i4 1.000000 0.682231
DS.d634.s0.i7 1.000000 0.561725
DS.d634.s0.i6 1.000000 0.622800
DS.d634.s0.i1 1.000000 0.629917
DS.d634.s0.i0 1.000000 0.559053
DS.d634.s0.i3 1.000000 0.622234
DS.d634.s0.i2 1.000000 0.613293
DS.d1515.s0.i1 1.000000 0.351622
DS.d1515.s0.i0 1.000000 0.403638
DS.d530.s0.i0 -1.000000 0.230324
DS.d909.s0.i2 -1.000000 -1.120621
DS.d909.s0.i3 -1.000000 -1.058642
DS.d909.s0.i0 -1.000000 -0.982664
DS.d909.s0.i1 -1.000000 -1.003381
DS.d909.s0.i6 -1.000000 -1.076961
DS.d909.s0.i7 -1.000000 -0.561690
DS.d909.s0.i4 -1.000000 -1.167876
DS.d909.s0.i5 -1.000000 -0.543472
DS.d1113.s0.i0 -1.000000 -0.478331
DS.d1296.s0.i0 -1.000000 -0.584121
DS.d1294.s0.i1 -1.000000 -0.941238
DS.d1294.s0.i0 -1.000000 -0.614863
DS.d46.s0.i3 -1.000000 -0.172640
DS.d46.s0.i2 -1.000000 -0.385637
DS.d46.s0.i1 -1.000000 -0.265221
DS.d46.s0.i0 -1.000000 -0.430931
DS.d46.s0.i7 -1.000000 -0.285627
DS.d46.s0.i6 -1.000000 -0.344424
DS.d46.s0.i5 -1.000000 -0.390332
DS.d46.s0.i4 -1.000000 -0.218187
DS.d1350.s0.i0 1.000000 1.345348
DS.d1350.s0.i1 1.000000 1.312958
DS.d902.s0.i1 -1.000000 -0.919526
DS.d902.s0.i0 -1.000000 -0.853742
DS.d902.s0.i2 -1.000000 -0.898110
DS.d670.s0.i1 1.000000 0.463611
DS.d670.s0.i0 1.000000 0.257926
DS.d1759.s0.i8 1.000000 0.347945
DS.d1759.s0.i1 1.000000 0.421963
DS.d1759.s0.i0 1.000000 0.408350
DS.d1759.s0.i3 1.000000 0.539884
DS.d1759.s0.i2 1.000000 0.487875
DS.d1759.s0.i7 1.000000 0.555102
DS.d1231.s0.i0 -1.000000 -0.784260
DS.d1231.s1.i0 1.000000 0.048365
DS.d224.s0.i0 1.000000 0.646222
DS.d224.s1.i0 1.000000 0.382135
DS.d1333.s0.i0 1.000000 0.300883
DS.d580.s0.i1 -1.000000 0.196560
DS.d580.s0.i0 1.000000 0.169454
DS.d504.s1.i0 1.000000 1.153035
DS.d504.s1.i1 1.000000 1.260068
DS.d504.s0.i0 1.000000 0.663606
DS.d506.s0.i1 1.000000 0.805727
DS.d506.s0.i0 1.000000 0.770935
DS.d116.s0.i2 1.000000 0.809992
DS.d116.s0.i0 1.000000 0.498631
DS.d116.s0.i1 1.000000 0.625154
DS.d115.s0.i1 1.000000 0.269148
DS.d115.s0.i0 -1.000000 -0.617569
DS.d110.s0.i0 1.000000 1.040807
DS.d743.s0.i0 1.000000 1.115469
DS.d747.s0.i2 1.000000 0.061381
DS.d747.s0.i3 1.000000 -0.081953
DS.d747.s0.i0 1.000000 0.061381
DS.d747.s0.i1 1.000000 -0.081953
DS.d619.s0.i0 1.000000 0.759306
DS.d1433.s0.i2 1.000000 -0.180740
DS.d1433.s0.i0 1.000000 -0.459307
DS.d1433.s0.i1 1.000000 -0.546803
DS.d855.s0.i0 1.000000 -0.244370
DS.d855.s0.i1 1.000000 -0.234319
DS.d854.s1.i0 1.000000 0.409014
DS.d854.s3.i0 1.000000 0.390483
DS.d854.s3.i1 1.000000 0.280459
DS.d35.s0.i0 1.000000 1.093312
DS.d452.s0.i3 1.000000 0.760460
DS.d452.s0.i2 -1.000000 0.122990
DS.d452.s0.i1 -1.000000 0.408929
DS.d452.s0.i0 1.000000 0.520767
DS.d452.s0.i5 1.000000 0.459470
DS.d452.s0.i4 -1.000000 0.184400
DS.d591.s0.i1 1.000000 0.341552
DS.d591.s0.i0 1.000000 0.406006
DS.d591.s0.i3 1.000000 0.205282
DS.d591.s0.i2 1.000000 0.344709
DS.d594.s0.i0 1.000000 0.249453
DS.d594.s0.i1 1.000000 0.266079
DS.d594.s0.i2 1.000000 0.379247
DS.d595.s0.i1 -1.000000 0.758682
DS.d595.s0.i0 -1.000000 0.586227
DS.d595.s0.i2 -1.000000 0.681924
DS.d698.s1.i0 1.000000 0.158826
DS.d698.s0.i0 1.000000 0.811881
DS.d168.s0.i0 -1.000000 -0.106977
DS.d358.s0.i0 1.000000 0.410062
DS.d358.s1.i0 -1.000000 0.292440
DS.d1804.s2.i0 1.000000 0.046005
DS.d1804.s2.i1 1.000000 0.025771
DS.d1804.s0.i0 1.000000 0.094938
DS.d1804.s1.i0 -1.000000 0.148163
DS.d515.s1.i0 -1.000000 0.474800
DS.d515.s1.i1 -1.000000 0.423473
DS.d515.s0.i1 -1.000000 0.300506
DS.d515.s0.i0 -1.000000 0.225884
DS.d163.s0.i2 1.000000 0.488420
DS.d163.s0.i0 1.000000 0.503849
DS.d163.s0.i1 1.000000 0.710201
DS.d693.s0.i0 -1.000000 -0.939551
DS.d693.s0.i1 -1.000000 -0.942318
DS.d693.s0.i2 -1.000000 -0.932010
DS.d693.s0.i3 -1.000000 -0.902086
DS.d299.s0.i0 -1.000000 0.111185
DS.d299.s0.i1 -1.000000 0.035645
DS.d697.s0.i0 1.000000 0.195927
DS.d697.s0.i1 1.000000 0.276254
DS.d697.s0.i2 1.000000 0.206600
DS.d697.s0.i3 -1.000000 0.141603
DS.d1635.s0.i0 -1.000000 -0.814681
DS.d1635.s0.i1 -1.000000 -0.908912
DS.d1448.s0.i0 1.000000 1.077492
DS.d1529.s0.i0 1.000000 0.694286
DS.d1528.s0.i0 1.000000 0.313884
DS.d1882.s0.i0 1.000000 1.014904
DS.d1887.s0.i0 1.000000 1.393855
DS.d1135.s1.i0 -1.000000 0.244296
DS.d1135.s0.i1 1.000000 -0.212060
DS.d1135.s0.i0 1.000000 -0.272965
DS.d1135.s0.i3 1.000000 -0.163435
DS.d1135.s0.i2 1.000000 -0.178832
DS.d1135.s2.i1 1.000000 -0.240145
DS.d1135.s2.i0 1.000000 -0.216837
DS.d1130.s0.i0 -1.000000 0.859175
DS.d1130.s0.i1 -1.000000 0.902157
DS.d1206.s0.i0 -1.000000 -0.609848
DS.d1206.s1.i0 -1.000000 0.517471
DS.d847.s0.i1 1.000000 -0.055489
DS.d847.s0.i0 -1.000000 -0.287137
DS.d847.s0.i3 -1.000000 -0.287137
DS.d847.s0.i2 1.000000 -0.055489
DS.d1400.s0.i0 -1.000000 -0.351136
DS.d1256.s0.i1 1.000000 0.231203
DS.d1256.s0.i0 1.000000 0.471266
DS.d209.s1.i0 -1.000000 0.212929
DS.d209.s1.i1 1.000000 -0.052322
DS.d209.s0.i1 -1.000000 -0.562925
DS.d209.s0.i0 -1.000000 -0.360903
DS.d209.s0.i2 -1.000000 -0.629691
DS.d1252.s1.i0 -1.000000 -0.757184
DS.d1252.s1.i1 -1.000000 -0.449628
DS.d1252.s0.i0 -1.000000 0.248041
DS.d8.s0.i0 1.000000 0.810505
DS.d207.s0.i0 1.000000 0.016597
DS.d1223.s3.i0 1.000000 0.193394
DS.d1223.s2.i1 1.000000 0.485633
DS.d1223.s2.i0 1.000000 0.571146
DS.d1223.s1.i0 1.000000 0.298670
DS.d1223.s1.i1 -1.000000 -0.474532
DS.d1223.s0.i4 -1.000000 -0.047473
DS.d1223.s0.i7 -1.000000 -0.017725
DS.d1223.s0.i5 1.000000 -0.119353
DS.d1223.s0.i14 1.000000 -0.137525
DS.d1223.s0.i3 1.000000 -0.210527
DS.d1223.s0.i10 1.000000 -0.238781
DS.d1810.s1.i0 -1.000000 -0.399073
DS.d1810.s0.i1 -1.000000 -0.516564
DS.d1810.s0.i0 -1.000000 -0.559326
DS.d284.s0.i0 -1.000000 -0.212831
DS.d95.s0.i3 -1.000000 -0.172066
DS.d95.s0.i2 -1.000000 0.093743
DS.d95.s0.i1 -1.000000 -0.144452
DS.d95.s0.i0 -1.000000 -0.137709
DS.d172.s0.i0 1.000000 0.555385
DS.d172.s0.i1 1.000000 0.579373
DS.d173.s0.i0 1.000000 -0.178382
DS.d1494.s1.i0 1.000000 0.004390
DS.d1494.s0.i0 1.000000 0.393296
DS.d566.s0.i1 1.000000 -0.366944
DS.d566.s0.i0 1.000000 -0.407665
DS.d565.s0.i0 1.000000 0.616109
DS.d1081.s0.i1 -1.000000 -0.051019
DS.d1081.s0.i0 -1.000000 -0.079243
DS.d10.s0.i0 1.000000 -0.472764
DS.d1084.s0.i0 -1.000000 -0.933888
DS.d606.s0.i0 -1.000000 -0.286098
DS.d1682.s0.i0 -1.000000 -0.166287
DS.d1682.s0.i1 -1.000000 0.259620
DS.d1126.s0.i1 -1.000000 0.464851
DS.d1126.s0.i0 -1.000000 0.404526
DS.d1558.s0.i0 -1.000000 -0.151512
DS.d1532.s0.i0 1.000000 1.058612
DS.d871.s0.i0 1.000000 0.841981
DS.d871.s1.i0 1.000000 0.430810
DS.d871.s2.i0 1.000000 0.859366
DS.d1001.s1.i0 1.000000 0.428311
DS.d1001.s0.i1 1.000000 0.741750
DS.d1001.s0.i0 1.000000 0.773445
DS.d375.s5.i2 1.000000 0.776757
DS.d375.s5.i3 1.000000 0.798112
DS.d375.s5.i0 1.000000 0.763708
DS.d375.s5.i1 -1.000000 1.008220
DS.d375.s4.i1 1.000000 0.753190
DS.d375.s4.i0 1.000000 0.823434
DS.d375.s1.i0 1.000000 0.328608
DS.d375.s0.i1 1.000000 0.764647
DS.d375.s0.i0 1.000000 0.831626
DS.d375.s0.i2 1.000000 1.026589
DS.d375.s3.i0 1.000000 1.218277
DS.d375.s3.i1 1.000000 0.463409
DS.d375.s3.i2 1.000000 0.463409
DS.d375.s3.i3 1.000000 1.218277
DS.d375.s2.i0 1.000000 1.193720
DS.d478.s0.i0 1.000000 1.227973
DS.d628.s0.i0 -1.000000 -0.755878
DS.d628.s0.i1 -1.000000 -0.954054
DS.d471.s0.i4 1.000000 0.069195
DS.d471.s0.i5 1.000000 0.067117
DS.d471.s0.i2 1.000000 0.111855
DS.d471.s0.i3 1.000000 0.186716
DS.d471.s0.i0 1.000000 0.235884
DS.d471.s0.i1 1.000000 0.187276
DS.d895.s0.i0 -1.000000 0.060844
DS.d770.s0.i0 1.000000 0.080039
DS.d770.s0.i1 1.000000 0.093785
DS.d1052.s1.i0 -1.000000 0.007854
DS.d1052.s0.i0 -1.000000 -0.290821
DS.d1826.s2.i0 -1.000000 -0.296518
DS.d1826.s3.i0 -1.000000 -0.283568
DS.d1826.s0.i0 -1.000000 -0.332694
DS.d1826.s1.i0 -1.000000 -0.716603
DS.d1095.s0.i2 1.000000 0.705815
DS.d1095.s0.i0 1.000000 0.660836
DS.d1095.s0.i1 1.000000 0.674128
DS.d949.s0.i0 1.000000 0.505483
DS.d1865.s0.i0 1.000000 1.069952
DS.d1715.s1.i2 -1.000000 -0.131234
DS.d1715.s1.i3 -1.000000 -0.234296
DS.d1715.s1.i0 -1.000000 -0.116577
DS.d1715.s1.i1 -1.000000 -0.336717
DS.d944.s0.i3 1.000000 -0.341530
DS.d944.s0.i2 1.000000 -0.088338
DS.d944.s0.i1 1.000000 0.052419
DS.d944.s0.i0 1.000000 0.061452
DS.d944.s0.i7 1.000000 -0.223805
DS.d944.s0.i6 1.000000 -0.157311
DS.d944.s0.i5 1.000000 -0.343506
DS.d944.s0.i4 1.000000 -0.246057
DS.d1719.s1.i0 1.000000 1.063719
DS.d1719.s0.i0 1.000000 0.672751
DS.d1151.s0.i0 1.000000 -0.435958
DS.d1152.s0.i0 -1.000000 -0.264414
DS.d1152.s0.i1 1.000000 -0.153439
DS.d942.s0.i1 -1.000000 -0.434427
DS.d942.s0.i0 -1.000000 -0.550510
DS.d1467.s0.i0 -1.000000 0.241853
DS.d1656.s0.i9 -1.000000 -0.533210
DS.d1656.s0.i8 -1.000000 -0.672976
DS.d1656.s0.i7 -1.000000 -0.291672
DS.d1656.s0.i5 -1.000000 -0.259947
DS.d1656.s0.i2 -1.000000 -0.244974
DS.d1656.s0.i1 -1.000000 -0.278315
DS.d1656.s0.i12 -1.000000 -0.268074
DS.d1656.s0.i11 -1.000000 -0.257144
DS.d1656.s0.i10 -1.000000 -0.237847
DS.d1793.s0.i1 -1.000000 -0.488628
DS.d1793.s0.i0 -1.000000 -0.751772
DS.d1011.s0.i4 -1.000000 -0.280444
DS.d1011.s0.i2 1.000000 -0.168657
DS.d1011.s0.i3 -1.000000 -0.367260
DS.d1011.s0.i0 -1.000000 -0.294769
DS.d1011.s0.i1 -1.000000 -0.350153
DS.d1794.s0.i0 1.000000 0.545451
DS.d1794.s0.i1 1.000000 0.595983
DS.d1794.s0.i2 1.000000 0.723415
DS.d1794.s0.i3 1.000000 0.681046
DS.d302.s0.i0 -1.000000 0.533144
DS.d716.s0.i0 1.000000 0.698879
DS.d716.s0.i1 -1.000000 -0.381521
DS.d716.s0.i2 1.000000 0.667847
DS.d716.s0.i3 1.000000 0.714139
DS.d1371.s0.i0 -1.000000 0.437171
DS.d882.s0.i0 -1.000000 -0.764145
DS.d882.s0.i1 -1.000000 -0.763860
DS.d882.s1.i0 1.000000 0.394548
DS.d268.s0.i0 1.000000 -0.117955
DS.d268.s0.i1 1.000000 -0.184819
DS.d269.s2.i1 -1.000000 -0.974274
DS.d269.s2.i0 -1.000000 -0.785648
DS.d269.s2.i3 -1.000000 -0.993339
DS.d269.s2.i2 1.000000 -0.221641
DS.d269.s2.i5 -1.000000 -0.669291
DS.d269.s2.i4 1.000000 -0.286023
DS.d269.s2.i7 -1.000000 -0.897083
DS.d269.s2.i6 -1.000000 -0.876676
DS.d269.s1.i0 1.000000 -0.463777
DS.d269.s1.i1 1.000000 -0.478348
DS.d269.s1.i2 -1.000000 -0.975242
DS.d269.s0.i0 1.000000 0.887978
DS.d788.s0.i24 -1.000000 -0.605347
DS.d788.s0.i25 -1.000000 -0.813260
DS.d788.s0.i26 -1.000000 -0.793982
DS.d788.s0.i27 -1.000000 -0.387076
DS.d788.s0.i20 -1.000000 -0.523200
DS.d788.s0.i21 -1.000000 -0.624579
DS.d788.s0.i22 -1.000000 -0.379524
DS.d788.s0.i23 -1.000000 -0.588481
DS.d788.s0.i32 -1.000000 -0.335916
DS.d788.s0.i28 -1.000000 -0.473036
DS.d788.s0.i29 -1.000000 -0.604746
DS.d788.s0.i38 -1.000000 -0.580132
DS.d788.s0.i1 -1.000000 -0.554939
DS.d788.s0.i0 -1.000000 -0.601686
DS.d788.s0.i3 -1.000000 -0.755752
DS.d788.s0.i2 -1.000000 -0.531269
DS.d788.s0.i5 -1.000000 -0.398465
DS.d788.s0.i4 -1.000000 -0.432289
DS.d788.s0.i7 -1.000000 -0.443993
DS.d788.s0.i6 -1.000000 -0.714430
DS.d788.s0.i9 -1.000000 -0.812200
DS.d788.s0.i8 -1.000000 -0.593698
DS.d788.s0.i39 -1.000000 -0.467266
DS.d788.s0.i19 -1.000000 -0.494337
DS.d788.s0.i18 -1.000000 -0.607018
DS.d788.s0.i31 -1.000000 -0.583083
DS.d788.s0.i30 -1.000000 -0.553286
DS.d788.s0.i37 -1.000000 -0.716717
DS.d788.s0.i36 -1.000000 -0.438510
DS.d788.s0.i35 -1.000000 -0.411928
DS.d788.s0.i34 -1.000000 -0.757154
DS.d788.s0.i11 -1.000000 -0.773915
DS.d788.s0.i10 -1.000000 -0.485191
DS.d788.s0.i13 -1.000000 -0.542349
DS.d788.s0.i12 -1.000000 -0.771563
DS.d788.s0.i15 -1.000000 -0.638359
DS.d788.s0.i14 -1.000000 -0.578816
DS.d788.s0.i17 -1.000000 -0.662246
DS.d788.s0.i16 -1.000000 -0.585780
DS.d788.s0.i33 -1.000000 -0.736413
DS.d1302.s1.i0 -1.000000 0.910689
DS.d1302.s0.i1 -1.000000 0.985675
DS.d1302.s0.i0 1.000000 0.978098
DS.d781.s0.i0 1.000000 0.635493
DS.d781.s1.i1 1.000000 0.550438
DS.d781.s1.i0 1.000000 0.376237
DS.d540.s1.i0 -1.000000 -0.064961
DS.d540.s0.i0 1.000000 0.981566
DS.d705.s0.i0 1.000000 0.471134
DS.d1874.s0.i1 1.000000 0.375022
DS.d549.s0.i2 -1.000000 -0.495734
DS.d549.s0.i0 -1.000000 -0.523963
DS.d549.s0.i1 -1.000000 -0.456992
DS.d549.s1.i1 -1.000000 -0.302446
DS.d549.s1.i0 1.000000 -0.153625
DS.d549.s2.i0 1.000000 -0.418937
DS.d549.s2.i1 1.000000 0.244695
DS.d549.s3.i2 -1.000000 -0.120139
DS.d549.s3.i1 1.000000 0.003656
DS.d549.s3.i0 -1.000000 -0.262229
DS.d951.s0.i1 -1.000000 -0.889490
DS.d951.s0.i0 -1.000000 -0.827239
DS.d951.s0.i2 -1.000000 -0.620806
DS.d1142.s0.i2 -1.000000 -0.853502
DS.d1142.s0.i1 -1.000000 -0.922760
DS.d1142.s0.i0 -1.000000 -0.945879
DS.d1141.s0.i0 1.000000 -0.493968
DS.d1141.s0.i1 1.000000 -0.236433
DS.d1475.s0.i0 -1.000000 -0.247402
DS.d72.s0.i0 -1.000000 -0.245499
DS.d72.s0.i1 -1.000000 -0.044786
DS.d1788.s0.i1 1.000000 1.209627
DS.d1788.s0.i0 1.000000 1.212203
DS.d70.s0.i0 1.000000 -0.059586
DS.d70.s0.i1 1.000000 0.046109
DS.d70.s1.i3 1.000000 -0.036954
DS.d70.s1.i2 1.000000 0.114147
DS.d70.s1.i1 1.000000 0.091174
DS.d70.s1.i0 1.000000 -0.051063
DS.d1660.s0.i0 1.000000 0.588194
DS.d78.s0.i0 -1.000000 0.184956
DS.d78.s1.i0 -1.000000 0.343118
