DS1.d15.s0.i0 1.0 2.18836233483
DS1.d15.s0.i1 1.0 0.848996498116
DS1.d15.s0.i2 1.0 1.80737900142
DS1.d17.s0.i0 -1 0.00437615165041
DS1.d17.s0.i1 -1 -0.339829938099
DS1.d17.s1.i0 -1 0.517009342693
DS1.d33.s0.i0 1.0 2.11810324591
DS1.d33.s0.i1 1.0 0.841392796887
DS1.d40.s0.i0 1.0 1.15247164442
DS1.d60.s0.i0 1.0 0.571299910982
DS1.d63.s0.i0 1.0 1.42671075272
DS1.d63.s0.i1 1.0 1.35421321357
DS1.d66.s0.i0 1.0 0.399442924875
DS1.d66.s0.i1 1.0 0.136854652656
DS1.d66.s0.i2 1.0 0.237660259662
DS1.d66.s0.i3 1.0 0.51864026413
DS1.d67.s0.i0 -1 1.10887515298
DS1.d67.s0.i1 -1 1.23446731203
DS1.d75.s0.i0 -1 -0.111103877599
DS1.d78.s0.i0 -1 -0.171169654729
DS1.d78.s1.i0 -1 0.315932524915
DS1.d98.s0.i0 1.0 0.729876183637
DS1.d98.s0.i1 1.0 0.513497174853
DS1.d98.s0.i2 1.0 0.908334799043
DS1.d98.s0.i3 1.0 0.803072927936
DS1.d98.s0.i4 1.0 0.335038559448
DS1.d98.s0.i5 1.0 1.06047368118
DS1.d98.s1.i0 -1 -0.988954601458
DS1.d98.s1.i1 -1 0.375071111193
DS1.d98.s1.i2 -1 -0.243330230157
DS1.d118.s0.i0 1.0 0.169510830661
DS1.d118.s1.i0 1.0 -0.634985242719
DS1.d118.s2.i0 1.0 1.19662765087
DS1.d121.s0.i0 1.0 1.0271225497
DS1.d121.s0.i1 -1 1.63344547695
DS1.d121.s1.i0 -1 0.257936615628
DS1.d121.s1.i1 1.0 -0.0497462104422
DS1.d121.s1.i2 -1 0.424519558804
DS1.d121.s1.i3 1.0 -0.12532217838
DS1.d121.s2.i0 1.0 0.954784672481
DS1.d144.s0.i0 -1 -0.386237441091
DS1.d168.s0.i0 1.0 0.801783264048
DS1.d179.s0.i0 -1 -0.96494422606
DS1.d179.s0.i1 -1 -0.595478289183
DS1.d179.s0.i2 -1 -1.02067118897
DS1.d179.s0.i3 -1 -0.534168809088
DS1.d179.s0.i4 -1 -0.28711843042
DS1.d179.s0.i5 -1 -0.796613332124
DS1.d179.s0.i6 -1 -0.345424536092
DS1.d179.s0.i7 -1 -0.661723437177
DS1.d179.s0.i8 -1 -0.77297816403
DS1.d179.s0.i9 -1 -0.0900685384903
DS1.d179.s0.i10 -1 -0.745588217383
DS1.d179.s0.i11 -1 -0.484308797548
DS1.d179.s0.i12 -1 -0.361229669446
DS1.d179.s0.i13 -1 -0.521448332441
DS1.d179.s0.i14 -1 -0.858017008425
DS1.d179.s0.i15 -1 -0.0620971378429
DS1.d179.s0.i16 -1 -0.555726835972
DS1.d179.s0.i17 -1 -0.431161252545
DS1.d179.s0.i18 -1 -0.108458387165
DS1.d179.s0.i19 -1 -0.977463855575
DS1.d179.s0.i20 -1 -0.579363640534
DS1.d179.s0.i21 -1 -0.165343307908
DS1.d179.s0.i22 -1 -0.721696904207
DS1.d179.s0.i23 -1 -0.530124262142
DS1.d179.s0.i24 -1 -0.236514363564
DS1.d179.s0.i25 -1 -0.591324730491
DS1.d179.s0.i26 -1 -1.07747031667
DS1.d179.s0.i27 -1 -0.424919105923
DS1.d179.s0.i28 -1 -1.09572101373
DS1.d179.s0.i29 -1 -0.811078278109
DS1.d179.s1.i0 -1 1.14556446194
DS1.d179.s1.i1 -1 -0.822143855507
DS1.d179.s2.i0 1.0 0.665579046983
DS1.d193.s0.i0 1.0 0.327825296163
DS1.d193.s1.i0 1.0 1.78813201007
DS1.d194.s0.i0 1.0 -0.221553147919
DS1.d194.s0.i1 1.0 -0.00642477987781
DS1.d196.s0.i0 1.0 1.66885700247
DS1.d196.s0.i1 1.0 1.32141962051
DS1.d196.s0.i2 1.0 1.50312273447
DS1.d196.s0.i3 1.0 1.40196494846
DS1.d196.s1.i0 -1 1.69457489755
DS1.d197.s0.i0 1.0 1.8060780949
DS1.d197.s0.i1 1.0 1.64770566938
DS1.d199.s0.i0 1.0 1.16004416915
DS1.d199.s0.i1 1.0 0.57297749694
DS1.d213.s0.i0 -1 1.54278744193
DS1.d213.s1.i0 1.0 1.27433477215
DS1.d221.s0.i0 1.0 1.49407249094
DS1.d224.s0.i0 1.0 0.363390460848
DS1.d224.s1.i0 1.0 -0.100975843846
DS1.d234.s0.i0 1.0 1.43071444863
DS1.d236.s0.i0 -1 0.897682615706
DS1.d236.s0.i1 -1 -0.0395505561881
DS1.d236.s0.i2 -1 -0.719362780732
DS1.d246.s0.i0 1.0 1.60192228212
DS1.d246.s1.i0 1.0 0.664952718988
DS1.d246.s2.i0 1.0 0.831248399558
DS1.d246.s2.i1 1.0 2.30274643942
DS1.d249.s0.i0 -1 1.77726631447
DS1.d252.s0.i0 1.0 0.0013456890732
DS1.d252.s1.i0 1.0 0.991323531454
DS1.d252.s1.i1 1.0 0.941372116438
DS1.d252.s1.i2 1.0 0.922133954108
DS1.d252.s2.i0 1.0 -0.186456120538
DS1.d252.s2.i1 1.0 0.107784929908
DS1.d252.s2.i2 1.0 0.309816064473
DS1.d281.s0.i0 1.0 0.10562717591
DS1.d281.s1.i0 1.0 0.786015848172
DS1.d281.s1.i1 1.0 0.750290321072
DS1.d292.s0.i0 -1 -0.47283776208
DS1.d292.s0.i1 -1 -0.635295667633
DS1.d292.s0.i2 -1 -0.719271494677
DS1.d292.s0.i3 -1 -0.763618661523
DS1.d300.s0.i0 1.0 -0.0534147778038
DS1.d300.s1.i0 -1 -0.221057831824
DS1.d315.s0.i0 1.0 -1.14453364732
DS1.d315.s0.i1 1.0 -0.939676398798
DS1.d315.s0.i2 1.0 -0.878078598401
DS1.d315.s0.i3 1.0 -0.67322134988
DS1.d349.s0.i0 -1 0.0651270944812
DS1.d355.s0.i0 -1 -1.17396415243
DS1.d364.s0.i0 -1 -0.540732753147
DS1.d364.s0.i1 -1 -1.05214609114
DS1.d364.s1.i0 1.0 1.30016477976
DS1.d364.s2.i0 1.0 -0.13594403869
DS1.d369.s0.i0 1.0 -1.34359943185
DS1.d369.s1.i0 1.0 0.310699607613
DS1.d387.s0.i0 1.0 0.806479079974
DS1.d387.s0.i1 1.0 1.52612837891
DS1.d393.s0.i0 -1 -0.216284335254
DS1.d393.s0.i1 -1 -0.324144705864
DS1.d393.s0.i2 -1 0.040188344622
DS1.d393.s0.i3 -1 0.0668876089439
DS1.d393.s1.i0 -1 0.307224450093
DS1.d393.s1.i1 -1 -0.289727215722
DS1.d393.s1.i2 -1 -0.280655458407
DS1.d393.s1.i3 -1 -0.586502495086
DS1.d396.s0.i0 -1 0.780835579929
DS1.d407.s0.i0 -1 0.708543088272
DS1.d418.s0.i0 1.0 0.675457285165
DS1.d418.s0.i1 1.0 0.319873328943
DS1.d424.s0.i0 1.0 0.745468308923
DS1.d431.s0.i0 1.0 1.16354712555
DS1.d431.s0.i1 1.0 1.07046277595
DS1.d431.s0.i2 1.0 0.694533782036
DS1.d431.s0.i3 1.0 1.1852799412
DS1.d431.s0.i4 1.0 1.14550875418
DS1.d431.s0.i5 1.0 1.19905981552
DS1.d447.s0.i0 1.0 1.48360548465
DS1.d468.s0.i0 1.0 1.53823863436
DS1.d468.s0.i1 -1 0.553957554891
DS1.d469.s0.i0 1.0 0.424263743833
DS1.d469.s0.i1 1.0 0.395638548722
DS1.d469.s0.i2 1.0 0.0187949098
DS1.d469.s0.i3 1.0 1.08666654907
DS1.d469.s0.i4 1.0 0.585684431855
DS1.d469.s0.i5 1.0 0.943884473265
DS1.d494.s0.i0 1.0 0.56148568343
DS1.d494.s0.i1 1.0 0.794204533944
DS1.d501.s0.i0 1.0 0.187771075426
DS1.d501.s0.i1 1.0 0.429355935828
DS1.d504.s0.i0 1.0 1.71859054895
DS1.d504.s1.i0 1.0 1.00190606273
DS1.d504.s1.i1 1.0 1.27853494886
DS1.d529.s0.i0 1.0 -0.558840598906
DS1.d558.s0.i0 -1 1.22043617095
DS1.d558.s1.i0 1.0 -1.36331110586
DS1.d558.s1.i1 -1 -0.702034120873
DS1.d572.s0.i0 -1 0.162300166766
DS1.d572.s0.i1 -1 0.0434230932282
DS1.d587.s0.i0 1.0 0.502208613705
DS1.d592.s0.i0 1.0 1.18238611152
DS1.d595.s0.i0 1.0 1.21344384462
DS1.d595.s0.i1 1.0 1.50172756166
DS1.d595.s0.i2 1.0 1.40423973467
DS1.d600.s0.i0 1.0 1.59790759384
DS1.d615.s0.i0 1.0 1.25249918633
DS1.d621.s0.i0 1.0 1.63650472205
DS1.d621.s0.i1 1.0 1.18707074527
DS1.d621.s1.i0 1.0 0.619775587811
DS1.d621.s2.i0 -1 -0.117645524964
DS1.d621.s2.i1 1.0 0.645398818416
DS1.d621.s3.i0 1.0 -0.0272842931304
DS1.d621.s4.i0 -1 -0.169936158541
DS1.d621.s4.i1 1.0 0.592574303855
DS1.d642.s0.i0 -1 -0.472675216881
DS1.d659.s0.i0 1.0 1.16838661532
DS1.d660.s0.i0 1.0 0.485105489788
DS1.d660.s0.i1 1.0 0.0725932608631
DS1.d661.s0.i0 1.0 2.13833698319
DS1.d670.s0.i0 1.0 0.570275841133
DS1.d670.s0.i1 1.0 0.856227860855
DS1.d674.s0.i0 1.0 -0.102666652002
DS1.d674.s0.i1 1.0 -0.604169031648
DS1.d686.s0.i0 1.0 1.76118779011
DS1.d686.s0.i1 1.0 0.891758659417
DS1.d688.s0.i0 1.0 1.46977581979
DS1.d688.s1.i0 -1 -0.541517835373
DS1.d703.s0.i0 1.0 1.89042385574
DS1.d719.s0.i0 1.0 0.690041138144
DS1.d719.s0.i1 -1 1.21214775569
DS1.d726.s0.i0 1.0 0.921733459557
DS1.d745.s0.i0 -1 0.71812504705
DS1.d745.s0.i1 -1 -1.31972467625
DS1.d765.s0.i0 -1 -0.378465514858
DS1.d765.s0.i1 -1 1.46890111508
DS1.d765.s0.i2 -1 -0.378465514858
DS1.d765.s0.i3 -1 1.46890111508
DS1.d765.s1.i0 -1 -0.321822341347
DS1.d765.s1.i1 -1 0.0734869458688
DS1.d765.s1.i2 -1 -0.321822341347
DS1.d765.s1.i3 -1 0.0734869458688
DS1.d767.s0.i0 1.0 0.127778959706
DS1.d779.s0.i0 -1 -0.273528578739
DS1.d780.s0.i0 -1 -0.0253587754803
DS1.d780.s0.i1 -1 -0.704295051023
DS1.d780.s0.i2 -1 -0.412102295311
DS1.d785.s0.i0 1.0 0.828849559849
DS1.d785.s0.i1 1.0 0.46290075843
DS1.d786.s0.i0 1.0 2.08455959148
DS1.d786.s1.i0 1.0 2.08951004526
DS1.d787.s0.i0 1.0 1.25491666857
DS1.d787.s0.i1 1.0 1.2063043627
DS1.d787.s1.i0 1.0 1.50488226137
DS1.d809.s0.i0 1.0 1.47399294913
DS1.d809.s1.i0 1.0 -0.495689131671
DS1.d809.s1.i1 1.0 -0.147598930069
DS1.d810.s0.i0 1.0 0.334617318568
DS1.d810.s0.i1 1.0 -0.576767351981
DS1.d810.s0.i2 1.0 -0.505435279957
DS1.d810.s0.i3 1.0 -0.856699129692
DS1.d810.s0.i4 1.0 -0.207801462729
DS1.d810.s0.i5 1.0 -1.02258817968
DS1.d810.s1.i0 1.0 0.181468596285
DS1.d810.s1.i1 1.0 0.373265224162
DS1.d810.s1.i2 1.0 0.0354068389983
DS1.d810.s1.i3 1.0 0.84654132661
DS1.d810.s2.i0 1.0 2.15612796311
DS1.d810.s2.i1 1.0 2.11048503548
DS1.d810.s3.i0 1.0 0.758712678624
DS1.d811.s0.i0 1.0 1.14898489159
DS1.d811.s1.i0 1.0 1.5839772958
DS1.d811.s1.i1 1.0 1.4676632971
DS1.d816.s0.i0 1.0 0.211074123162
DS1.d816.s0.i1 -1 -0.132066523815
DS1.d816.s0.i2 -1 0.615523924096
DS1.d816.s0.i3 1.0 0.24012795524
DS1.d816.s0.i4 -1 -0.746835508255
DS1.d816.s0.i5 1.0 0.453754958509
DS1.d826.s0.i0 1.0 0.189209690739
DS1.d826.s0.i1 1.0 0.192960930706
DS1.d826.s0.i2 -1 0.979935176163
DS1.d826.s0.i3 -1 0.397671256525
DS1.d826.s0.i4 -1 0.731070117224
DS1.d826.s0.i5 1.0 0.417596757409
DS1.d826.s0.i6 1.0 0.309007658536
DS1.d826.s0.i7 -1 0.751548109493
DS1.d826.s1.i0 1.0 -0.862689972397
DS1.d826.s1.i1 1.0 0.0722085194558
DS1.d826.s1.i2 1.0 -0.362815568011
DS1.d826.s2.i0 1.0 1.61717019398
DS1.d826.s2.i1 1.0 1.61693334797
DS1.d826.s2.i2 1.0 1.46274684467
DS1.d826.s2.i3 1.0 1.40882901491
DS1.d826.s3.i0 1.0 0.0480017438447
DS1.d826.s3.i1 1.0 0.0480017438447
DS1.d826.s3.i2 1.0 0.78173872501
DS1.d826.s3.i3 1.0 0.78173872501
