DS2.d2.s0.i0 1.0 -0.594761340697
DS2.d2.s1.i0 1.0 -1.10125582059
DS2.d4.s0.i0 -1 -1.12063707824
DS2.d4.s0.i1 -1 -1.42377467943
DS2.d4.s0.i2 -1 -1.36085111202
DS2.d4.s0.i3 -1 -1.26479757407
DS2.d5.s0.i0 1.0 -1.17356662933
DS2.d13.s0.i0 -1 0.845502187794
DS2.d13.s0.i1 1.0 2.27774630028
DS2.d13.s0.i2 -1 0.393841706
DS2.d13.s0.i3 1.0 1.73909441499
DS2.d13.s1.i0 -1 0.399028942601
DS2.d19.s0.i0 -1 0.499323433271
DS2.d19.s1.i0 1.0 0.553618768673
DS2.d20.s0.i0 -1 0.417109017145
DS2.d20.s1.i0 -1 -1.02125535417
DS2.d30.s0.i0 1.0 1.14766993865
DS2.d30.s1.i0 1.0 1.26422171278
DS2.d30.s1.i1 1.0 0.726617929563
DS2.d33.s0.i0 -1 0.721195864408
DS2.d33.s1.i0 -1 -0.0995128781799
DS2.d33.s1.i1 -1 -0.354981353559
DS2.d33.s2.i0 1.0 0.370071206714
DS2.d40.s0.i0 -1 0.175996606072
DS2.d62.s0.i0 -1 0.246553487853
DS2.d62.s0.i1 -1 -1.30148813215
DS2.d62.s1.i0 -1 -1.34494416714
DS2.d77.s0.i0 1.0 0.722097544486
DS2.d77.s0.i1 1.0 1.20728688303
DS2.d77.s0.i2 1.0 0.465898376133
DS2.d93.s0.i0 1.0 1.41612104348
DS2.d103.s0.i0 -1 0.248502125613
DS2.d103.s0.i1 -1 -0.418188824519
DS2.d114.s0.i0 1.0 0.698828040533
DS2.d114.s0.i1 1.0 0.525894307019
DS2.d114.s0.i2 1.0 1.34003862995
DS2.d114.s0.i3 1.0 1.05770279456
DS2.d114.s0.i4 1.0 0.493183273587
DS2.d114.s0.i5 1.0 1.42564358146
DS2.d114.s0.i6 1.0 0.95538503794
DS2.d114.s0.i7 1.0 0.571789103204
DS2.d121.s0.i0 -1 -0.907185369543
DS2.d121.s0.i1 -1 -0.53067696958
DS2.d121.s0.i2 -1 -1.09516146678
DS2.d123.s0.i0 1.0 0.533224896447
DS2.d141.s0.i0 -1 -0.794067774168
DS2.d141.s1.i0 -1 -0.872396357125
DS2.d151.s0.i0 1.0 1.48238098618
DS2.d153.s0.i0 -1 0.380060603124
DS2.d153.s1.i0 -1 -0.144212781366
DS2.d153.s1.i1 -1 -0.183145736049
DS2.d161.s0.i0 -1 -1.44894118163
DS2.d164.s0.i0 1.0 0.308860505877
DS2.d185.s0.i0 -1 0.552495357303
DS2.d185.s0.i1 -1 0.552495357303
DS2.d187.s0.i0 -1 -0.569445281302
DS2.d187.s0.i1 -1 -0.752943544176
DS2.d187.s0.i2 -1 -0.465265428994
DS2.d187.s0.i3 -1 -0.721643877693
DS2.d208.s0.i0 1.0 1.4966500935
DS2.d212.s0.i0 -1 -0.848248583806
DS2.d212.s0.i1 1.0 1.55425651193
DS2.d212.s0.i2 -1 -0.733443905824
DS2.d212.s1.i0 1.0 0.831091846003
DS2.d212.s1.i1 1.0 1.42731780814
DS2.d212.s1.i2 1.0 0.533986849401
DS2.d212.s1.i3 1.0 1.03373599794
DS2.d225.s0.i0 -1 -0.689384837157
DS2.d233.s0.i0 1.0 0.827085173033
DS2.d233.s0.i1 1.0 1.00288238435
DS2.d235.s0.i0 -1 -0.676639520051
DS2.d235.s0.i1 1.0 1.4596939709
DS2.d235.s1.i0 -1 0.247775653498
DS2.d235.s2.i0 -1 0.0516181307548
DS2.d236.s0.i0 1.0 1.42633833578
DS2.d236.s0.i1 1.0 1.42633833578
DS2.d247.s0.i0 -1 0.440019592282
DS2.d283.s0.i0 -1 -0.42778330798
DS2.d297.s0.i0 1.0 0.805741849022
DS2.d297.s1.i0 1.0 0.0591883565708
DS2.d298.s0.i0 1.0 -0.0624677285041
DS2.d299.s0.i0 1.0 1.68031079966
DS2.d299.s1.i0 1.0 0.461897173687
DS2.d299.s1.i1 1.0 0.53300195436
DS2.d299.s2.i0 1.0 0.438779989945
DS2.d306.s0.i0 -1 -0.385547616961
DS2.d309.s0.i0 1.0 0.493051086949
DS2.d311.s0.i0 -1 0.292561773428
DS2.d311.s0.i1 1.0 0.501394215051
DS2.d325.s0.i0 -1 0.848831448626
DS2.d325.s0.i1 -1 0.623819774871
DS2.d325.s0.i2 1.0 1.35192681624
DS2.d325.s0.i3 1.0 1.67002333981
DS2.d325.s1.i0 -1 -0.970029306984
DS2.d325.s1.i1 -1 -0.139251089638
DS2.d325.s2.i0 -1 0.327378565655
DS2.d325.s2.i1 -1 0.291481268852
DS2.d325.s2.i2 -1 0.0862900913084
DS2.d342.s0.i0 -1 -0.391510424442
DS2.d342.s0.i1 -1 -0.0474044232872
DS2.d344.s0.i0 -1 1.58315718516
DS2.d347.s0.i0 1.0 -0.402940748125
DS2.d347.s0.i1 1.0 -0.429119912327
DS2.d347.s0.i2 1.0 -0.891945846845
DS2.d347.s0.i3 1.0 0.480405360629
DS2.d349.s0.i0 1.0 -0.199247592563
DS2.d349.s0.i1 1.0 -0.346805446152
DS2.d349.s0.i2 1.0 -0.184700425934
DS2.d367.s0.i0 -1 -0.047376943733
DS2.d381.s0.i0 -1 0.586981177448
DS2.d381.s1.i0 -1 -0.190217823275
DS2.d383.s0.i0 -1 -1.04156119487
DS2.d391.s0.i0 1.0 1.2803370447
DS2.d391.s0.i1 1.0 0.995037094883
DS2.d394.s0.i0 1.0 1.19641423287
DS2.d394.s0.i1 1.0 1.36561068236
DS2.d400.s0.i0 -1 -0.58058273197
DS2.d400.s0.i1 -1 -0.389042282504
DS2.d400.s0.i2 -1 -0.70422339689
DS2.d400.s0.i3 -1 -0.478097167602
DS2.d400.s0.i4 -1 -0.41187804973
DS2.d400.s0.i5 -1 -0.68696742169
DS2.d400.s0.i6 -1 -0.601411964518
DS2.d400.s0.i7 -1 -0.503940990971
DS2.d402.s0.i0 -1 0.028853416576
DS2.d403.s0.i0 -1 0.528551950529
DS2.d414.s0.i0 -1 -0.287488714424
DS2.d415.s0.i0 -1 0.453461498576
DS2.d415.s0.i1 -1 -1.30306240118
DS2.d417.s0.i0 -1 -0.518641688622
DS2.d420.s0.i0 -1 1.21389657271
DS2.d420.s0.i1 -1 1.04253154394
DS2.d420.s0.i2 -1 1.00079185734
DS2.d420.s0.i3 -1 0.816411959863
DS2.d427.s0.i0 1.0 1.64068513425
DS2.d434.s0.i0 1.0 0.992902400348
DS2.d434.s0.i1 1.0 0.54362286787
DS2.d434.s0.i2 -1 1.95718142886
DS2.d434.s0.i3 1.0 0.707146508492
DS2.d448.s0.i0 1.0 0.826829064571
DS2.d473.s0.i0 1.0 1.03113829616
DS2.d473.s0.i1 1.0 0.503576265878
DS2.d473.s0.i2 1.0 0.909151862194
DS2.d473.s0.i3 1.0 0.587879397993
DS2.d473.s1.i0 1.0 2.61268470237
DS2.d473.s2.i0 1.0 0.870998977073
DS2.d473.s3.i0 1.0 1.11722156607
DS2.d473.s3.i1 1.0 -0.493020185531
DS2.d473.s3.i2 1.0 0.952465195709
DS2.d475.s0.i0 1.0 1.33900667269
DS2.d475.s1.i0 1.0 0.0123405602726
DS2.d475.s1.i1 1.0 0.0953564655686
DS2.d479.s0.i0 1.0 1.20366939361
DS2.d492.s0.i0 -1 -0.641314776249
DS2.d492.s1.i0 1.0 -0.261141718091
DS2.d492.s2.i0 1.0 0.373798515654
DS2.d553.s0.i0 1.0 0.924569719174
DS2.d574.s0.i0 1.0 0.81493897689
DS2.d576.s0.i0 1.0 0.424381734646
DS2.d576.s1.i0 1.0 -0.0435279876839
DS2.d576.s2.i0 1.0 0.675737375645
DS2.d580.s0.i0 -1 -0.604296656562
DS2.d580.s0.i1 -1 -0.8785341666
DS2.d580.s0.i2 -1 -0.696971696486
DS2.d580.s0.i3 -1 -0.538526659123
DS2.d580.s0.i4 -1 -1.16951375395
DS2.d580.s0.i5 -1 -1.23144297483
DS2.d580.s0.i6 -1 -1.16951375395
DS2.d580.s0.i7 -1 -0.474741116993
DS2.d580.s0.i8 -1 -0.754110284613
DS2.d580.s0.i9 -1 -0.7965747936
DS2.d580.s0.i10 -1 0.241295351334
DS2.d580.s0.i11 -1 -1.23144297483
DS2.d580.s0.i12 -1 -0.967520015809
DS2.d580.s0.i13 -1 1.10867907362
DS2.d580.s0.i14 -1 -0.929667701586
DS2.d580.s0.i15 -1 -0.692181063731
DS2.d580.s0.i16 -1 -1.18322467958
DS2.d580.s0.i17 -1 -0.538526659123
DS2.d580.s0.i18 -1 -0.967520015809
DS2.d580.s0.i19 -1 -0.940463387482
DS2.d597.s0.i0 -1 1.02990380791
DS2.d597.s0.i1 -1 0.911500063982
DS2.d604.s0.i0 1.0 1.65236471197
DS2.d604.s1.i0 1.0 0.736169956692
DS2.d620.s0.i0 -1 -0.0955195346811
DS2.d620.s0.i1 1.0 -0.750452613359
DS2.d622.s0.i0 1.0 0.772565809008
DS2.d622.s1.i0 1.0 -0.719141683409
DS2.d622.s1.i1 1.0 -0.690177558936
DS2.d622.s2.i0 1.0 -1.22810368335
DS2.d622.s3.i0 1.0 0.118477364547
DS2.d622.s4.i0 1.0 0.983495039858
DS2.d623.s0.i0 1.0 0.532971983431
DS2.d633.s0.i0 1.0 0.663977974518
DS2.d633.s1.i0 1.0 0.289166655924
DS2.d633.s1.i1 1.0 0.197616580759
DS2.d636.s0.i0 1.0 1.07481530246
DS2.d655.s0.i0 -1 -0.24989006368
DS2.d656.s0.i0 1.0 0.487158885747
DS2.d700.s0.i0 1.0 -0.977584635876
DS2.d714.s0.i0 1.0 1.36400487339
DS2.d714.s1.i0 1.0 0.528295348957
DS2.d725.s0.i0 -1 -1.10988977872
DS2.d725.s0.i1 -1 -0.865595111364
DS2.d729.s0.i0 -1 -0.843017411881
DS2.d729.s1.i0 -1 -1.00011456546
DS2.d735.s0.i0 1.0 1.90484382937
DS2.d735.s0.i1 1.0 1.09891508298
DS2.d735.s0.i2 1.0 1.11986824425
DS2.d735.s0.i3 1.0 1.90484382937
DS2.d735.s0.i4 1.0 1.09891508298
DS2.d735.s0.i5 1.0 1.11986824425
DS2.d735.s1.i0 -1 1.06849719509
DS2.d735.s1.i1 -1 1.4203706428
DS2.d735.s1.i2 1.0 1.75541962754
DS2.d735.s2.i0 1.0 -0.345031057061
DS2.d735.s2.i1 1.0 -0.895997210732
DS2.d735.s3.i0 1.0 -0.373132304245
DS2.d735.s3.i1 1.0 0.133613462105
DS2.d739.s0.i0 1.0 1.38372505241
DS2.d764.s0.i0 1.0 1.43466535594
DS2.d769.s0.i0 1.0 1.07595527798
DS2.d769.s1.i0 1.0 -0.166023743111
DS2.d771.s0.i0 -1 0.429344008863
DS2.d771.s0.i1 -1 -0.275543199587
DS2.d771.s0.i2 -1 0.470956314426
DS2.d771.s0.i3 -1 -0.145277275021
DS2.d786.s0.i0 1.0 0.508484443105
DS2.d786.s1.i0 1.0 0.533616198211
DS2.d808.s0.i0 -1 0.112348678991
DS2.d808.s0.i1 -1 -0.707966325116
DS2.d808.s0.i2 -1 -0.509579785755
DS2.d808.s0.i3 -1 -0.267997257351
DS2.d808.s0.i4 -1 -1.22458419202
DS2.d808.s0.i5 -1 -0.660327497957
DS2.d808.s0.i6 -1 -0.695640136687
DS2.d810.s0.i0 -1 0.346799194255
DS2.d828.s0.i0 -1 -1.34959431746
DS2.d828.s0.i1 -1 -1.19998261652
DS2.d834.s0.i0 -1 1.13271448973
DS2.d834.s0.i1 -1 0.751179012143
DS2.d834.s1.i0 -1 -1.36031348396
DS2.d834.s2.i0 -1 -1.14000149447
DS2.d834.s3.i0 -1 0.197917724142
DS2.d855.s0.i0 1.0 0.992735453265
DS2.d855.s1.i0 1.0 0.178704068633
DS2.d878.s0.i0 -1 -0.536192998375
DS2.d889.s0.i0 1.0 1.07759589308
DS2.d889.s1.i0 1.0 1.54750411758
DS2.d906.s0.i0 1.0 1.54390423079
DS2.d906.s0.i1 1.0 1.36132495334
DS2.d906.s1.i0 1.0 0.482156232557
DS2.d916.s0.i0 1.0 0.919928351771
DS2.d920.s0.i0 -1 0.605047242314
DS2.d920.s0.i1 -1 -0.300196738899
DS2.d929.s0.i0 -1 0.539246182193
DS2.d929.s0.i1 -1 0.407516196062
DS2.d929.s0.i2 -1 0.515629360516
DS2.d929.s0.i3 -1 0.759046369697
DS2.d929.s0.i4 -1 0.514666744571
DS2.d929.s0.i5 -1 0.30284724022
DS2.d929.s0.i6 -1 0.473501399896
DS2.d929.s0.i7 -1 1.13366014352
DS2.d929.s0.i8 -1 0.578170355738
DS2.d933.s0.i0 1.0 0.868604424296
DS2.d939.s0.i0 1.0 0.217158586344
DS2.d977.s0.i0 -1 -1.62067454781
DS2.d977.s0.i1 -1 -1.37598136246
DS2.d984.s0.i0 1.0 0.361242687221
DS2.d984.s0.i1 1.0 0.361242687221
DS2.d990.s0.i0 1.0 -0.1748071186
DS2.d1014.s0.i0 -1 0.833612065822
DS2.d1014.s1.i0 1.0 1.10275021746
DS2.d1014.s2.i0 1.0 1.79130244365
DS2.d1022.s0.i0 1.0 0.296553362254
DS2.d1022.s0.i1 1.0 1.15298972552
DS2.d1022.s0.i2 1.0 0.809511720998
DS2.d1023.s0.i0 1.0 -0.357539374292
DS2.d1036.s0.i0 1.0 0.970185891784
DS2.d1036.s0.i1 1.0 0.965564405878
DS2.d1036.s0.i2 1.0 1.09943662037
DS2.d1036.s0.i3 1.0 0.690826956027
DS2.d1036.s1.i0 1.0 1.34687253907
DS2.d1036.s1.i1 1.0 0.592065704965
DS2.d1036.s1.i2 1.0 0.670575441926
DS2.d1036.s1.i3 1.0 1.20437908785
DS2.d1036.s2.i0 1.0 0.791321740273
DS2.d1036.s2.i1 1.0 0.791321740273
DS2.d1059.s0.i0 1.0 0.398973189981
DS2.d1062.s0.i0 -1 -0.663390752827
