DS2.d66.s0.i0 1.000000 0.197705
DS2.d66.s0.i1 1.000000 0.165653
DS2.d7.s0.i0 -1.000000 -0.031376
DS2.d1037.s0.i3 1.000000 -0.001418
DS2.d1037.s0.i2 1.000000 0.173056
DS2.d1037.s0.i1 1.000000 0.186804
DS2.d1037.s0.i0 1.000000 -0.023510
DS2.d1031.s0.i1 1.000000 1.265949
DS2.d1031.s0.i0 1.000000 1.265949
DS2.d230.s0.i0 1.000000 1.009369
DS2.d338.s0.i0 1.000000 0.641450
DS2.d165.s3.i0 1.000000 0.752105
DS2.d165.s2.i0 1.000000 0.606229
DS2.d165.s1.i0 1.000000 0.499563
DS2.d165.s1.i1 1.000000 0.299759
DS2.d165.s0.i0 -1.000000 -0.050975
DS2.d162.s0.i0 -1.000000 0.913405
DS2.d731.s0.i0 1.000000 0.589204
DS2.d536.s0.i0 1.000000 0.874761
DS2.d630.s0.i0 -1.000000 1.141365
DS2.d632.s0.i0 1.000000 0.209232
DS2.d961.s0.i1 -1.000000 -0.120897
DS2.d961.s0.i0 -1.000000 -0.097853
DS2.d963.s0.i1 -1.000000 -0.570755
DS2.d963.s0.i0 -1.000000 -0.585337
DS2.d584.s0.i0 -1.000000 -0.557386
DS2.d584.s0.i1 -1.000000 0.221708
DS2.d424.s1.i0 1.000000 0.613625
DS2.d424.s1.i1 1.000000 0.732309
DS2.d424.s0.i0 1.000000 1.006230
DS2.d426.s0.i1 1.000000 0.571637
DS2.d426.s0.i0 1.000000 0.784232
DS2.d862.s0.i0 -1.000000 0.402679
DS2.d613.s0.i1 -1.000000 0.522603
DS2.d613.s0.i0 1.000000 0.771535
DS2.d740.s0.i0 1.000000 -0.920075
DS2.d627.s0.i0 -1.000000 0.677544
DS2.d627.s0.i1 -1.000000 0.608078
DS2.d42.s0.i10 -1.000000 0.578377
DS2.d42.s0.i11 -1.000000 0.678341
DS2.d42.s0.i6 -1.000000 0.532020
DS2.d42.s0.i7 -1.000000 0.536787
DS2.d42.s0.i4 -1.000000 0.458737
DS2.d42.s0.i5 -1.000000 0.552598
DS2.d42.s0.i2 -1.000000 0.814575
DS2.d42.s0.i3 -1.000000 0.607974
DS2.d42.s0.i0 -1.000000 0.458494
DS2.d42.s0.i1 -1.000000 0.729929
DS2.d42.s0.i8 -1.000000 0.508717
DS2.d42.s0.i9 -1.000000 0.469976
DS2.d894.s0.i0 1.000000 -0.392369
DS2.d148.s0.i0 -1.000000 -0.311281
DS2.d148.s0.i1 -1.000000 -0.263527
DS2.d892.s0.i0 -1.000000 -0.474214
DS2.d892.s0.i1 -1.000000 -0.255020
DS2.d892.s0.i2 -1.000000 -0.266457
DS2.d892.s0.i3 -1.000000 -0.243022
DS2.d892.s0.i4 -1.000000 -0.203820
DS2.d892.s0.i5 -1.000000 -0.352111
DS2.d892.s0.i6 -1.000000 -0.187221
DS2.d892.s0.i7 -1.000000 -0.492734
DS2.d892.s1.i2 -1.000000 -0.134433
DS2.d892.s1.i1 -1.000000 0.045267
DS2.d892.s1.i0 -1.000000 -0.045951
DS2.d140.s2.i0 1.000000 0.793087
DS2.d140.s3.i1 1.000000 0.657026
DS2.d140.s3.i0 1.000000 0.716250
DS2.d140.s0.i4 1.000000 1.016520
DS2.d140.s0.i5 1.000000 1.091644
DS2.d140.s0.i0 1.000000 0.534055
DS2.d140.s0.i1 1.000000 0.608515
DS2.d140.s0.i2 1.000000 0.534055
DS2.d140.s0.i3 1.000000 0.608515
DS2.d140.s1.i1 1.000000 0.724914
DS2.d140.s1.i0 1.000000 0.824586
DS2.d140.s4.i0 1.000000 0.777331
DS2.d140.s4.i1 1.000000 1.031913
DS2.d140.s4.i2 1.000000 0.824256
DS2.d140.s4.i3 1.000000 0.763651
DS2.d140.s4.i4 1.000000 1.002992
DS2.d140.s4.i5 1.000000 0.275357
DS2.d140.s4.i6 1.000000 1.023772
DS2.d140.s4.i7 1.000000 0.720764
DS2.d899.s0.i0 1.000000 0.339070
DS2.d144.s0.i0 1.000000 1.278160
DS2.d145.s1.i2 -1.000000 -0.195793
DS2.d145.s1.i0 -1.000000 -0.456390
DS2.d145.s1.i1 -1.000000 -0.313682
DS2.d145.s0.i1 -1.000000 -0.014106
DS2.d145.s0.i0 1.000000 -0.118120
DS2.d145.s0.i2 1.000000 -0.080345
DS2.d696.s0.i0 1.000000 0.297952
DS2.d696.s0.i1 1.000000 0.297952
DS2.d697.s0.i0 1.000000 -0.419652
DS2.d350.s0.i0 1.000000 0.588512
DS2.d518.s1.i0 1.000000 0.358817
DS2.d518.s0.i0 -1.000000 0.102250
DS2.d355.s0.i0 1.000000 1.259132
DS2.d355.s0.i1 1.000000 1.341900
DS2.d516.s1.i0 1.000000 0.748921
DS2.d516.s0.i1 -1.000000 1.095430
DS2.d516.s0.i0 1.000000 1.343992
DS2.d511.s0.i2 1.000000 0.629540
DS2.d511.s0.i0 -1.000000 0.601901
DS2.d511.s0.i1 1.000000 0.620828
DS2.d869.s0.i0 1.000000 0.472652
DS2.d869.s0.i1 1.000000 0.472652
DS2.d949.s1.i2 1.000000 0.358160
DS2.d949.s1.i0 -1.000000 0.161842
DS2.d949.s1.i1 1.000000 0.336647
DS2.d949.s0.i1 1.000000 0.519644
DS2.d949.s0.i0 -1.000000 0.456310
DS2.d949.s0.i2 1.000000 0.603963
DS2.d949.s3.i0 -1.000000 0.767446
DS2.d949.s2.i0 1.000000 0.750885
DS2.d865.s0.i0 1.000000 0.396747
DS2.d864.s1.i0 1.000000 0.435317
DS2.d864.s1.i1 1.000000 0.422317
DS2.d864.s0.i0 1.000000 0.585177
DS2.d611.s0.i0 1.000000 1.063075
DS2.d39.s2.i0 1.000000 0.193636
DS2.d39.s0.i0 1.000000 0.326231
DS2.d39.s1.i0 1.000000 0.102099
DS2.d437.s1.i0 1.000000 0.907312
DS2.d437.s0.i0 1.000000 0.687230
DS2.d549.s1.i2 1.000000 0.459735
DS2.d549.s1.i3 1.000000 0.488569
DS2.d549.s1.i0 1.000000 0.976664
DS2.d549.s1.i1 1.000000 1.001884
DS2.d549.s0.i0 1.000000 0.289908
DS2.d689.s0.i0 -1.000000 0.086330
DS2.d885.s0.i0 -1.000000 0.622722
DS2.d885.s1.i3 -1.000000 0.140019
DS2.d885.s1.i2 -1.000000 0.207923
DS2.d885.s1.i1 -1.000000 0.169576
DS2.d885.s1.i0 -1.000000 0.215970
DS2.d202.s0.i0 1.000000 -0.777640
DS2.d447.s0.i0 1.000000 0.358402
DS2.d447.s1.i0 1.000000 0.985748
DS2.d157.s0.i4 -1.000000 0.243932
DS2.d157.s0.i5 -1.000000 0.245409
DS2.d157.s0.i6 -1.000000 0.275844
DS2.d157.s0.i7 -1.000000 0.233935
DS2.d157.s0.i0 -1.000000 0.102169
DS2.d157.s0.i1 -1.000000 0.058920
DS2.d157.s0.i2 -1.000000 -0.040603
DS2.d157.s0.i3 -1.000000 -0.094646
DS2.d157.s0.i8 -1.000000 -0.016005
DS2.d157.s0.i9 -1.000000 0.234693
DS2.d1065.s0.i4 1.000000 -0.049355
DS2.d1065.s0.i2 1.000000 -0.143627
DS2.d1065.s0.i3 1.000000 -0.139302
DS2.d1065.s0.i0 1.000000 -0.158855
DS2.d1065.s0.i1 1.000000 -0.152785
DS2.d150.s0.i0 1.000000 0.418300
DS2.d888.s0.i0 1.000000 0.246855
DS2.d748.s0.i0 1.000000 0.927832
DS2.d362.s0.i0 1.000000 0.825388
DS2.d360.s0.i0 1.000000 0.300373
DS2.d284.s0.i0 1.000000 0.729451
DS2.d767.s0.i0 -1.000000 0.004890
DS2.d561.s3.i0 -1.000000 -0.283864
DS2.d561.s3.i1 -1.000000 -0.283210
DS2.d561.s2.i0 -1.000000 -0.301419
DS2.d561.s1.i0 -1.000000 -0.609913
DS2.d561.s0.i0 -1.000000 -0.375592
DS2.d29.s0.i0 1.000000 0.772754
DS2.d442.s1.i0 1.000000 0.201730
DS2.d442.s0.i0 -1.000000 -0.117575
DS2.d22.s0.i0 1.000000 1.377649
DS2.d26.s0.i0 -1.000000 -0.708075
DS2.d26.s0.i1 -1.000000 -1.118656
DS2.d26.s0.i2 -1.000000 -0.867610
DS2.d26.s0.i3 -1.000000 -1.081547
DS2.d26.s0.i4 -1.000000 -0.941975
DS2.d26.s0.i5 -1.000000 -0.842070
DS2.d26.s0.i6 -1.000000 -0.865918
DS2.d26.s0.i7 -1.000000 -0.992567
DS2.d1061.s0.i0 1.000000 0.898257
DS2.d684.s1.i0 -1.000000 -0.018483
DS2.d684.s1.i1 -1.000000 -0.078061
DS2.d684.s1.i2 1.000000 -0.122094
DS2.d684.s1.i3 1.000000 -0.124566
DS2.d684.s0.i1 1.000000 0.517004
DS2.d684.s0.i0 -1.000000 0.816013
DS2.d573.s0.i0 1.000000 1.447869
DS2.d573.s1.i0 1.000000 0.922475
DS2.d572.s0.i0 1.000000 1.708193
DS2.d1010.s0.i0 -1.000000 0.687781
DS2.d461.s0.i0 1.000000 1.065528
DS2.d988.s0.i0 -1.000000 0.531510
DS2.d9.s0.i0 1.000000 0.798457
DS2.d9.s0.i1 1.000000 0.702836
DS2.d1045.s0.i0 1.000000 0.914344
DS2.d1045.s0.i1 1.000000 1.241980
DS2.d469.s0.i4 -1.000000 -0.652188
DS2.d469.s0.i2 1.000000 -0.320666
DS2.d469.s0.i3 1.000000 -0.320666
DS2.d469.s0.i0 -1.000000 -0.652188
DS2.d469.s0.i1 -1.000000 -0.652188
DS2.d468.s2.i0 -1.000000 0.946464
DS2.d468.s1.i0 1.000000 -0.062126
DS2.d468.s1.i1 1.000000 0.116036
DS2.d468.s0.i1 -1.000000 0.522328
DS2.d468.s0.i0 1.000000 0.800879
DS2.d980.s0.i0 -1.000000 -0.600895
DS2.d980.s0.i1 -1.000000 -0.691703
DS2.d980.s1.i0 -1.000000 -0.414502
DS2.d264.s0.i0 -1.000000 0.143680
DS2.d136.s0.i0 -1.000000 -0.411129
DS2.d709.s1.i0 1.000000 0.589037
DS2.d709.s0.i0 1.000000 0.884792
DS2.d548.s0.i0 1.000000 -0.304926
DS2.d548.s0.i1 1.000000 0.121864
DS2.d548.s0.i2 1.000000 -0.130819
DS2.d548.s0.i3 1.000000 -0.003861
DS2.d548.s0.i4 1.000000 -0.188166
DS2.d548.s0.i5 1.000000 0.154954
DS2.d548.s0.i6 1.000000 0.025787
DS2.d548.s0.i7 1.000000 -0.239848
DS2.d835.s0.i0 1.000000 -0.055418
DS2.d545.s0.i1 -1.000000 0.446957
DS2.d545.s0.i0 -1.000000 0.446238
DS2.d389.s0.i1 1.000000 0.711536
DS2.d389.s0.i0 1.000000 0.543023
DS2.d186.s0.i0 1.000000 0.506109
DS2.d186.s0.i1 1.000000 0.642939
DS2.d1051.s0.i0 1.000000 1.068734
DS2.d182.s0.i0 -1.000000 0.731272
DS2.d996.s1.i0 -1.000000 -0.588118
DS2.d996.s0.i0 -1.000000 0.117891
DS2.d996.s3.i0 -1.000000 -0.357871
DS2.d996.s2.i0 -1.000000 -0.392988
DS2.d793.s0.i0 1.000000 0.287854
DS2.d790.s1.i0 -1.000000 0.223241
DS2.d790.s0.i0 1.000000 0.766017
DS2.d99.s0.i6 -1.000000 -0.435523
DS2.d99.s0.i4 1.000000 -0.478885
DS2.d99.s0.i5 -1.000000 -0.397401
DS2.d99.s0.i2 1.000000 -0.231141
DS2.d99.s0.i3 1.000000 -0.229384
DS2.d99.s0.i0 1.000000 -0.448031
DS2.d99.s0.i1 1.000000 -0.495306
DS2.d416.s0.i0 1.000000 0.907171
DS2.d109.s0.i0 -1.000000 0.208301
DS2.d94.s0.i1 1.000000 0.509414
DS2.d94.s0.i0 1.000000 0.380373
DS2.d657.s3.i0 1.000000 0.715964
DS2.d657.s2.i0 1.000000 0.591450
DS2.d657.s1.i0 1.000000 0.582450
DS2.d657.s1.i1 1.000000 0.403922
DS2.d657.s0.i1 1.000000 0.887949
DS2.d657.s0.i0 1.000000 1.402870
DS2.d396.s0.i3 -1.000000 0.236215
DS2.d396.s0.i2 1.000000 0.471019
DS2.d396.s0.i1 1.000000 0.231175
DS2.d396.s0.i0 -1.000000 -0.003369
DS2.d452.s0.i0 -1.000000 -1.028064
DS2.d490.s0.i0 1.000000 0.170399
DS2.d490.s0.i1 1.000000 -0.046904
DS2.d717.s0.i0 1.000000 0.153435
DS2.d717.s0.i1 1.000000 0.196878
DS2.d843.s0.i0 -1.000000 -0.679255
DS2.d843.s1.i0 -1.000000 -0.870508
DS2.d74.s0.i1 1.000000 0.586903
DS2.d74.s0.i0 1.000000 0.558310
DS2.d74.s0.i2 -1.000000 0.350338
DS2.d847.s0.i0 1.000000 -0.370955
DS2.d847.s0.i1 -1.000000 -0.746006
DS2.d1025.s0.i0 1.000000 0.543929
DS2.d1025.s0.i1 1.000000 0.549543
DS2.d1025.s1.i1 1.000000 0.271263
DS2.d1025.s1.i0 1.000000 0.138934
DS2.d320.s0.i0 1.000000 0.254489
DS2.d659.s0.i0 -1.000000 0.067557
DS2.d242.s0.i0 -1.000000 -0.264927
DS2.d111.s0.i2 -1.000000 -0.174789
DS2.d111.s0.i0 -1.000000 0.941846
DS2.d111.s0.i1 -1.000000 0.761806
DS2.d401.s0.i0 -1.000000 -0.653626
DS2.d401.s1.i0 1.000000 0.039966
DS2.d910.s0.i1 1.000000 0.322287
DS2.d910.s0.i0 1.000000 0.164089
