DS2.d66.s0.i0 1.000000 0.258902
DS2.d66.s0.i1 1.000000 0.182116
DS2.d7.s0.i0 -1.000000 0.127329
DS2.d1037.s0.i3 1.000000 -0.043457
DS2.d1037.s0.i2 1.000000 0.104644
DS2.d1037.s0.i1 1.000000 0.121959
DS2.d1037.s0.i0 1.000000 -0.068314
DS2.d1031.s0.i1 1.000000 1.049628
DS2.d1031.s0.i0 1.000000 1.049628
DS2.d230.s0.i0 1.000000 0.948380
DS2.d338.s0.i0 1.000000 0.591349
DS2.d165.s3.i0 1.000000 0.704408
DS2.d165.s2.i0 1.000000 0.619554
DS2.d165.s1.i0 1.000000 0.368817
DS2.d165.s1.i1 1.000000 0.219023
DS2.d165.s0.i0 -1.000000 -0.032234
DS2.d162.s0.i0 -1.000000 0.787767
DS2.d731.s0.i0 1.000000 0.597417
DS2.d536.s0.i0 1.000000 0.881776
DS2.d630.s0.i0 -1.000000 0.933712
DS2.d632.s0.i0 1.000000 0.125870
DS2.d961.s0.i1 -1.000000 -0.021146
DS2.d961.s0.i0 -1.000000 -0.007642
DS2.d963.s0.i1 -1.000000 -0.585067
DS2.d963.s0.i0 -1.000000 -0.649446
DS2.d584.s0.i0 -1.000000 -0.423771
DS2.d584.s0.i1 -1.000000 0.169050
DS2.d424.s1.i0 1.000000 0.574925
DS2.d424.s1.i1 1.000000 0.728084
DS2.d424.s0.i0 1.000000 0.840983
DS2.d426.s0.i1 1.000000 0.544636
DS2.d426.s0.i0 1.000000 0.658830
DS2.d862.s0.i0 -1.000000 0.369298
DS2.d613.s0.i1 -1.000000 0.619636
DS2.d613.s0.i0 1.000000 0.732073
DS2.d740.s0.i0 1.000000 -0.717671
DS2.d627.s0.i0 -1.000000 0.550022
DS2.d627.s0.i1 -1.000000 0.519878
DS2.d42.s0.i10 -1.000000 0.428633
DS2.d42.s0.i11 -1.000000 0.548783
DS2.d42.s0.i6 -1.000000 0.450609
DS2.d42.s0.i7 -1.000000 0.377937
DS2.d42.s0.i4 -1.000000 0.360877
DS2.d42.s0.i5 -1.000000 0.473108
DS2.d42.s0.i2 -1.000000 0.648112
DS2.d42.s0.i3 -1.000000 0.391505
DS2.d42.s0.i0 -1.000000 0.349299
DS2.d42.s0.i1 -1.000000 0.531474
DS2.d42.s0.i8 -1.000000 0.340870
DS2.d42.s0.i9 -1.000000 0.308299
DS2.d894.s0.i0 1.000000 -0.122160
DS2.d148.s0.i0 -1.000000 -0.248982
DS2.d148.s0.i1 -1.000000 -0.195318
DS2.d892.s0.i0 -1.000000 -0.501275
DS2.d892.s0.i1 -1.000000 -0.271624
DS2.d892.s0.i2 -1.000000 -0.346039
DS2.d892.s0.i3 -1.000000 -0.278239
DS2.d892.s0.i4 -1.000000 -0.246399
DS2.d892.s0.i5 -1.000000 -0.413843
DS2.d892.s0.i6 -1.000000 -0.239207
DS2.d892.s0.i7 -1.000000 -0.497352
DS2.d892.s1.i2 -1.000000 -0.199205
DS2.d892.s1.i1 -1.000000 -0.060027
DS2.d892.s1.i0 -1.000000 -0.113003
DS2.d140.s2.i0 1.000000 0.641848
DS2.d140.s3.i1 1.000000 0.549428
DS2.d140.s3.i0 1.000000 0.556061
DS2.d140.s0.i4 1.000000 0.823154
DS2.d140.s0.i5 1.000000 0.959036
DS2.d140.s0.i0 1.000000 0.482781
DS2.d140.s0.i1 1.000000 0.614568
DS2.d140.s0.i2 1.000000 0.482781
DS2.d140.s0.i3 1.000000 0.614568
DS2.d140.s1.i1 1.000000 0.622363
DS2.d140.s1.i0 1.000000 0.732628
DS2.d140.s4.i0 1.000000 0.620695
DS2.d140.s4.i1 1.000000 0.869661
DS2.d140.s4.i2 1.000000 0.689094
DS2.d140.s4.i3 1.000000 0.674814
DS2.d140.s4.i4 1.000000 0.823835
DS2.d140.s4.i5 1.000000 0.270748
DS2.d140.s4.i6 1.000000 0.886538
DS2.d140.s4.i7 1.000000 0.630745
DS2.d899.s0.i0 1.000000 0.256557
DS2.d144.s0.i0 1.000000 1.130928
DS2.d145.s1.i2 -1.000000 -0.153150
DS2.d145.s1.i0 -1.000000 -0.339421
DS2.d145.s1.i1 -1.000000 -0.240170
DS2.d145.s0.i1 -1.000000 -0.055430
DS2.d145.s0.i0 1.000000 -0.137340
DS2.d145.s0.i2 1.000000 -0.083804
DS2.d696.s0.i0 1.000000 0.268736
DS2.d696.s0.i1 1.000000 0.268736
DS2.d697.s0.i0 1.000000 -0.443825
DS2.d350.s0.i0 1.000000 0.555980
DS2.d518.s1.i0 1.000000 0.397494
DS2.d518.s0.i0 -1.000000 0.161032
DS2.d355.s0.i0 1.000000 1.073849
DS2.d355.s0.i1 1.000000 1.197052
DS2.d516.s1.i0 1.000000 0.592312
DS2.d516.s0.i1 -1.000000 0.854828
DS2.d516.s0.i0 1.000000 0.992850
DS2.d511.s0.i2 1.000000 0.553118
DS2.d511.s0.i0 -1.000000 0.572274
DS2.d511.s0.i1 1.000000 0.528986
DS2.d869.s0.i0 1.000000 0.539511
DS2.d869.s0.i1 1.000000 0.539511
DS2.d949.s1.i2 1.000000 0.253737
DS2.d949.s1.i0 -1.000000 0.133191
DS2.d949.s1.i1 1.000000 0.175964
DS2.d949.s0.i1 1.000000 0.462809
DS2.d949.s0.i0 -1.000000 0.476794
DS2.d949.s0.i2 1.000000 0.581863
DS2.d949.s3.i0 -1.000000 0.607157
DS2.d949.s2.i0 1.000000 0.574139
DS2.d865.s0.i0 1.000000 0.477637
DS2.d864.s1.i0 1.000000 0.500610
DS2.d864.s1.i1 1.000000 0.525598
DS2.d864.s0.i0 1.000000 0.667942
DS2.d611.s0.i0 1.000000 0.954794
DS2.d39.s2.i0 1.000000 0.182929
DS2.d39.s0.i0 1.000000 0.438446
DS2.d39.s1.i0 1.000000 0.094023
DS2.d437.s1.i0 1.000000 0.800201
DS2.d437.s0.i0 1.000000 0.707018
DS2.d549.s1.i2 1.000000 0.488306
DS2.d549.s1.i3 1.000000 0.487776
DS2.d549.s1.i0 1.000000 0.937401
DS2.d549.s1.i1 1.000000 0.927318
DS2.d549.s0.i0 1.000000 0.246359
DS2.d689.s0.i0 -1.000000 0.133558
DS2.d885.s0.i0 -1.000000 0.562690
DS2.d885.s1.i3 -1.000000 0.073014
DS2.d885.s1.i2 -1.000000 0.094140
DS2.d885.s1.i1 -1.000000 0.117443
DS2.d885.s1.i0 -1.000000 0.148427
DS2.d202.s0.i0 1.000000 -0.544440
DS2.d447.s0.i0 1.000000 0.431598
DS2.d447.s1.i0 1.000000 1.005837
DS2.d157.s0.i4 -1.000000 0.137583
DS2.d157.s0.i5 -1.000000 0.084907
DS2.d157.s0.i6 -1.000000 0.105679
DS2.d157.s0.i7 -1.000000 0.083055
DS2.d157.s0.i0 -1.000000 0.034308
DS2.d157.s0.i1 -1.000000 -0.039966
DS2.d157.s0.i2 -1.000000 -0.112612
DS2.d157.s0.i3 -1.000000 -0.152783
DS2.d157.s0.i8 -1.000000 -0.095991
DS2.d157.s0.i9 -1.000000 0.090743
DS2.d1065.s0.i4 1.000000 -0.183954
DS2.d1065.s0.i2 1.000000 -0.231642
DS2.d1065.s0.i3 1.000000 -0.253185
DS2.d1065.s0.i0 1.000000 -0.286085
DS2.d1065.s0.i1 1.000000 -0.287219
DS2.d150.s0.i0 1.000000 0.534753
DS2.d888.s0.i0 1.000000 0.154632
DS2.d748.s0.i0 1.000000 0.897082
DS2.d362.s0.i0 1.000000 0.796007
DS2.d360.s0.i0 1.000000 0.237187
DS2.d284.s0.i0 1.000000 0.805162
DS2.d767.s0.i0 -1.000000 0.203818
DS2.d561.s3.i0 -1.000000 -0.247588
DS2.d561.s3.i1 -1.000000 -0.193231
DS2.d561.s2.i0 -1.000000 -0.237977
DS2.d561.s1.i0 -1.000000 -0.463818
DS2.d561.s0.i0 -1.000000 -0.249844
DS2.d29.s0.i0 1.000000 0.667309
DS2.d442.s1.i0 1.000000 0.156794
DS2.d442.s0.i0 -1.000000 -0.242467
DS2.d22.s0.i0 1.000000 1.234924
DS2.d26.s0.i0 -1.000000 -0.721288
DS2.d26.s0.i1 -1.000000 -1.031744
DS2.d26.s0.i2 -1.000000 -0.787581
DS2.d26.s0.i3 -1.000000 -0.989962
DS2.d26.s0.i4 -1.000000 -0.868911
DS2.d26.s0.i5 -1.000000 -0.831432
DS2.d26.s0.i6 -1.000000 -0.821257
DS2.d26.s0.i7 -1.000000 -0.910180
DS2.d1061.s0.i0 1.000000 0.809195
DS2.d684.s1.i0 -1.000000 0.247875
DS2.d684.s1.i1 -1.000000 0.181011
DS2.d684.s1.i2 1.000000 0.089328
DS2.d684.s1.i3 1.000000 0.108805
DS2.d684.s0.i1 1.000000 0.704985
DS2.d684.s0.i0 -1.000000 0.888498
DS2.d573.s0.i0 1.000000 1.237662
DS2.d573.s1.i0 1.000000 0.796090
DS2.d572.s0.i0 1.000000 1.575191
DS2.d1010.s0.i0 -1.000000 0.553911
DS2.d461.s0.i0 1.000000 0.975782
DS2.d988.s0.i0 -1.000000 0.425103
DS2.d9.s0.i0 1.000000 0.603474
DS2.d9.s0.i1 1.000000 0.527623
DS2.d1045.s0.i0 1.000000 0.902037
DS2.d1045.s0.i1 1.000000 1.063925
DS2.d469.s0.i4 -1.000000 -0.345712
DS2.d469.s0.i2 1.000000 -0.123572
DS2.d469.s0.i3 1.000000 -0.123572
DS2.d469.s0.i0 -1.000000 -0.345712
DS2.d469.s0.i1 -1.000000 -0.345712
DS2.d468.s2.i0 -1.000000 0.840576
DS2.d468.s1.i0 1.000000 -0.003294
DS2.d468.s1.i1 1.000000 0.066361
DS2.d468.s0.i1 -1.000000 0.572476
DS2.d468.s0.i0 1.000000 0.774008
DS2.d980.s0.i0 -1.000000 -0.597552
DS2.d980.s0.i1 -1.000000 -0.681431
DS2.d980.s1.i0 -1.000000 -0.381099
DS2.d264.s0.i0 -1.000000 0.142755
DS2.d136.s0.i0 -1.000000 -0.402876
DS2.d709.s1.i0 1.000000 0.539143
DS2.d709.s0.i0 1.000000 0.883943
DS2.d548.s0.i0 1.000000 -0.126179
DS2.d548.s0.i1 1.000000 0.176981
DS2.d548.s0.i2 1.000000 -0.005431
DS2.d548.s0.i3 1.000000 0.066466
DS2.d548.s0.i4 1.000000 -0.022005
DS2.d548.s0.i5 1.000000 0.233159
DS2.d548.s0.i6 1.000000 0.123333
DS2.d548.s0.i7 1.000000 -0.109217
DS2.d835.s0.i0 1.000000 -0.055187
DS2.d545.s0.i1 -1.000000 0.415238
DS2.d545.s0.i0 -1.000000 0.450530
DS2.d389.s0.i1 1.000000 0.727491
DS2.d389.s0.i0 1.000000 0.587872
DS2.d186.s0.i0 1.000000 0.416033
DS2.d186.s0.i1 1.000000 0.556129
DS2.d1051.s0.i0 1.000000 0.967179
DS2.d182.s0.i0 -1.000000 0.721194
DS2.d996.s1.i0 -1.000000 -0.464223
DS2.d996.s0.i0 -1.000000 0.247815
DS2.d996.s3.i0 -1.000000 -0.228440
DS2.d996.s2.i0 -1.000000 -0.355950
DS2.d793.s0.i0 1.000000 0.288424
DS2.d790.s1.i0 -1.000000 0.233808
DS2.d790.s0.i0 1.000000 0.762540
DS2.d99.s0.i6 -1.000000 -0.338008
DS2.d99.s0.i4 1.000000 -0.365892
DS2.d99.s0.i5 -1.000000 -0.315485
DS2.d99.s0.i2 1.000000 -0.202186
DS2.d99.s0.i3 1.000000 -0.212241
DS2.d99.s0.i0 1.000000 -0.328414
DS2.d99.s0.i1 1.000000 -0.373203
DS2.d416.s0.i0 1.000000 0.892083
DS2.d109.s0.i0 -1.000000 0.307506
DS2.d94.s0.i1 1.000000 0.449459
DS2.d94.s0.i0 1.000000 0.348531
DS2.d657.s3.i0 1.000000 0.643494
DS2.d657.s2.i0 1.000000 0.519801
DS2.d657.s1.i0 1.000000 0.459049
DS2.d657.s1.i1 1.000000 0.307222
DS2.d657.s0.i1 1.000000 0.945183
DS2.d657.s0.i0 1.000000 1.205495
DS2.d396.s0.i3 -1.000000 0.282291
DS2.d396.s0.i2 1.000000 0.414448
DS2.d396.s0.i1 1.000000 0.234602
DS2.d396.s0.i0 -1.000000 0.098357
DS2.d452.s0.i0 -1.000000 -0.764807
DS2.d490.s0.i0 1.000000 0.065369
DS2.d490.s0.i1 1.000000 -0.097131
DS2.d717.s0.i0 1.000000 0.179654
DS2.d717.s0.i1 1.000000 0.246550
DS2.d843.s0.i0 -1.000000 -0.622407
DS2.d843.s1.i0 -1.000000 -0.722881
DS2.d74.s0.i1 1.000000 0.466619
DS2.d74.s0.i0 1.000000 0.451988
DS2.d74.s0.i2 -1.000000 0.373979
DS2.d847.s0.i0 1.000000 -0.319838
DS2.d847.s0.i1 -1.000000 -0.594008
DS2.d1025.s0.i0 1.000000 0.462216
DS2.d1025.s0.i1 1.000000 0.473245
DS2.d1025.s1.i1 1.000000 0.144434
DS2.d1025.s1.i0 1.000000 0.117458
DS2.d320.s0.i0 1.000000 0.231207
DS2.d659.s0.i0 -1.000000 0.208576
DS2.d242.s0.i0 -1.000000 -0.161262
DS2.d111.s0.i2 -1.000000 -0.131291
DS2.d111.s0.i0 -1.000000 0.759160
DS2.d111.s0.i1 -1.000000 0.554777
DS2.d401.s0.i0 -1.000000 -0.669721
DS2.d401.s1.i0 1.000000 -0.098247
DS2.d910.s0.i1 1.000000 0.240136
DS2.d910.s0.i0 1.000000 0.097181
