DS2.d66.s0.i0 1.000000 0.230000
DS2.d66.s0.i1 1.000000 0.164462
DS2.d7.s0.i0 -1.000000 0.054351
DS2.d1037.s0.i3 1.000000 -0.032689
DS2.d1037.s0.i2 1.000000 0.139442
DS2.d1037.s0.i1 1.000000 0.157088
DS2.d1037.s0.i0 1.000000 -0.058387
DS2.d1031.s0.i1 1.000000 1.163115
DS2.d1031.s0.i0 1.000000 1.163115
DS2.d230.s0.i0 1.000000 0.993209
DS2.d338.s0.i0 1.000000 0.619078
DS2.d165.s3.i0 1.000000 0.746972
DS2.d165.s2.i0 1.000000 0.618699
DS2.d165.s1.i0 1.000000 0.436408
DS2.d165.s1.i1 1.000000 0.255301
DS2.d165.s0.i0 -1.000000 -0.035782
DS2.d162.s0.i0 -1.000000 0.854683
DS2.d731.s0.i0 1.000000 0.585651
DS2.d536.s0.i0 1.000000 0.878193
DS2.d630.s0.i0 -1.000000 1.045195
DS2.d632.s0.i0 1.000000 0.151971
DS2.d961.s0.i1 -1.000000 -0.063437
DS2.d961.s0.i0 -1.000000 -0.046049
DS2.d963.s0.i1 -1.000000 -0.595097
DS2.d963.s0.i0 -1.000000 -0.637085
DS2.d584.s0.i0 -1.000000 -0.509093
DS2.d584.s0.i1 -1.000000 0.187199
DS2.d424.s1.i0 1.000000 0.598642
DS2.d424.s1.i1 1.000000 0.740682
DS2.d424.s0.i0 1.000000 0.921777
DS2.d426.s0.i1 1.000000 0.564309
DS2.d426.s0.i0 1.000000 0.722507
DS2.d862.s0.i0 -1.000000 0.390910
DS2.d613.s0.i1 -1.000000 0.564557
DS2.d613.s0.i0 1.000000 0.736015
DS2.d740.s0.i0 1.000000 -0.832965
DS2.d627.s0.i0 -1.000000 0.616695
DS2.d627.s0.i1 -1.000000 0.563441
DS2.d42.s0.i10 -1.000000 0.508445
DS2.d42.s0.i11 -1.000000 0.624429
DS2.d42.s0.i6 -1.000000 0.499559
DS2.d42.s0.i7 -1.000000 0.459628
DS2.d42.s0.i4 -1.000000 0.413298
DS2.d42.s0.i5 -1.000000 0.521586
DS2.d42.s0.i2 -1.000000 0.739172
DS2.d42.s0.i3 -1.000000 0.500594
DS2.d42.s0.i0 -1.000000 0.406981
DS2.d42.s0.i1 -1.000000 0.631998
DS2.d42.s0.i8 -1.000000 0.424002
DS2.d42.s0.i9 -1.000000 0.387902
DS2.d894.s0.i0 1.000000 -0.271538
DS2.d148.s0.i0 -1.000000 -0.288459
DS2.d148.s0.i1 -1.000000 -0.238821
DS2.d892.s0.i0 -1.000000 -0.490537
DS2.d892.s0.i1 -1.000000 -0.252900
DS2.d892.s0.i2 -1.000000 -0.305764
DS2.d892.s0.i3 -1.000000 -0.252967
DS2.d892.s0.i4 -1.000000 -0.220611
DS2.d892.s0.i5 -1.000000 -0.388165
DS2.d892.s0.i6 -1.000000 -0.204858
DS2.d892.s0.i7 -1.000000 -0.495138
DS2.d892.s1.i2 -1.000000 -0.163758
DS2.d892.s1.i1 -1.000000 0.000021
DS2.d892.s1.i0 -1.000000 -0.073126
DS2.d140.s2.i0 1.000000 0.723161
DS2.d140.s3.i1 1.000000 0.605982
DS2.d140.s3.i0 1.000000 0.637007
DS2.d140.s0.i4 1.000000 0.920845
DS2.d140.s0.i5 1.000000 1.038763
DS2.d140.s0.i0 1.000000 0.501537
DS2.d140.s0.i1 1.000000 0.616891
DS2.d140.s0.i2 1.000000 0.501537
DS2.d140.s0.i3 1.000000 0.616891
DS2.d140.s1.i1 1.000000 0.678954
DS2.d140.s1.i0 1.000000 0.793931
DS2.d140.s4.i0 1.000000 0.693836
DS2.d140.s4.i1 1.000000 0.959932
DS2.d140.s4.i2 1.000000 0.761185
DS2.d140.s4.i3 1.000000 0.728518
DS2.d140.s4.i4 1.000000 0.918528
DS2.d140.s4.i5 1.000000 0.261056
DS2.d140.s4.i6 1.000000 0.971283
DS2.d140.s4.i7 1.000000 0.678951
DS2.d899.s0.i0 1.000000 0.313487
DS2.d144.s0.i0 1.000000 1.220403
DS2.d145.s1.i2 -1.000000 -0.180793
DS2.d145.s1.i0 -1.000000 -0.407991
DS2.d145.s1.i1 -1.000000 -0.284532
DS2.d145.s0.i1 -1.000000 -0.025190
DS2.d145.s0.i0 1.000000 -0.121048
DS2.d145.s0.i2 1.000000 -0.068871
DS2.d696.s0.i0 1.000000 0.284601
DS2.d696.s0.i1 1.000000 0.284601
DS2.d697.s0.i0 1.000000 -0.432679
DS2.d350.s0.i0 1.000000 0.571535
DS2.d518.s1.i0 1.000000 0.387054
DS2.d518.s0.i0 -1.000000 0.127113
DS2.d355.s0.i0 1.000000 1.176648
DS2.d355.s0.i1 1.000000 1.286675
DS2.d516.s1.i0 1.000000 0.677714
DS2.d516.s0.i1 -1.000000 0.991395
DS2.d516.s0.i0 1.000000 1.171155
DS2.d511.s0.i2 1.000000 0.604187
DS2.d511.s0.i0 -1.000000 0.602753
DS2.d511.s0.i1 1.000000 0.586018
DS2.d869.s0.i0 1.000000 0.511891
DS2.d869.s0.i1 1.000000 0.511891
DS2.d949.s1.i2 1.000000 0.309618
DS2.d949.s1.i0 -1.000000 0.155907
DS2.d949.s1.i1 1.000000 0.254408
DS2.d949.s0.i1 1.000000 0.500209
DS2.d949.s0.i0 -1.000000 0.486599
DS2.d949.s0.i2 1.000000 0.611846
DS2.d949.s3.i0 -1.000000 0.681349
DS2.d949.s2.i0 1.000000 0.664498
DS2.d865.s0.i0 1.000000 0.448160
DS2.d864.s1.i0 1.000000 0.461429
DS2.d864.s1.i1 1.000000 0.474873
DS2.d864.s0.i0 1.000000 0.634750
DS2.d611.s0.i0 1.000000 1.015692
DS2.d39.s2.i0 1.000000 0.182903
DS2.d39.s0.i0 1.000000 0.376989
DS2.d39.s1.i0 1.000000 0.097737
DS2.d437.s1.i0 1.000000 0.864504
DS2.d437.s0.i0 1.000000 0.703958
DS2.d549.s1.i2 1.000000 0.466643
DS2.d549.s1.i3 1.000000 0.478825
DS2.d549.s1.i0 1.000000 0.965673
DS2.d549.s1.i1 1.000000 0.969946
DS2.d549.s0.i0 1.000000 0.267945
DS2.d689.s0.i0 -1.000000 0.116804
DS2.d885.s0.i0 -1.000000 0.592631
DS2.d885.s1.i3 -1.000000 0.104320
DS2.d885.s1.i2 -1.000000 0.143722
DS2.d885.s1.i1 -1.000000 0.141306
DS2.d885.s1.i0 -1.000000 0.183353
DS2.d202.s0.i0 1.000000 -0.669897
DS2.d447.s0.i0 1.000000 0.417632
DS2.d447.s1.i0 1.000000 1.010145
DS2.d157.s0.i4 -1.000000 0.200920
DS2.d157.s0.i5 -1.000000 0.169515
DS2.d157.s0.i6 -1.000000 0.196254
DS2.d157.s0.i7 -1.000000 0.164599
DS2.d157.s0.i0 -1.000000 0.074811
DS2.d157.s0.i1 -1.000000 0.016191
DS2.d157.s0.i2 -1.000000 -0.069656
DS2.d157.s0.i3 -1.000000 -0.120203
DS2.d157.s0.i8 -1.000000 -0.049884
DS2.d157.s0.i9 -1.000000 0.168510
DS2.d1065.s0.i4 1.000000 -0.107356
DS2.d1065.s0.i2 1.000000 -0.177131
DS2.d1065.s0.i3 1.000000 -0.191548
DS2.d1065.s0.i0 1.000000 -0.218147
DS2.d1065.s0.i1 1.000000 -0.216310
DS2.d150.s0.i0 1.000000 0.472380
DS2.d888.s0.i0 1.000000 0.198208
DS2.d748.s0.i0 1.000000 0.906729
DS2.d362.s0.i0 1.000000 0.820451
DS2.d360.s0.i0 1.000000 0.274719
DS2.d284.s0.i0 1.000000 0.772386
DS2.d767.s0.i0 -1.000000 0.110541
DS2.d561.s3.i0 -1.000000 -0.275345
DS2.d561.s3.i1 -1.000000 -0.242388
DS2.d561.s2.i0 -1.000000 -0.266967
DS2.d561.s1.i0 -1.000000 -0.554072
DS2.d561.s0.i0 -1.000000 -0.318038
DS2.d29.s0.i0 1.000000 0.729541
DS2.d442.s1.i0 1.000000 0.183961
DS2.d442.s0.i0 -1.000000 -0.186605
DS2.d22.s0.i0 1.000000 1.314068
DS2.d26.s0.i0 -1.000000 -0.728331
DS2.d26.s0.i1 -1.000000 -1.096393
DS2.d26.s0.i2 -1.000000 -0.832315
DS2.d26.s0.i3 -1.000000 -1.055826
DS2.d26.s0.i4 -1.000000 -0.916909
DS2.d26.s0.i5 -1.000000 -0.854266
DS2.d26.s0.i6 -1.000000 -0.858103
DS2.d26.s0.i7 -1.000000 -0.967803
DS2.d1061.s0.i0 1.000000 0.853539
DS2.d684.s1.i0 -1.000000 0.115152
DS2.d684.s1.i1 -1.000000 0.052343
DS2.d684.s1.i2 1.000000 -0.022866
DS2.d684.s1.i3 1.000000 -0.015012
DS2.d684.s0.i1 1.000000 0.615317
DS2.d684.s0.i0 -1.000000 0.858224
DS2.d573.s0.i0 1.000000 1.340320
DS2.d573.s1.i0 1.000000 0.853778
DS2.d572.s0.i0 1.000000 1.659156
DS2.d1010.s0.i0 -1.000000 0.628305
DS2.d461.s0.i0 1.000000 1.037104
DS2.d988.s0.i0 -1.000000 0.475983
DS2.d9.s0.i0 1.000000 0.712890
DS2.d9.s0.i1 1.000000 0.631927
DS2.d1045.s0.i0 1.000000 0.938607
DS2.d1045.s0.i1 1.000000 1.179870
DS2.d469.s0.i4 -1.000000 -0.496706
DS2.d469.s0.i2 1.000000 -0.211958
DS2.d469.s0.i3 1.000000 -0.211958
DS2.d469.s0.i0 -1.000000 -0.496706
DS2.d469.s0.i1 -1.000000 -0.496706
DS2.d468.s2.i0 -1.000000 0.894239
DS2.d468.s1.i0 1.000000 -0.039816
DS2.d468.s1.i1 1.000000 0.075412
DS2.d468.s0.i1 -1.000000 0.547917
DS2.d468.s0.i0 1.000000 0.787540
DS2.d980.s0.i0 -1.000000 -0.603093
DS2.d980.s0.i1 -1.000000 -0.696464
DS2.d980.s1.i0 -1.000000 -0.418475
DS2.d264.s0.i0 -1.000000 0.140341
DS2.d136.s0.i0 -1.000000 -0.412953
DS2.d709.s1.i0 1.000000 0.561540
DS2.d709.s0.i0 1.000000 0.889495
DS2.d548.s0.i0 1.000000 -0.212335
DS2.d548.s0.i1 1.000000 0.152799
DS2.d548.s0.i2 1.000000 -0.061577
DS2.d548.s0.i3 1.000000 0.027255
DS2.d548.s0.i4 1.000000 -0.094234
DS2.d548.s0.i5 1.000000 0.203023
DS2.d548.s0.i6 1.000000 0.076118
DS2.d548.s0.i7 1.000000 -0.175956
DS2.d835.s0.i0 1.000000 -0.056427
DS2.d545.s0.i1 -1.000000 0.420373
DS2.d545.s0.i0 -1.000000 0.438371
DS2.d389.s0.i1 1.000000 0.719341
DS2.d389.s0.i0 1.000000 0.569609
DS2.d186.s0.i0 1.000000 0.457948
DS2.d186.s0.i1 1.000000 0.598489
DS2.d1051.s0.i0 1.000000 1.034358
DS2.d182.s0.i0 -1.000000 0.737106
DS2.d996.s1.i0 -1.000000 -0.535332
DS2.d996.s0.i0 -1.000000 0.188893
DS2.d996.s3.i0 -1.000000 -0.300618
DS2.d996.s2.i0 -1.000000 -0.379122
DS2.d793.s0.i0 1.000000 0.289262
DS2.d790.s1.i0 -1.000000 0.238701
DS2.d790.s0.i0 1.000000 0.772806
DS2.d99.s0.i6 -1.000000 -0.389829
DS2.d99.s0.i4 1.000000 -0.425843
DS2.d99.s0.i5 -1.000000 -0.362044
DS2.d99.s0.i2 1.000000 -0.217335
DS2.d99.s0.i3 1.000000 -0.226419
DS2.d99.s0.i0 1.000000 -0.387854
DS2.d99.s0.i1 1.000000 -0.436181
DS2.d416.s0.i0 1.000000 0.913531
DS2.d109.s0.i0 -1.000000 0.271819
DS2.d94.s0.i1 1.000000 0.480738
DS2.d94.s0.i0 1.000000 0.364358
DS2.d657.s3.i0 1.000000 0.683621
DS2.d657.s2.i0 1.000000 0.558553
DS2.d657.s1.i0 1.000000 0.518451
DS2.d657.s1.i1 1.000000 0.350147
DS2.d657.s0.i1 1.000000 0.931892
DS2.d657.s0.i0 1.000000 1.300475
DS2.d396.s0.i3 -1.000000 0.266256
DS2.d396.s0.i2 1.000000 0.440443
DS2.d396.s0.i1 1.000000 0.226721
DS2.d396.s0.i0 -1.000000 0.050037
DS2.d452.s0.i0 -1.000000 -0.909809
DS2.d490.s0.i0 1.000000 0.110815
DS2.d490.s0.i1 1.000000 -0.079437
DS2.d717.s0.i0 1.000000 0.159917
DS2.d717.s0.i1 1.000000 0.217705
DS2.d843.s0.i0 -1.000000 -0.651798
DS2.d843.s1.i0 -1.000000 -0.806792
DS2.d74.s0.i1 1.000000 0.514043
DS2.d74.s0.i0 1.000000 0.495479
DS2.d74.s0.i2 -1.000000 0.359290
DS2.d847.s0.i0 1.000000 -0.344846
DS2.d847.s0.i1 -1.000000 -0.683387
DS2.d1025.s0.i0 1.000000 0.509019
DS2.d1025.s0.i1 1.000000 0.516902
DS2.d1025.s1.i1 1.000000 0.211504
DS2.d1025.s1.i0 1.000000 0.132919
DS2.d320.s0.i0 1.000000 0.242787
DS2.d659.s0.i0 -1.000000 0.142360
DS2.d242.s0.i0 -1.000000 -0.217880
DS2.d111.s0.i2 -1.000000 -0.163987
DS2.d111.s0.i0 -1.000000 0.872763
DS2.d111.s0.i1 -1.000000 0.665219
DS2.d401.s0.i0 -1.000000 -0.666467
DS2.d401.s1.i0 1.000000 -0.031480
DS2.d910.s0.i1 1.000000 0.292092
DS2.d910.s0.i0 1.000000 0.136580
