DS.d2.s0.i0 1.0 -1.01998214599
DS.d14.s0.i0 -1 0.383986466708
DS.d14.s0.i1 -1 0.543251148352
DS.d14.s0.i2 -1 0.721648605216
DS.d14.s0.i3 -1 0.240685812757
DS.d14.s1.i0 -1 -1.36057628344
DS.d14.s1.i1 -1 -0.848111140682
DS.d22.s0.i0 -1 0.34296488046
DS.d22.s0.i1 -1 0.71557741298
DS.d22.s0.i2 -1 0.463122084898
DS.d22.s1.i0 -1 1.82088988457
DS.d27.s0.i0 -1 0.156627426214
DS.d27.s0.i1 -1 0.0701985161698
DS.d27.s0.i2 -1 0.114195891456
DS.d27.s1.i0 1.0 1.25124219937
DS.d27.s1.i1 1.0 0.82073774576
DS.d27.s2.i0 1.0 0.203605024226
DS.d29.s0.i0 -1 0.0347586332258
DS.d29.s0.i1 -1 0.0347586332258
DS.d29.s0.i2 -1 -0.788033888378
DS.d29.s0.i3 -1 -0.0172275131763
DS.d29.s0.i4 -1 -0.625760668675
DS.d29.s0.i5 -1 -0.126190102948
DS.d29.s0.i6 -1 -0.464811932504
DS.d29.s0.i7 -1 -0.464811932504
DS.d29.s0.i8 -1 -0.401723827557
DS.d29.s0.i9 -1 -0.00640829531486
DS.d29.s0.i10 -1 0.0898243621512
DS.d29.s0.i11 -1 -0.420360298026
DS.d33.s0.i0 1.0 1.97807014942
DS.d33.s0.i1 1.0 1.214982406
DS.d49.s0.i0 1.0 1.29951516582
DS.d49.s0.i1 1.0 1.19541042316
DS.d49.s0.i2 1.0 1.04679744404
DS.d49.s0.i3 1.0 1.104380837
DS.d49.s1.i0 1.0 -0.286771863554
DS.d49.s1.i1 1.0 -0.284944722784
DS.d49.s1.i2 -1 -0.485425407059
DS.d49.s1.i3 1.0 0.615881479488
DS.d49.s2.i0 1.0 1.18867059071
DS.d49.s2.i1 1.0 1.64291571573
DS.d62.s0.i0 -1 0.608310923958
DS.d76.s0.i0 1.0 0.362968326124
DS.d76.s0.i1 1.0 0.939714908043
DS.d76.s0.i2 1.0 -0.280135331443
DS.d76.s0.i3 1.0 0.213451027984
DS.d76.s1.i0 1.0 0.882423191806
DS.d76.s1.i1 1.0 1.03639086674
DS.d76.s1.i2 1.0 0.266280708045
DS.d76.s1.i3 1.0 -0.349338026465
DS.d93.s0.i0 1.0 1.11805293496
DS.d94.s0.i0 -1 -1.49778461197
DS.d94.s1.i0 1.0 -0.132364337059
DS.d94.s1.i1 1.0 -0.0417493090865
DS.d94.s1.i2 1.0 0.268841636512
DS.d94.s2.i0 -1 -0.317840411093
DS.d118.s0.i0 -1 -0.590238010964
DS.d118.s1.i0 1.0 -0.244965778143
DS.d118.s2.i0 1.0 1.16835306275
DS.d120.s0.i0 -1 -0.63471405408
DS.d120.s0.i1 -1 -0.887732172368
DS.d120.s0.i2 -1 -0.914940971244
DS.d120.s0.i3 -1 -1.08924033987
DS.d120.s0.i4 -1 -1.42708475782
DS.d120.s0.i5 -1 -0.788196177623
DS.d122.s0.i0 1.0 1.29657348678
DS.d123.s0.i0 -1 -0.269770884179
DS.d171.s0.i0 1.0 0.698650923625
DS.d171.s1.i0 1.0 0.704122268409
DS.d174.s0.i0 -1 -2.26382874047
DS.d174.s0.i1 -1 0.0353183404518
DS.d174.s0.i2 -1 -2.18573875185
DS.d174.s0.i3 -1 -1.50528332966
DS.d181.s0.i0 1.0 1.24331186463
DS.d203.s0.i0 1.0 -0.488732676018
DS.d203.s0.i1 1.0 -0.02311464616
DS.d220.s0.i0 -1 0.906500271709
DS.d220.s0.i1 -1 -0.766972980008
DS.d220.s1.i0 -1 -1.65099674885
DS.d220.s1.i1 1.0 0.572421946347
DS.d237.s0.i0 1.0 -0.220561506397
DS.d237.s0.i1 1.0 0.100779865439
DS.d237.s0.i2 1.0 0.429174293578
DS.d237.s0.i3 1.0 1.24294430773
DS.d237.s0.i4 1.0 -0.131807581347
DS.d237.s0.i5 1.0 0.234933241321
DS.d237.s0.i6 1.0 1.24294430773
DS.d237.s0.i7 1.0 0.100779865439
DS.d237.s0.i8 1.0 0.781415731849
DS.d237.s0.i9 1.0 -0.433021240432
DS.d237.s0.i10 1.0 -0.254234721099
DS.d237.s0.i11 1.0 -0.246401836471
DS.d237.s0.i12 1.0 -0.4774730775
DS.d237.s0.i13 1.0 -0.564513813331
DS.d249.s0.i0 1.0 1.4826680138
DS.d273.s0.i0 -1 2.18132279708
DS.d273.s1.i0 -1 1.4496029391
DS.d273.s1.i1 1.0 0.937299208609
DS.d291.s0.i0 -1 -0.831378726648
DS.d301.s0.i0 1.0 0.0907467819704
DS.d320.s0.i0 -1 0.372009072416
DS.d320.s0.i1 1.0 1.26826732242
DS.d325.s0.i0 1.0 2.69718924457
DS.d325.s0.i1 1.0 1.25342331147
DS.d330.s0.i0 -1 0.357044812161
DS.d330.s0.i1 -1 0.357044812161
DS.d343.s0.i0 1.0 -0.0811505432261
DS.d343.s0.i1 1.0 -0.0811505432261
DS.d349.s0.i0 -1 0.648419145189
DS.d398.s0.i0 1.0 1.69863961018
DS.d405.s0.i0 1.0 0.496641712441
DS.d405.s0.i1 1.0 0.937404446177
DS.d405.s1.i0 -1 -1.16447194486
DS.d405.s1.i1 -1 0.939214961864
DS.d405.s1.i2 -1 -0.121894832216
DS.d405.s1.i3 -1 0.116895796215
DS.d405.s2.i0 1.0 0.806050380453
DS.d405.s2.i1 1.0 1.88942274231
DS.d405.s3.i0 1.0 0.26598503335
DS.d405.s3.i1 1.0 -0.0994759993056
DS.d405.s4.i0 1.0 2.34037299463
DS.d405.s4.i1 1.0 2.70950380312
DS.d405.s4.i2 1.0 2.34037299463
DS.d415.s0.i0 -1 -0.575616913224
DS.d424.s0.i0 1.0 2.47790466033
DS.d431.s0.i0 1.0 -0.142650348243
DS.d431.s0.i1 -1 1.25549838917
DS.d431.s0.i2 1.0 -0.117174974131
DS.d431.s0.i3 1.0 0.535421901397
DS.d431.s0.i4 1.0 0.216226157297
DS.d431.s0.i5 1.0 0.72376880787
DS.d432.s0.i0 -1 0.578700282758
DS.d432.s0.i1 -1 -0.379996738731
DS.d432.s0.i2 1.0 1.7546963889
DS.d432.s0.i3 1.0 -0.455428486306
DS.d432.s1.i0 1.0 1.8574981755
DS.d434.s0.i0 1.0 2.00541656483
DS.d494.s0.i0 1.0 1.58944121381
DS.d494.s0.i1 1.0 1.74842521897
DS.d496.s0.i0 -1 -1.27324815394
DS.d496.s0.i1 -1 -1.53407339587
DS.d496.s1.i0 1.0 -0.354430226612
DS.d502.s0.i0 -1 0.539215360542
DS.d502.s0.i1 -1 -0.0945773132585
DS.d502.s0.i2 -1 0.0838897381409
DS.d502.s1.i0 -1 1.00424564475
DS.d502.s1.i1 -1 0.732190141066
DS.d502.s1.i2 -1 0.0936881220533
DS.d503.s0.i0 1.0 1.87059226638
DS.d514.s0.i0 1.0 1.9661002574
DS.d514.s1.i0 -1 1.74470730859
DS.d526.s0.i0 1.0 0.502276062402
DS.d526.s0.i1 1.0 -0.273499427235
DS.d526.s0.i2 1.0 0.810554385354
DS.d526.s0.i3 -1 -0.201069859015
DS.d526.s2.i0 -1 -0.0468415474497
DS.d526.s2.i1 -1 0.33407785378
DS.d527.s0.i0 1.0 0.416288676109
DS.d527.s0.i1 1.0 1.10651801907
DS.d527.s0.i2 1.0 0.712495029516
DS.d527.s0.i3 1.0 0.920986976267
DS.d527.s1.i0 1.0 0.880727821213
DS.d527.s1.i1 1.0 -0.0568805199104
DS.d537.s0.i0 1.0 -0.141577828677
DS.d537.s0.i1 1.0 0.240830906963
DS.d537.s0.i2 1.0 -0.0815689346089
DS.d543.s0.i0 1.0 0.0232215875203
DS.d543.s0.i1 1.0 -0.49134279403
DS.d543.s0.i2 -1 -0.492944433667
DS.d577.s0.i0 -1 -1.653323142
DS.d577.s0.i1 -1 0.134657433439
DS.d577.s0.i2 -1 0.134657433439
DS.d589.s0.i0 1.0 1.36394010174
DS.d589.s0.i1 1.0 0.407200013237
DS.d589.s0.i2 1.0 0.407200013237
DS.d589.s0.i3 1.0 1.36394010174
DS.d605.s0.i0 1.0 0.813645660459
DS.d605.s0.i1 1.0 2.40429330426
DS.d605.s0.i2 1.0 1.26232524806
DS.d605.s0.i3 1.0 2.03659522823
DS.d605.s0.i4 1.0 2.32218028835
DS.d605.s1.i0 -1 0.862485957491
DS.d605.s1.i1 1.0 1.65628532071
DS.d605.s1.i2 1.0 1.20476499357
DS.d627.s0.i0 1.0 -0.00864958075991
DS.d647.s0.i0 -1 -0.0421606849305
DS.d667.s0.i0 1.0 0.583385306475
DS.d671.s0.i0 1.0 3.02216690136
DS.d671.s0.i1 1.0 1.9582859262
DS.d671.s0.i2 1.0 1.69829969947
DS.d674.s0.i0 1.0 0.528130540695
DS.d674.s0.i1 1.0 0.0433328679806
DS.d676.s0.i0 1.0 1.50843505595
DS.d679.s0.i0 -1 -2.05328757699
DS.d692.s0.i0 1.0 1.16104284272
DS.d692.s0.i1 1.0 0.816975561523
DS.d694.s0.i0 -1 0.422367051511
DS.d694.s0.i1 -1 0.565610499063
DS.d694.s0.i2 -1 0.773713884939
DS.d702.s0.i0 1.0 1.15620432315
DS.d702.s0.i1 1.0 1.76554100016
DS.d702.s0.i2 1.0 0.969319846651
DS.d703.s0.i0 1.0 2.35305799354
DS.d707.s0.i0 1.0 -1.06142518607
DS.d707.s0.i1 1.0 -0.44441300496
DS.d707.s1.i0 1.0 -1.45748500687
DS.d709.s0.i0 1.0 1.82648853477
DS.d733.s0.i0 1.0 0.255013481651
DS.d733.s0.i1 1.0 0.696409259035
DS.d733.s0.i2 1.0 0.418947034106
DS.d733.s0.i3 1.0 0.290509776397
DS.d736.s0.i0 1.0 0.572165533609
DS.d737.s0.i0 -1 -1.09131526551
DS.d737.s0.i1 -1 1.79786690106
DS.d737.s0.i2 -1 -0.123923061071
DS.d737.s1.i0 -1 -1.00085772141
DS.d737.s1.i1 1.0 0.158399602615
DS.d752.s0.i0 1.0 -0.173453376431
DS.d753.s0.i0 1.0 -0.840049352503
DS.d753.s1.i0 1.0 0.196075711877
DS.d753.s1.i1 1.0 0.653128425351
DS.d753.s2.i0 -1 -0.557234928438
DS.d753.s2.i1 -1 -1.88257096044
DS.d759.s0.i0 1.0 1.03151268776
DS.d759.s0.i1 1.0 1.03151268776
DS.d761.s0.i0 -1 -0.522800834656
DS.d761.s0.i1 -1 -1.04838008485
DS.d761.s0.i2 -1 0.355002482588
DS.d772.s0.i0 -1 0.506079498743
DS.d772.s0.i1 -1 0.64693267748
DS.d773.s0.i0 -1 -0.0929796429215
DS.d773.s0.i1 -1 -0.34633260186
DS.d782.s0.i0 1.0 0.318679037455
DS.d811.s0.i0 1.0 1.67892980093
DS.d811.s1.i0 1.0 2.10862815797
DS.d811.s1.i1 1.0 2.26312044052
DS.d812.s0.i0 -1 -1.10051123522
DS.d812.s0.i1 -1 -1.16208738363
DS.d812.s0.i2 -1 -0.677314040288
DS.d817.s0.i0 1.0 0.0391891089704
DS.d817.s0.i1 1.0 1.19584349767
DS.d817.s1.i0 1.0 1.0278780089
DS.d817.s1.i1 1.0 1.88215013454
DS.d817.s1.i2 1.0 1.79112054838
DS.d817.s1.i3 1.0 1.88594526197
DS.d817.s1.i4 1.0 1.68627526808
DS.d819.s0.i0 1.0 0.816294323499
DS.d819.s0.i1 -1 -0.695130508064
DS.d859.s0.i0 1.0 0.455436730242
DS.d860.s0.i0 1.0 1.30795191535
DS.d860.s1.i0 1.0 1.65342504786
DS.d860.s1.i1 1.0 1.31821968115
DS.d879.s0.i0 1.0 -0.777240893344
DS.d879.s1.i0 1.0 -0.393817449486
DS.d883.s0.i0 1.0 1.82906051079
DS.d883.s0.i1 1.0 1.27921461633
DS.d883.s0.i2 1.0 1.80417052578
DS.d901.s0.i0 -1 1.46338993483
DS.d901.s1.i0 -1 0.092978687899
DS.d901.s2.i0 1.0 1.7790105006
DS.d911.s0.i0 1.0 0.116115950056
DS.d911.s0.i1 1.0 0.390911324666
DS.d920.s0.i0 1.0 0.624684134688
DS.d920.s0.i1 -1 -0.422676715506
DS.d920.s0.i2 1.0 0.678757468838
DS.d943.s0.i0 1.0 0.443065321518
DS.d943.s0.i1 1.0 0.593426627807
DS.d943.s1.i0 1.0 0.89406040284
DS.d960.s0.i0 -1 0.388238920702
DS.d960.s0.i1 -1 0.457931630608
DS.d990.s0.i0 -1 -1.27208658694
DS.d990.s0.i1 -1 -0.904419241263
DS.d990.s0.i2 -1 -1.08578059361
DS.d990.s0.i3 -1 -1.3970185451
DS.d992.s0.i0 -1 1.13454982983
DS.d1008.s0.i0 -1 -1.12149120813
DS.d1008.s0.i1 -1 -0.950505045932
DS.d1008.s1.i0 -1 0.74913888007
DS.d1059.s0.i0 1.0 0.0583461301734
DS.d1060.s0.i0 1.0 1.36984786446
DS.d1089.s0.i0 1.0 0.181081695888
DS.d1089.s1.i0 1.0 -0.370912491244
DS.d1089.s1.i1 1.0 -0.145938999324
DS.d1089.s1.i2 1.0 -0.256265502573
DS.d1089.s1.i3 1.0 -0.0993318968812
DS.d1100.s0.i0 1.0 -0.318076821804
DS.d1103.s1.i0 1.0 -1.72356209897
DS.d1111.s0.i0 1.0 -0.290275819205
DS.d1114.s0.i0 1.0 0.0072572354269
DS.d1120.s0.i0 1.0 -0.472623501797
DS.d1120.s0.i1 -1 -1.59595809439
DS.d1120.s0.i2 -1 -0.571212899361
DS.d1120.s0.i3 -1 -0.65300319207
DS.d1120.s0.i4 1.0 -0.196832571956
DS.d1120.s0.i5 1.0 -0.197310555183
DS.d1120.s0.i6 -1 -1.75768317065
DS.d1120.s0.i7 1.0 -0.225247147821
DS.d1121.s0.i0 1.0 1.12538676174
DS.d1127.s0.i0 1.0 1.88663491612
DS.d1127.s1.i0 1.0 -0.941503683815
DS.d1132.s0.i0 1.0 0.893691724937
DS.d1132.s0.i1 1.0 -0.430498284123
DS.d1148.s0.i0 -1 -1.18969329131
DS.d1148.s0.i1 -1 -1.4007301213
DS.d1148.s0.i2 -1 -1.4007301213
DS.d1148.s0.i3 -1 -1.18969329131
DS.d1161.s0.i0 1.0 2.30728072071
DS.d1161.s0.i1 1.0 2.22893587364
DS.d1174.s0.i0 -1 0.350595732847
DS.d1181.s0.i0 -1 0.467571721452
DS.d1181.s1.i0 -1 1.08981995192
DS.d1183.s0.i0 -1 -0.967669649402
DS.d1183.s1.i0 -1 -0.7082910017
DS.d1199.s0.i0 -1 -1.67281940956
DS.d1199.s1.i0 -1 -2.00866346533
DS.d1199.s2.i0 -1 -1.6687598825
DS.d1201.s0.i0 -1 -0.897302993806
DS.d1202.s0.i0 1.0 1.32026502159
DS.d1207.s0.i0 1.0 0.559607575127
DS.d1207.s1.i0 1.0 0.233054591696
DS.d1208.s0.i0 1.0 1.10139840008
DS.d1235.s0.i0 1.0 -0.0622029184815
DS.d1235.s0.i1 -1 -1.54324725494
DS.d1235.s0.i2 -1 -0.296415202185
DS.d1268.s0.i0 -1 0.488230534505
DS.d1269.s0.i0 -1 0.279697743457
DS.d1274.s0.i0 1.0 0.398289101983
DS.d1274.s0.i1 1.0 0.676632192801
DS.d1274.s1.i0 1.0 0.170576318975
DS.d1274.s1.i1 1.0 0.044882353881
DS.d1291.s0.i0 1.0 0.597721472739
DS.d1293.s0.i0 1.0 -0.424880812704
DS.d1299.s0.i0 -1 -0.674070830621
DS.d1299.s0.i1 -1 -0.674070830621
DS.d1299.s0.i2 1.0 -0.289235112145
DS.d1299.s0.i3 1.0 0.35478896221
DS.d1299.s0.i4 -1 -0.674070830621
DS.d1308.s0.i0 1.0 0.222439080677
DS.d1310.s0.i0 1.0 0.449437990471
DS.d1314.s0.i0 1.0 1.15618882414
DS.d1315.s0.i0 -1 -1.58222465063
DS.d1315.s1.i0 -1 -0.958615263784
DS.d1323.s0.i0 1.0 0.163779516371
DS.d1325.s0.i0 -1 -0.257451313553
DS.d1325.s0.i1 -1 -0.317650998719
DS.d1340.s0.i0 1.0 0.890310206513
DS.d1344.s0.i0 -1 -0.92359766324
DS.d1344.s0.i1 -1 -1.01519684847
DS.d1344.s0.i2 -1 -0.92359766324
DS.d1344.s0.i3 -1 -1.05100635941
DS.d1344.s0.i4 -1 -0.982503204714
DS.d1344.s0.i5 -1 -0.924075646465
DS.d1344.s0.i6 -1 -0.888799133563
DS.d1344.s0.i7 -1 -0.924075646465
DS.d1352.s0.i0 1.0 1.63353771567
DS.d1356.s0.i0 1.0 1.09983292228
DS.d1356.s0.i1 1.0 0.851876994993
DS.d1356.s1.i0 -1 0.741154364363
DS.d1356.s2.i0 -1 0.247958465647
DS.d1356.s3.i0 1.0 1.14614351618
DS.d1356.s4.i0 1.0 1.44491095765
DS.d1356.s4.i1 1.0 0.417795879489
DS.d1356.s4.i2 1.0 1.22009016067
DS.d1357.s0.i0 -1 0.701708752168
DS.d1357.s0.i1 -1 0.583464189878
DS.d1376.s0.i0 -1 -1.09837956339
DS.d1376.s0.i1 -1 -1.33603623623
DS.d1376.s0.i2 -1 -1.31231656178
DS.d1376.s0.i3 -1 -0.789540955163
DS.d1376.s0.i4 -1 -0.140780626386
DS.d1376.s0.i5 -1 -0.925485568073
DS.d1376.s0.i6 -1 -1.13565268271
DS.d1376.s0.i7 -1 -1.02400596741
DS.d1376.s0.i8 -1 -0.678433237884
DS.d1376.s0.i9 -1 -0.558635835632
DS.d1376.s0.i10 -1 -0.415280375588
DS.d1376.s0.i11 -1 -0.575110033958
DS.d1376.s1.i0 -1 -0.446521233521
DS.d1376.s1.i1 -1 -0.745587442779
DS.d1386.s0.i0 -1 0.0408563733981
DS.d1386.s0.i1 -1 0.143568348091
DS.d1386.s0.i2 -1 0.569281443289
DS.d1386.s1.i0 -1 1.23958913546
DS.d1386.s1.i1 -1 0.709936998466
DS.d1386.s1.i2 1.0 -2.2005176739
DS.d1407.s0.i0 1.0 2.65650328697
DS.d1407.s0.i1 1.0 2.45821996674
DS.d1407.s0.i2 1.0 2.31494784643
DS.d1422.s0.i0 1.0 -0.0077577320789
DS.d1428.s0.i0 1.0 0.602389345131
DS.d1437.s0.i0 1.0 1.07921678068
DS.d1438.s0.i0 -1 0.414244142108
DS.d1451.s0.i0 -1 -0.74726827751
DS.d1451.s0.i1 -1 -0.752136229508
DS.d1451.s0.i2 -1 -0.471682681119
DS.d1451.s0.i3 -1 -0.74726827751
DS.d1451.s1.i0 -1 -0.315176013216
DS.d1451.s1.i1 -1 -0.683662348481
DS.d1458.s0.i0 1.0 -0.23734945253
DS.d1459.s0.i0 1.0 0.325458323532
DS.d1459.s0.i1 1.0 0.485057355962
DS.d1464.s0.i0 -1 0.363331720552
DS.d1480.s0.i0 1.0 0.432575286606
DS.d1480.s0.i1 1.0 0.00891747383165
DS.d1480.s0.i2 1.0 0.558662703972
DS.d1480.s0.i3 1.0 0.327825118549
DS.d1493.s0.i0 1.0 0.94774637345
DS.d1493.s1.i2 1.0 0.411949425823
DS.d1500.s0.i0 -1 -1.94044874456
DS.d1500.s0.i1 -1 -1.44443149534
DS.d1509.s0.i0 -1 -1.20011828424
DS.d1509.s0.i1 -1 -0.976520520822
DS.d1509.s0.i2 -1 -1.18587234876
DS.d1509.s1.i0 -1 -2.92321298534
DS.d1509.s1.i1 -1 -2.92321298534
DS.d1509.s1.i2 -1 -2.00503252799
DS.d1509.s1.i3 -1 -3.31585790046
DS.d1526.s0.i0 1.0 0.856105286747
DS.d1526.s0.i1 1.0 0.856105286747
DS.d1527.s0.i0 -1 -0.16128932981
DS.d1530.s0.i0 1.0 -0.415859713876
DS.d1543.s0.i0 1.0 -0.0824540156057
DS.d1543.s0.i1 1.0 -0.621476673512
DS.d1543.s1.i0 1.0 0.384852517033
DS.d1548.s0.i0 -1 -1.3317476389
DS.d1548.s0.i1 -1 -1.18285910192
DS.d1555.s0.i0 -1 -1.57166577005
DS.d1555.s0.i1 -1 -1.34049782202
DS.d1556.s0.i0 1.0 1.48836141307
DS.d1556.s0.i1 1.0 1.7959641867
DS.d1556.s0.i2 1.0 1.48836141307
DS.d1557.s0.i0 -1 -2.29411308617
DS.d1557.s0.i1 -1 -1.43435699106
DS.d1569.s0.i0 1.0 1.56336239391
DS.d1575.s0.i0 1.0 1.41576273889
DS.d1575.s0.i1 1.0 1.24961295045
DS.d1575.s0.i2 1.0 1.36585638616
DS.d1577.s0.i0 1.0 1.37544068643
DS.d1577.s0.i1 -1 0.104721154365
DS.d1584.s1.i0 1.0 0.484561160275
DS.d1593.s0.i0 1.0 0.755805706571
DS.d1595.s0.i0 1.0 -1.18615541818
DS.d1608.s0.i0 1.0 -1.65247260153
DS.d1608.s1.i0 -1 -1.13563109411
DS.d1608.s2.i0 -1 1.83315425756
DS.d1608.s2.i1 -1 1.36604572946
DS.d1608.s3.i0 1.0 -0.13723353847
DS.d1621.s0.i0 1.0 0.977913429224
DS.d1621.s1.i0 1.0 0.198181850375
DS.d1622.s0.i0 1.0 0.370933891618
DS.d1622.s0.i1 1.0 0.515035009909
DS.d1676.s0.i0 1.0 -1.03706921966
DS.d1676.s0.i1 1.0 -1.0242827613
DS.d1676.s0.i2 1.0 -1.12797696605
DS.d1676.s0.i3 1.0 -0.590011433879
DS.d1676.s0.i4 1.0 -0.591671712604
DS.d1676.s0.i5 1.0 -0.0065196944741
DS.d1676.s0.i6 1.0 -0.490650982962
DS.d1676.s0.i7 1.0 -0.717098382503
DS.d1676.s0.i8 1.0 -1.00582243885
DS.d1676.s0.i9 1.0 -0.4778645246
DS.d1676.s0.i10 1.0 -1.02881052425
DS.d1676.s0.i11 1.0 -1.13642967058
DS.d1676.s1.i0 1.0 -0.46082011013
DS.d1676.s1.i1 1.0 -0.824417567124
DS.d1680.s0.i0 1.0 1.05559962674
DS.d1680.s0.i1 1.0 0.479816500341
DS.d1702.s0.i0 1.0 1.32180909117
DS.d1714.s0.i0 -1 0.772567290353
DS.d1714.s0.i1 1.0 0.874399862797
DS.d1714.s1.i0 1.0 -0.503373370359
DS.d1714.s2.i0 1.0 0.316987242044
DS.d1714.s2.i1 1.0 0.884359000961
DS.d1720.s0.i0 1.0 1.0142689265
DS.d1724.s0.i0 1.0 -0.596039671592
DS.d1725.s0.i0 1.0 2.08100282312
DS.d1743.s0.i0 1.0 1.64102019721
DS.d1743.s1.i0 -1 0.957161479934
DS.d1743.s2.i0 1.0 1.58087466045
DS.d1744.s0.i0 1.0 -0.485371956242
DS.d1752.s0.i0 1.0 0.691957141357
DS.d1753.s0.i0 -1 -0.541122897324
DS.d1753.s1.i0 -1 -1.08675210555
DS.d1756.s0.i0 -1 -0.844774889176
DS.d1756.s0.i1 -1 -0.844774889176
DS.d1772.s0.i0 1.0 -0.747666501202
DS.d1797.s0.i0 1.0 -1.37408184792
DS.d1797.s0.i1 1.0 -0.666429359123
DS.d1805.s0.i0 1.0 0.993606748658
DS.d1805.s0.i1 1.0 1.38126453004
DS.d1805.s0.i2 1.0 1.40909023226
DS.d1805.s0.i3 1.0 0.602551073542
DS.d1823.s2.i0 1.0 -0.483407013907
DS.d1823.s2.i1 -1 -1.16429359767
DS.d1825.s0.i0 -1 0.0297380583579
DS.d1830.s0.i0 -1 0.00879608173693
DS.d1844.s0.i0 1.0 0.780545376829
DS.d1844.s1.i0 1.0 1.28423561963
DS.d1844.s2.i0 -1 2.08884570337
DS.d1858.s0.i0 1.0 1.13030100966
DS.d1862.s0.i0 1.0 0.739657913672
DS.d1891.s0.i0 1.0 1.57894713691
