DS.d2.s0.i0 1.0 -0.173310679105
DS.d14.s0.i0 -1 0.477763620268
DS.d14.s0.i1 -1 0.331337363547
DS.d14.s0.i2 -1 1.30267908114
DS.d14.s0.i3 -1 0.517605689231
DS.d14.s1.i0 -1 -0.41915089433
DS.d14.s1.i1 -1 -0.445762935787
DS.d22.s0.i0 -1 0.78170012497
DS.d22.s0.i1 -1 0.203994068107
DS.d22.s0.i2 -1 0.671218389088
DS.d22.s1.i0 -1 1.18875546986
DS.d27.s0.i0 -1 0.220107604643
DS.d27.s0.i1 -1 0.044822934259
DS.d27.s0.i2 -1 0.228713313137
DS.d27.s1.i0 1.0 0.539504447779
DS.d27.s1.i1 1.0 0.850792872174
DS.d27.s2.i0 1.0 0.344491103009
DS.d29.s0.i0 -1 0.380060823645
DS.d29.s0.i1 -1 0.356372741511
DS.d29.s0.i2 -1 -0.356032529324
DS.d29.s0.i3 -1 0.368035666142
DS.d29.s0.i4 -1 -0.134737890415
DS.d29.s0.i5 -1 0.263978646107
DS.d29.s0.i6 -1 -0.042245362203
DS.d29.s0.i7 -1 0.0495921701447
DS.d29.s0.i8 -1 0.0389755252949
DS.d29.s0.i9 -1 0.279093777205
DS.d29.s0.i10 -1 0.199734589761
DS.d29.s0.i11 -1 -0.0245464121163
DS.d33.s0.i0 1.0 1.68039839159
DS.d33.s0.i1 1.0 0.353331766366
DS.d49.s0.i0 1.0 0.624662140353
DS.d49.s0.i1 1.0 0.570610758771
DS.d49.s0.i2 1.0 0.501215381496
DS.d49.s0.i3 1.0 0.635137947839
DS.d49.s1.i0 1.0 -0.463681722595
DS.d49.s1.i1 1.0 0.550088542991
DS.d49.s1.i2 -1 -0.335408737324
DS.d49.s1.i3 1.0 0.351949944338
DS.d49.s2.i0 1.0 1.2940874888
DS.d49.s2.i1 1.0 1.28285967596
DS.d62.s0.i0 -1 0.970599806371
DS.d76.s0.i0 1.0 0.344400478483
DS.d76.s0.i1 1.0 1.05545856685
DS.d76.s0.i2 1.0 -0.323184901063
DS.d76.s0.i3 1.0 0.291092834482
DS.d76.s1.i0 1.0 1.6072411459
DS.d76.s1.i1 1.0 0.592036415456
DS.d76.s1.i2 1.0 1.27865009206
DS.d76.s1.i3 1.0 -0.111708988308
DS.d93.s0.i0 1.0 0.828092655143
DS.d94.s0.i0 -1 -0.845187921806
DS.d94.s1.i0 1.0 -0.0555003392345
DS.d94.s1.i1 1.0 0.250824695937
DS.d94.s1.i2 1.0 0.322248413565
DS.d94.s2.i0 -1 0.142246411741
DS.d118.s0.i0 -1 -0.405130753786
DS.d118.s1.i0 1.0 -0.228347501209
DS.d118.s2.i0 1.0 0.972088671514
DS.d120.s0.i0 -1 -0.918285458559
DS.d120.s0.i1 -1 -1.04348258954
DS.d120.s0.i2 -1 -0.173970417056
DS.d120.s0.i3 -1 -0.340952294969
DS.d120.s0.i4 -1 -0.508747727661
DS.d120.s0.i5 -1 -0.276788307294
DS.d122.s0.i0 1.0 0.842516694227
DS.d123.s0.i0 -1 -0.0930855123666
DS.d171.s0.i0 1.0 0.67491333834
DS.d171.s1.i0 1.0 1.20553049956
DS.d174.s0.i0 -1 -1.11321700431
DS.d174.s0.i1 -1 -0.306197490565
DS.d174.s0.i2 -1 -1.62296203052
DS.d174.s0.i3 -1 -0.548773464595
DS.d181.s0.i0 1.0 1.39568312914
DS.d203.s0.i0 1.0 0.528921798942
DS.d203.s0.i1 1.0 1.03497585732
DS.d220.s0.i0 -1 0.697449604294
DS.d220.s0.i1 -1 -0.201935179428
DS.d220.s1.i0 -1 -0.568222471896
DS.d220.s1.i1 1.0 -0.0626482994667
DS.d237.s0.i0 1.0 -0.224300269438
DS.d237.s0.i1 1.0 -0.247944724887
DS.d237.s0.i2 1.0 -0.589066521443
DS.d237.s0.i3 1.0 0.215797659143
DS.d237.s0.i4 1.0 -0.702182340203
DS.d237.s0.i5 1.0 -0.569134787064
DS.d237.s0.i6 1.0 0.215797659143
DS.d237.s0.i7 1.0 -0.247944724887
DS.d237.s0.i8 1.0 0.259222587251
DS.d237.s0.i9 1.0 -0.745127395465
DS.d237.s0.i10 1.0 -0.931232894655
DS.d237.s0.i11 1.0 -0.787366772286
DS.d237.s0.i12 1.0 -0.997159790355
DS.d237.s0.i13 1.0 -0.952715072493
DS.d249.s0.i0 1.0 1.38467800434
DS.d273.s0.i0 -1 2.4259401704
DS.d273.s1.i0 -1 1.20735580521
DS.d273.s1.i1 1.0 0.70885528607
DS.d291.s0.i0 -1 -0.219956920411
DS.d301.s0.i0 1.0 0.333958786223
DS.d320.s0.i0 -1 0.413878359374
DS.d320.s0.i1 1.0 0.953153989032
DS.d325.s0.i0 1.0 2.11443001724
DS.d325.s0.i1 1.0 0.929943018403
DS.d330.s0.i0 -1 0.739149586626
DS.d330.s0.i1 -1 0.739149586626
DS.d343.s0.i0 1.0 0.479384447214
DS.d343.s0.i1 1.0 0.479384447214
DS.d349.s0.i0 -1 1.05014949574
DS.d398.s0.i0 1.0 1.31479439831
DS.d405.s0.i0 1.0 1.12420355724
DS.d405.s0.i1 1.0 1.07960509829
DS.d405.s1.i0 -1 -1.06269461756
DS.d405.s1.i1 -1 1.38344023525
DS.d405.s1.i2 -1 -0.458532217038
DS.d405.s1.i3 -1 0.307945509257
DS.d405.s2.i0 1.0 1.2153397826
DS.d405.s2.i1 1.0 1.98378256975
DS.d405.s3.i0 1.0 1.00605686598
DS.d405.s3.i1 1.0 0.833436742678
DS.d405.s4.i0 1.0 2.39306219518
DS.d405.s4.i1 1.0 2.72820947759
DS.d405.s4.i2 1.0 2.39306219518
DS.d415.s0.i0 -1 0.174963767995
DS.d424.s0.i0 1.0 1.97598624143
DS.d431.s0.i0 1.0 0.157675733655
DS.d431.s0.i1 -1 0.896790623196
DS.d431.s0.i2 1.0 0.0777141043764
DS.d431.s0.i3 1.0 0.390259413501
DS.d431.s0.i4 1.0 0.368780888762
DS.d431.s0.i5 1.0 0.922359090403
DS.d432.s0.i0 -1 0.365183672743
DS.d432.s0.i1 -1 0.186016473601
DS.d432.s0.i2 1.0 0.688890217536
DS.d432.s0.i3 1.0 0.0746911535234
DS.d432.s1.i0 1.0 1.94585141249
DS.d434.s0.i0 1.0 2.30315028663
DS.d494.s0.i0 1.0 1.6684392403
DS.d494.s0.i1 1.0 1.7000106705
DS.d496.s0.i0 -1 -0.705783645594
DS.d496.s0.i1 -1 -0.848457905825
DS.d496.s1.i0 1.0 -0.124299893535
DS.d502.s0.i0 -1 0.250956925187
DS.d502.s0.i1 -1 0.0183261362056
DS.d502.s0.i2 -1 0.34283031887
DS.d502.s1.i0 -1 0.695579209147
DS.d502.s1.i1 -1 0.371459615591
DS.d502.s1.i2 -1 0.0794290122427
DS.d503.s0.i0 1.0 2.05447179708
DS.d514.s0.i0 1.0 1.76001610958
DS.d514.s1.i0 -1 1.49660423664
DS.d526.s0.i0 1.0 0.630813845047
DS.d526.s0.i1 1.0 0.12401588556
DS.d526.s0.i2 1.0 0.612080851067
DS.d526.s0.i3 -1 -0.0354631120624
DS.d526.s2.i0 -1 -0.80018197237
DS.d526.s2.i1 -1 -0.456331257352
DS.d527.s0.i0 1.0 1.04875937184
DS.d527.s0.i1 1.0 1.72614014183
DS.d527.s0.i2 1.0 0.545238952458
DS.d527.s0.i3 1.0 1.12508779569
DS.d527.s1.i0 1.0 0.294567298849
DS.d527.s1.i1 1.0 -0.0302502454506
DS.d537.s0.i0 1.0 0.448994265938
DS.d537.s0.i1 1.0 0.888167565253
DS.d537.s0.i2 1.0 0.447640206129
DS.d543.s0.i0 1.0 0.632554412684
DS.d543.s0.i1 1.0 0.220065554479
DS.d543.s0.i2 -1 -0.105337567928
DS.d577.s0.i0 -1 -1.20692446726
DS.d577.s0.i1 -1 0.534150366791
DS.d577.s0.i2 -1 0.534150366791
DS.d589.s0.i0 1.0 1.04752424971
DS.d589.s0.i1 1.0 0.783164551775
DS.d589.s0.i2 1.0 0.783164551775
DS.d589.s0.i3 1.0 1.04752424971
DS.d605.s0.i0 1.0 1.00518247674
DS.d605.s0.i1 1.0 2.23282671308
DS.d605.s0.i2 1.0 1.5884159007
DS.d605.s0.i3 1.0 2.28272969708
DS.d605.s0.i4 1.0 2.54955939681
DS.d605.s1.i0 -1 0.459102728909
DS.d605.s1.i1 1.0 1.08344763953
DS.d605.s1.i2 1.0 0.918238210946
DS.d627.s0.i0 1.0 0.195184618783
DS.d647.s0.i0 -1 0.356988609727
DS.d667.s0.i0 1.0 0.940152363757
DS.d671.s0.i0 1.0 2.60677149805
DS.d671.s0.i1 1.0 1.7717087807
DS.d671.s0.i2 1.0 1.59561433718
DS.d674.s0.i0 1.0 0.829275573404
DS.d674.s0.i1 1.0 0.589769202067
DS.d676.s0.i0 1.0 1.61796692536
DS.d679.s0.i0 -1 -1.49999720282
DS.d692.s0.i0 1.0 1.43429249172
DS.d692.s0.i1 1.0 1.37457499615
DS.d694.s0.i0 -1 0.663710502276
DS.d694.s0.i1 -1 1.02762395795
DS.d694.s0.i2 -1 1.11903385158
DS.d702.s0.i0 1.0 1.59929564925
DS.d702.s0.i1 1.0 1.73744996283
DS.d702.s0.i2 1.0 1.62438949762
DS.d703.s0.i0 1.0 1.59034019884
DS.d707.s0.i0 1.0 0.0481964292534
DS.d707.s0.i1 1.0 0.426788755446
DS.d707.s1.i0 1.0 -0.0808863558976
DS.d709.s0.i0 1.0 1.61167247041
DS.d733.s0.i0 1.0 0.456190417315
DS.d733.s0.i1 1.0 0.914633276232
DS.d733.s0.i2 1.0 0.592912500799
DS.d733.s0.i3 1.0 0.59360540303
DS.d736.s0.i0 1.0 0.695322411753
DS.d737.s0.i0 -1 -0.740195505425
DS.d737.s0.i1 -1 1.22657956776
DS.d737.s0.i2 -1 0.195201395232
DS.d737.s1.i0 -1 -1.03466755063
DS.d737.s1.i1 1.0 0.890420687818
DS.d752.s0.i0 1.0 0.604341888383
DS.d753.s0.i0 1.0 -0.254214862909
DS.d753.s1.i0 1.0 0.572086833811
DS.d753.s1.i1 1.0 0.75548675497
DS.d753.s2.i0 -1 -0.748167408684
DS.d753.s2.i1 -1 -0.860165719057
DS.d759.s0.i0 1.0 1.29537376339
DS.d759.s0.i1 1.0 1.29537376339
DS.d761.s0.i0 -1 -0.471445503546
DS.d761.s0.i1 -1 -0.667298113785
DS.d761.s0.i2 -1 0.416975624926
DS.d772.s0.i0 -1 0.83219345365
DS.d772.s0.i1 -1 0.921084190368
DS.d773.s0.i0 -1 -0.308872343298
DS.d773.s0.i1 -1 -0.355814354021
DS.d782.s0.i0 1.0 0.286359582791
DS.d811.s0.i0 1.0 1.30024535366
DS.d811.s1.i0 1.0 1.7916102113
DS.d811.s1.i1 1.0 1.84143909159
DS.d812.s0.i0 -1 -1.1524630971
DS.d812.s0.i1 -1 -0.956803560247
DS.d812.s0.i2 -1 -0.810801029727
DS.d817.s0.i0 1.0 0.238645053925
DS.d817.s0.i1 1.0 1.0053874116
DS.d817.s1.i0 1.0 0.969347164139
DS.d817.s1.i1 1.0 0.867333834184
DS.d817.s1.i2 1.0 1.17777700776
DS.d817.s1.i3 1.0 1.59557313505
DS.d817.s1.i4 1.0 1.0288028217
DS.d819.s0.i0 1.0 1.44588571289
DS.d819.s0.i1 -1 0.300475380376
DS.d859.s0.i0 1.0 0.494463792942
DS.d860.s0.i0 1.0 1.54724698404
DS.d860.s1.i0 1.0 1.7962157375
DS.d860.s1.i1 1.0 1.76812160635
DS.d879.s0.i0 1.0 -0.0628486395183
DS.d879.s1.i0 1.0 -0.0409692902661
DS.d883.s0.i0 1.0 1.65618326466
DS.d883.s0.i1 1.0 1.43692877103
DS.d883.s0.i2 1.0 1.52426367558
DS.d901.s0.i0 -1 1.82573345578
DS.d901.s1.i0 -1 0.585387270734
DS.d901.s2.i0 1.0 1.53972529127
DS.d911.s0.i0 1.0 0.313037551984
DS.d911.s0.i1 1.0 0.59249379927
DS.d920.s0.i0 1.0 0.273677484014
DS.d920.s0.i1 -1 -0.410520929753
DS.d920.s0.i2 1.0 0.579975725615
DS.d943.s0.i0 1.0 0.460914833088
DS.d943.s0.i1 1.0 0.646866284591
DS.d943.s1.i0 1.0 1.09852106123
DS.d960.s0.i0 -1 0.968459517694
DS.d960.s0.i1 -1 0.877463193471
DS.d990.s0.i0 -1 -0.785093897773
DS.d990.s0.i1 -1 -0.390761100308
DS.d990.s0.i2 -1 -0.703408266764
DS.d990.s0.i3 -1 -1.1749417488
DS.d992.s0.i0 -1 1.12212729866
DS.d1008.s0.i0 -1 -0.742538011686
DS.d1008.s0.i1 -1 -0.219062664653
DS.d1008.s1.i0 -1 1.04169392806
DS.d1059.s0.i0 1.0 0.568804051497
DS.d1060.s0.i0 1.0 1.34016795542
DS.d1089.s0.i0 1.0 0.52896074115
DS.d1089.s1.i0 1.0 -0.0652661476671
DS.d1089.s1.i1 1.0 0.432242781421
DS.d1089.s1.i2 1.0 0.0233688341514
DS.d1089.s1.i3 1.0 0.418337073729
DS.d1100.s0.i0 1.0 -0.202796380108
DS.d1103.s1.i0 1.0 -0.397296692444
DS.d1111.s0.i0 1.0 0.555727770453
DS.d1114.s0.i0 1.0 0.879203706598
DS.d1120.s0.i0 1.0 -0.340884309727
DS.d1120.s0.i1 -1 -1.31209584757
DS.d1120.s0.i2 -1 -0.101849180234
DS.d1120.s0.i3 -1 -0.105527101933
DS.d1120.s0.i4 1.0 -0.0332208482009
DS.d1120.s0.i5 1.0 -0.0250176820414
DS.d1120.s0.i6 -1 -1.39024576828
DS.d1120.s0.i7 1.0 0.00985928141711
DS.d1121.s0.i0 1.0 1.29999878019
DS.d1127.s0.i0 1.0 1.22510505963
DS.d1127.s1.i0 1.0 -0.0428249650548
DS.d1132.s0.i0 1.0 0.796702668181
DS.d1132.s0.i1 1.0 0.435035665976
DS.d1148.s0.i0 -1 -1.1620264271
DS.d1148.s0.i1 -1 -1.28903274288
DS.d1148.s0.i2 -1 -1.28903274288
DS.d1148.s0.i3 -1 -1.1620264271
DS.d1161.s0.i0 1.0 1.80588771747
DS.d1161.s0.i1 1.0 1.81597627653
DS.d1174.s0.i0 -1 0.742724888848
DS.d1181.s0.i0 -1 0.63828734213
DS.d1181.s1.i0 -1 1.45000425812
DS.d1183.s0.i0 -1 -0.898846507858
DS.d1183.s1.i0 -1 0.0310400844578
DS.d1199.s0.i0 -1 -1.3424876053
DS.d1199.s1.i0 -1 -1.66370540682
DS.d1199.s2.i0 -1 -1.05310249246
DS.d1201.s0.i0 -1 -0.267389093595
DS.d1202.s0.i0 1.0 1.46308879846
DS.d1207.s0.i0 1.0 0.944886152074
DS.d1207.s1.i0 1.0 0.849315500981
DS.d1208.s0.i0 1.0 1.23303990441
DS.d1235.s0.i0 1.0 0.339363997864
DS.d1235.s0.i1 -1 -0.566567355313
DS.d1235.s0.i2 -1 -0.00234039446466
DS.d1268.s0.i0 -1 0.0738752712421
DS.d1269.s0.i0 -1 0.967724336239
DS.d1274.s0.i0 1.0 0.595612071035
DS.d1274.s0.i1 1.0 1.18772382742
DS.d1274.s1.i0 1.0 0.720858593062
DS.d1274.s1.i1 1.0 0.846800767769
DS.d1291.s0.i0 1.0 0.986152205235
DS.d1293.s0.i0 1.0 -0.530479215322
DS.d1299.s0.i0 -1 -0.412183815326
DS.d1299.s0.i1 -1 -0.412183815326
DS.d1299.s0.i2 1.0 0.77429015866
DS.d1299.s0.i3 1.0 0.676325739825
DS.d1299.s0.i4 -1 -0.412183815326
DS.d1308.s0.i0 1.0 0.0913164158538
DS.d1310.s0.i0 1.0 0.322648711532
DS.d1314.s0.i0 1.0 0.778879596665
DS.d1315.s0.i0 -1 -0.215911948463
DS.d1315.s1.i0 -1 -0.0587512401215
DS.d1323.s0.i0 1.0 0.250034347992
DS.d1325.s0.i0 -1 -0.226101038652
DS.d1325.s0.i1 -1 -0.776911809922
DS.d1340.s0.i0 1.0 1.20295998888
DS.d1344.s0.i0 -1 -1.13888288681
DS.d1344.s0.i1 -1 -1.12270066301
DS.d1344.s0.i2 -1 -1.28868946462
DS.d1344.s0.i3 -1 -1.10514124938
DS.d1344.s0.i4 -1 -1.14156705349
DS.d1344.s0.i5 -1 -1.22171780427
DS.d1344.s0.i6 -1 -1.25274309249
DS.d1344.s0.i7 -1 -1.2164766397
DS.d1352.s0.i0 1.0 1.49810638741
DS.d1356.s0.i0 1.0 0.931033564007
DS.d1356.s0.i1 1.0 1.00561651313
DS.d1356.s1.i0 -1 1.21294815037
DS.d1356.s2.i0 -1 0.881189182911
DS.d1356.s3.i0 1.0 1.46178003055
DS.d1356.s4.i0 1.0 1.39605540051
DS.d1356.s4.i1 1.0 0.363765769971
DS.d1356.s4.i2 1.0 1.20765257725
DS.d1357.s0.i0 -1 1.11547014229
DS.d1357.s0.i1 -1 0.175395329121
DS.d1376.s0.i0 -1 -0.799346415242
DS.d1376.s0.i1 -1 -0.811058604897
DS.d1376.s0.i2 -1 -0.84675607775
DS.d1376.s0.i3 -1 -0.138913322964
DS.d1376.s0.i4 -1 0.126837606911
DS.d1376.s0.i5 -1 -0.677603332276
DS.d1376.s0.i6 -1 -0.717484487887
DS.d1376.s0.i7 -1 -0.75168158926
DS.d1376.s0.i8 -1 -0.130119060033
DS.d1376.s0.i9 -1 0.228359625532
DS.d1376.s0.i10 -1 0.0952941255381
DS.d1376.s0.i11 -1 -0.123912018329
DS.d1376.s1.i0 -1 0.332034385112
DS.d1376.s1.i1 -1 -0.791483492373
DS.d1386.s0.i0 -1 0.654724352639
DS.d1386.s0.i1 -1 0.442720484006
DS.d1386.s0.i2 -1 0.742928319982
DS.d1386.s1.i0 -1 1.16713850945
DS.d1386.s1.i1 -1 0.946558850106
DS.d1386.s1.i2 1.0 -0.56953291016
DS.d1407.s0.i0 1.0 1.50376561429
DS.d1407.s0.i1 1.0 1.56860345092
DS.d1407.s0.i2 1.0 1.51455906259
DS.d1422.s0.i0 1.0 0.0927149586872
DS.d1428.s0.i0 1.0 0.694985325779
DS.d1437.s0.i0 1.0 1.04022885262
DS.d1438.s0.i0 -1 0.51655446089
DS.d1451.s0.i0 -1 -0.710199345218
DS.d1451.s0.i1 -1 -0.792112703181
DS.d1451.s0.i2 -1 -0.578847504571
DS.d1451.s0.i3 -1 -0.710199345218
DS.d1451.s1.i0 -1 0.549405850042
DS.d1451.s1.i1 -1 0.500701404204
DS.d1458.s0.i0 1.0 0.26259785476
DS.d1459.s0.i0 1.0 0.731387549411
DS.d1459.s0.i1 1.0 0.821872535005
DS.d1464.s0.i0 -1 0.596668902044
DS.d1480.s0.i0 1.0 0.0137261732696
DS.d1480.s0.i1 1.0 0.031128252872
DS.d1480.s0.i2 1.0 0.0801622435524
DS.d1480.s0.i3 1.0 -0.0576681645618
DS.d1493.s0.i0 1.0 0.923828963511
DS.d1493.s1.i2 1.0 1.06813608122
DS.d1500.s0.i0 -1 -0.342411907588
DS.d1500.s0.i1 -1 -0.506047189516
DS.d1509.s0.i0 -1 -0.038450328627
DS.d1509.s0.i1 -1 -0.334743554161
DS.d1509.s0.i2 -1 -0.771537920132
DS.d1509.s1.i0 -1 -1.23225062558
DS.d1509.s1.i1 -1 -1.23225062558
DS.d1509.s1.i2 -1 -0.843338857443
DS.d1509.s1.i3 -1 -1.6353188015
DS.d1526.s0.i0 1.0 1.1886020709
DS.d1526.s0.i1 1.0 1.1886020709
DS.d1527.s0.i0 -1 -0.368013610134
DS.d1530.s0.i0 1.0 0.120023344185
DS.d1543.s0.i0 1.0 1.14994800043
DS.d1543.s0.i1 1.0 0.319854857094
DS.d1543.s1.i0 1.0 0.427438314418
DS.d1548.s0.i0 -1 -0.906699463965
DS.d1548.s0.i1 -1 -0.696449970051
DS.d1555.s0.i0 -1 -1.01322392047
DS.d1555.s0.i1 -1 -0.837444820806
DS.d1556.s0.i0 1.0 1.48042924968
DS.d1556.s0.i1 1.0 1.49605730332
DS.d1556.s0.i2 1.0 1.48042924968
DS.d1557.s0.i0 -1 -1.58246733848
DS.d1557.s0.i1 -1 -0.891777493873
DS.d1569.s0.i0 1.0 1.63672099222
DS.d1575.s0.i0 1.0 0.988504704525
DS.d1575.s0.i1 1.0 1.14010762781
DS.d1575.s0.i2 1.0 1.34991283592
DS.d1577.s0.i0 1.0 1.09247473648
DS.d1577.s0.i1 -1 0.722460912622
DS.d1584.s1.i0 1.0 0.962536508797
DS.d1593.s0.i0 1.0 0.331887407582
DS.d1595.s0.i0 1.0 -0.564119570729
DS.d1608.s0.i0 1.0 -0.88903133291
DS.d1608.s1.i0 -1 0.40728884559
DS.d1608.s2.i0 -1 1.39730500072
DS.d1608.s2.i1 -1 1.024134178
DS.d1608.s3.i0 1.0 0.758369577908
DS.d1621.s0.i0 1.0 1.80670999051
DS.d1621.s1.i0 1.0 0.760683950857
DS.d1622.s0.i0 1.0 0.35774379365
DS.d1622.s0.i1 1.0 0.368114994993
DS.d1676.s0.i0 1.0 -0.411076092414
DS.d1676.s0.i1 1.0 -0.543401598214
DS.d1676.s0.i2 1.0 -0.642725357495
DS.d1676.s0.i3 1.0 0.0954609941504
DS.d1676.s0.i4 1.0 -0.192233722802
DS.d1676.s0.i5 1.0 0.473251219646
DS.d1676.s0.i6 1.0 0.228390233056
DS.d1676.s0.i7 1.0 -0.21249496893
DS.d1676.s0.i8 1.0 -0.487871266275
DS.d1676.s0.i9 1.0 0.101175832788
DS.d1676.s0.i10 1.0 -0.578380125159
DS.d1676.s0.i11 1.0 -0.336985717776
DS.d1676.s1.i0 1.0 0.580304414139
DS.d1676.s1.i1 1.0 0.0608744343651
DS.d1680.s0.i0 1.0 1.1881492216
DS.d1680.s0.i1 1.0 0.188116349457
DS.d1702.s0.i0 1.0 1.54319079116
DS.d1714.s0.i0 -1 1.00958473878
DS.d1714.s0.i1 1.0 1.22607693501
DS.d1714.s1.i0 1.0 -0.349294217722
DS.d1714.s2.i0 1.0 1.18397984055
DS.d1714.s2.i1 1.0 0.978834614402
DS.d1720.s0.i0 1.0 0.754403361531
DS.d1724.s0.i0 1.0 -0.332884656127
DS.d1725.s0.i0 1.0 1.88127127857
DS.d1743.s0.i0 1.0 1.94052336351
DS.d1743.s1.i0 -1 1.36191467597
DS.d1743.s2.i0 1.0 1.75105872699
DS.d1744.s0.i0 1.0 -0.028082318536
DS.d1752.s0.i0 1.0 1.08004169422
DS.d1753.s0.i0 -1 -0.120021246139
DS.d1753.s1.i0 -1 -0.45336064733
DS.d1756.s0.i0 -1 -0.0398956259937
DS.d1756.s0.i1 -1 -0.0398956259937
DS.d1772.s0.i0 1.0 -0.633840690336
DS.d1797.s0.i0 1.0 -0.629193430116
DS.d1797.s0.i1 1.0 0.25251388092
DS.d1805.s0.i0 1.0 1.19288225346
DS.d1805.s0.i1 1.0 1.13401796704
DS.d1805.s0.i2 1.0 1.32135138928
DS.d1805.s0.i3 1.0 0.606499471833
DS.d1823.s2.i0 1.0 0.12810334046
DS.d1823.s2.i1 -1 -0.393460307397
DS.d1825.s0.i0 -1 -0.27626544875
DS.d1830.s0.i0 -1 0.284615691053
DS.d1844.s0.i0 1.0 1.3762988837
DS.d1844.s1.i0 1.0 1.23827546392
DS.d1844.s2.i0 -1 1.39439008016
DS.d1858.s0.i0 1.0 1.20839515642
DS.d1862.s0.i0 1.0 1.02183901504
DS.d1891.s0.i0 1.0 1.54791213473
