DS1.d6.s0.i0 1.0 0.949886810259
DS1.d23.s0.i0 -1 -0.778152054604
DS1.d23.s0.i1 -1 -0.846984201722
DS1.d23.s0.i2 -1 -0.359570251151
DS1.d23.s0.i3 -1 0.332451064527
DS1.d23.s0.i4 -1 -0.644468933461
DS1.d23.s0.i5 -1 -0.725277213869
DS1.d23.s0.i6 -1 0.20678515582
DS1.d23.s0.i7 -1 -0.669287445683
DS1.d23.s0.i8 -1 -0.845791033393
DS1.d23.s0.i9 -1 -1.20482774187
DS1.d23.s0.i10 -1 -0.794109360987
DS1.d23.s0.i11 -1 -0.450117419068
DS1.d23.s0.i12 -1 -0.708644166653
DS1.d23.s0.i13 -1 -1.07011331694
DS1.d41.s0.i0 1.0 0.581597951747
DS1.d41.s0.i1 1.0 0.175435806036
DS1.d49.s0.i0 -1 0.875042687065
DS1.d49.s0.i1 -1 1.02306897197
DS1.d49.s0.i2 -1 0.398890750718
DS1.d49.s0.i3 -1 0.716000455828
DS1.d49.s1.i0 1.0 -0.464203621901
DS1.d49.s1.i1 1.0 0.0385606980122
DS1.d49.s1.i2 -1 -0.708617522115
DS1.d49.s1.i3 1.0 0.716582263295
DS1.d49.s2.i0 1.0 0.573943785466
DS1.d49.s2.i1 1.0 0.810323579302
DS1.d58.s0.i0 -1 0.496889089524
DS1.d58.s1.i0 1.0 0.51022587923
DS1.d58.s1.i1 1.0 0.96525962674
DS1.d58.s2.i0 1.0 1.71273766328
DS1.d58.s3.i0 1.0 0.707053916993
DS1.d61.s0.i0 1.0 0.332502724817
DS1.d61.s0.i1 1.0 0.789968375867
DS1.d61.s0.i2 1.0 1.14366851285
DS1.d61.s0.i3 1.0 0.305548970004
DS1.d61.s0.i4 1.0 1.21187460026
DS1.d61.s0.i5 1.0 0.33203667773
DS1.d61.s0.i6 1.0 0.853535298302
DS1.d61.s0.i7 1.0 0.753713030369
DS1.d61.s0.i8 1.0 -0.1010887592
DS1.d74.s0.i0 1.0 2.4038892433
DS1.d79.s0.i0 -1 0.437729734736
DS1.d85.s0.i0 1.0 0.506545191095
DS1.d107.s0.i0 -1 -1.40396400086
DS1.d107.s0.i1 -1 -0.781397150633
DS1.d107.s0.i2 -1 -0.61193288868
DS1.d115.s0.i0 -1 -0.723132635961
DS1.d115.s0.i1 1.0 -0.356237239627
DS1.d137.s0.i0 -1 -0.824049649279
DS1.d137.s1.i0 -1 0.668172891134
DS1.d140.s0.i0 1.0 0.513755937256
DS1.d140.s0.i1 1.0 0.831947203006
DS1.d140.s0.i2 1.0 0.378303334098
DS1.d157.s0.i0 1.0 1.68925149744
DS1.d163.s0.i0 1.0 1.83214372675
DS1.d163.s0.i1 1.0 1.68393614932
DS1.d163.s0.i2 1.0 2.24544241693
DS1.d171.s0.i0 1.0 0.230266640481
DS1.d171.s1.i0 1.0 1.17684478158
DS1.d173.s0.i0 1.0 0.539772590757
DS1.d175.s0.i0 1.0 0.797196225589
DS1.d175.s0.i1 1.0 0.906314932313
DS1.d175.s1.i0 1.0 0.801456888603
DS1.d190.s0.i0 1.0 -0.0760483052977
DS1.d195.s0.i0 -1 -0.356783800367
DS1.d239.s0.i0 1.0 1.52579485219
DS1.d239.s0.i1 1.0 2.51597470055
DS1.d239.s1.i0 1.0 0.684517768654
DS1.d239.s2.i0 1.0 0.109668149912
DS1.d239.s2.i1 1.0 0.198289003863
DS1.d239.s2.i2 1.0 -0.275995022168
DS1.d240.s0.i0 1.0 1.14168292264
DS1.d257.s0.i0 1.0 1.21912183695
DS1.d257.s0.i1 -1 0.771408508254
DS1.d257.s0.i2 -1 1.59129128548
DS1.d257.s1.i0 1.0 0.544340851213
DS1.d257.s2.i0 1.0 1.84385972606
DS1.d257.s3.i0 1.0 1.69021160238
DS1.d309.s0.i0 1.0 0.989215028364
DS1.d309.s1.i0 -1 0.0707931479542
DS1.d309.s1.i1 -1 0.129450272239
DS1.d309.s1.i2 -1 1.27866506224
DS1.d309.s2.i0 1.0 0.545874618335
DS1.d309.s2.i1 1.0 0.297578653363
DS1.d321.s0.i0 1.0 -0.0711495342025
DS1.d321.s0.i1 1.0 0.297182028423
DS1.d321.s0.i2 1.0 -0.228945878111
DS1.d321.s0.i3 1.0 -0.397291229983
DS1.d321.s0.i4 1.0 -0.0857548527454
DS1.d326.s0.i0 1.0 0.198111539924
DS1.d326.s0.i1 -1 -0.139110507774
DS1.d329.s0.i0 1.0 -0.224423555916
DS1.d357.s0.i0 1.0 0.928375423774
DS1.d357.s0.i1 1.0 0.671181730762
DS1.d382.s0.i0 1.0 1.75896736899
DS1.d388.s0.i0 -1 -0.546514151667
DS1.d388.s0.i1 -1 0.432266124722
DS1.d390.s0.i0 -1 -0.220713319716
DS1.d390.s0.i1 -1 -0.0655181803357
DS1.d390.s0.i2 -1 -0.347394442153
DS1.d390.s0.i3 -1 -0.642229791154
DS1.d390.s0.i4 -1 -0.270309741576
DS1.d390.s0.i5 -1 -0.497246435002
DS1.d411.s0.i0 1.0 2.26534967492
DS1.d413.s0.i0 -1 0.397859818589
DS1.d413.s0.i1 -1 2.23349502827
DS1.d413.s0.i2 1.0 1.35677478989
DS1.d413.s0.i3 1.0 1.86653785231
DS1.d420.s0.i0 1.0 1.32649084758
DS1.d420.s1.i0 1.0 -0.216227036794
DS1.d425.s0.i0 -1 -0.710432546085
DS1.d425.s0.i1 -1 -0.271859543897
DS1.d437.s0.i0 -1 0.321009001152
DS1.d437.s0.i1 -1 1.26557820777
DS1.d437.s0.i2 1.0 1.10833204376
DS1.d457.s0.i0 1.0 1.96031336813
DS1.d457.s1.i0 1.0 0.88796089011
DS1.d457.s1.i1 1.0 1.69659383004
DS1.d457.s1.i2 1.0 1.64943220691
DS1.d457.s1.i3 1.0 0.541979784253
DS1.d458.s0.i0 1.0 0.413573567313
DS1.d458.s1.i0 1.0 1.52140975925
DS1.d458.s2.i0 -1 -0.720425256855
DS1.d458.s3.i0 1.0 0.885237254935
DS1.d458.s4.i0 1.0 0.114904984243
DS1.d460.s0.i0 -1 -0.342275692011
DS1.d460.s1.i0 1.0 2.22808560026
DS1.d466.s0.i0 1.0 1.40187572006
DS1.d486.s0.i0 -1 0.52599982066
DS1.d486.s0.i1 -1 0.18352033674
DS1.d486.s0.i2 -1 -0.0802161971592
DS1.d486.s0.i3 -1 0.550977884436
DS1.d486.s0.i4 -1 0.628247880783
DS1.d486.s0.i5 -1 0.1709846654
DS1.d486.s0.i6 -1 0.326933208899
DS1.d486.s0.i7 -1 0.476677758756
DS1.d486.s0.i8 -1 0.729007216101
DS1.d486.s0.i9 -1 -0.0530600101365
DS1.d486.s0.i10 -1 0.322554787429
DS1.d486.s0.i11 -1 0.140901270614
DS1.d486.s0.i12 -1 -0.296524009868
DS1.d486.s0.i13 -1 0.900686780302
DS1.d486.s0.i14 -1 1.17603951816
DS1.d486.s0.i15 -1 0.762094560291
DS1.d486.s0.i16 -1 0.880577338129
DS1.d486.s0.i17 -1 1.20912686235
DS1.d486.s0.i18 -1 -0.102668444993
DS1.d486.s0.i19 -1 0.702548006463
DS1.d486.s0.i20 -1 0.200808955795
DS1.d486.s0.i21 -1 -0.552557572565
DS1.d486.s0.i22 -1 0.295489742346
DS1.d486.s0.i23 -1 -0.358702007691
DS1.d486.s0.i24 -1 0.177892121209
DS1.d486.s0.i25 -1 1.32760964019
DS1.d486.s0.i26 -1 0.233371951853
DS1.d486.s0.i27 -1 0.637529911226
DS1.d486.s0.i28 -1 0.51309663073
DS1.d486.s0.i29 -1 0.441048990285
DS1.d486.s0.i30 -1 0.0714450668088
DS1.d486.s0.i31 -1 0.343181700894
DS1.d486.s0.i32 -1 0.252633083218
DS1.d486.s0.i33 -1 0.951994842626
DS1.d486.s0.i34 -1 0.504962540564
DS1.d486.s0.i35 -1 0.657257263814
DS1.d486.s1.i0 1.0 0.415900283559
DS1.d486.s1.i1 1.0 -0.0227135299223
DS1.d487.s0.i0 1.0 1.1678221095
DS1.d487.s0.i1 1.0 1.3947089371
DS1.d487.s0.i2 -1 1.04420603288
DS1.d490.s0.i0 1.0 1.3640927024
DS1.d490.s0.i1 1.0 1.3640927024
DS1.d516.s0.i0 1.0 0.283375924354
DS1.d516.s0.i1 1.0 0.50848136945
DS1.d518.s0.i0 1.0 0.904400103569
DS1.d531.s0.i0 1.0 1.11348387879
DS1.d531.s0.i1 1.0 0.768987040653
DS1.d531.s0.i2 1.0 0.938741126309
DS1.d531.s0.i3 1.0 0.272292581927
DS1.d531.s0.i4 1.0 0.66575745806
DS1.d548.s0.i0 -1 -0.678101088915
DS1.d548.s0.i1 -1 -0.0589036003431
DS1.d552.s0.i0 1.0 0.441677232236
DS1.d552.s0.i1 1.0 0.499552846313
DS1.d552.s0.i2 1.0 1.29336950394
DS1.d552.s0.i3 1.0 0.967900401581
DS1.d560.s0.i0 1.0 2.23492393277
DS1.d560.s0.i1 1.0 2.20823874832
DS1.d560.s0.i2 1.0 2.37492071566
DS1.d560.s0.i3 1.0 1.98519997983
DS1.d567.s0.i0 1.0 0.481555932388
DS1.d567.s0.i1 1.0 3.04295883912
DS1.d567.s1.i0 1.0 2.02423841302
DS1.d567.s1.i1 -1 -0.174569322595
DS1.d567.s1.i2 1.0 1.52665606723
DS1.d574.s0.i0 -1 -0.631017670623
DS1.d574.s0.i1 -1 -0.33780223566
DS1.d574.s0.i2 -1 -0.459227791215
DS1.d574.s0.i3 -1 -0.797691958699
DS1.d583.s0.i0 1.0 1.29442143441
DS1.d586.s0.i0 1.0 0.382120868969
DS1.d598.s0.i0 1.0 0.899969408288
DS1.d598.s0.i1 1.0 0.899969408288
DS1.d599.s0.i0 1.0 -0.562752646453
DS1.d599.s1.i0 -1 -0.367109971103
DS1.d602.s0.i0 -1 -0.255362884336
DS1.d614.s0.i0 1.0 0.0626527702221
DS1.d614.s0.i1 1.0 0.523958673435
DS1.d614.s0.i2 1.0 1.37344903024
DS1.d614.s0.i3 1.0 0.674406359797
DS1.d614.s0.i4 -1 0.959458832552
DS1.d614.s0.i5 1.0 0.143202672697
DS1.d622.s0.i0 1.0 2.37595833756
DS1.d622.s1.i0 1.0 0.896441351751
DS1.d624.s0.i0 1.0 1.40375662967
DS1.d624.s0.i1 1.0 1.4857217168
DS1.d624.s0.i2 1.0 1.29972636831
DS1.d624.s0.i3 1.0 1.60470816092
DS1.d624.s1.i0 1.0 0.704973218609
DS1.d624.s1.i1 1.0 0.875130359797
DS1.d624.s1.i2 -1 -0.0208723384834
DS1.d624.s1.i3 1.0 0.704973218609
DS1.d624.s1.i4 -1 0.0403034656741
DS1.d624.s1.i5 1.0 0.875130359797
DS1.d624.s1.i6 -1 0.0270590741558
DS1.d624.s1.i7 -1 -0.00762794696611
DS1.d624.s2.i0 1.0 1.818125628
DS1.d624.s2.i1 1.0 1.818125628
DS1.d624.s2.i2 1.0 1.93252356712
DS1.d624.s3.i0 1.0 0.141166397251
DS1.d624.s3.i1 1.0 0.163576058781
DS1.d624.s3.i2 -1 -0.304378094573
DS1.d624.s3.i3 1.0 0.895469479092
DS1.d624.s4.i0 1.0 0.62201289157
DS1.d624.s4.i1 1.0 0.58582770664
DS1.d624.s4.i2 1.0 0.705575200621
DS1.d629.s0.i0 1.0 0.456391230126
DS1.d629.s0.i1 1.0 0.539561832991
DS1.d629.s1.i0 1.0 -1.02051915932
DS1.d629.s1.i1 1.0 -0.809680630156
DS1.d637.s0.i0 1.0 1.13885523492
DS1.d641.s0.i0 1.0 1.06675046881
DS1.d641.s0.i1 1.0 0.425244263043
DS1.d644.s0.i0 -1 0.317020523285
DS1.d680.s0.i0 1.0 1.79866489862
DS1.d680.s0.i1 1.0 1.20897324561
DS1.d680.s0.i2 1.0 1.63107314579
DS1.d680.s1.i0 1.0 -0.0690579974978
DS1.d690.s0.i0 1.0 1.10290692656
DS1.d690.s1.i0 1.0 2.5831457674
DS1.d690.s2.i0 1.0 0.624405594782
DS1.d690.s3.i0 1.0 1.13061598686
DS1.d690.s4.i0 -1 0.103262921615
DS1.d690.s5.i0 1.0 1.54954894508
DS1.d690.s5.i1 1.0 1.65452144938
DS1.d690.s5.i2 1.0 2.02048881792
DS1.d690.s5.i3 1.0 1.49192653086
DS1.d690.s6.i0 -1 0.758914425024
DS1.d691.s0.i0 1.0 0.477044578013
DS1.d693.s0.i0 -1 -0.306579778687
DS1.d693.s0.i1 -1 -0.438313013075
DS1.d693.s0.i2 -1 -0.574356462754
DS1.d693.s0.i3 -1 -0.617514682883
DS1.d712.s0.i0 1.0 0.881182399898
DS1.d712.s0.i1 1.0 1.51037003851
DS1.d712.s0.i2 1.0 0.835437063565
DS1.d712.s0.i3 1.0 1.51983973198
DS1.d712.s1.i0 1.0 1.19373264722
DS1.d712.s2.i0 -1 0.44294269394
DS1.d712.s2.i1 -1 -0.0364007719466
DS1.d716.s0.i0 1.0 1.07879847652
DS1.d716.s0.i1 -1 -0.717421676959
DS1.d716.s0.i2 1.0 0.975681775591
DS1.d716.s0.i3 1.0 0.460507080092
DS1.d720.s0.i0 1.0 1.37092922125
DS1.d720.s0.i1 -1 0.73463310387
DS1.d720.s1.i0 -1 0.159271581432
DS1.d720.s1.i1 -1 0.159271581432
DS1.d720.s1.i2 1.0 -0.208112762492
DS1.d720.s1.i3 1.0 0.308000854437
DS1.d720.s2.i0 1.0 2.36930759726
DS1.d720.s3.i0 1.0 0.727428375934
DS1.d720.s3.i1 1.0 0.554130331565
DS1.d724.s0.i0 1.0 2.16016393019
DS1.d724.s0.i1 1.0 1.35730435463
DS1.d724.s0.i2 1.0 -0.37097432059
DS1.d725.s0.i0 1.0 0.562759348472
DS1.d725.s1.i0 1.0 1.09405507679
DS1.d725.s1.i1 1.0 1.09405507679
DS1.d725.s1.i2 1.0 0.811124508362
DS1.d737.s0.i0 -1 -0.636427261036
DS1.d737.s0.i1 -1 1.06420671992
DS1.d737.s0.i2 -1 0.336233276962
DS1.d737.s1.i0 -1 -0.0299818835146
DS1.d737.s1.i1 1.0 1.00542977592
DS1.d740.s0.i0 1.0 -0.51893454251
DS1.d740.s0.i1 1.0 -0.660487362942
DS1.d742.s0.i0 1.0 1.60905945525
DS1.d742.s0.i1 1.0 1.04052790964
DS1.d771.s0.i0 1.0 0.876437059066
DS1.d783.s0.i0 -1 0.327866694115
DS1.d793.s0.i0 1.0 -0.0134964480937
DS1.d793.s0.i1 1.0 0.0708238264682
DS1.d793.s1.i0 1.0 0.500222078809
DS1.d793.s1.i1 1.0 0.419526495781
DS1.d799.s0.i0 1.0 2.35325851971
DS1.d799.s0.i1 1.0 2.43924783666
DS1.d799.s0.i2 1.0 2.15230932653
DS1.d799.s0.i3 1.0 2.35325851971
DS1.d804.s0.i0 -1 0.980774010681
DS1.d822.s0.i0 -1 1.10655110309
DS1.d824.s0.i0 1.0 0.753924786938
DS1.d824.s0.i1 1.0 -0.699950462036
DS1.d825.s0.i0 1.0 0.930932286944
DS1.d825.s0.i1 1.0 0.774638943003
DS1.d825.s0.i2 1.0 0.642835740236
DS1.d825.s0.i3 1.0 0.306309495844
DS1.d825.s0.i4 1.0 0.474551965993
DS1.d825.s0.i5 1.0 0.393624209295
DS1.d825.s0.i6 1.0 0.744967357475
DS1.d825.s0.i7 1.0 0.738855471661
DS1.d825.s1.i0 -1 0.158686915789
DS1.d825.s1.i1 -1 0.220399385522
DS1.d825.s1.i2 -1 0.158686915789
DS1.d825.s1.i3 -1 -0.155968691315
DS1.d825.s1.i4 -1 0.250580812219
DS1.d825.s1.i5 -1 0.250580812219
DS1.d825.s2.i0 -1 -1.55190006631
DS1.d825.s2.i1 -1 -1.55190006631
