DS1.d6.s0.i0 1.0 0.520466195695
DS1.d23.s0.i0 -1 -0.420305581644
DS1.d23.s0.i1 -1 -1.15845917841
DS1.d23.s0.i2 -1 -0.38010347804
DS1.d23.s0.i3 -1 0.166176818363
DS1.d23.s0.i4 -1 -1.00440447137
DS1.d23.s0.i5 -1 -0.544844906862
DS1.d23.s0.i6 -1 -0.42157071115
DS1.d23.s0.i7 -1 -0.434794652577
DS1.d23.s0.i8 -1 -0.984229111423
DS1.d23.s0.i9 -1 -0.936797128393
DS1.d23.s0.i10 -1 -0.880977568191
DS1.d23.s0.i11 -1 -0.640069535977
DS1.d23.s0.i12 -1 -0.531295041129
DS1.d23.s0.i13 -1 -0.413111637968
DS1.d41.s0.i0 1.0 0.172475999618
DS1.d41.s0.i1 1.0 -0.310743831687
DS1.d49.s0.i0 -1 0.719499119063
DS1.d49.s0.i1 -1 0.628379614069
DS1.d49.s0.i2 -1 0.580438828721
DS1.d49.s0.i3 -1 0.558255178136
DS1.d49.s1.i0 1.0 -0.474618455496
DS1.d49.s1.i1 1.0 0.254883395614
DS1.d49.s1.i2 -1 -0.478766437085
DS1.d49.s1.i3 1.0 0.47407975724
DS1.d49.s2.i0 1.0 0.845448240998
DS1.d49.s2.i1 1.0 0.993375712106
DS1.d58.s0.i0 -1 0.896591069974
DS1.d58.s1.i0 1.0 0.803404068053
DS1.d58.s1.i1 1.0 0.586351768093
DS1.d58.s2.i0 1.0 1.4395548741
DS1.d58.s3.i0 1.0 0.763140157124
DS1.d61.s0.i0 1.0 -0.0253071516708
DS1.d61.s0.i1 1.0 0.13548935836
DS1.d61.s0.i2 1.0 0.386117074498
DS1.d61.s0.i3 1.0 0.275513798518
DS1.d61.s0.i4 1.0 0.225396727933
DS1.d61.s0.i5 1.0 -0.0448320305453
DS1.d61.s0.i6 1.0 0.419228727138
DS1.d61.s0.i7 1.0 0.117778087011
DS1.d61.s0.i8 1.0 -0.135430777447
DS1.d74.s0.i0 1.0 1.39782177847
DS1.d79.s0.i0 -1 0.250369703561
DS1.d85.s0.i0 1.0 0.57805257376
DS1.d107.s0.i0 -1 -1.51449472876
DS1.d107.s0.i1 -1 -0.858428800182
DS1.d107.s0.i2 -1 -0.576950272172
DS1.d115.s0.i0 -1 -0.443080753535
DS1.d115.s0.i1 1.0 -0.764887682544
DS1.d137.s0.i0 -1 -0.474255235124
DS1.d137.s1.i0 -1 0.0247780333882
DS1.d140.s0.i0 1.0 0.521573130618
DS1.d140.s0.i1 1.0 0.470227286751
DS1.d140.s0.i2 1.0 0.546234543769
DS1.d157.s0.i0 1.0 1.01439427187
DS1.d163.s0.i0 1.0 2.23237434646
DS1.d163.s0.i1 1.0 2.24702030044
DS1.d163.s0.i2 1.0 2.33629352559
DS1.d171.s0.i0 1.0 0.494464100793
DS1.d171.s1.i0 1.0 0.742422936692
DS1.d173.s0.i0 1.0 -0.27584797645
DS1.d175.s0.i0 1.0 0.119493468993
DS1.d175.s0.i1 1.0 0.491254504245
DS1.d175.s1.i0 1.0 0.8102866934
DS1.d190.s0.i0 1.0 0.0946277732715
DS1.d195.s0.i0 -1 -0.348894939297
DS1.d239.s0.i0 1.0 0.660495722187
DS1.d239.s0.i1 1.0 1.80489137303
DS1.d239.s1.i0 1.0 0.453479591268
DS1.d239.s2.i0 1.0 0.527543475811
DS1.d239.s2.i1 1.0 0.588063096839
DS1.d239.s2.i2 1.0 0.391895673553
DS1.d240.s0.i0 1.0 1.01686287022
DS1.d257.s0.i0 1.0 1.20603728446
DS1.d257.s0.i1 -1 0.222921830587
DS1.d257.s0.i2 -1 1.4519764462
DS1.d257.s1.i0 1.0 0.213941994038
DS1.d257.s2.i0 1.0 0.895755388236
DS1.d257.s3.i0 1.0 1.46956052936
DS1.d309.s0.i0 1.0 0.956499880396
DS1.d309.s1.i0 -1 -0.257190813844
DS1.d309.s1.i1 -1 0.0161360855274
DS1.d309.s1.i2 -1 0.885583810499
DS1.d309.s2.i0 1.0 0.662777828921
DS1.d309.s2.i1 1.0 0.208209106539
DS1.d321.s0.i0 1.0 -0.0701542668804
DS1.d321.s0.i1 1.0 0.382944128324
DS1.d321.s0.i2 1.0 -0.413181262065
DS1.d321.s0.i3 1.0 -0.497233841033
DS1.d321.s0.i4 1.0 0.0880274888564
DS1.d326.s0.i0 1.0 -0.236756483435
DS1.d326.s0.i1 -1 -0.436866381937
DS1.d329.s0.i0 1.0 -0.0565257568765
DS1.d357.s0.i0 1.0 0.418926825455
DS1.d357.s0.i1 1.0 0.805203446397
DS1.d382.s0.i0 1.0 1.26585058935
DS1.d388.s0.i0 -1 -0.74283960608
DS1.d388.s0.i1 -1 -0.00549843049678
DS1.d390.s0.i0 -1 -0.169741436986
DS1.d390.s0.i1 -1 -0.351407884137
DS1.d390.s0.i2 -1 -0.496472362104
DS1.d390.s0.i3 -1 -0.370758967858
DS1.d390.s0.i4 -1 -0.0117617429674
DS1.d390.s0.i5 -1 -0.282650922317
DS1.d411.s0.i0 1.0 2.24909265388
DS1.d413.s0.i0 -1 0.364708297109
DS1.d413.s0.i1 -1 1.5198707466
DS1.d413.s0.i2 1.0 1.02274746417
DS1.d413.s0.i3 1.0 1.78486456252
DS1.d420.s0.i0 1.0 0.694633144666
DS1.d420.s1.i0 1.0 -0.529675812437
DS1.d425.s0.i0 -1 -0.674559093405
DS1.d425.s0.i1 -1 -0.599252730665
DS1.d437.s0.i0 -1 -0.17543215304
DS1.d437.s0.i1 -1 0.172757553393
DS1.d437.s0.i2 1.0 1.46983677296
DS1.d457.s0.i0 1.0 1.56733847089
DS1.d457.s1.i0 1.0 0.770509285692
DS1.d457.s1.i1 1.0 1.61182142606
DS1.d457.s1.i2 1.0 1.39565692671
DS1.d457.s1.i3 1.0 0.911461607313
DS1.d458.s0.i0 1.0 0.144133990998
DS1.d458.s1.i0 1.0 0.669487738767
DS1.d458.s2.i0 -1 -0.617601276366
DS1.d458.s3.i0 1.0 1.30762404766
DS1.d458.s4.i0 1.0 -0.343148294318
DS1.d460.s0.i0 -1 -0.524940739154
DS1.d460.s1.i0 1.0 1.66797489116
DS1.d466.s0.i0 1.0 0.934883368603
DS1.d486.s0.i0 -1 -0.131207737793
DS1.d486.s0.i1 -1 0.121559557609
DS1.d486.s0.i2 -1 -0.111152808959
DS1.d486.s0.i3 -1 -0.0713966469262
DS1.d486.s0.i4 -1 0.211777095783
DS1.d486.s0.i5 -1 -0.142654422035
DS1.d486.s0.i6 -1 -0.137777029629
DS1.d486.s0.i7 -1 0.135217407303
DS1.d486.s0.i8 -1 -0.0466480595426
DS1.d486.s0.i9 -1 -0.115334667999
DS1.d486.s0.i10 -1 -0.106933559488
DS1.d486.s0.i11 -1 -0.448811036255
DS1.d486.s0.i12 -1 -0.272652131888
DS1.d486.s0.i13 -1 0.283834471553
DS1.d486.s0.i14 -1 0.311732679828
DS1.d486.s0.i15 -1 -0.0636628944271
DS1.d486.s0.i16 -1 0.0302323193637
DS1.d486.s0.i17 -1 0.295911615711
DS1.d486.s0.i18 -1 -0.29055298425
DS1.d486.s0.i19 -1 0.0234472095232
DS1.d486.s0.i20 -1 -0.171030202626
DS1.d486.s0.i21 -1 -0.462127890948
DS1.d486.s0.i22 -1 -0.228062076946
DS1.d486.s0.i23 -1 -0.484868733445
DS1.d486.s0.i24 -1 -0.233987195602
DS1.d486.s0.i25 -1 0.388832682564
DS1.d486.s0.i26 -1 -0.386830571062
DS1.d486.s0.i27 -1 0.0514044572937
DS1.d486.s0.i28 -1 0.119440505454
DS1.d486.s0.i29 -1 -0.00507657120507
DS1.d486.s0.i30 -1 -0.196220548365
DS1.d486.s0.i31 -1 -0.194297484291
DS1.d486.s0.i32 -1 0.113621009707
DS1.d486.s0.i33 -1 0.259083576014
DS1.d486.s0.i34 -1 -0.0990451922672
DS1.d486.s0.i35 -1 -0.0728703046171
DS1.d486.s1.i0 1.0 0.459176846945
DS1.d486.s1.i1 1.0 1.16335069555
DS1.d487.s0.i0 1.0 1.32590305755
DS1.d487.s0.i1 1.0 1.37296345716
DS1.d487.s0.i2 -1 1.51246403713
DS1.d490.s0.i0 1.0 1.57140782475
DS1.d490.s0.i1 1.0 1.57140782475
DS1.d516.s0.i0 1.0 -0.0494694103881
DS1.d516.s0.i1 1.0 0.498324057829
DS1.d518.s0.i0 1.0 1.78308470756
DS1.d531.s0.i0 1.0 1.11799347109
DS1.d531.s0.i1 1.0 0.666694574793
DS1.d531.s0.i2 1.0 0.627456447122
DS1.d531.s0.i3 1.0 0.460953644784
DS1.d531.s0.i4 1.0 0.503984293786
DS1.d548.s0.i0 -1 -0.926966032987
DS1.d548.s0.i1 -1 -0.588933137996
DS1.d552.s0.i0 1.0 0.278097021733
DS1.d552.s0.i1 1.0 0.37491764183
DS1.d552.s0.i2 1.0 1.0421517493
DS1.d552.s0.i3 1.0 0.607286459161
DS1.d560.s0.i0 1.0 1.43917649695
DS1.d560.s0.i1 1.0 1.65459054161
DS1.d560.s0.i2 1.0 1.47320956787
DS1.d560.s0.i3 1.0 1.35339675469
DS1.d567.s0.i0 1.0 0.157857220125
DS1.d567.s0.i1 1.0 2.09205593272
DS1.d567.s1.i0 1.0 1.73036463875
DS1.d567.s1.i1 -1 -0.534409361042
DS1.d567.s1.i2 1.0 1.18803414656
DS1.d574.s0.i0 -1 -0.428134480106
DS1.d574.s0.i1 -1 -0.143027204145
DS1.d574.s0.i2 -1 -0.617702630679
DS1.d574.s0.i3 -1 -0.915467854564
DS1.d583.s0.i0 1.0 1.2101701463
DS1.d586.s0.i0 1.0 0.390199086704
DS1.d598.s0.i0 1.0 0.714218855115
DS1.d598.s0.i1 1.0 0.714218855115
DS1.d599.s0.i0 1.0 -0.643301861123
DS1.d599.s1.i0 -1 -0.629779554824
DS1.d602.s0.i0 -1 -0.194622514049
DS1.d614.s0.i0 1.0 0.290585916412
DS1.d614.s0.i1 1.0 0.832285536857
DS1.d614.s0.i2 1.0 1.14849251845
DS1.d614.s0.i3 1.0 0.400926984914
DS1.d614.s0.i4 -1 0.888880897768
DS1.d614.s0.i5 1.0 -0.397918834851
DS1.d622.s0.i0 1.0 2.30979266459
DS1.d622.s1.i0 1.0 1.87782793782
DS1.d624.s0.i0 1.0 1.27702606927
DS1.d624.s0.i1 1.0 1.12876155427
DS1.d624.s0.i2 1.0 1.20548866881
DS1.d624.s0.i3 1.0 1.24939347423
DS1.d624.s1.i0 1.0 0.000720905996474
DS1.d624.s1.i1 1.0 0.806510876139
DS1.d624.s1.i2 -1 0.255670630464
DS1.d624.s1.i3 1.0 0.000720905996474
DS1.d624.s1.i4 -1 -0.119168435144
DS1.d624.s1.i5 1.0 0.806510876139
DS1.d624.s1.i6 -1 -0.236086226861
DS1.d624.s1.i7 -1 0.372075961959
DS1.d624.s2.i0 1.0 0.840649050439
DS1.d624.s2.i1 1.0 0.840649050439
DS1.d624.s2.i2 1.0 0.688217583025
DS1.d624.s3.i0 1.0 0.267588946356
DS1.d624.s3.i1 1.0 0.316290119142
DS1.d624.s3.i2 -1 0.138944398152
DS1.d624.s3.i3 1.0 1.22089864563
DS1.d624.s4.i0 1.0 0.670886853593
DS1.d624.s4.i1 1.0 0.509307836014
DS1.d624.s4.i2 1.0 0.703186308816
DS1.d629.s0.i0 1.0 0.524933741084
DS1.d629.s0.i1 1.0 0.450494466264
DS1.d629.s1.i0 1.0 -0.821044901726
DS1.d629.s1.i1 1.0 -0.767333343003
DS1.d637.s0.i0 1.0 0.656572213609
DS1.d641.s0.i0 1.0 0.726118831312
DS1.d641.s0.i1 1.0 0.752731464855
DS1.d644.s0.i0 -1 0.029328323408
DS1.d680.s0.i0 1.0 1.10339526334
DS1.d680.s0.i1 1.0 0.899707018359
DS1.d680.s0.i2 1.0 1.06877779235
DS1.d680.s1.i0 1.0 -0.217449238756
DS1.d690.s0.i0 1.0 0.771814794986
DS1.d690.s1.i0 1.0 1.89416599608
DS1.d690.s2.i0 1.0 0.507955983923
DS1.d690.s3.i0 1.0 1.23063500724
DS1.d690.s4.i0 -1 -0.0640999874526
DS1.d690.s5.i0 1.0 1.20207856109
DS1.d690.s5.i1 1.0 1.5857865244
DS1.d690.s5.i2 1.0 1.9262113192
DS1.d690.s5.i3 1.0 1.322210243
DS1.d690.s6.i0 -1 0.0913658338936
DS1.d691.s0.i0 1.0 0.505431412483
DS1.d693.s0.i0 -1 -1.36049975097
DS1.d693.s0.i1 -1 -1.69325607177
DS1.d693.s0.i2 -1 -1.65516151854
DS1.d693.s0.i3 -1 -1.59790502948
DS1.d712.s0.i0 1.0 0.573238195859
DS1.d712.s0.i1 1.0 1.04313077956
DS1.d712.s0.i2 1.0 0.202250105818
DS1.d712.s0.i3 1.0 0.719668772796
DS1.d712.s1.i0 1.0 1.37571726977
DS1.d712.s2.i0 -1 0.41273022893
DS1.d712.s2.i1 -1 -0.0653550185257
DS1.d716.s0.i0 1.0 1.06719470723
DS1.d716.s0.i1 -1 -0.716967966896
DS1.d716.s0.i2 1.0 1.59671278568
DS1.d716.s0.i3 1.0 0.634230082144
DS1.d720.s0.i0 1.0 0.981816205342
DS1.d720.s0.i1 -1 0.388882098621
DS1.d720.s1.i0 -1 0.125265470753
DS1.d720.s1.i1 -1 0.125265470753
DS1.d720.s1.i2 1.0 0.101256570318
DS1.d720.s1.i3 1.0 0.210075218859
DS1.d720.s2.i0 1.0 2.11548728191
DS1.d720.s3.i0 1.0 0.363564459349
DS1.d720.s3.i1 1.0 0.322385726781
DS1.d724.s0.i0 1.0 2.23302107975
DS1.d724.s0.i1 1.0 0.98838703317
DS1.d724.s0.i2 1.0 -0.27799013316
DS1.d725.s0.i0 1.0 0.674764212884
DS1.d725.s1.i0 1.0 0.889886550699
DS1.d725.s1.i1 1.0 0.889886550699
DS1.d725.s1.i2 1.0 0.464957238761
DS1.d737.s0.i0 -1 -0.737404365202
DS1.d737.s0.i1 -1 0.582095530237
DS1.d737.s0.i2 -1 0.243699203129
DS1.d737.s1.i0 -1 -0.258838761857
DS1.d737.s1.i1 1.0 0.710508775933
DS1.d740.s0.i0 1.0 -0.0737949475203
DS1.d740.s0.i1 1.0 -0.201236588436
DS1.d742.s0.i0 1.0 1.97842722869
DS1.d742.s0.i1 1.0 1.4539194721
DS1.d771.s0.i0 1.0 0.863520745636
DS1.d783.s0.i0 -1 0.394118829601
DS1.d793.s0.i0 1.0 0.160495500317
DS1.d793.s0.i1 1.0 0.303368312675
DS1.d793.s1.i0 1.0 0.489675076564
DS1.d793.s1.i1 1.0 0.197425429918
DS1.d799.s0.i0 1.0 1.26207553202
DS1.d799.s0.i1 1.0 1.64789356285
DS1.d799.s0.i2 1.0 1.308889745
DS1.d799.s0.i3 1.0 1.26207553202
DS1.d804.s0.i0 -1 0.749541333958
DS1.d822.s0.i0 -1 1.33461299481
DS1.d824.s0.i0 1.0 0.350135386377
DS1.d824.s0.i1 1.0 -0.795039805245
DS1.d825.s0.i0 1.0 0.433603201224
DS1.d825.s0.i1 1.0 0.634830119274
DS1.d825.s0.i2 1.0 0.274014475505
DS1.d825.s0.i3 1.0 0.189171724343
DS1.d825.s0.i4 1.0 0.312361228291
DS1.d825.s0.i5 1.0 0.493011119969
DS1.d825.s0.i6 1.0 0.394733823081
DS1.d825.s0.i7 1.0 0.457320892748
DS1.d825.s1.i0 -1 0.172428855934
DS1.d825.s1.i1 -1 -0.016471792892
DS1.d825.s1.i2 -1 0.172428855934
DS1.d825.s1.i3 -1 -0.624119645868
DS1.d825.s1.i4 -1 -0.0305297576439
DS1.d825.s1.i5 -1 -0.0305297576439
DS1.d825.s2.i0 -1 -1.60545241511
DS1.d825.s2.i1 -1 -1.60545241511
