DS1.d6.s0.i0 1.0 0.300836772697
DS1.d23.s0.i0 -1 -0.219435001705
DS1.d23.s0.i1 -1 -0.605016113829
DS1.d23.s0.i2 -1 -0.134014366864
DS1.d23.s0.i3 -1 0.48568598203
DS1.d23.s0.i4 -1 -0.47688219511
DS1.d23.s0.i5 -1 -0.292774211602
DS1.d23.s0.i6 -1 -0.011885416706
DS1.d23.s0.i7 -1 -0.0645342100984
DS1.d23.s0.i8 -1 -0.433403774057
DS1.d23.s0.i9 -1 -0.694985786904
DS1.d23.s0.i10 -1 -0.390311856452
DS1.d23.s0.i11 -1 -0.209198196489
DS1.d23.s0.i12 -1 -0.222122531631
DS1.d23.s0.i13 -1 -0.273582391231
DS1.d41.s0.i0 1.0 0.385475720004
DS1.d41.s0.i1 1.0 0.167043933133
DS1.d49.s0.i0 -1 0.590200311912
DS1.d49.s0.i1 -1 0.667366773462
DS1.d49.s0.i2 -1 0.281211464475
DS1.d49.s0.i3 -1 0.446581450596
DS1.d49.s1.i0 1.0 -0.595120402005
DS1.d49.s1.i1 1.0 0.367462040001
DS1.d49.s1.i2 -1 -0.39479475292
DS1.d49.s1.i3 1.0 0.391926037398
DS1.d49.s2.i0 1.0 0.610071681769
DS1.d49.s2.i1 1.0 0.669689094222
DS1.d58.s0.i0 -1 0.781251948097
DS1.d58.s1.i0 1.0 1.00421611274
DS1.d58.s1.i1 1.0 1.21931884538
DS1.d58.s2.i0 1.0 1.59377237583
DS1.d58.s3.i0 1.0 0.792734945884
DS1.d61.s0.i0 1.0 0.115345062715
DS1.d61.s0.i1 1.0 0.348794930876
DS1.d61.s0.i2 1.0 0.539278314805
DS1.d61.s0.i3 1.0 0.226156920522
DS1.d61.s0.i4 1.0 0.586487295167
DS1.d61.s0.i5 1.0 0.196443743835
DS1.d61.s0.i6 1.0 0.494918294763
DS1.d61.s0.i7 1.0 0.391573572902
DS1.d61.s0.i8 1.0 -0.0457048870078
DS1.d74.s0.i0 1.0 1.34977177526
DS1.d79.s0.i0 -1 0.316080619914
DS1.d85.s0.i0 1.0 0.637869562829
DS1.d107.s0.i0 -1 -1.34744846452
DS1.d107.s0.i1 -1 -0.460460738466
DS1.d107.s0.i2 -1 -0.698158967229
DS1.d115.s0.i0 -1 -0.258980833341
DS1.d115.s0.i1 1.0 -0.12641504274
DS1.d137.s0.i0 -1 -0.268102611097
DS1.d137.s1.i0 -1 0.114540466077
DS1.d140.s0.i0 1.0 0.667601659399
DS1.d140.s0.i1 1.0 0.867746952948
DS1.d140.s0.i2 1.0 0.904296887236
DS1.d157.s0.i0 1.0 1.06248994635
DS1.d163.s0.i0 1.0 2.09071471117
DS1.d163.s0.i1 1.0 2.17993635347
DS1.d163.s0.i2 1.0 2.01669221417
DS1.d171.s0.i0 1.0 0.569636356764
DS1.d171.s1.i0 1.0 0.832436114705
DS1.d173.s0.i0 1.0 0.204765499264
DS1.d175.s0.i0 1.0 -0.0665681503266
DS1.d175.s0.i1 1.0 0.404305657786
DS1.d175.s1.i0 1.0 0.621524488684
DS1.d190.s0.i0 1.0 0.104302503706
DS1.d195.s0.i0 -1 -0.0115068866075
DS1.d239.s0.i0 1.0 0.96902353299
DS1.d239.s0.i1 1.0 1.6416020275
DS1.d239.s1.i0 1.0 0.471466524252
DS1.d239.s2.i0 1.0 0.63084161704
DS1.d239.s2.i1 1.0 0.745543672651
DS1.d239.s2.i2 1.0 0.333882228877
DS1.d240.s0.i0 1.0 0.889949682278
DS1.d257.s0.i0 1.0 1.38033628741
DS1.d257.s0.i1 -1 0.465721616346
DS1.d257.s0.i2 -1 1.63848122779
DS1.d257.s1.i0 1.0 0.328183914738
DS1.d257.s2.i0 1.0 1.09549807013
DS1.d257.s3.i0 1.0 1.20882063047
DS1.d309.s0.i0 1.0 0.624619792097
DS1.d309.s1.i0 -1 -0.179476665637
DS1.d309.s1.i1 -1 -0.0742978227108
DS1.d309.s1.i2 -1 0.771419526245
DS1.d309.s2.i0 1.0 0.433067807409
DS1.d309.s2.i1 1.0 0.146147819027
DS1.d321.s0.i0 1.0 0.0138256158554
DS1.d321.s0.i1 1.0 0.345547270395
DS1.d321.s0.i2 1.0 -0.0633694457837
DS1.d321.s0.i3 1.0 -0.0779334701842
DS1.d321.s0.i4 1.0 0.00774979753273
DS1.d326.s0.i0 1.0 0.116292120057
DS1.d326.s0.i1 -1 -0.0910582264976
DS1.d329.s0.i0 1.0 0.0357617838021
DS1.d357.s0.i0 1.0 0.46674385675
DS1.d357.s0.i1 1.0 0.979129233779
DS1.d382.s0.i0 1.0 1.37641755371
DS1.d388.s0.i0 -1 -0.787589070027
DS1.d388.s0.i1 -1 0.111091939407
DS1.d390.s0.i0 -1 0.0489031457048
DS1.d390.s0.i1 -1 0.163457916247
DS1.d390.s0.i2 -1 -0.141584252877
DS1.d390.s0.i3 -1 -0.373774235998
DS1.d390.s0.i4 -1 0.103072222525
DS1.d390.s0.i5 -1 -0.20602567148
DS1.d411.s0.i0 1.0 2.00994931637
DS1.d413.s0.i0 -1 0.639292800556
DS1.d413.s0.i1 -1 1.60634849816
DS1.d413.s0.i2 1.0 0.94415096687
DS1.d413.s0.i3 1.0 1.74513955121
DS1.d420.s0.i0 1.0 0.741483770847
DS1.d420.s1.i0 1.0 -0.214755249721
DS1.d425.s0.i0 -1 -0.594618214092
DS1.d425.s0.i1 -1 -0.268065830506
DS1.d437.s0.i0 -1 -0.180081120872
DS1.d437.s0.i1 -1 0.352461690203
DS1.d437.s0.i2 1.0 1.40987189376
DS1.d457.s0.i0 1.0 1.55801374791
DS1.d457.s1.i0 1.0 1.0601320327
DS1.d457.s1.i1 1.0 1.56396784652
DS1.d457.s1.i2 1.0 1.56248435114
DS1.d457.s1.i3 1.0 0.962207041324
DS1.d458.s0.i0 1.0 0.328338331908
DS1.d458.s1.i0 1.0 0.97022283482
DS1.d458.s2.i0 -1 -0.637894896118
DS1.d458.s3.i0 1.0 1.2370621803
DS1.d458.s4.i0 1.0 -0.0266245752847
DS1.d460.s0.i0 -1 -0.588433479412
DS1.d460.s1.i0 1.0 2.03170796284
DS1.d466.s0.i0 1.0 1.10417191003
DS1.d486.s0.i0 -1 0.427880133502
DS1.d486.s0.i1 -1 -0.0846775987808
DS1.d486.s0.i2 -1 -0.395396221535
DS1.d486.s0.i3 -1 0.387148202791
DS1.d486.s0.i4 -1 -0.0239786762427
DS1.d486.s0.i5 -1 0.0147348623151
DS1.d486.s0.i6 -1 0.218837449066
DS1.d486.s0.i7 -1 -0.253451751383
DS1.d486.s0.i8 -1 -0.286456128932
DS1.d486.s0.i9 -1 -0.0553187799763
DS1.d486.s0.i10 -1 0.196225599764
DS1.d486.s0.i11 -1 -0.150598323135
DS1.d486.s0.i12 -1 -0.0132400888006
DS1.d486.s0.i13 -1 0.147428892491
DS1.d486.s0.i14 -1 -0.0271998853458
DS1.d486.s0.i15 -1 -0.17419384738
DS1.d486.s0.i16 -1 -0.0569864818118
DS1.d486.s0.i17 -1 0.125610321899
DS1.d486.s0.i18 -1 0.178098450547
DS1.d486.s0.i19 -1 0.589263676713
DS1.d486.s0.i20 -1 0.185930747643
DS1.d486.s0.i21 -1 -0.243762207674
DS1.d486.s0.i22 -1 -0.150403096735
DS1.d486.s0.i23 -1 -0.0583550645312
DS1.d486.s0.i24 -1 -0.372815623326
DS1.d486.s0.i25 -1 0.201505020745
DS1.d486.s0.i26 -1 0.142141201083
DS1.d486.s0.i27 -1 -0.163010751163
DS1.d486.s0.i28 -1 -0.107360479957
DS1.d486.s0.i29 -1 -0.0982278667652
DS1.d486.s0.i30 -1 -0.190513612559
DS1.d486.s0.i31 -1 0.190296078423
DS1.d486.s0.i32 -1 -0.315380917127
DS1.d486.s0.i33 -1 -0.103007027451
DS1.d486.s0.i34 -1 -0.361350708222
DS1.d486.s0.i35 -1 0.416206985005
DS1.d486.s1.i0 1.0 0.573525159986
DS1.d486.s1.i1 1.0 0.729675392382
DS1.d487.s0.i0 1.0 0.870794050294
DS1.d487.s0.i1 1.0 1.08570603352
DS1.d487.s0.i2 -1 0.923980754666
DS1.d490.s0.i0 1.0 1.67620695852
DS1.d490.s0.i1 1.0 1.67620695852
DS1.d516.s0.i0 1.0 0.0188653730667
DS1.d516.s0.i1 1.0 0.0688500580081
DS1.d518.s0.i0 1.0 1.70801091504
DS1.d531.s0.i0 1.0 0.985669789667
DS1.d531.s0.i1 1.0 0.804579975818
DS1.d531.s0.i2 1.0 0.687531787739
DS1.d531.s0.i3 1.0 0.470618558435
DS1.d531.s0.i4 1.0 0.662447518606
DS1.d548.s0.i0 -1 -0.996529799017
DS1.d548.s0.i1 -1 -0.609023806934
DS1.d552.s0.i0 1.0 0.31273154586
DS1.d552.s0.i1 1.0 0.335789762356
DS1.d552.s0.i2 1.0 0.922339671138
DS1.d552.s0.i3 1.0 0.630061987737
DS1.d560.s0.i0 1.0 1.7655315252
DS1.d560.s0.i1 1.0 1.78826391408
DS1.d560.s0.i2 1.0 1.78681127358
DS1.d560.s0.i3 1.0 1.63623299432
DS1.d567.s0.i0 1.0 0.211259525007
DS1.d567.s0.i1 1.0 2.31111123352
DS1.d567.s1.i0 1.0 1.64945185999
DS1.d567.s1.i1 -1 -0.282445718438
DS1.d567.s1.i2 1.0 1.16510543645
DS1.d574.s0.i0 -1 -0.143025540255
DS1.d574.s0.i1 -1 -0.0769718597969
DS1.d574.s0.i2 -1 -0.167999100122
DS1.d574.s0.i3 -1 -0.305887159973
DS1.d583.s0.i0 1.0 1.28231359109
DS1.d586.s0.i0 1.0 0.211796198083
DS1.d598.s0.i0 1.0 0.605516272669
DS1.d598.s0.i1 1.0 0.605516272669
DS1.d599.s0.i0 1.0 -0.433992393036
DS1.d599.s1.i0 -1 -0.144201935823
DS1.d602.s0.i0 -1 -0.14031439569
DS1.d614.s0.i0 1.0 0.472847123737
DS1.d614.s0.i1 1.0 0.624544623588
DS1.d614.s0.i2 1.0 1.23046293818
DS1.d614.s0.i3 1.0 0.838234767259
DS1.d614.s0.i4 -1 0.821410690821
DS1.d614.s0.i5 1.0 0.0781522423432
DS1.d622.s0.i0 1.0 1.55826588255
DS1.d622.s1.i0 1.0 1.54712333189
DS1.d624.s0.i0 1.0 1.22943198749
DS1.d624.s0.i1 1.0 1.1824252387
DS1.d624.s0.i2 1.0 1.05258484929
DS1.d624.s0.i3 1.0 1.25424843486
DS1.d624.s1.i0 1.0 0.318303230839
DS1.d624.s1.i1 1.0 0.74195310469
DS1.d624.s1.i2 -1 0.378630752809
DS1.d624.s1.i3 1.0 0.318303230839
DS1.d624.s1.i4 -1 0.149113357228
DS1.d624.s1.i5 1.0 0.74195310469
DS1.d624.s1.i6 -1 0.146080300611
DS1.d624.s1.i7 -1 0.377787397255
DS1.d624.s2.i0 1.0 1.01058293907
DS1.d624.s2.i1 1.0 1.01058293907
DS1.d624.s2.i2 1.0 1.07430049314
DS1.d624.s3.i0 1.0 0.157717071792
DS1.d624.s3.i1 1.0 0.342441211904
DS1.d624.s3.i2 -1 0.478860889305
DS1.d624.s3.i3 1.0 0.883127677854
DS1.d624.s4.i0 1.0 0.56152727337
DS1.d624.s4.i1 1.0 0.469115141865
DS1.d624.s4.i2 1.0 0.75463717144
DS1.d629.s0.i0 1.0 0.448588534517
DS1.d629.s0.i1 1.0 0.297626921747
DS1.d629.s1.i0 1.0 -0.369870818609
DS1.d629.s1.i1 1.0 -0.40833665441
DS1.d637.s0.i0 1.0 0.529709460434
DS1.d641.s0.i0 1.0 1.01984180073
DS1.d641.s0.i1 1.0 0.554541383024
DS1.d644.s0.i0 -1 0.323940220793
DS1.d680.s0.i0 1.0 1.14405851633
DS1.d680.s0.i1 1.0 0.732070631888
DS1.d680.s0.i2 1.0 1.01825201797
DS1.d680.s1.i0 1.0 -0.0631877557299
DS1.d690.s0.i0 1.0 0.543366447147
DS1.d690.s1.i0 1.0 1.80368375043
DS1.d690.s2.i0 1.0 0.293131209942
DS1.d690.s3.i0 1.0 1.18691699422
DS1.d690.s4.i0 -1 0.217538487968
DS1.d690.s5.i0 1.0 1.35511389394
DS1.d690.s5.i1 1.0 1.55004363477
DS1.d690.s5.i2 1.0 2.01397694637
DS1.d690.s5.i3 1.0 1.16808739423
DS1.d690.s6.i0 -1 0.0648778449566
DS1.d691.s0.i0 1.0 0.428909751848
DS1.d693.s0.i0 -1 -0.703309686528
DS1.d693.s0.i1 -1 -0.940532740433
DS1.d693.s0.i2 -1 -0.950073090749
DS1.d693.s0.i3 -1 -0.978282497343
DS1.d712.s0.i0 1.0 0.541789814965
DS1.d712.s0.i1 1.0 1.10027444369
DS1.d712.s0.i2 1.0 0.45525996584
DS1.d712.s0.i3 1.0 1.047964767
DS1.d712.s1.i0 1.0 1.22125657439
DS1.d712.s2.i0 -1 0.473663689605
DS1.d712.s2.i1 -1 -0.023333655889
DS1.d716.s0.i0 1.0 0.965092810864
DS1.d716.s0.i1 -1 -0.550269968063
DS1.d716.s0.i2 1.0 1.09602176241
DS1.d716.s0.i3 1.0 0.73426674155
DS1.d720.s0.i0 1.0 0.949792452512
DS1.d720.s0.i1 -1 0.908446683288
DS1.d720.s1.i0 -1 0.186077312235
DS1.d720.s1.i1 -1 0.186077312235
DS1.d720.s1.i2 1.0 0.0975363725564
DS1.d720.s1.i3 1.0 0.554498070233
DS1.d720.s2.i0 1.0 2.09946386147
DS1.d720.s3.i0 1.0 0.557640776007
DS1.d720.s3.i1 1.0 0.908902564199
DS1.d724.s0.i0 1.0 1.86514905582
DS1.d724.s0.i1 1.0 1.17244861611
DS1.d724.s0.i2 1.0 -0.310440726774
DS1.d725.s0.i0 1.0 0.828599640719
DS1.d725.s1.i0 1.0 0.993146940868
DS1.d725.s1.i1 1.0 0.993146940868
DS1.d725.s1.i2 1.0 0.48057654102
DS1.d737.s0.i0 -1 -0.612886058114
DS1.d737.s0.i1 -1 0.969746753923
DS1.d737.s0.i2 -1 0.340452975067
DS1.d737.s1.i0 -1 -0.440440658415
DS1.d737.s1.i1 1.0 0.760636184163
DS1.d740.s0.i0 1.0 -0.0872743661189
DS1.d740.s0.i1 1.0 -0.290708992954
DS1.d742.s0.i0 1.0 1.48457197669
DS1.d742.s0.i1 1.0 1.02304772625
DS1.d771.s0.i0 1.0 0.981316650806
DS1.d783.s0.i0 -1 0.0259410860872
DS1.d793.s0.i0 1.0 0.449366178376
DS1.d793.s0.i1 1.0 0.460143797514
DS1.d793.s1.i0 1.0 0.708316508828
DS1.d793.s1.i1 1.0 0.463910683285
DS1.d799.s0.i0 1.0 1.08050817893
DS1.d799.s0.i1 1.0 1.34230563961
DS1.d799.s0.i2 1.0 1.07558047094
DS1.d799.s0.i3 1.0 1.08050817893
DS1.d804.s0.i0 -1 0.651096719932
DS1.d822.s0.i0 -1 0.709198821581
DS1.d824.s0.i0 1.0 0.488552220056
DS1.d824.s0.i1 1.0 -0.394731097933
DS1.d825.s0.i0 1.0 0.720819951088
DS1.d825.s0.i1 1.0 0.771517676904
DS1.d825.s0.i2 1.0 0.496108495286
DS1.d825.s0.i3 1.0 0.426152967558
DS1.d825.s0.i4 1.0 0.325706099415
DS1.d825.s0.i5 1.0 0.526493488683
DS1.d825.s0.i6 1.0 0.629312728965
DS1.d825.s0.i7 1.0 0.751965951955
DS1.d825.s1.i0 -1 0.242101054008
DS1.d825.s1.i1 -1 0.167266956107
DS1.d825.s1.i2 -1 0.242101054008
DS1.d825.s1.i3 -1 -0.387640059762
DS1.d825.s1.i4 -1 0.287600211441
DS1.d825.s1.i5 -1 0.287600211441
DS1.d825.s2.i0 -1 -1.14392743146
DS1.d825.s2.i1 -1 -1.14392743146
