DS.d1363.s0.i5 -1.000000 -0.513820
DS.d1363.s0.i2 -1.000000 -0.586798
DS.d1363.s0.i3 -1.000000 -0.527977
DS.d1363.s0.i0 -1.000000 -0.472450
DS.d1363.s0.i1 -1.000000 -0.484845
DS.d1045.s0.i0 1.000000 0.668733
DS.d598.s0.i0 1.000000 0.806261
DS.d598.s0.i1 1.000000 0.806261
DS.d259.s0.i0 -1.000000 -0.561912
DS.d654.s1.i0 1.000000 0.731381
DS.d654.s0.i0 1.000000 0.810335
DS.d653.s0.i0 1.000000 -0.162906
DS.d653.s0.i1 1.000000 -0.057894
DS.d653.s0.i2 1.000000 -0.104940
DS.d252.s1.i2 1.000000 0.656573
DS.d252.s1.i0 1.000000 0.584168
DS.d252.s1.i1 1.000000 0.424113
DS.d252.s0.i0 1.000000 0.509232
DS.d252.s2.i2 -1.000000 0.126792
DS.d252.s2.i1 -1.000000 0.240743
DS.d252.s2.i0 -1.000000 0.153885
DS.d413.s0.i3 1.000000 0.554982
DS.d793.s1.i0 1.000000 -0.301229
DS.d793.s1.i1 1.000000 -0.474804
DS.d793.s0.i1 1.000000 0.382472
DS.d793.s0.i0 1.000000 0.513294
DS.d714.s0.i0 -1.000000 -0.391313
DS.d714.s0.i1 -1.000000 -0.555629
DS.d714.s1.i0 -1.000000 -0.046008
DS.d714.s2.i0 -1.000000 -0.155765
DS.d1678.s1.i0 1.000000 1.020720
DS.d1678.s1.i1 -1.000000 1.066015
DS.d1678.s1.i2 -1.000000 1.098606
DS.d1678.s0.i0 1.000000 0.441299
DS.d495.s0.i0 1.000000 0.823572
DS.d1176.s0.i0 1.000000 0.087866
DS.d1176.s1.i1 -1.000000 0.352558
DS.d1176.s1.i0 -1.000000 0.305192
DS.d805.s0.i2 -1.000000 -0.974124
DS.d805.s0.i1 -1.000000 -0.401436
DS.d805.s0.i0 -1.000000 -0.441383
DS.d491.s0.i0 1.000000 0.225707
DS.d491.s0.i1 1.000000 0.313872
DS.d491.s1.i0 -1.000000 -0.043217
DS.d807.s1.i0 1.000000 0.366759
DS.d807.s0.i1 1.000000 0.834583
DS.d807.s0.i0 1.000000 0.940753
DS.d1673.s0.i0 -1.000000 -1.176142
DS.d1673.s1.i0 -1.000000 -0.556373
DS.d1441.s0.i0 1.000000 0.669055
DS.d718.s0.i0 -1.000000 -0.696181
DS.d718.s0.i1 -1.000000 -0.319555
DS.d718.s1.i19 -1.000000 -0.998770
DS.d718.s1.i18 -1.000000 -1.053620
DS.d718.s1.i11 -1.000000 -0.967552
DS.d718.s1.i10 -1.000000 -0.806090
DS.d718.s1.i13 -1.000000 -0.934407
DS.d718.s1.i12 -1.000000 -0.947261
DS.d718.s1.i15 -1.000000 -1.140195
DS.d718.s1.i14 -1.000000 -0.981455
DS.d718.s1.i17 -1.000000 -1.002952
DS.d718.s1.i16 -1.000000 -0.937530
DS.d718.s1.i1 -1.000000 -0.931593
DS.d718.s1.i0 -1.000000 -0.961458
DS.d718.s1.i3 -1.000000 -1.189542
DS.d718.s1.i2 -1.000000 -0.953317
DS.d718.s1.i5 -1.000000 -1.018851
DS.d718.s1.i4 -1.000000 -1.152579
DS.d718.s1.i7 -1.000000 -1.000879
DS.d718.s1.i6 -1.000000 -0.869577
DS.d718.s1.i9 -1.000000 -0.833686
DS.d718.s1.i8 -1.000000 -0.984701
DS.d718.s2.i0 -1.000000 -1.009917
DS.d718.s2.i1 1.000000 -0.587346
DS.d718.s2.i2 -1.000000 -1.110450
DS.d718.s2.i3 -1.000000 -1.066546
DS.d499.s0.i0 1.000000 -0.069205
DS.d551.s0.i0 1.000000 0.793339
DS.d1770.s0.i0 1.000000 1.068790
DS.d1566.s0.i0 -1.000000 0.190291
DS.d1778.s0.i0 1.000000 0.300428
DS.d926.s1.i0 -1.000000 0.172259
DS.d926.s1.i1 -1.000000 0.270287
DS.d926.s0.i0 -1.000000 0.186557
DS.d1452.s4.i0 1.000000 0.244875
DS.d1452.s1.i0 1.000000 0.094525
DS.d1452.s1.i1 1.000000 0.049724
DS.d1452.s0.i0 1.000000 0.632192
DS.d1452.s3.i0 1.000000 0.555495
DS.d1452.s2.i0 1.000000 -0.039473
DS.d1051.s0.i2 -1.000000 -0.009021
DS.d1051.s0.i0 -1.000000 -0.059846
DS.d1051.s0.i1 1.000000 -0.291592
DS.d247.s0.i3 -1.000000 -0.765226
DS.d247.s0.i2 1.000000 -0.432921
DS.d247.s0.i1 1.000000 -0.417541
DS.d247.s0.i0 -1.000000 -0.719134
DS.d247.s0.i7 -1.000000 -0.763619
DS.d247.s0.i6 -1.000000 -0.876331
DS.d247.s0.i5 -1.000000 -0.697561
DS.d247.s0.i4 1.000000 -0.456976
DS.d247.s0.i9 -1.000000 -0.832301
DS.d247.s0.i8 -1.000000 -0.840604
DS.d247.s0.i22 1.000000 -0.381907
DS.d247.s0.i23 -1.000000 -0.701602
DS.d247.s0.i20 1.000000 -0.479422
DS.d247.s0.i21 -1.000000 -0.847539
DS.d247.s0.i13 1.000000 -0.400963
DS.d247.s0.i12 -1.000000 -0.720472
DS.d247.s0.i11 -1.000000 -0.732509
DS.d247.s0.i10 -1.000000 -0.861934
DS.d247.s0.i17 -1.000000 -0.903626
DS.d247.s0.i16 -1.000000 -0.748235
DS.d247.s0.i15 1.000000 -0.492424
DS.d247.s0.i14 -1.000000 -0.900551
DS.d247.s0.i19 -1.000000 -0.884293
DS.d247.s0.i18 1.000000 -0.477751
DS.d1693.s0.i0 1.000000 0.722061
DS.d1054.s2.i1 -1.000000 -0.092678
DS.d1054.s2.i0 -1.000000 -0.107155
DS.d1054.s1.i0 1.000000 -0.299429
DS.d1054.s0.i1 1.000000 0.123465
DS.d1054.s0.i0 1.000000 -0.028505
DS.d1191.s0.i0 1.000000 0.607524
DS.d1058.s1.i0 1.000000 -0.174211
DS.d1058.s1.i1 1.000000 -0.356625
DS.d1058.s0.i0 1.000000 0.176319
DS.d1196.s2.i0 -1.000000 -0.404223
DS.d1196.s2.i1 -1.000000 -0.413010
DS.d1196.s3.i0 1.000000 1.067465
DS.d1196.s0.i0 1.000000 0.383268
DS.d1196.s1.i0 -1.000000 -0.105199
DS.d1214.s1.i0 -1.000000 1.113884
DS.d1214.s0.i0 -1.000000 0.043472
DS.d135.s1.i0 1.000000 -0.286063
DS.d135.s1.i1 -1.000000 -0.169052
DS.d135.s1.i2 -1.000000 -0.383252
DS.d135.s0.i1 -1.000000 -0.634892
DS.d135.s0.i0 -1.000000 -0.629473
DS.d408.s0.i0 1.000000 0.972899
DS.d408.s0.i1 1.000000 1.040484
DS.d1594.s0.i0 1.000000 0.385939
DS.d1597.s0.i0 -1.000000 0.268070
DS.d11.s0.i1 1.000000 0.538602
DS.d11.s0.i0 1.000000 0.249892
DS.d520.s1.i2 -1.000000 -0.295241
DS.d520.s1.i0 1.000000 -0.090458
DS.d520.s1.i1 1.000000 -0.401019
DS.d1453.s0.i0 1.000000 1.036249
DS.d524.s0.i0 1.000000 0.564935
DS.d1760.s0.i0 1.000000 0.515591
DS.d609.s1.i2 1.000000 0.553267
DS.d609.s1.i0 -1.000000 0.168560
DS.d609.s1.i1 -1.000000 0.189332
DS.d609.s0.i1 -1.000000 0.558372
DS.d609.s0.i0 -1.000000 -0.066892
DS.d1512.s0.i0 1.000000 0.506040
DS.d936.s0.i0 1.000000 -0.233516
DS.d189.s0.i0 -1.000000 0.433042
DS.d1025.s0.i1 -1.000000 0.139159
DS.d1025.s0.i0 1.000000 0.275262
DS.d998.s0.i0 -1.000000 0.129663
DS.d998.s0.i1 -1.000000 -0.034666
DS.d234.s0.i0 1.000000 1.079150
DS.d180.s2.i1 1.000000 0.305009
DS.d180.s2.i0 1.000000 0.407051
DS.d180.s1.i0 1.000000 0.727629
DS.d180.s0.i1 1.000000 0.305788
DS.d180.s0.i0 1.000000 0.365702
DS.d183.s0.i0 1.000000 0.529595
DS.d183.s0.i1 1.000000 0.559745
DS.d183.s0.i2 1.000000 0.528271
DS.d238.s0.i0 -1.000000 0.703501
DS.d993.s0.i1 1.000000 0.480652
DS.d993.s0.i0 1.000000 0.418575
DS.d334.s0.i0 1.000000 0.866664
DS.d334.s1.i0 -1.000000 0.163398
DS.d603.s0.i1 1.000000 0.409438
DS.d603.s0.i0 -1.000000 0.546427
DS.d438.s0.i0 1.000000 0.459060
DS.d832.s1.i0 1.000000 -0.618588
DS.d832.s0.i0 1.000000 -0.215150
DS.d436.s0.i0 1.000000 0.236851
DS.d539.s0.i1 -1.000000 -0.926299
DS.d539.s0.i0 1.000000 0.075836
DS.d414.s0.i1 1.000000 1.078737
DS.d414.s0.i0 1.000000 1.056658
DS.d1617.s0.i3 1.000000 0.659798
DS.d1617.s0.i1 1.000000 0.764264
DS.d827.s0.i2 -1.000000 -0.457546
DS.d827.s0.i1 -1.000000 -0.073640
DS.d827.s0.i0 -1.000000 -0.287612
DS.d639.s0.i0 -1.000000 -0.159902
DS.d1507.s0.i10 -1.000000 -0.666754
DS.d1507.s0.i11 -1.000000 -0.677310
DS.d1507.s0.i12 -1.000000 -0.633591
DS.d1507.s0.i13 -1.000000 -0.649521
DS.d1507.s0.i14 -1.000000 -0.686103
DS.d1507.s0.i15 -1.000000 -0.594080
DS.d1507.s0.i16 -1.000000 -0.630180
DS.d1507.s0.i17 -1.000000 -0.663660
DS.d1507.s0.i18 -1.000000 -0.611995
DS.d1507.s0.i19 -1.000000 -0.632471
DS.d1507.s0.i8 -1.000000 -0.651288
DS.d1507.s0.i9 -1.000000 -0.602274
DS.d1507.s0.i2 -1.000000 -0.601593
DS.d1507.s0.i3 -1.000000 -0.653256
DS.d1507.s0.i0 -1.000000 -0.642431
DS.d1507.s0.i1 -1.000000 -0.630953
DS.d1507.s0.i6 -1.000000 -0.662654
DS.d1507.s0.i7 -1.000000 -0.627005
DS.d1507.s0.i4 -1.000000 -0.653572
DS.d1507.s0.i5 -1.000000 -0.593666
DS.d53.s0.i0 1.000000 0.069238
DS.d1501.s0.i0 1.000000 0.468095
DS.d1501.s1.i3 1.000000 -0.713858
DS.d1501.s1.i2 -1.000000 -1.110462
DS.d1501.s1.i1 -1.000000 -1.145548
DS.d1501.s1.i0 -1.000000 -1.243261
DS.d1501.s1.i5 -1.000000 -1.277930
DS.d1501.s1.i4 -1.000000 -0.983662
DS.d907.s0.i0 1.000000 0.343551
DS.d907.s0.i1 1.000000 0.273974
DS.d907.s0.i2 1.000000 0.259477
DS.d906.s1.i5 1.000000 0.169436
DS.d906.s1.i2 1.000000 0.233852
DS.d906.s1.i3 1.000000 0.043816
DS.d906.s1.i0 1.000000 -0.012612
DS.d906.s1.i1 1.000000 -0.012612
DS.d906.s0.i1 1.000000 0.379836
DS.d906.s0.i0 1.000000 0.379836
DS.d1338.s0.i2 1.000000 -0.031693
DS.d1338.s0.i0 1.000000 -0.062647
DS.d1338.s0.i1 1.000000 0.000339
DS.d1338.s0.i4 1.000000 -0.023581
DS.d1338.s1.i0 -1.000000 -0.105909
DS.d612.s0.i1 1.000000 0.169736
DS.d612.s0.i0 1.000000 0.040276
DS.d346.s1.i1 1.000000 0.538491
DS.d346.s0.i0 1.000000 0.460358
DS.d341.s2.i0 1.000000 0.311580
DS.d341.s2.i1 -1.000000 -0.335385
DS.d341.s0.i1 1.000000 1.039764
DS.d341.s1.i1 -1.000000 0.872254
DS.d341.s1.i0 -1.000000 0.779260
DS.d1620.s0.i0 1.000000 0.654727
DS.d1620.s1.i0 -1.000000 -0.065732
DS.d915.s1.i2 -1.000000 -0.736249
DS.d915.s1.i3 -1.000000 -0.704026
DS.d915.s1.i0 -1.000000 -0.714083
DS.d915.s1.i1 -1.000000 -0.660817
DS.d915.s1.i4 -1.000000 -0.672152
DS.d912.s0.i0 1.000000 0.269847
DS.d912.s1.i0 1.000000 0.613799
DS.d742.s0.i1 1.000000 1.162682
DS.d742.s0.i0 1.000000 1.228948
DS.d1536.s0.i0 1.000000 0.821091
DS.d1439.s0.i4 -1.000000 -0.320251
DS.d1439.s0.i5 -1.000000 -0.296302
DS.d1439.s0.i6 -1.000000 -0.384794
DS.d1439.s0.i7 -1.000000 -0.282760
DS.d1439.s0.i0 -1.000000 -0.292938
DS.d1439.s0.i1 -1.000000 -0.336334
DS.d1439.s0.i2 -1.000000 -0.391831
DS.d1439.s0.i3 -1.000000 -0.344620
DS.d1107.s0.i0 -1.000000 -0.176487
DS.d30.s0.i0 -1.000000 0.263278
DS.d30.s0.i1 -1.000000 0.399020
DS.d30.s0.i2 -1.000000 0.399020
DS.d1342.s0.i0 -1.000000 0.520378
DS.d1244.s0.i0 -1.000000 0.208028
DS.d145.s0.i0 1.000000 0.412311
DS.d145.s1.i0 1.000000 0.964490
DS.d1329.s0.i0 -1.000000 -1.108829
DS.d1329.s0.i1 -1.000000 -0.960487
DS.d1329.s0.i2 -1.000000 -1.013135
DS.d1329.s0.i3 -1.000000 -0.883791
DS.d1247.s0.i0 -1.000000 0.205857
DS.d232.s2.i0 -1.000000 -0.094348
DS.d232.s1.i0 1.000000 0.413833
DS.d232.s1.i1 1.000000 0.506228
DS.d232.s1.i2 1.000000 0.493266
DS.d232.s1.i3 1.000000 0.544088
DS.d232.s0.i3 -1.000000 -0.328616
DS.d232.s0.i2 -1.000000 -0.200874
DS.d232.s0.i1 -1.000000 -0.293275
DS.d232.s0.i0 -1.000000 -0.173341
DS.d232.s0.i5 -1.000000 -0.197567
DS.d232.s0.i4 -1.000000 -0.235430
DS.d590.s0.i0 1.000000 0.433533
DS.d216.s1.i0 1.000000 0.408070
DS.d216.s0.i1 1.000000 0.700036
DS.d216.s0.i0 -1.000000 0.814165
DS.d216.s3.i0 1.000000 0.171546
DS.d216.s3.i1 1.000000 0.149399
DS.d216.s2.i0 1.000000 -0.006289
DS.d1248.s0.i0 -1.000000 -0.637861
DS.d1248.s0.i1 -1.000000 -0.545023
DS.d1249.s0.i1 -1.000000 -0.072723
DS.d1249.s0.i0 -1.000000 -0.364400
DS.d294.s0.i2 1.000000 0.819198
DS.d294.s0.i1 1.000000 0.710810
DS.d294.s0.i0 1.000000 0.675947
DS.d296.s0.i0 1.000000 0.784085
DS.d1806.s0.i0 1.000000 0.591936
DS.d1806.s1.i0 1.000000 0.343935
DS.d1445.s0.i0 -1.000000 0.353745
DS.d610.s0.i0 1.000000 0.830653
DS.d1637.s0.i0 -1.000000 -0.058682
DS.d1637.s0.i1 -1.000000 -0.126282
DS.d1637.s1.i1 -1.000000 -0.302907
DS.d1637.s1.i0 -1.000000 -0.601254
DS.d1636.s1.i0 1.000000 1.065989
DS.d1636.s1.i1 1.000000 0.804751
DS.d1636.s0.i0 1.000000 0.964660
DS.d615.s0.i0 1.000000 0.991060
DS.d1483.s0.i0 1.000000 0.344592
DS.d1023.s0.i1 1.000000 0.156192
DS.d1023.s0.i0 1.000000 0.233029
DS.d1733.s0.i0 1.000000 -0.104275
DS.d1409.s0.i1 -1.000000 0.712153
DS.d1409.s0.i0 -1.000000 0.248903
DS.d1409.s0.i3 -1.000000 0.369509
DS.d1409.s0.i2 -1.000000 0.057859
DS.d844.s0.i0 1.000000 1.027435
DS.d441.s2.i0 1.000000 0.860873
DS.d441.s1.i0 1.000000 0.264661
DS.d441.s0.i0 1.000000 1.146760
DS.d1255.s2.i0 -1.000000 -0.359791
DS.d1255.s3.i0 -1.000000 0.659628
DS.d1255.s0.i0 -1.000000 -0.314483
DS.d1255.s1.i1 1.000000 -0.612765
DS.d443.s1.i2 1.000000 0.618422
DS.d443.s1.i0 1.000000 0.497807
DS.d443.s1.i1 1.000000 0.376523
DS.d443.s0.i1 1.000000 0.504107
DS.d443.s0.i0 1.000000 0.552025
DS.d443.s2.i2 1.000000 0.550529
DS.d443.s2.i1 -1.000000 0.335577
DS.d443.s2.i0 1.000000 0.466220
DS.d7.s2.i1 -1.000000 0.919371
DS.d7.s2.i0 -1.000000 0.922609
DS.d7.s1.i0 -1.000000 0.631248
DS.d7.s1.i1 1.000000 0.756803
DS.d7.s0.i2 1.000000 0.935081
DS.d7.s0.i1 1.000000 0.759304
DS.d1317.s0.i2 1.000000 0.567353
DS.d1317.s0.i1 1.000000 0.356091
DS.d1317.s0.i0 1.000000 0.625973
DS.d200.s0.i0 1.000000 0.187063
DS.d200.s0.i1 -1.000000 -0.149085
DS.d201.s0.i5 1.000000 -0.070244
DS.d201.s0.i4 1.000000 -0.001920
DS.d201.s0.i7 1.000000 0.021052
DS.d201.s0.i6 1.000000 0.017279
DS.d201.s0.i1 1.000000 0.062660
DS.d201.s0.i0 1.000000 -0.020365
DS.d201.s0.i3 1.000000 0.016277
DS.d201.s0.i2 1.000000 0.003047
DS.d201.s0.i8 1.000000 0.287188
DS.d1259.s0.i0 1.000000 0.108551
DS.d1259.s1.i0 1.000000 0.199734
DS.d689.s0.i1 -1.000000 -0.197120
DS.d689.s0.i0 -1.000000 -0.083567
DS.d178.s0.i0 1.000000 0.384010
DS.d178.s1.i1 -1.000000 -0.081592
DS.d178.s1.i0 -1.000000 -0.259994
DS.d368.s0.i0 1.000000 0.204483
DS.d763.s2.i0 1.000000 0.577703
DS.d763.s0.i0 1.000000 1.095654
DS.d763.s0.i1 1.000000 0.968789
DS.d361.s0.i0 -1.000000 0.449713
DS.d361.s1.i1 -1.000000 -0.004559
DS.d361.s1.i0 1.000000 0.443258
DS.d361.s2.i0 1.000000 0.446462
DS.d361.s2.i1 -1.000000 0.735417
DS.d289.s0.i1 -1.000000 -0.248220
DS.d289.s0.i0 1.000000 0.283742
DS.d289.s0.i2 -1.000000 -0.169440
DS.d365.s0.i0 -1.000000 0.732429
DS.d365.s0.i1 1.000000 0.428880
DS.d365.s1.i1 -1.000000 0.222890
DS.d365.s1.i0 -1.000000 0.187622
DS.d365.s1.i2 -1.000000 0.327481
DS.d91.s0.i5 1.000000 0.116198
DS.d91.s0.i4 -1.000000 0.068477
DS.d91.s0.i3 -1.000000 -0.003100
DS.d91.s0.i2 -1.000000 -0.104401
DS.d91.s0.i1 -1.000000 -0.074872
DS.d91.s0.i0 -1.000000 -0.001966
DS.d1496.s0.i1 -1.000000 -0.088782
DS.d1496.s0.i0 1.000000 0.000017
DS.d1086.s0.i0 1.000000 0.202304
DS.d1086.s0.i1 1.000000 0.274187
DS.d1087.s0.i3 1.000000 -0.000016
DS.d1087.s0.i2 1.000000 0.041622
DS.d1087.s0.i1 1.000000 0.104508
DS.d1087.s0.i0 1.000000 0.203254
DS.d1728.s0.i1 1.000000 0.733572
DS.d1728.s0.i0 1.000000 0.483645
DS.d1122.s0.i0 1.000000 0.280051
DS.d999.s0.i1 -1.000000 -0.043784
DS.d999.s0.i0 -1.000000 0.001691
DS.d1890.s0.i0 1.000000 1.000688
DS.d1410.s0.i19 -1.000000 -0.772172
DS.d1410.s0.i18 -1.000000 -0.690238
DS.d1410.s0.i13 -1.000000 -0.636868
DS.d1410.s0.i12 -1.000000 -0.690238
DS.d1410.s0.i11 -1.000000 -0.813372
DS.d1410.s0.i10 -1.000000 -0.513223
DS.d1410.s0.i17 -1.000000 -0.722926
DS.d1410.s0.i16 -1.000000 -0.848244
DS.d1410.s0.i15 -1.000000 -0.928844
DS.d1410.s0.i14 -1.000000 -0.815257
DS.d1410.s0.i3 -1.000000 -0.722926
DS.d1410.s0.i2 -1.000000 -0.878190
DS.d1410.s0.i1 -1.000000 -0.869491
DS.d1410.s0.i0 -1.000000 -0.855876
DS.d1410.s0.i7 -1.000000 -0.679924
DS.d1410.s0.i6 -1.000000 -0.910851
DS.d1410.s0.i5 -1.000000 -0.813372
DS.d1410.s0.i4 -1.000000 -0.910851
DS.d1410.s0.i9 -1.000000 -0.645879
DS.d1410.s0.i8 -1.000000 -0.841741
DS.d1553.s0.i0 1.000000 0.669721
DS.d1004.s0.i0 1.000000 0.480545
DS.d1004.s0.i1 1.000000 1.014340
DS.d1004.s1.i3 1.000000 -0.291979
DS.d1004.s1.i2 1.000000 -0.203194
DS.d1004.s1.i1 1.000000 -0.083195
DS.d1004.s1.i0 1.000000 -0.403183
DS.d454.s0.i1 1.000000 0.151454
DS.d454.s0.i0 -1.000000 -0.220865
DS.d454.s0.i2 -1.000000 -0.216949
DS.d1303.s2.i0 1.000000 0.618886
DS.d1303.s3.i1 1.000000 -0.478793
DS.d1303.s3.i0 1.000000 -0.170016
DS.d1303.s3.i2 1.000000 0.454055
DS.d1303.s0.i0 1.000000 0.315103
DS.d1303.s0.i1 1.000000 0.173613
DS.d1303.s0.i2 1.000000 0.313115
DS.d1303.s0.i3 1.000000 0.173909
DS.d1303.s1.i0 1.000000 0.969367
DS.d1745.s1.i0 1.000000 0.615816
DS.d897.s0.i0 -1.000000 -0.817938
DS.d897.s0.i1 -1.000000 -0.841763
DS.d1266.s0.i0 -1.000000 -0.055540
DS.d1266.s0.i1 -1.000000 -0.058760
DS.d1266.s1.i0 -1.000000 -0.395740
DS.d685.s1.i1 1.000000 0.784012
DS.d685.s0.i1 1.000000 0.547316
DS.d685.s0.i0 1.000000 0.503528
DS.d685.s0.i2 1.000000 0.624518
DS.d775.s0.i0 1.000000 0.353483
DS.d82.s0.i0 1.000000 0.354726
DS.d683.s0.i5 -1.000000 -0.017953
DS.d683.s0.i4 -1.000000 -0.080960
DS.d683.s0.i3 -1.000000 -0.072697
DS.d683.s0.i2 -1.000000 -0.077298
DS.d683.s0.i1 -1.000000 -0.080507
DS.d683.s0.i0 -1.000000 -0.045817
DS.d1094.s0.i0 -1.000000 0.286373
DS.d678.s0.i1 -1.000000 -0.588112
DS.d678.s0.i0 -1.000000 -0.352822
DS.d678.s0.i3 -1.000000 -0.511938
DS.d678.s0.i2 -1.000000 -0.373843
DS.d862.s0.i0 1.000000 0.892648
DS.d1090.s0.i1 1.000000 -0.332662
DS.d1090.s0.i0 1.000000 -0.241446
DS.d997.s0.i2 1.000000 0.888414
DS.d997.s0.i1 1.000000 0.610695
DS.d997.s0.i0 1.000000 0.449104
DS.d672.s0.i8 1.000000 0.402790
DS.d672.s0.i2 1.000000 0.389867
DS.d672.s0.i1 -1.000000 -0.084720
DS.d672.s0.i0 1.000000 0.256667
DS.d672.s0.i6 -1.000000 0.267010
DS.d672.s0.i5 -1.000000 0.047356
DS.d672.s0.i4 1.000000 0.268405
DS.d672.s0.i10 -1.000000 0.030351
DS.d672.s0.i11 -1.000000 0.040847
DS.d578.s0.i2 -1.000000 -0.013566
DS.d578.s0.i0 -1.000000 0.105722
DS.d578.s0.i1 -1.000000 0.027650
DS.d940.s0.i1 1.000000 0.578875
DS.d940.s0.i0 1.000000 0.578875
DS.d675.s0.i0 1.000000 0.985149
DS.d1465.s0.i3 1.000000 -0.062853
DS.d1465.s0.i2 1.000000 0.048302
DS.d1465.s0.i1 1.000000 -0.017689
DS.d1465.s0.i0 1.000000 0.325150
DS.d1465.s0.i5 1.000000 0.325150
DS.d1465.s0.i4 1.000000 0.019328
DS.d1651.s0.i0 1.000000 1.260229
DS.d1393.s0.i0 -1.000000 0.428283
DS.d1462.s0.i0 1.000000 0.325045
DS.d1654.s0.i0 -1.000000 0.394743
DS.d1795.s0.i0 -1.000000 0.533688
DS.d300.s0.i0 1.000000 0.436275
DS.d306.s3.i0 -1.000000 -0.257892
DS.d306.s2.i0 -1.000000 0.203735
DS.d306.s1.i4 1.000000 0.494957
DS.d306.s1.i5 1.000000 0.524018
DS.d306.s1.i0 1.000000 0.437073
DS.d306.s1.i1 1.000000 0.494965
DS.d306.s1.i2 1.000000 0.535911
DS.d306.s1.i3 1.000000 0.470329
DS.d306.s0.i1 -1.000000 0.046938
DS.d306.s0.i0 1.000000 0.542415
DS.d306.s4.i1 1.000000 0.120592
DS.d306.s4.i0 1.000000 0.078872
DS.d636.s0.i1 1.000000 -0.014930
DS.d636.s0.i0 -1.000000 -0.344394
DS.d1073.s0.i0 1.000000 0.397808
DS.d1072.s0.i0 -1.000000 -0.243302
DS.d1071.s0.i0 1.000000 0.605582
DS.d1071.s1.i0 1.000000 0.489911
DS.d1672.s0.i1 -1.000000 -0.612232
DS.d1672.s0.i0 -1.000000 -0.582047
DS.d785.s0.i1 1.000000 0.386881
DS.d1311.s0.i0 -1.000000 0.236867
DS.d260.s0.i2 -1.000000 -0.283567
DS.d260.s0.i0 1.000000 -0.066875
DS.d260.s0.i1 1.000000 0.028509
DS.d260.s1.i1 1.000000 0.108396
DS.d260.s1.i0 1.000000 0.108396
DS.d780.s0.i1 -1.000000 -0.065444
DS.d780.s0.i0 -1.000000 0.012821
DS.d780.s0.i2 -1.000000 0.082330
DS.d1499.s0.i0 -1.000000 0.244077
DS.d1499.s1.i0 -1.000000 0.346693
DS.d816.s0.i5 1.000000 0.431766
DS.d816.s0.i4 -1.000000 0.199216
DS.d816.s0.i3 1.000000 0.219473
DS.d816.s0.i2 -1.000000 0.506411
DS.d816.s0.i1 -1.000000 0.098612
DS.d816.s0.i0 1.000000 0.169803
DS.d1381.s0.i2 1.000000 0.281611
DS.d1381.s0.i3 -1.000000 0.219136
DS.d1381.s0.i0 1.000000 0.201446
DS.d1381.s0.i1 -1.000000 0.141655
DS.d1159.s0.i2 1.000000 -0.295215
DS.d1159.s0.i1 1.000000 -0.155292
DS.d1159.s0.i0 1.000000 -0.164444
DS.d1144.s1.i0 -1.000000 -0.095986
DS.d1144.s0.i1 -1.000000 0.514475
DS.d1144.s0.i0 -1.000000 0.509450
DS.d1709.s0.i0 1.000000 0.514370
DS.d385.s2.i0 -1.000000 -0.011988
DS.d385.s0.i0 1.000000 0.208791
DS.d385.s0.i1 1.000000 0.010133
DS.d385.s1.i0 1.000000 0.475998
DS.d1477.s0.i0 -1.000000 0.148373
DS.d1477.s0.i1 -1.000000 0.183777
DS.d1868.s0.i0 1.000000 0.314408
DS.d1662.s0.i0 -1.000000 -0.201123
DS.d1662.s0.i1 -1.000000 -0.172675
DS.d1470.s0.i1 -1.000000 -0.053012
DS.d1470.s0.i0 -1.000000 0.108451
DS.d1434.s1.i0 1.000000 0.380896
DS.d1434.s0.i0 1.000000 0.501517
DS.d1781.s0.i8 -1.000000 -1.243644
DS.d1781.s0.i9 -1.000000 -1.199803
DS.d1781.s0.i6 -1.000000 -1.086928
DS.d1781.s0.i7 -1.000000 -1.132210
DS.d1781.s0.i4 -1.000000 -1.179974
DS.d1781.s0.i5 -1.000000 -1.203698
DS.d1781.s0.i2 -1.000000 -1.199000
DS.d1781.s0.i3 -1.000000 -1.203304
DS.d1781.s0.i0 -1.000000 -1.152420
DS.d1781.s0.i1 -1.000000 -1.157648
DS.d1781.s1.i0 1.000000 0.410308
DS.d1573.s0.i0 1.000000 0.415610
DS.d1571.s0.i0 1.000000 0.587251
