DS2.d17.s0.i0 -1 -0.48250017757
DS2.d17.s0.i1 1.0 -0.00200081269497
DS2.d17.s0.i2 1.0 -0.00200081269497
DS2.d17.s0.i3 -1 -0.48250017757
DS2.d31.s0.i0 1.0 0.974969158133
DS2.d55.s0.i0 -1 0.365958659414
DS2.d68.s0.i0 1.0 0.80546727661
DS2.d68.s1.i0 1.0 1.02392177818
DS2.d68.s2.i0 1.0 1.0902421367
DS2.d68.s2.i1 1.0 0.841210538561
DS2.d68.s2.i2 1.0 1.0902421367
DS2.d71.s0.i0 1.0 1.63466653657
DS2.d71.s1.i0 1.0 1.36174256684
DS2.d71.s2.i0 1.0 0.674146684802
DS2.d82.s0.i0 -1 0.800377505408
DS2.d82.s1.i0 1.0 1.55507727074
DS2.d83.s0.i0 -1 1.09664766905
DS2.d85.s0.i0 1.0 -0.148040150892
DS2.d85.s0.i1 1.0 0.0689981787031
DS2.d85.s0.i2 1.0 -0.751019716362
DS2.d85.s1.i0 -1 -1.08037662346
DS2.d85.s1.i1 -1 -1.4674260929
DS2.d85.s1.i2 -1 -0.881708058517
DS2.d85.s1.i3 -1 -1.02038510899
DS2.d85.s1.i4 -1 -0.981289639163
DS2.d95.s0.i0 -1 -0.267092531369
DS2.d126.s0.i0 1.0 1.4102187564
DS2.d126.s1.i0 1.0 0.644627552431
DS2.d128.s0.i0 -1 -0.375122853815
DS2.d128.s0.i1 -1 -0.222543544779
DS2.d128.s0.i2 1.0 1.24063341417
DS2.d128.s0.i3 -1 -0.631926673912
DS2.d128.s0.i4 -1 -0.0174673278373
DS2.d168.s0.i0 1.0 1.1259723067
DS2.d168.s0.i1 -1 0.188313004345
DS2.d180.s0.i0 1.0 0.62000393767
DS2.d180.s0.i1 1.0 -0.0808734295659
DS2.d180.s0.i2 1.0 0.304905838947
DS2.d180.s0.i3 1.0 0.287045335467
DS2.d183.s0.i0 1.0 1.4141993333
DS2.d183.s0.i1 -1 -0.0930340441385
DS2.d183.s1.i0 1.0 0.93461519187
DS2.d183.s1.i1 1.0 0.66447039986
DS2.d183.s1.i2 1.0 0.93461519187
DS2.d193.s0.i0 1.0 0.0834697178697
DS2.d193.s0.i1 1.0 0.171327728747
DS2.d197.s0.i0 -1 -0.356433579262
DS2.d197.s0.i1 -1 -0.356433579262
DS2.d203.s0.i0 1.0 1.1610311272
DS2.d203.s0.i1 1.0 1.07698552025
DS2.d206.s0.i0 1.0 1.27055054275
DS2.d206.s0.i1 1.0 0.246754996517
DS2.d207.s0.i0 1.0 2.10860640169
DS2.d211.s0.i0 1.0 1.6722936243
DS2.d238.s0.i0 -1 -0.0865710037703
DS2.d238.s0.i1 -1 0.192089954942
DS2.d238.s0.i2 -1 0.211607486121
DS2.d238.s0.i3 -1 0.0665965496226
DS2.d238.s0.i4 -1 -0.306260669152
DS2.d238.s0.i5 -1 0.295339858259
DS2.d238.s0.i6 -1 -0.317129651234
DS2.d238.s0.i7 -1 -0.288742181152
DS2.d238.s0.i8 -1 -0.206511391422
DS2.d238.s0.i9 -1 0.0141334953708
DS2.d238.s0.i10 -1 0.0162221133717
DS2.d238.s0.i11 -1 -0.0562872451061
DS2.d238.s0.i12 -1 -0.54760834381
DS2.d238.s0.i13 -1 -0.195890265779
DS2.d238.s1.i0 1.0 0.251813330159
DS2.d238.s1.i1 1.0 -0.047593027816
DS2.d245.s0.i0 -1 0.793731556605
DS2.d245.s0.i1 -1 0.705538239726
DS2.d249.s0.i0 1.0 0.837533892854
DS2.d249.s1.i0 -1 0.666395957492
DS2.d255.s0.i0 1.0 -0.63615542908
DS2.d255.s0.i1 1.0 0.0921810718098
DS2.d262.s0.i0 1.0 1.37166235449
DS2.d262.s0.i1 1.0 1.29780627094
DS2.d263.s0.i0 -1 0.113591177967
DS2.d263.s0.i1 -1 -0.692844134248
DS2.d281.s0.i0 -1 0.582450162848
DS2.d282.s0.i0 -1 -0.706086709422
DS2.d302.s0.i0 1.0 0.154131654521
DS2.d302.s0.i1 1.0 0.000838540668636
DS2.d322.s0.i0 -1 1.38116593355
DS2.d322.s0.i1 -1 1.36251632161
DS2.d331.s0.i0 1.0 0.878629575176
DS2.d331.s0.i1 1.0 0.767167109551
DS2.d332.s0.i0 1.0 1.4662233221
DS2.d352.s0.i0 -1 -0.226727919109
DS2.d352.s0.i1 -1 -0.337631967195
DS2.d357.s0.i0 -1 -1.11899119657
DS2.d357.s0.i1 -1 -0.945766918984
DS2.d357.s0.i2 -1 -0.655057032965
DS2.d357.s0.i3 -1 -0.467032082854
DS2.d357.s1.i0 1.0 0.721562563322
DS2.d366.s0.i0 1.0 0.299944219107
DS2.d366.s1.i0 1.0 0.638786452307
DS2.d366.s2.i0 1.0 0.152633147192
DS2.d366.s2.i1 1.0 -0.242642854437
DS2.d366.s3.i0 1.0 0.958945021584
DS2.d369.s0.i0 -1 -1.06427571987
DS2.d369.s1.i0 -1 -1.12066589831
DS2.d369.s2.i0 -1 -0.821544014927
DS2.d380.s0.i0 -1 0.550936757371
DS2.d380.s0.i1 1.0 0.382593027413
DS2.d380.s1.i0 1.0 -0.0483561723325
DS2.d384.s0.i0 -1 0.245767512579
DS2.d384.s1.i0 1.0 1.78038715688
DS2.d392.s0.i0 1.0 -0.0459277930832
DS2.d392.s0.i1 1.0 0.236429217853
DS2.d392.s1.i0 1.0 0.485665912721
DS2.d392.s1.i1 1.0 0.628595669543
DS2.d392.s2.i0 1.0 0.640976430212
DS2.d392.s2.i1 1.0 0.508804867443
DS2.d393.s0.i0 1.0 0.825501198639
DS2.d393.s0.i1 1.0 1.03007343104
DS2.d393.s0.i2 1.0 0.569280146359
DS2.d393.s0.i3 1.0 0.287420701789
DS2.d393.s0.i4 1.0 0.648336798108
DS2.d393.s0.i5 1.0 0.539500979883
DS2.d393.s0.i6 1.0 1.07324686124
DS2.d393.s0.i7 1.0 0.709593573159
DS2.d393.s0.i8 1.0 0.344110724443
DS2.d393.s0.i9 1.0 0.86902500581
DS2.d393.s0.i10 1.0 0.512644454197
DS2.d393.s0.i11 1.0 0.822247112539
DS2.d393.s0.i12 1.0 0.303723114485
DS2.d393.s0.i13 1.0 0.502150331515
DS2.d393.s0.i14 1.0 0.532361935656
DS2.d393.s1.i0 1.0 0.795595005413
DS2.d393.s1.i1 -1 -0.159031299444
DS2.d393.s2.i0 1.0 0.505244290058
DS2.d393.s2.i1 1.0 1.32105288676
DS2.d393.s3.i0 1.0 -0.66311128913
DS2.d395.s0.i0 1.0 -0.236298678964
DS2.d395.s0.i1 1.0 -0.120780930107
DS2.d410.s0.i0 -1 -0.380745457319
DS2.d430.s0.i0 -1 1.50337301375
DS2.d436.s0.i0 -1 -0.629518937036
DS2.d436.s0.i1 -1 -0.686232199981
DS2.d436.s1.i0 -1 -0.988063637261
DS2.d443.s0.i0 1.0 0.76905359647
DS2.d443.s0.i1 1.0 0.869104180138
DS2.d443.s0.i2 1.0 0.791221554724
DS2.d446.s0.i0 1.0 0.19122371009
DS2.d446.s0.i1 1.0 -0.000273895076943
DS2.d446.s0.i2 1.0 -0.466009758552
DS2.d446.s0.i3 1.0 -0.595996781617
DS2.d446.s1.i0 1.0 -0.551875176033
DS2.d454.s0.i0 1.0 1.5453228231
DS2.d454.s1.i0 1.0 1.07045610253
DS2.d460.s0.i0 -1 -0.599593979343
DS2.d460.s0.i1 -1 -0.386227288278
DS2.d460.s0.i2 -1 -0.899440711322
DS2.d460.s0.i3 -1 -0.852788444995
DS2.d460.s0.i4 -1 -0.705137581711
DS2.d460.s0.i5 -1 -0.661160401608
DS2.d460.s0.i6 -1 -0.569441253151
DS2.d460.s0.i7 -1 -0.0183701222379
DS2.d460.s0.i8 -1 -0.504569945506
DS2.d460.s0.i9 -1 -0.599593979343
DS2.d460.s0.i10 -1 -0.862527142778
DS2.d460.s0.i11 -1 -0.208954737473
DS2.d460.s0.i12 -1 -0.533457583755
DS2.d460.s0.i13 -1 -0.688817745896
DS2.d460.s0.i14 -1 -0.684313880072
DS2.d460.s0.i15 -1 -0.428113296451
DS2.d460.s0.i16 -1 -0.6094644038
DS2.d460.s0.i17 -1 -0.569441253151
DS2.d460.s0.i18 -1 -0.852788444995
DS2.d460.s0.i19 -1 -0.6094644038
DS2.d460.s0.i20 -1 -0.413465243779
DS2.d460.s0.i21 -1 -0.349289543879
DS2.d460.s0.i22 -1 -0.773345490492
DS2.d460.s0.i23 -1 -0.682240788765
DS2.d466.s0.i0 -1 -0.522892552585
DS2.d472.s0.i0 -1 0.900055881723
DS2.d472.s0.i1 -1 0.621102180845
DS2.d472.s1.i0 -1 1.18112663837
DS2.d477.s0.i0 -1 -0.183406903537
DS2.d477.s0.i1 -1 -0.459715308517
DS2.d477.s0.i2 -1 -0.328500841309
DS2.d477.s0.i3 -1 0.0655382218879
DS2.d482.s0.i0 1.0 0.93393986067
DS2.d482.s0.i1 1.0 1.30051868542
DS2.d493.s0.i0 1.0 -0.0519582182401
DS2.d495.s0.i0 1.0 0.111125322316
DS2.d495.s0.i1 1.0 -0.241496508215
DS2.d517.s0.i0 1.0 1.77293443408
DS2.d526.s0.i0 1.0 -0.101808237321
DS2.d526.s0.i1 1.0 0.180673288921
DS2.d526.s1.i0 1.0 1.07963481556
DS2.d526.s2.i0 1.0 1.2194091354
DS2.d526.s3.i0 1.0 1.28138557055
DS2.d526.s4.i0 1.0 1.66592250277
DS2.d526.s4.i1 1.0 1.02113349311
DS2.d526.s4.i2 1.0 1.60197598787
DS2.d546.s0.i0 -1 -0.409138712329
DS2.d546.s0.i1 -1 -0.596860440456
DS2.d546.s0.i2 -1 -0.39277332495
DS2.d546.s0.i3 -1 -0.823541447337
DS2.d546.s0.i4 -1 -0.366889577092
DS2.d546.s0.i5 -1 -0.500099144029
DS2.d546.s0.i6 -1 -0.586806693234
DS2.d546.s0.i7 -1 -0.61452058809
DS2.d546.s0.i8 -1 -0.887926956228
DS2.d546.s0.i9 -1 0.280823270334
DS2.d546.s0.i10 -1 -0.179025137137
DS2.d546.s0.i11 -1 -0.702896894917
DS2.d546.s1.i0 -1 -0.0568368366957
DS2.d546.s1.i1 -1 -1.17740593253
DS2.d578.s0.i0 1.0 0.572937984839
DS2.d578.s0.i1 1.0 0.983187822225
DS2.d598.s0.i0 1.0 0.996220952488
DS2.d600.s0.i0 1.0 0.85092255513
DS2.d600.s1.i0 1.0 0.373893124045
DS2.d600.s1.i1 1.0 -0.303943899473
DS2.d600.s1.i2 1.0 -0.595045743901
DS2.d600.s1.i3 1.0 -0.218545084843
DS2.d600.s2.i0 1.0 1.49937826971
DS2.d601.s0.i0 1.0 0.876950702193
DS2.d601.s0.i1 1.0 0.742788789549
DS2.d601.s0.i2 1.0 1.06578182097
DS2.d602.s0.i0 1.0 0.472838842885
DS2.d602.s0.i1 1.0 0.599568336266
DS2.d609.s0.i0 -1 -0.764256349584
DS2.d609.s0.i1 -1 -0.85778239848
DS2.d609.s0.i2 -1 -0.704231489901
DS2.d609.s0.i3 -1 -1.13978492861
DS2.d609.s0.i4 -1 -0.247204457808
DS2.d609.s0.i5 -1 -0.369383600582
DS2.d609.s0.i6 -1 -1.09303539752
DS2.d609.s0.i7 -1 -0.664459050055
DS2.d612.s0.i0 -1 -0.855416797595
DS2.d612.s0.i1 -1 -0.46202868965
DS2.d653.s0.i0 1.0 0.787288433593
DS2.d664.s0.i0 1.0 0.564818258308
DS2.d664.s1.i0 1.0 0.319560594149
DS2.d672.s0.i0 1.0 -0.406932613781
DS2.d672.s0.i1 1.0 -0.615232823835
DS2.d672.s0.i2 1.0 -0.542196866992
DS2.d672.s0.i3 1.0 -0.565445811438
DS2.d679.s0.i0 -1 -0.0341757430308
DS2.d679.s0.i1 -1 -0.192639099965
DS2.d679.s0.i2 -1 0.120158365262
DS2.d679.s1.i0 -1 -0.59103695602
DS2.d679.s1.i1 -1 -0.59103695602
DS2.d679.s1.i2 -1 -0.419519893847
DS2.d679.s1.i3 -1 -0.691266177496
DS2.d682.s0.i0 1.0 1.34433024753
DS2.d694.s0.i0 -1 0.601460850926
DS2.d694.s0.i1 -1 1.16434733964
DS2.d694.s0.i2 1.0 1.38641938428
DS2.d694.s0.i3 -1 1.19091875674
DS2.d694.s0.i4 -1 0.533127931552
DS2.d694.s0.i5 1.0 1.28807364188
DS2.d695.s0.i0 -1 -1.33027165825
DS2.d695.s1.i0 -1 0.686725138045
DS2.d695.s2.i0 -1 0.825651708683
DS2.d695.s3.i0 -1 1.48438558013
DS2.d698.s0.i0 1.0 0.851129262093
DS2.d723.s0.i0 -1 1.14891884701
DS2.d727.s0.i0 -1 -1.8019956852
DS2.d727.s0.i1 -1 -0.750394489588
DS2.d746.s0.i0 -1 1.11396606478
DS2.d746.s1.i0 1.0 0.46990895484
DS2.d746.s2.i0 1.0 0.0431757897671
DS2.d747.s0.i0 1.0 0.255142256238
DS2.d747.s0.i1 1.0 0.55622798554
DS2.d776.s0.i0 -1 0.00765762350103
DS2.d776.s0.i1 -1 -1.27248154479
DS2.d776.s0.i2 -1 -0.829437329143
DS2.d776.s0.i3 -1 -1.1786859856
DS2.d788.s0.i0 -1 -0.371569391615
DS2.d788.s0.i1 -1 -0.513790182677
DS2.d788.s1.i0 -1 -1.08744577965
DS2.d799.s0.i0 -1 0.23139706032
DS2.d799.s1.i0 -1 0.263462512464
DS2.d839.s0.i0 -1 -0.428527464749
DS2.d839.s1.i0 -1 -0.227806715051
DS2.d839.s1.i1 -1 -0.530797862589
DS2.d860.s0.i0 -1 -0.025235558135
DS2.d860.s0.i1 1.0 0.239480265662
DS2.d886.s0.i0 1.0 1.18729041661
DS2.d887.s0.i0 -1 0.283358482968
DS2.d887.s0.i1 -1 0.09331080661
DS2.d887.s0.i2 -1 -0.435731445627
DS2.d893.s0.i0 -1 0.287658689434
DS2.d901.s0.i0 -1 -0.792922235831
DS2.d901.s0.i1 -1 -1.30449871502
DS2.d901.s0.i2 -1 -0.687682879191
DS2.d901.s0.i3 -1 -1.17306186913
DS2.d915.s0.i0 1.0 1.73726547122
DS2.d915.s0.i1 1.0 1.57670407082
DS2.d915.s1.i0 1.0 1.33882179272
DS2.d922.s0.i0 1.0 1.26370131856
DS2.d925.s0.i0 -1 0.264037882522
DS2.d925.s0.i1 -1 0.264093272585
DS2.d932.s0.i0 -1 -0.737839985707
DS2.d932.s0.i1 -1 0.553614088715
DS2.d932.s0.i2 -1 0.475935044402
DS2.d936.s0.i0 1.0 -0.848081468773
DS2.d936.s1.i0 1.0 -0.202850871133
DS2.d955.s0.i0 1.0 0.967604686571
DS2.d993.s0.i0 1.0 0.957941190591
DS2.d993.s0.i1 1.0 1.56693892192
DS2.d993.s1.i0 -1 0.175936714213
DS2.d993.s2.i0 1.0 -0.293830030383
DS2.d993.s2.i1 1.0 -0.616316745607
DS2.d1005.s0.i0 1.0 1.83321252017
DS2.d1009.s0.i0 1.0 0.968736170137
DS2.d1009.s0.i1 1.0 1.22912542201
DS2.d1009.s0.i2 1.0 1.4100833045
DS2.d1009.s0.i3 1.0 1.02520390761
DS2.d1009.s1.i0 1.0 1.06863658843
DS2.d1009.s1.i1 1.0 0.745960616414
DS2.d1009.s2.i0 1.0 1.19080751984
DS2.d1009.s3.i0 1.0 0.638939954845
DS2.d1009.s4.i0 -1 0.778726945199
DS2.d1011.s0.i0 1.0 1.11180175153
DS2.d1011.s1.i0 1.0 0.551396313352
DS2.d1012.s0.i0 1.0 1.71513221985
DS2.d1012.s0.i1 1.0 1.72979817033
DS2.d1017.s0.i0 1.0 1.226420945
DS2.d1027.s0.i0 1.0 -0.366146767312
DS2.d1027.s1.i0 1.0 0.288792490201
DS2.d1027.s1.i1 1.0 0.279653125119
DS2.d1028.s0.i0 1.0 1.22197514814
DS2.d1038.s0.i0 1.0 1.02819882879
DS2.d1039.s0.i0 -1 -1.30908648752
DS2.d1039.s0.i1 -1 -0.313673210976
DS2.d1039.s0.i2 -1 -0.608856994227
DS2.d1039.s0.i3 -1 -0.246157601842
DS2.d1041.s0.i0 -1 0.299509530229
DS2.d1041.s0.i1 -1 0.548056916455
DS2.d1041.s0.i2 -1 0.734257991612
DS2.d1041.s1.i0 1.0 -0.324818116287
DS2.d1048.s0.i0 1.0 1.10350500463
DS2.d1048.s1.i0 1.0 0.437229736292
DS2.d1048.s2.i0 1.0 0.759825300996
DS2.d1048.s2.i1 1.0 0.952927927212
DS2.d1057.s0.i0 1.0 1.18041801254
DS2.d1058.s0.i0 -1 0.523895001557
DS2.d1058.s0.i1 -1 -0.543064872594
DS2.d1060.s0.i0 1.0 1.54544879727
DS2.d1063.s0.i0 1.0 0.964991994965
DS2.d1063.s0.i1 1.0 0.90314420464
