DS2.d17.s0.i0 -1 -0.680131587266
DS2.d17.s0.i1 1.0 0.231280520436
DS2.d17.s0.i2 1.0 0.231280520436
DS2.d17.s0.i3 -1 -0.680131587266
DS2.d31.s0.i0 1.0 0.754028671423
DS2.d55.s0.i0 -1 -0.0764213564136
DS2.d68.s0.i0 1.0 0.538882288301
DS2.d68.s1.i0 1.0 1.06330995011
DS2.d68.s2.i0 1.0 1.36368282453
DS2.d68.s2.i1 1.0 1.19032234842
DS2.d68.s2.i2 1.0 1.36368282453
DS2.d71.s0.i0 1.0 1.8347235379
DS2.d71.s1.i0 1.0 1.67129370932
DS2.d71.s2.i0 1.0 0.6017600403
DS2.d82.s0.i0 -1 0.508490785305
DS2.d82.s1.i0 1.0 1.38987398735
DS2.d83.s0.i0 -1 0.947578028433
DS2.d85.s0.i0 1.0 -0.441772137509
DS2.d85.s0.i1 1.0 -0.194485769196
DS2.d85.s0.i2 1.0 -1.02986920848
DS2.d85.s1.i0 -1 -1.17801730005
DS2.d85.s1.i1 -1 -1.65789991131
DS2.d85.s1.i2 -1 -0.971013071967
DS2.d85.s1.i3 -1 -1.27764695632
DS2.d85.s1.i4 -1 -1.22819931305
DS2.d95.s0.i0 -1 -0.33079258817
DS2.d126.s0.i0 1.0 1.43989002033
DS2.d126.s1.i0 1.0 0.911067337475
DS2.d128.s0.i0 -1 -0.504156268732
DS2.d128.s0.i1 -1 -0.561042126684
DS2.d128.s0.i2 1.0 1.31035967035
DS2.d128.s0.i3 -1 -0.960332381213
DS2.d128.s0.i4 -1 -0.340826057734
DS2.d168.s0.i0 1.0 1.12651029213
DS2.d168.s0.i1 -1 0.293014904223
DS2.d180.s0.i0 1.0 0.373592433841
DS2.d180.s0.i1 1.0 0.0131703524134
DS2.d180.s0.i2 1.0 -0.0287605837436
DS2.d180.s0.i3 1.0 0.411449145055
DS2.d183.s0.i0 1.0 1.43642513076
DS2.d183.s0.i1 -1 -0.0431710212791
DS2.d183.s1.i0 1.0 0.940515435431
DS2.d183.s1.i1 1.0 0.710191374569
DS2.d183.s1.i2 1.0 0.940515435431
DS2.d193.s0.i0 1.0 -0.30331503898
DS2.d193.s0.i1 1.0 -0.0658653113159
DS2.d197.s0.i0 -1 -0.578327027288
DS2.d197.s0.i1 -1 -0.578327027288
DS2.d203.s0.i0 1.0 1.03917698332
DS2.d203.s0.i1 1.0 0.93596663774
DS2.d206.s0.i0 1.0 1.32492389511
DS2.d206.s0.i1 1.0 0.0903795381871
DS2.d207.s0.i0 1.0 1.92392158796
DS2.d211.s0.i0 1.0 1.83804459353
DS2.d238.s0.i0 -1 -0.021360459498
DS2.d238.s0.i1 -1 0.208206932794
DS2.d238.s0.i2 -1 0.177944075429
DS2.d238.s0.i3 -1 -0.00852127568572
DS2.d238.s0.i4 -1 -0.356290837852
DS2.d238.s0.i5 -1 0.286772373523
DS2.d238.s0.i6 -1 -0.208224853506
DS2.d238.s0.i7 -1 -0.290259693578
DS2.d238.s0.i8 -1 -0.164662349356
DS2.d238.s0.i9 -1 -0.106453530705
DS2.d238.s0.i10 -1 0.0743450339419
DS2.d238.s0.i11 -1 0.0137882130729
DS2.d238.s0.i12 -1 -0.464053005806
DS2.d238.s0.i13 -1 -0.128389791481
DS2.d238.s1.i0 1.0 0.17051387726
DS2.d238.s1.i1 1.0 0.145530364085
DS2.d245.s0.i0 -1 0.722346695046
DS2.d245.s0.i1 -1 0.859215271938
DS2.d249.s0.i0 1.0 0.68267054459
DS2.d249.s1.i0 -1 0.392812333775
DS2.d255.s0.i0 1.0 -0.974920666509
DS2.d255.s0.i1 1.0 -0.220013552049
DS2.d262.s0.i0 1.0 1.26750285571
DS2.d262.s0.i1 1.0 0.983081148033
DS2.d263.s0.i0 -1 -0.155820271071
DS2.d263.s0.i1 -1 -1.08245391189
DS2.d281.s0.i0 -1 0.499355936033
DS2.d282.s0.i0 -1 -0.829583394529
DS2.d302.s0.i0 1.0 0.113057637355
DS2.d302.s0.i1 1.0 -0.13469283015
DS2.d322.s0.i0 -1 1.32935845342
DS2.d322.s0.i1 -1 1.33335612804
DS2.d331.s0.i0 1.0 0.665214077703
DS2.d331.s0.i1 1.0 0.542421836323
DS2.d332.s0.i0 1.0 1.59791980753
DS2.d352.s0.i0 -1 -0.240702132763
DS2.d352.s0.i1 -1 -0.385312945855
DS2.d357.s0.i0 -1 -1.16287424937
DS2.d357.s0.i1 -1 -1.263747943
DS2.d357.s0.i2 -1 -0.646854003752
DS2.d357.s0.i3 -1 -0.648043416046
DS2.d357.s1.i0 1.0 0.37626832297
DS2.d366.s0.i0 1.0 -0.223095081924
DS2.d366.s1.i0 1.0 0.708419945883
DS2.d366.s2.i0 1.0 -0.100125931158
DS2.d366.s2.i1 1.0 -0.973194428737
DS2.d366.s3.i0 1.0 0.600491592141
DS2.d369.s0.i0 -1 -1.16526191518
DS2.d369.s1.i0 -1 -1.24036999081
DS2.d369.s2.i0 -1 -0.909820662266
DS2.d380.s0.i0 -1 0.335528474698
DS2.d380.s0.i1 1.0 0.289793353859
DS2.d380.s1.i0 1.0 -0.296490546741
DS2.d384.s0.i0 -1 0.152174004255
DS2.d384.s1.i0 1.0 1.87894503319
DS2.d392.s0.i0 1.0 -0.172256994655
DS2.d392.s0.i1 1.0 0.116746411773
DS2.d392.s1.i0 1.0 0.396483617625
DS2.d392.s1.i1 1.0 0.349324497681
DS2.d392.s2.i0 1.0 0.548855104199
DS2.d392.s2.i1 1.0 0.495629959248
DS2.d393.s0.i0 1.0 0.868033116135
DS2.d393.s0.i1 1.0 1.04234978492
DS2.d393.s0.i2 1.0 0.818452336096
DS2.d393.s0.i3 1.0 0.234360285193
DS2.d393.s0.i4 1.0 0.625899125448
DS2.d393.s0.i5 1.0 0.557756488683
DS2.d393.s0.i6 1.0 1.21743264304
DS2.d393.s0.i7 1.0 0.756323165704
DS2.d393.s0.i8 1.0 0.456090289308
DS2.d393.s0.i9 1.0 0.919123202588
DS2.d393.s0.i10 1.0 0.275288098304
DS2.d393.s0.i11 1.0 0.629609127332
DS2.d393.s0.i12 1.0 0.461643655703
DS2.d393.s0.i13 1.0 0.615234782905
DS2.d393.s0.i14 1.0 0.523185453103
DS2.d393.s1.i0 1.0 0.519215232418
DS2.d393.s1.i1 -1 -0.259640911022
DS2.d393.s2.i0 1.0 0.71381993161
DS2.d393.s2.i1 1.0 1.37062385409
DS2.d393.s3.i0 1.0 -0.64943415774
DS2.d395.s0.i0 1.0 -0.0403680133868
DS2.d395.s0.i1 1.0 0.219854829943
DS2.d410.s0.i0 -1 -0.419601076012
DS2.d430.s0.i0 -1 1.57326106601
DS2.d436.s0.i0 -1 -0.726119166653
DS2.d436.s0.i1 -1 -1.14610995655
DS2.d436.s1.i0 -1 -1.21568031534
DS2.d443.s0.i0 1.0 0.553241649285
DS2.d443.s0.i1 1.0 0.676246060817
DS2.d443.s0.i2 1.0 0.704503751719
DS2.d446.s0.i0 1.0 -0.0899095750987
DS2.d446.s0.i1 1.0 -0.206063635889
DS2.d446.s0.i2 1.0 -0.499171382289
DS2.d446.s0.i3 1.0 -0.547902673747
DS2.d446.s1.i0 1.0 -0.811143458165
DS2.d454.s0.i0 1.0 1.66127864798
DS2.d454.s1.i0 1.0 1.14555657524
DS2.d460.s0.i0 -1 -0.764286418307
DS2.d460.s0.i1 -1 -0.464060369842
DS2.d460.s0.i2 -1 -0.783746551227
DS2.d460.s0.i3 -1 -0.84473792092
DS2.d460.s0.i4 -1 -0.779953867618
DS2.d460.s0.i5 -1 -0.733726962368
DS2.d460.s0.i6 -1 -0.733079819184
DS2.d460.s0.i7 -1 -0.493205720621
DS2.d460.s0.i8 -1 -0.555484371284
DS2.d460.s0.i9 -1 -0.764286418307
DS2.d460.s0.i10 -1 -0.795227945968
DS2.d460.s0.i11 -1 -0.279370638012
DS2.d460.s0.i12 -1 -0.654701735189
DS2.d460.s0.i13 -1 -0.753044783748
DS2.d460.s0.i14 -1 -0.767628878324
DS2.d460.s0.i15 -1 -0.516708733877
DS2.d460.s0.i16 -1 -0.758829666069
DS2.d460.s0.i17 -1 -0.733079819184
DS2.d460.s0.i18 -1 -0.84473792092
DS2.d460.s0.i19 -1 -0.758829666069
DS2.d460.s0.i20 -1 -0.4501793604
DS2.d460.s0.i21 -1 -0.444176460579
DS2.d460.s0.i22 -1 -0.651628719087
DS2.d460.s0.i23 -1 -0.546323708202
DS2.d466.s0.i0 -1 -1.07754721477
DS2.d472.s0.i0 -1 0.836116291148
DS2.d472.s0.i1 -1 0.687657273748
DS2.d472.s1.i0 -1 1.23455348654
DS2.d477.s0.i0 -1 -0.196556933791
DS2.d477.s0.i1 -1 -0.520688821237
DS2.d477.s0.i2 -1 -0.712561291391
DS2.d477.s0.i3 -1 -0.24672952938
DS2.d482.s0.i0 1.0 1.05183564724
DS2.d482.s0.i1 1.0 1.38715436327
DS2.d493.s0.i0 1.0 -0.204599891679
DS2.d495.s0.i0 1.0 -0.108379469992
DS2.d495.s0.i1 1.0 -0.182445900784
DS2.d517.s0.i0 1.0 1.85287672197
DS2.d526.s0.i0 1.0 -0.288967779732
DS2.d526.s0.i1 1.0 0.140094571794
DS2.d526.s1.i0 1.0 1.02598534691
DS2.d526.s2.i0 1.0 1.04065609717
DS2.d526.s3.i0 1.0 1.18272679786
DS2.d526.s4.i0 1.0 1.56876797291
DS2.d526.s4.i1 1.0 1.13906634834
DS2.d526.s4.i2 1.0 1.74771780707
DS2.d546.s0.i0 -1 -0.435244263953
DS2.d546.s0.i1 -1 -0.696265553303
DS2.d546.s0.i2 -1 -0.579072492527
DS2.d546.s0.i3 -1 -0.824580173438
DS2.d546.s0.i4 -1 -0.526398980754
DS2.d546.s0.i5 -1 -0.437227031764
DS2.d546.s0.i6 -1 -0.453356206738
DS2.d546.s0.i7 -1 -0.810865571092
DS2.d546.s0.i8 -1 -1.08980086598
DS2.d546.s0.i9 -1 -0.0814107303914
DS2.d546.s0.i10 -1 -0.182684236803
DS2.d546.s0.i11 -1 -0.737600843991
DS2.d546.s1.i0 -1 -0.418724334582
DS2.d546.s1.i1 -1 -1.33947884295
DS2.d578.s0.i0 1.0 0.400667874044
DS2.d578.s0.i1 1.0 0.808621660924
DS2.d598.s0.i0 1.0 0.975112652242
DS2.d600.s0.i0 1.0 0.730988198209
DS2.d600.s1.i0 1.0 0.30313039074
DS2.d600.s1.i1 1.0 -0.28787313554
DS2.d600.s1.i2 1.0 -0.495107425642
DS2.d600.s1.i3 1.0 -0.28676409403
DS2.d600.s2.i0 1.0 1.85442865325
DS2.d601.s0.i0 1.0 0.759361814639
DS2.d601.s0.i1 1.0 0.51755660061
DS2.d601.s0.i2 1.0 0.992208829871
DS2.d602.s0.i0 1.0 0.498085283143
DS2.d602.s0.i1 1.0 0.507389403428
DS2.d609.s0.i0 -1 -1.11299998925
DS2.d609.s0.i1 -1 -0.987095890502
DS2.d609.s0.i2 -1 -0.951236711863
DS2.d609.s0.i3 -1 -1.43031943371
DS2.d609.s0.i4 -1 -0.44357733511
DS2.d609.s0.i5 -1 -0.586881893533
DS2.d609.s0.i6 -1 -1.17220073761
DS2.d609.s0.i7 -1 -0.984170022901
DS2.d612.s0.i0 -1 -1.19240307057
DS2.d612.s0.i1 -1 -0.535477166787
DS2.d653.s0.i0 1.0 0.86481477967
DS2.d664.s0.i0 1.0 0.771899477886
DS2.d664.s1.i0 1.0 0.365202774657
DS2.d672.s0.i0 1.0 -0.446173659031
DS2.d672.s0.i1 1.0 -0.507271151038
DS2.d672.s0.i2 1.0 -0.649660207454
DS2.d672.s0.i3 1.0 -0.594791865379
DS2.d679.s0.i0 -1 -0.61297470332
DS2.d679.s0.i1 -1 -0.259088778038
DS2.d679.s0.i2 -1 -0.277592293316
DS2.d679.s1.i0 -1 -0.635809531395
DS2.d679.s1.i1 -1 -0.635809531395
DS2.d679.s1.i2 -1 -0.776562137278
DS2.d679.s1.i3 -1 -0.979688295514
DS2.d682.s0.i0 1.0 1.36737004281
DS2.d694.s0.i0 -1 0.37421328814
DS2.d694.s0.i1 -1 1.1971757482
DS2.d694.s0.i2 1.0 1.29299087536
DS2.d694.s0.i3 -1 1.21219106253
DS2.d694.s0.i4 -1 0.339844031966
DS2.d694.s0.i5 1.0 1.18756610961
DS2.d695.s0.i0 -1 -1.35583286491
DS2.d695.s1.i0 -1 0.566189235216
DS2.d695.s2.i0 -1 0.796775099332
DS2.d695.s3.i0 -1 1.82528883156
DS2.d698.s0.i0 1.0 0.649947524213
DS2.d723.s0.i0 -1 1.28254486694
DS2.d727.s0.i0 -1 -2.28526987196
DS2.d727.s0.i1 -1 -1.01557457641
DS2.d746.s0.i0 -1 1.19597116456
DS2.d746.s1.i0 1.0 0.422692305828
DS2.d746.s2.i0 1.0 -0.288098021765
DS2.d747.s0.i0 1.0 -0.107642141324
DS2.d747.s0.i1 1.0 0.455748753684
DS2.d776.s0.i0 -1 -0.273033873735
DS2.d776.s0.i1 -1 -1.65144451399
DS2.d776.s0.i2 -1 -1.15098870892
DS2.d776.s0.i3 -1 -1.23873344237
DS2.d788.s0.i0 -1 -0.218547395872
DS2.d788.s0.i1 -1 -0.475538787172
DS2.d788.s1.i0 -1 -1.17800030243
DS2.d799.s0.i0 -1 -0.546764932255
DS2.d799.s1.i0 -1 -0.639348373523
DS2.d839.s0.i0 -1 -0.604652886343
DS2.d839.s1.i0 -1 -0.618112782815
DS2.d839.s1.i1 -1 -0.975488175531
DS2.d860.s0.i0 -1 -0.615907008603
DS2.d860.s0.i1 1.0 0.0674883126338
DS2.d886.s0.i0 1.0 0.963353656349
DS2.d887.s0.i0 -1 0.161892094421
DS2.d887.s0.i1 -1 0.103135467985
DS2.d887.s0.i2 -1 -0.527189621304
DS2.d893.s0.i0 -1 0.285844094582
DS2.d901.s0.i0 -1 -0.917399600329
DS2.d901.s0.i1 -1 -1.37310530334
DS2.d901.s0.i2 -1 -0.590055123748
DS2.d901.s0.i3 -1 -1.39366037147
DS2.d915.s0.i0 1.0 1.59238757503
DS2.d915.s0.i1 1.0 1.55401797298
DS2.d915.s1.i0 1.0 1.23883640557
DS2.d922.s0.i0 1.0 1.17961175139
DS2.d925.s0.i0 -1 0.115615784796
DS2.d925.s0.i1 -1 -0.0380556630086
DS2.d932.s0.i0 -1 -0.852929544965
DS2.d932.s0.i1 -1 0.155808984973
DS2.d932.s0.i2 -1 0.357715653331
DS2.d936.s0.i0 1.0 -0.724220253014
DS2.d936.s1.i0 1.0 -0.255066515442
DS2.d955.s0.i0 1.0 0.966099472833
DS2.d993.s0.i0 1.0 0.932689022458
DS2.d993.s0.i1 1.0 1.42494592656
DS2.d993.s1.i0 -1 -0.138413670159
DS2.d993.s2.i0 1.0 -0.253274174784
DS2.d993.s2.i1 1.0 -0.737190043408
DS2.d1005.s0.i0 1.0 2.0071505667
DS2.d1009.s0.i0 1.0 1.07796370215
DS2.d1009.s0.i1 1.0 1.2064765411
DS2.d1009.s0.i2 1.0 1.41134153943
DS2.d1009.s0.i3 1.0 1.1284657814
DS2.d1009.s1.i0 1.0 1.30619721441
DS2.d1009.s1.i1 1.0 0.992687765746
DS2.d1009.s2.i0 1.0 1.41387387974
DS2.d1009.s3.i0 1.0 0.60190407686
DS2.d1009.s4.i0 -1 0.977602966013
DS2.d1011.s0.i0 1.0 0.994934024656
DS2.d1011.s1.i0 1.0 0.700913586717
DS2.d1012.s0.i0 1.0 1.55260986323
DS2.d1012.s0.i1 1.0 1.67634026337
DS2.d1017.s0.i0 1.0 1.29333944237
DS2.d1027.s0.i0 1.0 -0.178814022334
DS2.d1027.s1.i0 1.0 0.0185346993159
DS2.d1027.s1.i1 1.0 0.273286016577
DS2.d1028.s0.i0 1.0 0.929264186153
DS2.d1038.s0.i0 1.0 1.02750802006
DS2.d1039.s0.i0 -1 -1.62702373512
DS2.d1039.s0.i1 -1 -0.480787375884
DS2.d1039.s0.i2 -1 -0.967418196253
DS2.d1039.s0.i3 -1 -0.549300517981
DS2.d1041.s0.i0 -1 0.416327458551
DS2.d1041.s0.i1 -1 0.652742163867
DS2.d1041.s0.i2 -1 0.560734506036
DS2.d1041.s1.i0 1.0 -0.403948246169
DS2.d1048.s0.i0 1.0 0.986925048562
DS2.d1048.s1.i0 1.0 0.368718642835
DS2.d1048.s2.i0 1.0 1.0649821005
DS2.d1048.s2.i1 1.0 1.20814653494
DS2.d1057.s0.i0 1.0 1.01358131598
DS2.d1058.s0.i0 -1 -0.444484381163
DS2.d1058.s0.i1 -1 -0.716215813233
DS2.d1060.s0.i0 1.0 1.70312914243
DS2.d1063.s0.i0 1.0 0.812421723938
DS2.d1063.s0.i1 1.0 0.650954956307
