DS.d1682.s0.i0 1.000000 0.208223
DS.d1682.s0.i1 1.000000 0.542792
DS.d318.s0.i0 1.000000 0.492638
DS.d318.s0.i1 1.000000 0.449429
DS.d1204.s0.i0 1.000000 1.006676
DS.d1204.s0.i1 1.000000 0.852582
DS.d1204.s1.i1 1.000000 -0.037737
DS.d1204.s1.i0 1.000000 0.663471
DS.d1204.s2.i0 -1.000000 -0.290379
DS.d1040.s2.i0 1.000000 0.106348
DS.d1040.s0.i0 1.000000 0.877659
DS.d1040.s0.i1 1.000000 0.798940
DS.d1040.s1.i0 1.000000 0.255552
DS.d123.s0.i0 -1.000000 -0.383694
DS.d650.s3.i0 1.000000 0.208170
DS.d650.s3.i1 1.000000 0.434428
DS.d650.s2.i1 1.000000 0.728056
DS.d650.s2.i0 1.000000 0.602789
DS.d650.s1.i0 1.000000 0.479989
DS.d650.s1.i1 1.000000 0.404639
DS.d650.s0.i0 1.000000 0.812918
DS.d869.s1.i0 1.000000 -0.084512
DS.d869.s0.i0 1.000000 -0.266059
DS.d869.s2.i0 1.000000 0.016886
DS.d659.s0.i0 1.000000 0.823858
DS.d714.s0.i0 -1.000000 -0.340203
DS.d714.s0.i1 -1.000000 -0.668136
DS.d714.s1.i0 -1.000000 0.259252
DS.d714.s2.i0 -1.000000 -0.078158
DS.d399.s0.i0 1.000000 0.625504
DS.d803.s1.i0 1.000000 -0.034610
DS.d803.s1.i1 1.000000 0.203691
DS.d803.s0.i1 1.000000 0.041879
DS.d803.s0.i0 1.000000 0.017581
DS.d803.s0.i3 1.000000 0.122181
DS.d803.s0.i2 1.000000 -0.023702
DS.d803.s2.i1 1.000000 0.804451
DS.d803.s2.i0 1.000000 0.655632
DS.d1429.s0.i2 -1.000000 -0.452013
DS.d1429.s0.i1 -1.000000 -0.467856
DS.d1429.s0.i0 -1.000000 -0.394408
DS.d1442.s0.i0 -1.000000 -0.060083
DS.d1442.s0.i1 -1.000000 -0.099248
DS.d1590.s0.i4 -1.000000 -0.115669
DS.d1590.s0.i2 -1.000000 -0.096664
DS.d1590.s0.i3 -1.000000 0.057405
DS.d1590.s0.i0 -1.000000 -0.281556
DS.d1590.s0.i1 -1.000000 -0.350113
DS.d1674.s0.i1 -1.000000 0.306046
DS.d1674.s0.i0 -1.000000 0.069355
DS.d397.s0.i1 -1.000000 -0.553869
DS.d397.s0.i0 -1.000000 -0.084428
DS.d397.s0.i2 1.000000 -0.245902
DS.d67.s0.i0 -1.000000 0.320549
DS.d67.s0.i1 -1.000000 0.476357
DS.d1562.s0.i0 1.000000 0.743580
DS.d1857.s0.i0 1.000000 0.517566
DS.d1857.s1.i1 1.000000 0.078231
DS.d1857.s1.i0 1.000000 0.005009
DS.d922.s0.i0 1.000000 0.844902
DS.d567.s0.i0 1.000000 0.515190
DS.d567.s0.i1 1.000000 1.181337
DS.d567.s1.i1 -1.000000 -0.141431
DS.d567.s1.i0 1.000000 -0.008557
DS.d567.s1.i2 1.000000 0.151570
DS.d245.s0.i1 1.000000 0.855245
DS.d245.s0.i0 1.000000 0.835920
DS.d245.s0.i2 1.000000 0.744233
DS.d1054.s2.i1 -1.000000 -0.233207
DS.d1054.s2.i0 -1.000000 -0.337888
DS.d1054.s1.i0 1.000000 -0.138736
DS.d1054.s0.i1 1.000000 0.137573
DS.d1054.s0.i0 1.000000 -0.258281
DS.d1691.s0.i0 -1.000000 0.213990
DS.d1690.s0.i1 1.000000 0.939895
DS.d1690.s0.i0 -1.000000 0.255223
DS.d1212.s2.i1 -1.000000 -0.742817
DS.d1212.s2.i0 -1.000000 0.253664
DS.d1212.s1.i0 -1.000000 -1.202221
DS.d1212.s1.i1 -1.000000 -0.375718
DS.d1212.s1.i2 -1.000000 -0.549320
DS.d1212.s1.i3 -1.000000 -0.425106
DS.d1212.s1.i4 -1.000000 -1.092934
DS.d1212.s1.i5 -1.000000 -0.324907
DS.d1212.s0.i11 -1.000000 -0.321321
DS.d1212.s0.i10 -1.000000 -0.129609
DS.d1212.s0.i9 -1.000000 -0.306355
DS.d1212.s0.i8 -1.000000 -0.120887
DS.d1212.s0.i3 -1.000000 -0.174508
DS.d1212.s0.i2 -1.000000 -0.086605
DS.d1212.s0.i1 -1.000000 -0.191625
DS.d1212.s0.i0 -1.000000 -0.339153
DS.d1212.s0.i7 -1.000000 -0.174999
DS.d1212.s0.i6 -1.000000 -0.156192
DS.d1212.s0.i5 -1.000000 -0.338359
DS.d1212.s0.i4 -1.000000 -0.104089
DS.d320.s0.i1 1.000000 1.774125
DS.d320.s0.i0 -1.000000 1.320009
DS.d1542.s0.i9 1.000000 -0.297449
DS.d1542.s0.i8 1.000000 -0.012563
DS.d1542.s0.i3 1.000000 -0.170841
DS.d1542.s0.i2 1.000000 0.153674
DS.d1542.s0.i1 1.000000 -0.120952
DS.d1542.s0.i0 1.000000 -0.025090
DS.d1542.s0.i7 1.000000 0.073923
DS.d1542.s0.i6 1.000000 -0.285220
DS.d1542.s0.i5 1.000000 -0.100149
DS.d1542.s0.i4 1.000000 -0.135518
DS.d1594.s0.i0 1.000000 0.668390
DS.d406.s0.i0 -1.000000 -0.399498
DS.d400.s0.i0 1.000000 0.334561
DS.d400.s0.i1 1.000000 -0.020711
DS.d1592.s0.i0 -1.000000 -0.137866
DS.d562.s1.i0 1.000000 0.415378
DS.d562.s0.i0 -1.000000 0.311454
DS.d1163.s0.i0 1.000000 -0.026975
DS.d1163.s0.i1 1.000000 0.023532
DS.d1163.s0.i2 -1.000000 -0.467644
DS.d1163.s1.i0 1.000000 -0.038748
DS.d726.s0.i0 1.000000 0.654792
DS.d729.s0.i0 -1.000000 0.228197
DS.d1600.s0.i0 1.000000 0.492599
DS.d1600.s1.i0 1.000000 0.538162
DS.d526.s2.i1 -1.000000 0.343780
DS.d526.s2.i0 -1.000000 0.220856
DS.d526.s1.i0 1.000000 -0.141065
DS.d526.s1.i1 1.000000 -0.141065
DS.d526.s0.i3 1.000000 -0.477089
DS.d526.s0.i2 1.000000 0.450441
DS.d526.s0.i1 1.000000 0.126713
DS.d526.s0.i0 1.000000 0.563050
DS.d1452.s4.i0 1.000000 -0.124742
DS.d1452.s1.i0 1.000000 0.590349
DS.d1452.s1.i1 1.000000 0.445233
DS.d1452.s0.i0 1.000000 0.821585
DS.d1452.s3.i0 1.000000 0.717496
DS.d1452.s2.i0 1.000000 -0.440072
DS.d835.s0.i0 1.000000 -0.245196
DS.d1761.s0.i0 -1.000000 -0.317222
DS.d1761.s0.i1 -1.000000 -0.548129
DS.d1761.s0.i2 -1.000000 -0.268911
DS.d1761.s0.i3 -1.000000 -0.692496
DS.d1283.s0.i0 -1.000000 -0.262148
DS.d54.s0.i0 -1.000000 -0.220116
DS.d1398.s0.i0 1.000000 0.849472
DS.d56.s0.i0 1.000000 0.320144
DS.d798.s0.i0 1.000000 0.944649
DS.d338.s0.i0 1.000000 0.877142
DS.d338.s0.i1 1.000000 0.935469
DS.d1230.s0.i3 -1.000000 -0.816275
DS.d1230.s0.i2 -1.000000 -0.531580
DS.d1230.s0.i1 -1.000000 -0.870139
DS.d1230.s0.i0 -1.000000 -0.526523
DS.d1230.s0.i7 -1.000000 -0.547769
DS.d1230.s0.i6 -1.000000 -0.457831
DS.d1230.s0.i5 -1.000000 -0.493992
DS.d1230.s0.i4 -1.000000 -0.518092
DS.d332.s0.i0 1.000000 0.463868
DS.d831.s0.i0 1.000000 0.449023
DS.d330.s0.i0 1.000000 -0.016052
DS.d330.s0.i1 1.000000 -0.016052
DS.d1180.s0.i0 1.000000 0.835761
DS.d1222.s0.i0 1.000000 0.580870
DS.d1222.s0.i1 1.000000 0.473986
DS.d1222.s1.i1 1.000000 1.614493
DS.d1222.s1.i0 1.000000 1.575013
DS.d1222.s2.i0 1.000000 1.176919
DS.d1222.s2.i1 1.000000 1.162087
DS.d430.s0.i3 1.000000 0.813952
DS.d430.s0.i2 1.000000 0.824802
DS.d430.s0.i1 1.000000 0.729685
DS.d430.s0.i0 1.000000 0.826593
DS.d1585.s0.i0 1.000000 0.429347
DS.d1585.s0.i1 1.000000 0.904544
DS.d1820.s0.i0 1.000000 0.944849
DS.d437.s0.i0 -1.000000 -0.236203
DS.d437.s0.i1 -1.000000 0.236293
DS.d437.s0.i2 1.000000 0.618259
DS.d165.s6.i4 1.000000 0.623060
DS.d165.s6.i5 1.000000 0.700880
DS.d165.s6.i2 1.000000 0.778706
DS.d165.s6.i3 1.000000 0.474379
DS.d165.s6.i0 1.000000 0.701842
DS.d165.s6.i1 1.000000 0.630726
DS.d165.s4.i0 1.000000 0.008380
DS.d165.s4.i1 1.000000 0.094278
DS.d165.s5.i3 1.000000 0.234833
DS.d165.s5.i2 -1.000000 -0.463145
DS.d165.s5.i1 1.000000 0.185911
DS.d165.s5.i0 -1.000000 -0.583115
DS.d165.s2.i2 1.000000 0.059174
DS.d165.s2.i3 1.000000 0.012328
DS.d165.s2.i0 1.000000 0.044430
DS.d165.s2.i1 1.000000 -0.022817
DS.d165.s3.i1 -1.000000 0.635964
DS.d165.s3.i0 -1.000000 0.707953
DS.d165.s3.i2 -1.000000 0.509209
DS.d165.s0.i0 -1.000000 0.361695
DS.d165.s0.i1 -1.000000 0.419557
DS.d165.s0.i2 -1.000000 0.071454
DS.d165.s0.i3 -1.000000 0.058162
DS.d165.s0.i4 1.000000 0.501430
DS.d165.s0.i5 1.000000 0.990467
DS.d165.s1.i3 1.000000 0.433398
DS.d165.s1.i2 1.000000 0.170553
DS.d165.s1.i1 1.000000 0.374173
DS.d165.s1.i0 1.000000 0.182543
DS.d165.s1.i5 1.000000 0.331822
DS.d165.s1.i4 1.000000 0.360887
DS.d530.s0.i0 -1.000000 0.204457
DS.d255.s0.i0 -1.000000 -0.484417
DS.d255.s0.i1 -1.000000 -0.452355
DS.d821.s0.i1 -1.000000 -0.091972
DS.d821.s0.i0 -1.000000 -0.099817
DS.d166.s0.i0 1.000000 0.300450
DS.d908.s1.i0 1.000000 0.047787
DS.d908.s1.i1 1.000000 0.131581
DS.d908.s1.i2 1.000000 0.123659
DS.d908.s0.i0 1.000000 1.341724
DS.d1297.s0.i0 1.000000 1.057295
DS.d1753.s1.i0 -1.000000 -1.195667
DS.d1753.s0.i0 -1.000000 -0.322424
DS.d1294.s0.i1 -1.000000 -0.672430
DS.d1294.s0.i0 -1.000000 -0.194355
DS.d1421.s1.i0 1.000000 0.469068
DS.d1421.s0.i0 1.000000 0.509706
DS.d904.s0.i2 -1.000000 1.019142
DS.d904.s0.i1 1.000000 1.117793
DS.d904.s0.i0 1.000000 1.093499
DS.d1427.s0.i1 -1.000000 0.859856
DS.d1427.s0.i0 -1.000000 1.153991
DS.d427.s0.i1 1.000000 0.366647
DS.d427.s0.i0 1.000000 -0.014159
DS.d1035.s2.i0 -1.000000 -0.760347
DS.d1035.s0.i0 1.000000 -0.382149
DS.d1035.s1.i0 1.000000 -0.775963
DS.d223.s1.i0 1.000000 0.963373
DS.d223.s1.i1 -1.000000 1.013396
DS.d223.s0.i1 -1.000000 -0.111616
DS.d223.s0.i0 1.000000 0.162832
DS.d582.s0.i1 1.000000 0.105584
DS.d582.s0.i0 1.000000 0.405774
DS.d1002.s0.i0 -1.000000 -0.057281
DS.d506.s0.i1 1.000000 0.452976
DS.d506.s0.i0 1.000000 0.228825
DS.d500.s0.i0 1.000000 1.137672
DS.d118.s2.i0 1.000000 1.124122
DS.d118.s0.i0 1.000000 -0.200234
DS.d118.s1.i0 1.000000 0.464710
DS.d117.s3.i2 1.000000 0.403690
DS.d117.s3.i3 1.000000 0.491547
DS.d117.s3.i0 1.000000 0.451337
DS.d117.s3.i1 1.000000 0.409894
DS.d117.s2.i1 1.000000 -0.559034
DS.d117.s2.i0 1.000000 -0.332972
DS.d117.s2.i3 -1.000000 0.249283
DS.d117.s2.i2 -1.000000 -0.154979
DS.d117.s1.i0 1.000000 -0.119710
DS.d117.s1.i1 -1.000000 -0.497151
DS.d117.s0.i0 1.000000 0.454759
DS.d624.s4.i2 1.000000 0.871628
DS.d624.s4.i0 1.000000 0.934014
DS.d624.s4.i1 1.000000 1.108761
DS.d624.s0.i2 1.000000 0.950992
DS.d624.s0.i3 1.000000 0.821509
DS.d624.s0.i0 1.000000 0.928334
DS.d624.s0.i1 1.000000 0.563022
DS.d624.s1.i5 1.000000 0.626287
DS.d624.s1.i4 -1.000000 0.402831
DS.d624.s1.i7 -1.000000 0.453136
DS.d624.s1.i6 -1.000000 0.324827
DS.d624.s1.i1 1.000000 0.676742
DS.d624.s1.i0 1.000000 0.462165
DS.d624.s1.i3 1.000000 0.512107
DS.d624.s1.i2 -1.000000 0.395861
DS.d624.s2.i0 1.000000 1.016618
DS.d624.s2.i1 1.000000 1.039767
DS.d624.s2.i2 1.000000 1.126608
DS.d624.s3.i3 1.000000 0.583013
DS.d624.s3.i2 -1.000000 0.082484
DS.d624.s3.i1 1.000000 0.211228
DS.d624.s3.i0 1.000000 0.307437
DS.d625.s1.i0 1.000000 -0.297292
DS.d625.s1.i1 1.000000 -0.269085
DS.d625.s0.i3 -1.000000 0.614149
DS.d625.s0.i2 -1.000000 0.511860
DS.d625.s0.i1 -1.000000 -0.079925
DS.d625.s0.i0 -1.000000 0.587704
DS.d914.s0.i0 -1.000000 0.214860
DS.d912.s0.i0 -1.000000 0.700528
DS.d912.s1.i0 1.000000 0.636358
DS.d621.s3.i0 1.000000 0.260401
DS.d621.s2.i1 1.000000 1.170706
DS.d621.s2.i0 -1.000000 1.005539
DS.d621.s1.i0 1.000000 0.569490
DS.d621.s0.i1 1.000000 0.821008
DS.d621.s0.i0 1.000000 0.741647
DS.d621.s4.i1 1.000000 -0.046989
DS.d621.s4.i0 -1.000000 -0.359051
DS.d622.s0.i0 1.000000 0.579788
DS.d622.s1.i0 1.000000 1.119749
DS.d1740.s0.i1 1.000000 0.144096
DS.d1740.s0.i0 1.000000 0.134931
DS.d1339.s0.i0 1.000000 0.317534
DS.d747.s0.i2 1.000000 0.068614
DS.d747.s0.i3 1.000000 -0.152564
DS.d747.s0.i0 1.000000 0.068614
DS.d747.s0.i1 1.000000 -0.152564
DS.d746.s0.i0 1.000000 0.910200
DS.d1671.s0.i0 1.000000 0.627955
DS.d38.s2.i0 1.000000 1.480423
DS.d38.s3.i0 -1.000000 -0.228018
DS.d38.s0.i0 1.000000 0.633876
DS.d38.s1.i1 1.000000 1.188284
DS.d38.s1.i0 1.000000 1.132903
DS.d1104.s1.i0 -1.000000 0.307984
DS.d1104.s0.i0 1.000000 0.028066
DS.d853.s0.i0 1.000000 0.656640
DS.d1435.s0.i0 1.000000 0.840351
DS.d1435.s1.i0 1.000000 0.432362
DS.d1434.s1.i0 1.000000 0.813662
DS.d1434.s0.i0 1.000000 0.680147
DS.d451.s0.i0 1.000000 0.202603
DS.d451.s1.i0 -1.000000 0.361661
DS.d1247.s0.i0 -1.000000 0.104694
DS.d1803.s3.i0 1.000000 0.801627
DS.d1803.s3.i1 -1.000000 0.569112
DS.d1803.s2.i0 1.000000 0.001399
DS.d1803.s1.i0 -1.000000 -0.130360
DS.d1803.s1.i1 1.000000 -0.161810
DS.d1803.s1.i2 -1.000000 1.082609
DS.d1803.s1.i3 1.000000 -0.008374
DS.d1803.s1.i4 1.000000 1.100974
DS.d1803.s1.i5 1.000000 1.188638
DS.d1803.s0.i0 1.000000 0.827342
DS.d1801.s0.i0 1.000000 0.470766
DS.d551.s0.i0 1.000000 0.948495
DS.d351.s0.i3 -1.000000 -0.897601
DS.d351.s0.i2 -1.000000 -1.258072
DS.d351.s0.i1 -1.000000 -0.930032
DS.d351.s0.i0 -1.000000 -0.903677
DS.d697.s0.i0 1.000000 0.203864
DS.d697.s0.i1 1.000000 0.260430
DS.d697.s0.i2 1.000000 0.072770
DS.d697.s0.i3 1.000000 0.168517
DS.d164.s0.i1 -1.000000 -0.846623
DS.d164.s0.i0 -1.000000 0.499514
DS.d164.s0.i2 -1.000000 -0.570104
DS.d910.s0.i0 1.000000 0.846654
DS.d910.s1.i0 -1.000000 1.114846
DS.d1631.s0.i0 1.000000 0.478125
DS.d197.s0.i1 1.000000 0.799149
DS.d197.s0.i0 1.000000 1.172396
DS.d1469.s1.i4 -1.000000 0.262083
DS.d1469.s1.i5 1.000000 0.960666
DS.d1469.s1.i0 -1.000000 0.272430
DS.d1469.s1.i1 1.000000 1.043764
DS.d1469.s1.i2 1.000000 0.956267
DS.d1469.s1.i3 1.000000 1.009389
DS.d1469.s0.i0 -1.000000 -0.119214
DS.d1527.s0.i0 1.000000 -0.249352
DS.d754.s0.i2 1.000000 0.865214
DS.d754.s0.i0 1.000000 0.662416
DS.d754.s0.i1 1.000000 0.733517
DS.d755.s0.i1 1.000000 0.400743
DS.d755.s0.i0 1.000000 0.299355
DS.d1137.s0.i0 -1.000000 -0.039413
DS.d1131.s0.i0 -1.000000 -0.811812
DS.d813.s0.i0 -1.000000 0.409349
DS.d1255.s2.i0 -1.000000 -0.527675
DS.d1255.s3.i0 1.000000 0.675714
DS.d1255.s0.i0 1.000000 0.435256
DS.d1255.s1.i1 1.000000 -0.055187
DS.d1255.s1.i0 1.000000 -0.061991
DS.d1252.s1.i0 1.000000 -0.102138
DS.d1252.s1.i1 1.000000 0.286857
DS.d1252.s0.i0 1.000000 0.381429
DS.d4.s0.i0 1.000000 0.437422
DS.d4.s0.i1 1.000000 0.371260
DS.d1319.s0.i1 1.000000 1.203512
DS.d1319.s0.i0 1.000000 1.244005
DS.d1317.s0.i2 1.000000 0.954957
DS.d1317.s0.i1 1.000000 0.853037
DS.d1317.s0.i0 1.000000 0.986012
DS.d206.s0.i6 1.000000 0.321782
DS.d206.s0.i7 1.000000 0.234091
DS.d206.s0.i4 1.000000 0.239099
DS.d206.s0.i5 1.000000 0.318216
DS.d206.s0.i2 1.000000 0.286008
DS.d206.s0.i3 1.000000 0.234208
DS.d206.s0.i0 1.000000 0.211931
DS.d206.s0.i1 1.000000 0.309996
DS.d99.s0.i0 1.000000 1.376096
DS.d96.s0.i0 -1.000000 -0.132656
DS.d96.s0.i1 1.000000 0.213725
DS.d96.s0.i2 -1.000000 0.141134
DS.d96.s0.i3 1.000000 0.515580
DS.d96.s1.i1 1.000000 0.705044
DS.d96.s1.i0 1.000000 0.951049
DS.d97.s0.i0 1.000000 0.550678
DS.d1129.s0.i0 1.000000 0.907457
DS.d1129.s1.i1 1.000000 0.046337
DS.d1129.s1.i0 1.000000 -0.123308
DS.d1129.s2.i0 1.000000 0.528336
DS.d1080.s0.i0 1.000000 1.160873
DS.d17.s1.i0 -1.000000 0.435817
DS.d17.s0.i1 -1.000000 -0.167073
DS.d17.s0.i0 -1.000000 -0.487403
DS.d11.s0.i1 1.000000 0.788837
DS.d11.s0.i0 1.000000 0.559371
DS.d1894.s0.i1 -1.000000 -0.479198
DS.d1894.s0.i0 -1.000000 -0.370845
DS.d1702.s0.i0 1.000000 0.977862
DS.d19.s0.i1 1.000000 1.016468
DS.d19.s0.i0 1.000000 1.015168
DS.d1270.s0.i3 -1.000000 -1.035215
DS.d1270.s0.i2 -1.000000 -0.855646
DS.d1270.s0.i1 -1.000000 -1.169855
DS.d1270.s0.i0 -1.000000 -0.983285
DS.d266.s0.i0 1.000000 0.515850
DS.d1559.s1.i0 -1.000000 -0.196385
DS.d1559.s0.i0 -1.000000 -0.379387
DS.d1644.s0.i0 -1.000000 -0.425408
DS.d1644.s0.i1 -1.000000 -0.740212
DS.d1644.s1.i1 -1.000000 -1.124749
DS.d1644.s1.i0 -1.000000 -1.163023
DS.d1644.s1.i2 -1.000000 -1.272446
DS.d1644.s2.i0 -1.000000 -0.062527
DS.d1419.s0.i0 1.000000 0.287969
DS.d1419.s0.i1 1.000000 0.473553
DS.d662.s0.i0 1.000000 0.684099
DS.d662.s0.i1 1.000000 0.377309
DS.d662.s0.i2 -1.000000 0.314377
DS.d662.s0.i3 1.000000 0.783719
DS.d1004.s0.i0 1.000000 0.438684
DS.d1004.s0.i1 1.000000 1.121909
DS.d1004.s1.i3 1.000000 -0.203983
DS.d1004.s1.i2 1.000000 0.055288
DS.d1004.s1.i1 1.000000 0.007841
DS.d1004.s1.i0 1.000000 -0.223609
DS.d1060.s0.i0 1.000000 0.551278
DS.d892.s1.i0 -1.000000 -0.991557
DS.d892.s0.i1 -1.000000 -0.591470
DS.d892.s0.i0 -1.000000 -0.811326
DS.d996.s0.i2 -1.000000 -0.517163
DS.d996.s0.i0 -1.000000 0.030586
DS.d996.s0.i1 -1.000000 -0.200667
DS.d476.s0.i1 1.000000 1.259000
DS.d476.s0.i0 1.000000 1.232853
DS.d897.s0.i0 -1.000000 -1.074055
DS.d897.s0.i1 -1.000000 -1.144225
DS.d148.s1.i4 1.000000 0.464463
DS.d148.s1.i5 -1.000000 0.439235
DS.d148.s1.i6 -1.000000 0.450602
DS.d148.s1.i7 -1.000000 0.343170
DS.d148.s1.i0 -1.000000 0.382451
DS.d148.s1.i1 1.000000 0.593558
DS.d148.s1.i2 -1.000000 0.355737
DS.d148.s1.i3 -1.000000 0.372369
DS.d148.s0.i17 1.000000 0.477592
DS.d148.s0.i16 -1.000000 -0.498249
DS.d148.s0.i15 -1.000000 -0.464575
DS.d148.s0.i14 -1.000000 -0.387048
DS.d148.s0.i13 1.000000 0.531714
DS.d148.s0.i12 -1.000000 -0.581487
DS.d148.s0.i11 1.000000 0.594099
DS.d148.s0.i10 -1.000000 -0.433356
DS.d148.s0.i19 1.000000 0.507193
DS.d148.s0.i18 -1.000000 -0.427413
DS.d148.s0.i9 1.000000 0.591138
DS.d148.s0.i8 -1.000000 -0.484584
DS.d148.s0.i7 -1.000000 -0.612109
DS.d148.s0.i6 -1.000000 -0.489597
DS.d148.s0.i5 -1.000000 -0.535204
DS.d148.s0.i4 -1.000000 -0.475045
DS.d148.s0.i3 -1.000000 -0.403872
DS.d148.s0.i2 1.000000 0.631143
DS.d148.s0.i1 -1.000000 -0.526641
DS.d148.s0.i0 -1.000000 -0.476395
DS.d148.s0.i26 -1.000000 -0.437226
DS.d148.s0.i24 1.000000 0.586775
DS.d148.s0.i25 -1.000000 -0.446462
DS.d148.s0.i22 1.000000 0.642094
DS.d148.s0.i23 -1.000000 -0.474880
DS.d148.s0.i20 1.000000 0.547755
DS.d148.s0.i21 -1.000000 -0.432147
DS.d473.s0.i0 -1.000000 0.543187
DS.d473.s0.i1 -1.000000 0.454070
DS.d894.s0.i1 1.000000 -0.253699
DS.d894.s0.i0 1.000000 -0.076704
DS.d772.s0.i0 -1.000000 0.905333
DS.d772.s0.i1 -1.000000 1.005062
DS.d775.s0.i0 1.000000 0.970204
DS.d277.s0.i0 1.000000 0.691528
DS.d778.s2.i0 1.000000 1.081455
DS.d778.s2.i1 1.000000 1.092215
DS.d778.s0.i0 1.000000 0.724888
DS.d778.s1.i1 1.000000 1.130226
DS.d778.s1.i0 -1.000000 0.200615
DS.d287.s3.i0 1.000000 -0.000696
DS.d287.s2.i1 -1.000000 0.325608
DS.d287.s2.i0 1.000000 0.581174
DS.d287.s1.i0 -1.000000 -0.001852
DS.d287.s1.i1 -1.000000 0.020402
DS.d287.s0.i1 1.000000 0.836485
DS.d287.s0.i0 1.000000 0.823632
DS.d84.s0.i1 -1.000000 -0.216488
DS.d84.s0.i0 -1.000000 -0.040726
DS.d1860.s0.i0 -1.000000 -0.373086
DS.d867.s0.i0 1.000000 0.456906
DS.d1158.s0.i0 1.000000 -0.156306
DS.d948.s0.i5 1.000000 -0.052787
DS.d948.s0.i4 1.000000 0.045364
DS.d948.s0.i3 1.000000 -0.052787
DS.d948.s0.i2 1.000000 -0.033743
DS.d948.s0.i1 1.000000 -0.153618
DS.d948.s0.i0 1.000000 0.045364
DS.d1866.s2.i0 1.000000 0.846600
DS.d1866.s2.i1 1.000000 0.846600
DS.d1866.s0.i0 1.000000 0.397852
DS.d1866.s0.i1 1.000000 0.416362
DS.d1866.s0.i2 1.000000 0.179771
DS.d1866.s0.i3 1.000000 0.351544
DS.d1866.s1.i3 1.000000 0.462910
DS.d1866.s1.i2 1.000000 0.932806
DS.d1866.s1.i1 1.000000 0.373836
DS.d1866.s1.i0 1.000000 0.983452
DS.d573.s0.i1 1.000000 0.396084
DS.d573.s0.i0 1.000000 1.055233
DS.d573.s0.i3 1.000000 0.731062
DS.d573.s0.i2 1.000000 0.754092
DS.d673.s0.i0 1.000000 1.030287
DS.d944.s0.i3 1.000000 0.996869
DS.d944.s0.i2 1.000000 1.323909
DS.d944.s0.i1 1.000000 1.389483
DS.d944.s0.i0 1.000000 1.453438
DS.d944.s0.i7 1.000000 1.182331
DS.d944.s0.i6 1.000000 1.226281
DS.d944.s0.i5 1.000000 0.994862
DS.d944.s0.i4 1.000000 1.128352
DS.d946.s1.i2 -1.000000 0.437866
DS.d946.s1.i0 -1.000000 0.052925
DS.d946.s1.i1 1.000000 0.276165
DS.d946.s0.i1 1.000000 0.494844
DS.d946.s0.i0 1.000000 0.859126
DS.d1099.s0.i0 1.000000 0.258179
DS.d942.s0.i1 -1.000000 -0.386354
DS.d942.s0.i0 -1.000000 -0.305113
DS.d1652.s1.i0 1.000000 0.246754
DS.d1652.s0.i0 1.000000 0.472001
DS.d1392.s0.i0 -1.000000 -0.180512
DS.d1393.s0.i0 -1.000000 0.431163
DS.d1655.s0.i0 1.000000 0.739468
DS.d1655.s1.i2 -1.000000 -0.218728
DS.d1655.s1.i1 -1.000000 -0.075697
DS.d1655.s1.i0 -1.000000 0.115233
DS.d1015.s0.i0 -1.000000 0.410409
DS.d1015.s0.i1 -1.000000 0.410409
DS.d1793.s0.i1 -1.000000 -0.470293
DS.d1793.s0.i0 -1.000000 -0.833966
DS.d1017.s0.i0 -1.000000 -1.555087
DS.d1017.s0.i1 -1.000000 -1.162326
DS.d1017.s0.i2 -1.000000 -1.253943
DS.d1017.s0.i3 -1.000000 -1.459698
DS.d1796.s0.i0 1.000000 0.877555
DS.d1797.s0.i1 1.000000 -0.041425
DS.d1797.s0.i0 1.000000 -0.097426
DS.d1545.s0.i0 1.000000 0.893394
DS.d1545.s0.i1 1.000000 0.460845
DS.d73.s0.i1 -1.000000 -1.278547
DS.d73.s0.i0 -1.000000 -0.987646
DS.d1374.s0.i0 -1.000000 0.088938
DS.d1374.s0.i1 -1.000000 0.283086
DS.d1078.s0.i0 1.000000 0.455960
DS.d1370.s0.i0 1.000000 0.938356
DS.d154.s0.i0 1.000000 -0.069580
DS.d154.s0.i1 1.000000 -0.045999
DS.d466.s0.i0 1.000000 0.537583
DS.d173.s0.i0 1.000000 0.291962
DS.d262.s0.i0 -1.000000 0.692709
DS.d1705.s0.i0 -1.000000 0.394692
DS.d1705.s0.i1 -1.000000 0.334388
DS.d1871.s0.i0 -1.000000 -0.073259
DS.d1871.s0.i1 -1.000000 -0.103808
DS.d1871.s0.i2 -1.000000 -0.033223
DS.d1871.s1.i0 1.000000 -0.282292
DS.d1700.s1.i0 1.000000 0.500513
DS.d1700.s0.i0 1.000000 0.665011
DS.d815.s0.i0 1.000000 0.691945
DS.d815.s0.i1 1.000000 0.870584
DS.d815.s0.i2 1.000000 0.753364
DS.d1874.s0.i1 1.000000 0.580019
DS.d1874.s0.i0 1.000000 0.501952
DS.d660.s0.i0 1.000000 0.607681
DS.d660.s0.i1 1.000000 0.573473
DS.d548.s0.i1 -1.000000 -0.546652
DS.d548.s0.i0 -1.000000 -0.705482
DS.d819.s0.i0 -1.000000 -0.139975
DS.d819.s0.i1 -1.000000 -0.359830
DS.d1343.s0.i0 1.000000 -0.090048
DS.d531.s0.i3 1.000000 0.846350
DS.d531.s0.i2 1.000000 0.803551
DS.d531.s0.i1 1.000000 0.950114
DS.d531.s0.i0 1.000000 0.905108
DS.d531.s0.i4 1.000000 0.949265
DS.d1576.s0.i0 -1.000000 0.511277
DS.d1576.s1.i0 1.000000 0.096407
DS.d1576.s2.i0 1.000000 0.046237
DS.d1265.s0.i9 1.000000 0.268636
DS.d1265.s0.i8 1.000000 0.388497
DS.d1265.s0.i1 1.000000 0.285464
DS.d1265.s0.i0 1.000000 0.226061
DS.d1265.s0.i3 1.000000 0.238409
DS.d1265.s0.i2 1.000000 0.285624
DS.d1265.s0.i5 1.000000 0.234647
DS.d1265.s0.i4 1.000000 0.240872
DS.d1265.s0.i7 1.000000 0.244590
DS.d1265.s0.i6 1.000000 0.232299
DS.d1265.s0.i15 1.000000 0.247243
DS.d1265.s0.i13 1.000000 0.223857
DS.d1265.s0.i14 1.000000 0.394877
DS.d1265.s0.i12 1.000000 0.242448
DS.d1265.s0.i10 1.000000 0.245010
DS.d1265.s0.i11 1.000000 0.287238
