DS1.d18.s0.i0 1.000000 0.470902
DS1.d19.s0.i1 1.000000 0.953878
DS1.d19.s0.i0 1.000000 0.920117
DS1.d798.s0.i0 1.000000 0.588438
DS1.d799.s0.i1 1.000000 0.876999
DS1.d799.s0.i0 1.000000 0.895645
DS1.d799.s0.i3 1.000000 0.895645
DS1.d799.s0.i2 1.000000 0.818962
DS1.d12.s0.i0 -1.000000 0.120121
DS1.d13.s4.i1 -1.000000 0.218038
DS1.d13.s4.i0 1.000000 0.389170
DS1.d13.s3.i0 -1.000000 -0.688833
DS1.d13.s3.i1 -1.000000 -0.558630
DS1.d13.s2.i1 1.000000 0.858372
DS1.d13.s2.i0 1.000000 0.871513
DS1.d13.s2.i2 1.000000 0.991496
DS1.d13.s1.i0 1.000000 0.663733
DS1.d13.s0.i1 1.000000 0.703123
DS1.d13.s0.i0 1.000000 0.786407
DS1.d10.s0.i0 -1.000000 -0.247085
DS1.d11.s0.i1 1.000000 0.784874
DS1.d11.s0.i0 1.000000 0.684049
DS1.d16.s0.i0 1.000000 1.215367
DS1.d793.s1.i0 1.000000 0.721835
DS1.d793.s1.i1 1.000000 0.552833
DS1.d793.s0.i1 1.000000 0.744686
DS1.d793.s0.i0 1.000000 0.842181
DS1.d14.s0.i0 -1.000000 -0.492225
DS1.d14.s0.i1 -1.000000 -0.411808
DS1.d14.s0.i2 -1.000000 -0.717409
DS1.d14.s0.i3 -1.000000 -0.937741
DS1.d14.s1.i1 -1.000000 -0.676690
DS1.d14.s1.i0 -1.000000 -0.633150
DS1.d791.s0.i0 1.000000 0.779644
DS1.d378.s0.i2 -1.000000 -0.559981
DS1.d378.s0.i3 -1.000000 -0.465255
DS1.d378.s0.i0 -1.000000 -0.460290
DS1.d378.s0.i1 1.000000 -0.202691
DS1.d378.s1.i0 -1.000000 -0.412375
DS1.d318.s0.i0 1.000000 0.858375
DS1.d318.s0.i1 1.000000 0.729942
DS1.d319.s0.i1 -1.000000 -0.242115
DS1.d319.s0.i0 -1.000000 -0.220484
DS1.d648.s0.i2 1.000000 0.784917
DS1.d648.s0.i0 1.000000 0.832940
DS1.d648.s0.i1 1.000000 0.600182
DS1.d649.s0.i7 1.000000 0.344317
DS1.d649.s0.i6 1.000000 0.224566
DS1.d649.s0.i5 -1.000000 -0.322035
DS1.d649.s0.i4 -1.000000 -0.258577
DS1.d649.s0.i3 1.000000 0.204616
DS1.d649.s0.i2 -1.000000 -0.218687
DS1.d649.s0.i1 1.000000 0.296936
DS1.d649.s0.i0 -1.000000 -0.177304
DS1.d270.s0.i0 1.000000 0.188871
DS1.d312.s0.i2 1.000000 0.958329
DS1.d312.s0.i3 1.000000 0.834675
DS1.d312.s0.i0 1.000000 0.903052
DS1.d312.s0.i1 1.000000 0.822758
DS1.d312.s0.i6 1.000000 0.815506
DS1.d312.s0.i7 1.000000 0.803764
DS1.d312.s0.i4 1.000000 0.773762
DS1.d312.s0.i5 1.000000 0.844335
DS1.d312.s0.i8 1.000000 0.957491
DS1.d312.s0.i9 1.000000 0.772083
DS1.d312.s0.i10 1.000000 0.974188
DS1.d313.s5.i0 1.000000 0.574968
DS1.d313.s4.i0 1.000000 0.344639
DS1.d313.s3.i0 1.000000 0.541343
DS1.d313.s2.i0 1.000000 1.176966
DS1.d313.s1.i0 1.000000 0.687171
DS1.d313.s1.i1 1.000000 0.471336
DS1.d313.s0.i0 1.000000 0.938676
DS1.d310.s0.i0 1.000000 0.147052
DS1.d310.s0.i1 -1.000000 -0.029705
DS1.d310.s0.i2 1.000000 0.198597
DS1.d310.s1.i3 -1.000000 -0.287474
DS1.d310.s1.i2 1.000000 0.160923
DS1.d310.s1.i1 -1.000000 -0.256614
DS1.d310.s1.i0 1.000000 0.109909
DS1.d311.s0.i0 1.000000 0.797809
DS1.d316.s0.i0 1.000000 0.901386
DS1.d316.s0.i1 1.000000 0.836895
DS1.d316.s1.i1 1.000000 0.604493
DS1.d316.s1.i0 1.000000 0.709147
DS1.d316.s2.i0 1.000000 0.836304
DS1.d316.s2.i1 1.000000 0.836304
DS1.d317.s0.i11 1.000000 0.819552
DS1.d317.s0.i10 1.000000 0.763038
DS1.d317.s0.i7 1.000000 1.034648
DS1.d317.s0.i6 1.000000 0.947497
DS1.d317.s0.i5 1.000000 0.918053
DS1.d317.s0.i4 1.000000 0.735408
DS1.d317.s0.i3 1.000000 0.843906
DS1.d317.s0.i2 1.000000 0.907233
DS1.d317.s0.i1 1.000000 0.875387
DS1.d317.s0.i0 1.000000 0.758827
DS1.d317.s0.i9 1.000000 0.842473
DS1.d317.s0.i8 1.000000 0.821334
DS1.d314.s0.i0 1.000000 0.354863
DS1.d314.s0.i1 -1.000000 -0.213373
DS1.d643.s0.i1 -1.000000 -0.461079
DS1.d643.s0.i0 -1.000000 -0.298450
DS1.d643.s0.i3 1.000000 0.092844
DS1.d643.s0.i2 -1.000000 -0.236247
DS1.d643.s0.i5 1.000000 -0.015217
DS1.d643.s0.i4 -1.000000 -0.516659
DS1.d723.s0.i0 1.000000 0.515240
DS1.d722.s0.i1 -1.000000 -0.747368
DS1.d722.s0.i0 -1.000000 -0.471799
DS1.d488.s0.i14 -1.000000 -0.704226
DS1.d488.s0.i12 -1.000000 -0.724297
DS1.d488.s0.i13 -1.000000 -0.731053
DS1.d488.s0.i10 -1.000000 -0.672979
DS1.d488.s0.i11 -1.000000 -0.722131
DS1.d488.s0.i8 -1.000000 -0.682741
DS1.d488.s0.i9 1.000000 -0.222125
DS1.d488.s0.i4 -1.000000 -0.652478
DS1.d488.s0.i5 1.000000 -0.157021
DS1.d488.s0.i6 -1.000000 -0.598898
DS1.d488.s0.i7 -1.000000 -0.572228
DS1.d488.s0.i0 -1.000000 -0.655673
DS1.d488.s0.i1 -1.000000 -0.258666
DS1.d488.s0.i2 1.000000 -0.184614
DS1.d488.s0.i3 -1.000000 -0.245771
DS1.d489.s0.i1 1.000000 0.559570
DS1.d489.s0.i0 1.000000 0.776959
DS1.d727.s0.i0 1.000000 0.583784
DS1.d725.s0.i0 1.000000 1.098073
DS1.d725.s1.i2 1.000000 0.798299
DS1.d725.s1.i1 1.000000 0.988658
DS1.d725.s1.i0 1.000000 0.988658
DS1.d724.s0.i1 1.000000 1.034529
DS1.d724.s0.i0 1.000000 0.870714
DS1.d724.s0.i2 1.000000 0.321839
DS1.d482.s0.i2 -1.000000 -0.559221
DS1.d482.s0.i0 -1.000000 -0.573852
DS1.d482.s0.i1 -1.000000 -0.596752
DS1.d483.s1.i0 1.000000 0.590874
DS1.d483.s0.i0 -1.000000 0.048196
DS1.d480.s0.i0 -1.000000 0.033925
DS1.d481.s0.i1 1.000000 0.624123
DS1.d481.s0.i0 1.000000 0.751648
DS1.d486.s0.i29 -1.000000 -0.964588
DS1.d486.s0.i28 -1.000000 -0.999946
DS1.d486.s0.i21 -1.000000 -0.951238
DS1.d486.s0.i20 -1.000000 -1.014212
DS1.d486.s0.i23 -1.000000 -0.956063
DS1.d486.s0.i22 -1.000000 -1.002854
DS1.d486.s0.i25 -1.000000 -0.884203
DS1.d486.s0.i24 -1.000000 -0.952049
DS1.d486.s0.i27 -1.000000 -0.832960
DS1.d486.s0.i26 -1.000000 -0.913257
DS1.d486.s0.i34 -1.000000 -1.023235
DS1.d486.s0.i35 -1.000000 -0.973703
DS1.d486.s0.i18 -1.000000 -0.965661
DS1.d486.s0.i19 -1.000000 -0.996654
DS1.d486.s0.i30 -1.000000 -1.023074
DS1.d486.s0.i31 -1.000000 -1.004856
DS1.d486.s0.i14 -1.000000 -0.902865
DS1.d486.s0.i15 -1.000000 -1.012067
DS1.d486.s0.i16 -1.000000 -0.976302
DS1.d486.s0.i17 -1.000000 -0.893160
DS1.d486.s0.i10 -1.000000 -1.028573
DS1.d486.s0.i11 -1.000000 -1.007911
DS1.d486.s0.i12 -1.000000 -0.946901
DS1.d486.s0.i13 -1.000000 -0.845548
DS1.d486.s0.i8 -1.000000 -1.005465
DS1.d486.s0.i9 -1.000000 -1.048322
DS1.d486.s0.i6 -1.000000 -1.011814
DS1.d486.s0.i7 -1.000000 -0.982335
DS1.d486.s0.i4 -1.000000 -0.959583
DS1.d486.s0.i5 -1.000000 -1.024413
DS1.d486.s0.i2 -1.000000 -0.939426
DS1.d486.s0.i3 -1.000000 -0.984537
DS1.d486.s0.i0 -1.000000 -0.922578
DS1.d486.s0.i1 -1.000000 -0.942071
DS1.d486.s0.i32 -1.000000 -1.004451
DS1.d486.s0.i33 -1.000000 -0.930145
DS1.d486.s1.i1 1.000000 0.271743
DS1.d486.s1.i0 1.000000 0.276860
DS1.d487.s0.i2 -1.000000 0.327203
DS1.d487.s0.i1 1.000000 0.310944
DS1.d487.s0.i0 1.000000 0.360038
DS1.d484.s0.i0 1.000000 0.866468
DS1.d484.s0.i1 1.000000 0.826779
DS1.d484.s1.i1 1.000000 0.261893
DS1.d484.s1.i0 -1.000000 -0.109750
DS1.d485.s0.i1 1.000000 0.645381
DS1.d485.s0.i0 1.000000 0.634074
DS1.d795.s0.i0 1.000000 0.712702
DS1.d792.s0.i0 1.000000 0.122178
DS1.d792.s0.i1 -1.000000 -0.083162
DS1.d581.s2.i0 1.000000 0.701815
DS1.d581.s2.i1 1.000000 0.850176
DS1.d581.s0.i0 -1.000000 -0.117635
DS1.d581.s0.i1 -1.000000 -0.229135
DS1.d581.s0.i2 1.000000 -0.047185
DS1.d581.s1.i2 -1.000000 -0.668849
DS1.d581.s1.i1 -1.000000 -0.205964
DS1.d581.s1.i0 -1.000000 -0.688502
DS1.d279.s0.i0 1.000000 1.006925
DS1.d279.s1.i1 -1.000000 -0.245733
DS1.d279.s1.i0 1.000000 0.384113
DS1.d279.s2.i0 1.000000 0.736652
DS1.d279.s2.i1 -1.000000 0.361278
DS1.d279.s3.i1 -1.000000 -0.159581
DS1.d279.s3.i0 1.000000 0.527234
DS1.d279.s4.i0 1.000000 0.849088
DS1.d279.s5.i0 1.000000 0.399510
DS1.d279.s6.i0 -1.000000 -0.783323
DS1.d279.s6.i1 -1.000000 -0.783323
DS1.d279.s6.i2 -1.000000 -0.866010
DS1.d279.s7.i2 -1.000000 -0.092037
DS1.d279.s7.i1 -1.000000 -0.193942
DS1.d279.s7.i0 1.000000 0.451667
DS1.d279.s8.i0 -1.000000 -0.503790
DS1.d279.s8.i1 -1.000000 -0.627395
DS1.d279.s9.i1 1.000000 0.347844
DS1.d279.s9.i0 1.000000 1.179500
DS1.d580.s0.i1 1.000000 0.600579
DS1.d580.s0.i0 1.000000 0.559933
DS1.d790.s0.i0 -1.000000 -0.463298
DS1.d790.s0.i1 -1.000000 -0.438522
DS1.d69.s0.i0 1.000000 0.623962
DS1.d69.s0.i1 1.000000 0.513516
DS1.d68.s0.i0 1.000000 0.757901
DS1.d65.s0.i0 -1.000000 -0.099810
DS1.d64.s0.i0 -1.000000 -0.442291
DS1.d62.s0.i0 -1.000000 0.182208
DS1.d61.s0.i0 1.000000 0.856922
DS1.d61.s0.i1 1.000000 0.962840
DS1.d61.s0.i2 1.000000 1.031523
DS1.d61.s0.i3 1.000000 0.930886
DS1.d61.s0.i4 1.000000 0.919368
DS1.d61.s0.i5 1.000000 0.844443
DS1.d61.s0.i6 1.000000 0.940759
DS1.d61.s0.i7 1.000000 0.822568
DS1.d61.s0.i8 1.000000 0.896562
DS1.d547.s0.i0 -1.000000 -0.674262
DS1.d547.s0.i1 -1.000000 -0.717625
DS1.d547.s1.i1 1.000000 0.715272
DS1.d547.s1.i0 1.000000 0.769334
DS1.d547.s1.i3 1.000000 1.130273
DS1.d547.s1.i2 1.000000 0.715272
DS1.d546.s0.i1 1.000000 0.736074
DS1.d546.s0.i0 1.000000 0.669191
DS1.d545.s0.i0 1.000000 0.775634
DS1.d545.s1.i0 1.000000 0.892468
DS1.d544.s0.i1 -1.000000 -0.742756
DS1.d544.s0.i0 -1.000000 -0.770110
DS1.d544.s0.i3 -1.000000 -0.626185
DS1.d544.s0.i2 -1.000000 -0.626742
DS1.d543.s0.i2 -1.000000 0.147652
DS1.d543.s0.i0 1.000000 0.263962
DS1.d543.s0.i1 1.000000 0.161274
DS1.d542.s1.i0 -1.000000 0.250829
DS1.d542.s0.i1 -1.000000 -0.023870
DS1.d542.s0.i0 1.000000 0.293856
DS1.d268.s0.i0 1.000000 0.625229
DS1.d268.s0.i1 1.000000 0.593310
DS1.d269.s1.i2 -1.000000 -0.299307
DS1.d269.s1.i0 1.000000 0.231760
DS1.d269.s1.i1 1.000000 0.169676
DS1.d269.s0.i0 1.000000 0.801753
DS1.d269.s2.i3 -1.000000 -0.806515
DS1.d269.s2.i2 1.000000 0.165392
DS1.d269.s2.i1 -1.000000 -0.765819
DS1.d269.s2.i0 -1.000000 -0.618641
DS1.d269.s2.i7 -1.000000 -0.705708
DS1.d269.s2.i6 -1.000000 -0.746112
DS1.d269.s2.i5 -1.000000 -0.502923
DS1.d269.s2.i4 1.000000 0.115878
DS1.d266.s0.i0 1.000000 0.270187
DS1.d267.s0.i0 1.000000 0.744671
DS1.d264.s0.i0 1.000000 0.336274
DS1.d264.s0.i1 1.000000 0.687224
DS1.d264.s1.i0 1.000000 0.425101
DS1.d265.s1.i2 1.000000 0.915126
DS1.d265.s1.i3 1.000000 0.920020
DS1.d265.s1.i0 1.000000 0.843388
DS1.d265.s1.i1 1.000000 0.952901
DS1.d265.s0.i1 -1.000000 -0.256092
DS1.d265.s0.i0 1.000000 0.908154
DS1.d262.s0.i0 -1.000000 0.395819
DS1.d263.s1.i0 1.000000 1.233279
DS1.d263.s0.i7 1.000000 0.140619
DS1.d263.s0.i6 -1.000000 -0.046872
DS1.d263.s0.i5 -1.000000 0.009451
DS1.d263.s0.i4 -1.000000 -0.104555
DS1.d263.s0.i3 1.000000 0.242540
DS1.d263.s0.i2 1.000000 0.144306
DS1.d263.s0.i1 -1.000000 -0.084698
DS1.d263.s0.i0 1.000000 0.140603
DS1.d263.s0.i10 1.000000 0.135148
DS1.d263.s0.i9 1.000000 0.180107
DS1.d263.s0.i8 -1.000000 -0.097757
DS1.d263.s0.i13 1.000000 0.130462
DS1.d263.s0.i11 -1.000000 -0.088083
DS1.d263.s0.i12 -1.000000 -0.091423
DS1.d260.s0.i0 1.000000 0.273874
DS1.d260.s0.i1 1.000000 0.389734
DS1.d260.s0.i2 -1.000000 0.212804
DS1.d260.s1.i1 1.000000 0.300800
DS1.d260.s1.i0 -1.000000 0.300800
DS1.d261.s0.i0 1.000000 0.934849
DS1.d404.s0.i0 1.000000 0.843862
DS1.d404.s0.i1 1.000000 0.895552
DS1.d404.s0.i2 1.000000 0.624877
DS1.d404.s0.i3 1.000000 0.589275
DS1.d55.s0.i0 1.000000 0.753788
DS1.d613.s0.i0 1.000000 0.942101
DS1.d612.s0.i1 -1.000000 0.076801
DS1.d612.s0.i0 1.000000 0.108988
DS1.d611.s0.i0 1.000000 0.953845
DS1.d610.s0.i0 1.000000 0.672021
DS1.d617.s0.i0 1.000000 0.856274
DS1.d617.s1.i9 -1.000000 -0.885687
DS1.d617.s1.i8 -1.000000 -0.877036
DS1.d617.s1.i1 -1.000000 -0.702155
DS1.d617.s1.i0 -1.000000 -0.760825
DS1.d617.s1.i3 -1.000000 -0.844967
DS1.d617.s1.i2 -1.000000 -0.768050
DS1.d617.s1.i5 -1.000000 -0.768237
DS1.d617.s1.i4 -1.000000 -0.838896
DS1.d617.s1.i7 -1.000000 -0.799843
DS1.d617.s1.i6 -1.000000 -0.866203
DS1.d616.s2.i1 1.000000 0.811366
DS1.d616.s2.i0 1.000000 0.779317
DS1.d616.s1.i0 1.000000 0.540956
DS1.d616.s1.i1 1.000000 0.499991
DS1.d616.s0.i9 -1.000000 0.217650
DS1.d616.s0.i8 1.000000 0.553537
DS1.d616.s0.i7 1.000000 0.440154
DS1.d616.s0.i6 1.000000 0.564786
DS1.d616.s0.i5 1.000000 0.452400
DS1.d616.s0.i4 1.000000 0.453640
DS1.d616.s0.i3 1.000000 0.446519
DS1.d616.s0.i2 1.000000 0.569127
DS1.d616.s0.i1 -1.000000 0.234888
DS1.d616.s0.i0 1.000000 0.446903
DS1.d616.s0.i19 1.000000 0.555020
DS1.d616.s0.i18 1.000000 0.339675
DS1.d616.s0.i17 1.000000 0.465746
DS1.d616.s0.i16 -1.000000 0.096614
DS1.d616.s0.i15 1.000000 0.552496
DS1.d616.s0.i14 -1.000000 0.221579
DS1.d616.s0.i13 1.000000 0.533618
DS1.d616.s0.i12 1.000000 0.539157
DS1.d616.s0.i11 1.000000 0.582291
DS1.d616.s0.i10 -1.000000 0.138035
DS1.d614.s0.i1 1.000000 0.755149
DS1.d614.s0.i0 1.000000 0.625888
DS1.d614.s0.i3 1.000000 0.644174
DS1.d614.s0.i2 1.000000 0.853827
DS1.d614.s0.i5 1.000000 0.536156
DS1.d614.s0.i4 -1.000000 0.630237
DS1.d169.s0.i0 1.000000 0.982747
DS1.d169.s0.i1 1.000000 0.946151
DS1.d169.s1.i5 1.000000 0.836340
DS1.d169.s1.i4 1.000000 0.846681
DS1.d169.s1.i1 1.000000 0.833882
DS1.d169.s1.i0 1.000000 0.883658
DS1.d169.s1.i3 1.000000 0.885856
DS1.d169.s1.i2 1.000000 0.874420
DS1.d161.s0.i2 1.000000 0.801534
DS1.d161.s0.i3 1.000000 0.723284
DS1.d161.s0.i0 1.000000 0.754243
DS1.d161.s0.i1 1.000000 0.786347
DS1.d161.s0.i4 1.000000 0.759631
DS1.d161.s0.i5 1.000000 0.753558
DS1.d160.s0.i3 -1.000000 -0.851804
DS1.d160.s0.i2 -1.000000 -0.768519
DS1.d160.s0.i1 -1.000000 -0.864688
DS1.d160.s0.i0 -1.000000 -0.804353
DS1.d160.s0.i5 -1.000000 -0.755634
DS1.d160.s0.i4 -1.000000 -0.894398
DS1.d163.s0.i0 1.000000 0.753831
DS1.d163.s0.i1 1.000000 0.907537
DS1.d163.s0.i2 1.000000 0.806887
DS1.d162.s1.i0 1.000000 0.027061
DS1.d162.s0.i0 1.000000 0.182981
DS1.d165.s4.i0 1.000000 0.562197
DS1.d165.s4.i1 1.000000 0.641913
DS1.d165.s5.i1 1.000000 0.062780
DS1.d165.s5.i0 -1.000000 -0.184874
DS1.d165.s5.i3 1.000000 0.147756
DS1.d165.s5.i2 -1.000000 -0.106797
DS1.d165.s6.i4 1.000000 0.952287
DS1.d165.s6.i5 1.000000 0.933658
DS1.d165.s6.i0 1.000000 0.912103
DS1.d165.s6.i1 1.000000 0.868727
DS1.d165.s6.i2 1.000000 0.887315
DS1.d165.s6.i3 1.000000 0.907669
DS1.d165.s0.i4 1.000000 0.064717
DS1.d165.s0.i5 1.000000 0.458469
DS1.d165.s0.i2 -1.000000 -0.540333
DS1.d165.s0.i3 -1.000000 -0.452473
DS1.d165.s0.i0 -1.000000 -0.323243
DS1.d165.s0.i1 -1.000000 -0.218210
DS1.d165.s1.i1 1.000000 0.812686
DS1.d165.s1.i0 1.000000 0.691094
DS1.d165.s1.i3 1.000000 0.896874
DS1.d165.s1.i2 1.000000 0.778112
DS1.d165.s1.i5 1.000000 0.891906
DS1.d165.s1.i4 1.000000 0.981003
DS1.d165.s2.i0 1.000000 0.788074
DS1.d165.s2.i1 1.000000 0.795639
DS1.d165.s2.i2 1.000000 0.800637
DS1.d165.s2.i3 1.000000 0.772764
DS1.d165.s3.i2 -1.000000 -0.624351
DS1.d165.s3.i1 -1.000000 -0.283481
DS1.d165.s3.i0 -1.000000 -0.496375
DS1.d164.s0.i2 -1.000000 -0.568900
DS1.d164.s0.i1 -1.000000 -0.518917
DS1.d164.s0.i0 -1.000000 -0.350821
DS1.d167.s0.i0 1.000000 0.893118
DS1.d166.s0.i0 1.000000 0.738628
DS1.d644.s0.i0 -1.000000 -0.374687
DS1.d645.s0.i0 1.000000 0.683701
DS1.d646.s0.i4 1.000000 0.718883
DS1.d646.s0.i5 1.000000 0.780092
DS1.d646.s0.i0 1.000000 0.775319
DS1.d646.s0.i1 1.000000 0.778324
DS1.d646.s0.i2 1.000000 0.761408
DS1.d646.s0.i3 1.000000 0.795166
DS1.d647.s0.i0 -1.000000 -0.034098
DS1.d640.s0.i0 -1.000000 0.237275
DS1.d641.s0.i1 1.000000 1.152068
DS1.d641.s0.i0 1.000000 0.799209
DS1.d299.s0.i0 -1.000000 -0.338440
DS1.d299.s0.i1 -1.000000 -0.350908
DS1.d298.s0.i0 1.000000 0.314428
DS1.d297.s0.i0 1.000000 0.870334
DS1.d296.s0.i0 1.000000 0.855011
DS1.d295.s0.i0 1.000000 0.720554
DS1.d295.s1.i0 -1.000000 -0.332940
DS1.d294.s0.i1 1.000000 0.953852
DS1.d294.s0.i0 1.000000 0.902120
DS1.d294.s0.i2 1.000000 1.033462
DS1.d293.s0.i0 1.000000 0.528446
DS1.d293.s0.i1 1.000000 0.976500
DS1.d291.s0.i0 -1.000000 -0.372288
DS1.d290.s0.i1 1.000000 0.735314
DS1.d290.s0.i0 1.000000 0.594800
DS1.d769.s0.i0 1.000000 0.526461
DS1.d768.s0.i1 1.000000 0.724614
DS1.d768.s0.i0 1.000000 0.634958
DS1.d766.s0.i3 -1.000000 -0.231592
DS1.d766.s0.i2 -1.000000 -0.648571
DS1.d766.s0.i1 -1.000000 -0.464502
DS1.d766.s0.i0 -1.000000 -0.946598
DS1.d764.s0.i5 -1.000000 -0.661448
DS1.d764.s0.i4 -1.000000 -0.578231
DS1.d764.s0.i1 -1.000000 -0.778527
DS1.d764.s0.i0 -1.000000 -0.888752
DS1.d764.s0.i3 -1.000000 -0.654194
DS1.d764.s0.i2 -1.000000 -0.743890
DS1.d763.s0.i0 -1.000000 0.101658
DS1.d763.s0.i1 1.000000 0.670285
DS1.d763.s1.i1 1.000000 0.568113
DS1.d763.s1.i0 1.000000 0.674554
DS1.d763.s2.i0 1.000000 0.789715
DS1.d762.s3.i2 1.000000 0.227085
DS1.d762.s3.i3 -1.000000 -0.047181
DS1.d762.s3.i0 1.000000 0.113437
DS1.d762.s3.i1 1.000000 0.298652
DS1.d762.s3.i6 -1.000000 -0.259387
DS1.d762.s3.i7 -1.000000 -0.066472
DS1.d762.s3.i4 1.000000 0.194788
DS1.d762.s3.i5 -1.000000 -0.244669
DS1.d762.s2.i1 1.000000 0.536368
DS1.d762.s2.i0 1.000000 0.620706
DS1.d762.s1.i0 1.000000 0.558206
DS1.d762.s0.i1 1.000000 0.544646
DS1.d762.s0.i0 1.000000 0.713855
DS1.d762.s4.i3 1.000000 0.866541
DS1.d762.s4.i2 1.000000 0.755400
DS1.d762.s4.i1 1.000000 0.848957
DS1.d762.s4.i0 1.000000 0.747834
DS1.d761.s0.i0 -1.000000 -0.703870
DS1.d761.s0.i1 -1.000000 -0.647958
DS1.d761.s0.i2 -1.000000 -0.734308
DS1.d760.s1.i0 1.000000 0.703678
DS1.d760.s0.i0 -1.000000 -0.140331
DS1.d446.s0.i2 1.000000 0.854954
DS1.d446.s0.i3 1.000000 0.983904
DS1.d446.s0.i0 1.000000 0.831085
DS1.d446.s0.i1 1.000000 1.014327
DS1.d446.s1.i0 1.000000 0.771403
DS1.d195.s0.i0 -1.000000 0.371942
DS1.d444.s0.i0 -1.000000 -0.440344
DS1.d444.s0.i1 1.000000 0.676061
DS1.d444.s0.i2 -1.000000 -0.469930
DS1.d445.s0.i0 1.000000 0.622638
DS1.d190.s0.i0 1.000000 0.907354
DS1.d191.s0.i0 -1.000000 -0.004211
DS1.d192.s0.i0 1.000000 0.185984
DS1.d441.s1.i0 1.000000 0.018101
DS1.d441.s0.i0 1.000000 0.797742
DS1.d441.s2.i0 1.000000 0.741770
DS1.d198.s0.i0 1.000000 0.637423
DS1.d198.s0.i1 1.000000 0.737179
DS1.d198.s1.i1 -1.000000 -0.631887
DS1.d198.s1.i0 -1.000000 -0.641058
DS1.d198.s1.i3 -1.000000 -0.646416
DS1.d198.s1.i2 -1.000000 -0.609497
DS1.d448.s2.i0 1.000000 0.668618
DS1.d448.s2.i1 1.000000 0.572859
DS1.d448.s3.i1 1.000000 0.633179
DS1.d448.s3.i0 1.000000 1.161306
DS1.d448.s0.i0 1.000000 0.851699
DS1.d448.s0.i1 1.000000 0.874226
DS1.d448.s1.i3 1.000000 1.074185
DS1.d448.s1.i2 1.000000 1.083456
DS1.d448.s1.i1 1.000000 1.051931
DS1.d448.s1.i0 1.000000 1.054085
DS1.d449.s0.i0 1.000000 0.730196
DS1.d23.s0.i13 -1.000000 -0.882601
DS1.d23.s0.i10 -1.000000 -0.964781
DS1.d23.s0.i11 -1.000000 -0.899054
DS1.d23.s0.i8 -1.000000 -0.976985
DS1.d23.s0.i9 -1.000000 -0.873648
DS1.d23.s0.i12 -1.000000 -0.937820
DS1.d23.s0.i2 -1.000000 -0.860853
DS1.d23.s0.i3 -1.000000 -0.840028
DS1.d23.s0.i0 -1.000000 -0.882589
DS1.d23.s0.i1 -1.000000 -0.932956
DS1.d23.s0.i6 -1.000000 -0.792829
DS1.d23.s0.i7 -1.000000 -0.835890
DS1.d23.s0.i4 -1.000000 -0.871692
DS1.d23.s0.i5 -1.000000 -0.917155
DS1.d22.s1.i0 1.000000 0.639689
DS1.d22.s0.i2 1.000000 0.767804
DS1.d22.s0.i1 1.000000 0.807883
DS1.d22.s0.i0 1.000000 0.740208
DS1.d21.s0.i0 1.000000 0.247466
DS1.d20.s0.i1 -1.000000 -0.847361
DS1.d20.s0.i0 -1.000000 -0.345422
DS1.d27.s0.i2 1.000000 0.706698
DS1.d27.s0.i0 1.000000 0.717835
DS1.d27.s0.i1 1.000000 0.757106
DS1.d27.s1.i1 1.000000 0.776723
DS1.d27.s1.i0 1.000000 0.762710
DS1.d27.s2.i0 1.000000 0.381496
DS1.d26.s0.i5 -1.000000 -0.739873
DS1.d26.s0.i4 -1.000000 -0.838342
DS1.d26.s0.i3 -1.000000 -0.739177
DS1.d26.s0.i2 -1.000000 -0.710837
DS1.d26.s0.i1 -1.000000 -0.825536
DS1.d26.s0.i0 -1.000000 -0.731136
DS1.d25.s0.i0 1.000000 0.819074
DS1.d25.s1.i0 -1.000000 0.068066
DS1.d24.s1.i0 1.000000 0.742613
DS1.d24.s0.i0 -1.000000 -0.271073
DS1.d29.s0.i10 -1.000000 -0.911036
DS1.d29.s0.i11 -1.000000 -0.927080
DS1.d29.s0.i8 -1.000000 -0.960516
DS1.d29.s0.i9 -1.000000 -1.004067
DS1.d29.s0.i4 -1.000000 -0.877346
DS1.d29.s0.i5 -1.000000 -0.829713
DS1.d29.s0.i6 -1.000000 -0.937586
DS1.d29.s0.i7 -1.000000 -1.039139
DS1.d29.s0.i0 -1.000000 -0.992426
DS1.d29.s0.i1 -1.000000 -0.888777
DS1.d29.s0.i2 -1.000000 -1.087202
DS1.d29.s0.i3 -1.000000 -0.954295
DS1.d28.s1.i0 1.000000 1.115437
DS1.d28.s1.i1 1.000000 1.182123
DS1.d28.s0.i1 1.000000 1.051208
DS1.d28.s0.i0 1.000000 1.055124
DS1.d28.s0.i2 1.000000 1.187936
DS1.d671.s0.i2 1.000000 1.022012
DS1.d671.s0.i0 1.000000 0.903908
DS1.d671.s0.i1 1.000000 1.063776
DS1.d729.s0.i0 -1.000000 0.306669
DS1.d583.s0.i0 1.000000 0.673214
DS1.d582.s0.i1 1.000000 0.702595
DS1.d582.s0.i0 1.000000 0.686922
DS1.d228.s0.i0 1.000000 0.812057
DS1.d228.s1.i1 1.000000 0.717461
DS1.d228.s1.i0 1.000000 0.700373
DS1.d229.s0.i0 1.000000 0.729288
DS1.d586.s0.i0 1.000000 1.011867
DS1.d585.s0.i0 -1.000000 -0.633859
DS1.d585.s0.i1 -1.000000 -0.611355
DS1.d585.s0.i2 -1.000000 -0.705900
DS1.d584.s0.i0 -1.000000 -0.173120
DS1.d222.s0.i0 1.000000 0.399860
DS1.d223.s1.i0 1.000000 0.292500
DS1.d223.s1.i1 -1.000000 0.238328
DS1.d223.s0.i1 -1.000000 -0.375194
DS1.d223.s0.i0 1.000000 0.326354
DS1.d220.s0.i0 -1.000000 0.033471
DS1.d220.s0.i1 -1.000000 -0.402531
DS1.d220.s1.i1 1.000000 -0.120905
DS1.d220.s1.i0 -1.000000 -0.477934
DS1.d588.s0.i0 1.000000 0.973312
DS1.d226.s0.i0 1.000000 0.775240
DS1.d227.s0.i1 1.000000 0.676968
DS1.d227.s0.i0 1.000000 0.676968
DS1.d225.s1.i0 1.000000 0.826764
DS1.d225.s0.i0 1.000000 0.772812
DS1.d341.s0.i0 1.000000 0.954040
DS1.d341.s0.i1 1.000000 0.874297
DS1.d341.s1.i1 1.000000 0.603284
DS1.d341.s1.i0 1.000000 0.681852
DS1.d341.s2.i0 1.000000 0.821746
DS1.d341.s2.i1 1.000000 0.535242
DS1.d340.s0.i0 -1.000000 -0.420677
DS1.d343.s0.i0 1.000000 0.899262
DS1.d343.s0.i1 1.000000 0.899262
DS1.d342.s0.i1 -1.000000 -0.450864
DS1.d342.s0.i0 -1.000000 -0.450864
DS1.d345.s0.i0 1.000000 0.637871
DS1.d345.s1.i1 1.000000 0.840887
DS1.d345.s1.i0 1.000000 0.851090
DS1.d345.s2.i0 1.000000 0.781175
DS1.d345.s2.i1 1.000000 0.829639
DS1.d345.s2.i2 1.000000 0.949076
DS1.d345.s2.i3 1.000000 1.035857
DS1.d345.s3.i2 1.000000 1.059745
DS1.d345.s3.i1 1.000000 0.946331
DS1.d345.s3.i0 1.000000 0.807988
DS1.d344.s0.i0 -1.000000 -0.406438
DS1.d347.s0.i0 1.000000 0.807753
DS1.d347.s1.i3 -1.000000 -0.827217
DS1.d347.s1.i2 -1.000000 -0.754366
DS1.d347.s1.i1 -1.000000 -0.856475
DS1.d347.s1.i0 -1.000000 -0.757102
DS1.d347.s1.i5 -1.000000 -0.761584
DS1.d347.s1.i4 -1.000000 -0.857194
DS1.d346.s1.i0 -1.000000 -0.363185
DS1.d346.s1.i1 -1.000000 -0.202043
DS1.d346.s0.i0 1.000000 0.460141
DS1.d348.s0.i0 -1.000000 -0.109751
DS1.d619.s0.i0 1.000000 0.768157
DS1.d618.s1.i0 1.000000 0.769176
DS1.d618.s0.i1 1.000000 0.855023
DS1.d618.s0.i0 1.000000 0.758592
DS1.d679.s0.i0 -1.000000 -0.251209
DS1.d678.s0.i3 -1.000000 -0.899286
DS1.d678.s0.i2 -1.000000 -0.654626
DS1.d678.s0.i1 -1.000000 -0.815471
DS1.d678.s0.i0 -1.000000 -0.663570
DS1.d797.s1.i0 1.000000 0.844745
DS1.d797.s1.i1 1.000000 0.777142
DS1.d797.s1.i2 1.000000 0.840026
DS1.d797.s0.i0 1.000000 0.664827
DS1.d794.s0.i0 1.000000 0.726345
DS1.d794.s0.i1 1.000000 0.683118
DS1.d538.s0.i0 1.000000 0.924470
DS1.d538.s1.i0 1.000000 0.616608
DS1.d539.s0.i1 -1.000000 -0.366432
DS1.d539.s0.i0 1.000000 0.384284
DS1.d536.s0.i2 1.000000 0.815112
DS1.d536.s0.i3 1.000000 0.850676
DS1.d536.s0.i0 1.000000 0.881482
DS1.d536.s0.i1 1.000000 0.770939
DS1.d536.s1.i1 1.000000 0.335978
DS1.d536.s1.i0 -1.000000 -0.185263
DS1.d537.s0.i2 -1.000000 -0.601885
DS1.d537.s0.i1 -1.000000 -0.642851
DS1.d537.s0.i0 -1.000000 -0.804253
DS1.d534.s2.i0 1.000000 1.017649
DS1.d534.s0.i4 1.000000 0.861958
DS1.d534.s0.i5 1.000000 0.900945
DS1.d534.s0.i0 1.000000 0.919092
DS1.d534.s0.i1 1.000000 0.940808
DS1.d534.s0.i2 1.000000 0.954111
DS1.d534.s0.i3 1.000000 0.885624
DS1.d534.s1.i0 1.000000 0.780219
DS1.d535.s0.i1 -1.000000 -0.484700
DS1.d535.s0.i0 -1.000000 -0.628904
DS1.d532.s0.i0 -1.000000 -0.462538
DS1.d533.s0.i1 1.000000 0.538118
DS1.d533.s0.i0 1.000000 0.711590
DS1.d530.s0.i0 -1.000000 -0.356541
DS1.d531.s0.i1 1.000000 0.862724
DS1.d531.s0.i0 1.000000 0.774590
DS1.d531.s0.i3 1.000000 0.851072
DS1.d531.s0.i2 1.000000 0.697441
DS1.d531.s0.i4 1.000000 0.847261
DS1.d125.s0.i0 1.000000 0.950275
DS1.d125.s0.i1 1.000000 1.061755
DS1.d124.s0.i3 1.000000 0.853567
DS1.d124.s0.i2 1.000000 0.797506
DS1.d124.s0.i1 1.000000 0.910490
DS1.d124.s0.i0 1.000000 0.861200
DS1.d124.s0.i5 1.000000 0.841167
DS1.d124.s0.i4 1.000000 0.819989
DS1.d127.s0.i0 -1.000000 -0.201376
DS1.d126.s0.i0 1.000000 0.975639
DS1.d120.s0.i5 -1.000000 -0.839067
DS1.d120.s0.i4 -1.000000 -0.825733
DS1.d120.s0.i3 -1.000000 -0.890691
DS1.d120.s0.i2 -1.000000 -0.769276
DS1.d120.s0.i1 -1.000000 -0.562948
DS1.d120.s0.i0 -1.000000 -0.625076
DS1.d123.s0.i0 -1.000000 -0.531806
DS1.d122.s0.i0 1.000000 0.432550
DS1.d428.s0.i2 1.000000 0.809432
DS1.d428.s0.i3 1.000000 0.618181
DS1.d428.s0.i0 1.000000 0.618425
DS1.d428.s0.i1 1.000000 0.757698
DS1.d428.s1.i1 -1.000000 0.116710
DS1.d428.s1.i0 1.000000 0.266070
DS1.d428.s1.i3 -1.000000 -0.026964
DS1.d428.s1.i2 1.000000 0.453442
DS1.d428.s2.i0 -1.000000 0.172719
DS1.d428.s2.i1 1.000000 0.335364
DS1.d129.s0.i0 1.000000 0.675589
DS1.d128.s0.i0 1.000000 0.453097
DS1.d429.s0.i1 -1.000000 -0.520729
DS1.d429.s0.i0 -1.000000 -0.294898
DS1.d420.s0.i0 1.000000 0.590690
DS1.d420.s1.i0 1.000000 0.541900
DS1.d54.s0.i0 -1.000000 -0.257089
DS1.d421.s1.i0 1.000000 0.683669
DS1.d421.s0.i0 -1.000000 -0.044416
DS1.d392.s0.i0 1.000000 0.572067
DS1.d390.s0.i4 -1.000000 -0.745636
DS1.d390.s0.i5 -1.000000 -0.592637
DS1.d390.s0.i0 -1.000000 -0.740220
DS1.d390.s0.i1 -1.000000 -0.737585
DS1.d390.s0.i2 -1.000000 -0.681751
DS1.d390.s0.i3 -1.000000 -0.687677
DS1.d391.s0.i1 1.000000 0.839647
DS1.d391.s0.i0 1.000000 0.748618
DS1.d397.s0.i2 1.000000 -0.307709
DS1.d397.s0.i1 -1.000000 -0.312921
DS1.d397.s0.i0 -1.000000 -0.183079
DS1.d394.s0.i0 1.000000 0.638290
DS1.d394.s0.i1 1.000000 0.868235
DS1.d395.s1.i0 1.000000 0.338272
DS1.d395.s0.i1 1.000000 0.771481
DS1.d395.s0.i0 1.000000 1.062650
DS1.d398.s0.i0 1.000000 1.036875
DS1.d399.s0.i0 1.000000 0.828243
DS1.d150.s0.i0 1.000000 0.835688
DS1.d150.s0.i1 1.000000 0.835688
DS1.d151.s0.i0 -1.000000 0.567633
DS1.d152.s0.i0 1.000000 0.580970
DS1.d152.s0.i1 1.000000 0.437210
DS1.d152.s1.i0 1.000000 0.659472
DS1.d153.s0.i1 -1.000000 -0.444997
DS1.d153.s0.i0 -1.000000 -0.521071
DS1.d154.s0.i0 1.000000 0.700177
DS1.d154.s0.i1 1.000000 0.605612
DS1.d155.s0.i2 1.000000 0.766483
DS1.d155.s0.i1 1.000000 0.787496
DS1.d155.s0.i0 1.000000 0.725766
DS1.d156.s0.i0 -1.000000 -0.366078
DS1.d156.s0.i1 -1.000000 -0.296845
DS1.d157.s0.i0 1.000000 0.823793
DS1.d158.s0.i0 1.000000 0.724648
DS1.d158.s0.i1 1.000000 0.668092
DS1.d159.s0.i3 -1.000000 -0.977332
DS1.d159.s0.i2 -1.000000 -0.848538
DS1.d159.s0.i1 -1.000000 -0.850192
DS1.d159.s0.i0 -1.000000 -0.862857
DS1.d159.s0.i5 -1.000000 -1.010149
DS1.d159.s0.i4 -1.000000 -0.831991
DS1.d408.s0.i0 1.000000 0.941797
DS1.d408.s0.i1 1.000000 0.911941
DS1.d409.s0.i0 1.000000 0.644195
DS1.d210.s0.i1 1.000000 0.678380
DS1.d210.s0.i0 1.000000 0.692953
DS1.d781.s0.i0 1.000000 0.759754
DS1.d781.s1.i1 1.000000 0.895807
DS1.d781.s1.i0 1.000000 0.806221
DS1.d143.s0.i2 1.000000 0.712795
DS1.d143.s0.i3 1.000000 0.754910
DS1.d143.s0.i0 1.000000 0.712042
DS1.d143.s0.i1 1.000000 0.709285
DS1.d783.s0.i0 -1.000000 -0.378443
DS1.d782.s0.i0 1.000000 0.884848
DS1.d784.s1.i0 1.000000 0.580140
DS1.d784.s0.i0 1.000000 0.594550
DS1.d142.s0.i1 1.000000 0.591739
DS1.d142.s0.i0 1.000000 0.806536
DS1.d789.s0.i0 1.000000 0.812782
DS1.d789.s0.i1 1.000000 0.812782
DS1.d788.s0.i39 -1.000000 -0.885487
DS1.d788.s0.i38 -1.000000 -0.944701
DS1.d788.s0.i35 -1.000000 -0.919142
DS1.d788.s0.i34 -1.000000 -1.009252
DS1.d788.s0.i37 -1.000000 -1.002336
DS1.d788.s0.i36 -1.000000 -0.913932
DS1.d788.s0.i31 -1.000000 -0.992470
DS1.d788.s0.i30 -1.000000 -1.037195
DS1.d788.s0.i33 -1.000000 -0.968537
DS1.d788.s0.i32 -1.000000 -0.878812
DS1.d788.s0.i13 -1.000000 -0.903189
DS1.d788.s0.i12 -1.000000 -1.023809
DS1.d788.s0.i11 -1.000000 -0.982685
DS1.d788.s0.i10 -1.000000 -0.941613
DS1.d788.s0.i17 -1.000000 -0.989597
DS1.d788.s0.i16 -1.000000 -1.039130
DS1.d788.s0.i15 -1.000000 -0.994579
DS1.d788.s0.i14 -1.000000 -0.980667
DS1.d788.s0.i19 -1.000000 -0.909372
DS1.d788.s0.i18 -1.000000 -1.019004
DS1.d788.s0.i9 -1.000000 -1.024935
DS1.d788.s0.i8 -1.000000 -0.983005
DS1.d788.s0.i3 -1.000000 -1.043097
DS1.d788.s0.i2 -1.000000 -1.006992
DS1.d788.s0.i1 -1.000000 -0.999284
DS1.d788.s0.i0 -1.000000 -0.971062
DS1.d788.s0.i7 -1.000000 -0.990567
DS1.d788.s0.i6 -1.000000 -1.039996
DS1.d788.s0.i5 -1.000000 -0.901718
DS1.d788.s0.i4 -1.000000 -0.964982
DS1.d788.s0.i28 -1.000000 -0.993257
DS1.d788.s0.i29 -1.000000 -1.013522
DS1.d788.s0.i22 -1.000000 -0.921003
DS1.d788.s0.i23 -1.000000 -0.967725
DS1.d788.s0.i20 -1.000000 -0.984154
DS1.d788.s0.i21 -1.000000 -0.960295
DS1.d788.s0.i26 -1.000000 -0.947975
DS1.d788.s0.i27 -1.000000 -0.869863
DS1.d788.s0.i24 -1.000000 -0.925140
DS1.d788.s0.i25 -1.000000 -1.010718
DS1.d141.s2.i0 1.000000 0.383524
DS1.d141.s0.i0 -1.000000 -0.003588
DS1.d141.s1.i1 1.000000 0.888429
DS1.d141.s1.i0 1.000000 0.651717
DS1.d140.s0.i1 1.000000 0.554400
DS1.d140.s0.i0 1.000000 0.667966
DS1.d140.s0.i2 1.000000 0.652088
DS1.d58.s2.i0 1.000000 0.864131
DS1.d58.s3.i0 1.000000 0.650801
DS1.d58.s0.i0 -1.000000 -0.159639
DS1.d58.s1.i1 1.000000 0.565422
DS1.d58.s1.i0 1.000000 0.302323
DS1.d147.s0.i2 -1.000000 -0.730177
DS1.d147.s0.i3 -1.000000 -0.287842
DS1.d147.s0.i0 -1.000000 -0.666182
DS1.d147.s0.i1 -1.000000 -0.407610
DS1.d59.s0.i28 -1.000000 -1.024122
DS1.d59.s0.i29 -1.000000 -0.985732
DS1.d59.s0.i24 -1.000000 -1.015325
DS1.d59.s0.i25 -1.000000 -0.909002
DS1.d59.s0.i26 -1.000000 -0.984070
DS1.d59.s0.i27 -1.000000 -0.926177
DS1.d59.s0.i20 -1.000000 -1.004589
DS1.d59.s0.i21 -1.000000 -1.001722
DS1.d59.s0.i22 -1.000000 -1.050615
DS1.d59.s0.i23 -1.000000 -1.085796
DS1.d59.s0.i44 -1.000000 -0.963915
DS1.d59.s0.i42 -1.000000 -0.923757
DS1.d59.s0.i43 -1.000000 -0.963293
DS1.d59.s0.i40 -1.000000 -0.918087
DS1.d59.s0.i41 -1.000000 -0.997409
DS1.d59.s0.i39 -1.000000 -1.037464
DS1.d59.s0.i38 -1.000000 -1.030006
DS1.d59.s0.i33 -1.000000 -1.021237
DS1.d59.s0.i32 -1.000000 -1.046328
DS1.d59.s0.i31 -1.000000 -0.938910
DS1.d59.s0.i30 -1.000000 -1.003555
DS1.d59.s0.i37 -1.000000 -1.049936
DS1.d59.s0.i36 -1.000000 -1.010675
DS1.d59.s0.i35 -1.000000 -1.001033
DS1.d59.s0.i34 -1.000000 -0.938861
DS1.d59.s0.i11 -1.000000 -0.915168
DS1.d59.s0.i10 -1.000000 -0.977728
DS1.d59.s0.i13 -1.000000 -0.947051
DS1.d59.s0.i12 -1.000000 -0.892988
DS1.d59.s0.i15 -1.000000 -0.862715
DS1.d59.s0.i14 -1.000000 -1.040373
DS1.d59.s0.i17 -1.000000 -0.888573
DS1.d59.s0.i16 -1.000000 -0.945057
DS1.d59.s0.i19 -1.000000 -0.849305
DS1.d59.s0.i18 -1.000000 -1.021556
DS1.d59.s0.i9 -1.000000 -0.923751
DS1.d59.s0.i8 -1.000000 -1.032381
DS1.d59.s0.i1 -1.000000 -0.978755
DS1.d59.s0.i0 -1.000000 -0.995319
DS1.d59.s0.i3 -1.000000 -0.936008
DS1.d59.s0.i2 -1.000000 -0.915453
DS1.d59.s0.i5 -1.000000 -0.887070
DS1.d59.s0.i4 -1.000000 -1.013786
DS1.d59.s0.i7 -1.000000 -1.069258
DS1.d59.s0.i6 -1.000000 -1.032872
DS1.d146.s0.i1 1.000000 0.659378
DS1.d146.s0.i0 1.000000 0.654552
DS1.d309.s0.i0 1.000000 0.749009
DS1.d309.s1.i1 -1.000000 -0.624724
DS1.d309.s1.i0 -1.000000 -0.576835
DS1.d309.s1.i2 -1.000000 -0.564128
DS1.d309.s2.i0 1.000000 0.694689
DS1.d309.s2.i1 1.000000 0.647522
DS1.d308.s3.i0 1.000000 1.177965
DS1.d308.s3.i1 1.000000 1.240071
DS1.d308.s2.i0 1.000000 0.649526
DS1.d308.s1.i0 1.000000 0.784239
DS1.d308.s1.i1 1.000000 0.821461
DS1.d308.s1.i2 1.000000 0.748869
DS1.d308.s0.i1 1.000000 0.930005
DS1.d308.s0.i0 1.000000 0.797556
DS1.d308.s5.i0 1.000000 0.997742
DS1.d308.s5.i1 1.000000 0.997742
DS1.d308.s4.i1 1.000000 1.018658
DS1.d308.s4.i0 1.000000 1.018658
DS1.d658.s0.i0 1.000000 0.790872
DS1.d305.s0.i2 1.000000 0.803077
DS1.d305.s0.i3 1.000000 0.729541
DS1.d305.s0.i0 1.000000 0.864407
DS1.d305.s0.i1 1.000000 0.675134
DS1.d304.s0.i0 -1.000000 -0.153960
DS1.d307.s0.i0 1.000000 0.797247
DS1.d307.s1.i0 1.000000 0.743900
DS1.d306.s1.i2 1.000000 0.930421
DS1.d306.s1.i3 1.000000 0.939354
DS1.d306.s1.i0 1.000000 0.890532
DS1.d306.s1.i1 1.000000 0.870587
DS1.d306.s1.i4 1.000000 0.874332
DS1.d306.s1.i5 1.000000 0.898129
DS1.d306.s0.i1 -1.000000 -0.175475
DS1.d306.s0.i0 1.000000 0.476572
DS1.d306.s3.i0 1.000000 0.286373
DS1.d306.s2.i0 -1.000000 -0.175263
DS1.d306.s4.i1 1.000000 -0.002146
DS1.d306.s4.i0 1.000000 -0.058336
DS1.d301.s0.i0 1.000000 0.754811
DS1.d301.s0.i1 1.000000 0.684715
DS1.d652.s2.i1 -1.000000 -0.725729
DS1.d652.s2.i0 -1.000000 -0.585953
DS1.d652.s1.i4 -1.000000 -0.200216
DS1.d652.s1.i5 -1.000000 -0.234779
DS1.d652.s1.i6 1.000000 0.415283
DS1.d652.s1.i7 1.000000 0.296986
DS1.d652.s1.i0 1.000000 0.304345
DS1.d652.s1.i1 -1.000000 -0.207412
DS1.d652.s1.i2 -1.000000 -0.234892
DS1.d652.s1.i3 1.000000 0.266948
DS1.d652.s0.i1 -1.000000 0.074273
DS1.d652.s0.i0 1.000000 0.358919
DS1.d303.s0.i0 1.000000 0.451944
DS1.d303.s0.i1 -1.000000 -0.102429
DS1.d302.s0.i0 1.000000 0.459396
DS1.d716.s0.i2 1.000000 0.892504
DS1.d716.s0.i3 1.000000 0.923888
DS1.d716.s0.i0 1.000000 0.920698
DS1.d716.s0.i1 -1.000000 -0.298580
DS1.d717.s0.i0 1.000000 0.896971
DS1.d714.s2.i0 -1.000000 -0.575634
DS1.d714.s0.i0 -1.000000 -0.622829
DS1.d714.s0.i1 -1.000000 -0.588635
DS1.d714.s1.i0 -1.000000 -0.312140
DS1.d715.s0.i0 1.000000 0.694700
DS1.d499.s0.i0 1.000000 0.703822
DS1.d499.s0.i1 1.000000 0.603706
DS1.d498.s0.i1 1.000000 0.858086
DS1.d498.s0.i0 1.000000 0.858086
DS1.d710.s0.i0 -1.000000 -0.319036
DS1.d711.s0.i0 -1.000000 -0.342858
DS1.d495.s0.i0 1.000000 0.730982
DS1.d497.s0.i0 1.000000 0.817112
DS1.d497.s1.i1 1.000000 0.607288
DS1.d497.s1.i0 1.000000 0.520841
DS1.d496.s1.i0 1.000000 0.965038
DS1.d496.s0.i1 -1.000000 -0.611203
DS1.d496.s0.i0 -1.000000 -0.624199
DS1.d491.s0.i0 1.000000 0.502020
DS1.d491.s0.i1 1.000000 0.834122
DS1.d491.s1.i0 -1.000000 -0.212605
DS1.d490.s0.i1 1.000000 0.776041
DS1.d490.s0.i0 1.000000 0.776041
DS1.d493.s0.i0 1.000000 0.794509
DS1.d493.s0.i1 1.000000 0.842719
DS1.d493.s0.i2 1.000000 0.878891
DS1.d493.s1.i0 1.000000 0.983046
DS1.d492.s1.i2 1.000000 0.868757
DS1.d492.s1.i0 1.000000 0.739526
DS1.d492.s1.i1 1.000000 0.911693
DS1.d492.s0.i1 -1.000000 0.072815
DS1.d492.s0.i0 1.000000 0.419122
DS1.d492.s3.i0 -1.000000 -0.493914
DS1.d492.s2.i0 1.000000 0.734415
DS1.d358.s0.i0 1.000000 0.699501
DS1.d358.s1.i0 1.000000 0.716644
DS1.d79.s0.i0 -1.000000 0.567234
DS1.d74.s0.i0 1.000000 0.735247
DS1.d76.s0.i0 1.000000 0.671028
DS1.d76.s0.i1 1.000000 0.746064
DS1.d76.s0.i2 1.000000 0.661368
DS1.d76.s0.i3 1.000000 0.683416
DS1.d76.s1.i3 1.000000 0.612978
DS1.d76.s1.i2 1.000000 0.915398
DS1.d76.s1.i1 1.000000 0.566239
DS1.d76.s1.i0 1.000000 0.970508
DS1.d77.s0.i1 -1.000000 0.573819
DS1.d77.s0.i0 1.000000 0.506096
DS1.d70.s0.i0 1.000000 0.616349
DS1.d70.s0.i1 1.000000 0.746198
DS1.d70.s1.i1 1.000000 0.722503
DS1.d70.s1.i0 1.000000 0.906964
DS1.d70.s1.i3 1.000000 0.884969
DS1.d70.s1.i2 1.000000 0.707802
DS1.d71.s0.i0 1.000000 0.617910
DS1.d72.s0.i0 -1.000000 -0.658894
DS1.d72.s0.i1 -1.000000 -0.610165
DS1.d73.s0.i1 -1.000000 -0.908313
DS1.d73.s0.i0 -1.000000 -0.824544
DS1.d578.s0.i0 1.000000 0.988490
DS1.d578.s0.i1 1.000000 0.909438
DS1.d578.s0.i2 1.000000 0.854338
DS1.d579.s0.i1 -1.000000 -0.550055
DS1.d579.s0.i0 -1.000000 -0.569541
DS1.d579.s0.i3 -1.000000 -0.607377
DS1.d579.s0.i2 -1.000000 -0.631284
DS1.d573.s0.i3 1.000000 0.835427
DS1.d573.s0.i2 1.000000 0.971286
DS1.d573.s0.i1 1.000000 0.818916
DS1.d573.s0.i0 1.000000 0.992173
DS1.d570.s2.i0 1.000000 0.990387
DS1.d570.s3.i0 1.000000 0.840747
DS1.d570.s0.i0 1.000000 0.988030
DS1.d570.s1.i0 1.000000 0.748338
DS1.d571.s0.i0 -1.000000 -0.654647
DS1.d576.s0.i2 1.000000 0.561564
DS1.d576.s0.i0 1.000000 0.639724
DS1.d576.s0.i1 -1.000000 -0.046871
DS1.d576.s1.i1 1.000000 0.223338
DS1.d576.s1.i0 -1.000000 0.385826
DS1.d576.s2.i0 1.000000 0.563924
DS1.d576.s2.i1 1.000000 0.696132
DS1.d577.s0.i2 -1.000000 -0.619581
DS1.d577.s0.i1 -1.000000 -0.624409
DS1.d577.s0.i0 -1.000000 -0.550452
DS1.d574.s0.i0 -1.000000 -0.774411
DS1.d574.s0.i1 -1.000000 -0.826109
DS1.d574.s0.i2 -1.000000 -0.728518
DS1.d574.s0.i3 -1.000000 -0.673175
DS1.d575.s1.i0 1.000000 0.670352
DS1.d575.s1.i1 1.000000 0.700719
DS1.d575.s0.i0 1.000000 0.745355
DS1.d575.s2.i0 -1.000000 -0.170951
DS1.d271.s0.i0 1.000000 0.466245
DS1.d271.s1.i0 1.000000 0.271934
DS1.d271.s2.i0 -1.000000 -0.253439
DS1.d379.s0.i1 -1.000000 -0.715307
DS1.d379.s0.i0 -1.000000 -0.659203
DS1.d273.s0.i0 1.000000 1.067049
DS1.d273.s1.i1 1.000000 0.653224
DS1.d273.s1.i0 1.000000 0.389446
DS1.d272.s1.i2 1.000000 0.535033
DS1.d272.s1.i0 1.000000 0.506674
DS1.d272.s1.i1 1.000000 0.667740
DS1.d272.s0.i1 1.000000 0.858257
DS1.d272.s0.i0 1.000000 0.717262
DS1.d272.s0.i2 1.000000 0.745692
DS1.d272.s3.i0 1.000000 0.616584
DS1.d272.s2.i0 1.000000 0.897004
DS1.d272.s4.i0 -1.000000 -0.296444
DS1.d275.s0.i0 1.000000 0.127976
DS1.d275.s0.i1 -1.000000 -0.090993
DS1.d274.s0.i0 1.000000 0.682851
DS1.d277.s0.i0 1.000000 0.720619
DS1.d276.s0.i1 -1.000000 -0.412329
DS1.d276.s0.i0 -1.000000 -0.608475
DS1.d276.s0.i2 -1.000000 -0.497109
DS1.d370.s0.i0 1.000000 0.674652
DS1.d278.s0.i3 1.000000 0.895704
DS1.d278.s0.i2 1.000000 0.823894
DS1.d278.s0.i1 1.000000 0.823894
DS1.d278.s0.i0 1.000000 0.895704
DS1.d372.s0.i0 1.000000 0.694109
DS1.d372.s0.i1 1.000000 0.784009
DS1.d372.s1.i3 -1.000000 -0.062586
DS1.d372.s1.i2 1.000000 0.312411
DS1.d372.s1.i1 -1.000000 -0.032349
DS1.d372.s1.i0 1.000000 0.327042
DS1.d373.s0.i0 -1.000000 0.370052
DS1.d374.s0.i0 1.000000 0.662784
DS1.d374.s1.i1 1.000000 1.101919
DS1.d374.s1.i0 1.000000 1.086116
DS1.d375.s3.i2 1.000000 0.707895
DS1.d375.s3.i3 1.000000 1.263074
DS1.d375.s3.i0 1.000000 1.263074
DS1.d375.s3.i1 1.000000 0.707895
DS1.d375.s2.i0 1.000000 1.107008
DS1.d375.s1.i0 1.000000 0.923328
DS1.d375.s0.i2 1.000000 1.091926
DS1.d375.s0.i1 1.000000 0.913965
DS1.d375.s0.i0 1.000000 1.033201
DS1.d375.s5.i0 1.000000 0.846019
DS1.d375.s5.i1 1.000000 0.959407
DS1.d375.s5.i2 1.000000 0.894809
DS1.d375.s5.i3 1.000000 0.765163
DS1.d375.s4.i1 1.000000 0.946222
DS1.d375.s4.i0 1.000000 1.034025
DS1.d376.s0.i0 -1.000000 0.223977
DS1.d376.s0.i1 1.000000 0.683303
DS1.d376.s1.i2 -1.000000 -0.688587
DS1.d376.s1.i1 -1.000000 -0.384671
DS1.d376.s1.i0 -1.000000 -0.638792
DS1.d377.s1.i0 1.000000 0.606285
DS1.d377.s1.i1 1.000000 0.643757
DS1.d377.s0.i1 1.000000 0.864707
DS1.d377.s0.i0 1.000000 0.725495
DS1.d377.s0.i2 1.000000 0.716555
DS1.d258.s0.i0 1.000000 0.574859
DS1.d541.s0.i0 -1.000000 -0.034494
DS1.d541.s1.i0 -1.000000 -0.566917
DS1.d540.s1.i0 -1.000000 -0.386542
DS1.d540.s0.i0 1.000000 1.083223
DS1.d528.s0.i1 1.000000 0.750177
DS1.d528.s0.i0 1.000000 0.780435
DS1.d549.s2.i0 1.000000 0.921641
DS1.d549.s2.i1 1.000000 1.018491
DS1.d549.s3.i1 1.000000 0.007921
DS1.d549.s3.i0 -1.000000 -0.446524
DS1.d549.s3.i2 -1.000000 -0.254940
DS1.d549.s0.i0 -1.000000 -0.699129
DS1.d549.s0.i1 -1.000000 -0.703542
DS1.d549.s0.i2 -1.000000 -0.691372
DS1.d549.s1.i1 -1.000000 -0.341531
DS1.d549.s1.i0 1.000000 -0.148628
DS1.d548.s0.i1 -1.000000 -0.579025
DS1.d548.s0.i0 -1.000000 -0.668385
DS1.d326.s0.i1 -1.000000 0.097437
DS1.d326.s0.i0 1.000000 0.254697
DS1.d119.s0.i2 -1.000000 -0.679460
DS1.d119.s0.i1 -1.000000 -0.714628
DS1.d119.s0.i0 -1.000000 -0.669951
DS1.d114.s0.i0 1.000000 0.584862
DS1.d115.s0.i1 1.000000 0.351421
DS1.d115.s0.i0 -1.000000 -0.395879
DS1.d116.s0.i0 1.000000 0.897934
DS1.d116.s0.i1 1.000000 0.870438
DS1.d116.s0.i2 1.000000 0.990093
DS1.d117.s1.i0 1.000000 0.170180
DS1.d117.s1.i1 -1.000000 -0.195002
DS1.d117.s0.i0 1.000000 0.337239
DS1.d117.s3.i0 1.000000 0.723235
DS1.d117.s3.i1 1.000000 0.874511
DS1.d117.s3.i2 1.000000 0.851296
DS1.d117.s3.i3 1.000000 0.916781
DS1.d117.s2.i3 -1.000000 0.076811
DS1.d117.s2.i2 -1.000000 0.096825
DS1.d117.s2.i1 1.000000 -0.126752
DS1.d117.s2.i0 1.000000 0.034018
DS1.d110.s0.i0 1.000000 0.887328
DS1.d111.s0.i5 1.000000 0.567186
DS1.d111.s0.i4 -1.000000 0.156147
DS1.d111.s0.i3 1.000000 0.345620
DS1.d111.s0.i2 1.000000 0.612023
DS1.d111.s0.i1 -1.000000 -0.297768
DS1.d111.s0.i0 1.000000 0.397551
DS1.d112.s0.i0 -1.000000 -0.019598
DS1.d113.s0.i1 -1.000000 -0.452317
DS1.d113.s0.i0 -1.000000 -0.452317
DS1.d216.s3.i0 1.000000 0.766780
DS1.d216.s3.i1 1.000000 0.776443
DS1.d216.s2.i0 1.000000 0.225942
DS1.d216.s1.i0 1.000000 0.396978
DS1.d216.s0.i1 1.000000 0.520221
DS1.d216.s0.i0 -1.000000 0.716761
DS1.d215.s0.i0 -1.000000 -0.824175
DS1.d215.s0.i1 -1.000000 -0.797026
DS1.d215.s0.i2 -1.000000 -0.662005
DS1.d215.s0.i3 -1.000000 -0.645802
DS1.d215.s1.i0 -1.000000 -0.711033
DS1.d214.s0.i1 1.000000 0.841782
DS1.d214.s0.i0 1.000000 0.795472
DS1.d212.s0.i0 -1.000000 0.161356
DS1.d606.s0.i0 -1.000000 -0.481107
DS1.d607.s0.i1 1.000000 0.295522
DS1.d607.s0.i0 1.000000 0.348711
DS1.d607.s0.i2 -1.000000 0.270679
DS1.d356.s0.i0 1.000000 0.494597
DS1.d357.s0.i1 1.000000 1.153223
DS1.d357.s0.i0 1.000000 0.739492
DS1.d459.s0.i2 -1.000000 -0.756609
DS1.d459.s0.i3 -1.000000 -0.749726
DS1.d459.s0.i0 -1.000000 -0.686723
DS1.d459.s0.i1 -1.000000 -0.794014
DS1.d458.s4.i0 1.000000 0.545309
DS1.d458.s3.i0 1.000000 0.777708
DS1.d458.s2.i0 -1.000000 -0.526584
DS1.d458.s1.i0 1.000000 0.533382
DS1.d458.s0.i0 1.000000 0.793096
DS1.d750.s0.i0 1.000000 0.986958
DS1.d751.s0.i0 1.000000 0.735133
DS1.d756.s0.i0 1.000000 0.739477
DS1.d756.s0.i1 1.000000 0.727412
DS1.d757.s1.i0 1.000000 0.599456
DS1.d757.s0.i0 1.000000 0.564961
DS1.d754.s0.i0 1.000000 0.815757
DS1.d754.s0.i1 1.000000 0.831987
DS1.d754.s0.i2 1.000000 0.969624
DS1.d755.s0.i1 1.000000 0.570629
DS1.d755.s0.i0 1.000000 0.637815
DS1.d451.s0.i0 1.000000 0.145882
DS1.d451.s1.i0 -1.000000 -0.486320
DS1.d450.s1.i0 1.000000 0.419784
DS1.d450.s1.i1 -1.000000 -0.294529
DS1.d450.s0.i0 1.000000 0.683454
DS1.d453.s0.i0 1.000000 0.590314
DS1.d452.s1.i0 1.000000 0.673114
DS1.d452.s0.i5 1.000000 0.345997
DS1.d452.s0.i4 -1.000000 -0.325408
DS1.d452.s0.i1 -1.000000 -0.128156
DS1.d452.s0.i0 1.000000 0.373614
DS1.d452.s0.i3 1.000000 0.534371
DS1.d452.s0.i2 -1.000000 -0.360311
DS1.d455.s0.i0 1.000000 0.330372
DS1.d455.s0.i1 1.000000 0.335248
DS1.d454.s0.i3 -1.000000 -0.404783
DS1.d454.s0.i2 -1.000000 -0.451797
DS1.d454.s0.i1 1.000000 0.140530
DS1.d454.s0.i0 -1.000000 -0.378209
DS1.d457.s0.i0 1.000000 1.094941
DS1.d457.s1.i3 1.000000 0.958064
DS1.d457.s1.i2 1.000000 0.855524
DS1.d457.s1.i1 1.000000 0.755070
DS1.d457.s1.i0 1.000000 0.815507
DS1.d456.s0.i1 1.000000 0.832727
DS1.d456.s0.i0 1.000000 0.939362
DS1.d456.s0.i3 1.000000 0.787564
DS1.d456.s0.i2 1.000000 0.964433
DS1.d456.s0.i5 1.000000 0.870689
DS1.d456.s0.i4 1.000000 0.880516
DS1.d8.s0.i0 1.000000 0.769945
DS1.d186.s0.i2 1.000000 0.701411
DS1.d186.s0.i1 1.000000 0.645135
DS1.d186.s0.i0 1.000000 0.693278
DS1.d185.s0.i0 1.000000 0.596651
DS1.d185.s0.i1 1.000000 0.667919
DS1.d185.s1.i0 1.000000 0.698609
DS1.d184.s1.i0 1.000000 0.291291
DS1.d184.s0.i5 1.000000 0.809547
DS1.d184.s0.i4 1.000000 0.857691
DS1.d184.s0.i1 1.000000 0.869665
DS1.d184.s0.i0 1.000000 0.899719
DS1.d184.s0.i3 1.000000 0.861235
DS1.d184.s0.i2 1.000000 0.800169
DS1.d184.s2.i1 1.000000 0.764073
DS1.d184.s2.i0 1.000000 0.706686
DS1.d183.s0.i2 -1.000000 -0.422590
DS1.d183.s0.i0 -1.000000 -0.527729
DS1.d183.s0.i1 -1.000000 -0.473012
DS1.d182.s1.i0 -1.000000 -0.257639
DS1.d182.s0.i0 -1.000000 -0.536695
DS1.d181.s0.i0 1.000000 0.655587
DS1.d180.s1.i0 1.000000 0.918339
DS1.d180.s0.i1 1.000000 0.614648
DS1.d180.s0.i0 1.000000 0.630454
DS1.d180.s2.i1 1.000000 0.759205
DS1.d180.s2.i0 1.000000 0.978620
DS1.d0.s0.i0 1.000000 0.963487
DS1.d0.s1.i1 1.000000 0.219806
DS1.d0.s1.i0 -1.000000 -0.183131
DS1.d1.s0.i0 1.000000 0.832814
DS1.d2.s0.i0 1.000000 0.225593
DS1.d3.s1.i0 1.000000 0.623482
DS1.d3.s1.i1 1.000000 0.768018
DS1.d3.s0.i1 1.000000 1.087305
DS1.d3.s0.i0 1.000000 0.739913
DS1.d3.s0.i2 1.000000 1.087305
DS1.d4.s0.i0 1.000000 0.603110
DS1.d4.s0.i1 1.000000 0.629589
DS1.d5.s0.i2 1.000000 0.792732
DS1.d5.s0.i1 1.000000 0.756033
DS1.d5.s0.i0 1.000000 0.789827
DS1.d189.s0.i0 -1.000000 -0.114255
DS1.d188.s0.i1 -1.000000 -0.579167
DS1.d188.s0.i0 -1.000000 -0.535475
DS1.d30.s0.i2 -1.000000 -0.681861
DS1.d30.s0.i0 -1.000000 -0.512042
DS1.d30.s0.i1 -1.000000 -0.681861
DS1.d31.s0.i0 1.000000 1.202532
DS1.d32.s0.i0 1.000000 0.820499
DS1.d34.s0.i0 1.000000 0.572146
DS1.d34.s0.i1 1.000000 0.680917
DS1.d35.s0.i0 1.000000 0.972863
DS1.d36.s2.i0 1.000000 0.626800
DS1.d36.s2.i1 1.000000 1.036065
DS1.d36.s0.i0 1.000000 1.222772
DS1.d36.s1.i0 1.000000 0.740362
DS1.d37.s1.i0 -1.000000 -0.471584
DS1.d37.s0.i0 1.000000 0.360285
DS1.d37.s2.i2 -1.000000 -0.743582
DS1.d37.s2.i1 1.000000 0.092551
DS1.d37.s2.i0 -1.000000 -0.581311
DS1.d38.s0.i0 1.000000 0.717723
DS1.d38.s1.i1 1.000000 1.078271
DS1.d38.s1.i0 1.000000 1.133835
DS1.d38.s2.i0 1.000000 1.182858
DS1.d38.s3.i0 -1.000000 -0.403366
DS1.d39.s0.i0 -1.000000 -0.131091
DS1.d796.s0.i2 -1.000000 -0.873236
DS1.d796.s0.i3 -1.000000 -0.873236
DS1.d796.s0.i0 -1.000000 -0.873236
DS1.d796.s0.i1 -1.000000 -0.823336
DS1.d796.s0.i4 -1.000000 -0.823336
DS1.d796.s0.i5 -1.000000 -0.873236
DS1.d796.s1.i1 1.000000 0.523589
DS1.d796.s1.i0 1.000000 0.734913
DS1.d796.s1.i2 1.000000 0.570268
DS1.d637.s0.i0 1.000000 0.699698
DS1.d327.s0.i0 1.000000 1.194262
DS1.d239.s0.i0 1.000000 0.792808
DS1.d239.s0.i1 1.000000 1.076760
DS1.d239.s1.i0 1.000000 0.845540
DS1.d239.s2.i0 1.000000 0.809125
DS1.d239.s2.i1 1.000000 0.851813
DS1.d239.s2.i2 1.000000 0.828820
DS1.d238.s0.i0 -1.000000 -0.137992
DS1.d731.s2.i0 1.000000 0.700464
DS1.d731.s1.i0 -1.000000 -0.159971
DS1.d731.s1.i1 -1.000000 -0.159971
DS1.d731.s1.i2 1.000000 0.173873
DS1.d731.s0.i0 -1.000000 -0.199786
DS1.d235.s0.i0 1.000000 1.004414
DS1.d235.s1.i1 1.000000 0.664415
DS1.d235.s1.i0 1.000000 0.777712
DS1.d237.s0.i4 1.000000 0.865009
DS1.d237.s0.i5 1.000000 0.840376
DS1.d237.s0.i6 1.000000 0.948864
DS1.d237.s0.i7 1.000000 0.928166
DS1.d237.s0.i0 1.000000 0.895245
DS1.d237.s0.i1 1.000000 0.964848
DS1.d237.s0.i2 1.000000 0.883752
DS1.d237.s0.i3 1.000000 1.005186
DS1.d237.s0.i8 1.000000 0.914134
DS1.d237.s0.i9 1.000000 0.853911
DS1.d237.s0.i12 1.000000 0.873935
DS1.d237.s0.i13 1.000000 0.842287
DS1.d237.s0.i10 1.000000 0.851639
DS1.d237.s0.i11 1.000000 0.820227
DS1.d231.s0.i0 -1.000000 -0.333818
DS1.d230.s0.i3 1.000000 0.883268
DS1.d230.s0.i2 1.000000 0.877517
DS1.d230.s0.i1 1.000000 0.913908
DS1.d230.s0.i0 1.000000 0.891554
DS1.d233.s0.i0 1.000000 1.045656
DS1.d232.s1.i2 1.000000 0.823853
DS1.d232.s1.i3 1.000000 0.863697
DS1.d232.s1.i0 1.000000 0.810200
DS1.d232.s1.i1 1.000000 0.863934
DS1.d232.s0.i1 1.000000 0.802422
DS1.d232.s0.i0 1.000000 0.826015
DS1.d232.s0.i3 1.000000 0.855063
DS1.d232.s0.i2 1.000000 0.835860
DS1.d232.s0.i5 1.000000 0.879282
DS1.d232.s0.i4 1.000000 0.925065
DS1.d232.s2.i0 -1.000000 -0.427604
DS1.d334.s0.i0 1.000000 0.896134
DS1.d334.s1.i0 -1.000000 -0.247500
DS1.d335.s0.i0 1.000000 0.785451
DS1.d336.s0.i0 1.000000 0.768373
DS1.d625.s1.i0 1.000000 0.626571
DS1.d625.s1.i1 1.000000 0.617629
DS1.d625.s0.i1 -1.000000 -0.578676
DS1.d625.s0.i0 -1.000000 -0.618970
DS1.d625.s0.i3 -1.000000 -0.666354
DS1.d625.s0.i2 -1.000000 -0.629626
DS1.d330.s0.i0 1.000000 0.910727
DS1.d330.s0.i1 1.000000 0.910727
DS1.d623.s3.i0 1.000000 0.332922
DS1.d623.s3.i1 1.000000 1.002431
DS1.d623.s2.i1 1.000000 0.979344
DS1.d623.s2.i0 1.000000 0.961651
DS1.d623.s2.i3 1.000000 0.969813
DS1.d623.s2.i2 1.000000 0.909023
DS1.d623.s1.i0 1.000000 1.069224
DS1.d623.s1.i1 1.000000 0.882225
DS1.d623.s0.i1 1.000000 0.953660
DS1.d623.s0.i0 1.000000 0.815579
DS1.d623.s4.i3 -1.000000 -0.062550
DS1.d623.s4.i2 -1.000000 -0.139666
DS1.d623.s4.i1 1.000000 0.413432
DS1.d623.s4.i0 1.000000 0.136196
DS1.d332.s0.i0 1.000000 0.723330
DS1.d333.s0.i0 1.000000 0.550312
DS1.d323.s0.i0 1.000000 0.672563
DS1.d338.s0.i0 1.000000 0.794887
DS1.d338.s0.i1 1.000000 0.871205
DS1.d339.s0.i1 -1.000000 -0.417080
DS1.d339.s0.i0 -1.000000 -0.462287
DS1.d628.s0.i0 -1.000000 -0.644099
DS1.d628.s0.i1 -1.000000 -0.727875
DS1.d629.s1.i0 1.000000 0.653680
DS1.d629.s1.i1 1.000000 0.683950
DS1.d629.s0.i1 1.000000 0.334687
DS1.d629.s0.i0 1.000000 0.232140
DS1.d662.s0.i2 -1.000000 0.458495
DS1.d662.s0.i3 1.000000 0.750910
DS1.d662.s0.i0 1.000000 0.680882
DS1.d662.s0.i1 1.000000 0.345851
DS1.d321.s0.i0 1.000000 0.751456
DS1.d321.s0.i1 1.000000 0.772172
DS1.d321.s0.i2 1.000000 0.864057
DS1.d321.s0.i3 1.000000 0.855022
DS1.d321.s0.i4 1.000000 0.889891
DS1.d808.s2.i0 1.000000 1.096293
DS1.d808.s2.i1 1.000000 0.815611
DS1.d808.s0.i0 -1.000000 -0.007509
DS1.d808.s1.i1 1.000000 0.245884
DS1.d808.s1.i0 -1.000000 -0.186502
DS1.d708.s0.i0 -1.000000 -0.413662
DS1.d806.s0.i2 -1.000000 -0.171801
DS1.d806.s0.i0 -1.000000 -0.307768
DS1.d806.s0.i1 -1.000000 -0.126934
DS1.d807.s1.i0 1.000000 0.653503
DS1.d807.s0.i1 1.000000 0.871497
DS1.d807.s0.i0 1.000000 0.920789
DS1.d804.s0.i0 -1.000000 -0.323307
DS1.d320.s0.i1 1.000000 1.071504
DS1.d320.s0.i0 -1.000000 0.595787
DS1.d802.s0.i0 1.000000 0.489439
DS1.d803.s2.i1 1.000000 0.425162
DS1.d803.s2.i0 1.000000 0.474424
DS1.d803.s1.i0 1.000000 0.484210
DS1.d803.s1.i1 1.000000 0.454681
DS1.d803.s0.i3 1.000000 0.649976
DS1.d803.s0.i2 1.000000 0.772368
DS1.d803.s0.i1 1.000000 0.724768
DS1.d803.s0.i0 1.000000 0.677513
DS1.d800.s0.i0 1.000000 0.194446
DS1.d801.s0.i0 1.000000 0.973796
DS1.d85.s0.i0 1.000000 0.529365
DS1.d84.s0.i1 -1.000000 -0.615557
DS1.d84.s0.i0 -1.000000 -0.565588
DS1.d87.s0.i0 1.000000 0.844975
DS1.d86.s1.i2 -1.000000 -0.189526
DS1.d86.s1.i0 1.000000 0.054211
DS1.d86.s1.i1 -1.000000 -0.209505
DS1.d86.s0.i1 1.000000 0.702348
DS1.d86.s0.i0 1.000000 0.770924
DS1.d81.s0.i0 1.000000 0.539975
DS1.d81.s0.i1 1.000000 0.682045
DS1.d80.s0.i0 -1.000000 -0.120158
DS1.d83.s0.i0 1.000000 0.437967
DS1.d82.s0.i0 1.000000 0.685073
DS1.d89.s0.i0 1.000000 0.948885
DS1.d88.s0.i1 -1.000000 -0.701125
DS1.d88.s0.i0 -1.000000 -0.659326
DS1.d442.s0.i0 -1.000000 0.522374
DS1.d248.s0.i0 1.000000 0.703144
DS1.d248.s0.i1 1.000000 0.819019
DS1.d520.s1.i0 1.000000 0.932841
DS1.d520.s1.i1 1.000000 0.567967
DS1.d520.s1.i2 1.000000 0.493485
DS1.d520.s0.i1 -1.000000 -0.410795
DS1.d520.s0.i0 1.000000 0.115531
DS1.d523.s0.i0 -1.000000 -0.055843
DS1.d523.s1.i1 1.000000 0.925174
DS1.d523.s1.i0 1.000000 0.834259
DS1.d522.s0.i1 -1.000000 -0.606496
DS1.d522.s0.i0 -1.000000 -0.497976
DS1.d525.s0.i0 1.000000 0.660498
DS1.d525.s0.i1 1.000000 0.623020
DS1.d524.s0.i0 -1.000000 -0.150945
DS1.d527.s0.i0 1.000000 0.908829
DS1.d527.s0.i1 1.000000 1.029908
DS1.d527.s0.i2 1.000000 0.743196
DS1.d527.s0.i3 1.000000 0.766000
DS1.d527.s1.i1 1.000000 0.304266
DS1.d527.s1.i0 1.000000 0.370048
DS1.d526.s1.i0 1.000000 0.524376
DS1.d526.s1.i1 1.000000 0.524376
DS1.d526.s0.i1 1.000000 0.732802
DS1.d526.s0.i0 1.000000 1.014597
DS1.d526.s0.i3 1.000000 0.551679
DS1.d526.s0.i2 1.000000 0.901563
DS1.d526.s2.i1 -1.000000 -0.463815
DS1.d526.s2.i0 -1.000000 -0.332198
DS1.d240.s0.i0 1.000000 0.778515
DS1.d241.s1.i0 1.000000 0.899866
DS1.d241.s0.i0 1.000000 0.697253
DS1.d242.s0.i0 1.000000 0.921726
DS1.d242.s0.i1 1.000000 0.920251
DS1.d242.s0.i2 1.000000 0.915480
DS1.d242.s0.i3 1.000000 0.920931
DS1.d243.s0.i1 1.000000 0.969629
DS1.d243.s0.i0 1.000000 0.969629
DS1.d243.s0.i2 1.000000 0.969629
DS1.d244.s0.i0 1.000000 0.860651
DS1.d244.s0.i1 1.000000 0.701376
DS1.d244.s1.i0 1.000000 0.956798
DS1.d245.s0.i2 1.000000 0.795928
DS1.d245.s0.i1 1.000000 0.808122
DS1.d245.s0.i0 1.000000 0.970614
DS1.d247.s0.i19 -1.000000 -0.596998
DS1.d247.s0.i18 1.000000 0.348941
DS1.d247.s0.i15 1.000000 0.152896
DS1.d247.s0.i14 -1.000000 -0.677476
DS1.d247.s0.i17 -1.000000 -0.647799
DS1.d247.s0.i16 -1.000000 -0.581846
DS1.d247.s0.i11 -1.000000 -0.539482
DS1.d247.s0.i10 -1.000000 -0.697956
DS1.d247.s0.i13 1.000000 0.148311
DS1.d247.s0.i12 -1.000000 -0.671174
DS1.d247.s0.i20 1.000000 0.198925
DS1.d247.s0.i21 -1.000000 -0.602868
DS1.d247.s0.i22 1.000000 0.437814
DS1.d247.s0.i23 -1.000000 -0.535822
DS1.d247.s0.i9 -1.000000 -0.654172
DS1.d247.s0.i8 -1.000000 -0.686491
DS1.d247.s0.i1 1.000000 0.198486
DS1.d247.s0.i0 -1.000000 -0.538333
DS1.d247.s0.i3 -1.000000 -0.517737
DS1.d247.s0.i2 1.000000 0.163159
DS1.d247.s0.i5 -1.000000 -0.518728
DS1.d247.s0.i4 1.000000 0.112381
DS1.d247.s0.i7 -1.000000 -0.518489
DS1.d247.s0.i6 -1.000000 -0.704967
DS1.d669.s0.i0 -1.000000 0.236412
DS1.d443.s2.i1 1.000000 0.576537
DS1.d443.s2.i0 1.000000 0.768403
DS1.d443.s2.i2 1.000000 0.859118
DS1.d443.s1.i0 -1.000000 0.110691
DS1.d443.s1.i1 -1.000000 0.044273
DS1.d443.s1.i2 1.000000 0.290506
DS1.d443.s0.i1 1.000000 0.685432
DS1.d443.s0.i0 1.000000 0.525158
DS1.d351.s0.i1 -1.000000 -0.688412
DS1.d351.s0.i0 -1.000000 -0.826831
DS1.d351.s0.i3 -1.000000 -0.867002
DS1.d351.s0.i2 -1.000000 -0.933607
DS1.d752.s0.i0 1.000000 0.497968
DS1.d753.s2.i1 -1.000000 0.011799
DS1.d753.s2.i0 -1.000000 -0.039499
DS1.d753.s1.i0 1.000000 0.582272
DS1.d753.s1.i1 1.000000 0.608419
DS1.d753.s0.i0 1.000000 0.236672
DS1.d385.s0.i0 1.000000 0.496661
DS1.d385.s0.i1 1.000000 0.590710
DS1.d385.s1.i0 1.000000 0.884059
DS1.d385.s2.i0 -1.000000 -0.533798
DS1.d384.s0.i2 1.000000 0.313937
DS1.d384.s0.i1 -1.000000 0.269473
DS1.d384.s0.i0 1.000000 0.313937
DS1.d386.s1.i0 1.000000 0.634605
DS1.d386.s1.i1 1.000000 0.732975
DS1.d386.s0.i0 1.000000 0.810830
DS1.d386.s2.i1 1.000000 0.676404
DS1.d386.s2.i0 1.000000 1.016892
DS1.d381.s0.i4 -1.000000 -0.498761
DS1.d381.s0.i5 -1.000000 -0.419320
DS1.d381.s0.i2 1.000000 0.648865
DS1.d381.s0.i3 1.000000 0.594236
DS1.d381.s0.i0 -1.000000 -0.448968
DS1.d381.s0.i1 1.000000 0.546729
DS1.d381.s1.i0 1.000000 0.199129
DS1.d380.s2.i5 1.000000 1.038348
DS1.d380.s2.i4 1.000000 1.016505
DS1.d380.s2.i1 1.000000 0.987550
DS1.d380.s2.i0 1.000000 1.016505
DS1.d380.s2.i3 1.000000 1.038348
DS1.d380.s2.i2 1.000000 0.987550
DS1.d380.s1.i8 -1.000000 -0.767022
DS1.d380.s1.i4 -1.000000 -0.850109
DS1.d380.s1.i5 -1.000000 -0.824183
DS1.d380.s1.i6 -1.000000 -0.882932
DS1.d380.s1.i7 -1.000000 -0.767022
DS1.d380.s1.i0 -1.000000 -0.790472
DS1.d380.s1.i1 -1.000000 -0.790472
DS1.d380.s1.i2 -1.000000 -0.795356
DS1.d380.s1.i3 -1.000000 -0.795356
DS1.d380.s0.i9 1.000000 0.917291
DS1.d380.s0.i8 1.000000 0.898130
DS1.d380.s0.i7 1.000000 0.913239
DS1.d380.s0.i6 1.000000 0.913239
DS1.d380.s0.i5 1.000000 0.917291
DS1.d380.s0.i4 1.000000 0.917650
DS1.d380.s0.i3 1.000000 0.933194
DS1.d380.s0.i2 1.000000 0.917650
DS1.d380.s0.i1 1.000000 0.933194
DS1.d380.s0.i0 1.000000 0.898130
DS1.d383.s0.i0 1.000000 0.799193
DS1.d383.s0.i1 1.000000 1.003576
DS1.d383.s0.i2 1.000000 1.003576
DS1.d383.s0.i3 1.000000 0.799193
DS1.d382.s0.i0 1.000000 0.673576
DS1.d389.s0.i0 1.000000 0.690437
DS1.d388.s0.i1 -1.000000 -0.554147
DS1.d388.s0.i0 -1.000000 -0.634055
DS1.d415.s0.i2 -1.000000 -0.694651
DS1.d415.s0.i3 -1.000000 -0.446026
DS1.d415.s0.i0 -1.000000 -0.758264
DS1.d415.s0.i1 -1.000000 -0.837204
DS1.d414.s0.i1 1.000000 1.055761
DS1.d414.s0.i0 1.000000 0.903804
DS1.d417.s0.i0 1.000000 0.299232
DS1.d416.s0.i0 1.000000 0.421810
DS1.d411.s0.i0 1.000000 0.951892
DS1.d410.s0.i0 -1.000000 -0.235973
DS1.d145.s0.i0 1.000000 0.677111
DS1.d145.s1.i0 1.000000 0.773283
DS1.d412.s0.i0 1.000000 0.800271
DS1.d149.s0.i0 -1.000000 -0.137542
DS1.d148.s1.i2 -1.000000 -0.582088
DS1.d148.s1.i3 -1.000000 -0.558496
DS1.d148.s1.i0 -1.000000 -0.559089
DS1.d148.s1.i1 1.000000 0.077118
DS1.d148.s1.i6 -1.000000 -0.515527
DS1.d148.s1.i7 -1.000000 -0.459515
DS1.d148.s1.i4 1.000000 0.036802
DS1.d148.s1.i5 -1.000000 -0.452782
DS1.d148.s0.i24 1.000000 0.413873
DS1.d148.s0.i25 -1.000000 -0.637247
DS1.d148.s0.i26 -1.000000 -0.549775
DS1.d148.s0.i20 1.000000 0.319397
DS1.d148.s0.i21 -1.000000 -0.668636
DS1.d148.s0.i22 1.000000 0.337267
DS1.d148.s0.i23 -1.000000 -0.717749
DS1.d148.s0.i9 1.000000 0.352127
DS1.d148.s0.i8 -1.000000 -0.610089
DS1.d148.s0.i5 -1.000000 -0.640898
DS1.d148.s0.i4 -1.000000 -0.702209
DS1.d148.s0.i7 -1.000000 -0.552604
DS1.d148.s0.i6 -1.000000 -0.684553
DS1.d148.s0.i1 -1.000000 -0.655520
DS1.d148.s0.i0 -1.000000 -0.622260
DS1.d148.s0.i3 -1.000000 -0.553974
DS1.d148.s0.i2 1.000000 0.386745
DS1.d148.s0.i19 1.000000 0.316157
DS1.d148.s0.i18 -1.000000 -0.719640
DS1.d148.s0.i11 1.000000 0.495544
DS1.d148.s0.i10 -1.000000 -0.686684
DS1.d148.s0.i13 1.000000 0.393921
DS1.d148.s0.i12 -1.000000 -0.545545
DS1.d148.s0.i15 -1.000000 -0.538362
DS1.d148.s0.i14 -1.000000 -0.688827
DS1.d148.s0.i17 1.000000 0.402337
DS1.d148.s0.i16 -1.000000 -0.586121
DS1.d419.s0.i0 -1.000000 0.467952
DS1.d758.s0.i0 1.000000 0.571231
DS1.d759.s0.i1 -1.000000 -0.320357
DS1.d759.s0.i0 -1.000000 -0.320357
DS1.d709.s0.i0 1.000000 0.897108
DS1.d663.s0.i1 -1.000000 -0.611777
DS1.d663.s0.i0 -1.000000 -0.723130
DS1.d666.s0.i2 1.000000 0.571603
DS1.d666.s0.i0 1.000000 0.534100
DS1.d666.s0.i1 1.000000 0.670757
DS1.d667.s0.i0 1.000000 0.692376
DS1.d664.s0.i0 -1.000000 -0.718519
DS1.d664.s0.i1 -1.000000 -0.775381
DS1.d664.s0.i2 -1.000000 -0.753988
DS1.d664.s0.i3 -1.000000 -0.718765
DS1.d665.s0.i0 1.000000 1.209678
DS1.d701.s0.i0 -1.000000 -0.587615
DS1.d701.s0.i1 -1.000000 -0.525361
DS1.d700.s0.i0 1.000000 0.395644
DS1.d668.s0.i0 1.000000 0.527595
DS1.d702.s0.i1 1.000000 0.849800
DS1.d702.s0.i0 1.000000 0.648046
DS1.d702.s0.i2 1.000000 0.873699
DS1.d705.s0.i0 1.000000 0.508353
DS1.d704.s0.i5 -1.000000 0.075370
DS1.d704.s0.i4 1.000000 0.344692
DS1.d704.s0.i3 1.000000 0.365203
DS1.d704.s0.i2 1.000000 0.431571
DS1.d704.s0.i1 1.000000 0.413251
DS1.d704.s0.i0 -1.000000 0.092398
DS1.d707.s0.i0 1.000000 0.641572
DS1.d707.s0.i1 1.000000 0.655019
DS1.d707.s1.i0 1.000000 0.478556
DS1.d706.s0.i0 1.000000 0.615386
DS1.d460.s0.i0 -1.000000 -0.106940
DS1.d460.s1.i0 1.000000 1.081260
DS1.d461.s0.i3 -1.000000 -0.634622
DS1.d461.s0.i2 -1.000000 -0.642788
DS1.d461.s0.i1 -1.000000 -0.620638
DS1.d461.s0.i0 -1.000000 -0.643058
DS1.d462.s0.i0 1.000000 0.846695
DS1.d462.s0.i1 1.000000 0.694785
DS1.d463.s0.i0 -1.000000 -0.204661
DS1.d464.s0.i2 1.000000 0.944692
DS1.d464.s0.i3 1.000000 0.841426
DS1.d464.s0.i0 1.000000 0.857134
DS1.d464.s0.i1 1.000000 0.911869
DS1.d464.s1.i0 1.000000 0.629470
DS1.d465.s0.i2 1.000000 0.811391
DS1.d465.s0.i1 1.000000 0.876306
DS1.d465.s0.i0 1.000000 0.749417
DS1.d466.s0.i0 1.000000 0.720839
DS1.d467.s0.i0 1.000000 0.839019
DS1.d689.s0.i1 -1.000000 0.060217
DS1.d689.s0.i0 -1.000000 0.137610
DS1.d403.s0.i0 -1.000000 -0.345402
DS1.d680.s0.i2 1.000000 0.898913
DS1.d680.s0.i0 1.000000 0.771678
DS1.d680.s0.i1 1.000000 0.766694
DS1.d680.s1.i0 1.000000 0.653792
DS1.d681.s1.i8 1.000000 0.162814
DS1.d681.s1.i0 -1.000000 -0.364465
DS1.d681.s1.i1 -1.000000 -0.341657
DS1.d681.s1.i2 -1.000000 -0.388726
DS1.d681.s1.i3 -1.000000 -0.380554
DS1.d681.s1.i4 1.000000 0.067585
DS1.d681.s1.i5 -1.000000 -0.379627
DS1.d681.s1.i6 1.000000 0.003842
DS1.d681.s1.i7 -1.000000 -0.275580
DS1.d681.s0.i1 1.000000 0.567826
DS1.d681.s0.i0 1.000000 0.738904
DS1.d682.s0.i0 1.000000 0.719668
DS1.d682.s0.i1 1.000000 0.579969
DS1.d682.s0.i2 1.000000 0.701246
DS1.d683.s0.i5 -1.000000 -0.827675
DS1.d683.s0.i4 -1.000000 -0.766117
DS1.d683.s0.i1 -1.000000 -0.817762
DS1.d683.s0.i0 -1.000000 -0.798428
DS1.d683.s0.i3 -1.000000 -0.850189
DS1.d683.s0.i2 -1.000000 -0.795056
DS1.d684.s0.i2 -1.000000 -0.157365
DS1.d684.s0.i3 1.000000 0.343635
DS1.d684.s0.i0 -1.000000 -0.294298
DS1.d684.s0.i1 1.000000 0.133362
DS1.d400.s0.i0 1.000000 0.705670
DS1.d400.s0.i1 1.000000 0.600070
DS1.d685.s1.i0 1.000000 1.102659
DS1.d685.s1.i1 1.000000 0.834890
DS1.d685.s1.i2 1.000000 1.162658
DS1.d685.s0.i2 1.000000 1.011250
DS1.d685.s0.i1 1.000000 0.879136
DS1.d685.s0.i0 1.000000 0.970988
DS1.d49.s0.i2 -1.000000 -0.724843
DS1.d49.s0.i3 -1.000000 -0.692245
DS1.d49.s0.i0 -1.000000 -0.749316
DS1.d49.s0.i1 -1.000000 -0.743560
DS1.d49.s1.i1 1.000000 0.186885
DS1.d49.s1.i0 1.000000 0.306696
DS1.d49.s1.i3 1.000000 0.270623
DS1.d49.s1.i2 -1.000000 0.146209
DS1.d49.s2.i0 1.000000 0.885958
DS1.d49.s2.i1 1.000000 0.865514
DS1.d48.s0.i3 1.000000 0.449060
DS1.d48.s0.i2 1.000000 0.449060
DS1.d48.s0.i1 -1.000000 -0.079947
DS1.d48.s0.i0 -1.000000 -0.079947
DS1.d48.s0.i5 1.000000 0.527868
DS1.d48.s0.i4 1.000000 0.527868
DS1.d401.s0.i1 1.000000 0.261008
DS1.d401.s0.i0 1.000000 0.315669
DS1.d41.s0.i0 1.000000 0.827584
DS1.d41.s0.i1 1.000000 0.730967
DS1.d406.s0.i0 -1.000000 -0.315913
DS1.d43.s0.i0 1.000000 0.585287
DS1.d42.s0.i0 1.000000 0.479712
DS1.d45.s0.i0 -1.000000 -0.641313
DS1.d45.s0.i1 -1.000000 -0.641313
DS1.d44.s0.i17 -1.000000 -0.566053
DS1.d44.s0.i16 1.000000 0.100173
DS1.d44.s0.i15 -1.000000 -0.582173
DS1.d44.s0.i14 -1.000000 -0.620843
DS1.d44.s0.i13 -1.000000 -0.603618
DS1.d44.s0.i12 -1.000000 -0.532613
DS1.d44.s0.i11 -1.000000 -0.605626
DS1.d44.s0.i10 1.000000 0.116696
DS1.d44.s0.i9 1.000000 0.131501
DS1.d44.s0.i8 1.000000 0.099442
DS1.d44.s0.i7 -1.000000 -0.585700
DS1.d44.s0.i6 -1.000000 -0.550285
DS1.d44.s0.i5 1.000000 0.098969
DS1.d44.s0.i4 -1.000000 -0.556282
DS1.d44.s0.i3 -1.000000 -0.604152
DS1.d44.s0.i2 -1.000000 -0.620100
DS1.d44.s0.i1 1.000000 0.092606
DS1.d44.s0.i0 -1.000000 -0.542258
DS1.d47.s0.i0 1.000000 0.668689
DS1.d47.s0.i1 1.000000 0.734204
DS1.d46.s0.i1 1.000000 0.805990
DS1.d46.s0.i0 1.000000 0.844619
DS1.d46.s0.i3 1.000000 0.906052
DS1.d46.s0.i2 1.000000 0.824965
DS1.d46.s0.i5 1.000000 0.832854
DS1.d46.s0.i4 1.000000 0.928929
DS1.d46.s0.i7 1.000000 0.816187
DS1.d46.s0.i6 1.000000 0.813301
DS1.d721.s0.i4 -1.000000 -0.391868
DS1.d721.s0.i5 1.000000 -0.074891
DS1.d721.s0.i0 -1.000000 -0.198525
DS1.d721.s0.i1 -1.000000 -0.360807
DS1.d721.s0.i2 -1.000000 -0.204491
DS1.d721.s0.i3 1.000000 -0.121519
DS1.d569.s0.i0 1.000000 0.449201
DS1.d569.s0.i1 -1.000000 0.013094
DS1.d568.s2.i0 1.000000 0.299325
DS1.d568.s1.i0 1.000000 0.911613
DS1.d568.s0.i4 1.000000 0.807582
DS1.d568.s0.i3 1.000000 0.816019
DS1.d568.s0.i2 1.000000 0.755995
DS1.d568.s0.i1 1.000000 0.792289
DS1.d568.s0.i0 1.000000 0.753843
DS1.d565.s0.i0 1.000000 0.461677
DS1.d564.s0.i1 -1.000000 -0.644497
DS1.d564.s0.i0 -1.000000 -0.903668
DS1.d567.s0.i0 1.000000 0.485983
DS1.d567.s0.i1 1.000000 1.099174
DS1.d567.s1.i2 1.000000 0.424070
DS1.d567.s1.i1 -1.000000 0.206029
DS1.d567.s1.i0 1.000000 0.534909
DS1.d405.s4.i1 1.000000 0.828601
DS1.d405.s4.i0 1.000000 0.907584
DS1.d405.s4.i2 1.000000 0.907584
DS1.d405.s1.i2 -1.000000 -0.220369
DS1.d405.s1.i3 1.000000 0.277100
DS1.d405.s1.i0 -1.000000 -0.245381
DS1.d405.s1.i1 1.000000 0.343853
DS1.d405.s0.i1 1.000000 0.922636
DS1.d405.s0.i0 1.000000 0.914428
DS1.d405.s3.i0 1.000000 0.789535
DS1.d405.s3.i1 1.000000 0.721940
DS1.d405.s2.i1 1.000000 1.045519
DS1.d405.s2.i0 1.000000 0.806284
DS1.d561.s0.i0 -1.000000 -0.474555
DS1.d560.s0.i3 1.000000 0.890572
DS1.d560.s0.i2 1.000000 0.905461
DS1.d560.s0.i1 1.000000 0.927049
DS1.d560.s0.i0 1.000000 0.936320
DS1.d563.s0.i0 1.000000 0.825104
DS1.d563.s0.i1 1.000000 0.845444
DS1.d563.s0.i2 1.000000 0.753469
DS1.d563.s0.i3 1.000000 0.785265
DS1.d563.s0.i4 1.000000 0.988962
DS1.d563.s0.i5 1.000000 1.007805
DS1.d563.s0.i6 1.000000 0.719778
DS1.d563.s0.i7 1.000000 0.806748
DS1.d562.s1.i0 1.000000 0.836129
DS1.d562.s0.i0 -1.000000 -0.096013
DS1.d204.s0.i0 1.000000 0.912817
DS1.d204.s0.i1 1.000000 0.565811
DS1.d205.s0.i2 -1.000000 -0.632345
DS1.d205.s0.i1 -1.000000 -0.695849
DS1.d205.s0.i0 -1.000000 -0.712620
DS1.d206.s0.i4 1.000000 0.867199
DS1.d206.s0.i5 1.000000 0.840709
DS1.d206.s0.i6 1.000000 0.822136
DS1.d206.s0.i7 1.000000 0.908985
DS1.d206.s0.i0 1.000000 0.865783
DS1.d206.s0.i1 1.000000 0.936136
DS1.d206.s0.i2 1.000000 0.893632
DS1.d206.s0.i3 1.000000 0.895583
DS1.d368.s0.i0 -1.000000 -0.335219
DS1.d200.s0.i0 1.000000 0.330196
DS1.d200.s0.i1 -1.000000 -0.299117
DS1.d6.s0.i0 1.000000 0.691038
DS1.d202.s0.i0 1.000000 0.770153
DS1.d203.s0.i1 1.000000 0.742802
DS1.d203.s0.i0 1.000000 0.686663
DS1.d363.s0.i0 1.000000 0.897744
DS1.d363.s0.i1 1.000000 0.854053
DS1.d362.s0.i1 1.000000 0.871224
DS1.d362.s0.i0 1.000000 0.802779
DS1.d361.s2.i0 1.000000 0.230365
DS1.d361.s2.i1 -1.000000 0.271304
DS1.d361.s0.i0 -1.000000 0.138513
DS1.d361.s1.i1 -1.000000 -0.217830
DS1.d361.s1.i0 1.000000 0.194498
DS1.d7.s1.i0 1.000000 0.611394
DS1.d7.s1.i1 1.000000 0.782437
DS1.d7.s0.i1 1.000000 0.956501
DS1.d7.s0.i0 1.000000 0.881526
DS1.d7.s0.i3 1.000000 0.930511
DS1.d7.s0.i2 1.000000 1.016556
DS1.d7.s2.i1 -1.000000 -0.220660
DS1.d7.s2.i0 -1.000000 -0.271390
DS1.d208.s0.i0 1.000000 0.668037
DS1.d208.s0.i1 1.000000 0.682497
DS1.d209.s1.i0 -1.000000 -0.440707
DS1.d209.s1.i1 -1.000000 -0.584864
DS1.d209.s1.i2 -1.000000 -0.711374
DS1.d209.s0.i2 -1.000000 -0.723624
DS1.d209.s0.i1 -1.000000 -0.713901
DS1.d209.s0.i0 -1.000000 -0.520375
DS1.d365.s0.i0 1.000000 0.960439
DS1.d365.s0.i1 1.000000 0.750416
DS1.d365.s1.i2 1.000000 0.722548
DS1.d365.s1.i1 1.000000 0.590696
DS1.d365.s1.i0 1.000000 0.585981
DS1.d187.s0.i0 1.000000 0.692243
DS1.d9.s0.i0 1.000000 1.159061
DS1.d259.s0.i0 1.000000 -0.125654
DS1.d518.s0.i0 1.000000 1.267481
DS1.d519.s2.i1 -1.000000 0.256807
DS1.d519.s2.i0 1.000000 0.088791
DS1.d519.s1.i0 1.000000 0.677080
DS1.d519.s0.i3 1.000000 0.838707
DS1.d519.s0.i2 1.000000 0.766892
DS1.d519.s0.i1 1.000000 0.842598
DS1.d519.s0.i0 1.000000 0.766823
DS1.d557.s0.i0 1.000000 0.937049
DS1.d510.s0.i0 1.000000 0.892516
DS1.d510.s0.i1 1.000000 1.093674
DS1.d510.s1.i0 1.000000 0.629950
DS1.d510.s2.i0 1.000000 0.968490
DS1.d511.s0.i1 -1.000000 -0.624417
DS1.d511.s0.i0 -1.000000 -0.411336
DS1.d512.s2.i0 1.000000 0.715852
DS1.d512.s2.i1 1.000000 0.813638
DS1.d512.s0.i0 -1.000000 -0.433280
DS1.d512.s0.i1 -1.000000 -0.409892
DS1.d512.s1.i0 -1.000000 -0.398270
DS1.d513.s0.i0 1.000000 0.571974
DS1.d514.s0.i0 1.000000 0.677493
DS1.d514.s1.i0 -1.000000 -0.291518
DS1.d515.s1.i0 -1.000000 -0.393654
DS1.d515.s1.i1 -1.000000 -0.409454
DS1.d515.s0.i1 -1.000000 -0.576357
DS1.d515.s0.i0 -1.000000 -0.612552
DS1.d516.s0.i0 1.000000 0.533701
DS1.d516.s0.i1 1.000000 0.486255
DS1.d517.s0.i1 1.000000 0.362857
DS1.d517.s0.i0 1.000000 0.431148
DS1.d109.s0.i0 1.000000 0.043687
DS1.d109.s0.i1 1.000000 0.004128
DS1.d109.s0.i2 -1.000000 -0.176336
DS1.d109.s0.i3 1.000000 -0.006872
DS1.d109.s0.i4 -1.000000 -0.250630
DS1.d109.s0.i5 -1.000000 -0.260333
DS1.d108.s1.i0 -1.000000 -0.659758
DS1.d108.s1.i1 -1.000000 -0.627115
DS1.d108.s0.i1 1.000000 0.878721
DS1.d108.s0.i0 1.000000 0.786719
DS1.d108.s0.i3 1.000000 0.832925
DS1.d108.s0.i2 1.000000 0.954050
DS1.d108.s0.i5 1.000000 0.855966
DS1.d108.s0.i4 1.000000 0.822846
DS1.d108.s0.i7 1.000000 0.857198
DS1.d108.s0.i6 1.000000 0.842502
DS1.d108.s3.i0 -1.000000 -0.708187
DS1.d108.s3.i1 -1.000000 -0.762960
DS1.d108.s2.i0 -1.000000 -0.723192
DS1.d107.s0.i2 -1.000000 -0.624747
DS1.d107.s0.i0 -1.000000 -0.974266
DS1.d107.s0.i1 -1.000000 -0.904929
DS1.d106.s0.i1 1.000000 0.581146
DS1.d106.s0.i0 1.000000 0.607096
DS1.d105.s0.i0 -1.000000 -0.381288
DS1.d105.s0.i1 -1.000000 -0.381288
DS1.d104.s0.i0 -1.000000 0.068667
DS1.d103.s0.i0 -1.000000 -0.378888
DS1.d102.s0.i2 1.000000 0.707925
DS1.d102.s0.i1 1.000000 0.848618
DS1.d102.s0.i0 1.000000 0.750896
DS1.d101.s0.i0 1.000000 0.359244
DS1.d100.s1.i0 1.000000 0.796370
DS1.d100.s1.i1 1.000000 0.768721
DS1.d100.s0.i0 1.000000 0.967463
DS1.d256.s0.i3 -1.000000 -0.393826
DS1.d256.s0.i2 1.000000 -0.279579
DS1.d256.s0.i1 -1.000000 -0.360377
DS1.d256.s0.i0 -1.000000 -0.391311
DS1.d254.s1.i0 -1.000000 -0.672114
DS1.d254.s1.i1 -1.000000 -0.678886
DS1.d254.s0.i1 1.000000 0.906795
DS1.d254.s0.i0 1.000000 0.850773
DS1.d254.s2.i1 1.000000 0.303792
DS1.d254.s2.i0 -1.000000 0.246384
DS1.d566.s0.i1 1.000000 0.288415
DS1.d566.s0.i0 1.000000 0.521466
DS1.d744.s0.i1 -1.000000 -0.676035
DS1.d744.s0.i0 -1.000000 -0.674595
DS1.d747.s0.i0 1.000000 0.764887
DS1.d747.s0.i1 1.000000 0.757612
DS1.d747.s0.i2 1.000000 0.764887
DS1.d747.s0.i3 1.000000 0.757612
DS1.d746.s0.i0 1.000000 0.963449
DS1.d741.s0.i0 1.000000 0.767757
DS1.d740.s0.i1 1.000000 0.714332
DS1.d740.s0.i0 1.000000 0.888754
DS1.d743.s0.i0 1.000000 1.085540
DS1.d742.s0.i1 1.000000 0.931153
DS1.d742.s0.i0 1.000000 1.116814
DS1.d425.s0.i1 -1.000000 -0.785113
DS1.d425.s0.i0 -1.000000 -0.731486
DS1.d426.s0.i0 1.000000 0.823706
DS1.d427.s0.i1 1.000000 0.671543
DS1.d427.s0.i0 1.000000 0.620861
DS1.d749.s0.i0 1.000000 0.908348
DS1.d749.s0.i1 1.000000 0.902267
DS1.d749.s1.i1 1.000000 0.768156
DS1.d749.s1.i0 1.000000 0.964041
DS1.d749.s2.i0 1.000000 0.445619
DS1.d749.s2.i1 1.000000 0.741271
DS1.d749.s2.i2 1.000000 0.960447
DS1.d749.s3.i0 -1.000000 -0.388091
DS1.d748.s0.i0 -1.000000 -0.099373
DS1.d422.s0.i0 1.000000 0.934341
DS1.d422.s0.i1 1.000000 0.794323
DS1.d422.s0.i2 1.000000 0.856107
DS1.d422.s1.i2 1.000000 0.861254
DS1.d422.s1.i1 1.000000 1.016300
DS1.d422.s1.i0 1.000000 0.879603
DS1.d423.s1.i0 -1.000000 0.445003
DS1.d423.s1.i1 1.000000 0.563523
DS1.d423.s0.i1 1.000000 0.906829
DS1.d423.s0.i0 1.000000 0.840553
DS1.d207.s0.i0 1.000000 0.578217
DS1.d367.s0.i2 -1.000000 0.058838
DS1.d367.s0.i0 1.000000 -0.141830
DS1.d367.s0.i1 -1.000000 -0.213987
DS1.d589.s0.i0 1.000000 0.886916
DS1.d589.s0.i1 1.000000 0.799739
DS1.d589.s0.i2 1.000000 0.799739
DS1.d589.s0.i3 1.000000 0.886916
DS1.d201.s0.i8 1.000000 0.994478
DS1.d201.s0.i7 1.000000 0.870008
DS1.d201.s0.i6 1.000000 0.981049
DS1.d201.s0.i5 1.000000 0.962437
DS1.d201.s0.i4 1.000000 0.876888
DS1.d201.s0.i3 1.000000 0.851434
DS1.d201.s0.i2 1.000000 0.892735
DS1.d201.s0.i1 1.000000 0.981202
DS1.d201.s0.i0 1.000000 0.982166
DS1.d366.s0.i1 1.000000 0.804396
DS1.d366.s0.i0 1.000000 0.705429
DS1.d639.s0.i0 -1.000000 -0.650259
DS1.d638.s0.i3 1.000000 0.774874
DS1.d638.s0.i2 1.000000 0.744595
DS1.d638.s0.i1 1.000000 0.780501
DS1.d638.s0.i0 1.000000 0.800748
DS1.d360.s1.i0 -1.000000 -0.291796
DS1.d360.s0.i1 -1.000000 -0.059516
DS1.d360.s0.i0 -1.000000 -0.084321
DS1.d631.s0.i0 1.000000 0.483951
DS1.d631.s0.i1 1.000000 0.686671
DS1.d630.s0.i1 -1.000000 -0.668232
DS1.d630.s0.i0 -1.000000 -0.479898
DS1.d633.s2.i0 1.000000 0.884106
DS1.d633.s2.i1 1.000000 0.902669
DS1.d633.s3.i1 1.000000 1.093098
DS1.d633.s3.i0 1.000000 1.100547
DS1.d633.s0.i0 1.000000 0.894135
DS1.d633.s0.i1 1.000000 0.830693
DS1.d633.s0.i2 1.000000 0.949070
DS1.d633.s0.i3 1.000000 0.926748
DS1.d633.s1.i3 1.000000 0.814160
DS1.d633.s1.i2 1.000000 0.847077
DS1.d633.s1.i1 1.000000 0.899893
DS1.d633.s1.i0 1.000000 0.862370
DS1.d632.s1.i0 1.000000 0.991181
DS1.d632.s1.i1 1.000000 0.965001
DS1.d632.s0.i1 -1.000000 -0.430459
DS1.d632.s0.i0 -1.000000 -0.374206
DS1.d635.s0.i0 1.000000 1.000884
DS1.d635.s0.i1 1.000000 0.666170
DS1.d634.s0.i7 1.000000 0.873170
DS1.d634.s0.i6 1.000000 0.918560
DS1.d634.s0.i5 1.000000 0.755460
DS1.d634.s0.i4 1.000000 0.832587
DS1.d634.s0.i3 1.000000 0.862780
DS1.d634.s0.i2 1.000000 0.842836
DS1.d634.s0.i1 1.000000 0.786992
DS1.d634.s0.i0 1.000000 0.955910
DS1.d687.s1.i0 -1.000000 -0.222256
DS1.d687.s0.i0 1.000000 0.521753
DS1.d636.s0.i1 1.000000 0.280368
DS1.d636.s0.i0 -1.000000 -0.080239
DS1.d730.s0.i0 1.000000 0.762222
DS1.d728.s0.i0 1.000000 0.769353
DS1.d325.s0.i0 1.000000 0.965269
DS1.d325.s0.i1 1.000000 0.571141
DS1.d324.s0.i0 -1.000000 -0.224690
DS1.d734.s0.i2 1.000000 0.859182
DS1.d734.s0.i3 1.000000 0.789846
DS1.d734.s0.i0 1.000000 0.828476
DS1.d734.s0.i1 1.000000 0.863685
DS1.d322.s1.i0 -1.000000 -0.131653
DS1.d322.s1.i1 -1.000000 -0.110007
DS1.d322.s0.i0 1.000000 0.948360
DS1.d736.s0.i0 1.000000 0.842910
DS1.d737.s1.i0 -1.000000 -0.059385
DS1.d737.s1.i1 1.000000 0.333366
DS1.d737.s0.i1 -1.000000 -0.428700
DS1.d737.s0.i0 -1.000000 -0.599959
DS1.d737.s0.i2 -1.000000 -0.491560
DS1.d738.s0.i0 1.000000 0.654279
DS1.d738.s0.i1 1.000000 0.863954
DS1.d738.s1.i0 1.000000 0.595381
DS1.d739.s1.i0 1.000000 0.668221
DS1.d739.s1.i1 1.000000 0.955007
DS1.d739.s1.i2 1.000000 0.709143
DS1.d739.s1.i3 1.000000 1.015399
DS1.d739.s1.i4 1.000000 0.747287
DS1.d739.s1.i5 1.000000 1.004363
DS1.d739.s1.i6 1.000000 0.815929
DS1.d739.s1.i7 1.000000 0.952489
DS1.d739.s0.i3 1.000000 0.910131
DS1.d739.s0.i2 1.000000 0.543853
DS1.d739.s0.i1 1.000000 0.909782
DS1.d739.s0.i0 1.000000 0.614733
DS1.d329.s0.i0 1.000000 0.314349
DS1.d328.s1.i0 1.000000 0.822116
DS1.d328.s1.i1 1.000000 0.954013
DS1.d328.s0.i0 -1.000000 -0.570653
DS1.d813.s0.i0 -1.000000 -0.149028
DS1.d812.s0.i1 -1.000000 -0.495921
DS1.d812.s0.i0 -1.000000 -0.714920
DS1.d812.s0.i2 -1.000000 -0.785613
DS1.d815.s0.i2 1.000000 0.993054
DS1.d815.s0.i0 1.000000 0.889720
DS1.d815.s0.i1 1.000000 0.667848
DS1.d814.s1.i0 -1.000000 -0.792976
DS1.d814.s1.i1 -1.000000 -0.792432
DS1.d814.s0.i2 -1.000000 -0.711716
DS1.d814.s0.i1 -1.000000 -0.720079
DS1.d814.s0.i0 -1.000000 -0.537663
DS1.d817.s0.i0 1.000000 0.774424
DS1.d817.s0.i1 1.000000 0.820357
DS1.d817.s1.i3 1.000000 0.757589
DS1.d817.s1.i2 1.000000 0.840584
DS1.d817.s1.i1 1.000000 0.783955
DS1.d817.s1.i0 1.000000 0.876810
DS1.d817.s1.i4 1.000000 0.808398
DS1.d819.s0.i0 -1.000000 -0.452459
DS1.d819.s0.i1 -1.000000 -0.726401
DS1.d818.s3.i2 1.000000 0.793446
DS1.d818.s3.i0 1.000000 0.793446
DS1.d818.s3.i1 1.000000 0.793446
DS1.d818.s2.i1 1.000000 0.818941
DS1.d818.s2.i0 1.000000 0.976341
DS1.d818.s2.i3 1.000000 0.976341
DS1.d818.s2.i2 1.000000 0.818941
DS1.d818.s2.i5 1.000000 0.818941
DS1.d818.s2.i4 1.000000 0.976341
DS1.d818.s1.i0 1.000000 0.720384
DS1.d818.s1.i1 1.000000 0.831331
DS1.d818.s1.i2 1.000000 0.720384
DS1.d818.s1.i3 1.000000 0.720384
DS1.d818.s1.i4 1.000000 0.831331
DS1.d818.s1.i5 1.000000 0.831331
DS1.d818.s0.i3 1.000000 0.861457
DS1.d818.s0.i2 1.000000 0.801760
DS1.d818.s0.i1 1.000000 0.805230
DS1.d818.s0.i0 1.000000 0.805230
DS1.d92.s0.i0 1.000000 0.659759
DS1.d92.s1.i0 1.000000 0.650124
DS1.d92.s2.i0 1.000000 0.386003
DS1.d92.s3.i0 1.000000 0.786466
DS1.d93.s0.i0 1.000000 0.344878
DS1.d90.s0.i0 -1.000000 -0.626295
DS1.d90.s0.i1 -1.000000 -0.582503
DS1.d90.s1.i5 1.000000 0.958871
DS1.d90.s1.i4 1.000000 0.920547
DS1.d90.s1.i3 1.000000 0.839852
DS1.d90.s1.i2 1.000000 0.982156
DS1.d90.s1.i1 1.000000 1.016376
DS1.d90.s1.i0 1.000000 0.972819
DS1.d91.s0.i5 1.000000 -0.338722
DS1.d91.s0.i4 -1.000000 -0.386847
DS1.d91.s0.i1 -1.000000 -0.683103
DS1.d91.s0.i0 -1.000000 -0.540439
DS1.d91.s0.i3 -1.000000 -0.611881
DS1.d91.s0.i2 -1.000000 -0.529579
DS1.d96.s0.i2 -1.000000 -0.236386
DS1.d96.s0.i3 1.000000 0.196562
DS1.d96.s0.i0 -1.000000 -0.164598
DS1.d96.s0.i1 1.000000 0.284584
DS1.d96.s1.i1 1.000000 0.728046
DS1.d96.s1.i0 1.000000 0.823838
DS1.d97.s0.i0 1.000000 0.711410
DS1.d94.s2.i0 -1.000000 -0.577022
DS1.d94.s0.i0 -1.000000 0.170021
DS1.d94.s1.i2 -1.000000 -0.332094
DS1.d94.s1.i1 -1.000000 -0.596058
DS1.d94.s1.i0 -1.000000 -0.510031
DS1.d95.s0.i1 -1.000000 -0.634837
DS1.d95.s0.i0 -1.000000 -0.746179
DS1.d95.s0.i3 -1.000000 -0.854324
DS1.d95.s0.i2 -1.000000 -0.580969
DS1.d99.s0.i0 1.000000 0.803783
DS1.d413.s0.i0 -1.000000 0.183088
DS1.d413.s0.i1 -1.000000 0.064235
DS1.d413.s0.i2 1.000000 0.211743
DS1.d413.s0.i3 1.000000 0.211807
DS1.d626.s0.i0 1.000000 1.129693
DS1.d626.s1.i0 1.000000 0.893528
DS1.d626.s2.i0 1.000000 1.103895
DS1.d626.s3.i0 1.000000 0.933303
DS1.d627.s0.i0 1.000000 0.752955
DS1.d624.s2.i2 1.000000 0.851973
DS1.d624.s2.i0 1.000000 0.786761
DS1.d624.s2.i1 1.000000 0.800384
DS1.d624.s3.i1 1.000000 0.433108
DS1.d624.s3.i0 1.000000 0.381237
DS1.d624.s3.i3 1.000000 0.576643
DS1.d624.s3.i2 -1.000000 0.205587
DS1.d624.s0.i0 1.000000 0.972885
DS1.d624.s0.i1 1.000000 0.944116
DS1.d624.s0.i2 1.000000 1.040505
DS1.d624.s0.i3 1.000000 0.968073
DS1.d624.s1.i7 -1.000000 -0.078321
DS1.d624.s1.i6 -1.000000 -0.171240
DS1.d624.s1.i5 1.000000 0.323847
DS1.d624.s1.i4 -1.000000 -0.200669
DS1.d624.s1.i3 1.000000 0.135671
DS1.d624.s1.i2 -1.000000 -0.036750
DS1.d624.s1.i1 1.000000 0.306578
DS1.d624.s1.i0 1.000000 0.138449
DS1.d624.s4.i0 1.000000 0.624643
DS1.d624.s4.i1 1.000000 0.840388
DS1.d624.s4.i2 1.000000 0.909762
DS1.d554.s0.i2 1.000000 0.761526
DS1.d554.s0.i0 1.000000 0.722624
DS1.d554.s0.i1 1.000000 0.656987
DS1.d555.s1.i0 -1.000000 -0.369531
DS1.d555.s0.i0 1.000000 0.563890
DS1.d556.s0.i0 -1.000000 0.159014
DS1.d337.s0.i1 1.000000 0.918782
DS1.d337.s0.i0 1.000000 0.811634
DS1.d550.s0.i6 -1.000000 -0.839198
DS1.d550.s0.i7 -1.000000 -0.817284
DS1.d550.s0.i4 -1.000000 -0.819197
DS1.d550.s0.i5 -1.000000 -0.990295
DS1.d550.s0.i2 -1.000000 -0.845575
DS1.d550.s0.i3 -1.000000 -0.789028
DS1.d550.s0.i0 -1.000000 -0.973366
DS1.d550.s0.i1 -1.000000 -0.953106
DS1.d550.s0.i8 -1.000000 -0.825103
DS1.d551.s0.i0 1.000000 0.840109
DS1.d552.s0.i0 1.000000 0.833393
DS1.d552.s0.i1 1.000000 0.882568
DS1.d552.s0.i2 1.000000 0.969997
DS1.d552.s0.i3 1.000000 0.869731
DS1.d553.s0.i1 1.000000 0.831423
DS1.d553.s0.i0 1.000000 0.907778
DS1.d253.s0.i0 1.000000 0.911086
DS1.d253.s1.i5 1.000000 0.823524
DS1.d253.s1.i4 1.000000 0.909680
DS1.d253.s1.i7 1.000000 0.837015
DS1.d253.s1.i6 1.000000 0.776109
DS1.d253.s1.i1 1.000000 0.875013
DS1.d253.s1.i0 1.000000 0.892235
DS1.d253.s1.i3 1.000000 0.949225
DS1.d253.s1.i2 1.000000 0.845372
DS1.d253.s2.i0 1.000000 0.966121
DS1.d622.s0.i0 1.000000 0.830606
DS1.d622.s1.i0 1.000000 0.888781
DS1.d251.s0.i4 1.000000 0.854357
DS1.d251.s0.i5 1.000000 0.773983
DS1.d251.s0.i6 1.000000 0.533828
DS1.d251.s0.i7 1.000000 0.831955
DS1.d251.s0.i0 1.000000 0.809194
DS1.d251.s0.i1 1.000000 0.810550
DS1.d251.s0.i2 1.000000 0.560346
DS1.d251.s0.i3 1.000000 0.709982
DS1.d251.s0.i8 1.000000 0.804643
DS1.d250.s1.i0 1.000000 1.018153
DS1.d250.s0.i1 1.000000 0.929061
DS1.d250.s0.i0 1.000000 0.933232
DS1.d257.s0.i2 -1.000000 -0.097296
DS1.d257.s0.i0 1.000000 0.083215
DS1.d257.s0.i1 -1.000000 -0.120237
DS1.d257.s1.i0 1.000000 0.363185
DS1.d257.s2.i0 1.000000 0.528646
DS1.d257.s3.i0 1.000000 0.373559
DS1.d559.s0.i3 -1.000000 -0.848602
DS1.d559.s0.i2 -1.000000 -0.753314
DS1.d559.s0.i1 -1.000000 -0.768503
DS1.d559.s0.i0 -1.000000 -0.839264
DS1.d255.s0.i0 -1.000000 -0.758366
DS1.d255.s0.i1 -1.000000 -0.791339
DS1.d331.s0.i3 -1.000000 -0.031353
DS1.d331.s0.i2 1.000000 0.164189
DS1.d331.s0.i1 1.000000 0.196244
DS1.d331.s0.i0 -1.000000 -0.042310
DS1.d620.s0.i20 -1.000000 -1.016609
DS1.d620.s0.i11 -1.000000 -1.055857
DS1.d620.s0.i15 -1.000000 -1.003611
DS1.d620.s0.i10 -1.000000 -0.831438
DS1.d620.s0.i16 -1.000000 -1.016943
DS1.d620.s0.i12 -1.000000 -1.024369
DS1.d620.s0.i17 -1.000000 -0.798797
DS1.d620.s0.i8 -1.000000 -0.835569
DS1.d620.s0.i9 -1.000000 -0.979995
DS1.d620.s0.i18 -1.000000 -0.837500
DS1.d620.s0.i19 -1.000000 -1.070413
DS1.d620.s0.i14 -1.000000 -1.053493
DS1.d620.s0.i13 -1.000000 -0.822153
DS1.d620.s0.i0 -1.000000 -0.868682
DS1.d620.s0.i1 -1.000000 -1.042709
DS1.d620.s0.i2 -1.000000 -1.026108
DS1.d620.s0.i3 -1.000000 -1.025369
DS1.d620.s0.i4 -1.000000 -1.010733
DS1.d620.s0.i5 -1.000000 -0.808945
DS1.d620.s0.i6 -1.000000 -1.039714
DS1.d620.s0.i7 -1.000000 -1.039970
DS1.d620.s1.i0 -1.000000 -0.103247
DS1.d657.s0.i0 -1.000000 0.438287
DS1.d476.s0.i1 1.000000 1.048254
DS1.d476.s0.i0 1.000000 1.026983
DS1.d656.s0.i2 -1.000000 -0.424293
DS1.d656.s0.i1 -1.000000 -0.568332
DS1.d656.s0.i0 -1.000000 -0.542458
DS1.d655.s0.i0 1.000000 0.542116
DS1.d655.s0.i1 1.000000 0.433035
DS1.d655.s1.i2 -1.000000 -0.217163
DS1.d655.s1.i1 1.000000 -0.059503
DS1.d655.s1.i0 -1.000000 -0.264756
DS1.d654.s1.i0 1.000000 0.756833
DS1.d654.s0.i0 1.000000 1.019268
DS1.d653.s0.i2 1.000000 0.815677
DS1.d653.s0.i0 1.000000 0.698885
DS1.d653.s0.i1 1.000000 0.756507
DS1.d651.s0.i0 -1.000000 -0.591166
DS1.d650.s1.i0 1.000000 0.787290
DS1.d650.s1.i1 1.000000 0.808975
DS1.d650.s0.i0 1.000000 1.021712
DS1.d650.s3.i0 1.000000 0.748228
DS1.d650.s3.i1 1.000000 0.813719
DS1.d650.s2.i1 1.000000 0.937246
DS1.d650.s2.i0 1.000000 0.843406
DS1.d176.s0.i2 1.000000 0.701624
DS1.d176.s0.i0 1.000000 0.642900
DS1.d176.s0.i1 1.000000 0.567203
DS1.d177.s0.i3 -1.000000 -0.859040
DS1.d177.s0.i2 -1.000000 -0.528954
DS1.d177.s0.i1 -1.000000 -0.592788
DS1.d177.s0.i0 -1.000000 -0.820457
DS1.d177.s0.i7 -1.000000 -0.772086
DS1.d177.s0.i6 -1.000000 -0.770899
DS1.d177.s0.i5 -1.000000 -1.097686
DS1.d177.s0.i4 -1.000000 -1.056627
DS1.d174.s0.i0 -1.000000 -1.128088
DS1.d174.s0.i1 -1.000000 -0.449647
DS1.d174.s0.i2 -1.000000 -1.082124
DS1.d174.s0.i3 -1.000000 -1.099077
DS1.d175.s1.i0 1.000000 0.769139
DS1.d175.s0.i1 1.000000 0.659378
DS1.d175.s0.i0 1.000000 0.745082
DS1.d172.s0.i0 -1.000000 0.003126
DS1.d172.s0.i1 1.000000 0.247396
DS1.d173.s0.i0 1.000000 0.808004
DS1.d170.s0.i0 1.000000 0.876599
DS1.d170.s0.i1 1.000000 0.905050
DS1.d171.s1.i0 1.000000 0.656144
DS1.d171.s0.i0 1.000000 0.733842
DS1.d178.s0.i0 1.000000 0.742979
DS1.d178.s1.i1 -1.000000 -0.421266
DS1.d178.s1.i0 -1.000000 -0.599086
DS1.d712.s0.i2 1.000000 0.724402
DS1.d712.s0.i3 1.000000 0.815809
DS1.d712.s0.i0 1.000000 0.712300
DS1.d712.s0.i1 1.000000 0.791449
DS1.d712.s1.i0 1.000000 0.751992
DS1.d712.s2.i0 -1.000000 -0.374186
DS1.d712.s2.i1 -1.000000 -0.446438
DS1.d713.s1.i0 1.000000 0.628082
DS1.d713.s1.i1 1.000000 0.661137
DS1.d713.s0.i1 1.000000 0.975415
DS1.d713.s0.i0 1.000000 0.977318
DS1.d805.s0.i1 -1.000000 -0.581283
DS1.d805.s0.i0 -1.000000 -0.526381
DS1.d805.s0.i2 -1.000000 -0.950708
DS1.d288.s0.i6 -1.000000 -0.848777
DS1.d288.s0.i7 -1.000000 -0.814057
DS1.d288.s0.i4 -1.000000 -0.900152
DS1.d288.s0.i5 -1.000000 -0.919388
DS1.d288.s0.i2 -1.000000 -0.922302
DS1.d288.s0.i3 -1.000000 -0.956214
DS1.d288.s0.i0 -1.000000 -0.877189
DS1.d288.s0.i1 -1.000000 -0.926144
DS1.d288.s0.i8 -1.000000 -0.909762
DS1.d288.s1.i1 1.000000 0.444122
DS1.d288.s1.i0 -1.000000 -0.196579
DS1.d288.s1.i3 -1.000000 -0.284419
DS1.d288.s1.i2 1.000000 0.300874
DS1.d289.s0.i2 -1.000000 -0.634002
DS1.d289.s0.i1 -1.000000 -0.731154
DS1.d289.s0.i0 -1.000000 -0.164313
DS1.d284.s0.i0 -1.000000 -0.450017
DS1.d285.s3.i4 -1.000000 -0.718925
DS1.d285.s3.i2 -1.000000 -0.618673
DS1.d285.s3.i3 -1.000000 -0.722076
DS1.d285.s3.i0 -1.000000 -0.574632
DS1.d285.s3.i1 -1.000000 -0.752025
DS1.d285.s2.i1 1.000000 0.731284
DS1.d285.s2.i0 1.000000 0.882385
DS1.d285.s1.i0 1.000000 0.804858
DS1.d285.s1.i1 1.000000 0.835115
DS1.d285.s0.i2 1.000000 1.208136
DS1.d285.s0.i1 1.000000 1.180145
DS1.d285.s0.i0 1.000000 1.198555
DS1.d286.s0.i0 -1.000000 0.120155
DS1.d286.s0.i1 1.000000 0.756844
DS1.d286.s0.i2 1.000000 0.389998
DS1.d287.s1.i0 -1.000000 -0.476560
DS1.d287.s1.i1 -1.000000 -0.434790
DS1.d287.s0.i1 1.000000 0.902810
DS1.d287.s0.i0 1.000000 0.804229
DS1.d287.s3.i0 1.000000 0.659459
DS1.d287.s2.i1 -1.000000 0.163969
DS1.d287.s2.i0 1.000000 0.309195
DS1.d280.s0.i0 1.000000 0.675542
DS1.d282.s0.i0 1.000000 0.467556
DS1.d282.s1.i1 1.000000 0.680445
DS1.d282.s1.i0 1.000000 0.757876
DS1.d283.s0.i1 1.000000 0.872901
DS1.d283.s0.i0 1.000000 0.878439
DS1.d283.s0.i3 1.000000 0.820400
DS1.d283.s0.i2 1.000000 0.903854
DS1.d675.s0.i0 1.000000 0.549064
DS1.d677.s0.i0 -1.000000 -0.507943
DS1.d677.s0.i1 -1.000000 -0.488138
DS1.d677.s0.i2 1.000000 -0.386605
DS1.d677.s0.i3 -1.000000 -0.413007
DS1.d676.s0.i0 1.000000 0.388595
DS1.d778.s0.i0 1.000000 1.053391
DS1.d778.s1.i1 1.000000 0.685181
DS1.d778.s1.i0 -1.000000 -0.135305
DS1.d778.s2.i0 1.000000 0.972941
DS1.d778.s2.i1 1.000000 0.997843
DS1.d673.s0.i0 1.000000 0.924166
DS1.d672.s0.i1 -1.000000 -0.759401
DS1.d672.s0.i0 1.000000 0.066975
DS1.d672.s0.i3 -1.000000 -0.605210
DS1.d672.s0.i2 1.000000 0.111154
DS1.d672.s0.i5 -1.000000 -0.690504
DS1.d672.s0.i4 -1.000000 -0.477398
DS1.d672.s0.i7 -1.000000 -0.583721
DS1.d672.s0.i6 -1.000000 -0.460085
DS1.d672.s0.i9 -1.000000 -0.696990
DS1.d672.s0.i8 1.000000 0.109318
DS1.d672.s0.i11 -1.000000 -0.648683
DS1.d672.s0.i10 -1.000000 -0.540510
DS1.d774.s0.i0 -1.000000 -0.138114
DS1.d774.s0.i1 1.000000 0.683370
DS1.d774.s1.i1 1.000000 0.427882
DS1.d774.s1.i0 -1.000000 -0.088142
DS1.d775.s0.i0 1.000000 0.888639
DS1.d776.s0.i0 1.000000 0.641967
DS1.d776.s0.i1 1.000000 0.641967
DS1.d777.s0.i0 -1.000000 0.140515
DS1.d770.s0.i0 1.000000 0.774694
DS1.d770.s0.i1 1.000000 0.844966
DS1.d771.s0.i0 1.000000 0.795713
DS1.d772.s0.i0 -1.000000 -0.257266
DS1.d772.s0.i1 -1.000000 -0.318938
DS1.d773.s0.i1 -1.000000 -0.543420
DS1.d773.s0.i0 -1.000000 -0.526428
DS1.d473.s0.i0 -1.000000 -0.475029
DS1.d473.s0.i1 -1.000000 -0.450272
DS1.d472.s0.i1 1.000000 0.888680
DS1.d472.s0.i0 1.000000 0.942921
DS1.d471.s0.i4 1.000000 0.797556
DS1.d471.s0.i5 1.000000 0.803545
DS1.d471.s0.i0 1.000000 0.908265
DS1.d471.s0.i1 1.000000 0.813513
DS1.d471.s0.i2 1.000000 0.897833
DS1.d471.s0.i3 1.000000 0.808701
DS1.d470.s0.i0 1.000000 0.600118
DS1.d477.s0.i0 1.000000 0.641849
DS1.d718.s2.i2 1.000000 0.553635
DS1.d718.s2.i3 1.000000 0.592005
DS1.d718.s2.i0 1.000000 0.493009
DS1.d718.s2.i1 1.000000 0.629094
DS1.d718.s0.i0 -1.000000 -0.701667
DS1.d718.s0.i1 -1.000000 -0.566765
DS1.d718.s1.i3 -1.000000 -1.049618
DS1.d718.s1.i2 -1.000000 -0.963543
DS1.d718.s1.i1 -1.000000 -0.957458
DS1.d718.s1.i0 -1.000000 -1.066946
DS1.d718.s1.i7 -1.000000 -0.936286
DS1.d718.s1.i6 -1.000000 -0.951329
DS1.d718.s1.i5 -1.000000 -1.035848
DS1.d718.s1.i4 -1.000000 -1.051822
DS1.d718.s1.i9 -1.000000 -1.046309
DS1.d718.s1.i8 -1.000000 -1.030438
DS1.d718.s1.i19 -1.000000 -1.050148
DS1.d718.s1.i18 -1.000000 -0.949486
DS1.d718.s1.i13 -1.000000 -0.968506
DS1.d718.s1.i12 -1.000000 -1.047341
DS1.d718.s1.i11 -1.000000 -0.983131
DS1.d718.s1.i10 -1.000000 -0.866475
DS1.d718.s1.i17 -1.000000 -0.983606
DS1.d718.s1.i16 -1.000000 -0.939686
DS1.d718.s1.i15 -1.000000 -1.024566
DS1.d718.s1.i14 -1.000000 -1.004309
DS1.d475.s2.i0 1.000000 1.149535
DS1.d475.s0.i0 -1.000000 -0.285264
DS1.d475.s0.i1 1.000000 0.163620
DS1.d475.s1.i0 1.000000 0.526146
DS1.d474.s0.i0 -1.000000 0.206823
DS1.d479.s0.i0 1.000000 0.426867
DS1.d478.s0.i0 1.000000 1.032514
DS1.d56.s0.i0 1.000000 0.370634
DS1.d57.s0.i0 1.000000 0.792843
DS1.d699.s2.i0 1.000000 0.521303
DS1.d699.s0.i0 1.000000 1.005703
DS1.d699.s0.i1 1.000000 1.005703
DS1.d699.s1.i2 -1.000000 -0.509124
DS1.d699.s1.i1 -1.000000 -0.510070
DS1.d699.s1.i0 1.000000 -0.035859
DS1.d698.s1.i0 1.000000 0.574490
DS1.d698.s0.i0 1.000000 0.711582
DS1.d52.s0.i0 1.000000 0.459367
DS1.d52.s1.i0 1.000000 0.635403
DS1.d52.s2.i0 1.000000 0.766173
DS1.d53.s0.i0 1.000000 0.412771
DS1.d50.s0.i0 1.000000 0.984805
DS1.d51.s0.i1 -1.000000 -0.343542
DS1.d51.s0.i0 -1.000000 -0.482742
DS1.d51.s0.i2 -1.000000 -0.436520
DS1.d693.s0.i2 -1.000000 -0.886695
DS1.d693.s0.i3 -1.000000 -0.868268
DS1.d693.s0.i0 -1.000000 -0.755973
DS1.d693.s0.i1 -1.000000 -0.891554
DS1.d692.s0.i1 1.000000 0.891153
DS1.d692.s0.i0 1.000000 0.827557
DS1.d691.s0.i0 1.000000 0.610489
DS1.d690.s1.i0 1.000000 1.029835
DS1.d690.s0.i0 1.000000 0.743810
DS1.d690.s3.i0 1.000000 0.763436
DS1.d690.s2.i0 1.000000 0.625077
DS1.d690.s5.i2 1.000000 0.992049
DS1.d690.s5.i3 1.000000 0.830480
DS1.d690.s5.i0 1.000000 0.842223
DS1.d690.s5.i1 1.000000 0.857360
DS1.d690.s4.i0 -1.000000 -0.877810
DS1.d690.s6.i0 -1.000000 0.192332
DS1.d697.s0.i2 1.000000 0.718523
DS1.d697.s0.i3 1.000000 0.766434
DS1.d697.s0.i0 1.000000 0.815868
DS1.d697.s0.i1 1.000000 0.814320
DS1.d696.s3.i2 -1.000000 0.457721
DS1.d696.s3.i0 1.000000 0.519229
DS1.d696.s3.i1 1.000000 0.596354
DS1.d696.s2.i0 1.000000 0.888345
DS1.d696.s1.i0 1.000000 0.380537
DS1.d696.s1.i1 -1.000000 0.081679
DS1.d696.s0.i5 -1.000000 0.203052
DS1.d696.s0.i4 1.000000 0.586325
DS1.d696.s0.i3 1.000000 0.173477
DS1.d696.s0.i2 -1.000000 0.111119
DS1.d696.s0.i1 1.000000 0.696364
DS1.d696.s0.i0 1.000000 0.245169
DS1.d696.s5.i0 1.000000 0.591718
DS1.d696.s5.i1 1.000000 0.349655
DS1.d696.s5.i2 -1.000000 0.442563
DS1.d696.s4.i0 1.000000 1.219132
DS1.d695.s2.i0 1.000000 0.796512
DS1.d695.s2.i1 1.000000 0.524512
DS1.d695.s0.i0 1.000000 0.688045
DS1.d695.s0.i1 1.000000 0.702746
DS1.d695.s1.i2 -1.000000 -0.632701
DS1.d695.s1.i1 -1.000000 -0.376754
DS1.d695.s1.i0 -1.000000 -0.214185
DS1.d694.s0.i1 -1.000000 0.141992
DS1.d694.s0.i0 1.000000 0.440273
DS1.d694.s0.i2 1.000000 0.489978
DS1.d590.s0.i0 1.000000 0.771720
DS1.d591.s0.i3 1.000000 0.566712
DS1.d591.s0.i2 1.000000 0.460446
DS1.d591.s0.i1 1.000000 0.814524
DS1.d591.s0.i0 1.000000 0.815698
DS1.d593.s0.i0 1.000000 0.872242
DS1.d594.s0.i2 1.000000 0.794764
DS1.d594.s0.i0 1.000000 0.829790
DS1.d594.s0.i1 1.000000 0.909614
DS1.d596.s0.i0 1.000000 0.777067
DS1.d596.s0.i1 1.000000 0.975156
DS1.d597.s0.i1 -1.000000 -0.724539
DS1.d597.s0.i0 -1.000000 -0.958757
DS1.d597.s0.i3 -1.000000 -0.753007
DS1.d597.s0.i2 -1.000000 -0.708555
DS1.d597.s0.i5 -1.000000 -0.677617
DS1.d597.s0.i4 -1.000000 -0.778497
DS1.d598.s0.i0 1.000000 1.021999
DS1.d598.s0.i1 1.000000 1.021999
DS1.d599.s1.i0 -1.000000 0.253577
DS1.d599.s0.i0 1.000000 0.692194
DS1.d217.s0.i0 -1.000000 -0.111698
DS1.d217.s1.i1 -1.000000 -0.211301
DS1.d217.s1.i0 -1.000000 -0.339843
DS1.d601.s0.i0 1.000000 0.460578
DS1.d602.s0.i0 -1.000000 0.354403
DS1.d603.s0.i1 1.000000 0.619431
DS1.d603.s0.i0 1.000000 0.689419
DS1.d604.s0.i0 1.000000 1.047031
DS1.d605.s1.i0 -1.000000 0.059509
DS1.d605.s1.i1 1.000000 0.075408
DS1.d605.s1.i2 1.000000 0.652112
DS1.d605.s0.i4 -1.000000 -0.093789
DS1.d605.s0.i3 -1.000000 -0.105890
DS1.d605.s0.i2 1.000000 0.169653
DS1.d605.s0.i1 -1.000000 -0.110137
DS1.d605.s0.i0 1.000000 0.161262
DS1.d211.s0.i0 1.000000 1.135876
DS1.d359.s0.i1 -1.000000 -0.007389
DS1.d359.s0.i0 1.000000 0.405107
DS1.d608.s0.i0 1.000000 0.953039
DS1.d608.s0.i1 1.000000 0.800277
DS1.d608.s1.i1 1.000000 0.574296
DS1.d608.s1.i0 1.000000 0.608025
DS1.d609.s1.i0 -1.000000 -0.226964
DS1.d609.s1.i1 -1.000000 -0.173796
DS1.d609.s1.i2 1.000000 0.317872
DS1.d609.s0.i1 1.000000 0.297029
DS1.d609.s0.i0 -1.000000 -0.096196
DS1.d354.s0.i0 1.000000 0.578774
DS1.d352.s0.i0 1.000000 0.982196
DS1.d352.s0.i1 1.000000 1.029753
DS1.d353.s0.i1 1.000000 0.933820
DS1.d353.s0.i0 1.000000 1.080761
DS1.d350.s0.i0 1.000000 0.770972
DS1.d350.s0.i1 1.000000 0.715386
DS1.d350.s0.i2 1.000000 0.799062
DS1.d350.s0.i3 1.000000 0.680686
DS1.d350.s1.i3 -1.000000 -0.716850
DS1.d350.s1.i2 -1.000000 -0.665287
DS1.d350.s1.i1 -1.000000 -0.702471
DS1.d350.s1.i0 -1.000000 -0.694579
DS1.d218.s1.i2 -1.000000 -0.649081
DS1.d218.s1.i3 -1.000000 -0.708759
DS1.d218.s1.i0 -1.000000 -0.693915
DS1.d218.s1.i1 -1.000000 -0.710668
DS1.d218.s0.i1 1.000000 0.938371
DS1.d218.s0.i0 1.000000 1.159120
DS1.d828.s0.i0 -1.000000 -0.122835
DS1.d829.s0.i0 1.000000 0.667613
DS1.d440.s0.i0 1.000000 0.204422
DS1.d820.s0.i2 -1.000000 -0.144186
DS1.d820.s0.i0 -1.000000 -0.489664
DS1.d820.s0.i1 -1.000000 -0.403235
DS1.d820.s1.i0 1.000000 0.671116
DS1.d820.s2.i0 -1.000000 -0.520973
DS1.d820.s2.i1 -1.000000 -0.950899
DS1.d820.s3.i0 -1.000000 -0.350048
DS1.d821.s0.i1 -1.000000 -0.531757
DS1.d821.s0.i0 -1.000000 -0.643655
DS1.d822.s0.i0 -1.000000 -0.100267
DS1.d823.s0.i0 -1.000000 -0.083251
DS1.d824.s0.i0 1.000000 0.390562
DS1.d824.s0.i1 1.000000 0.525244
DS1.d825.s2.i1 -1.000000 -0.668437
DS1.d825.s2.i0 -1.000000 -0.668437
DS1.d825.s1.i4 -1.000000 -0.520410
DS1.d825.s1.i5 -1.000000 -0.520410
DS1.d825.s1.i0 -1.000000 -0.920376
DS1.d825.s1.i1 -1.000000 -0.547727
DS1.d825.s1.i2 -1.000000 -0.920376
DS1.d825.s1.i3 -1.000000 -1.030212
DS1.d825.s0.i7 1.000000 0.997187
DS1.d825.s0.i6 1.000000 0.916948
DS1.d825.s0.i5 1.000000 0.577095
DS1.d825.s0.i4 1.000000 0.864489
DS1.d825.s0.i3 1.000000 0.930873
DS1.d825.s0.i2 1.000000 0.876649
DS1.d825.s0.i1 1.000000 0.636622
DS1.d825.s0.i0 1.000000 0.948150
DS1.d827.s0.i1 -1.000000 -0.581210
DS1.d827.s0.i0 -1.000000 -0.653684
DS1.d827.s0.i2 -1.000000 -0.727131
DS1.d732.s0.i0 -1.000000 0.412155
DS1.d732.s0.i1 1.000000 0.190041
DS1.d732.s0.i2 1.000000 0.263934
DS1.d733.s0.i1 1.000000 0.821441
DS1.d733.s0.i0 1.000000 0.845793
DS1.d733.s0.i3 1.000000 0.816661
DS1.d733.s0.i2 1.000000 0.856181
DS1.d509.s0.i0 -1.000000 -0.754826
DS1.d509.s0.i1 -1.000000 -0.691004
DS1.d509.s0.i2 -1.000000 -0.668318
DS1.d508.s0.i0 1.000000 0.607175
DS1.d503.s0.i0 1.000000 0.748239
DS1.d502.s1.i0 1.000000 -0.185673
DS1.d502.s1.i1 -1.000000 -0.083882
DS1.d502.s1.i2 -1.000000 -0.055433
DS1.d502.s0.i2 1.000000 0.451597
DS1.d502.s0.i1 1.000000 0.844585
DS1.d502.s0.i0 1.000000 0.679876
DS1.d500.s0.i0 1.000000 0.917142
DS1.d507.s0.i0 1.000000 0.091542
DS1.d507.s0.i1 -1.000000 0.200330
DS1.d506.s0.i1 1.000000 0.392311
DS1.d506.s0.i0 1.000000 0.510340
DS1.d505.s0.i0 1.000000 0.758237
DS1.d132.s0.i0 1.000000 0.360132
DS1.d133.s3.i0 1.000000 0.739923
DS1.d133.s2.i0 1.000000 0.662935
DS1.d133.s1.i0 1.000000 0.607373
DS1.d133.s0.i0 1.000000 0.483626
DS1.d130.s0.i8 1.000000 1.074278
DS1.d130.s0.i9 1.000000 1.004374
DS1.d130.s0.i4 1.000000 0.912048
DS1.d130.s0.i5 1.000000 0.945351
DS1.d130.s0.i6 1.000000 0.944872
DS1.d130.s0.i7 1.000000 1.067549
DS1.d130.s0.i0 1.000000 0.809618
DS1.d130.s0.i1 1.000000 1.029372
DS1.d130.s0.i2 1.000000 0.934131
DS1.d130.s0.i3 1.000000 0.941766
DS1.d131.s0.i0 1.000000 0.913935
DS1.d136.s0.i0 1.000000 0.620286
DS1.d136.s0.i1 1.000000 0.738448
DS1.d137.s1.i0 -1.000000 -0.305189
DS1.d137.s0.i0 -1.000000 0.310660
DS1.d134.s0.i0 1.000000 0.604591
DS1.d134.s0.i1 1.000000 0.553213
DS1.d135.s1.i2 -1.000000 -0.547483
DS1.d135.s1.i0 1.000000 -0.310963
DS1.d135.s1.i1 -1.000000 -0.226332
DS1.d135.s0.i1 1.000000 0.537695
DS1.d135.s0.i0 1.000000 0.580711
DS1.d138.s2.i0 1.000000 0.855702
DS1.d138.s3.i0 1.000000 0.756382
DS1.d138.s0.i0 1.000000 0.812140
DS1.d138.s1.i0 1.000000 0.338837
DS1.d139.s1.i2 1.000000 0.828922
DS1.d139.s1.i3 1.000000 0.889100
DS1.d139.s1.i0 1.000000 0.883150
DS1.d139.s1.i1 1.000000 0.782871
DS1.d139.s0.i1 -1.000000 -0.249530
DS1.d139.s0.i0 -1.000000 -0.308101
DS1.d139.s2.i2 1.000000 0.276553
DS1.d139.s2.i1 1.000000 0.196295
DS1.d139.s2.i0 1.000000 0.196295
DS1.d521.s0.i0 1.000000 0.875310
DS1.d521.s0.i1 1.000000 0.829603
DS1.d735.s3.i0 -1.000000 -0.291926
DS1.d735.s2.i1 -1.000000 -0.169773
DS1.d735.s2.i0 1.000000 0.381354
DS1.d735.s1.i0 1.000000 1.036816
DS1.d735.s1.i1 1.000000 0.777507
DS1.d735.s0.i0 1.000000 1.221049
DS1.d371.s0.i3 1.000000 0.789475
DS1.d371.s0.i2 1.000000 0.847111
DS1.d371.s0.i1 1.000000 0.813949
DS1.d371.s0.i0 1.000000 0.864224
DS1.d402.s0.i2 1.000000 0.528990
DS1.d402.s0.i0 -1.000000 0.101539
DS1.d402.s0.i1 1.000000 0.402770
DS1.d402.s1.i1 -1.000000 0.062416
DS1.d402.s1.i0 -1.000000 0.059578
DS1.d402.s2.i0 1.000000 0.491477
DS1.d402.s2.i1 1.000000 0.617503
DS1.d402.s2.i2 -1.000000 0.266340
DS1.d402.s2.i3 1.000000 0.498704
DS1.d402.s3.i2 1.000000 0.598853
DS1.d402.s3.i1 -1.000000 0.078519
DS1.d402.s3.i0 1.000000 0.471242
DS1.d219.s0.i0 1.000000 0.750352
DS1.d219.s0.i1 1.000000 0.617332
DS1.d219.s1.i2 -1.000000 -0.695386
DS1.d219.s1.i1 -1.000000 -0.657834
DS1.d219.s1.i0 -1.000000 -0.605392
DS1.d439.s0.i0 1.000000 0.717386
DS1.d438.s0.i0 1.000000 0.885881
DS1.d437.s0.i2 1.000000 0.347948
DS1.d437.s0.i0 -1.000000 -0.388070
DS1.d437.s0.i1 -1.000000 -0.311687
DS1.d436.s0.i0 1.000000 0.633878
DS1.d435.s0.i0 1.000000 0.594904
DS1.d435.s0.i1 1.000000 0.672523
DS1.d434.s0.i0 1.000000 0.707449
DS1.d433.s0.i0 1.000000 0.674374
DS1.d433.s1.i1 1.000000 0.728781
DS1.d433.s1.i0 1.000000 0.923996
DS1.d433.s1.i3 1.000000 0.809613
DS1.d433.s1.i2 1.000000 0.904430
DS1.d433.s2.i0 1.000000 1.088750
DS1.d433.s3.i0 1.000000 0.937998
DS1.d432.s1.i0 1.000000 1.057620
DS1.d432.s1.i1 1.000000 0.990859
DS1.d432.s0.i3 1.000000 0.494375
DS1.d432.s0.i2 1.000000 1.088172
DS1.d432.s0.i1 1.000000 0.568016
DS1.d432.s0.i0 1.000000 0.956063
DS1.d430.s0.i1 1.000000 0.843676
DS1.d430.s0.i0 1.000000 0.833205
DS1.d430.s0.i3 1.000000 0.831981
DS1.d430.s0.i2 1.000000 0.856249
DS1.d720.s1.i2 1.000000 -0.014915
DS1.d720.s1.i3 1.000000 0.257207
DS1.d720.s1.i0 -1.000000 -0.342597
DS1.d720.s1.i1 -1.000000 -0.342597
DS1.d720.s0.i1 -1.000000 -0.212700
DS1.d720.s0.i0 1.000000 0.194474
DS1.d720.s3.i0 1.000000 0.853259
DS1.d720.s3.i1 1.000000 0.373678
DS1.d720.s2.i0 1.000000 0.914837
