DS2.d3.s0.i0 1.0 1.60395453148
DS2.d11.s0.i0 1.0 0.843416152174
DS2.d11.s1.i0 1.0 1.22107107777
DS2.d12.s0.i0 -1 0.354760222013
DS2.d12.s0.i1 -1 -0.0390209120301
DS2.d12.s0.i2 -1 0.714543589891
DS2.d12.s0.i3 -1 -1.04425020318
DS2.d12.s1.i0 -1 -0.200726936197
DS2.d12.s1.i1 -1 0.718494565887
DS2.d12.s1.i2 -1 0.111581322705
DS2.d12.s1.i3 -1 -0.786726366188
DS2.d16.s0.i0 -1 0.473467547218
DS2.d16.s1.i0 1.0 0.416399261358
DS2.d16.s1.i1 1.0 0.767028341342
DS2.d16.s1.i2 1.0 0.773347984298
DS2.d18.s0.i0 1.0 0.308955724522
DS2.d18.s0.i1 1.0 -0.0168007110765
DS2.d18.s0.i2 1.0 0.532083039779
DS2.d21.s0.i0 -1 0.479080510603
DS2.d37.s0.i0 1.0 0.565339970764
DS2.d45.s0.i0 -1 0.14938434229
DS2.d45.s0.i1 -1 -0.606975039352
DS2.d45.s0.i2 -1 -0.309246653171
DS2.d45.s0.i3 -1 -0.13626015732
DS2.d47.s0.i0 -1 0.954985005578
DS2.d47.s0.i1 -1 1.422151299
DS2.d47.s0.i2 -1 0.938872307249
DS2.d51.s0.i0 1.0 0.27847104005
DS2.d51.s0.i1 1.0 0.474435129986
DS2.d61.s0.i0 1.0 1.08565582629
DS2.d61.s0.i1 1.0 1.0486766188
DS2.d61.s1.i0 -1 -0.699259028237
DS2.d61.s2.i0 1.0 -0.0132956583638
DS2.d61.s2.i1 1.0 0.838034596195
DS2.d61.s3.i0 1.0 -0.633573235169
DS2.d63.s0.i0 -1 -0.279362763404
DS2.d63.s0.i1 1.0 -0.0393967969107
DS2.d75.s0.i0 1.0 1.62417463076
DS2.d75.s0.i1 -1 0.7061060753
DS2.d76.s0.i0 1.0 1.61612685339
DS2.d76.s0.i1 1.0 1.61612685339
DS2.d76.s1.i0 1.0 1.48764479328
DS2.d76.s1.i1 1.0 1.48764479328
DS2.d76.s1.i2 1.0 0.94212790469
DS2.d76.s1.i3 1.0 1.67807841773
DS2.d76.s1.i4 1.0 1.67807841773
DS2.d76.s1.i5 1.0 0.78169818346
DS2.d96.s0.i0 -1 0.0976440473183
DS2.d96.s1.i0 -1 1.94192906444
DS2.d96.s1.i1 -1 1.98152583553
DS2.d102.s0.i0 1.0 1.41882676278
DS2.d117.s0.i0 1.0 1.61506921194
DS2.d117.s0.i1 1.0 1.61506921194
DS2.d119.s0.i0 1.0 0.909548762609
DS2.d122.s0.i0 -1 0.410747998803
DS2.d122.s0.i1 -1 -0.86492965242
DS2.d122.s1.i0 -1 -1.39990410045
DS2.d122.s1.i1 -1 -1.17332715001
DS2.d122.s1.i2 -1 -0.472188069896
DS2.d122.s1.i3 -1 -0.99264498291
DS2.d122.s2.i0 -1 1.26651106248
DS2.d122.s3.i0 -1 -0.228791884297
DS2.d122.s3.i1 -1 -0.432726587796
DS2.d122.s3.i2 -1 -0.621340219594
DS2.d127.s0.i0 1.0 1.09512494416
DS2.d131.s0.i0 1.0 1.82230863112
DS2.d134.s0.i0 -1 0.404735917265
DS2.d134.s1.i0 -1 0.142692458498
DS2.d134.s1.i1 1.0 0.555149722325
DS2.d134.s2.i0 -1 0.797729822937
DS2.d167.s0.i0 1.0 2.1679125554
DS2.d167.s0.i1 1.0 1.36032156632
DS2.d167.s0.i2 1.0 1.92010936509
DS2.d170.s0.i0 1.0 -0.136456701471
DS2.d170.s0.i1 1.0 -0.183409672767
DS2.d179.s0.i0 -1 1.1075266433
DS2.d179.s1.i0 -1 0.510906299256
DS2.d179.s1.i1 -1 0.70402279546
DS2.d184.s0.i0 1.0 1.48467605072
DS2.d196.s0.i0 1.0 0.643243485631
DS2.d196.s1.i0 1.0 1.39317883858
DS2.d198.s0.i0 1.0 2.30729804762
DS2.d198.s0.i1 1.0 -0.0235628311591
DS2.d204.s0.i0 -1 0.288558752797
DS2.d204.s1.i0 -1 -0.309806777679
DS2.d214.s0.i0 1.0 0.75878366931
DS2.d215.s0.i0 1.0 0.483801679691
DS2.d217.s0.i0 -1 0.992544185947
DS2.d217.s0.i1 -1 0.711760261201
DS2.d217.s0.i2 -1 1.26192967901
DS2.d217.s0.i3 -1 0.981145754262
DS2.d217.s0.i4 -1 0.628512675344
DS2.d217.s0.i5 -1 0.571802933412
DS2.d227.s0.i0 -1 0.384989465065
DS2.d227.s1.i0 -1 -0.773500491088
DS2.d228.s0.i0 1.0 0.496386393502
DS2.d228.s1.i0 1.0 -0.400619664871
DS2.d228.s1.i1 1.0 -0.0383226171519
DS2.d234.s0.i0 1.0 0.4848473651
DS2.d234.s0.i1 -1 -0.15608177153
DS2.d246.s0.i0 -1 0.373364148631
DS2.d246.s0.i1 -1 1.69414327549
DS2.d250.s0.i0 1.0 1.10261105934
DS2.d254.s0.i0 -1 -0.991508119732
DS2.d261.s0.i0 1.0 1.28465204315
DS2.d261.s0.i1 1.0 1.10347952178
DS2.d261.s0.i2 1.0 0.855624584734
DS2.d274.s0.i0 1.0 -0.399604609347
DS2.d274.s1.i0 -1 -0.207969619649
DS2.d277.s0.i0 -1 -0.316863340117
DS2.d304.s0.i0 -1 -0.582843546888
DS2.d312.s0.i0 -1 -0.0158241054182
DS2.d312.s0.i1 -1 0.0356287711689
DS2.d312.s0.i2 -1 -0.26893057155
DS2.d315.s0.i0 1.0 1.38308929845
DS2.d326.s0.i0 1.0 0.613176162705
DS2.d326.s1.i0 1.0 1.21090415315
DS2.d326.s1.i1 1.0 0.798854788217
DS2.d335.s0.i0 1.0 0.574888349379
DS2.d336.s0.i0 -1 -0.917067293766
DS2.d336.s0.i1 -1 -1.45608151611
DS2.d336.s0.i2 -1 -1.26506649514
DS2.d336.s0.i3 -1 -1.80408071749
DS2.d361.s0.i0 1.0 0.810130285697
DS2.d373.s0.i0 1.0 0.603369318869
DS2.d373.s1.i0 1.0 1.26596775072
DS2.d387.s0.i0 1.0 0.180487529368
DS2.d387.s0.i1 1.0 0.479429102115
DS2.d387.s1.i0 1.0 0.947528739781
DS2.d405.s0.i0 1.0 0.309138001158
DS2.d405.s0.i1 -1 0.172735352366
DS2.d405.s0.i2 -1 -0.276081584508
DS2.d405.s0.i3 1.0 0.382052108606
DS2.d409.s0.i0 1.0 -0.429147196375
DS2.d418.s0.i0 -1 -2.61039656767
DS2.d418.s0.i1 -1 -2.10566527855
DS2.d481.s0.i0 -1 -0.349859514532
DS2.d507.s0.i0 -1 0.961971642151
DS2.d524.s0.i0 -1 0.846108449437
DS2.d524.s0.i1 -1 1.36563310342
DS2.d527.s0.i0 -1 0.855108548693
DS2.d527.s0.i1 -1 1.13179364485
DS2.d531.s0.i0 1.0 1.56228924485
DS2.d531.s1.i0 1.0 1.08185372001
DS2.d540.s0.i0 1.0 2.09712940473
DS2.d542.s0.i0 1.0 0.0591282248468
DS2.d555.s0.i0 1.0 0.483726960226
DS2.d555.s1.i0 1.0 0.403140311776
DS2.d555.s1.i1 1.0 0.200441688975
DS2.d556.s0.i0 1.0 -0.444051328068
DS2.d556.s0.i1 1.0 -0.382200900907
DS2.d556.s0.i2 1.0 -0.259945044462
DS2.d556.s1.i0 -1 0.173628885428
DS2.d556.s1.i1 -1 -0.316399692637
DS2.d556.s1.i2 1.0 -0.831727455127
DS2.d557.s0.i0 1.0 1.16811351016
DS2.d558.s0.i0 1.0 0.133389511596
DS2.d581.s0.i0 -1 -0.0810820832684
DS2.d583.s0.i0 1.0 0.430646226504
DS2.d583.s0.i1 1.0 0.430646226504
DS2.d583.s0.i2 1.0 0.986733384595
DS2.d583.s0.i3 1.0 0.986733384595
DS2.d592.s0.i0 1.0 0.171197263721
DS2.d595.s0.i0 1.0 1.61600616934
DS2.d595.s1.i0 1.0 0.343210029055
DS2.d614.s0.i0 -1 -1.36113224637
DS2.d614.s0.i1 -1 -0.903688363835
DS2.d618.s0.i0 1.0 0.999006320981
DS2.d638.s0.i0 1.0 1.6907708979
DS2.d638.s0.i1 1.0 1.7071494745
DS2.d638.s0.i2 1.0 0.19975541383
DS2.d638.s0.i3 1.0 0.316166642906
DS2.d638.s1.i0 -1 0.26341884985
DS2.d638.s1.i1 -1 0.63881837005
DS2.d638.s2.i0 1.0 -0.786906654083
DS2.d638.s2.i1 1.0 -0.359737066525
DS2.d638.s3.i0 1.0 1.72579648139
DS2.d638.s3.i1 1.0 2.08458228803
DS2.d638.s3.i2 1.0 2.10836175675
DS2.d642.s0.i0 1.0 0.314286275904
DS2.d642.s0.i1 1.0 0.00417080613283
DS2.d703.s0.i0 -1 1.33746185172
DS2.d706.s0.i0 1.0 -0.214449849344
DS2.d708.s0.i0 1.0 0.156322986033
DS2.d708.s0.i1 1.0 0.330423549827
DS2.d721.s0.i0 -1 2.08380896038
DS2.d726.s0.i0 1.0 1.22159360023
DS2.d726.s0.i1 1.0 1.39132965517
DS2.d726.s0.i2 1.0 1.22159360023
DS2.d734.s0.i0 -1 0.721348654992
DS2.d741.s0.i0 1.0 0.872110072352
DS2.d755.s0.i0 1.0 1.27971924372
DS2.d755.s0.i1 1.0 0.336589829061
DS2.d757.s0.i0 -1 -1.41683772557
DS2.d757.s0.i1 -1 -0.946362298058
DS2.d757.s1.i0 -1 -1.06649858002
DS2.d757.s1.i1 -1 0.816651595828
DS2.d757.s2.i0 -1 -1.12425057137
DS2.d757.s2.i1 -1 1.24491863634
DS2.d757.s3.i0 -1 -1.03459208711
DS2.d757.s3.i1 -1 -1.51348861699
DS2.d765.s0.i0 -1 0.354471019117
DS2.d774.s0.i0 -1 -0.028625017808
DS2.d774.s0.i1 -1 -1.66644104379
DS2.d774.s1.i0 -1 0.147698084605
DS2.d774.s1.i1 -1 -1.23271568926
DS2.d774.s1.i2 -1 -0.673380751926
DS2.d774.s2.i0 -1 0.485171537381
DS2.d774.s2.i1 -1 -1.44154767412
DS2.d777.s0.i0 1.0 -0.319943141927
DS2.d779.s0.i0 1.0 -0.381532707935
DS2.d785.s0.i0 1.0 1.3632790945
DS2.d806.s0.i0 1.0 2.22072505427
DS2.d806.s1.i0 1.0 0.473954762415
DS2.d806.s1.i1 1.0 0.558916608135
DS2.d809.s0.i0 1.0 0.581180608396
DS2.d826.s0.i0 -1 -0.502548617852
DS2.d826.s0.i1 -1 -1.3765334808
DS2.d826.s0.i2 -1 -1.2751705412
DS2.d826.s0.i3 -1 -0.573194782002
DS2.d826.s0.i4 -1 -0.258361198143
DS2.d826.s0.i5 -1 -0.951833642224
DS2.d826.s0.i6 -1 0.601305974605
DS2.d826.s0.i7 -1 -0.869478809584
DS2.d826.s0.i8 -1 0.225142686892
DS2.d826.s0.i9 -1 -0.611657395751
DS2.d826.s0.i10 -1 -1.42867584873
DS2.d826.s0.i11 -1 -1.2528184233
DS2.d826.s0.i12 -1 -0.539181729181
DS2.d826.s0.i13 -1 -0.267140912615
DS2.d859.s0.i0 1.0 0.16165417677
DS2.d866.s0.i0 1.0 1.07023489108
DS2.d867.s0.i0 1.0 1.13824076957
DS2.d867.s0.i1 1.0 1.29468758145
DS2.d868.s0.i0 1.0 0.384083510145
DS2.d873.s0.i0 1.0 1.46768761532
DS2.d890.s0.i0 1.0 1.16166934394
DS2.d895.s0.i0 1.0 0.962490034256
DS2.d905.s0.i0 1.0 1.24215048146
DS2.d905.s0.i1 1.0 1.42086858876
DS2.d905.s1.i0 1.0 -0.990878107842
DS2.d913.s0.i0 1.0 1.2784991667
DS2.d913.s1.i0 1.0 1.98180208513
DS2.d913.s2.i0 1.0 0.533575396387
DS2.d919.s0.i0 1.0 0.918924742003
DS2.d927.s0.i0 1.0 0.747729828809
DS2.d927.s1.i0 1.0 -0.26498250623
DS2.d938.s0.i0 1.0 0.222650326401
DS2.d938.s1.i0 1.0 0.0314720007474
DS2.d938.s2.i0 -1 -0.132548046897
DS2.d940.s0.i0 1.0 0.380588112177
DS2.d945.s0.i0 -1 -0.793930686243
DS2.d945.s0.i1 -1 -0.302058636657
DS2.d960.s0.i0 -1 -1.57212527661
DS2.d986.s0.i0 1.0 1.11254031845
DS2.d989.s0.i0 1.0 -0.139152884306
DS2.d989.s0.i1 1.0 0.0434545923519
DS2.d989.s0.i2 1.0 0.182103634697
DS2.d989.s0.i3 1.0 -0.648578118044
DS2.d989.s0.i4 1.0 -0.452459161818
DS2.d989.s1.i0 1.0 2.07803772679
DS2.d1047.s0.i0 1.0 0.931348630988
DS2.d1047.s1.i0 1.0 0.753622984373
DS2.d1047.s1.i1 1.0 0.753622984373
