DS2.d3.s0.i0 1.0 1.81906430771
DS2.d11.s0.i0 1.0 0.386888241025
DS2.d11.s1.i0 1.0 1.05966603343
DS2.d12.s0.i0 -1 0.25003746671
DS2.d12.s0.i1 -1 -0.13278341957
DS2.d12.s0.i2 -1 0.0444162997219
DS2.d12.s0.i3 -1 -1.13961501185
DS2.d12.s1.i0 -1 -0.371842603961
DS2.d12.s1.i1 -1 -0.0116250129604
DS2.d12.s1.i2 -1 0.0638505494075
DS2.d12.s1.i3 -1 -0.829241177888
DS2.d16.s0.i0 -1 0.831775837186
DS2.d16.s1.i0 1.0 0.0974785072549
DS2.d16.s1.i1 1.0 0.732766469347
DS2.d16.s1.i2 1.0 0.470035637474
DS2.d18.s0.i0 1.0 -0.00970047798232
DS2.d18.s0.i1 1.0 0.43551476713
DS2.d18.s0.i2 1.0 0.772158195981
DS2.d21.s0.i0 -1 0.299101646281
DS2.d37.s0.i0 1.0 0.566589636729
DS2.d45.s0.i0 -1 -0.0423474896815
DS2.d45.s0.i1 -1 -0.359123299419
DS2.d45.s0.i2 -1 -0.170048598054
DS2.d45.s0.i3 -1 -0.183252144069
DS2.d47.s0.i0 -1 1.01510472628
DS2.d47.s0.i1 -1 1.47675051089
DS2.d47.s0.i2 -1 0.711514845657
DS2.d51.s0.i0 1.0 0.0852201052373
DS2.d51.s0.i1 1.0 0.430067135207
DS2.d61.s0.i0 1.0 1.05002375215
DS2.d61.s0.i1 1.0 1.05999649791
DS2.d61.s1.i0 -1 -1.24360665513
DS2.d61.s2.i0 1.0 -0.489756957076
DS2.d61.s2.i1 1.0 1.03614165771
DS2.d61.s3.i0 1.0 -1.09796176032
DS2.d63.s0.i0 -1 -0.737598049472
DS2.d63.s0.i1 1.0 0.048348702674
DS2.d75.s0.i0 1.0 1.58437643254
DS2.d75.s0.i1 -1 0.78109466708
DS2.d76.s0.i0 1.0 1.39865112436
DS2.d76.s0.i1 1.0 1.39865112436
DS2.d76.s1.i0 1.0 0.991927896341
DS2.d76.s1.i1 1.0 0.991927896341
DS2.d76.s1.i2 1.0 0.227699193896
DS2.d76.s1.i3 1.0 1.08584611808
DS2.d76.s1.i4 1.0 1.08584611808
DS2.d76.s1.i5 1.0 0.11985510348
DS2.d96.s0.i0 -1 -0.048869778483
DS2.d96.s1.i0 -1 2.07638952398
DS2.d96.s1.i1 -1 2.54606114747
DS2.d102.s0.i0 1.0 1.2963038664
DS2.d117.s0.i0 1.0 2.03195936614
DS2.d117.s0.i1 1.0 2.03195936614
DS2.d119.s0.i0 1.0 0.795673814978
DS2.d122.s0.i0 -1 -0.420884760176
DS2.d122.s0.i1 -1 -0.958549312851
DS2.d122.s1.i0 -1 -1.99400321244
DS2.d122.s1.i1 -1 -1.43048792346
DS2.d122.s1.i2 -1 -0.606212986419
DS2.d122.s1.i3 -1 -1.46278293654
DS2.d122.s2.i0 -1 0.538441682528
DS2.d122.s3.i0 -1 -0.663999077668
DS2.d122.s3.i1 -1 -0.471498558219
DS2.d122.s3.i2 -1 -0.744563509089
DS2.d127.s0.i0 1.0 0.919928235952
DS2.d131.s0.i0 1.0 2.0339866047
DS2.d134.s0.i0 -1 0.410274988886
DS2.d134.s1.i0 -1 0.155763857326
DS2.d134.s1.i1 1.0 0.62890070907
DS2.d134.s2.i0 -1 0.94684384542
DS2.d167.s0.i0 1.0 1.67727581842
DS2.d167.s0.i1 1.0 1.08370395083
DS2.d167.s0.i2 1.0 1.72884836861
DS2.d170.s0.i0 1.0 -0.134753473808
DS2.d170.s0.i1 1.0 -0.0826563901519
DS2.d179.s0.i0 -1 1.33919986226
DS2.d179.s1.i0 -1 0.416436953323
DS2.d179.s1.i1 -1 0.418502485442
DS2.d184.s0.i0 1.0 1.36458704115
DS2.d196.s0.i0 1.0 0.535747986128
DS2.d196.s1.i0 1.0 1.38408801406
DS2.d198.s0.i0 1.0 2.10170626113
DS2.d198.s0.i1 1.0 -0.585963718965
DS2.d204.s0.i0 -1 0.09471366464
DS2.d204.s1.i0 -1 -0.736059182844
DS2.d214.s0.i0 1.0 0.700114788235
DS2.d215.s0.i0 1.0 0.71687352354
DS2.d217.s0.i0 -1 0.672862377733
DS2.d217.s0.i1 -1 0.769250638739
DS2.d217.s0.i2 -1 1.18185168059
DS2.d217.s0.i3 -1 1.2782399416
DS2.d217.s0.i4 -1 0.360646000753
DS2.d217.s0.i5 -1 0.238175136463
DS2.d227.s0.i0 -1 0.204198457423
DS2.d227.s1.i0 -1 -0.723897688899
DS2.d228.s0.i0 1.0 0.668487387248
DS2.d228.s1.i0 1.0 0.215318050001
DS2.d228.s1.i1 1.0 0.270838425101
DS2.d234.s0.i0 1.0 0.55723372956
DS2.d234.s0.i1 -1 -0.102262698861
DS2.d246.s0.i0 -1 0.607179441758
DS2.d246.s0.i1 -1 2.02980322861
DS2.d250.s0.i0 1.0 1.15148065836
DS2.d254.s0.i0 -1 -1.28805029577
DS2.d261.s0.i0 1.0 1.03782125645
DS2.d261.s0.i1 1.0 1.1345877218
DS2.d261.s0.i2 1.0 0.777761808134
DS2.d274.s0.i0 1.0 -0.826868194794
DS2.d274.s1.i0 -1 -0.128845039414
DS2.d277.s0.i0 -1 -0.30752242965
DS2.d304.s0.i0 -1 -0.958127226482
DS2.d312.s0.i0 -1 -0.347935553487
DS2.d312.s0.i1 -1 -0.154419278867
DS2.d312.s0.i2 -1 -0.345887639083
DS2.d315.s0.i0 1.0 1.36245013128
DS2.d326.s0.i0 1.0 0.835092624359
DS2.d326.s1.i0 1.0 1.15711826898
DS2.d326.s1.i1 1.0 0.593939614923
DS2.d335.s0.i0 1.0 1.21841722366
DS2.d336.s0.i0 -1 -0.987824183679
DS2.d336.s0.i1 -1 -1.37748347427
DS2.d336.s0.i2 -1 -1.58742895859
DS2.d336.s0.i3 -1 -1.97708824919
DS2.d361.s0.i0 1.0 1.05673887175
DS2.d373.s0.i0 1.0 0.548461546592
DS2.d373.s1.i0 1.0 1.51286943548
DS2.d387.s0.i0 1.0 0.204126622071
DS2.d387.s0.i1 1.0 0.468640980963
DS2.d387.s1.i0 1.0 0.883294135556
DS2.d405.s0.i0 1.0 0.572394565105
DS2.d405.s0.i1 -1 -0.505320132226
DS2.d405.s0.i2 -1 -0.0234540222342
DS2.d405.s0.i3 1.0 0.387211694734
DS2.d409.s0.i0 1.0 -0.90672075642
DS2.d418.s0.i0 -1 -2.5658637223
DS2.d418.s0.i1 -1 -1.7299609996
DS2.d481.s0.i0 -1 -0.404591269521
DS2.d507.s0.i0 -1 0.726988314186
DS2.d524.s0.i0 -1 1.05743503157
DS2.d524.s0.i1 -1 1.71313515884
DS2.d527.s0.i0 -1 1.12641916546
DS2.d527.s0.i1 -1 1.34987229275
DS2.d531.s0.i0 1.0 1.43333618552
DS2.d531.s1.i0 1.0 0.672025631429
DS2.d540.s0.i0 1.0 2.45311280801
DS2.d542.s0.i0 1.0 0.0920829754088
DS2.d555.s0.i0 1.0 0.732749498131
DS2.d555.s1.i0 1.0 -0.149987055769
DS2.d555.s1.i1 1.0 -0.204880294851
DS2.d556.s0.i0 1.0 -0.4694176997
DS2.d556.s0.i1 1.0 -0.299653046401
DS2.d556.s0.i2 1.0 -0.155849761012
DS2.d556.s1.i0 -1 0.306436798571
DS2.d556.s1.i1 -1 -0.319715550999
DS2.d556.s1.i2 1.0 -1.41386277501
DS2.d557.s0.i0 1.0 0.990649440516
DS2.d558.s0.i0 1.0 0.0580524167852
DS2.d581.s0.i0 -1 -0.260437449495
DS2.d583.s0.i0 1.0 0.316933365114
DS2.d583.s0.i1 1.0 0.316933365114
DS2.d583.s0.i2 1.0 0.915029836003
DS2.d583.s0.i3 1.0 0.915029836003
DS2.d592.s0.i0 1.0 0.11316667878
DS2.d595.s0.i0 1.0 1.77829992356
DS2.d595.s1.i0 1.0 0.141230364521
DS2.d614.s0.i0 -1 -1.69125663916
DS2.d614.s0.i1 -1 -1.32306410261
DS2.d618.s0.i0 1.0 0.857980866205
DS2.d638.s0.i0 1.0 1.62993822833
DS2.d638.s0.i1 1.0 1.39125736722
DS2.d638.s0.i2 1.0 0.111586067739
DS2.d638.s0.i3 1.0 0.530245791457
DS2.d638.s1.i0 -1 0.00535221492719
DS2.d638.s1.i1 -1 0.25942858599
DS2.d638.s2.i0 1.0 -1.40408009207
DS2.d638.s2.i1 1.0 -0.77818738146
DS2.d638.s3.i0 1.0 1.58325505024
DS2.d638.s3.i1 1.0 2.26697168708
DS2.d638.s3.i2 1.0 2.07739123844
DS2.d642.s0.i0 1.0 0.158389137571
DS2.d642.s0.i1 1.0 -0.000456417364605
DS2.d703.s0.i0 -1 1.57747498747
DS2.d706.s0.i0 1.0 -0.392040808977
DS2.d708.s0.i0 1.0 0.046048557676
DS2.d708.s0.i1 1.0 0.272714547175
DS2.d721.s0.i0 -1 2.0615644439
DS2.d726.s0.i0 1.0 1.25614315316
DS2.d726.s0.i1 1.0 1.66192064186
DS2.d726.s0.i2 1.0 1.25614315316
DS2.d734.s0.i0 -1 0.656192219117
DS2.d741.s0.i0 1.0 0.805815915139
DS2.d755.s0.i0 1.0 1.55595057893
DS2.d755.s0.i1 1.0 0.311739275408
DS2.d757.s0.i0 -1 -1.81280443604
DS2.d757.s0.i1 -1 -1.16682990437
DS2.d757.s1.i0 -1 -1.32404935103
DS2.d757.s1.i1 -1 -0.386887050231
DS2.d757.s2.i0 -1 -1.38790882565
DS2.d757.s2.i1 -1 0.375819579763
DS2.d757.s3.i0 -1 -1.25029410066
DS2.d757.s3.i1 -1 -1.90423488215
DS2.d765.s0.i0 -1 0.296561803107
DS2.d774.s0.i0 -1 -1.14157606184
DS2.d774.s0.i1 -1 -1.90580096164
DS2.d774.s1.i0 -1 -0.351025092486
DS2.d774.s1.i1 -1 -1.43034877572
DS2.d774.s1.i2 -1 -1.28212700969
DS2.d774.s2.i0 -1 -0.423625084484
DS2.d774.s2.i1 -1 -1.7032753381
DS2.d777.s0.i0 1.0 -0.574019163074
DS2.d779.s0.i0 1.0 -0.777303849332
DS2.d785.s0.i0 1.0 1.58551877701
DS2.d806.s0.i0 1.0 2.10471576378
DS2.d806.s1.i0 1.0 0.79846088298
DS2.d806.s1.i1 1.0 1.0083824926
DS2.d809.s0.i0 1.0 0.614149551655
DS2.d826.s0.i0 -1 -1.12478049863
DS2.d826.s0.i1 -1 -1.69785663735
DS2.d826.s0.i2 -1 -1.45686543931
DS2.d826.s0.i3 -1 -0.790894719571
DS2.d826.s0.i4 -1 -0.682435800112
DS2.d826.s0.i5 -1 -1.05778917377
DS2.d826.s0.i6 -1 0.115413674325
DS2.d826.s0.i7 -1 -0.953136182693
DS2.d826.s0.i8 -1 -0.377091725539
DS2.d826.s0.i9 -1 -1.04296753621
DS2.d826.s0.i10 -1 -1.6502647084
DS2.d826.s0.i11 -1 -1.61328699653
DS2.d826.s0.i12 -1 -0.689124241226
DS2.d826.s0.i13 -1 -0.990398332976
DS2.d859.s0.i0 1.0 0.372834528839
DS2.d866.s0.i0 1.0 0.510070150949
DS2.d867.s0.i0 1.0 0.848163102531
DS2.d867.s0.i1 1.0 1.71447824597
DS2.d868.s0.i0 1.0 0.125689917268
DS2.d873.s0.i0 1.0 1.60532366888
DS2.d890.s0.i0 1.0 1.61169807873
DS2.d895.s0.i0 1.0 1.19062282083
DS2.d905.s0.i0 1.0 1.37352213905
DS2.d905.s0.i1 1.0 1.44447154319
DS2.d905.s1.i0 1.0 -1.45760730396
DS2.d913.s0.i0 1.0 1.32109535104
DS2.d913.s1.i0 1.0 1.49405689437
DS2.d913.s2.i0 1.0 0.573823097824
DS2.d919.s0.i0 1.0 1.09611595998
DS2.d927.s0.i0 1.0 1.03850782184
DS2.d927.s1.i0 1.0 -0.129693821835
DS2.d938.s0.i0 1.0 0.461587819225
DS2.d938.s1.i0 1.0 -0.125714288188
DS2.d938.s2.i0 -1 0.111002128492
DS2.d940.s0.i0 1.0 0.221313352316
DS2.d945.s0.i0 -1 -1.15655511652
DS2.d945.s0.i1 -1 -0.789899848982
DS2.d960.s0.i0 -1 -2.15737768083
DS2.d986.s0.i0 1.0 1.28263560742
DS2.d989.s0.i0 1.0 0.00376835739944
DS2.d989.s0.i1 1.0 -0.148931547273
DS2.d989.s0.i2 1.0 -0.051734890265
DS2.d989.s0.i3 1.0 -0.598977799866
DS2.d989.s0.i4 1.0 -0.465646585147
DS2.d989.s1.i0 1.0 1.54172608079
DS2.d1047.s0.i0 1.0 0.523436729421
DS2.d1047.s1.i0 1.0 1.02216647431
DS2.d1047.s1.i1 1.0 1.02216647431
