DS2.d3.s0.i0 1.0 1.7637531745
DS2.d11.s0.i0 1.0 0.908907304093
DS2.d11.s1.i0 1.0 1.16255817977
DS2.d12.s0.i0 -1 -0.0839290886464
DS2.d12.s0.i1 -1 -0.105173217111
DS2.d12.s0.i2 -1 -0.446503460435
DS2.d12.s0.i3 -1 -0.772423258444
DS2.d12.s1.i0 -1 -0.362614689982
DS2.d12.s1.i1 -1 0.205521464222
DS2.d12.s1.i2 -1 -0.186257973675
DS2.d12.s1.i3 -1 -0.800551910503
DS2.d16.s0.i0 -1 0.36683204586
DS2.d16.s1.i0 1.0 0.135745430449
DS2.d16.s1.i1 1.0 0.700250624353
DS2.d16.s1.i2 1.0 0.656194667486
DS2.d18.s0.i0 1.0 0.37199234142
DS2.d18.s0.i1 1.0 0.981060632774
DS2.d18.s0.i2 1.0 1.012218827
DS2.d21.s0.i0 -1 0.381356013046
DS2.d37.s0.i0 1.0 0.382455148831
DS2.d45.s0.i0 -1 0.121299097791
DS2.d45.s0.i1 -1 0.0918795047233
DS2.d45.s0.i2 -1 0.014898340726
DS2.d45.s0.i3 -1 0.153182737599
DS2.d47.s0.i0 -1 0.960125843685
DS2.d47.s0.i1 -1 1.01329058172
DS2.d47.s0.i2 -1 0.702044545181
DS2.d51.s0.i0 1.0 0.481589359959
DS2.d51.s0.i1 1.0 0.525885585504
DS2.d61.s0.i0 1.0 1.013803495
DS2.d61.s0.i1 1.0 0.795009073931
DS2.d61.s1.i0 -1 -0.948412705402
DS2.d61.s2.i0 1.0 -0.331246922823
DS2.d61.s2.i1 1.0 0.530864224811
DS2.d61.s3.i0 1.0 -0.879067560522
DS2.d63.s0.i0 -1 -0.86501394214
DS2.d63.s0.i1 1.0 0.129295152294
DS2.d75.s0.i0 1.0 1.5183845317
DS2.d75.s0.i1 -1 0.439175546408
DS2.d76.s0.i0 1.0 1.07812367309
DS2.d76.s0.i1 1.0 1.07812367309
DS2.d76.s1.i0 1.0 1.00905501703
DS2.d76.s1.i1 1.0 1.00905501703
DS2.d76.s1.i2 1.0 0.279458642004
DS2.d76.s1.i3 1.0 0.884850180972
DS2.d76.s1.i4 1.0 0.884850180972
DS2.d76.s1.i5 1.0 0.278124754916
DS2.d96.s0.i0 -1 0.315371554721
DS2.d96.s1.i0 -1 1.71392254345
DS2.d96.s1.i1 -1 2.11830437971
DS2.d102.s0.i0 1.0 1.56190755474
DS2.d117.s0.i0 1.0 1.50712785015
DS2.d117.s0.i1 1.0 1.50712785015
DS2.d119.s0.i0 1.0 0.584395153187
DS2.d122.s0.i0 -1 -0.0340748169842
DS2.d122.s0.i1 -1 -0.750170766432
DS2.d122.s1.i0 -1 -1.83584587092
DS2.d122.s1.i1 -1 -0.638962548802
DS2.d122.s1.i2 -1 -0.614223119325
DS2.d122.s1.i3 -1 -1.36308312732
DS2.d122.s2.i0 -1 0.143081369088
DS2.d122.s3.i0 -1 -0.851909566247
DS2.d122.s3.i1 -1 -0.572731353798
DS2.d122.s3.i2 -1 -1.1077656547
DS2.d127.s0.i0 1.0 1.12733663679
DS2.d131.s0.i0 1.0 1.51574426455
DS2.d134.s0.i0 -1 0.520667435676
DS2.d134.s1.i0 -1 0.527091029568
DS2.d134.s1.i1 1.0 0.99371379795
DS2.d134.s2.i0 -1 0.792196940591
DS2.d167.s0.i0 1.0 1.50743937899
DS2.d167.s0.i1 1.0 1.22462182126
DS2.d167.s0.i2 1.0 1.82407484246
DS2.d170.s0.i0 1.0 -0.121164079959
DS2.d170.s0.i1 1.0 -0.133806686525
DS2.d179.s0.i0 -1 0.438329134929
DS2.d179.s1.i0 -1 -0.171906048376
DS2.d179.s1.i1 -1 -0.415441263427
DS2.d184.s0.i0 1.0 1.16719712193
DS2.d196.s0.i0 1.0 0.543119565599
DS2.d196.s1.i0 1.0 1.52186176907
DS2.d198.s0.i0 1.0 0.792801112106
DS2.d198.s0.i1 1.0 -0.70750743095
DS2.d204.s0.i0 -1 -0.317030844189
DS2.d204.s1.i0 -1 -0.403030210115
DS2.d214.s0.i0 1.0 0.451497853654
DS2.d215.s0.i0 1.0 0.929378998094
DS2.d217.s0.i0 -1 0.393053029333
DS2.d217.s0.i1 -1 0.338468288541
DS2.d217.s0.i2 -1 1.27167473367
DS2.d217.s0.i3 -1 1.41854902384
DS2.d217.s0.i4 -1 -0.23119043339
DS2.d217.s0.i5 -1 -0.0546531627768
DS2.d227.s0.i0 -1 -0.289071872501
DS2.d227.s1.i0 -1 0.199569701004
DS2.d228.s0.i0 1.0 0.576666397478
DS2.d228.s1.i0 1.0 0.244789308067
DS2.d228.s1.i1 1.0 0.359287638206
DS2.d234.s0.i0 1.0 0.180356312786
DS2.d234.s0.i1 -1 -0.164784723315
DS2.d246.s0.i0 -1 0.351724551874
DS2.d246.s0.i1 -1 1.70872925791
DS2.d250.s0.i0 1.0 1.17617370574
DS2.d254.s0.i0 -1 -1.19584765771
DS2.d261.s0.i0 1.0 0.732194540375
DS2.d261.s0.i1 1.0 0.938355757829
DS2.d261.s0.i2 1.0 0.677795159537
DS2.d274.s0.i0 1.0 -0.583472108207
DS2.d274.s1.i0 -1 -0.105017703239
DS2.d277.s0.i0 -1 0.000994390914913
DS2.d304.s0.i0 -1 -0.797145209217
DS2.d312.s0.i0 -1 -0.316974033887
DS2.d312.s0.i1 -1 -0.0970777865456
DS2.d312.s0.i2 -1 -0.114164290122
DS2.d315.s0.i0 1.0 1.07520276643
DS2.d326.s0.i0 1.0 0.505599716752
DS2.d326.s1.i0 1.0 1.52476095783
DS2.d326.s1.i1 1.0 0.711319395578
DS2.d335.s0.i0 1.0 0.768915006008
DS2.d336.s0.i0 -1 -1.3411390276
DS2.d336.s0.i1 -1 -1.736520805
DS2.d336.s0.i2 -1 -1.10589307425
DS2.d336.s0.i3 -1 -1.45883943256
DS2.d361.s0.i0 1.0 0.87703819451
DS2.d373.s0.i0 1.0 0.448111836729
DS2.d373.s1.i0 1.0 1.52680525362
DS2.d387.s0.i0 1.0 0.264732633073
DS2.d387.s0.i1 1.0 -0.0476900418916
DS2.d387.s1.i0 1.0 0.68079469604
DS2.d405.s0.i0 1.0 0.820339489734
DS2.d405.s0.i1 -1 0.253481757043
DS2.d405.s0.i2 -1 0.297347254662
DS2.d405.s0.i3 1.0 0.235279282852
DS2.d409.s0.i0 1.0 0.070107821792
DS2.d418.s0.i0 -1 -1.86382483191
DS2.d418.s0.i1 -1 -1.01779085754
DS2.d481.s0.i0 -1 0.337390277147
DS2.d507.s0.i0 -1 0.212643710472
DS2.d524.s0.i0 -1 0.98003296702
DS2.d524.s0.i1 -1 1.15533793217
DS2.d527.s0.i0 -1 0.93218753423
DS2.d527.s0.i1 -1 1.2009086489
DS2.d531.s0.i0 1.0 1.26189963849
DS2.d531.s1.i0 1.0 1.17351157921
DS2.d540.s0.i0 1.0 1.44275931166
DS2.d542.s0.i0 1.0 0.33802143106
DS2.d555.s0.i0 1.0 0.724884288175
DS2.d555.s1.i0 1.0 -0.204592290666
DS2.d555.s1.i1 1.0 -0.266824424043
DS2.d556.s0.i0 1.0 -0.496693730521
DS2.d556.s0.i1 1.0 -0.371519633745
DS2.d556.s0.i2 1.0 -0.208250714221
DS2.d556.s1.i0 -1 0.622929625168
DS2.d556.s1.i1 -1 0.297283441512
DS2.d556.s1.i2 1.0 -0.508446995454
DS2.d557.s0.i0 1.0 0.78084397458
DS2.d558.s0.i0 1.0 0.170637100095
DS2.d581.s0.i0 -1 -0.247111953344
DS2.d583.s0.i0 1.0 0.304071667892
DS2.d583.s0.i1 1.0 0.304071667892
DS2.d583.s0.i2 1.0 0.564050447574
DS2.d583.s0.i3 1.0 0.564050447574
DS2.d592.s0.i0 1.0 0.369024655897
DS2.d595.s0.i0 1.0 1.9568332032
DS2.d595.s1.i0 1.0 0.0617562272722
DS2.d614.s0.i0 -1 -1.72772405186
DS2.d614.s0.i1 -1 -1.48683449054
DS2.d618.s0.i0 1.0 1.18499438499
DS2.d638.s0.i0 1.0 1.5616847756
DS2.d638.s0.i1 1.0 1.33554074967
DS2.d638.s0.i2 1.0 0.38866817358
DS2.d638.s0.i3 1.0 0.644866181647
DS2.d638.s1.i0 -1 -0.385741602975
DS2.d638.s1.i1 -1 -0.0917080654006
DS2.d638.s2.i0 1.0 -0.488567034392
DS2.d638.s2.i1 1.0 -0.162652582837
DS2.d638.s3.i0 1.0 1.24210631397
DS2.d638.s3.i1 1.0 1.57896391021
DS2.d638.s3.i2 1.0 1.53598536358
DS2.d642.s0.i0 1.0 -0.00267103285787
DS2.d642.s0.i1 1.0 -0.034037058483
DS2.d703.s0.i0 -1 0.747485675762
DS2.d706.s0.i0 1.0 -0.219139169113
DS2.d708.s0.i0 1.0 0.677795135949
DS2.d708.s0.i1 1.0 0.614105016958
DS2.d721.s0.i0 -1 2.08745415269
DS2.d726.s0.i0 1.0 1.19407703151
DS2.d726.s0.i1 1.0 1.56347734354
DS2.d726.s0.i2 1.0 1.19407703151
DS2.d734.s0.i0 -1 -0.0376451027876
DS2.d741.s0.i0 1.0 0.687277012142
DS2.d755.s0.i0 1.0 1.29932174848
DS2.d755.s0.i1 1.0 0.234760841401
DS2.d757.s0.i0 -1 -1.44339780745
DS2.d757.s0.i1 -1 -0.831429269115
DS2.d757.s1.i0 -1 -0.876388267982
DS2.d757.s1.i1 -1 -0.374722401089
DS2.d757.s2.i0 -1 -0.997334664171
DS2.d757.s2.i1 -1 0.0531988098426
DS2.d757.s3.i0 -1 -0.817485967476
DS2.d757.s3.i1 -1 -1.39069524589
DS2.d765.s0.i0 -1 -0.0694690942175
DS2.d774.s0.i0 -1 -0.79664182194
DS2.d774.s0.i1 -1 -1.73538749364
DS2.d774.s1.i0 -1 0.0906671805884
DS2.d774.s1.i1 -1 -1.18018593819
DS2.d774.s1.i2 -1 -0.710205743781
DS2.d774.s2.i0 -1 -0.0886518213837
DS2.d774.s2.i1 -1 -1.29989345897
DS2.d777.s0.i0 1.0 0.15395569538
DS2.d779.s0.i0 1.0 -0.49463968798
DS2.d785.s0.i0 1.0 1.15306335791
DS2.d806.s0.i0 1.0 1.45364493128
DS2.d806.s1.i0 1.0 0.726643821854
DS2.d806.s1.i1 1.0 0.855223490474
DS2.d809.s0.i0 1.0 0.528506515758
DS2.d826.s0.i0 -1 -1.24280663984
DS2.d826.s0.i1 -1 -1.5043681596
DS2.d826.s0.i2 -1 -1.45719807088
DS2.d826.s0.i3 -1 -0.468267624805
DS2.d826.s0.i4 -1 -1.12684512209
DS2.d826.s0.i5 -1 -0.84750846754
DS2.d826.s0.i6 -1 -0.0749786608379
DS2.d826.s0.i7 -1 -0.817903598559
DS2.d826.s0.i8 -1 -0.409100804873
DS2.d826.s0.i9 -1 -1.17570871804
DS2.d826.s0.i10 -1 -1.37859596384
DS2.d826.s0.i11 -1 -1.28183739807
DS2.d826.s0.i12 -1 -0.501357709746
DS2.d826.s0.i13 -1 -0.918628709119
DS2.d859.s0.i0 1.0 0.632726808782
DS2.d866.s0.i0 1.0 0.593567140026
DS2.d867.s0.i0 1.0 0.990020050268
DS2.d867.s0.i1 1.0 1.50261553206
DS2.d868.s0.i0 1.0 0.111249880857
DS2.d873.s0.i0 1.0 1.70348077731
DS2.d890.s0.i0 1.0 1.09857298921
DS2.d895.s0.i0 1.0 1.0169727105
DS2.d905.s0.i0 1.0 0.954232789749
DS2.d905.s0.i1 1.0 1.02051640981
DS2.d905.s1.i0 1.0 -0.911999341234
DS2.d913.s0.i0 1.0 1.15888278758
DS2.d913.s1.i0 1.0 1.66305855655
DS2.d913.s2.i0 1.0 0.809073282041
DS2.d919.s0.i0 1.0 0.96430852256
DS2.d927.s0.i0 1.0 1.33645712517
DS2.d927.s1.i0 1.0 0.338841352397
DS2.d938.s0.i0 1.0 0.905105594068
DS2.d938.s1.i0 1.0 -0.499923243574
DS2.d938.s2.i0 -1 -0.0996825445491
DS2.d940.s0.i0 1.0 0.803516477227
DS2.d945.s0.i0 -1 -0.944239055341
DS2.d945.s0.i1 -1 -0.970683166259
DS2.d960.s0.i0 -1 -1.55043804175
DS2.d986.s0.i0 1.0 1.61942093938
DS2.d989.s0.i0 1.0 -0.0350333540846
DS2.d989.s0.i1 1.0 0.0923854556213
DS2.d989.s0.i2 1.0 0.0325267649475
DS2.d989.s0.i3 1.0 -0.0342165451033
DS2.d989.s0.i4 1.0 -0.312204433262
DS2.d989.s1.i0 1.0 1.10349579396
DS2.d1047.s0.i0 1.0 0.740150536781
DS2.d1047.s1.i0 1.0 0.991581707346
DS2.d1047.s1.i1 1.0 0.991581707346
