DS2.d3.s0.i0 1.0 1.47383498003
DS2.d11.s0.i0 1.0 0.586197659305
DS2.d11.s1.i0 1.0 0.922894202987
DS2.d12.s0.i0 -1 0.176074640507
DS2.d12.s0.i1 -1 -0.364180046792
DS2.d12.s0.i2 -1 0.685671876837
DS2.d12.s0.i3 -1 -1.22204523151
DS2.d12.s1.i0 -1 -0.457071515854
DS2.d12.s1.i1 -1 0.597157891028
DS2.d12.s1.i2 -1 -0.110387837566
DS2.d12.s1.i3 -1 -0.873157502792
DS2.d16.s0.i0 -1 0.507602208053
DS2.d16.s1.i0 1.0 0.312525712337
DS2.d16.s1.i1 1.0 0.744549855148
DS2.d16.s1.i2 1.0 0.766413380681
DS2.d18.s0.i0 1.0 0.0880932509343
DS2.d18.s0.i1 1.0 0.035392425533
DS2.d18.s0.i2 1.0 0.560707543484
DS2.d21.s0.i0 -1 0.478790599138
DS2.d37.s0.i0 1.0 0.27282862989
DS2.d45.s0.i0 -1 0.0531126544166
DS2.d45.s0.i1 -1 -0.402953253429
DS2.d45.s0.i2 -1 -0.304178016401
DS2.d45.s0.i3 -1 -0.0565350864395
DS2.d47.s0.i0 -1 0.936472208776
DS2.d47.s0.i1 -1 1.39526044327
DS2.d47.s0.i2 -1 0.856814517592
DS2.d51.s0.i0 1.0 0.123663640747
DS2.d51.s0.i1 1.0 0.320059727325
DS2.d61.s0.i0 1.0 1.08341486908
DS2.d61.s0.i1 1.0 1.04504347193
DS2.d61.s1.i0 -1 -0.866646359787
DS2.d61.s2.i0 1.0 -0.21818211097
DS2.d61.s2.i1 1.0 1.04597533819
DS2.d61.s3.i0 1.0 -0.909250650717
DS2.d63.s0.i0 -1 -0.536763047928
DS2.d63.s0.i1 1.0 -0.0870415223529
DS2.d75.s0.i0 1.0 1.80275824674
DS2.d75.s0.i1 -1 0.524605433587
DS2.d76.s0.i0 1.0 1.49717503865
DS2.d76.s0.i1 1.0 1.49717503865
DS2.d76.s1.i0 1.0 1.21154331258
DS2.d76.s1.i1 1.0 1.21154331258
DS2.d76.s1.i2 1.0 0.699681664922
DS2.d76.s1.i3 1.0 1.47178112085
DS2.d76.s1.i4 1.0 1.47178112085
DS2.d76.s1.i5 1.0 0.541419471368
DS2.d96.s0.i0 -1 -0.0374129012252
DS2.d96.s1.i0 -1 1.80042642282
DS2.d96.s1.i1 -1 2.08606330365
DS2.d102.s0.i0 1.0 1.37578735884
DS2.d117.s0.i0 1.0 1.54076381692
DS2.d117.s0.i1 1.0 1.54076381692
DS2.d119.s0.i0 1.0 0.818710319111
DS2.d122.s0.i0 -1 0.333977872349
DS2.d122.s0.i1 -1 -0.997442133982
DS2.d122.s1.i0 -1 -1.60514089079
DS2.d122.s1.i1 -1 -1.28139458822
DS2.d122.s1.i2 -1 -0.467200718781
DS2.d122.s1.i3 -1 -1.20766227494
DS2.d122.s2.i0 -1 1.16188344499
DS2.d122.s3.i0 -1 -0.25152918241
DS2.d122.s3.i1 -1 -0.372573165201
DS2.d122.s3.i2 -1 -0.656721769023
DS2.d127.s0.i0 1.0 1.10698046998
DS2.d131.s0.i0 1.0 1.83156399746
DS2.d134.s0.i0 -1 0.450203823383
DS2.d134.s1.i0 -1 0.242861474702
DS2.d134.s1.i1 1.0 0.644929659459
DS2.d134.s2.i0 -1 0.893253824394
DS2.d167.s0.i0 1.0 2.18021203925
DS2.d167.s0.i1 1.0 1.34104856949
DS2.d167.s0.i2 1.0 1.87027415559
DS2.d170.s0.i0 1.0 -0.345578088971
DS2.d170.s0.i1 1.0 -0.208615307573
DS2.d179.s0.i0 -1 1.0519509449
DS2.d179.s1.i0 -1 0.48777230614
DS2.d179.s1.i1 -1 0.640961724793
DS2.d184.s0.i0 1.0 1.41299278975
DS2.d196.s0.i0 1.0 0.640684233547
DS2.d196.s1.i0 1.0 1.17022941757
DS2.d198.s0.i0 1.0 2.00758953345
DS2.d198.s0.i1 1.0 -0.458882230708
DS2.d204.s0.i0 -1 0.14228769382
DS2.d204.s1.i0 -1 -0.600760193944
DS2.d214.s0.i0 1.0 0.893612843546
DS2.d215.s0.i0 1.0 0.510146902274
DS2.d217.s0.i0 -1 0.993272366999
DS2.d217.s0.i1 -1 0.777715531535
DS2.d217.s0.i2 -1 1.29248416902
DS2.d217.s0.i3 -1 1.07692733355
DS2.d217.s0.i4 -1 0.520522057476
DS2.d217.s0.i5 -1 0.49601199876
DS2.d227.s0.i0 -1 0.28153311743
DS2.d227.s1.i0 -1 -0.79565357306
DS2.d228.s0.i0 1.0 0.578135491186
DS2.d228.s1.i0 1.0 -0.157383892526
DS2.d228.s1.i1 1.0 0.191367646074
DS2.d234.s0.i0 1.0 0.499315981944
DS2.d234.s0.i1 -1 -0.203194760981
DS2.d246.s0.i0 -1 0.598341685296
DS2.d246.s0.i1 -1 1.47977253414
DS2.d250.s0.i0 1.0 1.17301905613
DS2.d254.s0.i0 -1 -1.24970923035
DS2.d261.s0.i0 1.0 1.07915581888
DS2.d261.s0.i1 1.0 1.06867338361
DS2.d261.s0.i2 1.0 0.905233096403
DS2.d274.s0.i0 1.0 -0.577213486209
DS2.d274.s1.i0 -1 -0.14840700555
DS2.d277.s0.i0 -1 -0.438883395786
DS2.d304.s0.i0 -1 -0.77382120059
DS2.d312.s0.i0 -1 -0.260372881944
DS2.d312.s0.i1 -1 -0.137431742706
DS2.d312.s0.i2 -1 -0.275261776408
DS2.d315.s0.i0 1.0 1.34749947771
DS2.d326.s0.i0 1.0 0.627864593104
DS2.d326.s1.i0 1.0 1.18640372752
DS2.d326.s1.i1 1.0 0.774754741735
DS2.d335.s0.i0 1.0 0.786159289376
DS2.d336.s0.i0 -1 -1.15165427641
DS2.d336.s0.i1 -1 -1.67375212906
DS2.d336.s0.i2 -1 -1.61966093057
DS2.d336.s0.i3 -1 -2.14175878322
DS2.d361.s0.i0 1.0 0.880729059896
DS2.d373.s0.i0 1.0 0.446430983504
DS2.d373.s1.i0 1.0 1.44168397936
DS2.d387.s0.i0 1.0 0.032100332168
DS2.d387.s0.i1 1.0 0.383609063775
DS2.d387.s1.i0 1.0 0.85359649704
DS2.d405.s0.i0 1.0 0.309626050106
DS2.d405.s0.i1 -1 -0.218956379735
DS2.d405.s0.i2 -1 -0.133736611175
DS2.d405.s0.i3 1.0 0.189323863562
DS2.d409.s0.i0 1.0 -0.699750976461
DS2.d418.s0.i0 -1 -2.49322916562
DS2.d418.s0.i1 -1 -1.83800004286
DS2.d481.s0.i0 -1 -0.343566421728
DS2.d507.s0.i0 -1 0.954676868766
DS2.d524.s0.i0 -1 0.854579605453
DS2.d524.s0.i1 -1 1.43443774635
DS2.d527.s0.i0 -1 1.25194712249
DS2.d527.s0.i1 -1 1.10090539642
DS2.d531.s0.i0 1.0 1.47107687604
DS2.d531.s1.i0 1.0 0.752601743691
DS2.d540.s0.i0 1.0 1.742743481
DS2.d542.s0.i0 1.0 0.12320663184
DS2.d555.s0.i0 1.0 0.544099859792
DS2.d555.s1.i0 1.0 0.0511336730686
DS2.d555.s1.i1 1.0 -0.0606104996344
DS2.d556.s0.i0 1.0 -0.271914186956
DS2.d556.s0.i1 1.0 -0.203069745748
DS2.d556.s0.i2 1.0 -0.0161070351932
DS2.d556.s1.i0 -1 0.0629407839053
DS2.d556.s1.i1 -1 -0.368660502856
DS2.d556.s1.i2 1.0 -1.05282554862
DS2.d557.s0.i0 1.0 0.983692742933
DS2.d558.s0.i0 1.0 0.222903404175
DS2.d581.s0.i0 -1 -0.24225702058
DS2.d583.s0.i0 1.0 0.428031553717
DS2.d583.s0.i1 1.0 0.428031553717
DS2.d583.s0.i2 1.0 1.1514060519
DS2.d583.s0.i3 1.0 1.1514060519
DS2.d592.s0.i0 1.0 0.153754922319
DS2.d595.s0.i0 1.0 1.63808959524
DS2.d595.s1.i0 1.0 0.296389227556
DS2.d614.s0.i0 -1 -1.51637369408
DS2.d614.s0.i1 -1 -1.15756475032
DS2.d618.s0.i0 1.0 0.869624671495
DS2.d638.s0.i0 1.0 1.5356161682
DS2.d638.s0.i1 1.0 1.44080693551
DS2.d638.s0.i2 1.0 0.0543015512689
DS2.d638.s0.i3 1.0 0.290021970147
DS2.d638.s1.i0 -1 0.0923904070227
DS2.d638.s1.i1 -1 0.416138370145
DS2.d638.s2.i0 1.0 -1.07796364122
DS2.d638.s2.i1 1.0 -0.569126078666
DS2.d638.s3.i0 1.0 1.56218074554
DS2.d638.s3.i1 1.0 1.81493839159
DS2.d638.s3.i2 1.0 1.86241784338
DS2.d642.s0.i0 1.0 0.0380003199689
DS2.d642.s0.i1 1.0 -0.210325588054
DS2.d703.s0.i0 -1 1.29345536312
DS2.d706.s0.i0 1.0 -0.136512315894
DS2.d708.s0.i0 1.0 -0.189005614253
DS2.d708.s0.i1 1.0 0.0606634785313
DS2.d721.s0.i0 -1 1.99285623985
DS2.d726.s0.i0 1.0 1.13949926303
DS2.d726.s0.i1 1.0 1.25568212679
DS2.d726.s0.i2 1.0 1.13949926303
DS2.d734.s0.i0 -1 0.478764907742
DS2.d741.s0.i0 1.0 0.805415968411
DS2.d755.s0.i0 1.0 1.40253341531
DS2.d755.s0.i1 1.0 0.0390969206062
DS2.d757.s0.i0 -1 -1.62230800428
DS2.d757.s0.i1 -1 -1.03955090626
DS2.d757.s1.i0 -1 -1.20684361712
DS2.d757.s1.i1 -1 0.747651485448
DS2.d757.s2.i0 -1 -1.32294733404
DS2.d757.s2.i1 -1 1.12972532758
DS2.d757.s3.i0 -1 -1.1604779946
DS2.d757.s3.i1 -1 -1.75477699248
DS2.d765.s0.i0 -1 0.407880585746
DS2.d774.s0.i0 -1 -0.169768048234
DS2.d774.s0.i1 -1 -1.75448455768
DS2.d774.s1.i0 -1 0.0862161696427
DS2.d774.s1.i1 -1 -1.20200761736
DS2.d774.s1.i2 -1 -0.929976852445
DS2.d774.s2.i0 -1 0.40564241379
DS2.d774.s2.i1 -1 -1.63096204254
DS2.d777.s0.i0 1.0 -0.461508823192
DS2.d779.s0.i0 1.0 -0.457296180395
DS2.d785.s0.i0 1.0 1.47631706466
DS2.d806.s0.i0 1.0 2.1674750693
DS2.d806.s1.i0 1.0 0.308473636224
DS2.d806.s1.i1 1.0 0.473753964614
DS2.d809.s0.i0 1.0 0.456201463996
DS2.d826.s0.i0 -1 -0.625796209558
DS2.d826.s0.i1 -1 -1.69748791124
DS2.d826.s0.i2 -1 -1.25171815598
DS2.d826.s0.i3 -1 -0.852074979558
DS2.d826.s0.i4 -1 -0.373406583296
DS2.d826.s0.i5 -1 -1.05259294539
DS2.d826.s0.i6 -1 0.569283667097
DS2.d826.s0.i7 -1 -1.00412253751
DS2.d826.s0.i8 -1 -0.0153560882247
DS2.d826.s0.i9 -1 -0.905129873653
DS2.d826.s0.i10 -1 -1.61860642287
DS2.d826.s0.i11 -1 -1.50818586803
DS2.d826.s0.i12 -1 -0.749602657973
DS2.d826.s0.i13 -1 -0.616520345289
DS2.d859.s0.i0 1.0 0.174459467733
DS2.d866.s0.i0 1.0 0.64730290702
DS2.d867.s0.i0 1.0 0.84684744454
DS2.d867.s0.i1 1.0 1.42824607061
DS2.d868.s0.i0 1.0 0.212463685115
DS2.d873.s0.i0 1.0 1.33010246272
DS2.d890.s0.i0 1.0 0.951304481865
DS2.d895.s0.i0 1.0 1.13542411627
DS2.d905.s0.i0 1.0 1.08861844442
DS2.d905.s0.i1 1.0 1.0341267282
DS2.d905.s1.i0 1.0 -1.38303511781
DS2.d913.s0.i0 1.0 1.23594346521
DS2.d913.s1.i0 1.0 1.68625642487
DS2.d913.s2.i0 1.0 0.441909423408
DS2.d919.s0.i0 1.0 0.751135338897
DS2.d927.s0.i0 1.0 1.09301298472
DS2.d927.s1.i0 1.0 -0.217832560824
DS2.d938.s0.i0 1.0 0.118796029421
DS2.d938.s1.i0 1.0 -0.100147351142
DS2.d938.s2.i0 -1 -0.0880452473606
DS2.d940.s0.i0 1.0 0.45387753076
DS2.d945.s0.i0 -1 -0.797106582417
DS2.d945.s0.i1 -1 -0.383170429101
DS2.d960.s0.i0 -1 -1.93333728275
DS2.d986.s0.i0 1.0 1.01071246277
DS2.d989.s0.i0 1.0 -0.282022765534
DS2.d989.s0.i1 1.0 -0.338710068769
DS2.d989.s0.i2 1.0 -0.110390984377
DS2.d989.s0.i3 1.0 -0.810908597381
DS2.d989.s0.i4 1.0 -0.524220744987
DS2.d989.s1.i0 1.0 1.65442924095
DS2.d1047.s0.i0 1.0 0.767259613042
DS2.d1047.s1.i0 1.0 0.883610599049
DS2.d1047.s1.i1 1.0 0.883610599049
