DS2.d3.s0.i0 1.0 1.66114047613
DS2.d11.s0.i0 1.0 1.29714079192
DS2.d11.s1.i0 1.0 1.35684215774
DS2.d12.s0.i0 -1 0.116391983677
DS2.d12.s0.i1 -1 0.044680852466
DS2.d12.s0.i2 -1 0.0298767388682
DS2.d12.s0.i3 -1 -0.576406034064
DS2.d12.s1.i0 -1 -0.211798775902
DS2.d12.s1.i1 -1 0.856978739197
DS2.d12.s1.i2 -1 -0.0803467785185
DS2.d12.s1.i3 -1 -0.851709545497
DS2.d16.s0.i0 -1 0.358334890391
DS2.d16.s1.i0 1.0 0.282453103992
DS2.d16.s1.i1 1.0 0.674925177397
DS2.d16.s1.i2 1.0 0.742764565063
DS2.d18.s0.i0 1.0 0.703775605777
DS2.d18.s0.i1 1.0 0.641775360554
DS2.d18.s0.i2 1.0 0.738523370524
DS2.d21.s0.i0 -1 0.619617323765
DS2.d37.s0.i0 1.0 0.565014782006
DS2.d45.s0.i0 -1 0.315247260638
DS2.d45.s0.i1 -1 -0.124605859429
DS2.d45.s0.i2 -1 0.015826631766
DS2.d45.s0.i3 -1 0.0343633275016
DS2.d47.s0.i0 -1 1.12139683706
DS2.d47.s0.i1 -1 1.20391075301
DS2.d47.s0.i2 -1 0.914048206205
DS2.d51.s0.i0 1.0 0.652539722309
DS2.d51.s0.i1 1.0 0.644752970833
DS2.d61.s0.i0 1.0 1.07217987517
DS2.d61.s0.i1 1.0 0.908188673247
DS2.d61.s1.i0 -1 -0.528007082346
DS2.d61.s2.i0 1.0 0.100108293044
DS2.d61.s2.i1 1.0 0.689059815389
DS2.d61.s3.i0 1.0 -0.441916388315
DS2.d63.s0.i0 -1 -0.589037007829
DS2.d63.s0.i1 1.0 0.114925136392
DS2.d75.s0.i0 1.0 1.58530671811
DS2.d75.s0.i1 -1 0.533961732053
DS2.d76.s0.i0 1.0 1.24472276801
DS2.d76.s0.i1 1.0 1.24472276801
DS2.d76.s1.i0 1.0 1.12902205073
DS2.d76.s1.i1 1.0 1.12902205073
DS2.d76.s1.i2 1.0 0.520588622476
DS2.d76.s1.i3 1.0 1.05096048395
DS2.d76.s1.i4 1.0 1.05096048395
DS2.d76.s1.i5 1.0 0.625962503027
DS2.d96.s0.i0 -1 0.404796565136
DS2.d96.s1.i0 -1 1.74316669706
DS2.d96.s1.i1 -1 1.85264763644
DS2.d102.s0.i0 1.0 1.65508361932
DS2.d117.s0.i0 1.0 1.3489717234
DS2.d117.s0.i1 1.0 1.3489717234
DS2.d119.s0.i0 1.0 0.606714380885
DS2.d122.s0.i0 -1 0.844442337122
DS2.d122.s0.i1 -1 -0.528848950131
DS2.d122.s1.i0 -1 -1.48209500972
DS2.d122.s1.i1 -1 -0.631382232121
DS2.d122.s1.i2 -1 -0.354438737596
DS2.d122.s1.i3 -1 -1.05660224543
DS2.d122.s2.i0 -1 0.774378720362
DS2.d122.s3.i0 -1 -0.571469625605
DS2.d122.s3.i1 -1 -0.468690373212
DS2.d122.s3.i2 -1 -0.842295954021
DS2.d127.s0.i0 1.0 1.22799487384
DS2.d131.s0.i0 1.0 1.52795903989
DS2.d134.s0.i0 -1 0.567539542477
DS2.d134.s1.i0 -1 0.609020853437
DS2.d134.s1.i1 1.0 1.05105738959
DS2.d134.s2.i0 -1 0.790073184434
DS2.d167.s0.i0 1.0 1.87835371678
DS2.d167.s0.i1 1.0 1.3458803427
DS2.d167.s0.i2 1.0 1.8928404128
DS2.d170.s0.i0 1.0 0.140897419703
DS2.d170.s0.i1 1.0 0.158491070281
DS2.d179.s0.i0 -1 0.410081961363
DS2.d179.s1.i0 -1 0.135028403292
DS2.d179.s1.i1 -1 0.0238490044672
DS2.d184.s0.i0 1.0 1.41996142116
DS2.d196.s0.i0 1.0 0.661022803735
DS2.d196.s1.i0 1.0 1.71981908624
DS2.d198.s0.i0 1.0 1.26623929055
DS2.d198.s0.i1 1.0 -0.148546944062
DS2.d204.s0.i0 -1 -0.130186346686
DS2.d204.s1.i0 -1 -0.1776125681
DS2.d214.s0.i0 1.0 0.569864064685
DS2.d215.s0.i0 1.0 0.819287184382
DS2.d217.s0.i0 -1 0.559560035998
DS2.d217.s0.i1 -1 0.225576307103
DS2.d217.s0.i2 -1 1.21348593761
DS2.d217.s0.i3 -1 1.0768442019
DS2.d217.s0.i4 -1 -0.0117864605061
DS2.d217.s0.i5 -1 0.0900966903252
DS2.d227.s0.i0 -1 0.0406513859059
DS2.d227.s1.i0 -1 0.0750696724939
DS2.d228.s0.i0 1.0 0.621625507831
DS2.d228.s1.i0 1.0 -0.157214135311
DS2.d228.s1.i1 1.0 0.3067733824
DS2.d234.s0.i0 1.0 0.168584113488
DS2.d234.s0.i1 -1 -0.0116083756582
DS2.d246.s0.i0 -1 0.435711857338
DS2.d246.s0.i1 -1 1.60468511961
DS2.d250.s0.i0 1.0 1.23628646971
DS2.d254.s0.i0 -1 -0.925657914207
DS2.d261.s0.i0 1.0 0.940856451948
DS2.d261.s0.i1 1.0 0.90904326277
DS2.d261.s0.i2 1.0 0.622936746825
DS2.d274.s0.i0 1.0 -0.323626216427
DS2.d274.s1.i0 -1 -0.138127809159
DS2.d277.s0.i0 -1 0.0248060251604
DS2.d304.s0.i0 -1 -0.630362317593
DS2.d312.s0.i0 -1 -0.122765260151
DS2.d312.s0.i1 -1 0.0126392951522
DS2.d312.s0.i2 -1 -0.162283128827
DS2.d315.s0.i0 1.0 1.18899071629
DS2.d326.s0.i0 1.0 0.258692208944
DS2.d326.s1.i0 1.0 1.55073635455
DS2.d326.s1.i1 1.0 0.982540860785
DS2.d335.s0.i0 1.0 0.565722840965
DS2.d336.s0.i0 -1 -0.959926159398
DS2.d336.s0.i1 -1 -1.47944794419
DS2.d336.s0.i2 -1 -0.851730552832
DS2.d336.s0.i3 -1 -1.31098214664
DS2.d361.s0.i0 1.0 0.843204137534
DS2.d373.s0.i0 1.0 0.571059640534
DS2.d373.s1.i0 1.0 1.47122339472
DS2.d387.s0.i0 1.0 0.302518574018
DS2.d387.s0.i1 1.0 0.0854957252352
DS2.d387.s1.i0 1.0 0.768570097715
DS2.d405.s0.i0 1.0 0.760222040508
DS2.d405.s0.i1 -1 0.790194203254
DS2.d405.s0.i2 -1 0.225754318668
DS2.d405.s0.i3 1.0 0.268277180108
DS2.d409.s0.i0 1.0 0.255057606443
DS2.d418.s0.i0 -1 -2.06018286033
DS2.d418.s0.i1 -1 -1.25244119774
DS2.d481.s0.i0 -1 0.316307486901
DS2.d507.s0.i0 -1 0.445997133866
DS2.d524.s0.i0 -1 0.994791924509
DS2.d524.s0.i1 -1 1.11487738379
DS2.d527.s0.i0 -1 0.907072769024
DS2.d527.s0.i1 -1 1.03790357292
DS2.d531.s0.i0 1.0 1.54275354959
DS2.d531.s1.i0 1.0 1.39665451479
DS2.d540.s0.i0 1.0 1.57844501698
DS2.d542.s0.i0 1.0 0.333025486213
DS2.d555.s0.i0 1.0 0.641643791599
DS2.d555.s1.i0 1.0 0.0711027749177
DS2.d555.s1.i1 1.0 -0.0426706135739
DS2.d556.s0.i0 1.0 -0.0239672182415
DS2.d556.s0.i1 1.0 -0.275763170483
DS2.d556.s0.i2 1.0 -0.0714846739874
DS2.d556.s1.i0 -1 0.75587605564
DS2.d556.s1.i1 -1 0.317975764372
DS2.d556.s1.i2 1.0 -0.0731876113056
DS2.d557.s0.i0 1.0 1.11568266017
DS2.d558.s0.i0 1.0 0.45803297315
DS2.d581.s0.i0 -1 -0.0880172089366
DS2.d583.s0.i0 1.0 0.460603002349
DS2.d583.s0.i1 1.0 0.460603002349
DS2.d583.s0.i2 1.0 0.724608557634
DS2.d583.s0.i3 1.0 0.724608557634
DS2.d592.s0.i0 1.0 0.332198220711
DS2.d595.s0.i0 1.0 1.87898121274
DS2.d595.s1.i0 1.0 0.290512784567
DS2.d614.s0.i0 -1 -1.64827254817
DS2.d614.s0.i1 -1 -1.08943168987
DS2.d618.s0.i0 1.0 1.32872126786
DS2.d638.s0.i0 1.0 1.59699753288
DS2.d638.s0.i1 1.0 1.55461716949
DS2.d638.s0.i2 1.0 0.447895610989
DS2.d638.s0.i3 1.0 0.494855862763
DS2.d638.s1.i0 -1 -0.0195693669992
DS2.d638.s1.i1 -1 0.244258117171
DS2.d638.s2.i0 1.0 -0.11930775959
DS2.d638.s2.i1 1.0 0.099567167628
DS2.d638.s3.i0 1.0 1.46903894186
DS2.d638.s3.i1 1.0 1.59881037654
DS2.d638.s3.i2 1.0 1.70316766226
DS2.d642.s0.i0 1.0 0.265839690165
DS2.d642.s0.i1 1.0 0.100719402249
DS2.d703.s0.i0 -1 0.82729047366
DS2.d706.s0.i0 1.0 0.0187318226077
DS2.d708.s0.i0 1.0 0.663385395436
DS2.d708.s0.i1 1.0 0.704248170033
DS2.d721.s0.i0 -1 2.1499443354
DS2.d726.s0.i0 1.0 1.13634225626
DS2.d726.s0.i1 1.0 1.52889391414
DS2.d726.s0.i2 1.0 1.13634225626
DS2.d734.s0.i0 -1 0.161116806594
DS2.d741.s0.i0 1.0 0.805863580198
DS2.d755.s0.i0 1.0 1.45643499684
DS2.d755.s0.i1 1.0 0.336251706608
DS2.d757.s0.i0 -1 -1.38843553862
DS2.d757.s0.i1 -1 -0.613920463692
DS2.d757.s1.i0 -1 -0.959581674912
DS2.d757.s1.i1 -1 0.653715044211
DS2.d757.s2.i0 -1 -1.03288997126
DS2.d757.s2.i1 -1 0.965841484232
DS2.d757.s3.i0 -1 -0.603077184721
DS2.d757.s3.i1 -1 -1.30322177048
DS2.d765.s0.i0 -1 0.249024160217
DS2.d774.s0.i0 -1 0.192537391513
DS2.d774.s0.i1 -1 -1.63331526463
DS2.d774.s1.i0 -1 0.410807613772
DS2.d774.s1.i1 -1 -1.06508391656
DS2.d774.s1.i2 -1 -0.252068793871
DS2.d774.s2.i0 -1 0.777546262098
DS2.d774.s2.i1 -1 -1.30365399395
DS2.d777.s0.i0 1.0 0.32811423431
DS2.d779.s0.i0 1.0 -0.223884754833
DS2.d785.s0.i0 1.0 0.958585783844
DS2.d806.s0.i0 1.0 1.77862048765
DS2.d806.s1.i0 1.0 0.508277620613
DS2.d806.s1.i1 1.0 0.490458276708
DS2.d809.s0.i0 1.0 0.59603386794
DS2.d826.s0.i0 -1 -0.796279879333
DS2.d826.s0.i1 -1 -1.01068551423
DS2.d826.s0.i2 -1 -1.13974335576
DS2.d826.s0.i3 -1 -0.252201578722
DS2.d826.s0.i4 -1 -0.745779969318
DS2.d826.s0.i5 -1 -0.643256108015
DS2.d826.s0.i6 -1 0.430181398076
DS2.d826.s0.i7 -1 -0.631532757595
DS2.d826.s0.i8 -1 0.0815131106111
DS2.d826.s0.i9 -1 -0.642100695902
DS2.d826.s0.i10 -1 -1.13549562114
DS2.d826.s0.i11 -1 -1.00390633647
DS2.d826.s0.i12 -1 -0.380016831428
DS2.d826.s0.i13 -1 -0.350285416658
DS2.d859.s0.i0 1.0 0.578435000848
DS2.d866.s0.i0 1.0 1.0558417324
DS2.d867.s0.i0 1.0 1.4624010022
DS2.d867.s0.i1 1.0 1.35557106386
DS2.d868.s0.i0 1.0 0.331563993509
DS2.d873.s0.i0 1.0 1.80897396847
DS2.d890.s0.i0 1.0 1.12767194499
DS2.d895.s0.i0 1.0 0.973379660647
DS2.d905.s0.i0 1.0 0.967593882499
DS2.d905.s0.i1 1.0 1.1870446332
DS2.d905.s1.i0 1.0 -0.615987930205
DS2.d913.s0.i0 1.0 1.26843019456
DS2.d913.s1.i0 1.0 2.10336938831
DS2.d913.s2.i0 1.0 0.930158690991
DS2.d919.s0.i0 1.0 0.989996793907
DS2.d927.s0.i0 1.0 1.20417157351
DS2.d927.s1.i0 1.0 0.340610758819
DS2.d938.s0.i0 1.0 0.76128332233
DS2.d938.s1.i0 1.0 -0.303189435636
DS2.d938.s2.i0 -1 -0.0818797175164
DS2.d940.s0.i0 1.0 1.0575146483
DS2.d945.s0.i0 -1 -0.990596524146
DS2.d945.s0.i1 -1 -0.49476485392
DS2.d960.s0.i0 -1 -1.13653090988
DS2.d986.s0.i0 1.0 1.50442581561
DS2.d989.s0.i0 1.0 -0.0424083719583
DS2.d989.s0.i1 1.0 0.349132073198
DS2.d989.s0.i2 1.0 0.194563937665
DS2.d989.s0.i3 1.0 -0.0295231497944
DS2.d989.s0.i4 1.0 -0.292701482913
DS2.d989.s1.i0 1.0 1.62444858194
DS2.d1047.s0.i0 1.0 1.0465087666
DS2.d1047.s1.i0 1.0 0.976328171648
DS2.d1047.s1.i1 1.0 0.976328171648
