DS2.d64.s0.i0 1.000000 0.629043
DS2.d64.s0.i1 1.000000 0.695025
DS2.d65.s0.i0 -1.000000 -0.556352
DS2.d66.s0.i0 1.000000 0.859531
DS2.d66.s0.i1 1.000000 0.782812
DS2.d67.s0.i1 -1.000000 -0.822256
DS2.d67.s0.i0 -1.000000 -0.856743
DS2.d60.s0.i0 1.000000 1.017380
DS2.d61.s3.i0 1.000000 0.649583
DS2.d61.s2.i1 1.000000 0.843622
DS2.d61.s2.i0 1.000000 0.798626
DS2.d61.s1.i0 -1.000000 0.273466
DS2.d61.s0.i1 1.000000 0.702524
DS2.d61.s0.i0 1.000000 0.713287
DS2.d63.s0.i1 1.000000 0.115027
DS2.d63.s0.i0 -1.000000 -0.477705
DS2.d68.s0.i0 1.000000 0.639265
DS2.d68.s1.i0 1.000000 0.921717
DS2.d68.s2.i0 1.000000 0.930417
DS2.d68.s2.i1 1.000000 0.710790
DS2.d68.s2.i2 1.000000 0.930417
DS2.d69.s0.i2 -1.000000 -0.668614
DS2.d69.s0.i1 -1.000000 -0.851633
DS2.d69.s0.i0 -1.000000 -0.705160
DS2.d513.s0.i0 1.000000 0.109535
DS2.d512.s0.i0 -1.000000 -0.487156
DS2.d165.s3.i0 1.000000 0.787926
DS2.d165.s2.i0 1.000000 0.716392
DS2.d165.s1.i0 1.000000 0.918413
DS2.d165.s1.i1 1.000000 0.730678
DS2.d165.s0.i0 -1.000000 -0.481000
DS2.d166.s0.i0 -1.000000 -0.839936
DS2.d166.s0.i1 -1.000000 -0.782852
DS2.d166.s0.i2 -1.000000 -0.768168
DS2.d167.s0.i1 1.000000 0.493841
DS2.d167.s0.i0 1.000000 0.986477
DS2.d167.s0.i2 1.000000 1.036884
DS2.d160.s0.i2 -1.000000 -0.837523
DS2.d160.s0.i3 -1.000000 -0.855020
DS2.d160.s0.i0 -1.000000 -0.864317
DS2.d160.s0.i1 -1.000000 -0.898777
DS2.d162.s0.i0 -1.000000 -0.397906
DS2.d163.s0.i1 1.000000 0.947744
DS2.d163.s0.i0 1.000000 1.084279
DS2.d168.s0.i0 1.000000 0.436943
DS2.d168.s0.i1 -1.000000 -0.146285
DS2.d169.s0.i1 -1.000000 -0.965334
DS2.d169.s0.i0 -1.000000 -0.957228
DS2.d638.s0.i2 1.000000 0.855804
DS2.d638.s0.i3 1.000000 0.919260
DS2.d638.s0.i0 1.000000 0.980659
DS2.d638.s0.i1 1.000000 0.969075
DS2.d638.s1.i1 -1.000000 -0.713214
DS2.d638.s1.i0 -1.000000 -0.771925
DS2.d638.s2.i0 1.000000 -0.062658
DS2.d638.s2.i1 1.000000 -0.216845
DS2.d638.s3.i2 1.000000 1.006603
DS2.d638.s3.i1 1.000000 1.089526
DS2.d638.s3.i0 1.000000 0.851134
DS2.d639.s1.i0 -1.000000 -0.222574
DS2.d639.s1.i1 1.000000 0.608252
DS2.d639.s1.i2 1.000000 0.557445
DS2.d639.s1.i3 1.000000 0.559761
DS2.d639.s1.i4 -1.000000 -0.289875
DS2.d639.s1.i5 1.000000 0.518911
DS2.d639.s0.i0 -1.000000 -0.665695
DS2.d733.s0.i0 1.000000 1.093289
DS2.d733.s0.i1 1.000000 1.021167
DS2.d732.s0.i0 1.000000 0.784645
DS2.d734.s0.i0 -1.000000 -0.642245
DS2.d737.s0.i0 1.000000 0.823684
DS2.d736.s0.i0 -1.000000 -0.497386
DS2.d630.s0.i0 -1.000000 0.659647
DS2.d631.s1.i0 1.000000 0.891791
DS2.d631.s0.i0 1.000000 0.953963
DS2.d632.s0.i0 1.000000 0.693212
DS2.d634.s0.i0 -1.000000 -0.483524
DS2.d635.s0.i5 1.000000 0.982875
DS2.d635.s0.i4 1.000000 0.896480
DS2.d635.s0.i3 1.000000 0.879589
DS2.d635.s0.i2 1.000000 0.823489
DS2.d635.s0.i1 1.000000 0.978369
DS2.d635.s0.i0 1.000000 0.982875
DS2.d637.s0.i0 -1.000000 0.155772
DS2.d1009.s4.i0 -1.000000 -0.121717
DS2.d1009.s2.i0 1.000000 0.779014
DS2.d1009.s3.i0 1.000000 0.689144
DS2.d1009.s0.i0 1.000000 1.109435
DS2.d1009.s0.i1 1.000000 1.139850
DS2.d1009.s0.i2 1.000000 0.913650
DS2.d1009.s0.i3 1.000000 0.891303
DS2.d1009.s1.i1 1.000000 0.989339
DS2.d1009.s1.i0 1.000000 1.019345
DS2.d1008.s0.i0 1.000000 0.627114
DS2.d1003.s0.i2 1.000000 0.903623
DS2.d1003.s0.i0 1.000000 0.718284
DS2.d1003.s0.i1 1.000000 1.013141
DS2.d1003.s1.i1 1.000000 0.999831
DS2.d1003.s1.i0 1.000000 1.017016
DS2.d1003.s1.i3 1.000000 0.913555
DS2.d1003.s1.i2 1.000000 0.874993
DS2.d1003.s1.i4 1.000000 0.998771
DS2.d1002.s0.i1 -1.000000 -0.866887
DS2.d1002.s0.i0 -1.000000 -0.480004
DS2.d1001.s0.i0 1.000000 0.502913
DS2.d1001.s0.i1 1.000000 0.801134
DS2.d1000.s0.i0 -1.000000 -0.460927
DS2.d1007.s0.i0 1.000000 1.046056
DS2.d1007.s0.i1 1.000000 0.708077
DS2.d1007.s1.i1 1.000000 0.938657
DS2.d1007.s1.i0 1.000000 0.938657
DS2.d1006.s0.i5 1.000000 0.804694
DS2.d1006.s0.i4 1.000000 0.931206
DS2.d1006.s0.i3 1.000000 0.830041
DS2.d1006.s0.i2 1.000000 0.865918
DS2.d1006.s0.i1 1.000000 0.945675
DS2.d1006.s0.i0 1.000000 0.722091
DS2.d1005.s0.i0 1.000000 1.005784
DS2.d1004.s0.i0 -1.000000 -0.070596
DS2.d229.s0.i0 1.000000 0.583952
DS2.d228.s1.i0 1.000000 0.672178
DS2.d228.s1.i1 1.000000 0.550545
DS2.d228.s0.i0 1.000000 0.582110
DS2.d227.s0.i0 -1.000000 -0.510756
DS2.d227.s1.i0 -1.000000 -0.615747
DS2.d226.s0.i0 -1.000000 0.691304
DS2.d224.s1.i0 1.000000 0.585340
DS2.d224.s0.i1 1.000000 0.802589
DS2.d224.s0.i0 1.000000 0.734724
DS2.d224.s2.i1 -1.000000 -0.849671
DS2.d224.s2.i0 -1.000000 -0.867828
DS2.d223.s0.i0 1.000000 0.941101
DS2.d222.s1.i0 -1.000000 -0.848544
DS2.d222.s0.i0 -1.000000 -0.505188
DS2.d221.s0.i0 -1.000000 -0.611727
DS2.d221.s0.i1 1.000000 -0.096320
DS2.d221.s0.i2 -1.000000 -0.677055
DS2.d220.s0.i1 1.000000 0.872931
DS2.d220.s0.i0 1.000000 0.789861
DS2.d595.s0.i0 1.000000 1.007865
DS2.d595.s1.i0 1.000000 0.713097
DS2.d594.s0.i0 -1.000000 0.465254
DS2.d896.s2.i0 1.000000 0.970428
DS2.d896.s2.i1 1.000000 0.970428
DS2.d896.s0.i4 1.000000 0.977521
DS2.d896.s0.i5 1.000000 0.944910
DS2.d896.s0.i6 1.000000 0.925305
DS2.d896.s0.i7 1.000000 0.961141
DS2.d896.s0.i0 1.000000 1.116766
DS2.d896.s0.i1 1.000000 1.047329
DS2.d896.s0.i2 1.000000 0.851861
DS2.d896.s0.i3 1.000000 0.839501
DS2.d896.s1.i1 1.000000 0.754744
DS2.d896.s1.i0 1.000000 0.893437
DS2.d596.s0.i1 1.000000 0.739162
DS2.d596.s0.i0 1.000000 0.811582
DS2.d458.s0.i2 -1.000000 -0.904346
DS2.d458.s0.i3 -1.000000 -0.829452
DS2.d458.s0.i0 -1.000000 -0.885801
DS2.d458.s0.i1 -1.000000 -0.789094
DS2.d459.s0.i0 -1.000000 -0.438497
DS2.d593.s0.i0 -1.000000 -0.554484
DS2.d593.s1.i0 1.000000 0.613012
DS2.d592.s0.i0 1.000000 0.696888
DS2.d454.s0.i0 1.000000 1.013072
DS2.d454.s1.i0 1.000000 0.764246
DS2.d455.s0.i1 -1.000000 -0.415952
DS2.d455.s0.i0 -1.000000 -0.557029
DS2.d456.s0.i0 -1.000000 -0.780680
DS2.d456.s1.i0 -1.000000 -0.651797
DS2.d457.s0.i0 -1.000000 0.074501
DS2.d450.s0.i0 1.000000 0.487851
DS2.d451.s1.i0 -1.000000 -0.492765
DS2.d451.s1.i1 1.000000 0.393686
DS2.d451.s0.i2 1.000000 0.607887
DS2.d451.s0.i1 1.000000 0.324083
DS2.d451.s0.i0 -1.000000 0.181501
DS2.d452.s0.i0 -1.000000 -0.923037
DS2.d453.s0.i0 -1.000000 -0.729684
DS2.d353.s0.i0 -1.000000 -0.739477
DS2.d353.s1.i0 -1.000000 -0.633897
DS2.d352.s0.i1 -1.000000 -0.779853
DS2.d352.s0.i0 -1.000000 -0.808048
DS2.d351.s0.i0 -1.000000 -0.596230
DS2.d351.s1.i0 -1.000000 -0.424529
DS2.d350.s0.i0 1.000000 0.755491
DS2.d357.s0.i2 -1.000000 -0.825044
DS2.d357.s0.i3 -1.000000 -0.870541
DS2.d357.s0.i0 -1.000000 -0.803053
DS2.d357.s0.i1 -1.000000 -0.860952
DS2.d357.s1.i0 1.000000 0.587855
DS2.d356.s1.i0 1.000000 0.967471
DS2.d356.s0.i0 1.000000 0.567201
DS2.d355.s0.i0 1.000000 1.007850
DS2.d355.s0.i1 1.000000 1.111161
DS2.d354.s1.i0 -1.000000 -0.785999
DS2.d354.s0.i0 -1.000000 -0.313978
DS2.d292.s0.i0 1.000000 0.878898
DS2.d293.s1.i0 1.000000 0.644914
DS2.d293.s1.i1 1.000000 0.971156
DS2.d293.s0.i0 1.000000 0.723416
DS2.d290.s0.i4 1.000000 0.240221
DS2.d290.s0.i5 1.000000 0.389748
DS2.d290.s0.i6 -1.000000 -0.321438
DS2.d290.s0.i7 1.000000 0.114121
DS2.d290.s0.i0 1.000000 0.245057
DS2.d290.s0.i1 -1.000000 -0.201573
DS2.d290.s0.i2 -1.000000 -0.324990
DS2.d290.s0.i3 -1.000000 -0.296642
DS2.d291.s0.i0 1.000000 0.734075
DS2.d296.s0.i0 -1.000000 -0.663873
DS2.d296.s0.i1 -1.000000 -0.666225
DS2.d294.s0.i0 1.000000 0.055120
DS2.d295.s1.i0 1.000000 0.452178
DS2.d295.s0.i0 -1.000000 -0.690043
DS2.d869.s0.i0 1.000000 0.797340
DS2.d869.s0.i1 1.000000 0.797340
DS2.d868.s0.i0 1.000000 0.269646
DS2.d940.s0.i0 1.000000 0.953771
DS2.d941.s1.i2 1.000000 0.626401
DS2.d941.s1.i0 1.000000 0.572984
DS2.d941.s1.i1 1.000000 0.573259
DS2.d941.s0.i0 1.000000 0.736298
DS2.d941.s3.i0 1.000000 0.729073
DS2.d941.s2.i1 1.000000 0.234486
DS2.d941.s2.i0 1.000000 0.157576
DS2.d946.s0.i0 1.000000 0.767663
DS2.d946.s0.i1 1.000000 0.728040
DS2.d947.s0.i0 -1.000000 -0.582310
DS2.d944.s0.i0 1.000000 0.558975
DS2.d945.s0.i1 -1.000000 -0.672777
DS2.d945.s0.i0 -1.000000 -0.719301
DS2.d861.s0.i0 -1.000000 -0.360787
DS2.d860.s0.i1 1.000000 0.386952
DS2.d860.s0.i0 -1.000000 -0.111521
DS2.d863.s0.i0 1.000000 0.988837
DS2.d862.s0.i0 -1.000000 0.161009
DS2.d865.s0.i0 1.000000 0.705835
DS2.d864.s1.i0 1.000000 0.777904
DS2.d864.s1.i1 1.000000 0.890674
DS2.d864.s0.i0 1.000000 0.753361
DS2.d867.s0.i0 1.000000 0.953672
DS2.d867.s0.i1 1.000000 0.959553
DS2.d866.s0.i0 1.000000 0.507096
DS2.d249.s0.i0 1.000000 0.638117
DS2.d249.s1.i0 -1.000000 -0.059007
DS2.d689.s0.i0 -1.000000 -0.484375
DS2.d688.s0.i0 1.000000 0.689172
DS2.d35.s0.i0 1.000000 0.820149
DS2.d35.s0.i1 1.000000 0.934086
DS2.d681.s0.i2 -1.000000 -0.805512
DS2.d681.s0.i3 -1.000000 -0.955326
DS2.d681.s0.i0 -1.000000 -0.955326
DS2.d681.s0.i1 -1.000000 -0.805512
DS2.d680.s0.i0 1.000000 0.396956
DS2.d683.s0.i0 1.000000 1.028553
DS2.d683.s0.i1 1.000000 0.946600
DS2.d683.s0.i2 1.000000 0.916167
DS2.d682.s0.i0 1.000000 0.946490
DS2.d685.s0.i0 1.000000 0.829789
DS2.d685.s0.i1 1.000000 0.864617
DS2.d684.s1.i0 -1.000000 -0.289477
DS2.d684.s1.i1 -1.000000 -0.379078
DS2.d684.s1.i2 1.000000 0.211485
DS2.d684.s1.i3 1.000000 0.225859
DS2.d684.s0.i1 1.000000 0.622850
DS2.d684.s0.i0 -1.000000 0.555818
DS2.d687.s0.i0 1.000000 0.541339
DS2.d686.s1.i0 1.000000 0.806209
DS2.d686.s1.i1 1.000000 0.634036
DS2.d686.s0.i1 1.000000 0.930187
DS2.d686.s0.i0 1.000000 0.681407
DS2.d748.s0.i0 1.000000 0.874135
DS2.d749.s0.i3 -1.000000 -0.887353
DS2.d749.s0.i2 -1.000000 -0.883151
DS2.d749.s0.i1 -1.000000 -0.899601
DS2.d749.s0.i0 -1.000000 -0.812938
DS2.d28.s0.i2 1.000000 0.706824
DS2.d28.s0.i0 1.000000 0.787568
DS2.d28.s0.i1 1.000000 0.893848
DS2.d29.s0.i0 1.000000 0.922097
DS2.d303.s0.i1 -1.000000 0.022358
DS2.d303.s0.i0 1.000000 0.144930
DS2.d449.s0.i0 1.000000 0.809661
DS2.d449.s0.i1 1.000000 0.841768
DS2.d21.s0.i0 -1.000000 -0.493508
DS2.d22.s0.i0 1.000000 1.051282
DS2.d23.s0.i0 1.000000 0.603547
DS2.d24.s0.i0 1.000000 0.624163
DS2.d24.s0.i1 -1.000000 -0.204210
DS2.d24.s1.i0 1.000000 0.698365
DS2.d24.s2.i0 -1.000000 -0.297176
DS2.d24.s3.i1 -1.000000 -0.048771
DS2.d24.s3.i0 1.000000 0.216864
DS2.d25.s0.i1 1.000000 0.828127
DS2.d25.s0.i0 1.000000 0.944975
DS2.d26.s0.i0 -1.000000 -0.785445
DS2.d26.s0.i1 -1.000000 -1.066307
DS2.d26.s0.i2 -1.000000 -0.932203
DS2.d26.s0.i3 -1.000000 -1.052174
DS2.d26.s0.i4 -1.000000 -0.971871
DS2.d26.s0.i5 -1.000000 -0.923174
DS2.d26.s0.i6 -1.000000 -0.935825
DS2.d26.s0.i7 -1.000000 -1.041167
DS2.d27.s0.i1 -1.000000 -0.667671
DS2.d27.s0.i0 -1.000000 -0.849135
DS2.d1061.s0.i0 1.000000 0.945115
DS2.d446.s1.i0 1.000000 -0.173916
DS2.d446.s0.i3 1.000000 0.875999
DS2.d446.s0.i2 1.000000 0.872117
DS2.d446.s0.i1 1.000000 0.816021
DS2.d446.s0.i0 1.000000 0.801133
DS2.d1063.s0.i0 1.000000 0.686419
DS2.d1063.s0.i1 1.000000 0.760544
DS2.d97.s0.i0 -1.000000 -0.705515
DS2.d97.s0.i1 -1.000000 -0.726639
DS2.d97.s0.i2 -1.000000 -0.536902
DS2.d731.s0.i0 1.000000 0.769608
DS2.d779.s0.i0 1.000000 0.549431
DS2.d778.s3.i0 1.000000 0.631148
DS2.d778.s2.i1 -1.000000 -0.290346
DS2.d778.s2.i0 -1.000000 -0.461603
DS2.d778.s1.i0 -1.000000 -0.972704
DS2.d778.s0.i0 1.000000 0.412056
DS2.d730.s0.i1 1.000000 0.608970
DS2.d730.s0.i0 1.000000 0.799248
DS2.d775.s0.i0 1.000000 0.760954
DS2.d775.s1.i0 1.000000 0.253772
DS2.d774.s2.i1 -1.000000 -0.734001
DS2.d774.s2.i0 -1.000000 -0.708790
DS2.d774.s1.i0 -1.000000 -0.669976
DS2.d774.s1.i1 -1.000000 -0.976989
DS2.d774.s1.i2 -1.000000 -0.677124
DS2.d774.s0.i1 -1.000000 -1.063398
DS2.d774.s0.i0 -1.000000 -1.099207
DS2.d777.s0.i0 1.000000 0.752624
DS2.d776.s0.i1 -1.000000 -0.880902
DS2.d776.s0.i0 -1.000000 -1.032263
DS2.d776.s0.i3 -1.000000 -0.979819
DS2.d776.s0.i2 -1.000000 -0.972868
DS2.d770.s1.i0 1.000000 0.661740
DS2.d770.s0.i0 1.000000 0.923415
DS2.d773.s0.i0 -1.000000 -0.844507
DS2.d773.s0.i1 -1.000000 -0.851932
DS2.d772.s1.i0 -1.000000 -0.783031
DS2.d772.s1.i1 -1.000000 -0.756846
DS2.d772.s0.i0 1.000000 0.858839
DS2.d674.s0.i2 -1.000000 -0.634851
DS2.d674.s0.i3 -1.000000 -0.826799
DS2.d674.s0.i0 -1.000000 -0.570320
DS2.d674.s0.i1 -1.000000 -0.778271
DS2.d675.s1.i0 -1.000000 -0.781381
DS2.d675.s0.i0 -1.000000 -0.717404
DS2.d676.s2.i0 1.000000 0.870150
DS2.d676.s3.i0 1.000000 0.770602
DS2.d676.s0.i0 1.000000 0.759230
DS2.d676.s1.i0 1.000000 0.708967
DS2.d676.s4.i0 1.000000 0.791362
DS2.d578.s0.i1 1.000000 0.773970
DS2.d578.s0.i0 1.000000 0.982009
DS2.d670.s0.i0 -1.000000 -0.428803
DS2.d670.s0.i1 -1.000000 -0.840962
DS2.d671.s1.i4 -1.000000 -0.740709
DS2.d671.s1.i5 -1.000000 -0.814229
DS2.d671.s1.i0 -1.000000 -1.035105
DS2.d671.s1.i1 -1.000000 -0.784042
DS2.d671.s1.i2 -1.000000 -0.781806
DS2.d671.s1.i3 1.000000 -0.139795
DS2.d671.s0.i0 1.000000 0.786738
DS2.d672.s0.i0 1.000000 0.753410
DS2.d672.s0.i1 1.000000 0.892472
DS2.d672.s0.i2 1.000000 0.826543
DS2.d672.s0.i3 1.000000 0.814984
DS2.d673.s1.i0 1.000000 0.352903
DS2.d673.s0.i0 1.000000 0.879082
DS2.d573.s0.i0 1.000000 1.154328
DS2.d573.s1.i0 1.000000 0.877595
DS2.d572.s0.i0 1.000000 1.146134
DS2.d571.s0.i0 1.000000 0.942265
DS2.d571.s1.i1 1.000000 0.931733
DS2.d571.s1.i0 1.000000 1.054624
DS2.d570.s0.i0 -1.000000 -0.502647
DS2.d577.s0.i2 1.000000 0.941055
DS2.d577.s0.i0 1.000000 0.870053
DS2.d577.s0.i1 1.000000 0.852963
DS2.d679.s1.i0 -1.000000 -0.895089
DS2.d679.s1.i1 -1.000000 -0.840940
DS2.d679.s1.i2 -1.000000 -0.804251
DS2.d679.s1.i3 -1.000000 -0.735758
DS2.d679.s0.i2 -1.000000 -0.689832
DS2.d679.s0.i1 -1.000000 -0.881791
DS2.d679.s0.i0 -1.000000 -0.851145
DS2.d575.s0.i0 1.000000 0.681932
DS2.d575.s0.i1 1.000000 0.860525
DS2.d575.s0.i2 1.000000 0.741547
DS2.d575.s0.i3 1.000000 0.694743
DS2.d738.s0.i0 1.000000 0.583494
DS2.d362.s0.i0 1.000000 0.928678
DS2.d363.s0.i1 -1.000000 -0.519200
DS2.d363.s0.i0 -1.000000 -0.684622
DS2.d139.s0.i0 1.000000 0.294931
DS2.d139.s0.i1 -1.000000 -0.276187
DS2.d138.s0.i1 1.000000 0.963753
DS2.d138.s0.i0 1.000000 0.936132
DS2.d133.s0.i0 1.000000 1.049753
DS2.d133.s1.i0 1.000000 0.775793
DS2.d132.s0.i3 1.000000 0.810292
DS2.d132.s0.i2 1.000000 0.865811
DS2.d132.s0.i1 1.000000 0.762031
DS2.d132.s0.i0 1.000000 0.979071
DS2.d131.s0.i0 1.000000 0.421570
DS2.d130.s0.i1 -1.000000 -0.378584
DS2.d130.s0.i0 -1.000000 -0.302146
DS2.d137.s0.i2 -1.000000 -0.139774
DS2.d137.s0.i0 1.000000 0.467184
DS2.d137.s0.i1 1.000000 0.374758
DS2.d136.s0.i0 -1.000000 -0.718290
DS2.d135.s0.i0 1.000000 0.743151
DS2.d134.s1.i0 -1.000000 -0.032707
DS2.d134.s1.i1 1.000000 0.150090
DS2.d134.s0.i0 -1.000000 -0.595772
DS2.d134.s2.i0 -1.000000 0.114199
DS2.d708.s0.i0 1.000000 0.768929
DS2.d708.s0.i1 1.000000 0.697675
DS2.d709.s1.i0 1.000000 0.579200
DS2.d709.s0.i0 1.000000 0.974093
DS2.d701.s0.i0 1.000000 -0.217750
DS2.d702.s0.i0 1.000000 0.388403
DS2.d703.s0.i0 -1.000000 0.371626
DS2.d704.s0.i2 -1.000000 -1.077563
DS2.d704.s0.i0 -1.000000 -0.918985
DS2.d704.s0.i1 -1.000000 -1.006363
DS2.d705.s0.i0 -1.000000 -0.718387
DS2.d706.s0.i0 1.000000 0.539649
DS2.d707.s0.i0 1.000000 0.850478
DS2.d850.s0.i0 1.000000 0.297783
DS2.d850.s0.i1 -1.000000 0.000949
DS2.d851.s1.i0 1.000000 0.610907
DS2.d851.s0.i1 1.000000 0.958349
DS2.d851.s0.i0 1.000000 0.939265
DS2.d852.s0.i0 1.000000 0.045894
DS2.d852.s0.i1 1.000000 0.238582
DS2.d853.s1.i0 1.000000 0.913151
DS2.d853.s1.i1 1.000000 0.913151
DS2.d853.s0.i1 1.000000 0.758723
DS2.d853.s0.i0 1.000000 0.783650
DS2.d854.s0.i0 -1.000000 -0.570159
DS2.d1056.s0.i0 1.000000 0.928541
DS2.d856.s0.i0 1.000000 1.061784
DS2.d857.s1.i0 1.000000 0.985205
DS2.d857.s0.i0 1.000000 0.539315
DS2.d858.s0.i0 1.000000 0.397208
DS2.d858.s1.i0 1.000000 0.591138
DS2.d859.s0.i0 1.000000 0.775298
DS2.d1057.s0.i0 1.000000 0.943210
DS2.d767.s0.i0 -1.000000 -0.704379
DS2.d1050.s0.i0 1.000000 0.156696
DS2.d1050.s1.i0 -1.000000 -0.538390
DS2.d1051.s0.i0 1.000000 1.059373
DS2.d1052.s0.i0 1.000000 0.868503
DS2.d1053.s0.i1 1.000000 1.054858
DS2.d1053.s0.i0 1.000000 1.061059
DS2.d1054.s0.i0 -1.000000 -0.786198
DS2.d1055.s1.i0 1.000000 0.896799
DS2.d1055.s1.i1 1.000000 0.739332
DS2.d1055.s0.i0 1.000000 0.828255
DS2.d319.s0.i0 1.000000 0.580730
DS2.d318.s0.i1 -1.000000 -0.969610
DS2.d318.s0.i0 -1.000000 -0.868268
DS2.d318.s0.i3 -1.000000 -0.868268
DS2.d318.s0.i2 -1.000000 -0.969610
DS2.d317.s0.i0 1.000000 0.400585
DS2.d317.s0.i1 -1.000000 0.064504
DS2.d316.s0.i0 -1.000000 0.412501
DS2.d315.s0.i0 1.000000 0.972405
DS2.d314.s1.i0 -1.000000 -0.598134
DS2.d314.s0.i1 -1.000000 -0.585708
DS2.d314.s0.i0 -1.000000 -0.567435
DS2.d313.s0.i0 -1.000000 -0.557105
DS2.d313.s0.i1 -1.000000 -0.611919
DS2.d312.s0.i2 -1.000000 -0.965619
DS2.d312.s0.i1 -1.000000 -0.935589
DS2.d312.s0.i0 -1.000000 -0.941629
DS2.d310.s0.i1 -1.000000 -0.893034
DS2.d310.s0.i0 -1.000000 -0.953797
DS2.d310.s0.i3 -1.000000 -0.839551
DS2.d310.s0.i2 -1.000000 -0.863225
DS2.d256.s0.i0 1.000000 0.095899
DS2.d256.s0.i1 1.000000 0.395254
DS2.d257.s0.i3 1.000000 0.843746
DS2.d257.s0.i2 1.000000 0.912938
DS2.d257.s0.i1 1.000000 0.809577
DS2.d257.s0.i0 1.000000 0.742978
DS2.d254.s0.i0 -1.000000 -0.857781
DS2.d255.s0.i1 1.000000 0.628371
DS2.d255.s0.i0 1.000000 0.721462
DS2.d252.s0.i0 1.000000 0.771710
DS2.d252.s1.i0 1.000000 0.769424
DS2.d253.s0.i0 -1.000000 -0.662519
DS2.d250.s0.i0 1.000000 0.837267
DS2.d251.s0.i1 -1.000000 -0.533338
DS2.d251.s0.i0 -1.000000 -0.543692
DS2.d569.s0.i1 1.000000 0.918824
DS2.d569.s0.i0 1.000000 0.903638
DS2.d258.s0.i0 1.000000 0.829841
DS2.d259.s1.i2 1.000000 0.914341
DS2.d259.s1.i3 1.000000 0.997514
DS2.d259.s1.i0 1.000000 0.770648
DS2.d259.s1.i1 1.000000 0.927000
DS2.d259.s0.i0 1.000000 0.865854
DS2.d825.s0.i0 1.000000 0.785551
DS2.d825.s1.i1 -1.000000 -0.733016
DS2.d825.s1.i0 -1.000000 -0.730688
DS2.d825.s1.i2 -1.000000 -0.675326
DS2.d824.s0.i0 -1.000000 -0.373646
DS2.d827.s0.i0 1.000000 0.982920
DS2.d826.s0.i5 -1.000000 -1.026487
DS2.d826.s0.i4 -1.000000 -0.918579
DS2.d826.s0.i7 -1.000000 -1.033163
DS2.d826.s0.i6 -1.000000 -0.813861
DS2.d826.s0.i1 -1.000000 -0.944983
DS2.d826.s0.i0 -1.000000 -0.981128
DS2.d826.s0.i3 -1.000000 -0.922916
DS2.d826.s0.i2 -1.000000 -0.968628
DS2.d826.s0.i10 -1.000000 -1.014963
DS2.d826.s0.i9 -1.000000 -1.056038
DS2.d826.s0.i8 -1.000000 -0.982050
DS2.d826.s0.i11 -1.000000 -1.086552
DS2.d826.s0.i12 -1.000000 -0.959974
DS2.d826.s0.i13 -1.000000 -0.965042
DS2.d821.s0.i0 1.000000 1.009794
DS2.d820.s0.i2 1.000000 0.851493
DS2.d820.s0.i1 1.000000 0.720203
DS2.d820.s0.i0 1.000000 0.728829
DS2.d823.s4.i0 -1.000000 -0.443715
DS2.d823.s4.i1 -1.000000 -0.359805
DS2.d823.s2.i0 1.000000 0.623490
DS2.d823.s3.i0 -1.000000 -0.539167
DS2.d823.s0.i0 1.000000 1.164896
DS2.d823.s0.i1 1.000000 1.059763
DS2.d823.s1.i1 1.000000 0.826115
DS2.d823.s1.i0 1.000000 0.869358
DS2.d822.s1.i0 1.000000 0.602887
DS2.d822.s0.i0 1.000000 0.789734
DS2.d818.s0.i0 1.000000 0.838539
DS2.d818.s0.i1 1.000000 0.905588
DS2.d829.s0.i0 1.000000 0.698723
DS2.d829.s0.i1 1.000000 1.141598
DS2.d819.s0.i1 1.000000 0.749914
DS2.d819.s0.i0 1.000000 0.824953
DS2.d658.s0.i0 1.000000 0.688392
DS2.d560.s0.i0 -1.000000 -0.445648
DS2.d659.s0.i0 -1.000000 -0.672813
DS2.d561.s3.i0 -1.000000 -0.847675
DS2.d561.s3.i1 -1.000000 -0.809481
DS2.d561.s2.i0 -1.000000 -0.164512
DS2.d561.s1.i0 -1.000000 -0.531030
DS2.d561.s0.i0 -1.000000 -0.700749
DS2.d99.s0.i6 -1.000000 0.237139
DS2.d99.s0.i4 1.000000 0.266371
DS2.d99.s0.i5 -1.000000 0.257124
DS2.d99.s0.i2 1.000000 0.501194
DS2.d99.s0.i3 1.000000 0.500729
DS2.d99.s0.i0 1.000000 0.286721
DS2.d99.s0.i1 1.000000 0.259071
DS2.d98.s1.i0 1.000000 0.850528
DS2.d98.s0.i2 1.000000 0.954141
DS2.d98.s0.i1 1.000000 0.987530
DS2.d98.s0.i0 1.000000 0.654364
DS2.d401.s0.i0 -1.000000 -0.807474
DS2.d401.s1.i0 1.000000 0.577300
DS2.d407.s0.i0 1.000000 0.813677
DS2.d406.s2.i0 -1.000000 -0.276583
DS2.d406.s1.i0 -1.000000 -0.603972
DS2.d406.s0.i0 -1.000000 -0.642659
DS2.d405.s0.i0 1.000000 0.076077
DS2.d405.s0.i1 -1.000000 0.316673
DS2.d405.s0.i2 -1.000000 -0.127132
DS2.d405.s0.i3 1.000000 0.177757
DS2.d404.s1.i0 1.000000 0.910779
DS2.d404.s0.i1 1.000000 -0.054774
DS2.d404.s0.i0 -1.000000 0.132920
DS2.d409.s0.i0 1.000000 0.735076
DS2.d408.s0.i1 -1.000000 -0.595299
DS2.d408.s0.i0 -1.000000 -0.815343
DS2.d408.s0.i3 -1.000000 -0.704568
DS2.d408.s0.i2 -1.000000 -0.704788
DS2.d811.s0.i1 1.000000 0.795868
DS2.d811.s0.i0 1.000000 0.740595
DS2.d919.s0.i0 1.000000 0.725466
DS2.d95.s0.i0 -1.000000 -0.781970
DS2.d94.s0.i1 1.000000 0.921648
DS2.d94.s0.i0 1.000000 0.791392
DS2.d911.s0.i0 -1.000000 -1.033975
DS2.d910.s0.i1 1.000000 0.812896
DS2.d910.s0.i0 1.000000 0.686662
DS2.d913.s2.i0 1.000000 0.705609
DS2.d913.s0.i0 1.000000 0.605220
DS2.d913.s1.i0 1.000000 0.765155
DS2.d912.s0.i0 1.000000 0.244393
DS2.d915.s0.i0 1.000000 0.974443
DS2.d915.s0.i1 1.000000 1.041054
DS2.d915.s1.i0 1.000000 0.932619
DS2.d799.s0.i0 -1.000000 -0.648224
DS2.d799.s1.i0 -1.000000 -0.743558
DS2.d917.s0.i0 1.000000 0.888891
DS2.d917.s0.i1 1.000000 0.858564
DS2.d917.s0.i2 1.000000 0.904729
DS2.d651.s0.i1 1.000000 0.826545
DS2.d651.s0.i0 1.000000 0.822723
DS2.d651.s0.i3 1.000000 0.775714
DS2.d651.s0.i2 1.000000 0.737189
DS2.d668.s0.i0 1.000000 0.985793
DS2.d90.s0.i2 1.000000 0.272208
DS2.d90.s0.i1 -1.000000 0.079722
DS2.d90.s0.i0 1.000000 0.343637
DS2.d498.s0.i0 -1.000000 -0.215224
DS2.d498.s0.i1 -1.000000 -0.870955
DS2.d498.s1.i1 -1.000000 -0.743171
DS2.d498.s1.i0 -1.000000 -0.769173
DS2.d766.s0.i0 1.000000 0.720900
DS2.d766.s1.i1 1.000000 0.876827
DS2.d766.s1.i0 1.000000 0.831904
DS2.d499.s0.i3 -1.000000 -0.957986
DS2.d499.s0.i2 -1.000000 -0.906478
DS2.d499.s0.i1 -1.000000 -0.999878
DS2.d499.s0.i0 -1.000000 -0.941306
DS2.d537.s0.i0 1.000000 0.642623
DS2.d536.s0.i0 1.000000 0.870822
DS2.d535.s0.i0 -1.000000 -0.985127
DS2.d535.s0.i1 -1.000000 -0.847021
DS2.d534.s0.i0 -1.000000 -0.739707
DS2.d533.s0.i6 -1.000000 -0.904735
DS2.d533.s0.i7 -1.000000 -0.982927
DS2.d533.s0.i4 -1.000000 -0.847931
DS2.d533.s0.i5 -1.000000 -0.927117
DS2.d533.s0.i2 -1.000000 -1.024833
DS2.d533.s0.i3 -1.000000 -1.016249
DS2.d533.s0.i0 -1.000000 -0.968488
DS2.d533.s0.i1 -1.000000 -0.873117
DS2.d532.s1.i0 -1.000000 -0.299097
DS2.d532.s0.i0 1.000000 0.567574
DS2.d531.s0.i0 1.000000 0.563414
DS2.d531.s1.i0 1.000000 0.342632
DS2.d530.s1.i0 1.000000 0.925876
DS2.d530.s1.i1 1.000000 0.970204
DS2.d530.s0.i0 1.000000 0.531256
DS2.d530.s2.i1 1.000000 1.008902
DS2.d530.s2.i0 1.000000 1.052223
DS2.d539.s0.i0 1.000000 0.886399
DS2.d539.s0.i1 1.000000 0.844145
DS2.d538.s0.i0 -1.000000 0.493996
DS2.d51.s0.i0 1.000000 0.739640
DS2.d51.s0.i1 1.000000 0.809514
DS2.d50.s0.i0 -1.000000 0.014362
DS2.d53.s0.i0 1.000000 0.985681
DS2.d53.s0.i1 1.000000 0.843561
DS2.d53.s0.i2 1.000000 0.997622
DS2.d52.s1.i0 1.000000 0.817586
DS2.d52.s0.i1 -1.000000 -0.803435
DS2.d52.s0.i0 -1.000000 -0.744296
DS2.d55.s0.i0 -1.000000 -0.874802
DS2.d54.s1.i0 1.000000 0.711214
DS2.d54.s0.i0 1.000000 0.857535
DS2.d57.s0.i0 1.000000 0.722722
DS2.d57.s0.i1 1.000000 0.831099
DS2.d56.s0.i1 1.000000 0.368151
DS2.d56.s0.i0 -1.000000 0.007654
DS2.d56.s0.i3 -1.000000 0.006875
DS2.d56.s0.i2 1.000000 0.209160
DS2.d56.s0.i4 1.000000 0.223116
DS2.d59.s0.i0 1.000000 0.879051
DS2.d59.s0.i1 1.000000 0.879051
DS2.d58.s0.i3 1.000000 0.936869
DS2.d58.s0.i2 1.000000 0.800287
DS2.d58.s0.i1 1.000000 0.939617
DS2.d58.s0.i0 1.000000 0.796933
DS2.d58.s0.i5 1.000000 0.951062
DS2.d58.s0.i4 1.000000 0.890902
DS2.d490.s0.i0 1.000000 0.835127
DS2.d490.s0.i1 1.000000 0.585559
DS2.d509.s0.i0 1.000000 0.186065
DS2.d491.s0.i2 1.000000 0.598789
DS2.d491.s0.i1 1.000000 0.550727
DS2.d491.s0.i0 1.000000 0.874481
DS2.d1039.s0.i1 -1.000000 -0.909709
DS2.d1039.s0.i0 -1.000000 -1.081884
DS2.d1039.s0.i3 -1.000000 -0.838222
DS2.d1039.s0.i2 -1.000000 -1.122175
DS2.d177.s0.i0 1.000000 0.881193
DS2.d177.s1.i5 1.000000 -0.018775
DS2.d177.s1.i4 -1.000000 -0.298445
DS2.d177.s1.i1 -1.000000 -0.330901
DS2.d177.s1.i0 -1.000000 -0.326869
DS2.d177.s1.i3 1.000000 -0.004837
DS2.d177.s1.i2 -1.000000 -0.334135
DS2.d177.s2.i0 -1.000000 -0.625415
DS2.d177.s3.i0 1.000000 0.732815
DS2.d177.s4.i0 1.000000 1.037227
DS2.d177.s4.i1 1.000000 0.747809
DS2.d176.s0.i0 -1.000000 -0.878497
DS2.d175.s0.i0 1.000000 0.690063
DS2.d174.s1.i2 1.000000 0.846527
DS2.d174.s1.i3 1.000000 0.794879
DS2.d174.s1.i0 1.000000 0.864004
DS2.d174.s1.i1 1.000000 0.789611
DS2.d174.s0.i1 1.000000 1.086881
DS2.d174.s0.i0 1.000000 0.887550
DS2.d173.s0.i0 -1.000000 -0.750363
DS2.d173.s0.i1 -1.000000 -0.883476
DS2.d172.s0.i0 -1.000000 -0.698581
DS2.d171.s0.i0 1.000000 0.889706
DS2.d171.s0.i1 1.000000 1.062082
DS2.d171.s1.i0 1.000000 0.697320
DS2.d170.s0.i1 1.000000 0.875415
DS2.d170.s0.i0 1.000000 0.858195
DS2.d179.s0.i0 -1.000000 -0.340568
DS2.d179.s1.i1 -1.000000 -0.817793
DS2.d179.s1.i0 -1.000000 -0.816557
DS2.d178.s1.i0 -1.000000 -0.328212
DS2.d178.s0.i1 -1.000000 -0.810140
DS2.d178.s0.i0 -1.000000 -0.845076
DS2.d744.s0.i0 1.000000 0.699702
DS2.d745.s0.i2 1.000000 0.805508
DS2.d745.s0.i1 1.000000 0.633046
DS2.d745.s0.i0 1.000000 1.285686
DS2.d629.s0.i0 1.000000 0.805833
DS2.d629.s0.i1 1.000000 0.897244
DS2.d628.s0.i0 1.000000 0.739842
DS2.d740.s0.i0 1.000000 0.217053
DS2.d741.s0.i0 1.000000 0.783510
DS2.d742.s0.i0 1.000000 0.938136
DS2.d742.s0.i1 1.000000 0.716485
DS2.d743.s0.i0 1.000000 0.633054
DS2.d621.s0.i0 -1.000000 -0.832052
DS2.d621.s0.i1 -1.000000 -0.873330
DS2.d621.s0.i2 -1.000000 -0.881167
DS2.d621.s0.i3 -1.000000 -0.832052
DS2.d621.s1.i1 -1.000000 -0.688952
DS2.d621.s1.i0 -1.000000 -0.690282
DS2.d627.s0.i0 -1.000000 -0.614190
DS2.d627.s0.i1 -1.000000 -0.690751
DS2.d626.s0.i0 1.000000 0.791083
DS2.d625.s0.i0 1.000000 0.649687
DS2.d624.s0.i1 1.000000 0.382570
DS2.d624.s0.i0 -1.000000 -0.022330
DS2.d624.s0.i2 1.000000 0.507863
DS2.d501.s1.i0 -1.000000 -0.732207
DS2.d501.s1.i1 -1.000000 -0.995878
DS2.d501.s0.i1 -1.000000 -1.078637
DS2.d501.s0.i0 -1.000000 -1.005260
DS2.d1018.s0.i0 1.000000 0.814319
DS2.d1019.s0.i0 1.000000 0.450243
DS2.d1015.s0.i3 1.000000 0.956694
DS2.d1015.s0.i2 1.000000 0.779006
DS2.d1015.s0.i1 1.000000 0.956694
DS2.d1015.s0.i0 1.000000 0.779006
DS2.d1015.s0.i5 1.000000 1.004018
DS2.d1015.s0.i4 1.000000 1.004018
DS2.d1016.s0.i0 1.000000 0.830515
DS2.d1017.s0.i0 1.000000 1.022839
DS2.d1010.s0.i0 -1.000000 0.402156
DS2.d1011.s1.i0 1.000000 0.713345
DS2.d1011.s0.i0 1.000000 0.768563
DS2.d1012.s0.i0 1.000000 0.945576
DS2.d1012.s0.i1 1.000000 0.922939
DS2.d1013.s1.i0 1.000000 0.743662
DS2.d1013.s0.i0 1.000000 0.518323
DS2.d213.s0.i3 -1.000000 -0.977404
DS2.d213.s0.i2 -1.000000 -0.962706
DS2.d213.s0.i1 -1.000000 -0.838976
DS2.d213.s0.i0 -1.000000 -0.853332
DS2.d210.s2.i0 1.000000 0.575076
DS2.d210.s0.i0 1.000000 0.919270
DS2.d210.s0.i1 1.000000 0.881105
DS2.d210.s1.i0 1.000000 0.724390
DS2.d211.s0.i0 1.000000 0.805766
DS2.d216.s0.i0 -1.000000 -0.434395
DS2.d217.s0.i5 -1.000000 -0.695120
DS2.d217.s0.i4 -1.000000 -0.720903
DS2.d217.s0.i3 -1.000000 -0.929229
DS2.d217.s0.i2 -1.000000 -0.945349
DS2.d217.s0.i1 -1.000000 -0.848089
DS2.d217.s0.i0 -1.000000 -0.896329
DS2.d214.s0.i0 1.000000 0.592304
DS2.d215.s0.i0 1.000000 0.370135
DS2.d218.s0.i0 -1.000000 -0.365914
DS2.d219.s0.i0 -1.000000 -0.823573
DS2.d567.s0.i0 -1.000000 -0.300496
DS2.d921.s0.i0 1.000000 0.705407
DS2.d922.s0.i0 1.000000 0.427059
DS2.d923.s1.i0 -1.000000 -0.839610
DS2.d923.s0.i0 -1.000000 0.402398
DS2.d924.s0.i0 -1.000000 -0.605487
DS2.d924.s0.i1 -1.000000 -0.657095
DS2.d925.s0.i1 -1.000000 -0.681203
DS2.d925.s0.i0 -1.000000 -0.762157
DS2.d926.s0.i0 -1.000000 -0.622620
DS2.d926.s0.i1 -1.000000 -0.622620
DS2.d927.s1.i0 1.000000 0.644445
DS2.d927.s0.i0 1.000000 0.636523
DS2.d928.s0.i0 -1.000000 -0.327598
DS2.d887.s0.i2 -1.000000 -0.798031
DS2.d887.s0.i0 -1.000000 -0.795838
DS2.d887.s0.i1 -1.000000 -0.876697
DS2.d886.s0.i0 1.000000 0.724330
DS2.d885.s0.i0 -1.000000 0.263240
DS2.d885.s1.i3 -1.000000 -0.780042
DS2.d885.s1.i2 -1.000000 -0.731276
DS2.d885.s1.i1 -1.000000 -0.829591
DS2.d885.s1.i0 -1.000000 -0.743843
DS2.d884.s1.i0 1.000000 0.612058
DS2.d884.s0.i1 1.000000 0.987689
DS2.d884.s0.i0 1.000000 0.979243
DS2.d884.s2.i1 1.000000 0.881243
DS2.d884.s2.i0 1.000000 0.881764
DS2.d883.s0.i0 -1.000000 -0.070255
DS2.d883.s0.i1 1.000000 0.349105
DS2.d882.s1.i0 -1.000000 -0.877493
DS2.d882.s1.i1 -1.000000 -0.919636
DS2.d882.s0.i0 1.000000 1.125678
DS2.d881.s0.i0 1.000000 0.405969
DS2.d881.s0.i1 1.000000 0.613111
DS2.d881.s0.i2 1.000000 0.377719
DS2.d881.s0.i3 -1.000000 0.287591
DS2.d880.s1.i0 -1.000000 -0.856413
DS2.d880.s0.i1 -1.000000 -1.025381
DS2.d880.s0.i0 -1.000000 -0.853345
DS2.d447.s0.i0 1.000000 0.732062
DS2.d447.s1.i0 1.000000 1.102940
DS2.d1060.s0.i0 1.000000 0.842442
DS2.d445.s0.i0 1.000000 0.457537
DS2.d444.s1.i0 1.000000 0.798260
DS2.d444.s1.i1 1.000000 0.807263
DS2.d444.s0.i1 1.000000 0.785617
DS2.d444.s0.i0 1.000000 0.899595
DS2.d443.s0.i2 1.000000 0.830675
DS2.d443.s0.i0 1.000000 0.810545
DS2.d443.s0.i1 1.000000 0.781440
DS2.d442.s1.i0 1.000000 0.720112
DS2.d442.s0.i0 -1.000000 -0.632284
DS2.d441.s0.i0 1.000000 0.733924
DS2.d441.s1.i0 1.000000 0.267566
DS2.d888.s0.i0 1.000000 0.693497
DS2.d366.s0.i0 1.000000 0.821413
DS2.d366.s1.i0 1.000000 0.699099
DS2.d366.s2.i0 1.000000 0.585964
DS2.d366.s2.i1 1.000000 0.588210
DS2.d366.s3.i0 1.000000 0.911792
DS2.d364.s0.i0 -1.000000 -0.724488
DS2.d365.s0.i0 -1.000000 -0.124479
DS2.d289.s0.i0 1.000000 0.871585
DS2.d288.s0.i0 1.000000 1.082805
DS2.d360.s0.i0 1.000000 0.720732
DS2.d361.s0.i0 1.000000 0.714249
DS2.d285.s0.i0 1.000000 -0.136128
DS2.d285.s1.i1 -1.000000 -1.022009
DS2.d285.s1.i0 -1.000000 -1.010391
DS2.d285.s1.i3 -1.000000 -0.918386
DS2.d285.s1.i2 -1.000000 -0.930512
DS2.d284.s0.i0 1.000000 0.871420
DS2.d287.s0.i0 1.000000 0.944801
DS2.d286.s1.i0 1.000000 0.765697
DS2.d286.s1.i1 1.000000 0.906391
DS2.d286.s0.i0 1.000000 0.653095
DS2.d281.s0.i0 -1.000000 -0.473968
DS2.d280.s0.i1 1.000000 0.472138
DS2.d280.s0.i0 1.000000 0.472138
DS2.d368.s0.i0 -1.000000 -0.566111
DS2.d369.s1.i0 -1.000000 -0.516145
DS2.d369.s0.i0 -1.000000 -0.876805
DS2.d369.s2.i0 -1.000000 -0.852880
DS2.d955.s0.i0 1.000000 0.494476
DS2.d954.s0.i3 1.000000 0.887022
DS2.d954.s0.i2 1.000000 0.835690
DS2.d954.s0.i1 1.000000 0.991443
DS2.d954.s0.i0 1.000000 0.896492
DS2.d957.s0.i0 1.000000 0.876670
DS2.d957.s0.i1 1.000000 0.998069
DS2.d956.s0.i1 1.000000 1.068753
DS2.d956.s0.i0 1.000000 0.984876
DS2.d951.s0.i6 -1.000000 -0.994834
DS2.d951.s0.i7 -1.000000 -0.944539
DS2.d951.s0.i4 -1.000000 -0.970185
DS2.d951.s0.i5 -1.000000 -1.044010
DS2.d951.s0.i2 -1.000000 -0.987594
DS2.d951.s0.i3 -1.000000 -0.916528
DS2.d951.s0.i0 -1.000000 -1.038192
DS2.d951.s0.i1 -1.000000 -1.097035
DS2.d951.s0.i8 -1.000000 -1.034723
DS2.d951.s0.i9 -1.000000 -1.086890
DS2.d951.s1.i0 1.000000 0.615269
DS2.d950.s0.i1 -1.000000 -0.575638
DS2.d950.s0.i0 -1.000000 -0.643314
DS2.d953.s0.i0 -1.000000 -0.409451
DS2.d952.s0.i1 1.000000 0.938742
DS2.d952.s0.i0 1.000000 0.917643
DS2.d952.s0.i3 1.000000 0.742562
DS2.d952.s0.i2 1.000000 0.700600
DS2.d814.s0.i0 -1.000000 -0.769626
DS2.d814.s0.i1 -1.000000 -1.061150
DS2.d814.s1.i1 -1.000000 -1.057731
DS2.d814.s1.i0 -1.000000 -0.934988
DS2.d814.s1.i2 -1.000000 -1.078939
DS2.d814.s2.i0 -1.000000 -0.863554
DS2.d815.s0.i0 1.000000 0.867292
DS2.d816.s0.i0 1.000000 0.755856
DS2.d817.s0.i0 -1.000000 -0.597993
DS2.d959.s0.i0 -1.000000 -0.692576
DS2.d959.s0.i1 -1.000000 -0.750544
DS2.d958.s0.i1 1.000000 0.915863
DS2.d958.s0.i0 1.000000 0.917874
DS2.d812.s0.i0 -1.000000 -0.416376
DS2.d812.s0.i1 -1.000000 -0.547405
DS2.d812.s1.i3 1.000000 0.897748
DS2.d812.s1.i2 1.000000 0.927282
DS2.d812.s1.i1 1.000000 0.918525
DS2.d812.s1.i0 1.000000 0.935231
DS2.d813.s1.i0 -1.000000 -0.761299
DS2.d813.s0.i1 -1.000000 -0.693275
DS2.d813.s0.i0 -1.000000 -1.049192
DS2.d813.s0.i3 -1.000000 -0.987351
DS2.d813.s0.i2 -1.000000 -1.111032
DS2.d813.s2.i0 -1.000000 -0.731765
DS2.d125.s1.i0 -1.000000 -0.720255
DS2.d125.s1.i1 -1.000000 -0.722286
DS2.d125.s0.i1 -1.000000 -0.836195
DS2.d125.s0.i0 -1.000000 -0.837678
DS2.d127.s0.i0 1.000000 0.669811
DS2.d1024.s0.i0 1.000000 1.089800
DS2.d440.s0.i1 -1.000000 -0.950990
DS2.d440.s0.i0 -1.000000 -0.951883
DS2.d440.s0.i3 -1.000000 -0.907004
DS2.d440.s0.i2 -1.000000 -1.023840
DS2.d1.s0.i0 1.000000 0.755051
DS2.d0.s1.i0 1.000000 0.950998
DS2.d0.s0.i0 1.000000 1.033957
DS2.d3.s0.i0 1.000000 0.589137
DS2.d7.s0.i0 -1.000000 -0.628942
DS2.d6.s0.i9 -1.000000 -0.934171
DS2.d6.s0.i8 -1.000000 -0.978547
DS2.d6.s0.i1 -1.000000 -0.934111
DS2.d6.s0.i0 -1.000000 -1.063918
DS2.d6.s0.i3 -1.000000 -0.990802
DS2.d6.s0.i2 -1.000000 -0.979327
DS2.d6.s0.i5 -1.000000 -0.946721
DS2.d6.s0.i4 -1.000000 -1.064225
DS2.d6.s0.i7 -1.000000 -0.960137
DS2.d6.s0.i6 -1.000000 -0.983575
DS2.d9.s0.i0 1.000000 0.923680
DS2.d9.s0.i1 1.000000 0.869177
DS2.d8.s0.i2 1.000000 0.358447
DS2.d8.s0.i1 1.000000 0.770226
DS2.d8.s0.i0 -1.000000 -0.182230
DS2.d780.s0.i0 1.000000 0.725926
DS2.d894.s0.i0 1.000000 0.424915
DS2.d782.s0.i0 -1.000000 -0.463999
DS2.d783.s1.i0 1.000000 0.690965
DS2.d783.s0.i0 1.000000 0.599617
DS2.d784.s0.i2 1.000000 0.896404
DS2.d784.s0.i0 1.000000 0.672618
DS2.d784.s0.i1 1.000000 0.928206
DS2.d785.s0.i0 1.000000 0.714038
DS2.d895.s0.i0 1.000000 0.942503
DS2.d788.s0.i0 -1.000000 -0.897213
DS2.d788.s0.i1 -1.000000 -0.913851
DS2.d788.s1.i0 -1.000000 -0.874550
DS2.d789.s0.i0 -1.000000 -0.561293
DS2.d602.s0.i1 1.000000 0.513243
DS2.d602.s0.i0 1.000000 0.355661
DS2.d667.s0.i0 1.000000 1.085789
DS2.d667.s0.i1 1.000000 0.941471
DS2.d666.s0.i1 -1.000000 -0.531169
DS2.d666.s0.i0 -1.000000 -0.655404
DS2.d665.s0.i0 1.000000 0.386340
DS2.d665.s1.i0 1.000000 1.275969
DS2.d897.s0.i0 1.000000 0.634424
DS2.d663.s0.i0 1.000000 0.900049
DS2.d663.s1.i1 1.000000 0.924872
DS2.d663.s1.i0 1.000000 0.923135
DS2.d663.s1.i2 1.000000 0.894470
DS2.d662.s0.i1 1.000000 0.536380
DS2.d662.s0.i0 1.000000 0.647190
DS2.d548.s0.i0 1.000000 0.690292
DS2.d548.s0.i1 1.000000 1.004137
DS2.d548.s0.i2 1.000000 0.850417
DS2.d548.s0.i3 1.000000 0.908291
DS2.d548.s0.i4 1.000000 0.779655
DS2.d548.s0.i5 1.000000 1.015969
DS2.d548.s0.i6 1.000000 0.918169
DS2.d548.s0.i7 1.000000 0.762782
DS2.d549.s1.i2 1.000000 0.813730
DS2.d549.s1.i3 1.000000 0.818160
DS2.d549.s1.i0 1.000000 1.097288
DS2.d549.s1.i1 1.000000 1.122137
DS2.d549.s0.i0 1.000000 0.311880
DS2.d546.s0.i10 -1.000000 -0.916381
DS2.d546.s0.i11 -1.000000 -1.039272
DS2.d546.s0.i2 -1.000000 -0.918160
DS2.d546.s0.i3 -1.000000 -0.945702
DS2.d546.s0.i0 -1.000000 -0.980510
DS2.d546.s0.i1 -1.000000 -0.860200
DS2.d546.s0.i6 -1.000000 -0.958566
DS2.d546.s0.i7 -1.000000 -1.041993
DS2.d546.s0.i4 -1.000000 -1.070523
DS2.d546.s0.i5 -1.000000 -0.991919
DS2.d546.s0.i8 -1.000000 -0.923562
DS2.d546.s0.i9 -1.000000 -0.847033
DS2.d546.s1.i1 -1.000000 -0.882893
DS2.d546.s1.i0 -1.000000 -0.828153
DS2.d890.s0.i0 1.000000 0.613231
DS2.d544.s0.i0 -1.000000 -0.621569
DS2.d544.s0.i1 -1.000000 -0.651325
DS2.d545.s0.i1 -1.000000 -0.648410
DS2.d545.s0.i0 -1.000000 -0.573389
DS2.d542.s0.i0 1.000000 0.775748
DS2.d543.s1.i0 1.000000 0.979206
DS2.d543.s1.i1 1.000000 0.979206
DS2.d543.s0.i0 1.000000 0.951867
DS2.d540.s0.i0 1.000000 0.882036
DS2.d891.s1.i0 -1.000000 -0.128072
DS2.d891.s1.i1 -1.000000 -0.295971
DS2.d891.s0.i1 1.000000 0.817094
DS2.d891.s0.i0 1.000000 0.788307
DS2.d892.s0.i0 -1.000000 -1.046015
DS2.d892.s0.i1 -1.000000 -0.913837
DS2.d892.s0.i2 -1.000000 -0.934305
DS2.d892.s0.i3 -1.000000 -0.911101
DS2.d892.s0.i4 -1.000000 -0.874436
DS2.d892.s0.i5 -1.000000 -0.963998
DS2.d892.s0.i6 -1.000000 -0.872305
DS2.d892.s0.i7 -1.000000 -1.055402
DS2.d892.s1.i2 -1.000000 -0.957585
DS2.d892.s1.i1 -1.000000 -0.792949
DS2.d892.s1.i0 -1.000000 -0.887250
DS2.d893.s0.i0 -1.000000 -0.035812
DS2.d568.s0.i0 1.000000 0.314953
DS2.d108.s0.i0 1.000000 0.719726
DS2.d109.s0.i0 -1.000000 0.159451
DS2.d106.s0.i0 1.000000 0.540743
DS2.d107.s0.i1 1.000000 -0.368114
DS2.d107.s0.i0 1.000000 -0.350498
DS2.d104.s0.i4 -1.000000 -0.937542
DS2.d104.s0.i5 -1.000000 -0.832767
DS2.d104.s0.i0 -1.000000 -0.934545
DS2.d104.s0.i1 -1.000000 -0.984854
DS2.d104.s0.i2 -1.000000 -1.041413
DS2.d104.s0.i3 -1.000000 -0.900024
DS2.d104.s1.i7 -1.000000 -1.017773
DS2.d104.s1.i6 -1.000000 -0.910251
DS2.d104.s1.i5 -1.000000 -1.075249
DS2.d104.s1.i4 -1.000000 -1.070676
DS2.d104.s1.i3 -1.000000 -0.897835
DS2.d104.s1.i2 -1.000000 -0.862572
DS2.d104.s1.i1 -1.000000 -1.072897
DS2.d104.s1.i0 -1.000000 -0.990991
DS2.d105.s0.i1 -1.000000 -0.769881
DS2.d105.s0.i0 -1.000000 -0.732540
DS2.d102.s0.i0 1.000000 1.067042
DS2.d100.s0.i0 -1.000000 -0.742716
DS2.d100.s0.i1 -1.000000 -0.949426
DS2.d100.s0.i2 -1.000000 -1.013897
DS2.d101.s1.i0 1.000000 0.724826
DS2.d101.s0.i0 1.000000 0.905983
DS2.d15.s0.i0 -1.000000 -0.770903
DS2.d15.s1.i0 1.000000 0.424658
DS2.d15.s2.i0 -1.000000 -0.631721
DS2.d14.s0.i0 1.000000 0.852070
DS2.d17.s0.i0 -1.000000 -0.462478
DS2.d17.s0.i1 1.000000 0.543726
DS2.d17.s0.i2 1.000000 0.543726
DS2.d17.s0.i3 -1.000000 -0.462478
DS2.d16.s1.i2 1.000000 0.875884
DS2.d16.s1.i0 1.000000 0.764391
DS2.d16.s1.i1 1.000000 0.937116
DS2.d16.s0.i0 -1.000000 -0.104872
DS2.d11.s0.i0 1.000000 0.518155
DS2.d11.s1.i0 1.000000 1.098225
DS2.d10.s0.i1 1.000000 0.817350
DS2.d10.s0.i0 1.000000 0.811462
DS2.d12.s1.i2 -1.000000 -0.863465
DS2.d12.s1.i3 -1.000000 -0.782208
DS2.d12.s1.i0 -1.000000 -0.929046
DS2.d12.s1.i1 -1.000000 -1.014675
DS2.d12.s0.i1 -1.000000 -0.863247
DS2.d12.s0.i0 -1.000000 -1.007438
DS2.d12.s0.i3 -1.000000 -1.051372
DS2.d12.s0.i2 -1.000000 -1.018991
DS2.d713.s0.i0 1.000000 0.383226
DS2.d713.s0.i1 -1.000000 -0.086403
DS2.d713.s1.i0 -1.000000 -0.309596
DS2.d712.s0.i9 1.000000 0.847282
DS2.d712.s0.i8 1.000000 0.871938
DS2.d712.s0.i3 1.000000 0.867639
DS2.d712.s0.i2 1.000000 0.885865
DS2.d712.s0.i1 1.000000 1.001948
DS2.d712.s0.i0 1.000000 0.784383
DS2.d712.s0.i7 1.000000 0.883913
DS2.d712.s0.i6 1.000000 0.988666
DS2.d712.s0.i5 1.000000 0.764422
DS2.d712.s0.i4 1.000000 0.851988
DS2.d711.s0.i0 1.000000 0.903612
DS2.d711.s0.i1 1.000000 0.802537
DS2.d710.s0.i1 1.000000 0.792291
DS2.d710.s0.i0 1.000000 0.827649
DS2.d717.s0.i0 1.000000 0.773015
DS2.d717.s0.i1 1.000000 0.822485
DS2.d18.s0.i2 1.000000 0.926756
DS2.d18.s0.i1 1.000000 0.954393
DS2.d18.s0.i0 1.000000 0.740724
DS2.d715.s0.i0 1.000000 0.997365
DS2.d715.s0.i1 1.000000 0.849984
DS2.d843.s0.i0 -1.000000 -1.019157
DS2.d843.s1.i0 -1.000000 -0.882988
DS2.d842.s0.i1 -1.000000 -0.836047
DS2.d842.s0.i0 -1.000000 -0.791931
DS2.d841.s0.i0 1.000000 0.764401
DS2.d840.s0.i1 -1.000000 -1.004749
DS2.d840.s0.i0 -1.000000 -1.030381
DS2.d847.s0.i0 1.000000 0.119597
DS2.d847.s0.i1 -1.000000 -0.275749
DS2.d846.s1.i0 -1.000000 -0.657317
DS2.d846.s1.i1 -1.000000 -0.655161
DS2.d846.s0.i11 1.000000 0.998602
DS2.d846.s0.i10 1.000000 0.894282
DS2.d846.s0.i9 1.000000 0.945616
DS2.d846.s0.i8 1.000000 0.924138
DS2.d846.s0.i7 1.000000 0.829089
DS2.d846.s0.i6 1.000000 0.929801
DS2.d846.s0.i5 1.000000 0.828043
DS2.d846.s0.i4 1.000000 0.883522
DS2.d846.s0.i3 1.000000 0.940698
DS2.d846.s0.i2 1.000000 0.937861
DS2.d846.s0.i1 1.000000 0.972271
DS2.d846.s0.i0 1.000000 0.943335
DS2.d845.s0.i0 -1.000000 -0.609071
DS2.d845.s0.i1 -1.000000 -0.694722
DS2.d845.s0.i2 -1.000000 -0.722359
DS2.d845.s0.i3 -1.000000 -0.565473
DS2.d844.s0.i1 -1.000000 -0.580583
DS2.d844.s0.i0 -1.000000 -0.654820
DS2.d849.s0.i0 -1.000000 -0.592377
DS2.d848.s1.i2 1.000000 0.984637
DS2.d848.s1.i0 1.000000 0.886483
DS2.d848.s1.i1 1.000000 0.956498
DS2.d848.s0.i0 1.000000 0.579653
DS2.d487.s0.i2 1.000000 0.933267
DS2.d487.s0.i0 1.000000 1.002614
DS2.d487.s0.i1 1.000000 0.675794
DS2.d1025.s0.i0 1.000000 0.806685
DS2.d1025.s0.i1 1.000000 0.823337
DS2.d1025.s1.i1 1.000000 0.788054
DS2.d1025.s1.i0 1.000000 0.666833
DS2.d323.s0.i0 -1.000000 0.157295
DS2.d320.s0.i0 1.000000 0.242858
DS2.d1026.s0.i1 1.000000 0.979432
DS2.d1026.s0.i0 1.000000 0.847695
DS2.d326.s0.i0 1.000000 0.561542
DS2.d326.s1.i1 1.000000 0.914705
DS2.d326.s1.i0 1.000000 0.715194
DS2.d1020.s0.i0 1.000000 0.658235
DS2.d324.s0.i0 1.000000 0.673058
DS2.d324.s0.i1 1.000000 0.951745
DS2.d324.s0.i2 1.000000 0.883620
DS2.d241.s0.i0 1.000000 0.967056
DS2.d241.s1.i0 1.000000 0.566292
DS2.d240.s0.i3 -1.000000 -0.845514
DS2.d240.s0.i2 -1.000000 -0.944669
DS2.d240.s0.i1 -1.000000 -0.952471
DS2.d240.s0.i0 -1.000000 -0.939685
DS2.d328.s0.i0 1.000000 0.645889
DS2.d329.s0.i1 1.000000 0.776926
DS2.d329.s0.i0 1.000000 0.859726
DS2.d329.s0.i2 1.000000 0.819054
DS2.d245.s0.i0 -1.000000 -0.631292
DS2.d245.s0.i1 -1.000000 -0.762188
DS2.d244.s1.i0 -1.000000 -0.461705
DS2.d244.s0.i0 -1.000000 -0.401859
DS2.d246.s0.i1 -1.000000 -0.735090
DS2.d246.s0.i0 -1.000000 -0.615354
DS2.d591.s0.i0 1.000000 0.780989
DS2.d591.s1.i0 1.000000 0.760508
DS2.d486.s0.i0 -1.000000 -0.764712
DS2.d914.s0.i0 -1.000000 -0.344475
DS2.d308.s0.i0 1.000000 0.871494
DS2.d308.s0.i1 1.000000 0.850961
DS2.d308.s1.i0 1.000000 0.583099
DS2.d359.s0.i0 1.000000 0.719784
DS2.d590.s0.i5 -1.000000 -0.612576
DS2.d590.s0.i4 1.000000 0.037277
DS2.d590.s0.i3 -1.000000 -0.675356
DS2.d590.s0.i2 1.000000 0.085059
DS2.d590.s0.i1 -1.000000 -0.635986
DS2.d590.s0.i0 -1.000000 -0.629976
DS2.d358.s0.i0 1.000000 0.672016
DS2.d463.s0.i0 1.000000 0.637856
DS2.d462.s0.i1 1.000000 0.829940
DS2.d462.s0.i0 1.000000 1.020803
DS2.d462.s0.i3 1.000000 1.060533
DS2.d462.s0.i2 1.000000 1.040295
DS2.d301.s0.i0 -1.000000 -0.680266
DS2.d304.s0.i0 -1.000000 0.076292
DS2.d898.s0.i0 1.000000 0.707703
DS2.d898.s0.i1 1.000000 1.019423
DS2.d305.s2.i1 1.000000 0.789621
DS2.d305.s2.i0 1.000000 0.684012
DS2.d305.s1.i0 -1.000000 -0.450975
DS2.d305.s0.i3 1.000000 0.701592
DS2.d305.s0.i2 1.000000 0.840743
DS2.d305.s0.i1 1.000000 0.723821
DS2.d305.s0.i0 1.000000 0.874688
DS2.d436.s0.i0 -1.000000 -0.840825
DS2.d436.s0.i1 -1.000000 -0.848546
DS2.d436.s1.i0 -1.000000 -0.268743
DS2.d437.s1.i0 1.000000 1.011460
DS2.d437.s0.i0 1.000000 0.786816
DS2.d435.s0.i11 1.000000 0.936377
DS2.d435.s0.i10 1.000000 0.940089
DS2.d435.s0.i12 1.000000 0.952178
DS2.d435.s0.i13 1.000000 0.927221
DS2.d435.s0.i5 1.000000 0.924151
DS2.d435.s0.i4 1.000000 0.932255
DS2.d435.s0.i7 1.000000 0.960113
DS2.d435.s0.i6 1.000000 0.936106
DS2.d435.s0.i1 1.000000 1.028271
DS2.d435.s0.i0 1.000000 0.915341
DS2.d435.s0.i3 1.000000 0.944303
DS2.d435.s0.i2 1.000000 0.948405
DS2.d435.s0.i15 1.000000 0.947959
DS2.d435.s0.i9 1.000000 1.033062
DS2.d435.s0.i8 1.000000 0.968035
DS2.d435.s0.i14 1.000000 0.957661
DS2.d432.s0.i0 -1.000000 -0.184120
DS2.d432.s0.i1 1.000000 0.384119
DS2.d432.s1.i1 1.000000 0.896246
DS2.d432.s1.i0 1.000000 0.523591
DS2.d433.s0.i1 -1.000000 -0.704642
DS2.d433.s0.i0 -1.000000 -0.781205
DS2.d430.s0.i0 -1.000000 -0.209154
DS2.d431.s0.i0 1.000000 0.569745
DS2.d469.s0.i4 -1.000000 -0.517634
DS2.d469.s0.i2 1.000000 0.141761
DS2.d469.s0.i3 1.000000 0.141761
DS2.d469.s0.i0 -1.000000 -0.517634
DS2.d469.s0.i1 -1.000000 -0.517634
DS2.d438.s0.i0 -1.000000 -0.591010
DS2.d439.s0.i0 -1.000000 -0.795965
DS2.d899.s0.i0 1.000000 0.281330
DS2.d754.s1.i0 1.000000 0.825006
DS2.d754.s0.i1 1.000000 0.886447
DS2.d754.s0.i0 1.000000 0.886447
DS2.d968.s0.i0 1.000000 0.681549
DS2.d969.s0.i1 -1.000000 -0.577615
DS2.d969.s0.i0 -1.000000 -0.597028
DS2.d964.s0.i2 1.000000 1.000955
DS2.d964.s0.i3 1.000000 0.852974
DS2.d964.s0.i0 1.000000 0.807606
DS2.d964.s0.i1 1.000000 0.923121
DS2.d964.s1.i1 1.000000 0.844832
DS2.d964.s1.i0 1.000000 0.931278
DS2.d965.s0.i0 -1.000000 0.314322
DS2.d966.s0.i0 1.000000 0.836742
DS2.d967.s0.i1 1.000000 0.731546
DS2.d967.s0.i0 1.000000 0.874587
DS2.d960.s0.i0 -1.000000 -0.730988
DS2.d961.s0.i1 -1.000000 -0.719843
DS2.d961.s0.i0 -1.000000 -0.724813
DS2.d962.s0.i0 -1.000000 -0.559503
DS2.d963.s0.i1 -1.000000 -0.884112
DS2.d963.s0.i0 -1.000000 -0.876873
DS2.d618.s0.i0 1.000000 1.203142
DS2.d781.s0.i1 1.000000 0.743375
DS2.d781.s0.i0 1.000000 0.879113
DS2.d619.s0.i0 1.000000 0.903246
DS2.d948.s0.i0 1.000000 0.802025
DS2.d508.s0.i4 1.000000 0.987176
DS2.d508.s0.i5 1.000000 0.894373
DS2.d508.s0.i0 1.000000 0.913476
DS2.d508.s0.i1 1.000000 0.980904
DS2.d508.s0.i2 1.000000 0.913531
DS2.d508.s0.i3 1.000000 0.943523
DS2.d508.s1.i1 -1.000000 -0.597194
DS2.d508.s1.i0 -1.000000 -0.916842
DS2.d949.s1.i2 1.000000 0.445604
DS2.d949.s1.i0 -1.000000 0.060256
DS2.d949.s1.i1 1.000000 0.428159
DS2.d949.s0.i1 1.000000 0.406160
DS2.d949.s0.i0 -1.000000 0.083628
DS2.d949.s0.i2 1.000000 0.556818
DS2.d949.s3.i0 -1.000000 -0.310247
DS2.d949.s2.i0 1.000000 0.877511
DS2.d334.s0.i0 -1.000000 -0.474298
DS2.d502.s0.i0 1.000000 0.564544
DS2.d502.s0.i1 1.000000 0.542718
DS2.d502.s1.i1 -1.000000 -0.880138
DS2.d502.s1.i0 -1.000000 -0.859982
DS2.d503.s0.i0 1.000000 1.142562
DS2.d500.s0.i0 -1.000000 -0.904106
DS2.d500.s0.i1 -1.000000 -0.843340
DS2.d500.s0.i2 -1.000000 -0.861695
DS2.d787.s1.i0 1.000000 0.293766
DS2.d787.s0.i1 1.000000 0.926410
DS2.d787.s0.i0 1.000000 1.065698
DS2.d787.s0.i3 1.000000 0.786188
DS2.d787.s0.i2 1.000000 1.187076
DS2.d506.s0.i0 -1.000000 -0.545787
DS2.d507.s0.i0 -1.000000 0.040807
DS2.d504.s0.i0 -1.000000 -0.277363
DS2.d505.s4.i0 1.000000 0.789180
DS2.d505.s1.i0 1.000000 0.859928
DS2.d505.s0.i0 1.000000 0.591003
DS2.d505.s3.i0 1.000000 0.866585
DS2.d505.s2.i0 1.000000 1.274312
DS2.d336.s0.i1 -1.000000 -0.981121
DS2.d336.s0.i0 -1.000000 -0.918154
DS2.d336.s0.i3 -1.000000 -0.987043
DS2.d336.s0.i2 -1.000000 -0.919032
DS2.d1021.s0.i4 -1.000000 -0.734924
DS2.d1021.s0.i5 -1.000000 -0.733704
DS2.d1021.s0.i2 -1.000000 -0.838128
DS2.d1021.s0.i3 1.000000 0.163477
DS2.d1021.s0.i0 1.000000 0.224366
DS2.d1021.s0.i1 -1.000000 0.140143
DS2.d610.s0.i0 1.000000 0.873480
DS2.d610.s1.i1 1.000000 1.053796
DS2.d610.s1.i0 1.000000 0.840784
DS2.d331.s0.i0 1.000000 0.803200
DS2.d331.s0.i1 1.000000 0.784723
DS2.d611.s0.i0 1.000000 0.908005
DS2.d330.s0.i0 1.000000 0.688248
DS2.d333.s0.i0 1.000000 0.300936
DS2.d333.s0.i1 1.000000 0.410105
DS2.d333.s0.i2 -1.000000 0.046915
DS2.d333.s1.i0 1.000000 0.593115
DS2.d48.s0.i0 1.000000 0.936015
DS2.d48.s1.i0 1.000000 0.906720
DS2.d49.s1.i0 1.000000 0.688567
DS2.d49.s0.i0 1.000000 0.681193
DS2.d46.s0.i2 -1.000000 -0.722539
DS2.d46.s0.i0 -1.000000 -0.880656
DS2.d46.s0.i1 -1.000000 -0.900225
DS2.d47.s0.i2 -1.000000 -0.880070
DS2.d47.s0.i1 -1.000000 -0.690046
DS2.d47.s0.i0 -1.000000 -0.806788
DS2.d44.s0.i0 -1.000000 -0.422033
DS2.d44.s1.i0 -1.000000 -0.565877
DS2.d45.s0.i1 -1.000000 -0.847616
DS2.d45.s0.i0 -1.000000 -0.681698
DS2.d45.s0.i3 -1.000000 -0.704718
DS2.d45.s0.i2 -1.000000 -0.818615
DS2.d42.s0.i10 -1.000000 -0.931240
DS2.d42.s0.i11 -1.000000 -0.855873
DS2.d42.s0.i6 -1.000000 -0.916354
DS2.d42.s0.i7 -1.000000 -0.971537
DS2.d42.s0.i4 -1.000000 -0.989217
DS2.d42.s0.i5 -1.000000 -0.920364
DS2.d42.s0.i2 -1.000000 -0.754227
DS2.d42.s0.i3 -1.000000 -0.915843
DS2.d42.s0.i0 -1.000000 -0.976577
DS2.d42.s0.i1 -1.000000 -0.819587
DS2.d42.s0.i8 -1.000000 -0.953510
DS2.d42.s0.i9 -1.000000 -0.959359
DS2.d43.s2.i0 1.000000 0.879820
DS2.d43.s1.i0 1.000000 0.958896
DS2.d43.s0.i1 1.000000 1.177381
DS2.d43.s0.i0 1.000000 1.035894
DS2.d41.s1.i0 1.000000 0.962084
DS2.d41.s0.i0 1.000000 0.913781
DS2.d41.s2.i0 1.000000 0.957561
DS2.d148.s0.i0 -1.000000 -0.812807
DS2.d148.s0.i1 -1.000000 -0.739103
DS2.d149.s0.i0 1.000000 0.761473
DS2.d142.s0.i2 1.000000 0.867924
DS2.d142.s0.i3 1.000000 1.012117
DS2.d142.s0.i0 1.000000 0.952269
DS2.d142.s0.i1 1.000000 1.051294
DS2.d142.s1.i0 1.000000 0.565209
DS2.d143.s0.i0 1.000000 0.812141
DS2.d140.s2.i0 1.000000 0.816229
DS2.d140.s3.i1 1.000000 0.924194
DS2.d140.s3.i0 1.000000 0.910039
DS2.d140.s0.i4 1.000000 1.142534
DS2.d140.s0.i5 1.000000 1.168573
DS2.d140.s0.i0 1.000000 0.877924
DS2.d140.s0.i1 1.000000 0.917389
DS2.d140.s0.i2 1.000000 0.877924
DS2.d140.s0.i3 1.000000 0.917389
DS2.d140.s1.i1 1.000000 0.972136
DS2.d140.s1.i0 1.000000 1.042590
DS2.d140.s4.i0 1.000000 1.005276
DS2.d140.s4.i1 1.000000 1.198994
DS2.d140.s4.i2 1.000000 0.957484
DS2.d140.s4.i3 1.000000 0.965653
DS2.d140.s4.i4 1.000000 1.169514
DS2.d140.s4.i5 1.000000 0.434349
DS2.d140.s4.i6 1.000000 1.171192
DS2.d140.s4.i7 1.000000 1.007972
DS2.d146.s0.i0 -1.000000 -0.691996
DS2.d146.s0.i1 -1.000000 -0.746273
DS2.d147.s0.i0 1.000000 0.267064
DS2.d144.s0.i0 1.000000 1.036733
DS2.d145.s1.i2 -1.000000 -0.708320
DS2.d145.s1.i0 -1.000000 -0.922745
DS2.d145.s1.i1 -1.000000 -0.803040
DS2.d145.s0.i1 -1.000000 0.079652
DS2.d145.s0.i0 1.000000 0.289054
DS2.d145.s0.i2 1.000000 0.267508
DS2.d230.s0.i0 1.000000 0.961334
DS2.d231.s0.i22 -1.000000 -0.966961
DS2.d231.s0.i23 -1.000000 -1.069493
DS2.d231.s0.i20 -1.000000 -1.006452
DS2.d231.s0.i21 -1.000000 -1.162687
DS2.d231.s0.i7 -1.000000 -1.032268
DS2.d231.s0.i6 -1.000000 -1.080215
DS2.d231.s0.i5 -1.000000 -0.918458
DS2.d231.s0.i4 -1.000000 -1.086826
DS2.d231.s0.i3 -1.000000 -1.001749
DS2.d231.s0.i2 -1.000000 -0.887154
DS2.d231.s0.i1 -1.000000 -0.997076
DS2.d231.s0.i0 -1.000000 -0.974863
DS2.d231.s0.i9 -1.000000 -1.019179
DS2.d231.s0.i8 -1.000000 -1.029223
DS2.d231.s0.i17 -1.000000 -0.687441
DS2.d231.s0.i16 -1.000000 -0.974738
DS2.d231.s0.i15 -1.000000 -0.939150
DS2.d231.s0.i14 -1.000000 -0.881761
DS2.d231.s0.i13 -1.000000 -1.143759
DS2.d231.s0.i12 -1.000000 -0.750429
DS2.d231.s0.i11 -1.000000 -1.023121
DS2.d231.s0.i10 -1.000000 -0.813737
DS2.d231.s0.i19 -1.000000 -0.925584
DS2.d231.s0.i18 -1.000000 -1.194736
DS2.d757.s0.i0 -1.000000 -0.978124
DS2.d757.s0.i1 -1.000000 -1.008870
DS2.d757.s1.i1 -1.000000 -0.859058
DS2.d757.s1.i0 -1.000000 -0.919764
DS2.d757.s2.i0 -1.000000 -1.040399
DS2.d757.s2.i1 -1.000000 -1.012827
DS2.d757.s3.i1 -1.000000 -0.963009
DS2.d757.s3.i0 -1.000000 -0.954560
DS2.d756.s0.i2 -1.000000 -0.977029
DS2.d756.s0.i1 -1.000000 -0.856015
DS2.d756.s0.i0 -1.000000 -0.934744
DS2.d755.s0.i0 1.000000 0.814222
DS2.d755.s0.i1 1.000000 1.047319
DS2.d664.s1.i0 1.000000 0.622850
DS2.d664.s0.i0 1.000000 0.841869
DS2.d753.s0.i0 1.000000 0.573483
DS2.d752.s0.i1 1.000000 0.778848
DS2.d752.s0.i0 1.000000 0.759125
DS2.d751.s0.i0 1.000000 1.009984
DS2.d751.s0.i1 1.000000 0.942417
DS2.d751.s0.i2 1.000000 0.932008
DS2.d751.s0.i3 1.000000 1.104170
DS2.d751.s0.i4 1.000000 0.846316
DS2.d751.s0.i5 1.000000 1.019383
DS2.d751.s0.i6 1.000000 0.916101
DS2.d751.s0.i7 1.000000 0.834668
DS2.d750.s1.i0 1.000000 0.681785
DS2.d750.s0.i1 1.000000 1.057210
DS2.d750.s0.i0 1.000000 1.079829
DS2.d750.s2.i1 1.000000 0.705108
DS2.d750.s2.i0 1.000000 0.918448
DS2.d616.s0.i0 1.000000 0.755210
DS2.d616.s0.i1 1.000000 0.834309
DS2.d617.s0.i1 1.000000 0.945731
DS2.d617.s0.i0 1.000000 0.970918
DS2.d614.s0.i0 -1.000000 -0.872599
DS2.d614.s0.i1 -1.000000 -0.673108
DS2.d615.s0.i0 1.000000 0.488061
DS2.d612.s0.i0 -1.000000 -0.901335
DS2.d612.s0.i1 -1.000000 -0.762191
DS2.d613.s0.i1 -1.000000 -0.017232
DS2.d613.s0.i0 1.000000 0.388704
DS2.d759.s0.i0 1.000000 0.850832
DS2.d759.s0.i1 1.000000 0.976124
DS2.d758.s0.i0 -1.000000 -0.610304
DS2.d661.s0.i0 -1.000000 -0.594059
DS2.d660.s0.i0 -1.000000 -0.324718
DS2.d205.s0.i0 1.000000 0.365772
DS2.d205.s1.i0 1.000000 0.277514
DS2.d205.s2.i0 -1.000000 -0.709386
DS2.d204.s1.i0 -1.000000 -0.525545
DS2.d204.s0.i0 -1.000000 -0.725742
DS2.d207.s0.i0 1.000000 0.855998
DS2.d206.s0.i1 1.000000 0.799886
DS2.d206.s0.i0 1.000000 0.587687
DS2.d201.s0.i11 -1.000000 -0.340984
DS2.d201.s0.i6 1.000000 0.538498
DS2.d201.s0.i7 -1.000000 -0.441801
DS2.d201.s0.i4 1.000000 0.204299
DS2.d201.s0.i5 -1.000000 -0.408958
DS2.d201.s0.i2 -1.000000 -0.523740
DS2.d201.s0.i3 1.000000 0.372235
DS2.d201.s0.i0 1.000000 0.089234
DS2.d201.s0.i1 -1.000000 -0.276167
DS2.d201.s0.i10 -1.000000 -0.592632
DS2.d201.s0.i8 1.000000 0.157671
DS2.d201.s0.i9 1.000000 0.631467
DS2.d201.s1.i1 1.000000 0.712353
DS2.d201.s1.i0 1.000000 0.683661
DS2.d201.s1.i2 -1.000000 -0.278113
DS2.d200.s1.i0 -1.000000 -0.734000
DS2.d200.s0.i0 1.000000 1.205299
DS2.d203.s0.i0 1.000000 0.996415
DS2.d203.s0.i1 1.000000 0.957654
DS2.d547.s1.i0 -1.000000 -0.794423
DS2.d547.s0.i0 1.000000 0.838436
DS2.d209.s0.i0 -1.000000 -0.242697
DS2.d599.s0.i2 -1.000000 -0.965442
DS2.d599.s0.i0 -1.000000 -0.874590
DS2.d599.s0.i1 -1.000000 -0.908866
DS2.d598.s0.i0 1.000000 0.519931
DS2.d669.s0.i0 -1.000000 -0.266157
DS2.d669.s1.i0 1.000000 0.954049
DS2.d541.s0.i0 1.000000 0.706700
DS2.d932.s0.i2 -1.000000 -0.886262
DS2.d932.s0.i1 -1.000000 -0.737967
DS2.d932.s0.i0 -1.000000 -0.962391
DS2.d931.s0.i0 -1.000000 -0.810985
DS2.d931.s0.i1 -1.000000 -0.830980
DS2.d931.s0.i2 -1.000000 -0.817594
DS2.d931.s0.i3 -1.000000 -0.901006
DS2.d930.s0.i0 1.000000 0.903994
DS2.d937.s0.i0 1.000000 1.001403
DS2.d937.s0.i1 1.000000 1.001403
DS2.d936.s1.i0 1.000000 -0.210545
DS2.d936.s0.i0 1.000000 0.814778
DS2.d935.s0.i0 1.000000 0.850167
DS2.d935.s0.i1 1.000000 0.846311
DS2.d934.s0.i0 -1.000000 -0.541539
DS2.d202.s0.i0 1.000000 -0.516786
DS2.d379.s0.i2 1.000000 0.666096
DS2.d379.s0.i0 1.000000 0.891611
DS2.d379.s0.i1 1.000000 0.891611
DS2.d379.s1.i5 1.000000 1.053203
DS2.d379.s1.i4 1.000000 0.986804
DS2.d379.s1.i1 1.000000 0.970712
DS2.d379.s1.i0 1.000000 0.970712
DS2.d379.s1.i3 1.000000 0.986804
DS2.d379.s1.i2 1.000000 1.064096
DS2.d378.s0.i0 1.000000 1.000014
DS2.d470.s0.i0 1.000000 0.840097
DS2.d471.s0.i5 1.000000 0.967521
DS2.d471.s0.i4 1.000000 0.856749
DS2.d471.s0.i1 1.000000 0.808002
DS2.d471.s0.i0 1.000000 1.034274
DS2.d471.s0.i3 1.000000 0.860191
DS2.d471.s0.i2 1.000000 1.017406
DS2.d476.s0.i0 -1.000000 -0.657630
DS2.d476.s0.i1 -1.000000 -0.838200
DS2.d477.s0.i3 -1.000000 -0.783478
DS2.d477.s0.i2 -1.000000 -0.783314
DS2.d477.s0.i1 -1.000000 -0.820886
DS2.d477.s0.i0 -1.000000 -0.773029
DS2.d474.s0.i0 1.000000 0.230734
DS2.d371.s0.i0 -1.000000 0.658853
DS2.d370.s0.i0 -1.000000 -0.227552
DS2.d373.s0.i0 1.000000 0.969157
DS2.d373.s1.i0 1.000000 0.108433
DS2.d372.s0.i0 1.000000 0.923920
DS2.d375.s0.i8 -1.000000 -0.343149
DS2.d375.s0.i6 -1.000000 -0.417774
DS2.d375.s0.i7 -1.000000 -0.482647
DS2.d375.s0.i4 -1.000000 -0.394337
DS2.d375.s0.i5 -1.000000 -0.344169
DS2.d375.s0.i2 1.000000 -0.015808
DS2.d375.s0.i3 1.000000 0.039929
DS2.d375.s0.i0 -1.000000 -0.579080
DS2.d375.s0.i1 1.000000 0.159067
DS2.d374.s2.i0 -1.000000 -0.510464
DS2.d374.s1.i0 1.000000 0.959377
DS2.d374.s1.i1 1.000000 0.589581
DS2.d374.s0.i1 1.000000 0.860891
DS2.d374.s0.i0 1.000000 0.799746
DS2.d377.s0.i0 1.000000 0.958594
DS2.d377.s1.i0 1.000000 0.844311
DS2.d376.s1.i0 -1.000000 -0.475159
DS2.d376.s0.i0 -1.000000 -0.213214
DS2.d270.s0.i0 1.000000 0.219261
DS2.d271.s0.i1 1.000000 0.747517
DS2.d271.s0.i0 1.000000 0.695233
DS2.d272.s0.i0 -1.000000 -0.530151
DS2.d273.s1.i0 1.000000 0.629733
DS2.d273.s0.i1 -1.000000 -0.743803
DS2.d273.s0.i0 -1.000000 -0.638680
DS2.d274.s0.i0 1.000000 0.391142
DS2.d274.s1.i0 -1.000000 -0.597210
DS2.d275.s0.i0 1.000000 0.753859
DS2.d276.s0.i0 -1.000000 -0.732136
DS2.d276.s1.i0 -1.000000 -0.600087
DS2.d277.s0.i0 -1.000000 -0.527325
DS2.d278.s0.i0 1.000000 0.818415
DS2.d279.s0.i3 1.000000 0.628702
DS2.d279.s0.i2 1.000000 0.907872
DS2.d279.s0.i1 1.000000 1.076358
DS2.d279.s0.i0 1.000000 0.839066
DS2.d279.s0.i7 1.000000 0.915346
DS2.d279.s0.i6 1.000000 1.080348
DS2.d279.s0.i5 1.000000 1.028863
DS2.d279.s0.i4 1.000000 0.830686
DS2.d809.s0.i0 1.000000 0.631911
DS2.d807.s0.i0 -1.000000 -0.456300
DS2.d807.s0.i1 -1.000000 -0.389883
DS2.d807.s1.i1 -1.000000 -0.897485
DS2.d807.s1.i0 -1.000000 -0.934606
DS2.d806.s1.i0 1.000000 0.931578
DS2.d806.s1.i1 1.000000 1.019602
DS2.d806.s0.i0 1.000000 0.935687
DS2.d805.s0.i0 -1.000000 -0.888398
DS2.d805.s0.i1 -1.000000 -0.901104
DS2.d804.s1.i2 -1.000000 -0.833107
DS2.d804.s1.i3 -1.000000 -0.775547
DS2.d804.s1.i0 -1.000000 -0.885798
DS2.d804.s1.i1 -1.000000 -0.810773
DS2.d804.s0.i9 -1.000000 -0.961632
DS2.d804.s0.i8 -1.000000 -1.033897
DS2.d804.s0.i5 -1.000000 -0.994261
DS2.d804.s0.i4 -1.000000 -0.997648
DS2.d804.s0.i7 -1.000000 -0.969500
DS2.d804.s0.i6 -1.000000 -0.928446
DS2.d804.s0.i1 -1.000000 -0.888408
DS2.d804.s0.i0 -1.000000 -0.911318
DS2.d804.s0.i3 -1.000000 -1.031388
DS2.d804.s0.i2 -1.000000 -0.929697
DS2.d803.s0.i0 -1.000000 -0.882473
DS2.d803.s0.i1 -1.000000 -0.973820
DS2.d803.s1.i0 -1.000000 -0.849887
DS2.d802.s0.i3 -1.000000 -0.152421
DS2.d802.s0.i2 1.000000 0.202727
DS2.d802.s0.i1 -1.000000 -0.220137
DS2.d802.s0.i0 1.000000 0.383620
DS2.d801.s0.i0 1.000000 0.935746
DS2.d800.s0.i1 1.000000 0.820043
DS2.d800.s0.i0 1.000000 0.862538
DS2.d988.s0.i0 -1.000000 0.368574
DS2.d989.s1.i0 1.000000 0.730016
DS2.d989.s0.i1 1.000000 0.783249
DS2.d989.s0.i0 1.000000 0.874388
DS2.d989.s0.i3 1.000000 0.639543
DS2.d989.s0.i2 1.000000 0.776568
DS2.d989.s0.i4 1.000000 0.754512
DS2.d986.s0.i0 1.000000 0.665278
DS2.d987.s2.i0 1.000000 1.040976
DS2.d987.s1.i0 1.000000 0.797604
DS2.d987.s0.i0 1.000000 0.805758
DS2.d985.s0.i1 -1.000000 -0.640285
DS2.d985.s0.i0 -1.000000 -0.759183
DS2.d982.s0.i0 -1.000000 0.704287
DS2.d983.s2.i0 1.000000 0.903480
DS2.d983.s1.i0 1.000000 0.773921
DS2.d983.s0.i0 1.000000 0.792083
DS2.d980.s0.i0 -1.000000 -0.853105
DS2.d980.s0.i1 -1.000000 -0.910780
DS2.d980.s1.i0 -1.000000 -0.669785
DS2.d981.s0.i0 1.000000 0.852164
DS2.d384.s0.i0 -1.000000 -0.495585
DS2.d384.s1.i0 1.000000 1.031723
DS2.d385.s1.i0 -1.000000 -0.566336
DS2.d385.s1.i1 -1.000000 -0.700618
DS2.d385.s1.i2 -1.000000 -0.812216
DS2.d385.s1.i3 -1.000000 -0.653633
DS2.d385.s0.i1 1.000000 0.971627
DS2.d385.s0.i0 1.000000 0.634082
DS2.d386.s0.i0 1.000000 0.873592
DS2.d387.s1.i0 1.000000 0.481837
DS2.d387.s0.i1 1.000000 0.060059
DS2.d387.s0.i0 1.000000 0.316584
DS2.d380.s0.i0 -1.000000 0.152837
DS2.d380.s0.i1 1.000000 0.157379
DS2.d380.s1.i0 1.000000 0.506753
DS2.d382.s2.i0 -1.000000 -0.660325
DS2.d382.s2.i1 -1.000000 -1.125573
DS2.d382.s0.i11 -1.000000 -1.028360
DS2.d382.s0.i10 -1.000000 -0.910966
DS2.d382.s0.i8 -1.000000 -1.029612
DS2.d382.s0.i9 -1.000000 -0.923556
DS2.d382.s0.i0 -1.000000 -0.958721
DS2.d382.s0.i1 -1.000000 -1.027271
DS2.d382.s0.i2 -1.000000 -0.857724
DS2.d382.s0.i3 -1.000000 -1.007846
DS2.d382.s0.i4 -1.000000 -1.010318
DS2.d382.s0.i5 -1.000000 -1.050186
DS2.d382.s0.i6 -1.000000 -0.855942
DS2.d382.s0.i7 -1.000000 -0.894962
DS2.d382.s1.i3 -1.000000 -0.878897
DS2.d382.s1.i2 -1.000000 -0.813566
DS2.d382.s1.i1 -1.000000 -0.884356
DS2.d382.s1.i0 -1.000000 -1.129426
DS2.d382.s1.i5 -1.000000 -0.878824
DS2.d382.s1.i4 -1.000000 -1.097290
DS2.d388.s0.i0 -1.000000 -0.463270
DS2.d388.s1.i0 -1.000000 -0.701892
DS2.d388.s2.i0 -1.000000 -0.832188
DS2.d388.s2.i1 -1.000000 -0.572929
DS2.d389.s0.i1 1.000000 0.934632
DS2.d389.s0.i0 1.000000 0.764171
DS2.d186.s0.i0 1.000000 0.819835
DS2.d186.s0.i1 1.000000 0.866601
DS2.d184.s0.i0 1.000000 0.857255
DS2.d182.s0.i0 -1.000000 -0.295450
DS2.d183.s1.i0 1.000000 0.997729
DS2.d183.s1.i1 1.000000 0.958672
DS2.d183.s1.i2 1.000000 0.997729
DS2.d183.s0.i1 -1.000000 -0.361633
DS2.d183.s0.i0 1.000000 0.640144
DS2.d180.s0.i0 1.000000 0.867831
DS2.d180.s0.i1 1.000000 0.972006
DS2.d180.s0.i2 1.000000 0.833664
DS2.d180.s0.i3 1.000000 1.050602
DS2.d181.s0.i1 -1.000000 -0.651764
DS2.d181.s0.i0 -1.000000 -0.607169
DS2.d181.s0.i3 -1.000000 -0.650516
DS2.d181.s0.i2 1.000000 -0.229095
DS2.d181.s0.i4 -1.000000 -0.484005
DS2.d188.s0.i0 1.000000 0.819255
DS2.d188.s0.i1 1.000000 1.007225
DS2.d188.s0.i2 1.000000 0.994371
DS2.d188.s0.i3 1.000000 0.894915
DS2.d188.s1.i0 -1.000000 0.024419
DS2.d189.s1.i0 -1.000000 -0.538403
DS2.d189.s0.i1 -1.000000 -0.847968
DS2.d189.s0.i0 -1.000000 -0.737108
DS2.d793.s0.i0 1.000000 0.694112
DS2.d792.s0.i1 1.000000 0.775825
DS2.d792.s0.i0 1.000000 0.758596
DS2.d791.s0.i0 1.000000 0.988334
DS2.d791.s1.i0 1.000000 0.923766
DS2.d790.s1.i0 -1.000000 -0.438354
DS2.d790.s0.i0 1.000000 0.673723
DS2.d797.s0.i0 -1.000000 -0.731682
DS2.d797.s1.i0 -1.000000 -0.389305
DS2.d796.s0.i0 1.000000 0.677883
DS2.d795.s0.i0 1.000000 0.848413
DS2.d794.s0.i1 -1.000000 -0.928526
DS2.d794.s0.i0 -1.000000 -0.913564
DS2.d794.s0.i3 -1.000000 -0.916230
DS2.d794.s0.i2 -1.000000 -1.029392
DS2.d652.s0.i2 -1.000000 -0.928232
DS2.d652.s0.i0 -1.000000 -0.928232
DS2.d652.s0.i1 -1.000000 -1.002024
DS2.d653.s0.i0 1.000000 0.734701
DS2.d650.s0.i0 1.000000 0.923567
DS2.d650.s0.i1 1.000000 0.824861
DS2.d650.s0.i2 1.000000 0.840211
DS2.d650.s0.i3 1.000000 0.717633
DS2.d798.s0.i0 1.000000 0.983976
DS2.d91.s0.i0 1.000000 0.859857
DS2.d91.s1.i1 1.000000 0.846635
DS2.d91.s1.i0 1.000000 0.841407
DS2.d91.s2.i4 1.000000 0.898215
DS2.d91.s2.i0 1.000000 0.874786
DS2.d91.s2.i1 1.000000 0.851110
DS2.d91.s2.i2 1.000000 0.836334
DS2.d91.s2.i3 1.000000 0.862639
DS2.d657.s3.i0 1.000000 0.918861
DS2.d657.s2.i0 1.000000 0.731521
DS2.d657.s1.i0 1.000000 0.936152
DS2.d657.s1.i1 1.000000 0.710403
DS2.d657.s0.i1 1.000000 0.727723
DS2.d657.s0.i0 1.000000 1.254781
DS2.d654.s0.i0 -1.000000 -0.186045
DS2.d654.s1.i0 1.000000 0.822293
DS2.d92.s0.i0 1.000000 0.845090
DS2.d551.s0.i2 1.000000 0.930090
DS2.d551.s0.i3 1.000000 0.849505
DS2.d551.s0.i0 1.000000 0.883839
DS2.d551.s0.i1 1.000000 0.805389
DS2.d550.s1.i0 1.000000 0.794829
DS2.d550.s1.i1 1.000000 0.981388
DS2.d550.s1.i2 1.000000 0.981388
DS2.d550.s1.i3 1.000000 0.794829
DS2.d550.s0.i13 1.000000 0.956152
DS2.d550.s0.i12 1.000000 1.079584
DS2.d550.s0.i11 1.000000 0.666669
DS2.d550.s0.i10 1.000000 0.913508
DS2.d550.s0.i14 1.000000 0.780723
DS2.d550.s0.i3 1.000000 0.756687
DS2.d550.s0.i2 1.000000 0.855685
DS2.d550.s0.i1 1.000000 0.592346
DS2.d550.s0.i0 1.000000 1.079584
DS2.d550.s0.i7 1.000000 0.780723
DS2.d550.s0.i6 1.000000 0.855685
DS2.d550.s0.i5 1.000000 1.176250
DS2.d550.s0.i4 1.000000 1.021461
DS2.d550.s0.i9 1.000000 1.176250
DS2.d550.s0.i8 1.000000 0.956152
DS2.d552.s0.i0 1.000000 0.288962
DS2.d555.s0.i0 1.000000 0.654227
DS2.d555.s1.i1 1.000000 0.908904
DS2.d555.s1.i0 1.000000 0.791826
DS2.d554.s0.i0 1.000000 0.976426
DS2.d557.s0.i0 1.000000 0.572855
DS2.d556.s1.i2 1.000000 0.177350
DS2.d556.s1.i0 -1.000000 -0.246398
DS2.d556.s1.i1 -1.000000 -0.444840
DS2.d556.s0.i1 1.000000 0.593727
DS2.d556.s0.i0 1.000000 0.703605
DS2.d556.s0.i2 1.000000 0.807735
DS2.d559.s0.i0 1.000000 1.035517
DS2.d559.s0.i1 1.000000 1.139468
DS2.d558.s0.i0 1.000000 0.821683
DS2.d493.s0.i0 1.000000 0.921673
DS2.d494.s0.i0 -1.000000 -0.135803
DS2.d494.s1.i1 1.000000 0.618219
DS2.d494.s1.i0 1.000000 0.610855
DS2.d494.s2.i0 -1.000000 -0.791361
DS2.d495.s0.i1 1.000000 0.703030
DS2.d495.s0.i0 1.000000 0.954471
DS2.d496.s0.i0 -1.000000 -0.866017
DS2.d496.s0.i1 -1.000000 -0.897508
DS2.d496.s0.i2 -1.000000 -0.845566
DS2.d496.s0.i3 -1.000000 -0.766468
DS2.d497.s0.i1 -1.000000 -0.731114
DS2.d497.s0.i0 -1.000000 -0.783932
DS2.d76.s1.i0 1.000000 1.078428
DS2.d76.s1.i1 1.000000 1.078428
DS2.d76.s1.i2 1.000000 0.744548
DS2.d76.s1.i3 1.000000 0.977080
DS2.d76.s1.i4 1.000000 0.977080
DS2.d76.s1.i5 1.000000 0.845894
DS2.d76.s0.i1 1.000000 0.938824
DS2.d76.s0.i0 1.000000 0.938824
DS2.d75.s0.i0 1.000000 0.453443
DS2.d75.s0.i1 -1.000000 0.087377
DS2.d74.s0.i1 1.000000 0.566564
DS2.d74.s0.i0 1.000000 0.571068
DS2.d74.s0.i2 -1.000000 0.044017
DS2.d73.s0.i0 1.000000 0.938142
DS2.d73.s0.i1 1.000000 0.919707
DS2.d72.s0.i2 -1.000000 -0.861093
DS2.d72.s0.i1 -1.000000 -0.929339
DS2.d72.s0.i0 -1.000000 -0.848942
DS2.d71.s2.i0 1.000000 0.766306
DS2.d71.s0.i0 1.000000 0.918496
DS2.d71.s1.i0 1.000000 0.830146
DS2.d70.s0.i1 1.000000 0.750202
DS2.d70.s0.i0 1.000000 0.765601
DS2.d79.s0.i0 -1.000000 -1.018491
DS2.d79.s0.i1 -1.000000 -1.051302
DS2.d79.s0.i2 -1.000000 -1.016740
DS2.d79.s0.i3 -1.000000 -0.965902
DS2.d79.s0.i4 -1.000000 -1.011930
DS2.d79.s0.i5 -1.000000 -0.822205
DS2.d79.s0.i6 -1.000000 -1.035590
DS2.d79.s0.i7 -1.000000 -0.856826
DS2.d78.s1.i2 1.000000 0.794751
DS2.d78.s1.i0 1.000000 0.713104
DS2.d78.s1.i1 1.000000 0.773904
DS2.d78.s0.i0 1.000000 0.899203
DS2.d84.s0.i0 -1.000000 -0.114048
DS2.d942.s0.i0 1.000000 0.260081
DS2.d111.s0.i2 -1.000000 -1.074982
DS2.d111.s0.i0 -1.000000 -0.269794
DS2.d111.s0.i1 -1.000000 -0.469824
DS2.d110.s0.i1 1.000000 0.863510
DS2.d110.s0.i0 1.000000 0.863510
DS2.d113.s0.i0 1.000000 1.049368
DS2.d113.s0.i1 1.000000 1.131913
DS2.d113.s1.i0 1.000000 0.747753
DS2.d112.s0.i1 -1.000000 -0.181087
DS2.d112.s0.i0 -1.000000 -0.127387
DS2.d115.s0.i0 1.000000 0.600540
DS2.d115.s0.i1 1.000000 0.719568
DS2.d115.s1.i0 1.000000 0.742048
DS2.d117.s0.i0 1.000000 0.816924
DS2.d117.s0.i1 1.000000 0.882967
DS2.d116.s1.i2 -1.000000 -0.188580
DS2.d116.s1.i0 -1.000000 -0.569447
DS2.d116.s1.i1 1.000000 -0.091163
DS2.d116.s0.i1 1.000000 0.690591
DS2.d116.s0.i0 1.000000 0.839215
DS2.d119.s0.i0 1.000000 0.521936
DS2.d118.s0.i3 1.000000 0.743880
DS2.d118.s0.i2 1.000000 0.871612
DS2.d118.s0.i1 1.000000 0.800934
DS2.d118.s0.i0 1.000000 0.827886
DS2.d118.s0.i5 1.000000 0.743880
DS2.d118.s0.i4 1.000000 0.827886
DS2.d96.s1.i0 -1.000000 -0.650356
DS2.d96.s1.i1 -1.000000 -0.613037
DS2.d96.s0.i0 -1.000000 -0.573555
DS2.d728.s0.i0 -1.000000 -0.704871
DS2.d726.s0.i2 1.000000 0.940821
DS2.d726.s0.i0 1.000000 0.940821
DS2.d726.s0.i1 1.000000 0.967468
DS2.d727.s0.i1 -1.000000 -0.764133
DS2.d727.s0.i0 -1.000000 -0.938935
DS2.d724.s0.i10 -1.000000 -0.953456
DS2.d724.s0.i11 -1.000000 -0.928826
DS2.d724.s0.i4 -1.000000 -0.960610
DS2.d724.s0.i5 -1.000000 -0.991626
DS2.d724.s0.i6 -1.000000 -0.952344
DS2.d724.s0.i7 -1.000000 -0.981006
DS2.d724.s0.i0 -1.000000 -0.970629
DS2.d724.s0.i1 -1.000000 -0.954614
DS2.d724.s0.i2 -1.000000 -0.972833
DS2.d724.s0.i3 -1.000000 -0.982421
DS2.d724.s0.i8 -1.000000 -0.973051
DS2.d724.s0.i9 -1.000000 -0.927185
DS2.d722.s0.i0 1.000000 0.528539
DS2.d723.s0.i0 -1.000000 -0.119501
DS2.d720.s0.i0 1.000000 0.619063
DS2.d720.s0.i1 1.000000 1.046399
DS2.d720.s0.i2 1.000000 0.608960
DS2.d720.s0.i3 1.000000 0.676057
DS2.d720.s0.i4 1.000000 0.983642
DS2.d720.s1.i1 -1.000000 -0.179761
DS2.d720.s1.i0 1.000000 0.156355
DS2.d721.s0.i0 -1.000000 0.049203
DS2.d876.s0.i0 -1.000000 0.306480
DS2.d876.s0.i1 1.000000 0.215882
DS2.d877.s0.i0 -1.000000 -0.325293
DS2.d874.s0.i0 1.000000 0.799164
DS2.d874.s0.i1 1.000000 0.781248
DS2.d875.s0.i1 -1.000000 -0.690900
DS2.d875.s0.i0 -1.000000 -0.693410
DS2.d872.s0.i0 1.000000 0.662339
DS2.d873.s0.i0 1.000000 1.061517
DS2.d870.s0.i0 1.000000 0.737224
DS2.d870.s1.i0 1.000000 0.659355
DS2.d871.s1.i0 1.000000 0.868267
DS2.d871.s1.i1 1.000000 0.868267
DS2.d871.s0.i1 1.000000 0.178071
DS2.d871.s0.i0 -1.000000 0.227483
DS2.d879.s0.i0 1.000000 0.408375
DS2.d335.s0.i0 1.000000 0.627601
DS2.d1037.s0.i3 1.000000 0.781236
DS2.d1037.s0.i2 1.000000 0.919440
DS2.d1037.s0.i1 1.000000 0.926330
DS2.d1037.s0.i0 1.000000 0.763052
DS2.d1034.s0.i0 1.000000 0.896980
DS2.d1034.s0.i1 1.000000 0.969300
DS2.d1034.s1.i0 -1.000000 -0.571481
DS2.d1035.s0.i0 1.000000 0.780846
DS2.d1032.s0.i0 1.000000 0.219058
DS2.d1033.s0.i0 1.000000 0.172001
DS2.d1030.s0.i0 -1.000000 -0.760297
DS2.d1031.s0.i1 1.000000 0.985007
DS2.d1031.s0.i0 1.000000 0.985007
DS2.d234.s0.i0 1.000000 0.409629
DS2.d234.s0.i1 -1.000000 -0.155663
DS2.d237.s0.i0 1.000000 0.623965
DS2.d339.s0.i0 -1.000000 -0.531453
DS2.d339.s1.i0 -1.000000 -0.529200
DS2.d338.s0.i0 1.000000 0.793334
DS2.d1038.s0.i0 1.000000 0.739938
DS2.d282.s0.i0 -1.000000 -0.466644
DS2.d422.s1.i0 1.000000 0.598122
DS2.d422.s1.i1 1.000000 0.853668
DS2.d422.s0.i0 1.000000 0.987266
DS2.d1065.s0.i4 1.000000 0.908642
DS2.d1065.s0.i2 1.000000 0.734212
DS2.d1065.s0.i3 1.000000 0.892036
DS2.d1065.s0.i0 1.000000 0.864907
DS2.d1065.s0.i1 1.000000 0.869898
DS2.d468.s2.i0 -1.000000 -0.246495
DS2.d468.s1.i0 1.000000 0.763130
DS2.d468.s1.i1 1.000000 0.761951
DS2.d468.s0.i1 -1.000000 -0.191176
DS2.d468.s0.i0 1.000000 0.514591
DS2.d719.s0.i0 1.000000 0.911894
DS2.d719.s1.i0 -1.000000 -0.052952
DS2.d718.s0.i1 -1.000000 -0.821905
DS2.d718.s0.i0 -1.000000 -0.841997
DS2.d392.s2.i1 1.000000 0.849544
DS2.d392.s2.i0 1.000000 0.875953
DS2.d392.s1.i0 1.000000 0.987557
DS2.d392.s1.i1 1.000000 1.038525
DS2.d392.s0.i1 1.000000 0.880169
DS2.d392.s0.i0 1.000000 0.781722
DS2.d1064.s0.i1 -1.000000 -0.354111
DS2.d1064.s0.i0 -1.000000 -0.389749
DS2.d938.s1.i0 1.000000 0.583217
DS2.d938.s0.i0 1.000000 1.151385
DS2.d938.s2.i0 -1.000000 -0.479037
DS2.d582.s0.i0 1.000000 0.754265
DS2.d582.s1.i0 1.000000 1.127662
DS2.d583.s0.i3 1.000000 0.924744
DS2.d583.s0.i2 1.000000 0.924744
DS2.d583.s0.i1 1.000000 0.922213
DS2.d583.s0.i0 1.000000 0.922213
DS2.d581.s0.i0 -1.000000 -0.616679
DS2.d586.s0.i0 -1.000000 -0.684798
DS2.d586.s0.i1 -1.000000 -0.669048
DS2.d587.s0.i0 1.000000 0.964790
DS2.d584.s0.i0 -1.000000 -1.027951
DS2.d584.s0.i1 -1.000000 -0.468067
DS2.d585.s0.i1 1.000000 1.036512
DS2.d585.s0.i0 1.000000 1.009279
DS2.d429.s0.i0 1.000000 0.875786
DS2.d429.s1.i0 1.000000 0.688243
DS2.d423.s0.i0 1.000000 1.012746
DS2.d423.s0.i1 1.000000 1.004092
DS2.d589.s0.i1 1.000000 0.538613
DS2.d589.s0.i0 1.000000 0.379626
DS2.d425.s0.i0 1.000000 0.115671
DS2.d425.s1.i1 1.000000 0.255952
DS2.d425.s1.i0 1.000000 0.236132
DS2.d425.s2.i0 -1.000000 -0.382958
DS2.d425.s3.i0 1.000000 0.758140
DS2.d424.s1.i0 1.000000 0.842241
DS2.d424.s1.i1 1.000000 0.919105
DS2.d424.s0.i0 1.000000 0.975496
DS2.d426.s0.i1 1.000000 0.541028
DS2.d426.s0.i0 1.000000 0.745868
DS2.d340.s0.i2 -1.000000 -0.890451
DS2.d340.s0.i3 -1.000000 -0.662225
DS2.d340.s0.i0 -1.000000 -0.917784
DS2.d340.s0.i1 -1.000000 -0.980604
DS2.d340.s0.i4 -1.000000 -0.700917
DS2.d341.s0.i1 1.000000 0.843682
DS2.d341.s0.i0 1.000000 0.632705
DS2.d1058.s0.i0 -1.000000 -0.747510
DS2.d1058.s0.i1 -1.000000 -0.748603
DS2.d343.s0.i0 -1.000000 -0.469154
DS2.d345.s0.i0 1.000000 0.560018
DS2.d346.s0.i0 1.000000 0.587422
DS2.d346.s1.i1 -1.000000 -0.798351
DS2.d346.s1.i0 -1.000000 -0.700547
DS2.d348.s0.i0 1.000000 0.552688
DS2.d348.s1.i0 -1.000000 -0.764227
DS2.d307.s0.i0 -1.000000 0.029548
DS2.d943.s0.i3 1.000000 0.816833
DS2.d943.s0.i2 1.000000 0.847956
DS2.d943.s0.i1 1.000000 0.878830
DS2.d943.s0.i0 1.000000 0.786879
DS2.d716.s1.i0 -1.000000 -0.432504
DS2.d716.s1.i1 1.000000 -0.174379
DS2.d716.s1.i2 -1.000000 -0.504936
DS2.d716.s0.i0 -1.000000 -0.726296
DS2.d337.s0.i0 1.000000 0.560352
DS2.d337.s1.i1 1.000000 0.666475
DS2.d337.s1.i0 1.000000 0.808034
DS2.d82.s0.i0 -1.000000 0.641813
DS2.d82.s1.i0 1.000000 0.785255
DS2.d428.s0.i0 1.000000 0.737956
DS2.d978.s1.i4 1.000000 0.986586
DS2.d978.s1.i5 1.000000 0.986586
DS2.d978.s1.i2 1.000000 0.971341
DS2.d978.s1.i3 1.000000 0.971341
DS2.d978.s1.i0 1.000000 0.677905
DS2.d978.s1.i1 1.000000 0.770563
DS2.d978.s0.i1 1.000000 0.914864
DS2.d978.s0.i0 1.000000 0.914864
DS2.d976.s1.i0 1.000000 0.920032
DS2.d976.s0.i0 1.000000 0.615255
DS2.d975.s0.i0 1.000000 1.091092
DS2.d975.s0.i1 1.000000 0.713147
DS2.d975.s0.i2 1.000000 0.903663
DS2.d975.s0.i3 1.000000 0.726226
DS2.d974.s1.i0 1.000000 0.155140
DS2.d974.s0.i0 1.000000 0.790553
DS2.d974.s2.i1 1.000000 0.796803
DS2.d974.s2.i0 1.000000 0.760879
DS2.d973.s0.i0 1.000000 0.866270
DS2.d973.s1.i1 1.000000 0.163384
DS2.d973.s1.i0 -1.000000 0.184832
DS2.d973.s1.i3 1.000000 0.315100
DS2.d973.s1.i2 -1.000000 0.485468
DS2.d973.s1.i5 1.000000 0.641528
DS2.d973.s1.i4 1.000000 0.522709
DS2.d973.s2.i0 1.000000 0.637933
DS2.d973.s3.i1 -1.000000 0.057179
DS2.d973.s3.i0 1.000000 0.518465
DS2.d972.s0.i0 -1.000000 -0.678228
DS2.d971.s0.i0 1.000000 0.599078
DS2.d970.s0.i1 1.000000 0.423091
DS2.d970.s0.i0 -1.000000 -0.003808
DS2.d970.s0.i2 1.000000 0.224738
DS2.d300.s0.i0 -1.000000 -0.600866
DS2.d300.s0.i1 -1.000000 -0.504159
DS2.d83.s0.i0 -1.000000 -0.265189
DS2.d478.s0.i0 1.000000 0.836526
DS2.d696.s0.i0 1.000000 0.829967
DS2.d696.s0.i1 1.000000 0.829967
DS2.d697.s0.i0 1.000000 0.331589
DS2.d694.s0.i4 -1.000000 -0.314805
DS2.d694.s0.i5 1.000000 -0.117209
DS2.d694.s0.i0 -1.000000 -0.364864
DS2.d694.s0.i1 -1.000000 -0.407081
DS2.d694.s0.i2 1.000000 -0.079869
DS2.d694.s0.i3 -1.000000 -0.356428
DS2.d695.s1.i0 -1.000000 -0.206447
DS2.d695.s0.i0 -1.000000 -0.867379
DS2.d695.s3.i0 -1.000000 -0.470982
DS2.d695.s2.i0 -1.000000 -0.509434
DS2.d519.s0.i0 -1.000000 -0.134868
DS2.d518.s1.i0 1.000000 0.488690
DS2.d518.s0.i0 -1.000000 -0.603147
DS2.d690.s0.i0 1.000000 0.563969
DS2.d691.s0.i1 1.000000 0.954152
DS2.d691.s0.i0 1.000000 0.709659
DS2.d332.s0.i0 1.000000 1.047591
DS2.d514.s0.i3 -1.000000 -1.110961
DS2.d514.s0.i2 -1.000000 -0.986620
DS2.d514.s0.i1 -1.000000 -1.016609
DS2.d514.s0.i0 -1.000000 -0.962894
DS2.d514.s0.i7 -1.000000 -0.933877
DS2.d514.s0.i6 -1.000000 -1.139524
DS2.d514.s0.i5 -1.000000 -0.914020
DS2.d514.s0.i4 -1.000000 -0.696317
DS2.d517.s0.i0 1.000000 1.027420
DS2.d516.s1.i0 1.000000 0.877685
DS2.d516.s0.i1 -1.000000 -0.053789
DS2.d516.s0.i0 1.000000 0.567233
DS2.d511.s0.i2 1.000000 0.476595
DS2.d511.s0.i0 -1.000000 0.208193
DS2.d511.s0.i1 1.000000 0.449705
DS2.d510.s0.i0 1.000000 1.220323
DS2.d698.s0.i0 1.000000 0.517471
DS2.d699.s0.i0 1.000000 1.049886
DS2.d747.s0.i1 1.000000 0.748207
DS2.d747.s0.i0 1.000000 0.640351
DS2.d39.s2.i0 1.000000 0.665814
DS2.d39.s0.i0 1.000000 0.608770
DS2.d39.s1.i0 1.000000 0.666565
DS2.d38.s0.i1 -1.000000 -0.770531
DS2.d38.s0.i0 -1.000000 -0.712308
DS2.d979.s0.i0 1.000000 0.641264
DS2.d979.s0.i1 1.000000 0.894929
DS2.d32.s0.i0 1.000000 0.844418
DS2.d31.s0.i0 1.000000 0.686704
DS2.d37.s0.i0 1.000000 0.793763
DS2.d36.s1.i0 -1.000000 -0.611408
DS2.d36.s0.i0 -1.000000 -0.690193
DS2.d238.s0.i12 -1.000000 -1.025969
DS2.d238.s0.i13 -1.000000 -0.885259
DS2.d238.s0.i11 -1.000000 -0.901704
DS2.d238.s0.i6 -1.000000 -0.985274
DS2.d238.s0.i7 -1.000000 -0.937304
DS2.d238.s0.i4 -1.000000 -0.967779
DS2.d238.s0.i5 -1.000000 -0.901920
DS2.d238.s0.i2 -1.000000 -0.865812
DS2.d238.s0.i3 -1.000000 -0.916224
DS2.d238.s0.i0 -1.000000 -0.975025
DS2.d238.s0.i1 -1.000000 -0.956089
DS2.d238.s0.i10 -1.000000 -0.966314
DS2.d238.s0.i8 -1.000000 -1.018276
DS2.d238.s0.i9 -1.000000 -0.947606
DS2.d238.s1.i1 1.000000 0.676225
DS2.d238.s1.i0 1.000000 0.733007
DS2.d34.s1.i2 -1.000000 -0.195873
DS2.d34.s1.i3 1.000000 0.547573
DS2.d34.s1.i0 -1.000000 -0.368073
DS2.d34.s1.i1 1.000000 0.331963
DS2.d34.s0.i0 1.000000 0.896654
DS2.d159.s0.i2 -1.000000 -0.956736
DS2.d159.s0.i3 -1.000000 -1.019642
DS2.d159.s0.i0 -1.000000 -0.909320
DS2.d159.s0.i1 -1.000000 -0.859832
DS2.d158.s0.i0 -1.000000 -0.646938
DS2.d155.s0.i0 1.000000 0.520994
DS2.d154.s0.i1 1.000000 0.818048
DS2.d154.s0.i0 1.000000 1.017750
DS2.d157.s0.i4 -1.000000 -0.752450
DS2.d157.s0.i5 -1.000000 -0.776930
DS2.d157.s0.i6 -1.000000 -0.769164
DS2.d157.s0.i7 -1.000000 -0.837203
DS2.d157.s0.i0 -1.000000 -0.879348
DS2.d157.s0.i1 -1.000000 -0.971804
DS2.d157.s0.i2 -1.000000 -1.018037
DS2.d157.s0.i3 -1.000000 -1.049977
DS2.d157.s0.i8 -1.000000 -1.048606
DS2.d157.s0.i9 -1.000000 -0.833704
DS2.d156.s0.i0 1.000000 0.837309
DS2.d150.s0.i0 1.000000 0.626113
DS2.d152.s1.i0 -1.000000 -0.503236
DS2.d152.s0.i0 -1.000000 -0.696150
DS2.d322.s0.i0 -1.000000 -0.707004
DS2.d322.s0.i1 -1.000000 -0.701390
DS2.d768.s0.i0 1.000000 0.800257
DS2.d768.s1.i0 1.000000 0.748322
DS2.d248.s0.i0 1.000000 0.737445
DS2.d762.s0.i0 -1.000000 -0.668229
DS2.d763.s0.i0 1.000000 0.799769
DS2.d760.s0.i4 -1.000000 -0.947144
DS2.d760.s0.i0 -1.000000 -0.979749
DS2.d760.s0.i1 -1.000000 -0.921334
DS2.d760.s0.i2 -1.000000 -0.930440
DS2.d760.s0.i3 -1.000000 -0.802360
DS2.d761.s0.i0 1.000000 0.280135
DS2.d239.s0.i0 1.000000 0.808393
DS2.d1027.s0.i0 1.000000 0.321853
DS2.d1027.s1.i1 1.000000 0.683293
DS2.d1027.s1.i0 1.000000 0.743259
DS2.d765.s0.i0 -1.000000 -0.670456
DS2.d601.s0.i2 1.000000 0.851692
DS2.d601.s0.i0 1.000000 0.939095
DS2.d601.s0.i1 1.000000 1.011113
DS2.d600.s2.i0 1.000000 0.388054
DS2.d600.s1.i0 1.000000 0.865182
DS2.d600.s1.i1 1.000000 0.950605
DS2.d600.s1.i2 1.000000 0.698732
DS2.d600.s1.i3 1.000000 0.736604
DS2.d600.s0.i0 1.000000 0.641007
DS2.d603.s0.i0 1.000000 0.640048
DS2.d603.s0.i1 1.000000 0.653287
DS2.d603.s0.i2 1.000000 0.947899
DS2.d321.s0.i0 1.000000 -0.208685
DS2.d605.s0.i0 1.000000 0.796264
DS2.d605.s1.i0 1.000000 0.741473
DS2.d607.s0.i0 1.000000 0.320295
DS2.d606.s0.i1 1.000000 0.943301
DS2.d606.s0.i0 1.000000 0.965588
DS2.d609.s0.i2 -1.000000 -1.031190
DS2.d609.s0.i3 -1.000000 -0.826452
DS2.d609.s0.i0 -1.000000 -0.881346
DS2.d609.s0.i1 -1.000000 -0.812728
DS2.d609.s0.i6 -1.000000 -1.027044
DS2.d609.s0.i7 -1.000000 -0.870546
DS2.d609.s0.i4 -1.000000 -1.004026
DS2.d609.s0.i5 -1.000000 -0.996472
DS2.d608.s0.i0 -1.000000 -0.719298
DS2.d562.s0.i0 -1.000000 -0.488344
DS2.d563.s0.i0 -1.000000 -0.370691
DS2.d564.s0.i0 -1.000000 0.024947
DS2.d565.s0.i0 1.000000 0.873409
DS2.d566.s0.i0 -1.000000 -0.757503
DS2.d566.s0.i1 -1.000000 -0.804940
DS2.d566.s0.i2 -1.000000 -0.903654
DS2.d566.s0.i3 -1.000000 -0.933464
DS2.d327.s0.i2 -1.000000 -0.846599
DS2.d327.s0.i1 -1.000000 -0.818861
DS2.d327.s0.i0 -1.000000 -0.904311
DS2.d588.s0.i0 -1.000000 -0.309235
DS2.d472.s0.i0 -1.000000 -0.597002
DS2.d472.s0.i1 -1.000000 -0.705433
DS2.d472.s1.i0 -1.000000 -0.500309
DS2.d243.s0.i0 1.000000 0.558098
DS2.d128.s0.i2 1.000000 -0.002738
DS2.d128.s0.i3 -1.000000 -0.841101
DS2.d128.s0.i0 -1.000000 -0.608595
DS2.d128.s0.i1 -1.000000 -0.571369
DS2.d128.s0.i4 -1.000000 -0.469294
DS2.d129.s1.i0 -1.000000 -0.516192
DS2.d129.s0.i1 -1.000000 -0.728902
DS2.d129.s0.i0 -1.000000 -0.548437
DS2.d242.s0.i0 -1.000000 -0.624172
DS2.d120.s0.i0 1.000000 0.456267
DS2.d1029.s0.i4 -1.000000 -0.874832
DS2.d1029.s0.i5 -1.000000 -0.838093
DS2.d1029.s0.i2 -1.000000 -0.916244
DS2.d1029.s0.i3 -1.000000 -0.935052
DS2.d1029.s0.i0 -1.000000 -0.915812
DS2.d1029.s0.i1 -1.000000 -0.878700
DS2.d122.s2.i0 -1.000000 -0.779608
DS2.d122.s3.i1 -1.000000 -0.769398
DS2.d122.s3.i0 -1.000000 -0.807068
DS2.d122.s3.i2 -1.000000 -0.902001
DS2.d122.s0.i0 -1.000000 -0.896316
DS2.d122.s0.i1 -1.000000 -0.850679
DS2.d122.s1.i3 -1.000000 -0.996001
DS2.d122.s1.i2 -1.000000 -0.685385
DS2.d122.s1.i1 -1.000000 -0.889033
DS2.d122.s1.i0 -1.000000 -1.008802
DS2.d124.s0.i0 -1.000000 -1.021110
DS2.d579.s0.i0 -1.000000 -0.714252
DS2.d579.s0.i1 -1.000000 -0.713806
DS2.d579.s0.i2 -1.000000 -0.695224
DS2.d579.s0.i3 -1.000000 -0.667501
DS2.d126.s0.i0 1.000000 0.911250
DS2.d126.s1.i0 1.000000 0.724220
DS2.d1028.s0.i0 1.000000 0.681162
DS2.d677.s0.i5 -1.000000 -0.770499
DS2.d677.s0.i4 -1.000000 -1.102834
DS2.d677.s0.i7 -1.000000 -0.870574
DS2.d677.s0.i6 -1.000000 -0.893702
DS2.d677.s0.i1 -1.000000 -0.831077
DS2.d677.s0.i0 -1.000000 -1.120757
DS2.d677.s0.i3 -1.000000 -0.781708
DS2.d677.s0.i2 -1.000000 -0.821308
DS2.d677.s0.i19 -1.000000 -1.108655
DS2.d677.s0.i18 -1.000000 -1.011005
DS2.d677.s0.i16 -1.000000 -1.054931
DS2.d677.s0.i9 -1.000000 -0.939018
DS2.d677.s0.i8 -1.000000 -1.193070
DS2.d677.s0.i17 -1.000000 -0.849045
DS2.d677.s0.i12 -1.000000 -0.872772
DS2.d677.s0.i15 -1.000000 -1.103843
DS2.d677.s0.i13 -1.000000 -0.745268
DS2.d677.s0.i10 -1.000000 -1.067403
DS2.d677.s0.i11 -1.000000 -1.145506
DS2.d677.s0.i14 -1.000000 -0.952018
DS2.d907.s0.i0 1.000000 0.706642
DS2.d904.s0.i0 -1.000000 -0.789173
DS2.d904.s0.i1 -1.000000 -1.288333
DS2.d904.s1.i0 -1.000000 -0.542597
DS2.d905.s1.i0 1.000000 0.321466
DS2.d905.s0.i1 1.000000 0.920632
DS2.d905.s0.i0 1.000000 0.885737
DS2.d902.s0.i2 -1.000000 -0.902308
DS2.d902.s0.i3 -1.000000 -0.931060
DS2.d902.s0.i0 -1.000000 -0.843298
DS2.d902.s0.i1 -1.000000 -0.830186
DS2.d903.s0.i0 1.000000 0.736148
DS2.d900.s0.i0 1.000000 0.779821
DS2.d901.s0.i1 -1.000000 -1.072128
DS2.d901.s0.i0 -1.000000 -1.003437
DS2.d901.s0.i3 -1.000000 -1.107837
DS2.d901.s0.i2 -1.000000 -0.960585
DS2.d421.s0.i0 1.000000 1.078825
DS2.d908.s0.i0 1.000000 0.852762
DS2.d908.s0.i1 1.000000 0.852762
DS2.d909.s1.i0 -1.000000 -0.783963
DS2.d909.s0.i0 -1.000000 -0.706911
DS2.d465.s0.i0 1.000000 0.839143
DS2.d464.s0.i1 -1.000000 -0.932230
DS2.d464.s0.i0 -1.000000 -0.786220
DS2.d467.s0.i0 1.000000 0.869393
DS2.d466.s0.i0 -1.000000 -0.736936
DS2.d461.s0.i0 1.000000 0.876239
DS2.d460.s0.i9 -1.000000 -0.975702
DS2.d460.s0.i8 -1.000000 -1.015556
DS2.d460.s0.i7 -1.000000 -1.083528
DS2.d460.s0.i6 -1.000000 -0.992071
DS2.d460.s0.i5 -1.000000 -0.993955
DS2.d460.s0.i4 -1.000000 -0.977290
DS2.d460.s0.i3 -1.000000 -0.922931
DS2.d460.s0.i2 -1.000000 -1.049584
DS2.d460.s0.i1 -1.000000 -1.142804
DS2.d460.s0.i0 -1.000000 -0.975702
DS2.d460.s0.i19 -1.000000 -0.892525
DS2.d460.s0.i18 -1.000000 -0.922931
DS2.d460.s0.i17 -1.000000 -0.992071
DS2.d460.s0.i16 -1.000000 -0.892525
DS2.d460.s0.i15 -1.000000 -1.078079
DS2.d460.s0.i14 -1.000000 -1.018617
DS2.d460.s0.i13 -1.000000 -0.893678
DS2.d460.s0.i12 -1.000000 -1.135698
DS2.d460.s0.i11 -1.000000 -1.070571
DS2.d460.s0.i10 -1.000000 -0.924222
DS2.d460.s0.i22 -1.000000 -1.046470
DS2.d460.s0.i23 -1.000000 -1.052980
DS2.d460.s0.i20 -1.000000 -1.021969
DS2.d460.s0.i21 -1.000000 -1.138787
DS2.d1049.s0.i0 1.000000 0.711883
DS2.d1049.s0.i1 1.000000 0.715928
DS2.d1048.s1.i0 1.000000 0.883406
DS2.d1048.s0.i1 1.000000 1.125356
DS2.d1048.s0.i0 1.000000 1.344788
DS2.d1048.s2.i1 1.000000 0.959504
DS2.d1048.s2.i0 1.000000 0.777353
DS2.d1047.s0.i0 1.000000 0.870262
DS2.d1047.s1.i1 1.000000 0.894027
DS2.d1047.s1.i0 1.000000 0.894027
DS2.d1046.s0.i1 -1.000000 0.227124
DS2.d1046.s0.i0 1.000000 0.516715
DS2.d1045.s0.i0 1.000000 0.940963
DS2.d1045.s0.i1 1.000000 1.169082
DS2.d1044.s0.i1 1.000000 0.746482
DS2.d1044.s0.i0 1.000000 0.928851
DS2.d1043.s0.i0 -1.000000 -0.726529
DS2.d1042.s2.i0 1.000000 0.630380
DS2.d1042.s1.i0 1.000000 1.099849
DS2.d1042.s0.i0 1.000000 0.809479
DS2.d302.s0.i0 1.000000 0.681698
DS2.d302.s0.i1 1.000000 0.859244
DS2.d1040.s0.i0 1.000000 0.684133
DS2.d263.s0.i0 -1.000000 -1.178367
DS2.d263.s0.i1 -1.000000 -0.961581
DS2.d262.s0.i1 1.000000 0.586625
DS2.d262.s0.i0 1.000000 0.834179
DS2.d261.s0.i0 1.000000 0.817948
DS2.d261.s0.i1 1.000000 0.781396
DS2.d261.s0.i2 1.000000 0.695044
DS2.d260.s0.i1 1.000000 0.792539
DS2.d260.s0.i0 1.000000 0.897917
DS2.d267.s0.i0 -1.000000 0.374311
DS2.d267.s1.i1 1.000000 0.874702
DS2.d267.s1.i0 1.000000 0.883711
DS2.d267.s1.i3 1.000000 0.917759
DS2.d267.s1.i2 1.000000 0.920916
DS2.d266.s0.i0 1.000000 1.085782
DS2.d265.s0.i0 1.000000 0.840271
DS2.d265.s0.i1 1.000000 0.883175
DS2.d265.s0.i2 1.000000 0.850575
DS2.d264.s0.i0 -1.000000 -0.421877
DS2.d678.s0.i0 1.000000 0.891975
DS2.d269.s0.i0 1.000000 0.668962
DS2.d268.s0.i0 1.000000 0.872856
DS2.d918.s1.i0 1.000000 0.757427
DS2.d918.s0.i1 1.000000 0.759827
DS2.d918.s0.i0 1.000000 0.846396
DS2.d832.s0.i0 1.000000 0.809648
DS2.d832.s0.i1 1.000000 0.822772
DS2.d833.s1.i0 1.000000 0.949683
DS2.d833.s0.i1 1.000000 0.775510
DS2.d833.s0.i0 1.000000 1.021633
DS2.d830.s0.i0 1.000000 0.233180
DS2.d831.s0.i1 1.000000 0.851724
DS2.d831.s0.i0 1.000000 0.851724
DS2.d836.s0.i0 1.000000 0.760086
DS2.d836.s0.i1 1.000000 0.739319
DS2.d837.s0.i0 1.000000 0.968696
DS2.d835.s0.i0 1.000000 0.498734
DS2.d838.s0.i0 1.000000 1.033541
DS2.d839.s1.i0 -1.000000 -0.779125
DS2.d839.s1.i1 -1.000000 -0.716176
DS2.d839.s0.i0 -1.000000 -0.614981
DS2.d80.s0.i0 1.000000 0.730968
DS2.d80.s1.i0 -1.000000 0.581998
DS2.d81.s0.i1 1.000000 0.993053
DS2.d81.s0.i0 1.000000 0.995666
DS2.d86.s0.i0 -1.000000 -0.763118
DS2.d86.s0.i1 -1.000000 -0.416975
DS2.d87.s2.i0 1.000000 0.990882
DS2.d87.s1.i0 -1.000000 -0.657463
DS2.d87.s0.i0 1.000000 0.895021
DS2.d991.s0.i0 1.000000 0.704684
DS2.d993.s2.i0 1.000000 0.761165
DS2.d993.s2.i1 1.000000 0.444995
DS2.d993.s0.i0 1.000000 0.952418
DS2.d993.s0.i1 1.000000 1.013254
DS2.d993.s1.i0 -1.000000 -0.713574
DS2.d992.s0.i0 1.000000 0.794938
DS2.d995.s0.i0 -1.000000 -0.686706
DS2.d994.s0.i1 1.000000 0.822661
DS2.d994.s0.i0 1.000000 0.674659
DS2.d997.s0.i0 1.000000 0.439985
DS2.d997.s0.i1 -1.000000 -0.326916
DS2.d997.s0.i2 -1.000000 -0.288314
DS2.d997.s0.i3 1.000000 0.461986
DS2.d997.s1.i1 -1.000000 -0.279201
DS2.d997.s1.i0 1.000000 0.116157
DS2.d996.s1.i0 -1.000000 -0.735677
DS2.d996.s0.i0 -1.000000 -0.491229
DS2.d996.s3.i0 -1.000000 -0.506663
DS2.d996.s2.i0 -1.000000 -0.776644
DS2.d999.s0.i0 1.000000 0.818763
DS2.d999.s1.i1 1.000000 0.986070
DS2.d999.s1.i0 1.000000 0.971709
DS2.d999.s2.i0 1.000000 0.395796
DS2.d998.s0.i1 1.000000 0.856321
DS2.d998.s0.i0 1.000000 0.803270
DS2.d85.s1.i4 -1.000000 -0.841772
DS2.d85.s1.i2 -1.000000 -0.903583
DS2.d85.s1.i3 -1.000000 -0.861871
DS2.d85.s1.i0 -1.000000 -0.695351
DS2.d85.s1.i1 -1.000000 -0.838611
DS2.d85.s0.i1 1.000000 0.592999
DS2.d85.s0.i0 1.000000 0.477640
DS2.d85.s0.i2 1.000000 0.332188
DS2.d410.s0.i0 -1.000000 -0.473509
DS2.d411.s0.i0 1.000000 0.852423
DS2.d412.s0.i0 1.000000 0.657363
DS2.d412.s0.i1 1.000000 1.013149
DS2.d413.s0.i0 -1.000000 -0.478520
DS2.d416.s0.i0 1.000000 0.750960
DS2.d525.s0.i0 1.000000 1.151577
DS2.d418.s0.i0 -1.000000 -1.170773
DS2.d418.s0.i1 -1.000000 -0.984911
DS2.d419.s0.i1 -1.000000 -0.622495
DS2.d419.s0.i0 -1.000000 -0.847359
DS2.d489.s0.i0 1.000000 1.061629
DS2.d489.s0.i1 1.000000 1.030438
DS2.d397.s0.i8 -1.000000 -0.831619
DS2.d397.s0.i9 -1.000000 -0.946196
DS2.d397.s0.i2 -1.000000 -0.960470
DS2.d397.s0.i3 -1.000000 -0.869070
DS2.d397.s0.i0 -1.000000 -0.956577
DS2.d397.s0.i1 -1.000000 -0.980822
DS2.d397.s0.i6 -1.000000 -0.881711
DS2.d397.s0.i7 -1.000000 -0.895338
DS2.d397.s0.i4 -1.000000 -1.030432
DS2.d397.s0.i5 -1.000000 -0.826692
DS2.d397.s1.i0 1.000000 0.890952
DS2.d396.s0.i3 -1.000000 -0.005940
DS2.d396.s0.i2 1.000000 0.368579
DS2.d396.s0.i1 1.000000 0.150059
DS2.d396.s0.i0 -1.000000 -0.218638
DS2.d395.s0.i0 1.000000 0.794479
DS2.d395.s0.i1 1.000000 0.717909
DS2.d488.s0.i0 1.000000 0.973427
DS2.d393.s0.i14 1.000000 0.832002
DS2.d393.s0.i11 1.000000 0.840981
DS2.d393.s0.i12 1.000000 0.890512
DS2.d393.s0.i13 1.000000 0.999958
DS2.d393.s0.i6 1.000000 1.100838
DS2.d393.s0.i7 1.000000 1.004116
DS2.d393.s0.i4 1.000000 0.920844
DS2.d393.s0.i5 1.000000 0.918869
DS2.d393.s0.i2 1.000000 1.086496
DS2.d393.s0.i3 1.000000 0.826635
DS2.d393.s0.i0 1.000000 0.904892
DS2.d393.s0.i1 1.000000 1.014315
DS2.d393.s0.i10 1.000000 0.789440
DS2.d393.s0.i8 1.000000 0.999043
DS2.d393.s0.i9 1.000000 1.013656
DS2.d393.s1.i1 -1.000000 -0.348722
DS2.d393.s1.i0 1.000000 0.463637
DS2.d393.s2.i0 1.000000 0.948776
DS2.d393.s2.i1 1.000000 0.819594
DS2.d393.s3.i0 1.000000 0.681757
DS2.d746.s2.i0 1.000000 0.606534
DS2.d746.s0.i0 -1.000000 0.688374
DS2.d746.s1.i0 1.000000 0.007049
DS2.d390.s1.i0 1.000000 0.494573
DS2.d390.s0.i1 1.000000 0.733397
DS2.d390.s0.i0 1.000000 0.740103
DS2.d1041.s0.i0 -1.000000 -0.743918
DS2.d1041.s0.i1 -1.000000 -0.734013
DS2.d1041.s0.i2 -1.000000 -0.674889
DS2.d1041.s1.i0 1.000000 0.222268
DS2.d399.s0.i0 -1.000000 -0.840625
DS2.d399.s0.i1 -1.000000 -0.894021
DS2.d399.s0.i2 -1.000000 -0.890057
DS2.d399.s0.i3 -1.000000 -0.879268
DS2.d399.s1.i3 1.000000 -0.117816
DS2.d399.s1.i2 -1.000000 -0.307045
DS2.d399.s1.i1 1.000000 -0.189295
DS2.d399.s1.i0 -1.000000 -0.308123
DS2.d398.s1.i0 -1.000000 0.354023
DS2.d398.s0.i0 -1.000000 -0.819426
DS2.d199.s0.i2 1.000000 0.850409
DS2.d199.s0.i0 1.000000 0.665313
DS2.d199.s0.i1 1.000000 0.739554
DS2.d198.s0.i1 1.000000 0.454920
DS2.d198.s0.i0 1.000000 1.058322
DS2.d191.s0.i0 -1.000000 -0.556737
DS2.d190.s1.i0 -1.000000 -0.763269
DS2.d190.s0.i0 -1.000000 -0.579805
DS2.d193.s0.i0 1.000000 0.758047
DS2.d193.s0.i1 1.000000 0.629615
DS2.d192.s0.i0 -1.000000 -0.535348
DS2.d195.s0.i0 1.000000 0.301387
DS2.d195.s0.i1 -1.000000 0.220593
DS2.d194.s2.i1 -1.000000 -0.695443
DS2.d194.s2.i0 -1.000000 -0.933185
DS2.d194.s1.i0 -1.000000 -0.576231
DS2.d194.s1.i1 -1.000000 -0.929834
DS2.d194.s0.i7 -1.000000 -1.040818
DS2.d194.s0.i6 -1.000000 -0.876240
DS2.d194.s0.i5 -1.000000 -0.922056
DS2.d194.s0.i4 -1.000000 -0.951149
DS2.d194.s0.i3 -1.000000 -0.945797
DS2.d194.s0.i2 -1.000000 -1.004329
DS2.d194.s0.i1 -1.000000 -0.947601
DS2.d194.s0.i0 -1.000000 -0.900624
DS2.d194.s0.i9 -1.000000 -0.968618
DS2.d194.s0.i8 -1.000000 -0.973954
DS2.d197.s0.i0 -1.000000 -0.744936
DS2.d197.s0.i1 -1.000000 -0.744936
DS2.d196.s1.i0 1.000000 0.961586
DS2.d196.s0.i0 1.000000 0.422738
DS2.d692.s0.i0 1.000000 0.780839
DS2.d692.s0.i1 1.000000 0.821452
DS2.d692.s1.i0 -1.000000 -0.443713
DS2.d692.s2.i0 -1.000000 -0.354754
DS2.d692.s3.i0 1.000000 0.752193
DS2.d481.s0.i0 -1.000000 -0.497143
DS2.d693.s0.i2 -1.000000 -0.869729
DS2.d693.s0.i1 -1.000000 -0.924951
DS2.d693.s0.i0 -1.000000 -0.852436
DS2.d88.s0.i0 -1.000000 -1.108159
DS2.d88.s0.i1 -1.000000 -0.824801
DS2.d88.s0.i2 -1.000000 -0.870825
DS2.d88.s0.i3 -1.000000 -1.099660
DS2.d89.s1.i0 -1.000000 -0.468264
DS2.d89.s1.i1 -1.000000 -0.538445
DS2.d89.s0.i1 -1.000000 -0.715079
DS2.d89.s0.i0 -1.000000 -0.906457
DS2.d89.s0.i2 -1.000000 -0.769301
DS2.d649.s0.i0 1.000000 0.879922
DS2.d648.s1.i4 1.000000 0.905420
DS2.d648.s1.i5 1.000000 0.883793
DS2.d648.s1.i0 1.000000 0.873955
DS2.d648.s1.i1 1.000000 0.895767
DS2.d648.s1.i2 1.000000 0.918517
DS2.d648.s1.i3 1.000000 0.869863
DS2.d648.s0.i2 -1.000000 -0.798869
DS2.d648.s0.i1 -1.000000 -0.702952
DS2.d648.s0.i0 -1.000000 -0.938510
DS2.d645.s0.i0 -1.000000 -0.389660
DS2.d644.s0.i0 -1.000000 -0.196691
DS2.d647.s0.i0 -1.000000 -0.749631
DS2.d647.s0.i1 -1.000000 -0.713209
DS2.d646.s0.i0 -1.000000 -0.358286
DS2.d641.s0.i0 1.000000 0.827467
DS2.d641.s1.i1 1.000000 0.392139
DS2.d641.s1.i0 -1.000000 0.332032
DS2.d641.s2.i0 1.000000 0.924396
DS2.d641.s3.i1 1.000000 0.468937
DS2.d641.s3.i0 1.000000 0.576723
DS2.d640.s0.i1 1.000000 0.789924
DS2.d640.s0.i0 1.000000 1.023485
DS2.d643.s2.i0 1.000000 0.591548
DS2.d643.s3.i0 1.000000 0.837503
DS2.d643.s0.i0 1.000000 0.757806
DS2.d643.s1.i0 1.000000 0.976259
DS2.d642.s0.i1 1.000000 0.705622
DS2.d642.s0.i0 1.000000 0.751170
DS2.d524.s0.i0 -1.000000 -0.691256
DS2.d524.s0.i1 -1.000000 -0.687910
DS2.d515.s0.i0 -1.000000 -0.709943
DS2.d526.s2.i0 1.000000 0.681489
DS2.d526.s3.i0 1.000000 0.796909
DS2.d526.s0.i0 1.000000 0.908829
DS2.d526.s0.i1 1.000000 0.952406
DS2.d526.s1.i0 1.000000 1.006876
DS2.d526.s4.i0 1.000000 0.861180
DS2.d526.s4.i1 1.000000 0.645543
DS2.d526.s4.i2 1.000000 0.960461
DS2.d527.s0.i1 -1.000000 -0.679832
DS2.d527.s0.i0 -1.000000 -0.373688
DS2.d520.s0.i0 1.000000 0.886600
DS2.d520.s0.i1 1.000000 0.920014
DS2.d521.s0.i0 1.000000 0.955530
DS2.d522.s0.i0 1.000000 0.838502
DS2.d523.s0.i0 1.000000 1.021675
DS2.d483.s0.i0 -1.000000 -0.365680
DS2.d482.s0.i1 1.000000 0.266594
DS2.d482.s0.i0 1.000000 0.189855
DS2.d232.s0.i0 -1.000000 -1.035142
DS2.d232.s0.i1 -1.000000 -1.115622
DS2.d480.s0.i0 1.000000 0.466223
DS2.d528.s0.i0 1.000000 0.847009
DS2.d529.s1.i0 -1.000000 -0.697100
DS2.d529.s0.i0 1.000000 0.715312
DS2.d485.s0.i0 -1.000000 -0.370819
DS2.d485.s1.i0 -1.000000 -0.342041
DS2.d484.s0.i0 1.000000 0.398481
