DS.d2.s0.i0 1.0 -0.206565257017
DS.d12.s0.i0 -1 -0.28748740334
DS.d17.s0.i0 -1 0.255519272058
DS.d17.s0.i1 -1 0.224420141728
DS.d17.s1.i0 -1 0.226394319133
DS.d26.s0.i0 -1 -0.364168925652
DS.d26.s0.i1 -1 0.108475513982
DS.d26.s0.i2 -1 -0.264604800521
DS.d26.s0.i3 -1 -0.0205475407185
DS.d26.s0.i4 -1 0.0798206110112
DS.d26.s0.i5 -1 -0.0265271313633
DS.d27.s0.i0 1.0 0.227009283765
DS.d27.s0.i1 1.0 0.552191368104
DS.d27.s0.i2 1.0 0.357055319119
DS.d27.s1.i0 1.0 -0.336125613922
DS.d27.s1.i1 1.0 -0.222346030214
DS.d27.s2.i0 1.0 0.447998121555
DS.d40.s0.i0 1.0 0.699691275302
DS.d48.s0.i0 -1 -0.38633776766
DS.d48.s0.i1 -1 -0.38633776766
DS.d48.s0.i2 1.0 0.400001261772
DS.d48.s0.i3 1.0 0.400001261772
DS.d48.s0.i4 1.0 1.31107053645
DS.d48.s0.i5 1.0 1.31107053645
DS.d52.s0.i0 1.0 -0.501809099554
DS.d52.s1.i0 1.0 1.41668254169
DS.d52.s2.i0 1.0 2.20687948484
DS.d78.s0.i0 -1 0.345250865084
DS.d78.s1.i0 -1 0.768952218765
DS.d89.s0.i0 1.0 1.58808978402
DS.d103.s0.i0 -1 -0.809322519878
DS.d127.s0.i0 -1 -0.302059553875
DS.d134.s0.i0 1.0 0.637729247941
DS.d134.s0.i1 1.0 0.405181415293
DS.d160.s0.i0 -1 0.118834921138
DS.d160.s0.i1 -1 -0.60327433081
DS.d160.s0.i2 -1 -0.332121571594
DS.d160.s0.i3 -1 -0.316927138252
DS.d160.s0.i4 -1 -0.0114772046341
DS.d160.s0.i5 -1 -0.105138886968
DS.d161.s0.i0 1.0 -0.630206498453
DS.d161.s0.i1 1.0 -0.428703721522
DS.d161.s0.i2 1.0 -0.698796526184
DS.d161.s0.i3 1.0 -0.69424740255
DS.d161.s0.i4 1.0 -0.267728362243
DS.d161.s0.i5 1.0 -0.755032691743
DS.d196.s0.i0 1.0 1.14391446151
DS.d196.s0.i1 1.0 1.21537903295
DS.d196.s0.i2 1.0 1.52876151301
DS.d196.s0.i3 1.0 1.29788791355
DS.d196.s1.i0 -1 1.30539500687
DS.d199.s0.i0 1.0 0.989096598187
DS.d199.s0.i1 1.0 0.586137566855
DS.d215.s0.i0 -1 0.356051502202
DS.d215.s0.i1 -1 -0.0508468440668
DS.d215.s0.i2 -1 0.111399576327
DS.d215.s0.i3 -1 0.312430448203
DS.d215.s1.i0 -1 -0.875150910772
DS.d223.s0.i0 1.0 0.143457600127
DS.d223.s0.i1 -1 -1.08019114051
DS.d223.s1.i0 1.0 1.00855582457
DS.d223.s1.i1 -1 1.05875884016
DS.d229.s0.i0 1.0 0.414000247394
DS.d250.s0.i0 1.0 0.717572444085
DS.d250.s0.i1 1.0 0.524981362299
DS.d250.s1.i0 1.0 0.855882739432
DS.d259.s0.i0 1.0 -0.837636875889
DS.d264.s0.i0 1.0 -0.499137103055
DS.d264.s0.i1 1.0 -0.670498403574
DS.d264.s1.i0 1.0 0.981231760602
DS.d282.s1.i0 1.0 -0.0618797591098
DS.d285.s0.i0 1.0 1.89481309781
DS.d285.s0.i1 1.0 1.52693181389
DS.d285.s0.i2 1.0 2.1491278097
DS.d285.s1.i0 1.0 1.09927945951
DS.d285.s1.i1 1.0 0.351997712142
DS.d285.s2.i0 1.0 0.969439107974
DS.d285.s2.i1 1.0 0.601668199402
DS.d285.s3.i0 -1 1.06393281251
DS.d285.s3.i1 -1 1.32811233625
DS.d285.s3.i2 -1 1.00889476596
DS.d285.s3.i3 -1 1.51587909133
DS.d285.s3.i4 -1 1.41655629728
DS.d304.s0.i0 -1 0.0604885257025
DS.d308.s0.i0 1.0 1.15544494036
DS.d308.s0.i1 1.0 1.47863388301
DS.d308.s1.i0 1.0 0.272789249151
DS.d308.s1.i1 1.0 0.250180953022
DS.d308.s1.i2 1.0 0.164505811482
DS.d308.s2.i0 1.0 1.01769494634
DS.d308.s3.i0 1.0 1.41200267739
DS.d308.s3.i1 1.0 1.61494213656
DS.d308.s4.i0 1.0 1.2983188357
DS.d308.s4.i1 1.0 1.2983188357
DS.d308.s5.i0 1.0 1.42060513017
DS.d308.s5.i1 1.0 1.42060513017
DS.d309.s0.i0 1.0 0.825131435337
DS.d309.s1.i0 -1 -0.0220450887666
DS.d309.s1.i1 -1 0.0206816660842
DS.d309.s1.i2 -1 1.03446104947
DS.d309.s2.i0 1.0 0.37641088445
DS.d309.s2.i1 1.0 0.325466861861
DS.d328.s0.i0 -1 -0.32171907938
DS.d328.s1.i0 1.0 0.841470085898
DS.d328.s1.i1 1.0 0.931961942675
DS.d350.s0.i0 1.0 -0.0665308915684
DS.d350.s0.i1 1.0 -0.14051658783
DS.d350.s0.i2 1.0 0.230901186695
DS.d350.s0.i3 1.0 -0.150267002461
DS.d350.s1.i0 -1 0.203772451111
DS.d350.s1.i1 -1 0.121354116226
DS.d350.s1.i2 -1 0.250275460519
DS.d350.s1.i3 -1 0.000243750108344
DS.d358.s0.i0 1.0 1.12052874727
DS.d358.s1.i0 1.0 0.680194362731
DS.d372.s0.i0 1.0 0.20117046245
DS.d372.s0.i1 1.0 0.135732289486
DS.d372.s1.i0 1.0 0.0770404014656
DS.d372.s1.i1 -1 1.08367423055
DS.d372.s1.i2 1.0 0.180390363361
DS.d372.s1.i3 -1 0.715109437456
DS.d381.s0.i0 -1 0.583831636333
DS.d381.s0.i1 1.0 0.863095469368
DS.d381.s0.i2 1.0 0.822969423783
DS.d381.s0.i3 1.0 0.661252414311
DS.d381.s0.i4 -1 0.709730721963
DS.d381.s0.i5 -1 0.608984207817
DS.d381.s1.i0 1.0 -0.211538543791
DS.d392.s0.i0 1.0 1.2174491653
DS.d399.s0.i0 1.0 0.720201637106
DS.d400.s0.i0 1.0 0.601993480037
DS.d400.s0.i1 1.0 -0.0120087930904
DS.d402.s0.i0 -1 -0.353013006735
DS.d402.s0.i1 1.0 1.20529765067
DS.d402.s0.i2 1.0 0.88433733477
DS.d402.s1.i0 -1 0.5805269564
DS.d402.s1.i1 -1 0.216876975202
DS.d402.s2.i0 1.0 0.534188187034
DS.d402.s2.i1 1.0 0.638786130069
DS.d402.s2.i2 -1 -0.234397144413
DS.d402.s2.i3 1.0 0.75129286538
DS.d402.s3.i0 1.0 0.569591313616
DS.d402.s3.i1 -1 -0.996538215964
DS.d402.s3.i2 1.0 0.310790055244
DS.d405.s0.i0 1.0 0.449920167804
DS.d405.s0.i1 1.0 0.420175856468
DS.d405.s1.i0 -1 -0.396407064473
DS.d405.s1.i1 1.0 0.76963325558
DS.d405.s1.i2 -1 0.0616125899395
DS.d405.s1.i3 1.0 0.651037648713
DS.d405.s2.i0 1.0 1.40251660295
DS.d405.s2.i1 1.0 1.78131939514
DS.d405.s3.i0 1.0 0.871012489746
DS.d405.s3.i1 1.0 0.919802132391
DS.d405.s4.i0 1.0 1.29314532151
DS.d405.s4.i1 1.0 1.42521914276
DS.d405.s4.i2 1.0 1.29314532151
DS.d417.s0.i0 1.0 0.168422729422
DS.d433.s0.i0 1.0 0.637075069332
DS.d433.s1.i0 1.0 0.105106452316
DS.d433.s1.i1 1.0 -0.186562073079
DS.d433.s1.i2 1.0 0.693391348097
DS.d433.s1.i3 1.0 0.488429739609
DS.d433.s2.i0 1.0 0.669679198885
DS.d433.s3.i0 1.0 0.892371217486
DS.d435.s0.i0 1.0 0.116439394302
DS.d435.s0.i1 1.0 0.154858791315
DS.d439.s0.i0 1.0 -0.336474249107
DS.d442.s0.i0 -1 0.383591458269
DS.d459.s0.i0 -1 -0.335423731343
DS.d459.s0.i1 -1 -0.247819159235
DS.d459.s0.i2 -1 0.153797368677
DS.d459.s0.i3 -1 -0.0419171265064
DS.d505.s0.i0 1.0 1.15381745472
DS.d513.s0.i0 1.0 0.118912212277
DS.d526.s0.i0 1.0 0.91677999204
DS.d526.s0.i1 1.0 0.764882080469
DS.d526.s0.i2 1.0 1.24908839589
DS.d526.s0.i3 1.0 -0.170552680084
DS.d526.s1.i0 1.0 -0.424094560488
DS.d526.s1.i1 1.0 -0.424094560488
DS.d526.s2.i0 -1 -0.236277698626
DS.d526.s2.i1 -1 0.293382395051
DS.d546.s0.i0 1.0 0.911339160482
DS.d546.s0.i1 1.0 0.337073285143
DS.d547.s0.i0 -1 -1.60796198177
DS.d547.s0.i1 -1 -0.999145101886
DS.d547.s1.i0 1.0 0.48657254953
DS.d547.s1.i1 1.0 0.0821459974494
DS.d547.s1.i2 1.0 0.0821459974494
DS.d547.s1.i3 1.0 -0.0746954848368
DS.d575.s0.i0 1.0 0.414665525083
DS.d575.s1.i0 1.0 0.162198472136
DS.d575.s1.i1 1.0 1.80785092676
DS.d575.s2.i0 -1 0.732658390014
DS.d604.s0.i0 1.0 0.71086334728
DS.d608.s0.i0 1.0 0.529132661673
DS.d608.s0.i1 1.0 0.35166991298
DS.d608.s1.i0 1.0 1.06364360028
DS.d608.s1.i1 1.0 1.04731531109
DS.d609.s0.i0 -1 -0.257750950312
DS.d609.s0.i1 1.0 0.647058303048
DS.d609.s1.i0 -1 -0.108765758496
DS.d609.s1.i1 -1 -0.217888805669
DS.d609.s1.i2 1.0 1.03291140625
DS.d614.s0.i0 1.0 0.42988329536
DS.d614.s0.i1 1.0 0.738143859084
DS.d614.s0.i2 1.0 0.791212530836
DS.d614.s0.i3 1.0 0.522216409438
DS.d614.s0.i4 -1 0.622972635402
DS.d614.s0.i5 1.0 -0.127173183805
DS.d620.s0.i0 -1 -0.231209644333
DS.d620.s0.i1 -1 -0.323167635584
DS.d620.s0.i2 -1 -1.34659980938
DS.d620.s0.i3 -1 -0.914703238281
DS.d620.s0.i4 -1 -0.725031330254
DS.d620.s0.i5 -1 0.474523250937
DS.d620.s0.i6 -1 -1.29489480391
DS.d620.s0.i7 -1 -1.01818210864
DS.d620.s0.i8 -1 0.288157898682
DS.d620.s0.i9 -1 -0.867192276227
DS.d620.s0.i10 -1 -0.0153046196508
DS.d620.s0.i11 -1 -1.52956705118
DS.d620.s0.i12 -1 -0.950571815852
DS.d620.s0.i13 -1 0.121396956119
DS.d620.s0.i14 -1 -1.51437027281
DS.d620.s0.i15 -1 -0.776101097601
DS.d620.s0.i16 -1 -0.516239990166
DS.d620.s0.i17 -1 -0.0165526812047
DS.d620.s0.i18 -1 -0.0153046196508
DS.d620.s0.i19 -1 -0.739719477487
DS.d620.s0.i20 -1 -1.48205608912
DS.d620.s1.i0 -1 0.824792421131
DS.d630.s0.i0 -1 -0.750061233699
DS.d630.s0.i1 -1 -0.931846103271
DS.d641.s0.i0 1.0 1.00185841268
DS.d641.s0.i1 1.0 0.73919802249
DS.d664.s0.i0 -1 -0.340045436364
DS.d664.s0.i1 -1 0.469265768992
DS.d664.s0.i2 -1 -0.52019663941
DS.d664.s0.i3 -1 -0.00199316914454
DS.d669.s0.i0 -1 0.69852824482
DS.d670.s0.i0 1.0 0.502228410255
DS.d670.s0.i1 1.0 0.860804114177
DS.d675.s0.i0 1.0 1.53594672737
DS.d680.s0.i0 1.0 0.991812119002
DS.d680.s0.i1 1.0 0.810931223414
DS.d680.s0.i2 1.0 1.22980144052
DS.d680.s1.i0 1.0 -0.523227050442
DS.d690.s0.i0 1.0 0.724752037765
DS.d690.s1.i0 1.0 1.814475397
DS.d690.s2.i0 1.0 0.329933627225
DS.d690.s3.i0 1.0 1.14609301708
DS.d690.s4.i0 -1 0.0355725618201
DS.d690.s5.i0 1.0 1.51431065578
DS.d690.s5.i1 1.0 1.58974874981
DS.d690.s5.i2 1.0 2.18427403566
DS.d690.s5.i3 1.0 1.55258098128
DS.d690.s6.i0 -1 -0.360770388334
DS.d692.s0.i0 1.0 1.65213590881
DS.d692.s0.i1 1.0 1.22766644175
DS.d701.s0.i0 -1 -0.578477886845
DS.d701.s0.i1 -1 -0.399694707903
DS.d706.s0.i0 1.0 -0.449748481102
DS.d710.s0.i0 -1 0.0574090414351
DS.d713.s0.i0 1.0 1.26152990156
DS.d713.s0.i1 1.0 0.709202762519
DS.d713.s1.i0 1.0 0.343491383665
DS.d713.s1.i1 1.0 0.77748623224
DS.d727.s0.i0 1.0 0.821122573585
DS.d737.s0.i0 -1 -0.448945661211
DS.d737.s0.i1 -1 0.675962950689
DS.d737.s0.i2 -1 0.403172435072
DS.d737.s1.i0 -1 -0.294782084859
DS.d737.s1.i1 1.0 0.896397395611
DS.d738.s0.i0 1.0 0.91760700305
DS.d738.s0.i1 1.0 0.67978661257
DS.d738.s1.i0 1.0 0.933526939192
DS.d745.s0.i0 -1 0.918817658084
DS.d745.s0.i1 -1 -0.860315447414
DS.d753.s0.i0 1.0 -1.44481150716
DS.d753.s1.i0 1.0 0.615711195119
DS.d753.s1.i1 1.0 0.152507033129
DS.d753.s2.i0 -1 -0.481568425312
DS.d753.s2.i1 -1 -0.804969725535
DS.d754.s0.i0 1.0 0.429120283051
DS.d754.s0.i1 1.0 0.705999061803
DS.d754.s0.i2 1.0 0.168938392136
DS.d765.s0.i0 -1 -0.161848820845
DS.d765.s0.i1 -1 0.998685896974
DS.d765.s0.i2 -1 -0.161848820845
DS.d765.s0.i3 -1 0.998685896974
DS.d765.s1.i0 -1 -0.335858172329
DS.d765.s1.i1 -1 -0.414058994223
DS.d765.s1.i2 -1 -0.335858172329
DS.d765.s1.i3 -1 -0.414058994223
DS.d773.s0.i0 -1 -0.676695654995
DS.d773.s0.i1 -1 -0.561555390156
DS.d775.s0.i0 1.0 1.0842992537
DS.d779.s0.i0 -1 -0.238605356597
DS.d782.s0.i0 1.0 0.181293045524
DS.d784.s0.i0 1.0 0.0730028654879
DS.d784.s1.i0 1.0 0.816454419809
DS.d791.s0.i0 1.0 0.0230388425385
DS.d801.s0.i0 1.0 0.127844608763
DS.d802.s0.i0 1.0 1.18756996704
