DS1.d18.s0.i0 1.000000 0.519145
DS1.d19.s0.i1 1.000000 0.965864
DS1.d19.s0.i0 1.000000 0.947218
DS1.d798.s0.i0 1.000000 0.503458
DS1.d799.s0.i1 1.000000 0.883848
DS1.d799.s0.i0 1.000000 1.058390
DS1.d799.s0.i3 1.000000 1.058390
DS1.d799.s0.i2 1.000000 0.825358
DS1.d12.s0.i0 -1.000000 -0.119301
DS1.d13.s4.i1 -1.000000 0.099868
DS1.d13.s4.i0 1.000000 0.372498
DS1.d13.s3.i0 -1.000000 -0.881481
DS1.d13.s3.i1 -1.000000 -0.663334
DS1.d13.s2.i1 1.000000 0.854685
DS1.d13.s2.i0 1.000000 0.854817
DS1.d13.s2.i2 1.000000 0.993211
DS1.d13.s1.i0 1.000000 0.698939
DS1.d13.s0.i1 1.000000 0.734947
DS1.d13.s0.i0 1.000000 0.741347
DS1.d10.s0.i0 -1.000000 -0.405876
DS1.d11.s0.i1 1.000000 0.830757
DS1.d11.s0.i0 1.000000 0.731002
DS1.d16.s0.i0 1.000000 1.282519
DS1.d17.s1.i0 -1.000000 -0.248571
DS1.d17.s0.i1 -1.000000 -0.619799
DS1.d17.s0.i0 -1.000000 -0.836792
DS1.d14.s0.i0 -1.000000 -0.623331
DS1.d14.s0.i1 -1.000000 -0.604140
DS1.d14.s0.i2 -1.000000 -0.803762
DS1.d14.s0.i3 -1.000000 -1.183376
DS1.d14.s1.i1 -1.000000 -0.824376
DS1.d14.s1.i0 -1.000000 -0.740758
DS1.d15.s0.i1 1.000000 0.922754
DS1.d15.s0.i0 1.000000 1.373422
DS1.d15.s0.i2 1.000000 0.879581
DS1.d378.s0.i2 -1.000000 -0.674764
DS1.d378.s0.i3 -1.000000 -0.555881
DS1.d378.s0.i0 -1.000000 -0.556852
DS1.d378.s0.i1 1.000000 0.060861
DS1.d378.s1.i0 -1.000000 -0.615101
DS1.d318.s0.i0 1.000000 0.893925
DS1.d318.s0.i1 1.000000 0.648260
DS1.d319.s0.i1 -1.000000 -0.295240
DS1.d319.s0.i0 -1.000000 -0.282554
DS1.d648.s0.i2 1.000000 0.864244
DS1.d648.s0.i0 1.000000 0.903378
DS1.d648.s0.i1 1.000000 0.714429
DS1.d649.s0.i7 1.000000 0.466933
DS1.d649.s0.i6 1.000000 0.364766
DS1.d649.s0.i5 -1.000000 -0.461505
DS1.d649.s0.i4 -1.000000 -0.417466
DS1.d649.s0.i3 1.000000 0.251916
DS1.d649.s0.i2 -1.000000 -0.365294
DS1.d649.s0.i1 1.000000 0.406487
DS1.d649.s0.i0 -1.000000 -0.207752
DS1.d270.s0.i0 1.000000 0.589017
DS1.d312.s0.i2 1.000000 1.024839
DS1.d312.s0.i3 1.000000 0.875014
DS1.d312.s0.i0 1.000000 0.961211
DS1.d312.s0.i1 1.000000 0.866187
DS1.d312.s0.i6 1.000000 0.917128
DS1.d312.s0.i7 1.000000 0.839850
DS1.d312.s0.i4 1.000000 0.793066
DS1.d312.s0.i5 1.000000 0.861571
DS1.d312.s0.i8 1.000000 1.055617
DS1.d312.s0.i9 1.000000 0.805718
DS1.d312.s0.i10 1.000000 1.058287
DS1.d313.s5.i0 1.000000 0.519521
DS1.d313.s4.i0 1.000000 0.743099
DS1.d313.s3.i0 1.000000 0.560245
DS1.d313.s2.i0 1.000000 1.233922
DS1.d313.s1.i0 1.000000 0.865045
DS1.d313.s1.i1 1.000000 0.642479
DS1.d313.s0.i0 1.000000 1.105259
DS1.d311.s0.i0 1.000000 0.869558
DS1.d316.s0.i0 1.000000 0.911647
DS1.d316.s0.i1 1.000000 0.798418
DS1.d316.s1.i1 1.000000 0.685900
DS1.d316.s1.i0 1.000000 0.797235
DS1.d316.s2.i0 1.000000 0.951644
DS1.d316.s2.i1 1.000000 0.951644
DS1.d317.s0.i11 1.000000 0.850368
DS1.d317.s0.i10 1.000000 0.748564
DS1.d317.s0.i7 1.000000 1.132567
DS1.d317.s0.i6 1.000000 0.974075
DS1.d317.s0.i5 1.000000 0.959605
DS1.d317.s0.i4 1.000000 0.736144
DS1.d317.s0.i3 1.000000 0.915603
DS1.d317.s0.i2 1.000000 1.006643
DS1.d317.s0.i1 1.000000 0.897340
DS1.d317.s0.i0 1.000000 0.764210
DS1.d317.s0.i9 1.000000 0.898357
DS1.d317.s0.i8 1.000000 0.890171
DS1.d314.s0.i0 1.000000 0.243010
DS1.d314.s0.i1 -1.000000 -0.211194
DS1.d315.s0.i1 1.000000 0.796237
DS1.d315.s0.i0 1.000000 0.849640
DS1.d315.s0.i3 1.000000 0.793753
DS1.d315.s0.i2 1.000000 0.801951
DS1.d723.s0.i0 1.000000 0.829196
DS1.d722.s0.i1 -1.000000 -0.899206
DS1.d722.s0.i0 -1.000000 -0.600998
DS1.d488.s0.i14 -1.000000 -0.847824
DS1.d488.s0.i12 -1.000000 -0.832841
DS1.d488.s0.i13 -1.000000 -0.899595
DS1.d488.s0.i10 -1.000000 -0.843645
DS1.d488.s0.i11 -1.000000 -0.827529
DS1.d488.s0.i8 -1.000000 -0.779895
DS1.d488.s0.i9 1.000000 -0.039072
DS1.d488.s0.i4 -1.000000 -0.797710
DS1.d488.s0.i5 1.000000 0.001731
DS1.d488.s0.i6 -1.000000 -0.670948
DS1.d488.s0.i7 -1.000000 -0.638578
DS1.d488.s0.i0 -1.000000 -0.737429
DS1.d488.s0.i1 -1.000000 -0.194189
DS1.d488.s0.i2 1.000000 -0.030542
DS1.d488.s0.i3 -1.000000 -0.152619
DS1.d489.s0.i1 1.000000 0.630035
DS1.d489.s0.i0 1.000000 0.881740
DS1.d726.s0.i0 1.000000 0.742592
DS1.d725.s0.i0 1.000000 1.101358
DS1.d725.s1.i2 1.000000 0.832993
DS1.d725.s1.i1 1.000000 1.027686
DS1.d725.s1.i0 1.000000 1.027686
DS1.d724.s0.i1 1.000000 1.154545
DS1.d724.s0.i0 1.000000 1.006029
DS1.d724.s0.i2 1.000000 0.383764
DS1.d482.s0.i2 -1.000000 -0.787184
DS1.d482.s0.i0 -1.000000 -0.795320
DS1.d482.s0.i1 -1.000000 -0.819018
DS1.d483.s1.i0 1.000000 0.679030
DS1.d483.s0.i0 -1.000000 -0.489183
DS1.d480.s0.i0 -1.000000 -0.132307
DS1.d481.s0.i1 1.000000 0.791976
DS1.d481.s0.i0 1.000000 0.887099
DS1.d486.s0.i29 -1.000000 -1.002302
DS1.d486.s0.i28 -1.000000 -1.009196
DS1.d486.s0.i21 -1.000000 -0.948584
DS1.d486.s0.i20 -1.000000 -1.058042
DS1.d486.s0.i23 -1.000000 -0.977071
DS1.d486.s0.i22 -1.000000 -1.003929
DS1.d486.s0.i25 -1.000000 -0.905005
DS1.d486.s0.i24 -1.000000 -0.967623
DS1.d486.s0.i27 -1.000000 -0.833417
DS1.d486.s0.i26 -1.000000 -0.911391
DS1.d486.s0.i34 -1.000000 -1.034427
DS1.d486.s0.i35 -1.000000 -0.995105
DS1.d486.s0.i18 -1.000000 -1.004873
DS1.d486.s0.i19 -1.000000 -1.049644
DS1.d486.s0.i30 -1.000000 -1.008205
DS1.d486.s0.i31 -1.000000 -1.027481
DS1.d486.s0.i14 -1.000000 -0.922790
DS1.d486.s0.i15 -1.000000 -1.050424
DS1.d486.s0.i16 -1.000000 -0.999695
DS1.d486.s0.i17 -1.000000 -0.917436
DS1.d486.s0.i10 -1.000000 -1.078441
DS1.d486.s0.i11 -1.000000 -1.024079
DS1.d486.s0.i12 -1.000000 -0.963703
DS1.d486.s0.i13 -1.000000 -0.868236
DS1.d486.s0.i8 -1.000000 -1.033722
DS1.d486.s0.i9 -1.000000 -1.070339
DS1.d486.s0.i6 -1.000000 -1.010777
DS1.d486.s0.i7 -1.000000 -0.981851
DS1.d486.s0.i4 -1.000000 -0.960068
DS1.d486.s0.i5 -1.000000 -1.059726
DS1.d486.s0.i2 -1.000000 -0.925514
DS1.d486.s0.i3 -1.000000 -1.000669
DS1.d486.s0.i0 -1.000000 -0.942558
DS1.d486.s0.i1 -1.000000 -0.946125
DS1.d486.s0.i32 -1.000000 -0.990105
DS1.d486.s0.i33 -1.000000 -0.932816
DS1.d486.s1.i1 1.000000 0.236965
DS1.d486.s1.i0 1.000000 0.263890
DS1.d487.s0.i2 -1.000000 0.236237
DS1.d487.s0.i1 1.000000 0.360318
DS1.d487.s0.i0 1.000000 0.328320
DS1.d484.s0.i0 1.000000 0.782719
DS1.d484.s0.i1 1.000000 0.967214
DS1.d484.s1.i1 1.000000 0.386037
DS1.d484.s1.i0 -1.000000 -0.157467
DS1.d485.s0.i1 1.000000 0.679823
DS1.d485.s0.i0 1.000000 0.712019
DS1.d795.s0.i0 1.000000 0.671462
DS1.d792.s0.i0 1.000000 0.053733
DS1.d792.s0.i1 -1.000000 -0.092721
DS1.d581.s2.i0 1.000000 0.833544
DS1.d581.s2.i1 1.000000 0.948395
DS1.d581.s0.i0 -1.000000 -0.237760
DS1.d581.s0.i1 -1.000000 -0.369806
DS1.d581.s0.i2 1.000000 -0.024464
DS1.d581.s1.i2 -1.000000 -0.813664
DS1.d581.s1.i1 -1.000000 -0.360971
DS1.d581.s1.i0 -1.000000 -0.980449
DS1.d793.s1.i0 1.000000 0.789584
DS1.d793.s1.i1 1.000000 0.691597
DS1.d793.s0.i1 1.000000 0.762591
DS1.d793.s0.i0 1.000000 0.865029
DS1.d580.s0.i1 1.000000 0.788087
DS1.d580.s0.i0 1.000000 0.727886
DS1.d790.s0.i0 -1.000000 -0.708735
DS1.d790.s0.i1 -1.000000 -0.624187
DS1.d68.s0.i0 1.000000 0.691176
DS1.d67.s0.i0 -1.000000 -0.644044
DS1.d67.s0.i1 -1.000000 -0.675367
DS1.d66.s0.i3 1.000000 0.608202
DS1.d66.s0.i2 1.000000 1.015333
DS1.d66.s0.i1 1.000000 0.674839
DS1.d66.s0.i0 1.000000 0.861541
DS1.d64.s0.i0 -1.000000 -0.588978
DS1.d63.s0.i0 1.000000 1.032049
DS1.d63.s0.i1 1.000000 1.087495
DS1.d61.s0.i0 1.000000 0.882517
DS1.d61.s0.i1 1.000000 1.006671
DS1.d61.s0.i2 1.000000 1.074869
DS1.d61.s0.i3 1.000000 0.929187
DS1.d61.s0.i4 1.000000 0.986311
DS1.d61.s0.i5 1.000000 0.884419
DS1.d61.s0.i6 1.000000 0.973945
DS1.d61.s0.i7 1.000000 0.869277
DS1.d61.s0.i8 1.000000 0.904760
DS1.d60.s0.i0 1.000000 1.039639
DS1.d547.s0.i0 -1.000000 -0.803033
DS1.d547.s0.i1 -1.000000 -0.848267
DS1.d547.s1.i1 1.000000 0.759606
DS1.d547.s1.i0 1.000000 0.806074
DS1.d547.s1.i3 1.000000 1.244789
DS1.d547.s1.i2 1.000000 0.759606
DS1.d546.s0.i1 1.000000 0.828707
DS1.d546.s0.i0 1.000000 0.839726
DS1.d545.s0.i0 1.000000 0.860800
DS1.d545.s1.i0 1.000000 0.978889
DS1.d544.s0.i1 -1.000000 -0.909705
DS1.d544.s0.i0 -1.000000 -0.918102
DS1.d544.s0.i3 -1.000000 -0.776209
DS1.d544.s0.i2 -1.000000 -0.768996
DS1.d543.s0.i2 -1.000000 0.101439
DS1.d543.s0.i0 1.000000 0.335964
DS1.d543.s0.i1 1.000000 0.168234
DS1.d542.s1.i0 -1.000000 -0.378939
DS1.d542.s0.i1 -1.000000 -0.195349
DS1.d542.s0.i0 1.000000 0.332868
DS1.d268.s0.i0 1.000000 0.750925
DS1.d268.s0.i1 1.000000 0.756363
DS1.d269.s1.i2 -1.000000 -0.306007
DS1.d269.s1.i0 1.000000 0.336406
DS1.d269.s1.i1 1.000000 0.313462
DS1.d269.s0.i0 1.000000 0.883289
DS1.d269.s2.i3 -1.000000 -0.841084
DS1.d269.s2.i2 1.000000 0.307368
DS1.d269.s2.i1 -1.000000 -0.826481
DS1.d269.s2.i0 -1.000000 -0.589581
DS1.d269.s2.i7 -1.000000 -0.802645
DS1.d269.s2.i6 -1.000000 -0.819827
DS1.d269.s2.i5 -1.000000 -0.489280
DS1.d269.s2.i4 1.000000 0.290284
DS1.d266.s0.i0 1.000000 0.741435
DS1.d264.s0.i0 1.000000 0.506441
DS1.d264.s0.i1 1.000000 0.827081
DS1.d264.s1.i0 1.000000 0.745692
DS1.d265.s1.i2 1.000000 0.949668
DS1.d265.s1.i3 1.000000 0.958699
DS1.d265.s1.i0 1.000000 0.787660
DS1.d265.s1.i1 1.000000 1.029032
DS1.d265.s0.i1 -1.000000 -0.387209
DS1.d265.s0.i0 1.000000 0.872071
DS1.d262.s0.i0 -1.000000 -0.287912
DS1.d263.s1.i0 1.000000 1.171487
DS1.d263.s0.i7 1.000000 0.185312
DS1.d263.s0.i6 -1.000000 -0.124364
DS1.d263.s0.i5 -1.000000 -0.104032
DS1.d263.s0.i4 -1.000000 -0.206729
DS1.d263.s0.i3 1.000000 0.246725
DS1.d263.s0.i2 1.000000 0.196998
DS1.d263.s0.i1 -1.000000 -0.164941
DS1.d263.s0.i0 1.000000 0.217247
DS1.d263.s0.i10 1.000000 0.149514
DS1.d263.s0.i9 1.000000 0.232681
DS1.d263.s0.i8 -1.000000 -0.185054
DS1.d263.s0.i13 1.000000 0.175646
DS1.d263.s0.i11 -1.000000 -0.176170
DS1.d263.s0.i12 -1.000000 -0.147591
DS1.d260.s0.i0 1.000000 0.287224
DS1.d260.s0.i1 1.000000 0.365622
DS1.d260.s0.i2 -1.000000 0.208646
DS1.d260.s1.i1 1.000000 0.208380
DS1.d260.s1.i0 -1.000000 0.208380
DS1.d261.s0.i0 1.000000 1.202453
DS1.d588.s0.i0 1.000000 0.964674
DS1.d613.s0.i0 1.000000 1.074873
DS1.d610.s0.i0 1.000000 0.847236
DS1.d617.s0.i0 1.000000 0.614250
DS1.d617.s1.i9 -1.000000 -1.010619
DS1.d617.s1.i8 -1.000000 -0.997525
DS1.d617.s1.i1 -1.000000 -0.695920
DS1.d617.s1.i0 -1.000000 -0.819179
DS1.d617.s1.i3 -1.000000 -0.929608
DS1.d617.s1.i2 -1.000000 -0.857087
DS1.d617.s1.i5 -1.000000 -0.840291
DS1.d617.s1.i4 -1.000000 -0.898886
DS1.d617.s1.i7 -1.000000 -0.900367
DS1.d617.s1.i6 -1.000000 -0.971383
DS1.d616.s2.i1 1.000000 0.876361
DS1.d616.s2.i0 1.000000 0.820681
DS1.d616.s1.i0 1.000000 0.700334
DS1.d616.s1.i1 1.000000 0.653479
DS1.d616.s0.i9 -1.000000 0.092647
DS1.d616.s0.i8 1.000000 0.581912
DS1.d616.s0.i7 1.000000 0.552920
DS1.d616.s0.i6 1.000000 0.666410
DS1.d616.s0.i5 1.000000 0.557911
DS1.d616.s0.i4 1.000000 0.496274
DS1.d616.s0.i3 1.000000 0.497971
DS1.d616.s0.i2 1.000000 0.658130
DS1.d616.s0.i1 -1.000000 0.109271
DS1.d616.s0.i0 1.000000 0.554671
DS1.d616.s0.i19 1.000000 0.613273
DS1.d616.s0.i18 1.000000 0.429143
DS1.d616.s0.i17 1.000000 0.542062
DS1.d616.s0.i16 -1.000000 -0.047248
DS1.d616.s0.i15 1.000000 0.589821
DS1.d616.s0.i14 -1.000000 0.089949
DS1.d616.s0.i13 1.000000 0.571594
DS1.d616.s0.i12 1.000000 0.570030
DS1.d616.s0.i11 1.000000 0.677675
DS1.d616.s0.i10 -1.000000 0.032131
DS1.d615.s0.i0 1.000000 0.906695
DS1.d614.s0.i1 1.000000 0.740776
DS1.d614.s0.i0 1.000000 0.621143
DS1.d614.s0.i3 1.000000 0.651765
DS1.d614.s0.i2 1.000000 0.868721
DS1.d614.s0.i5 1.000000 0.555607
DS1.d614.s0.i4 -1.000000 0.518946
DS1.d169.s0.i0 1.000000 1.026522
DS1.d169.s0.i1 1.000000 0.930752
DS1.d169.s1.i5 1.000000 0.880479
DS1.d169.s1.i4 1.000000 0.911798
DS1.d169.s1.i1 1.000000 0.866707
DS1.d169.s1.i0 1.000000 0.918607
DS1.d169.s1.i3 1.000000 0.933974
DS1.d169.s1.i2 1.000000 0.899498
DS1.d168.s0.i0 1.000000 0.873775
DS1.d161.s0.i2 1.000000 0.809760
DS1.d161.s0.i3 1.000000 0.840682
DS1.d161.s0.i0 1.000000 0.824905
DS1.d161.s0.i1 1.000000 0.843541
DS1.d161.s0.i4 1.000000 0.892765
DS1.d161.s0.i5 1.000000 0.799547
DS1.d160.s0.i3 -1.000000 -0.934597
DS1.d160.s0.i2 -1.000000 -0.826227
DS1.d160.s0.i1 -1.000000 -0.945373
DS1.d160.s0.i0 -1.000000 -0.840179
DS1.d160.s0.i5 -1.000000 -0.826820
DS1.d160.s0.i4 -1.000000 -0.946502
DS1.d163.s0.i0 1.000000 0.824437
DS1.d163.s0.i1 1.000000 1.053526
DS1.d163.s0.i2 1.000000 0.920451
DS1.d162.s1.i0 1.000000 0.502684
DS1.d162.s0.i0 1.000000 0.704777
DS1.d165.s4.i0 1.000000 0.748148
DS1.d165.s4.i1 1.000000 0.881266
DS1.d165.s5.i1 1.000000 0.219010
DS1.d165.s5.i0 -1.000000 -0.184749
DS1.d165.s5.i3 1.000000 0.306880
DS1.d165.s5.i2 -1.000000 -0.105645
DS1.d165.s6.i4 1.000000 0.999046
DS1.d165.s6.i5 1.000000 0.966615
DS1.d165.s6.i0 1.000000 0.992881
DS1.d165.s6.i1 1.000000 0.925454
DS1.d165.s6.i2 1.000000 0.947918
DS1.d165.s6.i3 1.000000 0.940217
DS1.d165.s0.i4 1.000000 0.196253
DS1.d165.s0.i5 1.000000 0.592003
DS1.d165.s0.i2 -1.000000 -0.739149
DS1.d165.s0.i3 -1.000000 -0.674664
DS1.d165.s0.i0 -1.000000 -0.527023
DS1.d165.s0.i1 -1.000000 -0.448824
DS1.d165.s1.i1 1.000000 0.787899
DS1.d165.s1.i0 1.000000 0.726479
DS1.d165.s1.i3 1.000000 0.843547
DS1.d165.s1.i2 1.000000 0.889620
DS1.d165.s1.i5 1.000000 0.942816
DS1.d165.s1.i4 1.000000 1.002653
DS1.d165.s2.i0 1.000000 0.854639
DS1.d165.s2.i1 1.000000 0.863454
DS1.d165.s2.i2 1.000000 0.911653
DS1.d165.s2.i3 1.000000 0.847214
DS1.d165.s3.i2 -1.000000 -0.711679
DS1.d165.s3.i1 -1.000000 -0.533343
DS1.d165.s3.i0 -1.000000 -0.694240
DS1.d164.s0.i2 -1.000000 -0.817525
DS1.d164.s0.i1 -1.000000 -0.737918
DS1.d164.s0.i0 -1.000000 -0.541539
DS1.d167.s0.i0 1.000000 0.784150
DS1.d644.s0.i0 -1.000000 -0.568433
DS1.d645.s0.i0 1.000000 0.858239
DS1.d647.s0.i0 -1.000000 -0.210576
DS1.d640.s0.i0 -1.000000 -0.454174
DS1.d641.s0.i1 1.000000 1.208493
DS1.d641.s0.i0 1.000000 0.877884
DS1.d642.s0.i0 -1.000000 -0.506185
DS1.d299.s0.i0 -1.000000 -0.596979
DS1.d299.s0.i1 -1.000000 -0.624810
DS1.d298.s0.i0 1.000000 0.560249
DS1.d297.s0.i0 1.000000 0.877202
DS1.d296.s0.i0 1.000000 0.962433
DS1.d295.s0.i0 1.000000 0.773084
DS1.d295.s1.i0 -1.000000 -0.595985
DS1.d294.s0.i1 1.000000 1.017797
DS1.d294.s0.i0 1.000000 0.981124
DS1.d294.s0.i2 1.000000 1.078803
DS1.d293.s0.i0 1.000000 0.547182
DS1.d293.s0.i1 1.000000 0.983997
DS1.d292.s0.i3 -1.000000 -0.759533
DS1.d292.s0.i2 -1.000000 -1.183402
DS1.d292.s0.i1 -1.000000 -0.878684
DS1.d292.s0.i0 -1.000000 -1.129243
DS1.d291.s0.i0 -1.000000 0.036607
DS1.d290.s0.i1 1.000000 0.842846
DS1.d290.s0.i0 1.000000 0.621350
DS1.d769.s0.i0 1.000000 0.336725
DS1.d768.s0.i1 1.000000 0.839497
DS1.d768.s0.i0 1.000000 0.752685
DS1.d767.s0.i0 1.000000 0.752947
DS1.d766.s0.i3 -1.000000 -0.321273
DS1.d766.s0.i2 -1.000000 -0.738950
DS1.d766.s0.i1 -1.000000 -0.593140
DS1.d766.s0.i0 -1.000000 -1.081668
DS1.d765.s0.i0 -1.000000 -0.794251
DS1.d765.s0.i1 -1.000000 -0.706570
DS1.d765.s0.i2 -1.000000 -0.736232
DS1.d765.s0.i3 -1.000000 -0.744372
DS1.d765.s1.i3 -1.000000 -0.886996
DS1.d765.s1.i2 -1.000000 -0.774661
DS1.d765.s1.i1 -1.000000 -0.886996
DS1.d765.s1.i0 -1.000000 -0.774661
DS1.d764.s0.i5 -1.000000 -0.792127
DS1.d764.s0.i4 -1.000000 -0.655428
DS1.d764.s0.i1 -1.000000 -0.926874
DS1.d764.s0.i0 -1.000000 -1.061686
DS1.d764.s0.i3 -1.000000 -0.747832
DS1.d764.s0.i2 -1.000000 -0.893060
DS1.d763.s0.i0 -1.000000 0.351299
DS1.d763.s0.i1 1.000000 0.599297
DS1.d763.s1.i1 1.000000 0.633216
DS1.d763.s1.i0 1.000000 0.784886
DS1.d763.s2.i0 1.000000 1.030732
DS1.d762.s3.i2 1.000000 0.302633
DS1.d762.s3.i3 -1.000000 -0.155800
DS1.d762.s3.i0 1.000000 0.147903
DS1.d762.s3.i1 1.000000 0.343298
DS1.d762.s3.i6 -1.000000 -0.393484
DS1.d762.s3.i7 -1.000000 -0.142336
DS1.d762.s3.i4 1.000000 0.297794
DS1.d762.s3.i5 -1.000000 -0.420194
DS1.d762.s2.i1 1.000000 0.659288
DS1.d762.s2.i0 1.000000 0.717749
DS1.d762.s1.i0 1.000000 0.431502
DS1.d762.s0.i1 1.000000 0.656590
DS1.d762.s0.i0 1.000000 0.844268
DS1.d762.s4.i3 1.000000 0.969231
DS1.d762.s4.i2 1.000000 0.838210
DS1.d762.s4.i1 1.000000 0.969545
DS1.d762.s4.i0 1.000000 0.783075
DS1.d761.s0.i0 -1.000000 -0.858485
DS1.d761.s0.i1 -1.000000 -0.848621
DS1.d761.s0.i2 -1.000000 -0.900010
DS1.d760.s1.i0 1.000000 0.870641
DS1.d760.s0.i0 -1.000000 0.089047
DS1.d194.s0.i0 1.000000 1.112943
DS1.d194.s0.i1 1.000000 0.610461
DS1.d195.s0.i0 -1.000000 -0.364805
DS1.d196.s0.i0 1.000000 0.774061
DS1.d196.s0.i1 1.000000 1.096213
DS1.d196.s0.i2 1.000000 1.056280
DS1.d196.s0.i3 1.000000 1.054069
DS1.d196.s1.i0 -1.000000 -0.290902
DS1.d197.s0.i1 1.000000 0.865882
DS1.d197.s0.i0 1.000000 1.001397
DS1.d190.s0.i0 1.000000 1.061650
DS1.d191.s0.i0 -1.000000 -0.606032
DS1.d192.s0.i0 1.000000 0.708617
DS1.d193.s1.i0 1.000000 0.689460
DS1.d193.s0.i0 1.000000 0.843077
DS1.d199.s0.i1 1.000000 0.835157
DS1.d199.s0.i0 1.000000 0.708108
DS1.d448.s2.i0 1.000000 0.724455
DS1.d448.s2.i1 1.000000 0.722436
DS1.d448.s3.i1 1.000000 0.709481
DS1.d448.s3.i0 1.000000 1.100639
DS1.d448.s0.i0 1.000000 0.953050
DS1.d448.s0.i1 1.000000 0.937612
DS1.d448.s1.i3 1.000000 1.004815
DS1.d448.s1.i2 1.000000 0.975039
DS1.d448.s1.i1 1.000000 1.046421
DS1.d448.s1.i0 1.000000 1.012016
DS1.d449.s0.i0 1.000000 0.527112
DS1.d23.s0.i13 -1.000000 -0.929664
DS1.d23.s0.i10 -1.000000 -1.027946
DS1.d23.s0.i11 -1.000000 -0.931359
DS1.d23.s0.i8 -1.000000 -1.014847
DS1.d23.s0.i9 -1.000000 -0.910401
DS1.d23.s0.i12 -1.000000 -0.995488
DS1.d23.s0.i2 -1.000000 -0.870191
DS1.d23.s0.i3 -1.000000 -0.892519
DS1.d23.s0.i0 -1.000000 -0.958650
DS1.d23.s0.i1 -1.000000 -1.004647
DS1.d23.s0.i6 -1.000000 -0.819559
DS1.d23.s0.i7 -1.000000 -0.868515
DS1.d23.s0.i4 -1.000000 -0.897874
DS1.d23.s0.i5 -1.000000 -0.982687
DS1.d20.s0.i1 -1.000000 -1.010309
DS1.d20.s0.i0 -1.000000 -0.534195
DS1.d27.s0.i2 1.000000 0.756747
DS1.d27.s0.i0 1.000000 0.758582
DS1.d27.s0.i1 1.000000 0.834533
DS1.d27.s1.i1 1.000000 0.940693
DS1.d27.s1.i0 1.000000 0.891776
DS1.d27.s2.i0 1.000000 0.590261
DS1.d26.s0.i5 -1.000000 -0.863595
DS1.d26.s0.i4 -1.000000 -0.926712
DS1.d26.s0.i3 -1.000000 -0.841886
DS1.d26.s0.i2 -1.000000 -0.794606
DS1.d26.s0.i1 -1.000000 -0.884094
DS1.d26.s0.i0 -1.000000 -0.853816
DS1.d25.s0.i0 1.000000 0.782149
DS1.d25.s1.i0 -1.000000 -0.170557
DS1.d24.s1.i0 1.000000 0.746534
DS1.d24.s0.i0 -1.000000 -0.648441
DS1.d29.s0.i10 -1.000000 -0.868973
DS1.d29.s0.i11 -1.000000 -0.910269
DS1.d29.s0.i8 -1.000000 -1.036610
DS1.d29.s0.i9 -1.000000 -1.071355
DS1.d29.s0.i4 -1.000000 -0.896026
DS1.d29.s0.i5 -1.000000 -0.834321
DS1.d29.s0.i6 -1.000000 -0.941740
DS1.d29.s0.i7 -1.000000 -1.088530
DS1.d29.s0.i0 -1.000000 -1.049889
DS1.d29.s0.i1 -1.000000 -0.899718
DS1.d29.s0.i2 -1.000000 -1.128624
DS1.d29.s0.i3 -1.000000 -1.052194
DS1.d28.s1.i0 1.000000 0.994153
DS1.d28.s1.i1 1.000000 1.076694
DS1.d28.s0.i1 1.000000 0.943110
DS1.d28.s0.i0 1.000000 1.020812
DS1.d28.s0.i2 1.000000 1.121125
DS1.d671.s0.i2 1.000000 1.060578
DS1.d671.s0.i0 1.000000 1.094444
DS1.d671.s0.i1 1.000000 1.121297
DS1.d729.s0.i0 -1.000000 -0.457519
DS1.d670.s0.i1 1.000000 0.918598
DS1.d670.s0.i0 1.000000 0.787561
DS1.d583.s0.i0 1.000000 0.763429
DS1.d582.s0.i1 1.000000 0.752282
DS1.d582.s0.i0 1.000000 0.755669
DS1.d228.s0.i0 1.000000 0.870336
DS1.d228.s1.i1 1.000000 0.783742
DS1.d228.s1.i0 1.000000 0.781207
DS1.d229.s0.i0 1.000000 0.559705
DS1.d587.s0.i0 1.000000 0.918454
DS1.d586.s0.i0 1.000000 1.046558
DS1.d585.s0.i0 -1.000000 -0.726125
DS1.d585.s0.i1 -1.000000 -0.710652
DS1.d585.s0.i2 -1.000000 -0.829217
DS1.d584.s0.i0 -1.000000 -0.519865
DS1.d222.s0.i0 1.000000 0.731848
DS1.d223.s1.i0 1.000000 0.165799
DS1.d223.s1.i1 -1.000000 0.155200
DS1.d223.s0.i1 -1.000000 -0.375753
DS1.d223.s0.i0 1.000000 0.369664
DS1.d220.s0.i0 -1.000000 -0.543033
DS1.d220.s0.i1 -1.000000 -0.905509
DS1.d220.s1.i1 1.000000 0.079398
DS1.d220.s1.i0 -1.000000 -0.265121
DS1.d221.s0.i0 1.000000 1.009761
DS1.d226.s0.i0 1.000000 0.944807
DS1.d227.s0.i1 1.000000 0.347356
DS1.d227.s0.i0 1.000000 0.347356
DS1.d224.s0.i0 1.000000 0.895295
DS1.d224.s1.i0 1.000000 0.832135
DS1.d225.s1.i0 1.000000 0.708958
DS1.d225.s0.i0 1.000000 0.882612
DS1.d341.s0.i0 1.000000 1.014358
DS1.d341.s0.i1 1.000000 0.894200
DS1.d341.s1.i1 1.000000 0.654440
DS1.d341.s1.i0 1.000000 0.809810
DS1.d341.s2.i0 1.000000 0.813625
DS1.d341.s2.i1 1.000000 0.647473
DS1.d612.s0.i1 -1.000000 -0.033232
DS1.d612.s0.i0 1.000000 0.053989
DS1.d611.s0.i0 1.000000 0.846911
DS1.d342.s0.i1 -1.000000 -0.650319
DS1.d342.s0.i0 -1.000000 -0.650319
DS1.d345.s0.i0 1.000000 0.811928
DS1.d345.s1.i1 1.000000 0.897820
DS1.d345.s1.i0 1.000000 0.912139
DS1.d345.s2.i0 1.000000 0.892919
DS1.d345.s2.i1 1.000000 0.918362
DS1.d345.s2.i2 1.000000 1.003572
DS1.d345.s2.i3 1.000000 1.099808
DS1.d345.s3.i2 1.000000 1.030026
DS1.d345.s3.i1 1.000000 0.991067
DS1.d345.s3.i0 1.000000 0.911513
DS1.d344.s0.i0 -1.000000 -0.719219
DS1.d347.s0.i0 1.000000 0.892415
DS1.d347.s1.i3 -1.000000 -0.938477
DS1.d347.s1.i2 -1.000000 -0.835307
DS1.d347.s1.i1 -1.000000 -0.928812
DS1.d347.s1.i0 -1.000000 -0.858862
DS1.d347.s1.i5 -1.000000 -0.842203
DS1.d347.s1.i4 -1.000000 -0.956304
DS1.d346.s1.i0 -1.000000 -0.550371
DS1.d346.s1.i1 -1.000000 -0.555787
DS1.d346.s0.i0 1.000000 0.846282
DS1.d349.s0.i0 -1.000000 -0.448093
DS1.d348.s0.i0 -1.000000 0.260441
DS1.d619.s0.i0 1.000000 0.608938
DS1.d618.s1.i0 1.000000 0.841893
DS1.d618.s0.i1 1.000000 0.970642
DS1.d618.s0.i0 1.000000 0.830834
DS1.d142.s0.i1 1.000000 0.730735
DS1.d142.s0.i0 1.000000 0.944220
DS1.d679.s0.i0 -1.000000 -0.552406
DS1.d678.s0.i3 -1.000000 -1.048343
DS1.d678.s0.i2 -1.000000 -0.773217
DS1.d678.s0.i1 -1.000000 -0.971703
DS1.d678.s0.i0 -1.000000 -0.777253
DS1.d797.s1.i0 1.000000 0.948979
DS1.d797.s1.i1 1.000000 0.881683
DS1.d797.s1.i2 1.000000 0.825209
DS1.d797.s0.i0 1.000000 0.725810
DS1.d794.s0.i0 1.000000 0.764779
DS1.d794.s0.i1 1.000000 0.731184
DS1.d538.s0.i0 1.000000 1.118057
DS1.d538.s1.i0 1.000000 0.600975
DS1.d539.s0.i1 -1.000000 -0.322910
DS1.d539.s0.i0 1.000000 0.403374
DS1.d536.s0.i2 1.000000 0.869463
DS1.d536.s0.i3 1.000000 0.951472
DS1.d536.s0.i0 1.000000 0.956898
DS1.d536.s0.i1 1.000000 0.851958
DS1.d536.s1.i1 1.000000 0.338631
DS1.d536.s1.i0 -1.000000 -0.267340
DS1.d537.s0.i2 -1.000000 -0.733099
DS1.d537.s0.i1 -1.000000 -0.788548
DS1.d537.s0.i0 -1.000000 -0.933951
DS1.d534.s2.i0 1.000000 1.010963
DS1.d534.s0.i4 1.000000 0.921754
DS1.d534.s0.i5 1.000000 0.942809
DS1.d534.s0.i0 1.000000 0.961804
DS1.d534.s0.i1 1.000000 0.973106
DS1.d534.s0.i2 1.000000 0.994530
DS1.d534.s0.i3 1.000000 0.927057
DS1.d534.s1.i0 1.000000 0.950853
DS1.d535.s0.i1 -1.000000 -0.647797
DS1.d535.s0.i0 -1.000000 -0.839228
DS1.d532.s0.i0 -1.000000 -0.606299
DS1.d533.s0.i1 1.000000 0.562834
DS1.d533.s0.i0 1.000000 0.929651
DS1.d530.s0.i0 -1.000000 -0.453406
DS1.d531.s0.i1 1.000000 0.964915
DS1.d531.s0.i0 1.000000 0.887284
DS1.d531.s0.i3 1.000000 0.919746
DS1.d531.s0.i2 1.000000 0.714249
DS1.d531.s0.i4 1.000000 0.958153
DS1.d125.s0.i0 1.000000 0.803467
DS1.d125.s0.i1 1.000000 1.073315
DS1.d124.s0.i3 1.000000 0.852214
DS1.d124.s0.i2 1.000000 0.845313
DS1.d124.s0.i1 1.000000 0.948335
DS1.d124.s0.i0 1.000000 0.964046
DS1.d124.s0.i5 1.000000 0.930691
DS1.d124.s0.i4 1.000000 0.887760
DS1.d127.s0.i0 -1.000000 0.384393
DS1.d126.s0.i0 1.000000 0.979656
DS1.d121.s0.i0 1.000000 0.743385
DS1.d121.s0.i1 -1.000000 -0.502526
DS1.d121.s1.i1 1.000000 0.211366
DS1.d121.s1.i0 -1.000000 -0.214838
DS1.d121.s1.i3 1.000000 0.147560
DS1.d121.s1.i2 -1.000000 -0.206098
DS1.d121.s2.i0 1.000000 0.763624
DS1.d120.s0.i5 -1.000000 -0.824590
DS1.d120.s0.i4 -1.000000 -0.823109
DS1.d120.s0.i3 -1.000000 -0.902429
DS1.d120.s0.i2 -1.000000 -0.746408
DS1.d120.s0.i1 -1.000000 -0.928074
DS1.d120.s0.i0 -1.000000 -0.999864
DS1.d123.s0.i0 -1.000000 -0.601401
DS1.d122.s0.i0 1.000000 0.876631
DS1.d428.s0.i2 1.000000 0.920008
DS1.d428.s0.i3 1.000000 0.717323
DS1.d428.s0.i0 1.000000 0.733204
DS1.d428.s0.i1 1.000000 0.847193
DS1.d428.s1.i1 -1.000000 -0.034426
DS1.d428.s1.i0 1.000000 0.261131
DS1.d428.s1.i3 -1.000000 -0.155119
DS1.d428.s1.i2 1.000000 0.448260
DS1.d428.s2.i0 -1.000000 0.059678
DS1.d428.s2.i1 1.000000 0.295937
DS1.d129.s0.i0 1.000000 0.849216
DS1.d429.s0.i1 -1.000000 -0.771771
DS1.d429.s0.i0 -1.000000 -0.420215
DS1.d478.s0.i0 1.000000 1.089033
DS1.d420.s0.i0 1.000000 0.737074
DS1.d420.s1.i0 1.000000 0.661818
DS1.d54.s0.i0 -1.000000 -0.602626
DS1.d392.s0.i0 1.000000 0.874416
DS1.d393.s1.i0 -1.000000 -0.755321
DS1.d393.s1.i1 -1.000000 -0.652432
DS1.d393.s1.i2 -1.000000 -1.005942
DS1.d393.s1.i3 -1.000000 -0.945739
DS1.d393.s0.i3 -1.000000 -0.762133
DS1.d393.s0.i2 -1.000000 -0.878633
DS1.d393.s0.i1 -1.000000 -0.905472
DS1.d393.s0.i0 -1.000000 -0.784480
DS1.d390.s0.i4 -1.000000 -0.818430
DS1.d390.s0.i5 -1.000000 -0.726146
DS1.d390.s0.i0 -1.000000 -0.811765
DS1.d390.s0.i1 -1.000000 -0.850424
DS1.d390.s0.i2 -1.000000 -0.823349
DS1.d390.s0.i3 -1.000000 -0.827920
DS1.d55.s0.i0 1.000000 0.779958
DS1.d396.s0.i0 -1.000000 -0.248586
DS1.d394.s0.i0 1.000000 0.723811
DS1.d394.s0.i1 1.000000 1.055446
DS1.d395.s1.i0 1.000000 0.240541
DS1.d395.s0.i1 1.000000 0.718130
DS1.d395.s0.i0 1.000000 0.935114
DS1.d398.s0.i0 1.000000 1.008983
DS1.d399.s0.i0 1.000000 0.773946
DS1.d150.s0.i0 1.000000 0.821700
DS1.d150.s0.i1 1.000000 0.821700
DS1.d151.s0.i0 -1.000000 -0.280715
DS1.d152.s0.i0 1.000000 0.722134
DS1.d152.s0.i1 1.000000 0.549909
DS1.d152.s1.i0 1.000000 0.954427
DS1.d153.s0.i1 -1.000000 -0.655807
DS1.d153.s0.i0 -1.000000 -0.756192
DS1.d406.s0.i0 -1.000000 -0.675556
DS1.d155.s0.i2 1.000000 0.934861
DS1.d155.s0.i1 1.000000 0.884186
DS1.d155.s0.i0 1.000000 0.815180
DS1.d156.s0.i0 -1.000000 -0.640821
DS1.d156.s0.i1 -1.000000 -0.554086
DS1.d157.s0.i0 1.000000 0.892346
DS1.d158.s0.i0 1.000000 0.840012
DS1.d158.s0.i1 1.000000 0.838355
DS1.d159.s0.i3 -1.000000 -0.988455
DS1.d159.s0.i2 -1.000000 -0.869531
DS1.d159.s0.i1 -1.000000 -0.869820
DS1.d159.s0.i0 -1.000000 -0.852463
DS1.d159.s0.i5 -1.000000 -1.030357
DS1.d159.s0.i4 -1.000000 -0.848372
DS1.d409.s0.i0 1.000000 0.888686
DS1.d210.s0.i1 1.000000 0.399596
DS1.d210.s0.i0 1.000000 0.496034
DS1.d781.s0.i0 1.000000 1.015314
DS1.d781.s1.i1 1.000000 0.691088
DS1.d781.s1.i0 1.000000 0.590091
DS1.d143.s0.i2 1.000000 0.818388
DS1.d143.s0.i3 1.000000 0.790523
DS1.d143.s0.i0 1.000000 0.823639
DS1.d143.s0.i1 1.000000 0.741682
DS1.d783.s0.i0 -1.000000 -0.579160
DS1.d782.s0.i0 1.000000 0.864121
DS1.d785.s0.i0 1.000000 1.097209
DS1.d785.s0.i1 1.000000 0.571041
DS1.d784.s1.i0 1.000000 0.753963
DS1.d784.s0.i0 1.000000 0.906616
DS1.d787.s0.i0 1.000000 0.968839
DS1.d787.s0.i1 1.000000 0.885605
DS1.d787.s1.i0 1.000000 1.164879
DS1.d786.s1.i0 1.000000 0.880481
DS1.d786.s0.i0 1.000000 0.837025
DS1.d789.s0.i0 1.000000 0.859971
DS1.d789.s0.i1 1.000000 0.859971
DS1.d788.s0.i39 -1.000000 -0.921441
DS1.d788.s0.i38 -1.000000 -0.941723
DS1.d788.s0.i35 -1.000000 -0.923670
DS1.d788.s0.i34 -1.000000 -0.992079
DS1.d788.s0.i37 -1.000000 -0.991253
DS1.d788.s0.i36 -1.000000 -0.904236
DS1.d788.s0.i31 -1.000000 -1.024749
DS1.d788.s0.i30 -1.000000 -1.058693
DS1.d788.s0.i33 -1.000000 -0.993353
DS1.d788.s0.i32 -1.000000 -0.920184
DS1.d788.s0.i13 -1.000000 -0.935775
DS1.d788.s0.i12 -1.000000 -1.040322
DS1.d788.s0.i11 -1.000000 -0.997900
DS1.d788.s0.i10 -1.000000 -0.967077
DS1.d788.s0.i17 -1.000000 -1.006924
DS1.d788.s0.i16 -1.000000 -1.046659
DS1.d788.s0.i15 -1.000000 -1.010988
DS1.d788.s0.i14 -1.000000 -0.982708
DS1.d788.s0.i19 -1.000000 -0.931828
DS1.d788.s0.i18 -1.000000 -1.006143
DS1.d788.s0.i9 -1.000000 -1.027131
DS1.d788.s0.i8 -1.000000 -0.983592
DS1.d788.s0.i3 -1.000000 -1.018949
DS1.d788.s0.i2 -1.000000 -0.971123
DS1.d788.s0.i1 -1.000000 -1.019594
DS1.d788.s0.i0 -1.000000 -1.007383
DS1.d788.s0.i7 -1.000000 -0.994013
DS1.d788.s0.i6 -1.000000 -1.028452
DS1.d788.s0.i5 -1.000000 -0.942197
DS1.d788.s0.i4 -1.000000 -0.984396
DS1.d788.s0.i28 -1.000000 -0.999008
DS1.d788.s0.i29 -1.000000 -1.029053
DS1.d788.s0.i22 -1.000000 -0.946954
DS1.d788.s0.i23 -1.000000 -1.018164
DS1.d788.s0.i20 -1.000000 -0.950798
DS1.d788.s0.i21 -1.000000 -0.991901
DS1.d788.s0.i26 -1.000000 -0.997594
DS1.d788.s0.i27 -1.000000 -0.923995
DS1.d788.s0.i24 -1.000000 -0.985725
DS1.d788.s0.i25 -1.000000 -1.047362
DS1.d141.s2.i0 1.000000 0.504427
DS1.d141.s0.i0 -1.000000 -0.168165
DS1.d141.s1.i1 1.000000 0.973898
DS1.d141.s1.i0 1.000000 0.701317
DS1.d140.s0.i1 1.000000 0.855933
DS1.d140.s0.i0 1.000000 0.974866
DS1.d140.s0.i2 1.000000 0.908748
DS1.d58.s2.i0 1.000000 0.923122
DS1.d58.s3.i0 1.000000 0.822344
DS1.d58.s0.i0 -1.000000 -0.430647
DS1.d58.s1.i1 1.000000 0.729711
DS1.d58.s1.i0 1.000000 0.479082
DS1.d147.s0.i2 -1.000000 -0.865571
DS1.d147.s0.i3 -1.000000 -0.549421
DS1.d147.s0.i0 -1.000000 -0.862203
DS1.d147.s0.i1 -1.000000 -0.648918
DS1.d309.s0.i0 1.000000 0.996534
DS1.d309.s1.i1 -1.000000 -0.751488
DS1.d309.s1.i0 -1.000000 -0.710149
DS1.d309.s1.i2 -1.000000 -0.705000
DS1.d309.s2.i0 1.000000 0.841171
DS1.d309.s2.i1 1.000000 0.703326
DS1.d308.s3.i0 1.000000 1.178348
DS1.d308.s3.i1 1.000000 1.286118
DS1.d308.s2.i0 1.000000 0.756994
DS1.d308.s1.i0 1.000000 0.887130
DS1.d308.s1.i1 1.000000 0.951976
DS1.d308.s1.i2 1.000000 0.879392
DS1.d308.s0.i1 1.000000 0.950123
DS1.d308.s0.i0 1.000000 0.843823
DS1.d308.s5.i0 1.000000 0.969503
DS1.d308.s5.i1 1.000000 0.969503
DS1.d308.s4.i1 1.000000 1.053413
DS1.d308.s4.i0 1.000000 1.053413
DS1.d659.s0.i0 1.000000 1.044678
DS1.d658.s0.i0 1.000000 0.701441
DS1.d305.s0.i2 1.000000 0.929486
DS1.d305.s0.i3 1.000000 0.837193
DS1.d305.s0.i0 1.000000 0.982974
DS1.d305.s0.i1 1.000000 0.786752
DS1.d304.s0.i0 -1.000000 0.257052
DS1.d307.s0.i0 1.000000 0.986173
DS1.d307.s1.i0 1.000000 0.762125
DS1.d306.s1.i2 1.000000 0.951851
DS1.d306.s1.i3 1.000000 1.038131
DS1.d306.s1.i0 1.000000 0.973767
DS1.d306.s1.i1 1.000000 0.874625
DS1.d306.s1.i4 1.000000 0.929216
DS1.d306.s1.i5 1.000000 0.950196
DS1.d306.s0.i1 -1.000000 -0.403060
DS1.d306.s0.i0 1.000000 0.500269
DS1.d306.s3.i0 1.000000 0.410984
DS1.d306.s2.i0 -1.000000 0.401380
DS1.d306.s4.i1 1.000000 0.709941
DS1.d306.s4.i0 1.000000 0.616353
DS1.d301.s0.i0 1.000000 0.837241
DS1.d301.s0.i1 1.000000 0.880231
DS1.d300.s1.i0 -1.000000 -0.490894
DS1.d300.s0.i0 1.000000 0.584714
DS1.d303.s0.i0 1.000000 0.381719
DS1.d303.s0.i1 -1.000000 -0.151495
DS1.d302.s0.i0 1.000000 0.753087
DS1.d716.s0.i2 1.000000 0.894310
DS1.d716.s0.i3 1.000000 0.910877
DS1.d716.s0.i0 1.000000 0.912175
DS1.d716.s0.i1 -1.000000 -0.562012
DS1.d717.s0.i0 1.000000 0.904757
DS1.d714.s2.i0 -1.000000 -0.447933
DS1.d714.s0.i0 -1.000000 -0.206952
DS1.d714.s0.i1 -1.000000 -0.153151
DS1.d714.s1.i0 -1.000000 0.010134
DS1.d715.s0.i0 1.000000 0.791227
DS1.d499.s0.i0 1.000000 0.839794
DS1.d499.s0.i1 1.000000 0.635026
DS1.d498.s0.i1 1.000000 0.871719
DS1.d498.s0.i0 1.000000 0.871719
DS1.d710.s0.i0 -1.000000 -0.567775
DS1.d711.s0.i0 -1.000000 -0.479657
DS1.d495.s0.i0 1.000000 0.879521
DS1.d494.s0.i1 1.000000 1.029387
DS1.d494.s0.i0 1.000000 1.009019
DS1.d497.s0.i0 1.000000 0.857739
DS1.d497.s1.i1 1.000000 0.806936
DS1.d497.s1.i0 1.000000 0.719927
DS1.d496.s1.i0 1.000000 1.023464
DS1.d496.s0.i1 -1.000000 -0.729721
DS1.d496.s0.i0 -1.000000 -0.749616
DS1.d491.s0.i0 1.000000 0.670380
DS1.d491.s0.i1 1.000000 0.931948
DS1.d491.s1.i0 -1.000000 -0.429998
DS1.d490.s0.i1 1.000000 0.939081
DS1.d490.s0.i0 1.000000 0.939081
DS1.d493.s0.i0 1.000000 0.912555
DS1.d493.s0.i1 1.000000 0.992412
DS1.d493.s0.i2 1.000000 0.971796
DS1.d493.s1.i0 1.000000 1.032312
DS1.d492.s1.i2 1.000000 0.920446
DS1.d492.s1.i0 1.000000 0.734910
DS1.d492.s1.i1 1.000000 0.969803
DS1.d492.s0.i1 -1.000000 -0.005360
DS1.d492.s0.i0 1.000000 0.368705
DS1.d492.s3.i0 -1.000000 -0.367659
DS1.d492.s2.i0 1.000000 0.808456
DS1.d358.s0.i0 1.000000 0.856513
DS1.d358.s1.i0 1.000000 0.456984
DS1.d78.s0.i0 -1.000000 -0.611026
DS1.d78.s1.i0 -1.000000 -0.450381
DS1.d79.s0.i0 -1.000000 0.740531
DS1.d74.s0.i0 1.000000 0.482506
DS1.d75.s0.i0 -1.000000 -0.288165
DS1.d77.s0.i1 -1.000000 0.528695
DS1.d77.s0.i0 1.000000 0.525376
DS1.d70.s0.i0 1.000000 0.711314
DS1.d70.s0.i1 1.000000 0.814433
DS1.d70.s1.i1 1.000000 0.814423
DS1.d70.s1.i0 1.000000 1.076137
DS1.d70.s1.i3 1.000000 0.993391
DS1.d70.s1.i2 1.000000 0.834256
DS1.d72.s0.i0 -1.000000 -0.768079
DS1.d72.s0.i1 -1.000000 -0.745633
DS1.d73.s0.i1 -1.000000 -1.041812
DS1.d73.s0.i0 -1.000000 -0.893119
DS1.d578.s0.i0 1.000000 1.024844
DS1.d578.s0.i1 1.000000 0.914819
DS1.d578.s0.i2 1.000000 0.806930
DS1.d579.s0.i1 -1.000000 -0.698863
DS1.d579.s0.i0 -1.000000 -0.825554
DS1.d579.s0.i3 -1.000000 -0.854421
DS1.d579.s0.i2 -1.000000 -0.829867
DS1.d572.s0.i0 -1.000000 -0.527089
DS1.d572.s0.i1 -1.000000 -0.667026
DS1.d573.s0.i3 1.000000 0.806648
DS1.d573.s0.i2 1.000000 1.026938
DS1.d573.s0.i1 1.000000 0.819218
DS1.d573.s0.i0 1.000000 0.998944
DS1.d570.s2.i0 1.000000 0.967939
DS1.d570.s3.i0 1.000000 1.002663
DS1.d570.s0.i0 1.000000 0.961595
DS1.d570.s1.i0 1.000000 0.420047
DS1.d571.s0.i0 -1.000000 -0.757899
DS1.d576.s0.i2 1.000000 0.567162
DS1.d576.s0.i0 1.000000 0.593704
DS1.d576.s0.i1 -1.000000 -0.077398
DS1.d576.s1.i1 1.000000 0.160456
DS1.d576.s1.i0 -1.000000 0.197357
DS1.d576.s2.i0 1.000000 0.598635
DS1.d576.s2.i1 1.000000 0.768078
DS1.d577.s0.i2 -1.000000 -0.761967
DS1.d577.s0.i1 -1.000000 -0.746224
DS1.d577.s0.i0 -1.000000 -0.699686
DS1.d574.s0.i0 -1.000000 -0.866524
DS1.d574.s0.i1 -1.000000 -0.943718
DS1.d574.s0.i2 -1.000000 -0.861392
DS1.d574.s0.i3 -1.000000 -0.771847
DS1.d575.s1.i0 1.000000 0.755549
DS1.d575.s1.i1 1.000000 0.788273
DS1.d575.s0.i0 1.000000 0.797435
DS1.d575.s2.i0 -1.000000 -0.455840
DS1.d271.s0.i0 1.000000 0.244797
DS1.d271.s1.i0 1.000000 0.007678
DS1.d271.s2.i0 -1.000000 -0.480620
DS1.d379.s0.i1 -1.000000 -0.845521
DS1.d379.s0.i0 -1.000000 -0.741732
DS1.d273.s0.i0 1.000000 1.060064
DS1.d273.s1.i1 1.000000 0.774549
DS1.d273.s1.i0 1.000000 0.371109
DS1.d272.s1.i2 1.000000 0.659967
DS1.d272.s1.i0 1.000000 0.609794
DS1.d272.s1.i1 1.000000 0.808333
DS1.d272.s0.i1 1.000000 0.972494
DS1.d272.s0.i0 1.000000 0.837321
DS1.d272.s0.i2 1.000000 0.849573
DS1.d272.s3.i0 1.000000 0.786621
DS1.d272.s2.i0 1.000000 0.885758
DS1.d272.s4.i0 -1.000000 -0.731159
DS1.d274.s0.i0 1.000000 0.717199
DS1.d277.s0.i0 1.000000 0.812990
DS1.d276.s0.i1 -1.000000 -0.609790
DS1.d276.s0.i0 -1.000000 -0.707934
DS1.d276.s0.i2 -1.000000 -0.726024
DS1.d370.s0.i0 1.000000 0.788385
DS1.d278.s0.i3 1.000000 0.966252
DS1.d278.s0.i2 1.000000 0.931381
DS1.d278.s0.i1 1.000000 0.931381
DS1.d278.s0.i0 1.000000 0.966252
DS1.d373.s0.i0 -1.000000 0.559470
DS1.d374.s0.i0 1.000000 0.860312
DS1.d374.s1.i1 1.000000 1.120812
DS1.d374.s1.i0 1.000000 1.063233
DS1.d375.s3.i2 1.000000 0.767141
DS1.d375.s3.i3 1.000000 1.216937
DS1.d375.s3.i0 1.000000 1.216937
DS1.d375.s3.i1 1.000000 0.767141
DS1.d375.s2.i0 1.000000 1.136112
DS1.d375.s1.i0 1.000000 1.033571
DS1.d375.s0.i2 1.000000 1.017159
DS1.d375.s0.i1 1.000000 0.890774
DS1.d375.s0.i0 1.000000 1.058540
DS1.d375.s5.i0 1.000000 0.918332
DS1.d375.s5.i1 1.000000 0.986323
DS1.d375.s5.i2 1.000000 0.991696
DS1.d375.s5.i3 1.000000 0.813986
DS1.d375.s4.i1 1.000000 0.861296
DS1.d375.s4.i0 1.000000 1.056365
DS1.d376.s0.i0 -1.000000 -0.094698
DS1.d376.s0.i1 1.000000 0.718791
DS1.d376.s1.i2 -1.000000 -0.865369
DS1.d376.s1.i1 -1.000000 -0.642074
DS1.d376.s1.i0 -1.000000 -0.886376
DS1.d377.s1.i0 1.000000 0.726317
DS1.d377.s1.i1 1.000000 0.780755
DS1.d377.s0.i1 1.000000 0.952400
DS1.d377.s0.i0 1.000000 0.800316
DS1.d377.s0.i2 1.000000 0.804589
DS1.d258.s0.i0 1.000000 0.319029
DS1.d541.s0.i0 -1.000000 0.513349
DS1.d541.s1.i0 -1.000000 -0.759572
DS1.d540.s1.i0 -1.000000 -0.469778
DS1.d540.s0.i0 1.000000 0.995560
DS1.d549.s2.i0 1.000000 0.926333
DS1.d549.s2.i1 1.000000 0.997648
DS1.d549.s3.i1 1.000000 0.029664
DS1.d549.s3.i0 -1.000000 -0.447410
DS1.d549.s3.i2 -1.000000 -0.268807
DS1.d549.s0.i0 -1.000000 -0.845452
DS1.d549.s0.i1 -1.000000 -0.850575
DS1.d549.s0.i2 -1.000000 -0.824313
DS1.d549.s1.i1 -1.000000 -0.397875
DS1.d549.s1.i0 1.000000 0.135538
DS1.d548.s0.i1 -1.000000 -0.028680
DS1.d548.s0.i0 -1.000000 -0.122129
DS1.d118.s0.i0 1.000000 0.237710
DS1.d118.s1.i0 1.000000 0.619371
DS1.d118.s2.i0 1.000000 1.110394
DS1.d119.s0.i2 -1.000000 -0.823264
DS1.d119.s0.i1 -1.000000 -0.883695
DS1.d119.s0.i0 -1.000000 -0.819794
DS1.d114.s0.i0 1.000000 0.745746
DS1.d115.s0.i1 1.000000 0.290591
DS1.d115.s0.i0 -1.000000 -0.424263
DS1.d116.s0.i0 1.000000 0.788709
DS1.d116.s0.i1 1.000000 0.879623
DS1.d116.s0.i2 1.000000 0.870819
DS1.d117.s1.i0 1.000000 0.200100
DS1.d117.s1.i1 -1.000000 -0.265792
DS1.d117.s0.i0 1.000000 0.693099
DS1.d117.s3.i0 1.000000 0.765602
DS1.d117.s3.i1 1.000000 0.887515
DS1.d117.s3.i2 1.000000 0.866527
DS1.d117.s3.i3 1.000000 0.958470
DS1.d117.s2.i3 -1.000000 0.163088
DS1.d117.s2.i2 -1.000000 -0.047443
DS1.d117.s2.i1 1.000000 -0.130458
DS1.d117.s2.i0 1.000000 0.074886
DS1.d110.s0.i0 1.000000 0.888533
DS1.d112.s0.i0 -1.000000 -0.558608
DS1.d113.s0.i1 -1.000000 -0.652525
DS1.d113.s0.i0 -1.000000 -0.652525
DS1.d217.s0.i0 -1.000000 -0.355660
DS1.d217.s1.i1 -1.000000 -0.510939
DS1.d217.s1.i0 -1.000000 -0.533118
DS1.d215.s0.i0 -1.000000 -0.961942
DS1.d215.s0.i1 -1.000000 -0.937420
DS1.d215.s0.i2 -1.000000 -0.788208
DS1.d215.s0.i3 -1.000000 -0.737812
DS1.d215.s1.i0 -1.000000 -0.822783
DS1.d214.s0.i1 1.000000 0.961938
DS1.d214.s0.i0 1.000000 0.925671
DS1.d213.s0.i0 -1.000000 -0.305905
DS1.d213.s1.i0 1.000000 0.187236
DS1.d212.s0.i0 -1.000000 -0.468870
DS1.d606.s0.i0 -1.000000 -0.018294
DS1.d607.s0.i1 1.000000 0.439782
DS1.d607.s0.i0 1.000000 0.508896
DS1.d607.s0.i2 -1.000000 0.229898
DS1.d356.s0.i0 1.000000 0.369740
DS1.d357.s0.i1 1.000000 1.241265
DS1.d357.s0.i0 1.000000 0.803855
DS1.d459.s0.i2 -1.000000 -0.866472
DS1.d459.s0.i3 -1.000000 -0.879429
DS1.d459.s0.i0 -1.000000 -0.831946
DS1.d459.s0.i1 -1.000000 -0.839020
DS1.d458.s4.i0 1.000000 0.742932
DS1.d458.s3.i0 1.000000 0.982523
DS1.d458.s2.i0 -1.000000 -0.545913
DS1.d458.s1.i0 1.000000 0.716699
DS1.d458.s0.i0 1.000000 0.820183
DS1.d750.s0.i0 1.000000 1.065994
DS1.d751.s0.i0 1.000000 0.734747
DS1.d756.s0.i0 1.000000 0.748631
DS1.d756.s0.i1 1.000000 0.750350
DS1.d754.s0.i0 1.000000 0.865482
DS1.d754.s0.i1 1.000000 0.923110
DS1.d754.s0.i2 1.000000 0.979409
DS1.d755.s0.i1 1.000000 0.778824
DS1.d755.s0.i0 1.000000 0.749454
DS1.d758.s0.i0 1.000000 0.822979
DS1.d452.s1.i0 1.000000 0.434372
DS1.d452.s0.i5 1.000000 0.466410
DS1.d452.s0.i4 -1.000000 -0.448716
DS1.d452.s0.i1 -1.000000 -0.299397
DS1.d452.s0.i0 1.000000 0.517183
DS1.d452.s0.i3 1.000000 0.603894
DS1.d452.s0.i2 -1.000000 -0.502001
DS1.d455.s0.i0 1.000000 0.583929
DS1.d455.s0.i1 1.000000 0.537619
DS1.d454.s0.i3 -1.000000 -0.606588
DS1.d454.s0.i2 -1.000000 -0.604545
DS1.d454.s0.i1 1.000000 0.204847
DS1.d454.s0.i0 -1.000000 -0.599682
DS1.d457.s0.i0 1.000000 1.253243
DS1.d457.s1.i3 1.000000 0.943794
DS1.d457.s1.i2 1.000000 0.819575
DS1.d457.s1.i1 1.000000 0.852991
DS1.d457.s1.i0 1.000000 0.938554
DS1.d456.s0.i1 1.000000 0.817859
DS1.d456.s0.i0 1.000000 1.018704
DS1.d456.s0.i3 1.000000 0.825352
DS1.d456.s0.i2 1.000000 1.023283
DS1.d456.s0.i5 1.000000 0.901346
DS1.d456.s0.i4 1.000000 0.918796
DS1.d187.s0.i0 1.000000 0.914113
DS1.d186.s0.i2 1.000000 0.837610
DS1.d186.s0.i1 1.000000 0.782108
DS1.d186.s0.i0 1.000000 0.812578
DS1.d185.s0.i0 1.000000 0.757146
DS1.d185.s0.i1 1.000000 0.823557
DS1.d185.s1.i0 1.000000 0.474056
DS1.d184.s1.i0 1.000000 0.679254
DS1.d184.s0.i5 1.000000 0.867037
DS1.d184.s0.i4 1.000000 0.895136
DS1.d184.s0.i1 1.000000 0.916147
DS1.d184.s0.i0 1.000000 0.990736
DS1.d184.s0.i3 1.000000 0.945675
DS1.d184.s0.i2 1.000000 0.853759
DS1.d184.s2.i1 1.000000 0.848981
DS1.d184.s2.i0 1.000000 0.783869
DS1.d183.s0.i2 -1.000000 -0.637724
DS1.d183.s0.i0 -1.000000 -0.709086
DS1.d183.s0.i1 -1.000000 -0.663553
DS1.d182.s1.i0 -1.000000 -0.373021
DS1.d182.s0.i0 -1.000000 -0.732926
DS1.d181.s0.i0 1.000000 0.400877
DS1.d180.s1.i0 1.000000 0.981622
DS1.d180.s0.i1 1.000000 0.724900
DS1.d180.s0.i0 1.000000 0.743326
DS1.d180.s2.i1 1.000000 0.825505
DS1.d180.s2.i0 1.000000 1.016749
DS1.d0.s0.i0 1.000000 1.064448
DS1.d0.s1.i1 1.000000 0.264377
DS1.d0.s1.i0 -1.000000 -0.300291
DS1.d1.s0.i0 1.000000 0.831960
DS1.d2.s0.i0 1.000000 -0.102332
DS1.d3.s1.i0 1.000000 0.664067
DS1.d3.s1.i1 1.000000 0.851659
DS1.d3.s0.i1 1.000000 1.104130
DS1.d3.s0.i0 1.000000 0.715421
DS1.d3.s0.i2 1.000000 1.104130
DS1.d4.s0.i0 1.000000 0.810630
DS1.d4.s0.i1 1.000000 0.827314
DS1.d189.s0.i0 -1.000000 0.386559
DS1.d188.s0.i1 -1.000000 -0.724280
DS1.d188.s0.i0 -1.000000 -0.686137
DS1.d32.s0.i0 1.000000 0.800152
DS1.d33.s0.i1 1.000000 0.573405
DS1.d33.s0.i0 1.000000 1.161408
DS1.d34.s0.i0 1.000000 0.654482
DS1.d34.s0.i1 1.000000 0.844651
DS1.d35.s0.i0 1.000000 1.063991
DS1.d36.s2.i0 1.000000 0.673756
DS1.d36.s2.i1 1.000000 1.025410
DS1.d36.s0.i0 1.000000 1.288884
DS1.d36.s1.i0 1.000000 0.798288
DS1.d37.s1.i0 -1.000000 -0.549570
DS1.d37.s0.i0 1.000000 0.508667
DS1.d37.s2.i2 -1.000000 -0.850257
DS1.d37.s2.i1 1.000000 0.203910
DS1.d37.s2.i0 -1.000000 -0.696019
DS1.d38.s0.i0 1.000000 0.800892
DS1.d38.s1.i1 1.000000 1.022738
DS1.d38.s1.i0 1.000000 1.077157
DS1.d38.s2.i0 1.000000 1.062788
DS1.d38.s3.i0 -1.000000 -0.572775
DS1.d39.s0.i0 -1.000000 -0.359880
DS1.d447.s0.i0 1.000000 0.873857
DS1.d796.s0.i2 -1.000000 -0.933117
DS1.d796.s0.i3 -1.000000 -0.933117
DS1.d796.s0.i0 -1.000000 -0.933117
DS1.d796.s0.i1 -1.000000 -0.939680
DS1.d796.s0.i4 -1.000000 -0.939680
DS1.d796.s0.i5 -1.000000 -0.933117
DS1.d796.s1.i1 1.000000 0.660768
DS1.d796.s1.i0 1.000000 0.929351
DS1.d796.s1.i2 1.000000 0.788778
DS1.d327.s0.i0 1.000000 1.221482
DS1.d239.s0.i0 1.000000 0.834348
DS1.d239.s0.i1 1.000000 1.080027
DS1.d239.s1.i0 1.000000 0.809843
DS1.d239.s2.i0 1.000000 0.893660
DS1.d239.s2.i1 1.000000 0.936608
DS1.d239.s2.i2 1.000000 0.915501
DS1.d326.s0.i1 -1.000000 0.010668
DS1.d326.s0.i0 1.000000 0.068731
DS1.d235.s0.i0 1.000000 1.035922
DS1.d235.s1.i1 1.000000 0.739525
DS1.d235.s1.i0 1.000000 0.911231
DS1.d234.s0.i0 1.000000 0.929127
DS1.d236.s0.i1 -1.000000 -0.849074
DS1.d236.s0.i0 -1.000000 -0.588360
DS1.d236.s0.i2 -1.000000 -0.893246
DS1.d230.s0.i3 1.000000 0.951495
DS1.d230.s0.i2 1.000000 0.946001
DS1.d230.s0.i1 1.000000 0.937852
DS1.d230.s0.i0 1.000000 0.938064
DS1.d334.s0.i0 1.000000 0.984919
DS1.d334.s1.i0 -1.000000 -0.377122
DS1.d335.s0.i0 1.000000 0.892296
DS1.d336.s0.i0 1.000000 0.806632
DS1.d625.s1.i0 1.000000 0.701759
DS1.d625.s1.i1 1.000000 0.684397
DS1.d625.s0.i1 -1.000000 -0.782618
DS1.d625.s0.i0 -1.000000 -0.739084
DS1.d625.s0.i3 -1.000000 -0.796766
DS1.d625.s0.i2 -1.000000 -0.770325
DS1.d622.s0.i0 1.000000 0.669669
DS1.d622.s1.i0 1.000000 0.993013
DS1.d623.s3.i0 1.000000 0.622367
DS1.d623.s3.i1 1.000000 1.100515
DS1.d623.s2.i1 1.000000 0.983262
DS1.d623.s2.i0 1.000000 1.008204
DS1.d623.s2.i3 1.000000 0.981343
DS1.d623.s2.i2 1.000000 0.894298
DS1.d623.s1.i0 1.000000 1.063604
DS1.d623.s1.i1 1.000000 0.840474
DS1.d623.s0.i1 1.000000 0.866683
DS1.d623.s0.i0 1.000000 0.822723
DS1.d623.s4.i3 -1.000000 -0.195802
DS1.d623.s4.i2 -1.000000 -0.272133
DS1.d623.s4.i1 1.000000 0.507760
DS1.d623.s4.i0 1.000000 0.065520
DS1.d332.s0.i0 1.000000 0.751798
DS1.d333.s0.i0 1.000000 0.766573
DS1.d323.s0.i0 1.000000 0.482221
DS1.d339.s0.i1 -1.000000 -0.532074
DS1.d339.s0.i0 -1.000000 -0.613601
DS1.d628.s0.i0 -1.000000 -0.771863
DS1.d628.s0.i1 -1.000000 -0.856590
DS1.d629.s1.i0 1.000000 0.752358
DS1.d629.s1.i1 1.000000 0.743651
DS1.d629.s0.i1 1.000000 0.756269
DS1.d629.s0.i0 1.000000 0.694973
DS1.d662.s0.i2 -1.000000 0.311818
DS1.d662.s0.i3 1.000000 0.737047
DS1.d662.s0.i0 1.000000 0.633609
DS1.d662.s0.i1 1.000000 0.464830
DS1.d321.s0.i0 1.000000 0.815784
DS1.d321.s0.i1 1.000000 0.888749
DS1.d321.s0.i2 1.000000 0.958475
DS1.d321.s0.i3 1.000000 0.947398
DS1.d321.s0.i4 1.000000 0.980707
DS1.d708.s0.i0 -1.000000 -0.416860
DS1.d806.s0.i2 -1.000000 -0.738069
DS1.d806.s0.i0 -1.000000 -0.895454
DS1.d806.s0.i1 -1.000000 -0.710551
DS1.d445.s0.i0 1.000000 0.661647
DS1.d804.s0.i0 -1.000000 -0.467858
DS1.d320.s0.i1 1.000000 0.766879
DS1.d320.s0.i0 -1.000000 -0.079802
DS1.d802.s0.i0 1.000000 0.698637
DS1.d803.s2.i1 1.000000 0.464362
DS1.d803.s2.i0 1.000000 0.498370
DS1.d803.s1.i0 1.000000 0.693375
DS1.d803.s1.i1 1.000000 0.651468
DS1.d803.s0.i3 1.000000 0.791295
DS1.d803.s0.i2 1.000000 0.904223
DS1.d803.s0.i1 1.000000 0.859167
DS1.d803.s0.i0 1.000000 0.806049
DS1.d800.s0.i0 1.000000 0.601775
DS1.d801.s0.i0 1.000000 1.021965
DS1.d85.s0.i0 1.000000 0.647081
DS1.d84.s0.i1 -1.000000 -0.803198
DS1.d84.s0.i0 -1.000000 -0.784744
DS1.d87.s0.i0 1.000000 0.732073
DS1.d86.s1.i2 -1.000000 -0.357215
DS1.d86.s1.i0 1.000000 0.200411
DS1.d86.s1.i1 -1.000000 -0.376046
DS1.d86.s0.i1 1.000000 0.843029
DS1.d86.s0.i0 1.000000 0.866066
DS1.d81.s0.i0 1.000000 0.300652
DS1.d81.s0.i1 1.000000 0.457085
DS1.d83.s0.i0 1.000000 0.065203
DS1.d82.s0.i0 1.000000 0.813190
DS1.d88.s0.i1 -1.000000 -0.879347
DS1.d88.s0.i0 -1.000000 -0.797233
DS1.d442.s0.i0 -1.000000 -0.260115
DS1.d248.s0.i0 1.000000 0.786439
DS1.d248.s0.i1 1.000000 0.945509
DS1.d249.s0.i0 -1.000000 -0.270153
DS1.d523.s0.i0 -1.000000 -0.366240
DS1.d523.s1.i1 1.000000 0.915771
DS1.d523.s1.i0 1.000000 0.762864
DS1.d522.s0.i1 -1.000000 -0.756628
DS1.d522.s0.i0 -1.000000 -0.677890
DS1.d524.s0.i0 -1.000000 -0.359910
DS1.d527.s0.i0 1.000000 0.974679
DS1.d527.s0.i1 1.000000 1.122282
DS1.d527.s0.i2 1.000000 0.879990
DS1.d527.s0.i3 1.000000 0.883032
DS1.d527.s1.i1 1.000000 0.575573
DS1.d527.s1.i0 1.000000 0.682591
DS1.d526.s1.i0 1.000000 0.106264
DS1.d526.s1.i1 1.000000 0.106264
DS1.d526.s0.i1 1.000000 0.878365
DS1.d526.s0.i0 1.000000 1.146558
DS1.d526.s0.i3 1.000000 0.585019
DS1.d526.s0.i2 1.000000 0.921431
DS1.d526.s2.i1 -1.000000 -0.700778
DS1.d526.s2.i0 -1.000000 -0.740246
DS1.d240.s0.i0 1.000000 0.620381
DS1.d241.s1.i0 1.000000 0.899074
DS1.d241.s0.i0 1.000000 0.901150
DS1.d243.s0.i1 1.000000 1.000582
DS1.d243.s0.i0 1.000000 1.000582
DS1.d243.s0.i2 1.000000 1.000582
DS1.d244.s0.i0 1.000000 0.904978
DS1.d244.s0.i1 1.000000 0.713643
DS1.d244.s1.i0 1.000000 1.024209
DS1.d246.s2.i0 1.000000 0.793611
DS1.d246.s2.i1 1.000000 0.956647
DS1.d246.s0.i0 1.000000 1.112536
DS1.d246.s1.i0 1.000000 0.557361
DS1.d247.s0.i19 -1.000000 -0.662383
DS1.d247.s0.i18 1.000000 0.527385
DS1.d247.s0.i15 1.000000 0.414502
DS1.d247.s0.i14 -1.000000 -0.745656
DS1.d247.s0.i17 -1.000000 -0.772123
DS1.d247.s0.i16 -1.000000 -0.715465
DS1.d247.s0.i11 -1.000000 -0.628654
DS1.d247.s0.i10 -1.000000 -0.773023
DS1.d247.s0.i13 1.000000 0.376800
DS1.d247.s0.i12 -1.000000 -0.830823
DS1.d247.s0.i20 1.000000 0.386212
DS1.d247.s0.i21 -1.000000 -0.686933
DS1.d247.s0.i22 1.000000 0.649708
DS1.d247.s0.i23 -1.000000 -0.634655
DS1.d247.s0.i9 -1.000000 -0.738994
DS1.d247.s0.i8 -1.000000 -0.753859
DS1.d247.s0.i1 1.000000 0.413190
DS1.d247.s0.i0 -1.000000 -0.640218
DS1.d247.s0.i3 -1.000000 -0.686463
DS1.d247.s0.i2 1.000000 0.382799
DS1.d247.s0.i5 -1.000000 -0.635373
DS1.d247.s0.i4 1.000000 0.285873
DS1.d247.s0.i7 -1.000000 -0.588772
DS1.d247.s0.i6 -1.000000 -0.759168
DS1.d669.s0.i0 -1.000000 0.155930
DS1.d443.s2.i1 1.000000 0.730307
DS1.d443.s2.i0 1.000000 0.837172
DS1.d443.s2.i2 1.000000 0.930500
DS1.d443.s1.i0 -1.000000 -0.010216
DS1.d443.s1.i1 -1.000000 -0.232050
DS1.d443.s1.i2 1.000000 0.138848
DS1.d443.s0.i1 1.000000 0.791812
DS1.d443.s0.i0 1.000000 0.790016
DS1.d643.s0.i1 -1.000000 -0.549207
DS1.d643.s0.i0 -1.000000 -0.460793
DS1.d643.s0.i3 1.000000 0.252974
DS1.d643.s0.i2 -1.000000 -0.376666
DS1.d643.s0.i5 1.000000 0.128101
DS1.d643.s0.i4 -1.000000 -0.593948
DS1.d351.s0.i1 -1.000000 -0.736585
DS1.d351.s0.i0 -1.000000 -0.881822
DS1.d351.s0.i3 -1.000000 -0.964286
DS1.d351.s0.i2 -1.000000 -1.045022
DS1.d752.s0.i0 1.000000 0.485278
DS1.d753.s2.i1 -1.000000 -0.607161
DS1.d753.s2.i0 -1.000000 -0.726529
DS1.d753.s1.i0 1.000000 0.791340
DS1.d753.s1.i1 1.000000 0.903003
DS1.d753.s0.i0 1.000000 -0.260291
DS1.d384.s0.i2 1.000000 0.414619
DS1.d384.s0.i1 -1.000000 0.231207
DS1.d384.s0.i0 1.000000 0.414619
DS1.d387.s0.i0 1.000000 0.806286
DS1.d387.s0.i1 1.000000 0.761244
DS1.d386.s1.i0 1.000000 0.757663
DS1.d386.s1.i1 1.000000 0.913531
DS1.d386.s0.i0 1.000000 0.819620
DS1.d386.s2.i1 1.000000 0.511595
DS1.d386.s2.i0 1.000000 0.988112
DS1.d381.s0.i4 -1.000000 -0.098608
DS1.d381.s0.i5 -1.000000 -0.035299
DS1.d381.s0.i2 1.000000 0.523258
DS1.d381.s0.i3 1.000000 0.468920
DS1.d381.s0.i0 -1.000000 -0.060667
DS1.d381.s0.i1 1.000000 0.427085
DS1.d381.s1.i0 1.000000 0.239073
DS1.d380.s2.i5 1.000000 1.000382
DS1.d380.s2.i4 1.000000 0.931363
DS1.d380.s2.i1 1.000000 0.959186
DS1.d380.s2.i0 1.000000 0.931363
DS1.d380.s2.i3 1.000000 1.000382
DS1.d380.s2.i2 1.000000 0.959186
DS1.d380.s1.i8 -1.000000 -0.846471
DS1.d380.s1.i4 -1.000000 -0.946828
DS1.d380.s1.i5 -1.000000 -0.889678
DS1.d380.s1.i6 -1.000000 -0.978035
DS1.d380.s1.i7 -1.000000 -0.846471
DS1.d380.s1.i0 -1.000000 -0.903818
DS1.d380.s1.i1 -1.000000 -0.903818
DS1.d380.s1.i2 -1.000000 -0.906350
DS1.d380.s1.i3 -1.000000 -0.906350
DS1.d380.s0.i9 1.000000 0.926931
DS1.d380.s0.i8 1.000000 0.908146
DS1.d380.s0.i7 1.000000 0.944991
DS1.d380.s0.i6 1.000000 0.944991
DS1.d380.s0.i5 1.000000 0.926931
DS1.d380.s0.i4 1.000000 0.911197
DS1.d380.s0.i3 1.000000 0.995341
DS1.d380.s0.i2 1.000000 0.911197
DS1.d380.s0.i1 1.000000 0.995341
DS1.d380.s0.i0 1.000000 0.908146
DS1.d383.s0.i0 1.000000 0.866851
DS1.d383.s0.i1 1.000000 0.973513
DS1.d383.s0.i2 1.000000 0.973513
DS1.d383.s0.i3 1.000000 0.866851
DS1.d382.s0.i0 1.000000 0.634206
DS1.d389.s0.i0 1.000000 0.940442
DS1.d388.s0.i1 -1.000000 -0.676558
DS1.d388.s0.i0 -1.000000 -0.819709
DS1.d415.s0.i2 -1.000000 -0.857286
DS1.d415.s0.i3 -1.000000 -0.567230
DS1.d415.s0.i0 -1.000000 -0.878163
DS1.d415.s0.i1 -1.000000 -0.985795
DS1.d414.s0.i1 1.000000 1.023007
DS1.d414.s0.i0 1.000000 0.908902
DS1.d417.s0.i0 1.000000 0.427990
DS1.d416.s0.i0 1.000000 0.547437
DS1.d411.s0.i0 1.000000 1.029660
DS1.d145.s0.i0 1.000000 0.698561
DS1.d145.s1.i0 1.000000 0.841737
DS1.d144.s0.i0 -1.000000 -0.543726
DS1.d149.s0.i0 -1.000000 -0.480629
DS1.d148.s1.i2 -1.000000 -0.708190
DS1.d148.s1.i3 -1.000000 -0.706561
DS1.d148.s1.i0 -1.000000 -0.680890
DS1.d148.s1.i1 1.000000 0.157248
DS1.d148.s1.i6 -1.000000 -0.631379
DS1.d148.s1.i7 -1.000000 -0.647008
DS1.d148.s1.i4 1.000000 0.085926
DS1.d148.s1.i5 -1.000000 -0.630942
DS1.d148.s0.i24 1.000000 0.573207
DS1.d148.s0.i25 -1.000000 -0.752292
DS1.d148.s0.i26 -1.000000 -0.635563
DS1.d148.s0.i20 1.000000 0.474467
DS1.d148.s0.i21 -1.000000 -0.778293
DS1.d148.s0.i22 1.000000 0.488917
DS1.d148.s0.i23 -1.000000 -0.804741
DS1.d148.s0.i9 1.000000 0.502307
DS1.d148.s0.i8 -1.000000 -0.710118
DS1.d148.s0.i5 -1.000000 -0.724306
DS1.d148.s0.i4 -1.000000 -0.788402
DS1.d148.s0.i7 -1.000000 -0.666740
DS1.d148.s0.i6 -1.000000 -0.753269
DS1.d148.s0.i1 -1.000000 -0.744403
DS1.d148.s0.i0 -1.000000 -0.734654
DS1.d148.s0.i3 -1.000000 -0.731117
DS1.d148.s0.i2 1.000000 0.564462
DS1.d148.s0.i19 1.000000 0.466235
DS1.d148.s0.i18 -1.000000 -0.811093
DS1.d148.s0.i11 1.000000 0.693097
DS1.d148.s0.i10 -1.000000 -0.792096
DS1.d148.s0.i13 1.000000 0.483556
DS1.d148.s0.i12 -1.000000 -0.695167
DS1.d148.s0.i15 -1.000000 -0.576975
DS1.d148.s0.i14 -1.000000 -0.798670
DS1.d148.s0.i17 1.000000 0.457017
DS1.d148.s0.i16 -1.000000 -0.742029
DS1.d419.s0.i0 -1.000000 -0.256613
DS1.d418.s0.i1 1.000000 0.812168
DS1.d418.s0.i0 1.000000 1.004020
DS1.d759.s0.i1 -1.000000 -0.562911
DS1.d759.s0.i0 -1.000000 -0.562911
DS1.d709.s0.i0 1.000000 0.915129
DS1.d663.s0.i1 -1.000000 -0.757306
DS1.d663.s0.i0 -1.000000 -0.909372
DS1.d660.s0.i0 1.000000 0.787251
DS1.d660.s0.i1 1.000000 0.761157
DS1.d661.s0.i0 1.000000 0.997117
DS1.d666.s0.i2 1.000000 0.776878
DS1.d666.s0.i0 1.000000 0.693535
DS1.d666.s0.i1 1.000000 0.785569
DS1.d667.s0.i0 1.000000 0.789903
DS1.d664.s0.i0 -1.000000 -0.782770
DS1.d664.s0.i1 -1.000000 -0.835625
DS1.d664.s0.i2 -1.000000 -0.804526
DS1.d664.s0.i3 -1.000000 -0.817490
DS1.d665.s0.i0 1.000000 1.218349
DS1.d700.s0.i0 1.000000 0.496590
DS1.d703.s0.i0 1.000000 0.985960
DS1.d702.s0.i1 1.000000 0.936290
DS1.d702.s0.i0 1.000000 0.709251
DS1.d702.s0.i2 1.000000 1.019351
DS1.d705.s0.i0 1.000000 0.761353
DS1.d704.s0.i5 -1.000000 0.193154
DS1.d704.s0.i4 1.000000 0.321259
DS1.d704.s0.i3 1.000000 0.313379
DS1.d704.s0.i2 1.000000 0.393862
DS1.d704.s0.i1 1.000000 0.407395
DS1.d704.s0.i0 -1.000000 0.182073
DS1.d707.s0.i0 1.000000 0.404709
DS1.d707.s0.i1 1.000000 0.411337
DS1.d707.s1.i0 1.000000 0.843520
DS1.d706.s0.i0 1.000000 0.759542
DS1.d460.s0.i0 -1.000000 -0.233650
DS1.d460.s1.i0 1.000000 1.069731
DS1.d461.s0.i3 -1.000000 -0.803958
DS1.d461.s0.i2 -1.000000 -0.867588
DS1.d461.s0.i1 -1.000000 -0.815211
DS1.d461.s0.i0 -1.000000 -0.894605
DS1.d462.s0.i0 1.000000 0.888446
DS1.d462.s0.i1 1.000000 0.736389
DS1.d464.s0.i2 1.000000 0.972418
DS1.d464.s0.i3 1.000000 0.924726
DS1.d464.s0.i0 1.000000 0.930825
DS1.d464.s0.i1 1.000000 0.949346
DS1.d464.s1.i0 1.000000 0.719290
DS1.d465.s0.i2 1.000000 0.932805
DS1.d465.s0.i1 1.000000 0.982008
DS1.d465.s0.i0 1.000000 0.847026
DS1.d466.s0.i0 1.000000 0.522053
DS1.d467.s0.i0 1.000000 0.941544
DS1.d468.s0.i0 1.000000 0.472312
DS1.d468.s0.i1 -1.000000 0.148625
DS1.d469.s0.i3 1.000000 0.980479
DS1.d469.s0.i2 1.000000 0.900601
DS1.d469.s0.i1 1.000000 0.935392
DS1.d469.s0.i0 1.000000 1.026060
DS1.d469.s0.i5 1.000000 0.899234
DS1.d469.s0.i4 1.000000 0.854251
DS1.d688.s0.i0 1.000000 0.926208
DS1.d688.s1.i0 -1.000000 -0.297035
DS1.d689.s0.i1 -1.000000 -0.675230
DS1.d689.s0.i0 -1.000000 -0.587661
DS1.d403.s0.i0 -1.000000 -0.516493
DS1.d680.s0.i2 1.000000 1.001441
DS1.d680.s0.i0 1.000000 0.882792
DS1.d680.s0.i1 1.000000 0.863387
DS1.d680.s1.i0 1.000000 0.259015
DS1.d681.s1.i8 1.000000 0.195124
DS1.d681.s1.i0 -1.000000 -0.541955
DS1.d681.s1.i1 -1.000000 -0.447623
DS1.d681.s1.i2 -1.000000 -0.503871
DS1.d681.s1.i3 -1.000000 -0.527110
DS1.d681.s1.i4 1.000000 0.080640
DS1.d681.s1.i5 -1.000000 -0.461813
DS1.d681.s1.i6 1.000000 0.032330
DS1.d681.s1.i7 -1.000000 -0.431864
DS1.d681.s0.i1 1.000000 0.690330
DS1.d681.s0.i0 1.000000 0.906900
DS1.d682.s0.i0 1.000000 0.850286
DS1.d682.s0.i1 1.000000 0.646932
DS1.d682.s0.i2 1.000000 0.814499
DS1.d683.s0.i5 -1.000000 -0.885518
DS1.d683.s0.i4 -1.000000 -0.863712
DS1.d683.s0.i1 -1.000000 -0.933375
DS1.d683.s0.i0 -1.000000 -0.870792
DS1.d683.s0.i3 -1.000000 -0.942796
DS1.d683.s0.i2 -1.000000 -0.878617
DS1.d684.s0.i2 -1.000000 -0.315432
DS1.d684.s0.i3 1.000000 0.474345
DS1.d684.s0.i0 -1.000000 -0.448455
DS1.d684.s0.i1 1.000000 0.238017
DS1.d400.s0.i0 1.000000 0.937530
DS1.d400.s0.i1 1.000000 0.704559
DS1.d686.s0.i0 1.000000 0.717974
DS1.d686.s0.i1 1.000000 0.833713
DS1.d685.s1.i0 1.000000 1.072411
DS1.d685.s1.i1 1.000000 0.748840
DS1.d685.s1.i2 1.000000 1.051963
DS1.d685.s0.i2 1.000000 0.969755
DS1.d685.s0.i1 1.000000 0.861228
DS1.d685.s0.i0 1.000000 0.934766
DS1.d49.s0.i2 -1.000000 -0.804983
DS1.d49.s0.i3 -1.000000 -0.792660
DS1.d49.s0.i0 -1.000000 -0.853714
DS1.d49.s0.i1 -1.000000 -0.869428
DS1.d49.s1.i1 1.000000 0.272059
DS1.d49.s1.i0 1.000000 0.375888
DS1.d49.s1.i3 1.000000 0.351795
DS1.d49.s1.i2 -1.000000 0.331168
DS1.d49.s2.i0 1.000000 0.942755
DS1.d49.s2.i1 1.000000 0.896883
DS1.d401.s0.i1 1.000000 0.725641
DS1.d401.s0.i0 1.000000 0.832575
DS1.d41.s0.i0 1.000000 0.843910
DS1.d41.s0.i1 1.000000 0.740734
DS1.d154.s0.i0 1.000000 0.797840
DS1.d154.s0.i1 1.000000 0.661584
DS1.d43.s0.i0 1.000000 0.835503
DS1.d42.s0.i0 1.000000 0.671923
DS1.d45.s0.i0 -1.000000 -0.749403
DS1.d45.s0.i1 -1.000000 -0.749403
DS1.d44.s0.i17 -1.000000 -0.669109
DS1.d44.s0.i16 1.000000 0.289776
DS1.d44.s0.i15 -1.000000 -0.622271
DS1.d44.s0.i14 -1.000000 -0.741992
DS1.d44.s0.i13 -1.000000 -0.707458
DS1.d44.s0.i12 -1.000000 -0.617276
DS1.d44.s0.i11 -1.000000 -0.711759
DS1.d44.s0.i10 1.000000 0.293686
DS1.d44.s0.i9 1.000000 0.318946
DS1.d44.s0.i8 1.000000 0.272585
DS1.d44.s0.i7 -1.000000 -0.689728
DS1.d44.s0.i6 -1.000000 -0.642306
DS1.d44.s0.i5 1.000000 0.270834
DS1.d44.s0.i4 -1.000000 -0.650454
DS1.d44.s0.i3 -1.000000 -0.712898
DS1.d44.s0.i2 -1.000000 -0.735048
DS1.d44.s0.i1 1.000000 0.293199
DS1.d44.s0.i0 -1.000000 -0.628318
DS1.d47.s0.i0 1.000000 0.714534
DS1.d47.s0.i1 1.000000 0.859200
DS1.d407.s0.i0 -1.000000 -0.194343
DS1.d721.s0.i4 -1.000000 -0.478792
DS1.d721.s0.i5 1.000000 -0.089815
DS1.d721.s0.i0 -1.000000 -0.275427
DS1.d721.s0.i1 -1.000000 -0.429011
DS1.d721.s0.i2 -1.000000 -0.343637
DS1.d721.s0.i3 1.000000 -0.075908
DS1.d569.s0.i0 1.000000 0.402602
DS1.d569.s0.i1 -1.000000 0.077933
DS1.d568.s2.i0 1.000000 -0.072581
DS1.d568.s1.i0 1.000000 0.859588
DS1.d568.s0.i4 1.000000 0.936355
DS1.d568.s0.i3 1.000000 0.933003
DS1.d568.s0.i2 1.000000 0.871315
DS1.d568.s0.i1 1.000000 0.909729
DS1.d568.s0.i0 1.000000 0.860407
DS1.d565.s0.i0 1.000000 0.711260
DS1.d564.s0.i1 -1.000000 -0.637120
DS1.d564.s0.i0 -1.000000 -0.877965
DS1.d567.s0.i0 1.000000 0.617184
DS1.d567.s0.i1 1.000000 1.197796
DS1.d567.s1.i2 1.000000 0.508810
DS1.d567.s1.i1 -1.000000 0.233427
DS1.d567.s1.i0 1.000000 0.513611
DS1.d405.s4.i1 1.000000 0.870385
DS1.d405.s4.i0 1.000000 0.936594
DS1.d405.s4.i2 1.000000 0.936594
DS1.d405.s1.i2 -1.000000 -0.316901
DS1.d405.s1.i3 1.000000 0.277459
DS1.d405.s1.i0 -1.000000 -0.355876
DS1.d405.s1.i1 1.000000 0.404494
DS1.d405.s0.i1 1.000000 0.948230
DS1.d405.s0.i0 1.000000 0.936807
DS1.d405.s3.i0 1.000000 0.807448
DS1.d405.s3.i1 1.000000 0.721444
DS1.d405.s2.i1 1.000000 1.115986
DS1.d405.s2.i0 1.000000 0.845495
DS1.d561.s0.i0 -1.000000 -0.032331
DS1.d560.s0.i3 1.000000 0.912867
DS1.d560.s0.i2 1.000000 0.994294
DS1.d560.s0.i1 1.000000 0.931927
DS1.d560.s0.i0 1.000000 1.009645
DS1.d563.s0.i0 1.000000 0.860922
DS1.d563.s0.i1 1.000000 0.924046
DS1.d563.s0.i2 1.000000 0.804463
DS1.d563.s0.i3 1.000000 0.803738
DS1.d563.s0.i4 1.000000 1.048232
DS1.d563.s0.i5 1.000000 1.083551
DS1.d563.s0.i6 1.000000 0.763069
DS1.d563.s0.i7 1.000000 0.866762
DS1.d562.s1.i0 1.000000 0.875967
DS1.d562.s0.i0 -1.000000 0.409800
DS1.d204.s0.i0 1.000000 1.055866
DS1.d204.s0.i1 1.000000 0.779024
DS1.d205.s0.i2 -1.000000 -0.751603
DS1.d205.s0.i1 -1.000000 -0.865596
DS1.d205.s0.i0 -1.000000 -0.869688
DS1.d369.s0.i0 1.000000 0.453815
DS1.d369.s1.i0 1.000000 0.796863
DS1.d368.s0.i0 -1.000000 -0.049704
DS1.d200.s0.i0 1.000000 0.497707
DS1.d200.s0.i1 -1.000000 -0.273016
DS1.d6.s0.i0 1.000000 0.797519
DS1.d203.s0.i1 1.000000 0.848453
DS1.d203.s0.i0 1.000000 0.825476
DS1.d363.s0.i0 1.000000 0.979587
DS1.d363.s0.i1 1.000000 0.892569
DS1.d361.s2.i0 1.000000 0.215297
DS1.d361.s2.i1 -1.000000 0.139486
DS1.d361.s0.i0 -1.000000 -0.540363
DS1.d361.s1.i1 -1.000000 -0.243546
DS1.d361.s1.i0 1.000000 0.244491
DS1.d7.s1.i0 1.000000 0.750699
DS1.d7.s1.i1 1.000000 0.915068
DS1.d7.s0.i1 1.000000 1.020436
DS1.d7.s0.i0 1.000000 0.982449
DS1.d7.s0.i3 1.000000 0.959881
DS1.d7.s0.i2 1.000000 1.011635
DS1.d7.s2.i1 -1.000000 -0.469150
DS1.d7.s2.i0 -1.000000 -0.571679
DS1.d208.s0.i0 1.000000 0.795836
DS1.d208.s0.i1 1.000000 0.780509
DS1.d209.s1.i0 -1.000000 -0.663535
DS1.d209.s1.i1 -1.000000 -0.752819
DS1.d209.s1.i2 -1.000000 -0.964044
DS1.d209.s0.i2 -1.000000 -0.840943
DS1.d209.s0.i1 -1.000000 -0.812650
DS1.d209.s0.i0 -1.000000 -0.648831
DS1.d365.s0.i0 1.000000 1.090917
DS1.d365.s0.i1 1.000000 0.843033
DS1.d365.s1.i2 1.000000 0.942485
DS1.d365.s1.i1 1.000000 0.711539
DS1.d365.s1.i0 1.000000 0.722066
DS1.d364.s1.i0 1.000000 1.009093
DS1.d364.s0.i1 -1.000000 -0.660801
DS1.d364.s0.i0 -1.000000 -0.622141
DS1.d364.s2.i0 1.000000 0.794000
DS1.d8.s0.i0 1.000000 0.951493
DS1.d40.s0.i0 1.000000 0.766057
DS1.d9.s0.i0 1.000000 1.037844
DS1.d259.s0.i0 1.000000 0.453196
DS1.d518.s0.i0 1.000000 1.296158
DS1.d519.s2.i1 -1.000000 0.170725
DS1.d519.s2.i0 1.000000 -0.039829
DS1.d519.s1.i0 1.000000 0.926666
DS1.d519.s0.i3 1.000000 0.974768
DS1.d519.s0.i2 1.000000 0.881954
DS1.d519.s0.i1 1.000000 0.942673
DS1.d519.s0.i0 1.000000 0.897332
DS1.d557.s0.i0 1.000000 0.931488
DS1.d510.s0.i0 1.000000 0.991216
DS1.d510.s0.i1 1.000000 1.182447
DS1.d510.s1.i0 1.000000 0.319440
DS1.d510.s2.i0 1.000000 0.955762
DS1.d511.s0.i1 -1.000000 -0.747581
DS1.d511.s0.i0 -1.000000 -0.703661
DS1.d513.s0.i0 1.000000 0.778195
DS1.d515.s1.i0 -1.000000 -0.507097
DS1.d515.s1.i1 -1.000000 -0.546468
DS1.d515.s0.i1 -1.000000 -0.702763
DS1.d515.s0.i0 -1.000000 -0.717407
DS1.d516.s0.i0 1.000000 0.621747
DS1.d516.s0.i1 1.000000 0.562198
DS1.d517.s0.i1 1.000000 0.832580
DS1.d517.s0.i0 1.000000 0.909290
DS1.d109.s0.i0 1.000000 0.184009
DS1.d109.s0.i1 1.000000 0.104939
DS1.d109.s0.i2 -1.000000 -0.197536
DS1.d109.s0.i3 1.000000 0.066860
DS1.d109.s0.i4 -1.000000 -0.310902
DS1.d109.s0.i5 -1.000000 -0.348522
DS1.d108.s1.i0 -1.000000 -0.838567
DS1.d108.s1.i1 -1.000000 -0.831567
DS1.d108.s0.i1 1.000000 0.919768
DS1.d108.s0.i0 1.000000 0.814383
DS1.d108.s0.i3 1.000000 0.888391
DS1.d108.s0.i2 1.000000 1.028889
DS1.d108.s0.i5 1.000000 0.918738
DS1.d108.s0.i4 1.000000 0.875872
DS1.d108.s0.i7 1.000000 0.916880
DS1.d108.s0.i6 1.000000 0.929754
DS1.d108.s3.i0 -1.000000 -0.737202
DS1.d108.s3.i1 -1.000000 -0.840155
DS1.d108.s2.i0 -1.000000 -0.712772
DS1.d107.s0.i2 -1.000000 -0.783529
DS1.d107.s0.i0 -1.000000 -1.052636
DS1.d107.s0.i1 -1.000000 -0.996084
DS1.d105.s0.i0 -1.000000 -0.606006
DS1.d105.s0.i1 -1.000000 -0.606006
DS1.d104.s0.i0 -1.000000 -0.234645
DS1.d103.s0.i0 -1.000000 -0.677000
DS1.d102.s0.i2 1.000000 0.710893
DS1.d102.s0.i1 1.000000 0.909192
DS1.d102.s0.i0 1.000000 0.764337
DS1.d101.s0.i0 1.000000 0.521025
DS1.d100.s1.i0 1.000000 0.811148
DS1.d100.s1.i1 1.000000 0.874872
DS1.d100.s0.i0 1.000000 1.060675
DS1.d257.s0.i2 -1.000000 -0.145917
DS1.d257.s0.i0 1.000000 -0.009479
DS1.d257.s0.i1 -1.000000 -0.235279
DS1.d257.s1.i0 1.000000 0.785922
DS1.d257.s2.i0 1.000000 0.717832
DS1.d257.s3.i0 1.000000 0.442612
DS1.d256.s0.i3 -1.000000 -0.423671
DS1.d256.s0.i2 1.000000 -0.261055
DS1.d256.s0.i1 -1.000000 -0.512800
DS1.d256.s0.i0 -1.000000 -0.400003
DS1.d254.s1.i0 -1.000000 -0.802681
DS1.d254.s1.i1 -1.000000 -0.823568
DS1.d254.s0.i1 1.000000 0.887186
DS1.d254.s0.i0 1.000000 0.897932
DS1.d254.s2.i1 1.000000 0.241845
DS1.d254.s2.i0 -1.000000 0.064107
DS1.d566.s0.i1 1.000000 0.488767
DS1.d566.s0.i0 1.000000 0.770957
DS1.d780.s0.i2 -1.000000 -0.785458
DS1.d780.s0.i1 -1.000000 -0.854074
DS1.d780.s0.i0 -1.000000 -0.767215
DS1.d745.s0.i0 -1.000000 -0.603167
DS1.d745.s0.i1 -1.000000 -0.567158
DS1.d744.s0.i1 -1.000000 -0.753756
DS1.d744.s0.i0 -1.000000 -0.772719
DS1.d747.s0.i0 1.000000 0.875116
DS1.d747.s0.i1 1.000000 0.802555
DS1.d747.s0.i2 1.000000 0.875116
DS1.d747.s0.i3 1.000000 0.802555
DS1.d746.s0.i0 1.000000 0.977297
DS1.d741.s0.i0 1.000000 0.885740
DS1.d740.s0.i1 1.000000 0.733216
DS1.d740.s0.i0 1.000000 0.870151
DS1.d743.s0.i0 1.000000 1.057333
DS1.d742.s0.i1 1.000000 0.919291
DS1.d742.s0.i0 1.000000 1.132288
DS1.d424.s0.i0 1.000000 0.923452
DS1.d425.s0.i1 -1.000000 -0.950227
DS1.d425.s0.i0 -1.000000 -0.870199
DS1.d426.s0.i0 1.000000 0.754330
DS1.d427.s0.i1 1.000000 0.677314
DS1.d427.s0.i0 1.000000 0.631536
DS1.d749.s0.i0 1.000000 0.971014
DS1.d749.s0.i1 1.000000 0.923237
DS1.d749.s1.i1 1.000000 0.792666
DS1.d749.s1.i0 1.000000 1.053537
DS1.d749.s2.i0 1.000000 0.557285
DS1.d749.s2.i1 1.000000 0.866066
DS1.d749.s2.i2 1.000000 1.163836
DS1.d749.s3.i0 -1.000000 -0.461815
DS1.d206.s0.i4 1.000000 0.968132
DS1.d206.s0.i5 1.000000 0.895708
DS1.d206.s0.i6 1.000000 0.906523
DS1.d206.s0.i7 1.000000 0.978897
DS1.d206.s0.i0 1.000000 0.924525
DS1.d206.s0.i1 1.000000 0.972503
DS1.d206.s0.i2 1.000000 0.914183
DS1.d206.s0.i3 1.000000 0.940346
DS1.d423.s1.i0 -1.000000 0.287833
DS1.d423.s1.i1 1.000000 0.438782
DS1.d423.s0.i1 1.000000 0.871440
DS1.d423.s0.i0 1.000000 0.755576
DS1.d207.s0.i0 1.000000 0.661442
DS1.d367.s0.i2 -1.000000 -0.123315
DS1.d367.s0.i0 1.000000 -0.123788
DS1.d367.s0.i1 -1.000000 -0.230388
DS1.d589.s0.i0 1.000000 0.643966
DS1.d589.s0.i1 1.000000 0.444863
DS1.d589.s0.i2 1.000000 0.444863
DS1.d589.s0.i3 1.000000 0.643966
DS1.d201.s0.i8 1.000000 1.072031
DS1.d201.s0.i7 1.000000 0.865238
DS1.d201.s0.i6 1.000000 1.033315
DS1.d201.s0.i5 1.000000 1.009060
DS1.d201.s0.i4 1.000000 0.918999
DS1.d201.s0.i3 1.000000 0.830158
DS1.d201.s0.i2 1.000000 0.849864
DS1.d201.s0.i1 1.000000 1.018833
DS1.d201.s0.i0 1.000000 1.028491
DS1.d366.s0.i1 1.000000 0.900054
DS1.d366.s0.i0 1.000000 0.714822
DS1.d639.s0.i0 -1.000000 -0.438697
DS1.d638.s0.i3 1.000000 0.847351
DS1.d638.s0.i2 1.000000 0.797893
DS1.d638.s0.i1 1.000000 0.845234
DS1.d638.s0.i0 1.000000 0.808866
DS1.d360.s1.i0 -1.000000 -0.024299
DS1.d360.s0.i1 -1.000000 0.532357
DS1.d360.s0.i0 -1.000000 0.524788
DS1.d631.s0.i0 1.000000 0.665269
DS1.d631.s0.i1 1.000000 0.903246
DS1.d630.s0.i1 -1.000000 -0.836480
DS1.d630.s0.i0 -1.000000 -0.682249
DS1.d633.s2.i0 1.000000 0.861478
DS1.d633.s2.i1 1.000000 0.913720
DS1.d633.s3.i1 1.000000 1.081385
DS1.d633.s3.i0 1.000000 1.097751
DS1.d633.s0.i0 1.000000 0.911282
DS1.d633.s0.i1 1.000000 0.820141
DS1.d633.s0.i2 1.000000 0.990850
DS1.d633.s0.i3 1.000000 0.938185
DS1.d633.s1.i3 1.000000 0.874337
DS1.d633.s1.i2 1.000000 0.927767
DS1.d633.s1.i1 1.000000 0.946056
DS1.d633.s1.i0 1.000000 0.919034
DS1.d632.s1.i0 1.000000 0.961146
DS1.d632.s1.i1 1.000000 0.952351
DS1.d632.s0.i1 -1.000000 -0.644605
DS1.d632.s0.i0 -1.000000 -0.612462
DS1.d635.s0.i0 1.000000 1.078943
DS1.d635.s0.i1 1.000000 0.776254
DS1.d634.s0.i7 1.000000 0.872686
DS1.d634.s0.i6 1.000000 0.938632
DS1.d634.s0.i5 1.000000 0.826825
DS1.d634.s0.i4 1.000000 0.909644
DS1.d634.s0.i3 1.000000 0.947115
DS1.d634.s0.i2 1.000000 0.856283
DS1.d634.s0.i1 1.000000 0.846548
DS1.d634.s0.i0 1.000000 0.983242
DS1.d637.s0.i0 1.000000 0.872263
DS1.d636.s0.i1 1.000000 0.081203
DS1.d636.s0.i0 -1.000000 -0.068406
DS1.d730.s0.i0 1.000000 0.557089
DS1.d731.s2.i0 1.000000 0.650590
DS1.d731.s1.i0 -1.000000 -0.338635
DS1.d731.s1.i1 -1.000000 -0.338635
DS1.d731.s1.i2 1.000000 0.093046
DS1.d731.s0.i0 -1.000000 0.346268
DS1.d325.s0.i0 1.000000 1.117942
DS1.d325.s0.i1 1.000000 0.679331
DS1.d324.s0.i0 -1.000000 -0.501112
DS1.d734.s0.i2 1.000000 0.911687
DS1.d734.s0.i3 1.000000 0.795547
DS1.d734.s0.i0 1.000000 0.916211
DS1.d734.s0.i1 1.000000 0.969992
DS1.d322.s1.i0 -1.000000 -0.434747
DS1.d322.s1.i1 -1.000000 -0.385180
DS1.d322.s0.i0 1.000000 1.027423
DS1.d736.s0.i0 1.000000 0.799568
DS1.d737.s1.i0 -1.000000 -0.190106
DS1.d737.s1.i1 1.000000 0.275249
DS1.d737.s0.i1 -1.000000 -0.590300
DS1.d737.s0.i0 -1.000000 -0.747447
DS1.d737.s0.i2 -1.000000 -0.599059
DS1.d738.s0.i0 1.000000 0.796451
DS1.d738.s0.i1 1.000000 0.964119
DS1.d738.s1.i0 1.000000 0.789013
DS1.d739.s1.i0 1.000000 0.690335
DS1.d739.s1.i1 1.000000 0.997696
DS1.d739.s1.i2 1.000000 0.746816
DS1.d739.s1.i3 1.000000 1.056230
DS1.d739.s1.i4 1.000000 0.765328
DS1.d739.s1.i5 1.000000 1.035120
DS1.d739.s1.i6 1.000000 0.857319
DS1.d739.s1.i7 1.000000 0.990237
DS1.d739.s0.i3 1.000000 1.036674
DS1.d739.s0.i2 1.000000 0.671605
DS1.d739.s0.i1 1.000000 0.966856
DS1.d739.s0.i0 1.000000 0.685646
DS1.d329.s0.i0 1.000000 -0.013951
DS1.d328.s1.i0 1.000000 0.958567
DS1.d328.s1.i1 1.000000 1.005987
DS1.d328.s0.i0 -1.000000 -0.795048
DS1.d811.s0.i0 1.000000 0.898737
DS1.d811.s1.i1 1.000000 1.023066
DS1.d811.s1.i0 1.000000 1.044381
DS1.d810.s3.i0 1.000000 0.941486
DS1.d810.s2.i1 1.000000 0.849441
DS1.d810.s2.i0 1.000000 1.017199
DS1.d810.s1.i0 1.000000 0.963197
DS1.d810.s1.i1 1.000000 1.077249
DS1.d810.s1.i2 1.000000 0.707974
DS1.d810.s1.i3 1.000000 0.643612
DS1.d810.s0.i3 1.000000 0.839425
DS1.d810.s0.i2 1.000000 0.844860
DS1.d810.s0.i1 1.000000 0.823167
DS1.d810.s0.i0 1.000000 0.934499
DS1.d810.s0.i5 1.000000 0.836002
DS1.d810.s0.i4 1.000000 0.933178
DS1.d813.s0.i0 -1.000000 0.263654
DS1.d812.s0.i1 -1.000000 -0.444103
DS1.d812.s0.i0 -1.000000 -0.934332
DS1.d812.s0.i2 -1.000000 -1.007866
DS1.d815.s0.i2 1.000000 0.967232
DS1.d815.s0.i0 1.000000 0.920165
DS1.d815.s0.i1 1.000000 0.650524
DS1.d814.s1.i0 -1.000000 -0.880447
DS1.d814.s1.i1 -1.000000 -0.921075
DS1.d814.s0.i2 -1.000000 -0.226947
DS1.d814.s0.i1 -1.000000 -0.211185
DS1.d814.s0.i0 -1.000000 -0.044120
DS1.d816.s0.i1 -1.000000 -0.440639
DS1.d816.s0.i0 1.000000 0.225860
DS1.d816.s0.i3 1.000000 0.218822
DS1.d816.s0.i2 -1.000000 0.102054
DS1.d816.s0.i5 1.000000 0.497077
DS1.d816.s0.i4 -1.000000 -0.448970
DS1.d819.s0.i0 -1.000000 -0.548380
DS1.d819.s0.i1 -1.000000 -0.815546
DS1.d818.s3.i2 1.000000 0.814972
DS1.d818.s3.i0 1.000000 0.814972
DS1.d818.s3.i1 1.000000 0.814972
DS1.d818.s2.i1 1.000000 0.850695
DS1.d818.s2.i0 1.000000 0.996559
DS1.d818.s2.i3 1.000000 0.996559
DS1.d818.s2.i2 1.000000 0.850695
DS1.d818.s2.i5 1.000000 0.850695
DS1.d818.s2.i4 1.000000 0.996559
DS1.d818.s1.i0 1.000000 0.851122
DS1.d818.s1.i1 1.000000 0.947539
DS1.d818.s1.i2 1.000000 0.851122
DS1.d818.s1.i3 1.000000 0.851122
DS1.d818.s1.i4 1.000000 0.947539
DS1.d818.s1.i5 1.000000 0.947539
DS1.d818.s0.i3 1.000000 0.944551
DS1.d818.s0.i2 1.000000 0.838297
DS1.d818.s0.i1 1.000000 0.885964
DS1.d818.s0.i0 1.000000 0.885964
DS1.d92.s0.i0 1.000000 0.433016
DS1.d92.s1.i0 1.000000 0.350640
DS1.d92.s2.i0 1.000000 0.667880
DS1.d92.s3.i0 1.000000 0.894462
DS1.d93.s0.i0 1.000000 0.677125
DS1.d90.s0.i0 -1.000000 -0.771832
DS1.d90.s0.i1 -1.000000 -0.689039
DS1.d90.s1.i5 1.000000 1.014712
DS1.d90.s1.i4 1.000000 0.933539
DS1.d90.s1.i3 1.000000 0.875274
DS1.d90.s1.i2 1.000000 1.023256
DS1.d90.s1.i1 1.000000 1.087475
DS1.d90.s1.i0 1.000000 1.056921
DS1.d91.s0.i5 1.000000 -0.489004
DS1.d91.s0.i4 -1.000000 -0.441468
DS1.d91.s0.i1 -1.000000 -0.792652
DS1.d91.s0.i0 -1.000000 -0.631397
DS1.d91.s0.i3 -1.000000 -0.691947
DS1.d91.s0.i2 -1.000000 -0.606133
DS1.d96.s0.i2 -1.000000 -0.343297
DS1.d96.s0.i3 1.000000 0.261314
DS1.d96.s0.i0 -1.000000 -0.283840
DS1.d96.s0.i1 1.000000 0.333161
DS1.d96.s1.i1 1.000000 0.814146
DS1.d96.s1.i0 1.000000 0.925043
DS1.d97.s0.i0 1.000000 0.713956
DS1.d94.s2.i0 -1.000000 -0.670717
DS1.d94.s0.i0 -1.000000 -0.320750
DS1.d94.s1.i2 -1.000000 -0.546544
DS1.d94.s1.i1 -1.000000 -0.683033
DS1.d94.s1.i0 -1.000000 -0.650176
DS1.d95.s0.i1 -1.000000 -0.725861
DS1.d95.s0.i0 -1.000000 -0.848023
DS1.d95.s0.i3 -1.000000 -0.982078
DS1.d95.s0.i2 -1.000000 -0.757798
DS1.d98.s0.i4 1.000000 0.892091
DS1.d98.s0.i5 1.000000 0.883347
DS1.d98.s0.i0 1.000000 0.947482
DS1.d98.s0.i1 1.000000 0.957096
DS1.d98.s0.i2 1.000000 1.053679
DS1.d98.s0.i3 1.000000 0.848706
DS1.d98.s1.i2 -1.000000 -1.036358
DS1.d98.s1.i1 -1.000000 -0.799867
DS1.d98.s1.i0 -1.000000 -0.888642
DS1.d99.s0.i0 1.000000 0.922813
DS1.d413.s0.i0 -1.000000 0.031176
DS1.d413.s0.i1 -1.000000 0.088700
DS1.d413.s0.i2 1.000000 0.248535
DS1.d413.s0.i3 1.000000 0.098873
DS1.d626.s0.i0 1.000000 1.174332
DS1.d626.s1.i0 1.000000 0.967412
DS1.d626.s2.i0 1.000000 1.181823
DS1.d626.s3.i0 1.000000 0.945714
DS1.d624.s2.i2 1.000000 0.975110
DS1.d624.s2.i0 1.000000 0.890988
DS1.d624.s2.i1 1.000000 0.897507
DS1.d624.s3.i1 1.000000 0.563778
DS1.d624.s3.i0 1.000000 0.445867
DS1.d624.s3.i3 1.000000 0.670044
DS1.d624.s3.i2 -1.000000 0.271764
DS1.d624.s0.i0 1.000000 0.956799
DS1.d624.s0.i1 1.000000 0.930178
DS1.d624.s0.i2 1.000000 1.015726
DS1.d624.s0.i3 1.000000 0.960262
DS1.d624.s1.i7 -1.000000 -0.171185
DS1.d624.s1.i6 -1.000000 -0.300063
DS1.d624.s1.i5 1.000000 0.407586
DS1.d624.s1.i4 -1.000000 -0.343088
DS1.d624.s1.i3 1.000000 0.128500
DS1.d624.s1.i2 -1.000000 -0.126584
DS1.d624.s1.i1 1.000000 0.356938
DS1.d624.s1.i0 1.000000 0.169621
DS1.d624.s4.i0 1.000000 0.670097
DS1.d624.s4.i1 1.000000 0.890195
DS1.d624.s4.i2 1.000000 0.979850
DS1.d554.s0.i2 1.000000 0.863037
DS1.d554.s0.i0 1.000000 0.827572
DS1.d554.s0.i1 1.000000 0.806139
DS1.d555.s1.i0 -1.000000 -0.509214
DS1.d555.s0.i0 1.000000 0.653870
DS1.d556.s0.i0 -1.000000 -0.378741
DS1.d337.s0.i1 1.000000 0.816034
DS1.d337.s0.i0 1.000000 0.719251
DS1.d550.s0.i6 -1.000000 -0.937871
DS1.d550.s0.i7 -1.000000 -0.868536
DS1.d550.s0.i4 -1.000000 -0.897946
DS1.d550.s0.i5 -1.000000 -1.036553
DS1.d550.s0.i2 -1.000000 -0.914471
DS1.d550.s0.i3 -1.000000 -0.813508
DS1.d550.s0.i0 -1.000000 -1.063793
DS1.d550.s0.i1 -1.000000 -1.023315
DS1.d550.s0.i8 -1.000000 -0.843414
DS1.d552.s0.i0 1.000000 0.838508
DS1.d552.s0.i1 1.000000 0.922721
DS1.d552.s0.i2 1.000000 0.984587
DS1.d552.s0.i3 1.000000 0.816547
DS1.d553.s0.i1 1.000000 0.833291
DS1.d553.s0.i0 1.000000 0.911987
DS1.d253.s0.i0 1.000000 0.944472
DS1.d253.s1.i5 1.000000 0.869825
DS1.d253.s1.i4 1.000000 0.964039
DS1.d253.s1.i7 1.000000 0.920360
DS1.d253.s1.i6 1.000000 0.800921
DS1.d253.s1.i1 1.000000 0.978184
DS1.d253.s1.i0 1.000000 0.936952
DS1.d253.s1.i3 1.000000 1.022633
DS1.d253.s1.i2 1.000000 0.868598
DS1.d253.s2.i0 1.000000 0.984978
DS1.d252.s2.i1 1.000000 0.924953
DS1.d252.s2.i0 1.000000 0.902079
DS1.d252.s2.i2 1.000000 0.953709
DS1.d252.s1.i0 1.000000 1.040284
DS1.d252.s1.i1 1.000000 0.860395
DS1.d252.s1.i2 1.000000 0.819370
DS1.d252.s0.i0 1.000000 0.592334
DS1.d251.s0.i4 1.000000 0.916381
DS1.d251.s0.i5 1.000000 0.887985
DS1.d251.s0.i6 1.000000 0.673783
DS1.d251.s0.i7 1.000000 0.923699
DS1.d251.s0.i0 1.000000 0.955575
DS1.d251.s0.i1 1.000000 0.906202
DS1.d251.s0.i2 1.000000 0.676224
DS1.d251.s0.i3 1.000000 0.852234
DS1.d251.s0.i8 1.000000 0.928755
DS1.d250.s1.i0 1.000000 1.096172
DS1.d250.s0.i1 1.000000 0.940488
DS1.d250.s0.i0 1.000000 0.949750
DS1.d558.s0.i0 -1.000000 -0.533926
DS1.d558.s1.i1 -1.000000 -0.343366
DS1.d558.s1.i0 1.000000 -0.067839
DS1.d559.s0.i3 -1.000000 -1.006333
DS1.d559.s0.i2 -1.000000 -0.875553
DS1.d559.s0.i1 -1.000000 -0.919748
DS1.d559.s0.i0 -1.000000 -0.994418
DS1.d255.s0.i0 -1.000000 -0.851091
DS1.d255.s0.i1 -1.000000 -0.927407
DS1.d331.s0.i3 -1.000000 -0.092362
DS1.d331.s0.i2 1.000000 0.147697
DS1.d331.s0.i1 1.000000 0.210760
DS1.d331.s0.i0 -1.000000 -0.170677
DS1.d620.s0.i20 -1.000000 -1.018178
DS1.d620.s0.i11 -1.000000 -1.056492
DS1.d620.s0.i15 -1.000000 -1.055159
DS1.d620.s0.i10 -1.000000 -0.851920
DS1.d620.s0.i16 -1.000000 -1.020852
DS1.d620.s0.i12 -1.000000 -1.061375
DS1.d620.s0.i17 -1.000000 -0.819506
DS1.d620.s0.i8 -1.000000 -0.901974
DS1.d620.s0.i9 -1.000000 -0.976479
DS1.d620.s0.i18 -1.000000 -0.855294
DS1.d620.s0.i19 -1.000000 -1.072889
DS1.d620.s0.i14 -1.000000 -1.094959
DS1.d620.s0.i13 -1.000000 -0.888622
DS1.d620.s0.i0 -1.000000 -0.903829
DS1.d620.s0.i1 -1.000000 -1.040930
DS1.d620.s0.i2 -1.000000 -1.080767
DS1.d620.s0.i3 -1.000000 -1.026596
DS1.d620.s0.i4 -1.000000 -1.047538
DS1.d620.s0.i5 -1.000000 -0.888494
DS1.d620.s0.i6 -1.000000 -1.080970
DS1.d620.s0.i7 -1.000000 -1.038695
DS1.d620.s1.i0 -1.000000 -0.294088
DS1.d621.s4.i1 1.000000 0.266312
DS1.d621.s4.i0 -1.000000 -0.218159
DS1.d621.s1.i0 1.000000 0.703344
DS1.d621.s0.i1 1.000000 1.102759
DS1.d621.s0.i0 1.000000 0.625038
DS1.d621.s3.i0 1.000000 0.596574
DS1.d621.s2.i1 1.000000 0.433158
DS1.d621.s2.i0 -1.000000 0.399562
DS1.d657.s0.i0 -1.000000 -0.293846
DS1.d476.s0.i1 1.000000 1.034539
DS1.d476.s0.i0 1.000000 1.052029
DS1.d656.s0.i2 -1.000000 -0.570708
DS1.d656.s0.i1 -1.000000 -0.726954
DS1.d656.s0.i0 -1.000000 -0.733733
DS1.d655.s0.i0 1.000000 0.726335
DS1.d655.s0.i1 1.000000 0.619117
DS1.d655.s1.i2 -1.000000 -0.346431
DS1.d655.s1.i1 1.000000 -0.121875
DS1.d655.s1.i0 -1.000000 -0.403751
DS1.d654.s1.i0 1.000000 0.815369
DS1.d654.s0.i0 1.000000 1.194119
DS1.d653.s0.i2 1.000000 0.910944
DS1.d653.s0.i0 1.000000 0.817392
DS1.d653.s0.i1 1.000000 0.909919
DS1.d652.s2.i1 -1.000000 -0.796626
DS1.d652.s2.i0 -1.000000 -0.706452
DS1.d652.s1.i4 -1.000000 -0.407980
DS1.d652.s1.i5 -1.000000 -0.410489
DS1.d652.s1.i6 1.000000 0.532847
DS1.d652.s1.i7 1.000000 0.344738
DS1.d652.s1.i0 1.000000 0.424343
DS1.d652.s1.i1 -1.000000 -0.399664
DS1.d652.s1.i2 -1.000000 -0.396278
DS1.d652.s1.i3 1.000000 0.321030
DS1.d652.s0.i1 -1.000000 0.079103
DS1.d652.s0.i0 1.000000 0.420185
DS1.d651.s0.i0 -1.000000 -0.886365
DS1.d650.s1.i0 1.000000 0.804546
DS1.d650.s1.i1 1.000000 0.849892
DS1.d650.s0.i0 1.000000 1.031068
DS1.d650.s3.i0 1.000000 0.782396
DS1.d650.s3.i1 1.000000 0.857592
DS1.d650.s2.i1 1.000000 0.989913
DS1.d650.s2.i0 1.000000 0.883221
DS1.d176.s0.i2 1.000000 0.870282
DS1.d176.s0.i0 1.000000 0.729563
DS1.d176.s0.i1 1.000000 0.640967
DS1.d177.s0.i3 -1.000000 -0.937502
DS1.d177.s0.i2 -1.000000 -0.603736
DS1.d177.s0.i1 -1.000000 -0.717796
DS1.d177.s0.i0 -1.000000 -1.012355
DS1.d177.s0.i7 -1.000000 -0.932782
DS1.d177.s0.i6 -1.000000 -0.813031
DS1.d177.s0.i5 -1.000000 -1.155391
DS1.d177.s0.i4 -1.000000 -1.108717
DS1.d174.s0.i0 -1.000000 -1.244089
DS1.d174.s0.i1 -1.000000 -0.405756
DS1.d174.s0.i2 -1.000000 -1.133991
DS1.d174.s0.i3 -1.000000 -1.133872
DS1.d175.s1.i0 1.000000 0.761825
DS1.d175.s0.i1 1.000000 0.807020
DS1.d175.s0.i0 1.000000 0.896975
DS1.d172.s0.i0 -1.000000 -0.152217
DS1.d172.s0.i1 1.000000 0.279269
DS1.d173.s0.i0 1.000000 0.579838
DS1.d171.s1.i0 1.000000 0.868322
DS1.d171.s0.i0 1.000000 0.649346
DS1.d809.s1.i0 1.000000 0.969150
DS1.d809.s1.i1 1.000000 1.003965
DS1.d809.s0.i0 1.000000 0.981673
DS1.d178.s0.i0 1.000000 0.884545
DS1.d178.s1.i1 -1.000000 -0.522945
DS1.d178.s1.i0 -1.000000 -0.841928
DS1.d179.s1.i0 -1.000000 -0.666603
DS1.d179.s1.i1 -1.000000 -0.913832
DS1.d179.s0.i20 -1.000000 -0.990401
DS1.d179.s0.i21 -1.000000 -0.923313
DS1.d179.s0.i22 -1.000000 -0.878793
DS1.d179.s0.i23 -1.000000 -0.797924
DS1.d179.s0.i24 -1.000000 -1.084332
DS1.d179.s0.i25 -1.000000 -0.964309
DS1.d179.s0.i26 -1.000000 -1.033502
DS1.d179.s0.i27 -1.000000 -1.133261
DS1.d179.s0.i28 -1.000000 -1.019197
DS1.d179.s0.i29 -1.000000 -0.863888
DS1.d179.s0.i19 -1.000000 -0.972049
DS1.d179.s0.i18 -1.000000 -0.826989
DS1.d179.s0.i15 -1.000000 -0.843932
DS1.d179.s0.i14 -1.000000 -1.079034
DS1.d179.s0.i17 -1.000000 -0.957946
DS1.d179.s0.i16 -1.000000 -0.983796
DS1.d179.s0.i11 -1.000000 -0.916068
DS1.d179.s0.i10 -1.000000 -0.996862
DS1.d179.s0.i13 -1.000000 -0.976243
DS1.d179.s0.i12 -1.000000 -0.899158
DS1.d179.s0.i9 -1.000000 -0.979194
DS1.d179.s0.i8 -1.000000 -0.877737
DS1.d179.s0.i1 -1.000000 -1.017696
DS1.d179.s0.i0 -1.000000 -0.978519
DS1.d179.s0.i3 -1.000000 -1.002462
DS1.d179.s0.i2 -1.000000 -0.931934
DS1.d179.s0.i5 -1.000000 -0.991433
DS1.d179.s0.i4 -1.000000 -0.996973
DS1.d179.s0.i7 -1.000000 -0.925227
DS1.d179.s0.i6 -1.000000 -1.002538
DS1.d179.s2.i0 1.000000 0.651327
DS1.d807.s1.i0 1.000000 0.821791
DS1.d807.s0.i1 1.000000 0.733422
DS1.d807.s0.i0 1.000000 0.763873
DS1.d712.s0.i2 1.000000 0.751935
DS1.d712.s0.i3 1.000000 0.858225
DS1.d712.s0.i0 1.000000 0.813873
DS1.d712.s0.i1 1.000000 0.909596
DS1.d712.s1.i0 1.000000 0.829916
DS1.d712.s2.i0 -1.000000 -0.616635
DS1.d712.s2.i1 -1.000000 -0.702271
DS1.d713.s1.i0 1.000000 0.712517
DS1.d713.s1.i1 1.000000 0.782160
DS1.d713.s0.i1 1.000000 0.978212
DS1.d713.s0.i0 1.000000 0.999657
DS1.d288.s0.i6 -1.000000 -0.876128
DS1.d288.s0.i7 -1.000000 -0.831907
DS1.d288.s0.i4 -1.000000 -0.985595
DS1.d288.s0.i5 -1.000000 -0.949265
DS1.d288.s0.i2 -1.000000 -0.969589
DS1.d288.s0.i3 -1.000000 -1.002704
DS1.d288.s0.i0 -1.000000 -0.889798
DS1.d288.s0.i1 -1.000000 -0.996191
DS1.d288.s0.i8 -1.000000 -0.961864
DS1.d288.s1.i1 1.000000 0.432109
DS1.d288.s1.i0 -1.000000 -0.306910
DS1.d288.s1.i3 -1.000000 -0.293725
DS1.d288.s1.i2 1.000000 0.361863
DS1.d284.s0.i0 -1.000000 -0.626637
DS1.d285.s3.i4 -1.000000 -0.770762
DS1.d285.s3.i2 -1.000000 -0.782667
DS1.d285.s3.i3 -1.000000 -0.823635
DS1.d285.s3.i0 -1.000000 -0.660145
DS1.d285.s3.i1 -1.000000 -0.883068
DS1.d285.s2.i1 1.000000 0.772411
DS1.d285.s2.i0 1.000000 0.888474
DS1.d285.s1.i0 1.000000 0.703143
DS1.d285.s1.i1 1.000000 0.916410
DS1.d285.s0.i2 1.000000 1.154131
DS1.d285.s0.i1 1.000000 1.131599
DS1.d285.s0.i0 1.000000 1.101799
DS1.d287.s1.i0 -1.000000 -0.531007
DS1.d287.s1.i1 -1.000000 -0.637904
DS1.d287.s0.i1 1.000000 1.036911
DS1.d287.s0.i0 1.000000 0.844808
DS1.d287.s3.i0 1.000000 0.884967
DS1.d287.s2.i1 -1.000000 0.016868
DS1.d287.s2.i0 1.000000 0.277543
DS1.d280.s0.i0 1.000000 0.549524
DS1.d281.s1.i0 1.000000 0.913038
DS1.d281.s1.i1 1.000000 0.886421
DS1.d281.s0.i0 1.000000 0.876171
DS1.d282.s0.i0 1.000000 0.629694
DS1.d282.s1.i1 1.000000 0.737476
DS1.d282.s1.i0 1.000000 0.666188
DS1.d283.s0.i1 1.000000 0.872627
DS1.d283.s0.i0 1.000000 0.885657
DS1.d283.s0.i3 1.000000 0.813879
DS1.d283.s0.i2 1.000000 0.883762
DS1.d675.s0.i0 1.000000 0.341160
DS1.d674.s0.i1 1.000000 0.626244
DS1.d674.s0.i0 1.000000 0.802894
DS1.d676.s0.i0 1.000000 0.565844
DS1.d778.s0.i0 1.000000 1.107076
DS1.d778.s1.i1 1.000000 0.598251
DS1.d778.s1.i0 -1.000000 -0.025966
DS1.d778.s2.i0 1.000000 0.960906
DS1.d778.s2.i1 1.000000 0.981637
DS1.d779.s0.i0 -1.000000 -0.711896
DS1.d673.s0.i0 1.000000 0.945172
DS1.d774.s0.i0 -1.000000 -0.331069
DS1.d774.s0.i1 1.000000 0.624306
DS1.d774.s1.i1 1.000000 0.662340
DS1.d774.s1.i0 -1.000000 -0.219716
DS1.d775.s0.i0 1.000000 1.050806
DS1.d776.s0.i0 1.000000 0.736165
DS1.d776.s0.i1 1.000000 0.736165
DS1.d777.s0.i0 -1.000000 -0.524933
DS1.d770.s0.i0 1.000000 0.830191
DS1.d770.s0.i1 1.000000 0.940634
DS1.d771.s0.i0 1.000000 0.929141
DS1.d772.s0.i0 -1.000000 -0.530724
DS1.d772.s0.i1 -1.000000 -0.496124
DS1.d773.s0.i1 -1.000000 -0.764386
DS1.d773.s0.i0 -1.000000 -0.708394
DS1.d473.s0.i0 -1.000000 -0.641351
DS1.d473.s0.i1 -1.000000 -0.634383
DS1.d472.s0.i1 1.000000 0.974229
DS1.d472.s0.i0 1.000000 1.019785
DS1.d470.s0.i0 1.000000 0.727212
DS1.d477.s0.i0 1.000000 0.787997
DS1.d718.s2.i2 1.000000 0.653734
DS1.d718.s2.i3 1.000000 0.729618
DS1.d718.s2.i0 1.000000 0.625834
DS1.d718.s2.i1 1.000000 0.836933
DS1.d718.s0.i0 -1.000000 -0.857456
DS1.d718.s0.i1 -1.000000 -0.627915
DS1.d718.s1.i3 -1.000000 -1.066343
DS1.d718.s1.i2 -1.000000 -0.980705
DS1.d718.s1.i1 -1.000000 -0.973026
DS1.d718.s1.i0 -1.000000 -1.102112
DS1.d718.s1.i7 -1.000000 -0.961220
DS1.d718.s1.i6 -1.000000 -1.005934
DS1.d718.s1.i5 -1.000000 -1.031646
DS1.d718.s1.i4 -1.000000 -1.060703
DS1.d718.s1.i9 -1.000000 -1.055619
DS1.d718.s1.i8 -1.000000 -1.041641
DS1.d718.s1.i19 -1.000000 -1.053937
DS1.d718.s1.i18 -1.000000 -0.925138
DS1.d718.s1.i13 -1.000000 -0.973502
DS1.d718.s1.i12 -1.000000 -1.089925
DS1.d718.s1.i11 -1.000000 -0.992881
DS1.d718.s1.i10 -1.000000 -0.894802
DS1.d718.s1.i17 -1.000000 -0.979950
DS1.d718.s1.i16 -1.000000 -0.960486
DS1.d718.s1.i15 -1.000000 -1.036782
DS1.d718.s1.i14 -1.000000 -1.012242
DS1.d475.s2.i0 1.000000 1.130555
DS1.d475.s0.i0 -1.000000 -0.434472
DS1.d475.s0.i1 1.000000 0.268096
DS1.d475.s1.i0 1.000000 0.607419
DS1.d474.s0.i0 -1.000000 -0.358064
DS1.d479.s0.i0 1.000000 0.716211
DS1.d719.s0.i1 -1.000000 0.016308
DS1.d719.s0.i0 1.000000 0.117131
DS1.d56.s0.i0 1.000000 0.100966
DS1.d699.s2.i0 1.000000 0.619995
DS1.d699.s0.i0 1.000000 1.032574
DS1.d699.s0.i1 1.000000 1.032574
DS1.d699.s1.i2 -1.000000 -0.593790
DS1.d699.s1.i1 -1.000000 -0.601564
DS1.d699.s1.i0 1.000000 0.119666
DS1.d698.s1.i0 1.000000 0.317575
DS1.d698.s0.i0 1.000000 0.802844
DS1.d52.s0.i0 1.000000 0.209550
DS1.d52.s1.i0 1.000000 0.629420
DS1.d52.s2.i0 1.000000 0.736042
DS1.d53.s0.i0 1.000000 0.645349
DS1.d51.s0.i1 -1.000000 0.343335
DS1.d51.s0.i0 -1.000000 0.159999
DS1.d51.s0.i2 -1.000000 0.374604
DS1.d693.s0.i2 -1.000000 -0.930912
DS1.d693.s0.i3 -1.000000 -0.888040
DS1.d693.s0.i0 -1.000000 -0.757076
DS1.d693.s0.i1 -1.000000 -0.944508
DS1.d692.s0.i1 1.000000 0.967673
DS1.d692.s0.i0 1.000000 0.883258
DS1.d691.s0.i0 1.000000 0.873890
DS1.d690.s1.i0 1.000000 0.889542
DS1.d690.s0.i0 1.000000 0.692096
DS1.d690.s3.i0 1.000000 0.817876
DS1.d690.s2.i0 1.000000 0.617989
DS1.d690.s5.i2 1.000000 1.135703
DS1.d690.s5.i3 1.000000 0.922413
DS1.d690.s5.i0 1.000000 0.889738
DS1.d690.s5.i1 1.000000 0.964526
DS1.d690.s4.i0 -1.000000 -0.840781
DS1.d690.s6.i0 -1.000000 0.165719
DS1.d697.s0.i2 1.000000 0.805330
DS1.d697.s0.i3 1.000000 0.830994
DS1.d697.s0.i0 1.000000 0.906828
DS1.d697.s0.i1 1.000000 0.894832
DS1.d696.s3.i2 -1.000000 0.436981
DS1.d696.s3.i0 1.000000 0.534376
DS1.d696.s3.i1 1.000000 0.547537
DS1.d696.s2.i0 1.000000 1.081910
DS1.d696.s1.i0 1.000000 0.352125
DS1.d696.s1.i1 -1.000000 -0.029787
DS1.d696.s0.i5 -1.000000 0.179911
DS1.d696.s0.i4 1.000000 0.539943
DS1.d696.s0.i3 1.000000 0.209317
DS1.d696.s0.i2 -1.000000 0.065644
DS1.d696.s0.i1 1.000000 0.675278
DS1.d696.s0.i0 1.000000 0.301721
DS1.d696.s5.i0 1.000000 0.660796
DS1.d696.s5.i1 1.000000 0.399959
DS1.d696.s5.i2 -1.000000 0.428908
DS1.d696.s4.i0 1.000000 1.369475
DS1.d695.s2.i0 1.000000 0.781324
DS1.d695.s2.i1 1.000000 0.590730
DS1.d695.s0.i0 1.000000 0.759088
DS1.d695.s0.i1 1.000000 0.791660
DS1.d695.s1.i2 -1.000000 -0.927666
DS1.d695.s1.i1 -1.000000 -0.649204
DS1.d695.s1.i0 -1.000000 -0.381408
DS1.d59.s0.i28 -1.000000 -1.047604
DS1.d59.s0.i29 -1.000000 -1.001830
DS1.d59.s0.i24 -1.000000 -1.040213
DS1.d59.s0.i25 -1.000000 -0.923332
DS1.d59.s0.i26 -1.000000 -0.988180
DS1.d59.s0.i27 -1.000000 -0.913606
DS1.d59.s0.i20 -1.000000 -0.971517
DS1.d59.s0.i21 -1.000000 -0.971866
DS1.d59.s0.i22 -1.000000 -1.057238
DS1.d59.s0.i23 -1.000000 -1.111548
DS1.d59.s0.i44 -1.000000 -1.030730
DS1.d59.s0.i42 -1.000000 -0.956018
DS1.d59.s0.i43 -1.000000 -1.030156
DS1.d59.s0.i40 -1.000000 -0.946462
DS1.d59.s0.i41 -1.000000 -1.058189
DS1.d59.s0.i39 -1.000000 -1.027076
DS1.d59.s0.i38 -1.000000 -1.057410
DS1.d59.s0.i33 -1.000000 -1.047906
DS1.d59.s0.i32 -1.000000 -1.036657
DS1.d59.s0.i31 -1.000000 -0.949472
DS1.d59.s0.i30 -1.000000 -1.064090
DS1.d59.s0.i37 -1.000000 -1.052160
DS1.d59.s0.i36 -1.000000 -0.981533
DS1.d59.s0.i35 -1.000000 -1.038988
DS1.d59.s0.i34 -1.000000 -0.914924
DS1.d59.s0.i11 -1.000000 -0.946701
DS1.d59.s0.i10 -1.000000 -0.982143
DS1.d59.s0.i13 -1.000000 -0.938972
DS1.d59.s0.i12 -1.000000 -0.958385
DS1.d59.s0.i15 -1.000000 -0.880812
DS1.d59.s0.i14 -1.000000 -1.026785
DS1.d59.s0.i17 -1.000000 -0.931960
DS1.d59.s0.i16 -1.000000 -0.925104
DS1.d59.s0.i19 -1.000000 -0.922560
DS1.d59.s0.i18 -1.000000 -1.046160
DS1.d59.s0.i9 -1.000000 -0.966330
DS1.d59.s0.i8 -1.000000 -1.070112
DS1.d59.s0.i1 -1.000000 -1.010199
DS1.d59.s0.i0 -1.000000 -0.972927
DS1.d59.s0.i3 -1.000000 -0.915327
DS1.d59.s0.i2 -1.000000 -0.929492
DS1.d59.s0.i5 -1.000000 -0.952708
DS1.d59.s0.i4 -1.000000 -0.996205
DS1.d59.s0.i7 -1.000000 -1.131550
DS1.d59.s0.i6 -1.000000 -1.031493
DS1.d590.s0.i0 1.000000 0.856395
DS1.d591.s0.i3 1.000000 0.727816
DS1.d591.s0.i2 1.000000 0.565220
DS1.d591.s0.i1 1.000000 0.976633
DS1.d591.s0.i0 1.000000 0.924388
DS1.d592.s0.i0 1.000000 0.613803
DS1.d593.s0.i0 1.000000 1.004738
DS1.d594.s0.i2 1.000000 0.841420
DS1.d594.s0.i0 1.000000 0.889493
DS1.d594.s0.i1 1.000000 0.962023
DS1.d595.s0.i2 1.000000 0.875190
DS1.d595.s0.i1 1.000000 0.858673
DS1.d595.s0.i0 1.000000 0.821417
DS1.d596.s0.i0 1.000000 0.838349
DS1.d596.s0.i1 1.000000 1.021941
DS1.d597.s0.i1 -1.000000 -0.856681
DS1.d597.s0.i0 -1.000000 -1.047040
DS1.d597.s0.i3 -1.000000 -0.831266
DS1.d597.s0.i2 -1.000000 -0.843725
DS1.d597.s0.i5 -1.000000 -0.789116
DS1.d597.s0.i4 -1.000000 -0.862357
DS1.d598.s0.i0 1.000000 1.079616
DS1.d598.s0.i1 1.000000 1.079616
DS1.d599.s1.i0 -1.000000 0.125524
DS1.d599.s0.i0 1.000000 0.741072
DS1.d444.s0.i0 -1.000000 -0.497904
DS1.d444.s0.i1 1.000000 0.694694
DS1.d444.s0.i2 -1.000000 -0.547900
DS1.d600.s0.i0 1.000000 0.930910
DS1.d601.s0.i0 1.000000 0.133333
DS1.d602.s0.i0 -1.000000 0.291742
DS1.d603.s0.i1 1.000000 0.345700
DS1.d603.s0.i0 1.000000 0.422121
DS1.d604.s0.i0 1.000000 1.075532
DS1.d605.s1.i0 -1.000000 -0.015469
DS1.d605.s1.i1 1.000000 0.129366
DS1.d605.s1.i2 1.000000 0.588542
DS1.d605.s0.i4 -1.000000 -0.259081
DS1.d605.s0.i3 -1.000000 -0.265837
DS1.d605.s0.i2 1.000000 0.103114
DS1.d605.s0.i1 -1.000000 -0.284145
DS1.d605.s0.i0 1.000000 0.098060
DS1.d211.s0.i0 1.000000 1.015673
DS1.d359.s0.i1 -1.000000 0.055484
DS1.d359.s0.i0 1.000000 0.268547
DS1.d608.s0.i0 1.000000 0.975213
DS1.d608.s0.i1 1.000000 0.773732
DS1.d608.s1.i1 1.000000 0.695904
DS1.d608.s1.i0 1.000000 0.688402
DS1.d609.s1.i0 -1.000000 -0.336668
DS1.d609.s1.i1 -1.000000 -0.294087
DS1.d609.s1.i2 1.000000 0.272323
DS1.d609.s0.i1 1.000000 0.367510
DS1.d609.s0.i0 -1.000000 -0.322639
DS1.d354.s0.i0 1.000000 0.689926
DS1.d355.s0.i0 -1.000000 -0.776060
DS1.d352.s0.i0 1.000000 1.044036
DS1.d352.s0.i1 1.000000 1.065390
DS1.d353.s0.i1 1.000000 1.029015
DS1.d353.s0.i0 1.000000 1.147339
DS1.d350.s0.i0 1.000000 0.863012
DS1.d350.s0.i1 1.000000 0.859626
DS1.d350.s0.i2 1.000000 0.908972
DS1.d350.s0.i3 1.000000 0.811856
DS1.d350.s1.i3 -1.000000 -0.878658
DS1.d350.s1.i2 -1.000000 -0.798591
DS1.d350.s1.i1 -1.000000 -0.857579
DS1.d350.s1.i0 -1.000000 -0.785714
DS1.d218.s1.i2 -1.000000 -0.803536
DS1.d218.s1.i3 -1.000000 -0.850572
DS1.d218.s1.i0 -1.000000 -0.769885
DS1.d218.s1.i1 -1.000000 -0.898102
DS1.d218.s0.i1 1.000000 0.989367
DS1.d218.s0.i0 1.000000 1.109834
DS1.d828.s0.i0 -1.000000 -0.297948
DS1.d829.s0.i0 1.000000 0.622997
DS1.d440.s0.i0 1.000000 0.579876
DS1.d820.s0.i2 -1.000000 -0.243844
DS1.d820.s0.i0 -1.000000 -0.820925
DS1.d820.s0.i1 -1.000000 -0.714691
DS1.d820.s1.i0 1.000000 0.703776
DS1.d820.s2.i0 -1.000000 -0.557619
DS1.d820.s2.i1 -1.000000 -1.172420
DS1.d820.s3.i0 -1.000000 -0.372113
DS1.d821.s0.i1 -1.000000 -0.701352
DS1.d821.s0.i0 -1.000000 -0.895009
DS1.d822.s0.i0 -1.000000 -0.253867
DS1.d441.s1.i0 1.000000 0.511249
DS1.d441.s0.i0 1.000000 0.795851
DS1.d441.s2.i0 1.000000 0.896008
DS1.d824.s0.i0 1.000000 0.689791
DS1.d824.s0.i1 1.000000 0.572798
DS1.d825.s2.i1 -1.000000 -0.804991
DS1.d825.s2.i0 -1.000000 -0.804991
DS1.d825.s1.i4 -1.000000 -0.678821
DS1.d825.s1.i5 -1.000000 -0.678821
DS1.d825.s1.i0 -1.000000 -0.974586
DS1.d825.s1.i1 -1.000000 -0.695570
DS1.d825.s1.i2 -1.000000 -0.974586
DS1.d825.s1.i3 -1.000000 -1.089952
DS1.d825.s0.i7 1.000000 1.007619
DS1.d825.s0.i6 1.000000 0.930570
DS1.d825.s0.i5 1.000000 0.696363
DS1.d825.s0.i4 1.000000 0.864656
DS1.d825.s0.i3 1.000000 0.932998
DS1.d825.s0.i2 1.000000 0.913857
DS1.d825.s0.i1 1.000000 0.774303
DS1.d825.s0.i0 1.000000 1.001661
DS1.d826.s2.i2 1.000000 1.106648
DS1.d826.s2.i3 1.000000 1.122715
DS1.d826.s2.i0 1.000000 0.788018
DS1.d826.s2.i1 1.000000 0.868760
DS1.d826.s3.i1 1.000000 0.849029
DS1.d826.s3.i0 1.000000 0.849029
DS1.d826.s3.i3 1.000000 0.933556
DS1.d826.s3.i2 1.000000 0.933556
DS1.d826.s0.i0 1.000000 0.038234
DS1.d826.s0.i1 1.000000 0.083425
DS1.d826.s0.i2 -1.000000 -0.008287
DS1.d826.s0.i3 -1.000000 0.032984
DS1.d826.s0.i4 -1.000000 0.063068
DS1.d826.s0.i5 1.000000 0.023902
DS1.d826.s0.i6 1.000000 0.095654
DS1.d826.s0.i7 -1.000000 0.006076
DS1.d826.s1.i2 1.000000 0.822229
DS1.d826.s1.i1 1.000000 0.967328
DS1.d826.s1.i0 1.000000 0.609703
DS1.d827.s0.i1 -1.000000 -0.706150
DS1.d827.s0.i0 -1.000000 -0.825382
DS1.d827.s0.i2 -1.000000 -0.799693
DS1.d732.s0.i0 -1.000000 0.380409
DS1.d732.s0.i1 1.000000 0.243827
DS1.d732.s0.i2 1.000000 0.310185
DS1.d733.s0.i1 1.000000 0.808855
DS1.d733.s0.i0 1.000000 0.889831
DS1.d733.s0.i3 1.000000 0.825217
DS1.d733.s0.i2 1.000000 0.875452
DS1.d509.s0.i0 -1.000000 -0.858581
DS1.d509.s0.i1 -1.000000 -0.800610
DS1.d509.s0.i2 -1.000000 -0.760136
DS1.d508.s0.i0 1.000000 0.694625
DS1.d503.s0.i0 1.000000 0.692422
DS1.d502.s1.i0 1.000000 -0.191872
DS1.d502.s1.i1 -1.000000 -0.277972
DS1.d502.s1.i2 -1.000000 -0.267575
DS1.d502.s0.i2 1.000000 0.534042
DS1.d502.s0.i1 1.000000 1.012769
DS1.d502.s0.i0 1.000000 0.760648
DS1.d501.s0.i0 1.000000 0.808466
DS1.d501.s0.i1 1.000000 0.783461
DS1.d500.s0.i0 1.000000 1.024920
DS1.d507.s0.i0 1.000000 0.091470
DS1.d507.s0.i1 -1.000000 0.187526
DS1.d506.s0.i1 1.000000 0.775720
DS1.d506.s0.i0 1.000000 0.914762
DS1.d505.s0.i0 1.000000 0.680234
DS1.d504.s1.i0 1.000000 0.848459
DS1.d504.s1.i1 1.000000 1.120833
DS1.d504.s0.i0 1.000000 0.869769
DS1.d132.s0.i0 1.000000 0.433379
DS1.d133.s3.i0 1.000000 0.833515
DS1.d133.s2.i0 1.000000 0.633611
DS1.d133.s1.i0 1.000000 0.893814
DS1.d133.s0.i0 1.000000 0.837171
DS1.d130.s0.i8 1.000000 1.102197
DS1.d130.s0.i9 1.000000 1.003976
DS1.d130.s0.i4 1.000000 0.915722
DS1.d130.s0.i5 1.000000 0.981197
DS1.d130.s0.i6 1.000000 0.973752
DS1.d130.s0.i7 1.000000 1.060682
DS1.d130.s0.i0 1.000000 0.850842
DS1.d130.s0.i1 1.000000 1.049768
DS1.d130.s0.i2 1.000000 0.942116
DS1.d130.s0.i3 1.000000 0.977448
DS1.d137.s1.i0 -1.000000 -0.501839
DS1.d137.s0.i0 -1.000000 0.175515
DS1.d134.s0.i0 1.000000 0.847505
DS1.d134.s0.i1 1.000000 0.598725
DS1.d135.s1.i2 -1.000000 -0.490251
DS1.d135.s1.i0 1.000000 -0.252911
DS1.d135.s1.i1 -1.000000 -0.198647
DS1.d135.s0.i1 1.000000 0.623826
DS1.d135.s0.i0 1.000000 0.683217
DS1.d138.s2.i0 1.000000 0.818987
DS1.d138.s3.i0 1.000000 0.959312
DS1.d138.s0.i0 1.000000 0.866952
DS1.d138.s1.i0 1.000000 0.727477
DS1.d139.s1.i2 1.000000 0.898028
DS1.d139.s1.i3 1.000000 0.906001
DS1.d139.s1.i0 1.000000 1.018739
DS1.d139.s1.i1 1.000000 0.818966
DS1.d139.s0.i1 -1.000000 -0.575282
DS1.d139.s0.i0 -1.000000 -0.599848
DS1.d139.s2.i2 1.000000 0.868450
DS1.d139.s2.i1 1.000000 0.832563
DS1.d139.s2.i0 1.000000 0.832563
DS1.d521.s0.i0 1.000000 0.631657
DS1.d521.s0.i1 1.000000 0.615873
DS1.d520.s1.i0 1.000000 1.000667
DS1.d520.s1.i1 1.000000 0.669288
DS1.d520.s1.i2 1.000000 0.508020
DS1.d520.s0.i1 -1.000000 -0.532770
DS1.d520.s0.i0 1.000000 0.243050
DS1.d735.s3.i0 -1.000000 0.065391
DS1.d735.s2.i1 -1.000000 -0.197846
DS1.d735.s2.i0 1.000000 0.331639
DS1.d735.s1.i0 1.000000 0.938324
DS1.d735.s1.i1 1.000000 0.719034
DS1.d735.s0.i0 1.000000 1.160345
DS1.d791.s0.i0 1.000000 0.942131
DS1.d371.s0.i3 1.000000 0.820419
DS1.d371.s0.i2 1.000000 0.863953
DS1.d371.s0.i1 1.000000 0.846345
DS1.d371.s0.i0 1.000000 0.889657
DS1.d529.s0.i0 1.000000 0.454158
DS1.d402.s0.i2 1.000000 0.658855
DS1.d402.s0.i0 -1.000000 0.192813
DS1.d402.s0.i1 1.000000 0.410228
DS1.d402.s1.i1 -1.000000 -0.650748
DS1.d402.s1.i0 -1.000000 -0.622299
DS1.d402.s2.i0 1.000000 0.497532
DS1.d402.s2.i1 1.000000 0.657088
DS1.d402.s2.i2 -1.000000 0.359700
DS1.d402.s2.i3 1.000000 0.480816
DS1.d402.s3.i2 1.000000 0.645165
DS1.d402.s3.i1 -1.000000 0.170420
DS1.d402.s3.i0 1.000000 0.522418
DS1.d439.s0.i0 1.000000 0.728981
DS1.d438.s0.i0 1.000000 0.894423
DS1.d437.s0.i2 1.000000 0.400887
DS1.d437.s0.i0 -1.000000 -0.579367
DS1.d437.s0.i1 -1.000000 -0.424884
DS1.d436.s0.i0 1.000000 0.738564
DS1.d435.s0.i0 1.000000 0.702448
DS1.d435.s0.i1 1.000000 0.801382
DS1.d434.s0.i0 1.000000 0.331945
DS1.d433.s0.i0 1.000000 0.740869
DS1.d433.s1.i1 1.000000 0.750029
DS1.d433.s1.i0 1.000000 0.896184
DS1.d433.s1.i3 1.000000 0.907111
DS1.d433.s1.i2 1.000000 0.948141
DS1.d433.s2.i0 1.000000 1.185304
DS1.d433.s3.i0 1.000000 0.981267
DS1.d432.s1.i0 1.000000 1.055998
DS1.d432.s1.i1 1.000000 0.992978
DS1.d432.s0.i3 1.000000 0.579663
DS1.d432.s0.i2 1.000000 1.183897
DS1.d432.s0.i1 1.000000 0.641213
DS1.d432.s0.i0 1.000000 0.999220
DS1.d431.s0.i0 1.000000 0.830345
DS1.d431.s0.i1 1.000000 1.073123
DS1.d431.s0.i2 1.000000 0.831696
DS1.d431.s0.i3 1.000000 0.931594
DS1.d431.s0.i4 1.000000 0.843898
DS1.d431.s0.i5 1.000000 1.042091
DS1.d430.s0.i1 1.000000 0.934101
DS1.d430.s0.i0 1.000000 0.897256
DS1.d430.s0.i3 1.000000 0.890636
DS1.d430.s0.i2 1.000000 0.975034
DS1.d720.s1.i2 1.000000 0.195898
DS1.d720.s1.i3 1.000000 0.261895
DS1.d720.s1.i0 -1.000000 -0.379248
DS1.d720.s1.i1 -1.000000 -0.379248
DS1.d720.s0.i1 -1.000000 -0.329417
DS1.d720.s0.i0 1.000000 0.275566
DS1.d720.s3.i0 1.000000 0.991899
DS1.d720.s3.i1 1.000000 0.459072
DS1.d720.s2.i0 1.000000 1.028018
