DS.d3.s0.i0 1.0 1.64755798144
DS.d3.s0.i1 1.0 2.65393421058
DS.d3.s0.i2 1.0 2.65393421058
DS.d3.s1.i0 1.0 0.520209198595
DS.d3.s1.i1 1.0 0.483629778784
DS.d22.s0.i0 1.0 0.73416316272
DS.d22.s0.i1 1.0 0.1884509179
DS.d22.s0.i2 1.0 0.595680164697
DS.d22.s1.i0 1.0 0.647344290984
DS.d26.s0.i0 -1 -0.556973855223
DS.d26.s0.i1 -1 -0.402438101578
DS.d26.s0.i2 -1 -0.403373018618
DS.d26.s0.i3 -1 -0.103952497775
DS.d26.s0.i4 -1 -0.0397893290426
DS.d26.s0.i5 -1 -0.526579060052
DS.d39.s0.i0 -1 0.00664898776701
DS.d45.s0.i0 -1 -0.50795528039
DS.d45.s0.i1 -1 -0.50795528039
DS.d47.s0.i0 1.0 0.431707287561
DS.d47.s0.i1 1.0 0.691715312895
DS.d69.s0.i0 1.0 0.59377120327
DS.d69.s0.i1 1.0 1.21239190529
DS.d72.s0.i0 -1 -0.723050966605
DS.d72.s0.i1 -1 -0.912824611246
DS.d77.s0.i0 1.0 0.865032259255
DS.d77.s0.i1 -1 0.425002835763
DS.d79.s0.i0 -1 0.690233130221
DS.d93.s0.i0 1.0 0.280833621111
DS.d109.s0.i0 1.0 -0.525434721938
DS.d109.s0.i1 1.0 -0.492731522105
DS.d109.s0.i2 -1 -0.145337784299
DS.d109.s0.i3 1.0 -0.558235629128
DS.d109.s0.i4 -1 0.0090936379917
DS.d109.s0.i5 -1 -0.321488165605
DS.d111.s0.i0 1.0 0.575119366245
DS.d111.s0.i1 -1 -1.23191010921
DS.d111.s0.i2 1.0 0.589604208105
DS.d111.s0.i3 1.0 0.439053702692
DS.d111.s0.i4 -1 0.322159205767
DS.d111.s0.i5 1.0 0.454568894248
DS.d136.s0.i0 1.0 0.909950312328
DS.d136.s0.i1 1.0 1.2391737815
DS.d147.s0.i0 -1 -0.51345126371
DS.d147.s0.i1 -1 0.256844385222
DS.d147.s0.i2 -1 -1.17483762562
DS.d147.s0.i3 -1 0.455395431234
DS.d162.s0.i0 1.0 1.06180411218
DS.d162.s1.i0 1.0 0.855662243045
DS.d175.s0.i0 1.0 0.471347496944
DS.d175.s0.i1 1.0 0.998549013674
DS.d175.s1.i0 1.0 0.394838478954
DS.d178.s0.i0 1.0 1.56179105155
DS.d178.s1.i0 -1 -0.0504706172399
DS.d178.s1.i1 -1 -0.169024455772
DS.d183.s0.i0 -1 0.9469366965
DS.d183.s0.i1 -1 0.553206051207
DS.d183.s0.i2 -1 1.00956018488
DS.d199.s0.i0 1.0 1.54167408324
DS.d199.s0.i1 1.0 1.32288283202
DS.d212.s0.i0 -1 -0.872938551681
DS.d216.s0.i0 -1 1.5190641887
DS.d216.s0.i1 1.0 1.85045940137
DS.d216.s1.i0 1.0 0.496685191088
DS.d216.s2.i0 1.0 -0.413157262335
DS.d216.s3.i0 1.0 1.51255357311
DS.d216.s3.i1 1.0 1.75864805468
DS.d224.s0.i0 1.0 0.750741332527
DS.d224.s1.i0 1.0 0.649838087745
DS.d232.s0.i0 1.0 0.864851055768
DS.d232.s0.i1 1.0 0.299512897854
DS.d232.s0.i2 1.0 0.754619128181
DS.d232.s0.i3 1.0 0.211565396654
DS.d232.s0.i4 1.0 0.697266476361
DS.d232.s0.i5 1.0 0.533286383499
DS.d232.s1.i0 1.0 1.3960635245
DS.d232.s1.i1 1.0 1.12472815481
DS.d232.s1.i2 1.0 1.50053049702
DS.d232.s1.i3 1.0 1.06847593193
DS.d232.s2.i0 -1 -1.5872299976
DS.d242.s0.i0 1.0 0.769675876125
DS.d242.s0.i1 1.0 0.621353575074
DS.d242.s0.i2 1.0 0.677537683315
DS.d242.s0.i3 1.0 0.644929357598
DS.d264.s0.i0 1.0 -0.614856305528
DS.d264.s0.i1 1.0 -0.543428812211
DS.d264.s1.i0 1.0 1.61449768769
DS.d295.s0.i0 1.0 -0.0582279721184
DS.d295.s1.i0 -1 0.439456052488
DS.d299.s0.i0 -1 1.33395527853
DS.d299.s0.i1 -1 1.12850054911
DS.d309.s0.i0 1.0 0.91888678706
DS.d309.s1.i0 -1 -0.173653989817
DS.d309.s1.i1 -1 0.476977966425
DS.d309.s1.i2 -1 0.758984608811
DS.d309.s2.i0 1.0 1.29099666899
DS.d309.s2.i1 1.0 0.604773072367
DS.d326.s0.i0 1.0 0.621083461912
DS.d326.s0.i1 -1 -0.0127713868556
DS.d345.s0.i0 1.0 0.707313863196
DS.d345.s1.i0 1.0 0.350125268697
DS.d345.s1.i1 1.0 0.0793168810163
DS.d345.s2.i0 1.0 0.721117057229
DS.d345.s2.i1 1.0 0.807741374877
DS.d345.s2.i2 1.0 2.17379662236
DS.d345.s2.i3 1.0 2.14803209408
DS.d345.s3.i0 1.0 1.46858134784
DS.d345.s3.i1 1.0 1.79846305929
DS.d345.s3.i2 1.0 1.47354635144
DS.d352.s0.i0 1.0 1.70715371234
DS.d352.s0.i1 1.0 1.7852644097
DS.d354.s0.i0 1.0 -0.261997580322
DS.d357.s0.i0 1.0 0.586243780729
DS.d357.s0.i1 1.0 0.43515795329
DS.d364.s0.i0 -1 0.10454123287
DS.d364.s0.i1 -1 -0.183165948177
DS.d364.s1.i0 1.0 1.07802274012
DS.d364.s2.i0 1.0 0.376683855891
DS.d379.s0.i0 -1 -0.836047973296
DS.d379.s0.i1 -1 -1.12459254735
DS.d382.s0.i0 1.0 0.813137598515
DS.d392.s0.i0 1.0 2.62168684012
DS.d403.s0.i0 -1 -0.651566927302
DS.d414.s0.i0 1.0 0.891046887779
DS.d414.s0.i1 1.0 0.935770917111
DS.d421.s0.i0 -1 -0.0365744911983
DS.d421.s1.i0 1.0 1.21135301972
DS.d432.s0.i0 1.0 0.181854039622
DS.d432.s0.i1 1.0 0.489065163243
DS.d432.s0.i2 1.0 0.819344821509
DS.d432.s0.i3 1.0 0.584298265772
DS.d432.s1.i0 1.0 1.11490987155
DS.d432.s1.i1 1.0 1.49198324117
DS.d434.s0.i0 1.0 1.55396344629
DS.d439.s0.i0 1.0 0.130176364623
DS.d446.s0.i0 1.0 1.01212646815
DS.d446.s0.i1 1.0 0.436537584316
DS.d446.s0.i2 1.0 0.550119735826
DS.d446.s0.i3 1.0 1.01556148609
DS.d446.s1.i0 1.0 0.388429198614
DS.d448.s0.i0 1.0 1.18028861024
DS.d448.s0.i1 1.0 1.38019002228
DS.d448.s1.i0 1.0 1.16358441472
DS.d448.s1.i1 1.0 1.25397134382
DS.d448.s1.i2 1.0 1.2003563529
DS.d448.s1.i3 1.0 1.26966532769
DS.d448.s2.i0 1.0 -0.430336640213
DS.d448.s2.i1 1.0 -0.134474725763
DS.d448.s3.i0 1.0 1.25684063902
DS.d448.s3.i1 1.0 0.598205175268
DS.d456.s0.i0 1.0 -0.302914172604
DS.d456.s0.i1 1.0 -0.138057149175
DS.d456.s0.i2 1.0 -0.458233156299
DS.d456.s0.i3 1.0 0.455853789771
DS.d456.s0.i4 1.0 -0.045127513297
DS.d456.s0.i5 1.0 0.419414605046
DS.d474.s0.i0 -1 1.53307471279
DS.d490.s0.i0 1.0 1.76211837749
DS.d490.s0.i1 1.0 1.76211837749
DS.d493.s0.i0 1.0 0.473908320964
DS.d493.s0.i1 1.0 0.579545990446
DS.d493.s0.i2 1.0 1.42718640667
DS.d493.s1.i0 1.0 1.09970415057
DS.d495.s0.i0 1.0 0.80877138686
DS.d519.s0.i0 1.0 -0.490203887556
DS.d519.s0.i1 1.0 -0.312020610582
DS.d519.s0.i2 1.0 -0.46922888782
DS.d519.s0.i3 1.0 -0.29414013614
DS.d519.s1.i0 1.0 1.09976037437
DS.d519.s2.i0 1.0 0.446334522664
DS.d519.s2.i1 -1 -0.202144394905
DS.d520.s0.i0 1.0 -0.544798637658
DS.d520.s0.i1 -1 -0.333039297402
DS.d520.s1.i0 1.0 -0.389981523062
DS.d520.s1.i1 1.0 -0.221275354648
DS.d520.s1.i2 1.0 0.32207725265
DS.d539.s0.i0 1.0 0.0852132543556
DS.d539.s0.i1 -1 -1.16917210244
DS.d543.s0.i0 1.0 -0.121178312424
DS.d543.s0.i1 1.0 -0.337810955766
DS.d543.s0.i2 -1 -1.48763718569
DS.d554.s0.i0 1.0 -0.804395827005
DS.d554.s0.i1 1.0 -0.543873678586
DS.d554.s0.i2 1.0 -0.766737986482
DS.d571.s0.i0 -1 -0.705796758828
DS.d598.s0.i0 1.0 0.63124473494
DS.d598.s0.i1 1.0 0.63124473494
DS.d600.s0.i0 1.0 1.59210198577
DS.d613.s0.i0 1.0 0.931734164105
DS.d618.s0.i0 1.0 1.40230820763
DS.d618.s0.i1 1.0 1.57160445945
DS.d618.s1.i0 1.0 1.2692907469
DS.d639.s0.i0 -1 -0.591951497645
DS.d647.s0.i0 -1 0.188001070455
DS.d656.s0.i0 -1 0.219609509898
DS.d656.s0.i1 -1 0.336133632002
DS.d656.s0.i2 -1 -0.139741271098
DS.d665.s0.i0 1.0 0.271914014402
DS.d688.s0.i0 1.0 1.4525341098
DS.d688.s1.i0 -1 -0.203424881339
DS.d701.s0.i0 -1 -0.740286778349
DS.d701.s0.i1 -1 -0.362045588158
DS.d703.s0.i0 1.0 1.93367735698
DS.d715.s0.i0 1.0 1.3481080388
DS.d739.s0.i0 1.0 -0.986236972246
DS.d739.s0.i1 1.0 -0.370834018595
DS.d739.s0.i2 1.0 -0.991135388213
DS.d739.s0.i3 1.0 -0.805592164732
DS.d739.s1.i0 1.0 0.0823661395289
DS.d739.s1.i1 1.0 0.453525008975
DS.d739.s1.i2 1.0 -0.311762886795
DS.d739.s1.i3 1.0 0.250828766973
DS.d739.s1.i4 1.0 0.549858215522
DS.d739.s1.i5 1.0 0.531748831868
DS.d739.s1.i6 1.0 1.14297913705
DS.d739.s1.i7 1.0 0.672576917046
DS.d750.s0.i0 1.0 1.69200306486
DS.d756.s0.i0 1.0 0.379409399456
DS.d756.s0.i1 1.0 0.0753760076884
DS.d765.s0.i0 -1 -0.0792914503587
DS.d765.s0.i1 -1 1.52928805981
DS.d765.s0.i2 -1 -0.0792914503587
DS.d765.s0.i3 -1 1.52928805981
DS.d765.s1.i0 -1 -0.206166340967
DS.d765.s1.i1 -1 -0.466148445086
DS.d765.s1.i2 -1 -0.206166340967
DS.d765.s1.i3 -1 -0.466148445086
DS.d773.s0.i0 -1 0.328874691588
DS.d773.s0.i1 -1 0.265970339711
DS.d774.s0.i0 -1 0.159389289207
DS.d774.s0.i1 1.0 0.536694148961
DS.d774.s1.i0 -1 -0.441210532516
DS.d774.s1.i1 1.0 0.568184954153
DS.d829.s0.i0 1.0 1.06800719259
DS.d844.s0.i0 1.0 1.32582633195
DS.d851.s0.i0 -1 0.47448829296
DS.d856.s0.i0 -1 0.0285927786218
DS.d856.s0.i1 -1 -0.133624201625
DS.d856.s0.i2 -1 0.0927138603919
DS.d856.s0.i3 -1 -0.21620921933
DS.d856.s0.i4 -1 -0.059658887205
DS.d856.s0.i5 -1 -0.0470762647912
DS.d856.s0.i6 -1 -0.551462862516
DS.d856.s0.i7 -1 -0.386759572506
DS.d888.s0.i0 1.0 0.895409032667
DS.d888.s0.i1 1.0 1.23990984217
DS.d888.s0.i2 1.0 0.247439762059
DS.d888.s0.i3 1.0 0.584180409405
DS.d888.s0.i4 1.0 1.29938327957
DS.d888.s0.i5 1.0 0.6414716908
DS.d898.s0.i0 1.0 1.16486751005
DS.d898.s1.i0 1.0 0.865914247996
DS.d898.s2.i0 1.0 1.31967277181
DS.d898.s2.i1 1.0 1.20096415247
DS.d898.s2.i2 1.0 1.31967277181
DS.d927.s0.i0 -1 0.0624220203429
DS.d927.s0.i1 -1 0.115791090731
DS.d927.s0.i2 -1 0.280737382001
DS.d932.s0.i0 1.0 1.46280998137
DS.d941.s0.i0 -1 1.1571028497
DS.d941.s0.i1 -1 1.07684271196
DS.d941.s0.i2 -1 -0.634204790914
DS.d943.s0.i0 1.0 0.758645830595
DS.d943.s0.i1 1.0 0.848361182894
DS.d943.s1.i0 1.0 1.08032388163
DS.d947.s0.i0 1.0 0.991829714491
DS.d947.s0.i1 1.0 0.991829714491
DS.d967.s0.i0 1.0 -1.14315092058
DS.d967.s0.i1 1.0 -0.89596002589
DS.d967.s0.i2 -1 -0.664839679828
DS.d971.s0.i0 -1 -1.36078185975
DS.d971.s1.i0 -1 -0.92442195525
DS.d987.s0.i0 -1 0.00928724926166
DS.d987.s0.i1 -1 0.527703364424
DS.d987.s0.i2 -1 -0.947914440749
DS.d987.s0.i3 -1 -0.947914440749
DS.d987.s0.i4 -1 -0.336105356316
DS.d987.s0.i5 -1 -0.560251189262
DS.d987.s0.i6 -1 -0.602676627009
DS.d987.s0.i7 -1 0.352756452083
DS.d987.s0.i8 -1 -0.915965755229
DS.d987.s0.i9 -1 0.416981067398
DS.d989.s0.i0 -1 -0.885797196339
DS.d989.s0.i1 -1 -0.479739602957
DS.d989.s0.i2 -1 -0.34027434611
DS.d989.s0.i3 -1 -1.24960432914
DS.d1001.s0.i0 1.0 0.876239418782
DS.d1001.s0.i1 1.0 1.24455141558
DS.d1001.s1.i0 1.0 0.813799793517
DS.d1014.s0.i0 1.0 0.499228749032
DS.d1019.s0.i0 -1 -0.917921450825
DS.d1019.s0.i1 -1 -1.27980955866
DS.d1019.s1.i0 -1 -1.11883863771
DS.d1023.s0.i0 1.0 0.0628034591222
DS.d1023.s0.i1 1.0 0.429584466164
DS.d1025.s0.i0 1.0 1.29533089786
DS.d1025.s0.i1 -1 0.196952061505
DS.d1028.s0.i0 1.0 1.67975673125
DS.d1028.s0.i1 1.0 0.148068776376
DS.d1061.s0.i0 -1 -0.744193853268
DS.d1061.s0.i1 -1 -0.945732900986
DS.d1061.s0.i2 -1 -0.102406729171
DS.d1061.s0.i3 -1 -1.11692183519
DS.d1061.s0.i4 -1 -1.33380346628
DS.d1061.s0.i5 -1 -0.372536920737
DS.d1061.s0.i6 -1 -1.14223294717
DS.d1061.s0.i7 -1 -1.27254432421
DS.d1061.s0.i8 -1 -1.24813068589
DS.d1061.s0.i9 -1 -1.039711613
DS.d1061.s0.i10 -1 -0.377244228985
DS.d1061.s0.i11 -1 -1.12170712532
DS.d1061.s0.i12 -1 -0.82941350029
DS.d1061.s0.i13 -1 -0.477400691238
DS.d1061.s0.i14 -1 -0.727563642902
DS.d1061.s0.i15 -1 -1.05742656407
DS.d1061.s0.i16 -1 -0.948100835047
DS.d1061.s0.i17 -1 -0.753088153454
DS.d1061.s0.i18 -1 -1.12965179993
DS.d1061.s0.i19 -1 -0.967521525128
DS.d1061.s0.i20 -1 -1.01217146193
DS.d1061.s0.i21 -1 -0.761649842259
DS.d1061.s0.i22 -1 -0.551326888651
DS.d1061.s0.i23 -1 -0.969462373503
DS.d1072.s0.i0 -1 0.0517219840616
DS.d1075.s0.i0 -1 0.0144235465988
DS.d1075.s0.i1 -1 0.208024647988
DS.d1077.s0.i0 -1 0.230923454439
DS.d1095.s0.i0 1.0 0.769137766931
DS.d1095.s0.i1 1.0 1.30107633081
DS.d1095.s0.i2 1.0 0.944690313189
DS.d1112.s0.i0 -1 -0.852550927709
DS.d1126.s0.i0 -1 -0.666792217599
DS.d1126.s0.i1 -1 -0.643051339856
DS.d1128.s0.i0 1.0 -0.182314474764
DS.d1143.s0.i0 -1 0.420184029428
DS.d1143.s0.i1 -1 0.0901724440347
DS.d1160.s0.i0 1.0 -0.140313325562
DS.d1176.s0.i0 1.0 0.438149927027
DS.d1176.s1.i0 -1 -0.146862985006
DS.d1176.s1.i1 -1 -0.773278153133
DS.d1184.s0.i0 -1 -1.55922572531
DS.d1184.s1.i0 -1 -1.38429833213
DS.d1186.s0.i0 1.0 1.49870120673
DS.d1186.s1.i0 1.0 2.01747802116
DS.d1193.s0.i0 -1 0.316956436996
DS.d1193.s0.i1 -1 0.176069188428
DS.d1199.s0.i0 -1 -1.1152439245
DS.d1199.s1.i0 -1 -1.46110923842
DS.d1199.s2.i0 -1 -0.82607683908
DS.d1208.s0.i0 1.0 1.12951957387
DS.d1214.s0.i0 -1 -0.832592772977
DS.d1214.s1.i0 1.0 1.70146629678
DS.d1236.s0.i0 -1 -0.669622314072
DS.d1236.s1.i0 -1 -1.65090904838
DS.d1236.s2.i0 -1 -1.44994169211
DS.d1238.s0.i0 -1 -0.688431302337
DS.d1238.s0.i1 -1 -0.741094076199
DS.d1238.s0.i2 -1 -0.20103148997
DS.d1238.s0.i3 -1 -0.911564970855
DS.d1240.s0.i0 -1 -0.663770653125
DS.d1253.s0.i0 1.0 0.303982420558
DS.d1253.s0.i1 1.0 0.608826023864
DS.d1261.s0.i0 1.0 0.527864123567
DS.d1269.s0.i0 -1 0.36579319342
DS.d1278.s0.i0 1.0 1.12651196836
DS.d1287.s0.i0 -1 -0.328862293758
DS.d1308.s0.i0 1.0 0.321096422958
DS.d1323.s0.i0 1.0 -0.229504239156
DS.d1327.s0.i0 -1 0.700350976669
DS.d1327.s0.i1 -1 0.416946421448
DS.d1348.s0.i0 -1 -0.120063149398
DS.d1348.s1.i0 1.0 0.971901231389
DS.d1349.s0.i0 -1 -0.10815480578
DS.d1367.s0.i0 1.0 1.66692354418
DS.d1377.s0.i0 1.0 0.0223916430408
DS.d1377.s1.i0 -1 -0.552003516274
DS.d1395.s0.i0 1.0 0.795941229568
DS.d1396.s0.i0 -1 -0.176669737241
DS.d1396.s0.i1 -1 0.0311486888658
DS.d1396.s0.i2 -1 0.103416851551
DS.d1396.s0.i3 -1 0.0546017489807
DS.d1406.s0.i0 1.0 0.295534112922
DS.d1406.s1.i0 1.0 -0.30039005183
DS.d1406.s2.i0 1.0 0.815640817297
DS.d1411.s0.i0 -1 -0.486030318397
DS.d1423.s0.i0 -1 0.399699525343
DS.d1423.s1.i0 1.0 0.312078919872
DS.d1426.s0.i0 1.0 0.902905057066
DS.d1426.s0.i1 1.0 1.21579309251
DS.d1448.s0.i0 1.0 1.28118569824
DS.d1462.s0.i0 1.0 0.300169052491
DS.d1464.s0.i0 -1 0.549497626071
DS.d1468.s0.i0 1.0 1.11334056184
DS.d1468.s0.i1 1.0 1.25958080722
DS.d1468.s0.i2 1.0 0.339845502457
DS.d1468.s0.i3 1.0 0.376906324743
DS.d1468.s1.i0 -1 -0.431376276424
DS.d1468.s1.i1 -1 -0.186940935483
DS.d1468.s2.i0 1.0 -0.57729197291
DS.d1468.s2.i1 1.0 -0.624419848468
DS.d1468.s3.i0 1.0 0.958770437301
DS.d1468.s3.i1 1.0 1.54920255906
DS.d1468.s3.i2 1.0 1.29974640619
DS.d1471.s0.i0 1.0 0.844539535618
DS.d1471.s1.i0 -1 1.29147766736
DS.d1471.s1.i1 1.0 1.47210935761
DS.d1471.s2.i0 1.0 0.427192423967
DS.d1471.s3.i0 1.0 0.0873597283753
DS.d1471.s3.i1 1.0 0.268420039404
DS.d1492.s0.i0 1.0 0.856535221106
DS.d1492.s0.i1 1.0 0.412402783102
DS.d1493.s0.i0 1.0 0.949214568463
DS.d1493.s1.i0 1.0 1.0320507459
DS.d1493.s1.i1 1.0 0.76879415895
DS.d1493.s1.i2 1.0 0.76879415895
DS.d1511.s0.i0 -1 -0.95219780017
DS.d1511.s0.i1 -1 -0.732322277932
DS.d1511.s0.i2 -1 -0.732322277932
DS.d1511.s0.i3 -1 -0.95219780017
DS.d1517.s0.i0 1.0 0.696890742748
DS.d1521.s0.i0 1.0 1.00936453895
DS.d1521.s0.i1 1.0 0.890422824799
DS.d1523.s0.i0 -1 -0.0867385742929
DS.d1523.s0.i1 -1 -0.86539799869
DS.d1523.s0.i2 -1 -0.792561372555
DS.d1524.s0.i0 -1 1.08499459093
DS.d1524.s0.i1 -1 1.06302384893
DS.d1524.s0.i2 1.0 1.07154477145
DS.d1524.s0.i3 -1 0.925571428542
DS.d1524.s0.i4 -1 0.935834566293
DS.d1524.s0.i5 1.0 1.28175187215
DS.d1528.s0.i0 1.0 1.23128578964
DS.d1530.s0.i0 1.0 -0.364547637186
DS.d1537.s0.i0 1.0 1.60105676618
DS.d1551.s0.i0 -1 1.5785267534
DS.d1577.s0.i0 1.0 0.405677921349
DS.d1577.s0.i1 1.0 0.943399954205
DS.d1589.s0.i0 1.0 0.675484580379
DS.d1589.s0.i1 1.0 -0.406422412789
DS.d1593.s0.i0 1.0 0.0566803375385
DS.d1604.s0.i0 -1 -0.118675980637
DS.d1604.s0.i1 -1 -1.53166211504
DS.d1604.s1.i0 -1 -0.0748611330581
DS.d1604.s1.i1 -1 -1.31767212838
DS.d1604.s1.i2 -1 -0.622683334915
DS.d1604.s2.i0 -1 0.493366421397
DS.d1604.s2.i1 -1 -1.53697155819
DS.d1614.s0.i0 1.0 -0.84186332151
DS.d1614.s0.i1 1.0 0.333010595635
DS.d1614.s0.i2 1.0 0.984156187246
DS.d1628.s0.i0 1.0 0.662607118638
DS.d1637.s0.i0 -1 -0.936610265419
DS.d1637.s0.i1 -1 -0.352661915135
DS.d1637.s1.i0 -1 -1.12948869748
DS.d1637.s1.i1 -1 -0.942545715199
DS.d1639.s0.i0 1.0 0.0398095473295
DS.d1641.s0.i0 1.0 1.97246870076
DS.d1641.s0.i1 1.0 0.541693380058
DS.d1664.s0.i0 -1 0.28192729835
DS.d1664.s0.i1 -1 -0.1399688175
DS.d1664.s1.i0 -1 -0.844746937677
DS.d1664.s2.i0 -1 -0.737711710391
DS.d1664.s3.i0 -1 0.405875934908
DS.d1665.s0.i0 1.0 1.56835895116
DS.d1668.s0.i0 1.0 2.00969763371
DS.d1669.s0.i0 -1 0.0841488111646
DS.d1669.s1.i0 -1 -0.249058680315
DS.d1669.s1.i1 -1 -0.176887278107
DS.d1680.s0.i0 1.0 1.23545611345
DS.d1680.s0.i1 -1 0.250783063361
DS.d1681.s0.i0 1.0 1.47815841547
DS.d1681.s0.i1 1.0 1.46434887556
DS.d1681.s1.i0 1.0 1.06250744736
DS.d1688.s0.i0 1.0 -1.22032631248
DS.d1688.s1.i0 1.0 1.74062389452
DS.d1703.s0.i0 1.0 1.37438119017
DS.d1712.s0.i0 1.0 1.55080026838
DS.d1712.s1.i0 -1 -1.35738838876
DS.d1712.s1.i1 -1 0.0696946510056
DS.d1729.s0.i0 1.0 0.7677212823
DS.d1735.s0.i0 1.0 0.849659818881
DS.d1735.s0.i1 1.0 0.802235272318
DS.d1735.s1.i0 1.0 -0.662087585836
DS.d1751.s0.i0 1.0 1.34044644197
DS.d1756.s0.i0 -1 -0.0728861767013
DS.d1756.s0.i1 -1 -0.0728861767013
DS.d1757.s0.i0 1.0 2.04992141089
DS.d1757.s1.i0 1.0 0.261144728716
DS.d1769.s0.i0 1.0 0.414045592637
DS.d1770.s0.i0 1.0 1.11773973963
DS.d1772.s0.i0 1.0 0.0700240982607
DS.d1775.s0.i0 -1 -1.54447312318
DS.d1775.s0.i1 -1 -0.689546489646
DS.d1785.s0.i0 1.0 1.18641102549
DS.d1800.s0.i0 -1 -0.114956050515
DS.d1800.s0.i1 1.0 0.824538278263
DS.d1800.s0.i2 1.0 0.103522010141
DS.d1802.s0.i0 -1 -0.0366591690191
DS.d1810.s0.i0 -1 -0.736786030751
DS.d1810.s0.i1 -1 -1.35998891098
DS.d1810.s1.i0 -1 -1.04995440326
DS.d1815.s0.i0 -1 -1.27182360265
DS.d1815.s0.i1 -1 2.20630042264
DS.d1836.s0.i0 1.0 -0.0423174113521
DS.d1836.s0.i1 1.0 -0.240893521582
DS.d1836.s0.i2 1.0 0.0665685503485
DS.d1836.s0.i3 1.0 -0.356060268336
DS.d1836.s0.i4 1.0 -0.47032184246
DS.d1836.s0.i5 1.0 -0.194045881884
DS.d1837.s0.i0 1.0 1.28739731475
DS.d1837.s0.i1 1.0 1.12396910467
DS.d1837.s1.i0 1.0 0.243518025623
DS.d1837.s1.i1 1.0 0.243518025623
DS.d1846.s0.i0 1.0 1.00172618971
DS.d1851.s0.i0 1.0 -1.00380600265
DS.d1851.s0.i1 -1 -0.0958022323287
DS.d1851.s0.i2 -1 -1.72203143687
DS.d1851.s0.i3 1.0 -0.00692123030729
DS.d1851.s0.i4 -1 -0.0481456486169
DS.d1851.s0.i5 -1 -0.286739664005
DS.d1853.s0.i0 1.0 -0.754019935288
DS.d1881.s0.i0 1.0 1.377550981
DS.d1892.s0.i0 -1 -0.267098776115
