DS.d21.s0.i0 1.0 0.831833087837
DS.d36.s0.i0 1.0 2.55817237961
DS.d36.s1.i0 1.0 0.824847597493
DS.d36.s2.i0 1.0 2.8421811399
DS.d36.s2.i1 1.0 2.97508533232
DS.d37.s0.i0 -1 -0.0109670555497
DS.d37.s1.i0 -1 -0.903598225839
DS.d37.s2.i0 -1 -0.855724240882
DS.d37.s2.i1 1.0 -0.00572564439565
DS.d37.s2.i2 -1 -0.716826543844
DS.d48.s0.i0 -1 -0.758673050181
DS.d48.s0.i1 -1 -0.758673050181
DS.d48.s0.i2 1.0 0.517457685262
DS.d48.s0.i3 1.0 0.517457685262
DS.d48.s0.i4 1.0 0.850130384954
DS.d48.s0.i5 1.0 0.850130384954
DS.d54.s0.i0 1.0 -1.16934795196
DS.d64.s0.i0 -1 -0.822734069074
DS.d65.s0.i0 -1 1.00946789051
DS.d71.s0.i0 1.0 0.718067299636
DS.d73.s0.i0 -1 0.126687084469
DS.d73.s0.i1 -1 -1.48146879032
DS.d90.s0.i0 -1 -0.231885894215
DS.d90.s0.i1 -1 -1.25506816164
DS.d90.s1.i0 1.0 1.41690603532
DS.d90.s1.i1 1.0 1.44538699464
DS.d90.s1.i2 1.0 0.125133955542
DS.d90.s1.i3 1.0 0.214456968549
DS.d90.s1.i4 1.0 0.260560326994
DS.d90.s1.i5 1.0 0.332024149618
DS.d100.s0.i0 1.0 1.34779228675
DS.d100.s1.i0 1.0 0.507436852593
DS.d100.s1.i1 1.0 0.382214871367
DS.d117.s0.i0 1.0 0.808772067379
DS.d117.s1.i0 1.0 0.211891451791
DS.d117.s1.i1 -1 -0.223552200468
DS.d117.s2.i0 1.0 1.33463777747
DS.d117.s2.i1 -1 1.62911267208
DS.d117.s2.i2 1.0 1.27373176986
DS.d117.s2.i3 -1 0.947583475656
DS.d117.s3.i0 1.0 0.19560336953
DS.d117.s3.i1 1.0 0.249650225029
DS.d117.s3.i2 1.0 0.246290393289
DS.d117.s3.i3 1.0 0.15232065439
DS.d127.s0.i0 -1 0.838707071295
DS.d131.s0.i0 1.0 1.50062384789
DS.d140.s0.i0 1.0 0.760784361168
DS.d140.s0.i1 -1 0.989250587774
DS.d140.s0.i2 1.0 0.0949700030386
DS.d141.s0.i0 1.0 0.48461477573
DS.d141.s1.i0 1.0 1.3062375617
DS.d141.s1.i1 1.0 1.49643051507
DS.d141.s2.i0 1.0 1.22764026678
DS.d143.s0.i0 1.0 0.68596999346
DS.d143.s0.i1 1.0 -0.26743041026
DS.d143.s0.i2 1.0 0.26923021756
DS.d143.s0.i3 -1 -0.564409961918
DS.d147.s0.i0 -1 -0.308140265512
DS.d147.s0.i1 -1 0.327718689595
DS.d147.s0.i2 -1 -1.12090527542
DS.d147.s0.i3 -1 0.68430865476
DS.d148.s0.i0 -1 -1.05634530684
DS.d148.s0.i1 -1 -1.46842922105
DS.d148.s0.i2 1.0 0.842237655365
DS.d148.s0.i3 -1 -0.457812926487
DS.d148.s0.i4 -1 -1.68871122389
DS.d148.s0.i5 -1 -0.866931751706
DS.d148.s0.i6 -1 -1.00855880374
DS.d148.s0.i7 -1 -0.811386847596
DS.d148.s0.i8 -1 -0.342285497454
DS.d148.s0.i9 1.0 0.78022982102
DS.d148.s0.i10 -1 -1.44552443342
DS.d148.s0.i11 1.0 0.43363445687
DS.d148.s0.i12 -1 -0.286740593341
DS.d148.s0.i13 1.0 0.881027100641
DS.d148.s0.i14 -1 -1.560338556
DS.d148.s0.i15 -1 -1.36766661608
DS.d148.s0.i16 -1 -0.982459180742
DS.d148.s0.i17 1.0 0.860852544357
DS.d148.s0.i18 -1 -1.96784805578
DS.d148.s0.i19 1.0 0.741440375744
DS.d148.s0.i20 1.0 0.512439770844
DS.d148.s0.i21 -1 -1.26951170601
DS.d148.s0.i22 1.0 0.842237655365
DS.d148.s0.i23 -1 -1.84915646812
DS.d148.s0.i24 1.0 0.881027100641
DS.d148.s0.i25 -1 -0.48391254949
DS.d148.s0.i26 -1 -0.83759198161
DS.d148.s1.i0 -1 -1.49621801265
DS.d148.s1.i1 1.0 1.6177653971
DS.d148.s1.i2 -1 -1.47154410798
DS.d148.s1.i3 -1 -1.34113677796
DS.d148.s1.i4 1.0 1.99957562771
DS.d148.s1.i5 -1 0.241181622468
DS.d148.s1.i6 -1 -1.20479881597
DS.d148.s1.i7 -1 -0.354896930714
DS.d151.s0.i0 -1 1.75714958107
DS.d165.s0.i0 -1 1.00123605397
DS.d165.s0.i1 -1 1.33131810053
DS.d165.s0.i2 -1 0.0389746837177
DS.d165.s0.i3 -1 0.412870335647
DS.d165.s0.i4 1.0 0.886720985616
DS.d165.s0.i5 1.0 1.5323925189
DS.d165.s3.i0 -1 0.857886452112
DS.d165.s3.i2 -1 1.15959007765
DS.d165.s6.i1 1.0 1.07684891977
DS.d165.s6.i2 1.0 1.143483941
DS.d165.s6.i3 1.0 1.49594402346
DS.d165.s6.i5 1.0 1.49378457969
DS.d166.s0.i0 1.0 0.504947534093
DS.d186.s0.i0 -1 0.387547833262
DS.d186.s0.i1 -1 0.429355993307
DS.d186.s0.i2 -1 0.331485053553
DS.d196.s0.i0 1.0 1.60325538637
DS.d196.s0.i1 1.0 0.738518176064
DS.d196.s0.i2 1.0 1.3576269911
DS.d196.s0.i3 1.0 1.31600014975
DS.d196.s1.i0 1.0 1.03541027947
DS.d199.s0.i0 1.0 0.836831331147
DS.d199.s0.i1 1.0 0.527868361636
DS.d217.s0.i0 1.0 2.29866293059
DS.d217.s1.i0 -1 0.754502513191
DS.d217.s1.i1 -1 0.837678244436
DS.d221.s0.i0 1.0 0.837635919313
DS.d233.s0.i0 1.0 0.632286990233
DS.d235.s0.i0 1.0 1.40423497235
DS.d235.s1.i0 -1 0.480072800804
DS.d235.s1.i1 -1 0.302155150771
DS.d250.s0.i0 1.0 0.748992021541
DS.d250.s0.i1 1.0 0.00606769788756
DS.d250.s1.i0 1.0 0.871927945999
DS.d251.s0.i0 -1 -1.11945337458
DS.d251.s0.i1 -1 -1.36626652322
DS.d251.s0.i2 -1 0.279510711245
DS.d251.s0.i3 -1 0.721075248184
DS.d251.s0.i4 -1 -1.31301441321
DS.d251.s0.i5 -1 -1.33228802995
DS.d251.s0.i6 -1 0.245532217976
DS.d251.s0.i7 -1 -1.26463389796
DS.d251.s0.i8 -1 -1.15343186785
DS.d276.s0.i1 -1 -0.743178419964
DS.d276.s0.i2 -1 -0.762338767901
DS.d282.s1.i0 1.0 0.369849216451
DS.d309.s0.i0 1.0 0.98582320435
DS.d309.s2.i0 1.0 0.762946667484
DS.d309.s2.i1 1.0 0.680195600948
DS.d315.s0.i0 -1 -2.25078583406
DS.d315.s0.i1 -1 -2.20126987271
DS.d315.s0.i2 -1 -1.52743993031
DS.d315.s0.i3 -1 -1.47792396895
DS.d321.s0.i0 -1 -0.314815273792
DS.d321.s0.i1 -1 0.163420512659
DS.d321.s0.i2 -1 -1.03545437074
DS.d321.s0.i4 -1 -0.226805244634
DS.d324.s0.i0 -1 1.39266019677
DS.d351.s0.i0 -1 -1.40733956934
DS.d351.s0.i1 -1 -1.27628711746
DS.d351.s0.i2 -1 -1.17930163942
DS.d351.s0.i3 -1 -1.32877625534
DS.d353.s0.i0 1.0 0.859997981417
DS.d353.s0.i1 1.0 1.34210354206
DS.d355.s0.i0 -1 -0.985249698429
DS.d369.s0.i0 1.0 -0.563911387656
DS.d369.s1.i0 1.0 0.615815577137
DS.d394.s0.i0 1.0 1.26397234864
DS.d394.s0.i1 1.0 1.01769344842
DS.d403.s0.i0 -1 -0.775253441259
DS.d412.s0.i0 1.0 1.01872454043
DS.d419.s0.i0 -1 0.193840433051
DS.d425.s0.i0 -1 -0.52668800496
DS.d425.s0.i1 -1 -0.544855877063
DS.d437.s0.i0 -1 0.327898961581
DS.d437.s0.i1 -1 1.24143541689
DS.d437.s0.i2 1.0 1.76088108926
DS.d440.s0.i0 1.0 -0.153686197972
DS.d442.s0.i0 1.0 0.914982664069
DS.d459.s0.i0 -1 0.53807155164
DS.d459.s0.i1 -1 -0.301046783395
DS.d459.s0.i2 -1 0.172667710768
DS.d459.s0.i3 -1 0.848156078512
DS.d474.s0.i0 -1 2.0359842465
DS.d483.s0.i0 -1 0.0815108800886
DS.d483.s1.i0 1.0 2.00811076493
DS.d501.s0.i0 1.0 0.515921420981
DS.d501.s0.i1 1.0 0.521930795633
DS.d505.s0.i0 -1 1.37481806572
DS.d511.s0.i0 -1 0.733953278483
DS.d511.s0.i1 -1 0.813308273613
DS.d521.s0.i0 1.0 1.10304587884
DS.d521.s0.i1 1.0 0.890351557989
DS.d542.s0.i0 1.0 1.88305938289
DS.d542.s0.i1 -1 0.317833568529
DS.d542.s1.i0 1.0 1.90602528832
DS.d553.s0.i0 1.0 -0.261143877425
DS.d553.s0.i1 1.0 -0.549269958967
DS.d564.s0.i0 -1 -1.89691312439
DS.d564.s0.i1 -1 -3.14638700268
DS.d569.s0.i0 -1 2.19065859197
DS.d569.s0.i1 1.0 1.38596972969
DS.d575.s0.i0 1.0 1.94006661813
DS.d575.s1.i0 1.0 0.518313318329
DS.d575.s1.i1 1.0 1.61630946849
DS.d575.s2.i0 -1 0.608693038993
DS.d576.s0.i0 -1 0.754336632113
DS.d576.s0.i1 1.0 0.433981972341
DS.d576.s0.i2 -1 1.13170277783
DS.d576.s1.i1 1.0 1.33562358063
DS.d576.s2.i0 1.0 1.24548922524
DS.d576.s2.i1 1.0 0.90151922532
DS.d600.s0.i0 1.0 2.48829633807
DS.d604.s0.i0 1.0 1.10829534759
DS.d626.s0.i0 1.0 1.89152905811
DS.d626.s1.i0 1.0 1.88367092047
DS.d626.s2.i0 1.0 1.53260057772
DS.d626.s3.i0 1.0 1.87031850081
DS.d631.s0.i0 1.0 0.593085946701
DS.d631.s0.i1 1.0 1.0311734607
DS.d638.s0.i0 1.0 1.72146334355
DS.d638.s0.i1 1.0 2.8697492173
DS.d638.s0.i2 1.0 1.95802257117
DS.d638.s0.i3 1.0 0.692543425919
DS.d642.s0.i0 -1 0.324772954857
DS.d644.s0.i0 -1 0.11529177957
DS.d657.s0.i0 1.0 0.161455981846
DS.d665.s0.i0 1.0 0.212575733798
DS.d696.s0.i0 -1 0.797209500164
DS.d696.s0.i1 -1 1.16910493252
DS.d696.s0.i2 -1 1.2246201339
DS.d696.s0.i3 1.0 1.25729580968
DS.d696.s0.i4 1.0 1.75765248698
DS.d696.s0.i5 -1 0.878301320622
DS.d696.s1.i0 1.0 1.20632920044
DS.d696.s1.i1 -1 1.0736204018
DS.d696.s2.i0 1.0 2.25854318837
DS.d696.s3.i0 1.0 2.05164298025
DS.d696.s3.i1 1.0 1.40140326586
DS.d696.s3.i2 -1 0.826001637756
DS.d696.s4.i0 1.0 2.01262381121
DS.d696.s5.i0 1.0 1.07045178339
DS.d696.s5.i1 1.0 1.90851797189
DS.d696.s5.i2 -1 1.68879025902
DS.d706.s0.i0 1.0 0.497741338941
DS.d740.s0.i0 1.0 0.230015224583
DS.d740.s0.i1 1.0 0.134779601301
DS.d746.s0.i0 1.0 1.28431651065
DS.d751.s0.i0 1.0 0.833707893976
DS.d758.s0.i0 1.0 0.347790725562
DS.d765.s0.i0 -1 -0.302367688352
DS.d765.s0.i1 -1 1.25627355991
DS.d765.s0.i2 -1 -0.302367688352
DS.d765.s0.i3 -1 1.25627355991
DS.d765.s1.i0 -1 0.0919094374863
DS.d765.s1.i1 -1 -0.114895180974
DS.d765.s1.i2 -1 0.0919094374863
DS.d765.s1.i3 -1 -0.114895180974
DS.d774.s0.i0 -1 0.390437268448
DS.d774.s0.i1 1.0 0.25245907602
DS.d774.s1.i0 -1 0.173990992702
DS.d774.s1.i1 1.0 1.4130490713
DS.d783.s0.i0 1.0 0.031856259724
DS.d786.s0.i0 1.0 2.91431229605
DS.d786.s1.i0 1.0 1.97129092543
DS.d787.s0.i0 1.0 1.05836817713
DS.d787.s0.i1 1.0 0.945729193778
DS.d787.s1.i0 1.0 1.93740107704
DS.d791.s0.i0 1.0 1.12697897744
DS.d806.s0.i0 -1 -0.119979385956
DS.d806.s0.i1 -1 0.566044040107
DS.d806.s0.i2 -1 0.802111741964
DS.d809.s0.i0 1.0 1.32822931538
DS.d809.s1.i0 1.0 -0.743951403049
DS.d809.s1.i1 1.0 -0.49345090373
DS.d824.s0.i0 1.0 1.98651227818
DS.d824.s0.i1 1.0 0.454814298008
DS.d830.s0.i0 1.0 1.44945004627
DS.d830.s1.i0 1.0 1.17267299632
DS.d833.s0.i0 1.0 1.6146888272
DS.d836.s0.i0 -1 -1.0441872517
DS.d836.s0.i1 -1 -0.872563204529
DS.d836.s0.i2 -1 -0.719868428488
DS.d836.s0.i3 -1 -0.352526304149
DS.d836.s0.i4 -1 -0.870166770703
DS.d836.s0.i5 -1 -0.951556547394
DS.d836.s0.i6 -1 -0.645316001255
DS.d836.s0.i7 -1 -0.678762778383
DS.d836.s0.i8 -1 -0.501228456751
DS.d836.s0.i9 -1 -0.685289405938
DS.d841.s0.i0 1.0 1.31731562619
DS.d841.s1.i0 1.0 0.989809800804
DS.d842.s0.i0 -1 -0.127396069626
DS.d842.s0.i1 -1 -0.154139674873
DS.d842.s0.i2 -1 0.364301184304
DS.d842.s0.i3 -1 -1.92904993725
DS.d842.s1.i0 -1 0.0983363034585
DS.d842.s1.i1 -1 0.917626291857
DS.d842.s1.i2 -1 0.30322153647
DS.d842.s1.i3 -1 -0.30953044292
DS.d848.s0.i2 1.0 1.38200234643
DS.d858.s0.i0 1.0 -0.699668651451
DS.d858.s0.i1 1.0 -0.586948461309
DS.d858.s0.i2 1.0 -0.906436461746
DS.d863.s0.i0 -1 0.121179389548
DS.d863.s1.i0 -1 -1.26969276835
DS.d863.s1.i1 -1 -1.25089649818
DS.d863.s2.i0 1.0 -0.712241663558
DS.d898.s0.i0 -1 0.675238181575
DS.d898.s1.i0 1.0 0.752922689568
DS.d898.s2.i0 1.0 1.18218641836
DS.d898.s2.i1 1.0 1.14490444197
DS.d898.s2.i2 1.0 1.18218641836
DS.d900.s0.i0 1.0 -1.02532369958
DS.d900.s0.i1 1.0 -0.789473466329
DS.d913.s0.i0 -1 0.553650028372
DS.d918.s0.i0 -1 -1.2735639219
DS.d918.s0.i1 -1 -0.121120905886
DS.d918.s0.i2 -1 -0.763738341687
DS.d918.s0.i3 -1 -1.23682108516
DS.d919.s0.i0 -1 -0.934661684784
DS.d919.s0.i1 -1 -0.498236808203
DS.d919.s0.i2 -1 -1.19806687236
DS.d919.s1.i0 -1 0.397158921496
DS.d919.s1.i1 -1 0.100909352366
DS.d935.s0.i0 -1 0.320266218749
DS.d935.s0.i1 -1 0.206076073853
DS.d937.s0.i0 1.0 -0.335158918845
DS.d937.s0.i1 1.0 -0.36097706302
DS.d961.s0.i0 1.0 1.4097153006
DS.d971.s0.i0 -1 -1.46641439888
DS.d971.s1.i0 -1 -1.28211948775
DS.d977.s0.i0 1.0 0.571935384658
DS.d985.s0.i0 1.0 -0.0101484419872
DS.d1010.s0.i0 1.0 1.2344647712
DS.d1010.s0.i1 1.0 0.54339640478
DS.d1010.s0.i2 1.0 1.2088582369
DS.d1010.s0.i3 1.0 0.489245810764
DS.d1014.s0.i0 1.0 0.00691188705864
DS.d1016.s0.i0 1.0 0.517707922493
DS.d1016.s0.i1 1.0 0.853843024346
DS.d1019.s0.i0 -1 -1.44259920818
DS.d1019.s0.i1 -1 -1.89057295443
DS.d1019.s1.i0 -1 -1.09673450611
DS.d1031.s0.i0 1.0 -0.104581347618
DS.d1031.s0.i1 -1 -0.031312827345
DS.d1031.s0.i2 -1 1.26345005644
DS.d1031.s0.i3 1.0 0.71081865971
DS.d1031.s0.i4 1.0 -0.326333525116
DS.d1031.s0.i5 -1 0.335820677143
DS.d1031.s0.i6 1.0 1.21399872283
DS.d1031.s0.i7 -1 1.15733871741
DS.d1031.s0.i8 1.0 -0.420931423198
DS.d1031.s0.i9 1.0 0.855965337229
DS.d1031.s0.i10 -1 1.57195124423
DS.d1031.s0.i11 -1 0.0305059829459
DS.d1031.s1.i0 1.0 1.65297819066
DS.d1031.s1.i1 1.0 1.87355720886
DS.d1031.s1.i2 -1 2.77982144204
DS.d1033.s0.i0 1.0 1.04444334492
DS.d1033.s0.i1 1.0 0.901593995011
DS.d1037.s0.i0 1.0 1.81365552521
DS.d1066.s0.i0 1.0 1.20693297517
DS.d1066.s0.i1 1.0 1.20693297517
DS.d1067.s0.i0 1.0 0.108438514625
DS.d1091.s0.i0 1.0 0.681899752784
DS.d1091.s0.i1 1.0 0.734207953255
DS.d1091.s0.i2 1.0 0.642433355416
DS.d1104.s0.i0 1.0 -0.550156641526
DS.d1104.s1.i0 -1 0.365496127011
DS.d1105.s0.i0 1.0 0.649921296147
DS.d1123.s0.i0 1.0 1.47436427517
DS.d1123.s1.i0 1.0 1.31961642952
DS.d1123.s1.i1 1.0 1.37611498804
DS.d1131.s0.i0 -1 -1.42889625567
DS.d1137.s0.i0 -1 -0.316183434306
DS.d1160.s0.i0 1.0 1.13559534416
DS.d1168.s0.i0 1.0 1.6150196544
DS.d1190.s0.i0 1.0 0.788165507364
DS.d1200.s0.i0 -1 0.98085308986
DS.d1211.s0.i0 -1 0.735140759251
DS.d1211.s1.i0 -1 -0.205721407524
DS.d1215.s0.i0 -1 0.589612705704
DS.d1215.s0.i1 1.0 1.57990114428
DS.d1215.s1.i0 -1 -0.0125469561889
DS.d1215.s1.i1 -1 -0.0348186330897
DS.d1215.s1.i2 -1 0.635348072881
DS.d1215.s1.i3 -1 0.546482430095
DS.d1217.s0.i0 1.0 0.0681070496289
DS.d1217.s0.i1 1.0 0.549171245736
DS.d1217.s1.i0 1.0 0.997987253003
DS.d1233.s0.i0 -1 -0.250817987217
DS.d1234.s0.i0 -1 0.00746860257671
DS.d1234.s0.i1 1.0 0.127146408989
DS.d1234.s1.i0 1.0 2.24489051819
DS.d1261.s0.i0 1.0 0.481198158629
DS.d1265.s0.i0 -1 -0.854399268967
DS.d1265.s0.i1 -1 -0.0805142727101
DS.d1265.s0.i2 -1 -0.31376798206
DS.d1265.s0.i3 -1 -0.596572598694
DS.d1265.s0.i4 -1 -0.721709363479
DS.d1265.s0.i5 -1 -0.858087477397
DS.d1265.s0.i6 -1 -0.732950712612
DS.d1265.s0.i7 -1 -0.518705488402
DS.d1265.s0.i8 -1 -0.17250913468
DS.d1265.s0.i9 -1 0.0446224920764
DS.d1265.s0.i10 -1 -0.673847304286
DS.d1265.s0.i11 -1 -0.433343675409
DS.d1265.s0.i12 -1 -0.548710539502
DS.d1265.s0.i13 -1 -0.729262504183
DS.d1265.s0.i14 -1 -0.186953629969
DS.d1265.s0.i15 -1 -0.643842253187
DS.d1275.s0.i0 1.0 1.34260680683
DS.d1276.s0.i0 1.0 1.01885828985
DS.d1276.s0.i1 1.0 1.29189532566
DS.d1276.s0.i2 1.0 0.430725469819
DS.d1276.s0.i3 1.0 0.257827812089
DS.d1276.s1.i0 1.0 -1.32829345261
DS.d1286.s0.i0 -1 -2.14314200791
DS.d1286.s1.i0 -1 -1.06535865355
DS.d1290.s0.i0 -1 -1.31488575654
DS.d1290.s0.i1 -1 0.180131962459
DS.d1290.s0.i2 -1 -0.538577317752
DS.d1290.s0.i3 -1 -1.31824558828
DS.d1290.s0.i4 -1 -1.04331664864
DS.d1290.s0.i5 -1 -1.11043367431
DS.d1290.s0.i6 -1 -1.38584071881
DS.d1290.s0.i7 -1 0.360293655524
DS.d1290.s0.i8 -1 -0.203104472434
DS.d1290.s0.i9 -1 -1.31488575654
DS.d1290.s0.i10 -1 -1.04667648038
DS.d1290.s0.i11 -1 -0.193097876922
DS.d1290.s0.i12 -1 -0.121430324004
DS.d1290.s0.i13 -1 -1.04331664864
DS.d1290.s0.i14 -1 -0.3897481603
DS.d1290.s0.i15 -1 0.108464409542
DS.d1290.s0.i16 -1 -1.31488575654
DS.d1290.s0.i17 -1 -1.38584071881
DS.d1290.s0.i18 -1 -1.31824558828
DS.d1290.s0.i19 -1 -1.31488575654
DS.d1290.s0.i20 -1 0.098457814028
DS.d1290.s0.i21 -1 -0.308074011869
DS.d1290.s0.i22 -1 -0.351933629887
DS.d1290.s0.i23 -1 -0.0503713434268
DS.d1298.s0.i0 1.0 2.5926067636
DS.d1298.s0.i1 -1 2.17126002019
DS.d1298.s1.i0 1.0 1.15015902145
DS.d1298.s1.i1 1.0 0.95814612163
DS.d1298.s2.i0 1.0 1.36825581613
DS.d1320.s0.i0 1.0 -0.738274810043
DS.d1320.s0.i1 1.0 -0.256377248073
DS.d1327.s0.i0 -1 1.10692155725
DS.d1327.s0.i1 -1 0.893790816984
DS.d1343.s0.i0 1.0 0.00208476364096
DS.d1347.s0.i0 1.0 1.25467301034
DS.d1353.s0.i0 1.0 2.09472577061
DS.d1359.s0.i0 -1 0.891178687427
DS.d1359.s1.i0 -1 -1.37498198085
DS.d1388.s0.i0 1.0 0.672028960605
DS.d1403.s0.i0 1.0 0.80727003257
DS.d1403.s1.i0 1.0 -0.0352204599975
DS.d1413.s0.i0 1.0 0.0402620308141
DS.d1413.s0.i1 1.0 0.0402620308141
DS.d1413.s0.i2 1.0 0.467835042668
DS.d1413.s0.i3 1.0 0.467835042668
DS.d1424.s0.i0 -1 0.124020684344
DS.d1427.s0.i0 1.0 1.75684744028
DS.d1427.s0.i1 -1 1.00161385253
DS.d1429.s0.i0 -1 0.690121994862
DS.d1429.s0.i1 -1 -0.0600582588439
DS.d1429.s0.i2 -1 -0.00310073916994
DS.d1450.s0.i0 -1 -0.801179017022
DS.d1450.s0.i1 -1 -1.03709209102
DS.d1454.s0.i0 -1 -0.579463196869
DS.d1454.s0.i1 1.0 0.603786983105
DS.d1454.s0.i2 1.0 1.00940342811
DS.d1484.s0.i0 -1 1.13141481942
DS.d1484.s1.i0 1.0 2.01970565615
DS.d1486.s0.i0 1.0 0.902830031577
DS.d1487.s0.i0 1.0 1.78534982652
DS.d1487.s0.i1 1.0 2.0045819022
DS.d1487.s1.i0 1.0 1.48432040389
DS.d1487.s1.i1 1.0 1.58711220983
DS.d1487.s2.i0 1.0 1.84634626324
DS.d1487.s3.i0 1.0 0.0603939757006
DS.d1503.s0.i0 1.0 1.42974945374
DS.d1503.s1.i0 1.0 0.230894507118
DS.d1504.s0.i0 -1 -0.0735533392553
DS.d1504.s0.i1 -1 1.03815159083
DS.d1504.s0.i2 -1 -0.107531832522
DS.d1504.s0.i3 -1 -0.505114219243
DS.d1506.s0.i0 1.0 -0.709435536455
DS.d1506.s1.i0 1.0 -0.465965682542
DS.d1506.s2.i0 1.0 1.67597304787
DS.d1506.s3.i0 1.0 0.665346376743
DS.d1506.s4.i0 1.0 1.25278903093
DS.d1518.s0.i0 -1 1.30970561834
DS.d1524.s0.i0 -1 2.00373014771
DS.d1524.s0.i1 -1 1.69922843479
DS.d1524.s0.i2 1.0 1.57694010803
DS.d1524.s0.i3 -1 1.65838543099
DS.d1524.s0.i4 -1 1.95812616964
DS.d1524.s0.i5 1.0 1.6518987983
DS.d1531.s0.i0 1.0 0.853049237895
DS.d1537.s0.i0 1.0 2.16124827471
DS.d1542.s0.i0 -1 -0.954914060869
DS.d1542.s0.i1 1.0 -0.656520400389
DS.d1542.s0.i2 -1 -0.272581181484
DS.d1542.s0.i3 -1 -0.151465181105
DS.d1542.s0.i4 -1 -0.877366071074
DS.d1542.s0.i5 -1 -0.190254626378
DS.d1542.s0.i6 -1 0.0239318583725
DS.d1542.s0.i7 -1 0.161369504697
DS.d1542.s0.i8 -1 -0.916124615596
DS.d1542.s0.i9 -1 -0.28585812961
DS.d1562.s0.i0 1.0 0.734887973039
DS.d1591.s0.i0 1.0 0.728535244739
DS.d1596.s0.i0 1.0 0.144332723297
DS.d1596.s1.i0 1.0 1.32076453437
DS.d1596.s1.i1 1.0 1.64866984221
DS.d1641.s0.i0 1.0 0.928000842827
DS.d1641.s0.i1 1.0 0.659588944187
DS.d1642.s0.i0 -1 1.61679410535
DS.d1642.s0.i1 -1 1.26900933598
DS.d1642.s1.i0 -1 -0.290176797316
DS.d1642.s1.i1 -1 -0.0405557104421
DS.d1642.s1.i2 -1 -0.388950334467
DS.d1642.s1.i3 -1 -0.444595311121
DS.d1653.s0.i0 1.0 1.91807890221
DS.d1653.s0.i1 1.0 1.67657509149
DS.d1653.s1.i0 1.0 -0.323985099656
DS.d1653.s1.i1 1.0 1.24035667203
DS.d1653.s2.i0 1.0 -0.000870937263501
DS.d1653.s3.i0 -1 -0.176829626832
DS.d1653.s4.i0 -1 -0.644630511348
DS.d1653.s4.i1 -1 -1.01621375704
DS.d1674.s0.i0 -1 -0.722226761
DS.d1674.s0.i1 -1 -0.341381287957
DS.d1679.s0.i0 -1 -1.85266264847
DS.d1685.s0.i0 1.0 2.05915022329
DS.d1685.s1.i0 1.0 0.773066893975
DS.d1689.s0.i0 1.0 0.500275572554
DS.d1690.s0.i0 1.0 -0.378823691919
DS.d1690.s0.i1 1.0 0.951918721585
DS.d1726.s0.i1 -1 0.968788321592
DS.d1726.s0.i3 -1 0.335832589941
DS.d1726.s0.i6 -1 0.588424038197
DS.d1726.s0.i7 -1 0.018240610787
DS.d1726.s1.i0 1.0 1.55032395246
DS.d1726.s1.i1 1.0 0.863470500064
DS.d1726.s2.i0 -1 1.87293568136
DS.d1726.s2.i1 -1 1.87293568136
DS.d1754.s0.i0 -1 0.934817393085
DS.d1754.s0.i1 -1 1.32605496188
DS.d1800.s0.i0 -1 -0.813911649838
DS.d1800.s0.i1 1.0 0.600733719614
DS.d1800.s0.i2 -1 -1.1587861832
DS.d1822.s0.i0 -1 0.436159567851
DS.d1839.s0.i0 1.0 0.540901956992
DS.d1839.s0.i1 1.0 0.972817328391
DS.d1839.s0.i2 1.0 0.965004829497
DS.d1839.s0.i3 1.0 0.535731543143
DS.d1839.s1.i0 1.0 0.148020117826
DS.d1839.s1.i1 1.0 0.140876416946
DS.d1839.s2.i0 1.0 0.296271512477
DS.d1839.s3.i0 1.0 0.208036703989
DS.d1839.s4.i0 -1 0.430486592185
DS.d1850.s0.i0 1.0 0.48302245237
DS.d1870.s0.i0 -1 -0.331616534241
DS.d1878.s1.i0 1.0 0.472217211987
