DS.d7.s0.i1 1.0 0.885450895002
DS.d7.s0.i2 1.0 1.19905459223
DS.d7.s1.i0 -1 1.05452843101
DS.d7.s1.i1 1.0 1.24580744974
DS.d7.s2.i0 -1 0.756553309357
DS.d7.s2.i1 -1 0.781688908603
DS.d11.s0.i0 1.0 0.783669683888
DS.d11.s0.i1 1.0 0.985170871107
DS.d30.s0.i0 -1 -0.949870847722
DS.d30.s0.i1 -1 -0.421071941732
DS.d30.s0.i2 -1 -0.421071941732
DS.d53.s0.i0 1.0 1.27302697782
DS.d82.s0.i0 1.0 1.00032221406
DS.d91.s0.i0 -1 -0.95514012685
DS.d91.s0.i1 -1 -0.947398051652
DS.d91.s0.i2 -1 -1.11389118375
DS.d91.s0.i3 -1 -0.664441282804
DS.d91.s0.i4 -1 -1.01955620387
DS.d91.s0.i5 1.0 0.712637985102
DS.d135.s0.i0 -1 -1.57907819082
DS.d135.s0.i1 -1 -1.16127055928
DS.d135.s1.i0 1.0 0.692143043038
DS.d135.s1.i1 -1 0.753304265731
DS.d135.s1.i2 -1 0.474697173499
DS.d145.s0.i0 1.0 1.04113145099
DS.d145.s1.i0 1.0 1.7947860734
DS.d178.s0.i0 1.0 1.92636067825
DS.d178.s1.i0 -1 -0.716479242536
DS.d178.s1.i1 -1 -0.35966961065
DS.d180.s0.i0 1.0 1.19569722171
DS.d180.s0.i1 1.0 0.858966189615
DS.d180.s1.i0 1.0 2.07029580812
DS.d180.s2.i0 1.0 1.19013815333
DS.d180.s2.i1 1.0 1.76895591412
DS.d183.s0.i0 1.0 0.495452262619
DS.d183.s0.i1 1.0 0.501010394391
DS.d183.s0.i2 1.0 0.290347528086
DS.d189.s0.i0 -1 0.663023707831
DS.d200.s0.i0 1.0 0.73524912709
DS.d200.s0.i1 -1 0.0949651643211
DS.d201.s0.i0 1.0 0.32722276775
DS.d201.s0.i1 1.0 0.934244343357
DS.d201.s0.i2 1.0 1.24015221774
DS.d201.s0.i3 1.0 0.0976228739089
DS.d201.s0.i4 1.0 0.436670210405
DS.d201.s0.i5 1.0 0.32722276775
DS.d201.s0.i6 1.0 0.703714829113
DS.d201.s0.i7 1.0 0.256692135142
DS.d201.s0.i8 1.0 0.909331035829
DS.d216.s0.i0 -1 1.02340862615
DS.d216.s0.i1 1.0 0.951823684039
DS.d216.s1.i0 1.0 0.498402163762
DS.d216.s2.i0 1.0 0.0200614142469
DS.d216.s3.i0 1.0 1.43849118555
DS.d216.s3.i1 1.0 1.8429132783
DS.d232.s0.i0 -1 0.920260285668
DS.d232.s0.i1 -1 0.243687935874
DS.d232.s0.i2 -1 0.974544499551
DS.d232.s0.i3 -1 0.478046826332
DS.d232.s0.i4 -1 0.598548751509
DS.d232.s0.i5 -1 0.518642557856
DS.d232.s1.i0 1.0 1.70033795941
DS.d232.s1.i1 1.0 1.59604055738
DS.d232.s1.i2 1.0 1.67558306856
DS.d232.s1.i3 1.0 1.85170207294
DS.d232.s2.i0 -1 -1.03870223774
DS.d234.s0.i0 1.0 0.593639302923
DS.d238.s0.i0 -1 1.05543517453
DS.d247.s0.i0 -1 -0.439649507797
DS.d247.s0.i1 1.0 -0.216719975939
DS.d247.s0.i2 1.0 0.0130594105045
DS.d247.s0.i3 -1 -0.792970578106
DS.d247.s0.i4 1.0 0.413694544898
DS.d247.s0.i5 -1 -0.606589966156
DS.d247.s0.i6 -1 -0.758613467755
DS.d247.s0.i7 -1 -0.425431900342
DS.d247.s0.i8 -1 -0.980431938114
DS.d247.s0.i9 -1 -0.830276687376
DS.d247.s0.i10 -1 -0.68864315099
DS.d247.s0.i11 -1 -0.566424880887
DS.d247.s0.i12 -1 -0.0111252670584
DS.d247.s0.i13 1.0 -0.130703282136
DS.d247.s0.i14 -1 -0.81248009337
DS.d247.s0.i15 1.0 0.067239404192
DS.d247.s0.i16 -1 -0.614072909652
DS.d247.s0.i17 -1 -1.01758719983
DS.d247.s0.i18 1.0 -0.198988002226
DS.d247.s0.i19 -1 -1.03896388695
DS.d247.s0.i20 1.0 -0.267373492324
DS.d247.s0.i21 -1 -0.510401388681
DS.d247.s0.i22 1.0 -0.078117651222
DS.d247.s0.i23 -1 -0.749554809637
DS.d252.s0.i0 1.0 -0.0242934364663
DS.d252.s1.i0 1.0 1.62912783598
DS.d252.s1.i1 1.0 1.61461828866
DS.d252.s1.i2 1.0 1.47529633905
DS.d252.s2.i0 -1 -0.036122024735
DS.d252.s2.i1 -1 0.0622163594061
DS.d252.s2.i2 -1 0.271148389807
DS.d259.s0.i0 -1 -0.755544256044
DS.d260.s0.i0 1.0 0.652482032017
DS.d260.s0.i1 1.0 0.227915202482
DS.d260.s0.i2 -1 0.133362839842
DS.d260.s1.i0 1.0 0.2624810028
DS.d260.s1.i1 1.0 0.2624810028
DS.d289.s0.i0 1.0 0.246993825398
DS.d289.s0.i1 -1 -0.283255509058
DS.d289.s0.i2 -1 -0.393676760555
DS.d294.s0.i0 1.0 0.219818390187
DS.d294.s0.i1 1.0 -0.0561080703197
DS.d294.s0.i2 1.0 0.95972523974
DS.d296.s0.i0 1.0 0.716928972298
DS.d300.s0.i0 1.0 1.5249850537
DS.d306.s0.i0 1.0 1.80906978276
DS.d306.s0.i1 -1 0.492792783798
DS.d306.s1.i0 1.0 0.757090554957
DS.d306.s1.i1 1.0 1.21464722853
DS.d306.s1.i2 1.0 1.09037670601
DS.d306.s1.i3 1.0 0.657212891567
DS.d306.s1.i4 1.0 1.20468091124
DS.d306.s1.i5 1.0 0.968778672966
DS.d306.s2.i0 -1 0.342895198396
DS.d306.s3.i0 -1 0.160909909193
DS.d306.s4.i0 1.0 -0.398462718822
DS.d306.s4.i1 1.0 -0.459881711536
DS.d334.s0.i0 1.0 1.22996265446
DS.d334.s1.i0 -1 1.0080075329
DS.d341.s0.i1 1.0 2.14629439946
DS.d341.s1.i0 -1 1.36705982398
DS.d341.s1.i1 -1 1.22782959964
DS.d341.s2.i0 1.0 1.06398516691
DS.d341.s2.i1 -1 -0.810025619674
DS.d346.s0.i0 1.0 1.37955011343
DS.d346.s1.i1 1.0 1.14107685625
DS.d361.s0.i0 -1 0.693684734531
DS.d361.s1.i0 1.0 1.36252429263
DS.d361.s1.i1 -1 -0.372423290206
DS.d361.s2.i0 1.0 0.896119073778
DS.d361.s2.i1 -1 1.51377532926
DS.d365.s0.i0 -1 0.795796070408
DS.d365.s0.i1 1.0 0.771819509114
DS.d365.s1.i0 -1 0.694808409222
DS.d365.s1.i1 -1 0.477560896371
DS.d365.s1.i2 -1 0.8129306919
DS.d368.s0.i0 1.0 0.529080111643
DS.d385.s0.i0 1.0 1.9997965365
DS.d385.s0.i1 1.0 2.0909054395
DS.d385.s1.i0 1.0 2.59679393617
DS.d385.s2.i0 -1 -0.337128357331
DS.d408.s0.i0 1.0 1.14658709626
DS.d408.s0.i1 1.0 1.37353649597
DS.d413.s0.i3 1.0 1.97309184981
DS.d414.s0.i0 1.0 1.07387829943
DS.d414.s0.i1 1.0 1.13943078911
DS.d436.s0.i0 1.0 1.05373005344
DS.d438.s0.i0 1.0 1.17501323478
DS.d441.s0.i0 1.0 1.42632130131
DS.d441.s1.i0 1.0 0.812628268176
DS.d441.s2.i0 1.0 0.844178682828
DS.d443.s0.i0 1.0 0.397001158795
DS.d443.s0.i1 1.0 1.22861435993
DS.d443.s1.i0 1.0 0.47306399874
DS.d443.s1.i1 1.0 0.86011573748
DS.d443.s1.i2 1.0 0.90806458224
DS.d443.s2.i0 1.0 0.652488606878
DS.d443.s2.i1 -1 0.956892709146
DS.d443.s2.i2 1.0 0.912012537741
DS.d454.s0.i0 -1 -0.0988224373184
DS.d454.s0.i1 1.0 0.919812060332
DS.d454.s0.i2 -1 0.2883421111
DS.d491.s0.i0 1.0 0.934799558758
DS.d491.s0.i1 1.0 0.69749517868
DS.d491.s1.i0 -1 -0.787602720591
DS.d495.s0.i0 1.0 1.37679008038
DS.d499.s0.i0 1.0 1.7752047707
DS.d520.s1.i0 1.0 -0.436995228082
DS.d520.s1.i1 1.0 0.061798437708
DS.d520.s1.i2 -1 0.696620532951
DS.d524.s0.i0 1.0 1.56776193818
DS.d539.s0.i0 1.0 0.296923112023
DS.d539.s0.i1 -1 -1.24929855723
DS.d551.s0.i0 1.0 1.52434971725
DS.d578.s0.i0 -1 0.31576465459
DS.d578.s0.i1 -1 0.879378578963
DS.d578.s0.i2 -1 0.333603237038
DS.d590.s0.i0 1.0 0.53950018879
DS.d598.s0.i0 1.0 0.927473634595
DS.d598.s0.i1 1.0 0.927473634595
DS.d603.s0.i0 -1 -0.235173700287
DS.d603.s0.i1 1.0 1.11688568846
DS.d609.s0.i0 -1 0.449383886728
DS.d609.s0.i1 -1 1.55185802927
DS.d609.s1.i0 -1 -0.332632945219
DS.d609.s1.i1 -1 0.05280723335
DS.d609.s1.i2 1.0 1.45762645785
DS.d610.s0.i0 1.0 0.72755605345
DS.d612.s0.i0 1.0 0.460709193239
DS.d612.s0.i1 1.0 0.453485752786
DS.d615.s0.i0 1.0 1.01395634853
DS.d636.s0.i0 -1 -0.254545761648
DS.d636.s0.i1 1.0 0.243652039272
DS.d639.s0.i0 -1 -0.415528178984
DS.d653.s0.i0 1.0 -0.390516570406
DS.d653.s0.i1 1.0 -0.220443483656
DS.d653.s0.i2 1.0 0.153594642142
DS.d654.s0.i0 1.0 1.40024469863
DS.d654.s1.i0 1.0 1.67383636728
DS.d672.s0.i0 1.0 0.240521779305
DS.d672.s0.i1 -1 0.991515891149
DS.d672.s0.i2 1.0 0.692851480075
DS.d672.s0.i4 1.0 0.591625144737
DS.d672.s0.i5 -1 1.20275305742
DS.d672.s0.i6 -1 0.845976910185
DS.d672.s0.i8 1.0 0.435448258315
DS.d672.s0.i10 -1 -0.680432915922
DS.d672.s0.i11 -1 0.75845927543
DS.d675.s0.i0 1.0 1.36553661326
DS.d678.s0.i0 -1 -0.28043579541
DS.d678.s0.i1 -1 0.148490041178
DS.d678.s0.i2 -1 -0.429409345012
DS.d678.s0.i3 -1 -0.50509222035
DS.d683.s0.i0 -1 0.307688504135
DS.d683.s0.i1 -1 0.0794267419278
DS.d683.s0.i2 -1 0.0830188145316
DS.d683.s0.i3 -1 0.254833337811
DS.d683.s0.i4 -1 -0.116723596637
DS.d683.s0.i5 -1 0.499892491239
DS.d685.s0.i0 1.0 1.02594982997
DS.d685.s0.i1 1.0 0.575769162835
DS.d685.s0.i2 1.0 0.805603671181
DS.d685.s1.i1 1.0 1.59730483255
DS.d689.s0.i0 -1 0.678994007467
DS.d689.s0.i1 -1 0.799394318651
DS.d714.s0.i0 -1 0.0865522679515
DS.d714.s0.i1 -1 -0.797203228693
DS.d714.s1.i0 -1 -0.861007998512
DS.d714.s2.i0 -1 -1.08952571748
DS.d718.s0.i0 -1 0.249330824982
DS.d718.s0.i1 -1 -0.739146086312
DS.d718.s1.i0 -1 -1.75876712371
DS.d718.s1.i1 -1 -1.05495802719
DS.d718.s1.i2 -1 -0.930704008591
DS.d718.s1.i3 -1 -1.24848428737
DS.d718.s1.i4 -1 -1.14678372626
DS.d718.s1.i5 -1 -1.18951670452
DS.d718.s1.i6 -1 -1.9223100144
DS.d718.s1.i7 -1 -1.36697081002
DS.d718.s1.i8 -1 -0.775464072882
DS.d718.s1.i9 -1 -1.31345506084
DS.d718.s1.i10 -1 -1.49133488705
DS.d718.s1.i11 -1 -1.27936595064
DS.d718.s1.i12 -1 -1.47386376646
DS.d718.s1.i13 -1 -1.37196199624
DS.d718.s1.i14 -1 -1.80639000295
DS.d718.s1.i15 -1 -1.16022673227
DS.d718.s1.i16 -1 -1.26986311878
DS.d718.s1.i17 -1 -1.31491610292
DS.d718.s1.i18 -1 -1.01548855225
DS.d718.s1.i19 -1 -1.06766727153
DS.d718.s2.i0 -1 -1.55684388456
DS.d718.s2.i1 1.0 -1.44070784712
DS.d718.s2.i2 -1 -1.81100471451
DS.d718.s2.i3 -1 -1.99578206989
DS.d742.s0.i0 1.0 2.14051619383
DS.d742.s0.i1 1.0 1.8426786987
DS.d763.s0.i0 1.0 2.257666403
DS.d763.s0.i1 1.0 1.75613054481
DS.d763.s2.i0 1.0 2.20340965423
DS.d775.s0.i0 1.0 0.745300878784
DS.d780.s0.i0 -1 -0.525145808522
DS.d780.s0.i1 -1 -0.318373443298
DS.d780.s0.i2 -1 0.182033999132
DS.d785.s0.i1 1.0 0.49175110097
DS.d793.s0.i0 1.0 0.348409215999
DS.d793.s0.i1 1.0 0.674775364648
DS.d793.s1.i0 1.0 0.708623361796
DS.d793.s1.i1 1.0 0.962015273218
DS.d805.s0.i0 -1 0.26513697362
DS.d805.s0.i1 -1 0.26513697362
DS.d805.s0.i2 -1 -1.04819872459
DS.d807.s0.i0 1.0 0.142664830899
DS.d807.s0.i1 1.0 0.163935079346
DS.d807.s1.i0 1.0 0.350361377183
DS.d816.s0.i0 1.0 0.0353332466541
DS.d816.s0.i1 -1 0.381216633927
DS.d816.s0.i2 -1 0.84654709606
DS.d816.s0.i3 1.0 -0.0486136560165
DS.d816.s0.i4 -1 -0.0106994376926
DS.d816.s0.i5 1.0 1.46697084255
DS.d827.s0.i0 -1 -0.499286051741
DS.d827.s0.i1 -1 0.31483579264
DS.d827.s0.i2 -1 -0.525272802371
DS.d832.s0.i0 1.0 -0.157540112944
DS.d832.s1.i0 1.0 -0.0564093210181
DS.d844.s0.i0 1.0 1.5604520629
DS.d862.s0.i0 1.0 1.67228323221
DS.d897.s0.i0 -1 -1.68007538453
DS.d897.s0.i1 -1 -0.283953087346
DS.d906.s0.i0 1.0 0.841909156292
DS.d906.s0.i1 1.0 0.841909156292
DS.d906.s1.i0 1.0 1.14097537485
DS.d906.s1.i1 1.0 1.14097537485
DS.d906.s1.i2 1.0 0.590796415214
DS.d906.s1.i3 1.0 1.05477814884
DS.d906.s1.i5 1.0 0.579135539487
DS.d907.s0.i0 1.0 0.606575159602
DS.d907.s0.i1 1.0 1.55838439364
DS.d907.s0.i2 1.0 0.65824131948
DS.d912.s0.i0 1.0 1.15671354087
DS.d912.s1.i0 1.0 1.34423557987
DS.d915.s1.i0 -1 -1.41628350374
DS.d915.s1.i1 -1 -1.28770697294
DS.d915.s1.i2 -1 -0.970597763852
DS.d915.s1.i3 -1 -0.390358774666
DS.d915.s1.i4 -1 -0.889536379428
DS.d926.s0.i0 -1 0.513498623625
DS.d926.s1.i0 -1 1.02843206541
DS.d926.s1.i1 -1 1.17784473031
DS.d936.s0.i0 1.0 0.167559451858
DS.d940.s0.i0 1.0 0.837633957098
DS.d940.s0.i1 1.0 0.837633957098
DS.d993.s0.i0 1.0 1.38177290518
DS.d993.s0.i1 1.0 1.78631511756
DS.d997.s0.i0 1.0 0.969540139052
DS.d997.s0.i1 1.0 0.717601191618
DS.d997.s0.i2 1.0 1.72428206218
DS.d998.s0.i0 -1 0.706260846456
DS.d998.s0.i1 -1 -0.515732238284
DS.d999.s0.i0 -1 0.505237076928
DS.d999.s0.i1 -1 -0.349343655881
DS.d1004.s0.i0 1.0 0.846999258634
DS.d1004.s0.i1 1.0 0.307553146642
DS.d1004.s1.i0 1.0 1.30058840911
DS.d1004.s1.i1 1.0 1.54365784445
DS.d1004.s1.i2 1.0 1.67124151646
DS.d1004.s1.i3 1.0 1.172896467
DS.d1023.s0.i0 1.0 -0.405696597828
DS.d1023.s0.i1 1.0 0.377355050224
DS.d1025.s0.i0 1.0 1.2329677548
DS.d1025.s0.i1 -1 -0.028844886548
DS.d1045.s0.i0 1.0 2.21685427555
DS.d1051.s0.i0 -1 -0.72925883274
DS.d1051.s0.i1 1.0 1.24565688368
DS.d1051.s0.i2 -1 -0.381816591893
DS.d1054.s0.i0 1.0 -0.117681875407
DS.d1054.s0.i1 1.0 0.232404236802
DS.d1054.s1.i0 1.0 -1.21165458082
DS.d1054.s2.i0 -1 0.593802410082
DS.d1054.s2.i1 -1 0.237528695849
DS.d1058.s0.i0 1.0 0.724826935652
DS.d1058.s1.i0 1.0 0.221450196789
DS.d1058.s1.i1 1.0 0.0447814011877
DS.d1071.s0.i0 1.0 0.965248321614
DS.d1071.s1.i0 1.0 1.24060307028
DS.d1072.s0.i0 -1 0.0457830542712
DS.d1073.s0.i0 1.0 0.147110553
DS.d1086.s0.i0 1.0 1.24343835203
DS.d1086.s0.i1 1.0 1.33563633497
DS.d1087.s0.i0 1.0 0.778753093206
DS.d1087.s0.i1 1.0 0.664592298956
DS.d1087.s0.i2 1.0 0.57073175256
DS.d1087.s0.i3 1.0 0.683637594883
DS.d1090.s0.i0 1.0 0.613421884976
DS.d1090.s0.i1 1.0 0.46286751978
DS.d1094.s0.i0 -1 0.789979864042
DS.d1107.s0.i0 -1 0.633462024225
DS.d1122.s0.i0 1.0 0.914027059522
DS.d1144.s0.i0 -1 1.14611025228
DS.d1144.s0.i1 -1 1.14611025228
DS.d1144.s1.i0 -1 1.49610498266
DS.d1159.s0.i0 1.0 0.0156768988793
DS.d1159.s0.i1 1.0 0.48435857766
DS.d1159.s0.i2 1.0 -0.0711073393939
DS.d1176.s0.i0 1.0 0.918257027224
DS.d1176.s1.i0 -1 -0.643680493203
DS.d1176.s1.i1 -1 -1.04931099372
DS.d1191.s0.i0 1.0 0.668740836943
DS.d1196.s0.i0 1.0 -0.0822779495181
DS.d1196.s1.i0 -1 0.918145395507
DS.d1196.s2.i0 -1 -0.241822988052
DS.d1196.s2.i1 -1 -0.964582769628
DS.d1196.s3.i0 1.0 1.22556284578
DS.d1214.s0.i0 -1 -0.0165761404943
DS.d1214.s1.i0 -1 1.56774771291
DS.d1244.s0.i0 -1 0.427864913909
DS.d1247.s0.i0 -1 -0.237456659329
DS.d1248.s0.i0 -1 -1.67062279403
DS.d1248.s0.i1 -1 -1.18228932728
DS.d1249.s0.i0 -1 -0.324556321358
DS.d1249.s0.i1 -1 -1.07588079011
DS.d1255.s0.i0 -1 -0.806476734033
DS.d1255.s1.i1 1.0 -0.838510655425
DS.d1255.s2.i0 -1 -0.544360383734
DS.d1255.s3.i0 -1 0.81906861352
DS.d1259.s0.i0 1.0 0.209359218347
DS.d1259.s1.i0 1.0 1.00724111516
DS.d1266.s0.i0 -1 0.22845795092
DS.d1266.s0.i1 -1 -0.396504066176
DS.d1266.s1.i0 -1 -0.697862735673
DS.d1303.s0.i0 1.0 0.660836596616
DS.d1303.s0.i1 1.0 -0.0325055951171
DS.d1303.s0.i2 1.0 0.571293729377
DS.d1303.s0.i3 1.0 0.0236493394792
DS.d1303.s1.i0 1.0 2.60373546077
DS.d1303.s2.i0 1.0 1.03713946416
DS.d1303.s3.i0 1.0 0.721233421325
DS.d1303.s3.i1 1.0 0.075510324951
DS.d1303.s3.i2 1.0 1.11775971009
DS.d1311.s0.i0 -1 1.05850198675
DS.d1317.s0.i0 1.0 1.44107506925
DS.d1317.s0.i1 1.0 0.980986455702
DS.d1317.s0.i2 1.0 1.37589892602
DS.d1329.s0.i0 -1 -0.977911537816
DS.d1329.s0.i1 -1 -0.87107748652
DS.d1329.s0.i2 -1 -1.15517467028
DS.d1329.s0.i3 -1 -1.12686717474
DS.d1338.s0.i0 1.0 1.61088603924
DS.d1338.s0.i1 1.0 1.82158064256
DS.d1338.s0.i2 1.0 1.78467796671
DS.d1338.s0.i4 1.0 1.82683987791
DS.d1338.s1.i0 -1 0.852463137864
DS.d1342.s0.i0 -1 -0.198939711701
DS.d1363.s0.i0 -1 -1.05760397596
DS.d1363.s0.i1 -1 -0.92126068624
DS.d1363.s0.i2 -1 -1.28268638631
DS.d1363.s0.i3 -1 -0.954648717753
DS.d1363.s0.i5 -1 -0.972655536594
DS.d1381.s0.i0 1.0 0.919753379342
DS.d1381.s0.i1 -1 1.54932904341
DS.d1381.s0.i2 1.0 1.03143685441
DS.d1381.s0.i3 -1 1.53875848722
DS.d1393.s0.i0 -1 0.719397868178
DS.d1409.s0.i0 -1 1.04234711921
DS.d1409.s0.i1 -1 1.12889923504
DS.d1409.s0.i2 -1 0.356486568323
DS.d1409.s0.i3 -1 1.09078824034
DS.d1410.s0.i0 -1 0.301149666751
DS.d1410.s0.i1 -1 0.227362689456
DS.d1410.s0.i2 -1 0.80621953563
DS.d1410.s0.i3 -1 0.0796163279279
DS.d1410.s0.i4 -1 0.00761285812818
DS.d1410.s0.i5 -1 -0.164371059863
DS.d1410.s0.i6 -1 0.00761285812818
DS.d1410.s0.i7 -1 0.416243045454
DS.d1410.s0.i8 -1 -0.19803705931
DS.d1410.s0.i9 -1 0.135763564824
DS.d1410.s0.i10 -1 -0.295869075391
DS.d1410.s0.i11 -1 -0.164371059863
DS.d1410.s0.i12 -1 -0.124992550203
DS.d1410.s0.i13 -1 0.49228020695
DS.d1410.s0.i14 -1 0.0626090550239
DS.d1410.s0.i15 -1 0.193968102805
DS.d1410.s0.i16 -1 0.156828513213
DS.d1410.s0.i17 -1 0.0796163279279
DS.d1410.s0.i18 -1 -0.124992550203
DS.d1410.s0.i19 -1 0.212248410792
DS.d1434.s0.i0 1.0 1.09258736968
DS.d1434.s1.i0 1.0 0.549676873994
DS.d1439.s0.i0 -1 -0.622010234803
DS.d1439.s0.i1 -1 -0.58261103794
DS.d1439.s0.i2 -1 -0.455978911515
DS.d1439.s0.i3 -1 -1.01588217455
DS.d1439.s0.i4 -1 0.0457817615735
DS.d1439.s0.i5 -1 -0.181485695056
DS.d1439.s0.i6 -1 -0.834060575724
DS.d1439.s0.i7 -1 -0.367597537527
DS.d1441.s0.i0 1.0 1.54408860073
DS.d1445.s0.i0 -1 -0.732082708654
DS.d1452.s0.i0 1.0 0.1183236263
DS.d1452.s1.i0 1.0 0.0734569789685
DS.d1452.s1.i1 1.0 -0.0992304559757
DS.d1452.s2.i0 1.0 0.103916836059
DS.d1452.s3.i0 1.0 0.672415549163
DS.d1452.s4.i0 1.0 0.78142367388
DS.d1453.s0.i0 1.0 0.911904088018
DS.d1462.s0.i0 1.0 1.12555856492
DS.d1465.s0.i0 1.0 1.20876053724
DS.d1465.s0.i1 1.0 0.929317429848
DS.d1465.s0.i2 1.0 0.667526430954
DS.d1465.s0.i3 1.0 0.894704131815
DS.d1465.s0.i4 1.0 0.744949670718
DS.d1465.s0.i5 1.0 1.20876053724
DS.d1470.s0.i0 -1 0.359325314755
DS.d1470.s0.i1 -1 -0.134614294493
DS.d1477.s0.i0 -1 -0.0129248907565
DS.d1477.s0.i1 -1 0.591114003285
DS.d1483.s0.i0 1.0 1.20059705698
DS.d1496.s0.i0 1.0 0.187730744007
DS.d1496.s0.i1 -1 -0.300695449186
DS.d1499.s0.i0 -1 -0.175669838688
DS.d1499.s1.i0 -1 0.961869170584
DS.d1501.s0.i0 1.0 1.17469777486
DS.d1501.s1.i0 -1 -1.67138269236
DS.d1501.s1.i1 -1 -1.28327763431
DS.d1501.s1.i2 -1 -1.20226752069
DS.d1501.s1.i3 1.0 -0.0884317716411
DS.d1501.s1.i4 -1 -1.06067392804
DS.d1501.s1.i5 -1 0.527114195835
DS.d1507.s0.i0 -1 -0.755472329601
DS.d1507.s0.i1 -1 -1.46793178217
DS.d1507.s0.i2 -1 -1.51673527479
DS.d1507.s0.i3 -1 -0.407455591698
DS.d1507.s0.i4 -1 -0.782112393533
DS.d1507.s0.i5 -1 -1.30541266209
DS.d1507.s0.i6 -1 -0.703053526531
DS.d1507.s0.i7 -1 -1.39968379628
DS.d1507.s0.i8 -1 -0.859228959326
DS.d1507.s0.i9 -1 -1.48918400182
DS.d1507.s0.i10 -1 -0.780170092324
DS.d1507.s0.i11 -1 -0.881764145662
DS.d1507.s0.i12 -1 -1.56503501925
DS.d1507.s0.i13 -1 -1.23302257572
DS.d1507.s0.i14 -1 -0.790942214756
DS.d1507.s0.i15 -1 -1.11560369927
DS.d1507.s0.i16 -1 -0.922846900267
DS.d1507.s0.i17 -1 -1.35061294905
DS.d1507.s0.i18 -1 -0.87045369537
DS.d1507.s0.i19 -1 -0.839314910477
DS.d1512.s0.i0 1.0 1.56604840662
DS.d1536.s0.i0 1.0 0.795956530011
DS.d1553.s0.i0 1.0 1.07199118235
DS.d1566.s0.i0 -1 0.76515881801
DS.d1571.s0.i0 1.0 0.861034459046
DS.d1573.s0.i0 1.0 -0.368699691371
DS.d1594.s0.i0 1.0 1.03729857497
DS.d1597.s0.i0 -1 -0.946197468904
DS.d1617.s0.i1 1.0 1.28155170929
DS.d1617.s0.i3 1.0 1.41344728734
DS.d1620.s0.i0 1.0 0.124308146587
DS.d1620.s1.i0 -1 0.135135731703
DS.d1636.s0.i0 1.0 1.23912535758
DS.d1636.s1.i0 1.0 1.54850539411
DS.d1636.s1.i1 1.0 1.24023244755
DS.d1637.s0.i0 -1 -0.421767277456
DS.d1637.s0.i1 -1 -0.262312328486
DS.d1637.s1.i0 -1 -0.954671449206
DS.d1637.s1.i1 -1 -1.16814837038
DS.d1651.s0.i0 1.0 2.25733263879
DS.d1654.s0.i0 -1 0.581847672119
DS.d1662.s0.i0 -1 -0.595249552773
DS.d1662.s0.i1 -1 -0.906427098236
DS.d1672.s0.i0 -1 0.0571672833999
DS.d1672.s0.i1 -1 -0.2275573061
DS.d1673.s0.i0 -1 -1.3061647432
DS.d1673.s1.i0 -1 -1.19984514374
DS.d1678.s0.i0 1.0 1.1145696011
DS.d1678.s1.i0 1.0 1.75489870775
DS.d1678.s1.i1 -1 1.43601203737
DS.d1678.s1.i2 -1 1.46555089428
DS.d1693.s0.i0 1.0 1.64306166307
DS.d1709.s0.i0 1.0 1.16625520022
DS.d1728.s0.i0 1.0 1.46560186129
DS.d1728.s0.i1 1.0 1.52551512236
DS.d1733.s0.i0 1.0 1.22150171213
DS.d1745.s1.i0 1.0 1.05623324935
DS.d1760.s0.i0 1.0 1.3118537142
DS.d1770.s0.i0 1.0 1.47075936892
DS.d1778.s0.i0 1.0 0.30807288615
DS.d1781.s0.i0 -1 -0.387335464354
DS.d1781.s0.i1 -1 -1.97694703415
DS.d1781.s0.i2 -1 -0.0845550971699
DS.d1781.s0.i3 -1 -0.80779146707
DS.d1781.s0.i4 -1 -1.92634334265
DS.d1781.s0.i5 -1 -1.17602356832
DS.d1781.s0.i6 -1 -0.491010362434
DS.d1781.s0.i7 -1 -0.188229995251
DS.d1781.s0.i8 -1 -0.722193338272
DS.d1781.s0.i9 -1 -1.42463522642
DS.d1781.s1.i0 1.0 0.947754978633
DS.d1795.s0.i0 -1 1.22398321271
DS.d1806.s0.i0 1.0 1.88659769522
DS.d1806.s1.i0 1.0 0.999268549369
DS.d1868.s0.i0 1.0 1.69138312843
DS.d1890.s0.i0 1.0 1.76373979802
