DS.d7.s0.i1 1.0 1.05114294192
DS.d7.s0.i2 1.0 1.44563028373
DS.d7.s1.i0 -1 1.27687932458
DS.d7.s1.i1 1.0 1.85190310823
DS.d7.s2.i0 -1 0.116658285075
DS.d7.s2.i1 -1 -0.0231510850561
DS.d11.s0.i0 1.0 -0.205237848844
DS.d11.s0.i1 1.0 -0.144387924989
DS.d30.s0.i0 -1 -0.611806927563
DS.d30.s0.i1 -1 -0.241891966873
DS.d30.s0.i2 -1 -0.241891966873
DS.d53.s0.i0 1.0 1.62589828561
DS.d82.s0.i0 1.0 0.608628247853
DS.d91.s0.i0 -1 -0.875427263975
DS.d91.s0.i1 -1 -0.921549180912
DS.d91.s0.i2 -1 -1.05281012572
DS.d91.s0.i3 -1 -0.803938224553
DS.d91.s0.i4 -1 -1.06419788563
DS.d91.s0.i5 1.0 0.875878494153
DS.d135.s0.i0 -1 -2.20279921837
DS.d135.s0.i1 -1 -1.70826143336
DS.d135.s1.i0 1.0 -0.296252748623
DS.d135.s1.i1 -1 -0.604459580593
DS.d135.s1.i2 -1 -0.512464371139
DS.d145.s0.i0 1.0 1.34267406534
DS.d145.s1.i0 1.0 1.85228548625
DS.d178.s0.i0 1.0 1.91021071562
DS.d178.s1.i0 -1 -1.17887583017
DS.d178.s1.i1 -1 -0.923038596181
DS.d180.s0.i0 1.0 0.345279761592
DS.d180.s0.i1 1.0 0.673693392303
DS.d180.s1.i0 1.0 2.76443799221
DS.d180.s2.i0 1.0 1.63098007865
DS.d180.s2.i1 1.0 1.7976416021
DS.d183.s0.i0 1.0 0.787381204692
DS.d183.s0.i1 1.0 1.18772835631
DS.d183.s0.i2 1.0 0.780964488419
DS.d189.s0.i0 -1 0.89099968785
DS.d200.s0.i0 1.0 0.110921244039
DS.d200.s0.i1 -1 -1.11881268006
DS.d201.s0.i0 1.0 1.401134228
DS.d201.s0.i1 1.0 1.56296578456
DS.d201.s0.i2 1.0 2.02924401597
DS.d201.s0.i3 1.0 1.31550696171
DS.d201.s0.i4 1.0 1.33831792557
DS.d201.s0.i5 1.0 1.401134228
DS.d201.s0.i6 1.0 1.46395910655
DS.d201.s0.i7 1.0 1.34107553881
DS.d201.s0.i8 1.0 1.73849684266
DS.d216.s0.i0 -1 0.896536375425
DS.d216.s0.i1 1.0 0.884314227771
DS.d216.s1.i0 1.0 0.0718091734193
DS.d216.s2.i0 1.0 -0.149146015016
DS.d216.s3.i0 1.0 1.82029113213
DS.d216.s3.i1 1.0 2.13839526404
DS.d232.s0.i0 -1 -0.229035075546
DS.d232.s0.i1 -1 -0.373588651381
DS.d232.s0.i2 -1 -0.113767236529
DS.d232.s0.i3 -1 -0.319506715523
DS.d232.s0.i4 -1 -0.0482496104602
DS.d232.s0.i5 -1 -0.156270338335
DS.d232.s1.i0 1.0 1.71628161038
DS.d232.s1.i1 1.0 2.40197554205
DS.d232.s1.i2 1.0 2.74988463047
DS.d232.s1.i3 1.0 2.36275359645
DS.d232.s2.i0 -1 -2.13617728056
DS.d234.s0.i0 1.0 0.459841853222
DS.d238.s0.i0 -1 1.16814636817
DS.d247.s0.i0 -1 -0.87407421888
DS.d247.s0.i1 1.0 -0.626924742474
DS.d247.s0.i2 1.0 -0.430682019724
DS.d247.s0.i3 -1 -0.90686579509
DS.d247.s0.i4 1.0 -0.265267609162
DS.d247.s0.i5 -1 -1.09340604947
DS.d247.s0.i6 -1 -1.04879371938
DS.d247.s0.i7 -1 -0.69645604692
DS.d247.s0.i8 -1 -1.4872217213
DS.d247.s0.i9 -1 -1.35904289237
DS.d247.s0.i10 -1 -1.22842013849
DS.d247.s0.i11 -1 -0.783156876469
DS.d247.s0.i12 -1 -0.545851731271
DS.d247.s0.i13 1.0 -0.81033331456
DS.d247.s0.i14 -1 -1.00591503529
DS.d247.s0.i15 1.0 -0.489077316065
DS.d247.s0.i16 -1 -1.19102141443
DS.d247.s0.i17 -1 -1.17250263799
DS.d247.s0.i18 1.0 -0.627585703945
DS.d247.s0.i19 -1 -1.49119467349
DS.d247.s0.i20 1.0 -0.746929657183
DS.d247.s0.i21 -1 -1.08124218436
DS.d247.s0.i22 1.0 -0.814125958323
DS.d247.s0.i23 -1 -1.22158487839
DS.d252.s0.i0 1.0 0.037631463423
DS.d252.s1.i0 1.0 1.53477735891
DS.d252.s1.i1 1.0 1.40800851568
DS.d252.s1.i2 1.0 1.08019555869
DS.d252.s2.i0 -1 0.0235247831878
DS.d252.s2.i1 -1 -0.130995589644
DS.d252.s2.i2 -1 0.0546593789424
DS.d259.s0.i0 -1 -1.68753462016
DS.d260.s0.i0 1.0 0.417718487769
DS.d260.s0.i1 1.0 -0.315056745339
DS.d260.s0.i2 -1 -0.564099781391
DS.d260.s1.i0 1.0 -0.459696989869
DS.d260.s1.i1 1.0 -0.459696989869
DS.d289.s0.i0 1.0 -0.0681482788048
DS.d289.s0.i1 -1 -0.195701195203
DS.d289.s0.i2 -1 -0.743004326101
DS.d294.s0.i0 1.0 -0.306620914301
DS.d294.s0.i1 1.0 -0.399050195591
DS.d294.s0.i2 1.0 0.556706059204
DS.d296.s0.i0 1.0 0.785643968378
DS.d300.s0.i0 1.0 0.946598689551
DS.d306.s0.i0 1.0 1.52220416016
DS.d306.s0.i1 -1 -0.234309764607
DS.d306.s1.i0 1.0 1.00815274622
DS.d306.s1.i1 1.0 1.13910008999
DS.d306.s1.i2 1.0 0.595519420093
DS.d306.s1.i3 1.0 0.356565985691
DS.d306.s1.i4 1.0 1.46543451625
DS.d306.s1.i5 1.0 0.813847755723
DS.d306.s2.i0 -1 -0.747911683471
DS.d306.s3.i0 -1 -0.904857719199
DS.d306.s4.i0 1.0 -1.69199960271
DS.d306.s4.i1 1.0 -1.86035054843
DS.d334.s0.i0 1.0 1.52577438946
DS.d334.s1.i0 -1 0.807757979673
DS.d341.s0.i1 1.0 2.59618475106
DS.d341.s1.i0 -1 1.51599703384
DS.d341.s1.i1 -1 1.25588685759
DS.d341.s2.i0 1.0 0.865264687527
DS.d341.s2.i1 -1 -0.832751346382
DS.d346.s0.i0 1.0 2.26699855253
DS.d346.s1.i1 1.0 1.08471686798
DS.d361.s0.i0 -1 -0.272810275222
DS.d361.s1.i0 1.0 0.222361220363
DS.d361.s1.i1 -1 -1.26645164184
DS.d361.s2.i0 1.0 0.378245260548
DS.d361.s2.i1 -1 1.69396771016
DS.d365.s0.i0 -1 1.09833706192
DS.d365.s0.i1 1.0 0.526695775417
DS.d365.s1.i0 -1 1.62662855901
DS.d365.s1.i1 -1 1.24185562056
DS.d365.s1.i2 -1 1.78377164309
DS.d368.s0.i0 1.0 -0.237647901278
DS.d385.s0.i0 1.0 2.59568211856
DS.d385.s0.i1 1.0 2.41843021745
DS.d385.s1.i0 1.0 2.03357683258
DS.d385.s2.i0 -1 -0.896036981378
DS.d408.s0.i0 1.0 0.712513000189
DS.d408.s0.i1 1.0 1.42898098387
DS.d413.s0.i3 1.0 1.05316528016
DS.d414.s0.i0 1.0 0.725458634049
DS.d414.s0.i1 1.0 0.624388446902
DS.d436.s0.i0 1.0 0.632518304857
DS.d438.s0.i0 1.0 0.810103572668
DS.d441.s0.i0 1.0 0.772107531835
DS.d441.s1.i0 1.0 0.968646539449
DS.d441.s2.i0 1.0 0.740423872956
DS.d443.s0.i0 1.0 0.60239130298
DS.d443.s0.i1 1.0 1.48466720396
DS.d443.s1.i0 1.0 1.44604310864
DS.d443.s1.i1 1.0 1.51432597878
DS.d443.s1.i2 1.0 1.28678173269
DS.d443.s2.i0 1.0 0.724949393152
DS.d443.s2.i1 -1 0.82024758249
DS.d443.s2.i2 1.0 0.612416806434
DS.d454.s0.i0 -1 -0.801253893557
DS.d454.s0.i1 1.0 0.704003297502
DS.d454.s0.i2 -1 -0.633093486931
DS.d491.s0.i0 1.0 1.32455475418
DS.d491.s0.i1 1.0 0.65244514441
DS.d491.s1.i0 -1 -1.0725902484
DS.d495.s0.i0 1.0 1.89831556612
DS.d499.s0.i0 1.0 2.01702340924
DS.d520.s1.i0 1.0 -0.749043604518
DS.d520.s1.i1 1.0 -0.483729894296
DS.d520.s1.i2 -1 0.234950958835
DS.d524.s0.i0 1.0 1.2932307564
DS.d539.s0.i0 1.0 -0.0222133559791
DS.d539.s0.i1 -1 -1.71715557599
DS.d551.s0.i0 1.0 1.53739398449
DS.d578.s0.i0 -1 -0.0486020033769
DS.d578.s0.i1 -1 0.554457933444
DS.d578.s0.i2 -1 -0.128530496085
DS.d590.s0.i0 1.0 0.23749837149
DS.d598.s0.i0 1.0 0.684092791769
DS.d598.s0.i1 1.0 0.684092791769
DS.d603.s0.i0 -1 -0.661887381059
DS.d603.s0.i1 1.0 1.39077276481
DS.d609.s0.i0 -1 0.769820203671
DS.d609.s0.i1 -1 1.11956407543
DS.d609.s1.i0 -1 -0.27849773116
DS.d609.s1.i1 -1 0.463263414748
DS.d609.s1.i2 1.0 1.93210517074
DS.d610.s0.i0 1.0 0.0971761222312
DS.d612.s0.i0 1.0 0.207027876834
DS.d612.s0.i1 1.0 -0.191606783724
DS.d615.s0.i0 1.0 -0.225183508205
DS.d636.s0.i0 -1 -0.383058440623
DS.d636.s0.i1 1.0 -0.638751378929
DS.d639.s0.i0 -1 -0.96645761459
DS.d653.s0.i0 1.0 -1.52664557603
DS.d653.s0.i1 1.0 -1.91053088886
DS.d653.s0.i2 1.0 -2.07248085468
DS.d654.s0.i0 1.0 1.63531286583
DS.d654.s1.i0 1.0 2.01366740293
DS.d672.s0.i0 1.0 0.853058313013
DS.d672.s0.i1 -1 0.191782684503
DS.d672.s0.i2 1.0 1.47801477683
DS.d672.s0.i4 1.0 0.786716837044
DS.d672.s0.i5 -1 0.0801809830673
DS.d672.s0.i6 -1 0.957396806506
DS.d672.s0.i8 1.0 1.32625908333
DS.d672.s0.i10 -1 -0.983101472651
DS.d672.s0.i11 -1 -0.424596718009
DS.d675.s0.i0 1.0 1.19294684786
DS.d678.s0.i0 -1 -0.732709524562
DS.d678.s0.i1 -1 -0.721179661603
DS.d678.s0.i2 -1 -0.562873745718
DS.d678.s0.i3 -1 -1.1285788663
DS.d683.s0.i0 -1 0.402494010353
DS.d683.s0.i1 -1 -1.0107914227
DS.d683.s0.i2 -1 -0.447939323838
DS.d683.s0.i3 -1 -0.884437728921
DS.d683.s0.i4 -1 -0.440614871349
DS.d683.s0.i5 -1 0.380641918643
DS.d685.s0.i0 1.0 0.940516656306
DS.d685.s0.i1 1.0 0.468619282391
DS.d685.s0.i2 1.0 0.477674072997
DS.d685.s1.i1 1.0 1.93916474369
DS.d689.s0.i0 -1 0.155887687639
DS.d689.s0.i1 -1 0.0808658028257
DS.d714.s0.i0 -1 -0.849272005846
DS.d714.s0.i1 -1 -0.802128644311
DS.d714.s1.i0 -1 -1.26747303691
DS.d714.s2.i0 -1 -1.14202830166
DS.d718.s0.i0 -1 0.871142192866
DS.d718.s0.i1 -1 -0.768374847338
DS.d718.s1.i0 -1 -2.84596923565
DS.d718.s1.i1 -1 -1.16921290497
DS.d718.s1.i2 -1 -1.84589179091
DS.d718.s1.i3 -1 -1.6681378265
DS.d718.s1.i4 -1 -1.84065088848
DS.d718.s1.i5 -1 -2.0980594863
DS.d718.s1.i6 -1 -2.68697765199
DS.d718.s1.i7 -1 -1.68586788746
DS.d718.s1.i8 -1 -1.12870494317
DS.d718.s1.i9 -1 -2.10790816891
DS.d718.s1.i10 -1 -2.8083232449
DS.d718.s1.i11 -1 -2.84629551891
DS.d718.s1.i12 -1 -1.84171867839
DS.d718.s1.i13 -1 -2.81269140258
DS.d718.s1.i14 -1 -2.68864993242
DS.d718.s1.i15 -1 -1.49141330848
DS.d718.s1.i16 -1 -2.10441665242
DS.d718.s1.i17 -1 -1.6130219711
DS.d718.s1.i18 -1 -1.00074253965
DS.d718.s1.i19 -1 -2.0980594863
DS.d718.s2.i0 -1 -1.71276769188
DS.d718.s2.i1 1.0 -1.00522151589
DS.d718.s2.i2 -1 -1.62145614934
DS.d718.s2.i3 -1 -2.60877257322
DS.d742.s0.i0 1.0 2.21464962402
DS.d742.s0.i1 1.0 1.65874135651
DS.d763.s0.i0 1.0 2.90719754846
DS.d763.s0.i1 1.0 2.0254547232
DS.d763.s2.i0 1.0 2.30522061107
DS.d775.s0.i0 1.0 0.719607171905
DS.d780.s0.i0 -1 -1.10814680024
DS.d780.s0.i1 -1 -0.528804144409
DS.d780.s0.i2 -1 0.193560013803
DS.d785.s0.i1 1.0 0.46995871916
DS.d793.s0.i0 1.0 -0.666284085893
DS.d793.s0.i1 1.0 -0.395801715607
DS.d793.s1.i0 1.0 -0.483173940848
DS.d793.s1.i1 1.0 0.0549249014341
DS.d805.s0.i0 -1 0.999760532675
DS.d805.s0.i1 -1 0.999760532675
DS.d805.s0.i2 -1 -1.52728428329
DS.d807.s0.i0 1.0 0.431142455101
DS.d807.s0.i1 1.0 0.471036820083
DS.d807.s1.i0 1.0 -0.297870459646
DS.d816.s0.i0 1.0 -0.430020300047
DS.d816.s0.i1 -1 0.134415503217
DS.d816.s0.i2 -1 0.890449204694
DS.d816.s0.i3 1.0 -0.440541811535
DS.d816.s0.i4 -1 -0.208636873494
DS.d816.s0.i5 1.0 1.90555810639
DS.d827.s0.i0 -1 -1.18966289313
DS.d827.s0.i1 -1 -0.169058406919
DS.d827.s0.i2 -1 -1.0112541624
DS.d832.s0.i0 1.0 -0.466016177184
DS.d832.s1.i0 1.0 -0.65510183438
DS.d844.s0.i0 1.0 1.45907914822
DS.d862.s0.i0 1.0 1.65580222863
DS.d897.s0.i0 -1 -2.95563083574
DS.d897.s0.i1 -1 -1.15770386023
DS.d906.s0.i0 1.0 1.63002109889
DS.d906.s0.i1 1.0 1.63002109889
DS.d906.s1.i0 1.0 0.949874276623
DS.d906.s1.i1 1.0 0.949874276623
DS.d906.s1.i2 1.0 0.0407295988205
DS.d906.s1.i3 1.0 0.746527493995
DS.d906.s1.i5 1.0 0.0370560006418
DS.d907.s0.i0 1.0 1.35336148042
DS.d907.s0.i1 1.0 2.46914111202
DS.d907.s0.i2 1.0 1.11185722893
DS.d912.s0.i0 1.0 0.492425171172
DS.d912.s1.i0 1.0 1.24167298546
DS.d915.s1.i0 -1 -1.45201046084
DS.d915.s1.i1 -1 -1.31469235324
DS.d915.s1.i2 -1 -0.823959593946
DS.d915.s1.i3 -1 -0.319850314599
DS.d915.s1.i4 -1 -1.12109399881
DS.d926.s0.i0 -1 -0.633345424365
DS.d926.s1.i0 -1 0.326863947643
DS.d926.s1.i1 -1 0.543600831758
DS.d936.s0.i0 1.0 -0.0386081680223
DS.d940.s0.i0 1.0 0.302703413703
DS.d940.s0.i1 1.0 0.302703413703
DS.d993.s0.i0 1.0 1.10942711804
DS.d993.s0.i1 1.0 1.00090294206
DS.d997.s0.i0 1.0 0.591808539824
DS.d997.s0.i1 1.0 0.13960922301
DS.d997.s0.i2 1.0 1.09672937421
DS.d998.s0.i0 -1 0.171256908013
DS.d998.s0.i1 -1 -1.17329024393
DS.d999.s0.i0 -1 -0.512289103701
DS.d999.s0.i1 -1 -1.02303373901
DS.d1004.s0.i0 1.0 0.293069895828
DS.d1004.s0.i1 1.0 0.291976618357
DS.d1004.s1.i0 1.0 0.698948831875
DS.d1004.s1.i1 1.0 1.21292331844
DS.d1004.s1.i2 1.0 1.17671990418
DS.d1004.s1.i3 1.0 0.67459001393
DS.d1023.s0.i0 1.0 -1.34598039845
DS.d1023.s0.i1 1.0 -0.243020014947
DS.d1025.s0.i0 1.0 1.10389478471
DS.d1025.s0.i1 -1 0.42437801381
DS.d1045.s0.i0 1.0 2.48347687172
DS.d1051.s0.i0 -1 -1.25628059792
DS.d1051.s0.i1 1.0 -0.176906433576
DS.d1051.s0.i2 -1 -0.943909384112
DS.d1054.s0.i0 1.0 -0.862571675655
DS.d1054.s0.i1 1.0 -0.312391076107
DS.d1054.s1.i0 1.0 -2.07095136289
DS.d1054.s2.i0 -1 0.679255812272
DS.d1054.s2.i1 -1 0.534367158254
DS.d1058.s0.i0 1.0 0.767811386544
DS.d1058.s1.i0 1.0 0.390863214409
DS.d1058.s1.i1 1.0 0.791897365457
DS.d1071.s0.i0 1.0 0.628818365958
DS.d1071.s1.i0 1.0 0.698060817156
DS.d1072.s0.i0 -1 -0.447931939959
DS.d1073.s0.i0 1.0 0.515922262327
DS.d1086.s0.i0 1.0 0.851796687626
DS.d1086.s0.i1 1.0 0.965245644949
DS.d1087.s0.i0 1.0 0.66527286426
DS.d1087.s0.i1 1.0 0.51449714915
DS.d1087.s0.i2 1.0 0.145657493836
DS.d1087.s0.i3 1.0 0.418951103877
DS.d1090.s0.i0 1.0 0.321320993152
DS.d1090.s0.i1 1.0 0.438975209072
DS.d1094.s0.i0 -1 0.647048377312
DS.d1107.s0.i0 -1 0.752005640129
DS.d1122.s0.i0 1.0 0.239834093294
DS.d1144.s0.i0 -1 2.19003993053
DS.d1144.s0.i1 -1 2.19003993053
DS.d1144.s1.i0 -1 1.44170315749
DS.d1159.s0.i0 1.0 -1.04248430317
DS.d1159.s0.i1 1.0 -0.743808294287
DS.d1159.s0.i2 1.0 -0.755392217333
DS.d1176.s0.i0 1.0 1.29416303086
DS.d1176.s1.i0 -1 -1.61550261522
DS.d1176.s1.i1 -1 -2.60636948123
DS.d1191.s0.i0 1.0 0.66811871351
DS.d1196.s0.i0 1.0 -0.09460281626
DS.d1196.s1.i0 -1 0.789085605807
DS.d1196.s2.i0 -1 -1.18257209372
DS.d1196.s2.i1 -1 -1.76935358649
DS.d1196.s3.i0 1.0 1.89250292942
DS.d1214.s0.i0 -1 -1.11049327853
DS.d1214.s1.i0 -1 1.79442859689
DS.d1244.s0.i0 -1 -0.394203113949
DS.d1247.s0.i0 -1 -0.240435215633
DS.d1248.s0.i0 -1 -2.63235271221
DS.d1248.s0.i1 -1 -2.40658264481
DS.d1249.s0.i0 -1 -1.35022317304
DS.d1249.s0.i1 -1 -2.09012469564
DS.d1255.s0.i0 -1 -2.41047852426
DS.d1255.s1.i1 1.0 -2.60860945096
DS.d1255.s2.i0 -1 -1.49344099261
DS.d1255.s3.i0 -1 1.05312308712
DS.d1259.s0.i0 1.0 -0.406563644723
DS.d1259.s1.i0 1.0 0.898121135183
DS.d1266.s0.i0 -1 -0.00663574318772
DS.d1266.s0.i1 -1 -0.924321286027
DS.d1266.s1.i0 -1 -1.27079497687
DS.d1303.s0.i0 1.0 0.431342830919
DS.d1303.s0.i1 1.0 -0.325035621689
DS.d1303.s0.i2 1.0 0.396730824848
DS.d1303.s0.i3 1.0 -0.423298850405
DS.d1303.s1.i0 1.0 2.59259866832
DS.d1303.s2.i0 1.0 0.8422186268
DS.d1303.s3.i0 1.0 0.021320987053
DS.d1303.s3.i1 1.0 -1.15830098365
DS.d1303.s3.i2 1.0 0.233834637433
DS.d1311.s0.i0 -1 0.296191194896
DS.d1317.s0.i0 1.0 1.754887518
DS.d1317.s0.i1 1.0 1.1623739485
DS.d1317.s0.i2 1.0 1.68141466831
DS.d1329.s0.i0 -1 -1.96164739019
DS.d1329.s0.i1 -1 -1.37360370322
DS.d1329.s0.i2 -1 -2.21163576585
DS.d1329.s0.i3 -1 -1.23827996937
DS.d1338.s0.i0 1.0 1.2303111889
DS.d1338.s0.i1 1.0 1.62465409466
DS.d1338.s0.i2 1.0 1.54923948186
DS.d1338.s0.i4 1.0 1.44985004641
DS.d1338.s1.i0 -1 0.645565775776
DS.d1342.s0.i0 -1 -1.46615036209
DS.d1363.s0.i0 -1 -1.68896483942
DS.d1363.s0.i1 -1 -1.68581648024
DS.d1363.s0.i2 -1 -1.80277711066
DS.d1363.s0.i3 -1 -1.64974289383
DS.d1363.s0.i5 -1 -1.64659453465
DS.d1381.s0.i0 1.0 -0.293181225357
DS.d1381.s0.i1 -1 0.839425096825
DS.d1381.s0.i2 1.0 -0.100880556354
DS.d1381.s0.i3 -1 1.13523982592
DS.d1393.s0.i0 -1 -0.0622226964195
DS.d1409.s0.i0 -1 1.3143139674
DS.d1409.s0.i1 -1 1.49368811647
DS.d1409.s0.i2 -1 0.607568005387
DS.d1409.s0.i3 -1 1.30206370572
DS.d1410.s0.i0 -1 0.350378229189
DS.d1410.s0.i1 -1 -0.0894339243392
DS.d1410.s0.i2 -1 0.866300209022
DS.d1410.s0.i3 -1 -0.390781066496
DS.d1410.s0.i4 -1 0.0743112574821
DS.d1410.s0.i5 -1 -0.104618462133
DS.d1410.s0.i6 -1 0.0743112574821
DS.d1410.s0.i7 -1 -0.370995304489
DS.d1410.s0.i8 -1 -0.70364443242
DS.d1410.s0.i9 -1 -0.140855335737
DS.d1410.s0.i10 -1 -0.482011551439
DS.d1410.s0.i11 -1 -0.104618462133
DS.d1410.s0.i12 -1 -0.318045560415
DS.d1410.s0.i13 -1 -0.155943333289
DS.d1410.s0.i14 -1 0.196581673288
DS.d1410.s0.i15 -1 -0.524714712808
DS.d1410.s0.i16 -1 0.144069748103
DS.d1410.s0.i17 -1 -0.390781066496
DS.d1410.s0.i18 -1 -0.318045560415
DS.d1410.s0.i19 -1 -0.268363643953
DS.d1434.s0.i0 1.0 1.39895735509
DS.d1434.s1.i0 1.0 0.0223753411017
DS.d1439.s0.i0 -1 -0.703089170641
DS.d1439.s0.i1 -1 -1.50687660554
DS.d1439.s0.i2 -1 -0.858624082266
DS.d1439.s0.i3 -1 -1.38228693882
DS.d1439.s0.i4 -1 0.152757464448
DS.d1439.s0.i5 -1 -0.0348430694806
DS.d1439.s0.i6 -1 -1.28888354508
DS.d1439.s0.i7 -1 -0.515488636713
DS.d1441.s0.i0 1.0 1.64320282555
DS.d1445.s0.i0 -1 -1.91867416296
DS.d1452.s0.i0 1.0 0.363602467902
DS.d1452.s1.i0 1.0 -0.136949243096
DS.d1452.s1.i1 1.0 -0.298216856037
DS.d1452.s2.i0 1.0 -0.302123344059
DS.d1452.s3.i0 1.0 0.202822372281
DS.d1452.s4.i0 1.0 0.571167821544
DS.d1453.s0.i0 1.0 1.77616632447
DS.d1462.s0.i0 1.0 1.13449218863
DS.d1465.s0.i0 1.0 -0.140912597238
DS.d1465.s0.i1 1.0 -0.233998667337
DS.d1465.s0.i2 1.0 -0.326678793695
DS.d1465.s0.i3 1.0 -0.367583828415
DS.d1465.s0.i4 1.0 -0.239024517043
DS.d1465.s0.i5 1.0 -0.140912597238
DS.d1470.s0.i0 -1 0.122814157093
DS.d1470.s0.i1 -1 -0.757330350157
DS.d1477.s0.i0 -1 -0.140548539384
DS.d1477.s0.i1 -1 -0.0196722962958
DS.d1483.s0.i0 1.0 1.28066533405
DS.d1496.s0.i0 1.0 -0.501188272424
DS.d1496.s0.i1 -1 0.126706375696
DS.d1499.s0.i0 -1 -0.751729528372
DS.d1499.s1.i0 -1 0.753673065192
DS.d1501.s0.i0 1.0 1.60985687919
DS.d1501.s1.i0 -1 -2.24055708339
DS.d1501.s1.i1 -1 -2.38249097374
DS.d1501.s1.i2 -1 -2.33773199021
DS.d1501.s1.i3 1.0 -0.36272315424
DS.d1501.s1.i4 -1 -2.18198354924
DS.d1501.s1.i5 -1 -0.846046729168
DS.d1507.s0.i0 -1 -0.835792675987
DS.d1507.s0.i1 -1 -1.67296037289
DS.d1507.s0.i2 -1 -1.83960156474
DS.d1507.s0.i3 -1 -1.00918862399
DS.d1507.s0.i4 -1 -0.948616152251
DS.d1507.s0.i5 -1 -1.30103703564
DS.d1507.s0.i6 -1 -1.01880616684
DS.d1507.s0.i7 -1 -1.31065457849
DS.d1507.s0.i8 -1 -0.938998609401
DS.d1507.s0.i9 -1 -1.83083299807
DS.d1507.s0.i10 -1 -1.00918862399
DS.d1507.s0.i11 -1 -0.948616152251
DS.d1507.s0.i12 -1 -1.66419180622
DS.d1507.s0.i13 -1 -1.1343958438
DS.d1507.s0.i14 -1 -1.01880616684
DS.d1507.s0.i15 -1 -1.75155453265
DS.d1507.s0.i16 -1 -1.28058877031
DS.d1507.s0.i17 -1 -1.14401338665
DS.d1507.s0.i18 -1 -0.967213781117
DS.d1507.s0.i19 -1 -1.55795617822
DS.d1512.s0.i0 1.0 1.39728109408
DS.d1536.s0.i0 1.0 0.658775935811
DS.d1553.s0.i0 1.0 0.554137857746
DS.d1566.s0.i0 -1 1.04168631366
DS.d1571.s0.i0 1.0 1.3798509593
DS.d1573.s0.i0 1.0 -0.856863313254
DS.d1594.s0.i0 1.0 1.04045350903
DS.d1597.s0.i0 -1 -1.0401002442
DS.d1617.s0.i1 1.0 2.09269588012
DS.d1617.s0.i3 1.0 1.80799578903
DS.d1620.s0.i0 1.0 0.775569944861
DS.d1620.s1.i0 -1 -0.439526308751
DS.d1636.s0.i0 1.0 1.99254092676
DS.d1636.s1.i0 1.0 1.2472780013
DS.d1636.s1.i1 1.0 1.12167090919
DS.d1637.s0.i0 -1 -1.63366178706
DS.d1637.s0.i1 -1 -0.57723202689
DS.d1637.s1.i0 -1 -0.88097209289
DS.d1637.s1.i1 -1 -1.13473741784
DS.d1651.s0.i0 1.0 2.85254689629
DS.d1654.s0.i0 -1 0.14330401025
DS.d1662.s0.i0 -1 -0.454940108731
DS.d1662.s0.i1 -1 -0.922761380812
DS.d1672.s0.i0 -1 -0.271577247335
DS.d1672.s0.i1 -1 -0.301948007741
DS.d1673.s0.i0 -1 -1.9258574652
DS.d1673.s1.i0 -1 -0.912991465608
DS.d1678.s0.i0 1.0 1.55599779836
DS.d1678.s1.i0 1.0 1.44716371618
DS.d1678.s1.i1 -1 1.03303292158
DS.d1678.s1.i2 -1 1.1214490603
DS.d1693.s0.i0 1.0 1.35018680755
DS.d1709.s0.i0 1.0 0.946613276329
DS.d1728.s0.i0 1.0 1.6982085961
DS.d1728.s0.i1 1.0 1.88500131171
DS.d1733.s0.i0 1.0 0.204968241093
DS.d1745.s1.i0 1.0 1.50234393103
DS.d1760.s0.i0 1.0 0.982302194816
DS.d1770.s0.i0 1.0 0.715804487055
DS.d1778.s0.i0 1.0 -0.508167041759
DS.d1781.s0.i0 -1 -0.648064941261
DS.d1781.s0.i1 -1 -2.43988509772
DS.d1781.s0.i2 -1 -0.70952519382
DS.d1781.s0.i3 -1 -1.76095621311
DS.d1781.s0.i4 -1 -2.24761092817
DS.d1781.s0.i5 -1 -2.35053341615
DS.d1781.s0.i6 -1 -0.976457521198
DS.d1781.s0.i7 -1 -1.03791777376
DS.d1781.s0.i8 -1 -1.6344801117
DS.d1781.s0.i9 -1 -1.75644487575
DS.d1781.s1.i0 1.0 1.34970607602
DS.d1795.s0.i0 -1 0.426527410009
DS.d1806.s0.i0 1.0 1.09015028583
DS.d1806.s1.i0 1.0 0.753158305045
DS.d1868.s0.i0 1.0 0.78680974853
DS.d1890.s0.i0 1.0 1.67213779775
