DS.d3.s0.i0 1.0 2.40905104605
DS.d3.s0.i1 1.0 2.96577062165
DS.d3.s0.i2 1.0 2.96577062165
DS.d3.s1.i0 1.0 0.525494838946
DS.d3.s1.i1 1.0 0.167537497084
DS.d12.s0.i0 -1 0.448436726414
DS.d29.s0.i0 -1 -0.194327643302
DS.d29.s0.i1 -1 -0.194327643302
DS.d29.s0.i2 -1 -1.01366430157
DS.d29.s0.i3 -1 -0.26483302468
DS.d29.s0.i4 -1 -0.873379723752
DS.d29.s0.i5 -1 -0.396976311696
DS.d29.s0.i6 -1 -0.670731055358
DS.d29.s0.i7 -1 -0.670731055358
DS.d29.s0.i8 -1 -0.758440791829
DS.d29.s0.i9 -1 -0.0138361445936
DS.d29.s0.i10 -1 -0.214607165627
DS.d29.s0.i11 -1 -0.73323728465
DS.d34.s0.i0 1.0 -0.000323438191001
DS.d34.s0.i1 1.0 0.769661839901
DS.d44.s0.i0 -1 -0.693923999271
DS.d44.s0.i1 1.0 0.037087604912
DS.d44.s0.i2 -1 -0.437254726365
DS.d44.s0.i3 -1 -0.477617578249
DS.d44.s0.i4 -1 -0.646719773719
DS.d44.s0.i5 1.0 -0.17798775589
DS.d44.s0.i6 -1 0.344769433419
DS.d44.s0.i7 -1 -0.412508075713
DS.d44.s0.i8 1.0 0.571721547065
DS.d44.s0.i9 1.0 0.573773482518
DS.d44.s0.i10 1.0 0.0850879225776
DS.d44.s0.i11 -1 -0.691990899216
DS.d44.s0.i12 -1 -0.531222051053
DS.d44.s0.i13 -1 -0.49819120726
DS.d44.s0.i14 -1 -0.439224885231
DS.d44.s0.i15 -1 -0.578112626996
DS.d44.s0.i16 1.0 0.260938111126
DS.d44.s0.i17 -1 -0.24229716326
DS.d46.s0.i0 1.0 -0.455998042256
DS.d46.s0.i1 1.0 0.81573149348
DS.d46.s0.i2 1.0 0.351137056921
DS.d46.s0.i3 1.0 0.646586849328
DS.d46.s0.i4 1.0 -0.0972392153007
DS.d46.s0.i5 1.0 -0.344565444864
DS.d46.s0.i6 1.0 0.46850803972
DS.d46.s0.i7 1.0 0.0264738589313
DS.d61.s0.i0 1.0 0.823494695402
DS.d61.s0.i1 1.0 1.72458951518
DS.d61.s0.i2 1.0 2.2130895537
DS.d61.s0.i3 1.0 1.09562916446
DS.d61.s0.i4 1.0 1.98278059293
DS.d61.s0.i5 1.0 0.832887792163
DS.d61.s0.i6 1.0 1.41886287108
DS.d61.s0.i7 1.0 1.08753322818
DS.d61.s0.i8 1.0 0.560180405103
DS.d69.s0.i0 1.0 1.0766201191
DS.d69.s0.i1 1.0 1.81486024108
DS.d77.s0.i0 1.0 1.49548783545
DS.d77.s0.i1 -1 1.29429187051
DS.d94.s0.i0 -1 -0.181143069226
DS.d94.s1.i0 -1 -0.775480885034
DS.d94.s1.i1 -1 -0.474069018696
DS.d94.s1.i2 -1 0.0959944315164
DS.d94.s2.i0 -1 0.4499488753
DS.d101.s0.i0 1.0 -0.54578292371
DS.d102.s0.i0 1.0 0.722435603381
DS.d102.s0.i1 1.0 0.708209594692
DS.d102.s0.i2 1.0 0.958212955861
DS.d105.s0.i0 -1 -0.0636678744486
DS.d105.s0.i1 -1 -0.0636678744486
DS.d126.s0.i0 1.0 0.913741620909
DS.d132.s0.i0 1.0 1.38968028446
DS.d136.s0.i0 1.0 0.641022270873
DS.d136.s0.i1 1.0 1.33497542147
DS.d146.s0.i0 1.0 0.660351600682
DS.d146.s0.i1 1.0 0.435500339816
DS.d151.s0.i0 -1 1.93350985909
DS.d157.s0.i0 1.0 1.41474389879
DS.d167.s0.i0 1.0 2.08543395311
DS.d183.s0.i0 -1 0.427949290574
DS.d183.s0.i1 -1 0.326018438362
DS.d183.s0.i2 -1 0.0042247272301
DS.d184.s0.i0 1.0 -0.256791644158
DS.d184.s0.i1 1.0 -0.301047800463
DS.d184.s0.i2 1.0 1.54942124237
DS.d184.s0.i3 1.0 0.832022962977
DS.d184.s0.i4 1.0 0.745784501347
DS.d184.s0.i5 1.0 -0.354308069769
DS.d184.s1.i0 1.0 1.46011750633
DS.d184.s2.i0 1.0 1.60129326224
DS.d184.s2.i1 1.0 1.0863920584
DS.d198.s0.i0 1.0 0.401137072207
DS.d198.s0.i1 1.0 0.477477918598
DS.d198.s1.i0 -1 -0.181697166643
DS.d198.s1.i1 -1 -0.427429785645
DS.d198.s1.i2 -1 -0.411863022195
DS.d198.s1.i3 -1 -0.396141722571
DS.d199.s0.i0 1.0 1.97970271773
DS.d199.s0.i1 1.0 1.16629050128
DS.d204.s0.i0 1.0 1.65162519454
DS.d204.s0.i1 1.0 -0.313183800199
DS.d206.s0.i0 1.0 1.9910829468
DS.d206.s0.i1 1.0 2.0120784109
DS.d206.s0.i2 1.0 1.65958442902
DS.d206.s0.i3 1.0 1.10115584076
DS.d206.s0.i4 1.0 1.37082653776
DS.d206.s0.i5 1.0 1.16368838029
DS.d206.s0.i6 1.0 1.44222011012
DS.d206.s0.i7 1.0 1.90296764999
DS.d208.s0.i0 1.0 0.0622556485905
DS.d208.s0.i1 1.0 0.0957808167156
DS.d210.s0.i0 1.0 1.77101187964
DS.d210.s0.i1 1.0 1.97711723881
DS.d219.s0.i0 1.0 0.803846314864
DS.d219.s0.i1 1.0 1.48253138895
DS.d219.s1.i0 -1 0.767004430891
DS.d219.s1.i1 -1 0.930460173831
DS.d219.s1.i2 -1 0.455439967121
DS.d234.s0.i0 1.0 1.75954369229
DS.d240.s0.i0 1.0 1.4635498549
DS.d247.s0.i0 -1 -0.582210314336
DS.d247.s0.i1 1.0 0.438039342503
DS.d247.s0.i2 1.0 0.187295727225
DS.d247.s0.i3 -1 -0.175671438139
DS.d247.s0.i4 1.0 0.922845879058
DS.d247.s0.i5 -1 -0.629548049616
DS.d247.s0.i6 -1 -0.585787855296
DS.d247.s0.i7 -1 -0.203101701462
DS.d247.s0.i8 -1 -0.532299632216
DS.d247.s0.i9 -1 -0.765370003808
DS.d247.s0.i10 -1 -0.76523602564
DS.d247.s0.i11 -1 -0.449965901109
DS.d247.s0.i12 -1 -0.0972014106282
DS.d247.s0.i13 1.0 0.296957936198
DS.d247.s0.i14 -1 -0.365592951528
DS.d247.s0.i15 1.0 0.84394634521
DS.d247.s0.i16 -1 -0.61285377481
DS.d247.s0.i17 -1 -0.311493392328
DS.d247.s0.i18 1.0 0.347735804256
DS.d247.s0.i19 -1 -0.782895490346
DS.d247.s0.i20 1.0 0.608824453006
DS.d247.s0.i21 -1 -0.456448830079
DS.d247.s0.i22 1.0 -0.110070776612
DS.d247.s0.i23 -1 -0.39647767803
DS.d251.s0.i0 1.0 -0.390685536601
DS.d251.s0.i1 1.0 -1.22554273441
DS.d251.s0.i2 1.0 0.438624046441
DS.d251.s0.i3 1.0 1.24654215595
DS.d251.s0.i4 1.0 -0.598280717756
DS.d251.s0.i5 1.0 -0.853373300412
DS.d251.s0.i6 1.0 0.0664546124439
DS.d251.s0.i7 1.0 -0.375451650968
DS.d251.s0.i8 1.0 -0.762854970596
DS.d253.s0.i0 1.0 1.76481213058
DS.d253.s1.i0 1.0 0.765506554768
DS.d253.s1.i1 1.0 0.994422217072
DS.d253.s1.i2 1.0 0.207977130326
DS.d253.s1.i3 1.0 1.06349151436
DS.d253.s1.i4 1.0 0.364313784965
DS.d253.s1.i5 1.0 0.875604086723
DS.d253.s1.i6 1.0 0.318074662278
DS.d253.s1.i7 1.0 0.295244487673
DS.d253.s2.i0 1.0 1.84358535719
DS.d256.s0.i0 -1 0.207937365684
DS.d256.s0.i1 -1 -0.542219281324
DS.d256.s0.i2 1.0 0.783582834228
DS.d256.s0.i3 -1 -0.600232136351
DS.d266.s0.i0 1.0 1.11244253791
DS.d294.s0.i0 1.0 0.606711421056
DS.d294.s0.i1 1.0 0.305299554716
DS.d294.s0.i2 1.0 1.3171504956
DS.d298.s0.i0 1.0 1.72295856117
DS.d304.s0.i0 -1 -0.318179798751
DS.d311.s0.i0 1.0 1.41173830342
DS.d327.s0.i0 1.0 1.53046470624
DS.d337.s0.i0 1.0 1.57832458505
DS.d337.s0.i1 1.0 1.55363499449
DS.d367.s0.i0 1.0 1.57571693296
DS.d367.s0.i1 -1 1.28992111529
DS.d367.s0.i2 -1 0.908002430856
DS.d374.s0.i0 1.0 1.18385869015
DS.d374.s1.i0 1.0 2.2701451077
DS.d374.s1.i1 1.0 1.80484290078
DS.d379.s0.i0 -1 -0.05817033908
DS.d379.s0.i1 -1 -0.230212503773
DS.d396.s0.i0 -1 1.42567301121
DS.d397.s0.i0 -1 0.822712940298
DS.d397.s0.i1 -1 0.615349332919
DS.d397.s0.i2 1.0 1.14134188858
DS.d398.s0.i0 1.0 1.88420831532
DS.d401.s0.i0 1.0 0.218677920825
DS.d401.s0.i1 1.0 0.32448557933
DS.d415.s0.i0 -1 0.526016876752
DS.d415.s0.i1 -1 0.0275186197672
DS.d415.s0.i2 -1 0.837163628214
DS.d415.s0.i3 -1 0.600484244889
DS.d433.s0.i0 1.0 1.17131022392
DS.d433.s1.i0 1.0 1.81702514159
DS.d433.s1.i1 1.0 1.02003435507
DS.d433.s1.i2 1.0 1.93091683713
DS.d433.s1.i3 1.0 1.43055051641
DS.d433.s2.i0 1.0 0.837938201725
DS.d433.s3.i0 1.0 1.79214241577
DS.d439.s0.i0 1.0 -0.10567088797
DS.d450.s0.i0 1.0 0.831280170192
DS.d450.s1.i0 1.0 1.17452584711
DS.d450.s1.i1 -1 0.967039515174
DS.d475.s0.i0 -1 -0.833821016756
DS.d475.s0.i1 1.0 0.140530274443
DS.d475.s1.i0 1.0 0.795937421192
DS.d475.s2.i0 1.0 2.53611678397
DS.d501.s0.i0 1.0 0.499862733846
DS.d501.s0.i1 1.0 0.579400843071
DS.d522.s0.i0 -1 0.468957216885
DS.d522.s0.i1 -1 0.707743305009
DS.d541.s0.i0 -1 0.434676900165
DS.d541.s1.i0 -1 0.240560578401
DS.d543.s0.i0 1.0 0.426369306752
DS.d543.s0.i1 1.0 -0.352937960153
DS.d543.s0.i2 -1 -0.97063787013
DS.d546.s0.i0 1.0 1.6872960379
DS.d546.s0.i1 1.0 1.24993789007
DS.d551.s0.i0 1.0 1.78887800199
DS.d561.s0.i0 -1 -0.21188770425
DS.d572.s0.i0 -1 1.18414377335
DS.d572.s0.i1 -1 1.13397307669
DS.d595.s0.i0 1.0 1.36516129085
DS.d595.s0.i1 1.0 1.40713728714
DS.d595.s0.i2 1.0 1.39500387627
DS.d601.s0.i0 1.0 0.744003117684
DS.d604.s0.i0 1.0 0.886383257975
DS.d631.s0.i0 1.0 1.58806799692
DS.d631.s0.i1 1.0 0.742177968185
DS.d642.s0.i0 -1 -0.0547744109503
DS.d643.s0.i0 -1 0.97458486784
DS.d643.s0.i1 -1 0.823622042059
DS.d643.s0.i2 -1 0.766881073193
DS.d643.s0.i3 1.0 0.746347025417
DS.d643.s0.i4 -1 0.231250953416
DS.d643.s0.i5 1.0 0.961286207466
DS.d654.s0.i0 1.0 0.293068484467
DS.d654.s1.i0 1.0 1.08597414358
DS.d676.s0.i0 1.0 1.87742378549
DS.d689.s0.i0 -1 0.633047672953
DS.d689.s0.i1 -1 0.548002199107
DS.d698.s0.i0 1.0 0.767860018916
DS.d698.s1.i0 1.0 1.37007787209
DS.d704.s0.i0 -1 -1.08819644488
DS.d704.s0.i1 1.0 0.0368136441926
DS.d704.s0.i2 1.0 0.0368136441926
DS.d704.s0.i3 1.0 -0.0741856545402
DS.d704.s0.i4 1.0 -0.0741856545402
DS.d704.s0.i5 -1 -1.08819644488
DS.d705.s0.i0 1.0 0.114923090387
DS.d706.s0.i0 1.0 -0.262021911158
DS.d708.s0.i0 -1 0.757254672357
DS.d726.s0.i0 1.0 1.9150263274
DS.d729.s0.i0 -1 0.499113066365
DS.d734.s0.i0 1.0 0.559366027721
DS.d734.s0.i1 1.0 0.778117289529
DS.d734.s0.i2 1.0 0.251826582653
DS.d734.s0.i3 1.0 0.254767573735
DS.d759.s0.i0 -1 0.767739709199
DS.d759.s0.i1 -1 0.767739709199
DS.d766.s0.i0 -1 1.55997319562
DS.d766.s0.i1 -1 0.875939945898
DS.d766.s0.i2 -1 1.78074879738
DS.d766.s0.i3 -1 1.5716745944
DS.d777.s0.i0 -1 -0.398624282974
DS.d785.s0.i0 1.0 0.872570465674
DS.d785.s0.i1 1.0 0.148947049243
DS.d790.s0.i0 -1 0.435148812257
DS.d790.s0.i1 -1 1.2551355831
DS.d794.s0.i0 1.0 1.08870249539
DS.d794.s0.i1 1.0 1.20118897147
DS.d798.s0.i0 1.0 0.59647880815
DS.d801.s0.i0 1.0 0.408569020534
DS.d802.s0.i0 1.0 1.12918504261
DS.d803.s0.i0 1.0 0.794380971118
DS.d803.s0.i1 1.0 0.959721498843
DS.d803.s0.i2 1.0 0.81213817044
DS.d803.s0.i3 1.0 0.941964299524
DS.d803.s1.i0 1.0 0.166460542221
DS.d803.s1.i1 1.0 0.380884003919
DS.d803.s2.i0 1.0 1.3853159964
DS.d803.s2.i1 1.0 1.09806732998
DS.d813.s0.i0 -1 1.09267119369
DS.d829.s0.i0 1.0 1.39009399103
DS.d830.s0.i0 1.0 1.30089866063
DS.d830.s1.i0 1.0 0.939525273288
DS.d845.s0.i0 -1 0.74600441787
DS.d845.s1.i0 1.0 0.522439630632
DS.d845.s2.i0 -1 0.110018904046
DS.d851.s0.i0 -1 0.861669480319
DS.d852.s0.i0 1.0 0.92937043173
DS.d855.s0.i0 1.0 0.572513505925
DS.d855.s0.i1 1.0 0.874976485795
DS.d858.s0.i0 1.0 -1.16817198837
DS.d858.s0.i1 1.0 -0.993529572303
DS.d858.s0.i2 1.0 -1.24607728005
DS.d859.s0.i0 1.0 1.08390920383
DS.d865.s0.i0 1.0 0.811168774837
DS.d865.s0.i1 1.0 0.728720978809
DS.d868.s0.i0 -1 0.967780606291
DS.d868.s0.i1 -1 0.419884268736
DS.d878.s0.i0 1.0 0.543565673154
DS.d878.s1.i0 1.0 1.33320401883
DS.d903.s0.i0 1.0 1.63517560643
DS.d903.s0.i1 1.0 0.769986824466
DS.d912.s0.i0 -1 1.08644119915
DS.d912.s1.i0 1.0 0.720964075439
DS.d921.s0.i0 1.0 1.66124176049
DS.d921.s1.i0 1.0 0.884971931061
DS.d921.s1.i1 1.0 1.61008163603
DS.d921.s2.i0 1.0 1.22297582095
DS.d921.s2.i1 1.0 0.88349927094
DS.d921.s2.i2 1.0 0.878057449961
DS.d921.s2.i3 1.0 1.46253203454
DS.d921.s2.i4 1.0 1.09180906432
DS.d929.s0.i0 1.0 0.477845353488
DS.d929.s0.i1 1.0 0.49621015413
DS.d929.s0.i2 1.0 0.610019566578
DS.d929.s0.i3 1.0 1.76436053073
DS.d929.s0.i4 1.0 0.540551803377
DS.d929.s0.i5 -1 0.598036862242
DS.d929.s0.i6 -1 0.0352566688391
DS.d945.s0.i0 1.0 0.130767817735
DS.d945.s0.i1 1.0 -0.0597269379532
DS.d945.s1.i0 1.0 1.29982155102
DS.d954.s0.i0 -1 -0.0819929558103
DS.d957.s0.i0 1.0 1.13643445587
DS.d979.s0.i0 1.0 1.69390949661
DS.d995.s0.i0 -1 -0.737800045015
DS.d995.s1.i0 1.0 0.0144272410662
DS.d995.s1.i1 1.0 0.837299939148
DS.d995.s2.i0 1.0 0.364593403016
DS.d995.s3.i0 1.0 1.26663006883
DS.d1002.s0.i0 -1 -0.453449413144
DS.d1004.s0.i0 1.0 0.594177801975
DS.d1004.s0.i1 1.0 1.07346769655
DS.d1004.s1.i0 1.0 0.630406593708
DS.d1004.s1.i1 1.0 0.81374094503
DS.d1004.s1.i2 1.0 0.367474418357
DS.d1004.s1.i3 1.0 1.00260641858
DS.d1007.s0.i0 1.0 0.377968387581
DS.d1007.s1.i0 -1 1.88301611564
DS.d1007.s1.i1 -1 1.85103386343
DS.d1007.s1.i2 -1 1.73448462768
DS.d1007.s1.i3 1.0 0.786585274009
DS.d1007.s1.i4 -1 1.9824796679
DS.d1007.s1.i5 1.0 0.739279564759
DS.d1007.s2.i0 -1 0.644029431639
DS.d1007.s3.i0 1.0 0.9775445801
DS.d1007.s4.i0 1.0 1.81212816968
DS.d1007.s4.i1 1.0 0.834757765973
DS.d1017.s0.i0 -1 -0.532000175404
DS.d1017.s0.i1 -1 -0.182711376249
DS.d1017.s0.i2 -1 -0.555007747136
DS.d1017.s0.i3 -1 -0.969032478365
DS.d1025.s0.i0 1.0 2.02032956484
DS.d1025.s0.i1 -1 1.31838757153
DS.d1044.s0.i0 1.0 0.94165336285
DS.d1045.s0.i0 1.0 1.44504968638
DS.d1047.s0.i0 -1 0.428644410494
DS.d1047.s0.i1 -1 0.372979910909
DS.d1047.s0.i2 -1 0.189929087101
DS.d1047.s0.i3 -1 0.134264587514
DS.d1047.s0.i4 -1 1.04223078478
DS.d1047.s0.i5 -1 0.960324897055
DS.d1055.s0.i0 -1 -0.210695278715
DS.d1064.s0.i0 1.0 0.851935338167
DS.d1064.s0.i1 -1 0.967024457454
DS.d1077.s0.i0 -1 0.711424665118
DS.d1089.s0.i0 1.0 0.394760813886
DS.d1089.s1.i0 1.0 0.56365403664
DS.d1089.s1.i1 1.0 0.960821530843
DS.d1089.s1.i2 1.0 0.357206562714
DS.d1089.s1.i3 1.0 0.641062286117
DS.d1104.s0.i0 1.0 -0.0630262425625
DS.d1104.s1.i0 -1 0.591718521957
DS.d1115.s0.i0 1.0 -0.65457411171
DS.d1115.s1.i0 -1 -0.521627478816
DS.d1115.s1.i1 -1 -0.738184549811
DS.d1115.s1.i2 -1 -1.16054568276
DS.d1115.s1.i3 -1 -0.825397294403
DS.d1129.s0.i0 1.0 1.19040175299
DS.d1129.s1.i0 1.0 1.19608356859
DS.d1129.s1.i1 1.0 1.64626613537
DS.d1129.s2.i0 1.0 0.867258927503
DS.d1141.s0.i0 -1 1.00554710646
DS.d1141.s0.i1 1.0 1.38623080216
DS.d1146.s0.i0 -1 0.986882393504
DS.d1156.s0.i0 1.0 1.00675500856
DS.d1156.s1.i0 1.0 1.87388261684
DS.d1156.s1.i1 1.0 1.25867139093
DS.d1165.s0.i0 1.0 1.16964346684
DS.d1174.s0.i0 -1 0.528804575979
DS.d1197.s0.i0 -1 1.2580395803
DS.d1204.s0.i0 1.0 0.843967192696
DS.d1204.s0.i1 1.0 1.15643300983
DS.d1204.s1.i0 1.0 1.66583027701
DS.d1204.s1.i1 1.0 2.02652752411
DS.d1204.s2.i0 -1 0.307198053088
DS.d1206.s0.i0 -1 -2.28500264077
DS.d1206.s1.i0 -1 1.60337201574
DS.d1224.s0.i0 1.0 0.837483499398
DS.d1224.s0.i1 1.0 1.56948729398
DS.d1255.s0.i0 1.0 -0.198555414527
DS.d1255.s1.i0 1.0 -0.620097187143
DS.d1255.s1.i1 1.0 -0.679158530462
DS.d1255.s2.i0 -1 0.338957193117
DS.d1255.s3.i0 1.0 0.923745803195
DS.d1258.s0.i0 1.0 0.677108557292
DS.d1262.s0.i0 -1 2.69146435075
DS.d1262.s0.i1 1.0 1.65945371103
DS.d1262.s1.i0 1.0 -0.461280607749
DS.d1262.s1.i1 1.0 0.133039478349
DS.d1264.s0.i0 1.0 0.464612109524
DS.d1264.s0.i1 1.0 -0.0786744622539
DS.d1264.s0.i2 -1 1.73230009426
DS.d1264.s0.i3 1.0 0.128992834707
DS.d1268.s0.i0 -1 -0.298117140264
DS.d1276.s0.i0 1.0 -0.0737298966301
DS.d1276.s0.i1 1.0 0.609949369814
DS.d1276.s0.i2 1.0 0.0208116466421
DS.d1276.s0.i3 1.0 -0.275828184491
DS.d1276.s1.i0 1.0 -0.218872878582
DS.d1284.s0.i0 1.0 1.34001777572
DS.d1284.s1.i0 1.0 0.939076677381
DS.d1304.s0.i0 1.0 0.696305679461
DS.d1309.s0.i0 1.0 1.61790687241
DS.d1313.s0.i0 -1 0.95036364076
DS.d1323.s0.i0 1.0 0.0831721524225
DS.d1324.s0.i0 -1 -0.932745418985
DS.d1324.s1.i0 1.0 -0.916429529831
DS.d1324.s1.i1 1.0 -0.731550902685
DS.d1324.s2.i0 -1 -0.665771911591
DS.d1328.s0.i0 -1 -0.108630075544
DS.d1328.s0.i1 -1 0.811923540238
DS.d1328.s1.i0 -1 -0.867295393114
DS.d1328.s1.i1 -1 -1.33868506211
DS.d1329.s0.i0 -1 -1.15127817158
DS.d1329.s0.i1 -1 -0.39762452722
DS.d1329.s0.i2 -1 -1.17315735652
DS.d1329.s0.i3 -1 -0.114906856791
DS.d1331.s0.i0 -1 -1.40701748444
DS.d1331.s0.i1 -1 -1.49717316231
DS.d1331.s1.i0 -1 -0.448837067548
DS.d1331.s1.i1 -1 -1.15737266858
DS.d1335.s0.i0 1.0 0.0191632531138
DS.d1335.s1.i0 1.0 1.79886415772
DS.d1335.s2.i0 1.0 1.24403220278
DS.d1335.s3.i0 1.0 1.35864364698
DS.d1335.s4.i0 1.0 0.248437487535
DS.d1336.s0.i0 -1 -0.679427670685
DS.d1345.s0.i0 -1 -0.429301784714
DS.d1346.s0.i0 1.0 2.19718700756
DS.d1346.s0.i1 -1 3.00913820965
DS.d1346.s1.i0 1.0 0.945305668216
DS.d1348.s0.i0 -1 0.540335247549
DS.d1348.s1.i0 1.0 1.19057336101
DS.d1386.s0.i0 1.0 0.269668488129
DS.d1386.s0.i1 1.0 -0.102500945867
DS.d1386.s0.i2 1.0 0.44278721884
DS.d1386.s1.i0 -1 1.04515180287
DS.d1386.s1.i1 -1 0.754730944089
DS.d1386.s1.i2 1.0 -0.805119060551
DS.d1390.s0.i0 -1 0.545326553056
DS.d1395.s0.i0 1.0 1.07668056575
DS.d1415.s0.i0 1.0 1.28970778884
DS.d1415.s0.i1 1.0 1.33047244064
DS.d1425.s0.i0 1.0 2.12703056907
DS.d1425.s1.i0 1.0 1.02781511016
DS.d1433.s0.i0 1.0 0.471575711686
DS.d1433.s0.i1 1.0 0.0174730648406
DS.d1433.s0.i2 1.0 0.484649501556
DS.d1466.s0.i0 1.0 1.40877648956
DS.d1471.s0.i0 1.0 1.08422338611
DS.d1471.s1.i0 -1 1.5307249637
DS.d1471.s1.i1 1.0 1.89280594275
DS.d1471.s2.i0 1.0 0.90876371985
DS.d1471.s3.i0 1.0 0.236668592511
DS.d1471.s3.i1 1.0 0.612274614883
DS.d1493.s0.i0 1.0 0.974428564738
DS.d1493.s1.i0 1.0 1.31600066787
DS.d1493.s1.i1 1.0 1.00049762205
DS.d1493.s1.i2 1.0 1.00049762205
DS.d1507.s0.i0 -1 -0.504746211405
DS.d1507.s0.i1 -1 -0.463857494225
DS.d1507.s0.i2 -1 -0.336491371268
DS.d1507.s0.i3 -1 -0.232026368123
DS.d1507.s0.i4 -1 -0.423836928381
DS.d1507.s0.i5 -1 -0.497917785875
DS.d1507.s0.i6 -1 -0.0296049522112
DS.d1507.s0.i7 -1 -0.295496369963
DS.d1507.s0.i8 -1 -0.626258344293
DS.d1507.s0.i9 -1 -0.708478681931
DS.d1507.s0.i10 -1 -0.232026368123
DS.d1507.s0.i11 -1 -0.423836928381
DS.d1507.s0.i12 -1 -0.835844804884
DS.d1507.s0.i13 -1 -0.625283908831
DS.d1507.s0.i14 -1 -0.0296049522112
DS.d1507.s0.i15 -1 -0.508768443912
DS.d1507.s0.i16 -1 -0.79977832962
DS.d1507.s0.i17 -1 -0.42286249292
DS.d1507.s0.i18 -1 -0.223863670934
DS.d1507.s0.i19 -1 -0.138832501472
DS.d1528.s0.i0 1.0 1.12663846329
DS.d1543.s0.i0 1.0 0.196635210989
DS.d1543.s0.i1 -1 -0.318434295845
DS.d1543.s1.i0 -1 1.53638098171
DS.d1564.s0.i0 -1 -0.350223744728
DS.d1565.s0.i0 1.0 1.94215135373
DS.d1565.s0.i1 1.0 1.41071309224
DS.d1565.s0.i2 1.0 1.6601210669
DS.d1565.s0.i3 1.0 1.94215135373
DS.d1565.s0.i4 1.0 1.41071309224
DS.d1565.s0.i5 1.0 1.6601210669
DS.d1565.s1.i0 -1 0.370831263623
DS.d1565.s1.i1 -1 0.688931324234
DS.d1565.s1.i2 1.0 2.14236441763
DS.d1565.s2.i0 1.0 1.44219769397
DS.d1565.s2.i1 1.0 0.602274650778
DS.d1565.s3.i0 1.0 1.13384858982
DS.d1565.s3.i1 1.0 1.54141884875
DS.d1568.s0.i0 1.0 0.233533060902
DS.d1589.s0.i0 1.0 1.50191859441
DS.d1589.s0.i1 1.0 -0.135339682837
DS.d1602.s0.i0 1.0 1.77213722612
DS.d1602.s1.i0 -1 -1.28921269244
DS.d1602.s1.i1 -1 -1.62714295012
DS.d1618.s0.i0 -1 0.49974004735
DS.d1618.s0.i1 -1 0.280759378863
DS.d1618.s1.i0 -1 0.700462190443
DS.d1627.s0.i0 -1 0.605120935699
DS.d1627.s1.i0 -1 1.23543452864
DS.d1637.s0.i0 -1 -0.962363283794
DS.d1637.s0.i1 -1 0.37534377855
DS.d1637.s1.i0 -1 -0.662408363388
DS.d1637.s1.i1 -1 -0.602584813619
DS.d1661.s0.i0 1.0 0.984608274467
DS.d1661.s0.i1 1.0 0.984608274467
DS.d1666.s0.i0 1.0 0.437051570295
DS.d1666.s0.i1 1.0 0.382594582738
DS.d1725.s0.i0 1.0 2.21529954805
DS.d1740.s0.i0 1.0 0.11686851701
DS.d1740.s0.i1 1.0 0.266518805945
DS.d1755.s0.i0 -1 -0.291992754525
DS.d1755.s0.i1 -1 -0.510588089748
DS.d1758.s0.i0 -1 1.35271413764
DS.d1765.s0.i0 1.0 0.627317341539
DS.d1765.s0.i1 1.0 0.73676479425
DS.d1791.s0.i0 -1 -0.550701271062
DS.d1791.s0.i1 -1 -0.28766216908
DS.d1792.s0.i0 -1 -0.258958313143
DS.d1835.s0.i0 1.0 2.30446309714
DS.d1849.s0.i0 1.0 0.903846588538
DS.d1853.s0.i0 1.0 -0.173615036129
DS.d1861.s0.i0 1.0 1.11052531945
DS.d1861.s0.i1 1.0 1.11052531945
DS.d1879.s0.i0 1.0 0.732669054222
DS.d1879.s0.i1 1.0 0.522976754839
DS.d1884.s0.i0 -1 -0.205387480887
DS.d1885.s0.i0 1.0 1.65520727074
DS.d1885.s1.i0 1.0 0.980743393459
DS.d1885.s1.i1 1.0 0.0628195480956
