DS.d3.s0.i0 1.0 1.83879395246
DS.d3.s0.i1 1.0 2.64596760038
DS.d3.s0.i2 1.0 2.64596760038
DS.d3.s1.i0 1.0 0.580635055955
DS.d3.s1.i1 1.0 0.627733530351
DS.d12.s0.i0 -1 0.351400470582
DS.d29.s0.i0 -1 0.649068618373
DS.d29.s0.i1 -1 0.649068618373
DS.d29.s0.i2 -1 -0.98605830346
DS.d29.s0.i3 -1 0.555190477285
DS.d29.s0.i4 -1 -0.64051944667
DS.d29.s0.i5 -1 0.5137116147
DS.d29.s0.i6 -1 -0.505162442997
DS.d29.s0.i7 -1 -0.486784461826
DS.d29.s0.i8 -1 -0.527069949607
DS.d29.s0.i9 -1 0.0835404329505
DS.d29.s0.i10 -1 0.673350280042
DS.d29.s0.i11 -1 -0.398331431338
DS.d34.s0.i0 1.0 -1.24405957943
DS.d34.s0.i1 1.0 0.215242433036
DS.d44.s0.i0 -1 -1.34158948467
DS.d44.s0.i1 1.0 -0.764405318033
DS.d44.s0.i2 -1 -1.15424228776
DS.d44.s0.i3 -1 -1.57185207413
DS.d44.s0.i4 -1 -1.0228997834
DS.d44.s0.i5 1.0 -1.2169543625
DS.d44.s0.i6 -1 -0.750291542058
DS.d44.s0.i7 -1 -1.52356326273
DS.d44.s0.i8 1.0 -0.0509240665058
DS.d44.s0.i9 1.0 0.0691928381219
DS.d44.s0.i10 1.0 -0.532799043732
DS.d44.s0.i11 -1 -1.49451010084
DS.d44.s0.i12 -1 -1.45202388722
DS.d44.s0.i13 -1 -1.69687103794
DS.d44.s0.i14 -1 -1.46385869009
DS.d44.s0.i15 -1 -1.36724025429
DS.d44.s0.i16 1.0 -0.586500743071
DS.d44.s0.i17 -1 -0.965075550797
DS.d46.s0.i0 1.0 -0.494845143581
DS.d46.s0.i1 1.0 0.400194083468
DS.d46.s0.i2 1.0 -0.00683390825513
DS.d46.s0.i3 1.0 0.301403220999
DS.d46.s0.i4 1.0 -0.0565495494189
DS.d46.s0.i5 1.0 -0.81654079637
DS.d46.s0.i6 1.0 -0.139132105233
DS.d46.s0.i7 1.0 -0.0642144293699
DS.d61.s0.i0 1.0 0.264490631979
DS.d61.s0.i1 1.0 0.531092630078
DS.d61.s0.i2 1.0 0.994709429412
DS.d61.s0.i3 1.0 0.658329189117
DS.d61.s0.i4 1.0 0.535296981272
DS.d61.s0.i5 1.0 0.106885500677
DS.d61.s0.i6 1.0 0.850730051703
DS.d61.s0.i7 1.0 0.303472857214
DS.d61.s0.i8 1.0 0.0914772823694
DS.d69.s0.i0 1.0 0.40939285869
DS.d69.s0.i1 1.0 0.935445107359
DS.d77.s0.i0 1.0 1.25867195237
DS.d77.s0.i1 -1 0.921168474944
DS.d94.s0.i0 -1 -0.31493354857
DS.d94.s1.i0 -1 -0.635932050739
DS.d94.s1.i1 -1 -0.623532018478
DS.d94.s1.i2 -1 -0.166818619849
DS.d94.s2.i0 -1 -0.383634093871
DS.d101.s0.i0 1.0 -0.348532358893
DS.d102.s0.i0 1.0 -0.11661520938
DS.d102.s0.i1 1.0 -0.0730019877183
DS.d102.s0.i2 1.0 0.0111572282261
DS.d105.s0.i0 -1 -0.156165426621
DS.d105.s0.i1 -1 -0.156165426621
DS.d126.s0.i0 1.0 0.761443669568
DS.d132.s0.i0 1.0 1.10594543744
DS.d136.s0.i0 1.0 0.957732849293
DS.d136.s0.i1 1.0 1.18053145391
DS.d146.s0.i0 1.0 -0.0376277590165
DS.d146.s0.i1 1.0 -0.164331558594
DS.d151.s0.i0 -1 0.811085010962
DS.d157.s0.i0 1.0 1.04080250627
DS.d167.s0.i0 1.0 1.42216629372
DS.d183.s0.i0 -1 0.381751245606
DS.d183.s0.i1 -1 0.425327168218
DS.d183.s0.i2 -1 0.549778748136
DS.d184.s0.i0 1.0 -0.467428501016
DS.d184.s0.i1 1.0 -0.699445481454
DS.d184.s0.i2 1.0 1.17662673356
DS.d184.s0.i3 1.0 0.62122768571
DS.d184.s0.i4 1.0 0.282526320338
DS.d184.s0.i5 1.0 -1.05151401588
DS.d184.s1.i0 1.0 1.29341235026
DS.d184.s2.i0 1.0 0.0907497416063
DS.d184.s2.i1 1.0 -0.298963054264
DS.d198.s0.i0 1.0 0.0580991172793
DS.d198.s0.i1 1.0 0.292533193743
DS.d198.s1.i0 -1 -0.421820418313
DS.d198.s1.i1 -1 -0.871640346393
DS.d198.s1.i2 -1 -0.473827480786
DS.d198.s1.i3 -1 -0.985441014102
DS.d199.s0.i0 1.0 1.33639472438
DS.d199.s0.i1 1.0 1.0267965729
DS.d204.s0.i0 1.0 1.08400854447
DS.d204.s0.i1 1.0 -0.164505121774
DS.d206.s0.i0 1.0 1.20282535866
DS.d206.s0.i1 1.0 1.50605934676
DS.d206.s0.i2 1.0 1.22811078302
DS.d206.s0.i3 1.0 0.850330335189
DS.d206.s0.i4 1.0 0.784809645789
DS.d206.s0.i5 1.0 0.710653587435
DS.d206.s0.i6 1.0 0.633567941236
DS.d206.s0.i7 1.0 1.35833144764
DS.d208.s0.i0 1.0 0.494416672924
DS.d208.s0.i1 1.0 0.506622960843
DS.d210.s0.i0 1.0 1.1213295382
DS.d210.s0.i1 1.0 1.459581873
DS.d219.s0.i0 1.0 0.80365499458
DS.d219.s0.i1 1.0 1.21057465816
DS.d219.s1.i0 -1 0.196276099008
DS.d219.s1.i1 -1 0.465020760728
DS.d219.s1.i2 -1 0.123366021213
DS.d234.s0.i0 1.0 1.47999983675
DS.d240.s0.i0 1.0 0.825763807816
DS.d247.s0.i0 -1 -1.2326958629
DS.d247.s0.i1 1.0 -0.359331450382
DS.d247.s0.i2 1.0 -0.629561718984
DS.d247.s0.i3 -1 -1.3257963807
DS.d247.s0.i4 1.0 0.139755825612
DS.d247.s0.i5 -1 -1.48250594468
DS.d247.s0.i6 -1 -1.24840676007
DS.d247.s0.i7 -1 -1.18768073501
DS.d247.s0.i8 -1 -1.36349350452
DS.d247.s0.i9 -1 -1.43291393129
DS.d247.s0.i10 -1 -1.21215382433
DS.d247.s0.i11 -1 -1.29799877345
DS.d247.s0.i12 -1 -0.559742229321
DS.d247.s0.i13 1.0 -0.581601350608
DS.d247.s0.i14 -1 -1.4101382342
DS.d247.s0.i15 1.0 -0.574952502648
DS.d247.s0.i16 -1 -1.55395765238
DS.d247.s0.i17 -1 -1.27620436732
DS.d247.s0.i18 1.0 -0.553610226725
DS.d247.s0.i19 -1 -1.78301340737
DS.d247.s0.i20 1.0 -0.672944868876
DS.d247.s0.i21 -1 -1.21531326978
DS.d247.s0.i22 1.0 -0.703162120677
DS.d247.s0.i23 -1 -1.4130855179
DS.d251.s0.i0 1.0 -0.660720610903
DS.d251.s0.i1 1.0 -0.540946865364
DS.d251.s0.i2 1.0 0.305205822225
DS.d251.s0.i3 1.0 0.587737053485
DS.d251.s0.i4 1.0 -0.691865059474
DS.d251.s0.i5 1.0 -0.459848128347
DS.d251.s0.i6 1.0 0.379560638349
DS.d251.s0.i7 1.0 -1.02904718488
DS.d251.s0.i8 1.0 -0.558172955079
DS.d253.s0.i0 1.0 0.790004744358
DS.d253.s1.i0 1.0 0.513734903339
DS.d253.s1.i1 1.0 0.811654697559
DS.d253.s1.i2 1.0 -0.522579474404
DS.d253.s1.i3 1.0 0.800971176306
DS.d253.s1.i4 1.0 -0.384618148805
DS.d253.s1.i5 1.0 0.534748781057
DS.d253.s1.i6 1.0 -0.502684402112
DS.d253.s1.i7 1.0 -0.380294101374
DS.d253.s2.i0 1.0 2.12549745309
DS.d256.s0.i0 -1 0.4516768506
DS.d256.s0.i1 -1 0.250504643708
DS.d256.s0.i2 1.0 0.687941491873
DS.d256.s0.i3 -1 -0.0545629604735
DS.d266.s0.i0 1.0 0.498466630394
DS.d294.s0.i0 1.0 0.747060243466
DS.d294.s0.i1 1.0 0.77365522018
DS.d294.s0.i2 1.0 1.39685859453
DS.d298.s0.i0 1.0 1.11937694101
DS.d304.s0.i0 -1 -0.77601229361
DS.d311.s0.i0 1.0 0.857527184065
DS.d327.s0.i0 1.0 1.13261255683
DS.d337.s0.i0 1.0 0.885737994755
DS.d337.s0.i1 1.0 0.895579539332
DS.d367.s0.i0 1.0 0.534013506508
DS.d367.s0.i1 -1 0.256172330863
DS.d367.s0.i2 -1 0.373276232971
DS.d374.s0.i0 1.0 0.726033400369
DS.d374.s1.i0 1.0 1.60440969578
DS.d374.s1.i1 1.0 1.26226249447
DS.d379.s0.i0 -1 -0.896667449198
DS.d379.s0.i1 -1 -0.837655317601
DS.d396.s0.i0 -1 1.10121854504
DS.d397.s0.i0 -1 -0.31320225334
DS.d397.s0.i1 -1 0.47335416229
DS.d397.s0.i2 1.0 0.313460227645
DS.d398.s0.i0 1.0 1.45148076446
DS.d401.s0.i0 1.0 0.0577589825156
DS.d401.s0.i1 1.0 0.396202416463
DS.d415.s0.i0 -1 -0.470687706491
DS.d415.s0.i1 -1 -0.535799906477
DS.d415.s0.i2 -1 0.900426173966
DS.d415.s0.i3 -1 -0.111046211771
DS.d433.s0.i0 1.0 0.35917324059
DS.d433.s1.i0 1.0 0.737558717567
DS.d433.s1.i1 1.0 0.304296189217
DS.d433.s1.i2 1.0 1.4992367744
DS.d433.s1.i3 1.0 1.00488048232
DS.d433.s2.i0 1.0 0.726986225675
DS.d433.s3.i0 1.0 0.747948537931
DS.d439.s0.i0 1.0 -0.264206950262
DS.d450.s0.i0 1.0 0.356812692158
DS.d450.s1.i0 1.0 1.22145435852
DS.d450.s1.i1 -1 0.297432282251
DS.d475.s0.i0 -1 -1.64426054991
DS.d475.s0.i1 1.0 0.051832570011
DS.d475.s1.i0 1.0 0.618100792701
DS.d475.s2.i0 1.0 2.57968602409
DS.d501.s0.i0 1.0 0.415818509675
DS.d501.s0.i1 1.0 0.106943902845
DS.d522.s0.i0 -1 -0.306615851492
DS.d522.s0.i1 -1 -0.744722222752
DS.d541.s0.i0 -1 -0.557999069383
DS.d541.s1.i0 -1 -0.061730083906
DS.d543.s0.i0 1.0 -0.0638110583886
DS.d543.s0.i1 1.0 -0.270333102984
DS.d543.s0.i2 -1 -1.43432751458
DS.d546.s0.i0 1.0 1.09583716283
DS.d546.s0.i1 1.0 0.898591217431
DS.d551.s0.i0 1.0 1.44086367621
DS.d561.s0.i0 -1 -0.73055079242
DS.d572.s0.i0 -1 0.973362540097
DS.d572.s0.i1 -1 0.69035402797
DS.d595.s0.i0 1.0 0.186937674107
DS.d595.s0.i1 1.0 0.840351003529
DS.d595.s0.i2 1.0 1.03839207844
DS.d601.s0.i0 1.0 0.551259984074
DS.d604.s0.i0 1.0 0.464032508641
DS.d631.s0.i0 1.0 0.586666850832
DS.d631.s0.i1 1.0 0.707560360891
DS.d642.s0.i0 -1 0.00377539083948
DS.d643.s0.i0 -1 0.407852577303
DS.d643.s0.i1 -1 0.0240277314915
DS.d643.s0.i2 -1 0.388457142668
DS.d643.s0.i3 1.0 0.218923738849
DS.d643.s0.i4 -1 -0.987100112672
DS.d643.s0.i5 1.0 0.201584284354
DS.d654.s0.i0 1.0 0.369478568581
DS.d654.s1.i0 1.0 1.27828590212
DS.d676.s0.i0 1.0 0.737662197388
DS.d689.s0.i0 -1 0.109668081482
DS.d689.s0.i1 -1 0.310643847789
DS.d698.s0.i0 1.0 0.869964029669
DS.d698.s1.i0 1.0 0.707370990837
DS.d704.s0.i0 -1 -1.73798896331
DS.d704.s0.i1 1.0 -0.29299418018
DS.d704.s0.i2 1.0 -0.29299418018
DS.d704.s0.i3 1.0 -0.700134515547
DS.d704.s0.i4 1.0 -0.700134515547
DS.d704.s0.i5 -1 -1.73798896331
DS.d705.s0.i0 1.0 0.25706932712
DS.d706.s0.i0 1.0 -0.428738267227
DS.d708.s0.i0 -1 0.246437308337
DS.d726.s0.i0 1.0 0.975748466439
DS.d729.s0.i0 -1 0.347871685239
DS.d734.s0.i0 1.0 0.0865153399316
DS.d734.s0.i1 1.0 0.220204618272
DS.d734.s0.i2 1.0 -0.0663705320994
DS.d734.s0.i3 1.0 -0.084605598651
DS.d759.s0.i0 -1 0.377325867751
DS.d759.s0.i1 -1 0.377325867751
DS.d766.s0.i0 -1 1.09752621115
DS.d766.s0.i1 -1 0.551156741591
DS.d766.s0.i2 -1 1.39340184154
DS.d766.s0.i3 -1 1.40248223656
DS.d777.s0.i0 -1 -0.200966369092
DS.d785.s0.i0 1.0 0.66562662491
DS.d785.s0.i1 1.0 -0.0121202007851
DS.d790.s0.i0 -1 0.140109140924
DS.d790.s0.i1 -1 0.511453734429
DS.d794.s0.i0 1.0 0.024269624428
DS.d794.s0.i1 1.0 -0.103469945394
DS.d798.s0.i0 1.0 0.597342525095
DS.d801.s0.i0 1.0 -0.158663551093
DS.d802.s0.i0 1.0 1.35186841675
DS.d803.s0.i0 1.0 -0.190093816568
DS.d803.s0.i1 1.0 -0.436595083661
DS.d803.s0.i2 1.0 -0.222552895859
DS.d803.s0.i3 1.0 -0.330976168162
DS.d803.s1.i0 1.0 0.237778058467
DS.d803.s1.i1 1.0 0.368589984118
DS.d803.s2.i0 1.0 0.543972445965
DS.d803.s2.i1 1.0 0.469505903852
DS.d813.s0.i0 -1 0.951034128157
DS.d829.s0.i0 1.0 0.950521767885
DS.d830.s0.i0 1.0 1.33501485603
DS.d830.s1.i0 1.0 1.15617356657
DS.d845.s0.i0 -1 0.148463326175
DS.d845.s1.i0 1.0 -0.0968460510275
DS.d845.s2.i0 -1 -0.867534071777
DS.d851.s0.i0 -1 0.440251384643
DS.d852.s0.i0 1.0 0.356935495477
DS.d855.s0.i0 1.0 0.969000283546
DS.d855.s0.i1 1.0 1.10065745162
DS.d858.s0.i0 1.0 -1.32967676248
DS.d858.s0.i1 1.0 -1.34582040388
DS.d858.s0.i2 1.0 -1.52652236765
DS.d859.s0.i0 1.0 0.780098603406
DS.d865.s0.i0 1.0 0.16194355926
DS.d865.s0.i1 1.0 0.00204337323391
DS.d868.s0.i0 -1 0.321375402456
DS.d868.s0.i1 -1 0.123476346495
DS.d878.s0.i0 1.0 0.556470442371
DS.d878.s1.i0 1.0 1.1972978293
DS.d903.s0.i0 1.0 1.36103932402
DS.d903.s0.i1 1.0 0.201406039899
DS.d912.s0.i0 -1 0.791655643687
DS.d912.s1.i0 1.0 0.748552081328
DS.d921.s0.i0 1.0 1.73532696744
DS.d921.s1.i0 1.0 0.629324791167
DS.d921.s1.i1 1.0 0.920736322305
DS.d921.s2.i0 1.0 0.62886187578
DS.d921.s2.i1 1.0 0.662010421572
DS.d921.s2.i2 1.0 0.570192266074
DS.d921.s2.i3 1.0 0.166346503977
DS.d921.s2.i4 1.0 0.38088034986
DS.d929.s0.i0 1.0 -0.408512882406
DS.d929.s0.i1 1.0 -0.307502111847
DS.d929.s0.i2 1.0 -0.00167920976008
DS.d929.s0.i3 1.0 0.504388969214
DS.d929.s0.i4 1.0 -0.215947689714
DS.d929.s0.i5 -1 -0.739478216474
DS.d929.s0.i6 -1 -0.920287811004
DS.d945.s0.i0 1.0 -0.112254964834
DS.d945.s0.i1 1.0 -0.0878563750773
DS.d945.s1.i0 1.0 0.659235987552
DS.d954.s0.i0 -1 -0.868211415888
DS.d957.s0.i0 1.0 1.20232849617
DS.d979.s0.i0 1.0 0.477299847242
DS.d995.s0.i0 -1 -0.806491306939
DS.d995.s1.i0 1.0 -0.706706431781
DS.d995.s1.i1 1.0 0.382353344936
DS.d995.s2.i0 1.0 0.0187598410584
DS.d995.s3.i0 1.0 1.04768427252
DS.d1002.s0.i0 -1 -0.203411336413
DS.d1004.s0.i0 1.0 0.200768827273
DS.d1004.s0.i1 1.0 0.596470711322
DS.d1004.s1.i0 1.0 0.380326039755
DS.d1004.s1.i1 1.0 0.544161646034
DS.d1004.s1.i2 1.0 0.264956509066
DS.d1004.s1.i3 1.0 0.670860586429
DS.d1007.s0.i0 1.0 0.313802901639
DS.d1007.s1.i0 -1 0.981094784216
DS.d1007.s1.i1 -1 0.587368745536
DS.d1007.s1.i2 -1 0.40017295115
DS.d1007.s1.i3 1.0 0.0156524042667
DS.d1007.s1.i4 -1 0.286668892509
DS.d1007.s1.i5 1.0 -0.412884615426
DS.d1007.s2.i0 -1 0.426141188477
DS.d1007.s3.i0 1.0 0.45308852297
DS.d1007.s4.i0 1.0 1.27948084061
DS.d1007.s4.i1 1.0 0.228745667724
DS.d1017.s0.i0 -1 -1.34930555828
DS.d1017.s0.i1 -1 -0.751276307538
DS.d1017.s0.i2 -1 -0.267314461312
DS.d1017.s0.i3 -1 -1.26083474462
DS.d1025.s0.i0 1.0 1.07370354712
DS.d1025.s0.i1 -1 0.221846226822
DS.d1044.s0.i0 1.0 0.738349116237
DS.d1045.s0.i0 1.0 1.13763703724
DS.d1047.s0.i0 -1 0.341722885338
DS.d1047.s0.i1 -1 0.411081383603
DS.d1047.s0.i2 -1 -0.0595355196552
DS.d1047.s0.i3 -1 0.10514895972
DS.d1047.s0.i4 -1 0.248608370758
DS.d1047.s0.i5 -1 0.278096911317
DS.d1055.s0.i0 -1 -0.799483079576
DS.d1064.s0.i0 1.0 0.591077944004
DS.d1064.s0.i1 -1 0.390260784716
DS.d1077.s0.i0 -1 0.155238944965
DS.d1089.s0.i0 1.0 0.11429227261
DS.d1089.s1.i0 1.0 0.158223639361
DS.d1089.s1.i1 1.0 0.00571846519251
DS.d1089.s1.i2 1.0 0.0754766207379
DS.d1089.s1.i3 1.0 0.0801244264528
DS.d1104.s0.i0 1.0 -0.35745728187
DS.d1104.s1.i0 -1 0.233553768365
DS.d1115.s0.i0 1.0 -0.268002123488
DS.d1115.s1.i0 -1 -0.625162828598
DS.d1115.s1.i1 -1 -0.849914607433
DS.d1115.s1.i2 -1 -0.643017270239
DS.d1115.s1.i3 -1 -0.837468336719
DS.d1129.s0.i0 1.0 0.0361049258052
DS.d1129.s1.i0 1.0 0.0775619451325
DS.d1129.s1.i1 1.0 0.239921738556
DS.d1129.s2.i0 1.0 0.48185452059
DS.d1141.s0.i0 -1 -0.133803446049
DS.d1141.s0.i1 1.0 0.336620684997
DS.d1146.s0.i0 -1 0.411313128876
DS.d1156.s0.i0 1.0 0.325802633219
DS.d1156.s1.i0 1.0 1.76287124221
DS.d1156.s1.i1 1.0 0.81420601873
DS.d1165.s0.i0 1.0 1.29623637767
DS.d1174.s0.i0 -1 -0.113110345676
DS.d1197.s0.i0 -1 0.837372571911
DS.d1204.s0.i0 1.0 0.874396121555
DS.d1204.s0.i1 1.0 1.48919709738
DS.d1204.s1.i0 1.0 1.23048843191
DS.d1204.s1.i1 1.0 1.27868142547
DS.d1204.s2.i0 -1 -0.135452089637
DS.d1206.s0.i0 -1 -2.4873199263
DS.d1206.s1.i0 -1 0.381966252644
DS.d1224.s0.i0 1.0 1.28499599491
DS.d1224.s0.i1 1.0 1.62406903467
DS.d1255.s0.i0 1.0 -0.670726811581
DS.d1255.s1.i0 1.0 -0.728464173306
DS.d1255.s1.i1 1.0 -0.914123034992
DS.d1255.s2.i0 -1 0.0901338488327
DS.d1255.s3.i0 1.0 0.584264573259
DS.d1258.s0.i0 1.0 0.0372688164478
DS.d1262.s0.i0 -1 1.45971439721
DS.d1262.s0.i1 1.0 1.38627645028
DS.d1262.s1.i0 1.0 -0.72898228794
DS.d1262.s1.i1 1.0 0.263292837942
DS.d1264.s0.i0 1.0 0.963175028929
DS.d1264.s0.i1 1.0 0.675328564446
DS.d1264.s0.i2 -1 1.27084763473
DS.d1264.s0.i3 1.0 0.544643194713
DS.d1268.s0.i0 -1 0.00582711947353
DS.d1276.s0.i0 1.0 -0.407760264569
DS.d1276.s0.i1 1.0 -0.315644582538
DS.d1276.s0.i2 1.0 -0.60708165166
DS.d1276.s0.i3 1.0 -0.670926239764
DS.d1276.s1.i0 1.0 -0.294922872057
DS.d1284.s0.i0 1.0 1.33186142894
DS.d1284.s1.i0 1.0 1.24907928119
DS.d1304.s0.i0 1.0 -0.457956510766
DS.d1309.s0.i0 1.0 1.88806302209
DS.d1313.s0.i0 -1 0.145861011523
DS.d1323.s0.i0 1.0 -0.190140567823
DS.d1324.s0.i0 -1 -1.46316284723
DS.d1324.s1.i0 1.0 -0.166271024611
DS.d1324.s1.i1 1.0 -0.3759697647
DS.d1324.s2.i0 -1 -0.885439117026
DS.d1328.s0.i0 -1 -0.022119731181
DS.d1328.s0.i1 -1 0.227861287923
DS.d1328.s1.i0 -1 -0.640461487597
DS.d1328.s1.i1 -1 -1.64409350567
DS.d1329.s0.i0 -1 -1.09344026007
DS.d1329.s0.i1 -1 -0.921315204574
DS.d1329.s0.i2 -1 -1.11181056231
DS.d1329.s0.i3 -1 -0.802310524065
DS.d1331.s0.i0 -1 -1.33747764016
DS.d1331.s0.i1 -1 -1.90532475539
DS.d1331.s1.i0 -1 -0.30076359238
DS.d1331.s1.i1 -1 -1.36873313581
DS.d1335.s0.i0 1.0 -0.445408703606
DS.d1335.s1.i0 1.0 1.16140238295
DS.d1335.s2.i0 1.0 0.967248448351
DS.d1335.s3.i0 1.0 1.25472862008
DS.d1335.s4.i0 1.0 0.0806951175613
DS.d1336.s0.i0 -1 -1.31965055906
DS.d1345.s0.i0 -1 -0.959338929177
DS.d1346.s0.i0 1.0 1.89783465961
DS.d1346.s0.i1 -1 2.01651969211
DS.d1346.s1.i0 1.0 0.354318179735
DS.d1348.s0.i0 -1 -0.0370876825441
DS.d1348.s1.i0 1.0 0.736576014193
DS.d1386.s0.i0 1.0 -0.0458743384482
DS.d1386.s0.i1 1.0 -0.028945791857
DS.d1386.s0.i2 1.0 0.191793838899
DS.d1386.s1.i0 -1 0.67415954928
DS.d1386.s1.i1 -1 0.312132825403
DS.d1386.s1.i2 1.0 -0.998116509971
DS.d1390.s0.i0 -1 -0.184461617204
DS.d1395.s0.i0 1.0 0.671015831348
DS.d1415.s0.i0 1.0 0.918432582358
DS.d1415.s0.i1 1.0 0.873057552748
DS.d1425.s0.i0 1.0 2.21607889739
DS.d1425.s1.i0 1.0 0.567848669922
DS.d1433.s0.i0 1.0 -0.181998457372
DS.d1433.s0.i1 1.0 -0.0916200831967
DS.d1433.s0.i2 1.0 -0.333358460268
DS.d1466.s0.i0 1.0 0.548529968352
DS.d1471.s0.i0 1.0 0.790086975377
DS.d1471.s1.i0 -1 1.32203446806
DS.d1471.s1.i1 1.0 1.38853069371
DS.d1471.s2.i0 1.0 0.34374470543
DS.d1471.s3.i0 1.0 0.0176990596074
DS.d1471.s3.i1 1.0 -0.104037106364
DS.d1493.s0.i0 1.0 0.97564895496
DS.d1493.s1.i0 1.0 0.893085339493
DS.d1493.s1.i1 1.0 0.778711728174
DS.d1493.s1.i2 1.0 0.778711728174
DS.d1507.s0.i0 -1 -1.05506610583
DS.d1507.s0.i1 -1 -1.31340888485
DS.d1507.s0.i2 -1 -1.33781469961
DS.d1507.s0.i3 -1 -0.5998471419
DS.d1507.s0.i4 -1 -1.18757368029
DS.d1507.s0.i5 -1 -1.20444780309
DS.d1507.s0.i6 -1 -1.03681170831
DS.d1507.s0.i7 -1 -1.29131252897
DS.d1507.s0.i8 -1 -1.19065843982
DS.d1507.s0.i9 -1 -1.26615352168
DS.d1507.s0.i10 -1 -1.03989646785
DS.d1507.s0.i11 -1 -1.03763952486
DS.d1507.s0.i12 -1 -1.37830290004
DS.d1507.s0.i13 -1 -1.18004198833
DS.d1507.s0.i14 -1 -0.787192907257
DS.d1507.s0.i15 -1 -0.909731217704
DS.d1507.s0.i16 -1 -1.24046555185
DS.d1507.s0.i17 -1 -1.26690671421
DS.d1507.s0.i18 -1 -1.11047172243
DS.d1507.s0.i19 -1 -0.656505780853
DS.d1528.s0.i0 1.0 0.777962414951
DS.d1543.s0.i0 1.0 0.551898990577
DS.d1543.s0.i1 -1 -0.35242006946
DS.d1543.s1.i0 -1 0.704574398542
DS.d1564.s0.i0 -1 -1.15904964358
DS.d1565.s0.i0 1.0 1.2306291565
DS.d1565.s0.i1 1.0 1.11334411358
DS.d1565.s0.i2 1.0 1.1031851913
DS.d1565.s0.i3 1.0 1.2306291565
DS.d1565.s0.i4 1.0 1.11334411358
DS.d1565.s0.i5 1.0 1.1031851913
DS.d1565.s1.i0 -1 0.929922624074
DS.d1565.s1.i1 -1 0.999419626752
DS.d1565.s1.i2 1.0 1.96537279585
DS.d1565.s2.i0 1.0 1.01620559599
DS.d1565.s2.i1 1.0 0.204771527845
DS.d1565.s3.i0 1.0 0.657323605181
DS.d1565.s3.i1 1.0 0.746532015548
DS.d1568.s0.i0 1.0 -0.812451077075
DS.d1589.s0.i0 1.0 0.790354248332
DS.d1589.s0.i1 1.0 -0.113164729326
DS.d1602.s0.i0 1.0 1.12463336087
DS.d1602.s1.i0 -1 -1.04818302019
DS.d1602.s1.i1 -1 -1.17471603084
DS.d1618.s0.i0 -1 -0.14309803485
DS.d1618.s0.i1 -1 -0.386106087431
DS.d1618.s1.i0 -1 -0.124349567892
DS.d1627.s0.i0 -1 0.076387016752
DS.d1627.s1.i0 -1 1.17411230446
DS.d1637.s0.i0 -1 -0.898871705663
DS.d1637.s0.i1 -1 -0.191855171342
DS.d1637.s1.i0 -1 -1.15277925765
DS.d1637.s1.i1 -1 -1.01160735088
DS.d1661.s0.i0 1.0 0.555368593197
DS.d1661.s0.i1 1.0 0.555368593197
DS.d1666.s0.i0 1.0 1.09715551059
DS.d1666.s0.i1 1.0 0.98387143251
DS.d1725.s0.i0 1.0 1.53050248359
DS.d1740.s0.i0 1.0 -0.394560074691
DS.d1740.s0.i1 1.0 -0.499007155535
DS.d1755.s0.i0 -1 -0.00232230517237
DS.d1755.s0.i1 -1 -0.114695253508
DS.d1758.s0.i0 -1 0.551691034281
DS.d1765.s0.i0 1.0 0.412696259731
DS.d1765.s0.i1 1.0 0.892137886499
DS.d1791.s0.i0 -1 -0.567541309109
DS.d1791.s0.i1 -1 -0.597327510434
DS.d1792.s0.i0 -1 -0.983356876138
DS.d1835.s0.i0 1.0 1.69139110767
DS.d1849.s0.i0 1.0 0.875089245991
DS.d1853.s0.i0 1.0 -0.443261202658
DS.d1861.s0.i0 1.0 0.588526880024
DS.d1861.s0.i1 1.0 0.588526880024
DS.d1879.s0.i0 1.0 -0.331068036995
DS.d1879.s0.i1 1.0 -0.634914509011
DS.d1884.s0.i0 -1 -0.589372834366
DS.d1885.s0.i0 1.0 1.1902404258
DS.d1885.s1.i0 1.0 0.406246391242
DS.d1885.s1.i1 1.0 -0.325154558784
