DS.d1208.s0.i0 1.000000 1.096628
DS.d1367.s0.i0 1.000000 0.616650
DS.d1680.s0.i0 1.000000 0.501284
DS.d1680.s0.i1 -1.000000 0.617937
DS.d1681.s1.i0 1.000000 0.487801
DS.d1681.s0.i1 1.000000 0.787249
DS.d1681.s0.i0 1.000000 0.644052
DS.d1688.s0.i0 1.000000 0.180824
DS.d1688.s1.i0 1.000000 0.674987
DS.d656.s0.i1 -1.000000 0.765985
DS.d656.s0.i0 -1.000000 0.631180
DS.d656.s0.i2 -1.000000 0.223885
DS.d414.s0.i1 1.000000 0.964677
DS.d414.s0.i0 1.000000 0.964476
DS.d1846.s0.i0 1.000000 0.673553
DS.d715.s0.i0 1.000000 0.766745
DS.d495.s0.i0 1.000000 0.755293
DS.d493.s0.i2 1.000000 0.475721
DS.d493.s0.i0 1.000000 0.318174
DS.d493.s0.i1 1.000000 0.500229
DS.d493.s1.i0 1.000000 0.820265
DS.d490.s0.i1 1.000000 0.586681
DS.d490.s0.i0 1.000000 0.586681
DS.d392.s0.i0 1.000000 0.794006
DS.d364.s2.i0 1.000000 0.613622
DS.d364.s1.i0 1.000000 0.738711
DS.d364.s0.i1 -1.000000 0.055559
DS.d364.s0.i0 -1.000000 0.016677
DS.d1770.s0.i0 1.000000 0.970606
DS.d1772.s0.i0 1.000000 0.001099
DS.d1278.s0.i0 1.000000 0.961120
DS.d927.s0.i2 -1.000000 0.267709
DS.d927.s0.i0 -1.000000 0.041664
DS.d927.s0.i1 -1.000000 -0.012491
DS.d1593.s0.i0 1.000000 0.934737
DS.d69.s0.i0 1.000000 0.168095
DS.d69.s0.i1 1.000000 0.096227
DS.d1199.s2.i0 -1.000000 -0.965071
DS.d1199.s1.i0 -1.000000 -0.443555
DS.d1199.s0.i0 -1.000000 -0.237440
DS.d242.s0.i2 1.000000 0.754420
DS.d242.s0.i3 1.000000 0.727384
DS.d242.s0.i0 1.000000 0.717112
DS.d242.s0.i1 1.000000 0.813035
DS.d987.s0.i8 -1.000000 0.001028
DS.d987.s0.i9 -1.000000 -0.102582
DS.d987.s0.i0 -1.000000 0.145967
DS.d987.s0.i1 -1.000000 0.189367
DS.d987.s0.i2 -1.000000 0.064529
DS.d987.s0.i3 -1.000000 0.032664
DS.d987.s0.i4 -1.000000 0.120939
DS.d987.s0.i5 -1.000000 -0.081706
DS.d987.s0.i6 -1.000000 -0.053429
DS.d987.s0.i7 -1.000000 -0.142226
DS.d971.s1.i0 -1.000000 -0.477810
DS.d971.s0.i0 -1.000000 -0.099898
DS.d989.s0.i2 -1.000000 -0.864298
DS.d989.s0.i3 -1.000000 -0.908627
DS.d989.s0.i0 -1.000000 -1.036052
DS.d989.s0.i1 -1.000000 -1.092491
DS.d326.s0.i1 -1.000000 -0.139929
DS.d326.s0.i0 1.000000 0.089117
DS.d1214.s1.i0 1.000000 1.245226
DS.d1214.s0.i0 -1.000000 -0.124960
DS.d136.s0.i0 1.000000 0.966710
DS.d136.s0.i1 1.000000 1.159825
DS.d647.s0.i0 -1.000000 0.631462
DS.d1851.s0.i2 -1.000000 -0.278889
DS.d1851.s0.i3 1.000000 0.005820
DS.d1851.s0.i0 1.000000 -0.052192
DS.d1851.s0.i1 -1.000000 -0.075568
DS.d1851.s0.i4 -1.000000 -0.163759
DS.d1851.s0.i5 -1.000000 -0.181592
DS.d1853.s0.i0 1.000000 0.288454
DS.d403.s0.i0 -1.000000 0.178000
DS.d295.s0.i0 1.000000 1.085116
DS.d295.s1.i0 -1.000000 0.182337
DS.d1160.s0.i0 1.000000 0.143733
DS.d1604.s0.i0 -1.000000 -1.251219
DS.d1604.s0.i1 -1.000000 -1.320269
DS.d1604.s1.i1 -1.000000 -0.331456
DS.d1604.s1.i0 -1.000000 -0.424742
DS.d1604.s1.i2 -1.000000 -0.302701
DS.d1604.s2.i0 -1.000000 -0.675880
DS.d1604.s2.i1 -1.000000 -0.704943
DS.d520.s1.i2 1.000000 -0.163529
DS.d520.s1.i0 1.000000 0.009427
DS.d520.s1.i1 1.000000 -0.275188
DS.d520.s0.i1 -1.000000 -0.877577
DS.d520.s0.i0 1.000000 -0.203238
DS.d1517.s0.i0 1.000000 0.357324
DS.d1511.s0.i3 -1.000000 -0.147177
DS.d1511.s0.i2 -1.000000 -0.198475
DS.d1511.s0.i1 -1.000000 -0.198475
DS.d1511.s0.i0 -1.000000 -0.147177
DS.d1287.s0.i0 -1.000000 0.146511
DS.d1769.s0.i0 1.000000 0.312314
DS.d932.s0.i0 1.000000 1.045155
DS.d1269.s0.i0 -1.000000 -0.707637
DS.d232.s2.i0 -1.000000 -0.156387
DS.d232.s1.i0 1.000000 0.404093
DS.d232.s1.i1 1.000000 0.514906
DS.d232.s1.i2 1.000000 0.482536
DS.d232.s1.i3 1.000000 0.523240
DS.d232.s0.i3 1.000000 0.290917
DS.d232.s0.i2 1.000000 0.404922
DS.d232.s0.i1 1.000000 0.335618
DS.d232.s0.i0 1.000000 0.452897
DS.d232.s0.i5 1.000000 0.447975
DS.d232.s0.i4 1.000000 0.415605
DS.d1193.s0.i1 -1.000000 -0.065415
DS.d1193.s0.i0 -1.000000 0.229509
DS.d1023.s0.i1 1.000000 0.129577
DS.d1023.s0.i0 1.000000 0.274077
DS.d183.s0.i0 -1.000000 0.502808
DS.d183.s0.i1 -1.000000 0.560117
DS.d183.s0.i2 -1.000000 0.526318
DS.d665.s0.i0 1.000000 1.164995
DS.d1028.s0.i0 1.000000 1.404945
DS.d1028.s0.i1 1.000000 0.603035
DS.d1186.s1.i0 1.000000 0.999386
DS.d1186.s0.i0 1.000000 0.352499
DS.d1184.s1.i0 -1.000000 -0.362778
DS.d1184.s0.i0 -1.000000 -0.465173
DS.d439.s0.i0 1.000000 0.275772
DS.d1589.s0.i0 1.000000 0.748252
DS.d1589.s0.i1 1.000000 0.458192
DS.d109.s0.i2 -1.000000 -0.427125
DS.d109.s0.i3 1.000000 -0.543666
DS.d109.s0.i0 1.000000 -0.597033
DS.d109.s0.i1 1.000000 -0.591590
DS.d109.s0.i4 -1.000000 -0.441628
DS.d109.s0.i5 -1.000000 -0.393258
DS.d432.s1.i0 1.000000 1.243732
DS.d432.s1.i1 1.000000 1.123028
DS.d432.s0.i1 1.000000 -0.037303
DS.d432.s0.i0 1.000000 0.421940
DS.d432.s0.i3 1.000000 -0.063287
DS.d432.s0.i2 1.000000 0.517757
DS.d434.s0.i0 1.000000 0.729748
DS.d539.s0.i1 -1.000000 -0.979529
DS.d539.s0.i0 1.000000 0.072122
DS.d829.s0.i0 1.000000 0.559673
DS.d739.s1.i6 1.000000 0.311363
DS.d739.s1.i7 1.000000 0.338469
DS.d739.s1.i4 1.000000 0.035257
DS.d739.s1.i5 1.000000 0.375510
DS.d739.s1.i2 1.000000 0.025629
DS.d739.s1.i3 1.000000 0.507057
DS.d739.s1.i0 1.000000 -0.000247
DS.d739.s1.i1 1.000000 0.363453
DS.d739.s0.i1 1.000000 0.524544
DS.d739.s0.i0 1.000000 0.154214
DS.d739.s0.i3 1.000000 0.569018
DS.d739.s0.i2 1.000000 0.142411
DS.d1614.s0.i1 1.000000 0.411512
DS.d1614.s0.i0 1.000000 0.162870
DS.d1614.s0.i2 1.000000 0.554669
DS.d639.s0.i0 -1.000000 -0.483385
DS.d1756.s0.i0 -1.000000 0.793634
DS.d1756.s0.i1 -1.000000 0.793634
DS.d1757.s1.i0 1.000000 0.384983
DS.d1757.s0.i0 1.000000 0.424635
DS.d1112.s0.i0 -1.000000 -0.353746
DS.d1751.s0.i0 1.000000 0.359398
DS.d47.s0.i0 1.000000 0.447144
DS.d47.s0.i1 1.000000 0.327753
DS.d45.s0.i0 -1.000000 -0.473995
DS.d45.s0.i1 -1.000000 -0.473995
DS.d1423.s1.i0 1.000000 0.378892
DS.d1423.s0.i0 -1.000000 0.349857
DS.d1426.s0.i0 1.000000 0.560752
DS.d1426.s0.i1 1.000000 0.494447
DS.d224.s0.i0 1.000000 0.572903
DS.d224.s1.i0 1.000000 0.619110
DS.d1236.s1.i0 -1.000000 -0.753489
DS.d1236.s0.i0 -1.000000 -0.530859
DS.d1236.s2.i0 -1.000000 -0.021959
DS.d1238.s0.i3 -1.000000 0.432687
DS.d1238.s0.i2 -1.000000 0.275928
DS.d1238.s0.i1 -1.000000 0.307909
DS.d1238.s0.i0 -1.000000 0.370973
DS.d1448.s0.i0 1.000000 1.191006
DS.d79.s0.i0 -1.000000 0.764830
DS.d1837.s0.i0 1.000000 0.928372
DS.d1837.s0.i1 1.000000 0.128175
DS.d1837.s1.i1 1.000000 0.433665
DS.d1837.s1.i0 1.000000 0.433665
DS.d1176.s0.i0 1.000000 0.158988
DS.d1176.s1.i1 -1.000000 0.252631
DS.d1176.s1.i0 -1.000000 0.236379
DS.d345.s2.i2 1.000000 1.138135
DS.d345.s2.i3 1.000000 1.110668
DS.d345.s2.i0 1.000000 1.063285
DS.d345.s2.i1 1.000000 1.121194
DS.d345.s3.i1 1.000000 1.272189
DS.d345.s3.i0 1.000000 1.005082
DS.d345.s3.i2 1.000000 1.253141
DS.d345.s0.i0 1.000000 1.224966
DS.d345.s1.i1 1.000000 0.705943
DS.d345.s1.i0 1.000000 0.731813
DS.d111.s0.i1 -1.000000 -1.038394
DS.d111.s0.i0 1.000000 -0.071236
DS.d111.s0.i3 1.000000 -0.079157
DS.d111.s0.i2 1.000000 0.258100
DS.d111.s0.i5 1.000000 0.216198
DS.d111.s0.i4 -1.000000 -0.196663
DS.d474.s0.i0 -1.000000 0.557714
DS.d1530.s0.i0 1.000000 0.310713
DS.d1537.s0.i0 1.000000 0.629688
DS.d39.s0.i0 -1.000000 0.322649
DS.d1349.s0.i0 -1.000000 0.211167
DS.d1348.s1.i0 1.000000 0.603875
DS.d1348.s0.i0 -1.000000 0.526916
DS.d1735.s1.i0 1.000000 -0.297194
DS.d1735.s0.i1 1.000000 0.847733
DS.d1735.s0.i0 1.000000 0.682481
DS.d856.s0.i3 -1.000000 -0.812020
DS.d856.s0.i2 -1.000000 -0.558547
DS.d856.s0.i1 -1.000000 -0.761775
DS.d856.s0.i0 -1.000000 -0.806901
DS.d856.s0.i7 -1.000000 -0.642583
DS.d856.s0.i6 -1.000000 -0.617327
DS.d856.s0.i5 -1.000000 -0.849078
DS.d856.s0.i4 -1.000000 -0.753309
DS.d554.s0.i0 1.000000 -0.359488
DS.d554.s0.i1 1.000000 -0.491593
DS.d554.s0.i2 1.000000 -0.403526
DS.d851.s0.i0 -1.000000 0.431125
DS.d598.s0.i0 1.000000 1.207537
DS.d598.s0.i1 1.000000 1.207537
DS.d1240.s0.i0 -1.000000 -0.069501
DS.d456.s0.i5 1.000000 0.397411
DS.d456.s0.i4 1.000000 0.383893
DS.d456.s0.i3 1.000000 0.300293
DS.d456.s0.i2 1.000000 0.281014
DS.d456.s0.i1 1.000000 0.364880
DS.d456.s0.i0 1.000000 0.281388
DS.d1025.s0.i1 -1.000000 0.236312
DS.d1025.s0.i0 1.000000 0.417312
DS.d1323.s0.i0 1.000000 0.535334
DS.d1521.s0.i0 1.000000 0.826463
DS.d1521.s0.i1 1.000000 0.891073
DS.d216.s1.i0 1.000000 0.714954
DS.d216.s0.i1 1.000000 1.080858
DS.d216.s0.i0 -1.000000 1.182039
DS.d216.s3.i0 1.000000 0.295754
DS.d216.s3.i1 1.000000 0.288174
DS.d216.s2.i0 1.000000 -0.193511
DS.d1327.s0.i0 -1.000000 0.065075
DS.d1327.s0.i1 -1.000000 0.159424
DS.d212.s0.i0 -1.000000 0.044903
DS.d1802.s0.i0 -1.000000 -0.608756
DS.d1800.s0.i0 -1.000000 -0.527056
DS.d1800.s0.i1 1.000000 -0.252416
DS.d1800.s0.i2 1.000000 -0.409034
DS.d898.s1.i0 1.000000 0.701531
DS.d898.s0.i0 1.000000 0.689224
DS.d898.s2.i2 1.000000 0.725351
DS.d898.s2.i1 1.000000 0.550766
DS.d898.s2.i0 1.000000 0.725351
DS.d756.s0.i0 1.000000 0.324289
DS.d756.s0.i1 1.000000 0.180850
DS.d1836.s0.i3 1.000000 0.355348
DS.d1836.s0.i2 1.000000 0.456260
DS.d1836.s0.i1 1.000000 0.471592
DS.d1836.s0.i0 1.000000 0.321662
DS.d1836.s0.i5 1.000000 0.331233
DS.d1836.s0.i4 1.000000 0.404339
DS.d354.s0.i0 1.000000 0.458205
DS.d162.s1.i0 1.000000 0.276165
DS.d162.s0.i0 1.000000 0.785905
DS.d519.s1.i0 1.000000 1.060869
DS.d519.s0.i1 1.000000 0.368545
DS.d519.s0.i0 1.000000 0.361861
DS.d519.s0.i3 1.000000 0.463261
DS.d519.s0.i2 1.000000 0.385888
DS.d519.s2.i1 -1.000000 0.331517
DS.d519.s2.i0 1.000000 0.146978
DS.d299.s0.i0 -1.000000 0.368227
DS.d299.s0.i1 -1.000000 0.233866
DS.d352.s0.i0 1.000000 1.023075
DS.d352.s0.i1 1.000000 0.953158
DS.d613.s0.i0 1.000000 0.388564
DS.d967.s0.i2 -1.000000 0.071626
DS.d967.s0.i0 1.000000 0.304698
DS.d967.s0.i1 1.000000 0.113185
DS.d1528.s0.i0 1.000000 0.676699
DS.d750.s0.i0 1.000000 1.135008
DS.d1524.s0.i3 -1.000000 0.652990
DS.d1524.s0.i2 1.000000 0.903013
DS.d1524.s0.i1 -1.000000 0.552482
DS.d1524.s0.i0 -1.000000 0.658357
DS.d1524.s0.i5 1.000000 0.805959
DS.d1524.s0.i4 -1.000000 0.726799
DS.d1881.s0.i0 1.000000 1.093573
DS.d1639.s0.i0 1.000000 0.306739
DS.d1523.s0.i0 -1.000000 -0.263027
DS.d1523.s0.i1 -1.000000 -0.200372
DS.d1523.s0.i2 -1.000000 -0.190643
DS.d1637.s0.i0 -1.000000 0.112204
DS.d1637.s0.i1 -1.000000 0.203790
DS.d1637.s1.i1 -1.000000 -0.381699
DS.d1637.s1.i0 -1.000000 -0.760151
DS.d1061.s0.i22 -1.000000 -0.714609
DS.d1061.s0.i23 -1.000000 -0.850299
DS.d1061.s0.i20 -1.000000 -0.852876
DS.d1061.s0.i21 -1.000000 -0.991202
DS.d1061.s0.i13 -1.000000 -1.037831
DS.d1061.s0.i12 -1.000000 -0.904210
DS.d1061.s0.i11 -1.000000 -0.806246
DS.d1061.s0.i10 -1.000000 -0.868091
DS.d1061.s0.i17 -1.000000 -0.923292
DS.d1061.s0.i16 -1.000000 -0.834802
DS.d1061.s0.i15 -1.000000 -0.758991
DS.d1061.s0.i14 -1.000000 -0.767662
DS.d1061.s0.i19 -1.000000 -0.735738
DS.d1061.s0.i18 -1.000000 -0.994042
DS.d1061.s0.i9 -1.000000 -0.871329
DS.d1061.s0.i8 -1.000000 -0.834426
DS.d1061.s0.i3 -1.000000 -0.813911
DS.d1061.s0.i2 -1.000000 -0.814655
DS.d1061.s0.i1 -1.000000 -0.841968
DS.d1061.s0.i0 -1.000000 -0.757581
DS.d1061.s0.i7 -1.000000 -0.827436
DS.d1061.s0.i6 -1.000000 -0.822689
DS.d1061.s0.i5 -1.000000 -0.745577
DS.d1061.s0.i4 -1.000000 -0.842673
DS.d844.s0.i0 1.000000 0.845262
DS.d22.s1.i0 1.000000 0.472526
DS.d22.s0.i1 1.000000 0.186238
DS.d22.s0.i0 1.000000 0.394315
DS.d22.s0.i2 1.000000 0.367458
DS.d199.s0.i1 1.000000 0.854672
DS.d199.s0.i0 1.000000 0.797439
DS.d3.s1.i0 1.000000 0.387540
DS.d3.s1.i1 1.000000 0.671158
DS.d3.s0.i2 1.000000 1.173765
DS.d3.s0.i1 1.000000 1.173765
DS.d3.s0.i0 1.000000 0.719303
DS.d1253.s0.i0 1.000000 0.769154
DS.d1253.s0.i1 1.000000 0.808915
DS.d446.s0.i0 1.000000 0.982880
DS.d446.s0.i1 1.000000 1.003216
DS.d446.s0.i2 1.000000 0.965858
DS.d446.s0.i3 1.000000 1.024684
DS.d446.s1.i0 1.000000 0.330262
DS.d448.s0.i0 1.000000 0.562633
DS.d448.s0.i1 1.000000 0.584285
DS.d448.s1.i1 1.000000 1.349020
DS.d448.s1.i0 1.000000 1.270918
DS.d448.s1.i3 1.000000 1.520393
DS.d448.s1.i2 1.000000 1.401094
DS.d448.s2.i0 1.000000 0.241987
DS.d448.s2.i1 1.000000 0.174177
DS.d448.s3.i1 1.000000 0.506128
DS.d448.s3.i0 1.000000 1.009178
DS.d688.s0.i0 1.000000 1.313785
DS.d688.s1.i0 -1.000000 0.625046
DS.d1815.s0.i0 -1.000000 -0.486876
DS.d1815.s0.i1 -1.000000 -0.066034
DS.d1406.s0.i0 1.000000 0.207207
DS.d1406.s1.i0 1.000000 0.462735
DS.d1406.s2.i0 1.000000 0.905981
DS.d1810.s1.i0 -1.000000 -0.690191
DS.d1810.s0.i1 -1.000000 -0.655280
DS.d1810.s0.i0 -1.000000 -0.692791
DS.d1493.s0.i0 1.000000 0.917636
DS.d1493.s1.i2 1.000000 0.606833
DS.d1493.s1.i1 1.000000 0.639604
DS.d1493.s1.i0 1.000000 0.589358
DS.d1492.s0.i1 1.000000 0.120269
DS.d1492.s0.i0 1.000000 0.177532
DS.d175.s1.i0 1.000000 0.842584
DS.d175.s0.i1 1.000000 0.508494
DS.d175.s0.i0 1.000000 0.527466
DS.d93.s0.i0 1.000000 0.296605
DS.d1128.s0.i0 1.000000 0.327604
DS.d701.s0.i0 -1.000000 -0.652588
DS.d701.s0.i1 -1.000000 -0.700935
DS.d1729.s0.i0 1.000000 0.497341
DS.d600.s0.i0 1.000000 0.966657
DS.d1892.s0.i0 -1.000000 0.131545
DS.d1411.s0.i0 -1.000000 0.017303
DS.d1641.s0.i1 1.000000 0.311146
DS.d1641.s0.i0 1.000000 0.352278
DS.d1551.s0.i0 -1.000000 0.849381
DS.d1001.s1.i0 1.000000 0.240948
DS.d1001.s0.i1 1.000000 0.885152
DS.d1001.s0.i0 1.000000 0.822103
DS.d1628.s0.i0 1.000000 1.071810
DS.d147.s0.i0 -1.000000 0.077273
DS.d147.s0.i1 -1.000000 0.443035
DS.d147.s0.i2 -1.000000 0.134115
DS.d147.s0.i3 -1.000000 0.451608
DS.d1126.s0.i1 -1.000000 0.091116
DS.d1126.s0.i0 -1.000000 0.064506
DS.d1308.s0.i0 1.000000 0.628860
DS.d379.s0.i1 -1.000000 -0.315527
DS.d379.s0.i0 -1.000000 -0.252003
DS.d773.s0.i1 -1.000000 -0.125995
DS.d773.s0.i0 -1.000000 -0.086956
DS.d774.s0.i0 -1.000000 -0.054475
DS.d774.s0.i1 1.000000 1.032759
DS.d774.s1.i1 1.000000 0.598463
DS.d774.s1.i0 -1.000000 0.071804
DS.d1095.s0.i2 1.000000 0.651368
DS.d1095.s0.i0 1.000000 0.698854
DS.d1095.s0.i1 1.000000 0.709167
DS.d1396.s0.i2 -1.000000 -0.008847
DS.d1396.s0.i3 -1.000000 -0.052034
DS.d1396.s0.i0 -1.000000 -0.064394
DS.d1396.s0.i1 -1.000000 0.301253
DS.d571.s0.i0 -1.000000 -0.813579
DS.d26.s0.i1 -1.000000 -0.371963
DS.d26.s0.i0 -1.000000 -0.163761
DS.d26.s0.i3 -1.000000 -0.308510
DS.d26.s0.i2 -1.000000 -0.083087
DS.d26.s0.i5 -1.000000 -0.180814
DS.d26.s0.i4 -1.000000 -0.285406
DS.d947.s0.i0 1.000000 0.406172
DS.d947.s0.i1 1.000000 0.438739
DS.d941.s0.i2 -1.000000 -0.216744
DS.d941.s0.i0 -1.000000 0.860266
DS.d941.s0.i1 -1.000000 0.808517
DS.d943.s0.i0 1.000000 0.947208
DS.d943.s0.i1 1.000000 0.970087
DS.d943.s1.i0 1.000000 0.555662
DS.d1464.s0.i0 -1.000000 0.212333
DS.d357.s0.i1 1.000000 1.225269
DS.d357.s0.i0 1.000000 0.564507
DS.d1395.s0.i0 1.000000 0.857891
DS.d1019.s0.i0 -1.000000 -0.714918
DS.d1019.s0.i1 -1.000000 -0.749726
DS.d1019.s1.i0 -1.000000 -0.604672
DS.d1462.s0.i0 1.000000 0.489333
DS.d1014.s0.i0 1.000000 0.914188
DS.d1468.s0.i2 1.000000 1.191905
DS.d1468.s0.i3 1.000000 1.284721
DS.d1468.s0.i0 1.000000 1.293361
DS.d1468.s0.i1 1.000000 1.207567
DS.d1468.s1.i1 -1.000000 -0.112559
DS.d1468.s1.i0 -1.000000 -0.292114
DS.d1468.s2.i0 1.000000 -0.100165
DS.d1468.s2.i1 1.000000 -0.181048
DS.d1468.s3.i2 1.000000 0.638225
DS.d1468.s3.i1 1.000000 0.734579
DS.d1468.s3.i0 1.000000 0.566966
DS.d888.s0.i2 1.000000 0.612717
DS.d888.s0.i3 1.000000 0.724291
DS.d888.s0.i0 1.000000 0.663603
DS.d888.s0.i1 1.000000 0.795795
DS.d888.s0.i4 1.000000 0.852492
DS.d888.s0.i5 1.000000 0.795962
DS.d1712.s0.i0 1.000000 1.174196
DS.d1712.s1.i1 -1.000000 -0.693065
DS.d1712.s1.i0 -1.000000 -0.710637
DS.d1377.s1.i0 -1.000000 -0.467185
DS.d1377.s0.i0 1.000000 0.381437
DS.d1471.s2.i0 1.000000 0.852127
DS.d1471.s3.i1 1.000000 -0.221328
DS.d1471.s3.i0 1.000000 0.464147
DS.d1471.s0.i0 1.000000 0.969108
DS.d1471.s1.i1 1.000000 0.825601
DS.d1471.s1.i0 -1.000000 0.912986
DS.d1072.s0.i0 -1.000000 -0.092460
DS.d309.s2.i0 1.000000 0.434621
DS.d309.s2.i1 1.000000 0.481226
DS.d309.s0.i0 1.000000 0.602293
DS.d309.s1.i2 -1.000000 0.154406
DS.d309.s1.i1 -1.000000 0.078382
DS.d309.s1.i0 -1.000000 0.031297
DS.d1077.s0.i0 -1.000000 0.558820
DS.d1075.s0.i0 -1.000000 -0.264851
DS.d1075.s0.i1 -1.000000 -0.182830
DS.d264.s0.i0 1.000000 -0.301358
DS.d264.s0.i1 1.000000 0.269111
DS.d264.s1.i0 1.000000 0.123822
DS.d765.s0.i2 -1.000000 0.010946
DS.d765.s0.i3 -1.000000 0.390103
DS.d765.s0.i0 -1.000000 -0.015263
DS.d765.s0.i1 -1.000000 0.386283
DS.d765.s1.i1 -1.000000 0.063167
DS.d765.s1.i0 -1.000000 0.258411
DS.d765.s1.i3 -1.000000 0.063167
DS.d765.s1.i2 -1.000000 0.258411
DS.d543.s0.i0 1.000000 -0.312198
DS.d543.s0.i1 1.000000 -0.589948
DS.d543.s0.i2 -1.000000 -0.415166
DS.d703.s0.i0 1.000000 0.954669
DS.d1703.s0.i0 1.000000 1.191135
DS.d382.s0.i0 1.000000 0.553774
DS.d178.s0.i0 1.000000 0.867984
DS.d178.s1.i1 -1.000000 0.290387
DS.d178.s1.i0 -1.000000 -0.042046
DS.d1143.s0.i0 -1.000000 0.321858
DS.d1143.s0.i1 -1.000000 0.291225
DS.d1775.s0.i1 -1.000000 -0.303919
DS.d1775.s0.i0 -1.000000 -0.225541
DS.d421.s1.i0 1.000000 0.539044
DS.d421.s0.i0 -1.000000 0.240724
DS.d77.s0.i1 -1.000000 0.686513
DS.d77.s0.i0 1.000000 0.737932
DS.d1664.s2.i0 -1.000000 -0.254306
DS.d1664.s3.i0 -1.000000 0.616306
DS.d1664.s0.i0 -1.000000 -0.622388
DS.d1664.s0.i1 -1.000000 -0.599214
DS.d1664.s1.i0 -1.000000 -0.075620
DS.d1665.s0.i0 1.000000 0.324523
DS.d72.s0.i0 -1.000000 -0.559266
DS.d72.s0.i1 -1.000000 -0.484431
DS.d618.s1.i0 1.000000 0.544131
DS.d618.s0.i1 1.000000 0.732352
DS.d618.s0.i0 1.000000 0.392525
DS.d1785.s0.i0 1.000000 0.789543
DS.d1577.s0.i1 1.000000 0.123794
DS.d1577.s0.i0 1.000000 -0.171908
DS.d1261.s0.i0 1.000000 0.722107
DS.d1668.s0.i0 1.000000 1.463648
DS.d1669.s1.i0 -1.000000 -0.202544
DS.d1669.s1.i1 -1.000000 -0.220057
DS.d1669.s0.i0 -1.000000 -0.744907
