DS1.d699.s2.i0 1.000000 0.348968
DS1.d699.s0.i0 1.000000 1.224870
DS1.d699.s0.i1 1.000000 1.224870
DS1.d699.s1.i2 -1.000000 -0.310991
DS1.d699.s1.i1 -1.000000 -0.486557
DS1.d699.s1.i0 1.000000 -0.059859
DS1.d496.s1.i0 1.000000 1.268664
DS1.d496.s0.i1 -1.000000 -0.226453
DS1.d496.s0.i0 -1.000000 -0.303169
DS1.d39.s0.i0 -1.000000 0.616134
DS1.d16.s0.i0 1.000000 1.532404
DS1.d813.s0.i0 -1.000000 0.491235
DS1.d510.s0.i0 1.000000 1.227979
DS1.d510.s0.i1 1.000000 1.546391
DS1.d510.s1.i0 1.000000 0.685107
DS1.d510.s2.i0 1.000000 0.958336
DS1.d577.s0.i2 -1.000000 -0.010197
DS1.d577.s0.i1 -1.000000 0.070533
DS1.d577.s0.i0 -1.000000 -0.054904
DS1.d345.s0.i0 1.000000 0.496231
DS1.d345.s1.i1 1.000000 0.620820
DS1.d345.s1.i0 1.000000 0.680038
DS1.d345.s2.i0 1.000000 0.649741
DS1.d345.s2.i1 1.000000 0.724845
DS1.d345.s2.i2 1.000000 0.949705
DS1.d345.s2.i3 1.000000 1.015782
DS1.d345.s3.i2 1.000000 0.977800
DS1.d345.s3.i1 1.000000 0.889786
DS1.d345.s3.i0 1.000000 0.682608
DS1.d91.s0.i5 1.000000 0.316472
DS1.d91.s0.i4 -1.000000 0.319579
DS1.d91.s0.i1 -1.000000 0.021669
DS1.d91.s0.i0 -1.000000 0.183262
DS1.d91.s0.i3 -1.000000 0.089323
DS1.d91.s0.i2 -1.000000 0.145911
DS1.d134.s0.i0 1.000000 0.259977
DS1.d134.s0.i1 1.000000 -0.138642
DS1.d438.s0.i0 1.000000 0.771245
DS1.d366.s0.i1 1.000000 0.402727
DS1.d366.s0.i0 1.000000 0.335457
DS1.d398.s0.i0 1.000000 1.083024
DS1.d650.s1.i0 1.000000 0.586587
DS1.d650.s1.i1 1.000000 0.589571
DS1.d650.s0.i0 1.000000 1.058010
DS1.d650.s3.i0 1.000000 0.439100
DS1.d650.s3.i1 1.000000 0.536161
DS1.d650.s2.i1 1.000000 0.745667
DS1.d650.s2.i0 1.000000 0.588907
DS1.d265.s1.i2 1.000000 0.805526
DS1.d265.s1.i3 1.000000 0.812368
DS1.d265.s1.i0 1.000000 0.812349
DS1.d265.s1.i1 1.000000 0.813635
DS1.d265.s0.i1 -1.000000 0.167817
DS1.d265.s0.i0 1.000000 1.020845
DS1.d72.s0.i0 -1.000000 -0.458523
DS1.d72.s0.i1 -1.000000 -0.358606
DS1.d402.s0.i2 1.000000 0.787459
DS1.d402.s0.i0 -1.000000 0.382413
DS1.d402.s0.i1 1.000000 0.544534
DS1.d402.s1.i1 -1.000000 0.208136
DS1.d402.s1.i0 -1.000000 0.096479
DS1.d402.s2.i0 1.000000 0.283453
DS1.d402.s2.i1 1.000000 0.529452
DS1.d402.s2.i2 -1.000000 0.831216
DS1.d402.s2.i3 1.000000 0.361493
DS1.d402.s3.i2 1.000000 0.688218
DS1.d402.s3.i1 -1.000000 0.543839
DS1.d402.s3.i0 1.000000 0.669183
DS1.d151.s0.i0 -1.000000 0.614181
DS1.d666.s0.i2 1.000000 -0.199302
DS1.d666.s0.i0 1.000000 -0.328239
DS1.d666.s0.i1 1.000000 -0.056509
DS1.d155.s0.i2 1.000000 0.454909
DS1.d155.s0.i1 1.000000 0.404875
DS1.d155.s0.i0 1.000000 0.333901
DS1.d597.s0.i1 -1.000000 0.310448
DS1.d597.s0.i0 -1.000000 -0.034942
DS1.d597.s0.i3 -1.000000 0.285651
DS1.d597.s0.i2 -1.000000 0.328593
DS1.d597.s0.i5 -1.000000 0.365071
DS1.d597.s0.i4 -1.000000 0.282927
DS1.d313.s5.i0 1.000000 0.509836
DS1.d313.s4.i0 1.000000 0.187774
DS1.d313.s3.i0 1.000000 -0.057126
DS1.d313.s2.i0 1.000000 1.556643
DS1.d313.s1.i0 1.000000 0.235942
DS1.d313.s1.i1 1.000000 0.012792
DS1.d313.s0.i0 1.000000 1.134857
DS1.d669.s0.i0 -1.000000 0.268247
DS1.d704.s0.i5 -1.000000 0.075306
DS1.d704.s0.i4 1.000000 0.061101
DS1.d704.s0.i3 1.000000 0.072716
DS1.d704.s0.i2 1.000000 0.153688
DS1.d704.s0.i1 1.000000 0.155912
DS1.d704.s0.i0 -1.000000 0.078544
DS1.d314.s0.i0 1.000000 0.686416
DS1.d314.s0.i1 -1.000000 0.376543
DS1.d263.s1.i0 1.000000 1.550343
DS1.d263.s0.i7 1.000000 0.610633
DS1.d263.s0.i6 -1.000000 0.475301
DS1.d263.s0.i5 -1.000000 0.502444
DS1.d263.s0.i4 -1.000000 0.514402
DS1.d263.s0.i3 1.000000 0.664664
DS1.d263.s0.i2 1.000000 0.635783
DS1.d263.s0.i1 -1.000000 0.472045
DS1.d263.s0.i0 1.000000 0.607144
DS1.d263.s0.i10 1.000000 0.681203
DS1.d263.s0.i9 1.000000 0.634620
DS1.d263.s0.i8 -1.000000 0.430073
DS1.d263.s0.i13 1.000000 0.593260
DS1.d263.s0.i11 -1.000000 0.447080
DS1.d263.s0.i12 -1.000000 0.443505
DS1.d334.s0.i0 1.000000 1.309995
DS1.d334.s1.i0 -1.000000 0.190457
DS1.d555.s1.i0 -1.000000 0.094829
DS1.d555.s0.i0 1.000000 0.467669
DS1.d721.s0.i4 -1.000000 0.132351
DS1.d721.s0.i5 1.000000 0.214776
DS1.d721.s0.i0 -1.000000 0.280919
DS1.d721.s0.i1 -1.000000 0.201150
DS1.d721.s0.i2 -1.000000 0.234085
DS1.d721.s0.i3 1.000000 0.205934
DS1.d625.s1.i0 1.000000 0.210496
DS1.d625.s1.i1 1.000000 0.171592
DS1.d625.s0.i1 -1.000000 0.468023
DS1.d625.s0.i0 -1.000000 0.384507
DS1.d625.s0.i3 -1.000000 0.259453
DS1.d625.s0.i2 -1.000000 0.303813
DS1.d464.s0.i2 1.000000 0.845593
DS1.d464.s0.i3 1.000000 0.853315
DS1.d464.s0.i0 1.000000 0.760737
DS1.d464.s0.i1 1.000000 0.733434
DS1.d464.s1.i0 1.000000 0.271039
DS1.d331.s0.i3 -1.000000 0.410794
DS1.d331.s0.i2 1.000000 -0.017732
DS1.d331.s0.i1 1.000000 0.016955
DS1.d331.s0.i0 -1.000000 0.354174
DS1.d332.s0.i0 1.000000 0.365189
DS1.d210.s0.i1 1.000000 0.268834
DS1.d210.s0.i0 1.000000 0.421256
DS1.d536.s0.i2 1.000000 0.568627
DS1.d536.s0.i3 1.000000 0.598726
DS1.d536.s0.i0 1.000000 0.643604
DS1.d536.s0.i1 1.000000 0.515162
DS1.d536.s1.i1 1.000000 0.878580
DS1.d536.s1.i0 -1.000000 -0.117286
DS1.d543.s0.i2 -1.000000 0.140321
DS1.d543.s0.i0 1.000000 0.126269
DS1.d543.s0.i1 1.000000 -0.061129
DS1.d354.s0.i0 1.000000 0.366781
DS1.d481.s0.i1 1.000000 0.016550
DS1.d481.s0.i0 1.000000 0.168080
DS1.d352.s0.i0 1.000000 1.039441
DS1.d352.s0.i1 1.000000 1.122431
DS1.d353.s0.i1 1.000000 1.183027
DS1.d353.s0.i0 1.000000 1.287352
DS1.d530.s0.i0 -1.000000 0.165483
DS1.d449.s0.i0 1.000000 0.528232
DS1.d689.s0.i1 -1.000000 0.321188
DS1.d689.s0.i0 -1.000000 0.373614
DS1.d784.s1.i0 1.000000 0.456115
DS1.d784.s0.i0 1.000000 0.801878
DS1.d403.s0.i0 -1.000000 0.212622
DS1.d820.s0.i2 -1.000000 1.100875
DS1.d820.s0.i0 -1.000000 0.697347
DS1.d820.s0.i1 -1.000000 0.793173
DS1.d820.s1.i0 1.000000 0.651511
DS1.d820.s2.i0 -1.000000 0.018414
DS1.d820.s2.i1 -1.000000 -0.472245
DS1.d820.s3.i0 -1.000000 0.183570
DS1.d821.s0.i1 -1.000000 0.079472
DS1.d821.s0.i0 -1.000000 -0.240086
DS1.d28.s1.i0 1.000000 0.932575
DS1.d28.s1.i1 1.000000 1.115871
DS1.d28.s0.i1 1.000000 1.236290
DS1.d28.s0.i0 1.000000 1.165573
DS1.d28.s0.i2 1.000000 1.364693
DS1.d803.s2.i1 1.000000 0.211086
DS1.d803.s2.i0 1.000000 0.440927
DS1.d803.s1.i0 1.000000 -0.166442
DS1.d803.s1.i1 1.000000 -0.221937
DS1.d803.s0.i3 1.000000 -0.210431
DS1.d803.s0.i2 1.000000 -0.038523
DS1.d803.s0.i1 1.000000 -0.090650
DS1.d803.s0.i0 1.000000 -0.206571
DS1.d522.s0.i1 -1.000000 -0.004835
DS1.d522.s0.i0 -1.000000 0.031253
DS1.d169.s0.i0 1.000000 0.992250
DS1.d169.s0.i1 1.000000 0.862550
DS1.d169.s1.i5 1.000000 0.626620
DS1.d169.s1.i4 1.000000 0.608343
DS1.d169.s1.i1 1.000000 0.593687
DS1.d169.s1.i0 1.000000 0.645556
DS1.d169.s1.i3 1.000000 0.653013
DS1.d169.s1.i2 1.000000 0.666651
DS1.d370.s0.i0 1.000000 0.366096
DS1.d87.s0.i0 1.000000 0.669234
DS1.d386.s1.i0 1.000000 0.422329
DS1.d386.s1.i1 1.000000 0.389138
DS1.d386.s0.i0 1.000000 0.704610
DS1.d386.s2.i1 1.000000 0.697475
DS1.d386.s2.i0 1.000000 1.255127
DS1.d477.s0.i0 1.000000 0.683472
DS1.d109.s0.i0 1.000000 -0.420291
DS1.d109.s0.i1 1.000000 -0.524539
DS1.d109.s0.i2 -1.000000 -0.552365
DS1.d109.s0.i3 1.000000 -0.586901
DS1.d109.s0.i4 -1.000000 -0.712287
DS1.d109.s0.i5 -1.000000 -0.755402
DS1.d161.s0.i2 1.000000 -0.284361
DS1.d161.s0.i3 1.000000 -0.350674
DS1.d161.s0.i0 1.000000 -0.308947
DS1.d161.s0.i1 1.000000 -0.282843
DS1.d161.s0.i4 1.000000 -0.263863
DS1.d161.s0.i5 1.000000 -0.366072
DS1.d534.s2.i0 1.000000 1.077940
DS1.d534.s0.i4 1.000000 0.600445
DS1.d534.s0.i5 1.000000 0.692391
DS1.d534.s0.i0 1.000000 0.728808
DS1.d534.s0.i1 1.000000 0.767506
DS1.d534.s0.i2 1.000000 0.808160
DS1.d534.s0.i3 1.000000 0.661316
DS1.d534.s1.i0 1.000000 1.053041
DS1.d649.s0.i7 1.000000 0.414240
DS1.d649.s0.i6 1.000000 0.232918
DS1.d649.s0.i5 -1.000000 -0.045466
DS1.d649.s0.i4 -1.000000 0.045439
DS1.d649.s0.i3 1.000000 0.211082
DS1.d649.s0.i2 -1.000000 0.108958
DS1.d649.s0.i1 1.000000 0.338881
DS1.d649.s0.i0 -1.000000 0.063904
DS1.d465.s0.i2 1.000000 0.701670
DS1.d465.s0.i1 1.000000 0.729534
DS1.d465.s0.i0 1.000000 0.685338
DS1.d676.s0.i0 1.000000 0.149786
DS1.d351.s0.i1 -1.000000 -0.248216
DS1.d351.s0.i0 -1.000000 -0.438222
DS1.d351.s0.i3 -1.000000 -0.567007
DS1.d351.s0.i2 -1.000000 -0.665532
DS1.d452.s1.i0 1.000000 0.618508
DS1.d452.s0.i5 1.000000 0.217985
DS1.d452.s0.i4 -1.000000 0.030172
DS1.d452.s0.i1 -1.000000 0.197451
DS1.d452.s0.i0 1.000000 0.327339
DS1.d452.s0.i3 1.000000 0.466556
DS1.d452.s0.i2 -1.000000 -0.108974
DS1.d658.s0.i0 1.000000 0.795042
DS1.d774.s0.i0 -1.000000 0.295080
DS1.d774.s0.i1 1.000000 1.172995
DS1.d774.s1.i1 1.000000 0.934207
DS1.d774.s1.i0 -1.000000 0.241934
DS1.d775.s0.i0 1.000000 1.104558
DS1.d655.s0.i0 1.000000 0.119886
DS1.d655.s0.i1 1.000000 0.055758
DS1.d655.s1.i2 -1.000000 -0.030498
DS1.d655.s1.i1 1.000000 0.222811
DS1.d655.s1.i0 -1.000000 -0.128295
DS1.d759.s0.i1 -1.000000 0.794519
DS1.d759.s0.i0 -1.000000 0.794519
DS1.d553.s0.i1 1.000000 0.718366
DS1.d553.s0.i0 1.000000 0.763888
DS1.d454.s0.i3 -1.000000 -0.091233
DS1.d454.s0.i2 -1.000000 -0.010478
DS1.d454.s0.i1 1.000000 0.587245
DS1.d454.s0.i0 -1.000000 -0.113896
DS1.d773.s0.i1 -1.000000 0.077465
DS1.d773.s0.i0 -1.000000 0.149064
DS1.d521.s0.i0 1.000000 0.984127
DS1.d521.s0.i1 1.000000 0.782735
DS1.d472.s0.i1 1.000000 0.939749
DS1.d472.s0.i0 1.000000 1.052876
DS1.d610.s0.i0 1.000000 0.448140
DS1.d734.s0.i2 1.000000 0.228863
DS1.d734.s0.i3 1.000000 0.141708
DS1.d734.s0.i0 1.000000 0.186039
DS1.d734.s0.i1 1.000000 0.246831
DS1.d542.s1.i0 -1.000000 0.497009
DS1.d542.s0.i1 -1.000000 0.109436
DS1.d542.s0.i0 1.000000 0.509418
DS1.d268.s0.i0 1.000000 0.174352
DS1.d268.s0.i1 1.000000 0.146753
DS1.d180.s1.i0 1.000000 1.092464
DS1.d180.s0.i1 1.000000 0.297998
DS1.d180.s0.i0 1.000000 0.261592
DS1.d180.s2.i1 1.000000 0.511970
DS1.d180.s2.i0 1.000000 0.825592
DS1.d218.s1.i2 -1.000000 0.077241
DS1.d218.s1.i3 -1.000000 -0.016511
DS1.d218.s1.i0 -1.000000 0.069435
DS1.d218.s1.i1 -1.000000 -0.015333
DS1.d218.s0.i1 1.000000 0.999869
DS1.d218.s0.i0 1.000000 1.318713
DS1.d491.s0.i0 1.000000 0.034195
DS1.d491.s0.i1 1.000000 0.409475
DS1.d491.s1.i0 -1.000000 0.579633
DS1.d435.s0.i0 1.000000 0.136425
DS1.d435.s0.i1 1.000000 0.445051
DS1.d493.s0.i0 1.000000 0.454543
DS1.d493.s0.i1 1.000000 0.572323
DS1.d493.s0.i2 1.000000 0.285158
DS1.d493.s1.i0 1.000000 1.021369
DS1.d7.s1.i0 1.000000 0.338589
DS1.d7.s1.i1 1.000000 0.603845
DS1.d7.s0.i1 1.000000 1.050109
DS1.d7.s0.i0 1.000000 0.970699
DS1.d7.s0.i3 1.000000 0.841679
DS1.d7.s0.i2 1.000000 0.941022
DS1.d7.s2.i1 -1.000000 0.861583
DS1.d7.s2.i0 -1.000000 0.583108
