DS1.d18.s0.i0 1.000000 0.497918
DS1.d19.s0.i1 1.000000 0.879381
DS1.d19.s0.i0 1.000000 0.848338
DS1.d798.s0.i0 1.000000 0.483238
DS1.d799.s0.i1 1.000000 0.720999
DS1.d799.s0.i0 1.000000 0.805506
DS1.d799.s0.i3 1.000000 0.805506
DS1.d799.s0.i2 1.000000 0.663915
DS1.d12.s0.i0 -1.000000 0.174621
DS1.d13.s4.i1 -1.000000 0.263698
DS1.d13.s4.i0 1.000000 0.346277
DS1.d13.s3.i0 -1.000000 -0.436245
DS1.d13.s3.i1 -1.000000 -0.380774
DS1.d13.s2.i1 1.000000 0.775765
DS1.d13.s2.i0 1.000000 0.791897
DS1.d13.s2.i2 1.000000 0.827879
DS1.d13.s1.i0 1.000000 0.283862
DS1.d13.s0.i1 1.000000 0.611486
DS1.d13.s0.i0 1.000000 0.660726
DS1.d10.s0.i0 -1.000000 -0.341251
DS1.d11.s0.i1 1.000000 0.707910
DS1.d11.s0.i0 1.000000 0.574698
DS1.d792.s0.i0 1.000000 0.126683
DS1.d792.s0.i1 -1.000000 -0.013265
DS1.d17.s1.i0 -1.000000 0.054466
DS1.d17.s0.i1 -1.000000 -0.285513
DS1.d17.s0.i0 -1.000000 -0.401232
DS1.d14.s0.i0 -1.000000 -0.302775
DS1.d14.s0.i1 -1.000000 -0.247905
DS1.d14.s0.i2 -1.000000 -0.485172
DS1.d14.s0.i3 -1.000000 -0.623118
DS1.d14.s1.i1 -1.000000 -0.448708
DS1.d14.s1.i0 -1.000000 -0.426832
DS1.d15.s0.i1 1.000000 0.896069
DS1.d15.s0.i0 1.000000 1.219602
DS1.d15.s0.i2 1.000000 0.809868
DS1.d378.s0.i2 -1.000000 -0.455901
DS1.d378.s0.i3 -1.000000 -0.369674
DS1.d378.s0.i0 -1.000000 -0.368766
DS1.d378.s0.i1 1.000000 -0.159954
DS1.d378.s1.i0 -1.000000 -0.051636
DS1.d318.s0.i0 1.000000 0.657720
DS1.d318.s0.i1 1.000000 0.462658
DS1.d319.s0.i1 -1.000000 -0.486777
DS1.d319.s0.i0 -1.000000 -0.482689
DS1.d648.s0.i2 1.000000 0.644187
DS1.d648.s0.i0 1.000000 0.676230
DS1.d648.s0.i1 1.000000 0.457261
DS1.d270.s0.i0 1.000000 0.460981
DS1.d312.s0.i2 1.000000 0.824207
DS1.d312.s0.i3 1.000000 0.774357
DS1.d312.s0.i0 1.000000 0.809516
DS1.d312.s0.i1 1.000000 0.762020
DS1.d312.s0.i6 1.000000 0.732529
DS1.d312.s0.i7 1.000000 0.751414
DS1.d312.s0.i4 1.000000 0.734807
DS1.d312.s0.i5 1.000000 0.776403
DS1.d312.s0.i8 1.000000 0.830517
DS1.d312.s0.i9 1.000000 0.763140
DS1.d312.s0.i10 1.000000 0.836076
DS1.d645.s0.i0 1.000000 0.814647
DS1.d310.s0.i0 1.000000 0.045165
DS1.d310.s0.i1 -1.000000 -0.115277
DS1.d310.s0.i2 1.000000 0.178753
DS1.d310.s1.i3 -1.000000 -0.215486
DS1.d310.s1.i2 1.000000 0.032660
DS1.d310.s1.i1 -1.000000 -0.231594
DS1.d310.s1.i0 1.000000 -0.014318
DS1.d311.s0.i0 1.000000 0.552835
DS1.d316.s0.i0 1.000000 0.699188
DS1.d316.s0.i1 1.000000 0.657335
DS1.d316.s1.i1 1.000000 0.357296
DS1.d316.s1.i0 1.000000 0.411166
DS1.d316.s2.i0 1.000000 0.722692
DS1.d316.s2.i1 1.000000 0.722692
DS1.d317.s0.i11 1.000000 0.768789
DS1.d317.s0.i10 1.000000 0.681184
DS1.d317.s0.i7 1.000000 0.929451
DS1.d317.s0.i6 1.000000 0.814375
DS1.d317.s0.i5 1.000000 0.788511
DS1.d317.s0.i4 1.000000 0.656662
DS1.d317.s0.i3 1.000000 0.753362
DS1.d317.s0.i2 1.000000 0.832698
DS1.d317.s0.i1 1.000000 0.776577
DS1.d317.s0.i0 1.000000 0.693012
DS1.d317.s0.i9 1.000000 0.740265
DS1.d317.s0.i8 1.000000 0.719220
DS1.d642.s0.i0 -1.000000 0.144198
DS1.d315.s0.i1 1.000000 0.567894
DS1.d315.s0.i0 1.000000 0.568071
DS1.d315.s0.i3 1.000000 0.565149
DS1.d315.s0.i2 1.000000 0.539984
DS1.d723.s0.i0 1.000000 0.596781
DS1.d722.s0.i1 -1.000000 -0.650232
DS1.d722.s0.i0 -1.000000 -0.397883
DS1.d488.s0.i14 -1.000000 -0.564403
DS1.d488.s0.i12 -1.000000 -0.607832
DS1.d488.s0.i13 -1.000000 -0.599057
DS1.d488.s0.i10 -1.000000 -0.522980
DS1.d488.s0.i11 -1.000000 -0.588387
DS1.d488.s0.i8 -1.000000 -0.564102
DS1.d488.s0.i9 1.000000 -0.299588
DS1.d488.s0.i4 -1.000000 -0.497953
DS1.d488.s0.i5 1.000000 -0.231604
DS1.d488.s0.i6 -1.000000 -0.477239
DS1.d488.s0.i7 -1.000000 -0.461426
DS1.d488.s0.i0 -1.000000 -0.525907
DS1.d488.s0.i1 -1.000000 -0.291717
DS1.d488.s0.i2 1.000000 -0.246553
DS1.d488.s0.i3 -1.000000 -0.271397
DS1.d489.s0.i1 1.000000 0.438442
DS1.d489.s0.i0 1.000000 0.604437
DS1.d727.s0.i0 1.000000 0.438863
DS1.d726.s0.i0 1.000000 0.633983
DS1.d725.s0.i0 1.000000 1.081950
DS1.d725.s1.i2 1.000000 0.837754
DS1.d725.s1.i1 1.000000 1.004878
DS1.d725.s1.i0 1.000000 1.004878
DS1.d724.s0.i1 1.000000 0.919136
DS1.d724.s0.i0 1.000000 0.782220
DS1.d724.s0.i2 1.000000 0.311967
DS1.d482.s0.i2 -1.000000 -0.502873
DS1.d482.s0.i0 -1.000000 -0.516416
DS1.d482.s0.i1 -1.000000 -0.520900
DS1.d483.s1.i0 1.000000 0.321112
DS1.d483.s0.i0 -1.000000 -0.214171
DS1.d480.s0.i0 -1.000000 0.275702
DS1.d728.s0.i0 1.000000 0.746385
DS1.d486.s0.i29 -1.000000 -0.939956
DS1.d486.s0.i28 -1.000000 -0.972072
DS1.d486.s0.i21 -1.000000 -0.926875
DS1.d486.s0.i20 -1.000000 -0.965894
DS1.d486.s0.i23 -1.000000 -0.913528
DS1.d486.s0.i22 -1.000000 -0.970302
DS1.d486.s0.i25 -1.000000 -0.903304
DS1.d486.s0.i24 -1.000000 -0.928633
DS1.d486.s0.i27 -1.000000 -0.849017
DS1.d486.s0.i26 -1.000000 -0.886645
DS1.d486.s0.i34 -1.000000 -1.010468
DS1.d486.s0.i35 -1.000000 -0.940443
DS1.d486.s0.i18 -1.000000 -0.922640
DS1.d486.s0.i19 -1.000000 -0.946899
DS1.d486.s0.i30 -1.000000 -1.006932
DS1.d486.s0.i31 -1.000000 -0.990013
DS1.d486.s0.i14 -1.000000 -0.899040
DS1.d486.s0.i15 -1.000000 -0.982259
DS1.d486.s0.i16 -1.000000 -0.976060
DS1.d486.s0.i17 -1.000000 -0.901970
DS1.d486.s0.i10 -1.000000 -0.973732
DS1.d486.s0.i11 -1.000000 -0.976747
DS1.d486.s0.i12 -1.000000 -0.928207
DS1.d486.s0.i13 -1.000000 -0.860383
DS1.d486.s0.i8 -1.000000 -0.975886
DS1.d486.s0.i9 -1.000000 -0.998448
DS1.d486.s0.i6 -1.000000 -0.980996
DS1.d486.s0.i7 -1.000000 -0.954918
DS1.d486.s0.i4 -1.000000 -0.956653
DS1.d486.s0.i5 -1.000000 -0.961597
DS1.d486.s0.i2 -1.000000 -0.918404
DS1.d486.s0.i3 -1.000000 -0.936941
DS1.d486.s0.i0 -1.000000 -0.895469
DS1.d486.s0.i1 -1.000000 -0.924183
DS1.d486.s0.i32 -1.000000 -0.990589
DS1.d486.s0.i33 -1.000000 -0.943263
DS1.d486.s1.i1 1.000000 0.496261
DS1.d486.s1.i0 1.000000 0.524633
DS1.d487.s0.i2 -1.000000 0.368789
DS1.d487.s0.i1 1.000000 0.312998
DS1.d487.s0.i0 1.000000 0.359553
DS1.d484.s0.i0 1.000000 0.863717
DS1.d484.s0.i1 1.000000 0.761168
DS1.d484.s1.i1 1.000000 0.227545
DS1.d484.s1.i0 -1.000000 -0.009803
DS1.d485.s0.i1 1.000000 0.371172
DS1.d485.s0.i0 1.000000 0.376649
DS1.d795.s0.i0 1.000000 0.796362
DS1.d581.s2.i0 1.000000 0.677487
DS1.d581.s2.i1 1.000000 0.800034
DS1.d581.s0.i0 -1.000000 -0.010079
DS1.d581.s0.i1 -1.000000 -0.109066
DS1.d581.s0.i2 1.000000 -0.021608
DS1.d581.s1.i2 -1.000000 -0.315838
DS1.d581.s1.i1 -1.000000 -0.035840
DS1.d581.s1.i0 -1.000000 -0.328774
DS1.d793.s1.i0 1.000000 0.574239
DS1.d793.s1.i1 1.000000 0.397413
DS1.d793.s0.i1 1.000000 0.627313
DS1.d793.s0.i0 1.000000 0.719533
DS1.d580.s0.i1 1.000000 0.450321
DS1.d580.s0.i0 1.000000 0.429283
DS1.d790.s0.i0 -1.000000 -0.319539
DS1.d790.s0.i1 -1.000000 -0.275922
DS1.d69.s0.i0 1.000000 0.527719
DS1.d69.s0.i1 1.000000 0.455524
DS1.d68.s0.i0 1.000000 0.464955
DS1.d67.s0.i0 -1.000000 -0.251906
DS1.d67.s0.i1 -1.000000 -0.290468
DS1.d66.s0.i3 1.000000 0.442944
DS1.d66.s0.i2 1.000000 0.688084
DS1.d66.s0.i1 1.000000 0.393721
DS1.d66.s0.i0 1.000000 0.687275
DS1.d65.s0.i0 -1.000000 0.018874
DS1.d64.s0.i0 -1.000000 -0.226489
DS1.d63.s0.i0 1.000000 0.867107
DS1.d63.s0.i1 1.000000 0.798606
DS1.d62.s0.i0 -1.000000 0.288616
DS1.d61.s0.i0 1.000000 0.826776
DS1.d61.s0.i1 1.000000 0.898337
DS1.d61.s0.i2 1.000000 0.981904
DS1.d61.s0.i3 1.000000 0.913272
DS1.d61.s0.i4 1.000000 0.869860
DS1.d61.s0.i5 1.000000 0.816872
DS1.d61.s0.i6 1.000000 0.926709
DS1.d61.s0.i7 1.000000 0.803906
DS1.d61.s0.i8 1.000000 0.850491
DS1.d60.s0.i0 1.000000 0.803894
DS1.d547.s0.i0 -1.000000 -0.485937
DS1.d547.s0.i1 -1.000000 -0.488771
DS1.d547.s1.i1 1.000000 0.644425
DS1.d547.s1.i0 1.000000 0.689020
DS1.d547.s1.i3 1.000000 0.977125
DS1.d547.s1.i2 1.000000 0.644425
DS1.d546.s0.i1 1.000000 0.675158
DS1.d546.s0.i0 1.000000 0.622349
DS1.d545.s0.i0 1.000000 0.713367
DS1.d545.s1.i0 1.000000 0.786861
DS1.d544.s0.i1 -1.000000 -0.610511
DS1.d544.s0.i0 -1.000000 -0.535424
DS1.d544.s0.i3 -1.000000 -0.521889
DS1.d544.s0.i2 -1.000000 -0.441757
DS1.d541.s0.i0 -1.000000 0.119020
DS1.d541.s1.i0 -1.000000 -0.364356
DS1.d269.s1.i2 -1.000000 -0.316740
DS1.d269.s1.i0 1.000000 -0.025541
DS1.d269.s1.i1 1.000000 0.010735
DS1.d269.s0.i0 1.000000 0.698628
DS1.d269.s2.i3 -1.000000 -0.625872
DS1.d269.s2.i2 1.000000 -0.040585
DS1.d269.s2.i1 -1.000000 -0.627675
DS1.d269.s2.i0 -1.000000 -0.541783
DS1.d269.s2.i7 -1.000000 -0.588101
DS1.d269.s2.i6 -1.000000 -0.583230
DS1.d269.s2.i5 -1.000000 -0.459322
DS1.d269.s2.i4 1.000000 -0.075750
DS1.d266.s0.i0 1.000000 0.508143
DS1.d267.s0.i0 1.000000 0.612049
DS1.d264.s0.i0 1.000000 0.211981
DS1.d264.s0.i1 1.000000 0.492180
DS1.d264.s1.i0 1.000000 0.287831
DS1.d262.s0.i0 -1.000000 0.029481
DS1.d589.s0.i0 1.000000 0.775508
DS1.d589.s0.i1 1.000000 0.684658
DS1.d589.s0.i2 1.000000 0.684658
DS1.d589.s0.i3 1.000000 0.775508
DS1.d260.s0.i0 1.000000 0.201604
DS1.d260.s0.i1 1.000000 0.235089
DS1.d260.s0.i2 -1.000000 0.139041
DS1.d260.s1.i1 1.000000 0.293894
DS1.d260.s1.i0 -1.000000 0.293894
DS1.d261.s0.i0 1.000000 0.906741
DS1.d588.s0.i0 1.000000 0.906795
DS1.d404.s0.i0 1.000000 0.721490
DS1.d404.s0.i1 1.000000 0.701994
DS1.d404.s0.i2 1.000000 0.505980
DS1.d404.s0.i3 1.000000 0.525385
DS1.d55.s0.i0 1.000000 0.743024
DS1.d613.s0.i0 1.000000 0.905558
DS1.d612.s0.i1 -1.000000 0.095942
DS1.d612.s0.i0 1.000000 0.094983
DS1.d446.s0.i2 1.000000 0.836110
DS1.d446.s0.i3 1.000000 0.926686
DS1.d446.s0.i0 1.000000 0.815249
DS1.d446.s0.i1 1.000000 0.952265
DS1.d446.s1.i0 1.000000 0.700292
DS1.d611.s0.i0 1.000000 0.824223
DS1.d616.s2.i1 1.000000 0.713000
DS1.d616.s2.i0 1.000000 0.641451
DS1.d616.s1.i0 1.000000 0.209562
DS1.d616.s1.i1 1.000000 0.182684
DS1.d616.s0.i9 -1.000000 0.257690
DS1.d616.s0.i8 1.000000 0.450841
DS1.d616.s0.i7 1.000000 0.407093
DS1.d616.s0.i6 1.000000 0.457235
DS1.d616.s0.i5 1.000000 0.415040
DS1.d616.s0.i4 1.000000 0.398543
DS1.d616.s0.i3 1.000000 0.365119
DS1.d616.s0.i2 1.000000 0.466721
DS1.d616.s0.i1 -1.000000 0.268976
DS1.d616.s0.i0 1.000000 0.415601
DS1.d616.s0.i19 1.000000 0.448482
DS1.d616.s0.i18 1.000000 0.309493
DS1.d616.s0.i17 1.000000 0.370041
DS1.d616.s0.i16 -1.000000 0.185053
DS1.d616.s0.i15 1.000000 0.472063
DS1.d616.s0.i14 -1.000000 0.263562
DS1.d616.s0.i13 1.000000 0.459151
DS1.d616.s0.i12 1.000000 0.466942
DS1.d616.s0.i11 1.000000 0.471795
DS1.d616.s0.i10 -1.000000 0.166892
DS1.d615.s0.i0 1.000000 0.953051
DS1.d614.s0.i1 1.000000 0.712417
DS1.d614.s0.i0 1.000000 0.659630
DS1.d614.s0.i3 1.000000 0.667684
DS1.d614.s0.i2 1.000000 0.770344
DS1.d614.s0.i5 1.000000 0.515195
DS1.d614.s0.i4 -1.000000 0.607532
DS1.d168.s0.i0 1.000000 0.785034
DS1.d160.s0.i3 -1.000000 -0.726727
DS1.d160.s0.i2 -1.000000 -0.627404
DS1.d160.s0.i1 -1.000000 -0.719306
DS1.d160.s0.i0 -1.000000 -0.665927
DS1.d160.s0.i5 -1.000000 -0.632426
DS1.d160.s0.i4 -1.000000 -0.758293
DS1.d163.s0.i0 1.000000 0.662623
DS1.d163.s0.i1 1.000000 0.826504
DS1.d163.s0.i2 1.000000 0.766733
DS1.d162.s1.i0 1.000000 0.280119
DS1.d162.s0.i0 1.000000 0.417172
DS1.d165.s4.i0 1.000000 0.479280
DS1.d165.s4.i1 1.000000 0.538766
DS1.d165.s5.i1 1.000000 0.133433
DS1.d165.s5.i0 -1.000000 0.054639
DS1.d165.s5.i3 1.000000 0.122533
DS1.d165.s5.i2 -1.000000 0.026979
DS1.d165.s6.i4 1.000000 0.849715
DS1.d165.s6.i5 1.000000 0.839949
DS1.d165.s6.i0 1.000000 0.818257
DS1.d165.s6.i1 1.000000 0.796909
DS1.d165.s6.i2 1.000000 0.804875
DS1.d165.s6.i3 1.000000 0.819341
DS1.d165.s0.i4 1.000000 0.092522
DS1.d165.s0.i5 1.000000 0.395795
DS1.d165.s0.i2 -1.000000 -0.356211
DS1.d165.s0.i3 -1.000000 -0.261545
DS1.d165.s0.i0 -1.000000 -0.182512
DS1.d165.s0.i1 -1.000000 -0.077153
DS1.d165.s1.i1 1.000000 0.768230
DS1.d165.s1.i0 1.000000 0.702477
DS1.d165.s1.i3 1.000000 0.810057
DS1.d165.s1.i2 1.000000 0.761836
DS1.d165.s1.i5 1.000000 0.821844
DS1.d165.s1.i4 1.000000 0.865053
DS1.d165.s2.i0 1.000000 0.688695
DS1.d165.s2.i1 1.000000 0.695617
DS1.d165.s2.i2 1.000000 0.708489
DS1.d165.s2.i3 1.000000 0.687855
DS1.d165.s3.i2 -1.000000 -0.274953
DS1.d165.s3.i1 -1.000000 -0.233096
DS1.d165.s3.i0 -1.000000 -0.285045
DS1.d164.s0.i2 -1.000000 -0.412884
DS1.d164.s0.i1 -1.000000 -0.357460
DS1.d164.s0.i0 -1.000000 -0.270994
DS1.d167.s0.i0 1.000000 0.767773
DS1.d166.s0.i0 1.000000 0.479760
DS1.d644.s0.i0 -1.000000 -0.203046
DS1.d646.s0.i4 1.000000 0.603202
DS1.d646.s0.i5 1.000000 0.678195
DS1.d646.s0.i0 1.000000 0.672139
DS1.d646.s0.i1 1.000000 0.675089
DS1.d646.s0.i2 1.000000 0.658195
DS1.d646.s0.i3 1.000000 0.684635
DS1.d647.s0.i0 -1.000000 0.451648
DS1.d640.s0.i0 -1.000000 0.064656
DS1.d641.s0.i1 1.000000 1.199773
DS1.d641.s0.i0 1.000000 0.942215
DS1.d299.s0.i0 -1.000000 0.363925
DS1.d299.s0.i1 -1.000000 0.388521
DS1.d298.s0.i0 1.000000 0.202816
DS1.d297.s0.i0 1.000000 0.961283
DS1.d296.s0.i0 1.000000 0.872449
DS1.d295.s0.i0 1.000000 0.620753
DS1.d295.s1.i0 -1.000000 -0.132304
DS1.d294.s0.i1 1.000000 0.885301
DS1.d294.s0.i0 1.000000 0.853314
DS1.d294.s0.i2 1.000000 0.931142
DS1.d293.s0.i0 1.000000 0.465510
DS1.d293.s0.i1 1.000000 0.811262
DS1.d292.s0.i3 -1.000000 -0.595943
DS1.d292.s0.i2 -1.000000 -0.899913
DS1.d292.s0.i1 -1.000000 -0.688644
DS1.d292.s0.i0 -1.000000 -0.853070
DS1.d291.s0.i0 -1.000000 -0.212733
DS1.d290.s0.i1 1.000000 0.557622
DS1.d290.s0.i0 1.000000 0.436898
DS1.d769.s0.i0 1.000000 0.489892
DS1.d768.s0.i1 1.000000 0.607015
DS1.d768.s0.i0 1.000000 0.534736
DS1.d767.s0.i0 1.000000 0.576410
DS1.d766.s0.i3 -1.000000 -0.059830
DS1.d766.s0.i2 -1.000000 -0.442857
DS1.d766.s0.i1 -1.000000 -0.192876
DS1.d766.s0.i0 -1.000000 -0.630136
DS1.d765.s0.i0 -1.000000 -0.408978
DS1.d765.s0.i1 -1.000000 -0.343544
DS1.d765.s0.i2 -1.000000 -0.363328
DS1.d765.s0.i3 -1.000000 -0.374100
DS1.d765.s1.i3 -1.000000 -0.511109
DS1.d765.s1.i2 -1.000000 -0.482018
DS1.d765.s1.i1 -1.000000 -0.511109
DS1.d765.s1.i0 -1.000000 -0.482018
DS1.d764.s0.i5 -1.000000 -0.488378
DS1.d764.s0.i4 -1.000000 -0.425850
DS1.d764.s0.i1 -1.000000 -0.592320
DS1.d764.s0.i0 -1.000000 -0.673462
DS1.d764.s0.i3 -1.000000 -0.480936
DS1.d764.s0.i2 -1.000000 -0.545816
DS1.d763.s0.i0 -1.000000 0.233990
DS1.d763.s0.i1 1.000000 0.534824
DS1.d763.s1.i1 1.000000 0.471212
DS1.d763.s1.i0 1.000000 0.574521
DS1.d763.s2.i0 1.000000 0.670176
DS1.d762.s3.i2 1.000000 0.152030
DS1.d762.s3.i3 -1.000000 0.054032
DS1.d762.s3.i0 1.000000 0.083894
DS1.d762.s3.i1 1.000000 0.203224
DS1.d762.s3.i6 -1.000000 -0.101696
DS1.d762.s3.i7 -1.000000 0.036745
DS1.d762.s3.i4 1.000000 0.137743
DS1.d762.s3.i5 -1.000000 -0.086171
DS1.d762.s2.i1 1.000000 0.388147
DS1.d762.s2.i0 1.000000 0.408838
DS1.d762.s1.i0 1.000000 0.323798
DS1.d762.s0.i1 1.000000 0.403384
DS1.d762.s0.i0 1.000000 0.572142
DS1.d762.s4.i3 1.000000 0.773986
DS1.d762.s4.i2 1.000000 0.692075
DS1.d762.s4.i1 1.000000 0.753460
DS1.d762.s4.i0 1.000000 0.698351
DS1.d761.s0.i0 -1.000000 -0.541286
DS1.d761.s0.i1 -1.000000 -0.515125
DS1.d761.s0.i2 -1.000000 -0.533099
DS1.d760.s1.i0 1.000000 0.549690
DS1.d760.s0.i0 -1.000000 0.004790
DS1.d194.s0.i0 1.000000 0.786594
DS1.d194.s0.i1 1.000000 0.465384
DS1.d195.s0.i0 -1.000000 0.308590
DS1.d196.s0.i0 1.000000 0.559727
DS1.d196.s0.i1 1.000000 0.830279
DS1.d196.s0.i2 1.000000 0.818112
DS1.d196.s0.i3 1.000000 0.802254
DS1.d196.s1.i0 -1.000000 0.687456
DS1.d197.s0.i1 1.000000 0.866843
DS1.d197.s0.i0 1.000000 0.914947
DS1.d190.s0.i0 1.000000 0.746628
DS1.d191.s0.i0 -1.000000 -0.267507
DS1.d192.s0.i0 1.000000 0.377581
DS1.d193.s1.i0 1.000000 0.437158
DS1.d193.s0.i0 1.000000 0.639427
DS1.d198.s0.i0 1.000000 0.227114
DS1.d198.s0.i1 1.000000 0.284113
DS1.d198.s1.i1 -1.000000 -0.503596
DS1.d198.s1.i0 -1.000000 -0.544085
DS1.d198.s1.i3 -1.000000 -0.525737
DS1.d198.s1.i2 -1.000000 -0.538376
DS1.d199.s0.i1 1.000000 0.695646
DS1.d199.s0.i0 1.000000 0.644833
DS1.d448.s2.i0 1.000000 0.613518
DS1.d448.s2.i1 1.000000 0.552613
DS1.d448.s3.i1 1.000000 0.614268
DS1.d448.s3.i0 1.000000 1.034916
DS1.d448.s0.i0 1.000000 0.823596
DS1.d448.s0.i1 1.000000 0.823117
DS1.d448.s1.i3 1.000000 1.015640
DS1.d448.s1.i2 1.000000 1.035632
DS1.d448.s1.i1 1.000000 0.998808
DS1.d448.s1.i0 1.000000 1.014392
DS1.d23.s0.i13 -1.000000 -0.813386
DS1.d23.s0.i10 -1.000000 -0.911223
DS1.d23.s0.i11 -1.000000 -0.849263
DS1.d23.s0.i8 -1.000000 -0.941458
DS1.d23.s0.i9 -1.000000 -0.843589
DS1.d23.s0.i12 -1.000000 -0.879607
DS1.d23.s0.i2 -1.000000 -0.815546
DS1.d23.s0.i3 -1.000000 -0.771257
DS1.d23.s0.i0 -1.000000 -0.818941
DS1.d23.s0.i1 -1.000000 -0.876900
DS1.d23.s0.i6 -1.000000 -0.731111
DS1.d23.s0.i7 -1.000000 -0.763471
DS1.d23.s0.i4 -1.000000 -0.823753
DS1.d23.s0.i5 -1.000000 -0.856775
DS1.d22.s1.i0 1.000000 0.506504
DS1.d22.s0.i2 1.000000 0.702337
DS1.d22.s0.i1 1.000000 0.718967
DS1.d22.s0.i0 1.000000 0.709074
DS1.d21.s0.i0 1.000000 0.275148
DS1.d20.s0.i1 -1.000000 -0.586126
DS1.d20.s0.i0 -1.000000 -0.193210
DS1.d27.s0.i2 1.000000 0.531515
DS1.d27.s0.i0 1.000000 0.507664
DS1.d27.s0.i1 1.000000 0.553632
DS1.d27.s1.i1 1.000000 0.578442
DS1.d27.s1.i0 1.000000 0.578483
DS1.d27.s2.i0 1.000000 0.340114
DS1.d26.s0.i5 -1.000000 -0.627568
DS1.d26.s0.i4 -1.000000 -0.704955
DS1.d26.s0.i3 -1.000000 -0.577546
DS1.d26.s0.i2 -1.000000 -0.617627
DS1.d26.s0.i1 -1.000000 -0.641033
DS1.d26.s0.i0 -1.000000 -0.615730
DS1.d25.s0.i0 1.000000 0.669363
DS1.d25.s1.i0 -1.000000 0.306824
DS1.d24.s1.i0 1.000000 0.352184
DS1.d24.s0.i0 -1.000000 -0.549724
DS1.d29.s0.i10 -1.000000 -0.867327
DS1.d29.s0.i11 -1.000000 -0.901576
DS1.d29.s0.i8 -1.000000 -0.931282
DS1.d29.s0.i9 -1.000000 -1.049678
DS1.d29.s0.i4 -1.000000 -0.875903
DS1.d29.s0.i5 -1.000000 -0.820158
DS1.d29.s0.i6 -1.000000 -0.903720
DS1.d29.s0.i7 -1.000000 -0.966503
DS1.d29.s0.i0 -1.000000 -0.909819
DS1.d29.s0.i1 -1.000000 -0.846133
DS1.d29.s0.i2 -1.000000 -1.101671
DS1.d29.s0.i3 -1.000000 -0.901475
DS1.d671.s0.i2 1.000000 1.003771
DS1.d671.s0.i0 1.000000 0.859291
DS1.d671.s0.i1 1.000000 1.040623
DS1.d729.s0.i0 -1.000000 -0.037708
DS1.d670.s0.i1 1.000000 0.628907
DS1.d670.s0.i0 1.000000 0.527577
DS1.d583.s0.i0 1.000000 0.492105
DS1.d582.s0.i1 1.000000 0.551040
DS1.d582.s0.i0 1.000000 0.514855
DS1.d228.s0.i0 1.000000 0.716218
DS1.d228.s1.i1 1.000000 0.588220
DS1.d228.s1.i0 1.000000 0.567346
DS1.d229.s0.i0 1.000000 0.606987
DS1.d587.s0.i0 1.000000 0.676303
DS1.d586.s0.i0 1.000000 0.909270
DS1.d585.s0.i0 -1.000000 -0.405368
DS1.d585.s0.i1 -1.000000 -0.387659
DS1.d585.s0.i2 -1.000000 -0.432360
DS1.d584.s0.i0 -1.000000 0.043981
DS1.d222.s0.i0 1.000000 0.489604
DS1.d223.s1.i0 1.000000 0.303920
DS1.d223.s1.i1 -1.000000 0.261391
DS1.d223.s0.i1 -1.000000 -0.276457
DS1.d223.s0.i0 1.000000 0.238561
DS1.d220.s0.i0 -1.000000 -0.160365
DS1.d220.s0.i1 -1.000000 -0.560177
DS1.d220.s1.i1 1.000000 -0.115957
DS1.d220.s1.i0 -1.000000 -0.400630
DS1.d221.s0.i0 1.000000 0.839010
DS1.d226.s0.i0 1.000000 0.725566
DS1.d227.s0.i1 1.000000 0.561847
DS1.d227.s0.i0 1.000000 0.561847
DS1.d224.s0.i0 1.000000 0.762063
DS1.d224.s1.i0 1.000000 0.588033
DS1.d225.s1.i0 1.000000 0.605380
DS1.d225.s0.i0 1.000000 0.669643
DS1.d341.s0.i0 1.000000 0.890760
DS1.d341.s0.i1 1.000000 0.846990
DS1.d341.s1.i1 1.000000 0.637252
DS1.d341.s1.i0 1.000000 0.617720
DS1.d341.s2.i0 1.000000 0.569631
DS1.d341.s2.i1 1.000000 0.400191
DS1.d340.s0.i0 -1.000000 -0.238406
DS1.d343.s0.i0 1.000000 0.762926
DS1.d343.s0.i1 1.000000 0.762926
DS1.d342.s0.i1 -1.000000 -0.225907
DS1.d342.s0.i0 -1.000000 -0.225907
DS1.d617.s0.i0 1.000000 0.630754
DS1.d617.s1.i9 -1.000000 -0.722807
DS1.d617.s1.i8 -1.000000 -0.723881
DS1.d617.s1.i1 -1.000000 -0.631467
DS1.d617.s1.i0 -1.000000 -0.652964
DS1.d617.s1.i3 -1.000000 -0.684186
DS1.d617.s1.i2 -1.000000 -0.682290
DS1.d617.s1.i5 -1.000000 -0.662021
DS1.d617.s1.i4 -1.000000 -0.693515
DS1.d617.s1.i7 -1.000000 -0.691586
DS1.d617.s1.i6 -1.000000 -0.707472
DS1.d344.s0.i0 -1.000000 -0.028578
DS1.d347.s0.i0 1.000000 0.662277
DS1.d347.s1.i3 -1.000000 -0.669491
DS1.d347.s1.i2 -1.000000 -0.633389
DS1.d347.s1.i1 -1.000000 -0.705456
DS1.d347.s1.i0 -1.000000 -0.627606
DS1.d347.s1.i5 -1.000000 -0.598527
DS1.d347.s1.i4 -1.000000 -0.703354
DS1.d346.s1.i0 -1.000000 -0.070077
DS1.d346.s1.i1 -1.000000 -0.014423
DS1.d346.s0.i0 1.000000 0.559677
DS1.d349.s0.i0 -1.000000 0.012086
DS1.d348.s0.i0 -1.000000 -0.020647
DS1.d619.s0.i0 1.000000 0.487969
DS1.d618.s1.i0 1.000000 0.640239
DS1.d618.s0.i1 1.000000 0.855043
DS1.d618.s0.i0 1.000000 0.773391
DS1.d142.s0.i1 1.000000 0.576570
DS1.d142.s0.i0 1.000000 0.721305
DS1.d679.s0.i0 -1.000000 -0.107081
DS1.d678.s0.i3 -1.000000 -0.682971
DS1.d678.s0.i2 -1.000000 -0.499926
DS1.d678.s0.i1 -1.000000 -0.628754
DS1.d678.s0.i0 -1.000000 -0.528784
DS1.d797.s1.i0 1.000000 0.687620
DS1.d797.s1.i1 1.000000 0.626387
DS1.d797.s1.i2 1.000000 0.728624
DS1.d797.s0.i0 1.000000 0.460092
DS1.d794.s0.i0 1.000000 0.627967
DS1.d794.s0.i1 1.000000 0.573968
DS1.d538.s0.i0 1.000000 0.910699
DS1.d538.s1.i0 1.000000 0.409534
DS1.d539.s0.i1 -1.000000 -0.260894
DS1.d539.s0.i0 1.000000 0.291010
DS1.d537.s0.i2 -1.000000 -0.416082
DS1.d537.s0.i1 -1.000000 -0.434471
DS1.d537.s0.i0 -1.000000 -0.528708
DS1.d535.s0.i1 -1.000000 0.085611
DS1.d535.s0.i0 -1.000000 -0.022693
DS1.d532.s0.i0 -1.000000 0.074699
DS1.d533.s0.i1 1.000000 0.400096
DS1.d533.s0.i0 1.000000 0.499868
DS1.d531.s0.i1 1.000000 0.785983
DS1.d531.s0.i0 1.000000 0.675949
DS1.d531.s0.i3 1.000000 0.756281
DS1.d531.s0.i2 1.000000 0.598058
DS1.d531.s0.i4 1.000000 0.736594
DS1.d125.s0.i0 1.000000 1.005337
DS1.d125.s0.i1 1.000000 1.094203
DS1.d124.s0.i3 1.000000 0.797117
DS1.d124.s0.i2 1.000000 0.755128
DS1.d124.s0.i1 1.000000 0.836762
DS1.d124.s0.i0 1.000000 0.784644
DS1.d124.s0.i5 1.000000 0.786879
DS1.d124.s0.i4 1.000000 0.760247
DS1.d127.s0.i0 -1.000000 0.067200
DS1.d126.s0.i0 1.000000 0.893454
DS1.d121.s0.i0 1.000000 0.780306
DS1.d121.s0.i1 -1.000000 -0.097953
DS1.d121.s1.i1 1.000000 -0.026606
DS1.d121.s1.i0 -1.000000 0.044272
DS1.d121.s1.i3 1.000000 -0.028077
DS1.d121.s1.i2 -1.000000 0.065442
DS1.d121.s2.i0 1.000000 0.481223
DS1.d120.s0.i5 -1.000000 -0.589654
DS1.d120.s0.i4 -1.000000 -0.625313
DS1.d120.s0.i3 -1.000000 -0.686748
DS1.d120.s0.i2 -1.000000 -0.520062
DS1.d120.s0.i1 -1.000000 -0.473436
DS1.d120.s0.i0 -1.000000 -0.531818
DS1.d123.s0.i0 -1.000000 -0.345097
DS1.d122.s0.i0 1.000000 0.590359
DS1.d428.s0.i2 1.000000 0.731419
DS1.d428.s0.i3 1.000000 0.552015
DS1.d428.s0.i0 1.000000 0.566242
DS1.d428.s0.i1 1.000000 0.640936
DS1.d428.s1.i1 -1.000000 0.421592
DS1.d428.s1.i0 1.000000 0.317399
DS1.d428.s1.i3 -1.000000 0.220591
DS1.d428.s1.i2 1.000000 0.548287
DS1.d428.s2.i0 -1.000000 0.254927
DS1.d428.s2.i1 1.000000 0.365623
DS1.d129.s0.i0 1.000000 0.751121
DS1.d128.s0.i0 1.000000 0.275246
DS1.d429.s0.i1 -1.000000 -0.320913
DS1.d429.s0.i0 -1.000000 -0.052911
DS1.d478.s0.i0 1.000000 0.938862
DS1.d420.s0.i0 1.000000 0.556679
DS1.d420.s1.i0 1.000000 0.378052
DS1.d748.s0.i0 -1.000000 0.149583
DS1.d392.s0.i0 1.000000 0.708336
DS1.d393.s1.i0 -1.000000 -0.476585
DS1.d393.s1.i1 -1.000000 -0.370450
DS1.d393.s1.i2 -1.000000 -0.676263
DS1.d393.s1.i3 -1.000000 -0.590551
DS1.d393.s0.i3 -1.000000 -0.434320
DS1.d393.s0.i2 -1.000000 -0.478617
DS1.d393.s0.i1 -1.000000 -0.506339
DS1.d393.s0.i0 -1.000000 -0.463789
DS1.d390.s0.i4 -1.000000 -0.632609
DS1.d390.s0.i5 -1.000000 -0.453505
DS1.d390.s0.i0 -1.000000 -0.617827
DS1.d390.s0.i1 -1.000000 -0.639223
DS1.d390.s0.i2 -1.000000 -0.589535
DS1.d390.s0.i3 -1.000000 -0.597878
DS1.d391.s0.i1 1.000000 0.945393
DS1.d391.s0.i0 1.000000 0.839330
DS1.d396.s0.i0 -1.000000 0.280379
DS1.d397.s0.i2 1.000000 -0.183061
DS1.d397.s0.i1 -1.000000 -0.216565
DS1.d397.s0.i0 -1.000000 -0.068323
DS1.d394.s0.i0 1.000000 0.567532
DS1.d394.s0.i1 1.000000 0.772958
DS1.d395.s1.i0 1.000000 0.460350
DS1.d395.s0.i1 1.000000 0.701239
DS1.d395.s0.i0 1.000000 0.859079
DS1.d399.s0.i0 1.000000 0.770596
DS1.d150.s0.i0 1.000000 0.781174
DS1.d150.s0.i1 1.000000 0.781174
DS1.d152.s0.i0 1.000000 0.362077
DS1.d152.s0.i1 1.000000 0.263878
DS1.d152.s1.i0 1.000000 0.723874
DS1.d153.s0.i1 -1.000000 -0.277553
DS1.d153.s0.i0 -1.000000 -0.333101
DS1.d406.s0.i0 -1.000000 -0.424320
DS1.d407.s0.i0 -1.000000 0.248873
DS1.d156.s0.i0 -1.000000 0.276616
DS1.d156.s0.i1 -1.000000 0.352167
DS1.d157.s0.i0 1.000000 0.774628
DS1.d158.s0.i0 1.000000 0.627411
DS1.d158.s0.i1 1.000000 0.600654
DS1.d159.s0.i3 -1.000000 -0.870935
DS1.d159.s0.i2 -1.000000 -0.762705
DS1.d159.s0.i1 -1.000000 -0.747478
DS1.d159.s0.i0 -1.000000 -0.779960
DS1.d159.s0.i5 -1.000000 -0.895462
DS1.d159.s0.i4 -1.000000 -0.740774
DS1.d408.s0.i0 1.000000 0.811887
DS1.d408.s0.i1 1.000000 0.866529
DS1.d409.s0.i0 1.000000 0.622783
DS1.d144.s0.i0 -1.000000 0.242201
DS1.d206.s0.i4 1.000000 0.745577
DS1.d206.s0.i5 1.000000 0.711455
DS1.d206.s0.i6 1.000000 0.702893
DS1.d206.s0.i7 1.000000 0.756885
DS1.d206.s0.i0 1.000000 0.714858
DS1.d206.s0.i1 1.000000 0.768541
DS1.d206.s0.i2 1.000000 0.726469
DS1.d206.s0.i3 1.000000 0.761372
DS1.d781.s0.i0 1.000000 0.818987
DS1.d781.s1.i1 1.000000 0.774453
DS1.d781.s1.i0 1.000000 0.639243
DS1.d143.s0.i2 1.000000 0.574881
DS1.d143.s0.i3 1.000000 0.618421
DS1.d143.s0.i0 1.000000 0.586758
DS1.d143.s0.i1 1.000000 0.593629
DS1.d783.s0.i0 -1.000000 -0.251000
DS1.d782.s0.i0 1.000000 0.835037
DS1.d785.s0.i0 1.000000 0.817012
DS1.d785.s0.i1 1.000000 0.521728
DS1.d787.s0.i0 1.000000 0.837702
DS1.d787.s0.i1 1.000000 0.817230
DS1.d787.s1.i0 1.000000 1.002072
DS1.d786.s1.i0 1.000000 0.743688
DS1.d786.s0.i0 1.000000 0.777493
DS1.d789.s0.i0 1.000000 0.681576
DS1.d789.s0.i1 1.000000 0.681576
DS1.d788.s0.i39 -1.000000 -0.849821
DS1.d788.s0.i38 -1.000000 -0.935262
DS1.d788.s0.i35 -1.000000 -0.879858
DS1.d788.s0.i34 -1.000000 -1.007607
DS1.d788.s0.i37 -1.000000 -0.972793
DS1.d788.s0.i36 -1.000000 -0.909567
DS1.d788.s0.i31 -1.000000 -0.958201
DS1.d788.s0.i30 -1.000000 -0.990722
DS1.d788.s0.i33 -1.000000 -0.955712
DS1.d788.s0.i32 -1.000000 -0.860554
DS1.d788.s0.i13 -1.000000 -0.889012
DS1.d788.s0.i12 -1.000000 -0.989918
DS1.d788.s0.i11 -1.000000 -0.952140
DS1.d788.s0.i10 -1.000000 -0.910319
DS1.d788.s0.i17 -1.000000 -0.963812
DS1.d788.s0.i16 -1.000000 -0.993344
DS1.d788.s0.i15 -1.000000 -0.959744
DS1.d788.s0.i14 -1.000000 -0.938919
DS1.d788.s0.i19 -1.000000 -0.895379
DS1.d788.s0.i18 -1.000000 -0.994178
DS1.d788.s0.i9 -1.000000 -0.993056
DS1.d788.s0.i8 -1.000000 -0.950618
DS1.d788.s0.i3 -1.000000 -1.013713
DS1.d788.s0.i2 -1.000000 -0.974201
DS1.d788.s0.i1 -1.000000 -0.953916
DS1.d788.s0.i0 -1.000000 -0.938445
DS1.d788.s0.i7 -1.000000 -0.933860
DS1.d788.s0.i6 -1.000000 -1.009717
DS1.d788.s0.i5 -1.000000 -0.852251
DS1.d788.s0.i4 -1.000000 -0.921144
DS1.d788.s0.i28 -1.000000 -0.942843
DS1.d788.s0.i29 -1.000000 -0.986445
DS1.d788.s0.i22 -1.000000 -0.895368
DS1.d788.s0.i23 -1.000000 -0.939245
DS1.d788.s0.i20 -1.000000 -0.948265
DS1.d788.s0.i21 -1.000000 -0.942846
DS1.d788.s0.i26 -1.000000 -0.934234
DS1.d788.s0.i27 -1.000000 -0.837406
DS1.d788.s0.i24 -1.000000 -0.908244
DS1.d788.s0.i25 -1.000000 -1.002678
DS1.d141.s2.i0 1.000000 0.284124
DS1.d141.s0.i0 -1.000000 0.260641
DS1.d141.s1.i1 1.000000 0.803540
DS1.d141.s1.i0 1.000000 0.613751
DS1.d140.s0.i1 1.000000 0.702909
DS1.d140.s0.i0 1.000000 0.732047
DS1.d140.s0.i2 1.000000 0.720196
DS1.d58.s2.i0 1.000000 0.773514
DS1.d58.s3.i0 1.000000 0.548974
DS1.d58.s0.i0 -1.000000 0.024938
DS1.d58.s1.i1 1.000000 0.420831
DS1.d58.s1.i0 1.000000 0.239152
DS1.d147.s0.i2 -1.000000 -0.524366
DS1.d147.s0.i3 -1.000000 -0.164624
DS1.d147.s0.i0 -1.000000 -0.453974
DS1.d147.s0.i1 -1.000000 -0.246337
DS1.d59.s0.i28 -1.000000 -0.981751
DS1.d59.s0.i29 -1.000000 -0.961458
DS1.d59.s0.i24 -1.000000 -0.962194
DS1.d59.s0.i25 -1.000000 -0.895094
DS1.d59.s0.i26 -1.000000 -0.937944
DS1.d59.s0.i27 -1.000000 -0.929445
DS1.d59.s0.i20 -1.000000 -0.979081
DS1.d59.s0.i21 -1.000000 -0.974718
DS1.d59.s0.i22 -1.000000 -0.993337
DS1.d59.s0.i23 -1.000000 -1.024351
DS1.d59.s0.i44 -1.000000 -0.931917
DS1.d59.s0.i42 -1.000000 -0.933079
DS1.d59.s0.i43 -1.000000 -0.942533
DS1.d59.s0.i40 -1.000000 -0.928455
DS1.d59.s0.i41 -1.000000 -0.934044
DS1.d59.s0.i39 -1.000000 -1.006060
DS1.d59.s0.i38 -1.000000 -0.986519
DS1.d59.s0.i33 -1.000000 -0.977395
DS1.d59.s0.i32 -1.000000 -1.015289
DS1.d59.s0.i31 -1.000000 -0.923404
DS1.d59.s0.i30 -1.000000 -0.942687
DS1.d59.s0.i37 -1.000000 -1.024985
DS1.d59.s0.i36 -1.000000 -0.984035
DS1.d59.s0.i35 -1.000000 -0.958147
DS1.d59.s0.i34 -1.000000 -0.946831
DS1.d59.s0.i11 -1.000000 -0.924105
DS1.d59.s0.i10 -1.000000 -0.929056
DS1.d59.s0.i13 -1.000000 -0.960891
DS1.d59.s0.i12 -1.000000 -0.887239
DS1.d59.s0.i15 -1.000000 -0.884933
DS1.d59.s0.i14 -1.000000 -1.010447
DS1.d59.s0.i17 -1.000000 -0.901402
DS1.d59.s0.i16 -1.000000 -0.951901
DS1.d59.s0.i19 -1.000000 -0.872667
DS1.d59.s0.i18 -1.000000 -0.970961
DS1.d59.s0.i9 -1.000000 -0.942228
DS1.d59.s0.i8 -1.000000 -0.997058
DS1.d59.s0.i1 -1.000000 -0.958292
DS1.d59.s0.i0 -1.000000 -0.963097
DS1.d59.s0.i3 -1.000000 -0.942473
DS1.d59.s0.i2 -1.000000 -0.904140
DS1.d59.s0.i5 -1.000000 -0.878789
DS1.d59.s0.i4 -1.000000 -0.993357
DS1.d59.s0.i7 -1.000000 -0.995713
DS1.d59.s0.i6 -1.000000 -0.996051
DS1.d146.s0.i1 1.000000 0.745138
DS1.d146.s0.i0 1.000000 0.715875
DS1.d309.s0.i0 1.000000 0.797230
DS1.d309.s1.i1 -1.000000 -0.408718
DS1.d309.s1.i0 -1.000000 -0.374336
DS1.d309.s1.i2 -1.000000 -0.348403
DS1.d309.s2.i0 1.000000 0.519998
DS1.d309.s2.i1 1.000000 0.494326
DS1.d308.s3.i0 1.000000 1.223424
DS1.d308.s3.i1 1.000000 1.249830
DS1.d308.s2.i0 1.000000 0.597911
DS1.d308.s1.i0 1.000000 0.768380
DS1.d308.s1.i1 1.000000 0.783442
DS1.d308.s1.i2 1.000000 0.736824
DS1.d308.s0.i1 1.000000 0.795452
DS1.d308.s0.i0 1.000000 0.673780
DS1.d308.s5.i0 1.000000 0.908176
DS1.d308.s5.i1 1.000000 0.908176
DS1.d308.s4.i1 1.000000 0.962821
DS1.d308.s4.i0 1.000000 0.962821
DS1.d659.s0.i0 1.000000 1.017760
DS1.d305.s0.i2 1.000000 0.681383
DS1.d305.s0.i3 1.000000 0.635011
DS1.d305.s0.i0 1.000000 0.681278
DS1.d305.s0.i1 1.000000 0.637556
DS1.d304.s0.i0 -1.000000 0.432952
DS1.d307.s0.i0 1.000000 0.526544
DS1.d307.s1.i0 1.000000 0.653841
DS1.d306.s1.i2 1.000000 0.912294
DS1.d306.s1.i3 1.000000 0.896124
DS1.d306.s1.i0 1.000000 0.854414
DS1.d306.s1.i1 1.000000 0.863648
DS1.d306.s1.i4 1.000000 0.856168
DS1.d306.s1.i5 1.000000 0.880713
DS1.d306.s0.i1 -1.000000 -0.028036
DS1.d306.s0.i0 1.000000 0.484735
DS1.d306.s3.i0 1.000000 0.151406
DS1.d306.s2.i0 -1.000000 0.063274
DS1.d306.s4.i1 1.000000 0.332755
DS1.d306.s4.i0 1.000000 0.285307
DS1.d301.s0.i0 1.000000 0.561398
DS1.d301.s0.i1 1.000000 0.535561
DS1.d300.s1.i0 -1.000000 -0.188170
DS1.d300.s0.i0 1.000000 0.560543
DS1.d303.s0.i0 1.000000 0.308607
DS1.d303.s0.i1 -1.000000 -0.102737
DS1.d302.s0.i0 1.000000 0.593999
DS1.d716.s0.i2 1.000000 0.880938
DS1.d716.s0.i3 1.000000 0.883249
DS1.d716.s0.i0 1.000000 0.893834
DS1.d716.s0.i1 -1.000000 0.133910
DS1.d717.s0.i0 1.000000 0.779332
DS1.d714.s2.i0 -1.000000 -0.220242
DS1.d714.s0.i0 -1.000000 -0.394320
DS1.d714.s0.i1 -1.000000 -0.358858
DS1.d714.s1.i0 -1.000000 -0.239020
DS1.d715.s0.i0 1.000000 0.585643
DS1.d499.s0.i0 1.000000 0.049622
DS1.d499.s0.i1 1.000000 0.002913
DS1.d498.s0.i1 1.000000 0.852368
DS1.d498.s0.i0 1.000000 0.852368
DS1.d710.s0.i0 -1.000000 0.116350
DS1.d711.s0.i0 -1.000000 0.168876
DS1.d495.s0.i0 1.000000 0.625004
DS1.d494.s0.i1 1.000000 1.009171
DS1.d494.s0.i0 1.000000 0.934716
DS1.d497.s0.i0 1.000000 0.703582
DS1.d497.s1.i1 1.000000 0.496778
DS1.d497.s1.i0 1.000000 0.427129
DS1.d490.s0.i1 1.000000 0.668942
DS1.d490.s0.i0 1.000000 0.668942
DS1.d718.s2.i2 1.000000 0.333457
DS1.d718.s2.i3 1.000000 0.355909
DS1.d718.s2.i0 1.000000 0.341557
DS1.d718.s2.i1 1.000000 0.468935
DS1.d718.s0.i0 -1.000000 -0.492991
DS1.d718.s0.i1 -1.000000 -0.367334
DS1.d718.s1.i3 -1.000000 -1.002702
DS1.d718.s1.i2 -1.000000 -0.966242
DS1.d718.s1.i1 -1.000000 -0.960005
DS1.d718.s1.i0 -1.000000 -1.013023
DS1.d718.s1.i7 -1.000000 -0.919625
DS1.d718.s1.i6 -1.000000 -0.935758
DS1.d718.s1.i5 -1.000000 -1.016309
DS1.d718.s1.i4 -1.000000 -0.991666
DS1.d718.s1.i9 -1.000000 -0.998953
DS1.d718.s1.i8 -1.000000 -1.019314
DS1.d718.s1.i19 -1.000000 -1.024946
DS1.d718.s1.i18 -1.000000 -0.946561
DS1.d718.s1.i13 -1.000000 -0.959791
DS1.d718.s1.i12 -1.000000 -1.007625
DS1.d718.s1.i11 -1.000000 -0.971046
DS1.d718.s1.i10 -1.000000 -0.896440
DS1.d718.s1.i17 -1.000000 -0.990300
DS1.d718.s1.i16 -1.000000 -0.954902
DS1.d718.s1.i15 -1.000000 -0.980966
DS1.d718.s1.i14 -1.000000 -0.965075
DS1.d492.s1.i2 1.000000 0.720024
DS1.d492.s1.i0 1.000000 0.618093
DS1.d492.s1.i1 1.000000 0.754212
DS1.d492.s0.i1 -1.000000 0.185167
DS1.d492.s0.i0 1.000000 0.412228
DS1.d492.s3.i0 -1.000000 -0.247348
DS1.d492.s2.i0 1.000000 0.676865
DS1.d78.s0.i0 -1.000000 0.018014
DS1.d78.s1.i0 -1.000000 -0.034176
DS1.d79.s0.i0 -1.000000 0.479114
DS1.d74.s0.i0 1.000000 0.617486
DS1.d75.s0.i0 -1.000000 -0.380943
DS1.d76.s0.i0 1.000000 0.497285
DS1.d76.s0.i1 1.000000 0.521306
DS1.d76.s0.i2 1.000000 0.515218
DS1.d76.s0.i3 1.000000 0.504351
DS1.d76.s1.i3 1.000000 0.482310
DS1.d76.s1.i2 1.000000 0.752501
DS1.d76.s1.i1 1.000000 0.462785
DS1.d76.s1.i0 1.000000 0.784420
DS1.d77.s0.i1 -1.000000 0.372927
DS1.d77.s0.i0 1.000000 0.317948
DS1.d70.s0.i0 1.000000 0.470694
DS1.d70.s0.i1 1.000000 0.559394
DS1.d70.s1.i1 1.000000 0.642759
DS1.d70.s1.i0 1.000000 0.779762
DS1.d70.s1.i3 1.000000 0.755106
DS1.d70.s1.i2 1.000000 0.649347
DS1.d71.s0.i0 1.000000 0.439475
DS1.d73.s0.i1 -1.000000 -0.774130
DS1.d73.s0.i0 -1.000000 -0.674226
DS1.d578.s0.i0 1.000000 0.897947
DS1.d578.s0.i1 1.000000 0.826858
DS1.d578.s0.i2 1.000000 0.778141
DS1.d579.s0.i1 -1.000000 -0.409386
DS1.d579.s0.i0 -1.000000 -0.422866
DS1.d579.s0.i3 -1.000000 -0.452200
DS1.d579.s0.i2 -1.000000 -0.461917
DS1.d572.s0.i0 -1.000000 -0.057539
DS1.d572.s0.i1 -1.000000 -0.118559
DS1.d573.s0.i3 1.000000 0.793156
DS1.d573.s0.i2 1.000000 0.849880
DS1.d573.s0.i1 1.000000 0.815060
DS1.d573.s0.i0 1.000000 0.823935
DS1.d570.s2.i0 1.000000 0.848598
DS1.d570.s3.i0 1.000000 0.701094
DS1.d570.s0.i0 1.000000 0.957934
DS1.d570.s1.i0 1.000000 0.576426
DS1.d571.s0.i0 -1.000000 -0.415285
DS1.d576.s0.i2 1.000000 0.492802
DS1.d576.s0.i0 1.000000 0.579889
DS1.d576.s0.i1 -1.000000 -0.076333
DS1.d576.s1.i1 1.000000 0.305055
DS1.d576.s1.i0 -1.000000 0.361562
DS1.d576.s2.i0 1.000000 0.469131
DS1.d576.s2.i1 1.000000 0.534633
DS1.d574.s0.i0 -1.000000 -0.630399
DS1.d574.s0.i1 -1.000000 -0.665797
DS1.d574.s0.i2 -1.000000 -0.597909
DS1.d574.s0.i3 -1.000000 -0.572454
DS1.d575.s1.i0 1.000000 0.522213
DS1.d575.s1.i1 1.000000 0.556978
DS1.d575.s0.i0 1.000000 0.690527
DS1.d575.s2.i0 -1.000000 -0.019950
DS1.d271.s0.i0 1.000000 0.257332
DS1.d271.s1.i0 1.000000 0.074828
DS1.d271.s2.i0 -1.000000 -0.070996
DS1.d379.s0.i1 -1.000000 -0.509505
DS1.d379.s0.i0 -1.000000 -0.480093
DS1.d273.s0.i0 1.000000 0.973679
DS1.d273.s1.i1 1.000000 0.462093
DS1.d273.s1.i0 1.000000 0.111480
DS1.d272.s1.i2 1.000000 0.416396
DS1.d272.s1.i0 1.000000 0.390490
DS1.d272.s1.i1 1.000000 0.510956
DS1.d272.s0.i1 1.000000 0.663827
DS1.d272.s0.i0 1.000000 0.576613
DS1.d272.s0.i2 1.000000 0.597930
DS1.d272.s3.i0 1.000000 0.436230
DS1.d272.s2.i0 1.000000 0.637310
DS1.d272.s4.i0 -1.000000 -0.299250
DS1.d275.s0.i0 1.000000 0.104327
DS1.d275.s0.i1 -1.000000 0.062724
DS1.d274.s0.i0 1.000000 0.571434
DS1.d277.s0.i0 1.000000 0.583185
DS1.d276.s0.i1 -1.000000 -0.233146
DS1.d276.s0.i0 -1.000000 -0.373286
DS1.d276.s0.i2 -1.000000 -0.280732
DS1.d279.s0.i0 1.000000 0.840024
DS1.d279.s1.i1 -1.000000 0.040225
DS1.d279.s1.i0 1.000000 0.412866
DS1.d279.s2.i0 1.000000 0.777788
DS1.d279.s2.i1 -1.000000 0.443378
DS1.d279.s3.i1 -1.000000 0.070688
DS1.d279.s3.i0 1.000000 0.687838
DS1.d279.s4.i0 1.000000 0.759166
DS1.d279.s5.i0 1.000000 0.559243
DS1.d279.s6.i0 -1.000000 -0.617671
DS1.d279.s6.i1 -1.000000 -0.617671
DS1.d279.s6.i2 -1.000000 -0.653164
DS1.d279.s7.i2 -1.000000 0.065988
DS1.d279.s7.i1 -1.000000 -0.008442
DS1.d279.s7.i0 1.000000 0.438801
DS1.d279.s8.i0 -1.000000 -0.346147
DS1.d279.s8.i1 -1.000000 -0.440522
DS1.d279.s9.i1 1.000000 0.373729
DS1.d279.s9.i0 1.000000 1.068345
DS1.d278.s0.i3 1.000000 0.812210
DS1.d278.s0.i2 1.000000 0.786906
DS1.d278.s0.i1 1.000000 0.786906
DS1.d278.s0.i0 1.000000 0.812210
DS1.d372.s0.i0 1.000000 0.635864
DS1.d372.s0.i1 1.000000 0.702893
DS1.d372.s1.i3 -1.000000 0.064926
DS1.d372.s1.i2 1.000000 0.328345
DS1.d372.s1.i1 -1.000000 0.068250
DS1.d372.s1.i0 1.000000 0.330226
DS1.d373.s0.i0 -1.000000 0.144205
DS1.d374.s0.i0 1.000000 0.653412
DS1.d374.s1.i1 1.000000 1.050121
DS1.d374.s1.i0 1.000000 1.109433
DS1.d375.s3.i2 1.000000 0.638220
DS1.d375.s3.i3 1.000000 1.136117
DS1.d375.s3.i0 1.000000 1.136117
DS1.d375.s3.i1 1.000000 0.638220
DS1.d375.s2.i0 1.000000 1.033161
DS1.d375.s1.i0 1.000000 0.852736
DS1.d375.s0.i2 1.000000 1.014802
DS1.d375.s0.i1 1.000000 0.970065
DS1.d375.s0.i0 1.000000 1.007630
DS1.d375.s5.i0 1.000000 0.825114
DS1.d375.s5.i1 1.000000 0.934251
DS1.d375.s5.i2 1.000000 0.855414
DS1.d375.s5.i3 1.000000 0.802151
DS1.d375.s4.i1 1.000000 0.935581
DS1.d375.s4.i0 1.000000 1.000004
DS1.d376.s0.i0 -1.000000 0.235747
DS1.d376.s0.i1 1.000000 0.814843
DS1.d376.s1.i2 -1.000000 -0.560169
DS1.d376.s1.i1 -1.000000 -0.341587
DS1.d376.s1.i0 -1.000000 -0.534697
DS1.d377.s1.i0 1.000000 0.483765
DS1.d377.s1.i1 1.000000 0.494870
DS1.d377.s0.i1 1.000000 0.720395
DS1.d377.s0.i0 1.000000 0.623252
DS1.d377.s0.i2 1.000000 0.657633
DS1.d540.s1.i0 -1.000000 -0.013894
DS1.d540.s0.i0 1.000000 0.996758
DS1.d549.s2.i0 1.000000 0.764493
DS1.d549.s2.i1 1.000000 0.929488
DS1.d549.s3.i1 1.000000 0.141618
DS1.d549.s3.i0 -1.000000 -0.270182
DS1.d549.s3.i2 -1.000000 -0.004636
DS1.d549.s0.i0 -1.000000 -0.547435
DS1.d549.s0.i1 -1.000000 -0.591238
DS1.d549.s0.i2 -1.000000 -0.559769
DS1.d549.s1.i1 -1.000000 -0.291784
DS1.d549.s1.i0 1.000000 -0.100205
DS1.d548.s0.i1 -1.000000 -0.380858
DS1.d548.s0.i0 -1.000000 -0.425075
DS1.d118.s0.i0 1.000000 0.354484
DS1.d118.s1.i0 1.000000 0.330006
DS1.d118.s2.i0 1.000000 1.031781
DS1.d119.s0.i2 -1.000000 -0.445764
DS1.d119.s0.i1 -1.000000 -0.506845
DS1.d119.s0.i0 -1.000000 -0.441546
DS1.d114.s0.i0 1.000000 0.639382
DS1.d115.s0.i1 1.000000 0.294898
DS1.d115.s0.i0 -1.000000 -0.132246
DS1.d116.s0.i0 1.000000 0.719778
DS1.d116.s0.i1 1.000000 0.712515
DS1.d116.s0.i2 1.000000 0.795867
DS1.d117.s1.i0 1.000000 0.083570
DS1.d117.s1.i1 -1.000000 -0.080810
DS1.d117.s0.i0 1.000000 0.213742
DS1.d117.s3.i0 1.000000 0.587062
DS1.d117.s3.i1 1.000000 0.720857
DS1.d117.s3.i2 1.000000 0.697296
DS1.d117.s3.i3 1.000000 0.773354
DS1.d117.s2.i3 -1.000000 0.059297
DS1.d117.s2.i2 -1.000000 0.136304
DS1.d117.s2.i1 1.000000 -0.088777
DS1.d117.s2.i0 1.000000 0.097846
DS1.d110.s0.i0 1.000000 0.863964
DS1.d111.s0.i5 1.000000 0.533782
DS1.d111.s0.i4 -1.000000 0.128260
DS1.d111.s0.i3 1.000000 0.347249
DS1.d111.s0.i2 1.000000 0.541005
DS1.d111.s0.i1 -1.000000 -0.208310
DS1.d111.s0.i0 1.000000 0.368215
DS1.d112.s0.i0 -1.000000 -0.221156
DS1.d113.s0.i1 -1.000000 -0.252348
DS1.d113.s0.i0 -1.000000 -0.252348
DS1.d217.s0.i0 -1.000000 0.386770
DS1.d217.s1.i1 -1.000000 -0.050402
DS1.d217.s1.i0 -1.000000 -0.106610
DS1.d216.s3.i0 1.000000 0.575326
DS1.d216.s3.i1 1.000000 0.585375
DS1.d216.s2.i0 1.000000 0.138316
DS1.d216.s1.i0 1.000000 0.497035
DS1.d216.s0.i1 1.000000 0.617945
DS1.d216.s0.i0 -1.000000 0.666800
DS1.d215.s0.i0 -1.000000 -0.692715
DS1.d215.s0.i1 -1.000000 -0.682519
DS1.d215.s0.i2 -1.000000 -0.604105
DS1.d215.s0.i3 -1.000000 -0.581736
DS1.d215.s1.i0 -1.000000 -0.463337
DS1.d214.s0.i1 1.000000 0.771306
DS1.d214.s0.i0 1.000000 0.718270
DS1.d213.s0.i0 -1.000000 0.560703
DS1.d213.s1.i0 1.000000 0.367773
DS1.d212.s0.i0 -1.000000 0.024628
DS1.d606.s0.i0 -1.000000 -0.361018
DS1.d359.s0.i1 -1.000000 0.335307
DS1.d359.s0.i0 1.000000 0.451383
DS1.d356.s0.i0 1.000000 0.409603
DS1.d357.s0.i1 1.000000 1.051885
DS1.d357.s0.i0 1.000000 0.636683
DS1.d459.s0.i2 -1.000000 -0.535587
DS1.d459.s0.i3 -1.000000 -0.533860
DS1.d459.s0.i0 -1.000000 -0.479151
DS1.d459.s0.i1 -1.000000 -0.569775
DS1.d458.s4.i0 1.000000 0.468867
DS1.d458.s3.i0 1.000000 0.696460
DS1.d458.s2.i0 -1.000000 -0.345390
DS1.d458.s1.i0 1.000000 0.606254
DS1.d458.s0.i0 1.000000 0.901799
DS1.d750.s0.i0 1.000000 0.906881
DS1.d751.s0.i0 1.000000 0.513511
DS1.d756.s0.i0 1.000000 0.617107
DS1.d756.s0.i1 1.000000 0.548252
DS1.d757.s1.i0 1.000000 0.566927
DS1.d757.s0.i0 1.000000 0.485561
DS1.d754.s0.i0 1.000000 0.706928
DS1.d754.s0.i1 1.000000 0.652347
DS1.d754.s0.i2 1.000000 0.782565
DS1.d755.s0.i1 1.000000 0.470504
DS1.d755.s0.i0 1.000000 0.535553
DS1.d451.s0.i0 1.000000 0.281871
DS1.d451.s1.i0 -1.000000 -0.193419
DS1.d450.s1.i0 1.000000 0.381567
DS1.d450.s1.i1 -1.000000 0.024006
DS1.d450.s0.i0 1.000000 0.639285
DS1.d453.s0.i0 1.000000 0.260635
DS1.d455.s0.i0 1.000000 0.146193
DS1.d455.s0.i1 1.000000 0.158911
DS1.d457.s0.i0 1.000000 0.972581
DS1.d457.s1.i3 1.000000 0.847868
DS1.d457.s1.i2 1.000000 0.727157
DS1.d457.s1.i1 1.000000 0.691809
DS1.d457.s1.i0 1.000000 0.791044
DS1.d456.s0.i1 1.000000 0.695103
DS1.d456.s0.i0 1.000000 0.792256
DS1.d456.s0.i3 1.000000 0.719779
DS1.d456.s0.i2 1.000000 0.821200
DS1.d456.s0.i5 1.000000 0.771043
DS1.d456.s0.i4 1.000000 0.710992
DS1.d8.s0.i0 1.000000 0.689879
DS1.d186.s0.i2 1.000000 0.656438
DS1.d186.s0.i1 1.000000 0.604235
DS1.d186.s0.i0 1.000000 0.659239
DS1.d185.s0.i0 1.000000 0.334598
DS1.d185.s0.i1 1.000000 0.373288
DS1.d185.s1.i0 1.000000 0.630135
DS1.d184.s1.i0 1.000000 0.464153
DS1.d184.s0.i5 1.000000 0.700856
DS1.d184.s0.i4 1.000000 0.756211
DS1.d184.s0.i1 1.000000 0.743197
DS1.d184.s0.i0 1.000000 0.782106
DS1.d184.s0.i3 1.000000 0.769480
DS1.d184.s0.i2 1.000000 0.712337
DS1.d184.s2.i1 1.000000 0.650033
DS1.d184.s2.i0 1.000000 0.623816
DS1.d183.s0.i2 -1.000000 -0.230538
DS1.d183.s0.i0 -1.000000 -0.313514
DS1.d183.s0.i1 -1.000000 -0.302854
DS1.d182.s1.i0 -1.000000 -0.159574
DS1.d182.s0.i0 -1.000000 -0.307008
DS1.d181.s0.i0 1.000000 0.558887
DS1.d0.s0.i0 1.000000 1.005923
DS1.d0.s1.i1 1.000000 0.190875
DS1.d0.s1.i0 -1.000000 -0.106687
DS1.d1.s0.i0 1.000000 0.713526
DS1.d2.s0.i0 1.000000 -0.118722
DS1.d3.s1.i0 1.000000 0.613971
DS1.d3.s1.i1 1.000000 0.752905
DS1.d3.s0.i1 1.000000 0.994023
DS1.d3.s0.i0 1.000000 0.695882
DS1.d3.s0.i2 1.000000 0.994023
DS1.d4.s0.i0 1.000000 0.493746
DS1.d4.s0.i1 1.000000 0.516072
DS1.d5.s0.i2 1.000000 0.636403
DS1.d5.s0.i1 1.000000 0.613201
DS1.d5.s0.i0 1.000000 0.631282
DS1.d189.s0.i0 -1.000000 0.448946
DS1.d188.s0.i1 -1.000000 -0.432799
DS1.d188.s0.i0 -1.000000 -0.407297
DS1.d30.s0.i2 -1.000000 -0.462137
DS1.d30.s0.i0 -1.000000 -0.312761
DS1.d30.s0.i1 -1.000000 -0.462137
DS1.d31.s0.i0 1.000000 1.031380
DS1.d32.s0.i0 1.000000 0.635131
DS1.d33.s0.i1 1.000000 0.613136
DS1.d33.s0.i0 1.000000 0.973801
DS1.d34.s0.i0 1.000000 0.443934
DS1.d34.s0.i1 1.000000 0.497824
DS1.d35.s0.i0 1.000000 0.845572
DS1.d36.s2.i0 1.000000 0.608390
DS1.d36.s2.i1 1.000000 0.856230
DS1.d36.s0.i0 1.000000 1.222951
DS1.d36.s1.i0 1.000000 0.685374
DS1.d37.s1.i0 -1.000000 -0.357553
DS1.d37.s0.i0 1.000000 0.211502
DS1.d37.s2.i2 -1.000000 -0.747180
DS1.d37.s2.i1 1.000000 0.024381
DS1.d37.s2.i0 -1.000000 -0.544882
DS1.d38.s0.i0 1.000000 0.627697
DS1.d38.s1.i1 1.000000 0.985357
DS1.d38.s1.i0 1.000000 1.068163
DS1.d38.s2.i0 1.000000 1.110797
DS1.d38.s3.i0 -1.000000 -0.252139
DS1.d796.s0.i2 -1.000000 -0.739435
DS1.d796.s0.i3 -1.000000 -0.739435
DS1.d796.s0.i0 -1.000000 -0.739435
DS1.d796.s0.i1 -1.000000 -0.657621
DS1.d796.s0.i4 -1.000000 -0.657621
DS1.d796.s0.i5 -1.000000 -0.739435
DS1.d796.s1.i1 1.000000 0.375424
DS1.d796.s1.i0 1.000000 0.526822
DS1.d796.s1.i2 1.000000 0.403768
DS1.d637.s0.i0 1.000000 0.697276
DS1.d327.s0.i0 1.000000 1.200391
DS1.d239.s0.i0 1.000000 0.763947
DS1.d239.s0.i1 1.000000 1.039651
DS1.d239.s1.i0 1.000000 0.745081
DS1.d239.s2.i0 1.000000 0.757005
DS1.d239.s2.i1 1.000000 0.791023
DS1.d239.s2.i2 1.000000 0.768956
DS1.d238.s0.i0 -1.000000 0.329378
DS1.d326.s0.i1 -1.000000 0.186435
DS1.d326.s0.i0 1.000000 0.203966
DS1.d235.s0.i0 1.000000 0.919339
DS1.d235.s1.i1 1.000000 0.566070
DS1.d235.s1.i0 1.000000 0.641205
DS1.d234.s0.i0 1.000000 0.904979
DS1.d237.s0.i4 1.000000 0.800006
DS1.d237.s0.i5 1.000000 0.781910
DS1.d237.s0.i6 1.000000 0.886141
DS1.d237.s0.i7 1.000000 0.883019
DS1.d237.s0.i0 1.000000 0.842205
DS1.d237.s0.i1 1.000000 0.913726
DS1.d237.s0.i2 1.000000 0.820959
DS1.d237.s0.i3 1.000000 0.933449
DS1.d237.s0.i8 1.000000 0.849563
DS1.d237.s0.i9 1.000000 0.800617
DS1.d237.s0.i12 1.000000 0.819803
DS1.d237.s0.i13 1.000000 0.767264
DS1.d237.s0.i10 1.000000 0.765958
DS1.d237.s0.i11 1.000000 0.771146
DS1.d236.s0.i1 -1.000000 -0.571857
DS1.d236.s0.i0 -1.000000 -0.389597
DS1.d236.s0.i2 -1.000000 -0.638398
DS1.d231.s0.i0 -1.000000 -0.148727
DS1.d230.s0.i3 1.000000 0.795650
DS1.d230.s0.i2 1.000000 0.790884
DS1.d230.s0.i1 1.000000 0.794371
DS1.d230.s0.i0 1.000000 0.789994
DS1.d233.s0.i0 1.000000 0.809761
DS1.d232.s1.i2 1.000000 0.728662
DS1.d232.s1.i3 1.000000 0.799676
DS1.d232.s1.i0 1.000000 0.761239
DS1.d232.s1.i1 1.000000 0.772586
DS1.d232.s0.i1 1.000000 0.748545
DS1.d232.s0.i0 1.000000 0.729391
DS1.d232.s0.i3 1.000000 0.777468
DS1.d232.s0.i2 1.000000 0.735947
DS1.d232.s0.i5 1.000000 0.799923
DS1.d232.s0.i4 1.000000 0.835251
DS1.d232.s2.i0 -1.000000 -0.212045
DS1.d626.s0.i0 1.000000 0.998052
DS1.d626.s1.i0 1.000000 0.806772
DS1.d626.s2.i0 1.000000 1.085892
DS1.d626.s3.i0 1.000000 0.868141
DS1.d335.s0.i0 1.000000 0.573883
DS1.d336.s0.i0 1.000000 0.675876
DS1.d337.s0.i1 1.000000 0.853587
DS1.d337.s0.i0 1.000000 0.786899
DS1.d330.s0.i0 1.000000 0.729761
DS1.d330.s0.i1 1.000000 0.729761
DS1.d623.s3.i0 1.000000 0.422310
DS1.d623.s3.i1 1.000000 0.876983
DS1.d623.s2.i1 1.000000 0.883943
DS1.d623.s2.i0 1.000000 0.888024
DS1.d623.s2.i3 1.000000 0.875296
DS1.d623.s2.i2 1.000000 0.822474
DS1.d623.s1.i0 1.000000 1.123067
DS1.d623.s1.i1 1.000000 0.954168
DS1.d623.s0.i1 1.000000 0.820335
DS1.d623.s0.i0 1.000000 0.718517
DS1.d623.s4.i3 -1.000000 0.051073
DS1.d623.s4.i2 -1.000000 0.067158
DS1.d623.s4.i1 1.000000 0.448476
DS1.d623.s4.i0 1.000000 0.216919
DS1.d620.s0.i20 -1.000000 -0.997746
DS1.d620.s0.i11 -1.000000 -1.012065
DS1.d620.s0.i15 -1.000000 -0.960489
DS1.d620.s0.i10 -1.000000 -0.803296
DS1.d620.s0.i16 -1.000000 -0.949769
DS1.d620.s0.i12 -1.000000 -0.976612
DS1.d620.s0.i17 -1.000000 -0.798820
DS1.d620.s0.i8 -1.000000 -0.819808
DS1.d620.s0.i9 -1.000000 -0.946048
DS1.d620.s0.i18 -1.000000 -0.812428
DS1.d620.s0.i19 -1.000000 -1.023282
DS1.d620.s0.i14 -1.000000 -1.019274
DS1.d620.s0.i13 -1.000000 -0.817713
DS1.d620.s0.i0 -1.000000 -0.843894
DS1.d620.s0.i1 -1.000000 -0.980696
DS1.d620.s0.i2 -1.000000 -0.988625
DS1.d620.s0.i3 -1.000000 -0.961047
DS1.d620.s0.i4 -1.000000 -0.975065
DS1.d620.s0.i5 -1.000000 -0.790833
DS1.d620.s0.i6 -1.000000 -1.017601
DS1.d620.s0.i7 -1.000000 -0.995730
DS1.d620.s1.i0 -1.000000 0.104574
DS1.d333.s0.i0 1.000000 0.547006
DS1.d338.s0.i0 1.000000 0.704111
DS1.d338.s0.i1 1.000000 0.760015
DS1.d339.s0.i1 -1.000000 -0.188123
DS1.d339.s0.i0 -1.000000 -0.224658
DS1.d628.s0.i0 -1.000000 -0.474076
DS1.d628.s0.i1 -1.000000 -0.533095
DS1.d629.s1.i0 1.000000 0.442256
DS1.d629.s1.i1 1.000000 0.471022
DS1.d629.s0.i1 1.000000 0.572892
DS1.d629.s0.i0 1.000000 0.432933
DS1.d662.s0.i2 -1.000000 0.491347
DS1.d662.s0.i3 1.000000 0.721192
DS1.d662.s0.i0 1.000000 0.665449
DS1.d662.s0.i1 1.000000 0.346199
DS1.d321.s0.i0 1.000000 0.663166
DS1.d321.s0.i1 1.000000 0.686360
DS1.d321.s0.i2 1.000000 0.760730
DS1.d321.s0.i3 1.000000 0.785889
DS1.d321.s0.i4 1.000000 0.759582
DS1.d808.s2.i0 1.000000 0.926605
DS1.d808.s2.i1 1.000000 0.722120
DS1.d808.s0.i0 -1.000000 0.109982
DS1.d808.s1.i1 1.000000 0.311116
DS1.d808.s1.i0 -1.000000 0.012112
DS1.d708.s0.i0 -1.000000 -0.173616
DS1.d806.s0.i2 -1.000000 -0.406185
DS1.d806.s0.i0 -1.000000 -0.513934
DS1.d806.s0.i1 -1.000000 -0.432397
DS1.d445.s0.i0 1.000000 0.618335
DS1.d804.s0.i0 -1.000000 0.108451
DS1.d320.s0.i1 1.000000 1.026909
DS1.d320.s0.i0 -1.000000 0.618887
DS1.d802.s0.i0 1.000000 0.340234
DS1.d800.s0.i0 1.000000 0.530486
DS1.d801.s0.i0 1.000000 0.815270
DS1.d85.s0.i0 1.000000 0.388445
DS1.d84.s0.i1 -1.000000 -0.398468
DS1.d84.s0.i0 -1.000000 -0.369243
DS1.d86.s1.i2 -1.000000 -0.027532
DS1.d86.s1.i0 1.000000 0.169057
DS1.d86.s1.i1 -1.000000 -0.061332
DS1.d86.s0.i1 1.000000 0.665838
DS1.d86.s0.i0 1.000000 0.717174
DS1.d81.s0.i0 1.000000 0.386737
DS1.d81.s0.i1 1.000000 0.520476
DS1.d80.s0.i0 -1.000000 -0.114318
DS1.d83.s0.i0 1.000000 0.362088
DS1.d82.s0.i0 1.000000 0.603235
DS1.d89.s0.i0 1.000000 0.802688
DS1.d88.s0.i1 -1.000000 -0.230246
DS1.d88.s0.i0 -1.000000 -0.157031
DS1.d442.s0.i0 -1.000000 0.462325
DS1.d248.s0.i0 1.000000 0.523795
DS1.d248.s0.i1 1.000000 0.617624
DS1.d249.s0.i0 -1.000000 0.218855
DS1.d523.s0.i0 -1.000000 0.120582
DS1.d523.s1.i1 1.000000 0.904125
DS1.d523.s1.i0 1.000000 0.844525
DS1.d525.s0.i0 1.000000 0.544644
DS1.d525.s0.i1 1.000000 0.519382
DS1.d524.s0.i0 -1.000000 0.434291
DS1.d527.s0.i0 1.000000 0.822331
DS1.d527.s0.i1 1.000000 0.900909
DS1.d527.s0.i2 1.000000 0.690905
DS1.d527.s0.i3 1.000000 0.726248
DS1.d527.s1.i1 1.000000 0.115701
DS1.d527.s1.i0 1.000000 0.125607
DS1.d526.s1.i0 1.000000 0.384985
DS1.d526.s1.i1 1.000000 0.384985
DS1.d526.s0.i1 1.000000 0.654238
DS1.d526.s0.i0 1.000000 0.910547
DS1.d526.s0.i3 1.000000 0.565708
DS1.d526.s0.i2 1.000000 0.863165
DS1.d526.s2.i1 -1.000000 0.257677
DS1.d526.s2.i0 -1.000000 0.281762
DS1.d240.s0.i0 1.000000 0.550545
DS1.d241.s1.i0 1.000000 0.735777
DS1.d241.s0.i0 1.000000 0.611624
DS1.d242.s0.i0 1.000000 0.794006
DS1.d242.s0.i1 1.000000 0.785007
DS1.d242.s0.i2 1.000000 0.777530
DS1.d242.s0.i3 1.000000 0.808485
DS1.d243.s0.i1 1.000000 0.831049
DS1.d243.s0.i0 1.000000 0.831049
DS1.d243.s0.i2 1.000000 0.831049
DS1.d244.s0.i0 1.000000 0.709203
DS1.d244.s0.i1 1.000000 0.588132
DS1.d244.s1.i0 1.000000 0.849938
DS1.d245.s0.i2 1.000000 0.722529
DS1.d245.s0.i1 1.000000 0.731121
DS1.d245.s0.i0 1.000000 0.859971
DS1.d246.s2.i0 1.000000 0.614447
DS1.d246.s2.i1 1.000000 0.845897
DS1.d246.s0.i0 1.000000 1.171123
DS1.d246.s1.i0 1.000000 0.432431
DS1.d247.s0.i19 -1.000000 -0.499503
DS1.d247.s0.i18 1.000000 0.138730
DS1.d247.s0.i15 1.000000 0.008820
DS1.d247.s0.i14 -1.000000 -0.582643
DS1.d247.s0.i17 -1.000000 -0.572165
DS1.d247.s0.i16 -1.000000 -0.479706
DS1.d247.s0.i11 -1.000000 -0.466379
DS1.d247.s0.i10 -1.000000 -0.556389
DS1.d247.s0.i13 1.000000 -0.018076
DS1.d247.s0.i12 -1.000000 -0.534694
DS1.d247.s0.i20 1.000000 0.037562
DS1.d247.s0.i21 -1.000000 -0.477855
DS1.d247.s0.i22 1.000000 0.238028
DS1.d247.s0.i23 -1.000000 -0.462643
DS1.d247.s0.i9 -1.000000 -0.554403
DS1.d247.s0.i8 -1.000000 -0.596210
DS1.d247.s0.i1 1.000000 0.058092
DS1.d247.s0.i0 -1.000000 -0.436558
DS1.d247.s0.i3 -1.000000 -0.454417
DS1.d247.s0.i2 1.000000 0.000159
DS1.d247.s0.i5 -1.000000 -0.441980
DS1.d247.s0.i4 1.000000 -0.022535
DS1.d247.s0.i7 -1.000000 -0.457131
DS1.d247.s0.i6 -1.000000 -0.606400
DS1.d643.s0.i1 -1.000000 -0.308522
DS1.d643.s0.i0 -1.000000 -0.212080
DS1.d643.s0.i3 1.000000 0.042214
DS1.d643.s0.i2 -1.000000 -0.164637
DS1.d643.s0.i5 1.000000 -0.037262
DS1.d643.s0.i4 -1.000000 -0.356551
DS1.d252.s2.i1 1.000000 0.720130
DS1.d252.s2.i0 1.000000 0.678743
DS1.d252.s2.i2 1.000000 0.747891
DS1.d252.s1.i0 1.000000 0.825575
DS1.d252.s1.i1 1.000000 0.719759
DS1.d252.s1.i2 1.000000 0.708361
DS1.d252.s0.i0 1.000000 0.644625
DS1.d752.s0.i0 1.000000 0.366203
DS1.d753.s2.i1 -1.000000 -0.218339
DS1.d753.s2.i0 -1.000000 -0.266407
DS1.d753.s1.i0 1.000000 0.431329
DS1.d753.s1.i1 1.000000 0.517240
DS1.d753.s0.i0 1.000000 0.110683
DS1.d385.s0.i0 1.000000 0.607033
DS1.d385.s0.i1 1.000000 0.690542
DS1.d385.s1.i0 1.000000 0.784200
DS1.d385.s2.i0 -1.000000 -0.392654
DS1.d384.s0.i2 1.000000 0.324774
DS1.d384.s0.i1 -1.000000 0.283863
DS1.d384.s0.i0 1.000000 0.324774
DS1.d387.s0.i0 1.000000 0.752844
DS1.d387.s0.i1 1.000000 0.674207
DS1.d381.s0.i4 -1.000000 -0.299294
DS1.d381.s0.i5 -1.000000 -0.235474
DS1.d381.s0.i2 1.000000 0.494328
DS1.d381.s0.i3 1.000000 0.478005
DS1.d381.s0.i0 -1.000000 -0.244867
DS1.d381.s0.i1 1.000000 0.428757
DS1.d381.s1.i0 1.000000 0.442589
DS1.d380.s2.i5 1.000000 0.882582
DS1.d380.s2.i4 1.000000 0.894987
DS1.d380.s2.i1 1.000000 0.887989
DS1.d380.s2.i0 1.000000 0.894987
DS1.d380.s2.i3 1.000000 0.882582
DS1.d380.s2.i2 1.000000 0.887989
DS1.d380.s1.i8 -1.000000 -0.641488
DS1.d380.s1.i4 -1.000000 -0.752668
DS1.d380.s1.i5 -1.000000 -0.713999
DS1.d380.s1.i6 -1.000000 -0.795531
DS1.d380.s1.i7 -1.000000 -0.641488
DS1.d380.s1.i0 -1.000000 -0.708000
DS1.d380.s1.i1 -1.000000 -0.708000
DS1.d380.s1.i2 -1.000000 -0.689140
DS1.d380.s1.i3 -1.000000 -0.689140
DS1.d380.s0.i9 1.000000 0.837857
DS1.d380.s0.i8 1.000000 0.851268
DS1.d380.s0.i7 1.000000 0.851983
DS1.d380.s0.i6 1.000000 0.851983
DS1.d380.s0.i5 1.000000 0.837857
DS1.d380.s0.i4 1.000000 0.849054
DS1.d380.s0.i3 1.000000 0.896467
DS1.d380.s0.i2 1.000000 0.849054
DS1.d380.s0.i1 1.000000 0.896467
DS1.d380.s0.i0 1.000000 0.851268
DS1.d383.s0.i0 1.000000 0.698934
DS1.d383.s0.i1 1.000000 0.920526
DS1.d383.s0.i2 1.000000 0.920526
DS1.d383.s0.i3 1.000000 0.698934
DS1.d382.s0.i0 1.000000 0.621333
DS1.d389.s0.i0 1.000000 0.578077
DS1.d388.s0.i1 -1.000000 -0.348479
DS1.d388.s0.i0 -1.000000 -0.381516
DS1.d415.s0.i2 -1.000000 -0.553763
DS1.d415.s0.i3 -1.000000 -0.299627
DS1.d415.s0.i0 -1.000000 -0.589861
DS1.d415.s0.i1 -1.000000 -0.645671
DS1.d414.s0.i1 1.000000 0.985853
DS1.d414.s0.i0 1.000000 0.870202
DS1.d417.s0.i0 1.000000 0.470743
DS1.d416.s0.i0 1.000000 0.281529
DS1.d411.s0.i0 1.000000 0.744976
DS1.d410.s0.i0 -1.000000 -0.005367
DS1.d145.s0.i0 1.000000 0.516587
DS1.d145.s1.i0 1.000000 0.592673
DS1.d412.s0.i0 1.000000 0.672886
DS1.d211.s0.i0 1.000000 1.047755
DS1.d149.s0.i0 -1.000000 0.025587
DS1.d148.s1.i2 -1.000000 -0.515839
DS1.d148.s1.i3 -1.000000 -0.492473
DS1.d148.s1.i0 -1.000000 -0.487507
DS1.d148.s1.i1 1.000000 -0.061259
DS1.d148.s1.i6 -1.000000 -0.443289
DS1.d148.s1.i7 -1.000000 -0.456952
DS1.d148.s1.i4 1.000000 -0.106239
DS1.d148.s1.i5 -1.000000 -0.455159
DS1.d148.s0.i24 1.000000 0.191827
DS1.d148.s0.i25 -1.000000 -0.521905
DS1.d148.s0.i26 -1.000000 -0.453772
DS1.d148.s0.i20 1.000000 0.146204
DS1.d148.s0.i21 -1.000000 -0.557832
DS1.d148.s0.i22 1.000000 0.129690
DS1.d148.s0.i23 -1.000000 -0.571961
DS1.d148.s0.i9 1.000000 0.148637
DS1.d148.s0.i8 -1.000000 -0.502571
DS1.d148.s0.i5 -1.000000 -0.527214
DS1.d148.s0.i4 -1.000000 -0.578414
DS1.d148.s0.i7 -1.000000 -0.418667
DS1.d148.s0.i6 -1.000000 -0.561569
DS1.d148.s0.i1 -1.000000 -0.537568
DS1.d148.s0.i0 -1.000000 -0.517286
DS1.d148.s0.i3 -1.000000 -0.437915
DS1.d148.s0.i2 1.000000 0.168981
DS1.d148.s0.i19 1.000000 0.132062
DS1.d148.s0.i18 -1.000000 -0.562188
DS1.d148.s0.i11 1.000000 0.271805
DS1.d148.s0.i10 -1.000000 -0.551637
DS1.d148.s0.i13 1.000000 0.217691
DS1.d148.s0.i12 -1.000000 -0.426715
DS1.d148.s0.i15 -1.000000 -0.426900
DS1.d148.s0.i14 -1.000000 -0.542179
DS1.d148.s0.i17 1.000000 0.213379
DS1.d148.s0.i16 -1.000000 -0.460206
DS1.d419.s0.i0 -1.000000 0.148541
DS1.d418.s0.i1 1.000000 0.816882
DS1.d418.s0.i0 1.000000 0.945344
DS1.d758.s0.i0 1.000000 0.697549
DS1.d709.s0.i0 1.000000 0.813952
DS1.d663.s0.i1 -1.000000 -0.485400
DS1.d663.s0.i0 -1.000000 -0.543881
DS1.d660.s0.i0 1.000000 0.586761
DS1.d660.s0.i1 1.000000 0.616296
DS1.d661.s0.i0 1.000000 0.913854
DS1.d667.s0.i0 1.000000 0.558621
DS1.d664.s0.i0 -1.000000 -0.606248
DS1.d664.s0.i1 -1.000000 -0.659522
DS1.d664.s0.i2 -1.000000 -0.645378
DS1.d664.s0.i3 -1.000000 -0.600231
DS1.d665.s0.i0 1.000000 0.986700
DS1.d701.s0.i0 -1.000000 -0.457238
DS1.d701.s0.i1 -1.000000 -0.418700
DS1.d700.s0.i0 1.000000 0.252895
DS1.d668.s0.i0 1.000000 0.493444
DS1.d702.s0.i1 1.000000 0.809493
DS1.d702.s0.i0 1.000000 0.678583
DS1.d702.s0.i2 1.000000 0.839051
DS1.d705.s0.i0 1.000000 0.548761
DS1.d707.s0.i0 1.000000 0.578389
DS1.d707.s0.i1 1.000000 0.584334
DS1.d707.s1.i0 1.000000 0.342684
DS1.d706.s0.i0 1.000000 0.427580
DS1.d460.s0.i0 -1.000000 0.072189
DS1.d460.s1.i0 1.000000 0.850485
DS1.d461.s0.i3 -1.000000 -0.451239
DS1.d461.s0.i2 -1.000000 -0.466103
DS1.d461.s0.i1 -1.000000 -0.437400
DS1.d461.s0.i0 -1.000000 -0.448210
DS1.d462.s0.i0 1.000000 0.612148
DS1.d462.s0.i1 1.000000 0.525792
DS1.d463.s0.i0 -1.000000 0.303622
DS1.d466.s0.i0 1.000000 0.558729
DS1.d467.s0.i0 1.000000 0.824349
DS1.d468.s0.i0 1.000000 0.326267
DS1.d468.s0.i1 -1.000000 0.172469
DS1.d469.s0.i3 1.000000 0.779246
DS1.d469.s0.i2 1.000000 0.611358
DS1.d469.s0.i1 1.000000 0.702043
DS1.d469.s0.i0 1.000000 0.826140
DS1.d469.s0.i5 1.000000 0.660246
DS1.d469.s0.i4 1.000000 0.568118
DS1.d688.s0.i0 1.000000 1.083222
DS1.d688.s1.i0 -1.000000 0.120068
DS1.d441.s1.i0 1.000000 -0.078035
DS1.d441.s0.i0 1.000000 0.714998
DS1.d441.s2.i0 1.000000 0.651857
DS1.d680.s0.i2 1.000000 0.848946
DS1.d680.s0.i0 1.000000 0.737829
DS1.d680.s0.i1 1.000000 0.750688
DS1.d680.s1.i0 1.000000 0.441155
DS1.d681.s1.i8 1.000000 0.078058
DS1.d681.s1.i0 -1.000000 -0.224784
DS1.d681.s1.i1 -1.000000 -0.199357
DS1.d681.s1.i2 -1.000000 -0.236283
DS1.d681.s1.i3 -1.000000 -0.295148
DS1.d681.s1.i4 1.000000 0.010390
DS1.d681.s1.i5 -1.000000 -0.266502
DS1.d681.s1.i6 1.000000 -0.076010
DS1.d681.s1.i7 -1.000000 -0.163070
DS1.d681.s0.i1 1.000000 0.310272
DS1.d681.s0.i0 1.000000 0.595559
DS1.d682.s0.i0 1.000000 0.598923
DS1.d682.s0.i1 1.000000 0.485590
DS1.d682.s0.i2 1.000000 0.574254
DS1.d683.s0.i5 -1.000000 -0.644441
DS1.d683.s0.i4 -1.000000 -0.581149
DS1.d683.s0.i1 -1.000000 -0.655130
DS1.d683.s0.i0 -1.000000 -0.615231
DS1.d683.s0.i3 -1.000000 -0.684387
DS1.d683.s0.i2 -1.000000 -0.609554
DS1.d684.s0.i2 -1.000000 -0.045227
DS1.d684.s0.i3 1.000000 0.318368
DS1.d684.s0.i0 -1.000000 -0.215594
DS1.d684.s0.i1 1.000000 0.075594
DS1.d400.s0.i0 1.000000 0.589356
DS1.d400.s0.i1 1.000000 0.480254
DS1.d686.s0.i0 1.000000 0.648751
DS1.d686.s0.i1 1.000000 0.647465
DS1.d685.s1.i0 1.000000 1.059314
DS1.d685.s1.i1 1.000000 0.832744
DS1.d685.s1.i2 1.000000 1.119714
DS1.d685.s0.i2 1.000000 0.894695
DS1.d685.s0.i1 1.000000 0.827937
DS1.d685.s0.i0 1.000000 0.892290
DS1.d49.s0.i2 -1.000000 -0.544479
DS1.d49.s0.i3 -1.000000 -0.517773
DS1.d49.s0.i0 -1.000000 -0.574291
DS1.d49.s0.i1 -1.000000 -0.571759
DS1.d49.s1.i1 1.000000 0.143809
DS1.d49.s1.i0 1.000000 0.235248
DS1.d49.s1.i3 1.000000 0.212534
DS1.d49.s1.i2 -1.000000 0.103320
DS1.d49.s2.i0 1.000000 0.747180
DS1.d49.s2.i1 1.000000 0.732338
DS1.d48.s0.i3 1.000000 0.452692
DS1.d48.s0.i2 1.000000 0.452692
DS1.d48.s0.i1 -1.000000 0.056331
DS1.d48.s0.i0 -1.000000 0.056331
DS1.d48.s0.i5 1.000000 0.521718
DS1.d48.s0.i4 1.000000 0.521718
DS1.d401.s0.i1 1.000000 0.453724
DS1.d401.s0.i0 1.000000 0.476188
DS1.d41.s0.i0 1.000000 0.597327
DS1.d41.s0.i1 1.000000 0.519180
DS1.d154.s0.i0 1.000000 0.522072
DS1.d154.s0.i1 1.000000 0.405366
DS1.d43.s0.i0 1.000000 0.699380
DS1.d42.s0.i0 1.000000 0.470586
DS1.d45.s0.i0 -1.000000 -0.472330
DS1.d45.s0.i1 -1.000000 -0.472330
DS1.d44.s0.i17 -1.000000 -0.495338
DS1.d44.s0.i16 1.000000 -0.084466
DS1.d44.s0.i15 -1.000000 -0.507820
DS1.d44.s0.i14 -1.000000 -0.557254
DS1.d44.s0.i13 -1.000000 -0.522773
DS1.d44.s0.i12 -1.000000 -0.460051
DS1.d44.s0.i11 -1.000000 -0.541423
DS1.d44.s0.i10 1.000000 -0.075933
DS1.d44.s0.i9 1.000000 -0.055659
DS1.d44.s0.i8 1.000000 -0.062888
DS1.d44.s0.i7 -1.000000 -0.520478
DS1.d44.s0.i6 -1.000000 -0.496197
DS1.d44.s0.i5 1.000000 -0.093591
DS1.d44.s0.i4 -1.000000 -0.462904
DS1.d44.s0.i3 -1.000000 -0.558014
DS1.d44.s0.i2 -1.000000 -0.541869
DS1.d44.s0.i1 1.000000 -0.106076
DS1.d44.s0.i0 -1.000000 -0.474001
DS1.d47.s0.i0 1.000000 0.667297
DS1.d47.s0.i1 1.000000 0.703982
DS1.d46.s0.i1 1.000000 0.790528
DS1.d46.s0.i0 1.000000 0.778775
DS1.d46.s0.i3 1.000000 0.807993
DS1.d46.s0.i2 1.000000 0.752431
DS1.d46.s0.i5 1.000000 0.762721
DS1.d46.s0.i4 1.000000 0.836713
DS1.d46.s0.i7 1.000000 0.798174
DS1.d46.s0.i6 1.000000 0.736425
DS1.d569.s0.i0 1.000000 0.416784
DS1.d569.s0.i1 -1.000000 0.192028
DS1.d568.s2.i0 1.000000 0.239345
DS1.d568.s1.i0 1.000000 0.860140
DS1.d568.s0.i4 1.000000 0.672856
DS1.d568.s0.i3 1.000000 0.658396
DS1.d568.s0.i2 1.000000 0.616456
DS1.d568.s0.i1 1.000000 0.647102
DS1.d568.s0.i0 1.000000 0.594380
DS1.d565.s0.i0 1.000000 0.465630
DS1.d564.s0.i1 -1.000000 -0.510355
DS1.d564.s0.i0 -1.000000 -0.727281
DS1.d567.s0.i0 1.000000 0.502686
DS1.d567.s0.i1 1.000000 0.980816
DS1.d567.s1.i2 1.000000 0.392290
DS1.d567.s1.i1 -1.000000 0.206960
DS1.d567.s1.i0 1.000000 0.455954
DS1.d405.s4.i1 1.000000 0.737730
DS1.d405.s4.i0 1.000000 0.802767
DS1.d405.s4.i2 1.000000 0.802767
DS1.d405.s1.i2 -1.000000 -0.102943
DS1.d405.s1.i3 1.000000 0.243259
DS1.d405.s1.i0 -1.000000 -0.110716
DS1.d405.s1.i1 1.000000 0.296165
DS1.d405.s0.i1 1.000000 0.881059
DS1.d405.s0.i0 1.000000 0.886137
DS1.d405.s3.i0 1.000000 0.605226
DS1.d405.s3.i1 1.000000 0.559692
DS1.d405.s2.i1 1.000000 0.916430
DS1.d405.s2.i0 1.000000 0.722678
DS1.d561.s0.i0 -1.000000 -0.255976
DS1.d560.s0.i3 1.000000 0.869503
DS1.d560.s0.i2 1.000000 0.867388
DS1.d560.s0.i1 1.000000 0.906968
DS1.d560.s0.i0 1.000000 0.905406
DS1.d563.s0.i0 1.000000 0.736606
DS1.d563.s0.i1 1.000000 0.727297
DS1.d563.s0.i2 1.000000 0.712508
DS1.d563.s0.i3 1.000000 0.717284
DS1.d563.s0.i4 1.000000 0.866281
DS1.d563.s0.i5 1.000000 0.874486
DS1.d563.s0.i6 1.000000 0.698202
DS1.d563.s0.i7 1.000000 0.712547
DS1.d562.s1.i0 1.000000 0.728115
DS1.d562.s0.i0 -1.000000 0.121602
DS1.d204.s0.i0 1.000000 0.802675
DS1.d204.s0.i1 1.000000 0.444272
DS1.d205.s0.i2 -1.000000 -0.024407
DS1.d205.s0.i1 -1.000000 -0.050980
DS1.d205.s0.i0 -1.000000 -0.078537
DS1.d369.s0.i0 1.000000 0.295100
DS1.d369.s1.i0 1.000000 0.385054
DS1.d368.s0.i0 -1.000000 -0.196664
DS1.d200.s0.i0 1.000000 0.221445
DS1.d200.s0.i1 -1.000000 -0.117446
DS1.d6.s0.i0 1.000000 0.380686
DS1.d202.s0.i0 1.000000 0.674353
DS1.d203.s0.i1 1.000000 0.352106
DS1.d203.s0.i0 1.000000 0.304526
DS1.d363.s0.i0 1.000000 0.614821
DS1.d363.s0.i1 1.000000 0.629057
DS1.d362.s0.i1 1.000000 0.713289
DS1.d362.s0.i0 1.000000 0.716985
DS1.d361.s2.i0 1.000000 0.264317
DS1.d361.s2.i1 -1.000000 0.431443
DS1.d361.s0.i0 -1.000000 -0.073243
DS1.d361.s1.i1 -1.000000 -0.107245
DS1.d361.s1.i0 1.000000 0.337032
DS1.d360.s1.i0 -1.000000 0.159011
DS1.d360.s0.i1 -1.000000 0.060793
DS1.d360.s0.i0 -1.000000 0.078448
DS1.d208.s0.i0 1.000000 0.528700
DS1.d208.s0.i1 1.000000 0.613168
DS1.d209.s1.i0 -1.000000 -0.310681
DS1.d209.s1.i1 -1.000000 -0.442656
DS1.d209.s1.i2 -1.000000 -0.528140
DS1.d209.s0.i2 -1.000000 -0.504708
DS1.d209.s0.i1 -1.000000 -0.474646
DS1.d209.s0.i0 -1.000000 -0.384360
DS1.d365.s0.i0 1.000000 0.901620
DS1.d365.s0.i1 1.000000 0.747008
DS1.d365.s1.i2 1.000000 0.475333
DS1.d365.s1.i1 1.000000 0.439240
DS1.d365.s1.i0 1.000000 0.394594
DS1.d364.s1.i0 1.000000 0.862240
DS1.d364.s0.i1 -1.000000 -0.257397
DS1.d364.s0.i0 -1.000000 -0.255787
DS1.d364.s2.i0 1.000000 0.459635
DS1.d187.s0.i0 1.000000 0.568985
DS1.d40.s0.i0 1.000000 0.807960
DS1.d9.s0.i0 1.000000 1.154719
DS1.d259.s0.i0 1.000000 0.226411
DS1.d518.s0.i0 1.000000 1.132110
DS1.d519.s2.i1 -1.000000 0.253184
DS1.d519.s2.i0 1.000000 0.101014
DS1.d519.s1.i0 1.000000 0.847584
DS1.d519.s0.i3 1.000000 0.714025
DS1.d519.s0.i2 1.000000 0.697056
DS1.d519.s0.i1 1.000000 0.746996
DS1.d519.s0.i0 1.000000 0.667028
DS1.d258.s0.i0 1.000000 0.419412
DS1.d511.s0.i1 -1.000000 -0.375502
DS1.d511.s0.i0 -1.000000 -0.235556
DS1.d512.s2.i0 1.000000 0.668435
DS1.d512.s2.i1 1.000000 0.731417
DS1.d512.s0.i0 -1.000000 -0.220144
DS1.d512.s0.i1 -1.000000 -0.202989
DS1.d512.s1.i0 -1.000000 -0.151407
DS1.d513.s0.i0 1.000000 0.448162
DS1.d514.s0.i0 1.000000 0.532370
DS1.d514.s1.i0 -1.000000 -0.107107
DS1.d515.s1.i0 -1.000000 -0.122651
DS1.d515.s1.i1 -1.000000 -0.140951
DS1.d515.s0.i1 -1.000000 -0.354146
DS1.d515.s0.i0 -1.000000 -0.364141
DS1.d516.s0.i0 1.000000 0.053125
DS1.d516.s0.i1 1.000000 0.056497
DS1.d517.s0.i1 1.000000 0.508396
DS1.d517.s0.i0 1.000000 0.625010
DS1.d108.s1.i0 -1.000000 -0.503391
DS1.d108.s1.i1 -1.000000 -0.499250
DS1.d108.s0.i1 1.000000 0.792716
DS1.d108.s0.i0 1.000000 0.722713
DS1.d108.s0.i3 1.000000 0.755045
DS1.d108.s0.i2 1.000000 0.853944
DS1.d108.s0.i5 1.000000 0.773037
DS1.d108.s0.i4 1.000000 0.748477
DS1.d108.s0.i7 1.000000 0.779814
DS1.d108.s0.i6 1.000000 0.744605
DS1.d108.s3.i0 -1.000000 -0.520322
DS1.d108.s3.i1 -1.000000 -0.556429
DS1.d108.s2.i0 -1.000000 -0.225336
DS1.d107.s0.i2 -1.000000 -0.533219
DS1.d107.s0.i0 -1.000000 -0.792141
DS1.d107.s0.i1 -1.000000 -0.737052
DS1.d106.s0.i1 1.000000 0.524682
DS1.d106.s0.i0 1.000000 0.517170
DS1.d105.s0.i0 -1.000000 0.071212
DS1.d105.s0.i1 -1.000000 0.071212
DS1.d104.s0.i0 -1.000000 0.388705
DS1.d103.s0.i0 -1.000000 -0.249802
DS1.d102.s0.i2 1.000000 0.534656
DS1.d102.s0.i1 1.000000 0.652847
DS1.d102.s0.i0 1.000000 0.586388
DS1.d101.s0.i0 1.000000 0.200016
DS1.d100.s1.i0 1.000000 0.684169
DS1.d100.s1.i1 1.000000 0.654146
DS1.d100.s0.i0 1.000000 0.929648
DS1.d257.s0.i2 -1.000000 0.040358
DS1.d257.s0.i0 1.000000 0.147818
DS1.d257.s0.i1 -1.000000 0.031778
DS1.d257.s1.i0 1.000000 0.535329
DS1.d257.s2.i0 1.000000 0.456506
DS1.d257.s3.i0 1.000000 0.613308
DS1.d256.s0.i3 -1.000000 -0.371921
DS1.d256.s0.i2 1.000000 -0.414758
DS1.d256.s0.i1 -1.000000 -0.354260
DS1.d256.s0.i0 -1.000000 -0.367050
DS1.d566.s0.i1 1.000000 0.141312
DS1.d566.s0.i0 1.000000 0.360304
DS1.d780.s0.i2 -1.000000 -0.476609
DS1.d780.s0.i1 -1.000000 -0.512744
DS1.d780.s0.i0 -1.000000 -0.460285
DS1.d745.s0.i0 -1.000000 -0.342408
DS1.d745.s0.i1 -1.000000 -0.262414
DS1.d744.s0.i1 -1.000000 -0.489466
DS1.d744.s0.i0 -1.000000 -0.494575
DS1.d747.s0.i0 1.000000 0.597241
DS1.d747.s0.i1 1.000000 0.616729
DS1.d747.s0.i2 1.000000 0.597241
DS1.d747.s0.i3 1.000000 0.616729
DS1.d746.s0.i0 1.000000 0.830996
DS1.d741.s0.i0 1.000000 0.537334
DS1.d740.s0.i1 1.000000 0.594999
DS1.d740.s0.i0 1.000000 0.763809
DS1.d743.s0.i0 1.000000 1.036234
DS1.d742.s0.i1 1.000000 0.894288
DS1.d742.s0.i0 1.000000 1.068777
DS1.d424.s0.i0 1.000000 0.755980
DS1.d425.s0.i1 -1.000000 -0.605266
DS1.d425.s0.i0 -1.000000 -0.584860
DS1.d426.s0.i0 1.000000 0.710615
DS1.d427.s0.i1 1.000000 0.621290
DS1.d427.s0.i0 1.000000 0.524461
DS1.d749.s0.i0 1.000000 0.926045
DS1.d749.s0.i1 1.000000 0.903126
DS1.d749.s1.i1 1.000000 0.695965
DS1.d749.s1.i0 1.000000 0.785849
DS1.d749.s2.i0 1.000000 0.484995
DS1.d749.s2.i1 1.000000 0.768617
DS1.d749.s2.i2 1.000000 0.897758
DS1.d749.s3.i0 -1.000000 -0.276281
DS1.d421.s1.i0 1.000000 0.367333
DS1.d421.s0.i0 -1.000000 0.183298
DS1.d422.s0.i0 1.000000 0.922106
DS1.d422.s0.i1 1.000000 0.756819
DS1.d422.s0.i2 1.000000 0.789676
DS1.d422.s1.i2 1.000000 0.797632
DS1.d422.s1.i1 1.000000 0.923852
DS1.d422.s1.i0 1.000000 0.811497
DS1.d423.s1.i0 -1.000000 0.584347
DS1.d423.s1.i1 1.000000 0.637950
DS1.d423.s0.i1 1.000000 0.858330
DS1.d423.s0.i0 1.000000 0.802158
DS1.d207.s0.i0 1.000000 0.458116
DS1.d367.s0.i2 -1.000000 -0.002707
DS1.d367.s0.i0 1.000000 -0.076161
DS1.d367.s0.i1 -1.000000 -0.138729
DS1.d201.s0.i8 1.000000 0.935690
DS1.d201.s0.i7 1.000000 0.795273
DS1.d201.s0.i6 1.000000 0.911654
DS1.d201.s0.i5 1.000000 0.914200
DS1.d201.s0.i4 1.000000 0.792033
DS1.d201.s0.i3 1.000000 0.790052
DS1.d201.s0.i2 1.000000 0.804816
DS1.d201.s0.i1 1.000000 0.891886
DS1.d201.s0.i0 1.000000 0.925991
DS1.d639.s0.i0 -1.000000 -0.434857
DS1.d638.s0.i3 1.000000 0.652362
DS1.d638.s0.i2 1.000000 0.634180
DS1.d638.s0.i1 1.000000 0.644428
DS1.d638.s0.i0 1.000000 0.689208
DS1.d631.s0.i0 1.000000 0.300904
DS1.d631.s0.i1 1.000000 0.555459
DS1.d630.s0.i1 -1.000000 -0.456172
DS1.d630.s0.i0 -1.000000 -0.308628
DS1.d633.s2.i0 1.000000 0.864813
DS1.d633.s2.i1 1.000000 0.824861
DS1.d633.s3.i1 1.000000 1.045654
DS1.d633.s3.i0 1.000000 1.058611
DS1.d633.s0.i0 1.000000 0.830416
DS1.d633.s0.i1 1.000000 0.781424
DS1.d633.s0.i2 1.000000 0.870830
DS1.d633.s0.i3 1.000000 0.860218
DS1.d633.s1.i3 1.000000 0.655338
DS1.d633.s1.i2 1.000000 0.749535
DS1.d633.s1.i1 1.000000 0.758204
DS1.d633.s1.i0 1.000000 0.749192
DS1.d632.s1.i0 1.000000 0.921940
DS1.d632.s1.i1 1.000000 0.921018
DS1.d632.s0.i1 -1.000000 -0.221262
DS1.d632.s0.i0 -1.000000 -0.129108
DS1.d635.s0.i0 1.000000 0.821521
DS1.d635.s0.i1 1.000000 0.639585
DS1.d634.s0.i7 1.000000 0.718387
DS1.d634.s0.i6 1.000000 0.785816
DS1.d634.s0.i5 1.000000 0.681817
DS1.d634.s0.i4 1.000000 0.713793
DS1.d634.s0.i3 1.000000 0.737399
DS1.d634.s0.i2 1.000000 0.751316
DS1.d634.s0.i1 1.000000 0.647674
DS1.d634.s0.i0 1.000000 0.815657
DS1.d687.s1.i0 -1.000000 -0.071372
DS1.d687.s0.i0 1.000000 0.272733
DS1.d636.s0.i1 1.000000 0.143051
DS1.d636.s0.i0 -1.000000 -0.008540
DS1.d730.s0.i0 1.000000 0.479334
DS1.d731.s2.i0 1.000000 0.393855
DS1.d731.s1.i0 -1.000000 0.038219
DS1.d731.s1.i1 -1.000000 0.038219
DS1.d731.s1.i2 1.000000 0.270987
DS1.d731.s0.i0 -1.000000 0.062974
DS1.d325.s0.i0 1.000000 0.845886
DS1.d325.s0.i1 1.000000 0.530360
DS1.d324.s0.i0 -1.000000 0.335661
DS1.d323.s0.i0 1.000000 0.523551
DS1.d322.s1.i0 -1.000000 0.085951
DS1.d322.s1.i1 -1.000000 0.115151
DS1.d322.s0.i0 1.000000 1.014506
DS1.d736.s0.i0 1.000000 0.427576
DS1.d737.s1.i0 -1.000000 0.040611
DS1.d737.s1.i1 1.000000 0.312289
DS1.d737.s0.i1 -1.000000 -0.168788
DS1.d737.s0.i0 -1.000000 -0.307433
DS1.d737.s0.i2 -1.000000 -0.232136
DS1.d738.s0.i0 1.000000 0.612659
DS1.d738.s0.i1 1.000000 0.794418
DS1.d738.s1.i0 1.000000 0.409250
DS1.d739.s1.i0 1.000000 0.610162
DS1.d739.s1.i1 1.000000 0.830751
DS1.d739.s1.i2 1.000000 0.620153
DS1.d739.s1.i3 1.000000 0.884578
DS1.d739.s1.i4 1.000000 0.667895
DS1.d739.s1.i5 1.000000 0.878833
DS1.d739.s1.i6 1.000000 0.737450
DS1.d739.s1.i7 1.000000 0.843445
DS1.d739.s0.i3 1.000000 0.784759
DS1.d739.s0.i2 1.000000 0.459924
DS1.d739.s0.i1 1.000000 0.777666
DS1.d739.s0.i0 1.000000 0.522331
DS1.d329.s0.i0 1.000000 0.246179
DS1.d328.s1.i0 1.000000 0.697859
DS1.d328.s1.i1 1.000000 0.775920
DS1.d328.s0.i0 -1.000000 -0.237618
DS1.d811.s0.i0 1.000000 0.702267
DS1.d811.s1.i1 1.000000 0.917336
DS1.d811.s1.i0 1.000000 0.971726
DS1.d810.s3.i0 1.000000 0.888513
DS1.d810.s2.i1 1.000000 0.751715
DS1.d810.s2.i0 1.000000 0.838006
DS1.d810.s1.i0 1.000000 0.716655
DS1.d810.s1.i1 1.000000 0.847633
DS1.d810.s1.i2 1.000000 0.510965
DS1.d810.s1.i3 1.000000 0.442389
DS1.d810.s0.i3 1.000000 0.667699
DS1.d810.s0.i2 1.000000 0.717945
DS1.d810.s0.i1 1.000000 0.678992
DS1.d810.s0.i0 1.000000 0.709556
DS1.d810.s0.i5 1.000000 0.703471
DS1.d810.s0.i4 1.000000 0.756608
DS1.d812.s0.i1 -1.000000 -0.427973
DS1.d812.s0.i0 -1.000000 -0.616624
DS1.d812.s0.i2 -1.000000 -0.653484
DS1.d815.s0.i2 1.000000 0.856231
DS1.d815.s0.i0 1.000000 0.747172
DS1.d815.s0.i1 1.000000 0.581848
DS1.d814.s1.i0 -1.000000 -0.597920
DS1.d814.s1.i1 -1.000000 -0.577976
DS1.d814.s0.i2 -1.000000 -0.558837
DS1.d814.s0.i1 -1.000000 -0.583613
DS1.d814.s0.i0 -1.000000 -0.434700
DS1.d817.s0.i0 1.000000 0.762280
DS1.d817.s0.i1 1.000000 0.783456
DS1.d817.s1.i3 1.000000 0.597203
DS1.d817.s1.i2 1.000000 0.705102
DS1.d817.s1.i1 1.000000 0.641967
DS1.d817.s1.i0 1.000000 0.719112
DS1.d817.s1.i4 1.000000 0.648317
DS1.d816.s0.i1 -1.000000 -0.071779
DS1.d816.s0.i0 1.000000 0.146734
DS1.d816.s0.i3 1.000000 0.131176
DS1.d816.s0.i2 -1.000000 0.154144
DS1.d816.s0.i5 1.000000 0.331153
DS1.d816.s0.i4 -1.000000 -0.099235
DS1.d819.s0.i0 -1.000000 -0.264088
DS1.d819.s0.i1 -1.000000 -0.473351
DS1.d818.s3.i2 1.000000 0.668425
DS1.d818.s3.i0 1.000000 0.668425
DS1.d818.s3.i1 1.000000 0.668425
DS1.d818.s2.i1 1.000000 0.769348
DS1.d818.s2.i0 1.000000 0.859712
DS1.d818.s2.i3 1.000000 0.859712
DS1.d818.s2.i2 1.000000 0.769348
DS1.d818.s2.i5 1.000000 0.769348
DS1.d818.s2.i4 1.000000 0.859712
DS1.d818.s1.i0 1.000000 0.624298
DS1.d818.s1.i1 1.000000 0.715292
DS1.d818.s1.i2 1.000000 0.624298
DS1.d818.s1.i3 1.000000 0.624298
DS1.d818.s1.i4 1.000000 0.715292
DS1.d818.s1.i5 1.000000 0.715292
DS1.d818.s0.i3 1.000000 0.725867
DS1.d818.s0.i2 1.000000 0.721485
DS1.d818.s0.i1 1.000000 0.716610
DS1.d818.s0.i0 1.000000 0.716610
DS1.d92.s0.i0 1.000000 0.544358
DS1.d92.s1.i0 1.000000 0.397610
DS1.d92.s2.i0 1.000000 0.268383
DS1.d92.s3.i0 1.000000 0.589144
DS1.d93.s0.i0 1.000000 0.515802
DS1.d90.s0.i0 -1.000000 -0.496401
DS1.d90.s0.i1 -1.000000 -0.475819
DS1.d90.s1.i5 1.000000 0.878624
DS1.d90.s1.i4 1.000000 0.861096
DS1.d90.s1.i3 1.000000 0.800122
DS1.d90.s1.i2 1.000000 0.905835
DS1.d90.s1.i1 1.000000 0.948378
DS1.d90.s1.i0 1.000000 0.907799
DS1.d96.s0.i2 -1.000000 0.005920
DS1.d96.s0.i3 1.000000 0.226611
DS1.d96.s0.i0 -1.000000 0.061464
DS1.d96.s0.i1 1.000000 0.291491
DS1.d96.s1.i1 1.000000 0.626355
DS1.d96.s1.i0 1.000000 0.731141
DS1.d97.s0.i0 1.000000 0.540064
DS1.d94.s2.i0 -1.000000 -0.285011
DS1.d94.s0.i0 -1.000000 0.053839
DS1.d94.s1.i2 -1.000000 -0.155447
DS1.d94.s1.i1 -1.000000 -0.410149
DS1.d94.s1.i0 -1.000000 -0.346350
DS1.d95.s0.i1 -1.000000 -0.539003
DS1.d95.s0.i0 -1.000000 -0.615513
DS1.d95.s0.i3 -1.000000 -0.705068
DS1.d95.s0.i2 -1.000000 -0.461042
DS1.d98.s0.i4 1.000000 0.786518
DS1.d98.s0.i5 1.000000 0.764457
DS1.d98.s0.i0 1.000000 0.787372
DS1.d98.s0.i1 1.000000 0.796767
DS1.d98.s0.i2 1.000000 0.840652
DS1.d98.s0.i3 1.000000 0.776837
DS1.d98.s1.i2 -1.000000 -0.774045
DS1.d98.s1.i1 -1.000000 -0.594371
DS1.d98.s1.i0 -1.000000 -0.701553
DS1.d99.s0.i0 1.000000 0.724560
DS1.d413.s0.i0 -1.000000 0.143255
DS1.d413.s0.i1 -1.000000 0.165293
DS1.d413.s0.i2 1.000000 0.196604
DS1.d413.s0.i3 1.000000 0.163358
DS1.d627.s0.i0 1.000000 0.702290
DS1.d624.s2.i2 1.000000 0.804524
DS1.d624.s2.i0 1.000000 0.745856
DS1.d624.s2.i1 1.000000 0.740821
DS1.d624.s3.i1 1.000000 0.455565
DS1.d624.s3.i0 1.000000 0.441614
DS1.d624.s3.i3 1.000000 0.582497
DS1.d624.s3.i2 -1.000000 0.284593
DS1.d624.s0.i0 1.000000 0.879632
DS1.d624.s0.i1 1.000000 0.831306
DS1.d624.s0.i2 1.000000 0.874808
DS1.d624.s0.i3 1.000000 0.864190
DS1.d624.s1.i7 -1.000000 0.025808
DS1.d624.s1.i6 -1.000000 -0.041116
DS1.d624.s1.i5 1.000000 0.340978
DS1.d624.s1.i4 -1.000000 -0.071509
DS1.d624.s1.i3 1.000000 0.168239
DS1.d624.s1.i2 -1.000000 0.081777
DS1.d624.s1.i1 1.000000 0.328955
DS1.d624.s1.i0 1.000000 0.169303
DS1.d624.s4.i0 1.000000 0.599308
DS1.d624.s4.i1 1.000000 0.733487
DS1.d624.s4.i2 1.000000 0.824112
DS1.d554.s0.i2 1.000000 0.616051
DS1.d554.s0.i0 1.000000 0.593622
DS1.d554.s0.i1 1.000000 0.493956
DS1.d556.s0.i0 -1.000000 -0.112791
DS1.d557.s0.i0 1.000000 0.889325
DS1.d550.s0.i6 -1.000000 -0.699262
DS1.d550.s0.i7 -1.000000 -0.762144
DS1.d550.s0.i4 -1.000000 -0.678464
DS1.d550.s0.i5 -1.000000 -0.928870
DS1.d550.s0.i2 -1.000000 -0.710747
DS1.d550.s0.i3 -1.000000 -0.735210
DS1.d550.s0.i0 -1.000000 -0.907420
DS1.d550.s0.i1 -1.000000 -0.890818
DS1.d550.s0.i8 -1.000000 -0.775194
DS1.d551.s0.i0 1.000000 0.823514
DS1.d552.s0.i0 1.000000 0.772342
DS1.d552.s0.i1 1.000000 0.804291
DS1.d552.s0.i2 1.000000 0.860691
DS1.d552.s0.i3 1.000000 0.810218
DS1.d253.s0.i0 1.000000 0.924396
DS1.d253.s1.i5 1.000000 0.745428
DS1.d253.s1.i4 1.000000 0.835688
DS1.d253.s1.i7 1.000000 0.814968
DS1.d253.s1.i6 1.000000 0.717697
DS1.d253.s1.i1 1.000000 0.831556
DS1.d253.s1.i0 1.000000 0.799641
DS1.d253.s1.i3 1.000000 0.854036
DS1.d253.s1.i2 1.000000 0.775499
DS1.d253.s2.i0 1.000000 0.773366
DS1.d622.s0.i0 1.000000 0.655909
DS1.d622.s1.i0 1.000000 0.849871
DS1.d251.s0.i4 1.000000 0.670384
DS1.d251.s0.i5 1.000000 0.651334
DS1.d251.s0.i6 1.000000 0.469647
DS1.d251.s0.i7 1.000000 0.641385
DS1.d251.s0.i0 1.000000 0.657462
DS1.d251.s0.i1 1.000000 0.652770
DS1.d251.s0.i2 1.000000 0.482966
DS1.d251.s0.i3 1.000000 0.577006
DS1.d251.s0.i8 1.000000 0.635368
DS1.d250.s1.i0 1.000000 0.829450
DS1.d250.s0.i1 1.000000 0.867984
DS1.d250.s0.i0 1.000000 0.836616
DS1.d558.s0.i0 -1.000000 0.089419
DS1.d558.s1.i1 -1.000000 -0.309487
DS1.d558.s1.i0 1.000000 -0.216109
DS1.d559.s0.i3 -1.000000 -0.666471
DS1.d559.s0.i2 -1.000000 -0.585671
DS1.d559.s0.i1 -1.000000 -0.589793
DS1.d559.s0.i0 -1.000000 -0.674771
DS1.d255.s0.i0 -1.000000 -0.552068
DS1.d255.s0.i1 -1.000000 -0.551598
DS1.d254.s1.i0 -1.000000 -0.473530
DS1.d254.s1.i1 -1.000000 -0.482571
DS1.d254.s0.i1 1.000000 0.797798
DS1.d254.s0.i0 1.000000 0.720722
DS1.d254.s2.i1 1.000000 0.355769
DS1.d254.s2.i0 -1.000000 0.255741
DS1.d621.s4.i1 1.000000 0.164322
DS1.d621.s4.i0 -1.000000 -0.037814
DS1.d621.s1.i0 1.000000 0.757754
DS1.d621.s0.i1 1.000000 0.909623
DS1.d621.s0.i0 1.000000 0.554164
DS1.d621.s3.i0 1.000000 0.328453
DS1.d621.s2.i1 1.000000 0.383560
DS1.d621.s2.i0 -1.000000 0.385049
DS1.d657.s0.i0 -1.000000 0.072999
DS1.d656.s0.i2 -1.000000 -0.209382
DS1.d656.s0.i1 -1.000000 -0.327206
DS1.d656.s0.i0 -1.000000 -0.293626
DS1.d654.s1.i0 1.000000 0.559973
DS1.d654.s0.i0 1.000000 0.944703
DS1.d653.s0.i2 1.000000 0.654607
DS1.d653.s0.i0 1.000000 0.595600
DS1.d653.s0.i1 1.000000 0.652364
DS1.d652.s2.i1 -1.000000 -0.418104
DS1.d652.s2.i0 -1.000000 -0.384785
DS1.d652.s1.i4 -1.000000 -0.042420
DS1.d652.s1.i5 -1.000000 -0.085499
DS1.d652.s1.i6 1.000000 0.337996
DS1.d652.s1.i7 1.000000 0.276044
DS1.d652.s1.i0 1.000000 0.272341
DS1.d652.s1.i1 -1.000000 -0.051461
DS1.d652.s1.i2 -1.000000 -0.088519
DS1.d652.s1.i3 1.000000 0.251309
DS1.d652.s0.i1 -1.000000 0.184779
DS1.d652.s0.i0 1.000000 0.475934
DS1.d651.s0.i0 -1.000000 -0.507371
DS1.d176.s0.i2 1.000000 0.523777
DS1.d176.s0.i0 1.000000 0.462829
DS1.d176.s0.i1 1.000000 0.406217
DS1.d177.s0.i3 -1.000000 -0.756080
DS1.d177.s0.i2 -1.000000 -0.485242
DS1.d177.s0.i1 -1.000000 -0.538734
DS1.d177.s0.i0 -1.000000 -0.628395
DS1.d177.s0.i7 -1.000000 -0.590442
DS1.d177.s0.i6 -1.000000 -0.684913
DS1.d177.s0.i5 -1.000000 -0.837558
DS1.d177.s0.i4 -1.000000 -0.810207
DS1.d174.s0.i0 -1.000000 -1.006800
DS1.d174.s0.i1 -1.000000 -0.515423
DS1.d174.s0.i2 -1.000000 -0.976997
DS1.d174.s0.i3 -1.000000 -0.976346
DS1.d175.s1.i0 1.000000 0.658654
DS1.d175.s0.i1 1.000000 0.650077
DS1.d175.s0.i0 1.000000 0.684268
DS1.d172.s0.i0 -1.000000 0.070348
DS1.d172.s0.i1 1.000000 0.290655
DS1.d173.s0.i0 1.000000 0.701493
DS1.d170.s0.i0 1.000000 0.749006
DS1.d170.s0.i1 1.000000 0.767784
DS1.d171.s1.i0 1.000000 0.759799
DS1.d171.s0.i0 1.000000 0.473964
DS1.d809.s1.i0 1.000000 0.806918
DS1.d809.s1.i1 1.000000 0.850137
DS1.d809.s0.i0 1.000000 0.739868
DS1.d178.s0.i0 1.000000 0.730856
DS1.d178.s1.i1 -1.000000 -0.260629
DS1.d178.s1.i0 -1.000000 -0.385773
DS1.d179.s1.i0 -1.000000 -0.431117
DS1.d179.s1.i1 -1.000000 -0.494319
DS1.d179.s0.i20 -1.000000 -0.905821
DS1.d179.s0.i21 -1.000000 -0.910933
DS1.d179.s0.i22 -1.000000 -0.844744
DS1.d179.s0.i23 -1.000000 -0.855347
DS1.d179.s0.i24 -1.000000 -0.950560
DS1.d179.s0.i25 -1.000000 -0.882678
DS1.d179.s0.i26 -1.000000 -0.912932
DS1.d179.s0.i27 -1.000000 -0.930993
DS1.d179.s0.i28 -1.000000 -0.883621
DS1.d179.s0.i29 -1.000000 -0.880161
DS1.d179.s0.i19 -1.000000 -0.942065
DS1.d179.s0.i18 -1.000000 -0.859683
DS1.d179.s0.i15 -1.000000 -0.878202
DS1.d179.s0.i14 -1.000000 -0.906008
DS1.d179.s0.i17 -1.000000 -0.843711
DS1.d179.s0.i16 -1.000000 -0.853880
DS1.d179.s0.i11 -1.000000 -0.905878
DS1.d179.s0.i10 -1.000000 -0.903155
DS1.d179.s0.i13 -1.000000 -0.907420
DS1.d179.s0.i12 -1.000000 -0.843560
DS1.d179.s0.i9 -1.000000 -0.934160
DS1.d179.s0.i8 -1.000000 -0.938431
DS1.d179.s0.i1 -1.000000 -0.861098
DS1.d179.s0.i0 -1.000000 -0.893365
DS1.d179.s0.i3 -1.000000 -0.914879
DS1.d179.s0.i2 -1.000000 -0.873741
DS1.d179.s0.i5 -1.000000 -0.870101
DS1.d179.s0.i4 -1.000000 -0.929780
DS1.d179.s0.i7 -1.000000 -0.877405
DS1.d179.s0.i6 -1.000000 -0.851787
DS1.d179.s2.i0 1.000000 0.466258
DS1.d807.s1.i0 1.000000 0.602046
DS1.d807.s0.i1 1.000000 0.681217
DS1.d807.s0.i0 1.000000 0.738895
DS1.d712.s0.i2 1.000000 0.651372
DS1.d712.s0.i3 1.000000 0.707344
DS1.d712.s0.i0 1.000000 0.637847
DS1.d712.s0.i1 1.000000 0.687471
DS1.d712.s1.i0 1.000000 0.769211
DS1.d712.s2.i0 -1.000000 -0.212067
DS1.d712.s2.i1 -1.000000 -0.258961
DS1.d713.s1.i0 1.000000 0.405425
DS1.d713.s1.i1 1.000000 0.450972
DS1.d713.s0.i1 1.000000 0.946918
DS1.d713.s0.i0 1.000000 0.965801
DS1.d805.s0.i1 -1.000000 -0.457375
DS1.d805.s0.i0 -1.000000 -0.368231
DS1.d805.s0.i2 -1.000000 -0.735908
DS1.d288.s0.i6 -1.000000 -0.790100
DS1.d288.s0.i7 -1.000000 -0.758739
DS1.d288.s0.i4 -1.000000 -0.838427
DS1.d288.s0.i5 -1.000000 -0.805998
DS1.d288.s0.i2 -1.000000 -0.846626
DS1.d288.s0.i3 -1.000000 -0.872220
DS1.d288.s0.i0 -1.000000 -0.818330
DS1.d288.s0.i1 -1.000000 -0.864751
DS1.d288.s0.i8 -1.000000 -0.814229
DS1.d288.s1.i1 1.000000 0.331454
DS1.d288.s1.i0 -1.000000 -0.029992
DS1.d288.s1.i3 -1.000000 -0.155954
DS1.d288.s1.i2 1.000000 0.242576
DS1.d289.s0.i2 -1.000000 -0.438487
DS1.d289.s0.i1 -1.000000 -0.501241
DS1.d289.s0.i0 -1.000000 -0.003666
DS1.d284.s0.i0 -1.000000 -0.140680
DS1.d285.s3.i4 -1.000000 -0.533949
DS1.d285.s3.i2 -1.000000 -0.482522
DS1.d285.s3.i3 -1.000000 -0.573959
DS1.d285.s3.i0 -1.000000 -0.426406
DS1.d285.s3.i1 -1.000000 -0.595512
DS1.d285.s2.i1 1.000000 0.563213
DS1.d285.s2.i0 1.000000 0.680867
DS1.d285.s1.i0 1.000000 0.647968
DS1.d285.s1.i1 1.000000 0.722209
DS1.d285.s0.i2 1.000000 1.204606
DS1.d285.s0.i1 1.000000 1.119862
DS1.d285.s0.i0 1.000000 1.187418
DS1.d286.s0.i0 -1.000000 0.241638
DS1.d286.s0.i1 1.000000 0.710644
DS1.d286.s0.i2 1.000000 0.439870
DS1.d287.s1.i0 -1.000000 -0.279441
DS1.d287.s1.i1 -1.000000 -0.370832
DS1.d287.s0.i1 1.000000 0.823623
DS1.d287.s0.i0 1.000000 0.665178
DS1.d287.s3.i0 1.000000 0.558159
DS1.d287.s2.i1 -1.000000 0.155392
DS1.d287.s2.i0 1.000000 0.304194
DS1.d280.s0.i0 1.000000 0.598290
DS1.d281.s1.i0 1.000000 0.730633
DS1.d281.s1.i1 1.000000 0.725293
DS1.d281.s0.i0 1.000000 0.837246
DS1.d282.s0.i0 1.000000 0.524014
DS1.d282.s1.i1 1.000000 0.447338
DS1.d282.s1.i0 1.000000 0.572470
DS1.d283.s0.i1 1.000000 0.838936
DS1.d283.s0.i0 1.000000 0.825920
DS1.d283.s0.i3 1.000000 0.772892
DS1.d283.s0.i2 1.000000 0.833087
DS1.d675.s0.i0 1.000000 0.469312
DS1.d674.s0.i1 1.000000 0.435919
DS1.d674.s0.i0 1.000000 0.607649
DS1.d677.s0.i0 -1.000000 -0.397188
DS1.d677.s0.i1 -1.000000 -0.398700
DS1.d677.s0.i2 1.000000 -0.327843
DS1.d677.s0.i3 -1.000000 -0.341873
DS1.d778.s0.i0 1.000000 1.077743
DS1.d778.s1.i1 1.000000 0.593051
DS1.d778.s1.i0 -1.000000 0.002863
DS1.d778.s2.i0 1.000000 0.932026
DS1.d778.s2.i1 1.000000 0.941768
DS1.d779.s0.i0 -1.000000 -0.426831
DS1.d673.s0.i0 1.000000 0.844533
DS1.d672.s0.i1 -1.000000 -0.590209
DS1.d672.s0.i0 1.000000 -0.078150
DS1.d672.s0.i3 -1.000000 -0.474493
DS1.d672.s0.i2 1.000000 -0.009665
DS1.d672.s0.i5 -1.000000 -0.544621
DS1.d672.s0.i4 -1.000000 -0.389918
DS1.d672.s0.i7 -1.000000 -0.440559
DS1.d672.s0.i6 -1.000000 -0.358243
DS1.d672.s0.i9 -1.000000 -0.531218
DS1.d672.s0.i8 1.000000 -0.032475
DS1.d672.s0.i11 -1.000000 -0.507239
DS1.d672.s0.i10 -1.000000 -0.421124
DS1.d776.s0.i0 1.000000 0.509613
DS1.d776.s0.i1 1.000000 0.509613
DS1.d777.s0.i0 -1.000000 -0.184498
DS1.d770.s0.i0 1.000000 0.749745
DS1.d770.s0.i1 1.000000 0.815719
DS1.d771.s0.i0 1.000000 0.734198
DS1.d772.s0.i0 -1.000000 0.403396
DS1.d772.s0.i1 -1.000000 0.345524
DS1.d473.s0.i0 -1.000000 -0.268443
DS1.d473.s0.i1 -1.000000 -0.209382
DS1.d471.s0.i4 1.000000 0.689285
DS1.d471.s0.i5 1.000000 0.666502
DS1.d471.s0.i0 1.000000 0.782412
DS1.d471.s0.i1 1.000000 0.670472
DS1.d471.s0.i2 1.000000 0.776701
DS1.d471.s0.i3 1.000000 0.694729
DS1.d470.s0.i0 1.000000 0.678782
DS1.d476.s0.i1 1.000000 0.962560
DS1.d476.s0.i0 1.000000 0.966347
DS1.d475.s2.i0 1.000000 1.028991
DS1.d475.s0.i0 -1.000000 -0.244298
DS1.d475.s0.i1 1.000000 0.125542
DS1.d475.s1.i0 1.000000 0.272197
DS1.d474.s0.i0 -1.000000 -0.039535
DS1.d479.s0.i0 1.000000 0.605702
DS1.d719.s0.i1 -1.000000 0.117229
DS1.d719.s0.i0 1.000000 0.120435
DS1.d56.s0.i0 1.000000 0.311464
DS1.d57.s0.i0 1.000000 0.710176
DS1.d54.s0.i0 -1.000000 0.123299
DS1.d698.s1.i0 1.000000 0.575431
DS1.d698.s0.i0 1.000000 0.637296
DS1.d52.s0.i0 1.000000 0.331373
DS1.d52.s1.i0 1.000000 0.567710
DS1.d52.s2.i0 1.000000 0.755634
DS1.d53.s0.i0 1.000000 0.493115
DS1.d50.s0.i0 1.000000 0.878116
DS1.d51.s0.i1 -1.000000 -0.178176
DS1.d51.s0.i0 -1.000000 -0.271778
DS1.d51.s0.i2 -1.000000 -0.268753
DS1.d693.s0.i2 -1.000000 -0.711249
DS1.d693.s0.i3 -1.000000 -0.684128
DS1.d693.s0.i0 -1.000000 -0.623656
DS1.d693.s0.i1 -1.000000 -0.700155
DS1.d692.s0.i1 1.000000 0.725436
DS1.d692.s0.i0 1.000000 0.708385
DS1.d691.s0.i0 1.000000 0.331458
DS1.d690.s1.i0 1.000000 0.901821
DS1.d690.s0.i0 1.000000 0.578275
DS1.d690.s3.i0 1.000000 0.741000
DS1.d690.s2.i0 1.000000 0.414352
DS1.d690.s5.i2 1.000000 0.940583
DS1.d690.s5.i3 1.000000 0.861777
DS1.d690.s5.i0 1.000000 0.882261
DS1.d690.s5.i1 1.000000 0.793340
DS1.d690.s4.i0 -1.000000 -0.736514
DS1.d690.s6.i0 -1.000000 -0.077341
DS1.d697.s0.i2 1.000000 0.583078
DS1.d697.s0.i3 1.000000 0.629663
DS1.d697.s0.i0 1.000000 0.681672
DS1.d697.s0.i1 1.000000 0.678886
DS1.d696.s3.i2 -1.000000 0.650871
DS1.d696.s3.i0 1.000000 0.604116
DS1.d696.s3.i1 1.000000 0.708254
DS1.d696.s2.i0 1.000000 0.917889
DS1.d696.s1.i0 1.000000 0.386123
DS1.d696.s1.i1 -1.000000 0.219380
DS1.d696.s0.i5 -1.000000 0.274528
DS1.d696.s0.i4 1.000000 0.566889
DS1.d696.s0.i3 1.000000 0.241801
DS1.d696.s0.i2 -1.000000 0.229682
DS1.d696.s0.i1 1.000000 0.634002
DS1.d696.s0.i0 1.000000 0.275974
DS1.d696.s5.i0 1.000000 0.616373
DS1.d696.s5.i1 1.000000 0.401149
DS1.d696.s5.i2 -1.000000 0.525078
DS1.d696.s4.i0 1.000000 1.062798
DS1.d695.s2.i0 1.000000 0.628048
DS1.d695.s2.i1 1.000000 0.402496
DS1.d695.s0.i0 1.000000 0.579459
DS1.d695.s0.i1 1.000000 0.622129
DS1.d695.s1.i2 -1.000000 -0.350162
DS1.d695.s1.i1 -1.000000 -0.078023
DS1.d695.s1.i0 -1.000000 -0.032295
DS1.d694.s0.i1 -1.000000 0.231950
DS1.d694.s0.i0 1.000000 0.414947
DS1.d694.s0.i2 1.000000 0.463964
DS1.d703.s0.i0 1.000000 0.819914
DS1.d590.s0.i0 1.000000 0.576777
DS1.d591.s0.i3 1.000000 0.573972
DS1.d591.s0.i2 1.000000 0.422019
DS1.d591.s0.i1 1.000000 0.676438
DS1.d591.s0.i0 1.000000 0.670560
DS1.d592.s0.i0 1.000000 0.521484
DS1.d593.s0.i0 1.000000 0.840360
DS1.d594.s0.i2 1.000000 0.585778
DS1.d594.s0.i0 1.000000 0.648744
DS1.d594.s0.i1 1.000000 0.707174
DS1.d595.s0.i2 1.000000 0.720912
DS1.d595.s0.i1 1.000000 0.714278
DS1.d595.s0.i0 1.000000 0.623752
DS1.d596.s0.i0 1.000000 0.712785
DS1.d596.s0.i1 1.000000 0.811825
DS1.d447.s0.i0 1.000000 0.846310
DS1.d598.s0.i0 1.000000 1.088708
DS1.d598.s0.i1 1.000000 1.088708
DS1.d599.s1.i0 -1.000000 -0.093043
DS1.d599.s0.i0 1.000000 0.523498
DS1.d444.s0.i0 -1.000000 -0.159640
DS1.d444.s0.i1 1.000000 0.640645
DS1.d444.s0.i2 -1.000000 -0.190390
DS1.d600.s0.i0 1.000000 0.921869
DS1.d601.s0.i0 1.000000 0.403143
DS1.d602.s0.i0 -1.000000 0.256581
DS1.d603.s0.i1 1.000000 0.485033
DS1.d603.s0.i0 1.000000 0.601357
DS1.d604.s0.i0 1.000000 0.861036
DS1.d605.s1.i0 -1.000000 -0.015767
DS1.d605.s1.i1 1.000000 0.009744
DS1.d605.s1.i2 1.000000 0.490440
DS1.d605.s0.i4 -1.000000 0.045416
DS1.d605.s0.i3 -1.000000 0.038966
DS1.d605.s0.i2 1.000000 0.356494
DS1.d605.s0.i1 -1.000000 0.030759
DS1.d605.s0.i0 1.000000 0.385201
DS1.d358.s0.i0 1.000000 0.651333
DS1.d358.s1.i0 1.000000 0.614262
DS1.d607.s0.i1 1.000000 0.372316
DS1.d607.s0.i0 1.000000 0.410665
DS1.d607.s0.i2 -1.000000 0.308010
DS1.d608.s0.i0 1.000000 0.880129
DS1.d608.s0.i1 1.000000 0.748087
DS1.d608.s1.i1 1.000000 0.510201
DS1.d608.s1.i0 1.000000 0.542964
DS1.d609.s1.i0 -1.000000 0.018131
DS1.d609.s1.i1 -1.000000 0.075453
DS1.d609.s1.i2 1.000000 0.362131
DS1.d609.s0.i1 1.000000 0.236016
DS1.d609.s0.i0 -1.000000 -0.104099
DS1.d355.s0.i0 -1.000000 -0.391797
DS1.d219.s0.i0 1.000000 0.579119
DS1.d219.s0.i1 1.000000 0.515396
DS1.d219.s1.i2 -1.000000 -0.519614
DS1.d219.s1.i1 -1.000000 -0.489044
DS1.d219.s1.i0 -1.000000 -0.446328
DS1.d443.s2.i1 1.000000 0.664683
DS1.d443.s2.i0 1.000000 0.818343
DS1.d443.s2.i2 1.000000 0.868451
DS1.d443.s1.i0 -1.000000 0.367471
DS1.d443.s1.i1 -1.000000 0.209215
DS1.d443.s1.i2 1.000000 0.445546
DS1.d443.s0.i1 1.000000 0.721863
DS1.d443.s0.i0 1.000000 0.620486
DS1.d828.s0.i0 -1.000000 -0.025905
DS1.d829.s0.i0 1.000000 0.508656
DS1.d440.s0.i0 1.000000 0.185438
DS1.d822.s0.i0 -1.000000 0.428743
DS1.d823.s0.i0 -1.000000 0.076778
DS1.d824.s0.i0 1.000000 0.262514
DS1.d824.s0.i1 1.000000 0.202157
DS1.d825.s2.i1 -1.000000 -0.474594
DS1.d825.s2.i0 -1.000000 -0.474594
DS1.d825.s1.i4 -1.000000 -0.454344
DS1.d825.s1.i5 -1.000000 -0.454344
DS1.d825.s1.i0 -1.000000 -0.714570
DS1.d825.s1.i1 -1.000000 -0.475980
DS1.d825.s1.i2 -1.000000 -0.714570
DS1.d825.s1.i3 -1.000000 -0.793239
DS1.d825.s0.i7 1.000000 0.853960
DS1.d825.s0.i6 1.000000 0.782907
DS1.d825.s0.i5 1.000000 0.538342
DS1.d825.s0.i4 1.000000 0.757456
DS1.d825.s0.i3 1.000000 0.816146
DS1.d825.s0.i2 1.000000 0.787726
DS1.d825.s0.i1 1.000000 0.573329
DS1.d825.s0.i0 1.000000 0.832864
DS1.d826.s2.i2 1.000000 1.017314
DS1.d826.s2.i3 1.000000 1.067252
DS1.d826.s2.i0 1.000000 0.733933
DS1.d826.s2.i1 1.000000 0.769677
DS1.d826.s3.i1 1.000000 0.798625
DS1.d826.s3.i0 1.000000 0.798625
DS1.d826.s3.i3 1.000000 0.830354
DS1.d826.s3.i2 1.000000 0.830354
DS1.d826.s0.i0 1.000000 0.122653
DS1.d826.s0.i1 1.000000 0.118759
DS1.d826.s0.i2 -1.000000 0.138058
DS1.d826.s0.i3 -1.000000 0.122139
DS1.d826.s0.i4 -1.000000 0.201164
DS1.d826.s0.i5 1.000000 0.121845
DS1.d826.s0.i6 1.000000 0.185953
DS1.d826.s0.i7 -1.000000 0.138786
DS1.d826.s1.i2 1.000000 0.500357
DS1.d826.s1.i1 1.000000 0.628606
DS1.d826.s1.i0 1.000000 0.447847
DS1.d827.s0.i1 -1.000000 -0.386280
DS1.d827.s0.i0 -1.000000 -0.430812
DS1.d827.s0.i2 -1.000000 -0.515928
DS1.d732.s0.i0 -1.000000 0.365731
DS1.d732.s0.i1 1.000000 0.187253
DS1.d732.s0.i2 1.000000 0.224145
DS1.d733.s0.i1 1.000000 0.647570
DS1.d733.s0.i0 1.000000 0.670931
DS1.d733.s0.i3 1.000000 0.663042
DS1.d733.s0.i2 1.000000 0.658723
DS1.d509.s0.i0 -1.000000 -0.743935
DS1.d509.s0.i1 -1.000000 -0.638564
DS1.d509.s0.i2 -1.000000 -0.597313
DS1.d508.s0.i0 1.000000 0.558474
DS1.d503.s0.i0 1.000000 0.597033
DS1.d502.s1.i0 1.000000 -0.160429
DS1.d502.s1.i1 -1.000000 0.050145
DS1.d502.s1.i2 -1.000000 0.120222
DS1.d502.s0.i2 1.000000 0.412932
DS1.d502.s0.i1 1.000000 0.717402
DS1.d502.s0.i0 1.000000 0.626841
DS1.d501.s0.i0 1.000000 0.545067
DS1.d501.s0.i1 1.000000 0.569515
DS1.d500.s0.i0 1.000000 0.793803
DS1.d507.s0.i0 1.000000 0.217096
DS1.d507.s0.i1 -1.000000 0.308753
DS1.d506.s0.i1 1.000000 0.636942
DS1.d506.s0.i0 1.000000 0.694581
DS1.d505.s0.i0 1.000000 0.551558
DS1.d504.s1.i0 1.000000 0.680963
DS1.d504.s1.i1 1.000000 0.907557
DS1.d504.s0.i0 1.000000 0.513583
DS1.d132.s0.i0 1.000000 0.222593
DS1.d133.s3.i0 1.000000 0.688098
DS1.d133.s2.i0 1.000000 0.527363
DS1.d133.s1.i0 1.000000 0.577773
DS1.d133.s0.i0 1.000000 0.479091
DS1.d130.s0.i8 1.000000 0.991302
DS1.d130.s0.i9 1.000000 0.939405
DS1.d130.s0.i4 1.000000 0.904786
DS1.d130.s0.i5 1.000000 0.933283
DS1.d130.s0.i6 1.000000 0.929324
DS1.d130.s0.i7 1.000000 0.972356
DS1.d130.s0.i0 1.000000 0.852133
DS1.d130.s0.i1 1.000000 0.965720
DS1.d130.s0.i2 1.000000 0.908785
DS1.d130.s0.i3 1.000000 0.942495
DS1.d131.s0.i0 1.000000 0.679289
DS1.d136.s0.i0 1.000000 0.634526
DS1.d136.s0.i1 1.000000 0.694831
DS1.d137.s1.i0 -1.000000 -0.082048
DS1.d137.s0.i0 -1.000000 -0.020102
DS1.d135.s1.i2 -1.000000 -0.456694
DS1.d135.s1.i0 1.000000 -0.293771
DS1.d135.s1.i1 -1.000000 -0.206348
DS1.d135.s0.i1 1.000000 0.288032
DS1.d135.s0.i0 1.000000 0.293816
DS1.d138.s2.i0 1.000000 0.788433
DS1.d138.s3.i0 1.000000 0.787028
DS1.d138.s0.i0 1.000000 0.828542
DS1.d138.s1.i0 1.000000 0.066096
DS1.d139.s1.i2 1.000000 0.757369
DS1.d139.s1.i3 1.000000 0.854400
DS1.d139.s1.i0 1.000000 0.879742
DS1.d139.s1.i1 1.000000 0.737985
DS1.d139.s0.i1 -1.000000 0.011721
DS1.d139.s0.i0 -1.000000 -0.049761
DS1.d139.s2.i2 1.000000 0.657754
DS1.d139.s2.i1 1.000000 0.578625
DS1.d139.s2.i0 1.000000 0.578625
DS1.d520.s1.i0 1.000000 0.717853
DS1.d520.s1.i1 1.000000 0.436037
DS1.d520.s1.i2 1.000000 0.421715
DS1.d520.s0.i1 -1.000000 -0.409108
DS1.d520.s0.i0 1.000000 0.032978
DS1.d735.s3.i0 -1.000000 -0.152850
DS1.d735.s2.i1 -1.000000 0.040817
DS1.d735.s2.i0 1.000000 0.467347
DS1.d735.s1.i0 1.000000 0.945535
DS1.d735.s1.i1 1.000000 0.761991
DS1.d735.s0.i0 1.000000 1.170518
DS1.d791.s0.i0 1.000000 0.730291
DS1.d371.s0.i3 1.000000 0.708181
DS1.d371.s0.i2 1.000000 0.776737
DS1.d371.s0.i1 1.000000 0.719451
DS1.d371.s0.i0 1.000000 0.769727
DS1.d529.s0.i0 1.000000 -0.008617
DS1.d528.s0.i1 1.000000 0.675788
DS1.d528.s0.i0 1.000000 0.695865
DS1.d439.s0.i0 1.000000 0.520399
DS1.d437.s0.i2 1.000000 0.399218
DS1.d437.s0.i0 -1.000000 -0.177546
DS1.d437.s0.i1 -1.000000 -0.157964
DS1.d436.s0.i0 1.000000 0.550382
DS1.d434.s0.i0 1.000000 0.412325
DS1.d433.s0.i0 1.000000 0.551066
DS1.d433.s1.i1 1.000000 0.680171
DS1.d433.s1.i0 1.000000 0.830376
DS1.d433.s1.i3 1.000000 0.745469
DS1.d433.s1.i2 1.000000 0.796422
DS1.d433.s2.i0 1.000000 0.914905
DS1.d433.s3.i0 1.000000 0.810085
DS1.d432.s1.i0 1.000000 0.907855
DS1.d432.s1.i1 1.000000 0.821478
DS1.d432.s0.i3 1.000000 0.463327
DS1.d432.s0.i2 1.000000 0.897906
DS1.d432.s0.i1 1.000000 0.513537
DS1.d432.s0.i0 1.000000 0.802257
DS1.d431.s0.i0 1.000000 0.756940
DS1.d431.s0.i1 1.000000 0.993902
DS1.d431.s0.i2 1.000000 0.811975
DS1.d431.s0.i3 1.000000 0.913771
DS1.d431.s0.i4 1.000000 0.809999
DS1.d431.s0.i5 1.000000 0.975372
DS1.d430.s0.i1 1.000000 0.738252
DS1.d430.s0.i0 1.000000 0.760701
DS1.d430.s0.i3 1.000000 0.755571
DS1.d430.s0.i2 1.000000 0.771938
DS1.d350.s0.i0 1.000000 0.655268
DS1.d350.s0.i1 1.000000 0.618712
DS1.d350.s0.i2 1.000000 0.655028
DS1.d350.s0.i3 1.000000 0.593301
DS1.d350.s1.i3 -1.000000 -0.549918
DS1.d350.s1.i2 -1.000000 -0.518914
DS1.d350.s1.i1 -1.000000 -0.531778
DS1.d350.s1.i0 -1.000000 -0.503687
DS1.d720.s1.i2 1.000000 -0.032148
DS1.d720.s1.i3 1.000000 0.287664
DS1.d720.s1.i0 -1.000000 -0.208320
DS1.d720.s1.i1 -1.000000 -0.208320
DS1.d720.s0.i1 -1.000000 -0.186118
DS1.d720.s0.i0 1.000000 0.050803
DS1.d720.s3.i0 1.000000 0.677040
DS1.d720.s3.i1 1.000000 0.264575
DS1.d720.s2.i0 1.000000 0.860709
