DS3.d9.s0.i0 1.0 1.64871391476
DS3.d13.s0.i0 1.0 1.16942907839
DS3.d13.s0.i1 1.0 1.58374909793
DS3.d13.s1.i0 1.0 0.510425000852
DS3.d13.s2.i0 1.0 0.601521876148
DS3.d13.s2.i1 1.0 0.423028482977
DS3.d13.s2.i2 1.0 0.808630810186
DS3.d13.s3.i0 -1 0.192889962684
DS3.d13.s3.i1 -1 0.293774843899
DS3.d13.s4.i0 1.0 1.05521357142
DS3.d13.s4.i1 -1 -0.376238586292
DS3.d34.s0.i0 1.0 0.0289143407568
DS3.d34.s0.i1 1.0 0.233442974679
DS3.d36.s0.i0 1.0 1.95018959348
DS3.d36.s1.i0 1.0 0.735236787758
DS3.d36.s2.i0 1.0 2.64439426434
DS3.d36.s2.i1 1.0 1.49187540207
DS3.d42.s0.i0 1.0 0.231509595462
DS3.d55.s0.i0 1.0 1.77689020835
DS3.d84.s0.i0 -1 0.0690266367757
DS3.d84.s0.i1 -1 -0.852116714986
DS3.d88.s0.i0 -1 -1.51121356573
DS3.d88.s0.i1 -1 -1.09621476354
DS3.d93.s0.i0 1.0 0.341033697939
DS3.d95.s0.i0 -1 0.215260707243
DS3.d95.s0.i1 -1 0.698586584949
DS3.d95.s0.i2 -1 0.433180061195
DS3.d95.s0.i3 -1 0.241121838337
DS3.d104.s0.i0 -1 1.22143381774
DS3.d113.s0.i0 -1 0.030357394471
DS3.d113.s0.i1 -1 0.030357394471
DS3.d119.s0.i0 -1 -1.31403221987
DS3.d119.s0.i1 -1 -0.626845952807
DS3.d119.s0.i2 -1 0.386981652485
DS3.d122.s0.i0 1.0 -0.23772527266
DS3.d124.s0.i0 1.0 1.01946850099
DS3.d124.s0.i1 1.0 0.763021207317
DS3.d124.s0.i2 1.0 1.20332763758
DS3.d124.s0.i3 1.0 0.879240018953
DS3.d124.s0.i4 1.0 1.14159991791
DS3.d124.s0.i5 1.0 1.17623051183
DS3.d126.s0.i0 1.0 0.69026919534
DS3.d141.s0.i0 -1 0.549014664183
DS3.d141.s1.i0 1.0 0.307600241923
DS3.d141.s1.i1 1.0 0.834459258229
DS3.d141.s2.i0 1.0 0.397413208174
DS3.d147.s0.i0 -1 -0.0918999597644
DS3.d147.s0.i1 -1 -0.00137141795821
DS3.d147.s0.i2 -1 -1.12601502492
DS3.d147.s0.i3 -1 0.369303751199
DS3.d160.s0.i0 -1 0.0967236700943
DS3.d160.s0.i1 -1 -0.0451257937074
DS3.d160.s0.i2 -1 -0.286288984149
DS3.d160.s0.i3 -1 0.082375461941
DS3.d160.s0.i4 -1 0.0766503427384
DS3.d160.s0.i5 -1 -0.487457877287
DS3.d178.s0.i0 1.0 1.84014810543
DS3.d178.s1.i0 -1 -0.231954854869
DS3.d178.s1.i1 -1 -0.0837187244005
DS3.d181.s0.i0 1.0 2.28248304703
DS3.d183.s0.i0 -1 0.656839164678
DS3.d183.s0.i1 -1 0.413788498087
DS3.d183.s0.i2 -1 0.498075596332
DS3.d188.s0.i0 -1 -0.263574155629
DS3.d188.s0.i1 -1 -0.387312099256
DS3.d189.s0.i0 -1 1.55670344045
DS3.d200.s0.i0 1.0 0.776336138059
DS3.d200.s0.i1 -1 -1.13892063367
DS3.d217.s0.i0 -1 1.64343878429
DS3.d217.s1.i0 -1 0.410765797149
DS3.d217.s1.i1 -1 0.0734064760224
DS3.d222.s0.i0 1.0 0.0465270816103
DS3.d227.s0.i0 1.0 0.356736544934
DS3.d227.s0.i1 1.0 0.356736544934
DS3.d228.s0.i0 1.0 1.00005852266
DS3.d228.s1.i0 1.0 0.387360283839
DS3.d228.s1.i1 1.0 0.918218543214
DS3.d230.s0.i0 1.0 0.994483816925
DS3.d230.s0.i1 1.0 1.24288526457
DS3.d230.s0.i2 1.0 1.09787218468
DS3.d230.s0.i3 1.0 1.15700438639
DS3.d269.s0.i0 1.0 1.36622680866
DS3.d269.s1.i0 1.0 0.190333528281
DS3.d269.s1.i1 1.0 -0.294465592768
DS3.d269.s1.i2 -1 -1.91084298869
DS3.d269.s2.i0 -1 -1.07531097772
DS3.d269.s2.i1 -1 -0.829895755458
DS3.d269.s2.i2 1.0 -0.332287224289
DS3.d269.s2.i3 -1 -0.506737994297
DS3.d269.s2.i4 1.0 -0.513921344757
DS3.d269.s2.i5 -1 -1.55318246418
DS3.d269.s2.i6 -1 -0.221091172907
DS3.d269.s2.i7 -1 -0.511952233494
DS3.d272.s0.i0 1.0 -0.438455034412
DS3.d272.s0.i1 1.0 -0.332016577711
DS3.d272.s0.i2 1.0 -0.280179090912
DS3.d272.s1.i0 1.0 -0.288926134523
DS3.d272.s1.i1 1.0 -0.318580441757
DS3.d272.s1.i2 1.0 -0.190872872576
DS3.d272.s2.i0 1.0 1.30649822104
DS3.d272.s3.i0 1.0 1.34616748031
DS3.d272.s4.i0 -1 -0.583628348161
DS3.d273.s0.i0 1.0 1.26036452181
DS3.d273.s1.i0 1.0 0.562349445668
DS3.d273.s1.i1 1.0 0.518728540255
DS3.d274.s0.i0 1.0 0.696185294814
DS3.d278.s0.i0 1.0 0.340808025407
DS3.d278.s0.i1 1.0 0.533186397139
DS3.d278.s0.i2 1.0 0.533186397139
DS3.d278.s0.i3 1.0 0.340808025407
DS3.d303.s0.i0 1.0 0.525736374523
DS3.d303.s0.i1 -1 -0.0921810226153
DS3.d304.s0.i0 -1 -0.855286680363
DS3.d316.s0.i0 1.0 0.673286810088
DS3.d316.s0.i1 1.0 0.361506864331
DS3.d316.s1.i0 1.0 0.193938090847
DS3.d316.s1.i1 1.0 0.000900913893209
DS3.d316.s2.i0 1.0 0.590829363114
DS3.d316.s2.i1 1.0 0.590829363114
DS3.d317.s0.i0 1.0 -0.347237568933
DS3.d317.s0.i1 1.0 -0.418481938018
DS3.d317.s0.i2 1.0 0.607726297709
DS3.d317.s0.i3 1.0 0.434664012316
DS3.d317.s0.i4 1.0 -0.646069398793
DS3.d317.s0.i5 1.0 -0.713087405274
DS3.d317.s0.i6 1.0 -0.251099016652
DS3.d317.s0.i7 1.0 -0.21463269573
DS3.d317.s0.i8 1.0 -0.101768944544
DS3.d317.s0.i9 1.0 0.358837361514
DS3.d317.s0.i10 1.0 -0.187176187223
DS3.d317.s0.i11 1.0 -0.144375852979
DS3.d336.s0.i0 1.0 1.45105194151
DS3.d347.s0.i0 1.0 0.366570578449
DS3.d347.s1.i0 -1 0.188189556436
DS3.d347.s1.i1 -1 -1.08490011511
DS3.d347.s1.i2 -1 -0.198230702427
DS3.d347.s1.i3 -1 -0.92198052487
DS3.d347.s1.i4 -1 -0.595533346922
DS3.d347.s1.i5 -1 -0.651234793396
DS3.d381.s0.i0 -1 1.1463854122
DS3.d381.s0.i1 1.0 1.26234739966
DS3.d381.s0.i2 1.0 1.61201517388
DS3.d381.s0.i3 1.0 1.32293411956
DS3.d381.s0.i4 -1 0.912306994624
DS3.d381.s0.i5 -1 1.06530197029
DS3.d381.s1.i0 1.0 0.145441807054
DS3.d400.s0.i0 1.0 0.964112858471
DS3.d400.s0.i1 1.0 0.681210781118
DS3.d426.s0.i0 1.0 0.646428054365
DS3.d427.s0.i0 1.0 -0.0738902112745
DS3.d427.s0.i1 1.0 0.350871403231
DS3.d459.s0.i0 -1 0.479723004561
DS3.d459.s0.i1 -1 0.257149325271
DS3.d459.s0.i2 -1 0.585537236603
DS3.d459.s0.i3 -1 0.511191004938
DS3.d461.s0.i0 -1 -0.376418307224
DS3.d461.s0.i1 -1 -0.234342058001
DS3.d461.s0.i2 -1 -0.399534556078
DS3.d461.s0.i3 -1 -0.226781958463
DS3.d467.s0.i0 1.0 0.380556721236
DS3.d474.s0.i0 -1 1.80185764764
DS3.d492.s0.i0 1.0 1.11376936536
DS3.d492.s0.i1 -1 0.326301454277
DS3.d492.s1.i0 1.0 0.530238195023
DS3.d492.s1.i1 1.0 1.720565854
DS3.d492.s1.i2 1.0 2.04508868209
DS3.d492.s2.i0 1.0 0.402451353871
DS3.d492.s3.i0 -1 -0.712593122823
DS3.d498.s0.i0 1.0 0.716462736317
DS3.d498.s0.i1 1.0 0.716462736317
DS3.d520.s0.i0 1.0 0.0931835499067
DS3.d520.s0.i1 -1 -0.449798330016
DS3.d520.s1.i0 1.0 -0.5353018012
DS3.d520.s1.i1 1.0 0.230609966147
DS3.d520.s1.i2 1.0 0.45111533324
DS3.d526.s0.i0 1.0 1.24211930525
DS3.d526.s0.i1 1.0 1.13783040634
DS3.d526.s0.i2 1.0 1.12272924914
DS3.d526.s0.i3 1.0 0.33141041077
DS3.d526.s1.i0 1.0 -0.0151602903118
DS3.d526.s1.i1 1.0 -0.0151602903118
DS3.d526.s2.i0 -1 -0.756376491047
DS3.d526.s2.i1 -1 -0.103067892472
DS3.d532.s0.i0 -1 0.43496399463
DS3.d539.s0.i0 1.0 0.335030501304
DS3.d539.s0.i1 -1 -1.51001828373
DS3.d550.s0.i0 -1 -0.385815033885
DS3.d550.s0.i1 -1 -0.45111422445
DS3.d550.s0.i2 -1 -0.218106092272
DS3.d550.s0.i3 -1 -0.517249118467
DS3.d550.s0.i4 -1 -0.229394964562
DS3.d550.s0.i5 -1 0.12188945374
DS3.d550.s0.i6 -1 -0.349207528932
DS3.d550.s0.i7 -1 -0.488193397291
DS3.d550.s0.i8 -1 -0.435845368326
DS3.d563.s0.i0 1.0 -0.145784192158
DS3.d563.s0.i1 1.0 -0.281805819603
DS3.d563.s0.i2 1.0 0.440613985684
DS3.d563.s0.i3 1.0 -0.0273997574741
DS3.d563.s0.i4 1.0 0.740825853149
DS3.d563.s0.i5 1.0 0.573852832856
DS3.d563.s0.i6 1.0 0.470243709467
DS3.d563.s0.i7 1.0 -0.229742283191
DS3.d564.s0.i0 -1 -1.26310212701
DS3.d564.s0.i1 -1 -1.51042601928
DS3.d565.s0.i0 1.0 0.473866178481
DS3.d569.s0.i0 1.0 1.98724329854
DS3.d569.s0.i1 -1 1.12989798507
DS3.d570.s0.i0 1.0 0.709841285876
DS3.d570.s1.i0 1.0 0.895726462814
DS3.d570.s2.i0 1.0 1.67033041543
DS3.d570.s3.i0 1.0 0.758128245203
DS3.d573.s0.i0 1.0 1.23165392842
DS3.d573.s0.i1 1.0 1.77979282487
DS3.d573.s0.i2 1.0 1.43765588343
DS3.d573.s0.i3 1.0 1.07882565367
DS3.d579.s0.i0 -1 0.254285433628
DS3.d579.s0.i1 -1 -1.10738242811
DS3.d579.s0.i2 -1 -0.0856604170698
DS3.d579.s0.i3 -1 0.100740179632
DS3.d582.s0.i0 1.0 -0.0656387901633
DS3.d582.s0.i1 1.0 0.202931980776
DS3.d584.s0.i0 -1 0.0235784994648
DS3.d593.s0.i0 1.0 1.31244324215
DS3.d633.s0.i0 1.0 0.753884493776
DS3.d633.s0.i1 1.0 0.674486985656
DS3.d633.s0.i2 1.0 1.29422579977
DS3.d633.s0.i3 1.0 0.691192992219
DS3.d633.s1.i0 1.0 0.458374271555
DS3.d633.s1.i1 1.0 0.355792489113
DS3.d633.s1.i2 1.0 0.439484833871
DS3.d633.s1.i3 1.0 0.35384246272
DS3.d633.s2.i0 1.0 1.42673464657
DS3.d633.s2.i1 1.0 1.27932463201
DS3.d633.s3.i0 1.0 1.44620605758
DS3.d633.s3.i1 1.0 1.38215097973
DS3.d639.s0.i0 -1 -0.311665612233
DS3.d640.s0.i0 -1 1.59915836264
DS3.d643.s0.i0 -1 0.730553212931
DS3.d643.s0.i1 -1 0.219440651131
DS3.d643.s0.i2 -1 0.764565530177
DS3.d643.s0.i3 1.0 0.771284887101
DS3.d643.s0.i4 -1 0.141880958359
DS3.d643.s0.i5 1.0 0.661084495707
DS3.d656.s0.i0 -1 0.44017145757
DS3.d656.s0.i1 -1 0.563185044698
DS3.d656.s0.i2 -1 0.516661896923
DS3.d683.s0.i0 -1 0.354566917981
DS3.d683.s0.i1 -1 0.662463124115
DS3.d683.s0.i2 -1 0.278773207503
DS3.d683.s0.i3 -1 1.06961172203
DS3.d683.s0.i4 -1 -0.159291438261
DS3.d683.s0.i5 -1 0.780936351411
DS3.d692.s0.i0 1.0 1.34521903102
DS3.d692.s0.i1 1.0 1.20360826338
DS3.d696.s0.i0 1.0 0.751766149205
DS3.d696.s0.i1 1.0 1.48483877144
DS3.d696.s0.i2 -1 1.01636035705
DS3.d696.s0.i3 1.0 1.17809252924
DS3.d696.s0.i4 1.0 2.03145885897
DS3.d696.s0.i5 -1 0.791426164605
DS3.d696.s1.i0 1.0 1.59408181186
DS3.d696.s1.i1 -1 0.714831414015
DS3.d696.s2.i0 1.0 1.68689422906
DS3.d696.s3.i0 1.0 1.29452819904
DS3.d696.s3.i1 1.0 0.946758850504
DS3.d696.s3.i2 -1 0.622096602006
DS3.d696.s4.i0 1.0 2.54454490631
DS3.d696.s5.i0 1.0 0.768281206629
DS3.d696.s5.i1 1.0 1.15831061819
DS3.d696.s5.i2 -1 0.83933720199
DS3.d711.s0.i0 -1 0.352419798751
DS3.d741.s0.i0 1.0 0.670280473809
DS3.d744.s0.i0 -1 -0.39429124063
DS3.d744.s0.i1 -1 -0.193818492675
DS3.d769.s0.i0 1.0 0.125403686675
DS3.d782.s0.i0 1.0 0.679540177527
DS3.d797.s0.i0 1.0 0.702663486045
DS3.d797.s1.i0 1.0 0.465993230031
DS3.d797.s1.i1 1.0 1.37253053339
DS3.d797.s1.i2 1.0 1.26176433949
DS3.d807.s0.i0 1.0 0.414404677331
DS3.d807.s0.i1 1.0 0.5389848379
DS3.d807.s1.i0 1.0 0.6445163153
DS3.d814.s0.i0 -1 0.295590930942
DS3.d814.s0.i1 -1 0.999725581842
DS3.d814.s0.i2 -1 0.647662488022
DS3.d814.s1.i0 -1 -0.800131578283
DS3.d814.s1.i1 -1 -0.53083761193
DS3.d819.s0.i0 -1 0.640198001043
DS3.d819.s0.i1 -1 0.362387036797
DS3.d831.s0.i0 1.0 1.40462955415
DS3.d858.s0.i0 1.0 -1.45699848886
DS3.d858.s0.i1 1.0 -1.28872081921
DS3.d858.s0.i2 1.0 -1.41590584179
DS3.d865.s0.i0 1.0 0.519589113102
DS3.d865.s0.i1 1.0 0.267586071335
DS3.d883.s0.i0 1.0 0.812594298555
DS3.d883.s0.i1 1.0 0.643371559361
DS3.d883.s0.i2 1.0 1.06675142169
DS3.d888.s0.i0 1.0 0.967483389189
DS3.d888.s0.i1 1.0 1.61467638855
DS3.d888.s0.i2 1.0 0.375340555236
DS3.d888.s0.i3 1.0 0.983936576639
DS3.d888.s0.i4 1.0 1.43768941132
DS3.d888.s0.i5 1.0 0.802841441708
DS3.d899.s0.i0 -1 0.664248681881
DS3.d899.s0.i1 -1 0.424257842648
DS3.d899.s0.i2 -1 0.666655983365
DS3.d902.s0.i0 -1 -0.745955426516
DS3.d902.s0.i1 -1 0.118679342391
DS3.d902.s0.i2 -1 -0.326506066462
DS3.d910.s0.i0 1.0 1.37203601398
DS3.d910.s1.i0 -1 2.00461978372
DS3.d935.s0.i0 -1 0.257136065768
DS3.d935.s0.i1 -1 -0.17549305287
DS3.d938.s0.i0 1.0 2.17461594069
DS3.d943.s0.i0 1.0 1.25869651227
DS3.d943.s0.i1 1.0 1.00023734865
DS3.d943.s1.i0 1.0 1.01119512778
DS3.d945.s0.i0 1.0 -0.0372847686303
DS3.d945.s0.i1 1.0 0.05920068376
DS3.d945.s1.i0 1.0 1.23676009414
DS3.d977.s0.i0 1.0 0.645218426663
DS3.d999.s0.i0 -1 0.498640858545
DS3.d999.s0.i1 -1 0.038647450021
DS3.d1004.s0.i0 1.0 0.813032078589
DS3.d1004.s0.i1 1.0 0.802753944395
DS3.d1004.s1.i0 1.0 0.803176872619
DS3.d1004.s1.i1 1.0 0.893345349627
DS3.d1004.s1.i2 1.0 0.697729656793
DS3.d1004.s1.i3 1.0 1.01473835504
DS3.d1011.s0.i0 -1 1.33742192714
DS3.d1011.s0.i1 -1 0.375269856359
DS3.d1011.s0.i2 1.0 1.6929348905
DS3.d1011.s0.i3 -1 0.279790278281
DS3.d1011.s0.i4 -1 0.663955083496
DS3.d1022.s0.i0 -1 0.449898067074
DS3.d1029.s0.i0 1.0 0.467170830204
DS3.d1029.s0.i1 1.0 0.244202088047
DS3.d1029.s0.i2 1.0 0.81465691188
DS3.d1073.s0.i0 1.0 -0.0521098468091
DS3.d1081.s0.i0 -1 -0.480070019097
DS3.d1081.s0.i1 -1 -0.504679389065
DS3.d1086.s0.i0 1.0 0.712319244169
DS3.d1086.s0.i1 1.0 1.54800442709
DS3.d1109.s0.i0 1.0 0.577762906311
DS3.d1109.s0.i1 1.0 0.607075090675
DS3.d1109.s0.i2 1.0 0.50064223563
DS3.d1109.s0.i3 1.0 -0.580684170847
DS3.d1109.s0.i4 1.0 -0.314537663741
DS3.d1109.s0.i5 1.0 1.00639884388
DS3.d1109.s0.i6 1.0 0.607075090675
DS3.d1109.s0.i7 1.0 0.50064223563
DS3.d1117.s0.i0 1.0 1.17994383266
DS3.d1124.s0.i0 1.0 0.633422549769
DS3.d1130.s0.i0 -1 0.434716608175
DS3.d1130.s0.i1 -1 1.54511047587
DS3.d1131.s0.i0 -1 -2.46279027405
DS3.d1151.s0.i0 1.0 -0.0517212981958
DS3.d1157.s0.i0 -1 0.663961690906
DS3.d1157.s0.i1 -1 -0.20360906393
DS3.d1157.s0.i2 -1 -0.0502046280469
DS3.d1173.s0.i0 -1 1.03313026804
DS3.d1176.s0.i0 1.0 0.969206466437
DS3.d1176.s1.i0 -1 -0.00684043108473
DS3.d1176.s1.i1 -1 -0.421214921867
DS3.d1184.s0.i0 -1 -1.51948038398
DS3.d1184.s1.i0 -1 -1.20443608534
DS3.d1206.s0.i0 -1 -1.91758449887
DS3.d1206.s1.i0 -1 1.23084583086
DS3.d1209.s0.i0 1.0 0.705380312295
DS3.d1209.s0.i1 1.0 0.705380312295
DS3.d1209.s0.i2 1.0 1.97663564721
DS3.d1209.s1.i0 1.0 1.56798349877
DS3.d1209.s1.i1 1.0 1.56798349877
DS3.d1209.s1.i2 1.0 1.57744500491
DS3.d1209.s1.i3 1.0 1.42147529842
DS3.d1209.s1.i4 1.0 1.42147529842
DS3.d1209.s1.i5 1.0 1.76110511134
DS3.d1212.s0.i0 -1 -0.737899573728
DS3.d1212.s0.i1 -1 -0.409299066172
DS3.d1212.s0.i2 -1 -0.670509769758
DS3.d1212.s0.i3 -1 -0.20173802943
DS3.d1212.s0.i4 -1 -0.745689426126
DS3.d1212.s0.i5 -1 -0.92399279221
DS3.d1212.s0.i6 -1 -0.279966315604
DS3.d1212.s0.i7 -1 -0.263509241955
DS3.d1212.s0.i8 -1 -0.899392647778
DS3.d1212.s0.i9 -1 -0.67246313808
DS3.d1212.s0.i10 -1 -0.811148381708
DS3.d1212.s0.i11 -1 -0.598069551863
DS3.d1212.s1.i0 -1 -1.40969494992
DS3.d1212.s1.i1 -1 -1.04350922891
DS3.d1212.s1.i2 -1 -0.690760856358
DS3.d1212.s1.i3 -1 -0.746469403459
DS3.d1212.s1.i4 -1 -2.01236965168
DS3.d1212.s1.i5 -1 -0.954973144348
DS3.d1212.s2.i0 -1 -0.596278701091
DS3.d1212.s2.i1 -1 -1.37066215259
DS3.d1220.s0.i0 1.0 0.241103779699
DS3.d1220.s0.i1 1.0 -0.113628842414
DS3.d1220.s1.i0 1.0 -0.159550947535
DS3.d1242.s0.i0 1.0 -0.67628091663
DS3.d1242.s0.i1 1.0 1.20578242105
DS3.d1253.s0.i0 1.0 -0.0383524145249
DS3.d1253.s0.i1 1.0 0.416195885542
DS3.d1255.s0.i0 1.0 -0.104343080815
DS3.d1255.s1.i0 1.0 0.104774875328
DS3.d1255.s1.i1 1.0 -0.204293723226
DS3.d1255.s2.i0 -1 0.133851829536
DS3.d1255.s3.i0 1.0 0.846736953963
DS3.d1265.s0.i0 1.0 -0.336496119821
DS3.d1265.s0.i1 1.0 0.13274797317
DS3.d1265.s0.i2 1.0 -0.446927681161
DS3.d1265.s0.i3 1.0 -0.722392358143
DS3.d1265.s0.i4 1.0 -0.626221369594
DS3.d1265.s0.i5 1.0 -0.670902953083
DS3.d1265.s0.i6 1.0 -0.767073941631
DS3.d1265.s0.i7 1.0 -0.550742075695
DS3.d1265.s0.i8 1.0 -0.245701867529
DS3.d1265.s0.i9 1.0 0.0365769846226
DS3.d1265.s0.i10 1.0 -0.416272038686
DS3.d1265.s0.i11 1.0 -0.399758556273
DS3.d1265.s0.i12 1.0 -0.512443027234
DS3.d1265.s0.i13 1.0 -0.508707385473
DS3.d1265.s0.i14 1.0 0.105332754842
DS3.d1265.s0.i15 1.0 -0.454571087145
DS3.d1268.s0.i0 -1 0.0512317600232
DS3.d1271.s0.i0 1.0 1.39995315073
DS3.d1271.s1.i0 1.0 0.620902373513
DS3.d1279.s0.i0 1.0 1.00908766136
DS3.d1279.s0.i1 1.0 1.066544691
DS3.d1285.s0.i0 -1 0.854251321211
DS3.d1285.s0.i1 -1 1.33334122075
DS3.d1335.s0.i0 1.0 0.278491149917
DS3.d1335.s1.i0 1.0 1.55919250083
DS3.d1335.s2.i0 1.0 1.01716723356
DS3.d1335.s3.i0 1.0 1.04515308449
DS3.d1335.s4.i0 1.0 0.388930537657
DS3.d1340.s0.i0 1.0 1.74023836398
DS3.d1342.s0.i0 -1 -0.336885868193
DS3.d1349.s0.i0 -1 0.083291827679
DS3.d1355.s0.i0 1.0 0.873702679244
DS3.d1368.s0.i0 -1 -0.326493085702
DS3.d1400.s0.i0 -1 -0.500623255847
DS3.d1420.s0.i0 -1 -0.540062982184
DS3.d1420.s0.i1 -1 -0.855234177592
DS3.d1420.s0.i2 1.0 -0.0111502396261
DS3.d1420.s0.i3 -1 -0.00364753515827
DS3.d1420.s0.i4 1.0 -0.0848514464549
DS3.d1420.s0.i5 -1 -1.41327573169
DS3.d1436.s0.i0 1.0 1.4125596408
DS3.d1436.s0.i1 1.0 1.59850222587
DS3.d1445.s0.i0 1.0 -0.876724534604
DS3.d1467.s0.i0 -1 -0.549304540625
DS3.d1470.s0.i0 1.0 0.531479733111
DS3.d1470.s0.i1 1.0 -0.0307731747284
DS3.d1474.s0.i0 -1 -0.818915966541
DS3.d1481.s0.i0 1.0 0.802419697475
DS3.d1481.s0.i1 1.0 0.770092795252
DS3.d1481.s0.i2 1.0 0.881042601512
DS3.d1481.s0.i3 1.0 0.689297020724
DS3.d1488.s0.i0 1.0 0.979142977764
DS3.d1491.s0.i0 -1 -1.27302669594
DS3.d1498.s0.i0 1.0 1.1078784905
DS3.d1501.s0.i0 1.0 0.95989836043
DS3.d1501.s1.i0 -1 -1.27012597922
DS3.d1501.s1.i1 -1 -1.7643346758
DS3.d1501.s1.i2 -1 -1.94762317033
DS3.d1501.s1.i3 1.0 0.612442076179
DS3.d1501.s1.i4 -1 -1.54499901669
DS3.d1501.s1.i5 -1 0.228660819582
DS3.d1503.s0.i0 1.0 1.83201735067
DS3.d1503.s1.i0 1.0 -0.193677977607
DS3.d1510.s0.i0 1.0 0.359947823935
DS3.d1516.s0.i0 1.0 1.82880116632
DS3.d1516.s0.i1 1.0 1.6820863576
DS3.d1516.s1.i0 1.0 1.22739863879
DS3.d1516.s1.i1 1.0 1.93977158685
DS3.d1517.s0.i0 1.0 0.852744614016
DS3.d1534.s0.i0 -1 -1.45575355154
DS3.d1534.s0.i1 -1 -1.08885528363
DS3.d1534.s0.i2 -1 -1.24976820602
DS3.d1543.s0.i0 1.0 0.719163331986
DS3.d1543.s0.i1 -1 0.00621669662593
DS3.d1543.s1.i0 -1 0.770162915547
DS3.d1554.s0.i0 -1 -1.2878995042
DS3.d1554.s0.i1 -1 -1.68265764182
DS3.d1554.s0.i2 -1 -1.38644641174
DS3.d1554.s0.i3 -1 -1.91001678473
DS3.d1554.s0.i4 -1 -1.77918978651
DS3.d1554.s0.i5 -1 -0.86433036822
DS3.d1554.s0.i6 -1 -1.12682663498
DS3.d1554.s0.i7 -1 -1.35129177927
DS3.d1554.s0.i8 -1 -1.41712523909
DS3.d1554.s0.i9 -1 -1.64707647867
DS3.d1554.s0.i10 -1 -1.11737583721
DS3.d1554.s0.i11 -1 -1.6489426785
DS3.d1567.s0.i0 1.0 0.0617538887974
DS3.d1582.s0.i0 1.0 0.929185364081
DS3.d1582.s0.i1 1.0 0.677353930532
DS3.d1584.s0.i0 1.0 1.23881004522
DS3.d1584.s1.i0 1.0 0.610931815865
DS3.d1589.s0.i0 1.0 0.834746839236
DS3.d1589.s0.i1 1.0 0.1460087737
DS3.d1598.s0.i0 1.0 0.917846061388
DS3.d1598.s1.i0 1.0 0.331679323545
DS3.d1605.s0.i0 1.0 0.927939150473
DS3.d1605.s1.i0 1.0 0.738149372953
DS3.d1611.s0.i0 1.0 0.906404405569
DS3.d1611.s0.i1 1.0 0.813082266502
DS3.d1617.s0.i0 1.0 1.2055590229
DS3.d1617.s0.i1 1.0 1.36862031977
DS3.d1617.s0.i2 1.0 1.14579714022
DS3.d1617.s0.i3 1.0 1.34629560292
DS3.d1617.s1.i0 1.0 0.453119767111
DS3.d1625.s0.i0 1.0 1.19703855927
DS3.d1632.s0.i0 1.0 0.273713690974
DS3.d1632.s0.i1 -1 0.138803402088
DS3.d1632.s0.i2 1.0 1.08741617284
DS3.d1632.s0.i3 -1 -0.483538584097
DS3.d1644.s0.i0 -1 -0.45849060388
DS3.d1644.s0.i1 -1 -1.33831030977
DS3.d1644.s1.i0 -1 -1.08201529782
DS3.d1644.s1.i1 -1 -0.642054980734
DS3.d1644.s1.i2 -1 -0.181307707742
DS3.d1644.s2.i0 -1 -0.817310303705
DS3.d1651.s0.i0 1.0 2.09245514896
DS3.d1652.s0.i0 1.0 0.668589857273
DS3.d1652.s1.i0 1.0 0.771766890813
DS3.d1655.s0.i0 1.0 1.63534964756
DS3.d1655.s1.i0 -1 -0.81179921223
DS3.d1655.s1.i1 -1 -0.81179921223
DS3.d1655.s1.i2 -1 1.29871421552
DS3.d1660.s0.i0 1.0 0.862978538065
DS3.d1663.s0.i0 1.0 0.801839845144
DS3.d1663.s0.i1 1.0 0.2913267159
DS3.d1663.s1.i0 1.0 0.320787848174
DS3.d1666.s0.i0 1.0 1.15272373667
DS3.d1666.s0.i1 1.0 1.12548344525
DS3.d1667.s0.i0 1.0 0.897874514328
DS3.d1674.s0.i0 -1 0.428919762677
DS3.d1674.s0.i1 -1 0.373225329714
DS3.d1682.s0.i0 1.0 0.701134284021
DS3.d1682.s0.i1 1.0 0.856954507978
DS3.d1687.s0.i0 1.0 -0.0533709182609
DS3.d1687.s1.i0 1.0 0.385530106381
DS3.d1688.s0.i0 1.0 -0.564501323909
DS3.d1688.s1.i0 1.0 1.78710074383
DS3.d1711.s0.i0 1.0 0.847082242478
DS3.d1711.s0.i1 1.0 2.19050793087
DS3.d1711.s0.i2 1.0 0.734316862364
DS3.d1711.s0.i3 -1 0.936397180914
DS3.d1714.s0.i0 1.0 0.693549141326
DS3.d1714.s0.i1 1.0 0.393525913211
DS3.d1714.s1.i0 1.0 0.913829376781
DS3.d1714.s2.i0 1.0 1.21930478842
DS3.d1714.s2.i1 1.0 1.26730840428
DS3.d1721.s0.i0 1.0 1.4105909336
DS3.d1721.s0.i1 1.0 1.26394441614
DS3.d1721.s1.i0 -1 0.436897414113
DS3.d1721.s1.i1 -1 0.115045560928
DS3.d1739.s0.i0 -1 -0.468279606063
DS3.d1739.s1.i0 -1 -1.1467894355
DS3.d1748.s0.i0 1.0 0.637172174466
DS3.d1748.s0.i1 1.0 -0.816813305975
DS3.d1748.s1.i0 1.0 1.21538390423
DS3.d1783.s0.i0 -1 0.116558313914
DS3.d1805.s0.i0 1.0 1.00449253791
DS3.d1805.s0.i1 1.0 1.01996786082
DS3.d1805.s0.i2 1.0 1.22504065424
DS3.d1805.s0.i3 1.0 0.754570617432
DS3.d1815.s0.i0 -1 -0.675884470389
DS3.d1815.s0.i1 -1 2.32488326868
DS3.d1822.s0.i0 1.0 0.533317452097
DS3.d1829.s0.i0 1.0 0.661764594135
DS3.d1829.s1.i0 1.0 1.29512792088
DS3.d1829.s1.i1 1.0 0.952332091441
DS3.d1829.s2.i0 1.0 1.52158401369
DS3.d1838.s0.i0 1.0 0.654432485332
DS3.d1845.s0.i0 1.0 0.837176702829
DS3.d1845.s0.i1 1.0 0.311615269495
DS3.d1845.s0.i2 1.0 0.837176702829
DS3.d1845.s0.i3 1.0 0.311615269495
DS3.d1845.s0.i4 1.0 0.625478159382
DS3.d1845.s0.i5 1.0 0.625478159382
DS3.d1854.s0.i0 1.0 1.64687704746
DS3.d1862.s0.i0 1.0 1.07208093497
DS3.d1864.s0.i0 1.0 0.279539432896
DS3.d1864.s0.i1 1.0 0.14231073505
DS3.d1864.s1.i0 -1 -0.867360111649
DS3.d1873.s0.i0 -1 -0.500470925963
