DS3.d9.s0.i0 1.0 1.5498188753
DS3.d13.s0.i0 1.0 1.25138996731
DS3.d13.s0.i1 1.0 1.47225954213
DS3.d13.s1.i0 1.0 0.233987288609
DS3.d13.s2.i0 1.0 0.500278433876
DS3.d13.s2.i1 1.0 0.472789623235
DS3.d13.s2.i2 1.0 0.685411528339
DS3.d13.s3.i0 -1 0.135147972387
DS3.d13.s3.i1 -1 0.0744397700606
DS3.d13.s4.i0 1.0 1.10108374499
DS3.d13.s4.i1 -1 -0.494691023151
DS3.d34.s0.i0 1.0 -0.130315049454
DS3.d34.s0.i1 1.0 0.0630173101412
DS3.d36.s0.i0 1.0 1.66550117009
DS3.d36.s1.i0 1.0 0.386906739163
DS3.d36.s2.i0 1.0 2.41537079812
DS3.d36.s2.i1 1.0 1.28253670658
DS3.d42.s0.i0 1.0 0.118931934408
DS3.d55.s0.i0 1.0 1.62616961876
DS3.d84.s0.i0 -1 -0.285652189567
DS3.d84.s0.i1 -1 -0.918163094017
DS3.d88.s0.i0 -1 -1.55092111037
DS3.d88.s0.i1 -1 -1.24921397889
DS3.d93.s0.i0 1.0 0.170908191948
DS3.d95.s0.i0 -1 0.250973259783
DS3.d95.s0.i1 -1 0.436017333727
DS3.d95.s0.i2 -1 0.370043176593
DS3.d95.s0.i3 -1 0.277475678384
DS3.d104.s0.i0 -1 1.27523584653
DS3.d113.s0.i0 -1 -0.023112761061
DS3.d113.s0.i1 -1 -0.023112761061
DS3.d119.s0.i0 -1 -1.69715096033
DS3.d119.s0.i1 -1 -0.78173827168
DS3.d119.s0.i2 -1 0.235847784129
DS3.d122.s0.i0 1.0 -0.0660835789229
DS3.d124.s0.i0 1.0 1.01476254384
DS3.d124.s0.i1 1.0 0.662669609666
DS3.d124.s0.i2 1.0 1.14844392982
DS3.d124.s0.i3 1.0 0.823326017051
DS3.d124.s0.i4 1.0 1.14044171671
DS3.d124.s0.i5 1.0 1.12396122967
DS3.d126.s0.i0 1.0 0.699013218568
DS3.d141.s0.i0 -1 0.393904694975
DS3.d141.s1.i0 1.0 0.224766011419
DS3.d141.s1.i1 1.0 0.862663236653
DS3.d141.s2.i0 1.0 0.44363875752
DS3.d147.s0.i0 -1 -0.482323837849
DS3.d147.s0.i1 -1 -0.0603187086132
DS3.d147.s0.i2 -1 -1.18520673285
DS3.d147.s0.i3 -1 0.119064614484
DS3.d160.s0.i0 -1 0.123876907776
DS3.d160.s0.i1 -1 -0.444918988623
DS3.d160.s0.i2 -1 -0.345336232157
DS3.d160.s0.i3 -1 -0.214316633909
DS3.d160.s0.i4 -1 -0.154933709896
DS3.d160.s0.i5 -1 -0.287818903687
DS3.d178.s0.i0 1.0 1.54573958444
DS3.d178.s1.i0 -1 -0.259028696775
DS3.d178.s1.i1 -1 -0.0592461454735
DS3.d181.s0.i0 1.0 2.07983052776
DS3.d183.s0.i0 -1 0.80417971641
DS3.d183.s0.i1 -1 0.535861914112
DS3.d183.s0.i2 -1 0.863286379067
DS3.d188.s0.i0 -1 -0.413833471467
DS3.d188.s0.i1 -1 -0.580258884455
DS3.d189.s0.i0 -1 1.29653100662
DS3.d200.s0.i0 1.0 0.423961176433
DS3.d200.s0.i1 -1 -1.4527807355
DS3.d217.s0.i0 -1 1.39165143647
DS3.d217.s1.i0 -1 0.0426368934335
DS3.d217.s1.i1 -1 -0.0202486319148
DS3.d222.s0.i0 1.0 -0.0284840748102
DS3.d227.s0.i0 1.0 0.441266811602
DS3.d227.s0.i1 1.0 0.441266811602
DS3.d228.s0.i0 1.0 0.885960423398
DS3.d228.s1.i0 1.0 0.129727522866
DS3.d228.s1.i1 1.0 0.523474667043
DS3.d230.s0.i0 1.0 0.69910086798
DS3.d230.s0.i1 1.0 1.04268622468
DS3.d230.s0.i2 1.0 0.864816250165
DS3.d230.s0.i3 1.0 0.859376469586
DS3.d269.s0.i0 1.0 1.16094732057
DS3.d269.s1.i0 1.0 0.254342954559
DS3.d269.s1.i1 1.0 -0.483103213592
DS3.d269.s1.i2 -1 -1.95887019334
DS3.d269.s2.i0 -1 -1.22455699824
DS3.d269.s2.i1 -1 -0.92366920914
DS3.d269.s2.i2 1.0 -0.0366697214198
DS3.d269.s2.i3 -1 -0.680599603315
DS3.d269.s2.i4 1.0 -0.378177456149
DS3.d269.s2.i5 -1 -1.67011762794
DS3.d269.s2.i6 -1 -0.448011865094
DS3.d269.s2.i7 -1 -0.592732961754
DS3.d272.s0.i0 1.0 -0.639326932989
DS3.d272.s0.i1 1.0 -0.541270747919
DS3.d272.s0.i2 1.0 -0.599968207651
DS3.d272.s1.i0 1.0 -0.544374048895
DS3.d272.s1.i1 1.0 -0.489050114616
DS3.d272.s1.i2 1.0 -0.532587868324
DS3.d272.s2.i0 1.0 1.06624833661
DS3.d272.s3.i0 1.0 1.09231105719
DS3.d272.s4.i0 -1 -0.867381548604
DS3.d273.s0.i0 1.0 1.03375644672
DS3.d273.s1.i0 1.0 0.464854122211
DS3.d273.s1.i1 1.0 0.314361022233
DS3.d274.s0.i0 1.0 0.510657010228
DS3.d278.s0.i0 1.0 0.422106168607
DS3.d278.s0.i1 1.0 0.568714152614
DS3.d278.s0.i2 1.0 0.568714152614
DS3.d278.s0.i3 1.0 0.422106168607
DS3.d303.s0.i0 1.0 0.5290137591
DS3.d303.s0.i1 -1 -0.231364360359
DS3.d304.s0.i0 -1 -0.916541304863
DS3.d316.s0.i0 1.0 0.579692290585
DS3.d316.s0.i1 1.0 0.312352702224
DS3.d316.s1.i0 1.0 0.113541205745
DS3.d316.s1.i1 1.0 -0.0604412497062
DS3.d316.s2.i0 1.0 0.492886990827
DS3.d316.s2.i1 1.0 0.492886990827
DS3.d317.s0.i0 1.0 -0.429752261245
DS3.d317.s0.i1 1.0 -0.674104079332
DS3.d317.s0.i2 1.0 0.24025693393
DS3.d317.s0.i3 1.0 0.189264116116
DS3.d317.s0.i4 1.0 -0.654761064597
DS3.d317.s0.i5 1.0 -0.889409186881
DS3.d317.s0.i6 1.0 -0.457606079021
DS3.d317.s0.i7 1.0 -0.557683638033
DS3.d317.s0.i8 1.0 -0.239972138911
DS3.d317.s0.i9 1.0 0.190848111558
DS3.d317.s0.i10 1.0 -0.225262472602
DS3.d317.s0.i11 1.0 -0.313240196483
DS3.d336.s0.i0 1.0 1.37721578758
DS3.d347.s0.i0 1.0 0.187498011196
DS3.d347.s1.i0 -1 -0.00271772125117
DS3.d347.s1.i1 -1 -1.27765056615
DS3.d347.s1.i2 -1 -0.562392106225
DS3.d347.s1.i3 -1 -1.19133893652
DS3.d347.s1.i4 -1 -0.95335098243
DS3.d347.s1.i5 -1 -0.799284095827
DS3.d381.s0.i0 -1 0.688658905874
DS3.d381.s0.i1 1.0 1.05706068023
DS3.d381.s0.i2 1.0 1.37382948183
DS3.d381.s0.i3 1.0 1.06467244169
DS3.d381.s0.i4 -1 0.606419130638
DS3.d381.s0.i5 -1 0.745394100677
DS3.d381.s1.i0 1.0 -0.0291663248289
DS3.d400.s0.i0 1.0 0.741230470049
DS3.d400.s0.i1 1.0 0.637101961758
DS3.d426.s0.i0 1.0 0.73848843871
DS3.d427.s0.i0 1.0 -0.287745335546
DS3.d427.s0.i1 1.0 0.227701485333
DS3.d459.s0.i0 -1 0.247789278923
DS3.d459.s0.i1 -1 0.25852587217
DS3.d459.s0.i2 -1 0.4025510651
DS3.d459.s0.i3 -1 0.479763650805
DS3.d461.s0.i0 -1 -0.432026133076
DS3.d461.s0.i1 -1 -0.175762967428
DS3.d461.s0.i2 -1 -0.426798737361
DS3.d461.s0.i3 -1 -0.0985772632151
DS3.d467.s0.i0 1.0 0.197864916271
DS3.d474.s0.i0 -1 1.67478448293
DS3.d492.s0.i0 1.0 1.13321367818
DS3.d492.s0.i1 -1 0.235419998178
DS3.d492.s1.i0 1.0 0.221778439081
DS3.d492.s1.i1 1.0 1.61840028205
DS3.d492.s1.i2 1.0 1.86156800324
DS3.d492.s2.i0 1.0 0.288186673869
DS3.d492.s3.i0 -1 -0.80584534916
DS3.d498.s0.i0 1.0 0.398015126896
DS3.d498.s0.i1 1.0 0.398015126896
DS3.d520.s0.i0 1.0 0.0687339957828
DS3.d520.s0.i1 -1 -0.700895409202
DS3.d520.s1.i0 1.0 -0.68721573187
DS3.d520.s1.i1 1.0 -0.0112406185594
DS3.d520.s1.i2 1.0 0.372498771226
DS3.d526.s0.i0 1.0 0.963954084
DS3.d526.s0.i1 1.0 1.10901901831
DS3.d526.s0.i2 1.0 0.898896358388
DS3.d526.s0.i3 1.0 0.116680403718
DS3.d526.s1.i0 1.0 -0.116541771519
DS3.d526.s1.i1 1.0 -0.116541771519
DS3.d526.s2.i0 -1 -0.875903626082
DS3.d526.s2.i1 -1 -0.132312469537
DS3.d532.s0.i0 -1 0.287903772972
DS3.d539.s0.i0 1.0 0.220728147064
DS3.d539.s0.i1 -1 -1.56803812016
DS3.d550.s0.i0 -1 -0.390876627712
DS3.d550.s0.i1 -1 -0.354194174333
DS3.d550.s0.i2 -1 -0.0062849182458
DS3.d550.s0.i3 -1 -0.586267292238
DS3.d550.s0.i4 -1 -0.13206470566
DS3.d550.s0.i5 -1 -0.0225384613369
DS3.d550.s0.i6 -1 -0.315513267895
DS3.d550.s0.i7 -1 -0.551553431124
DS3.d550.s0.i8 -1 -0.274596797462
DS3.d563.s0.i0 1.0 -0.249867295225
DS3.d563.s0.i1 1.0 -0.318544470094
DS3.d563.s0.i2 1.0 0.346676512783
DS3.d563.s0.i3 1.0 -0.157117636164
DS3.d563.s0.i4 1.0 0.722645989024
DS3.d563.s0.i5 1.0 0.56984775727
DS3.d563.s0.i6 1.0 0.373207265736
DS3.d563.s0.i7 1.0 -0.311735507358
DS3.d564.s0.i0 -1 -1.57909126729
DS3.d564.s0.i1 -1 -1.78912426045
DS3.d565.s0.i0 1.0 0.525785056534
DS3.d569.s0.i0 1.0 2.03740339544
DS3.d569.s0.i1 -1 1.04611061248
DS3.d570.s0.i0 1.0 0.571713686666
DS3.d570.s1.i0 1.0 1.10285176078
DS3.d570.s2.i0 1.0 1.82510386179
DS3.d570.s3.i0 1.0 0.677246645692
DS3.d573.s0.i0 1.0 1.30819540872
DS3.d573.s0.i1 1.0 1.62202049742
DS3.d573.s0.i2 1.0 1.41756992075
DS3.d573.s0.i3 1.0 0.870637665112
DS3.d579.s0.i0 -1 0.0435933447008
DS3.d579.s0.i1 -1 -1.32500317717
DS3.d579.s0.i2 -1 -0.0738519224614
DS3.d579.s0.i3 -1 -0.13113393164
DS3.d582.s0.i0 1.0 -0.161344912772
DS3.d582.s0.i1 1.0 0.122819857265
DS3.d584.s0.i0 -1 -0.300886392347
DS3.d593.s0.i0 1.0 1.14358238461
DS3.d633.s0.i0 1.0 0.738697325325
DS3.d633.s0.i1 1.0 0.751017895906
DS3.d633.s0.i2 1.0 1.36823264725
DS3.d633.s0.i3 1.0 0.748091069991
DS3.d633.s1.i0 1.0 0.364241499077
DS3.d633.s1.i1 1.0 0.215126816367
DS3.d633.s1.i2 1.0 0.24302668702
DS3.d633.s1.i3 1.0 0.272393423768
DS3.d633.s2.i0 1.0 1.4534843636
DS3.d633.s2.i1 1.0 1.36037648044
DS3.d633.s3.i0 1.0 1.51577574993
DS3.d633.s3.i1 1.0 1.47548599548
DS3.d639.s0.i0 -1 -0.234641902225
DS3.d640.s0.i0 -1 1.23352567082
DS3.d643.s0.i0 -1 0.557757354421
DS3.d643.s0.i1 -1 0.276175624243
DS3.d643.s0.i2 -1 0.635985306684
DS3.d643.s0.i3 1.0 0.697217171543
DS3.d643.s0.i4 -1 0.11288112167
DS3.d643.s0.i5 1.0 0.542924332219
DS3.d656.s0.i0 -1 0.42114170645
DS3.d656.s0.i1 -1 0.537705082243
DS3.d656.s0.i2 -1 0.306295179339
DS3.d683.s0.i0 -1 0.153175529022
DS3.d683.s0.i1 -1 0.294175832381
DS3.d683.s0.i2 -1 -0.0611355209336
DS3.d683.s0.i3 -1 0.711213189405
DS3.d683.s0.i4 -1 -0.460998621926
DS3.d683.s0.i5 -1 0.539471368706
DS3.d692.s0.i0 1.0 1.3030618681
DS3.d692.s0.i1 1.0 1.07997677428
DS3.d696.s0.i0 1.0 0.751877887921
DS3.d696.s0.i1 1.0 1.41426604532
DS3.d696.s0.i2 -1 0.920639754068
DS3.d696.s0.i3 1.0 1.11092394686
DS3.d696.s0.i4 1.0 1.87547701315
DS3.d696.s0.i5 -1 0.742813070449
DS3.d696.s1.i0 1.0 1.28605990539
DS3.d696.s1.i1 -1 0.360791190167
DS3.d696.s2.i0 1.0 1.49557458297
DS3.d696.s3.i0 1.0 1.38006093833
DS3.d696.s3.i1 1.0 1.06345998367
DS3.d696.s3.i2 -1 0.570377011854
DS3.d696.s4.i0 1.0 2.38028561771
DS3.d696.s5.i0 1.0 0.810947268878
DS3.d696.s5.i1 1.0 1.20416715071
DS3.d696.s5.i2 -1 0.904871111939
DS3.d711.s0.i0 -1 0.275355102214
DS3.d741.s0.i0 1.0 0.601939305589
DS3.d744.s0.i0 -1 -0.556258524672
DS3.d744.s0.i1 -1 -0.331450844365
DS3.d769.s0.i0 1.0 0.00105751376713
DS3.d782.s0.i0 1.0 0.712386712253
DS3.d797.s0.i0 1.0 0.5478495909
DS3.d797.s1.i0 1.0 0.236060862158
DS3.d797.s1.i1 1.0 1.04790449667
DS3.d797.s1.i2 1.0 1.04034563778
DS3.d807.s0.i0 1.0 0.349183388247
DS3.d807.s0.i1 1.0 0.442500339514
DS3.d807.s1.i0 1.0 0.542870656706
DS3.d814.s0.i0 -1 0.0996266753399
DS3.d814.s0.i1 -1 0.80422663782
DS3.d814.s0.i2 -1 0.591319013794
DS3.d814.s1.i0 -1 -1.06181093217
DS3.d814.s1.i1 -1 -0.790745558857
DS3.d819.s0.i0 -1 0.564385743133
DS3.d819.s0.i1 -1 0.227017766939
DS3.d831.s0.i0 1.0 1.50706192411
DS3.d858.s0.i0 1.0 -1.48447187935
DS3.d858.s0.i1 1.0 -1.34455352495
DS3.d858.s0.i2 1.0 -1.47959287256
DS3.d865.s0.i0 1.0 0.414308428633
DS3.d865.s0.i1 1.0 0.162089151924
DS3.d883.s0.i0 1.0 0.816309672145
DS3.d883.s0.i1 1.0 0.683020413571
DS3.d883.s0.i2 1.0 1.02316987696
DS3.d888.s0.i0 1.0 0.973737548259
DS3.d888.s0.i1 1.0 1.54760219041
DS3.d888.s0.i2 1.0 0.206968850679
DS3.d888.s0.i3 1.0 0.694004539488
DS3.d888.s0.i4 1.0 1.44427947041
DS3.d888.s0.i5 1.0 0.588488777888
DS3.d899.s0.i0 -1 0.470169619572
DS3.d899.s0.i1 -1 0.358974461655
DS3.d899.s0.i2 -1 0.582124505419
DS3.d902.s0.i0 -1 -0.689393995456
DS3.d902.s0.i1 -1 -0.0806401085781
DS3.d902.s0.i2 -1 -0.406359812722
DS3.d910.s0.i0 1.0 1.3730074583
DS3.d910.s1.i0 -1 2.15090997901
DS3.d935.s0.i0 -1 -0.179485597337
DS3.d935.s0.i1 -1 -0.250985989354
DS3.d938.s0.i0 1.0 1.98648702622
DS3.d943.s0.i0 1.0 0.988744504179
DS3.d943.s0.i1 1.0 0.962090913386
DS3.d943.s1.i0 1.0 0.712040545149
DS3.d945.s0.i0 1.0 -0.0707211908944
DS3.d945.s0.i1 1.0 -0.0856445480432
DS3.d945.s1.i0 1.0 1.05565489812
DS3.d977.s0.i0 1.0 0.437829591919
DS3.d999.s0.i0 -1 0.446510177617
DS3.d999.s0.i1 -1 0.156727921485
DS3.d1004.s0.i0 1.0 0.548393723053
DS3.d1004.s0.i1 1.0 0.763945015227
DS3.d1004.s1.i0 1.0 0.568063054178
DS3.d1004.s1.i1 1.0 0.855443513731
DS3.d1004.s1.i2 1.0 0.610211611831
DS3.d1004.s1.i3 1.0 0.819034120099
DS3.d1011.s0.i0 -1 0.995356400783
DS3.d1011.s0.i1 -1 0.313108913665
DS3.d1011.s0.i2 1.0 1.46719823583
DS3.d1011.s0.i3 -1 0.212814077049
DS3.d1011.s0.i4 -1 0.282167128081
DS3.d1022.s0.i0 -1 0.239163267822
DS3.d1029.s0.i0 1.0 0.130181407621
DS3.d1029.s0.i1 1.0 0.0858436377466
DS3.d1029.s0.i2 1.0 0.576686074745
DS3.d1073.s0.i0 1.0 -0.102338123009
DS3.d1081.s0.i0 -1 -0.571105852954
DS3.d1081.s0.i1 -1 -0.687780014932
DS3.d1086.s0.i0 1.0 0.492600903393
DS3.d1086.s0.i1 1.0 1.5359381737
DS3.d1109.s0.i0 1.0 0.452883597989
DS3.d1109.s0.i1 1.0 0.636109854662
DS3.d1109.s0.i2 1.0 0.382414491408
DS3.d1109.s0.i3 1.0 -0.840560286621
DS3.d1109.s0.i4 1.0 -0.600634075378
DS3.d1109.s0.i5 1.0 0.991197559077
DS3.d1109.s0.i6 1.0 0.636109854662
DS3.d1109.s0.i7 1.0 0.382414491408
DS3.d1117.s0.i0 1.0 0.816801371269
DS3.d1124.s0.i0 1.0 0.603002867052
DS3.d1130.s0.i0 -1 0.274109865677
DS3.d1130.s0.i1 -1 1.34867073275
DS3.d1131.s0.i0 -1 -2.44423766828
DS3.d1151.s0.i0 1.0 -0.0693307177554
DS3.d1157.s0.i0 -1 0.649210242254
DS3.d1157.s0.i1 -1 -0.445208207309
DS3.d1157.s0.i2 -1 -0.201731979589
DS3.d1173.s0.i0 -1 1.01102197167
DS3.d1176.s0.i0 1.0 0.578977173981
DS3.d1176.s1.i0 -1 -0.385342794791
DS3.d1176.s1.i1 -1 -0.832323739722
DS3.d1184.s0.i0 -1 -1.68197050429
DS3.d1184.s1.i0 -1 -1.36109699305
DS3.d1206.s0.i0 -1 -2.14672196472
DS3.d1206.s1.i0 -1 1.01587640662
DS3.d1209.s0.i0 1.0 0.641518126747
DS3.d1209.s0.i1 1.0 0.641518126747
DS3.d1209.s0.i2 1.0 2.02515540849
DS3.d1209.s1.i0 1.0 1.3371919698
DS3.d1209.s1.i1 1.0 1.3371919698
DS3.d1209.s1.i2 1.0 1.44855433112
DS3.d1209.s1.i3 1.0 1.32599679127
DS3.d1209.s1.i4 1.0 1.32599679127
DS3.d1209.s1.i5 1.0 1.53384961228
DS3.d1212.s0.i0 -1 -1.00775089646
DS3.d1212.s0.i1 -1 -0.797901772146
DS3.d1212.s0.i2 -1 -0.79994950081
DS3.d1212.s0.i3 -1 -0.602687297392
DS3.d1212.s0.i4 -1 -0.92182131911
DS3.d1212.s0.i5 -1 -1.32033908074
DS3.d1212.s0.i6 -1 -0.637886258513
DS3.d1212.s0.i7 -1 -0.570033445486
DS3.d1212.s0.i8 -1 -1.18422931278
DS3.d1212.s0.i9 -1 -0.957474062362
DS3.d1212.s0.i10 -1 -0.952141248143
DS3.d1212.s0.i11 -1 -0.944422819184
DS3.d1212.s1.i0 -1 -1.60088061234
DS3.d1212.s1.i1 -1 -1.13827236868
DS3.d1212.s1.i2 -1 -0.993901173558
DS3.d1212.s1.i3 -1 -0.910083287058
DS3.d1212.s1.i4 -1 -2.14118633455
DS3.d1212.s1.i5 -1 -1.20724369553
DS3.d1212.s2.i0 -1 -0.900528842802
DS3.d1212.s2.i1 -1 -1.66635911901
DS3.d1220.s0.i0 1.0 0.0228061399136
DS3.d1220.s0.i1 1.0 -0.34155630226
DS3.d1220.s1.i0 1.0 -0.137889038283
DS3.d1242.s0.i0 1.0 -0.734950141006
DS3.d1242.s0.i1 1.0 0.930139005432
DS3.d1253.s0.i0 1.0 -0.013029687577
DS3.d1253.s0.i1 1.0 0.342997070861
DS3.d1255.s0.i0 1.0 -0.30499375527
DS3.d1255.s1.i0 1.0 -0.133921910706
DS3.d1255.s1.i1 1.0 -0.356508456949
DS3.d1255.s2.i0 -1 0.0718821063539
DS3.d1255.s3.i0 1.0 0.62172207775
DS3.d1265.s0.i0 1.0 -0.233522755464
DS3.d1265.s0.i1 1.0 0.127054971472
DS3.d1265.s0.i2 1.0 -0.307846673646
DS3.d1265.s0.i3 1.0 -0.524258943052
DS3.d1265.s0.i4 1.0 -0.430745563478
DS3.d1265.s0.i5 1.0 -0.466619237537
DS3.d1265.s0.i6 1.0 -0.560132617111
DS3.d1265.s0.i7 1.0 -0.323122137337
DS3.d1265.s0.i8 1.0 -0.341914811077
DS3.d1265.s0.i9 1.0 0.0335415919003
DS3.d1265.s0.i10 1.0 -0.187802709765
DS3.d1265.s0.i11 1.0 -0.310342650786
DS3.d1265.s0.i12 1.0 -0.281316089335
DS3.d1265.s0.i13 1.0 -0.412750258508
DS3.d1265.s0.i14 1.0 0.0402387755321
DS3.d1265.s0.i15 1.0 -0.229608757765
DS3.d1268.s0.i0 -1 -0.00893254296709
DS3.d1271.s0.i0 1.0 1.25314707216
DS3.d1271.s1.i0 1.0 0.284836621179
DS3.d1279.s0.i0 1.0 0.920402984925
DS3.d1279.s0.i1 1.0 1.20949009412
DS3.d1285.s0.i0 -1 0.81812846
DS3.d1285.s0.i1 -1 1.25712366875
DS3.d1335.s0.i0 1.0 0.0445869158557
DS3.d1335.s1.i0 1.0 1.28547015966
DS3.d1335.s2.i0 1.0 1.01507317846
DS3.d1335.s3.i0 1.0 1.17381764371
DS3.d1335.s4.i0 1.0 0.40294320446
DS3.d1340.s0.i0 1.0 1.67911314231
DS3.d1342.s0.i0 -1 -0.561185124558
DS3.d1349.s0.i0 -1 -0.144413559372
DS3.d1355.s0.i0 1.0 0.769544454617
DS3.d1368.s0.i0 -1 -0.792884111452
DS3.d1400.s0.i0 -1 -0.583664027604
DS3.d1420.s0.i0 -1 -0.63108307882
DS3.d1420.s0.i1 -1 -1.15975913741
DS3.d1420.s0.i2 1.0 -0.269622813811
DS3.d1420.s0.i3 -1 -0.279092830299
DS3.d1420.s0.i4 1.0 -0.299878676574
DS3.d1420.s0.i5 -1 -1.58132347685
DS3.d1436.s0.i0 1.0 1.35845783995
DS3.d1436.s0.i1 1.0 1.35855582529
DS3.d1445.s0.i0 1.0 -1.23983405374
DS3.d1467.s0.i0 -1 -0.937639082098
DS3.d1470.s0.i0 1.0 0.280905985607
DS3.d1470.s0.i1 1.0 -0.281108352122
DS3.d1474.s0.i0 -1 -1.07433883276
DS3.d1481.s0.i0 1.0 0.481566940626
DS3.d1481.s0.i1 1.0 0.522672885592
DS3.d1481.s0.i2 1.0 0.532093785397
DS3.d1481.s0.i3 1.0 0.273884688497
DS3.d1488.s0.i0 1.0 0.94518814987
DS3.d1491.s0.i0 -1 -1.40142276968
DS3.d1498.s0.i0 1.0 1.02382469415
DS3.d1501.s0.i0 1.0 0.801660259216
DS3.d1501.s1.i0 -1 -1.35133373453
DS3.d1501.s1.i1 -1 -1.83035562221
DS3.d1501.s1.i2 -1 -2.05715954463
DS3.d1501.s1.i3 1.0 0.436455540359
DS3.d1501.s1.i4 -1 -1.60377940075
DS3.d1501.s1.i5 -1 0.0935939541562
DS3.d1503.s0.i0 1.0 1.63335385778
DS3.d1503.s1.i0 1.0 -0.262269939877
DS3.d1510.s0.i0 1.0 0.197913603191
DS3.d1516.s0.i0 1.0 1.60151505274
DS3.d1516.s0.i1 1.0 1.47470405761
DS3.d1516.s1.i0 1.0 0.890993308635
DS3.d1516.s1.i1 1.0 1.53544735909
DS3.d1517.s0.i0 1.0 0.956089500815
DS3.d1534.s0.i0 -1 -1.4474524894
DS3.d1534.s0.i1 -1 -1.1792774864
DS3.d1534.s0.i2 -1 -1.33940929014
DS3.d1543.s0.i0 1.0 0.531631358087
DS3.d1543.s0.i1 -1 -0.181579558005
DS3.d1543.s1.i0 -1 0.762835911822
DS3.d1554.s0.i0 -1 -1.19926457168
DS3.d1554.s0.i1 -1 -1.64543265547
DS3.d1554.s0.i2 -1 -1.29570129749
DS3.d1554.s0.i3 -1 -1.85734542187
DS3.d1554.s0.i4 -1 -1.74006608747
DS3.d1554.s0.i5 -1 -1.00638222013
DS3.d1554.s0.i6 -1 -1.32498394182
DS3.d1554.s0.i7 -1 -1.21634295724
DS3.d1554.s0.i8 -1 -1.29825692745
DS3.d1554.s0.i9 -1 -1.59207585648
DS3.d1554.s0.i10 -1 -1.34264300233
DS3.d1554.s0.i11 -1 -1.61430301918
DS3.d1567.s0.i0 1.0 -0.112383755362
DS3.d1582.s0.i0 1.0 0.968104071044
DS3.d1582.s0.i1 1.0 0.612313124425
DS3.d1584.s0.i0 1.0 0.958681960686
DS3.d1584.s1.i0 1.0 0.421664816397
DS3.d1589.s0.i0 1.0 0.655207234672
DS3.d1589.s0.i1 1.0 -0.197194296767
DS3.d1598.s0.i0 1.0 0.656825329582
DS3.d1598.s1.i0 1.0 0.425321101115
DS3.d1605.s0.i0 1.0 1.05092003997
DS3.d1605.s1.i0 1.0 0.537367094978
DS3.d1611.s0.i0 1.0 0.750149025059
DS3.d1611.s0.i1 1.0 0.686056941961
DS3.d1617.s0.i0 1.0 1.12740321138
DS3.d1617.s0.i1 1.0 1.30443072317
DS3.d1617.s0.i2 1.0 1.06567108286
DS3.d1617.s0.i3 1.0 1.26757464493
DS3.d1617.s1.i0 1.0 0.391248035504
DS3.d1625.s0.i0 1.0 1.06540333079
DS3.d1632.s0.i0 1.0 0.10890465105
DS3.d1632.s0.i1 -1 0.0408723007741
DS3.d1632.s0.i2 1.0 1.01588263682
DS3.d1632.s0.i3 -1 -0.457216959266
DS3.d1644.s0.i0 -1 -0.733629548038
DS3.d1644.s0.i1 -1 -1.51293271558
DS3.d1644.s1.i0 -1 -1.48703180388
DS3.d1644.s1.i1 -1 -0.67233499055
DS3.d1644.s1.i2 -1 -0.329646569416
DS3.d1644.s2.i0 -1 -0.994919567141
DS3.d1651.s0.i0 1.0 2.08336343878
DS3.d1652.s0.i0 1.0 0.539778968722
DS3.d1652.s1.i0 1.0 0.595270258078
DS3.d1655.s0.i0 1.0 1.3779296578
DS3.d1655.s1.i0 -1 -1.04125471374
DS3.d1655.s1.i1 -1 -1.04125471374
DS3.d1655.s1.i2 -1 0.836318751424
DS3.d1660.s0.i0 1.0 0.791037341408
DS3.d1663.s0.i0 1.0 0.655306359517
DS3.d1663.s0.i1 1.0 0.267128981568
DS3.d1663.s1.i0 1.0 0.251559639533
DS3.d1666.s0.i0 1.0 0.963838026193
DS3.d1666.s0.i1 1.0 0.97567125125
DS3.d1667.s0.i0 1.0 0.869481032016
DS3.d1674.s0.i0 -1 0.0366704796525
DS3.d1674.s0.i1 -1 0.183004645749
DS3.d1682.s0.i0 1.0 0.492792479395
DS3.d1682.s0.i1 1.0 0.475745077588
DS3.d1687.s0.i0 1.0 -0.243981072248
DS3.d1687.s1.i0 1.0 0.310893432282
DS3.d1688.s0.i0 1.0 -0.798009474424
DS3.d1688.s1.i0 1.0 1.65448467715
DS3.d1711.s0.i0 1.0 0.869158901836
DS3.d1711.s0.i1 1.0 2.04127667513
DS3.d1711.s0.i2 1.0 0.636752898804
DS3.d1711.s0.i3 -1 0.807340336532
DS3.d1714.s0.i0 1.0 0.3981924658
DS3.d1714.s0.i1 1.0 0.319817193079
DS3.d1714.s1.i0 1.0 1.02516176415
DS3.d1714.s2.i0 1.0 1.20455818393
DS3.d1714.s2.i1 1.0 1.11574293808
DS3.d1721.s0.i0 1.0 1.62014006456
DS3.d1721.s0.i1 1.0 1.5529818423
DS3.d1721.s1.i0 -1 0.566750926164
DS3.d1721.s1.i1 -1 0.163995957444
DS3.d1739.s0.i0 -1 -0.628239946477
DS3.d1739.s1.i0 -1 -1.29643128952
DS3.d1748.s0.i0 1.0 0.669452970763
DS3.d1748.s0.i1 1.0 -1.10318212227
DS3.d1748.s1.i0 1.0 1.20377771764
DS3.d1783.s0.i0 -1 -0.0616596368375
DS3.d1805.s0.i0 1.0 1.05612254966
DS3.d1805.s0.i1 1.0 1.02408619333
DS3.d1805.s0.i2 1.0 1.21985598279
DS3.d1805.s0.i3 1.0 0.752824126735
DS3.d1815.s0.i0 -1 -0.846338238775
DS3.d1815.s0.i1 -1 2.1119627282
DS3.d1822.s0.i0 1.0 0.337020021522
DS3.d1829.s0.i0 1.0 0.550963905612
DS3.d1829.s1.i0 1.0 1.1253615959
DS3.d1829.s1.i1 1.0 0.786295344895
DS3.d1829.s2.i0 1.0 1.3623668632
DS3.d1838.s0.i0 1.0 0.684986581896
DS3.d1845.s0.i0 1.0 0.572304136304
DS3.d1845.s0.i1 1.0 0.313225733936
DS3.d1845.s0.i2 1.0 0.572304136304
DS3.d1845.s0.i3 1.0 0.313225733936
DS3.d1845.s0.i4 1.0 0.484363760168
DS3.d1845.s0.i5 1.0 0.484363760168
DS3.d1854.s0.i0 1.0 1.30892576965
DS3.d1862.s0.i0 1.0 0.942763712245
DS3.d1864.s0.i0 1.0 -0.0297366353163
DS3.d1864.s0.i1 1.0 -0.0759067745007
DS3.d1864.s1.i0 -1 -1.09220062143
DS3.d1873.s0.i0 -1 -0.534176504054
