DS1.d0.s0.i0 1.0 1.3024801825
DS1.d0.s1.i0 -1 -0.380751411365
DS1.d0.s1.i1 1.0 0.665302681717
DS1.d2.s0.i0 1.0 -0.333036697928
DS1.d25.s0.i0 1.0 0.850683482013
DS1.d25.s1.i0 -1 -0.059075623657
DS1.d27.s0.i0 1.0 0.196344962436
DS1.d27.s0.i1 1.0 0.318296175273
DS1.d27.s0.i2 1.0 0.393043408234
DS1.d27.s1.i0 1.0 -0.423746031475
DS1.d27.s1.i1 1.0 -0.492280166028
DS1.d27.s2.i0 1.0 0.445330219967
DS1.d37.s0.i0 1.0 -1.49316089724
DS1.d37.s1.i0 -1 -0.0126377685454
DS1.d37.s2.i0 -1 -0.368601487834
DS1.d37.s2.i1 1.0 -0.495548694408
DS1.d37.s2.i2 -1 -0.916617306606
DS1.d44.s0.i0 -1 -1.30808156843
DS1.d44.s0.i1 1.0 -0.662298257605
DS1.d44.s0.i2 -1 -1.30922462141
DS1.d44.s0.i3 -1 -0.933878780907
DS1.d44.s0.i4 -1 -1.10710629608
DS1.d44.s0.i5 1.0 -1.00035847132
DS1.d44.s0.i6 -1 -0.771138829002
DS1.d44.s0.i7 -1 -1.3044140139
DS1.d44.s0.i8 1.0 -0.381632625452
DS1.d44.s0.i9 1.0 -0.190730160901
DS1.d44.s0.i10 1.0 -0.424185485954
DS1.d44.s0.i11 -1 -1.23784106666
DS1.d44.s0.i12 -1 -1.01653379364
DS1.d44.s0.i13 -1 -1.40460556899
DS1.d44.s0.i14 -1 -1.01659507104
DS1.d44.s0.i15 -1 -0.665221339844
DS1.d44.s0.i16 1.0 -0.503674417787
DS1.d44.s0.i17 -1 -0.740915211074
DS1.d47.s0.i0 1.0 0.588977890154
DS1.d47.s0.i1 1.0 1.07439568294
DS1.d54.s0.i0 -1 -0.929998933282
DS1.d64.s0.i0 -1 0.507234704055
DS1.d70.s0.i0 1.0 0.373436002234
DS1.d70.s0.i1 1.0 0.26020539436
DS1.d70.s1.i0 1.0 0.18198045542
DS1.d70.s1.i1 1.0 0.925089131162
DS1.d70.s1.i2 1.0 1.38138094997
DS1.d70.s1.i3 1.0 0.0790326994393
DS1.d100.s0.i0 1.0 0.686726832222
DS1.d100.s1.i0 1.0 0.499770085461
DS1.d100.s1.i1 1.0 0.222558605561
DS1.d102.s0.i0 1.0 -0.68404875559
DS1.d102.s0.i1 1.0 -0.40710632558
DS1.d102.s0.i2 1.0 -0.387747485609
DS1.d112.s0.i0 -1 0.0148943974588
DS1.d132.s0.i0 1.0 0.0594458876951
DS1.d145.s0.i0 1.0 -0.00900079742037
DS1.d145.s1.i0 1.0 0.986366590218
DS1.d150.s0.i0 1.0 0.656305388751
DS1.d150.s0.i1 1.0 0.656305388751
DS1.d154.s0.i0 1.0 -0.698552308882
DS1.d154.s0.i1 1.0 -0.517270878694
DS1.d156.s0.i0 -1 0.800830127472
DS1.d156.s0.i1 -1 1.07195789816
DS1.d172.s0.i0 -1 0.10570365915
DS1.d172.s0.i1 1.0 0.985857335691
DS1.d177.s0.i0 -1 -0.336767668731
DS1.d177.s0.i1 -1 1.21317809311
DS1.d177.s0.i2 -1 1.32983853205
DS1.d177.s0.i3 -1 1.2290758927
DS1.d177.s0.i4 -1 -1.07466028234
DS1.d177.s0.i5 -1 -1.03304267215
DS1.d177.s0.i6 -1 1.36827181671
DS1.d177.s0.i7 -1 0.164684075273
DS1.d186.s0.i0 1.0 -0.103246060815
DS1.d186.s0.i1 1.0 -0.17627874744
DS1.d186.s0.i2 1.0 -0.142218015607
DS1.d187.s0.i0 1.0 0.0929043615985
DS1.d192.s0.i0 1.0 -0.401809502662
DS1.d201.s0.i0 1.0 0.277170958358
DS1.d201.s0.i1 1.0 0.233342631517
DS1.d201.s0.i2 1.0 0.639579191133
DS1.d201.s0.i3 1.0 0.141858573051
DS1.d201.s0.i4 1.0 0.317917846443
DS1.d201.s0.i5 1.0 0.277170958358
DS1.d201.s0.i6 1.0 0.185843711995
DS1.d201.s0.i7 1.0 -0.00107325124612
DS1.d201.s0.i8 1.0 0.817704390209
DS1.d203.s0.i0 1.0 0.28837323243
DS1.d203.s0.i1 1.0 0.496183769481
DS1.d205.s0.i0 -1 -0.261863287071
DS1.d205.s0.i1 -1 -0.163900913543
DS1.d205.s0.i2 -1 -0.141681413235
DS1.d206.s0.i0 1.0 0.870582030108
DS1.d206.s0.i1 1.0 1.4355076466
DS1.d206.s0.i2 1.0 0.954363319687
DS1.d206.s0.i3 1.0 0.596567687625
DS1.d206.s0.i4 1.0 0.970846280604
DS1.d206.s0.i5 1.0 0.350907218663
DS1.d206.s0.i6 1.0 0.614023616342
DS1.d206.s0.i7 1.0 1.26324054985
DS1.d207.s0.i0 1.0 -0.0495473413571
DS1.d214.s0.i0 1.0 0.502496246388
DS1.d214.s0.i1 1.0 0.638514327039
DS1.d223.s0.i0 1.0 0.389452991387
DS1.d223.s0.i1 -1 -0.848559179006
DS1.d223.s1.i0 1.0 1.45897802405
DS1.d223.s1.i1 -1 1.40565000176
DS1.d247.s0.i0 -1 -1.34585121258
DS1.d247.s0.i1 1.0 -1.03110893807
DS1.d247.s0.i2 1.0 -0.824383164427
DS1.d247.s0.i3 -1 -1.39935155817
DS1.d247.s0.i4 1.0 -0.132549868375
DS1.d247.s0.i5 -1 -1.36772432834
DS1.d247.s0.i6 -1 -1.5104617611
DS1.d247.s0.i7 -1 -1.24534969205
DS1.d247.s0.i8 -1 -1.580264736
DS1.d247.s0.i9 -1 -1.43373506167
DS1.d247.s0.i10 -1 -1.40201269907
DS1.d247.s0.i11 -1 -1.34879937654
DS1.d247.s0.i12 -1 -0.491252106519
DS1.d247.s0.i13 1.0 -0.981192139409
DS1.d247.s0.i14 -1 -1.42952200459
DS1.d247.s0.i15 1.0 -0.769761542862
DS1.d247.s0.i16 -1 -1.2726678399
DS1.d247.s0.i17 -1 -1.46704628993
DS1.d247.s0.i18 1.0 -0.895441771392
DS1.d247.s0.i19 -1 -1.49961841343
DS1.d247.s0.i20 1.0 -0.730518346514
DS1.d247.s0.i21 -1 -0.82476785205
DS1.d247.s0.i22 1.0 -0.868719239873
DS1.d247.s0.i23 -1 -1.50340536157
DS1.d248.s0.i0 1.0 1.12517222345
DS1.d248.s0.i1 1.0 1.22313615865
DS1.d250.s0.i0 1.0 1.46146169288
DS1.d250.s0.i1 1.0 1.01190513513
DS1.d250.s1.i0 1.0 0.958443211977
DS1.d255.s0.i0 -1 -1.11733048002
DS1.d255.s0.i1 -1 -0.375495812038
DS1.d256.s0.i0 -1 0.392128571334
DS1.d256.s0.i1 -1 0.0678124614727
DS1.d256.s0.i2 1.0 -0.630612122962
DS1.d256.s0.i3 -1 0.232205333901
DS1.d277.s0.i0 1.0 1.2095352595
DS1.d280.s0.i0 1.0 0.687582878992
DS1.d290.s0.i0 1.0 -0.929589074178
DS1.d290.s0.i1 1.0 -0.620172221511
DS1.d305.s0.i0 1.0 1.51168643875
DS1.d305.s0.i1 1.0 0.859098955092
DS1.d305.s0.i2 1.0 1.55180718234
DS1.d305.s0.i3 1.0 0.706691024532
DS1.d306.s0.i0 1.0 1.83244089033
DS1.d306.s0.i1 -1 0.0539717378368
DS1.d306.s1.i0 1.0 0.914083010444
DS1.d306.s1.i1 1.0 1.26568253251
DS1.d306.s1.i2 1.0 1.12220174563
DS1.d306.s1.i3 1.0 0.650887520489
DS1.d306.s1.i4 1.0 1.41665045241
DS1.d306.s1.i5 1.0 1.03632266847
DS1.d306.s2.i0 -1 0.180061430795
DS1.d306.s3.i0 1.0 -0.500846052074
DS1.d306.s4.i0 1.0 -0.600807578604
DS1.d306.s4.i1 1.0 -0.645986906566
DS1.d325.s0.i0 1.0 1.28710227563
DS1.d325.s0.i1 1.0 0.0591985217565
DS1.d337.s0.i0 1.0 0.880857276444
DS1.d337.s0.i1 1.0 1.01196482876
DS1.d344.s0.i0 -1 -0.546390023224
DS1.d350.s0.i0 1.0 -0.00404837225556
DS1.d350.s0.i1 1.0 -0.187311811075
DS1.d350.s0.i2 1.0 -0.328493388978
DS1.d350.s0.i3 1.0 -0.612703847811
DS1.d350.s1.i0 -1 -0.285677587194
DS1.d350.s1.i1 -1 -0.334303935141
DS1.d350.s1.i2 -1 -0.480634584995
DS1.d350.s1.i3 -1 -0.67223324696
DS1.d358.s0.i0 1.0 1.12011962495
DS1.d358.s1.i0 1.0 0.104058542256
DS1.d359.s0.i0 1.0 2.07595729837
DS1.d359.s0.i1 -1 0.476723684037
DS1.d360.s0.i0 -1 1.35107483878
DS1.d360.s0.i1 -1 1.84181082937
DS1.d360.s1.i0 -1 0.363254927805
DS1.d377.s0.i0 1.0 0.44828517881
DS1.d377.s0.i1 1.0 0.818447928759
DS1.d377.s0.i2 1.0 0.112222228478
DS1.d377.s1.i0 1.0 0.35189064887
DS1.d377.s1.i1 1.0 0.238270793715
DS1.d384.s0.i0 1.0 0.68859756997
DS1.d384.s0.i1 -1 0.293088937054
DS1.d384.s0.i2 1.0 0.68859756997
DS1.d409.s0.i0 1.0 -0.0667939908386
DS1.d417.s0.i0 1.0 0.874610423409
DS1.d428.s0.i0 1.0 0.135855755337
DS1.d428.s0.i1 1.0 0.606093310309
DS1.d428.s0.i2 1.0 0.740299967898
DS1.d428.s0.i3 1.0 -0.00954206615818
DS1.d428.s1.i0 1.0 1.14687712737
DS1.d428.s1.i1 -1 1.06566084244
DS1.d428.s1.i2 1.0 1.85084900859
DS1.d428.s1.i3 -1 0.281768282744
DS1.d428.s2.i0 -1 0.361880058639
DS1.d428.s2.i1 1.0 1.17538529558
DS1.d430.s0.i0 1.0 1.2003972064
DS1.d430.s0.i1 1.0 1.1309718409
DS1.d430.s0.i2 1.0 1.23388215616
DS1.d430.s0.i3 1.0 1.31304260126
DS1.d432.s0.i0 1.0 0.294002809824
DS1.d432.s0.i1 1.0 -0.276145317138
DS1.d432.s0.i2 1.0 1.34334804027
DS1.d432.s0.i3 1.0 -0.255567995107
DS1.d432.s1.i0 1.0 0.985517673913
DS1.d432.s1.i1 1.0 0.761709352209
DS1.d505.s0.i0 1.0 0.986556776529
DS1.d507.s0.i0 1.0 0.717621445604
DS1.d507.s0.i1 -1 1.70635122413
DS1.d523.s0.i0 -1 0.0170754262784
DS1.d523.s1.i0 1.0 0.26152352326
DS1.d523.s1.i1 1.0 0.594682094397
DS1.d541.s0.i0 -1 0.119022845804
DS1.d541.s1.i0 -1 -0.490424949288
DS1.d557.s0.i0 1.0 1.61496133185
DS1.d561.s0.i0 -1 0.756235731078
DS1.d576.s0.i0 1.0 0.757328648733
DS1.d576.s0.i1 -1 0.23097119282
DS1.d576.s0.i2 1.0 1.1083722561
DS1.d576.s1.i0 -1 1.14072602963
DS1.d576.s1.i1 1.0 0.653213629993
DS1.d576.s2.i0 1.0 1.29328586202
DS1.d576.s2.i1 1.0 1.22059341156
DS1.d591.s0.i0 1.0 0.458683188594
DS1.d591.s0.i1 1.0 0.40201605377
DS1.d591.s0.i2 1.0 -0.18262015709
DS1.d591.s0.i3 1.0 -0.848955094232
DS1.d620.s0.i0 -1 -0.376323435532
DS1.d620.s0.i1 -1 -0.163918033868
DS1.d620.s0.i2 -1 -1.06738651998
DS1.d620.s0.i3 -1 -0.211044299737
DS1.d620.s0.i4 -1 -0.731735525608
DS1.d620.s0.i5 -1 0.173265878356
DS1.d620.s0.i6 -1 -1.13855790677
DS1.d620.s0.i7 -1 -0.818785633934
DS1.d620.s0.i8 -1 0.102771890055
DS1.d620.s0.i9 -1 -0.340922782369
DS1.d620.s0.i10 -1 -0.260588534895
DS1.d620.s0.i11 -1 -0.76929696908
DS1.d620.s0.i12 -1 -0.900197792405
DS1.d620.s0.i13 -1 -0.0503385705555
DS1.d620.s0.i14 -1 -1.30702017357
DS1.d620.s0.i15 -1 -0.660564138816
DS1.d620.s0.i16 -1 -0.396012592282
DS1.d620.s0.i17 -1 -0.236353909224
DS1.d620.s0.i18 -1 -0.272885153265
DS1.d620.s0.i19 -1 -0.613200090981
DS1.d620.s0.i20 -1 -0.738459567228
DS1.d620.s1.i0 -1 0.653334369066
DS1.d635.s0.i0 1.0 1.90829624414
DS1.d635.s0.i1 1.0 1.36234816215
DS1.d638.s0.i0 1.0 0.961305933912
DS1.d638.s0.i1 1.0 1.77852976618
DS1.d638.s0.i2 1.0 1.04515537751
DS1.d638.s0.i3 1.0 0.781607710149
DS1.d645.s0.i0 1.0 0.14122278346
DS1.d651.s0.i0 -1 -1.26669155609
DS1.d653.s0.i0 1.0 -0.627586844146
DS1.d653.s0.i1 1.0 0.0123160938372
DS1.d653.s0.i2 1.0 -0.338750061302
DS1.d662.s0.i0 1.0 -0.168028568254
DS1.d662.s0.i1 1.0 -0.516589768509
DS1.d662.s0.i2 -1 -0.826091400025
DS1.d662.s0.i3 1.0 -0.169383820961
DS1.d681.s0.i0 1.0 0.145832450879
DS1.d681.s0.i1 1.0 -0.304685775256
DS1.d681.s1.i0 -1 -0.103423862099
DS1.d681.s1.i1 -1 0.33384538967
DS1.d681.s1.i2 -1 0.434647138364
DS1.d681.s1.i3 -1 0.251591640859
DS1.d681.s1.i4 1.0 0.711361866869
DS1.d681.s1.i5 -1 0.615497997056
DS1.d681.s1.i6 1.0 1.04100447549
DS1.d681.s1.i7 -1 0.151319601818
DS1.d681.s1.i8 1.0 1.00514674232
DS1.d700.s0.i0 1.0 -0.50068150396
DS1.d713.s0.i0 1.0 0.84115780151
DS1.d713.s0.i1 1.0 0.252048363133
DS1.d713.s1.i0 1.0 0.157755194055
DS1.d713.s1.i1 1.0 0.544046822078
DS1.d729.s0.i0 -1 0.380312308488
DS1.d731.s0.i0 -1 0.797052496913
DS1.d731.s1.i0 -1 -0.713112770625
DS1.d731.s1.i1 -1 -0.713112770625
DS1.d731.s1.i2 1.0 1.14509991431
DS1.d731.s2.i0 1.0 -0.00375925005542
DS1.d735.s0.i0 1.0 1.32367179553
DS1.d735.s1.i0 1.0 0.469362342133
DS1.d735.s1.i1 1.0 0.0830905795039
DS1.d735.s2.i0 1.0 0.910467692216
DS1.d735.s2.i1 -1 0.520683004029
DS1.d735.s3.i0 -1 0.380191934876
DS1.d739.s0.i0 1.0 -0.222723069165
DS1.d739.s0.i1 1.0 -0.195549780364
DS1.d739.s0.i2 1.0 -0.396581279179
DS1.d739.s0.i3 1.0 -0.796172179934
DS1.d739.s1.i0 1.0 0.324969762197
DS1.d739.s1.i1 1.0 0.448816946617
DS1.d739.s1.i2 1.0 -0.0446006650307
DS1.d739.s1.i3 1.0 -0.0794881086936
DS1.d739.s1.i4 1.0 0.621455424889
DS1.d739.s1.i5 1.0 0.209939462577
DS1.d739.s1.i6 1.0 0.857169711342
DS1.d739.s1.i7 1.0 0.545916316184
DS1.d760.s0.i0 -1 -0.246160739914
DS1.d760.s1.i0 1.0 -0.522794643518
DS1.d762.s0.i0 1.0 0.840795086499
DS1.d762.s0.i1 1.0 0.616479524234
DS1.d762.s1.i0 1.0 -0.885808008051
DS1.d762.s2.i0 1.0 -0.203602036685
DS1.d762.s2.i1 1.0 -0.0165893031993
DS1.d762.s3.i0 1.0 0.350654052171
DS1.d762.s3.i1 1.0 0.47986677407
DS1.d762.s3.i2 1.0 0.346631692142
DS1.d762.s3.i3 -1 -0.462176415542
DS1.d762.s3.i4 1.0 -0.0561923938966
DS1.d762.s3.i5 -1 -0.308833695974
DS1.d762.s3.i6 -1 -0.479407326215
DS1.d762.s3.i7 -1 -0.678012859518
DS1.d762.s4.i0 1.0 -0.0312357852485
DS1.d762.s4.i1 1.0 0.418530633502
DS1.d762.s4.i2 1.0 0.196356864723
DS1.d762.s4.i3 1.0 0.0934595454689
DS1.d778.s0.i0 1.0 0.758970358276
DS1.d778.s1.i0 -1 0.301457221833
DS1.d778.s1.i1 1.0 1.05427958184
DS1.d778.s2.i0 1.0 1.34794292912
DS1.d778.s2.i1 1.0 1.14962891923
DS1.d792.s0.i0 1.0 0.0898940440387
DS1.d792.s0.i1 -1 -0.139130773016
DS1.d795.s0.i0 1.0 0.826739410961
DS1.d806.s0.i0 -1 -0.0342708421635
DS1.d806.s0.i1 -1 -0.248521355662
DS1.d806.s0.i2 -1 0.422901193152
DS1.d828.s0.i0 -1 1.09442426865
