DS3.d3.s0.i0 1.0 1.36854828931
DS3.d3.s0.i1 1.0 2.33465413818
DS3.d3.s0.i2 1.0 2.33465413818
DS3.d3.s1.i0 1.0 0.523787568175
DS3.d3.s1.i1 1.0 0.779332385431
DS3.d4.s0.i0 1.0 0.156502354449
DS3.d4.s0.i1 1.0 0.22093290144
DS3.d38.s0.i0 1.0 1.33384283828
DS3.d38.s1.i0 1.0 1.84049052518
DS3.d38.s1.i1 1.0 1.38058164449
DS3.d38.s2.i0 1.0 1.72605604461
DS3.d38.s3.i0 -1 -0.166762370629
DS3.d45.s0.i0 -1 -0.332501864917
DS3.d45.s0.i1 -1 -0.332501864917
DS3.d68.s0.i0 1.0 0.889305396371
DS3.d86.s0.i0 1.0 1.76516067423
DS3.d86.s0.i1 1.0 1.43128011251
DS3.d86.s1.i0 1.0 0.731158080481
DS3.d86.s1.i1 -1 0.823961714968
DS3.d86.s1.i2 -1 0.301046919507
DS3.d90.s0.i0 -1 0.615461139214
DS3.d90.s0.i1 -1 -0.151926827107
DS3.d90.s1.i0 1.0 0.774630015197
DS3.d90.s1.i1 1.0 0.626510547667
DS3.d90.s1.i2 1.0 0.128140856574
DS3.d90.s1.i3 1.0 -0.298157544527
DS3.d90.s1.i4 1.0 -0.0843246915486
DS3.d90.s1.i5 1.0 0.115373842106
DS3.d99.s0.i0 1.0 1.9728899836
DS3.d101.s0.i0 1.0 -0.266506665159
DS3.d103.s0.i0 -1 -0.116699379779
DS3.d125.s0.i0 1.0 1.74542998141
DS3.d125.s0.i1 1.0 2.0705042609
DS3.d135.s0.i0 1.0 -1.16070423539
DS3.d135.s0.i1 1.0 -1.1140819246
DS3.d135.s1.i0 1.0 0.0418783961366
DS3.d135.s1.i1 -1 -0.032156915857
DS3.d135.s1.i2 -1 -0.541032847451
DS3.d153.s0.i0 -1 0.639630908152
DS3.d153.s0.i1 -1 -0.0335561034234
DS3.d162.s0.i0 1.0 1.1450514646
DS3.d162.s1.i0 1.0 0.866127834498
DS3.d167.s0.i0 1.0 1.12867807922
DS3.d176.s0.i0 1.0 -0.367695197404
DS3.d176.s0.i1 1.0 -0.60513344603
DS3.d176.s0.i2 1.0 -0.426769852591
DS3.d191.s0.i0 -1 0.470034259441
DS3.d220.s0.i0 -1 0.536989953646
DS3.d220.s0.i1 -1 0.530018195338
DS3.d220.s1.i0 -1 0.193234768334
DS3.d220.s1.i1 1.0 0.143757841316
DS3.d225.s0.i0 1.0 0.98078262707
DS3.d225.s1.i0 1.0 0.936447390852
DS3.d229.s0.i0 1.0 0.671301708902
DS3.d243.s0.i0 1.0 1.82206935872
DS3.d243.s0.i1 1.0 1.82206935872
DS3.d243.s0.i2 1.0 1.82206935872
DS3.d254.s0.i0 1.0 1.89260409187
DS3.d254.s0.i1 1.0 1.94368542314
DS3.d254.s1.i0 -1 0.0725495385696
DS3.d254.s1.i1 -1 0.265588724184
DS3.d254.s2.i0 -1 1.30823659237
DS3.d254.s2.i1 1.0 1.09892929394
DS3.d258.s0.i0 1.0 0.799039611258
DS3.d260.s0.i0 1.0 1.42211216715
DS3.d260.s0.i1 1.0 0.858004175386
DS3.d260.s0.i2 -1 0.322084456752
DS3.d260.s1.i0 -1 1.46432344175
DS3.d260.s1.i1 1.0 1.46432344175
DS3.d270.s0.i0 1.0 -0.246645925797
DS3.d271.s0.i0 1.0 0.953532747604
DS3.d283.s0.i0 1.0 0.282497488131
DS3.d283.s0.i1 1.0 0.512723397595
DS3.d283.s0.i2 1.0 0.446104187311
DS3.d283.s0.i3 1.0 0.551929313586
DS3.d284.s0.i0 -1 -1.23909145061
DS3.d287.s0.i0 1.0 0.581528312367
DS3.d287.s0.i1 1.0 0.828295253479
DS3.d287.s1.i0 -1 -1.20482541916
DS3.d287.s1.i1 -1 -0.244031531224
DS3.d287.s2.i0 1.0 1.29378526785
DS3.d287.s2.i1 -1 1.41601223185
DS3.d287.s3.i0 1.0 0.530166563579
DS3.d295.s0.i0 1.0 0.18669802599
DS3.d295.s1.i0 -1 1.08804059748
DS3.d298.s0.i0 1.0 0.788963880511
DS3.d299.s0.i0 -1 1.33294732368
DS3.d299.s0.i1 -1 1.03281720902
DS3.d308.s0.i0 1.0 0.993408216714
DS3.d308.s0.i1 1.0 1.41234898557
DS3.d308.s1.i0 1.0 0.528690140952
DS3.d308.s1.i1 1.0 0.581188471558
DS3.d308.s1.i2 1.0 0.562063389875
DS3.d308.s2.i0 1.0 0.992807052283
DS3.d308.s3.i0 1.0 1.59249751357
DS3.d308.s3.i1 1.0 2.04366187577
DS3.d308.s4.i0 1.0 2.06353363531
DS3.d308.s4.i1 1.0 2.06353363531
DS3.d308.s5.i0 1.0 1.46453272094
DS3.d308.s5.i1 1.0 1.46453272094
DS3.d322.s0.i0 1.0 0.856433762819
DS3.d322.s1.i0 -1 1.03841812054
DS3.d322.s1.i1 -1 1.31885729056
DS3.d328.s0.i0 -1 -1.8474675557
DS3.d328.s1.i0 1.0 1.41640629083
DS3.d328.s1.i1 1.0 1.35702893395
DS3.d333.s0.i0 1.0 1.45006681472
DS3.d339.s0.i0 -1 -0.0987108852413
DS3.d339.s0.i1 -1 -0.367146337379
DS3.d346.s0.i0 1.0 0.85363131657
DS3.d346.s1.i0 -1 1.55681015709
DS3.d346.s1.i1 -1 0.881240737766
DS3.d356.s0.i0 1.0 0.910473957356
DS3.d378.s0.i0 -1 0.165377903872
DS3.d378.s0.i1 1.0 -0.143320636143
DS3.d378.s0.i2 -1 0.329843998502
DS3.d378.s0.i3 -1 0.490816640555
DS3.d378.s1.i0 -1 -0.26932412432
DS3.d401.s0.i0 1.0 0.224122003268
DS3.d401.s0.i1 1.0 0.409083450015
DS3.d436.s0.i0 1.0 1.06434092304
DS3.d441.s0.i0 1.0 2.08032227654
DS3.d441.s1.i0 1.0 1.00398670676
DS3.d441.s2.i0 1.0 1.21830370576
DS3.d443.s0.i0 1.0 0.94415622265
DS3.d443.s0.i1 1.0 1.31666339516
DS3.d443.s1.i0 -1 1.14880396085
DS3.d443.s1.i1 -1 1.08534765956
DS3.d443.s1.i2 1.0 1.27358022266
DS3.d443.s2.i0 1.0 1.48961832524
DS3.d443.s2.i1 1.0 1.46892128374
DS3.d443.s2.i2 1.0 0.562067344722
DS3.d444.s0.i0 -1 -0.60756926797
DS3.d444.s0.i1 1.0 0.889980248106
DS3.d444.s0.i2 -1 -1.2947512038
DS3.d476.s0.i0 1.0 1.36138055984
DS3.d476.s0.i1 1.0 1.55644840396
DS3.d478.s0.i0 1.0 0.810639168815
DS3.d488.s0.i0 -1 1.35843807308
DS3.d488.s0.i1 -1 0.864208890685
DS3.d488.s0.i2 1.0 0.757832449484
DS3.d488.s0.i3 -1 0.199065838156
DS3.d488.s0.i4 -1 0.462200555583
DS3.d488.s0.i5 1.0 0.619374162488
DS3.d488.s0.i6 -1 0.954293197688
DS3.d488.s0.i7 -1 0.89527378705
DS3.d488.s0.i8 -1 0.876516712649
DS3.d488.s0.i9 1.0 1.29435972336
DS3.d488.s0.i10 -1 1.15893832649
DS3.d488.s0.i11 -1 0.0543456456751
DS3.d488.s0.i12 -1 0.2078053341
DS3.d488.s0.i13 -1 -0.501390742576
DS3.d488.s0.i14 -1 0.670157135679
DS3.d489.s0.i0 1.0 0.184473289678
DS3.d489.s0.i1 1.0 0.127185352574
DS3.d499.s0.i0 1.0 1.16168918075
DS3.d499.s0.i1 1.0 0.347462446577
DS3.d500.s0.i0 1.0 2.20181049381
DS3.d506.s0.i0 1.0 0.291371785006
DS3.d506.s0.i1 1.0 0.687607063332
DS3.d508.s0.i0 1.0 2.90926507994
DS3.d515.s0.i0 -1 0.188185841646
DS3.d515.s0.i1 -1 0.134391377902
DS3.d515.s1.i0 -1 0.378161379019
DS3.d515.s1.i1 -1 0.86228901306
DS3.d517.s0.i0 1.0 1.87320039659
DS3.d517.s0.i1 1.0 1.65942884883
DS3.d527.s0.i0 1.0 0.680570623628
DS3.d527.s0.i1 1.0 1.18863893416
DS3.d527.s0.i2 1.0 0.175599672045
DS3.d527.s0.i3 1.0 0.291200963239
DS3.d527.s1.i0 1.0 0.679898879858
DS3.d527.s1.i1 1.0 0.223885192571
DS3.d533.s0.i0 1.0 1.07044274981
DS3.d533.s0.i1 1.0 0.479662945989
DS3.d537.s0.i0 -1 1.07922280769
DS3.d537.s0.i1 -1 1.53406169841
DS3.d537.s0.i2 -1 1.01901963587
DS3.d545.s0.i0 1.0 1.08064847156
DS3.d545.s1.i0 1.0 0.925934752517
DS3.d559.s0.i0 -1 -0.996973707477
DS3.d559.s0.i1 -1 -1.31722633674
DS3.d559.s0.i2 -1 -0.904919235254
DS3.d559.s0.i3 -1 -0.996973707477
DS3.d578.s0.i0 1.0 0.44428863657
DS3.d578.s0.i1 1.0 0.651081835075
DS3.d578.s0.i2 1.0 0.715579919341
DS3.d580.s0.i0 1.0 1.14550228177
DS3.d580.s0.i1 1.0 0.642730117841
DS3.d601.s0.i0 1.0 0.845340849945
DS3.d603.s0.i0 1.0 0.594223414295
DS3.d603.s0.i1 1.0 1.38826865426
DS3.d609.s0.i0 -1 -0.100532243745
DS3.d609.s0.i1 1.0 1.39549512211
DS3.d609.s1.i0 -1 -0.00656692094094
DS3.d609.s1.i1 -1 0.33968737864
DS3.d609.s1.i2 1.0 1.44901522089
DS3.d613.s0.i0 1.0 0.687663509248
DS3.d634.s0.i0 1.0 1.48266266753
DS3.d634.s0.i1 1.0 1.87639616402
DS3.d634.s0.i2 1.0 0.842721204077
DS3.d634.s0.i3 1.0 1.5592542335
DS3.d634.s0.i4 1.0 1.02373532588
DS3.d634.s0.i5 1.0 1.00657813648
DS3.d634.s0.i6 1.0 0.895745899076
DS3.d634.s0.i7 1.0 1.65844988355
DS3.d647.s0.i0 -1 0.130824170609
DS3.d679.s0.i0 -1 -1.42073387259
DS3.d685.s0.i0 1.0 0.822612196323
DS3.d685.s0.i1 1.0 0.878019401769
DS3.d685.s0.i2 1.0 0.611774790827
DS3.d685.s1.i0 1.0 2.02225718283
DS3.d685.s1.i1 1.0 2.16596098266
DS3.d685.s1.i2 1.0 1.88066675288
DS3.d722.s0.i0 -1 -0.142062779173
DS3.d722.s0.i1 -1 -0.208130436059
DS3.d723.s0.i0 1.0 0.414725091063
DS3.d730.s0.i0 1.0 -0.287304724985
DS3.d738.s0.i0 1.0 1.09446365868
DS3.d738.s0.i1 1.0 0.450787858216
DS3.d738.s1.i0 1.0 0.644754238575
DS3.d747.s0.i0 1.0 0.881741433028
DS3.d747.s0.i1 1.0 0.49030358371
DS3.d747.s0.i2 1.0 0.881741433028
DS3.d747.s0.i3 1.0 0.49030358371
DS3.d751.s0.i0 1.0 1.59308645431
DS3.d753.s0.i0 1.0 -1.34785857636
DS3.d753.s1.i0 1.0 0.336566227546
DS3.d753.s1.i1 1.0 0.464785900641
DS3.d753.s2.i0 -1 -0.662692428451
DS3.d753.s2.i1 -1 -0.422811155252
DS3.d758.s0.i0 1.0 0.478166610895
DS3.d764.s0.i0 -1 -0.450983699885
DS3.d764.s0.i1 -1 -0.104764337977
DS3.d764.s0.i2 -1 -0.541139946532
DS3.d764.s0.i3 -1 -0.239523945571
DS3.d764.s0.i4 -1 0.0645422154248
DS3.d764.s0.i5 -1 -0.157480926947
DS3.d770.s0.i0 1.0 0.834536864507
DS3.d770.s0.i1 1.0 0.671623348276
DS3.d794.s0.i0 1.0 -0.184150284817
DS3.d794.s0.i1 1.0 0.147276962298
DS3.d801.s0.i0 1.0 -0.107579005203
DS3.d815.s0.i0 1.0 -0.200804052562
DS3.d815.s0.i1 1.0 0.0178301250257
DS3.d815.s0.i2 1.0 0.345020083623
DS3.d830.s0.i0 1.0 1.18759515778
DS3.d830.s1.i0 1.0 0.907291842186
DS3.d836.s0.i0 -1 -0.863529014367
DS3.d836.s0.i1 -1 -0.411459912573
DS3.d836.s0.i2 -1 -0.229571693762
DS3.d836.s0.i3 -1 -0.993345003575
DS3.d836.s0.i4 -1 -0.864874662236
DS3.d836.s0.i5 -1 -0.809533240733
DS3.d836.s0.i6 -1 -0.651509108862
DS3.d836.s0.i7 -1 -1.15250139772
DS3.d836.s0.i8 -1 -0.776725581054
DS3.d836.s0.i9 -1 -0.730101452045
DS3.d838.s0.i0 -1 -0.144618912886
DS3.d838.s0.i1 1.0 1.65944374685
DS3.d838.s0.i2 1.0 0.546427166099
DS3.d862.s0.i0 1.0 1.58232385123
DS3.d876.s0.i0 -1 -0.900603978338
DS3.d876.s0.i1 -1 0.307114220614
DS3.d876.s0.i2 -1 0.0186112317261
DS3.d882.s0.i0 -1 -0.682809447739
DS3.d882.s0.i1 -1 -1.06866697018
DS3.d882.s1.i0 1.0 0.287948123451
DS3.d922.s0.i0 1.0 0.866113757108
DS3.d927.s0.i0 -1 0.0906067316409
DS3.d927.s0.i1 -1 0.194902864454
DS3.d927.s0.i2 -1 0.32663308199
DS3.d940.s0.i0 1.0 0.716428406794
DS3.d940.s0.i1 1.0 0.716428406794
DS3.d946.s0.i0 1.0 0.81648964153
DS3.d946.s0.i1 1.0 0.803262696078
DS3.d946.s1.i0 -1 -1.14226382753
DS3.d946.s1.i1 1.0 0.317830240967
DS3.d946.s1.i2 -1 0.546822996764
DS3.d968.s0.i0 1.0 0.791664994863
DS3.d968.s0.i1 1.0 0.791664994863
DS3.d985.s0.i0 1.0 0.138728409658
DS3.d1002.s0.i0 -1 -0.0869981333296
DS3.d1003.s0.i0 -1 -0.463453481517
DS3.d1003.s0.i1 -1 -0.50799223713
DS3.d1005.s0.i0 1.0 1.2842420472
DS3.d1018.s0.i0 1.0 1.33164161937
DS3.d1018.s0.i1 1.0 2.27147551806
DS3.d1018.s0.i2 1.0 1.83128019497
DS3.d1018.s0.i3 1.0 1.52477616649
DS3.d1018.s1.i0 -1 0.106258668499
DS3.d1031.s0.i0 1.0 0.420262026601
DS3.d1031.s0.i1 -1 -0.140196428053
DS3.d1031.s0.i2 -1 1.17864988763
DS3.d1031.s0.i3 1.0 0.0466934946091
DS3.d1031.s0.i4 1.0 -0.11199135624
DS3.d1031.s0.i5 -1 0.612976174039
DS3.d1031.s0.i6 1.0 0.765385382028
DS3.d1031.s0.i7 -1 0.910649186645
DS3.d1031.s0.i8 1.0 0.0382929215928
DS3.d1031.s0.i9 1.0 0.645288646985
DS3.d1031.s0.i10 -1 1.58711248652
DS3.d1031.s0.i11 -1 0.148559366957
DS3.d1031.s1.i0 1.0 1.99515336872
DS3.d1031.s1.i1 1.0 1.61769862044
DS3.d1031.s1.i2 -1 2.30235881703
DS3.d1035.s0.i0 1.0 0.0852246175056
DS3.d1035.s1.i0 1.0 -0.62785941804
DS3.d1035.s2.i0 -1 -0.721867115204
DS3.d1059.s0.i0 1.0 1.03895305674
DS3.d1061.s0.i0 -1 -0.930439288244
DS3.d1061.s0.i1 -1 -1.10357516851
DS3.d1061.s0.i2 -1 -0.319579220551
DS3.d1061.s0.i3 -1 -1.35503581827
DS3.d1061.s0.i4 -1 -1.48363241191
DS3.d1061.s0.i5 -1 -0.471705268881
DS3.d1061.s0.i6 -1 -1.30206845535
DS3.d1061.s0.i7 -1 -1.60699876411
DS3.d1061.s0.i8 -1 -1.48320998458
DS3.d1061.s0.i9 -1 -1.46880316814
DS3.d1061.s0.i10 -1 -0.521411741825
DS3.d1061.s0.i11 -1 -1.4950018383
DS3.d1061.s0.i12 -1 -0.916829822802
DS3.d1061.s0.i13 -1 -0.544778788004
DS3.d1061.s0.i14 -1 -1.04551737091
DS3.d1061.s0.i15 -1 -1.3786088435
DS3.d1061.s0.i16 -1 -1.23023765341
DS3.d1061.s0.i17 -1 -1.04410845007
DS3.d1061.s0.i18 -1 -1.33187815159
DS3.d1061.s0.i19 -1 -1.3802691482
DS3.d1061.s0.i20 -1 -1.20148168318
DS3.d1061.s0.i21 -1 -0.903747872449
DS3.d1061.s0.i22 -1 -0.736384016638
DS3.d1061.s0.i23 -1 -1.05107875665
DS3.d1071.s0.i0 1.0 1.95294175353
DS3.d1071.s1.i0 1.0 1.40481385963
DS3.d1082.s0.i0 1.0 0.620420778713
DS3.d1082.s1.i0 1.0 1.01741394574
DS3.d1083.s0.i0 -1 -0.695187101477
DS3.d1095.s0.i0 1.0 0.766360816556
DS3.d1095.s0.i1 1.0 1.24188740807
DS3.d1095.s0.i2 1.0 0.986556925669
DS3.d1096.s0.i0 1.0 0.062740456424
DS3.d1097.s0.i0 -1 1.22969246021
DS3.d1097.s1.i0 1.0 0.637888309741
DS3.d1097.s1.i1 1.0 -0.12434290888
DS3.d1097.s1.i2 1.0 0.58599877566
DS3.d1097.s1.i3 1.0 -0.0492517055678
DS3.d1102.s0.i0 -1 -0.468810162724
DS3.d1135.s0.i0 1.0 0.271637044138
DS3.d1135.s0.i1 1.0 1.05165124936
DS3.d1135.s0.i2 1.0 0.180713360205
DS3.d1135.s0.i3 1.0 0.99745633255
DS3.d1135.s1.i0 -1 1.38319661051
DS3.d1135.s2.i0 1.0 -0.376719191693
DS3.d1135.s2.i1 1.0 -0.12495065949
DS3.d1138.s0.i0 1.0 0.284896282742
DS3.d1138.s0.i1 1.0 0.214895952262
DS3.d1138.s1.i0 1.0 0.567238919018
DS3.d1143.s0.i0 -1 0.104025414954
DS3.d1143.s0.i1 -1 -0.168623893055
DS3.d1146.s0.i0 -1 0.961387209403
DS3.d1160.s0.i0 1.0 -0.145748342258
DS3.d1167.s0.i0 1.0 0.497731694408
DS3.d1167.s1.i0 1.0 0.920149489901
DS3.d1167.s1.i1 1.0 -0.162986819247
DS3.d1178.s0.i0 1.0 -0.187328108757
DS3.d1178.s1.i0 -1 -1.06489632315
DS3.d1181.s0.i0 -1 0.578463197753
DS3.d1181.s1.i0 -1 1.17647663339
DS3.d1188.s0.i0 1.0 0.540020944448
DS3.d1193.s0.i0 -1 0.497144519578
DS3.d1193.s0.i1 -1 0.391305801047
DS3.d1216.s0.i0 1.0 0.536296703835
DS3.d1227.s0.i0 -1 0.0788913598016
DS3.d1227.s0.i1 -1 0.0922533494066
DS3.d1227.s0.i2 -1 0.166711132644
DS3.d1227.s0.i3 -1 0.151478127383
DS3.d1227.s0.i4 -1 0.0824052184619
DS3.d1227.s0.i5 -1 -0.0320799276595
DS3.d1227.s0.i6 -1 0.0921794612894
DS3.d1227.s0.i7 -1 -0.187965935379
DS3.d1227.s0.i8 -1 -0.361271622472
DS3.d1227.s0.i9 -1 0.288489233136
DS3.d1227.s1.i0 1.0 0.15776868342
DS3.d1249.s0.i0 -1 -0.5475644216
DS3.d1249.s0.i1 -1 -1.06786282734
DS3.d1258.s0.i0 1.0 0.571808055945
DS3.d1259.s0.i0 1.0 0.581887360851
DS3.d1259.s1.i0 1.0 0.615965876445
DS3.d1261.s0.i0 1.0 0.643202264926
DS3.d1269.s0.i0 -1 0.511287475805
DS3.d1286.s0.i0 -1 -0.60756140527
DS3.d1286.s1.i0 -1 -0.270944434478
DS3.d1287.s0.i0 -1 -0.326577755832
DS3.d1331.s0.i0 -1 -0.929623247083
DS3.d1331.s0.i1 -1 -1.3985179761
DS3.d1331.s1.i0 -1 -0.505862316462
DS3.d1331.s1.i1 -1 -1.27398344265
DS3.d1334.s0.i0 -1 0.208069945369
DS3.d1365.s0.i0 -1 -0.609197703691
DS3.d1365.s0.i1 -1 -0.309198399965
DS3.d1371.s0.i0 1.0 -0.0153686568454
DS3.d1377.s0.i0 1.0 0.0802561812887
DS3.d1377.s1.i0 -1 -0.573929404876
DS3.d1381.s0.i0 1.0 0.776419510228
DS3.d1381.s0.i1 1.0 1.09733526787
DS3.d1381.s0.i2 1.0 0.932633798802
DS3.d1381.s0.i3 1.0 1.1141564371
DS3.d1396.s0.i0 -1 -0.611849082056
DS3.d1396.s0.i1 -1 -0.376836877979
DS3.d1396.s0.i2 -1 -0.240923193852
DS3.d1396.s0.i3 -1 -0.356564582459
DS3.d1397.s0.i0 -1 1.30634130496
DS3.d1399.s0.i0 1.0 0.0728726650506
DS3.d1399.s0.i1 1.0 -0.0207585305215
DS3.d1415.s0.i0 1.0 1.47316178919
DS3.d1415.s0.i1 1.0 1.47083267583
DS3.d1417.s0.i0 1.0 0.481465654374
DS3.d1424.s0.i0 -1 0.11111293686
DS3.d1429.s0.i0 -1 -0.686582058889
DS3.d1429.s0.i1 -1 -1.08511578477
DS3.d1429.s0.i2 -1 -0.765769512079
DS3.d1456.s0.i0 1.0 0.662780118822
DS3.d1458.s0.i0 1.0 0.233183398133
DS3.d1461.s0.i0 1.0 2.05311095912
DS3.d1461.s1.i0 1.0 1.14151569906
DS3.d1464.s0.i0 -1 0.391524678162
DS3.d1480.s0.i0 1.0 0.217745275978
DS3.d1480.s0.i1 1.0 -0.0228931583541
DS3.d1480.s0.i2 1.0 0.20571841428
DS3.d1480.s0.i3 1.0 0.37028957755
DS3.d1484.s0.i0 -1 0.883334529046
DS3.d1484.s1.i0 1.0 1.07033097091
DS3.d1490.s0.i0 -1 -0.361889172472
DS3.d1492.s0.i0 1.0 0.696300180101
DS3.d1492.s0.i1 1.0 0.0648812516037
DS3.d1496.s0.i0 -1 0.326117864737
DS3.d1496.s0.i1 -1 -0.431918252231
DS3.d1497.s0.i0 1.0 1.57895438412
DS3.d1497.s0.i1 1.0 1.64557610367
DS3.d1500.s0.i0 -1 -0.0429582429735
DS3.d1500.s0.i1 -1 0.318577482963
DS3.d1504.s0.i0 -1 -0.0167817248519
DS3.d1504.s0.i1 -1 0.938657037797
DS3.d1504.s0.i2 -1 0.186360121776
DS3.d1504.s0.i3 -1 -0.0622247583052
DS3.d1507.s0.i0 -1 -1.06642115608
DS3.d1507.s0.i1 -1 -0.69563431996
DS3.d1507.s0.i2 -1 -0.659594082935
DS3.d1507.s0.i3 -1 -0.463387489804
DS3.d1507.s0.i4 -1 -1.01515089833
DS3.d1507.s0.i5 -1 -0.782953883638
DS3.d1507.s0.i6 -1 -0.868445569714
DS3.d1507.s0.i7 -1 -0.864632918979
DS3.d1507.s0.i8 -1 -1.03669874855
DS3.d1507.s0.i9 -1 -0.631316918022
DS3.d1507.s0.i10 -1 -0.889993419933
DS3.d1507.s0.i11 -1 -1.03863877028
DS3.d1507.s0.i12 -1 -0.81882729514
DS3.d1507.s0.i13 -1 -1.01542382774
DS3.d1507.s0.i14 -1 -0.819027063954
DS3.d1507.s0.i15 -1 -0.785914771376
DS3.d1507.s0.i16 -1 -0.771813563678
DS3.d1507.s0.i17 -1 -0.943121915315
DS3.d1507.s0.i18 -1 -1.15039614273
DS3.d1507.s0.i19 -1 -0.532916068027
DS3.d1511.s0.i0 -1 -0.990300215243
DS3.d1511.s0.i1 -1 -0.748407905133
DS3.d1511.s0.i2 -1 -0.748407905133
DS3.d1511.s0.i3 -1 -0.990300215243
DS3.d1529.s0.i0 1.0 1.22224383281
DS3.d1546.s0.i0 -1 -0.0110634644088
DS3.d1546.s1.i0 -1 -1.20763383751
DS3.d1546.s1.i1 1.0 0.500990849311
DS3.d1546.s1.i2 -1 -1.09075262391
DS3.d1552.s0.i0 1.0 1.13636278729
DS3.d1563.s0.i0 1.0 1.215083188
DS3.d1563.s0.i1 1.0 1.26237414599
DS3.d1574.s0.i0 1.0 0.38145759323
DS3.d1593.s0.i0 1.0 0.448523967785
DS3.d1603.s0.i0 -1 0.281698882192
DS3.d1603.s0.i1 -1 0.19873130835
DS3.d1612.s0.i0 -1 -0.240207341049
DS3.d1621.s0.i0 1.0 1.57928302894
DS3.d1621.s1.i0 1.0 0.449019326575
DS3.d1628.s0.i0 1.0 0.669483214466
DS3.d1633.s0.i0 -1 -1.45770970391
DS3.d1633.s0.i1 -1 -0.264855368514
DS3.d1633.s1.i0 -1 -1.60423120312
DS3.d1653.s0.i0 1.0 1.13448066052
DS3.d1653.s0.i1 1.0 0.638861883373
DS3.d1653.s1.i0 1.0 0.430137885416
DS3.d1653.s1.i1 1.0 0.703795898662
DS3.d1653.s2.i0 1.0 0.409236518427
DS3.d1653.s3.i0 -1 0.0246327243868
DS3.d1653.s4.i0 -1 0.196660399713
DS3.d1653.s4.i1 -1 -0.135866953185
DS3.d1657.s0.i0 1.0 1.73580600014
DS3.d1679.s0.i0 -1 -1.08430484844
DS3.d1681.s0.i0 1.0 1.41055508807
DS3.d1681.s0.i1 1.0 1.39218383955
DS3.d1681.s1.i0 1.0 0.919343164663
DS3.d1700.s0.i0 1.0 0.605713752595
DS3.d1700.s1.i0 1.0 0.165608875517
DS3.d1709.s0.i0 1.0 0.76851271708
DS3.d1710.s0.i0 -1 -1.65791282306
DS3.d1710.s0.i1 -1 -1.50610469037
DS3.d1710.s1.i0 -1 -1.50610469037
DS3.d1712.s0.i0 1.0 1.41711046476
DS3.d1712.s1.i0 -1 -1.58283640234
DS3.d1712.s1.i1 -1 -0.109539925238
DS3.d1753.s0.i0 -1 0.159425226577
DS3.d1753.s1.i0 -1 -0.933375986658
DS3.d1756.s0.i0 -1 0.189324561126
DS3.d1756.s0.i1 -1 0.189324561126
DS3.d1772.s0.i0 1.0 0.188156374069
DS3.d1786.s0.i0 1.0 2.04011276374
DS3.d1786.s0.i1 1.0 1.95247914952
DS3.d1796.s0.i0 1.0 1.49729337772
DS3.d1799.s0.i0 -1 0.810969928511
DS3.d1799.s0.i1 -1 1.08289104755
DS3.d1821.s0.i0 1.0 0.500379651918
DS3.d1825.s0.i0 -1 -0.0600815190532
DS3.d1831.s0.i0 1.0 -0.367516050622
DS3.d1831.s0.i1 1.0 -0.229669442998
DS3.d1843.s0.i0 1.0 1.50484277075
DS3.d1843.s1.i0 1.0 1.26996543581
DS3.d1848.s0.i0 1.0 1.10185818074
DS3.d1851.s0.i0 1.0 -1.14849087332
DS3.d1851.s0.i1 -1 -0.115581959148
DS3.d1851.s0.i2 -1 -1.89130940316
DS3.d1851.s0.i3 1.0 -0.0474765609709
DS3.d1851.s0.i4 -1 -0.208619949948
DS3.d1851.s0.i5 -1 -0.306801380909
DS3.d1859.s0.i0 -1 -0.181972630652
DS3.d1859.s0.i1 -1 -0.167455991918
DS3.d1859.s0.i2 -1 -0.411053670149
DS3.d1859.s0.i3 -1 -0.336513688497
DS3.d1859.s0.i4 -1 0.0709824061855
DS3.d1859.s0.i5 -1 0.471713992015
DS3.d1863.s0.i0 1.0 0.217704328209
DS3.d1894.s0.i0 -1 -0.290334259056
DS3.d1894.s0.i1 -1 -0.498478280658
