DS3.d3.s0.i0 1.0 2.39477712751
DS3.d3.s0.i1 1.0 2.93433009329
DS3.d3.s0.i2 1.0 2.93433009329
DS3.d3.s1.i0 1.0 0.0223668154847
DS3.d3.s1.i1 1.0 -0.0037195032145
DS3.d4.s0.i0 1.0 0.215634895537
DS3.d4.s0.i1 1.0 -0.206195872388
DS3.d38.s0.i0 1.0 1.42418207412
DS3.d38.s1.i0 1.0 1.66072259832
DS3.d38.s1.i1 1.0 1.31320783473
DS3.d38.s2.i0 1.0 2.30490457913
DS3.d38.s3.i0 -1 -1.28927609585
DS3.d45.s0.i0 -1 -0.298225478916
DS3.d45.s0.i1 -1 -0.298225478916
DS3.d68.s0.i0 1.0 1.30889657772
DS3.d86.s0.i0 1.0 1.01603854047
DS3.d86.s0.i1 1.0 1.20948938836
DS3.d86.s1.i0 1.0 0.718947273694
DS3.d86.s1.i1 -1 0.243107996101
DS3.d86.s1.i2 -1 0.12728022892
DS3.d90.s0.i0 -1 0.478964446665
DS3.d90.s0.i1 -1 -0.204482711166
DS3.d90.s1.i0 1.0 1.39324258906
DS3.d90.s1.i1 1.0 1.56522182615
DS3.d90.s1.i2 1.0 0.125161433919
DS3.d90.s1.i3 1.0 -0.0671104191478
DS3.d90.s1.i4 1.0 0.115850438395
DS3.d90.s1.i5 1.0 0.188628927626
DS3.d99.s0.i0 1.0 2.7094969212
DS3.d101.s0.i0 1.0 -0.900412759406
DS3.d103.s0.i0 -1 -0.144527343265
DS3.d125.s0.i0 1.0 1.21910843278
DS3.d125.s0.i1 1.0 2.51704860589
DS3.d135.s0.i0 1.0 -1.3667059527
DS3.d135.s0.i1 1.0 -1.06407352004
DS3.d135.s1.i0 1.0 -0.363924572637
DS3.d135.s1.i1 -1 -0.745654903749
DS3.d135.s1.i2 -1 -1.17834426539
DS3.d153.s0.i0 -1 1.15964304315
DS3.d153.s0.i1 -1 0.129103013326
DS3.d162.s0.i0 1.0 1.89766046114
DS3.d162.s1.i0 1.0 1.42958336109
DS3.d167.s0.i0 1.0 1.36654967557
DS3.d176.s0.i0 1.0 0.597362421713
DS3.d176.s0.i1 1.0 0.408824886129
DS3.d176.s0.i2 1.0 0.782428962284
DS3.d191.s0.i0 -1 0.922669279877
DS3.d220.s0.i0 -1 0.930953656746
DS3.d220.s0.i1 -1 0.0514112499588
DS3.d220.s1.i0 -1 -0.286256942691
DS3.d220.s1.i1 1.0 1.04380067725
DS3.d225.s0.i0 1.0 0.745022785429
DS3.d225.s1.i0 1.0 0.896905799855
DS3.d229.s0.i0 1.0 0.415466181276
DS3.d243.s0.i0 1.0 1.14333088507
DS3.d243.s0.i1 1.0 1.14333088507
DS3.d243.s0.i2 1.0 1.14333088507
DS3.d254.s0.i0 1.0 2.65124757892
DS3.d254.s0.i1 1.0 2.39450233785
DS3.d254.s1.i0 -1 0.793398949962
DS3.d254.s1.i1 -1 0.943173724079
DS3.d254.s2.i0 -1 1.87906988666
DS3.d254.s2.i1 1.0 1.93286325936
DS3.d258.s0.i0 1.0 0.348417693459
DS3.d260.s0.i0 1.0 1.14322698513
DS3.d260.s0.i1 1.0 0.785476434472
DS3.d260.s0.i2 -1 0.482600690755
DS3.d260.s1.i0 -1 1.59186519916
DS3.d260.s1.i1 1.0 1.59186519916
DS3.d270.s0.i0 1.0 -0.00361414315315
DS3.d271.s0.i0 1.0 0.835410873943
DS3.d283.s0.i0 1.0 1.11357998457
DS3.d283.s0.i1 1.0 1.21424556478
DS3.d283.s0.i2 1.0 1.33110219185
DS3.d283.s0.i3 1.0 0.883282860156
DS3.d284.s0.i0 -1 -1.63793648198
DS3.d287.s0.i0 1.0 0.415852228856
DS3.d287.s0.i1 1.0 1.13172630611
DS3.d287.s1.i0 -1 -0.229742215361
DS3.d287.s1.i1 -1 0.0870435182567
DS3.d287.s2.i0 1.0 1.6575450191
DS3.d287.s2.i1 -1 1.83630754793
DS3.d287.s3.i0 1.0 0.881341439156
DS3.d295.s0.i0 1.0 -0.139336455141
DS3.d295.s1.i0 -1 0.465873658338
DS3.d298.s0.i0 1.0 1.43864566516
DS3.d299.s0.i0 -1 1.37531896115
DS3.d299.s0.i1 -1 1.28109308457
DS3.d308.s0.i0 1.0 1.0716792905
DS3.d308.s0.i1 1.0 1.50477945128
DS3.d308.s1.i0 1.0 1.09172677206
DS3.d308.s1.i1 1.0 1.25412692682
DS3.d308.s1.i2 1.0 0.794737345575
DS3.d308.s2.i0 1.0 1.5582253243
DS3.d308.s3.i0 1.0 2.1884724444
DS3.d308.s3.i1 1.0 2.23832631853
DS3.d308.s4.i0 1.0 2.64134482848
DS3.d308.s4.i1 1.0 2.64134482848
DS3.d308.s5.i0 1.0 1.70933890671
DS3.d308.s5.i1 1.0 1.70933890671
DS3.d322.s0.i0 1.0 0.815643823289
DS3.d322.s1.i0 -1 1.55129193483
DS3.d322.s1.i1 -1 2.01600689502
DS3.d328.s0.i0 -1 -1.50105258717
DS3.d328.s1.i0 1.0 2.16837286407
DS3.d328.s1.i1 1.0 1.59104104624
DS3.d333.s0.i0 1.0 1.14630082705
DS3.d339.s0.i0 -1 -0.0174531750537
DS3.d339.s0.i1 -1 -0.260625578073
DS3.d346.s0.i0 1.0 1.42801152199
DS3.d346.s1.i0 -1 2.33331316171
DS3.d346.s1.i1 -1 1.42762309627
DS3.d356.s0.i0 1.0 1.23020907927
DS3.d378.s0.i0 -1 0.913421516222
DS3.d378.s0.i1 1.0 -0.0174682263313
DS3.d378.s0.i2 -1 0.880790072258
DS3.d378.s0.i3 -1 1.03544039125
DS3.d378.s1.i0 -1 -0.0716205558621
DS3.d401.s0.i0 1.0 0.229517230834
DS3.d401.s0.i1 1.0 0.51003347221
DS3.d436.s0.i0 1.0 1.54026407798
DS3.d441.s0.i0 1.0 3.07588857612
DS3.d441.s1.i0 1.0 1.49473936737
DS3.d441.s2.i0 1.0 2.09505496913
DS3.d443.s0.i0 1.0 1.14673225965
DS3.d443.s0.i1 1.0 1.03906997379
DS3.d443.s1.i0 -1 1.31906616063
DS3.d443.s1.i1 -1 1.13785603857
DS3.d443.s1.i2 1.0 1.34589855821
DS3.d443.s2.i0 1.0 1.98661349115
DS3.d443.s2.i1 1.0 1.8140048104
DS3.d443.s2.i2 1.0 0.431610850156
DS3.d444.s0.i0 -1 -0.435625028353
DS3.d444.s0.i1 1.0 1.96876406706
DS3.d444.s0.i2 -1 -1.05886399657
DS3.d476.s0.i0 1.0 1.74492100083
DS3.d476.s0.i1 1.0 2.06108772942
DS3.d478.s0.i0 1.0 1.45320949449
DS3.d488.s0.i0 -1 2.11991177255
DS3.d488.s0.i1 -1 1.56640212135
DS3.d488.s0.i2 1.0 1.61854390358
DS3.d488.s0.i3 -1 0.368180498733
DS3.d488.s0.i4 -1 0.651020403776
DS3.d488.s0.i5 1.0 1.10367251414
DS3.d488.s0.i6 -1 1.70684916721
DS3.d488.s0.i7 -1 1.38961789392
DS3.d488.s0.i8 -1 0.833769150881
DS3.d488.s0.i9 1.0 2.19911546264
DS3.d488.s0.i10 -1 1.74622182905
DS3.d488.s0.i11 -1 -0.0811965538833
DS3.d488.s0.i12 -1 0.365582905652
DS3.d488.s0.i13 -1 -0.304743346934
DS3.d488.s0.i14 -1 0.632471205507
DS3.d489.s0.i0 1.0 -0.0805647003686
DS3.d489.s0.i1 1.0 -0.329320234696
DS3.d499.s0.i0 1.0 2.26399088958
DS3.d499.s0.i1 1.0 1.50971784224
DS3.d500.s0.i0 1.0 2.50100104847
DS3.d506.s0.i0 1.0 0.219977175822
DS3.d506.s0.i1 1.0 1.08214455455
DS3.d508.s0.i0 1.0 3.44944776391
DS3.d515.s0.i0 -1 -0.136083581584
DS3.d515.s0.i1 -1 -0.0316209350411
DS3.d515.s1.i0 -1 -0.17644201068
DS3.d515.s1.i1 -1 0.65121810727
DS3.d517.s0.i0 1.0 2.8222220126
DS3.d517.s0.i1 1.0 2.1719623429
DS3.d527.s0.i0 1.0 0.145486196459
DS3.d527.s0.i1 1.0 0.949957678268
DS3.d527.s0.i2 1.0 -0.152859108125
DS3.d527.s0.i3 1.0 0.10120640522
DS3.d527.s1.i0 1.0 1.52515427466
DS3.d527.s1.i1 1.0 0.520905503613
DS3.d533.s0.i0 1.0 1.30011434633
DS3.d533.s0.i1 1.0 1.17758391836
DS3.d537.s0.i0 -1 1.03993501064
DS3.d537.s0.i1 -1 1.70585482761
DS3.d537.s0.i2 -1 1.05831180259
DS3.d545.s0.i0 1.0 0.957327889468
DS3.d545.s1.i0 1.0 0.912270697889
DS3.d559.s0.i0 -1 -0.328661777688
DS3.d559.s0.i1 -1 -0.113583328974
DS3.d559.s0.i2 -1 0.0793831808538
DS3.d559.s0.i3 -1 -0.328661777688
DS3.d578.s0.i0 1.0 1.13690225165
DS3.d578.s0.i1 1.0 1.26378299125
DS3.d578.s0.i2 1.0 1.14745176866
DS3.d580.s0.i0 1.0 1.82272663366
DS3.d580.s0.i1 1.0 1.21029801492
DS3.d601.s0.i0 1.0 1.04853197821
DS3.d603.s0.i0 1.0 0.365428414385
DS3.d603.s0.i1 1.0 1.6532859299
DS3.d609.s0.i0 -1 -0.0657592195412
DS3.d609.s0.i1 1.0 1.82924377685
DS3.d609.s1.i0 -1 -0.131807500677
DS3.d609.s1.i1 -1 0.650417520606
DS3.d609.s1.i2 1.0 1.96903518978
DS3.d613.s0.i0 1.0 0.626722139984
DS3.d634.s0.i0 1.0 1.2439518207
DS3.d634.s0.i1 1.0 1.78804756956
DS3.d634.s0.i2 1.0 0.769451859845
DS3.d634.s0.i3 1.0 1.53644213209
DS3.d634.s0.i4 1.0 1.09772584095
DS3.d634.s0.i5 1.0 1.04400436283
DS3.d634.s0.i6 1.0 0.726320197159
DS3.d634.s0.i7 1.0 1.35283146496
DS3.d647.s0.i0 -1 0.444847401447
DS3.d679.s0.i0 -1 -1.19390140776
DS3.d685.s0.i0 1.0 0.494806891155
DS3.d685.s0.i1 1.0 0.360639226206
DS3.d685.s0.i2 1.0 0.942514681881
DS3.d685.s1.i0 1.0 2.45478419377
DS3.d685.s1.i1 1.0 2.38333698661
DS3.d685.s1.i2 1.0 2.24418201678
DS3.d722.s0.i0 -1 0.552504670314
DS3.d722.s0.i1 -1 -0.434268799411
DS3.d723.s0.i0 1.0 0.589388106264
DS3.d730.s0.i0 1.0 -1.30374481885
DS3.d738.s0.i0 1.0 1.67793444893
DS3.d738.s0.i1 1.0 1.15336395051
DS3.d738.s1.i0 1.0 0.960458750737
DS3.d747.s0.i0 1.0 1.43883344199
DS3.d747.s0.i1 1.0 0.69287338233
DS3.d747.s0.i2 1.0 1.43883344199
DS3.d747.s0.i3 1.0 0.69287338233
DS3.d751.s0.i0 1.0 0.905143596369
DS3.d753.s0.i0 1.0 -0.521443222981
DS3.d753.s1.i0 1.0 0.0262624688377
DS3.d753.s1.i1 1.0 0.896666998888
DS3.d753.s2.i0 -1 0.362832455337
DS3.d753.s2.i1 -1 0.61986337739
DS3.d758.s0.i0 1.0 1.1062560487
DS3.d764.s0.i0 -1 -0.0893887435681
DS3.d764.s0.i1 -1 0.12326223803
DS3.d764.s0.i2 -1 -0.228940668985
DS3.d764.s0.i3 -1 -0.0726847243045
DS3.d764.s0.i4 -1 0.157039164398
DS3.d764.s0.i5 -1 -0.0162896873837
DS3.d770.s0.i0 1.0 1.39070579753
DS3.d770.s0.i1 1.0 1.14941939612
DS3.d794.s0.i0 1.0 0.74746659494
DS3.d794.s0.i1 1.0 1.08570828411
DS3.d801.s0.i0 1.0 -0.10617279452
DS3.d815.s0.i0 1.0 -0.674189124102
DS3.d815.s0.i1 1.0 -0.306954450591
DS3.d815.s0.i2 1.0 -0.638583650516
DS3.d830.s0.i0 1.0 1.17064208804
DS3.d830.s1.i0 1.0 1.05339403438
DS3.d836.s0.i0 -1 -0.259307302366
DS3.d836.s0.i1 -1 0.0120534173766
DS3.d836.s0.i2 -1 0.203823849806
DS3.d836.s0.i3 -1 -0.745629485603
DS3.d836.s0.i4 -1 -0.207127188442
DS3.d836.s0.i5 -1 -0.15332992901
DS3.d836.s0.i6 -1 0.167736161477
DS3.d836.s0.i7 -1 -0.30553498548
DS3.d836.s0.i8 -1 -0.534282254307
DS3.d836.s0.i9 -1 0.0632191494683
DS3.d838.s0.i0 -1 -0.897209514924
DS3.d838.s0.i1 1.0 2.57220376638
DS3.d838.s0.i2 1.0 1.53123917119
DS3.d862.s0.i0 1.0 2.20430472077
DS3.d876.s0.i0 -1 -0.584976170321
DS3.d876.s0.i1 -1 0.529692847672
DS3.d876.s0.i2 -1 0.374424187369
DS3.d882.s0.i0 -1 -0.508235251837
DS3.d882.s0.i1 -1 -0.434380374529
DS3.d882.s1.i0 1.0 0.193874028156
DS3.d922.s0.i0 1.0 0.999364920437
DS3.d927.s0.i0 -1 0.100758308492
DS3.d927.s0.i1 -1 0.155939314508
DS3.d927.s0.i2 -1 0.759540397765
DS3.d940.s0.i0 1.0 0.841395588672
DS3.d940.s0.i1 1.0 0.841395588672
DS3.d946.s0.i0 1.0 1.81529438819
DS3.d946.s0.i1 1.0 1.75841961291
DS3.d946.s1.i0 -1 -1.13727686033
DS3.d946.s1.i1 1.0 0.473764780798
DS3.d946.s1.i2 -1 0.63965412864
DS3.d968.s0.i0 1.0 0.870097406373
DS3.d968.s0.i1 1.0 0.870097406373
DS3.d985.s0.i0 1.0 -0.12150841284
DS3.d1002.s0.i0 -1 -0.84936421885
DS3.d1003.s0.i0 -1 -0.262320472853
DS3.d1003.s0.i1 -1 0.0543867306724
DS3.d1005.s0.i0 1.0 1.57167615378
DS3.d1018.s0.i0 1.0 1.33102417021
DS3.d1018.s0.i1 1.0 2.15502259632
DS3.d1018.s0.i2 1.0 1.40269339091
DS3.d1018.s0.i3 1.0 2.09830272626
DS3.d1018.s1.i0 -1 1.25225313115
DS3.d1031.s0.i0 1.0 -0.351270137885
DS3.d1031.s0.i1 -1 -0.251370108804
DS3.d1031.s0.i2 -1 0.96301487053
DS3.d1031.s0.i3 1.0 1.2652906765
DS3.d1031.s0.i4 1.0 -0.624718731627
DS3.d1031.s0.i5 -1 -0.0912652825135
DS3.d1031.s0.i6 1.0 0.966599744207
DS3.d1031.s0.i7 -1 1.03018952431
DS3.d1031.s0.i8 1.0 -0.635608113227
DS3.d1031.s0.i9 1.0 1.09243474892
DS3.d1031.s0.i10 -1 1.20865953553
DS3.d1031.s0.i11 -1 -0.346567110738
DS3.d1031.s1.i0 1.0 2.32305925952
DS3.d1031.s1.i1 1.0 1.9469386809
DS3.d1031.s1.i2 -1 2.59655804955
DS3.d1035.s0.i0 1.0 0.316878636573
DS3.d1035.s1.i0 1.0 -0.672228674899
DS3.d1035.s2.i0 -1 -0.709523136098
DS3.d1059.s0.i0 1.0 1.36227464259
DS3.d1061.s0.i0 -1 -1.58638853003
DS3.d1061.s0.i1 -1 -1.57840956887
DS3.d1061.s0.i2 -1 0.173222027842
DS3.d1061.s0.i3 -1 -1.6929168041
DS3.d1061.s0.i4 -1 -2.03658998994
DS3.d1061.s0.i5 -1 -0.865261347438
DS3.d1061.s0.i6 -1 -1.44732216444
DS3.d1061.s0.i7 -1 -2.29539855536
DS3.d1061.s0.i8 -1 -2.28480931567
DS3.d1061.s0.i9 -1 -1.11614944047
DS3.d1061.s0.i10 -1 -0.540470136465
DS3.d1061.s0.i11 -1 -1.70101468397
DS3.d1061.s0.i12 -1 -1.39818830572
DS3.d1061.s0.i13 -1 -0.750923258966
DS3.d1061.s0.i14 -1 -1.00941936641
DS3.d1061.s0.i15 -1 -1.72422758795
DS3.d1061.s0.i16 -1 -1.58650744874
DS3.d1061.s0.i17 -1 -0.921299847413
DS3.d1061.s0.i18 -1 -1.28460572139
DS3.d1061.s0.i19 -1 -1.22595295692
DS3.d1061.s0.i20 -1 -1.36629718322
DS3.d1061.s0.i21 -1 -0.954178835432
DS3.d1061.s0.i22 -1 -0.979768582669
DS3.d1061.s0.i23 -1 -1.33281492921
DS3.d1071.s0.i0 1.0 2.2717158009
DS3.d1071.s1.i0 1.0 2.09169366412
DS3.d1082.s0.i0 1.0 0.866363798218
DS3.d1082.s1.i0 1.0 0.988704408009
DS3.d1083.s0.i0 -1 0.168276674967
DS3.d1095.s0.i0 1.0 1.14185338452
DS3.d1095.s0.i1 1.0 1.6183227693
DS3.d1095.s0.i2 1.0 1.27298896716
DS3.d1096.s0.i0 1.0 -0.114911579487
DS3.d1097.s0.i0 -1 1.87857804291
DS3.d1097.s1.i0 1.0 0.736380167327
DS3.d1097.s1.i1 1.0 0.336545635662
DS3.d1097.s1.i2 1.0 0.55665641804
DS3.d1097.s1.i3 1.0 0.278006237625
DS3.d1102.s0.i0 -1 -0.822980723507
DS3.d1135.s0.i0 1.0 0.109873439842
DS3.d1135.s0.i1 1.0 0.558583636572
DS3.d1135.s0.i2 1.0 0.206174235671
DS3.d1135.s0.i3 1.0 0.643493691247
DS3.d1135.s1.i0 -1 2.20791478979
DS3.d1135.s2.i0 1.0 -0.236517069835
DS3.d1135.s2.i1 1.0 -0.0505746461669
DS3.d1138.s0.i0 1.0 0.450646651057
DS3.d1138.s0.i1 1.0 0.771363123653
DS3.d1138.s1.i0 1.0 0.219822011553
DS3.d1143.s0.i0 -1 0.899842623823
DS3.d1143.s0.i1 -1 0.594788196411
DS3.d1146.s0.i0 -1 0.763821078171
DS3.d1160.s0.i0 1.0 0.21836675202
DS3.d1167.s0.i0 1.0 1.66447639857
DS3.d1167.s1.i0 1.0 0.779658654043
DS3.d1167.s1.i1 1.0 0.074905164222
DS3.d1178.s0.i0 1.0 0.148922600692
DS3.d1178.s1.i0 -1 -1.03234880828
DS3.d1181.s0.i0 -1 0.950836691179
DS3.d1181.s1.i0 -1 1.42322520668
DS3.d1188.s0.i0 1.0 1.07437003525
DS3.d1193.s0.i0 -1 0.800202591462
DS3.d1193.s0.i1 -1 1.1687979455
DS3.d1216.s0.i0 1.0 0.630051971711
DS3.d1227.s0.i0 -1 0.123152139448
DS3.d1227.s0.i1 -1 -0.0152292195259
DS3.d1227.s0.i2 -1 0.134226558418
DS3.d1227.s0.i3 -1 0.0825639254449
DS3.d1227.s0.i4 -1 0.0800912055963
DS3.d1227.s0.i5 -1 -0.0751710216195
DS3.d1227.s0.i6 -1 0.134226558418
DS3.d1227.s0.i7 -1 0.0742847563246
DS3.d1227.s0.i8 -1 -0.0861248615999
DS3.d1227.s0.i9 -1 0.193981060713
DS3.d1227.s1.i0 1.0 -0.0439461086602
DS3.d1249.s0.i0 -1 -0.655630602773
DS3.d1249.s0.i1 -1 -1.40245565928
DS3.d1258.s0.i0 1.0 0.682188971546
DS3.d1259.s0.i0 1.0 0.934457854632
DS3.d1259.s1.i0 1.0 1.26561753205
DS3.d1261.s0.i0 1.0 1.37214267385
DS3.d1269.s0.i0 -1 0.0686906198384
DS3.d1286.s0.i0 -1 -1.00556574282
DS3.d1286.s1.i0 -1 -0.300868272729
DS3.d1287.s0.i0 -1 0.403633696626
DS3.d1331.s0.i0 -1 -1.29376834808
DS3.d1331.s0.i1 -1 -1.38560099868
DS3.d1331.s1.i0 -1 -0.755371314916
DS3.d1331.s1.i1 -1 -1.35261737775
DS3.d1334.s0.i0 -1 0.529784207061
DS3.d1365.s0.i0 -1 -0.529314640005
DS3.d1365.s0.i1 -1 -0.0410912715683
DS3.d1371.s0.i0 1.0 0.734920029927
DS3.d1377.s0.i0 1.0 0.536962841315
DS3.d1377.s1.i0 -1 0.121895253719
DS3.d1381.s0.i0 1.0 1.04135004798
DS3.d1381.s0.i1 1.0 1.39683895977
DS3.d1381.s0.i2 1.0 1.14179048396
DS3.d1381.s0.i3 1.0 1.61041692396
DS3.d1396.s0.i0 -1 -0.61581473348
DS3.d1396.s0.i1 -1 0.510045848612
DS3.d1396.s0.i2 -1 0.486348594683
DS3.d1396.s0.i3 -1 -0.15044151029
DS3.d1397.s0.i0 -1 1.39486860716
DS3.d1399.s0.i0 1.0 -0.274702597292
DS3.d1399.s0.i1 1.0 -0.511227321861
DS3.d1415.s0.i0 1.0 1.69797462516
DS3.d1415.s0.i1 1.0 1.76127676623
DS3.d1417.s0.i0 1.0 0.569162073054
DS3.d1424.s0.i0 -1 0.411754014998
DS3.d1429.s0.i0 -1 -0.27513634186
DS3.d1429.s0.i1 -1 -1.15131892862
DS3.d1429.s0.i2 -1 -0.933441004182
DS3.d1456.s0.i0 1.0 1.32832625514
DS3.d1458.s0.i0 1.0 -0.52623367202
DS3.d1461.s0.i0 1.0 2.39425124646
DS3.d1461.s1.i0 1.0 1.22611342507
DS3.d1464.s0.i0 -1 0.799366162693
DS3.d1480.s0.i0 1.0 0.32237418331
DS3.d1480.s0.i1 1.0 0.230029957889
DS3.d1480.s0.i2 1.0 0.866521463033
DS3.d1480.s0.i3 1.0 0.393904654312
DS3.d1484.s0.i0 -1 1.32025428755
DS3.d1484.s1.i0 1.0 1.48702084812
DS3.d1490.s0.i0 -1 0.0310747735097
DS3.d1492.s0.i0 1.0 1.16977241717
DS3.d1492.s0.i1 1.0 0.476735377092
DS3.d1496.s0.i0 -1 0.668759777459
DS3.d1496.s0.i1 -1 -0.192834965236
DS3.d1497.s0.i0 1.0 1.60583378258
DS3.d1497.s0.i1 1.0 1.51176716447
DS3.d1500.s0.i0 -1 0.355845536083
DS3.d1500.s0.i1 -1 0.845441871211
DS3.d1504.s0.i0 -1 -0.258525093391
DS3.d1504.s0.i1 -1 1.135172999
DS3.d1504.s0.i2 -1 -0.672241921871
DS3.d1504.s0.i3 -1 -0.862126176649
DS3.d1507.s0.i0 -1 -0.490424463417
DS3.d1507.s0.i1 -1 -0.0517440121425
DS3.d1507.s0.i2 -1 0.0135845916242
DS3.d1507.s0.i3 -1 -0.0849010450947
DS3.d1507.s0.i4 -1 -0.363783528407
DS3.d1507.s0.i5 -1 -0.43325073062
DS3.d1507.s0.i6 -1 0.0645547328488
DS3.d1507.s0.i7 -1 -0.283794952674
DS3.d1507.s0.i8 -1 -0.513239306354
DS3.d1507.s0.i9 -1 -0.220684406453
DS3.d1507.s0.i10 -1 -0.0849010450947
DS3.d1507.s0.i11 -1 -0.363783528407
DS3.d1507.s0.i12 -1 -0.286013010222
DS3.d1507.s0.i13 -1 -0.498579334392
DS3.d1507.s0.i14 -1 0.0645547328488
DS3.d1507.s0.i15 -1 -0.126064677105
DS3.d1507.s0.i16 -1 -0.669833115505
DS3.d1507.s0.i17 -1 -0.349123556447
DS3.d1507.s0.i18 -1 -0.20328268467
DS3.d1507.s0.i19 -1 0.231728536317
DS3.d1511.s0.i0 -1 -0.924711983977
DS3.d1511.s0.i1 -1 -0.713254270018
DS3.d1511.s0.i2 -1 -0.713254270018
DS3.d1511.s0.i3 -1 -0.924711983977
DS3.d1529.s0.i0 1.0 1.93942537917
DS3.d1546.s0.i0 -1 -0.0276581938428
DS3.d1546.s1.i0 -1 -1.35664981822
DS3.d1546.s1.i1 1.0 0.495323063213
DS3.d1546.s1.i2 -1 -0.912194352944
DS3.d1552.s0.i0 1.0 1.79150357533
DS3.d1563.s0.i0 1.0 2.0993808918
DS3.d1563.s0.i1 1.0 2.00198986881
DS3.d1574.s0.i0 1.0 -0.125387407308
DS3.d1593.s0.i0 1.0 0.760497244469
DS3.d1603.s0.i0 -1 0.877333318635
DS3.d1603.s0.i1 -1 0.461638208832
DS3.d1612.s0.i0 -1 -0.193182312695
DS3.d1621.s0.i0 1.0 1.75468500521
DS3.d1621.s1.i0 1.0 0.87569687631
DS3.d1628.s0.i0 1.0 0.496138696189
DS3.d1633.s0.i0 -1 -1.22293438832
DS3.d1633.s0.i1 -1 -0.131930903944
DS3.d1633.s1.i0 -1 -1.28450421538
DS3.d1653.s0.i0 1.0 1.93739907987
DS3.d1653.s0.i1 1.0 0.958684118722
DS3.d1653.s1.i0 1.0 0.436139762039
DS3.d1653.s1.i1 1.0 0.760689946511
DS3.d1653.s2.i0 1.0 0.680591790173
DS3.d1653.s3.i0 -1 -0.280987210867
DS3.d1653.s4.i0 -1 -0.103310186736
DS3.d1653.s4.i1 -1 -0.310381215544
DS3.d1657.s0.i0 1.0 2.03495749497
DS3.d1679.s0.i0 -1 -0.597875342023
DS3.d1681.s0.i0 1.0 1.46856425342
DS3.d1681.s0.i1 1.0 1.50146787767
DS3.d1681.s1.i0 1.0 1.69374850774
DS3.d1700.s0.i0 1.0 1.31101644528
DS3.d1700.s1.i0 1.0 0.903876088613
DS3.d1709.s0.i0 1.0 0.763183736002
DS3.d1710.s0.i0 -1 -2.35867674403
DS3.d1710.s0.i1 -1 -1.17069134828
DS3.d1710.s1.i0 -1 -1.17069134828
DS3.d1712.s0.i0 1.0 2.05737442543
DS3.d1712.s1.i0 -1 -1.39756994102
DS3.d1712.s1.i1 -1 0.21256712626
DS3.d1753.s0.i0 -1 0.926179183044
DS3.d1753.s1.i0 -1 -0.839945237032
DS3.d1756.s0.i0 -1 -0.349788550258
DS3.d1756.s0.i1 -1 -0.349788550258
DS3.d1772.s0.i0 1.0 0.670605525658
DS3.d1786.s0.i0 1.0 2.05311229805
DS3.d1786.s0.i1 1.0 1.95626070623
DS3.d1796.s0.i0 1.0 1.3432577954
DS3.d1799.s0.i0 -1 0.363126725517
DS3.d1799.s0.i1 -1 0.693932068152
DS3.d1821.s0.i0 1.0 0.335458900476
DS3.d1825.s0.i0 -1 0.195587555881
DS3.d1831.s0.i0 1.0 -0.301295332041
DS3.d1831.s0.i1 1.0 -0.49802957542
DS3.d1843.s0.i0 1.0 2.17373430447
DS3.d1843.s1.i0 1.0 1.72195441974
DS3.d1848.s0.i0 1.0 1.57909622221
DS3.d1851.s0.i0 1.0 -0.913288249323
DS3.d1851.s0.i1 -1 0.345104877672
DS3.d1851.s0.i2 -1 -1.10362717371
DS3.d1851.s0.i3 1.0 -0.532387152849
DS3.d1851.s0.i4 -1 0.643099798578
DS3.d1851.s0.i5 -1 0.717340166617
DS3.d1859.s0.i0 -1 -0.0573208746202
DS3.d1859.s0.i1 -1 0.617113061253
DS3.d1859.s0.i2 -1 -0.117660413731
DS3.d1859.s0.i3 -1 0.491073841332
DS3.d1859.s0.i4 -1 -0.116670524517
DS3.d1859.s0.i5 -1 0.557763411356
DS3.d1863.s0.i0 1.0 0.111511098525
DS3.d1894.s0.i0 -1 -0.559501153776
DS3.d1894.s0.i1 -1 -0.826583883796
