DS3.d3.s0.i0 1.0 1.53671846781
DS3.d3.s0.i1 1.0 2.43587406233
DS3.d3.s0.i2 1.0 2.43587406233
DS3.d3.s1.i0 1.0 0.354945905399
DS3.d3.s1.i1 1.0 0.544557439536
DS3.d4.s0.i0 1.0 -0.0299361734485
DS3.d4.s0.i1 1.0 -0.0683412010068
DS3.d38.s0.i0 1.0 1.13524957666
DS3.d38.s1.i0 1.0 1.70577946776
DS3.d38.s1.i1 1.0 1.3154301757
DS3.d38.s2.i0 1.0 1.76766257438
DS3.d38.s3.i0 -1 -0.556272343509
DS3.d45.s0.i0 -1 -1.22846343483
DS3.d45.s0.i1 -1 -1.22846343483
DS3.d68.s0.i0 1.0 0.848398268701
DS3.d86.s0.i0 1.0 1.54908087373
DS3.d86.s0.i1 1.0 1.57154149345
DS3.d86.s1.i0 1.0 0.540473065209
DS3.d86.s1.i1 -1 0.375398904316
DS3.d86.s1.i2 -1 0.0402095831142
DS3.d90.s0.i0 -1 0.529289334788
DS3.d90.s0.i1 -1 -0.23484026636
DS3.d90.s1.i0 1.0 0.862409365153
DS3.d90.s1.i1 1.0 0.752752751515
DS3.d90.s1.i2 1.0 -0.0205600032199
DS3.d90.s1.i3 1.0 -0.623962812582
DS3.d90.s1.i4 1.0 -0.507200516583
DS3.d90.s1.i5 1.0 -0.0690918705871
DS3.d99.s0.i0 1.0 2.0004148591
DS3.d101.s0.i0 1.0 -0.396777324716
DS3.d103.s0.i0 -1 -0.66280743167
DS3.d125.s0.i0 1.0 1.47129879925
DS3.d125.s0.i1 1.0 1.97443626374
DS3.d135.s0.i0 1.0 -1.30564087001
DS3.d135.s0.i1 1.0 -1.20856357599
DS3.d135.s1.i0 1.0 -0.150143286931
DS3.d135.s1.i1 -1 -0.359898000507
DS3.d135.s1.i2 -1 -1.04961205797
DS3.d153.s0.i0 -1 0.563116799284
DS3.d153.s0.i1 -1 -0.176596720213
DS3.d162.s0.i0 1.0 1.06197592243
DS3.d162.s1.i0 1.0 0.663224059916
DS3.d167.s0.i0 1.0 0.810764459099
DS3.d176.s0.i0 1.0 -0.453331820114
DS3.d176.s0.i1 1.0 -0.705892567876
DS3.d176.s0.i2 1.0 -0.568518498451
DS3.d191.s0.i0 -1 0.374962148921
DS3.d220.s0.i0 -1 0.556247845929
DS3.d220.s0.i1 -1 0.317442245235
DS3.d220.s1.i0 -1 -0.305238699274
DS3.d220.s1.i1 1.0 0.00937381133025
DS3.d225.s0.i0 1.0 0.638581969739
DS3.d225.s1.i0 1.0 0.909120359265
DS3.d229.s0.i0 1.0 0.781261334385
DS3.d243.s0.i0 1.0 1.52980687085
DS3.d243.s0.i1 1.0 1.52980687085
DS3.d243.s0.i2 1.0 1.52980687085
DS3.d254.s0.i0 1.0 2.33130431355
DS3.d254.s0.i1 1.0 2.21119665553
DS3.d254.s1.i0 -1 0.0724036029095
DS3.d254.s1.i1 -1 0.38015607029
DS3.d254.s2.i0 -1 1.38597061646
DS3.d254.s2.i1 1.0 0.917689721576
DS3.d258.s0.i0 1.0 0.481277166939
DS3.d260.s0.i0 1.0 1.33941354016
DS3.d260.s0.i1 1.0 0.60407586383
DS3.d260.s0.i2 -1 0.203922082246
DS3.d260.s1.i0 -1 1.55864465191
DS3.d260.s1.i1 1.0 1.55864465191
DS3.d270.s0.i0 1.0 -0.145742856397
DS3.d271.s0.i0 1.0 0.660642691677
DS3.d283.s0.i0 1.0 0.0294522682909
DS3.d283.s0.i1 1.0 0.273988112579
DS3.d283.s0.i2 1.0 0.164331441446
DS3.d283.s0.i3 1.0 0.283133649584
DS3.d284.s0.i0 -1 -1.39547229491
DS3.d287.s0.i0 1.0 0.454298278454
DS3.d287.s0.i1 1.0 0.865294515433
DS3.d287.s1.i0 -1 -1.46519960119
DS3.d287.s1.i1 -1 0.0103456169934
DS3.d287.s2.i0 1.0 1.19802920356
DS3.d287.s2.i1 -1 1.34641746548
DS3.d287.s3.i0 1.0 -0.134643704635
DS3.d295.s0.i0 1.0 -0.346220531272
DS3.d295.s1.i0 -1 0.360313361731
DS3.d298.s0.i0 1.0 0.833442843919
DS3.d299.s0.i0 -1 1.46936562664
DS3.d299.s0.i1 -1 1.17484151635
DS3.d308.s0.i0 1.0 0.999118210311
DS3.d308.s0.i1 1.0 1.31713135022
DS3.d308.s1.i0 1.0 0.254675209361
DS3.d308.s1.i1 1.0 0.410294482062
DS3.d308.s1.i2 1.0 0.156439859523
DS3.d308.s2.i0 1.0 1.3307950679
DS3.d308.s3.i0 1.0 1.25085321809
DS3.d308.s3.i1 1.0 1.70370648481
DS3.d308.s4.i0 1.0 2.20946281533
DS3.d308.s4.i1 1.0 2.20946281533
DS3.d308.s5.i0 1.0 1.50329025406
DS3.d308.s5.i1 1.0 1.50329025406
DS3.d322.s0.i0 1.0 0.637605549404
DS3.d322.s1.i0 -1 0.866223338057
DS3.d322.s1.i1 -1 0.997705468209
DS3.d328.s0.i0 -1 -2.31226299502
DS3.d328.s1.i0 1.0 1.98286881051
DS3.d328.s1.i1 1.0 1.84289346962
DS3.d333.s0.i0 1.0 1.17509300806
DS3.d339.s0.i0 -1 0.103344400419
DS3.d339.s0.i1 -1 -0.204604035677
DS3.d346.s0.i0 1.0 0.765962375433
DS3.d346.s1.i0 -1 1.65327091065
DS3.d346.s1.i1 -1 0.705498957492
DS3.d356.s0.i0 1.0 0.494735929742
DS3.d378.s0.i0 -1 0.0706357245638
DS3.d378.s0.i1 1.0 -0.356866079071
DS3.d378.s0.i2 -1 0.0219826855004
DS3.d378.s0.i3 -1 0.173846955889
DS3.d378.s1.i0 -1 -0.385153943386
DS3.d401.s0.i0 1.0 -0.0609231100126
DS3.d401.s0.i1 1.0 0.0828932092106
DS3.d436.s0.i0 1.0 0.930888165187
DS3.d441.s0.i0 1.0 2.00644712782
DS3.d441.s1.i0 1.0 0.73657609481
DS3.d441.s2.i0 1.0 1.14407687356
DS3.d443.s0.i0 1.0 0.669747809654
DS3.d443.s0.i1 1.0 0.893017882546
DS3.d443.s1.i0 -1 1.15045189141
DS3.d443.s1.i1 -1 0.477299362159
DS3.d443.s1.i2 1.0 0.967125228759
DS3.d443.s2.i0 1.0 1.50747552541
DS3.d443.s2.i1 1.0 1.15968565277
DS3.d443.s2.i2 1.0 0.685120133847
DS3.d444.s0.i0 -1 -1.16624222975
DS3.d444.s0.i1 1.0 0.869704025651
DS3.d444.s0.i2 -1 -1.45401573713
DS3.d476.s0.i0 1.0 1.28797156855
DS3.d476.s0.i1 1.0 1.4781845605
DS3.d478.s0.i0 1.0 0.76282429048
DS3.d488.s0.i0 -1 1.48049318808
DS3.d488.s0.i1 -1 0.749801780509
DS3.d488.s0.i2 1.0 0.756047251568
DS3.d488.s0.i3 -1 0.00668947907873
DS3.d488.s0.i4 -1 0.330342011047
DS3.d488.s0.i5 1.0 0.161219155504
DS3.d488.s0.i6 -1 1.02306267559
DS3.d488.s0.i7 -1 0.510200578282
DS3.d488.s0.i8 -1 0.609944892843
DS3.d488.s0.i9 1.0 1.28174054893
DS3.d488.s0.i10 -1 1.07480525152
DS3.d488.s0.i11 -1 -0.146683914112
DS3.d488.s0.i12 -1 -0.0836661210143
DS3.d488.s0.i13 -1 -0.715041651317
DS3.d488.s0.i14 -1 0.375286830986
DS3.d489.s0.i0 1.0 0.142791531236
DS3.d489.s0.i1 1.0 0.0195616416855
DS3.d499.s0.i0 1.0 1.02721324795
DS3.d499.s0.i1 1.0 0.251812345
DS3.d500.s0.i0 1.0 2.11912171972
DS3.d506.s0.i0 1.0 0.219547189548
DS3.d506.s0.i1 1.0 0.630349830001
DS3.d508.s0.i0 1.0 2.8103078932
DS3.d515.s0.i0 -1 -0.298674467705
DS3.d515.s0.i1 -1 -0.286092424901
DS3.d515.s1.i0 -1 0.388653288266
DS3.d515.s1.i1 -1 0.890147796204
DS3.d517.s0.i0 1.0 1.66447182521
DS3.d517.s0.i1 1.0 1.46871536539
DS3.d527.s0.i0 1.0 0.949933668188
DS3.d527.s0.i1 1.0 1.36764868673
DS3.d527.s0.i2 1.0 -0.0301125919818
DS3.d527.s0.i3 1.0 0.0841877608598
DS3.d527.s1.i0 1.0 0.712201493073
DS3.d527.s1.i1 1.0 0.0481902240015
DS3.d533.s0.i0 1.0 0.910264828727
DS3.d533.s0.i1 1.0 0.769571208361
DS3.d537.s0.i0 -1 0.985533622683
DS3.d537.s0.i1 -1 1.53952619901
DS3.d537.s0.i2 -1 1.06300742541
DS3.d545.s0.i0 1.0 0.789461810678
DS3.d545.s1.i0 1.0 0.877160464692
DS3.d559.s0.i0 -1 -0.922529652687
DS3.d559.s0.i1 -1 -1.3943948933
DS3.d559.s0.i2 -1 -0.789850219527
DS3.d559.s0.i3 -1 -0.922529652687
DS3.d578.s0.i0 1.0 0.42423781797
DS3.d578.s0.i1 1.0 0.806156794229
DS3.d578.s0.i2 1.0 0.702598722511
DS3.d580.s0.i0 1.0 1.14937518017
DS3.d580.s0.i1 1.0 0.628545707892
DS3.d601.s0.i0 1.0 0.997942600346
DS3.d603.s0.i0 1.0 0.48285708539
DS3.d603.s0.i1 1.0 1.46108131285
DS3.d609.s0.i0 -1 0.0265263684641
DS3.d609.s0.i1 1.0 1.32107466513
DS3.d609.s1.i0 -1 -0.303902235247
DS3.d609.s1.i1 -1 0.269426953118
DS3.d609.s1.i2 1.0 1.36841681374
DS3.d613.s0.i0 1.0 0.373353516508
DS3.d634.s0.i0 1.0 1.04302576688
DS3.d634.s0.i1 1.0 1.62739373224
DS3.d634.s0.i2 1.0 0.626609559598
DS3.d634.s0.i3 1.0 1.09291920615
DS3.d634.s0.i4 1.0 0.760566533118
DS3.d634.s0.i5 1.0 0.78161252205
DS3.d634.s0.i6 1.0 0.574697446297
DS3.d634.s0.i7 1.0 1.33488265263
DS3.d647.s0.i0 -1 0.408506128768
DS3.d679.s0.i0 -1 -1.59649930236
DS3.d685.s0.i0 1.0 0.651219354936
DS3.d685.s0.i1 1.0 0.416240512392
DS3.d685.s0.i2 1.0 0.362312305739
DS3.d685.s1.i0 1.0 2.32899727854
DS3.d685.s1.i1 1.0 2.3623535282
DS3.d685.s1.i2 1.0 2.04185820863
DS3.d722.s0.i0 -1 -0.494553857202
DS3.d722.s0.i1 -1 -0.424307420098
DS3.d723.s0.i0 1.0 0.167297531545
DS3.d730.s0.i0 1.0 -1.18523653063
DS3.d738.s0.i0 1.0 0.94290399296
DS3.d738.s0.i1 1.0 0.230446746529
DS3.d738.s1.i0 1.0 0.279122606186
DS3.d747.s0.i0 1.0 1.07119132396
DS3.d747.s0.i1 1.0 0.595388811548
DS3.d747.s0.i2 1.0 1.07119132396
DS3.d747.s0.i3 1.0 0.595388811548
DS3.d751.s0.i0 1.0 1.66805645169
DS3.d753.s0.i0 1.0 -1.47372447922
DS3.d753.s1.i0 1.0 -0.281974400766
DS3.d753.s1.i1 1.0 -0.0238676220532
DS3.d753.s2.i0 -1 -0.97519406579
DS3.d753.s2.i1 -1 -0.629372313584
DS3.d758.s0.i0 1.0 0.330187346585
DS3.d764.s0.i0 -1 -0.877725965475
DS3.d764.s0.i1 -1 -0.343849240028
DS3.d764.s0.i2 -1 -0.978030017897
DS3.d764.s0.i3 -1 -0.700089052782
DS3.d764.s0.i4 -1 -0.261076537285
DS3.d764.s0.i5 -1 -0.398449179791
DS3.d770.s0.i0 1.0 0.934505329706
DS3.d770.s0.i1 1.0 0.857435619347
DS3.d794.s0.i0 1.0 -0.00412077776077
DS3.d794.s0.i1 1.0 -0.020145760524
DS3.d801.s0.i0 1.0 -0.0401490928992
DS3.d815.s0.i0 1.0 -0.101597827863
DS3.d815.s0.i1 1.0 -0.295876686526
DS3.d815.s0.i2 1.0 0.205521540355
DS3.d830.s0.i0 1.0 1.18163068167
DS3.d830.s1.i0 1.0 1.10459303791
DS3.d836.s0.i0 -1 -1.15749123525
DS3.d836.s0.i1 -1 -0.712608481081
DS3.d836.s0.i2 -1 -0.434392945068
DS3.d836.s0.i3 -1 -1.09241674674
DS3.d836.s0.i4 -1 -0.780569256743
DS3.d836.s0.i5 -1 -1.10688877626
DS3.d836.s0.i6 -1 -0.758259487659
DS3.d836.s0.i7 -1 -1.38309544429
DS3.d836.s0.i8 -1 -0.848840303281
DS3.d836.s0.i9 -1 -0.944219127459
DS3.d838.s0.i0 -1 -0.375846672378
DS3.d838.s0.i1 1.0 2.3605428587
DS3.d838.s0.i2 1.0 0.492617395239
DS3.d862.s0.i0 1.0 1.35826714337
DS3.d876.s0.i0 -1 -1.29027650929
DS3.d876.s0.i1 -1 -0.270675715179
DS3.d876.s0.i2 -1 -0.330806966332
DS3.d882.s0.i0 -1 -0.693739810958
DS3.d882.s0.i1 -1 -1.00676225112
DS3.d882.s1.i0 1.0 0.00249418720179
DS3.d922.s0.i0 1.0 0.422917895811
DS3.d927.s0.i0 -1 -0.120761175798
DS3.d927.s0.i1 -1 -0.255914067036
DS3.d927.s0.i2 -1 0.0487109010606
DS3.d940.s0.i0 1.0 0.752044117445
DS3.d940.s0.i1 1.0 0.752044117445
DS3.d946.s0.i0 1.0 0.6795320442
DS3.d946.s0.i1 1.0 0.619000561429
DS3.d946.s1.i0 -1 -1.37831185265
DS3.d946.s1.i1 1.0 0.00739418244098
DS3.d946.s1.i2 -1 0.0468559833081
DS3.d968.s0.i0 1.0 0.679003025679
DS3.d968.s0.i1 1.0 0.679003025679
DS3.d985.s0.i0 1.0 0.00623239925346
DS3.d1002.s0.i0 -1 -0.373212349302
DS3.d1003.s0.i0 -1 -0.780717887917
DS3.d1003.s0.i1 -1 -0.436283632139
DS3.d1005.s0.i0 1.0 1.26306029639
DS3.d1018.s0.i0 1.0 1.03343705403
DS3.d1018.s0.i1 1.0 2.03101691884
DS3.d1018.s0.i2 1.0 1.6432604246
DS3.d1018.s0.i3 1.0 1.36469983358
DS3.d1018.s1.i0 -1 -0.335288969755
DS3.d1031.s0.i0 1.0 -0.244948330506
DS3.d1031.s0.i1 -1 -0.366533166403
DS3.d1031.s0.i2 -1 0.884318658895
DS3.d1031.s0.i3 1.0 -0.185220698169
DS3.d1031.s0.i4 1.0 -0.495653751948
DS3.d1031.s0.i5 -1 0.178519180441
DS3.d1031.s0.i6 1.0 0.821616473682
DS3.d1031.s0.i7 -1 0.700003433967
DS3.d1031.s0.i8 1.0 -0.536209119533
DS3.d1031.s0.i9 1.0 0.48453066539
DS3.d1031.s0.i10 -1 1.18982534356
DS3.d1031.s0.i11 -1 -0.188174888663
DS3.d1031.s1.i0 1.0 1.78589589336
DS3.d1031.s1.i1 1.0 1.48514981235
DS3.d1031.s1.i2 -1 2.14865803571
DS3.d1035.s0.i0 1.0 -0.129038056452
DS3.d1035.s1.i0 1.0 -1.19131796159
DS3.d1035.s2.i0 -1 -1.01006210254
DS3.d1059.s0.i0 1.0 0.676621001296
DS3.d1061.s0.i0 -1 -1.31289832839
DS3.d1061.s0.i1 -1 -1.65584163211
DS3.d1061.s0.i2 -1 -0.41106144821
DS3.d1061.s0.i3 -1 -1.80606795269
DS3.d1061.s0.i4 -1 -1.83096312933
DS3.d1061.s0.i5 -1 -0.862798661895
DS3.d1061.s0.i6 -1 -1.56474289068
DS3.d1061.s0.i7 -1 -2.05697750928
DS3.d1061.s0.i8 -1 -1.99166318414
DS3.d1061.s0.i9 -1 -1.4941255593
DS3.d1061.s0.i10 -1 -0.990670470283
DS3.d1061.s0.i11 -1 -1.87034465075
DS3.d1061.s0.i12 -1 -1.23430375171
DS3.d1061.s0.i13 -1 -0.805467277179
DS3.d1061.s0.i14 -1 -1.45255521605
DS3.d1061.s0.i15 -1 -1.7348378875
DS3.d1061.s0.i16 -1 -1.71407351432
DS3.d1061.s0.i17 -1 -1.13916634825
DS3.d1061.s0.i18 -1 -1.48524035399
DS3.d1061.s0.i19 -1 -1.67731797996
DS3.d1061.s0.i20 -1 -1.41860674264
DS3.d1061.s0.i21 -1 -1.10038165059
DS3.d1061.s0.i22 -1 -1.03313938927
DS3.d1061.s0.i23 -1 -1.41592691535
DS3.d1071.s0.i0 1.0 1.85926520584
DS3.d1071.s1.i0 1.0 1.29791700065
DS3.d1082.s0.i0 1.0 0.800452834774
DS3.d1082.s1.i0 1.0 1.1417932145
DS3.d1083.s0.i0 -1 -0.449446260889
DS3.d1095.s0.i0 1.0 0.769588388809
DS3.d1095.s0.i1 1.0 1.27595537945
DS3.d1095.s0.i2 1.0 0.905730552717
DS3.d1096.s0.i0 1.0 -0.284914825946
DS3.d1097.s0.i0 -1 0.997284968491
DS3.d1097.s1.i0 1.0 0.513503478838
DS3.d1097.s1.i1 1.0 -0.0159688524581
DS3.d1097.s1.i2 1.0 0.287291722863
DS3.d1097.s1.i3 1.0 -0.080126523541
DS3.d1102.s0.i0 -1 -0.77024919603
DS3.d1135.s0.i0 1.0 0.0271506145741
DS3.d1135.s0.i1 1.0 0.829733034904
DS3.d1135.s0.i2 1.0 -0.262745293867
DS3.d1135.s0.i3 1.0 0.632752511661
DS3.d1135.s1.i0 -1 1.3904619005
DS3.d1135.s2.i0 1.0 -0.10497894668
DS3.d1135.s2.i1 1.0 0.0609848570369
DS3.d1138.s0.i0 1.0 0.105395876605
DS3.d1138.s0.i1 1.0 0.187474844399
DS3.d1138.s1.i0 1.0 0.504318911927
DS3.d1143.s0.i0 -1 -0.127478872352
DS3.d1143.s0.i1 -1 -0.439259481007
DS3.d1146.s0.i0 -1 0.277551541944
DS3.d1160.s0.i0 1.0 -0.416798139566
DS3.d1167.s0.i0 1.0 0.501256312987
DS3.d1167.s1.i0 1.0 0.792026294296
DS3.d1167.s1.i1 1.0 -0.454672084511
DS3.d1178.s0.i0 1.0 -0.570046563292
DS3.d1178.s1.i0 -1 -1.14614770334
DS3.d1181.s0.i0 -1 0.354239036508
DS3.d1181.s1.i0 -1 1.14101952423
DS3.d1188.s0.i0 1.0 0.40493957896
DS3.d1193.s0.i0 -1 0.307398575725
DS3.d1193.s0.i1 -1 0.446059082152
DS3.d1216.s0.i0 1.0 0.260260158349
DS3.d1227.s0.i0 -1 -0.564410271518
DS3.d1227.s0.i1 -1 -0.493447747168
DS3.d1227.s0.i2 -1 -0.497989410462
DS3.d1227.s0.i3 -1 -0.522507160939
DS3.d1227.s0.i4 -1 -0.542737133659
DS3.d1227.s0.i5 -1 -0.570510969466
DS3.d1227.s0.i6 -1 -0.47897862858
DS3.d1227.s0.i7 -1 -0.593933767283
DS3.d1227.s0.i8 -1 -0.643917759006
DS3.d1227.s0.i9 -1 -0.490049921601
DS3.d1227.s1.i0 1.0 -0.224104371262
DS3.d1249.s0.i0 -1 -0.968919921802
DS3.d1249.s0.i1 -1 -1.7601794752
DS3.d1258.s0.i0 1.0 0.272697312943
DS3.d1259.s0.i0 1.0 0.523501081678
DS3.d1259.s1.i0 1.0 0.471383172977
DS3.d1261.s0.i0 1.0 0.855715845175
DS3.d1269.s0.i0 -1 0.18787913509
DS3.d1286.s0.i0 -1 -0.723411314995
DS3.d1286.s1.i0 -1 -0.891083040455
DS3.d1287.s0.i0 -1 -0.339207700547
DS3.d1331.s0.i0 -1 -1.30533374411
DS3.d1331.s0.i1 -1 -1.66696676142
DS3.d1331.s1.i0 -1 -0.522789545846
DS3.d1331.s1.i1 -1 -1.32618165285
DS3.d1334.s0.i0 -1 -0.179514056027
DS3.d1365.s0.i0 -1 -0.68106362515
DS3.d1365.s0.i1 -1 -0.536298207814
DS3.d1371.s0.i0 1.0 -0.483112797102
DS3.d1377.s0.i0 1.0 -0.272463411162
DS3.d1377.s1.i0 -1 -0.574346187587
DS3.d1381.s0.i0 1.0 0.371011227208
DS3.d1381.s0.i1 1.0 0.924979345579
DS3.d1381.s0.i2 1.0 0.412881502085
DS3.d1381.s0.i3 1.0 0.987378672364
DS3.d1396.s0.i0 -1 -0.571022402173
DS3.d1396.s0.i1 -1 -0.322680567018
DS3.d1396.s0.i2 -1 0.00431238914519
DS3.d1396.s0.i3 -1 -0.174656453692
DS3.d1397.s0.i0 -1 0.842704658616
DS3.d1399.s0.i0 1.0 -0.0937988939946
DS3.d1399.s0.i1 1.0 -0.11864863253
DS3.d1415.s0.i0 1.0 1.47676712048
DS3.d1415.s0.i1 1.0 1.42046696282
DS3.d1417.s0.i0 1.0 0.598092594417
DS3.d1424.s0.i0 -1 -0.277465548258
DS3.d1429.s0.i0 -1 -0.692263219698
DS3.d1429.s0.i1 -1 -1.13279149375
DS3.d1429.s0.i2 -1 -0.888401165883
DS3.d1456.s0.i0 1.0 0.784819807585
DS3.d1458.s0.i0 1.0 -0.0627335563779
DS3.d1461.s0.i0 1.0 2.10537903766
DS3.d1461.s1.i0 1.0 1.04606581505
DS3.d1464.s0.i0 -1 0.0172945467846
DS3.d1480.s0.i0 1.0 0.260174633552
DS3.d1480.s0.i1 1.0 -0.0989948092614
DS3.d1480.s0.i2 1.0 0.290968902097
DS3.d1480.s0.i3 1.0 0.230946186624
DS3.d1484.s0.i0 -1 0.818770245284
DS3.d1484.s1.i0 1.0 0.82248496412
DS3.d1490.s0.i0 -1 -0.595697860432
DS3.d1492.s0.i0 1.0 -0.446716524047
DS3.d1492.s0.i1 1.0 -0.230117186311
DS3.d1496.s0.i0 -1 -0.234411482911
DS3.d1496.s0.i1 -1 -0.674084531223
DS3.d1497.s0.i0 1.0 1.19865499689
DS3.d1497.s0.i1 1.0 1.16673892367
DS3.d1500.s0.i0 -1 -0.268221285472
DS3.d1500.s0.i1 -1 -0.000888693825755
DS3.d1504.s0.i0 -1 -0.743182577981
DS3.d1504.s0.i1 -1 0.636207691123
DS3.d1504.s0.i2 -1 -0.778223943966
DS3.d1504.s0.i3 -1 -1.07163415866
DS3.d1507.s0.i0 -1 -1.11017542984
DS3.d1507.s0.i1 -1 -1.03103217757
DS3.d1507.s0.i2 -1 -1.04335942417
DS3.d1507.s0.i3 -1 -0.370750088223
DS3.d1507.s0.i4 -1 -1.13386230718
DS3.d1507.s0.i5 -1 -1.00465423163
DS3.d1507.s0.i6 -1 -1.03201637454
DS3.d1507.s0.i7 -1 -1.17482886276
DS3.d1507.s0.i8 -1 -1.0949222171
DS3.d1507.s0.i9 -1 -0.921825360993
DS3.d1507.s0.i10 -1 -0.99307628446
DS3.d1507.s0.i11 -1 -0.970120887045
DS3.d1507.s0.i12 -1 -1.12288817978
DS3.d1507.s0.i13 -1 -0.992326985025
DS3.d1507.s0.i14 -1 -0.806557005465
DS3.d1507.s0.i15 -1 -0.63920099002
DS3.d1507.s0.i16 -1 -0.91499562451
DS3.d1507.s0.i17 -1 -1.16250161616
DS3.d1507.s0.i18 -1 -1.24307842292
DS3.d1507.s0.i19 -1 -0.384843616168
DS3.d1511.s0.i0 -1 -0.889171965128
DS3.d1511.s0.i1 -1 -0.839325679593
DS3.d1511.s0.i2 -1 -0.839325679593
DS3.d1511.s0.i3 -1 -0.889171965128
DS3.d1529.s0.i0 1.0 1.55299486486
DS3.d1546.s0.i0 -1 -0.179691250528
DS3.d1546.s1.i0 -1 -1.60002567378
DS3.d1546.s1.i1 1.0 0.191218140544
DS3.d1546.s1.i2 -1 -1.47261431315
DS3.d1552.s0.i0 1.0 0.892231324323
DS3.d1563.s0.i0 1.0 1.32050908543
DS3.d1563.s0.i1 1.0 1.44277272925
DS3.d1574.s0.i0 1.0 0.359308728876
DS3.d1593.s0.i0 1.0 0.0608316070149
DS3.d1603.s0.i0 -1 0.383550175741
DS3.d1603.s0.i1 -1 0.0847404929683
DS3.d1612.s0.i0 -1 -0.507691039091
DS3.d1621.s0.i0 1.0 1.58038874339
DS3.d1621.s1.i0 1.0 0.0235799003231
DS3.d1628.s0.i0 1.0 0.456287057972
DS3.d1633.s0.i0 -1 -1.50433620567
DS3.d1633.s0.i1 -1 -0.383349093387
DS3.d1633.s1.i0 -1 -1.642960965
DS3.d1653.s0.i0 1.0 1.28171316142
DS3.d1653.s0.i1 1.0 0.594123828849
DS3.d1653.s1.i0 1.0 0.0322483566124
DS3.d1653.s1.i1 1.0 0.581972922618
DS3.d1653.s2.i0 1.0 -0.00258565257539
DS3.d1653.s3.i0 -1 -0.229228566068
DS3.d1653.s4.i0 -1 -0.15673860891
DS3.d1653.s4.i1 -1 -0.437259422083
DS3.d1657.s0.i0 1.0 1.38915645693
DS3.d1679.s0.i0 -1 -1.21705123311
DS3.d1681.s0.i0 1.0 1.47150266667
DS3.d1681.s0.i1 1.0 1.50074144642
DS3.d1681.s1.i0 1.0 0.540732657984
DS3.d1700.s0.i0 1.0 0.557492507768
DS3.d1700.s1.i0 1.0 0.421651040104
DS3.d1709.s0.i0 1.0 0.301610180327
DS3.d1710.s0.i0 -1 -1.99925313099
DS3.d1710.s0.i1 -1 -1.57548007779
DS3.d1710.s1.i0 -1 -1.57548007779
DS3.d1712.s0.i0 1.0 1.64801163253
DS3.d1712.s1.i0 -1 -1.60022342788
DS3.d1712.s1.i1 -1 -0.17050996043
DS3.d1753.s0.i0 -1 -0.161698351288
DS3.d1753.s1.i0 -1 -1.46597191361
DS3.d1756.s0.i0 -1 -0.0840543086953
DS3.d1756.s0.i1 -1 -0.0840543086953
DS3.d1772.s0.i0 1.0 0.0473932326103
DS3.d1786.s0.i0 1.0 1.64619253659
DS3.d1786.s0.i1 1.0 1.60710417445
DS3.d1796.s0.i0 1.0 1.09981649345
DS3.d1799.s0.i0 -1 0.360321559552
DS3.d1799.s0.i1 -1 0.457963583724
DS3.d1821.s0.i0 1.0 0.242402197069
DS3.d1825.s0.i0 -1 -0.0845615073043
DS3.d1831.s0.i0 1.0 -0.630161652416
DS3.d1831.s0.i1 1.0 -0.412748461038
DS3.d1843.s0.i0 1.0 0.980326907664
DS3.d1843.s1.i0 1.0 1.10205658743
DS3.d1848.s0.i0 1.0 0.959712346298
DS3.d1851.s0.i0 1.0 -1.52757389503
DS3.d1851.s0.i1 -1 -0.823841095734
DS3.d1851.s0.i2 -1 -2.22503790231
DS3.d1851.s0.i3 1.0 -0.651171057287
DS3.d1851.s0.i4 -1 -0.117559764843
DS3.d1851.s0.i5 -1 -0.230130862329
DS3.d1859.s0.i0 -1 -0.330316287411
DS3.d1859.s0.i1 -1 -0.408949284681
DS3.d1859.s0.i2 -1 -0.628622631429
DS3.d1859.s0.i3 -1 -0.648266681191
DS3.d1859.s0.i4 -1 -0.307458014807
DS3.d1859.s0.i5 -1 -0.271731251047
DS3.d1863.s0.i0 1.0 0.128979378533
DS3.d1894.s0.i0 -1 -0.655185192585
DS3.d1894.s0.i1 -1 -0.783630341151
