DS3.d3.s0.i0 1.0 2.13988657617
DS3.d3.s0.i1 1.0 2.91012933191
DS3.d3.s0.i2 1.0 2.91012933191
DS3.d3.s1.i0 1.0 -0.0922155226786
DS3.d3.s1.i1 1.0 -0.139073033232
DS3.d4.s0.i0 1.0 0.00547464232086
DS3.d4.s0.i1 1.0 -0.142037893082
DS3.d38.s0.i0 1.0 1.45131307518
DS3.d38.s1.i0 1.0 1.63052471708
DS3.d38.s1.i1 1.0 1.3529416053
DS3.d38.s2.i0 1.0 2.32369046751
DS3.d38.s3.i0 -1 -1.46751880878
DS3.d45.s0.i0 -1 -0.611723129962
DS3.d45.s0.i1 -1 -0.611723129962
DS3.d68.s0.i0 1.0 1.30143614078
DS3.d86.s0.i0 1.0 0.927493770514
DS3.d86.s0.i1 1.0 1.11827295749
DS3.d86.s1.i0 1.0 0.589906066832
DS3.d86.s1.i1 -1 0.230549502119
DS3.d86.s1.i2 -1 0.0149356093439
DS3.d90.s0.i0 -1 0.434301158384
DS3.d90.s0.i1 -1 -0.203095816447
DS3.d90.s1.i0 1.0 1.32853511728
DS3.d90.s1.i1 1.0 1.42369485855
DS3.d90.s1.i2 1.0 -0.126014889799
DS3.d90.s1.i3 1.0 -0.345903070388
DS3.d90.s1.i4 1.0 -0.244275583373
DS3.d90.s1.i5 1.0 -0.0195558886918
DS3.d99.s0.i0 1.0 2.71952251945
DS3.d101.s0.i0 1.0 -1.40685518584
DS3.d103.s0.i0 -1 0.160417643199
DS3.d125.s0.i0 1.0 1.22793877733
DS3.d125.s0.i1 1.0 2.17304257047
DS3.d135.s0.i0 1.0 -1.46770878665
DS3.d135.s0.i1 1.0 -1.11106252616
DS3.d135.s1.i0 1.0 -0.488097467676
DS3.d135.s1.i1 -1 -0.763304376779
DS3.d135.s1.i2 -1 -1.35312947948
DS3.d153.s0.i0 -1 0.874463954011
DS3.d153.s0.i1 -1 0.0375411859165
DS3.d162.s0.i0 1.0 1.48660778383
DS3.d162.s1.i0 1.0 0.998007616749
DS3.d167.s0.i0 1.0 1.39709637511
DS3.d176.s0.i0 1.0 0.177923478953
DS3.d176.s0.i1 1.0 -0.061622588133
DS3.d176.s0.i2 1.0 0.405383921973
DS3.d191.s0.i0 -1 0.813809796407
DS3.d220.s0.i0 -1 1.00839060018
DS3.d220.s0.i1 -1 -0.0356233968593
DS3.d220.s1.i0 -1 -0.539088199052
DS3.d220.s1.i1 1.0 1.19103188541
DS3.d225.s0.i0 1.0 0.815615040754
DS3.d225.s1.i0 1.0 0.786170601961
DS3.d229.s0.i0 1.0 0.188463701486
DS3.d243.s0.i0 1.0 1.95172448654
DS3.d243.s0.i1 1.0 1.95172448654
DS3.d243.s0.i2 1.0 1.95172448654
DS3.d254.s0.i0 1.0 2.47850727098
DS3.d254.s0.i1 1.0 2.31512771796
DS3.d254.s1.i0 -1 0.360832011563
DS3.d254.s1.i1 -1 0.729629038183
DS3.d254.s2.i0 -1 1.75295152849
DS3.d254.s2.i1 1.0 1.69965733655
DS3.d258.s0.i0 1.0 0.179654652245
DS3.d260.s0.i0 1.0 0.913622004639
DS3.d260.s0.i1 1.0 0.563409592087
DS3.d260.s0.i2 -1 0.402726807295
DS3.d260.s1.i0 -1 1.59142175069
DS3.d260.s1.i1 1.0 1.59142175069
DS3.d270.s0.i0 1.0 -0.261358346736
DS3.d271.s0.i0 1.0 0.838271700441
DS3.d283.s0.i0 1.0 0.891053813253
DS3.d283.s0.i1 1.0 1.16983618807
DS3.d283.s0.i2 1.0 0.967595926036
DS3.d283.s0.i3 1.0 1.00579364548
DS3.d284.s0.i0 -1 -1.71415724051
DS3.d287.s0.i0 1.0 0.421246295798
DS3.d287.s0.i1 1.0 0.959279963206
DS3.d287.s1.i0 -1 -0.870760272447
DS3.d287.s1.i1 -1 -0.0710684276221
DS3.d287.s2.i0 1.0 1.56369890848
DS3.d287.s2.i1 -1 1.73459126762
DS3.d287.s3.i0 1.0 0.739921532792
DS3.d295.s0.i0 1.0 -0.457263053733
DS3.d295.s1.i0 -1 0.459162625431
DS3.d298.s0.i0 1.0 1.11199384022
DS3.d299.s0.i0 -1 1.09612422841
DS3.d299.s0.i1 -1 1.02678484318
DS3.d308.s0.i0 1.0 1.22405572045
DS3.d308.s0.i1 1.0 1.51168926163
DS3.d308.s1.i0 1.0 0.829208348421
DS3.d308.s1.i1 1.0 1.16167171343
DS3.d308.s1.i2 1.0 0.753445012647
DS3.d308.s2.i0 1.0 1.35671751475
DS3.d308.s3.i0 1.0 1.99270224877
DS3.d308.s3.i1 1.0 2.15548153026
DS3.d308.s4.i0 1.0 2.7939206622
DS3.d308.s4.i1 1.0 2.7939206622
DS3.d308.s5.i0 1.0 1.60291332966
DS3.d308.s5.i1 1.0 1.60291332966
DS3.d322.s0.i0 1.0 0.754344702372
DS3.d322.s1.i0 -1 0.940020277879
DS3.d322.s1.i1 -1 1.55534956706
DS3.d328.s0.i0 -1 -1.82512554746
DS3.d328.s1.i0 1.0 2.25427256734
DS3.d328.s1.i1 1.0 1.57484874534
DS3.d333.s0.i0 1.0 1.21782086697
DS3.d339.s0.i0 -1 -0.0416347548621
DS3.d339.s0.i1 -1 -0.403313848908
DS3.d346.s0.i0 1.0 1.65707593731
DS3.d346.s1.i0 -1 2.32744165155
DS3.d346.s1.i1 -1 1.43694902624
DS3.d356.s0.i0 1.0 1.11058639795
DS3.d378.s0.i0 -1 0.769714340811
DS3.d378.s0.i1 1.0 -0.211136353988
DS3.d378.s0.i2 -1 0.8033712394
DS3.d378.s0.i3 -1 0.914932649288
DS3.d378.s1.i0 -1 -0.0448482316372
DS3.d401.s0.i0 1.0 -0.0656347409785
DS3.d401.s0.i1 1.0 0.209390033693
DS3.d436.s0.i0 1.0 1.01397314653
DS3.d441.s0.i0 1.0 2.82497716463
DS3.d441.s1.i0 1.0 1.40576800752
DS3.d441.s2.i0 1.0 1.67487379119
DS3.d443.s0.i0 1.0 1.28118587238
DS3.d443.s0.i1 1.0 1.06965236445
DS3.d443.s1.i0 -1 1.25143120197
DS3.d443.s1.i1 -1 1.0994957121
DS3.d443.s1.i2 1.0 1.17488107054
DS3.d443.s2.i0 1.0 1.77904140564
DS3.d443.s2.i1 1.0 1.47036037131
DS3.d443.s2.i2 1.0 0.288935910948
DS3.d444.s0.i0 -1 -0.358438970555
DS3.d444.s0.i1 1.0 2.24066790949
DS3.d444.s0.i2 -1 -0.951832256369
DS3.d476.s0.i0 1.0 1.63688968007
DS3.d476.s0.i1 1.0 1.81762363337
DS3.d478.s0.i0 1.0 1.33217985024
DS3.d488.s0.i0 -1 2.00936998895
DS3.d488.s0.i1 -1 1.43643639128
DS3.d488.s0.i2 1.0 1.43046590735
DS3.d488.s0.i3 -1 0.0191194034318
DS3.d488.s0.i4 -1 0.342865939724
DS3.d488.s0.i5 1.0 0.604621153288
DS3.d488.s0.i6 -1 1.52099475746
DS3.d488.s0.i7 -1 0.931903676256
DS3.d488.s0.i8 -1 0.620997309912
DS3.d488.s0.i9 1.0 2.09992964627
DS3.d488.s0.i10 -1 1.64518424539
DS3.d488.s0.i11 -1 -0.195007369962
DS3.d488.s0.i12 -1 -0.0139054129734
DS3.d488.s0.i13 -1 -0.540744327241
DS3.d488.s0.i14 -1 0.305508477952
DS3.d489.s0.i0 1.0 -0.182080274741
DS3.d489.s0.i1 1.0 -0.476147233924
DS3.d499.s0.i0 1.0 2.10739305889
DS3.d499.s0.i1 1.0 1.45429914048
DS3.d500.s0.i0 1.0 2.66720070293
DS3.d506.s0.i0 1.0 0.165913847635
DS3.d506.s0.i1 1.0 0.845707176133
DS3.d508.s0.i0 1.0 3.20295542604
DS3.d515.s0.i0 -1 -0.270875959406
DS3.d515.s0.i1 -1 -0.187819124355
DS3.d515.s1.i0 -1 -0.420867255143
DS3.d515.s1.i1 -1 0.420918083663
DS3.d517.s0.i0 1.0 2.60625293112
DS3.d517.s0.i1 1.0 2.15823663144
DS3.d527.s0.i0 1.0 0.127705552225
DS3.d527.s0.i1 1.0 0.912319109394
DS3.d527.s0.i2 1.0 -0.20121159791
DS3.d527.s0.i3 1.0 0.00123363023233
DS3.d527.s1.i0 1.0 1.07107626151
DS3.d527.s1.i1 1.0 0.0642990151966
DS3.d533.s0.i0 1.0 1.08787478823
DS3.d533.s0.i1 1.0 0.539451453973
DS3.d537.s0.i0 -1 0.856814324864
DS3.d537.s0.i1 -1 1.66170071441
DS3.d537.s0.i2 -1 1.02407545542
DS3.d545.s0.i0 1.0 1.2282853372
DS3.d545.s1.i0 1.0 0.711482813074
DS3.d559.s0.i0 -1 -0.779709474153
DS3.d559.s0.i1 -1 -0.608044312911
DS3.d559.s0.i2 -1 -0.323594572415
DS3.d559.s0.i3 -1 -0.779709474153
DS3.d578.s0.i0 1.0 0.882806913618
DS3.d578.s0.i1 1.0 1.18162740129
DS3.d578.s0.i2 1.0 0.899409586966
DS3.d580.s0.i0 1.0 1.54069448447
DS3.d580.s0.i1 1.0 0.926195541232
DS3.d601.s0.i0 1.0 0.966437988089
DS3.d603.s0.i0 1.0 0.621314714175
DS3.d603.s0.i1 1.0 1.64109475747
DS3.d609.s0.i0 -1 -0.0284533749443
DS3.d609.s0.i1 1.0 1.68094289874
DS3.d609.s1.i0 -1 -0.132184224223
DS3.d609.s1.i1 -1 0.664749470853
DS3.d609.s1.i2 1.0 2.00319288129
DS3.d613.s0.i0 1.0 0.48962361741
DS3.d634.s0.i0 1.0 0.951760111496
DS3.d634.s0.i1 1.0 1.47282909275
DS3.d634.s0.i2 1.0 0.798114972273
DS3.d634.s0.i3 1.0 1.07256567229
DS3.d634.s0.i4 1.0 0.69031706713
DS3.d634.s0.i5 1.0 0.868061727688
DS3.d634.s0.i6 1.0 0.470882046748
DS3.d634.s0.i7 1.0 1.20293102098
DS3.d647.s0.i0 -1 0.358358646052
DS3.d679.s0.i0 -1 -1.29377370043
DS3.d685.s0.i0 1.0 0.41243148284
DS3.d685.s0.i1 1.0 0.2493655308
DS3.d685.s0.i2 1.0 0.43944634522
DS3.d685.s1.i0 1.0 2.8488149328
DS3.d685.s1.i1 1.0 2.58012571657
DS3.d685.s1.i2 1.0 2.24899706645
DS3.d722.s0.i0 -1 0.446337753872
DS3.d722.s0.i1 -1 -0.732364189715
DS3.d723.s0.i0 1.0 0.529428364886
DS3.d730.s0.i0 1.0 -1.16707850928
DS3.d738.s0.i0 1.0 1.75899549622
DS3.d738.s0.i1 1.0 1.22071939221
DS3.d738.s1.i0 1.0 1.21167870375
DS3.d747.s0.i0 1.0 1.69502306038
DS3.d747.s0.i1 1.0 1.00998983914
DS3.d747.s0.i2 1.0 1.69502306038
DS3.d747.s0.i3 1.0 1.00998983914
DS3.d751.s0.i0 1.0 0.924970810271
DS3.d753.s0.i0 1.0 -0.641803876755
DS3.d753.s1.i0 1.0 0.0389996224132
DS3.d753.s1.i1 1.0 0.930356074424
DS3.d753.s2.i0 -1 0.00917118308768
DS3.d753.s2.i1 -1 0.514014416929
DS3.d758.s0.i0 1.0 0.654899340201
DS3.d764.s0.i0 -1 -0.472075763978
DS3.d764.s0.i1 -1 -0.212354282306
DS3.d764.s0.i2 -1 -0.486076531013
DS3.d764.s0.i3 -1 -0.405833273754
DS3.d764.s0.i4 -1 -0.153760190372
DS3.d764.s0.i5 -1 -0.226355049342
DS3.d770.s0.i0 1.0 1.11620720668
DS3.d770.s0.i1 1.0 0.867832452349
DS3.d794.s0.i0 1.0 0.430834421489
DS3.d794.s0.i1 1.0 0.598092263855
DS3.d801.s0.i0 1.0 -0.239977168612
DS3.d815.s0.i0 1.0 -0.865237887494
DS3.d815.s0.i1 1.0 -0.610261096299
DS3.d815.s0.i2 1.0 -0.733145478725
DS3.d830.s0.i0 1.0 1.1580693852
DS3.d830.s1.i0 1.0 1.06200921295
DS3.d836.s0.i0 -1 -0.870883869648
DS3.d836.s0.i1 -1 -0.541565891429
DS3.d836.s0.i2 -1 -0.180840038867
DS3.d836.s0.i3 -1 -0.837023493503
DS3.d836.s0.i4 -1 -0.810845533483
DS3.d836.s0.i5 -1 -0.706486897633
DS3.d836.s0.i6 -1 -0.290793168615
DS3.d836.s0.i7 -1 -0.782067327202
DS3.d836.s0.i8 -1 -0.775427557949
DS3.d836.s0.i9 -1 -0.512876694949
DS3.d838.s0.i0 -1 -0.972491044086
DS3.d838.s0.i1 1.0 2.44098637471
DS3.d838.s0.i2 1.0 1.05866472553
DS3.d862.s0.i0 1.0 2.21641958316
DS3.d876.s0.i0 -1 -1.02205647788
DS3.d876.s0.i1 -1 0.456297883568
DS3.d876.s0.i2 -1 0.10730934111
DS3.d882.s0.i0 -1 -0.667174764089
DS3.d882.s0.i1 -1 -0.671788682642
DS3.d882.s1.i0 1.0 0.194331014101
DS3.d922.s0.i0 1.0 0.562223666421
DS3.d927.s0.i0 -1 0.0580147133935
DS3.d927.s0.i1 -1 0.178340370673
DS3.d927.s0.i2 -1 0.502147163995
DS3.d940.s0.i0 1.0 0.765055603697
DS3.d940.s0.i1 1.0 0.765055603697
DS3.d946.s0.i0 1.0 1.5419042843
DS3.d946.s0.i1 1.0 1.32782736767
DS3.d946.s1.i0 -1 -1.15413626767
DS3.d946.s1.i1 1.0 0.333921745427
DS3.d946.s1.i2 -1 0.691232062529
DS3.d968.s0.i0 1.0 0.883023323666
DS3.d968.s0.i1 1.0 0.883023323666
DS3.d985.s0.i0 1.0 -0.357322281273
DS3.d1002.s0.i0 -1 -1.04732518721
DS3.d1003.s0.i0 -1 -0.48469088328
DS3.d1003.s0.i1 -1 -0.0819080282107
DS3.d1005.s0.i0 1.0 1.6397784484
DS3.d1018.s0.i0 1.0 1.26163593205
DS3.d1018.s0.i1 1.0 1.94942670381
DS3.d1018.s0.i2 1.0 1.37197824713
DS3.d1018.s0.i3 1.0 1.74108307378
DS3.d1018.s1.i0 -1 0.958697270177
DS3.d1031.s0.i0 1.0 -0.228115196761
DS3.d1031.s0.i1 -1 -0.33298769321
DS3.d1031.s0.i2 -1 1.05907353499
DS3.d1031.s0.i3 1.0 0.76381668734
DS3.d1031.s0.i4 1.0 -0.582121677744
DS3.d1031.s0.i5 -1 -0.0288032370841
DS3.d1031.s0.i6 1.0 1.03108994559
DS3.d1031.s0.i7 -1 1.00037920595
DS3.d1031.s0.i8 1.0 -0.588430925662
DS3.d1031.s0.i9 1.0 0.86758596338
DS3.d1031.s0.i10 -1 1.37885236105
DS3.d1031.s0.i11 -1 -0.357003786219
DS3.d1031.s1.i0 1.0 2.13031984137
DS3.d1031.s1.i1 1.0 1.87071425289
DS3.d1031.s1.i2 -1 2.22770615185
DS3.d1035.s0.i0 1.0 0.160541510228
DS3.d1035.s1.i0 1.0 -0.782928489342
DS3.d1035.s2.i0 -1 -0.941255730127
DS3.d1059.s0.i0 1.0 1.29871920392
DS3.d1061.s0.i0 -1 -1.58325569805
DS3.d1061.s0.i1 -1 -1.85005788555
DS3.d1061.s0.i2 -1 0.0216350025968
DS3.d1061.s0.i3 -1 -1.89593297571
DS3.d1061.s0.i4 -1 -2.2440213412
DS3.d1061.s0.i5 -1 -1.14004296811
DS3.d1061.s0.i6 -1 -1.86339050752
DS3.d1061.s0.i7 -1 -2.28792326584
DS3.d1061.s0.i8 -1 -2.27784737503
DS3.d1061.s0.i9 -1 -1.47220446703
DS3.d1061.s0.i10 -1 -0.298940213606
DS3.d1061.s0.i11 -1 -1.90447818292
DS3.d1061.s0.i12 -1 -1.60373923624
DS3.d1061.s0.i13 -1 -0.937775014834
DS3.d1061.s0.i14 -1 -1.45355251881
DS3.d1061.s0.i15 -1 -1.8854904196
DS3.d1061.s0.i16 -1 -1.85860309276
DS3.d1061.s0.i17 -1 -1.20145348641
DS3.d1061.s0.i18 -1 -1.38571012817
DS3.d1061.s0.i19 -1 -1.64272112514
DS3.d1061.s0.i20 -1 -1.57304885163
DS3.d1061.s0.i21 -1 -1.2204292749
DS3.d1061.s0.i22 -1 -1.18591805827
DS3.d1061.s0.i23 -1 -1.81751541736
DS3.d1071.s0.i0 1.0 1.9103757811
DS3.d1071.s1.i0 1.0 1.64923317326
DS3.d1082.s0.i0 1.0 1.17469296227
DS3.d1082.s1.i0 1.0 0.991443660084
DS3.d1083.s0.i0 -1 -0.0791823665411
DS3.d1095.s0.i0 1.0 1.16018362217
DS3.d1095.s0.i1 1.0 1.67284205906
DS3.d1095.s0.i2 1.0 1.37578188665
DS3.d1096.s0.i0 1.0 -0.0421778048809
DS3.d1097.s0.i0 -1 1.7570882289
DS3.d1097.s1.i0 1.0 0.6050513053
DS3.d1097.s1.i1 1.0 0.182370464618
DS3.d1097.s1.i2 1.0 0.37896193552
DS3.d1097.s1.i3 1.0 0.00468644864168
DS3.d1102.s0.i0 -1 -0.992827546784
DS3.d1135.s0.i0 1.0 -0.179629755326
DS3.d1135.s0.i1 1.0 0.443808819132
DS3.d1135.s0.i2 1.0 -0.0345433343688
DS3.d1135.s0.i3 1.0 0.552488624097
DS3.d1135.s1.i0 -1 2.03183687334
DS3.d1135.s2.i0 1.0 -0.413618315075
DS3.d1135.s2.i1 1.0 -0.279591126684
DS3.d1138.s0.i0 1.0 0.688727146895
DS3.d1138.s0.i1 1.0 0.871514718348
DS3.d1138.s1.i0 1.0 0.261896620843
DS3.d1143.s0.i0 -1 0.515092942867
DS3.d1143.s0.i1 -1 0.235248507033
DS3.d1146.s0.i0 -1 0.516230261856
DS3.d1160.s0.i0 1.0 0.0471328032538
DS3.d1167.s0.i0 1.0 1.36763406582
DS3.d1167.s1.i0 1.0 0.50619033542
DS3.d1167.s1.i1 1.0 -0.123589781347
DS3.d1178.s0.i0 1.0 -0.329188089141
DS3.d1178.s1.i0 -1 -1.3521298754
DS3.d1181.s0.i0 -1 0.834945015795
DS3.d1181.s1.i0 -1 1.50898077644
DS3.d1188.s0.i0 1.0 0.944332024485
DS3.d1193.s0.i0 -1 0.653119269654
DS3.d1193.s0.i1 -1 1.10670343538
DS3.d1216.s0.i0 1.0 0.57688175212
DS3.d1227.s0.i0 -1 -0.385837260036
DS3.d1227.s0.i1 -1 -0.474336495701
DS3.d1227.s0.i2 -1 -0.371152096202
DS3.d1227.s0.i3 -1 -0.545994471232
DS3.d1227.s0.i4 -1 -0.538262123963
DS3.d1227.s0.i5 -1 -0.548165365104
DS3.d1227.s0.i6 -1 -0.371152096202
DS3.d1227.s0.i7 -1 -0.444980965605
DS3.d1227.s0.i8 -1 -0.487923630569
DS3.d1227.s0.i9 -1 -0.29035622453
DS3.d1227.s1.i0 1.0 -0.277978895508
DS3.d1249.s0.i0 -1 -0.929340306904
DS3.d1249.s0.i1 -1 -1.58902407552
DS3.d1258.s0.i0 1.0 0.561355313627
DS3.d1259.s0.i0 1.0 0.881213406451
DS3.d1259.s1.i0 1.0 1.1448905792
DS3.d1261.s0.i0 1.0 1.02664891483
DS3.d1269.s0.i0 -1 0.173802193047
DS3.d1286.s0.i0 -1 -1.25936122391
DS3.d1286.s1.i0 -1 -0.697734722149
DS3.d1287.s0.i0 -1 -0.172137602903
DS3.d1331.s0.i0 -1 -1.37632358398
DS3.d1331.s0.i1 -1 -1.4420316287
DS3.d1331.s1.i0 -1 -1.1263558612
DS3.d1331.s1.i1 -1 -1.49495840846
DS3.d1334.s0.i0 -1 0.425072758748
DS3.d1365.s0.i0 -1 -0.574603348261
DS3.d1365.s0.i1 -1 -0.218659233148
DS3.d1371.s0.i0 1.0 0.491962218297
DS3.d1377.s0.i0 1.0 0.13770276789
DS3.d1377.s1.i0 -1 -0.0180023154956
DS3.d1381.s0.i0 1.0 0.783260341499
DS3.d1381.s0.i1 1.0 1.50266550275
DS3.d1381.s0.i2 1.0 0.888752905551
DS3.d1381.s0.i3 1.0 1.67189037053
DS3.d1396.s0.i0 -1 -0.906890748779
DS3.d1396.s0.i1 -1 0.114677444831
DS3.d1396.s0.i2 -1 0.265807931263
DS3.d1396.s0.i3 -1 -0.301019420747
DS3.d1397.s0.i0 -1 1.18108586199
DS3.d1399.s0.i0 1.0 -0.343937853661
DS3.d1399.s0.i1 1.0 -0.559229665264
DS3.d1415.s0.i0 1.0 1.83970447622
DS3.d1415.s0.i1 1.0 1.82132696857
DS3.d1417.s0.i0 1.0 0.445854232098
DS3.d1424.s0.i0 -1 0.0510990260592
DS3.d1429.s0.i0 -1 -0.68892045029
DS3.d1429.s0.i1 -1 -1.32055561314
DS3.d1429.s0.i2 -1 -1.14734631239
DS3.d1456.s0.i0 1.0 1.25021812662
DS3.d1458.s0.i0 1.0 -0.274676492108
DS3.d1461.s0.i0 1.0 2.06751368876
DS3.d1461.s1.i0 1.0 1.34993060368
DS3.d1464.s0.i0 -1 0.584740753848
DS3.d1480.s0.i0 1.0 0.138739207343
DS3.d1480.s0.i1 1.0 -0.0682736133683
DS3.d1480.s0.i2 1.0 0.703086187851
DS3.d1480.s0.i3 1.0 0.352866312622
DS3.d1484.s0.i0 -1 1.04975661831
DS3.d1484.s1.i0 1.0 1.57760260622
DS3.d1490.s0.i0 -1 -0.179015354731
DS3.d1492.s0.i0 1.0 1.12306145631
DS3.d1492.s0.i1 1.0 0.269017323349
DS3.d1496.s0.i0 -1 0.418170739451
DS3.d1496.s0.i1 -1 -0.238744233392
DS3.d1497.s0.i0 1.0 1.33566707757
DS3.d1497.s0.i1 1.0 1.32142303989
DS3.d1500.s0.i0 -1 0.0768773281497
DS3.d1500.s0.i1 -1 0.582592452239
DS3.d1504.s0.i0 -1 -0.415627437451
DS3.d1504.s0.i1 -1 0.976062107281
DS3.d1504.s0.i2 -1 -0.528430872649
DS3.d1504.s0.i3 -1 -0.739434230769
DS3.d1507.s0.i0 -1 -0.607884400381
DS3.d1507.s0.i1 -1 -0.233259481158
DS3.d1507.s0.i2 -1 -0.308334511994
DS3.d1507.s0.i3 -1 -0.61824943282
DS3.d1507.s0.i4 -1 -0.544820735351
DS3.d1507.s0.i5 -1 -0.720431191844
DS3.d1507.s0.i6 -1 -0.515065033321
DS3.d1507.s0.i7 -1 -0.617246792347
DS3.d1507.s0.i8 -1 -0.648005134848
DS3.d1507.s0.i9 -1 -0.484408579156
DS3.d1507.s0.i10 -1 -0.61824943282
DS3.d1507.s0.i11 -1 -0.544820735351
DS3.d1507.s0.i12 -1 -0.409333548318
DS3.d1507.s0.i13 -1 -0.645356161009
DS3.d1507.s0.i14 -1 -0.515065033321
DS3.d1507.s0.i15 -1 -0.376083300944
DS3.d1507.s0.i16 -1 -0.907304526716
DS3.d1507.s0.i17 -1 -0.542171761509
DS3.d1507.s0.i18 -1 -0.676319622452
DS3.d1507.s0.i19 -1 -0.259536412352
DS3.d1511.s0.i0 -1 -1.26464674047
DS3.d1511.s0.i1 -1 -1.32223245186
DS3.d1511.s0.i2 -1 -1.32223245186
DS3.d1511.s0.i3 -1 -1.26464674047
DS3.d1529.s0.i0 1.0 2.00382367523
DS3.d1546.s0.i0 -1 -0.12519303079
DS3.d1546.s1.i0 -1 -1.41388090365
DS3.d1546.s1.i1 1.0 0.468787480478
DS3.d1546.s1.i2 -1 -1.06470527883
DS3.d1552.s0.i0 1.0 1.5971485539
DS3.d1563.s0.i0 1.0 1.865267007
DS3.d1563.s0.i1 1.0 1.90030388737
DS3.d1574.s0.i0 1.0 -0.0452562349199
DS3.d1593.s0.i0 1.0 0.79145975314
DS3.d1603.s0.i0 -1 1.0055498187
DS3.d1603.s0.i1 -1 0.617432160221
DS3.d1612.s0.i0 -1 -0.36396578034
DS3.d1621.s0.i0 1.0 1.47844521793
DS3.d1621.s1.i0 1.0 0.621354630354
DS3.d1628.s0.i0 1.0 0.36333474758
DS3.d1633.s0.i0 -1 -1.24858140076
DS3.d1633.s0.i1 -1 -0.408900890011
DS3.d1633.s1.i0 -1 -1.71119304958
DS3.d1653.s0.i0 1.0 1.90879473739
DS3.d1653.s0.i1 1.0 0.908474451508
DS3.d1653.s1.i0 1.0 0.109779435199
DS3.d1653.s1.i1 1.0 0.917508526176
DS3.d1653.s2.i0 1.0 0.296545637058
DS3.d1653.s3.i0 -1 -0.353275093127
DS3.d1653.s4.i0 -1 -0.223635597323
DS3.d1653.s4.i1 -1 -0.588137654635
DS3.d1657.s0.i0 1.0 1.95307269745
DS3.d1679.s0.i0 -1 -0.956197502132
DS3.d1681.s0.i0 1.0 1.34257483779
DS3.d1681.s0.i1 1.0 1.45575622126
DS3.d1681.s1.i0 1.0 1.62804668869
DS3.d1700.s0.i0 1.0 0.842384287511
DS3.d1700.s1.i0 1.0 0.530266083273
DS3.d1709.s0.i0 1.0 1.01727976799
DS3.d1710.s0.i0 -1 -2.38413117386
DS3.d1710.s0.i1 -1 -1.31451547772
DS3.d1710.s1.i0 -1 -1.31451547772
DS3.d1712.s0.i0 1.0 1.89844239378
DS3.d1712.s1.i0 -1 -1.36556920615
DS3.d1712.s1.i1 -1 -0.0397909308342
DS3.d1753.s0.i0 -1 0.693715156618
DS3.d1753.s1.i0 -1 -1.15012865462
DS3.d1756.s0.i0 -1 -0.708874732742
DS3.d1756.s0.i1 -1 -0.708874732742
DS3.d1772.s0.i0 1.0 0.895554701608
DS3.d1786.s0.i0 1.0 1.92084705394
DS3.d1786.s0.i1 1.0 1.81508637127
DS3.d1796.s0.i0 1.0 1.66231470611
DS3.d1799.s0.i0 -1 0.391327127587
DS3.d1799.s0.i1 -1 0.726587374021
DS3.d1821.s0.i0 1.0 0.0550203740442
DS3.d1825.s0.i0 -1 -0.00492494817201
DS3.d1831.s0.i0 1.0 -0.815719922497
DS3.d1831.s0.i1 1.0 -0.790020150728
DS3.d1843.s0.i0 1.0 2.08737836522
DS3.d1843.s1.i0 1.0 1.80433304001
DS3.d1848.s0.i0 1.0 1.24721117271
DS3.d1851.s0.i0 1.0 -1.32404536974
DS3.d1851.s0.i1 -1 0.183794172825
DS3.d1851.s0.i2 -1 -1.22358079055
DS3.d1851.s0.i3 1.0 -0.653774570067
DS3.d1851.s0.i4 -1 0.505993936729
DS3.d1851.s0.i5 -1 0.411924488721
DS3.d1859.s0.i0 -1 -0.088585810565
DS3.d1859.s0.i1 -1 0.15276232002
DS3.d1859.s0.i2 -1 -0.198215621376
DS3.d1859.s0.i3 -1 0.0311303997898
DS3.d1859.s0.i4 -1 -0.17069323099
DS3.d1859.s0.i5 -1 0.0706548995964
DS3.d1863.s0.i0 1.0 0.204045608504
DS3.d1894.s0.i0 -1 -0.654752372151
DS3.d1894.s0.i1 -1 -1.03781404982
