DS.d831.s0.i0 1.0 1.56992529158
DS.d838.s0.i0 -1 0.519929532129
DS.d838.s0.i1 1.0 0.981905576764
DS.d838.s0.i2 1.0 0.234658324805
DS.d844.s0.i0 1.0 0.95717174919
DS.d851.s0.i0 1.0 -0.180369778074
DS.d859.s0.i0 1.0 0.757777897863
DS.d889.s0.i0 1.0 1.97868312316
DS.d889.s0.i1 1.0 1.97868312316
DS.d893.s0.i0 -1 -1.40093326276
DS.d893.s0.i1 1.0 0.570024361709
DS.d902.s0.i0 -1 -0.965440408895
DS.d902.s0.i1 -1 -0.0461673840716
DS.d902.s0.i2 -1 -0.485715636809
DS.d909.s0.i0 -1 -0.776254488759
DS.d909.s0.i1 -1 -1.04052906354
DS.d909.s0.i2 -1 -0.389045907293
DS.d909.s0.i3 -1 -1.45046958134
DS.d909.s0.i4 -1 -0.241824320393
DS.d909.s0.i5 -1 -1.2142033147
DS.d909.s0.i6 -1 -1.53558259848
DS.d909.s0.i7 -1 -1.10646260633
DS.d921.s0.i0 1.0 1.24896344922
DS.d921.s1.i0 1.0 0.612244803775
DS.d921.s1.i1 1.0 1.05942616464
DS.d921.s2.i0 1.0 0.12848126553
DS.d921.s2.i1 1.0 0.0261768116876
DS.d921.s2.i2 1.0 -0.30389753967
DS.d921.s2.i3 1.0 0.110801876922
DS.d921.s2.i4 1.0 0.11005297803
DS.d959.s0.i0 -1 0.178469166997
DS.d959.s0.i1 -1 0.215518314275
DS.d959.s1.i0 -1 1.05987174528
DS.d979.s0.i0 1.0 1.1431094889
DS.d980.s0.i0 1.0 1.10636839047
DS.d986.s0.i0 1.0 -0.0539228761896
DS.d1001.s0.i0 1.0 0.972944420656
DS.d1001.s0.i1 1.0 0.949851670453
DS.d1001.s1.i0 1.0 1.04685369869
DS.d1030.s0.i0 1.0 2.15666741878
DS.d1030.s1.i0 -1 0.367758052628
DS.d1031.s0.i0 1.0 -0.413616412171
DS.d1031.s0.i1 -1 -0.294484538487
DS.d1031.s0.i2 -1 0.82421476784
DS.d1031.s0.i3 1.0 -0.0111410076067
DS.d1031.s0.i4 1.0 -0.651923975485
DS.d1031.s0.i5 -1 -0.0676048959528
DS.d1031.s0.i6 1.0 -0.0313261231118
DS.d1031.s0.i7 -1 0.565294823493
DS.d1031.s0.i8 1.0 -0.599206649723
DS.d1031.s0.i9 1.0 -0.135779006285
DS.d1031.s0.i10 -1 0.696452706992
DS.d1031.s0.i11 -1 -0.0573998332603
DS.d1031.s1.i0 1.0 0.516363034504
DS.d1031.s1.i1 1.0 0.90971900624
DS.d1031.s1.i2 -1 0.361453606967
DS.d1034.s0.i0 -1 -0.55975110752
DS.d1034.s1.i0 -1 -0.921253874311
DS.d1045.s0.i0 1.0 1.26929468372
DS.d1050.s0.i0 1.0 -0.627350561588
DS.d1050.s0.i1 1.0 -0.709182162076
DS.d1073.s0.i0 1.0 0.315680649629
DS.d1086.s0.i0 1.0 0.39641377721
DS.d1086.s0.i1 1.0 0.78562307463
DS.d1093.s0.i0 -1 -0.448787303966
DS.d1093.s0.i1 -1 -0.774848266411
DS.d1107.s0.i0 -1 -0.0529085825663
DS.d1109.s0.i0 1.0 0.127475562957
DS.d1109.s0.i1 1.0 0.334915810715
DS.d1109.s0.i2 1.0 0.307234527681
DS.d1109.s0.i3 1.0 -0.492654599234
DS.d1109.s0.i4 1.0 -0.366661697607
DS.d1109.s0.i5 1.0 0.467420333953
DS.d1109.s0.i6 1.0 0.334915810715
DS.d1109.s0.i7 1.0 0.307234527681
DS.d1113.s0.i0 -1 -0.431618492585
DS.d1118.s0.i0 1.0 2.13598093292
DS.d1120.s0.i0 1.0 -0.348559903415
DS.d1120.s0.i1 -1 -1.58409398985
DS.d1120.s0.i2 -1 -0.850248533817
DS.d1120.s0.i3 -1 -1.34189445
DS.d1120.s0.i4 1.0 -0.335507684484
DS.d1120.s0.i5 1.0 0.0301738087293
DS.d1120.s0.i6 -1 -1.73891570865
DS.d1120.s0.i7 1.0 -0.223991048057
DS.d1128.s0.i0 1.0 -0.111339079434
DS.d1176.s0.i0 1.0 0.701028460666
DS.d1176.s1.i0 -1 -1.11595849299
DS.d1176.s1.i1 -1 -1.5641273271
DS.d1219.s0.i0 1.0 0.851884368107
DS.d1219.s0.i1 1.0 0.734464715815
DS.d1223.s0.i3 1.0 0.00485620261912
DS.d1223.s0.i4 -1 0.682722403192
DS.d1223.s0.i5 1.0 0.598944176788
DS.d1223.s0.i7 -1 0.65379462473
DS.d1223.s0.i10 1.0 0.341566739988
DS.d1223.s0.i14 1.0 0.554649827961
DS.d1223.s1.i0 1.0 0.409684276971
DS.d1223.s1.i1 -1 -0.321534307867
DS.d1223.s2.i0 1.0 0.62601817713
DS.d1223.s2.i1 1.0 1.10719028134
DS.d1223.s3.i0 1.0 -0.841894920114
DS.d1231.s0.i0 -1 -1.95256063382
DS.d1231.s1.i0 1.0 -0.104477602837
DS.d1232.s0.i0 -1 -0.630852074509
DS.d1238.s0.i0 -1 -0.810223406549
DS.d1238.s0.i1 -1 -0.354273083046
DS.d1238.s0.i2 -1 -0.548437007884
DS.d1238.s0.i3 -1 -0.452288895911
DS.d1244.s0.i0 -1 -0.36543311356
DS.d1247.s0.i0 -1 -0.353295106115
DS.d1254.s0.i0 1.0 0.569503057707
DS.d1254.s1.i0 1.0 1.20454690365
DS.d1254.s1.i1 1.0 1.06003834453
DS.d1259.s0.i0 1.0 0.390309632462
DS.d1259.s1.i0 1.0 0.451165532383
DS.d1269.s0.i0 -1 0.24806872503
DS.d1277.s0.i0 -1 0.726169580981
DS.d1277.s1.i0 1.0 1.55786378105
DS.d1289.s0.i0 -1 0.493457862948
DS.d1292.s0.i0 1.0 1.0760954727
DS.d1292.s0.i1 1.0 0.792115565312
DS.d1292.s0.i2 1.0 1.18424265579
DS.d1292.s0.i3 1.0 1.53331583848
DS.d1294.s0.i0 -1 -0.697190103028
DS.d1294.s0.i1 -1 -0.820232919948
DS.d1297.s0.i0 1.0 1.12489502021
DS.d1319.s0.i0 1.0 1.13405454314
DS.d1319.s0.i1 1.0 1.26903913879
DS.d1323.s0.i0 1.0 -0.345519505565
DS.d1325.s0.i0 -1 -0.610359211223
DS.d1325.s0.i1 -1 -1.04513894482
DS.d1345.s0.i0 -1 -1.06043614493
DS.d1347.s0.i0 1.0 1.28964473837
DS.d1348.s0.i0 -1 0.51410855388
DS.d1348.s1.i0 1.0 0.847679306572
DS.d1363.s0.i0 -1 -1.78894352232
DS.d1363.s0.i1 -1 -1.22056664672
DS.d1363.s0.i2 -1 -1.95411576254
DS.d1363.s0.i3 -1 -1.49473994596
DS.d1363.s0.i5 -1 -1.0594466752
DS.d1367.s0.i0 1.0 1.34810557803
DS.d1394.s0.i0 -1 -0.762876609043
DS.d1426.s0.i0 -1 0.447410635048
DS.d1426.s0.i1 -1 0.260654413337
DS.d1444.s0.i0 -1 -1.90240853436
DS.d1444.s0.i1 -1 -1.71804794257
DS.d1448.s0.i0 1.0 0.922918590516
DS.d1466.s0.i0 1.0 0.936524662374
DS.d1470.s0.i0 -1 0.208478180676
DS.d1470.s0.i1 -1 -0.378566829871
DS.d1471.s0.i0 1.0 0.623098092973
DS.d1471.s1.i0 1.0 0.445852126458
DS.d1471.s1.i1 1.0 0.339716331485
DS.d1471.s2.i0 1.0 0.0451784734338
DS.d1471.s3.i0 1.0 0.0834272568064
DS.d1471.s3.i1 -1 -0.287928820446
DS.d1474.s0.i0 -1 -0.988774218524
DS.d1478.s0.i0 -1 -0.556121186902
DS.d1478.s0.i1 -1 0.0725049879995
DS.d1478.s0.i2 -1 -0.658385013391
DS.d1478.s1.i0 1.0 1.08666374176
DS.d1478.s1.i1 1.0 0.688792124215
DS.d1478.s1.i2 1.0 0.981485559168
DS.d1478.s1.i3 1.0 0.764529207723
DS.d1478.s1.i4 1.0 0.674747916249
DS.d1478.s1.i5 1.0 1.07356194042
DS.d1479.s0.i0 1.0 0.850625185051
DS.d1485.s0.i0 -1 -0.294020453224
DS.d1493.s0.i0 1.0 1.04243786794
DS.d1493.s1.i2 1.0 0.91335755776
DS.d1504.s0.i0 -1 -1.0998867116
DS.d1504.s0.i1 -1 0.0612773580944
DS.d1504.s0.i2 -1 -1.07266489203
DS.d1504.s0.i3 -1 -1.53939287225
DS.d1511.s0.i0 -1 -1.31068890477
DS.d1511.s0.i1 -1 -1.31424149337
DS.d1511.s0.i2 -1 -1.31424149337
DS.d1511.s0.i3 -1 -1.31068890477
DS.d1513.s0.i0 1.0 0.981270971496
DS.d1513.s0.i1 1.0 0.965294583114
DS.d1513.s0.i2 1.0 0.555225441377
DS.d1514.s0.i0 -1 1.10122851798
DS.d1514.s0.i1 1.0 0.603060317545
DS.d1514.s1.i0 -1 -0.965482074592
DS.d1514.s1.i1 -1 -0.584041332628
DS.d1514.s1.i2 1.0 0.33185169269
DS.d1514.s1.i3 1.0 -0.160466312006
DS.d1519.s0.i0 -1 -0.404835726569
DS.d1529.s0.i0 1.0 1.77164988174
DS.d1540.s0.i0 1.0 0.166006937928
DS.d1540.s0.i1 1.0 0.000797891571707
DS.d1549.s0.i0 1.0 1.79814482576
DS.d1549.s1.i0 1.0 0.785602993287
DS.d1552.s0.i0 -1 0.429413580406
DS.d1587.s0.i0 -1 -1.58352463226
DS.d1587.s0.i1 -1 -0.754180706085
DS.d1587.s1.i0 -1 -1.53048058672
DS.d1587.s1.i1 -1 -0.718224824796
DS.d1587.s2.i0 -1 -1.34744233952
DS.d1587.s2.i1 -1 -0.490477158793
DS.d1587.s3.i0 -1 -0.745148163455
DS.d1587.s3.i1 -1 -1.42347203958
DS.d1631.s0.i0 1.0 1.61763636559
DS.d1647.s0.i0 -1 -0.637137929393
DS.d1649.s0.i0 1.0 1.29599803972
DS.d1649.s0.i1 1.0 0.682119689787
DS.d1651.s0.i0 1.0 1.96970204776
DS.d1671.s0.i0 1.0 1.34243108326
DS.d1682.s0.i0 -1 -0.467568086741
DS.d1682.s0.i1 -1 -0.255306691604
DS.d1688.s0.i0 1.0 -0.522546974782
DS.d1688.s1.i0 1.0 1.43305963554
DS.d1695.s0.i0 1.0 -0.510000338753
DS.d1697.s0.i0 1.0 1.09586868193
DS.d1697.s0.i1 1.0 1.35013706415
DS.d1698.s0.i0 1.0 0.391200148577
DS.d1711.s0.i0 -1 1.49708556996
DS.d1711.s0.i1 1.0 1.9175736211
DS.d1711.s0.i2 -1 1.58068282471
DS.d1711.s0.i3 -1 1.71398869499
DS.d1738.s0.i0 1.0 0.247011896757
DS.d1738.s0.i1 1.0 0.247011896757
DS.d1740.s0.i0 1.0 -1.10524837888
DS.d1756.s0.i0 -1 0.13115846286
DS.d1756.s0.i1 -1 0.13115846286
DS.d1770.s0.i0 1.0 0.957649898895
DS.d1785.s0.i0 1.0 0.873879597519
DS.d1787.s0.i0 1.0 0.276936641058
DS.d1787.s0.i1 1.0 0.259046482612
DS.d1819.s0.i0 1.0 -0.150121710677
DS.d1819.s0.i1 1.0 -0.112884622074
DS.d1819.s0.i2 1.0 -0.141598839909
DS.d1819.s0.i3 1.0 -0.306978619674
DS.d1819.s0.i4 1.0 -0.493904172716
DS.d1819.s1.i0 1.0 0.393768396957
DS.d1833.s0.i0 1.0 1.1986143841
DS.d1833.s0.i1 1.0 0.525920707545
DS.d1833.s0.i2 1.0 0.16083059749
DS.d1833.s1.i0 1.0 0.733885657971
DS.d1833.s1.i1 1.0 0.726051674606
DS.d1833.s1.i2 1.0 -0.55455595347
DS.d1833.s1.i3 1.0 -0.380620335066
DS.d1833.s1.i4 1.0 -0.484111074108
DS.d1836.s0.i0 -1 0.0651210101941
DS.d1836.s0.i3 -1 0.283950835729
DS.d1836.s0.i4 -1 0.0058854306407
DS.d1836.s0.i5 -1 -0.0972522695504
DS.d1849.s0.i0 1.0 0.308594091869
DS.d1857.s0.i0 1.0 -0.619178061654
DS.d1857.s1.i0 1.0 -0.122494440488
DS.d1857.s1.i1 1.0 0.395039671062
DS.d1867.s0.i0 -1 -0.645207955205
DS.d1867.s0.i1 -1 -0.280830918472
DS.d1867.s0.i2 -1 -0.433735284414
DS.d1867.s0.i3 -1 -0.357003486395
DS.d1870.s0.i0 -1 1.30700156283
DS.d1887.s0.i0 1.0 0.470015838793
DS.d1894.s0.i0 -1 0.181961939748
DS.d1894.s0.i1 -1 -0.0737325514195
