DS.d17.s0.i0 -1 0.381138997124
DS.d17.s0.i1 1.0 0.544512729822
DS.d17.s0.i2 1.0 0.544512729822
DS.d17.s0.i3 -1 0.381138997124
DS.d25.s0.i0 1.0 1.23488003311
DS.d25.s0.i1 1.0 1.28310061745
DS.d35.s0.i0 1.0 0.804397810598
DS.d35.s0.i1 1.0 0.554973512691
DS.d39.s0.i0 1.0 1.63016038258
DS.d39.s1.i0 1.0 1.52205536231
DS.d39.s2.i0 1.0 1.07107298074
DS.d46.s0.i0 -1 -0.401185046548
DS.d46.s0.i1 -1 0.38190737893
DS.d46.s0.i2 -1 -0.181939057075
DS.d47.s0.i0 -1 1.00595252952
DS.d47.s0.i1 -1 1.30713940401
DS.d47.s0.i2 -1 0.757593187166
DS.d62.s0.i0 -1 0.622937697542
DS.d62.s0.i1 -1 -0.789868255371
DS.d62.s1.i0 -1 -1.21616857361
DS.d69.s0.i0 -1 0.291506107405
DS.d69.s0.i1 -1 0.313550470034
DS.d69.s0.i2 -1 0.428712304009
DS.d77.s0.i0 1.0 1.03526223467
DS.d77.s0.i1 1.0 0.919645968964
DS.d77.s0.i2 1.0 0.751392833694
DS.d79.s0.i0 -1 -0.52322491487
DS.d79.s0.i1 -1 -1.19848347404
DS.d79.s0.i2 -1 -0.319494206221
DS.d79.s0.i3 -1 -0.867559355981
DS.d79.s0.i4 -1 -0.499239601149
DS.d79.s0.i5 -1 -0.775094919062
DS.d79.s0.i6 -1 -0.883464478632
DS.d79.s0.i7 -1 -0.762608538601
DS.d91.s0.i0 1.0 1.65987636842
DS.d91.s1.i0 1.0 1.31788562803
DS.d91.s1.i1 1.0 1.58566579782
DS.d91.s2.i0 1.0 1.10757888796
DS.d91.s2.i1 1.0 0.818390318527
DS.d91.s2.i2 1.0 0.382488663165
DS.d91.s2.i3 1.0 0.0152687525367
DS.d91.s2.i4 1.0 0.538069315708
DS.d99.s0.i0 1.0 -1.15389486726
DS.d99.s0.i1 1.0 -1.14698900801
DS.d99.s0.i2 1.0 -1.29058325214
DS.d99.s0.i3 1.0 -0.259623997227
DS.d99.s0.i4 1.0 -1.25823565823
DS.d99.s0.i5 -1 -1.15923608327
DS.d99.s0.i6 -1 -1.28277416752
DS.d122.s0.i0 -1 0.898526722473
DS.d122.s0.i1 -1 -0.381005745418
DS.d122.s1.i0 -1 -1.50720018969
DS.d122.s1.i1 -1 -0.659922750196
DS.d122.s1.i2 -1 -0.378427604387
DS.d122.s1.i3 -1 -1.05129728619
DS.d122.s2.i0 -1 1.11976889474
DS.d122.s3.i0 -1 -0.712380405925
DS.d122.s3.i1 -1 -0.677892537214
DS.d122.s3.i2 -1 -0.658760274066
DS.d163.s0.i0 1.0 1.44939677708
DS.d163.s0.i1 1.0 1.79229799412
DS.d172.s0.i0 -1 -0.137893138049
DS.d179.s0.i0 -1 0.59334720093
DS.d179.s1.i0 -1 0.361010897682
DS.d179.s1.i1 -1 0.241603008285
DS.d182.s0.i0 -1 0.897204057129
DS.d192.s0.i0 -1 0.149699485245
DS.d195.s0.i0 1.0 1.58282628588
DS.d195.s0.i1 -1 0.035828274189
DS.d208.s0.i0 1.0 1.78366279266
DS.d210.s0.i0 1.0 0.979050646868
DS.d210.s0.i1 1.0 1.11023340976
DS.d210.s1.i0 1.0 0.570489841023
DS.d210.s2.i0 1.0 0.465972090035
DS.d251.s0.i0 -1 0.881532863245
DS.d251.s0.i1 -1 1.01479743731
DS.d254.s0.i0 -1 -0.957724568367
DS.d258.s0.i0 1.0 1.06797732002
DS.d259.s0.i0 1.0 0.969865907908
DS.d259.s1.i0 1.0 0.570039232545
DS.d259.s1.i1 1.0 0.697593692522
DS.d259.s1.i2 1.0 0.451531033144
DS.d259.s1.i3 1.0 0.613166285539
DS.d261.s0.i0 1.0 0.845392118667
DS.d261.s0.i1 1.0 1.01988568546
DS.d261.s0.i2 1.0 0.620205854287
DS.d267.s0.i0 -1 1.26942571914
DS.d267.s1.i0 1.0 0.751480167587
DS.d267.s1.i1 1.0 0.621979410051
DS.d267.s1.i2 1.0 0.854389813098
DS.d267.s1.i3 1.0 0.595468905605
DS.d274.s0.i0 1.0 -0.0276634017402
DS.d274.s1.i0 -1 0.0472294948173
DS.d275.s0.i0 1.0 0.692265878038
DS.d285.s0.i0 1.0 -0.0781347292057
DS.d285.s1.i0 -1 0.0380367723605
DS.d285.s1.i1 -1 -0.578602221215
DS.d285.s1.i2 -1 -0.0340663735531
DS.d285.s1.i3 -1 -0.391310955395
DS.d288.s0.i0 1.0 1.56715460815
DS.d294.s0.i0 1.0 0.183765771197
DS.d298.s0.i0 1.0 0.3113038561
DS.d322.s0.i0 -1 1.27219387533
DS.d322.s0.i1 -1 1.24498728882
DS.d326.s0.i0 1.0 -0.297880427461
DS.d326.s1.i0 1.0 1.70469628589
DS.d326.s1.i1 1.0 0.958037114472
DS.d328.s0.i0 1.0 0.648722476744
DS.d331.s0.i0 1.0 0.944568888519
DS.d331.s0.i1 1.0 0.686673554518
DS.d334.s0.i0 -1 -0.439692103882
DS.d343.s0.i0 -1 0.478144275085
DS.d363.s0.i0 -1 0.876011337252
DS.d363.s0.i1 -1 0.678541473698
DS.d383.s0.i0 -1 -0.500720006472
DS.d417.s0.i0 -1 -0.38080060001
DS.d422.s0.i0 1.0 0.0271203901167
DS.d422.s1.i0 1.0 0.422249626815
DS.d422.s1.i1 1.0 0.494307374917
DS.d435.s0.i0 1.0 0.153251460439
DS.d435.s0.i1 1.0 0.796022870238
DS.d435.s0.i2 1.0 0.284715783068
DS.d435.s0.i3 1.0 0.445610578405
DS.d435.s0.i4 1.0 0.491476311418
DS.d435.s0.i5 1.0 0.0508034067474
DS.d435.s0.i6 1.0 -0.0563029719353
DS.d435.s0.i7 1.0 -0.123826918821
DS.d435.s0.i8 1.0 0.382356127736
DS.d435.s0.i9 1.0 0.750157137225
DS.d435.s0.i10 1.0 0.0668992127292
DS.d435.s0.i11 1.0 0.393207099338
DS.d435.s0.i12 1.0 0.0210334797165
DS.d435.s0.i13 1.0 0.0475603995163
DS.d435.s0.i14 1.0 0.81718456516
DS.d435.s0.i15 1.0 -0.0779611858079
DS.d443.s0.i0 1.0 0.843991660362
DS.d443.s0.i1 1.0 1.20128846896
DS.d443.s0.i2 1.0 1.18075654174
DS.d444.s0.i0 1.0 0.335350443527
DS.d444.s0.i1 1.0 0.374280777835
DS.d444.s1.i0 1.0 0.656592989822
DS.d444.s1.i1 1.0 0.80255601968
DS.d453.s0.i0 -1 0.884848828534
DS.d454.s0.i0 1.0 2.08179421364
DS.d454.s1.i0 1.0 1.29272875266
DS.d466.s0.i0 -1 -0.46348094773
DS.d467.s0.i0 1.0 1.36946215413
DS.d471.s0.i0 1.0 0.515209881934
DS.d471.s0.i1 1.0 0.554511573832
DS.d471.s0.i2 1.0 0.57972904318
DS.d471.s0.i3 1.0 0.610761669985
DS.d471.s0.i4 1.0 0.554511573832
DS.d471.s0.i5 1.0 0.57972904318
DS.d493.s0.i0 1.0 -0.0511990955318
DS.d495.s0.i0 1.0 0.332806041104
DS.d495.s0.i1 1.0 -0.203260250912
DS.d508.s0.i0 1.0 1.47518878249
DS.d508.s0.i1 1.0 1.78737468705
DS.d508.s0.i2 1.0 1.7593509215
DS.d508.s0.i3 1.0 0.550579132692
DS.d508.s0.i4 1.0 1.74347207259
DS.d508.s0.i5 1.0 0.454851657295
DS.d508.s1.i0 -1 0.441579736997
DS.d508.s1.i1 -1 0.225057414259
DS.d511.s0.i0 -1 0.321263798998
DS.d511.s0.i1 1.0 0.926105574659
DS.d511.s0.i2 1.0 1.11676067728
DS.d516.s0.i0 1.0 1.04039206758
DS.d516.s0.i1 -1 1.25136950583
DS.d516.s1.i0 1.0 0.981070797176
DS.d569.s0.i0 1.0 0.0948261308789
DS.d569.s0.i1 1.0 0.365644761722
DS.d574.s0.i0 1.0 0.814254187185
DS.d584.s0.i0 -1 0.00348451740963
DS.d584.s0.i1 -1 0.72987556877
DS.d586.s0.i0 -1 -0.0694058865343
DS.d586.s0.i1 -1 0.198863330372
DS.d587.s0.i0 1.0 0.938291879299
DS.d592.s0.i0 1.0 -0.0327794790445
DS.d598.s0.i0 1.0 1.26925945636
DS.d623.s0.i0 1.0 0.573319944757
DS.d643.s0.i0 1.0 1.29528195625
DS.d643.s1.i0 1.0 1.00407643243
DS.d643.s2.i0 1.0 0.973521736786
DS.d643.s3.i0 1.0 1.39372793959
DS.d645.s0.i0 -1 -0.483941418608
DS.d664.s0.i0 1.0 1.11635832747
DS.d664.s1.i0 1.0 0.692397833579
DS.d668.s0.i0 1.0 0.9548069845
DS.d669.s0.i0 -1 -0.277315873543
DS.d669.s1.i0 1.0 0.437673649995
DS.d670.s0.i0 -1 -0.426327245957
DS.d670.s0.i1 -1 -0.390543327568
DS.d676.s0.i0 1.0 0.0370891067505
DS.d676.s1.i0 1.0 0.0908462777864
DS.d676.s2.i0 1.0 1.33300962523
DS.d676.s3.i0 1.0 1.0957917859
DS.d676.s4.i0 1.0 1.74004281305
DS.d701.s0.i0 1.0 0.612970588361
DS.d704.s0.i0 -1 -1.3074234037
DS.d704.s0.i1 -1 -0.826315862099
DS.d704.s0.i2 -1 -1.27231666369
DS.d717.s0.i0 1.0 -0.795180131491
DS.d717.s0.i1 1.0 -0.200006833996
DS.d718.s0.i0 -1 -0.375230843855
DS.d718.s0.i1 -1 -0.86464496199
DS.d725.s0.i0 -1 -0.53062515962
DS.d725.s0.i1 -1 -0.368716233561
DS.d730.s0.i0 1.0 -0.114303021581
DS.d730.s0.i1 1.0 -0.329422886499
DS.d751.s0.i0 1.0 0.677085647758
DS.d751.s0.i1 1.0 0.557276460685
DS.d751.s0.i2 1.0 0.68378892594
DS.d751.s0.i3 1.0 0.702424050966
DS.d751.s0.i4 1.0 0.14955669807
DS.d751.s0.i5 1.0 0.43793846237
DS.d751.s0.i6 1.0 0.433333299971
DS.d751.s0.i7 1.0 0.275371121839
DS.d754.s0.i0 1.0 1.02674431776
DS.d754.s1.i0 1.0 0.236320801785
DS.d780.s0.i0 1.0 0.578235140846
DS.d809.s0.i0 1.0 0.449397142591
DS.d844.s0.i0 -1 0.0499116400829
DS.d844.s0.i1 -1 -0.210035092895
DS.d855.s0.i0 1.0 0.63722166761
DS.d855.s1.i0 1.0 0.236205519158
DS.d902.s0.i0 -1 1.09315252103
DS.d902.s0.i1 -1 0.0558685938665
DS.d902.s0.i2 -1 -0.169365659047
DS.d902.s0.i3 -1 0.645086034688
DS.d910.s0.i0 1.0 -0.421928954409
DS.d910.s0.i1 1.0 -0.275555140398
DS.d912.s0.i0 1.0 1.35520787174
DS.d918.s0.i0 1.0 0.427999548892
DS.d918.s0.i1 1.0 -0.414688776429
DS.d918.s1.i0 1.0 0.800874219307
DS.d927.s0.i0 1.0 1.2210932418
DS.d927.s1.i0 1.0 0.476208300778
DS.d929.s0.i0 -1 0.965200244929
DS.d929.s0.i1 -1 1.07157909624
DS.d929.s0.i2 -1 1.290589103
DS.d929.s0.i3 -1 1.30716619997
DS.d929.s0.i4 -1 1.29288374464
DS.d929.s0.i5 -1 0.774318725728
DS.d929.s0.i6 -1 0.74563185394
DS.d929.s0.i7 -1 1.56449316373
DS.d929.s0.i8 -1 1.2014965703
DS.d930.s0.i0 1.0 2.05753374481
DS.d937.s0.i0 1.0 1.11697856195
DS.d937.s0.i1 1.0 1.11697856195
DS.d941.s0.i0 1.0 0.959378315495
DS.d941.s1.i0 1.0 0.705652429045
DS.d941.s1.i1 1.0 -0.156239871514
DS.d941.s1.i2 1.0 0.721566186301
DS.d941.s2.i0 1.0 -0.132680007468
DS.d941.s2.i1 1.0 -0.138561731116
DS.d941.s3.i0 1.0 0.402635924657
DS.d943.s0.i0 1.0 0.64058118292
DS.d943.s0.i1 1.0 0.831098397593
DS.d943.s0.i2 1.0 0.963644199077
DS.d943.s0.i3 1.0 0.588569574347
DS.d945.s0.i0 -1 -1.00313643939
DS.d945.s0.i1 -1 -0.205910323296
DS.d961.s0.i0 -1 -0.214661342118
DS.d961.s0.i1 -1 -0.477378685518
DS.d974.s0.i0 1.0 0.706668627781
DS.d974.s1.i0 1.0 0.349854160162
DS.d974.s2.i0 1.0 0.000492274627776
DS.d974.s2.i1 1.0 0.0432401557317
DS.d975.s0.i0 1.0 1.65859991918
DS.d975.s0.i1 1.0 0.881751567459
DS.d975.s0.i2 1.0 1.10979422069
DS.d975.s0.i3 1.0 0.396609783962
DS.d977.s0.i0 -1 -1.28652853838
DS.d977.s0.i1 -1 -0.990504785696
DS.d999.s0.i0 1.0 0.955704511751
DS.d999.s1.i0 1.0 1.24778764103
DS.d999.s1.i1 1.0 0.790573127345
DS.d999.s2.i0 1.0 1.36289327637
DS.d1002.s0.i0 -1 0.177841310993
DS.d1002.s0.i1 -1 -0.211626561155
DS.d1017.s0.i0 1.0 1.43177174158
DS.d1023.s0.i0 1.0 0.226805313744
DS.d1029.s0.i0 -1 -0.816866855289
DS.d1029.s0.i1 -1 -0.391702486487
DS.d1029.s0.i2 -1 -0.988310359643
DS.d1029.s0.i3 -1 -0.188103341524
DS.d1029.s0.i4 -1 -0.7362019298
DS.d1029.s0.i5 -1 -0.153708362197
DS.d1034.s0.i0 1.0 1.0044364308
DS.d1034.s0.i1 1.0 0.769073464126
DS.d1034.s1.i0 -1 -0.588364302738
DS.d1043.s0.i0 -1 -1.3764302819
DS.d1045.s0.i0 1.0 1.01598739248
DS.d1045.s0.i1 1.0 0.461363574158
DS.d1062.s0.i0 -1 0.268797064169
