DS3.d1172.s0.i0 -1.000000 -0.590638
DS3.d1172.s0.i1 -1.000000 -0.200133
DS3.d586.s0.i0 1.000000 1.086191
DS3.d835.s0.i0 1.000000 -0.070383
DS3.d834.s0.i3 -1.000000 -0.508802
DS3.d834.s0.i2 -1.000000 -0.508817
DS3.d834.s0.i1 -1.000000 -0.557473
DS3.d834.s0.i0 -1.000000 -0.567834
DS3.d583.s0.i0 1.000000 0.417585
DS3.d1844.s2.i0 1.000000 0.619339
DS3.d1844.s0.i0 -1.000000 0.739070
DS3.d1844.s1.i0 1.000000 0.425478
DS3.d933.s0.i1 -1.000000 0.321111
DS3.d933.s0.i0 -1.000000 0.364841
DS3.d1708.s0.i0 -1.000000 0.274243
DS3.d1664.s2.i0 -1.000000 -0.155070
DS3.d1664.s3.i0 -1.000000 0.589106
DS3.d1664.s0.i0 -1.000000 -0.621567
DS3.d1664.s0.i1 -1.000000 -0.631455
DS3.d1664.s1.i0 -1.000000 -0.002636
DS3.d1559.s1.i0 -1.000000 -0.118262
DS3.d1559.s0.i0 -1.000000 0.050023
DS3.d742.s0.i1 1.000000 1.005087
DS3.d742.s0.i0 1.000000 1.204729
DS3.d832.s1.i0 1.000000 -0.207862
DS3.d832.s0.i0 1.000000 0.519140
DS3.d239.s2.i2 1.000000 0.446753
DS3.d239.s2.i0 1.000000 0.460315
DS3.d239.s2.i1 1.000000 0.493424
DS3.d239.s0.i0 1.000000 0.803172
DS3.d239.s0.i1 1.000000 1.034115
DS3.d239.s1.i0 1.000000 0.660693
DS3.d1177.s0.i3 1.000000 -0.213830
DS3.d1177.s0.i2 1.000000 -0.053055
DS3.d1177.s0.i1 1.000000 -0.147686
DS3.d1177.s0.i0 1.000000 -0.347181
DS3.d1174.s0.i0 -1.000000 0.364513
DS3.d137.s1.i0 -1.000000 0.357168
DS3.d137.s0.i0 -1.000000 0.519831
DS3.d466.s0.i0 1.000000 0.650859
DS3.d460.s0.i0 -1.000000 0.534290
DS3.d460.s1.i0 1.000000 0.963654
DS3.d425.s0.i1 -1.000000 -0.437666
DS3.d425.s0.i0 -1.000000 -0.442900
DS3.d944.s0.i3 1.000000 0.460434
DS3.d944.s0.i2 1.000000 0.598365
DS3.d944.s0.i1 1.000000 0.735813
DS3.d944.s0.i0 1.000000 0.747459
DS3.d944.s0.i7 1.000000 0.523557
DS3.d944.s0.i6 1.000000 0.640530
DS3.d944.s0.i5 1.000000 0.344246
DS3.d944.s0.i4 1.000000 0.498199
DS3.d1077.s0.i0 -1.000000 0.823211
DS3.d1303.s2.i0 1.000000 0.387913
DS3.d1303.s3.i1 1.000000 -0.053470
DS3.d1303.s3.i0 1.000000 0.067422
DS3.d1303.s3.i2 1.000000 0.963263
DS3.d1303.s0.i0 1.000000 0.831862
DS3.d1303.s0.i1 1.000000 0.715050
DS3.d1303.s0.i2 1.000000 0.689877
DS3.d1303.s0.i3 1.000000 0.659226
DS3.d1303.s1.i0 1.000000 0.951264
DS3.d1179.s0.i1 1.000000 0.646515
DS3.d1179.s0.i0 1.000000 0.829566
DS3.d1179.s0.i2 1.000000 0.660306
DS3.d1305.s0.i0 1.000000 0.679345
DS3.d1305.s1.i1 1.000000 0.113399
DS3.d1305.s1.i0 1.000000 0.190680
DS3.d1141.s0.i0 -1.000000 -0.238817
DS3.d1141.s0.i1 1.000000 0.024263
DS3.d843.s1.i0 -1.000000 0.243202
DS3.d843.s0.i1 1.000000 0.868785
DS3.d843.s0.i0 -1.000000 0.453468
DS3.d843.s0.i3 1.000000 0.675904
DS3.d843.s0.i2 -1.000000 0.711247
DS3.d923.s0.i0 1.000000 0.692027
DS3.d23.s0.i12 -1.000000 -0.370669
DS3.d23.s0.i13 -1.000000 -0.352792
DS3.d23.s0.i10 -1.000000 -0.433068
DS3.d23.s0.i11 -1.000000 -0.309498
DS3.d23.s0.i8 -1.000000 -0.401007
DS3.d23.s0.i9 -1.000000 -0.346219
DS3.d23.s0.i4 -1.000000 -0.311469
DS3.d23.s0.i5 -1.000000 -0.385965
DS3.d23.s0.i6 -1.000000 -0.266549
DS3.d23.s0.i7 -1.000000 -0.282203
DS3.d23.s0.i0 -1.000000 -0.329227
DS3.d23.s0.i1 -1.000000 -0.379966
DS3.d23.s0.i2 -1.000000 -0.338460
DS3.d23.s0.i3 -1.000000 -0.250821
DS3.d1015.s0.i0 -1.000000 0.345955
DS3.d1015.s0.i1 -1.000000 0.345955
DS3.d849.s1.i0 1.000000 -0.006490
DS3.d849.s0.i0 -1.000000 0.441101
DS3.d1017.s0.i0 -1.000000 -1.248428
DS3.d1017.s0.i1 -1.000000 -1.159769
DS3.d1017.s0.i2 -1.000000 -1.177736
DS3.d1017.s0.i3 -1.000000 -1.375071
DS3.d1719.s1.i0 1.000000 1.058993
DS3.d1719.s0.i0 1.000000 0.577104
DS3.d771.s0.i0 1.000000 0.630867
DS3.d1383.s0.i0 1.000000 0.313210
DS3.d1544.s1.i0 1.000000 0.291095
DS3.d1544.s0.i0 1.000000 -0.010586
DS3.d1042.s0.i2 -1.000000 -0.289563
DS3.d1042.s0.i0 -1.000000 -0.219704
DS3.d1042.s0.i1 1.000000 0.208353
DS3.d1042.s1.i1 1.000000 0.080218
DS3.d1042.s1.i0 1.000000 -0.098391
DS3.d1042.s1.i3 1.000000 0.081494
DS3.d1042.s1.i2 1.000000 0.055006
DS3.d1463.s1.i0 1.000000 0.374069
DS3.d1463.s1.i1 1.000000 0.329027
DS3.d1463.s0.i0 1.000000 0.307365
DS3.d574.s0.i2 -1.000000 -0.220811
DS3.d574.s0.i3 -1.000000 -0.169850
DS3.d574.s0.i0 -1.000000 -0.377448
DS3.d574.s0.i1 -1.000000 -0.398789
DS3.d1466.s0.i0 1.000000 0.400703
DS3.d740.s0.i1 1.000000 0.489744
DS3.d740.s0.i0 1.000000 0.701148
DS3.d1278.s0.i0 1.000000 0.817511
DS3.d1065.s2.i0 -1.000000 0.653393
DS3.d1065.s1.i0 -1.000000 0.272616
DS3.d1065.s0.i1 1.000000 0.693709
DS3.d1065.s0.i0 -1.000000 0.462905
DS3.d1066.s0.i0 1.000000 0.753481
DS3.d1066.s0.i1 1.000000 0.753481
DS3.d1063.s0.i1 1.000000 0.087037
DS3.d1063.s0.i0 1.000000 0.025458
DS3.d1486.s0.i0 1.000000 -0.218482
DS3.d1866.s2.i0 1.000000 0.516226
DS3.d1866.s2.i1 1.000000 0.516226
DS3.d1866.s0.i0 1.000000 0.308435
DS3.d1866.s0.i1 1.000000 0.254371
DS3.d1866.s0.i2 1.000000 0.193209
DS3.d1866.s0.i3 1.000000 0.316093
DS3.d1866.s1.i3 1.000000 0.407414
DS3.d1866.s1.i2 1.000000 0.472958
DS3.d1866.s1.i1 1.000000 0.338595
DS3.d1866.s1.i0 1.000000 0.418969
DS3.d641.s0.i1 1.000000 1.532077
DS3.d641.s0.i0 1.000000 1.132887
DS3.d644.s0.i0 -1.000000 0.202478
DS3.d850.s1.i0 -1.000000 0.071365
DS3.d850.s0.i0 -1.000000 0.522142
DS3.d486.s0.i18 -1.000000 -0.437264
DS3.d486.s0.i19 -1.000000 -0.545864
DS3.d486.s0.i16 -1.000000 -0.571824
DS3.d486.s0.i17 -1.000000 -0.447851
DS3.d486.s0.i14 -1.000000 -0.534973
DS3.d486.s0.i15 -1.000000 -0.616820
DS3.d486.s0.i12 -1.000000 -0.469588
DS3.d486.s0.i13 -1.000000 -0.344168
DS3.d486.s0.i10 -1.000000 -0.589688
DS3.d486.s0.i11 -1.000000 -0.591378
DS3.d486.s0.i34 -1.000000 -0.627924
DS3.d486.s0.i35 -1.000000 -0.492334
DS3.d486.s0.i30 -1.000000 -0.607378
DS3.d486.s0.i31 -1.000000 -0.609340
DS3.d486.s0.i32 -1.000000 -0.624004
DS3.d486.s0.i33 -1.000000 -0.502368
DS3.d486.s0.i4 -1.000000 -0.567528
DS3.d486.s0.i5 -1.000000 -0.625871
DS3.d486.s0.i6 -1.000000 -0.546458
DS3.d486.s0.i7 -1.000000 -0.665327
DS3.d486.s0.i0 -1.000000 -0.388813
DS3.d486.s0.i1 -1.000000 -0.499072
DS3.d486.s0.i2 -1.000000 -0.556836
DS3.d486.s0.i3 -1.000000 -0.578746
DS3.d486.s0.i8 -1.000000 -0.669559
DS3.d486.s0.i9 -1.000000 -0.587004
DS3.d486.s0.i27 -1.000000 -0.381413
DS3.d486.s0.i26 -1.000000 -0.424955
DS3.d486.s0.i25 -1.000000 -0.436481
DS3.d486.s0.i24 -1.000000 -0.549688
DS3.d486.s0.i23 -1.000000 -0.474556
DS3.d486.s0.i22 -1.000000 -0.644414
DS3.d486.s0.i21 -1.000000 -0.528214
DS3.d486.s0.i20 -1.000000 -0.540197
DS3.d486.s0.i29 -1.000000 -0.512838
DS3.d486.s0.i28 -1.000000 -0.623768
DS3.d486.s1.i1 1.000000 0.195344
DS3.d486.s1.i0 1.000000 0.113964
DS3.d487.s0.i1 1.000000 0.322458
DS3.d487.s0.i0 1.000000 0.360605
DS3.d487.s0.i2 -1.000000 0.423148
DS3.d629.s1.i0 1.000000 0.170866
DS3.d629.s1.i1 1.000000 0.242589
DS3.d629.s0.i1 1.000000 0.166446
DS3.d629.s0.i0 1.000000 -0.015849
DS3.d1309.s0.i0 1.000000 0.659458
DS3.d85.s0.i0 1.000000 0.522668
DS3.d1555.s0.i1 -1.000000 -0.495398
DS3.d1555.s0.i0 -1.000000 -0.471055
DS3.d115.s0.i1 1.000000 0.309853
DS3.d115.s0.i0 -1.000000 -0.427384
DS3.d6.s0.i0 1.000000 0.456349
DS3.d560.s0.i1 1.000000 0.939580
DS3.d560.s0.i0 1.000000 0.997066
DS3.d560.s0.i3 1.000000 0.872778
DS3.d560.s0.i2 1.000000 0.932547
DS3.d567.s0.i0 1.000000 0.317307
DS3.d567.s0.i1 1.000000 0.928305
DS3.d567.s1.i1 -1.000000 0.037429
DS3.d567.s1.i0 1.000000 0.243610
DS3.d567.s1.i2 1.000000 0.177023
DS3.d1410.s0.i18 -1.000000 -0.660450
DS3.d1410.s0.i15 -1.000000 -0.861587
DS3.d1410.s0.i14 -1.000000 -0.757399
DS3.d1410.s0.i19 -1.000000 -0.807202
DS3.d1410.s0.i13 -1.000000 -0.654372
DS3.d1410.s0.i12 -1.000000 -0.660450
DS3.d1410.s0.i11 -1.000000 -0.820068
DS3.d1410.s0.i10 -1.000000 -0.615981
DS3.d1410.s0.i17 -1.000000 -0.693547
DS3.d1410.s0.i16 -1.000000 -0.785857
DS3.d1410.s0.i9 -1.000000 -0.696206
DS3.d1410.s0.i8 -1.000000 -0.877022
DS3.d1410.s0.i7 -1.000000 -0.722204
DS3.d1410.s0.i6 -1.000000 -0.789823
DS3.d1410.s0.i5 -1.000000 -0.820068
DS3.d1410.s0.i4 -1.000000 -0.789823
DS3.d1410.s0.i3 -1.000000 -0.693547
DS3.d1410.s0.i2 -1.000000 -0.843499
DS3.d1410.s0.i1 -1.000000 -0.823986
DS3.d1410.s0.i0 -1.000000 -0.818041
DS3.d1264.s0.i0 1.000000 0.335575
DS3.d1264.s0.i1 1.000000 0.314597
DS3.d1264.s0.i2 -1.000000 0.422659
DS3.d1264.s0.i3 1.000000 0.277611
DS3.d195.s0.i0 -1.000000 0.188679
DS3.d824.s0.i0 1.000000 -0.124111
DS3.d824.s0.i1 1.000000 -0.104186
DS3.d190.s0.i0 1.000000 0.722590
DS3.d825.s1.i2 -1.000000 -0.046131
DS3.d825.s1.i3 -1.000000 -0.186861
DS3.d825.s1.i0 -1.000000 -0.046131
DS3.d825.s1.i1 -1.000000 0.309675
DS3.d825.s1.i4 -1.000000 0.337326
DS3.d825.s1.i5 -1.000000 0.337326
DS3.d825.s0.i5 1.000000 -0.100954
DS3.d825.s0.i4 1.000000 0.248265
DS3.d825.s0.i7 1.000000 0.297159
DS3.d825.s0.i6 1.000000 0.275922
DS3.d825.s0.i1 1.000000 -0.061229
DS3.d825.s0.i0 1.000000 0.253983
DS3.d825.s0.i3 1.000000 0.245233
DS3.d825.s0.i2 1.000000 0.191420
DS3.d825.s2.i1 -1.000000 -0.162348
DS3.d825.s2.i0 -1.000000 -0.162348
DS3.d1322.s2.i0 1.000000 0.455020
DS3.d1322.s1.i0 1.000000 -0.322660
DS3.d1322.s0.i0 -1.000000 -0.263743
DS3.d907.s0.i0 1.000000 0.227301
DS3.d907.s0.i1 1.000000 0.291460
DS3.d907.s0.i2 1.000000 0.258850
DS3.d1038.s0.i0 1.000000 0.465642
DS3.d716.s0.i0 1.000000 0.721082
DS3.d716.s0.i1 -1.000000 0.033944
DS3.d716.s0.i2 1.000000 0.704594
DS3.d716.s0.i3 1.000000 0.735182
DS3.d1638.s0.i6 -1.000000 -0.505990
DS3.d1638.s0.i5 -1.000000 -0.529829
DS3.d1638.s0.i4 -1.000000 -0.557158
DS3.d1638.s0.i3 -1.000000 -0.309145
DS3.d1638.s0.i2 -1.000000 -0.634389
DS3.d1638.s0.i1 -1.000000 -0.525673
DS3.d1638.s0.i0 -1.000000 -0.220134
DS3.d712.s2.i0 -1.000000 0.704157
DS3.d712.s2.i1 -1.000000 0.544321
DS3.d712.s0.i0 1.000000 0.578847
DS3.d712.s0.i1 1.000000 0.689862
DS3.d712.s0.i2 1.000000 0.579279
DS3.d712.s0.i3 1.000000 0.713122
DS3.d712.s1.i0 1.000000 1.031510
DS3.d490.s0.i1 1.000000 0.449438
DS3.d490.s0.i0 1.000000 0.449438
DS3.d390.s0.i2 -1.000000 -0.379389
DS3.d390.s0.i3 -1.000000 -0.404033
DS3.d390.s0.i0 -1.000000 -0.403540
DS3.d390.s0.i1 -1.000000 -0.355401
DS3.d390.s0.i4 -1.000000 -0.394619
DS3.d390.s0.i5 -1.000000 -0.307603
DS3.d58.s0.i0 -1.000000 0.547883
DS3.d58.s1.i1 1.000000 -0.008598
DS3.d58.s1.i0 1.000000 -0.175415
DS3.d58.s2.i0 1.000000 0.867257
DS3.d58.s3.i0 1.000000 0.538819
DS3.d1814.s0.i1 1.000000 0.170356
DS3.d1814.s0.i0 1.000000 0.170356
DS3.d107.s0.i0 -1.000000 -0.816348
DS3.d107.s0.i1 -1.000000 -0.785100
DS3.d107.s0.i2 -1.000000 -0.422176
DS3.d413.s0.i2 1.000000 0.563550
DS3.d413.s0.i3 1.000000 0.537946
DS3.d413.s0.i0 -1.000000 0.608047
DS3.d413.s0.i1 -1.000000 0.810377
DS3.d411.s0.i0 1.000000 0.841790
DS3.d793.s1.i0 1.000000 0.357637
DS3.d793.s1.i1 1.000000 0.294934
DS3.d793.s0.i1 1.000000 0.407412
DS3.d793.s0.i0 1.000000 0.448091
DS3.d1406.s0.i0 1.000000 0.199608
DS3.d1406.s1.i0 1.000000 0.384952
DS3.d1406.s2.i0 1.000000 0.748096
DS3.d1404.s0.i0 1.000000 0.163942
DS3.d1892.s0.i0 -1.000000 0.224575
DS3.d552.s0.i2 1.000000 0.410293
DS3.d552.s0.i3 1.000000 0.331947
DS3.d552.s0.i0 1.000000 0.347968
DS3.d552.s0.i1 1.000000 0.375222
DS3.d799.s0.i3 1.000000 0.428593
DS3.d799.s0.i2 1.000000 0.431076
DS3.d799.s0.i1 1.000000 0.460559
DS3.d799.s0.i0 1.000000 0.428593
DS3.d994.s0.i0 1.000000 0.059124
DS3.d1250.s0.i1 -1.000000 0.060621
DS3.d1250.s0.i0 -1.000000 0.198219
DS3.d1250.s0.i3 -1.000000 0.012180
DS3.d1250.s0.i2 -1.000000 -0.003157
DS3.d1257.s0.i0 1.000000 0.682260
DS3.d991.s0.i0 -1.000000 -0.325956
DS3.d1155.s2.i1 -1.000000 0.037360
DS3.d1155.s2.i0 -1.000000 -0.119350
DS3.d1155.s2.i2 -1.000000 -0.180642
DS3.d1155.s1.i0 -1.000000 0.009694
DS3.d1155.s1.i1 -1.000000 -0.001353
DS3.d1155.s0.i3 1.000000 -0.063623
DS3.d1155.s0.i2 1.000000 -0.040621
DS3.d1155.s0.i1 -1.000000 -0.222368
DS3.d1155.s0.i0 -1.000000 -0.328040
DS3.d1230.s0.i3 -1.000000 -0.513263
DS3.d1230.s0.i2 -1.000000 -0.582362
DS3.d1230.s0.i1 -1.000000 -0.517260
DS3.d1230.s0.i0 -1.000000 -0.586896
DS3.d1230.s0.i7 -1.000000 -0.566437
DS3.d1230.s0.i6 -1.000000 -0.527538
DS3.d1230.s0.i5 -1.000000 -0.542111
DS3.d1230.s0.i4 -1.000000 -0.553303
DS3.d1233.s0.i0 -1.000000 0.729128
DS3.d1232.s0.i0 -1.000000 0.530852
DS3.d971.s1.i0 -1.000000 -0.229119
DS3.d971.s0.i0 -1.000000 -0.038212
DS3.d1746.s0.i0 1.000000 0.625468
DS3.d382.s0.i0 1.000000 0.560000
DS3.d622.s0.i0 1.000000 0.604667
DS3.d622.s1.i0 1.000000 1.072935
DS3.d1485.s0.i0 -1.000000 -0.543373
DS3.d624.s4.i2 1.000000 0.817262
DS3.d624.s4.i0 1.000000 0.430695
DS3.d624.s4.i1 1.000000 0.691536
DS3.d624.s0.i2 1.000000 1.009368
DS3.d624.s0.i3 1.000000 0.840279
DS3.d624.s0.i0 1.000000 0.872501
DS3.d624.s0.i1 1.000000 0.824022
DS3.d624.s1.i1 1.000000 0.607701
DS3.d624.s1.i0 1.000000 0.413164
DS3.d624.s1.i3 1.000000 0.446846
DS3.d624.s1.i2 -1.000000 0.480491
DS3.d624.s1.i5 1.000000 0.579191
DS3.d624.s1.i4 -1.000000 0.343647
DS3.d624.s1.i7 -1.000000 0.447896
DS3.d624.s1.i6 -1.000000 0.360745
DS3.d624.s2.i0 1.000000 0.910351
DS3.d624.s2.i1 1.000000 0.893867
DS3.d624.s2.i2 1.000000 0.985274
DS3.d624.s3.i3 1.000000 0.666867
DS3.d624.s3.i2 -1.000000 0.419182
DS3.d624.s3.i1 1.000000 0.423848
DS3.d624.s3.i0 1.000000 0.524083
DS3.d1807.s0.i1 -1.000000 -0.397491
DS3.d1807.s0.i0 -1.000000 -0.383803
DS3.d175.s1.i0 1.000000 0.761478
DS3.d175.s0.i1 1.000000 0.468765
DS3.d175.s0.i0 1.000000 0.510260
DS3.d420.s0.i0 1.000000 0.748557
DS3.d420.s1.i0 1.000000 0.267936
DS3.d388.s0.i1 -1.000000 -0.070633
DS3.d388.s0.i0 -1.000000 -0.070685
DS3.d171.s1.i0 1.000000 0.670406
DS3.d171.s0.i0 1.000000 0.181775
DS3.d173.s0.i0 1.000000 0.585682
DS3.d309.s2.i0 1.000000 0.258929
DS3.d309.s2.i1 1.000000 0.274044
DS3.d309.s0.i0 1.000000 0.645308
DS3.d309.s1.i2 -1.000000 0.075837
DS3.d309.s1.i1 -1.000000 0.073752
DS3.d309.s1.i0 -1.000000 0.061050
DS3.d1889.s0.i0 1.000000 1.021763
DS3.d783.s0.i0 -1.000000 0.231438
DS3.d1211.s0.i0 -1.000000 0.235732
DS3.d1211.s1.i0 -1.000000 -0.007405
DS3.d1434.s1.i0 1.000000 0.646487
DS3.d1434.s0.i0 1.000000 0.937896
DS3.d981.s0.i0 1.000000 0.670914
DS3.d548.s0.i1 -1.000000 -0.135389
DS3.d548.s0.i0 -1.000000 -0.340550
DS3.d983.s0.i0 -1.000000 0.185453
DS3.d983.s1.i1 -1.000000 -0.361074
DS3.d983.s1.i0 -1.000000 -0.074633
DS3.d41.s0.i0 1.000000 0.334415
DS3.d41.s0.i1 1.000000 0.311394
DS3.d1244.s0.i0 -1.000000 0.488446
DS3.d1245.s0.i1 -1.000000 -0.101861
DS3.d1245.s0.i0 -1.000000 -0.065594
DS3.d1530.s0.i0 1.000000 0.315007
DS3.d1247.s0.i0 -1.000000 0.219224
DS3.d1129.s0.i0 1.000000 0.914609
DS3.d1129.s1.i1 1.000000 0.489449
DS3.d1129.s1.i0 1.000000 0.242698
DS3.d1129.s2.i0 1.000000 0.370076
DS3.d1128.s0.i0 1.000000 0.430887
DS3.d863.s2.i0 1.000000 0.092158
DS3.d863.s1.i0 -1.000000 -0.107078
DS3.d863.s1.i1 -1.000000 -0.062117
DS3.d863.s0.i0 -1.000000 -0.131423
DS3.d1736.s0.i0 1.000000 0.329417
DS3.d1736.s0.i1 1.000000 0.334348
DS3.d1736.s1.i0 1.000000 -0.426569
DS3.d1055.s0.i0 -1.000000 -0.258799
DS3.d1221.s0.i1 1.000000 0.849987
DS3.d1221.s0.i0 1.000000 0.861120
DS3.d1594.s0.i0 1.000000 0.429038
DS3.d737.s1.i0 -1.000000 -0.040871
DS3.d737.s1.i1 1.000000 0.314228
DS3.d737.s0.i2 -1.000000 0.401089
DS3.d737.s0.i1 -1.000000 0.507189
DS3.d737.s0.i0 -1.000000 0.320053
DS3.d1224.s0.i0 1.000000 0.875510
DS3.d1224.s0.i1 1.000000 1.100375
DS3.d690.s6.i0 -1.000000 0.544933
DS3.d690.s5.i0 1.000000 0.777089
DS3.d690.s5.i1 1.000000 0.521759
DS3.d690.s5.i2 1.000000 0.786329
DS3.d690.s5.i3 1.000000 0.763046
DS3.d690.s4.i0 -1.000000 -0.853038
DS3.d690.s3.i0 1.000000 1.067523
DS3.d690.s2.i0 1.000000 0.391954
DS3.d690.s1.i0 1.000000 1.048990
DS3.d690.s0.i0 1.000000 0.272892
DS3.d1599.s1.i0 1.000000 0.817799
DS3.d1599.s0.i0 1.000000 0.623226
DS3.d1750.s0.i0 -1.000000 0.002575
DS3.d1750.s0.i1 -1.000000 -0.088018
DS3.d804.s0.i0 -1.000000 0.319819
DS3.d458.s1.i0 1.000000 0.613388
DS3.d458.s0.i0 1.000000 0.805271
DS3.d458.s3.i0 1.000000 0.586857
DS3.d458.s2.i0 -1.000000 0.175148
DS3.d458.s4.i0 1.000000 0.185516
DS3.d637.s0.i0 1.000000 0.406547
DS3.d437.s0.i0 -1.000000 0.248046
DS3.d437.s0.i1 -1.000000 0.443864
DS3.d437.s0.i2 1.000000 0.900160
DS3.d163.s0.i2 1.000000 0.763175
DS3.d163.s0.i0 1.000000 0.708632
DS3.d163.s0.i1 1.000000 0.945142
DS3.d49.s2.i0 1.000000 0.774218
DS3.d49.s2.i1 1.000000 0.732390
DS3.d49.s0.i0 -1.000000 -0.011581
DS3.d49.s0.i1 -1.000000 -0.015625
DS3.d49.s0.i2 -1.000000 -0.041775
DS3.d49.s0.i3 -1.000000 -0.001766
DS3.d49.s1.i3 1.000000 -0.174814
DS3.d49.s1.i2 -1.000000 -0.223179
DS3.d49.s1.i1 1.000000 -0.161105
DS3.d49.s1.i0 1.000000 -0.102631
DS3.d1427.s0.i1 -1.000000 0.702986
DS3.d1427.s0.i0 -1.000000 1.070094
DS3.d1640.s0.i0 -1.000000 -0.154451
DS3.d531.s0.i4 1.000000 0.563539
DS3.d531.s0.i3 1.000000 0.551882
DS3.d531.s0.i2 1.000000 0.401598
DS3.d531.s0.i1 1.000000 0.548248
DS3.d531.s0.i0 1.000000 0.504910
DS3.d240.s0.i0 1.000000 0.829136
DS3.d1139.s0.i0 1.000000 0.259098
DS3.d1136.s0.i0 -1.000000 0.611483
DS3.d870.s0.i0 -1.000000 -0.030290
DS3.d725.s0.i0 1.000000 0.656288
DS3.d725.s1.i1 1.000000 1.074289
DS3.d725.s1.i0 1.000000 1.074289
DS3.d725.s1.i2 1.000000 0.848885
DS3.d724.s0.i2 1.000000 -0.061457
DS3.d724.s0.i1 1.000000 0.797180
DS3.d724.s0.i0 1.000000 0.643726
DS3.d1213.s0.i0 -1.000000 0.507926
DS3.d720.s3.i0 1.000000 0.752108
DS3.d720.s3.i1 1.000000 0.201413
DS3.d720.s2.i0 1.000000 0.656520
DS3.d720.s1.i0 -1.000000 -0.509243
DS3.d720.s1.i1 -1.000000 -0.509243
DS3.d720.s1.i2 1.000000 -0.130340
DS3.d720.s1.i3 1.000000 0.037437
DS3.d720.s0.i1 -1.000000 -0.250496
DS3.d720.s0.i0 1.000000 0.030753
DS3.d1769.s0.i0 1.000000 0.273716
DS3.d1820.s0.i0 1.000000 0.764215
DS3.d1197.s0.i0 -1.000000 0.319243
DS3.d1763.s0.i0 1.000000 0.832077
DS3.d1759.s0.i8 -1.000000 0.281361
DS3.d1759.s0.i5 -1.000000 0.078841
DS3.d1759.s0.i4 -1.000000 0.137821
DS3.d1759.s0.i7 -1.000000 0.257174
DS3.d1759.s0.i6 -1.000000 0.133805
DS3.d1759.s0.i1 -1.000000 0.193098
DS3.d1759.s0.i0 -1.000000 0.268290
DS3.d1759.s0.i3 -1.000000 0.231134
DS3.d1759.s0.i2 -1.000000 0.177840
DS3.d602.s0.i0 -1.000000 -0.082470
DS3.d157.s0.i0 1.000000 0.680668
DS3.d257.s2.i0 1.000000 0.503076
DS3.d257.s3.i0 1.000000 0.442666
DS3.d257.s0.i0 1.000000 0.741137
DS3.d257.s0.i1 -1.000000 0.707398
DS3.d257.s0.i2 -1.000000 0.709956
DS3.d257.s1.i0 1.000000 0.143079
DS3.d321.s0.i2 1.000000 0.344749
DS3.d321.s0.i3 1.000000 0.391286
DS3.d321.s0.i0 1.000000 0.153297
DS3.d321.s0.i1 1.000000 0.193602
DS3.d321.s0.i4 1.000000 0.312143
DS3.d326.s0.i1 -1.000000 0.455907
DS3.d326.s0.i0 1.000000 0.427351
DS3.d329.s0.i0 1.000000 0.079061
DS3.d1658.s0.i1 -1.000000 -0.729021
DS3.d1658.s0.i0 -1.000000 -0.932314
DS3.d680.s0.i0 1.000000 0.582870
DS3.d680.s0.i1 1.000000 0.489119
DS3.d680.s0.i2 1.000000 0.596614
DS3.d680.s1.i0 1.000000 0.440565
DS3.d1450.s0.i1 1.000000 0.378849
DS3.d1450.s0.i0 -1.000000 -0.068754
DS3.d1453.s0.i0 1.000000 0.871126
DS3.d1452.s4.i0 1.000000 0.475130
DS3.d1452.s1.i0 1.000000 0.393827
DS3.d1452.s1.i1 1.000000 0.282184
DS3.d1452.s0.i0 1.000000 0.483167
DS3.d1452.s3.i0 1.000000 0.444188
DS3.d1452.s2.i0 1.000000 -0.014243
DS3.d61.s0.i6 1.000000 0.634990
DS3.d61.s0.i7 1.000000 0.508240
DS3.d61.s0.i4 1.000000 0.664332
DS3.d61.s0.i5 1.000000 0.533723
DS3.d61.s0.i2 1.000000 0.785736
DS3.d61.s0.i3 1.000000 0.627614
DS3.d61.s0.i0 1.000000 0.548322
DS3.d61.s0.i1 1.000000 0.711027
DS3.d61.s0.i8 1.000000 0.579866
DS3.d1616.s1.i0 1.000000 0.205188
DS3.d1616.s0.i0 1.000000 0.971189
DS3.d598.s0.i0 1.000000 1.078817
DS3.d598.s0.i1 1.000000 1.078817
DS3.d599.s1.i0 -1.000000 0.165786
DS3.d599.s0.i0 1.000000 0.472914
DS3.d822.s0.i0 -1.000000 0.487042
DS3.d614.s0.i5 1.000000 0.271643
DS3.d614.s0.i4 -1.000000 0.382371
DS3.d614.s0.i3 1.000000 0.497244
DS3.d614.s0.i2 1.000000 0.580121
DS3.d614.s0.i1 1.000000 0.501632
DS3.d614.s0.i0 1.000000 0.416648
DS3.d1853.s0.i0 1.000000 0.328917
DS3.d1852.s0.i1 1.000000 0.378878
DS3.d1852.s0.i0 1.000000 0.294797
DS3.d1852.s0.i2 1.000000 0.562954
DS3.d518.s0.i0 1.000000 1.132636
DS3.d140.s0.i2 1.000000 0.464474
DS3.d140.s0.i1 1.000000 0.361756
DS3.d140.s0.i0 1.000000 0.508559
DS3.d1127.s0.i0 1.000000 0.646436
DS3.d1127.s1.i0 1.000000 0.159669
DS3.d860.s0.i0 1.000000 0.924515
DS3.d860.s1.i1 1.000000 0.303066
DS3.d860.s1.i0 1.000000 0.615980
DS3.d516.s0.i0 1.000000 -0.379953
DS3.d516.s0.i1 1.000000 -0.467105
DS3.d691.s0.i0 1.000000 0.232353
DS3.d1685.s1.i0 1.000000 0.494848
DS3.d1685.s0.i0 1.000000 0.622298
DS3.d693.s0.i0 -1.000000 -0.765061
DS3.d693.s0.i1 -1.000000 -0.868177
DS3.d693.s0.i2 -1.000000 -0.844151
DS3.d693.s0.i3 -1.000000 -0.853473
DS3.d357.s0.i1 1.000000 1.066373
DS3.d357.s0.i0 1.000000 0.648621
DS3.d1569.s0.i0 1.000000 0.547209
DS3.d1565.s0.i2 1.000000 0.680734
DS3.d1565.s0.i3 1.000000 0.512500
DS3.d1565.s0.i0 1.000000 0.512500
DS3.d1565.s0.i1 1.000000 0.580319
DS3.d1565.s0.i4 1.000000 0.580319
DS3.d1565.s0.i5 1.000000 0.680734
DS3.d1565.s1.i1 -1.000000 0.385789
DS3.d1565.s1.i0 -1.000000 0.343096
DS3.d1565.s1.i2 1.000000 0.646006
DS3.d1565.s2.i0 1.000000 0.551460
DS3.d1565.s2.i1 1.000000 0.419250
DS3.d1565.s3.i1 1.000000 0.771030
DS3.d1565.s3.i0 1.000000 0.737699
DS3.d457.s0.i0 1.000000 0.933435
DS3.d457.s1.i1 1.000000 0.554209
DS3.d457.s1.i0 1.000000 0.684687
DS3.d457.s1.i3 1.000000 0.843463
DS3.d457.s1.i2 1.000000 0.725417
DS3.d892.s1.i0 -1.000000 -0.475227
DS3.d892.s0.i1 -1.000000 -0.276070
DS3.d892.s0.i0 -1.000000 -0.105729
DS3.d79.s0.i0 -1.000000 0.654259
DS3.d1113.s0.i0 -1.000000 0.134447
DS3.d953.s0.i0 1.000000 0.336596
DS3.d951.s0.i1 -1.000000 -0.768143
DS3.d951.s0.i0 -1.000000 -0.685453
DS3.d951.s0.i2 -1.000000 -0.606771
DS3.d1601.s0.i3 -1.000000 0.362900
DS3.d1601.s0.i2 -1.000000 0.399874
DS3.d1601.s0.i1 -1.000000 0.492400
DS3.d1601.s0.i0 -1.000000 0.512882
DS3.d74.s0.i0 1.000000 0.326614
