DS3.d1172.s0.i0 -1.000000 -0.669792
DS3.d1172.s0.i1 -1.000000 -0.046873
DS3.d586.s0.i0 1.000000 1.180989
DS3.d835.s0.i0 1.000000 -0.165472
DS3.d834.s0.i3 -1.000000 -0.458267
DS3.d834.s0.i2 -1.000000 -0.533992
DS3.d834.s0.i1 -1.000000 -0.475942
DS3.d834.s0.i0 -1.000000 -0.642306
DS3.d583.s0.i0 1.000000 0.490372
DS3.d1844.s2.i0 1.000000 0.636854
DS3.d1844.s0.i0 -1.000000 0.876808
DS3.d1844.s1.i0 1.000000 0.535478
DS3.d933.s0.i1 -1.000000 0.524368
DS3.d933.s0.i0 -1.000000 0.626860
DS3.d1708.s0.i0 -1.000000 0.205177
DS3.d1664.s2.i0 -1.000000 -0.088575
DS3.d1664.s3.i0 -1.000000 0.718232
DS3.d1664.s0.i0 -1.000000 -0.735368
DS3.d1664.s0.i1 -1.000000 -0.711948
DS3.d1664.s1.i0 -1.000000 -0.120391
DS3.d1559.s1.i0 -1.000000 -0.221645
DS3.d1559.s0.i0 -1.000000 -0.408407
DS3.d742.s0.i1 1.000000 1.120116
DS3.d742.s0.i0 1.000000 1.426587
DS3.d832.s1.i0 1.000000 -0.331384
DS3.d832.s0.i0 1.000000 0.553814
DS3.d239.s2.i2 1.000000 0.177795
DS3.d239.s2.i0 1.000000 0.184927
DS3.d239.s2.i1 1.000000 0.204605
DS3.d239.s0.i0 1.000000 0.833962
DS3.d239.s0.i1 1.000000 1.049948
DS3.d239.s1.i0 1.000000 0.736393
DS3.d1177.s0.i3 1.000000 0.214393
DS3.d1177.s0.i2 1.000000 0.498288
DS3.d1177.s0.i1 1.000000 0.295710
DS3.d1177.s0.i0 1.000000 0.077678
DS3.d1174.s0.i0 -1.000000 0.334038
DS3.d137.s1.i0 -1.000000 0.188099
DS3.d137.s0.i0 -1.000000 0.630564
DS3.d466.s0.i0 1.000000 0.633588
DS3.d460.s0.i0 -1.000000 0.468688
DS3.d460.s1.i0 1.000000 1.246900
DS3.d425.s0.i1 -1.000000 -0.684416
DS3.d425.s0.i0 -1.000000 -0.694518
DS3.d944.s0.i3 1.000000 0.638471
DS3.d944.s0.i2 1.000000 0.689111
DS3.d944.s0.i1 1.000000 0.812320
DS3.d944.s0.i0 1.000000 0.899595
DS3.d944.s0.i7 1.000000 0.682575
DS3.d944.s0.i6 1.000000 0.841998
DS3.d944.s0.i5 1.000000 0.424729
DS3.d944.s0.i4 1.000000 0.618733
DS3.d1077.s0.i0 -1.000000 0.776825
DS3.d1303.s2.i0 1.000000 0.298226
DS3.d1303.s3.i1 1.000000 -0.502238
DS3.d1303.s3.i0 1.000000 -0.016496
DS3.d1303.s3.i2 1.000000 1.183717
DS3.d1303.s0.i0 1.000000 0.971002
DS3.d1303.s0.i1 1.000000 0.943993
DS3.d1303.s0.i2 1.000000 0.827384
DS3.d1303.s0.i3 1.000000 0.702372
DS3.d1303.s1.i0 1.000000 1.106070
DS3.d1179.s0.i1 1.000000 0.719475
DS3.d1179.s0.i0 1.000000 0.925594
DS3.d1179.s0.i2 1.000000 0.713849
DS3.d1305.s0.i0 1.000000 0.603028
DS3.d1305.s1.i1 1.000000 0.080321
DS3.d1305.s1.i0 1.000000 0.176934
DS3.d1141.s0.i0 -1.000000 -0.424620
DS3.d1141.s0.i1 1.000000 0.111915
DS3.d843.s1.i0 -1.000000 0.339343
DS3.d843.s0.i1 1.000000 1.159155
DS3.d843.s0.i0 -1.000000 0.516862
DS3.d843.s0.i3 1.000000 0.948511
DS3.d843.s0.i2 -1.000000 0.772276
DS3.d923.s0.i0 1.000000 0.704700
DS3.d23.s0.i12 -1.000000 -0.556962
DS3.d23.s0.i13 -1.000000 -0.516817
DS3.d23.s0.i10 -1.000000 -0.602883
DS3.d23.s0.i11 -1.000000 -0.535101
DS3.d23.s0.i8 -1.000000 -0.608826
DS3.d23.s0.i9 -1.000000 -0.524813
DS3.d23.s0.i4 -1.000000 -0.490819
DS3.d23.s0.i5 -1.000000 -0.536344
DS3.d23.s0.i6 -1.000000 -0.454700
DS3.d23.s0.i7 -1.000000 -0.438528
DS3.d23.s0.i0 -1.000000 -0.470344
DS3.d23.s0.i1 -1.000000 -0.536205
DS3.d23.s0.i2 -1.000000 -0.553971
DS3.d23.s0.i3 -1.000000 -0.464853
DS3.d1015.s0.i0 -1.000000 0.285417
DS3.d1015.s0.i1 -1.000000 0.285417
DS3.d849.s1.i0 1.000000 -0.108018
DS3.d849.s0.i0 -1.000000 0.509845
DS3.d1017.s0.i0 -1.000000 -1.615668
DS3.d1017.s0.i1 -1.000000 -1.594577
DS3.d1017.s0.i2 -1.000000 -1.612144
DS3.d1017.s0.i3 -1.000000 -1.891987
DS3.d1719.s1.i0 1.000000 1.169433
DS3.d1719.s0.i0 1.000000 0.567775
DS3.d771.s0.i0 1.000000 0.575720
DS3.d1383.s0.i0 1.000000 0.327368
DS3.d1544.s1.i0 1.000000 0.045194
DS3.d1544.s0.i0 1.000000 -0.407076
DS3.d1042.s0.i2 -1.000000 -0.588856
DS3.d1042.s0.i0 -1.000000 -0.434548
DS3.d1042.s0.i1 1.000000 0.292199
DS3.d1042.s1.i1 1.000000 -0.020215
DS3.d1042.s1.i0 1.000000 -0.244457
DS3.d1042.s1.i3 1.000000 -0.061011
DS3.d1042.s1.i2 1.000000 -0.059451
DS3.d1463.s1.i0 1.000000 0.512181
DS3.d1463.s1.i1 1.000000 0.404764
DS3.d1463.s0.i0 1.000000 0.298170
DS3.d574.s0.i2 -1.000000 -0.178421
DS3.d574.s0.i3 -1.000000 -0.224455
DS3.d574.s0.i0 -1.000000 -0.397562
DS3.d574.s0.i1 -1.000000 -0.317233
DS3.d1466.s0.i0 1.000000 0.505831
DS3.d740.s0.i1 1.000000 0.384155
DS3.d740.s0.i0 1.000000 0.499390
DS3.d1278.s0.i0 1.000000 1.021119
DS3.d1065.s2.i0 -1.000000 0.594285
DS3.d1065.s1.i0 -1.000000 0.067978
DS3.d1065.s0.i1 1.000000 1.100187
DS3.d1065.s0.i0 -1.000000 0.382063
DS3.d1066.s0.i0 1.000000 0.901921
DS3.d1066.s0.i1 1.000000 0.901921
DS3.d1063.s0.i1 1.000000 0.105900
DS3.d1063.s0.i0 1.000000 0.102869
DS3.d1486.s0.i0 1.000000 -0.172699
DS3.d1866.s2.i0 1.000000 0.565732
DS3.d1866.s2.i1 1.000000 0.565732
DS3.d1866.s0.i0 1.000000 0.419086
DS3.d1866.s0.i1 1.000000 0.404954
DS3.d1866.s0.i2 1.000000 0.321784
DS3.d1866.s0.i3 1.000000 0.498083
DS3.d1866.s1.i3 1.000000 0.601604
DS3.d1866.s1.i2 1.000000 0.842504
DS3.d1866.s1.i1 1.000000 0.574089
DS3.d1866.s1.i0 1.000000 0.851538
DS3.d641.s0.i1 1.000000 1.670913
DS3.d641.s0.i0 1.000000 1.153509
DS3.d644.s0.i0 -1.000000 0.330643
DS3.d850.s1.i0 -1.000000 0.019779
DS3.d850.s0.i0 -1.000000 0.555462
DS3.d486.s0.i18 -1.000000 -0.434184
DS3.d486.s0.i19 -1.000000 -0.603060
DS3.d486.s0.i16 -1.000000 -0.658435
DS3.d486.s0.i17 -1.000000 -0.508404
DS3.d486.s0.i14 -1.000000 -0.595409
DS3.d486.s0.i15 -1.000000 -0.765922
DS3.d486.s0.i12 -1.000000 -0.470483
DS3.d486.s0.i13 -1.000000 -0.336579
DS3.d486.s0.i10 -1.000000 -0.630244
DS3.d486.s0.i11 -1.000000 -0.627838
DS3.d486.s0.i34 -1.000000 -0.747055
DS3.d486.s0.i35 -1.000000 -0.552822
DS3.d486.s0.i30 -1.000000 -0.593919
DS3.d486.s0.i31 -1.000000 -0.596623
DS3.d486.s0.i32 -1.000000 -0.693904
DS3.d486.s0.i33 -1.000000 -0.550509
DS3.d486.s0.i4 -1.000000 -0.605322
DS3.d486.s0.i5 -1.000000 -0.655817
DS3.d486.s0.i6 -1.000000 -0.594473
DS3.d486.s0.i7 -1.000000 -0.727680
DS3.d486.s0.i0 -1.000000 -0.394841
DS3.d486.s0.i1 -1.000000 -0.535620
DS3.d486.s0.i2 -1.000000 -0.632512
DS3.d486.s0.i3 -1.000000 -0.639112
DS3.d486.s0.i8 -1.000000 -0.791708
DS3.d486.s0.i9 -1.000000 -0.625462
DS3.d486.s0.i27 -1.000000 -0.419623
DS3.d486.s0.i26 -1.000000 -0.464950
DS3.d486.s0.i25 -1.000000 -0.458614
DS3.d486.s0.i24 -1.000000 -0.678929
DS3.d486.s0.i23 -1.000000 -0.500535
DS3.d486.s0.i22 -1.000000 -0.632414
DS3.d486.s0.i21 -1.000000 -0.557792
DS3.d486.s0.i20 -1.000000 -0.583327
DS3.d486.s0.i29 -1.000000 -0.596642
DS3.d486.s0.i28 -1.000000 -0.720549
DS3.d486.s1.i1 1.000000 0.194452
DS3.d486.s1.i0 1.000000 0.036103
DS3.d487.s0.i1 1.000000 0.420009
DS3.d487.s0.i0 1.000000 0.344747
DS3.d487.s0.i2 -1.000000 0.497486
DS3.d629.s1.i0 1.000000 0.238929
DS3.d629.s1.i1 1.000000 0.370471
DS3.d629.s0.i1 1.000000 0.236520
DS3.d629.s0.i0 1.000000 -0.000017
DS3.d1309.s0.i0 1.000000 0.682890
DS3.d85.s0.i0 1.000000 0.339625
DS3.d1555.s0.i1 -1.000000 -0.673067
DS3.d1555.s0.i0 -1.000000 -0.650989
DS3.d115.s0.i1 1.000000 0.303318
DS3.d115.s0.i0 -1.000000 -0.768321
DS3.d6.s0.i0 1.000000 0.466335
DS3.d560.s0.i1 1.000000 1.032584
DS3.d560.s0.i0 1.000000 1.184355
DS3.d560.s0.i3 1.000000 1.121497
DS3.d560.s0.i2 1.000000 1.261838
DS3.d567.s0.i0 1.000000 0.260123
DS3.d567.s0.i1 1.000000 0.978830
DS3.d567.s1.i1 -1.000000 -0.102725
DS3.d567.s1.i0 1.000000 0.216831
DS3.d567.s1.i2 1.000000 0.184517
DS3.d1410.s0.i18 -1.000000 -0.673556
DS3.d1410.s0.i15 -1.000000 -1.027848
DS3.d1410.s0.i14 -1.000000 -0.758440
DS3.d1410.s0.i19 -1.000000 -0.852436
DS3.d1410.s0.i13 -1.000000 -0.722576
DS3.d1410.s0.i12 -1.000000 -0.673556
DS3.d1410.s0.i11 -1.000000 -0.881913
DS3.d1410.s0.i10 -1.000000 -0.634308
DS3.d1410.s0.i17 -1.000000 -0.727024
DS3.d1410.s0.i16 -1.000000 -0.801918
DS3.d1410.s0.i9 -1.000000 -0.741165
DS3.d1410.s0.i8 -1.000000 -0.994476
DS3.d1410.s0.i7 -1.000000 -0.774982
DS3.d1410.s0.i6 -1.000000 -0.895706
DS3.d1410.s0.i5 -1.000000 -0.881913
DS3.d1410.s0.i4 -1.000000 -0.895706
DS3.d1410.s0.i3 -1.000000 -0.727024
DS3.d1410.s0.i2 -1.000000 -0.902617
DS3.d1410.s0.i1 -1.000000 -0.952249
DS3.d1410.s0.i0 -1.000000 -0.865789
DS3.d1264.s0.i0 1.000000 0.516138
DS3.d1264.s0.i1 1.000000 0.430368
DS3.d1264.s0.i2 -1.000000 0.509027
DS3.d1264.s0.i3 1.000000 0.454520
DS3.d195.s0.i0 -1.000000 0.287035
DS3.d824.s0.i0 1.000000 -0.133961
DS3.d824.s0.i1 1.000000 -0.084451
DS3.d190.s0.i0 1.000000 1.019119
DS3.d825.s1.i2 -1.000000 -0.088669
DS3.d825.s1.i3 -1.000000 -0.349017
DS3.d825.s1.i0 -1.000000 -0.088669
DS3.d825.s1.i1 -1.000000 0.357244
DS3.d825.s1.i4 -1.000000 0.389481
DS3.d825.s1.i5 -1.000000 0.389481
DS3.d825.s0.i5 1.000000 -0.061772
DS3.d825.s0.i4 1.000000 0.332908
DS3.d825.s0.i7 1.000000 0.335886
DS3.d825.s0.i6 1.000000 0.271410
DS3.d825.s0.i1 1.000000 -0.092033
DS3.d825.s0.i0 1.000000 0.164168
DS3.d825.s0.i3 1.000000 0.345880
DS3.d825.s0.i2 1.000000 0.158396
DS3.d825.s2.i1 -1.000000 -0.392681
DS3.d825.s2.i0 -1.000000 -0.392681
DS3.d1322.s2.i0 1.000000 0.241863
DS3.d1322.s1.i0 1.000000 -0.632780
DS3.d1322.s0.i0 -1.000000 -0.611400
DS3.d907.s0.i0 1.000000 0.368567
DS3.d907.s0.i1 1.000000 0.324609
DS3.d907.s0.i2 1.000000 0.318260
DS3.d1038.s0.i0 1.000000 0.614536
DS3.d716.s0.i0 1.000000 0.849385
DS3.d716.s0.i1 -1.000000 0.048149
DS3.d716.s0.i2 1.000000 0.839172
DS3.d716.s0.i3 1.000000 0.850855
DS3.d1638.s0.i6 -1.000000 -0.591745
DS3.d1638.s0.i5 -1.000000 -0.578253
DS3.d1638.s0.i4 -1.000000 -0.636124
DS3.d1638.s0.i3 -1.000000 -0.344093
DS3.d1638.s0.i2 -1.000000 -0.712556
DS3.d1638.s0.i1 -1.000000 -0.609729
DS3.d1638.s0.i0 -1.000000 -0.306848
DS3.d712.s2.i0 -1.000000 0.924701
DS3.d712.s2.i1 -1.000000 0.769951
DS3.d712.s0.i0 1.000000 0.643083
DS3.d712.s0.i1 1.000000 0.756553
DS3.d712.s0.i2 1.000000 0.613299
DS3.d712.s0.i3 1.000000 0.767636
DS3.d712.s1.i0 1.000000 1.206512
DS3.d490.s0.i1 1.000000 0.238961
DS3.d490.s0.i0 1.000000 0.238961
DS3.d390.s0.i2 -1.000000 -0.008001
DS3.d390.s0.i3 -1.000000 -0.037926
DS3.d390.s0.i0 -1.000000 -0.064852
DS3.d390.s0.i1 -1.000000 0.031255
DS3.d390.s0.i4 -1.000000 -0.098582
DS3.d390.s0.i5 -1.000000 -0.055919
DS3.d58.s0.i0 -1.000000 0.470413
DS3.d58.s1.i1 1.000000 -0.128559
DS3.d58.s1.i0 1.000000 -0.341189
DS3.d58.s2.i0 1.000000 1.011848
DS3.d58.s3.i0 1.000000 0.703865
DS3.d1814.s0.i1 1.000000 0.075237
DS3.d1814.s0.i0 1.000000 0.075237
DS3.d107.s0.i0 -1.000000 -0.964553
DS3.d107.s0.i1 -1.000000 -0.912497
DS3.d107.s0.i2 -1.000000 -0.565181
DS3.d413.s0.i2 1.000000 0.675981
DS3.d413.s0.i3 1.000000 0.667148
DS3.d413.s0.i0 -1.000000 0.762336
DS3.d413.s0.i1 -1.000000 0.851321
DS3.d411.s0.i0 1.000000 0.908943
DS3.d793.s1.i0 1.000000 0.357440
DS3.d793.s1.i1 1.000000 0.506393
DS3.d793.s0.i1 1.000000 0.221729
DS3.d793.s0.i0 1.000000 0.176858
DS3.d1406.s0.i0 1.000000 0.164531
DS3.d1406.s1.i0 1.000000 0.136938
DS3.d1406.s2.i0 1.000000 0.821038
DS3.d1404.s0.i0 1.000000 0.272739
DS3.d1892.s0.i0 -1.000000 0.059068
DS3.d552.s0.i2 1.000000 0.553312
DS3.d552.s0.i3 1.000000 0.392151
DS3.d552.s0.i0 1.000000 0.474491
DS3.d552.s0.i1 1.000000 0.561556
DS3.d799.s0.i3 1.000000 0.639914
DS3.d799.s0.i2 1.000000 0.636650
DS3.d799.s0.i1 1.000000 0.750718
DS3.d799.s0.i0 1.000000 0.639914
DS3.d994.s0.i0 1.000000 0.048284
DS3.d1250.s0.i1 -1.000000 -0.110728
DS3.d1250.s0.i0 -1.000000 0.122841
DS3.d1250.s0.i3 -1.000000 -0.084421
DS3.d1250.s0.i2 -1.000000 -0.052204
DS3.d1257.s0.i0 1.000000 0.760769
DS3.d991.s0.i0 -1.000000 -0.713821
DS3.d1155.s2.i1 -1.000000 0.224472
DS3.d1155.s2.i0 -1.000000 -0.079434
DS3.d1155.s2.i2 -1.000000 -0.154763
DS3.d1155.s1.i0 -1.000000 0.020047
DS3.d1155.s1.i1 -1.000000 0.105321
DS3.d1155.s0.i3 1.000000 0.064847
DS3.d1155.s0.i2 1.000000 0.122184
DS3.d1155.s0.i1 -1.000000 -0.439700
DS3.d1155.s0.i0 -1.000000 -0.602317
DS3.d1230.s0.i3 -1.000000 -0.539806
DS3.d1230.s0.i2 -1.000000 -0.519546
DS3.d1230.s0.i1 -1.000000 -0.481249
DS3.d1230.s0.i0 -1.000000 -0.438142
DS3.d1230.s0.i7 -1.000000 -0.435461
DS3.d1230.s0.i6 -1.000000 -0.428649
DS3.d1230.s0.i5 -1.000000 -0.450195
DS3.d1230.s0.i4 -1.000000 -0.414038
DS3.d1233.s0.i0 -1.000000 0.962273
DS3.d1232.s0.i0 -1.000000 0.583896
DS3.d971.s1.i0 -1.000000 -0.356641
DS3.d971.s0.i0 -1.000000 -0.192535
DS3.d1746.s0.i0 1.000000 0.607111
DS3.d382.s0.i0 1.000000 0.446889
DS3.d622.s0.i0 1.000000 0.816848
DS3.d622.s1.i0 1.000000 1.260738
DS3.d1485.s0.i0 -1.000000 -0.822290
DS3.d624.s4.i2 1.000000 0.866791
DS3.d624.s4.i0 1.000000 0.502719
DS3.d624.s4.i1 1.000000 0.792458
DS3.d624.s0.i2 1.000000 0.976716
DS3.d624.s0.i3 1.000000 0.858240
DS3.d624.s0.i0 1.000000 0.909489
DS3.d624.s0.i1 1.000000 0.833788
DS3.d624.s1.i1 1.000000 0.600507
DS3.d624.s1.i0 1.000000 0.271263
DS3.d624.s1.i3 1.000000 0.285547
DS3.d624.s1.i2 -1.000000 0.534794
DS3.d624.s1.i5 1.000000 0.597867
DS3.d624.s1.i4 -1.000000 0.304836
DS3.d624.s1.i7 -1.000000 0.551188
DS3.d624.s1.i6 -1.000000 0.264242
DS3.d624.s2.i0 1.000000 1.009935
DS3.d624.s2.i1 1.000000 1.010170
DS3.d624.s2.i2 1.000000 1.124987
DS3.d624.s3.i3 1.000000 0.610045
DS3.d624.s3.i2 -1.000000 0.340589
DS3.d624.s3.i1 1.000000 0.363330
DS3.d624.s3.i0 1.000000 0.369962
DS3.d1807.s0.i1 -1.000000 -0.544120
DS3.d1807.s0.i0 -1.000000 -0.486224
DS3.d175.s1.i0 1.000000 0.811220
DS3.d175.s0.i1 1.000000 0.561358
DS3.d175.s0.i0 1.000000 0.564450
DS3.d420.s0.i0 1.000000 0.764353
DS3.d420.s1.i0 1.000000 0.288769
DS3.d388.s0.i1 -1.000000 -0.252043
DS3.d388.s0.i0 -1.000000 -0.279937
DS3.d171.s1.i0 1.000000 0.551302
DS3.d171.s0.i0 1.000000 0.194026
DS3.d173.s0.i0 1.000000 0.606104
DS3.d309.s2.i0 1.000000 0.551938
DS3.d309.s2.i1 1.000000 0.527507
DS3.d309.s0.i0 1.000000 0.913037
DS3.d309.s1.i2 -1.000000 0.259956
DS3.d309.s1.i1 -1.000000 0.310320
DS3.d309.s1.i0 -1.000000 0.297687
DS3.d1889.s0.i0 1.000000 1.130924
DS3.d783.s0.i0 -1.000000 0.223304
DS3.d1211.s0.i0 -1.000000 -0.036773
DS3.d1211.s1.i0 -1.000000 0.109458
DS3.d1434.s1.i0 1.000000 0.745967
DS3.d1434.s0.i0 1.000000 0.939606
DS3.d981.s0.i0 1.000000 0.882335
DS3.d548.s0.i1 -1.000000 -0.321073
DS3.d548.s0.i0 -1.000000 -0.619746
DS3.d983.s0.i0 -1.000000 0.163929
DS3.d983.s1.i1 -1.000000 -0.456631
DS3.d983.s1.i0 -1.000000 -0.034332
DS3.d41.s0.i0 1.000000 0.423080
DS3.d41.s0.i1 1.000000 0.337233
DS3.d1244.s0.i0 -1.000000 0.577099
DS3.d1245.s0.i1 -1.000000 -0.178418
DS3.d1245.s0.i0 -1.000000 -0.116212
DS3.d1530.s0.i0 1.000000 0.313152
DS3.d1247.s0.i0 -1.000000 0.118188
DS3.d1129.s0.i0 1.000000 1.143346
DS3.d1129.s1.i1 1.000000 0.727761
DS3.d1129.s1.i0 1.000000 0.316966
DS3.d1129.s2.i0 1.000000 0.308361
DS3.d1128.s0.i0 1.000000 0.386190
DS3.d863.s2.i0 1.000000 -0.010606
DS3.d863.s1.i0 -1.000000 -0.232326
DS3.d863.s1.i1 -1.000000 -0.167856
DS3.d863.s0.i0 -1.000000 -0.373730
DS3.d1736.s0.i0 1.000000 0.283099
DS3.d1736.s0.i1 1.000000 0.177202
DS3.d1736.s1.i0 1.000000 -0.590750
DS3.d1055.s0.i0 -1.000000 -0.563239
DS3.d1221.s0.i1 1.000000 0.888460
DS3.d1221.s0.i0 1.000000 0.882665
DS3.d1594.s0.i0 1.000000 0.370239
DS3.d737.s1.i0 -1.000000 -0.132725
DS3.d737.s1.i1 1.000000 0.357108
DS3.d737.s0.i2 -1.000000 0.317558
DS3.d737.s0.i1 -1.000000 0.429422
DS3.d737.s0.i0 -1.000000 0.156945
DS3.d1224.s0.i0 1.000000 1.020128
DS3.d1224.s0.i1 1.000000 1.223898
DS3.d690.s6.i0 -1.000000 0.466956
DS3.d690.s5.i0 1.000000 0.762014
DS3.d690.s5.i1 1.000000 0.641962
DS3.d690.s5.i2 1.000000 0.978974
DS3.d690.s5.i3 1.000000 0.773535
DS3.d690.s4.i0 -1.000000 -1.172151
DS3.d690.s3.i0 1.000000 1.138538
DS3.d690.s2.i0 1.000000 0.093898
DS3.d690.s1.i0 1.000000 1.244894
DS3.d690.s0.i0 1.000000 0.189107
DS3.d1599.s1.i0 1.000000 0.683632
DS3.d1599.s0.i0 1.000000 0.919769
DS3.d1750.s0.i0 -1.000000 -0.010760
DS3.d1750.s0.i1 -1.000000 -0.255997
DS3.d804.s0.i0 -1.000000 0.536972
DS3.d458.s1.i0 1.000000 0.531995
DS3.d458.s0.i0 1.000000 0.632382
DS3.d458.s3.i0 1.000000 0.769795
DS3.d458.s2.i0 -1.000000 0.137751
DS3.d458.s4.i0 1.000000 0.105208
DS3.d637.s0.i0 1.000000 0.344284
DS3.d437.s0.i0 -1.000000 0.102471
DS3.d437.s0.i1 -1.000000 0.429131
DS3.d437.s0.i2 1.000000 1.134356
DS3.d163.s0.i2 1.000000 0.849488
DS3.d163.s0.i0 1.000000 0.831260
DS3.d163.s0.i1 1.000000 1.069154
DS3.d49.s2.i0 1.000000 1.006245
DS3.d49.s2.i1 1.000000 0.880303
DS3.d49.s0.i0 -1.000000 -0.043826
DS3.d49.s0.i1 -1.000000 0.011523
DS3.d49.s0.i2 -1.000000 -0.149063
DS3.d49.s0.i3 -1.000000 -0.031576
DS3.d49.s1.i3 1.000000 -0.515556
DS3.d49.s1.i2 -1.000000 -0.510258
DS3.d49.s1.i1 1.000000 -0.461517
DS3.d49.s1.i0 1.000000 -0.314672
DS3.d1427.s0.i1 -1.000000 0.855965
DS3.d1427.s0.i0 -1.000000 1.071225
DS3.d1640.s0.i0 -1.000000 -0.019575
DS3.d531.s0.i4 1.000000 0.735746
DS3.d531.s0.i3 1.000000 0.619095
DS3.d531.s0.i2 1.000000 0.475492
DS3.d531.s0.i1 1.000000 0.621709
DS3.d531.s0.i0 1.000000 0.723377
DS3.d240.s0.i0 1.000000 1.010820
DS3.d1139.s0.i0 1.000000 0.045256
DS3.d1136.s0.i0 -1.000000 0.910056
DS3.d870.s0.i0 -1.000000 0.040973
DS3.d725.s0.i0 1.000000 0.530158
DS3.d725.s1.i1 1.000000 0.897597
DS3.d725.s1.i0 1.000000 0.897597
DS3.d725.s1.i2 1.000000 0.776497
DS3.d724.s0.i2 1.000000 -0.172052
DS3.d724.s0.i1 1.000000 1.211401
DS3.d724.s0.i0 1.000000 0.904399
DS3.d1213.s0.i0 -1.000000 0.529288
DS3.d720.s3.i0 1.000000 0.829659
DS3.d720.s3.i1 1.000000 0.091179
DS3.d720.s2.i0 1.000000 0.824527
DS3.d720.s1.i0 -1.000000 -0.742309
DS3.d720.s1.i1 -1.000000 -0.742309
DS3.d720.s1.i2 1.000000 -0.201232
DS3.d720.s1.i3 1.000000 0.005009
DS3.d720.s0.i1 -1.000000 -0.465498
DS3.d720.s0.i0 1.000000 0.054582
DS3.d1769.s0.i0 1.000000 0.053496
DS3.d1820.s0.i0 1.000000 0.715599
DS3.d1197.s0.i0 -1.000000 0.318378
DS3.d1763.s0.i0 1.000000 0.709256
DS3.d1759.s0.i8 -1.000000 0.183222
DS3.d1759.s0.i5 -1.000000 -0.091268
DS3.d1759.s0.i4 -1.000000 -0.007911
DS3.d1759.s0.i7 -1.000000 0.052212
DS3.d1759.s0.i6 -1.000000 0.045635
DS3.d1759.s0.i1 -1.000000 0.057445
DS3.d1759.s0.i0 -1.000000 0.147763
DS3.d1759.s0.i3 -1.000000 0.019766
DS3.d1759.s0.i2 -1.000000 0.025540
DS3.d602.s0.i0 -1.000000 -0.284342
DS3.d157.s0.i0 1.000000 0.895436
DS3.d257.s2.i0 1.000000 0.585821
DS3.d257.s3.i0 1.000000 0.369551
DS3.d257.s0.i0 1.000000 0.998359
DS3.d257.s0.i1 -1.000000 0.879093
DS3.d257.s0.i2 -1.000000 0.892677
DS3.d257.s1.i0 1.000000 0.162528
DS3.d321.s0.i2 1.000000 0.587924
DS3.d321.s0.i3 1.000000 0.603483
DS3.d321.s0.i0 1.000000 0.351574
DS3.d321.s0.i1 1.000000 0.457205
DS3.d321.s0.i4 1.000000 0.549463
DS3.d326.s0.i1 -1.000000 0.482772
DS3.d326.s0.i0 1.000000 0.549634
DS3.d329.s0.i0 1.000000 -0.052624
DS3.d1658.s0.i1 -1.000000 -0.893329
DS3.d1658.s0.i0 -1.000000 -1.125179
DS3.d680.s0.i0 1.000000 0.557544
DS3.d680.s0.i1 1.000000 0.421089
DS3.d680.s0.i2 1.000000 0.585364
DS3.d680.s1.i0 1.000000 0.600252
DS3.d1450.s0.i1 1.000000 0.280979
DS3.d1450.s0.i0 -1.000000 -0.333638
DS3.d1453.s0.i0 1.000000 0.710421
DS3.d1452.s4.i0 1.000000 0.575491
DS3.d1452.s1.i0 1.000000 0.300373
DS3.d1452.s1.i1 1.000000 0.176208
DS3.d1452.s0.i0 1.000000 0.462916
DS3.d1452.s3.i0 1.000000 0.386326
DS3.d1452.s2.i0 1.000000 -0.436388
DS3.d61.s0.i6 1.000000 0.596791
DS3.d61.s0.i7 1.000000 0.410313
DS3.d61.s0.i4 1.000000 0.737222
DS3.d61.s0.i5 1.000000 0.497469
DS3.d61.s0.i2 1.000000 0.913360
DS3.d61.s0.i3 1.000000 0.594338
DS3.d61.s0.i0 1.000000 0.393521
DS3.d61.s0.i1 1.000000 0.726670
DS3.d61.s0.i8 1.000000 0.476365
DS3.d1616.s1.i0 1.000000 0.090303
DS3.d1616.s0.i0 1.000000 1.149883
DS3.d598.s0.i0 1.000000 1.063252
DS3.d598.s0.i1 1.000000 1.063252
DS3.d599.s1.i0 -1.000000 -0.092586
DS3.d599.s0.i0 1.000000 0.359111
DS3.d822.s0.i0 -1.000000 0.528840
DS3.d614.s0.i5 1.000000 0.145607
DS3.d614.s0.i4 -1.000000 0.203124
DS3.d614.s0.i3 1.000000 0.416160
DS3.d614.s0.i2 1.000000 0.634080
DS3.d614.s0.i1 1.000000 0.514787
DS3.d614.s0.i0 1.000000 0.347891
DS3.d1853.s0.i0 1.000000 0.326067
DS3.d1852.s0.i1 1.000000 0.492433
DS3.d1852.s0.i0 1.000000 0.344624
DS3.d1852.s0.i2 1.000000 0.594181
DS3.d518.s0.i0 1.000000 1.270724
DS3.d140.s0.i2 1.000000 0.485345
DS3.d140.s0.i1 1.000000 0.402242
DS3.d140.s0.i0 1.000000 0.581684
DS3.d1127.s0.i0 1.000000 0.643886
DS3.d1127.s1.i0 1.000000 0.123074
DS3.d860.s0.i0 1.000000 1.066120
DS3.d860.s1.i1 1.000000 0.216338
DS3.d860.s1.i0 1.000000 0.649737
DS3.d516.s0.i0 1.000000 -0.592127
DS3.d516.s0.i1 1.000000 -0.730729
DS3.d691.s0.i0 1.000000 0.555404
DS3.d1685.s1.i0 1.000000 0.341580
DS3.d1685.s0.i0 1.000000 0.730168
DS3.d693.s0.i0 -1.000000 -0.814017
DS3.d693.s0.i1 -1.000000 -0.963787
DS3.d693.s0.i2 -1.000000 -0.942619
DS3.d693.s0.i3 -1.000000 -0.935588
DS3.d357.s0.i1 1.000000 1.263278
DS3.d357.s0.i0 1.000000 0.694631
DS3.d1569.s0.i0 1.000000 0.775981
DS3.d1565.s0.i2 1.000000 0.770203
DS3.d1565.s0.i3 1.000000 0.611204
DS3.d1565.s0.i0 1.000000 0.611204
DS3.d1565.s0.i1 1.000000 0.642140
DS3.d1565.s0.i4 1.000000 0.642140
DS3.d1565.s0.i5 1.000000 0.770203
DS3.d1565.s1.i1 -1.000000 0.214425
DS3.d1565.s1.i0 -1.000000 0.039790
DS3.d1565.s1.i2 1.000000 0.808803
DS3.d1565.s2.i0 1.000000 0.400912
DS3.d1565.s2.i1 1.000000 0.224264
DS3.d1565.s3.i1 1.000000 0.721148
DS3.d1565.s3.i0 1.000000 0.831129
DS3.d457.s0.i0 1.000000 1.094663
DS3.d457.s1.i1 1.000000 0.540339
DS3.d457.s1.i0 1.000000 0.692610
DS3.d457.s1.i3 1.000000 0.917808
DS3.d457.s1.i2 1.000000 0.847884
DS3.d892.s1.i0 -1.000000 -0.695394
DS3.d892.s0.i1 -1.000000 -0.484939
DS3.d892.s0.i0 -1.000000 -0.416604
DS3.d79.s0.i0 -1.000000 0.940870
DS3.d1113.s0.i0 -1.000000 0.054031
DS3.d953.s0.i0 1.000000 0.277713
DS3.d951.s0.i1 -1.000000 -0.935318
DS3.d951.s0.i0 -1.000000 -0.747345
DS3.d951.s0.i2 -1.000000 -0.666418
DS3.d1601.s0.i3 -1.000000 0.310675
DS3.d1601.s0.i2 -1.000000 0.422930
DS3.d1601.s0.i1 -1.000000 0.395787
DS3.d1601.s0.i0 -1.000000 0.471308
DS3.d74.s0.i0 1.000000 0.366543
