DS2.d232.s0.i0 -1.000000 -1.387794
DS2.d232.s0.i1 -1.000000 -1.474770
DS2.d550.s1.i0 1.000000 0.306616
DS2.d550.s1.i1 1.000000 0.482393
DS2.d550.s1.i2 1.000000 0.482393
DS2.d550.s1.i3 1.000000 0.306616
DS2.d550.s0.i13 1.000000 0.084632
DS2.d550.s0.i12 1.000000 0.210802
DS2.d550.s0.i11 1.000000 -0.472634
DS2.d550.s0.i10 1.000000 -0.154251
DS2.d550.s0.i14 1.000000 -0.124171
DS2.d550.s0.i3 1.000000 -0.304122
DS2.d550.s0.i2 1.000000 -0.083271
DS2.d550.s0.i1 1.000000 -0.496118
DS2.d550.s0.i0 1.000000 0.210802
DS2.d550.s0.i7 1.000000 -0.124171
DS2.d550.s0.i6 1.000000 -0.083271
DS2.d550.s0.i5 1.000000 0.338160
DS2.d550.s0.i4 1.000000 0.021396
DS2.d550.s0.i9 1.000000 0.338160
DS2.d550.s0.i8 1.000000 0.084632
DS2.d537.s0.i0 1.000000 0.615206
DS2.d530.s1.i0 1.000000 0.760602
DS2.d530.s1.i1 1.000000 0.869566
DS2.d530.s0.i0 1.000000 0.666973
DS2.d530.s2.i1 1.000000 0.957118
DS2.d530.s2.i0 1.000000 0.921931
DS2.d753.s0.i0 1.000000 0.220287
DS2.d635.s0.i5 1.000000 0.347274
DS2.d635.s0.i4 1.000000 0.248757
DS2.d635.s0.i3 1.000000 0.168638
DS2.d635.s0.i2 1.000000 0.168926
DS2.d635.s0.i1 1.000000 0.329879
DS2.d635.s0.i0 1.000000 0.347274
DS2.d50.s0.i0 -1.000000 -0.084251
DS2.d1006.s0.i5 1.000000 -0.192905
DS2.d1006.s0.i4 1.000000 -0.086658
DS2.d1006.s0.i3 1.000000 -0.194694
DS2.d1006.s0.i2 1.000000 -0.135772
DS2.d1006.s0.i1 1.000000 -0.029323
DS2.d1006.s0.i0 1.000000 -0.302994
DS2.d616.s0.i0 1.000000 0.122312
DS2.d616.s0.i1 1.000000 0.438865
DS2.d586.s0.i0 -1.000000 0.004353
DS2.d586.s0.i1 -1.000000 0.047164
DS2.d223.s0.i0 1.000000 0.900926
DS2.d222.s1.i0 -1.000000 -0.299012
DS2.d222.s0.i0 -1.000000 -0.132885
DS2.d340.s0.i2 -1.000000 0.410645
DS2.d340.s0.i3 -1.000000 0.721944
DS2.d340.s0.i0 -1.000000 0.358966
DS2.d340.s0.i1 -1.000000 0.291690
DS2.d340.s0.i4 -1.000000 0.545486
DS2.d345.s0.i0 1.000000 0.474432
DS2.d629.s0.i0 1.000000 0.721300
DS2.d629.s0.i1 1.000000 0.840042
DS2.d625.s0.i0 1.000000 0.399869
DS2.d624.s0.i1 1.000000 0.568163
DS2.d624.s0.i0 -1.000000 0.313006
DS2.d624.s0.i2 1.000000 0.611297
DS2.d1016.s0.i0 1.000000 0.611991
DS2.d213.s0.i3 -1.000000 -0.344743
DS2.d213.s0.i2 -1.000000 -0.362890
DS2.d213.s0.i1 -1.000000 -0.100655
DS2.d213.s0.i0 -1.000000 -0.090690
DS2.d459.s0.i0 -1.000000 0.307107
DS2.d353.s0.i0 -1.000000 -0.412733
DS2.d353.s1.i0 -1.000000 -0.494404
DS2.d356.s1.i0 1.000000 1.123820
DS2.d356.s0.i0 1.000000 0.097150
DS2.d293.s1.i0 1.000000 0.188333
DS2.d293.s1.i1 1.000000 0.515051
DS2.d293.s0.i0 1.000000 0.397817
DS2.d296.s0.i0 -1.000000 0.148188
DS2.d296.s0.i1 -1.000000 0.109266
DS2.d513.s0.i0 1.000000 0.193543
DS2.d946.s0.i0 1.000000 0.100596
DS2.d946.s0.i1 1.000000 0.015564
DS2.d751.s0.i0 1.000000 0.632501
DS2.d751.s0.i1 1.000000 0.489002
DS2.d751.s0.i2 1.000000 0.486769
DS2.d751.s0.i3 1.000000 0.751859
DS2.d751.s0.i4 1.000000 0.386390
DS2.d751.s0.i5 1.000000 0.643960
DS2.d751.s0.i6 1.000000 0.509265
DS2.d751.s0.i7 1.000000 0.356859
DS2.d861.s0.i0 -1.000000 0.278804
DS2.d948.s0.i0 1.000000 0.555882
DS2.d610.s0.i0 1.000000 0.351506
DS2.d610.s1.i1 1.000000 0.965460
DS2.d610.s1.i0 1.000000 0.750868
DS2.d924.s0.i0 -1.000000 0.637957
DS2.d924.s0.i1 -1.000000 0.575417
DS2.d34.s1.i2 -1.000000 0.260456
DS2.d34.s1.i3 1.000000 0.475988
DS2.d34.s1.i0 -1.000000 0.046149
DS2.d34.s1.i1 1.000000 0.189917
DS2.d34.s0.i0 1.000000 0.928322
DS2.d688.s0.i0 1.000000 0.169473
DS2.d200.s1.i0 -1.000000 -0.156029
DS2.d200.s0.i0 1.000000 1.596131
DS2.d445.s0.i0 1.000000 0.194964
DS2.d440.s0.i1 -1.000000 -0.701590
DS2.d440.s0.i0 -1.000000 -0.704873
DS2.d440.s0.i3 -1.000000 -0.551733
DS2.d440.s0.i2 -1.000000 -0.657713
DS2.d364.s0.i0 -1.000000 -0.532638
DS2.d563.s0.i0 -1.000000 0.544178
DS2.d762.s0.i0 -1.000000 -0.317037
DS2.d761.s0.i0 1.000000 0.098695
DS2.d766.s0.i0 1.000000 0.176907
DS2.d766.s1.i1 1.000000 0.527385
DS2.d766.s1.i0 1.000000 0.506778
DS2.d568.s0.i0 1.000000 0.119986
DS2.d957.s0.i0 1.000000 0.759870
DS2.d957.s0.i1 1.000000 0.935354
DS2.d950.s0.i1 -1.000000 0.333031
DS2.d950.s0.i0 -1.000000 0.209653
DS2.d815.s0.i0 1.000000 1.060330
DS2.d817.s0.i0 -1.000000 -0.291826
DS2.d931.s0.i0 -1.000000 0.118125
DS2.d931.s0.i1 -1.000000 -0.008194
DS2.d931.s0.i2 -1.000000 -0.001721
DS2.d931.s0.i3 -1.000000 -0.110404
DS2.d930.s0.i0 1.000000 0.669544
DS2.d23.s0.i0 1.000000 0.230268
DS2.d476.s0.i0 -1.000000 -0.131089
DS2.d476.s0.i1 -1.000000 -0.328470
DS2.d474.s0.i0 1.000000 0.375994
DS2.d371.s0.i0 -1.000000 0.914953
DS2.d375.s0.i8 -1.000000 0.534257
DS2.d375.s0.i6 -1.000000 0.292592
DS2.d375.s0.i7 -1.000000 0.244399
DS2.d375.s0.i4 -1.000000 0.600690
DS2.d375.s0.i5 -1.000000 0.482343
DS2.d375.s0.i2 1.000000 0.447872
DS2.d375.s0.i3 1.000000 0.473087
DS2.d375.s0.i0 -1.000000 0.178041
DS2.d375.s0.i1 1.000000 0.672780
DS2.d683.s0.i0 1.000000 1.000748
DS2.d683.s0.i1 1.000000 0.812457
DS2.d683.s0.i2 1.000000 0.803025
DS2.d276.s0.i0 -1.000000 -0.576013
DS2.d276.s1.i0 -1.000000 -0.152558
DS2.d124.s0.i0 -1.000000 -1.253577
DS2.d675.s1.i0 -1.000000 -0.970741
DS2.d675.s0.i0 -1.000000 -0.653424
DS2.d571.s0.i0 1.000000 1.073960
DS2.d571.s1.i1 1.000000 1.070379
DS2.d571.s1.i0 1.000000 1.210304
DS2.d678.s0.i0 1.000000 0.352840
DS2.d800.s0.i1 1.000000 0.532912
DS2.d800.s0.i0 1.000000 0.646055
DS2.d904.s0.i0 -1.000000 -0.963325
DS2.d904.s0.i1 -1.000000 -1.687109
DS2.d904.s1.i0 -1.000000 -0.020575
DS2.d900.s0.i0 1.000000 0.471101
DS2.d908.s0.i0 1.000000 0.868909
DS2.d908.s0.i1 1.000000 0.868909
DS2.d112.s0.i1 -1.000000 -0.176457
DS2.d112.s0.i0 -1.000000 -0.143014
DS2.d1049.s0.i0 1.000000 -0.031686
DS2.d1049.s0.i1 1.000000 -0.034105
DS2.d1046.s0.i1 -1.000000 0.392620
DS2.d1046.s0.i0 1.000000 0.806773
DS2.d307.s0.i0 -1.000000 0.317968
DS2.d982.s0.i0 -1.000000 0.955950
DS2.d981.s0.i0 1.000000 0.453386
DS2.d139.s0.i0 1.000000 0.254153
DS2.d139.s0.i1 -1.000000 -0.015361
DS2.d268.s0.i0 1.000000 0.536552
DS2.d707.s0.i0 1.000000 0.745261
DS2.d856.s0.i0 1.000000 1.070326
DS2.d1052.s0.i0 1.000000 0.479959
DS2.d1055.s1.i0 1.000000 0.748337
DS2.d1055.s1.i1 1.000000 0.560859
DS2.d1055.s0.i0 1.000000 0.515161
DS2.d1056.s0.i0 1.000000 1.007041
DS2.d257.s0.i3 1.000000 -0.128134
DS2.d257.s0.i2 1.000000 -0.067292
DS2.d257.s0.i1 1.000000 -0.171134
DS2.d257.s0.i0 1.000000 -0.201616
DS2.d797.s0.i0 -1.000000 -0.231543
DS2.d797.s1.i0 -1.000000 0.714615
DS2.d91.s0.i0 1.000000 0.642573
DS2.d91.s1.i1 1.000000 0.507679
DS2.d91.s1.i0 1.000000 0.425480
DS2.d91.s2.i4 1.000000 0.360616
DS2.d91.s2.i0 1.000000 0.330032
DS2.d91.s2.i1 1.000000 0.311284
DS2.d91.s2.i2 1.000000 0.298619
DS2.d91.s2.i3 1.000000 0.340375
DS2.d90.s0.i2 1.000000 0.054201
DS2.d90.s0.i1 -1.000000 0.011893
DS2.d90.s0.i0 1.000000 0.113998
DS2.d15.s0.i0 -1.000000 -0.648860
DS2.d15.s1.i0 1.000000 -0.076720
DS2.d15.s2.i0 -1.000000 -0.133556
DS2.d14.s0.i0 1.000000 1.211522
DS2.d552.s0.i0 1.000000 -0.975704
DS2.d554.s0.i0 1.000000 0.955335
DS2.d711.s0.i0 1.000000 0.695047
DS2.d711.s0.i1 1.000000 0.481692
DS2.d829.s0.i0 1.000000 0.593169
DS2.d829.s0.i1 1.000000 1.248876
DS2.d399.s0.i0 -1.000000 -0.354603
DS2.d399.s0.i1 -1.000000 -0.443391
DS2.d399.s0.i2 -1.000000 -0.381855
DS2.d399.s0.i3 -1.000000 -0.393280
DS2.d399.s1.i3 1.000000 -0.793397
DS2.d399.s1.i2 -1.000000 -0.754065
DS2.d399.s1.i1 1.000000 -0.865565
DS2.d399.s1.i0 -1.000000 -0.742565
DS2.d497.s0.i1 -1.000000 -0.031634
DS2.d497.s0.i0 -1.000000 -0.077212
DS2.d840.s0.i1 -1.000000 -1.413914
DS2.d840.s0.i0 -1.000000 -1.456199
DS2.d846.s1.i0 -1.000000 0.088638
DS2.d846.s1.i1 -1.000000 0.112635
DS2.d846.s0.i11 1.000000 0.024003
DS2.d846.s0.i10 1.000000 -0.171144
DS2.d846.s0.i9 1.000000 -0.056744
DS2.d846.s0.i8 1.000000 -0.221084
DS2.d846.s0.i7 1.000000 -0.294479
DS2.d846.s0.i6 1.000000 -0.007947
DS2.d846.s0.i5 1.000000 -0.122209
DS2.d846.s0.i4 1.000000 -0.161012
DS2.d846.s0.i3 1.000000 0.068498
DS2.d846.s0.i2 1.000000 -0.104709
DS2.d846.s0.i1 1.000000 -0.123425
DS2.d846.s0.i0 1.000000 -0.050667
DS2.d792.s0.i1 1.000000 0.305262
DS2.d792.s0.i0 1.000000 0.181154
DS2.d329.s0.i1 1.000000 -0.016573
DS2.d329.s0.i0 1.000000 0.145340
DS2.d329.s0.i2 1.000000 0.074482
DS2.d693.s0.i2 -1.000000 -0.742027
DS2.d693.s0.i1 -1.000000 -0.897626
DS2.d693.s0.i0 -1.000000 -0.811801
DS2.d89.s1.i0 -1.000000 0.613518
DS2.d89.s1.i1 -1.000000 0.556310
DS2.d89.s0.i1 -1.000000 -0.047300
DS2.d89.s0.i0 -1.000000 -0.260853
DS2.d89.s0.i2 -1.000000 -0.131485
DS2.d408.s0.i1 -1.000000 0.615121
DS2.d408.s0.i0 -1.000000 0.353771
DS2.d408.s0.i3 -1.000000 0.448231
DS2.d408.s0.i2 -1.000000 0.523131
DS2.d641.s0.i0 1.000000 1.167088
DS2.d641.s1.i1 1.000000 1.053935
DS2.d641.s1.i0 -1.000000 1.174758
DS2.d641.s2.i0 1.000000 0.951882
DS2.d641.s3.i1 1.000000 0.345553
DS2.d641.s3.i0 1.000000 0.537196
DS2.d87.s2.i0 1.000000 1.120150
DS2.d87.s1.i0 -1.000000 -0.230046
DS2.d87.s0.i0 1.000000 0.982907
DS2.d489.s0.i0 1.000000 1.313765
DS2.d489.s0.i1 1.000000 1.373897
DS2.d488.s0.i0 1.000000 1.278135
DS2.d520.s0.i0 1.000000 0.839327
DS2.d520.s0.i1 1.000000 0.858320
DS2.d728.s0.i0 -1.000000 -0.561353
DS2.d911.s0.i0 -1.000000 -1.347058
DS2.d480.s0.i0 1.000000 -0.342962
DS2.d487.s0.i2 1.000000 0.415643
DS2.d487.s0.i0 1.000000 0.503979
DS2.d487.s0.i1 1.000000 0.044879
DS2.d486.s0.i0 -1.000000 -0.481143
DS2.d485.s0.i0 -1.000000 0.530413
DS2.d485.s1.i0 -1.000000 0.612509
DS2.d484.s0.i0 1.000000 0.473554
