DS2.d64.s0.i0 1.000000 0.605562
DS2.d64.s0.i1 1.000000 0.655714
DS2.d65.s0.i0 -1.000000 -0.559518
DS2.d66.s0.i0 1.000000 0.863720
DS2.d66.s0.i1 1.000000 0.781956
DS2.d67.s0.i1 -1.000000 -0.844202
DS2.d67.s0.i0 -1.000000 -0.927491
DS2.d60.s0.i0 1.000000 0.969155
DS2.d61.s3.i0 1.000000 0.632044
DS2.d61.s2.i1 1.000000 0.790592
DS2.d61.s2.i0 1.000000 0.839333
DS2.d61.s1.i0 -1.000000 0.300787
DS2.d61.s0.i1 1.000000 0.754586
DS2.d61.s0.i0 1.000000 0.764549
DS2.d62.s0.i0 -1.000000 -0.781941
DS2.d62.s0.i1 -1.000000 -0.850795
DS2.d62.s1.i0 -1.000000 -0.705029
DS2.d63.s0.i1 1.000000 0.192510
DS2.d63.s0.i0 -1.000000 -0.448074
DS2.d68.s0.i0 1.000000 0.473212
DS2.d68.s1.i0 1.000000 0.895698
DS2.d68.s2.i0 1.000000 0.929404
DS2.d68.s2.i1 1.000000 0.729444
DS2.d68.s2.i2 1.000000 0.929404
DS2.d69.s0.i2 -1.000000 -0.664394
DS2.d69.s0.i1 -1.000000 -0.842949
DS2.d69.s0.i0 -1.000000 -0.673542
DS2.d233.s0.i1 1.000000 0.749583
DS2.d233.s0.i0 1.000000 0.595743
DS2.d512.s0.i0 -1.000000 0.168613
DS2.d164.s0.i0 1.000000 0.482422
DS2.d165.s3.i0 1.000000 0.808247
DS2.d165.s2.i0 1.000000 0.838838
DS2.d165.s1.i0 1.000000 0.910942
DS2.d165.s1.i1 1.000000 0.731286
DS2.d165.s0.i0 -1.000000 -0.211334
DS2.d166.s0.i0 -1.000000 -0.916668
DS2.d166.s0.i1 -1.000000 -0.785527
DS2.d166.s0.i2 -1.000000 -0.814493
DS2.d167.s0.i1 1.000000 0.634133
DS2.d167.s0.i0 1.000000 1.116493
DS2.d167.s0.i2 1.000000 1.054967
DS2.d160.s0.i2 -1.000000 -0.870185
DS2.d160.s0.i3 -1.000000 -0.840539
DS2.d160.s0.i0 -1.000000 -0.833514
DS2.d160.s0.i1 -1.000000 -0.912701
DS2.d161.s0.i0 -1.000000 -0.981220
DS2.d162.s0.i0 -1.000000 0.492491
DS2.d163.s0.i1 1.000000 1.022683
DS2.d163.s0.i0 1.000000 1.136933
DS2.d168.s0.i0 1.000000 0.310056
DS2.d168.s0.i1 -1.000000 0.007641
DS2.d169.s0.i1 -1.000000 -0.964492
DS2.d169.s0.i0 -1.000000 -0.968322
DS2.d638.s0.i2 1.000000 0.900425
DS2.d638.s0.i3 1.000000 0.909467
DS2.d638.s0.i0 1.000000 0.908353
DS2.d638.s0.i1 1.000000 0.937066
DS2.d638.s1.i1 -1.000000 -0.717083
DS2.d638.s1.i0 -1.000000 -0.736493
DS2.d638.s2.i0 1.000000 -0.080588
DS2.d638.s2.i1 1.000000 -0.280844
DS2.d638.s3.i2 1.000000 0.912638
DS2.d638.s3.i1 1.000000 1.068975
DS2.d638.s3.i0 1.000000 0.781867
DS2.d639.s1.i0 -1.000000 -0.165595
DS2.d639.s1.i1 1.000000 0.673561
DS2.d639.s1.i2 1.000000 0.564068
DS2.d639.s1.i3 1.000000 0.592763
DS2.d639.s1.i4 -1.000000 -0.268059
DS2.d639.s1.i5 1.000000 0.494574
DS2.d639.s0.i0 -1.000000 -0.778110
DS2.d733.s0.i0 1.000000 1.062632
DS2.d733.s0.i1 1.000000 0.889154
DS2.d732.s0.i0 1.000000 0.693859
DS2.d735.s0.i4 1.000000 0.941811
DS2.d735.s0.i5 1.000000 1.028452
DS2.d735.s0.i2 1.000000 1.028452
DS2.d735.s0.i3 1.000000 0.894370
DS2.d735.s0.i0 1.000000 0.894370
DS2.d735.s0.i1 1.000000 0.941811
DS2.d735.s1.i1 -1.000000 -0.337350
DS2.d735.s1.i0 -1.000000 -0.369338
DS2.d735.s1.i2 1.000000 0.080771
DS2.d735.s2.i0 1.000000 0.808635
DS2.d735.s2.i1 1.000000 0.815713
DS2.d735.s3.i1 1.000000 0.837827
DS2.d735.s3.i0 1.000000 0.841038
DS2.d734.s0.i0 -1.000000 -0.010255
DS2.d737.s0.i0 1.000000 0.628021
DS2.d736.s0.i0 -1.000000 -0.542865
DS2.d630.s0.i0 -1.000000 -0.138475
DS2.d631.s1.i0 1.000000 0.670847
DS2.d631.s0.i0 1.000000 0.929792
DS2.d632.s0.i0 1.000000 0.267781
DS2.d633.s1.i0 1.000000 0.991848
DS2.d633.s1.i1 1.000000 0.818054
DS2.d633.s0.i0 1.000000 0.693781
DS2.d634.s0.i0 -1.000000 -0.350466
DS2.d636.s0.i0 1.000000 0.811993
DS2.d637.s0.i0 -1.000000 -0.322151
DS2.d1009.s4.i0 -1.000000 -0.247394
DS2.d1009.s2.i0 1.000000 0.905980
DS2.d1009.s3.i0 1.000000 0.707081
DS2.d1009.s0.i0 1.000000 1.091280
DS2.d1009.s0.i1 1.000000 1.169257
DS2.d1009.s0.i2 1.000000 0.930463
DS2.d1009.s0.i3 1.000000 0.863010
DS2.d1009.s1.i1 1.000000 0.937918
DS2.d1009.s1.i0 1.000000 1.010047
DS2.d1008.s0.i0 1.000000 0.718446
DS2.d1003.s0.i2 1.000000 0.830622
DS2.d1003.s0.i0 1.000000 0.747520
DS2.d1003.s0.i1 1.000000 0.942291
DS2.d1003.s1.i1 1.000000 0.918777
DS2.d1003.s1.i0 1.000000 0.969792
DS2.d1003.s1.i3 1.000000 0.847849
DS2.d1003.s1.i2 1.000000 0.797502
DS2.d1003.s1.i4 1.000000 0.931366
DS2.d1002.s0.i1 -1.000000 -0.791528
DS2.d1002.s0.i0 -1.000000 -0.523376
DS2.d1001.s0.i0 1.000000 0.526586
DS2.d1001.s0.i1 1.000000 0.779359
DS2.d1000.s0.i0 -1.000000 -0.428580
DS2.d1007.s0.i0 1.000000 1.014136
DS2.d1007.s0.i1 1.000000 0.682973
DS2.d1007.s1.i1 1.000000 0.829945
DS2.d1007.s1.i0 1.000000 0.829945
DS2.d1005.s0.i0 1.000000 1.081235
DS2.d1004.s0.i0 -1.000000 -0.439407
DS2.d229.s0.i0 1.000000 0.533081
DS2.d228.s1.i0 1.000000 0.793786
DS2.d228.s1.i1 1.000000 0.538262
DS2.d228.s0.i0 1.000000 0.596182
DS2.d227.s0.i0 -1.000000 -0.254251
DS2.d227.s1.i0 -1.000000 -0.271444
DS2.d226.s0.i0 -1.000000 -0.111260
DS2.d225.s0.i0 -1.000000 -0.688670
DS2.d224.s1.i0 1.000000 0.581577
DS2.d224.s0.i1 1.000000 0.711638
DS2.d224.s0.i0 1.000000 0.671797
DS2.d224.s2.i1 -1.000000 -0.882313
DS2.d224.s2.i0 -1.000000 -0.853297
DS2.d221.s0.i0 -1.000000 -0.715023
DS2.d221.s0.i1 1.000000 -0.033594
DS2.d221.s0.i2 -1.000000 -0.679576
DS2.d220.s0.i1 1.000000 0.823372
DS2.d220.s0.i0 1.000000 0.795653
DS2.d595.s0.i0 1.000000 1.020974
DS2.d595.s1.i0 1.000000 0.467284
DS2.d594.s0.i0 -1.000000 -0.176952
DS2.d597.s0.i0 -1.000000 -0.369204
DS2.d597.s0.i1 -1.000000 -0.425900
DS2.d596.s0.i1 1.000000 0.745935
DS2.d596.s0.i0 1.000000 0.862794
DS2.d458.s0.i2 -1.000000 -0.894602
DS2.d458.s0.i3 -1.000000 -0.874772
DS2.d458.s0.i0 -1.000000 -0.877428
DS2.d458.s0.i1 -1.000000 -0.823897
DS2.d590.s0.i5 -1.000000 -0.521382
DS2.d590.s0.i4 1.000000 0.122719
DS2.d590.s0.i3 -1.000000 -0.665123
DS2.d590.s0.i2 1.000000 0.181992
DS2.d590.s0.i1 -1.000000 -0.586486
DS2.d590.s0.i0 -1.000000 -0.577080
DS2.d593.s0.i0 -1.000000 -0.496780
DS2.d593.s1.i0 1.000000 0.558818
DS2.d592.s0.i0 1.000000 0.666913
DS2.d454.s0.i0 1.000000 1.153358
DS2.d454.s1.i0 1.000000 0.684978
DS2.d455.s0.i1 -1.000000 -0.453848
DS2.d455.s0.i0 -1.000000 -0.517255
DS2.d456.s0.i0 -1.000000 -0.855182
DS2.d456.s1.i0 -1.000000 -0.705830
DS2.d457.s0.i0 -1.000000 -0.466346
DS2.d450.s0.i0 1.000000 0.392122
DS2.d451.s1.i0 -1.000000 -0.612445
DS2.d451.s1.i1 1.000000 0.380458
DS2.d451.s0.i2 1.000000 0.466650
DS2.d451.s0.i1 1.000000 0.332629
DS2.d451.s0.i0 -1.000000 0.100114
DS2.d452.s0.i0 -1.000000 -0.899826
DS2.d453.s0.i0 -1.000000 -0.673838
DS2.d352.s0.i1 -1.000000 -0.905054
DS2.d352.s0.i0 -1.000000 -0.930273
DS2.d298.s0.i0 1.000000 0.583671
DS2.d299.s1.i0 1.000000 0.641923
DS2.d299.s1.i1 1.000000 0.857745
DS2.d299.s0.i0 1.000000 0.979672
DS2.d299.s2.i0 1.000000 0.821401
DS2.d357.s0.i2 -1.000000 -0.827175
DS2.d357.s0.i3 -1.000000 -0.919283
DS2.d357.s0.i0 -1.000000 -0.823019
DS2.d357.s0.i1 -1.000000 -0.939648
DS2.d357.s1.i0 1.000000 0.663723
DS2.d355.s0.i0 1.000000 1.002279
DS2.d355.s0.i1 1.000000 1.146843
DS2.d354.s1.i0 -1.000000 -0.798551
DS2.d354.s0.i0 -1.000000 -0.647542
DS2.d292.s0.i0 1.000000 0.889732
DS2.d290.s0.i4 1.000000 0.319349
DS2.d290.s0.i5 1.000000 0.364980
DS2.d290.s0.i6 -1.000000 -0.396916
DS2.d290.s0.i7 1.000000 0.187579
DS2.d290.s0.i0 1.000000 0.253480
DS2.d290.s0.i1 -1.000000 -0.304548
DS2.d290.s0.i2 -1.000000 -0.337965
DS2.d290.s0.i3 -1.000000 -0.334708
DS2.d291.s0.i0 1.000000 0.703786
DS2.d297.s1.i0 1.000000 0.597750
DS2.d297.s0.i0 1.000000 0.930088
DS2.d294.s0.i0 1.000000 0.070549
DS2.d295.s1.i0 1.000000 0.531186
DS2.d295.s0.i0 -1.000000 -0.555638
DS2.d869.s0.i0 1.000000 0.813413
DS2.d869.s0.i1 1.000000 0.813413
DS2.d868.s0.i0 1.000000 0.771714
DS2.d940.s0.i0 1.000000 0.885284
DS2.d941.s1.i2 1.000000 0.919081
DS2.d941.s1.i0 1.000000 0.890655
DS2.d941.s1.i1 1.000000 1.024474
DS2.d941.s0.i0 1.000000 0.580482
DS2.d941.s3.i0 1.000000 0.816429
DS2.d941.s2.i1 1.000000 0.429914
DS2.d941.s2.i0 1.000000 0.330971
DS2.d947.s0.i0 -1.000000 -0.608722
DS2.d944.s0.i0 1.000000 0.578176
DS2.d945.s0.i1 -1.000000 -0.580400
DS2.d945.s0.i0 -1.000000 -0.607005
DS2.d860.s0.i1 1.000000 0.566890
DS2.d860.s0.i0 -1.000000 0.276793
DS2.d863.s0.i0 1.000000 1.040556
DS2.d862.s0.i0 -1.000000 0.271416
DS2.d865.s0.i0 1.000000 0.664601
DS2.d864.s1.i0 1.000000 0.827758
DS2.d864.s1.i1 1.000000 0.873227
DS2.d864.s0.i0 1.000000 0.798038
DS2.d867.s0.i0 1.000000 0.887119
DS2.d867.s0.i1 1.000000 0.979070
DS2.d866.s0.i0 1.000000 0.477999
DS2.d30.s1.i0 1.000000 1.063973
DS2.d30.s1.i1 1.000000 0.707162
DS2.d30.s0.i0 1.000000 0.981401
DS2.d249.s0.i0 1.000000 0.382168
DS2.d249.s1.i0 -1.000000 -0.155288
DS2.d689.s0.i0 -1.000000 -0.482902
DS2.d35.s0.i0 1.000000 1.038458
DS2.d35.s0.i1 1.000000 1.103472
DS2.d681.s0.i2 -1.000000 -0.822185
DS2.d681.s0.i3 -1.000000 -0.976974
DS2.d681.s0.i0 -1.000000 -0.976974
DS2.d681.s0.i1 -1.000000 -0.822185
DS2.d680.s0.i0 1.000000 0.398938
DS2.d682.s0.i0 1.000000 0.985652
DS2.d685.s0.i0 1.000000 0.847117
DS2.d685.s0.i1 1.000000 0.854970
DS2.d684.s1.i0 -1.000000 -0.033724
DS2.d684.s1.i1 -1.000000 -0.112891
DS2.d684.s1.i2 1.000000 0.130982
DS2.d684.s1.i3 1.000000 0.127853
DS2.d684.s0.i1 1.000000 0.325743
DS2.d684.s0.i0 -1.000000 -0.125691
DS2.d687.s0.i0 1.000000 0.243785
DS2.d686.s1.i0 1.000000 0.784611
DS2.d686.s1.i1 1.000000 0.622659
DS2.d686.s0.i1 1.000000 0.940680
DS2.d686.s0.i0 1.000000 0.707188
DS2.d748.s0.i0 1.000000 0.760103
DS2.d749.s0.i3 -1.000000 -0.878529
DS2.d749.s0.i2 -1.000000 -0.894317
DS2.d749.s0.i1 -1.000000 -0.889051
DS2.d749.s0.i0 -1.000000 -0.768010
DS2.d28.s0.i2 1.000000 0.685232
DS2.d28.s0.i0 1.000000 0.769800
DS2.d28.s0.i1 1.000000 0.929354
DS2.d29.s0.i0 1.000000 0.946074
DS2.d303.s0.i1 -1.000000 -0.044241
DS2.d303.s0.i0 1.000000 0.172413
DS2.d449.s0.i0 1.000000 0.788544
DS2.d449.s0.i1 1.000000 0.763904
DS2.d20.s0.i0 -1.000000 -0.253430
DS2.d20.s1.i0 -1.000000 -0.604806
DS2.d21.s0.i0 -1.000000 -0.448146
DS2.d22.s0.i0 1.000000 1.043226
DS2.d448.s0.i0 1.000000 0.853830
DS2.d24.s0.i0 1.000000 0.692137
DS2.d24.s0.i1 -1.000000 -0.159987
DS2.d24.s1.i0 1.000000 0.415042
DS2.d24.s2.i0 -1.000000 -0.303365
DS2.d24.s3.i1 -1.000000 -0.167658
DS2.d24.s3.i0 1.000000 0.213137
DS2.d25.s0.i1 1.000000 0.801828
DS2.d25.s0.i0 1.000000 0.921030
DS2.d26.s0.i0 -1.000000 -0.758021
DS2.d26.s0.i1 -1.000000 -1.097202
DS2.d26.s0.i2 -1.000000 -0.883053
DS2.d26.s0.i3 -1.000000 -1.122755
DS2.d26.s0.i4 -1.000000 -1.000756
DS2.d26.s0.i5 -1.000000 -0.959036
DS2.d26.s0.i6 -1.000000 -0.963705
DS2.d26.s0.i7 -1.000000 -1.028227
DS2.d27.s0.i1 -1.000000 -0.686646
DS2.d27.s0.i0 -1.000000 -0.911374
DS2.d1061.s0.i0 1.000000 0.930635
DS2.d1060.s0.i0 1.000000 0.912545
DS2.d97.s0.i0 -1.000000 -0.799486
DS2.d97.s0.i1 -1.000000 -0.851436
DS2.d97.s0.i2 -1.000000 -0.578946
DS2.d731.s0.i0 1.000000 0.795837
DS2.d444.s1.i0 1.000000 0.773855
DS2.d444.s1.i1 1.000000 0.721722
DS2.d444.s0.i1 1.000000 0.770681
DS2.d444.s0.i0 1.000000 0.901393
DS2.d779.s0.i0 1.000000 0.603956
DS2.d778.s3.i0 1.000000 0.537909
DS2.d778.s2.i1 -1.000000 -0.134707
DS2.d778.s2.i0 -1.000000 -0.680366
DS2.d778.s1.i0 -1.000000 -0.965353
DS2.d778.s0.i0 1.000000 0.440169
DS2.d730.s0.i1 1.000000 0.603183
DS2.d730.s0.i0 1.000000 0.780205
DS2.d775.s0.i0 1.000000 0.929953
DS2.d775.s1.i0 1.000000 0.282396
DS2.d774.s2.i1 -1.000000 -0.723523
DS2.d774.s2.i0 -1.000000 -0.752701
DS2.d774.s1.i0 -1.000000 -0.751514
DS2.d774.s1.i1 -1.000000 -1.052491
DS2.d774.s1.i2 -1.000000 -0.677235
DS2.d774.s0.i1 -1.000000 -1.235469
DS2.d774.s0.i0 -1.000000 -1.252103
DS2.d777.s0.i0 1.000000 0.716805
DS2.d776.s0.i1 -1.000000 -0.902469
DS2.d776.s0.i0 -1.000000 -1.056820
DS2.d776.s0.i3 -1.000000 -0.998776
DS2.d776.s0.i2 -1.000000 -1.031504
DS2.d771.s0.i2 -1.000000 -0.796268
DS2.d771.s0.i3 -1.000000 -0.788726
DS2.d771.s0.i0 -1.000000 -0.598407
DS2.d771.s0.i1 -1.000000 -0.591117
DS2.d770.s1.i0 1.000000 0.731576
DS2.d770.s0.i0 1.000000 0.696905
DS2.d773.s0.i0 -1.000000 -0.839665
DS2.d773.s0.i1 -1.000000 -0.871482
DS2.d772.s1.i0 -1.000000 -0.726849
DS2.d772.s1.i1 -1.000000 -0.756367
DS2.d772.s0.i0 1.000000 0.796600
DS2.d674.s0.i2 -1.000000 -0.772742
DS2.d674.s0.i3 -1.000000 -0.928332
DS2.d674.s0.i0 -1.000000 -0.549831
DS2.d674.s0.i1 -1.000000 -0.866353
DS2.d676.s2.i0 1.000000 0.926454
DS2.d676.s3.i0 1.000000 0.725557
DS2.d676.s0.i0 1.000000 0.657268
DS2.d676.s1.i0 1.000000 0.755689
DS2.d676.s4.i0 1.000000 0.831106
DS2.d578.s0.i1 1.000000 0.781713
DS2.d578.s0.i0 1.000000 0.977398
DS2.d670.s0.i0 -1.000000 -0.435176
DS2.d670.s0.i1 -1.000000 -0.780948
DS2.d671.s1.i4 -1.000000 -0.709782
DS2.d671.s1.i5 -1.000000 -0.710472
DS2.d671.s1.i0 -1.000000 -0.937783
DS2.d671.s1.i1 -1.000000 -0.796924
DS2.d671.s1.i2 -1.000000 -0.792975
DS2.d671.s1.i3 1.000000 -0.434033
DS2.d671.s0.i0 1.000000 0.774370
DS2.d672.s0.i0 1.000000 0.743984
DS2.d672.s0.i1 1.000000 0.915596
DS2.d672.s0.i2 1.000000 0.824305
DS2.d672.s0.i3 1.000000 0.805817
DS2.d673.s1.i0 1.000000 0.780187
DS2.d673.s0.i0 1.000000 0.739447
DS2.d573.s0.i0 1.000000 1.237345
DS2.d573.s1.i0 1.000000 0.978174
DS2.d572.s0.i0 1.000000 1.169217
DS2.d570.s0.i0 -1.000000 0.038610
DS2.d577.s0.i2 1.000000 0.934063
DS2.d577.s0.i0 1.000000 0.880314
DS2.d577.s0.i1 1.000000 0.816783
DS2.d576.s2.i0 1.000000 0.701243
DS2.d576.s1.i0 1.000000 0.691466
DS2.d576.s0.i0 1.000000 0.380218
DS2.d575.s0.i0 1.000000 0.642740
DS2.d575.s0.i1 1.000000 0.849095
DS2.d575.s0.i2 1.000000 0.694827
DS2.d575.s0.i3 1.000000 0.674770
DS2.d574.s0.i0 1.000000 0.584926
DS2.d739.s0.i0 1.000000 0.631496
DS2.d738.s0.i0 1.000000 0.084480
DS2.d362.s0.i0 1.000000 0.783443
DS2.d363.s0.i1 -1.000000 -0.519709
DS2.d363.s0.i0 -1.000000 -0.712751
DS2.d138.s0.i1 1.000000 0.910689
DS2.d138.s0.i0 1.000000 0.900761
DS2.d133.s0.i0 1.000000 1.037535
DS2.d133.s1.i0 1.000000 0.815045
DS2.d132.s0.i3 1.000000 0.771921
DS2.d132.s0.i2 1.000000 0.786551
DS2.d132.s0.i1 1.000000 0.710373
DS2.d132.s0.i0 1.000000 0.940901
DS2.d131.s0.i0 1.000000 0.520171
DS2.d130.s0.i1 -1.000000 -0.377437
DS2.d130.s0.i0 -1.000000 -0.280584
DS2.d137.s0.i2 -1.000000 -0.204272
DS2.d137.s0.i0 1.000000 0.409815
DS2.d137.s0.i1 1.000000 0.287959
DS2.d136.s0.i0 -1.000000 -0.391844
DS2.d135.s0.i0 1.000000 0.941299
DS2.d134.s1.i0 -1.000000 -0.105133
DS2.d134.s1.i1 1.000000 0.058255
DS2.d134.s0.i0 -1.000000 -0.464696
DS2.d134.s2.i0 -1.000000 -0.257732
DS2.d708.s0.i0 1.000000 0.823347
DS2.d708.s0.i1 1.000000 0.826324
DS2.d709.s1.i0 1.000000 0.869493
DS2.d709.s0.i0 1.000000 0.871876
DS2.d700.s0.i0 1.000000 0.633438
DS2.d701.s0.i0 1.000000 0.443035
DS2.d702.s0.i0 1.000000 0.633810
DS2.d703.s0.i0 -1.000000 -0.371613
DS2.d704.s0.i2 -1.000000 -1.127529
DS2.d704.s0.i0 -1.000000 -0.953898
DS2.d704.s0.i1 -1.000000 -1.072401
DS2.d705.s0.i0 -1.000000 -0.686495
DS2.d706.s0.i0 1.000000 0.766447
DS2.d850.s0.i0 1.000000 0.108629
DS2.d850.s0.i1 -1.000000 0.103323
DS2.d851.s1.i0 1.000000 0.732205
DS2.d851.s0.i1 1.000000 0.895302
DS2.d851.s0.i0 1.000000 0.851503
DS2.d852.s0.i0 1.000000 0.482633
DS2.d852.s0.i1 1.000000 0.797343
DS2.d853.s1.i0 1.000000 0.750510
DS2.d853.s1.i1 1.000000 0.750510
DS2.d853.s0.i1 1.000000 0.694057
DS2.d853.s0.i0 1.000000 0.727784
DS2.d854.s0.i0 -1.000000 -0.637639
DS2.d855.s1.i0 1.000000 0.567197
DS2.d855.s0.i0 1.000000 0.612683
DS2.d857.s1.i0 1.000000 0.961703
DS2.d857.s0.i0 1.000000 0.689038
DS2.d858.s0.i0 1.000000 0.430494
DS2.d858.s1.i0 1.000000 0.821678
DS2.d859.s0.i0 1.000000 0.781077
DS2.d1057.s0.i0 1.000000 1.007080
DS2.d767.s0.i0 -1.000000 -0.599912
DS2.d1050.s0.i0 1.000000 0.591769
DS2.d1050.s1.i0 -1.000000 -0.477292
DS2.d1051.s0.i0 1.000000 1.008899
DS2.d1053.s0.i1 1.000000 1.014810
DS2.d1053.s0.i0 1.000000 1.044880
DS2.d1054.s0.i0 -1.000000 -0.698702
DS2.d283.s0.i0 -1.000000 -0.682936
DS2.d319.s0.i0 1.000000 0.539551
DS2.d318.s0.i1 -1.000000 -0.971358
DS2.d318.s0.i0 -1.000000 -0.877838
DS2.d318.s0.i3 -1.000000 -0.877838
DS2.d318.s0.i2 -1.000000 -0.971358
DS2.d1058.s0.i0 -1.000000 -0.815230
DS2.d1058.s0.i1 -1.000000 -0.786975
DS2.d316.s0.i0 -1.000000 0.582136
DS2.d315.s0.i0 1.000000 1.145577
DS2.d314.s1.i0 -1.000000 -0.215749
DS2.d314.s0.i1 -1.000000 -0.607097
DS2.d314.s0.i0 -1.000000 -0.642668
DS2.d313.s0.i0 -1.000000 -0.570669
DS2.d313.s0.i1 -1.000000 -0.647803
DS2.d312.s0.i2 -1.000000 -0.940928
DS2.d312.s0.i1 -1.000000 -0.919648
DS2.d312.s0.i0 -1.000000 -0.945538
DS2.d311.s0.i0 -1.000000 -0.158323
DS2.d311.s0.i1 1.000000 0.359773
DS2.d310.s0.i1 -1.000000 -0.963665
DS2.d310.s0.i0 -1.000000 -0.981873
DS2.d310.s0.i3 -1.000000 -0.904457
DS2.d310.s0.i2 -1.000000 -0.891623
DS2.d256.s0.i0 1.000000 0.616740
DS2.d256.s0.i1 1.000000 0.719956
DS2.d254.s0.i0 -1.000000 -1.035408
DS2.d255.s0.i1 1.000000 0.686678
DS2.d255.s0.i0 1.000000 0.635848
DS2.d252.s0.i0 1.000000 0.777931
DS2.d252.s1.i0 1.000000 0.758351
DS2.d253.s0.i0 -1.000000 -0.272023
DS2.d250.s0.i0 1.000000 0.796020
DS2.d251.s0.i1 -1.000000 -0.563039
DS2.d251.s0.i0 -1.000000 -0.617342
DS2.d569.s0.i1 1.000000 0.623600
DS2.d569.s0.i0 1.000000 0.573871
DS2.d258.s0.i0 1.000000 0.952980
DS2.d259.s1.i2 1.000000 0.918508
DS2.d259.s1.i3 1.000000 1.008522
DS2.d259.s1.i0 1.000000 0.767751
DS2.d259.s1.i1 1.000000 0.911614
DS2.d259.s0.i0 1.000000 0.715455
DS2.d825.s0.i0 1.000000 0.700771
DS2.d825.s1.i1 -1.000000 -0.716458
DS2.d825.s1.i0 -1.000000 -0.717547
DS2.d825.s1.i2 -1.000000 -0.734003
DS2.d824.s0.i0 -1.000000 -0.276971
DS2.d827.s0.i0 1.000000 0.883517
DS2.d826.s0.i5 -1.000000 -0.976448
DS2.d826.s0.i4 -1.000000 -0.891772
DS2.d826.s0.i7 -1.000000 -1.075855
DS2.d826.s0.i6 -1.000000 -0.854742
DS2.d826.s0.i1 -1.000000 -0.967156
DS2.d826.s0.i0 -1.000000 -1.025612
DS2.d826.s0.i3 -1.000000 -0.961201
DS2.d826.s0.i2 -1.000000 -0.929006
DS2.d826.s0.i10 -1.000000 -1.023507
DS2.d826.s0.i9 -1.000000 -1.091066
DS2.d826.s0.i8 -1.000000 -0.943050
DS2.d826.s0.i11 -1.000000 -1.092547
DS2.d826.s0.i12 -1.000000 -0.974708
DS2.d826.s0.i13 -1.000000 -0.980652
DS2.d821.s0.i0 1.000000 1.103706
DS2.d820.s0.i2 1.000000 0.862083
DS2.d820.s0.i1 1.000000 0.697410
DS2.d820.s0.i0 1.000000 0.690385
DS2.d823.s4.i0 -1.000000 -0.527024
DS2.d823.s4.i1 -1.000000 -0.475811
DS2.d823.s2.i0 1.000000 0.600729
DS2.d823.s3.i0 -1.000000 -0.536642
DS2.d823.s0.i0 1.000000 1.119728
DS2.d823.s0.i1 1.000000 1.062263
DS2.d823.s1.i1 1.000000 1.003485
DS2.d823.s1.i0 1.000000 0.909588
DS2.d822.s1.i0 1.000000 0.581053
DS2.d822.s0.i0 1.000000 0.766565
DS2.d818.s0.i0 1.000000 0.778346
DS2.d818.s0.i1 1.000000 0.839189
DS2.d828.s0.i1 -1.000000 -0.926035
DS2.d828.s0.i0 -1.000000 -1.057294
DS2.d658.s0.i0 1.000000 0.688388
DS2.d560.s0.i0 -1.000000 0.162531
DS2.d659.s0.i0 -1.000000 -0.638600
DS2.d561.s3.i0 -1.000000 -0.920748
DS2.d561.s3.i1 -1.000000 -0.733069
DS2.d561.s2.i0 -1.000000 -0.284128
DS2.d561.s1.i0 -1.000000 -0.642297
DS2.d561.s0.i0 -1.000000 -0.755725
DS2.d98.s1.i0 1.000000 0.816466
DS2.d98.s0.i2 1.000000 0.968246
DS2.d98.s0.i1 1.000000 1.013379
DS2.d98.s0.i0 1.000000 0.651547
DS2.d403.s0.i0 -1.000000 -0.377019
DS2.d402.s0.i0 -1.000000 -0.447339
DS2.d401.s0.i0 -1.000000 -0.690778
DS2.d401.s1.i0 1.000000 0.529199
DS2.d400.s0.i5 -1.000000 -0.967667
DS2.d400.s0.i4 -1.000000 -0.980249
DS2.d400.s0.i7 -1.000000 -1.020152
DS2.d400.s0.i6 -1.000000 -0.928230
DS2.d400.s0.i1 -1.000000 -0.896309
DS2.d400.s0.i0 -1.000000 -0.998952
DS2.d400.s0.i3 -1.000000 -0.870743
DS2.d400.s0.i2 -1.000000 -0.980110
DS2.d407.s0.i0 1.000000 0.439585
DS2.d406.s2.i0 -1.000000 -0.705496
DS2.d406.s1.i0 -1.000000 -0.616344
DS2.d406.s0.i0 -1.000000 -0.605468
DS2.d405.s0.i0 1.000000 0.126990
DS2.d405.s0.i1 -1.000000 0.051004
DS2.d405.s0.i2 -1.000000 -0.092762
DS2.d405.s0.i3 1.000000 0.254999
DS2.d404.s1.i0 1.000000 0.758774
DS2.d404.s0.i1 1.000000 -0.101684
DS2.d404.s0.i0 -1.000000 0.065115
DS2.d810.s0.i0 -1.000000 -0.714818
DS2.d409.s0.i0 1.000000 0.705366
DS2.d811.s0.i1 1.000000 0.781473
DS2.d811.s0.i0 1.000000 0.835053
DS2.d919.s0.i0 1.000000 0.994732
DS2.d95.s0.i0 -1.000000 -0.947637
DS2.d94.s0.i1 1.000000 0.831695
DS2.d94.s0.i0 1.000000 0.794761
DS2.d910.s0.i1 1.000000 0.853900
DS2.d910.s0.i0 1.000000 0.743563
DS2.d913.s2.i0 1.000000 0.706245
DS2.d913.s0.i0 1.000000 0.903207
DS2.d913.s1.i0 1.000000 0.900297
DS2.d912.s0.i0 1.000000 0.567123
DS2.d915.s0.i0 1.000000 0.976527
DS2.d915.s0.i1 1.000000 1.058592
DS2.d915.s1.i0 1.000000 0.967175
DS2.d799.s0.i0 -1.000000 -0.351828
DS2.d799.s1.i0 -1.000000 -0.853202
DS2.d917.s0.i0 1.000000 0.832299
DS2.d917.s0.i1 1.000000 0.757651
DS2.d917.s0.i2 1.000000 0.888680
DS2.d916.s0.i0 1.000000 0.809501
DS2.d651.s0.i1 1.000000 0.830489
DS2.d651.s0.i0 1.000000 0.845826
DS2.d651.s0.i3 1.000000 0.786148
DS2.d651.s0.i2 1.000000 0.797964
DS2.d668.s0.i0 1.000000 1.045458
DS2.d93.s0.i0 1.000000 0.814227
DS2.d92.s0.i0 1.000000 0.971387
DS2.d498.s0.i0 -1.000000 -0.611463
DS2.d498.s0.i1 -1.000000 -0.888329
DS2.d498.s1.i1 -1.000000 -0.624314
DS2.d498.s1.i0 -1.000000 -0.654136
DS2.d536.s0.i0 1.000000 0.745723
DS2.d535.s0.i0 -1.000000 -0.975449
DS2.d535.s0.i1 -1.000000 -0.845315
DS2.d534.s0.i0 -1.000000 -0.943485
DS2.d533.s0.i6 -1.000000 -0.874926
DS2.d533.s0.i7 -1.000000 -1.003088
DS2.d533.s0.i4 -1.000000 -0.847435
DS2.d533.s0.i5 -1.000000 -0.921470
DS2.d533.s0.i2 -1.000000 -1.014978
DS2.d533.s0.i3 -1.000000 -1.000556
DS2.d533.s0.i0 -1.000000 -0.975671
DS2.d533.s0.i1 -1.000000 -0.895749
DS2.d532.s1.i0 -1.000000 -0.722109
DS2.d532.s0.i0 1.000000 0.808396
DS2.d531.s0.i0 1.000000 0.721781
DS2.d531.s1.i0 1.000000 0.803323
DS2.d539.s0.i0 1.000000 0.809202
DS2.d539.s0.i1 1.000000 0.787435
DS2.d538.s0.i0 -1.000000 -0.265911
DS2.d51.s0.i0 1.000000 0.726445
DS2.d51.s0.i1 1.000000 0.732611
DS2.d53.s0.i0 1.000000 0.944290
DS2.d53.s0.i1 1.000000 0.770114
DS2.d53.s0.i2 1.000000 0.915781
DS2.d52.s1.i0 1.000000 0.765676
DS2.d52.s0.i1 -1.000000 -0.794792
DS2.d52.s0.i0 -1.000000 -0.721965
DS2.d55.s0.i0 -1.000000 -0.904698
DS2.d54.s1.i0 1.000000 0.712476
DS2.d54.s0.i0 1.000000 0.824449
DS2.d57.s0.i0 1.000000 0.675143
DS2.d57.s0.i1 1.000000 0.817527
DS2.d56.s0.i1 1.000000 0.339830
DS2.d56.s0.i0 -1.000000 0.022161
DS2.d56.s0.i3 -1.000000 0.063072
DS2.d56.s0.i2 1.000000 0.255256
DS2.d56.s0.i4 1.000000 0.235980
DS2.d59.s0.i0 1.000000 0.898075
DS2.d59.s0.i1 1.000000 0.898075
DS2.d58.s0.i3 1.000000 0.939933
DS2.d58.s0.i2 1.000000 0.798445
DS2.d58.s0.i1 1.000000 0.905899
DS2.d58.s0.i0 1.000000 0.782087
DS2.d58.s0.i5 1.000000 0.966143
DS2.d58.s0.i4 1.000000 0.878639
DS2.d490.s0.i0 1.000000 0.267528
DS2.d490.s0.i1 1.000000 0.132752
DS2.d491.s0.i2 1.000000 0.606561
DS2.d491.s0.i1 1.000000 0.534030
DS2.d491.s0.i0 1.000000 0.910647
DS2.d177.s0.i0 1.000000 0.723810
DS2.d177.s1.i5 1.000000 -0.005800
DS2.d177.s1.i4 -1.000000 -0.233452
DS2.d177.s1.i1 -1.000000 -0.334848
DS2.d177.s1.i0 -1.000000 -0.369200
DS2.d177.s1.i3 1.000000 -0.073439
DS2.d177.s1.i2 -1.000000 -0.298732
DS2.d177.s2.i0 -1.000000 -0.609571
DS2.d177.s3.i0 1.000000 0.765146
DS2.d177.s4.i0 1.000000 0.998701
DS2.d177.s4.i1 1.000000 0.749001
DS2.d176.s0.i0 -1.000000 -0.981483
DS2.d175.s0.i0 1.000000 0.690254
DS2.d174.s1.i2 1.000000 0.799037
DS2.d174.s1.i3 1.000000 0.872883
DS2.d174.s1.i0 1.000000 0.923646
DS2.d174.s1.i1 1.000000 0.764704
DS2.d174.s0.i1 1.000000 0.991946
DS2.d174.s0.i0 1.000000 0.955808
DS2.d173.s0.i0 -1.000000 -0.746615
DS2.d173.s0.i1 -1.000000 -0.866356
DS2.d172.s0.i0 -1.000000 -0.720775
DS2.d171.s0.i0 1.000000 0.891992
DS2.d171.s0.i1 1.000000 1.092556
DS2.d171.s1.i0 1.000000 0.432333
DS2.d170.s0.i1 1.000000 0.489115
DS2.d170.s0.i0 1.000000 0.419360
DS2.d179.s0.i0 -1.000000 -0.454420
DS2.d179.s1.i1 -1.000000 -0.776220
DS2.d179.s1.i0 -1.000000 -0.834793
DS2.d178.s1.i0 -1.000000 -0.170716
DS2.d178.s0.i1 -1.000000 -0.827780
DS2.d178.s0.i0 -1.000000 -0.918883
DS2.d744.s0.i0 1.000000 0.534812
DS2.d745.s0.i2 1.000000 0.829480
DS2.d745.s0.i1 1.000000 0.678665
DS2.d745.s0.i0 1.000000 1.256598
DS2.d746.s2.i0 1.000000 0.566325
DS2.d746.s0.i0 -1.000000 0.801970
DS2.d746.s1.i0 1.000000 0.038782
DS2.d628.s0.i0 1.000000 0.760409
DS2.d740.s0.i0 1.000000 0.211810
DS2.d741.s0.i0 1.000000 0.807337
DS2.d742.s0.i0 1.000000 0.923064
DS2.d742.s0.i1 1.000000 0.713457
DS2.d743.s0.i0 1.000000 0.649713
DS2.d623.s0.i0 1.000000 0.769810
DS2.d622.s4.i0 1.000000 0.679262
DS2.d622.s3.i0 1.000000 0.687881
DS2.d622.s2.i0 1.000000 0.503374
DS2.d622.s1.i0 1.000000 0.833234
DS2.d622.s1.i1 1.000000 0.681994
DS2.d622.s0.i0 1.000000 0.728287
DS2.d621.s0.i0 -1.000000 -0.769727
DS2.d621.s0.i1 -1.000000 -0.782612
DS2.d621.s0.i2 -1.000000 -0.853118
DS2.d621.s0.i3 -1.000000 -0.769727
DS2.d621.s1.i1 -1.000000 -0.702608
DS2.d621.s1.i0 -1.000000 -0.717066
DS2.d620.s0.i1 1.000000 0.395500
DS2.d620.s0.i0 -1.000000 0.043710
DS2.d627.s0.i0 -1.000000 -0.529845
DS2.d627.s0.i1 -1.000000 -0.616693
DS2.d626.s0.i0 1.000000 0.770951
DS2.d501.s1.i0 -1.000000 -0.721407
DS2.d501.s1.i1 -1.000000 -1.000031
DS2.d501.s0.i1 -1.000000 -1.060268
DS2.d501.s0.i0 -1.000000 -0.952891
DS2.d1018.s0.i0 1.000000 0.861866
DS2.d1019.s0.i0 1.000000 0.598745
DS2.d1014.s0.i0 -1.000000 -0.188037
DS2.d1014.s1.i0 1.000000 0.614027
DS2.d1014.s2.i0 1.000000 0.720013
DS2.d1015.s0.i3 1.000000 0.969320
DS2.d1015.s0.i2 1.000000 0.858887
DS2.d1015.s0.i1 1.000000 0.969320
DS2.d1015.s0.i0 1.000000 0.858887
DS2.d1015.s0.i5 1.000000 0.982920
DS2.d1015.s0.i4 1.000000 0.982920
DS2.d1017.s0.i0 1.000000 1.077737
DS2.d1010.s0.i0 -1.000000 0.518849
DS2.d1011.s1.i0 1.000000 0.627563
DS2.d1011.s0.i0 1.000000 0.851662
DS2.d1012.s0.i0 1.000000 0.931250
DS2.d1012.s0.i1 1.000000 0.881270
DS2.d1013.s1.i0 1.000000 0.718430
DS2.d1013.s0.i0 1.000000 0.469872
DS2.d212.s0.i2 -1.000000 -0.490800
DS2.d212.s0.i0 -1.000000 -0.366995
DS2.d212.s0.i1 1.000000 0.112840
DS2.d212.s1.i1 1.000000 1.016816
DS2.d212.s1.i0 1.000000 0.721590
DS2.d212.s1.i3 1.000000 0.943422
DS2.d212.s1.i2 1.000000 0.954279
DS2.d210.s2.i0 1.000000 0.683720
DS2.d210.s0.i0 1.000000 0.867599
DS2.d210.s0.i1 1.000000 0.789460
DS2.d210.s1.i0 1.000000 0.664323
DS2.d211.s0.i0 1.000000 0.822414
DS2.d216.s0.i0 -1.000000 -0.374826
DS2.d217.s0.i5 -1.000000 -0.766829
DS2.d217.s0.i4 -1.000000 -0.772132
DS2.d217.s0.i3 -1.000000 -0.896369
DS2.d217.s0.i2 -1.000000 -0.938294
DS2.d217.s0.i1 -1.000000 -0.811570
DS2.d217.s0.i0 -1.000000 -0.881496
DS2.d214.s0.i0 1.000000 0.186724
DS2.d215.s0.i0 1.000000 0.723569
DS2.d218.s0.i0 -1.000000 -0.673636
DS2.d219.s0.i0 -1.000000 -0.709935
DS2.d920.s0.i0 -1.000000 -0.649510
DS2.d920.s0.i1 -1.000000 -0.925536
DS2.d921.s0.i0 1.000000 0.781330
DS2.d922.s0.i0 1.000000 0.746450
DS2.d923.s1.i0 -1.000000 -0.779142
DS2.d923.s0.i0 -1.000000 -0.331313
DS2.d925.s0.i1 -1.000000 -0.682659
DS2.d925.s0.i0 -1.000000 -0.765844
DS2.d926.s0.i0 -1.000000 -0.692350
DS2.d926.s0.i1 -1.000000 -0.692350
DS2.d927.s1.i0 1.000000 0.453289
DS2.d927.s0.i0 1.000000 0.628859
DS2.d928.s0.i0 -1.000000 -0.320099
DS2.d929.s0.i8 -1.000000 -0.804170
DS2.d929.s0.i3 -1.000000 -0.855368
DS2.d929.s0.i2 -1.000000 -0.975788
DS2.d929.s0.i1 -1.000000 -0.918381
DS2.d929.s0.i0 -1.000000 -0.868930
DS2.d929.s0.i7 -1.000000 -0.884892
DS2.d929.s0.i6 -1.000000 -1.013391
DS2.d929.s0.i5 -1.000000 -1.038797
DS2.d929.s0.i4 -1.000000 -0.997500
DS2.d887.s0.i2 -1.000000 -0.779119
DS2.d887.s0.i0 -1.000000 -0.804028
DS2.d887.s0.i1 -1.000000 -0.897271
DS2.d886.s0.i0 1.000000 0.802238
DS2.d885.s0.i0 -1.000000 -0.403965
DS2.d885.s1.i3 -1.000000 -0.824636
DS2.d885.s1.i2 -1.000000 -0.766510
DS2.d885.s1.i1 -1.000000 -0.741332
DS2.d885.s1.i0 -1.000000 -0.738852
DS2.d884.s1.i0 1.000000 0.542799
DS2.d884.s0.i1 1.000000 0.995586
DS2.d884.s0.i0 1.000000 0.976255
DS2.d884.s2.i1 1.000000 0.843917
DS2.d884.s2.i0 1.000000 0.828772
DS2.d883.s0.i0 -1.000000 -0.085531
DS2.d883.s0.i1 1.000000 0.570191
DS2.d882.s1.i0 -1.000000 -0.868390
DS2.d882.s1.i1 -1.000000 -0.845620
DS2.d882.s0.i0 1.000000 1.087588
DS2.d881.s0.i0 1.000000 0.447777
DS2.d881.s0.i1 1.000000 0.725087
DS2.d881.s0.i2 1.000000 0.406677
DS2.d881.s0.i3 -1.000000 0.335595
DS2.d880.s1.i0 -1.000000 -0.650902
DS2.d880.s0.i1 -1.000000 -1.077103
DS2.d880.s0.i0 -1.000000 -0.960851
DS2.d447.s0.i0 1.000000 0.488458
DS2.d447.s1.i0 1.000000 1.161426
DS2.d446.s1.i0 1.000000 0.432134
DS2.d446.s0.i3 1.000000 0.862533
DS2.d446.s0.i2 1.000000 0.834363
DS2.d446.s0.i1 1.000000 0.749980
DS2.d446.s0.i0 1.000000 0.760174
DS2.d1063.s0.i0 1.000000 0.716055
DS2.d1063.s0.i1 1.000000 0.828695
DS2.d1062.s0.i0 -1.000000 -0.489562
DS2.d443.s0.i2 1.000000 0.860076
DS2.d443.s0.i0 1.000000 0.804549
DS2.d443.s0.i1 1.000000 0.794392
DS2.d442.s1.i0 1.000000 0.803901
DS2.d442.s0.i0 -1.000000 -0.710167
DS2.d441.s0.i0 1.000000 0.673593
DS2.d441.s1.i0 1.000000 0.594714
DS2.d888.s0.i0 1.000000 0.656598
DS2.d366.s0.i0 1.000000 0.733448
DS2.d366.s1.i0 1.000000 0.597842
DS2.d366.s2.i0 1.000000 0.575272
DS2.d366.s2.i1 1.000000 0.554366
DS2.d366.s3.i0 1.000000 0.945392
DS2.d367.s0.i0 -1.000000 -0.549335
DS2.d365.s0.i0 -1.000000 -0.082025
DS2.d289.s0.i0 1.000000 0.811694
DS2.d288.s0.i0 1.000000 1.067730
DS2.d360.s0.i0 1.000000 0.699964
DS2.d361.s0.i0 1.000000 0.951851
DS2.d285.s0.i0 1.000000 0.292736
DS2.d285.s1.i1 -1.000000 -0.988274
DS2.d285.s1.i0 -1.000000 -1.004214
DS2.d285.s1.i3 -1.000000 -0.913761
DS2.d285.s1.i2 -1.000000 -0.916197
DS2.d284.s0.i0 1.000000 0.921657
DS2.d287.s0.i0 1.000000 0.912180
DS2.d286.s1.i0 1.000000 0.854079
DS2.d286.s1.i1 1.000000 0.987870
DS2.d286.s0.i0 1.000000 0.751701
DS2.d281.s0.i0 -1.000000 -0.534388
DS2.d280.s0.i1 1.000000 0.869429
DS2.d280.s0.i0 1.000000 0.869429
DS2.d368.s0.i0 -1.000000 -0.404432
DS2.d369.s1.i0 -1.000000 -0.636888
DS2.d369.s0.i0 -1.000000 -0.832690
DS2.d369.s2.i0 -1.000000 -0.807855
DS2.d955.s0.i0 1.000000 0.740682
DS2.d954.s0.i3 1.000000 0.901113
DS2.d954.s0.i2 1.000000 0.894602
DS2.d954.s0.i1 1.000000 1.014738
DS2.d954.s0.i0 1.000000 0.884525
DS2.d956.s0.i1 1.000000 1.008725
DS2.d956.s0.i0 1.000000 0.928936
DS2.d951.s0.i6 -1.000000 -0.976042
DS2.d951.s0.i7 -1.000000 -0.943373
DS2.d951.s0.i4 -1.000000 -0.945341
DS2.d951.s0.i5 -1.000000 -1.035727
DS2.d951.s0.i2 -1.000000 -1.019472
DS2.d951.s0.i3 -1.000000 -0.893738
DS2.d951.s0.i0 -1.000000 -1.048177
DS2.d951.s0.i1 -1.000000 -1.072019
DS2.d951.s0.i8 -1.000000 -1.055139
DS2.d951.s0.i9 -1.000000 -1.090975
DS2.d951.s1.i0 1.000000 0.576513
DS2.d819.s0.i1 1.000000 0.781668
DS2.d819.s0.i0 1.000000 0.864068
DS2.d953.s0.i0 -1.000000 0.114101
DS2.d952.s0.i1 1.000000 0.945391
DS2.d952.s0.i0 1.000000 0.921280
DS2.d952.s0.i3 1.000000 0.749098
DS2.d952.s0.i2 1.000000 0.716466
DS2.d814.s0.i0 -1.000000 -0.772340
DS2.d814.s0.i1 -1.000000 -1.018054
DS2.d814.s1.i1 -1.000000 -1.072118
DS2.d814.s1.i0 -1.000000 -0.977213
DS2.d814.s1.i2 -1.000000 -1.094021
DS2.d814.s2.i0 -1.000000 -0.767491
DS2.d816.s0.i0 1.000000 0.755846
DS2.d959.s0.i0 -1.000000 -0.316345
DS2.d959.s0.i1 -1.000000 -0.355625
DS2.d958.s0.i1 1.000000 0.931445
DS2.d958.s0.i0 1.000000 0.885013
DS2.d812.s0.i0 -1.000000 -0.363480
DS2.d812.s0.i1 -1.000000 -0.545425
DS2.d812.s1.i3 1.000000 0.889686
DS2.d812.s1.i2 1.000000 0.908759
DS2.d812.s1.i1 1.000000 0.885732
DS2.d812.s1.i0 1.000000 0.926487
DS2.d813.s1.i0 -1.000000 -0.754487
DS2.d813.s0.i1 -1.000000 -0.669696
DS2.d813.s0.i0 -1.000000 -1.055403
DS2.d813.s0.i3 -1.000000 -0.914263
DS2.d813.s0.i2 -1.000000 -1.196813
DS2.d813.s2.i0 -1.000000 -0.864228
DS2.d282.s0.i0 -1.000000 -0.364744
DS2.d125.s1.i0 -1.000000 -0.796913
DS2.d125.s1.i1 -1.000000 -0.673305
DS2.d125.s0.i1 -1.000000 -0.847239
DS2.d125.s0.i0 -1.000000 -0.889621
DS2.d127.s0.i0 1.000000 0.903316
DS2.d1024.s0.i0 1.000000 1.196850
DS2.d1.s0.i0 1.000000 0.693549
DS2.d0.s1.i0 1.000000 0.868799
DS2.d0.s0.i0 1.000000 0.981687
DS2.d3.s0.i0 1.000000 0.612183
DS2.d2.s1.i0 1.000000 0.414272
DS2.d2.s0.i0 1.000000 0.649142
DS2.d5.s0.i0 1.000000 0.520636
DS2.d4.s0.i3 -1.000000 -1.014352
DS2.d4.s0.i2 -1.000000 -0.950285
DS2.d4.s0.i1 -1.000000 -0.978379
DS2.d4.s0.i0 -1.000000 -1.035977
DS2.d7.s0.i0 -1.000000 -0.692990
DS2.d6.s0.i9 -1.000000 -0.946159
DS2.d6.s0.i8 -1.000000 -0.947055
DS2.d6.s0.i1 -1.000000 -0.927226
DS2.d6.s0.i0 -1.000000 -1.051349
DS2.d6.s0.i3 -1.000000 -0.982095
DS2.d6.s0.i2 -1.000000 -0.982532
DS2.d6.s0.i5 -1.000000 -0.939193
DS2.d6.s0.i4 -1.000000 -1.073811
DS2.d6.s0.i7 -1.000000 -0.956099
DS2.d6.s0.i6 -1.000000 -1.005432
DS2.d9.s0.i0 1.000000 0.925250
DS2.d9.s0.i1 1.000000 0.846923
DS2.d8.s0.i2 1.000000 0.408211
DS2.d8.s0.i1 1.000000 0.738906
DS2.d8.s0.i0 -1.000000 -0.147821
DS2.d943.s0.i3 1.000000 0.835278
DS2.d943.s0.i2 1.000000 0.821445
DS2.d943.s0.i1 1.000000 0.884826
DS2.d943.s0.i0 1.000000 0.772697
DS2.d780.s0.i0 1.000000 0.602040
DS2.d894.s0.i0 1.000000 0.360949
DS2.d782.s0.i0 -1.000000 -0.572368
DS2.d783.s1.i0 1.000000 0.576138
DS2.d783.s0.i0 1.000000 0.359164
DS2.d784.s0.i2 1.000000 0.918253
DS2.d784.s0.i0 1.000000 0.573084
DS2.d784.s0.i1 1.000000 0.880941
DS2.d785.s0.i0 1.000000 0.655998
DS2.d786.s0.i0 1.000000 0.864091
DS2.d786.s1.i0 1.000000 0.834233
DS2.d895.s0.i0 1.000000 1.034949
DS2.d788.s0.i0 -1.000000 -0.907465
DS2.d788.s0.i1 -1.000000 -0.930595
DS2.d788.s1.i0 -1.000000 -0.491429
DS2.d789.s0.i0 -1.000000 -0.634416
DS2.d896.s2.i0 1.000000 0.927735
DS2.d896.s2.i1 1.000000 0.927735
DS2.d896.s0.i4 1.000000 1.011406
DS2.d896.s0.i5 1.000000 0.954264
DS2.d896.s0.i6 1.000000 0.911915
DS2.d896.s0.i7 1.000000 0.973845
DS2.d896.s0.i0 1.000000 1.055358
DS2.d896.s0.i1 1.000000 1.033769
DS2.d896.s0.i2 1.000000 0.821779
DS2.d896.s0.i3 1.000000 0.789817
DS2.d896.s1.i1 1.000000 0.676738
DS2.d896.s1.i0 1.000000 0.847328
DS2.d667.s0.i0 1.000000 1.042149
DS2.d667.s0.i1 1.000000 0.995237
DS2.d666.s0.i1 -1.000000 -0.497211
DS2.d666.s0.i0 -1.000000 -0.574982
DS2.d665.s0.i0 1.000000 0.744386
DS2.d665.s1.i0 1.000000 1.172596
DS2.d897.s0.i0 1.000000 0.795896
DS2.d663.s0.i0 1.000000 0.797193
DS2.d663.s1.i1 1.000000 0.945182
DS2.d663.s1.i0 1.000000 0.926000
DS2.d663.s1.i2 1.000000 0.903400
DS2.d662.s0.i1 1.000000 0.607524
DS2.d662.s0.i0 1.000000 0.770189
DS2.d548.s0.i0 1.000000 0.668639
DS2.d548.s0.i1 1.000000 1.034526
DS2.d548.s0.i2 1.000000 0.893036
DS2.d548.s0.i3 1.000000 0.919303
DS2.d548.s0.i4 1.000000 0.778793
DS2.d548.s0.i5 1.000000 1.052792
DS2.d548.s0.i6 1.000000 0.931350
DS2.d548.s0.i7 1.000000 0.790221
DS2.d549.s1.i2 1.000000 0.800259
DS2.d549.s1.i3 1.000000 0.798208
DS2.d549.s1.i0 1.000000 1.099369
DS2.d549.s1.i1 1.000000 1.105789
DS2.d549.s0.i0 1.000000 0.638717
DS2.d546.s0.i10 -1.000000 -0.919649
DS2.d546.s0.i11 -1.000000 -1.018498
DS2.d546.s0.i2 -1.000000 -0.855780
DS2.d546.s0.i3 -1.000000 -0.976575
DS2.d546.s0.i0 -1.000000 -1.013585
DS2.d546.s0.i1 -1.000000 -0.839401
DS2.d546.s0.i6 -1.000000 -1.018022
DS2.d546.s0.i7 -1.000000 -0.995615
DS2.d546.s0.i4 -1.000000 -1.077626
DS2.d546.s0.i5 -1.000000 -1.001637
DS2.d546.s0.i8 -1.000000 -0.862561
DS2.d546.s0.i9 -1.000000 -0.856481
DS2.d546.s1.i1 -1.000000 -0.925595
DS2.d546.s1.i0 -1.000000 -0.925061
DS2.d890.s0.i0 1.000000 0.538659
DS2.d544.s0.i0 -1.000000 -0.519040
DS2.d544.s0.i1 -1.000000 -0.473597
DS2.d545.s0.i1 -1.000000 -0.565825
DS2.d545.s0.i0 -1.000000 -0.570098
DS2.d542.s0.i0 1.000000 0.726335
DS2.d543.s1.i0 1.000000 0.944715
DS2.d543.s1.i1 1.000000 0.944715
DS2.d543.s0.i0 1.000000 0.975968
DS2.d540.s0.i0 1.000000 1.023600
DS2.d891.s1.i0 -1.000000 -0.683629
DS2.d891.s1.i1 -1.000000 -0.847069
DS2.d891.s0.i1 1.000000 0.819827
DS2.d891.s0.i0 1.000000 0.744685
DS2.d892.s0.i0 -1.000000 -1.071147
DS2.d892.s0.i1 -1.000000 -0.913876
DS2.d892.s0.i2 -1.000000 -0.968235
DS2.d892.s0.i3 -1.000000 -0.926164
DS2.d892.s0.i4 -1.000000 -0.903321
DS2.d892.s0.i5 -1.000000 -0.973884
DS2.d892.s0.i6 -1.000000 -0.845349
DS2.d892.s0.i7 -1.000000 -1.069880
DS2.d892.s1.i2 -1.000000 -0.944692
DS2.d892.s1.i1 -1.000000 -0.778812
DS2.d892.s1.i0 -1.000000 -0.866753
DS2.d893.s0.i0 -1.000000 -0.546171
DS2.d317.s0.i0 1.000000 0.486293
DS2.d317.s0.i1 -1.000000 0.151607
DS2.d108.s0.i0 1.000000 0.619785
DS2.d109.s0.i0 -1.000000 0.024252
DS2.d106.s0.i0 1.000000 0.488345
DS2.d107.s0.i1 1.000000 0.611380
DS2.d107.s0.i0 1.000000 0.558730
DS2.d104.s0.i4 -1.000000 -0.915384
DS2.d104.s0.i5 -1.000000 -0.771497
DS2.d104.s0.i0 -1.000000 -0.946904
DS2.d104.s0.i1 -1.000000 -1.034895
DS2.d104.s0.i2 -1.000000 -1.082319
DS2.d104.s0.i3 -1.000000 -0.874854
DS2.d104.s1.i7 -1.000000 -1.027081
DS2.d104.s1.i6 -1.000000 -0.897346
DS2.d104.s1.i5 -1.000000 -1.107871
DS2.d104.s1.i4 -1.000000 -1.120192
DS2.d104.s1.i3 -1.000000 -0.899023
DS2.d104.s1.i2 -1.000000 -0.888983
DS2.d104.s1.i1 -1.000000 -1.104861
DS2.d104.s1.i0 -1.000000 -0.951633
DS2.d105.s0.i1 -1.000000 -0.757289
DS2.d105.s0.i0 -1.000000 -0.686866
DS2.d102.s0.i0 1.000000 1.179957
DS2.d103.s0.i1 -1.000000 -0.678868
DS2.d103.s0.i0 -1.000000 -0.715947
DS2.d100.s0.i0 -1.000000 -0.739589
DS2.d100.s0.i1 -1.000000 -0.951841
DS2.d100.s0.i2 -1.000000 -1.015277
DS2.d101.s1.i0 1.000000 0.308785
DS2.d101.s0.i0 1.000000 1.055644
DS2.d17.s0.i0 -1.000000 -0.450809
DS2.d17.s0.i1 1.000000 0.496120
DS2.d17.s0.i2 1.000000 0.496120
DS2.d17.s0.i3 -1.000000 -0.450809
DS2.d16.s1.i2 1.000000 0.862733
DS2.d16.s1.i0 1.000000 0.782476
DS2.d16.s1.i1 1.000000 0.913047
DS2.d16.s0.i0 -1.000000 -0.567222
DS2.d11.s0.i0 1.000000 0.433662
DS2.d11.s1.i0 1.000000 1.065371
DS2.d10.s0.i1 1.000000 0.710237
DS2.d10.s0.i0 1.000000 0.697991
DS2.d13.s0.i0 -1.000000 -0.086985
DS2.d13.s0.i1 1.000000 0.443019
DS2.d13.s0.i2 -1.000000 -0.034773
DS2.d13.s0.i3 1.000000 0.216642
DS2.d13.s1.i0 -1.000000 -0.529585
DS2.d12.s1.i2 -1.000000 -0.857090
DS2.d12.s1.i3 -1.000000 -0.758430
DS2.d12.s1.i0 -1.000000 -0.940173
DS2.d12.s1.i1 -1.000000 -0.997066
DS2.d12.s0.i1 -1.000000 -0.963002
DS2.d12.s0.i0 -1.000000 -1.015658
DS2.d12.s0.i3 -1.000000 -1.094138
DS2.d12.s0.i2 -1.000000 -1.002582
DS2.d713.s0.i0 1.000000 0.293038
DS2.d713.s0.i1 -1.000000 -0.064881
DS2.d713.s1.i0 -1.000000 0.446934
DS2.d712.s0.i9 1.000000 0.803708
DS2.d712.s0.i8 1.000000 0.872850
DS2.d712.s0.i3 1.000000 0.807768
DS2.d712.s0.i2 1.000000 0.925685
DS2.d712.s0.i1 1.000000 1.041707
DS2.d712.s0.i0 1.000000 0.782136
DS2.d712.s0.i7 1.000000 0.864148
DS2.d712.s0.i6 1.000000 0.968986
DS2.d712.s0.i5 1.000000 0.717660
DS2.d712.s0.i4 1.000000 0.870361
DS2.d710.s0.i1 1.000000 0.719761
DS2.d710.s0.i0 1.000000 0.786284
DS2.d717.s0.i0 1.000000 0.680329
DS2.d717.s0.i1 1.000000 0.766506
DS2.d18.s0.i2 1.000000 0.879448
DS2.d18.s0.i1 1.000000 0.911258
DS2.d18.s0.i0 1.000000 0.676292
DS2.d715.s0.i0 1.000000 1.029383
DS2.d715.s0.i1 1.000000 0.752619
DS2.d714.s1.i0 1.000000 0.815797
DS2.d714.s0.i0 1.000000 0.491711
DS2.d843.s0.i0 -1.000000 -0.686118
DS2.d843.s1.i0 -1.000000 -0.901750
DS2.d842.s0.i1 -1.000000 -0.869592
DS2.d842.s0.i0 -1.000000 -0.850417
DS2.d841.s0.i0 1.000000 0.772968
DS2.d847.s0.i0 1.000000 0.034907
DS2.d847.s0.i1 -1.000000 -0.331253
DS2.d845.s0.i0 -1.000000 -0.652943
DS2.d845.s0.i1 -1.000000 -0.627604
DS2.d845.s0.i2 -1.000000 -0.708379
DS2.d845.s0.i3 -1.000000 -0.548781
DS2.d844.s0.i1 -1.000000 -0.596336
DS2.d844.s0.i0 -1.000000 -0.652370
DS2.d849.s0.i0 -1.000000 -0.419608
DS2.d848.s1.i2 1.000000 0.972758
DS2.d848.s1.i0 1.000000 0.970551
DS2.d848.s1.i1 1.000000 0.925221
DS2.d848.s0.i0 1.000000 0.604081
DS2.d351.s0.i0 -1.000000 -0.614842
DS2.d351.s1.i0 -1.000000 0.217663
DS2.d322.s0.i0 -1.000000 -0.753650
DS2.d322.s0.i1 -1.000000 -0.735247
DS2.d323.s0.i0 -1.000000 -0.441053
DS2.d320.s0.i0 1.000000 0.427882
DS2.d1026.s0.i1 1.000000 1.033625
DS2.d1026.s0.i0 1.000000 0.859538
DS2.d1021.s0.i4 -1.000000 -0.688317
DS2.d1021.s0.i5 -1.000000 -0.709228
DS2.d1021.s0.i2 -1.000000 -0.745381
DS2.d1021.s0.i3 1.000000 0.138632
DS2.d1021.s0.i0 1.000000 0.187629
DS2.d1021.s0.i1 -1.000000 0.151613
DS2.d1020.s0.i0 1.000000 0.672993
DS2.d324.s0.i0 1.000000 0.624877
DS2.d324.s0.i1 1.000000 0.969495
DS2.d324.s0.i2 1.000000 0.898859
DS2.d325.s1.i0 -1.000000 -0.771464
DS2.d325.s1.i1 -1.000000 -0.797395
DS2.d325.s0.i1 -1.000000 -0.417604
DS2.d325.s0.i0 -1.000000 -0.531153
DS2.d325.s0.i3 1.000000 0.382519
DS2.d325.s0.i2 1.000000 0.390055
DS2.d325.s2.i2 -1.000000 -0.961937
DS2.d325.s2.i1 -1.000000 -0.722137
DS2.d325.s2.i0 -1.000000 -0.879200
DS2.d241.s0.i0 1.000000 0.884222
DS2.d241.s1.i0 1.000000 0.867179
DS2.d240.s0.i3 -1.000000 -0.816113
DS2.d240.s0.i2 -1.000000 -0.951222
DS2.d240.s0.i1 -1.000000 -0.949187
DS2.d240.s0.i0 -1.000000 -0.945244
DS2.d328.s0.i0 1.000000 0.203417
DS2.d242.s0.i0 -1.000000 -0.758639
DS2.d245.s0.i0 -1.000000 -0.719653
DS2.d245.s0.i1 -1.000000 -0.875979
DS2.d244.s1.i0 -1.000000 -0.575434
DS2.d244.s0.i0 -1.000000 0.151091
DS2.d247.s0.i0 -1.000000 0.423759
DS2.d246.s0.i1 -1.000000 -0.638897
DS2.d246.s0.i0 -1.000000 -0.709282
DS2.d591.s0.i0 1.000000 0.867143
DS2.d591.s1.i0 1.000000 0.669211
DS2.d914.s0.i0 -1.000000 -0.465893
DS2.d308.s0.i0 1.000000 0.806457
DS2.d308.s0.i1 1.000000 0.809293
DS2.d308.s1.i0 1.000000 0.863814
DS2.d359.s0.i0 1.000000 0.782640
DS2.d309.s0.i0 1.000000 0.348768
DS2.d358.s0.i0 1.000000 0.781308
DS2.d462.s0.i1 1.000000 0.739127
DS2.d462.s0.i0 1.000000 0.993851
DS2.d462.s0.i3 1.000000 1.041733
DS2.d462.s0.i2 1.000000 1.031794
DS2.d301.s0.i0 -1.000000 -0.622053
DS2.d304.s0.i0 -1.000000 -0.470833
DS2.d898.s0.i0 1.000000 0.685839
DS2.d898.s0.i1 1.000000 1.041493
DS2.d306.s0.i0 -1.000000 -0.063296
DS2.d436.s0.i0 -1.000000 -0.861911
DS2.d436.s0.i1 -1.000000 -0.848514
DS2.d436.s1.i0 -1.000000 -0.536185
DS2.d437.s1.i0 1.000000 0.985956
DS2.d437.s0.i0 1.000000 0.801901
DS2.d434.s0.i0 1.000000 0.548397
DS2.d434.s0.i1 1.000000 0.547504
DS2.d434.s0.i2 -1.000000 0.400691
DS2.d434.s0.i3 1.000000 0.418036
DS2.d435.s0.i11 1.000000 0.932124
DS2.d435.s0.i10 1.000000 0.922466
DS2.d435.s0.i12 1.000000 0.943627
DS2.d435.s0.i13 1.000000 0.918296
DS2.d435.s0.i5 1.000000 0.905475
DS2.d435.s0.i4 1.000000 0.913663
DS2.d435.s0.i7 1.000000 0.953492
DS2.d435.s0.i6 1.000000 0.926424
DS2.d435.s0.i1 1.000000 1.049110
DS2.d435.s0.i0 1.000000 0.897470
DS2.d435.s0.i3 1.000000 0.934744
DS2.d435.s0.i2 1.000000 0.953169
DS2.d435.s0.i15 1.000000 0.932237
DS2.d435.s0.i9 1.000000 1.067293
DS2.d435.s0.i8 1.000000 1.003260
DS2.d435.s0.i14 1.000000 0.986642
DS2.d432.s0.i0 -1.000000 -0.045685
DS2.d432.s0.i1 1.000000 0.123427
DS2.d432.s1.i1 1.000000 0.930782
DS2.d432.s1.i0 1.000000 0.549250
DS2.d433.s0.i1 -1.000000 -0.600224
DS2.d433.s0.i0 -1.000000 -0.775315
DS2.d430.s0.i0 -1.000000 -0.325400
DS2.d431.s0.i0 1.000000 0.825560
DS2.d469.s0.i4 -1.000000 -0.494491
DS2.d469.s0.i2 1.000000 0.103123
DS2.d469.s0.i3 1.000000 0.103123
DS2.d469.s0.i0 -1.000000 -0.494491
DS2.d469.s0.i1 -1.000000 -0.494491
DS2.d438.s0.i0 -1.000000 -0.527432
DS2.d439.s0.i0 -1.000000 -0.828525
DS2.d899.s0.i0 1.000000 0.593980
DS2.d754.s1.i0 1.000000 0.732591
DS2.d754.s0.i1 1.000000 0.843457
DS2.d754.s0.i0 1.000000 0.843457
DS2.d968.s0.i0 1.000000 0.573671
DS2.d969.s0.i1 -1.000000 -0.563621
DS2.d969.s0.i0 -1.000000 -0.618976
DS2.d964.s0.i2 1.000000 0.900241
DS2.d964.s0.i3 1.000000 0.924607
DS2.d964.s0.i0 1.000000 0.895730
DS2.d964.s0.i1 1.000000 0.846430
DS2.d964.s1.i1 1.000000 0.822011
DS2.d964.s1.i0 1.000000 0.848281
DS2.d965.s0.i0 -1.000000 -0.572654
DS2.d966.s0.i0 1.000000 0.897966
DS2.d967.s0.i1 1.000000 0.258430
DS2.d967.s0.i0 1.000000 0.351046
DS2.d960.s0.i0 -1.000000 -0.709599
DS2.d961.s0.i1 -1.000000 -0.719694
DS2.d961.s0.i0 -1.000000 -0.746066
DS2.d962.s0.i0 -1.000000 -0.546679
DS2.d963.s0.i1 -1.000000 -0.805062
DS2.d963.s0.i0 -1.000000 -0.797969
DS2.d781.s0.i1 1.000000 0.715613
DS2.d781.s0.i0 1.000000 0.814572
DS2.d619.s0.i0 1.000000 0.940975
DS2.d335.s0.i0 1.000000 0.681197
DS2.d508.s0.i4 1.000000 0.998651
DS2.d508.s0.i5 1.000000 0.886089
DS2.d508.s0.i0 1.000000 0.925834
DS2.d508.s0.i1 1.000000 0.954165
DS2.d508.s0.i2 1.000000 0.896210
DS2.d508.s0.i3 1.000000 0.941359
DS2.d508.s1.i1 -1.000000 -0.572899
DS2.d508.s1.i0 -1.000000 -0.876250
DS2.d509.s0.i0 1.000000 0.776011
DS2.d334.s0.i0 -1.000000 -0.530081
DS2.d502.s0.i0 1.000000 0.553595
DS2.d502.s0.i1 1.000000 0.548358
DS2.d502.s1.i1 -1.000000 -0.889367
DS2.d502.s1.i0 -1.000000 -0.899438
DS2.d503.s0.i0 1.000000 1.239916
DS2.d500.s0.i0 -1.000000 -0.891297
DS2.d500.s0.i1 -1.000000 -0.848746
DS2.d500.s0.i2 -1.000000 -0.889648
DS2.d787.s1.i0 1.000000 0.727640
DS2.d787.s0.i1 1.000000 0.949204
DS2.d787.s0.i0 1.000000 1.114790
DS2.d787.s0.i3 1.000000 0.820970
DS2.d787.s0.i2 1.000000 1.223837
DS2.d506.s0.i0 -1.000000 -0.564325
DS2.d507.s0.i0 -1.000000 0.063336
DS2.d504.s0.i0 -1.000000 -0.224793
DS2.d505.s4.i0 1.000000 0.886085
DS2.d505.s1.i0 1.000000 0.862386
DS2.d505.s0.i0 1.000000 0.138487
DS2.d505.s3.i0 1.000000 0.920700
DS2.d505.s2.i0 1.000000 1.111911
DS2.d336.s0.i1 -1.000000 -0.919748
DS2.d336.s0.i0 -1.000000 -0.909326
DS2.d336.s0.i3 -1.000000 -0.948302
DS2.d336.s0.i2 -1.000000 -0.938622
DS2.d331.s0.i0 1.000000 0.810795
DS2.d331.s0.i1 1.000000 0.785397
DS2.d611.s0.i0 1.000000 0.999203
DS2.d239.s0.i0 1.000000 0.814969
DS2.d333.s0.i0 1.000000 0.279919
DS2.d333.s0.i1 1.000000 0.378369
DS2.d333.s0.i2 -1.000000 -0.011219
DS2.d333.s1.i0 1.000000 0.066557
DS2.d48.s0.i0 1.000000 0.985962
DS2.d48.s1.i0 1.000000 0.924391
DS2.d49.s1.i0 1.000000 0.338551
DS2.d49.s0.i0 1.000000 0.835233
DS2.d46.s0.i2 -1.000000 -0.741526
DS2.d46.s0.i0 -1.000000 -0.844690
DS2.d46.s0.i1 -1.000000 -0.865649
DS2.d47.s0.i2 -1.000000 -0.901346
DS2.d47.s0.i1 -1.000000 -0.639326
DS2.d47.s0.i0 -1.000000 -0.741386
DS2.d44.s0.i0 -1.000000 0.096913
DS2.d44.s1.i0 -1.000000 -0.611049
DS2.d45.s0.i1 -1.000000 -0.836159
DS2.d45.s0.i0 -1.000000 -0.647693
DS2.d45.s0.i3 -1.000000 -0.703286
DS2.d45.s0.i2 -1.000000 -0.788078
DS2.d42.s0.i10 -1.000000 -0.931029
DS2.d42.s0.i11 -1.000000 -0.841225
DS2.d42.s0.i6 -1.000000 -0.917296
DS2.d42.s0.i7 -1.000000 -0.967669
DS2.d42.s0.i4 -1.000000 -1.015177
DS2.d42.s0.i5 -1.000000 -0.935551
DS2.d42.s0.i2 -1.000000 -0.744001
DS2.d42.s0.i3 -1.000000 -0.896601
DS2.d42.s0.i0 -1.000000 -0.983534
DS2.d42.s0.i1 -1.000000 -0.826539
DS2.d42.s0.i8 -1.000000 -0.966743
DS2.d42.s0.i9 -1.000000 -0.974575
DS2.d43.s2.i0 1.000000 1.069351
DS2.d43.s1.i0 1.000000 1.092150
DS2.d43.s0.i1 1.000000 1.153125
DS2.d43.s0.i0 1.000000 1.056905
DS2.d40.s0.i0 -1.000000 -0.769701
DS2.d41.s1.i0 1.000000 0.952144
DS2.d41.s0.i0 1.000000 0.903553
DS2.d41.s2.i0 1.000000 1.042980
DS2.d148.s0.i0 -1.000000 -0.360807
DS2.d148.s0.i1 -1.000000 -0.231669
DS2.d149.s0.i0 1.000000 0.606034
DS2.d142.s0.i2 1.000000 0.868314
DS2.d142.s0.i3 1.000000 0.981559
DS2.d142.s0.i0 1.000000 0.962710
DS2.d142.s0.i1 1.000000 1.010397
DS2.d142.s1.i0 1.000000 0.692005
DS2.d143.s0.i0 1.000000 0.674725
DS2.d140.s2.i0 1.000000 0.848757
DS2.d140.s3.i1 1.000000 0.916541
DS2.d140.s3.i0 1.000000 0.887862
DS2.d140.s0.i4 1.000000 1.130170
DS2.d140.s0.i5 1.000000 1.166409
DS2.d140.s0.i0 1.000000 0.920546
DS2.d140.s0.i1 1.000000 0.943759
DS2.d140.s0.i2 1.000000 0.920546
DS2.d140.s0.i3 1.000000 0.943759
DS2.d140.s1.i1 1.000000 1.007233
DS2.d140.s1.i0 1.000000 1.058698
DS2.d140.s4.i0 1.000000 1.022821
DS2.d140.s4.i1 1.000000 1.147712
DS2.d140.s4.i2 1.000000 0.955276
DS2.d140.s4.i3 1.000000 0.967063
DS2.d140.s4.i4 1.000000 1.172300
DS2.d140.s4.i5 1.000000 0.532014
DS2.d140.s4.i6 1.000000 1.116436
DS2.d140.s4.i7 1.000000 0.963986
DS2.d141.s1.i0 -1.000000 -0.583733
DS2.d141.s0.i0 -1.000000 -0.502682
DS2.d146.s0.i0 -1.000000 -0.014687
DS2.d146.s0.i1 -1.000000 -0.094937
DS2.d147.s0.i0 1.000000 0.656027
DS2.d144.s0.i0 1.000000 1.069093
DS2.d145.s1.i2 -1.000000 -0.713229
DS2.d145.s1.i0 -1.000000 -0.920991
DS2.d145.s1.i1 -1.000000 -0.819085
DS2.d145.s0.i1 -1.000000 0.117637
DS2.d145.s0.i0 1.000000 0.243846
DS2.d145.s0.i2 1.000000 0.293651
DS2.d237.s0.i0 1.000000 0.586040
DS2.d230.s0.i0 1.000000 0.763279
DS2.d231.s0.i22 -1.000000 -0.985145
DS2.d231.s0.i23 -1.000000 -1.083684
DS2.d231.s0.i20 -1.000000 -1.034561
DS2.d231.s0.i21 -1.000000 -1.156656
DS2.d231.s0.i7 -1.000000 -1.049367
DS2.d231.s0.i6 -1.000000 -1.060940
DS2.d231.s0.i5 -1.000000 -0.958248
DS2.d231.s0.i4 -1.000000 -1.077722
DS2.d231.s0.i3 -1.000000 -0.976997
DS2.d231.s0.i2 -1.000000 -0.877339
DS2.d231.s0.i1 -1.000000 -0.996862
DS2.d231.s0.i0 -1.000000 -1.006124
DS2.d231.s0.i9 -1.000000 -1.040241
DS2.d231.s0.i8 -1.000000 -1.011602
DS2.d231.s0.i17 -1.000000 -0.703854
DS2.d231.s0.i16 -1.000000 -0.999825
DS2.d231.s0.i15 -1.000000 -0.950605
DS2.d231.s0.i14 -1.000000 -0.901113
DS2.d231.s0.i13 -1.000000 -1.142657
DS2.d231.s0.i12 -1.000000 -0.748657
DS2.d231.s0.i11 -1.000000 -1.025777
DS2.d231.s0.i10 -1.000000 -0.840615
DS2.d231.s0.i19 -1.000000 -0.923749
DS2.d231.s0.i18 -1.000000 -1.190238
DS2.d757.s0.i0 -1.000000 -0.910322
DS2.d757.s0.i1 -1.000000 -0.987414
DS2.d757.s1.i1 -1.000000 -0.805546
DS2.d757.s1.i0 -1.000000 -0.896234
DS2.d757.s2.i0 -1.000000 -1.150577
DS2.d757.s2.i1 -1.000000 -1.122367
DS2.d757.s3.i1 -1.000000 -0.818312
DS2.d757.s3.i0 -1.000000 -0.850018
DS2.d756.s0.i2 -1.000000 -1.015648
DS2.d756.s0.i1 -1.000000 -0.887210
DS2.d756.s0.i0 -1.000000 -0.985940
DS2.d755.s0.i0 1.000000 0.629679
DS2.d755.s0.i1 1.000000 0.839496
DS2.d664.s1.i0 1.000000 0.740430
DS2.d664.s0.i0 1.000000 0.555215
DS2.d752.s0.i1 1.000000 0.814771
DS2.d752.s0.i0 1.000000 0.785361
DS2.d618.s0.i0 1.000000 1.146541
DS2.d750.s1.i0 1.000000 0.907794
DS2.d750.s0.i1 1.000000 0.945230
DS2.d750.s0.i0 1.000000 1.008760
DS2.d750.s2.i1 1.000000 0.717430
DS2.d750.s2.i0 1.000000 0.851774
DS2.d617.s0.i1 1.000000 0.914344
DS2.d617.s0.i0 1.000000 1.029612
DS2.d614.s0.i0 -1.000000 -0.923357
DS2.d614.s0.i1 -1.000000 -0.711261
DS2.d615.s0.i0 1.000000 0.326107
DS2.d612.s0.i0 -1.000000 -0.854841
DS2.d612.s0.i1 -1.000000 -0.708080
DS2.d613.s0.i1 -1.000000 0.051558
DS2.d613.s0.i0 1.000000 0.375629
DS2.d759.s0.i0 1.000000 0.451922
DS2.d759.s0.i1 1.000000 0.614790
DS2.d758.s0.i0 -1.000000 -0.223226
DS2.d661.s0.i0 -1.000000 -0.597127
DS2.d660.s0.i0 -1.000000 -0.427326
DS2.d205.s0.i0 1.000000 0.193358
DS2.d205.s1.i0 1.000000 0.263742
DS2.d205.s2.i0 -1.000000 -0.858705
DS2.d204.s1.i0 -1.000000 -0.552690
DS2.d204.s0.i0 -1.000000 -0.707595
DS2.d207.s0.i0 1.000000 0.909232
DS2.d206.s0.i1 1.000000 0.527758
DS2.d206.s0.i0 1.000000 0.355253
DS2.d201.s0.i11 -1.000000 -0.352558
DS2.d201.s0.i6 1.000000 0.544803
DS2.d201.s0.i7 -1.000000 -0.452292
DS2.d201.s0.i4 1.000000 0.179252
DS2.d201.s0.i5 -1.000000 -0.470227
DS2.d201.s0.i2 -1.000000 -0.524517
DS2.d201.s0.i3 1.000000 0.712928
DS2.d201.s0.i0 1.000000 0.027309
DS2.d201.s0.i1 -1.000000 -0.293515
DS2.d201.s0.i10 -1.000000 -0.641528
DS2.d201.s0.i8 1.000000 0.145939
DS2.d201.s0.i9 1.000000 0.730644
DS2.d201.s1.i1 1.000000 0.583731
DS2.d201.s1.i0 1.000000 0.616536
DS2.d201.s1.i2 -1.000000 -0.252227
DS2.d203.s0.i0 1.000000 0.953535
DS2.d203.s0.i1 1.000000 0.922734
DS2.d547.s1.i0 -1.000000 -0.837712
DS2.d547.s0.i0 1.000000 0.881785
DS2.d209.s0.i0 -1.000000 -0.282138
DS2.d208.s0.i0 1.000000 0.747538
DS2.d525.s0.i0 1.000000 1.150922
DS2.d599.s0.i2 -1.000000 -0.910467
DS2.d599.s0.i0 -1.000000 -0.808764
DS2.d599.s0.i1 -1.000000 -0.847202
DS2.d598.s0.i0 1.000000 0.493039
DS2.d669.s0.i0 -1.000000 -0.185092
DS2.d669.s1.i0 1.000000 0.780954
DS2.d541.s0.i0 1.000000 0.699101
DS2.d933.s0.i0 1.000000 0.823262
DS2.d932.s0.i2 -1.000000 -0.937724
DS2.d932.s0.i1 -1.000000 -0.796529
DS2.d932.s0.i0 -1.000000 -0.952372
DS2.d937.s0.i0 1.000000 0.920923
DS2.d937.s0.i1 1.000000 0.920923
DS2.d936.s1.i0 1.000000 0.379142
DS2.d936.s0.i0 1.000000 0.826214
DS2.d935.s0.i0 1.000000 0.759105
DS2.d935.s0.i1 1.000000 0.787511
DS2.d934.s0.i0 -1.000000 -0.682183
DS2.d939.s0.i0 1.000000 0.564183
DS2.d202.s0.i0 1.000000 0.313067
DS2.d121.s0.i2 -1.000000 -0.961516
DS2.d121.s0.i1 -1.000000 -1.055593
DS2.d121.s0.i0 -1.000000 -1.053921
DS2.d379.s0.i2 1.000000 0.644814
DS2.d379.s0.i0 1.000000 0.927385
DS2.d379.s0.i1 1.000000 0.927385
DS2.d379.s1.i5 1.000000 1.106515
DS2.d379.s1.i4 1.000000 0.986315
DS2.d379.s1.i1 1.000000 1.004245
DS2.d379.s1.i0 1.000000 1.004245
DS2.d379.s1.i3 1.000000 0.986315
DS2.d379.s1.i2 1.000000 1.101011
DS2.d378.s0.i0 1.000000 0.976597
DS2.d470.s0.i0 1.000000 0.843334
DS2.d471.s0.i5 1.000000 0.899805
DS2.d471.s0.i4 1.000000 0.864371
DS2.d471.s0.i1 1.000000 0.805015
DS2.d471.s0.i0 1.000000 0.972635
DS2.d471.s0.i3 1.000000 0.866050
DS2.d471.s0.i2 1.000000 0.961801
DS2.d477.s0.i3 -1.000000 -0.777316
DS2.d477.s0.i2 -1.000000 -0.760585
DS2.d477.s0.i1 -1.000000 -0.836027
DS2.d477.s0.i0 -1.000000 -0.811019
DS2.d475.s1.i0 1.000000 0.916912
DS2.d475.s1.i1 1.000000 0.608999
DS2.d475.s0.i0 1.000000 0.674259
DS2.d370.s0.i0 -1.000000 0.829196
DS2.d373.s0.i0 1.000000 0.960282
DS2.d373.s1.i0 1.000000 0.720177
DS2.d372.s0.i0 1.000000 0.759884
DS2.d374.s2.i0 -1.000000 -0.526418
DS2.d374.s1.i0 1.000000 1.154968
DS2.d374.s1.i1 1.000000 0.809767
DS2.d374.s0.i1 1.000000 0.821727
DS2.d374.s0.i0 1.000000 0.755871
DS2.d377.s0.i0 1.000000 0.912773
DS2.d377.s1.i0 1.000000 0.791480
DS2.d376.s1.i0 -1.000000 -0.551497
DS2.d376.s0.i0 -1.000000 -0.195237
DS2.d270.s0.i0 1.000000 0.600382
DS2.d271.s0.i1 1.000000 0.677233
DS2.d271.s0.i0 1.000000 0.657705
DS2.d272.s0.i0 -1.000000 -0.500461
DS2.d273.s1.i0 1.000000 0.502492
DS2.d273.s0.i1 -1.000000 -0.732829
DS2.d273.s0.i0 -1.000000 -0.611113
DS2.d274.s0.i0 1.000000 0.302595
DS2.d274.s1.i0 -1.000000 -0.573534
DS2.d275.s0.i0 1.000000 0.381571
DS2.d277.s0.i0 -1.000000 -0.557276
DS2.d278.s0.i0 1.000000 0.755825
DS2.d279.s0.i3 1.000000 0.642947
DS2.d279.s0.i2 1.000000 0.914401
DS2.d279.s0.i1 1.000000 1.090399
DS2.d279.s0.i0 1.000000 0.906120
DS2.d279.s0.i7 1.000000 0.917842
DS2.d279.s0.i6 1.000000 1.088434
DS2.d279.s0.i5 1.000000 1.099298
DS2.d279.s0.i4 1.000000 0.844324
DS2.d809.s0.i0 1.000000 0.080988
DS2.d808.s0.i1 -1.000000 -0.990103
DS2.d808.s0.i0 -1.000000 -0.770406
DS2.d808.s0.i3 -1.000000 -0.786741
DS2.d808.s0.i2 -1.000000 -1.024292
DS2.d808.s0.i5 -1.000000 -0.979860
DS2.d808.s0.i4 -1.000000 -0.983002
DS2.d808.s0.i6 -1.000000 -1.063307
DS2.d807.s0.i0 -1.000000 -0.841135
DS2.d807.s0.i1 -1.000000 -0.810868
DS2.d807.s1.i1 -1.000000 -0.801180
DS2.d807.s1.i0 -1.000000 -0.881383
DS2.d806.s1.i0 1.000000 0.978347
DS2.d806.s1.i1 1.000000 0.995154
DS2.d806.s0.i0 1.000000 0.943060
DS2.d805.s0.i0 -1.000000 -0.844212
DS2.d805.s0.i1 -1.000000 -0.884671
DS2.d804.s1.i2 -1.000000 -0.874303
DS2.d804.s1.i3 -1.000000 -0.832904
DS2.d804.s1.i0 -1.000000 -0.876665
DS2.d804.s1.i1 -1.000000 -0.840544
DS2.d804.s0.i9 -1.000000 -0.938960
DS2.d804.s0.i8 -1.000000 -1.057634
DS2.d804.s0.i5 -1.000000 -1.021900
DS2.d804.s0.i4 -1.000000 -1.002827
DS2.d804.s0.i7 -1.000000 -0.948983
DS2.d804.s0.i6 -1.000000 -0.964302
DS2.d804.s0.i1 -1.000000 -0.928631
DS2.d804.s0.i0 -1.000000 -0.929313
DS2.d804.s0.i3 -1.000000 -1.000891
DS2.d804.s0.i2 -1.000000 -0.905679
DS2.d803.s0.i0 -1.000000 -0.847207
DS2.d803.s0.i1 -1.000000 -0.993174
DS2.d803.s1.i0 -1.000000 -1.035346
DS2.d802.s0.i3 -1.000000 -0.131014
DS2.d802.s0.i2 1.000000 0.191271
DS2.d802.s0.i1 -1.000000 -0.182522
DS2.d802.s0.i0 1.000000 0.334073
DS2.d801.s0.i0 1.000000 0.916699
DS2.d889.s0.i0 1.000000 0.596576
DS2.d889.s1.i0 1.000000 0.787468
DS2.d988.s0.i0 -1.000000 0.377345
DS2.d989.s1.i0 1.000000 0.740202
DS2.d989.s0.i1 1.000000 0.809950
DS2.d989.s0.i0 1.000000 0.833480
DS2.d989.s0.i3 1.000000 0.731939
DS2.d989.s0.i2 1.000000 0.721935
DS2.d989.s0.i4 1.000000 0.715444
DS2.d986.s0.i0 1.000000 0.615817
DS2.d987.s2.i0 1.000000 1.034423
DS2.d987.s1.i0 1.000000 0.666263
DS2.d987.s0.i0 1.000000 0.955760
DS2.d984.s0.i0 1.000000 0.757393
DS2.d984.s0.i1 1.000000 0.757393
DS2.d985.s0.i1 -1.000000 -0.647570
DS2.d985.s0.i0 -1.000000 -0.757097
DS2.d983.s2.i0 1.000000 0.870529
DS2.d983.s1.i0 1.000000 0.818093
DS2.d983.s0.i0 1.000000 0.894106
DS2.d980.s0.i0 -1.000000 -0.801970
DS2.d980.s0.i1 -1.000000 -0.897873
DS2.d980.s1.i0 -1.000000 -0.680618
DS2.d567.s0.i0 -1.000000 -0.386149
DS2.d384.s0.i0 -1.000000 -0.469584
DS2.d384.s1.i0 1.000000 0.997500
DS2.d385.s1.i0 -1.000000 -0.579027
DS2.d385.s1.i1 -1.000000 -0.698326
DS2.d385.s1.i2 -1.000000 -0.840033
DS2.d385.s1.i3 -1.000000 -0.693482
DS2.d385.s0.i1 1.000000 0.936868
DS2.d385.s0.i0 1.000000 0.454846
DS2.d386.s0.i0 1.000000 0.877290
DS2.d387.s1.i0 1.000000 0.492464
DS2.d387.s0.i1 1.000000 0.537488
DS2.d387.s0.i0 1.000000 0.812457
DS2.d380.s0.i0 -1.000000 0.194015
DS2.d380.s0.i1 1.000000 0.238685
DS2.d380.s1.i0 1.000000 0.539215
DS2.d381.s1.i0 -1.000000 -0.683516
DS2.d381.s0.i0 -1.000000 -0.457470
DS2.d382.s2.i0 -1.000000 -0.644983
DS2.d382.s2.i1 -1.000000 -1.096889
DS2.d382.s0.i11 -1.000000 -1.018861
DS2.d382.s0.i10 -1.000000 -0.891922
DS2.d382.s0.i8 -1.000000 -1.024873
DS2.d382.s0.i9 -1.000000 -0.978350
DS2.d382.s0.i0 -1.000000 -0.932854
DS2.d382.s0.i1 -1.000000 -1.004497
DS2.d382.s0.i2 -1.000000 -0.916310
DS2.d382.s0.i3 -1.000000 -0.990272
DS2.d382.s0.i4 -1.000000 -1.010584
DS2.d382.s0.i5 -1.000000 -1.034614
DS2.d382.s0.i6 -1.000000 -0.904895
DS2.d382.s0.i7 -1.000000 -0.871194
DS2.d382.s1.i3 -1.000000 -0.906834
DS2.d382.s1.i2 -1.000000 -0.784100
DS2.d382.s1.i1 -1.000000 -0.894201
DS2.d382.s1.i0 -1.000000 -1.120950
DS2.d382.s1.i5 -1.000000 -0.872186
DS2.d382.s1.i4 -1.000000 -1.146627
DS2.d383.s0.i0 -1.000000 -0.374380
DS2.d388.s0.i0 -1.000000 -0.746398
DS2.d388.s1.i0 -1.000000 -0.724360
DS2.d388.s2.i0 -1.000000 -0.845932
DS2.d388.s2.i1 -1.000000 -0.683617
DS2.d389.s0.i1 1.000000 0.942063
DS2.d389.s0.i0 1.000000 0.751144
DS2.d321.s0.i0 1.000000 0.499551
DS2.d186.s0.i0 1.000000 0.894182
DS2.d186.s0.i1 1.000000 0.892693
DS2.d187.s0.i3 -1.000000 -1.240148
DS2.d187.s0.i2 -1.000000 -1.084664
DS2.d187.s0.i1 -1.000000 -0.922396
DS2.d187.s0.i0 -1.000000 -0.916814
DS2.d184.s0.i0 1.000000 0.781042
DS2.d185.s0.i1 -1.000000 -0.640995
DS2.d185.s0.i0 -1.000000 -0.640995
DS2.d182.s0.i0 -1.000000 0.532802
DS2.d183.s1.i0 1.000000 0.930051
DS2.d183.s1.i1 1.000000 0.830247
DS2.d183.s1.i2 1.000000 0.930051
DS2.d183.s0.i1 -1.000000 -0.497345
DS2.d183.s0.i0 1.000000 0.626915
DS2.d180.s0.i0 1.000000 0.922914
DS2.d180.s0.i1 1.000000 1.019524
DS2.d180.s0.i2 1.000000 0.921440
DS2.d180.s0.i3 1.000000 1.041411
DS2.d181.s0.i1 -1.000000 -0.685747
DS2.d181.s0.i0 -1.000000 -0.603468
DS2.d181.s0.i3 -1.000000 -0.661805
DS2.d181.s0.i2 1.000000 -0.236753
DS2.d181.s0.i4 -1.000000 -0.523027
DS2.d188.s0.i0 1.000000 0.831083
DS2.d188.s0.i1 1.000000 1.000021
DS2.d188.s0.i2 1.000000 0.961232
DS2.d188.s0.i3 1.000000 0.927009
DS2.d188.s1.i0 -1.000000 -0.432487
DS2.d189.s1.i0 -1.000000 -0.635752
DS2.d189.s0.i1 -1.000000 -0.877434
DS2.d189.s0.i0 -1.000000 -0.737184
DS2.d793.s0.i0 1.000000 0.754902
DS2.d791.s0.i0 1.000000 1.028915
DS2.d791.s1.i0 1.000000 0.837467
DS2.d790.s1.i0 -1.000000 -0.459243
DS2.d790.s0.i0 1.000000 0.893733
DS2.d99.s0.i6 -1.000000 0.263188
DS2.d99.s0.i4 1.000000 0.275177
DS2.d99.s0.i5 -1.000000 0.269915
DS2.d99.s0.i2 1.000000 0.458082
DS2.d99.s0.i3 1.000000 0.433983
DS2.d99.s0.i0 1.000000 0.287471
DS2.d99.s0.i1 1.000000 0.259979
DS2.d796.s0.i0 1.000000 0.655245
DS2.d795.s0.i0 1.000000 0.607143
DS2.d794.s0.i1 -1.000000 -1.029635
DS2.d794.s0.i0 -1.000000 -0.935822
DS2.d794.s0.i3 -1.000000 -0.984858
DS2.d794.s0.i2 -1.000000 -1.073805
DS2.d652.s0.i2 -1.000000 -0.944415
DS2.d652.s0.i0 -1.000000 -0.944415
DS2.d652.s0.i1 -1.000000 -1.029532
DS2.d653.s0.i0 1.000000 0.772854
DS2.d650.s0.i0 1.000000 0.936638
DS2.d650.s0.i1 1.000000 0.891932
DS2.d650.s0.i2 1.000000 0.868675
DS2.d650.s0.i3 1.000000 0.735675
DS2.d798.s0.i0 1.000000 1.014241
DS2.d656.s0.i0 1.000000 0.533184
DS2.d657.s3.i0 1.000000 0.957908
DS2.d657.s2.i0 1.000000 0.676850
DS2.d657.s1.i0 1.000000 0.975036
DS2.d657.s1.i1 1.000000 0.739139
DS2.d657.s0.i1 1.000000 0.784830
DS2.d657.s0.i0 1.000000 1.273194
DS2.d654.s0.i0 -1.000000 -0.085246
DS2.d654.s1.i0 1.000000 0.639954
DS2.d655.s0.i0 -1.000000 -0.740201
DS2.d551.s0.i2 1.000000 0.898395
DS2.d551.s0.i3 1.000000 0.897090
DS2.d551.s0.i0 1.000000 0.859488
DS2.d551.s0.i1 1.000000 0.860132
DS2.d499.s0.i3 -1.000000 -0.969818
DS2.d499.s0.i2 -1.000000 -0.936692
DS2.d499.s0.i1 -1.000000 -1.038168
DS2.d499.s0.i0 -1.000000 -0.982703
DS2.d553.s0.i0 1.000000 0.868033
DS2.d555.s0.i0 1.000000 0.825766
DS2.d555.s1.i1 1.000000 0.934961
DS2.d555.s1.i0 1.000000 0.867903
DS2.d949.s1.i2 1.000000 0.497350
DS2.d949.s1.i0 -1.000000 0.060554
DS2.d949.s1.i1 1.000000 0.417549
DS2.d949.s0.i1 1.000000 0.427334
DS2.d949.s0.i0 -1.000000 0.124085
DS2.d949.s0.i2 1.000000 0.463721
DS2.d949.s3.i0 -1.000000 -0.313099
DS2.d949.s2.i0 1.000000 0.818243
DS2.d557.s0.i0 1.000000 0.575482
DS2.d556.s1.i2 1.000000 0.347883
DS2.d556.s1.i0 -1.000000 -0.268912
DS2.d556.s1.i1 -1.000000 -0.495257
DS2.d556.s0.i1 1.000000 0.503592
DS2.d556.s0.i0 1.000000 0.675346
DS2.d556.s0.i2 1.000000 0.814966
DS2.d559.s0.i0 1.000000 1.095976
DS2.d559.s0.i1 1.000000 1.119079
DS2.d558.s0.i0 1.000000 0.954314
DS2.d492.s2.i0 1.000000 0.602628
DS2.d492.s0.i0 -1.000000 -0.593362
DS2.d492.s1.i0 1.000000 0.385584
DS2.d493.s0.i0 1.000000 0.961446
DS2.d494.s0.i0 -1.000000 -0.509523
DS2.d494.s1.i1 1.000000 0.637531
DS2.d494.s1.i0 1.000000 0.633038
DS2.d494.s2.i0 -1.000000 -0.788445
DS2.d495.s0.i1 1.000000 0.599079
DS2.d495.s0.i0 1.000000 0.897729
DS2.d496.s0.i0 -1.000000 -0.853876
DS2.d496.s0.i1 -1.000000 -0.879426
DS2.d496.s0.i2 -1.000000 -0.823360
DS2.d496.s0.i3 -1.000000 -0.736941
DS2.d77.s0.i2 1.000000 0.848143
DS2.d77.s0.i0 1.000000 0.748168
DS2.d77.s0.i1 1.000000 0.854890
DS2.d76.s1.i0 1.000000 1.046791
DS2.d76.s1.i1 1.000000 1.046791
DS2.d76.s1.i2 1.000000 0.718259
DS2.d76.s1.i3 1.000000 0.937220
DS2.d76.s1.i4 1.000000 0.937220
DS2.d76.s1.i5 1.000000 0.846951
DS2.d76.s0.i1 1.000000 0.963587
DS2.d76.s0.i0 1.000000 0.963587
DS2.d75.s0.i0 1.000000 0.399588
DS2.d75.s0.i1 -1.000000 0.283849
DS2.d74.s0.i1 1.000000 0.558359
DS2.d74.s0.i0 1.000000 0.557135
DS2.d74.s0.i2 -1.000000 0.013362
DS2.d73.s0.i0 1.000000 0.931754
DS2.d73.s0.i1 1.000000 0.935571
DS2.d72.s0.i2 -1.000000 -0.876439
DS2.d72.s0.i1 -1.000000 -0.938944
DS2.d72.s0.i0 -1.000000 -0.846496
DS2.d71.s2.i0 1.000000 0.458044
DS2.d71.s0.i0 1.000000 0.901958
DS2.d71.s1.i0 1.000000 0.933670
DS2.d70.s0.i1 1.000000 0.757681
DS2.d70.s0.i0 1.000000 0.745881
DS2.d79.s0.i0 -1.000000 -1.034225
DS2.d79.s0.i1 -1.000000 -1.058255
DS2.d79.s0.i2 -1.000000 -1.081656
DS2.d79.s0.i3 -1.000000 -0.963930
DS2.d79.s0.i4 -1.000000 -1.078633
DS2.d79.s0.i5 -1.000000 -0.757243
DS2.d79.s0.i6 -1.000000 -1.044785
DS2.d79.s0.i7 -1.000000 -0.798399
DS2.d78.s1.i2 1.000000 0.790322
DS2.d78.s1.i0 1.000000 0.687547
DS2.d78.s1.i1 1.000000 0.779004
DS2.d78.s0.i0 1.000000 0.790095
DS2.d84.s0.i0 -1.000000 -0.527363
DS2.d942.s0.i0 1.000000 0.476138
DS2.d111.s0.i2 -1.000000 -0.584401
DS2.d111.s0.i0 -1.000000 0.335460
DS2.d111.s0.i1 -1.000000 0.226151
DS2.d110.s0.i1 1.000000 0.905916
DS2.d110.s0.i0 1.000000 0.905916
DS2.d113.s0.i0 1.000000 1.062323
DS2.d113.s0.i1 1.000000 1.067777
DS2.d113.s1.i0 1.000000 0.600626
DS2.d115.s0.i0 1.000000 0.703747
DS2.d115.s0.i1 1.000000 0.780357
DS2.d115.s1.i0 1.000000 0.673796
DS2.d114.s0.i7 1.000000 0.928988
DS2.d114.s0.i6 1.000000 0.931240
DS2.d114.s0.i5 1.000000 0.700120
DS2.d114.s0.i4 1.000000 0.869934
DS2.d114.s0.i3 1.000000 0.832592
DS2.d114.s0.i2 1.000000 0.993731
DS2.d114.s0.i1 1.000000 1.068955
DS2.d114.s0.i0 1.000000 1.188899
DS2.d117.s0.i0 1.000000 0.824643
DS2.d117.s0.i1 1.000000 0.871573
DS2.d116.s1.i2 -1.000000 -0.127375
DS2.d116.s1.i0 -1.000000 -0.541631
DS2.d116.s1.i1 1.000000 -0.039496
DS2.d116.s0.i1 1.000000 0.793320
DS2.d116.s0.i0 1.000000 0.837835
DS2.d119.s0.i0 1.000000 0.366337
DS2.d118.s0.i3 1.000000 0.805475
DS2.d118.s0.i2 1.000000 0.905215
DS2.d118.s0.i1 1.000000 0.840635
DS2.d118.s0.i0 1.000000 0.865831
DS2.d118.s0.i5 1.000000 0.805475
DS2.d118.s0.i4 1.000000 0.865831
DS2.d96.s1.i0 -1.000000 0.382622
DS2.d96.s1.i1 -1.000000 0.423003
DS2.d96.s0.i0 -1.000000 -0.496212
DS2.d729.s1.i0 -1.000000 -0.680737
DS2.d729.s0.i0 -1.000000 -0.755249
DS2.d726.s0.i2 1.000000 0.925964
DS2.d726.s0.i0 1.000000 0.925964
DS2.d726.s0.i1 1.000000 0.993108
DS2.d727.s0.i1 -1.000000 -0.617095
DS2.d727.s0.i0 -1.000000 -0.798890
DS2.d724.s0.i10 -1.000000 -0.925060
DS2.d724.s0.i11 -1.000000 -0.932534
DS2.d724.s0.i4 -1.000000 -0.960596
DS2.d724.s0.i5 -1.000000 -1.000492
DS2.d724.s0.i6 -1.000000 -0.921323
DS2.d724.s0.i7 -1.000000 -1.047171
DS2.d724.s0.i0 -1.000000 -1.022512
DS2.d724.s0.i1 -1.000000 -0.963257
DS2.d724.s0.i2 -1.000000 -1.015838
DS2.d724.s0.i3 -1.000000 -1.004609
DS2.d724.s0.i8 -1.000000 -0.993966
DS2.d724.s0.i9 -1.000000 -0.940304
DS2.d725.s0.i1 -1.000000 -0.954578
DS2.d725.s0.i0 -1.000000 -0.880798
DS2.d722.s0.i0 1.000000 0.757445
DS2.d723.s0.i0 -1.000000 0.760276
DS2.d720.s0.i0 1.000000 0.604640
DS2.d720.s0.i1 1.000000 1.020928
DS2.d720.s0.i2 1.000000 0.561931
DS2.d720.s0.i3 1.000000 0.641150
DS2.d720.s0.i4 1.000000 0.912818
DS2.d720.s1.i1 -1.000000 -0.381991
DS2.d720.s1.i0 1.000000 0.199553
DS2.d721.s0.i0 -1.000000 0.111768
DS2.d876.s0.i0 -1.000000 0.369008
DS2.d876.s0.i1 1.000000 0.063945
DS2.d877.s0.i0 -1.000000 -0.333548
DS2.d874.s0.i0 1.000000 0.846739
DS2.d874.s0.i1 1.000000 0.763043
DS2.d875.s0.i1 -1.000000 -0.633153
DS2.d875.s0.i0 -1.000000 -0.630023
DS2.d872.s0.i0 1.000000 0.656976
DS2.d873.s0.i0 1.000000 1.129049
DS2.d870.s0.i0 1.000000 0.781765
DS2.d870.s1.i0 1.000000 0.274055
DS2.d871.s1.i0 1.000000 0.877647
DS2.d871.s1.i1 1.000000 0.877647
DS2.d871.s0.i1 1.000000 0.173982
DS2.d871.s0.i0 -1.000000 0.207245
DS2.d878.s0.i0 -1.000000 -0.426834
DS2.d879.s0.i0 1.000000 0.713840
DS2.d1036.s0.i2 1.000000 0.746946
DS2.d1036.s0.i3 1.000000 0.818578
DS2.d1036.s0.i0 1.000000 0.914574
DS2.d1036.s0.i1 1.000000 0.812504
DS2.d1036.s1.i1 1.000000 0.800356
DS2.d1036.s1.i0 1.000000 0.711519
DS2.d1036.s1.i3 1.000000 0.847813
DS2.d1036.s1.i2 1.000000 0.784768
DS2.d1036.s2.i0 1.000000 0.825374
DS2.d1036.s2.i1 1.000000 0.825374
DS2.d1037.s0.i3 1.000000 0.773444
DS2.d1037.s0.i2 1.000000 0.901335
DS2.d1037.s0.i1 1.000000 0.927248
DS2.d1037.s0.i0 1.000000 0.738037
DS2.d1034.s0.i0 1.000000 0.815753
DS2.d1034.s0.i1 1.000000 0.877646
DS2.d1034.s1.i0 -1.000000 -0.564832
DS2.d1035.s0.i0 1.000000 0.476647
DS2.d1032.s0.i0 1.000000 -0.281504
DS2.d1033.s0.i0 1.000000 0.643337
DS2.d1030.s0.i0 -1.000000 -0.768273
DS2.d1031.s0.i1 1.000000 1.021293
DS2.d1031.s0.i0 1.000000 1.021293
DS2.d234.s0.i0 1.000000 0.350095
DS2.d234.s0.i1 -1.000000 -0.053923
DS2.d235.s2.i0 -1.000000 -0.370521
DS2.d235.s1.i0 -1.000000 -0.517362
DS2.d235.s0.i1 1.000000 0.345441
DS2.d235.s0.i0 -1.000000 -0.040012
DS2.d236.s0.i0 1.000000 0.992028
DS2.d236.s0.i1 1.000000 0.992028
DS2.d326.s0.i0 1.000000 0.551792
DS2.d326.s1.i1 1.000000 0.915708
DS2.d326.s1.i0 1.000000 0.811915
DS2.d339.s0.i0 -1.000000 -0.506857
DS2.d339.s1.i0 -1.000000 -0.499291
DS2.d338.s0.i0 1.000000 0.504106
DS2.d1038.s0.i0 1.000000 0.701693
DS2.d1039.s0.i1 -1.000000 -0.873171
DS2.d1039.s0.i0 -1.000000 -1.055202
DS2.d1039.s0.i3 -1.000000 -0.816153
DS2.d1039.s0.i2 -1.000000 -1.078142
DS2.d422.s1.i0 1.000000 0.295012
DS2.d422.s1.i1 1.000000 0.535580
DS2.d422.s0.i0 1.000000 1.053545
DS2.d1065.s0.i4 1.000000 0.861970
DS2.d1065.s0.i2 1.000000 0.793933
DS2.d1065.s0.i3 1.000000 0.851273
DS2.d1065.s0.i0 1.000000 0.789993
DS2.d1065.s0.i1 1.000000 0.800151
DS2.d468.s2.i0 -1.000000 -0.250932
DS2.d468.s1.i0 1.000000 0.596044
DS2.d468.s1.i1 1.000000 0.796682
DS2.d468.s0.i1 -1.000000 -0.120607
DS2.d468.s0.i0 1.000000 0.515698
DS2.d719.s0.i0 1.000000 0.938012
DS2.d719.s1.i0 -1.000000 -0.081600
DS2.d718.s0.i1 -1.000000 -0.861565
DS2.d718.s0.i0 -1.000000 -0.874457
DS2.d1064.s0.i1 -1.000000 -0.791171
DS2.d1064.s0.i0 -1.000000 -0.822790
DS2.d938.s1.i0 1.000000 0.129968
DS2.d938.s0.i0 1.000000 1.094730
DS2.d938.s2.i0 -1.000000 -0.515089
DS2.d582.s0.i0 1.000000 0.778852
DS2.d582.s1.i0 1.000000 1.114078
DS2.d583.s0.i3 1.000000 0.975580
DS2.d583.s0.i2 1.000000 0.975580
DS2.d583.s0.i1 1.000000 0.924756
DS2.d583.s0.i0 1.000000 0.924756
DS2.d580.s0.i16 -1.000000 -1.001465
DS2.d580.s0.i17 -1.000000 -0.923299
DS2.d580.s0.i14 -1.000000 -1.000828
DS2.d580.s0.i15 -1.000000 -1.130138
DS2.d580.s0.i12 -1.000000 -0.918938
DS2.d580.s0.i13 -1.000000 -0.922839
DS2.d580.s0.i10 -1.000000 -0.782947
DS2.d580.s0.i11 -1.000000 -1.032823
DS2.d580.s0.i18 -1.000000 -0.918938
DS2.d580.s0.i19 -1.000000 -0.967134
DS2.d580.s0.i8 -1.000000 -1.030273
DS2.d580.s0.i9 -1.000000 -0.945391
DS2.d580.s0.i4 -1.000000 -1.117485
DS2.d580.s0.i5 -1.000000 -1.032823
DS2.d580.s0.i6 -1.000000 -1.117485
DS2.d580.s0.i7 -1.000000 -0.938999
DS2.d580.s0.i0 -1.000000 -1.010817
DS2.d580.s0.i1 -1.000000 -1.126444
DS2.d580.s0.i2 -1.000000 -1.009965
DS2.d580.s0.i3 -1.000000 -0.923299
DS2.d581.s0.i0 -1.000000 -0.436825
DS2.d587.s0.i0 1.000000 0.880999
DS2.d584.s0.i0 -1.000000 -1.031135
DS2.d584.s0.i1 -1.000000 -0.486208
DS2.d585.s0.i1 1.000000 0.950560
DS2.d585.s0.i0 1.000000 0.944224
DS2.d429.s0.i0 1.000000 0.744235
DS2.d429.s1.i0 1.000000 0.735686
DS2.d420.s0.i3 -1.000000 -0.851093
DS2.d420.s0.i2 -1.000000 -0.887762
DS2.d420.s0.i1 -1.000000 -0.835248
DS2.d420.s0.i0 -1.000000 -0.608190
DS2.d423.s0.i0 1.000000 1.003353
DS2.d423.s0.i1 1.000000 1.057193
DS2.d589.s0.i1 1.000000 0.927617
DS2.d589.s0.i0 1.000000 0.714736
DS2.d425.s0.i0 1.000000 0.635857
DS2.d425.s1.i1 1.000000 0.827728
DS2.d425.s1.i0 1.000000 0.809289
DS2.d425.s2.i0 -1.000000 -0.774845
DS2.d425.s3.i0 1.000000 0.761659
DS2.d424.s1.i0 1.000000 0.793523
DS2.d424.s1.i1 1.000000 0.877773
DS2.d424.s0.i0 1.000000 1.011417
DS2.d427.s0.i0 1.000000 0.844455
DS2.d426.s0.i1 1.000000 0.784354
DS2.d426.s0.i0 1.000000 0.939614
DS2.d341.s0.i1 1.000000 0.871810
DS2.d341.s0.i0 1.000000 0.700391
DS2.d342.s0.i0 -1.000000 -0.952294
DS2.d342.s0.i1 -1.000000 -0.621428
DS2.d343.s0.i0 -1.000000 -0.491466
DS2.d344.s0.i0 -1.000000 -0.268602
DS2.d346.s0.i0 1.000000 0.290541
DS2.d346.s1.i1 -1.000000 -0.811648
DS2.d346.s1.i0 -1.000000 -0.759133
DS2.d347.s0.i1 1.000000 0.797048
DS2.d347.s0.i0 1.000000 0.319910
DS2.d347.s0.i3 1.000000 0.593323
DS2.d347.s0.i2 1.000000 0.782138
DS2.d348.s0.i0 1.000000 0.660352
DS2.d348.s1.i0 -1.000000 -0.529272
DS2.d19.s0.i0 -1.000000 -0.404349
DS2.d19.s1.i0 1.000000 0.483346
DS2.d330.s0.i0 1.000000 0.663204
DS2.d716.s1.i0 -1.000000 -0.499076
DS2.d716.s1.i1 1.000000 -0.120963
DS2.d716.s1.i2 -1.000000 -0.541461
DS2.d716.s0.i0 -1.000000 -0.785183
DS2.d337.s0.i0 1.000000 0.927498
DS2.d337.s1.i1 1.000000 0.580964
DS2.d337.s1.i0 1.000000 0.789139
DS2.d82.s0.i0 -1.000000 -0.112520
DS2.d82.s1.i0 1.000000 0.791117
DS2.d428.s0.i0 1.000000 0.486560
DS2.d349.s0.i2 1.000000 0.815088
DS2.d349.s0.i1 1.000000 0.879213
DS2.d349.s0.i0 1.000000 0.904611
DS2.d977.s0.i0 -1.000000 -0.823868
DS2.d977.s0.i1 -1.000000 -0.851986
DS2.d976.s1.i0 1.000000 0.928962
DS2.d976.s0.i0 1.000000 0.572622
DS2.d975.s0.i0 1.000000 1.105905
DS2.d975.s0.i1 1.000000 0.677047
DS2.d975.s0.i2 1.000000 0.821440
DS2.d975.s0.i3 1.000000 0.693178
DS2.d974.s1.i0 1.000000 0.617594
DS2.d974.s0.i0 1.000000 0.687017
DS2.d974.s2.i1 1.000000 0.744978
DS2.d974.s2.i0 1.000000 0.701459
DS2.d973.s0.i0 1.000000 0.928792
DS2.d973.s1.i1 1.000000 0.175595
DS2.d973.s1.i0 -1.000000 0.207449
DS2.d973.s1.i3 1.000000 0.323108
DS2.d973.s1.i2 -1.000000 0.406462
DS2.d973.s1.i5 1.000000 0.589520
DS2.d973.s1.i4 1.000000 0.435803
DS2.d973.s2.i0 1.000000 0.147761
DS2.d973.s3.i1 -1.000000 0.162024
DS2.d973.s3.i0 1.000000 0.638716
DS2.d972.s0.i0 -1.000000 -0.780727
DS2.d971.s0.i0 1.000000 0.475142
DS2.d970.s0.i1 1.000000 0.424332
DS2.d970.s0.i0 -1.000000 -0.002699
DS2.d970.s0.i2 1.000000 0.227221
DS2.d1059.s0.i0 1.000000 0.926161
DS2.d300.s0.i0 -1.000000 -0.573736
DS2.d300.s0.i1 -1.000000 -0.451524
DS2.d83.s0.i0 -1.000000 -0.216171
DS2.d478.s0.i0 1.000000 0.720223
DS2.d696.s0.i0 1.000000 0.781834
DS2.d696.s0.i1 1.000000 0.781834
DS2.d697.s0.i0 1.000000 0.297484
DS2.d694.s0.i4 -1.000000 -0.386853
DS2.d694.s0.i5 1.000000 0.093603
DS2.d694.s0.i0 -1.000000 -0.481147
DS2.d694.s0.i1 -1.000000 -0.513652
DS2.d694.s0.i2 1.000000 0.167499
DS2.d694.s0.i3 -1.000000 -0.421555
DS2.d479.s0.i0 1.000000 0.754823
DS2.d519.s0.i0 -1.000000 -0.739198
DS2.d350.s0.i0 1.000000 0.688667
DS2.d690.s0.i0 1.000000 0.708478
DS2.d691.s0.i1 1.000000 0.964048
DS2.d691.s0.i0 1.000000 0.709396
DS2.d332.s0.i0 1.000000 1.077008
DS2.d514.s0.i3 -1.000000 -1.107798
DS2.d514.s0.i2 -1.000000 -0.944380
DS2.d514.s0.i1 -1.000000 -0.994643
DS2.d514.s0.i0 -1.000000 -0.983810
DS2.d514.s0.i7 -1.000000 -0.923768
DS2.d514.s0.i6 -1.000000 -1.175730
DS2.d514.s0.i5 -1.000000 -0.942542
DS2.d514.s0.i4 -1.000000 -0.695668
DS2.d517.s0.i0 1.000000 1.050757
DS2.d516.s1.i0 1.000000 0.692390
DS2.d516.s0.i1 -1.000000 0.369384
DS2.d516.s0.i0 1.000000 0.864969
DS2.d511.s0.i2 1.000000 0.444093
DS2.d511.s0.i0 -1.000000 0.160871
DS2.d511.s0.i1 1.000000 0.429121
DS2.d510.s0.i0 1.000000 1.058108
DS2.d698.s0.i0 1.000000 0.802076
DS2.d699.s0.i0 1.000000 0.978777
DS2.d747.s0.i1 1.000000 0.782881
DS2.d747.s0.i0 1.000000 0.548602
DS2.d39.s2.i0 1.000000 0.569072
DS2.d39.s0.i0 1.000000 0.763123
DS2.d39.s1.i0 1.000000 0.595066
DS2.d38.s0.i1 -1.000000 -0.816974
DS2.d38.s0.i0 -1.000000 -0.739367
DS2.d979.s0.i0 1.000000 0.607494
DS2.d979.s0.i1 1.000000 0.901111
DS2.d33.s0.i0 -1.000000 -0.743076
DS2.d33.s1.i1 -1.000000 -0.722699
DS2.d33.s1.i0 -1.000000 -0.810707
DS2.d33.s2.i0 1.000000 0.579701
DS2.d32.s0.i0 1.000000 0.935669
DS2.d31.s0.i0 1.000000 0.657561
DS2.d978.s1.i4 1.000000 1.002279
DS2.d978.s1.i5 1.000000 1.002279
DS2.d978.s1.i2 1.000000 0.959690
DS2.d978.s1.i3 1.000000 0.959690
DS2.d978.s1.i0 1.000000 0.750104
DS2.d978.s1.i1 1.000000 0.842239
DS2.d978.s0.i1 1.000000 0.872876
DS2.d978.s0.i0 1.000000 0.872876
DS2.d37.s0.i0 1.000000 0.715555
DS2.d36.s1.i0 -1.000000 -0.641384
DS2.d36.s0.i0 -1.000000 -0.552117
DS2.d238.s0.i12 -1.000000 -1.003693
DS2.d238.s0.i13 -1.000000 -0.907376
DS2.d238.s0.i11 -1.000000 -0.912040
DS2.d238.s0.i6 -1.000000 -1.006385
DS2.d238.s0.i7 -1.000000 -0.967393
DS2.d238.s0.i4 -1.000000 -0.992350
DS2.d238.s0.i5 -1.000000 -0.906478
DS2.d238.s0.i2 -1.000000 -0.883256
DS2.d238.s0.i3 -1.000000 -0.940511
DS2.d238.s0.i0 -1.000000 -0.944775
DS2.d238.s0.i1 -1.000000 -0.921484
DS2.d238.s0.i10 -1.000000 -0.982876
DS2.d238.s0.i8 -1.000000 -0.978854
DS2.d238.s0.i9 -1.000000 -0.968331
DS2.d238.s1.i1 1.000000 0.647824
DS2.d238.s1.i0 1.000000 0.688502
DS2.d159.s0.i2 -1.000000 -0.970105
DS2.d159.s0.i3 -1.000000 -1.066812
DS2.d159.s0.i0 -1.000000 -0.933189
DS2.d159.s0.i1 -1.000000 -0.852484
DS2.d158.s0.i0 -1.000000 -0.671550
DS2.d155.s0.i0 1.000000 0.799570
DS2.d154.s0.i1 1.000000 0.874379
DS2.d154.s0.i0 1.000000 1.042405
DS2.d157.s0.i4 -1.000000 -0.797253
DS2.d157.s0.i5 -1.000000 -0.861521
DS2.d157.s0.i6 -1.000000 -0.870794
DS2.d157.s0.i7 -1.000000 -0.891960
DS2.d157.s0.i0 -1.000000 -0.946114
DS2.d157.s0.i1 -1.000000 -0.924371
DS2.d157.s0.i2 -1.000000 -0.973067
DS2.d157.s0.i3 -1.000000 -1.029305
DS2.d157.s0.i8 -1.000000 -0.984509
DS2.d157.s0.i9 -1.000000 -0.904977
DS2.d156.s0.i0 1.000000 0.702403
DS2.d151.s0.i0 1.000000 0.764913
DS2.d150.s0.i0 1.000000 0.722413
DS2.d153.s0.i0 -1.000000 0.193448
DS2.d153.s1.i1 -1.000000 -0.913356
DS2.d153.s1.i0 -1.000000 -0.471617
DS2.d152.s1.i0 -1.000000 -0.573218
DS2.d152.s0.i0 -1.000000 -0.656832
DS2.d1025.s0.i0 1.000000 0.543274
DS2.d1025.s0.i1 1.000000 0.545942
DS2.d1025.s1.i1 1.000000 0.837622
DS2.d1025.s1.i0 1.000000 0.797300
DS2.d768.s0.i0 1.000000 0.819996
DS2.d768.s1.i0 1.000000 0.413878
DS2.d769.s1.i0 1.000000 0.801403
DS2.d769.s0.i0 1.000000 0.776757
DS2.d248.s0.i0 1.000000 0.730232
DS2.d763.s0.i0 1.000000 0.918429
DS2.d760.s0.i4 -1.000000 -0.947119
DS2.d760.s0.i0 -1.000000 -0.956200
DS2.d760.s0.i1 -1.000000 -0.888356
DS2.d760.s0.i2 -1.000000 -0.946940
DS2.d760.s0.i3 -1.000000 -0.804404
DS2.d1027.s0.i0 1.000000 -0.225427
DS2.d1027.s1.i1 1.000000 0.636920
DS2.d1027.s1.i0 1.000000 0.709675
DS2.d764.s0.i0 1.000000 0.379274
DS2.d765.s0.i0 -1.000000 -0.216507
DS2.d601.s0.i2 1.000000 0.874924
DS2.d601.s0.i0 1.000000 0.937205
DS2.d601.s0.i1 1.000000 1.018954
DS2.d600.s2.i0 1.000000 0.839654
DS2.d600.s1.i0 1.000000 0.919591
DS2.d600.s1.i1 1.000000 0.921598
DS2.d600.s1.i2 1.000000 0.669775
DS2.d600.s1.i3 1.000000 0.722028
DS2.d600.s0.i0 1.000000 0.847253
DS2.d603.s0.i0 1.000000 0.598711
DS2.d603.s0.i1 1.000000 0.692399
DS2.d603.s0.i2 1.000000 0.972329
DS2.d602.s0.i1 1.000000 0.900293
DS2.d602.s0.i0 1.000000 0.730109
DS2.d605.s0.i0 1.000000 0.840984
DS2.d605.s1.i0 1.000000 0.817372
DS2.d604.s1.i0 1.000000 0.723165
DS2.d604.s0.i0 1.000000 1.015096
DS2.d607.s0.i0 1.000000 -0.563185
DS2.d606.s0.i1 1.000000 0.925251
DS2.d606.s0.i0 1.000000 0.923599
DS2.d609.s0.i2 -1.000000 -1.090011
DS2.d609.s0.i3 -1.000000 -0.834457
DS2.d609.s0.i0 -1.000000 -0.857125
DS2.d609.s0.i1 -1.000000 -0.824905
DS2.d609.s0.i6 -1.000000 -1.086378
DS2.d609.s0.i7 -1.000000 -0.863665
DS2.d609.s0.i4 -1.000000 -1.004705
DS2.d609.s0.i5 -1.000000 -0.984975
DS2.d608.s0.i0 -1.000000 -0.277593
DS2.d562.s0.i0 -1.000000 -0.507617
DS2.d564.s0.i0 -1.000000 -0.495964
DS2.d565.s0.i0 1.000000 0.991153
DS2.d566.s0.i0 -1.000000 -0.724784
DS2.d566.s0.i1 -1.000000 -0.811384
DS2.d566.s0.i2 -1.000000 -0.927592
DS2.d566.s0.i3 -1.000000 -0.939590
DS2.d327.s0.i2 -1.000000 -0.818984
DS2.d327.s0.i1 -1.000000 -0.833548
DS2.d327.s0.i0 -1.000000 -0.876052
DS2.d588.s0.i0 -1.000000 -0.604412
DS2.d1023.s0.i0 1.000000 0.291578
DS2.d1022.s0.i1 1.000000 0.826887
DS2.d1022.s0.i0 1.000000 0.841879
DS2.d1022.s0.i2 1.000000 1.075388
DS2.d472.s0.i0 -1.000000 -0.597210
DS2.d472.s0.i1 -1.000000 -0.699719
DS2.d472.s1.i0 -1.000000 -0.508162
DS2.d243.s0.i0 1.000000 0.558783
DS2.d128.s0.i2 1.000000 -0.117549
DS2.d128.s0.i3 -1.000000 -0.859025
DS2.d128.s0.i0 -1.000000 -0.652406
DS2.d128.s0.i1 -1.000000 -0.581319
DS2.d128.s0.i4 -1.000000 -0.505579
DS2.d129.s1.i0 -1.000000 -0.516083
DS2.d129.s0.i1 -1.000000 -0.748863
DS2.d129.s0.i0 -1.000000 -0.524074
DS2.d120.s0.i0 1.000000 0.359121
DS2.d1029.s0.i4 -1.000000 -0.918238
DS2.d1029.s0.i5 -1.000000 -0.882486
DS2.d1029.s0.i2 -1.000000 -0.920598
DS2.d1029.s0.i3 -1.000000 -0.926730
DS2.d1029.s0.i0 -1.000000 -0.924173
DS2.d1029.s0.i1 -1.000000 -0.886197
DS2.d122.s2.i0 -1.000000 -0.776582
DS2.d122.s3.i1 -1.000000 -0.767104
DS2.d122.s3.i0 -1.000000 -0.736658
DS2.d122.s3.i2 -1.000000 -0.843799
DS2.d122.s0.i0 -1.000000 -0.911415
DS2.d122.s0.i1 -1.000000 -0.832210
DS2.d122.s1.i3 -1.000000 -0.991689
DS2.d122.s1.i2 -1.000000 -0.634728
DS2.d122.s1.i1 -1.000000 -0.863247
DS2.d122.s1.i0 -1.000000 -1.015499
DS2.d123.s0.i0 1.000000 0.749591
DS2.d473.s3.i2 1.000000 1.149901
DS2.d473.s3.i0 1.000000 0.704779
DS2.d473.s3.i1 1.000000 0.535290
DS2.d473.s2.i0 1.000000 0.768193
DS2.d473.s1.i0 1.000000 1.111556
DS2.d473.s0.i3 1.000000 0.881944
DS2.d473.s0.i2 1.000000 0.954530
DS2.d473.s0.i1 1.000000 0.971382
DS2.d473.s0.i0 1.000000 1.126668
DS2.d579.s0.i0 -1.000000 -0.729733
DS2.d579.s0.i1 -1.000000 -0.728613
DS2.d579.s0.i2 -1.000000 -0.711307
DS2.d579.s0.i3 -1.000000 -0.684238
DS2.d126.s0.i0 1.000000 0.828912
DS2.d126.s1.i0 1.000000 0.501334
DS2.d1028.s0.i0 1.000000 0.655175
DS2.d677.s0.i5 -1.000000 -0.696992
DS2.d677.s0.i4 -1.000000 -1.114022
DS2.d677.s0.i7 -1.000000 -0.851023
DS2.d677.s0.i6 -1.000000 -0.871377
DS2.d677.s0.i1 -1.000000 -0.854045
DS2.d677.s0.i0 -1.000000 -1.149067
DS2.d677.s0.i3 -1.000000 -0.757066
DS2.d677.s0.i2 -1.000000 -0.762892
DS2.d677.s0.i19 -1.000000 -1.141029
DS2.d677.s0.i18 -1.000000 -1.027237
DS2.d677.s0.i16 -1.000000 -1.059939
DS2.d677.s0.i9 -1.000000 -0.924515
DS2.d677.s0.i8 -1.000000 -1.253295
DS2.d677.s0.i17 -1.000000 -0.912581
DS2.d677.s0.i12 -1.000000 -0.933493
DS2.d677.s0.i15 -1.000000 -1.120378
DS2.d677.s0.i13 -1.000000 -0.762874
DS2.d677.s0.i10 -1.000000 -1.110292
DS2.d677.s0.i11 -1.000000 -1.185623
DS2.d677.s0.i14 -1.000000 -0.979197
DS2.d906.s0.i0 1.000000 0.769201
DS2.d906.s0.i1 1.000000 0.667115
DS2.d906.s1.i0 1.000000 0.468477
DS2.d907.s0.i0 1.000000 0.405520
DS2.d905.s1.i0 1.000000 0.323868
DS2.d905.s0.i1 1.000000 0.875322
DS2.d905.s0.i0 1.000000 0.816717
DS2.d902.s0.i2 -1.000000 -0.916815
DS2.d902.s0.i3 -1.000000 -0.976412
DS2.d902.s0.i0 -1.000000 -0.905359
DS2.d902.s0.i1 -1.000000 -0.857376
DS2.d903.s0.i0 1.000000 0.258919
DS2.d901.s0.i1 -1.000000 -1.086056
DS2.d901.s0.i0 -1.000000 -0.962297
DS2.d901.s0.i3 -1.000000 -1.097777
DS2.d901.s0.i2 -1.000000 -0.938675
DS2.d421.s0.i0 1.000000 0.992924
DS2.d909.s1.i0 -1.000000 -0.780397
DS2.d909.s0.i0 -1.000000 -0.665792
DS2.d465.s0.i0 1.000000 0.718770
DS2.d464.s0.i1 -1.000000 -0.958571
DS2.d464.s0.i0 -1.000000 -0.815563
DS2.d467.s0.i0 1.000000 0.884650
DS2.d466.s0.i0 -1.000000 -0.703352
DS2.d461.s0.i0 1.000000 0.943209
DS2.d460.s0.i9 -1.000000 -0.955026
DS2.d460.s0.i8 -1.000000 -1.026826
DS2.d460.s0.i7 -1.000000 -1.113521
DS2.d460.s0.i6 -1.000000 -1.025831
DS2.d460.s0.i5 -1.000000 -1.022013
DS2.d460.s0.i4 -1.000000 -0.951034
DS2.d460.s0.i3 -1.000000 -0.922792
DS2.d460.s0.i2 -1.000000 -1.054801
DS2.d460.s0.i1 -1.000000 -1.126965
DS2.d460.s0.i0 -1.000000 -0.955026
DS2.d460.s0.i19 -1.000000 -0.897178
DS2.d460.s0.i18 -1.000000 -0.922792
DS2.d460.s0.i17 -1.000000 -1.025831
DS2.d460.s0.i16 -1.000000 -0.897178
DS2.d460.s0.i15 -1.000000 -1.108928
DS2.d460.s0.i14 -1.000000 -1.029868
DS2.d460.s0.i13 -1.000000 -0.893107
DS2.d460.s0.i12 -1.000000 -1.121917
DS2.d460.s0.i11 -1.000000 -1.103843
DS2.d460.s0.i10 -1.000000 -0.918876
DS2.d460.s0.i22 -1.000000 -1.052004
DS2.d460.s0.i23 -1.000000 -1.057111
DS2.d460.s0.i20 -1.000000 -1.031617
DS2.d460.s0.i21 -1.000000 -1.125367
DS2.d463.s0.i0 1.000000 0.572994
DS2.d1048.s1.i0 1.000000 0.957485
DS2.d1048.s0.i1 1.000000 0.920511
DS2.d1048.s0.i0 1.000000 1.261007
DS2.d1048.s2.i1 1.000000 0.939368
DS2.d1048.s2.i0 1.000000 0.739241
DS2.d1047.s0.i0 1.000000 0.816395
DS2.d1047.s1.i1 1.000000 0.941898
DS2.d1047.s1.i0 1.000000 0.941898
DS2.d305.s2.i1 1.000000 0.748184
DS2.d305.s2.i0 1.000000 0.607006
DS2.d305.s1.i0 -1.000000 -0.010514
DS2.d305.s0.i3 1.000000 0.701705
DS2.d305.s0.i2 1.000000 0.714924
DS2.d305.s0.i1 1.000000 0.706157
DS2.d305.s0.i0 1.000000 0.711085
DS2.d1045.s0.i0 1.000000 0.850478
DS2.d1045.s0.i1 1.000000 1.107153
DS2.d1044.s0.i1 1.000000 0.629542
DS2.d1044.s0.i0 1.000000 0.771709
DS2.d1043.s0.i0 -1.000000 -0.647968
DS2.d1042.s2.i0 1.000000 0.538792
DS2.d1042.s1.i0 1.000000 0.929432
DS2.d1042.s0.i0 1.000000 0.835494
DS2.d302.s0.i0 1.000000 0.675615
DS2.d302.s0.i1 1.000000 0.851492
DS2.d1040.s0.i0 1.000000 0.840850
DS2.d263.s0.i0 -1.000000 -1.330983
DS2.d263.s0.i1 -1.000000 -1.042646
DS2.d262.s0.i1 1.000000 0.586882
DS2.d262.s0.i0 1.000000 0.881148
DS2.d261.s0.i0 1.000000 0.720300
DS2.d261.s0.i1 1.000000 0.719491
DS2.d261.s0.i2 1.000000 0.629543
DS2.d260.s0.i1 1.000000 0.765118
DS2.d260.s0.i0 1.000000 0.847407
DS2.d267.s0.i0 -1.000000 -0.411451
DS2.d267.s1.i1 1.000000 0.905288
DS2.d267.s1.i0 1.000000 0.862847
DS2.d267.s1.i3 1.000000 0.966303
DS2.d267.s1.i2 1.000000 0.931076
DS2.d266.s0.i0 1.000000 1.122319
DS2.d265.s0.i0 1.000000 0.856271
DS2.d265.s0.i1 1.000000 0.845413
DS2.d265.s0.i2 1.000000 0.897808
DS2.d264.s0.i0 -1.000000 -0.501566
DS2.d269.s0.i0 1.000000 0.855160
DS2.d918.s1.i0 1.000000 0.645553
DS2.d918.s0.i1 1.000000 0.558966
DS2.d918.s0.i0 1.000000 0.923497
DS2.d679.s1.i0 -1.000000 -0.928397
DS2.d679.s1.i1 -1.000000 -0.868406
DS2.d679.s1.i2 -1.000000 -0.832022
DS2.d679.s1.i3 -1.000000 -0.801146
DS2.d679.s0.i2 -1.000000 -0.149010
DS2.d679.s0.i1 -1.000000 -0.371885
DS2.d679.s0.i0 -1.000000 -0.331650
DS2.d832.s0.i0 1.000000 0.838298
DS2.d832.s0.i1 1.000000 0.849424
DS2.d833.s1.i0 1.000000 0.934327
DS2.d833.s0.i1 1.000000 0.653592
DS2.d833.s0.i0 1.000000 1.082884
DS2.d830.s0.i0 1.000000 0.559143
DS2.d831.s0.i1 1.000000 0.897960
DS2.d831.s0.i0 1.000000 0.897960
DS2.d836.s0.i0 1.000000 0.714586
DS2.d836.s0.i1 1.000000 0.646179
DS2.d837.s0.i0 1.000000 0.940114
DS2.d834.s2.i0 -1.000000 -0.668525
DS2.d834.s3.i0 -1.000000 -0.351663
DS2.d834.s0.i0 -1.000000 -0.917037
DS2.d834.s0.i1 -1.000000 -0.899375
DS2.d834.s1.i0 -1.000000 -0.764628
DS2.d835.s0.i0 1.000000 0.398500
DS2.d838.s0.i0 1.000000 0.937304
DS2.d839.s1.i0 -1.000000 -0.813454
DS2.d839.s1.i1 -1.000000 -0.750304
DS2.d839.s0.i0 -1.000000 -0.843406
DS2.d80.s0.i0 1.000000 0.704528
DS2.d80.s1.i0 -1.000000 -0.207043
DS2.d81.s0.i1 1.000000 0.866819
DS2.d81.s0.i0 1.000000 0.915740
DS2.d991.s0.i0 1.000000 0.745045
DS2.d990.s0.i0 1.000000 0.759649
DS2.d993.s2.i0 1.000000 0.909242
DS2.d993.s2.i1 1.000000 0.582139
DS2.d993.s0.i0 1.000000 0.872810
DS2.d993.s0.i1 1.000000 0.995534
DS2.d993.s1.i0 -1.000000 -0.275013
DS2.d992.s0.i0 1.000000 0.947936
DS2.d995.s0.i0 -1.000000 -0.146206
DS2.d994.s0.i1 1.000000 1.103990
DS2.d994.s0.i0 1.000000 0.846676
DS2.d997.s0.i0 1.000000 0.503916
DS2.d997.s0.i1 -1.000000 -0.319899
DS2.d997.s0.i2 -1.000000 -0.285972
DS2.d997.s0.i3 1.000000 0.506200
DS2.d997.s1.i1 -1.000000 -0.326222
DS2.d997.s1.i0 1.000000 0.168134
DS2.d996.s1.i0 -1.000000 -0.714136
DS2.d996.s0.i0 -1.000000 -0.610240
DS2.d996.s3.i0 -1.000000 -0.840471
DS2.d996.s2.i0 -1.000000 -0.737289
DS2.d999.s0.i0 1.000000 0.702688
DS2.d999.s1.i1 1.000000 0.683040
DS2.d999.s1.i0 1.000000 0.730014
DS2.d999.s2.i0 1.000000 0.728224
DS2.d998.s0.i1 1.000000 0.755538
DS2.d998.s0.i0 1.000000 0.697635
DS2.d85.s1.i4 -1.000000 -0.835765
DS2.d85.s1.i2 -1.000000 -0.905394
DS2.d85.s1.i3 -1.000000 -0.849303
DS2.d85.s1.i0 -1.000000 -0.679071
DS2.d85.s1.i1 -1.000000 -0.837838
DS2.d85.s0.i1 1.000000 0.593557
DS2.d85.s0.i0 1.000000 0.510839
DS2.d85.s0.i2 1.000000 0.326081
DS2.d410.s0.i0 -1.000000 -0.362941
DS2.d411.s0.i0 1.000000 0.773977
DS2.d412.s0.i0 1.000000 0.612465
DS2.d412.s0.i1 1.000000 0.982187
DS2.d413.s0.i0 -1.000000 0.164816
DS2.d414.s0.i0 -1.000000 0.278402
DS2.d415.s0.i1 -1.000000 -0.822709
DS2.d415.s0.i0 -1.000000 -0.678227
DS2.d416.s0.i0 1.000000 0.860695
DS2.d417.s0.i0 -1.000000 -0.332430
DS2.d418.s0.i0 -1.000000 -1.206101
DS2.d418.s0.i1 -1.000000 -0.928012
DS2.d419.s0.i1 -1.000000 -0.687077
DS2.d419.s0.i0 -1.000000 -0.903199
DS2.d397.s0.i8 -1.000000 -0.780250
DS2.d397.s0.i9 -1.000000 -0.925394
DS2.d397.s0.i2 -1.000000 -0.938446
DS2.d397.s0.i3 -1.000000 -0.904567
DS2.d397.s0.i0 -1.000000 -1.001726
DS2.d397.s0.i1 -1.000000 -0.945560
DS2.d397.s0.i6 -1.000000 -0.826083
DS2.d397.s0.i7 -1.000000 -0.895535
DS2.d397.s0.i4 -1.000000 -1.087970
DS2.d397.s0.i5 -1.000000 -0.854418
DS2.d397.s1.i0 1.000000 0.890797
DS2.d396.s0.i3 -1.000000 -0.096650
DS2.d396.s0.i2 1.000000 0.401261
DS2.d396.s0.i1 1.000000 0.201007
DS2.d396.s0.i0 -1.000000 -0.295213
DS2.d395.s0.i0 1.000000 0.868321
DS2.d395.s0.i1 1.000000 0.805309
DS2.d394.s0.i1 1.000000 1.081841
DS2.d394.s0.i0 1.000000 0.998154
DS2.d393.s0.i14 1.000000 0.830889
DS2.d393.s0.i11 1.000000 0.875689
DS2.d393.s0.i12 1.000000 0.915089
DS2.d393.s0.i13 1.000000 1.009413
DS2.d393.s0.i6 1.000000 1.116000
DS2.d393.s0.i7 1.000000 1.000010
DS2.d393.s0.i4 1.000000 0.906336
DS2.d393.s0.i5 1.000000 0.915882
DS2.d393.s0.i2 1.000000 1.105321
DS2.d393.s0.i3 1.000000 0.864851
DS2.d393.s0.i0 1.000000 0.925977
DS2.d393.s0.i1 1.000000 1.020165
DS2.d393.s0.i10 1.000000 0.820389
DS2.d393.s0.i8 1.000000 1.020235
DS2.d393.s0.i9 1.000000 1.031221
DS2.d393.s1.i1 -1.000000 -0.339038
DS2.d393.s1.i0 1.000000 0.519154
DS2.d393.s2.i0 1.000000 0.918580
DS2.d393.s2.i1 1.000000 0.871592
DS2.d393.s3.i0 1.000000 0.594307
DS2.d392.s2.i1 1.000000 0.849339
DS2.d392.s2.i0 1.000000 0.783849
DS2.d392.s1.i0 1.000000 0.953238
DS2.d392.s1.i1 1.000000 1.080797
DS2.d392.s0.i1 1.000000 0.738612
DS2.d392.s0.i0 1.000000 0.681954
DS2.d391.s0.i0 1.000000 0.872118
DS2.d391.s0.i1 1.000000 0.843508
DS2.d390.s1.i0 1.000000 -0.112767
DS2.d390.s0.i1 1.000000 0.819077
DS2.d390.s0.i0 1.000000 0.807766
DS2.d1041.s0.i0 -1.000000 -0.758749
DS2.d1041.s0.i1 -1.000000 -0.743149
DS2.d1041.s0.i2 -1.000000 -0.671520
DS2.d1041.s1.i0 1.000000 0.316220
DS2.d398.s1.i0 -1.000000 -0.230920
DS2.d398.s0.i0 -1.000000 -0.766929
DS2.d199.s0.i2 1.000000 0.874543
DS2.d199.s0.i0 1.000000 0.687135
DS2.d199.s0.i1 1.000000 0.769629
DS2.d198.s0.i1 1.000000 0.590996
DS2.d198.s0.i0 1.000000 1.269813
DS2.d191.s0.i0 -1.000000 -0.898170
DS2.d190.s1.i0 -1.000000 -0.713749
DS2.d190.s0.i0 -1.000000 -0.613282
DS2.d193.s0.i0 1.000000 0.756153
DS2.d193.s0.i1 1.000000 0.663775
DS2.d192.s0.i0 -1.000000 -0.686825
DS2.d195.s0.i0 1.000000 0.100525
DS2.d195.s0.i1 -1.000000 -0.072990
DS2.d194.s2.i1 -1.000000 -0.725065
DS2.d194.s2.i0 -1.000000 -0.867686
DS2.d194.s1.i0 -1.000000 -0.542828
DS2.d194.s1.i1 -1.000000 -0.907303
DS2.d194.s0.i7 -1.000000 -1.023174
DS2.d194.s0.i6 -1.000000 -0.854827
DS2.d194.s0.i5 -1.000000 -0.934225
DS2.d194.s0.i4 -1.000000 -0.900198
DS2.d194.s0.i3 -1.000000 -0.977478
DS2.d194.s0.i2 -1.000000 -1.022465
DS2.d194.s0.i1 -1.000000 -0.930319
DS2.d194.s0.i0 -1.000000 -0.910019
DS2.d194.s0.i9 -1.000000 -0.958770
DS2.d194.s0.i8 -1.000000 -0.982777
DS2.d197.s0.i0 -1.000000 -0.757158
DS2.d197.s0.i1 -1.000000 -0.757158
DS2.d196.s1.i0 1.000000 1.031835
DS2.d196.s0.i0 1.000000 0.685868
DS2.d695.s1.i0 -1.000000 -0.660057
DS2.d695.s0.i0 -1.000000 -0.783935
DS2.d695.s3.i0 -1.000000 0.218178
DS2.d695.s2.i0 -1.000000 0.130977
DS2.d692.s0.i0 1.000000 0.789391
DS2.d692.s0.i1 1.000000 0.820146
DS2.d692.s1.i0 -1.000000 -0.355448
DS2.d692.s2.i0 -1.000000 -0.197002
DS2.d692.s3.i0 1.000000 0.806751
DS2.d518.s1.i0 1.000000 0.727718
DS2.d518.s0.i0 -1.000000 -0.514192
DS2.d88.s0.i0 -1.000000 -1.135583
DS2.d88.s0.i1 -1.000000 -0.864381
DS2.d88.s0.i2 -1.000000 -0.858188
DS2.d88.s0.i3 -1.000000 -1.078151
DS2.d649.s0.i0 1.000000 0.814822
DS2.d648.s1.i4 1.000000 0.822240
DS2.d648.s1.i5 1.000000 0.842470
DS2.d648.s1.i0 1.000000 0.873649
DS2.d648.s1.i1 1.000000 0.938594
DS2.d648.s1.i2 1.000000 0.875560
DS2.d648.s1.i3 1.000000 0.913520
DS2.d648.s0.i2 -1.000000 -0.801968
DS2.d648.s0.i1 -1.000000 -0.740343
DS2.d648.s0.i0 -1.000000 -0.962707
DS2.d645.s0.i0 -1.000000 -0.278460
DS2.d644.s0.i0 -1.000000 -0.616899
DS2.d647.s0.i0 -1.000000 -0.671603
DS2.d647.s0.i1 -1.000000 -0.633122
DS2.d646.s0.i0 -1.000000 -0.663833
DS2.d86.s0.i0 -1.000000 -0.833558
DS2.d86.s0.i1 -1.000000 -0.476474
DS2.d640.s0.i1 1.000000 0.735893
DS2.d640.s0.i0 1.000000 1.020643
DS2.d643.s2.i0 1.000000 0.766575
DS2.d643.s3.i0 1.000000 0.875085
DS2.d643.s0.i0 1.000000 0.666934
DS2.d643.s1.i0 1.000000 0.932078
DS2.d642.s0.i1 1.000000 0.750688
DS2.d642.s0.i0 1.000000 0.764304
DS2.d524.s0.i0 -1.000000 -0.618124
DS2.d524.s0.i1 -1.000000 -0.609732
DS2.d515.s0.i0 -1.000000 -0.663475
DS2.d526.s2.i0 1.000000 0.407937
DS2.d526.s3.i0 1.000000 0.905405
DS2.d526.s0.i0 1.000000 0.848852
DS2.d526.s0.i1 1.000000 0.929431
DS2.d526.s1.i0 1.000000 0.990662
DS2.d526.s4.i0 1.000000 0.915912
DS2.d526.s4.i1 1.000000 0.660140
DS2.d526.s4.i2 1.000000 0.998419
DS2.d527.s0.i1 -1.000000 -0.704654
DS2.d527.s0.i0 -1.000000 -0.465608
DS2.d521.s0.i0 1.000000 1.012097
DS2.d522.s0.i0 1.000000 0.852219
DS2.d523.s0.i0 1.000000 1.061305
DS2.d483.s0.i0 -1.000000 -0.410849
DS2.d482.s0.i1 1.000000 0.782566
DS2.d482.s0.i0 1.000000 0.669855
DS2.d481.s0.i0 -1.000000 -0.511743
DS2.d528.s0.i0 1.000000 0.635788
DS2.d529.s1.i0 -1.000000 -0.614095
DS2.d529.s0.i0 1.000000 0.775885
